<testsuite errors="0" failures="0" tests="2" skipped="1" name="org.elasticsearch.search.basic.SearchWhileRelocatingTests" hostname="nohost.nodomain" time="7.517" timestamp="2014-02-18T16:00:07">
   <properties class="java.util.ArrayList">
      <property name="awt.toolkit" value="sun.lwawt.macosx.LWCToolkit"/>
      <property name="es.logger.level" value="INFO"/>
      <property name="es.logger.prefix" value=""/>
      <property name="es.node.local" value=""/>
      <property name="es.node.mode" value=""/>
      <property name="file.encoding" value="UTF-8"/>
      <property name="file.encoding.pkg" value="sun.io"/>
      <property name="file.separator" value="/"/>
      <property name="ftp.nonProxyHosts" value="local|*.local|169.254/16|*.169.254/16"/>
      <property name="gopherProxySet" value="false"/>
      <property name="http.nonProxyHosts" value="local|*.local|169.254/16|*.169.254/16"/>
      <property name="java.awt.graphicsenv" value="sun.awt.CGraphicsEnvironment"/>
      <property name="java.awt.headless" value="true"/>
      <property name="java.awt.printerjob" value="sun.lwawt.macosx.CPrinterJob"/>
      <property name="java.class.path" value="/Users/bhwang/elasticsearch/target/test-classes:/Users/bhwang/elasticsearch/target/classes:/Users/bhwang/.m2/repository/org/hamcrest/hamcrest-all/1.3/hamcrest-all-1.3.jar:/Users/bhwang/.m2/repository/com/carrotsearch/randomizedtesting/randomizedtesting-runner/2.0.15/randomizedtesting-runner-2.0.15.jar:/Users/bhwang/.m2/repository/junit/junit/4.10/junit-4.10.jar:/Users/bhwang/.m2/repository/org/apache/lucene/lucene-test-framework/4.6.1/lucene-test-framework-4.6.1.jar:/Users/bhwang/.m2/repository/org/apache/lucene/lucene-expressions/4.6.1/lucene-expressions-4.6.1.jar:/Users/bhwang/.m2/repository/org/antlr/antlr-runtime/3.5/antlr-runtime-3.5.jar:/Users/bhwang/.m2/repository/org/ow2/asm/asm/4.1/asm-4.1.jar:/Users/bhwang/.m2/repository/org/ow2/asm/asm-commons/4.1/asm-commons-4.1.jar:/Users/bhwang/.m2/repository/org/apache/httpcomponents/httpclient/4.3.1/httpclient-4.3.1.jar:/Users/bhwang/.m2/repository/org/apache/httpcomponents/httpcore/4.3/httpcore-4.3.jar:/Users/bhwang/.m2/repository/commons-logging/commons-logging/1.1.3/commons-logging-1.1.3.jar:/Users/bhwang/.m2/repository/commons-codec/commons-codec/1.6/commons-codec-1.6.jar:/Users/bhwang/.m2/repository/org/apache/lucene/lucene-core/4.6.1/lucene-core-4.6.1.jar:/Users/bhwang/.m2/repository/org/apache/lucene/lucene-analyzers-common/4.6.1/lucene-analyzers-common-4.6.1.jar:/Users/bhwang/.m2/repository/org/apache/lucene/lucene-codecs/4.6.1/lucene-codecs-4.6.1.jar:/Users/bhwang/.m2/repository/org/apache/lucene/lucene-queries/4.6.1/lucene-queries-4.6.1.jar:/Users/bhwang/.m2/repository/org/apache/lucene/lucene-memory/4.6.1/lucene-memory-4.6.1.jar:/Users/bhwang/.m2/repository/org/apache/lucene/lucene-highlighter/4.6.1/lucene-highlighter-4.6.1.jar:/Users/bhwang/.m2/repository/org/apache/lucene/lucene-queryparser/4.6.1/lucene-queryparser-4.6.1.jar:/Users/bhwang/.m2/repository/org/apache/lucene/lucene-sandbox/4.6.1/lucene-sandbox-4.6.1.jar:/Users/bhwang/.m2/repository/org/apache/lucene/lucene-suggest/4.6.1/lucene-suggest-4.6.1.jar:/Users/bhwang/.m2/repository/org/apache/lucene/lucene-misc/4.6.1/lucene-misc-4.6.1.jar:/Users/bhwang/.m2/repository/org/apache/lucene/lucene-join/4.6.1/lucene-join-4.6.1.jar:/Users/bhwang/.m2/repository/org/apache/lucene/lucene-grouping/4.6.1/lucene-grouping-4.6.1.jar:/Users/bhwang/.m2/repository/org/apache/lucene/lucene-spatial/4.6.1/lucene-spatial-4.6.1.jar:/Users/bhwang/.m2/repository/com/spatial4j/spatial4j/0.3/spatial4j-0.3.jar:/Users/bhwang/.m2/repository/com/vividsolutions/jts/1.12/jts-1.12.jar:/Users/bhwang/.m2/repository/com/google/guava/guava/16.0/guava-16.0.jar:/Users/bhwang/.m2/repository/com/carrotsearch/hppc/0.5.3/hppc-0.5.3.jar:/Users/bhwang/.m2/repository/joda-time/joda-time/2.3/joda-time-2.3.jar:/Users/bhwang/.m2/repository/org/joda/joda-convert/1.2/joda-convert-1.2.jar:/Users/bhwang/.m2/repository/org/mvel/mvel2/2.1.5.Final/mvel2-2.1.5.Final.jar:/Users/bhwang/.m2/repository/com/fasterxml/jackson/core/jackson-core/2.3.0/jackson-core-2.3.0.jar:/Users/bhwang/.m2/repository/com/fasterxml/jackson/dataformat/jackson-dataformat-smile/2.3.0/jackson-dataformat-smile-2.3.0.jar:/Users/bhwang/.m2/repository/com/fasterxml/jackson/dataformat/jackson-dataformat-yaml/2.3.0/jackson-dataformat-yaml-2.3.0.jar:/Users/bhwang/.m2/repository/io/netty/netty/3.9.0.Final/netty-3.9.0.Final.jar:/Users/bhwang/.m2/repository/com/ning/compress-lzf/0.9.6/compress-lzf-0.9.6.jar:/Users/bhwang/.m2/repository/log4j/log4j/1.2.17/log4j-1.2.17.jar:/Users/bhwang/.m2/repository/org/slf4j/slf4j-api/1.6.2/slf4j-api-1.6.2.jar:/Users/bhwang/.m2/repository/net/java/dev/jna/jna/3.3.0/jna-3.3.0.jar:/Users/bhwang/.m2/repository/org/fusesource/sigar/1.6.4/sigar-1.6.4.jar:/Users/bhwang/.m2/repository/com/carrotsearch/randomizedtesting/junit4-ant/2.0.15/junit4-ant-2.0.15.jar"/>
      <property name="java.class.version" value="51.0"/>
      <property name="java.endorsed.dirs" value="/Library/Java/JavaVirtualMachines/jdk1.7.0_45.jdk/Contents/Home/jre/lib/endorsed"/>
      <property name="java.ext.dirs" value="/Users/bhwang/Library/Java/Extensions:/Library/Java/JavaVirtualMachines/jdk1.7.0_45.jdk/Contents/Home/jre/lib/ext:/Library/Java/Extensions:/Network/Library/Java/Extensions:/System/Library/Java/Extensions:/usr/lib/java"/>
      <property name="java.home" value="/Library/Java/JavaVirtualMachines/jdk1.7.0_45.jdk/Contents/Home/jre"/>
      <property name="java.io.tmpdir" value="."/>
      <property name="java.library.path" value="/Users/bhwang/Library/Java/Extensions:/Library/Java/Extensions:/Network/Library/Java/Extensions:/System/Library/Java/Extensions:/usr/lib/java:."/>
      <property name="java.runtime.name" value="Java(TM) SE Runtime Environment"/>
      <property name="java.runtime.version" value="1.7.0_45-b18"/>
      <property name="java.security.policy" value="/Users/bhwang/elasticsearch/dev-tools/tests.policy"/>
      <property name="java.specification.name" value="Java Platform API Specification"/>
      <property name="java.specification.vendor" value="Oracle Corporation"/>
      <property name="java.specification.version" value="1.7"/>
      <property name="java.vendor" value="Oracle Corporation"/>
      <property name="java.vendor.url" value="http://java.oracle.com/"/>
      <property name="java.vendor.url.bug" value="http://bugreport.sun.com/bugreport/"/>
      <property name="java.version" value="1.7.0_45"/>
      <property name="java.vm.info" value="mixed mode"/>
      <property name="java.vm.name" value="Java HotSpot(TM) 64-Bit Server VM"/>
      <property name="java.vm.specification.name" value="Java Virtual Machine Specification"/>
      <property name="java.vm.specification.vendor" value="Oracle Corporation"/>
      <property name="java.vm.specification.version" value="1.7"/>
      <property name="java.vm.vendor" value="Oracle Corporation"/>
      <property name="java.vm.version" value="24.45-b08"/>
      <property name="junit4.childvm.cwd" value="/Users/bhwang/elasticsearch/target/J0"/>
      <property name="junit4.childvm.id" value="0"/>
      <property name="junit4.memory.total" value="128974848"/>
      <property name="junit4.pidString" value="6815@Bills-MacBook-Pro.local"/>
      <property name="junit4.processors" value="4"/>
      <property name="junit4.tempDir" value="/Users/bhwang/elasticsearch/target"/>
      <property name="line.separator" value="
"/>
      <property name="os.arch" value="x86_64"/>
      <property name="os.name" value="Mac OS X"/>
      <property name="os.version" value="10.9.1"/>
      <property name="path.separator" value=":"/>
      <property name="socksNonProxyHosts" value="local|*.local|169.254/16|*.169.254/16"/>
      <property name="sun.arch.data.model" value="64"/>
      <property name="sun.boot.class.path" value="/Library/Java/JavaVirtualMachines/jdk1.7.0_45.jdk/Contents/Home/jre/lib/resources.jar:/Library/Java/JavaVirtualMachines/jdk1.7.0_45.jdk/Contents/Home/jre/lib/rt.jar:/Library/Java/JavaVirtualMachines/jdk1.7.0_45.jdk/Contents/Home/jre/lib/sunrsasign.jar:/Library/Java/JavaVirtualMachines/jdk1.7.0_45.jdk/Contents/Home/jre/lib/jsse.jar:/Library/Java/JavaVirtualMachines/jdk1.7.0_45.jdk/Contents/Home/jre/lib/jce.jar:/Library/Java/JavaVirtualMachines/jdk1.7.0_45.jdk/Contents/Home/jre/lib/charsets.jar:/Library/Java/JavaVirtualMachines/jdk1.7.0_45.jdk/Contents/Home/jre/lib/jfr.jar:/Library/Java/JavaVirtualMachines/jdk1.7.0_45.jdk/Contents/Home/jre/lib/JObjC.jar:/Library/Java/JavaVirtualMachines/jdk1.7.0_45.jdk/Contents/Home/jre/classes"/>
      <property name="sun.boot.library.path" value="/Library/Java/JavaVirtualMachines/jdk1.7.0_45.jdk/Contents/Home/jre/lib"/>
      <property name="sun.cpu.endian" value="little"/>
      <property name="sun.cpu.isalist" value=""/>
      <property name="sun.io.unicode.encoding" value="UnicodeBig"/>
      <property name="sun.java.command" value="com.carrotsearch.ant.tasks.junit4.slave.SlaveMainSafe -flush -eventsfile /Users/bhwang/elasticsearch/target/junit4-J0-20140218_153326_767.events @/Users/bhwang/elasticsearch/target/junit4-J0-20140218_153326_767.suites -stdin"/>
      <property name="sun.java.launcher" value="SUN_STANDARD"/>
      <property name="sun.jnu.encoding" value="UTF-8"/>
      <property name="sun.management.compiler" value="HotSpot 64-Bit Tiered Compilers"/>
      <property name="sun.os.patch.level" value="unknown"/>
      <property name="tests.appendseed" value=""/>
      <property name="tests.assertion.disabled" value=""/>
      <property name="tests.awaitsfix" value=""/>
      <property name="tests.badapples" value=""/>
      <property name="tests.class" value=""/>
      <property name="tests.client.ratio" value=""/>
      <property name="tests.cluster_seed" value=""/>
      <property name="tests.enable_mock_modules" value=""/>
      <property name="tests.failfast" value=""/>
      <property name="tests.integration" value=""/>
      <property name="tests.iters" value=""/>
      <property name="tests.jvm.argline" value=""/>
      <property name="tests.maxfailures" value=""/>
      <property name="tests.method" value=""/>
      <property name="tests.network" value=""/>
      <property name="tests.nightly" value=""/>
      <property name="tests.prefix" value="tests"/>
      <property name="tests.rest" value=""/>
      <property name="tests.rest.spec" value=""/>
      <property name="tests.rest.suite" value=""/>
      <property name="tests.security.manager" value=""/>
      <property name="tests.seed" value="A89B4FF56754358E"/>
      <property name="tests.showSuccess" value=""/>
      <property name="tests.slow" value=""/>
      <property name="tests.timeoutSuite" value=""/>
      <property name="tests.weekly" value=""/>
      <property name="user.country" value="US"/>
      <property name="user.dir" value="/Users/bhwang/elasticsearch/target/J0"/>
      <property name="user.home" value="/Users/bhwang"/>
      <property name="user.language" value="en"/>
      <property name="user.name" value="bhwang"/>
      <property name="user.timezone" value=""/>
   </properties>
   <testcase classname="org.elasticsearch.search.basic.SearchWhileRelocatingTests" name="testSearchAndRelocateConcurrently0Replicas" time="0.004">
      <skipped></skipped>
   </testcase>
   <testcase classname="org.elasticsearch.search.basic.SearchWhileRelocatingTests" name="testSearchAndRelocateConcurrently1Replicas" time="7.497"/>
   <system-out><![CDATA[[2014-02-18 16:00:07,374][INFO ][test                     ] Test testSearchAndRelocateConcurrently0Replicas(org.elasticsearch.search.basic.SearchWhileRelocatingTests) started
[2014-02-18 16:00:07,378][INFO ][test                     ] Test testSearchAndRelocateConcurrently0Replicas(org.elasticsearch.search.basic.SearchWhileRelocatingTests) finished
[2014-02-18 16:00:07,379][INFO ][test                     ] Test testSearchAndRelocateConcurrently1Replicas(org.elasticsearch.search.basic.SearchWhileRelocatingTests) started
[2014-02-18 16:00:07,386][INFO ][search.basic             ] [SearchWhileRelocatingTests#testSearchAndRelocateConcurrently1Replicas]: before test
[2014-02-18 16:00:07,401][INFO ][cluster.metadata         ] [node_0] [test] creating index, cause [api], shards [12]/[1], mappings [type1]
[2014-02-18 16:00:08,211][INFO ][search.basic             ] Index [17] docs async: [true] bulk: [false]
[2014-02-18 16:00:08,220][INFO ][cluster.metadata         ] [node_0] [test] update_mapping [type] (dynamic)
[2014-02-18 16:00:09,132][TRACE][action.search.type       ] [node_0] Moving to second phase, based on results from: [tbUF3y2YTPm1TPdTF8YBYw][test][11],[q75XUfcITqG3o93Z8EOFnw][test][10],[q75XUfcITqG3o93Z8EOFnw][test][0],[t8Mqv-hjRzqYCBodDxtrKQ][test][1],[q75XUfcITqG3o93Z8EOFnw][test][5],[tbUF3y2YTPm1TPdTF8YBYw][test][4],[t8Mqv-hjRzqYCBodDxtrKQ][test][3],[t8Mqv-hjRzqYCBodDxtrKQ][test][2],[t8Mqv-hjRzqYCBodDxtrKQ][test][9],[t8Mqv-hjRzqYCBodDxtrKQ][test][8],[q75XUfcITqG3o93Z8EOFnw][test][7],[q75XUfcITqG3o93Z8EOFnw][test][6] (cluster state version: 6844)
[2014-02-18 16:00:09,146][TRACE][action.search.type       ] [node_2] Moving to second phase, based on results from: [q75XUfcITqG3o93Z8EOFnw][test][11],[tbUF3y2YTPm1TPdTF8YBYw][test][10],[t8Mqv-hjRzqYCBodDxtrKQ][test][0],[t8Mqv-hjRzqYCBodDxtrKQ][test][1],[tbUF3y2YTPm1TPdTF8YBYw][test][5],[q75XUfcITqG3o93Z8EOFnw][test][4],[tbUF3y2YTPm1TPdTF8YBYw][test][3],[t8Mqv-hjRzqYCBodDxtrKQ][test][2],[t8Mqv-hjRzqYCBodDxtrKQ][test][9],[t8Mqv-hjRzqYCBodDxtrKQ][test][8],[q75XUfcITqG3o93Z8EOFnw][test][7],[t8Mqv-hjRzqYCBodDxtrKQ][test][6] (cluster state version: 6844)
[2014-02-18 16:00:09,152][TRACE][action.search.type       ] [node_2] Moving to second phase, based on results from: [q75XUfcITqG3o93Z8EOFnw][test][11],[q75XUfcITqG3o93Z8EOFnw][test][10],[q75XUfcITqG3o93Z8EOFnw][test][0],[q75XUfcITqG3o93Z8EOFnw][test][1],[q75XUfcITqG3o93Z8EOFnw][test][5],[tbUF3y2YTPm1TPdTF8YBYw][test][4],[t8Mqv-hjRzqYCBodDxtrKQ][test][3],[t8Mqv-hjRzqYCBodDxtrKQ][test][2],[t8Mqv-hjRzqYCBodDxtrKQ][test][9],[t8Mqv-hjRzqYCBodDxtrKQ][test][8],[q75XUfcITqG3o93Z8EOFnw][test][7],[t8Mqv-hjRzqYCBodDxtrKQ][test][6] (cluster state version: 6845)
[2014-02-18 16:00:09,157][TRACE][action.search.type       ] [node_1] Moving to second phase, based on results from: [q75XUfcITqG3o93Z8EOFnw][test][11],[tbUF3y2YTPm1TPdTF8YBYw][test][10],[q75XUfcITqG3o93Z8EOFnw][test][0],[t8Mqv-hjRzqYCBodDxtrKQ][test][1],[q75XUfcITqG3o93Z8EOFnw][test][5],[tbUF3y2YTPm1TPdTF8YBYw][test][4],[t8Mqv-hjRzqYCBodDxtrKQ][test][3],[tbUF3y2YTPm1TPdTF8YBYw][test][2],[t8Mqv-hjRzqYCBodDxtrKQ][test][9],[tbUF3y2YTPm1TPdTF8YBYw][test][8],[t8Mqv-hjRzqYCBodDxtrKQ][test][7],[t8Mqv-hjRzqYCBodDxtrKQ][test][6] (cluster state version: 6845)
[2014-02-18 16:00:09,164][TRACE][action.search.type       ] [node_0] Moving to second phase, based on results from: [q75XUfcITqG3o93Z8EOFnw][test][11],[tbUF3y2YTPm1TPdTF8YBYw][test][10],[t8Mqv-hjRzqYCBodDxtrKQ][test][0],[q75XUfcITqG3o93Z8EOFnw][test][1],[tbUF3y2YTPm1TPdTF8YBYw][test][5],[q75XUfcITqG3o93Z8EOFnw][test][4],[tbUF3y2YTPm1TPdTF8YBYw][test][3],[tbUF3y2YTPm1TPdTF8YBYw][test][2],[tbUF3y2YTPm1TPdTF8YBYw][test][9],[tbUF3y2YTPm1TPdTF8YBYw][test][8],[t8Mqv-hjRzqYCBodDxtrKQ][test][7],[t8Mqv-hjRzqYCBodDxtrKQ][test][6] (cluster state version: 6844)
[2014-02-18 16:00:09,169][TRACE][action.search.type       ] [node_0] Moving to second phase, based on results from: [tbUF3y2YTPm1TPdTF8YBYw][test][11],[q75XUfcITqG3o93Z8EOFnw][test][10],[q75XUfcITqG3o93Z8EOFnw][test][0],[t8Mqv-hjRzqYCBodDxtrKQ][test][1],[q75XUfcITqG3o93Z8EOFnw][test][5],[tbUF3y2YTPm1TPdTF8YBYw][test][4],[t8Mqv-hjRzqYCBodDxtrKQ][test][3],[t8Mqv-hjRzqYCBodDxtrKQ][test][2],[t8Mqv-hjRzqYCBodDxtrKQ][test][9],[t8Mqv-hjRzqYCBodDxtrKQ][test][8],[q75XUfcITqG3o93Z8EOFnw][test][7],[q75XUfcITqG3o93Z8EOFnw][test][6] (cluster state version: 6844)
[2014-02-18 16:00:09,178][TRACE][action.search.type       ] [node_0] Moving to second phase, based on results from: [q75XUfcITqG3o93Z8EOFnw][test][11],[tbUF3y2YTPm1TPdTF8YBYw][test][10],[t8Mqv-hjRzqYCBodDxtrKQ][test][0],[q75XUfcITqG3o93Z8EOFnw][test][1],[tbUF3y2YTPm1TPdTF8YBYw][test][5],[q75XUfcITqG3o93Z8EOFnw][test][4],[tbUF3y2YTPm1TPdTF8YBYw][test][3],[tbUF3y2YTPm1TPdTF8YBYw][test][2],[tbUF3y2YTPm1TPdTF8YBYw][test][9],[tbUF3y2YTPm1TPdTF8YBYw][test][8],[t8Mqv-hjRzqYCBodDxtrKQ][test][7],[t8Mqv-hjRzqYCBodDxtrKQ][test][6] (cluster state version: 6844)
[2014-02-18 16:00:09,183][TRACE][action.search.type       ] [node_1] Moving to second phase, based on results from: [tbUF3y2YTPm1TPdTF8YBYw][test][11],[q75XUfcITqG3o93Z8EOFnw][test][10],[t8Mqv-hjRzqYCBodDxtrKQ][test][0],[q75XUfcITqG3o93Z8EOFnw][test][1],[tbUF3y2YTPm1TPdTF8YBYw][test][5],[q75XUfcITqG3o93Z8EOFnw][test][4],[tbUF3y2YTPm1TPdTF8YBYw][test][3],[t8Mqv-hjRzqYCBodDxtrKQ][test][2],[tbUF3y2YTPm1TPdTF8YBYw][test][9],[t8Mqv-hjRzqYCBodDxtrKQ][test][8],[q75XUfcITqG3o93Z8EOFnw][test][7],[q75XUfcITqG3o93Z8EOFnw][test][6] (cluster state version: 6845)
[2014-02-18 16:00:09,187][TRACE][action.search.type       ] [node_2] Moving to second phase, based on results from: [q75XUfcITqG3o93Z8EOFnw][test][11],[tbUF3y2YTPm1TPdTF8YBYw][test][10],[q75XUfcITqG3o93Z8EOFnw][test][0],[t8Mqv-hjRzqYCBodDxtrKQ][test][1],[tbUF3y2YTPm1TPdTF8YBYw][test][5],[q75XUfcITqG3o93Z8EOFnw][test][4],[t8Mqv-hjRzqYCBodDxtrKQ][test][3],[t8Mqv-hjRzqYCBodDxtrKQ][test][2],[tbUF3y2YTPm1TPdTF8YBYw][test][9],[t8Mqv-hjRzqYCBodDxtrKQ][test][8],[q75XUfcITqG3o93Z8EOFnw][test][7],[q75XUfcITqG3o93Z8EOFnw][test][6] (cluster state version: 6846)
[2014-02-18 16:00:09,191][TRACE][action.search.type       ] [node_2] Moving to second phase, based on results from: [tbUF3y2YTPm1TPdTF8YBYw][test][11],[q75XUfcITqG3o93Z8EOFnw][test][10],[t8Mqv-hjRzqYCBodDxtrKQ][test][0],[q75XUfcITqG3o93Z8EOFnw][test][1],[q75XUfcITqG3o93Z8EOFnw][test][5],[tbUF3y2YTPm1TPdTF8YBYw][test][4],[tbUF3y2YTPm1TPdTF8YBYw][test][3],[tbUF3y2YTPm1TPdTF8YBYw][test][2],[t8Mqv-hjRzqYCBodDxtrKQ][test][9],[tbUF3y2YTPm1TPdTF8YBYw][test][8],[t8Mqv-hjRzqYCBodDxtrKQ][test][7],[t8Mqv-hjRzqYCBodDxtrKQ][test][6] (cluster state version: 6846)
[2014-02-18 16:00:09,207][TRACE][action.search.type       ] [node_0] Moving to second phase, based on results from: [q75XUfcITqG3o93Z8EOFnw][test][11],[q75XUfcITqG3o93Z8EOFnw][test][10],[t8Mqv-hjRzqYCBodDxtrKQ][test][0],[q75XUfcITqG3o93Z8EOFnw][test][1],[tbUF3y2YTPm1TPdTF8YBYw][test][5],[tbUF3y2YTPm1TPdTF8YBYw][test][4],[tbUF3y2YTPm1TPdTF8YBYw][test][3],[t8Mqv-hjRzqYCBodDxtrKQ][test][2],[tbUF3y2YTPm1TPdTF8YBYw][test][9],[tbUF3y2YTPm1TPdTF8YBYw][test][8],[q75XUfcITqG3o93Z8EOFnw][test][7],[t8Mqv-hjRzqYCBodDxtrKQ][test][6] (cluster state version: 6846)
[2014-02-18 16:00:09,209][TRACE][action.search.type       ] [node_2] Moving to second phase, based on results from: [q75XUfcITqG3o93Z8EOFnw][test][11],[tbUF3y2YTPm1TPdTF8YBYw][test][10],[q75XUfcITqG3o93Z8EOFnw][test][0],[t8Mqv-hjRzqYCBodDxtrKQ][test][1],[tbUF3y2YTPm1TPdTF8YBYw][test][5],[q75XUfcITqG3o93Z8EOFnw][test][4],[t8Mqv-hjRzqYCBodDxtrKQ][test][3],[t8Mqv-hjRzqYCBodDxtrKQ][test][2],[tbUF3y2YTPm1TPdTF8YBYw][test][9],[t8Mqv-hjRzqYCBodDxtrKQ][test][8],[q75XUfcITqG3o93Z8EOFnw][test][7],[q75XUfcITqG3o93Z8EOFnw][test][6] (cluster state version: 6846)
[2014-02-18 16:00:09,212][TRACE][action.search.type       ] [node_0] Moving to second phase, based on results from: [tbUF3y2YTPm1TPdTF8YBYw][test][11],[tbUF3y2YTPm1TPdTF8YBYw][test][10],[q75XUfcITqG3o93Z8EOFnw][test][0],[t8Mqv-hjRzqYCBodDxtrKQ][test][1],[q75XUfcITqG3o93Z8EOFnw][test][5],[q75XUfcITqG3o93Z8EOFnw][test][4],[t8Mqv-hjRzqYCBodDxtrKQ][test][3],[tbUF3y2YTPm1TPdTF8YBYw][test][2],[t8Mqv-hjRzqYCBodDxtrKQ][test][9],[t8Mqv-hjRzqYCBodDxtrKQ][test][8],[t8Mqv-hjRzqYCBodDxtrKQ][test][7],[q75XUfcITqG3o93Z8EOFnw][test][6] (cluster state version: 6846)
[2014-02-18 16:00:09,215][TRACE][action.search.type       ] [node_1] Moving to second phase, based on results from: [q75XUfcITqG3o93Z8EOFnw][test][11],[q75XUfcITqG3o93Z8EOFnw][test][10],[t8Mqv-hjRzqYCBodDxtrKQ][test][0],[q75XUfcITqG3o93Z8EOFnw][test][1],[tbUF3y2YTPm1TPdTF8YBYw][test][5],[q75XUfcITqG3o93Z8EOFnw][test][4],[t8Mqv-hjRzqYCBodDxtrKQ][test][3],[tbUF3y2YTPm1TPdTF8YBYw][test][2],[t8Mqv-hjRzqYCBodDxtrKQ][test][9],[t8Mqv-hjRzqYCBodDxtrKQ][test][8],[t8Mqv-hjRzqYCBodDxtrKQ][test][7],[q75XUfcITqG3o93Z8EOFnw][test][6] (cluster state version: 6846)
[2014-02-18 16:00:09,218][TRACE][action.search.type       ] [node_0] Moving to second phase, based on results from: [q75XUfcITqG3o93Z8EOFnw][test][11],[q75XUfcITqG3o93Z8EOFnw][test][10],[t8Mqv-hjRzqYCBodDxtrKQ][test][0],[q75XUfcITqG3o93Z8EOFnw][test][1],[tbUF3y2YTPm1TPdTF8YBYw][test][5],[tbUF3y2YTPm1TPdTF8YBYw][test][4],[tbUF3y2YTPm1TPdTF8YBYw][test][3],[t8Mqv-hjRzqYCBodDxtrKQ][test][2],[tbUF3y2YTPm1TPdTF8YBYw][test][9],[tbUF3y2YTPm1TPdTF8YBYw][test][8],[q75XUfcITqG3o93Z8EOFnw][test][7],[t8Mqv-hjRzqYCBodDxtrKQ][test][6] (cluster state version: 6846)
[2014-02-18 16:00:09,221][TRACE][action.search.type       ] [node_1] Moving to second phase, based on results from: [tbUF3y2YTPm1TPdTF8YBYw][test][11],[tbUF3y2YTPm1TPdTF8YBYw][test][10],[q75XUfcITqG3o93Z8EOFnw][test][0],[t8Mqv-hjRzqYCBodDxtrKQ][test][1],[q75XUfcITqG3o93Z8EOFnw][test][5],[tbUF3y2YTPm1TPdTF8YBYw][test][4],[tbUF3y2YTPm1TPdTF8YBYw][test][3],[t8Mqv-hjRzqYCBodDxtrKQ][test][2],[tbUF3y2YTPm1TPdTF8YBYw][test][9],[tbUF3y2YTPm1TPdTF8YBYw][test][8],[q75XUfcITqG3o93Z8EOFnw][test][7],[t8Mqv-hjRzqYCBodDxtrKQ][test][6] (cluster state version: 6846)
[2014-02-18 16:00:09,224][TRACE][action.search.type       ] [node_0] Moving to second phase, based on results from: [tbUF3y2YTPm1TPdTF8YBYw][test][11],[tbUF3y2YTPm1TPdTF8YBYw][test][10],[q75XUfcITqG3o93Z8EOFnw][test][0],[t8Mqv-hjRzqYCBodDxtrKQ][test][1],[q75XUfcITqG3o93Z8EOFnw][test][5],[q75XUfcITqG3o93Z8EOFnw][test][4],[t8Mqv-hjRzqYCBodDxtrKQ][test][3],[tbUF3y2YTPm1TPdTF8YBYw][test][2],[t8Mqv-hjRzqYCBodDxtrKQ][test][9],[t8Mqv-hjRzqYCBodDxtrKQ][test][8],[t8Mqv-hjRzqYCBodDxtrKQ][test][7],[q75XUfcITqG3o93Z8EOFnw][test][6] (cluster state version: 6846)
[2014-02-18 16:00:09,226][TRACE][action.search.type       ] [node_0] Moving to second phase, based on results from: [q75XUfcITqG3o93Z8EOFnw][test][11],[q75XUfcITqG3o93Z8EOFnw][test][10],[t8Mqv-hjRzqYCBodDxtrKQ][test][0],[q75XUfcITqG3o93Z8EOFnw][test][1],[tbUF3y2YTPm1TPdTF8YBYw][test][5],[tbUF3y2YTPm1TPdTF8YBYw][test][4],[tbUF3y2YTPm1TPdTF8YBYw][test][3],[t8Mqv-hjRzqYCBodDxtrKQ][test][2],[tbUF3y2YTPm1TPdTF8YBYw][test][9],[tbUF3y2YTPm1TPdTF8YBYw][test][8],[q75XUfcITqG3o93Z8EOFnw][test][7],[t8Mqv-hjRzqYCBodDxtrKQ][test][6] (cluster state version: 6846)
[2014-02-18 16:00:09,230][TRACE][action.search.type       ] [node_1] Moving to second phase, based on results from: [q75XUfcITqG3o93Z8EOFnw][test][11],[q75XUfcITqG3o93Z8EOFnw][test][10],[t8Mqv-hjRzqYCBodDxtrKQ][test][0],[q75XUfcITqG3o93Z8EOFnw][test][1],[tbUF3y2YTPm1TPdTF8YBYw][test][5],[q75XUfcITqG3o93Z8EOFnw][test][4],[t8Mqv-hjRzqYCBodDxtrKQ][test][3],[tbUF3y2YTPm1TPdTF8YBYw][test][2],[t8Mqv-hjRzqYCBodDxtrKQ][test][9],[t8Mqv-hjRzqYCBodDxtrKQ][test][8],[t8Mqv-hjRzqYCBodDxtrKQ][test][7],[q75XUfcITqG3o93Z8EOFnw][test][6] (cluster state version: 6846)
[2014-02-18 16:00:09,232][TRACE][action.search.type       ] [node_0] Moving to second phase, based on results from: [tbUF3y2YTPm1TPdTF8YBYw][test][11],[tbUF3y2YTPm1TPdTF8YBYw][test][10],[q75XUfcITqG3o93Z8EOFnw][test][0],[t8Mqv-hjRzqYCBodDxtrKQ][test][1],[q75XUfcITqG3o93Z8EOFnw][test][5],[q75XUfcITqG3o93Z8EOFnw][test][4],[t8Mqv-hjRzqYCBodDxtrKQ][test][3],[tbUF3y2YTPm1TPdTF8YBYw][test][2],[t8Mqv-hjRzqYCBodDxtrKQ][test][9],[t8Mqv-hjRzqYCBodDxtrKQ][test][8],[t8Mqv-hjRzqYCBodDxtrKQ][test][7],[q75XUfcITqG3o93Z8EOFnw][test][6] (cluster state version: 6846)
[2014-02-18 16:00:09,236][TRACE][action.search.type       ] [node_0] Moving to second phase, based on results from: [q75XUfcITqG3o93Z8EOFnw][test][11],[q75XUfcITqG3o93Z8EOFnw][test][10],[t8Mqv-hjRzqYCBodDxtrKQ][test][0],[q75XUfcITqG3o93Z8EOFnw][test][1],[tbUF3y2YTPm1TPdTF8YBYw][test][5],[tbUF3y2YTPm1TPdTF8YBYw][test][4],[tbUF3y2YTPm1TPdTF8YBYw][test][3],[t8Mqv-hjRzqYCBodDxtrKQ][test][2],[tbUF3y2YTPm1TPdTF8YBYw][test][9],[tbUF3y2YTPm1TPdTF8YBYw][test][8],[q75XUfcITqG3o93Z8EOFnw][test][7],[t8Mqv-hjRzqYCBodDxtrKQ][test][6] (cluster state version: 6846)
[2014-02-18 16:00:09,239][TRACE][action.search.type       ] [node_2] Moving to second phase, based on results from: [tbUF3y2YTPm1TPdTF8YBYw][test][11],[q75XUfcITqG3o93Z8EOFnw][test][10],[t8Mqv-hjRzqYCBodDxtrKQ][test][0],[q75XUfcITqG3o93Z8EOFnw][test][1],[q75XUfcITqG3o93Z8EOFnw][test][5],[tbUF3y2YTPm1TPdTF8YBYw][test][4],[tbUF3y2YTPm1TPdTF8YBYw][test][3],[tbUF3y2YTPm1TPdTF8YBYw][test][2],[t8Mqv-hjRzqYCBodDxtrKQ][test][9],[tbUF3y2YTPm1TPdTF8YBYw][test][8],[t8Mqv-hjRzqYCBodDxtrKQ][test][7],[t8Mqv-hjRzqYCBodDxtrKQ][test][6] (cluster state version: 6846)
[2014-02-18 16:00:09,248][TRACE][action.search.type       ] [node_0] [test][3], node[t8Mqv-hjRzqYCBodDxtrKQ], relocating [q75XUfcITqG3o93Z8EOFnw], [P], s[RELOCATING]: Failed to execute [org.elasticsearch.action.search.SearchRequest@5a4b9c2e] lastShard [false]
org.elasticsearch.transport.RemoteTransportException: [node_1][inet[/10.1.10.75:9301]][search/phase/query]
Caused by: org.elasticsearch.index.IndexShardMissingException: [test][3] missing
	at org.elasticsearch.index.service.InternalIndexService.shardSafe(InternalIndexService.java:184)
	at org.elasticsearch.search.SearchService.createContext(SearchService.java:479)
	at org.elasticsearch.search.SearchService.createContext(SearchService.java:474)
	at org.elasticsearch.search.SearchService.createAndPutContext(SearchService.java:467)
	at org.elasticsearch.search.SearchService.executeQueryPhase(SearchService.java:239)
	at org.elasticsearch.search.action.SearchServiceTransportAction$SearchQueryTransportHandler.messageReceived(SearchServiceTransportAction.java:623)
	at org.elasticsearch.search.action.SearchServiceTransportAction$SearchQueryTransportHandler.messageReceived(SearchServiceTransportAction.java:612)
	at org.elasticsearch.transport.netty.MessageChannelHandler$RequestHandler.run(MessageChannelHandler.java:270)
	at java.util.concurrent.ThreadPoolExecutor.runWorker(ThreadPoolExecutor.java:1145)
	at java.util.concurrent.ThreadPoolExecutor$Worker.run(ThreadPoolExecutor.java:615)
	at java.lang.Thread.run(Thread.java:744)
[2014-02-18 16:00:09,249][TRACE][action.search.type       ] [node_0] Moving to second phase, based on results from: [tbUF3y2YTPm1TPdTF8YBYw][test][11],[tbUF3y2YTPm1TPdTF8YBYw][test][10],[q75XUfcITqG3o93Z8EOFnw][test][0],[t8Mqv-hjRzqYCBodDxtrKQ][test][1],[q75XUfcITqG3o93Z8EOFnw][test][5],[q75XUfcITqG3o93Z8EOFnw][test][4],[tbUF3y2YTPm1TPdTF8YBYw][test][3],[tbUF3y2YTPm1TPdTF8YBYw][test][2],[t8Mqv-hjRzqYCBodDxtrKQ][test][9],[t8Mqv-hjRzqYCBodDxtrKQ][test][8],[t8Mqv-hjRzqYCBodDxtrKQ][test][7],[q75XUfcITqG3o93Z8EOFnw][test][6] (cluster state version: 6846)
[2014-02-18 16:00:09,253][TRACE][action.search.type       ] [node_0] Moving to second phase, based on results from: [q75XUfcITqG3o93Z8EOFnw][test][11],[q75XUfcITqG3o93Z8EOFnw][test][10],[t8Mqv-hjRzqYCBodDxtrKQ][test][0],[q75XUfcITqG3o93Z8EOFnw][test][1],[tbUF3y2YTPm1TPdTF8YBYw][test][5],[tbUF3y2YTPm1TPdTF8YBYw][test][4],[tbUF3y2YTPm1TPdTF8YBYw][test][3],[t8Mqv-hjRzqYCBodDxtrKQ][test][2],[tbUF3y2YTPm1TPdTF8YBYw][test][9],[tbUF3y2YTPm1TPdTF8YBYw][test][8],[q75XUfcITqG3o93Z8EOFnw][test][7],[t8Mqv-hjRzqYCBodDxtrKQ][test][6] (cluster state version: 6846)
[2014-02-18 16:00:09,265][TRACE][action.search.type       ] [node_0] [test][3], node[t8Mqv-hjRzqYCBodDxtrKQ], relocating [q75XUfcITqG3o93Z8EOFnw], [P], s[RELOCATING]: Failed to execute [org.elasticsearch.action.search.SearchRequest@4beb0cc8] lastShard [false]
org.elasticsearch.transport.RemoteTransportException: [node_1][inet[/10.1.10.75:9301]][search/phase/query]
Caused by: org.elasticsearch.index.IndexShardMissingException: [test][3] missing
	at org.elasticsearch.index.service.InternalIndexService.shardSafe(InternalIndexService.java:184)
	at org.elasticsearch.search.SearchService.createContext(SearchService.java:479)
	at org.elasticsearch.search.SearchService.createContext(SearchService.java:474)
	at org.elasticsearch.search.SearchService.createAndPutContext(SearchService.java:467)
	at org.elasticsearch.search.SearchService.executeQueryPhase(SearchService.java:239)
	at org.elasticsearch.search.action.SearchServiceTransportAction$SearchQueryTransportHandler.messageReceived(SearchServiceTransportAction.java:623)
	at org.elasticsearch.search.action.SearchServiceTransportAction$SearchQueryTransportHandler.messageReceived(SearchServiceTransportAction.java:612)
	at org.elasticsearch.transport.netty.MessageChannelHandler$RequestHandler.run(MessageChannelHandler.java:270)
	at java.util.concurrent.ThreadPoolExecutor.runWorker(ThreadPoolExecutor.java:1145)
	at java.util.concurrent.ThreadPoolExecutor$Worker.run(ThreadPoolExecutor.java:615)
	at java.lang.Thread.run(Thread.java:744)
[2014-02-18 16:00:09,267][TRACE][action.search.type       ] [node_0] Moving to second phase, based on results from: [tbUF3y2YTPm1TPdTF8YBYw][test][11],[tbUF3y2YTPm1TPdTF8YBYw][test][10],[q75XUfcITqG3o93Z8EOFnw][test][0],[t8Mqv-hjRzqYCBodDxtrKQ][test][1],[q75XUfcITqG3o93Z8EOFnw][test][5],[q75XUfcITqG3o93Z8EOFnw][test][4],[tbUF3y2YTPm1TPdTF8YBYw][test][3],[tbUF3y2YTPm1TPdTF8YBYw][test][2],[t8Mqv-hjRzqYCBodDxtrKQ][test][9],[t8Mqv-hjRzqYCBodDxtrKQ][test][8],[t8Mqv-hjRzqYCBodDxtrKQ][test][7],[q75XUfcITqG3o93Z8EOFnw][test][6] (cluster state version: 6846)
[2014-02-18 16:00:09,270][TRACE][action.search.type       ] [node_0] Moving to second phase, based on results from: [q75XUfcITqG3o93Z8EOFnw][test][11],[q75XUfcITqG3o93Z8EOFnw][test][10],[t8Mqv-hjRzqYCBodDxtrKQ][test][0],[q75XUfcITqG3o93Z8EOFnw][test][1],[tbUF3y2YTPm1TPdTF8YBYw][test][5],[tbUF3y2YTPm1TPdTF8YBYw][test][4],[tbUF3y2YTPm1TPdTF8YBYw][test][3],[t8Mqv-hjRzqYCBodDxtrKQ][test][2],[tbUF3y2YTPm1TPdTF8YBYw][test][9],[tbUF3y2YTPm1TPdTF8YBYw][test][8],[q75XUfcITqG3o93Z8EOFnw][test][7],[t8Mqv-hjRzqYCBodDxtrKQ][test][6] (cluster state version: 6846)
[2014-02-18 16:00:09,282][TRACE][action.search.type       ] [node_0] [test][2], node[t8Mqv-hjRzqYCBodDxtrKQ], relocating [q75XUfcITqG3o93Z8EOFnw], [R], s[RELOCATING]: Failed to execute [org.elasticsearch.action.search.SearchRequest@111878c0] lastShard [false]
org.elasticsearch.transport.RemoteTransportException: [node_1][inet[/10.1.10.75:9301]][search/phase/dfs]
Caused by: org.elasticsearch.index.IndexShardMissingException: [test][2] missing
	at org.elasticsearch.index.service.InternalIndexService.shardSafe(InternalIndexService.java:184)
	at org.elasticsearch.search.SearchService.createContext(SearchService.java:479)
	at org.elasticsearch.search.SearchService.createContext(SearchService.java:474)
	at org.elasticsearch.search.SearchService.createAndPutContext(SearchService.java:467)
	at org.elasticsearch.search.SearchService.executeDfsPhase(SearchService.java:173)
	at org.elasticsearch.search.action.SearchServiceTransportAction$SearchDfsTransportHandler.messageReceived(SearchServiceTransportAction.java:602)
	at org.elasticsearch.search.action.SearchServiceTransportAction$SearchDfsTransportHandler.messageReceived(SearchServiceTransportAction.java:591)
	at org.elasticsearch.transport.netty.MessageChannelHandler$RequestHandler.run(MessageChannelHandler.java:270)
	at java.util.concurrent.ThreadPoolExecutor.runWorker(ThreadPoolExecutor.java:1145)
	at java.util.concurrent.ThreadPoolExecutor$Worker.run(ThreadPoolExecutor.java:615)
	at java.lang.Thread.run(Thread.java:744)
[2014-02-18 16:00:09,290][TRACE][action.search.type       ] [node_0] Moving to second phase, based on results from: [tbUF3y2YTPm1TPdTF8YBYw][test][11],[tbUF3y2YTPm1TPdTF8YBYw][test][10],[q75XUfcITqG3o93Z8EOFnw][test][0],[t8Mqv-hjRzqYCBodDxtrKQ][test][1],[tbUF3y2YTPm1TPdTF8YBYw][test][5],[tbUF3y2YTPm1TPdTF8YBYw][test][4],[tbUF3y2YTPm1TPdTF8YBYw][test][3],[tbUF3y2YTPm1TPdTF8YBYw][test][2],[t8Mqv-hjRzqYCBodDxtrKQ][test][9],[tbUF3y2YTPm1TPdTF8YBYw][test][8],[t8Mqv-hjRzqYCBodDxtrKQ][test][7],[t8Mqv-hjRzqYCBodDxtrKQ][test][6] (cluster state version: 6847)
[2014-02-18 16:00:09,297][TRACE][action.search.type       ] [node_0] Moving to second phase, based on results from: [q75XUfcITqG3o93Z8EOFnw][test][11],[q75XUfcITqG3o93Z8EOFnw][test][10],[t8Mqv-hjRzqYCBodDxtrKQ][test][0],[q75XUfcITqG3o93Z8EOFnw][test][1],[q75XUfcITqG3o93Z8EOFnw][test][5],[q75XUfcITqG3o93Z8EOFnw][test][4],[q75XUfcITqG3o93Z8EOFnw][test][3],[tbUF3y2YTPm1TPdTF8YBYw][test][2],[tbUF3y2YTPm1TPdTF8YBYw][test][9],[t8Mqv-hjRzqYCBodDxtrKQ][test][8],[q75XUfcITqG3o93Z8EOFnw][test][7],[q75XUfcITqG3o93Z8EOFnw][test][6] (cluster state version: 6847)
[2014-02-18 16:00:09,300][TRACE][action.search.type       ] [node_1] Moving to second phase, based on results from: [tbUF3y2YTPm1TPdTF8YBYw][test][11],[q75XUfcITqG3o93Z8EOFnw][test][10],[q75XUfcITqG3o93Z8EOFnw][test][0],[t8Mqv-hjRzqYCBodDxtrKQ][test][1],[q75XUfcITqG3o93Z8EOFnw][test][5],[q75XUfcITqG3o93Z8EOFnw][test][4],[tbUF3y2YTPm1TPdTF8YBYw][test][3],[q75XUfcITqG3o93Z8EOFnw][test][2],[tbUF3y2YTPm1TPdTF8YBYw][test][9],[t8Mqv-hjRzqYCBodDxtrKQ][test][8],[q75XUfcITqG3o93Z8EOFnw][test][7],[q75XUfcITqG3o93Z8EOFnw][test][6] (cluster state version: 6848)
[2014-02-18 16:00:09,304][TRACE][action.search.type       ] [node_0] Moving to second phase, based on results from: [tbUF3y2YTPm1TPdTF8YBYw][test][11],[q75XUfcITqG3o93Z8EOFnw][test][10],[q75XUfcITqG3o93Z8EOFnw][test][0],[q75XUfcITqG3o93Z8EOFnw][test][1],[q75XUfcITqG3o93Z8EOFnw][test][5],[q75XUfcITqG3o93Z8EOFnw][test][4],[q75XUfcITqG3o93Z8EOFnw][test][3],[tbUF3y2YTPm1TPdTF8YBYw][test][2],[t8Mqv-hjRzqYCBodDxtrKQ][test][9],[tbUF3y2YTPm1TPdTF8YBYw][test][8],[q75XUfcITqG3o93Z8EOFnw][test][7],[t8Mqv-hjRzqYCBodDxtrKQ][test][6] (cluster state version: 6848)
[2014-02-18 16:00:09,308][TRACE][action.search.type       ] [node_1] Moving to second phase, based on results from: [q75XUfcITqG3o93Z8EOFnw][test][11],[tbUF3y2YTPm1TPdTF8YBYw][test][10],[t8Mqv-hjRzqYCBodDxtrKQ][test][0],[q75XUfcITqG3o93Z8EOFnw][test][1],[tbUF3y2YTPm1TPdTF8YBYw][test][5],[tbUF3y2YTPm1TPdTF8YBYw][test][4],[q75XUfcITqG3o93Z8EOFnw][test][3],[tbUF3y2YTPm1TPdTF8YBYw][test][2],[t8Mqv-hjRzqYCBodDxtrKQ][test][9],[tbUF3y2YTPm1TPdTF8YBYw][test][8],[t8Mqv-hjRzqYCBodDxtrKQ][test][7],[t8Mqv-hjRzqYCBodDxtrKQ][test][6] (cluster state version: 6848)
[2014-02-18 16:00:09,313][TRACE][action.search.type       ] [node_1] Moving to second phase, based on results from: [tbUF3y2YTPm1TPdTF8YBYw][test][11],[q75XUfcITqG3o93Z8EOFnw][test][10],[q75XUfcITqG3o93Z8EOFnw][test][0],[t8Mqv-hjRzqYCBodDxtrKQ][test][1],[q75XUfcITqG3o93Z8EOFnw][test][5],[q75XUfcITqG3o93Z8EOFnw][test][4],[tbUF3y2YTPm1TPdTF8YBYw][test][3],[q75XUfcITqG3o93Z8EOFnw][test][2],[tbUF3y2YTPm1TPdTF8YBYw][test][9],[t8Mqv-hjRzqYCBodDxtrKQ][test][8],[q75XUfcITqG3o93Z8EOFnw][test][7],[q75XUfcITqG3o93Z8EOFnw][test][6] (cluster state version: 6848)
[2014-02-18 16:00:09,316][TRACE][action.search.type       ] [node_0] Moving to second phase, based on results from: [q75XUfcITqG3o93Z8EOFnw][test][11],[tbUF3y2YTPm1TPdTF8YBYw][test][10],[t8Mqv-hjRzqYCBodDxtrKQ][test][0],[t8Mqv-hjRzqYCBodDxtrKQ][test][1],[tbUF3y2YTPm1TPdTF8YBYw][test][5],[tbUF3y2YTPm1TPdTF8YBYw][test][4],[tbUF3y2YTPm1TPdTF8YBYw][test][3],[q75XUfcITqG3o93Z8EOFnw][test][2],[tbUF3y2YTPm1TPdTF8YBYw][test][9],[t8Mqv-hjRzqYCBodDxtrKQ][test][8],[t8Mqv-hjRzqYCBodDxtrKQ][test][7],[q75XUfcITqG3o93Z8EOFnw][test][6] (cluster state version: 6848)
[2014-02-18 16:00:09,319][TRACE][action.search.type       ] [node_2] Moving to second phase, based on results from: [q75XUfcITqG3o93Z8EOFnw][test][11],[q75XUfcITqG3o93Z8EOFnw][test][10],[q75XUfcITqG3o93Z8EOFnw][test][0],[q75XUfcITqG3o93Z8EOFnw][test][1],[tbUF3y2YTPm1TPdTF8YBYw][test][5],[q75XUfcITqG3o93Z8EOFnw][test][4],[tbUF3y2YTPm1TPdTF8YBYw][test][3],[q75XUfcITqG3o93Z8EOFnw][test][2],[t8Mqv-hjRzqYCBodDxtrKQ][test][9],[tbUF3y2YTPm1TPdTF8YBYw][test][8],[t8Mqv-hjRzqYCBodDxtrKQ][test][7],[q75XUfcITqG3o93Z8EOFnw][test][6] (cluster state version: 6848)
[2014-02-18 16:00:09,322][TRACE][action.search.type       ] [node_2] Moving to second phase, based on results from: [tbUF3y2YTPm1TPdTF8YBYw][test][11],[tbUF3y2YTPm1TPdTF8YBYw][test][10],[t8Mqv-hjRzqYCBodDxtrKQ][test][0],[t8Mqv-hjRzqYCBodDxtrKQ][test][1],[q75XUfcITqG3o93Z8EOFnw][test][5],[tbUF3y2YTPm1TPdTF8YBYw][test][4],[q75XUfcITqG3o93Z8EOFnw][test][3],[tbUF3y2YTPm1TPdTF8YBYw][test][2],[tbUF3y2YTPm1TPdTF8YBYw][test][9],[t8Mqv-hjRzqYCBodDxtrKQ][test][8],[q75XUfcITqG3o93Z8EOFnw][test][7],[t8Mqv-hjRzqYCBodDxtrKQ][test][6] (cluster state version: 6848)
[2014-02-18 16:00:09,324][TRACE][action.search.type       ] [node_1] Moving to second phase, based on results from: [q75XUfcITqG3o93Z8EOFnw][test][11],[tbUF3y2YTPm1TPdTF8YBYw][test][10],[t8Mqv-hjRzqYCBodDxtrKQ][test][0],[q75XUfcITqG3o93Z8EOFnw][test][1],[tbUF3y2YTPm1TPdTF8YBYw][test][5],[tbUF3y2YTPm1TPdTF8YBYw][test][4],[q75XUfcITqG3o93Z8EOFnw][test][3],[tbUF3y2YTPm1TPdTF8YBYw][test][2],[t8Mqv-hjRzqYCBodDxtrKQ][test][9],[tbUF3y2YTPm1TPdTF8YBYw][test][8],[t8Mqv-hjRzqYCBodDxtrKQ][test][7],[t8Mqv-hjRzqYCBodDxtrKQ][test][6] (cluster state version: 6848)
[2014-02-18 16:00:09,328][TRACE][action.search.type       ] [node_2] Moving to second phase, based on results from: [q75XUfcITqG3o93Z8EOFnw][test][11],[q75XUfcITqG3o93Z8EOFnw][test][10],[q75XUfcITqG3o93Z8EOFnw][test][0],[q75XUfcITqG3o93Z8EOFnw][test][1],[tbUF3y2YTPm1TPdTF8YBYw][test][5],[q75XUfcITqG3o93Z8EOFnw][test][4],[tbUF3y2YTPm1TPdTF8YBYw][test][3],[q75XUfcITqG3o93Z8EOFnw][test][2],[t8Mqv-hjRzqYCBodDxtrKQ][test][9],[tbUF3y2YTPm1TPdTF8YBYw][test][8],[t8Mqv-hjRzqYCBodDxtrKQ][test][7],[q75XUfcITqG3o93Z8EOFnw][test][6] (cluster state version: 6848)
[2014-02-18 16:00:09,332][TRACE][action.search.type       ] [node_0] Moving to second phase, based on results from: [tbUF3y2YTPm1TPdTF8YBYw][test][11],[q75XUfcITqG3o93Z8EOFnw][test][10],[q75XUfcITqG3o93Z8EOFnw][test][0],[q75XUfcITqG3o93Z8EOFnw][test][1],[q75XUfcITqG3o93Z8EOFnw][test][5],[q75XUfcITqG3o93Z8EOFnw][test][4],[q75XUfcITqG3o93Z8EOFnw][test][3],[tbUF3y2YTPm1TPdTF8YBYw][test][2],[t8Mqv-hjRzqYCBodDxtrKQ][test][9],[tbUF3y2YTPm1TPdTF8YBYw][test][8],[q75XUfcITqG3o93Z8EOFnw][test][7],[t8Mqv-hjRzqYCBodDxtrKQ][test][6] (cluster state version: 6848)
[2014-02-18 16:00:09,336][TRACE][action.search.type       ] [node_1] Moving to second phase, based on results from: [tbUF3y2YTPm1TPdTF8YBYw][test][11],[q75XUfcITqG3o93Z8EOFnw][test][10],[q75XUfcITqG3o93Z8EOFnw][test][0],[t8Mqv-hjRzqYCBodDxtrKQ][test][1],[q75XUfcITqG3o93Z8EOFnw][test][5],[q75XUfcITqG3o93Z8EOFnw][test][4],[tbUF3y2YTPm1TPdTF8YBYw][test][3],[q75XUfcITqG3o93Z8EOFnw][test][2],[tbUF3y2YTPm1TPdTF8YBYw][test][9],[t8Mqv-hjRzqYCBodDxtrKQ][test][8],[q75XUfcITqG3o93Z8EOFnw][test][7],[q75XUfcITqG3o93Z8EOFnw][test][6] (cluster state version: 6848)
[2014-02-18 16:00:09,339][TRACE][action.search.type       ] [node_1] Moving to second phase, based on results from: [q75XUfcITqG3o93Z8EOFnw][test][11],[tbUF3y2YTPm1TPdTF8YBYw][test][10],[t8Mqv-hjRzqYCBodDxtrKQ][test][0],[q75XUfcITqG3o93Z8EOFnw][test][1],[tbUF3y2YTPm1TPdTF8YBYw][test][5],[tbUF3y2YTPm1TPdTF8YBYw][test][4],[q75XUfcITqG3o93Z8EOFnw][test][3],[tbUF3y2YTPm1TPdTF8YBYw][test][2],[t8Mqv-hjRzqYCBodDxtrKQ][test][9],[tbUF3y2YTPm1TPdTF8YBYw][test][8],[t8Mqv-hjRzqYCBodDxtrKQ][test][7],[t8Mqv-hjRzqYCBodDxtrKQ][test][6] (cluster state version: 6848)
[2014-02-18 16:00:09,343][TRACE][action.search.type       ] [node_0] Moving to second phase, based on results from: [q75XUfcITqG3o93Z8EOFnw][test][11],[tbUF3y2YTPm1TPdTF8YBYw][test][10],[t8Mqv-hjRzqYCBodDxtrKQ][test][0],[t8Mqv-hjRzqYCBodDxtrKQ][test][1],[tbUF3y2YTPm1TPdTF8YBYw][test][5],[tbUF3y2YTPm1TPdTF8YBYw][test][4],[tbUF3y2YTPm1TPdTF8YBYw][test][3],[q75XUfcITqG3o93Z8EOFnw][test][2],[tbUF3y2YTPm1TPdTF8YBYw][test][9],[t8Mqv-hjRzqYCBodDxtrKQ][test][8],[t8Mqv-hjRzqYCBodDxtrKQ][test][7],[q75XUfcITqG3o93Z8EOFnw][test][6] (cluster state version: 6848)
[2014-02-18 16:00:09,346][TRACE][action.search.type       ] [node_1] Moving to second phase, based on results from: [tbUF3y2YTPm1TPdTF8YBYw][test][11],[q75XUfcITqG3o93Z8EOFnw][test][10],[q75XUfcITqG3o93Z8EOFnw][test][0],[t8Mqv-hjRzqYCBodDxtrKQ][test][1],[q75XUfcITqG3o93Z8EOFnw][test][5],[q75XUfcITqG3o93Z8EOFnw][test][4],[tbUF3y2YTPm1TPdTF8YBYw][test][3],[q75XUfcITqG3o93Z8EOFnw][test][2],[tbUF3y2YTPm1TPdTF8YBYw][test][9],[t8Mqv-hjRzqYCBodDxtrKQ][test][8],[q75XUfcITqG3o93Z8EOFnw][test][7],[q75XUfcITqG3o93Z8EOFnw][test][6] (cluster state version: 6848)
[2014-02-18 16:00:09,350][TRACE][action.search.type       ] [node_0] Moving to second phase, based on results from: [tbUF3y2YTPm1TPdTF8YBYw][test][11],[q75XUfcITqG3o93Z8EOFnw][test][10],[q75XUfcITqG3o93Z8EOFnw][test][0],[q75XUfcITqG3o93Z8EOFnw][test][1],[q75XUfcITqG3o93Z8EOFnw][test][5],[q75XUfcITqG3o93Z8EOFnw][test][4],[q75XUfcITqG3o93Z8EOFnw][test][3],[tbUF3y2YTPm1TPdTF8YBYw][test][2],[t8Mqv-hjRzqYCBodDxtrKQ][test][9],[tbUF3y2YTPm1TPdTF8YBYw][test][8],[q75XUfcITqG3o93Z8EOFnw][test][7],[t8Mqv-hjRzqYCBodDxtrKQ][test][6] (cluster state version: 6848)
[2014-02-18 16:00:09,354][TRACE][action.search.type       ] [node_1] Moving to second phase, based on results from: [q75XUfcITqG3o93Z8EOFnw][test][11],[tbUF3y2YTPm1TPdTF8YBYw][test][10],[t8Mqv-hjRzqYCBodDxtrKQ][test][0],[q75XUfcITqG3o93Z8EOFnw][test][1],[tbUF3y2YTPm1TPdTF8YBYw][test][5],[tbUF3y2YTPm1TPdTF8YBYw][test][4],[q75XUfcITqG3o93Z8EOFnw][test][3],[tbUF3y2YTPm1TPdTF8YBYw][test][2],[t8Mqv-hjRzqYCBodDxtrKQ][test][9],[tbUF3y2YTPm1TPdTF8YBYw][test][8],[t8Mqv-hjRzqYCBodDxtrKQ][test][7],[t8Mqv-hjRzqYCBodDxtrKQ][test][6] (cluster state version: 6848)
[2014-02-18 16:00:09,356][TRACE][action.search.type       ] [node_0] Moving to second phase, based on results from: [q75XUfcITqG3o93Z8EOFnw][test][11],[tbUF3y2YTPm1TPdTF8YBYw][test][10],[t8Mqv-hjRzqYCBodDxtrKQ][test][0],[t8Mqv-hjRzqYCBodDxtrKQ][test][1],[tbUF3y2YTPm1TPdTF8YBYw][test][5],[tbUF3y2YTPm1TPdTF8YBYw][test][4],[tbUF3y2YTPm1TPdTF8YBYw][test][3],[q75XUfcITqG3o93Z8EOFnw][test][2],[tbUF3y2YTPm1TPdTF8YBYw][test][9],[t8Mqv-hjRzqYCBodDxtrKQ][test][8],[t8Mqv-hjRzqYCBodDxtrKQ][test][7],[q75XUfcITqG3o93Z8EOFnw][test][6] (cluster state version: 6848)
[2014-02-18 16:00:09,360][TRACE][action.search.type       ] [node_1] Moving to second phase, based on results from: [tbUF3y2YTPm1TPdTF8YBYw][test][11],[q75XUfcITqG3o93Z8EOFnw][test][10],[q75XUfcITqG3o93Z8EOFnw][test][0],[t8Mqv-hjRzqYCBodDxtrKQ][test][1],[q75XUfcITqG3o93Z8EOFnw][test][5],[q75XUfcITqG3o93Z8EOFnw][test][4],[tbUF3y2YTPm1TPdTF8YBYw][test][3],[q75XUfcITqG3o93Z8EOFnw][test][2],[tbUF3y2YTPm1TPdTF8YBYw][test][9],[t8Mqv-hjRzqYCBodDxtrKQ][test][8],[q75XUfcITqG3o93Z8EOFnw][test][7],[q75XUfcITqG3o93Z8EOFnw][test][6] (cluster state version: 6848)
[2014-02-18 16:00:09,365][TRACE][action.search.type       ] [node_1] Moving to second phase, based on results from: [q75XUfcITqG3o93Z8EOFnw][test][11],[tbUF3y2YTPm1TPdTF8YBYw][test][10],[t8Mqv-hjRzqYCBodDxtrKQ][test][0],[q75XUfcITqG3o93Z8EOFnw][test][1],[tbUF3y2YTPm1TPdTF8YBYw][test][5],[tbUF3y2YTPm1TPdTF8YBYw][test][4],[q75XUfcITqG3o93Z8EOFnw][test][3],[tbUF3y2YTPm1TPdTF8YBYw][test][2],[t8Mqv-hjRzqYCBodDxtrKQ][test][9],[tbUF3y2YTPm1TPdTF8YBYw][test][8],[t8Mqv-hjRzqYCBodDxtrKQ][test][7],[t8Mqv-hjRzqYCBodDxtrKQ][test][6] (cluster state version: 6848)
[2014-02-18 16:00:09,369][TRACE][action.search.type       ] [node_2] Moving to second phase, based on results from: [tbUF3y2YTPm1TPdTF8YBYw][test][11],[tbUF3y2YTPm1TPdTF8YBYw][test][10],[t8Mqv-hjRzqYCBodDxtrKQ][test][0],[t8Mqv-hjRzqYCBodDxtrKQ][test][1],[q75XUfcITqG3o93Z8EOFnw][test][5],[tbUF3y2YTPm1TPdTF8YBYw][test][4],[q75XUfcITqG3o93Z8EOFnw][test][3],[tbUF3y2YTPm1TPdTF8YBYw][test][2],[tbUF3y2YTPm1TPdTF8YBYw][test][9],[t8Mqv-hjRzqYCBodDxtrKQ][test][8],[q75XUfcITqG3o93Z8EOFnw][test][7],[t8Mqv-hjRzqYCBodDxtrKQ][test][6] (cluster state version: 6848)
[2014-02-18 16:00:09,374][TRACE][action.search.type       ] [node_2] Moving to second phase, based on results from: [q75XUfcITqG3o93Z8EOFnw][test][11],[q75XUfcITqG3o93Z8EOFnw][test][10],[q75XUfcITqG3o93Z8EOFnw][test][0],[q75XUfcITqG3o93Z8EOFnw][test][1],[tbUF3y2YTPm1TPdTF8YBYw][test][5],[q75XUfcITqG3o93Z8EOFnw][test][4],[tbUF3y2YTPm1TPdTF8YBYw][test][3],[q75XUfcITqG3o93Z8EOFnw][test][2],[t8Mqv-hjRzqYCBodDxtrKQ][test][9],[tbUF3y2YTPm1TPdTF8YBYw][test][8],[t8Mqv-hjRzqYCBodDxtrKQ][test][7],[q75XUfcITqG3o93Z8EOFnw][test][6] (cluster state version: 6848)
[2014-02-18 16:00:09,378][TRACE][action.search.type       ] [node_0] Moving to second phase, based on results from: [tbUF3y2YTPm1TPdTF8YBYw][test][11],[q75XUfcITqG3o93Z8EOFnw][test][10],[q75XUfcITqG3o93Z8EOFnw][test][0],[q75XUfcITqG3o93Z8EOFnw][test][1],[q75XUfcITqG3o93Z8EOFnw][test][5],[q75XUfcITqG3o93Z8EOFnw][test][4],[q75XUfcITqG3o93Z8EOFnw][test][3],[tbUF3y2YTPm1TPdTF8YBYw][test][2],[t8Mqv-hjRzqYCBodDxtrKQ][test][9],[tbUF3y2YTPm1TPdTF8YBYw][test][8],[q75XUfcITqG3o93Z8EOFnw][test][7],[t8Mqv-hjRzqYCBodDxtrKQ][test][6] (cluster state version: 6848)
[2014-02-18 16:00:09,381][TRACE][action.search.type       ] [node_1] Moving to second phase, based on results from: [tbUF3y2YTPm1TPdTF8YBYw][test][11],[q75XUfcITqG3o93Z8EOFnw][test][10],[q75XUfcITqG3o93Z8EOFnw][test][0],[t8Mqv-hjRzqYCBodDxtrKQ][test][1],[q75XUfcITqG3o93Z8EOFnw][test][5],[q75XUfcITqG3o93Z8EOFnw][test][4],[tbUF3y2YTPm1TPdTF8YBYw][test][3],[q75XUfcITqG3o93Z8EOFnw][test][2],[tbUF3y2YTPm1TPdTF8YBYw][test][9],[t8Mqv-hjRzqYCBodDxtrKQ][test][8],[q75XUfcITqG3o93Z8EOFnw][test][7],[q75XUfcITqG3o93Z8EOFnw][test][6] (cluster state version: 6848)
[2014-02-18 16:00:09,385][TRACE][action.search.type       ] [node_1] Moving to second phase, based on results from: [q75XUfcITqG3o93Z8EOFnw][test][11],[tbUF3y2YTPm1TPdTF8YBYw][test][10],[t8Mqv-hjRzqYCBodDxtrKQ][test][0],[q75XUfcITqG3o93Z8EOFnw][test][1],[tbUF3y2YTPm1TPdTF8YBYw][test][5],[tbUF3y2YTPm1TPdTF8YBYw][test][4],[q75XUfcITqG3o93Z8EOFnw][test][3],[tbUF3y2YTPm1TPdTF8YBYw][test][2],[t8Mqv-hjRzqYCBodDxtrKQ][test][9],[tbUF3y2YTPm1TPdTF8YBYw][test][8],[t8Mqv-hjRzqYCBodDxtrKQ][test][7],[t8Mqv-hjRzqYCBodDxtrKQ][test][6] (cluster state version: 6848)
[2014-02-18 16:00:09,388][TRACE][action.search.type       ] [node_0] Moving to second phase, based on results from: [q75XUfcITqG3o93Z8EOFnw][test][11],[tbUF3y2YTPm1TPdTF8YBYw][test][10],[t8Mqv-hjRzqYCBodDxtrKQ][test][0],[t8Mqv-hjRzqYCBodDxtrKQ][test][1],[tbUF3y2YTPm1TPdTF8YBYw][test][5],[tbUF3y2YTPm1TPdTF8YBYw][test][4],[tbUF3y2YTPm1TPdTF8YBYw][test][3],[q75XUfcITqG3o93Z8EOFnw][test][2],[tbUF3y2YTPm1TPdTF8YBYw][test][9],[t8Mqv-hjRzqYCBodDxtrKQ][test][8],[t8Mqv-hjRzqYCBodDxtrKQ][test][7],[q75XUfcITqG3o93Z8EOFnw][test][6] (cluster state version: 6848)
[2014-02-18 16:00:09,391][TRACE][action.search.type       ] [node_1] Moving to second phase, based on results from: [tbUF3y2YTPm1TPdTF8YBYw][test][11],[q75XUfcITqG3o93Z8EOFnw][test][10],[q75XUfcITqG3o93Z8EOFnw][test][0],[t8Mqv-hjRzqYCBodDxtrKQ][test][1],[q75XUfcITqG3o93Z8EOFnw][test][5],[q75XUfcITqG3o93Z8EOFnw][test][4],[tbUF3y2YTPm1TPdTF8YBYw][test][3],[q75XUfcITqG3o93Z8EOFnw][test][2],[tbUF3y2YTPm1TPdTF8YBYw][test][9],[t8Mqv-hjRzqYCBodDxtrKQ][test][8],[q75XUfcITqG3o93Z8EOFnw][test][7],[q75XUfcITqG3o93Z8EOFnw][test][6] (cluster state version: 6848)
[2014-02-18 16:00:09,394][TRACE][action.search.type       ] [node_1] Moving to second phase, based on results from: [q75XUfcITqG3o93Z8EOFnw][test][11],[tbUF3y2YTPm1TPdTF8YBYw][test][10],[t8Mqv-hjRzqYCBodDxtrKQ][test][0],[q75XUfcITqG3o93Z8EOFnw][test][1],[tbUF3y2YTPm1TPdTF8YBYw][test][5],[tbUF3y2YTPm1TPdTF8YBYw][test][4],[q75XUfcITqG3o93Z8EOFnw][test][3],[tbUF3y2YTPm1TPdTF8YBYw][test][2],[t8Mqv-hjRzqYCBodDxtrKQ][test][9],[tbUF3y2YTPm1TPdTF8YBYw][test][8],[t8Mqv-hjRzqYCBodDxtrKQ][test][7],[t8Mqv-hjRzqYCBodDxtrKQ][test][6] (cluster state version: 6848)
[2014-02-18 16:00:09,410][TRACE][action.search.type       ] [node_1] Moving to second phase, based on results from: [tbUF3y2YTPm1TPdTF8YBYw][test][11],[q75XUfcITqG3o93Z8EOFnw][test][10],[q75XUfcITqG3o93Z8EOFnw][test][0],[t8Mqv-hjRzqYCBodDxtrKQ][test][1],[q75XUfcITqG3o93Z8EOFnw][test][5],[q75XUfcITqG3o93Z8EOFnw][test][4],[tbUF3y2YTPm1TPdTF8YBYw][test][3],[q75XUfcITqG3o93Z8EOFnw][test][2],[tbUF3y2YTPm1TPdTF8YBYw][test][9],[t8Mqv-hjRzqYCBodDxtrKQ][test][8],[q75XUfcITqG3o93Z8EOFnw][test][7],[q75XUfcITqG3o93Z8EOFnw][test][6] (cluster state version: 6848)
[2014-02-18 16:00:09,414][TRACE][action.search.type       ] [node_0] Moving to second phase, based on results from: [tbUF3y2YTPm1TPdTF8YBYw][test][11],[q75XUfcITqG3o93Z8EOFnw][test][10],[q75XUfcITqG3o93Z8EOFnw][test][0],[q75XUfcITqG3o93Z8EOFnw][test][1],[q75XUfcITqG3o93Z8EOFnw][test][5],[q75XUfcITqG3o93Z8EOFnw][test][4],[q75XUfcITqG3o93Z8EOFnw][test][3],[tbUF3y2YTPm1TPdTF8YBYw][test][2],[t8Mqv-hjRzqYCBodDxtrKQ][test][9],[tbUF3y2YTPm1TPdTF8YBYw][test][8],[q75XUfcITqG3o93Z8EOFnw][test][7],[t8Mqv-hjRzqYCBodDxtrKQ][test][6] (cluster state version: 6848)
[2014-02-18 16:00:09,417][TRACE][action.search.type       ] [node_2] Moving to second phase, based on results from: [tbUF3y2YTPm1TPdTF8YBYw][test][11],[q75XUfcITqG3o93Z8EOFnw][test][10],[q75XUfcITqG3o93Z8EOFnw][test][0],[q75XUfcITqG3o93Z8EOFnw][test][1],[tbUF3y2YTPm1TPdTF8YBYw][test][5],[tbUF3y2YTPm1TPdTF8YBYw][test][4],[q75XUfcITqG3o93Z8EOFnw][test][3],[q75XUfcITqG3o93Z8EOFnw][test][2],[t8Mqv-hjRzqYCBodDxtrKQ][test][9],[t8Mqv-hjRzqYCBodDxtrKQ][test][8],[t8Mqv-hjRzqYCBodDxtrKQ][test][7],[t8Mqv-hjRzqYCBodDxtrKQ][test][6] (cluster state version: 6849)
[2014-02-18 16:00:09,422][TRACE][action.search.type       ] [node_1] Moving to second phase, based on results from: [tbUF3y2YTPm1TPdTF8YBYw][test][11],[tbUF3y2YTPm1TPdTF8YBYw][test][10],[q75XUfcITqG3o93Z8EOFnw][test][0],[t8Mqv-hjRzqYCBodDxtrKQ][test][1],[q75XUfcITqG3o93Z8EOFnw][test][5],[tbUF3y2YTPm1TPdTF8YBYw][test][4],[tbUF3y2YTPm1TPdTF8YBYw][test][3],[q75XUfcITqG3o93Z8EOFnw][test][2],[q75XUfcITqG3o93Z8EOFnw][test][9],[t8Mqv-hjRzqYCBodDxtrKQ][test][8],[q75XUfcITqG3o93Z8EOFnw][test][7],[q75XUfcITqG3o93Z8EOFnw][test][6] (cluster state version: 6849)
[2014-02-18 16:00:09,424][TRACE][action.search.type       ] [node_2] Moving to second phase, based on results from: [q75XUfcITqG3o93Z8EOFnw][test][11],[tbUF3y2YTPm1TPdTF8YBYw][test][10],[t8Mqv-hjRzqYCBodDxtrKQ][test][0],[t8Mqv-hjRzqYCBodDxtrKQ][test][1],[q75XUfcITqG3o93Z8EOFnw][test][5],[q75XUfcITqG3o93Z8EOFnw][test][4],[tbUF3y2YTPm1TPdTF8YBYw][test][3],[tbUF3y2YTPm1TPdTF8YBYw][test][2],[q75XUfcITqG3o93Z8EOFnw][test][9],[tbUF3y2YTPm1TPdTF8YBYw][test][8],[q75XUfcITqG3o93Z8EOFnw][test][7],[q75XUfcITqG3o93Z8EOFnw][test][6] (cluster state version: 6849)
[2014-02-18 16:00:09,430][TRACE][action.search.type       ] [node_2] Moving to second phase, based on results from: [q75XUfcITqG3o93Z8EOFnw][test][11],[tbUF3y2YTPm1TPdTF8YBYw][test][10],[t8Mqv-hjRzqYCBodDxtrKQ][test][0],[t8Mqv-hjRzqYCBodDxtrKQ][test][1],[tbUF3y2YTPm1TPdTF8YBYw][test][5],[q75XUfcITqG3o93Z8EOFnw][test][4],[q75XUfcITqG3o93Z8EOFnw][test][3],[tbUF3y2YTPm1TPdTF8YBYw][test][2],[q75XUfcITqG3o93Z8EOFnw][test][9],[q75XUfcITqG3o93Z8EOFnw][test][8],[t8Mqv-hjRzqYCBodDxtrKQ][test][7],[q75XUfcITqG3o93Z8EOFnw][test][6] (cluster state version: 6850)
[2014-02-18 16:00:09,433][TRACE][action.search.type       ] [node_0] Moving to second phase, based on results from: [tbUF3y2YTPm1TPdTF8YBYw][test][11],[tbUF3y2YTPm1TPdTF8YBYw][test][10],[t8Mqv-hjRzqYCBodDxtrKQ][test][0],[t8Mqv-hjRzqYCBodDxtrKQ][test][1],[q75XUfcITqG3o93Z8EOFnw][test][5],[tbUF3y2YTPm1TPdTF8YBYw][test][4],[q75XUfcITqG3o93Z8EOFnw][test][3],[q75XUfcITqG3o93Z8EOFnw][test][2],[t8Mqv-hjRzqYCBodDxtrKQ][test][9],[tbUF3y2YTPm1TPdTF8YBYw][test][8],[t8Mqv-hjRzqYCBodDxtrKQ][test][7],[t8Mqv-hjRzqYCBodDxtrKQ][test][6] (cluster state version: 6849)
[2014-02-18 16:00:09,439][TRACE][action.search.type       ] [node_0] [test][8], node[t8Mqv-hjRzqYCBodDxtrKQ], relocating [q75XUfcITqG3o93Z8EOFnw], [R], s[RELOCATING]: Failed to execute [org.elasticsearch.action.search.SearchRequest@4a03040f] lastShard [false]
org.elasticsearch.transport.RemoteTransportException: [node_1][inet[/10.1.10.75:9301]][search/phase/query]
Caused by: org.elasticsearch.index.IndexShardMissingException: [test][8] missing
	at org.elasticsearch.index.service.InternalIndexService.shardSafe(InternalIndexService.java:184)
	at org.elasticsearch.search.SearchService.createContext(SearchService.java:479)
	at org.elasticsearch.search.SearchService.createContext(SearchService.java:474)
	at org.elasticsearch.search.SearchService.createAndPutContext(SearchService.java:467)
	at org.elasticsearch.search.SearchService.executeQueryPhase(SearchService.java:239)
	at org.elasticsearch.search.action.SearchServiceTransportAction$SearchQueryTransportHandler.messageReceived(SearchServiceTransportAction.java:623)
	at org.elasticsearch.search.action.SearchServiceTransportAction$SearchQueryTransportHandler.messageReceived(SearchServiceTransportAction.java:612)
	at org.elasticsearch.transport.netty.MessageChannelHandler$RequestHandler.run(MessageChannelHandler.java:270)
	at java.util.concurrent.ThreadPoolExecutor.runWorker(ThreadPoolExecutor.java:1145)
	at java.util.concurrent.ThreadPoolExecutor$Worker.run(ThreadPoolExecutor.java:615)
	at java.lang.Thread.run(Thread.java:744)
[2014-02-18 16:00:09,440][TRACE][action.search.type       ] [node_0] Moving to second phase, based on results from: [q75XUfcITqG3o93Z8EOFnw][test][11],[q75XUfcITqG3o93Z8EOFnw][test][10],[q75XUfcITqG3o93Z8EOFnw][test][0],[q75XUfcITqG3o93Z8EOFnw][test][1],[tbUF3y2YTPm1TPdTF8YBYw][test][5],[q75XUfcITqG3o93Z8EOFnw][test][4],[tbUF3y2YTPm1TPdTF8YBYw][test][3],[tbUF3y2YTPm1TPdTF8YBYw][test][2],[q75XUfcITqG3o93Z8EOFnw][test][9],[tbUF3y2YTPm1TPdTF8YBYw][test][8],[q75XUfcITqG3o93Z8EOFnw][test][7],[q75XUfcITqG3o93Z8EOFnw][test][6] (cluster state version: 6849)
[2014-02-18 16:00:09,443][TRACE][action.search.type       ] [node_0] Moving to second phase, based on results from: [q75XUfcITqG3o93Z8EOFnw][test][11],[tbUF3y2YTPm1TPdTF8YBYw][test][10],[t8Mqv-hjRzqYCBodDxtrKQ][test][0],[t8Mqv-hjRzqYCBodDxtrKQ][test][1],[q75XUfcITqG3o93Z8EOFnw][test][5],[tbUF3y2YTPm1TPdTF8YBYw][test][4],[q75XUfcITqG3o93Z8EOFnw][test][3],[tbUF3y2YTPm1TPdTF8YBYw][test][2],[t8Mqv-hjRzqYCBodDxtrKQ][test][9],[q75XUfcITqG3o93Z8EOFnw][test][8],[t8Mqv-hjRzqYCBodDxtrKQ][test][7],[t8Mqv-hjRzqYCBodDxtrKQ][test][6] (cluster state version: 6850)
[2014-02-18 16:00:09,446][TRACE][action.search.type       ] [node_1] Moving to second phase, based on results from: [tbUF3y2YTPm1TPdTF8YBYw][test][11],[tbUF3y2YTPm1TPdTF8YBYw][test][10],[t8Mqv-hjRzqYCBodDxtrKQ][test][0],[q75XUfcITqG3o93Z8EOFnw][test][1],[tbUF3y2YTPm1TPdTF8YBYw][test][5],[tbUF3y2YTPm1TPdTF8YBYw][test][4],[tbUF3y2YTPm1TPdTF8YBYw][test][3],[tbUF3y2YTPm1TPdTF8YBYw][test][2],[q75XUfcITqG3o93Z8EOFnw][test][9],[tbUF3y2YTPm1TPdTF8YBYw][test][8],[t8Mqv-hjRzqYCBodDxtrKQ][test][7],[t8Mqv-hjRzqYCBodDxtrKQ][test][6] (cluster state version: 6850)
[2014-02-18 16:00:09,449][TRACE][action.search.type       ] [node_1] Moving to second phase, based on results from: [q75XUfcITqG3o93Z8EOFnw][test][11],[q75XUfcITqG3o93Z8EOFnw][test][10],[q75XUfcITqG3o93Z8EOFnw][test][0],[t8Mqv-hjRzqYCBodDxtrKQ][test][1],[q75XUfcITqG3o93Z8EOFnw][test][5],[q75XUfcITqG3o93Z8EOFnw][test][4],[q75XUfcITqG3o93Z8EOFnw][test][3],[q75XUfcITqG3o93Z8EOFnw][test][2],[t8Mqv-hjRzqYCBodDxtrKQ][test][9],[q75XUfcITqG3o93Z8EOFnw][test][8],[q75XUfcITqG3o93Z8EOFnw][test][7],[q75XUfcITqG3o93Z8EOFnw][test][6] (cluster state version: 6850)
[2014-02-18 16:00:09,452][TRACE][action.search.type       ] [node_1] Moving to second phase, based on results from: [tbUF3y2YTPm1TPdTF8YBYw][test][11],[tbUF3y2YTPm1TPdTF8YBYw][test][10],[t8Mqv-hjRzqYCBodDxtrKQ][test][0],[q75XUfcITqG3o93Z8EOFnw][test][1],[tbUF3y2YTPm1TPdTF8YBYw][test][5],[tbUF3y2YTPm1TPdTF8YBYw][test][4],[tbUF3y2YTPm1TPdTF8YBYw][test][3],[tbUF3y2YTPm1TPdTF8YBYw][test][2],[q75XUfcITqG3o93Z8EOFnw][test][9],[tbUF3y2YTPm1TPdTF8YBYw][test][8],[t8Mqv-hjRzqYCBodDxtrKQ][test][7],[t8Mqv-hjRzqYCBodDxtrKQ][test][6] (cluster state version: 6850)
[2014-02-18 16:00:09,455][TRACE][action.search.type       ] [node_1] Moving to second phase, based on results from: [q75XUfcITqG3o93Z8EOFnw][test][11],[q75XUfcITqG3o93Z8EOFnw][test][10],[q75XUfcITqG3o93Z8EOFnw][test][0],[t8Mqv-hjRzqYCBodDxtrKQ][test][1],[q75XUfcITqG3o93Z8EOFnw][test][5],[q75XUfcITqG3o93Z8EOFnw][test][4],[q75XUfcITqG3o93Z8EOFnw][test][3],[q75XUfcITqG3o93Z8EOFnw][test][2],[t8Mqv-hjRzqYCBodDxtrKQ][test][9],[q75XUfcITqG3o93Z8EOFnw][test][8],[q75XUfcITqG3o93Z8EOFnw][test][7],[q75XUfcITqG3o93Z8EOFnw][test][6] (cluster state version: 6850)
[2014-02-18 16:00:09,458][TRACE][action.search.type       ] [node_0] Moving to second phase, based on results from: [tbUF3y2YTPm1TPdTF8YBYw][test][11],[q75XUfcITqG3o93Z8EOFnw][test][10],[q75XUfcITqG3o93Z8EOFnw][test][0],[q75XUfcITqG3o93Z8EOFnw][test][1],[tbUF3y2YTPm1TPdTF8YBYw][test][5],[q75XUfcITqG3o93Z8EOFnw][test][4],[tbUF3y2YTPm1TPdTF8YBYw][test][3],[q75XUfcITqG3o93Z8EOFnw][test][2],[q75XUfcITqG3o93Z8EOFnw][test][9],[tbUF3y2YTPm1TPdTF8YBYw][test][8],[q75XUfcITqG3o93Z8EOFnw][test][7],[q75XUfcITqG3o93Z8EOFnw][test][6] (cluster state version: 6850)
[2014-02-18 16:00:09,461][TRACE][action.search.type       ] [node_2] Moving to second phase, based on results from: [tbUF3y2YTPm1TPdTF8YBYw][test][11],[q75XUfcITqG3o93Z8EOFnw][test][10],[q75XUfcITqG3o93Z8EOFnw][test][0],[q75XUfcITqG3o93Z8EOFnw][test][1],[q75XUfcITqG3o93Z8EOFnw][test][5],[tbUF3y2YTPm1TPdTF8YBYw][test][4],[tbUF3y2YTPm1TPdTF8YBYw][test][3],[q75XUfcITqG3o93Z8EOFnw][test][2],[t8Mqv-hjRzqYCBodDxtrKQ][test][9],[tbUF3y2YTPm1TPdTF8YBYw][test][8],[q75XUfcITqG3o93Z8EOFnw][test][7],[t8Mqv-hjRzqYCBodDxtrKQ][test][6] (cluster state version: 6850)
[2014-02-18 16:00:09,464][TRACE][action.search.type       ] [node_1] Moving to second phase, based on results from: [tbUF3y2YTPm1TPdTF8YBYw][test][11],[tbUF3y2YTPm1TPdTF8YBYw][test][10],[t8Mqv-hjRzqYCBodDxtrKQ][test][0],[q75XUfcITqG3o93Z8EOFnw][test][1],[tbUF3y2YTPm1TPdTF8YBYw][test][5],[tbUF3y2YTPm1TPdTF8YBYw][test][4],[tbUF3y2YTPm1TPdTF8YBYw][test][3],[tbUF3y2YTPm1TPdTF8YBYw][test][2],[q75XUfcITqG3o93Z8EOFnw][test][9],[tbUF3y2YTPm1TPdTF8YBYw][test][8],[t8Mqv-hjRzqYCBodDxtrKQ][test][7],[t8Mqv-hjRzqYCBodDxtrKQ][test][6] (cluster state version: 6850)
[2014-02-18 16:00:09,467][TRACE][action.search.type       ] [node_0] Moving to second phase, based on results from: [q75XUfcITqG3o93Z8EOFnw][test][11],[tbUF3y2YTPm1TPdTF8YBYw][test][10],[t8Mqv-hjRzqYCBodDxtrKQ][test][0],[t8Mqv-hjRzqYCBodDxtrKQ][test][1],[q75XUfcITqG3o93Z8EOFnw][test][5],[tbUF3y2YTPm1TPdTF8YBYw][test][4],[q75XUfcITqG3o93Z8EOFnw][test][3],[tbUF3y2YTPm1TPdTF8YBYw][test][2],[t8Mqv-hjRzqYCBodDxtrKQ][test][9],[q75XUfcITqG3o93Z8EOFnw][test][8],[t8Mqv-hjRzqYCBodDxtrKQ][test][7],[t8Mqv-hjRzqYCBodDxtrKQ][test][6] (cluster state version: 6850)
[2014-02-18 16:00:09,470][TRACE][action.search.type       ] [node_2] Moving to second phase, based on results from: [q75XUfcITqG3o93Z8EOFnw][test][11],[tbUF3y2YTPm1TPdTF8YBYw][test][10],[t8Mqv-hjRzqYCBodDxtrKQ][test][0],[t8Mqv-hjRzqYCBodDxtrKQ][test][1],[tbUF3y2YTPm1TPdTF8YBYw][test][5],[q75XUfcITqG3o93Z8EOFnw][test][4],[q75XUfcITqG3o93Z8EOFnw][test][3],[tbUF3y2YTPm1TPdTF8YBYw][test][2],[q75XUfcITqG3o93Z8EOFnw][test][9],[q75XUfcITqG3o93Z8EOFnw][test][8],[t8Mqv-hjRzqYCBodDxtrKQ][test][7],[q75XUfcITqG3o93Z8EOFnw][test][6] (cluster state version: 6850)
[2014-02-18 16:00:09,472][TRACE][action.search.type       ] [node_2] Moving to second phase, based on results from: [tbUF3y2YTPm1TPdTF8YBYw][test][11],[q75XUfcITqG3o93Z8EOFnw][test][10],[q75XUfcITqG3o93Z8EOFnw][test][0],[q75XUfcITqG3o93Z8EOFnw][test][1],[q75XUfcITqG3o93Z8EOFnw][test][5],[tbUF3y2YTPm1TPdTF8YBYw][test][4],[tbUF3y2YTPm1TPdTF8YBYw][test][3],[q75XUfcITqG3o93Z8EOFnw][test][2],[t8Mqv-hjRzqYCBodDxtrKQ][test][9],[tbUF3y2YTPm1TPdTF8YBYw][test][8],[q75XUfcITqG3o93Z8EOFnw][test][7],[t8Mqv-hjRzqYCBodDxtrKQ][test][6] (cluster state version: 6850)
[2014-02-18 16:00:09,474][TRACE][action.search.type       ] [node_1] Moving to second phase, based on results from: [q75XUfcITqG3o93Z8EOFnw][test][11],[q75XUfcITqG3o93Z8EOFnw][test][10],[q75XUfcITqG3o93Z8EOFnw][test][0],[t8Mqv-hjRzqYCBodDxtrKQ][test][1],[q75XUfcITqG3o93Z8EOFnw][test][5],[q75XUfcITqG3o93Z8EOFnw][test][4],[q75XUfcITqG3o93Z8EOFnw][test][3],[q75XUfcITqG3o93Z8EOFnw][test][2],[t8Mqv-hjRzqYCBodDxtrKQ][test][9],[q75XUfcITqG3o93Z8EOFnw][test][8],[q75XUfcITqG3o93Z8EOFnw][test][7],[q75XUfcITqG3o93Z8EOFnw][test][6] (cluster state version: 6850)
[2014-02-18 16:00:09,476][TRACE][action.search.type       ] [node_0] Moving to second phase, based on results from: [tbUF3y2YTPm1TPdTF8YBYw][test][11],[q75XUfcITqG3o93Z8EOFnw][test][10],[q75XUfcITqG3o93Z8EOFnw][test][0],[q75XUfcITqG3o93Z8EOFnw][test][1],[tbUF3y2YTPm1TPdTF8YBYw][test][5],[q75XUfcITqG3o93Z8EOFnw][test][4],[tbUF3y2YTPm1TPdTF8YBYw][test][3],[q75XUfcITqG3o93Z8EOFnw][test][2],[q75XUfcITqG3o93Z8EOFnw][test][9],[tbUF3y2YTPm1TPdTF8YBYw][test][8],[q75XUfcITqG3o93Z8EOFnw][test][7],[q75XUfcITqG3o93Z8EOFnw][test][6] (cluster state version: 6850)
[2014-02-18 16:00:09,479][TRACE][action.search.type       ] [node_1] Moving to second phase, based on results from: [tbUF3y2YTPm1TPdTF8YBYw][test][11],[tbUF3y2YTPm1TPdTF8YBYw][test][10],[t8Mqv-hjRzqYCBodDxtrKQ][test][0],[q75XUfcITqG3o93Z8EOFnw][test][1],[tbUF3y2YTPm1TPdTF8YBYw][test][5],[tbUF3y2YTPm1TPdTF8YBYw][test][4],[tbUF3y2YTPm1TPdTF8YBYw][test][3],[tbUF3y2YTPm1TPdTF8YBYw][test][2],[q75XUfcITqG3o93Z8EOFnw][test][9],[tbUF3y2YTPm1TPdTF8YBYw][test][8],[t8Mqv-hjRzqYCBodDxtrKQ][test][7],[t8Mqv-hjRzqYCBodDxtrKQ][test][6] (cluster state version: 6850)
[2014-02-18 16:00:09,481][TRACE][action.search.type       ] [node_2] Moving to second phase, based on results from: [q75XUfcITqG3o93Z8EOFnw][test][11],[tbUF3y2YTPm1TPdTF8YBYw][test][10],[t8Mqv-hjRzqYCBodDxtrKQ][test][0],[t8Mqv-hjRzqYCBodDxtrKQ][test][1],[tbUF3y2YTPm1TPdTF8YBYw][test][5],[q75XUfcITqG3o93Z8EOFnw][test][4],[q75XUfcITqG3o93Z8EOFnw][test][3],[tbUF3y2YTPm1TPdTF8YBYw][test][2],[q75XUfcITqG3o93Z8EOFnw][test][9],[q75XUfcITqG3o93Z8EOFnw][test][8],[t8Mqv-hjRzqYCBodDxtrKQ][test][7],[q75XUfcITqG3o93Z8EOFnw][test][6] (cluster state version: 6850)
[2014-02-18 16:00:09,484][TRACE][action.search.type       ] [node_0] Moving to second phase, based on results from: [q75XUfcITqG3o93Z8EOFnw][test][11],[tbUF3y2YTPm1TPdTF8YBYw][test][10],[t8Mqv-hjRzqYCBodDxtrKQ][test][0],[t8Mqv-hjRzqYCBodDxtrKQ][test][1],[q75XUfcITqG3o93Z8EOFnw][test][5],[tbUF3y2YTPm1TPdTF8YBYw][test][4],[q75XUfcITqG3o93Z8EOFnw][test][3],[tbUF3y2YTPm1TPdTF8YBYw][test][2],[t8Mqv-hjRzqYCBodDxtrKQ][test][9],[q75XUfcITqG3o93Z8EOFnw][test][8],[t8Mqv-hjRzqYCBodDxtrKQ][test][7],[t8Mqv-hjRzqYCBodDxtrKQ][test][6] (cluster state version: 6850)
[2014-02-18 16:00:09,486][TRACE][action.search.type       ] [node_0] Moving to second phase, based on results from: [tbUF3y2YTPm1TPdTF8YBYw][test][11],[q75XUfcITqG3o93Z8EOFnw][test][10],[q75XUfcITqG3o93Z8EOFnw][test][0],[q75XUfcITqG3o93Z8EOFnw][test][1],[tbUF3y2YTPm1TPdTF8YBYw][test][5],[q75XUfcITqG3o93Z8EOFnw][test][4],[tbUF3y2YTPm1TPdTF8YBYw][test][3],[q75XUfcITqG3o93Z8EOFnw][test][2],[q75XUfcITqG3o93Z8EOFnw][test][9],[tbUF3y2YTPm1TPdTF8YBYw][test][8],[q75XUfcITqG3o93Z8EOFnw][test][7],[q75XUfcITqG3o93Z8EOFnw][test][6] (cluster state version: 6850)
[2014-02-18 16:00:09,489][TRACE][action.search.type       ] [node_1] Moving to second phase, based on results from: [q75XUfcITqG3o93Z8EOFnw][test][11],[q75XUfcITqG3o93Z8EOFnw][test][10],[q75XUfcITqG3o93Z8EOFnw][test][0],[t8Mqv-hjRzqYCBodDxtrKQ][test][1],[q75XUfcITqG3o93Z8EOFnw][test][5],[q75XUfcITqG3o93Z8EOFnw][test][4],[q75XUfcITqG3o93Z8EOFnw][test][3],[q75XUfcITqG3o93Z8EOFnw][test][2],[t8Mqv-hjRzqYCBodDxtrKQ][test][9],[q75XUfcITqG3o93Z8EOFnw][test][8],[q75XUfcITqG3o93Z8EOFnw][test][7],[q75XUfcITqG3o93Z8EOFnw][test][6] (cluster state version: 6850)
[2014-02-18 16:00:09,492][TRACE][action.search.type       ] [node_0] Moving to second phase, based on results from: [q75XUfcITqG3o93Z8EOFnw][test][11],[tbUF3y2YTPm1TPdTF8YBYw][test][10],[t8Mqv-hjRzqYCBodDxtrKQ][test][0],[t8Mqv-hjRzqYCBodDxtrKQ][test][1],[q75XUfcITqG3o93Z8EOFnw][test][5],[tbUF3y2YTPm1TPdTF8YBYw][test][4],[q75XUfcITqG3o93Z8EOFnw][test][3],[tbUF3y2YTPm1TPdTF8YBYw][test][2],[t8Mqv-hjRzqYCBodDxtrKQ][test][9],[q75XUfcITqG3o93Z8EOFnw][test][8],[t8Mqv-hjRzqYCBodDxtrKQ][test][7],[t8Mqv-hjRzqYCBodDxtrKQ][test][6] (cluster state version: 6850)
[2014-02-18 16:00:09,495][TRACE][action.search.type       ] [node_1] Moving to second phase, based on results from: [tbUF3y2YTPm1TPdTF8YBYw][test][11],[tbUF3y2YTPm1TPdTF8YBYw][test][10],[t8Mqv-hjRzqYCBodDxtrKQ][test][0],[q75XUfcITqG3o93Z8EOFnw][test][1],[tbUF3y2YTPm1TPdTF8YBYw][test][5],[tbUF3y2YTPm1TPdTF8YBYw][test][4],[tbUF3y2YTPm1TPdTF8YBYw][test][3],[tbUF3y2YTPm1TPdTF8YBYw][test][2],[q75XUfcITqG3o93Z8EOFnw][test][9],[tbUF3y2YTPm1TPdTF8YBYw][test][8],[t8Mqv-hjRzqYCBodDxtrKQ][test][7],[t8Mqv-hjRzqYCBodDxtrKQ][test][6] (cluster state version: 6850)
[2014-02-18 16:00:09,498][TRACE][action.search.type       ] [node_2] Moving to second phase, based on results from: [tbUF3y2YTPm1TPdTF8YBYw][test][11],[q75XUfcITqG3o93Z8EOFnw][test][10],[q75XUfcITqG3o93Z8EOFnw][test][0],[q75XUfcITqG3o93Z8EOFnw][test][1],[q75XUfcITqG3o93Z8EOFnw][test][5],[tbUF3y2YTPm1TPdTF8YBYw][test][4],[tbUF3y2YTPm1TPdTF8YBYw][test][3],[q75XUfcITqG3o93Z8EOFnw][test][2],[t8Mqv-hjRzqYCBodDxtrKQ][test][9],[tbUF3y2YTPm1TPdTF8YBYw][test][8],[q75XUfcITqG3o93Z8EOFnw][test][7],[t8Mqv-hjRzqYCBodDxtrKQ][test][6] (cluster state version: 6850)
[2014-02-18 16:00:09,501][TRACE][action.search.type       ] [node_0] Moving to second phase, based on results from: [tbUF3y2YTPm1TPdTF8YBYw][test][11],[q75XUfcITqG3o93Z8EOFnw][test][10],[q75XUfcITqG3o93Z8EOFnw][test][0],[q75XUfcITqG3o93Z8EOFnw][test][1],[tbUF3y2YTPm1TPdTF8YBYw][test][5],[q75XUfcITqG3o93Z8EOFnw][test][4],[tbUF3y2YTPm1TPdTF8YBYw][test][3],[q75XUfcITqG3o93Z8EOFnw][test][2],[q75XUfcITqG3o93Z8EOFnw][test][9],[tbUF3y2YTPm1TPdTF8YBYw][test][8],[q75XUfcITqG3o93Z8EOFnw][test][7],[q75XUfcITqG3o93Z8EOFnw][test][6] (cluster state version: 6850)
[2014-02-18 16:00:09,504][TRACE][action.search.type       ] [node_0] Moving to second phase, based on results from: [q75XUfcITqG3o93Z8EOFnw][test][11],[tbUF3y2YTPm1TPdTF8YBYw][test][10],[t8Mqv-hjRzqYCBodDxtrKQ][test][0],[t8Mqv-hjRzqYCBodDxtrKQ][test][1],[q75XUfcITqG3o93Z8EOFnw][test][5],[tbUF3y2YTPm1TPdTF8YBYw][test][4],[q75XUfcITqG3o93Z8EOFnw][test][3],[tbUF3y2YTPm1TPdTF8YBYw][test][2],[t8Mqv-hjRzqYCBodDxtrKQ][test][9],[q75XUfcITqG3o93Z8EOFnw][test][8],[t8Mqv-hjRzqYCBodDxtrKQ][test][7],[t8Mqv-hjRzqYCBodDxtrKQ][test][6] (cluster state version: 6850)
[2014-02-18 16:00:09,506][TRACE][action.search.type       ] [node_1] Moving to second phase, based on results from: [q75XUfcITqG3o93Z8EOFnw][test][11],[q75XUfcITqG3o93Z8EOFnw][test][10],[q75XUfcITqG3o93Z8EOFnw][test][0],[t8Mqv-hjRzqYCBodDxtrKQ][test][1],[q75XUfcITqG3o93Z8EOFnw][test][5],[q75XUfcITqG3o93Z8EOFnw][test][4],[q75XUfcITqG3o93Z8EOFnw][test][3],[q75XUfcITqG3o93Z8EOFnw][test][2],[t8Mqv-hjRzqYCBodDxtrKQ][test][9],[q75XUfcITqG3o93Z8EOFnw][test][8],[q75XUfcITqG3o93Z8EOFnw][test][7],[q75XUfcITqG3o93Z8EOFnw][test][6] (cluster state version: 6850)
[2014-02-18 16:00:09,509][TRACE][action.search.type       ] [node_2] Moving to second phase, based on results from: [q75XUfcITqG3o93Z8EOFnw][test][11],[tbUF3y2YTPm1TPdTF8YBYw][test][10],[t8Mqv-hjRzqYCBodDxtrKQ][test][0],[t8Mqv-hjRzqYCBodDxtrKQ][test][1],[tbUF3y2YTPm1TPdTF8YBYw][test][5],[q75XUfcITqG3o93Z8EOFnw][test][4],[q75XUfcITqG3o93Z8EOFnw][test][3],[tbUF3y2YTPm1TPdTF8YBYw][test][2],[q75XUfcITqG3o93Z8EOFnw][test][9],[q75XUfcITqG3o93Z8EOFnw][test][8],[t8Mqv-hjRzqYCBodDxtrKQ][test][7],[q75XUfcITqG3o93Z8EOFnw][test][6] (cluster state version: 6850)
[2014-02-18 16:00:09,512][TRACE][action.search.type       ] [node_0] Moving to second phase, based on results from: [tbUF3y2YTPm1TPdTF8YBYw][test][11],[q75XUfcITqG3o93Z8EOFnw][test][10],[q75XUfcITqG3o93Z8EOFnw][test][0],[q75XUfcITqG3o93Z8EOFnw][test][1],[tbUF3y2YTPm1TPdTF8YBYw][test][5],[q75XUfcITqG3o93Z8EOFnw][test][4],[tbUF3y2YTPm1TPdTF8YBYw][test][3],[q75XUfcITqG3o93Z8EOFnw][test][2],[q75XUfcITqG3o93Z8EOFnw][test][9],[tbUF3y2YTPm1TPdTF8YBYw][test][8],[q75XUfcITqG3o93Z8EOFnw][test][7],[q75XUfcITqG3o93Z8EOFnw][test][6] (cluster state version: 6850)
[2014-02-18 16:00:09,515][TRACE][action.search.type       ] [node_2] Moving to second phase, based on results from: [tbUF3y2YTPm1TPdTF8YBYw][test][11],[q75XUfcITqG3o93Z8EOFnw][test][10],[q75XUfcITqG3o93Z8EOFnw][test][0],[q75XUfcITqG3o93Z8EOFnw][test][1],[q75XUfcITqG3o93Z8EOFnw][test][5],[tbUF3y2YTPm1TPdTF8YBYw][test][4],[tbUF3y2YTPm1TPdTF8YBYw][test][3],[q75XUfcITqG3o93Z8EOFnw][test][2],[t8Mqv-hjRzqYCBodDxtrKQ][test][9],[tbUF3y2YTPm1TPdTF8YBYw][test][8],[q75XUfcITqG3o93Z8EOFnw][test][7],[t8Mqv-hjRzqYCBodDxtrKQ][test][6] (cluster state version: 6850)
[2014-02-18 16:00:09,521][TRACE][action.search.type       ] [node_0] Moving to second phase, based on results from: [q75XUfcITqG3o93Z8EOFnw][test][11],[tbUF3y2YTPm1TPdTF8YBYw][test][10],[t8Mqv-hjRzqYCBodDxtrKQ][test][0],[t8Mqv-hjRzqYCBodDxtrKQ][test][1],[q75XUfcITqG3o93Z8EOFnw][test][5],[tbUF3y2YTPm1TPdTF8YBYw][test][4],[q75XUfcITqG3o93Z8EOFnw][test][3],[tbUF3y2YTPm1TPdTF8YBYw][test][2],[t8Mqv-hjRzqYCBodDxtrKQ][test][9],[q75XUfcITqG3o93Z8EOFnw][test][8],[t8Mqv-hjRzqYCBodDxtrKQ][test][7],[t8Mqv-hjRzqYCBodDxtrKQ][test][6] (cluster state version: 6850)
[2014-02-18 16:00:09,525][TRACE][action.search.type       ] [node_2] Moving to second phase, based on results from: [q75XUfcITqG3o93Z8EOFnw][test][11],[tbUF3y2YTPm1TPdTF8YBYw][test][10],[t8Mqv-hjRzqYCBodDxtrKQ][test][0],[t8Mqv-hjRzqYCBodDxtrKQ][test][1],[tbUF3y2YTPm1TPdTF8YBYw][test][5],[q75XUfcITqG3o93Z8EOFnw][test][4],[q75XUfcITqG3o93Z8EOFnw][test][3],[tbUF3y2YTPm1TPdTF8YBYw][test][2],[q75XUfcITqG3o93Z8EOFnw][test][9],[q75XUfcITqG3o93Z8EOFnw][test][8],[t8Mqv-hjRzqYCBodDxtrKQ][test][7],[q75XUfcITqG3o93Z8EOFnw][test][6] (cluster state version: 6850)
[2014-02-18 16:00:09,529][TRACE][action.search.type       ] [node_1] Moving to second phase, based on results from: [tbUF3y2YTPm1TPdTF8YBYw][test][11],[tbUF3y2YTPm1TPdTF8YBYw][test][10],[t8Mqv-hjRzqYCBodDxtrKQ][test][0],[q75XUfcITqG3o93Z8EOFnw][test][1],[tbUF3y2YTPm1TPdTF8YBYw][test][5],[tbUF3y2YTPm1TPdTF8YBYw][test][4],[tbUF3y2YTPm1TPdTF8YBYw][test][3],[tbUF3y2YTPm1TPdTF8YBYw][test][2],[q75XUfcITqG3o93Z8EOFnw][test][9],[tbUF3y2YTPm1TPdTF8YBYw][test][8],[t8Mqv-hjRzqYCBodDxtrKQ][test][7],[t8Mqv-hjRzqYCBodDxtrKQ][test][6] (cluster state version: 6850)
[2014-02-18 16:00:09,532][TRACE][action.search.type       ] [node_0] Moving to second phase, based on results from: [tbUF3y2YTPm1TPdTF8YBYw][test][11],[q75XUfcITqG3o93Z8EOFnw][test][10],[q75XUfcITqG3o93Z8EOFnw][test][0],[q75XUfcITqG3o93Z8EOFnw][test][1],[tbUF3y2YTPm1TPdTF8YBYw][test][5],[q75XUfcITqG3o93Z8EOFnw][test][4],[tbUF3y2YTPm1TPdTF8YBYw][test][3],[q75XUfcITqG3o93Z8EOFnw][test][2],[q75XUfcITqG3o93Z8EOFnw][test][9],[tbUF3y2YTPm1TPdTF8YBYw][test][8],[q75XUfcITqG3o93Z8EOFnw][test][7],[q75XUfcITqG3o93Z8EOFnw][test][6] (cluster state version: 6850)
[2014-02-18 16:00:09,534][TRACE][action.search.type       ] [node_0] Moving to second phase, based on results from: [q75XUfcITqG3o93Z8EOFnw][test][11],[tbUF3y2YTPm1TPdTF8YBYw][test][10],[t8Mqv-hjRzqYCBodDxtrKQ][test][0],[t8Mqv-hjRzqYCBodDxtrKQ][test][1],[q75XUfcITqG3o93Z8EOFnw][test][5],[tbUF3y2YTPm1TPdTF8YBYw][test][4],[q75XUfcITqG3o93Z8EOFnw][test][3],[tbUF3y2YTPm1TPdTF8YBYw][test][2],[t8Mqv-hjRzqYCBodDxtrKQ][test][9],[q75XUfcITqG3o93Z8EOFnw][test][8],[t8Mqv-hjRzqYCBodDxtrKQ][test][7],[t8Mqv-hjRzqYCBodDxtrKQ][test][6] (cluster state version: 6850)
[2014-02-18 16:00:09,538][TRACE][action.search.type       ] [node_0] Moving to second phase, based on results from: [tbUF3y2YTPm1TPdTF8YBYw][test][11],[q75XUfcITqG3o93Z8EOFnw][test][10],[q75XUfcITqG3o93Z8EOFnw][test][0],[q75XUfcITqG3o93Z8EOFnw][test][1],[tbUF3y2YTPm1TPdTF8YBYw][test][5],[q75XUfcITqG3o93Z8EOFnw][test][4],[tbUF3y2YTPm1TPdTF8YBYw][test][3],[q75XUfcITqG3o93Z8EOFnw][test][2],[q75XUfcITqG3o93Z8EOFnw][test][9],[tbUF3y2YTPm1TPdTF8YBYw][test][8],[q75XUfcITqG3o93Z8EOFnw][test][7],[q75XUfcITqG3o93Z8EOFnw][test][6] (cluster state version: 6850)
[2014-02-18 16:00:09,541][TRACE][action.search.type       ] [node_2] Moving to second phase, based on results from: [tbUF3y2YTPm1TPdTF8YBYw][test][11],[q75XUfcITqG3o93Z8EOFnw][test][10],[q75XUfcITqG3o93Z8EOFnw][test][0],[q75XUfcITqG3o93Z8EOFnw][test][1],[q75XUfcITqG3o93Z8EOFnw][test][5],[tbUF3y2YTPm1TPdTF8YBYw][test][4],[tbUF3y2YTPm1TPdTF8YBYw][test][3],[q75XUfcITqG3o93Z8EOFnw][test][2],[t8Mqv-hjRzqYCBodDxtrKQ][test][9],[tbUF3y2YTPm1TPdTF8YBYw][test][8],[q75XUfcITqG3o93Z8EOFnw][test][7],[t8Mqv-hjRzqYCBodDxtrKQ][test][6] (cluster state version: 6850)
[2014-02-18 16:00:09,544][TRACE][action.search.type       ] [node_1] Moving to second phase, based on results from: [q75XUfcITqG3o93Z8EOFnw][test][11],[q75XUfcITqG3o93Z8EOFnw][test][10],[q75XUfcITqG3o93Z8EOFnw][test][0],[t8Mqv-hjRzqYCBodDxtrKQ][test][1],[q75XUfcITqG3o93Z8EOFnw][test][5],[q75XUfcITqG3o93Z8EOFnw][test][4],[q75XUfcITqG3o93Z8EOFnw][test][3],[q75XUfcITqG3o93Z8EOFnw][test][2],[t8Mqv-hjRzqYCBodDxtrKQ][test][9],[q75XUfcITqG3o93Z8EOFnw][test][8],[q75XUfcITqG3o93Z8EOFnw][test][7],[q75XUfcITqG3o93Z8EOFnw][test][6] (cluster state version: 6850)
[2014-02-18 16:00:09,547][TRACE][action.search.type       ] [node_2] Moving to second phase, based on results from: [q75XUfcITqG3o93Z8EOFnw][test][11],[tbUF3y2YTPm1TPdTF8YBYw][test][10],[t8Mqv-hjRzqYCBodDxtrKQ][test][0],[t8Mqv-hjRzqYCBodDxtrKQ][test][1],[tbUF3y2YTPm1TPdTF8YBYw][test][5],[q75XUfcITqG3o93Z8EOFnw][test][4],[q75XUfcITqG3o93Z8EOFnw][test][3],[tbUF3y2YTPm1TPdTF8YBYw][test][2],[q75XUfcITqG3o93Z8EOFnw][test][9],[q75XUfcITqG3o93Z8EOFnw][test][8],[t8Mqv-hjRzqYCBodDxtrKQ][test][7],[q75XUfcITqG3o93Z8EOFnw][test][6] (cluster state version: 6850)
[2014-02-18 16:00:09,549][TRACE][action.search.type       ] [node_1] Moving to second phase, based on results from: [tbUF3y2YTPm1TPdTF8YBYw][test][11],[tbUF3y2YTPm1TPdTF8YBYw][test][10],[t8Mqv-hjRzqYCBodDxtrKQ][test][0],[q75XUfcITqG3o93Z8EOFnw][test][1],[tbUF3y2YTPm1TPdTF8YBYw][test][5],[tbUF3y2YTPm1TPdTF8YBYw][test][4],[tbUF3y2YTPm1TPdTF8YBYw][test][3],[tbUF3y2YTPm1TPdTF8YBYw][test][2],[q75XUfcITqG3o93Z8EOFnw][test][9],[tbUF3y2YTPm1TPdTF8YBYw][test][8],[t8Mqv-hjRzqYCBodDxtrKQ][test][7],[t8Mqv-hjRzqYCBodDxtrKQ][test][6] (cluster state version: 6850)
[2014-02-18 16:00:09,553][TRACE][action.search.type       ] [node_2] Moving to second phase, based on results from: [tbUF3y2YTPm1TPdTF8YBYw][test][11],[q75XUfcITqG3o93Z8EOFnw][test][10],[q75XUfcITqG3o93Z8EOFnw][test][0],[q75XUfcITqG3o93Z8EOFnw][test][1],[q75XUfcITqG3o93Z8EOFnw][test][5],[tbUF3y2YTPm1TPdTF8YBYw][test][4],[tbUF3y2YTPm1TPdTF8YBYw][test][3],[q75XUfcITqG3o93Z8EOFnw][test][2],[t8Mqv-hjRzqYCBodDxtrKQ][test][9],[tbUF3y2YTPm1TPdTF8YBYw][test][8],[q75XUfcITqG3o93Z8EOFnw][test][7],[t8Mqv-hjRzqYCBodDxtrKQ][test][6] (cluster state version: 6850)
[2014-02-18 16:00:09,556][TRACE][action.search.type       ] [node_0] Moving to second phase, based on results from: [q75XUfcITqG3o93Z8EOFnw][test][11],[tbUF3y2YTPm1TPdTF8YBYw][test][10],[t8Mqv-hjRzqYCBodDxtrKQ][test][0],[t8Mqv-hjRzqYCBodDxtrKQ][test][1],[q75XUfcITqG3o93Z8EOFnw][test][5],[tbUF3y2YTPm1TPdTF8YBYw][test][4],[q75XUfcITqG3o93Z8EOFnw][test][3],[tbUF3y2YTPm1TPdTF8YBYw][test][2],[t8Mqv-hjRzqYCBodDxtrKQ][test][9],[q75XUfcITqG3o93Z8EOFnw][test][8],[t8Mqv-hjRzqYCBodDxtrKQ][test][7],[t8Mqv-hjRzqYCBodDxtrKQ][test][6] (cluster state version: 6850)
[2014-02-18 16:00:09,560][TRACE][action.search.type       ] [node_1] Moving to second phase, based on results from: [q75XUfcITqG3o93Z8EOFnw][test][11],[q75XUfcITqG3o93Z8EOFnw][test][10],[q75XUfcITqG3o93Z8EOFnw][test][0],[t8Mqv-hjRzqYCBodDxtrKQ][test][1],[q75XUfcITqG3o93Z8EOFnw][test][5],[q75XUfcITqG3o93Z8EOFnw][test][4],[q75XUfcITqG3o93Z8EOFnw][test][3],[q75XUfcITqG3o93Z8EOFnw][test][2],[t8Mqv-hjRzqYCBodDxtrKQ][test][9],[q75XUfcITqG3o93Z8EOFnw][test][8],[q75XUfcITqG3o93Z8EOFnw][test][7],[q75XUfcITqG3o93Z8EOFnw][test][6] (cluster state version: 6850)
[2014-02-18 16:00:09,573][TRACE][action.search.type       ] [node_1] Moving to second phase, based on results from: [tbUF3y2YTPm1TPdTF8YBYw][test][11],[tbUF3y2YTPm1TPdTF8YBYw][test][10],[t8Mqv-hjRzqYCBodDxtrKQ][test][0],[q75XUfcITqG3o93Z8EOFnw][test][1],[tbUF3y2YTPm1TPdTF8YBYw][test][5],[tbUF3y2YTPm1TPdTF8YBYw][test][4],[tbUF3y2YTPm1TPdTF8YBYw][test][3],[tbUF3y2YTPm1TPdTF8YBYw][test][2],[q75XUfcITqG3o93Z8EOFnw][test][9],[tbUF3y2YTPm1TPdTF8YBYw][test][8],[t8Mqv-hjRzqYCBodDxtrKQ][test][7],[t8Mqv-hjRzqYCBodDxtrKQ][test][6] (cluster state version: 6850)
[2014-02-18 16:00:09,576][TRACE][action.search.type       ] [node_2] Moving to second phase, based on results from: [q75XUfcITqG3o93Z8EOFnw][test][11],[tbUF3y2YTPm1TPdTF8YBYw][test][10],[t8Mqv-hjRzqYCBodDxtrKQ][test][0],[t8Mqv-hjRzqYCBodDxtrKQ][test][1],[tbUF3y2YTPm1TPdTF8YBYw][test][5],[q75XUfcITqG3o93Z8EOFnw][test][4],[q75XUfcITqG3o93Z8EOFnw][test][3],[tbUF3y2YTPm1TPdTF8YBYw][test][2],[q75XUfcITqG3o93Z8EOFnw][test][9],[q75XUfcITqG3o93Z8EOFnw][test][8],[t8Mqv-hjRzqYCBodDxtrKQ][test][7],[q75XUfcITqG3o93Z8EOFnw][test][6] (cluster state version: 6850)
[2014-02-18 16:00:09,580][TRACE][action.search.type       ] [node_0] Moving to second phase, based on results from: [tbUF3y2YTPm1TPdTF8YBYw][test][11],[q75XUfcITqG3o93Z8EOFnw][test][10],[q75XUfcITqG3o93Z8EOFnw][test][0],[q75XUfcITqG3o93Z8EOFnw][test][1],[tbUF3y2YTPm1TPdTF8YBYw][test][5],[q75XUfcITqG3o93Z8EOFnw][test][4],[tbUF3y2YTPm1TPdTF8YBYw][test][3],[q75XUfcITqG3o93Z8EOFnw][test][2],[q75XUfcITqG3o93Z8EOFnw][test][9],[tbUF3y2YTPm1TPdTF8YBYw][test][8],[q75XUfcITqG3o93Z8EOFnw][test][7],[q75XUfcITqG3o93Z8EOFnw][test][6] (cluster state version: 6850)
[2014-02-18 16:00:09,582][TRACE][action.search.type       ] [node_1] Moving to second phase, based on results from: [q75XUfcITqG3o93Z8EOFnw][test][11],[q75XUfcITqG3o93Z8EOFnw][test][10],[q75XUfcITqG3o93Z8EOFnw][test][0],[t8Mqv-hjRzqYCBodDxtrKQ][test][1],[q75XUfcITqG3o93Z8EOFnw][test][5],[q75XUfcITqG3o93Z8EOFnw][test][4],[q75XUfcITqG3o93Z8EOFnw][test][3],[q75XUfcITqG3o93Z8EOFnw][test][2],[t8Mqv-hjRzqYCBodDxtrKQ][test][9],[q75XUfcITqG3o93Z8EOFnw][test][8],[q75XUfcITqG3o93Z8EOFnw][test][7],[q75XUfcITqG3o93Z8EOFnw][test][6] (cluster state version: 6850)
[2014-02-18 16:00:09,586][TRACE][action.search.type       ] [node_1] Moving to second phase, based on results from: [tbUF3y2YTPm1TPdTF8YBYw][test][11],[tbUF3y2YTPm1TPdTF8YBYw][test][10],[t8Mqv-hjRzqYCBodDxtrKQ][test][0],[q75XUfcITqG3o93Z8EOFnw][test][1],[tbUF3y2YTPm1TPdTF8YBYw][test][5],[tbUF3y2YTPm1TPdTF8YBYw][test][4],[tbUF3y2YTPm1TPdTF8YBYw][test][3],[tbUF3y2YTPm1TPdTF8YBYw][test][2],[q75XUfcITqG3o93Z8EOFnw][test][9],[tbUF3y2YTPm1TPdTF8YBYw][test][8],[t8Mqv-hjRzqYCBodDxtrKQ][test][7],[t8Mqv-hjRzqYCBodDxtrKQ][test][6] (cluster state version: 6850)
[2014-02-18 16:00:09,590][TRACE][action.search.type       ] [node_1] Moving to second phase, based on results from: [q75XUfcITqG3o93Z8EOFnw][test][11],[q75XUfcITqG3o93Z8EOFnw][test][10],[q75XUfcITqG3o93Z8EOFnw][test][0],[t8Mqv-hjRzqYCBodDxtrKQ][test][1],[q75XUfcITqG3o93Z8EOFnw][test][5],[q75XUfcITqG3o93Z8EOFnw][test][4],[q75XUfcITqG3o93Z8EOFnw][test][3],[q75XUfcITqG3o93Z8EOFnw][test][2],[t8Mqv-hjRzqYCBodDxtrKQ][test][9],[q75XUfcITqG3o93Z8EOFnw][test][8],[q75XUfcITqG3o93Z8EOFnw][test][7],[q75XUfcITqG3o93Z8EOFnw][test][6] (cluster state version: 6850)
[2014-02-18 16:00:09,596][TRACE][action.search.type       ] [node_1] Moving to second phase, based on results from: [tbUF3y2YTPm1TPdTF8YBYw][test][11],[q75XUfcITqG3o93Z8EOFnw][test][10],[t8Mqv-hjRzqYCBodDxtrKQ][test][0],[q75XUfcITqG3o93Z8EOFnw][test][1],[tbUF3y2YTPm1TPdTF8YBYw][test][5],[tbUF3y2YTPm1TPdTF8YBYw][test][4],[q75XUfcITqG3o93Z8EOFnw][test][3],[q75XUfcITqG3o93Z8EOFnw][test][2],[t8Mqv-hjRzqYCBodDxtrKQ][test][9],[tbUF3y2YTPm1TPdTF8YBYw][test][8],[t8Mqv-hjRzqYCBodDxtrKQ][test][7],[q75XUfcITqG3o93Z8EOFnw][test][6] (cluster state version: 6851)
[2014-02-18 16:00:09,599][TRACE][action.search.type       ] [node_2] Moving to second phase, based on results from: [q75XUfcITqG3o93Z8EOFnw][test][11],[q75XUfcITqG3o93Z8EOFnw][test][10],[q75XUfcITqG3o93Z8EOFnw][test][0],[t8Mqv-hjRzqYCBodDxtrKQ][test][1],[tbUF3y2YTPm1TPdTF8YBYw][test][5],[q75XUfcITqG3o93Z8EOFnw][test][4],[q75XUfcITqG3o93Z8EOFnw][test][3],[q75XUfcITqG3o93Z8EOFnw][test][2],[q75XUfcITqG3o93Z8EOFnw][test][9],[tbUF3y2YTPm1TPdTF8YBYw][test][8],[t8Mqv-hjRzqYCBodDxtrKQ][test][7],[t8Mqv-hjRzqYCBodDxtrKQ][test][6] (cluster state version: 6851)
[2014-02-18 16:00:09,605][TRACE][action.search.type       ] [node_0] Moving to second phase, based on results from: [q75XUfcITqG3o93Z8EOFnw][test][11],[tbUF3y2YTPm1TPdTF8YBYw][test][10],[t8Mqv-hjRzqYCBodDxtrKQ][test][0],[t8Mqv-hjRzqYCBodDxtrKQ][test][1],[q75XUfcITqG3o93Z8EOFnw][test][5],[tbUF3y2YTPm1TPdTF8YBYw][test][4],[q75XUfcITqG3o93Z8EOFnw][test][3],[tbUF3y2YTPm1TPdTF8YBYw][test][2],[t8Mqv-hjRzqYCBodDxtrKQ][test][9],[q75XUfcITqG3o93Z8EOFnw][test][8],[t8Mqv-hjRzqYCBodDxtrKQ][test][7],[t8Mqv-hjRzqYCBodDxtrKQ][test][6] (cluster state version: 6850)
[2014-02-18 16:00:09,609][TRACE][action.search.type       ] [node_0] Moving to second phase, based on results from: [tbUF3y2YTPm1TPdTF8YBYw][test][11],[q75XUfcITqG3o93Z8EOFnw][test][10],[q75XUfcITqG3o93Z8EOFnw][test][0],[q75XUfcITqG3o93Z8EOFnw][test][1],[tbUF3y2YTPm1TPdTF8YBYw][test][5],[q75XUfcITqG3o93Z8EOFnw][test][4],[tbUF3y2YTPm1TPdTF8YBYw][test][3],[q75XUfcITqG3o93Z8EOFnw][test][2],[q75XUfcITqG3o93Z8EOFnw][test][9],[tbUF3y2YTPm1TPdTF8YBYw][test][8],[q75XUfcITqG3o93Z8EOFnw][test][7],[q75XUfcITqG3o93Z8EOFnw][test][6] (cluster state version: 6850)
[2014-02-18 16:00:09,615][TRACE][action.search.type       ] [node_0] Moving to second phase, based on results from: [q75XUfcITqG3o93Z8EOFnw][test][11],[tbUF3y2YTPm1TPdTF8YBYw][test][10],[t8Mqv-hjRzqYCBodDxtrKQ][test][0],[t8Mqv-hjRzqYCBodDxtrKQ][test][1],[q75XUfcITqG3o93Z8EOFnw][test][5],[tbUF3y2YTPm1TPdTF8YBYw][test][4],[q75XUfcITqG3o93Z8EOFnw][test][3],[tbUF3y2YTPm1TPdTF8YBYw][test][2],[t8Mqv-hjRzqYCBodDxtrKQ][test][9],[q75XUfcITqG3o93Z8EOFnw][test][8],[t8Mqv-hjRzqYCBodDxtrKQ][test][7],[t8Mqv-hjRzqYCBodDxtrKQ][test][6] (cluster state version: 6850)
[2014-02-18 16:00:09,626][TRACE][action.search.type       ] [node_1] Moving to second phase, based on results from: [q75XUfcITqG3o93Z8EOFnw][test][11],[tbUF3y2YTPm1TPdTF8YBYw][test][10],[q75XUfcITqG3o93Z8EOFnw][test][0],[t8Mqv-hjRzqYCBodDxtrKQ][test][1],[q75XUfcITqG3o93Z8EOFnw][test][5],[q75XUfcITqG3o93Z8EOFnw][test][4],[tbUF3y2YTPm1TPdTF8YBYw][test][3],[tbUF3y2YTPm1TPdTF8YBYw][test][2],[q75XUfcITqG3o93Z8EOFnw][test][9],[q75XUfcITqG3o93Z8EOFnw][test][8],[q75XUfcITqG3o93Z8EOFnw][test][7],[t8Mqv-hjRzqYCBodDxtrKQ][test][6] (cluster state version: 6851)
[2014-02-18 16:00:09,632][TRACE][action.search.type       ] [node_1] Moving to second phase, based on results from: [tbUF3y2YTPm1TPdTF8YBYw][test][11],[tbUF3y2YTPm1TPdTF8YBYw][test][10],[t8Mqv-hjRzqYCBodDxtrKQ][test][0],[q75XUfcITqG3o93Z8EOFnw][test][1],[q75XUfcITqG3o93Z8EOFnw][test][5],[tbUF3y2YTPm1TPdTF8YBYw][test][4],[q75XUfcITqG3o93Z8EOFnw][test][3],[tbUF3y2YTPm1TPdTF8YBYw][test][2],[q75XUfcITqG3o93Z8EOFnw][test][9],[tbUF3y2YTPm1TPdTF8YBYw][test][8],[t8Mqv-hjRzqYCBodDxtrKQ][test][7],[t8Mqv-hjRzqYCBodDxtrKQ][test][6] (cluster state version: 6852)
[2014-02-18 16:00:09,635][TRACE][action.search.type       ] [node_2] Moving to second phase, based on results from: [tbUF3y2YTPm1TPdTF8YBYw][test][11],[q75XUfcITqG3o93Z8EOFnw][test][10],[t8Mqv-hjRzqYCBodDxtrKQ][test][0],[q75XUfcITqG3o93Z8EOFnw][test][1],[q75XUfcITqG3o93Z8EOFnw][test][5],[tbUF3y2YTPm1TPdTF8YBYw][test][4],[q75XUfcITqG3o93Z8EOFnw][test][3],[q75XUfcITqG3o93Z8EOFnw][test][2],[t8Mqv-hjRzqYCBodDxtrKQ][test][9],[tbUF3y2YTPm1TPdTF8YBYw][test][8],[q75XUfcITqG3o93Z8EOFnw][test][7],[q75XUfcITqG3o93Z8EOFnw][test][6] (cluster state version: 6852)
[2014-02-18 16:00:09,639][TRACE][action.search.type       ] [node_0] Moving to second phase, based on results from: [q75XUfcITqG3o93Z8EOFnw][test][11],[q75XUfcITqG3o93Z8EOFnw][test][10],[q75XUfcITqG3o93Z8EOFnw][test][0],[q75XUfcITqG3o93Z8EOFnw][test][1],[q75XUfcITqG3o93Z8EOFnw][test][5],[tbUF3y2YTPm1TPdTF8YBYw][test][4],[tbUF3y2YTPm1TPdTF8YBYw][test][3],[q75XUfcITqG3o93Z8EOFnw][test][2],[q75XUfcITqG3o93Z8EOFnw][test][9],[tbUF3y2YTPm1TPdTF8YBYw][test][8],[t8Mqv-hjRzqYCBodDxtrKQ][test][7],[q75XUfcITqG3o93Z8EOFnw][test][6] (cluster state version: 6852)
[2014-02-18 16:00:09,642][TRACE][action.search.type       ] [node_1] Moving to second phase, based on results from: [q75XUfcITqG3o93Z8EOFnw][test][11],[q75XUfcITqG3o93Z8EOFnw][test][10],[q75XUfcITqG3o93Z8EOFnw][test][0],[t8Mqv-hjRzqYCBodDxtrKQ][test][1],[tbUF3y2YTPm1TPdTF8YBYw][test][5],[q75XUfcITqG3o93Z8EOFnw][test][4],[tbUF3y2YTPm1TPdTF8YBYw][test][3],[q75XUfcITqG3o93Z8EOFnw][test][2],[t8Mqv-hjRzqYCBodDxtrKQ][test][9],[q75XUfcITqG3o93Z8EOFnw][test][8],[q75XUfcITqG3o93Z8EOFnw][test][7],[q75XUfcITqG3o93Z8EOFnw][test][6] (cluster state version: 6852)
[2014-02-18 16:00:09,645][TRACE][action.search.type       ] [node_1] Moving to second phase, based on results from: [tbUF3y2YTPm1TPdTF8YBYw][test][11],[tbUF3y2YTPm1TPdTF8YBYw][test][10],[t8Mqv-hjRzqYCBodDxtrKQ][test][0],[q75XUfcITqG3o93Z8EOFnw][test][1],[q75XUfcITqG3o93Z8EOFnw][test][5],[tbUF3y2YTPm1TPdTF8YBYw][test][4],[q75XUfcITqG3o93Z8EOFnw][test][3],[tbUF3y2YTPm1TPdTF8YBYw][test][2],[q75XUfcITqG3o93Z8EOFnw][test][9],[tbUF3y2YTPm1TPdTF8YBYw][test][8],[t8Mqv-hjRzqYCBodDxtrKQ][test][7],[t8Mqv-hjRzqYCBodDxtrKQ][test][6] (cluster state version: 6852)
[2014-02-18 16:00:09,648][TRACE][action.search.type       ] [node_0] Moving to second phase, based on results from: [tbUF3y2YTPm1TPdTF8YBYw][test][11],[tbUF3y2YTPm1TPdTF8YBYw][test][10],[t8Mqv-hjRzqYCBodDxtrKQ][test][0],[t8Mqv-hjRzqYCBodDxtrKQ][test][1],[tbUF3y2YTPm1TPdTF8YBYw][test][5],[q75XUfcITqG3o93Z8EOFnw][test][4],[q75XUfcITqG3o93Z8EOFnw][test][3],[tbUF3y2YTPm1TPdTF8YBYw][test][2],[t8Mqv-hjRzqYCBodDxtrKQ][test][9],[q75XUfcITqG3o93Z8EOFnw][test][8],[q75XUfcITqG3o93Z8EOFnw][test][7],[t8Mqv-hjRzqYCBodDxtrKQ][test][6] (cluster state version: 6852)
[2014-02-18 16:00:09,652][TRACE][action.search.type       ] [node_0] Moving to second phase, based on results from: [q75XUfcITqG3o93Z8EOFnw][test][11],[q75XUfcITqG3o93Z8EOFnw][test][10],[q75XUfcITqG3o93Z8EOFnw][test][0],[q75XUfcITqG3o93Z8EOFnw][test][1],[q75XUfcITqG3o93Z8EOFnw][test][5],[tbUF3y2YTPm1TPdTF8YBYw][test][4],[tbUF3y2YTPm1TPdTF8YBYw][test][3],[q75XUfcITqG3o93Z8EOFnw][test][2],[q75XUfcITqG3o93Z8EOFnw][test][9],[tbUF3y2YTPm1TPdTF8YBYw][test][8],[t8Mqv-hjRzqYCBodDxtrKQ][test][7],[q75XUfcITqG3o93Z8EOFnw][test][6] (cluster state version: 6852)
[2014-02-18 16:00:09,655][TRACE][action.search.type       ] [node_2] Moving to second phase, based on results from: [q75XUfcITqG3o93Z8EOFnw][test][11],[tbUF3y2YTPm1TPdTF8YBYw][test][10],[q75XUfcITqG3o93Z8EOFnw][test][0],[t8Mqv-hjRzqYCBodDxtrKQ][test][1],[tbUF3y2YTPm1TPdTF8YBYw][test][5],[q75XUfcITqG3o93Z8EOFnw][test][4],[tbUF3y2YTPm1TPdTF8YBYw][test][3],[tbUF3y2YTPm1TPdTF8YBYw][test][2],[q75XUfcITqG3o93Z8EOFnw][test][9],[q75XUfcITqG3o93Z8EOFnw][test][8],[t8Mqv-hjRzqYCBodDxtrKQ][test][7],[t8Mqv-hjRzqYCBodDxtrKQ][test][6] (cluster state version: 6852)
[2014-02-18 16:00:09,658][TRACE][action.search.type       ] [node_0] Moving to second phase, based on results from: [tbUF3y2YTPm1TPdTF8YBYw][test][11],[tbUF3y2YTPm1TPdTF8YBYw][test][10],[t8Mqv-hjRzqYCBodDxtrKQ][test][0],[t8Mqv-hjRzqYCBodDxtrKQ][test][1],[tbUF3y2YTPm1TPdTF8YBYw][test][5],[q75XUfcITqG3o93Z8EOFnw][test][4],[q75XUfcITqG3o93Z8EOFnw][test][3],[tbUF3y2YTPm1TPdTF8YBYw][test][2],[t8Mqv-hjRzqYCBodDxtrKQ][test][9],[q75XUfcITqG3o93Z8EOFnw][test][8],[q75XUfcITqG3o93Z8EOFnw][test][7],[t8Mqv-hjRzqYCBodDxtrKQ][test][6] (cluster state version: 6852)
[2014-02-18 16:00:09,660][TRACE][action.search.type       ] [node_0] Moving to second phase, based on results from: [q75XUfcITqG3o93Z8EOFnw][test][11],[q75XUfcITqG3o93Z8EOFnw][test][10],[q75XUfcITqG3o93Z8EOFnw][test][0],[q75XUfcITqG3o93Z8EOFnw][test][1],[q75XUfcITqG3o93Z8EOFnw][test][5],[tbUF3y2YTPm1TPdTF8YBYw][test][4],[tbUF3y2YTPm1TPdTF8YBYw][test][3],[q75XUfcITqG3o93Z8EOFnw][test][2],[q75XUfcITqG3o93Z8EOFnw][test][9],[tbUF3y2YTPm1TPdTF8YBYw][test][8],[t8Mqv-hjRzqYCBodDxtrKQ][test][7],[q75XUfcITqG3o93Z8EOFnw][test][6] (cluster state version: 6852)
[2014-02-18 16:00:09,665][TRACE][action.search.type       ] [node_0] Moving to second phase, based on results from: [tbUF3y2YTPm1TPdTF8YBYw][test][11],[tbUF3y2YTPm1TPdTF8YBYw][test][10],[t8Mqv-hjRzqYCBodDxtrKQ][test][0],[t8Mqv-hjRzqYCBodDxtrKQ][test][1],[tbUF3y2YTPm1TPdTF8YBYw][test][5],[q75XUfcITqG3o93Z8EOFnw][test][4],[q75XUfcITqG3o93Z8EOFnw][test][3],[tbUF3y2YTPm1TPdTF8YBYw][test][2],[t8Mqv-hjRzqYCBodDxtrKQ][test][9],[q75XUfcITqG3o93Z8EOFnw][test][8],[q75XUfcITqG3o93Z8EOFnw][test][7],[t8Mqv-hjRzqYCBodDxtrKQ][test][6] (cluster state version: 6852)
[2014-02-18 16:00:09,668][TRACE][action.search.type       ] [node_1] Moving to second phase, based on results from: [q75XUfcITqG3o93Z8EOFnw][test][11],[q75XUfcITqG3o93Z8EOFnw][test][10],[q75XUfcITqG3o93Z8EOFnw][test][0],[t8Mqv-hjRzqYCBodDxtrKQ][test][1],[tbUF3y2YTPm1TPdTF8YBYw][test][5],[q75XUfcITqG3o93Z8EOFnw][test][4],[tbUF3y2YTPm1TPdTF8YBYw][test][3],[q75XUfcITqG3o93Z8EOFnw][test][2],[t8Mqv-hjRzqYCBodDxtrKQ][test][9],[q75XUfcITqG3o93Z8EOFnw][test][8],[q75XUfcITqG3o93Z8EOFnw][test][7],[q75XUfcITqG3o93Z8EOFnw][test][6] (cluster state version: 6852)
[2014-02-18 16:00:09,671][TRACE][action.search.type       ] [node_2] Moving to second phase, based on results from: [tbUF3y2YTPm1TPdTF8YBYw][test][11],[q75XUfcITqG3o93Z8EOFnw][test][10],[t8Mqv-hjRzqYCBodDxtrKQ][test][0],[q75XUfcITqG3o93Z8EOFnw][test][1],[q75XUfcITqG3o93Z8EOFnw][test][5],[tbUF3y2YTPm1TPdTF8YBYw][test][4],[q75XUfcITqG3o93Z8EOFnw][test][3],[q75XUfcITqG3o93Z8EOFnw][test][2],[t8Mqv-hjRzqYCBodDxtrKQ][test][9],[tbUF3y2YTPm1TPdTF8YBYw][test][8],[q75XUfcITqG3o93Z8EOFnw][test][7],[q75XUfcITqG3o93Z8EOFnw][test][6] (cluster state version: 6852)
[2014-02-18 16:00:09,674][TRACE][action.search.type       ] [node_2] Moving to second phase, based on results from: [q75XUfcITqG3o93Z8EOFnw][test][11],[tbUF3y2YTPm1TPdTF8YBYw][test][10],[q75XUfcITqG3o93Z8EOFnw][test][0],[t8Mqv-hjRzqYCBodDxtrKQ][test][1],[tbUF3y2YTPm1TPdTF8YBYw][test][5],[q75XUfcITqG3o93Z8EOFnw][test][4],[tbUF3y2YTPm1TPdTF8YBYw][test][3],[tbUF3y2YTPm1TPdTF8YBYw][test][2],[q75XUfcITqG3o93Z8EOFnw][test][9],[q75XUfcITqG3o93Z8EOFnw][test][8],[t8Mqv-hjRzqYCBodDxtrKQ][test][7],[t8Mqv-hjRzqYCBodDxtrKQ][test][6] (cluster state version: 6852)
[2014-02-18 16:00:09,678][TRACE][action.search.type       ] [node_2] Moving to second phase, based on results from: [tbUF3y2YTPm1TPdTF8YBYw][test][11],[q75XUfcITqG3o93Z8EOFnw][test][10],[t8Mqv-hjRzqYCBodDxtrKQ][test][0],[q75XUfcITqG3o93Z8EOFnw][test][1],[q75XUfcITqG3o93Z8EOFnw][test][5],[tbUF3y2YTPm1TPdTF8YBYw][test][4],[tbUF3y2YTPm1TPdTF8YBYw][test][3],[tbUF3y2YTPm1TPdTF8YBYw][test][2],[t8Mqv-hjRzqYCBodDxtrKQ][test][9],[tbUF3y2YTPm1TPdTF8YBYw][test][8],[q75XUfcITqG3o93Z8EOFnw][test][7],[t8Mqv-hjRzqYCBodDxtrKQ][test][6] (cluster state version: 6853)
[2014-02-18 16:00:09,682][TRACE][action.search.type       ] [node_1] Moving to second phase, based on results from: [q75XUfcITqG3o93Z8EOFnw][test][11],[q75XUfcITqG3o93Z8EOFnw][test][10],[t8Mqv-hjRzqYCBodDxtrKQ][test][0],[q75XUfcITqG3o93Z8EOFnw][test][1],[tbUF3y2YTPm1TPdTF8YBYw][test][5],[q75XUfcITqG3o93Z8EOFnw][test][4],[q75XUfcITqG3o93Z8EOFnw][test][3],[t8Mqv-hjRzqYCBodDxtrKQ][test][2],[t8Mqv-hjRzqYCBodDxtrKQ][test][9],[q75XUfcITqG3o93Z8EOFnw][test][8],[q75XUfcITqG3o93Z8EOFnw][test][7],[q75XUfcITqG3o93Z8EOFnw][test][6] (cluster state version: 6853)
[2014-02-18 16:00:09,687][TRACE][action.search.type       ] [node_1] Moving to second phase, based on results from: [tbUF3y2YTPm1TPdTF8YBYw][test][11],[tbUF3y2YTPm1TPdTF8YBYw][test][10],[q75XUfcITqG3o93Z8EOFnw][test][0],[t8Mqv-hjRzqYCBodDxtrKQ][test][1],[q75XUfcITqG3o93Z8EOFnw][test][5],[tbUF3y2YTPm1TPdTF8YBYw][test][4],[tbUF3y2YTPm1TPdTF8YBYw][test][3],[tbUF3y2YTPm1TPdTF8YBYw][test][2],[q75XUfcITqG3o93Z8EOFnw][test][9],[tbUF3y2YTPm1TPdTF8YBYw][test][8],[t8Mqv-hjRzqYCBodDxtrKQ][test][7],[t8Mqv-hjRzqYCBodDxtrKQ][test][6] (cluster state version: 6853)
[2014-02-18 16:00:09,691][TRACE][action.search.type       ] [node_0] Moving to second phase, based on results from: [q75XUfcITqG3o93Z8EOFnw][test][11],[tbUF3y2YTPm1TPdTF8YBYw][test][10],[q75XUfcITqG3o93Z8EOFnw][test][0],[t8Mqv-hjRzqYCBodDxtrKQ][test][1],[q75XUfcITqG3o93Z8EOFnw][test][5],[q75XUfcITqG3o93Z8EOFnw][test][4],[q75XUfcITqG3o93Z8EOFnw][test][3],[tbUF3y2YTPm1TPdTF8YBYw][test][2],[t8Mqv-hjRzqYCBodDxtrKQ][test][9],[tbUF3y2YTPm1TPdTF8YBYw][test][8],[t8Mqv-hjRzqYCBodDxtrKQ][test][7],[t8Mqv-hjRzqYCBodDxtrKQ][test][6] (cluster state version: 6853)
[2014-02-18 16:00:09,695][TRACE][action.search.type       ] [node_1] Moving to second phase, based on results from: [q75XUfcITqG3o93Z8EOFnw][test][11],[tbUF3y2YTPm1TPdTF8YBYw][test][10],[t8Mqv-hjRzqYCBodDxtrKQ][test][0],[t8Mqv-hjRzqYCBodDxtrKQ][test][1],[tbUF3y2YTPm1TPdTF8YBYw][test][5],[tbUF3y2YTPm1TPdTF8YBYw][test][4],[q75XUfcITqG3o93Z8EOFnw][test][3],[t8Mqv-hjRzqYCBodDxtrKQ][test][2],[t8Mqv-hjRzqYCBodDxtrKQ][test][9],[q75XUfcITqG3o93Z8EOFnw][test][8],[q75XUfcITqG3o93Z8EOFnw][test][7],[q75XUfcITqG3o93Z8EOFnw][test][6] (cluster state version: 6854)
[2014-02-18 16:00:09,700][TRACE][action.search.type       ] [node_2] Moving to second phase, based on results from: [q75XUfcITqG3o93Z8EOFnw][test][11],[tbUF3y2YTPm1TPdTF8YBYw][test][10],[q75XUfcITqG3o93Z8EOFnw][test][0],[t8Mqv-hjRzqYCBodDxtrKQ][test][1],[t8Mqv-hjRzqYCBodDxtrKQ][test][5],[tbUF3y2YTPm1TPdTF8YBYw][test][4],[tbUF3y2YTPm1TPdTF8YBYw][test][3],[tbUF3y2YTPm1TPdTF8YBYw][test][2],[q75XUfcITqG3o93Z8EOFnw][test][9],[tbUF3y2YTPm1TPdTF8YBYw][test][8],[t8Mqv-hjRzqYCBodDxtrKQ][test][7],[q75XUfcITqG3o93Z8EOFnw][test][6] (cluster state version: 6854)
[2014-02-18 16:00:09,703][TRACE][action.search.type       ] [node_1] Moving to second phase, based on results from: [tbUF3y2YTPm1TPdTF8YBYw][test][11],[q75XUfcITqG3o93Z8EOFnw][test][10],[q75XUfcITqG3o93Z8EOFnw][test][0],[q75XUfcITqG3o93Z8EOFnw][test][1],[t8Mqv-hjRzqYCBodDxtrKQ][test][5],[q75XUfcITqG3o93Z8EOFnw][test][4],[tbUF3y2YTPm1TPdTF8YBYw][test][3],[tbUF3y2YTPm1TPdTF8YBYw][test][2],[q75XUfcITqG3o93Z8EOFnw][test][9],[tbUF3y2YTPm1TPdTF8YBYw][test][8],[t8Mqv-hjRzqYCBodDxtrKQ][test][7],[t8Mqv-hjRzqYCBodDxtrKQ][test][6] (cluster state version: 6854)
[2014-02-18 16:00:09,706][TRACE][action.search.type       ] [node_0] Moving to second phase, based on results from: [tbUF3y2YTPm1TPdTF8YBYw][test][11],[tbUF3y2YTPm1TPdTF8YBYw][test][10],[t8Mqv-hjRzqYCBodDxtrKQ][test][0],[t8Mqv-hjRzqYCBodDxtrKQ][test][1],[t8Mqv-hjRzqYCBodDxtrKQ][test][5],[q75XUfcITqG3o93Z8EOFnw][test][4],[tbUF3y2YTPm1TPdTF8YBYw][test][3],[t8Mqv-hjRzqYCBodDxtrKQ][test][2],[q75XUfcITqG3o93Z8EOFnw][test][9],[q75XUfcITqG3o93Z8EOFnw][test][8],[q75XUfcITqG3o93Z8EOFnw][test][7],[q75XUfcITqG3o93Z8EOFnw][test][6] (cluster state version: 6854)
[2014-02-18 16:00:09,711][TRACE][action.search.type       ] [node_1] Moving to second phase, based on results from: [q75XUfcITqG3o93Z8EOFnw][test][11],[tbUF3y2YTPm1TPdTF8YBYw][test][10],[t8Mqv-hjRzqYCBodDxtrKQ][test][0],[t8Mqv-hjRzqYCBodDxtrKQ][test][1],[tbUF3y2YTPm1TPdTF8YBYw][test][5],[tbUF3y2YTPm1TPdTF8YBYw][test][4],[q75XUfcITqG3o93Z8EOFnw][test][3],[t8Mqv-hjRzqYCBodDxtrKQ][test][2],[t8Mqv-hjRzqYCBodDxtrKQ][test][9],[q75XUfcITqG3o93Z8EOFnw][test][8],[q75XUfcITqG3o93Z8EOFnw][test][7],[q75XUfcITqG3o93Z8EOFnw][test][6] (cluster state version: 6854)
[2014-02-18 16:00:09,715][TRACE][action.search.type       ] [node_0] Moving to second phase, based on results from: [q75XUfcITqG3o93Z8EOFnw][test][11],[q75XUfcITqG3o93Z8EOFnw][test][10],[q75XUfcITqG3o93Z8EOFnw][test][0],[q75XUfcITqG3o93Z8EOFnw][test][1],[tbUF3y2YTPm1TPdTF8YBYw][test][5],[tbUF3y2YTPm1TPdTF8YBYw][test][4],[q75XUfcITqG3o93Z8EOFnw][test][3],[tbUF3y2YTPm1TPdTF8YBYw][test][2],[t8Mqv-hjRzqYCBodDxtrKQ][test][9],[tbUF3y2YTPm1TPdTF8YBYw][test][8],[t8Mqv-hjRzqYCBodDxtrKQ][test][7],[t8Mqv-hjRzqYCBodDxtrKQ][test][6] (cluster state version: 6854)
[2014-02-18 16:00:09,718][TRACE][action.search.type       ] [node_2] Moving to second phase, based on results from: [tbUF3y2YTPm1TPdTF8YBYw][test][11],[q75XUfcITqG3o93Z8EOFnw][test][10],[t8Mqv-hjRzqYCBodDxtrKQ][test][0],[q75XUfcITqG3o93Z8EOFnw][test][1],[tbUF3y2YTPm1TPdTF8YBYw][test][5],[q75XUfcITqG3o93Z8EOFnw][test][4],[q75XUfcITqG3o93Z8EOFnw][test][3],[t8Mqv-hjRzqYCBodDxtrKQ][test][2],[t8Mqv-hjRzqYCBodDxtrKQ][test][9],[q75XUfcITqG3o93Z8EOFnw][test][8],[q75XUfcITqG3o93Z8EOFnw][test][7],[t8Mqv-hjRzqYCBodDxtrKQ][test][6] (cluster state version: 6854)
[2014-02-18 16:00:09,721][TRACE][action.search.type       ] [node_2] Moving to second phase, based on results from: [q75XUfcITqG3o93Z8EOFnw][test][11],[tbUF3y2YTPm1TPdTF8YBYw][test][10],[q75XUfcITqG3o93Z8EOFnw][test][0],[t8Mqv-hjRzqYCBodDxtrKQ][test][1],[t8Mqv-hjRzqYCBodDxtrKQ][test][5],[tbUF3y2YTPm1TPdTF8YBYw][test][4],[tbUF3y2YTPm1TPdTF8YBYw][test][3],[tbUF3y2YTPm1TPdTF8YBYw][test][2],[q75XUfcITqG3o93Z8EOFnw][test][9],[tbUF3y2YTPm1TPdTF8YBYw][test][8],[t8Mqv-hjRzqYCBodDxtrKQ][test][7],[q75XUfcITqG3o93Z8EOFnw][test][6] (cluster state version: 6854)
[2014-02-18 16:00:09,725][TRACE][action.search.type       ] [node_1] Moving to second phase, based on results from: [tbUF3y2YTPm1TPdTF8YBYw][test][11],[q75XUfcITqG3o93Z8EOFnw][test][10],[q75XUfcITqG3o93Z8EOFnw][test][0],[q75XUfcITqG3o93Z8EOFnw][test][1],[t8Mqv-hjRzqYCBodDxtrKQ][test][5],[q75XUfcITqG3o93Z8EOFnw][test][4],[tbUF3y2YTPm1TPdTF8YBYw][test][3],[tbUF3y2YTPm1TPdTF8YBYw][test][2],[q75XUfcITqG3o93Z8EOFnw][test][9],[tbUF3y2YTPm1TPdTF8YBYw][test][8],[t8Mqv-hjRzqYCBodDxtrKQ][test][7],[t8Mqv-hjRzqYCBodDxtrKQ][test][6] (cluster state version: 6854)
[2014-02-18 16:00:09,728][TRACE][action.search.type       ] [node_2] Moving to second phase, based on results from: [tbUF3y2YTPm1TPdTF8YBYw][test][11],[q75XUfcITqG3o93Z8EOFnw][test][10],[t8Mqv-hjRzqYCBodDxtrKQ][test][0],[q75XUfcITqG3o93Z8EOFnw][test][1],[tbUF3y2YTPm1TPdTF8YBYw][test][5],[q75XUfcITqG3o93Z8EOFnw][test][4],[q75XUfcITqG3o93Z8EOFnw][test][3],[t8Mqv-hjRzqYCBodDxtrKQ][test][2],[t8Mqv-hjRzqYCBodDxtrKQ][test][9],[q75XUfcITqG3o93Z8EOFnw][test][8],[q75XUfcITqG3o93Z8EOFnw][test][7],[t8Mqv-hjRzqYCBodDxtrKQ][test][6] (cluster state version: 6854)
[2014-02-18 16:00:09,732][TRACE][action.search.type       ] [node_2] Moving to second phase, based on results from: [q75XUfcITqG3o93Z8EOFnw][test][11],[tbUF3y2YTPm1TPdTF8YBYw][test][10],[q75XUfcITqG3o93Z8EOFnw][test][0],[t8Mqv-hjRzqYCBodDxtrKQ][test][1],[t8Mqv-hjRzqYCBodDxtrKQ][test][5],[tbUF3y2YTPm1TPdTF8YBYw][test][4],[tbUF3y2YTPm1TPdTF8YBYw][test][3],[tbUF3y2YTPm1TPdTF8YBYw][test][2],[q75XUfcITqG3o93Z8EOFnw][test][9],[tbUF3y2YTPm1TPdTF8YBYw][test][8],[t8Mqv-hjRzqYCBodDxtrKQ][test][7],[q75XUfcITqG3o93Z8EOFnw][test][6] (cluster state version: 6854)
[2014-02-18 16:00:09,736][TRACE][action.search.type       ] [node_2] Moving to second phase, based on results from: [tbUF3y2YTPm1TPdTF8YBYw][test][11],[q75XUfcITqG3o93Z8EOFnw][test][10],[t8Mqv-hjRzqYCBodDxtrKQ][test][0],[q75XUfcITqG3o93Z8EOFnw][test][1],[tbUF3y2YTPm1TPdTF8YBYw][test][5],[q75XUfcITqG3o93Z8EOFnw][test][4],[q75XUfcITqG3o93Z8EOFnw][test][3],[t8Mqv-hjRzqYCBodDxtrKQ][test][2],[t8Mqv-hjRzqYCBodDxtrKQ][test][9],[q75XUfcITqG3o93Z8EOFnw][test][8],[q75XUfcITqG3o93Z8EOFnw][test][7],[t8Mqv-hjRzqYCBodDxtrKQ][test][6] (cluster state version: 6854)
[2014-02-18 16:00:09,746][TRACE][action.search.type       ] [node_2] Moving to second phase, based on results from: [q75XUfcITqG3o93Z8EOFnw][test][11],[tbUF3y2YTPm1TPdTF8YBYw][test][10],[q75XUfcITqG3o93Z8EOFnw][test][0],[t8Mqv-hjRzqYCBodDxtrKQ][test][1],[t8Mqv-hjRzqYCBodDxtrKQ][test][5],[tbUF3y2YTPm1TPdTF8YBYw][test][4],[tbUF3y2YTPm1TPdTF8YBYw][test][3],[tbUF3y2YTPm1TPdTF8YBYw][test][2],[q75XUfcITqG3o93Z8EOFnw][test][9],[tbUF3y2YTPm1TPdTF8YBYw][test][8],[t8Mqv-hjRzqYCBodDxtrKQ][test][7],[q75XUfcITqG3o93Z8EOFnw][test][6] (cluster state version: 6854)
[2014-02-18 16:00:09,751][TRACE][action.search.type       ] [node_1] Moving to second phase, based on results from: [q75XUfcITqG3o93Z8EOFnw][test][11],[tbUF3y2YTPm1TPdTF8YBYw][test][10],[t8Mqv-hjRzqYCBodDxtrKQ][test][0],[t8Mqv-hjRzqYCBodDxtrKQ][test][1],[tbUF3y2YTPm1TPdTF8YBYw][test][5],[tbUF3y2YTPm1TPdTF8YBYw][test][4],[q75XUfcITqG3o93Z8EOFnw][test][3],[t8Mqv-hjRzqYCBodDxtrKQ][test][2],[t8Mqv-hjRzqYCBodDxtrKQ][test][9],[q75XUfcITqG3o93Z8EOFnw][test][8],[q75XUfcITqG3o93Z8EOFnw][test][7],[q75XUfcITqG3o93Z8EOFnw][test][6] (cluster state version: 6854)
[2014-02-18 16:00:09,753][TRACE][action.search.type       ] [node_1] Moving to second phase, based on results from: [tbUF3y2YTPm1TPdTF8YBYw][test][11],[q75XUfcITqG3o93Z8EOFnw][test][10],[q75XUfcITqG3o93Z8EOFnw][test][0],[q75XUfcITqG3o93Z8EOFnw][test][1],[t8Mqv-hjRzqYCBodDxtrKQ][test][5],[q75XUfcITqG3o93Z8EOFnw][test][4],[tbUF3y2YTPm1TPdTF8YBYw][test][3],[tbUF3y2YTPm1TPdTF8YBYw][test][2],[q75XUfcITqG3o93Z8EOFnw][test][9],[tbUF3y2YTPm1TPdTF8YBYw][test][8],[t8Mqv-hjRzqYCBodDxtrKQ][test][7],[t8Mqv-hjRzqYCBodDxtrKQ][test][6] (cluster state version: 6854)
[2014-02-18 16:00:09,757][TRACE][action.search.type       ] [node_1] Moving to second phase, based on results from: [q75XUfcITqG3o93Z8EOFnw][test][11],[tbUF3y2YTPm1TPdTF8YBYw][test][10],[t8Mqv-hjRzqYCBodDxtrKQ][test][0],[t8Mqv-hjRzqYCBodDxtrKQ][test][1],[tbUF3y2YTPm1TPdTF8YBYw][test][5],[tbUF3y2YTPm1TPdTF8YBYw][test][4],[q75XUfcITqG3o93Z8EOFnw][test][3],[t8Mqv-hjRzqYCBodDxtrKQ][test][2],[t8Mqv-hjRzqYCBodDxtrKQ][test][9],[q75XUfcITqG3o93Z8EOFnw][test][8],[q75XUfcITqG3o93Z8EOFnw][test][7],[q75XUfcITqG3o93Z8EOFnw][test][6] (cluster state version: 6854)
[2014-02-18 16:00:09,762][TRACE][action.search.type       ] [node_0] Moving to second phase, based on results from: [tbUF3y2YTPm1TPdTF8YBYw][test][11],[tbUF3y2YTPm1TPdTF8YBYw][test][10],[t8Mqv-hjRzqYCBodDxtrKQ][test][0],[t8Mqv-hjRzqYCBodDxtrKQ][test][1],[t8Mqv-hjRzqYCBodDxtrKQ][test][5],[q75XUfcITqG3o93Z8EOFnw][test][4],[tbUF3y2YTPm1TPdTF8YBYw][test][3],[t8Mqv-hjRzqYCBodDxtrKQ][test][2],[q75XUfcITqG3o93Z8EOFnw][test][9],[q75XUfcITqG3o93Z8EOFnw][test][8],[q75XUfcITqG3o93Z8EOFnw][test][7],[q75XUfcITqG3o93Z8EOFnw][test][6] (cluster state version: 6854)
[2014-02-18 16:00:09,766][TRACE][action.search.type       ] [node_1] Moving to second phase, based on results from: [tbUF3y2YTPm1TPdTF8YBYw][test][11],[q75XUfcITqG3o93Z8EOFnw][test][10],[q75XUfcITqG3o93Z8EOFnw][test][0],[q75XUfcITqG3o93Z8EOFnw][test][1],[t8Mqv-hjRzqYCBodDxtrKQ][test][5],[q75XUfcITqG3o93Z8EOFnw][test][4],[tbUF3y2YTPm1TPdTF8YBYw][test][3],[tbUF3y2YTPm1TPdTF8YBYw][test][2],[q75XUfcITqG3o93Z8EOFnw][test][9],[tbUF3y2YTPm1TPdTF8YBYw][test][8],[t8Mqv-hjRzqYCBodDxtrKQ][test][7],[t8Mqv-hjRzqYCBodDxtrKQ][test][6] (cluster state version: 6854)
[2014-02-18 16:00:09,774][TRACE][action.search.type       ] [node_1] Moving to second phase, based on results from: [q75XUfcITqG3o93Z8EOFnw][test][11],[tbUF3y2YTPm1TPdTF8YBYw][test][10],[t8Mqv-hjRzqYCBodDxtrKQ][test][0],[t8Mqv-hjRzqYCBodDxtrKQ][test][1],[tbUF3y2YTPm1TPdTF8YBYw][test][5],[tbUF3y2YTPm1TPdTF8YBYw][test][4],[q75XUfcITqG3o93Z8EOFnw][test][3],[t8Mqv-hjRzqYCBodDxtrKQ][test][2],[t8Mqv-hjRzqYCBodDxtrKQ][test][9],[q75XUfcITqG3o93Z8EOFnw][test][8],[q75XUfcITqG3o93Z8EOFnw][test][7],[q75XUfcITqG3o93Z8EOFnw][test][6] (cluster state version: 6854)
[2014-02-18 16:00:09,777][TRACE][action.search.type       ] [node_0] Moving to second phase, based on results from: [q75XUfcITqG3o93Z8EOFnw][test][11],[q75XUfcITqG3o93Z8EOFnw][test][10],[q75XUfcITqG3o93Z8EOFnw][test][0],[q75XUfcITqG3o93Z8EOFnw][test][1],[tbUF3y2YTPm1TPdTF8YBYw][test][5],[tbUF3y2YTPm1TPdTF8YBYw][test][4],[q75XUfcITqG3o93Z8EOFnw][test][3],[tbUF3y2YTPm1TPdTF8YBYw][test][2],[t8Mqv-hjRzqYCBodDxtrKQ][test][9],[tbUF3y2YTPm1TPdTF8YBYw][test][8],[t8Mqv-hjRzqYCBodDxtrKQ][test][7],[t8Mqv-hjRzqYCBodDxtrKQ][test][6] (cluster state version: 6854)
[2014-02-18 16:00:09,784][TRACE][action.search.type       ] [node_0] Moving to second phase, based on results from: [tbUF3y2YTPm1TPdTF8YBYw][test][11],[tbUF3y2YTPm1TPdTF8YBYw][test][10],[t8Mqv-hjRzqYCBodDxtrKQ][test][0],[t8Mqv-hjRzqYCBodDxtrKQ][test][1],[t8Mqv-hjRzqYCBodDxtrKQ][test][5],[q75XUfcITqG3o93Z8EOFnw][test][4],[tbUF3y2YTPm1TPdTF8YBYw][test][3],[t8Mqv-hjRzqYCBodDxtrKQ][test][2],[q75XUfcITqG3o93Z8EOFnw][test][9],[q75XUfcITqG3o93Z8EOFnw][test][8],[q75XUfcITqG3o93Z8EOFnw][test][7],[q75XUfcITqG3o93Z8EOFnw][test][6] (cluster state version: 6854)
[2014-02-18 16:00:09,788][TRACE][action.search.type       ] [node_1] Moving to second phase, based on results from: [tbUF3y2YTPm1TPdTF8YBYw][test][11],[q75XUfcITqG3o93Z8EOFnw][test][10],[t8Mqv-hjRzqYCBodDxtrKQ][test][0],[t8Mqv-hjRzqYCBodDxtrKQ][test][1],[t8Mqv-hjRzqYCBodDxtrKQ][test][5],[tbUF3y2YTPm1TPdTF8YBYw][test][4],[q75XUfcITqG3o93Z8EOFnw][test][3],[tbUF3y2YTPm1TPdTF8YBYw][test][2],[q75XUfcITqG3o93Z8EOFnw][test][9],[tbUF3y2YTPm1TPdTF8YBYw][test][8],[q75XUfcITqG3o93Z8EOFnw][test][7],[q75XUfcITqG3o93Z8EOFnw][test][6] (cluster state version: 6855)
[2014-02-18 16:00:09,792][TRACE][action.search.type       ] [node_1] Moving to second phase, based on results from: [q75XUfcITqG3o93Z8EOFnw][test][11],[tbUF3y2YTPm1TPdTF8YBYw][test][10],[q75XUfcITqG3o93Z8EOFnw][test][0],[q75XUfcITqG3o93Z8EOFnw][test][1],[tbUF3y2YTPm1TPdTF8YBYw][test][5],[q75XUfcITqG3o93Z8EOFnw][test][4],[tbUF3y2YTPm1TPdTF8YBYw][test][3],[t8Mqv-hjRzqYCBodDxtrKQ][test][2],[t8Mqv-hjRzqYCBodDxtrKQ][test][9],[t8Mqv-hjRzqYCBodDxtrKQ][test][8],[t8Mqv-hjRzqYCBodDxtrKQ][test][7],[t8Mqv-hjRzqYCBodDxtrKQ][test][6] (cluster state version: 6855)
[2014-02-18 16:00:09,795][TRACE][action.search.type       ] [node_0] Moving to second phase, based on results from: [q75XUfcITqG3o93Z8EOFnw][test][11],[q75XUfcITqG3o93Z8EOFnw][test][10],[q75XUfcITqG3o93Z8EOFnw][test][0],[q75XUfcITqG3o93Z8EOFnw][test][1],[tbUF3y2YTPm1TPdTF8YBYw][test][5],[tbUF3y2YTPm1TPdTF8YBYw][test][4],[q75XUfcITqG3o93Z8EOFnw][test][3],[tbUF3y2YTPm1TPdTF8YBYw][test][2],[t8Mqv-hjRzqYCBodDxtrKQ][test][9],[tbUF3y2YTPm1TPdTF8YBYw][test][8],[t8Mqv-hjRzqYCBodDxtrKQ][test][7],[t8Mqv-hjRzqYCBodDxtrKQ][test][6] (cluster state version: 6854)
[2014-02-18 16:00:09,804][TRACE][action.search.type       ] [node_1] Moving to second phase, based on results from: [tbUF3y2YTPm1TPdTF8YBYw][test][11],[q75XUfcITqG3o93Z8EOFnw][test][10],[t8Mqv-hjRzqYCBodDxtrKQ][test][0],[t8Mqv-hjRzqYCBodDxtrKQ][test][1],[t8Mqv-hjRzqYCBodDxtrKQ][test][5],[tbUF3y2YTPm1TPdTF8YBYw][test][4],[q75XUfcITqG3o93Z8EOFnw][test][3],[tbUF3y2YTPm1TPdTF8YBYw][test][2],[q75XUfcITqG3o93Z8EOFnw][test][9],[tbUF3y2YTPm1TPdTF8YBYw][test][8],[q75XUfcITqG3o93Z8EOFnw][test][7],[q75XUfcITqG3o93Z8EOFnw][test][6] (cluster state version: 6855)
[2014-02-18 16:00:09,807][TRACE][action.search.type       ] [node_0] Moving to second phase, based on results from: [q75XUfcITqG3o93Z8EOFnw][test][11],[tbUF3y2YTPm1TPdTF8YBYw][test][10],[q75XUfcITqG3o93Z8EOFnw][test][0],[t8Mqv-hjRzqYCBodDxtrKQ][test][1],[t8Mqv-hjRzqYCBodDxtrKQ][test][5],[q75XUfcITqG3o93Z8EOFnw][test][4],[tbUF3y2YTPm1TPdTF8YBYw][test][3],[tbUF3y2YTPm1TPdTF8YBYw][test][2],[q75XUfcITqG3o93Z8EOFnw][test][9],[t8Mqv-hjRzqYCBodDxtrKQ][test][8],[q75XUfcITqG3o93Z8EOFnw][test][7],[t8Mqv-hjRzqYCBodDxtrKQ][test][6] (cluster state version: 6855)
[2014-02-18 16:00:09,812][TRACE][action.search.type       ] [node_1] [test][0], node[tbUF3y2YTPm1TPdTF8YBYw], [R], s[STARTED]: Failed to execute [org.elasticsearch.action.search.SearchRequest@55fea505] lastShard [false]
org.elasticsearch.transport.RemoteTransportException: [node_0][inet[/10.1.10.75:9300]][search/phase/dfs]
Caused by: org.elasticsearch.index.shard.IllegalIndexShardStateException: [test][0] CurrentState[POST_RECOVERY] operations only allowed when started/relocated
	at org.elasticsearch.index.shard.service.InternalIndexShard.readAllowed(InternalIndexShard.java:806)
	at org.elasticsearch.index.shard.service.InternalIndexShard.acquireSearcher(InternalIndexShard.java:644)
	at org.elasticsearch.index.shard.service.InternalIndexShard.acquireSearcher(InternalIndexShard.java:639)
	at org.elasticsearch.search.SearchService.createContext(SearchService.java:483)
	at org.elasticsearch.search.SearchService.createContext(SearchService.java:474)
	at org.elasticsearch.search.SearchService.createAndPutContext(SearchService.java:467)
	at org.elasticsearch.search.SearchService.executeDfsPhase(SearchService.java:173)
	at org.elasticsearch.search.action.SearchServiceTransportAction$SearchDfsTransportHandler.messageReceived(SearchServiceTransportAction.java:602)
	at org.elasticsearch.search.action.SearchServiceTransportAction$SearchDfsTransportHandler.messageReceived(SearchServiceTransportAction.java:591)
	at org.elasticsearch.transport.netty.MessageChannelHandler$RequestHandler.run(MessageChannelHandler.java:270)
	at java.util.concurrent.ThreadPoolExecutor.runWorker(ThreadPoolExecutor.java:1145)
	at java.util.concurrent.ThreadPoolExecutor$Worker.run(ThreadPoolExecutor.java:615)
	at java.lang.Thread.run(Thread.java:744)
[2014-02-18 16:00:09,813][TRACE][action.search.type       ] [node_1] Moving to second phase, based on results from: [q75XUfcITqG3o93Z8EOFnw][test][11],[tbUF3y2YTPm1TPdTF8YBYw][test][10],[t8Mqv-hjRzqYCBodDxtrKQ][test][0],[t8Mqv-hjRzqYCBodDxtrKQ][test][1],[t8Mqv-hjRzqYCBodDxtrKQ][test][5],[q75XUfcITqG3o93Z8EOFnw][test][4],[q75XUfcITqG3o93Z8EOFnw][test][3],[tbUF3y2YTPm1TPdTF8YBYw][test][2],[t8Mqv-hjRzqYCBodDxtrKQ][test][9],[t8Mqv-hjRzqYCBodDxtrKQ][test][8],[q75XUfcITqG3o93Z8EOFnw][test][7],[t8Mqv-hjRzqYCBodDxtrKQ][test][6] (cluster state version: 6856)
[2014-02-18 16:00:09,825][TRACE][action.search.type       ] [node_0] Moving to second phase, based on results from: [q75XUfcITqG3o93Z8EOFnw][test][11],[tbUF3y2YTPm1TPdTF8YBYw][test][10],[t8Mqv-hjRzqYCBodDxtrKQ][test][0],[t8Mqv-hjRzqYCBodDxtrKQ][test][1],[t8Mqv-hjRzqYCBodDxtrKQ][test][5],[q75XUfcITqG3o93Z8EOFnw][test][4],[q75XUfcITqG3o93Z8EOFnw][test][3],[t8Mqv-hjRzqYCBodDxtrKQ][test][2],[t8Mqv-hjRzqYCBodDxtrKQ][test][9],[tbUF3y2YTPm1TPdTF8YBYw][test][8],[t8Mqv-hjRzqYCBodDxtrKQ][test][7],[q75XUfcITqG3o93Z8EOFnw][test][6] (cluster state version: 6856)
[2014-02-18 16:00:09,829][TRACE][action.search.type       ] [node_0] Moving to second phase, based on results from: [tbUF3y2YTPm1TPdTF8YBYw][test][11],[q75XUfcITqG3o93Z8EOFnw][test][10],[tbUF3y2YTPm1TPdTF8YBYw][test][0],[q75XUfcITqG3o93Z8EOFnw][test][1],[tbUF3y2YTPm1TPdTF8YBYw][test][5],[tbUF3y2YTPm1TPdTF8YBYw][test][4],[tbUF3y2YTPm1TPdTF8YBYw][test][3],[tbUF3y2YTPm1TPdTF8YBYw][test][2],[q75XUfcITqG3o93Z8EOFnw][test][9],[t8Mqv-hjRzqYCBodDxtrKQ][test][8],[q75XUfcITqG3o93Z8EOFnw][test][7],[t8Mqv-hjRzqYCBodDxtrKQ][test][6] (cluster state version: 6856)
[2014-02-18 16:00:09,833][TRACE][action.search.type       ] [node_0] Moving to second phase, based on results from: [q75XUfcITqG3o93Z8EOFnw][test][11],[tbUF3y2YTPm1TPdTF8YBYw][test][10],[t8Mqv-hjRzqYCBodDxtrKQ][test][0],[t8Mqv-hjRzqYCBodDxtrKQ][test][1],[t8Mqv-hjRzqYCBodDxtrKQ][test][5],[q75XUfcITqG3o93Z8EOFnw][test][4],[q75XUfcITqG3o93Z8EOFnw][test][3],[t8Mqv-hjRzqYCBodDxtrKQ][test][2],[t8Mqv-hjRzqYCBodDxtrKQ][test][9],[tbUF3y2YTPm1TPdTF8YBYw][test][8],[t8Mqv-hjRzqYCBodDxtrKQ][test][7],[q75XUfcITqG3o93Z8EOFnw][test][6] (cluster state version: 6856)
[2014-02-18 16:00:09,841][TRACE][action.search.type       ] [node_2] Moving to second phase, based on results from: [tbUF3y2YTPm1TPdTF8YBYw][test][11],[tbUF3y2YTPm1TPdTF8YBYw][test][10],[t8Mqv-hjRzqYCBodDxtrKQ][test][0],[t8Mqv-hjRzqYCBodDxtrKQ][test][1],[tbUF3y2YTPm1TPdTF8YBYw][test][5],[tbUF3y2YTPm1TPdTF8YBYw][test][4],[tbUF3y2YTPm1TPdTF8YBYw][test][3],[tbUF3y2YTPm1TPdTF8YBYw][test][2],[t8Mqv-hjRzqYCBodDxtrKQ][test][9],[tbUF3y2YTPm1TPdTF8YBYw][test][8],[q75XUfcITqG3o93Z8EOFnw][test][7],[t8Mqv-hjRzqYCBodDxtrKQ][test][6] (cluster state version: 6856)
[2014-02-18 16:00:09,845][TRACE][action.search.type       ] [node_0] Moving to second phase, based on results from: [tbUF3y2YTPm1TPdTF8YBYw][test][11],[q75XUfcITqG3o93Z8EOFnw][test][10],[tbUF3y2YTPm1TPdTF8YBYw][test][0],[q75XUfcITqG3o93Z8EOFnw][test][1],[tbUF3y2YTPm1TPdTF8YBYw][test][5],[tbUF3y2YTPm1TPdTF8YBYw][test][4],[tbUF3y2YTPm1TPdTF8YBYw][test][3],[tbUF3y2YTPm1TPdTF8YBYw][test][2],[q75XUfcITqG3o93Z8EOFnw][test][9],[t8Mqv-hjRzqYCBodDxtrKQ][test][8],[q75XUfcITqG3o93Z8EOFnw][test][7],[t8Mqv-hjRzqYCBodDxtrKQ][test][6] (cluster state version: 6856)
[2014-02-18 16:00:09,856][TRACE][action.search.type       ] [node_2] Moving to second phase, based on results from: [q75XUfcITqG3o93Z8EOFnw][test][11],[q75XUfcITqG3o93Z8EOFnw][test][10],[t8Mqv-hjRzqYCBodDxtrKQ][test][0],[q75XUfcITqG3o93Z8EOFnw][test][1],[t8Mqv-hjRzqYCBodDxtrKQ][test][5],[q75XUfcITqG3o93Z8EOFnw][test][4],[tbUF3y2YTPm1TPdTF8YBYw][test][3],[tbUF3y2YTPm1TPdTF8YBYw][test][2],[q75XUfcITqG3o93Z8EOFnw][test][9],[t8Mqv-hjRzqYCBodDxtrKQ][test][8],[q75XUfcITqG3o93Z8EOFnw][test][7],[q75XUfcITqG3o93Z8EOFnw][test][6] (cluster state version: 6857)
[2014-02-18 16:00:09,862][TRACE][action.search.type       ] [node_0] Moving to second phase, based on results from: [q75XUfcITqG3o93Z8EOFnw][test][11],[tbUF3y2YTPm1TPdTF8YBYw][test][10],[t8Mqv-hjRzqYCBodDxtrKQ][test][0],[t8Mqv-hjRzqYCBodDxtrKQ][test][1],[t8Mqv-hjRzqYCBodDxtrKQ][test][5],[q75XUfcITqG3o93Z8EOFnw][test][4],[q75XUfcITqG3o93Z8EOFnw][test][3],[t8Mqv-hjRzqYCBodDxtrKQ][test][2],[t8Mqv-hjRzqYCBodDxtrKQ][test][9],[tbUF3y2YTPm1TPdTF8YBYw][test][8],[t8Mqv-hjRzqYCBodDxtrKQ][test][7],[q75XUfcITqG3o93Z8EOFnw][test][6] (cluster state version: 6856)
[2014-02-18 16:00:09,868][TRACE][action.search.type       ] [node_0] Moving to second phase, based on results from: [tbUF3y2YTPm1TPdTF8YBYw][test][11],[q75XUfcITqG3o93Z8EOFnw][test][10],[tbUF3y2YTPm1TPdTF8YBYw][test][0],[q75XUfcITqG3o93Z8EOFnw][test][1],[tbUF3y2YTPm1TPdTF8YBYw][test][5],[tbUF3y2YTPm1TPdTF8YBYw][test][4],[tbUF3y2YTPm1TPdTF8YBYw][test][3],[tbUF3y2YTPm1TPdTF8YBYw][test][2],[q75XUfcITqG3o93Z8EOFnw][test][9],[t8Mqv-hjRzqYCBodDxtrKQ][test][8],[q75XUfcITqG3o93Z8EOFnw][test][7],[t8Mqv-hjRzqYCBodDxtrKQ][test][6] (cluster state version: 6856)
[2014-02-18 16:00:09,884][TRACE][action.search.type       ] [node_0] Moving to second phase, based on results from: [q75XUfcITqG3o93Z8EOFnw][test][11],[tbUF3y2YTPm1TPdTF8YBYw][test][10],[t8Mqv-hjRzqYCBodDxtrKQ][test][0],[t8Mqv-hjRzqYCBodDxtrKQ][test][1],[t8Mqv-hjRzqYCBodDxtrKQ][test][5],[q75XUfcITqG3o93Z8EOFnw][test][4],[q75XUfcITqG3o93Z8EOFnw][test][3],[t8Mqv-hjRzqYCBodDxtrKQ][test][2],[t8Mqv-hjRzqYCBodDxtrKQ][test][9],[tbUF3y2YTPm1TPdTF8YBYw][test][8],[t8Mqv-hjRzqYCBodDxtrKQ][test][7],[q75XUfcITqG3o93Z8EOFnw][test][6] (cluster state version: 6856)
[2014-02-18 16:00:09,892][TRACE][action.search.type       ] [node_1] Moving to second phase, based on results from: [q75XUfcITqG3o93Z8EOFnw][test][11],[tbUF3y2YTPm1TPdTF8YBYw][test][10],[tbUF3y2YTPm1TPdTF8YBYw][test][0],[t8Mqv-hjRzqYCBodDxtrKQ][test][1],[t8Mqv-hjRzqYCBodDxtrKQ][test][5],[tbUF3y2YTPm1TPdTF8YBYw][test][4],[q75XUfcITqG3o93Z8EOFnw][test][3],[tbUF3y2YTPm1TPdTF8YBYw][test][2],[q75XUfcITqG3o93Z8EOFnw][test][9],[tbUF3y2YTPm1TPdTF8YBYw][test][8],[t8Mqv-hjRzqYCBodDxtrKQ][test][7],[t8Mqv-hjRzqYCBodDxtrKQ][test][6] (cluster state version: 6857)
[2014-02-18 16:00:09,901][TRACE][action.search.type       ] [node_1] Moving to second phase, based on results from: [tbUF3y2YTPm1TPdTF8YBYw][test][11],[q75XUfcITqG3o93Z8EOFnw][test][10],[t8Mqv-hjRzqYCBodDxtrKQ][test][0],[q75XUfcITqG3o93Z8EOFnw][test][1],[tbUF3y2YTPm1TPdTF8YBYw][test][5],[q75XUfcITqG3o93Z8EOFnw][test][4],[tbUF3y2YTPm1TPdTF8YBYw][test][3],[t8Mqv-hjRzqYCBodDxtrKQ][test][2],[t8Mqv-hjRzqYCBodDxtrKQ][test][9],[t8Mqv-hjRzqYCBodDxtrKQ][test][8],[q75XUfcITqG3o93Z8EOFnw][test][7],[q75XUfcITqG3o93Z8EOFnw][test][6] (cluster state version: 6857)
[2014-02-18 16:00:09,905][TRACE][action.search.type       ] [node_1] Moving to second phase, based on results from: [q75XUfcITqG3o93Z8EOFnw][test][11],[tbUF3y2YTPm1TPdTF8YBYw][test][10],[tbUF3y2YTPm1TPdTF8YBYw][test][0],[t8Mqv-hjRzqYCBodDxtrKQ][test][1],[t8Mqv-hjRzqYCBodDxtrKQ][test][5],[tbUF3y2YTPm1TPdTF8YBYw][test][4],[q75XUfcITqG3o93Z8EOFnw][test][3],[tbUF3y2YTPm1TPdTF8YBYw][test][2],[q75XUfcITqG3o93Z8EOFnw][test][9],[tbUF3y2YTPm1TPdTF8YBYw][test][8],[t8Mqv-hjRzqYCBodDxtrKQ][test][7],[t8Mqv-hjRzqYCBodDxtrKQ][test][6] (cluster state version: 6857)
[2014-02-18 16:00:09,909][TRACE][action.search.type       ] [node_0] Moving to second phase, based on results from: [tbUF3y2YTPm1TPdTF8YBYw][test][11],[q75XUfcITqG3o93Z8EOFnw][test][10],[tbUF3y2YTPm1TPdTF8YBYw][test][0],[q75XUfcITqG3o93Z8EOFnw][test][1],[tbUF3y2YTPm1TPdTF8YBYw][test][5],[tbUF3y2YTPm1TPdTF8YBYw][test][4],[tbUF3y2YTPm1TPdTF8YBYw][test][3],[tbUF3y2YTPm1TPdTF8YBYw][test][2],[q75XUfcITqG3o93Z8EOFnw][test][9],[t8Mqv-hjRzqYCBodDxtrKQ][test][8],[q75XUfcITqG3o93Z8EOFnw][test][7],[t8Mqv-hjRzqYCBodDxtrKQ][test][6] (cluster state version: 6856)
[2014-02-18 16:00:09,919][TRACE][action.search.type       ] [node_2] Moving to second phase, based on results from: [tbUF3y2YTPm1TPdTF8YBYw][test][11],[tbUF3y2YTPm1TPdTF8YBYw][test][10],[tbUF3y2YTPm1TPdTF8YBYw][test][0],[t8Mqv-hjRzqYCBodDxtrKQ][test][1],[tbUF3y2YTPm1TPdTF8YBYw][test][5],[tbUF3y2YTPm1TPdTF8YBYw][test][4],[q75XUfcITqG3o93Z8EOFnw][test][3],[t8Mqv-hjRzqYCBodDxtrKQ][test][2],[t8Mqv-hjRzqYCBodDxtrKQ][test][9],[tbUF3y2YTPm1TPdTF8YBYw][test][8],[t8Mqv-hjRzqYCBodDxtrKQ][test][7],[t8Mqv-hjRzqYCBodDxtrKQ][test][6] (cluster state version: 6857)
[2014-02-18 16:00:09,929][TRACE][action.search.type       ] [node_0] Moving to second phase, based on results from: [q75XUfcITqG3o93Z8EOFnw][test][11],[tbUF3y2YTPm1TPdTF8YBYw][test][10],[t8Mqv-hjRzqYCBodDxtrKQ][test][0],[t8Mqv-hjRzqYCBodDxtrKQ][test][1],[t8Mqv-hjRzqYCBodDxtrKQ][test][5],[q75XUfcITqG3o93Z8EOFnw][test][4],[q75XUfcITqG3o93Z8EOFnw][test][3],[t8Mqv-hjRzqYCBodDxtrKQ][test][2],[t8Mqv-hjRzqYCBodDxtrKQ][test][9],[tbUF3y2YTPm1TPdTF8YBYw][test][8],[t8Mqv-hjRzqYCBodDxtrKQ][test][7],[q75XUfcITqG3o93Z8EOFnw][test][6] (cluster state version: 6856)
[2014-02-18 16:00:09,933][TRACE][action.search.type       ] [node_1] Moving to second phase, based on results from: [tbUF3y2YTPm1TPdTF8YBYw][test][11],[q75XUfcITqG3o93Z8EOFnw][test][10],[t8Mqv-hjRzqYCBodDxtrKQ][test][0],[q75XUfcITqG3o93Z8EOFnw][test][1],[tbUF3y2YTPm1TPdTF8YBYw][test][5],[q75XUfcITqG3o93Z8EOFnw][test][4],[tbUF3y2YTPm1TPdTF8YBYw][test][3],[t8Mqv-hjRzqYCBodDxtrKQ][test][2],[t8Mqv-hjRzqYCBodDxtrKQ][test][9],[t8Mqv-hjRzqYCBodDxtrKQ][test][8],[q75XUfcITqG3o93Z8EOFnw][test][7],[q75XUfcITqG3o93Z8EOFnw][test][6] (cluster state version: 6857)
[2014-02-18 16:00:09,941][TRACE][action.search.type       ] [node_0] Moving to second phase, based on results from: [tbUF3y2YTPm1TPdTF8YBYw][test][11],[q75XUfcITqG3o93Z8EOFnw][test][10],[tbUF3y2YTPm1TPdTF8YBYw][test][0],[q75XUfcITqG3o93Z8EOFnw][test][1],[tbUF3y2YTPm1TPdTF8YBYw][test][5],[tbUF3y2YTPm1TPdTF8YBYw][test][4],[tbUF3y2YTPm1TPdTF8YBYw][test][3],[tbUF3y2YTPm1TPdTF8YBYw][test][2],[q75XUfcITqG3o93Z8EOFnw][test][9],[t8Mqv-hjRzqYCBodDxtrKQ][test][8],[q75XUfcITqG3o93Z8EOFnw][test][7],[t8Mqv-hjRzqYCBodDxtrKQ][test][6] (cluster state version: 6856)
[2014-02-18 16:00:09,946][TRACE][action.search.type       ] [node_1] Moving to second phase, based on results from: [q75XUfcITqG3o93Z8EOFnw][test][11],[tbUF3y2YTPm1TPdTF8YBYw][test][10],[tbUF3y2YTPm1TPdTF8YBYw][test][0],[t8Mqv-hjRzqYCBodDxtrKQ][test][1],[t8Mqv-hjRzqYCBodDxtrKQ][test][5],[tbUF3y2YTPm1TPdTF8YBYw][test][4],[q75XUfcITqG3o93Z8EOFnw][test][3],[tbUF3y2YTPm1TPdTF8YBYw][test][2],[q75XUfcITqG3o93Z8EOFnw][test][9],[tbUF3y2YTPm1TPdTF8YBYw][test][8],[t8Mqv-hjRzqYCBodDxtrKQ][test][7],[t8Mqv-hjRzqYCBodDxtrKQ][test][6] (cluster state version: 6857)
[2014-02-18 16:00:09,955][TRACE][action.search.type       ] [node_0] Moving to second phase, based on results from: [q75XUfcITqG3o93Z8EOFnw][test][11],[tbUF3y2YTPm1TPdTF8YBYw][test][10],[t8Mqv-hjRzqYCBodDxtrKQ][test][0],[t8Mqv-hjRzqYCBodDxtrKQ][test][1],[t8Mqv-hjRzqYCBodDxtrKQ][test][5],[q75XUfcITqG3o93Z8EOFnw][test][4],[q75XUfcITqG3o93Z8EOFnw][test][3],[t8Mqv-hjRzqYCBodDxtrKQ][test][2],[t8Mqv-hjRzqYCBodDxtrKQ][test][9],[tbUF3y2YTPm1TPdTF8YBYw][test][8],[t8Mqv-hjRzqYCBodDxtrKQ][test][7],[q75XUfcITqG3o93Z8EOFnw][test][6] (cluster state version: 6856)
[2014-02-18 16:00:09,962][TRACE][action.search.type       ] [node_2] Moving to second phase, based on results from: [q75XUfcITqG3o93Z8EOFnw][test][11],[q75XUfcITqG3o93Z8EOFnw][test][10],[t8Mqv-hjRzqYCBodDxtrKQ][test][0],[q75XUfcITqG3o93Z8EOFnw][test][1],[t8Mqv-hjRzqYCBodDxtrKQ][test][5],[q75XUfcITqG3o93Z8EOFnw][test][4],[tbUF3y2YTPm1TPdTF8YBYw][test][3],[tbUF3y2YTPm1TPdTF8YBYw][test][2],[q75XUfcITqG3o93Z8EOFnw][test][9],[t8Mqv-hjRzqYCBodDxtrKQ][test][8],[q75XUfcITqG3o93Z8EOFnw][test][7],[q75XUfcITqG3o93Z8EOFnw][test][6] (cluster state version: 6857)
[2014-02-18 16:00:09,983][TRACE][action.search.type       ] [node_0] Moving to second phase, based on results from: [tbUF3y2YTPm1TPdTF8YBYw][test][11],[q75XUfcITqG3o93Z8EOFnw][test][10],[tbUF3y2YTPm1TPdTF8YBYw][test][0],[q75XUfcITqG3o93Z8EOFnw][test][1],[tbUF3y2YTPm1TPdTF8YBYw][test][5],[tbUF3y2YTPm1TPdTF8YBYw][test][4],[tbUF3y2YTPm1TPdTF8YBYw][test][3],[tbUF3y2YTPm1TPdTF8YBYw][test][2],[q75XUfcITqG3o93Z8EOFnw][test][9],[t8Mqv-hjRzqYCBodDxtrKQ][test][8],[q75XUfcITqG3o93Z8EOFnw][test][7],[t8Mqv-hjRzqYCBodDxtrKQ][test][6] (cluster state version: 6856)
[2014-02-18 16:00:09,986][TRACE][action.search.type       ] [node_1] Moving to second phase, based on results from: [q75XUfcITqG3o93Z8EOFnw][test][11],[tbUF3y2YTPm1TPdTF8YBYw][test][10],[t8Mqv-hjRzqYCBodDxtrKQ][test][0],[q75XUfcITqG3o93Z8EOFnw][test][1],[tbUF3y2YTPm1TPdTF8YBYw][test][5],[q75XUfcITqG3o93Z8EOFnw][test][4],[q75XUfcITqG3o93Z8EOFnw][test][3],[tbUF3y2YTPm1TPdTF8YBYw][test][2],[q75XUfcITqG3o93Z8EOFnw][test][9],[tbUF3y2YTPm1TPdTF8YBYw][test][8],[t8Mqv-hjRzqYCBodDxtrKQ][test][7],[t8Mqv-hjRzqYCBodDxtrKQ][test][6] (cluster state version: 6858)
[2014-02-18 16:00:09,991][TRACE][action.search.type       ] [node_0] Moving to second phase, based on results from: [q75XUfcITqG3o93Z8EOFnw][test][11],[tbUF3y2YTPm1TPdTF8YBYw][test][10],[tbUF3y2YTPm1TPdTF8YBYw][test][0],[q75XUfcITqG3o93Z8EOFnw][test][1],[t8Mqv-hjRzqYCBodDxtrKQ][test][5],[tbUF3y2YTPm1TPdTF8YBYw][test][4],[q75XUfcITqG3o93Z8EOFnw][test][3],[tbUF3y2YTPm1TPdTF8YBYw][test][2],[q75XUfcITqG3o93Z8EOFnw][test][9],[t8Mqv-hjRzqYCBodDxtrKQ][test][8],[q75XUfcITqG3o93Z8EOFnw][test][7],[t8Mqv-hjRzqYCBodDxtrKQ][test][6] (cluster state version: 6858)
[2014-02-18 16:00:09,997][TRACE][action.search.type       ] [node_1] Moving to second phase, based on results from: [tbUF3y2YTPm1TPdTF8YBYw][test][11],[q75XUfcITqG3o93Z8EOFnw][test][10],[tbUF3y2YTPm1TPdTF8YBYw][test][0],[t8Mqv-hjRzqYCBodDxtrKQ][test][1],[t8Mqv-hjRzqYCBodDxtrKQ][test][5],[tbUF3y2YTPm1TPdTF8YBYw][test][4],[tbUF3y2YTPm1TPdTF8YBYw][test][3],[t8Mqv-hjRzqYCBodDxtrKQ][test][2],[t8Mqv-hjRzqYCBodDxtrKQ][test][9],[t8Mqv-hjRzqYCBodDxtrKQ][test][8],[q75XUfcITqG3o93Z8EOFnw][test][7],[q75XUfcITqG3o93Z8EOFnw][test][6] (cluster state version: 6858)
[2014-02-18 16:00:10,008][TRACE][action.search.type       ] [node_1] Moving to second phase, based on results from: [q75XUfcITqG3o93Z8EOFnw][test][11],[tbUF3y2YTPm1TPdTF8YBYw][test][10],[t8Mqv-hjRzqYCBodDxtrKQ][test][0],[q75XUfcITqG3o93Z8EOFnw][test][1],[tbUF3y2YTPm1TPdTF8YBYw][test][5],[q75XUfcITqG3o93Z8EOFnw][test][4],[q75XUfcITqG3o93Z8EOFnw][test][3],[tbUF3y2YTPm1TPdTF8YBYw][test][2],[q75XUfcITqG3o93Z8EOFnw][test][9],[tbUF3y2YTPm1TPdTF8YBYw][test][8],[t8Mqv-hjRzqYCBodDxtrKQ][test][7],[t8Mqv-hjRzqYCBodDxtrKQ][test][6] (cluster state version: 6858)
[2014-02-18 16:00:10,028][TRACE][action.search.type       ] [node_0] Moving to second phase, based on results from: [tbUF3y2YTPm1TPdTF8YBYw][test][11],[q75XUfcITqG3o93Z8EOFnw][test][10],[t8Mqv-hjRzqYCBodDxtrKQ][test][0],[t8Mqv-hjRzqYCBodDxtrKQ][test][1],[tbUF3y2YTPm1TPdTF8YBYw][test][5],[q75XUfcITqG3o93Z8EOFnw][test][4],[tbUF3y2YTPm1TPdTF8YBYw][test][3],[t8Mqv-hjRzqYCBodDxtrKQ][test][2],[t8Mqv-hjRzqYCBodDxtrKQ][test][9],[tbUF3y2YTPm1TPdTF8YBYw][test][8],[t8Mqv-hjRzqYCBodDxtrKQ][test][7],[q75XUfcITqG3o93Z8EOFnw][test][6] (cluster state version: 6858)
[2014-02-18 16:00:10,032][TRACE][action.search.type       ] [node_1] Moving to second phase, based on results from: [tbUF3y2YTPm1TPdTF8YBYw][test][11],[q75XUfcITqG3o93Z8EOFnw][test][10],[tbUF3y2YTPm1TPdTF8YBYw][test][0],[t8Mqv-hjRzqYCBodDxtrKQ][test][1],[t8Mqv-hjRzqYCBodDxtrKQ][test][5],[tbUF3y2YTPm1TPdTF8YBYw][test][4],[tbUF3y2YTPm1TPdTF8YBYw][test][3],[t8Mqv-hjRzqYCBodDxtrKQ][test][2],[t8Mqv-hjRzqYCBodDxtrKQ][test][9],[t8Mqv-hjRzqYCBodDxtrKQ][test][8],[q75XUfcITqG3o93Z8EOFnw][test][7],[q75XUfcITqG3o93Z8EOFnw][test][6] (cluster state version: 6858)
[2014-02-18 16:00:10,036][TRACE][action.search.type       ] [node_2] Moving to second phase, based on results from: [tbUF3y2YTPm1TPdTF8YBYw][test][11],[tbUF3y2YTPm1TPdTF8YBYw][test][10],[tbUF3y2YTPm1TPdTF8YBYw][test][0],[q75XUfcITqG3o93Z8EOFnw][test][1],[tbUF3y2YTPm1TPdTF8YBYw][test][5],[tbUF3y2YTPm1TPdTF8YBYw][test][4],[q75XUfcITqG3o93Z8EOFnw][test][3],[tbUF3y2YTPm1TPdTF8YBYw][test][2],[t8Mqv-hjRzqYCBodDxtrKQ][test][9],[tbUF3y2YTPm1TPdTF8YBYw][test][8],[t8Mqv-hjRzqYCBodDxtrKQ][test][7],[q75XUfcITqG3o93Z8EOFnw][test][6] (cluster state version: 6858)
[2014-02-18 16:00:10,040][TRACE][action.search.type       ] [node_2] Moving to second phase, based on results from: [q75XUfcITqG3o93Z8EOFnw][test][11],[q75XUfcITqG3o93Z8EOFnw][test][10],[t8Mqv-hjRzqYCBodDxtrKQ][test][0],[t8Mqv-hjRzqYCBodDxtrKQ][test][1],[t8Mqv-hjRzqYCBodDxtrKQ][test][5],[q75XUfcITqG3o93Z8EOFnw][test][4],[tbUF3y2YTPm1TPdTF8YBYw][test][3],[t8Mqv-hjRzqYCBodDxtrKQ][test][2],[q75XUfcITqG3o93Z8EOFnw][test][9],[t8Mqv-hjRzqYCBodDxtrKQ][test][8],[q75XUfcITqG3o93Z8EOFnw][test][7],[t8Mqv-hjRzqYCBodDxtrKQ][test][6] (cluster state version: 6858)
[2014-02-18 16:00:10,045][TRACE][action.search.type       ] [node_0] Moving to second phase, based on results from: [q75XUfcITqG3o93Z8EOFnw][test][11],[tbUF3y2YTPm1TPdTF8YBYw][test][10],[tbUF3y2YTPm1TPdTF8YBYw][test][0],[q75XUfcITqG3o93Z8EOFnw][test][1],[t8Mqv-hjRzqYCBodDxtrKQ][test][5],[tbUF3y2YTPm1TPdTF8YBYw][test][4],[q75XUfcITqG3o93Z8EOFnw][test][3],[tbUF3y2YTPm1TPdTF8YBYw][test][2],[q75XUfcITqG3o93Z8EOFnw][test][9],[t8Mqv-hjRzqYCBodDxtrKQ][test][8],[q75XUfcITqG3o93Z8EOFnw][test][7],[t8Mqv-hjRzqYCBodDxtrKQ][test][6] (cluster state version: 6858)
[2014-02-18 16:00:10,052][TRACE][action.search.type       ] [node_2] Moving to second phase, based on results from: [tbUF3y2YTPm1TPdTF8YBYw][test][11],[tbUF3y2YTPm1TPdTF8YBYw][test][10],[tbUF3y2YTPm1TPdTF8YBYw][test][0],[q75XUfcITqG3o93Z8EOFnw][test][1],[tbUF3y2YTPm1TPdTF8YBYw][test][5],[tbUF3y2YTPm1TPdTF8YBYw][test][4],[q75XUfcITqG3o93Z8EOFnw][test][3],[tbUF3y2YTPm1TPdTF8YBYw][test][2],[t8Mqv-hjRzqYCBodDxtrKQ][test][9],[tbUF3y2YTPm1TPdTF8YBYw][test][8],[t8Mqv-hjRzqYCBodDxtrKQ][test][7],[q75XUfcITqG3o93Z8EOFnw][test][6] (cluster state version: 6858)
[2014-02-18 16:00:10,056][TRACE][action.search.type       ] [node_1] Moving to second phase, based on results from: [q75XUfcITqG3o93Z8EOFnw][test][11],[tbUF3y2YTPm1TPdTF8YBYw][test][10],[t8Mqv-hjRzqYCBodDxtrKQ][test][0],[q75XUfcITqG3o93Z8EOFnw][test][1],[tbUF3y2YTPm1TPdTF8YBYw][test][5],[q75XUfcITqG3o93Z8EOFnw][test][4],[q75XUfcITqG3o93Z8EOFnw][test][3],[tbUF3y2YTPm1TPdTF8YBYw][test][2],[q75XUfcITqG3o93Z8EOFnw][test][9],[tbUF3y2YTPm1TPdTF8YBYw][test][8],[t8Mqv-hjRzqYCBodDxtrKQ][test][7],[t8Mqv-hjRzqYCBodDxtrKQ][test][6] (cluster state version: 6858)
[2014-02-18 16:00:10,059][TRACE][action.search.type       ] [node_2] Moving to second phase, based on results from: [q75XUfcITqG3o93Z8EOFnw][test][11],[q75XUfcITqG3o93Z8EOFnw][test][10],[t8Mqv-hjRzqYCBodDxtrKQ][test][0],[t8Mqv-hjRzqYCBodDxtrKQ][test][1],[t8Mqv-hjRzqYCBodDxtrKQ][test][5],[q75XUfcITqG3o93Z8EOFnw][test][4],[tbUF3y2YTPm1TPdTF8YBYw][test][3],[t8Mqv-hjRzqYCBodDxtrKQ][test][2],[q75XUfcITqG3o93Z8EOFnw][test][9],[t8Mqv-hjRzqYCBodDxtrKQ][test][8],[q75XUfcITqG3o93Z8EOFnw][test][7],[t8Mqv-hjRzqYCBodDxtrKQ][test][6] (cluster state version: 6858)
[2014-02-18 16:00:10,062][TRACE][action.search.type       ] [node_2] Moving to second phase, based on results from: [tbUF3y2YTPm1TPdTF8YBYw][test][11],[tbUF3y2YTPm1TPdTF8YBYw][test][10],[tbUF3y2YTPm1TPdTF8YBYw][test][0],[q75XUfcITqG3o93Z8EOFnw][test][1],[tbUF3y2YTPm1TPdTF8YBYw][test][5],[tbUF3y2YTPm1TPdTF8YBYw][test][4],[q75XUfcITqG3o93Z8EOFnw][test][3],[tbUF3y2YTPm1TPdTF8YBYw][test][2],[t8Mqv-hjRzqYCBodDxtrKQ][test][9],[tbUF3y2YTPm1TPdTF8YBYw][test][8],[t8Mqv-hjRzqYCBodDxtrKQ][test][7],[q75XUfcITqG3o93Z8EOFnw][test][6] (cluster state version: 6858)
[2014-02-18 16:00:10,069][TRACE][action.search.type       ] [node_0] Moving to second phase, based on results from: [tbUF3y2YTPm1TPdTF8YBYw][test][11],[q75XUfcITqG3o93Z8EOFnw][test][10],[t8Mqv-hjRzqYCBodDxtrKQ][test][0],[t8Mqv-hjRzqYCBodDxtrKQ][test][1],[tbUF3y2YTPm1TPdTF8YBYw][test][5],[q75XUfcITqG3o93Z8EOFnw][test][4],[tbUF3y2YTPm1TPdTF8YBYw][test][3],[t8Mqv-hjRzqYCBodDxtrKQ][test][2],[t8Mqv-hjRzqYCBodDxtrKQ][test][9],[tbUF3y2YTPm1TPdTF8YBYw][test][8],[t8Mqv-hjRzqYCBodDxtrKQ][test][7],[q75XUfcITqG3o93Z8EOFnw][test][6] (cluster state version: 6858)
[2014-02-18 16:00:10,073][TRACE][action.search.type       ] [node_1] Moving to second phase, based on results from: [tbUF3y2YTPm1TPdTF8YBYw][test][11],[q75XUfcITqG3o93Z8EOFnw][test][10],[tbUF3y2YTPm1TPdTF8YBYw][test][0],[t8Mqv-hjRzqYCBodDxtrKQ][test][1],[t8Mqv-hjRzqYCBodDxtrKQ][test][5],[tbUF3y2YTPm1TPdTF8YBYw][test][4],[tbUF3y2YTPm1TPdTF8YBYw][test][3],[t8Mqv-hjRzqYCBodDxtrKQ][test][2],[t8Mqv-hjRzqYCBodDxtrKQ][test][9],[t8Mqv-hjRzqYCBodDxtrKQ][test][8],[q75XUfcITqG3o93Z8EOFnw][test][7],[q75XUfcITqG3o93Z8EOFnw][test][6] (cluster state version: 6858)
[2014-02-18 16:00:10,076][TRACE][action.search.type       ] [node_1] Moving to second phase, based on results from: [q75XUfcITqG3o93Z8EOFnw][test][11],[tbUF3y2YTPm1TPdTF8YBYw][test][10],[t8Mqv-hjRzqYCBodDxtrKQ][test][0],[q75XUfcITqG3o93Z8EOFnw][test][1],[tbUF3y2YTPm1TPdTF8YBYw][test][5],[q75XUfcITqG3o93Z8EOFnw][test][4],[q75XUfcITqG3o93Z8EOFnw][test][3],[tbUF3y2YTPm1TPdTF8YBYw][test][2],[q75XUfcITqG3o93Z8EOFnw][test][9],[tbUF3y2YTPm1TPdTF8YBYw][test][8],[t8Mqv-hjRzqYCBodDxtrKQ][test][7],[t8Mqv-hjRzqYCBodDxtrKQ][test][6] (cluster state version: 6858)
[2014-02-18 16:00:10,079][TRACE][action.search.type       ] [node_0] Moving to second phase, based on results from: [q75XUfcITqG3o93Z8EOFnw][test][11],[tbUF3y2YTPm1TPdTF8YBYw][test][10],[tbUF3y2YTPm1TPdTF8YBYw][test][0],[q75XUfcITqG3o93Z8EOFnw][test][1],[t8Mqv-hjRzqYCBodDxtrKQ][test][5],[tbUF3y2YTPm1TPdTF8YBYw][test][4],[q75XUfcITqG3o93Z8EOFnw][test][3],[tbUF3y2YTPm1TPdTF8YBYw][test][2],[q75XUfcITqG3o93Z8EOFnw][test][9],[t8Mqv-hjRzqYCBodDxtrKQ][test][8],[q75XUfcITqG3o93Z8EOFnw][test][7],[t8Mqv-hjRzqYCBodDxtrKQ][test][6] (cluster state version: 6858)
[2014-02-18 16:00:10,084][TRACE][action.search.type       ] [node_1] Moving to second phase, based on results from: [tbUF3y2YTPm1TPdTF8YBYw][test][11],[q75XUfcITqG3o93Z8EOFnw][test][10],[tbUF3y2YTPm1TPdTF8YBYw][test][0],[t8Mqv-hjRzqYCBodDxtrKQ][test][1],[t8Mqv-hjRzqYCBodDxtrKQ][test][5],[tbUF3y2YTPm1TPdTF8YBYw][test][4],[tbUF3y2YTPm1TPdTF8YBYw][test][3],[t8Mqv-hjRzqYCBodDxtrKQ][test][2],[t8Mqv-hjRzqYCBodDxtrKQ][test][9],[t8Mqv-hjRzqYCBodDxtrKQ][test][8],[q75XUfcITqG3o93Z8EOFnw][test][7],[q75XUfcITqG3o93Z8EOFnw][test][6] (cluster state version: 6858)
[2014-02-18 16:00:10,090][TRACE][action.search.type       ] [node_0] Moving to second phase, based on results from: [tbUF3y2YTPm1TPdTF8YBYw][test][11],[q75XUfcITqG3o93Z8EOFnw][test][10],[t8Mqv-hjRzqYCBodDxtrKQ][test][0],[t8Mqv-hjRzqYCBodDxtrKQ][test][1],[tbUF3y2YTPm1TPdTF8YBYw][test][5],[q75XUfcITqG3o93Z8EOFnw][test][4],[tbUF3y2YTPm1TPdTF8YBYw][test][3],[t8Mqv-hjRzqYCBodDxtrKQ][test][2],[t8Mqv-hjRzqYCBodDxtrKQ][test][9],[tbUF3y2YTPm1TPdTF8YBYw][test][8],[t8Mqv-hjRzqYCBodDxtrKQ][test][7],[q75XUfcITqG3o93Z8EOFnw][test][6] (cluster state version: 6858)
[2014-02-18 16:00:10,093][TRACE][action.search.type       ] [node_2] Moving to second phase, based on results from: [q75XUfcITqG3o93Z8EOFnw][test][11],[q75XUfcITqG3o93Z8EOFnw][test][10],[t8Mqv-hjRzqYCBodDxtrKQ][test][0],[t8Mqv-hjRzqYCBodDxtrKQ][test][1],[t8Mqv-hjRzqYCBodDxtrKQ][test][5],[q75XUfcITqG3o93Z8EOFnw][test][4],[tbUF3y2YTPm1TPdTF8YBYw][test][3],[t8Mqv-hjRzqYCBodDxtrKQ][test][2],[q75XUfcITqG3o93Z8EOFnw][test][9],[t8Mqv-hjRzqYCBodDxtrKQ][test][8],[q75XUfcITqG3o93Z8EOFnw][test][7],[t8Mqv-hjRzqYCBodDxtrKQ][test][6] (cluster state version: 6858)
[2014-02-18 16:00:10,097][TRACE][action.search.type       ] [node_0] Moving to second phase, based on results from: [q75XUfcITqG3o93Z8EOFnw][test][11],[tbUF3y2YTPm1TPdTF8YBYw][test][10],[tbUF3y2YTPm1TPdTF8YBYw][test][0],[q75XUfcITqG3o93Z8EOFnw][test][1],[t8Mqv-hjRzqYCBodDxtrKQ][test][5],[tbUF3y2YTPm1TPdTF8YBYw][test][4],[q75XUfcITqG3o93Z8EOFnw][test][3],[tbUF3y2YTPm1TPdTF8YBYw][test][2],[q75XUfcITqG3o93Z8EOFnw][test][9],[t8Mqv-hjRzqYCBodDxtrKQ][test][8],[q75XUfcITqG3o93Z8EOFnw][test][7],[t8Mqv-hjRzqYCBodDxtrKQ][test][6] (cluster state version: 6858)
[2014-02-18 16:00:10,102][TRACE][action.search.type       ] [node_0] Moving to second phase, based on results from: [tbUF3y2YTPm1TPdTF8YBYw][test][11],[q75XUfcITqG3o93Z8EOFnw][test][10],[t8Mqv-hjRzqYCBodDxtrKQ][test][0],[t8Mqv-hjRzqYCBodDxtrKQ][test][1],[tbUF3y2YTPm1TPdTF8YBYw][test][5],[q75XUfcITqG3o93Z8EOFnw][test][4],[tbUF3y2YTPm1TPdTF8YBYw][test][3],[t8Mqv-hjRzqYCBodDxtrKQ][test][2],[t8Mqv-hjRzqYCBodDxtrKQ][test][9],[tbUF3y2YTPm1TPdTF8YBYw][test][8],[t8Mqv-hjRzqYCBodDxtrKQ][test][7],[q75XUfcITqG3o93Z8EOFnw][test][6] (cluster state version: 6858)
[2014-02-18 16:00:10,106][TRACE][action.search.type       ] [node_0] Moving to second phase, based on results from: [q75XUfcITqG3o93Z8EOFnw][test][11],[tbUF3y2YTPm1TPdTF8YBYw][test][10],[tbUF3y2YTPm1TPdTF8YBYw][test][0],[q75XUfcITqG3o93Z8EOFnw][test][1],[t8Mqv-hjRzqYCBodDxtrKQ][test][5],[tbUF3y2YTPm1TPdTF8YBYw][test][4],[q75XUfcITqG3o93Z8EOFnw][test][3],[tbUF3y2YTPm1TPdTF8YBYw][test][2],[q75XUfcITqG3o93Z8EOFnw][test][9],[t8Mqv-hjRzqYCBodDxtrKQ][test][8],[q75XUfcITqG3o93Z8EOFnw][test][7],[t8Mqv-hjRzqYCBodDxtrKQ][test][6] (cluster state version: 6858)
[2014-02-18 16:00:10,111][TRACE][action.search.type       ] [node_2] Moving to second phase, based on results from: [tbUF3y2YTPm1TPdTF8YBYw][test][11],[tbUF3y2YTPm1TPdTF8YBYw][test][10],[tbUF3y2YTPm1TPdTF8YBYw][test][0],[q75XUfcITqG3o93Z8EOFnw][test][1],[tbUF3y2YTPm1TPdTF8YBYw][test][5],[tbUF3y2YTPm1TPdTF8YBYw][test][4],[q75XUfcITqG3o93Z8EOFnw][test][3],[tbUF3y2YTPm1TPdTF8YBYw][test][2],[t8Mqv-hjRzqYCBodDxtrKQ][test][9],[tbUF3y2YTPm1TPdTF8YBYw][test][8],[t8Mqv-hjRzqYCBodDxtrKQ][test][7],[q75XUfcITqG3o93Z8EOFnw][test][6] (cluster state version: 6858)
[2014-02-18 16:00:10,113][TRACE][action.search.type       ] [node_0] Moving to second phase, based on results from: [tbUF3y2YTPm1TPdTF8YBYw][test][11],[q75XUfcITqG3o93Z8EOFnw][test][10],[t8Mqv-hjRzqYCBodDxtrKQ][test][0],[t8Mqv-hjRzqYCBodDxtrKQ][test][1],[tbUF3y2YTPm1TPdTF8YBYw][test][5],[q75XUfcITqG3o93Z8EOFnw][test][4],[tbUF3y2YTPm1TPdTF8YBYw][test][3],[t8Mqv-hjRzqYCBodDxtrKQ][test][2],[t8Mqv-hjRzqYCBodDxtrKQ][test][9],[tbUF3y2YTPm1TPdTF8YBYw][test][8],[t8Mqv-hjRzqYCBodDxtrKQ][test][7],[q75XUfcITqG3o93Z8EOFnw][test][6] (cluster state version: 6858)
[2014-02-18 16:00:10,116][TRACE][action.search.type       ] [node_1] Moving to second phase, based on results from: [q75XUfcITqG3o93Z8EOFnw][test][11],[tbUF3y2YTPm1TPdTF8YBYw][test][10],[t8Mqv-hjRzqYCBodDxtrKQ][test][0],[t8Mqv-hjRzqYCBodDxtrKQ][test][1],[t8Mqv-hjRzqYCBodDxtrKQ][test][5],[tbUF3y2YTPm1TPdTF8YBYw][test][4],[t8Mqv-hjRzqYCBodDxtrKQ][test][3],[t8Mqv-hjRzqYCBodDxtrKQ][test][2],[t8Mqv-hjRzqYCBodDxtrKQ][test][9],[t8Mqv-hjRzqYCBodDxtrKQ][test][8],[q75XUfcITqG3o93Z8EOFnw][test][7],[q75XUfcITqG3o93Z8EOFnw][test][6] (cluster state version: 6859)
[2014-02-18 16:00:10,121][TRACE][action.search.type       ] [node_1] Moving to second phase, based on results from: [tbUF3y2YTPm1TPdTF8YBYw][test][11],[q75XUfcITqG3o93Z8EOFnw][test][10],[tbUF3y2YTPm1TPdTF8YBYw][test][0],[q75XUfcITqG3o93Z8EOFnw][test][1],[tbUF3y2YTPm1TPdTF8YBYw][test][5],[q75XUfcITqG3o93Z8EOFnw][test][4],[q75XUfcITqG3o93Z8EOFnw][test][3],[tbUF3y2YTPm1TPdTF8YBYw][test][2],[q75XUfcITqG3o93Z8EOFnw][test][9],[tbUF3y2YTPm1TPdTF8YBYw][test][8],[t8Mqv-hjRzqYCBodDxtrKQ][test][7],[t8Mqv-hjRzqYCBodDxtrKQ][test][6] (cluster state version: 6859)
[2014-02-18 16:00:10,125][TRACE][action.search.type       ] [node_2] Moving to second phase, based on results from: [q75XUfcITqG3o93Z8EOFnw][test][11],[q75XUfcITqG3o93Z8EOFnw][test][10],[t8Mqv-hjRzqYCBodDxtrKQ][test][0],[t8Mqv-hjRzqYCBodDxtrKQ][test][1],[t8Mqv-hjRzqYCBodDxtrKQ][test][5],[tbUF3y2YTPm1TPdTF8YBYw][test][4],[t8Mqv-hjRzqYCBodDxtrKQ][test][3],[t8Mqv-hjRzqYCBodDxtrKQ][test][2],[t8Mqv-hjRzqYCBodDxtrKQ][test][9],[t8Mqv-hjRzqYCBodDxtrKQ][test][8],[q75XUfcITqG3o93Z8EOFnw][test][7],[q75XUfcITqG3o93Z8EOFnw][test][6] (cluster state version: 6859)
[2014-02-18 16:00:10,130][TRACE][action.search.type       ] [node_1] Moving to second phase, based on results from: [q75XUfcITqG3o93Z8EOFnw][test][11],[tbUF3y2YTPm1TPdTF8YBYw][test][10],[t8Mqv-hjRzqYCBodDxtrKQ][test][0],[t8Mqv-hjRzqYCBodDxtrKQ][test][1],[t8Mqv-hjRzqYCBodDxtrKQ][test][5],[tbUF3y2YTPm1TPdTF8YBYw][test][4],[t8Mqv-hjRzqYCBodDxtrKQ][test][3],[t8Mqv-hjRzqYCBodDxtrKQ][test][2],[t8Mqv-hjRzqYCBodDxtrKQ][test][9],[t8Mqv-hjRzqYCBodDxtrKQ][test][8],[q75XUfcITqG3o93Z8EOFnw][test][7],[q75XUfcITqG3o93Z8EOFnw][test][6] (cluster state version: 6859)
[2014-02-18 16:00:10,136][TRACE][action.search.type       ] [node_1] Moving to second phase, based on results from: [tbUF3y2YTPm1TPdTF8YBYw][test][11],[q75XUfcITqG3o93Z8EOFnw][test][10],[tbUF3y2YTPm1TPdTF8YBYw][test][0],[q75XUfcITqG3o93Z8EOFnw][test][1],[tbUF3y2YTPm1TPdTF8YBYw][test][5],[q75XUfcITqG3o93Z8EOFnw][test][4],[q75XUfcITqG3o93Z8EOFnw][test][3],[tbUF3y2YTPm1TPdTF8YBYw][test][2],[q75XUfcITqG3o93Z8EOFnw][test][9],[tbUF3y2YTPm1TPdTF8YBYw][test][8],[t8Mqv-hjRzqYCBodDxtrKQ][test][7],[t8Mqv-hjRzqYCBodDxtrKQ][test][6] (cluster state version: 6859)
[2014-02-18 16:00:10,140][TRACE][action.search.type       ] [node_1] Moving to second phase, based on results from: [q75XUfcITqG3o93Z8EOFnw][test][11],[q75XUfcITqG3o93Z8EOFnw][test][10],[t8Mqv-hjRzqYCBodDxtrKQ][test][0],[q75XUfcITqG3o93Z8EOFnw][test][1],[t8Mqv-hjRzqYCBodDxtrKQ][test][5],[tbUF3y2YTPm1TPdTF8YBYw][test][4],[t8Mqv-hjRzqYCBodDxtrKQ][test][3],[t8Mqv-hjRzqYCBodDxtrKQ][test][2],[q75XUfcITqG3o93Z8EOFnw][test][9],[tbUF3y2YTPm1TPdTF8YBYw][test][8],[t8Mqv-hjRzqYCBodDxtrKQ][test][7],[q75XUfcITqG3o93Z8EOFnw][test][6] (cluster state version: 6860)
[2014-02-18 16:00:10,144][TRACE][action.search.type       ] [node_2] Moving to second phase, based on results from: [tbUF3y2YTPm1TPdTF8YBYw][test][11],[q75XUfcITqG3o93Z8EOFnw][test][10],[t8Mqv-hjRzqYCBodDxtrKQ][test][0],[t8Mqv-hjRzqYCBodDxtrKQ][test][1],[t8Mqv-hjRzqYCBodDxtrKQ][test][5],[q75XUfcITqG3o93Z8EOFnw][test][4],[q75XUfcITqG3o93Z8EOFnw][test][3],[t8Mqv-hjRzqYCBodDxtrKQ][test][2],[q75XUfcITqG3o93Z8EOFnw][test][9],[t8Mqv-hjRzqYCBodDxtrKQ][test][8],[q75XUfcITqG3o93Z8EOFnw][test][7],[t8Mqv-hjRzqYCBodDxtrKQ][test][6] (cluster state version: 6860)
[2014-02-18 16:00:10,149][TRACE][action.search.type       ] [node_1] Moving to second phase, based on results from: [tbUF3y2YTPm1TPdTF8YBYw][test][11],[tbUF3y2YTPm1TPdTF8YBYw][test][10],[q75XUfcITqG3o93Z8EOFnw][test][0],[t8Mqv-hjRzqYCBodDxtrKQ][test][1],[tbUF3y2YTPm1TPdTF8YBYw][test][5],[q75XUfcITqG3o93Z8EOFnw][test][4],[q75XUfcITqG3o93Z8EOFnw][test][3],[q75XUfcITqG3o93Z8EOFnw][test][2],[t8Mqv-hjRzqYCBodDxtrKQ][test][9],[t8Mqv-hjRzqYCBodDxtrKQ][test][8],[q75XUfcITqG3o93Z8EOFnw][test][7],[t8Mqv-hjRzqYCBodDxtrKQ][test][6] (cluster state version: 6860)
[2014-02-18 16:00:10,153][TRACE][action.search.type       ] [node_1] Moving to second phase, based on results from: [q75XUfcITqG3o93Z8EOFnw][test][11],[q75XUfcITqG3o93Z8EOFnw][test][10],[t8Mqv-hjRzqYCBodDxtrKQ][test][0],[q75XUfcITqG3o93Z8EOFnw][test][1],[t8Mqv-hjRzqYCBodDxtrKQ][test][5],[tbUF3y2YTPm1TPdTF8YBYw][test][4],[t8Mqv-hjRzqYCBodDxtrKQ][test][3],[t8Mqv-hjRzqYCBodDxtrKQ][test][2],[q75XUfcITqG3o93Z8EOFnw][test][9],[tbUF3y2YTPm1TPdTF8YBYw][test][8],[t8Mqv-hjRzqYCBodDxtrKQ][test][7],[q75XUfcITqG3o93Z8EOFnw][test][6] (cluster state version: 6860)
[2014-02-18 16:00:10,157][TRACE][action.search.type       ] [node_2] Moving to second phase, based on results from: [q75XUfcITqG3o93Z8EOFnw][test][11],[tbUF3y2YTPm1TPdTF8YBYw][test][10],[q75XUfcITqG3o93Z8EOFnw][test][0],[q75XUfcITqG3o93Z8EOFnw][test][1],[tbUF3y2YTPm1TPdTF8YBYw][test][5],[tbUF3y2YTPm1TPdTF8YBYw][test][4],[t8Mqv-hjRzqYCBodDxtrKQ][test][3],[q75XUfcITqG3o93Z8EOFnw][test][2],[t8Mqv-hjRzqYCBodDxtrKQ][test][9],[tbUF3y2YTPm1TPdTF8YBYw][test][8],[t8Mqv-hjRzqYCBodDxtrKQ][test][7],[q75XUfcITqG3o93Z8EOFnw][test][6] (cluster state version: 6860)
[2014-02-18 16:00:10,161][TRACE][action.search.type       ] [node_2] Moving to second phase, based on results from: [tbUF3y2YTPm1TPdTF8YBYw][test][11],[q75XUfcITqG3o93Z8EOFnw][test][10],[t8Mqv-hjRzqYCBodDxtrKQ][test][0],[t8Mqv-hjRzqYCBodDxtrKQ][test][1],[t8Mqv-hjRzqYCBodDxtrKQ][test][5],[q75XUfcITqG3o93Z8EOFnw][test][4],[q75XUfcITqG3o93Z8EOFnw][test][3],[t8Mqv-hjRzqYCBodDxtrKQ][test][2],[q75XUfcITqG3o93Z8EOFnw][test][9],[t8Mqv-hjRzqYCBodDxtrKQ][test][8],[q75XUfcITqG3o93Z8EOFnw][test][7],[t8Mqv-hjRzqYCBodDxtrKQ][test][6] (cluster state version: 6860)
[2014-02-18 16:00:10,166][TRACE][action.search.type       ] [node_1] Moving to second phase, based on results from: [tbUF3y2YTPm1TPdTF8YBYw][test][11],[tbUF3y2YTPm1TPdTF8YBYw][test][10],[q75XUfcITqG3o93Z8EOFnw][test][0],[t8Mqv-hjRzqYCBodDxtrKQ][test][1],[tbUF3y2YTPm1TPdTF8YBYw][test][5],[q75XUfcITqG3o93Z8EOFnw][test][4],[q75XUfcITqG3o93Z8EOFnw][test][3],[q75XUfcITqG3o93Z8EOFnw][test][2],[t8Mqv-hjRzqYCBodDxtrKQ][test][9],[t8Mqv-hjRzqYCBodDxtrKQ][test][8],[q75XUfcITqG3o93Z8EOFnw][test][7],[t8Mqv-hjRzqYCBodDxtrKQ][test][6] (cluster state version: 6860)
[2014-02-18 16:00:10,171][TRACE][action.search.type       ] [node_2] Moving to second phase, based on results from: [q75XUfcITqG3o93Z8EOFnw][test][11],[tbUF3y2YTPm1TPdTF8YBYw][test][10],[q75XUfcITqG3o93Z8EOFnw][test][0],[q75XUfcITqG3o93Z8EOFnw][test][1],[tbUF3y2YTPm1TPdTF8YBYw][test][5],[tbUF3y2YTPm1TPdTF8YBYw][test][4],[t8Mqv-hjRzqYCBodDxtrKQ][test][3],[q75XUfcITqG3o93Z8EOFnw][test][2],[t8Mqv-hjRzqYCBodDxtrKQ][test][9],[tbUF3y2YTPm1TPdTF8YBYw][test][8],[t8Mqv-hjRzqYCBodDxtrKQ][test][7],[q75XUfcITqG3o93Z8EOFnw][test][6] (cluster state version: 6860)
[2014-02-18 16:00:10,177][TRACE][action.search.type       ] [node_1] Moving to second phase, based on results from: [q75XUfcITqG3o93Z8EOFnw][test][11],[q75XUfcITqG3o93Z8EOFnw][test][10],[t8Mqv-hjRzqYCBodDxtrKQ][test][0],[q75XUfcITqG3o93Z8EOFnw][test][1],[t8Mqv-hjRzqYCBodDxtrKQ][test][5],[tbUF3y2YTPm1TPdTF8YBYw][test][4],[t8Mqv-hjRzqYCBodDxtrKQ][test][3],[t8Mqv-hjRzqYCBodDxtrKQ][test][2],[q75XUfcITqG3o93Z8EOFnw][test][9],[tbUF3y2YTPm1TPdTF8YBYw][test][8],[t8Mqv-hjRzqYCBodDxtrKQ][test][7],[q75XUfcITqG3o93Z8EOFnw][test][6] (cluster state version: 6860)
[2014-02-18 16:00:10,183][TRACE][action.search.type       ] [node_0] Moving to second phase, based on results from: [q75XUfcITqG3o93Z8EOFnw][test][11],[tbUF3y2YTPm1TPdTF8YBYw][test][10],[t8Mqv-hjRzqYCBodDxtrKQ][test][0],[t8Mqv-hjRzqYCBodDxtrKQ][test][1],[t8Mqv-hjRzqYCBodDxtrKQ][test][5],[tbUF3y2YTPm1TPdTF8YBYw][test][4],[t8Mqv-hjRzqYCBodDxtrKQ][test][3],[t8Mqv-hjRzqYCBodDxtrKQ][test][2],[t8Mqv-hjRzqYCBodDxtrKQ][test][9],[t8Mqv-hjRzqYCBodDxtrKQ][test][8],[t8Mqv-hjRzqYCBodDxtrKQ][test][7],[t8Mqv-hjRzqYCBodDxtrKQ][test][6] (cluster state version: 6860)
[2014-02-18 16:00:10,186][TRACE][action.search.type       ] [node_2] Moving to second phase, based on results from: [tbUF3y2YTPm1TPdTF8YBYw][test][11],[q75XUfcITqG3o93Z8EOFnw][test][10],[t8Mqv-hjRzqYCBodDxtrKQ][test][0],[t8Mqv-hjRzqYCBodDxtrKQ][test][1],[t8Mqv-hjRzqYCBodDxtrKQ][test][5],[q75XUfcITqG3o93Z8EOFnw][test][4],[q75XUfcITqG3o93Z8EOFnw][test][3],[t8Mqv-hjRzqYCBodDxtrKQ][test][2],[q75XUfcITqG3o93Z8EOFnw][test][9],[t8Mqv-hjRzqYCBodDxtrKQ][test][8],[q75XUfcITqG3o93Z8EOFnw][test][7],[t8Mqv-hjRzqYCBodDxtrKQ][test][6] (cluster state version: 6860)
[2014-02-18 16:00:10,190][TRACE][action.search.type       ] [node_1] Moving to second phase, based on results from: [tbUF3y2YTPm1TPdTF8YBYw][test][11],[tbUF3y2YTPm1TPdTF8YBYw][test][10],[q75XUfcITqG3o93Z8EOFnw][test][0],[t8Mqv-hjRzqYCBodDxtrKQ][test][1],[tbUF3y2YTPm1TPdTF8YBYw][test][5],[q75XUfcITqG3o93Z8EOFnw][test][4],[q75XUfcITqG3o93Z8EOFnw][test][3],[q75XUfcITqG3o93Z8EOFnw][test][2],[t8Mqv-hjRzqYCBodDxtrKQ][test][9],[t8Mqv-hjRzqYCBodDxtrKQ][test][8],[q75XUfcITqG3o93Z8EOFnw][test][7],[t8Mqv-hjRzqYCBodDxtrKQ][test][6] (cluster state version: 6860)
[2014-02-18 16:00:10,194][TRACE][action.search.type       ] [node_1] Moving to second phase, based on results from: [q75XUfcITqG3o93Z8EOFnw][test][11],[q75XUfcITqG3o93Z8EOFnw][test][10],[t8Mqv-hjRzqYCBodDxtrKQ][test][0],[q75XUfcITqG3o93Z8EOFnw][test][1],[t8Mqv-hjRzqYCBodDxtrKQ][test][5],[tbUF3y2YTPm1TPdTF8YBYw][test][4],[t8Mqv-hjRzqYCBodDxtrKQ][test][3],[t8Mqv-hjRzqYCBodDxtrKQ][test][2],[q75XUfcITqG3o93Z8EOFnw][test][9],[tbUF3y2YTPm1TPdTF8YBYw][test][8],[t8Mqv-hjRzqYCBodDxtrKQ][test][7],[q75XUfcITqG3o93Z8EOFnw][test][6] (cluster state version: 6860)
[2014-02-18 16:00:10,218][TRACE][action.search.type       ] [node_0] Moving to second phase, based on results from: [tbUF3y2YTPm1TPdTF8YBYw][test][11],[q75XUfcITqG3o93Z8EOFnw][test][10],[q75XUfcITqG3o93Z8EOFnw][test][0],[q75XUfcITqG3o93Z8EOFnw][test][1],[tbUF3y2YTPm1TPdTF8YBYw][test][5],[q75XUfcITqG3o93Z8EOFnw][test][4],[q75XUfcITqG3o93Z8EOFnw][test][3],[q75XUfcITqG3o93Z8EOFnw][test][2],[q75XUfcITqG3o93Z8EOFnw][test][9],[tbUF3y2YTPm1TPdTF8YBYw][test][8],[q75XUfcITqG3o93Z8EOFnw][test][7],[q75XUfcITqG3o93Z8EOFnw][test][6] (cluster state version: 6860)
[2014-02-18 16:00:10,231][TRACE][action.search.type       ] [node_0] Moving to second phase, based on results from: [q75XUfcITqG3o93Z8EOFnw][test][11],[tbUF3y2YTPm1TPdTF8YBYw][test][10],[t8Mqv-hjRzqYCBodDxtrKQ][test][0],[t8Mqv-hjRzqYCBodDxtrKQ][test][1],[t8Mqv-hjRzqYCBodDxtrKQ][test][5],[tbUF3y2YTPm1TPdTF8YBYw][test][4],[t8Mqv-hjRzqYCBodDxtrKQ][test][3],[t8Mqv-hjRzqYCBodDxtrKQ][test][2],[t8Mqv-hjRzqYCBodDxtrKQ][test][9],[t8Mqv-hjRzqYCBodDxtrKQ][test][8],[t8Mqv-hjRzqYCBodDxtrKQ][test][7],[t8Mqv-hjRzqYCBodDxtrKQ][test][6] (cluster state version: 6860)
[2014-02-18 16:00:10,236][TRACE][action.search.type       ] [node_1] Moving to second phase, based on results from: [q75XUfcITqG3o93Z8EOFnw][test][11],[t8Mqv-hjRzqYCBodDxtrKQ][test][10],[q75XUfcITqG3o93Z8EOFnw][test][0],[q75XUfcITqG3o93Z8EOFnw][test][1],[tbUF3y2YTPm1TPdTF8YBYw][test][5],[tbUF3y2YTPm1TPdTF8YBYw][test][4],[q75XUfcITqG3o93Z8EOFnw][test][3],[t8Mqv-hjRzqYCBodDxtrKQ][test][2],[t8Mqv-hjRzqYCBodDxtrKQ][test][9],[t8Mqv-hjRzqYCBodDxtrKQ][test][8],[q75XUfcITqG3o93Z8EOFnw][test][7],[q75XUfcITqG3o93Z8EOFnw][test][6] (cluster state version: 6861)
[2014-02-18 16:00:10,240][TRACE][action.search.type       ] [node_0] Moving to second phase, based on results from: [tbUF3y2YTPm1TPdTF8YBYw][test][11],[q75XUfcITqG3o93Z8EOFnw][test][10],[q75XUfcITqG3o93Z8EOFnw][test][0],[q75XUfcITqG3o93Z8EOFnw][test][1],[tbUF3y2YTPm1TPdTF8YBYw][test][5],[q75XUfcITqG3o93Z8EOFnw][test][4],[q75XUfcITqG3o93Z8EOFnw][test][3],[q75XUfcITqG3o93Z8EOFnw][test][2],[q75XUfcITqG3o93Z8EOFnw][test][9],[tbUF3y2YTPm1TPdTF8YBYw][test][8],[q75XUfcITqG3o93Z8EOFnw][test][7],[q75XUfcITqG3o93Z8EOFnw][test][6] (cluster state version: 6860)
[2014-02-18 16:00:10,244][TRACE][action.search.type       ] [node_0] Moving to second phase, based on results from: [q75XUfcITqG3o93Z8EOFnw][test][11],[tbUF3y2YTPm1TPdTF8YBYw][test][10],[t8Mqv-hjRzqYCBodDxtrKQ][test][0],[t8Mqv-hjRzqYCBodDxtrKQ][test][1],[t8Mqv-hjRzqYCBodDxtrKQ][test][5],[tbUF3y2YTPm1TPdTF8YBYw][test][4],[t8Mqv-hjRzqYCBodDxtrKQ][test][3],[t8Mqv-hjRzqYCBodDxtrKQ][test][2],[t8Mqv-hjRzqYCBodDxtrKQ][test][9],[t8Mqv-hjRzqYCBodDxtrKQ][test][8],[t8Mqv-hjRzqYCBodDxtrKQ][test][7],[t8Mqv-hjRzqYCBodDxtrKQ][test][6] (cluster state version: 6860)
[2014-02-18 16:00:10,265][TRACE][action.search.type       ] [node_1] Moving to second phase, based on results from: [tbUF3y2YTPm1TPdTF8YBYw][test][11],[q75XUfcITqG3o93Z8EOFnw][test][10],[t8Mqv-hjRzqYCBodDxtrKQ][test][0],[t8Mqv-hjRzqYCBodDxtrKQ][test][1],[t8Mqv-hjRzqYCBodDxtrKQ][test][5],[q75XUfcITqG3o93Z8EOFnw][test][4],[t8Mqv-hjRzqYCBodDxtrKQ][test][3],[q75XUfcITqG3o93Z8EOFnw][test][2],[q75XUfcITqG3o93Z8EOFnw][test][9],[tbUF3y2YTPm1TPdTF8YBYw][test][8],[t8Mqv-hjRzqYCBodDxtrKQ][test][7],[t8Mqv-hjRzqYCBodDxtrKQ][test][6] (cluster state version: 6861)
[2014-02-18 16:00:10,271][TRACE][action.search.type       ] [node_0] Moving to second phase, based on results from: [tbUF3y2YTPm1TPdTF8YBYw][test][11],[q75XUfcITqG3o93Z8EOFnw][test][10],[q75XUfcITqG3o93Z8EOFnw][test][0],[t8Mqv-hjRzqYCBodDxtrKQ][test][1],[tbUF3y2YTPm1TPdTF8YBYw][test][5],[tbUF3y2YTPm1TPdTF8YBYw][test][4],[t8Mqv-hjRzqYCBodDxtrKQ][test][3],[q75XUfcITqG3o93Z8EOFnw][test][2],[t8Mqv-hjRzqYCBodDxtrKQ][test][9],[tbUF3y2YTPm1TPdTF8YBYw][test][8],[q75XUfcITqG3o93Z8EOFnw][test][7],[q75XUfcITqG3o93Z8EOFnw][test][6] (cluster state version: 6861)
[2014-02-18 16:00:10,276][TRACE][action.search.type       ] [node_1] Moving to second phase, based on results from: [q75XUfcITqG3o93Z8EOFnw][test][11],[t8Mqv-hjRzqYCBodDxtrKQ][test][10],[q75XUfcITqG3o93Z8EOFnw][test][0],[q75XUfcITqG3o93Z8EOFnw][test][1],[tbUF3y2YTPm1TPdTF8YBYw][test][5],[tbUF3y2YTPm1TPdTF8YBYw][test][4],[q75XUfcITqG3o93Z8EOFnw][test][3],[t8Mqv-hjRzqYCBodDxtrKQ][test][2],[t8Mqv-hjRzqYCBodDxtrKQ][test][9],[t8Mqv-hjRzqYCBodDxtrKQ][test][8],[q75XUfcITqG3o93Z8EOFnw][test][7],[q75XUfcITqG3o93Z8EOFnw][test][6] (cluster state version: 6861)
[2014-02-18 16:00:10,283][TRACE][action.search.type       ] [node_0] Moving to second phase, based on results from: [q75XUfcITqG3o93Z8EOFnw][test][11],[t8Mqv-hjRzqYCBodDxtrKQ][test][10],[t8Mqv-hjRzqYCBodDxtrKQ][test][0],[q75XUfcITqG3o93Z8EOFnw][test][1],[t8Mqv-hjRzqYCBodDxtrKQ][test][5],[q75XUfcITqG3o93Z8EOFnw][test][4],[q75XUfcITqG3o93Z8EOFnw][test][3],[t8Mqv-hjRzqYCBodDxtrKQ][test][2],[q75XUfcITqG3o93Z8EOFnw][test][9],[t8Mqv-hjRzqYCBodDxtrKQ][test][8],[t8Mqv-hjRzqYCBodDxtrKQ][test][7],[t8Mqv-hjRzqYCBodDxtrKQ][test][6] (cluster state version: 6861)
[2014-02-18 16:00:10,288][TRACE][action.search.type       ] [node_1] Moving to second phase, based on results from: [tbUF3y2YTPm1TPdTF8YBYw][test][11],[q75XUfcITqG3o93Z8EOFnw][test][10],[t8Mqv-hjRzqYCBodDxtrKQ][test][0],[t8Mqv-hjRzqYCBodDxtrKQ][test][1],[t8Mqv-hjRzqYCBodDxtrKQ][test][5],[q75XUfcITqG3o93Z8EOFnw][test][4],[t8Mqv-hjRzqYCBodDxtrKQ][test][3],[q75XUfcITqG3o93Z8EOFnw][test][2],[q75XUfcITqG3o93Z8EOFnw][test][9],[tbUF3y2YTPm1TPdTF8YBYw][test][8],[t8Mqv-hjRzqYCBodDxtrKQ][test][7],[t8Mqv-hjRzqYCBodDxtrKQ][test][6] (cluster state version: 6861)
[2014-02-18 16:00:10,293][TRACE][action.search.type       ] [node_2] Moving to second phase, based on results from: [tbUF3y2YTPm1TPdTF8YBYw][test][11],[t8Mqv-hjRzqYCBodDxtrKQ][test][10],[q75XUfcITqG3o93Z8EOFnw][test][0],[q75XUfcITqG3o93Z8EOFnw][test][1],[t8Mqv-hjRzqYCBodDxtrKQ][test][5],[q75XUfcITqG3o93Z8EOFnw][test][4],[t8Mqv-hjRzqYCBodDxtrKQ][test][3],[t8Mqv-hjRzqYCBodDxtrKQ][test][2],[q75XUfcITqG3o93Z8EOFnw][test][9],[t8Mqv-hjRzqYCBodDxtrKQ][test][8],[t8Mqv-hjRzqYCBodDxtrKQ][test][7],[t8Mqv-hjRzqYCBodDxtrKQ][test][6] (cluster state version: 6861)
[2014-02-18 16:00:10,303][TRACE][action.search.type       ] [node_0] Moving to second phase, based on results from: [t8Mqv-hjRzqYCBodDxtrKQ][test][11],[q75XUfcITqG3o93Z8EOFnw][test][10],[t8Mqv-hjRzqYCBodDxtrKQ][test][0],[t8Mqv-hjRzqYCBodDxtrKQ][test][1],[tbUF3y2YTPm1TPdTF8YBYw][test][5],[tbUF3y2YTPm1TPdTF8YBYw][test][4],[t8Mqv-hjRzqYCBodDxtrKQ][test][3],[t8Mqv-hjRzqYCBodDxtrKQ][test][2],[t8Mqv-hjRzqYCBodDxtrKQ][test][9],[tbUF3y2YTPm1TPdTF8YBYw][test][8],[t8Mqv-hjRzqYCBodDxtrKQ][test][7],[t8Mqv-hjRzqYCBodDxtrKQ][test][6] (cluster state version: 6862)
[2014-02-18 16:00:10,307][TRACE][action.search.type       ] [node_0] Moving to second phase, based on results from: [q75XUfcITqG3o93Z8EOFnw][test][11],[t8Mqv-hjRzqYCBodDxtrKQ][test][10],[q75XUfcITqG3o93Z8EOFnw][test][0],[q75XUfcITqG3o93Z8EOFnw][test][1],[t8Mqv-hjRzqYCBodDxtrKQ][test][5],[q75XUfcITqG3o93Z8EOFnw][test][4],[q75XUfcITqG3o93Z8EOFnw][test][3],[q75XUfcITqG3o93Z8EOFnw][test][2],[q75XUfcITqG3o93Z8EOFnw][test][9],[t8Mqv-hjRzqYCBodDxtrKQ][test][8],[q75XUfcITqG3o93Z8EOFnw][test][7],[q75XUfcITqG3o93Z8EOFnw][test][6] (cluster state version: 6862)
[2014-02-18 16:00:10,311][TRACE][action.search.type       ] [node_0] Moving to second phase, based on results from: [t8Mqv-hjRzqYCBodDxtrKQ][test][11],[q75XUfcITqG3o93Z8EOFnw][test][10],[t8Mqv-hjRzqYCBodDxtrKQ][test][0],[t8Mqv-hjRzqYCBodDxtrKQ][test][1],[tbUF3y2YTPm1TPdTF8YBYw][test][5],[tbUF3y2YTPm1TPdTF8YBYw][test][4],[t8Mqv-hjRzqYCBodDxtrKQ][test][3],[t8Mqv-hjRzqYCBodDxtrKQ][test][2],[t8Mqv-hjRzqYCBodDxtrKQ][test][9],[tbUF3y2YTPm1TPdTF8YBYw][test][8],[t8Mqv-hjRzqYCBodDxtrKQ][test][7],[t8Mqv-hjRzqYCBodDxtrKQ][test][6] (cluster state version: 6862)
[2014-02-18 16:00:10,315][TRACE][action.search.type       ] [node_2] Moving to second phase, based on results from: [q75XUfcITqG3o93Z8EOFnw][test][11],[t8Mqv-hjRzqYCBodDxtrKQ][test][10],[t8Mqv-hjRzqYCBodDxtrKQ][test][0],[q75XUfcITqG3o93Z8EOFnw][test][1],[tbUF3y2YTPm1TPdTF8YBYw][test][5],[q75XUfcITqG3o93Z8EOFnw][test][4],[q75XUfcITqG3o93Z8EOFnw][test][3],[t8Mqv-hjRzqYCBodDxtrKQ][test][2],[q75XUfcITqG3o93Z8EOFnw][test][9],[tbUF3y2YTPm1TPdTF8YBYw][test][8],[t8Mqv-hjRzqYCBodDxtrKQ][test][7],[t8Mqv-hjRzqYCBodDxtrKQ][test][6] (cluster state version: 6862)
[2014-02-18 16:00:10,318][TRACE][action.search.type       ] [node_1] Moving to second phase, based on results from: [t8Mqv-hjRzqYCBodDxtrKQ][test][11],[t8Mqv-hjRzqYCBodDxtrKQ][test][10],[q75XUfcITqG3o93Z8EOFnw][test][0],[t8Mqv-hjRzqYCBodDxtrKQ][test][1],[tbUF3y2YTPm1TPdTF8YBYw][test][5],[q75XUfcITqG3o93Z8EOFnw][test][4],[t8Mqv-hjRzqYCBodDxtrKQ][test][3],[t8Mqv-hjRzqYCBodDxtrKQ][test][2],[t8Mqv-hjRzqYCBodDxtrKQ][test][9],[t8Mqv-hjRzqYCBodDxtrKQ][test][8],[q75XUfcITqG3o93Z8EOFnw][test][7],[q75XUfcITqG3o93Z8EOFnw][test][6] (cluster state version: 6862)
[2014-02-18 16:00:10,325][TRACE][action.search.type       ] [node_0] Moving to second phase, based on results from: [q75XUfcITqG3o93Z8EOFnw][test][11],[t8Mqv-hjRzqYCBodDxtrKQ][test][10],[q75XUfcITqG3o93Z8EOFnw][test][0],[q75XUfcITqG3o93Z8EOFnw][test][1],[t8Mqv-hjRzqYCBodDxtrKQ][test][5],[q75XUfcITqG3o93Z8EOFnw][test][4],[q75XUfcITqG3o93Z8EOFnw][test][3],[q75XUfcITqG3o93Z8EOFnw][test][2],[q75XUfcITqG3o93Z8EOFnw][test][9],[t8Mqv-hjRzqYCBodDxtrKQ][test][8],[q75XUfcITqG3o93Z8EOFnw][test][7],[q75XUfcITqG3o93Z8EOFnw][test][6] (cluster state version: 6862)
[2014-02-18 16:00:10,329][TRACE][action.search.type       ] [node_0] Moving to second phase, based on results from: [t8Mqv-hjRzqYCBodDxtrKQ][test][11],[q75XUfcITqG3o93Z8EOFnw][test][10],[t8Mqv-hjRzqYCBodDxtrKQ][test][0],[t8Mqv-hjRzqYCBodDxtrKQ][test][1],[tbUF3y2YTPm1TPdTF8YBYw][test][5],[tbUF3y2YTPm1TPdTF8YBYw][test][4],[t8Mqv-hjRzqYCBodDxtrKQ][test][3],[t8Mqv-hjRzqYCBodDxtrKQ][test][2],[t8Mqv-hjRzqYCBodDxtrKQ][test][9],[tbUF3y2YTPm1TPdTF8YBYw][test][8],[t8Mqv-hjRzqYCBodDxtrKQ][test][7],[t8Mqv-hjRzqYCBodDxtrKQ][test][6] (cluster state version: 6862)
[2014-02-18 16:00:10,332][TRACE][action.search.type       ] [node_1] Moving to second phase, based on results from: [q75XUfcITqG3o93Z8EOFnw][test][11],[q75XUfcITqG3o93Z8EOFnw][test][10],[t8Mqv-hjRzqYCBodDxtrKQ][test][0],[q75XUfcITqG3o93Z8EOFnw][test][1],[t8Mqv-hjRzqYCBodDxtrKQ][test][5],[tbUF3y2YTPm1TPdTF8YBYw][test][4],[q75XUfcITqG3o93Z8EOFnw][test][3],[q75XUfcITqG3o93Z8EOFnw][test][2],[q75XUfcITqG3o93Z8EOFnw][test][9],[tbUF3y2YTPm1TPdTF8YBYw][test][8],[t8Mqv-hjRzqYCBodDxtrKQ][test][7],[t8Mqv-hjRzqYCBodDxtrKQ][test][6] (cluster state version: 6862)
[2014-02-18 16:00:10,338][TRACE][action.search.type       ] [node_1] Moving to second phase, based on results from: [t8Mqv-hjRzqYCBodDxtrKQ][test][11],[t8Mqv-hjRzqYCBodDxtrKQ][test][10],[q75XUfcITqG3o93Z8EOFnw][test][0],[t8Mqv-hjRzqYCBodDxtrKQ][test][1],[tbUF3y2YTPm1TPdTF8YBYw][test][5],[q75XUfcITqG3o93Z8EOFnw][test][4],[t8Mqv-hjRzqYCBodDxtrKQ][test][3],[t8Mqv-hjRzqYCBodDxtrKQ][test][2],[t8Mqv-hjRzqYCBodDxtrKQ][test][9],[t8Mqv-hjRzqYCBodDxtrKQ][test][8],[q75XUfcITqG3o93Z8EOFnw][test][7],[q75XUfcITqG3o93Z8EOFnw][test][6] (cluster state version: 6862)
[2014-02-18 16:00:10,342][TRACE][action.search.type       ] [node_1] Moving to second phase, based on results from: [t8Mqv-hjRzqYCBodDxtrKQ][test][11],[t8Mqv-hjRzqYCBodDxtrKQ][test][10],[t8Mqv-hjRzqYCBodDxtrKQ][test][0],[t8Mqv-hjRzqYCBodDxtrKQ][test][1],[q75XUfcITqG3o93Z8EOFnw][test][5],[q75XUfcITqG3o93Z8EOFnw][test][4],[q75XUfcITqG3o93Z8EOFnw][test][3],[t8Mqv-hjRzqYCBodDxtrKQ][test][2],[q75XUfcITqG3o93Z8EOFnw][test][9],[tbUF3y2YTPm1TPdTF8YBYw][test][8],[t8Mqv-hjRzqYCBodDxtrKQ][test][7],[t8Mqv-hjRzqYCBodDxtrKQ][test][6] (cluster state version: 6863)
[2014-02-18 16:00:10,357][TRACE][action.search.type       ] [node_0] Moving to second phase, based on results from: [q75XUfcITqG3o93Z8EOFnw][test][11],[t8Mqv-hjRzqYCBodDxtrKQ][test][10],[q75XUfcITqG3o93Z8EOFnw][test][0],[t8Mqv-hjRzqYCBodDxtrKQ][test][1],[t8Mqv-hjRzqYCBodDxtrKQ][test][5],[tbUF3y2YTPm1TPdTF8YBYw][test][4],[q75XUfcITqG3o93Z8EOFnw][test][3],[t8Mqv-hjRzqYCBodDxtrKQ][test][2],[t8Mqv-hjRzqYCBodDxtrKQ][test][9],[t8Mqv-hjRzqYCBodDxtrKQ][test][8],[t8Mqv-hjRzqYCBodDxtrKQ][test][7],[q75XUfcITqG3o93Z8EOFnw][test][6] (cluster state version: 6863)
[2014-02-18 16:00:10,360][TRACE][action.search.type       ] [node_1] Moving to second phase, based on results from: [q75XUfcITqG3o93Z8EOFnw][test][11],[q75XUfcITqG3o93Z8EOFnw][test][10],[q75XUfcITqG3o93Z8EOFnw][test][0],[q75XUfcITqG3o93Z8EOFnw][test][1],[t8Mqv-hjRzqYCBodDxtrKQ][test][5],[tbUF3y2YTPm1TPdTF8YBYw][test][4],[t8Mqv-hjRzqYCBodDxtrKQ][test][3],[q75XUfcITqG3o93Z8EOFnw][test][2],[t8Mqv-hjRzqYCBodDxtrKQ][test][9],[t8Mqv-hjRzqYCBodDxtrKQ][test][8],[q75XUfcITqG3o93Z8EOFnw][test][7],[q75XUfcITqG3o93Z8EOFnw][test][6] (cluster state version: 6863)
[2014-02-18 16:00:10,372][TRACE][action.search.type       ] [node_1] Moving to second phase, based on results from: [t8Mqv-hjRzqYCBodDxtrKQ][test][11],[t8Mqv-hjRzqYCBodDxtrKQ][test][10],[t8Mqv-hjRzqYCBodDxtrKQ][test][0],[t8Mqv-hjRzqYCBodDxtrKQ][test][1],[q75XUfcITqG3o93Z8EOFnw][test][5],[q75XUfcITqG3o93Z8EOFnw][test][4],[q75XUfcITqG3o93Z8EOFnw][test][3],[t8Mqv-hjRzqYCBodDxtrKQ][test][2],[q75XUfcITqG3o93Z8EOFnw][test][9],[tbUF3y2YTPm1TPdTF8YBYw][test][8],[t8Mqv-hjRzqYCBodDxtrKQ][test][7],[t8Mqv-hjRzqYCBodDxtrKQ][test][6] (cluster state version: 6863)
[2014-02-18 16:00:10,378][TRACE][action.search.type       ] [node_0] Moving to second phase, based on results from: [t8Mqv-hjRzqYCBodDxtrKQ][test][11],[q75XUfcITqG3o93Z8EOFnw][test][10],[t8Mqv-hjRzqYCBodDxtrKQ][test][0],[q75XUfcITqG3o93Z8EOFnw][test][1],[q75XUfcITqG3o93Z8EOFnw][test][5],[q75XUfcITqG3o93Z8EOFnw][test][4],[t8Mqv-hjRzqYCBodDxtrKQ][test][3],[q75XUfcITqG3o93Z8EOFnw][test][2],[q75XUfcITqG3o93Z8EOFnw][test][9],[tbUF3y2YTPm1TPdTF8YBYw][test][8],[q75XUfcITqG3o93Z8EOFnw][test][7],[t8Mqv-hjRzqYCBodDxtrKQ][test][6] (cluster state version: 6863)
[2014-02-18 16:00:10,384][TRACE][action.search.type       ] [node_0] Moving to second phase, based on results from: [q75XUfcITqG3o93Z8EOFnw][test][11],[t8Mqv-hjRzqYCBodDxtrKQ][test][10],[q75XUfcITqG3o93Z8EOFnw][test][0],[t8Mqv-hjRzqYCBodDxtrKQ][test][1],[t8Mqv-hjRzqYCBodDxtrKQ][test][5],[tbUF3y2YTPm1TPdTF8YBYw][test][4],[q75XUfcITqG3o93Z8EOFnw][test][3],[t8Mqv-hjRzqYCBodDxtrKQ][test][2],[t8Mqv-hjRzqYCBodDxtrKQ][test][9],[t8Mqv-hjRzqYCBodDxtrKQ][test][8],[t8Mqv-hjRzqYCBodDxtrKQ][test][7],[q75XUfcITqG3o93Z8EOFnw][test][6] (cluster state version: 6863)
[2014-02-18 16:00:10,391][TRACE][action.search.type       ] [node_0] Moving to second phase, based on results from: [t8Mqv-hjRzqYCBodDxtrKQ][test][11],[q75XUfcITqG3o93Z8EOFnw][test][10],[t8Mqv-hjRzqYCBodDxtrKQ][test][0],[q75XUfcITqG3o93Z8EOFnw][test][1],[q75XUfcITqG3o93Z8EOFnw][test][5],[q75XUfcITqG3o93Z8EOFnw][test][4],[t8Mqv-hjRzqYCBodDxtrKQ][test][3],[q75XUfcITqG3o93Z8EOFnw][test][2],[q75XUfcITqG3o93Z8EOFnw][test][9],[tbUF3y2YTPm1TPdTF8YBYw][test][8],[q75XUfcITqG3o93Z8EOFnw][test][7],[t8Mqv-hjRzqYCBodDxtrKQ][test][6] (cluster state version: 6863)
[2014-02-18 16:00:10,395][TRACE][action.search.type       ] [node_1] Moving to second phase, based on results from: [q75XUfcITqG3o93Z8EOFnw][test][11],[q75XUfcITqG3o93Z8EOFnw][test][10],[q75XUfcITqG3o93Z8EOFnw][test][0],[q75XUfcITqG3o93Z8EOFnw][test][1],[t8Mqv-hjRzqYCBodDxtrKQ][test][5],[tbUF3y2YTPm1TPdTF8YBYw][test][4],[t8Mqv-hjRzqYCBodDxtrKQ][test][3],[q75XUfcITqG3o93Z8EOFnw][test][2],[t8Mqv-hjRzqYCBodDxtrKQ][test][9],[t8Mqv-hjRzqYCBodDxtrKQ][test][8],[q75XUfcITqG3o93Z8EOFnw][test][7],[q75XUfcITqG3o93Z8EOFnw][test][6] (cluster state version: 6863)
[2014-02-18 16:00:10,408][TRACE][action.search.type       ] [node_0] Moving to second phase, based on results from: [t8Mqv-hjRzqYCBodDxtrKQ][test][11],[t8Mqv-hjRzqYCBodDxtrKQ][test][10],[q75XUfcITqG3o93Z8EOFnw][test][0],[t8Mqv-hjRzqYCBodDxtrKQ][test][1],[q75XUfcITqG3o93Z8EOFnw][test][5],[q75XUfcITqG3o93Z8EOFnw][test][4],[q75XUfcITqG3o93Z8EOFnw][test][3],[q75XUfcITqG3o93Z8EOFnw][test][2],[q75XUfcITqG3o93Z8EOFnw][test][9],[t8Mqv-hjRzqYCBodDxtrKQ][test][8],[t8Mqv-hjRzqYCBodDxtrKQ][test][7],[q75XUfcITqG3o93Z8EOFnw][test][6] (cluster state version: 6864)
[2014-02-18 16:00:10,418][TRACE][action.search.type       ] [node_0] Moving to second phase, based on results from: [q75XUfcITqG3o93Z8EOFnw][test][11],[q75XUfcITqG3o93Z8EOFnw][test][10],[t8Mqv-hjRzqYCBodDxtrKQ][test][0],[q75XUfcITqG3o93Z8EOFnw][test][1],[t8Mqv-hjRzqYCBodDxtrKQ][test][5],[tbUF3y2YTPm1TPdTF8YBYw][test][4],[t8Mqv-hjRzqYCBodDxtrKQ][test][3],[t8Mqv-hjRzqYCBodDxtrKQ][test][2],[t8Mqv-hjRzqYCBodDxtrKQ][test][9],[q75XUfcITqG3o93Z8EOFnw][test][8],[q75XUfcITqG3o93Z8EOFnw][test][7],[t8Mqv-hjRzqYCBodDxtrKQ][test][6] (cluster state version: 6864)
[2014-02-18 16:00:10,422][TRACE][action.search.type       ] [node_2] Moving to second phase, based on results from: [q75XUfcITqG3o93Z8EOFnw][test][11],[q75XUfcITqG3o93Z8EOFnw][test][10],[t8Mqv-hjRzqYCBodDxtrKQ][test][0],[t8Mqv-hjRzqYCBodDxtrKQ][test][1],[q75XUfcITqG3o93Z8EOFnw][test][5],[q75XUfcITqG3o93Z8EOFnw][test][4],[q75XUfcITqG3o93Z8EOFnw][test][3],[t8Mqv-hjRzqYCBodDxtrKQ][test][2],[t8Mqv-hjRzqYCBodDxtrKQ][test][9],[t8Mqv-hjRzqYCBodDxtrKQ][test][8],[t8Mqv-hjRzqYCBodDxtrKQ][test][7],[t8Mqv-hjRzqYCBodDxtrKQ][test][6] (cluster state version: 6864)
[2014-02-18 16:00:10,426][TRACE][action.search.type       ] [node_2] Moving to second phase, based on results from: [t8Mqv-hjRzqYCBodDxtrKQ][test][11],[t8Mqv-hjRzqYCBodDxtrKQ][test][10],[q75XUfcITqG3o93Z8EOFnw][test][0],[q75XUfcITqG3o93Z8EOFnw][test][1],[t8Mqv-hjRzqYCBodDxtrKQ][test][5],[tbUF3y2YTPm1TPdTF8YBYw][test][4],[t8Mqv-hjRzqYCBodDxtrKQ][test][3],[q75XUfcITqG3o93Z8EOFnw][test][2],[q75XUfcITqG3o93Z8EOFnw][test][9],[q75XUfcITqG3o93Z8EOFnw][test][8],[q75XUfcITqG3o93Z8EOFnw][test][7],[q75XUfcITqG3o93Z8EOFnw][test][6] (cluster state version: 6864)
[2014-02-18 16:00:10,431][TRACE][action.search.type       ] [node_0] Moving to second phase, based on results from: [t8Mqv-hjRzqYCBodDxtrKQ][test][11],[t8Mqv-hjRzqYCBodDxtrKQ][test][10],[q75XUfcITqG3o93Z8EOFnw][test][0],[t8Mqv-hjRzqYCBodDxtrKQ][test][1],[q75XUfcITqG3o93Z8EOFnw][test][5],[q75XUfcITqG3o93Z8EOFnw][test][4],[q75XUfcITqG3o93Z8EOFnw][test][3],[q75XUfcITqG3o93Z8EOFnw][test][2],[q75XUfcITqG3o93Z8EOFnw][test][9],[t8Mqv-hjRzqYCBodDxtrKQ][test][8],[t8Mqv-hjRzqYCBodDxtrKQ][test][7],[q75XUfcITqG3o93Z8EOFnw][test][6] (cluster state version: 6864)
[2014-02-18 16:00:10,436][TRACE][action.search.type       ] [node_2] Moving to second phase, based on results from: [q75XUfcITqG3o93Z8EOFnw][test][11],[q75XUfcITqG3o93Z8EOFnw][test][10],[t8Mqv-hjRzqYCBodDxtrKQ][test][0],[t8Mqv-hjRzqYCBodDxtrKQ][test][1],[q75XUfcITqG3o93Z8EOFnw][test][5],[q75XUfcITqG3o93Z8EOFnw][test][4],[q75XUfcITqG3o93Z8EOFnw][test][3],[t8Mqv-hjRzqYCBodDxtrKQ][test][2],[t8Mqv-hjRzqYCBodDxtrKQ][test][9],[t8Mqv-hjRzqYCBodDxtrKQ][test][8],[t8Mqv-hjRzqYCBodDxtrKQ][test][7],[t8Mqv-hjRzqYCBodDxtrKQ][test][6] (cluster state version: 6864)
[2014-02-18 16:00:10,439][TRACE][action.search.type       ] [node_1] Moving to second phase, based on results from: [q75XUfcITqG3o93Z8EOFnw][test][11],[q75XUfcITqG3o93Z8EOFnw][test][10],[t8Mqv-hjRzqYCBodDxtrKQ][test][0],[q75XUfcITqG3o93Z8EOFnw][test][1],[q75XUfcITqG3o93Z8EOFnw][test][5],[tbUF3y2YTPm1TPdTF8YBYw][test][4],[q75XUfcITqG3o93Z8EOFnw][test][3],[q75XUfcITqG3o93Z8EOFnw][test][2],[t8Mqv-hjRzqYCBodDxtrKQ][test][9],[q75XUfcITqG3o93Z8EOFnw][test][8],[t8Mqv-hjRzqYCBodDxtrKQ][test][7],[t8Mqv-hjRzqYCBodDxtrKQ][test][6] (cluster state version: 6864)
[2014-02-18 16:00:10,441][TRACE][action.search.type       ] [node_2] Moving to second phase, based on results from: [t8Mqv-hjRzqYCBodDxtrKQ][test][11],[t8Mqv-hjRzqYCBodDxtrKQ][test][10],[q75XUfcITqG3o93Z8EOFnw][test][0],[q75XUfcITqG3o93Z8EOFnw][test][1],[t8Mqv-hjRzqYCBodDxtrKQ][test][5],[tbUF3y2YTPm1TPdTF8YBYw][test][4],[t8Mqv-hjRzqYCBodDxtrKQ][test][3],[q75XUfcITqG3o93Z8EOFnw][test][2],[q75XUfcITqG3o93Z8EOFnw][test][9],[q75XUfcITqG3o93Z8EOFnw][test][8],[q75XUfcITqG3o93Z8EOFnw][test][7],[q75XUfcITqG3o93Z8EOFnw][test][6] (cluster state version: 6864)
[2014-02-18 16:00:10,443][TRACE][action.search.type       ] [node_1] Moving to second phase, based on results from: [t8Mqv-hjRzqYCBodDxtrKQ][test][11],[t8Mqv-hjRzqYCBodDxtrKQ][test][10],[q75XUfcITqG3o93Z8EOFnw][test][0],[t8Mqv-hjRzqYCBodDxtrKQ][test][1],[t8Mqv-hjRzqYCBodDxtrKQ][test][5],[q75XUfcITqG3o93Z8EOFnw][test][4],[t8Mqv-hjRzqYCBodDxtrKQ][test][3],[t8Mqv-hjRzqYCBodDxtrKQ][test][2],[q75XUfcITqG3o93Z8EOFnw][test][9],[t8Mqv-hjRzqYCBodDxtrKQ][test][8],[q75XUfcITqG3o93Z8EOFnw][test][7],[q75XUfcITqG3o93Z8EOFnw][test][6] (cluster state version: 6864)
[2014-02-18 16:00:10,446][TRACE][action.search.type       ] [node_1] Moving to second phase, based on results from: [q75XUfcITqG3o93Z8EOFnw][test][11],[q75XUfcITqG3o93Z8EOFnw][test][10],[t8Mqv-hjRzqYCBodDxtrKQ][test][0],[q75XUfcITqG3o93Z8EOFnw][test][1],[q75XUfcITqG3o93Z8EOFnw][test][5],[tbUF3y2YTPm1TPdTF8YBYw][test][4],[q75XUfcITqG3o93Z8EOFnw][test][3],[q75XUfcITqG3o93Z8EOFnw][test][2],[t8Mqv-hjRzqYCBodDxtrKQ][test][9],[q75XUfcITqG3o93Z8EOFnw][test][8],[t8Mqv-hjRzqYCBodDxtrKQ][test][7],[t8Mqv-hjRzqYCBodDxtrKQ][test][6] (cluster state version: 6864)
[2014-02-18 16:00:10,450][TRACE][action.search.type       ] [node_2] Moving to second phase, based on results from: [t8Mqv-hjRzqYCBodDxtrKQ][test][11],[t8Mqv-hjRzqYCBodDxtrKQ][test][10],[t8Mqv-hjRzqYCBodDxtrKQ][test][0],[t8Mqv-hjRzqYCBodDxtrKQ][test][1],[t8Mqv-hjRzqYCBodDxtrKQ][test][5],[q75XUfcITqG3o93Z8EOFnw][test][4],[q75XUfcITqG3o93Z8EOFnw][test][3],[t8Mqv-hjRzqYCBodDxtrKQ][test][2],[t8Mqv-hjRzqYCBodDxtrKQ][test][9],[q75XUfcITqG3o93Z8EOFnw][test][8],[t8Mqv-hjRzqYCBodDxtrKQ][test][7],[q75XUfcITqG3o93Z8EOFnw][test][6] (cluster state version: 6865)
[2014-02-18 16:00:10,454][TRACE][action.search.type       ] [node_0] Moving to second phase, based on results from: [q75XUfcITqG3o93Z8EOFnw][test][11],[t8Mqv-hjRzqYCBodDxtrKQ][test][10],[t8Mqv-hjRzqYCBodDxtrKQ][test][0],[q75XUfcITqG3o93Z8EOFnw][test][1],[q75XUfcITqG3o93Z8EOFnw][test][5],[q75XUfcITqG3o93Z8EOFnw][test][4],[q75XUfcITqG3o93Z8EOFnw][test][3],[t8Mqv-hjRzqYCBodDxtrKQ][test][2],[t8Mqv-hjRzqYCBodDxtrKQ][test][9],[t8Mqv-hjRzqYCBodDxtrKQ][test][8],[t8Mqv-hjRzqYCBodDxtrKQ][test][7],[t8Mqv-hjRzqYCBodDxtrKQ][test][6] (cluster state version: 6865)
[2014-02-18 16:00:10,458][TRACE][action.search.type       ] [node_0] Moving to second phase, based on results from: [t8Mqv-hjRzqYCBodDxtrKQ][test][11],[q75XUfcITqG3o93Z8EOFnw][test][10],[q75XUfcITqG3o93Z8EOFnw][test][0],[t8Mqv-hjRzqYCBodDxtrKQ][test][1],[t8Mqv-hjRzqYCBodDxtrKQ][test][5],[t8Mqv-hjRzqYCBodDxtrKQ][test][4],[t8Mqv-hjRzqYCBodDxtrKQ][test][3],[q75XUfcITqG3o93Z8EOFnw][test][2],[q75XUfcITqG3o93Z8EOFnw][test][9],[q75XUfcITqG3o93Z8EOFnw][test][8],[q75XUfcITqG3o93Z8EOFnw][test][7],[q75XUfcITqG3o93Z8EOFnw][test][6] (cluster state version: 6865)
[2014-02-18 16:00:10,461][TRACE][action.search.type       ] [node_2] Moving to second phase, based on results from: [q75XUfcITqG3o93Z8EOFnw][test][11],[q75XUfcITqG3o93Z8EOFnw][test][10],[q75XUfcITqG3o93Z8EOFnw][test][0],[q75XUfcITqG3o93Z8EOFnw][test][1],[q75XUfcITqG3o93Z8EOFnw][test][5],[t8Mqv-hjRzqYCBodDxtrKQ][test][4],[t8Mqv-hjRzqYCBodDxtrKQ][test][3],[q75XUfcITqG3o93Z8EOFnw][test][2],[q75XUfcITqG3o93Z8EOFnw][test][9],[t8Mqv-hjRzqYCBodDxtrKQ][test][8],[q75XUfcITqG3o93Z8EOFnw][test][7],[t8Mqv-hjRzqYCBodDxtrKQ][test][6] (cluster state version: 6865)
[2014-02-18 16:00:10,464][TRACE][action.search.type       ] [node_2] Moving to second phase, based on results from: [t8Mqv-hjRzqYCBodDxtrKQ][test][11],[t8Mqv-hjRzqYCBodDxtrKQ][test][10],[t8Mqv-hjRzqYCBodDxtrKQ][test][0],[t8Mqv-hjRzqYCBodDxtrKQ][test][1],[t8Mqv-hjRzqYCBodDxtrKQ][test][5],[q75XUfcITqG3o93Z8EOFnw][test][4],[q75XUfcITqG3o93Z8EOFnw][test][3],[t8Mqv-hjRzqYCBodDxtrKQ][test][2],[t8Mqv-hjRzqYCBodDxtrKQ][test][9],[q75XUfcITqG3o93Z8EOFnw][test][8],[t8Mqv-hjRzqYCBodDxtrKQ][test][7],[q75XUfcITqG3o93Z8EOFnw][test][6] (cluster state version: 6865)
[2014-02-18 16:00:10,468][TRACE][action.search.type       ] [node_0] Moving to second phase, based on results from: [q75XUfcITqG3o93Z8EOFnw][test][11],[t8Mqv-hjRzqYCBodDxtrKQ][test][10],[t8Mqv-hjRzqYCBodDxtrKQ][test][0],[q75XUfcITqG3o93Z8EOFnw][test][1],[q75XUfcITqG3o93Z8EOFnw][test][5],[q75XUfcITqG3o93Z8EOFnw][test][4],[q75XUfcITqG3o93Z8EOFnw][test][3],[t8Mqv-hjRzqYCBodDxtrKQ][test][2],[t8Mqv-hjRzqYCBodDxtrKQ][test][9],[t8Mqv-hjRzqYCBodDxtrKQ][test][8],[t8Mqv-hjRzqYCBodDxtrKQ][test][7],[t8Mqv-hjRzqYCBodDxtrKQ][test][6] (cluster state version: 6865)
[2014-02-18 16:00:10,470][TRACE][action.search.type       ] [node_2] Moving to second phase, based on results from: [q75XUfcITqG3o93Z8EOFnw][test][11],[q75XUfcITqG3o93Z8EOFnw][test][10],[q75XUfcITqG3o93Z8EOFnw][test][0],[q75XUfcITqG3o93Z8EOFnw][test][1],[q75XUfcITqG3o93Z8EOFnw][test][5],[t8Mqv-hjRzqYCBodDxtrKQ][test][4],[t8Mqv-hjRzqYCBodDxtrKQ][test][3],[q75XUfcITqG3o93Z8EOFnw][test][2],[q75XUfcITqG3o93Z8EOFnw][test][9],[t8Mqv-hjRzqYCBodDxtrKQ][test][8],[q75XUfcITqG3o93Z8EOFnw][test][7],[t8Mqv-hjRzqYCBodDxtrKQ][test][6] (cluster state version: 6865)
[2014-02-18 16:00:10,474][TRACE][action.search.type       ] [node_2] Moving to second phase, based on results from: [t8Mqv-hjRzqYCBodDxtrKQ][test][11],[t8Mqv-hjRzqYCBodDxtrKQ][test][10],[t8Mqv-hjRzqYCBodDxtrKQ][test][0],[t8Mqv-hjRzqYCBodDxtrKQ][test][1],[t8Mqv-hjRzqYCBodDxtrKQ][test][5],[q75XUfcITqG3o93Z8EOFnw][test][4],[q75XUfcITqG3o93Z8EOFnw][test][3],[t8Mqv-hjRzqYCBodDxtrKQ][test][2],[t8Mqv-hjRzqYCBodDxtrKQ][test][9],[q75XUfcITqG3o93Z8EOFnw][test][8],[t8Mqv-hjRzqYCBodDxtrKQ][test][7],[q75XUfcITqG3o93Z8EOFnw][test][6] (cluster state version: 6865)
[2014-02-18 16:00:10,479][TRACE][action.search.type       ] [node_0] Moving to second phase, based on results from: [t8Mqv-hjRzqYCBodDxtrKQ][test][11],[q75XUfcITqG3o93Z8EOFnw][test][10],[q75XUfcITqG3o93Z8EOFnw][test][0],[t8Mqv-hjRzqYCBodDxtrKQ][test][1],[t8Mqv-hjRzqYCBodDxtrKQ][test][5],[t8Mqv-hjRzqYCBodDxtrKQ][test][4],[t8Mqv-hjRzqYCBodDxtrKQ][test][3],[q75XUfcITqG3o93Z8EOFnw][test][2],[q75XUfcITqG3o93Z8EOFnw][test][9],[q75XUfcITqG3o93Z8EOFnw][test][8],[q75XUfcITqG3o93Z8EOFnw][test][7],[q75XUfcITqG3o93Z8EOFnw][test][6] (cluster state version: 6865)
[2014-02-18 16:00:10,482][TRACE][action.search.type       ] [node_2] Moving to second phase, based on results from: [q75XUfcITqG3o93Z8EOFnw][test][11],[q75XUfcITqG3o93Z8EOFnw][test][10],[q75XUfcITqG3o93Z8EOFnw][test][0],[q75XUfcITqG3o93Z8EOFnw][test][1],[q75XUfcITqG3o93Z8EOFnw][test][5],[t8Mqv-hjRzqYCBodDxtrKQ][test][4],[t8Mqv-hjRzqYCBodDxtrKQ][test][3],[q75XUfcITqG3o93Z8EOFnw][test][2],[q75XUfcITqG3o93Z8EOFnw][test][9],[t8Mqv-hjRzqYCBodDxtrKQ][test][8],[q75XUfcITqG3o93Z8EOFnw][test][7],[t8Mqv-hjRzqYCBodDxtrKQ][test][6] (cluster state version: 6865)
[2014-02-18 16:00:10,485][TRACE][action.search.type       ] [node_2] Moving to second phase, based on results from: [t8Mqv-hjRzqYCBodDxtrKQ][test][11],[t8Mqv-hjRzqYCBodDxtrKQ][test][10],[t8Mqv-hjRzqYCBodDxtrKQ][test][0],[t8Mqv-hjRzqYCBodDxtrKQ][test][1],[t8Mqv-hjRzqYCBodDxtrKQ][test][5],[q75XUfcITqG3o93Z8EOFnw][test][4],[q75XUfcITqG3o93Z8EOFnw][test][3],[t8Mqv-hjRzqYCBodDxtrKQ][test][2],[t8Mqv-hjRzqYCBodDxtrKQ][test][9],[q75XUfcITqG3o93Z8EOFnw][test][8],[t8Mqv-hjRzqYCBodDxtrKQ][test][7],[q75XUfcITqG3o93Z8EOFnw][test][6] (cluster state version: 6865)
[2014-02-18 16:00:10,488][TRACE][action.search.type       ] [node_1] Moving to second phase, based on results from: [q75XUfcITqG3o93Z8EOFnw][test][11],[q75XUfcITqG3o93Z8EOFnw][test][10],[t8Mqv-hjRzqYCBodDxtrKQ][test][0],[q75XUfcITqG3o93Z8EOFnw][test][1],[q75XUfcITqG3o93Z8EOFnw][test][5],[q75XUfcITqG3o93Z8EOFnw][test][4],[q75XUfcITqG3o93Z8EOFnw][test][3],[q75XUfcITqG3o93Z8EOFnw][test][2],[q75XUfcITqG3o93Z8EOFnw][test][9],[q75XUfcITqG3o93Z8EOFnw][test][8],[q75XUfcITqG3o93Z8EOFnw][test][7],[t8Mqv-hjRzqYCBodDxtrKQ][test][6] (cluster state version: 6865)
[2014-02-18 16:00:10,504][TRACE][action.search.type       ] [node_1] Moving to second phase, based on results from: [t8Mqv-hjRzqYCBodDxtrKQ][test][11],[t8Mqv-hjRzqYCBodDxtrKQ][test][10],[q75XUfcITqG3o93Z8EOFnw][test][0],[t8Mqv-hjRzqYCBodDxtrKQ][test][1],[t8Mqv-hjRzqYCBodDxtrKQ][test][5],[t8Mqv-hjRzqYCBodDxtrKQ][test][4],[t8Mqv-hjRzqYCBodDxtrKQ][test][3],[t8Mqv-hjRzqYCBodDxtrKQ][test][2],[t8Mqv-hjRzqYCBodDxtrKQ][test][9],[t8Mqv-hjRzqYCBodDxtrKQ][test][8],[t8Mqv-hjRzqYCBodDxtrKQ][test][7],[q75XUfcITqG3o93Z8EOFnw][test][6] (cluster state version: 6865)
[2014-02-18 16:00:10,507][TRACE][action.search.type       ] [node_2] Moving to second phase, based on results from: [q75XUfcITqG3o93Z8EOFnw][test][11],[q75XUfcITqG3o93Z8EOFnw][test][10],[q75XUfcITqG3o93Z8EOFnw][test][0],[q75XUfcITqG3o93Z8EOFnw][test][1],[q75XUfcITqG3o93Z8EOFnw][test][5],[t8Mqv-hjRzqYCBodDxtrKQ][test][4],[t8Mqv-hjRzqYCBodDxtrKQ][test][3],[q75XUfcITqG3o93Z8EOFnw][test][2],[q75XUfcITqG3o93Z8EOFnw][test][9],[t8Mqv-hjRzqYCBodDxtrKQ][test][8],[q75XUfcITqG3o93Z8EOFnw][test][7],[t8Mqv-hjRzqYCBodDxtrKQ][test][6] (cluster state version: 6865)
[2014-02-18 16:00:10,510][TRACE][action.search.type       ] [node_2] Moving to second phase, based on results from: [t8Mqv-hjRzqYCBodDxtrKQ][test][11],[t8Mqv-hjRzqYCBodDxtrKQ][test][10],[t8Mqv-hjRzqYCBodDxtrKQ][test][0],[t8Mqv-hjRzqYCBodDxtrKQ][test][1],[t8Mqv-hjRzqYCBodDxtrKQ][test][5],[q75XUfcITqG3o93Z8EOFnw][test][4],[q75XUfcITqG3o93Z8EOFnw][test][3],[t8Mqv-hjRzqYCBodDxtrKQ][test][2],[t8Mqv-hjRzqYCBodDxtrKQ][test][9],[q75XUfcITqG3o93Z8EOFnw][test][8],[t8Mqv-hjRzqYCBodDxtrKQ][test][7],[q75XUfcITqG3o93Z8EOFnw][test][6] (cluster state version: 6865)
[2014-02-18 16:00:10,513][TRACE][action.search.type       ] [node_2] Moving to second phase, based on results from: [q75XUfcITqG3o93Z8EOFnw][test][11],[q75XUfcITqG3o93Z8EOFnw][test][10],[q75XUfcITqG3o93Z8EOFnw][test][0],[q75XUfcITqG3o93Z8EOFnw][test][1],[q75XUfcITqG3o93Z8EOFnw][test][5],[t8Mqv-hjRzqYCBodDxtrKQ][test][4],[t8Mqv-hjRzqYCBodDxtrKQ][test][3],[q75XUfcITqG3o93Z8EOFnw][test][2],[q75XUfcITqG3o93Z8EOFnw][test][9],[t8Mqv-hjRzqYCBodDxtrKQ][test][8],[q75XUfcITqG3o93Z8EOFnw][test][7],[t8Mqv-hjRzqYCBodDxtrKQ][test][6] (cluster state version: 6865)
[2014-02-18 16:00:10,516][TRACE][action.search.type       ] [node_0] Moving to second phase, based on results from: [q75XUfcITqG3o93Z8EOFnw][test][11],[t8Mqv-hjRzqYCBodDxtrKQ][test][10],[t8Mqv-hjRzqYCBodDxtrKQ][test][0],[q75XUfcITqG3o93Z8EOFnw][test][1],[q75XUfcITqG3o93Z8EOFnw][test][5],[q75XUfcITqG3o93Z8EOFnw][test][4],[q75XUfcITqG3o93Z8EOFnw][test][3],[t8Mqv-hjRzqYCBodDxtrKQ][test][2],[t8Mqv-hjRzqYCBodDxtrKQ][test][9],[t8Mqv-hjRzqYCBodDxtrKQ][test][8],[t8Mqv-hjRzqYCBodDxtrKQ][test][7],[t8Mqv-hjRzqYCBodDxtrKQ][test][6] (cluster state version: 6865)
[2014-02-18 16:00:10,524][TRACE][action.search.type       ] [node_1] Moving to second phase, based on results from: [q75XUfcITqG3o93Z8EOFnw][test][11],[q75XUfcITqG3o93Z8EOFnw][test][10],[t8Mqv-hjRzqYCBodDxtrKQ][test][0],[q75XUfcITqG3o93Z8EOFnw][test][1],[q75XUfcITqG3o93Z8EOFnw][test][5],[q75XUfcITqG3o93Z8EOFnw][test][4],[q75XUfcITqG3o93Z8EOFnw][test][3],[q75XUfcITqG3o93Z8EOFnw][test][2],[q75XUfcITqG3o93Z8EOFnw][test][9],[q75XUfcITqG3o93Z8EOFnw][test][8],[q75XUfcITqG3o93Z8EOFnw][test][7],[t8Mqv-hjRzqYCBodDxtrKQ][test][6] (cluster state version: 6865)
[2014-02-18 16:00:10,528][TRACE][action.search.type       ] [node_2] Moving to second phase, based on results from: [t8Mqv-hjRzqYCBodDxtrKQ][test][11],[t8Mqv-hjRzqYCBodDxtrKQ][test][10],[t8Mqv-hjRzqYCBodDxtrKQ][test][0],[t8Mqv-hjRzqYCBodDxtrKQ][test][1],[t8Mqv-hjRzqYCBodDxtrKQ][test][5],[q75XUfcITqG3o93Z8EOFnw][test][4],[q75XUfcITqG3o93Z8EOFnw][test][3],[t8Mqv-hjRzqYCBodDxtrKQ][test][2],[t8Mqv-hjRzqYCBodDxtrKQ][test][9],[q75XUfcITqG3o93Z8EOFnw][test][8],[t8Mqv-hjRzqYCBodDxtrKQ][test][7],[q75XUfcITqG3o93Z8EOFnw][test][6] (cluster state version: 6865)
[2014-02-18 16:00:10,531][TRACE][action.search.type       ] [node_2] Moving to second phase, based on results from: [q75XUfcITqG3o93Z8EOFnw][test][11],[q75XUfcITqG3o93Z8EOFnw][test][10],[q75XUfcITqG3o93Z8EOFnw][test][0],[q75XUfcITqG3o93Z8EOFnw][test][1],[q75XUfcITqG3o93Z8EOFnw][test][5],[t8Mqv-hjRzqYCBodDxtrKQ][test][4],[t8Mqv-hjRzqYCBodDxtrKQ][test][3],[q75XUfcITqG3o93Z8EOFnw][test][2],[q75XUfcITqG3o93Z8EOFnw][test][9],[t8Mqv-hjRzqYCBodDxtrKQ][test][8],[q75XUfcITqG3o93Z8EOFnw][test][7],[t8Mqv-hjRzqYCBodDxtrKQ][test][6] (cluster state version: 6865)
[2014-02-18 16:00:10,534][TRACE][action.search.type       ] [node_0] Moving to second phase, based on results from: [t8Mqv-hjRzqYCBodDxtrKQ][test][11],[q75XUfcITqG3o93Z8EOFnw][test][10],[q75XUfcITqG3o93Z8EOFnw][test][0],[t8Mqv-hjRzqYCBodDxtrKQ][test][1],[t8Mqv-hjRzqYCBodDxtrKQ][test][5],[t8Mqv-hjRzqYCBodDxtrKQ][test][4],[t8Mqv-hjRzqYCBodDxtrKQ][test][3],[q75XUfcITqG3o93Z8EOFnw][test][2],[q75XUfcITqG3o93Z8EOFnw][test][9],[q75XUfcITqG3o93Z8EOFnw][test][8],[q75XUfcITqG3o93Z8EOFnw][test][7],[q75XUfcITqG3o93Z8EOFnw][test][6] (cluster state version: 6865)
[2014-02-18 16:00:10,537][TRACE][action.search.type       ] [node_1] Moving to second phase, based on results from: [t8Mqv-hjRzqYCBodDxtrKQ][test][11],[t8Mqv-hjRzqYCBodDxtrKQ][test][10],[q75XUfcITqG3o93Z8EOFnw][test][0],[t8Mqv-hjRzqYCBodDxtrKQ][test][1],[t8Mqv-hjRzqYCBodDxtrKQ][test][5],[t8Mqv-hjRzqYCBodDxtrKQ][test][4],[t8Mqv-hjRzqYCBodDxtrKQ][test][3],[t8Mqv-hjRzqYCBodDxtrKQ][test][2],[t8Mqv-hjRzqYCBodDxtrKQ][test][9],[t8Mqv-hjRzqYCBodDxtrKQ][test][8],[t8Mqv-hjRzqYCBodDxtrKQ][test][7],[q75XUfcITqG3o93Z8EOFnw][test][6] (cluster state version: 6865)
[2014-02-18 16:00:10,540][TRACE][action.search.type       ] [node_1] Moving to second phase, based on results from: [q75XUfcITqG3o93Z8EOFnw][test][11],[q75XUfcITqG3o93Z8EOFnw][test][10],[t8Mqv-hjRzqYCBodDxtrKQ][test][0],[q75XUfcITqG3o93Z8EOFnw][test][1],[q75XUfcITqG3o93Z8EOFnw][test][5],[q75XUfcITqG3o93Z8EOFnw][test][4],[q75XUfcITqG3o93Z8EOFnw][test][3],[q75XUfcITqG3o93Z8EOFnw][test][2],[q75XUfcITqG3o93Z8EOFnw][test][9],[q75XUfcITqG3o93Z8EOFnw][test][8],[q75XUfcITqG3o93Z8EOFnw][test][7],[t8Mqv-hjRzqYCBodDxtrKQ][test][6] (cluster state version: 6865)
[2014-02-18 16:00:10,544][TRACE][action.search.type       ] [node_1] Moving to second phase, based on results from: [t8Mqv-hjRzqYCBodDxtrKQ][test][11],[t8Mqv-hjRzqYCBodDxtrKQ][test][10],[q75XUfcITqG3o93Z8EOFnw][test][0],[t8Mqv-hjRzqYCBodDxtrKQ][test][1],[t8Mqv-hjRzqYCBodDxtrKQ][test][5],[t8Mqv-hjRzqYCBodDxtrKQ][test][4],[t8Mqv-hjRzqYCBodDxtrKQ][test][3],[t8Mqv-hjRzqYCBodDxtrKQ][test][2],[t8Mqv-hjRzqYCBodDxtrKQ][test][9],[t8Mqv-hjRzqYCBodDxtrKQ][test][8],[t8Mqv-hjRzqYCBodDxtrKQ][test][7],[q75XUfcITqG3o93Z8EOFnw][test][6] (cluster state version: 6865)
[2014-02-18 16:00:10,547][TRACE][action.search.type       ] [node_1] Moving to second phase, based on results from: [q75XUfcITqG3o93Z8EOFnw][test][11],[q75XUfcITqG3o93Z8EOFnw][test][10],[t8Mqv-hjRzqYCBodDxtrKQ][test][0],[q75XUfcITqG3o93Z8EOFnw][test][1],[q75XUfcITqG3o93Z8EOFnw][test][5],[q75XUfcITqG3o93Z8EOFnw][test][4],[q75XUfcITqG3o93Z8EOFnw][test][3],[q75XUfcITqG3o93Z8EOFnw][test][2],[q75XUfcITqG3o93Z8EOFnw][test][9],[q75XUfcITqG3o93Z8EOFnw][test][8],[q75XUfcITqG3o93Z8EOFnw][test][7],[t8Mqv-hjRzqYCBodDxtrKQ][test][6] (cluster state version: 6865)
[2014-02-18 16:00:10,552][TRACE][action.search.type       ] [node_0] Moving to second phase, based on results from: [q75XUfcITqG3o93Z8EOFnw][test][11],[t8Mqv-hjRzqYCBodDxtrKQ][test][10],[t8Mqv-hjRzqYCBodDxtrKQ][test][0],[q75XUfcITqG3o93Z8EOFnw][test][1],[q75XUfcITqG3o93Z8EOFnw][test][5],[q75XUfcITqG3o93Z8EOFnw][test][4],[q75XUfcITqG3o93Z8EOFnw][test][3],[t8Mqv-hjRzqYCBodDxtrKQ][test][2],[t8Mqv-hjRzqYCBodDxtrKQ][test][9],[t8Mqv-hjRzqYCBodDxtrKQ][test][8],[t8Mqv-hjRzqYCBodDxtrKQ][test][7],[t8Mqv-hjRzqYCBodDxtrKQ][test][6] (cluster state version: 6865)
[2014-02-18 16:00:10,557][TRACE][action.search.type       ] [node_0] Moving to second phase, based on results from: [t8Mqv-hjRzqYCBodDxtrKQ][test][11],[q75XUfcITqG3o93Z8EOFnw][test][10],[q75XUfcITqG3o93Z8EOFnw][test][0],[t8Mqv-hjRzqYCBodDxtrKQ][test][1],[t8Mqv-hjRzqYCBodDxtrKQ][test][5],[t8Mqv-hjRzqYCBodDxtrKQ][test][4],[t8Mqv-hjRzqYCBodDxtrKQ][test][3],[q75XUfcITqG3o93Z8EOFnw][test][2],[q75XUfcITqG3o93Z8EOFnw][test][9],[q75XUfcITqG3o93Z8EOFnw][test][8],[q75XUfcITqG3o93Z8EOFnw][test][7],[q75XUfcITqG3o93Z8EOFnw][test][6] (cluster state version: 6865)
[2014-02-18 16:00:10,561][TRACE][action.search.type       ] [node_1] Moving to second phase, based on results from: [t8Mqv-hjRzqYCBodDxtrKQ][test][11],[t8Mqv-hjRzqYCBodDxtrKQ][test][10],[q75XUfcITqG3o93Z8EOFnw][test][0],[t8Mqv-hjRzqYCBodDxtrKQ][test][1],[t8Mqv-hjRzqYCBodDxtrKQ][test][5],[t8Mqv-hjRzqYCBodDxtrKQ][test][4],[t8Mqv-hjRzqYCBodDxtrKQ][test][3],[t8Mqv-hjRzqYCBodDxtrKQ][test][2],[t8Mqv-hjRzqYCBodDxtrKQ][test][9],[t8Mqv-hjRzqYCBodDxtrKQ][test][8],[t8Mqv-hjRzqYCBodDxtrKQ][test][7],[q75XUfcITqG3o93Z8EOFnw][test][6] (cluster state version: 6865)
[2014-02-18 16:00:10,564][TRACE][action.search.type       ] [node_1] Moving to second phase, based on results from: [q75XUfcITqG3o93Z8EOFnw][test][11],[q75XUfcITqG3o93Z8EOFnw][test][10],[t8Mqv-hjRzqYCBodDxtrKQ][test][0],[q75XUfcITqG3o93Z8EOFnw][test][1],[q75XUfcITqG3o93Z8EOFnw][test][5],[q75XUfcITqG3o93Z8EOFnw][test][4],[q75XUfcITqG3o93Z8EOFnw][test][3],[q75XUfcITqG3o93Z8EOFnw][test][2],[q75XUfcITqG3o93Z8EOFnw][test][9],[q75XUfcITqG3o93Z8EOFnw][test][8],[q75XUfcITqG3o93Z8EOFnw][test][7],[t8Mqv-hjRzqYCBodDxtrKQ][test][6] (cluster state version: 6865)
[2014-02-18 16:00:10,569][TRACE][action.search.type       ] [node_0] Moving to second phase, based on results from: [q75XUfcITqG3o93Z8EOFnw][test][11],[t8Mqv-hjRzqYCBodDxtrKQ][test][10],[t8Mqv-hjRzqYCBodDxtrKQ][test][0],[q75XUfcITqG3o93Z8EOFnw][test][1],[q75XUfcITqG3o93Z8EOFnw][test][5],[q75XUfcITqG3o93Z8EOFnw][test][4],[q75XUfcITqG3o93Z8EOFnw][test][3],[t8Mqv-hjRzqYCBodDxtrKQ][test][2],[t8Mqv-hjRzqYCBodDxtrKQ][test][9],[t8Mqv-hjRzqYCBodDxtrKQ][test][8],[t8Mqv-hjRzqYCBodDxtrKQ][test][7],[t8Mqv-hjRzqYCBodDxtrKQ][test][6] (cluster state version: 6865)
[2014-02-18 16:00:10,572][TRACE][action.search.type       ] [node_1] Moving to second phase, based on results from: [t8Mqv-hjRzqYCBodDxtrKQ][test][11],[t8Mqv-hjRzqYCBodDxtrKQ][test][10],[q75XUfcITqG3o93Z8EOFnw][test][0],[t8Mqv-hjRzqYCBodDxtrKQ][test][1],[t8Mqv-hjRzqYCBodDxtrKQ][test][5],[t8Mqv-hjRzqYCBodDxtrKQ][test][4],[t8Mqv-hjRzqYCBodDxtrKQ][test][3],[t8Mqv-hjRzqYCBodDxtrKQ][test][2],[t8Mqv-hjRzqYCBodDxtrKQ][test][9],[t8Mqv-hjRzqYCBodDxtrKQ][test][8],[t8Mqv-hjRzqYCBodDxtrKQ][test][7],[q75XUfcITqG3o93Z8EOFnw][test][6] (cluster state version: 6865)
[2014-02-18 16:00:10,576][TRACE][action.search.type       ] [node_1] Moving to second phase, based on results from: [q75XUfcITqG3o93Z8EOFnw][test][11],[q75XUfcITqG3o93Z8EOFnw][test][10],[t8Mqv-hjRzqYCBodDxtrKQ][test][0],[q75XUfcITqG3o93Z8EOFnw][test][1],[q75XUfcITqG3o93Z8EOFnw][test][5],[q75XUfcITqG3o93Z8EOFnw][test][4],[q75XUfcITqG3o93Z8EOFnw][test][3],[q75XUfcITqG3o93Z8EOFnw][test][2],[q75XUfcITqG3o93Z8EOFnw][test][9],[q75XUfcITqG3o93Z8EOFnw][test][8],[q75XUfcITqG3o93Z8EOFnw][test][7],[t8Mqv-hjRzqYCBodDxtrKQ][test][6] (cluster state version: 6865)
[2014-02-18 16:00:10,581][TRACE][action.search.type       ] [node_0] Moving to second phase, based on results from: [t8Mqv-hjRzqYCBodDxtrKQ][test][11],[q75XUfcITqG3o93Z8EOFnw][test][10],[q75XUfcITqG3o93Z8EOFnw][test][0],[t8Mqv-hjRzqYCBodDxtrKQ][test][1],[t8Mqv-hjRzqYCBodDxtrKQ][test][5],[t8Mqv-hjRzqYCBodDxtrKQ][test][4],[t8Mqv-hjRzqYCBodDxtrKQ][test][3],[q75XUfcITqG3o93Z8EOFnw][test][2],[q75XUfcITqG3o93Z8EOFnw][test][9],[q75XUfcITqG3o93Z8EOFnw][test][8],[q75XUfcITqG3o93Z8EOFnw][test][7],[q75XUfcITqG3o93Z8EOFnw][test][6] (cluster state version: 6865)
[2014-02-18 16:00:10,587][TRACE][action.search.type       ] [node_2] Moving to second phase, based on results from: [t8Mqv-hjRzqYCBodDxtrKQ][test][11],[t8Mqv-hjRzqYCBodDxtrKQ][test][10],[t8Mqv-hjRzqYCBodDxtrKQ][test][0],[t8Mqv-hjRzqYCBodDxtrKQ][test][1],[t8Mqv-hjRzqYCBodDxtrKQ][test][5],[q75XUfcITqG3o93Z8EOFnw][test][4],[q75XUfcITqG3o93Z8EOFnw][test][3],[t8Mqv-hjRzqYCBodDxtrKQ][test][2],[t8Mqv-hjRzqYCBodDxtrKQ][test][9],[q75XUfcITqG3o93Z8EOFnw][test][8],[t8Mqv-hjRzqYCBodDxtrKQ][test][7],[q75XUfcITqG3o93Z8EOFnw][test][6] (cluster state version: 6865)
[2014-02-18 16:00:10,597][TRACE][action.search.type       ] [node_1] Moving to second phase, based on results from: [q75XUfcITqG3o93Z8EOFnw][test][11],[t8Mqv-hjRzqYCBodDxtrKQ][test][10],[t8Mqv-hjRzqYCBodDxtrKQ][test][0],[q75XUfcITqG3o93Z8EOFnw][test][1],[q75XUfcITqG3o93Z8EOFnw][test][5],[q75XUfcITqG3o93Z8EOFnw][test][4],[q75XUfcITqG3o93Z8EOFnw][test][3],[t8Mqv-hjRzqYCBodDxtrKQ][test][2],[q75XUfcITqG3o93Z8EOFnw][test][9],[t8Mqv-hjRzqYCBodDxtrKQ][test][8],[q75XUfcITqG3o93Z8EOFnw][test][7],[q75XUfcITqG3o93Z8EOFnw][test][6] (cluster state version: 6866)
[2014-02-18 16:00:10,600][TRACE][action.search.type       ] [node_2] Moving to second phase, based on results from: [t8Mqv-hjRzqYCBodDxtrKQ][test][11],[q75XUfcITqG3o93Z8EOFnw][test][10],[q75XUfcITqG3o93Z8EOFnw][test][0],[t8Mqv-hjRzqYCBodDxtrKQ][test][1],[t8Mqv-hjRzqYCBodDxtrKQ][test][5],[t8Mqv-hjRzqYCBodDxtrKQ][test][4],[q75XUfcITqG3o93Z8EOFnw][test][3],[q75XUfcITqG3o93Z8EOFnw][test][2],[q75XUfcITqG3o93Z8EOFnw][test][9],[q75XUfcITqG3o93Z8EOFnw][test][8],[t8Mqv-hjRzqYCBodDxtrKQ][test][7],[t8Mqv-hjRzqYCBodDxtrKQ][test][6] (cluster state version: 6867)
[2014-02-18 16:00:10,605][TRACE][action.search.type       ] [node_2] Moving to second phase, based on results from: [q75XUfcITqG3o93Z8EOFnw][test][11],[t8Mqv-hjRzqYCBodDxtrKQ][test][10],[t8Mqv-hjRzqYCBodDxtrKQ][test][0],[q75XUfcITqG3o93Z8EOFnw][test][1],[q75XUfcITqG3o93Z8EOFnw][test][5],[q75XUfcITqG3o93Z8EOFnw][test][4],[t8Mqv-hjRzqYCBodDxtrKQ][test][3],[t8Mqv-hjRzqYCBodDxtrKQ][test][2],[t8Mqv-hjRzqYCBodDxtrKQ][test][9],[t8Mqv-hjRzqYCBodDxtrKQ][test][8],[q75XUfcITqG3o93Z8EOFnw][test][7],[q75XUfcITqG3o93Z8EOFnw][test][6] (cluster state version: 6867)
[2014-02-18 16:00:10,610][TRACE][action.search.type       ] [node_2] Moving to second phase, based on results from: [q75XUfcITqG3o93Z8EOFnw][test][11],[t8Mqv-hjRzqYCBodDxtrKQ][test][10],[q75XUfcITqG3o93Z8EOFnw][test][0],[t8Mqv-hjRzqYCBodDxtrKQ][test][1],[t8Mqv-hjRzqYCBodDxtrKQ][test][5],[q75XUfcITqG3o93Z8EOFnw][test][4],[t8Mqv-hjRzqYCBodDxtrKQ][test][3],[q75XUfcITqG3o93Z8EOFnw][test][2],[t8Mqv-hjRzqYCBodDxtrKQ][test][9],[q75XUfcITqG3o93Z8EOFnw][test][8],[t8Mqv-hjRzqYCBodDxtrKQ][test][7],[t8Mqv-hjRzqYCBodDxtrKQ][test][6] (cluster state version: 6868)
[2014-02-18 16:00:10,615][TRACE][action.search.type       ] [node_0] Moving to second phase, based on results from: [q75XUfcITqG3o93Z8EOFnw][test][11],[q75XUfcITqG3o93Z8EOFnw][test][10],[q75XUfcITqG3o93Z8EOFnw][test][0],[t8Mqv-hjRzqYCBodDxtrKQ][test][1],[t8Mqv-hjRzqYCBodDxtrKQ][test][5],[q75XUfcITqG3o93Z8EOFnw][test][4],[q75XUfcITqG3o93Z8EOFnw][test][3],[t8Mqv-hjRzqYCBodDxtrKQ][test][2],[t8Mqv-hjRzqYCBodDxtrKQ][test][9],[t8Mqv-hjRzqYCBodDxtrKQ][test][8],[q75XUfcITqG3o93Z8EOFnw][test][7],[q75XUfcITqG3o93Z8EOFnw][test][6] (cluster state version: 6868)
[2014-02-18 16:00:10,619][TRACE][action.search.type       ] [node_1] Moving to second phase, based on results from: [q75XUfcITqG3o93Z8EOFnw][test][11],[t8Mqv-hjRzqYCBodDxtrKQ][test][10],[q75XUfcITqG3o93Z8EOFnw][test][0],[t8Mqv-hjRzqYCBodDxtrKQ][test][1],[t8Mqv-hjRzqYCBodDxtrKQ][test][5],[t8Mqv-hjRzqYCBodDxtrKQ][test][4],[t8Mqv-hjRzqYCBodDxtrKQ][test][3],[q75XUfcITqG3o93Z8EOFnw][test][2],[t8Mqv-hjRzqYCBodDxtrKQ][test][9],[t8Mqv-hjRzqYCBodDxtrKQ][test][8],[q75XUfcITqG3o93Z8EOFnw][test][7],[q75XUfcITqG3o93Z8EOFnw][test][6] (cluster state version: 6868)
[2014-02-18 16:00:10,624][TRACE][action.search.type       ] [node_1] Moving to second phase, based on results from: [t8Mqv-hjRzqYCBodDxtrKQ][test][11],[q75XUfcITqG3o93Z8EOFnw][test][10],[t8Mqv-hjRzqYCBodDxtrKQ][test][0],[q75XUfcITqG3o93Z8EOFnw][test][1],[q75XUfcITqG3o93Z8EOFnw][test][5],[q75XUfcITqG3o93Z8EOFnw][test][4],[q75XUfcITqG3o93Z8EOFnw][test][3],[t8Mqv-hjRzqYCBodDxtrKQ][test][2],[q75XUfcITqG3o93Z8EOFnw][test][9],[q75XUfcITqG3o93Z8EOFnw][test][8],[t8Mqv-hjRzqYCBodDxtrKQ][test][7],[t8Mqv-hjRzqYCBodDxtrKQ][test][6] (cluster state version: 6868)
[2014-02-18 16:00:10,629][TRACE][action.search.type       ] [node_2] Moving to second phase, based on results from: [t8Mqv-hjRzqYCBodDxtrKQ][test][11],[q75XUfcITqG3o93Z8EOFnw][test][10],[t8Mqv-hjRzqYCBodDxtrKQ][test][0],[q75XUfcITqG3o93Z8EOFnw][test][1],[q75XUfcITqG3o93Z8EOFnw][test][5],[t8Mqv-hjRzqYCBodDxtrKQ][test][4],[q75XUfcITqG3o93Z8EOFnw][test][3],[t8Mqv-hjRzqYCBodDxtrKQ][test][2],[q75XUfcITqG3o93Z8EOFnw][test][9],[t8Mqv-hjRzqYCBodDxtrKQ][test][8],[q75XUfcITqG3o93Z8EOFnw][test][7],[q75XUfcITqG3o93Z8EOFnw][test][6] (cluster state version: 6868)
[2014-02-18 16:00:10,634][TRACE][action.search.type       ] [node_0] Moving to second phase, based on results from: [t8Mqv-hjRzqYCBodDxtrKQ][test][11],[t8Mqv-hjRzqYCBodDxtrKQ][test][10],[t8Mqv-hjRzqYCBodDxtrKQ][test][0],[q75XUfcITqG3o93Z8EOFnw][test][1],[q75XUfcITqG3o93Z8EOFnw][test][5],[t8Mqv-hjRzqYCBodDxtrKQ][test][4],[t8Mqv-hjRzqYCBodDxtrKQ][test][3],[q75XUfcITqG3o93Z8EOFnw][test][2],[q75XUfcITqG3o93Z8EOFnw][test][9],[q75XUfcITqG3o93Z8EOFnw][test][8],[t8Mqv-hjRzqYCBodDxtrKQ][test][7],[t8Mqv-hjRzqYCBodDxtrKQ][test][6] (cluster state version: 6868)
[2014-02-18 16:00:10,638][TRACE][action.search.type       ] [node_2] Moving to second phase, based on results from: [q75XUfcITqG3o93Z8EOFnw][test][11],[t8Mqv-hjRzqYCBodDxtrKQ][test][10],[q75XUfcITqG3o93Z8EOFnw][test][0],[t8Mqv-hjRzqYCBodDxtrKQ][test][1],[t8Mqv-hjRzqYCBodDxtrKQ][test][5],[q75XUfcITqG3o93Z8EOFnw][test][4],[t8Mqv-hjRzqYCBodDxtrKQ][test][3],[q75XUfcITqG3o93Z8EOFnw][test][2],[t8Mqv-hjRzqYCBodDxtrKQ][test][9],[q75XUfcITqG3o93Z8EOFnw][test][8],[t8Mqv-hjRzqYCBodDxtrKQ][test][7],[t8Mqv-hjRzqYCBodDxtrKQ][test][6] (cluster state version: 6868)
[2014-02-18 16:00:10,643][TRACE][action.search.type       ] [node_2] Moving to second phase, based on results from: [t8Mqv-hjRzqYCBodDxtrKQ][test][11],[q75XUfcITqG3o93Z8EOFnw][test][10],[t8Mqv-hjRzqYCBodDxtrKQ][test][0],[q75XUfcITqG3o93Z8EOFnw][test][1],[q75XUfcITqG3o93Z8EOFnw][test][5],[t8Mqv-hjRzqYCBodDxtrKQ][test][4],[q75XUfcITqG3o93Z8EOFnw][test][3],[t8Mqv-hjRzqYCBodDxtrKQ][test][2],[q75XUfcITqG3o93Z8EOFnw][test][9],[t8Mqv-hjRzqYCBodDxtrKQ][test][8],[q75XUfcITqG3o93Z8EOFnw][test][7],[q75XUfcITqG3o93Z8EOFnw][test][6] (cluster state version: 6868)
[2014-02-18 16:00:10,647][TRACE][action.search.type       ] [node_1] Moving to second phase, based on results from: [q75XUfcITqG3o93Z8EOFnw][test][11],[t8Mqv-hjRzqYCBodDxtrKQ][test][10],[q75XUfcITqG3o93Z8EOFnw][test][0],[t8Mqv-hjRzqYCBodDxtrKQ][test][1],[t8Mqv-hjRzqYCBodDxtrKQ][test][5],[t8Mqv-hjRzqYCBodDxtrKQ][test][4],[t8Mqv-hjRzqYCBodDxtrKQ][test][3],[q75XUfcITqG3o93Z8EOFnw][test][2],[t8Mqv-hjRzqYCBodDxtrKQ][test][9],[t8Mqv-hjRzqYCBodDxtrKQ][test][8],[q75XUfcITqG3o93Z8EOFnw][test][7],[q75XUfcITqG3o93Z8EOFnw][test][6] (cluster state version: 6868)
[2014-02-18 16:00:10,653][TRACE][action.search.type       ] [node_0] Moving to second phase, based on results from: [q75XUfcITqG3o93Z8EOFnw][test][11],[q75XUfcITqG3o93Z8EOFnw][test][10],[q75XUfcITqG3o93Z8EOFnw][test][0],[t8Mqv-hjRzqYCBodDxtrKQ][test][1],[t8Mqv-hjRzqYCBodDxtrKQ][test][5],[q75XUfcITqG3o93Z8EOFnw][test][4],[q75XUfcITqG3o93Z8EOFnw][test][3],[t8Mqv-hjRzqYCBodDxtrKQ][test][2],[t8Mqv-hjRzqYCBodDxtrKQ][test][9],[t8Mqv-hjRzqYCBodDxtrKQ][test][8],[q75XUfcITqG3o93Z8EOFnw][test][7],[q75XUfcITqG3o93Z8EOFnw][test][6] (cluster state version: 6868)
[2014-02-18 16:00:10,657][TRACE][action.search.type       ] [node_2] Moving to second phase, based on results from: [q75XUfcITqG3o93Z8EOFnw][test][11],[t8Mqv-hjRzqYCBodDxtrKQ][test][10],[q75XUfcITqG3o93Z8EOFnw][test][0],[t8Mqv-hjRzqYCBodDxtrKQ][test][1],[t8Mqv-hjRzqYCBodDxtrKQ][test][5],[q75XUfcITqG3o93Z8EOFnw][test][4],[t8Mqv-hjRzqYCBodDxtrKQ][test][3],[q75XUfcITqG3o93Z8EOFnw][test][2],[t8Mqv-hjRzqYCBodDxtrKQ][test][9],[q75XUfcITqG3o93Z8EOFnw][test][8],[t8Mqv-hjRzqYCBodDxtrKQ][test][7],[t8Mqv-hjRzqYCBodDxtrKQ][test][6] (cluster state version: 6868)
[2014-02-18 16:00:10,665][TRACE][action.search.type       ] [node_2] Moving to second phase, based on results from: [q75XUfcITqG3o93Z8EOFnw][test][11],[q75XUfcITqG3o93Z8EOFnw][test][10],[q75XUfcITqG3o93Z8EOFnw][test][0],[q75XUfcITqG3o93Z8EOFnw][test][1],[q75XUfcITqG3o93Z8EOFnw][test][5],[t8Mqv-hjRzqYCBodDxtrKQ][test][4],[q75XUfcITqG3o93Z8EOFnw][test][3],[q75XUfcITqG3o93Z8EOFnw][test][2],[q75XUfcITqG3o93Z8EOFnw][test][9],[q75XUfcITqG3o93Z8EOFnw][test][8],[q75XUfcITqG3o93Z8EOFnw][test][7],[t8Mqv-hjRzqYCBodDxtrKQ][test][6] (cluster state version: 6869)
[2014-02-18 16:00:10,672][TRACE][action.search.type       ] [node_2] Moving to second phase, based on results from: [t8Mqv-hjRzqYCBodDxtrKQ][test][11],[t8Mqv-hjRzqYCBodDxtrKQ][test][10],[t8Mqv-hjRzqYCBodDxtrKQ][test][0],[t8Mqv-hjRzqYCBodDxtrKQ][test][1],[t8Mqv-hjRzqYCBodDxtrKQ][test][5],[q75XUfcITqG3o93Z8EOFnw][test][4],[t8Mqv-hjRzqYCBodDxtrKQ][test][3],[t8Mqv-hjRzqYCBodDxtrKQ][test][2],[t8Mqv-hjRzqYCBodDxtrKQ][test][9],[t8Mqv-hjRzqYCBodDxtrKQ][test][8],[t8Mqv-hjRzqYCBodDxtrKQ][test][7],[q75XUfcITqG3o93Z8EOFnw][test][6] (cluster state version: 6869)
[2014-02-18 16:00:10,676][TRACE][action.search.type       ] [node_2] Moving to second phase, based on results from: [q75XUfcITqG3o93Z8EOFnw][test][11],[q75XUfcITqG3o93Z8EOFnw][test][10],[q75XUfcITqG3o93Z8EOFnw][test][0],[q75XUfcITqG3o93Z8EOFnw][test][1],[q75XUfcITqG3o93Z8EOFnw][test][5],[t8Mqv-hjRzqYCBodDxtrKQ][test][4],[q75XUfcITqG3o93Z8EOFnw][test][3],[q75XUfcITqG3o93Z8EOFnw][test][2],[q75XUfcITqG3o93Z8EOFnw][test][9],[q75XUfcITqG3o93Z8EOFnw][test][8],[q75XUfcITqG3o93Z8EOFnw][test][7],[t8Mqv-hjRzqYCBodDxtrKQ][test][6] (cluster state version: 6869)
[2014-02-18 16:00:10,682][TRACE][action.search.type       ] [node_0] Moving to second phase, based on results from: [q75XUfcITqG3o93Z8EOFnw][test][11],[q75XUfcITqG3o93Z8EOFnw][test][10],[t8Mqv-hjRzqYCBodDxtrKQ][test][0],[q75XUfcITqG3o93Z8EOFnw][test][1],[t8Mqv-hjRzqYCBodDxtrKQ][test][5],[q75XUfcITqG3o93Z8EOFnw][test][4],[t8Mqv-hjRzqYCBodDxtrKQ][test][3],[q75XUfcITqG3o93Z8EOFnw][test][2],[t8Mqv-hjRzqYCBodDxtrKQ][test][9],[t8Mqv-hjRzqYCBodDxtrKQ][test][8],[q75XUfcITqG3o93Z8EOFnw][test][7],[t8Mqv-hjRzqYCBodDxtrKQ][test][6] (cluster state version: 6869)
[2014-02-18 16:00:10,687][TRACE][action.search.type       ] [node_0] Moving to second phase, based on results from: [t8Mqv-hjRzqYCBodDxtrKQ][test][11],[t8Mqv-hjRzqYCBodDxtrKQ][test][10],[q75XUfcITqG3o93Z8EOFnw][test][0],[t8Mqv-hjRzqYCBodDxtrKQ][test][1],[q75XUfcITqG3o93Z8EOFnw][test][5],[t8Mqv-hjRzqYCBodDxtrKQ][test][4],[q75XUfcITqG3o93Z8EOFnw][test][3],[t8Mqv-hjRzqYCBodDxtrKQ][test][2],[q75XUfcITqG3o93Z8EOFnw][test][9],[q75XUfcITqG3o93Z8EOFnw][test][8],[t8Mqv-hjRzqYCBodDxtrKQ][test][7],[q75XUfcITqG3o93Z8EOFnw][test][6] (cluster state version: 6869)
[2014-02-18 16:00:10,691][TRACE][action.search.type       ] [node_2] Moving to second phase, based on results from: [t8Mqv-hjRzqYCBodDxtrKQ][test][11],[t8Mqv-hjRzqYCBodDxtrKQ][test][10],[t8Mqv-hjRzqYCBodDxtrKQ][test][0],[t8Mqv-hjRzqYCBodDxtrKQ][test][1],[t8Mqv-hjRzqYCBodDxtrKQ][test][5],[q75XUfcITqG3o93Z8EOFnw][test][4],[t8Mqv-hjRzqYCBodDxtrKQ][test][3],[t8Mqv-hjRzqYCBodDxtrKQ][test][2],[t8Mqv-hjRzqYCBodDxtrKQ][test][9],[t8Mqv-hjRzqYCBodDxtrKQ][test][8],[t8Mqv-hjRzqYCBodDxtrKQ][test][7],[q75XUfcITqG3o93Z8EOFnw][test][6] (cluster state version: 6869)
[2014-02-18 16:00:10,694][TRACE][action.search.type       ] [node_1] Moving to second phase, based on results from: [t8Mqv-hjRzqYCBodDxtrKQ][test][11],[q75XUfcITqG3o93Z8EOFnw][test][10],[t8Mqv-hjRzqYCBodDxtrKQ][test][0],[t8Mqv-hjRzqYCBodDxtrKQ][test][1],[t8Mqv-hjRzqYCBodDxtrKQ][test][5],[t8Mqv-hjRzqYCBodDxtrKQ][test][4],[q75XUfcITqG3o93Z8EOFnw][test][3],[t8Mqv-hjRzqYCBodDxtrKQ][test][2],[t8Mqv-hjRzqYCBodDxtrKQ][test][9],[q75XUfcITqG3o93Z8EOFnw][test][8],[q75XUfcITqG3o93Z8EOFnw][test][7],[t8Mqv-hjRzqYCBodDxtrKQ][test][6] (cluster state version: 6869)
[2014-02-18 16:00:10,697][TRACE][action.search.type       ] [node_2] Moving to second phase, based on results from: [q75XUfcITqG3o93Z8EOFnw][test][11],[q75XUfcITqG3o93Z8EOFnw][test][10],[q75XUfcITqG3o93Z8EOFnw][test][0],[q75XUfcITqG3o93Z8EOFnw][test][1],[q75XUfcITqG3o93Z8EOFnw][test][5],[t8Mqv-hjRzqYCBodDxtrKQ][test][4],[q75XUfcITqG3o93Z8EOFnw][test][3],[q75XUfcITqG3o93Z8EOFnw][test][2],[q75XUfcITqG3o93Z8EOFnw][test][9],[q75XUfcITqG3o93Z8EOFnw][test][8],[q75XUfcITqG3o93Z8EOFnw][test][7],[t8Mqv-hjRzqYCBodDxtrKQ][test][6] (cluster state version: 6869)
[2014-02-18 16:00:10,699][TRACE][action.search.type       ] [node_2] Moving to second phase, based on results from: [t8Mqv-hjRzqYCBodDxtrKQ][test][11],[t8Mqv-hjRzqYCBodDxtrKQ][test][10],[t8Mqv-hjRzqYCBodDxtrKQ][test][0],[t8Mqv-hjRzqYCBodDxtrKQ][test][1],[t8Mqv-hjRzqYCBodDxtrKQ][test][5],[q75XUfcITqG3o93Z8EOFnw][test][4],[t8Mqv-hjRzqYCBodDxtrKQ][test][3],[t8Mqv-hjRzqYCBodDxtrKQ][test][2],[t8Mqv-hjRzqYCBodDxtrKQ][test][9],[t8Mqv-hjRzqYCBodDxtrKQ][test][8],[t8Mqv-hjRzqYCBodDxtrKQ][test][7],[q75XUfcITqG3o93Z8EOFnw][test][6] (cluster state version: 6869)
[2014-02-18 16:00:10,706][TRACE][action.search.type       ] [node_1] Moving to second phase, based on results from: [q75XUfcITqG3o93Z8EOFnw][test][11],[t8Mqv-hjRzqYCBodDxtrKQ][test][10],[q75XUfcITqG3o93Z8EOFnw][test][0],[q75XUfcITqG3o93Z8EOFnw][test][1],[q75XUfcITqG3o93Z8EOFnw][test][5],[q75XUfcITqG3o93Z8EOFnw][test][4],[t8Mqv-hjRzqYCBodDxtrKQ][test][3],[q75XUfcITqG3o93Z8EOFnw][test][2],[q75XUfcITqG3o93Z8EOFnw][test][9],[t8Mqv-hjRzqYCBodDxtrKQ][test][8],[t8Mqv-hjRzqYCBodDxtrKQ][test][7],[q75XUfcITqG3o93Z8EOFnw][test][6] (cluster state version: 6869)
[2014-02-18 16:00:10,710][TRACE][action.search.type       ] [node_1] Moving to second phase, based on results from: [t8Mqv-hjRzqYCBodDxtrKQ][test][11],[q75XUfcITqG3o93Z8EOFnw][test][10],[t8Mqv-hjRzqYCBodDxtrKQ][test][0],[t8Mqv-hjRzqYCBodDxtrKQ][test][1],[t8Mqv-hjRzqYCBodDxtrKQ][test][5],[t8Mqv-hjRzqYCBodDxtrKQ][test][4],[q75XUfcITqG3o93Z8EOFnw][test][3],[t8Mqv-hjRzqYCBodDxtrKQ][test][2],[t8Mqv-hjRzqYCBodDxtrKQ][test][9],[q75XUfcITqG3o93Z8EOFnw][test][8],[q75XUfcITqG3o93Z8EOFnw][test][7],[t8Mqv-hjRzqYCBodDxtrKQ][test][6] (cluster state version: 6869)
[2014-02-18 16:00:10,713][TRACE][action.search.type       ] [node_2] Moving to second phase, based on results from: [q75XUfcITqG3o93Z8EOFnw][test][11],[q75XUfcITqG3o93Z8EOFnw][test][10],[q75XUfcITqG3o93Z8EOFnw][test][0],[q75XUfcITqG3o93Z8EOFnw][test][1],[q75XUfcITqG3o93Z8EOFnw][test][5],[t8Mqv-hjRzqYCBodDxtrKQ][test][4],[q75XUfcITqG3o93Z8EOFnw][test][3],[q75XUfcITqG3o93Z8EOFnw][test][2],[q75XUfcITqG3o93Z8EOFnw][test][9],[q75XUfcITqG3o93Z8EOFnw][test][8],[q75XUfcITqG3o93Z8EOFnw][test][7],[t8Mqv-hjRzqYCBodDxtrKQ][test][6] (cluster state version: 6869)
[2014-02-18 16:00:10,716][TRACE][action.search.type       ] [node_1] Moving to second phase, based on results from: [q75XUfcITqG3o93Z8EOFnw][test][11],[t8Mqv-hjRzqYCBodDxtrKQ][test][10],[q75XUfcITqG3o93Z8EOFnw][test][0],[q75XUfcITqG3o93Z8EOFnw][test][1],[q75XUfcITqG3o93Z8EOFnw][test][5],[q75XUfcITqG3o93Z8EOFnw][test][4],[t8Mqv-hjRzqYCBodDxtrKQ][test][3],[q75XUfcITqG3o93Z8EOFnw][test][2],[q75XUfcITqG3o93Z8EOFnw][test][9],[t8Mqv-hjRzqYCBodDxtrKQ][test][8],[t8Mqv-hjRzqYCBodDxtrKQ][test][7],[q75XUfcITqG3o93Z8EOFnw][test][6] (cluster state version: 6869)
[2014-02-18 16:00:10,731][TRACE][action.search.type       ] [node_2] Moving to second phase, based on results from: [t8Mqv-hjRzqYCBodDxtrKQ][test][11],[t8Mqv-hjRzqYCBodDxtrKQ][test][10],[t8Mqv-hjRzqYCBodDxtrKQ][test][0],[t8Mqv-hjRzqYCBodDxtrKQ][test][1],[t8Mqv-hjRzqYCBodDxtrKQ][test][5],[q75XUfcITqG3o93Z8EOFnw][test][4],[t8Mqv-hjRzqYCBodDxtrKQ][test][3],[t8Mqv-hjRzqYCBodDxtrKQ][test][2],[t8Mqv-hjRzqYCBodDxtrKQ][test][9],[t8Mqv-hjRzqYCBodDxtrKQ][test][8],[t8Mqv-hjRzqYCBodDxtrKQ][test][7],[q75XUfcITqG3o93Z8EOFnw][test][6] (cluster state version: 6869)
[2014-02-18 16:00:10,735][TRACE][action.search.type       ] [node_0] Moving to second phase, based on results from: [q75XUfcITqG3o93Z8EOFnw][test][11],[q75XUfcITqG3o93Z8EOFnw][test][10],[t8Mqv-hjRzqYCBodDxtrKQ][test][0],[q75XUfcITqG3o93Z8EOFnw][test][1],[t8Mqv-hjRzqYCBodDxtrKQ][test][5],[q75XUfcITqG3o93Z8EOFnw][test][4],[t8Mqv-hjRzqYCBodDxtrKQ][test][3],[q75XUfcITqG3o93Z8EOFnw][test][2],[t8Mqv-hjRzqYCBodDxtrKQ][test][9],[t8Mqv-hjRzqYCBodDxtrKQ][test][8],[q75XUfcITqG3o93Z8EOFnw][test][7],[t8Mqv-hjRzqYCBodDxtrKQ][test][6] (cluster state version: 6869)
[2014-02-18 16:00:10,740][TRACE][action.search.type       ] [node_0] [test][1], node[t8Mqv-hjRzqYCBodDxtrKQ], relocating [tbUF3y2YTPm1TPdTF8YBYw], [R], s[RELOCATING]: Failed to execute [org.elasticsearch.action.search.SearchRequest@22af322c] lastShard [false]
org.elasticsearch.transport.RemoteTransportException: [node_1][inet[/10.1.10.75:9301]][search/phase/query]
Caused by: org.elasticsearch.index.IndexShardMissingException: [test][1] missing
	at org.elasticsearch.index.service.InternalIndexService.shardSafe(InternalIndexService.java:184)
	at org.elasticsearch.search.SearchService.createContext(SearchService.java:479)
	at org.elasticsearch.search.SearchService.createContext(SearchService.java:474)
	at org.elasticsearch.search.SearchService.createAndPutContext(SearchService.java:467)
	at org.elasticsearch.search.SearchService.executeQueryPhase(SearchService.java:239)
	at org.elasticsearch.search.action.SearchServiceTransportAction$SearchQueryTransportHandler.messageReceived(SearchServiceTransportAction.java:623)
	at org.elasticsearch.search.action.SearchServiceTransportAction$SearchQueryTransportHandler.messageReceived(SearchServiceTransportAction.java:612)
	at org.elasticsearch.transport.netty.MessageChannelHandler$RequestHandler.run(MessageChannelHandler.java:270)
	at java.util.concurrent.ThreadPoolExecutor.runWorker(ThreadPoolExecutor.java:1145)
	at java.util.concurrent.ThreadPoolExecutor$Worker.run(ThreadPoolExecutor.java:615)
	at java.lang.Thread.run(Thread.java:744)
[2014-02-18 16:00:10,741][TRACE][action.search.type       ] [node_0] Moving to second phase, based on results from: [t8Mqv-hjRzqYCBodDxtrKQ][test][11],[t8Mqv-hjRzqYCBodDxtrKQ][test][10],[q75XUfcITqG3o93Z8EOFnw][test][0],[q75XUfcITqG3o93Z8EOFnw][test][1],[q75XUfcITqG3o93Z8EOFnw][test][5],[t8Mqv-hjRzqYCBodDxtrKQ][test][4],[q75XUfcITqG3o93Z8EOFnw][test][3],[t8Mqv-hjRzqYCBodDxtrKQ][test][2],[q75XUfcITqG3o93Z8EOFnw][test][9],[q75XUfcITqG3o93Z8EOFnw][test][8],[t8Mqv-hjRzqYCBodDxtrKQ][test][7],[q75XUfcITqG3o93Z8EOFnw][test][6] (cluster state version: 6869)
[2014-02-18 16:00:10,749][TRACE][action.search.type       ] [node_1] [test][1], node[tbUF3y2YTPm1TPdTF8YBYw], [R], s[STARTED]: Failed to execute [org.elasticsearch.action.search.SearchRequest@4e891439] lastShard [false]
org.elasticsearch.transport.RemoteTransportException: [node_0][inet[/10.1.10.75:9300]][search/phase/dfs]
Caused by: org.elasticsearch.index.shard.IllegalIndexShardStateException: [test][1] CurrentState[POST_RECOVERY] operations only allowed when started/relocated
	at org.elasticsearch.index.shard.service.InternalIndexShard.readAllowed(InternalIndexShard.java:806)
	at org.elasticsearch.index.shard.service.InternalIndexShard.acquireSearcher(InternalIndexShard.java:644)
	at org.elasticsearch.index.shard.service.InternalIndexShard.acquireSearcher(InternalIndexShard.java:639)
	at org.elasticsearch.search.SearchService.createContext(SearchService.java:483)
	at org.elasticsearch.search.SearchService.createContext(SearchService.java:474)
	at org.elasticsearch.search.SearchService.createAndPutContext(SearchService.java:467)
	at org.elasticsearch.search.SearchService.executeDfsPhase(SearchService.java:173)
	at org.elasticsearch.search.action.SearchServiceTransportAction$SearchDfsTransportHandler.messageReceived(SearchServiceTransportAction.java:602)
	at org.elasticsearch.search.action.SearchServiceTransportAction$SearchDfsTransportHandler.messageReceived(SearchServiceTransportAction.java:591)
	at org.elasticsearch.transport.netty.MessageChannelHandler$RequestHandler.run(MessageChannelHandler.java:270)
	at java.util.concurrent.ThreadPoolExecutor.runWorker(ThreadPoolExecutor.java:1145)
	at java.util.concurrent.ThreadPoolExecutor$Worker.run(ThreadPoolExecutor.java:615)
	at java.lang.Thread.run(Thread.java:744)
[2014-02-18 16:00:10,750][TRACE][action.search.type       ] [node_1] Moving to second phase, based on results from: [t8Mqv-hjRzqYCBodDxtrKQ][test][11],[q75XUfcITqG3o93Z8EOFnw][test][10],[q75XUfcITqG3o93Z8EOFnw][test][0],[q75XUfcITqG3o93Z8EOFnw][test][1],[q75XUfcITqG3o93Z8EOFnw][test][5],[q75XUfcITqG3o93Z8EOFnw][test][4],[q75XUfcITqG3o93Z8EOFnw][test][3],[q75XUfcITqG3o93Z8EOFnw][test][2],[t8Mqv-hjRzqYCBodDxtrKQ][test][9],[t8Mqv-hjRzqYCBodDxtrKQ][test][8],[t8Mqv-hjRzqYCBodDxtrKQ][test][7],[q75XUfcITqG3o93Z8EOFnw][test][6] (cluster state version: 6870)
[2014-02-18 16:00:10,755][TRACE][action.search.type       ] [node_2] [test][1], node[tbUF3y2YTPm1TPdTF8YBYw], [R], s[STARTED]: Failed to execute [org.elasticsearch.action.search.SearchRequest@2a826d2d] lastShard [false]
org.elasticsearch.transport.RemoteTransportException: [node_0][inet[/10.1.10.75:9300]][search/phase/query]
Caused by: org.elasticsearch.index.shard.IllegalIndexShardStateException: [test][1] CurrentState[POST_RECOVERY] operations only allowed when started/relocated
	at org.elasticsearch.index.shard.service.InternalIndexShard.readAllowed(InternalIndexShard.java:806)
	at org.elasticsearch.index.shard.service.InternalIndexShard.acquireSearcher(InternalIndexShard.java:644)
	at org.elasticsearch.index.shard.service.InternalIndexShard.acquireSearcher(InternalIndexShard.java:639)
	at org.elasticsearch.search.SearchService.createContext(SearchService.java:483)
	at org.elasticsearch.search.SearchService.createContext(SearchService.java:474)
	at org.elasticsearch.search.SearchService.createAndPutContext(SearchService.java:467)
	at org.elasticsearch.search.SearchService.executeQueryPhase(SearchService.java:239)
	at org.elasticsearch.search.action.SearchServiceTransportAction$SearchQueryTransportHandler.messageReceived(SearchServiceTransportAction.java:623)
	at org.elasticsearch.search.action.SearchServiceTransportAction$SearchQueryTransportHandler.messageReceived(SearchServiceTransportAction.java:612)
	at org.elasticsearch.transport.netty.MessageChannelHandler$RequestHandler.run(MessageChannelHandler.java:270)
	at java.util.concurrent.ThreadPoolExecutor.runWorker(ThreadPoolExecutor.java:1145)
	at java.util.concurrent.ThreadPoolExecutor$Worker.run(ThreadPoolExecutor.java:615)
	at java.lang.Thread.run(Thread.java:744)
[2014-02-18 16:00:10,756][TRACE][action.search.type       ] [node_2] Moving to second phase, based on results from: [q75XUfcITqG3o93Z8EOFnw][test][11],[q75XUfcITqG3o93Z8EOFnw][test][10],[t8Mqv-hjRzqYCBodDxtrKQ][test][0],[q75XUfcITqG3o93Z8EOFnw][test][1],[t8Mqv-hjRzqYCBodDxtrKQ][test][5],[t8Mqv-hjRzqYCBodDxtrKQ][test][4],[t8Mqv-hjRzqYCBodDxtrKQ][test][3],[q75XUfcITqG3o93Z8EOFnw][test][2],[q75XUfcITqG3o93Z8EOFnw][test][9],[t8Mqv-hjRzqYCBodDxtrKQ][test][8],[q75XUfcITqG3o93Z8EOFnw][test][7],[q75XUfcITqG3o93Z8EOFnw][test][6] (cluster state version: 6870)
[2014-02-18 16:00:10,759][TRACE][action.search.type       ] [node_0] Moving to second phase, based on results from: [q75XUfcITqG3o93Z8EOFnw][test][11],[q75XUfcITqG3o93Z8EOFnw][test][10],[t8Mqv-hjRzqYCBodDxtrKQ][test][0],[tbUF3y2YTPm1TPdTF8YBYw][test][1],[q75XUfcITqG3o93Z8EOFnw][test][5],[q75XUfcITqG3o93Z8EOFnw][test][4],[t8Mqv-hjRzqYCBodDxtrKQ][test][3],[q75XUfcITqG3o93Z8EOFnw][test][2],[q75XUfcITqG3o93Z8EOFnw][test][9],[t8Mqv-hjRzqYCBodDxtrKQ][test][8],[q75XUfcITqG3o93Z8EOFnw][test][7],[q75XUfcITqG3o93Z8EOFnw][test][6] (cluster state version: 6870)
[2014-02-18 16:00:10,762][TRACE][action.search.type       ] [node_2] Moving to second phase, based on results from: [t8Mqv-hjRzqYCBodDxtrKQ][test][11],[t8Mqv-hjRzqYCBodDxtrKQ][test][10],[q75XUfcITqG3o93Z8EOFnw][test][0],[q75XUfcITqG3o93Z8EOFnw][test][1],[q75XUfcITqG3o93Z8EOFnw][test][5],[q75XUfcITqG3o93Z8EOFnw][test][4],[q75XUfcITqG3o93Z8EOFnw][test][3],[t8Mqv-hjRzqYCBodDxtrKQ][test][2],[t8Mqv-hjRzqYCBodDxtrKQ][test][9],[q75XUfcITqG3o93Z8EOFnw][test][8],[t8Mqv-hjRzqYCBodDxtrKQ][test][7],[t8Mqv-hjRzqYCBodDxtrKQ][test][6] (cluster state version: 6870)
[2014-02-18 16:00:10,766][TRACE][action.search.type       ] [node_0] Moving to second phase, based on results from: [t8Mqv-hjRzqYCBodDxtrKQ][test][11],[t8Mqv-hjRzqYCBodDxtrKQ][test][10],[q75XUfcITqG3o93Z8EOFnw][test][0],[q75XUfcITqG3o93Z8EOFnw][test][1],[t8Mqv-hjRzqYCBodDxtrKQ][test][5],[t8Mqv-hjRzqYCBodDxtrKQ][test][4],[q75XUfcITqG3o93Z8EOFnw][test][3],[t8Mqv-hjRzqYCBodDxtrKQ][test][2],[t8Mqv-hjRzqYCBodDxtrKQ][test][9],[q75XUfcITqG3o93Z8EOFnw][test][8],[t8Mqv-hjRzqYCBodDxtrKQ][test][7],[t8Mqv-hjRzqYCBodDxtrKQ][test][6] (cluster state version: 6870)
[2014-02-18 16:00:10,772][TRACE][action.search.type       ] [node_0] Moving to second phase, based on results from: [q75XUfcITqG3o93Z8EOFnw][test][11],[q75XUfcITqG3o93Z8EOFnw][test][10],[t8Mqv-hjRzqYCBodDxtrKQ][test][0],[tbUF3y2YTPm1TPdTF8YBYw][test][1],[q75XUfcITqG3o93Z8EOFnw][test][5],[q75XUfcITqG3o93Z8EOFnw][test][4],[t8Mqv-hjRzqYCBodDxtrKQ][test][3],[q75XUfcITqG3o93Z8EOFnw][test][2],[q75XUfcITqG3o93Z8EOFnw][test][9],[t8Mqv-hjRzqYCBodDxtrKQ][test][8],[q75XUfcITqG3o93Z8EOFnw][test][7],[q75XUfcITqG3o93Z8EOFnw][test][6] (cluster state version: 6870)
[2014-02-18 16:00:10,778][TRACE][action.search.type       ] [node_0] [test][0], node[q75XUfcITqG3o93Z8EOFnw], relocating [tbUF3y2YTPm1TPdTF8YBYw], [R], s[RELOCATING]: Failed to execute [org.elasticsearch.action.search.SearchRequest@34e8fcb0] lastShard [false]
org.elasticsearch.transport.RemoteTransportException: [node_2][inet[/10.1.10.75:9302]][search/phase/dfs]
Caused by: org.elasticsearch.index.IndexShardMissingException: [test][0] missing
	at org.elasticsearch.index.service.InternalIndexService.shardSafe(InternalIndexService.java:184)
	at org.elasticsearch.search.SearchService.createContext(SearchService.java:479)
	at org.elasticsearch.search.SearchService.createContext(SearchService.java:474)
	at org.elasticsearch.search.SearchService.createAndPutContext(SearchService.java:467)
	at org.elasticsearch.search.SearchService.executeDfsPhase(SearchService.java:173)
	at org.elasticsearch.search.action.SearchServiceTransportAction$SearchDfsTransportHandler.messageReceived(SearchServiceTransportAction.java:602)
	at org.elasticsearch.search.action.SearchServiceTransportAction$SearchDfsTransportHandler.messageReceived(SearchServiceTransportAction.java:591)
	at org.elasticsearch.transport.netty.MessageChannelHandler$RequestHandler.run(MessageChannelHandler.java:270)
	at java.util.concurrent.ThreadPoolExecutor.runWorker(ThreadPoolExecutor.java:1145)
	at java.util.concurrent.ThreadPoolExecutor$Worker.run(ThreadPoolExecutor.java:615)
	at java.lang.Thread.run(Thread.java:744)
[2014-02-18 16:00:10,779][TRACE][action.search.type       ] [node_0] Moving to second phase, based on results from: [t8Mqv-hjRzqYCBodDxtrKQ][test][11],[t8Mqv-hjRzqYCBodDxtrKQ][test][10],[t8Mqv-hjRzqYCBodDxtrKQ][test][0],[q75XUfcITqG3o93Z8EOFnw][test][1],[t8Mqv-hjRzqYCBodDxtrKQ][test][5],[t8Mqv-hjRzqYCBodDxtrKQ][test][4],[q75XUfcITqG3o93Z8EOFnw][test][3],[t8Mqv-hjRzqYCBodDxtrKQ][test][2],[t8Mqv-hjRzqYCBodDxtrKQ][test][9],[q75XUfcITqG3o93Z8EOFnw][test][8],[t8Mqv-hjRzqYCBodDxtrKQ][test][7],[t8Mqv-hjRzqYCBodDxtrKQ][test][6] (cluster state version: 6870)
[2014-02-18 16:00:10,785][TRACE][action.search.type       ] [node_2] [test][0], node[tbUF3y2YTPm1TPdTF8YBYw], [R], s[STARTED]: Failed to execute [org.elasticsearch.action.search.SearchRequest@6d33ec74] lastShard [false]
org.elasticsearch.transport.RemoteTransportException: [node_0][inet[/10.1.10.75:9300]][search/phase/dfs]
Caused by: org.elasticsearch.index.shard.IllegalIndexShardStateException: [test][0] CurrentState[POST_RECOVERY] operations only allowed when started/relocated
	at org.elasticsearch.index.shard.service.InternalIndexShard.readAllowed(InternalIndexShard.java:806)
	at org.elasticsearch.index.shard.service.InternalIndexShard.acquireSearcher(InternalIndexShard.java:644)
	at org.elasticsearch.index.shard.service.InternalIndexShard.acquireSearcher(InternalIndexShard.java:639)
	at org.elasticsearch.search.SearchService.createContext(SearchService.java:483)
	at org.elasticsearch.search.SearchService.createContext(SearchService.java:474)
	at org.elasticsearch.search.SearchService.createAndPutContext(SearchService.java:467)
	at org.elasticsearch.search.SearchService.executeDfsPhase(SearchService.java:173)
	at org.elasticsearch.search.action.SearchServiceTransportAction$SearchDfsTransportHandler.messageReceived(SearchServiceTransportAction.java:602)
	at org.elasticsearch.search.action.SearchServiceTransportAction$SearchDfsTransportHandler.messageReceived(SearchServiceTransportAction.java:591)
	at org.elasticsearch.transport.netty.MessageChannelHandler$RequestHandler.run(MessageChannelHandler.java:270)
	at java.util.concurrent.ThreadPoolExecutor.runWorker(ThreadPoolExecutor.java:1145)
	at java.util.concurrent.ThreadPoolExecutor$Worker.run(ThreadPoolExecutor.java:615)
	at java.lang.Thread.run(Thread.java:744)
[2014-02-18 16:00:10,786][TRACE][action.search.type       ] [node_2] Moving to second phase, based on results from: [q75XUfcITqG3o93Z8EOFnw][test][11],[t8Mqv-hjRzqYCBodDxtrKQ][test][10],[t8Mqv-hjRzqYCBodDxtrKQ][test][0],[q75XUfcITqG3o93Z8EOFnw][test][1],[q75XUfcITqG3o93Z8EOFnw][test][5],[q75XUfcITqG3o93Z8EOFnw][test][4],[t8Mqv-hjRzqYCBodDxtrKQ][test][3],[q75XUfcITqG3o93Z8EOFnw][test][2],[q75XUfcITqG3o93Z8EOFnw][test][9],[t8Mqv-hjRzqYCBodDxtrKQ][test][8],[q75XUfcITqG3o93Z8EOFnw][test][7],[q75XUfcITqG3o93Z8EOFnw][test][6] (cluster state version: 6871)
[2014-02-18 16:00:10,790][TRACE][action.search.type       ] [node_1] Moving to second phase, based on results from: [t8Mqv-hjRzqYCBodDxtrKQ][test][11],[t8Mqv-hjRzqYCBodDxtrKQ][test][10],[t8Mqv-hjRzqYCBodDxtrKQ][test][0],[tbUF3y2YTPm1TPdTF8YBYw][test][1],[t8Mqv-hjRzqYCBodDxtrKQ][test][5],[t8Mqv-hjRzqYCBodDxtrKQ][test][4],[q75XUfcITqG3o93Z8EOFnw][test][3],[t8Mqv-hjRzqYCBodDxtrKQ][test][2],[t8Mqv-hjRzqYCBodDxtrKQ][test][9],[t8Mqv-hjRzqYCBodDxtrKQ][test][8],[t8Mqv-hjRzqYCBodDxtrKQ][test][7],[t8Mqv-hjRzqYCBodDxtrKQ][test][6] (cluster state version: 6871)
[2014-02-18 16:00:10,793][TRACE][action.search.type       ] [node_0] Moving to second phase, based on results from: [q75XUfcITqG3o93Z8EOFnw][test][11],[t8Mqv-hjRzqYCBodDxtrKQ][test][10],[t8Mqv-hjRzqYCBodDxtrKQ][test][0],[tbUF3y2YTPm1TPdTF8YBYw][test][1],[q75XUfcITqG3o93Z8EOFnw][test][5],[t8Mqv-hjRzqYCBodDxtrKQ][test][4],[t8Mqv-hjRzqYCBodDxtrKQ][test][3],[q75XUfcITqG3o93Z8EOFnw][test][2],[t8Mqv-hjRzqYCBodDxtrKQ][test][9],[q75XUfcITqG3o93Z8EOFnw][test][8],[q75XUfcITqG3o93Z8EOFnw][test][7],[q75XUfcITqG3o93Z8EOFnw][test][6] (cluster state version: 6871)
[2014-02-18 16:00:10,799][TRACE][action.search.type       ] [node_1] [test][0], node[tbUF3y2YTPm1TPdTF8YBYw], [R], s[STARTED]: Failed to execute [org.elasticsearch.action.search.SearchRequest@7185a640] lastShard [false]
org.elasticsearch.transport.RemoteTransportException: [node_0][inet[/10.1.10.75:9300]][search/phase/query]
Caused by: org.elasticsearch.index.shard.IllegalIndexShardStateException: [test][0] CurrentState[POST_RECOVERY] operations only allowed when started/relocated
	at org.elasticsearch.index.shard.service.InternalIndexShard.readAllowed(InternalIndexShard.java:806)
	at org.elasticsearch.index.shard.service.InternalIndexShard.acquireSearcher(InternalIndexShard.java:644)
	at org.elasticsearch.index.shard.service.InternalIndexShard.acquireSearcher(InternalIndexShard.java:639)
	at org.elasticsearch.search.SearchService.createContext(SearchService.java:483)
	at org.elasticsearch.search.SearchService.createContext(SearchService.java:474)
	at org.elasticsearch.search.SearchService.createAndPutContext(SearchService.java:467)
	at org.elasticsearch.search.SearchService.executeQueryPhase(SearchService.java:239)
	at org.elasticsearch.search.action.SearchServiceTransportAction$SearchQueryTransportHandler.messageReceived(SearchServiceTransportAction.java:623)
	at org.elasticsearch.search.action.SearchServiceTransportAction$SearchQueryTransportHandler.messageReceived(SearchServiceTransportAction.java:612)
	at org.elasticsearch.transport.netty.MessageChannelHandler$RequestHandler.run(MessageChannelHandler.java:270)
	at java.util.concurrent.ThreadPoolExecutor.runWorker(ThreadPoolExecutor.java:1145)
	at java.util.concurrent.ThreadPoolExecutor$Worker.run(ThreadPoolExecutor.java:615)
	at java.lang.Thread.run(Thread.java:744)
[2014-02-18 16:00:10,800][TRACE][action.search.type       ] [node_1] Moving to second phase, based on results from: [q75XUfcITqG3o93Z8EOFnw][test][11],[q75XUfcITqG3o93Z8EOFnw][test][10],[t8Mqv-hjRzqYCBodDxtrKQ][test][0],[q75XUfcITqG3o93Z8EOFnw][test][1],[q75XUfcITqG3o93Z8EOFnw][test][5],[q75XUfcITqG3o93Z8EOFnw][test][4],[t8Mqv-hjRzqYCBodDxtrKQ][test][3],[q75XUfcITqG3o93Z8EOFnw][test][2],[q75XUfcITqG3o93Z8EOFnw][test][9],[q75XUfcITqG3o93Z8EOFnw][test][8],[q75XUfcITqG3o93Z8EOFnw][test][7],[q75XUfcITqG3o93Z8EOFnw][test][6] (cluster state version: 6871)
[2014-02-18 16:00:10,803][TRACE][action.search.type       ] [node_2] Moving to second phase, based on results from: [t8Mqv-hjRzqYCBodDxtrKQ][test][11],[q75XUfcITqG3o93Z8EOFnw][test][10],[t8Mqv-hjRzqYCBodDxtrKQ][test][0],[tbUF3y2YTPm1TPdTF8YBYw][test][1],[t8Mqv-hjRzqYCBodDxtrKQ][test][5],[t8Mqv-hjRzqYCBodDxtrKQ][test][4],[q75XUfcITqG3o93Z8EOFnw][test][3],[t8Mqv-hjRzqYCBodDxtrKQ][test][2],[t8Mqv-hjRzqYCBodDxtrKQ][test][9],[q75XUfcITqG3o93Z8EOFnw][test][8],[t8Mqv-hjRzqYCBodDxtrKQ][test][7],[t8Mqv-hjRzqYCBodDxtrKQ][test][6] (cluster state version: 6871)
[2014-02-18 16:00:10,807][TRACE][action.search.type       ] [node_1] Moving to second phase, based on results from: [t8Mqv-hjRzqYCBodDxtrKQ][test][11],[t8Mqv-hjRzqYCBodDxtrKQ][test][10],[t8Mqv-hjRzqYCBodDxtrKQ][test][0],[tbUF3y2YTPm1TPdTF8YBYw][test][1],[t8Mqv-hjRzqYCBodDxtrKQ][test][5],[t8Mqv-hjRzqYCBodDxtrKQ][test][4],[q75XUfcITqG3o93Z8EOFnw][test][3],[t8Mqv-hjRzqYCBodDxtrKQ][test][2],[t8Mqv-hjRzqYCBodDxtrKQ][test][9],[t8Mqv-hjRzqYCBodDxtrKQ][test][8],[t8Mqv-hjRzqYCBodDxtrKQ][test][7],[t8Mqv-hjRzqYCBodDxtrKQ][test][6] (cluster state version: 6871)
[2014-02-18 16:00:10,813][TRACE][action.search.type       ] [node_0] [test][0], node[tbUF3y2YTPm1TPdTF8YBYw], [R], s[STARTED]: Failed to execute [org.elasticsearch.action.search.SearchRequest@39f69d02] lastShard [false]
org.elasticsearch.index.shard.IllegalIndexShardStateException: [test][0] CurrentState[POST_RECOVERY] operations only allowed when started/relocated
	at org.elasticsearch.index.shard.service.InternalIndexShard.readAllowed(InternalIndexShard.java:806)
	at org.elasticsearch.index.shard.service.InternalIndexShard.acquireSearcher(InternalIndexShard.java:644)
	at org.elasticsearch.index.shard.service.InternalIndexShard.acquireSearcher(InternalIndexShard.java:639)
	at org.elasticsearch.search.SearchService.createContext(SearchService.java:483)
	at org.elasticsearch.search.SearchService.createContext(SearchService.java:474)
	at org.elasticsearch.search.SearchService.createAndPutContext(SearchService.java:467)
	at org.elasticsearch.search.SearchService.executeQueryPhase(SearchService.java:239)
	at org.elasticsearch.search.action.SearchServiceTransportAction.sendExecuteQuery(SearchServiceTransportAction.java:202)
	at org.elasticsearch.action.search.type.TransportSearchQueryThenFetchAction$AsyncAction.sendExecuteFirstPhase(TransportSearchQueryThenFetchAction.java:80)
	at org.elasticsearch.action.search.type.TransportSearchTypeAction$BaseAsyncAction.performFirstPhase(TransportSearchTypeAction.java:216)
	at org.elasticsearch.action.search.type.TransportSearchTypeAction$BaseAsyncAction.performFirstPhase(TransportSearchTypeAction.java:203)
	at org.elasticsearch.action.search.type.TransportSearchTypeAction$BaseAsyncAction$2.run(TransportSearchTypeAction.java:186)
	at java.util.concurrent.ThreadPoolExecutor.runWorker(ThreadPoolExecutor.java:1145)
	at java.util.concurrent.ThreadPoolExecutor$Worker.run(ThreadPoolExecutor.java:615)
	at java.lang.Thread.run(Thread.java:744)
[2014-02-18 16:00:10,816][TRACE][action.search.type       ] [node_0] Moving to second phase, based on results from: [t8Mqv-hjRzqYCBodDxtrKQ][test][11],[q75XUfcITqG3o93Z8EOFnw][test][10],[t8Mqv-hjRzqYCBodDxtrKQ][test][0],[q75XUfcITqG3o93Z8EOFnw][test][1],[t8Mqv-hjRzqYCBodDxtrKQ][test][5],[q75XUfcITqG3o93Z8EOFnw][test][4],[q75XUfcITqG3o93Z8EOFnw][test][3],[t8Mqv-hjRzqYCBodDxtrKQ][test][2],[q75XUfcITqG3o93Z8EOFnw][test][9],[t8Mqv-hjRzqYCBodDxtrKQ][test][8],[t8Mqv-hjRzqYCBodDxtrKQ][test][7],[t8Mqv-hjRzqYCBodDxtrKQ][test][6] (cluster state version: 6871)
[2014-02-18 16:00:10,821][TRACE][action.search.type       ] [node_0] Moving to second phase, based on results from: [q75XUfcITqG3o93Z8EOFnw][test][11],[t8Mqv-hjRzqYCBodDxtrKQ][test][10],[t8Mqv-hjRzqYCBodDxtrKQ][test][0],[tbUF3y2YTPm1TPdTF8YBYw][test][1],[q75XUfcITqG3o93Z8EOFnw][test][5],[t8Mqv-hjRzqYCBodDxtrKQ][test][4],[t8Mqv-hjRzqYCBodDxtrKQ][test][3],[q75XUfcITqG3o93Z8EOFnw][test][2],[t8Mqv-hjRzqYCBodDxtrKQ][test][9],[q75XUfcITqG3o93Z8EOFnw][test][8],[q75XUfcITqG3o93Z8EOFnw][test][7],[q75XUfcITqG3o93Z8EOFnw][test][6] (cluster state version: 6871)
[2014-02-18 16:00:10,824][TRACE][action.search.type       ] [node_1] Moving to second phase, based on results from: [q75XUfcITqG3o93Z8EOFnw][test][11],[q75XUfcITqG3o93Z8EOFnw][test][10],[tbUF3y2YTPm1TPdTF8YBYw][test][0],[q75XUfcITqG3o93Z8EOFnw][test][1],[q75XUfcITqG3o93Z8EOFnw][test][5],[q75XUfcITqG3o93Z8EOFnw][test][4],[t8Mqv-hjRzqYCBodDxtrKQ][test][3],[q75XUfcITqG3o93Z8EOFnw][test][2],[q75XUfcITqG3o93Z8EOFnw][test][9],[q75XUfcITqG3o93Z8EOFnw][test][8],[q75XUfcITqG3o93Z8EOFnw][test][7],[q75XUfcITqG3o93Z8EOFnw][test][6] (cluster state version: 6871)
[2014-02-18 16:00:10,827][TRACE][action.search.type       ] [node_0] Moving to second phase, based on results from: [t8Mqv-hjRzqYCBodDxtrKQ][test][11],[q75XUfcITqG3o93Z8EOFnw][test][10],[tbUF3y2YTPm1TPdTF8YBYw][test][0],[q75XUfcITqG3o93Z8EOFnw][test][1],[t8Mqv-hjRzqYCBodDxtrKQ][test][5],[q75XUfcITqG3o93Z8EOFnw][test][4],[q75XUfcITqG3o93Z8EOFnw][test][3],[t8Mqv-hjRzqYCBodDxtrKQ][test][2],[q75XUfcITqG3o93Z8EOFnw][test][9],[t8Mqv-hjRzqYCBodDxtrKQ][test][8],[t8Mqv-hjRzqYCBodDxtrKQ][test][7],[t8Mqv-hjRzqYCBodDxtrKQ][test][6] (cluster state version: 6871)
[2014-02-18 16:00:10,831][TRACE][action.search.type       ] [node_1] Moving to second phase, based on results from: [t8Mqv-hjRzqYCBodDxtrKQ][test][11],[t8Mqv-hjRzqYCBodDxtrKQ][test][10],[t8Mqv-hjRzqYCBodDxtrKQ][test][0],[tbUF3y2YTPm1TPdTF8YBYw][test][1],[t8Mqv-hjRzqYCBodDxtrKQ][test][5],[t8Mqv-hjRzqYCBodDxtrKQ][test][4],[q75XUfcITqG3o93Z8EOFnw][test][3],[t8Mqv-hjRzqYCBodDxtrKQ][test][2],[t8Mqv-hjRzqYCBodDxtrKQ][test][9],[t8Mqv-hjRzqYCBodDxtrKQ][test][8],[t8Mqv-hjRzqYCBodDxtrKQ][test][7],[t8Mqv-hjRzqYCBodDxtrKQ][test][6] (cluster state version: 6871)
[2014-02-18 16:00:10,834][TRACE][action.search.type       ] [node_1] Moving to second phase, based on results from: [q75XUfcITqG3o93Z8EOFnw][test][11],[q75XUfcITqG3o93Z8EOFnw][test][10],[tbUF3y2YTPm1TPdTF8YBYw][test][0],[q75XUfcITqG3o93Z8EOFnw][test][1],[q75XUfcITqG3o93Z8EOFnw][test][5],[q75XUfcITqG3o93Z8EOFnw][test][4],[t8Mqv-hjRzqYCBodDxtrKQ][test][3],[q75XUfcITqG3o93Z8EOFnw][test][2],[q75XUfcITqG3o93Z8EOFnw][test][9],[q75XUfcITqG3o93Z8EOFnw][test][8],[q75XUfcITqG3o93Z8EOFnw][test][7],[q75XUfcITqG3o93Z8EOFnw][test][6] (cluster state version: 6871)
[2014-02-18 16:00:10,838][TRACE][action.search.type       ] [node_2] Moving to second phase, based on results from: [q75XUfcITqG3o93Z8EOFnw][test][11],[t8Mqv-hjRzqYCBodDxtrKQ][test][10],[tbUF3y2YTPm1TPdTF8YBYw][test][0],[q75XUfcITqG3o93Z8EOFnw][test][1],[q75XUfcITqG3o93Z8EOFnw][test][5],[q75XUfcITqG3o93Z8EOFnw][test][4],[t8Mqv-hjRzqYCBodDxtrKQ][test][3],[q75XUfcITqG3o93Z8EOFnw][test][2],[q75XUfcITqG3o93Z8EOFnw][test][9],[t8Mqv-hjRzqYCBodDxtrKQ][test][8],[q75XUfcITqG3o93Z8EOFnw][test][7],[q75XUfcITqG3o93Z8EOFnw][test][6] (cluster state version: 6871)
[2014-02-18 16:00:10,842][TRACE][action.search.type       ] [node_0] Moving to second phase, based on results from: [q75XUfcITqG3o93Z8EOFnw][test][11],[t8Mqv-hjRzqYCBodDxtrKQ][test][10],[t8Mqv-hjRzqYCBodDxtrKQ][test][0],[tbUF3y2YTPm1TPdTF8YBYw][test][1],[q75XUfcITqG3o93Z8EOFnw][test][5],[t8Mqv-hjRzqYCBodDxtrKQ][test][4],[t8Mqv-hjRzqYCBodDxtrKQ][test][3],[q75XUfcITqG3o93Z8EOFnw][test][2],[t8Mqv-hjRzqYCBodDxtrKQ][test][9],[q75XUfcITqG3o93Z8EOFnw][test][8],[q75XUfcITqG3o93Z8EOFnw][test][7],[q75XUfcITqG3o93Z8EOFnw][test][6] (cluster state version: 6871)
[2014-02-18 16:00:10,846][TRACE][action.search.type       ] [node_2] Moving to second phase, based on results from: [t8Mqv-hjRzqYCBodDxtrKQ][test][11],[q75XUfcITqG3o93Z8EOFnw][test][10],[t8Mqv-hjRzqYCBodDxtrKQ][test][0],[tbUF3y2YTPm1TPdTF8YBYw][test][1],[t8Mqv-hjRzqYCBodDxtrKQ][test][5],[t8Mqv-hjRzqYCBodDxtrKQ][test][4],[q75XUfcITqG3o93Z8EOFnw][test][3],[t8Mqv-hjRzqYCBodDxtrKQ][test][2],[t8Mqv-hjRzqYCBodDxtrKQ][test][9],[q75XUfcITqG3o93Z8EOFnw][test][8],[t8Mqv-hjRzqYCBodDxtrKQ][test][7],[t8Mqv-hjRzqYCBodDxtrKQ][test][6] (cluster state version: 6871)
[2014-02-18 16:00:10,849][TRACE][action.search.type       ] [node_1] Moving to second phase, based on results from: [t8Mqv-hjRzqYCBodDxtrKQ][test][11],[t8Mqv-hjRzqYCBodDxtrKQ][test][10],[t8Mqv-hjRzqYCBodDxtrKQ][test][0],[tbUF3y2YTPm1TPdTF8YBYw][test][1],[t8Mqv-hjRzqYCBodDxtrKQ][test][5],[t8Mqv-hjRzqYCBodDxtrKQ][test][4],[q75XUfcITqG3o93Z8EOFnw][test][3],[t8Mqv-hjRzqYCBodDxtrKQ][test][2],[t8Mqv-hjRzqYCBodDxtrKQ][test][9],[t8Mqv-hjRzqYCBodDxtrKQ][test][8],[t8Mqv-hjRzqYCBodDxtrKQ][test][7],[t8Mqv-hjRzqYCBodDxtrKQ][test][6] (cluster state version: 6871)
[2014-02-18 16:00:10,854][TRACE][action.search.type       ] [node_1] Moving to second phase, based on results from: [q75XUfcITqG3o93Z8EOFnw][test][11],[q75XUfcITqG3o93Z8EOFnw][test][10],[tbUF3y2YTPm1TPdTF8YBYw][test][0],[q75XUfcITqG3o93Z8EOFnw][test][1],[q75XUfcITqG3o93Z8EOFnw][test][5],[q75XUfcITqG3o93Z8EOFnw][test][4],[t8Mqv-hjRzqYCBodDxtrKQ][test][3],[q75XUfcITqG3o93Z8EOFnw][test][2],[q75XUfcITqG3o93Z8EOFnw][test][9],[q75XUfcITqG3o93Z8EOFnw][test][8],[q75XUfcITqG3o93Z8EOFnw][test][7],[q75XUfcITqG3o93Z8EOFnw][test][6] (cluster state version: 6871)
[2014-02-18 16:00:10,859][TRACE][action.search.type       ] [node_0] Moving to second phase, based on results from: [t8Mqv-hjRzqYCBodDxtrKQ][test][11],[q75XUfcITqG3o93Z8EOFnw][test][10],[tbUF3y2YTPm1TPdTF8YBYw][test][0],[q75XUfcITqG3o93Z8EOFnw][test][1],[t8Mqv-hjRzqYCBodDxtrKQ][test][5],[q75XUfcITqG3o93Z8EOFnw][test][4],[q75XUfcITqG3o93Z8EOFnw][test][3],[t8Mqv-hjRzqYCBodDxtrKQ][test][2],[q75XUfcITqG3o93Z8EOFnw][test][9],[t8Mqv-hjRzqYCBodDxtrKQ][test][8],[t8Mqv-hjRzqYCBodDxtrKQ][test][7],[t8Mqv-hjRzqYCBodDxtrKQ][test][6] (cluster state version: 6871)
[2014-02-18 16:00:10,863][TRACE][action.search.type       ] [node_1] Moving to second phase, based on results from: [t8Mqv-hjRzqYCBodDxtrKQ][test][11],[t8Mqv-hjRzqYCBodDxtrKQ][test][10],[t8Mqv-hjRzqYCBodDxtrKQ][test][0],[tbUF3y2YTPm1TPdTF8YBYw][test][1],[t8Mqv-hjRzqYCBodDxtrKQ][test][5],[t8Mqv-hjRzqYCBodDxtrKQ][test][4],[q75XUfcITqG3o93Z8EOFnw][test][3],[t8Mqv-hjRzqYCBodDxtrKQ][test][2],[t8Mqv-hjRzqYCBodDxtrKQ][test][9],[t8Mqv-hjRzqYCBodDxtrKQ][test][8],[t8Mqv-hjRzqYCBodDxtrKQ][test][7],[t8Mqv-hjRzqYCBodDxtrKQ][test][6] (cluster state version: 6871)
[2014-02-18 16:00:10,866][TRACE][action.search.type       ] [node_0] Moving to second phase, based on results from: [q75XUfcITqG3o93Z8EOFnw][test][11],[t8Mqv-hjRzqYCBodDxtrKQ][test][10],[t8Mqv-hjRzqYCBodDxtrKQ][test][0],[tbUF3y2YTPm1TPdTF8YBYw][test][1],[q75XUfcITqG3o93Z8EOFnw][test][5],[t8Mqv-hjRzqYCBodDxtrKQ][test][4],[t8Mqv-hjRzqYCBodDxtrKQ][test][3],[q75XUfcITqG3o93Z8EOFnw][test][2],[t8Mqv-hjRzqYCBodDxtrKQ][test][9],[q75XUfcITqG3o93Z8EOFnw][test][8],[q75XUfcITqG3o93Z8EOFnw][test][7],[q75XUfcITqG3o93Z8EOFnw][test][6] (cluster state version: 6871)
[2014-02-18 16:00:10,871][TRACE][action.search.type       ] [node_1] Moving to second phase, based on results from: [q75XUfcITqG3o93Z8EOFnw][test][11],[q75XUfcITqG3o93Z8EOFnw][test][10],[tbUF3y2YTPm1TPdTF8YBYw][test][0],[q75XUfcITqG3o93Z8EOFnw][test][1],[q75XUfcITqG3o93Z8EOFnw][test][5],[q75XUfcITqG3o93Z8EOFnw][test][4],[t8Mqv-hjRzqYCBodDxtrKQ][test][3],[q75XUfcITqG3o93Z8EOFnw][test][2],[q75XUfcITqG3o93Z8EOFnw][test][9],[q75XUfcITqG3o93Z8EOFnw][test][8],[q75XUfcITqG3o93Z8EOFnw][test][7],[q75XUfcITqG3o93Z8EOFnw][test][6] (cluster state version: 6871)
[2014-02-18 16:00:10,874][TRACE][action.search.type       ] [node_1] Moving to second phase, based on results from: [t8Mqv-hjRzqYCBodDxtrKQ][test][11],[t8Mqv-hjRzqYCBodDxtrKQ][test][10],[t8Mqv-hjRzqYCBodDxtrKQ][test][0],[tbUF3y2YTPm1TPdTF8YBYw][test][1],[t8Mqv-hjRzqYCBodDxtrKQ][test][5],[t8Mqv-hjRzqYCBodDxtrKQ][test][4],[q75XUfcITqG3o93Z8EOFnw][test][3],[t8Mqv-hjRzqYCBodDxtrKQ][test][2],[t8Mqv-hjRzqYCBodDxtrKQ][test][9],[t8Mqv-hjRzqYCBodDxtrKQ][test][8],[t8Mqv-hjRzqYCBodDxtrKQ][test][7],[t8Mqv-hjRzqYCBodDxtrKQ][test][6] (cluster state version: 6871)
[2014-02-18 16:00:10,878][TRACE][action.search.type       ] [node_0] Moving to second phase, based on results from: [t8Mqv-hjRzqYCBodDxtrKQ][test][11],[q75XUfcITqG3o93Z8EOFnw][test][10],[tbUF3y2YTPm1TPdTF8YBYw][test][0],[q75XUfcITqG3o93Z8EOFnw][test][1],[t8Mqv-hjRzqYCBodDxtrKQ][test][5],[q75XUfcITqG3o93Z8EOFnw][test][4],[q75XUfcITqG3o93Z8EOFnw][test][3],[t8Mqv-hjRzqYCBodDxtrKQ][test][2],[q75XUfcITqG3o93Z8EOFnw][test][9],[t8Mqv-hjRzqYCBodDxtrKQ][test][8],[t8Mqv-hjRzqYCBodDxtrKQ][test][7],[t8Mqv-hjRzqYCBodDxtrKQ][test][6] (cluster state version: 6871)
[2014-02-18 16:00:10,883][TRACE][action.search.type       ] [node_1] Moving to second phase, based on results from: [q75XUfcITqG3o93Z8EOFnw][test][11],[q75XUfcITqG3o93Z8EOFnw][test][10],[tbUF3y2YTPm1TPdTF8YBYw][test][0],[q75XUfcITqG3o93Z8EOFnw][test][1],[q75XUfcITqG3o93Z8EOFnw][test][5],[q75XUfcITqG3o93Z8EOFnw][test][4],[t8Mqv-hjRzqYCBodDxtrKQ][test][3],[q75XUfcITqG3o93Z8EOFnw][test][2],[q75XUfcITqG3o93Z8EOFnw][test][9],[q75XUfcITqG3o93Z8EOFnw][test][8],[q75XUfcITqG3o93Z8EOFnw][test][7],[q75XUfcITqG3o93Z8EOFnw][test][6] (cluster state version: 6871)
[2014-02-18 16:00:10,887][TRACE][action.search.type       ] [node_2] Moving to second phase, based on results from: [q75XUfcITqG3o93Z8EOFnw][test][11],[t8Mqv-hjRzqYCBodDxtrKQ][test][10],[tbUF3y2YTPm1TPdTF8YBYw][test][0],[q75XUfcITqG3o93Z8EOFnw][test][1],[q75XUfcITqG3o93Z8EOFnw][test][5],[q75XUfcITqG3o93Z8EOFnw][test][4],[t8Mqv-hjRzqYCBodDxtrKQ][test][3],[q75XUfcITqG3o93Z8EOFnw][test][2],[q75XUfcITqG3o93Z8EOFnw][test][9],[t8Mqv-hjRzqYCBodDxtrKQ][test][8],[q75XUfcITqG3o93Z8EOFnw][test][7],[q75XUfcITqG3o93Z8EOFnw][test][6] (cluster state version: 6871)
[2014-02-18 16:00:10,891][TRACE][action.search.type       ] [node_2] Moving to second phase, based on results from: [t8Mqv-hjRzqYCBodDxtrKQ][test][11],[q75XUfcITqG3o93Z8EOFnw][test][10],[tbUF3y2YTPm1TPdTF8YBYw][test][0],[tbUF3y2YTPm1TPdTF8YBYw][test][1],[q75XUfcITqG3o93Z8EOFnw][test][5],[q75XUfcITqG3o93Z8EOFnw][test][4],[t8Mqv-hjRzqYCBodDxtrKQ][test][3],[t8Mqv-hjRzqYCBodDxtrKQ][test][2],[t8Mqv-hjRzqYCBodDxtrKQ][test][9],[q75XUfcITqG3o93Z8EOFnw][test][8],[t8Mqv-hjRzqYCBodDxtrKQ][test][7],[t8Mqv-hjRzqYCBodDxtrKQ][test][6] (cluster state version: 6872)
[2014-02-18 16:00:10,897][TRACE][action.search.type       ] [node_2] [test][6], node[tbUF3y2YTPm1TPdTF8YBYw], [R], s[STARTED]: Failed to execute [org.elasticsearch.action.search.SearchRequest@5d072e5c] lastShard [false]
org.elasticsearch.transport.RemoteTransportException: [node_0][inet[/10.1.10.75:9300]][search/phase/query]
Caused by: org.elasticsearch.index.shard.IllegalIndexShardStateException: [test][6] CurrentState[POST_RECOVERY] operations only allowed when started/relocated
	at org.elasticsearch.index.shard.service.InternalIndexShard.readAllowed(InternalIndexShard.java:806)
	at org.elasticsearch.index.shard.service.InternalIndexShard.acquireSearcher(InternalIndexShard.java:644)
	at org.elasticsearch.index.shard.service.InternalIndexShard.acquireSearcher(InternalIndexShard.java:639)
	at org.elasticsearch.search.SearchService.createContext(SearchService.java:483)
	at org.elasticsearch.search.SearchService.createContext(SearchService.java:474)
	at org.elasticsearch.search.SearchService.createAndPutContext(SearchService.java:467)
	at org.elasticsearch.search.SearchService.executeQueryPhase(SearchService.java:239)
	at org.elasticsearch.search.action.SearchServiceTransportAction$SearchQueryTransportHandler.messageReceived(SearchServiceTransportAction.java:623)
	at org.elasticsearch.search.action.SearchServiceTransportAction$SearchQueryTransportHandler.messageReceived(SearchServiceTransportAction.java:612)
	at org.elasticsearch.transport.netty.MessageChannelHandler$RequestHandler.run(MessageChannelHandler.java:270)
	at java.util.concurrent.ThreadPoolExecutor.runWorker(ThreadPoolExecutor.java:1145)
	at java.util.concurrent.ThreadPoolExecutor$Worker.run(ThreadPoolExecutor.java:615)
	at java.lang.Thread.run(Thread.java:744)
[2014-02-18 16:00:10,900][TRACE][action.search.type       ] [node_2] Moving to second phase, based on results from: [q75XUfcITqG3o93Z8EOFnw][test][11],[t8Mqv-hjRzqYCBodDxtrKQ][test][10],[t8Mqv-hjRzqYCBodDxtrKQ][test][0],[q75XUfcITqG3o93Z8EOFnw][test][1],[t8Mqv-hjRzqYCBodDxtrKQ][test][5],[t8Mqv-hjRzqYCBodDxtrKQ][test][4],[q75XUfcITqG3o93Z8EOFnw][test][3],[q75XUfcITqG3o93Z8EOFnw][test][2],[q75XUfcITqG3o93Z8EOFnw][test][9],[t8Mqv-hjRzqYCBodDxtrKQ][test][8],[q75XUfcITqG3o93Z8EOFnw][test][7],[t8Mqv-hjRzqYCBodDxtrKQ][test][6] (cluster state version: 6872)
[2014-02-18 16:00:10,906][TRACE][action.search.type       ] [node_0] Moving to second phase, based on results from: [t8Mqv-hjRzqYCBodDxtrKQ][test][11],[t8Mqv-hjRzqYCBodDxtrKQ][test][10],[t8Mqv-hjRzqYCBodDxtrKQ][test][0],[q75XUfcITqG3o93Z8EOFnw][test][1],[t8Mqv-hjRzqYCBodDxtrKQ][test][5],[t8Mqv-hjRzqYCBodDxtrKQ][test][4],[t8Mqv-hjRzqYCBodDxtrKQ][test][3],[q75XUfcITqG3o93Z8EOFnw][test][2],[t8Mqv-hjRzqYCBodDxtrKQ][test][9],[q75XUfcITqG3o93Z8EOFnw][test][8],[q75XUfcITqG3o93Z8EOFnw][test][7],[tbUF3y2YTPm1TPdTF8YBYw][test][6] (cluster state version: 6872)
[2014-02-18 16:00:10,914][TRACE][action.search.type       ] [node_1] Moving to second phase, based on results from: [q75XUfcITqG3o93Z8EOFnw][test][11],[t8Mqv-hjRzqYCBodDxtrKQ][test][10],[tbUF3y2YTPm1TPdTF8YBYw][test][0],[tbUF3y2YTPm1TPdTF8YBYw][test][1],[t8Mqv-hjRzqYCBodDxtrKQ][test][5],[q75XUfcITqG3o93Z8EOFnw][test][4],[t8Mqv-hjRzqYCBodDxtrKQ][test][3],[q75XUfcITqG3o93Z8EOFnw][test][2],[t8Mqv-hjRzqYCBodDxtrKQ][test][9],[q75XUfcITqG3o93Z8EOFnw][test][8],[t8Mqv-hjRzqYCBodDxtrKQ][test][7],[tbUF3y2YTPm1TPdTF8YBYw][test][6] (cluster state version: 6872)
[2014-02-18 16:00:10,918][TRACE][action.search.type       ] [node_1] Moving to second phase, based on results from: [t8Mqv-hjRzqYCBodDxtrKQ][test][11],[q75XUfcITqG3o93Z8EOFnw][test][10],[t8Mqv-hjRzqYCBodDxtrKQ][test][0],[q75XUfcITqG3o93Z8EOFnw][test][1],[q75XUfcITqG3o93Z8EOFnw][test][5],[t8Mqv-hjRzqYCBodDxtrKQ][test][4],[q75XUfcITqG3o93Z8EOFnw][test][3],[t8Mqv-hjRzqYCBodDxtrKQ][test][2],[q75XUfcITqG3o93Z8EOFnw][test][9],[t8Mqv-hjRzqYCBodDxtrKQ][test][8],[q75XUfcITqG3o93Z8EOFnw][test][7],[t8Mqv-hjRzqYCBodDxtrKQ][test][6] (cluster state version: 6872)
[2014-02-18 16:00:10,927][TRACE][action.search.type       ] [node_1] Moving to second phase, based on results from: [q75XUfcITqG3o93Z8EOFnw][test][11],[t8Mqv-hjRzqYCBodDxtrKQ][test][10],[tbUF3y2YTPm1TPdTF8YBYw][test][0],[tbUF3y2YTPm1TPdTF8YBYw][test][1],[t8Mqv-hjRzqYCBodDxtrKQ][test][5],[q75XUfcITqG3o93Z8EOFnw][test][4],[t8Mqv-hjRzqYCBodDxtrKQ][test][3],[q75XUfcITqG3o93Z8EOFnw][test][2],[t8Mqv-hjRzqYCBodDxtrKQ][test][9],[q75XUfcITqG3o93Z8EOFnw][test][8],[t8Mqv-hjRzqYCBodDxtrKQ][test][7],[tbUF3y2YTPm1TPdTF8YBYw][test][6] (cluster state version: 6872)
[2014-02-18 16:00:10,931][TRACE][action.search.type       ] [node_1] Moving to second phase, based on results from: [t8Mqv-hjRzqYCBodDxtrKQ][test][11],[q75XUfcITqG3o93Z8EOFnw][test][10],[t8Mqv-hjRzqYCBodDxtrKQ][test][0],[q75XUfcITqG3o93Z8EOFnw][test][1],[q75XUfcITqG3o93Z8EOFnw][test][5],[t8Mqv-hjRzqYCBodDxtrKQ][test][4],[q75XUfcITqG3o93Z8EOFnw][test][3],[t8Mqv-hjRzqYCBodDxtrKQ][test][2],[q75XUfcITqG3o93Z8EOFnw][test][9],[t8Mqv-hjRzqYCBodDxtrKQ][test][8],[q75XUfcITqG3o93Z8EOFnw][test][7],[t8Mqv-hjRzqYCBodDxtrKQ][test][6] (cluster state version: 6872)
[2014-02-18 16:00:10,936][TRACE][action.search.type       ] [node_0] Moving to second phase, based on results from: [q75XUfcITqG3o93Z8EOFnw][test][11],[q75XUfcITqG3o93Z8EOFnw][test][10],[tbUF3y2YTPm1TPdTF8YBYw][test][0],[tbUF3y2YTPm1TPdTF8YBYw][test][1],[q75XUfcITqG3o93Z8EOFnw][test][5],[q75XUfcITqG3o93Z8EOFnw][test][4],[q75XUfcITqG3o93Z8EOFnw][test][3],[t8Mqv-hjRzqYCBodDxtrKQ][test][2],[q75XUfcITqG3o93Z8EOFnw][test][9],[t8Mqv-hjRzqYCBodDxtrKQ][test][8],[t8Mqv-hjRzqYCBodDxtrKQ][test][7],[t8Mqv-hjRzqYCBodDxtrKQ][test][6] (cluster state version: 6872)
[2014-02-18 16:00:10,941][TRACE][action.search.type       ] [node_1] Moving to second phase, based on results from: [q75XUfcITqG3o93Z8EOFnw][test][11],[t8Mqv-hjRzqYCBodDxtrKQ][test][10],[tbUF3y2YTPm1TPdTF8YBYw][test][0],[tbUF3y2YTPm1TPdTF8YBYw][test][1],[t8Mqv-hjRzqYCBodDxtrKQ][test][5],[q75XUfcITqG3o93Z8EOFnw][test][4],[t8Mqv-hjRzqYCBodDxtrKQ][test][3],[q75XUfcITqG3o93Z8EOFnw][test][2],[t8Mqv-hjRzqYCBodDxtrKQ][test][9],[q75XUfcITqG3o93Z8EOFnw][test][8],[t8Mqv-hjRzqYCBodDxtrKQ][test][7],[tbUF3y2YTPm1TPdTF8YBYw][test][6] (cluster state version: 6872)
[2014-02-18 16:00:10,954][TRACE][action.search.type       ] [node_1] Moving to second phase, based on results from: [t8Mqv-hjRzqYCBodDxtrKQ][test][11],[q75XUfcITqG3o93Z8EOFnw][test][10],[t8Mqv-hjRzqYCBodDxtrKQ][test][0],[q75XUfcITqG3o93Z8EOFnw][test][1],[q75XUfcITqG3o93Z8EOFnw][test][5],[t8Mqv-hjRzqYCBodDxtrKQ][test][4],[q75XUfcITqG3o93Z8EOFnw][test][3],[t8Mqv-hjRzqYCBodDxtrKQ][test][2],[q75XUfcITqG3o93Z8EOFnw][test][9],[t8Mqv-hjRzqYCBodDxtrKQ][test][8],[q75XUfcITqG3o93Z8EOFnw][test][7],[t8Mqv-hjRzqYCBodDxtrKQ][test][6] (cluster state version: 6872)
[2014-02-18 16:00:10,958][TRACE][action.search.type       ] [node_2] Moving to second phase, based on results from: [t8Mqv-hjRzqYCBodDxtrKQ][test][11],[q75XUfcITqG3o93Z8EOFnw][test][10],[tbUF3y2YTPm1TPdTF8YBYw][test][0],[tbUF3y2YTPm1TPdTF8YBYw][test][1],[q75XUfcITqG3o93Z8EOFnw][test][5],[q75XUfcITqG3o93Z8EOFnw][test][4],[t8Mqv-hjRzqYCBodDxtrKQ][test][3],[t8Mqv-hjRzqYCBodDxtrKQ][test][2],[t8Mqv-hjRzqYCBodDxtrKQ][test][9],[q75XUfcITqG3o93Z8EOFnw][test][8],[t8Mqv-hjRzqYCBodDxtrKQ][test][7],[t8Mqv-hjRzqYCBodDxtrKQ][test][6] (cluster state version: 6872)
[2014-02-18 16:00:10,963][TRACE][action.search.type       ] [node_0] Moving to second phase, based on results from: [t8Mqv-hjRzqYCBodDxtrKQ][test][11],[t8Mqv-hjRzqYCBodDxtrKQ][test][10],[t8Mqv-hjRzqYCBodDxtrKQ][test][0],[q75XUfcITqG3o93Z8EOFnw][test][1],[t8Mqv-hjRzqYCBodDxtrKQ][test][5],[t8Mqv-hjRzqYCBodDxtrKQ][test][4],[t8Mqv-hjRzqYCBodDxtrKQ][test][3],[q75XUfcITqG3o93Z8EOFnw][test][2],[t8Mqv-hjRzqYCBodDxtrKQ][test][9],[q75XUfcITqG3o93Z8EOFnw][test][8],[q75XUfcITqG3o93Z8EOFnw][test][7],[tbUF3y2YTPm1TPdTF8YBYw][test][6] (cluster state version: 6872)
[2014-02-18 16:00:10,966][TRACE][action.search.type       ] [node_0] Moving to second phase, based on results from: [q75XUfcITqG3o93Z8EOFnw][test][11],[q75XUfcITqG3o93Z8EOFnw][test][10],[tbUF3y2YTPm1TPdTF8YBYw][test][0],[tbUF3y2YTPm1TPdTF8YBYw][test][1],[q75XUfcITqG3o93Z8EOFnw][test][5],[q75XUfcITqG3o93Z8EOFnw][test][4],[q75XUfcITqG3o93Z8EOFnw][test][3],[t8Mqv-hjRzqYCBodDxtrKQ][test][2],[q75XUfcITqG3o93Z8EOFnw][test][9],[t8Mqv-hjRzqYCBodDxtrKQ][test][8],[t8Mqv-hjRzqYCBodDxtrKQ][test][7],[t8Mqv-hjRzqYCBodDxtrKQ][test][6] (cluster state version: 6872)
[2014-02-18 16:00:10,969][TRACE][action.search.type       ] [node_1] Moving to second phase, based on results from: [q75XUfcITqG3o93Z8EOFnw][test][11],[t8Mqv-hjRzqYCBodDxtrKQ][test][10],[tbUF3y2YTPm1TPdTF8YBYw][test][0],[tbUF3y2YTPm1TPdTF8YBYw][test][1],[t8Mqv-hjRzqYCBodDxtrKQ][test][5],[q75XUfcITqG3o93Z8EOFnw][test][4],[t8Mqv-hjRzqYCBodDxtrKQ][test][3],[q75XUfcITqG3o93Z8EOFnw][test][2],[t8Mqv-hjRzqYCBodDxtrKQ][test][9],[q75XUfcITqG3o93Z8EOFnw][test][8],[t8Mqv-hjRzqYCBodDxtrKQ][test][7],[tbUF3y2YTPm1TPdTF8YBYw][test][6] (cluster state version: 6872)
[2014-02-18 16:00:10,975][TRACE][action.search.type       ] [node_0] Moving to second phase, based on results from: [t8Mqv-hjRzqYCBodDxtrKQ][test][11],[t8Mqv-hjRzqYCBodDxtrKQ][test][10],[t8Mqv-hjRzqYCBodDxtrKQ][test][0],[q75XUfcITqG3o93Z8EOFnw][test][1],[t8Mqv-hjRzqYCBodDxtrKQ][test][5],[t8Mqv-hjRzqYCBodDxtrKQ][test][4],[t8Mqv-hjRzqYCBodDxtrKQ][test][3],[q75XUfcITqG3o93Z8EOFnw][test][2],[t8Mqv-hjRzqYCBodDxtrKQ][test][9],[q75XUfcITqG3o93Z8EOFnw][test][8],[q75XUfcITqG3o93Z8EOFnw][test][7],[tbUF3y2YTPm1TPdTF8YBYw][test][6] (cluster state version: 6872)
[2014-02-18 16:00:10,984][TRACE][action.search.type       ] [node_0] [test][2], node[t8Mqv-hjRzqYCBodDxtrKQ], relocating [tbUF3y2YTPm1TPdTF8YBYw], [R], s[RELOCATING]: Failed to execute [org.elasticsearch.action.search.SearchRequest@6c9e3cca] lastShard [false]
org.elasticsearch.transport.RemoteTransportException: [node_1][inet[/10.1.10.75:9301]][search/phase/query]
Caused by: org.elasticsearch.index.IndexShardMissingException: [test][2] missing
	at org.elasticsearch.index.service.InternalIndexService.shardSafe(InternalIndexService.java:184)
	at org.elasticsearch.search.SearchService.createContext(SearchService.java:479)
	at org.elasticsearch.search.SearchService.createContext(SearchService.java:474)
	at org.elasticsearch.search.SearchService.createAndPutContext(SearchService.java:467)
	at org.elasticsearch.search.SearchService.executeQueryPhase(SearchService.java:239)
	at org.elasticsearch.search.action.SearchServiceTransportAction$SearchQueryTransportHandler.messageReceived(SearchServiceTransportAction.java:623)
	at org.elasticsearch.search.action.SearchServiceTransportAction$SearchQueryTransportHandler.messageReceived(SearchServiceTransportAction.java:612)
	at org.elasticsearch.transport.netty.MessageChannelHandler$RequestHandler.run(MessageChannelHandler.java:270)
	at java.util.concurrent.ThreadPoolExecutor.runWorker(ThreadPoolExecutor.java:1145)
	at java.util.concurrent.ThreadPoolExecutor$Worker.run(ThreadPoolExecutor.java:615)
	at java.lang.Thread.run(Thread.java:744)
[2014-02-18 16:00:10,988][TRACE][action.search.type       ] [node_0] Moving to second phase, based on results from: [q75XUfcITqG3o93Z8EOFnw][test][11],[q75XUfcITqG3o93Z8EOFnw][test][10],[tbUF3y2YTPm1TPdTF8YBYw][test][0],[tbUF3y2YTPm1TPdTF8YBYw][test][1],[q75XUfcITqG3o93Z8EOFnw][test][5],[q75XUfcITqG3o93Z8EOFnw][test][4],[q75XUfcITqG3o93Z8EOFnw][test][3],[q75XUfcITqG3o93Z8EOFnw][test][2],[q75XUfcITqG3o93Z8EOFnw][test][9],[t8Mqv-hjRzqYCBodDxtrKQ][test][8],[t8Mqv-hjRzqYCBodDxtrKQ][test][7],[t8Mqv-hjRzqYCBodDxtrKQ][test][6] (cluster state version: 6872)
[2014-02-18 16:00:10,993][TRACE][action.search.type       ] [node_1] Moving to second phase, based on results from: [q75XUfcITqG3o93Z8EOFnw][test][11],[q75XUfcITqG3o93Z8EOFnw][test][10],[t8Mqv-hjRzqYCBodDxtrKQ][test][0],[tbUF3y2YTPm1TPdTF8YBYw][test][1],[t8Mqv-hjRzqYCBodDxtrKQ][test][5],[t8Mqv-hjRzqYCBodDxtrKQ][test][4],[q75XUfcITqG3o93Z8EOFnw][test][3],[q75XUfcITqG3o93Z8EOFnw][test][2],[t8Mqv-hjRzqYCBodDxtrKQ][test][9],[q75XUfcITqG3o93Z8EOFnw][test][8],[q75XUfcITqG3o93Z8EOFnw][test][7],[tbUF3y2YTPm1TPdTF8YBYw][test][6] (cluster state version: 6873)
[2014-02-18 16:00:10,997][TRACE][action.search.type       ] [node_0] Moving to second phase, based on results from: [t8Mqv-hjRzqYCBodDxtrKQ][test][11],[t8Mqv-hjRzqYCBodDxtrKQ][test][10],[tbUF3y2YTPm1TPdTF8YBYw][test][0],[tbUF3y2YTPm1TPdTF8YBYw][test][1],[t8Mqv-hjRzqYCBodDxtrKQ][test][5],[t8Mqv-hjRzqYCBodDxtrKQ][test][4],[t8Mqv-hjRzqYCBodDxtrKQ][test][3],[q75XUfcITqG3o93Z8EOFnw][test][2],[t8Mqv-hjRzqYCBodDxtrKQ][test][9],[t8Mqv-hjRzqYCBodDxtrKQ][test][8],[t8Mqv-hjRzqYCBodDxtrKQ][test][7],[t8Mqv-hjRzqYCBodDxtrKQ][test][6] (cluster state version: 6873)
[2014-02-18 16:00:11,003][TRACE][action.search.type       ] [node_1] [test][2], node[tbUF3y2YTPm1TPdTF8YBYw], [R], s[STARTED]: Failed to execute [org.elasticsearch.action.search.SearchRequest@3b8fe396] lastShard [false]
org.elasticsearch.transport.RemoteTransportException: [node_0][inet[/10.1.10.75:9300]][search/phase/query]
Caused by: org.elasticsearch.index.shard.IllegalIndexShardStateException: [test][2] CurrentState[POST_RECOVERY] operations only allowed when started/relocated
	at org.elasticsearch.index.shard.service.InternalIndexShard.readAllowed(InternalIndexShard.java:806)
	at org.elasticsearch.index.shard.service.InternalIndexShard.acquireSearcher(InternalIndexShard.java:644)
	at org.elasticsearch.index.shard.service.InternalIndexShard.acquireSearcher(InternalIndexShard.java:639)
	at org.elasticsearch.search.SearchService.createContext(SearchService.java:483)
	at org.elasticsearch.search.SearchService.createContext(SearchService.java:474)
	at org.elasticsearch.search.SearchService.createAndPutContext(SearchService.java:467)
	at org.elasticsearch.search.SearchService.executeQueryPhase(SearchService.java:239)
	at org.elasticsearch.search.action.SearchServiceTransportAction$SearchQueryTransportHandler.messageReceived(SearchServiceTransportAction.java:623)
	at org.elasticsearch.search.action.SearchServiceTransportAction$SearchQueryTransportHandler.messageReceived(SearchServiceTransportAction.java:612)
	at org.elasticsearch.transport.netty.MessageChannelHandler$RequestHandler.run(MessageChannelHandler.java:270)
	at java.util.concurrent.ThreadPoolExecutor.runWorker(ThreadPoolExecutor.java:1145)
	at java.util.concurrent.ThreadPoolExecutor$Worker.run(ThreadPoolExecutor.java:615)
	at java.lang.Thread.run(Thread.java:744)
[2014-02-18 16:00:11,005][TRACE][action.search.type       ] [node_1] Moving to second phase, based on results from: [t8Mqv-hjRzqYCBodDxtrKQ][test][11],[t8Mqv-hjRzqYCBodDxtrKQ][test][10],[tbUF3y2YTPm1TPdTF8YBYw][test][0],[q75XUfcITqG3o93Z8EOFnw][test][1],[q75XUfcITqG3o93Z8EOFnw][test][5],[q75XUfcITqG3o93Z8EOFnw][test][4],[t8Mqv-hjRzqYCBodDxtrKQ][test][3],[q75XUfcITqG3o93Z8EOFnw][test][2],[q75XUfcITqG3o93Z8EOFnw][test][9],[t8Mqv-hjRzqYCBodDxtrKQ][test][8],[t8Mqv-hjRzqYCBodDxtrKQ][test][7],[t8Mqv-hjRzqYCBodDxtrKQ][test][6] (cluster state version: 6873)
[2014-02-18 16:00:11,008][TRACE][action.search.type       ] [node_2] [test][2], node[tbUF3y2YTPm1TPdTF8YBYw], [R], s[STARTED]: Failed to execute [org.elasticsearch.action.search.SearchRequest@20dd2261] lastShard [false]
org.elasticsearch.transport.RemoteTransportException: [node_0][inet[/10.1.10.75:9300]][search/phase/dfs]
Caused by: org.elasticsearch.index.shard.IllegalIndexShardStateException: [test][2] CurrentState[POST_RECOVERY] operations only allowed when started/relocated
	at org.elasticsearch.index.shard.service.InternalIndexShard.readAllowed(InternalIndexShard.java:806)
	at org.elasticsearch.index.shard.service.InternalIndexShard.acquireSearcher(InternalIndexShard.java:644)
	at org.elasticsearch.index.shard.service.InternalIndexShard.acquireSearcher(InternalIndexShard.java:639)
	at org.elasticsearch.search.SearchService.createContext(SearchService.java:483)
	at org.elasticsearch.search.SearchService.createContext(SearchService.java:474)
	at org.elasticsearch.search.SearchService.createAndPutContext(SearchService.java:467)
	at org.elasticsearch.search.SearchService.executeDfsPhase(SearchService.java:173)
	at org.elasticsearch.search.action.SearchServiceTransportAction$SearchDfsTransportHandler.messageReceived(SearchServiceTransportAction.java:602)
	at org.elasticsearch.search.action.SearchServiceTransportAction$SearchDfsTransportHandler.messageReceived(SearchServiceTransportAction.java:591)
	at org.elasticsearch.transport.netty.MessageChannelHandler$RequestHandler.run(MessageChannelHandler.java:270)
	at java.util.concurrent.ThreadPoolExecutor.runWorker(ThreadPoolExecutor.java:1145)
	at java.util.concurrent.ThreadPoolExecutor$Worker.run(ThreadPoolExecutor.java:615)
	at java.lang.Thread.run(Thread.java:744)
[2014-02-18 16:00:11,009][TRACE][action.search.type       ] [node_2] Moving to second phase, based on results from: [q75XUfcITqG3o93Z8EOFnw][test][11],[q75XUfcITqG3o93Z8EOFnw][test][10],[tbUF3y2YTPm1TPdTF8YBYw][test][0],[q75XUfcITqG3o93Z8EOFnw][test][1],[t8Mqv-hjRzqYCBodDxtrKQ][test][5],[q75XUfcITqG3o93Z8EOFnw][test][4],[q75XUfcITqG3o93Z8EOFnw][test][3],[q75XUfcITqG3o93Z8EOFnw][test][2],[q75XUfcITqG3o93Z8EOFnw][test][9],[q75XUfcITqG3o93Z8EOFnw][test][8],[q75XUfcITqG3o93Z8EOFnw][test][7],[tbUF3y2YTPm1TPdTF8YBYw][test][6] (cluster state version: 6873)
[2014-02-18 16:00:11,017][TRACE][action.search.type       ] [node_1] Moving to second phase, based on results from: [q75XUfcITqG3o93Z8EOFnw][test][11],[q75XUfcITqG3o93Z8EOFnw][test][10],[t8Mqv-hjRzqYCBodDxtrKQ][test][0],[tbUF3y2YTPm1TPdTF8YBYw][test][1],[t8Mqv-hjRzqYCBodDxtrKQ][test][5],[t8Mqv-hjRzqYCBodDxtrKQ][test][4],[q75XUfcITqG3o93Z8EOFnw][test][3],[q75XUfcITqG3o93Z8EOFnw][test][2],[t8Mqv-hjRzqYCBodDxtrKQ][test][9],[q75XUfcITqG3o93Z8EOFnw][test][8],[q75XUfcITqG3o93Z8EOFnw][test][7],[tbUF3y2YTPm1TPdTF8YBYw][test][6] (cluster state version: 6873)
[2014-02-18 16:00:11,029][TRACE][action.search.type       ] [node_2] Moving to second phase, based on results from: [t8Mqv-hjRzqYCBodDxtrKQ][test][11],[t8Mqv-hjRzqYCBodDxtrKQ][test][10],[t8Mqv-hjRzqYCBodDxtrKQ][test][0],[tbUF3y2YTPm1TPdTF8YBYw][test][1],[q75XUfcITqG3o93Z8EOFnw][test][5],[t8Mqv-hjRzqYCBodDxtrKQ][test][4],[t8Mqv-hjRzqYCBodDxtrKQ][test][3],[q75XUfcITqG3o93Z8EOFnw][test][2],[t8Mqv-hjRzqYCBodDxtrKQ][test][9],[t8Mqv-hjRzqYCBodDxtrKQ][test][8],[t8Mqv-hjRzqYCBodDxtrKQ][test][7],[t8Mqv-hjRzqYCBodDxtrKQ][test][6] (cluster state version: 6873)
[2014-02-18 16:00:11,033][TRACE][action.search.type       ] [node_0] Moving to second phase, based on results from: [q75XUfcITqG3o93Z8EOFnw][test][11],[q75XUfcITqG3o93Z8EOFnw][test][10],[t8Mqv-hjRzqYCBodDxtrKQ][test][0],[q75XUfcITqG3o93Z8EOFnw][test][1],[q75XUfcITqG3o93Z8EOFnw][test][5],[q75XUfcITqG3o93Z8EOFnw][test][4],[q75XUfcITqG3o93Z8EOFnw][test][3],[tbUF3y2YTPm1TPdTF8YBYw][test][2],[q75XUfcITqG3o93Z8EOFnw][test][9],[q75XUfcITqG3o93Z8EOFnw][test][8],[q75XUfcITqG3o93Z8EOFnw][test][7],[tbUF3y2YTPm1TPdTF8YBYw][test][6] (cluster state version: 6873)
[2014-02-18 16:00:11,038][TRACE][action.search.type       ] [node_1] Moving to second phase, based on results from: [t8Mqv-hjRzqYCBodDxtrKQ][test][11],[t8Mqv-hjRzqYCBodDxtrKQ][test][10],[tbUF3y2YTPm1TPdTF8YBYw][test][0],[q75XUfcITqG3o93Z8EOFnw][test][1],[q75XUfcITqG3o93Z8EOFnw][test][5],[q75XUfcITqG3o93Z8EOFnw][test][4],[t8Mqv-hjRzqYCBodDxtrKQ][test][3],[tbUF3y2YTPm1TPdTF8YBYw][test][2],[q75XUfcITqG3o93Z8EOFnw][test][9],[t8Mqv-hjRzqYCBodDxtrKQ][test][8],[t8Mqv-hjRzqYCBodDxtrKQ][test][7],[t8Mqv-hjRzqYCBodDxtrKQ][test][6] (cluster state version: 6873)
[2014-02-18 16:00:11,043][TRACE][action.search.type       ] [node_0] Moving to second phase, based on results from: [t8Mqv-hjRzqYCBodDxtrKQ][test][11],[t8Mqv-hjRzqYCBodDxtrKQ][test][10],[tbUF3y2YTPm1TPdTF8YBYw][test][0],[tbUF3y2YTPm1TPdTF8YBYw][test][1],[t8Mqv-hjRzqYCBodDxtrKQ][test][5],[t8Mqv-hjRzqYCBodDxtrKQ][test][4],[t8Mqv-hjRzqYCBodDxtrKQ][test][3],[q75XUfcITqG3o93Z8EOFnw][test][2],[t8Mqv-hjRzqYCBodDxtrKQ][test][9],[t8Mqv-hjRzqYCBodDxtrKQ][test][8],[t8Mqv-hjRzqYCBodDxtrKQ][test][7],[t8Mqv-hjRzqYCBodDxtrKQ][test][6] (cluster state version: 6873)
[2014-02-18 16:00:11,046][TRACE][action.search.type       ] [node_1] Moving to second phase, based on results from: [q75XUfcITqG3o93Z8EOFnw][test][11],[q75XUfcITqG3o93Z8EOFnw][test][10],[t8Mqv-hjRzqYCBodDxtrKQ][test][0],[tbUF3y2YTPm1TPdTF8YBYw][test][1],[t8Mqv-hjRzqYCBodDxtrKQ][test][5],[t8Mqv-hjRzqYCBodDxtrKQ][test][4],[q75XUfcITqG3o93Z8EOFnw][test][3],[q75XUfcITqG3o93Z8EOFnw][test][2],[t8Mqv-hjRzqYCBodDxtrKQ][test][9],[q75XUfcITqG3o93Z8EOFnw][test][8],[q75XUfcITqG3o93Z8EOFnw][test][7],[tbUF3y2YTPm1TPdTF8YBYw][test][6] (cluster state version: 6873)
[2014-02-18 16:00:11,050][TRACE][action.search.type       ] [node_2] Moving to second phase, based on results from: [q75XUfcITqG3o93Z8EOFnw][test][11],[q75XUfcITqG3o93Z8EOFnw][test][10],[tbUF3y2YTPm1TPdTF8YBYw][test][0],[q75XUfcITqG3o93Z8EOFnw][test][1],[t8Mqv-hjRzqYCBodDxtrKQ][test][5],[q75XUfcITqG3o93Z8EOFnw][test][4],[q75XUfcITqG3o93Z8EOFnw][test][3],[tbUF3y2YTPm1TPdTF8YBYw][test][2],[q75XUfcITqG3o93Z8EOFnw][test][9],[q75XUfcITqG3o93Z8EOFnw][test][8],[q75XUfcITqG3o93Z8EOFnw][test][7],[tbUF3y2YTPm1TPdTF8YBYw][test][6] (cluster state version: 6873)
[2014-02-18 16:00:11,053][TRACE][action.search.type       ] [node_1] Moving to second phase, based on results from: [t8Mqv-hjRzqYCBodDxtrKQ][test][11],[t8Mqv-hjRzqYCBodDxtrKQ][test][10],[tbUF3y2YTPm1TPdTF8YBYw][test][0],[q75XUfcITqG3o93Z8EOFnw][test][1],[q75XUfcITqG3o93Z8EOFnw][test][5],[q75XUfcITqG3o93Z8EOFnw][test][4],[t8Mqv-hjRzqYCBodDxtrKQ][test][3],[tbUF3y2YTPm1TPdTF8YBYw][test][2],[q75XUfcITqG3o93Z8EOFnw][test][9],[t8Mqv-hjRzqYCBodDxtrKQ][test][8],[t8Mqv-hjRzqYCBodDxtrKQ][test][7],[t8Mqv-hjRzqYCBodDxtrKQ][test][6] (cluster state version: 6873)
[2014-02-18 16:00:11,057][TRACE][action.search.type       ] [node_1] Moving to second phase, based on results from: [q75XUfcITqG3o93Z8EOFnw][test][11],[q75XUfcITqG3o93Z8EOFnw][test][10],[t8Mqv-hjRzqYCBodDxtrKQ][test][0],[tbUF3y2YTPm1TPdTF8YBYw][test][1],[t8Mqv-hjRzqYCBodDxtrKQ][test][5],[t8Mqv-hjRzqYCBodDxtrKQ][test][4],[q75XUfcITqG3o93Z8EOFnw][test][3],[q75XUfcITqG3o93Z8EOFnw][test][2],[t8Mqv-hjRzqYCBodDxtrKQ][test][9],[q75XUfcITqG3o93Z8EOFnw][test][8],[q75XUfcITqG3o93Z8EOFnw][test][7],[tbUF3y2YTPm1TPdTF8YBYw][test][6] (cluster state version: 6873)
[2014-02-18 16:00:11,062][TRACE][action.search.type       ] [node_0] [test][9], node[q75XUfcITqG3o93Z8EOFnw], relocating [tbUF3y2YTPm1TPdTF8YBYw], [R], s[RELOCATING]: Failed to execute [org.elasticsearch.action.search.SearchRequest@5c7dab7] lastShard [false]
org.elasticsearch.transport.RemoteTransportException: [node_2][inet[/10.1.10.75:9302]][search/phase/dfs]
Caused by: org.elasticsearch.index.IndexShardMissingException: [test][9] missing
	at org.elasticsearch.index.service.InternalIndexService.shardSafe(InternalIndexService.java:184)
	at org.elasticsearch.search.SearchService.createContext(SearchService.java:479)
	at org.elasticsearch.search.SearchService.createContext(SearchService.java:474)
	at org.elasticsearch.search.SearchService.createAndPutContext(SearchService.java:467)
	at org.elasticsearch.search.SearchService.executeDfsPhase(SearchService.java:173)
	at org.elasticsearch.search.action.SearchServiceTransportAction$SearchDfsTransportHandler.messageReceived(SearchServiceTransportAction.java:602)
	at org.elasticsearch.search.action.SearchServiceTransportAction$SearchDfsTransportHandler.messageReceived(SearchServiceTransportAction.java:591)
	at org.elasticsearch.transport.netty.MessageChannelHandler$RequestHandler.run(MessageChannelHandler.java:270)
	at java.util.concurrent.ThreadPoolExecutor.runWorker(ThreadPoolExecutor.java:1145)
	at java.util.concurrent.ThreadPoolExecutor$Worker.run(ThreadPoolExecutor.java:615)
	at java.lang.Thread.run(Thread.java:744)
[2014-02-18 16:00:11,064][TRACE][action.search.type       ] [node_0] Moving to second phase, based on results from: [q75XUfcITqG3o93Z8EOFnw][test][11],[q75XUfcITqG3o93Z8EOFnw][test][10],[t8Mqv-hjRzqYCBodDxtrKQ][test][0],[q75XUfcITqG3o93Z8EOFnw][test][1],[q75XUfcITqG3o93Z8EOFnw][test][5],[q75XUfcITqG3o93Z8EOFnw][test][4],[q75XUfcITqG3o93Z8EOFnw][test][3],[tbUF3y2YTPm1TPdTF8YBYw][test][2],[t8Mqv-hjRzqYCBodDxtrKQ][test][9],[q75XUfcITqG3o93Z8EOFnw][test][8],[q75XUfcITqG3o93Z8EOFnw][test][7],[tbUF3y2YTPm1TPdTF8YBYw][test][6] (cluster state version: 6873)
[2014-02-18 16:00:11,070][TRACE][action.search.type       ] [node_1] [test][9], node[tbUF3y2YTPm1TPdTF8YBYw], [R], s[STARTED]: Failed to execute [org.elasticsearch.action.search.SearchRequest@2c9703e6] lastShard [false]
org.elasticsearch.transport.RemoteTransportException: [node_0][inet[/10.1.10.75:9300]][search/phase/query]
Caused by: org.elasticsearch.index.shard.IllegalIndexShardStateException: [test][9] CurrentState[POST_RECOVERY] operations only allowed when started/relocated
	at org.elasticsearch.index.shard.service.InternalIndexShard.readAllowed(InternalIndexShard.java:806)
	at org.elasticsearch.index.shard.service.InternalIndexShard.acquireSearcher(InternalIndexShard.java:644)
	at org.elasticsearch.index.shard.service.InternalIndexShard.acquireSearcher(InternalIndexShard.java:639)
	at org.elasticsearch.search.SearchService.createContext(SearchService.java:483)
	at org.elasticsearch.search.SearchService.createContext(SearchService.java:474)
	at org.elasticsearch.search.SearchService.createAndPutContext(SearchService.java:467)
	at org.elasticsearch.search.SearchService.executeQueryPhase(SearchService.java:239)
	at org.elasticsearch.search.action.SearchServiceTransportAction$SearchQueryTransportHandler.messageReceived(SearchServiceTransportAction.java:623)
	at org.elasticsearch.search.action.SearchServiceTransportAction$SearchQueryTransportHandler.messageReceived(SearchServiceTransportAction.java:612)
	at org.elasticsearch.transport.netty.MessageChannelHandler$RequestHandler.run(MessageChannelHandler.java:270)
	at java.util.concurrent.ThreadPoolExecutor.runWorker(ThreadPoolExecutor.java:1145)
	at java.util.concurrent.ThreadPoolExecutor$Worker.run(ThreadPoolExecutor.java:615)
	at java.lang.Thread.run(Thread.java:744)
[2014-02-18 16:00:11,071][TRACE][action.search.type       ] [node_1] Moving to second phase, based on results from: [q75XUfcITqG3o93Z8EOFnw][test][11],[t8Mqv-hjRzqYCBodDxtrKQ][test][10],[t8Mqv-hjRzqYCBodDxtrKQ][test][0],[tbUF3y2YTPm1TPdTF8YBYw][test][1],[t8Mqv-hjRzqYCBodDxtrKQ][test][5],[q75XUfcITqG3o93Z8EOFnw][test][4],[q75XUfcITqG3o93Z8EOFnw][test][3],[q75XUfcITqG3o93Z8EOFnw][test][2],[t8Mqv-hjRzqYCBodDxtrKQ][test][9],[t8Mqv-hjRzqYCBodDxtrKQ][test][8],[t8Mqv-hjRzqYCBodDxtrKQ][test][7],[tbUF3y2YTPm1TPdTF8YBYw][test][6] (cluster state version: 6874)
[2014-02-18 16:00:11,073][TRACE][action.search.type       ] [node_1] Moving to second phase, based on results from: [t8Mqv-hjRzqYCBodDxtrKQ][test][11],[q75XUfcITqG3o93Z8EOFnw][test][10],[tbUF3y2YTPm1TPdTF8YBYw][test][0],[q75XUfcITqG3o93Z8EOFnw][test][1],[q75XUfcITqG3o93Z8EOFnw][test][5],[t8Mqv-hjRzqYCBodDxtrKQ][test][4],[t8Mqv-hjRzqYCBodDxtrKQ][test][3],[tbUF3y2YTPm1TPdTF8YBYw][test][2],[t8Mqv-hjRzqYCBodDxtrKQ][test][9],[q75XUfcITqG3o93Z8EOFnw][test][8],[q75XUfcITqG3o93Z8EOFnw][test][7],[t8Mqv-hjRzqYCBodDxtrKQ][test][6] (cluster state version: 6874)
[2014-02-18 16:00:11,077][TRACE][action.search.type       ] [node_1] Moving to second phase, based on results from: [q75XUfcITqG3o93Z8EOFnw][test][11],[t8Mqv-hjRzqYCBodDxtrKQ][test][10],[t8Mqv-hjRzqYCBodDxtrKQ][test][0],[tbUF3y2YTPm1TPdTF8YBYw][test][1],[t8Mqv-hjRzqYCBodDxtrKQ][test][5],[q75XUfcITqG3o93Z8EOFnw][test][4],[q75XUfcITqG3o93Z8EOFnw][test][3],[q75XUfcITqG3o93Z8EOFnw][test][2],[tbUF3y2YTPm1TPdTF8YBYw][test][9],[t8Mqv-hjRzqYCBodDxtrKQ][test][8],[t8Mqv-hjRzqYCBodDxtrKQ][test][7],[tbUF3y2YTPm1TPdTF8YBYw][test][6] (cluster state version: 6874)
[2014-02-18 16:00:11,080][TRACE][action.search.type       ] [node_0] Moving to second phase, based on results from: [q75XUfcITqG3o93Z8EOFnw][test][11],[q75XUfcITqG3o93Z8EOFnw][test][10],[tbUF3y2YTPm1TPdTF8YBYw][test][0],[q75XUfcITqG3o93Z8EOFnw][test][1],[q75XUfcITqG3o93Z8EOFnw][test][5],[t8Mqv-hjRzqYCBodDxtrKQ][test][4],[t8Mqv-hjRzqYCBodDxtrKQ][test][3],[tbUF3y2YTPm1TPdTF8YBYw][test][2],[tbUF3y2YTPm1TPdTF8YBYw][test][9],[t8Mqv-hjRzqYCBodDxtrKQ][test][8],[t8Mqv-hjRzqYCBodDxtrKQ][test][7],[t8Mqv-hjRzqYCBodDxtrKQ][test][6] (cluster state version: 6874)
[2014-02-18 16:00:11,084][TRACE][action.search.type       ] [node_0] Moving to second phase, based on results from: [t8Mqv-hjRzqYCBodDxtrKQ][test][11],[t8Mqv-hjRzqYCBodDxtrKQ][test][10],[t8Mqv-hjRzqYCBodDxtrKQ][test][0],[tbUF3y2YTPm1TPdTF8YBYw][test][1],[t8Mqv-hjRzqYCBodDxtrKQ][test][5],[q75XUfcITqG3o93Z8EOFnw][test][4],[q75XUfcITqG3o93Z8EOFnw][test][3],[q75XUfcITqG3o93Z8EOFnw][test][2],[t8Mqv-hjRzqYCBodDxtrKQ][test][9],[q75XUfcITqG3o93Z8EOFnw][test][8],[q75XUfcITqG3o93Z8EOFnw][test][7],[tbUF3y2YTPm1TPdTF8YBYw][test][6] (cluster state version: 6874)
[2014-02-18 16:00:11,088][TRACE][action.search.type       ] [node_0] Moving to second phase, based on results from: [q75XUfcITqG3o93Z8EOFnw][test][11],[q75XUfcITqG3o93Z8EOFnw][test][10],[tbUF3y2YTPm1TPdTF8YBYw][test][0],[q75XUfcITqG3o93Z8EOFnw][test][1],[q75XUfcITqG3o93Z8EOFnw][test][5],[t8Mqv-hjRzqYCBodDxtrKQ][test][4],[t8Mqv-hjRzqYCBodDxtrKQ][test][3],[tbUF3y2YTPm1TPdTF8YBYw][test][2],[tbUF3y2YTPm1TPdTF8YBYw][test][9],[t8Mqv-hjRzqYCBodDxtrKQ][test][8],[t8Mqv-hjRzqYCBodDxtrKQ][test][7],[t8Mqv-hjRzqYCBodDxtrKQ][test][6] (cluster state version: 6874)
[2014-02-18 16:00:11,091][TRACE][action.search.type       ] [node_0] Moving to second phase, based on results from: [t8Mqv-hjRzqYCBodDxtrKQ][test][11],[t8Mqv-hjRzqYCBodDxtrKQ][test][10],[t8Mqv-hjRzqYCBodDxtrKQ][test][0],[tbUF3y2YTPm1TPdTF8YBYw][test][1],[t8Mqv-hjRzqYCBodDxtrKQ][test][5],[q75XUfcITqG3o93Z8EOFnw][test][4],[q75XUfcITqG3o93Z8EOFnw][test][3],[q75XUfcITqG3o93Z8EOFnw][test][2],[t8Mqv-hjRzqYCBodDxtrKQ][test][9],[q75XUfcITqG3o93Z8EOFnw][test][8],[q75XUfcITqG3o93Z8EOFnw][test][7],[tbUF3y2YTPm1TPdTF8YBYw][test][6] (cluster state version: 6874)
[2014-02-18 16:00:11,094][TRACE][action.search.type       ] [node_1] Moving to second phase, based on results from: [t8Mqv-hjRzqYCBodDxtrKQ][test][11],[q75XUfcITqG3o93Z8EOFnw][test][10],[tbUF3y2YTPm1TPdTF8YBYw][test][0],[q75XUfcITqG3o93Z8EOFnw][test][1],[q75XUfcITqG3o93Z8EOFnw][test][5],[t8Mqv-hjRzqYCBodDxtrKQ][test][4],[t8Mqv-hjRzqYCBodDxtrKQ][test][3],[tbUF3y2YTPm1TPdTF8YBYw][test][2],[t8Mqv-hjRzqYCBodDxtrKQ][test][9],[q75XUfcITqG3o93Z8EOFnw][test][8],[q75XUfcITqG3o93Z8EOFnw][test][7],[t8Mqv-hjRzqYCBodDxtrKQ][test][6] (cluster state version: 6874)
[2014-02-18 16:00:11,096][TRACE][action.search.type       ] [node_1] Moving to second phase, based on results from: [q75XUfcITqG3o93Z8EOFnw][test][11],[t8Mqv-hjRzqYCBodDxtrKQ][test][10],[t8Mqv-hjRzqYCBodDxtrKQ][test][0],[tbUF3y2YTPm1TPdTF8YBYw][test][1],[t8Mqv-hjRzqYCBodDxtrKQ][test][5],[q75XUfcITqG3o93Z8EOFnw][test][4],[q75XUfcITqG3o93Z8EOFnw][test][3],[q75XUfcITqG3o93Z8EOFnw][test][2],[tbUF3y2YTPm1TPdTF8YBYw][test][9],[t8Mqv-hjRzqYCBodDxtrKQ][test][8],[t8Mqv-hjRzqYCBodDxtrKQ][test][7],[tbUF3y2YTPm1TPdTF8YBYw][test][6] (cluster state version: 6874)
[2014-02-18 16:00:11,100][TRACE][action.search.type       ] [node_0] Moving to second phase, based on results from: [q75XUfcITqG3o93Z8EOFnw][test][11],[q75XUfcITqG3o93Z8EOFnw][test][10],[tbUF3y2YTPm1TPdTF8YBYw][test][0],[q75XUfcITqG3o93Z8EOFnw][test][1],[q75XUfcITqG3o93Z8EOFnw][test][5],[t8Mqv-hjRzqYCBodDxtrKQ][test][4],[t8Mqv-hjRzqYCBodDxtrKQ][test][3],[tbUF3y2YTPm1TPdTF8YBYw][test][2],[tbUF3y2YTPm1TPdTF8YBYw][test][9],[t8Mqv-hjRzqYCBodDxtrKQ][test][8],[t8Mqv-hjRzqYCBodDxtrKQ][test][7],[t8Mqv-hjRzqYCBodDxtrKQ][test][6] (cluster state version: 6874)
[2014-02-18 16:00:11,105][TRACE][action.search.type       ] [node_2] [test][3], node[tbUF3y2YTPm1TPdTF8YBYw], [R], s[STARTED]: Failed to execute [org.elasticsearch.action.search.SearchRequest@4aa69e28] lastShard [false]
org.elasticsearch.transport.RemoteTransportException: [node_0][inet[/10.1.10.75:9300]][search/phase/dfs]
Caused by: org.elasticsearch.index.shard.IllegalIndexShardStateException: [test][3] CurrentState[POST_RECOVERY] operations only allowed when started/relocated
	at org.elasticsearch.index.shard.service.InternalIndexShard.readAllowed(InternalIndexShard.java:806)
	at org.elasticsearch.index.shard.service.InternalIndexShard.acquireSearcher(InternalIndexShard.java:644)
	at org.elasticsearch.index.shard.service.InternalIndexShard.acquireSearcher(InternalIndexShard.java:639)
	at org.elasticsearch.search.SearchService.createContext(SearchService.java:483)
	at org.elasticsearch.search.SearchService.createContext(SearchService.java:474)
	at org.elasticsearch.search.SearchService.createAndPutContext(SearchService.java:467)
	at org.elasticsearch.search.SearchService.executeDfsPhase(SearchService.java:173)
	at org.elasticsearch.search.action.SearchServiceTransportAction$SearchDfsTransportHandler.messageReceived(SearchServiceTransportAction.java:602)
	at org.elasticsearch.search.action.SearchServiceTransportAction$SearchDfsTransportHandler.messageReceived(SearchServiceTransportAction.java:591)
	at org.elasticsearch.transport.netty.MessageChannelHandler$RequestHandler.run(MessageChannelHandler.java:270)
	at java.util.concurrent.ThreadPoolExecutor.runWorker(ThreadPoolExecutor.java:1145)
	at java.util.concurrent.ThreadPoolExecutor$Worker.run(ThreadPoolExecutor.java:615)
	at java.lang.Thread.run(Thread.java:744)
[2014-02-18 16:00:11,106][TRACE][action.search.type       ] [node_2] Moving to second phase, based on results from: [t8Mqv-hjRzqYCBodDxtrKQ][test][11],[q75XUfcITqG3o93Z8EOFnw][test][10],[tbUF3y2YTPm1TPdTF8YBYw][test][0],[q75XUfcITqG3o93Z8EOFnw][test][1],[q75XUfcITqG3o93Z8EOFnw][test][5],[t8Mqv-hjRzqYCBodDxtrKQ][test][4],[q75XUfcITqG3o93Z8EOFnw][test][3],[tbUF3y2YTPm1TPdTF8YBYw][test][2],[tbUF3y2YTPm1TPdTF8YBYw][test][9],[t8Mqv-hjRzqYCBodDxtrKQ][test][8],[t8Mqv-hjRzqYCBodDxtrKQ][test][7],[t8Mqv-hjRzqYCBodDxtrKQ][test][6] (cluster state version: 6875)
[2014-02-18 16:00:11,111][TRACE][action.search.type       ] [node_1] [test][3], node[tbUF3y2YTPm1TPdTF8YBYw], [R], s[STARTED]: Failed to execute [org.elasticsearch.action.search.SearchRequest@6d4d7bb2] lastShard [false]
org.elasticsearch.transport.RemoteTransportException: [node_0][inet[/10.1.10.75:9300]][search/phase/query]
Caused by: org.elasticsearch.index.shard.IllegalIndexShardStateException: [test][3] CurrentState[POST_RECOVERY] operations only allowed when started/relocated
	at org.elasticsearch.index.shard.service.InternalIndexShard.readAllowed(InternalIndexShard.java:806)
	at org.elasticsearch.index.shard.service.InternalIndexShard.acquireSearcher(InternalIndexShard.java:644)
	at org.elasticsearch.index.shard.service.InternalIndexShard.acquireSearcher(InternalIndexShard.java:639)
	at org.elasticsearch.search.SearchService.createContext(SearchService.java:483)
	at org.elasticsearch.search.SearchService.createContext(SearchService.java:474)
	at org.elasticsearch.search.SearchService.createAndPutContext(SearchService.java:467)
	at org.elasticsearch.search.SearchService.executeQueryPhase(SearchService.java:239)
	at org.elasticsearch.search.action.SearchServiceTransportAction$SearchQueryTransportHandler.messageReceived(SearchServiceTransportAction.java:623)
	at org.elasticsearch.search.action.SearchServiceTransportAction$SearchQueryTransportHandler.messageReceived(SearchServiceTransportAction.java:612)
	at org.elasticsearch.transport.netty.MessageChannelHandler$RequestHandler.run(MessageChannelHandler.java:270)
	at java.util.concurrent.ThreadPoolExecutor.runWorker(ThreadPoolExecutor.java:1145)
	at java.util.concurrent.ThreadPoolExecutor$Worker.run(ThreadPoolExecutor.java:615)
	at java.lang.Thread.run(Thread.java:744)
[2014-02-18 16:00:11,112][TRACE][action.search.type       ] [node_1] Moving to second phase, based on results from: [t8Mqv-hjRzqYCBodDxtrKQ][test][11],[t8Mqv-hjRzqYCBodDxtrKQ][test][10],[t8Mqv-hjRzqYCBodDxtrKQ][test][0],[q75XUfcITqG3o93Z8EOFnw][test][1],[t8Mqv-hjRzqYCBodDxtrKQ][test][5],[t8Mqv-hjRzqYCBodDxtrKQ][test][4],[q75XUfcITqG3o93Z8EOFnw][test][3],[tbUF3y2YTPm1TPdTF8YBYw][test][2],[t8Mqv-hjRzqYCBodDxtrKQ][test][9],[q75XUfcITqG3o93Z8EOFnw][test][8],[t8Mqv-hjRzqYCBodDxtrKQ][test][7],[t8Mqv-hjRzqYCBodDxtrKQ][test][6] (cluster state version: 6875)
[2014-02-18 16:00:11,115][TRACE][action.search.type       ] [node_2] Moving to second phase, based on results from: [q75XUfcITqG3o93Z8EOFnw][test][11],[t8Mqv-hjRzqYCBodDxtrKQ][test][10],[t8Mqv-hjRzqYCBodDxtrKQ][test][0],[tbUF3y2YTPm1TPdTF8YBYw][test][1],[t8Mqv-hjRzqYCBodDxtrKQ][test][5],[q75XUfcITqG3o93Z8EOFnw][test][4],[q75XUfcITqG3o93Z8EOFnw][test][3],[q75XUfcITqG3o93Z8EOFnw][test][2],[t8Mqv-hjRzqYCBodDxtrKQ][test][9],[q75XUfcITqG3o93Z8EOFnw][test][8],[q75XUfcITqG3o93Z8EOFnw][test][7],[tbUF3y2YTPm1TPdTF8YBYw][test][6] (cluster state version: 6875)
[2014-02-18 16:00:11,119][TRACE][action.search.type       ] [node_1] Moving to second phase, based on results from: [q75XUfcITqG3o93Z8EOFnw][test][11],[q75XUfcITqG3o93Z8EOFnw][test][10],[tbUF3y2YTPm1TPdTF8YBYw][test][0],[tbUF3y2YTPm1TPdTF8YBYw][test][1],[q75XUfcITqG3o93Z8EOFnw][test][5],[q75XUfcITqG3o93Z8EOFnw][test][4],[q75XUfcITqG3o93Z8EOFnw][test][3],[q75XUfcITqG3o93Z8EOFnw][test][2],[tbUF3y2YTPm1TPdTF8YBYw][test][9],[t8Mqv-hjRzqYCBodDxtrKQ][test][8],[q75XUfcITqG3o93Z8EOFnw][test][7],[tbUF3y2YTPm1TPdTF8YBYw][test][6] (cluster state version: 6875)
[2014-02-18 16:00:11,122][TRACE][action.search.type       ] [node_1] Moving to second phase, based on results from: [t8Mqv-hjRzqYCBodDxtrKQ][test][11],[t8Mqv-hjRzqYCBodDxtrKQ][test][10],[t8Mqv-hjRzqYCBodDxtrKQ][test][0],[q75XUfcITqG3o93Z8EOFnw][test][1],[t8Mqv-hjRzqYCBodDxtrKQ][test][5],[t8Mqv-hjRzqYCBodDxtrKQ][test][4],[tbUF3y2YTPm1TPdTF8YBYw][test][3],[tbUF3y2YTPm1TPdTF8YBYw][test][2],[t8Mqv-hjRzqYCBodDxtrKQ][test][9],[q75XUfcITqG3o93Z8EOFnw][test][8],[t8Mqv-hjRzqYCBodDxtrKQ][test][7],[t8Mqv-hjRzqYCBodDxtrKQ][test][6] (cluster state version: 6875)
[2014-02-18 16:00:11,125][TRACE][action.search.type       ] [node_2] Moving to second phase, based on results from: [t8Mqv-hjRzqYCBodDxtrKQ][test][11],[q75XUfcITqG3o93Z8EOFnw][test][10],[tbUF3y2YTPm1TPdTF8YBYw][test][0],[q75XUfcITqG3o93Z8EOFnw][test][1],[q75XUfcITqG3o93Z8EOFnw][test][5],[t8Mqv-hjRzqYCBodDxtrKQ][test][4],[tbUF3y2YTPm1TPdTF8YBYw][test][3],[tbUF3y2YTPm1TPdTF8YBYw][test][2],[tbUF3y2YTPm1TPdTF8YBYw][test][9],[t8Mqv-hjRzqYCBodDxtrKQ][test][8],[t8Mqv-hjRzqYCBodDxtrKQ][test][7],[t8Mqv-hjRzqYCBodDxtrKQ][test][6] (cluster state version: 6875)
[2014-02-18 16:00:11,132][TRACE][action.search.type       ] [node_2] Moving to second phase, based on results from: [q75XUfcITqG3o93Z8EOFnw][test][11],[t8Mqv-hjRzqYCBodDxtrKQ][test][10],[t8Mqv-hjRzqYCBodDxtrKQ][test][0],[tbUF3y2YTPm1TPdTF8YBYw][test][1],[t8Mqv-hjRzqYCBodDxtrKQ][test][5],[q75XUfcITqG3o93Z8EOFnw][test][4],[q75XUfcITqG3o93Z8EOFnw][test][3],[q75XUfcITqG3o93Z8EOFnw][test][2],[t8Mqv-hjRzqYCBodDxtrKQ][test][9],[q75XUfcITqG3o93Z8EOFnw][test][8],[q75XUfcITqG3o93Z8EOFnw][test][7],[tbUF3y2YTPm1TPdTF8YBYw][test][6] (cluster state version: 6875)
[2014-02-18 16:00:11,136][TRACE][action.search.type       ] [node_0] Moving to second phase, based on results from: [q75XUfcITqG3o93Z8EOFnw][test][11],[q75XUfcITqG3o93Z8EOFnw][test][10],[tbUF3y2YTPm1TPdTF8YBYw][test][0],[q75XUfcITqG3o93Z8EOFnw][test][1],[q75XUfcITqG3o93Z8EOFnw][test][5],[t8Mqv-hjRzqYCBodDxtrKQ][test][4],[tbUF3y2YTPm1TPdTF8YBYw][test][3],[q75XUfcITqG3o93Z8EOFnw][test][2],[t8Mqv-hjRzqYCBodDxtrKQ][test][9],[q75XUfcITqG3o93Z8EOFnw][test][8],[t8Mqv-hjRzqYCBodDxtrKQ][test][7],[tbUF3y2YTPm1TPdTF8YBYw][test][6] (cluster state version: 6875)
[2014-02-18 16:00:11,140][TRACE][action.search.type       ] [node_2] Moving to second phase, based on results from: [t8Mqv-hjRzqYCBodDxtrKQ][test][11],[q75XUfcITqG3o93Z8EOFnw][test][10],[tbUF3y2YTPm1TPdTF8YBYw][test][0],[q75XUfcITqG3o93Z8EOFnw][test][1],[q75XUfcITqG3o93Z8EOFnw][test][5],[t8Mqv-hjRzqYCBodDxtrKQ][test][4],[tbUF3y2YTPm1TPdTF8YBYw][test][3],[tbUF3y2YTPm1TPdTF8YBYw][test][2],[tbUF3y2YTPm1TPdTF8YBYw][test][9],[t8Mqv-hjRzqYCBodDxtrKQ][test][8],[t8Mqv-hjRzqYCBodDxtrKQ][test][7],[t8Mqv-hjRzqYCBodDxtrKQ][test][6] (cluster state version: 6875)
[2014-02-18 16:00:11,143][TRACE][action.search.type       ] [node_2] Moving to second phase, based on results from: [q75XUfcITqG3o93Z8EOFnw][test][11],[t8Mqv-hjRzqYCBodDxtrKQ][test][10],[t8Mqv-hjRzqYCBodDxtrKQ][test][0],[tbUF3y2YTPm1TPdTF8YBYw][test][1],[t8Mqv-hjRzqYCBodDxtrKQ][test][5],[q75XUfcITqG3o93Z8EOFnw][test][4],[q75XUfcITqG3o93Z8EOFnw][test][3],[q75XUfcITqG3o93Z8EOFnw][test][2],[t8Mqv-hjRzqYCBodDxtrKQ][test][9],[q75XUfcITqG3o93Z8EOFnw][test][8],[q75XUfcITqG3o93Z8EOFnw][test][7],[tbUF3y2YTPm1TPdTF8YBYw][test][6] (cluster state version: 6875)
[2014-02-18 16:00:11,146][TRACE][action.search.type       ] [node_2] Moving to second phase, based on results from: [t8Mqv-hjRzqYCBodDxtrKQ][test][11],[q75XUfcITqG3o93Z8EOFnw][test][10],[tbUF3y2YTPm1TPdTF8YBYw][test][0],[q75XUfcITqG3o93Z8EOFnw][test][1],[q75XUfcITqG3o93Z8EOFnw][test][5],[t8Mqv-hjRzqYCBodDxtrKQ][test][4],[tbUF3y2YTPm1TPdTF8YBYw][test][3],[tbUF3y2YTPm1TPdTF8YBYw][test][2],[tbUF3y2YTPm1TPdTF8YBYw][test][9],[t8Mqv-hjRzqYCBodDxtrKQ][test][8],[t8Mqv-hjRzqYCBodDxtrKQ][test][7],[t8Mqv-hjRzqYCBodDxtrKQ][test][6] (cluster state version: 6875)
[2014-02-18 16:00:11,150][TRACE][action.search.type       ] [node_0] Moving to second phase, based on results from: [t8Mqv-hjRzqYCBodDxtrKQ][test][11],[t8Mqv-hjRzqYCBodDxtrKQ][test][10],[t8Mqv-hjRzqYCBodDxtrKQ][test][0],[tbUF3y2YTPm1TPdTF8YBYw][test][1],[t8Mqv-hjRzqYCBodDxtrKQ][test][5],[q75XUfcITqG3o93Z8EOFnw][test][4],[q75XUfcITqG3o93Z8EOFnw][test][3],[tbUF3y2YTPm1TPdTF8YBYw][test][2],[tbUF3y2YTPm1TPdTF8YBYw][test][9],[t8Mqv-hjRzqYCBodDxtrKQ][test][8],[q75XUfcITqG3o93Z8EOFnw][test][7],[t8Mqv-hjRzqYCBodDxtrKQ][test][6] (cluster state version: 6875)
[2014-02-18 16:00:11,153][TRACE][action.search.type       ] [node_1] Moving to second phase, based on results from: [q75XUfcITqG3o93Z8EOFnw][test][11],[q75XUfcITqG3o93Z8EOFnw][test][10],[tbUF3y2YTPm1TPdTF8YBYw][test][0],[tbUF3y2YTPm1TPdTF8YBYw][test][1],[q75XUfcITqG3o93Z8EOFnw][test][5],[q75XUfcITqG3o93Z8EOFnw][test][4],[q75XUfcITqG3o93Z8EOFnw][test][3],[q75XUfcITqG3o93Z8EOFnw][test][2],[tbUF3y2YTPm1TPdTF8YBYw][test][9],[t8Mqv-hjRzqYCBodDxtrKQ][test][8],[q75XUfcITqG3o93Z8EOFnw][test][7],[tbUF3y2YTPm1TPdTF8YBYw][test][6] (cluster state version: 6875)
[2014-02-18 16:00:11,159][TRACE][action.search.type       ] [node_0] Moving to second phase, based on results from: [q75XUfcITqG3o93Z8EOFnw][test][11],[q75XUfcITqG3o93Z8EOFnw][test][10],[tbUF3y2YTPm1TPdTF8YBYw][test][0],[q75XUfcITqG3o93Z8EOFnw][test][1],[q75XUfcITqG3o93Z8EOFnw][test][5],[t8Mqv-hjRzqYCBodDxtrKQ][test][4],[tbUF3y2YTPm1TPdTF8YBYw][test][3],[q75XUfcITqG3o93Z8EOFnw][test][2],[t8Mqv-hjRzqYCBodDxtrKQ][test][9],[q75XUfcITqG3o93Z8EOFnw][test][8],[t8Mqv-hjRzqYCBodDxtrKQ][test][7],[tbUF3y2YTPm1TPdTF8YBYw][test][6] (cluster state version: 6875)
[2014-02-18 16:00:11,163][TRACE][action.search.type       ] [node_0] Moving to second phase, based on results from: [t8Mqv-hjRzqYCBodDxtrKQ][test][11],[t8Mqv-hjRzqYCBodDxtrKQ][test][10],[t8Mqv-hjRzqYCBodDxtrKQ][test][0],[tbUF3y2YTPm1TPdTF8YBYw][test][1],[t8Mqv-hjRzqYCBodDxtrKQ][test][5],[q75XUfcITqG3o93Z8EOFnw][test][4],[q75XUfcITqG3o93Z8EOFnw][test][3],[tbUF3y2YTPm1TPdTF8YBYw][test][2],[tbUF3y2YTPm1TPdTF8YBYw][test][9],[t8Mqv-hjRzqYCBodDxtrKQ][test][8],[q75XUfcITqG3o93Z8EOFnw][test][7],[t8Mqv-hjRzqYCBodDxtrKQ][test][6] (cluster state version: 6875)
[2014-02-18 16:00:11,178][TRACE][action.search.type       ] [node_1] Moving to second phase, based on results from: [t8Mqv-hjRzqYCBodDxtrKQ][test][11],[q75XUfcITqG3o93Z8EOFnw][test][10],[t8Mqv-hjRzqYCBodDxtrKQ][test][0],[tbUF3y2YTPm1TPdTF8YBYw][test][1],[t8Mqv-hjRzqYCBodDxtrKQ][test][5],[q75XUfcITqG3o93Z8EOFnw][test][4],[tbUF3y2YTPm1TPdTF8YBYw][test][3],[tbUF3y2YTPm1TPdTF8YBYw][test][2],[tbUF3y2YTPm1TPdTF8YBYw][test][9],[t8Mqv-hjRzqYCBodDxtrKQ][test][8],[t8Mqv-hjRzqYCBodDxtrKQ][test][7],[tbUF3y2YTPm1TPdTF8YBYw][test][6] (cluster state version: 6876)
[2014-02-18 16:00:11,189][TRACE][action.search.type       ] [node_0] [test][11], node[q75XUfcITqG3o93Z8EOFnw], relocating [tbUF3y2YTPm1TPdTF8YBYw], [R], s[RELOCATING]: Failed to execute [org.elasticsearch.action.search.SearchRequest@57975912] lastShard [false]
org.elasticsearch.transport.RemoteTransportException: [node_2][inet[/10.1.10.75:9302]][search/phase/query]
Caused by: org.elasticsearch.index.IndexShardMissingException: [test][11] missing
	at org.elasticsearch.index.service.InternalIndexService.shardSafe(InternalIndexService.java:184)
	at org.elasticsearch.search.SearchService.createContext(SearchService.java:479)
	at org.elasticsearch.search.SearchService.createContext(SearchService.java:474)
	at org.elasticsearch.search.SearchService.createAndPutContext(SearchService.java:467)
	at org.elasticsearch.search.SearchService.executeQueryPhase(SearchService.java:239)
	at org.elasticsearch.search.action.SearchServiceTransportAction$SearchQueryTransportHandler.messageReceived(SearchServiceTransportAction.java:623)
	at org.elasticsearch.search.action.SearchServiceTransportAction$SearchQueryTransportHandler.messageReceived(SearchServiceTransportAction.java:612)
	at org.elasticsearch.transport.netty.MessageChannelHandler$RequestHandler.run(MessageChannelHandler.java:270)
	at java.util.concurrent.ThreadPoolExecutor.runWorker(ThreadPoolExecutor.java:1145)
	at java.util.concurrent.ThreadPoolExecutor$Worker.run(ThreadPoolExecutor.java:615)
	at java.lang.Thread.run(Thread.java:744)
[2014-02-18 16:00:11,190][TRACE][action.search.type       ] [node_0] Moving to second phase, based on results from: [t8Mqv-hjRzqYCBodDxtrKQ][test][11],[q75XUfcITqG3o93Z8EOFnw][test][10],[tbUF3y2YTPm1TPdTF8YBYw][test][0],[q75XUfcITqG3o93Z8EOFnw][test][1],[q75XUfcITqG3o93Z8EOFnw][test][5],[t8Mqv-hjRzqYCBodDxtrKQ][test][4],[tbUF3y2YTPm1TPdTF8YBYw][test][3],[q75XUfcITqG3o93Z8EOFnw][test][2],[t8Mqv-hjRzqYCBodDxtrKQ][test][9],[q75XUfcITqG3o93Z8EOFnw][test][8],[t8Mqv-hjRzqYCBodDxtrKQ][test][7],[tbUF3y2YTPm1TPdTF8YBYw][test][6] (cluster state version: 6875)
[2014-02-18 16:00:11,194][TRACE][action.search.type       ] [node_1] Moving to second phase, based on results from: [tbUF3y2YTPm1TPdTF8YBYw][test][11],[t8Mqv-hjRzqYCBodDxtrKQ][test][10],[tbUF3y2YTPm1TPdTF8YBYw][test][0],[q75XUfcITqG3o93Z8EOFnw][test][1],[q75XUfcITqG3o93Z8EOFnw][test][5],[t8Mqv-hjRzqYCBodDxtrKQ][test][4],[q75XUfcITqG3o93Z8EOFnw][test][3],[q75XUfcITqG3o93Z8EOFnw][test][2],[t8Mqv-hjRzqYCBodDxtrKQ][test][9],[q75XUfcITqG3o93Z8EOFnw][test][8],[q75XUfcITqG3o93Z8EOFnw][test][7],[t8Mqv-hjRzqYCBodDxtrKQ][test][6] (cluster state version: 6876)
[2014-02-18 16:00:11,197][TRACE][action.search.type       ] [node_1] Moving to second phase, based on results from: [t8Mqv-hjRzqYCBodDxtrKQ][test][11],[q75XUfcITqG3o93Z8EOFnw][test][10],[t8Mqv-hjRzqYCBodDxtrKQ][test][0],[tbUF3y2YTPm1TPdTF8YBYw][test][1],[t8Mqv-hjRzqYCBodDxtrKQ][test][5],[q75XUfcITqG3o93Z8EOFnw][test][4],[tbUF3y2YTPm1TPdTF8YBYw][test][3],[tbUF3y2YTPm1TPdTF8YBYw][test][2],[tbUF3y2YTPm1TPdTF8YBYw][test][9],[t8Mqv-hjRzqYCBodDxtrKQ][test][8],[t8Mqv-hjRzqYCBodDxtrKQ][test][7],[tbUF3y2YTPm1TPdTF8YBYw][test][6] (cluster state version: 6876)
[2014-02-18 16:00:11,204][TRACE][action.search.type       ] [node_2] Moving to second phase, based on results from: [t8Mqv-hjRzqYCBodDxtrKQ][test][11],[t8Mqv-hjRzqYCBodDxtrKQ][test][10],[t8Mqv-hjRzqYCBodDxtrKQ][test][0],[tbUF3y2YTPm1TPdTF8YBYw][test][1],[t8Mqv-hjRzqYCBodDxtrKQ][test][5],[q75XUfcITqG3o93Z8EOFnw][test][4],[q75XUfcITqG3o93Z8EOFnw][test][3],[tbUF3y2YTPm1TPdTF8YBYw][test][2],[tbUF3y2YTPm1TPdTF8YBYw][test][9],[t8Mqv-hjRzqYCBodDxtrKQ][test][8],[q75XUfcITqG3o93Z8EOFnw][test][7],[t8Mqv-hjRzqYCBodDxtrKQ][test][6] (cluster state version: 6876)
[2014-02-18 16:00:11,209][TRACE][action.search.type       ] [node_0] Moving to second phase, based on results from: [t8Mqv-hjRzqYCBodDxtrKQ][test][11],[t8Mqv-hjRzqYCBodDxtrKQ][test][10],[tbUF3y2YTPm1TPdTF8YBYw][test][0],[q75XUfcITqG3o93Z8EOFnw][test][1],[q75XUfcITqG3o93Z8EOFnw][test][5],[q75XUfcITqG3o93Z8EOFnw][test][4],[q75XUfcITqG3o93Z8EOFnw][test][3],[tbUF3y2YTPm1TPdTF8YBYw][test][2],[t8Mqv-hjRzqYCBodDxtrKQ][test][9],[q75XUfcITqG3o93Z8EOFnw][test][8],[t8Mqv-hjRzqYCBodDxtrKQ][test][7],[tbUF3y2YTPm1TPdTF8YBYw][test][6] (cluster state version: 6876)
[2014-02-18 16:00:11,218][TRACE][action.search.type       ] [node_0] Moving to second phase, based on results from: [tbUF3y2YTPm1TPdTF8YBYw][test][11],[q75XUfcITqG3o93Z8EOFnw][test][10],[t8Mqv-hjRzqYCBodDxtrKQ][test][0],[tbUF3y2YTPm1TPdTF8YBYw][test][1],[t8Mqv-hjRzqYCBodDxtrKQ][test][5],[t8Mqv-hjRzqYCBodDxtrKQ][test][4],[tbUF3y2YTPm1TPdTF8YBYw][test][3],[q75XUfcITqG3o93Z8EOFnw][test][2],[tbUF3y2YTPm1TPdTF8YBYw][test][9],[t8Mqv-hjRzqYCBodDxtrKQ][test][8],[q75XUfcITqG3o93Z8EOFnw][test][7],[t8Mqv-hjRzqYCBodDxtrKQ][test][6] (cluster state version: 6876)
[2014-02-18 16:00:11,222][TRACE][action.search.type       ] [node_2] Moving to second phase, based on results from: [tbUF3y2YTPm1TPdTF8YBYw][test][11],[q75XUfcITqG3o93Z8EOFnw][test][10],[tbUF3y2YTPm1TPdTF8YBYw][test][0],[q75XUfcITqG3o93Z8EOFnw][test][1],[q75XUfcITqG3o93Z8EOFnw][test][5],[t8Mqv-hjRzqYCBodDxtrKQ][test][4],[tbUF3y2YTPm1TPdTF8YBYw][test][3],[q75XUfcITqG3o93Z8EOFnw][test][2],[t8Mqv-hjRzqYCBodDxtrKQ][test][9],[q75XUfcITqG3o93Z8EOFnw][test][8],[t8Mqv-hjRzqYCBodDxtrKQ][test][7],[tbUF3y2YTPm1TPdTF8YBYw][test][6] (cluster state version: 6876)
[2014-02-18 16:00:11,228][TRACE][action.search.type       ] [node_0] Moving to second phase, based on results from: [t8Mqv-hjRzqYCBodDxtrKQ][test][11],[t8Mqv-hjRzqYCBodDxtrKQ][test][10],[tbUF3y2YTPm1TPdTF8YBYw][test][0],[q75XUfcITqG3o93Z8EOFnw][test][1],[q75XUfcITqG3o93Z8EOFnw][test][5],[q75XUfcITqG3o93Z8EOFnw][test][4],[q75XUfcITqG3o93Z8EOFnw][test][3],[tbUF3y2YTPm1TPdTF8YBYw][test][2],[t8Mqv-hjRzqYCBodDxtrKQ][test][9],[q75XUfcITqG3o93Z8EOFnw][test][8],[t8Mqv-hjRzqYCBodDxtrKQ][test][7],[tbUF3y2YTPm1TPdTF8YBYw][test][6] (cluster state version: 6876)
[2014-02-18 16:00:11,232][TRACE][action.search.type       ] [node_1] Moving to second phase, based on results from: [tbUF3y2YTPm1TPdTF8YBYw][test][11],[t8Mqv-hjRzqYCBodDxtrKQ][test][10],[tbUF3y2YTPm1TPdTF8YBYw][test][0],[q75XUfcITqG3o93Z8EOFnw][test][1],[q75XUfcITqG3o93Z8EOFnw][test][5],[t8Mqv-hjRzqYCBodDxtrKQ][test][4],[q75XUfcITqG3o93Z8EOFnw][test][3],[q75XUfcITqG3o93Z8EOFnw][test][2],[t8Mqv-hjRzqYCBodDxtrKQ][test][9],[q75XUfcITqG3o93Z8EOFnw][test][8],[q75XUfcITqG3o93Z8EOFnw][test][7],[t8Mqv-hjRzqYCBodDxtrKQ][test][6] (cluster state version: 6876)
[2014-02-18 16:00:11,237][TRACE][action.search.type       ] [node_1] Moving to second phase, based on results from: [t8Mqv-hjRzqYCBodDxtrKQ][test][11],[q75XUfcITqG3o93Z8EOFnw][test][10],[t8Mqv-hjRzqYCBodDxtrKQ][test][0],[tbUF3y2YTPm1TPdTF8YBYw][test][1],[t8Mqv-hjRzqYCBodDxtrKQ][test][5],[q75XUfcITqG3o93Z8EOFnw][test][4],[tbUF3y2YTPm1TPdTF8YBYw][test][3],[tbUF3y2YTPm1TPdTF8YBYw][test][2],[tbUF3y2YTPm1TPdTF8YBYw][test][9],[t8Mqv-hjRzqYCBodDxtrKQ][test][8],[t8Mqv-hjRzqYCBodDxtrKQ][test][7],[tbUF3y2YTPm1TPdTF8YBYw][test][6] (cluster state version: 6876)
[2014-02-18 16:00:11,243][TRACE][action.search.type       ] [node_0] Moving to second phase, based on results from: [tbUF3y2YTPm1TPdTF8YBYw][test][11],[q75XUfcITqG3o93Z8EOFnw][test][10],[t8Mqv-hjRzqYCBodDxtrKQ][test][0],[tbUF3y2YTPm1TPdTF8YBYw][test][1],[t8Mqv-hjRzqYCBodDxtrKQ][test][5],[t8Mqv-hjRzqYCBodDxtrKQ][test][4],[tbUF3y2YTPm1TPdTF8YBYw][test][3],[q75XUfcITqG3o93Z8EOFnw][test][2],[tbUF3y2YTPm1TPdTF8YBYw][test][9],[t8Mqv-hjRzqYCBodDxtrKQ][test][8],[q75XUfcITqG3o93Z8EOFnw][test][7],[t8Mqv-hjRzqYCBodDxtrKQ][test][6] (cluster state version: 6876)
[2014-02-18 16:00:11,250][TRACE][action.search.type       ] [node_1] [test][4], node[tbUF3y2YTPm1TPdTF8YBYw], [R], s[STARTED]: Failed to execute [org.elasticsearch.action.search.SearchRequest@23a3fa2f] lastShard [false]
org.elasticsearch.transport.RemoteTransportException: [node_0][inet[/10.1.10.75:9300]][search/phase/dfs]
Caused by: org.elasticsearch.index.shard.IllegalIndexShardStateException: [test][4] CurrentState[POST_RECOVERY] operations only allowed when started/relocated
	at org.elasticsearch.index.shard.service.InternalIndexShard.readAllowed(InternalIndexShard.java:806)
	at org.elasticsearch.index.shard.service.InternalIndexShard.acquireSearcher(InternalIndexShard.java:644)
	at org.elasticsearch.index.shard.service.InternalIndexShard.acquireSearcher(InternalIndexShard.java:639)
	at org.elasticsearch.search.SearchService.createContext(SearchService.java:483)
	at org.elasticsearch.search.SearchService.createContext(SearchService.java:474)
	at org.elasticsearch.search.SearchService.createAndPutContext(SearchService.java:467)
	at org.elasticsearch.search.SearchService.executeDfsPhase(SearchService.java:173)
	at org.elasticsearch.search.action.SearchServiceTransportAction$SearchDfsTransportHandler.messageReceived(SearchServiceTransportAction.java:602)
	at org.elasticsearch.search.action.SearchServiceTransportAction$SearchDfsTransportHandler.messageReceived(SearchServiceTransportAction.java:591)
	at org.elasticsearch.transport.netty.MessageChannelHandler$RequestHandler.run(MessageChannelHandler.java:270)
	at java.util.concurrent.ThreadPoolExecutor.runWorker(ThreadPoolExecutor.java:1145)
	at java.util.concurrent.ThreadPoolExecutor$Worker.run(ThreadPoolExecutor.java:615)
	at java.lang.Thread.run(Thread.java:744)
[2014-02-18 16:00:11,251][TRACE][action.search.type       ] [node_1] Moving to second phase, based on results from: [t8Mqv-hjRzqYCBodDxtrKQ][test][11],[q75XUfcITqG3o93Z8EOFnw][test][10],[t8Mqv-hjRzqYCBodDxtrKQ][test][0],[tbUF3y2YTPm1TPdTF8YBYw][test][1],[t8Mqv-hjRzqYCBodDxtrKQ][test][5],[q75XUfcITqG3o93Z8EOFnw][test][4],[q75XUfcITqG3o93Z8EOFnw][test][3],[q75XUfcITqG3o93Z8EOFnw][test][2],[tbUF3y2YTPm1TPdTF8YBYw][test][9],[t8Mqv-hjRzqYCBodDxtrKQ][test][8],[q75XUfcITqG3o93Z8EOFnw][test][7],[t8Mqv-hjRzqYCBodDxtrKQ][test][6] (cluster state version: 6877)
[2014-02-18 16:00:11,256][TRACE][action.search.type       ] [node_2] Moving to second phase, based on results from: [tbUF3y2YTPm1TPdTF8YBYw][test][11],[t8Mqv-hjRzqYCBodDxtrKQ][test][10],[tbUF3y2YTPm1TPdTF8YBYw][test][0],[tbUF3y2YTPm1TPdTF8YBYw][test][1],[q75XUfcITqG3o93Z8EOFnw][test][5],[q75XUfcITqG3o93Z8EOFnw][test][4],[tbUF3y2YTPm1TPdTF8YBYw][test][3],[tbUF3y2YTPm1TPdTF8YBYw][test][2],[t8Mqv-hjRzqYCBodDxtrKQ][test][9],[q75XUfcITqG3o93Z8EOFnw][test][8],[q75XUfcITqG3o93Z8EOFnw][test][7],[tbUF3y2YTPm1TPdTF8YBYw][test][6] (cluster state version: 6877)
[2014-02-18 16:00:11,260][TRACE][action.search.type       ] [node_2] Moving to second phase, based on results from: [t8Mqv-hjRzqYCBodDxtrKQ][test][11],[q75XUfcITqG3o93Z8EOFnw][test][10],[t8Mqv-hjRzqYCBodDxtrKQ][test][0],[q75XUfcITqG3o93Z8EOFnw][test][1],[t8Mqv-hjRzqYCBodDxtrKQ][test][5],[tbUF3y2YTPm1TPdTF8YBYw][test][4],[q75XUfcITqG3o93Z8EOFnw][test][3],[q75XUfcITqG3o93Z8EOFnw][test][2],[tbUF3y2YTPm1TPdTF8YBYw][test][9],[t8Mqv-hjRzqYCBodDxtrKQ][test][8],[t8Mqv-hjRzqYCBodDxtrKQ][test][7],[t8Mqv-hjRzqYCBodDxtrKQ][test][6] (cluster state version: 6877)
[2014-02-18 16:00:11,263][TRACE][action.search.type       ] [node_0] Moving to second phase, based on results from: [tbUF3y2YTPm1TPdTF8YBYw][test][11],[q75XUfcITqG3o93Z8EOFnw][test][10],[t8Mqv-hjRzqYCBodDxtrKQ][test][0],[tbUF3y2YTPm1TPdTF8YBYw][test][1],[q75XUfcITqG3o93Z8EOFnw][test][5],[tbUF3y2YTPm1TPdTF8YBYw][test][4],[tbUF3y2YTPm1TPdTF8YBYw][test][3],[q75XUfcITqG3o93Z8EOFnw][test][2],[t8Mqv-hjRzqYCBodDxtrKQ][test][9],[t8Mqv-hjRzqYCBodDxtrKQ][test][8],[q75XUfcITqG3o93Z8EOFnw][test][7],[t8Mqv-hjRzqYCBodDxtrKQ][test][6] (cluster state version: 6877)
[2014-02-18 16:00:11,272][TRACE][action.search.type       ] [node_1] Moving to second phase, based on results from: [tbUF3y2YTPm1TPdTF8YBYw][test][11],[t8Mqv-hjRzqYCBodDxtrKQ][test][10],[tbUF3y2YTPm1TPdTF8YBYw][test][0],[q75XUfcITqG3o93Z8EOFnw][test][1],[q75XUfcITqG3o93Z8EOFnw][test][5],[q75XUfcITqG3o93Z8EOFnw][test][4],[tbUF3y2YTPm1TPdTF8YBYw][test][3],[tbUF3y2YTPm1TPdTF8YBYw][test][2],[t8Mqv-hjRzqYCBodDxtrKQ][test][9],[q75XUfcITqG3o93Z8EOFnw][test][8],[t8Mqv-hjRzqYCBodDxtrKQ][test][7],[tbUF3y2YTPm1TPdTF8YBYw][test][6] (cluster state version: 6877)
[2014-02-18 16:00:11,280][TRACE][action.search.type       ] [node_0] Moving to second phase, based on results from: [t8Mqv-hjRzqYCBodDxtrKQ][test][11],[t8Mqv-hjRzqYCBodDxtrKQ][test][10],[tbUF3y2YTPm1TPdTF8YBYw][test][0],[q75XUfcITqG3o93Z8EOFnw][test][1],[t8Mqv-hjRzqYCBodDxtrKQ][test][5],[q75XUfcITqG3o93Z8EOFnw][test][4],[q75XUfcITqG3o93Z8EOFnw][test][3],[tbUF3y2YTPm1TPdTF8YBYw][test][2],[tbUF3y2YTPm1TPdTF8YBYw][test][9],[q75XUfcITqG3o93Z8EOFnw][test][8],[t8Mqv-hjRzqYCBodDxtrKQ][test][7],[tbUF3y2YTPm1TPdTF8YBYw][test][6] (cluster state version: 6877)
[2014-02-18 16:00:11,290][TRACE][action.search.type       ] [node_1] Moving to second phase, based on results from: [t8Mqv-hjRzqYCBodDxtrKQ][test][11],[q75XUfcITqG3o93Z8EOFnw][test][10],[t8Mqv-hjRzqYCBodDxtrKQ][test][0],[tbUF3y2YTPm1TPdTF8YBYw][test][1],[t8Mqv-hjRzqYCBodDxtrKQ][test][5],[tbUF3y2YTPm1TPdTF8YBYw][test][4],[q75XUfcITqG3o93Z8EOFnw][test][3],[q75XUfcITqG3o93Z8EOFnw][test][2],[tbUF3y2YTPm1TPdTF8YBYw][test][9],[t8Mqv-hjRzqYCBodDxtrKQ][test][8],[q75XUfcITqG3o93Z8EOFnw][test][7],[t8Mqv-hjRzqYCBodDxtrKQ][test][6] (cluster state version: 6877)
[2014-02-18 16:00:11,299][TRACE][action.search.type       ] [node_1] Moving to second phase, based on results from: [t8Mqv-hjRzqYCBodDxtrKQ][test][11],[t8Mqv-hjRzqYCBodDxtrKQ][test][10],[tbUF3y2YTPm1TPdTF8YBYw][test][0],[q75XUfcITqG3o93Z8EOFnw][test][1],[t8Mqv-hjRzqYCBodDxtrKQ][test][5],[tbUF3y2YTPm1TPdTF8YBYw][test][4],[tbUF3y2YTPm1TPdTF8YBYw][test][3],[q75XUfcITqG3o93Z8EOFnw][test][2],[t8Mqv-hjRzqYCBodDxtrKQ][test][9],[q75XUfcITqG3o93Z8EOFnw][test][8],[t8Mqv-hjRzqYCBodDxtrKQ][test][7],[tbUF3y2YTPm1TPdTF8YBYw][test][6] (cluster state version: 6878)
[2014-02-18 16:00:11,309][TRACE][action.search.type       ] [node_1] Moving to second phase, based on results from: [t8Mqv-hjRzqYCBodDxtrKQ][test][11],[q75XUfcITqG3o93Z8EOFnw][test][10],[t8Mqv-hjRzqYCBodDxtrKQ][test][0],[tbUF3y2YTPm1TPdTF8YBYw][test][1],[t8Mqv-hjRzqYCBodDxtrKQ][test][5],[q75XUfcITqG3o93Z8EOFnw][test][4],[q75XUfcITqG3o93Z8EOFnw][test][3],[q75XUfcITqG3o93Z8EOFnw][test][2],[t8Mqv-hjRzqYCBodDxtrKQ][test][9],[t8Mqv-hjRzqYCBodDxtrKQ][test][8],[t8Mqv-hjRzqYCBodDxtrKQ][test][7],[tbUF3y2YTPm1TPdTF8YBYw][test][6] (cluster state version: 6879)
[2014-02-18 16:00:11,317][TRACE][action.search.type       ] [node_1] Moving to second phase, based on results from: [tbUF3y2YTPm1TPdTF8YBYw][test][11],[q75XUfcITqG3o93Z8EOFnw][test][10],[tbUF3y2YTPm1TPdTF8YBYw][test][0],[q75XUfcITqG3o93Z8EOFnw][test][1],[q75XUfcITqG3o93Z8EOFnw][test][5],[q75XUfcITqG3o93Z8EOFnw][test][4],[q75XUfcITqG3o93Z8EOFnw][test][3],[tbUF3y2YTPm1TPdTF8YBYw][test][2],[tbUF3y2YTPm1TPdTF8YBYw][test][9],[q75XUfcITqG3o93Z8EOFnw][test][8],[t8Mqv-hjRzqYCBodDxtrKQ][test][7],[t8Mqv-hjRzqYCBodDxtrKQ][test][6] (cluster state version: 6880)
[2014-02-18 16:00:11,322][TRACE][action.search.type       ] [node_0] Moving to second phase, based on results from: [t8Mqv-hjRzqYCBodDxtrKQ][test][11],[t8Mqv-hjRzqYCBodDxtrKQ][test][10],[tbUF3y2YTPm1TPdTF8YBYw][test][0],[q75XUfcITqG3o93Z8EOFnw][test][1],[q75XUfcITqG3o93Z8EOFnw][test][5],[q75XUfcITqG3o93Z8EOFnw][test][4],[tbUF3y2YTPm1TPdTF8YBYw][test][3],[tbUF3y2YTPm1TPdTF8YBYw][test][2],[t8Mqv-hjRzqYCBodDxtrKQ][test][9],[t8Mqv-hjRzqYCBodDxtrKQ][test][8],[t8Mqv-hjRzqYCBodDxtrKQ][test][7],[tbUF3y2YTPm1TPdTF8YBYw][test][6] (cluster state version: 6879)
[2014-02-18 16:00:11,332][TRACE][action.search.type       ] [node_2] Moving to second phase, based on results from: [t8Mqv-hjRzqYCBodDxtrKQ][test][11],[q75XUfcITqG3o93Z8EOFnw][test][10],[t8Mqv-hjRzqYCBodDxtrKQ][test][0],[tbUF3y2YTPm1TPdTF8YBYw][test][1],[q75XUfcITqG3o93Z8EOFnw][test][5],[q75XUfcITqG3o93Z8EOFnw][test][4],[tbUF3y2YTPm1TPdTF8YBYw][test][3],[tbUF3y2YTPm1TPdTF8YBYw][test][2],[t8Mqv-hjRzqYCBodDxtrKQ][test][9],[q75XUfcITqG3o93Z8EOFnw][test][8],[t8Mqv-hjRzqYCBodDxtrKQ][test][7],[tbUF3y2YTPm1TPdTF8YBYw][test][6] (cluster state version: 6880)
[2014-02-18 16:00:11,337][TRACE][action.search.type       ] [node_2] Moving to second phase, based on results from: [tbUF3y2YTPm1TPdTF8YBYw][test][11],[t8Mqv-hjRzqYCBodDxtrKQ][test][10],[tbUF3y2YTPm1TPdTF8YBYw][test][0],[q75XUfcITqG3o93Z8EOFnw][test][1],[t8Mqv-hjRzqYCBodDxtrKQ][test][5],[tbUF3y2YTPm1TPdTF8YBYw][test][4],[q75XUfcITqG3o93Z8EOFnw][test][3],[q75XUfcITqG3o93Z8EOFnw][test][2],[tbUF3y2YTPm1TPdTF8YBYw][test][9],[t8Mqv-hjRzqYCBodDxtrKQ][test][8],[q75XUfcITqG3o93Z8EOFnw][test][7],[t8Mqv-hjRzqYCBodDxtrKQ][test][6] (cluster state version: 6880)
[2014-02-18 16:00:11,345][TRACE][action.search.type       ] [node_0] Moving to second phase, based on results from: [tbUF3y2YTPm1TPdTF8YBYw][test][11],[q75XUfcITqG3o93Z8EOFnw][test][10],[t8Mqv-hjRzqYCBodDxtrKQ][test][0],[tbUF3y2YTPm1TPdTF8YBYw][test][1],[t8Mqv-hjRzqYCBodDxtrKQ][test][5],[tbUF3y2YTPm1TPdTF8YBYw][test][4],[q75XUfcITqG3o93Z8EOFnw][test][3],[q75XUfcITqG3o93Z8EOFnw][test][2],[tbUF3y2YTPm1TPdTF8YBYw][test][9],[q75XUfcITqG3o93Z8EOFnw][test][8],[q75XUfcITqG3o93Z8EOFnw][test][7],[t8Mqv-hjRzqYCBodDxtrKQ][test][6] (cluster state version: 6879)
[2014-02-18 16:00:11,349][TRACE][action.search.type       ] [node_1] Moving to second phase, based on results from: [t8Mqv-hjRzqYCBodDxtrKQ][test][11],[t8Mqv-hjRzqYCBodDxtrKQ][test][10],[t8Mqv-hjRzqYCBodDxtrKQ][test][0],[tbUF3y2YTPm1TPdTF8YBYw][test][1],[t8Mqv-hjRzqYCBodDxtrKQ][test][5],[tbUF3y2YTPm1TPdTF8YBYw][test][4],[tbUF3y2YTPm1TPdTF8YBYw][test][3],[q75XUfcITqG3o93Z8EOFnw][test][2],[t8Mqv-hjRzqYCBodDxtrKQ][test][9],[t8Mqv-hjRzqYCBodDxtrKQ][test][8],[q75XUfcITqG3o93Z8EOFnw][test][7],[tbUF3y2YTPm1TPdTF8YBYw][test][6] (cluster state version: 6880)
[2014-02-18 16:00:11,354][TRACE][action.search.type       ] [node_2] Moving to second phase, based on results from: [t8Mqv-hjRzqYCBodDxtrKQ][test][11],[q75XUfcITqG3o93Z8EOFnw][test][10],[t8Mqv-hjRzqYCBodDxtrKQ][test][0],[tbUF3y2YTPm1TPdTF8YBYw][test][1],[q75XUfcITqG3o93Z8EOFnw][test][5],[q75XUfcITqG3o93Z8EOFnw][test][4],[tbUF3y2YTPm1TPdTF8YBYw][test][3],[tbUF3y2YTPm1TPdTF8YBYw][test][2],[t8Mqv-hjRzqYCBodDxtrKQ][test][9],[q75XUfcITqG3o93Z8EOFnw][test][8],[t8Mqv-hjRzqYCBodDxtrKQ][test][7],[tbUF3y2YTPm1TPdTF8YBYw][test][6] (cluster state version: 6880)
[2014-02-18 16:00:11,357][TRACE][action.search.type       ] [node_1] Moving to second phase, based on results from: [tbUF3y2YTPm1TPdTF8YBYw][test][11],[q75XUfcITqG3o93Z8EOFnw][test][10],[tbUF3y2YTPm1TPdTF8YBYw][test][0],[q75XUfcITqG3o93Z8EOFnw][test][1],[q75XUfcITqG3o93Z8EOFnw][test][5],[q75XUfcITqG3o93Z8EOFnw][test][4],[q75XUfcITqG3o93Z8EOFnw][test][3],[tbUF3y2YTPm1TPdTF8YBYw][test][2],[tbUF3y2YTPm1TPdTF8YBYw][test][9],[q75XUfcITqG3o93Z8EOFnw][test][8],[t8Mqv-hjRzqYCBodDxtrKQ][test][7],[t8Mqv-hjRzqYCBodDxtrKQ][test][6] (cluster state version: 6880)
[2014-02-18 16:00:11,361][TRACE][action.search.type       ] [node_2] Moving to second phase, based on results from: [tbUF3y2YTPm1TPdTF8YBYw][test][11],[t8Mqv-hjRzqYCBodDxtrKQ][test][10],[tbUF3y2YTPm1TPdTF8YBYw][test][0],[q75XUfcITqG3o93Z8EOFnw][test][1],[t8Mqv-hjRzqYCBodDxtrKQ][test][5],[tbUF3y2YTPm1TPdTF8YBYw][test][4],[q75XUfcITqG3o93Z8EOFnw][test][3],[q75XUfcITqG3o93Z8EOFnw][test][2],[tbUF3y2YTPm1TPdTF8YBYw][test][9],[t8Mqv-hjRzqYCBodDxtrKQ][test][8],[q75XUfcITqG3o93Z8EOFnw][test][7],[t8Mqv-hjRzqYCBodDxtrKQ][test][6] (cluster state version: 6880)
[2014-02-18 16:00:11,370][TRACE][action.search.type       ] [node_0] Moving to second phase, based on results from: [tbUF3y2YTPm1TPdTF8YBYw][test][11],[t8Mqv-hjRzqYCBodDxtrKQ][test][10],[t8Mqv-hjRzqYCBodDxtrKQ][test][0],[tbUF3y2YTPm1TPdTF8YBYw][test][1],[t8Mqv-hjRzqYCBodDxtrKQ][test][5],[tbUF3y2YTPm1TPdTF8YBYw][test][4],[tbUF3y2YTPm1TPdTF8YBYw][test][3],[q75XUfcITqG3o93Z8EOFnw][test][2],[t8Mqv-hjRzqYCBodDxtrKQ][test][9],[q75XUfcITqG3o93Z8EOFnw][test][8],[q75XUfcITqG3o93Z8EOFnw][test][7],[t8Mqv-hjRzqYCBodDxtrKQ][test][6] (cluster state version: 6880)
[2014-02-18 16:00:11,378][TRACE][action.search.type       ] [node_1] Moving to second phase, based on results from: [tbUF3y2YTPm1TPdTF8YBYw][test][11],[t8Mqv-hjRzqYCBodDxtrKQ][test][10],[tbUF3y2YTPm1TPdTF8YBYw][test][0],[q75XUfcITqG3o93Z8EOFnw][test][1],[t8Mqv-hjRzqYCBodDxtrKQ][test][5],[tbUF3y2YTPm1TPdTF8YBYw][test][4],[tbUF3y2YTPm1TPdTF8YBYw][test][3],[q75XUfcITqG3o93Z8EOFnw][test][2],[t8Mqv-hjRzqYCBodDxtrKQ][test][9],[q75XUfcITqG3o93Z8EOFnw][test][8],[t8Mqv-hjRzqYCBodDxtrKQ][test][7],[tbUF3y2YTPm1TPdTF8YBYw][test][6] (cluster state version: 6881)
[2014-02-18 16:00:11,383][TRACE][action.search.type       ] [node_0] Moving to second phase, based on results from: [tbUF3y2YTPm1TPdTF8YBYw][test][11],[q75XUfcITqG3o93Z8EOFnw][test][10],[tbUF3y2YTPm1TPdTF8YBYw][test][0],[tbUF3y2YTPm1TPdTF8YBYw][test][1],[t8Mqv-hjRzqYCBodDxtrKQ][test][5],[tbUF3y2YTPm1TPdTF8YBYw][test][4],[tbUF3y2YTPm1TPdTF8YBYw][test][3],[q75XUfcITqG3o93Z8EOFnw][test][2],[tbUF3y2YTPm1TPdTF8YBYw][test][9],[q75XUfcITqG3o93Z8EOFnw][test][8],[t8Mqv-hjRzqYCBodDxtrKQ][test][7],[tbUF3y2YTPm1TPdTF8YBYw][test][6] (cluster state version: 6881)
[2014-02-18 16:00:11,389][TRACE][action.search.type       ] [node_0] Moving to second phase, based on results from: [t8Mqv-hjRzqYCBodDxtrKQ][test][11],[t8Mqv-hjRzqYCBodDxtrKQ][test][10],[t8Mqv-hjRzqYCBodDxtrKQ][test][0],[q75XUfcITqG3o93Z8EOFnw][test][1],[q75XUfcITqG3o93Z8EOFnw][test][5],[q75XUfcITqG3o93Z8EOFnw][test][4],[q75XUfcITqG3o93Z8EOFnw][test][3],[tbUF3y2YTPm1TPdTF8YBYw][test][2],[t8Mqv-hjRzqYCBodDxtrKQ][test][9],[t8Mqv-hjRzqYCBodDxtrKQ][test][8],[q75XUfcITqG3o93Z8EOFnw][test][7],[t8Mqv-hjRzqYCBodDxtrKQ][test][6] (cluster state version: 6881)
[2014-02-18 16:00:11,394][TRACE][action.search.type       ] [node_0] Moving to second phase, based on results from: [tbUF3y2YTPm1TPdTF8YBYw][test][11],[q75XUfcITqG3o93Z8EOFnw][test][10],[tbUF3y2YTPm1TPdTF8YBYw][test][0],[tbUF3y2YTPm1TPdTF8YBYw][test][1],[t8Mqv-hjRzqYCBodDxtrKQ][test][5],[tbUF3y2YTPm1TPdTF8YBYw][test][4],[tbUF3y2YTPm1TPdTF8YBYw][test][3],[q75XUfcITqG3o93Z8EOFnw][test][2],[tbUF3y2YTPm1TPdTF8YBYw][test][9],[q75XUfcITqG3o93Z8EOFnw][test][8],[t8Mqv-hjRzqYCBodDxtrKQ][test][7],[tbUF3y2YTPm1TPdTF8YBYw][test][6] (cluster state version: 6881)
[2014-02-18 16:00:11,397][TRACE][action.search.type       ] [node_1] Moving to second phase, based on results from: [t8Mqv-hjRzqYCBodDxtrKQ][test][11],[q75XUfcITqG3o93Z8EOFnw][test][10],[t8Mqv-hjRzqYCBodDxtrKQ][test][0],[tbUF3y2YTPm1TPdTF8YBYw][test][1],[q75XUfcITqG3o93Z8EOFnw][test][5],[q75XUfcITqG3o93Z8EOFnw][test][4],[q75XUfcITqG3o93Z8EOFnw][test][3],[tbUF3y2YTPm1TPdTF8YBYw][test][2],[tbUF3y2YTPm1TPdTF8YBYw][test][9],[t8Mqv-hjRzqYCBodDxtrKQ][test][8],[q75XUfcITqG3o93Z8EOFnw][test][7],[t8Mqv-hjRzqYCBodDxtrKQ][test][6] (cluster state version: 6881)
[2014-02-18 16:00:11,400][TRACE][action.search.type       ] [node_1] Moving to second phase, based on results from: [tbUF3y2YTPm1TPdTF8YBYw][test][11],[t8Mqv-hjRzqYCBodDxtrKQ][test][10],[tbUF3y2YTPm1TPdTF8YBYw][test][0],[q75XUfcITqG3o93Z8EOFnw][test][1],[t8Mqv-hjRzqYCBodDxtrKQ][test][5],[tbUF3y2YTPm1TPdTF8YBYw][test][4],[tbUF3y2YTPm1TPdTF8YBYw][test][3],[q75XUfcITqG3o93Z8EOFnw][test][2],[t8Mqv-hjRzqYCBodDxtrKQ][test][9],[q75XUfcITqG3o93Z8EOFnw][test][8],[t8Mqv-hjRzqYCBodDxtrKQ][test][7],[tbUF3y2YTPm1TPdTF8YBYw][test][6] (cluster state version: 6881)
[2014-02-18 16:00:11,405][TRACE][action.search.type       ] [node_1] Moving to second phase, based on results from: [t8Mqv-hjRzqYCBodDxtrKQ][test][11],[q75XUfcITqG3o93Z8EOFnw][test][10],[t8Mqv-hjRzqYCBodDxtrKQ][test][0],[tbUF3y2YTPm1TPdTF8YBYw][test][1],[q75XUfcITqG3o93Z8EOFnw][test][5],[q75XUfcITqG3o93Z8EOFnw][test][4],[q75XUfcITqG3o93Z8EOFnw][test][3],[tbUF3y2YTPm1TPdTF8YBYw][test][2],[tbUF3y2YTPm1TPdTF8YBYw][test][9],[t8Mqv-hjRzqYCBodDxtrKQ][test][8],[q75XUfcITqG3o93Z8EOFnw][test][7],[t8Mqv-hjRzqYCBodDxtrKQ][test][6] (cluster state version: 6881)
[2014-02-18 16:00:11,408][TRACE][action.search.type       ] [node_1] Moving to second phase, based on results from: [tbUF3y2YTPm1TPdTF8YBYw][test][11],[t8Mqv-hjRzqYCBodDxtrKQ][test][10],[tbUF3y2YTPm1TPdTF8YBYw][test][0],[q75XUfcITqG3o93Z8EOFnw][test][1],[t8Mqv-hjRzqYCBodDxtrKQ][test][5],[tbUF3y2YTPm1TPdTF8YBYw][test][4],[tbUF3y2YTPm1TPdTF8YBYw][test][3],[q75XUfcITqG3o93Z8EOFnw][test][2],[t8Mqv-hjRzqYCBodDxtrKQ][test][9],[q75XUfcITqG3o93Z8EOFnw][test][8],[t8Mqv-hjRzqYCBodDxtrKQ][test][7],[tbUF3y2YTPm1TPdTF8YBYw][test][6] (cluster state version: 6881)
[2014-02-18 16:00:11,414][TRACE][action.search.type       ] [node_1] Moving to second phase, based on results from: [t8Mqv-hjRzqYCBodDxtrKQ][test][11],[q75XUfcITqG3o93Z8EOFnw][test][10],[t8Mqv-hjRzqYCBodDxtrKQ][test][0],[tbUF3y2YTPm1TPdTF8YBYw][test][1],[q75XUfcITqG3o93Z8EOFnw][test][5],[q75XUfcITqG3o93Z8EOFnw][test][4],[q75XUfcITqG3o93Z8EOFnw][test][3],[tbUF3y2YTPm1TPdTF8YBYw][test][2],[tbUF3y2YTPm1TPdTF8YBYw][test][9],[t8Mqv-hjRzqYCBodDxtrKQ][test][8],[q75XUfcITqG3o93Z8EOFnw][test][7],[t8Mqv-hjRzqYCBodDxtrKQ][test][6] (cluster state version: 6881)
[2014-02-18 16:00:11,418][TRACE][action.search.type       ] [node_1] Moving to second phase, based on results from: [tbUF3y2YTPm1TPdTF8YBYw][test][11],[t8Mqv-hjRzqYCBodDxtrKQ][test][10],[tbUF3y2YTPm1TPdTF8YBYw][test][0],[q75XUfcITqG3o93Z8EOFnw][test][1],[t8Mqv-hjRzqYCBodDxtrKQ][test][5],[tbUF3y2YTPm1TPdTF8YBYw][test][4],[tbUF3y2YTPm1TPdTF8YBYw][test][3],[q75XUfcITqG3o93Z8EOFnw][test][2],[t8Mqv-hjRzqYCBodDxtrKQ][test][9],[q75XUfcITqG3o93Z8EOFnw][test][8],[t8Mqv-hjRzqYCBodDxtrKQ][test][7],[tbUF3y2YTPm1TPdTF8YBYw][test][6] (cluster state version: 6881)
[2014-02-18 16:00:11,422][TRACE][action.search.type       ] [node_1] Moving to second phase, based on results from: [t8Mqv-hjRzqYCBodDxtrKQ][test][11],[q75XUfcITqG3o93Z8EOFnw][test][10],[t8Mqv-hjRzqYCBodDxtrKQ][test][0],[tbUF3y2YTPm1TPdTF8YBYw][test][1],[q75XUfcITqG3o93Z8EOFnw][test][5],[q75XUfcITqG3o93Z8EOFnw][test][4],[q75XUfcITqG3o93Z8EOFnw][test][3],[tbUF3y2YTPm1TPdTF8YBYw][test][2],[tbUF3y2YTPm1TPdTF8YBYw][test][9],[t8Mqv-hjRzqYCBodDxtrKQ][test][8],[q75XUfcITqG3o93Z8EOFnw][test][7],[t8Mqv-hjRzqYCBodDxtrKQ][test][6] (cluster state version: 6881)
[2014-02-18 16:00:11,426][TRACE][action.search.type       ] [node_2] Moving to second phase, based on results from: [tbUF3y2YTPm1TPdTF8YBYw][test][11],[q75XUfcITqG3o93Z8EOFnw][test][10],[tbUF3y2YTPm1TPdTF8YBYw][test][0],[tbUF3y2YTPm1TPdTF8YBYw][test][1],[t8Mqv-hjRzqYCBodDxtrKQ][test][5],[tbUF3y2YTPm1TPdTF8YBYw][test][4],[q75XUfcITqG3o93Z8EOFnw][test][3],[tbUF3y2YTPm1TPdTF8YBYw][test][2],[t8Mqv-hjRzqYCBodDxtrKQ][test][9],[t8Mqv-hjRzqYCBodDxtrKQ][test][8],[t8Mqv-hjRzqYCBodDxtrKQ][test][7],[tbUF3y2YTPm1TPdTF8YBYw][test][6] (cluster state version: 6881)
[2014-02-18 16:00:11,431][TRACE][action.search.type       ] [node_1] Moving to second phase, based on results from: [tbUF3y2YTPm1TPdTF8YBYw][test][11],[t8Mqv-hjRzqYCBodDxtrKQ][test][10],[tbUF3y2YTPm1TPdTF8YBYw][test][0],[q75XUfcITqG3o93Z8EOFnw][test][1],[t8Mqv-hjRzqYCBodDxtrKQ][test][5],[tbUF3y2YTPm1TPdTF8YBYw][test][4],[tbUF3y2YTPm1TPdTF8YBYw][test][3],[q75XUfcITqG3o93Z8EOFnw][test][2],[t8Mqv-hjRzqYCBodDxtrKQ][test][9],[q75XUfcITqG3o93Z8EOFnw][test][8],[t8Mqv-hjRzqYCBodDxtrKQ][test][7],[tbUF3y2YTPm1TPdTF8YBYw][test][6] (cluster state version: 6881)
[2014-02-18 16:00:11,436][TRACE][action.search.type       ] [node_0] Moving to second phase, based on results from: [t8Mqv-hjRzqYCBodDxtrKQ][test][11],[t8Mqv-hjRzqYCBodDxtrKQ][test][10],[t8Mqv-hjRzqYCBodDxtrKQ][test][0],[q75XUfcITqG3o93Z8EOFnw][test][1],[q75XUfcITqG3o93Z8EOFnw][test][5],[q75XUfcITqG3o93Z8EOFnw][test][4],[q75XUfcITqG3o93Z8EOFnw][test][3],[tbUF3y2YTPm1TPdTF8YBYw][test][2],[t8Mqv-hjRzqYCBodDxtrKQ][test][9],[t8Mqv-hjRzqYCBodDxtrKQ][test][8],[q75XUfcITqG3o93Z8EOFnw][test][7],[t8Mqv-hjRzqYCBodDxtrKQ][test][6] (cluster state version: 6881)
[2014-02-18 16:00:11,472][TRACE][action.search.type       ] [node_2] Moving to second phase, based on results from: [t8Mqv-hjRzqYCBodDxtrKQ][test][11],[t8Mqv-hjRzqYCBodDxtrKQ][test][10],[t8Mqv-hjRzqYCBodDxtrKQ][test][0],[q75XUfcITqG3o93Z8EOFnw][test][1],[q75XUfcITqG3o93Z8EOFnw][test][5],[q75XUfcITqG3o93Z8EOFnw][test][4],[tbUF3y2YTPm1TPdTF8YBYw][test][3],[q75XUfcITqG3o93Z8EOFnw][test][2],[tbUF3y2YTPm1TPdTF8YBYw][test][9],[q75XUfcITqG3o93Z8EOFnw][test][8],[q75XUfcITqG3o93Z8EOFnw][test][7],[t8Mqv-hjRzqYCBodDxtrKQ][test][6] (cluster state version: 6881)
[2014-02-18 16:00:11,482][TRACE][action.search.type       ] [node_1] Moving to second phase, based on results from: [t8Mqv-hjRzqYCBodDxtrKQ][test][11],[q75XUfcITqG3o93Z8EOFnw][test][10],[t8Mqv-hjRzqYCBodDxtrKQ][test][0],[tbUF3y2YTPm1TPdTF8YBYw][test][1],[q75XUfcITqG3o93Z8EOFnw][test][5],[q75XUfcITqG3o93Z8EOFnw][test][4],[q75XUfcITqG3o93Z8EOFnw][test][3],[tbUF3y2YTPm1TPdTF8YBYw][test][2],[tbUF3y2YTPm1TPdTF8YBYw][test][9],[t8Mqv-hjRzqYCBodDxtrKQ][test][8],[q75XUfcITqG3o93Z8EOFnw][test][7],[t8Mqv-hjRzqYCBodDxtrKQ][test][6] (cluster state version: 6881)
[2014-02-18 16:00:11,487][TRACE][action.search.type       ] [node_2] Moving to second phase, based on results from: [tbUF3y2YTPm1TPdTF8YBYw][test][11],[q75XUfcITqG3o93Z8EOFnw][test][10],[tbUF3y2YTPm1TPdTF8YBYw][test][0],[tbUF3y2YTPm1TPdTF8YBYw][test][1],[t8Mqv-hjRzqYCBodDxtrKQ][test][5],[tbUF3y2YTPm1TPdTF8YBYw][test][4],[q75XUfcITqG3o93Z8EOFnw][test][3],[tbUF3y2YTPm1TPdTF8YBYw][test][2],[t8Mqv-hjRzqYCBodDxtrKQ][test][9],[t8Mqv-hjRzqYCBodDxtrKQ][test][8],[t8Mqv-hjRzqYCBodDxtrKQ][test][7],[tbUF3y2YTPm1TPdTF8YBYw][test][6] (cluster state version: 6881)
[2014-02-18 16:00:11,499][TRACE][action.search.type       ] [node_2] Moving to second phase, based on results from: [t8Mqv-hjRzqYCBodDxtrKQ][test][11],[t8Mqv-hjRzqYCBodDxtrKQ][test][10],[t8Mqv-hjRzqYCBodDxtrKQ][test][0],[q75XUfcITqG3o93Z8EOFnw][test][1],[q75XUfcITqG3o93Z8EOFnw][test][5],[q75XUfcITqG3o93Z8EOFnw][test][4],[tbUF3y2YTPm1TPdTF8YBYw][test][3],[q75XUfcITqG3o93Z8EOFnw][test][2],[tbUF3y2YTPm1TPdTF8YBYw][test][9],[q75XUfcITqG3o93Z8EOFnw][test][8],[q75XUfcITqG3o93Z8EOFnw][test][7],[t8Mqv-hjRzqYCBodDxtrKQ][test][6] (cluster state version: 6881)
[2014-02-18 16:00:11,511][TRACE][action.search.type       ] [node_0] Moving to second phase, based on results from: [tbUF3y2YTPm1TPdTF8YBYw][test][11],[q75XUfcITqG3o93Z8EOFnw][test][10],[tbUF3y2YTPm1TPdTF8YBYw][test][0],[tbUF3y2YTPm1TPdTF8YBYw][test][1],[t8Mqv-hjRzqYCBodDxtrKQ][test][5],[tbUF3y2YTPm1TPdTF8YBYw][test][4],[tbUF3y2YTPm1TPdTF8YBYw][test][3],[q75XUfcITqG3o93Z8EOFnw][test][2],[tbUF3y2YTPm1TPdTF8YBYw][test][9],[q75XUfcITqG3o93Z8EOFnw][test][8],[t8Mqv-hjRzqYCBodDxtrKQ][test][7],[tbUF3y2YTPm1TPdTF8YBYw][test][6] (cluster state version: 6881)
[2014-02-18 16:00:11,515][TRACE][action.search.type       ] [node_2] Moving to second phase, based on results from: [tbUF3y2YTPm1TPdTF8YBYw][test][11],[q75XUfcITqG3o93Z8EOFnw][test][10],[tbUF3y2YTPm1TPdTF8YBYw][test][0],[tbUF3y2YTPm1TPdTF8YBYw][test][1],[t8Mqv-hjRzqYCBodDxtrKQ][test][5],[tbUF3y2YTPm1TPdTF8YBYw][test][4],[q75XUfcITqG3o93Z8EOFnw][test][3],[tbUF3y2YTPm1TPdTF8YBYw][test][2],[t8Mqv-hjRzqYCBodDxtrKQ][test][9],[t8Mqv-hjRzqYCBodDxtrKQ][test][8],[t8Mqv-hjRzqYCBodDxtrKQ][test][7],[tbUF3y2YTPm1TPdTF8YBYw][test][6] (cluster state version: 6881)
[2014-02-18 16:00:11,519][TRACE][action.search.type       ] [node_1] Moving to second phase, based on results from: [tbUF3y2YTPm1TPdTF8YBYw][test][11],[t8Mqv-hjRzqYCBodDxtrKQ][test][10],[tbUF3y2YTPm1TPdTF8YBYw][test][0],[q75XUfcITqG3o93Z8EOFnw][test][1],[t8Mqv-hjRzqYCBodDxtrKQ][test][5],[tbUF3y2YTPm1TPdTF8YBYw][test][4],[tbUF3y2YTPm1TPdTF8YBYw][test][3],[q75XUfcITqG3o93Z8EOFnw][test][2],[t8Mqv-hjRzqYCBodDxtrKQ][test][9],[q75XUfcITqG3o93Z8EOFnw][test][8],[t8Mqv-hjRzqYCBodDxtrKQ][test][7],[tbUF3y2YTPm1TPdTF8YBYw][test][6] (cluster state version: 6881)
[2014-02-18 16:00:11,523][TRACE][action.search.type       ] [node_1] Moving to second phase, based on results from: [t8Mqv-hjRzqYCBodDxtrKQ][test][11],[q75XUfcITqG3o93Z8EOFnw][test][10],[t8Mqv-hjRzqYCBodDxtrKQ][test][0],[tbUF3y2YTPm1TPdTF8YBYw][test][1],[q75XUfcITqG3o93Z8EOFnw][test][5],[q75XUfcITqG3o93Z8EOFnw][test][4],[q75XUfcITqG3o93Z8EOFnw][test][3],[tbUF3y2YTPm1TPdTF8YBYw][test][2],[tbUF3y2YTPm1TPdTF8YBYw][test][9],[t8Mqv-hjRzqYCBodDxtrKQ][test][8],[q75XUfcITqG3o93Z8EOFnw][test][7],[t8Mqv-hjRzqYCBodDxtrKQ][test][6] (cluster state version: 6881)
[2014-02-18 16:00:11,529][TRACE][action.search.type       ] [node_1] Moving to second phase, based on results from: [tbUF3y2YTPm1TPdTF8YBYw][test][11],[t8Mqv-hjRzqYCBodDxtrKQ][test][10],[tbUF3y2YTPm1TPdTF8YBYw][test][0],[q75XUfcITqG3o93Z8EOFnw][test][1],[t8Mqv-hjRzqYCBodDxtrKQ][test][5],[tbUF3y2YTPm1TPdTF8YBYw][test][4],[tbUF3y2YTPm1TPdTF8YBYw][test][3],[q75XUfcITqG3o93Z8EOFnw][test][2],[t8Mqv-hjRzqYCBodDxtrKQ][test][9],[q75XUfcITqG3o93Z8EOFnw][test][8],[t8Mqv-hjRzqYCBodDxtrKQ][test][7],[tbUF3y2YTPm1TPdTF8YBYw][test][6] (cluster state version: 6881)
[2014-02-18 16:00:11,538][TRACE][action.search.type       ] [node_2] Moving to second phase, based on results from: [t8Mqv-hjRzqYCBodDxtrKQ][test][11],[t8Mqv-hjRzqYCBodDxtrKQ][test][10],[t8Mqv-hjRzqYCBodDxtrKQ][test][0],[q75XUfcITqG3o93Z8EOFnw][test][1],[q75XUfcITqG3o93Z8EOFnw][test][5],[q75XUfcITqG3o93Z8EOFnw][test][4],[tbUF3y2YTPm1TPdTF8YBYw][test][3],[q75XUfcITqG3o93Z8EOFnw][test][2],[tbUF3y2YTPm1TPdTF8YBYw][test][9],[q75XUfcITqG3o93Z8EOFnw][test][8],[q75XUfcITqG3o93Z8EOFnw][test][7],[t8Mqv-hjRzqYCBodDxtrKQ][test][6] (cluster state version: 6881)
[2014-02-18 16:00:11,561][TRACE][action.search.type       ] [node_0] [test][6], node[t8Mqv-hjRzqYCBodDxtrKQ], relocating [q75XUfcITqG3o93Z8EOFnw], [P], s[RELOCATING]: Failed to execute [org.elasticsearch.action.search.SearchRequest@685466ce] lastShard [false]
org.elasticsearch.transport.RemoteTransportException: [node_1][inet[/10.1.10.75:9301]][search/phase/dfs]
Caused by: org.elasticsearch.index.IndexShardMissingException: [test][6] missing
	at org.elasticsearch.index.service.InternalIndexService.shardSafe(InternalIndexService.java:184)
	at org.elasticsearch.search.SearchService.createContext(SearchService.java:479)
	at org.elasticsearch.search.SearchService.createContext(SearchService.java:474)
	at org.elasticsearch.search.SearchService.createAndPutContext(SearchService.java:467)
	at org.elasticsearch.search.SearchService.executeDfsPhase(SearchService.java:173)
	at org.elasticsearch.search.action.SearchServiceTransportAction$SearchDfsTransportHandler.messageReceived(SearchServiceTransportAction.java:602)
	at org.elasticsearch.search.action.SearchServiceTransportAction$SearchDfsTransportHandler.messageReceived(SearchServiceTransportAction.java:591)
	at org.elasticsearch.transport.netty.MessageChannelHandler$RequestHandler.run(MessageChannelHandler.java:270)
	at java.util.concurrent.ThreadPoolExecutor.runWorker(ThreadPoolExecutor.java:1145)
	at java.util.concurrent.ThreadPoolExecutor$Worker.run(ThreadPoolExecutor.java:615)
	at java.lang.Thread.run(Thread.java:744)
[2014-02-18 16:00:11,565][TRACE][action.search.type       ] [node_0] Moving to second phase, based on results from: [t8Mqv-hjRzqYCBodDxtrKQ][test][11],[t8Mqv-hjRzqYCBodDxtrKQ][test][10],[t8Mqv-hjRzqYCBodDxtrKQ][test][0],[q75XUfcITqG3o93Z8EOFnw][test][1],[q75XUfcITqG3o93Z8EOFnw][test][5],[q75XUfcITqG3o93Z8EOFnw][test][4],[q75XUfcITqG3o93Z8EOFnw][test][3],[tbUF3y2YTPm1TPdTF8YBYw][test][2],[t8Mqv-hjRzqYCBodDxtrKQ][test][9],[t8Mqv-hjRzqYCBodDxtrKQ][test][8],[q75XUfcITqG3o93Z8EOFnw][test][7],[tbUF3y2YTPm1TPdTF8YBYw][test][6] (cluster state version: 6881)
[2014-02-18 16:00:11,571][TRACE][action.search.type       ] [node_1] Moving to second phase, based on results from: [t8Mqv-hjRzqYCBodDxtrKQ][test][11],[t8Mqv-hjRzqYCBodDxtrKQ][test][10],[tbUF3y2YTPm1TPdTF8YBYw][test][0],[q75XUfcITqG3o93Z8EOFnw][test][1],[q75XUfcITqG3o93Z8EOFnw][test][5],[q75XUfcITqG3o93Z8EOFnw][test][4],[q75XUfcITqG3o93Z8EOFnw][test][3],[tbUF3y2YTPm1TPdTF8YBYw][test][2],[t8Mqv-hjRzqYCBodDxtrKQ][test][9],[q75XUfcITqG3o93Z8EOFnw][test][8],[t8Mqv-hjRzqYCBodDxtrKQ][test][7],[q75XUfcITqG3o93Z8EOFnw][test][6] (cluster state version: 6882)
[2014-02-18 16:00:11,575][TRACE][action.search.type       ] [node_0] Moving to second phase, based on results from: [tbUF3y2YTPm1TPdTF8YBYw][test][11],[q75XUfcITqG3o93Z8EOFnw][test][10],[tbUF3y2YTPm1TPdTF8YBYw][test][0],[tbUF3y2YTPm1TPdTF8YBYw][test][1],[t8Mqv-hjRzqYCBodDxtrKQ][test][5],[tbUF3y2YTPm1TPdTF8YBYw][test][4],[tbUF3y2YTPm1TPdTF8YBYw][test][3],[q75XUfcITqG3o93Z8EOFnw][test][2],[tbUF3y2YTPm1TPdTF8YBYw][test][9],[q75XUfcITqG3o93Z8EOFnw][test][8],[t8Mqv-hjRzqYCBodDxtrKQ][test][7],[tbUF3y2YTPm1TPdTF8YBYw][test][6] (cluster state version: 6881)
[2014-02-18 16:00:11,583][TRACE][action.search.type       ] [node_0] Moving to second phase, based on results from: [t8Mqv-hjRzqYCBodDxtrKQ][test][11],[q75XUfcITqG3o93Z8EOFnw][test][10],[t8Mqv-hjRzqYCBodDxtrKQ][test][0],[tbUF3y2YTPm1TPdTF8YBYw][test][1],[q75XUfcITqG3o93Z8EOFnw][test][5],[tbUF3y2YTPm1TPdTF8YBYw][test][4],[q75XUfcITqG3o93Z8EOFnw][test][3],[tbUF3y2YTPm1TPdTF8YBYw][test][2],[tbUF3y2YTPm1TPdTF8YBYw][test][9],[t8Mqv-hjRzqYCBodDxtrKQ][test][8],[t8Mqv-hjRzqYCBodDxtrKQ][test][7],[q75XUfcITqG3o93Z8EOFnw][test][6] (cluster state version: 6882)
[2014-02-18 16:00:11,586][TRACE][action.search.type       ] [node_2] Moving to second phase, based on results from: [tbUF3y2YTPm1TPdTF8YBYw][test][11],[q75XUfcITqG3o93Z8EOFnw][test][10],[t8Mqv-hjRzqYCBodDxtrKQ][test][0],[q75XUfcITqG3o93Z8EOFnw][test][1],[t8Mqv-hjRzqYCBodDxtrKQ][test][5],[q75XUfcITqG3o93Z8EOFnw][test][4],[tbUF3y2YTPm1TPdTF8YBYw][test][3],[tbUF3y2YTPm1TPdTF8YBYw][test][2],[tbUF3y2YTPm1TPdTF8YBYw][test][9],[q75XUfcITqG3o93Z8EOFnw][test][8],[t8Mqv-hjRzqYCBodDxtrKQ][test][7],[tbUF3y2YTPm1TPdTF8YBYw][test][6] (cluster state version: 6882)
[2014-02-18 16:00:11,596][TRACE][action.search.type       ] [node_0] Moving to second phase, based on results from: [tbUF3y2YTPm1TPdTF8YBYw][test][11],[t8Mqv-hjRzqYCBodDxtrKQ][test][10],[tbUF3y2YTPm1TPdTF8YBYw][test][0],[q75XUfcITqG3o93Z8EOFnw][test][1],[t8Mqv-hjRzqYCBodDxtrKQ][test][5],[q75XUfcITqG3o93Z8EOFnw][test][4],[tbUF3y2YTPm1TPdTF8YBYw][test][3],[q75XUfcITqG3o93Z8EOFnw][test][2],[t8Mqv-hjRzqYCBodDxtrKQ][test][9],[q75XUfcITqG3o93Z8EOFnw][test][8],[q75XUfcITqG3o93Z8EOFnw][test][7],[tbUF3y2YTPm1TPdTF8YBYw][test][6] (cluster state version: 6882)
[2014-02-18 16:00:11,605][TRACE][action.search.type       ] [node_2] Moving to second phase, based on results from: [t8Mqv-hjRzqYCBodDxtrKQ][test][11],[t8Mqv-hjRzqYCBodDxtrKQ][test][10],[tbUF3y2YTPm1TPdTF8YBYw][test][0],[tbUF3y2YTPm1TPdTF8YBYw][test][1],[t8Mqv-hjRzqYCBodDxtrKQ][test][5],[q75XUfcITqG3o93Z8EOFnw][test][4],[q75XUfcITqG3o93Z8EOFnw][test][3],[tbUF3y2YTPm1TPdTF8YBYw][test][2],[tbUF3y2YTPm1TPdTF8YBYw][test][9],[t8Mqv-hjRzqYCBodDxtrKQ][test][8],[q75XUfcITqG3o93Z8EOFnw][test][7],[q75XUfcITqG3o93Z8EOFnw][test][6] (cluster state version: 6883)
[2014-02-18 16:00:11,611][TRACE][action.search.type       ] [node_0] [test][0], node[t8Mqv-hjRzqYCBodDxtrKQ], relocating [q75XUfcITqG3o93Z8EOFnw], [P], s[RELOCATING]: Failed to execute [org.elasticsearch.action.search.SearchRequest@7c28bcc3] lastShard [false]
org.elasticsearch.transport.RemoteTransportException: [node_1][inet[/10.1.10.75:9301]][search/phase/query]
Caused by: org.elasticsearch.index.IndexShardMissingException: [test][0] missing
	at org.elasticsearch.index.service.InternalIndexService.shardSafe(InternalIndexService.java:184)
	at org.elasticsearch.search.SearchService.createContext(SearchService.java:479)
	at org.elasticsearch.search.SearchService.createContext(SearchService.java:474)
	at org.elasticsearch.search.SearchService.createAndPutContext(SearchService.java:467)
	at org.elasticsearch.search.SearchService.executeQueryPhase(SearchService.java:239)
	at org.elasticsearch.search.action.SearchServiceTransportAction$SearchQueryTransportHandler.messageReceived(SearchServiceTransportAction.java:623)
	at org.elasticsearch.search.action.SearchServiceTransportAction$SearchQueryTransportHandler.messageReceived(SearchServiceTransportAction.java:612)
	at org.elasticsearch.transport.netty.MessageChannelHandler$RequestHandler.run(MessageChannelHandler.java:270)
	at java.util.concurrent.ThreadPoolExecutor.runWorker(ThreadPoolExecutor.java:1145)
	at java.util.concurrent.ThreadPoolExecutor$Worker.run(ThreadPoolExecutor.java:615)
	at java.lang.Thread.run(Thread.java:744)
[2014-02-18 16:00:11,612][TRACE][action.search.type       ] [node_0] Moving to second phase, based on results from: [t8Mqv-hjRzqYCBodDxtrKQ][test][11],[q75XUfcITqG3o93Z8EOFnw][test][10],[tbUF3y2YTPm1TPdTF8YBYw][test][0],[tbUF3y2YTPm1TPdTF8YBYw][test][1],[q75XUfcITqG3o93Z8EOFnw][test][5],[tbUF3y2YTPm1TPdTF8YBYw][test][4],[q75XUfcITqG3o93Z8EOFnw][test][3],[tbUF3y2YTPm1TPdTF8YBYw][test][2],[tbUF3y2YTPm1TPdTF8YBYw][test][9],[t8Mqv-hjRzqYCBodDxtrKQ][test][8],[t8Mqv-hjRzqYCBodDxtrKQ][test][7],[q75XUfcITqG3o93Z8EOFnw][test][6] (cluster state version: 6882)
[2014-02-18 16:00:11,618][TRACE][action.search.type       ] [node_1] Moving to second phase, based on results from: [t8Mqv-hjRzqYCBodDxtrKQ][test][11],[t8Mqv-hjRzqYCBodDxtrKQ][test][10],[tbUF3y2YTPm1TPdTF8YBYw][test][0],[q75XUfcITqG3o93Z8EOFnw][test][1],[t8Mqv-hjRzqYCBodDxtrKQ][test][5],[q75XUfcITqG3o93Z8EOFnw][test][4],[tbUF3y2YTPm1TPdTF8YBYw][test][3],[q75XUfcITqG3o93Z8EOFnw][test][2],[t8Mqv-hjRzqYCBodDxtrKQ][test][9],[q75XUfcITqG3o93Z8EOFnw][test][8],[q75XUfcITqG3o93Z8EOFnw][test][7],[q75XUfcITqG3o93Z8EOFnw][test][6] (cluster state version: 6883)
[2014-02-18 16:00:11,624][TRACE][action.search.type       ] [node_0] Moving to second phase, based on results from: [tbUF3y2YTPm1TPdTF8YBYw][test][11],[t8Mqv-hjRzqYCBodDxtrKQ][test][10],[q75XUfcITqG3o93Z8EOFnw][test][0],[tbUF3y2YTPm1TPdTF8YBYw][test][1],[t8Mqv-hjRzqYCBodDxtrKQ][test][5],[q75XUfcITqG3o93Z8EOFnw][test][4],[tbUF3y2YTPm1TPdTF8YBYw][test][3],[tbUF3y2YTPm1TPdTF8YBYw][test][2],[tbUF3y2YTPm1TPdTF8YBYw][test][9],[q75XUfcITqG3o93Z8EOFnw][test][8],[t8Mqv-hjRzqYCBodDxtrKQ][test][7],[tbUF3y2YTPm1TPdTF8YBYw][test][6] (cluster state version: 6883)
[2014-02-18 16:00:11,632][TRACE][action.search.type       ] [node_2] Moving to second phase, based on results from: [tbUF3y2YTPm1TPdTF8YBYw][test][11],[q75XUfcITqG3o93Z8EOFnw][test][10],[q75XUfcITqG3o93Z8EOFnw][test][0],[q75XUfcITqG3o93Z8EOFnw][test][1],[q75XUfcITqG3o93Z8EOFnw][test][5],[tbUF3y2YTPm1TPdTF8YBYw][test][4],[tbUF3y2YTPm1TPdTF8YBYw][test][3],[q75XUfcITqG3o93Z8EOFnw][test][2],[t8Mqv-hjRzqYCBodDxtrKQ][test][9],[q75XUfcITqG3o93Z8EOFnw][test][8],[t8Mqv-hjRzqYCBodDxtrKQ][test][7],[tbUF3y2YTPm1TPdTF8YBYw][test][6] (cluster state version: 6883)
[2014-02-18 16:00:11,640][TRACE][action.search.type       ] [node_2] Moving to second phase, based on results from: [t8Mqv-hjRzqYCBodDxtrKQ][test][11],[t8Mqv-hjRzqYCBodDxtrKQ][test][10],[tbUF3y2YTPm1TPdTF8YBYw][test][0],[tbUF3y2YTPm1TPdTF8YBYw][test][1],[t8Mqv-hjRzqYCBodDxtrKQ][test][5],[q75XUfcITqG3o93Z8EOFnw][test][4],[q75XUfcITqG3o93Z8EOFnw][test][3],[tbUF3y2YTPm1TPdTF8YBYw][test][2],[tbUF3y2YTPm1TPdTF8YBYw][test][9],[t8Mqv-hjRzqYCBodDxtrKQ][test][8],[q75XUfcITqG3o93Z8EOFnw][test][7],[q75XUfcITqG3o93Z8EOFnw][test][6] (cluster state version: 6883)
[2014-02-18 16:00:11,653][TRACE][action.search.type       ] [node_0] Moving to second phase, based on results from: [t8Mqv-hjRzqYCBodDxtrKQ][test][11],[q75XUfcITqG3o93Z8EOFnw][test][10],[tbUF3y2YTPm1TPdTF8YBYw][test][0],[q75XUfcITqG3o93Z8EOFnw][test][1],[q75XUfcITqG3o93Z8EOFnw][test][5],[tbUF3y2YTPm1TPdTF8YBYw][test][4],[q75XUfcITqG3o93Z8EOFnw][test][3],[q75XUfcITqG3o93Z8EOFnw][test][2],[t8Mqv-hjRzqYCBodDxtrKQ][test][9],[t8Mqv-hjRzqYCBodDxtrKQ][test][8],[q75XUfcITqG3o93Z8EOFnw][test][7],[q75XUfcITqG3o93Z8EOFnw][test][6] (cluster state version: 6883)
[2014-02-18 16:00:11,658][TRACE][action.search.type       ] [node_2] Moving to second phase, based on results from: [tbUF3y2YTPm1TPdTF8YBYw][test][11],[q75XUfcITqG3o93Z8EOFnw][test][10],[q75XUfcITqG3o93Z8EOFnw][test][0],[q75XUfcITqG3o93Z8EOFnw][test][1],[q75XUfcITqG3o93Z8EOFnw][test][5],[tbUF3y2YTPm1TPdTF8YBYw][test][4],[tbUF3y2YTPm1TPdTF8YBYw][test][3],[q75XUfcITqG3o93Z8EOFnw][test][2],[t8Mqv-hjRzqYCBodDxtrKQ][test][9],[q75XUfcITqG3o93Z8EOFnw][test][8],[t8Mqv-hjRzqYCBodDxtrKQ][test][7],[tbUF3y2YTPm1TPdTF8YBYw][test][6] (cluster state version: 6883)
[2014-02-18 16:00:11,665][TRACE][action.search.type       ] [node_2] Moving to second phase, based on results from: [t8Mqv-hjRzqYCBodDxtrKQ][test][11],[t8Mqv-hjRzqYCBodDxtrKQ][test][10],[tbUF3y2YTPm1TPdTF8YBYw][test][0],[tbUF3y2YTPm1TPdTF8YBYw][test][1],[t8Mqv-hjRzqYCBodDxtrKQ][test][5],[q75XUfcITqG3o93Z8EOFnw][test][4],[q75XUfcITqG3o93Z8EOFnw][test][3],[tbUF3y2YTPm1TPdTF8YBYw][test][2],[tbUF3y2YTPm1TPdTF8YBYw][test][9],[t8Mqv-hjRzqYCBodDxtrKQ][test][8],[q75XUfcITqG3o93Z8EOFnw][test][7],[q75XUfcITqG3o93Z8EOFnw][test][6] (cluster state version: 6883)
[2014-02-18 16:00:11,678][TRACE][action.search.type       ] [node_2] Moving to second phase, based on results from: [tbUF3y2YTPm1TPdTF8YBYw][test][11],[q75XUfcITqG3o93Z8EOFnw][test][10],[q75XUfcITqG3o93Z8EOFnw][test][0],[q75XUfcITqG3o93Z8EOFnw][test][1],[q75XUfcITqG3o93Z8EOFnw][test][5],[tbUF3y2YTPm1TPdTF8YBYw][test][4],[tbUF3y2YTPm1TPdTF8YBYw][test][3],[q75XUfcITqG3o93Z8EOFnw][test][2],[t8Mqv-hjRzqYCBodDxtrKQ][test][9],[q75XUfcITqG3o93Z8EOFnw][test][8],[t8Mqv-hjRzqYCBodDxtrKQ][test][7],[tbUF3y2YTPm1TPdTF8YBYw][test][6] (cluster state version: 6883)
[2014-02-18 16:00:11,692][TRACE][action.search.type       ] [node_0] Moving to second phase, based on results from: [tbUF3y2YTPm1TPdTF8YBYw][test][11],[t8Mqv-hjRzqYCBodDxtrKQ][test][10],[q75XUfcITqG3o93Z8EOFnw][test][0],[tbUF3y2YTPm1TPdTF8YBYw][test][1],[t8Mqv-hjRzqYCBodDxtrKQ][test][5],[q75XUfcITqG3o93Z8EOFnw][test][4],[tbUF3y2YTPm1TPdTF8YBYw][test][3],[tbUF3y2YTPm1TPdTF8YBYw][test][2],[tbUF3y2YTPm1TPdTF8YBYw][test][9],[q75XUfcITqG3o93Z8EOFnw][test][8],[t8Mqv-hjRzqYCBodDxtrKQ][test][7],[tbUF3y2YTPm1TPdTF8YBYw][test][6] (cluster state version: 6883)
[2014-02-18 16:00:11,698][TRACE][action.search.type       ] [node_1] Moving to second phase, based on results from: [tbUF3y2YTPm1TPdTF8YBYw][test][11],[q75XUfcITqG3o93Z8EOFnw][test][10],[q75XUfcITqG3o93Z8EOFnw][test][0],[tbUF3y2YTPm1TPdTF8YBYw][test][1],[q75XUfcITqG3o93Z8EOFnw][test][5],[tbUF3y2YTPm1TPdTF8YBYw][test][4],[q75XUfcITqG3o93Z8EOFnw][test][3],[tbUF3y2YTPm1TPdTF8YBYw][test][2],[tbUF3y2YTPm1TPdTF8YBYw][test][9],[t8Mqv-hjRzqYCBodDxtrKQ][test][8],[t8Mqv-hjRzqYCBodDxtrKQ][test][7],[tbUF3y2YTPm1TPdTF8YBYw][test][6] (cluster state version: 6883)
[2014-02-18 16:00:11,717][TRACE][action.search.type       ] [node_0] Moving to second phase, based on results from: [t8Mqv-hjRzqYCBodDxtrKQ][test][11],[q75XUfcITqG3o93Z8EOFnw][test][10],[tbUF3y2YTPm1TPdTF8YBYw][test][0],[q75XUfcITqG3o93Z8EOFnw][test][1],[q75XUfcITqG3o93Z8EOFnw][test][5],[tbUF3y2YTPm1TPdTF8YBYw][test][4],[q75XUfcITqG3o93Z8EOFnw][test][3],[q75XUfcITqG3o93Z8EOFnw][test][2],[t8Mqv-hjRzqYCBodDxtrKQ][test][9],[t8Mqv-hjRzqYCBodDxtrKQ][test][8],[q75XUfcITqG3o93Z8EOFnw][test][7],[q75XUfcITqG3o93Z8EOFnw][test][6] (cluster state version: 6883)
[2014-02-18 16:00:11,730][TRACE][action.search.type       ] [node_0] Moving to second phase, based on results from: [tbUF3y2YTPm1TPdTF8YBYw][test][11],[t8Mqv-hjRzqYCBodDxtrKQ][test][10],[q75XUfcITqG3o93Z8EOFnw][test][0],[tbUF3y2YTPm1TPdTF8YBYw][test][1],[t8Mqv-hjRzqYCBodDxtrKQ][test][5],[q75XUfcITqG3o93Z8EOFnw][test][4],[tbUF3y2YTPm1TPdTF8YBYw][test][3],[tbUF3y2YTPm1TPdTF8YBYw][test][2],[tbUF3y2YTPm1TPdTF8YBYw][test][9],[q75XUfcITqG3o93Z8EOFnw][test][8],[t8Mqv-hjRzqYCBodDxtrKQ][test][7],[tbUF3y2YTPm1TPdTF8YBYw][test][6] (cluster state version: 6883)
[2014-02-18 16:00:11,736][TRACE][action.search.type       ] [node_2] Moving to second phase, based on results from: [t8Mqv-hjRzqYCBodDxtrKQ][test][11],[t8Mqv-hjRzqYCBodDxtrKQ][test][10],[tbUF3y2YTPm1TPdTF8YBYw][test][0],[tbUF3y2YTPm1TPdTF8YBYw][test][1],[t8Mqv-hjRzqYCBodDxtrKQ][test][5],[q75XUfcITqG3o93Z8EOFnw][test][4],[q75XUfcITqG3o93Z8EOFnw][test][3],[tbUF3y2YTPm1TPdTF8YBYw][test][2],[tbUF3y2YTPm1TPdTF8YBYw][test][9],[t8Mqv-hjRzqYCBodDxtrKQ][test][8],[q75XUfcITqG3o93Z8EOFnw][test][7],[q75XUfcITqG3o93Z8EOFnw][test][6] (cluster state version: 6883)
[2014-02-18 16:00:11,745][TRACE][action.search.type       ] [node_2] Moving to second phase, based on results from: [tbUF3y2YTPm1TPdTF8YBYw][test][11],[q75XUfcITqG3o93Z8EOFnw][test][10],[q75XUfcITqG3o93Z8EOFnw][test][0],[q75XUfcITqG3o93Z8EOFnw][test][1],[q75XUfcITqG3o93Z8EOFnw][test][5],[tbUF3y2YTPm1TPdTF8YBYw][test][4],[tbUF3y2YTPm1TPdTF8YBYw][test][3],[q75XUfcITqG3o93Z8EOFnw][test][2],[t8Mqv-hjRzqYCBodDxtrKQ][test][9],[q75XUfcITqG3o93Z8EOFnw][test][8],[t8Mqv-hjRzqYCBodDxtrKQ][test][7],[tbUF3y2YTPm1TPdTF8YBYw][test][6] (cluster state version: 6883)
[2014-02-18 16:00:11,761][TRACE][action.search.type       ] [node_1] Moving to second phase, based on results from: [t8Mqv-hjRzqYCBodDxtrKQ][test][11],[t8Mqv-hjRzqYCBodDxtrKQ][test][10],[tbUF3y2YTPm1TPdTF8YBYw][test][0],[q75XUfcITqG3o93Z8EOFnw][test][1],[t8Mqv-hjRzqYCBodDxtrKQ][test][5],[q75XUfcITqG3o93Z8EOFnw][test][4],[tbUF3y2YTPm1TPdTF8YBYw][test][3],[q75XUfcITqG3o93Z8EOFnw][test][2],[t8Mqv-hjRzqYCBodDxtrKQ][test][9],[q75XUfcITqG3o93Z8EOFnw][test][8],[q75XUfcITqG3o93Z8EOFnw][test][7],[q75XUfcITqG3o93Z8EOFnw][test][6] (cluster state version: 6883)
[2014-02-18 16:00:11,765][TRACE][action.search.type       ] [node_1] Moving to second phase, based on results from: [tbUF3y2YTPm1TPdTF8YBYw][test][11],[q75XUfcITqG3o93Z8EOFnw][test][10],[q75XUfcITqG3o93Z8EOFnw][test][0],[tbUF3y2YTPm1TPdTF8YBYw][test][1],[q75XUfcITqG3o93Z8EOFnw][test][5],[tbUF3y2YTPm1TPdTF8YBYw][test][4],[q75XUfcITqG3o93Z8EOFnw][test][3],[tbUF3y2YTPm1TPdTF8YBYw][test][2],[tbUF3y2YTPm1TPdTF8YBYw][test][9],[t8Mqv-hjRzqYCBodDxtrKQ][test][8],[t8Mqv-hjRzqYCBodDxtrKQ][test][7],[tbUF3y2YTPm1TPdTF8YBYw][test][6] (cluster state version: 6883)
[2014-02-18 16:00:11,777][TRACE][action.search.type       ] [node_0] Moving to second phase, based on results from: [t8Mqv-hjRzqYCBodDxtrKQ][test][11],[q75XUfcITqG3o93Z8EOFnw][test][10],[tbUF3y2YTPm1TPdTF8YBYw][test][0],[q75XUfcITqG3o93Z8EOFnw][test][1],[q75XUfcITqG3o93Z8EOFnw][test][5],[tbUF3y2YTPm1TPdTF8YBYw][test][4],[q75XUfcITqG3o93Z8EOFnw][test][3],[q75XUfcITqG3o93Z8EOFnw][test][2],[t8Mqv-hjRzqYCBodDxtrKQ][test][9],[t8Mqv-hjRzqYCBodDxtrKQ][test][8],[q75XUfcITqG3o93Z8EOFnw][test][7],[q75XUfcITqG3o93Z8EOFnw][test][6] (cluster state version: 6883)
[2014-02-18 16:00:11,788][TRACE][action.search.type       ] [node_1] Moving to second phase, based on results from: [t8Mqv-hjRzqYCBodDxtrKQ][test][11],[t8Mqv-hjRzqYCBodDxtrKQ][test][10],[tbUF3y2YTPm1TPdTF8YBYw][test][0],[q75XUfcITqG3o93Z8EOFnw][test][1],[t8Mqv-hjRzqYCBodDxtrKQ][test][5],[q75XUfcITqG3o93Z8EOFnw][test][4],[tbUF3y2YTPm1TPdTF8YBYw][test][3],[q75XUfcITqG3o93Z8EOFnw][test][2],[t8Mqv-hjRzqYCBodDxtrKQ][test][9],[q75XUfcITqG3o93Z8EOFnw][test][8],[q75XUfcITqG3o93Z8EOFnw][test][7],[q75XUfcITqG3o93Z8EOFnw][test][6] (cluster state version: 6883)
[2014-02-18 16:00:11,794][TRACE][action.search.type       ] [node_1] Moving to second phase, based on results from: [tbUF3y2YTPm1TPdTF8YBYw][test][11],[q75XUfcITqG3o93Z8EOFnw][test][10],[q75XUfcITqG3o93Z8EOFnw][test][0],[tbUF3y2YTPm1TPdTF8YBYw][test][1],[q75XUfcITqG3o93Z8EOFnw][test][5],[tbUF3y2YTPm1TPdTF8YBYw][test][4],[q75XUfcITqG3o93Z8EOFnw][test][3],[tbUF3y2YTPm1TPdTF8YBYw][test][2],[tbUF3y2YTPm1TPdTF8YBYw][test][9],[t8Mqv-hjRzqYCBodDxtrKQ][test][8],[t8Mqv-hjRzqYCBodDxtrKQ][test][7],[tbUF3y2YTPm1TPdTF8YBYw][test][6] (cluster state version: 6883)
[2014-02-18 16:00:11,802][TRACE][action.search.type       ] [node_1] Moving to second phase, based on results from: [t8Mqv-hjRzqYCBodDxtrKQ][test][11],[t8Mqv-hjRzqYCBodDxtrKQ][test][10],[tbUF3y2YTPm1TPdTF8YBYw][test][0],[q75XUfcITqG3o93Z8EOFnw][test][1],[t8Mqv-hjRzqYCBodDxtrKQ][test][5],[q75XUfcITqG3o93Z8EOFnw][test][4],[tbUF3y2YTPm1TPdTF8YBYw][test][3],[q75XUfcITqG3o93Z8EOFnw][test][2],[t8Mqv-hjRzqYCBodDxtrKQ][test][9],[q75XUfcITqG3o93Z8EOFnw][test][8],[q75XUfcITqG3o93Z8EOFnw][test][7],[q75XUfcITqG3o93Z8EOFnw][test][6] (cluster state version: 6883)
[2014-02-18 16:00:11,808][TRACE][action.search.type       ] [node_1] Moving to second phase, based on results from: [tbUF3y2YTPm1TPdTF8YBYw][test][11],[q75XUfcITqG3o93Z8EOFnw][test][10],[q75XUfcITqG3o93Z8EOFnw][test][0],[tbUF3y2YTPm1TPdTF8YBYw][test][1],[q75XUfcITqG3o93Z8EOFnw][test][5],[tbUF3y2YTPm1TPdTF8YBYw][test][4],[q75XUfcITqG3o93Z8EOFnw][test][3],[tbUF3y2YTPm1TPdTF8YBYw][test][2],[tbUF3y2YTPm1TPdTF8YBYw][test][9],[t8Mqv-hjRzqYCBodDxtrKQ][test][8],[t8Mqv-hjRzqYCBodDxtrKQ][test][7],[tbUF3y2YTPm1TPdTF8YBYw][test][6] (cluster state version: 6883)
[2014-02-18 16:00:11,820][TRACE][action.search.type       ] [node_0] Moving to second phase, based on results from: [tbUF3y2YTPm1TPdTF8YBYw][test][11],[t8Mqv-hjRzqYCBodDxtrKQ][test][10],[q75XUfcITqG3o93Z8EOFnw][test][0],[tbUF3y2YTPm1TPdTF8YBYw][test][1],[t8Mqv-hjRzqYCBodDxtrKQ][test][5],[q75XUfcITqG3o93Z8EOFnw][test][4],[tbUF3y2YTPm1TPdTF8YBYw][test][3],[tbUF3y2YTPm1TPdTF8YBYw][test][2],[tbUF3y2YTPm1TPdTF8YBYw][test][9],[q75XUfcITqG3o93Z8EOFnw][test][8],[t8Mqv-hjRzqYCBodDxtrKQ][test][7],[tbUF3y2YTPm1TPdTF8YBYw][test][6] (cluster state version: 6883)
[2014-02-18 16:00:11,828][TRACE][action.search.type       ] [node_1] Moving to second phase, based on results from: [tbUF3y2YTPm1TPdTF8YBYw][test][11],[t8Mqv-hjRzqYCBodDxtrKQ][test][10],[tbUF3y2YTPm1TPdTF8YBYw][test][0],[tbUF3y2YTPm1TPdTF8YBYw][test][1],[q75XUfcITqG3o93Z8EOFnw][test][5],[tbUF3y2YTPm1TPdTF8YBYw][test][4],[q75XUfcITqG3o93Z8EOFnw][test][3],[tbUF3y2YTPm1TPdTF8YBYw][test][2],[tbUF3y2YTPm1TPdTF8YBYw][test][9],[t8Mqv-hjRzqYCBodDxtrKQ][test][8],[t8Mqv-hjRzqYCBodDxtrKQ][test][7],[tbUF3y2YTPm1TPdTF8YBYw][test][6] (cluster state version: 6884)
[2014-02-18 16:00:11,833][TRACE][action.search.type       ] [node_0] [test][11], node[t8Mqv-hjRzqYCBodDxtrKQ], relocating [q75XUfcITqG3o93Z8EOFnw], [P], s[RELOCATING]: Failed to execute [org.elasticsearch.action.search.SearchRequest@5907ecb2] lastShard [false]
org.elasticsearch.transport.RemoteTransportException: [node_1][inet[/10.1.10.75:9301]][search/phase/dfs]
Caused by: org.elasticsearch.index.IndexShardMissingException: [test][11] missing
	at org.elasticsearch.index.service.InternalIndexService.shardSafe(InternalIndexService.java:184)
	at org.elasticsearch.search.SearchService.createContext(SearchService.java:479)
	at org.elasticsearch.search.SearchService.createContext(SearchService.java:474)
	at org.elasticsearch.search.SearchService.createAndPutContext(SearchService.java:467)
	at org.elasticsearch.search.SearchService.executeDfsPhase(SearchService.java:173)
	at org.elasticsearch.search.action.SearchServiceTransportAction$SearchDfsTransportHandler.messageReceived(SearchServiceTransportAction.java:602)
	at org.elasticsearch.search.action.SearchServiceTransportAction$SearchDfsTransportHandler.messageReceived(SearchServiceTransportAction.java:591)
	at org.elasticsearch.transport.netty.MessageChannelHandler$RequestHandler.run(MessageChannelHandler.java:270)
	at java.util.concurrent.ThreadPoolExecutor.runWorker(ThreadPoolExecutor.java:1145)
	at java.util.concurrent.ThreadPoolExecutor$Worker.run(ThreadPoolExecutor.java:615)
	at java.lang.Thread.run(Thread.java:744)
[2014-02-18 16:00:11,835][TRACE][action.search.type       ] [node_0] Moving to second phase, based on results from: [tbUF3y2YTPm1TPdTF8YBYw][test][11],[q75XUfcITqG3o93Z8EOFnw][test][10],[tbUF3y2YTPm1TPdTF8YBYw][test][0],[q75XUfcITqG3o93Z8EOFnw][test][1],[q75XUfcITqG3o93Z8EOFnw][test][5],[tbUF3y2YTPm1TPdTF8YBYw][test][4],[q75XUfcITqG3o93Z8EOFnw][test][3],[q75XUfcITqG3o93Z8EOFnw][test][2],[t8Mqv-hjRzqYCBodDxtrKQ][test][9],[t8Mqv-hjRzqYCBodDxtrKQ][test][8],[q75XUfcITqG3o93Z8EOFnw][test][7],[q75XUfcITqG3o93Z8EOFnw][test][6] (cluster state version: 6883)
[2014-02-18 16:00:11,848][TRACE][action.search.type       ] [node_2] Moving to second phase, based on results from: [tbUF3y2YTPm1TPdTF8YBYw][test][11],[t8Mqv-hjRzqYCBodDxtrKQ][test][10],[q75XUfcITqG3o93Z8EOFnw][test][0],[q75XUfcITqG3o93Z8EOFnw][test][1],[t8Mqv-hjRzqYCBodDxtrKQ][test][5],[q75XUfcITqG3o93Z8EOFnw][test][4],[q75XUfcITqG3o93Z8EOFnw][test][3],[q75XUfcITqG3o93Z8EOFnw][test][2],[t8Mqv-hjRzqYCBodDxtrKQ][test][9],[t8Mqv-hjRzqYCBodDxtrKQ][test][8],[t8Mqv-hjRzqYCBodDxtrKQ][test][7],[q75XUfcITqG3o93Z8EOFnw][test][6] (cluster state version: 6884)
[2014-02-18 16:00:11,859][TRACE][action.search.type       ] [node_2] Moving to second phase, based on results from: [q75XUfcITqG3o93Z8EOFnw][test][11],[q75XUfcITqG3o93Z8EOFnw][test][10],[tbUF3y2YTPm1TPdTF8YBYw][test][0],[tbUF3y2YTPm1TPdTF8YBYw][test][1],[q75XUfcITqG3o93Z8EOFnw][test][5],[tbUF3y2YTPm1TPdTF8YBYw][test][4],[tbUF3y2YTPm1TPdTF8YBYw][test][3],[tbUF3y2YTPm1TPdTF8YBYw][test][2],[tbUF3y2YTPm1TPdTF8YBYw][test][9],[q75XUfcITqG3o93Z8EOFnw][test][8],[q75XUfcITqG3o93Z8EOFnw][test][7],[tbUF3y2YTPm1TPdTF8YBYw][test][6] (cluster state version: 6884)
[2014-02-18 16:00:11,874][TRACE][action.search.type       ] [node_2] Moving to second phase, based on results from: [tbUF3y2YTPm1TPdTF8YBYw][test][11],[q75XUfcITqG3o93Z8EOFnw][test][10],[q75XUfcITqG3o93Z8EOFnw][test][0],[q75XUfcITqG3o93Z8EOFnw][test][1],[q75XUfcITqG3o93Z8EOFnw][test][5],[q75XUfcITqG3o93Z8EOFnw][test][4],[q75XUfcITqG3o93Z8EOFnw][test][3],[tbUF3y2YTPm1TPdTF8YBYw][test][2],[q75XUfcITqG3o93Z8EOFnw][test][9],[t8Mqv-hjRzqYCBodDxtrKQ][test][8],[q75XUfcITqG3o93Z8EOFnw][test][7],[q75XUfcITqG3o93Z8EOFnw][test][6] (cluster state version: 6885)
[2014-02-18 16:00:11,880][TRACE][action.search.type       ] [node_2] Moving to second phase, based on results from: [q75XUfcITqG3o93Z8EOFnw][test][11],[t8Mqv-hjRzqYCBodDxtrKQ][test][10],[tbUF3y2YTPm1TPdTF8YBYw][test][0],[tbUF3y2YTPm1TPdTF8YBYw][test][1],[t8Mqv-hjRzqYCBodDxtrKQ][test][5],[tbUF3y2YTPm1TPdTF8YBYw][test][4],[tbUF3y2YTPm1TPdTF8YBYw][test][3],[q75XUfcITqG3o93Z8EOFnw][test][2],[tbUF3y2YTPm1TPdTF8YBYw][test][9],[q75XUfcITqG3o93Z8EOFnw][test][8],[t8Mqv-hjRzqYCBodDxtrKQ][test][7],[tbUF3y2YTPm1TPdTF8YBYw][test][6] (cluster state version: 6885)
[2014-02-18 16:00:11,889][TRACE][action.search.type       ] [node_0] Moving to second phase, based on results from: [tbUF3y2YTPm1TPdTF8YBYw][test][11],[q75XUfcITqG3o93Z8EOFnw][test][10],[tbUF3y2YTPm1TPdTF8YBYw][test][0],[q75XUfcITqG3o93Z8EOFnw][test][1],[q75XUfcITqG3o93Z8EOFnw][test][5],[q75XUfcITqG3o93Z8EOFnw][test][4],[q75XUfcITqG3o93Z8EOFnw][test][3],[q75XUfcITqG3o93Z8EOFnw][test][2],[tbUF3y2YTPm1TPdTF8YBYw][test][9],[q75XUfcITqG3o93Z8EOFnw][test][8],[q75XUfcITqG3o93Z8EOFnw][test][7],[q75XUfcITqG3o93Z8EOFnw][test][6] (cluster state version: 6885)
[2014-02-18 16:00:11,894][TRACE][action.search.type       ] [node_0] Moving to second phase, based on results from: [q75XUfcITqG3o93Z8EOFnw][test][11],[t8Mqv-hjRzqYCBodDxtrKQ][test][10],[q75XUfcITqG3o93Z8EOFnw][test][0],[tbUF3y2YTPm1TPdTF8YBYw][test][1],[t8Mqv-hjRzqYCBodDxtrKQ][test][5],[tbUF3y2YTPm1TPdTF8YBYw][test][4],[tbUF3y2YTPm1TPdTF8YBYw][test][3],[tbUF3y2YTPm1TPdTF8YBYw][test][2],[q75XUfcITqG3o93Z8EOFnw][test][9],[t8Mqv-hjRzqYCBodDxtrKQ][test][8],[t8Mqv-hjRzqYCBodDxtrKQ][test][7],[tbUF3y2YTPm1TPdTF8YBYw][test][6] (cluster state version: 6885)
[2014-02-18 16:00:11,911][TRACE][action.search.type       ] [node_1] Moving to second phase, based on results from: [q75XUfcITqG3o93Z8EOFnw][test][11],[t8Mqv-hjRzqYCBodDxtrKQ][test][10],[tbUF3y2YTPm1TPdTF8YBYw][test][0],[tbUF3y2YTPm1TPdTF8YBYw][test][1],[t8Mqv-hjRzqYCBodDxtrKQ][test][5],[q75XUfcITqG3o93Z8EOFnw][test][4],[tbUF3y2YTPm1TPdTF8YBYw][test][3],[q75XUfcITqG3o93Z8EOFnw][test][2],[q75XUfcITqG3o93Z8EOFnw][test][9],[q75XUfcITqG3o93Z8EOFnw][test][8],[q75XUfcITqG3o93Z8EOFnw][test][7],[tbUF3y2YTPm1TPdTF8YBYw][test][6] (cluster state version: 6885)
[2014-02-18 16:00:11,940][TRACE][action.search.type       ] [node_1] Moving to second phase, based on results from: [tbUF3y2YTPm1TPdTF8YBYw][test][11],[q75XUfcITqG3o93Z8EOFnw][test][10],[q75XUfcITqG3o93Z8EOFnw][test][0],[q75XUfcITqG3o93Z8EOFnw][test][1],[q75XUfcITqG3o93Z8EOFnw][test][5],[tbUF3y2YTPm1TPdTF8YBYw][test][4],[q75XUfcITqG3o93Z8EOFnw][test][3],[tbUF3y2YTPm1TPdTF8YBYw][test][2],[tbUF3y2YTPm1TPdTF8YBYw][test][9],[t8Mqv-hjRzqYCBodDxtrKQ][test][8],[t8Mqv-hjRzqYCBodDxtrKQ][test][7],[q75XUfcITqG3o93Z8EOFnw][test][6] (cluster state version: 6885)
[2014-02-18 16:00:11,944][TRACE][action.search.type       ] [node_0] Moving to second phase, based on results from: [tbUF3y2YTPm1TPdTF8YBYw][test][11],[q75XUfcITqG3o93Z8EOFnw][test][10],[tbUF3y2YTPm1TPdTF8YBYw][test][0],[q75XUfcITqG3o93Z8EOFnw][test][1],[q75XUfcITqG3o93Z8EOFnw][test][5],[q75XUfcITqG3o93Z8EOFnw][test][4],[q75XUfcITqG3o93Z8EOFnw][test][3],[q75XUfcITqG3o93Z8EOFnw][test][2],[tbUF3y2YTPm1TPdTF8YBYw][test][9],[q75XUfcITqG3o93Z8EOFnw][test][8],[q75XUfcITqG3o93Z8EOFnw][test][7],[q75XUfcITqG3o93Z8EOFnw][test][6] (cluster state version: 6885)
[2014-02-18 16:00:11,949][TRACE][action.search.type       ] [node_2] Moving to second phase, based on results from: [tbUF3y2YTPm1TPdTF8YBYw][test][11],[q75XUfcITqG3o93Z8EOFnw][test][10],[q75XUfcITqG3o93Z8EOFnw][test][0],[q75XUfcITqG3o93Z8EOFnw][test][1],[q75XUfcITqG3o93Z8EOFnw][test][5],[q75XUfcITqG3o93Z8EOFnw][test][4],[q75XUfcITqG3o93Z8EOFnw][test][3],[tbUF3y2YTPm1TPdTF8YBYw][test][2],[q75XUfcITqG3o93Z8EOFnw][test][9],[t8Mqv-hjRzqYCBodDxtrKQ][test][8],[q75XUfcITqG3o93Z8EOFnw][test][7],[q75XUfcITqG3o93Z8EOFnw][test][6] (cluster state version: 6885)
[2014-02-18 16:00:11,976][TRACE][action.search.type       ] [node_1] Moving to second phase, based on results from: [q75XUfcITqG3o93Z8EOFnw][test][11],[t8Mqv-hjRzqYCBodDxtrKQ][test][10],[tbUF3y2YTPm1TPdTF8YBYw][test][0],[tbUF3y2YTPm1TPdTF8YBYw][test][1],[t8Mqv-hjRzqYCBodDxtrKQ][test][5],[q75XUfcITqG3o93Z8EOFnw][test][4],[tbUF3y2YTPm1TPdTF8YBYw][test][3],[q75XUfcITqG3o93Z8EOFnw][test][2],[q75XUfcITqG3o93Z8EOFnw][test][9],[q75XUfcITqG3o93Z8EOFnw][test][8],[q75XUfcITqG3o93Z8EOFnw][test][7],[tbUF3y2YTPm1TPdTF8YBYw][test][6] (cluster state version: 6885)
[2014-02-18 16:00:11,981][TRACE][action.search.type       ] [node_2] Moving to second phase, based on results from: [q75XUfcITqG3o93Z8EOFnw][test][11],[q75XUfcITqG3o93Z8EOFnw][test][10],[q75XUfcITqG3o93Z8EOFnw][test][0],[q75XUfcITqG3o93Z8EOFnw][test][1],[t8Mqv-hjRzqYCBodDxtrKQ][test][5],[q75XUfcITqG3o93Z8EOFnw][test][4],[q75XUfcITqG3o93Z8EOFnw][test][3],[tbUF3y2YTPm1TPdTF8YBYw][test][2],[tbUF3y2YTPm1TPdTF8YBYw][test][9],[q75XUfcITqG3o93Z8EOFnw][test][8],[t8Mqv-hjRzqYCBodDxtrKQ][test][7],[q75XUfcITqG3o93Z8EOFnw][test][6] (cluster state version: 6886)
[2014-02-18 16:00:12,020][TRACE][action.search.type       ] [node_0] Moving to second phase, based on results from: [tbUF3y2YTPm1TPdTF8YBYw][test][11],[q75XUfcITqG3o93Z8EOFnw][test][10],[tbUF3y2YTPm1TPdTF8YBYw][test][0],[tbUF3y2YTPm1TPdTF8YBYw][test][1],[t8Mqv-hjRzqYCBodDxtrKQ][test][5],[q75XUfcITqG3o93Z8EOFnw][test][4],[q75XUfcITqG3o93Z8EOFnw][test][3],[q75XUfcITqG3o93Z8EOFnw][test][2],[tbUF3y2YTPm1TPdTF8YBYw][test][9],[q75XUfcITqG3o93Z8EOFnw][test][8],[q75XUfcITqG3o93Z8EOFnw][test][7],[q75XUfcITqG3o93Z8EOFnw][test][6] (cluster state version: 6887)
[2014-02-18 16:00:12,026][TRACE][action.search.type       ] [node_1] Moving to second phase, based on results from: [tbUF3y2YTPm1TPdTF8YBYw][test][11],[q75XUfcITqG3o93Z8EOFnw][test][10],[tbUF3y2YTPm1TPdTF8YBYw][test][0],[tbUF3y2YTPm1TPdTF8YBYw][test][1],[q75XUfcITqG3o93Z8EOFnw][test][5],[q75XUfcITqG3o93Z8EOFnw][test][4],[q75XUfcITqG3o93Z8EOFnw][test][3],[q75XUfcITqG3o93Z8EOFnw][test][2],[q75XUfcITqG3o93Z8EOFnw][test][9],[q75XUfcITqG3o93Z8EOFnw][test][8],[t8Mqv-hjRzqYCBodDxtrKQ][test][7],[tbUF3y2YTPm1TPdTF8YBYw][test][6] (cluster state version: 6888)
[2014-02-18 16:00:12,046][TRACE][action.search.type       ] [node_2] Moving to second phase, based on results from: [tbUF3y2YTPm1TPdTF8YBYw][test][11],[q75XUfcITqG3o93Z8EOFnw][test][10],[q75XUfcITqG3o93Z8EOFnw][test][0],[tbUF3y2YTPm1TPdTF8YBYw][test][1],[q75XUfcITqG3o93Z8EOFnw][test][5],[tbUF3y2YTPm1TPdTF8YBYw][test][4],[q75XUfcITqG3o93Z8EOFnw][test][3],[tbUF3y2YTPm1TPdTF8YBYw][test][2],[tbUF3y2YTPm1TPdTF8YBYw][test][9],[q75XUfcITqG3o93Z8EOFnw][test][8],[t8Mqv-hjRzqYCBodDxtrKQ][test][7],[q75XUfcITqG3o93Z8EOFnw][test][6] (cluster state version: 6888)
[2014-02-18 16:00:12,050][TRACE][action.search.type       ] [node_0] Moving to second phase, based on results from: [q75XUfcITqG3o93Z8EOFnw][test][11],[t8Mqv-hjRzqYCBodDxtrKQ][test][10],[q75XUfcITqG3o93Z8EOFnw][test][0],[q75XUfcITqG3o93Z8EOFnw][test][1],[q75XUfcITqG3o93Z8EOFnw][test][5],[tbUF3y2YTPm1TPdTF8YBYw][test][4],[tbUF3y2YTPm1TPdTF8YBYw][test][3],[tbUF3y2YTPm1TPdTF8YBYw][test][2],[q75XUfcITqG3o93Z8EOFnw][test][9],[t8Mqv-hjRzqYCBodDxtrKQ][test][8],[t8Mqv-hjRzqYCBodDxtrKQ][test][7],[tbUF3y2YTPm1TPdTF8YBYw][test][6] (cluster state version: 6887)
[2014-02-18 16:00:12,061][TRACE][action.search.type       ] [node_1] Moving to second phase, based on results from: [q75XUfcITqG3o93Z8EOFnw][test][11],[t8Mqv-hjRzqYCBodDxtrKQ][test][10],[q75XUfcITqG3o93Z8EOFnw][test][0],[q75XUfcITqG3o93Z8EOFnw][test][1],[t8Mqv-hjRzqYCBodDxtrKQ][test][5],[tbUF3y2YTPm1TPdTF8YBYw][test][4],[tbUF3y2YTPm1TPdTF8YBYw][test][3],[tbUF3y2YTPm1TPdTF8YBYw][test][2],[tbUF3y2YTPm1TPdTF8YBYw][test][9],[t8Mqv-hjRzqYCBodDxtrKQ][test][8],[q75XUfcITqG3o93Z8EOFnw][test][7],[q75XUfcITqG3o93Z8EOFnw][test][6] (cluster state version: 6888)
[2014-02-18 16:00:12,071][TRACE][action.search.type       ] [node_0] Moving to second phase, based on results from: [tbUF3y2YTPm1TPdTF8YBYw][test][11],[t8Mqv-hjRzqYCBodDxtrKQ][test][10],[q75XUfcITqG3o93Z8EOFnw][test][0],[q75XUfcITqG3o93Z8EOFnw][test][1],[t8Mqv-hjRzqYCBodDxtrKQ][test][5],[tbUF3y2YTPm1TPdTF8YBYw][test][4],[q75XUfcITqG3o93Z8EOFnw][test][3],[tbUF3y2YTPm1TPdTF8YBYw][test][2],[tbUF3y2YTPm1TPdTF8YBYw][test][9],[t8Mqv-hjRzqYCBodDxtrKQ][test][8],[t8Mqv-hjRzqYCBodDxtrKQ][test][7],[q75XUfcITqG3o93Z8EOFnw][test][6] (cluster state version: 6888)
[2014-02-18 16:00:12,080][TRACE][action.search.type       ] [node_1] Moving to second phase, based on results from: [q75XUfcITqG3o93Z8EOFnw][test][11],[t8Mqv-hjRzqYCBodDxtrKQ][test][10],[q75XUfcITqG3o93Z8EOFnw][test][0],[q75XUfcITqG3o93Z8EOFnw][test][1],[t8Mqv-hjRzqYCBodDxtrKQ][test][5],[q75XUfcITqG3o93Z8EOFnw][test][4],[tbUF3y2YTPm1TPdTF8YBYw][test][3],[q75XUfcITqG3o93Z8EOFnw][test][2],[tbUF3y2YTPm1TPdTF8YBYw][test][9],[q75XUfcITqG3o93Z8EOFnw][test][8],[q75XUfcITqG3o93Z8EOFnw][test][7],[tbUF3y2YTPm1TPdTF8YBYw][test][6] (cluster state version: 6889)
[2014-02-18 16:00:12,093][TRACE][action.search.type       ] [node_2] Moving to second phase, based on results from: [tbUF3y2YTPm1TPdTF8YBYw][test][11],[t8Mqv-hjRzqYCBodDxtrKQ][test][10],[tbUF3y2YTPm1TPdTF8YBYw][test][0],[tbUF3y2YTPm1TPdTF8YBYw][test][1],[q75XUfcITqG3o93Z8EOFnw][test][5],[q75XUfcITqG3o93Z8EOFnw][test][4],[tbUF3y2YTPm1TPdTF8YBYw][test][3],[q75XUfcITqG3o93Z8EOFnw][test][2],[tbUF3y2YTPm1TPdTF8YBYw][test][9],[q75XUfcITqG3o93Z8EOFnw][test][8],[q75XUfcITqG3o93Z8EOFnw][test][7],[q75XUfcITqG3o93Z8EOFnw][test][6] (cluster state version: 6889)
[2014-02-18 16:00:12,103][TRACE][action.search.type       ] [node_2] Moving to second phase, based on results from: [q75XUfcITqG3o93Z8EOFnw][test][11],[q75XUfcITqG3o93Z8EOFnw][test][10],[q75XUfcITqG3o93Z8EOFnw][test][0],[q75XUfcITqG3o93Z8EOFnw][test][1],[t8Mqv-hjRzqYCBodDxtrKQ][test][5],[tbUF3y2YTPm1TPdTF8YBYw][test][4],[q75XUfcITqG3o93Z8EOFnw][test][3],[tbUF3y2YTPm1TPdTF8YBYw][test][2],[q75XUfcITqG3o93Z8EOFnw][test][9],[t8Mqv-hjRzqYCBodDxtrKQ][test][8],[t8Mqv-hjRzqYCBodDxtrKQ][test][7],[tbUF3y2YTPm1TPdTF8YBYw][test][6] (cluster state version: 6889)
[2014-02-18 16:00:12,126][TRACE][action.search.type       ] [node_0] Moving to second phase, based on results from: [tbUF3y2YTPm1TPdTF8YBYw][test][11],[t8Mqv-hjRzqYCBodDxtrKQ][test][10],[tbUF3y2YTPm1TPdTF8YBYw][test][0],[tbUF3y2YTPm1TPdTF8YBYw][test][1],[q75XUfcITqG3o93Z8EOFnw][test][5],[q75XUfcITqG3o93Z8EOFnw][test][4],[tbUF3y2YTPm1TPdTF8YBYw][test][3],[tbUF3y2YTPm1TPdTF8YBYw][test][2],[tbUF3y2YTPm1TPdTF8YBYw][test][9],[q75XUfcITqG3o93Z8EOFnw][test][8],[q75XUfcITqG3o93Z8EOFnw][test][7],[tbUF3y2YTPm1TPdTF8YBYw][test][6] (cluster state version: 6889)
[2014-02-18 16:00:12,138][TRACE][action.search.type       ] [node_0] Moving to second phase, based on results from: [q75XUfcITqG3o93Z8EOFnw][test][11],[q75XUfcITqG3o93Z8EOFnw][test][10],[q75XUfcITqG3o93Z8EOFnw][test][0],[q75XUfcITqG3o93Z8EOFnw][test][1],[t8Mqv-hjRzqYCBodDxtrKQ][test][5],[tbUF3y2YTPm1TPdTF8YBYw][test][4],[q75XUfcITqG3o93Z8EOFnw][test][3],[q75XUfcITqG3o93Z8EOFnw][test][2],[q75XUfcITqG3o93Z8EOFnw][test][9],[t8Mqv-hjRzqYCBodDxtrKQ][test][8],[t8Mqv-hjRzqYCBodDxtrKQ][test][7],[q75XUfcITqG3o93Z8EOFnw][test][6] (cluster state version: 6889)
[2014-02-18 16:00:12,144][TRACE][action.search.type       ] [node_1] Moving to second phase, based on results from: [tbUF3y2YTPm1TPdTF8YBYw][test][11],[q75XUfcITqG3o93Z8EOFnw][test][10],[tbUF3y2YTPm1TPdTF8YBYw][test][0],[tbUF3y2YTPm1TPdTF8YBYw][test][1],[q75XUfcITqG3o93Z8EOFnw][test][5],[tbUF3y2YTPm1TPdTF8YBYw][test][4],[q75XUfcITqG3o93Z8EOFnw][test][3],[tbUF3y2YTPm1TPdTF8YBYw][test][2],[q75XUfcITqG3o93Z8EOFnw][test][9],[t8Mqv-hjRzqYCBodDxtrKQ][test][8],[t8Mqv-hjRzqYCBodDxtrKQ][test][7],[q75XUfcITqG3o93Z8EOFnw][test][6] (cluster state version: 6889)
[2014-02-18 16:00:12,154][TRACE][action.search.type       ] [node_0] Moving to second phase, based on results from: [tbUF3y2YTPm1TPdTF8YBYw][test][11],[t8Mqv-hjRzqYCBodDxtrKQ][test][10],[tbUF3y2YTPm1TPdTF8YBYw][test][0],[tbUF3y2YTPm1TPdTF8YBYw][test][1],[q75XUfcITqG3o93Z8EOFnw][test][5],[q75XUfcITqG3o93Z8EOFnw][test][4],[tbUF3y2YTPm1TPdTF8YBYw][test][3],[tbUF3y2YTPm1TPdTF8YBYw][test][2],[tbUF3y2YTPm1TPdTF8YBYw][test][9],[q75XUfcITqG3o93Z8EOFnw][test][8],[q75XUfcITqG3o93Z8EOFnw][test][7],[tbUF3y2YTPm1TPdTF8YBYw][test][6] (cluster state version: 6889)
[2014-02-18 16:00:12,172][TRACE][action.search.type       ] [node_1] Moving to second phase, based on results from: [q75XUfcITqG3o93Z8EOFnw][test][11],[t8Mqv-hjRzqYCBodDxtrKQ][test][10],[q75XUfcITqG3o93Z8EOFnw][test][0],[q75XUfcITqG3o93Z8EOFnw][test][1],[t8Mqv-hjRzqYCBodDxtrKQ][test][5],[q75XUfcITqG3o93Z8EOFnw][test][4],[tbUF3y2YTPm1TPdTF8YBYw][test][3],[q75XUfcITqG3o93Z8EOFnw][test][2],[tbUF3y2YTPm1TPdTF8YBYw][test][9],[q75XUfcITqG3o93Z8EOFnw][test][8],[q75XUfcITqG3o93Z8EOFnw][test][7],[tbUF3y2YTPm1TPdTF8YBYw][test][6] (cluster state version: 6889)
[2014-02-18 16:00:12,175][TRACE][action.search.type       ] [node_1] Moving to second phase, based on results from: [tbUF3y2YTPm1TPdTF8YBYw][test][11],[q75XUfcITqG3o93Z8EOFnw][test][10],[tbUF3y2YTPm1TPdTF8YBYw][test][0],[tbUF3y2YTPm1TPdTF8YBYw][test][1],[q75XUfcITqG3o93Z8EOFnw][test][5],[tbUF3y2YTPm1TPdTF8YBYw][test][4],[q75XUfcITqG3o93Z8EOFnw][test][3],[tbUF3y2YTPm1TPdTF8YBYw][test][2],[q75XUfcITqG3o93Z8EOFnw][test][9],[t8Mqv-hjRzqYCBodDxtrKQ][test][8],[t8Mqv-hjRzqYCBodDxtrKQ][test][7],[q75XUfcITqG3o93Z8EOFnw][test][6] (cluster state version: 6889)
[2014-02-18 16:00:12,179][TRACE][action.search.type       ] [node_2] Moving to second phase, based on results from: [tbUF3y2YTPm1TPdTF8YBYw][test][11],[t8Mqv-hjRzqYCBodDxtrKQ][test][10],[tbUF3y2YTPm1TPdTF8YBYw][test][0],[tbUF3y2YTPm1TPdTF8YBYw][test][1],[q75XUfcITqG3o93Z8EOFnw][test][5],[q75XUfcITqG3o93Z8EOFnw][test][4],[tbUF3y2YTPm1TPdTF8YBYw][test][3],[q75XUfcITqG3o93Z8EOFnw][test][2],[tbUF3y2YTPm1TPdTF8YBYw][test][9],[q75XUfcITqG3o93Z8EOFnw][test][8],[q75XUfcITqG3o93Z8EOFnw][test][7],[q75XUfcITqG3o93Z8EOFnw][test][6] (cluster state version: 6889)
[2014-02-18 16:00:12,189][TRACE][action.search.type       ] [node_0] Moving to second phase, based on results from: [q75XUfcITqG3o93Z8EOFnw][test][11],[q75XUfcITqG3o93Z8EOFnw][test][10],[q75XUfcITqG3o93Z8EOFnw][test][0],[q75XUfcITqG3o93Z8EOFnw][test][1],[t8Mqv-hjRzqYCBodDxtrKQ][test][5],[tbUF3y2YTPm1TPdTF8YBYw][test][4],[q75XUfcITqG3o93Z8EOFnw][test][3],[q75XUfcITqG3o93Z8EOFnw][test][2],[q75XUfcITqG3o93Z8EOFnw][test][9],[t8Mqv-hjRzqYCBodDxtrKQ][test][8],[t8Mqv-hjRzqYCBodDxtrKQ][test][7],[q75XUfcITqG3o93Z8EOFnw][test][6] (cluster state version: 6889)
[2014-02-18 16:00:12,205][TRACE][action.search.type       ] [node_1] Moving to second phase, based on results from: [q75XUfcITqG3o93Z8EOFnw][test][11],[t8Mqv-hjRzqYCBodDxtrKQ][test][10],[q75XUfcITqG3o93Z8EOFnw][test][0],[q75XUfcITqG3o93Z8EOFnw][test][1],[t8Mqv-hjRzqYCBodDxtrKQ][test][5],[q75XUfcITqG3o93Z8EOFnw][test][4],[tbUF3y2YTPm1TPdTF8YBYw][test][3],[q75XUfcITqG3o93Z8EOFnw][test][2],[tbUF3y2YTPm1TPdTF8YBYw][test][9],[q75XUfcITqG3o93Z8EOFnw][test][8],[q75XUfcITqG3o93Z8EOFnw][test][7],[tbUF3y2YTPm1TPdTF8YBYw][test][6] (cluster state version: 6889)
[2014-02-18 16:00:12,215][TRACE][action.search.type       ] [node_0] Moving to second phase, based on results from: [tbUF3y2YTPm1TPdTF8YBYw][test][11],[t8Mqv-hjRzqYCBodDxtrKQ][test][10],[tbUF3y2YTPm1TPdTF8YBYw][test][0],[tbUF3y2YTPm1TPdTF8YBYw][test][1],[q75XUfcITqG3o93Z8EOFnw][test][5],[q75XUfcITqG3o93Z8EOFnw][test][4],[tbUF3y2YTPm1TPdTF8YBYw][test][3],[tbUF3y2YTPm1TPdTF8YBYw][test][2],[tbUF3y2YTPm1TPdTF8YBYw][test][9],[q75XUfcITqG3o93Z8EOFnw][test][8],[q75XUfcITqG3o93Z8EOFnw][test][7],[tbUF3y2YTPm1TPdTF8YBYw][test][6] (cluster state version: 6889)
[2014-02-18 16:00:12,221][TRACE][action.search.type       ] [node_2] Moving to second phase, based on results from: [q75XUfcITqG3o93Z8EOFnw][test][11],[q75XUfcITqG3o93Z8EOFnw][test][10],[q75XUfcITqG3o93Z8EOFnw][test][0],[q75XUfcITqG3o93Z8EOFnw][test][1],[t8Mqv-hjRzqYCBodDxtrKQ][test][5],[tbUF3y2YTPm1TPdTF8YBYw][test][4],[q75XUfcITqG3o93Z8EOFnw][test][3],[tbUF3y2YTPm1TPdTF8YBYw][test][2],[q75XUfcITqG3o93Z8EOFnw][test][9],[t8Mqv-hjRzqYCBodDxtrKQ][test][8],[t8Mqv-hjRzqYCBodDxtrKQ][test][7],[tbUF3y2YTPm1TPdTF8YBYw][test][6] (cluster state version: 6889)
[2014-02-18 16:00:12,229][TRACE][action.search.type       ] [node_2] Moving to second phase, based on results from: [tbUF3y2YTPm1TPdTF8YBYw][test][11],[t8Mqv-hjRzqYCBodDxtrKQ][test][10],[tbUF3y2YTPm1TPdTF8YBYw][test][0],[tbUF3y2YTPm1TPdTF8YBYw][test][1],[q75XUfcITqG3o93Z8EOFnw][test][5],[q75XUfcITqG3o93Z8EOFnw][test][4],[tbUF3y2YTPm1TPdTF8YBYw][test][3],[q75XUfcITqG3o93Z8EOFnw][test][2],[tbUF3y2YTPm1TPdTF8YBYw][test][9],[q75XUfcITqG3o93Z8EOFnw][test][8],[q75XUfcITqG3o93Z8EOFnw][test][7],[q75XUfcITqG3o93Z8EOFnw][test][6] (cluster state version: 6889)
[2014-02-18 16:00:12,232][TRACE][action.search.type       ] [node_2] Moving to second phase, based on results from: [q75XUfcITqG3o93Z8EOFnw][test][11],[q75XUfcITqG3o93Z8EOFnw][test][10],[q75XUfcITqG3o93Z8EOFnw][test][0],[q75XUfcITqG3o93Z8EOFnw][test][1],[t8Mqv-hjRzqYCBodDxtrKQ][test][5],[tbUF3y2YTPm1TPdTF8YBYw][test][4],[q75XUfcITqG3o93Z8EOFnw][test][3],[tbUF3y2YTPm1TPdTF8YBYw][test][2],[q75XUfcITqG3o93Z8EOFnw][test][9],[t8Mqv-hjRzqYCBodDxtrKQ][test][8],[t8Mqv-hjRzqYCBodDxtrKQ][test][7],[tbUF3y2YTPm1TPdTF8YBYw][test][6] (cluster state version: 6889)
[2014-02-18 16:00:12,239][TRACE][action.search.type       ] [node_1] Moving to second phase, based on results from: [tbUF3y2YTPm1TPdTF8YBYw][test][11],[q75XUfcITqG3o93Z8EOFnw][test][10],[tbUF3y2YTPm1TPdTF8YBYw][test][0],[tbUF3y2YTPm1TPdTF8YBYw][test][1],[q75XUfcITqG3o93Z8EOFnw][test][5],[tbUF3y2YTPm1TPdTF8YBYw][test][4],[q75XUfcITqG3o93Z8EOFnw][test][3],[tbUF3y2YTPm1TPdTF8YBYw][test][2],[q75XUfcITqG3o93Z8EOFnw][test][9],[t8Mqv-hjRzqYCBodDxtrKQ][test][8],[t8Mqv-hjRzqYCBodDxtrKQ][test][7],[q75XUfcITqG3o93Z8EOFnw][test][6] (cluster state version: 6889)
[2014-02-18 16:00:12,245][TRACE][action.search.type       ] [node_0] Moving to second phase, based on results from: [q75XUfcITqG3o93Z8EOFnw][test][11],[q75XUfcITqG3o93Z8EOFnw][test][10],[q75XUfcITqG3o93Z8EOFnw][test][0],[q75XUfcITqG3o93Z8EOFnw][test][1],[t8Mqv-hjRzqYCBodDxtrKQ][test][5],[tbUF3y2YTPm1TPdTF8YBYw][test][4],[q75XUfcITqG3o93Z8EOFnw][test][3],[q75XUfcITqG3o93Z8EOFnw][test][2],[q75XUfcITqG3o93Z8EOFnw][test][9],[t8Mqv-hjRzqYCBodDxtrKQ][test][8],[t8Mqv-hjRzqYCBodDxtrKQ][test][7],[q75XUfcITqG3o93Z8EOFnw][test][6] (cluster state version: 6889)
[2014-02-18 16:00:12,248][TRACE][action.search.type       ] [node_0] Moving to second phase, based on results from: [tbUF3y2YTPm1TPdTF8YBYw][test][11],[t8Mqv-hjRzqYCBodDxtrKQ][test][10],[tbUF3y2YTPm1TPdTF8YBYw][test][0],[tbUF3y2YTPm1TPdTF8YBYw][test][1],[q75XUfcITqG3o93Z8EOFnw][test][5],[q75XUfcITqG3o93Z8EOFnw][test][4],[tbUF3y2YTPm1TPdTF8YBYw][test][3],[tbUF3y2YTPm1TPdTF8YBYw][test][2],[tbUF3y2YTPm1TPdTF8YBYw][test][9],[q75XUfcITqG3o93Z8EOFnw][test][8],[q75XUfcITqG3o93Z8EOFnw][test][7],[tbUF3y2YTPm1TPdTF8YBYw][test][6] (cluster state version: 6889)
[2014-02-18 16:00:12,255][TRACE][action.search.type       ] [node_2] Moving to second phase, based on results from: [tbUF3y2YTPm1TPdTF8YBYw][test][11],[t8Mqv-hjRzqYCBodDxtrKQ][test][10],[tbUF3y2YTPm1TPdTF8YBYw][test][0],[tbUF3y2YTPm1TPdTF8YBYw][test][1],[q75XUfcITqG3o93Z8EOFnw][test][5],[q75XUfcITqG3o93Z8EOFnw][test][4],[tbUF3y2YTPm1TPdTF8YBYw][test][3],[q75XUfcITqG3o93Z8EOFnw][test][2],[tbUF3y2YTPm1TPdTF8YBYw][test][9],[q75XUfcITqG3o93Z8EOFnw][test][8],[q75XUfcITqG3o93Z8EOFnw][test][7],[q75XUfcITqG3o93Z8EOFnw][test][6] (cluster state version: 6889)
[2014-02-18 16:00:12,261][TRACE][action.search.type       ] [node_2] Moving to second phase, based on results from: [q75XUfcITqG3o93Z8EOFnw][test][11],[q75XUfcITqG3o93Z8EOFnw][test][10],[q75XUfcITqG3o93Z8EOFnw][test][0],[q75XUfcITqG3o93Z8EOFnw][test][1],[t8Mqv-hjRzqYCBodDxtrKQ][test][5],[tbUF3y2YTPm1TPdTF8YBYw][test][4],[q75XUfcITqG3o93Z8EOFnw][test][3],[tbUF3y2YTPm1TPdTF8YBYw][test][2],[q75XUfcITqG3o93Z8EOFnw][test][9],[t8Mqv-hjRzqYCBodDxtrKQ][test][8],[t8Mqv-hjRzqYCBodDxtrKQ][test][7],[tbUF3y2YTPm1TPdTF8YBYw][test][6] (cluster state version: 6889)
[2014-02-18 16:00:12,266][TRACE][action.search.type       ] [node_1] [test][1], node[q75XUfcITqG3o93Z8EOFnw], relocating [t8Mqv-hjRzqYCBodDxtrKQ], [P], s[RELOCATING]: Failed to execute [org.elasticsearch.action.search.SearchRequest@12fdb487] lastShard [false]
org.elasticsearch.transport.RemoteTransportException: [node_2][inet[/10.1.10.75:9302]][search/phase/query]
Caused by: org.elasticsearch.index.IndexShardMissingException: [test][1] missing
	at org.elasticsearch.index.service.InternalIndexService.shardSafe(InternalIndexService.java:184)
	at org.elasticsearch.search.SearchService.createContext(SearchService.java:479)
	at org.elasticsearch.search.SearchService.createContext(SearchService.java:474)
	at org.elasticsearch.search.SearchService.createAndPutContext(SearchService.java:467)
	at org.elasticsearch.search.SearchService.executeQueryPhase(SearchService.java:239)
	at org.elasticsearch.search.action.SearchServiceTransportAction$SearchQueryTransportHandler.messageReceived(SearchServiceTransportAction.java:623)
	at org.elasticsearch.search.action.SearchServiceTransportAction$SearchQueryTransportHandler.messageReceived(SearchServiceTransportAction.java:612)
	at org.elasticsearch.transport.netty.MessageChannelHandler$RequestHandler.run(MessageChannelHandler.java:270)
	at java.util.concurrent.ThreadPoolExecutor.runWorker(ThreadPoolExecutor.java:1145)
	at java.util.concurrent.ThreadPoolExecutor$Worker.run(ThreadPoolExecutor.java:615)
	at java.lang.Thread.run(Thread.java:744)
[2014-02-18 16:00:12,271][TRACE][action.search.type       ] [node_1] Moving to second phase, based on results from: [q75XUfcITqG3o93Z8EOFnw][test][11],[t8Mqv-hjRzqYCBodDxtrKQ][test][10],[q75XUfcITqG3o93Z8EOFnw][test][0],[tbUF3y2YTPm1TPdTF8YBYw][test][1],[t8Mqv-hjRzqYCBodDxtrKQ][test][5],[q75XUfcITqG3o93Z8EOFnw][test][4],[tbUF3y2YTPm1TPdTF8YBYw][test][3],[q75XUfcITqG3o93Z8EOFnw][test][2],[tbUF3y2YTPm1TPdTF8YBYw][test][9],[q75XUfcITqG3o93Z8EOFnw][test][8],[q75XUfcITqG3o93Z8EOFnw][test][7],[tbUF3y2YTPm1TPdTF8YBYw][test][6] (cluster state version: 6889)
[2014-02-18 16:00:12,277][TRACE][action.search.type       ] [node_0] [test][1], node[q75XUfcITqG3o93Z8EOFnw], relocating [t8Mqv-hjRzqYCBodDxtrKQ], [P], s[RELOCATING]: Failed to execute [org.elasticsearch.action.search.SearchRequest@174340da] lastShard [false]
org.elasticsearch.transport.RemoteTransportException: [node_2][inet[/10.1.10.75:9302]][search/phase/dfs]
Caused by: org.elasticsearch.index.IndexShardMissingException: [test][1] missing
	at org.elasticsearch.index.service.InternalIndexService.shardSafe(InternalIndexService.java:184)
	at org.elasticsearch.search.SearchService.createContext(SearchService.java:479)
	at org.elasticsearch.search.SearchService.createContext(SearchService.java:474)
	at org.elasticsearch.search.SearchService.createAndPutContext(SearchService.java:467)
	at org.elasticsearch.search.SearchService.executeDfsPhase(SearchService.java:173)
	at org.elasticsearch.search.action.SearchServiceTransportAction$SearchDfsTransportHandler.messageReceived(SearchServiceTransportAction.java:602)
	at org.elasticsearch.search.action.SearchServiceTransportAction$SearchDfsTransportHandler.messageReceived(SearchServiceTransportAction.java:591)
	at org.elasticsearch.transport.netty.MessageChannelHandler$RequestHandler.run(MessageChannelHandler.java:270)
	at java.util.concurrent.ThreadPoolExecutor.runWorker(ThreadPoolExecutor.java:1145)
	at java.util.concurrent.ThreadPoolExecutor$Worker.run(ThreadPoolExecutor.java:615)
	at java.lang.Thread.run(Thread.java:744)
[2014-02-18 16:00:12,282][TRACE][action.search.type       ] [node_0] Moving to second phase, based on results from: [q75XUfcITqG3o93Z8EOFnw][test][11],[q75XUfcITqG3o93Z8EOFnw][test][10],[q75XUfcITqG3o93Z8EOFnw][test][0],[tbUF3y2YTPm1TPdTF8YBYw][test][1],[t8Mqv-hjRzqYCBodDxtrKQ][test][5],[tbUF3y2YTPm1TPdTF8YBYw][test][4],[q75XUfcITqG3o93Z8EOFnw][test][3],[q75XUfcITqG3o93Z8EOFnw][test][2],[q75XUfcITqG3o93Z8EOFnw][test][9],[t8Mqv-hjRzqYCBodDxtrKQ][test][8],[t8Mqv-hjRzqYCBodDxtrKQ][test][7],[q75XUfcITqG3o93Z8EOFnw][test][6] (cluster state version: 6889)
[2014-02-18 16:00:12,290][TRACE][action.search.type       ] [node_1] [test][1], node[t8Mqv-hjRzqYCBodDxtrKQ], [P], s[STARTED]: Failed to execute [org.elasticsearch.action.search.SearchRequest@57338f35] lastShard [false]
org.elasticsearch.index.shard.IllegalIndexShardStateException: [test][1] CurrentState[POST_RECOVERY] operations only allowed when started/relocated
	at org.elasticsearch.index.shard.service.InternalIndexShard.readAllowed(InternalIndexShard.java:806)
	at org.elasticsearch.index.shard.service.InternalIndexShard.acquireSearcher(InternalIndexShard.java:644)
	at org.elasticsearch.index.shard.service.InternalIndexShard.acquireSearcher(InternalIndexShard.java:639)
	at org.elasticsearch.search.SearchService.createContext(SearchService.java:483)
	at org.elasticsearch.search.SearchService.createContext(SearchService.java:474)
	at org.elasticsearch.search.SearchService.createAndPutContext(SearchService.java:467)
	at org.elasticsearch.search.SearchService.executeQueryPhase(SearchService.java:239)
	at org.elasticsearch.search.action.SearchServiceTransportAction.sendExecuteQuery(SearchServiceTransportAction.java:202)
	at org.elasticsearch.action.search.type.TransportSearchQueryThenFetchAction$AsyncAction.sendExecuteFirstPhase(TransportSearchQueryThenFetchAction.java:80)
	at org.elasticsearch.action.search.type.TransportSearchTypeAction$BaseAsyncAction.performFirstPhase(TransportSearchTypeAction.java:216)
	at org.elasticsearch.action.search.type.TransportSearchTypeAction$BaseAsyncAction.performFirstPhase(TransportSearchTypeAction.java:203)
	at org.elasticsearch.action.search.type.TransportSearchTypeAction$BaseAsyncAction$2.run(TransportSearchTypeAction.java:186)
	at java.util.concurrent.ThreadPoolExecutor.runWorker(ThreadPoolExecutor.java:1145)
	at java.util.concurrent.ThreadPoolExecutor$Worker.run(ThreadPoolExecutor.java:615)
	at java.lang.Thread.run(Thread.java:744)
[2014-02-18 16:00:12,293][TRACE][action.search.type       ] [node_1] Moving to second phase, based on results from: [q75XUfcITqG3o93Z8EOFnw][test][11],[t8Mqv-hjRzqYCBodDxtrKQ][test][10],[q75XUfcITqG3o93Z8EOFnw][test][0],[tbUF3y2YTPm1TPdTF8YBYw][test][1],[q75XUfcITqG3o93Z8EOFnw][test][5],[tbUF3y2YTPm1TPdTF8YBYw][test][4],[q75XUfcITqG3o93Z8EOFnw][test][3],[tbUF3y2YTPm1TPdTF8YBYw][test][2],[tbUF3y2YTPm1TPdTF8YBYw][test][9],[q75XUfcITqG3o93Z8EOFnw][test][8],[t8Mqv-hjRzqYCBodDxtrKQ][test][7],[q75XUfcITqG3o93Z8EOFnw][test][6] (cluster state version: 6890)
[2014-02-18 16:00:12,302][TRACE][action.search.type       ] [node_1] Moving to second phase, based on results from: [tbUF3y2YTPm1TPdTF8YBYw][test][11],[q75XUfcITqG3o93Z8EOFnw][test][10],[tbUF3y2YTPm1TPdTF8YBYw][test][0],[tbUF3y2YTPm1TPdTF8YBYw][test][1],[t8Mqv-hjRzqYCBodDxtrKQ][test][5],[q75XUfcITqG3o93Z8EOFnw][test][4],[tbUF3y2YTPm1TPdTF8YBYw][test][3],[q75XUfcITqG3o93Z8EOFnw][test][2],[q75XUfcITqG3o93Z8EOFnw][test][9],[t8Mqv-hjRzqYCBodDxtrKQ][test][8],[q75XUfcITqG3o93Z8EOFnw][test][7],[tbUF3y2YTPm1TPdTF8YBYw][test][6] (cluster state version: 6890)
[2014-02-18 16:00:12,306][TRACE][action.search.type       ] [node_0] Moving to second phase, based on results from: [q75XUfcITqG3o93Z8EOFnw][test][11],[q75XUfcITqG3o93Z8EOFnw][test][10],[tbUF3y2YTPm1TPdTF8YBYw][test][0],[t8Mqv-hjRzqYCBodDxtrKQ][test][1],[q75XUfcITqG3o93Z8EOFnw][test][5],[tbUF3y2YTPm1TPdTF8YBYw][test][4],[tbUF3y2YTPm1TPdTF8YBYw][test][3],[q75XUfcITqG3o93Z8EOFnw][test][2],[q75XUfcITqG3o93Z8EOFnw][test][9],[t8Mqv-hjRzqYCBodDxtrKQ][test][8],[t8Mqv-hjRzqYCBodDxtrKQ][test][7],[tbUF3y2YTPm1TPdTF8YBYw][test][6] (cluster state version: 6890)
[2014-02-18 16:00:12,309][TRACE][action.search.type       ] [node_2] Moving to second phase, based on results from: [q75XUfcITqG3o93Z8EOFnw][test][11],[q75XUfcITqG3o93Z8EOFnw][test][10],[tbUF3y2YTPm1TPdTF8YBYw][test][0],[t8Mqv-hjRzqYCBodDxtrKQ][test][1],[q75XUfcITqG3o93Z8EOFnw][test][5],[q75XUfcITqG3o93Z8EOFnw][test][4],[tbUF3y2YTPm1TPdTF8YBYw][test][3],[q75XUfcITqG3o93Z8EOFnw][test][2],[tbUF3y2YTPm1TPdTF8YBYw][test][9],[q75XUfcITqG3o93Z8EOFnw][test][8],[q75XUfcITqG3o93Z8EOFnw][test][7],[tbUF3y2YTPm1TPdTF8YBYw][test][6] (cluster state version: 6890)
[2014-02-18 16:00:12,319][TRACE][action.search.type       ] [node_2] Moving to second phase, based on results from: [tbUF3y2YTPm1TPdTF8YBYw][test][11],[t8Mqv-hjRzqYCBodDxtrKQ][test][10],[q75XUfcITqG3o93Z8EOFnw][test][0],[tbUF3y2YTPm1TPdTF8YBYw][test][1],[t8Mqv-hjRzqYCBodDxtrKQ][test][5],[tbUF3y2YTPm1TPdTF8YBYw][test][4],[q75XUfcITqG3o93Z8EOFnw][test][3],[tbUF3y2YTPm1TPdTF8YBYw][test][2],[q75XUfcITqG3o93Z8EOFnw][test][9],[t8Mqv-hjRzqYCBodDxtrKQ][test][8],[t8Mqv-hjRzqYCBodDxtrKQ][test][7],[q75XUfcITqG3o93Z8EOFnw][test][6] (cluster state version: 6890)
[2014-02-18 16:00:12,322][TRACE][action.search.type       ] [node_2] Moving to second phase, based on results from: [q75XUfcITqG3o93Z8EOFnw][test][11],[q75XUfcITqG3o93Z8EOFnw][test][10],[tbUF3y2YTPm1TPdTF8YBYw][test][0],[t8Mqv-hjRzqYCBodDxtrKQ][test][1],[q75XUfcITqG3o93Z8EOFnw][test][5],[q75XUfcITqG3o93Z8EOFnw][test][4],[tbUF3y2YTPm1TPdTF8YBYw][test][3],[q75XUfcITqG3o93Z8EOFnw][test][2],[tbUF3y2YTPm1TPdTF8YBYw][test][9],[q75XUfcITqG3o93Z8EOFnw][test][8],[q75XUfcITqG3o93Z8EOFnw][test][7],[tbUF3y2YTPm1TPdTF8YBYw][test][6] (cluster state version: 6890)
[2014-02-18 16:00:12,335][TRACE][action.search.type       ] [node_0] [test][0], node[q75XUfcITqG3o93Z8EOFnw], relocating [t8Mqv-hjRzqYCBodDxtrKQ], [P], s[RELOCATING]: Failed to execute [org.elasticsearch.action.search.SearchRequest@49f7717c] lastShard [false]
org.elasticsearch.transport.RemoteTransportException: [node_2][inet[/10.1.10.75:9302]][search/phase/dfs]
Caused by: org.elasticsearch.index.IndexShardMissingException: [test][0] missing
	at org.elasticsearch.index.service.InternalIndexService.shardSafe(InternalIndexService.java:184)
	at org.elasticsearch.search.SearchService.createContext(SearchService.java:479)
	at org.elasticsearch.search.SearchService.createContext(SearchService.java:474)
	at org.elasticsearch.search.SearchService.createAndPutContext(SearchService.java:467)
	at org.elasticsearch.search.SearchService.executeDfsPhase(SearchService.java:173)
	at org.elasticsearch.search.action.SearchServiceTransportAction$SearchDfsTransportHandler.messageReceived(SearchServiceTransportAction.java:602)
	at org.elasticsearch.search.action.SearchServiceTransportAction$SearchDfsTransportHandler.messageReceived(SearchServiceTransportAction.java:591)
	at org.elasticsearch.transport.netty.MessageChannelHandler$RequestHandler.run(MessageChannelHandler.java:270)
	at java.util.concurrent.ThreadPoolExecutor.runWorker(ThreadPoolExecutor.java:1145)
	at java.util.concurrent.ThreadPoolExecutor$Worker.run(ThreadPoolExecutor.java:615)
	at java.lang.Thread.run(Thread.java:744)
[2014-02-18 16:00:12,336][TRACE][action.search.type       ] [node_0] Moving to second phase, based on results from: [tbUF3y2YTPm1TPdTF8YBYw][test][11],[t8Mqv-hjRzqYCBodDxtrKQ][test][10],[tbUF3y2YTPm1TPdTF8YBYw][test][0],[tbUF3y2YTPm1TPdTF8YBYw][test][1],[t8Mqv-hjRzqYCBodDxtrKQ][test][5],[q75XUfcITqG3o93Z8EOFnw][test][4],[q75XUfcITqG3o93Z8EOFnw][test][3],[tbUF3y2YTPm1TPdTF8YBYw][test][2],[tbUF3y2YTPm1TPdTF8YBYw][test][9],[q75XUfcITqG3o93Z8EOFnw][test][8],[q75XUfcITqG3o93Z8EOFnw][test][7],[q75XUfcITqG3o93Z8EOFnw][test][6] (cluster state version: 6890)
[2014-02-18 16:00:12,348][TRACE][action.search.type       ] [node_1] Moving to second phase, based on results from: [tbUF3y2YTPm1TPdTF8YBYw][test][11],[q75XUfcITqG3o93Z8EOFnw][test][10],[tbUF3y2YTPm1TPdTF8YBYw][test][0],[tbUF3y2YTPm1TPdTF8YBYw][test][1],[t8Mqv-hjRzqYCBodDxtrKQ][test][5],[tbUF3y2YTPm1TPdTF8YBYw][test][4],[q75XUfcITqG3o93Z8EOFnw][test][3],[tbUF3y2YTPm1TPdTF8YBYw][test][2],[tbUF3y2YTPm1TPdTF8YBYw][test][9],[q75XUfcITqG3o93Z8EOFnw][test][8],[q75XUfcITqG3o93Z8EOFnw][test][7],[q75XUfcITqG3o93Z8EOFnw][test][6] (cluster state version: 6891)
[2014-02-18 16:00:12,352][TRACE][action.search.type       ] [node_2] Moving to second phase, based on results from: [q75XUfcITqG3o93Z8EOFnw][test][11],[t8Mqv-hjRzqYCBodDxtrKQ][test][10],[tbUF3y2YTPm1TPdTF8YBYw][test][0],[t8Mqv-hjRzqYCBodDxtrKQ][test][1],[t8Mqv-hjRzqYCBodDxtrKQ][test][5],[tbUF3y2YTPm1TPdTF8YBYw][test][4],[tbUF3y2YTPm1TPdTF8YBYw][test][3],[tbUF3y2YTPm1TPdTF8YBYw][test][2],[tbUF3y2YTPm1TPdTF8YBYw][test][9],[t8Mqv-hjRzqYCBodDxtrKQ][test][8],[t8Mqv-hjRzqYCBodDxtrKQ][test][7],[q75XUfcITqG3o93Z8EOFnw][test][6] (cluster state version: 6891)
[2014-02-18 16:00:12,357][TRACE][action.search.type       ] [node_2] [test][0], node[t8Mqv-hjRzqYCBodDxtrKQ], [P], s[STARTED]: Failed to execute [org.elasticsearch.action.search.SearchRequest@6744df] lastShard [false]
org.elasticsearch.transport.RemoteTransportException: [node_1][inet[/10.1.10.75:9301]][search/phase/query]
Caused by: org.elasticsearch.index.shard.IllegalIndexShardStateException: [test][0] CurrentState[POST_RECOVERY] operations only allowed when started/relocated
	at org.elasticsearch.index.shard.service.InternalIndexShard.readAllowed(InternalIndexShard.java:806)
	at org.elasticsearch.index.shard.service.InternalIndexShard.acquireSearcher(InternalIndexShard.java:644)
	at org.elasticsearch.index.shard.service.InternalIndexShard.acquireSearcher(InternalIndexShard.java:639)
	at org.elasticsearch.search.SearchService.createContext(SearchService.java:483)
	at org.elasticsearch.search.SearchService.createContext(SearchService.java:474)
	at org.elasticsearch.search.SearchService.createAndPutContext(SearchService.java:467)
	at org.elasticsearch.search.SearchService.executeQueryPhase(SearchService.java:239)
	at org.elasticsearch.search.action.SearchServiceTransportAction$SearchQueryTransportHandler.messageReceived(SearchServiceTransportAction.java:623)
	at org.elasticsearch.search.action.SearchServiceTransportAction$SearchQueryTransportHandler.messageReceived(SearchServiceTransportAction.java:612)
	at org.elasticsearch.transport.netty.MessageChannelHandler$RequestHandler.run(MessageChannelHandler.java:270)
	at java.util.concurrent.ThreadPoolExecutor.runWorker(ThreadPoolExecutor.java:1145)
	at java.util.concurrent.ThreadPoolExecutor$Worker.run(ThreadPoolExecutor.java:615)
	at java.lang.Thread.run(Thread.java:744)
[2014-02-18 16:00:12,359][TRACE][action.search.type       ] [node_2] Moving to second phase, based on results from: [tbUF3y2YTPm1TPdTF8YBYw][test][11],[q75XUfcITqG3o93Z8EOFnw][test][10],[tbUF3y2YTPm1TPdTF8YBYw][test][0],[tbUF3y2YTPm1TPdTF8YBYw][test][1],[q75XUfcITqG3o93Z8EOFnw][test][5],[q75XUfcITqG3o93Z8EOFnw][test][4],[q75XUfcITqG3o93Z8EOFnw][test][3],[q75XUfcITqG3o93Z8EOFnw][test][2],[q75XUfcITqG3o93Z8EOFnw][test][9],[q75XUfcITqG3o93Z8EOFnw][test][8],[q75XUfcITqG3o93Z8EOFnw][test][7],[tbUF3y2YTPm1TPdTF8YBYw][test][6] (cluster state version: 6891)
[2014-02-18 16:00:12,361][TRACE][action.search.type       ] [node_1] Moving to second phase, based on results from: [q75XUfcITqG3o93Z8EOFnw][test][11],[t8Mqv-hjRzqYCBodDxtrKQ][test][10],[t8Mqv-hjRzqYCBodDxtrKQ][test][0],[t8Mqv-hjRzqYCBodDxtrKQ][test][1],[q75XUfcITqG3o93Z8EOFnw][test][5],[q75XUfcITqG3o93Z8EOFnw][test][4],[tbUF3y2YTPm1TPdTF8YBYw][test][3],[q75XUfcITqG3o93Z8EOFnw][test][2],[q75XUfcITqG3o93Z8EOFnw][test][9],[t8Mqv-hjRzqYCBodDxtrKQ][test][8],[t8Mqv-hjRzqYCBodDxtrKQ][test][7],[tbUF3y2YTPm1TPdTF8YBYw][test][6] (cluster state version: 6891)
[2014-02-18 16:00:12,394][TRACE][action.search.type       ] [node_0] Moving to second phase, based on results from: [q75XUfcITqG3o93Z8EOFnw][test][11],[q75XUfcITqG3o93Z8EOFnw][test][10],[tbUF3y2YTPm1TPdTF8YBYw][test][0],[t8Mqv-hjRzqYCBodDxtrKQ][test][1],[q75XUfcITqG3o93Z8EOFnw][test][5],[tbUF3y2YTPm1TPdTF8YBYw][test][4],[tbUF3y2YTPm1TPdTF8YBYw][test][3],[q75XUfcITqG3o93Z8EOFnw][test][2],[q75XUfcITqG3o93Z8EOFnw][test][9],[t8Mqv-hjRzqYCBodDxtrKQ][test][8],[t8Mqv-hjRzqYCBodDxtrKQ][test][7],[tbUF3y2YTPm1TPdTF8YBYw][test][6] (cluster state version: 6890)
[2014-02-18 16:00:12,405][TRACE][action.search.type       ] [node_1] Moving to second phase, based on results from: [tbUF3y2YTPm1TPdTF8YBYw][test][11],[q75XUfcITqG3o93Z8EOFnw][test][10],[tbUF3y2YTPm1TPdTF8YBYw][test][0],[tbUF3y2YTPm1TPdTF8YBYw][test][1],[t8Mqv-hjRzqYCBodDxtrKQ][test][5],[tbUF3y2YTPm1TPdTF8YBYw][test][4],[q75XUfcITqG3o93Z8EOFnw][test][3],[tbUF3y2YTPm1TPdTF8YBYw][test][2],[tbUF3y2YTPm1TPdTF8YBYw][test][9],[q75XUfcITqG3o93Z8EOFnw][test][8],[q75XUfcITqG3o93Z8EOFnw][test][7],[q75XUfcITqG3o93Z8EOFnw][test][6] (cluster state version: 6891)
[2014-02-18 16:00:12,409][TRACE][action.search.type       ] [node_0] Moving to second phase, based on results from: [tbUF3y2YTPm1TPdTF8YBYw][test][11],[t8Mqv-hjRzqYCBodDxtrKQ][test][10],[t8Mqv-hjRzqYCBodDxtrKQ][test][0],[t8Mqv-hjRzqYCBodDxtrKQ][test][1],[q75XUfcITqG3o93Z8EOFnw][test][5],[tbUF3y2YTPm1TPdTF8YBYw][test][4],[tbUF3y2YTPm1TPdTF8YBYw][test][3],[tbUF3y2YTPm1TPdTF8YBYw][test][2],[tbUF3y2YTPm1TPdTF8YBYw][test][9],[t8Mqv-hjRzqYCBodDxtrKQ][test][8],[t8Mqv-hjRzqYCBodDxtrKQ][test][7],[q75XUfcITqG3o93Z8EOFnw][test][6] (cluster state version: 6891)
[2014-02-18 16:00:12,418][TRACE][action.search.type       ] [node_0] Moving to second phase, based on results from: [q75XUfcITqG3o93Z8EOFnw][test][11],[q75XUfcITqG3o93Z8EOFnw][test][10],[tbUF3y2YTPm1TPdTF8YBYw][test][0],[tbUF3y2YTPm1TPdTF8YBYw][test][1],[t8Mqv-hjRzqYCBodDxtrKQ][test][5],[q75XUfcITqG3o93Z8EOFnw][test][4],[q75XUfcITqG3o93Z8EOFnw][test][3],[q75XUfcITqG3o93Z8EOFnw][test][2],[q75XUfcITqG3o93Z8EOFnw][test][9],[q75XUfcITqG3o93Z8EOFnw][test][8],[q75XUfcITqG3o93Z8EOFnw][test][7],[tbUF3y2YTPm1TPdTF8YBYw][test][6] (cluster state version: 6891)
[2014-02-18 16:00:12,421][TRACE][action.search.type       ] [node_0] Moving to second phase, based on results from: [tbUF3y2YTPm1TPdTF8YBYw][test][11],[t8Mqv-hjRzqYCBodDxtrKQ][test][10],[t8Mqv-hjRzqYCBodDxtrKQ][test][0],[t8Mqv-hjRzqYCBodDxtrKQ][test][1],[q75XUfcITqG3o93Z8EOFnw][test][5],[tbUF3y2YTPm1TPdTF8YBYw][test][4],[tbUF3y2YTPm1TPdTF8YBYw][test][3],[tbUF3y2YTPm1TPdTF8YBYw][test][2],[tbUF3y2YTPm1TPdTF8YBYw][test][9],[t8Mqv-hjRzqYCBodDxtrKQ][test][8],[t8Mqv-hjRzqYCBodDxtrKQ][test][7],[q75XUfcITqG3o93Z8EOFnw][test][6] (cluster state version: 6891)
[2014-02-18 16:00:12,430][TRACE][action.search.type       ] [node_1] Moving to second phase, based on results from: [q75XUfcITqG3o93Z8EOFnw][test][11],[t8Mqv-hjRzqYCBodDxtrKQ][test][10],[t8Mqv-hjRzqYCBodDxtrKQ][test][0],[t8Mqv-hjRzqYCBodDxtrKQ][test][1],[q75XUfcITqG3o93Z8EOFnw][test][5],[q75XUfcITqG3o93Z8EOFnw][test][4],[tbUF3y2YTPm1TPdTF8YBYw][test][3],[q75XUfcITqG3o93Z8EOFnw][test][2],[q75XUfcITqG3o93Z8EOFnw][test][9],[t8Mqv-hjRzqYCBodDxtrKQ][test][8],[t8Mqv-hjRzqYCBodDxtrKQ][test][7],[tbUF3y2YTPm1TPdTF8YBYw][test][6] (cluster state version: 6891)
[2014-02-18 16:00:12,440][TRACE][action.search.type       ] [node_0] Moving to second phase, based on results from: [q75XUfcITqG3o93Z8EOFnw][test][11],[q75XUfcITqG3o93Z8EOFnw][test][10],[tbUF3y2YTPm1TPdTF8YBYw][test][0],[tbUF3y2YTPm1TPdTF8YBYw][test][1],[t8Mqv-hjRzqYCBodDxtrKQ][test][5],[q75XUfcITqG3o93Z8EOFnw][test][4],[q75XUfcITqG3o93Z8EOFnw][test][3],[q75XUfcITqG3o93Z8EOFnw][test][2],[q75XUfcITqG3o93Z8EOFnw][test][9],[q75XUfcITqG3o93Z8EOFnw][test][8],[q75XUfcITqG3o93Z8EOFnw][test][7],[tbUF3y2YTPm1TPdTF8YBYw][test][6] (cluster state version: 6891)
[2014-02-18 16:00:12,451][TRACE][action.search.type       ] [node_1] Moving to second phase, based on results from: [tbUF3y2YTPm1TPdTF8YBYw][test][11],[q75XUfcITqG3o93Z8EOFnw][test][10],[tbUF3y2YTPm1TPdTF8YBYw][test][0],[tbUF3y2YTPm1TPdTF8YBYw][test][1],[t8Mqv-hjRzqYCBodDxtrKQ][test][5],[tbUF3y2YTPm1TPdTF8YBYw][test][4],[q75XUfcITqG3o93Z8EOFnw][test][3],[tbUF3y2YTPm1TPdTF8YBYw][test][2],[tbUF3y2YTPm1TPdTF8YBYw][test][9],[q75XUfcITqG3o93Z8EOFnw][test][8],[q75XUfcITqG3o93Z8EOFnw][test][7],[q75XUfcITqG3o93Z8EOFnw][test][6] (cluster state version: 6891)
[2014-02-18 16:00:12,455][TRACE][action.search.type       ] [node_2] Moving to second phase, based on results from: [q75XUfcITqG3o93Z8EOFnw][test][11],[t8Mqv-hjRzqYCBodDxtrKQ][test][10],[tbUF3y2YTPm1TPdTF8YBYw][test][0],[t8Mqv-hjRzqYCBodDxtrKQ][test][1],[t8Mqv-hjRzqYCBodDxtrKQ][test][5],[tbUF3y2YTPm1TPdTF8YBYw][test][4],[tbUF3y2YTPm1TPdTF8YBYw][test][3],[tbUF3y2YTPm1TPdTF8YBYw][test][2],[tbUF3y2YTPm1TPdTF8YBYw][test][9],[t8Mqv-hjRzqYCBodDxtrKQ][test][8],[t8Mqv-hjRzqYCBodDxtrKQ][test][7],[q75XUfcITqG3o93Z8EOFnw][test][6] (cluster state version: 6891)
[2014-02-18 16:00:12,458][TRACE][action.search.type       ] [node_0] Moving to second phase, based on results from: [tbUF3y2YTPm1TPdTF8YBYw][test][11],[t8Mqv-hjRzqYCBodDxtrKQ][test][10],[t8Mqv-hjRzqYCBodDxtrKQ][test][0],[t8Mqv-hjRzqYCBodDxtrKQ][test][1],[q75XUfcITqG3o93Z8EOFnw][test][5],[tbUF3y2YTPm1TPdTF8YBYw][test][4],[tbUF3y2YTPm1TPdTF8YBYw][test][3],[tbUF3y2YTPm1TPdTF8YBYw][test][2],[tbUF3y2YTPm1TPdTF8YBYw][test][9],[t8Mqv-hjRzqYCBodDxtrKQ][test][8],[t8Mqv-hjRzqYCBodDxtrKQ][test][7],[q75XUfcITqG3o93Z8EOFnw][test][6] (cluster state version: 6891)
[2014-02-18 16:00:12,462][TRACE][action.search.type       ] [node_1] Moving to second phase, based on results from: [q75XUfcITqG3o93Z8EOFnw][test][11],[t8Mqv-hjRzqYCBodDxtrKQ][test][10],[t8Mqv-hjRzqYCBodDxtrKQ][test][0],[t8Mqv-hjRzqYCBodDxtrKQ][test][1],[q75XUfcITqG3o93Z8EOFnw][test][5],[q75XUfcITqG3o93Z8EOFnw][test][4],[tbUF3y2YTPm1TPdTF8YBYw][test][3],[q75XUfcITqG3o93Z8EOFnw][test][2],[q75XUfcITqG3o93Z8EOFnw][test][9],[t8Mqv-hjRzqYCBodDxtrKQ][test][8],[t8Mqv-hjRzqYCBodDxtrKQ][test][7],[tbUF3y2YTPm1TPdTF8YBYw][test][6] (cluster state version: 6891)
[2014-02-18 16:00:12,465][TRACE][action.search.type       ] [node_0] Moving to second phase, based on results from: [q75XUfcITqG3o93Z8EOFnw][test][11],[q75XUfcITqG3o93Z8EOFnw][test][10],[tbUF3y2YTPm1TPdTF8YBYw][test][0],[tbUF3y2YTPm1TPdTF8YBYw][test][1],[t8Mqv-hjRzqYCBodDxtrKQ][test][5],[q75XUfcITqG3o93Z8EOFnw][test][4],[q75XUfcITqG3o93Z8EOFnw][test][3],[q75XUfcITqG3o93Z8EOFnw][test][2],[q75XUfcITqG3o93Z8EOFnw][test][9],[q75XUfcITqG3o93Z8EOFnw][test][8],[q75XUfcITqG3o93Z8EOFnw][test][7],[tbUF3y2YTPm1TPdTF8YBYw][test][6] (cluster state version: 6891)
[2014-02-18 16:00:12,474][TRACE][action.search.type       ] [node_0] Moving to second phase, based on results from: [tbUF3y2YTPm1TPdTF8YBYw][test][11],[t8Mqv-hjRzqYCBodDxtrKQ][test][10],[t8Mqv-hjRzqYCBodDxtrKQ][test][0],[t8Mqv-hjRzqYCBodDxtrKQ][test][1],[q75XUfcITqG3o93Z8EOFnw][test][5],[tbUF3y2YTPm1TPdTF8YBYw][test][4],[tbUF3y2YTPm1TPdTF8YBYw][test][3],[tbUF3y2YTPm1TPdTF8YBYw][test][2],[tbUF3y2YTPm1TPdTF8YBYw][test][9],[t8Mqv-hjRzqYCBodDxtrKQ][test][8],[t8Mqv-hjRzqYCBodDxtrKQ][test][7],[q75XUfcITqG3o93Z8EOFnw][test][6] (cluster state version: 6891)
[2014-02-18 16:00:12,483][TRACE][action.search.type       ] [node_2] Moving to second phase, based on results from: [tbUF3y2YTPm1TPdTF8YBYw][test][11],[q75XUfcITqG3o93Z8EOFnw][test][10],[t8Mqv-hjRzqYCBodDxtrKQ][test][0],[tbUF3y2YTPm1TPdTF8YBYw][test][1],[q75XUfcITqG3o93Z8EOFnw][test][5],[q75XUfcITqG3o93Z8EOFnw][test][4],[q75XUfcITqG3o93Z8EOFnw][test][3],[q75XUfcITqG3o93Z8EOFnw][test][2],[q75XUfcITqG3o93Z8EOFnw][test][9],[q75XUfcITqG3o93Z8EOFnw][test][8],[q75XUfcITqG3o93Z8EOFnw][test][7],[tbUF3y2YTPm1TPdTF8YBYw][test][6] (cluster state version: 6891)
[2014-02-18 16:00:12,492][TRACE][action.search.type       ] [node_2] Moving to second phase, based on results from: [q75XUfcITqG3o93Z8EOFnw][test][11],[t8Mqv-hjRzqYCBodDxtrKQ][test][10],[tbUF3y2YTPm1TPdTF8YBYw][test][0],[t8Mqv-hjRzqYCBodDxtrKQ][test][1],[t8Mqv-hjRzqYCBodDxtrKQ][test][5],[tbUF3y2YTPm1TPdTF8YBYw][test][4],[tbUF3y2YTPm1TPdTF8YBYw][test][3],[tbUF3y2YTPm1TPdTF8YBYw][test][2],[tbUF3y2YTPm1TPdTF8YBYw][test][9],[t8Mqv-hjRzqYCBodDxtrKQ][test][8],[t8Mqv-hjRzqYCBodDxtrKQ][test][7],[q75XUfcITqG3o93Z8EOFnw][test][6] (cluster state version: 6891)
[2014-02-18 16:00:12,495][TRACE][action.search.type       ] [node_0] Moving to second phase, based on results from: [q75XUfcITqG3o93Z8EOFnw][test][11],[q75XUfcITqG3o93Z8EOFnw][test][10],[tbUF3y2YTPm1TPdTF8YBYw][test][0],[tbUF3y2YTPm1TPdTF8YBYw][test][1],[t8Mqv-hjRzqYCBodDxtrKQ][test][5],[q75XUfcITqG3o93Z8EOFnw][test][4],[q75XUfcITqG3o93Z8EOFnw][test][3],[q75XUfcITqG3o93Z8EOFnw][test][2],[q75XUfcITqG3o93Z8EOFnw][test][9],[q75XUfcITqG3o93Z8EOFnw][test][8],[q75XUfcITqG3o93Z8EOFnw][test][7],[tbUF3y2YTPm1TPdTF8YBYw][test][6] (cluster state version: 6891)
[2014-02-18 16:00:12,509][TRACE][action.search.type       ] [node_2] Moving to second phase, based on results from: [q75XUfcITqG3o93Z8EOFnw][test][11],[q75XUfcITqG3o93Z8EOFnw][test][10],[t8Mqv-hjRzqYCBodDxtrKQ][test][0],[tbUF3y2YTPm1TPdTF8YBYw][test][1],[q75XUfcITqG3o93Z8EOFnw][test][5],[q75XUfcITqG3o93Z8EOFnw][test][4],[q75XUfcITqG3o93Z8EOFnw][test][3],[tbUF3y2YTPm1TPdTF8YBYw][test][2],[tbUF3y2YTPm1TPdTF8YBYw][test][9],[t8Mqv-hjRzqYCBodDxtrKQ][test][8],[t8Mqv-hjRzqYCBodDxtrKQ][test][7],[q75XUfcITqG3o93Z8EOFnw][test][6] (cluster state version: 6892)
[2014-02-18 16:00:12,517][TRACE][action.search.type       ] [node_1] Moving to second phase, based on results from: [tbUF3y2YTPm1TPdTF8YBYw][test][11],[t8Mqv-hjRzqYCBodDxtrKQ][test][10],[t8Mqv-hjRzqYCBodDxtrKQ][test][0],[t8Mqv-hjRzqYCBodDxtrKQ][test][1],[q75XUfcITqG3o93Z8EOFnw][test][5],[tbUF3y2YTPm1TPdTF8YBYw][test][4],[q75XUfcITqG3o93Z8EOFnw][test][3],[t8Mqv-hjRzqYCBodDxtrKQ][test][2],[q75XUfcITqG3o93Z8EOFnw][test][9],[t8Mqv-hjRzqYCBodDxtrKQ][test][8],[t8Mqv-hjRzqYCBodDxtrKQ][test][7],[q75XUfcITqG3o93Z8EOFnw][test][6] (cluster state version: 6892)
[2014-02-18 16:00:12,520][TRACE][action.search.type       ] [node_0] Moving to second phase, based on results from: [tbUF3y2YTPm1TPdTF8YBYw][test][11],[q75XUfcITqG3o93Z8EOFnw][test][10],[tbUF3y2YTPm1TPdTF8YBYw][test][0],[tbUF3y2YTPm1TPdTF8YBYw][test][1],[q75XUfcITqG3o93Z8EOFnw][test][5],[tbUF3y2YTPm1TPdTF8YBYw][test][4],[q75XUfcITqG3o93Z8EOFnw][test][3],[t8Mqv-hjRzqYCBodDxtrKQ][test][2],[q75XUfcITqG3o93Z8EOFnw][test][9],[q75XUfcITqG3o93Z8EOFnw][test][8],[q75XUfcITqG3o93Z8EOFnw][test][7],[q75XUfcITqG3o93Z8EOFnw][test][6] (cluster state version: 6892)
[2014-02-18 16:00:12,531][TRACE][action.search.type       ] [node_1] Moving to second phase, based on results from: [q75XUfcITqG3o93Z8EOFnw][test][11],[q75XUfcITqG3o93Z8EOFnw][test][10],[tbUF3y2YTPm1TPdTF8YBYw][test][0],[tbUF3y2YTPm1TPdTF8YBYw][test][1],[t8Mqv-hjRzqYCBodDxtrKQ][test][5],[q75XUfcITqG3o93Z8EOFnw][test][4],[tbUF3y2YTPm1TPdTF8YBYw][test][3],[tbUF3y2YTPm1TPdTF8YBYw][test][2],[tbUF3y2YTPm1TPdTF8YBYw][test][9],[q75XUfcITqG3o93Z8EOFnw][test][8],[q75XUfcITqG3o93Z8EOFnw][test][7],[tbUF3y2YTPm1TPdTF8YBYw][test][6] (cluster state version: 6892)
[2014-02-18 16:00:12,542][TRACE][action.search.type       ] [node_2] Moving to second phase, based on results from: [tbUF3y2YTPm1TPdTF8YBYw][test][11],[t8Mqv-hjRzqYCBodDxtrKQ][test][10],[tbUF3y2YTPm1TPdTF8YBYw][test][0],[t8Mqv-hjRzqYCBodDxtrKQ][test][1],[t8Mqv-hjRzqYCBodDxtrKQ][test][5],[tbUF3y2YTPm1TPdTF8YBYw][test][4],[tbUF3y2YTPm1TPdTF8YBYw][test][3],[t8Mqv-hjRzqYCBodDxtrKQ][test][2],[q75XUfcITqG3o93Z8EOFnw][test][9],[q75XUfcITqG3o93Z8EOFnw][test][8],[q75XUfcITqG3o93Z8EOFnw][test][7],[tbUF3y2YTPm1TPdTF8YBYw][test][6] (cluster state version: 6892)
[2014-02-18 16:00:12,547][TRACE][action.search.type       ] [node_1] Moving to second phase, based on results from: [tbUF3y2YTPm1TPdTF8YBYw][test][11],[t8Mqv-hjRzqYCBodDxtrKQ][test][10],[t8Mqv-hjRzqYCBodDxtrKQ][test][0],[t8Mqv-hjRzqYCBodDxtrKQ][test][1],[q75XUfcITqG3o93Z8EOFnw][test][5],[tbUF3y2YTPm1TPdTF8YBYw][test][4],[q75XUfcITqG3o93Z8EOFnw][test][3],[t8Mqv-hjRzqYCBodDxtrKQ][test][2],[q75XUfcITqG3o93Z8EOFnw][test][9],[t8Mqv-hjRzqYCBodDxtrKQ][test][8],[t8Mqv-hjRzqYCBodDxtrKQ][test][7],[q75XUfcITqG3o93Z8EOFnw][test][6] (cluster state version: 6892)
[2014-02-18 16:00:12,554][TRACE][action.search.type       ] [node_1] Moving to second phase, based on results from: [q75XUfcITqG3o93Z8EOFnw][test][11],[q75XUfcITqG3o93Z8EOFnw][test][10],[tbUF3y2YTPm1TPdTF8YBYw][test][0],[tbUF3y2YTPm1TPdTF8YBYw][test][1],[t8Mqv-hjRzqYCBodDxtrKQ][test][5],[q75XUfcITqG3o93Z8EOFnw][test][4],[tbUF3y2YTPm1TPdTF8YBYw][test][3],[tbUF3y2YTPm1TPdTF8YBYw][test][2],[tbUF3y2YTPm1TPdTF8YBYw][test][9],[q75XUfcITqG3o93Z8EOFnw][test][8],[q75XUfcITqG3o93Z8EOFnw][test][7],[tbUF3y2YTPm1TPdTF8YBYw][test][6] (cluster state version: 6892)
[2014-02-18 16:00:12,568][TRACE][action.search.type       ] [node_0] Moving to second phase, based on results from: [q75XUfcITqG3o93Z8EOFnw][test][11],[t8Mqv-hjRzqYCBodDxtrKQ][test][10],[t8Mqv-hjRzqYCBodDxtrKQ][test][0],[t8Mqv-hjRzqYCBodDxtrKQ][test][1],[t8Mqv-hjRzqYCBodDxtrKQ][test][5],[q75XUfcITqG3o93Z8EOFnw][test][4],[tbUF3y2YTPm1TPdTF8YBYw][test][3],[tbUF3y2YTPm1TPdTF8YBYw][test][2],[tbUF3y2YTPm1TPdTF8YBYw][test][9],[t8Mqv-hjRzqYCBodDxtrKQ][test][8],[t8Mqv-hjRzqYCBodDxtrKQ][test][7],[tbUF3y2YTPm1TPdTF8YBYw][test][6] (cluster state version: 6892)
[2014-02-18 16:00:12,576][TRACE][action.search.type       ] [node_1] Moving to second phase, based on results from: [tbUF3y2YTPm1TPdTF8YBYw][test][11],[t8Mqv-hjRzqYCBodDxtrKQ][test][10],[t8Mqv-hjRzqYCBodDxtrKQ][test][0],[t8Mqv-hjRzqYCBodDxtrKQ][test][1],[q75XUfcITqG3o93Z8EOFnw][test][5],[tbUF3y2YTPm1TPdTF8YBYw][test][4],[q75XUfcITqG3o93Z8EOFnw][test][3],[t8Mqv-hjRzqYCBodDxtrKQ][test][2],[q75XUfcITqG3o93Z8EOFnw][test][9],[t8Mqv-hjRzqYCBodDxtrKQ][test][8],[t8Mqv-hjRzqYCBodDxtrKQ][test][7],[q75XUfcITqG3o93Z8EOFnw][test][6] (cluster state version: 6892)
[2014-02-18 16:00:12,584][TRACE][action.search.type       ] [node_1] Moving to second phase, based on results from: [q75XUfcITqG3o93Z8EOFnw][test][11],[q75XUfcITqG3o93Z8EOFnw][test][10],[tbUF3y2YTPm1TPdTF8YBYw][test][0],[tbUF3y2YTPm1TPdTF8YBYw][test][1],[t8Mqv-hjRzqYCBodDxtrKQ][test][5],[q75XUfcITqG3o93Z8EOFnw][test][4],[tbUF3y2YTPm1TPdTF8YBYw][test][3],[tbUF3y2YTPm1TPdTF8YBYw][test][2],[tbUF3y2YTPm1TPdTF8YBYw][test][9],[q75XUfcITqG3o93Z8EOFnw][test][8],[q75XUfcITqG3o93Z8EOFnw][test][7],[tbUF3y2YTPm1TPdTF8YBYw][test][6] (cluster state version: 6892)
[2014-02-18 16:00:12,588][TRACE][action.search.type       ] [node_2] Moving to second phase, based on results from: [q75XUfcITqG3o93Z8EOFnw][test][11],[q75XUfcITqG3o93Z8EOFnw][test][10],[t8Mqv-hjRzqYCBodDxtrKQ][test][0],[tbUF3y2YTPm1TPdTF8YBYw][test][1],[q75XUfcITqG3o93Z8EOFnw][test][5],[q75XUfcITqG3o93Z8EOFnw][test][4],[q75XUfcITqG3o93Z8EOFnw][test][3],[tbUF3y2YTPm1TPdTF8YBYw][test][2],[tbUF3y2YTPm1TPdTF8YBYw][test][9],[t8Mqv-hjRzqYCBodDxtrKQ][test][8],[t8Mqv-hjRzqYCBodDxtrKQ][test][7],[q75XUfcITqG3o93Z8EOFnw][test][6] (cluster state version: 6892)
[2014-02-18 16:00:12,600][TRACE][action.search.type       ] [node_1] Moving to second phase, based on results from: [tbUF3y2YTPm1TPdTF8YBYw][test][11],[t8Mqv-hjRzqYCBodDxtrKQ][test][10],[t8Mqv-hjRzqYCBodDxtrKQ][test][0],[t8Mqv-hjRzqYCBodDxtrKQ][test][1],[q75XUfcITqG3o93Z8EOFnw][test][5],[tbUF3y2YTPm1TPdTF8YBYw][test][4],[q75XUfcITqG3o93Z8EOFnw][test][3],[t8Mqv-hjRzqYCBodDxtrKQ][test][2],[q75XUfcITqG3o93Z8EOFnw][test][9],[t8Mqv-hjRzqYCBodDxtrKQ][test][8],[t8Mqv-hjRzqYCBodDxtrKQ][test][7],[q75XUfcITqG3o93Z8EOFnw][test][6] (cluster state version: 6892)
[2014-02-18 16:00:12,616][TRACE][action.search.type       ] [node_1] Moving to second phase, based on results from: [q75XUfcITqG3o93Z8EOFnw][test][11],[q75XUfcITqG3o93Z8EOFnw][test][10],[tbUF3y2YTPm1TPdTF8YBYw][test][0],[tbUF3y2YTPm1TPdTF8YBYw][test][1],[t8Mqv-hjRzqYCBodDxtrKQ][test][5],[q75XUfcITqG3o93Z8EOFnw][test][4],[tbUF3y2YTPm1TPdTF8YBYw][test][3],[tbUF3y2YTPm1TPdTF8YBYw][test][2],[tbUF3y2YTPm1TPdTF8YBYw][test][9],[q75XUfcITqG3o93Z8EOFnw][test][8],[q75XUfcITqG3o93Z8EOFnw][test][7],[tbUF3y2YTPm1TPdTF8YBYw][test][6] (cluster state version: 6892)
[2014-02-18 16:00:12,625][TRACE][action.search.type       ] [node_1] Moving to second phase, based on results from: [tbUF3y2YTPm1TPdTF8YBYw][test][11],[t8Mqv-hjRzqYCBodDxtrKQ][test][10],[t8Mqv-hjRzqYCBodDxtrKQ][test][0],[t8Mqv-hjRzqYCBodDxtrKQ][test][1],[q75XUfcITqG3o93Z8EOFnw][test][5],[tbUF3y2YTPm1TPdTF8YBYw][test][4],[q75XUfcITqG3o93Z8EOFnw][test][3],[t8Mqv-hjRzqYCBodDxtrKQ][test][2],[q75XUfcITqG3o93Z8EOFnw][test][9],[t8Mqv-hjRzqYCBodDxtrKQ][test][8],[t8Mqv-hjRzqYCBodDxtrKQ][test][7],[q75XUfcITqG3o93Z8EOFnw][test][6] (cluster state version: 6892)
[2014-02-18 16:00:12,632][TRACE][action.search.type       ] [node_1] Moving to second phase, based on results from: [q75XUfcITqG3o93Z8EOFnw][test][11],[q75XUfcITqG3o93Z8EOFnw][test][10],[tbUF3y2YTPm1TPdTF8YBYw][test][0],[tbUF3y2YTPm1TPdTF8YBYw][test][1],[t8Mqv-hjRzqYCBodDxtrKQ][test][5],[q75XUfcITqG3o93Z8EOFnw][test][4],[tbUF3y2YTPm1TPdTF8YBYw][test][3],[tbUF3y2YTPm1TPdTF8YBYw][test][2],[tbUF3y2YTPm1TPdTF8YBYw][test][9],[q75XUfcITqG3o93Z8EOFnw][test][8],[q75XUfcITqG3o93Z8EOFnw][test][7],[tbUF3y2YTPm1TPdTF8YBYw][test][6] (cluster state version: 6892)
[2014-02-18 16:00:12,642][TRACE][action.search.type       ] [node_2] Moving to second phase, based on results from: [tbUF3y2YTPm1TPdTF8YBYw][test][11],[t8Mqv-hjRzqYCBodDxtrKQ][test][10],[tbUF3y2YTPm1TPdTF8YBYw][test][0],[t8Mqv-hjRzqYCBodDxtrKQ][test][1],[t8Mqv-hjRzqYCBodDxtrKQ][test][5],[tbUF3y2YTPm1TPdTF8YBYw][test][4],[tbUF3y2YTPm1TPdTF8YBYw][test][3],[t8Mqv-hjRzqYCBodDxtrKQ][test][2],[q75XUfcITqG3o93Z8EOFnw][test][9],[q75XUfcITqG3o93Z8EOFnw][test][8],[q75XUfcITqG3o93Z8EOFnw][test][7],[tbUF3y2YTPm1TPdTF8YBYw][test][6] (cluster state version: 6892)
[2014-02-18 16:00:12,647][TRACE][action.search.type       ] [node_0] Moving to second phase, based on results from: [tbUF3y2YTPm1TPdTF8YBYw][test][11],[q75XUfcITqG3o93Z8EOFnw][test][10],[tbUF3y2YTPm1TPdTF8YBYw][test][0],[tbUF3y2YTPm1TPdTF8YBYw][test][1],[q75XUfcITqG3o93Z8EOFnw][test][5],[tbUF3y2YTPm1TPdTF8YBYw][test][4],[q75XUfcITqG3o93Z8EOFnw][test][3],[t8Mqv-hjRzqYCBodDxtrKQ][test][2],[q75XUfcITqG3o93Z8EOFnw][test][9],[q75XUfcITqG3o93Z8EOFnw][test][8],[q75XUfcITqG3o93Z8EOFnw][test][7],[q75XUfcITqG3o93Z8EOFnw][test][6] (cluster state version: 6892)
[2014-02-18 16:00:12,661][TRACE][action.search.type       ] [node_0] Moving to second phase, based on results from: [q75XUfcITqG3o93Z8EOFnw][test][11],[t8Mqv-hjRzqYCBodDxtrKQ][test][10],[t8Mqv-hjRzqYCBodDxtrKQ][test][0],[t8Mqv-hjRzqYCBodDxtrKQ][test][1],[t8Mqv-hjRzqYCBodDxtrKQ][test][5],[q75XUfcITqG3o93Z8EOFnw][test][4],[tbUF3y2YTPm1TPdTF8YBYw][test][3],[tbUF3y2YTPm1TPdTF8YBYw][test][2],[tbUF3y2YTPm1TPdTF8YBYw][test][9],[t8Mqv-hjRzqYCBodDxtrKQ][test][8],[t8Mqv-hjRzqYCBodDxtrKQ][test][7],[tbUF3y2YTPm1TPdTF8YBYw][test][6] (cluster state version: 6892)
[2014-02-18 16:00:12,668][TRACE][action.search.type       ] [node_1] Moving to second phase, based on results from: [tbUF3y2YTPm1TPdTF8YBYw][test][11],[q75XUfcITqG3o93Z8EOFnw][test][10],[tbUF3y2YTPm1TPdTF8YBYw][test][0],[t8Mqv-hjRzqYCBodDxtrKQ][test][1],[q75XUfcITqG3o93Z8EOFnw][test][5],[q75XUfcITqG3o93Z8EOFnw][test][4],[t8Mqv-hjRzqYCBodDxtrKQ][test][3],[tbUF3y2YTPm1TPdTF8YBYw][test][2],[q75XUfcITqG3o93Z8EOFnw][test][9],[t8Mqv-hjRzqYCBodDxtrKQ][test][8],[q75XUfcITqG3o93Z8EOFnw][test][7],[q75XUfcITqG3o93Z8EOFnw][test][6] (cluster state version: 6893)
[2014-02-18 16:00:12,671][TRACE][action.search.type       ] [node_2] Moving to second phase, based on results from: [tbUF3y2YTPm1TPdTF8YBYw][test][11],[t8Mqv-hjRzqYCBodDxtrKQ][test][10],[tbUF3y2YTPm1TPdTF8YBYw][test][0],[tbUF3y2YTPm1TPdTF8YBYw][test][1],[t8Mqv-hjRzqYCBodDxtrKQ][test][5],[q75XUfcITqG3o93Z8EOFnw][test][4],[tbUF3y2YTPm1TPdTF8YBYw][test][3],[tbUF3y2YTPm1TPdTF8YBYw][test][2],[tbUF3y2YTPm1TPdTF8YBYw][test][9],[t8Mqv-hjRzqYCBodDxtrKQ][test][8],[q75XUfcITqG3o93Z8EOFnw][test][7],[tbUF3y2YTPm1TPdTF8YBYw][test][6] (cluster state version: 6893)
[2014-02-18 16:00:12,676][TRACE][action.search.type       ] [node_1] Moving to second phase, based on results from: [q75XUfcITqG3o93Z8EOFnw][test][11],[t8Mqv-hjRzqYCBodDxtrKQ][test][10],[t8Mqv-hjRzqYCBodDxtrKQ][test][0],[tbUF3y2YTPm1TPdTF8YBYw][test][1],[t8Mqv-hjRzqYCBodDxtrKQ][test][5],[tbUF3y2YTPm1TPdTF8YBYw][test][4],[tbUF3y2YTPm1TPdTF8YBYw][test][3],[t8Mqv-hjRzqYCBodDxtrKQ][test][2],[tbUF3y2YTPm1TPdTF8YBYw][test][9],[q75XUfcITqG3o93Z8EOFnw][test][8],[t8Mqv-hjRzqYCBodDxtrKQ][test][7],[tbUF3y2YTPm1TPdTF8YBYw][test][6] (cluster state version: 6893)
[2014-02-18 16:00:12,682][TRACE][action.search.type       ] [node_1] Moving to second phase, based on results from: [tbUF3y2YTPm1TPdTF8YBYw][test][11],[q75XUfcITqG3o93Z8EOFnw][test][10],[tbUF3y2YTPm1TPdTF8YBYw][test][0],[t8Mqv-hjRzqYCBodDxtrKQ][test][1],[q75XUfcITqG3o93Z8EOFnw][test][5],[q75XUfcITqG3o93Z8EOFnw][test][4],[t8Mqv-hjRzqYCBodDxtrKQ][test][3],[tbUF3y2YTPm1TPdTF8YBYw][test][2],[q75XUfcITqG3o93Z8EOFnw][test][9],[t8Mqv-hjRzqYCBodDxtrKQ][test][8],[q75XUfcITqG3o93Z8EOFnw][test][7],[q75XUfcITqG3o93Z8EOFnw][test][6] (cluster state version: 6893)
[2014-02-18 16:00:12,700][TRACE][action.search.type       ] [node_0] Moving to second phase, based on results from: [tbUF3y2YTPm1TPdTF8YBYw][test][11],[q75XUfcITqG3o93Z8EOFnw][test][10],[t8Mqv-hjRzqYCBodDxtrKQ][test][0],[tbUF3y2YTPm1TPdTF8YBYw][test][1],[t8Mqv-hjRzqYCBodDxtrKQ][test][5],[q75XUfcITqG3o93Z8EOFnw][test][4],[tbUF3y2YTPm1TPdTF8YBYw][test][3],[tbUF3y2YTPm1TPdTF8YBYw][test][2],[tbUF3y2YTPm1TPdTF8YBYw][test][9],[t8Mqv-hjRzqYCBodDxtrKQ][test][8],[t8Mqv-hjRzqYCBodDxtrKQ][test][7],[q75XUfcITqG3o93Z8EOFnw][test][6] (cluster state version: 6893)
[2014-02-18 16:00:12,703][TRACE][action.search.type       ] [node_2] Moving to second phase, based on results from: [q75XUfcITqG3o93Z8EOFnw][test][11],[q75XUfcITqG3o93Z8EOFnw][test][10],[t8Mqv-hjRzqYCBodDxtrKQ][test][0],[t8Mqv-hjRzqYCBodDxtrKQ][test][1],[q75XUfcITqG3o93Z8EOFnw][test][5],[tbUF3y2YTPm1TPdTF8YBYw][test][4],[t8Mqv-hjRzqYCBodDxtrKQ][test][3],[t8Mqv-hjRzqYCBodDxtrKQ][test][2],[q75XUfcITqG3o93Z8EOFnw][test][9],[q75XUfcITqG3o93Z8EOFnw][test][8],[t8Mqv-hjRzqYCBodDxtrKQ][test][7],[q75XUfcITqG3o93Z8EOFnw][test][6] (cluster state version: 6893)
[2014-02-18 16:00:12,710][TRACE][action.search.type       ] [node_2] Moving to second phase, based on results from: [tbUF3y2YTPm1TPdTF8YBYw][test][11],[t8Mqv-hjRzqYCBodDxtrKQ][test][10],[tbUF3y2YTPm1TPdTF8YBYw][test][0],[tbUF3y2YTPm1TPdTF8YBYw][test][1],[t8Mqv-hjRzqYCBodDxtrKQ][test][5],[q75XUfcITqG3o93Z8EOFnw][test][4],[tbUF3y2YTPm1TPdTF8YBYw][test][3],[tbUF3y2YTPm1TPdTF8YBYw][test][2],[tbUF3y2YTPm1TPdTF8YBYw][test][9],[t8Mqv-hjRzqYCBodDxtrKQ][test][8],[q75XUfcITqG3o93Z8EOFnw][test][7],[tbUF3y2YTPm1TPdTF8YBYw][test][6] (cluster state version: 6893)
[2014-02-18 16:00:12,714][TRACE][action.search.type       ] [node_1] Moving to second phase, based on results from: [q75XUfcITqG3o93Z8EOFnw][test][11],[t8Mqv-hjRzqYCBodDxtrKQ][test][10],[t8Mqv-hjRzqYCBodDxtrKQ][test][0],[tbUF3y2YTPm1TPdTF8YBYw][test][1],[t8Mqv-hjRzqYCBodDxtrKQ][test][5],[tbUF3y2YTPm1TPdTF8YBYw][test][4],[tbUF3y2YTPm1TPdTF8YBYw][test][3],[t8Mqv-hjRzqYCBodDxtrKQ][test][2],[tbUF3y2YTPm1TPdTF8YBYw][test][9],[q75XUfcITqG3o93Z8EOFnw][test][8],[t8Mqv-hjRzqYCBodDxtrKQ][test][7],[tbUF3y2YTPm1TPdTF8YBYw][test][6] (cluster state version: 6893)
[2014-02-18 16:00:12,727][TRACE][action.search.type       ] [node_0] Moving to second phase, based on results from: [q75XUfcITqG3o93Z8EOFnw][test][11],[t8Mqv-hjRzqYCBodDxtrKQ][test][10],[tbUF3y2YTPm1TPdTF8YBYw][test][0],[t8Mqv-hjRzqYCBodDxtrKQ][test][1],[q75XUfcITqG3o93Z8EOFnw][test][5],[tbUF3y2YTPm1TPdTF8YBYw][test][4],[t8Mqv-hjRzqYCBodDxtrKQ][test][3],[t8Mqv-hjRzqYCBodDxtrKQ][test][2],[q75XUfcITqG3o93Z8EOFnw][test][9],[q75XUfcITqG3o93Z8EOFnw][test][8],[q75XUfcITqG3o93Z8EOFnw][test][7],[tbUF3y2YTPm1TPdTF8YBYw][test][6] (cluster state version: 6893)
[2014-02-18 16:00:12,732][TRACE][action.search.type       ] [node_1] Moving to second phase, based on results from: [tbUF3y2YTPm1TPdTF8YBYw][test][11],[q75XUfcITqG3o93Z8EOFnw][test][10],[tbUF3y2YTPm1TPdTF8YBYw][test][0],[t8Mqv-hjRzqYCBodDxtrKQ][test][1],[q75XUfcITqG3o93Z8EOFnw][test][5],[q75XUfcITqG3o93Z8EOFnw][test][4],[t8Mqv-hjRzqYCBodDxtrKQ][test][3],[tbUF3y2YTPm1TPdTF8YBYw][test][2],[q75XUfcITqG3o93Z8EOFnw][test][9],[t8Mqv-hjRzqYCBodDxtrKQ][test][8],[q75XUfcITqG3o93Z8EOFnw][test][7],[q75XUfcITqG3o93Z8EOFnw][test][6] (cluster state version: 6893)
[2014-02-18 16:00:12,743][TRACE][action.search.type       ] [node_2] Moving to second phase, based on results from: [q75XUfcITqG3o93Z8EOFnw][test][11],[q75XUfcITqG3o93Z8EOFnw][test][10],[t8Mqv-hjRzqYCBodDxtrKQ][test][0],[t8Mqv-hjRzqYCBodDxtrKQ][test][1],[q75XUfcITqG3o93Z8EOFnw][test][5],[tbUF3y2YTPm1TPdTF8YBYw][test][4],[t8Mqv-hjRzqYCBodDxtrKQ][test][3],[t8Mqv-hjRzqYCBodDxtrKQ][test][2],[q75XUfcITqG3o93Z8EOFnw][test][9],[q75XUfcITqG3o93Z8EOFnw][test][8],[t8Mqv-hjRzqYCBodDxtrKQ][test][7],[q75XUfcITqG3o93Z8EOFnw][test][6] (cluster state version: 6893)
[2014-02-18 16:00:12,752][TRACE][action.search.type       ] [node_1] Moving to second phase, based on results from: [q75XUfcITqG3o93Z8EOFnw][test][11],[t8Mqv-hjRzqYCBodDxtrKQ][test][10],[t8Mqv-hjRzqYCBodDxtrKQ][test][0],[tbUF3y2YTPm1TPdTF8YBYw][test][1],[t8Mqv-hjRzqYCBodDxtrKQ][test][5],[tbUF3y2YTPm1TPdTF8YBYw][test][4],[tbUF3y2YTPm1TPdTF8YBYw][test][3],[t8Mqv-hjRzqYCBodDxtrKQ][test][2],[tbUF3y2YTPm1TPdTF8YBYw][test][9],[q75XUfcITqG3o93Z8EOFnw][test][8],[t8Mqv-hjRzqYCBodDxtrKQ][test][7],[tbUF3y2YTPm1TPdTF8YBYw][test][6] (cluster state version: 6893)
[2014-02-18 16:00:12,761][TRACE][action.search.type       ] [node_0] Moving to second phase, based on results from: [tbUF3y2YTPm1TPdTF8YBYw][test][11],[q75XUfcITqG3o93Z8EOFnw][test][10],[t8Mqv-hjRzqYCBodDxtrKQ][test][0],[tbUF3y2YTPm1TPdTF8YBYw][test][1],[t8Mqv-hjRzqYCBodDxtrKQ][test][5],[q75XUfcITqG3o93Z8EOFnw][test][4],[tbUF3y2YTPm1TPdTF8YBYw][test][3],[tbUF3y2YTPm1TPdTF8YBYw][test][2],[tbUF3y2YTPm1TPdTF8YBYw][test][9],[t8Mqv-hjRzqYCBodDxtrKQ][test][8],[t8Mqv-hjRzqYCBodDxtrKQ][test][7],[q75XUfcITqG3o93Z8EOFnw][test][6] (cluster state version: 6893)
[2014-02-18 16:00:12,769][TRACE][action.search.type       ] [node_1] Moving to second phase, based on results from: [tbUF3y2YTPm1TPdTF8YBYw][test][11],[q75XUfcITqG3o93Z8EOFnw][test][10],[tbUF3y2YTPm1TPdTF8YBYw][test][0],[t8Mqv-hjRzqYCBodDxtrKQ][test][1],[q75XUfcITqG3o93Z8EOFnw][test][5],[q75XUfcITqG3o93Z8EOFnw][test][4],[t8Mqv-hjRzqYCBodDxtrKQ][test][3],[tbUF3y2YTPm1TPdTF8YBYw][test][2],[q75XUfcITqG3o93Z8EOFnw][test][9],[t8Mqv-hjRzqYCBodDxtrKQ][test][8],[q75XUfcITqG3o93Z8EOFnw][test][7],[q75XUfcITqG3o93Z8EOFnw][test][6] (cluster state version: 6893)
[2014-02-18 16:00:12,789][TRACE][action.search.type       ] [node_2] Moving to second phase, based on results from: [tbUF3y2YTPm1TPdTF8YBYw][test][11],[t8Mqv-hjRzqYCBodDxtrKQ][test][10],[tbUF3y2YTPm1TPdTF8YBYw][test][0],[tbUF3y2YTPm1TPdTF8YBYw][test][1],[t8Mqv-hjRzqYCBodDxtrKQ][test][5],[q75XUfcITqG3o93Z8EOFnw][test][4],[tbUF3y2YTPm1TPdTF8YBYw][test][3],[tbUF3y2YTPm1TPdTF8YBYw][test][2],[tbUF3y2YTPm1TPdTF8YBYw][test][9],[t8Mqv-hjRzqYCBodDxtrKQ][test][8],[q75XUfcITqG3o93Z8EOFnw][test][7],[tbUF3y2YTPm1TPdTF8YBYw][test][6] (cluster state version: 6893)
[2014-02-18 16:00:12,793][TRACE][action.search.type       ] [node_0] Moving to second phase, based on results from: [q75XUfcITqG3o93Z8EOFnw][test][11],[t8Mqv-hjRzqYCBodDxtrKQ][test][10],[tbUF3y2YTPm1TPdTF8YBYw][test][0],[t8Mqv-hjRzqYCBodDxtrKQ][test][1],[q75XUfcITqG3o93Z8EOFnw][test][5],[tbUF3y2YTPm1TPdTF8YBYw][test][4],[t8Mqv-hjRzqYCBodDxtrKQ][test][3],[t8Mqv-hjRzqYCBodDxtrKQ][test][2],[q75XUfcITqG3o93Z8EOFnw][test][9],[q75XUfcITqG3o93Z8EOFnw][test][8],[q75XUfcITqG3o93Z8EOFnw][test][7],[tbUF3y2YTPm1TPdTF8YBYw][test][6] (cluster state version: 6893)
[2014-02-18 16:00:12,797][TRACE][action.search.type       ] [node_2] Moving to second phase, based on results from: [q75XUfcITqG3o93Z8EOFnw][test][11],[q75XUfcITqG3o93Z8EOFnw][test][10],[t8Mqv-hjRzqYCBodDxtrKQ][test][0],[t8Mqv-hjRzqYCBodDxtrKQ][test][1],[q75XUfcITqG3o93Z8EOFnw][test][5],[tbUF3y2YTPm1TPdTF8YBYw][test][4],[t8Mqv-hjRzqYCBodDxtrKQ][test][3],[t8Mqv-hjRzqYCBodDxtrKQ][test][2],[q75XUfcITqG3o93Z8EOFnw][test][9],[q75XUfcITqG3o93Z8EOFnw][test][8],[t8Mqv-hjRzqYCBodDxtrKQ][test][7],[q75XUfcITqG3o93Z8EOFnw][test][6] (cluster state version: 6893)
[2014-02-18 16:00:12,804][TRACE][action.search.type       ] [node_1] Moving to second phase, based on results from: [q75XUfcITqG3o93Z8EOFnw][test][11],[t8Mqv-hjRzqYCBodDxtrKQ][test][10],[t8Mqv-hjRzqYCBodDxtrKQ][test][0],[tbUF3y2YTPm1TPdTF8YBYw][test][1],[t8Mqv-hjRzqYCBodDxtrKQ][test][5],[tbUF3y2YTPm1TPdTF8YBYw][test][4],[tbUF3y2YTPm1TPdTF8YBYw][test][3],[t8Mqv-hjRzqYCBodDxtrKQ][test][2],[tbUF3y2YTPm1TPdTF8YBYw][test][9],[q75XUfcITqG3o93Z8EOFnw][test][8],[t8Mqv-hjRzqYCBodDxtrKQ][test][7],[tbUF3y2YTPm1TPdTF8YBYw][test][6] (cluster state version: 6893)
[2014-02-18 16:00:12,810][TRACE][action.search.type       ] [node_1] Moving to second phase, based on results from: [tbUF3y2YTPm1TPdTF8YBYw][test][11],[q75XUfcITqG3o93Z8EOFnw][test][10],[tbUF3y2YTPm1TPdTF8YBYw][test][0],[t8Mqv-hjRzqYCBodDxtrKQ][test][1],[q75XUfcITqG3o93Z8EOFnw][test][5],[q75XUfcITqG3o93Z8EOFnw][test][4],[t8Mqv-hjRzqYCBodDxtrKQ][test][3],[tbUF3y2YTPm1TPdTF8YBYw][test][2],[q75XUfcITqG3o93Z8EOFnw][test][9],[t8Mqv-hjRzqYCBodDxtrKQ][test][8],[q75XUfcITqG3o93Z8EOFnw][test][7],[q75XUfcITqG3o93Z8EOFnw][test][6] (cluster state version: 6893)
[2014-02-18 16:00:12,813][TRACE][action.search.type       ] [node_0] Moving to second phase, based on results from: [tbUF3y2YTPm1TPdTF8YBYw][test][11],[q75XUfcITqG3o93Z8EOFnw][test][10],[t8Mqv-hjRzqYCBodDxtrKQ][test][0],[tbUF3y2YTPm1TPdTF8YBYw][test][1],[t8Mqv-hjRzqYCBodDxtrKQ][test][5],[q75XUfcITqG3o93Z8EOFnw][test][4],[tbUF3y2YTPm1TPdTF8YBYw][test][3],[tbUF3y2YTPm1TPdTF8YBYw][test][2],[tbUF3y2YTPm1TPdTF8YBYw][test][9],[t8Mqv-hjRzqYCBodDxtrKQ][test][8],[t8Mqv-hjRzqYCBodDxtrKQ][test][7],[q75XUfcITqG3o93Z8EOFnw][test][6] (cluster state version: 6893)
[2014-02-18 16:00:12,817][TRACE][action.search.type       ] [node_1] Moving to second phase, based on results from: [q75XUfcITqG3o93Z8EOFnw][test][11],[t8Mqv-hjRzqYCBodDxtrKQ][test][10],[t8Mqv-hjRzqYCBodDxtrKQ][test][0],[tbUF3y2YTPm1TPdTF8YBYw][test][1],[t8Mqv-hjRzqYCBodDxtrKQ][test][5],[tbUF3y2YTPm1TPdTF8YBYw][test][4],[tbUF3y2YTPm1TPdTF8YBYw][test][3],[t8Mqv-hjRzqYCBodDxtrKQ][test][2],[tbUF3y2YTPm1TPdTF8YBYw][test][9],[q75XUfcITqG3o93Z8EOFnw][test][8],[t8Mqv-hjRzqYCBodDxtrKQ][test][7],[tbUF3y2YTPm1TPdTF8YBYw][test][6] (cluster state version: 6893)
[2014-02-18 16:00:12,820][TRACE][action.search.type       ] [node_2] Moving to second phase, based on results from: [tbUF3y2YTPm1TPdTF8YBYw][test][11],[t8Mqv-hjRzqYCBodDxtrKQ][test][10],[tbUF3y2YTPm1TPdTF8YBYw][test][0],[tbUF3y2YTPm1TPdTF8YBYw][test][1],[t8Mqv-hjRzqYCBodDxtrKQ][test][5],[q75XUfcITqG3o93Z8EOFnw][test][4],[tbUF3y2YTPm1TPdTF8YBYw][test][3],[tbUF3y2YTPm1TPdTF8YBYw][test][2],[tbUF3y2YTPm1TPdTF8YBYw][test][9],[t8Mqv-hjRzqYCBodDxtrKQ][test][8],[q75XUfcITqG3o93Z8EOFnw][test][7],[tbUF3y2YTPm1TPdTF8YBYw][test][6] (cluster state version: 6893)
[2014-02-18 16:00:12,837][TRACE][action.search.type       ] [node_1] Moving to second phase, based on results from: [tbUF3y2YTPm1TPdTF8YBYw][test][11],[q75XUfcITqG3o93Z8EOFnw][test][10],[tbUF3y2YTPm1TPdTF8YBYw][test][0],[t8Mqv-hjRzqYCBodDxtrKQ][test][1],[q75XUfcITqG3o93Z8EOFnw][test][5],[q75XUfcITqG3o93Z8EOFnw][test][4],[t8Mqv-hjRzqYCBodDxtrKQ][test][3],[tbUF3y2YTPm1TPdTF8YBYw][test][2],[q75XUfcITqG3o93Z8EOFnw][test][9],[t8Mqv-hjRzqYCBodDxtrKQ][test][8],[q75XUfcITqG3o93Z8EOFnw][test][7],[q75XUfcITqG3o93Z8EOFnw][test][6] (cluster state version: 6893)
[2014-02-18 16:00:12,839][TRACE][action.search.type       ] [node_2] Moving to second phase, based on results from: [q75XUfcITqG3o93Z8EOFnw][test][11],[q75XUfcITqG3o93Z8EOFnw][test][10],[t8Mqv-hjRzqYCBodDxtrKQ][test][0],[t8Mqv-hjRzqYCBodDxtrKQ][test][1],[q75XUfcITqG3o93Z8EOFnw][test][5],[tbUF3y2YTPm1TPdTF8YBYw][test][4],[t8Mqv-hjRzqYCBodDxtrKQ][test][3],[t8Mqv-hjRzqYCBodDxtrKQ][test][2],[q75XUfcITqG3o93Z8EOFnw][test][9],[q75XUfcITqG3o93Z8EOFnw][test][8],[t8Mqv-hjRzqYCBodDxtrKQ][test][7],[q75XUfcITqG3o93Z8EOFnw][test][6] (cluster state version: 6893)
[2014-02-18 16:00:12,842][TRACE][action.search.type       ] [node_2] Moving to second phase, based on results from: [tbUF3y2YTPm1TPdTF8YBYw][test][11],[t8Mqv-hjRzqYCBodDxtrKQ][test][10],[tbUF3y2YTPm1TPdTF8YBYw][test][0],[tbUF3y2YTPm1TPdTF8YBYw][test][1],[t8Mqv-hjRzqYCBodDxtrKQ][test][5],[q75XUfcITqG3o93Z8EOFnw][test][4],[tbUF3y2YTPm1TPdTF8YBYw][test][3],[tbUF3y2YTPm1TPdTF8YBYw][test][2],[tbUF3y2YTPm1TPdTF8YBYw][test][9],[t8Mqv-hjRzqYCBodDxtrKQ][test][8],[q75XUfcITqG3o93Z8EOFnw][test][7],[tbUF3y2YTPm1TPdTF8YBYw][test][6] (cluster state version: 6893)
[2014-02-18 16:00:12,859][TRACE][action.search.type       ] [node_0] Moving to second phase, based on results from: [q75XUfcITqG3o93Z8EOFnw][test][11],[t8Mqv-hjRzqYCBodDxtrKQ][test][10],[tbUF3y2YTPm1TPdTF8YBYw][test][0],[t8Mqv-hjRzqYCBodDxtrKQ][test][1],[q75XUfcITqG3o93Z8EOFnw][test][5],[tbUF3y2YTPm1TPdTF8YBYw][test][4],[t8Mqv-hjRzqYCBodDxtrKQ][test][3],[t8Mqv-hjRzqYCBodDxtrKQ][test][2],[q75XUfcITqG3o93Z8EOFnw][test][9],[q75XUfcITqG3o93Z8EOFnw][test][8],[q75XUfcITqG3o93Z8EOFnw][test][7],[tbUF3y2YTPm1TPdTF8YBYw][test][6] (cluster state version: 6893)
[2014-02-18 16:00:12,862][TRACE][action.search.type       ] [node_0] Moving to second phase, based on results from: [tbUF3y2YTPm1TPdTF8YBYw][test][11],[q75XUfcITqG3o93Z8EOFnw][test][10],[t8Mqv-hjRzqYCBodDxtrKQ][test][0],[tbUF3y2YTPm1TPdTF8YBYw][test][1],[t8Mqv-hjRzqYCBodDxtrKQ][test][5],[q75XUfcITqG3o93Z8EOFnw][test][4],[tbUF3y2YTPm1TPdTF8YBYw][test][3],[tbUF3y2YTPm1TPdTF8YBYw][test][2],[tbUF3y2YTPm1TPdTF8YBYw][test][9],[t8Mqv-hjRzqYCBodDxtrKQ][test][8],[t8Mqv-hjRzqYCBodDxtrKQ][test][7],[q75XUfcITqG3o93Z8EOFnw][test][6] (cluster state version: 6893)
[2014-02-18 16:00:12,874][TRACE][action.search.type       ] [node_0] Moving to second phase, based on results from: [q75XUfcITqG3o93Z8EOFnw][test][11],[t8Mqv-hjRzqYCBodDxtrKQ][test][10],[tbUF3y2YTPm1TPdTF8YBYw][test][0],[t8Mqv-hjRzqYCBodDxtrKQ][test][1],[q75XUfcITqG3o93Z8EOFnw][test][5],[tbUF3y2YTPm1TPdTF8YBYw][test][4],[t8Mqv-hjRzqYCBodDxtrKQ][test][3],[t8Mqv-hjRzqYCBodDxtrKQ][test][2],[q75XUfcITqG3o93Z8EOFnw][test][9],[q75XUfcITqG3o93Z8EOFnw][test][8],[q75XUfcITqG3o93Z8EOFnw][test][7],[tbUF3y2YTPm1TPdTF8YBYw][test][6] (cluster state version: 6893)
[2014-02-18 16:00:12,878][TRACE][action.search.type       ] [node_2] Moving to second phase, based on results from: [q75XUfcITqG3o93Z8EOFnw][test][11],[q75XUfcITqG3o93Z8EOFnw][test][10],[t8Mqv-hjRzqYCBodDxtrKQ][test][0],[t8Mqv-hjRzqYCBodDxtrKQ][test][1],[q75XUfcITqG3o93Z8EOFnw][test][5],[tbUF3y2YTPm1TPdTF8YBYw][test][4],[t8Mqv-hjRzqYCBodDxtrKQ][test][3],[t8Mqv-hjRzqYCBodDxtrKQ][test][2],[q75XUfcITqG3o93Z8EOFnw][test][9],[q75XUfcITqG3o93Z8EOFnw][test][8],[t8Mqv-hjRzqYCBodDxtrKQ][test][7],[q75XUfcITqG3o93Z8EOFnw][test][6] (cluster state version: 6893)
[2014-02-18 16:00:12,889][TRACE][action.search.type       ] [node_1] Moving to second phase, based on results from: [q75XUfcITqG3o93Z8EOFnw][test][11],[t8Mqv-hjRzqYCBodDxtrKQ][test][10],[t8Mqv-hjRzqYCBodDxtrKQ][test][0],[tbUF3y2YTPm1TPdTF8YBYw][test][1],[t8Mqv-hjRzqYCBodDxtrKQ][test][5],[tbUF3y2YTPm1TPdTF8YBYw][test][4],[tbUF3y2YTPm1TPdTF8YBYw][test][3],[t8Mqv-hjRzqYCBodDxtrKQ][test][2],[tbUF3y2YTPm1TPdTF8YBYw][test][9],[q75XUfcITqG3o93Z8EOFnw][test][8],[t8Mqv-hjRzqYCBodDxtrKQ][test][7],[tbUF3y2YTPm1TPdTF8YBYw][test][6] (cluster state version: 6893)
[2014-02-18 16:00:12,897][TRACE][action.search.type       ] [node_2] Moving to second phase, based on results from: [tbUF3y2YTPm1TPdTF8YBYw][test][11],[t8Mqv-hjRzqYCBodDxtrKQ][test][10],[tbUF3y2YTPm1TPdTF8YBYw][test][0],[tbUF3y2YTPm1TPdTF8YBYw][test][1],[q75XUfcITqG3o93Z8EOFnw][test][5],[q75XUfcITqG3o93Z8EOFnw][test][4],[t8Mqv-hjRzqYCBodDxtrKQ][test][3],[tbUF3y2YTPm1TPdTF8YBYw][test][2],[tbUF3y2YTPm1TPdTF8YBYw][test][9],[q75XUfcITqG3o93Z8EOFnw][test][8],[t8Mqv-hjRzqYCBodDxtrKQ][test][7],[tbUF3y2YTPm1TPdTF8YBYw][test][6] (cluster state version: 6894)
[2014-02-18 16:00:12,900][TRACE][action.search.type       ] [node_0] Moving to second phase, based on results from: [tbUF3y2YTPm1TPdTF8YBYw][test][11],[q75XUfcITqG3o93Z8EOFnw][test][10],[t8Mqv-hjRzqYCBodDxtrKQ][test][0],[tbUF3y2YTPm1TPdTF8YBYw][test][1],[t8Mqv-hjRzqYCBodDxtrKQ][test][5],[q75XUfcITqG3o93Z8EOFnw][test][4],[tbUF3y2YTPm1TPdTF8YBYw][test][3],[tbUF3y2YTPm1TPdTF8YBYw][test][2],[tbUF3y2YTPm1TPdTF8YBYw][test][9],[t8Mqv-hjRzqYCBodDxtrKQ][test][8],[t8Mqv-hjRzqYCBodDxtrKQ][test][7],[q75XUfcITqG3o93Z8EOFnw][test][6] (cluster state version: 6893)
[2014-02-18 16:00:12,912][TRACE][action.search.type       ] [node_0] Moving to second phase, based on results from: [q75XUfcITqG3o93Z8EOFnw][test][11],[t8Mqv-hjRzqYCBodDxtrKQ][test][10],[tbUF3y2YTPm1TPdTF8YBYw][test][0],[t8Mqv-hjRzqYCBodDxtrKQ][test][1],[q75XUfcITqG3o93Z8EOFnw][test][5],[tbUF3y2YTPm1TPdTF8YBYw][test][4],[t8Mqv-hjRzqYCBodDxtrKQ][test][3],[t8Mqv-hjRzqYCBodDxtrKQ][test][2],[q75XUfcITqG3o93Z8EOFnw][test][9],[q75XUfcITqG3o93Z8EOFnw][test][8],[q75XUfcITqG3o93Z8EOFnw][test][7],[tbUF3y2YTPm1TPdTF8YBYw][test][6] (cluster state version: 6893)
[2014-02-18 16:00:12,922][TRACE][action.search.type       ] [node_1] Moving to second phase, based on results from: [tbUF3y2YTPm1TPdTF8YBYw][test][11],[q75XUfcITqG3o93Z8EOFnw][test][10],[t8Mqv-hjRzqYCBodDxtrKQ][test][0],[tbUF3y2YTPm1TPdTF8YBYw][test][1],[t8Mqv-hjRzqYCBodDxtrKQ][test][5],[tbUF3y2YTPm1TPdTF8YBYw][test][4],[t8Mqv-hjRzqYCBodDxtrKQ][test][3],[tbUF3y2YTPm1TPdTF8YBYw][test][2],[q75XUfcITqG3o93Z8EOFnw][test][9],[q75XUfcITqG3o93Z8EOFnw][test][8],[t8Mqv-hjRzqYCBodDxtrKQ][test][7],[tbUF3y2YTPm1TPdTF8YBYw][test][6] (cluster state version: 6894)
[2014-02-18 16:00:12,928][TRACE][action.search.type       ] [node_1] Moving to second phase, based on results from: [q75XUfcITqG3o93Z8EOFnw][test][11],[t8Mqv-hjRzqYCBodDxtrKQ][test][10],[tbUF3y2YTPm1TPdTF8YBYw][test][0],[t8Mqv-hjRzqYCBodDxtrKQ][test][1],[q75XUfcITqG3o93Z8EOFnw][test][5],[q75XUfcITqG3o93Z8EOFnw][test][4],[tbUF3y2YTPm1TPdTF8YBYw][test][3],[t8Mqv-hjRzqYCBodDxtrKQ][test][2],[tbUF3y2YTPm1TPdTF8YBYw][test][9],[t8Mqv-hjRzqYCBodDxtrKQ][test][8],[q75XUfcITqG3o93Z8EOFnw][test][7],[q75XUfcITqG3o93Z8EOFnw][test][6] (cluster state version: 6894)
[2014-02-18 16:00:12,932][TRACE][action.search.type       ] [node_2] Moving to second phase, based on results from: [q75XUfcITqG3o93Z8EOFnw][test][11],[q75XUfcITqG3o93Z8EOFnw][test][10],[t8Mqv-hjRzqYCBodDxtrKQ][test][0],[t8Mqv-hjRzqYCBodDxtrKQ][test][1],[t8Mqv-hjRzqYCBodDxtrKQ][test][5],[tbUF3y2YTPm1TPdTF8YBYw][test][4],[tbUF3y2YTPm1TPdTF8YBYw][test][3],[t8Mqv-hjRzqYCBodDxtrKQ][test][2],[q75XUfcITqG3o93Z8EOFnw][test][9],[t8Mqv-hjRzqYCBodDxtrKQ][test][8],[q75XUfcITqG3o93Z8EOFnw][test][7],[q75XUfcITqG3o93Z8EOFnw][test][6] (cluster state version: 6894)
[2014-02-18 16:00:12,947][TRACE][action.search.type       ] [node_0] Moving to second phase, based on results from: [tbUF3y2YTPm1TPdTF8YBYw][test][11],[q75XUfcITqG3o93Z8EOFnw][test][10],[t8Mqv-hjRzqYCBodDxtrKQ][test][0],[tbUF3y2YTPm1TPdTF8YBYw][test][1],[t8Mqv-hjRzqYCBodDxtrKQ][test][5],[q75XUfcITqG3o93Z8EOFnw][test][4],[tbUF3y2YTPm1TPdTF8YBYw][test][3],[tbUF3y2YTPm1TPdTF8YBYw][test][2],[tbUF3y2YTPm1TPdTF8YBYw][test][9],[t8Mqv-hjRzqYCBodDxtrKQ][test][8],[t8Mqv-hjRzqYCBodDxtrKQ][test][7],[q75XUfcITqG3o93Z8EOFnw][test][6] (cluster state version: 6893)
[2014-02-18 16:00:12,959][TRACE][action.search.type       ] [node_1] Moving to second phase, based on results from: [tbUF3y2YTPm1TPdTF8YBYw][test][11],[q75XUfcITqG3o93Z8EOFnw][test][10],[tbUF3y2YTPm1TPdTF8YBYw][test][0],[t8Mqv-hjRzqYCBodDxtrKQ][test][1],[q75XUfcITqG3o93Z8EOFnw][test][5],[tbUF3y2YTPm1TPdTF8YBYw][test][4],[t8Mqv-hjRzqYCBodDxtrKQ][test][3],[tbUF3y2YTPm1TPdTF8YBYw][test][2],[tbUF3y2YTPm1TPdTF8YBYw][test][9],[q75XUfcITqG3o93Z8EOFnw][test][8],[q75XUfcITqG3o93Z8EOFnw][test][7],[q75XUfcITqG3o93Z8EOFnw][test][6] (cluster state version: 6895)
[2014-02-18 16:00:12,965][TRACE][action.search.type       ] [node_2] Moving to second phase, based on results from: [tbUF3y2YTPm1TPdTF8YBYw][test][11],[t8Mqv-hjRzqYCBodDxtrKQ][test][10],[tbUF3y2YTPm1TPdTF8YBYw][test][0],[t8Mqv-hjRzqYCBodDxtrKQ][test][1],[t8Mqv-hjRzqYCBodDxtrKQ][test][5],[tbUF3y2YTPm1TPdTF8YBYw][test][4],[t8Mqv-hjRzqYCBodDxtrKQ][test][3],[tbUF3y2YTPm1TPdTF8YBYw][test][2],[q75XUfcITqG3o93Z8EOFnw][test][9],[t8Mqv-hjRzqYCBodDxtrKQ][test][8],[q75XUfcITqG3o93Z8EOFnw][test][7],[tbUF3y2YTPm1TPdTF8YBYw][test][6] (cluster state version: 6895)
[2014-02-18 16:00:12,968][TRACE][action.search.type       ] [node_1] Moving to second phase, based on results from: [q75XUfcITqG3o93Z8EOFnw][test][11],[t8Mqv-hjRzqYCBodDxtrKQ][test][10],[t8Mqv-hjRzqYCBodDxtrKQ][test][0],[tbUF3y2YTPm1TPdTF8YBYw][test][1],[t8Mqv-hjRzqYCBodDxtrKQ][test][5],[q75XUfcITqG3o93Z8EOFnw][test][4],[tbUF3y2YTPm1TPdTF8YBYw][test][3],[t8Mqv-hjRzqYCBodDxtrKQ][test][2],[q75XUfcITqG3o93Z8EOFnw][test][9],[t8Mqv-hjRzqYCBodDxtrKQ][test][8],[t8Mqv-hjRzqYCBodDxtrKQ][test][7],[tbUF3y2YTPm1TPdTF8YBYw][test][6] (cluster state version: 6895)
[2014-02-18 16:00:12,977][TRACE][action.search.type       ] [node_0] Moving to second phase, based on results from: [tbUF3y2YTPm1TPdTF8YBYw][test][11],[t8Mqv-hjRzqYCBodDxtrKQ][test][10],[t8Mqv-hjRzqYCBodDxtrKQ][test][0],[t8Mqv-hjRzqYCBodDxtrKQ][test][1],[q75XUfcITqG3o93Z8EOFnw][test][5],[q75XUfcITqG3o93Z8EOFnw][test][4],[tbUF3y2YTPm1TPdTF8YBYw][test][3],[tbUF3y2YTPm1TPdTF8YBYw][test][2],[q75XUfcITqG3o93Z8EOFnw][test][9],[t8Mqv-hjRzqYCBodDxtrKQ][test][8],[q75XUfcITqG3o93Z8EOFnw][test][7],[q75XUfcITqG3o93Z8EOFnw][test][6] (cluster state version: 6895)
[2014-02-18 16:00:12,980][TRACE][action.search.type       ] [node_1] Moving to second phase, based on results from: [tbUF3y2YTPm1TPdTF8YBYw][test][11],[q75XUfcITqG3o93Z8EOFnw][test][10],[tbUF3y2YTPm1TPdTF8YBYw][test][0],[t8Mqv-hjRzqYCBodDxtrKQ][test][1],[q75XUfcITqG3o93Z8EOFnw][test][5],[tbUF3y2YTPm1TPdTF8YBYw][test][4],[t8Mqv-hjRzqYCBodDxtrKQ][test][3],[tbUF3y2YTPm1TPdTF8YBYw][test][2],[tbUF3y2YTPm1TPdTF8YBYw][test][9],[q75XUfcITqG3o93Z8EOFnw][test][8],[q75XUfcITqG3o93Z8EOFnw][test][7],[q75XUfcITqG3o93Z8EOFnw][test][6] (cluster state version: 6895)
[2014-02-18 16:00:12,984][TRACE][action.search.type       ] [node_1] Moving to second phase, based on results from: [q75XUfcITqG3o93Z8EOFnw][test][11],[t8Mqv-hjRzqYCBodDxtrKQ][test][10],[t8Mqv-hjRzqYCBodDxtrKQ][test][0],[tbUF3y2YTPm1TPdTF8YBYw][test][1],[t8Mqv-hjRzqYCBodDxtrKQ][test][5],[q75XUfcITqG3o93Z8EOFnw][test][4],[tbUF3y2YTPm1TPdTF8YBYw][test][3],[t8Mqv-hjRzqYCBodDxtrKQ][test][2],[q75XUfcITqG3o93Z8EOFnw][test][9],[t8Mqv-hjRzqYCBodDxtrKQ][test][8],[t8Mqv-hjRzqYCBodDxtrKQ][test][7],[tbUF3y2YTPm1TPdTF8YBYw][test][6] (cluster state version: 6895)
[2014-02-18 16:00:12,993][TRACE][action.search.type       ] [node_0] Moving to second phase, based on results from: [q75XUfcITqG3o93Z8EOFnw][test][11],[q75XUfcITqG3o93Z8EOFnw][test][10],[tbUF3y2YTPm1TPdTF8YBYw][test][0],[tbUF3y2YTPm1TPdTF8YBYw][test][1],[t8Mqv-hjRzqYCBodDxtrKQ][test][5],[tbUF3y2YTPm1TPdTF8YBYw][test][4],[t8Mqv-hjRzqYCBodDxtrKQ][test][3],[t8Mqv-hjRzqYCBodDxtrKQ][test][2],[tbUF3y2YTPm1TPdTF8YBYw][test][9],[q75XUfcITqG3o93Z8EOFnw][test][8],[t8Mqv-hjRzqYCBodDxtrKQ][test][7],[tbUF3y2YTPm1TPdTF8YBYw][test][6] (cluster state version: 6895)
[2014-02-18 16:00:12,998][TRACE][action.search.type       ] [node_1] Moving to second phase, based on results from: [tbUF3y2YTPm1TPdTF8YBYw][test][11],[q75XUfcITqG3o93Z8EOFnw][test][10],[tbUF3y2YTPm1TPdTF8YBYw][test][0],[t8Mqv-hjRzqYCBodDxtrKQ][test][1],[q75XUfcITqG3o93Z8EOFnw][test][5],[tbUF3y2YTPm1TPdTF8YBYw][test][4],[t8Mqv-hjRzqYCBodDxtrKQ][test][3],[tbUF3y2YTPm1TPdTF8YBYw][test][2],[tbUF3y2YTPm1TPdTF8YBYw][test][9],[q75XUfcITqG3o93Z8EOFnw][test][8],[q75XUfcITqG3o93Z8EOFnw][test][7],[q75XUfcITqG3o93Z8EOFnw][test][6] (cluster state version: 6895)
[2014-02-18 16:00:13,001][TRACE][action.search.type       ] [node_1] Moving to second phase, based on results from: [q75XUfcITqG3o93Z8EOFnw][test][11],[t8Mqv-hjRzqYCBodDxtrKQ][test][10],[t8Mqv-hjRzqYCBodDxtrKQ][test][0],[tbUF3y2YTPm1TPdTF8YBYw][test][1],[t8Mqv-hjRzqYCBodDxtrKQ][test][5],[q75XUfcITqG3o93Z8EOFnw][test][4],[tbUF3y2YTPm1TPdTF8YBYw][test][3],[t8Mqv-hjRzqYCBodDxtrKQ][test][2],[q75XUfcITqG3o93Z8EOFnw][test][9],[t8Mqv-hjRzqYCBodDxtrKQ][test][8],[t8Mqv-hjRzqYCBodDxtrKQ][test][7],[tbUF3y2YTPm1TPdTF8YBYw][test][6] (cluster state version: 6895)
[2014-02-18 16:00:13,010][TRACE][action.search.type       ] [node_0] Moving to second phase, based on results from: [tbUF3y2YTPm1TPdTF8YBYw][test][11],[t8Mqv-hjRzqYCBodDxtrKQ][test][10],[t8Mqv-hjRzqYCBodDxtrKQ][test][0],[t8Mqv-hjRzqYCBodDxtrKQ][test][1],[q75XUfcITqG3o93Z8EOFnw][test][5],[q75XUfcITqG3o93Z8EOFnw][test][4],[tbUF3y2YTPm1TPdTF8YBYw][test][3],[tbUF3y2YTPm1TPdTF8YBYw][test][2],[q75XUfcITqG3o93Z8EOFnw][test][9],[t8Mqv-hjRzqYCBodDxtrKQ][test][8],[q75XUfcITqG3o93Z8EOFnw][test][7],[q75XUfcITqG3o93Z8EOFnw][test][6] (cluster state version: 6895)
[2014-02-18 16:00:13,013][TRACE][action.search.type       ] [node_0] Moving to second phase, based on results from: [q75XUfcITqG3o93Z8EOFnw][test][11],[q75XUfcITqG3o93Z8EOFnw][test][10],[tbUF3y2YTPm1TPdTF8YBYw][test][0],[tbUF3y2YTPm1TPdTF8YBYw][test][1],[t8Mqv-hjRzqYCBodDxtrKQ][test][5],[tbUF3y2YTPm1TPdTF8YBYw][test][4],[t8Mqv-hjRzqYCBodDxtrKQ][test][3],[t8Mqv-hjRzqYCBodDxtrKQ][test][2],[tbUF3y2YTPm1TPdTF8YBYw][test][9],[q75XUfcITqG3o93Z8EOFnw][test][8],[t8Mqv-hjRzqYCBodDxtrKQ][test][7],[tbUF3y2YTPm1TPdTF8YBYw][test][6] (cluster state version: 6895)
[2014-02-18 16:00:13,017][TRACE][action.search.type       ] [node_0] Moving to second phase, based on results from: [tbUF3y2YTPm1TPdTF8YBYw][test][11],[t8Mqv-hjRzqYCBodDxtrKQ][test][10],[t8Mqv-hjRzqYCBodDxtrKQ][test][0],[t8Mqv-hjRzqYCBodDxtrKQ][test][1],[q75XUfcITqG3o93Z8EOFnw][test][5],[q75XUfcITqG3o93Z8EOFnw][test][4],[tbUF3y2YTPm1TPdTF8YBYw][test][3],[tbUF3y2YTPm1TPdTF8YBYw][test][2],[q75XUfcITqG3o93Z8EOFnw][test][9],[t8Mqv-hjRzqYCBodDxtrKQ][test][8],[q75XUfcITqG3o93Z8EOFnw][test][7],[q75XUfcITqG3o93Z8EOFnw][test][6] (cluster state version: 6895)
[2014-02-18 16:00:13,020][TRACE][action.search.type       ] [node_2] Moving to second phase, based on results from: [q75XUfcITqG3o93Z8EOFnw][test][11],[q75XUfcITqG3o93Z8EOFnw][test][10],[t8Mqv-hjRzqYCBodDxtrKQ][test][0],[tbUF3y2YTPm1TPdTF8YBYw][test][1],[q75XUfcITqG3o93Z8EOFnw][test][5],[q75XUfcITqG3o93Z8EOFnw][test][4],[tbUF3y2YTPm1TPdTF8YBYw][test][3],[t8Mqv-hjRzqYCBodDxtrKQ][test][2],[tbUF3y2YTPm1TPdTF8YBYw][test][9],[q75XUfcITqG3o93Z8EOFnw][test][8],[t8Mqv-hjRzqYCBodDxtrKQ][test][7],[q75XUfcITqG3o93Z8EOFnw][test][6] (cluster state version: 6895)
[2014-02-18 16:00:13,029][TRACE][action.search.type       ] [node_2] Moving to second phase, based on results from: [tbUF3y2YTPm1TPdTF8YBYw][test][11],[t8Mqv-hjRzqYCBodDxtrKQ][test][10],[tbUF3y2YTPm1TPdTF8YBYw][test][0],[t8Mqv-hjRzqYCBodDxtrKQ][test][1],[t8Mqv-hjRzqYCBodDxtrKQ][test][5],[tbUF3y2YTPm1TPdTF8YBYw][test][4],[t8Mqv-hjRzqYCBodDxtrKQ][test][3],[tbUF3y2YTPm1TPdTF8YBYw][test][2],[q75XUfcITqG3o93Z8EOFnw][test][9],[t8Mqv-hjRzqYCBodDxtrKQ][test][8],[q75XUfcITqG3o93Z8EOFnw][test][7],[tbUF3y2YTPm1TPdTF8YBYw][test][6] (cluster state version: 6895)
[2014-02-18 16:00:13,032][TRACE][action.search.type       ] [node_0] Moving to second phase, based on results from: [q75XUfcITqG3o93Z8EOFnw][test][11],[q75XUfcITqG3o93Z8EOFnw][test][10],[tbUF3y2YTPm1TPdTF8YBYw][test][0],[tbUF3y2YTPm1TPdTF8YBYw][test][1],[t8Mqv-hjRzqYCBodDxtrKQ][test][5],[tbUF3y2YTPm1TPdTF8YBYw][test][4],[t8Mqv-hjRzqYCBodDxtrKQ][test][3],[t8Mqv-hjRzqYCBodDxtrKQ][test][2],[tbUF3y2YTPm1TPdTF8YBYw][test][9],[q75XUfcITqG3o93Z8EOFnw][test][8],[t8Mqv-hjRzqYCBodDxtrKQ][test][7],[tbUF3y2YTPm1TPdTF8YBYw][test][6] (cluster state version: 6895)
[2014-02-18 16:00:13,040][TRACE][action.search.type       ] [node_2] Moving to second phase, based on results from: [q75XUfcITqG3o93Z8EOFnw][test][11],[q75XUfcITqG3o93Z8EOFnw][test][10],[t8Mqv-hjRzqYCBodDxtrKQ][test][0],[tbUF3y2YTPm1TPdTF8YBYw][test][1],[q75XUfcITqG3o93Z8EOFnw][test][5],[q75XUfcITqG3o93Z8EOFnw][test][4],[tbUF3y2YTPm1TPdTF8YBYw][test][3],[t8Mqv-hjRzqYCBodDxtrKQ][test][2],[tbUF3y2YTPm1TPdTF8YBYw][test][9],[q75XUfcITqG3o93Z8EOFnw][test][8],[t8Mqv-hjRzqYCBodDxtrKQ][test][7],[q75XUfcITqG3o93Z8EOFnw][test][6] (cluster state version: 6895)
[2014-02-18 16:00:13,045][TRACE][action.search.type       ] [node_0] Moving to second phase, based on results from: [tbUF3y2YTPm1TPdTF8YBYw][test][11],[t8Mqv-hjRzqYCBodDxtrKQ][test][10],[t8Mqv-hjRzqYCBodDxtrKQ][test][0],[t8Mqv-hjRzqYCBodDxtrKQ][test][1],[q75XUfcITqG3o93Z8EOFnw][test][5],[q75XUfcITqG3o93Z8EOFnw][test][4],[tbUF3y2YTPm1TPdTF8YBYw][test][3],[tbUF3y2YTPm1TPdTF8YBYw][test][2],[q75XUfcITqG3o93Z8EOFnw][test][9],[t8Mqv-hjRzqYCBodDxtrKQ][test][8],[q75XUfcITqG3o93Z8EOFnw][test][7],[q75XUfcITqG3o93Z8EOFnw][test][6] (cluster state version: 6895)
[2014-02-18 16:00:13,052][TRACE][action.search.type       ] [node_0] Moving to second phase, based on results from: [q75XUfcITqG3o93Z8EOFnw][test][11],[q75XUfcITqG3o93Z8EOFnw][test][10],[tbUF3y2YTPm1TPdTF8YBYw][test][0],[tbUF3y2YTPm1TPdTF8YBYw][test][1],[t8Mqv-hjRzqYCBodDxtrKQ][test][5],[tbUF3y2YTPm1TPdTF8YBYw][test][4],[t8Mqv-hjRzqYCBodDxtrKQ][test][3],[t8Mqv-hjRzqYCBodDxtrKQ][test][2],[tbUF3y2YTPm1TPdTF8YBYw][test][9],[q75XUfcITqG3o93Z8EOFnw][test][8],[t8Mqv-hjRzqYCBodDxtrKQ][test][7],[tbUF3y2YTPm1TPdTF8YBYw][test][6] (cluster state version: 6895)
[2014-02-18 16:00:13,056][TRACE][action.search.type       ] [node_1] Moving to second phase, based on results from: [tbUF3y2YTPm1TPdTF8YBYw][test][11],[q75XUfcITqG3o93Z8EOFnw][test][10],[tbUF3y2YTPm1TPdTF8YBYw][test][0],[t8Mqv-hjRzqYCBodDxtrKQ][test][1],[q75XUfcITqG3o93Z8EOFnw][test][5],[tbUF3y2YTPm1TPdTF8YBYw][test][4],[t8Mqv-hjRzqYCBodDxtrKQ][test][3],[tbUF3y2YTPm1TPdTF8YBYw][test][2],[tbUF3y2YTPm1TPdTF8YBYw][test][9],[q75XUfcITqG3o93Z8EOFnw][test][8],[q75XUfcITqG3o93Z8EOFnw][test][7],[q75XUfcITqG3o93Z8EOFnw][test][6] (cluster state version: 6895)
[2014-02-18 16:00:13,059][TRACE][action.search.type       ] [node_0] Moving to second phase, based on results from: [tbUF3y2YTPm1TPdTF8YBYw][test][11],[t8Mqv-hjRzqYCBodDxtrKQ][test][10],[t8Mqv-hjRzqYCBodDxtrKQ][test][0],[t8Mqv-hjRzqYCBodDxtrKQ][test][1],[q75XUfcITqG3o93Z8EOFnw][test][5],[q75XUfcITqG3o93Z8EOFnw][test][4],[tbUF3y2YTPm1TPdTF8YBYw][test][3],[tbUF3y2YTPm1TPdTF8YBYw][test][2],[q75XUfcITqG3o93Z8EOFnw][test][9],[t8Mqv-hjRzqYCBodDxtrKQ][test][8],[q75XUfcITqG3o93Z8EOFnw][test][7],[q75XUfcITqG3o93Z8EOFnw][test][6] (cluster state version: 6895)
[2014-02-18 16:00:13,063][TRACE][action.search.type       ] [node_2] Moving to second phase, based on results from: [tbUF3y2YTPm1TPdTF8YBYw][test][11],[t8Mqv-hjRzqYCBodDxtrKQ][test][10],[tbUF3y2YTPm1TPdTF8YBYw][test][0],[t8Mqv-hjRzqYCBodDxtrKQ][test][1],[t8Mqv-hjRzqYCBodDxtrKQ][test][5],[tbUF3y2YTPm1TPdTF8YBYw][test][4],[t8Mqv-hjRzqYCBodDxtrKQ][test][3],[tbUF3y2YTPm1TPdTF8YBYw][test][2],[q75XUfcITqG3o93Z8EOFnw][test][9],[t8Mqv-hjRzqYCBodDxtrKQ][test][8],[q75XUfcITqG3o93Z8EOFnw][test][7],[tbUF3y2YTPm1TPdTF8YBYw][test][6] (cluster state version: 6895)
[2014-02-18 16:00:13,075][TRACE][action.search.type       ] [node_2] Moving to second phase, based on results from: [q75XUfcITqG3o93Z8EOFnw][test][11],[q75XUfcITqG3o93Z8EOFnw][test][10],[t8Mqv-hjRzqYCBodDxtrKQ][test][0],[tbUF3y2YTPm1TPdTF8YBYw][test][1],[q75XUfcITqG3o93Z8EOFnw][test][5],[q75XUfcITqG3o93Z8EOFnw][test][4],[tbUF3y2YTPm1TPdTF8YBYw][test][3],[t8Mqv-hjRzqYCBodDxtrKQ][test][2],[tbUF3y2YTPm1TPdTF8YBYw][test][9],[q75XUfcITqG3o93Z8EOFnw][test][8],[t8Mqv-hjRzqYCBodDxtrKQ][test][7],[q75XUfcITqG3o93Z8EOFnw][test][6] (cluster state version: 6895)
[2014-02-18 16:00:13,089][TRACE][action.search.type       ] [node_0] Moving to second phase, based on results from: [q75XUfcITqG3o93Z8EOFnw][test][11],[q75XUfcITqG3o93Z8EOFnw][test][10],[tbUF3y2YTPm1TPdTF8YBYw][test][0],[tbUF3y2YTPm1TPdTF8YBYw][test][1],[t8Mqv-hjRzqYCBodDxtrKQ][test][5],[tbUF3y2YTPm1TPdTF8YBYw][test][4],[t8Mqv-hjRzqYCBodDxtrKQ][test][3],[t8Mqv-hjRzqYCBodDxtrKQ][test][2],[tbUF3y2YTPm1TPdTF8YBYw][test][9],[q75XUfcITqG3o93Z8EOFnw][test][8],[t8Mqv-hjRzqYCBodDxtrKQ][test][7],[tbUF3y2YTPm1TPdTF8YBYw][test][6] (cluster state version: 6895)
[2014-02-18 16:00:13,096][TRACE][action.search.type       ] [node_0] Moving to second phase, based on results from: [tbUF3y2YTPm1TPdTF8YBYw][test][11],[t8Mqv-hjRzqYCBodDxtrKQ][test][10],[t8Mqv-hjRzqYCBodDxtrKQ][test][0],[t8Mqv-hjRzqYCBodDxtrKQ][test][1],[q75XUfcITqG3o93Z8EOFnw][test][5],[q75XUfcITqG3o93Z8EOFnw][test][4],[tbUF3y2YTPm1TPdTF8YBYw][test][3],[tbUF3y2YTPm1TPdTF8YBYw][test][2],[q75XUfcITqG3o93Z8EOFnw][test][9],[t8Mqv-hjRzqYCBodDxtrKQ][test][8],[q75XUfcITqG3o93Z8EOFnw][test][7],[q75XUfcITqG3o93Z8EOFnw][test][6] (cluster state version: 6895)
[2014-02-18 16:00:13,105][TRACE][action.search.type       ] [node_0] Moving to second phase, based on results from: [q75XUfcITqG3o93Z8EOFnw][test][11],[q75XUfcITqG3o93Z8EOFnw][test][10],[tbUF3y2YTPm1TPdTF8YBYw][test][0],[tbUF3y2YTPm1TPdTF8YBYw][test][1],[t8Mqv-hjRzqYCBodDxtrKQ][test][5],[tbUF3y2YTPm1TPdTF8YBYw][test][4],[t8Mqv-hjRzqYCBodDxtrKQ][test][3],[t8Mqv-hjRzqYCBodDxtrKQ][test][2],[tbUF3y2YTPm1TPdTF8YBYw][test][9],[q75XUfcITqG3o93Z8EOFnw][test][8],[t8Mqv-hjRzqYCBodDxtrKQ][test][7],[tbUF3y2YTPm1TPdTF8YBYw][test][6] (cluster state version: 6895)
[2014-02-18 16:00:13,118][TRACE][action.search.type       ] [node_0] Moving to second phase, based on results from: [tbUF3y2YTPm1TPdTF8YBYw][test][11],[t8Mqv-hjRzqYCBodDxtrKQ][test][10],[t8Mqv-hjRzqYCBodDxtrKQ][test][0],[t8Mqv-hjRzqYCBodDxtrKQ][test][1],[q75XUfcITqG3o93Z8EOFnw][test][5],[q75XUfcITqG3o93Z8EOFnw][test][4],[tbUF3y2YTPm1TPdTF8YBYw][test][3],[tbUF3y2YTPm1TPdTF8YBYw][test][2],[q75XUfcITqG3o93Z8EOFnw][test][9],[t8Mqv-hjRzqYCBodDxtrKQ][test][8],[q75XUfcITqG3o93Z8EOFnw][test][7],[q75XUfcITqG3o93Z8EOFnw][test][6] (cluster state version: 6895)
[2014-02-18 16:00:13,121][TRACE][action.search.type       ] [node_1] Moving to second phase, based on results from: [q75XUfcITqG3o93Z8EOFnw][test][11],[t8Mqv-hjRzqYCBodDxtrKQ][test][10],[t8Mqv-hjRzqYCBodDxtrKQ][test][0],[tbUF3y2YTPm1TPdTF8YBYw][test][1],[t8Mqv-hjRzqYCBodDxtrKQ][test][5],[q75XUfcITqG3o93Z8EOFnw][test][4],[tbUF3y2YTPm1TPdTF8YBYw][test][3],[t8Mqv-hjRzqYCBodDxtrKQ][test][2],[q75XUfcITqG3o93Z8EOFnw][test][9],[t8Mqv-hjRzqYCBodDxtrKQ][test][8],[t8Mqv-hjRzqYCBodDxtrKQ][test][7],[tbUF3y2YTPm1TPdTF8YBYw][test][6] (cluster state version: 6895)
[2014-02-18 16:00:13,152][TRACE][action.search.type       ] [node_1] [test][3], node[t8Mqv-hjRzqYCBodDxtrKQ], relocating [q75XUfcITqG3o93Z8EOFnw], [P], s[RELOCATING]: Failed to execute [org.elasticsearch.action.search.SearchRequest@fc76632] lastShard [false]
org.elasticsearch.index.IndexShardMissingException: [test][3] missing
	at org.elasticsearch.index.service.InternalIndexService.shardSafe(InternalIndexService.java:184)
	at org.elasticsearch.search.SearchService.createContext(SearchService.java:479)
	at org.elasticsearch.search.SearchService.createContext(SearchService.java:474)
	at org.elasticsearch.search.SearchService.createAndPutContext(SearchService.java:467)
	at org.elasticsearch.search.SearchService.executeDfsPhase(SearchService.java:173)
	at org.elasticsearch.search.action.SearchServiceTransportAction.sendExecuteDfs(SearchServiceTransportAction.java:168)
	at org.elasticsearch.action.search.type.TransportSearchDfsQueryThenFetchAction$AsyncAction.sendExecuteFirstPhase(TransportSearchDfsQueryThenFetchAction.java:85)
	at org.elasticsearch.action.search.type.TransportSearchTypeAction$BaseAsyncAction.performFirstPhase(TransportSearchTypeAction.java:216)
	at org.elasticsearch.action.search.type.TransportSearchTypeAction$BaseAsyncAction.performFirstPhase(TransportSearchTypeAction.java:203)
	at org.elasticsearch.action.search.type.TransportSearchTypeAction$BaseAsyncAction$2.run(TransportSearchTypeAction.java:186)
	at java.util.concurrent.ThreadPoolExecutor.runWorker(ThreadPoolExecutor.java:1145)
	at java.util.concurrent.ThreadPoolExecutor$Worker.run(ThreadPoolExecutor.java:615)
	at java.lang.Thread.run(Thread.java:744)
[2014-02-18 16:00:13,153][TRACE][action.search.type       ] [node_1] Moving to second phase, based on results from: [tbUF3y2YTPm1TPdTF8YBYw][test][11],[q75XUfcITqG3o93Z8EOFnw][test][10],[tbUF3y2YTPm1TPdTF8YBYw][test][0],[t8Mqv-hjRzqYCBodDxtrKQ][test][1],[q75XUfcITqG3o93Z8EOFnw][test][5],[tbUF3y2YTPm1TPdTF8YBYw][test][4],[tbUF3y2YTPm1TPdTF8YBYw][test][3],[tbUF3y2YTPm1TPdTF8YBYw][test][2],[tbUF3y2YTPm1TPdTF8YBYw][test][9],[q75XUfcITqG3o93Z8EOFnw][test][8],[q75XUfcITqG3o93Z8EOFnw][test][7],[q75XUfcITqG3o93Z8EOFnw][test][6] (cluster state version: 6895)
[2014-02-18 16:00:13,158][TRACE][action.search.type       ] [node_1] Moving to second phase, based on results from: [tbUF3y2YTPm1TPdTF8YBYw][test][11],[q75XUfcITqG3o93Z8EOFnw][test][10],[tbUF3y2YTPm1TPdTF8YBYw][test][0],[tbUF3y2YTPm1TPdTF8YBYw][test][1],[q75XUfcITqG3o93Z8EOFnw][test][5],[q75XUfcITqG3o93Z8EOFnw][test][4],[q75XUfcITqG3o93Z8EOFnw][test][3],[tbUF3y2YTPm1TPdTF8YBYw][test][2],[tbUF3y2YTPm1TPdTF8YBYw][test][9],[q75XUfcITqG3o93Z8EOFnw][test][8],[t8Mqv-hjRzqYCBodDxtrKQ][test][7],[tbUF3y2YTPm1TPdTF8YBYw][test][6] (cluster state version: 6896)
[2014-02-18 16:00:13,161][TRACE][action.search.type       ] [node_2] Moving to second phase, based on results from: [q75XUfcITqG3o93Z8EOFnw][test][11],[t8Mqv-hjRzqYCBodDxtrKQ][test][10],[t8Mqv-hjRzqYCBodDxtrKQ][test][0],[t8Mqv-hjRzqYCBodDxtrKQ][test][1],[q75XUfcITqG3o93Z8EOFnw][test][5],[q75XUfcITqG3o93Z8EOFnw][test][4],[tbUF3y2YTPm1TPdTF8YBYw][test][3],[tbUF3y2YTPm1TPdTF8YBYw][test][2],[tbUF3y2YTPm1TPdTF8YBYw][test][9],[q75XUfcITqG3o93Z8EOFnw][test][8],[t8Mqv-hjRzqYCBodDxtrKQ][test][7],[tbUF3y2YTPm1TPdTF8YBYw][test][6] (cluster state version: 6896)
[2014-02-18 16:00:13,166][TRACE][action.search.type       ] [node_0] [test][3], node[t8Mqv-hjRzqYCBodDxtrKQ], relocating [q75XUfcITqG3o93Z8EOFnw], [P], s[RELOCATING]: Failed to execute [org.elasticsearch.action.search.SearchRequest@1e65be6a] lastShard [false]
org.elasticsearch.transport.RemoteTransportException: [node_1][inet[/10.1.10.75:9301]][search/phase/query]
Caused by: org.elasticsearch.index.IndexShardMissingException: [test][3] missing
	at org.elasticsearch.index.service.InternalIndexService.shardSafe(InternalIndexService.java:184)
	at org.elasticsearch.search.SearchService.createContext(SearchService.java:479)
	at org.elasticsearch.search.SearchService.createContext(SearchService.java:474)
	at org.elasticsearch.search.SearchService.createAndPutContext(SearchService.java:467)
	at org.elasticsearch.search.SearchService.executeQueryPhase(SearchService.java:239)
	at org.elasticsearch.search.action.SearchServiceTransportAction$SearchQueryTransportHandler.messageReceived(SearchServiceTransportAction.java:623)
	at org.elasticsearch.search.action.SearchServiceTransportAction$SearchQueryTransportHandler.messageReceived(SearchServiceTransportAction.java:612)
	at org.elasticsearch.transport.netty.MessageChannelHandler$RequestHandler.run(MessageChannelHandler.java:270)
	at java.util.concurrent.ThreadPoolExecutor.runWorker(ThreadPoolExecutor.java:1145)
	at java.util.concurrent.ThreadPoolExecutor$Worker.run(ThreadPoolExecutor.java:615)
	at java.lang.Thread.run(Thread.java:744)
[2014-02-18 16:00:13,167][TRACE][action.search.type       ] [node_0] Moving to second phase, based on results from: [q75XUfcITqG3o93Z8EOFnw][test][11],[q75XUfcITqG3o93Z8EOFnw][test][10],[tbUF3y2YTPm1TPdTF8YBYw][test][0],[tbUF3y2YTPm1TPdTF8YBYw][test][1],[t8Mqv-hjRzqYCBodDxtrKQ][test][5],[tbUF3y2YTPm1TPdTF8YBYw][test][4],[tbUF3y2YTPm1TPdTF8YBYw][test][3],[t8Mqv-hjRzqYCBodDxtrKQ][test][2],[tbUF3y2YTPm1TPdTF8YBYw][test][9],[q75XUfcITqG3o93Z8EOFnw][test][8],[t8Mqv-hjRzqYCBodDxtrKQ][test][7],[tbUF3y2YTPm1TPdTF8YBYw][test][6] (cluster state version: 6895)
[2014-02-18 16:00:13,172][TRACE][action.search.type       ] [node_1] Moving to second phase, based on results from: [q75XUfcITqG3o93Z8EOFnw][test][11],[t8Mqv-hjRzqYCBodDxtrKQ][test][10],[t8Mqv-hjRzqYCBodDxtrKQ][test][0],[t8Mqv-hjRzqYCBodDxtrKQ][test][1],[t8Mqv-hjRzqYCBodDxtrKQ][test][5],[tbUF3y2YTPm1TPdTF8YBYw][test][4],[tbUF3y2YTPm1TPdTF8YBYw][test][3],[t8Mqv-hjRzqYCBodDxtrKQ][test][2],[q75XUfcITqG3o93Z8EOFnw][test][9],[t8Mqv-hjRzqYCBodDxtrKQ][test][8],[q75XUfcITqG3o93Z8EOFnw][test][7],[q75XUfcITqG3o93Z8EOFnw][test][6] (cluster state version: 6896)
[2014-02-18 16:00:13,183][TRACE][action.search.type       ] [node_2] Moving to second phase, based on results from: [tbUF3y2YTPm1TPdTF8YBYw][test][11],[q75XUfcITqG3o93Z8EOFnw][test][10],[tbUF3y2YTPm1TPdTF8YBYw][test][0],[tbUF3y2YTPm1TPdTF8YBYw][test][1],[t8Mqv-hjRzqYCBodDxtrKQ][test][5],[tbUF3y2YTPm1TPdTF8YBYw][test][4],[q75XUfcITqG3o93Z8EOFnw][test][3],[t8Mqv-hjRzqYCBodDxtrKQ][test][2],[q75XUfcITqG3o93Z8EOFnw][test][9],[t8Mqv-hjRzqYCBodDxtrKQ][test][8],[q75XUfcITqG3o93Z8EOFnw][test][7],[q75XUfcITqG3o93Z8EOFnw][test][6] (cluster state version: 6896)
[2014-02-18 16:00:13,192][TRACE][action.search.type       ] [node_1] Moving to second phase, based on results from: [tbUF3y2YTPm1TPdTF8YBYw][test][11],[q75XUfcITqG3o93Z8EOFnw][test][10],[tbUF3y2YTPm1TPdTF8YBYw][test][0],[tbUF3y2YTPm1TPdTF8YBYw][test][1],[q75XUfcITqG3o93Z8EOFnw][test][5],[q75XUfcITqG3o93Z8EOFnw][test][4],[q75XUfcITqG3o93Z8EOFnw][test][3],[tbUF3y2YTPm1TPdTF8YBYw][test][2],[tbUF3y2YTPm1TPdTF8YBYw][test][9],[q75XUfcITqG3o93Z8EOFnw][test][8],[t8Mqv-hjRzqYCBodDxtrKQ][test][7],[tbUF3y2YTPm1TPdTF8YBYw][test][6] (cluster state version: 6896)
[2014-02-18 16:00:13,195][TRACE][action.search.type       ] [node_2] Moving to second phase, based on results from: [q75XUfcITqG3o93Z8EOFnw][test][11],[t8Mqv-hjRzqYCBodDxtrKQ][test][10],[t8Mqv-hjRzqYCBodDxtrKQ][test][0],[t8Mqv-hjRzqYCBodDxtrKQ][test][1],[q75XUfcITqG3o93Z8EOFnw][test][5],[q75XUfcITqG3o93Z8EOFnw][test][4],[tbUF3y2YTPm1TPdTF8YBYw][test][3],[tbUF3y2YTPm1TPdTF8YBYw][test][2],[tbUF3y2YTPm1TPdTF8YBYw][test][9],[q75XUfcITqG3o93Z8EOFnw][test][8],[t8Mqv-hjRzqYCBodDxtrKQ][test][7],[tbUF3y2YTPm1TPdTF8YBYw][test][6] (cluster state version: 6896)
[2014-02-18 16:00:13,198][TRACE][action.search.type       ] [node_1] Moving to second phase, based on results from: [q75XUfcITqG3o93Z8EOFnw][test][11],[t8Mqv-hjRzqYCBodDxtrKQ][test][10],[t8Mqv-hjRzqYCBodDxtrKQ][test][0],[t8Mqv-hjRzqYCBodDxtrKQ][test][1],[t8Mqv-hjRzqYCBodDxtrKQ][test][5],[tbUF3y2YTPm1TPdTF8YBYw][test][4],[tbUF3y2YTPm1TPdTF8YBYw][test][3],[t8Mqv-hjRzqYCBodDxtrKQ][test][2],[q75XUfcITqG3o93Z8EOFnw][test][9],[t8Mqv-hjRzqYCBodDxtrKQ][test][8],[q75XUfcITqG3o93Z8EOFnw][test][7],[q75XUfcITqG3o93Z8EOFnw][test][6] (cluster state version: 6896)
[2014-02-18 16:00:13,208][TRACE][action.search.type       ] [node_1] Moving to second phase, based on results from: [q75XUfcITqG3o93Z8EOFnw][test][11],[q75XUfcITqG3o93Z8EOFnw][test][10],[t8Mqv-hjRzqYCBodDxtrKQ][test][0],[t8Mqv-hjRzqYCBodDxtrKQ][test][1],[t8Mqv-hjRzqYCBodDxtrKQ][test][5],[q75XUfcITqG3o93Z8EOFnw][test][4],[tbUF3y2YTPm1TPdTF8YBYw][test][3],[q75XUfcITqG3o93Z8EOFnw][test][2],[tbUF3y2YTPm1TPdTF8YBYw][test][9],[q75XUfcITqG3o93Z8EOFnw][test][8],[q75XUfcITqG3o93Z8EOFnw][test][7],[q75XUfcITqG3o93Z8EOFnw][test][6] (cluster state version: 6897)
[2014-02-18 16:00:13,219][TRACE][action.search.type       ] [node_0] Moving to second phase, based on results from: [q75XUfcITqG3o93Z8EOFnw][test][11],[t8Mqv-hjRzqYCBodDxtrKQ][test][10],[tbUF3y2YTPm1TPdTF8YBYw][test][0],[t8Mqv-hjRzqYCBodDxtrKQ][test][1],[q75XUfcITqG3o93Z8EOFnw][test][5],[q75XUfcITqG3o93Z8EOFnw][test][4],[tbUF3y2YTPm1TPdTF8YBYw][test][3],[tbUF3y2YTPm1TPdTF8YBYw][test][2],[q75XUfcITqG3o93Z8EOFnw][test][9],[t8Mqv-hjRzqYCBodDxtrKQ][test][8],[q75XUfcITqG3o93Z8EOFnw][test][7],[q75XUfcITqG3o93Z8EOFnw][test][6] (cluster state version: 6896)
[2014-02-18 16:00:13,223][TRACE][action.search.type       ] [node_1] Moving to second phase, based on results from: [tbUF3y2YTPm1TPdTF8YBYw][test][11],[t8Mqv-hjRzqYCBodDxtrKQ][test][10],[tbUF3y2YTPm1TPdTF8YBYw][test][0],[tbUF3y2YTPm1TPdTF8YBYw][test][1],[q75XUfcITqG3o93Z8EOFnw][test][5],[tbUF3y2YTPm1TPdTF8YBYw][test][4],[q75XUfcITqG3o93Z8EOFnw][test][3],[tbUF3y2YTPm1TPdTF8YBYw][test][2],[q75XUfcITqG3o93Z8EOFnw][test][9],[t8Mqv-hjRzqYCBodDxtrKQ][test][8],[t8Mqv-hjRzqYCBodDxtrKQ][test][7],[tbUF3y2YTPm1TPdTF8YBYw][test][6] (cluster state version: 6897)
[2014-02-18 16:00:13,227][TRACE][action.search.type       ] [node_2] Moving to second phase, based on results from: [tbUF3y2YTPm1TPdTF8YBYw][test][11],[t8Mqv-hjRzqYCBodDxtrKQ][test][10],[t8Mqv-hjRzqYCBodDxtrKQ][test][0],[tbUF3y2YTPm1TPdTF8YBYw][test][1],[q75XUfcITqG3o93Z8EOFnw][test][5],[tbUF3y2YTPm1TPdTF8YBYw][test][4],[q75XUfcITqG3o93Z8EOFnw][test][3],[q75XUfcITqG3o93Z8EOFnw][test][2],[q75XUfcITqG3o93Z8EOFnw][test][9],[t8Mqv-hjRzqYCBodDxtrKQ][test][8],[t8Mqv-hjRzqYCBodDxtrKQ][test][7],[tbUF3y2YTPm1TPdTF8YBYw][test][6] (cluster state version: 6897)
[2014-02-18 16:00:13,233][TRACE][action.search.type       ] [node_0] [test][2], node[t8Mqv-hjRzqYCBodDxtrKQ], relocating [q75XUfcITqG3o93Z8EOFnw], [P], s[RELOCATING]: Failed to execute [org.elasticsearch.action.search.SearchRequest@754a142b] lastShard [false]
org.elasticsearch.transport.RemoteTransportException: [node_1][inet[/10.1.10.75:9301]][search/phase/query]
Caused by: org.elasticsearch.index.IndexShardMissingException: [test][2] missing
	at org.elasticsearch.index.service.InternalIndexService.shardSafe(InternalIndexService.java:184)
	at org.elasticsearch.search.SearchService.createContext(SearchService.java:479)
	at org.elasticsearch.search.SearchService.createContext(SearchService.java:474)
	at org.elasticsearch.search.SearchService.createAndPutContext(SearchService.java:467)
	at org.elasticsearch.search.SearchService.executeQueryPhase(SearchService.java:239)
	at org.elasticsearch.search.action.SearchServiceTransportAction$SearchQueryTransportHandler.messageReceived(SearchServiceTransportAction.java:623)
	at org.elasticsearch.search.action.SearchServiceTransportAction$SearchQueryTransportHandler.messageReceived(SearchServiceTransportAction.java:612)
	at org.elasticsearch.transport.netty.MessageChannelHandler$RequestHandler.run(MessageChannelHandler.java:270)
	at java.util.concurrent.ThreadPoolExecutor.runWorker(ThreadPoolExecutor.java:1145)
	at java.util.concurrent.ThreadPoolExecutor$Worker.run(ThreadPoolExecutor.java:615)
	at java.lang.Thread.run(Thread.java:744)
[2014-02-18 16:00:13,235][TRACE][action.search.type       ] [node_0] Moving to second phase, based on results from: [tbUF3y2YTPm1TPdTF8YBYw][test][11],[q75XUfcITqG3o93Z8EOFnw][test][10],[t8Mqv-hjRzqYCBodDxtrKQ][test][0],[tbUF3y2YTPm1TPdTF8YBYw][test][1],[t8Mqv-hjRzqYCBodDxtrKQ][test][5],[tbUF3y2YTPm1TPdTF8YBYw][test][4],[q75XUfcITqG3o93Z8EOFnw][test][3],[tbUF3y2YTPm1TPdTF8YBYw][test][2],[tbUF3y2YTPm1TPdTF8YBYw][test][9],[q75XUfcITqG3o93Z8EOFnw][test][8],[t8Mqv-hjRzqYCBodDxtrKQ][test][7],[tbUF3y2YTPm1TPdTF8YBYw][test][6] (cluster state version: 6896)
[2014-02-18 16:00:13,239][TRACE][action.search.type       ] [node_0] Moving to second phase, based on results from: [tbUF3y2YTPm1TPdTF8YBYw][test][11],[q75XUfcITqG3o93Z8EOFnw][test][10],[tbUF3y2YTPm1TPdTF8YBYw][test][0],[t8Mqv-hjRzqYCBodDxtrKQ][test][1],[q75XUfcITqG3o93Z8EOFnw][test][5],[tbUF3y2YTPm1TPdTF8YBYw][test][4],[q75XUfcITqG3o93Z8EOFnw][test][3],[q75XUfcITqG3o93Z8EOFnw][test][2],[q75XUfcITqG3o93Z8EOFnw][test][9],[q75XUfcITqG3o93Z8EOFnw][test][8],[q75XUfcITqG3o93Z8EOFnw][test][7],[tbUF3y2YTPm1TPdTF8YBYw][test][6] (cluster state version: 6897)
[2014-02-18 16:00:13,248][TRACE][action.search.type       ] [node_0] Moving to second phase, based on results from: [q75XUfcITqG3o93Z8EOFnw][test][11],[t8Mqv-hjRzqYCBodDxtrKQ][test][10],[t8Mqv-hjRzqYCBodDxtrKQ][test][0],[tbUF3y2YTPm1TPdTF8YBYw][test][1],[t8Mqv-hjRzqYCBodDxtrKQ][test][5],[q75XUfcITqG3o93Z8EOFnw][test][4],[tbUF3y2YTPm1TPdTF8YBYw][test][3],[tbUF3y2YTPm1TPdTF8YBYw][test][2],[tbUF3y2YTPm1TPdTF8YBYw][test][9],[t8Mqv-hjRzqYCBodDxtrKQ][test][8],[t8Mqv-hjRzqYCBodDxtrKQ][test][7],[q75XUfcITqG3o93Z8EOFnw][test][6] (cluster state version: 6897)
[2014-02-18 16:00:13,264][TRACE][action.search.type       ] [node_2] Moving to second phase, based on results from: [q75XUfcITqG3o93Z8EOFnw][test][11],[q75XUfcITqG3o93Z8EOFnw][test][10],[tbUF3y2YTPm1TPdTF8YBYw][test][0],[t8Mqv-hjRzqYCBodDxtrKQ][test][1],[t8Mqv-hjRzqYCBodDxtrKQ][test][5],[q75XUfcITqG3o93Z8EOFnw][test][4],[tbUF3y2YTPm1TPdTF8YBYw][test][3],[tbUF3y2YTPm1TPdTF8YBYw][test][2],[tbUF3y2YTPm1TPdTF8YBYw][test][9],[q75XUfcITqG3o93Z8EOFnw][test][8],[q75XUfcITqG3o93Z8EOFnw][test][7],[q75XUfcITqG3o93Z8EOFnw][test][6] (cluster state version: 6897)
[2014-02-18 16:00:13,274][TRACE][action.search.type       ] [node_1] Moving to second phase, based on results from: [q75XUfcITqG3o93Z8EOFnw][test][11],[q75XUfcITqG3o93Z8EOFnw][test][10],[t8Mqv-hjRzqYCBodDxtrKQ][test][0],[t8Mqv-hjRzqYCBodDxtrKQ][test][1],[t8Mqv-hjRzqYCBodDxtrKQ][test][5],[q75XUfcITqG3o93Z8EOFnw][test][4],[tbUF3y2YTPm1TPdTF8YBYw][test][3],[q75XUfcITqG3o93Z8EOFnw][test][2],[tbUF3y2YTPm1TPdTF8YBYw][test][9],[q75XUfcITqG3o93Z8EOFnw][test][8],[q75XUfcITqG3o93Z8EOFnw][test][7],[q75XUfcITqG3o93Z8EOFnw][test][6] (cluster state version: 6897)
[2014-02-18 16:00:13,282][TRACE][action.search.type       ] [node_2] Moving to second phase, based on results from: [tbUF3y2YTPm1TPdTF8YBYw][test][11],[t8Mqv-hjRzqYCBodDxtrKQ][test][10],[t8Mqv-hjRzqYCBodDxtrKQ][test][0],[tbUF3y2YTPm1TPdTF8YBYw][test][1],[q75XUfcITqG3o93Z8EOFnw][test][5],[tbUF3y2YTPm1TPdTF8YBYw][test][4],[q75XUfcITqG3o93Z8EOFnw][test][3],[q75XUfcITqG3o93Z8EOFnw][test][2],[q75XUfcITqG3o93Z8EOFnw][test][9],[t8Mqv-hjRzqYCBodDxtrKQ][test][8],[t8Mqv-hjRzqYCBodDxtrKQ][test][7],[tbUF3y2YTPm1TPdTF8YBYw][test][6] (cluster state version: 6897)
[2014-02-18 16:00:13,291][TRACE][action.search.type       ] [node_0] Moving to second phase, based on results from: [tbUF3y2YTPm1TPdTF8YBYw][test][11],[q75XUfcITqG3o93Z8EOFnw][test][10],[tbUF3y2YTPm1TPdTF8YBYw][test][0],[t8Mqv-hjRzqYCBodDxtrKQ][test][1],[q75XUfcITqG3o93Z8EOFnw][test][5],[tbUF3y2YTPm1TPdTF8YBYw][test][4],[q75XUfcITqG3o93Z8EOFnw][test][3],[q75XUfcITqG3o93Z8EOFnw][test][2],[q75XUfcITqG3o93Z8EOFnw][test][9],[q75XUfcITqG3o93Z8EOFnw][test][8],[q75XUfcITqG3o93Z8EOFnw][test][7],[tbUF3y2YTPm1TPdTF8YBYw][test][6] (cluster state version: 6897)
[2014-02-18 16:00:13,295][TRACE][action.search.type       ] [node_2] Moving to second phase, based on results from: [q75XUfcITqG3o93Z8EOFnw][test][11],[q75XUfcITqG3o93Z8EOFnw][test][10],[tbUF3y2YTPm1TPdTF8YBYw][test][0],[t8Mqv-hjRzqYCBodDxtrKQ][test][1],[t8Mqv-hjRzqYCBodDxtrKQ][test][5],[q75XUfcITqG3o93Z8EOFnw][test][4],[tbUF3y2YTPm1TPdTF8YBYw][test][3],[tbUF3y2YTPm1TPdTF8YBYw][test][2],[tbUF3y2YTPm1TPdTF8YBYw][test][9],[q75XUfcITqG3o93Z8EOFnw][test][8],[q75XUfcITqG3o93Z8EOFnw][test][7],[q75XUfcITqG3o93Z8EOFnw][test][6] (cluster state version: 6897)
[2014-02-18 16:00:13,303][TRACE][action.search.type       ] [node_1] Moving to second phase, based on results from: [tbUF3y2YTPm1TPdTF8YBYw][test][11],[t8Mqv-hjRzqYCBodDxtrKQ][test][10],[tbUF3y2YTPm1TPdTF8YBYw][test][0],[tbUF3y2YTPm1TPdTF8YBYw][test][1],[q75XUfcITqG3o93Z8EOFnw][test][5],[tbUF3y2YTPm1TPdTF8YBYw][test][4],[q75XUfcITqG3o93Z8EOFnw][test][3],[tbUF3y2YTPm1TPdTF8YBYw][test][2],[q75XUfcITqG3o93Z8EOFnw][test][9],[t8Mqv-hjRzqYCBodDxtrKQ][test][8],[t8Mqv-hjRzqYCBodDxtrKQ][test][7],[tbUF3y2YTPm1TPdTF8YBYw][test][6] (cluster state version: 6897)
[2014-02-18 16:00:13,319][TRACE][action.search.type       ] [node_2] Moving to second phase, based on results from: [tbUF3y2YTPm1TPdTF8YBYw][test][11],[t8Mqv-hjRzqYCBodDxtrKQ][test][10],[t8Mqv-hjRzqYCBodDxtrKQ][test][0],[tbUF3y2YTPm1TPdTF8YBYw][test][1],[q75XUfcITqG3o93Z8EOFnw][test][5],[tbUF3y2YTPm1TPdTF8YBYw][test][4],[q75XUfcITqG3o93Z8EOFnw][test][3],[q75XUfcITqG3o93Z8EOFnw][test][2],[q75XUfcITqG3o93Z8EOFnw][test][9],[t8Mqv-hjRzqYCBodDxtrKQ][test][8],[t8Mqv-hjRzqYCBodDxtrKQ][test][7],[tbUF3y2YTPm1TPdTF8YBYw][test][6] (cluster state version: 6897)
[2014-02-18 16:00:13,323][TRACE][action.search.type       ] [node_2] Moving to second phase, based on results from: [q75XUfcITqG3o93Z8EOFnw][test][11],[q75XUfcITqG3o93Z8EOFnw][test][10],[tbUF3y2YTPm1TPdTF8YBYw][test][0],[t8Mqv-hjRzqYCBodDxtrKQ][test][1],[t8Mqv-hjRzqYCBodDxtrKQ][test][5],[q75XUfcITqG3o93Z8EOFnw][test][4],[tbUF3y2YTPm1TPdTF8YBYw][test][3],[tbUF3y2YTPm1TPdTF8YBYw][test][2],[tbUF3y2YTPm1TPdTF8YBYw][test][9],[q75XUfcITqG3o93Z8EOFnw][test][8],[q75XUfcITqG3o93Z8EOFnw][test][7],[q75XUfcITqG3o93Z8EOFnw][test][6] (cluster state version: 6897)
[2014-02-18 16:00:13,333][TRACE][action.search.type       ] [node_2] Moving to second phase, based on results from: [tbUF3y2YTPm1TPdTF8YBYw][test][11],[t8Mqv-hjRzqYCBodDxtrKQ][test][10],[t8Mqv-hjRzqYCBodDxtrKQ][test][0],[tbUF3y2YTPm1TPdTF8YBYw][test][1],[q75XUfcITqG3o93Z8EOFnw][test][5],[tbUF3y2YTPm1TPdTF8YBYw][test][4],[q75XUfcITqG3o93Z8EOFnw][test][3],[q75XUfcITqG3o93Z8EOFnw][test][2],[q75XUfcITqG3o93Z8EOFnw][test][9],[t8Mqv-hjRzqYCBodDxtrKQ][test][8],[t8Mqv-hjRzqYCBodDxtrKQ][test][7],[tbUF3y2YTPm1TPdTF8YBYw][test][6] (cluster state version: 6897)
[2014-02-18 16:00:13,343][TRACE][action.search.type       ] [node_1] Moving to second phase, based on results from: [q75XUfcITqG3o93Z8EOFnw][test][11],[q75XUfcITqG3o93Z8EOFnw][test][10],[t8Mqv-hjRzqYCBodDxtrKQ][test][0],[t8Mqv-hjRzqYCBodDxtrKQ][test][1],[t8Mqv-hjRzqYCBodDxtrKQ][test][5],[q75XUfcITqG3o93Z8EOFnw][test][4],[tbUF3y2YTPm1TPdTF8YBYw][test][3],[q75XUfcITqG3o93Z8EOFnw][test][2],[tbUF3y2YTPm1TPdTF8YBYw][test][9],[q75XUfcITqG3o93Z8EOFnw][test][8],[q75XUfcITqG3o93Z8EOFnw][test][7],[q75XUfcITqG3o93Z8EOFnw][test][6] (cluster state version: 6897)
[2014-02-18 16:00:13,348][TRACE][action.search.type       ] [node_2] Moving to second phase, based on results from: [q75XUfcITqG3o93Z8EOFnw][test][11],[q75XUfcITqG3o93Z8EOFnw][test][10],[tbUF3y2YTPm1TPdTF8YBYw][test][0],[t8Mqv-hjRzqYCBodDxtrKQ][test][1],[t8Mqv-hjRzqYCBodDxtrKQ][test][5],[q75XUfcITqG3o93Z8EOFnw][test][4],[tbUF3y2YTPm1TPdTF8YBYw][test][3],[tbUF3y2YTPm1TPdTF8YBYw][test][2],[tbUF3y2YTPm1TPdTF8YBYw][test][9],[q75XUfcITqG3o93Z8EOFnw][test][8],[q75XUfcITqG3o93Z8EOFnw][test][7],[q75XUfcITqG3o93Z8EOFnw][test][6] (cluster state version: 6897)
[2014-02-18 16:00:13,356][TRACE][action.search.type       ] [node_2] Moving to second phase, based on results from: [tbUF3y2YTPm1TPdTF8YBYw][test][11],[t8Mqv-hjRzqYCBodDxtrKQ][test][10],[t8Mqv-hjRzqYCBodDxtrKQ][test][0],[tbUF3y2YTPm1TPdTF8YBYw][test][1],[q75XUfcITqG3o93Z8EOFnw][test][5],[tbUF3y2YTPm1TPdTF8YBYw][test][4],[q75XUfcITqG3o93Z8EOFnw][test][3],[q75XUfcITqG3o93Z8EOFnw][test][2],[q75XUfcITqG3o93Z8EOFnw][test][9],[t8Mqv-hjRzqYCBodDxtrKQ][test][8],[t8Mqv-hjRzqYCBodDxtrKQ][test][7],[tbUF3y2YTPm1TPdTF8YBYw][test][6] (cluster state version: 6897)
[2014-02-18 16:00:13,365][TRACE][action.search.type       ] [node_1] Moving to second phase, based on results from: [tbUF3y2YTPm1TPdTF8YBYw][test][11],[t8Mqv-hjRzqYCBodDxtrKQ][test][10],[tbUF3y2YTPm1TPdTF8YBYw][test][0],[tbUF3y2YTPm1TPdTF8YBYw][test][1],[q75XUfcITqG3o93Z8EOFnw][test][5],[tbUF3y2YTPm1TPdTF8YBYw][test][4],[q75XUfcITqG3o93Z8EOFnw][test][3],[tbUF3y2YTPm1TPdTF8YBYw][test][2],[q75XUfcITqG3o93Z8EOFnw][test][9],[t8Mqv-hjRzqYCBodDxtrKQ][test][8],[t8Mqv-hjRzqYCBodDxtrKQ][test][7],[tbUF3y2YTPm1TPdTF8YBYw][test][6] (cluster state version: 6897)
[2014-02-18 16:00:13,382][TRACE][action.search.type       ] [node_1] Moving to second phase, based on results from: [q75XUfcITqG3o93Z8EOFnw][test][11],[q75XUfcITqG3o93Z8EOFnw][test][10],[t8Mqv-hjRzqYCBodDxtrKQ][test][0],[t8Mqv-hjRzqYCBodDxtrKQ][test][1],[t8Mqv-hjRzqYCBodDxtrKQ][test][5],[q75XUfcITqG3o93Z8EOFnw][test][4],[tbUF3y2YTPm1TPdTF8YBYw][test][3],[q75XUfcITqG3o93Z8EOFnw][test][2],[tbUF3y2YTPm1TPdTF8YBYw][test][9],[q75XUfcITqG3o93Z8EOFnw][test][8],[q75XUfcITqG3o93Z8EOFnw][test][7],[q75XUfcITqG3o93Z8EOFnw][test][6] (cluster state version: 6897)
[2014-02-18 16:00:13,386][TRACE][action.search.type       ] [node_1] Moving to second phase, based on results from: [tbUF3y2YTPm1TPdTF8YBYw][test][11],[t8Mqv-hjRzqYCBodDxtrKQ][test][10],[tbUF3y2YTPm1TPdTF8YBYw][test][0],[tbUF3y2YTPm1TPdTF8YBYw][test][1],[q75XUfcITqG3o93Z8EOFnw][test][5],[tbUF3y2YTPm1TPdTF8YBYw][test][4],[q75XUfcITqG3o93Z8EOFnw][test][3],[tbUF3y2YTPm1TPdTF8YBYw][test][2],[q75XUfcITqG3o93Z8EOFnw][test][9],[t8Mqv-hjRzqYCBodDxtrKQ][test][8],[t8Mqv-hjRzqYCBodDxtrKQ][test][7],[tbUF3y2YTPm1TPdTF8YBYw][test][6] (cluster state version: 6897)
[2014-02-18 16:00:13,393][TRACE][action.search.type       ] [node_1] Moving to second phase, based on results from: [q75XUfcITqG3o93Z8EOFnw][test][11],[q75XUfcITqG3o93Z8EOFnw][test][10],[t8Mqv-hjRzqYCBodDxtrKQ][test][0],[t8Mqv-hjRzqYCBodDxtrKQ][test][1],[t8Mqv-hjRzqYCBodDxtrKQ][test][5],[q75XUfcITqG3o93Z8EOFnw][test][4],[tbUF3y2YTPm1TPdTF8YBYw][test][3],[q75XUfcITqG3o93Z8EOFnw][test][2],[tbUF3y2YTPm1TPdTF8YBYw][test][9],[q75XUfcITqG3o93Z8EOFnw][test][8],[q75XUfcITqG3o93Z8EOFnw][test][7],[q75XUfcITqG3o93Z8EOFnw][test][6] (cluster state version: 6897)
[2014-02-18 16:00:13,397][TRACE][action.search.type       ] [node_0] Moving to second phase, based on results from: [q75XUfcITqG3o93Z8EOFnw][test][11],[t8Mqv-hjRzqYCBodDxtrKQ][test][10],[t8Mqv-hjRzqYCBodDxtrKQ][test][0],[tbUF3y2YTPm1TPdTF8YBYw][test][1],[t8Mqv-hjRzqYCBodDxtrKQ][test][5],[q75XUfcITqG3o93Z8EOFnw][test][4],[tbUF3y2YTPm1TPdTF8YBYw][test][3],[tbUF3y2YTPm1TPdTF8YBYw][test][2],[tbUF3y2YTPm1TPdTF8YBYw][test][9],[t8Mqv-hjRzqYCBodDxtrKQ][test][8],[t8Mqv-hjRzqYCBodDxtrKQ][test][7],[q75XUfcITqG3o93Z8EOFnw][test][6] (cluster state version: 6897)
[2014-02-18 16:00:13,401][TRACE][action.search.type       ] [node_1] Moving to second phase, based on results from: [tbUF3y2YTPm1TPdTF8YBYw][test][11],[q75XUfcITqG3o93Z8EOFnw][test][10],[tbUF3y2YTPm1TPdTF8YBYw][test][0],[tbUF3y2YTPm1TPdTF8YBYw][test][1],[q75XUfcITqG3o93Z8EOFnw][test][5],[tbUF3y2YTPm1TPdTF8YBYw][test][4],[q75XUfcITqG3o93Z8EOFnw][test][3],[q75XUfcITqG3o93Z8EOFnw][test][2],[q75XUfcITqG3o93Z8EOFnw][test][9],[q75XUfcITqG3o93Z8EOFnw][test][8],[t8Mqv-hjRzqYCBodDxtrKQ][test][7],[tbUF3y2YTPm1TPdTF8YBYw][test][6] (cluster state version: 6898)
[2014-02-18 16:00:13,406][TRACE][action.search.type       ] [node_1] Moving to second phase, based on results from: [q75XUfcITqG3o93Z8EOFnw][test][11],[t8Mqv-hjRzqYCBodDxtrKQ][test][10],[t8Mqv-hjRzqYCBodDxtrKQ][test][0],[q75XUfcITqG3o93Z8EOFnw][test][1],[t8Mqv-hjRzqYCBodDxtrKQ][test][5],[q75XUfcITqG3o93Z8EOFnw][test][4],[tbUF3y2YTPm1TPdTF8YBYw][test][3],[tbUF3y2YTPm1TPdTF8YBYw][test][2],[tbUF3y2YTPm1TPdTF8YBYw][test][9],[t8Mqv-hjRzqYCBodDxtrKQ][test][8],[q75XUfcITqG3o93Z8EOFnw][test][7],[q75XUfcITqG3o93Z8EOFnw][test][6] (cluster state version: 6898)
[2014-02-18 16:00:13,416][TRACE][action.search.type       ] [node_0] Moving to second phase, based on results from: [tbUF3y2YTPm1TPdTF8YBYw][test][11],[q75XUfcITqG3o93Z8EOFnw][test][10],[t8Mqv-hjRzqYCBodDxtrKQ][test][0],[q75XUfcITqG3o93Z8EOFnw][test][1],[q75XUfcITqG3o93Z8EOFnw][test][5],[q75XUfcITqG3o93Z8EOFnw][test][4],[q75XUfcITqG3o93Z8EOFnw][test][3],[tbUF3y2YTPm1TPdTF8YBYw][test][2],[q75XUfcITqG3o93Z8EOFnw][test][9],[q75XUfcITqG3o93Z8EOFnw][test][8],[t8Mqv-hjRzqYCBodDxtrKQ][test][7],[tbUF3y2YTPm1TPdTF8YBYw][test][6] (cluster state version: 6898)
[2014-02-18 16:00:13,419][TRACE][action.search.type       ] [node_0] Moving to second phase, based on results from: [q75XUfcITqG3o93Z8EOFnw][test][11],[t8Mqv-hjRzqYCBodDxtrKQ][test][10],[tbUF3y2YTPm1TPdTF8YBYw][test][0],[tbUF3y2YTPm1TPdTF8YBYw][test][1],[t8Mqv-hjRzqYCBodDxtrKQ][test][5],[tbUF3y2YTPm1TPdTF8YBYw][test][4],[tbUF3y2YTPm1TPdTF8YBYw][test][3],[q75XUfcITqG3o93Z8EOFnw][test][2],[tbUF3y2YTPm1TPdTF8YBYw][test][9],[t8Mqv-hjRzqYCBodDxtrKQ][test][8],[q75XUfcITqG3o93Z8EOFnw][test][7],[q75XUfcITqG3o93Z8EOFnw][test][6] (cluster state version: 6898)
[2014-02-18 16:00:13,426][TRACE][action.search.type       ] [node_1] Moving to second phase, based on results from: [tbUF3y2YTPm1TPdTF8YBYw][test][11],[q75XUfcITqG3o93Z8EOFnw][test][10],[tbUF3y2YTPm1TPdTF8YBYw][test][0],[tbUF3y2YTPm1TPdTF8YBYw][test][1],[q75XUfcITqG3o93Z8EOFnw][test][5],[tbUF3y2YTPm1TPdTF8YBYw][test][4],[q75XUfcITqG3o93Z8EOFnw][test][3],[q75XUfcITqG3o93Z8EOFnw][test][2],[q75XUfcITqG3o93Z8EOFnw][test][9],[q75XUfcITqG3o93Z8EOFnw][test][8],[t8Mqv-hjRzqYCBodDxtrKQ][test][7],[tbUF3y2YTPm1TPdTF8YBYw][test][6] (cluster state version: 6898)
[2014-02-18 16:00:13,429][TRACE][action.search.type       ] [node_1] Moving to second phase, based on results from: [q75XUfcITqG3o93Z8EOFnw][test][11],[t8Mqv-hjRzqYCBodDxtrKQ][test][10],[t8Mqv-hjRzqYCBodDxtrKQ][test][0],[q75XUfcITqG3o93Z8EOFnw][test][1],[t8Mqv-hjRzqYCBodDxtrKQ][test][5],[q75XUfcITqG3o93Z8EOFnw][test][4],[tbUF3y2YTPm1TPdTF8YBYw][test][3],[tbUF3y2YTPm1TPdTF8YBYw][test][2],[tbUF3y2YTPm1TPdTF8YBYw][test][9],[t8Mqv-hjRzqYCBodDxtrKQ][test][8],[q75XUfcITqG3o93Z8EOFnw][test][7],[q75XUfcITqG3o93Z8EOFnw][test][6] (cluster state version: 6898)
[2014-02-18 16:00:13,434][TRACE][action.search.type       ] [node_1] Moving to second phase, based on results from: [tbUF3y2YTPm1TPdTF8YBYw][test][11],[q75XUfcITqG3o93Z8EOFnw][test][10],[tbUF3y2YTPm1TPdTF8YBYw][test][0],[tbUF3y2YTPm1TPdTF8YBYw][test][1],[q75XUfcITqG3o93Z8EOFnw][test][5],[tbUF3y2YTPm1TPdTF8YBYw][test][4],[q75XUfcITqG3o93Z8EOFnw][test][3],[q75XUfcITqG3o93Z8EOFnw][test][2],[q75XUfcITqG3o93Z8EOFnw][test][9],[q75XUfcITqG3o93Z8EOFnw][test][8],[t8Mqv-hjRzqYCBodDxtrKQ][test][7],[tbUF3y2YTPm1TPdTF8YBYw][test][6] (cluster state version: 6898)
[2014-02-18 16:00:13,437][TRACE][action.search.type       ] [node_1] Moving to second phase, based on results from: [q75XUfcITqG3o93Z8EOFnw][test][11],[t8Mqv-hjRzqYCBodDxtrKQ][test][10],[t8Mqv-hjRzqYCBodDxtrKQ][test][0],[q75XUfcITqG3o93Z8EOFnw][test][1],[t8Mqv-hjRzqYCBodDxtrKQ][test][5],[q75XUfcITqG3o93Z8EOFnw][test][4],[tbUF3y2YTPm1TPdTF8YBYw][test][3],[tbUF3y2YTPm1TPdTF8YBYw][test][2],[tbUF3y2YTPm1TPdTF8YBYw][test][9],[t8Mqv-hjRzqYCBodDxtrKQ][test][8],[q75XUfcITqG3o93Z8EOFnw][test][7],[q75XUfcITqG3o93Z8EOFnw][test][6] (cluster state version: 6898)
[2014-02-18 16:00:13,440][TRACE][action.search.type       ] [node_1] Moving to second phase, based on results from: [tbUF3y2YTPm1TPdTF8YBYw][test][11],[q75XUfcITqG3o93Z8EOFnw][test][10],[tbUF3y2YTPm1TPdTF8YBYw][test][0],[tbUF3y2YTPm1TPdTF8YBYw][test][1],[q75XUfcITqG3o93Z8EOFnw][test][5],[tbUF3y2YTPm1TPdTF8YBYw][test][4],[q75XUfcITqG3o93Z8EOFnw][test][3],[q75XUfcITqG3o93Z8EOFnw][test][2],[q75XUfcITqG3o93Z8EOFnw][test][9],[q75XUfcITqG3o93Z8EOFnw][test][8],[t8Mqv-hjRzqYCBodDxtrKQ][test][7],[tbUF3y2YTPm1TPdTF8YBYw][test][6] (cluster state version: 6898)
[2014-02-18 16:00:13,447][TRACE][action.search.type       ] [node_2] Moving to second phase, based on results from: [tbUF3y2YTPm1TPdTF8YBYw][test][11],[t8Mqv-hjRzqYCBodDxtrKQ][test][10],[t8Mqv-hjRzqYCBodDxtrKQ][test][0],[q75XUfcITqG3o93Z8EOFnw][test][1],[t8Mqv-hjRzqYCBodDxtrKQ][test][5],[q75XUfcITqG3o93Z8EOFnw][test][4],[tbUF3y2YTPm1TPdTF8YBYw][test][3],[tbUF3y2YTPm1TPdTF8YBYw][test][2],[q75XUfcITqG3o93Z8EOFnw][test][9],[q75XUfcITqG3o93Z8EOFnw][test][8],[t8Mqv-hjRzqYCBodDxtrKQ][test][7],[q75XUfcITqG3o93Z8EOFnw][test][6] (cluster state version: 6898)
[2014-02-18 16:00:13,454][TRACE][action.search.type       ] [node_0] Moving to second phase, based on results from: [tbUF3y2YTPm1TPdTF8YBYw][test][11],[q75XUfcITqG3o93Z8EOFnw][test][10],[t8Mqv-hjRzqYCBodDxtrKQ][test][0],[q75XUfcITqG3o93Z8EOFnw][test][1],[q75XUfcITqG3o93Z8EOFnw][test][5],[q75XUfcITqG3o93Z8EOFnw][test][4],[q75XUfcITqG3o93Z8EOFnw][test][3],[tbUF3y2YTPm1TPdTF8YBYw][test][2],[q75XUfcITqG3o93Z8EOFnw][test][9],[q75XUfcITqG3o93Z8EOFnw][test][8],[t8Mqv-hjRzqYCBodDxtrKQ][test][7],[tbUF3y2YTPm1TPdTF8YBYw][test][6] (cluster state version: 6898)
[2014-02-18 16:00:13,457][TRACE][action.search.type       ] [node_1] Moving to second phase, based on results from: [q75XUfcITqG3o93Z8EOFnw][test][11],[t8Mqv-hjRzqYCBodDxtrKQ][test][10],[t8Mqv-hjRzqYCBodDxtrKQ][test][0],[q75XUfcITqG3o93Z8EOFnw][test][1],[t8Mqv-hjRzqYCBodDxtrKQ][test][5],[q75XUfcITqG3o93Z8EOFnw][test][4],[tbUF3y2YTPm1TPdTF8YBYw][test][3],[tbUF3y2YTPm1TPdTF8YBYw][test][2],[tbUF3y2YTPm1TPdTF8YBYw][test][9],[t8Mqv-hjRzqYCBodDxtrKQ][test][8],[q75XUfcITqG3o93Z8EOFnw][test][7],[q75XUfcITqG3o93Z8EOFnw][test][6] (cluster state version: 6898)
[2014-02-18 16:00:13,463][TRACE][action.search.type       ] [node_2] Moving to second phase, based on results from: [q75XUfcITqG3o93Z8EOFnw][test][11],[q75XUfcITqG3o93Z8EOFnw][test][10],[tbUF3y2YTPm1TPdTF8YBYw][test][0],[tbUF3y2YTPm1TPdTF8YBYw][test][1],[q75XUfcITqG3o93Z8EOFnw][test][5],[tbUF3y2YTPm1TPdTF8YBYw][test][4],[q75XUfcITqG3o93Z8EOFnw][test][3],[q75XUfcITqG3o93Z8EOFnw][test][2],[tbUF3y2YTPm1TPdTF8YBYw][test][9],[t8Mqv-hjRzqYCBodDxtrKQ][test][8],[q75XUfcITqG3o93Z8EOFnw][test][7],[tbUF3y2YTPm1TPdTF8YBYw][test][6] (cluster state version: 6898)
[2014-02-18 16:00:13,486][TRACE][action.search.type       ] [node_1] Moving to second phase, based on results from: [tbUF3y2YTPm1TPdTF8YBYw][test][11],[q75XUfcITqG3o93Z8EOFnw][test][10],[tbUF3y2YTPm1TPdTF8YBYw][test][0],[tbUF3y2YTPm1TPdTF8YBYw][test][1],[q75XUfcITqG3o93Z8EOFnw][test][5],[tbUF3y2YTPm1TPdTF8YBYw][test][4],[q75XUfcITqG3o93Z8EOFnw][test][3],[q75XUfcITqG3o93Z8EOFnw][test][2],[q75XUfcITqG3o93Z8EOFnw][test][9],[q75XUfcITqG3o93Z8EOFnw][test][8],[t8Mqv-hjRzqYCBodDxtrKQ][test][7],[tbUF3y2YTPm1TPdTF8YBYw][test][6] (cluster state version: 6898)
[2014-02-18 16:00:13,490][TRACE][action.search.type       ] [node_1] Moving to second phase, based on results from: [q75XUfcITqG3o93Z8EOFnw][test][11],[t8Mqv-hjRzqYCBodDxtrKQ][test][10],[q75XUfcITqG3o93Z8EOFnw][test][0],[q75XUfcITqG3o93Z8EOFnw][test][1],[q75XUfcITqG3o93Z8EOFnw][test][5],[tbUF3y2YTPm1TPdTF8YBYw][test][4],[tbUF3y2YTPm1TPdTF8YBYw][test][3],[tbUF3y2YTPm1TPdTF8YBYw][test][2],[q75XUfcITqG3o93Z8EOFnw][test][9],[t8Mqv-hjRzqYCBodDxtrKQ][test][8],[q75XUfcITqG3o93Z8EOFnw][test][7],[tbUF3y2YTPm1TPdTF8YBYw][test][6] (cluster state version: 6899)
[2014-02-18 16:00:13,493][TRACE][action.search.type       ] [node_2] Moving to second phase, based on results from: [tbUF3y2YTPm1TPdTF8YBYw][test][11],[q75XUfcITqG3o93Z8EOFnw][test][10],[q75XUfcITqG3o93Z8EOFnw][test][0],[tbUF3y2YTPm1TPdTF8YBYw][test][1],[t8Mqv-hjRzqYCBodDxtrKQ][test][5],[tbUF3y2YTPm1TPdTF8YBYw][test][4],[q75XUfcITqG3o93Z8EOFnw][test][3],[tbUF3y2YTPm1TPdTF8YBYw][test][2],[tbUF3y2YTPm1TPdTF8YBYw][test][9],[q75XUfcITqG3o93Z8EOFnw][test][8],[q75XUfcITqG3o93Z8EOFnw][test][7],[tbUF3y2YTPm1TPdTF8YBYw][test][6] (cluster state version: 6899)
[2014-02-18 16:00:13,503][TRACE][action.search.type       ] [node_2] Moving to second phase, based on results from: [q75XUfcITqG3o93Z8EOFnw][test][11],[t8Mqv-hjRzqYCBodDxtrKQ][test][10],[tbUF3y2YTPm1TPdTF8YBYw][test][0],[q75XUfcITqG3o93Z8EOFnw][test][1],[q75XUfcITqG3o93Z8EOFnw][test][5],[q75XUfcITqG3o93Z8EOFnw][test][4],[tbUF3y2YTPm1TPdTF8YBYw][test][3],[q75XUfcITqG3o93Z8EOFnw][test][2],[q75XUfcITqG3o93Z8EOFnw][test][9],[t8Mqv-hjRzqYCBodDxtrKQ][test][8],[t8Mqv-hjRzqYCBodDxtrKQ][test][7],[q75XUfcITqG3o93Z8EOFnw][test][6] (cluster state version: 6899)
[2014-02-18 16:00:13,505][TRACE][action.search.type       ] [node_2] Moving to second phase, based on results from: [tbUF3y2YTPm1TPdTF8YBYw][test][11],[q75XUfcITqG3o93Z8EOFnw][test][10],[q75XUfcITqG3o93Z8EOFnw][test][0],[tbUF3y2YTPm1TPdTF8YBYw][test][1],[t8Mqv-hjRzqYCBodDxtrKQ][test][5],[tbUF3y2YTPm1TPdTF8YBYw][test][4],[q75XUfcITqG3o93Z8EOFnw][test][3],[tbUF3y2YTPm1TPdTF8YBYw][test][2],[tbUF3y2YTPm1TPdTF8YBYw][test][9],[q75XUfcITqG3o93Z8EOFnw][test][8],[q75XUfcITqG3o93Z8EOFnw][test][7],[tbUF3y2YTPm1TPdTF8YBYw][test][6] (cluster state version: 6899)
[2014-02-18 16:00:13,510][TRACE][action.search.type       ] [node_2] Moving to second phase, based on results from: [q75XUfcITqG3o93Z8EOFnw][test][11],[t8Mqv-hjRzqYCBodDxtrKQ][test][10],[tbUF3y2YTPm1TPdTF8YBYw][test][0],[q75XUfcITqG3o93Z8EOFnw][test][1],[q75XUfcITqG3o93Z8EOFnw][test][5],[q75XUfcITqG3o93Z8EOFnw][test][4],[tbUF3y2YTPm1TPdTF8YBYw][test][3],[q75XUfcITqG3o93Z8EOFnw][test][2],[q75XUfcITqG3o93Z8EOFnw][test][9],[t8Mqv-hjRzqYCBodDxtrKQ][test][8],[t8Mqv-hjRzqYCBodDxtrKQ][test][7],[q75XUfcITqG3o93Z8EOFnw][test][6] (cluster state version: 6899)
[2014-02-18 16:00:13,516][TRACE][action.search.type       ] [node_0] Moving to second phase, based on results from: [q75XUfcITqG3o93Z8EOFnw][test][11],[t8Mqv-hjRzqYCBodDxtrKQ][test][10],[q75XUfcITqG3o93Z8EOFnw][test][0],[q75XUfcITqG3o93Z8EOFnw][test][1],[q75XUfcITqG3o93Z8EOFnw][test][5],[tbUF3y2YTPm1TPdTF8YBYw][test][4],[q75XUfcITqG3o93Z8EOFnw][test][3],[q75XUfcITqG3o93Z8EOFnw][test][2],[q75XUfcITqG3o93Z8EOFnw][test][9],[q75XUfcITqG3o93Z8EOFnw][test][8],[t8Mqv-hjRzqYCBodDxtrKQ][test][7],[tbUF3y2YTPm1TPdTF8YBYw][test][6] (cluster state version: 6899)
[2014-02-18 16:00:13,520][TRACE][action.search.type       ] [node_2] Moving to second phase, based on results from: [tbUF3y2YTPm1TPdTF8YBYw][test][11],[q75XUfcITqG3o93Z8EOFnw][test][10],[q75XUfcITqG3o93Z8EOFnw][test][0],[tbUF3y2YTPm1TPdTF8YBYw][test][1],[t8Mqv-hjRzqYCBodDxtrKQ][test][5],[tbUF3y2YTPm1TPdTF8YBYw][test][4],[q75XUfcITqG3o93Z8EOFnw][test][3],[tbUF3y2YTPm1TPdTF8YBYw][test][2],[tbUF3y2YTPm1TPdTF8YBYw][test][9],[q75XUfcITqG3o93Z8EOFnw][test][8],[q75XUfcITqG3o93Z8EOFnw][test][7],[tbUF3y2YTPm1TPdTF8YBYw][test][6] (cluster state version: 6899)
[2014-02-18 16:00:13,525][TRACE][action.search.type       ] [node_1] Moving to second phase, based on results from: [tbUF3y2YTPm1TPdTF8YBYw][test][11],[q75XUfcITqG3o93Z8EOFnw][test][10],[tbUF3y2YTPm1TPdTF8YBYw][test][0],[tbUF3y2YTPm1TPdTF8YBYw][test][1],[t8Mqv-hjRzqYCBodDxtrKQ][test][5],[q75XUfcITqG3o93Z8EOFnw][test][4],[q75XUfcITqG3o93Z8EOFnw][test][3],[q75XUfcITqG3o93Z8EOFnw][test][2],[tbUF3y2YTPm1TPdTF8YBYw][test][9],[q75XUfcITqG3o93Z8EOFnw][test][8],[t8Mqv-hjRzqYCBodDxtrKQ][test][7],[q75XUfcITqG3o93Z8EOFnw][test][6] (cluster state version: 6899)
[2014-02-18 16:00:13,530][TRACE][action.search.type       ] [node_0] Moving to second phase, based on results from: [tbUF3y2YTPm1TPdTF8YBYw][test][11],[q75XUfcITqG3o93Z8EOFnw][test][10],[tbUF3y2YTPm1TPdTF8YBYw][test][0],[tbUF3y2YTPm1TPdTF8YBYw][test][1],[t8Mqv-hjRzqYCBodDxtrKQ][test][5],[q75XUfcITqG3o93Z8EOFnw][test][4],[tbUF3y2YTPm1TPdTF8YBYw][test][3],[tbUF3y2YTPm1TPdTF8YBYw][test][2],[tbUF3y2YTPm1TPdTF8YBYw][test][9],[t8Mqv-hjRzqYCBodDxtrKQ][test][8],[q75XUfcITqG3o93Z8EOFnw][test][7],[q75XUfcITqG3o93Z8EOFnw][test][6] (cluster state version: 6899)
[2014-02-18 16:00:13,534][TRACE][action.search.type       ] [node_0] Moving to second phase, based on results from: [q75XUfcITqG3o93Z8EOFnw][test][11],[t8Mqv-hjRzqYCBodDxtrKQ][test][10],[q75XUfcITqG3o93Z8EOFnw][test][0],[q75XUfcITqG3o93Z8EOFnw][test][1],[q75XUfcITqG3o93Z8EOFnw][test][5],[tbUF3y2YTPm1TPdTF8YBYw][test][4],[q75XUfcITqG3o93Z8EOFnw][test][3],[q75XUfcITqG3o93Z8EOFnw][test][2],[q75XUfcITqG3o93Z8EOFnw][test][9],[q75XUfcITqG3o93Z8EOFnw][test][8],[t8Mqv-hjRzqYCBodDxtrKQ][test][7],[tbUF3y2YTPm1TPdTF8YBYw][test][6] (cluster state version: 6899)
[2014-02-18 16:00:13,539][TRACE][action.search.type       ] [node_1] Moving to second phase, based on results from: [q75XUfcITqG3o93Z8EOFnw][test][11],[t8Mqv-hjRzqYCBodDxtrKQ][test][10],[q75XUfcITqG3o93Z8EOFnw][test][0],[q75XUfcITqG3o93Z8EOFnw][test][1],[q75XUfcITqG3o93Z8EOFnw][test][5],[tbUF3y2YTPm1TPdTF8YBYw][test][4],[tbUF3y2YTPm1TPdTF8YBYw][test][3],[tbUF3y2YTPm1TPdTF8YBYw][test][2],[q75XUfcITqG3o93Z8EOFnw][test][9],[t8Mqv-hjRzqYCBodDxtrKQ][test][8],[q75XUfcITqG3o93Z8EOFnw][test][7],[tbUF3y2YTPm1TPdTF8YBYw][test][6] (cluster state version: 6899)
[2014-02-18 16:00:13,542][TRACE][action.search.type       ] [node_2] Moving to second phase, based on results from: [q75XUfcITqG3o93Z8EOFnw][test][11],[t8Mqv-hjRzqYCBodDxtrKQ][test][10],[tbUF3y2YTPm1TPdTF8YBYw][test][0],[q75XUfcITqG3o93Z8EOFnw][test][1],[q75XUfcITqG3o93Z8EOFnw][test][5],[q75XUfcITqG3o93Z8EOFnw][test][4],[tbUF3y2YTPm1TPdTF8YBYw][test][3],[q75XUfcITqG3o93Z8EOFnw][test][2],[q75XUfcITqG3o93Z8EOFnw][test][9],[t8Mqv-hjRzqYCBodDxtrKQ][test][8],[t8Mqv-hjRzqYCBodDxtrKQ][test][7],[q75XUfcITqG3o93Z8EOFnw][test][6] (cluster state version: 6899)
[2014-02-18 16:00:13,545][TRACE][action.search.type       ] [node_2] Moving to second phase, based on results from: [tbUF3y2YTPm1TPdTF8YBYw][test][11],[q75XUfcITqG3o93Z8EOFnw][test][10],[q75XUfcITqG3o93Z8EOFnw][test][0],[tbUF3y2YTPm1TPdTF8YBYw][test][1],[t8Mqv-hjRzqYCBodDxtrKQ][test][5],[tbUF3y2YTPm1TPdTF8YBYw][test][4],[q75XUfcITqG3o93Z8EOFnw][test][3],[tbUF3y2YTPm1TPdTF8YBYw][test][2],[tbUF3y2YTPm1TPdTF8YBYw][test][9],[q75XUfcITqG3o93Z8EOFnw][test][8],[q75XUfcITqG3o93Z8EOFnw][test][7],[tbUF3y2YTPm1TPdTF8YBYw][test][6] (cluster state version: 6899)
[2014-02-18 16:00:13,548][TRACE][action.search.type       ] [node_2] Moving to second phase, based on results from: [q75XUfcITqG3o93Z8EOFnw][test][11],[t8Mqv-hjRzqYCBodDxtrKQ][test][10],[tbUF3y2YTPm1TPdTF8YBYw][test][0],[q75XUfcITqG3o93Z8EOFnw][test][1],[q75XUfcITqG3o93Z8EOFnw][test][5],[q75XUfcITqG3o93Z8EOFnw][test][4],[tbUF3y2YTPm1TPdTF8YBYw][test][3],[q75XUfcITqG3o93Z8EOFnw][test][2],[q75XUfcITqG3o93Z8EOFnw][test][9],[t8Mqv-hjRzqYCBodDxtrKQ][test][8],[t8Mqv-hjRzqYCBodDxtrKQ][test][7],[q75XUfcITqG3o93Z8EOFnw][test][6] (cluster state version: 6899)
[2014-02-18 16:00:13,550][TRACE][action.search.type       ] [node_0] Moving to second phase, based on results from: [tbUF3y2YTPm1TPdTF8YBYw][test][11],[q75XUfcITqG3o93Z8EOFnw][test][10],[tbUF3y2YTPm1TPdTF8YBYw][test][0],[tbUF3y2YTPm1TPdTF8YBYw][test][1],[t8Mqv-hjRzqYCBodDxtrKQ][test][5],[q75XUfcITqG3o93Z8EOFnw][test][4],[tbUF3y2YTPm1TPdTF8YBYw][test][3],[tbUF3y2YTPm1TPdTF8YBYw][test][2],[tbUF3y2YTPm1TPdTF8YBYw][test][9],[t8Mqv-hjRzqYCBodDxtrKQ][test][8],[q75XUfcITqG3o93Z8EOFnw][test][7],[q75XUfcITqG3o93Z8EOFnw][test][6] (cluster state version: 6899)
[2014-02-18 16:00:13,554][TRACE][action.search.type       ] [node_0] Moving to second phase, based on results from: [q75XUfcITqG3o93Z8EOFnw][test][11],[t8Mqv-hjRzqYCBodDxtrKQ][test][10],[q75XUfcITqG3o93Z8EOFnw][test][0],[q75XUfcITqG3o93Z8EOFnw][test][1],[q75XUfcITqG3o93Z8EOFnw][test][5],[tbUF3y2YTPm1TPdTF8YBYw][test][4],[q75XUfcITqG3o93Z8EOFnw][test][3],[q75XUfcITqG3o93Z8EOFnw][test][2],[q75XUfcITqG3o93Z8EOFnw][test][9],[q75XUfcITqG3o93Z8EOFnw][test][8],[t8Mqv-hjRzqYCBodDxtrKQ][test][7],[tbUF3y2YTPm1TPdTF8YBYw][test][6] (cluster state version: 6899)
[2014-02-18 16:00:13,558][TRACE][action.search.type       ] [node_0] Moving to second phase, based on results from: [tbUF3y2YTPm1TPdTF8YBYw][test][11],[q75XUfcITqG3o93Z8EOFnw][test][10],[tbUF3y2YTPm1TPdTF8YBYw][test][0],[tbUF3y2YTPm1TPdTF8YBYw][test][1],[t8Mqv-hjRzqYCBodDxtrKQ][test][5],[q75XUfcITqG3o93Z8EOFnw][test][4],[tbUF3y2YTPm1TPdTF8YBYw][test][3],[tbUF3y2YTPm1TPdTF8YBYw][test][2],[tbUF3y2YTPm1TPdTF8YBYw][test][9],[t8Mqv-hjRzqYCBodDxtrKQ][test][8],[q75XUfcITqG3o93Z8EOFnw][test][7],[q75XUfcITqG3o93Z8EOFnw][test][6] (cluster state version: 6899)
[2014-02-18 16:00:13,563][TRACE][action.search.type       ] [node_1] Moving to second phase, based on results from: [tbUF3y2YTPm1TPdTF8YBYw][test][11],[q75XUfcITqG3o93Z8EOFnw][test][10],[q75XUfcITqG3o93Z8EOFnw][test][0],[q75XUfcITqG3o93Z8EOFnw][test][1],[t8Mqv-hjRzqYCBodDxtrKQ][test][5],[q75XUfcITqG3o93Z8EOFnw][test][4],[q75XUfcITqG3o93Z8EOFnw][test][3],[q75XUfcITqG3o93Z8EOFnw][test][2],[tbUF3y2YTPm1TPdTF8YBYw][test][9],[t8Mqv-hjRzqYCBodDxtrKQ][test][8],[q75XUfcITqG3o93Z8EOFnw][test][7],[tbUF3y2YTPm1TPdTF8YBYw][test][6] (cluster state version: 6900)
[2014-02-18 16:00:13,567][TRACE][action.search.type       ] [node_0] Moving to second phase, based on results from: [q75XUfcITqG3o93Z8EOFnw][test][11],[t8Mqv-hjRzqYCBodDxtrKQ][test][10],[q75XUfcITqG3o93Z8EOFnw][test][0],[q75XUfcITqG3o93Z8EOFnw][test][1],[q75XUfcITqG3o93Z8EOFnw][test][5],[tbUF3y2YTPm1TPdTF8YBYw][test][4],[q75XUfcITqG3o93Z8EOFnw][test][3],[q75XUfcITqG3o93Z8EOFnw][test][2],[q75XUfcITqG3o93Z8EOFnw][test][9],[q75XUfcITqG3o93Z8EOFnw][test][8],[t8Mqv-hjRzqYCBodDxtrKQ][test][7],[tbUF3y2YTPm1TPdTF8YBYw][test][6] (cluster state version: 6899)
[2014-02-18 16:00:13,571][TRACE][action.search.type       ] [node_2] Moving to second phase, based on results from: [q75XUfcITqG3o93Z8EOFnw][test][11],[t8Mqv-hjRzqYCBodDxtrKQ][test][10],[tbUF3y2YTPm1TPdTF8YBYw][test][0],[q75XUfcITqG3o93Z8EOFnw][test][1],[q75XUfcITqG3o93Z8EOFnw][test][5],[tbUF3y2YTPm1TPdTF8YBYw][test][4],[q75XUfcITqG3o93Z8EOFnw][test][3],[tbUF3y2YTPm1TPdTF8YBYw][test][2],[q75XUfcITqG3o93Z8EOFnw][test][9],[t8Mqv-hjRzqYCBodDxtrKQ][test][8],[q75XUfcITqG3o93Z8EOFnw][test][7],[tbUF3y2YTPm1TPdTF8YBYw][test][6] (cluster state version: 6900)
[2014-02-18 16:00:13,575][TRACE][action.search.type       ] [node_0] Moving to second phase, based on results from: [tbUF3y2YTPm1TPdTF8YBYw][test][11],[q75XUfcITqG3o93Z8EOFnw][test][10],[tbUF3y2YTPm1TPdTF8YBYw][test][0],[tbUF3y2YTPm1TPdTF8YBYw][test][1],[t8Mqv-hjRzqYCBodDxtrKQ][test][5],[q75XUfcITqG3o93Z8EOFnw][test][4],[tbUF3y2YTPm1TPdTF8YBYw][test][3],[tbUF3y2YTPm1TPdTF8YBYw][test][2],[tbUF3y2YTPm1TPdTF8YBYw][test][9],[t8Mqv-hjRzqYCBodDxtrKQ][test][8],[q75XUfcITqG3o93Z8EOFnw][test][7],[q75XUfcITqG3o93Z8EOFnw][test][6] (cluster state version: 6899)
[2014-02-18 16:00:13,580][TRACE][action.search.type       ] [node_1] Moving to second phase, based on results from: [q75XUfcITqG3o93Z8EOFnw][test][11],[t8Mqv-hjRzqYCBodDxtrKQ][test][10],[tbUF3y2YTPm1TPdTF8YBYw][test][0],[tbUF3y2YTPm1TPdTF8YBYw][test][1],[q75XUfcITqG3o93Z8EOFnw][test][5],[tbUF3y2YTPm1TPdTF8YBYw][test][4],[tbUF3y2YTPm1TPdTF8YBYw][test][3],[tbUF3y2YTPm1TPdTF8YBYw][test][2],[q75XUfcITqG3o93Z8EOFnw][test][9],[q75XUfcITqG3o93Z8EOFnw][test][8],[t8Mqv-hjRzqYCBodDxtrKQ][test][7],[q75XUfcITqG3o93Z8EOFnw][test][6] (cluster state version: 6900)
[2014-02-18 16:00:13,587][TRACE][action.search.type       ] [node_2] Moving to second phase, based on results from: [tbUF3y2YTPm1TPdTF8YBYw][test][11],[q75XUfcITqG3o93Z8EOFnw][test][10],[q75XUfcITqG3o93Z8EOFnw][test][0],[tbUF3y2YTPm1TPdTF8YBYw][test][1],[t8Mqv-hjRzqYCBodDxtrKQ][test][5],[q75XUfcITqG3o93Z8EOFnw][test][4],[tbUF3y2YTPm1TPdTF8YBYw][test][3],[q75XUfcITqG3o93Z8EOFnw][test][2],[tbUF3y2YTPm1TPdTF8YBYw][test][9],[q75XUfcITqG3o93Z8EOFnw][test][8],[t8Mqv-hjRzqYCBodDxtrKQ][test][7],[q75XUfcITqG3o93Z8EOFnw][test][6] (cluster state version: 6900)
[2014-02-18 16:00:13,592][TRACE][action.search.type       ] [node_1] Moving to second phase, based on results from: [tbUF3y2YTPm1TPdTF8YBYw][test][11],[q75XUfcITqG3o93Z8EOFnw][test][10],[q75XUfcITqG3o93Z8EOFnw][test][0],[q75XUfcITqG3o93Z8EOFnw][test][1],[t8Mqv-hjRzqYCBodDxtrKQ][test][5],[q75XUfcITqG3o93Z8EOFnw][test][4],[q75XUfcITqG3o93Z8EOFnw][test][3],[q75XUfcITqG3o93Z8EOFnw][test][2],[tbUF3y2YTPm1TPdTF8YBYw][test][9],[t8Mqv-hjRzqYCBodDxtrKQ][test][8],[q75XUfcITqG3o93Z8EOFnw][test][7],[tbUF3y2YTPm1TPdTF8YBYw][test][6] (cluster state version: 6900)
[2014-02-18 16:00:13,595][TRACE][action.search.type       ] [node_0] Moving to second phase, based on results from: [q75XUfcITqG3o93Z8EOFnw][test][11],[t8Mqv-hjRzqYCBodDxtrKQ][test][10],[q75XUfcITqG3o93Z8EOFnw][test][0],[q75XUfcITqG3o93Z8EOFnw][test][1],[q75XUfcITqG3o93Z8EOFnw][test][5],[tbUF3y2YTPm1TPdTF8YBYw][test][4],[q75XUfcITqG3o93Z8EOFnw][test][3],[q75XUfcITqG3o93Z8EOFnw][test][2],[q75XUfcITqG3o93Z8EOFnw][test][9],[q75XUfcITqG3o93Z8EOFnw][test][8],[t8Mqv-hjRzqYCBodDxtrKQ][test][7],[tbUF3y2YTPm1TPdTF8YBYw][test][6] (cluster state version: 6899)
[2014-02-18 16:00:13,601][TRACE][action.search.type       ] [node_0] Moving to second phase, based on results from: [tbUF3y2YTPm1TPdTF8YBYw][test][11],[q75XUfcITqG3o93Z8EOFnw][test][10],[tbUF3y2YTPm1TPdTF8YBYw][test][0],[tbUF3y2YTPm1TPdTF8YBYw][test][1],[t8Mqv-hjRzqYCBodDxtrKQ][test][5],[q75XUfcITqG3o93Z8EOFnw][test][4],[tbUF3y2YTPm1TPdTF8YBYw][test][3],[tbUF3y2YTPm1TPdTF8YBYw][test][2],[tbUF3y2YTPm1TPdTF8YBYw][test][9],[t8Mqv-hjRzqYCBodDxtrKQ][test][8],[t8Mqv-hjRzqYCBodDxtrKQ][test][7],[q75XUfcITqG3o93Z8EOFnw][test][6] (cluster state version: 6900)
[2014-02-18 16:00:13,604][TRACE][action.search.type       ] [node_0] Moving to second phase, based on results from: [tbUF3y2YTPm1TPdTF8YBYw][test][11],[q75XUfcITqG3o93Z8EOFnw][test][10],[q75XUfcITqG3o93Z8EOFnw][test][0],[q75XUfcITqG3o93Z8EOFnw][test][1],[q75XUfcITqG3o93Z8EOFnw][test][5],[tbUF3y2YTPm1TPdTF8YBYw][test][4],[q75XUfcITqG3o93Z8EOFnw][test][3],[q75XUfcITqG3o93Z8EOFnw][test][2],[q75XUfcITqG3o93Z8EOFnw][test][9],[q75XUfcITqG3o93Z8EOFnw][test][8],[t8Mqv-hjRzqYCBodDxtrKQ][test][7],[q75XUfcITqG3o93Z8EOFnw][test][6] (cluster state version: 6901)
[2014-02-18 16:00:13,607][TRACE][action.search.type       ] [node_2] Moving to second phase, based on results from: [tbUF3y2YTPm1TPdTF8YBYw][test][11],[q75XUfcITqG3o93Z8EOFnw][test][10],[q75XUfcITqG3o93Z8EOFnw][test][0],[q75XUfcITqG3o93Z8EOFnw][test][1],[q75XUfcITqG3o93Z8EOFnw][test][5],[tbUF3y2YTPm1TPdTF8YBYw][test][4],[q75XUfcITqG3o93Z8EOFnw][test][3],[tbUF3y2YTPm1TPdTF8YBYw][test][2],[q75XUfcITqG3o93Z8EOFnw][test][9],[q75XUfcITqG3o93Z8EOFnw][test][8],[t8Mqv-hjRzqYCBodDxtrKQ][test][7],[q75XUfcITqG3o93Z8EOFnw][test][6] (cluster state version: 6901)
[2014-02-18 16:00:13,612][TRACE][action.search.type       ] [node_1] Moving to second phase, based on results from: [q75XUfcITqG3o93Z8EOFnw][test][11],[q75XUfcITqG3o93Z8EOFnw][test][10],[q75XUfcITqG3o93Z8EOFnw][test][0],[q75XUfcITqG3o93Z8EOFnw][test][1],[t8Mqv-hjRzqYCBodDxtrKQ][test][5],[q75XUfcITqG3o93Z8EOFnw][test][4],[q75XUfcITqG3o93Z8EOFnw][test][3],[tbUF3y2YTPm1TPdTF8YBYw][test][2],[tbUF3y2YTPm1TPdTF8YBYw][test][9],[t8Mqv-hjRzqYCBodDxtrKQ][test][8],[t8Mqv-hjRzqYCBodDxtrKQ][test][7],[q75XUfcITqG3o93Z8EOFnw][test][6] (cluster state version: 6901)
[2014-02-18 16:00:13,618][TRACE][action.search.type       ] [node_2] Moving to second phase, based on results from: [q75XUfcITqG3o93Z8EOFnw][test][11],[t8Mqv-hjRzqYCBodDxtrKQ][test][10],[tbUF3y2YTPm1TPdTF8YBYw][test][0],[tbUF3y2YTPm1TPdTF8YBYw][test][1],[t8Mqv-hjRzqYCBodDxtrKQ][test][5],[q75XUfcITqG3o93Z8EOFnw][test][4],[tbUF3y2YTPm1TPdTF8YBYw][test][3],[q75XUfcITqG3o93Z8EOFnw][test][2],[tbUF3y2YTPm1TPdTF8YBYw][test][9],[t8Mqv-hjRzqYCBodDxtrKQ][test][8],[q75XUfcITqG3o93Z8EOFnw][test][7],[tbUF3y2YTPm1TPdTF8YBYw][test][6] (cluster state version: 6901)
[2014-02-18 16:00:13,620][TRACE][action.search.type       ] [node_2] Moving to second phase, based on results from: [tbUF3y2YTPm1TPdTF8YBYw][test][11],[q75XUfcITqG3o93Z8EOFnw][test][10],[q75XUfcITqG3o93Z8EOFnw][test][0],[q75XUfcITqG3o93Z8EOFnw][test][1],[q75XUfcITqG3o93Z8EOFnw][test][5],[tbUF3y2YTPm1TPdTF8YBYw][test][4],[q75XUfcITqG3o93Z8EOFnw][test][3],[tbUF3y2YTPm1TPdTF8YBYw][test][2],[q75XUfcITqG3o93Z8EOFnw][test][9],[q75XUfcITqG3o93Z8EOFnw][test][8],[t8Mqv-hjRzqYCBodDxtrKQ][test][7],[q75XUfcITqG3o93Z8EOFnw][test][6] (cluster state version: 6901)
[2014-02-18 16:00:13,624][TRACE][action.search.type       ] [node_0] Moving to second phase, based on results from: [q75XUfcITqG3o93Z8EOFnw][test][11],[t8Mqv-hjRzqYCBodDxtrKQ][test][10],[tbUF3y2YTPm1TPdTF8YBYw][test][0],[tbUF3y2YTPm1TPdTF8YBYw][test][1],[t8Mqv-hjRzqYCBodDxtrKQ][test][5],[q75XUfcITqG3o93Z8EOFnw][test][4],[tbUF3y2YTPm1TPdTF8YBYw][test][3],[tbUF3y2YTPm1TPdTF8YBYw][test][2],[tbUF3y2YTPm1TPdTF8YBYw][test][9],[t8Mqv-hjRzqYCBodDxtrKQ][test][8],[q75XUfcITqG3o93Z8EOFnw][test][7],[tbUF3y2YTPm1TPdTF8YBYw][test][6] (cluster state version: 6901)
[2014-02-18 16:00:13,627][TRACE][action.search.type       ] [node_0] Moving to second phase, based on results from: [tbUF3y2YTPm1TPdTF8YBYw][test][11],[q75XUfcITqG3o93Z8EOFnw][test][10],[q75XUfcITqG3o93Z8EOFnw][test][0],[q75XUfcITqG3o93Z8EOFnw][test][1],[q75XUfcITqG3o93Z8EOFnw][test][5],[tbUF3y2YTPm1TPdTF8YBYw][test][4],[q75XUfcITqG3o93Z8EOFnw][test][3],[q75XUfcITqG3o93Z8EOFnw][test][2],[q75XUfcITqG3o93Z8EOFnw][test][9],[q75XUfcITqG3o93Z8EOFnw][test][8],[t8Mqv-hjRzqYCBodDxtrKQ][test][7],[q75XUfcITqG3o93Z8EOFnw][test][6] (cluster state version: 6901)
[2014-02-18 16:00:13,632][TRACE][action.search.type       ] [node_2] Moving to second phase, based on results from: [q75XUfcITqG3o93Z8EOFnw][test][11],[t8Mqv-hjRzqYCBodDxtrKQ][test][10],[tbUF3y2YTPm1TPdTF8YBYw][test][0],[tbUF3y2YTPm1TPdTF8YBYw][test][1],[t8Mqv-hjRzqYCBodDxtrKQ][test][5],[q75XUfcITqG3o93Z8EOFnw][test][4],[tbUF3y2YTPm1TPdTF8YBYw][test][3],[q75XUfcITqG3o93Z8EOFnw][test][2],[tbUF3y2YTPm1TPdTF8YBYw][test][9],[t8Mqv-hjRzqYCBodDxtrKQ][test][8],[q75XUfcITqG3o93Z8EOFnw][test][7],[tbUF3y2YTPm1TPdTF8YBYw][test][6] (cluster state version: 6901)
[2014-02-18 16:00:13,641][TRACE][action.search.type       ] [node_0] Moving to second phase, based on results from: [q75XUfcITqG3o93Z8EOFnw][test][11],[t8Mqv-hjRzqYCBodDxtrKQ][test][10],[tbUF3y2YTPm1TPdTF8YBYw][test][0],[tbUF3y2YTPm1TPdTF8YBYw][test][1],[t8Mqv-hjRzqYCBodDxtrKQ][test][5],[q75XUfcITqG3o93Z8EOFnw][test][4],[tbUF3y2YTPm1TPdTF8YBYw][test][3],[tbUF3y2YTPm1TPdTF8YBYw][test][2],[tbUF3y2YTPm1TPdTF8YBYw][test][9],[t8Mqv-hjRzqYCBodDxtrKQ][test][8],[q75XUfcITqG3o93Z8EOFnw][test][7],[tbUF3y2YTPm1TPdTF8YBYw][test][6] (cluster state version: 6901)
[2014-02-18 16:00:13,646][TRACE][action.search.type       ] [node_0] Moving to second phase, based on results from: [tbUF3y2YTPm1TPdTF8YBYw][test][11],[q75XUfcITqG3o93Z8EOFnw][test][10],[q75XUfcITqG3o93Z8EOFnw][test][0],[q75XUfcITqG3o93Z8EOFnw][test][1],[q75XUfcITqG3o93Z8EOFnw][test][5],[tbUF3y2YTPm1TPdTF8YBYw][test][4],[q75XUfcITqG3o93Z8EOFnw][test][3],[q75XUfcITqG3o93Z8EOFnw][test][2],[q75XUfcITqG3o93Z8EOFnw][test][9],[q75XUfcITqG3o93Z8EOFnw][test][8],[t8Mqv-hjRzqYCBodDxtrKQ][test][7],[q75XUfcITqG3o93Z8EOFnw][test][6] (cluster state version: 6901)
[2014-02-18 16:00:13,649][TRACE][action.search.type       ] [node_2] Moving to second phase, based on results from: [tbUF3y2YTPm1TPdTF8YBYw][test][11],[q75XUfcITqG3o93Z8EOFnw][test][10],[q75XUfcITqG3o93Z8EOFnw][test][0],[q75XUfcITqG3o93Z8EOFnw][test][1],[q75XUfcITqG3o93Z8EOFnw][test][5],[tbUF3y2YTPm1TPdTF8YBYw][test][4],[q75XUfcITqG3o93Z8EOFnw][test][3],[tbUF3y2YTPm1TPdTF8YBYw][test][2],[q75XUfcITqG3o93Z8EOFnw][test][9],[q75XUfcITqG3o93Z8EOFnw][test][8],[t8Mqv-hjRzqYCBodDxtrKQ][test][7],[q75XUfcITqG3o93Z8EOFnw][test][6] (cluster state version: 6901)
[2014-02-18 16:00:13,664][TRACE][action.search.type       ] [node_2] Moving to second phase, based on results from: [q75XUfcITqG3o93Z8EOFnw][test][11],[t8Mqv-hjRzqYCBodDxtrKQ][test][10],[tbUF3y2YTPm1TPdTF8YBYw][test][0],[tbUF3y2YTPm1TPdTF8YBYw][test][1],[t8Mqv-hjRzqYCBodDxtrKQ][test][5],[q75XUfcITqG3o93Z8EOFnw][test][4],[tbUF3y2YTPm1TPdTF8YBYw][test][3],[q75XUfcITqG3o93Z8EOFnw][test][2],[tbUF3y2YTPm1TPdTF8YBYw][test][9],[t8Mqv-hjRzqYCBodDxtrKQ][test][8],[q75XUfcITqG3o93Z8EOFnw][test][7],[tbUF3y2YTPm1TPdTF8YBYw][test][6] (cluster state version: 6901)
[2014-02-18 16:00:13,670][TRACE][action.search.type       ] [node_1] Moving to second phase, based on results from: [tbUF3y2YTPm1TPdTF8YBYw][test][11],[t8Mqv-hjRzqYCBodDxtrKQ][test][10],[tbUF3y2YTPm1TPdTF8YBYw][test][0],[tbUF3y2YTPm1TPdTF8YBYw][test][1],[q75XUfcITqG3o93Z8EOFnw][test][5],[tbUF3y2YTPm1TPdTF8YBYw][test][4],[tbUF3y2YTPm1TPdTF8YBYw][test][3],[q75XUfcITqG3o93Z8EOFnw][test][2],[q75XUfcITqG3o93Z8EOFnw][test][9],[q75XUfcITqG3o93Z8EOFnw][test][8],[q75XUfcITqG3o93Z8EOFnw][test][7],[tbUF3y2YTPm1TPdTF8YBYw][test][6] (cluster state version: 6901)
[2014-02-18 16:00:13,680][TRACE][action.search.type       ] [node_0] Moving to second phase, based on results from: [q75XUfcITqG3o93Z8EOFnw][test][11],[t8Mqv-hjRzqYCBodDxtrKQ][test][10],[tbUF3y2YTPm1TPdTF8YBYw][test][0],[tbUF3y2YTPm1TPdTF8YBYw][test][1],[t8Mqv-hjRzqYCBodDxtrKQ][test][5],[q75XUfcITqG3o93Z8EOFnw][test][4],[tbUF3y2YTPm1TPdTF8YBYw][test][3],[tbUF3y2YTPm1TPdTF8YBYw][test][2],[tbUF3y2YTPm1TPdTF8YBYw][test][9],[t8Mqv-hjRzqYCBodDxtrKQ][test][8],[q75XUfcITqG3o93Z8EOFnw][test][7],[tbUF3y2YTPm1TPdTF8YBYw][test][6] (cluster state version: 6901)
[2014-02-18 16:00:13,688][TRACE][action.search.type       ] [node_1] Moving to second phase, based on results from: [q75XUfcITqG3o93Z8EOFnw][test][11],[q75XUfcITqG3o93Z8EOFnw][test][10],[q75XUfcITqG3o93Z8EOFnw][test][0],[q75XUfcITqG3o93Z8EOFnw][test][1],[t8Mqv-hjRzqYCBodDxtrKQ][test][5],[q75XUfcITqG3o93Z8EOFnw][test][4],[q75XUfcITqG3o93Z8EOFnw][test][3],[tbUF3y2YTPm1TPdTF8YBYw][test][2],[tbUF3y2YTPm1TPdTF8YBYw][test][9],[t8Mqv-hjRzqYCBodDxtrKQ][test][8],[t8Mqv-hjRzqYCBodDxtrKQ][test][7],[q75XUfcITqG3o93Z8EOFnw][test][6] (cluster state version: 6901)
[2014-02-18 16:00:13,697][TRACE][action.search.type       ] [node_2] Moving to second phase, based on results from: [tbUF3y2YTPm1TPdTF8YBYw][test][11],[q75XUfcITqG3o93Z8EOFnw][test][10],[q75XUfcITqG3o93Z8EOFnw][test][0],[q75XUfcITqG3o93Z8EOFnw][test][1],[q75XUfcITqG3o93Z8EOFnw][test][5],[tbUF3y2YTPm1TPdTF8YBYw][test][4],[q75XUfcITqG3o93Z8EOFnw][test][3],[tbUF3y2YTPm1TPdTF8YBYw][test][2],[q75XUfcITqG3o93Z8EOFnw][test][9],[q75XUfcITqG3o93Z8EOFnw][test][8],[t8Mqv-hjRzqYCBodDxtrKQ][test][7],[q75XUfcITqG3o93Z8EOFnw][test][6] (cluster state version: 6901)
[2014-02-18 16:00:13,712][TRACE][action.search.type       ] [node_2] Moving to second phase, based on results from: [q75XUfcITqG3o93Z8EOFnw][test][11],[t8Mqv-hjRzqYCBodDxtrKQ][test][10],[tbUF3y2YTPm1TPdTF8YBYw][test][0],[tbUF3y2YTPm1TPdTF8YBYw][test][1],[t8Mqv-hjRzqYCBodDxtrKQ][test][5],[q75XUfcITqG3o93Z8EOFnw][test][4],[tbUF3y2YTPm1TPdTF8YBYw][test][3],[q75XUfcITqG3o93Z8EOFnw][test][2],[tbUF3y2YTPm1TPdTF8YBYw][test][9],[t8Mqv-hjRzqYCBodDxtrKQ][test][8],[q75XUfcITqG3o93Z8EOFnw][test][7],[tbUF3y2YTPm1TPdTF8YBYw][test][6] (cluster state version: 6901)
[2014-02-18 16:00:13,719][TRACE][action.search.type       ] [node_0] [test][1], node[q75XUfcITqG3o93Z8EOFnw], relocating [t8Mqv-hjRzqYCBodDxtrKQ], [P], s[RELOCATING]: Failed to execute [org.elasticsearch.action.search.SearchRequest@20ee2711] lastShard [false]
org.elasticsearch.transport.RemoteTransportException: [node_2][inet[/10.1.10.75:9302]][search/phase/query]
Caused by: org.elasticsearch.index.IndexShardMissingException: [test][1] missing
	at org.elasticsearch.index.service.InternalIndexService.shardSafe(InternalIndexService.java:184)
	at org.elasticsearch.search.SearchService.createContext(SearchService.java:479)
	at org.elasticsearch.search.SearchService.createContext(SearchService.java:474)
	at org.elasticsearch.search.SearchService.createAndPutContext(SearchService.java:467)
	at org.elasticsearch.search.SearchService.executeQueryPhase(SearchService.java:239)
	at org.elasticsearch.search.action.SearchServiceTransportAction$SearchQueryTransportHandler.messageReceived(SearchServiceTransportAction.java:623)
	at org.elasticsearch.search.action.SearchServiceTransportAction$SearchQueryTransportHandler.messageReceived(SearchServiceTransportAction.java:612)
	at org.elasticsearch.transport.netty.MessageChannelHandler$RequestHandler.run(MessageChannelHandler.java:270)
	at java.util.concurrent.ThreadPoolExecutor.runWorker(ThreadPoolExecutor.java:1145)
	at java.util.concurrent.ThreadPoolExecutor$Worker.run(ThreadPoolExecutor.java:615)
	at java.lang.Thread.run(Thread.java:744)
[2014-02-18 16:00:13,720][TRACE][action.search.type       ] [node_0] Moving to second phase, based on results from: [tbUF3y2YTPm1TPdTF8YBYw][test][11],[q75XUfcITqG3o93Z8EOFnw][test][10],[q75XUfcITqG3o93Z8EOFnw][test][0],[tbUF3y2YTPm1TPdTF8YBYw][test][1],[q75XUfcITqG3o93Z8EOFnw][test][5],[tbUF3y2YTPm1TPdTF8YBYw][test][4],[q75XUfcITqG3o93Z8EOFnw][test][3],[q75XUfcITqG3o93Z8EOFnw][test][2],[q75XUfcITqG3o93Z8EOFnw][test][9],[q75XUfcITqG3o93Z8EOFnw][test][8],[t8Mqv-hjRzqYCBodDxtrKQ][test][7],[q75XUfcITqG3o93Z8EOFnw][test][6] (cluster state version: 6901)
[2014-02-18 16:00:13,730][TRACE][action.search.type       ] [node_1] [test][1], node[t8Mqv-hjRzqYCBodDxtrKQ], [P], s[STARTED]: Failed to execute [org.elasticsearch.action.search.SearchRequest@2fe14000] lastShard [false]
org.elasticsearch.index.shard.IllegalIndexShardStateException: [test][1] CurrentState[POST_RECOVERY] operations only allowed when started/relocated
	at org.elasticsearch.index.shard.service.InternalIndexShard.readAllowed(InternalIndexShard.java:806)
	at org.elasticsearch.index.shard.service.InternalIndexShard.acquireSearcher(InternalIndexShard.java:644)
	at org.elasticsearch.index.shard.service.InternalIndexShard.acquireSearcher(InternalIndexShard.java:639)
	at org.elasticsearch.search.SearchService.createContext(SearchService.java:483)
	at org.elasticsearch.search.SearchService.createContext(SearchService.java:474)
	at org.elasticsearch.search.SearchService.createAndPutContext(SearchService.java:467)
	at org.elasticsearch.search.SearchService.executeDfsPhase(SearchService.java:173)
	at org.elasticsearch.search.action.SearchServiceTransportAction.sendExecuteDfs(SearchServiceTransportAction.java:168)
	at org.elasticsearch.action.search.type.TransportSearchDfsQueryThenFetchAction$AsyncAction.sendExecuteFirstPhase(TransportSearchDfsQueryThenFetchAction.java:85)
	at org.elasticsearch.action.search.type.TransportSearchTypeAction$BaseAsyncAction.performFirstPhase(TransportSearchTypeAction.java:216)
	at org.elasticsearch.action.search.type.TransportSearchTypeAction$BaseAsyncAction.performFirstPhase(TransportSearchTypeAction.java:203)
	at org.elasticsearch.action.search.type.TransportSearchTypeAction$BaseAsyncAction$2.run(TransportSearchTypeAction.java:186)
	at java.util.concurrent.ThreadPoolExecutor.runWorker(ThreadPoolExecutor.java:1145)
	at java.util.concurrent.ThreadPoolExecutor$Worker.run(ThreadPoolExecutor.java:615)
	at java.lang.Thread.run(Thread.java:744)
[2014-02-18 16:00:13,731][TRACE][action.search.type       ] [node_1] Moving to second phase, based on results from: [q75XUfcITqG3o93Z8EOFnw][test][11],[t8Mqv-hjRzqYCBodDxtrKQ][test][10],[q75XUfcITqG3o93Z8EOFnw][test][0],[tbUF3y2YTPm1TPdTF8YBYw][test][1],[t8Mqv-hjRzqYCBodDxtrKQ][test][5],[tbUF3y2YTPm1TPdTF8YBYw][test][4],[tbUF3y2YTPm1TPdTF8YBYw][test][3],[tbUF3y2YTPm1TPdTF8YBYw][test][2],[tbUF3y2YTPm1TPdTF8YBYw][test][9],[q75XUfcITqG3o93Z8EOFnw][test][8],[t8Mqv-hjRzqYCBodDxtrKQ][test][7],[q75XUfcITqG3o93Z8EOFnw][test][6] (cluster state version: 6902)
[2014-02-18 16:00:13,737][TRACE][action.search.type       ] [node_1] Moving to second phase, based on results from: [tbUF3y2YTPm1TPdTF8YBYw][test][11],[q75XUfcITqG3o93Z8EOFnw][test][10],[tbUF3y2YTPm1TPdTF8YBYw][test][0],[tbUF3y2YTPm1TPdTF8YBYw][test][1],[q75XUfcITqG3o93Z8EOFnw][test][5],[q75XUfcITqG3o93Z8EOFnw][test][4],[q75XUfcITqG3o93Z8EOFnw][test][3],[q75XUfcITqG3o93Z8EOFnw][test][2],[q75XUfcITqG3o93Z8EOFnw][test][9],[t8Mqv-hjRzqYCBodDxtrKQ][test][8],[q75XUfcITqG3o93Z8EOFnw][test][7],[tbUF3y2YTPm1TPdTF8YBYw][test][6] (cluster state version: 6902)
[2014-02-18 16:00:13,740][TRACE][action.search.type       ] [node_1] [test][1], node[t8Mqv-hjRzqYCBodDxtrKQ], [P], s[STARTED]: Failed to execute [org.elasticsearch.action.search.SearchRequest@6a38e418] lastShard [false]
org.elasticsearch.index.shard.IllegalIndexShardStateException: [test][1] CurrentState[POST_RECOVERY] operations only allowed when started/relocated
	at org.elasticsearch.index.shard.service.InternalIndexShard.readAllowed(InternalIndexShard.java:806)
	at org.elasticsearch.index.shard.service.InternalIndexShard.acquireSearcher(InternalIndexShard.java:644)
	at org.elasticsearch.index.shard.service.InternalIndexShard.acquireSearcher(InternalIndexShard.java:639)
	at org.elasticsearch.search.SearchService.createContext(SearchService.java:483)
	at org.elasticsearch.search.SearchService.createContext(SearchService.java:474)
	at org.elasticsearch.search.SearchService.createAndPutContext(SearchService.java:467)
	at org.elasticsearch.search.SearchService.executeQueryPhase(SearchService.java:239)
	at org.elasticsearch.search.action.SearchServiceTransportAction.sendExecuteQuery(SearchServiceTransportAction.java:202)
	at org.elasticsearch.action.search.type.TransportSearchQueryThenFetchAction$AsyncAction.sendExecuteFirstPhase(TransportSearchQueryThenFetchAction.java:80)
	at org.elasticsearch.action.search.type.TransportSearchTypeAction$BaseAsyncAction.performFirstPhase(TransportSearchTypeAction.java:216)
	at org.elasticsearch.action.search.type.TransportSearchTypeAction$BaseAsyncAction.performFirstPhase(TransportSearchTypeAction.java:203)
	at org.elasticsearch.action.search.type.TransportSearchTypeAction$BaseAsyncAction$2.run(TransportSearchTypeAction.java:186)
	at java.util.concurrent.ThreadPoolExecutor.runWorker(ThreadPoolExecutor.java:1145)
	at java.util.concurrent.ThreadPoolExecutor$Worker.run(ThreadPoolExecutor.java:615)
	at java.lang.Thread.run(Thread.java:744)
[2014-02-18 16:00:13,743][TRACE][action.search.type       ] [node_1] Moving to second phase, based on results from: [q75XUfcITqG3o93Z8EOFnw][test][11],[t8Mqv-hjRzqYCBodDxtrKQ][test][10],[q75XUfcITqG3o93Z8EOFnw][test][0],[tbUF3y2YTPm1TPdTF8YBYw][test][1],[t8Mqv-hjRzqYCBodDxtrKQ][test][5],[tbUF3y2YTPm1TPdTF8YBYw][test][4],[tbUF3y2YTPm1TPdTF8YBYw][test][3],[tbUF3y2YTPm1TPdTF8YBYw][test][2],[tbUF3y2YTPm1TPdTF8YBYw][test][9],[q75XUfcITqG3o93Z8EOFnw][test][8],[t8Mqv-hjRzqYCBodDxtrKQ][test][7],[q75XUfcITqG3o93Z8EOFnw][test][6] (cluster state version: 6902)
[2014-02-18 16:00:13,766][TRACE][action.search.type       ] [node_0] Moving to second phase, based on results from: [q75XUfcITqG3o93Z8EOFnw][test][11],[q75XUfcITqG3o93Z8EOFnw][test][10],[q75XUfcITqG3o93Z8EOFnw][test][0],[tbUF3y2YTPm1TPdTF8YBYw][test][1],[q75XUfcITqG3o93Z8EOFnw][test][5],[q75XUfcITqG3o93Z8EOFnw][test][4],[q75XUfcITqG3o93Z8EOFnw][test][3],[q75XUfcITqG3o93Z8EOFnw][test][2],[tbUF3y2YTPm1TPdTF8YBYw][test][9],[q75XUfcITqG3o93Z8EOFnw][test][8],[t8Mqv-hjRzqYCBodDxtrKQ][test][7],[tbUF3y2YTPm1TPdTF8YBYw][test][6] (cluster state version: 6902)
[2014-02-18 16:00:13,770][TRACE][action.search.type       ] [node_0] Moving to second phase, based on results from: [tbUF3y2YTPm1TPdTF8YBYw][test][11],[t8Mqv-hjRzqYCBodDxtrKQ][test][10],[tbUF3y2YTPm1TPdTF8YBYw][test][0],[t8Mqv-hjRzqYCBodDxtrKQ][test][1],[t8Mqv-hjRzqYCBodDxtrKQ][test][5],[tbUF3y2YTPm1TPdTF8YBYw][test][4],[tbUF3y2YTPm1TPdTF8YBYw][test][3],[tbUF3y2YTPm1TPdTF8YBYw][test][2],[q75XUfcITqG3o93Z8EOFnw][test][9],[t8Mqv-hjRzqYCBodDxtrKQ][test][8],[q75XUfcITqG3o93Z8EOFnw][test][7],[q75XUfcITqG3o93Z8EOFnw][test][6] (cluster state version: 6902)
[2014-02-18 16:00:13,772][TRACE][action.search.type       ] [node_0] Moving to second phase, based on results from: [q75XUfcITqG3o93Z8EOFnw][test][11],[q75XUfcITqG3o93Z8EOFnw][test][10],[q75XUfcITqG3o93Z8EOFnw][test][0],[tbUF3y2YTPm1TPdTF8YBYw][test][1],[q75XUfcITqG3o93Z8EOFnw][test][5],[q75XUfcITqG3o93Z8EOFnw][test][4],[q75XUfcITqG3o93Z8EOFnw][test][3],[q75XUfcITqG3o93Z8EOFnw][test][2],[tbUF3y2YTPm1TPdTF8YBYw][test][9],[q75XUfcITqG3o93Z8EOFnw][test][8],[t8Mqv-hjRzqYCBodDxtrKQ][test][7],[tbUF3y2YTPm1TPdTF8YBYw][test][6] (cluster state version: 6902)
[2014-02-18 16:00:13,775][TRACE][action.search.type       ] [node_2] Moving to second phase, based on results from: [tbUF3y2YTPm1TPdTF8YBYw][test][11],[t8Mqv-hjRzqYCBodDxtrKQ][test][10],[tbUF3y2YTPm1TPdTF8YBYw][test][0],[t8Mqv-hjRzqYCBodDxtrKQ][test][1],[q75XUfcITqG3o93Z8EOFnw][test][5],[tbUF3y2YTPm1TPdTF8YBYw][test][4],[q75XUfcITqG3o93Z8EOFnw][test][3],[q75XUfcITqG3o93Z8EOFnw][test][2],[tbUF3y2YTPm1TPdTF8YBYw][test][9],[t8Mqv-hjRzqYCBodDxtrKQ][test][8],[t8Mqv-hjRzqYCBodDxtrKQ][test][7],[q75XUfcITqG3o93Z8EOFnw][test][6] (cluster state version: 6903)
[2014-02-18 16:00:13,780][TRACE][action.search.type       ] [node_0] Moving to second phase, based on results from: [tbUF3y2YTPm1TPdTF8YBYw][test][11],[t8Mqv-hjRzqYCBodDxtrKQ][test][10],[tbUF3y2YTPm1TPdTF8YBYw][test][0],[t8Mqv-hjRzqYCBodDxtrKQ][test][1],[t8Mqv-hjRzqYCBodDxtrKQ][test][5],[tbUF3y2YTPm1TPdTF8YBYw][test][4],[tbUF3y2YTPm1TPdTF8YBYw][test][3],[tbUF3y2YTPm1TPdTF8YBYw][test][2],[q75XUfcITqG3o93Z8EOFnw][test][9],[t8Mqv-hjRzqYCBodDxtrKQ][test][8],[q75XUfcITqG3o93Z8EOFnw][test][7],[q75XUfcITqG3o93Z8EOFnw][test][6] (cluster state version: 6902)
[2014-02-18 16:00:13,787][TRACE][action.search.type       ] [node_0] [test][0], node[q75XUfcITqG3o93Z8EOFnw], relocating [t8Mqv-hjRzqYCBodDxtrKQ], [P], s[RELOCATING]: Failed to execute [org.elasticsearch.action.search.SearchRequest@4bd65727] lastShard [false]
org.elasticsearch.transport.RemoteTransportException: [node_2][inet[/10.1.10.75:9302]][search/phase/query]
Caused by: org.elasticsearch.index.IndexShardMissingException: [test][0] missing
	at org.elasticsearch.index.service.InternalIndexService.shardSafe(InternalIndexService.java:184)
	at org.elasticsearch.search.SearchService.createContext(SearchService.java:479)
	at org.elasticsearch.search.SearchService.createContext(SearchService.java:474)
	at org.elasticsearch.search.SearchService.createAndPutContext(SearchService.java:467)
	at org.elasticsearch.search.SearchService.executeQueryPhase(SearchService.java:239)
	at org.elasticsearch.search.action.SearchServiceTransportAction$SearchQueryTransportHandler.messageReceived(SearchServiceTransportAction.java:623)
	at org.elasticsearch.search.action.SearchServiceTransportAction$SearchQueryTransportHandler.messageReceived(SearchServiceTransportAction.java:612)
	at org.elasticsearch.transport.netty.MessageChannelHandler$RequestHandler.run(MessageChannelHandler.java:270)
	at java.util.concurrent.ThreadPoolExecutor.runWorker(ThreadPoolExecutor.java:1145)
	at java.util.concurrent.ThreadPoolExecutor$Worker.run(ThreadPoolExecutor.java:615)
	at java.lang.Thread.run(Thread.java:744)
[2014-02-18 16:00:13,788][TRACE][action.search.type       ] [node_0] Moving to second phase, based on results from: [q75XUfcITqG3o93Z8EOFnw][test][11],[q75XUfcITqG3o93Z8EOFnw][test][10],[tbUF3y2YTPm1TPdTF8YBYw][test][0],[tbUF3y2YTPm1TPdTF8YBYw][test][1],[q75XUfcITqG3o93Z8EOFnw][test][5],[q75XUfcITqG3o93Z8EOFnw][test][4],[q75XUfcITqG3o93Z8EOFnw][test][3],[q75XUfcITqG3o93Z8EOFnw][test][2],[tbUF3y2YTPm1TPdTF8YBYw][test][9],[q75XUfcITqG3o93Z8EOFnw][test][8],[t8Mqv-hjRzqYCBodDxtrKQ][test][7],[tbUF3y2YTPm1TPdTF8YBYw][test][6] (cluster state version: 6902)
[2014-02-18 16:00:13,792][TRACE][action.search.type       ] [node_0] Moving to second phase, based on results from: [tbUF3y2YTPm1TPdTF8YBYw][test][11],[t8Mqv-hjRzqYCBodDxtrKQ][test][10],[tbUF3y2YTPm1TPdTF8YBYw][test][0],[t8Mqv-hjRzqYCBodDxtrKQ][test][1],[t8Mqv-hjRzqYCBodDxtrKQ][test][5],[tbUF3y2YTPm1TPdTF8YBYw][test][4],[tbUF3y2YTPm1TPdTF8YBYw][test][3],[tbUF3y2YTPm1TPdTF8YBYw][test][2],[q75XUfcITqG3o93Z8EOFnw][test][9],[t8Mqv-hjRzqYCBodDxtrKQ][test][8],[q75XUfcITqG3o93Z8EOFnw][test][7],[q75XUfcITqG3o93Z8EOFnw][test][6] (cluster state version: 6902)
[2014-02-18 16:00:13,798][TRACE][action.search.type       ] [node_0] [test][0], node[q75XUfcITqG3o93Z8EOFnw], relocating [t8Mqv-hjRzqYCBodDxtrKQ], [P], s[RELOCATING]: Failed to execute [org.elasticsearch.action.search.SearchRequest@6c2ccf0d] lastShard [false]
org.elasticsearch.transport.RemoteTransportException: [node_2][inet[/10.1.10.75:9302]][search/phase/query]
Caused by: org.elasticsearch.index.IndexShardMissingException: [test][0] missing
	at org.elasticsearch.index.service.InternalIndexService.shardSafe(InternalIndexService.java:184)
	at org.elasticsearch.search.SearchService.createContext(SearchService.java:479)
	at org.elasticsearch.search.SearchService.createContext(SearchService.java:474)
	at org.elasticsearch.search.SearchService.createAndPutContext(SearchService.java:467)
	at org.elasticsearch.search.SearchService.executeQueryPhase(SearchService.java:239)
	at org.elasticsearch.search.action.SearchServiceTransportAction$SearchQueryTransportHandler.messageReceived(SearchServiceTransportAction.java:623)
	at org.elasticsearch.search.action.SearchServiceTransportAction$SearchQueryTransportHandler.messageReceived(SearchServiceTransportAction.java:612)
	at org.elasticsearch.transport.netty.MessageChannelHandler$RequestHandler.run(MessageChannelHandler.java:270)
	at java.util.concurrent.ThreadPoolExecutor.runWorker(ThreadPoolExecutor.java:1145)
	at java.util.concurrent.ThreadPoolExecutor$Worker.run(ThreadPoolExecutor.java:615)
	at java.lang.Thread.run(Thread.java:744)
[2014-02-18 16:00:13,799][TRACE][action.search.type       ] [node_0] Moving to second phase, based on results from: [q75XUfcITqG3o93Z8EOFnw][test][11],[q75XUfcITqG3o93Z8EOFnw][test][10],[tbUF3y2YTPm1TPdTF8YBYw][test][0],[tbUF3y2YTPm1TPdTF8YBYw][test][1],[q75XUfcITqG3o93Z8EOFnw][test][5],[q75XUfcITqG3o93Z8EOFnw][test][4],[q75XUfcITqG3o93Z8EOFnw][test][3],[q75XUfcITqG3o93Z8EOFnw][test][2],[tbUF3y2YTPm1TPdTF8YBYw][test][9],[q75XUfcITqG3o93Z8EOFnw][test][8],[t8Mqv-hjRzqYCBodDxtrKQ][test][7],[tbUF3y2YTPm1TPdTF8YBYw][test][6] (cluster state version: 6902)
[2014-02-18 16:00:13,802][TRACE][action.search.type       ] [node_1] Moving to second phase, based on results from: [tbUF3y2YTPm1TPdTF8YBYw][test][11],[t8Mqv-hjRzqYCBodDxtrKQ][test][10],[tbUF3y2YTPm1TPdTF8YBYw][test][0],[tbUF3y2YTPm1TPdTF8YBYw][test][1],[q75XUfcITqG3o93Z8EOFnw][test][5],[tbUF3y2YTPm1TPdTF8YBYw][test][4],[tbUF3y2YTPm1TPdTF8YBYw][test][3],[q75XUfcITqG3o93Z8EOFnw][test][2],[q75XUfcITqG3o93Z8EOFnw][test][9],[q75XUfcITqG3o93Z8EOFnw][test][8],[t8Mqv-hjRzqYCBodDxtrKQ][test][7],[tbUF3y2YTPm1TPdTF8YBYw][test][6] (cluster state version: 6903)
[2014-02-18 16:00:13,808][TRACE][action.search.type       ] [node_1] Moving to second phase, based on results from: [q75XUfcITqG3o93Z8EOFnw][test][11],[q75XUfcITqG3o93Z8EOFnw][test][10],[t8Mqv-hjRzqYCBodDxtrKQ][test][0],[t8Mqv-hjRzqYCBodDxtrKQ][test][1],[t8Mqv-hjRzqYCBodDxtrKQ][test][5],[q75XUfcITqG3o93Z8EOFnw][test][4],[q75XUfcITqG3o93Z8EOFnw][test][3],[tbUF3y2YTPm1TPdTF8YBYw][test][2],[tbUF3y2YTPm1TPdTF8YBYw][test][9],[t8Mqv-hjRzqYCBodDxtrKQ][test][8],[q75XUfcITqG3o93Z8EOFnw][test][7],[q75XUfcITqG3o93Z8EOFnw][test][6] (cluster state version: 6903)
[2014-02-18 16:00:13,811][TRACE][action.search.type       ] [node_0] Moving to second phase, based on results from: [q75XUfcITqG3o93Z8EOFnw][test][11],[t8Mqv-hjRzqYCBodDxtrKQ][test][10],[tbUF3y2YTPm1TPdTF8YBYw][test][0],[t8Mqv-hjRzqYCBodDxtrKQ][test][1],[t8Mqv-hjRzqYCBodDxtrKQ][test][5],[tbUF3y2YTPm1TPdTF8YBYw][test][4],[q75XUfcITqG3o93Z8EOFnw][test][3],[q75XUfcITqG3o93Z8EOFnw][test][2],[tbUF3y2YTPm1TPdTF8YBYw][test][9],[t8Mqv-hjRzqYCBodDxtrKQ][test][8],[q75XUfcITqG3o93Z8EOFnw][test][7],[tbUF3y2YTPm1TPdTF8YBYw][test][6] (cluster state version: 6903)
[2014-02-18 16:00:13,814][TRACE][action.search.type       ] [node_0] Moving to second phase, based on results from: [tbUF3y2YTPm1TPdTF8YBYw][test][11],[q75XUfcITqG3o93Z8EOFnw][test][10],[t8Mqv-hjRzqYCBodDxtrKQ][test][0],[tbUF3y2YTPm1TPdTF8YBYw][test][1],[q75XUfcITqG3o93Z8EOFnw][test][5],[q75XUfcITqG3o93Z8EOFnw][test][4],[tbUF3y2YTPm1TPdTF8YBYw][test][3],[tbUF3y2YTPm1TPdTF8YBYw][test][2],[q75XUfcITqG3o93Z8EOFnw][test][9],[q75XUfcITqG3o93Z8EOFnw][test][8],[t8Mqv-hjRzqYCBodDxtrKQ][test][7],[q75XUfcITqG3o93Z8EOFnw][test][6] (cluster state version: 6903)
[2014-02-18 16:00:13,818][TRACE][action.search.type       ] [node_2] Moving to second phase, based on results from: [q75XUfcITqG3o93Z8EOFnw][test][11],[q75XUfcITqG3o93Z8EOFnw][test][10],[t8Mqv-hjRzqYCBodDxtrKQ][test][0],[tbUF3y2YTPm1TPdTF8YBYw][test][1],[t8Mqv-hjRzqYCBodDxtrKQ][test][5],[q75XUfcITqG3o93Z8EOFnw][test][4],[tbUF3y2YTPm1TPdTF8YBYw][test][3],[tbUF3y2YTPm1TPdTF8YBYw][test][2],[q75XUfcITqG3o93Z8EOFnw][test][9],[q75XUfcITqG3o93Z8EOFnw][test][8],[q75XUfcITqG3o93Z8EOFnw][test][7],[tbUF3y2YTPm1TPdTF8YBYw][test][6] (cluster state version: 6903)
[2014-02-18 16:00:13,822][TRACE][action.search.type       ] [node_2] Moving to second phase, based on results from: [tbUF3y2YTPm1TPdTF8YBYw][test][11],[t8Mqv-hjRzqYCBodDxtrKQ][test][10],[tbUF3y2YTPm1TPdTF8YBYw][test][0],[t8Mqv-hjRzqYCBodDxtrKQ][test][1],[q75XUfcITqG3o93Z8EOFnw][test][5],[tbUF3y2YTPm1TPdTF8YBYw][test][4],[q75XUfcITqG3o93Z8EOFnw][test][3],[q75XUfcITqG3o93Z8EOFnw][test][2],[tbUF3y2YTPm1TPdTF8YBYw][test][9],[t8Mqv-hjRzqYCBodDxtrKQ][test][8],[t8Mqv-hjRzqYCBodDxtrKQ][test][7],[q75XUfcITqG3o93Z8EOFnw][test][6] (cluster state version: 6903)
[2014-02-18 16:00:13,829][TRACE][action.search.type       ] [node_0] Moving to second phase, based on results from: [q75XUfcITqG3o93Z8EOFnw][test][11],[t8Mqv-hjRzqYCBodDxtrKQ][test][10],[tbUF3y2YTPm1TPdTF8YBYw][test][0],[t8Mqv-hjRzqYCBodDxtrKQ][test][1],[t8Mqv-hjRzqYCBodDxtrKQ][test][5],[tbUF3y2YTPm1TPdTF8YBYw][test][4],[q75XUfcITqG3o93Z8EOFnw][test][3],[q75XUfcITqG3o93Z8EOFnw][test][2],[tbUF3y2YTPm1TPdTF8YBYw][test][9],[t8Mqv-hjRzqYCBodDxtrKQ][test][8],[q75XUfcITqG3o93Z8EOFnw][test][7],[tbUF3y2YTPm1TPdTF8YBYw][test][6] (cluster state version: 6903)
[2014-02-18 16:00:13,836][TRACE][action.search.type       ] [node_0] Moving to second phase, based on results from: [tbUF3y2YTPm1TPdTF8YBYw][test][11],[q75XUfcITqG3o93Z8EOFnw][test][10],[t8Mqv-hjRzqYCBodDxtrKQ][test][0],[tbUF3y2YTPm1TPdTF8YBYw][test][1],[q75XUfcITqG3o93Z8EOFnw][test][5],[q75XUfcITqG3o93Z8EOFnw][test][4],[tbUF3y2YTPm1TPdTF8YBYw][test][3],[tbUF3y2YTPm1TPdTF8YBYw][test][2],[q75XUfcITqG3o93Z8EOFnw][test][9],[q75XUfcITqG3o93Z8EOFnw][test][8],[t8Mqv-hjRzqYCBodDxtrKQ][test][7],[q75XUfcITqG3o93Z8EOFnw][test][6] (cluster state version: 6903)
[2014-02-18 16:00:13,841][TRACE][action.search.type       ] [node_1] Moving to second phase, based on results from: [tbUF3y2YTPm1TPdTF8YBYw][test][11],[t8Mqv-hjRzqYCBodDxtrKQ][test][10],[tbUF3y2YTPm1TPdTF8YBYw][test][0],[tbUF3y2YTPm1TPdTF8YBYw][test][1],[q75XUfcITqG3o93Z8EOFnw][test][5],[tbUF3y2YTPm1TPdTF8YBYw][test][4],[tbUF3y2YTPm1TPdTF8YBYw][test][3],[q75XUfcITqG3o93Z8EOFnw][test][2],[q75XUfcITqG3o93Z8EOFnw][test][9],[q75XUfcITqG3o93Z8EOFnw][test][8],[t8Mqv-hjRzqYCBodDxtrKQ][test][7],[tbUF3y2YTPm1TPdTF8YBYw][test][6] (cluster state version: 6903)
[2014-02-18 16:00:13,849][TRACE][action.search.type       ] [node_0] Moving to second phase, based on results from: [q75XUfcITqG3o93Z8EOFnw][test][11],[t8Mqv-hjRzqYCBodDxtrKQ][test][10],[tbUF3y2YTPm1TPdTF8YBYw][test][0],[t8Mqv-hjRzqYCBodDxtrKQ][test][1],[t8Mqv-hjRzqYCBodDxtrKQ][test][5],[tbUF3y2YTPm1TPdTF8YBYw][test][4],[q75XUfcITqG3o93Z8EOFnw][test][3],[q75XUfcITqG3o93Z8EOFnw][test][2],[tbUF3y2YTPm1TPdTF8YBYw][test][9],[t8Mqv-hjRzqYCBodDxtrKQ][test][8],[q75XUfcITqG3o93Z8EOFnw][test][7],[tbUF3y2YTPm1TPdTF8YBYw][test][6] (cluster state version: 6903)
[2014-02-18 16:00:13,853][TRACE][action.search.type       ] [node_0] Moving to second phase, based on results from: [tbUF3y2YTPm1TPdTF8YBYw][test][11],[q75XUfcITqG3o93Z8EOFnw][test][10],[t8Mqv-hjRzqYCBodDxtrKQ][test][0],[tbUF3y2YTPm1TPdTF8YBYw][test][1],[q75XUfcITqG3o93Z8EOFnw][test][5],[q75XUfcITqG3o93Z8EOFnw][test][4],[tbUF3y2YTPm1TPdTF8YBYw][test][3],[tbUF3y2YTPm1TPdTF8YBYw][test][2],[q75XUfcITqG3o93Z8EOFnw][test][9],[q75XUfcITqG3o93Z8EOFnw][test][8],[t8Mqv-hjRzqYCBodDxtrKQ][test][7],[q75XUfcITqG3o93Z8EOFnw][test][6] (cluster state version: 6903)
[2014-02-18 16:00:13,859][TRACE][action.search.type       ] [node_2] Moving to second phase, based on results from: [q75XUfcITqG3o93Z8EOFnw][test][11],[q75XUfcITqG3o93Z8EOFnw][test][10],[t8Mqv-hjRzqYCBodDxtrKQ][test][0],[tbUF3y2YTPm1TPdTF8YBYw][test][1],[t8Mqv-hjRzqYCBodDxtrKQ][test][5],[q75XUfcITqG3o93Z8EOFnw][test][4],[tbUF3y2YTPm1TPdTF8YBYw][test][3],[tbUF3y2YTPm1TPdTF8YBYw][test][2],[q75XUfcITqG3o93Z8EOFnw][test][9],[q75XUfcITqG3o93Z8EOFnw][test][8],[q75XUfcITqG3o93Z8EOFnw][test][7],[tbUF3y2YTPm1TPdTF8YBYw][test][6] (cluster state version: 6903)
[2014-02-18 16:00:13,863][TRACE][action.search.type       ] [node_0] Moving to second phase, based on results from: [q75XUfcITqG3o93Z8EOFnw][test][11],[t8Mqv-hjRzqYCBodDxtrKQ][test][10],[tbUF3y2YTPm1TPdTF8YBYw][test][0],[t8Mqv-hjRzqYCBodDxtrKQ][test][1],[t8Mqv-hjRzqYCBodDxtrKQ][test][5],[tbUF3y2YTPm1TPdTF8YBYw][test][4],[q75XUfcITqG3o93Z8EOFnw][test][3],[q75XUfcITqG3o93Z8EOFnw][test][2],[tbUF3y2YTPm1TPdTF8YBYw][test][9],[t8Mqv-hjRzqYCBodDxtrKQ][test][8],[q75XUfcITqG3o93Z8EOFnw][test][7],[tbUF3y2YTPm1TPdTF8YBYw][test][6] (cluster state version: 6903)
[2014-02-18 16:00:13,866][TRACE][action.search.type       ] [node_1] Moving to second phase, based on results from: [tbUF3y2YTPm1TPdTF8YBYw][test][11],[t8Mqv-hjRzqYCBodDxtrKQ][test][10],[tbUF3y2YTPm1TPdTF8YBYw][test][0],[tbUF3y2YTPm1TPdTF8YBYw][test][1],[q75XUfcITqG3o93Z8EOFnw][test][5],[q75XUfcITqG3o93Z8EOFnw][test][4],[tbUF3y2YTPm1TPdTF8YBYw][test][3],[tbUF3y2YTPm1TPdTF8YBYw][test][2],[q75XUfcITqG3o93Z8EOFnw][test][9],[q75XUfcITqG3o93Z8EOFnw][test][8],[t8Mqv-hjRzqYCBodDxtrKQ][test][7],[tbUF3y2YTPm1TPdTF8YBYw][test][6] (cluster state version: 6904)
[2014-02-18 16:00:13,870][TRACE][action.search.type       ] [node_2] Moving to second phase, based on results from: [tbUF3y2YTPm1TPdTF8YBYw][test][11],[q75XUfcITqG3o93Z8EOFnw][test][10],[t8Mqv-hjRzqYCBodDxtrKQ][test][0],[tbUF3y2YTPm1TPdTF8YBYw][test][1],[t8Mqv-hjRzqYCBodDxtrKQ][test][5],[q75XUfcITqG3o93Z8EOFnw][test][4],[q75XUfcITqG3o93Z8EOFnw][test][3],[tbUF3y2YTPm1TPdTF8YBYw][test][2],[q75XUfcITqG3o93Z8EOFnw][test][9],[q75XUfcITqG3o93Z8EOFnw][test][8],[t8Mqv-hjRzqYCBodDxtrKQ][test][7],[tbUF3y2YTPm1TPdTF8YBYw][test][6] (cluster state version: 6904)
[2014-02-18 16:00:13,874][TRACE][action.search.type       ] [node_1] Moving to second phase, based on results from: [q75XUfcITqG3o93Z8EOFnw][test][11],[q75XUfcITqG3o93Z8EOFnw][test][10],[t8Mqv-hjRzqYCBodDxtrKQ][test][0],[t8Mqv-hjRzqYCBodDxtrKQ][test][1],[t8Mqv-hjRzqYCBodDxtrKQ][test][5],[tbUF3y2YTPm1TPdTF8YBYw][test][4],[q75XUfcITqG3o93Z8EOFnw][test][3],[t8Mqv-hjRzqYCBodDxtrKQ][test][2],[tbUF3y2YTPm1TPdTF8YBYw][test][9],[t8Mqv-hjRzqYCBodDxtrKQ][test][8],[q75XUfcITqG3o93Z8EOFnw][test][7],[q75XUfcITqG3o93Z8EOFnw][test][6] (cluster state version: 6904)
[2014-02-18 16:00:13,879][TRACE][action.search.type       ] [node_1] Moving to second phase, based on results from: [tbUF3y2YTPm1TPdTF8YBYw][test][11],[t8Mqv-hjRzqYCBodDxtrKQ][test][10],[tbUF3y2YTPm1TPdTF8YBYw][test][0],[tbUF3y2YTPm1TPdTF8YBYw][test][1],[q75XUfcITqG3o93Z8EOFnw][test][5],[q75XUfcITqG3o93Z8EOFnw][test][4],[tbUF3y2YTPm1TPdTF8YBYw][test][3],[tbUF3y2YTPm1TPdTF8YBYw][test][2],[q75XUfcITqG3o93Z8EOFnw][test][9],[q75XUfcITqG3o93Z8EOFnw][test][8],[t8Mqv-hjRzqYCBodDxtrKQ][test][7],[tbUF3y2YTPm1TPdTF8YBYw][test][6] (cluster state version: 6904)
[2014-02-18 16:00:13,882][TRACE][action.search.type       ] [node_0] Moving to second phase, based on results from: [tbUF3y2YTPm1TPdTF8YBYw][test][11],[t8Mqv-hjRzqYCBodDxtrKQ][test][10],[tbUF3y2YTPm1TPdTF8YBYw][test][0],[t8Mqv-hjRzqYCBodDxtrKQ][test][1],[q75XUfcITqG3o93Z8EOFnw][test][5],[q75XUfcITqG3o93Z8EOFnw][test][4],[tbUF3y2YTPm1TPdTF8YBYw][test][3],[tbUF3y2YTPm1TPdTF8YBYw][test][2],[q75XUfcITqG3o93Z8EOFnw][test][9],[q75XUfcITqG3o93Z8EOFnw][test][8],[t8Mqv-hjRzqYCBodDxtrKQ][test][7],[q75XUfcITqG3o93Z8EOFnw][test][6] (cluster state version: 6904)
[2014-02-18 16:00:13,886][TRACE][action.search.type       ] [node_1] Moving to second phase, based on results from: [q75XUfcITqG3o93Z8EOFnw][test][11],[q75XUfcITqG3o93Z8EOFnw][test][10],[t8Mqv-hjRzqYCBodDxtrKQ][test][0],[t8Mqv-hjRzqYCBodDxtrKQ][test][1],[t8Mqv-hjRzqYCBodDxtrKQ][test][5],[tbUF3y2YTPm1TPdTF8YBYw][test][4],[q75XUfcITqG3o93Z8EOFnw][test][3],[t8Mqv-hjRzqYCBodDxtrKQ][test][2],[tbUF3y2YTPm1TPdTF8YBYw][test][9],[t8Mqv-hjRzqYCBodDxtrKQ][test][8],[q75XUfcITqG3o93Z8EOFnw][test][7],[q75XUfcITqG3o93Z8EOFnw][test][6] (cluster state version: 6904)
[2014-02-18 16:00:13,889][TRACE][action.search.type       ] [node_1] Moving to second phase, based on results from: [tbUF3y2YTPm1TPdTF8YBYw][test][11],[t8Mqv-hjRzqYCBodDxtrKQ][test][10],[t8Mqv-hjRzqYCBodDxtrKQ][test][0],[tbUF3y2YTPm1TPdTF8YBYw][test][1],[t8Mqv-hjRzqYCBodDxtrKQ][test][5],[tbUF3y2YTPm1TPdTF8YBYw][test][4],[t8Mqv-hjRzqYCBodDxtrKQ][test][3],[t8Mqv-hjRzqYCBodDxtrKQ][test][2],[tbUF3y2YTPm1TPdTF8YBYw][test][9],[t8Mqv-hjRzqYCBodDxtrKQ][test][8],[t8Mqv-hjRzqYCBodDxtrKQ][test][7],[tbUF3y2YTPm1TPdTF8YBYw][test][6] (cluster state version: 6905)
[2014-02-18 16:00:13,900][TRACE][action.search.type       ] [node_1] Moving to second phase, based on results from: [q75XUfcITqG3o93Z8EOFnw][test][11],[q75XUfcITqG3o93Z8EOFnw][test][10],[tbUF3y2YTPm1TPdTF8YBYw][test][0],[t8Mqv-hjRzqYCBodDxtrKQ][test][1],[q75XUfcITqG3o93Z8EOFnw][test][5],[q75XUfcITqG3o93Z8EOFnw][test][4],[tbUF3y2YTPm1TPdTF8YBYw][test][3],[tbUF3y2YTPm1TPdTF8YBYw][test][2],[q75XUfcITqG3o93Z8EOFnw][test][9],[q75XUfcITqG3o93Z8EOFnw][test][8],[q75XUfcITqG3o93Z8EOFnw][test][7],[q75XUfcITqG3o93Z8EOFnw][test][6] (cluster state version: 6905)
[2014-02-18 16:00:13,908][TRACE][action.search.type       ] [node_1] Moving to second phase, based on results from: [tbUF3y2YTPm1TPdTF8YBYw][test][11],[t8Mqv-hjRzqYCBodDxtrKQ][test][10],[t8Mqv-hjRzqYCBodDxtrKQ][test][0],[tbUF3y2YTPm1TPdTF8YBYw][test][1],[t8Mqv-hjRzqYCBodDxtrKQ][test][5],[tbUF3y2YTPm1TPdTF8YBYw][test][4],[t8Mqv-hjRzqYCBodDxtrKQ][test][3],[t8Mqv-hjRzqYCBodDxtrKQ][test][2],[tbUF3y2YTPm1TPdTF8YBYw][test][9],[t8Mqv-hjRzqYCBodDxtrKQ][test][8],[t8Mqv-hjRzqYCBodDxtrKQ][test][7],[tbUF3y2YTPm1TPdTF8YBYw][test][6] (cluster state version: 6905)
[2014-02-18 16:00:13,912][TRACE][action.search.type       ] [node_2] Moving to second phase, based on results from: [q75XUfcITqG3o93Z8EOFnw][test][11],[t8Mqv-hjRzqYCBodDxtrKQ][test][10],[tbUF3y2YTPm1TPdTF8YBYw][test][0],[t8Mqv-hjRzqYCBodDxtrKQ][test][1],[q75XUfcITqG3o93Z8EOFnw][test][5],[q75XUfcITqG3o93Z8EOFnw][test][4],[tbUF3y2YTPm1TPdTF8YBYw][test][3],[tbUF3y2YTPm1TPdTF8YBYw][test][2],[tbUF3y2YTPm1TPdTF8YBYw][test][9],[t8Mqv-hjRzqYCBodDxtrKQ][test][8],[t8Mqv-hjRzqYCBodDxtrKQ][test][7],[q75XUfcITqG3o93Z8EOFnw][test][6] (cluster state version: 6905)
[2014-02-18 16:00:13,915][TRACE][action.search.type       ] [node_2] Moving to second phase, based on results from: [tbUF3y2YTPm1TPdTF8YBYw][test][11],[q75XUfcITqG3o93Z8EOFnw][test][10],[t8Mqv-hjRzqYCBodDxtrKQ][test][0],[tbUF3y2YTPm1TPdTF8YBYw][test][1],[t8Mqv-hjRzqYCBodDxtrKQ][test][5],[tbUF3y2YTPm1TPdTF8YBYw][test][4],[t8Mqv-hjRzqYCBodDxtrKQ][test][3],[t8Mqv-hjRzqYCBodDxtrKQ][test][2],[q75XUfcITqG3o93Z8EOFnw][test][9],[q75XUfcITqG3o93Z8EOFnw][test][8],[q75XUfcITqG3o93Z8EOFnw][test][7],[tbUF3y2YTPm1TPdTF8YBYw][test][6] (cluster state version: 6905)
[2014-02-18 16:00:13,920][TRACE][action.search.type       ] [node_2] Moving to second phase, based on results from: [q75XUfcITqG3o93Z8EOFnw][test][11],[t8Mqv-hjRzqYCBodDxtrKQ][test][10],[tbUF3y2YTPm1TPdTF8YBYw][test][0],[t8Mqv-hjRzqYCBodDxtrKQ][test][1],[q75XUfcITqG3o93Z8EOFnw][test][5],[q75XUfcITqG3o93Z8EOFnw][test][4],[tbUF3y2YTPm1TPdTF8YBYw][test][3],[tbUF3y2YTPm1TPdTF8YBYw][test][2],[tbUF3y2YTPm1TPdTF8YBYw][test][9],[t8Mqv-hjRzqYCBodDxtrKQ][test][8],[t8Mqv-hjRzqYCBodDxtrKQ][test][7],[q75XUfcITqG3o93Z8EOFnw][test][6] (cluster state version: 6905)
[2014-02-18 16:00:13,926][TRACE][action.search.type       ] [node_1] Moving to second phase, based on results from: [q75XUfcITqG3o93Z8EOFnw][test][11],[q75XUfcITqG3o93Z8EOFnw][test][10],[tbUF3y2YTPm1TPdTF8YBYw][test][0],[t8Mqv-hjRzqYCBodDxtrKQ][test][1],[q75XUfcITqG3o93Z8EOFnw][test][5],[q75XUfcITqG3o93Z8EOFnw][test][4],[tbUF3y2YTPm1TPdTF8YBYw][test][3],[tbUF3y2YTPm1TPdTF8YBYw][test][2],[q75XUfcITqG3o93Z8EOFnw][test][9],[q75XUfcITqG3o93Z8EOFnw][test][8],[q75XUfcITqG3o93Z8EOFnw][test][7],[q75XUfcITqG3o93Z8EOFnw][test][6] (cluster state version: 6905)
[2014-02-18 16:00:13,931][TRACE][action.search.type       ] [node_0] Moving to second phase, based on results from: [q75XUfcITqG3o93Z8EOFnw][test][11],[t8Mqv-hjRzqYCBodDxtrKQ][test][10],[tbUF3y2YTPm1TPdTF8YBYw][test][0],[t8Mqv-hjRzqYCBodDxtrKQ][test][1],[q75XUfcITqG3o93Z8EOFnw][test][5],[q75XUfcITqG3o93Z8EOFnw][test][4],[t8Mqv-hjRzqYCBodDxtrKQ][test][3],[t8Mqv-hjRzqYCBodDxtrKQ][test][2],[q75XUfcITqG3o93Z8EOFnw][test][9],[q75XUfcITqG3o93Z8EOFnw][test][8],[t8Mqv-hjRzqYCBodDxtrKQ][test][7],[tbUF3y2YTPm1TPdTF8YBYw][test][6] (cluster state version: 6905)
[2014-02-18 16:00:13,934][TRACE][action.search.type       ] [node_2] Moving to second phase, based on results from: [tbUF3y2YTPm1TPdTF8YBYw][test][11],[q75XUfcITqG3o93Z8EOFnw][test][10],[t8Mqv-hjRzqYCBodDxtrKQ][test][0],[tbUF3y2YTPm1TPdTF8YBYw][test][1],[t8Mqv-hjRzqYCBodDxtrKQ][test][5],[tbUF3y2YTPm1TPdTF8YBYw][test][4],[t8Mqv-hjRzqYCBodDxtrKQ][test][3],[t8Mqv-hjRzqYCBodDxtrKQ][test][2],[q75XUfcITqG3o93Z8EOFnw][test][9],[q75XUfcITqG3o93Z8EOFnw][test][8],[q75XUfcITqG3o93Z8EOFnw][test][7],[tbUF3y2YTPm1TPdTF8YBYw][test][6] (cluster state version: 6905)
[2014-02-18 16:00:13,943][TRACE][action.search.type       ] [node_1] Moving to second phase, based on results from: [tbUF3y2YTPm1TPdTF8YBYw][test][11],[t8Mqv-hjRzqYCBodDxtrKQ][test][10],[t8Mqv-hjRzqYCBodDxtrKQ][test][0],[tbUF3y2YTPm1TPdTF8YBYw][test][1],[t8Mqv-hjRzqYCBodDxtrKQ][test][5],[tbUF3y2YTPm1TPdTF8YBYw][test][4],[t8Mqv-hjRzqYCBodDxtrKQ][test][3],[t8Mqv-hjRzqYCBodDxtrKQ][test][2],[tbUF3y2YTPm1TPdTF8YBYw][test][9],[t8Mqv-hjRzqYCBodDxtrKQ][test][8],[t8Mqv-hjRzqYCBodDxtrKQ][test][7],[tbUF3y2YTPm1TPdTF8YBYw][test][6] (cluster state version: 6905)
[2014-02-18 16:00:13,946][TRACE][action.search.type       ] [node_0] Moving to second phase, based on results from: [tbUF3y2YTPm1TPdTF8YBYw][test][11],[q75XUfcITqG3o93Z8EOFnw][test][10],[t8Mqv-hjRzqYCBodDxtrKQ][test][0],[tbUF3y2YTPm1TPdTF8YBYw][test][1],[t8Mqv-hjRzqYCBodDxtrKQ][test][5],[tbUF3y2YTPm1TPdTF8YBYw][test][4],[tbUF3y2YTPm1TPdTF8YBYw][test][3],[tbUF3y2YTPm1TPdTF8YBYw][test][2],[tbUF3y2YTPm1TPdTF8YBYw][test][9],[t8Mqv-hjRzqYCBodDxtrKQ][test][8],[q75XUfcITqG3o93Z8EOFnw][test][7],[q75XUfcITqG3o93Z8EOFnw][test][6] (cluster state version: 6905)
[2014-02-18 16:00:13,957][TRACE][action.search.type       ] [node_1] Moving to second phase, based on results from: [q75XUfcITqG3o93Z8EOFnw][test][11],[q75XUfcITqG3o93Z8EOFnw][test][10],[tbUF3y2YTPm1TPdTF8YBYw][test][0],[t8Mqv-hjRzqYCBodDxtrKQ][test][1],[q75XUfcITqG3o93Z8EOFnw][test][5],[q75XUfcITqG3o93Z8EOFnw][test][4],[tbUF3y2YTPm1TPdTF8YBYw][test][3],[tbUF3y2YTPm1TPdTF8YBYw][test][2],[q75XUfcITqG3o93Z8EOFnw][test][9],[q75XUfcITqG3o93Z8EOFnw][test][8],[q75XUfcITqG3o93Z8EOFnw][test][7],[q75XUfcITqG3o93Z8EOFnw][test][6] (cluster state version: 6905)
[2014-02-18 16:00:13,963][TRACE][action.search.type       ] [node_1] Moving to second phase, based on results from: [tbUF3y2YTPm1TPdTF8YBYw][test][11],[t8Mqv-hjRzqYCBodDxtrKQ][test][10],[t8Mqv-hjRzqYCBodDxtrKQ][test][0],[tbUF3y2YTPm1TPdTF8YBYw][test][1],[t8Mqv-hjRzqYCBodDxtrKQ][test][5],[tbUF3y2YTPm1TPdTF8YBYw][test][4],[t8Mqv-hjRzqYCBodDxtrKQ][test][3],[t8Mqv-hjRzqYCBodDxtrKQ][test][2],[tbUF3y2YTPm1TPdTF8YBYw][test][9],[t8Mqv-hjRzqYCBodDxtrKQ][test][8],[t8Mqv-hjRzqYCBodDxtrKQ][test][7],[tbUF3y2YTPm1TPdTF8YBYw][test][6] (cluster state version: 6905)
[2014-02-18 16:00:13,975][TRACE][action.search.type       ] [node_2] Moving to second phase, based on results from: [q75XUfcITqG3o93Z8EOFnw][test][11],[t8Mqv-hjRzqYCBodDxtrKQ][test][10],[tbUF3y2YTPm1TPdTF8YBYw][test][0],[t8Mqv-hjRzqYCBodDxtrKQ][test][1],[q75XUfcITqG3o93Z8EOFnw][test][5],[q75XUfcITqG3o93Z8EOFnw][test][4],[tbUF3y2YTPm1TPdTF8YBYw][test][3],[tbUF3y2YTPm1TPdTF8YBYw][test][2],[tbUF3y2YTPm1TPdTF8YBYw][test][9],[t8Mqv-hjRzqYCBodDxtrKQ][test][8],[t8Mqv-hjRzqYCBodDxtrKQ][test][7],[q75XUfcITqG3o93Z8EOFnw][test][6] (cluster state version: 6905)
[2014-02-18 16:00:13,984][TRACE][action.search.type       ] [node_2] Moving to second phase, based on results from: [tbUF3y2YTPm1TPdTF8YBYw][test][11],[q75XUfcITqG3o93Z8EOFnw][test][10],[t8Mqv-hjRzqYCBodDxtrKQ][test][0],[tbUF3y2YTPm1TPdTF8YBYw][test][1],[t8Mqv-hjRzqYCBodDxtrKQ][test][5],[tbUF3y2YTPm1TPdTF8YBYw][test][4],[t8Mqv-hjRzqYCBodDxtrKQ][test][3],[t8Mqv-hjRzqYCBodDxtrKQ][test][2],[q75XUfcITqG3o93Z8EOFnw][test][9],[q75XUfcITqG3o93Z8EOFnw][test][8],[q75XUfcITqG3o93Z8EOFnw][test][7],[tbUF3y2YTPm1TPdTF8YBYw][test][6] (cluster state version: 6905)
[2014-02-18 16:00:13,988][TRACE][action.search.type       ] [node_1] Moving to second phase, based on results from: [q75XUfcITqG3o93Z8EOFnw][test][11],[q75XUfcITqG3o93Z8EOFnw][test][10],[tbUF3y2YTPm1TPdTF8YBYw][test][0],[t8Mqv-hjRzqYCBodDxtrKQ][test][1],[q75XUfcITqG3o93Z8EOFnw][test][5],[q75XUfcITqG3o93Z8EOFnw][test][4],[tbUF3y2YTPm1TPdTF8YBYw][test][3],[tbUF3y2YTPm1TPdTF8YBYw][test][2],[q75XUfcITqG3o93Z8EOFnw][test][9],[q75XUfcITqG3o93Z8EOFnw][test][8],[q75XUfcITqG3o93Z8EOFnw][test][7],[q75XUfcITqG3o93Z8EOFnw][test][6] (cluster state version: 6905)
[2014-02-18 16:00:13,993][TRACE][action.search.type       ] [node_2] Moving to second phase, based on results from: [q75XUfcITqG3o93Z8EOFnw][test][11],[t8Mqv-hjRzqYCBodDxtrKQ][test][10],[tbUF3y2YTPm1TPdTF8YBYw][test][0],[t8Mqv-hjRzqYCBodDxtrKQ][test][1],[q75XUfcITqG3o93Z8EOFnw][test][5],[q75XUfcITqG3o93Z8EOFnw][test][4],[tbUF3y2YTPm1TPdTF8YBYw][test][3],[tbUF3y2YTPm1TPdTF8YBYw][test][2],[tbUF3y2YTPm1TPdTF8YBYw][test][9],[t8Mqv-hjRzqYCBodDxtrKQ][test][8],[t8Mqv-hjRzqYCBodDxtrKQ][test][7],[q75XUfcITqG3o93Z8EOFnw][test][6] (cluster state version: 6905)
[2014-02-18 16:00:13,996][TRACE][action.search.type       ] [node_1] Moving to second phase, based on results from: [tbUF3y2YTPm1TPdTF8YBYw][test][11],[t8Mqv-hjRzqYCBodDxtrKQ][test][10],[t8Mqv-hjRzqYCBodDxtrKQ][test][0],[tbUF3y2YTPm1TPdTF8YBYw][test][1],[t8Mqv-hjRzqYCBodDxtrKQ][test][5],[tbUF3y2YTPm1TPdTF8YBYw][test][4],[t8Mqv-hjRzqYCBodDxtrKQ][test][3],[t8Mqv-hjRzqYCBodDxtrKQ][test][2],[tbUF3y2YTPm1TPdTF8YBYw][test][9],[t8Mqv-hjRzqYCBodDxtrKQ][test][8],[t8Mqv-hjRzqYCBodDxtrKQ][test][7],[tbUF3y2YTPm1TPdTF8YBYw][test][6] (cluster state version: 6905)
[2014-02-18 16:00:13,998][TRACE][action.search.type       ] [node_1] Moving to second phase, based on results from: [q75XUfcITqG3o93Z8EOFnw][test][11],[q75XUfcITqG3o93Z8EOFnw][test][10],[tbUF3y2YTPm1TPdTF8YBYw][test][0],[t8Mqv-hjRzqYCBodDxtrKQ][test][1],[q75XUfcITqG3o93Z8EOFnw][test][5],[q75XUfcITqG3o93Z8EOFnw][test][4],[tbUF3y2YTPm1TPdTF8YBYw][test][3],[tbUF3y2YTPm1TPdTF8YBYw][test][2],[q75XUfcITqG3o93Z8EOFnw][test][9],[q75XUfcITqG3o93Z8EOFnw][test][8],[q75XUfcITqG3o93Z8EOFnw][test][7],[q75XUfcITqG3o93Z8EOFnw][test][6] (cluster state version: 6905)
[2014-02-18 16:00:14,002][TRACE][action.search.type       ] [node_0] Moving to second phase, based on results from: [q75XUfcITqG3o93Z8EOFnw][test][11],[t8Mqv-hjRzqYCBodDxtrKQ][test][10],[tbUF3y2YTPm1TPdTF8YBYw][test][0],[t8Mqv-hjRzqYCBodDxtrKQ][test][1],[q75XUfcITqG3o93Z8EOFnw][test][5],[q75XUfcITqG3o93Z8EOFnw][test][4],[t8Mqv-hjRzqYCBodDxtrKQ][test][3],[t8Mqv-hjRzqYCBodDxtrKQ][test][2],[q75XUfcITqG3o93Z8EOFnw][test][9],[q75XUfcITqG3o93Z8EOFnw][test][8],[t8Mqv-hjRzqYCBodDxtrKQ][test][7],[tbUF3y2YTPm1TPdTF8YBYw][test][6] (cluster state version: 6905)
[2014-02-18 16:00:14,005][TRACE][action.search.type       ] [node_2] Moving to second phase, based on results from: [tbUF3y2YTPm1TPdTF8YBYw][test][11],[q75XUfcITqG3o93Z8EOFnw][test][10],[t8Mqv-hjRzqYCBodDxtrKQ][test][0],[tbUF3y2YTPm1TPdTF8YBYw][test][1],[t8Mqv-hjRzqYCBodDxtrKQ][test][5],[tbUF3y2YTPm1TPdTF8YBYw][test][4],[t8Mqv-hjRzqYCBodDxtrKQ][test][3],[t8Mqv-hjRzqYCBodDxtrKQ][test][2],[q75XUfcITqG3o93Z8EOFnw][test][9],[q75XUfcITqG3o93Z8EOFnw][test][8],[q75XUfcITqG3o93Z8EOFnw][test][7],[tbUF3y2YTPm1TPdTF8YBYw][test][6] (cluster state version: 6905)
[2014-02-18 16:00:14,009][TRACE][action.search.type       ] [node_1] Moving to second phase, based on results from: [tbUF3y2YTPm1TPdTF8YBYw][test][11],[t8Mqv-hjRzqYCBodDxtrKQ][test][10],[t8Mqv-hjRzqYCBodDxtrKQ][test][0],[tbUF3y2YTPm1TPdTF8YBYw][test][1],[t8Mqv-hjRzqYCBodDxtrKQ][test][5],[tbUF3y2YTPm1TPdTF8YBYw][test][4],[t8Mqv-hjRzqYCBodDxtrKQ][test][3],[t8Mqv-hjRzqYCBodDxtrKQ][test][2],[tbUF3y2YTPm1TPdTF8YBYw][test][9],[t8Mqv-hjRzqYCBodDxtrKQ][test][8],[t8Mqv-hjRzqYCBodDxtrKQ][test][7],[tbUF3y2YTPm1TPdTF8YBYw][test][6] (cluster state version: 6905)
[2014-02-18 16:00:14,021][TRACE][action.search.type       ] [node_2] Moving to second phase, based on results from: [q75XUfcITqG3o93Z8EOFnw][test][11],[t8Mqv-hjRzqYCBodDxtrKQ][test][10],[tbUF3y2YTPm1TPdTF8YBYw][test][0],[tbUF3y2YTPm1TPdTF8YBYw][test][1],[t8Mqv-hjRzqYCBodDxtrKQ][test][5],[tbUF3y2YTPm1TPdTF8YBYw][test][4],[tbUF3y2YTPm1TPdTF8YBYw][test][3],[t8Mqv-hjRzqYCBodDxtrKQ][test][2],[tbUF3y2YTPm1TPdTF8YBYw][test][9],[q75XUfcITqG3o93Z8EOFnw][test][8],[q75XUfcITqG3o93Z8EOFnw][test][7],[tbUF3y2YTPm1TPdTF8YBYw][test][6] (cluster state version: 6906)
[2014-02-18 16:00:14,025][TRACE][action.search.type       ] [node_1] Moving to second phase, based on results from: [q75XUfcITqG3o93Z8EOFnw][test][11],[q75XUfcITqG3o93Z8EOFnw][test][10],[tbUF3y2YTPm1TPdTF8YBYw][test][0],[t8Mqv-hjRzqYCBodDxtrKQ][test][1],[t8Mqv-hjRzqYCBodDxtrKQ][test][5],[q75XUfcITqG3o93Z8EOFnw][test][4],[t8Mqv-hjRzqYCBodDxtrKQ][test][3],[t8Mqv-hjRzqYCBodDxtrKQ][test][2],[tbUF3y2YTPm1TPdTF8YBYw][test][9],[t8Mqv-hjRzqYCBodDxtrKQ][test][8],[q75XUfcITqG3o93Z8EOFnw][test][7],[q75XUfcITqG3o93Z8EOFnw][test][6] (cluster state version: 6906)
[2014-02-18 16:00:14,029][TRACE][action.search.type       ] [node_1] Moving to second phase, based on results from: [tbUF3y2YTPm1TPdTF8YBYw][test][11],[t8Mqv-hjRzqYCBodDxtrKQ][test][10],[t8Mqv-hjRzqYCBodDxtrKQ][test][0],[tbUF3y2YTPm1TPdTF8YBYw][test][1],[q75XUfcITqG3o93Z8EOFnw][test][5],[tbUF3y2YTPm1TPdTF8YBYw][test][4],[tbUF3y2YTPm1TPdTF8YBYw][test][3],[tbUF3y2YTPm1TPdTF8YBYw][test][2],[q75XUfcITqG3o93Z8EOFnw][test][9],[q75XUfcITqG3o93Z8EOFnw][test][8],[t8Mqv-hjRzqYCBodDxtrKQ][test][7],[tbUF3y2YTPm1TPdTF8YBYw][test][6] (cluster state version: 6906)
[2014-02-18 16:00:14,033][TRACE][action.search.type       ] [node_0] Moving to second phase, based on results from: [tbUF3y2YTPm1TPdTF8YBYw][test][11],[q75XUfcITqG3o93Z8EOFnw][test][10],[t8Mqv-hjRzqYCBodDxtrKQ][test][0],[tbUF3y2YTPm1TPdTF8YBYw][test][1],[t8Mqv-hjRzqYCBodDxtrKQ][test][5],[tbUF3y2YTPm1TPdTF8YBYw][test][4],[tbUF3y2YTPm1TPdTF8YBYw][test][3],[tbUF3y2YTPm1TPdTF8YBYw][test][2],[tbUF3y2YTPm1TPdTF8YBYw][test][9],[t8Mqv-hjRzqYCBodDxtrKQ][test][8],[q75XUfcITqG3o93Z8EOFnw][test][7],[q75XUfcITqG3o93Z8EOFnw][test][6] (cluster state version: 6905)
[2014-02-18 16:00:14,040][TRACE][action.search.type       ] [node_1] Moving to second phase, based on results from: [q75XUfcITqG3o93Z8EOFnw][test][11],[q75XUfcITqG3o93Z8EOFnw][test][10],[tbUF3y2YTPm1TPdTF8YBYw][test][0],[t8Mqv-hjRzqYCBodDxtrKQ][test][1],[t8Mqv-hjRzqYCBodDxtrKQ][test][5],[q75XUfcITqG3o93Z8EOFnw][test][4],[t8Mqv-hjRzqYCBodDxtrKQ][test][3],[t8Mqv-hjRzqYCBodDxtrKQ][test][2],[tbUF3y2YTPm1TPdTF8YBYw][test][9],[t8Mqv-hjRzqYCBodDxtrKQ][test][8],[q75XUfcITqG3o93Z8EOFnw][test][7],[q75XUfcITqG3o93Z8EOFnw][test][6] (cluster state version: 6906)
[2014-02-18 16:00:14,044][TRACE][action.search.type       ] [node_1] Moving to second phase, based on results from: [tbUF3y2YTPm1TPdTF8YBYw][test][11],[t8Mqv-hjRzqYCBodDxtrKQ][test][10],[t8Mqv-hjRzqYCBodDxtrKQ][test][0],[tbUF3y2YTPm1TPdTF8YBYw][test][1],[q75XUfcITqG3o93Z8EOFnw][test][5],[tbUF3y2YTPm1TPdTF8YBYw][test][4],[tbUF3y2YTPm1TPdTF8YBYw][test][3],[tbUF3y2YTPm1TPdTF8YBYw][test][2],[q75XUfcITqG3o93Z8EOFnw][test][9],[q75XUfcITqG3o93Z8EOFnw][test][8],[t8Mqv-hjRzqYCBodDxtrKQ][test][7],[tbUF3y2YTPm1TPdTF8YBYw][test][6] (cluster state version: 6906)
[2014-02-18 16:00:14,053][TRACE][action.search.type       ] [node_1] Moving to second phase, based on results from: [q75XUfcITqG3o93Z8EOFnw][test][11],[q75XUfcITqG3o93Z8EOFnw][test][10],[tbUF3y2YTPm1TPdTF8YBYw][test][0],[t8Mqv-hjRzqYCBodDxtrKQ][test][1],[t8Mqv-hjRzqYCBodDxtrKQ][test][5],[q75XUfcITqG3o93Z8EOFnw][test][4],[t8Mqv-hjRzqYCBodDxtrKQ][test][3],[t8Mqv-hjRzqYCBodDxtrKQ][test][2],[tbUF3y2YTPm1TPdTF8YBYw][test][9],[t8Mqv-hjRzqYCBodDxtrKQ][test][8],[q75XUfcITqG3o93Z8EOFnw][test][7],[q75XUfcITqG3o93Z8EOFnw][test][6] (cluster state version: 6906)
[2014-02-18 16:00:14,056][TRACE][action.search.type       ] [node_2] Moving to second phase, based on results from: [tbUF3y2YTPm1TPdTF8YBYw][test][11],[q75XUfcITqG3o93Z8EOFnw][test][10],[t8Mqv-hjRzqYCBodDxtrKQ][test][0],[t8Mqv-hjRzqYCBodDxtrKQ][test][1],[q75XUfcITqG3o93Z8EOFnw][test][5],[q75XUfcITqG3o93Z8EOFnw][test][4],[t8Mqv-hjRzqYCBodDxtrKQ][test][3],[tbUF3y2YTPm1TPdTF8YBYw][test][2],[q75XUfcITqG3o93Z8EOFnw][test][9],[t8Mqv-hjRzqYCBodDxtrKQ][test][8],[t8Mqv-hjRzqYCBodDxtrKQ][test][7],[q75XUfcITqG3o93Z8EOFnw][test][6] (cluster state version: 6906)
[2014-02-18 16:00:14,060][TRACE][action.search.type       ] [node_1] Moving to second phase, based on results from: [tbUF3y2YTPm1TPdTF8YBYw][test][11],[t8Mqv-hjRzqYCBodDxtrKQ][test][10],[t8Mqv-hjRzqYCBodDxtrKQ][test][0],[tbUF3y2YTPm1TPdTF8YBYw][test][1],[q75XUfcITqG3o93Z8EOFnw][test][5],[tbUF3y2YTPm1TPdTF8YBYw][test][4],[tbUF3y2YTPm1TPdTF8YBYw][test][3],[tbUF3y2YTPm1TPdTF8YBYw][test][2],[q75XUfcITqG3o93Z8EOFnw][test][9],[q75XUfcITqG3o93Z8EOFnw][test][8],[t8Mqv-hjRzqYCBodDxtrKQ][test][7],[tbUF3y2YTPm1TPdTF8YBYw][test][6] (cluster state version: 6906)
[2014-02-18 16:00:14,063][TRACE][action.search.type       ] [node_0] Moving to second phase, based on results from: [q75XUfcITqG3o93Z8EOFnw][test][11],[t8Mqv-hjRzqYCBodDxtrKQ][test][10],[tbUF3y2YTPm1TPdTF8YBYw][test][0],[t8Mqv-hjRzqYCBodDxtrKQ][test][1],[q75XUfcITqG3o93Z8EOFnw][test][5],[q75XUfcITqG3o93Z8EOFnw][test][4],[t8Mqv-hjRzqYCBodDxtrKQ][test][3],[t8Mqv-hjRzqYCBodDxtrKQ][test][2],[q75XUfcITqG3o93Z8EOFnw][test][9],[q75XUfcITqG3o93Z8EOFnw][test][8],[t8Mqv-hjRzqYCBodDxtrKQ][test][7],[tbUF3y2YTPm1TPdTF8YBYw][test][6] (cluster state version: 6905)
[2014-02-18 16:00:14,069][TRACE][action.search.type       ] [node_1] Moving to second phase, based on results from: [q75XUfcITqG3o93Z8EOFnw][test][11],[q75XUfcITqG3o93Z8EOFnw][test][10],[tbUF3y2YTPm1TPdTF8YBYw][test][0],[t8Mqv-hjRzqYCBodDxtrKQ][test][1],[t8Mqv-hjRzqYCBodDxtrKQ][test][5],[q75XUfcITqG3o93Z8EOFnw][test][4],[t8Mqv-hjRzqYCBodDxtrKQ][test][3],[t8Mqv-hjRzqYCBodDxtrKQ][test][2],[tbUF3y2YTPm1TPdTF8YBYw][test][9],[t8Mqv-hjRzqYCBodDxtrKQ][test][8],[q75XUfcITqG3o93Z8EOFnw][test][7],[q75XUfcITqG3o93Z8EOFnw][test][6] (cluster state version: 6906)
[2014-02-18 16:00:14,073][TRACE][action.search.type       ] [node_1] Moving to second phase, based on results from: [tbUF3y2YTPm1TPdTF8YBYw][test][11],[t8Mqv-hjRzqYCBodDxtrKQ][test][10],[t8Mqv-hjRzqYCBodDxtrKQ][test][0],[tbUF3y2YTPm1TPdTF8YBYw][test][1],[q75XUfcITqG3o93Z8EOFnw][test][5],[tbUF3y2YTPm1TPdTF8YBYw][test][4],[tbUF3y2YTPm1TPdTF8YBYw][test][3],[tbUF3y2YTPm1TPdTF8YBYw][test][2],[q75XUfcITqG3o93Z8EOFnw][test][9],[q75XUfcITqG3o93Z8EOFnw][test][8],[t8Mqv-hjRzqYCBodDxtrKQ][test][7],[tbUF3y2YTPm1TPdTF8YBYw][test][6] (cluster state version: 6906)
[2014-02-18 16:00:14,082][TRACE][action.search.type       ] [node_1] Moving to second phase, based on results from: [q75XUfcITqG3o93Z8EOFnw][test][11],[q75XUfcITqG3o93Z8EOFnw][test][10],[tbUF3y2YTPm1TPdTF8YBYw][test][0],[t8Mqv-hjRzqYCBodDxtrKQ][test][1],[t8Mqv-hjRzqYCBodDxtrKQ][test][5],[q75XUfcITqG3o93Z8EOFnw][test][4],[t8Mqv-hjRzqYCBodDxtrKQ][test][3],[t8Mqv-hjRzqYCBodDxtrKQ][test][2],[tbUF3y2YTPm1TPdTF8YBYw][test][9],[t8Mqv-hjRzqYCBodDxtrKQ][test][8],[q75XUfcITqG3o93Z8EOFnw][test][7],[q75XUfcITqG3o93Z8EOFnw][test][6] (cluster state version: 6906)
[2014-02-18 16:00:14,086][TRACE][action.search.type       ] [node_2] Moving to second phase, based on results from: [q75XUfcITqG3o93Z8EOFnw][test][11],[t8Mqv-hjRzqYCBodDxtrKQ][test][10],[tbUF3y2YTPm1TPdTF8YBYw][test][0],[tbUF3y2YTPm1TPdTF8YBYw][test][1],[t8Mqv-hjRzqYCBodDxtrKQ][test][5],[tbUF3y2YTPm1TPdTF8YBYw][test][4],[tbUF3y2YTPm1TPdTF8YBYw][test][3],[t8Mqv-hjRzqYCBodDxtrKQ][test][2],[tbUF3y2YTPm1TPdTF8YBYw][test][9],[q75XUfcITqG3o93Z8EOFnw][test][8],[q75XUfcITqG3o93Z8EOFnw][test][7],[tbUF3y2YTPm1TPdTF8YBYw][test][6] (cluster state version: 6906)
[2014-02-18 16:00:14,089][TRACE][action.search.type       ] [node_1] Moving to second phase, based on results from: [q75XUfcITqG3o93Z8EOFnw][test][11],[q75XUfcITqG3o93Z8EOFnw][test][10],[tbUF3y2YTPm1TPdTF8YBYw][test][0],[t8Mqv-hjRzqYCBodDxtrKQ][test][1],[q75XUfcITqG3o93Z8EOFnw][test][5],[tbUF3y2YTPm1TPdTF8YBYw][test][4],[t8Mqv-hjRzqYCBodDxtrKQ][test][3],[tbUF3y2YTPm1TPdTF8YBYw][test][2],[q75XUfcITqG3o93Z8EOFnw][test][9],[q75XUfcITqG3o93Z8EOFnw][test][8],[q75XUfcITqG3o93Z8EOFnw][test][7],[tbUF3y2YTPm1TPdTF8YBYw][test][6] (cluster state version: 6907)
[2014-02-18 16:00:14,094][TRACE][action.search.type       ] [node_2] Moving to second phase, based on results from: [q75XUfcITqG3o93Z8EOFnw][test][11],[t8Mqv-hjRzqYCBodDxtrKQ][test][10],[t8Mqv-hjRzqYCBodDxtrKQ][test][0],[tbUF3y2YTPm1TPdTF8YBYw][test][1],[q75XUfcITqG3o93Z8EOFnw][test][5],[tbUF3y2YTPm1TPdTF8YBYw][test][4],[tbUF3y2YTPm1TPdTF8YBYw][test][3],[tbUF3y2YTPm1TPdTF8YBYw][test][2],[tbUF3y2YTPm1TPdTF8YBYw][test][9],[q75XUfcITqG3o93Z8EOFnw][test][8],[t8Mqv-hjRzqYCBodDxtrKQ][test][7],[tbUF3y2YTPm1TPdTF8YBYw][test][6] (cluster state version: 6907)
[2014-02-18 16:00:14,099][TRACE][action.search.type       ] [node_2] Moving to second phase, based on results from: [tbUF3y2YTPm1TPdTF8YBYw][test][11],[q75XUfcITqG3o93Z8EOFnw][test][10],[tbUF3y2YTPm1TPdTF8YBYw][test][0],[t8Mqv-hjRzqYCBodDxtrKQ][test][1],[t8Mqv-hjRzqYCBodDxtrKQ][test][5],[q75XUfcITqG3o93Z8EOFnw][test][4],[t8Mqv-hjRzqYCBodDxtrKQ][test][3],[t8Mqv-hjRzqYCBodDxtrKQ][test][2],[q75XUfcITqG3o93Z8EOFnw][test][9],[t8Mqv-hjRzqYCBodDxtrKQ][test][8],[q75XUfcITqG3o93Z8EOFnw][test][7],[q75XUfcITqG3o93Z8EOFnw][test][6] (cluster state version: 6907)
[2014-02-18 16:00:14,104][TRACE][action.search.type       ] [node_1] Moving to second phase, based on results from: [tbUF3y2YTPm1TPdTF8YBYw][test][11],[t8Mqv-hjRzqYCBodDxtrKQ][test][10],[t8Mqv-hjRzqYCBodDxtrKQ][test][0],[tbUF3y2YTPm1TPdTF8YBYw][test][1],[t8Mqv-hjRzqYCBodDxtrKQ][test][5],[q75XUfcITqG3o93Z8EOFnw][test][4],[tbUF3y2YTPm1TPdTF8YBYw][test][3],[t8Mqv-hjRzqYCBodDxtrKQ][test][2],[tbUF3y2YTPm1TPdTF8YBYw][test][9],[t8Mqv-hjRzqYCBodDxtrKQ][test][8],[t8Mqv-hjRzqYCBodDxtrKQ][test][7],[q75XUfcITqG3o93Z8EOFnw][test][6] (cluster state version: 6907)
[2014-02-18 16:00:14,108][TRACE][action.search.type       ] [node_0] Moving to second phase, based on results from: [q75XUfcITqG3o93Z8EOFnw][test][11],[t8Mqv-hjRzqYCBodDxtrKQ][test][10],[tbUF3y2YTPm1TPdTF8YBYw][test][0],[tbUF3y2YTPm1TPdTF8YBYw][test][1],[q75XUfcITqG3o93Z8EOFnw][test][5],[q75XUfcITqG3o93Z8EOFnw][test][4],[t8Mqv-hjRzqYCBodDxtrKQ][test][3],[t8Mqv-hjRzqYCBodDxtrKQ][test][2],[q75XUfcITqG3o93Z8EOFnw][test][9],[q75XUfcITqG3o93Z8EOFnw][test][8],[t8Mqv-hjRzqYCBodDxtrKQ][test][7],[tbUF3y2YTPm1TPdTF8YBYw][test][6] (cluster state version: 6907)
[2014-02-18 16:00:14,111][TRACE][action.search.type       ] [node_0] Moving to second phase, based on results from: [tbUF3y2YTPm1TPdTF8YBYw][test][11],[q75XUfcITqG3o93Z8EOFnw][test][10],[t8Mqv-hjRzqYCBodDxtrKQ][test][0],[t8Mqv-hjRzqYCBodDxtrKQ][test][1],[t8Mqv-hjRzqYCBodDxtrKQ][test][5],[tbUF3y2YTPm1TPdTF8YBYw][test][4],[tbUF3y2YTPm1TPdTF8YBYw][test][3],[tbUF3y2YTPm1TPdTF8YBYw][test][2],[tbUF3y2YTPm1TPdTF8YBYw][test][9],[t8Mqv-hjRzqYCBodDxtrKQ][test][8],[q75XUfcITqG3o93Z8EOFnw][test][7],[q75XUfcITqG3o93Z8EOFnw][test][6] (cluster state version: 6907)
[2014-02-18 16:00:14,118][TRACE][action.search.type       ] [node_0] Moving to second phase, based on results from: [q75XUfcITqG3o93Z8EOFnw][test][11],[t8Mqv-hjRzqYCBodDxtrKQ][test][10],[tbUF3y2YTPm1TPdTF8YBYw][test][0],[tbUF3y2YTPm1TPdTF8YBYw][test][1],[q75XUfcITqG3o93Z8EOFnw][test][5],[q75XUfcITqG3o93Z8EOFnw][test][4],[t8Mqv-hjRzqYCBodDxtrKQ][test][3],[t8Mqv-hjRzqYCBodDxtrKQ][test][2],[q75XUfcITqG3o93Z8EOFnw][test][9],[q75XUfcITqG3o93Z8EOFnw][test][8],[t8Mqv-hjRzqYCBodDxtrKQ][test][7],[tbUF3y2YTPm1TPdTF8YBYw][test][6] (cluster state version: 6907)
[2014-02-18 16:00:14,121][TRACE][action.search.type       ] [node_2] Moving to second phase, based on results from: [q75XUfcITqG3o93Z8EOFnw][test][11],[t8Mqv-hjRzqYCBodDxtrKQ][test][10],[t8Mqv-hjRzqYCBodDxtrKQ][test][0],[tbUF3y2YTPm1TPdTF8YBYw][test][1],[q75XUfcITqG3o93Z8EOFnw][test][5],[tbUF3y2YTPm1TPdTF8YBYw][test][4],[tbUF3y2YTPm1TPdTF8YBYw][test][3],[tbUF3y2YTPm1TPdTF8YBYw][test][2],[tbUF3y2YTPm1TPdTF8YBYw][test][9],[q75XUfcITqG3o93Z8EOFnw][test][8],[t8Mqv-hjRzqYCBodDxtrKQ][test][7],[tbUF3y2YTPm1TPdTF8YBYw][test][6] (cluster state version: 6907)
[2014-02-18 16:00:14,125][TRACE][action.search.type       ] [node_2] Moving to second phase, based on results from: [tbUF3y2YTPm1TPdTF8YBYw][test][11],[q75XUfcITqG3o93Z8EOFnw][test][10],[tbUF3y2YTPm1TPdTF8YBYw][test][0],[t8Mqv-hjRzqYCBodDxtrKQ][test][1],[t8Mqv-hjRzqYCBodDxtrKQ][test][5],[q75XUfcITqG3o93Z8EOFnw][test][4],[t8Mqv-hjRzqYCBodDxtrKQ][test][3],[t8Mqv-hjRzqYCBodDxtrKQ][test][2],[q75XUfcITqG3o93Z8EOFnw][test][9],[t8Mqv-hjRzqYCBodDxtrKQ][test][8],[q75XUfcITqG3o93Z8EOFnw][test][7],[q75XUfcITqG3o93Z8EOFnw][test][6] (cluster state version: 6907)
[2014-02-18 16:00:14,132][TRACE][action.search.type       ] [node_1] Moving to second phase, based on results from: [q75XUfcITqG3o93Z8EOFnw][test][11],[q75XUfcITqG3o93Z8EOFnw][test][10],[tbUF3y2YTPm1TPdTF8YBYw][test][0],[t8Mqv-hjRzqYCBodDxtrKQ][test][1],[q75XUfcITqG3o93Z8EOFnw][test][5],[tbUF3y2YTPm1TPdTF8YBYw][test][4],[t8Mqv-hjRzqYCBodDxtrKQ][test][3],[tbUF3y2YTPm1TPdTF8YBYw][test][2],[q75XUfcITqG3o93Z8EOFnw][test][9],[q75XUfcITqG3o93Z8EOFnw][test][8],[q75XUfcITqG3o93Z8EOFnw][test][7],[tbUF3y2YTPm1TPdTF8YBYw][test][6] (cluster state version: 6907)
[2014-02-18 16:00:14,139][TRACE][action.search.type       ] [node_2] Moving to second phase, based on results from: [q75XUfcITqG3o93Z8EOFnw][test][11],[t8Mqv-hjRzqYCBodDxtrKQ][test][10],[t8Mqv-hjRzqYCBodDxtrKQ][test][0],[tbUF3y2YTPm1TPdTF8YBYw][test][1],[q75XUfcITqG3o93Z8EOFnw][test][5],[tbUF3y2YTPm1TPdTF8YBYw][test][4],[tbUF3y2YTPm1TPdTF8YBYw][test][3],[tbUF3y2YTPm1TPdTF8YBYw][test][2],[tbUF3y2YTPm1TPdTF8YBYw][test][9],[q75XUfcITqG3o93Z8EOFnw][test][8],[t8Mqv-hjRzqYCBodDxtrKQ][test][7],[tbUF3y2YTPm1TPdTF8YBYw][test][6] (cluster state version: 6907)
[2014-02-18 16:00:14,146][TRACE][action.search.type       ] [node_0] Moving to second phase, based on results from: [tbUF3y2YTPm1TPdTF8YBYw][test][11],[q75XUfcITqG3o93Z8EOFnw][test][10],[t8Mqv-hjRzqYCBodDxtrKQ][test][0],[t8Mqv-hjRzqYCBodDxtrKQ][test][1],[t8Mqv-hjRzqYCBodDxtrKQ][test][5],[tbUF3y2YTPm1TPdTF8YBYw][test][4],[tbUF3y2YTPm1TPdTF8YBYw][test][3],[tbUF3y2YTPm1TPdTF8YBYw][test][2],[tbUF3y2YTPm1TPdTF8YBYw][test][9],[t8Mqv-hjRzqYCBodDxtrKQ][test][8],[q75XUfcITqG3o93Z8EOFnw][test][7],[q75XUfcITqG3o93Z8EOFnw][test][6] (cluster state version: 6907)
[2014-02-18 16:00:14,156][TRACE][action.search.type       ] [node_2] Moving to second phase, based on results from: [tbUF3y2YTPm1TPdTF8YBYw][test][11],[q75XUfcITqG3o93Z8EOFnw][test][10],[tbUF3y2YTPm1TPdTF8YBYw][test][0],[t8Mqv-hjRzqYCBodDxtrKQ][test][1],[t8Mqv-hjRzqYCBodDxtrKQ][test][5],[q75XUfcITqG3o93Z8EOFnw][test][4],[t8Mqv-hjRzqYCBodDxtrKQ][test][3],[t8Mqv-hjRzqYCBodDxtrKQ][test][2],[q75XUfcITqG3o93Z8EOFnw][test][9],[t8Mqv-hjRzqYCBodDxtrKQ][test][8],[q75XUfcITqG3o93Z8EOFnw][test][7],[q75XUfcITqG3o93Z8EOFnw][test][6] (cluster state version: 6907)
[2014-02-18 16:00:14,163][TRACE][action.search.type       ] [node_2] Moving to second phase, based on results from: [q75XUfcITqG3o93Z8EOFnw][test][11],[t8Mqv-hjRzqYCBodDxtrKQ][test][10],[t8Mqv-hjRzqYCBodDxtrKQ][test][0],[tbUF3y2YTPm1TPdTF8YBYw][test][1],[q75XUfcITqG3o93Z8EOFnw][test][5],[tbUF3y2YTPm1TPdTF8YBYw][test][4],[tbUF3y2YTPm1TPdTF8YBYw][test][3],[tbUF3y2YTPm1TPdTF8YBYw][test][2],[tbUF3y2YTPm1TPdTF8YBYw][test][9],[q75XUfcITqG3o93Z8EOFnw][test][8],[t8Mqv-hjRzqYCBodDxtrKQ][test][7],[tbUF3y2YTPm1TPdTF8YBYw][test][6] (cluster state version: 6907)
[2014-02-18 16:00:14,182][TRACE][action.search.type       ] [node_2] Moving to second phase, based on results from: [tbUF3y2YTPm1TPdTF8YBYw][test][11],[q75XUfcITqG3o93Z8EOFnw][test][10],[tbUF3y2YTPm1TPdTF8YBYw][test][0],[t8Mqv-hjRzqYCBodDxtrKQ][test][1],[t8Mqv-hjRzqYCBodDxtrKQ][test][5],[q75XUfcITqG3o93Z8EOFnw][test][4],[t8Mqv-hjRzqYCBodDxtrKQ][test][3],[t8Mqv-hjRzqYCBodDxtrKQ][test][2],[q75XUfcITqG3o93Z8EOFnw][test][9],[t8Mqv-hjRzqYCBodDxtrKQ][test][8],[q75XUfcITqG3o93Z8EOFnw][test][7],[q75XUfcITqG3o93Z8EOFnw][test][6] (cluster state version: 6907)
[2014-02-18 16:00:14,189][TRACE][action.search.type       ] [node_2] Moving to second phase, based on results from: [q75XUfcITqG3o93Z8EOFnw][test][11],[q75XUfcITqG3o93Z8EOFnw][test][10],[t8Mqv-hjRzqYCBodDxtrKQ][test][0],[t8Mqv-hjRzqYCBodDxtrKQ][test][1],[t8Mqv-hjRzqYCBodDxtrKQ][test][5],[q75XUfcITqG3o93Z8EOFnw][test][4],[q75XUfcITqG3o93Z8EOFnw][test][3],[tbUF3y2YTPm1TPdTF8YBYw][test][2],[tbUF3y2YTPm1TPdTF8YBYw][test][9],[q75XUfcITqG3o93Z8EOFnw][test][8],[t8Mqv-hjRzqYCBodDxtrKQ][test][7],[tbUF3y2YTPm1TPdTF8YBYw][test][6] (cluster state version: 6908)
[2014-02-18 16:00:14,194][TRACE][action.search.type       ] [node_0] Moving to second phase, based on results from: [q75XUfcITqG3o93Z8EOFnw][test][11],[t8Mqv-hjRzqYCBodDxtrKQ][test][10],[tbUF3y2YTPm1TPdTF8YBYw][test][0],[tbUF3y2YTPm1TPdTF8YBYw][test][1],[q75XUfcITqG3o93Z8EOFnw][test][5],[q75XUfcITqG3o93Z8EOFnw][test][4],[t8Mqv-hjRzqYCBodDxtrKQ][test][3],[t8Mqv-hjRzqYCBodDxtrKQ][test][2],[q75XUfcITqG3o93Z8EOFnw][test][9],[q75XUfcITqG3o93Z8EOFnw][test][8],[t8Mqv-hjRzqYCBodDxtrKQ][test][7],[tbUF3y2YTPm1TPdTF8YBYw][test][6] (cluster state version: 6907)
[2014-02-18 16:00:14,203][TRACE][action.search.type       ] [node_2] Moving to second phase, based on results from: [tbUF3y2YTPm1TPdTF8YBYw][test][11],[t8Mqv-hjRzqYCBodDxtrKQ][test][10],[tbUF3y2YTPm1TPdTF8YBYw][test][0],[tbUF3y2YTPm1TPdTF8YBYw][test][1],[q75XUfcITqG3o93Z8EOFnw][test][5],[tbUF3y2YTPm1TPdTF8YBYw][test][4],[t8Mqv-hjRzqYCBodDxtrKQ][test][3],[t8Mqv-hjRzqYCBodDxtrKQ][test][2],[q75XUfcITqG3o93Z8EOFnw][test][9],[t8Mqv-hjRzqYCBodDxtrKQ][test][8],[q75XUfcITqG3o93Z8EOFnw][test][7],[q75XUfcITqG3o93Z8EOFnw][test][6] (cluster state version: 6908)
[2014-02-18 16:00:14,206][TRACE][action.search.type       ] [node_1] Moving to second phase, based on results from: [tbUF3y2YTPm1TPdTF8YBYw][test][11],[q75XUfcITqG3o93Z8EOFnw][test][10],[t8Mqv-hjRzqYCBodDxtrKQ][test][0],[tbUF3y2YTPm1TPdTF8YBYw][test][1],[q75XUfcITqG3o93Z8EOFnw][test][5],[q75XUfcITqG3o93Z8EOFnw][test][4],[t8Mqv-hjRzqYCBodDxtrKQ][test][3],[tbUF3y2YTPm1TPdTF8YBYw][test][2],[q75XUfcITqG3o93Z8EOFnw][test][9],[q75XUfcITqG3o93Z8EOFnw][test][8],[t8Mqv-hjRzqYCBodDxtrKQ][test][7],[tbUF3y2YTPm1TPdTF8YBYw][test][6] (cluster state version: 6908)
[2014-02-18 16:00:14,217][TRACE][action.search.type       ] [node_2] Moving to second phase, based on results from: [q75XUfcITqG3o93Z8EOFnw][test][11],[q75XUfcITqG3o93Z8EOFnw][test][10],[t8Mqv-hjRzqYCBodDxtrKQ][test][0],[t8Mqv-hjRzqYCBodDxtrKQ][test][1],[t8Mqv-hjRzqYCBodDxtrKQ][test][5],[q75XUfcITqG3o93Z8EOFnw][test][4],[q75XUfcITqG3o93Z8EOFnw][test][3],[tbUF3y2YTPm1TPdTF8YBYw][test][2],[tbUF3y2YTPm1TPdTF8YBYw][test][9],[q75XUfcITqG3o93Z8EOFnw][test][8],[t8Mqv-hjRzqYCBodDxtrKQ][test][7],[tbUF3y2YTPm1TPdTF8YBYw][test][6] (cluster state version: 6908)
[2014-02-18 16:00:14,236][TRACE][action.search.type       ] [node_1] Moving to second phase, based on results from: [q75XUfcITqG3o93Z8EOFnw][test][11],[t8Mqv-hjRzqYCBodDxtrKQ][test][10],[tbUF3y2YTPm1TPdTF8YBYw][test][0],[t8Mqv-hjRzqYCBodDxtrKQ][test][1],[t8Mqv-hjRzqYCBodDxtrKQ][test][5],[tbUF3y2YTPm1TPdTF8YBYw][test][4],[q75XUfcITqG3o93Z8EOFnw][test][3],[t8Mqv-hjRzqYCBodDxtrKQ][test][2],[tbUF3y2YTPm1TPdTF8YBYw][test][9],[t8Mqv-hjRzqYCBodDxtrKQ][test][8],[q75XUfcITqG3o93Z8EOFnw][test][7],[q75XUfcITqG3o93Z8EOFnw][test][6] (cluster state version: 6908)
[2014-02-18 16:00:14,241][TRACE][action.search.type       ] [node_2] Moving to second phase, based on results from: [tbUF3y2YTPm1TPdTF8YBYw][test][11],[t8Mqv-hjRzqYCBodDxtrKQ][test][10],[t8Mqv-hjRzqYCBodDxtrKQ][test][0],[tbUF3y2YTPm1TPdTF8YBYw][test][1],[t8Mqv-hjRzqYCBodDxtrKQ][test][5],[q75XUfcITqG3o93Z8EOFnw][test][4],[q75XUfcITqG3o93Z8EOFnw][test][3],[t8Mqv-hjRzqYCBodDxtrKQ][test][2],[q75XUfcITqG3o93Z8EOFnw][test][9],[q75XUfcITqG3o93Z8EOFnw][test][8],[t8Mqv-hjRzqYCBodDxtrKQ][test][7],[q75XUfcITqG3o93Z8EOFnw][test][6] (cluster state version: 6909)
[2014-02-18 16:00:14,245][TRACE][action.search.type       ] [node_2] Moving to second phase, based on results from: [q75XUfcITqG3o93Z8EOFnw][test][11],[q75XUfcITqG3o93Z8EOFnw][test][10],[tbUF3y2YTPm1TPdTF8YBYw][test][0],[t8Mqv-hjRzqYCBodDxtrKQ][test][1],[q75XUfcITqG3o93Z8EOFnw][test][5],[tbUF3y2YTPm1TPdTF8YBYw][test][4],[t8Mqv-hjRzqYCBodDxtrKQ][test][3],[tbUF3y2YTPm1TPdTF8YBYw][test][2],[tbUF3y2YTPm1TPdTF8YBYw][test][9],[t8Mqv-hjRzqYCBodDxtrKQ][test][8],[q75XUfcITqG3o93Z8EOFnw][test][7],[t8Mqv-hjRzqYCBodDxtrKQ][test][6] (cluster state version: 6909)
[2014-02-18 16:00:14,251][TRACE][action.search.type       ] [node_2] Moving to second phase, based on results from: [tbUF3y2YTPm1TPdTF8YBYw][test][11],[t8Mqv-hjRzqYCBodDxtrKQ][test][10],[t8Mqv-hjRzqYCBodDxtrKQ][test][0],[tbUF3y2YTPm1TPdTF8YBYw][test][1],[t8Mqv-hjRzqYCBodDxtrKQ][test][5],[q75XUfcITqG3o93Z8EOFnw][test][4],[q75XUfcITqG3o93Z8EOFnw][test][3],[t8Mqv-hjRzqYCBodDxtrKQ][test][2],[q75XUfcITqG3o93Z8EOFnw][test][9],[q75XUfcITqG3o93Z8EOFnw][test][8],[t8Mqv-hjRzqYCBodDxtrKQ][test][7],[q75XUfcITqG3o93Z8EOFnw][test][6] (cluster state version: 6909)
[2014-02-18 16:00:14,257][TRACE][action.search.type       ] [node_1] Moving to second phase, based on results from: [tbUF3y2YTPm1TPdTF8YBYw][test][11],[t8Mqv-hjRzqYCBodDxtrKQ][test][10],[t8Mqv-hjRzqYCBodDxtrKQ][test][0],[tbUF3y2YTPm1TPdTF8YBYw][test][1],[q75XUfcITqG3o93Z8EOFnw][test][5],[tbUF3y2YTPm1TPdTF8YBYw][test][4],[q75XUfcITqG3o93Z8EOFnw][test][3],[t8Mqv-hjRzqYCBodDxtrKQ][test][2],[tbUF3y2YTPm1TPdTF8YBYw][test][9],[t8Mqv-hjRzqYCBodDxtrKQ][test][8],[t8Mqv-hjRzqYCBodDxtrKQ][test][7],[q75XUfcITqG3o93Z8EOFnw][test][6] (cluster state version: 6909)
[2014-02-18 16:00:14,267][TRACE][action.search.type       ] [node_1] Moving to second phase, based on results from: [q75XUfcITqG3o93Z8EOFnw][test][11],[q75XUfcITqG3o93Z8EOFnw][test][10],[tbUF3y2YTPm1TPdTF8YBYw][test][0],[t8Mqv-hjRzqYCBodDxtrKQ][test][1],[t8Mqv-hjRzqYCBodDxtrKQ][test][5],[q75XUfcITqG3o93Z8EOFnw][test][4],[t8Mqv-hjRzqYCBodDxtrKQ][test][3],[tbUF3y2YTPm1TPdTF8YBYw][test][2],[q75XUfcITqG3o93Z8EOFnw][test][9],[q75XUfcITqG3o93Z8EOFnw][test][8],[q75XUfcITqG3o93Z8EOFnw][test][7],[t8Mqv-hjRzqYCBodDxtrKQ][test][6] (cluster state version: 6909)
[2014-02-18 16:00:14,271][TRACE][action.search.type       ] [node_2] Moving to second phase, based on results from: [q75XUfcITqG3o93Z8EOFnw][test][11],[q75XUfcITqG3o93Z8EOFnw][test][10],[tbUF3y2YTPm1TPdTF8YBYw][test][0],[t8Mqv-hjRzqYCBodDxtrKQ][test][1],[q75XUfcITqG3o93Z8EOFnw][test][5],[tbUF3y2YTPm1TPdTF8YBYw][test][4],[t8Mqv-hjRzqYCBodDxtrKQ][test][3],[tbUF3y2YTPm1TPdTF8YBYw][test][2],[tbUF3y2YTPm1TPdTF8YBYw][test][9],[t8Mqv-hjRzqYCBodDxtrKQ][test][8],[q75XUfcITqG3o93Z8EOFnw][test][7],[t8Mqv-hjRzqYCBodDxtrKQ][test][6] (cluster state version: 6909)
[2014-02-18 16:00:14,274][TRACE][action.search.type       ] [node_2] Moving to second phase, based on results from: [tbUF3y2YTPm1TPdTF8YBYw][test][11],[t8Mqv-hjRzqYCBodDxtrKQ][test][10],[t8Mqv-hjRzqYCBodDxtrKQ][test][0],[tbUF3y2YTPm1TPdTF8YBYw][test][1],[t8Mqv-hjRzqYCBodDxtrKQ][test][5],[q75XUfcITqG3o93Z8EOFnw][test][4],[q75XUfcITqG3o93Z8EOFnw][test][3],[t8Mqv-hjRzqYCBodDxtrKQ][test][2],[q75XUfcITqG3o93Z8EOFnw][test][9],[q75XUfcITqG3o93Z8EOFnw][test][8],[t8Mqv-hjRzqYCBodDxtrKQ][test][7],[q75XUfcITqG3o93Z8EOFnw][test][6] (cluster state version: 6909)
[2014-02-18 16:00:14,284][TRACE][action.search.type       ] [node_2] Moving to second phase, based on results from: [q75XUfcITqG3o93Z8EOFnw][test][11],[q75XUfcITqG3o93Z8EOFnw][test][10],[tbUF3y2YTPm1TPdTF8YBYw][test][0],[t8Mqv-hjRzqYCBodDxtrKQ][test][1],[q75XUfcITqG3o93Z8EOFnw][test][5],[tbUF3y2YTPm1TPdTF8YBYw][test][4],[t8Mqv-hjRzqYCBodDxtrKQ][test][3],[tbUF3y2YTPm1TPdTF8YBYw][test][2],[tbUF3y2YTPm1TPdTF8YBYw][test][9],[t8Mqv-hjRzqYCBodDxtrKQ][test][8],[q75XUfcITqG3o93Z8EOFnw][test][7],[t8Mqv-hjRzqYCBodDxtrKQ][test][6] (cluster state version: 6909)
[2014-02-18 16:00:14,287][TRACE][action.search.type       ] [node_2] Moving to second phase, based on results from: [q75XUfcITqG3o93Z8EOFnw][test][11],[t8Mqv-hjRzqYCBodDxtrKQ][test][10],[t8Mqv-hjRzqYCBodDxtrKQ][test][0],[t8Mqv-hjRzqYCBodDxtrKQ][test][1],[q75XUfcITqG3o93Z8EOFnw][test][5],[q75XUfcITqG3o93Z8EOFnw][test][4],[q75XUfcITqG3o93Z8EOFnw][test][3],[q75XUfcITqG3o93Z8EOFnw][test][2],[tbUF3y2YTPm1TPdTF8YBYw][test][9],[q75XUfcITqG3o93Z8EOFnw][test][8],[t8Mqv-hjRzqYCBodDxtrKQ][test][7],[t8Mqv-hjRzqYCBodDxtrKQ][test][6] (cluster state version: 6910)
[2014-02-18 16:00:14,318][TRACE][action.search.type       ] [node_1] Moving to second phase, based on results from: [t8Mqv-hjRzqYCBodDxtrKQ][test][11],[t8Mqv-hjRzqYCBodDxtrKQ][test][10],[t8Mqv-hjRzqYCBodDxtrKQ][test][0],[tbUF3y2YTPm1TPdTF8YBYw][test][1],[t8Mqv-hjRzqYCBodDxtrKQ][test][5],[tbUF3y2YTPm1TPdTF8YBYw][test][4],[t8Mqv-hjRzqYCBodDxtrKQ][test][3],[t8Mqv-hjRzqYCBodDxtrKQ][test][2],[tbUF3y2YTPm1TPdTF8YBYw][test][9],[q75XUfcITqG3o93Z8EOFnw][test][8],[t8Mqv-hjRzqYCBodDxtrKQ][test][7],[t8Mqv-hjRzqYCBodDxtrKQ][test][6] (cluster state version: 6910)
[2014-02-18 16:00:14,321][TRACE][action.search.type       ] [node_0] Moving to second phase, based on results from: [tbUF3y2YTPm1TPdTF8YBYw][test][11],[q75XUfcITqG3o93Z8EOFnw][test][10],[tbUF3y2YTPm1TPdTF8YBYw][test][0],[tbUF3y2YTPm1TPdTF8YBYw][test][1],[t8Mqv-hjRzqYCBodDxtrKQ][test][5],[q75XUfcITqG3o93Z8EOFnw][test][4],[q75XUfcITqG3o93Z8EOFnw][test][3],[tbUF3y2YTPm1TPdTF8YBYw][test][2],[q75XUfcITqG3o93Z8EOFnw][test][9],[q75XUfcITqG3o93Z8EOFnw][test][8],[t8Mqv-hjRzqYCBodDxtrKQ][test][7],[t8Mqv-hjRzqYCBodDxtrKQ][test][6] (cluster state version: 6909)
[2014-02-18 16:00:14,330][TRACE][action.search.type       ] [node_0] Moving to second phase, based on results from: [q75XUfcITqG3o93Z8EOFnw][test][11],[t8Mqv-hjRzqYCBodDxtrKQ][test][10],[t8Mqv-hjRzqYCBodDxtrKQ][test][0],[t8Mqv-hjRzqYCBodDxtrKQ][test][1],[q75XUfcITqG3o93Z8EOFnw][test][5],[tbUF3y2YTPm1TPdTF8YBYw][test][4],[t8Mqv-hjRzqYCBodDxtrKQ][test][3],[t8Mqv-hjRzqYCBodDxtrKQ][test][2],[tbUF3y2YTPm1TPdTF8YBYw][test][9],[t8Mqv-hjRzqYCBodDxtrKQ][test][8],[q75XUfcITqG3o93Z8EOFnw][test][7],[q75XUfcITqG3o93Z8EOFnw][test][6] (cluster state version: 6909)
[2014-02-18 16:00:14,334][TRACE][action.search.type       ] [node_0] Moving to second phase, based on results from: [tbUF3y2YTPm1TPdTF8YBYw][test][11],[q75XUfcITqG3o93Z8EOFnw][test][10],[tbUF3y2YTPm1TPdTF8YBYw][test][0],[tbUF3y2YTPm1TPdTF8YBYw][test][1],[t8Mqv-hjRzqYCBodDxtrKQ][test][5],[q75XUfcITqG3o93Z8EOFnw][test][4],[q75XUfcITqG3o93Z8EOFnw][test][3],[tbUF3y2YTPm1TPdTF8YBYw][test][2],[q75XUfcITqG3o93Z8EOFnw][test][9],[q75XUfcITqG3o93Z8EOFnw][test][8],[t8Mqv-hjRzqYCBodDxtrKQ][test][7],[t8Mqv-hjRzqYCBodDxtrKQ][test][6] (cluster state version: 6909)
[2014-02-18 16:00:14,346][TRACE][action.search.type       ] [node_1] Moving to second phase, based on results from: [q75XUfcITqG3o93Z8EOFnw][test][11],[q75XUfcITqG3o93Z8EOFnw][test][10],[tbUF3y2YTPm1TPdTF8YBYw][test][0],[t8Mqv-hjRzqYCBodDxtrKQ][test][1],[q75XUfcITqG3o93Z8EOFnw][test][5],[q75XUfcITqG3o93Z8EOFnw][test][4],[q75XUfcITqG3o93Z8EOFnw][test][3],[q75XUfcITqG3o93Z8EOFnw][test][2],[q75XUfcITqG3o93Z8EOFnw][test][9],[t8Mqv-hjRzqYCBodDxtrKQ][test][8],[q75XUfcITqG3o93Z8EOFnw][test][7],[q75XUfcITqG3o93Z8EOFnw][test][6] (cluster state version: 6910)
[2014-02-18 16:00:14,352][TRACE][action.search.type       ] [node_0] Moving to second phase, based on results from: [q75XUfcITqG3o93Z8EOFnw][test][11],[t8Mqv-hjRzqYCBodDxtrKQ][test][10],[t8Mqv-hjRzqYCBodDxtrKQ][test][0],[t8Mqv-hjRzqYCBodDxtrKQ][test][1],[q75XUfcITqG3o93Z8EOFnw][test][5],[tbUF3y2YTPm1TPdTF8YBYw][test][4],[t8Mqv-hjRzqYCBodDxtrKQ][test][3],[t8Mqv-hjRzqYCBodDxtrKQ][test][2],[tbUF3y2YTPm1TPdTF8YBYw][test][9],[t8Mqv-hjRzqYCBodDxtrKQ][test][8],[q75XUfcITqG3o93Z8EOFnw][test][7],[q75XUfcITqG3o93Z8EOFnw][test][6] (cluster state version: 6909)
[2014-02-18 16:00:14,357][TRACE][action.search.type       ] [node_0] Moving to second phase, based on results from: [tbUF3y2YTPm1TPdTF8YBYw][test][11],[q75XUfcITqG3o93Z8EOFnw][test][10],[tbUF3y2YTPm1TPdTF8YBYw][test][0],[tbUF3y2YTPm1TPdTF8YBYw][test][1],[t8Mqv-hjRzqYCBodDxtrKQ][test][5],[q75XUfcITqG3o93Z8EOFnw][test][4],[q75XUfcITqG3o93Z8EOFnw][test][3],[tbUF3y2YTPm1TPdTF8YBYw][test][2],[q75XUfcITqG3o93Z8EOFnw][test][9],[q75XUfcITqG3o93Z8EOFnw][test][8],[t8Mqv-hjRzqYCBodDxtrKQ][test][7],[t8Mqv-hjRzqYCBodDxtrKQ][test][6] (cluster state version: 6909)
[2014-02-18 16:00:14,366][TRACE][action.search.type       ] [node_0] Moving to second phase, based on results from: [t8Mqv-hjRzqYCBodDxtrKQ][test][11],[t8Mqv-hjRzqYCBodDxtrKQ][test][10],[tbUF3y2YTPm1TPdTF8YBYw][test][0],[t8Mqv-hjRzqYCBodDxtrKQ][test][1],[q75XUfcITqG3o93Z8EOFnw][test][5],[q75XUfcITqG3o93Z8EOFnw][test][4],[q75XUfcITqG3o93Z8EOFnw][test][3],[t8Mqv-hjRzqYCBodDxtrKQ][test][2],[q75XUfcITqG3o93Z8EOFnw][test][9],[q75XUfcITqG3o93Z8EOFnw][test][8],[t8Mqv-hjRzqYCBodDxtrKQ][test][7],[t8Mqv-hjRzqYCBodDxtrKQ][test][6] (cluster state version: 6910)
[2014-02-18 16:00:14,378][TRACE][action.search.type       ] [node_0] Moving to second phase, based on results from: [q75XUfcITqG3o93Z8EOFnw][test][11],[q75XUfcITqG3o93Z8EOFnw][test][10],[t8Mqv-hjRzqYCBodDxtrKQ][test][0],[tbUF3y2YTPm1TPdTF8YBYw][test][1],[t8Mqv-hjRzqYCBodDxtrKQ][test][5],[tbUF3y2YTPm1TPdTF8YBYw][test][4],[t8Mqv-hjRzqYCBodDxtrKQ][test][3],[q75XUfcITqG3o93Z8EOFnw][test][2],[tbUF3y2YTPm1TPdTF8YBYw][test][9],[t8Mqv-hjRzqYCBodDxtrKQ][test][8],[q75XUfcITqG3o93Z8EOFnw][test][7],[q75XUfcITqG3o93Z8EOFnw][test][6] (cluster state version: 6910)
[2014-02-18 16:00:14,386][TRACE][action.search.type       ] [node_2] Moving to second phase, based on results from: [t8Mqv-hjRzqYCBodDxtrKQ][test][11],[q75XUfcITqG3o93Z8EOFnw][test][10],[tbUF3y2YTPm1TPdTF8YBYw][test][0],[tbUF3y2YTPm1TPdTF8YBYw][test][1],[t8Mqv-hjRzqYCBodDxtrKQ][test][5],[tbUF3y2YTPm1TPdTF8YBYw][test][4],[t8Mqv-hjRzqYCBodDxtrKQ][test][3],[t8Mqv-hjRzqYCBodDxtrKQ][test][2],[q75XUfcITqG3o93Z8EOFnw][test][9],[t8Mqv-hjRzqYCBodDxtrKQ][test][8],[q75XUfcITqG3o93Z8EOFnw][test][7],[q75XUfcITqG3o93Z8EOFnw][test][6] (cluster state version: 6910)
[2014-02-18 16:00:14,390][TRACE][action.search.type       ] [node_1] Moving to second phase, based on results from: [t8Mqv-hjRzqYCBodDxtrKQ][test][11],[t8Mqv-hjRzqYCBodDxtrKQ][test][10],[t8Mqv-hjRzqYCBodDxtrKQ][test][0],[tbUF3y2YTPm1TPdTF8YBYw][test][1],[t8Mqv-hjRzqYCBodDxtrKQ][test][5],[tbUF3y2YTPm1TPdTF8YBYw][test][4],[t8Mqv-hjRzqYCBodDxtrKQ][test][3],[t8Mqv-hjRzqYCBodDxtrKQ][test][2],[tbUF3y2YTPm1TPdTF8YBYw][test][9],[q75XUfcITqG3o93Z8EOFnw][test][8],[t8Mqv-hjRzqYCBodDxtrKQ][test][7],[t8Mqv-hjRzqYCBodDxtrKQ][test][6] (cluster state version: 6910)
[2014-02-18 16:00:14,401][TRACE][action.search.type       ] [node_0] Moving to second phase, based on results from: [t8Mqv-hjRzqYCBodDxtrKQ][test][11],[t8Mqv-hjRzqYCBodDxtrKQ][test][10],[tbUF3y2YTPm1TPdTF8YBYw][test][0],[t8Mqv-hjRzqYCBodDxtrKQ][test][1],[q75XUfcITqG3o93Z8EOFnw][test][5],[q75XUfcITqG3o93Z8EOFnw][test][4],[q75XUfcITqG3o93Z8EOFnw][test][3],[t8Mqv-hjRzqYCBodDxtrKQ][test][2],[q75XUfcITqG3o93Z8EOFnw][test][9],[q75XUfcITqG3o93Z8EOFnw][test][8],[t8Mqv-hjRzqYCBodDxtrKQ][test][7],[t8Mqv-hjRzqYCBodDxtrKQ][test][6] (cluster state version: 6910)
[2014-02-18 16:00:14,413][TRACE][action.search.type       ] [node_2] Moving to second phase, based on results from: [q75XUfcITqG3o93Z8EOFnw][test][11],[t8Mqv-hjRzqYCBodDxtrKQ][test][10],[t8Mqv-hjRzqYCBodDxtrKQ][test][0],[t8Mqv-hjRzqYCBodDxtrKQ][test][1],[q75XUfcITqG3o93Z8EOFnw][test][5],[q75XUfcITqG3o93Z8EOFnw][test][4],[q75XUfcITqG3o93Z8EOFnw][test][3],[q75XUfcITqG3o93Z8EOFnw][test][2],[tbUF3y2YTPm1TPdTF8YBYw][test][9],[q75XUfcITqG3o93Z8EOFnw][test][8],[t8Mqv-hjRzqYCBodDxtrKQ][test][7],[t8Mqv-hjRzqYCBodDxtrKQ][test][6] (cluster state version: 6910)
[2014-02-18 16:00:14,425][TRACE][action.search.type       ] [node_2] Moving to second phase, based on results from: [t8Mqv-hjRzqYCBodDxtrKQ][test][11],[q75XUfcITqG3o93Z8EOFnw][test][10],[tbUF3y2YTPm1TPdTF8YBYw][test][0],[tbUF3y2YTPm1TPdTF8YBYw][test][1],[t8Mqv-hjRzqYCBodDxtrKQ][test][5],[tbUF3y2YTPm1TPdTF8YBYw][test][4],[t8Mqv-hjRzqYCBodDxtrKQ][test][3],[t8Mqv-hjRzqYCBodDxtrKQ][test][2],[q75XUfcITqG3o93Z8EOFnw][test][9],[t8Mqv-hjRzqYCBodDxtrKQ][test][8],[q75XUfcITqG3o93Z8EOFnw][test][7],[q75XUfcITqG3o93Z8EOFnw][test][6] (cluster state version: 6910)
[2014-02-18 16:00:14,438][TRACE][action.search.type       ] [node_2] Moving to second phase, based on results from: [q75XUfcITqG3o93Z8EOFnw][test][11],[t8Mqv-hjRzqYCBodDxtrKQ][test][10],[t8Mqv-hjRzqYCBodDxtrKQ][test][0],[t8Mqv-hjRzqYCBodDxtrKQ][test][1],[q75XUfcITqG3o93Z8EOFnw][test][5],[q75XUfcITqG3o93Z8EOFnw][test][4],[q75XUfcITqG3o93Z8EOFnw][test][3],[q75XUfcITqG3o93Z8EOFnw][test][2],[tbUF3y2YTPm1TPdTF8YBYw][test][9],[q75XUfcITqG3o93Z8EOFnw][test][8],[t8Mqv-hjRzqYCBodDxtrKQ][test][7],[t8Mqv-hjRzqYCBodDxtrKQ][test][6] (cluster state version: 6910)
[2014-02-18 16:00:14,449][TRACE][action.search.type       ] [node_1] Moving to second phase, based on results from: [q75XUfcITqG3o93Z8EOFnw][test][11],[q75XUfcITqG3o93Z8EOFnw][test][10],[tbUF3y2YTPm1TPdTF8YBYw][test][0],[t8Mqv-hjRzqYCBodDxtrKQ][test][1],[q75XUfcITqG3o93Z8EOFnw][test][5],[q75XUfcITqG3o93Z8EOFnw][test][4],[q75XUfcITqG3o93Z8EOFnw][test][3],[q75XUfcITqG3o93Z8EOFnw][test][2],[q75XUfcITqG3o93Z8EOFnw][test][9],[t8Mqv-hjRzqYCBodDxtrKQ][test][8],[q75XUfcITqG3o93Z8EOFnw][test][7],[q75XUfcITqG3o93Z8EOFnw][test][6] (cluster state version: 6910)
[2014-02-18 16:00:14,457][TRACE][action.search.type       ] [node_1] Moving to second phase, based on results from: [t8Mqv-hjRzqYCBodDxtrKQ][test][11],[t8Mqv-hjRzqYCBodDxtrKQ][test][10],[t8Mqv-hjRzqYCBodDxtrKQ][test][0],[tbUF3y2YTPm1TPdTF8YBYw][test][1],[t8Mqv-hjRzqYCBodDxtrKQ][test][5],[tbUF3y2YTPm1TPdTF8YBYw][test][4],[t8Mqv-hjRzqYCBodDxtrKQ][test][3],[t8Mqv-hjRzqYCBodDxtrKQ][test][2],[tbUF3y2YTPm1TPdTF8YBYw][test][9],[q75XUfcITqG3o93Z8EOFnw][test][8],[t8Mqv-hjRzqYCBodDxtrKQ][test][7],[t8Mqv-hjRzqYCBodDxtrKQ][test][6] (cluster state version: 6910)
[2014-02-18 16:00:14,460][TRACE][action.search.type       ] [node_2] Moving to second phase, based on results from: [t8Mqv-hjRzqYCBodDxtrKQ][test][11],[q75XUfcITqG3o93Z8EOFnw][test][10],[tbUF3y2YTPm1TPdTF8YBYw][test][0],[tbUF3y2YTPm1TPdTF8YBYw][test][1],[t8Mqv-hjRzqYCBodDxtrKQ][test][5],[tbUF3y2YTPm1TPdTF8YBYw][test][4],[t8Mqv-hjRzqYCBodDxtrKQ][test][3],[t8Mqv-hjRzqYCBodDxtrKQ][test][2],[q75XUfcITqG3o93Z8EOFnw][test][9],[t8Mqv-hjRzqYCBodDxtrKQ][test][8],[q75XUfcITqG3o93Z8EOFnw][test][7],[q75XUfcITqG3o93Z8EOFnw][test][6] (cluster state version: 6910)
[2014-02-18 16:00:14,464][TRACE][action.search.type       ] [node_0] Moving to second phase, based on results from: [q75XUfcITqG3o93Z8EOFnw][test][11],[q75XUfcITqG3o93Z8EOFnw][test][10],[t8Mqv-hjRzqYCBodDxtrKQ][test][0],[tbUF3y2YTPm1TPdTF8YBYw][test][1],[t8Mqv-hjRzqYCBodDxtrKQ][test][5],[tbUF3y2YTPm1TPdTF8YBYw][test][4],[t8Mqv-hjRzqYCBodDxtrKQ][test][3],[q75XUfcITqG3o93Z8EOFnw][test][2],[tbUF3y2YTPm1TPdTF8YBYw][test][9],[t8Mqv-hjRzqYCBodDxtrKQ][test][8],[q75XUfcITqG3o93Z8EOFnw][test][7],[q75XUfcITqG3o93Z8EOFnw][test][6] (cluster state version: 6910)
[2014-02-18 16:00:14,468][TRACE][action.search.type       ] [node_1] Moving to second phase, based on results from: [q75XUfcITqG3o93Z8EOFnw][test][11],[q75XUfcITqG3o93Z8EOFnw][test][10],[tbUF3y2YTPm1TPdTF8YBYw][test][0],[t8Mqv-hjRzqYCBodDxtrKQ][test][1],[q75XUfcITqG3o93Z8EOFnw][test][5],[q75XUfcITqG3o93Z8EOFnw][test][4],[q75XUfcITqG3o93Z8EOFnw][test][3],[q75XUfcITqG3o93Z8EOFnw][test][2],[q75XUfcITqG3o93Z8EOFnw][test][9],[t8Mqv-hjRzqYCBodDxtrKQ][test][8],[q75XUfcITqG3o93Z8EOFnw][test][7],[q75XUfcITqG3o93Z8EOFnw][test][6] (cluster state version: 6910)
[2014-02-18 16:00:14,475][TRACE][action.search.type       ] [node_1] Moving to second phase, based on results from: [q75XUfcITqG3o93Z8EOFnw][test][11],[t8Mqv-hjRzqYCBodDxtrKQ][test][10],[t8Mqv-hjRzqYCBodDxtrKQ][test][0],[t8Mqv-hjRzqYCBodDxtrKQ][test][1],[q75XUfcITqG3o93Z8EOFnw][test][5],[tbUF3y2YTPm1TPdTF8YBYw][test][4],[q75XUfcITqG3o93Z8EOFnw][test][3],[t8Mqv-hjRzqYCBodDxtrKQ][test][2],[q75XUfcITqG3o93Z8EOFnw][test][9],[t8Mqv-hjRzqYCBodDxtrKQ][test][8],[q75XUfcITqG3o93Z8EOFnw][test][7],[t8Mqv-hjRzqYCBodDxtrKQ][test][6] (cluster state version: 6911)
[2014-02-18 16:00:14,480][TRACE][action.search.type       ] [node_2] Moving to second phase, based on results from: [t8Mqv-hjRzqYCBodDxtrKQ][test][11],[t8Mqv-hjRzqYCBodDxtrKQ][test][10],[t8Mqv-hjRzqYCBodDxtrKQ][test][0],[t8Mqv-hjRzqYCBodDxtrKQ][test][1],[q75XUfcITqG3o93Z8EOFnw][test][5],[q75XUfcITqG3o93Z8EOFnw][test][4],[q75XUfcITqG3o93Z8EOFnw][test][3],[t8Mqv-hjRzqYCBodDxtrKQ][test][2],[q75XUfcITqG3o93Z8EOFnw][test][9],[t8Mqv-hjRzqYCBodDxtrKQ][test][8],[q75XUfcITqG3o93Z8EOFnw][test][7],[q75XUfcITqG3o93Z8EOFnw][test][6] (cluster state version: 6911)
[2014-02-18 16:00:14,483][TRACE][action.search.type       ] [node_2] Moving to second phase, based on results from: [q75XUfcITqG3o93Z8EOFnw][test][11],[q75XUfcITqG3o93Z8EOFnw][test][10],[tbUF3y2YTPm1TPdTF8YBYw][test][0],[q75XUfcITqG3o93Z8EOFnw][test][1],[t8Mqv-hjRzqYCBodDxtrKQ][test][5],[tbUF3y2YTPm1TPdTF8YBYw][test][4],[t8Mqv-hjRzqYCBodDxtrKQ][test][3],[q75XUfcITqG3o93Z8EOFnw][test][2],[tbUF3y2YTPm1TPdTF8YBYw][test][9],[q75XUfcITqG3o93Z8EOFnw][test][8],[t8Mqv-hjRzqYCBodDxtrKQ][test][7],[t8Mqv-hjRzqYCBodDxtrKQ][test][6] (cluster state version: 6911)
[2014-02-18 16:00:14,487][TRACE][action.search.type       ] [node_0] Moving to second phase, based on results from: [t8Mqv-hjRzqYCBodDxtrKQ][test][11],[t8Mqv-hjRzqYCBodDxtrKQ][test][10],[t8Mqv-hjRzqYCBodDxtrKQ][test][0],[q75XUfcITqG3o93Z8EOFnw][test][1],[t8Mqv-hjRzqYCBodDxtrKQ][test][5],[q75XUfcITqG3o93Z8EOFnw][test][4],[t8Mqv-hjRzqYCBodDxtrKQ][test][3],[t8Mqv-hjRzqYCBodDxtrKQ][test][2],[tbUF3y2YTPm1TPdTF8YBYw][test][9],[q75XUfcITqG3o93Z8EOFnw][test][8],[t8Mqv-hjRzqYCBodDxtrKQ][test][7],[t8Mqv-hjRzqYCBodDxtrKQ][test][6] (cluster state version: 6911)
[2014-02-18 16:00:14,492][TRACE][action.search.type       ] [node_0] Moving to second phase, based on results from: [q75XUfcITqG3o93Z8EOFnw][test][11],[q75XUfcITqG3o93Z8EOFnw][test][10],[tbUF3y2YTPm1TPdTF8YBYw][test][0],[t8Mqv-hjRzqYCBodDxtrKQ][test][1],[q75XUfcITqG3o93Z8EOFnw][test][5],[tbUF3y2YTPm1TPdTF8YBYw][test][4],[q75XUfcITqG3o93Z8EOFnw][test][3],[q75XUfcITqG3o93Z8EOFnw][test][2],[q75XUfcITqG3o93Z8EOFnw][test][9],[t8Mqv-hjRzqYCBodDxtrKQ][test][8],[q75XUfcITqG3o93Z8EOFnw][test][7],[q75XUfcITqG3o93Z8EOFnw][test][6] (cluster state version: 6911)
[2014-02-18 16:00:14,495][TRACE][action.search.type       ] [node_2] Moving to second phase, based on results from: [t8Mqv-hjRzqYCBodDxtrKQ][test][11],[t8Mqv-hjRzqYCBodDxtrKQ][test][10],[t8Mqv-hjRzqYCBodDxtrKQ][test][0],[t8Mqv-hjRzqYCBodDxtrKQ][test][1],[q75XUfcITqG3o93Z8EOFnw][test][5],[q75XUfcITqG3o93Z8EOFnw][test][4],[q75XUfcITqG3o93Z8EOFnw][test][3],[t8Mqv-hjRzqYCBodDxtrKQ][test][2],[q75XUfcITqG3o93Z8EOFnw][test][9],[t8Mqv-hjRzqYCBodDxtrKQ][test][8],[q75XUfcITqG3o93Z8EOFnw][test][7],[q75XUfcITqG3o93Z8EOFnw][test][6] (cluster state version: 6911)
[2014-02-18 16:00:14,498][TRACE][action.search.type       ] [node_2] Moving to second phase, based on results from: [q75XUfcITqG3o93Z8EOFnw][test][11],[q75XUfcITqG3o93Z8EOFnw][test][10],[tbUF3y2YTPm1TPdTF8YBYw][test][0],[q75XUfcITqG3o93Z8EOFnw][test][1],[t8Mqv-hjRzqYCBodDxtrKQ][test][5],[tbUF3y2YTPm1TPdTF8YBYw][test][4],[t8Mqv-hjRzqYCBodDxtrKQ][test][3],[q75XUfcITqG3o93Z8EOFnw][test][2],[tbUF3y2YTPm1TPdTF8YBYw][test][9],[q75XUfcITqG3o93Z8EOFnw][test][8],[t8Mqv-hjRzqYCBodDxtrKQ][test][7],[t8Mqv-hjRzqYCBodDxtrKQ][test][6] (cluster state version: 6911)
[2014-02-18 16:00:14,502][TRACE][action.search.type       ] [node_2] Moving to second phase, based on results from: [t8Mqv-hjRzqYCBodDxtrKQ][test][11],[t8Mqv-hjRzqYCBodDxtrKQ][test][10],[t8Mqv-hjRzqYCBodDxtrKQ][test][0],[t8Mqv-hjRzqYCBodDxtrKQ][test][1],[q75XUfcITqG3o93Z8EOFnw][test][5],[q75XUfcITqG3o93Z8EOFnw][test][4],[q75XUfcITqG3o93Z8EOFnw][test][3],[t8Mqv-hjRzqYCBodDxtrKQ][test][2],[q75XUfcITqG3o93Z8EOFnw][test][9],[t8Mqv-hjRzqYCBodDxtrKQ][test][8],[q75XUfcITqG3o93Z8EOFnw][test][7],[q75XUfcITqG3o93Z8EOFnw][test][6] (cluster state version: 6911)
[2014-02-18 16:00:14,504][TRACE][action.search.type       ] [node_0] Moving to second phase, based on results from: [t8Mqv-hjRzqYCBodDxtrKQ][test][11],[t8Mqv-hjRzqYCBodDxtrKQ][test][10],[t8Mqv-hjRzqYCBodDxtrKQ][test][0],[q75XUfcITqG3o93Z8EOFnw][test][1],[t8Mqv-hjRzqYCBodDxtrKQ][test][5],[q75XUfcITqG3o93Z8EOFnw][test][4],[t8Mqv-hjRzqYCBodDxtrKQ][test][3],[t8Mqv-hjRzqYCBodDxtrKQ][test][2],[tbUF3y2YTPm1TPdTF8YBYw][test][9],[q75XUfcITqG3o93Z8EOFnw][test][8],[t8Mqv-hjRzqYCBodDxtrKQ][test][7],[t8Mqv-hjRzqYCBodDxtrKQ][test][6] (cluster state version: 6911)
[2014-02-18 16:00:14,508][TRACE][action.search.type       ] [node_0] Moving to second phase, based on results from: [q75XUfcITqG3o93Z8EOFnw][test][11],[q75XUfcITqG3o93Z8EOFnw][test][10],[tbUF3y2YTPm1TPdTF8YBYw][test][0],[t8Mqv-hjRzqYCBodDxtrKQ][test][1],[q75XUfcITqG3o93Z8EOFnw][test][5],[tbUF3y2YTPm1TPdTF8YBYw][test][4],[q75XUfcITqG3o93Z8EOFnw][test][3],[q75XUfcITqG3o93Z8EOFnw][test][2],[q75XUfcITqG3o93Z8EOFnw][test][9],[t8Mqv-hjRzqYCBodDxtrKQ][test][8],[q75XUfcITqG3o93Z8EOFnw][test][7],[q75XUfcITqG3o93Z8EOFnw][test][6] (cluster state version: 6911)
[2014-02-18 16:00:14,511][TRACE][action.search.type       ] [node_2] Moving to second phase, based on results from: [t8Mqv-hjRzqYCBodDxtrKQ][test][11],[t8Mqv-hjRzqYCBodDxtrKQ][test][10],[t8Mqv-hjRzqYCBodDxtrKQ][test][0],[t8Mqv-hjRzqYCBodDxtrKQ][test][1],[t8Mqv-hjRzqYCBodDxtrKQ][test][5],[tbUF3y2YTPm1TPdTF8YBYw][test][4],[t8Mqv-hjRzqYCBodDxtrKQ][test][3],[t8Mqv-hjRzqYCBodDxtrKQ][test][2],[t8Mqv-hjRzqYCBodDxtrKQ][test][9],[q75XUfcITqG3o93Z8EOFnw][test][8],[t8Mqv-hjRzqYCBodDxtrKQ][test][7],[t8Mqv-hjRzqYCBodDxtrKQ][test][6] (cluster state version: 6912)
[2014-02-18 16:00:14,514][TRACE][action.search.type       ] [node_1] Moving to second phase, based on results from: [q75XUfcITqG3o93Z8EOFnw][test][11],[q75XUfcITqG3o93Z8EOFnw][test][10],[t8Mqv-hjRzqYCBodDxtrKQ][test][0],[q75XUfcITqG3o93Z8EOFnw][test][1],[t8Mqv-hjRzqYCBodDxtrKQ][test][5],[q75XUfcITqG3o93Z8EOFnw][test][4],[q75XUfcITqG3o93Z8EOFnw][test][3],[q75XUfcITqG3o93Z8EOFnw][test][2],[t8Mqv-hjRzqYCBodDxtrKQ][test][9],[t8Mqv-hjRzqYCBodDxtrKQ][test][8],[t8Mqv-hjRzqYCBodDxtrKQ][test][7],[q75XUfcITqG3o93Z8EOFnw][test][6] (cluster state version: 6912)
[2014-02-18 16:00:14,518][TRACE][action.search.type       ] [node_0] Moving to second phase, based on results from: [q75XUfcITqG3o93Z8EOFnw][test][11],[t8Mqv-hjRzqYCBodDxtrKQ][test][10],[tbUF3y2YTPm1TPdTF8YBYw][test][0],[q75XUfcITqG3o93Z8EOFnw][test][1],[t8Mqv-hjRzqYCBodDxtrKQ][test][5],[tbUF3y2YTPm1TPdTF8YBYw][test][4],[t8Mqv-hjRzqYCBodDxtrKQ][test][3],[q75XUfcITqG3o93Z8EOFnw][test][2],[t8Mqv-hjRzqYCBodDxtrKQ][test][9],[t8Mqv-hjRzqYCBodDxtrKQ][test][8],[t8Mqv-hjRzqYCBodDxtrKQ][test][7],[t8Mqv-hjRzqYCBodDxtrKQ][test][6] (cluster state version: 6912)
[2014-02-18 16:00:14,522][TRACE][action.search.type       ] [node_1] Moving to second phase, based on results from: [t8Mqv-hjRzqYCBodDxtrKQ][test][11],[t8Mqv-hjRzqYCBodDxtrKQ][test][10],[tbUF3y2YTPm1TPdTF8YBYw][test][0],[t8Mqv-hjRzqYCBodDxtrKQ][test][1],[q75XUfcITqG3o93Z8EOFnw][test][5],[tbUF3y2YTPm1TPdTF8YBYw][test][4],[t8Mqv-hjRzqYCBodDxtrKQ][test][3],[t8Mqv-hjRzqYCBodDxtrKQ][test][2],[q75XUfcITqG3o93Z8EOFnw][test][9],[q75XUfcITqG3o93Z8EOFnw][test][8],[q75XUfcITqG3o93Z8EOFnw][test][7],[t8Mqv-hjRzqYCBodDxtrKQ][test][6] (cluster state version: 6912)
[2014-02-18 16:00:14,524][TRACE][action.search.type       ] [node_2] Moving to second phase, based on results from: [q75XUfcITqG3o93Z8EOFnw][test][11],[q75XUfcITqG3o93Z8EOFnw][test][10],[tbUF3y2YTPm1TPdTF8YBYw][test][0],[q75XUfcITqG3o93Z8EOFnw][test][1],[q75XUfcITqG3o93Z8EOFnw][test][5],[q75XUfcITqG3o93Z8EOFnw][test][4],[q75XUfcITqG3o93Z8EOFnw][test][3],[q75XUfcITqG3o93Z8EOFnw][test][2],[q75XUfcITqG3o93Z8EOFnw][test][9],[t8Mqv-hjRzqYCBodDxtrKQ][test][8],[q75XUfcITqG3o93Z8EOFnw][test][7],[q75XUfcITqG3o93Z8EOFnw][test][6] (cluster state version: 6912)
[2014-02-18 16:00:14,530][TRACE][action.search.type       ] [node_0] Moving to second phase, based on results from: [q75XUfcITqG3o93Z8EOFnw][test][11],[q75XUfcITqG3o93Z8EOFnw][test][10],[q75XUfcITqG3o93Z8EOFnw][test][0],[t8Mqv-hjRzqYCBodDxtrKQ][test][1],[q75XUfcITqG3o93Z8EOFnw][test][5],[q75XUfcITqG3o93Z8EOFnw][test][4],[t8Mqv-hjRzqYCBodDxtrKQ][test][3],[t8Mqv-hjRzqYCBodDxtrKQ][test][2],[q75XUfcITqG3o93Z8EOFnw][test][9],[q75XUfcITqG3o93Z8EOFnw][test][8],[q75XUfcITqG3o93Z8EOFnw][test][7],[t8Mqv-hjRzqYCBodDxtrKQ][test][6] (cluster state version: 6913)
[2014-02-18 16:00:14,534][TRACE][action.search.type       ] [node_0] Moving to second phase, based on results from: [t8Mqv-hjRzqYCBodDxtrKQ][test][11],[t8Mqv-hjRzqYCBodDxtrKQ][test][10],[t8Mqv-hjRzqYCBodDxtrKQ][test][0],[q75XUfcITqG3o93Z8EOFnw][test][1],[t8Mqv-hjRzqYCBodDxtrKQ][test][5],[tbUF3y2YTPm1TPdTF8YBYw][test][4],[q75XUfcITqG3o93Z8EOFnw][test][3],[q75XUfcITqG3o93Z8EOFnw][test][2],[t8Mqv-hjRzqYCBodDxtrKQ][test][9],[t8Mqv-hjRzqYCBodDxtrKQ][test][8],[t8Mqv-hjRzqYCBodDxtrKQ][test][7],[q75XUfcITqG3o93Z8EOFnw][test][6] (cluster state version: 6913)
[2014-02-18 16:00:14,538][TRACE][action.search.type       ] [node_1] Moving to second phase, based on results from: [q75XUfcITqG3o93Z8EOFnw][test][11],[q75XUfcITqG3o93Z8EOFnw][test][10],[q75XUfcITqG3o93Z8EOFnw][test][0],[q75XUfcITqG3o93Z8EOFnw][test][1],[q75XUfcITqG3o93Z8EOFnw][test][5],[q75XUfcITqG3o93Z8EOFnw][test][4],[q75XUfcITqG3o93Z8EOFnw][test][3],[q75XUfcITqG3o93Z8EOFnw][test][2],[t8Mqv-hjRzqYCBodDxtrKQ][test][9],[t8Mqv-hjRzqYCBodDxtrKQ][test][8],[t8Mqv-hjRzqYCBodDxtrKQ][test][7],[t8Mqv-hjRzqYCBodDxtrKQ][test][6] (cluster state version: 6913)
[2014-02-18 16:00:14,543][TRACE][action.search.type       ] [node_2] Moving to second phase, based on results from: [t8Mqv-hjRzqYCBodDxtrKQ][test][11],[t8Mqv-hjRzqYCBodDxtrKQ][test][10],[t8Mqv-hjRzqYCBodDxtrKQ][test][0],[q75XUfcITqG3o93Z8EOFnw][test][1],[q75XUfcITqG3o93Z8EOFnw][test][5],[tbUF3y2YTPm1TPdTF8YBYw][test][4],[q75XUfcITqG3o93Z8EOFnw][test][3],[t8Mqv-hjRzqYCBodDxtrKQ][test][2],[t8Mqv-hjRzqYCBodDxtrKQ][test][9],[t8Mqv-hjRzqYCBodDxtrKQ][test][8],[t8Mqv-hjRzqYCBodDxtrKQ][test][7],[t8Mqv-hjRzqYCBodDxtrKQ][test][6] (cluster state version: 6913)
[2014-02-18 16:00:14,550][TRACE][action.search.type       ] [node_1] Moving to second phase, based on results from: [t8Mqv-hjRzqYCBodDxtrKQ][test][11],[t8Mqv-hjRzqYCBodDxtrKQ][test][10],[t8Mqv-hjRzqYCBodDxtrKQ][test][0],[t8Mqv-hjRzqYCBodDxtrKQ][test][1],[t8Mqv-hjRzqYCBodDxtrKQ][test][5],[tbUF3y2YTPm1TPdTF8YBYw][test][4],[t8Mqv-hjRzqYCBodDxtrKQ][test][3],[t8Mqv-hjRzqYCBodDxtrKQ][test][2],[q75XUfcITqG3o93Z8EOFnw][test][9],[q75XUfcITqG3o93Z8EOFnw][test][8],[q75XUfcITqG3o93Z8EOFnw][test][7],[q75XUfcITqG3o93Z8EOFnw][test][6] (cluster state version: 6913)
[2014-02-18 16:00:14,553][TRACE][action.search.type       ] [node_0] Moving to second phase, based on results from: [q75XUfcITqG3o93Z8EOFnw][test][11],[q75XUfcITqG3o93Z8EOFnw][test][10],[q75XUfcITqG3o93Z8EOFnw][test][0],[t8Mqv-hjRzqYCBodDxtrKQ][test][1],[q75XUfcITqG3o93Z8EOFnw][test][5],[q75XUfcITqG3o93Z8EOFnw][test][4],[t8Mqv-hjRzqYCBodDxtrKQ][test][3],[t8Mqv-hjRzqYCBodDxtrKQ][test][2],[q75XUfcITqG3o93Z8EOFnw][test][9],[q75XUfcITqG3o93Z8EOFnw][test][8],[q75XUfcITqG3o93Z8EOFnw][test][7],[t8Mqv-hjRzqYCBodDxtrKQ][test][6] (cluster state version: 6913)
[2014-02-18 16:00:14,558][TRACE][action.search.type       ] [node_1] Moving to second phase, based on results from: [q75XUfcITqG3o93Z8EOFnw][test][11],[q75XUfcITqG3o93Z8EOFnw][test][10],[q75XUfcITqG3o93Z8EOFnw][test][0],[q75XUfcITqG3o93Z8EOFnw][test][1],[q75XUfcITqG3o93Z8EOFnw][test][5],[q75XUfcITqG3o93Z8EOFnw][test][4],[q75XUfcITqG3o93Z8EOFnw][test][3],[q75XUfcITqG3o93Z8EOFnw][test][2],[t8Mqv-hjRzqYCBodDxtrKQ][test][9],[t8Mqv-hjRzqYCBodDxtrKQ][test][8],[t8Mqv-hjRzqYCBodDxtrKQ][test][7],[t8Mqv-hjRzqYCBodDxtrKQ][test][6] (cluster state version: 6913)
[2014-02-18 16:00:14,563][TRACE][action.search.type       ] [node_1] Moving to second phase, based on results from: [t8Mqv-hjRzqYCBodDxtrKQ][test][11],[t8Mqv-hjRzqYCBodDxtrKQ][test][10],[t8Mqv-hjRzqYCBodDxtrKQ][test][0],[t8Mqv-hjRzqYCBodDxtrKQ][test][1],[t8Mqv-hjRzqYCBodDxtrKQ][test][5],[tbUF3y2YTPm1TPdTF8YBYw][test][4],[t8Mqv-hjRzqYCBodDxtrKQ][test][3],[t8Mqv-hjRzqYCBodDxtrKQ][test][2],[q75XUfcITqG3o93Z8EOFnw][test][9],[q75XUfcITqG3o93Z8EOFnw][test][8],[q75XUfcITqG3o93Z8EOFnw][test][7],[q75XUfcITqG3o93Z8EOFnw][test][6] (cluster state version: 6913)
[2014-02-18 16:00:14,566][TRACE][action.search.type       ] [node_2] Moving to second phase, based on results from: [q75XUfcITqG3o93Z8EOFnw][test][11],[q75XUfcITqG3o93Z8EOFnw][test][10],[q75XUfcITqG3o93Z8EOFnw][test][0],[t8Mqv-hjRzqYCBodDxtrKQ][test][1],[t8Mqv-hjRzqYCBodDxtrKQ][test][5],[q75XUfcITqG3o93Z8EOFnw][test][4],[t8Mqv-hjRzqYCBodDxtrKQ][test][3],[q75XUfcITqG3o93Z8EOFnw][test][2],[q75XUfcITqG3o93Z8EOFnw][test][9],[q75XUfcITqG3o93Z8EOFnw][test][8],[q75XUfcITqG3o93Z8EOFnw][test][7],[q75XUfcITqG3o93Z8EOFnw][test][6] (cluster state version: 6913)
[2014-02-18 16:00:14,578][TRACE][action.search.type       ] [node_1] Moving to second phase, based on results from: [q75XUfcITqG3o93Z8EOFnw][test][11],[q75XUfcITqG3o93Z8EOFnw][test][10],[q75XUfcITqG3o93Z8EOFnw][test][0],[q75XUfcITqG3o93Z8EOFnw][test][1],[q75XUfcITqG3o93Z8EOFnw][test][5],[q75XUfcITqG3o93Z8EOFnw][test][4],[q75XUfcITqG3o93Z8EOFnw][test][3],[q75XUfcITqG3o93Z8EOFnw][test][2],[t8Mqv-hjRzqYCBodDxtrKQ][test][9],[t8Mqv-hjRzqYCBodDxtrKQ][test][8],[t8Mqv-hjRzqYCBodDxtrKQ][test][7],[t8Mqv-hjRzqYCBodDxtrKQ][test][6] (cluster state version: 6913)
[2014-02-18 16:00:14,584][TRACE][action.search.type       ] [node_2] Moving to second phase, based on results from: [t8Mqv-hjRzqYCBodDxtrKQ][test][11],[t8Mqv-hjRzqYCBodDxtrKQ][test][10],[t8Mqv-hjRzqYCBodDxtrKQ][test][0],[q75XUfcITqG3o93Z8EOFnw][test][1],[q75XUfcITqG3o93Z8EOFnw][test][5],[tbUF3y2YTPm1TPdTF8YBYw][test][4],[q75XUfcITqG3o93Z8EOFnw][test][3],[t8Mqv-hjRzqYCBodDxtrKQ][test][2],[t8Mqv-hjRzqYCBodDxtrKQ][test][9],[t8Mqv-hjRzqYCBodDxtrKQ][test][8],[t8Mqv-hjRzqYCBodDxtrKQ][test][7],[t8Mqv-hjRzqYCBodDxtrKQ][test][6] (cluster state version: 6913)
[2014-02-18 16:00:14,621][TRACE][action.search.type       ] [node_0] Moving to second phase, based on results from: [t8Mqv-hjRzqYCBodDxtrKQ][test][11],[q75XUfcITqG3o93Z8EOFnw][test][10],[t8Mqv-hjRzqYCBodDxtrKQ][test][0],[q75XUfcITqG3o93Z8EOFnw][test][1],[q75XUfcITqG3o93Z8EOFnw][test][5],[q75XUfcITqG3o93Z8EOFnw][test][4],[q75XUfcITqG3o93Z8EOFnw][test][3],[t8Mqv-hjRzqYCBodDxtrKQ][test][2],[q75XUfcITqG3o93Z8EOFnw][test][9],[t8Mqv-hjRzqYCBodDxtrKQ][test][8],[q75XUfcITqG3o93Z8EOFnw][test][7],[q75XUfcITqG3o93Z8EOFnw][test][6] (cluster state version: 6914)
[2014-02-18 16:00:14,624][TRACE][action.search.type       ] [node_0] Moving to second phase, based on results from: [q75XUfcITqG3o93Z8EOFnw][test][11],[t8Mqv-hjRzqYCBodDxtrKQ][test][10],[q75XUfcITqG3o93Z8EOFnw][test][0],[t8Mqv-hjRzqYCBodDxtrKQ][test][1],[t8Mqv-hjRzqYCBodDxtrKQ][test][5],[t8Mqv-hjRzqYCBodDxtrKQ][test][4],[t8Mqv-hjRzqYCBodDxtrKQ][test][3],[q75XUfcITqG3o93Z8EOFnw][test][2],[t8Mqv-hjRzqYCBodDxtrKQ][test][9],[q75XUfcITqG3o93Z8EOFnw][test][8],[t8Mqv-hjRzqYCBodDxtrKQ][test][7],[t8Mqv-hjRzqYCBodDxtrKQ][test][6] (cluster state version: 6914)
[2014-02-18 16:00:14,628][TRACE][action.search.type       ] [node_0] Moving to second phase, based on results from: [t8Mqv-hjRzqYCBodDxtrKQ][test][11],[q75XUfcITqG3o93Z8EOFnw][test][10],[t8Mqv-hjRzqYCBodDxtrKQ][test][0],[q75XUfcITqG3o93Z8EOFnw][test][1],[q75XUfcITqG3o93Z8EOFnw][test][5],[q75XUfcITqG3o93Z8EOFnw][test][4],[q75XUfcITqG3o93Z8EOFnw][test][3],[t8Mqv-hjRzqYCBodDxtrKQ][test][2],[q75XUfcITqG3o93Z8EOFnw][test][9],[t8Mqv-hjRzqYCBodDxtrKQ][test][8],[q75XUfcITqG3o93Z8EOFnw][test][7],[q75XUfcITqG3o93Z8EOFnw][test][6] (cluster state version: 6914)
[2014-02-18 16:00:14,646][TRACE][action.search.type       ] [node_0] Moving to second phase, based on results from: [q75XUfcITqG3o93Z8EOFnw][test][11],[t8Mqv-hjRzqYCBodDxtrKQ][test][10],[q75XUfcITqG3o93Z8EOFnw][test][0],[t8Mqv-hjRzqYCBodDxtrKQ][test][1],[t8Mqv-hjRzqYCBodDxtrKQ][test][5],[t8Mqv-hjRzqYCBodDxtrKQ][test][4],[t8Mqv-hjRzqYCBodDxtrKQ][test][3],[q75XUfcITqG3o93Z8EOFnw][test][2],[t8Mqv-hjRzqYCBodDxtrKQ][test][9],[q75XUfcITqG3o93Z8EOFnw][test][8],[t8Mqv-hjRzqYCBodDxtrKQ][test][7],[t8Mqv-hjRzqYCBodDxtrKQ][test][6] (cluster state version: 6914)
[2014-02-18 16:00:14,650][TRACE][action.search.type       ] [node_1] Moving to second phase, based on results from: [t8Mqv-hjRzqYCBodDxtrKQ][test][11],[t8Mqv-hjRzqYCBodDxtrKQ][test][10],[t8Mqv-hjRzqYCBodDxtrKQ][test][0],[q75XUfcITqG3o93Z8EOFnw][test][1],[t8Mqv-hjRzqYCBodDxtrKQ][test][5],[t8Mqv-hjRzqYCBodDxtrKQ][test][4],[q75XUfcITqG3o93Z8EOFnw][test][3],[t8Mqv-hjRzqYCBodDxtrKQ][test][2],[t8Mqv-hjRzqYCBodDxtrKQ][test][9],[t8Mqv-hjRzqYCBodDxtrKQ][test][8],[t8Mqv-hjRzqYCBodDxtrKQ][test][7],[t8Mqv-hjRzqYCBodDxtrKQ][test][6] (cluster state version: 6914)
[2014-02-18 16:00:14,652][TRACE][action.search.type       ] [node_2] Moving to second phase, based on results from: [t8Mqv-hjRzqYCBodDxtrKQ][test][11],[q75XUfcITqG3o93Z8EOFnw][test][10],[q75XUfcITqG3o93Z8EOFnw][test][0],[q75XUfcITqG3o93Z8EOFnw][test][1],[t8Mqv-hjRzqYCBodDxtrKQ][test][5],[q75XUfcITqG3o93Z8EOFnw][test][4],[q75XUfcITqG3o93Z8EOFnw][test][3],[q75XUfcITqG3o93Z8EOFnw][test][2],[q75XUfcITqG3o93Z8EOFnw][test][9],[q75XUfcITqG3o93Z8EOFnw][test][8],[t8Mqv-hjRzqYCBodDxtrKQ][test][7],[q75XUfcITqG3o93Z8EOFnw][test][6] (cluster state version: 6914)
[2014-02-18 16:00:14,661][TRACE][action.search.type       ] [node_2] Moving to second phase, based on results from: [q75XUfcITqG3o93Z8EOFnw][test][11],[t8Mqv-hjRzqYCBodDxtrKQ][test][10],[t8Mqv-hjRzqYCBodDxtrKQ][test][0],[t8Mqv-hjRzqYCBodDxtrKQ][test][1],[q75XUfcITqG3o93Z8EOFnw][test][5],[t8Mqv-hjRzqYCBodDxtrKQ][test][4],[t8Mqv-hjRzqYCBodDxtrKQ][test][3],[t8Mqv-hjRzqYCBodDxtrKQ][test][2],[t8Mqv-hjRzqYCBodDxtrKQ][test][9],[t8Mqv-hjRzqYCBodDxtrKQ][test][8],[q75XUfcITqG3o93Z8EOFnw][test][7],[t8Mqv-hjRzqYCBodDxtrKQ][test][6] (cluster state version: 6914)
[2014-02-18 16:00:14,673][TRACE][action.search.type       ] [node_1] Moving to second phase, based on results from: [q75XUfcITqG3o93Z8EOFnw][test][11],[q75XUfcITqG3o93Z8EOFnw][test][10],[q75XUfcITqG3o93Z8EOFnw][test][0],[t8Mqv-hjRzqYCBodDxtrKQ][test][1],[q75XUfcITqG3o93Z8EOFnw][test][5],[q75XUfcITqG3o93Z8EOFnw][test][4],[t8Mqv-hjRzqYCBodDxtrKQ][test][3],[q75XUfcITqG3o93Z8EOFnw][test][2],[q75XUfcITqG3o93Z8EOFnw][test][9],[q75XUfcITqG3o93Z8EOFnw][test][8],[q75XUfcITqG3o93Z8EOFnw][test][7],[q75XUfcITqG3o93Z8EOFnw][test][6] (cluster state version: 6914)
[2014-02-18 16:00:14,694][TRACE][action.search.type       ] [node_0] Moving to second phase, based on results from: [t8Mqv-hjRzqYCBodDxtrKQ][test][11],[q75XUfcITqG3o93Z8EOFnw][test][10],[t8Mqv-hjRzqYCBodDxtrKQ][test][0],[q75XUfcITqG3o93Z8EOFnw][test][1],[q75XUfcITqG3o93Z8EOFnw][test][5],[q75XUfcITqG3o93Z8EOFnw][test][4],[q75XUfcITqG3o93Z8EOFnw][test][3],[t8Mqv-hjRzqYCBodDxtrKQ][test][2],[q75XUfcITqG3o93Z8EOFnw][test][9],[t8Mqv-hjRzqYCBodDxtrKQ][test][8],[q75XUfcITqG3o93Z8EOFnw][test][7],[q75XUfcITqG3o93Z8EOFnw][test][6] (cluster state version: 6914)
[2014-02-18 16:00:14,696][INFO ][search.basic             ] [SearchWhileRelocatingTests#testSearchAndRelocateConcurrently1Replicas]: cleaning up after test
[2014-02-18 16:00:14,697][INFO ][cluster.metadata         ] [node_0] [test] deleting index
[2014-02-18 16:00:14,875][INFO ][search.basic             ] [SearchWhileRelocatingTests#testSearchAndRelocateConcurrently1Replicas]: cleaned up after test
[2014-02-18 16:00:14,876][INFO ][test                     ] Test testSearchAndRelocateConcurrently1Replicas(org.elasticsearch.search.basic.SearchWhileRelocatingTests) finished
]]></system-out>
   <system-err><![CDATA[]]></system-err>
</testsuite>