<testsuite errors="0" failures="0" tests="17" skipped="0" name="org.elasticsearch.search.sort.SimpleSortTests" hostname="nohost.nodomain" time="10.687" timestamp="2014-02-18T16:00:14">
   <properties class="java.util.ArrayList">
      <property name="awt.toolkit" value="sun.lwawt.macosx.LWCToolkit"/>
      <property name="es.logger.level" value="INFO"/>
      <property name="es.logger.prefix" value=""/>
      <property name="es.node.local" value=""/>
      <property name="es.node.mode" value=""/>
      <property name="file.encoding" value="UTF-8"/>
      <property name="file.encoding.pkg" value="sun.io"/>
      <property name="file.separator" value="/"/>
      <property name="ftp.nonProxyHosts" value="local|*.local|169.254/16|*.169.254/16"/>
      <property name="gopherProxySet" value="false"/>
      <property name="http.nonProxyHosts" value="local|*.local|169.254/16|*.169.254/16"/>
      <property name="java.awt.graphicsenv" value="sun.awt.CGraphicsEnvironment"/>
      <property name="java.awt.headless" value="true"/>
      <property name="java.awt.printerjob" value="sun.lwawt.macosx.CPrinterJob"/>
      <property name="java.class.path" value="/Users/bhwang/elasticsearch/target/test-classes:/Users/bhwang/elasticsearch/target/classes:/Users/bhwang/.m2/repository/org/hamcrest/hamcrest-all/1.3/hamcrest-all-1.3.jar:/Users/bhwang/.m2/repository/com/carrotsearch/randomizedtesting/randomizedtesting-runner/2.0.15/randomizedtesting-runner-2.0.15.jar:/Users/bhwang/.m2/repository/junit/junit/4.10/junit-4.10.jar:/Users/bhwang/.m2/repository/org/apache/lucene/lucene-test-framework/4.6.1/lucene-test-framework-4.6.1.jar:/Users/bhwang/.m2/repository/org/apache/lucene/lucene-expressions/4.6.1/lucene-expressions-4.6.1.jar:/Users/bhwang/.m2/repository/org/antlr/antlr-runtime/3.5/antlr-runtime-3.5.jar:/Users/bhwang/.m2/repository/org/ow2/asm/asm/4.1/asm-4.1.jar:/Users/bhwang/.m2/repository/org/ow2/asm/asm-commons/4.1/asm-commons-4.1.jar:/Users/bhwang/.m2/repository/org/apache/httpcomponents/httpclient/4.3.1/httpclient-4.3.1.jar:/Users/bhwang/.m2/repository/org/apache/httpcomponents/httpcore/4.3/httpcore-4.3.jar:/Users/bhwang/.m2/repository/commons-logging/commons-logging/1.1.3/commons-logging-1.1.3.jar:/Users/bhwang/.m2/repository/commons-codec/commons-codec/1.6/commons-codec-1.6.jar:/Users/bhwang/.m2/repository/org/apache/lucene/lucene-core/4.6.1/lucene-core-4.6.1.jar:/Users/bhwang/.m2/repository/org/apache/lucene/lucene-analyzers-common/4.6.1/lucene-analyzers-common-4.6.1.jar:/Users/bhwang/.m2/repository/org/apache/lucene/lucene-codecs/4.6.1/lucene-codecs-4.6.1.jar:/Users/bhwang/.m2/repository/org/apache/lucene/lucene-queries/4.6.1/lucene-queries-4.6.1.jar:/Users/bhwang/.m2/repository/org/apache/lucene/lucene-memory/4.6.1/lucene-memory-4.6.1.jar:/Users/bhwang/.m2/repository/org/apache/lucene/lucene-highlighter/4.6.1/lucene-highlighter-4.6.1.jar:/Users/bhwang/.m2/repository/org/apache/lucene/lucene-queryparser/4.6.1/lucene-queryparser-4.6.1.jar:/Users/bhwang/.m2/repository/org/apache/lucene/lucene-sandbox/4.6.1/lucene-sandbox-4.6.1.jar:/Users/bhwang/.m2/repository/org/apache/lucene/lucene-suggest/4.6.1/lucene-suggest-4.6.1.jar:/Users/bhwang/.m2/repository/org/apache/lucene/lucene-misc/4.6.1/lucene-misc-4.6.1.jar:/Users/bhwang/.m2/repository/org/apache/lucene/lucene-join/4.6.1/lucene-join-4.6.1.jar:/Users/bhwang/.m2/repository/org/apache/lucene/lucene-grouping/4.6.1/lucene-grouping-4.6.1.jar:/Users/bhwang/.m2/repository/org/apache/lucene/lucene-spatial/4.6.1/lucene-spatial-4.6.1.jar:/Users/bhwang/.m2/repository/com/spatial4j/spatial4j/0.3/spatial4j-0.3.jar:/Users/bhwang/.m2/repository/com/vividsolutions/jts/1.12/jts-1.12.jar:/Users/bhwang/.m2/repository/com/google/guava/guava/16.0/guava-16.0.jar:/Users/bhwang/.m2/repository/com/carrotsearch/hppc/0.5.3/hppc-0.5.3.jar:/Users/bhwang/.m2/repository/joda-time/joda-time/2.3/joda-time-2.3.jar:/Users/bhwang/.m2/repository/org/joda/joda-convert/1.2/joda-convert-1.2.jar:/Users/bhwang/.m2/repository/org/mvel/mvel2/2.1.5.Final/mvel2-2.1.5.Final.jar:/Users/bhwang/.m2/repository/com/fasterxml/jackson/core/jackson-core/2.3.0/jackson-core-2.3.0.jar:/Users/bhwang/.m2/repository/com/fasterxml/jackson/dataformat/jackson-dataformat-smile/2.3.0/jackson-dataformat-smile-2.3.0.jar:/Users/bhwang/.m2/repository/com/fasterxml/jackson/dataformat/jackson-dataformat-yaml/2.3.0/jackson-dataformat-yaml-2.3.0.jar:/Users/bhwang/.m2/repository/io/netty/netty/3.9.0.Final/netty-3.9.0.Final.jar:/Users/bhwang/.m2/repository/com/ning/compress-lzf/0.9.6/compress-lzf-0.9.6.jar:/Users/bhwang/.m2/repository/log4j/log4j/1.2.17/log4j-1.2.17.jar:/Users/bhwang/.m2/repository/org/slf4j/slf4j-api/1.6.2/slf4j-api-1.6.2.jar:/Users/bhwang/.m2/repository/net/java/dev/jna/jna/3.3.0/jna-3.3.0.jar:/Users/bhwang/.m2/repository/org/fusesource/sigar/1.6.4/sigar-1.6.4.jar:/Users/bhwang/.m2/repository/com/carrotsearch/randomizedtesting/junit4-ant/2.0.15/junit4-ant-2.0.15.jar"/>
      <property name="java.class.version" value="51.0"/>
      <property name="java.endorsed.dirs" value="/Library/Java/JavaVirtualMachines/jdk1.7.0_45.jdk/Contents/Home/jre/lib/endorsed"/>
      <property name="java.ext.dirs" value="/Users/bhwang/Library/Java/Extensions:/Library/Java/JavaVirtualMachines/jdk1.7.0_45.jdk/Contents/Home/jre/lib/ext:/Library/Java/Extensions:/Network/Library/Java/Extensions:/System/Library/Java/Extensions:/usr/lib/java"/>
      <property name="java.home" value="/Library/Java/JavaVirtualMachines/jdk1.7.0_45.jdk/Contents/Home/jre"/>
      <property name="java.io.tmpdir" value="."/>
      <property name="java.library.path" value="/Users/bhwang/Library/Java/Extensions:/Library/Java/Extensions:/Network/Library/Java/Extensions:/System/Library/Java/Extensions:/usr/lib/java:."/>
      <property name="java.runtime.name" value="Java(TM) SE Runtime Environment"/>
      <property name="java.runtime.version" value="1.7.0_45-b18"/>
      <property name="java.security.policy" value="/Users/bhwang/elasticsearch/dev-tools/tests.policy"/>
      <property name="java.specification.name" value="Java Platform API Specification"/>
      <property name="java.specification.vendor" value="Oracle Corporation"/>
      <property name="java.specification.version" value="1.7"/>
      <property name="java.vendor" value="Oracle Corporation"/>
      <property name="java.vendor.url" value="http://java.oracle.com/"/>
      <property name="java.vendor.url.bug" value="http://bugreport.sun.com/bugreport/"/>
      <property name="java.version" value="1.7.0_45"/>
      <property name="java.vm.info" value="mixed mode"/>
      <property name="java.vm.name" value="Java HotSpot(TM) 64-Bit Server VM"/>
      <property name="java.vm.specification.name" value="Java Virtual Machine Specification"/>
      <property name="java.vm.specification.vendor" value="Oracle Corporation"/>
      <property name="java.vm.specification.version" value="1.7"/>
      <property name="java.vm.vendor" value="Oracle Corporation"/>
      <property name="java.vm.version" value="24.45-b08"/>
      <property name="junit4.childvm.cwd" value="/Users/bhwang/elasticsearch/target/J0"/>
      <property name="junit4.childvm.id" value="0"/>
      <property name="junit4.memory.total" value="128974848"/>
      <property name="junit4.pidString" value="6815@Bills-MacBook-Pro.local"/>
      <property name="junit4.processors" value="4"/>
      <property name="junit4.tempDir" value="/Users/bhwang/elasticsearch/target"/>
      <property name="line.separator" value="
"/>
      <property name="os.arch" value="x86_64"/>
      <property name="os.name" value="Mac OS X"/>
      <property name="os.version" value="10.9.1"/>
      <property name="path.separator" value=":"/>
      <property name="socksNonProxyHosts" value="local|*.local|169.254/16|*.169.254/16"/>
      <property name="sun.arch.data.model" value="64"/>
      <property name="sun.boot.class.path" value="/Library/Java/JavaVirtualMachines/jdk1.7.0_45.jdk/Contents/Home/jre/lib/resources.jar:/Library/Java/JavaVirtualMachines/jdk1.7.0_45.jdk/Contents/Home/jre/lib/rt.jar:/Library/Java/JavaVirtualMachines/jdk1.7.0_45.jdk/Contents/Home/jre/lib/sunrsasign.jar:/Library/Java/JavaVirtualMachines/jdk1.7.0_45.jdk/Contents/Home/jre/lib/jsse.jar:/Library/Java/JavaVirtualMachines/jdk1.7.0_45.jdk/Contents/Home/jre/lib/jce.jar:/Library/Java/JavaVirtualMachines/jdk1.7.0_45.jdk/Contents/Home/jre/lib/charsets.jar:/Library/Java/JavaVirtualMachines/jdk1.7.0_45.jdk/Contents/Home/jre/lib/jfr.jar:/Library/Java/JavaVirtualMachines/jdk1.7.0_45.jdk/Contents/Home/jre/lib/JObjC.jar:/Library/Java/JavaVirtualMachines/jdk1.7.0_45.jdk/Contents/Home/jre/classes"/>
      <property name="sun.boot.library.path" value="/Library/Java/JavaVirtualMachines/jdk1.7.0_45.jdk/Contents/Home/jre/lib"/>
      <property name="sun.cpu.endian" value="little"/>
      <property name="sun.cpu.isalist" value=""/>
      <property name="sun.io.unicode.encoding" value="UnicodeBig"/>
      <property name="sun.java.command" value="com.carrotsearch.ant.tasks.junit4.slave.SlaveMainSafe -flush -eventsfile /Users/bhwang/elasticsearch/target/junit4-J0-20140218_153326_767.events @/Users/bhwang/elasticsearch/target/junit4-J0-20140218_153326_767.suites -stdin"/>
      <property name="sun.java.launcher" value="SUN_STANDARD"/>
      <property name="sun.jnu.encoding" value="UTF-8"/>
      <property name="sun.management.compiler" value="HotSpot 64-Bit Tiered Compilers"/>
      <property name="sun.os.patch.level" value="unknown"/>
      <property name="tests.appendseed" value=""/>
      <property name="tests.assertion.disabled" value=""/>
      <property name="tests.awaitsfix" value=""/>
      <property name="tests.badapples" value=""/>
      <property name="tests.class" value=""/>
      <property name="tests.client.ratio" value=""/>
      <property name="tests.cluster_seed" value=""/>
      <property name="tests.enable_mock_modules" value=""/>
      <property name="tests.failfast" value=""/>
      <property name="tests.integration" value=""/>
      <property name="tests.iters" value=""/>
      <property name="tests.jvm.argline" value=""/>
      <property name="tests.maxfailures" value=""/>
      <property name="tests.method" value=""/>
      <property name="tests.network" value=""/>
      <property name="tests.nightly" value=""/>
      <property name="tests.prefix" value="tests"/>
      <property name="tests.rest" value=""/>
      <property name="tests.rest.spec" value=""/>
      <property name="tests.rest.suite" value=""/>
      <property name="tests.security.manager" value=""/>
      <property name="tests.seed" value="A89B4FF56754358E"/>
      <property name="tests.showSuccess" value=""/>
      <property name="tests.slow" value=""/>
      <property name="tests.timeoutSuite" value=""/>
      <property name="tests.weekly" value=""/>
      <property name="user.country" value="US"/>
      <property name="user.dir" value="/Users/bhwang/elasticsearch/target/J0"/>
      <property name="user.home" value="/Users/bhwang"/>
      <property name="user.language" value="en"/>
      <property name="user.name" value="bhwang"/>
      <property name="user.timezone" value=""/>
   </properties>
   <testcase classname="org.elasticsearch.search.sort.SimpleSortTests" name="testSortMinValueScript" time="0.29"/>
   <testcase classname="org.elasticsearch.search.sort.SimpleSortTests" name="testSortMetaField" time="0.217"/>
   <testcase classname="org.elasticsearch.search.sort.SimpleSortTests" name="testIssue2986" time="0.139"/>
   <testcase classname="org.elasticsearch.search.sort.SimpleSortTests" name="testSortMissingStrings" time="2.461"/>
   <testcase classname="org.elasticsearch.search.sort.SimpleSortTests" name="testSortMissingNumbers" time="0.394"/>
   <testcase classname="org.elasticsearch.search.sort.SimpleSortTests" name="testIssue2991" time="1.015"/>
   <testcase classname="org.elasticsearch.search.sort.SimpleSortTests" name="testDocumentsWithNullValue" time="0.462"/>
   <testcase classname="org.elasticsearch.search.sort.SimpleSortTests" name="testRandomSorting" time="1.654"/>
   <testcase classname="org.elasticsearch.search.sort.SimpleSortTests" name="testSimpleSorts" time="0.851"/>
   <testcase classname="org.elasticsearch.search.sort.SimpleSortTests" name="testIgnoreUnmapped" time="0.147"/>
   <testcase classname="org.elasticsearch.search.sort.SimpleSortTests" name="testScoreSortDirection" time="0.397"/>
   <testcase classname="org.elasticsearch.search.sort.SimpleSortTests" name="testTrackScores" time="0.245"/>
   <testcase classname="org.elasticsearch.search.sort.SimpleSortTests" name="testSortMVField" time="0.478"/>
   <testcase classname="org.elasticsearch.search.sort.SimpleSortTests" name="testScoreSortDirection_withFunctionScore" time="0.645"/>
   <testcase classname="org.elasticsearch.search.sort.SimpleSortTests" name="test2920" time="0.276"/>
   <testcase classname="org.elasticsearch.search.sort.SimpleSortTests" name="test3078" time="0.457"/>
   <testcase classname="org.elasticsearch.search.sort.SimpleSortTests" name="testSortOnRareField" time="0.534"/>
   <system-out><![CDATA[[2014-02-18 16:00:14,965][INFO ][test                     ] Test testSortMinValueScript(org.elasticsearch.search.sort.SimpleSortTests) started
[2014-02-18 16:00:14,970][INFO ][search.sort              ] [SimpleSortTests#testSortMinValueScript]: before test
[2014-02-18 16:00:14,986][INFO ][cluster.metadata         ] [node_0] [test] creating index, cause [api], shards [3]/[0], mappings [type1]
[2014-02-18 16:00:15,091][INFO ][cluster.metadata         ] [node_0] [test] update_mapping [type1] (dynamic)
[2014-02-18 16:00:15,236][INFO ][search.sort              ] [SimpleSortTests#testSortMinValueScript]: cleaning up after test
[2014-02-18 16:00:15,237][INFO ][cluster.metadata         ] [node_0] [test] deleting index
[2014-02-18 16:00:15,254][INFO ][search.sort              ] [SimpleSortTests#testSortMinValueScript]: cleaned up after test
[2014-02-18 16:00:15,255][INFO ][test                     ] Test testSortMinValueScript(org.elasticsearch.search.sort.SimpleSortTests) finished
[2014-02-18 16:00:15,255][INFO ][test                     ] Test testSortMetaField(org.elasticsearch.search.sort.SimpleSortTests) started
[2014-02-18 16:00:15,261][INFO ][search.sort              ] [SimpleSortTests#testSortMetaField]: before test
[2014-02-18 16:00:15,273][INFO ][cluster.metadata         ] [node_0] [test] creating index, cause [api], shards [3]/[0], mappings [typ]
[2014-02-18 16:00:15,344][INFO ][search.sort              ] Index [10] docs async: [true] bulk: [false]
[2014-02-18 16:00:15,453][INFO ][search.sort              ] [SimpleSortTests#testSortMetaField]: cleaning up after test
[2014-02-18 16:00:15,454][INFO ][cluster.metadata         ] [node_0] [test] deleting index
[2014-02-18 16:00:15,471][INFO ][search.sort              ] [SimpleSortTests#testSortMetaField]: cleaned up after test
[2014-02-18 16:00:15,471][INFO ][test                     ] Test testSortMetaField(org.elasticsearch.search.sort.SimpleSortTests) finished
[2014-02-18 16:00:15,472][INFO ][test                     ] Test testIssue2986(org.elasticsearch.search.sort.SimpleSortTests) started
[2014-02-18 16:00:15,475][INFO ][search.sort              ] [SimpleSortTests#testIssue2986]: before test
[2014-02-18 16:00:15,483][INFO ][cluster.metadata         ] [node_0] [test] creating index, cause [api], shards [3]/[0], mappings []
[2014-02-18 16:00:15,535][INFO ][cluster.metadata         ] [node_0] [test] update_mapping [post] (dynamic)
[2014-02-18 16:00:15,584][INFO ][search.sort              ] [SimpleSortTests#testIssue2986]: cleaning up after test
[2014-02-18 16:00:15,585][INFO ][cluster.metadata         ] [node_0] [test] deleting index
[2014-02-18 16:00:15,610][INFO ][search.sort              ] [SimpleSortTests#testIssue2986]: cleaned up after test
[2014-02-18 16:00:15,611][INFO ][test                     ] Test testIssue2986(org.elasticsearch.search.sort.SimpleSortTests) finished
[2014-02-18 16:00:15,611][INFO ][test                     ] Test testSortMissingStrings(org.elasticsearch.search.sort.SimpleSortTests) started
[2014-02-18 16:00:15,618][INFO ][search.sort              ] [SimpleSortTests#testSortMissingStrings]: before test
[2014-02-18 16:00:15,637][INFO ][cluster.metadata         ] [node_0] [test] creating index, cause [api], shards [3]/[0], mappings [type1]
[2014-02-18 16:00:15,762][INFO ][cluster.metadata         ] [node_0] [test] update_mapping [type1] (dynamic)
[2014-02-18 16:00:18,033][INFO ][search.sort              ] --> sort with no missing (same as missing _last)
[2014-02-18 16:00:18,037][INFO ][search.sort              ] --> sort with missing _last
[2014-02-18 16:00:18,039][INFO ][search.sort              ] --> sort with missing _first
[2014-02-18 16:00:18,041][INFO ][search.sort              ] --> sort with missing b
[2014-02-18 16:00:18,043][INFO ][search.sort              ] [SimpleSortTests#testSortMissingStrings]: cleaning up after test
[2014-02-18 16:00:18,044][INFO ][cluster.metadata         ] [node_0] [test] deleting index
[2014-02-18 16:00:18,071][INFO ][search.sort              ] [SimpleSortTests#testSortMissingStrings]: cleaned up after test
[2014-02-18 16:00:18,072][INFO ][test                     ] Test testSortMissingStrings(org.elasticsearch.search.sort.SimpleSortTests) finished
[2014-02-18 16:00:18,072][INFO ][test                     ] Test testSortMissingNumbers(org.elasticsearch.search.sort.SimpleSortTests) started
[2014-02-18 16:00:18,080][INFO ][plugins                  ] [transport_client_node_1] loaded [], sites []
[2014-02-18 16:00:18,161][INFO ][search.sort              ] [SimpleSortTests#testSortMissingNumbers]: before test
[2014-02-18 16:00:18,183][INFO ][cluster.metadata         ] [node_0] [test] creating index, cause [api], shards [3]/[0], mappings [type1]
[2014-02-18 16:00:18,246][INFO ][cluster.metadata         ] [node_0] [test] update_mapping [type1] (dynamic)
[2014-02-18 16:00:18,421][INFO ][search.sort              ] --> sort with no missing (same as missing _last)
[2014-02-18 16:00:18,426][INFO ][search.sort              ] --> sort with missing _last
[2014-02-18 16:00:18,430][INFO ][search.sort              ] --> sort with missing _first
[2014-02-18 16:00:18,434][INFO ][search.sort              ] [SimpleSortTests#testSortMissingNumbers]: cleaning up after test
[2014-02-18 16:00:18,436][INFO ][cluster.metadata         ] [node_0] [test] deleting index
[2014-02-18 16:00:18,459][INFO ][search.sort              ] [SimpleSortTests#testSortMissingNumbers]: cleaned up after test
[2014-02-18 16:00:18,465][INFO ][test                     ] Test testSortMissingNumbers(org.elasticsearch.search.sort.SimpleSortTests) finished
[2014-02-18 16:00:18,466][INFO ][test                     ] Test testIssue2991(org.elasticsearch.search.sort.SimpleSortTests) started
[2014-02-18 16:00:18,470][INFO ][search.sort              ] [SimpleSortTests#testIssue2991]: before test
[2014-02-18 16:00:18,472][INFO ][plugins                  ] [transport_client_node_2] loaded [], sites []
[2014-02-18 16:00:18,514][INFO ][cluster.metadata         ] [node_0] [test] creating index, cause [api], shards [1]/[0], mappings []
[2014-02-18 16:00:18,548][INFO ][cluster.metadata         ] [node_0] [test] update_mapping [type] (dynamic)
[2014-02-18 16:00:18,646][INFO ][cluster.metadata         ] [node_0] [test] deleting index
[2014-02-18 16:00:18,670][INFO ][cluster.metadata         ] [node_0] [test] creating index, cause [api], shards [2]/[0], mappings []
[2014-02-18 16:00:18,912][INFO ][cluster.metadata         ] [node_0] [test] update_mapping [type] (dynamic)
[2014-02-18 16:00:19,001][INFO ][cluster.metadata         ] [node_0] [test] deleting index
[2014-02-18 16:00:19,021][INFO ][cluster.metadata         ] [node_0] [test] creating index, cause [api], shards [3]/[0], mappings []
[2014-02-18 16:00:19,263][INFO ][cluster.metadata         ] [node_0] [test] update_mapping [type] (dynamic)
[2014-02-18 16:00:19,460][INFO ][search.sort              ] [SimpleSortTests#testIssue2991]: cleaning up after test
[2014-02-18 16:00:19,462][INFO ][cluster.metadata         ] [node_0] [test] deleting index
[2014-02-18 16:00:19,477][INFO ][search.sort              ] [SimpleSortTests#testIssue2991]: cleaned up after test
[2014-02-18 16:00:19,481][INFO ][test                     ] Test testIssue2991(org.elasticsearch.search.sort.SimpleSortTests) finished
[2014-02-18 16:00:19,481][INFO ][test                     ] Test testDocumentsWithNullValue(org.elasticsearch.search.sort.SimpleSortTests) started
[2014-02-18 16:00:19,487][INFO ][search.sort              ] [SimpleSortTests#testDocumentsWithNullValue]: before test
[2014-02-18 16:00:19,496][INFO ][cluster.metadata         ] [node_0] [test] creating index, cause [api], shards [3]/[0], mappings [type1]
[2014-02-18 16:00:19,549][INFO ][cluster.metadata         ] [node_0] [test] update_mapping [type1] (dynamic)
[2014-02-18 16:00:19,927][INFO ][search.sort              ] [SimpleSortTests#testDocumentsWithNullValue]: cleaning up after test
[2014-02-18 16:00:19,928][INFO ][cluster.metadata         ] [node_0] [test] deleting index
[2014-02-18 16:00:19,943][INFO ][search.sort              ] [SimpleSortTests#testDocumentsWithNullValue]: cleaned up after test
[2014-02-18 16:00:19,943][INFO ][test                     ] Test testDocumentsWithNullValue(org.elasticsearch.search.sort.SimpleSortTests) finished
[2014-02-18 16:00:19,944][INFO ][test                     ] Test testRandomSorting(org.elasticsearch.search.sort.SimpleSortTests) started
[2014-02-18 16:00:19,948][INFO ][plugins                  ] [transport_client_node_1] loaded [], sites []
[2014-02-18 16:00:19,976][INFO ][plugins                  ] [transport_client_node_0] loaded [], sites []
[2014-02-18 16:00:20,006][INFO ][search.sort              ] [SimpleSortTests#testRandomSorting]: before test
[2014-02-18 16:00:20,015][INFO ][cluster.metadata         ] [node_0] [test] creating index, cause [api], shards [5]/[0], mappings [type]
[2014-02-18 16:00:20,087][INFO ][plugins                  ] [transport_client_node_2] loaded [], sites []
[2014-02-18 16:00:20,117][INFO ][search.sort              ] Index [208] docs async: [true] bulk: [false]
[2014-02-18 16:00:21,544][INFO ][search.sort              ] [SimpleSortTests#testRandomSorting]: cleaning up after test
[2014-02-18 16:00:21,546][INFO ][cluster.metadata         ] [node_0] [test] deleting index
[2014-02-18 16:00:21,584][INFO ][search.sort              ] [SimpleSortTests#testRandomSorting]: cleaned up after test
[2014-02-18 16:00:21,598][INFO ][test                     ] Test testRandomSorting(org.elasticsearch.search.sort.SimpleSortTests) finished
[2014-02-18 16:00:21,599][INFO ][test                     ] Test testSimpleSorts(org.elasticsearch.search.sort.SimpleSortTests) started
[2014-02-18 16:00:21,604][INFO ][plugins                  ] [transport_client_node_2] loaded [], sites []
[2014-02-18 16:00:21,687][INFO ][search.sort              ] [SimpleSortTests#testSimpleSorts]: before test
[2014-02-18 16:00:21,704][INFO ][cluster.metadata         ] [node_0] [test] creating index, cause [api], shards [3]/[0], mappings [type1]
[2014-02-18 16:00:22,424][INFO ][search.sort              ] [SimpleSortTests#testSimpleSorts]: cleaning up after test
[2014-02-18 16:00:22,425][INFO ][cluster.metadata         ] [node_0] [test] deleting index
[2014-02-18 16:00:22,445][INFO ][search.sort              ] [SimpleSortTests#testSimpleSorts]: cleaned up after test
[2014-02-18 16:00:22,450][INFO ][test                     ] Test testSimpleSorts(org.elasticsearch.search.sort.SimpleSortTests) finished
[2014-02-18 16:00:22,450][INFO ][test                     ] Test testIgnoreUnmapped(org.elasticsearch.search.sort.SimpleSortTests) started
[2014-02-18 16:00:22,455][INFO ][search.sort              ] [SimpleSortTests#testIgnoreUnmapped]: before test
[2014-02-18 16:00:22,458][INFO ][plugins                  ] [transport_client_node_0] loaded [], sites []
[2014-02-18 16:00:22,503][INFO ][cluster.metadata         ] [node_0] [test] creating index, cause [api], shards [3]/[0], mappings []
[2014-02-18 16:00:22,556][INFO ][cluster.metadata         ] [node_0] [test] update_mapping [type1] (dynamic)
[2014-02-18 16:00:22,557][INFO ][search.sort              ] --> sort with an unmapped field, verify it fails
[2014-02-18 16:00:22,561][INFO ][search.sort              ] [SimpleSortTests#testIgnoreUnmapped]: cleaning up after test
[2014-02-18 16:00:22,563][INFO ][cluster.metadata         ] [node_0] [test] deleting index
[2014-02-18 16:00:22,590][INFO ][search.sort              ] [SimpleSortTests#testIgnoreUnmapped]: cleaned up after test
[2014-02-18 16:00:22,597][INFO ][test                     ] Test testIgnoreUnmapped(org.elasticsearch.search.sort.SimpleSortTests) finished
[2014-02-18 16:00:22,598][INFO ][test                     ] Test testScoreSortDirection(org.elasticsearch.search.sort.SimpleSortTests) started
[2014-02-18 16:00:22,605][INFO ][plugins                  ] [transport_client_node_2] loaded [], sites []
[2014-02-18 16:00:22,635][INFO ][search.sort              ] [SimpleSortTests#testScoreSortDirection]: before test
[2014-02-18 16:00:22,643][INFO ][cluster.metadata         ] [node_0] [test] creating index, cause [api], shards [1]/[1], mappings []
[2014-02-18 16:00:22,664][INFO ][plugins                  ] [transport_client_node_1] loaded [], sites []
[2014-02-18 16:00:22,913][INFO ][cluster.metadata         ] [node_0] [test] update_mapping [type] (dynamic)
[2014-02-18 16:00:22,966][INFO ][search.sort              ] [SimpleSortTests#testScoreSortDirection]: cleaning up after test
[2014-02-18 16:00:22,969][INFO ][cluster.metadata         ] [node_0] [test] deleting index
[2014-02-18 16:00:22,985][INFO ][search.sort              ] [SimpleSortTests#testScoreSortDirection]: cleaned up after test
[2014-02-18 16:00:22,994][INFO ][test                     ] Test testScoreSortDirection(org.elasticsearch.search.sort.SimpleSortTests) finished
[2014-02-18 16:00:22,995][INFO ][test                     ] Test testTrackScores(org.elasticsearch.search.sort.SimpleSortTests) started
[2014-02-18 16:00:23,000][INFO ][plugins                  ] [transport_client_node_0] loaded [], sites []
[2014-02-18 16:00:23,029][INFO ][search.sort              ] [SimpleSortTests#testTrackScores]: before test
[2014-02-18 16:00:23,039][INFO ][cluster.metadata         ] [node_0] [test] creating index, cause [api], shards [3]/[0], mappings []
[2014-02-18 16:00:23,095][INFO ][cluster.metadata         ] [node_0] [test] update_mapping [type1] (dynamic)
[2014-02-18 16:00:23,214][INFO ][search.sort              ] [SimpleSortTests#testTrackScores]: cleaning up after test
[2014-02-18 16:00:23,216][INFO ][cluster.metadata         ] [node_0] [test] deleting index
[2014-02-18 16:00:23,235][INFO ][search.sort              ] [SimpleSortTests#testTrackScores]: cleaned up after test
[2014-02-18 16:00:23,240][INFO ][test                     ] Test testTrackScores(org.elasticsearch.search.sort.SimpleSortTests) finished
[2014-02-18 16:00:23,241][INFO ][test                     ] Test testSortMVField(org.elasticsearch.search.sort.SimpleSortTests) started
[2014-02-18 16:00:23,246][INFO ][plugins                  ] [transport_client_node_0] loaded [], sites []
[2014-02-18 16:00:23,279][INFO ][plugins                  ] [transport_client_node_2] loaded [], sites []
[2014-02-18 16:00:23,307][INFO ][search.sort              ] [SimpleSortTests#testSortMVField]: before test
[2014-02-18 16:00:23,309][INFO ][plugins                  ] [transport_client_node_1] loaded [], sites []
[2014-02-18 16:00:23,353][INFO ][cluster.metadata         ] [node_0] [test] creating index, cause [api], shards [1]/[0], mappings [type1]
[2014-02-18 16:00:23,691][INFO ][search.sort              ] [SimpleSortTests#testSortMVField]: cleaning up after test
[2014-02-18 16:00:23,692][INFO ][cluster.metadata         ] [node_0] [test] deleting index
[2014-02-18 16:00:23,705][INFO ][search.sort              ] [SimpleSortTests#testSortMVField]: cleaned up after test
[2014-02-18 16:00:23,719][INFO ][test                     ] Test testSortMVField(org.elasticsearch.search.sort.SimpleSortTests) finished
[2014-02-18 16:00:23,720][INFO ][test                     ] Test testScoreSortDirection_withFunctionScore(org.elasticsearch.search.sort.SimpleSortTests) started
[2014-02-18 16:00:23,726][INFO ][plugins                  ] [transport_client_node_0] loaded [], sites []
[2014-02-18 16:00:23,766][INFO ][plugins                  ] [transport_client_node_2] loaded [], sites []
[2014-02-18 16:00:23,817][INFO ][search.sort              ] [SimpleSortTests#testScoreSortDirection_withFunctionScore]: before test
[2014-02-18 16:00:23,886][INFO ][cluster.metadata         ] [node_0] [test] creating index, cause [api], shards [1]/[1], mappings []
[2014-02-18 16:00:24,253][INFO ][cluster.metadata         ] [node_0] [test] update_mapping [type] (dynamic)
[2014-02-18 16:00:24,287][INFO ][search.sort              ] [SimpleSortTests#testScoreSortDirection_withFunctionScore]: cleaning up after test
[2014-02-18 16:00:24,289][INFO ][cluster.metadata         ] [node_0] [test] deleting index
[2014-02-18 16:00:24,350][INFO ][search.sort              ] [SimpleSortTests#testScoreSortDirection_withFunctionScore]: cleaned up after test
[2014-02-18 16:00:24,365][INFO ][test                     ] Test testScoreSortDirection_withFunctionScore(org.elasticsearch.search.sort.SimpleSortTests) finished
[2014-02-18 16:00:24,365][INFO ][test                     ] Test test2920(org.elasticsearch.search.sort.SimpleSortTests) started
[2014-02-18 16:00:24,372][INFO ][search.sort              ] [SimpleSortTests#test2920]: before test
[2014-02-18 16:00:24,391][INFO ][cluster.metadata         ] [node_0] [test] creating index, cause [api], shards [3]/[0], mappings [test]
[2014-02-18 16:00:24,479][INFO ][plugins                  ] [transport_client_node_2] loaded [], sites []
[2014-02-18 16:00:24,616][INFO ][search.sort              ] [SimpleSortTests#test2920]: cleaning up after test
[2014-02-18 16:00:24,619][INFO ][cluster.metadata         ] [node_0] [test] deleting index
[2014-02-18 16:00:24,636][INFO ][search.sort              ] [SimpleSortTests#test2920]: cleaned up after test
[2014-02-18 16:00:24,640][INFO ][test                     ] Test test2920(org.elasticsearch.search.sort.SimpleSortTests) finished
[2014-02-18 16:00:24,641][INFO ][test                     ] Test test3078(org.elasticsearch.search.sort.SimpleSortTests) started
[2014-02-18 16:00:24,646][INFO ][plugins                  ] [transport_client_node_1] loaded [], sites []
[2014-02-18 16:00:24,675][INFO ][plugins                  ] [transport_client_node_0] loaded [], sites []
[2014-02-18 16:00:24,702][INFO ][search.sort              ] [SimpleSortTests#test3078]: before test
[2014-02-18 16:00:24,711][INFO ][cluster.metadata         ] [node_0] [test] creating index, cause [api], shards [3]/[0], mappings []
[2014-02-18 16:00:24,756][INFO ][plugins                  ] [transport_client_node_2] loaded [], sites []
[2014-02-18 16:00:24,792][INFO ][cluster.metadata         ] [node_0] [test] update_mapping [type] (dynamic)
[2014-02-18 16:00:25,067][INFO ][search.sort              ] [SimpleSortTests#test3078]: cleaning up after test
[2014-02-18 16:00:25,068][INFO ][cluster.metadata         ] [node_0] [test] deleting index
[2014-02-18 16:00:25,087][INFO ][search.sort              ] [SimpleSortTests#test3078]: cleaned up after test
[2014-02-18 16:00:25,098][INFO ][test                     ] Test test3078(org.elasticsearch.search.sort.SimpleSortTests) finished
[2014-02-18 16:00:25,099][INFO ][test                     ] Test testSortOnRareField(org.elasticsearch.search.sort.SimpleSortTests) started
[2014-02-18 16:00:25,103][INFO ][search.sort              ] [SimpleSortTests#testSortOnRareField]: before test
[2014-02-18 16:00:25,114][INFO ][cluster.metadata         ] [node_0] [test] creating index, cause [api], shards [1]/[0], mappings [type1]
[2014-02-18 16:00:25,172][INFO ][cluster.metadata         ] [node_0] [test] update_mapping [type1] (dynamic)
[2014-02-18 16:00:25,615][INFO ][search.sort              ] [SimpleSortTests#testSortOnRareField]: cleaning up after test
[2014-02-18 16:00:25,616][INFO ][cluster.metadata         ] [node_0] [test] deleting index
[2014-02-18 16:00:25,633][INFO ][search.sort              ] [SimpleSortTests#testSortOnRareField]: cleaned up after test
[2014-02-18 16:00:25,633][INFO ][test                     ] Test testSortOnRareField(org.elasticsearch.search.sort.SimpleSortTests) finished
]]></system-out>
   <system-err><![CDATA[]]></system-err>
</testsuite>