<testsuite errors="0" failures="1" tests="7" skipped="0" name="org.elasticsearch.cluster.ClusterServiceTests" hostname="nohost.nodomain" time="37.464" timestamp="2014-02-18T16:05:55">
   <properties class="java.util.ArrayList">
      <property name="awt.toolkit" value="sun.lwawt.macosx.LWCToolkit"/>
      <property name="es.logger.level" value="INFO"/>
      <property name="es.logger.prefix" value=""/>
      <property name="es.node.local" value=""/>
      <property name="es.node.mode" value=""/>
      <property name="file.encoding" value="UTF-8"/>
      <property name="file.encoding.pkg" value="sun.io"/>
      <property name="file.separator" value="/"/>
      <property name="ftp.nonProxyHosts" value="local|*.local|169.254/16|*.169.254/16"/>
      <property name="gopherProxySet" value="false"/>
      <property name="http.nonProxyHosts" value="local|*.local|169.254/16|*.169.254/16"/>
      <property name="java.awt.graphicsenv" value="sun.awt.CGraphicsEnvironment"/>
      <property name="java.awt.headless" value="true"/>
      <property name="java.awt.printerjob" value="sun.lwawt.macosx.CPrinterJob"/>
      <property name="java.class.path" value="/Users/bhwang/elasticsearch/target/test-classes:/Users/bhwang/elasticsearch/target/classes:/Users/bhwang/.m2/repository/org/hamcrest/hamcrest-all/1.3/hamcrest-all-1.3.jar:/Users/bhwang/.m2/repository/com/carrotsearch/randomizedtesting/randomizedtesting-runner/2.0.15/randomizedtesting-runner-2.0.15.jar:/Users/bhwang/.m2/repository/junit/junit/4.10/junit-4.10.jar:/Users/bhwang/.m2/repository/org/apache/lucene/lucene-test-framework/4.6.1/lucene-test-framework-4.6.1.jar:/Users/bhwang/.m2/repository/org/apache/lucene/lucene-expressions/4.6.1/lucene-expressions-4.6.1.jar:/Users/bhwang/.m2/repository/org/antlr/antlr-runtime/3.5/antlr-runtime-3.5.jar:/Users/bhwang/.m2/repository/org/ow2/asm/asm/4.1/asm-4.1.jar:/Users/bhwang/.m2/repository/org/ow2/asm/asm-commons/4.1/asm-commons-4.1.jar:/Users/bhwang/.m2/repository/org/apache/httpcomponents/httpclient/4.3.1/httpclient-4.3.1.jar:/Users/bhwang/.m2/repository/org/apache/httpcomponents/httpcore/4.3/httpcore-4.3.jar:/Users/bhwang/.m2/repository/commons-logging/commons-logging/1.1.3/commons-logging-1.1.3.jar:/Users/bhwang/.m2/repository/commons-codec/commons-codec/1.6/commons-codec-1.6.jar:/Users/bhwang/.m2/repository/org/apache/lucene/lucene-core/4.6.1/lucene-core-4.6.1.jar:/Users/bhwang/.m2/repository/org/apache/lucene/lucene-analyzers-common/4.6.1/lucene-analyzers-common-4.6.1.jar:/Users/bhwang/.m2/repository/org/apache/lucene/lucene-codecs/4.6.1/lucene-codecs-4.6.1.jar:/Users/bhwang/.m2/repository/org/apache/lucene/lucene-queries/4.6.1/lucene-queries-4.6.1.jar:/Users/bhwang/.m2/repository/org/apache/lucene/lucene-memory/4.6.1/lucene-memory-4.6.1.jar:/Users/bhwang/.m2/repository/org/apache/lucene/lucene-highlighter/4.6.1/lucene-highlighter-4.6.1.jar:/Users/bhwang/.m2/repository/org/apache/lucene/lucene-queryparser/4.6.1/lucene-queryparser-4.6.1.jar:/Users/bhwang/.m2/repository/org/apache/lucene/lucene-sandbox/4.6.1/lucene-sandbox-4.6.1.jar:/Users/bhwang/.m2/repository/org/apache/lucene/lucene-suggest/4.6.1/lucene-suggest-4.6.1.jar:/Users/bhwang/.m2/repository/org/apache/lucene/lucene-misc/4.6.1/lucene-misc-4.6.1.jar:/Users/bhwang/.m2/repository/org/apache/lucene/lucene-join/4.6.1/lucene-join-4.6.1.jar:/Users/bhwang/.m2/repository/org/apache/lucene/lucene-grouping/4.6.1/lucene-grouping-4.6.1.jar:/Users/bhwang/.m2/repository/org/apache/lucene/lucene-spatial/4.6.1/lucene-spatial-4.6.1.jar:/Users/bhwang/.m2/repository/com/spatial4j/spatial4j/0.3/spatial4j-0.3.jar:/Users/bhwang/.m2/repository/com/vividsolutions/jts/1.12/jts-1.12.jar:/Users/bhwang/.m2/repository/com/google/guava/guava/16.0/guava-16.0.jar:/Users/bhwang/.m2/repository/com/carrotsearch/hppc/0.5.3/hppc-0.5.3.jar:/Users/bhwang/.m2/repository/joda-time/joda-time/2.3/joda-time-2.3.jar:/Users/bhwang/.m2/repository/org/joda/joda-convert/1.2/joda-convert-1.2.jar:/Users/bhwang/.m2/repository/org/mvel/mvel2/2.1.5.Final/mvel2-2.1.5.Final.jar:/Users/bhwang/.m2/repository/com/fasterxml/jackson/core/jackson-core/2.3.0/jackson-core-2.3.0.jar:/Users/bhwang/.m2/repository/com/fasterxml/jackson/dataformat/jackson-dataformat-smile/2.3.0/jackson-dataformat-smile-2.3.0.jar:/Users/bhwang/.m2/repository/com/fasterxml/jackson/dataformat/jackson-dataformat-yaml/2.3.0/jackson-dataformat-yaml-2.3.0.jar:/Users/bhwang/.m2/repository/io/netty/netty/3.9.0.Final/netty-3.9.0.Final.jar:/Users/bhwang/.m2/repository/com/ning/compress-lzf/0.9.6/compress-lzf-0.9.6.jar:/Users/bhwang/.m2/repository/log4j/log4j/1.2.17/log4j-1.2.17.jar:/Users/bhwang/.m2/repository/org/slf4j/slf4j-api/1.6.2/slf4j-api-1.6.2.jar:/Users/bhwang/.m2/repository/net/java/dev/jna/jna/3.3.0/jna-3.3.0.jar:/Users/bhwang/.m2/repository/org/fusesource/sigar/1.6.4/sigar-1.6.4.jar:/Users/bhwang/.m2/repository/com/carrotsearch/randomizedtesting/junit4-ant/2.0.15/junit4-ant-2.0.15.jar"/>
      <property name="java.class.version" value="51.0"/>
      <property name="java.endorsed.dirs" value="/Library/Java/JavaVirtualMachines/jdk1.7.0_45.jdk/Contents/Home/jre/lib/endorsed"/>
      <property name="java.ext.dirs" value="/Users/bhwang/Library/Java/Extensions:/Library/Java/JavaVirtualMachines/jdk1.7.0_45.jdk/Contents/Home/jre/lib/ext:/Library/Java/Extensions:/Network/Library/Java/Extensions:/System/Library/Java/Extensions:/usr/lib/java"/>
      <property name="java.home" value="/Library/Java/JavaVirtualMachines/jdk1.7.0_45.jdk/Contents/Home/jre"/>
      <property name="java.io.tmpdir" value="."/>
      <property name="java.library.path" value="/Users/bhwang/Library/Java/Extensions:/Library/Java/Extensions:/Network/Library/Java/Extensions:/System/Library/Java/Extensions:/usr/lib/java:."/>
      <property name="java.runtime.name" value="Java(TM) SE Runtime Environment"/>
      <property name="java.runtime.version" value="1.7.0_45-b18"/>
      <property name="java.security.policy" value="/Users/bhwang/elasticsearch/dev-tools/tests.policy"/>
      <property name="java.specification.name" value="Java Platform API Specification"/>
      <property name="java.specification.vendor" value="Oracle Corporation"/>
      <property name="java.specification.version" value="1.7"/>
      <property name="java.vendor" value="Oracle Corporation"/>
      <property name="java.vendor.url" value="http://java.oracle.com/"/>
      <property name="java.vendor.url.bug" value="http://bugreport.sun.com/bugreport/"/>
      <property name="java.version" value="1.7.0_45"/>
      <property name="java.vm.info" value="mixed mode"/>
      <property name="java.vm.name" value="Java HotSpot(TM) 64-Bit Server VM"/>
      <property name="java.vm.specification.name" value="Java Virtual Machine Specification"/>
      <property name="java.vm.specification.vendor" value="Oracle Corporation"/>
      <property name="java.vm.specification.version" value="1.7"/>
      <property name="java.vm.vendor" value="Oracle Corporation"/>
      <property name="java.vm.version" value="24.45-b08"/>
      <property name="junit4.childvm.cwd" value="/Users/bhwang/elasticsearch/target/J0"/>
      <property name="junit4.childvm.id" value="0"/>
      <property name="junit4.memory.total" value="128974848"/>
      <property name="junit4.pidString" value="6815@Bills-MacBook-Pro.local"/>
      <property name="junit4.processors" value="4"/>
      <property name="junit4.tempDir" value="/Users/bhwang/elasticsearch/target"/>
      <property name="line.separator" value="
"/>
      <property name="os.arch" value="x86_64"/>
      <property name="os.name" value="Mac OS X"/>
      <property name="os.version" value="10.9.1"/>
      <property name="path.separator" value=":"/>
      <property name="socksNonProxyHosts" value="local|*.local|169.254/16|*.169.254/16"/>
      <property name="sun.arch.data.model" value="64"/>
      <property name="sun.boot.class.path" value="/Library/Java/JavaVirtualMachines/jdk1.7.0_45.jdk/Contents/Home/jre/lib/resources.jar:/Library/Java/JavaVirtualMachines/jdk1.7.0_45.jdk/Contents/Home/jre/lib/rt.jar:/Library/Java/JavaVirtualMachines/jdk1.7.0_45.jdk/Contents/Home/jre/lib/sunrsasign.jar:/Library/Java/JavaVirtualMachines/jdk1.7.0_45.jdk/Contents/Home/jre/lib/jsse.jar:/Library/Java/JavaVirtualMachines/jdk1.7.0_45.jdk/Contents/Home/jre/lib/jce.jar:/Library/Java/JavaVirtualMachines/jdk1.7.0_45.jdk/Contents/Home/jre/lib/charsets.jar:/Library/Java/JavaVirtualMachines/jdk1.7.0_45.jdk/Contents/Home/jre/lib/jfr.jar:/Library/Java/JavaVirtualMachines/jdk1.7.0_45.jdk/Contents/Home/jre/lib/JObjC.jar:/Library/Java/JavaVirtualMachines/jdk1.7.0_45.jdk/Contents/Home/jre/classes"/>
      <property name="sun.boot.library.path" value="/Library/Java/JavaVirtualMachines/jdk1.7.0_45.jdk/Contents/Home/jre/lib"/>
      <property name="sun.cpu.endian" value="little"/>
      <property name="sun.cpu.isalist" value=""/>
      <property name="sun.io.unicode.encoding" value="UnicodeBig"/>
      <property name="sun.java.command" value="com.carrotsearch.ant.tasks.junit4.slave.SlaveMainSafe -flush -eventsfile /Users/bhwang/elasticsearch/target/junit4-J0-20140218_153326_767.events @/Users/bhwang/elasticsearch/target/junit4-J0-20140218_153326_767.suites -stdin"/>
      <property name="sun.java.launcher" value="SUN_STANDARD"/>
      <property name="sun.jnu.encoding" value="UTF-8"/>
      <property name="sun.management.compiler" value="HotSpot 64-Bit Tiered Compilers"/>
      <property name="sun.os.patch.level" value="unknown"/>
      <property name="tests.appendseed" value=""/>
      <property name="tests.assertion.disabled" value=""/>
      <property name="tests.awaitsfix" value=""/>
      <property name="tests.badapples" value=""/>
      <property name="tests.class" value=""/>
      <property name="tests.client.ratio" value=""/>
      <property name="tests.cluster_seed" value=""/>
      <property name="tests.enable_mock_modules" value=""/>
      <property name="tests.failfast" value=""/>
      <property name="tests.integration" value=""/>
      <property name="tests.iters" value=""/>
      <property name="tests.jvm.argline" value=""/>
      <property name="tests.maxfailures" value=""/>
      <property name="tests.method" value=""/>
      <property name="tests.network" value=""/>
      <property name="tests.nightly" value=""/>
      <property name="tests.prefix" value="tests"/>
      <property name="tests.rest" value=""/>
      <property name="tests.rest.spec" value=""/>
      <property name="tests.rest.suite" value=""/>
      <property name="tests.security.manager" value=""/>
      <property name="tests.seed" value="A89B4FF56754358E"/>
      <property name="tests.showSuccess" value=""/>
      <property name="tests.slow" value=""/>
      <property name="tests.timeoutSuite" value=""/>
      <property name="tests.weekly" value=""/>
      <property name="user.country" value="US"/>
      <property name="user.dir" value="/Users/bhwang/elasticsearch/target/J0"/>
      <property name="user.home" value="/Users/bhwang"/>
      <property name="user.language" value="en"/>
      <property name="user.name" value="bhwang"/>
      <property name="user.timezone" value=""/>
   </properties>
   <testcase classname="org.elasticsearch.cluster.ClusterServiceTests" name="testAckedUpdateTaskSameClusterState" time="0.073"/>
   <testcase classname="org.elasticsearch.cluster.ClusterServiceTests" name="testAckedUpdateTaskTimeoutZero" time="0.08"/>
   <testcase classname="org.elasticsearch.cluster.ClusterServiceTests" name="testTimeoutUpdateTask" time="0.186"/>
   <testcase classname="org.elasticsearch.cluster.ClusterServiceTests" name="testPendingUpdateTask" time="6.277"/>
   <testcase classname="org.elasticsearch.cluster.ClusterServiceTests" name="testAckedUpdateTask" time="0.067"/>
   <testcase classname="org.elasticsearch.cluster.ClusterServiceTests" name="testAckedUpdateTaskNoAckExpected" time="0.114"/>
   <testcase classname="org.elasticsearch.cluster.ClusterServiceTests" name="testListenerCallbacks" time="30.655">
      <failure message="
Expected: &lt;false&gt;
     got: &lt;true&gt;
" type="java.lang.AssertionError">java.lang.AssertionError: 
Expected: &lt;false&gt;
     got: &lt;true&gt;

	at __randomizedtesting.SeedInfo.seed([A89B4FF56754358E:1AC275051D25468D]:0)
	at org.junit.Assert.assertThat(Assert.java:780)
	at org.junit.Assert.assertThat(Assert.java:738)
	at org.elasticsearch.cluster.ClusterServiceTests.testListenerCallbacks(ClusterServiceTests.java:540)
	at sun.reflect.NativeMethodAccessorImpl.invoke0(Native Method)
	at sun.reflect.NativeMethodAccessorImpl.invoke(NativeMethodAccessorImpl.java:57)
	at sun.reflect.DelegatingMethodAccessorImpl.invoke(DelegatingMethodAccessorImpl.java:43)
	at java.lang.reflect.Method.invoke(Method.java:606)
	at com.carrotsearch.randomizedtesting.RandomizedRunner.invoke(RandomizedRunner.java:1558)
	at com.carrotsearch.randomizedtesting.RandomizedRunner.access$600(RandomizedRunner.java:79)
	at com.carrotsearch.randomizedtesting.RandomizedRunner$6.evaluate(RandomizedRunner.java:736)
	at com.carrotsearch.randomizedtesting.RandomizedRunner$7.evaluate(RandomizedRunner.java:772)
	at com.carrotsearch.randomizedtesting.RandomizedRunner$8.evaluate(RandomizedRunner.java:786)
	at org.apache.lucene.util.TestRuleSetupTeardownChained$1.evaluate(TestRuleSetupTeardownChained.java:50)
	at org.apache.lucene.util.TestRuleFieldCacheSanity$1.evaluate(TestRuleFieldCacheSanity.java:51)
	at org.apache.lucene.util.AbstractBeforeAfterRule$1.evaluate(AbstractBeforeAfterRule.java:46)
	at com.carrotsearch.randomizedtesting.rules.SystemPropertiesInvariantRule$1.evaluate(SystemPropertiesInvariantRule.java:55)
	at org.apache.lucene.util.TestRuleThreadAndTestName$1.evaluate(TestRuleThreadAndTestName.java:49)
	at org.apache.lucene.util.TestRuleIgnoreAfterMaxFailures$1.evaluate(TestRuleIgnoreAfterMaxFailures.java:70)
	at org.apache.lucene.util.TestRuleMarkFailure$1.evaluate(TestRuleMarkFailure.java:48)
	at com.carrotsearch.randomizedtesting.rules.StatementAdapter.evaluate(StatementAdapter.java:36)
	at com.carrotsearch.randomizedtesting.ThreadLeakControl$StatementRunner.run(ThreadLeakControl.java:358)
	at com.carrotsearch.randomizedtesting.ThreadLeakControl.forkTimeoutingTask(ThreadLeakControl.java:782)
	at com.carrotsearch.randomizedtesting.ThreadLeakControl$3.evaluate(ThreadLeakControl.java:442)
	at com.carrotsearch.randomizedtesting.RandomizedRunner.runSingleTest(RandomizedRunner.java:745)
	at com.carrotsearch.randomizedtesting.RandomizedRunner$3.evaluate(RandomizedRunner.java:647)
	at com.carrotsearch.randomizedtesting.RandomizedRunner$4.evaluate(RandomizedRunner.java:681)
	at com.carrotsearch.randomizedtesting.RandomizedRunner$5.evaluate(RandomizedRunner.java:692)
	at org.apache.lucene.util.AbstractBeforeAfterRule$1.evaluate(AbstractBeforeAfterRule.java:46)
	at org.apache.lucene.util.TestRuleStoreClassName$1.evaluate(TestRuleStoreClassName.java:42)
	at com.carrotsearch.randomizedtesting.rules.SystemPropertiesInvariantRule$1.evaluate(SystemPropertiesInvariantRule.java:55)
	at com.carrotsearch.randomizedtesting.rules.NoShadowingOrOverridesOnMethodsRule$1.evaluate(NoShadowingOrOverridesOnMethodsRule.java:39)
	at com.carrotsearch.randomizedtesting.rules.NoShadowingOrOverridesOnMethodsRule$1.evaluate(NoShadowingOrOverridesOnMethodsRule.java:39)
	at com.carrotsearch.randomizedtesting.rules.StatementAdapter.evaluate(StatementAdapter.java:36)
	at org.apache.lucene.util.TestRuleAssertionsRequired$1.evaluate(TestRuleAssertionsRequired.java:43)
	at org.apache.lucene.util.TestRuleMarkFailure$1.evaluate(TestRuleMarkFailure.java:48)
	at org.apache.lucene.util.TestRuleIgnoreAfterMaxFailures$1.evaluate(TestRuleIgnoreAfterMaxFailures.java:70)
	at org.apache.lucene.util.TestRuleIgnoreTestSuites$1.evaluate(TestRuleIgnoreTestSuites.java:55)
	at com.carrotsearch.randomizedtesting.rules.StatementAdapter.evaluate(StatementAdapter.java:36)
	at com.carrotsearch.randomizedtesting.ThreadLeakControl$StatementRunner.run(ThreadLeakControl.java:358)
	at java.lang.Thread.run(Thread.java:744)
</failure>
   </testcase>
   <system-out><![CDATA[[2014-02-18 16:05:55,673][INFO ][test                     ] Test testAckedUpdateTaskSameClusterState(org.elasticsearch.cluster.ClusterServiceTests) started
[2014-02-18 16:05:55,675][INFO ][test                     ] Setup TestCluster [TEST-Bills-MacBook-Pro.local-CHILD_VM=[0]-CLUSTER_SEED=[2044277337447687042]-HASH=[13541B70B66C8028]] with seed [1C5EBB6848F36382] using [0] nodes
[2014-02-18 16:05:55,675][INFO ][cluster                  ] [ClusterServiceTests#testAckedUpdateTaskSameClusterState]: before test
[2014-02-18 16:05:55,677][INFO ][node                     ] [node_0] version[1.0.0], pid[6815], build[a46900e/2014-02-18T23:32:25Z]
[2014-02-18 16:05:55,677][INFO ][node                     ] [node_0] initializing ...
[2014-02-18 16:05:55,677][INFO ][plugins                  ] [node_0] loaded [], sites []
[2014-02-18 16:05:55,713][INFO ][node                     ] [node_0] initialized
[2014-02-18 16:05:55,713][INFO ][node                     ] [node_0] starting ...
[2014-02-18 16:05:55,718][INFO ][transport                ] [node_0] bound_address {inet[/0:0:0:0:0:0:0:0:9303]}, publish_address {inet[/10.1.10.75:9303]}
[2014-02-18 16:05:55,721][INFO ][cluster.service          ] [node_0] new_master [node_0][_vDvgA5CSAq4-aVoQvkUHA][Bills-MacBook-Pro.local][inet[/10.1.10.75:9303]], reason: local-disco-initial_connect(master)
[2014-02-18 16:05:55,733][INFO ][discovery                ] [node_0] TEST-Bills-MacBook-Pro.local-CHILD_VM=[0]-CLUSTER_SEED=[2044277337447687042]-HASH=[13541B70B66C8028]/_vDvgA5CSAq4-aVoQvkUHA
[2014-02-18 16:05:55,734][INFO ][gateway                  ] [node_0] recovered [0] indices into cluster_state
[2014-02-18 16:05:55,737][INFO ][http                     ] [node_0] bound_address {inet[/0:0:0:0:0:0:0:0:9203]}, publish_address {inet[/10.1.10.75:9203]}
[2014-02-18 16:05:55,737][INFO ][node                     ] [node_0] started
[2014-02-18 16:05:55,739][INFO ][cluster                  ] [ClusterServiceTests#testAckedUpdateTaskSameClusterState]: cleaning up after test
[2014-02-18 16:05:55,739][INFO ][node                     ] [node_0] stopping ...
[2014-02-18 16:05:55,743][INFO ][node                     ] [node_0] stopped
[2014-02-18 16:05:55,743][INFO ][node                     ] [node_0] closing ...
[2014-02-18 16:05:55,744][INFO ][node                     ] [node_0] closed
[2014-02-18 16:05:55,744][INFO ][cluster                  ] [ClusterServiceTests#testAckedUpdateTaskSameClusterState]: cleaned up after test
[2014-02-18 16:05:55,745][INFO ][test                     ] Wipe data directory for all nodes locations: [data/d0/TEST-Bills-MacBook-Pro.local-CHILD_VM=[0]-CLUSTER_SEED=[2044277337447687042]-HASH=[13541B70B66C8028]/nodes/0]
[2014-02-18 16:05:55,746][INFO ][test                     ] Test testAckedUpdateTaskSameClusterState(org.elasticsearch.cluster.ClusterServiceTests) finished
[2014-02-18 16:05:55,746][INFO ][test                     ] Test testAckedUpdateTaskTimeoutZero(org.elasticsearch.cluster.ClusterServiceTests) started
[2014-02-18 16:05:55,748][INFO ][test                     ] Setup TestCluster [TEST-Bills-MacBook-Pro.local-CHILD_VM=[0]-CLUSTER_SEED=[3667658710085175298]-HASH=[13541B70BAC8DD38]] with seed [32E6242A2BFE8802] using [0] nodes
[2014-02-18 16:05:55,748][INFO ][cluster                  ] [ClusterServiceTests#testAckedUpdateTaskTimeoutZero]: before test
[2014-02-18 16:05:55,750][INFO ][node                     ] [node_0] version[1.0.0], pid[6815], build[a46900e/2014-02-18T23:32:25Z]
[2014-02-18 16:05:55,750][INFO ][node                     ] [node_0] initializing ...
[2014-02-18 16:05:55,750][INFO ][plugins                  ] [node_0] loaded [], sites []
[2014-02-18 16:05:55,794][INFO ][node                     ] [node_0] initialized
[2014-02-18 16:05:55,794][INFO ][node                     ] [node_0] starting ...
[2014-02-18 16:05:55,799][INFO ][transport                ] [node_0] bound_address {inet[/0:0:0:0:0:0:0:0:9303]}, publish_address {inet[/10.1.10.75:9303]}
[2014-02-18 16:05:55,800][INFO ][cluster.service          ] [node_0] new_master [node_0][G2t-t9yWSEyI9QZwcIL-jg][Bills-MacBook-Pro.local][inet[/10.1.10.75:9303]], reason: local-disco-initial_connect(master)
[2014-02-18 16:05:55,813][INFO ][discovery                ] [node_0] TEST-Bills-MacBook-Pro.local-CHILD_VM=[0]-CLUSTER_SEED=[3667658710085175298]-HASH=[13541B70BAC8DD38]/G2t-t9yWSEyI9QZwcIL-jg
[2014-02-18 16:05:55,814][INFO ][gateway                  ] [node_0] recovered [0] indices into cluster_state
[2014-02-18 16:05:55,817][INFO ][http                     ] [node_0] bound_address {inet[/0:0:0:0:0:0:0:0:9203]}, publish_address {inet[/10.1.10.75:9203]}
[2014-02-18 16:05:55,817][INFO ][node                     ] [node_0] started
[2014-02-18 16:05:55,818][INFO ][cluster                  ] [ClusterServiceTests#testAckedUpdateTaskTimeoutZero]: cleaning up after test
[2014-02-18 16:05:55,819][INFO ][node                     ] [node_0] stopping ...
[2014-02-18 16:05:55,823][INFO ][node                     ] [node_0] stopped
[2014-02-18 16:05:55,823][INFO ][node                     ] [node_0] closing ...
[2014-02-18 16:05:55,825][INFO ][node                     ] [node_0] closed
[2014-02-18 16:05:55,825][INFO ][cluster                  ] [ClusterServiceTests#testAckedUpdateTaskTimeoutZero]: cleaned up after test
[2014-02-18 16:05:55,825][INFO ][test                     ] Wipe data directory for all nodes locations: [/Users/bhwang/elasticsearch/target/J0/data/TEST-Bills-MacBook-Pro.local-CHILD_VM=[0]-CLUSTER_SEED=[3667658710085175298]-HASH=[13541B70BAC8DD38]/nodes/0]
[2014-02-18 16:05:55,826][INFO ][test                     ] Test testAckedUpdateTaskTimeoutZero(org.elasticsearch.cluster.ClusterServiceTests) finished
[2014-02-18 16:05:55,826][INFO ][test                     ] Test testTimeoutUpdateTask(org.elasticsearch.cluster.ClusterServiceTests) started
[2014-02-18 16:05:55,827][INFO ][test                     ] Setup TestCluster [TEST-Bills-MacBook-Pro.local-CHILD_VM=[0]-CLUSTER_SEED=[9174762905452153436]-HASH=[13541B70BF869BF8]] with seed [7F534E40A5E80A5C] using [0] nodes
[2014-02-18 16:05:55,828][INFO ][cluster                  ] [ClusterServiceTests#testTimeoutUpdateTask]: before test
[2014-02-18 16:05:55,829][INFO ][node                     ] [node_0] version[1.0.0], pid[6815], build[a46900e/2014-02-18T23:32:25Z]
[2014-02-18 16:05:55,830][INFO ][node                     ] [node_0] initializing ...
[2014-02-18 16:05:55,830][INFO ][plugins                  ] [node_0] loaded [], sites []
[2014-02-18 16:05:55,873][INFO ][node                     ] [node_0] initialized
[2014-02-18 16:05:55,873][INFO ][node                     ] [node_0] starting ...
[2014-02-18 16:05:55,879][INFO ][transport                ] [node_0] bound_address {inet[/0:0:0:0:0:0:0:0:9303]}, publish_address {inet[/10.1.10.75:9303]}
[2014-02-18 16:05:55,880][INFO ][cluster.service          ] [node_0] new_master [node_0][Gsl-5geYR-CfnjIFCynqng][Bills-MacBook-Pro.local][inet[/10.1.10.75:9303]], reason: local-disco-initial_connect(master)
[2014-02-18 16:05:55,895][INFO ][discovery                ] [node_0] TEST-Bills-MacBook-Pro.local-CHILD_VM=[0]-CLUSTER_SEED=[9174762905452153436]-HASH=[13541B70BF869BF8]/Gsl-5geYR-CfnjIFCynqng
[2014-02-18 16:05:55,896][INFO ][gateway                  ] [node_0] recovered [0] indices into cluster_state
[2014-02-18 16:05:55,899][INFO ][http                     ] [node_0] bound_address {inet[/0:0:0:0:0:0:0:0:9203]}, publish_address {inet[/10.1.10.75:9203]}
[2014-02-18 16:05:55,900][INFO ][node                     ] [node_0] started
[2014-02-18 16:05:56,006][INFO ][cluster                  ] [ClusterServiceTests#testTimeoutUpdateTask]: cleaning up after test
[2014-02-18 16:05:56,006][INFO ][node                     ] [node_0] stopping ...
[2014-02-18 16:05:56,010][INFO ][node                     ] [node_0] stopped
[2014-02-18 16:05:56,010][INFO ][node                     ] [node_0] closing ...
[2014-02-18 16:05:56,011][INFO ][node                     ] [node_0] closed
[2014-02-18 16:05:56,011][INFO ][cluster                  ] [ClusterServiceTests#testTimeoutUpdateTask]: cleaned up after test
[2014-02-18 16:05:56,011][INFO ][test                     ] Wipe data directory for all nodes locations: [data/d0/TEST-Bills-MacBook-Pro.local-CHILD_VM=[0]-CLUSTER_SEED=[9174762905452153436]-HASH=[13541B70BF869BF8]/nodes/0]
[2014-02-18 16:05:56,012][INFO ][test                     ] Test testTimeoutUpdateTask(org.elasticsearch.cluster.ClusterServiceTests) finished
[2014-02-18 16:05:56,013][INFO ][test                     ] Test testPendingUpdateTask(org.elasticsearch.cluster.ClusterServiceTests) started
[2014-02-18 16:05:56,014][INFO ][test                     ] Setup TestCluster [TEST-Bills-MacBook-Pro.local-CHILD_VM=[0]-CLUSTER_SEED=[2551601185079579301]-HASH=[13541B70CAA4FFC0]] with seed [23691BC2452252A5] using [0] nodes
[2014-02-18 16:05:56,014][INFO ][cluster                  ] [ClusterServiceTests#testPendingUpdateTask]: before test
[2014-02-18 16:05:56,016][INFO ][node                     ] [node_0] version[1.0.0], pid[6815], build[a46900e/2014-02-18T23:32:25Z]
[2014-02-18 16:05:56,016][INFO ][node                     ] [node_0] initializing ...
[2014-02-18 16:05:56,016][INFO ][plugins                  ] [node_0] loaded [], sites []
[2014-02-18 16:05:56,053][INFO ][node                     ] [node_0] initialized
[2014-02-18 16:05:56,053][INFO ][node                     ] [node_0] starting ...
[2014-02-18 16:05:56,058][INFO ][transport                ] [node_0] bound_address {inet[/0:0:0:0:0:0:0:0:9303]}, publish_address {inet[/10.1.10.75:9303]}
[2014-02-18 16:05:59,063][INFO ][cluster.service          ] [node_0] new_master [node_0][A3-eTDqyT7O7PTHkxmiGrw][Bills-MacBook-Pro.local][inet[/10.1.10.75:9303]], reason: zen-disco-join (elected_as_master)
[2014-02-18 16:05:59,078][INFO ][discovery                ] [node_0] TEST-Bills-MacBook-Pro.local-CHILD_VM=[0]-CLUSTER_SEED=[2551601185079579301]-HASH=[13541B70CAA4FFC0]/A3-eTDqyT7O7PTHkxmiGrw
[2014-02-18 16:05:59,079][INFO ][gateway                  ] [node_0] recovered [0] indices into cluster_state
[2014-02-18 16:05:59,083][INFO ][http                     ] [node_0] bound_address {inet[/0:0:0:0:0:0:0:0:9203]}, publish_address {inet[/10.1.10.75:9203]}
[2014-02-18 16:05:59,083][INFO ][node                     ] [node_0] started
[2014-02-18 16:05:59,084][INFO ][node                     ] [node_1] version[1.0.0], pid[6815], build[a46900e/2014-02-18T23:32:25Z]
[2014-02-18 16:05:59,084][INFO ][node                     ] [node_1] initializing ...
[2014-02-18 16:05:59,085][INFO ][plugins                  ] [node_1] loaded [], sites []
[2014-02-18 16:05:59,123][INFO ][node                     ] [node_1] initialized
[2014-02-18 16:05:59,123][INFO ][node                     ] [node_1] starting ...
[2014-02-18 16:05:59,129][INFO ][transport                ] [node_1] bound_address {inet[/0:0:0:0:0:0:0:0:9304]}, publish_address {inet[/10.1.10.75:9304]}
[2014-02-18 16:06:02,149][INFO ][cluster.service          ] [node_0] added {[node_1][OWt5P3uoQWuy2nXNx92yFw][Bills-MacBook-Pro.local][inet[/10.1.10.75:9304]]{client=true, data=false},}, reason: zen-disco-receive(join from node[[node_1][OWt5P3uoQWuy2nXNx92yFw][Bills-MacBook-Pro.local][inet[/10.1.10.75:9304]]{client=true, data=false}])
[2014-02-18 16:06:02,150][INFO ][cluster.service          ] [node_1] detected_master [node_0][A3-eTDqyT7O7PTHkxmiGrw][Bills-MacBook-Pro.local][inet[/10.1.10.75:9303]], added {[node_0][A3-eTDqyT7O7PTHkxmiGrw][Bills-MacBook-Pro.local][inet[/10.1.10.75:9303]],}, reason: zen-disco-receive(from master [[node_0][A3-eTDqyT7O7PTHkxmiGrw][Bills-MacBook-Pro.local][inet[/10.1.10.75:9303]]])
[2014-02-18 16:06:02,150][INFO ][discovery                ] [node_1] TEST-Bills-MacBook-Pro.local-CHILD_VM=[0]-CLUSTER_SEED=[2551601185079579301]-HASH=[13541B70CAA4FFC0]/OWt5P3uoQWuy2nXNx92yFw
[2014-02-18 16:06:02,155][INFO ][http                     ] [node_1] bound_address {inet[/0:0:0:0:0:0:0:0:9204]}, publish_address {inet[/10.1.10.75:9204]}
[2014-02-18 16:06:02,155][INFO ][node                     ] [node_1] started
[2014-02-18 16:06:02,272][INFO ][cluster                  ] [ClusterServiceTests#testPendingUpdateTask]: cleaning up after test
[2014-02-18 16:06:02,272][INFO ][node                     ] [node_0] stopping ...
[2014-02-18 16:06:02,280][INFO ][node                     ] [node_0] stopped
[2014-02-18 16:06:02,281][INFO ][node                     ] [node_0] closing ...
[2014-02-18 16:06:02,283][INFO ][node                     ] [node_0] closed
[2014-02-18 16:06:02,284][INFO ][node                     ] [node_1] stopping ...
[2014-02-18 16:06:02,285][INFO ][discovery.zen            ] [node_1] master_left [[node_0][A3-eTDqyT7O7PTHkxmiGrw][Bills-MacBook-Pro.local][inet[/10.1.10.75:9303]]], reason [transport disconnected (with verified connect)]
[2014-02-18 16:06:02,285][WARN ][discovery.zen            ] [node_1] master_left and no other node elected to become master, current nodes: {[node_1][OWt5P3uoQWuy2nXNx92yFw][Bills-MacBook-Pro.local][inet[/10.1.10.75:9304]]{client=true, data=false},}
[2014-02-18 16:06:02,286][INFO ][cluster.service          ] [node_1] removed {[node_0][A3-eTDqyT7O7PTHkxmiGrw][Bills-MacBook-Pro.local][inet[/10.1.10.75:9303]],}, reason: zen-disco-master_failed ([node_0][A3-eTDqyT7O7PTHkxmiGrw][Bills-MacBook-Pro.local][inet[/10.1.10.75:9303]])
[2014-02-18 16:06:02,288][INFO ][node                     ] [node_1] stopped
[2014-02-18 16:06:02,288][INFO ][node                     ] [node_1] closing ...
[2014-02-18 16:06:02,289][INFO ][node                     ] [node_1] closed
[2014-02-18 16:06:02,289][INFO ][cluster                  ] [ClusterServiceTests#testPendingUpdateTask]: cleaned up after test
[2014-02-18 16:06:02,289][INFO ][test                     ] Wipe data directory for all nodes locations: [/Users/bhwang/elasticsearch/target/J0/data/TEST-Bills-MacBook-Pro.local-CHILD_VM=[0]-CLUSTER_SEED=[2551601185079579301]-HASH=[13541B70CAA4FFC0]/nodes/0]
[2014-02-18 16:06:02,290][INFO ][test                     ] Test testPendingUpdateTask(org.elasticsearch.cluster.ClusterServiceTests) finished
[2014-02-18 16:06:02,291][INFO ][test                     ] Test testAckedUpdateTask(org.elasticsearch.cluster.ClusterServiceTests) started
[2014-02-18 16:06:02,292][INFO ][test                     ] Setup TestCluster [TEST-Bills-MacBook-Pro.local-CHILD_VM=[0]-CLUSTER_SEED=[9153720063886897931]-HASH=[13541B7240D81E88]] with seed [7F088BE64D58330B] using [0] nodes
[2014-02-18 16:06:02,292][INFO ][cluster                  ] [ClusterServiceTests#testAckedUpdateTask]: before test
[2014-02-18 16:06:02,294][INFO ][node                     ] [node_0] version[1.0.0], pid[6815], build[a46900e/2014-02-18T23:32:25Z]
[2014-02-18 16:06:02,294][INFO ][node                     ] [node_0] initializing ...
[2014-02-18 16:06:02,295][INFO ][plugins                  ] [node_0] loaded [], sites []
[2014-02-18 16:06:02,328][INFO ][node                     ] [node_0] initialized
[2014-02-18 16:06:02,328][INFO ][node                     ] [node_0] starting ...
[2014-02-18 16:06:02,333][INFO ][transport                ] [node_0] bound_address {inet[/0:0:0:0:0:0:0:0:9303]}, publish_address {inet[/10.1.10.75:9303]}
[2014-02-18 16:06:02,333][INFO ][cluster.service          ] [node_0] new_master [node_0][ZxWH8M1ARYWhX5urnDp8XA][Bills-MacBook-Pro.local][inet[/10.1.10.75:9303]], reason: local-disco-initial_connect(master)
[2014-02-18 16:06:02,346][INFO ][discovery                ] [node_0] TEST-Bills-MacBook-Pro.local-CHILD_VM=[0]-CLUSTER_SEED=[9153720063886897931]-HASH=[13541B7240D81E88]/ZxWH8M1ARYWhX5urnDp8XA
[2014-02-18 16:06:02,347][INFO ][gateway                  ] [node_0] recovered [0] indices into cluster_state
[2014-02-18 16:06:02,350][INFO ][http                     ] [node_0] bound_address {inet[/0:0:0:0:0:0:0:0:9203]}, publish_address {inet[/10.1.10.75:9203]}
[2014-02-18 16:06:02,350][INFO ][node                     ] [node_0] started
[2014-02-18 16:06:02,352][INFO ][cluster                  ] [ClusterServiceTests#testAckedUpdateTask]: cleaning up after test
[2014-02-18 16:06:02,352][INFO ][node                     ] [node_0] stopping ...
[2014-02-18 16:06:02,356][INFO ][node                     ] [node_0] stopped
[2014-02-18 16:06:02,356][INFO ][node                     ] [node_0] closing ...
[2014-02-18 16:06:02,357][INFO ][node                     ] [node_0] closed
[2014-02-18 16:06:02,357][INFO ][cluster                  ] [ClusterServiceTests#testAckedUpdateTask]: cleaned up after test
[2014-02-18 16:06:02,357][INFO ][test                     ] Wipe data directory for all nodes locations: [/Users/bhwang/elasticsearch/target/J0/data/TEST-Bills-MacBook-Pro.local-CHILD_VM=[0]-CLUSTER_SEED=[9153720063886897931]-HASH=[13541B7240D81E88]/nodes/0]
[2014-02-18 16:06:02,358][INFO ][test                     ] Test testAckedUpdateTask(org.elasticsearch.cluster.ClusterServiceTests) finished
[2014-02-18 16:06:02,358][INFO ][test                     ] Test testAckedUpdateTaskNoAckExpected(org.elasticsearch.cluster.ClusterServiceTests) started
[2014-02-18 16:06:02,359][INFO ][test                     ] Setup TestCluster [TEST-Bills-MacBook-Pro.local-CHILD_VM=[0]-CLUSTER_SEED=[-811342632500060933]-HASH=[13541B7244DE2608]] with seed [F4BD882CA6B41CFB] using [0] nodes
[2014-02-18 16:06:02,360][INFO ][cluster                  ] [ClusterServiceTests#testAckedUpdateTaskNoAckExpected]: before test
[2014-02-18 16:06:02,361][INFO ][node                     ] [node_0] version[1.0.0], pid[6815], build[a46900e/2014-02-18T23:32:25Z]
[2014-02-18 16:06:02,361][INFO ][node                     ] [node_0] initializing ...
[2014-02-18 16:06:02,362][INFO ][plugins                  ] [node_0] loaded [], sites []
[2014-02-18 16:06:02,419][INFO ][node                     ] [node_0] initialized
[2014-02-18 16:06:02,420][INFO ][node                     ] [node_0] starting ...
[2014-02-18 16:06:02,429][INFO ][transport                ] [node_0] bound_address {inet[/0:0:0:0:0:0:0:0:9303]}, publish_address {inet[/10.1.10.75:9303]}
[2014-02-18 16:06:02,430][INFO ][cluster.service          ] [node_0] new_master [node_0][2195PMHGRb2ApTNPe1vUZQ][Bills-MacBook-Pro.local][inet[/10.1.10.75:9303]], reason: local-disco-initial_connect(master)
[2014-02-18 16:06:02,451][INFO ][discovery                ] [node_0] TEST-Bills-MacBook-Pro.local-CHILD_VM=[0]-CLUSTER_SEED=[-811342632500060933]-HASH=[13541B7244DE2608]/2195PMHGRb2ApTNPe1vUZQ
[2014-02-18 16:06:02,452][INFO ][gateway                  ] [node_0] recovered [0] indices into cluster_state
[2014-02-18 16:06:02,459][INFO ][http                     ] [node_0] bound_address {inet[/0:0:0:0:0:0:0:0:9203]}, publish_address {inet[/10.1.10.75:9203]}
[2014-02-18 16:06:02,459][INFO ][node                     ] [node_0] started
[2014-02-18 16:06:02,461][INFO ][cluster                  ] [ClusterServiceTests#testAckedUpdateTaskNoAckExpected]: cleaning up after test
[2014-02-18 16:06:02,462][INFO ][node                     ] [node_0] stopping ...
[2014-02-18 16:06:02,468][INFO ][node                     ] [node_0] stopped
[2014-02-18 16:06:02,468][INFO ][node                     ] [node_0] closing ...
[2014-02-18 16:06:02,470][INFO ][node                     ] [node_0] closed
[2014-02-18 16:06:02,470][INFO ][cluster                  ] [ClusterServiceTests#testAckedUpdateTaskNoAckExpected]: cleaned up after test
[2014-02-18 16:06:02,470][INFO ][test                     ] Wipe data directory for all nodes locations: [data/d2/TEST-Bills-MacBook-Pro.local-CHILD_VM=[0]-CLUSTER_SEED=[-811342632500060933]-HASH=[13541B7244DE2608]/nodes/0, data/d0/TEST-Bills-MacBook-Pro.local-CHILD_VM=[0]-CLUSTER_SEED=[-811342632500060933]-HASH=[13541B7244DE2608]/nodes/0, data/d1/TEST-Bills-MacBook-Pro.local-CHILD_VM=[0]-CLUSTER_SEED=[-811342632500060933]-HASH=[13541B7244DE2608]/nodes/0]
[2014-02-18 16:06:02,472][INFO ][test                     ] Test testAckedUpdateTaskNoAckExpected(org.elasticsearch.cluster.ClusterServiceTests) finished
[2014-02-18 16:06:02,473][INFO ][test                     ] Test testListenerCallbacks(org.elasticsearch.cluster.ClusterServiceTests) started
[2014-02-18 16:06:02,475][INFO ][test                     ] Setup TestCluster [TEST-Bills-MacBook-Pro.local-CHILD_VM=[0]-CLUSTER_SEED=[-216997544919525847]-HASH=[13541B724BBC5F80]] with seed [FCFD11E1F1F09629] using [0] nodes
[2014-02-18 16:06:02,475][INFO ][cluster                  ] [ClusterServiceTests#testListenerCallbacks]: before test
[2014-02-18 16:06:02,478][INFO ][node                     ] [node_0] version[1.0.0], pid[6815], build[a46900e/2014-02-18T23:32:25Z]
[2014-02-18 16:06:02,478][INFO ][node                     ] [node_0] initializing ...
[2014-02-18 16:06:02,479][INFO ][plugins                  ] [node_0] loaded [test plugin], sites []
[2014-02-18 16:06:02,531][INFO ][node                     ] [node_0] initialized
[2014-02-18 16:06:02,531][INFO ][node                     ] [node_0] starting ...
[2014-02-18 16:06:02,534][INFO ][cluster                  ] [node_0] initialized test service
[2014-02-18 16:06:02,540][INFO ][transport                ] [node_0] bound_address {inet[/0:0:0:0:0:0:0:0:9303]}, publish_address {inet[/10.1.10.75:9303]}
[2014-02-18 16:06:02,744][INFO ][cluster.service          ] [node_0] new_master [node_0][e5Odkz0oRBmEVze9UWDLcQ][Bills-MacBook-Pro.local][inet[/10.1.10.75:9303]], reason: zen-disco-join (elected_as_master)
[2014-02-18 16:06:02,757][INFO ][cluster                  ] [node_0] on master [[node_0][e5Odkz0oRBmEVze9UWDLcQ][Bills-MacBook-Pro.local][inet[/10.1.10.75:9303]]]
[2014-02-18 16:06:02,757][INFO ][discovery                ] [node_0] TEST-Bills-MacBook-Pro.local-CHILD_VM=[0]-CLUSTER_SEED=[-216997544919525847]-HASH=[13541B724BBC5F80]/e5Odkz0oRBmEVze9UWDLcQ
[2014-02-18 16:06:02,758][INFO ][gateway                  ] [node_0] recovered [0] indices into cluster_state
[2014-02-18 16:06:02,760][INFO ][http                     ] [node_0] bound_address {inet[/0:0:0:0:0:0:0:0:9203]}, publish_address {inet[/10.1.10.75:9203]}
[2014-02-18 16:06:02,761][INFO ][node                     ] [node_0] started
[2014-02-18 16:06:02,762][INFO ][node                     ] [node_1] version[1.0.0], pid[6815], build[a46900e/2014-02-18T23:32:25Z]
[2014-02-18 16:06:02,762][INFO ][node                     ] [node_1] initializing ...
[2014-02-18 16:06:02,762][INFO ][plugins                  ] [node_1] loaded [test plugin], sites []
[2014-02-18 16:06:02,797][INFO ][node                     ] [node_1] initialized
[2014-02-18 16:06:02,797][INFO ][node                     ] [node_1] starting ...
[2014-02-18 16:06:02,797][INFO ][cluster                  ] [node_1] initialized test service
[2014-02-18 16:06:02,803][INFO ][transport                ] [node_1] bound_address {inet[/0:0:0:0:0:0:0:0:9304]}, publish_address {inet[/10.1.10.75:9304]}
[2014-02-18 16:06:03,008][INFO ][cluster.service          ] [node_1] new_master [node_1][BgY_q6YuR1aEqo9tLa7BOg][Bills-MacBook-Pro.local][inet[/10.1.10.75:9304]], reason: zen-disco-join (elected_as_master)
[2014-02-18 16:06:03,025][INFO ][cluster                  ] [node_1] on master [[node_1][BgY_q6YuR1aEqo9tLa7BOg][Bills-MacBook-Pro.local][inet[/10.1.10.75:9304]]]
[2014-02-18 16:06:03,028][INFO ][discovery                ] [node_1] TEST-Bills-MacBook-Pro.local-CHILD_VM=[0]-CLUSTER_SEED=[-216997544919525847]-HASH=[13541B724BBC5F80]/BgY_q6YuR1aEqo9tLa7BOg
[2014-02-18 16:06:03,029][INFO ][gateway                  ] [node_1] recovered [0] indices into cluster_state
[2014-02-18 16:06:03,034][WARN ][discovery.zen.ping.multicast] [node_1] received ping response ping_response{target [[node_0][e5Odkz0oRBmEVze9UWDLcQ][Bills-MacBook-Pro.local][inet[/10.1.10.75:9303]]], master [[node_0][e5Odkz0oRBmEVze9UWDLcQ][Bills-MacBook-Pro.local][inet[/10.1.10.75:9303]]], cluster_name[TEST-Bills-MacBook-Pro.local-CHILD_VM=[0]-CLUSTER_SEED=[-216997544919525847]-HASH=[13541B724BBC5F80]]} with no matching id [1]
[2014-02-18 16:06:03,037][INFO ][http                     ] [node_1] bound_address {inet[/0:0:0:0:0:0:0:0:9204]}, publish_address {inet[/10.1.10.75:9204]}
[2014-02-18 16:06:03,037][INFO ][node                     ] [node_1] started
[2014-02-18 16:06:03,039][INFO ][plugins                  ] [transport_client_node_1] loaded [], sites []
[2014-02-18 16:06:33,109][INFO ][cluster                  ] [ClusterServiceTests#testListenerCallbacks]: cleaning up after test
[2014-02-18 16:06:33,109][INFO ][node                     ] [node_0] stopping ...
[2014-02-18 16:06:33,114][INFO ][node                     ] [node_0] stopped
[2014-02-18 16:06:33,114][INFO ][node                     ] [node_0] closing ...
[2014-02-18 16:06:33,115][INFO ][node                     ] [node_0] closed
[2014-02-18 16:06:33,118][INFO ][node                     ] [node_1] stopping ...
[2014-02-18 16:06:33,122][INFO ][node                     ] [node_1] stopped
[2014-02-18 16:06:33,123][INFO ][node                     ] [node_1] closing ...
[2014-02-18 16:06:33,124][INFO ][node                     ] [node_1] closed
[2014-02-18 16:06:33,124][INFO ][cluster                  ] [ClusterServiceTests#testListenerCallbacks]: cleaned up after test
[2014-02-18 16:06:33,124][INFO ][test                     ] Wipe data directory for all nodes locations: [data/d0/TEST-Bills-MacBook-Pro.local-CHILD_VM=[0]-CLUSTER_SEED=[-216997544919525847]-HASH=[13541B724BBC5F80]/nodes/0, data/d0/TEST-Bills-MacBook-Pro.local-CHILD_VM=[0]-CLUSTER_SEED=[-216997544919525847]-HASH=[13541B724BBC5F80]/nodes/1]
[2014-02-18 16:06:33,125][ERROR][test                     ] FAILURE  : testListenerCallbacks(org.elasticsearch.cluster.ClusterServiceTests)
REPRODUCE WITH  : mvn test -Dtests.seed=A89B4FF56754358E -Dtests.class=org.elasticsearch.cluster.ClusterServiceTests -Dtests.method=testListenerCallbacks -Dtests.prefix=tests -Dfile.encoding=UTF-8 -Duser.timezone=US/Pacific -Des.logger.level=INFO -Dtests.cluster_seed=135419AB38A95790
Throwable:
java.lang.AssertionError: 
Expected: <false>
     got: <true>

    __randomizedtesting.SeedInfo.seed([A89B4FF56754358E:1AC275051D25468D]:0)
    [...org.junit.*]
    org.elasticsearch.cluster.ClusterServiceTests.testListenerCallbacks(ClusterServiceTests.java:540)
    [...sun.*, com.carrotsearch.randomizedtesting.*, java.lang.reflect.*]
    org.apache.lucene.util.TestRuleSetupTeardownChained$1.evaluate(TestRuleSetupTeardownChained.java:50)
    org.apache.lucene.util.TestRuleFieldCacheSanity$1.evaluate(TestRuleFieldCacheSanity.java:51)
    org.apache.lucene.util.AbstractBeforeAfterRule$1.evaluate(AbstractBeforeAfterRule.java:46)
    [...com.carrotsearch.randomizedtesting.*]
    org.apache.lucene.util.TestRuleThreadAndTestName$1.evaluate(TestRuleThreadAndTestName.java:49)
    org.apache.lucene.util.TestRuleIgnoreAfterMaxFailures$1.evaluate(TestRuleIgnoreAfterMaxFailures.java:70)
    org.apache.lucene.util.TestRuleMarkFailure$1.evaluate(TestRuleMarkFailure.java:48)
    [...com.carrotsearch.randomizedtesting.*]
    org.apache.lucene.util.AbstractBeforeAfterRule$1.evaluate(AbstractBeforeAfterRule.java:46)
    org.apache.lucene.util.TestRuleStoreClassName$1.evaluate(TestRuleStoreClassName.java:42)
    [...com.carrotsearch.randomizedtesting.*]
    org.apache.lucene.util.TestRuleAssertionsRequired$1.evaluate(TestRuleAssertionsRequired.java:43)
    org.apache.lucene.util.TestRuleMarkFailure$1.evaluate(TestRuleMarkFailure.java:48)
    org.apache.lucene.util.TestRuleIgnoreAfterMaxFailures$1.evaluate(TestRuleIgnoreAfterMaxFailures.java:70)
    org.apache.lucene.util.TestRuleIgnoreTestSuites$1.evaluate(TestRuleIgnoreTestSuites.java:55)
    [...com.carrotsearch.randomizedtesting.*]
    java.lang.Thread.run(Thread.java:744)

[2014-02-18 16:06:33,128][INFO ][test                     ] Test testListenerCallbacks(org.elasticsearch.cluster.ClusterServiceTests) finished
]]></system-out>
   <system-err><![CDATA[]]></system-err>
</testsuite>