<testsuite errors="0" failures="0" tests="2" skipped="0" name="org.elasticsearch.blocks.SimpleBlocksTests" hostname="nohost.nodomain" time="24.621" timestamp="2014-02-18T15:35:17">
   <properties class="java.util.ArrayList">
      <property name="awt.toolkit" value="sun.lwawt.macosx.LWCToolkit"/>
      <property name="es.logger.level" value="INFO"/>
      <property name="es.logger.prefix" value=""/>
      <property name="es.node.local" value=""/>
      <property name="es.node.mode" value=""/>
      <property name="file.encoding" value="UTF-8"/>
      <property name="file.encoding.pkg" value="sun.io"/>
      <property name="file.separator" value="/"/>
      <property name="ftp.nonProxyHosts" value="local|*.local|169.254/16|*.169.254/16"/>
      <property name="gopherProxySet" value="false"/>
      <property name="http.nonProxyHosts" value="local|*.local|169.254/16|*.169.254/16"/>
      <property name="java.awt.graphicsenv" value="sun.awt.CGraphicsEnvironment"/>
      <property name="java.awt.headless" value="true"/>
      <property name="java.awt.printerjob" value="sun.lwawt.macosx.CPrinterJob"/>
      <property name="java.class.path" value="/Users/bhwang/elasticsearch/target/test-classes:/Users/bhwang/elasticsearch/target/classes:/Users/bhwang/.m2/repository/org/hamcrest/hamcrest-all/1.3/hamcrest-all-1.3.jar:/Users/bhwang/.m2/repository/com/carrotsearch/randomizedtesting/randomizedtesting-runner/2.0.15/randomizedtesting-runner-2.0.15.jar:/Users/bhwang/.m2/repository/junit/junit/4.10/junit-4.10.jar:/Users/bhwang/.m2/repository/org/apache/lucene/lucene-test-framework/4.6.1/lucene-test-framework-4.6.1.jar:/Users/bhwang/.m2/repository/org/apache/lucene/lucene-expressions/4.6.1/lucene-expressions-4.6.1.jar:/Users/bhwang/.m2/repository/org/antlr/antlr-runtime/3.5/antlr-runtime-3.5.jar:/Users/bhwang/.m2/repository/org/ow2/asm/asm/4.1/asm-4.1.jar:/Users/bhwang/.m2/repository/org/ow2/asm/asm-commons/4.1/asm-commons-4.1.jar:/Users/bhwang/.m2/repository/org/apache/httpcomponents/httpclient/4.3.1/httpclient-4.3.1.jar:/Users/bhwang/.m2/repository/org/apache/httpcomponents/httpcore/4.3/httpcore-4.3.jar:/Users/bhwang/.m2/repository/commons-logging/commons-logging/1.1.3/commons-logging-1.1.3.jar:/Users/bhwang/.m2/repository/commons-codec/commons-codec/1.6/commons-codec-1.6.jar:/Users/bhwang/.m2/repository/org/apache/lucene/lucene-core/4.6.1/lucene-core-4.6.1.jar:/Users/bhwang/.m2/repository/org/apache/lucene/lucene-analyzers-common/4.6.1/lucene-analyzers-common-4.6.1.jar:/Users/bhwang/.m2/repository/org/apache/lucene/lucene-codecs/4.6.1/lucene-codecs-4.6.1.jar:/Users/bhwang/.m2/repository/org/apache/lucene/lucene-queries/4.6.1/lucene-queries-4.6.1.jar:/Users/bhwang/.m2/repository/org/apache/lucene/lucene-memory/4.6.1/lucene-memory-4.6.1.jar:/Users/bhwang/.m2/repository/org/apache/lucene/lucene-highlighter/4.6.1/lucene-highlighter-4.6.1.jar:/Users/bhwang/.m2/repository/org/apache/lucene/lucene-queryparser/4.6.1/lucene-queryparser-4.6.1.jar:/Users/bhwang/.m2/repository/org/apache/lucene/lucene-sandbox/4.6.1/lucene-sandbox-4.6.1.jar:/Users/bhwang/.m2/repository/org/apache/lucene/lucene-suggest/4.6.1/lucene-suggest-4.6.1.jar:/Users/bhwang/.m2/repository/org/apache/lucene/lucene-misc/4.6.1/lucene-misc-4.6.1.jar:/Users/bhwang/.m2/repository/org/apache/lucene/lucene-join/4.6.1/lucene-join-4.6.1.jar:/Users/bhwang/.m2/repository/org/apache/lucene/lucene-grouping/4.6.1/lucene-grouping-4.6.1.jar:/Users/bhwang/.m2/repository/org/apache/lucene/lucene-spatial/4.6.1/lucene-spatial-4.6.1.jar:/Users/bhwang/.m2/repository/com/spatial4j/spatial4j/0.3/spatial4j-0.3.jar:/Users/bhwang/.m2/repository/com/vividsolutions/jts/1.12/jts-1.12.jar:/Users/bhwang/.m2/repository/com/google/guava/guava/16.0/guava-16.0.jar:/Users/bhwang/.m2/repository/com/carrotsearch/hppc/0.5.3/hppc-0.5.3.jar:/Users/bhwang/.m2/repository/joda-time/joda-time/2.3/joda-time-2.3.jar:/Users/bhwang/.m2/repository/org/joda/joda-convert/1.2/joda-convert-1.2.jar:/Users/bhwang/.m2/repository/org/mvel/mvel2/2.1.5.Final/mvel2-2.1.5.Final.jar:/Users/bhwang/.m2/repository/com/fasterxml/jackson/core/jackson-core/2.3.0/jackson-core-2.3.0.jar:/Users/bhwang/.m2/repository/com/fasterxml/jackson/dataformat/jackson-dataformat-smile/2.3.0/jackson-dataformat-smile-2.3.0.jar:/Users/bhwang/.m2/repository/com/fasterxml/jackson/dataformat/jackson-dataformat-yaml/2.3.0/jackson-dataformat-yaml-2.3.0.jar:/Users/bhwang/.m2/repository/io/netty/netty/3.9.0.Final/netty-3.9.0.Final.jar:/Users/bhwang/.m2/repository/com/ning/compress-lzf/0.9.6/compress-lzf-0.9.6.jar:/Users/bhwang/.m2/repository/log4j/log4j/1.2.17/log4j-1.2.17.jar:/Users/bhwang/.m2/repository/org/slf4j/slf4j-api/1.6.2/slf4j-api-1.6.2.jar:/Users/bhwang/.m2/repository/net/java/dev/jna/jna/3.3.0/jna-3.3.0.jar:/Users/bhwang/.m2/repository/org/fusesource/sigar/1.6.4/sigar-1.6.4.jar:/Users/bhwang/.m2/repository/com/carrotsearch/randomizedtesting/junit4-ant/2.0.15/junit4-ant-2.0.15.jar"/>
      <property name="java.class.version" value="51.0"/>
      <property name="java.endorsed.dirs" value="/Library/Java/JavaVirtualMachines/jdk1.7.0_45.jdk/Contents/Home/jre/lib/endorsed"/>
      <property name="java.ext.dirs" value="/Users/bhwang/Library/Java/Extensions:/Library/Java/JavaVirtualMachines/jdk1.7.0_45.jdk/Contents/Home/jre/lib/ext:/Library/Java/Extensions:/Network/Library/Java/Extensions:/System/Library/Java/Extensions:/usr/lib/java"/>
      <property name="java.home" value="/Library/Java/JavaVirtualMachines/jdk1.7.0_45.jdk/Contents/Home/jre"/>
      <property name="java.io.tmpdir" value="."/>
      <property name="java.library.path" value="/Users/bhwang/Library/Java/Extensions:/Library/Java/Extensions:/Network/Library/Java/Extensions:/System/Library/Java/Extensions:/usr/lib/java:."/>
      <property name="java.runtime.name" value="Java(TM) SE Runtime Environment"/>
      <property name="java.runtime.version" value="1.7.0_45-b18"/>
      <property name="java.security.policy" value="/Users/bhwang/elasticsearch/dev-tools/tests.policy"/>
      <property name="java.specification.name" value="Java Platform API Specification"/>
      <property name="java.specification.vendor" value="Oracle Corporation"/>
      <property name="java.specification.version" value="1.7"/>
      <property name="java.vendor" value="Oracle Corporation"/>
      <property name="java.vendor.url" value="http://java.oracle.com/"/>
      <property name="java.vendor.url.bug" value="http://bugreport.sun.com/bugreport/"/>
      <property name="java.version" value="1.7.0_45"/>
      <property name="java.vm.info" value="mixed mode"/>
      <property name="java.vm.name" value="Java HotSpot(TM) 64-Bit Server VM"/>
      <property name="java.vm.specification.name" value="Java Virtual Machine Specification"/>
      <property name="java.vm.specification.vendor" value="Oracle Corporation"/>
      <property name="java.vm.specification.version" value="1.7"/>
      <property name="java.vm.vendor" value="Oracle Corporation"/>
      <property name="java.vm.version" value="24.45-b08"/>
      <property name="junit4.childvm.cwd" value="/Users/bhwang/elasticsearch/target/J0"/>
      <property name="junit4.childvm.id" value="0"/>
      <property name="junit4.memory.total" value="128974848"/>
      <property name="junit4.pidString" value="6815@Bills-MacBook-Pro.local"/>
      <property name="junit4.processors" value="4"/>
      <property name="junit4.tempDir" value="/Users/bhwang/elasticsearch/target"/>
      <property name="line.separator" value="
"/>
      <property name="os.arch" value="x86_64"/>
      <property name="os.name" value="Mac OS X"/>
      <property name="os.version" value="10.9.1"/>
      <property name="path.separator" value=":"/>
      <property name="socksNonProxyHosts" value="local|*.local|169.254/16|*.169.254/16"/>
      <property name="sun.arch.data.model" value="64"/>
      <property name="sun.boot.class.path" value="/Library/Java/JavaVirtualMachines/jdk1.7.0_45.jdk/Contents/Home/jre/lib/resources.jar:/Library/Java/JavaVirtualMachines/jdk1.7.0_45.jdk/Contents/Home/jre/lib/rt.jar:/Library/Java/JavaVirtualMachines/jdk1.7.0_45.jdk/Contents/Home/jre/lib/sunrsasign.jar:/Library/Java/JavaVirtualMachines/jdk1.7.0_45.jdk/Contents/Home/jre/lib/jsse.jar:/Library/Java/JavaVirtualMachines/jdk1.7.0_45.jdk/Contents/Home/jre/lib/jce.jar:/Library/Java/JavaVirtualMachines/jdk1.7.0_45.jdk/Contents/Home/jre/lib/charsets.jar:/Library/Java/JavaVirtualMachines/jdk1.7.0_45.jdk/Contents/Home/jre/lib/jfr.jar:/Library/Java/JavaVirtualMachines/jdk1.7.0_45.jdk/Contents/Home/jre/lib/JObjC.jar:/Library/Java/JavaVirtualMachines/jdk1.7.0_45.jdk/Contents/Home/jre/classes"/>
      <property name="sun.boot.library.path" value="/Library/Java/JavaVirtualMachines/jdk1.7.0_45.jdk/Contents/Home/jre/lib"/>
      <property name="sun.cpu.endian" value="little"/>
      <property name="sun.cpu.isalist" value=""/>
      <property name="sun.io.unicode.encoding" value="UnicodeBig"/>
      <property name="sun.java.command" value="com.carrotsearch.ant.tasks.junit4.slave.SlaveMainSafe -flush -eventsfile /Users/bhwang/elasticsearch/target/junit4-J0-20140218_153326_767.events @/Users/bhwang/elasticsearch/target/junit4-J0-20140218_153326_767.suites -stdin"/>
      <property name="sun.java.launcher" value="SUN_STANDARD"/>
      <property name="sun.jnu.encoding" value="UTF-8"/>
      <property name="sun.management.compiler" value="HotSpot 64-Bit Tiered Compilers"/>
      <property name="sun.os.patch.level" value="unknown"/>
      <property name="tests.appendseed" value=""/>
      <property name="tests.assertion.disabled" value=""/>
      <property name="tests.awaitsfix" value=""/>
      <property name="tests.badapples" value=""/>
      <property name="tests.class" value=""/>
      <property name="tests.client.ratio" value=""/>
      <property name="tests.cluster_seed" value=""/>
      <property name="tests.enable_mock_modules" value=""/>
      <property name="tests.failfast" value=""/>
      <property name="tests.integration" value=""/>
      <property name="tests.iters" value=""/>
      <property name="tests.jvm.argline" value=""/>
      <property name="tests.maxfailures" value=""/>
      <property name="tests.method" value=""/>
      <property name="tests.network" value=""/>
      <property name="tests.nightly" value=""/>
      <property name="tests.prefix" value="tests"/>
      <property name="tests.rest" value=""/>
      <property name="tests.rest.spec" value=""/>
      <property name="tests.rest.suite" value=""/>
      <property name="tests.security.manager" value=""/>
      <property name="tests.seed" value="A89B4FF56754358E"/>
      <property name="tests.showSuccess" value=""/>
      <property name="tests.slow" value=""/>
      <property name="tests.timeoutSuite" value=""/>
      <property name="tests.weekly" value=""/>
      <property name="user.country" value="US"/>
      <property name="user.dir" value="/Users/bhwang/elasticsearch/target/J0"/>
      <property name="user.home" value="/Users/bhwang"/>
      <property name="user.language" value="en"/>
      <property name="user.name" value="bhwang"/>
      <property name="user.timezone" value=""/>
   </properties>
   <testcase classname="org.elasticsearch.blocks.SimpleBlocksTests" name="testIndexReadWriteMetaDataBlocks" time="6.64"/>
   <testcase classname="org.elasticsearch.blocks.SimpleBlocksTests" name="verifyIndexAndClusterReadOnly" time="17.965"/>
   <system-out><![CDATA[[2014-02-18 15:35:17,085][INFO ][test                     ] Test testIndexReadWriteMetaDataBlocks(org.elasticsearch.blocks.SimpleBlocksTests) started
[2014-02-18 15:35:17,087][INFO ][test                     ] Setup TestCluster [TEST-Bills-MacBook-Pro.local-CHILD_VM=[0]-CLUSTER_SEED=[269619512106754015]-HASH=[135419C4A20C66A0]] with seed [3BDE1848BA31FDF] using [2] nodes
[2014-02-18 15:35:17,089][INFO ][node                     ] [node_0] version[1.0.0], pid[6815], build[a46900e/2014-02-18T23:32:25Z]
[2014-02-18 15:35:17,090][INFO ][node                     ] [node_0] initializing ...
[2014-02-18 15:35:17,090][INFO ][plugins                  ] [node_0] loaded [], sites []
[2014-02-18 15:35:17,161][INFO ][node                     ] [node_0] initialized
[2014-02-18 15:35:17,161][INFO ][node                     ] [node_0] starting ...
[2014-02-18 15:35:17,171][INFO ][transport                ] [node_0] bound_address {inet[/0:0:0:0:0:0:0:0:9303]}, publish_address {inet[/10.1.10.75:9303]}
[2014-02-18 15:35:20,176][INFO ][cluster.service          ] [node_0] new_master [node_0][vWhYL4MrSMW2r0bPp_c0ZQ][Bills-MacBook-Pro.local][inet[/10.1.10.75:9303]], reason: zen-disco-join (elected_as_master)
[2014-02-18 15:35:20,206][INFO ][discovery                ] [node_0] TEST-Bills-MacBook-Pro.local-CHILD_VM=[0]-CLUSTER_SEED=[269619512106754015]-HASH=[135419C4A20C66A0]/vWhYL4MrSMW2r0bPp_c0ZQ
[2014-02-18 15:35:20,208][INFO ][gateway                  ] [node_0] recovered [0] indices into cluster_state
[2014-02-18 15:35:20,211][INFO ][http                     ] [node_0] bound_address {inet[/0:0:0:0:0:0:0:0:9203]}, publish_address {inet[/10.1.10.75:9203]}
[2014-02-18 15:35:20,212][INFO ][node                     ] [node_0] started
[2014-02-18 15:35:20,213][INFO ][test                     ] Start Shared Node [node_0] not shared
[2014-02-18 15:35:20,215][INFO ][node                     ] [node_1] version[1.0.0], pid[6815], build[a46900e/2014-02-18T23:32:25Z]
[2014-02-18 15:35:20,215][INFO ][node                     ] [node_1] initializing ...
[2014-02-18 15:35:20,215][INFO ][plugins                  ] [node_1] loaded [], sites []
[2014-02-18 15:35:20,350][INFO ][node                     ] [node_1] initialized
[2014-02-18 15:35:20,351][INFO ][node                     ] [node_1] starting ...
[2014-02-18 15:35:20,358][INFO ][transport                ] [node_1] bound_address {inet[/0:0:0:0:0:0:0:0:9304]}, publish_address {inet[/10.1.10.75:9304]}
[2014-02-18 15:35:23,377][INFO ][cluster.service          ] [node_0] added {[node_1][7VWHsjktSkSNdkq8Q7Ef9Q][Bills-MacBook-Pro.local][inet[/10.1.10.75:9304]],}, reason: zen-disco-receive(join from node[[node_1][7VWHsjktSkSNdkq8Q7Ef9Q][Bills-MacBook-Pro.local][inet[/10.1.10.75:9304]]])
[2014-02-18 15:35:23,378][INFO ][cluster.service          ] [node_1] detected_master [node_0][vWhYL4MrSMW2r0bPp_c0ZQ][Bills-MacBook-Pro.local][inet[/10.1.10.75:9303]], added {[node_0][vWhYL4MrSMW2r0bPp_c0ZQ][Bills-MacBook-Pro.local][inet[/10.1.10.75:9303]],}, reason: zen-disco-receive(from master [[node_0][vWhYL4MrSMW2r0bPp_c0ZQ][Bills-MacBook-Pro.local][inet[/10.1.10.75:9303]]])
[2014-02-18 15:35:23,392][INFO ][discovery                ] [node_1] TEST-Bills-MacBook-Pro.local-CHILD_VM=[0]-CLUSTER_SEED=[269619512106754015]-HASH=[135419C4A20C66A0]/7VWHsjktSkSNdkq8Q7Ef9Q
[2014-02-18 15:35:23,396][INFO ][http                     ] [node_1] bound_address {inet[/0:0:0:0:0:0:0:0:9204]}, publish_address {inet[/10.1.10.75:9204]}
[2014-02-18 15:35:23,396][INFO ][node                     ] [node_1] started
[2014-02-18 15:35:23,396][INFO ][test                     ] Start Shared Node [node_1] not shared
[2014-02-18 15:35:23,400][INFO ][blocks                   ] [SimpleBlocksTests#testIndexReadWriteMetaDataBlocks]: before test
[2014-02-18 15:35:23,411][INFO ][cluster.metadata         ] [node_0] [test1] creating index, cause [api], shards [5]/[1], mappings []
[2014-02-18 15:35:23,549][INFO ][cluster.metadata         ] [node_0] [test1] update_mapping [zzz] (dynamic)
[2014-02-18 15:35:23,586][INFO ][blocks                   ] [SimpleBlocksTests#testIndexReadWriteMetaDataBlocks]: cleaning up after test
[2014-02-18 15:35:23,586][INFO ][node                     ] [node_0] stopping ...
[2014-02-18 15:35:23,631][INFO ][discovery.zen            ] [node_1] master_left [[node_0][vWhYL4MrSMW2r0bPp_c0ZQ][Bills-MacBook-Pro.local][inet[/10.1.10.75:9303]]], reason [shut_down]
[2014-02-18 15:35:23,638][INFO ][node                     ] [node_0] stopped
[2014-02-18 15:35:23,640][INFO ][node                     ] [node_0] closing ...
[2014-02-18 15:35:23,646][INFO ][node                     ] [node_0] closed
[2014-02-18 15:35:23,646][INFO ][node                     ] [node_1] stopping ...
[2014-02-18 15:35:23,646][INFO ][cluster.service          ] [node_1] master {new [node_1][7VWHsjktSkSNdkq8Q7Ef9Q][Bills-MacBook-Pro.local][inet[/10.1.10.75:9304]], previous [node_0][vWhYL4MrSMW2r0bPp_c0ZQ][Bills-MacBook-Pro.local][inet[/10.1.10.75:9303]]}, removed {[node_0][vWhYL4MrSMW2r0bPp_c0ZQ][Bills-MacBook-Pro.local][inet[/10.1.10.75:9303]],}, reason: zen-disco-master_failed ([node_0][vWhYL4MrSMW2r0bPp_c0ZQ][Bills-MacBook-Pro.local][inet[/10.1.10.75:9303]])
[2014-02-18 15:35:23,684][INFO ][node                     ] [node_1] stopped
[2014-02-18 15:35:23,685][INFO ][node                     ] [node_1] closing ...
[2014-02-18 15:35:23,690][INFO ][node                     ] [node_1] closed
[2014-02-18 15:35:23,690][INFO ][blocks                   ] [SimpleBlocksTests#testIndexReadWriteMetaDataBlocks]: cleaned up after test
[2014-02-18 15:35:23,690][INFO ][test                     ] Wipe data directory for all nodes locations: [data/d0/TEST-Bills-MacBook-Pro.local-CHILD_VM=[0]-CLUSTER_SEED=[269619512106754015]-HASH=[135419C4A20C66A0]/nodes/0, data/d0/TEST-Bills-MacBook-Pro.local-CHILD_VM=[0]-CLUSTER_SEED=[269619512106754015]-HASH=[135419C4A20C66A0]/nodes/1, data/d1/TEST-Bills-MacBook-Pro.local-CHILD_VM=[0]-CLUSTER_SEED=[269619512106754015]-HASH=[135419C4A20C66A0]/nodes/1, data/d1/TEST-Bills-MacBook-Pro.local-CHILD_VM=[0]-CLUSTER_SEED=[269619512106754015]-HASH=[135419C4A20C66A0]/nodes/0]
[2014-02-18 15:35:23,724][INFO ][test                     ] Test testIndexReadWriteMetaDataBlocks(org.elasticsearch.blocks.SimpleBlocksTests) finished
[2014-02-18 15:35:23,725][INFO ][test                     ] Test verifyIndexAndClusterReadOnly(org.elasticsearch.blocks.SimpleBlocksTests) started
[2014-02-18 15:35:23,727][INFO ][test                     ] Setup TestCluster [TEST-Bills-MacBook-Pro.local-CHILD_VM=[0]-CLUSTER_SEED=[-9200296044432394972]-HASH=[135419C62DD026A8]] with seed [8051FB7E2B2CF524] using [5] nodes
[2014-02-18 15:35:23,730][INFO ][node                     ] [node_0] version[1.0.0], pid[6815], build[a46900e/2014-02-18T23:32:25Z]
[2014-02-18 15:35:23,730][INFO ][node                     ] [node_0] initializing ...
[2014-02-18 15:35:23,731][INFO ][plugins                  ] [node_0] loaded [], sites []
[2014-02-18 15:35:23,781][INFO ][node                     ] [node_0] initialized
[2014-02-18 15:35:23,781][INFO ][node                     ] [node_0] starting ...
[2014-02-18 15:35:23,787][INFO ][transport                ] [node_0] bound_address {inet[/0:0:0:0:0:0:0:0:9303]}, publish_address {inet[/10.1.10.75:9303]}
[2014-02-18 15:35:26,791][INFO ][cluster.service          ] [node_0] new_master [node_0][MuUrhGOCQxWncoXmGPgebA][Bills-MacBook-Pro.local][inet[/10.1.10.75:9303]], reason: zen-disco-join (elected_as_master)
[2014-02-18 15:35:26,804][INFO ][discovery                ] [node_0] TEST-Bills-MacBook-Pro.local-CHILD_VM=[0]-CLUSTER_SEED=[-9200296044432394972]-HASH=[135419C62DD026A8]/MuUrhGOCQxWncoXmGPgebA
[2014-02-18 15:35:26,805][INFO ][gateway                  ] [node_0] recovered [0] indices into cluster_state
[2014-02-18 15:35:26,808][INFO ][http                     ] [node_0] bound_address {inet[/0:0:0:0:0:0:0:0:9203]}, publish_address {inet[/10.1.10.75:9203]}
[2014-02-18 15:35:26,809][INFO ][node                     ] [node_0] started
[2014-02-18 15:35:26,809][INFO ][test                     ] Start Shared Node [node_0] not shared
[2014-02-18 15:35:26,810][INFO ][node                     ] [node_1] version[1.0.0], pid[6815], build[a46900e/2014-02-18T23:32:25Z]
[2014-02-18 15:35:26,810][INFO ][node                     ] [node_1] initializing ...
[2014-02-18 15:35:26,810][INFO ][plugins                  ] [node_1] loaded [], sites []
[2014-02-18 15:35:26,854][INFO ][node                     ] [node_1] initialized
[2014-02-18 15:35:26,855][INFO ][node                     ] [node_1] starting ...
[2014-02-18 15:35:26,861][INFO ][transport                ] [node_1] bound_address {inet[/0:0:0:0:0:0:0:0:9304]}, publish_address {inet[/10.1.10.75:9304]}
[2014-02-18 15:35:29,880][INFO ][cluster.service          ] [node_0] added {[node_1][uJMqx-iNQLuUPFM1oCH9Hg][Bills-MacBook-Pro.local][inet[/10.1.10.75:9304]],}, reason: zen-disco-receive(join from node[[node_1][uJMqx-iNQLuUPFM1oCH9Hg][Bills-MacBook-Pro.local][inet[/10.1.10.75:9304]]])
[2014-02-18 15:35:29,881][INFO ][cluster.service          ] [node_1] detected_master [node_0][MuUrhGOCQxWncoXmGPgebA][Bills-MacBook-Pro.local][inet[/10.1.10.75:9303]], added {[node_0][MuUrhGOCQxWncoXmGPgebA][Bills-MacBook-Pro.local][inet[/10.1.10.75:9303]],}, reason: zen-disco-receive(from master [[node_0][MuUrhGOCQxWncoXmGPgebA][Bills-MacBook-Pro.local][inet[/10.1.10.75:9303]]])
[2014-02-18 15:35:29,897][INFO ][discovery                ] [node_1] TEST-Bills-MacBook-Pro.local-CHILD_VM=[0]-CLUSTER_SEED=[-9200296044432394972]-HASH=[135419C62DD026A8]/uJMqx-iNQLuUPFM1oCH9Hg
[2014-02-18 15:35:29,901][INFO ][http                     ] [node_1] bound_address {inet[/0:0:0:0:0:0:0:0:9204]}, publish_address {inet[/10.1.10.75:9204]}
[2014-02-18 15:35:29,902][INFO ][node                     ] [node_1] started
[2014-02-18 15:35:29,902][INFO ][test                     ] Start Shared Node [node_1] not shared
[2014-02-18 15:35:29,904][INFO ][node                     ] [node_2] version[1.0.0], pid[6815], build[a46900e/2014-02-18T23:32:25Z]
[2014-02-18 15:35:29,904][INFO ][node                     ] [node_2] initializing ...
[2014-02-18 15:35:29,904][INFO ][plugins                  ] [node_2] loaded [], sites []
[2014-02-18 15:35:29,959][INFO ][node                     ] [node_2] initialized
[2014-02-18 15:35:29,960][INFO ][node                     ] [node_2] starting ...
[2014-02-18 15:35:29,967][INFO ][transport                ] [node_2] bound_address {inet[/0:0:0:0:0:0:0:0:9305]}, publish_address {inet[/10.1.10.75:9305]}
[2014-02-18 15:35:32,992][INFO ][cluster.service          ] [node_0] added {[node_2][67PPw-xJSIatfw4hEXDAng][Bills-MacBook-Pro.local][inet[/10.1.10.75:9305]],}, reason: zen-disco-receive(join from node[[node_2][67PPw-xJSIatfw4hEXDAng][Bills-MacBook-Pro.local][inet[/10.1.10.75:9305]]])
[2014-02-18 15:35:32,994][INFO ][cluster.service          ] [node_1] added {[node_2][67PPw-xJSIatfw4hEXDAng][Bills-MacBook-Pro.local][inet[/10.1.10.75:9305]],}, reason: zen-disco-receive(from master [[node_0][MuUrhGOCQxWncoXmGPgebA][Bills-MacBook-Pro.local][inet[/10.1.10.75:9303]]])
[2014-02-18 15:35:32,995][INFO ][cluster.service          ] [node_2] detected_master [node_0][MuUrhGOCQxWncoXmGPgebA][Bills-MacBook-Pro.local][inet[/10.1.10.75:9303]], added {[node_0][MuUrhGOCQxWncoXmGPgebA][Bills-MacBook-Pro.local][inet[/10.1.10.75:9303]],[node_1][uJMqx-iNQLuUPFM1oCH9Hg][Bills-MacBook-Pro.local][inet[/10.1.10.75:9304]],}, reason: zen-disco-receive(from master [[node_0][MuUrhGOCQxWncoXmGPgebA][Bills-MacBook-Pro.local][inet[/10.1.10.75:9303]]])
[2014-02-18 15:35:33,061][INFO ][discovery                ] [node_2] TEST-Bills-MacBook-Pro.local-CHILD_VM=[0]-CLUSTER_SEED=[-9200296044432394972]-HASH=[135419C62DD026A8]/67PPw-xJSIatfw4hEXDAng
[2014-02-18 15:35:33,073][INFO ][http                     ] [node_2] bound_address {inet[/0:0:0:0:0:0:0:0:9205]}, publish_address {inet[/10.1.10.75:9205]}
[2014-02-18 15:35:33,073][INFO ][node                     ] [node_2] started
[2014-02-18 15:35:33,073][INFO ][test                     ] Start Shared Node [node_2] not shared
[2014-02-18 15:35:33,075][INFO ][node                     ] [node_3] version[1.0.0], pid[6815], build[a46900e/2014-02-18T23:32:25Z]
[2014-02-18 15:35:33,075][INFO ][node                     ] [node_3] initializing ...
[2014-02-18 15:35:33,075][INFO ][plugins                  ] [node_3] loaded [], sites []
[2014-02-18 15:35:33,125][INFO ][node                     ] [node_3] initialized
[2014-02-18 15:35:33,125][INFO ][node                     ] [node_3] starting ...
[2014-02-18 15:35:33,133][INFO ][transport                ] [node_3] bound_address {inet[/0:0:0:0:0:0:0:0:9306]}, publish_address {inet[/10.1.10.75:9306]}
[2014-02-18 15:35:33,142][WARN ][discovery.zen.ping.multicast] [node_3] failed to receive packet, throttling...
java.net.SocketException: Socket closed
	at java.net.PlainDatagramSocketImpl.peekData(Native Method)
	at java.net.DatagramSocket.receive(DatagramSocket.java:726)
	at org.elasticsearch.discovery.zen.ping.multicast.MulticastZenPing$Receiver.run(MulticastZenPing.java:366)
	at java.lang.Thread.run(Thread.java:744)
[2014-02-18 15:35:33,643][WARN ][discovery.zen.ping.multicast] [node_3] failed to receive packet, throttling...
java.net.SocketException: Socket closed
	at java.net.PlainDatagramSocketImpl.peekData(Native Method)
	at java.net.DatagramSocket.receive(DatagramSocket.java:726)
	at org.elasticsearch.discovery.zen.ping.multicast.MulticastZenPing$Receiver.run(MulticastZenPing.java:366)
	at java.lang.Thread.run(Thread.java:744)
[2014-02-18 15:35:34,143][WARN ][discovery.zen.ping.multicast] [node_3] failed to receive packet, throttling...
java.net.SocketException: Socket closed
	at java.net.PlainDatagramSocketImpl.peekData(Native Method)
	at java.net.DatagramSocket.receive(DatagramSocket.java:726)
	at org.elasticsearch.discovery.zen.ping.multicast.MulticastZenPing$Receiver.run(MulticastZenPing.java:366)
	at java.lang.Thread.run(Thread.java:744)
[2014-02-18 15:35:34,644][WARN ][discovery.zen.ping.multicast] [node_3] failed to receive packet, throttling...
java.net.SocketException: Socket closed
	at java.net.PlainDatagramSocketImpl.peekData(Native Method)
	at java.net.DatagramSocket.receive(DatagramSocket.java:726)
	at org.elasticsearch.discovery.zen.ping.multicast.MulticastZenPing$Receiver.run(MulticastZenPing.java:366)
	at java.lang.Thread.run(Thread.java:744)
[2014-02-18 15:35:35,146][WARN ][discovery.zen.ping.multicast] [node_3] failed to receive packet, throttling...
java.net.SocketException: Socket closed
	at java.net.PlainDatagramSocketImpl.peekData(Native Method)
	at java.net.DatagramSocket.receive(DatagramSocket.java:726)
	at org.elasticsearch.discovery.zen.ping.multicast.MulticastZenPing$Receiver.run(MulticastZenPing.java:366)
	at java.lang.Thread.run(Thread.java:744)
[2014-02-18 15:35:35,647][WARN ][discovery.zen.ping.multicast] [node_3] failed to receive packet, throttling...
java.net.SocketException: Socket closed
	at java.net.PlainDatagramSocketImpl.peekData(Native Method)
	at java.net.DatagramSocket.receive(DatagramSocket.java:726)
	at org.elasticsearch.discovery.zen.ping.multicast.MulticastZenPing$Receiver.run(MulticastZenPing.java:366)
	at java.lang.Thread.run(Thread.java:744)
[2014-02-18 15:35:36,147][WARN ][discovery.zen.ping.multicast] [node_3] failed to receive packet, throttling...
java.net.SocketException: Socket closed
	at java.net.PlainDatagramSocketImpl.peekData(Native Method)
	at java.net.DatagramSocket.receive(DatagramSocket.java:726)
	at org.elasticsearch.discovery.zen.ping.multicast.MulticastZenPing$Receiver.run(MulticastZenPing.java:366)
	at java.lang.Thread.run(Thread.java:744)
[2014-02-18 15:35:36,163][INFO ][cluster.service          ] [node_0] added {[node_3][BsVpWDd6Sfy790or12S0Fw][Bills-MacBook-Pro.local][inet[/10.1.10.75:9306]],}, reason: zen-disco-receive(join from node[[node_3][BsVpWDd6Sfy790or12S0Fw][Bills-MacBook-Pro.local][inet[/10.1.10.75:9306]]])
[2014-02-18 15:35:36,164][INFO ][cluster.service          ] [node_2] added {[node_3][BsVpWDd6Sfy790or12S0Fw][Bills-MacBook-Pro.local][inet[/10.1.10.75:9306]],}, reason: zen-disco-receive(from master [[node_0][MuUrhGOCQxWncoXmGPgebA][Bills-MacBook-Pro.local][inet[/10.1.10.75:9303]]])
[2014-02-18 15:35:36,164][INFO ][cluster.service          ] [node_1] added {[node_3][BsVpWDd6Sfy790or12S0Fw][Bills-MacBook-Pro.local][inet[/10.1.10.75:9306]],}, reason: zen-disco-receive(from master [[node_0][MuUrhGOCQxWncoXmGPgebA][Bills-MacBook-Pro.local][inet[/10.1.10.75:9303]]])
[2014-02-18 15:35:36,164][INFO ][cluster.service          ] [node_3] detected_master [node_0][MuUrhGOCQxWncoXmGPgebA][Bills-MacBook-Pro.local][inet[/10.1.10.75:9303]], added {[node_0][MuUrhGOCQxWncoXmGPgebA][Bills-MacBook-Pro.local][inet[/10.1.10.75:9303]],[node_2][67PPw-xJSIatfw4hEXDAng][Bills-MacBook-Pro.local][inet[/10.1.10.75:9305]],[node_1][uJMqx-iNQLuUPFM1oCH9Hg][Bills-MacBook-Pro.local][inet[/10.1.10.75:9304]],}, reason: zen-disco-receive(from master [[node_0][MuUrhGOCQxWncoXmGPgebA][Bills-MacBook-Pro.local][inet[/10.1.10.75:9303]]])
[2014-02-18 15:35:36,221][INFO ][discovery                ] [node_3] TEST-Bills-MacBook-Pro.local-CHILD_VM=[0]-CLUSTER_SEED=[-9200296044432394972]-HASH=[135419C62DD026A8]/BsVpWDd6Sfy790or12S0Fw
[2014-02-18 15:35:36,228][INFO ][http                     ] [node_3] bound_address {inet[/0:0:0:0:0:0:0:0:9206]}, publish_address {inet[/10.1.10.75:9206]}
[2014-02-18 15:35:36,229][INFO ][node                     ] [node_3] started
[2014-02-18 15:35:36,229][INFO ][test                     ] Start Shared Node [node_3] not shared
[2014-02-18 15:35:36,230][INFO ][node                     ] [node_4] version[1.0.0], pid[6815], build[a46900e/2014-02-18T23:32:25Z]
[2014-02-18 15:35:36,231][INFO ][node                     ] [node_4] initializing ...
[2014-02-18 15:35:36,231][INFO ][plugins                  ] [node_4] loaded [], sites []
[2014-02-18 15:35:36,292][INFO ][node                     ] [node_4] initialized
[2014-02-18 15:35:36,292][INFO ][node                     ] [node_4] starting ...
[2014-02-18 15:35:36,306][INFO ][transport                ] [node_4] bound_address {inet[/0:0:0:0:0:0:0:0:9307]}, publish_address {inet[/10.1.10.75:9307]}
[2014-02-18 15:35:36,309][WARN ][discovery.zen.ping.multicast] [node_4] failed to receive packet, throttling...
java.net.SocketException: Socket closed
	at java.net.PlainDatagramSocketImpl.peekData(Native Method)
	at java.net.DatagramSocket.receive(DatagramSocket.java:726)
	at org.elasticsearch.discovery.zen.ping.multicast.MulticastZenPing$Receiver.run(MulticastZenPing.java:366)
	at java.lang.Thread.run(Thread.java:744)
[2014-02-18 15:35:36,655][WARN ][discovery.zen.ping.multicast] [node_3] failed to receive packet, throttling...
java.net.SocketException: Socket closed
	at java.net.PlainDatagramSocketImpl.peekData(Native Method)
	at java.net.DatagramSocket.receive(DatagramSocket.java:726)
	at org.elasticsearch.discovery.zen.ping.multicast.MulticastZenPing$Receiver.run(MulticastZenPing.java:366)
	at java.lang.Thread.run(Thread.java:744)
[2014-02-18 15:35:36,810][WARN ][discovery.zen.ping.multicast] [node_4] failed to receive packet, throttling...
java.net.SocketException: Socket closed
	at java.net.PlainDatagramSocketImpl.peekData(Native Method)
	at java.net.DatagramSocket.receive(DatagramSocket.java:726)
	at org.elasticsearch.discovery.zen.ping.multicast.MulticastZenPing$Receiver.run(MulticastZenPing.java:366)
	at java.lang.Thread.run(Thread.java:744)
[2014-02-18 15:35:37,157][WARN ][discovery.zen.ping.multicast] [node_3] failed to receive packet, throttling...
java.net.SocketException: Socket closed
	at java.net.PlainDatagramSocketImpl.peekData(Native Method)
	at java.net.DatagramSocket.receive(DatagramSocket.java:726)
	at org.elasticsearch.discovery.zen.ping.multicast.MulticastZenPing$Receiver.run(MulticastZenPing.java:366)
	at java.lang.Thread.run(Thread.java:744)
[2014-02-18 15:35:37,314][WARN ][discovery.zen.ping.multicast] [node_4] failed to receive packet, throttling...
java.net.SocketException: Socket closed
	at java.net.PlainDatagramSocketImpl.peekData(Native Method)
	at java.net.DatagramSocket.receive(DatagramSocket.java:726)
	at org.elasticsearch.discovery.zen.ping.multicast.MulticastZenPing$Receiver.run(MulticastZenPing.java:366)
	at java.lang.Thread.run(Thread.java:744)
[2014-02-18 15:35:37,658][WARN ][discovery.zen.ping.multicast] [node_3] failed to receive packet, throttling...
java.net.SocketException: Socket closed
	at java.net.PlainDatagramSocketImpl.peekData(Native Method)
	at java.net.DatagramSocket.receive(DatagramSocket.java:726)
	at org.elasticsearch.discovery.zen.ping.multicast.MulticastZenPing$Receiver.run(MulticastZenPing.java:366)
	at java.lang.Thread.run(Thread.java:744)
[2014-02-18 15:35:37,816][WARN ][discovery.zen.ping.multicast] [node_4] failed to receive packet, throttling...
java.net.SocketException: Socket closed
	at java.net.PlainDatagramSocketImpl.peekData(Native Method)
	at java.net.DatagramSocket.receive(DatagramSocket.java:726)
	at org.elasticsearch.discovery.zen.ping.multicast.MulticastZenPing$Receiver.run(MulticastZenPing.java:366)
	at java.lang.Thread.run(Thread.java:744)
[2014-02-18 15:35:38,159][WARN ][discovery.zen.ping.multicast] [node_3] failed to receive packet, throttling...
java.net.SocketException: Socket closed
	at java.net.PlainDatagramSocketImpl.peekData(Native Method)
	at java.net.DatagramSocket.receive(DatagramSocket.java:726)
	at org.elasticsearch.discovery.zen.ping.multicast.MulticastZenPing$Receiver.run(MulticastZenPing.java:366)
	at java.lang.Thread.run(Thread.java:744)
[2014-02-18 15:35:38,317][WARN ][discovery.zen.ping.multicast] [node_4] failed to receive packet, throttling...
java.net.SocketException: Socket closed
	at java.net.PlainDatagramSocketImpl.peekData(Native Method)
	at java.net.DatagramSocket.receive(DatagramSocket.java:726)
	at org.elasticsearch.discovery.zen.ping.multicast.MulticastZenPing$Receiver.run(MulticastZenPing.java:366)
	at java.lang.Thread.run(Thread.java:744)
[2014-02-18 15:35:38,661][WARN ][discovery.zen.ping.multicast] [node_3] failed to receive packet, throttling...
java.net.SocketException: Socket closed
	at java.net.PlainDatagramSocketImpl.peekData(Native Method)
	at java.net.DatagramSocket.receive(DatagramSocket.java:726)
	at org.elasticsearch.discovery.zen.ping.multicast.MulticastZenPing$Receiver.run(MulticastZenPing.java:366)
	at java.lang.Thread.run(Thread.java:744)
[2014-02-18 15:35:38,818][WARN ][discovery.zen.ping.multicast] [node_4] failed to receive packet, throttling...
java.net.SocketException: Socket closed
	at java.net.PlainDatagramSocketImpl.peekData(Native Method)
	at java.net.DatagramSocket.receive(DatagramSocket.java:726)
	at org.elasticsearch.discovery.zen.ping.multicast.MulticastZenPing$Receiver.run(MulticastZenPing.java:366)
	at java.lang.Thread.run(Thread.java:744)
[2014-02-18 15:35:39,162][WARN ][discovery.zen.ping.multicast] [node_3] failed to receive packet, throttling...
java.net.SocketException: Socket closed
	at java.net.PlainDatagramSocketImpl.peekData(Native Method)
	at java.net.DatagramSocket.receive(DatagramSocket.java:726)
	at org.elasticsearch.discovery.zen.ping.multicast.MulticastZenPing$Receiver.run(MulticastZenPing.java:366)
	at java.lang.Thread.run(Thread.java:744)
[2014-02-18 15:35:39,319][WARN ][discovery.zen.ping.multicast] [node_4] failed to receive packet, throttling...
java.net.SocketException: Socket closed
	at java.net.PlainDatagramSocketImpl.peekData(Native Method)
	at java.net.DatagramSocket.receive(DatagramSocket.java:726)
	at org.elasticsearch.discovery.zen.ping.multicast.MulticastZenPing$Receiver.run(MulticastZenPing.java:366)
	at java.lang.Thread.run(Thread.java:744)
[2014-02-18 15:35:39,331][INFO ][cluster.service          ] [node_0] added {[node_4][esmlcRFySh2HShJZdlDwVw][Bills-MacBook-Pro.local][inet[/10.1.10.75:9307]],}, reason: zen-disco-receive(join from node[[node_4][esmlcRFySh2HShJZdlDwVw][Bills-MacBook-Pro.local][inet[/10.1.10.75:9307]]])
[2014-02-18 15:35:39,332][INFO ][cluster.service          ] [node_3] added {[node_4][esmlcRFySh2HShJZdlDwVw][Bills-MacBook-Pro.local][inet[/10.1.10.75:9307]],}, reason: zen-disco-receive(from master [[node_0][MuUrhGOCQxWncoXmGPgebA][Bills-MacBook-Pro.local][inet[/10.1.10.75:9303]]])
[2014-02-18 15:35:39,332][INFO ][cluster.service          ] [node_1] added {[node_4][esmlcRFySh2HShJZdlDwVw][Bills-MacBook-Pro.local][inet[/10.1.10.75:9307]],}, reason: zen-disco-receive(from master [[node_0][MuUrhGOCQxWncoXmGPgebA][Bills-MacBook-Pro.local][inet[/10.1.10.75:9303]]])
[2014-02-18 15:35:39,332][INFO ][cluster.service          ] [node_2] added {[node_4][esmlcRFySh2HShJZdlDwVw][Bills-MacBook-Pro.local][inet[/10.1.10.75:9307]],}, reason: zen-disco-receive(from master [[node_0][MuUrhGOCQxWncoXmGPgebA][Bills-MacBook-Pro.local][inet[/10.1.10.75:9303]]])
[2014-02-18 15:35:39,332][INFO ][cluster.service          ] [node_4] detected_master [node_0][MuUrhGOCQxWncoXmGPgebA][Bills-MacBook-Pro.local][inet[/10.1.10.75:9303]], added {[node_0][MuUrhGOCQxWncoXmGPgebA][Bills-MacBook-Pro.local][inet[/10.1.10.75:9303]],[node_3][BsVpWDd6Sfy790or12S0Fw][Bills-MacBook-Pro.local][inet[/10.1.10.75:9306]],[node_2][67PPw-xJSIatfw4hEXDAng][Bills-MacBook-Pro.local][inet[/10.1.10.75:9305]],[node_1][uJMqx-iNQLuUPFM1oCH9Hg][Bills-MacBook-Pro.local][inet[/10.1.10.75:9304]],}, reason: zen-disco-receive(from master [[node_0][MuUrhGOCQxWncoXmGPgebA][Bills-MacBook-Pro.local][inet[/10.1.10.75:9303]]])
[2014-02-18 15:35:39,428][INFO ][discovery                ] [node_4] TEST-Bills-MacBook-Pro.local-CHILD_VM=[0]-CLUSTER_SEED=[-9200296044432394972]-HASH=[135419C62DD026A8]/esmlcRFySh2HShJZdlDwVw
[2014-02-18 15:35:39,433][INFO ][http                     ] [node_4] bound_address {inet[/0:0:0:0:0:0:0:0:9207]}, publish_address {inet[/10.1.10.75:9207]}
[2014-02-18 15:35:39,434][INFO ][node                     ] [node_4] started
[2014-02-18 15:35:39,434][INFO ][test                     ] Start Shared Node [node_4] not shared
[2014-02-18 15:35:39,438][INFO ][plugins                  ] [transport_client_node_4] loaded [], sites []
[2014-02-18 15:35:39,485][INFO ][blocks                   ] [SimpleBlocksTests#verifyIndexAndClusterReadOnly]: before test
[2014-02-18 15:35:39,504][INFO ][cluster.metadata         ] [node_0] [test1] creating index, cause [api], shards [5]/[1], mappings []
[2014-02-18 15:35:39,664][WARN ][discovery.zen.ping.multicast] [node_3] failed to receive packet, throttling...
java.net.SocketException: Socket closed
	at java.net.PlainDatagramSocketImpl.peekData(Native Method)
	at java.net.DatagramSocket.receive(DatagramSocket.java:726)
	at org.elasticsearch.discovery.zen.ping.multicast.MulticastZenPing$Receiver.run(MulticastZenPing.java:366)
	at java.lang.Thread.run(Thread.java:744)
[2014-02-18 15:35:39,670][INFO ][plugins                  ] [transport_client_node_0] loaded [], sites []
[2014-02-18 15:35:39,824][WARN ][discovery.zen.ping.multicast] [node_4] failed to receive packet, throttling...
java.net.SocketException: Socket closed
	at java.net.PlainDatagramSocketImpl.peekData(Native Method)
	at java.net.DatagramSocket.receive(DatagramSocket.java:726)
	at org.elasticsearch.discovery.zen.ping.multicast.MulticastZenPing$Receiver.run(MulticastZenPing.java:366)
	at java.lang.Thread.run(Thread.java:744)
[2014-02-18 15:35:39,944][INFO ][cluster.metadata         ] [node_0] [test1] update_mapping [zzz] (dynamic)
[2014-02-18 15:35:40,074][INFO ][cluster.metadata         ] [node_0] [test2] creating index, cause [api], shards [5]/[1], mappings []
[2014-02-18 15:35:40,164][WARN ][discovery.zen.ping.multicast] [node_3] failed to receive packet, throttling...
java.net.SocketException: Socket closed
	at java.net.PlainDatagramSocketImpl.peekData(Native Method)
	at java.net.DatagramSocket.receive(DatagramSocket.java:726)
	at org.elasticsearch.discovery.zen.ping.multicast.MulticastZenPing$Receiver.run(MulticastZenPing.java:366)
	at java.lang.Thread.run(Thread.java:744)
[2014-02-18 15:35:40,340][WARN ][discovery.zen.ping.multicast] [node_4] failed to receive packet, throttling...
java.net.SocketException: Socket closed
	at java.net.PlainDatagramSocketImpl.peekData(Native Method)
	at java.net.DatagramSocket.receive(DatagramSocket.java:726)
	at org.elasticsearch.discovery.zen.ping.multicast.MulticastZenPing$Receiver.run(MulticastZenPing.java:366)
	at java.lang.Thread.run(Thread.java:744)
[2014-02-18 15:35:40,372][INFO ][cluster.metadata         ] [node_0] [test2] update_mapping [zzz] (dynamic)
[2014-02-18 15:35:40,408][INFO ][cluster.metadata         ] [node_0] [ro] creating index, cause [api], shards [5]/[1], mappings []
[2014-02-18 15:35:40,648][INFO ][cluster.metadata         ] [node_0] [ro] update_mapping [zzz] (dynamic)
[2014-02-18 15:35:40,665][WARN ][discovery.zen.ping.multicast] [node_3] failed to receive packet, throttling...
java.net.SocketException: Socket closed
	at java.net.PlainDatagramSocketImpl.peekData(Native Method)
	at java.net.DatagramSocket.receive(DatagramSocket.java:726)
	at org.elasticsearch.discovery.zen.ping.multicast.MulticastZenPing$Receiver.run(MulticastZenPing.java:366)
	at java.lang.Thread.run(Thread.java:744)
[2014-02-18 15:35:40,680][INFO ][cluster.metadata         ] [node_0] [rw] creating index, cause [api], shards [5]/[1], mappings []
[2014-02-18 15:35:40,854][WARN ][discovery.zen.ping.multicast] [node_4] failed to receive packet, throttling...
java.net.SocketException: Socket closed
	at java.net.PlainDatagramSocketImpl.peekData(Native Method)
	at java.net.DatagramSocket.receive(DatagramSocket.java:726)
	at org.elasticsearch.discovery.zen.ping.multicast.MulticastZenPing$Receiver.run(MulticastZenPing.java:366)
	at java.lang.Thread.run(Thread.java:744)
[2014-02-18 15:35:40,923][INFO ][blocks                   ] [SimpleBlocksTests#verifyIndexAndClusterReadOnly]: cleaning up after test
[2014-02-18 15:35:40,933][INFO ][node                     ] [node_0] stopping ...
[2014-02-18 15:35:40,938][INFO ][cluster.metadata         ] [node_0] [rw] update_mapping [zzz] (dynamic)
[2014-02-18 15:35:40,974][INFO ][discovery.zen            ] [node_3] master_left [[node_0][MuUrhGOCQxWncoXmGPgebA][Bills-MacBook-Pro.local][inet[/10.1.10.75:9303]]], reason [shut_down]
[2014-02-18 15:35:40,974][INFO ][discovery.zen            ] [node_4] master_left [[node_0][MuUrhGOCQxWncoXmGPgebA][Bills-MacBook-Pro.local][inet[/10.1.10.75:9303]]], reason [shut_down]
[2014-02-18 15:35:40,974][INFO ][discovery.zen            ] [node_2] master_left [[node_0][MuUrhGOCQxWncoXmGPgebA][Bills-MacBook-Pro.local][inet[/10.1.10.75:9303]]], reason [shut_down]
[2014-02-18 15:35:40,975][INFO ][cluster.service          ] [node_3] master {new [node_2][67PPw-xJSIatfw4hEXDAng][Bills-MacBook-Pro.local][inet[/10.1.10.75:9305]], previous [node_0][MuUrhGOCQxWncoXmGPgebA][Bills-MacBook-Pro.local][inet[/10.1.10.75:9303]]}, removed {[node_0][MuUrhGOCQxWncoXmGPgebA][Bills-MacBook-Pro.local][inet[/10.1.10.75:9303]],}, reason: zen-disco-master_failed ([node_0][MuUrhGOCQxWncoXmGPgebA][Bills-MacBook-Pro.local][inet[/10.1.10.75:9303]])
[2014-02-18 15:35:41,000][INFO ][discovery.zen            ] [node_4] master_left [[node_0][MuUrhGOCQxWncoXmGPgebA][Bills-MacBook-Pro.local][inet[/10.1.10.75:9303]]], reason [transport disconnected (with verified connect)]
[2014-02-18 15:35:41,004][WARN ][cluster.action.shard     ] [node_4] failed to send shard started to [[node_0][MuUrhGOCQxWncoXmGPgebA][Bills-MacBook-Pro.local][inet[/10.1.10.75:9303]]]
org.elasticsearch.transport.SendRequestTransportException: [node_0][inet[/10.1.10.75:9303]][cluster/shardStarted]
	at org.elasticsearch.transport.TransportService.sendRequest(TransportService.java:202)
	at org.elasticsearch.transport.TransportService.sendRequest(TransportService.java:173)
	at org.elasticsearch.cluster.action.shard.ShardStateAction.shardStarted(ShardStateAction.java:105)
	at org.elasticsearch.indices.cluster.IndicesClusterStateService$PeerRecoveryListener.onRecoveryDone(IndicesClusterStateService.java:729)
	at org.elasticsearch.indices.recovery.RecoveryTarget.doRecovery(RecoveryTarget.java:242)
	at org.elasticsearch.indices.recovery.RecoveryTarget.access$300(RecoveryTarget.java:65)
	at org.elasticsearch.indices.recovery.RecoveryTarget$2.run(RecoveryTarget.java:171)
	at java.util.concurrent.ThreadPoolExecutor.runWorker(ThreadPoolExecutor.java:1145)
	at java.util.concurrent.ThreadPoolExecutor$Worker.run(ThreadPoolExecutor.java:615)
	at java.lang.Thread.run(Thread.java:744)
Caused by: org.elasticsearch.transport.NodeNotConnectedException: [node_0][inet[/10.1.10.75:9303]] Node not connected
	at org.elasticsearch.transport.netty.NettyTransport.nodeChannel(NettyTransport.java:859)
	at org.elasticsearch.transport.netty.NettyTransport.sendRequest(NettyTransport.java:540)
	at org.elasticsearch.transport.TransportService.sendRequest(TransportService.java:189)
	... 9 more
[2014-02-18 15:35:41,015][INFO ][discovery.zen            ] [node_1] master_left [[node_0][MuUrhGOCQxWncoXmGPgebA][Bills-MacBook-Pro.local][inet[/10.1.10.75:9303]]], reason [transport disconnected (with verified connect)]
[2014-02-18 15:35:41,011][INFO ][cluster.service          ] [node_2] master {new [node_2][67PPw-xJSIatfw4hEXDAng][Bills-MacBook-Pro.local][inet[/10.1.10.75:9305]], previous [node_0][MuUrhGOCQxWncoXmGPgebA][Bills-MacBook-Pro.local][inet[/10.1.10.75:9303]]}, removed {[node_0][MuUrhGOCQxWncoXmGPgebA][Bills-MacBook-Pro.local][inet[/10.1.10.75:9303]],}, reason: zen-disco-master_failed ([node_0][MuUrhGOCQxWncoXmGPgebA][Bills-MacBook-Pro.local][inet[/10.1.10.75:9303]])
[2014-02-18 15:35:41,008][INFO ][node                     ] [node_0] stopped
[2014-02-18 15:35:41,017][INFO ][node                     ] [node_0] closing ...
[2014-02-18 15:35:41,019][INFO ][cluster.service          ] [node_4] master {new [node_2][67PPw-xJSIatfw4hEXDAng][Bills-MacBook-Pro.local][inet[/10.1.10.75:9305]], previous [node_0][MuUrhGOCQxWncoXmGPgebA][Bills-MacBook-Pro.local][inet[/10.1.10.75:9303]]}, removed {[node_0][MuUrhGOCQxWncoXmGPgebA][Bills-MacBook-Pro.local][inet[/10.1.10.75:9303]],}, reason: zen-disco-master_failed ([node_0][MuUrhGOCQxWncoXmGPgebA][Bills-MacBook-Pro.local][inet[/10.1.10.75:9303]])
[2014-02-18 15:35:41,023][INFO ][node                     ] [node_0] closed
[2014-02-18 15:35:41,025][INFO ][node                     ] [node_1] stopping ...
[2014-02-18 15:35:41,023][INFO ][cluster.service          ] [node_1] master {new [node_2][67PPw-xJSIatfw4hEXDAng][Bills-MacBook-Pro.local][inet[/10.1.10.75:9305]], previous [node_0][MuUrhGOCQxWncoXmGPgebA][Bills-MacBook-Pro.local][inet[/10.1.10.75:9303]]}, removed {[node_0][MuUrhGOCQxWncoXmGPgebA][Bills-MacBook-Pro.local][inet[/10.1.10.75:9303]],}, reason: zen-disco-master_failed ([node_0][MuUrhGOCQxWncoXmGPgebA][Bills-MacBook-Pro.local][inet[/10.1.10.75:9303]])
[2014-02-18 15:35:41,118][INFO ][node                     ] [node_1] stopped
[2014-02-18 15:35:41,120][INFO ][node                     ] [node_1] closing ...
[2014-02-18 15:35:41,132][INFO ][node                     ] [node_1] closed
[2014-02-18 15:35:41,133][INFO ][node                     ] [node_2] stopping ...
[2014-02-18 15:35:41,155][INFO ][cluster.service          ] [node_2] removed {[node_1][uJMqx-iNQLuUPFM1oCH9Hg][Bills-MacBook-Pro.local][inet[/10.1.10.75:9304]],}, reason: zen-disco-node_left([node_1][uJMqx-iNQLuUPFM1oCH9Hg][Bills-MacBook-Pro.local][inet[/10.1.10.75:9304]])
[2014-02-18 15:35:41,157][INFO ][cluster.service          ] [node_4] removed {[node_1][uJMqx-iNQLuUPFM1oCH9Hg][Bills-MacBook-Pro.local][inet[/10.1.10.75:9304]],}, reason: zen-disco-receive(from master [[node_2][67PPw-xJSIatfw4hEXDAng][Bills-MacBook-Pro.local][inet[/10.1.10.75:9305]]])
[2014-02-18 15:35:41,157][INFO ][cluster.service          ] [node_3] removed {[node_1][uJMqx-iNQLuUPFM1oCH9Hg][Bills-MacBook-Pro.local][inet[/10.1.10.75:9304]],}, reason: zen-disco-receive(from master [[node_2][67PPw-xJSIatfw4hEXDAng][Bills-MacBook-Pro.local][inet[/10.1.10.75:9305]]])
[2014-02-18 15:35:41,166][WARN ][discovery.zen.ping.multicast] [node_3] failed to receive packet, throttling...
java.net.SocketException: Socket closed
	at java.net.PlainDatagramSocketImpl.peekData(Native Method)
	at java.net.DatagramSocket.receive(DatagramSocket.java:726)
	at org.elasticsearch.discovery.zen.ping.multicast.MulticastZenPing$Receiver.run(MulticastZenPing.java:366)
	at java.lang.Thread.run(Thread.java:744)
[2014-02-18 15:35:41,266][INFO ][discovery.zen            ] [node_3] master_left [[node_2][67PPw-xJSIatfw4hEXDAng][Bills-MacBook-Pro.local][inet[/10.1.10.75:9305]]], reason [shut_down]
[2014-02-18 15:35:41,266][INFO ][discovery.zen            ] [node_4] master_left [[node_2][67PPw-xJSIatfw4hEXDAng][Bills-MacBook-Pro.local][inet[/10.1.10.75:9305]]], reason [shut_down]
[2014-02-18 15:35:41,283][INFO ][node                     ] [node_2] stopped
[2014-02-18 15:35:41,285][INFO ][node                     ] [node_2] closing ...
[2014-02-18 15:35:41,291][INFO ][discovery.zen            ] [node_4] master_left [[node_2][67PPw-xJSIatfw4hEXDAng][Bills-MacBook-Pro.local][inet[/10.1.10.75:9305]]], reason [transport disconnected (with verified connect)]
[2014-02-18 15:35:41,292][INFO ][cluster.service          ] [node_3] master {new [node_3][BsVpWDd6Sfy790or12S0Fw][Bills-MacBook-Pro.local][inet[/10.1.10.75:9306]], previous [node_2][67PPw-xJSIatfw4hEXDAng][Bills-MacBook-Pro.local][inet[/10.1.10.75:9305]]}, removed {[node_2][67PPw-xJSIatfw4hEXDAng][Bills-MacBook-Pro.local][inet[/10.1.10.75:9305]],}, reason: zen-disco-master_failed ([node_2][67PPw-xJSIatfw4hEXDAng][Bills-MacBook-Pro.local][inet[/10.1.10.75:9305]])
[2014-02-18 15:35:41,291][INFO ][cluster.service          ] [node_4] master {new [node_3][BsVpWDd6Sfy790or12S0Fw][Bills-MacBook-Pro.local][inet[/10.1.10.75:9306]], previous [node_2][67PPw-xJSIatfw4hEXDAng][Bills-MacBook-Pro.local][inet[/10.1.10.75:9305]]}, removed {[node_2][67PPw-xJSIatfw4hEXDAng][Bills-MacBook-Pro.local][inet[/10.1.10.75:9305]],}, reason: zen-disco-master_failed ([node_2][67PPw-xJSIatfw4hEXDAng][Bills-MacBook-Pro.local][inet[/10.1.10.75:9305]])
[2014-02-18 15:35:41,293][INFO ][node                     ] [node_2] closed
[2014-02-18 15:35:41,293][INFO ][node                     ] [node_3] stopping ...
[2014-02-18 15:35:41,356][WARN ][discovery.zen.ping.multicast] [node_4] failed to receive packet, throttling...
java.net.SocketException: Socket closed
	at java.net.PlainDatagramSocketImpl.peekData(Native Method)
	at java.net.DatagramSocket.receive(DatagramSocket.java:726)
	at org.elasticsearch.discovery.zen.ping.multicast.MulticastZenPing$Receiver.run(MulticastZenPing.java:366)
	at java.lang.Thread.run(Thread.java:744)
[2014-02-18 15:35:41,419][INFO ][discovery.zen            ] [node_4] master_left [[node_3][BsVpWDd6Sfy790or12S0Fw][Bills-MacBook-Pro.local][inet[/10.1.10.75:9306]]], reason [shut_down]
[2014-02-18 15:35:41,433][INFO ][node                     ] [node_3] stopped
[2014-02-18 15:35:41,434][INFO ][node                     ] [node_3] closing ...
[2014-02-18 15:35:41,433][WARN ][cluster.action.shard     ] [node_4] failed to send shard started to [[node_3][BsVpWDd6Sfy790or12S0Fw][Bills-MacBook-Pro.local][inet[/10.1.10.75:9306]]]
org.elasticsearch.transport.SendRequestTransportException: [node_3][inet[/10.1.10.75:9306]][cluster/shardStarted]
	at org.elasticsearch.transport.TransportService.sendRequest(TransportService.java:202)
	at org.elasticsearch.transport.TransportService.sendRequest(TransportService.java:173)
	at org.elasticsearch.cluster.action.shard.ShardStateAction.shardStarted(ShardStateAction.java:105)
	at org.elasticsearch.indices.cluster.IndicesClusterStateService$1.onRecoveryDone(IndicesClusterStateService.java:686)
	at org.elasticsearch.index.gateway.IndexShardGatewayService$1.run(IndexShardGatewayService.java:224)
	at java.util.concurrent.ThreadPoolExecutor.runWorker(ThreadPoolExecutor.java:1145)
	at java.util.concurrent.ThreadPoolExecutor$Worker.run(ThreadPoolExecutor.java:615)
	at java.lang.Thread.run(Thread.java:744)
Caused by: org.elasticsearch.transport.NodeNotConnectedException: [node_3][inet[/10.1.10.75:9306]] Node not connected
	at org.elasticsearch.transport.netty.NettyTransport.nodeChannel(NettyTransport.java:859)
	at org.elasticsearch.transport.netty.NettyTransport.sendRequest(NettyTransport.java:540)
	at org.elasticsearch.transport.TransportService.sendRequest(TransportService.java:189)
	... 7 more
[2014-02-18 15:35:41,440][INFO ][cluster.service          ] [node_4] master {new [node_4][esmlcRFySh2HShJZdlDwVw][Bills-MacBook-Pro.local][inet[/10.1.10.75:9307]], previous [node_3][BsVpWDd6Sfy790or12S0Fw][Bills-MacBook-Pro.local][inet[/10.1.10.75:9306]]}, removed {[node_3][BsVpWDd6Sfy790or12S0Fw][Bills-MacBook-Pro.local][inet[/10.1.10.75:9306]],}, reason: zen-disco-master_failed ([node_3][BsVpWDd6Sfy790or12S0Fw][Bills-MacBook-Pro.local][inet[/10.1.10.75:9306]])
[2014-02-18 15:35:41,441][INFO ][node                     ] [node_3] closed
[2014-02-18 15:35:41,450][INFO ][node                     ] [node_4] stopping ...
[2014-02-18 15:35:41,503][INFO ][node                     ] [node_4] stopped
[2014-02-18 15:35:41,503][INFO ][node                     ] [node_4] closing ...
[2014-02-18 15:35:41,505][INFO ][node                     ] [node_4] closed
[2014-02-18 15:35:41,506][INFO ][blocks                   ] [SimpleBlocksTests#verifyIndexAndClusterReadOnly]: cleaned up after test
[2014-02-18 15:35:41,506][INFO ][test                     ] Wipe data directory for all nodes locations: [data/d0/TEST-Bills-MacBook-Pro.local-CHILD_VM=[0]-CLUSTER_SEED=[-9200296044432394972]-HASH=[135419C62DD026A8]/nodes/0, data/d2/TEST-Bills-MacBook-Pro.local-CHILD_VM=[0]-CLUSTER_SEED=[-9200296044432394972]-HASH=[135419C62DD026A8]/nodes/0, data/d1/TEST-Bills-MacBook-Pro.local-CHILD_VM=[0]-CLUSTER_SEED=[-9200296044432394972]-HASH=[135419C62DD026A8]/nodes/4, data/d2/TEST-Bills-MacBook-Pro.local-CHILD_VM=[0]-CLUSTER_SEED=[-9200296044432394972]-HASH=[135419C62DD026A8]/nodes/2, data/d2/TEST-Bills-MacBook-Pro.local-CHILD_VM=[0]-CLUSTER_SEED=[-9200296044432394972]-HASH=[135419C62DD026A8]/nodes/1, data/d0/TEST-Bills-MacBook-Pro.local-CHILD_VM=[0]-CLUSTER_SEED=[-9200296044432394972]-HASH=[135419C62DD026A8]/nodes/1, data/d1/TEST-Bills-MacBook-Pro.local-CHILD_VM=[0]-CLUSTER_SEED=[-9200296044432394972]-HASH=[135419C62DD026A8]/nodes/0, data/d2/TEST-Bills-MacBook-Pro.local-CHILD_VM=[0]-CLUSTER_SEED=[-9200296044432394972]-HASH=[135419C62DD026A8]/nodes/4, data/d1/TEST-Bills-MacBook-Pro.local-CHILD_VM=[0]-CLUSTER_SEED=[-9200296044432394972]-HASH=[135419C62DD026A8]/nodes/1, data/d2/TEST-Bills-MacBook-Pro.local-CHILD_VM=[0]-CLUSTER_SEED=[-9200296044432394972]-HASH=[135419C62DD026A8]/nodes/3, data/d0/TEST-Bills-MacBook-Pro.local-CHILD_VM=[0]-CLUSTER_SEED=[-9200296044432394972]-HASH=[135419C62DD026A8]/nodes/2, data/d0/TEST-Bills-MacBook-Pro.local-CHILD_VM=[0]-CLUSTER_SEED=[-9200296044432394972]-HASH=[135419C62DD026A8]/nodes/3, data/d1/TEST-Bills-MacBook-Pro.local-CHILD_VM=[0]-CLUSTER_SEED=[-9200296044432394972]-HASH=[135419C62DD026A8]/nodes/2, data/d1/TEST-Bills-MacBook-Pro.local-CHILD_VM=[0]-CLUSTER_SEED=[-9200296044432394972]-HASH=[135419C62DD026A8]/nodes/3, data/d0/TEST-Bills-MacBook-Pro.local-CHILD_VM=[0]-CLUSTER_SEED=[-9200296044432394972]-HASH=[135419C62DD026A8]/nodes/4]
[2014-02-18 15:35:41,690][INFO ][test                     ] Test verifyIndexAndClusterReadOnly(org.elasticsearch.blocks.SimpleBlocksTests) finished
]]></system-out>
   <system-err><![CDATA[]]></system-err>
</testsuite>