<testsuite errors="0" failures="0" tests="3" skipped="0" name="org.elasticsearch.cluster.allocation.AwarenessAllocationTests" hostname="nohost.nodomain" time="36.674" timestamp="2014-02-18T15:54:25">
   <properties class="java.util.ArrayList">
      <property name="awt.toolkit" value="sun.lwawt.macosx.LWCToolkit"/>
      <property name="es.logger.level" value="INFO"/>
      <property name="es.logger.prefix" value=""/>
      <property name="es.node.local" value=""/>
      <property name="es.node.mode" value=""/>
      <property name="file.encoding" value="UTF-8"/>
      <property name="file.encoding.pkg" value="sun.io"/>
      <property name="file.separator" value="/"/>
      <property name="ftp.nonProxyHosts" value="local|*.local|169.254/16|*.169.254/16"/>
      <property name="gopherProxySet" value="false"/>
      <property name="http.nonProxyHosts" value="local|*.local|169.254/16|*.169.254/16"/>
      <property name="java.awt.graphicsenv" value="sun.awt.CGraphicsEnvironment"/>
      <property name="java.awt.headless" value="true"/>
      <property name="java.awt.printerjob" value="sun.lwawt.macosx.CPrinterJob"/>
      <property name="java.class.path" value="/Users/bhwang/elasticsearch/target/test-classes:/Users/bhwang/elasticsearch/target/classes:/Users/bhwang/.m2/repository/org/hamcrest/hamcrest-all/1.3/hamcrest-all-1.3.jar:/Users/bhwang/.m2/repository/com/carrotsearch/randomizedtesting/randomizedtesting-runner/2.0.15/randomizedtesting-runner-2.0.15.jar:/Users/bhwang/.m2/repository/junit/junit/4.10/junit-4.10.jar:/Users/bhwang/.m2/repository/org/apache/lucene/lucene-test-framework/4.6.1/lucene-test-framework-4.6.1.jar:/Users/bhwang/.m2/repository/org/apache/lucene/lucene-expressions/4.6.1/lucene-expressions-4.6.1.jar:/Users/bhwang/.m2/repository/org/antlr/antlr-runtime/3.5/antlr-runtime-3.5.jar:/Users/bhwang/.m2/repository/org/ow2/asm/asm/4.1/asm-4.1.jar:/Users/bhwang/.m2/repository/org/ow2/asm/asm-commons/4.1/asm-commons-4.1.jar:/Users/bhwang/.m2/repository/org/apache/httpcomponents/httpclient/4.3.1/httpclient-4.3.1.jar:/Users/bhwang/.m2/repository/org/apache/httpcomponents/httpcore/4.3/httpcore-4.3.jar:/Users/bhwang/.m2/repository/commons-logging/commons-logging/1.1.3/commons-logging-1.1.3.jar:/Users/bhwang/.m2/repository/commons-codec/commons-codec/1.6/commons-codec-1.6.jar:/Users/bhwang/.m2/repository/org/apache/lucene/lucene-core/4.6.1/lucene-core-4.6.1.jar:/Users/bhwang/.m2/repository/org/apache/lucene/lucene-analyzers-common/4.6.1/lucene-analyzers-common-4.6.1.jar:/Users/bhwang/.m2/repository/org/apache/lucene/lucene-codecs/4.6.1/lucene-codecs-4.6.1.jar:/Users/bhwang/.m2/repository/org/apache/lucene/lucene-queries/4.6.1/lucene-queries-4.6.1.jar:/Users/bhwang/.m2/repository/org/apache/lucene/lucene-memory/4.6.1/lucene-memory-4.6.1.jar:/Users/bhwang/.m2/repository/org/apache/lucene/lucene-highlighter/4.6.1/lucene-highlighter-4.6.1.jar:/Users/bhwang/.m2/repository/org/apache/lucene/lucene-queryparser/4.6.1/lucene-queryparser-4.6.1.jar:/Users/bhwang/.m2/repository/org/apache/lucene/lucene-sandbox/4.6.1/lucene-sandbox-4.6.1.jar:/Users/bhwang/.m2/repository/org/apache/lucene/lucene-suggest/4.6.1/lucene-suggest-4.6.1.jar:/Users/bhwang/.m2/repository/org/apache/lucene/lucene-misc/4.6.1/lucene-misc-4.6.1.jar:/Users/bhwang/.m2/repository/org/apache/lucene/lucene-join/4.6.1/lucene-join-4.6.1.jar:/Users/bhwang/.m2/repository/org/apache/lucene/lucene-grouping/4.6.1/lucene-grouping-4.6.1.jar:/Users/bhwang/.m2/repository/org/apache/lucene/lucene-spatial/4.6.1/lucene-spatial-4.6.1.jar:/Users/bhwang/.m2/repository/com/spatial4j/spatial4j/0.3/spatial4j-0.3.jar:/Users/bhwang/.m2/repository/com/vividsolutions/jts/1.12/jts-1.12.jar:/Users/bhwang/.m2/repository/com/google/guava/guava/16.0/guava-16.0.jar:/Users/bhwang/.m2/repository/com/carrotsearch/hppc/0.5.3/hppc-0.5.3.jar:/Users/bhwang/.m2/repository/joda-time/joda-time/2.3/joda-time-2.3.jar:/Users/bhwang/.m2/repository/org/joda/joda-convert/1.2/joda-convert-1.2.jar:/Users/bhwang/.m2/repository/org/mvel/mvel2/2.1.5.Final/mvel2-2.1.5.Final.jar:/Users/bhwang/.m2/repository/com/fasterxml/jackson/core/jackson-core/2.3.0/jackson-core-2.3.0.jar:/Users/bhwang/.m2/repository/com/fasterxml/jackson/dataformat/jackson-dataformat-smile/2.3.0/jackson-dataformat-smile-2.3.0.jar:/Users/bhwang/.m2/repository/com/fasterxml/jackson/dataformat/jackson-dataformat-yaml/2.3.0/jackson-dataformat-yaml-2.3.0.jar:/Users/bhwang/.m2/repository/io/netty/netty/3.9.0.Final/netty-3.9.0.Final.jar:/Users/bhwang/.m2/repository/com/ning/compress-lzf/0.9.6/compress-lzf-0.9.6.jar:/Users/bhwang/.m2/repository/log4j/log4j/1.2.17/log4j-1.2.17.jar:/Users/bhwang/.m2/repository/org/slf4j/slf4j-api/1.6.2/slf4j-api-1.6.2.jar:/Users/bhwang/.m2/repository/net/java/dev/jna/jna/3.3.0/jna-3.3.0.jar:/Users/bhwang/.m2/repository/org/fusesource/sigar/1.6.4/sigar-1.6.4.jar:/Users/bhwang/.m2/repository/com/carrotsearch/randomizedtesting/junit4-ant/2.0.15/junit4-ant-2.0.15.jar"/>
      <property name="java.class.version" value="51.0"/>
      <property name="java.endorsed.dirs" value="/Library/Java/JavaVirtualMachines/jdk1.7.0_45.jdk/Contents/Home/jre/lib/endorsed"/>
      <property name="java.ext.dirs" value="/Users/bhwang/Library/Java/Extensions:/Library/Java/JavaVirtualMachines/jdk1.7.0_45.jdk/Contents/Home/jre/lib/ext:/Library/Java/Extensions:/Network/Library/Java/Extensions:/System/Library/Java/Extensions:/usr/lib/java"/>
      <property name="java.home" value="/Library/Java/JavaVirtualMachines/jdk1.7.0_45.jdk/Contents/Home/jre"/>
      <property name="java.io.tmpdir" value="."/>
      <property name="java.library.path" value="/Users/bhwang/Library/Java/Extensions:/Library/Java/Extensions:/Network/Library/Java/Extensions:/System/Library/Java/Extensions:/usr/lib/java:."/>
      <property name="java.runtime.name" value="Java(TM) SE Runtime Environment"/>
      <property name="java.runtime.version" value="1.7.0_45-b18"/>
      <property name="java.security.policy" value="/Users/bhwang/elasticsearch/dev-tools/tests.policy"/>
      <property name="java.specification.name" value="Java Platform API Specification"/>
      <property name="java.specification.vendor" value="Oracle Corporation"/>
      <property name="java.specification.version" value="1.7"/>
      <property name="java.vendor" value="Oracle Corporation"/>
      <property name="java.vendor.url" value="http://java.oracle.com/"/>
      <property name="java.vendor.url.bug" value="http://bugreport.sun.com/bugreport/"/>
      <property name="java.version" value="1.7.0_45"/>
      <property name="java.vm.info" value="mixed mode"/>
      <property name="java.vm.name" value="Java HotSpot(TM) 64-Bit Server VM"/>
      <property name="java.vm.specification.name" value="Java Virtual Machine Specification"/>
      <property name="java.vm.specification.vendor" value="Oracle Corporation"/>
      <property name="java.vm.specification.version" value="1.7"/>
      <property name="java.vm.vendor" value="Oracle Corporation"/>
      <property name="java.vm.version" value="24.45-b08"/>
      <property name="junit4.childvm.cwd" value="/Users/bhwang/elasticsearch/target/J0"/>
      <property name="junit4.childvm.id" value="0"/>
      <property name="junit4.memory.total" value="128974848"/>
      <property name="junit4.pidString" value="6815@Bills-MacBook-Pro.local"/>
      <property name="junit4.processors" value="4"/>
      <property name="junit4.tempDir" value="/Users/bhwang/elasticsearch/target"/>
      <property name="line.separator" value="
"/>
      <property name="os.arch" value="x86_64"/>
      <property name="os.name" value="Mac OS X"/>
      <property name="os.version" value="10.9.1"/>
      <property name="path.separator" value=":"/>
      <property name="socksNonProxyHosts" value="local|*.local|169.254/16|*.169.254/16"/>
      <property name="sun.arch.data.model" value="64"/>
      <property name="sun.boot.class.path" value="/Library/Java/JavaVirtualMachines/jdk1.7.0_45.jdk/Contents/Home/jre/lib/resources.jar:/Library/Java/JavaVirtualMachines/jdk1.7.0_45.jdk/Contents/Home/jre/lib/rt.jar:/Library/Java/JavaVirtualMachines/jdk1.7.0_45.jdk/Contents/Home/jre/lib/sunrsasign.jar:/Library/Java/JavaVirtualMachines/jdk1.7.0_45.jdk/Contents/Home/jre/lib/jsse.jar:/Library/Java/JavaVirtualMachines/jdk1.7.0_45.jdk/Contents/Home/jre/lib/jce.jar:/Library/Java/JavaVirtualMachines/jdk1.7.0_45.jdk/Contents/Home/jre/lib/charsets.jar:/Library/Java/JavaVirtualMachines/jdk1.7.0_45.jdk/Contents/Home/jre/lib/jfr.jar:/Library/Java/JavaVirtualMachines/jdk1.7.0_45.jdk/Contents/Home/jre/lib/JObjC.jar:/Library/Java/JavaVirtualMachines/jdk1.7.0_45.jdk/Contents/Home/jre/classes"/>
      <property name="sun.boot.library.path" value="/Library/Java/JavaVirtualMachines/jdk1.7.0_45.jdk/Contents/Home/jre/lib"/>
      <property name="sun.cpu.endian" value="little"/>
      <property name="sun.cpu.isalist" value=""/>
      <property name="sun.io.unicode.encoding" value="UnicodeBig"/>
      <property name="sun.java.command" value="com.carrotsearch.ant.tasks.junit4.slave.SlaveMainSafe -flush -eventsfile /Users/bhwang/elasticsearch/target/junit4-J0-20140218_153326_767.events @/Users/bhwang/elasticsearch/target/junit4-J0-20140218_153326_767.suites -stdin"/>
      <property name="sun.java.launcher" value="SUN_STANDARD"/>
      <property name="sun.jnu.encoding" value="UTF-8"/>
      <property name="sun.management.compiler" value="HotSpot 64-Bit Tiered Compilers"/>
      <property name="sun.os.patch.level" value="unknown"/>
      <property name="tests.appendseed" value=""/>
      <property name="tests.assertion.disabled" value=""/>
      <property name="tests.awaitsfix" value=""/>
      <property name="tests.badapples" value=""/>
      <property name="tests.class" value=""/>
      <property name="tests.client.ratio" value=""/>
      <property name="tests.cluster_seed" value=""/>
      <property name="tests.enable_mock_modules" value=""/>
      <property name="tests.failfast" value=""/>
      <property name="tests.integration" value=""/>
      <property name="tests.iters" value=""/>
      <property name="tests.jvm.argline" value=""/>
      <property name="tests.maxfailures" value=""/>
      <property name="tests.method" value=""/>
      <property name="tests.network" value=""/>
      <property name="tests.nightly" value=""/>
      <property name="tests.prefix" value="tests"/>
      <property name="tests.rest" value=""/>
      <property name="tests.rest.spec" value=""/>
      <property name="tests.rest.suite" value=""/>
      <property name="tests.security.manager" value=""/>
      <property name="tests.seed" value="A89B4FF56754358E"/>
      <property name="tests.showSuccess" value=""/>
      <property name="tests.slow" value=""/>
      <property name="tests.timeoutSuite" value=""/>
      <property name="tests.weekly" value=""/>
      <property name="user.country" value="US"/>
      <property name="user.dir" value="/Users/bhwang/elasticsearch/target/J0"/>
      <property name="user.home" value="/Users/bhwang"/>
      <property name="user.language" value="en"/>
      <property name="user.name" value="bhwang"/>
      <property name="user.timezone" value=""/>
   </properties>
   <testcase classname="org.elasticsearch.cluster.allocation.AwarenessAllocationTests" name="testAwarenessZonesIncrementalNodes" time="13.405"/>
   <testcase classname="org.elasticsearch.cluster.allocation.AwarenessAllocationTests" name="testSimpleAwareness" time="10.241"/>
   <testcase classname="org.elasticsearch.cluster.allocation.AwarenessAllocationTests" name="testAwarenessZones" time="13.017"/>
   <system-out><![CDATA[[2014-02-18 15:54:25,445][INFO ][test                     ] Test testAwarenessZonesIncrementalNodes(org.elasticsearch.cluster.allocation.AwarenessAllocationTests) started
[2014-02-18 15:54:25,446][INFO ][test                     ] Setup TestCluster [TEST-Bills-MacBook-Pro.local-CHILD_VM=[0]-CLUSTER_SEED=[-6005255169111840326]-HASH=[13541AD0019B90D0]] with seed [ACA90C3DAB82A9BA] using [0] nodes
[2014-02-18 15:54:25,447][INFO ][cluster.allocation       ] [AwarenessAllocationTests#testAwarenessZonesIncrementalNodes]: before test
[2014-02-18 15:54:25,447][INFO ][cluster.allocation       ] --> starting 2 nodes on zones 'a' & 'b'
[2014-02-18 15:54:25,449][INFO ][node                     ] [node_0] version[1.0.0], pid[6815], build[a46900e/2014-02-18T23:32:25Z]
[2014-02-18 15:54:25,449][INFO ][node                     ] [node_0] initializing ...
[2014-02-18 15:54:25,450][INFO ][plugins                  ] [node_0] loaded [], sites []
[2014-02-18 15:54:25,494][INFO ][node                     ] [node_0] initialized
[2014-02-18 15:54:25,494][INFO ][node                     ] [node_0] starting ...
[2014-02-18 15:54:25,500][INFO ][transport                ] [node_0] bound_address {inet[/0:0:0:0:0:0:0:0:9303]}, publish_address {inet[/10.1.10.75:9303]}
[2014-02-18 15:54:28,505][INFO ][cluster.service          ] [node_0] new_master [node_0][nfquDbY3QIygUJemBTCRbQ][Bills-MacBook-Pro.local][inet[/10.1.10.75:9303]]{zone=a}, reason: zen-disco-join (elected_as_master)
[2014-02-18 15:54:28,520][INFO ][discovery                ] [node_0] TEST-Bills-MacBook-Pro.local-CHILD_VM=[0]-CLUSTER_SEED=[-6005255169111840326]-HASH=[13541AD0019B90D0]/nfquDbY3QIygUJemBTCRbQ
[2014-02-18 15:54:28,521][INFO ][gateway                  ] [node_0] recovered [0] indices into cluster_state
[2014-02-18 15:54:28,524][INFO ][http                     ] [node_0] bound_address {inet[/0:0:0:0:0:0:0:0:9203]}, publish_address {inet[/10.1.10.75:9203]}
[2014-02-18 15:54:28,525][INFO ][node                     ] [node_0] started
[2014-02-18 15:54:28,526][INFO ][node                     ] [node_1] version[1.0.0], pid[6815], build[a46900e/2014-02-18T23:32:25Z]
[2014-02-18 15:54:28,526][INFO ][node                     ] [node_1] initializing ...
[2014-02-18 15:54:28,526][INFO ][plugins                  ] [node_1] loaded [], sites []
[2014-02-18 15:54:28,562][INFO ][node                     ] [node_1] initialized
[2014-02-18 15:54:28,562][INFO ][node                     ] [node_1] starting ...
[2014-02-18 15:54:28,568][INFO ][transport                ] [node_1] bound_address {inet[/0:0:0:0:0:0:0:0:9304]}, publish_address {inet[/10.1.10.75:9304]}
[2014-02-18 15:54:31,588][INFO ][cluster.service          ] [node_0] added {[node_1][D2avSAORT4uDhC3yobirQQ][Bills-MacBook-Pro.local][inet[/10.1.10.75:9304]]{zone=b},}, reason: zen-disco-receive(join from node[[node_1][D2avSAORT4uDhC3yobirQQ][Bills-MacBook-Pro.local][inet[/10.1.10.75:9304]]{zone=b}])
[2014-02-18 15:54:31,589][INFO ][cluster.service          ] [node_1] detected_master [node_0][nfquDbY3QIygUJemBTCRbQ][Bills-MacBook-Pro.local][inet[/10.1.10.75:9303]]{zone=a}, added {[node_0][nfquDbY3QIygUJemBTCRbQ][Bills-MacBook-Pro.local][inet[/10.1.10.75:9303]]{zone=a},}, reason: zen-disco-receive(from master [[node_0][nfquDbY3QIygUJemBTCRbQ][Bills-MacBook-Pro.local][inet[/10.1.10.75:9303]]{zone=a}])
[2014-02-18 15:54:31,604][INFO ][discovery                ] [node_1] TEST-Bills-MacBook-Pro.local-CHILD_VM=[0]-CLUSTER_SEED=[-6005255169111840326]-HASH=[13541AD0019B90D0]/D2avSAORT4uDhC3yobirQQ
[2014-02-18 15:54:31,622][INFO ][http                     ] [node_1] bound_address {inet[/0:0:0:0:0:0:0:0:9204]}, publish_address {inet[/10.1.10.75:9204]}
[2014-02-18 15:54:31,623][INFO ][node                     ] [node_1] started
[2014-02-18 15:54:31,631][INFO ][cluster.metadata         ] [node_0] [test] creating index, cause [api], shards [5]/[1], mappings []
[2014-02-18 15:54:31,908][INFO ][cluster.allocation       ] --> starting another node in zone 'b'
[2014-02-18 15:54:31,910][INFO ][node                     ] [node_2] version[1.0.0], pid[6815], build[a46900e/2014-02-18T23:32:25Z]
[2014-02-18 15:54:31,910][INFO ][node                     ] [node_2] initializing ...
[2014-02-18 15:54:31,910][INFO ][plugins                  ] [node_2] loaded [], sites []
[2014-02-18 15:54:31,959][INFO ][node                     ] [node_2] initialized
[2014-02-18 15:54:31,959][INFO ][node                     ] [node_2] starting ...
[2014-02-18 15:54:31,968][INFO ][transport                ] [node_2] bound_address {inet[/0:0:0:0:0:0:0:0:9305]}, publish_address {inet[/10.1.10.75:9305]}
[2014-02-18 15:54:35,005][INFO ][cluster.service          ] [node_0] added {[node_2][cUtuEFm0Q8mbHqxp-GQBuw][Bills-MacBook-Pro.local][inet[/10.1.10.75:9305]]{zone=b},}, reason: zen-disco-receive(join from node[[node_2][cUtuEFm0Q8mbHqxp-GQBuw][Bills-MacBook-Pro.local][inet[/10.1.10.75:9305]]{zone=b}])
[2014-02-18 15:54:35,006][INFO ][cluster.service          ] [node_1] added {[node_2][cUtuEFm0Q8mbHqxp-GQBuw][Bills-MacBook-Pro.local][inet[/10.1.10.75:9305]]{zone=b},}, reason: zen-disco-receive(from master [[node_0][nfquDbY3QIygUJemBTCRbQ][Bills-MacBook-Pro.local][inet[/10.1.10.75:9303]]{zone=a}])
[2014-02-18 15:54:35,007][INFO ][cluster.service          ] [node_2] detected_master [node_0][nfquDbY3QIygUJemBTCRbQ][Bills-MacBook-Pro.local][inet[/10.1.10.75:9303]]{zone=a}, added {[node_1][D2avSAORT4uDhC3yobirQQ][Bills-MacBook-Pro.local][inet[/10.1.10.75:9304]]{zone=b},[node_0][nfquDbY3QIygUJemBTCRbQ][Bills-MacBook-Pro.local][inet[/10.1.10.75:9303]]{zone=a},}, reason: zen-disco-receive(from master [[node_0][nfquDbY3QIygUJemBTCRbQ][Bills-MacBook-Pro.local][inet[/10.1.10.75:9303]]{zone=a}])
[2014-02-18 15:54:35,042][INFO ][discovery                ] [node_2] TEST-Bills-MacBook-Pro.local-CHILD_VM=[0]-CLUSTER_SEED=[-6005255169111840326]-HASH=[13541AD0019B90D0]/cUtuEFm0Q8mbHqxp-GQBuw
[2014-02-18 15:54:35,046][INFO ][http                     ] [node_2] bound_address {inet[/0:0:0:0:0:0:0:0:9205]}, publish_address {inet[/10.1.10.75:9205]}
[2014-02-18 15:54:35,047][INFO ][node                     ] [node_2] started
[2014-02-18 15:54:35,048][INFO ][plugins                  ] [transport_client_node_2] loaded [], sites []
[2014-02-18 15:54:35,306][INFO ][node                     ] [node_3] version[1.0.0], pid[6815], build[a46900e/2014-02-18T23:32:25Z]
[2014-02-18 15:54:35,307][INFO ][node                     ] [node_3] initializing ...
[2014-02-18 15:54:35,307][INFO ][plugins                  ] [node_3] loaded [], sites []
[2014-02-18 15:54:35,342][INFO ][node                     ] [node_3] initialized
[2014-02-18 15:54:35,342][INFO ][node                     ] [node_3] starting ...
[2014-02-18 15:54:35,348][INFO ][transport                ] [node_3] bound_address {inet[/0:0:0:0:0:0:0:0:9306]}, publish_address {inet[/10.1.10.75:9306]}
[2014-02-18 15:54:35,354][WARN ][discovery.zen.ping.multicast] [node_3] failed to receive packet, throttling...
java.net.SocketException: Socket closed
	at java.net.PlainDatagramSocketImpl.peekData(Native Method)
	at java.net.DatagramSocket.receive(DatagramSocket.java:726)
	at org.elasticsearch.discovery.zen.ping.multicast.MulticastZenPing$Receiver.run(MulticastZenPing.java:366)
	at java.lang.Thread.run(Thread.java:744)
[2014-02-18 15:54:35,855][WARN ][discovery.zen.ping.multicast] [node_3] failed to receive packet, throttling...
java.net.SocketException: Socket closed
	at java.net.PlainDatagramSocketImpl.peekData(Native Method)
	at java.net.DatagramSocket.receive(DatagramSocket.java:726)
	at org.elasticsearch.discovery.zen.ping.multicast.MulticastZenPing$Receiver.run(MulticastZenPing.java:366)
	at java.lang.Thread.run(Thread.java:744)
[2014-02-18 15:54:36,357][WARN ][discovery.zen.ping.multicast] [node_3] failed to receive packet, throttling...
java.net.SocketException: Socket closed
	at java.net.PlainDatagramSocketImpl.peekData(Native Method)
	at java.net.DatagramSocket.receive(DatagramSocket.java:726)
	at org.elasticsearch.discovery.zen.ping.multicast.MulticastZenPing$Receiver.run(MulticastZenPing.java:366)
	at java.lang.Thread.run(Thread.java:744)
[2014-02-18 15:54:36,858][WARN ][discovery.zen.ping.multicast] [node_3] failed to receive packet, throttling...
java.net.SocketException: Socket closed
	at java.net.PlainDatagramSocketImpl.peekData(Native Method)
	at java.net.DatagramSocket.receive(DatagramSocket.java:726)
	at org.elasticsearch.discovery.zen.ping.multicast.MulticastZenPing$Receiver.run(MulticastZenPing.java:366)
	at java.lang.Thread.run(Thread.java:744)
[2014-02-18 15:54:37,359][WARN ][discovery.zen.ping.multicast] [node_3] failed to receive packet, throttling...
java.net.SocketException: Socket closed
	at java.net.PlainDatagramSocketImpl.peekData(Native Method)
	at java.net.DatagramSocket.receive(DatagramSocket.java:726)
	at org.elasticsearch.discovery.zen.ping.multicast.MulticastZenPing$Receiver.run(MulticastZenPing.java:366)
	at java.lang.Thread.run(Thread.java:744)
[2014-02-18 15:54:37,860][WARN ][discovery.zen.ping.multicast] [node_3] failed to receive packet, throttling...
java.net.SocketException: Socket closed
	at java.net.PlainDatagramSocketImpl.peekData(Native Method)
	at java.net.DatagramSocket.receive(DatagramSocket.java:726)
	at org.elasticsearch.discovery.zen.ping.multicast.MulticastZenPing$Receiver.run(MulticastZenPing.java:366)
	at java.lang.Thread.run(Thread.java:744)
[2014-02-18 15:54:38,361][WARN ][discovery.zen.ping.multicast] [node_3] failed to receive packet, throttling...
java.net.SocketException: Socket closed
	at java.net.PlainDatagramSocketImpl.peekData(Native Method)
	at java.net.DatagramSocket.receive(DatagramSocket.java:726)
	at org.elasticsearch.discovery.zen.ping.multicast.MulticastZenPing$Receiver.run(MulticastZenPing.java:366)
	at java.lang.Thread.run(Thread.java:744)
[2014-02-18 15:54:38,371][INFO ][cluster.service          ] [node_0] added {[node_3][sRpTx7oUQOqf3RCczJu7-A][Bills-MacBook-Pro.local][inet[/10.1.10.75:9306]],}, reason: zen-disco-receive(join from node[[node_3][sRpTx7oUQOqf3RCczJu7-A][Bills-MacBook-Pro.local][inet[/10.1.10.75:9306]]])
[2014-02-18 15:54:38,372][INFO ][cluster.service          ] [node_1] added {[node_3][sRpTx7oUQOqf3RCczJu7-A][Bills-MacBook-Pro.local][inet[/10.1.10.75:9306]],}, reason: zen-disco-receive(from master [[node_0][nfquDbY3QIygUJemBTCRbQ][Bills-MacBook-Pro.local][inet[/10.1.10.75:9303]]{zone=a}])
[2014-02-18 15:54:38,372][INFO ][cluster.service          ] [node_2] added {[node_3][sRpTx7oUQOqf3RCczJu7-A][Bills-MacBook-Pro.local][inet[/10.1.10.75:9306]],}, reason: zen-disco-receive(from master [[node_0][nfquDbY3QIygUJemBTCRbQ][Bills-MacBook-Pro.local][inet[/10.1.10.75:9303]]{zone=a}])
[2014-02-18 15:54:38,372][INFO ][cluster.service          ] [node_3] detected_master [node_0][nfquDbY3QIygUJemBTCRbQ][Bills-MacBook-Pro.local][inet[/10.1.10.75:9303]]{zone=a}, added {[node_1][D2avSAORT4uDhC3yobirQQ][Bills-MacBook-Pro.local][inet[/10.1.10.75:9304]]{zone=b},[node_0][nfquDbY3QIygUJemBTCRbQ][Bills-MacBook-Pro.local][inet[/10.1.10.75:9303]]{zone=a},[node_2][cUtuEFm0Q8mbHqxp-GQBuw][Bills-MacBook-Pro.local][inet[/10.1.10.75:9305]]{zone=b},}, reason: zen-disco-receive(from master [[node_0][nfquDbY3QIygUJemBTCRbQ][Bills-MacBook-Pro.local][inet[/10.1.10.75:9303]]{zone=a}])
[2014-02-18 15:54:38,418][INFO ][discovery                ] [node_3] TEST-Bills-MacBook-Pro.local-CHILD_VM=[0]-CLUSTER_SEED=[-6005255169111840326]-HASH=[13541AD0019B90D0]/sRpTx7oUQOqf3RCczJu7-A
[2014-02-18 15:54:38,422][INFO ][http                     ] [node_3] bound_address {inet[/0:0:0:0:0:0:0:0:9206]}, publish_address {inet[/10.1.10.75:9206]}
[2014-02-18 15:54:38,423][INFO ][node                     ] [node_3] started
[2014-02-18 15:54:38,427][INFO ][cluster.routing.allocation.decider] [node_3] updating [cluster.routing.allocation.awareness.attributes] from [[]] to [[]]
[2014-02-18 15:54:38,427][INFO ][cluster.routing.allocation.decider] [node_2] updating [cluster.routing.allocation.awareness.attributes] from [[zone]] to [[]]
[2014-02-18 15:54:38,427][INFO ][cluster.routing.allocation.decider] [node_1] updating [cluster.routing.allocation.awareness.attributes] from [[zone]] to [[]]
[2014-02-18 15:54:38,428][INFO ][cluster.routing.allocation.decider] [node_2] updating [cluster.routing.allocation.awareness.attributes] from [[zone]] to [[]]
[2014-02-18 15:54:38,427][INFO ][cluster.routing.allocation.decider] [node_3] updating [cluster.routing.allocation.awareness.attributes] from [[]] to [[]]
[2014-02-18 15:54:38,428][INFO ][cluster.routing.allocation.decider] [node_2] updating [cluster.routing.allocation.awareness.attributes] from [[zone]] to [[]]
[2014-02-18 15:54:38,428][INFO ][cluster.routing.allocation.decider] [node_1] updating [cluster.routing.allocation.awareness.attributes] from [[zone]] to [[]]
[2014-02-18 15:54:38,428][INFO ][cluster.routing.allocation.decider] [node_2] updating [cluster.routing.allocation.awareness.attributes] from [[zone]] to [[]]
[2014-02-18 15:54:38,428][INFO ][cluster.routing.allocation.decider] [node_3] updating [cluster.routing.allocation.awareness.attributes] from [[]] to [[]]
[2014-02-18 15:54:38,428][INFO ][cluster.routing.allocation.decider] [node_1] updating [cluster.routing.allocation.awareness.attributes] from [[zone]] to [[]]
[2014-02-18 15:54:38,428][INFO ][cluster.routing.allocation.decider] [node_3] updating [cluster.routing.allocation.awareness.attributes] from [[]] to [[]]
[2014-02-18 15:54:38,428][INFO ][cluster.routing.allocation.decider] [node_1] updating [cluster.routing.allocation.awareness.attributes] from [[zone]] to [[]]
[2014-02-18 15:54:38,429][INFO ][cluster.routing.allocation.decider] [node_0] updating [cluster.routing.allocation.awareness.attributes] from [[zone]] to [[]]
[2014-02-18 15:54:38,429][INFO ][cluster.routing.allocation.decider] [node_0] updating [cluster.routing.allocation.awareness.attributes] from [[zone]] to [[]]
[2014-02-18 15:54:38,429][INFO ][cluster.routing.allocation.decider] [node_0] updating [cluster.routing.allocation.awareness.attributes] from [[zone]] to [[]]
[2014-02-18 15:54:38,429][INFO ][cluster.routing.allocation.decider] [node_0] updating [cluster.routing.allocation.awareness.attributes] from [[zone]] to [[]]
[2014-02-18 15:54:38,682][INFO ][cluster.allocation       ] [AwarenessAllocationTests#testAwarenessZonesIncrementalNodes]: cleaning up after test
[2014-02-18 15:54:38,682][INFO ][node                     ] [node_0] stopping ...
[2014-02-18 15:54:38,689][INFO ][discovery.zen            ] [node_2] master_left [[node_0][nfquDbY3QIygUJemBTCRbQ][Bills-MacBook-Pro.local][inet[/10.1.10.75:9303]]{zone=a}], reason [shut_down]
[2014-02-18 15:54:38,689][INFO ][discovery.zen            ] [node_1] master_left [[node_0][nfquDbY3QIygUJemBTCRbQ][Bills-MacBook-Pro.local][inet[/10.1.10.75:9303]]{zone=a}], reason [shut_down]
[2014-02-18 15:54:38,690][INFO ][cluster.service          ] [node_2] master {new [node_1][D2avSAORT4uDhC3yobirQQ][Bills-MacBook-Pro.local][inet[/10.1.10.75:9304]]{zone=b}, previous [node_0][nfquDbY3QIygUJemBTCRbQ][Bills-MacBook-Pro.local][inet[/10.1.10.75:9303]]{zone=a}}, removed {[node_0][nfquDbY3QIygUJemBTCRbQ][Bills-MacBook-Pro.local][inet[/10.1.10.75:9303]]{zone=a},}, reason: zen-disco-master_failed ([node_0][nfquDbY3QIygUJemBTCRbQ][Bills-MacBook-Pro.local][inet[/10.1.10.75:9303]]{zone=a})
[2014-02-18 15:54:38,691][INFO ][cluster.service          ] [node_1] master {new [node_1][D2avSAORT4uDhC3yobirQQ][Bills-MacBook-Pro.local][inet[/10.1.10.75:9304]]{zone=b}, previous [node_0][nfquDbY3QIygUJemBTCRbQ][Bills-MacBook-Pro.local][inet[/10.1.10.75:9303]]{zone=a}}, removed {[node_0][nfquDbY3QIygUJemBTCRbQ][Bills-MacBook-Pro.local][inet[/10.1.10.75:9303]]{zone=a},}, reason: zen-disco-master_failed ([node_0][nfquDbY3QIygUJemBTCRbQ][Bills-MacBook-Pro.local][inet[/10.1.10.75:9303]]{zone=a})
[2014-02-18 15:54:38,693][INFO ][discovery.zen            ] [node_3] master_left [[node_0][nfquDbY3QIygUJemBTCRbQ][Bills-MacBook-Pro.local][inet[/10.1.10.75:9303]]{zone=a}], reason [shut_down]
[2014-02-18 15:54:38,699][INFO ][node                     ] [node_0] stopped
[2014-02-18 15:54:38,700][INFO ][node                     ] [node_0] closing ...
[2014-02-18 15:54:38,705][INFO ][node                     ] [node_0] closed
[2014-02-18 15:54:38,706][INFO ][cluster.service          ] [node_3] master {new [node_1][D2avSAORT4uDhC3yobirQQ][Bills-MacBook-Pro.local][inet[/10.1.10.75:9304]]{zone=b}, previous [node_0][nfquDbY3QIygUJemBTCRbQ][Bills-MacBook-Pro.local][inet[/10.1.10.75:9303]]{zone=a}}, removed {[node_0][nfquDbY3QIygUJemBTCRbQ][Bills-MacBook-Pro.local][inet[/10.1.10.75:9303]]{zone=a},}, reason: zen-disco-master_failed ([node_0][nfquDbY3QIygUJemBTCRbQ][Bills-MacBook-Pro.local][inet[/10.1.10.75:9303]]{zone=a})
[2014-02-18 15:54:38,705][INFO ][discovery.zen            ] [node_3] master_left [[node_0][nfquDbY3QIygUJemBTCRbQ][Bills-MacBook-Pro.local][inet[/10.1.10.75:9303]]{zone=a}], reason [transport disconnected (with verified connect)]
[2014-02-18 15:54:38,706][INFO ][node                     ] [node_1] stopping ...
[2014-02-18 15:54:38,727][INFO ][discovery.zen            ] [node_2] master_left [[node_1][D2avSAORT4uDhC3yobirQQ][Bills-MacBook-Pro.local][inet[/10.1.10.75:9304]]{zone=b}], reason [shut_down]
[2014-02-18 15:54:38,728][INFO ][cluster.service          ] [node_2] master {new [node_2][cUtuEFm0Q8mbHqxp-GQBuw][Bills-MacBook-Pro.local][inet[/10.1.10.75:9305]]{zone=b}, previous [node_1][D2avSAORT4uDhC3yobirQQ][Bills-MacBook-Pro.local][inet[/10.1.10.75:9304]]{zone=b}}, removed {[node_1][D2avSAORT4uDhC3yobirQQ][Bills-MacBook-Pro.local][inet[/10.1.10.75:9304]]{zone=b},}, reason: zen-disco-master_failed ([node_1][D2avSAORT4uDhC3yobirQQ][Bills-MacBook-Pro.local][inet[/10.1.10.75:9304]]{zone=b})
[2014-02-18 15:54:38,730][INFO ][discovery.zen            ] [node_3] master_left [[node_1][D2avSAORT4uDhC3yobirQQ][Bills-MacBook-Pro.local][inet[/10.1.10.75:9304]]{zone=b}], reason [shut_down]
[2014-02-18 15:54:38,733][INFO ][node                     ] [node_1] stopped
[2014-02-18 15:54:38,735][INFO ][node                     ] [node_1] closing ...
[2014-02-18 15:54:38,739][INFO ][discovery.zen            ] [node_3] master_left [[node_1][D2avSAORT4uDhC3yobirQQ][Bills-MacBook-Pro.local][inet[/10.1.10.75:9304]]{zone=b}], reason [transport disconnected (with verified connect)]
[2014-02-18 15:54:38,739][INFO ][node                     ] [node_1] closed
[2014-02-18 15:54:38,739][INFO ][cluster.service          ] [node_3] master {new [node_2][cUtuEFm0Q8mbHqxp-GQBuw][Bills-MacBook-Pro.local][inet[/10.1.10.75:9305]]{zone=b}, previous [node_1][D2avSAORT4uDhC3yobirQQ][Bills-MacBook-Pro.local][inet[/10.1.10.75:9304]]{zone=b}}, removed {[node_1][D2avSAORT4uDhC3yobirQQ][Bills-MacBook-Pro.local][inet[/10.1.10.75:9304]]{zone=b},}, reason: zen-disco-receive(from master [[node_2][cUtuEFm0Q8mbHqxp-GQBuw][Bills-MacBook-Pro.local][inet[/10.1.10.75:9305]]{zone=b}])
[2014-02-18 15:54:38,744][INFO ][node                     ] [node_2] stopping ...
[2014-02-18 15:54:38,753][INFO ][discovery.zen            ] [node_3] master_left [[node_2][cUtuEFm0Q8mbHqxp-GQBuw][Bills-MacBook-Pro.local][inet[/10.1.10.75:9305]]{zone=b}], reason [shut_down]
[2014-02-18 15:54:38,759][INFO ][node                     ] [node_2] stopped
[2014-02-18 15:54:38,761][INFO ][node                     ] [node_2] closing ...
[2014-02-18 15:54:38,766][INFO ][cluster.service          ] [node_3] master {new [node_3][sRpTx7oUQOqf3RCczJu7-A][Bills-MacBook-Pro.local][inet[/10.1.10.75:9306]], previous [node_2][cUtuEFm0Q8mbHqxp-GQBuw][Bills-MacBook-Pro.local][inet[/10.1.10.75:9305]]{zone=b}}, removed {[node_2][cUtuEFm0Q8mbHqxp-GQBuw][Bills-MacBook-Pro.local][inet[/10.1.10.75:9305]]{zone=b},}, reason: zen-disco-master_failed ([node_2][cUtuEFm0Q8mbHqxp-GQBuw][Bills-MacBook-Pro.local][inet[/10.1.10.75:9305]]{zone=b})
[2014-02-18 15:54:38,766][INFO ][node                     ] [node_2] closed
[2014-02-18 15:54:38,767][INFO ][node                     ] [node_3] stopping ...
[2014-02-18 15:54:38,807][INFO ][node                     ] [node_3] stopped
[2014-02-18 15:54:38,808][INFO ][node                     ] [node_3] closing ...
[2014-02-18 15:54:38,809][INFO ][node                     ] [node_3] closed
[2014-02-18 15:54:38,809][INFO ][cluster.allocation       ] [AwarenessAllocationTests#testAwarenessZonesIncrementalNodes]: cleaned up after test
[2014-02-18 15:54:38,810][INFO ][test                     ] Wipe data directory for all nodes locations: [data/d0/TEST-Bills-MacBook-Pro.local-CHILD_VM=[0]-CLUSTER_SEED=[-6005255169111840326]-HASH=[13541AD0019B90D0]/nodes/1, data/d0/TEST-Bills-MacBook-Pro.local-CHILD_VM=[0]-CLUSTER_SEED=[-6005255169111840326]-HASH=[13541AD0019B90D0]/nodes/0, data/d1/TEST-Bills-MacBook-Pro.local-CHILD_VM=[0]-CLUSTER_SEED=[-6005255169111840326]-HASH=[13541AD0019B90D0]/nodes/1, data/d1/TEST-Bills-MacBook-Pro.local-CHILD_VM=[0]-CLUSTER_SEED=[-6005255169111840326]-HASH=[13541AD0019B90D0]/nodes/2, data/d1/TEST-Bills-MacBook-Pro.local-CHILD_VM=[0]-CLUSTER_SEED=[-6005255169111840326]-HASH=[13541AD0019B90D0]/nodes/3, data/d1/TEST-Bills-MacBook-Pro.local-CHILD_VM=[0]-CLUSTER_SEED=[-6005255169111840326]-HASH=[13541AD0019B90D0]/nodes/0, data/d0/TEST-Bills-MacBook-Pro.local-CHILD_VM=[0]-CLUSTER_SEED=[-6005255169111840326]-HASH=[13541AD0019B90D0]/nodes/2, data/d0/TEST-Bills-MacBook-Pro.local-CHILD_VM=[0]-CLUSTER_SEED=[-6005255169111840326]-HASH=[13541AD0019B90D0]/nodes/3]
[2014-02-18 15:54:38,849][INFO ][test                     ] Test testAwarenessZonesIncrementalNodes(org.elasticsearch.cluster.allocation.AwarenessAllocationTests) finished
[2014-02-18 15:54:38,850][INFO ][test                     ] Test testSimpleAwareness(org.elasticsearch.cluster.allocation.AwarenessAllocationTests) started
[2014-02-18 15:54:38,852][INFO ][test                     ] Setup TestCluster [TEST-Bills-MacBook-Pro.local-CHILD_VM=[0]-CLUSTER_SEED=[2960377914414287704]-HASH=[13541AD3209F91E0]] with seed [2915600745934B58] using [0] nodes
[2014-02-18 15:54:38,852][INFO ][cluster.allocation       ] [AwarenessAllocationTests#testSimpleAwareness]: before test
[2014-02-18 15:54:38,852][INFO ][cluster.allocation       ] --> starting 2 nodes on the same rack
[2014-02-18 15:54:38,854][INFO ][node                     ] [node_0] version[1.0.0], pid[6815], build[a46900e/2014-02-18T23:32:25Z]
[2014-02-18 15:54:38,854][INFO ][node                     ] [node_0] initializing ...
[2014-02-18 15:54:38,855][INFO ][plugins                  ] [node_0] loaded [], sites []
[2014-02-18 15:54:38,896][INFO ][node                     ] [node_0] initialized
[2014-02-18 15:54:38,896][INFO ][node                     ] [node_0] starting ...
[2014-02-18 15:54:38,901][INFO ][transport                ] [node_0] bound_address {inet[/0:0:0:0:0:0:0:0:9303]}, publish_address {inet[/10.1.10.75:9303]}
[2014-02-18 15:54:41,906][INFO ][cluster.service          ] [node_0] new_master [node_0][WvY3FetCT_qSiVw3hEjSwQ][Bills-MacBook-Pro.local][inet[/10.1.10.75:9303]]{rack_id=rack_1}, reason: zen-disco-join (elected_as_master)
[2014-02-18 15:54:41,919][INFO ][discovery                ] [node_0] TEST-Bills-MacBook-Pro.local-CHILD_VM=[0]-CLUSTER_SEED=[2960377914414287704]-HASH=[13541AD3209F91E0]/WvY3FetCT_qSiVw3hEjSwQ
[2014-02-18 15:54:41,920][INFO ][gateway                  ] [node_0] recovered [0] indices into cluster_state
[2014-02-18 15:54:41,923][INFO ][http                     ] [node_0] bound_address {inet[/0:0:0:0:0:0:0:0:9203]}, publish_address {inet[/10.1.10.75:9203]}
[2014-02-18 15:54:41,923][INFO ][node                     ] [node_0] started
[2014-02-18 15:54:41,925][INFO ][node                     ] [node_1] version[1.0.0], pid[6815], build[a46900e/2014-02-18T23:32:25Z]
[2014-02-18 15:54:41,925][INFO ][node                     ] [node_1] initializing ...
[2014-02-18 15:54:41,925][INFO ][plugins                  ] [node_1] loaded [], sites []
[2014-02-18 15:54:41,958][INFO ][node                     ] [node_1] initialized
[2014-02-18 15:54:41,958][INFO ][node                     ] [node_1] starting ...
[2014-02-18 15:54:41,963][INFO ][transport                ] [node_1] bound_address {inet[/0:0:0:0:0:0:0:0:9304]}, publish_address {inet[/10.1.10.75:9304]}
[2014-02-18 15:54:44,987][INFO ][cluster.service          ] [node_0] added {[node_1][-zjvidLRSTCBquNsxhl_zg][Bills-MacBook-Pro.local][inet[/10.1.10.75:9304]]{rack_id=rack_1},}, reason: zen-disco-receive(join from node[[node_1][-zjvidLRSTCBquNsxhl_zg][Bills-MacBook-Pro.local][inet[/10.1.10.75:9304]]{rack_id=rack_1}])
[2014-02-18 15:54:44,988][INFO ][cluster.service          ] [node_1] detected_master [node_0][WvY3FetCT_qSiVw3hEjSwQ][Bills-MacBook-Pro.local][inet[/10.1.10.75:9303]]{rack_id=rack_1}, added {[node_0][WvY3FetCT_qSiVw3hEjSwQ][Bills-MacBook-Pro.local][inet[/10.1.10.75:9303]]{rack_id=rack_1},}, reason: zen-disco-receive(from master [[node_0][WvY3FetCT_qSiVw3hEjSwQ][Bills-MacBook-Pro.local][inet[/10.1.10.75:9303]]{rack_id=rack_1}])
[2014-02-18 15:54:45,005][INFO ][discovery                ] [node_1] TEST-Bills-MacBook-Pro.local-CHILD_VM=[0]-CLUSTER_SEED=[2960377914414287704]-HASH=[13541AD3209F91E0]/-zjvidLRSTCBquNsxhl_zg
[2014-02-18 15:54:45,009][INFO ][http                     ] [node_1] bound_address {inet[/0:0:0:0:0:0:0:0:9204]}, publish_address {inet[/10.1.10.75:9204]}
[2014-02-18 15:54:45,010][INFO ][node                     ] [node_1] started
[2014-02-18 15:54:45,011][INFO ][plugins                  ] [transport_client_node_0] loaded [], sites []
[2014-02-18 15:54:45,050][INFO ][cluster.metadata         ] [node_0] [test1] creating index, cause [api], shards [5]/[1], mappings []
[2014-02-18 15:54:45,103][INFO ][plugins                  ] [transport_client_node_1] loaded [], sites []
[2014-02-18 15:54:45,184][INFO ][cluster.metadata         ] [node_0] [test2] creating index, cause [api], shards [5]/[1], mappings []
[2014-02-18 15:54:45,461][INFO ][cluster.allocation       ] --> starting 1 node on a different rack
[2014-02-18 15:54:45,463][INFO ][node                     ] [node_2] version[1.0.0], pid[6815], build[a46900e/2014-02-18T23:32:25Z]
[2014-02-18 15:54:45,463][INFO ][node                     ] [node_2] initializing ...
[2014-02-18 15:54:45,463][INFO ][plugins                  ] [node_2] loaded [], sites []
[2014-02-18 15:54:45,497][INFO ][node                     ] [node_2] initialized
[2014-02-18 15:54:45,497][INFO ][node                     ] [node_2] starting ...
[2014-02-18 15:54:45,504][INFO ][transport                ] [node_2] bound_address {inet[/0:0:0:0:0:0:0:0:9305]}, publish_address {inet[/10.1.10.75:9305]}
[2014-02-18 15:54:45,507][WARN ][discovery.zen.ping.multicast] [node_2] failed to receive packet, throttling...
java.net.SocketException: Socket closed
	at java.net.PlainDatagramSocketImpl.peekData(Native Method)
	at java.net.DatagramSocket.receive(DatagramSocket.java:726)
	at org.elasticsearch.discovery.zen.ping.multicast.MulticastZenPing$Receiver.run(MulticastZenPing.java:366)
	at java.lang.Thread.run(Thread.java:744)
[2014-02-18 15:54:46,008][WARN ][discovery.zen.ping.multicast] [node_2] failed to receive packet, throttling...
java.net.SocketException: Socket closed
	at java.net.PlainDatagramSocketImpl.peekData(Native Method)
	at java.net.DatagramSocket.receive(DatagramSocket.java:726)
	at org.elasticsearch.discovery.zen.ping.multicast.MulticastZenPing$Receiver.run(MulticastZenPing.java:366)
	at java.lang.Thread.run(Thread.java:744)
[2014-02-18 15:54:46,510][WARN ][discovery.zen.ping.multicast] [node_2] failed to receive packet, throttling...
java.net.SocketException: Socket closed
	at java.net.PlainDatagramSocketImpl.peekData(Native Method)
	at java.net.DatagramSocket.receive(DatagramSocket.java:726)
	at org.elasticsearch.discovery.zen.ping.multicast.MulticastZenPing$Receiver.run(MulticastZenPing.java:366)
	at java.lang.Thread.run(Thread.java:744)
[2014-02-18 15:54:47,011][WARN ][discovery.zen.ping.multicast] [node_2] failed to receive packet, throttling...
java.net.SocketException: Socket closed
	at java.net.PlainDatagramSocketImpl.peekData(Native Method)
	at java.net.DatagramSocket.receive(DatagramSocket.java:726)
	at org.elasticsearch.discovery.zen.ping.multicast.MulticastZenPing$Receiver.run(MulticastZenPing.java:366)
	at java.lang.Thread.run(Thread.java:744)
[2014-02-18 15:54:47,512][WARN ][discovery.zen.ping.multicast] [node_2] failed to receive packet, throttling...
java.net.SocketException: Socket closed
	at java.net.PlainDatagramSocketImpl.peekData(Native Method)
	at java.net.DatagramSocket.receive(DatagramSocket.java:726)
	at org.elasticsearch.discovery.zen.ping.multicast.MulticastZenPing$Receiver.run(MulticastZenPing.java:366)
	at java.lang.Thread.run(Thread.java:744)
[2014-02-18 15:54:48,012][WARN ][discovery.zen.ping.multicast] [node_2] failed to receive packet, throttling...
java.net.SocketException: Socket closed
	at java.net.PlainDatagramSocketImpl.peekData(Native Method)
	at java.net.DatagramSocket.receive(DatagramSocket.java:726)
	at org.elasticsearch.discovery.zen.ping.multicast.MulticastZenPing$Receiver.run(MulticastZenPing.java:366)
	at java.lang.Thread.run(Thread.java:744)
[2014-02-18 15:54:48,513][WARN ][discovery.zen.ping.multicast] [node_2] failed to receive packet, throttling...
java.net.SocketException: Socket closed
	at java.net.PlainDatagramSocketImpl.peekData(Native Method)
	at java.net.DatagramSocket.receive(DatagramSocket.java:726)
	at org.elasticsearch.discovery.zen.ping.multicast.MulticastZenPing$Receiver.run(MulticastZenPing.java:366)
	at java.lang.Thread.run(Thread.java:744)
[2014-02-18 15:54:48,524][INFO ][cluster.service          ] [node_0] added {[node_2][Dy0pcf1dSCqcdnd4zCr8vQ][Bills-MacBook-Pro.local][inet[/10.1.10.75:9305]]{rack_id=rack_2},}, reason: zen-disco-receive(join from node[[node_2][Dy0pcf1dSCqcdnd4zCr8vQ][Bills-MacBook-Pro.local][inet[/10.1.10.75:9305]]{rack_id=rack_2}])
[2014-02-18 15:54:48,525][INFO ][cluster.service          ] [node_1] added {[node_2][Dy0pcf1dSCqcdnd4zCr8vQ][Bills-MacBook-Pro.local][inet[/10.1.10.75:9305]]{rack_id=rack_2},}, reason: zen-disco-receive(from master [[node_0][WvY3FetCT_qSiVw3hEjSwQ][Bills-MacBook-Pro.local][inet[/10.1.10.75:9303]]{rack_id=rack_1}])
[2014-02-18 15:54:48,526][INFO ][cluster.service          ] [node_2] detected_master [node_0][WvY3FetCT_qSiVw3hEjSwQ][Bills-MacBook-Pro.local][inet[/10.1.10.75:9303]]{rack_id=rack_1}, added {[node_0][WvY3FetCT_qSiVw3hEjSwQ][Bills-MacBook-Pro.local][inet[/10.1.10.75:9303]]{rack_id=rack_1},[node_1][-zjvidLRSTCBquNsxhl_zg][Bills-MacBook-Pro.local][inet[/10.1.10.75:9304]]{rack_id=rack_1},}, reason: zen-disco-receive(from master [[node_0][WvY3FetCT_qSiVw3hEjSwQ][Bills-MacBook-Pro.local][inet[/10.1.10.75:9303]]{rack_id=rack_1}])
[2014-02-18 15:54:48,566][INFO ][discovery                ] [node_2] TEST-Bills-MacBook-Pro.local-CHILD_VM=[0]-CLUSTER_SEED=[2960377914414287704]-HASH=[13541AD3209F91E0]/Dy0pcf1dSCqcdnd4zCr8vQ
[2014-02-18 15:54:48,580][INFO ][http                     ] [node_2] bound_address {inet[/0:0:0:0:0:0:0:0:9205]}, publish_address {inet[/10.1.10.75:9205]}
[2014-02-18 15:54:48,614][INFO ][node                     ] [node_2] started
[2014-02-18 15:54:48,715][INFO ][cluster.allocation       ] --> waiting for no relocation
[2014-02-18 15:54:48,873][WARN ][index.shard.service      ] [node_1] [test2][1] suspect illegal state: trying to move shard from primary mode to replica mode
[2014-02-18 15:54:48,933][INFO ][cluster.allocation       ] --> checking current state
[2014-02-18 15:54:48,935][INFO ][plugins                  ] [transport_client_node_2] loaded [], sites []
[2014-02-18 15:54:48,961][INFO ][cluster.allocation       ] [AwarenessAllocationTests#testSimpleAwareness]: cleaning up after test
[2014-02-18 15:54:48,965][INFO ][node                     ] [node_0] stopping ...
[2014-02-18 15:54:48,977][INFO ][discovery.zen            ] [node_1] master_left [[node_0][WvY3FetCT_qSiVw3hEjSwQ][Bills-MacBook-Pro.local][inet[/10.1.10.75:9303]]{rack_id=rack_1}], reason [shut_down]
[2014-02-18 15:54:48,977][INFO ][discovery.zen            ] [node_2] master_left [[node_0][WvY3FetCT_qSiVw3hEjSwQ][Bills-MacBook-Pro.local][inet[/10.1.10.75:9303]]{rack_id=rack_1}], reason [shut_down]
[2014-02-18 15:54:48,996][INFO ][node                     ] [node_0] stopped
[2014-02-18 15:54:49,000][INFO ][node                     ] [node_0] closing ...
[2014-02-18 15:54:49,001][INFO ][cluster.service          ] [node_1] master {new [node_1][-zjvidLRSTCBquNsxhl_zg][Bills-MacBook-Pro.local][inet[/10.1.10.75:9304]]{rack_id=rack_1}, previous [node_0][WvY3FetCT_qSiVw3hEjSwQ][Bills-MacBook-Pro.local][inet[/10.1.10.75:9303]]{rack_id=rack_1}}, removed {[node_0][WvY3FetCT_qSiVw3hEjSwQ][Bills-MacBook-Pro.local][inet[/10.1.10.75:9303]]{rack_id=rack_1},}, reason: zen-disco-master_failed ([node_0][WvY3FetCT_qSiVw3hEjSwQ][Bills-MacBook-Pro.local][inet[/10.1.10.75:9303]]{rack_id=rack_1})
[2014-02-18 15:54:49,002][INFO ][discovery.zen            ] [node_2] master_left [[node_0][WvY3FetCT_qSiVw3hEjSwQ][Bills-MacBook-Pro.local][inet[/10.1.10.75:9303]]{rack_id=rack_1}], reason [transport disconnected (with verified connect)]
[2014-02-18 15:54:49,003][INFO ][cluster.service          ] [node_2] master {new [node_1][-zjvidLRSTCBquNsxhl_zg][Bills-MacBook-Pro.local][inet[/10.1.10.75:9304]]{rack_id=rack_1}, previous [node_0][WvY3FetCT_qSiVw3hEjSwQ][Bills-MacBook-Pro.local][inet[/10.1.10.75:9303]]{rack_id=rack_1}}, removed {[node_0][WvY3FetCT_qSiVw3hEjSwQ][Bills-MacBook-Pro.local][inet[/10.1.10.75:9303]]{rack_id=rack_1},}, reason: zen-disco-master_failed ([node_0][WvY3FetCT_qSiVw3hEjSwQ][Bills-MacBook-Pro.local][inet[/10.1.10.75:9303]]{rack_id=rack_1})
[2014-02-18 15:54:49,003][INFO ][node                     ] [node_0] closed
[2014-02-18 15:54:49,008][INFO ][node                     ] [node_1] stopping ...
[2014-02-18 15:54:49,017][WARN ][discovery.zen.ping.multicast] [node_2] failed to receive packet, throttling...
java.net.SocketException: Socket closed
	at java.net.PlainDatagramSocketImpl.peekData(Native Method)
	at java.net.DatagramSocket.receive(DatagramSocket.java:726)
	at org.elasticsearch.discovery.zen.ping.multicast.MulticastZenPing$Receiver.run(MulticastZenPing.java:366)
	at java.lang.Thread.run(Thread.java:744)
[2014-02-18 15:54:49,023][INFO ][discovery.zen            ] [node_2] master_left [[node_1][-zjvidLRSTCBquNsxhl_zg][Bills-MacBook-Pro.local][inet[/10.1.10.75:9304]]{rack_id=rack_1}], reason [shut_down]
[2014-02-18 15:54:49,033][INFO ][node                     ] [node_1] stopped
[2014-02-18 15:54:49,033][INFO ][node                     ] [node_1] closing ...
[2014-02-18 15:54:49,043][INFO ][cluster.service          ] [node_2] master {new [node_2][Dy0pcf1dSCqcdnd4zCr8vQ][Bills-MacBook-Pro.local][inet[/10.1.10.75:9305]]{rack_id=rack_2}, previous [node_1][-zjvidLRSTCBquNsxhl_zg][Bills-MacBook-Pro.local][inet[/10.1.10.75:9304]]{rack_id=rack_1}}, removed {[node_1][-zjvidLRSTCBquNsxhl_zg][Bills-MacBook-Pro.local][inet[/10.1.10.75:9304]]{rack_id=rack_1},}, reason: zen-disco-master_failed ([node_1][-zjvidLRSTCBquNsxhl_zg][Bills-MacBook-Pro.local][inet[/10.1.10.75:9304]]{rack_id=rack_1})
[2014-02-18 15:54:49,043][INFO ][node                     ] [node_1] closed
[2014-02-18 15:54:49,047][INFO ][node                     ] [node_2] stopping ...
[2014-02-18 15:54:49,058][INFO ][node                     ] [node_2] stopped
[2014-02-18 15:54:49,059][INFO ][node                     ] [node_2] closing ...
[2014-02-18 15:54:49,060][INFO ][node                     ] [node_2] closed
[2014-02-18 15:54:49,060][INFO ][cluster.allocation       ] [AwarenessAllocationTests#testSimpleAwareness]: cleaned up after test
[2014-02-18 15:54:49,060][INFO ][test                     ] Wipe data directory for all nodes locations: [/Users/bhwang/elasticsearch/target/J0/data/TEST-Bills-MacBook-Pro.local-CHILD_VM=[0]-CLUSTER_SEED=[2960377914414287704]-HASH=[13541AD3209F91E0]/nodes/2, /Users/bhwang/elasticsearch/target/J0/data/TEST-Bills-MacBook-Pro.local-CHILD_VM=[0]-CLUSTER_SEED=[2960377914414287704]-HASH=[13541AD3209F91E0]/nodes/0, /Users/bhwang/elasticsearch/target/J0/data/TEST-Bills-MacBook-Pro.local-CHILD_VM=[0]-CLUSTER_SEED=[2960377914414287704]-HASH=[13541AD3209F91E0]/nodes/1]
[2014-02-18 15:54:49,091][INFO ][test                     ] Test testSimpleAwareness(org.elasticsearch.cluster.allocation.AwarenessAllocationTests) finished
[2014-02-18 15:54:49,092][INFO ][test                     ] Test testAwarenessZones(org.elasticsearch.cluster.allocation.AwarenessAllocationTests) started
[2014-02-18 15:54:49,093][INFO ][test                     ] Setup TestCluster [TEST-Bills-MacBook-Pro.local-CHILD_VM=[0]-CLUSTER_SEED=[-776412623237624608]-HASH=[13541AD58314BB00]] with seed [F539A0D530CACCE0] using [0] nodes
[2014-02-18 15:54:49,094][INFO ][cluster.allocation       ] [AwarenessAllocationTests#testAwarenessZones]: before test
[2014-02-18 15:54:49,094][INFO ][cluster.allocation       ] --> starting 6 nodes on different zones
[2014-02-18 15:54:49,096][INFO ][node                     ] [node_0] version[1.0.0], pid[6815], build[a46900e/2014-02-18T23:32:25Z]
[2014-02-18 15:54:49,097][INFO ][node                     ] [node_0] initializing ...
[2014-02-18 15:54:49,097][INFO ][plugins                  ] [node_0] loaded [], sites []
[2014-02-18 15:54:49,140][INFO ][node                     ] [node_0] initialized
[2014-02-18 15:54:49,141][INFO ][node                     ] [node_0] starting ...
[2014-02-18 15:54:49,147][INFO ][transport                ] [node_0] bound_address {inet[/0:0:0:0:0:0:0:0:9303]}, publish_address {inet[/10.1.10.75:9303]}
[2014-02-18 15:54:52,152][INFO ][cluster.service          ] [node_0] new_master [node_0][-bCn9Ie_RiCFJQUOAL0BkQ][Bills-MacBook-Pro.local][inet[/10.1.10.75:9303]]{zone=a}, reason: zen-disco-join (elected_as_master)
[2014-02-18 15:54:52,168][INFO ][discovery                ] [node_0] TEST-Bills-MacBook-Pro.local-CHILD_VM=[0]-CLUSTER_SEED=[-776412623237624608]-HASH=[13541AD58314BB00]/-bCn9Ie_RiCFJQUOAL0BkQ
[2014-02-18 15:54:52,168][INFO ][gateway                  ] [node_0] recovered [0] indices into cluster_state
[2014-02-18 15:54:52,171][INFO ][http                     ] [node_0] bound_address {inet[/0:0:0:0:0:0:0:0:9203]}, publish_address {inet[/10.1.10.75:9203]}
[2014-02-18 15:54:52,172][INFO ][node                     ] [node_0] started
[2014-02-18 15:54:52,173][INFO ][node                     ] [node_1] version[1.0.0], pid[6815], build[a46900e/2014-02-18T23:32:25Z]
[2014-02-18 15:54:52,173][INFO ][node                     ] [node_1] initializing ...
[2014-02-18 15:54:52,173][INFO ][plugins                  ] [node_1] loaded [], sites []
[2014-02-18 15:54:52,209][INFO ][node                     ] [node_1] initialized
[2014-02-18 15:54:52,209][INFO ][node                     ] [node_1] starting ...
[2014-02-18 15:54:52,215][INFO ][transport                ] [node_1] bound_address {inet[/0:0:0:0:0:0:0:0:9304]}, publish_address {inet[/10.1.10.75:9304]}
[2014-02-18 15:54:55,247][INFO ][cluster.service          ] [node_0] added {[node_1][oStSeJEQQJafD6X7qgQnzQ][Bills-MacBook-Pro.local][inet[/10.1.10.75:9304]]{zone=b},}, reason: zen-disco-receive(join from node[[node_1][oStSeJEQQJafD6X7qgQnzQ][Bills-MacBook-Pro.local][inet[/10.1.10.75:9304]]{zone=b}])
[2014-02-18 15:54:55,249][INFO ][cluster.service          ] [node_1] detected_master [node_0][-bCn9Ie_RiCFJQUOAL0BkQ][Bills-MacBook-Pro.local][inet[/10.1.10.75:9303]]{zone=a}, added {[node_0][-bCn9Ie_RiCFJQUOAL0BkQ][Bills-MacBook-Pro.local][inet[/10.1.10.75:9303]]{zone=a},}, reason: zen-disco-receive(from master [[node_0][-bCn9Ie_RiCFJQUOAL0BkQ][Bills-MacBook-Pro.local][inet[/10.1.10.75:9303]]{zone=a}])
[2014-02-18 15:54:55,276][INFO ][discovery                ] [node_1] TEST-Bills-MacBook-Pro.local-CHILD_VM=[0]-CLUSTER_SEED=[-776412623237624608]-HASH=[13541AD58314BB00]/oStSeJEQQJafD6X7qgQnzQ
[2014-02-18 15:54:55,282][INFO ][http                     ] [node_1] bound_address {inet[/0:0:0:0:0:0:0:0:9204]}, publish_address {inet[/10.1.10.75:9204]}
[2014-02-18 15:54:55,282][INFO ][node                     ] [node_1] started
[2014-02-18 15:54:55,283][INFO ][node                     ] [node_2] version[1.0.0], pid[6815], build[a46900e/2014-02-18T23:32:25Z]
[2014-02-18 15:54:55,283][INFO ][node                     ] [node_2] initializing ...
[2014-02-18 15:54:55,284][INFO ][plugins                  ] [node_2] loaded [], sites []
[2014-02-18 15:54:55,379][INFO ][node                     ] [node_2] initialized
[2014-02-18 15:54:55,379][INFO ][node                     ] [node_2] starting ...
[2014-02-18 15:54:55,389][INFO ][transport                ] [node_2] bound_address {inet[/0:0:0:0:0:0:0:0:9305]}, publish_address {inet[/10.1.10.75:9305]}
[2014-02-18 15:54:58,410][INFO ][cluster.service          ] [node_0] added {[node_2][yzlGxqNfSB2WMrhm3Hrr-A][Bills-MacBook-Pro.local][inet[/10.1.10.75:9305]]{zone=b},}, reason: zen-disco-receive(join from node[[node_2][yzlGxqNfSB2WMrhm3Hrr-A][Bills-MacBook-Pro.local][inet[/10.1.10.75:9305]]{zone=b}])
[2014-02-18 15:54:58,411][INFO ][cluster.service          ] [node_1] added {[node_2][yzlGxqNfSB2WMrhm3Hrr-A][Bills-MacBook-Pro.local][inet[/10.1.10.75:9305]]{zone=b},}, reason: zen-disco-receive(from master [[node_0][-bCn9Ie_RiCFJQUOAL0BkQ][Bills-MacBook-Pro.local][inet[/10.1.10.75:9303]]{zone=a}])
[2014-02-18 15:54:58,411][INFO ][cluster.service          ] [node_2] detected_master [node_0][-bCn9Ie_RiCFJQUOAL0BkQ][Bills-MacBook-Pro.local][inet[/10.1.10.75:9303]]{zone=a}, added {[node_1][oStSeJEQQJafD6X7qgQnzQ][Bills-MacBook-Pro.local][inet[/10.1.10.75:9304]]{zone=b},[node_0][-bCn9Ie_RiCFJQUOAL0BkQ][Bills-MacBook-Pro.local][inet[/10.1.10.75:9303]]{zone=a},}, reason: zen-disco-receive(from master [[node_0][-bCn9Ie_RiCFJQUOAL0BkQ][Bills-MacBook-Pro.local][inet[/10.1.10.75:9303]]{zone=a}])
[2014-02-18 15:54:58,437][INFO ][discovery                ] [node_2] TEST-Bills-MacBook-Pro.local-CHILD_VM=[0]-CLUSTER_SEED=[-776412623237624608]-HASH=[13541AD58314BB00]/yzlGxqNfSB2WMrhm3Hrr-A
[2014-02-18 15:54:58,440][INFO ][http                     ] [node_2] bound_address {inet[/0:0:0:0:0:0:0:0:9205]}, publish_address {inet[/10.1.10.75:9205]}
[2014-02-18 15:54:58,441][INFO ][node                     ] [node_2] started
[2014-02-18 15:54:58,442][INFO ][node                     ] [node_3] version[1.0.0], pid[6815], build[a46900e/2014-02-18T23:32:25Z]
[2014-02-18 15:54:58,442][INFO ][node                     ] [node_3] initializing ...
[2014-02-18 15:54:58,442][INFO ][plugins                  ] [node_3] loaded [], sites []
[2014-02-18 15:54:58,491][INFO ][node                     ] [node_3] initialized
[2014-02-18 15:54:58,491][INFO ][node                     ] [node_3] starting ...
[2014-02-18 15:54:58,497][INFO ][transport                ] [node_3] bound_address {inet[/0:0:0:0:0:0:0:0:9306]}, publish_address {inet[/10.1.10.75:9306]}
[2014-02-18 15:54:58,500][WARN ][discovery.zen.ping.multicast] [node_3] failed to receive packet, throttling...
java.net.SocketException: Socket closed
	at java.net.PlainDatagramSocketImpl.peekData(Native Method)
	at java.net.DatagramSocket.receive(DatagramSocket.java:726)
	at org.elasticsearch.discovery.zen.ping.multicast.MulticastZenPing$Receiver.run(MulticastZenPing.java:366)
	at java.lang.Thread.run(Thread.java:744)
[2014-02-18 15:54:59,002][WARN ][discovery.zen.ping.multicast] [node_3] failed to receive packet, throttling...
java.net.SocketException: Socket closed
	at java.net.PlainDatagramSocketImpl.peekData(Native Method)
	at java.net.DatagramSocket.receive(DatagramSocket.java:726)
	at org.elasticsearch.discovery.zen.ping.multicast.MulticastZenPing$Receiver.run(MulticastZenPing.java:366)
	at java.lang.Thread.run(Thread.java:744)
[2014-02-18 15:54:59,503][WARN ][discovery.zen.ping.multicast] [node_3] failed to receive packet, throttling...
java.net.SocketException: Socket closed
	at java.net.PlainDatagramSocketImpl.peekData(Native Method)
	at java.net.DatagramSocket.receive(DatagramSocket.java:726)
	at org.elasticsearch.discovery.zen.ping.multicast.MulticastZenPing$Receiver.run(MulticastZenPing.java:366)
	at java.lang.Thread.run(Thread.java:744)
[2014-02-18 15:55:00,003][WARN ][discovery.zen.ping.multicast] [node_3] failed to receive packet, throttling...
java.net.SocketException: Socket closed
	at java.net.PlainDatagramSocketImpl.peekData(Native Method)
	at java.net.DatagramSocket.receive(DatagramSocket.java:726)
	at org.elasticsearch.discovery.zen.ping.multicast.MulticastZenPing$Receiver.run(MulticastZenPing.java:366)
	at java.lang.Thread.run(Thread.java:744)
[2014-02-18 15:55:00,505][WARN ][discovery.zen.ping.multicast] [node_3] failed to receive packet, throttling...
java.net.SocketException: Socket closed
	at java.net.PlainDatagramSocketImpl.peekData(Native Method)
	at java.net.DatagramSocket.receive(DatagramSocket.java:726)
	at org.elasticsearch.discovery.zen.ping.multicast.MulticastZenPing$Receiver.run(MulticastZenPing.java:366)
	at java.lang.Thread.run(Thread.java:744)
[2014-02-18 15:55:01,007][WARN ][discovery.zen.ping.multicast] [node_3] failed to receive packet, throttling...
java.net.SocketException: Socket closed
	at java.net.PlainDatagramSocketImpl.peekData(Native Method)
	at java.net.DatagramSocket.receive(DatagramSocket.java:726)
	at org.elasticsearch.discovery.zen.ping.multicast.MulticastZenPing$Receiver.run(MulticastZenPing.java:366)
	at java.lang.Thread.run(Thread.java:744)
[2014-02-18 15:55:01,508][WARN ][discovery.zen.ping.multicast] [node_3] failed to receive packet, throttling...
java.net.SocketException: Socket closed
	at java.net.PlainDatagramSocketImpl.peekData(Native Method)
	at java.net.DatagramSocket.receive(DatagramSocket.java:726)
	at org.elasticsearch.discovery.zen.ping.multicast.MulticastZenPing$Receiver.run(MulticastZenPing.java:366)
	at java.lang.Thread.run(Thread.java:744)
[2014-02-18 15:55:01,519][INFO ][cluster.service          ] [node_0] added {[node_3][ffVmfns5QiOgJq-IbS5r2Q][Bills-MacBook-Pro.local][inet[/10.1.10.75:9306]]{zone=a},}, reason: zen-disco-receive(join from node[[node_3][ffVmfns5QiOgJq-IbS5r2Q][Bills-MacBook-Pro.local][inet[/10.1.10.75:9306]]{zone=a}])
[2014-02-18 15:55:01,520][INFO ][cluster.service          ] [node_2] added {[node_3][ffVmfns5QiOgJq-IbS5r2Q][Bills-MacBook-Pro.local][inet[/10.1.10.75:9306]]{zone=a},}, reason: zen-disco-receive(from master [[node_0][-bCn9Ie_RiCFJQUOAL0BkQ][Bills-MacBook-Pro.local][inet[/10.1.10.75:9303]]{zone=a}])
[2014-02-18 15:55:01,520][INFO ][cluster.service          ] [node_1] added {[node_3][ffVmfns5QiOgJq-IbS5r2Q][Bills-MacBook-Pro.local][inet[/10.1.10.75:9306]]{zone=a},}, reason: zen-disco-receive(from master [[node_0][-bCn9Ie_RiCFJQUOAL0BkQ][Bills-MacBook-Pro.local][inet[/10.1.10.75:9303]]{zone=a}])
[2014-02-18 15:55:01,521][INFO ][cluster.service          ] [node_3] detected_master [node_0][-bCn9Ie_RiCFJQUOAL0BkQ][Bills-MacBook-Pro.local][inet[/10.1.10.75:9303]]{zone=a}, added {[node_1][oStSeJEQQJafD6X7qgQnzQ][Bills-MacBook-Pro.local][inet[/10.1.10.75:9304]]{zone=b},[node_2][yzlGxqNfSB2WMrhm3Hrr-A][Bills-MacBook-Pro.local][inet[/10.1.10.75:9305]]{zone=b},[node_0][-bCn9Ie_RiCFJQUOAL0BkQ][Bills-MacBook-Pro.local][inet[/10.1.10.75:9303]]{zone=a},}, reason: zen-disco-receive(from master [[node_0][-bCn9Ie_RiCFJQUOAL0BkQ][Bills-MacBook-Pro.local][inet[/10.1.10.75:9303]]{zone=a}])
[2014-02-18 15:55:01,559][INFO ][discovery                ] [node_3] TEST-Bills-MacBook-Pro.local-CHILD_VM=[0]-CLUSTER_SEED=[-776412623237624608]-HASH=[13541AD58314BB00]/ffVmfns5QiOgJq-IbS5r2Q
[2014-02-18 15:55:01,563][INFO ][http                     ] [node_3] bound_address {inet[/0:0:0:0:0:0:0:0:9206]}, publish_address {inet[/10.1.10.75:9206]}
[2014-02-18 15:55:01,564][INFO ][node                     ] [node_3] started
[2014-02-18 15:55:01,565][INFO ][plugins                  ] [transport_client_node_0] loaded [], sites []
[2014-02-18 15:55:01,604][INFO ][cluster.metadata         ] [node_0] [test] creating index, cause [api], shards [5]/[1], mappings []
[2014-02-18 15:55:01,659][INFO ][plugins                  ] [transport_client_node_3] loaded [], sites []
[2014-02-18 15:55:01,930][INFO ][plugins                  ] [transport_client_node_1] loaded [], sites []
[2014-02-18 15:55:01,989][INFO ][cluster.allocation       ] [AwarenessAllocationTests#testAwarenessZones]: cleaning up after test
[2014-02-18 15:55:01,995][INFO ][node                     ] [node_0] stopping ...
[2014-02-18 15:55:02,007][INFO ][discovery.zen            ] [node_2] master_left [[node_0][-bCn9Ie_RiCFJQUOAL0BkQ][Bills-MacBook-Pro.local][inet[/10.1.10.75:9303]]{zone=a}], reason [shut_down]
[2014-02-18 15:55:02,007][INFO ][discovery.zen            ] [node_1] master_left [[node_0][-bCn9Ie_RiCFJQUOAL0BkQ][Bills-MacBook-Pro.local][inet[/10.1.10.75:9303]]{zone=a}], reason [shut_down]
[2014-02-18 15:55:02,009][INFO ][cluster.service          ] [node_2] master {new [node_3][ffVmfns5QiOgJq-IbS5r2Q][Bills-MacBook-Pro.local][inet[/10.1.10.75:9306]]{zone=a}, previous [node_0][-bCn9Ie_RiCFJQUOAL0BkQ][Bills-MacBook-Pro.local][inet[/10.1.10.75:9303]]{zone=a}}, removed {[node_0][-bCn9Ie_RiCFJQUOAL0BkQ][Bills-MacBook-Pro.local][inet[/10.1.10.75:9303]]{zone=a},}, reason: zen-disco-master_failed ([node_0][-bCn9Ie_RiCFJQUOAL0BkQ][Bills-MacBook-Pro.local][inet[/10.1.10.75:9303]]{zone=a})
[2014-02-18 15:55:02,007][INFO ][discovery.zen            ] [node_3] master_left [[node_0][-bCn9Ie_RiCFJQUOAL0BkQ][Bills-MacBook-Pro.local][inet[/10.1.10.75:9303]]{zone=a}], reason [shut_down]
[2014-02-18 15:55:02,011][INFO ][cluster.service          ] [node_1] master {new [node_3][ffVmfns5QiOgJq-IbS5r2Q][Bills-MacBook-Pro.local][inet[/10.1.10.75:9306]]{zone=a}, previous [node_0][-bCn9Ie_RiCFJQUOAL0BkQ][Bills-MacBook-Pro.local][inet[/10.1.10.75:9303]]{zone=a}}, removed {[node_0][-bCn9Ie_RiCFJQUOAL0BkQ][Bills-MacBook-Pro.local][inet[/10.1.10.75:9303]]{zone=a},}, reason: zen-disco-master_failed ([node_0][-bCn9Ie_RiCFJQUOAL0BkQ][Bills-MacBook-Pro.local][inet[/10.1.10.75:9303]]{zone=a})
[2014-02-18 15:55:02,013][WARN ][discovery.zen.ping.multicast] [node_3] failed to receive packet, throttling...
java.net.SocketException: Socket closed
	at java.net.PlainDatagramSocketImpl.peekData(Native Method)
	at java.net.DatagramSocket.receive(DatagramSocket.java:726)
	at org.elasticsearch.discovery.zen.ping.multicast.MulticastZenPing$Receiver.run(MulticastZenPing.java:366)
	at java.lang.Thread.run(Thread.java:744)
[2014-02-18 15:55:02,011][INFO ][cluster.service          ] [node_3] master {new [node_3][ffVmfns5QiOgJq-IbS5r2Q][Bills-MacBook-Pro.local][inet[/10.1.10.75:9306]]{zone=a}, previous [node_0][-bCn9Ie_RiCFJQUOAL0BkQ][Bills-MacBook-Pro.local][inet[/10.1.10.75:9303]]{zone=a}}, removed {[node_0][-bCn9Ie_RiCFJQUOAL0BkQ][Bills-MacBook-Pro.local][inet[/10.1.10.75:9303]]{zone=a},}, reason: zen-disco-master_failed ([node_0][-bCn9Ie_RiCFJQUOAL0BkQ][Bills-MacBook-Pro.local][inet[/10.1.10.75:9303]]{zone=a})
[2014-02-18 15:55:02,017][INFO ][node                     ] [node_0] stopped
[2014-02-18 15:55:02,017][INFO ][node                     ] [node_0] closing ...
[2014-02-18 15:55:02,019][INFO ][node                     ] [node_0] closed
[2014-02-18 15:55:02,025][INFO ][node                     ] [node_1] stopping ...
[2014-02-18 15:55:02,036][INFO ][cluster.service          ] [node_3] removed {[node_1][oStSeJEQQJafD6X7qgQnzQ][Bills-MacBook-Pro.local][inet[/10.1.10.75:9304]]{zone=b},}, reason: zen-disco-node_left([node_1][oStSeJEQQJafD6X7qgQnzQ][Bills-MacBook-Pro.local][inet[/10.1.10.75:9304]]{zone=b})
[2014-02-18 15:55:02,037][INFO ][cluster.service          ] [node_2] removed {[node_1][oStSeJEQQJafD6X7qgQnzQ][Bills-MacBook-Pro.local][inet[/10.1.10.75:9304]]{zone=b},}, reason: zen-disco-receive(from master [[node_3][ffVmfns5QiOgJq-IbS5r2Q][Bills-MacBook-Pro.local][inet[/10.1.10.75:9306]]{zone=a}])
[2014-02-18 15:55:02,040][INFO ][node                     ] [node_1] stopped
[2014-02-18 15:55:02,040][INFO ][node                     ] [node_1] closing ...
[2014-02-18 15:55:02,042][INFO ][node                     ] [node_1] closed
[2014-02-18 15:55:02,042][INFO ][node                     ] [node_2] stopping ...
[2014-02-18 15:55:02,059][INFO ][node                     ] [node_2] stopped
[2014-02-18 15:55:02,060][INFO ][node                     ] [node_2] closing ...
[2014-02-18 15:55:02,064][INFO ][node                     ] [node_2] closed
[2014-02-18 15:55:02,066][INFO ][cluster.service          ] [node_3] removed {[node_2][yzlGxqNfSB2WMrhm3Hrr-A][Bills-MacBook-Pro.local][inet[/10.1.10.75:9305]]{zone=b},}, reason: zen-disco-node_left([node_2][yzlGxqNfSB2WMrhm3Hrr-A][Bills-MacBook-Pro.local][inet[/10.1.10.75:9305]]{zone=b})
[2014-02-18 15:55:02,069][INFO ][node                     ] [node_3] stopping ...
[2014-02-18 15:55:02,081][INFO ][node                     ] [node_3] stopped
[2014-02-18 15:55:02,081][INFO ][node                     ] [node_3] closing ...
[2014-02-18 15:55:02,082][INFO ][node                     ] [node_3] closed
[2014-02-18 15:55:02,082][INFO ][cluster.allocation       ] [AwarenessAllocationTests#testAwarenessZones]: cleaned up after test
[2014-02-18 15:55:02,082][INFO ][test                     ] Wipe data directory for all nodes locations: [data/d0/TEST-Bills-MacBook-Pro.local-CHILD_VM=[0]-CLUSTER_SEED=[-776412623237624608]-HASH=[13541AD58314BB00]/nodes/3, data/d0/TEST-Bills-MacBook-Pro.local-CHILD_VM=[0]-CLUSTER_SEED=[-776412623237624608]-HASH=[13541AD58314BB00]/nodes/0, data/d0/TEST-Bills-MacBook-Pro.local-CHILD_VM=[0]-CLUSTER_SEED=[-776412623237624608]-HASH=[13541AD58314BB00]/nodes/2, data/d0/TEST-Bills-MacBook-Pro.local-CHILD_VM=[0]-CLUSTER_SEED=[-776412623237624608]-HASH=[13541AD58314BB00]/nodes/1]
[2014-02-18 15:55:02,109][INFO ][test                     ] Test testAwarenessZones(org.elasticsearch.cluster.allocation.AwarenessAllocationTests) finished
]]></system-out>
   <system-err><![CDATA[]]></system-err>
</testsuite>