<testsuite errors="0" failures="0" tests="2" skipped="0" name="org.elasticsearch.gateway.local.QuorumLocalGatewayTests" hostname="nohost.nodomain" time="32.439" timestamp="2014-02-18T15:38:59">
   <properties class="java.util.ArrayList">
      <property name="awt.toolkit" value="sun.lwawt.macosx.LWCToolkit"/>
      <property name="es.logger.level" value="INFO"/>
      <property name="es.logger.prefix" value=""/>
      <property name="es.node.local" value=""/>
      <property name="es.node.mode" value=""/>
      <property name="file.encoding" value="UTF-8"/>
      <property name="file.encoding.pkg" value="sun.io"/>
      <property name="file.separator" value="/"/>
      <property name="ftp.nonProxyHosts" value="local|*.local|169.254/16|*.169.254/16"/>
      <property name="gopherProxySet" value="false"/>
      <property name="http.nonProxyHosts" value="local|*.local|169.254/16|*.169.254/16"/>
      <property name="java.awt.graphicsenv" value="sun.awt.CGraphicsEnvironment"/>
      <property name="java.awt.headless" value="true"/>
      <property name="java.awt.printerjob" value="sun.lwawt.macosx.CPrinterJob"/>
      <property name="java.class.path" value="/Users/bhwang/elasticsearch/target/test-classes:/Users/bhwang/elasticsearch/target/classes:/Users/bhwang/.m2/repository/org/hamcrest/hamcrest-all/1.3/hamcrest-all-1.3.jar:/Users/bhwang/.m2/repository/com/carrotsearch/randomizedtesting/randomizedtesting-runner/2.0.15/randomizedtesting-runner-2.0.15.jar:/Users/bhwang/.m2/repository/junit/junit/4.10/junit-4.10.jar:/Users/bhwang/.m2/repository/org/apache/lucene/lucene-test-framework/4.6.1/lucene-test-framework-4.6.1.jar:/Users/bhwang/.m2/repository/org/apache/lucene/lucene-expressions/4.6.1/lucene-expressions-4.6.1.jar:/Users/bhwang/.m2/repository/org/antlr/antlr-runtime/3.5/antlr-runtime-3.5.jar:/Users/bhwang/.m2/repository/org/ow2/asm/asm/4.1/asm-4.1.jar:/Users/bhwang/.m2/repository/org/ow2/asm/asm-commons/4.1/asm-commons-4.1.jar:/Users/bhwang/.m2/repository/org/apache/httpcomponents/httpclient/4.3.1/httpclient-4.3.1.jar:/Users/bhwang/.m2/repository/org/apache/httpcomponents/httpcore/4.3/httpcore-4.3.jar:/Users/bhwang/.m2/repository/commons-logging/commons-logging/1.1.3/commons-logging-1.1.3.jar:/Users/bhwang/.m2/repository/commons-codec/commons-codec/1.6/commons-codec-1.6.jar:/Users/bhwang/.m2/repository/org/apache/lucene/lucene-core/4.6.1/lucene-core-4.6.1.jar:/Users/bhwang/.m2/repository/org/apache/lucene/lucene-analyzers-common/4.6.1/lucene-analyzers-common-4.6.1.jar:/Users/bhwang/.m2/repository/org/apache/lucene/lucene-codecs/4.6.1/lucene-codecs-4.6.1.jar:/Users/bhwang/.m2/repository/org/apache/lucene/lucene-queries/4.6.1/lucene-queries-4.6.1.jar:/Users/bhwang/.m2/repository/org/apache/lucene/lucene-memory/4.6.1/lucene-memory-4.6.1.jar:/Users/bhwang/.m2/repository/org/apache/lucene/lucene-highlighter/4.6.1/lucene-highlighter-4.6.1.jar:/Users/bhwang/.m2/repository/org/apache/lucene/lucene-queryparser/4.6.1/lucene-queryparser-4.6.1.jar:/Users/bhwang/.m2/repository/org/apache/lucene/lucene-sandbox/4.6.1/lucene-sandbox-4.6.1.jar:/Users/bhwang/.m2/repository/org/apache/lucene/lucene-suggest/4.6.1/lucene-suggest-4.6.1.jar:/Users/bhwang/.m2/repository/org/apache/lucene/lucene-misc/4.6.1/lucene-misc-4.6.1.jar:/Users/bhwang/.m2/repository/org/apache/lucene/lucene-join/4.6.1/lucene-join-4.6.1.jar:/Users/bhwang/.m2/repository/org/apache/lucene/lucene-grouping/4.6.1/lucene-grouping-4.6.1.jar:/Users/bhwang/.m2/repository/org/apache/lucene/lucene-spatial/4.6.1/lucene-spatial-4.6.1.jar:/Users/bhwang/.m2/repository/com/spatial4j/spatial4j/0.3/spatial4j-0.3.jar:/Users/bhwang/.m2/repository/com/vividsolutions/jts/1.12/jts-1.12.jar:/Users/bhwang/.m2/repository/com/google/guava/guava/16.0/guava-16.0.jar:/Users/bhwang/.m2/repository/com/carrotsearch/hppc/0.5.3/hppc-0.5.3.jar:/Users/bhwang/.m2/repository/joda-time/joda-time/2.3/joda-time-2.3.jar:/Users/bhwang/.m2/repository/org/joda/joda-convert/1.2/joda-convert-1.2.jar:/Users/bhwang/.m2/repository/org/mvel/mvel2/2.1.5.Final/mvel2-2.1.5.Final.jar:/Users/bhwang/.m2/repository/com/fasterxml/jackson/core/jackson-core/2.3.0/jackson-core-2.3.0.jar:/Users/bhwang/.m2/repository/com/fasterxml/jackson/dataformat/jackson-dataformat-smile/2.3.0/jackson-dataformat-smile-2.3.0.jar:/Users/bhwang/.m2/repository/com/fasterxml/jackson/dataformat/jackson-dataformat-yaml/2.3.0/jackson-dataformat-yaml-2.3.0.jar:/Users/bhwang/.m2/repository/io/netty/netty/3.9.0.Final/netty-3.9.0.Final.jar:/Users/bhwang/.m2/repository/com/ning/compress-lzf/0.9.6/compress-lzf-0.9.6.jar:/Users/bhwang/.m2/repository/log4j/log4j/1.2.17/log4j-1.2.17.jar:/Users/bhwang/.m2/repository/org/slf4j/slf4j-api/1.6.2/slf4j-api-1.6.2.jar:/Users/bhwang/.m2/repository/net/java/dev/jna/jna/3.3.0/jna-3.3.0.jar:/Users/bhwang/.m2/repository/org/fusesource/sigar/1.6.4/sigar-1.6.4.jar:/Users/bhwang/.m2/repository/com/carrotsearch/randomizedtesting/junit4-ant/2.0.15/junit4-ant-2.0.15.jar"/>
      <property name="java.class.version" value="51.0"/>
      <property name="java.endorsed.dirs" value="/Library/Java/JavaVirtualMachines/jdk1.7.0_45.jdk/Contents/Home/jre/lib/endorsed"/>
      <property name="java.ext.dirs" value="/Users/bhwang/Library/Java/Extensions:/Library/Java/JavaVirtualMachines/jdk1.7.0_45.jdk/Contents/Home/jre/lib/ext:/Library/Java/Extensions:/Network/Library/Java/Extensions:/System/Library/Java/Extensions:/usr/lib/java"/>
      <property name="java.home" value="/Library/Java/JavaVirtualMachines/jdk1.7.0_45.jdk/Contents/Home/jre"/>
      <property name="java.io.tmpdir" value="."/>
      <property name="java.library.path" value="/Users/bhwang/Library/Java/Extensions:/Library/Java/Extensions:/Network/Library/Java/Extensions:/System/Library/Java/Extensions:/usr/lib/java:."/>
      <property name="java.runtime.name" value="Java(TM) SE Runtime Environment"/>
      <property name="java.runtime.version" value="1.7.0_45-b18"/>
      <property name="java.security.policy" value="/Users/bhwang/elasticsearch/dev-tools/tests.policy"/>
      <property name="java.specification.name" value="Java Platform API Specification"/>
      <property name="java.specification.vendor" value="Oracle Corporation"/>
      <property name="java.specification.version" value="1.7"/>
      <property name="java.vendor" value="Oracle Corporation"/>
      <property name="java.vendor.url" value="http://java.oracle.com/"/>
      <property name="java.vendor.url.bug" value="http://bugreport.sun.com/bugreport/"/>
      <property name="java.version" value="1.7.0_45"/>
      <property name="java.vm.info" value="mixed mode"/>
      <property name="java.vm.name" value="Java HotSpot(TM) 64-Bit Server VM"/>
      <property name="java.vm.specification.name" value="Java Virtual Machine Specification"/>
      <property name="java.vm.specification.vendor" value="Oracle Corporation"/>
      <property name="java.vm.specification.version" value="1.7"/>
      <property name="java.vm.vendor" value="Oracle Corporation"/>
      <property name="java.vm.version" value="24.45-b08"/>
      <property name="junit4.childvm.cwd" value="/Users/bhwang/elasticsearch/target/J0"/>
      <property name="junit4.childvm.id" value="0"/>
      <property name="junit4.memory.total" value="128974848"/>
      <property name="junit4.pidString" value="6815@Bills-MacBook-Pro.local"/>
      <property name="junit4.processors" value="4"/>
      <property name="junit4.tempDir" value="/Users/bhwang/elasticsearch/target"/>
      <property name="line.separator" value="
"/>
      <property name="os.arch" value="x86_64"/>
      <property name="os.name" value="Mac OS X"/>
      <property name="os.version" value="10.9.1"/>
      <property name="path.separator" value=":"/>
      <property name="socksNonProxyHosts" value="local|*.local|169.254/16|*.169.254/16"/>
      <property name="sun.arch.data.model" value="64"/>
      <property name="sun.boot.class.path" value="/Library/Java/JavaVirtualMachines/jdk1.7.0_45.jdk/Contents/Home/jre/lib/resources.jar:/Library/Java/JavaVirtualMachines/jdk1.7.0_45.jdk/Contents/Home/jre/lib/rt.jar:/Library/Java/JavaVirtualMachines/jdk1.7.0_45.jdk/Contents/Home/jre/lib/sunrsasign.jar:/Library/Java/JavaVirtualMachines/jdk1.7.0_45.jdk/Contents/Home/jre/lib/jsse.jar:/Library/Java/JavaVirtualMachines/jdk1.7.0_45.jdk/Contents/Home/jre/lib/jce.jar:/Library/Java/JavaVirtualMachines/jdk1.7.0_45.jdk/Contents/Home/jre/lib/charsets.jar:/Library/Java/JavaVirtualMachines/jdk1.7.0_45.jdk/Contents/Home/jre/lib/jfr.jar:/Library/Java/JavaVirtualMachines/jdk1.7.0_45.jdk/Contents/Home/jre/lib/JObjC.jar:/Library/Java/JavaVirtualMachines/jdk1.7.0_45.jdk/Contents/Home/jre/classes"/>
      <property name="sun.boot.library.path" value="/Library/Java/JavaVirtualMachines/jdk1.7.0_45.jdk/Contents/Home/jre/lib"/>
      <property name="sun.cpu.endian" value="little"/>
      <property name="sun.cpu.isalist" value=""/>
      <property name="sun.io.unicode.encoding" value="UnicodeBig"/>
      <property name="sun.java.command" value="com.carrotsearch.ant.tasks.junit4.slave.SlaveMainSafe -flush -eventsfile /Users/bhwang/elasticsearch/target/junit4-J0-20140218_153326_767.events @/Users/bhwang/elasticsearch/target/junit4-J0-20140218_153326_767.suites -stdin"/>
      <property name="sun.java.launcher" value="SUN_STANDARD"/>
      <property name="sun.jnu.encoding" value="UTF-8"/>
      <property name="sun.management.compiler" value="HotSpot 64-Bit Tiered Compilers"/>
      <property name="sun.os.patch.level" value="unknown"/>
      <property name="tests.appendseed" value=""/>
      <property name="tests.assertion.disabled" value=""/>
      <property name="tests.awaitsfix" value=""/>
      <property name="tests.badapples" value=""/>
      <property name="tests.class" value=""/>
      <property name="tests.client.ratio" value=""/>
      <property name="tests.cluster_seed" value=""/>
      <property name="tests.enable_mock_modules" value=""/>
      <property name="tests.failfast" value=""/>
      <property name="tests.integration" value=""/>
      <property name="tests.iters" value=""/>
      <property name="tests.jvm.argline" value=""/>
      <property name="tests.maxfailures" value=""/>
      <property name="tests.method" value=""/>
      <property name="tests.network" value=""/>
      <property name="tests.nightly" value=""/>
      <property name="tests.prefix" value="tests"/>
      <property name="tests.rest" value=""/>
      <property name="tests.rest.spec" value=""/>
      <property name="tests.rest.suite" value=""/>
      <property name="tests.security.manager" value=""/>
      <property name="tests.seed" value="A89B4FF56754358E"/>
      <property name="tests.showSuccess" value=""/>
      <property name="tests.slow" value=""/>
      <property name="tests.timeoutSuite" value=""/>
      <property name="tests.weekly" value=""/>
      <property name="user.country" value="US"/>
      <property name="user.dir" value="/Users/bhwang/elasticsearch/target/J0"/>
      <property name="user.home" value="/Users/bhwang"/>
      <property name="user.language" value="en"/>
      <property name="user.name" value="bhwang"/>
      <property name="user.timezone" value=""/>
   </properties>
   <testcase classname="org.elasticsearch.gateway.local.QuorumLocalGatewayTests" name="testChangeInitialShardsRecovery" time="13.184"/>
   <testcase classname="org.elasticsearch.gateway.local.QuorumLocalGatewayTests" name="testQuorumRecovery" time="19.242"/>
   <system-out><![CDATA[[2014-02-18 15:38:59,180][INFO ][test                     ] Test testChangeInitialShardsRecovery(org.elasticsearch.gateway.local.QuorumLocalGatewayTests) started
[2014-02-18 15:38:59,183][INFO ][test                     ] Setup TestCluster [TEST-Bills-MacBook-Pro.local-CHILD_VM=[0]-CLUSTER_SEED=[6699544270158070950]-HASH=[135419F858008DC8]] with seed [5CF990049BC684A6] using [0] nodes
[2014-02-18 15:38:59,183][INFO ][gateway.local            ] [QuorumLocalGatewayTests#testChangeInitialShardsRecovery]: before test
[2014-02-18 15:38:59,184][INFO ][gateway.local            ] --> starting 3 nodes
[2014-02-18 15:38:59,187][INFO ][node                     ] [node_0] version[1.0.0], pid[6815], build[a46900e/2014-02-18T23:32:25Z]
[2014-02-18 15:38:59,187][INFO ][node                     ] [node_0] initializing ...
[2014-02-18 15:38:59,188][INFO ][plugins                  ] [node_0] loaded [], sites []
[2014-02-18 15:38:59,315][INFO ][node                     ] [node_0] initialized
[2014-02-18 15:38:59,315][INFO ][node                     ] [node_0] starting ...
[2014-02-18 15:38:59,328][INFO ][transport                ] [node_0] bound_address {inet[/0:0:0:0:0:0:0:0:9303]}, publish_address {inet[/10.1.10.75:9303]}
[2014-02-18 15:39:02,337][INFO ][cluster.service          ] [node_0] new_master [node_0][8DSXnLL8Sf-oJzt4jS0meQ][Bills-MacBook-Pro.local][inet[/10.1.10.75:9303]], reason: zen-disco-join (elected_as_master)
[2014-02-18 15:39:02,351][INFO ][discovery                ] [node_0] TEST-Bills-MacBook-Pro.local-CHILD_VM=[0]-CLUSTER_SEED=[6699544270158070950]-HASH=[135419F858008DC8]/8DSXnLL8Sf-oJzt4jS0meQ
[2014-02-18 15:39:02,362][INFO ][gateway                  ] [node_0] recovered [0] indices into cluster_state
[2014-02-18 15:39:02,364][INFO ][http                     ] [node_0] bound_address {inet[/0:0:0:0:0:0:0:0:9203]}, publish_address {inet[/10.1.10.75:9203]}
[2014-02-18 15:39:02,365][INFO ][node                     ] [node_0] started
[2014-02-18 15:39:02,366][INFO ][node                     ] [node_1] version[1.0.0], pid[6815], build[a46900e/2014-02-18T23:32:25Z]
[2014-02-18 15:39:02,366][INFO ][node                     ] [node_1] initializing ...
[2014-02-18 15:39:02,366][INFO ][plugins                  ] [node_1] loaded [], sites []
[2014-02-18 15:39:02,400][INFO ][node                     ] [node_1] initialized
[2014-02-18 15:39:02,400][INFO ][node                     ] [node_1] starting ...
[2014-02-18 15:39:02,406][INFO ][transport                ] [node_1] bound_address {inet[/0:0:0:0:0:0:0:0:9304]}, publish_address {inet[/10.1.10.75:9304]}
[2014-02-18 15:39:05,439][INFO ][cluster.service          ] [node_0] added {[node_1][I69Dcf6JRNKhthZC8DygDg][Bills-MacBook-Pro.local][inet[/10.1.10.75:9304]],}, reason: zen-disco-receive(join from node[[node_1][I69Dcf6JRNKhthZC8DygDg][Bills-MacBook-Pro.local][inet[/10.1.10.75:9304]]])
[2014-02-18 15:39:05,441][INFO ][cluster.service          ] [node_1] detected_master [node_0][8DSXnLL8Sf-oJzt4jS0meQ][Bills-MacBook-Pro.local][inet[/10.1.10.75:9303]], added {[node_0][8DSXnLL8Sf-oJzt4jS0meQ][Bills-MacBook-Pro.local][inet[/10.1.10.75:9303]],}, reason: zen-disco-receive(from master [[node_0][8DSXnLL8Sf-oJzt4jS0meQ][Bills-MacBook-Pro.local][inet[/10.1.10.75:9303]]])
[2014-02-18 15:39:05,463][INFO ][discovery                ] [node_1] TEST-Bills-MacBook-Pro.local-CHILD_VM=[0]-CLUSTER_SEED=[6699544270158070950]-HASH=[135419F858008DC8]/I69Dcf6JRNKhthZC8DygDg
[2014-02-18 15:39:05,486][INFO ][http                     ] [node_1] bound_address {inet[/0:0:0:0:0:0:0:0:9204]}, publish_address {inet[/10.1.10.75:9204]}
[2014-02-18 15:39:05,487][INFO ][node                     ] [node_1] started
[2014-02-18 15:39:05,488][INFO ][node                     ] [node_2] version[1.0.0], pid[6815], build[a46900e/2014-02-18T23:32:25Z]
[2014-02-18 15:39:05,488][INFO ][node                     ] [node_2] initializing ...
[2014-02-18 15:39:05,488][INFO ][plugins                  ] [node_2] loaded [], sites []
[2014-02-18 15:39:05,542][INFO ][node                     ] [node_2] initialized
[2014-02-18 15:39:05,542][INFO ][node                     ] [node_2] starting ...
[2014-02-18 15:39:05,550][INFO ][transport                ] [node_2] bound_address {inet[/0:0:0:0:0:0:0:0:9305]}, publish_address {inet[/10.1.10.75:9305]}
[2014-02-18 15:39:08,573][INFO ][cluster.service          ] [node_0] added {[node_2][W0rTRQLoSJKlwl-yPdGW-Q][Bills-MacBook-Pro.local][inet[/10.1.10.75:9305]],}, reason: zen-disco-receive(join from node[[node_2][W0rTRQLoSJKlwl-yPdGW-Q][Bills-MacBook-Pro.local][inet[/10.1.10.75:9305]]])
[2014-02-18 15:39:08,574][INFO ][cluster.service          ] [node_1] added {[node_2][W0rTRQLoSJKlwl-yPdGW-Q][Bills-MacBook-Pro.local][inet[/10.1.10.75:9305]],}, reason: zen-disco-receive(from master [[node_0][8DSXnLL8Sf-oJzt4jS0meQ][Bills-MacBook-Pro.local][inet[/10.1.10.75:9303]]])
[2014-02-18 15:39:08,574][INFO ][cluster.service          ] [node_2] detected_master [node_0][8DSXnLL8Sf-oJzt4jS0meQ][Bills-MacBook-Pro.local][inet[/10.1.10.75:9303]], added {[node_0][8DSXnLL8Sf-oJzt4jS0meQ][Bills-MacBook-Pro.local][inet[/10.1.10.75:9303]],[node_1][I69Dcf6JRNKhthZC8DygDg][Bills-MacBook-Pro.local][inet[/10.1.10.75:9304]],}, reason: zen-disco-receive(from master [[node_0][8DSXnLL8Sf-oJzt4jS0meQ][Bills-MacBook-Pro.local][inet[/10.1.10.75:9303]]])
[2014-02-18 15:39:08,604][INFO ][discovery                ] [node_2] TEST-Bills-MacBook-Pro.local-CHILD_VM=[0]-CLUSTER_SEED=[6699544270158070950]-HASH=[135419F858008DC8]/W0rTRQLoSJKlwl-yPdGW-Q
[2014-02-18 15:39:08,609][INFO ][http                     ] [node_2] bound_address {inet[/0:0:0:0:0:0:0:0:9205]}, publish_address {inet[/10.1.10.75:9205]}
[2014-02-18 15:39:08,609][INFO ][node                     ] [node_2] started
[2014-02-18 15:39:08,609][INFO ][gateway.local            ] --> indexing...
[2014-02-18 15:39:08,624][INFO ][cluster.metadata         ] [node_0] [test] creating index, cause [auto(index api)], shards [2]/[2], mappings []
[2014-02-18 15:39:08,695][INFO ][cluster.metadata         ] [node_0] [test] update_mapping [type1] (dynamic)
[2014-02-18 15:39:08,893][INFO ][gateway.local            ] --> running cluster_health (wait for the shards to startup)
[2014-02-18 15:39:08,897][INFO ][plugins                  ] [transport_client_node_1] loaded [], sites []
[2014-02-18 15:39:08,923][INFO ][gateway.local            ] --> done cluster_health, status GREEN
[2014-02-18 15:39:08,930][INFO ][gateway.local            ] --> restarting 1 nodes -- kill 2
[2014-02-18 15:39:08,931][INFO ][test                     ] Closing node [node_1] during restart
[2014-02-18 15:39:08,934][INFO ][node                     ] [node_1] stopping ...
[2014-02-18 15:39:08,941][INFO ][cluster.service          ] [node_0] removed {[node_1][I69Dcf6JRNKhthZC8DygDg][Bills-MacBook-Pro.local][inet[/10.1.10.75:9304]],}, reason: zen-disco-node_left([node_1][I69Dcf6JRNKhthZC8DygDg][Bills-MacBook-Pro.local][inet[/10.1.10.75:9304]])
[2014-02-18 15:39:08,944][INFO ][cluster.service          ] [node_2] removed {[node_1][I69Dcf6JRNKhthZC8DygDg][Bills-MacBook-Pro.local][inet[/10.1.10.75:9304]],}, reason: zen-disco-receive(from master [[node_0][8DSXnLL8Sf-oJzt4jS0meQ][Bills-MacBook-Pro.local][inet[/10.1.10.75:9303]]])
[2014-02-18 15:39:08,946][INFO ][node                     ] [node_1] stopped
[2014-02-18 15:39:08,946][INFO ][node                     ] [node_1] closing ...
[2014-02-18 15:39:08,948][INFO ][node                     ] [node_1] closed
[2014-02-18 15:39:08,948][INFO ][test                     ] Closing node [node_2] during restart
[2014-02-18 15:39:08,949][INFO ][node                     ] [node_2] stopping ...
[2014-02-18 15:39:08,956][INFO ][cluster.service          ] [node_0] removed {[node_2][W0rTRQLoSJKlwl-yPdGW-Q][Bills-MacBook-Pro.local][inet[/10.1.10.75:9305]],}, reason: zen-disco-node_left([node_2][W0rTRQLoSJKlwl-yPdGW-Q][Bills-MacBook-Pro.local][inet[/10.1.10.75:9305]])
[2014-02-18 15:39:08,961][INFO ][node                     ] [node_2] stopped
[2014-02-18 15:39:08,961][INFO ][node                     ] [node_2] closing ...
[2014-02-18 15:39:08,963][INFO ][node                     ] [node_2] closed
[2014-02-18 15:39:08,963][INFO ][test                     ] Restarting remaining nodes rollingRestart [false]
[2014-02-18 15:39:08,963][INFO ][test                     ] Stopping node [node_0] 
[2014-02-18 15:39:08,963][INFO ][node                     ] [node_0] stopping ...
[2014-02-18 15:39:08,973][INFO ][node                     ] [node_0] stopped
[2014-02-18 15:39:08,973][INFO ][node                     ] [node_0] closing ...
[2014-02-18 15:39:08,975][INFO ][node                     ] [node_0] closed
[2014-02-18 15:39:08,975][INFO ][test                     ] Starting node [node_0] 
[2014-02-18 15:39:08,977][INFO ][node                     ] [node_0] version[1.0.0], pid[6815], build[a46900e/2014-02-18T23:32:25Z]
[2014-02-18 15:39:08,977][INFO ][node                     ] [node_0] initializing ...
[2014-02-18 15:39:08,977][INFO ][plugins                  ] [node_0] loaded [], sites []
[2014-02-18 15:39:09,021][INFO ][node                     ] [node_0] initialized
[2014-02-18 15:39:09,021][INFO ][node                     ] [node_0] starting ...
[2014-02-18 15:39:09,029][INFO ][transport                ] [node_0] bound_address {inet[/0:0:0:0:0:0:0:0:9303]}, publish_address {inet[/10.1.10.75:9303]}
[2014-02-18 15:39:12,034][INFO ][cluster.service          ] [node_0] new_master [node_0][WUTl4_jPRyC4dTOShiFqtQ][Bills-MacBook-Pro.local][inet[/10.1.10.75:9303]], reason: zen-disco-join (elected_as_master)
[2014-02-18 15:39:12,049][INFO ][discovery                ] [node_0] TEST-Bills-MacBook-Pro.local-CHILD_VM=[0]-CLUSTER_SEED=[6699544270158070950]-HASH=[135419F858008DC8]/WUTl4_jPRyC4dTOShiFqtQ
[2014-02-18 15:39:12,054][INFO ][http                     ] [node_0] bound_address {inet[/0:0:0:0:0:0:0:0:9203]}, publish_address {inet[/10.1.10.75:9203]}
[2014-02-18 15:39:12,055][INFO ][gateway                  ] [node_0] recovered [1] indices into cluster_state
[2014-02-18 15:39:12,055][INFO ][node                     ] [node_0] started
[2014-02-18 15:39:12,057][INFO ][plugins                  ] [transport_client_node_0] loaded [], sites []
[2014-02-18 15:39:12,086][INFO ][gateway.local            ] --> change the recovery.initial_shards setting, and make sure its recovered
[2014-02-18 15:39:12,116][INFO ][gateway.local            ] --> running cluster_health (wait for the shards to startup), 2 shards since we only have 1 node
[2014-02-18 15:39:12,318][INFO ][gateway.local            ] --> done cluster_health, status YELLOW
[2014-02-18 15:39:12,330][INFO ][gateway.local            ] [QuorumLocalGatewayTests#testChangeInitialShardsRecovery]: cleaning up after test
[2014-02-18 15:39:12,335][INFO ][node                     ] [node_0] stopping ...
[2014-02-18 15:39:12,344][INFO ][node                     ] [node_0] stopped
[2014-02-18 15:39:12,344][INFO ][node                     ] [node_0] closing ...
[2014-02-18 15:39:12,346][INFO ][node                     ] [node_0] closed
[2014-02-18 15:39:12,346][INFO ][gateway.local            ] [QuorumLocalGatewayTests#testChangeInitialShardsRecovery]: cleaned up after test
[2014-02-18 15:39:12,346][INFO ][test                     ] Wipe data directory for all nodes locations: [data/d0/TEST-Bills-MacBook-Pro.local-CHILD_VM=[0]-CLUSTER_SEED=[6699544270158070950]-HASH=[135419F858008DC8]/nodes/0, data/d0/TEST-Bills-MacBook-Pro.local-CHILD_VM=[0]-CLUSTER_SEED=[6699544270158070950]-HASH=[135419F858008DC8]/nodes/1, data/d0/TEST-Bills-MacBook-Pro.local-CHILD_VM=[0]-CLUSTER_SEED=[6699544270158070950]-HASH=[135419F858008DC8]/nodes/2]
[2014-02-18 15:39:12,364][INFO ][test                     ] Test testChangeInitialShardsRecovery(org.elasticsearch.gateway.local.QuorumLocalGatewayTests) finished
[2014-02-18 15:39:12,365][INFO ][test                     ] Test testQuorumRecovery(org.elasticsearch.gateway.local.QuorumLocalGatewayTests) started
[2014-02-18 15:39:12,366][INFO ][test                     ] Setup TestCluster [TEST-Bills-MacBook-Pro.local-CHILD_VM=[0]-CLUSTER_SEED=[6267377877289643054]-HASH=[135419FB69C3FAD8]] with seed [56FA32F930FDAC2E] using [0] nodes
[2014-02-18 15:39:12,366][INFO ][gateway.local            ] [QuorumLocalGatewayTests#testQuorumRecovery]: before test
[2014-02-18 15:39:12,366][INFO ][gateway.local            ] --> starting 3 nodes
[2014-02-18 15:39:12,369][INFO ][node                     ] [node_0] version[1.0.0], pid[6815], build[a46900e/2014-02-18T23:32:25Z]
[2014-02-18 15:39:12,369][INFO ][node                     ] [node_0] initializing ...
[2014-02-18 15:39:12,369][INFO ][plugins                  ] [node_0] loaded [], sites []
[2014-02-18 15:39:12,407][INFO ][node                     ] [node_0] initialized
[2014-02-18 15:39:12,407][INFO ][node                     ] [node_0] starting ...
[2014-02-18 15:39:12,413][INFO ][transport                ] [node_0] bound_address {inet[/0:0:0:0:0:0:0:0:9303]}, publish_address {inet[/10.1.10.75:9303]}
[2014-02-18 15:39:15,418][INFO ][cluster.service          ] [node_0] new_master [node_0][S9JsYZv7R5OgU2J4GaurGg][Bills-MacBook-Pro.local][inet[/10.1.10.75:9303]], reason: zen-disco-join (elected_as_master)
[2014-02-18 15:39:15,433][INFO ][discovery                ] [node_0] TEST-Bills-MacBook-Pro.local-CHILD_VM=[0]-CLUSTER_SEED=[6267377877289643054]-HASH=[135419FB69C3FAD8]/S9JsYZv7R5OgU2J4GaurGg
[2014-02-18 15:39:15,436][INFO ][http                     ] [node_0] bound_address {inet[/0:0:0:0:0:0:0:0:9203]}, publish_address {inet[/10.1.10.75:9203]}
[2014-02-18 15:39:15,440][INFO ][gateway                  ] [node_0] recovered [0] indices into cluster_state
[2014-02-18 15:39:15,441][INFO ][node                     ] [node_0] started
[2014-02-18 15:39:15,442][INFO ][node                     ] [node_1] version[1.0.0], pid[6815], build[a46900e/2014-02-18T23:32:25Z]
[2014-02-18 15:39:15,442][INFO ][node                     ] [node_1] initializing ...
[2014-02-18 15:39:15,442][INFO ][plugins                  ] [node_1] loaded [], sites []
[2014-02-18 15:39:15,479][INFO ][node                     ] [node_1] initialized
[2014-02-18 15:39:15,479][INFO ][node                     ] [node_1] starting ...
[2014-02-18 15:39:15,485][INFO ][transport                ] [node_1] bound_address {inet[/0:0:0:0:0:0:0:0:9304]}, publish_address {inet[/10.1.10.75:9304]}
[2014-02-18 15:39:18,508][INFO ][cluster.service          ] [node_0] added {[node_1][9tLCDj6MQx-oHqg4tR095A][Bills-MacBook-Pro.local][inet[/10.1.10.75:9304]],}, reason: zen-disco-receive(join from node[[node_1][9tLCDj6MQx-oHqg4tR095A][Bills-MacBook-Pro.local][inet[/10.1.10.75:9304]]])
[2014-02-18 15:39:18,509][INFO ][cluster.service          ] [node_1] detected_master [node_0][S9JsYZv7R5OgU2J4GaurGg][Bills-MacBook-Pro.local][inet[/10.1.10.75:9303]], added {[node_0][S9JsYZv7R5OgU2J4GaurGg][Bills-MacBook-Pro.local][inet[/10.1.10.75:9303]],}, reason: zen-disco-receive(from master [[node_0][S9JsYZv7R5OgU2J4GaurGg][Bills-MacBook-Pro.local][inet[/10.1.10.75:9303]]])
[2014-02-18 15:39:18,533][INFO ][discovery                ] [node_1] TEST-Bills-MacBook-Pro.local-CHILD_VM=[0]-CLUSTER_SEED=[6267377877289643054]-HASH=[135419FB69C3FAD8]/9tLCDj6MQx-oHqg4tR095A
[2014-02-18 15:39:18,541][INFO ][http                     ] [node_1] bound_address {inet[/0:0:0:0:0:0:0:0:9204]}, publish_address {inet[/10.1.10.75:9204]}
[2014-02-18 15:39:18,542][INFO ][node                     ] [node_1] started
[2014-02-18 15:39:18,543][INFO ][node                     ] [node_2] version[1.0.0], pid[6815], build[a46900e/2014-02-18T23:32:25Z]
[2014-02-18 15:39:18,544][INFO ][node                     ] [node_2] initializing ...
[2014-02-18 15:39:18,544][INFO ][plugins                  ] [node_2] loaded [], sites []
[2014-02-18 15:39:18,614][INFO ][node                     ] [node_2] initialized
[2014-02-18 15:39:18,614][INFO ][node                     ] [node_2] starting ...
[2014-02-18 15:39:18,629][INFO ][transport                ] [node_2] bound_address {inet[/0:0:0:0:0:0:0:0:9305]}, publish_address {inet[/10.1.10.75:9305]}
[2014-02-18 15:39:21,658][INFO ][cluster.service          ] [node_0] added {[node_2][54D1r1D5R2WhqgVJmiQRMw][Bills-MacBook-Pro.local][inet[/10.1.10.75:9305]],}, reason: zen-disco-receive(join from node[[node_2][54D1r1D5R2WhqgVJmiQRMw][Bills-MacBook-Pro.local][inet[/10.1.10.75:9305]]])
[2014-02-18 15:39:21,659][INFO ][cluster.service          ] [node_1] added {[node_2][54D1r1D5R2WhqgVJmiQRMw][Bills-MacBook-Pro.local][inet[/10.1.10.75:9305]],}, reason: zen-disco-receive(from master [[node_0][S9JsYZv7R5OgU2J4GaurGg][Bills-MacBook-Pro.local][inet[/10.1.10.75:9303]]])
[2014-02-18 15:39:21,660][INFO ][cluster.service          ] [node_2] detected_master [node_0][S9JsYZv7R5OgU2J4GaurGg][Bills-MacBook-Pro.local][inet[/10.1.10.75:9303]], added {[node_1][9tLCDj6MQx-oHqg4tR095A][Bills-MacBook-Pro.local][inet[/10.1.10.75:9304]],[node_0][S9JsYZv7R5OgU2J4GaurGg][Bills-MacBook-Pro.local][inet[/10.1.10.75:9303]],}, reason: zen-disco-receive(from master [[node_0][S9JsYZv7R5OgU2J4GaurGg][Bills-MacBook-Pro.local][inet[/10.1.10.75:9303]]])
[2014-02-18 15:39:21,693][INFO ][discovery                ] [node_2] TEST-Bills-MacBook-Pro.local-CHILD_VM=[0]-CLUSTER_SEED=[6267377877289643054]-HASH=[135419FB69C3FAD8]/54D1r1D5R2WhqgVJmiQRMw
[2014-02-18 15:39:21,697][INFO ][http                     ] [node_2] bound_address {inet[/0:0:0:0:0:0:0:0:9205]}, publish_address {inet[/10.1.10.75:9205]}
[2014-02-18 15:39:21,698][INFO ][node                     ] [node_2] started
[2014-02-18 15:39:21,698][INFO ][gateway.local            ] --> indexing...
[2014-02-18 15:39:21,708][INFO ][cluster.metadata         ] [node_0] [test] creating index, cause [auto(index api)], shards [2]/[2], mappings []
[2014-02-18 15:39:21,795][INFO ][cluster.metadata         ] [node_0] [test] update_mapping [type1] (dynamic)
[2014-02-18 15:39:21,861][INFO ][gateway.local            ] --> running cluster_health (wait for the shards to startup)
[2014-02-18 15:39:21,861][INFO ][gateway.local            ] --> done cluster_health, status GREEN
[2014-02-18 15:39:21,872][INFO ][discovery.zen            ] [node_2] updating discovery.zen.minimum_master_nodes from [-1] to [2]
[2014-02-18 15:39:21,872][INFO ][discovery.zen            ] [node_1] updating discovery.zen.minimum_master_nodes from [-1] to [2]
[2014-02-18 15:39:21,873][INFO ][discovery.zen            ] [node_0] updating discovery.zen.minimum_master_nodes from [-1] to [2]
[2014-02-18 15:39:21,876][INFO ][gateway.local            ] --> restart all nodes
[2014-02-18 15:39:21,876][INFO ][test                     ] Restarting remaining nodes rollingRestart [false]
[2014-02-18 15:39:21,876][INFO ][test                     ] Stopping node [node_0] 
[2014-02-18 15:39:21,877][INFO ][node                     ] [node_0] stopping ...
[2014-02-18 15:39:21,883][INFO ][discovery.zen            ] [node_1] master_left [[node_0][S9JsYZv7R5OgU2J4GaurGg][Bills-MacBook-Pro.local][inet[/10.1.10.75:9303]]], reason [shut_down]
[2014-02-18 15:39:21,883][INFO ][discovery.zen            ] [node_2] master_left [[node_0][S9JsYZv7R5OgU2J4GaurGg][Bills-MacBook-Pro.local][inet[/10.1.10.75:9303]]], reason [shut_down]
[2014-02-18 15:39:21,886][INFO ][cluster.service          ] [node_1] master {new [node_2][54D1r1D5R2WhqgVJmiQRMw][Bills-MacBook-Pro.local][inet[/10.1.10.75:9305]], previous [node_0][S9JsYZv7R5OgU2J4GaurGg][Bills-MacBook-Pro.local][inet[/10.1.10.75:9303]]}, removed {[node_0][S9JsYZv7R5OgU2J4GaurGg][Bills-MacBook-Pro.local][inet[/10.1.10.75:9303]],}, reason: zen-disco-master_failed ([node_0][S9JsYZv7R5OgU2J4GaurGg][Bills-MacBook-Pro.local][inet[/10.1.10.75:9303]])
[2014-02-18 15:39:21,890][INFO ][node                     ] [node_0] stopped
[2014-02-18 15:39:21,892][INFO ][node                     ] [node_0] closing ...
[2014-02-18 15:39:21,896][INFO ][cluster.service          ] [node_2] master {new [node_2][54D1r1D5R2WhqgVJmiQRMw][Bills-MacBook-Pro.local][inet[/10.1.10.75:9305]], previous [node_0][S9JsYZv7R5OgU2J4GaurGg][Bills-MacBook-Pro.local][inet[/10.1.10.75:9303]]}, removed {[node_0][S9JsYZv7R5OgU2J4GaurGg][Bills-MacBook-Pro.local][inet[/10.1.10.75:9303]],}, reason: zen-disco-master_failed ([node_0][S9JsYZv7R5OgU2J4GaurGg][Bills-MacBook-Pro.local][inet[/10.1.10.75:9303]])
[2014-02-18 15:39:21,896][INFO ][node                     ] [node_0] closed
[2014-02-18 15:39:21,898][INFO ][gateway.local            ] --> running cluster_health (wait for the shards to startup)
[2014-02-18 15:39:21,898][INFO ][gateway.local            ] --> done cluster_health, status GREEN
[2014-02-18 15:39:21,900][INFO ][gateway.local            ] --> running cluster_health (wait for the shards to startup)
[2014-02-18 15:39:21,901][INFO ][gateway.local            ] --> done cluster_health, status GREEN
[2014-02-18 15:39:21,903][INFO ][gateway.local            ] --> running cluster_health (wait for the shards to startup)
[2014-02-18 15:39:21,904][INFO ][gateway.local            ] --> done cluster_health, status YELLOW
[2014-02-18 15:39:21,904][INFO ][gateway.local            ] --> one node is closed -- index 1 document into the remaining nodes
[2014-02-18 15:39:21,932][INFO ][test                     ] Stopping node [node_1] 
[2014-02-18 15:39:21,933][INFO ][node                     ] [node_1] stopping ...
[2014-02-18 15:39:21,943][INFO ][cluster.service          ] [node_2] removed {[node_1][9tLCDj6MQx-oHqg4tR095A][Bills-MacBook-Pro.local][inet[/10.1.10.75:9304]],}, reason: zen-disco-node_left([node_1][9tLCDj6MQx-oHqg4tR095A][Bills-MacBook-Pro.local][inet[/10.1.10.75:9304]])
[2014-02-18 15:39:21,948][INFO ][node                     ] [node_1] stopped
[2014-02-18 15:39:21,948][INFO ][node                     ] [node_1] closing ...
[2014-02-18 15:39:21,949][INFO ][node                     ] [node_1] closed
[2014-02-18 15:39:21,950][INFO ][test                     ] Stopping node [node_2] 
[2014-02-18 15:39:21,950][INFO ][node                     ] [node_2] stopping ...
[2014-02-18 15:39:21,959][INFO ][node                     ] [node_2] stopped
[2014-02-18 15:39:21,959][INFO ][node                     ] [node_2] closing ...
[2014-02-18 15:39:21,961][INFO ][node                     ] [node_2] closed
[2014-02-18 15:39:21,961][INFO ][test                     ] Starting node [node_0] 
[2014-02-18 15:39:21,963][INFO ][node                     ] [node_0] version[1.0.0], pid[6815], build[a46900e/2014-02-18T23:32:25Z]
[2014-02-18 15:39:21,963][INFO ][node                     ] [node_0] initializing ...
[2014-02-18 15:39:21,963][INFO ][plugins                  ] [node_0] loaded [], sites []
[2014-02-18 15:39:22,000][INFO ][node                     ] [node_0] initialized
[2014-02-18 15:39:22,000][INFO ][node                     ] [node_0] starting ...
[2014-02-18 15:39:22,007][INFO ][transport                ] [node_0] bound_address {inet[/0:0:0:0:0:0:0:0:9303]}, publish_address {inet[/10.1.10.75:9303]}
[2014-02-18 15:39:25,013][INFO ][cluster.service          ] [node_0] new_master [node_0][5nKyZjIMSLWleI7TV_Icmw][Bills-MacBook-Pro.local][inet[/10.1.10.75:9303]], reason: zen-disco-join (elected_as_master)
[2014-02-18 15:39:25,033][INFO ][discovery                ] [node_0] TEST-Bills-MacBook-Pro.local-CHILD_VM=[0]-CLUSTER_SEED=[6267377877289643054]-HASH=[135419FB69C3FAD8]/5nKyZjIMSLWleI7TV_Icmw
[2014-02-18 15:39:25,040][INFO ][http                     ] [node_0] bound_address {inet[/0:0:0:0:0:0:0:0:9203]}, publish_address {inet[/10.1.10.75:9203]}
[2014-02-18 15:39:25,045][INFO ][gateway                  ] [node_0] recovered [1] indices into cluster_state
[2014-02-18 15:39:25,046][INFO ][node                     ] [node_0] started
[2014-02-18 15:39:25,046][INFO ][test                     ] Starting node [node_1] 
[2014-02-18 15:39:25,050][INFO ][node                     ] [node_1] version[1.0.0], pid[6815], build[a46900e/2014-02-18T23:32:25Z]
[2014-02-18 15:39:25,050][INFO ][node                     ] [node_1] initializing ...
[2014-02-18 15:39:25,051][INFO ][plugins                  ] [node_1] loaded [], sites []
[2014-02-18 15:39:25,116][INFO ][node                     ] [node_1] initialized
[2014-02-18 15:39:25,116][INFO ][node                     ] [node_1] starting ...
[2014-02-18 15:39:25,127][INFO ][transport                ] [node_1] bound_address {inet[/0:0:0:0:0:0:0:0:9304]}, publish_address {inet[/10.1.10.75:9304]}
[2014-02-18 15:39:28,148][INFO ][cluster.service          ] [node_0] added {[node_1][3EOLtnJFQF6Bill4kyTFXg][Bills-MacBook-Pro.local][inet[/10.1.10.75:9304]],}, reason: zen-disco-receive(join from node[[node_1][3EOLtnJFQF6Bill4kyTFXg][Bills-MacBook-Pro.local][inet[/10.1.10.75:9304]]])
[2014-02-18 15:39:28,149][INFO ][cluster.service          ] [node_1] detected_master [node_0][5nKyZjIMSLWleI7TV_Icmw][Bills-MacBook-Pro.local][inet[/10.1.10.75:9303]], added {[node_0][5nKyZjIMSLWleI7TV_Icmw][Bills-MacBook-Pro.local][inet[/10.1.10.75:9303]],}, reason: zen-disco-receive(from master [[node_0][5nKyZjIMSLWleI7TV_Icmw][Bills-MacBook-Pro.local][inet[/10.1.10.75:9303]]])
[2014-02-18 15:39:28,172][INFO ][discovery                ] [node_1] TEST-Bills-MacBook-Pro.local-CHILD_VM=[0]-CLUSTER_SEED=[6267377877289643054]-HASH=[135419FB69C3FAD8]/3EOLtnJFQF6Bill4kyTFXg
[2014-02-18 15:39:28,177][INFO ][http                     ] [node_1] bound_address {inet[/0:0:0:0:0:0:0:0:9204]}, publish_address {inet[/10.1.10.75:9204]}
[2014-02-18 15:39:28,177][INFO ][node                     ] [node_1] started
[2014-02-18 15:39:28,177][INFO ][test                     ] Starting node [node_2] 
[2014-02-18 15:39:28,180][INFO ][node                     ] [node_2] version[1.0.0], pid[6815], build[a46900e/2014-02-18T23:32:25Z]
[2014-02-18 15:39:28,180][INFO ][node                     ] [node_2] initializing ...
[2014-02-18 15:39:28,180][INFO ][plugins                  ] [node_2] loaded [], sites []
[2014-02-18 15:39:28,244][INFO ][node                     ] [node_2] initialized
[2014-02-18 15:39:28,244][INFO ][node                     ] [node_2] starting ...
[2014-02-18 15:39:28,251][INFO ][transport                ] [node_2] bound_address {inet[/0:0:0:0:0:0:0:0:9305]}, publish_address {inet[/10.1.10.75:9305]}
[2014-02-18 15:39:31,272][INFO ][cluster.service          ] [node_0] added {[node_2][iGAoL-hnTPeZmuj_LWVPvQ][Bills-MacBook-Pro.local][inet[/10.1.10.75:9305]],}, reason: zen-disco-receive(join from node[[node_2][iGAoL-hnTPeZmuj_LWVPvQ][Bills-MacBook-Pro.local][inet[/10.1.10.75:9305]]])
[2014-02-18 15:39:31,273][INFO ][cluster.service          ] [node_1] added {[node_2][iGAoL-hnTPeZmuj_LWVPvQ][Bills-MacBook-Pro.local][inet[/10.1.10.75:9305]],}, reason: zen-disco-receive(from master [[node_0][5nKyZjIMSLWleI7TV_Icmw][Bills-MacBook-Pro.local][inet[/10.1.10.75:9303]]])
[2014-02-18 15:39:31,273][INFO ][cluster.service          ] [node_2] detected_master [node_0][5nKyZjIMSLWleI7TV_Icmw][Bills-MacBook-Pro.local][inet[/10.1.10.75:9303]], added {[node_0][5nKyZjIMSLWleI7TV_Icmw][Bills-MacBook-Pro.local][inet[/10.1.10.75:9303]],[node_1][3EOLtnJFQF6Bill4kyTFXg][Bills-MacBook-Pro.local][inet[/10.1.10.75:9304]],}, reason: zen-disco-receive(from master [[node_0][5nKyZjIMSLWleI7TV_Icmw][Bills-MacBook-Pro.local][inet[/10.1.10.75:9303]]])
[2014-02-18 15:39:31,300][INFO ][discovery                ] [node_2] TEST-Bills-MacBook-Pro.local-CHILD_VM=[0]-CLUSTER_SEED=[6267377877289643054]-HASH=[135419FB69C3FAD8]/iGAoL-hnTPeZmuj_LWVPvQ
[2014-02-18 15:39:31,305][INFO ][http                     ] [node_2] bound_address {inet[/0:0:0:0:0:0:0:0:9205]}, publish_address {inet[/10.1.10.75:9205]}
[2014-02-18 15:39:31,305][INFO ][node                     ] [node_2] started
[2014-02-18 15:39:31,305][INFO ][gateway.local            ] --> all nodes are started back, verifying we got the latest version
[2014-02-18 15:39:31,305][INFO ][gateway.local            ] --> running cluster_health (wait for the shards to startup)
[2014-02-18 15:39:31,507][INFO ][gateway.local            ] --> done cluster_health, status GREEN
[2014-02-18 15:39:31,512][INFO ][plugins                  ] [transport_client_node_0] loaded [], sites []
[2014-02-18 15:39:31,542][INFO ][gateway.local            ] [QuorumLocalGatewayTests#testQuorumRecovery]: cleaning up after test
[2014-02-18 15:39:31,546][INFO ][node                     ] [node_0] stopping ...
[2014-02-18 15:39:31,551][INFO ][discovery.zen            ] [node_1] master_left [[node_0][5nKyZjIMSLWleI7TV_Icmw][Bills-MacBook-Pro.local][inet[/10.1.10.75:9303]]], reason [shut_down]
[2014-02-18 15:39:31,551][INFO ][discovery.zen            ] [node_2] master_left [[node_0][5nKyZjIMSLWleI7TV_Icmw][Bills-MacBook-Pro.local][inet[/10.1.10.75:9303]]], reason [shut_down]
[2014-02-18 15:39:31,551][INFO ][cluster.service          ] [node_1] master {new [node_1][3EOLtnJFQF6Bill4kyTFXg][Bills-MacBook-Pro.local][inet[/10.1.10.75:9304]], previous [node_0][5nKyZjIMSLWleI7TV_Icmw][Bills-MacBook-Pro.local][inet[/10.1.10.75:9303]]}, removed {[node_0][5nKyZjIMSLWleI7TV_Icmw][Bills-MacBook-Pro.local][inet[/10.1.10.75:9303]],}, reason: zen-disco-master_failed ([node_0][5nKyZjIMSLWleI7TV_Icmw][Bills-MacBook-Pro.local][inet[/10.1.10.75:9303]])
[2014-02-18 15:39:31,552][INFO ][cluster.service          ] [node_2] master {new [node_1][3EOLtnJFQF6Bill4kyTFXg][Bills-MacBook-Pro.local][inet[/10.1.10.75:9304]], previous [node_0][5nKyZjIMSLWleI7TV_Icmw][Bills-MacBook-Pro.local][inet[/10.1.10.75:9303]]}, removed {[node_0][5nKyZjIMSLWleI7TV_Icmw][Bills-MacBook-Pro.local][inet[/10.1.10.75:9303]],}, reason: zen-disco-master_failed ([node_0][5nKyZjIMSLWleI7TV_Icmw][Bills-MacBook-Pro.local][inet[/10.1.10.75:9303]])
[2014-02-18 15:39:31,556][INFO ][node                     ] [node_0] stopped
[2014-02-18 15:39:31,557][INFO ][node                     ] [node_0] closing ...
[2014-02-18 15:39:31,558][INFO ][node                     ] [node_0] closed
[2014-02-18 15:39:31,559][INFO ][node                     ] [node_1] stopping ...
[2014-02-18 15:39:31,564][INFO ][discovery.zen            ] [node_2] master_left [[node_1][3EOLtnJFQF6Bill4kyTFXg][Bills-MacBook-Pro.local][inet[/10.1.10.75:9304]]], reason [shut_down]
[2014-02-18 15:39:31,565][INFO ][cluster.service          ] [node_2] master {new [node_2][iGAoL-hnTPeZmuj_LWVPvQ][Bills-MacBook-Pro.local][inet[/10.1.10.75:9305]], previous [node_1][3EOLtnJFQF6Bill4kyTFXg][Bills-MacBook-Pro.local][inet[/10.1.10.75:9304]]}, removed {[node_1][3EOLtnJFQF6Bill4kyTFXg][Bills-MacBook-Pro.local][inet[/10.1.10.75:9304]],}, reason: zen-disco-master_failed ([node_1][3EOLtnJFQF6Bill4kyTFXg][Bills-MacBook-Pro.local][inet[/10.1.10.75:9304]])
[2014-02-18 15:39:31,568][INFO ][node                     ] [node_1] stopped
[2014-02-18 15:39:31,568][INFO ][node                     ] [node_1] closing ...
[2014-02-18 15:39:31,570][INFO ][node                     ] [node_1] closed
[2014-02-18 15:39:31,570][INFO ][node                     ] [node_2] stopping ...
[2014-02-18 15:39:31,582][INFO ][node                     ] [node_2] stopped
[2014-02-18 15:39:31,582][INFO ][node                     ] [node_2] closing ...
[2014-02-18 15:39:31,584][INFO ][node                     ] [node_2] closed
[2014-02-18 15:39:31,584][INFO ][gateway.local            ] [QuorumLocalGatewayTests#testQuorumRecovery]: cleaned up after test
[2014-02-18 15:39:31,584][INFO ][test                     ] Wipe data directory for all nodes locations: [data/d0/TEST-Bills-MacBook-Pro.local-CHILD_VM=[0]-CLUSTER_SEED=[6267377877289643054]-HASH=[135419FB69C3FAD8]/nodes/1, data/d0/TEST-Bills-MacBook-Pro.local-CHILD_VM=[0]-CLUSTER_SEED=[6267377877289643054]-HASH=[135419FB69C3FAD8]/nodes/0, data/d0/TEST-Bills-MacBook-Pro.local-CHILD_VM=[0]-CLUSTER_SEED=[6267377877289643054]-HASH=[135419FB69C3FAD8]/nodes/2]
[2014-02-18 15:39:31,606][INFO ][test                     ] Test testQuorumRecovery(org.elasticsearch.gateway.local.QuorumLocalGatewayTests) finished
]]></system-out>
   <system-err><![CDATA[]]></system-err>
</testsuite>