<testsuite errors="0" failures="0" tests="1" skipped="0" name="org.elasticsearch.operateAllIndices.DestructiveOperationsIntegrationTests" hostname="nohost.nodomain" time="22.267" timestamp="2014-02-18T15:34:10">
   <properties class="java.util.ArrayList">
      <property name="awt.toolkit" value="sun.lwawt.macosx.LWCToolkit"/>
      <property name="es.logger.level" value="INFO"/>
      <property name="es.logger.prefix" value=""/>
      <property name="es.node.local" value=""/>
      <property name="es.node.mode" value=""/>
      <property name="file.encoding" value="UTF-8"/>
      <property name="file.encoding.pkg" value="sun.io"/>
      <property name="file.separator" value="/"/>
      <property name="ftp.nonProxyHosts" value="local|*.local|169.254/16|*.169.254/16"/>
      <property name="gopherProxySet" value="false"/>
      <property name="http.nonProxyHosts" value="local|*.local|169.254/16|*.169.254/16"/>
      <property name="java.awt.graphicsenv" value="sun.awt.CGraphicsEnvironment"/>
      <property name="java.awt.headless" value="true"/>
      <property name="java.awt.printerjob" value="sun.lwawt.macosx.CPrinterJob"/>
      <property name="java.class.path" value="/Users/bhwang/elasticsearch/target/test-classes:/Users/bhwang/elasticsearch/target/classes:/Users/bhwang/.m2/repository/org/hamcrest/hamcrest-all/1.3/hamcrest-all-1.3.jar:/Users/bhwang/.m2/repository/com/carrotsearch/randomizedtesting/randomizedtesting-runner/2.0.15/randomizedtesting-runner-2.0.15.jar:/Users/bhwang/.m2/repository/junit/junit/4.10/junit-4.10.jar:/Users/bhwang/.m2/repository/org/apache/lucene/lucene-test-framework/4.6.1/lucene-test-framework-4.6.1.jar:/Users/bhwang/.m2/repository/org/apache/lucene/lucene-expressions/4.6.1/lucene-expressions-4.6.1.jar:/Users/bhwang/.m2/repository/org/antlr/antlr-runtime/3.5/antlr-runtime-3.5.jar:/Users/bhwang/.m2/repository/org/ow2/asm/asm/4.1/asm-4.1.jar:/Users/bhwang/.m2/repository/org/ow2/asm/asm-commons/4.1/asm-commons-4.1.jar:/Users/bhwang/.m2/repository/org/apache/httpcomponents/httpclient/4.3.1/httpclient-4.3.1.jar:/Users/bhwang/.m2/repository/org/apache/httpcomponents/httpcore/4.3/httpcore-4.3.jar:/Users/bhwang/.m2/repository/commons-logging/commons-logging/1.1.3/commons-logging-1.1.3.jar:/Users/bhwang/.m2/repository/commons-codec/commons-codec/1.6/commons-codec-1.6.jar:/Users/bhwang/.m2/repository/org/apache/lucene/lucene-core/4.6.1/lucene-core-4.6.1.jar:/Users/bhwang/.m2/repository/org/apache/lucene/lucene-analyzers-common/4.6.1/lucene-analyzers-common-4.6.1.jar:/Users/bhwang/.m2/repository/org/apache/lucene/lucene-codecs/4.6.1/lucene-codecs-4.6.1.jar:/Users/bhwang/.m2/repository/org/apache/lucene/lucene-queries/4.6.1/lucene-queries-4.6.1.jar:/Users/bhwang/.m2/repository/org/apache/lucene/lucene-memory/4.6.1/lucene-memory-4.6.1.jar:/Users/bhwang/.m2/repository/org/apache/lucene/lucene-highlighter/4.6.1/lucene-highlighter-4.6.1.jar:/Users/bhwang/.m2/repository/org/apache/lucene/lucene-queryparser/4.6.1/lucene-queryparser-4.6.1.jar:/Users/bhwang/.m2/repository/org/apache/lucene/lucene-sandbox/4.6.1/lucene-sandbox-4.6.1.jar:/Users/bhwang/.m2/repository/org/apache/lucene/lucene-suggest/4.6.1/lucene-suggest-4.6.1.jar:/Users/bhwang/.m2/repository/org/apache/lucene/lucene-misc/4.6.1/lucene-misc-4.6.1.jar:/Users/bhwang/.m2/repository/org/apache/lucene/lucene-join/4.6.1/lucene-join-4.6.1.jar:/Users/bhwang/.m2/repository/org/apache/lucene/lucene-grouping/4.6.1/lucene-grouping-4.6.1.jar:/Users/bhwang/.m2/repository/org/apache/lucene/lucene-spatial/4.6.1/lucene-spatial-4.6.1.jar:/Users/bhwang/.m2/repository/com/spatial4j/spatial4j/0.3/spatial4j-0.3.jar:/Users/bhwang/.m2/repository/com/vividsolutions/jts/1.12/jts-1.12.jar:/Users/bhwang/.m2/repository/com/google/guava/guava/16.0/guava-16.0.jar:/Users/bhwang/.m2/repository/com/carrotsearch/hppc/0.5.3/hppc-0.5.3.jar:/Users/bhwang/.m2/repository/joda-time/joda-time/2.3/joda-time-2.3.jar:/Users/bhwang/.m2/repository/org/joda/joda-convert/1.2/joda-convert-1.2.jar:/Users/bhwang/.m2/repository/org/mvel/mvel2/2.1.5.Final/mvel2-2.1.5.Final.jar:/Users/bhwang/.m2/repository/com/fasterxml/jackson/core/jackson-core/2.3.0/jackson-core-2.3.0.jar:/Users/bhwang/.m2/repository/com/fasterxml/jackson/dataformat/jackson-dataformat-smile/2.3.0/jackson-dataformat-smile-2.3.0.jar:/Users/bhwang/.m2/repository/com/fasterxml/jackson/dataformat/jackson-dataformat-yaml/2.3.0/jackson-dataformat-yaml-2.3.0.jar:/Users/bhwang/.m2/repository/io/netty/netty/3.9.0.Final/netty-3.9.0.Final.jar:/Users/bhwang/.m2/repository/com/ning/compress-lzf/0.9.6/compress-lzf-0.9.6.jar:/Users/bhwang/.m2/repository/log4j/log4j/1.2.17/log4j-1.2.17.jar:/Users/bhwang/.m2/repository/org/slf4j/slf4j-api/1.6.2/slf4j-api-1.6.2.jar:/Users/bhwang/.m2/repository/net/java/dev/jna/jna/3.3.0/jna-3.3.0.jar:/Users/bhwang/.m2/repository/org/fusesource/sigar/1.6.4/sigar-1.6.4.jar:/Users/bhwang/.m2/repository/com/carrotsearch/randomizedtesting/junit4-ant/2.0.15/junit4-ant-2.0.15.jar"/>
      <property name="java.class.version" value="51.0"/>
      <property name="java.endorsed.dirs" value="/Library/Java/JavaVirtualMachines/jdk1.7.0_45.jdk/Contents/Home/jre/lib/endorsed"/>
      <property name="java.ext.dirs" value="/Users/bhwang/Library/Java/Extensions:/Library/Java/JavaVirtualMachines/jdk1.7.0_45.jdk/Contents/Home/jre/lib/ext:/Library/Java/Extensions:/Network/Library/Java/Extensions:/System/Library/Java/Extensions:/usr/lib/java"/>
      <property name="java.home" value="/Library/Java/JavaVirtualMachines/jdk1.7.0_45.jdk/Contents/Home/jre"/>
      <property name="java.io.tmpdir" value="."/>
      <property name="java.library.path" value="/Users/bhwang/Library/Java/Extensions:/Library/Java/Extensions:/Network/Library/Java/Extensions:/System/Library/Java/Extensions:/usr/lib/java:."/>
      <property name="java.runtime.name" value="Java(TM) SE Runtime Environment"/>
      <property name="java.runtime.version" value="1.7.0_45-b18"/>
      <property name="java.security.policy" value="/Users/bhwang/elasticsearch/dev-tools/tests.policy"/>
      <property name="java.specification.name" value="Java Platform API Specification"/>
      <property name="java.specification.vendor" value="Oracle Corporation"/>
      <property name="java.specification.version" value="1.7"/>
      <property name="java.vendor" value="Oracle Corporation"/>
      <property name="java.vendor.url" value="http://java.oracle.com/"/>
      <property name="java.vendor.url.bug" value="http://bugreport.sun.com/bugreport/"/>
      <property name="java.version" value="1.7.0_45"/>
      <property name="java.vm.info" value="mixed mode"/>
      <property name="java.vm.name" value="Java HotSpot(TM) 64-Bit Server VM"/>
      <property name="java.vm.specification.name" value="Java Virtual Machine Specification"/>
      <property name="java.vm.specification.vendor" value="Oracle Corporation"/>
      <property name="java.vm.specification.version" value="1.7"/>
      <property name="java.vm.vendor" value="Oracle Corporation"/>
      <property name="java.vm.version" value="24.45-b08"/>
      <property name="junit4.childvm.cwd" value="/Users/bhwang/elasticsearch/target/J0"/>
      <property name="junit4.childvm.id" value="0"/>
      <property name="junit4.memory.total" value="128974848"/>
      <property name="junit4.pidString" value="6815@Bills-MacBook-Pro.local"/>
      <property name="junit4.processors" value="4"/>
      <property name="junit4.tempDir" value="/Users/bhwang/elasticsearch/target"/>
      <property name="line.separator" value="
"/>
      <property name="os.arch" value="x86_64"/>
      <property name="os.name" value="Mac OS X"/>
      <property name="os.version" value="10.9.1"/>
      <property name="path.separator" value=":"/>
      <property name="socksNonProxyHosts" value="local|*.local|169.254/16|*.169.254/16"/>
      <property name="sun.arch.data.model" value="64"/>
      <property name="sun.boot.class.path" value="/Library/Java/JavaVirtualMachines/jdk1.7.0_45.jdk/Contents/Home/jre/lib/resources.jar:/Library/Java/JavaVirtualMachines/jdk1.7.0_45.jdk/Contents/Home/jre/lib/rt.jar:/Library/Java/JavaVirtualMachines/jdk1.7.0_45.jdk/Contents/Home/jre/lib/sunrsasign.jar:/Library/Java/JavaVirtualMachines/jdk1.7.0_45.jdk/Contents/Home/jre/lib/jsse.jar:/Library/Java/JavaVirtualMachines/jdk1.7.0_45.jdk/Contents/Home/jre/lib/jce.jar:/Library/Java/JavaVirtualMachines/jdk1.7.0_45.jdk/Contents/Home/jre/lib/charsets.jar:/Library/Java/JavaVirtualMachines/jdk1.7.0_45.jdk/Contents/Home/jre/lib/jfr.jar:/Library/Java/JavaVirtualMachines/jdk1.7.0_45.jdk/Contents/Home/jre/lib/JObjC.jar:/Library/Java/JavaVirtualMachines/jdk1.7.0_45.jdk/Contents/Home/jre/classes"/>
      <property name="sun.boot.library.path" value="/Library/Java/JavaVirtualMachines/jdk1.7.0_45.jdk/Contents/Home/jre/lib"/>
      <property name="sun.cpu.endian" value="little"/>
      <property name="sun.cpu.isalist" value=""/>
      <property name="sun.io.unicode.encoding" value="UnicodeBig"/>
      <property name="sun.java.command" value="com.carrotsearch.ant.tasks.junit4.slave.SlaveMainSafe -flush -eventsfile /Users/bhwang/elasticsearch/target/junit4-J0-20140218_153326_767.events @/Users/bhwang/elasticsearch/target/junit4-J0-20140218_153326_767.suites -stdin"/>
      <property name="sun.java.launcher" value="SUN_STANDARD"/>
      <property name="sun.jnu.encoding" value="UTF-8"/>
      <property name="sun.management.compiler" value="HotSpot 64-Bit Tiered Compilers"/>
      <property name="sun.os.patch.level" value="unknown"/>
      <property name="tests.appendseed" value=""/>
      <property name="tests.assertion.disabled" value=""/>
      <property name="tests.awaitsfix" value=""/>
      <property name="tests.badapples" value=""/>
      <property name="tests.class" value=""/>
      <property name="tests.client.ratio" value=""/>
      <property name="tests.cluster_seed" value=""/>
      <property name="tests.enable_mock_modules" value=""/>
      <property name="tests.failfast" value=""/>
      <property name="tests.integration" value=""/>
      <property name="tests.iters" value=""/>
      <property name="tests.jvm.argline" value=""/>
      <property name="tests.maxfailures" value=""/>
      <property name="tests.method" value=""/>
      <property name="tests.network" value=""/>
      <property name="tests.nightly" value=""/>
      <property name="tests.prefix" value="tests"/>
      <property name="tests.rest" value=""/>
      <property name="tests.rest.spec" value=""/>
      <property name="tests.rest.suite" value=""/>
      <property name="tests.security.manager" value=""/>
      <property name="tests.seed" value="A89B4FF56754358E"/>
      <property name="tests.showSuccess" value=""/>
      <property name="tests.slow" value=""/>
      <property name="tests.timeoutSuite" value=""/>
      <property name="tests.weekly" value=""/>
      <property name="user.country" value="US"/>
      <property name="user.dir" value="/Users/bhwang/elasticsearch/target/J0"/>
      <property name="user.home" value="/Users/bhwang"/>
      <property name="user.language" value="en"/>
      <property name="user.name" value="bhwang"/>
      <property name="user.timezone" value=""/>
   </properties>
   <testcase classname="org.elasticsearch.operateAllIndices.DestructiveOperationsIntegrationTests" name="testDestructiveOperations" time="22.248"/>
   <system-out><![CDATA[[2014-02-18 15:34:10,557][INFO ][test                     ] Test testDestructiveOperations(org.elasticsearch.operateAllIndices.DestructiveOperationsIntegrationTests) started
[2014-02-18 15:34:10,558][INFO ][test                     ] Setup TestCluster [TEST-Bills-MacBook-Pro.local-CHILD_VM=[0]-CLUSTER_SEED=[2888706115978498239]-HASH=[135419B524A10428]] with seed [2816BEE84F6590BF] using [3] nodes
[2014-02-18 15:34:10,559][INFO ][node                     ] [node_0] stopping ...
[2014-02-18 15:34:10,566][INFO ][discovery.zen            ] [node_2] master_left [[node_0][RmxmhDZzQzuUfYXg1C0Nvg][Bills-MacBook-Pro.local][inet[/10.1.10.75:9303]]], reason [shut_down]
[2014-02-18 15:34:10,568][INFO ][discovery.zen            ] [node_1] master_left [[node_0][RmxmhDZzQzuUfYXg1C0Nvg][Bills-MacBook-Pro.local][inet[/10.1.10.75:9303]]], reason [shut_down]
[2014-02-18 15:34:10,574][INFO ][cluster.service          ] [node_2] master {new [node_2][3vhy9jIPRg6PW15LkTK-kQ][Bills-MacBook-Pro.local][inet[/10.1.10.75:9305]], previous [node_0][RmxmhDZzQzuUfYXg1C0Nvg][Bills-MacBook-Pro.local][inet[/10.1.10.75:9303]]}, removed {[node_0][RmxmhDZzQzuUfYXg1C0Nvg][Bills-MacBook-Pro.local][inet[/10.1.10.75:9303]],}, reason: zen-disco-master_failed ([node_0][RmxmhDZzQzuUfYXg1C0Nvg][Bills-MacBook-Pro.local][inet[/10.1.10.75:9303]])
[2014-02-18 15:34:10,574][INFO ][cluster.service          ] [node_1] master {new [node_2][3vhy9jIPRg6PW15LkTK-kQ][Bills-MacBook-Pro.local][inet[/10.1.10.75:9305]], previous [node_0][RmxmhDZzQzuUfYXg1C0Nvg][Bills-MacBook-Pro.local][inet[/10.1.10.75:9303]]}, removed {[node_0][RmxmhDZzQzuUfYXg1C0Nvg][Bills-MacBook-Pro.local][inet[/10.1.10.75:9303]],}, reason: zen-disco-master_failed ([node_0][RmxmhDZzQzuUfYXg1C0Nvg][Bills-MacBook-Pro.local][inet[/10.1.10.75:9303]])
[2014-02-18 15:34:10,591][INFO ][node                     ] [node_0] stopped
[2014-02-18 15:34:10,591][INFO ][node                     ] [node_0] closing ...
[2014-02-18 15:34:10,598][INFO ][node                     ] [node_0] closed
[2014-02-18 15:34:10,598][INFO ][node                     ] [node_1] stopping ...
[2014-02-18 15:34:10,604][INFO ][cluster.service          ] [node_2] removed {[node_1][kKi3ya9WTSCkm9AtjAE5NA][Bills-MacBook-Pro.local][inet[/10.1.10.75:9304]],}, reason: zen-disco-node_left([node_1][kKi3ya9WTSCkm9AtjAE5NA][Bills-MacBook-Pro.local][inet[/10.1.10.75:9304]])
[2014-02-18 15:34:10,611][INFO ][node                     ] [node_1] stopped
[2014-02-18 15:34:10,612][INFO ][node                     ] [node_1] closing ...
[2014-02-18 15:34:10,615][INFO ][node                     ] [node_1] closed
[2014-02-18 15:34:10,615][INFO ][node                     ] [node_2] stopping ...
[2014-02-18 15:34:10,625][INFO ][node                     ] [node_2] stopped
[2014-02-18 15:34:10,626][INFO ][node                     ] [node_2] closing ...
[2014-02-18 15:34:10,630][INFO ][node                     ] [node_2] closed
[2014-02-18 15:34:10,633][INFO ][node                     ] [node_0] version[1.0.0], pid[6815], build[a46900e/2014-02-18T23:32:25Z]
[2014-02-18 15:34:10,634][INFO ][node                     ] [node_0] initializing ...
[2014-02-18 15:34:10,635][INFO ][plugins                  ] [node_0] loaded [], sites []
[2014-02-18 15:34:10,722][INFO ][node                     ] [node_0] initialized
[2014-02-18 15:34:10,723][INFO ][node                     ] [node_0] starting ...
[2014-02-18 15:34:10,733][INFO ][transport                ] [node_0] bound_address {inet[/0:0:0:0:0:0:0:0:9303]}, publish_address {inet[/10.1.10.75:9303]}
[2014-02-18 15:34:13,739][INFO ][cluster.service          ] [node_0] new_master [node_0][Y3aVNWM8SwitDU0qoSytQQ][Bills-MacBook-Pro.local][inet[/10.1.10.75:9303]], reason: zen-disco-join (elected_as_master)
[2014-02-18 15:34:13,753][INFO ][discovery                ] [node_0] TEST-Bills-MacBook-Pro.local-CHILD_VM=[0]-CLUSTER_SEED=[2888706115978498239]-HASH=[135419B524A10428]/Y3aVNWM8SwitDU0qoSytQQ
[2014-02-18 15:34:13,755][INFO ][gateway                  ] [node_0] recovered [0] indices into cluster_state
[2014-02-18 15:34:13,757][INFO ][http                     ] [node_0] bound_address {inet[/0:0:0:0:0:0:0:0:9203]}, publish_address {inet[/10.1.10.75:9203]}
[2014-02-18 15:34:13,758][INFO ][node                     ] [node_0] started
[2014-02-18 15:34:13,758][INFO ][test                     ] Start Shared Node [node_0] not shared
[2014-02-18 15:34:13,759][INFO ][node                     ] [node_1] version[1.0.0], pid[6815], build[a46900e/2014-02-18T23:32:25Z]
[2014-02-18 15:34:13,760][INFO ][node                     ] [node_1] initializing ...
[2014-02-18 15:34:13,760][INFO ][plugins                  ] [node_1] loaded [], sites []
[2014-02-18 15:34:13,812][INFO ][node                     ] [node_1] initialized
[2014-02-18 15:34:13,812][INFO ][node                     ] [node_1] starting ...
[2014-02-18 15:34:13,818][INFO ][transport                ] [node_1] bound_address {inet[/0:0:0:0:0:0:0:0:9304]}, publish_address {inet[/10.1.10.75:9304]}
[2014-02-18 15:34:16,836][INFO ][cluster.service          ] [node_0] added {[node_1][Bro0d3vVQ6KnQrk9dPLHjA][Bills-MacBook-Pro.local][inet[/10.1.10.75:9304]],}, reason: zen-disco-receive(join from node[[node_1][Bro0d3vVQ6KnQrk9dPLHjA][Bills-MacBook-Pro.local][inet[/10.1.10.75:9304]]])
[2014-02-18 15:34:16,838][INFO ][cluster.service          ] [node_1] detected_master [node_0][Y3aVNWM8SwitDU0qoSytQQ][Bills-MacBook-Pro.local][inet[/10.1.10.75:9303]], added {[node_0][Y3aVNWM8SwitDU0qoSytQQ][Bills-MacBook-Pro.local][inet[/10.1.10.75:9303]],}, reason: zen-disco-receive(from master [[node_0][Y3aVNWM8SwitDU0qoSytQQ][Bills-MacBook-Pro.local][inet[/10.1.10.75:9303]]])
[2014-02-18 15:34:16,853][INFO ][discovery                ] [node_1] TEST-Bills-MacBook-Pro.local-CHILD_VM=[0]-CLUSTER_SEED=[2888706115978498239]-HASH=[135419B524A10428]/Bro0d3vVQ6KnQrk9dPLHjA
[2014-02-18 15:34:16,858][INFO ][http                     ] [node_1] bound_address {inet[/0:0:0:0:0:0:0:0:9204]}, publish_address {inet[/10.1.10.75:9204]}
[2014-02-18 15:34:16,859][INFO ][node                     ] [node_1] started
[2014-02-18 15:34:16,859][INFO ][test                     ] Start Shared Node [node_1] not shared
[2014-02-18 15:34:16,860][INFO ][node                     ] [node_2] version[1.0.0], pid[6815], build[a46900e/2014-02-18T23:32:25Z]
[2014-02-18 15:34:16,861][INFO ][node                     ] [node_2] initializing ...
[2014-02-18 15:34:16,861][INFO ][plugins                  ] [node_2] loaded [], sites []
[2014-02-18 15:34:16,929][INFO ][node                     ] [node_2] initialized
[2014-02-18 15:34:16,930][INFO ][node                     ] [node_2] starting ...
[2014-02-18 15:34:16,944][INFO ][transport                ] [node_2] bound_address {inet[/0:0:0:0:0:0:0:0:9305]}, publish_address {inet[/10.1.10.75:9305]}
[2014-02-18 15:34:19,968][INFO ][cluster.service          ] [node_0] added {[node_2][pR9KecGhT0aUUh5688XODw][Bills-MacBook-Pro.local][inet[/10.1.10.75:9305]],}, reason: zen-disco-receive(join from node[[node_2][pR9KecGhT0aUUh5688XODw][Bills-MacBook-Pro.local][inet[/10.1.10.75:9305]]])
[2014-02-18 15:34:19,969][INFO ][cluster.service          ] [node_1] added {[node_2][pR9KecGhT0aUUh5688XODw][Bills-MacBook-Pro.local][inet[/10.1.10.75:9305]],}, reason: zen-disco-receive(from master [[node_0][Y3aVNWM8SwitDU0qoSytQQ][Bills-MacBook-Pro.local][inet[/10.1.10.75:9303]]])
[2014-02-18 15:34:19,970][INFO ][cluster.service          ] [node_2] detected_master [node_0][Y3aVNWM8SwitDU0qoSytQQ][Bills-MacBook-Pro.local][inet[/10.1.10.75:9303]], added {[node_1][Bro0d3vVQ6KnQrk9dPLHjA][Bills-MacBook-Pro.local][inet[/10.1.10.75:9304]],[node_0][Y3aVNWM8SwitDU0qoSytQQ][Bills-MacBook-Pro.local][inet[/10.1.10.75:9303]],}, reason: zen-disco-receive(from master [[node_0][Y3aVNWM8SwitDU0qoSytQQ][Bills-MacBook-Pro.local][inet[/10.1.10.75:9303]]])
[2014-02-18 15:34:20,013][INFO ][discovery                ] [node_2] TEST-Bills-MacBook-Pro.local-CHILD_VM=[0]-CLUSTER_SEED=[2888706115978498239]-HASH=[135419B524A10428]/pR9KecGhT0aUUh5688XODw
[2014-02-18 15:34:20,027][INFO ][http                     ] [node_2] bound_address {inet[/0:0:0:0:0:0:0:0:9205]}, publish_address {inet[/10.1.10.75:9205]}
[2014-02-18 15:34:20,027][INFO ][node                     ] [node_2] started
[2014-02-18 15:34:20,028][INFO ][test                     ] Start Shared Node [node_2] not shared
[2014-02-18 15:34:20,036][INFO ][operateAllIndices        ] [DestructiveOperationsIntegrationTests#testDestructiveOperations]: before test
[2014-02-18 15:34:20,040][INFO ][action.admin.indices.close] [node_1] updating [action.operate_all_indices] from [false] to [true]
[2014-02-18 15:34:20,040][INFO ][action.admin.indices.close] [node_2] updating [action.operate_all_indices] from [false] to [true]
[2014-02-18 15:34:20,040][INFO ][action.admin.indices.open] [node_1] updating [action.operate_all_indices] from [false] to [true]
[2014-02-18 15:34:20,041][INFO ][action.admin.indices.open] [node_2] updating [action.operate_all_indices] from [false] to [true]
[2014-02-18 15:34:20,041][INFO ][action.admin.indices.delete] [node_1] updating [action.operate_all_indices] from [false] to [true]
[2014-02-18 15:34:20,041][INFO ][action.admin.indices.delete] [node_2] updating [action.operate_all_indices] from [false] to [true]
[2014-02-18 15:34:20,042][INFO ][action.deletebyquery     ] [node_1] updating [action.operate_all_indices] from [false] to [true]
[2014-02-18 15:34:20,042][INFO ][action.deletebyquery     ] [node_2] updating [action.operate_all_indices] from [false] to [true]
[2014-02-18 15:34:20,042][INFO ][action.admin.indices.mapping.delete] [node_1] updating [action.operate_all_indices] from [false] to [true]
[2014-02-18 15:34:20,043][INFO ][action.admin.indices.mapping.delete] [node_2] updating [action.operate_all_indices] from [false] to [true]
[2014-02-18 15:34:20,044][INFO ][action.admin.indices.close] [node_0] updating [action.operate_all_indices] from [false] to [true]
[2014-02-18 15:34:20,044][INFO ][action.admin.indices.open] [node_0] updating [action.operate_all_indices] from [false] to [true]
[2014-02-18 15:34:20,044][INFO ][action.admin.indices.delete] [node_0] updating [action.operate_all_indices] from [false] to [true]
[2014-02-18 15:34:20,044][INFO ][action.deletebyquery     ] [node_0] updating [action.operate_all_indices] from [false] to [true]
[2014-02-18 15:34:20,045][INFO ][action.admin.indices.mapping.delete] [node_0] updating [action.operate_all_indices] from [false] to [true]
[2014-02-18 15:34:20,064][INFO ][cluster.metadata         ] [node_0] [index1] creating index, cause [api], shards [5]/[1], mappings []
[2014-02-18 15:34:20,236][INFO ][cluster.metadata         ] [node_0] [1index] creating index, cause [api], shards [5]/[1], mappings []
[2014-02-18 15:34:20,460][INFO ][cluster.metadata         ] [node_0] [1index] deleting index
[2014-02-18 15:34:20,528][INFO ][action.admin.indices.close] [node_1] updating [action.operate_all_indices] from [true] to [false]
[2014-02-18 15:34:20,528][INFO ][action.admin.indices.close] [node_2] updating [action.operate_all_indices] from [true] to [false]
[2014-02-18 15:34:20,529][INFO ][action.admin.indices.open] [node_2] updating [action.operate_all_indices] from [true] to [false]
[2014-02-18 15:34:20,529][INFO ][action.admin.indices.delete] [node_2] updating [action.operate_all_indices] from [true] to [false]
[2014-02-18 15:34:20,528][INFO ][action.admin.indices.open] [node_1] updating [action.operate_all_indices] from [true] to [false]
[2014-02-18 15:34:20,529][INFO ][action.deletebyquery     ] [node_2] updating [action.operate_all_indices] from [true] to [false]
[2014-02-18 15:34:20,530][INFO ][action.admin.indices.mapping.delete] [node_2] updating [action.operate_all_indices] from [true] to [false]
[2014-02-18 15:34:20,529][INFO ][action.admin.indices.delete] [node_1] updating [action.operate_all_indices] from [true] to [false]
[2014-02-18 15:34:20,531][INFO ][action.deletebyquery     ] [node_1] updating [action.operate_all_indices] from [true] to [false]
[2014-02-18 15:34:20,531][INFO ][action.admin.indices.mapping.delete] [node_1] updating [action.operate_all_indices] from [true] to [false]
[2014-02-18 15:34:20,532][INFO ][action.admin.indices.close] [node_0] updating [action.operate_all_indices] from [true] to [false]
[2014-02-18 15:34:20,532][INFO ][action.admin.indices.open] [node_0] updating [action.operate_all_indices] from [true] to [false]
[2014-02-18 15:34:20,533][INFO ][action.admin.indices.delete] [node_0] updating [action.operate_all_indices] from [true] to [false]
[2014-02-18 15:34:20,533][INFO ][action.deletebyquery     ] [node_0] updating [action.operate_all_indices] from [true] to [false]
[2014-02-18 15:34:20,533][INFO ][action.admin.indices.mapping.delete] [node_0] updating [action.operate_all_indices] from [true] to [false]
[2014-02-18 15:34:20,535][INFO ][cluster.metadata         ] [node_0] [index1] deleting index
[2014-02-18 15:34:20,560][INFO ][action.admin.indices.close] [node_1] updating [action.operate_all_indices] from [false] to [true]
[2014-02-18 15:34:20,560][INFO ][action.admin.indices.close] [node_2] updating [action.operate_all_indices] from [false] to [true]
[2014-02-18 15:34:20,560][INFO ][action.admin.indices.open] [node_2] updating [action.operate_all_indices] from [false] to [true]
[2014-02-18 15:34:20,560][INFO ][action.admin.indices.delete] [node_2] updating [action.operate_all_indices] from [false] to [true]
[2014-02-18 15:34:20,560][INFO ][action.admin.indices.open] [node_1] updating [action.operate_all_indices] from [false] to [true]
[2014-02-18 15:34:20,560][INFO ][action.deletebyquery     ] [node_2] updating [action.operate_all_indices] from [false] to [true]
[2014-02-18 15:34:20,561][INFO ][action.admin.indices.delete] [node_1] updating [action.operate_all_indices] from [false] to [true]
[2014-02-18 15:34:20,561][INFO ][action.admin.indices.mapping.delete] [node_2] updating [action.operate_all_indices] from [false] to [true]
[2014-02-18 15:34:20,561][INFO ][action.deletebyquery     ] [node_1] updating [action.operate_all_indices] from [false] to [true]
[2014-02-18 15:34:20,561][INFO ][action.admin.indices.mapping.delete] [node_1] updating [action.operate_all_indices] from [false] to [true]
[2014-02-18 15:34:20,562][INFO ][action.admin.indices.close] [node_0] updating [action.operate_all_indices] from [false] to [true]
[2014-02-18 15:34:20,562][INFO ][action.admin.indices.open] [node_0] updating [action.operate_all_indices] from [false] to [true]
[2014-02-18 15:34:20,562][INFO ][action.admin.indices.delete] [node_0] updating [action.operate_all_indices] from [false] to [true]
[2014-02-18 15:34:20,563][INFO ][action.deletebyquery     ] [node_0] updating [action.operate_all_indices] from [false] to [true]
[2014-02-18 15:34:20,563][INFO ][action.admin.indices.mapping.delete] [node_0] updating [action.operate_all_indices] from [false] to [true]
[2014-02-18 15:34:20,574][INFO ][cluster.metadata         ] [node_0] [index1] creating index, cause [api], shards [5]/[1], mappings []
[2014-02-18 15:34:20,827][INFO ][cluster.metadata         ] [node_0] [1index] creating index, cause [api], shards [5]/[1], mappings []
[2014-02-18 15:34:21,004][INFO ][cluster.metadata         ] [node_0] closing indices [[1index]]
[2014-02-18 15:34:21,067][INFO ][action.admin.indices.close] [node_1] updating [action.operate_all_indices] from [true] to [false]
[2014-02-18 15:34:21,067][INFO ][action.admin.indices.open] [node_1] updating [action.operate_all_indices] from [true] to [false]
[2014-02-18 15:34:21,067][INFO ][action.admin.indices.delete] [node_1] updating [action.operate_all_indices] from [true] to [false]
[2014-02-18 15:34:21,068][INFO ][action.deletebyquery     ] [node_1] updating [action.operate_all_indices] from [true] to [false]
[2014-02-18 15:34:21,068][INFO ][action.admin.indices.mapping.delete] [node_1] updating [action.operate_all_indices] from [true] to [false]
[2014-02-18 15:34:21,067][INFO ][action.admin.indices.close] [node_2] updating [action.operate_all_indices] from [true] to [false]
[2014-02-18 15:34:21,068][INFO ][action.admin.indices.open] [node_2] updating [action.operate_all_indices] from [true] to [false]
[2014-02-18 15:34:21,069][INFO ][action.admin.indices.delete] [node_2] updating [action.operate_all_indices] from [true] to [false]
[2014-02-18 15:34:21,069][INFO ][action.deletebyquery     ] [node_2] updating [action.operate_all_indices] from [true] to [false]
[2014-02-18 15:34:21,069][INFO ][action.admin.indices.mapping.delete] [node_2] updating [action.operate_all_indices] from [true] to [false]
[2014-02-18 15:34:21,070][INFO ][action.admin.indices.close] [node_0] updating [action.operate_all_indices] from [true] to [false]
[2014-02-18 15:34:21,071][INFO ][action.admin.indices.open] [node_0] updating [action.operate_all_indices] from [true] to [false]
[2014-02-18 15:34:21,071][INFO ][action.admin.indices.delete] [node_0] updating [action.operate_all_indices] from [true] to [false]
[2014-02-18 15:34:21,071][INFO ][action.deletebyquery     ] [node_0] updating [action.operate_all_indices] from [true] to [false]
[2014-02-18 15:34:21,071][INFO ][action.admin.indices.mapping.delete] [node_0] updating [action.operate_all_indices] from [true] to [false]
[2014-02-18 15:34:21,073][INFO ][cluster.metadata         ] [node_0] closing indices [[index1]]
[2014-02-18 15:34:21,090][INFO ][cluster.metadata         ] [node_0] opening indices [[1index, index1]]
[2014-02-18 15:34:21,416][INFO ][cluster.metadata         ] [node_0] [1index] deleting index
[2014-02-18 15:34:21,539][INFO ][cluster.metadata         ] [node_0] [index1] deleting index
[2014-02-18 15:34:21,567][INFO ][action.admin.indices.close] [node_2] updating [action.operate_all_indices] from [false] to [true]
[2014-02-18 15:34:21,567][INFO ][action.admin.indices.close] [node_1] updating [action.operate_all_indices] from [false] to [true]
[2014-02-18 15:34:21,567][INFO ][action.admin.indices.open] [node_2] updating [action.operate_all_indices] from [false] to [true]
[2014-02-18 15:34:21,568][INFO ][action.admin.indices.open] [node_1] updating [action.operate_all_indices] from [false] to [true]
[2014-02-18 15:34:21,568][INFO ][action.admin.indices.delete] [node_2] updating [action.operate_all_indices] from [false] to [true]
[2014-02-18 15:34:21,568][INFO ][action.admin.indices.delete] [node_1] updating [action.operate_all_indices] from [false] to [true]
[2014-02-18 15:34:21,568][INFO ][action.deletebyquery     ] [node_2] updating [action.operate_all_indices] from [false] to [true]
[2014-02-18 15:34:21,569][INFO ][action.deletebyquery     ] [node_1] updating [action.operate_all_indices] from [false] to [true]
[2014-02-18 15:34:21,569][INFO ][action.admin.indices.mapping.delete] [node_2] updating [action.operate_all_indices] from [false] to [true]
[2014-02-18 15:34:21,569][INFO ][action.admin.indices.mapping.delete] [node_1] updating [action.operate_all_indices] from [false] to [true]
[2014-02-18 15:34:21,570][INFO ][action.admin.indices.close] [node_0] updating [action.operate_all_indices] from [false] to [true]
[2014-02-18 15:34:21,570][INFO ][action.admin.indices.open] [node_0] updating [action.operate_all_indices] from [false] to [true]
[2014-02-18 15:34:21,570][INFO ][action.admin.indices.delete] [node_0] updating [action.operate_all_indices] from [false] to [true]
[2014-02-18 15:34:21,571][INFO ][action.deletebyquery     ] [node_0] updating [action.operate_all_indices] from [false] to [true]
[2014-02-18 15:34:21,571][INFO ][action.admin.indices.mapping.delete] [node_0] updating [action.operate_all_indices] from [false] to [true]
[2014-02-18 15:34:21,582][INFO ][cluster.metadata         ] [node_0] [index1] creating index, cause [api], shards [5]/[1], mappings []
[2014-02-18 15:34:21,681][INFO ][cluster.metadata         ] [node_0] [1index] creating index, cause [api], shards [5]/[1], mappings []
[2014-02-18 15:34:21,858][INFO ][action.admin.indices.close] [node_1] updating [action.operate_all_indices] from [true] to [false]
[2014-02-18 15:34:21,859][INFO ][action.admin.indices.open] [node_1] updating [action.operate_all_indices] from [true] to [false]
[2014-02-18 15:34:21,859][INFO ][action.admin.indices.delete] [node_1] updating [action.operate_all_indices] from [true] to [false]
[2014-02-18 15:34:21,859][INFO ][action.deletebyquery     ] [node_1] updating [action.operate_all_indices] from [true] to [false]
[2014-02-18 15:34:21,858][INFO ][action.admin.indices.close] [node_2] updating [action.operate_all_indices] from [true] to [false]
[2014-02-18 15:34:21,860][INFO ][action.admin.indices.mapping.delete] [node_1] updating [action.operate_all_indices] from [true] to [false]
[2014-02-18 15:34:21,860][INFO ][action.admin.indices.open] [node_2] updating [action.operate_all_indices] from [true] to [false]
[2014-02-18 15:34:21,861][INFO ][action.admin.indices.delete] [node_2] updating [action.operate_all_indices] from [true] to [false]
[2014-02-18 15:34:21,861][INFO ][action.deletebyquery     ] [node_2] updating [action.operate_all_indices] from [true] to [false]
[2014-02-18 15:34:21,861][INFO ][action.admin.indices.mapping.delete] [node_2] updating [action.operate_all_indices] from [true] to [false]
[2014-02-18 15:34:21,862][INFO ][action.admin.indices.close] [node_0] updating [action.operate_all_indices] from [true] to [false]
[2014-02-18 15:34:21,863][INFO ][action.admin.indices.open] [node_0] updating [action.operate_all_indices] from [true] to [false]
[2014-02-18 15:34:21,863][INFO ][action.admin.indices.delete] [node_0] updating [action.operate_all_indices] from [true] to [false]
[2014-02-18 15:34:21,863][INFO ][action.deletebyquery     ] [node_0] updating [action.operate_all_indices] from [true] to [false]
[2014-02-18 15:34:21,863][INFO ][action.admin.indices.mapping.delete] [node_0] updating [action.operate_all_indices] from [true] to [false]
[2014-02-18 15:34:21,913][INFO ][cluster.metadata         ] [node_0] [1index] deleting index
[2014-02-18 15:34:21,960][INFO ][cluster.metadata         ] [node_0] [index1] deleting index
[2014-02-18 15:34:21,997][INFO ][action.admin.indices.close] [node_2] updating [action.operate_all_indices] from [false] to [true]
[2014-02-18 15:34:21,997][INFO ][action.admin.indices.close] [node_1] updating [action.operate_all_indices] from [false] to [true]
[2014-02-18 15:34:21,998][INFO ][action.admin.indices.open] [node_2] updating [action.operate_all_indices] from [false] to [true]
[2014-02-18 15:34:21,998][INFO ][action.admin.indices.open] [node_1] updating [action.operate_all_indices] from [false] to [true]
[2014-02-18 15:34:21,998][INFO ][action.admin.indices.delete] [node_2] updating [action.operate_all_indices] from [false] to [true]
[2014-02-18 15:34:21,999][INFO ][action.admin.indices.delete] [node_1] updating [action.operate_all_indices] from [false] to [true]
[2014-02-18 15:34:21,999][INFO ][action.deletebyquery     ] [node_2] updating [action.operate_all_indices] from [false] to [true]
[2014-02-18 15:34:21,999][INFO ][action.deletebyquery     ] [node_1] updating [action.operate_all_indices] from [false] to [true]
[2014-02-18 15:34:21,999][INFO ][action.admin.indices.mapping.delete] [node_2] updating [action.operate_all_indices] from [false] to [true]
[2014-02-18 15:34:22,000][INFO ][action.admin.indices.mapping.delete] [node_1] updating [action.operate_all_indices] from [false] to [true]
[2014-02-18 15:34:22,001][INFO ][action.admin.indices.close] [node_0] updating [action.operate_all_indices] from [false] to [true]
[2014-02-18 15:34:22,001][INFO ][action.admin.indices.open] [node_0] updating [action.operate_all_indices] from [false] to [true]
[2014-02-18 15:34:22,001][INFO ][action.admin.indices.delete] [node_0] updating [action.operate_all_indices] from [false] to [true]
[2014-02-18 15:34:22,002][INFO ][action.deletebyquery     ] [node_0] updating [action.operate_all_indices] from [false] to [true]
[2014-02-18 15:34:22,002][INFO ][action.admin.indices.mapping.delete] [node_0] updating [action.operate_all_indices] from [false] to [true]
[2014-02-18 15:34:22,022][INFO ][cluster.metadata         ] [node_0] [index1] creating index, cause [api], shards [5]/[1], mappings [1]
[2014-02-18 15:34:22,152][INFO ][cluster.metadata         ] [node_0] [1index] creating index, cause [api], shards [5]/[1], mappings [1]
[2014-02-18 15:34:22,358][INFO ][cluster.metadata         ] [node_0] [[1index]] remove_mapping [[1]]
[2014-02-18 15:34:22,366][INFO ][action.admin.indices.close] [node_1] updating [action.operate_all_indices] from [true] to [false]
[2014-02-18 15:34:22,366][INFO ][action.admin.indices.close] [node_2] updating [action.operate_all_indices] from [true] to [false]
[2014-02-18 15:34:22,367][INFO ][action.admin.indices.open] [node_1] updating [action.operate_all_indices] from [true] to [false]
[2014-02-18 15:34:22,367][INFO ][action.admin.indices.open] [node_2] updating [action.operate_all_indices] from [true] to [false]
[2014-02-18 15:34:22,367][INFO ][action.admin.indices.delete] [node_1] updating [action.operate_all_indices] from [true] to [false]
[2014-02-18 15:34:22,367][INFO ][action.admin.indices.delete] [node_2] updating [action.operate_all_indices] from [true] to [false]
[2014-02-18 15:34:22,368][INFO ][action.deletebyquery     ] [node_2] updating [action.operate_all_indices] from [true] to [false]
[2014-02-18 15:34:22,368][INFO ][action.admin.indices.mapping.delete] [node_2] updating [action.operate_all_indices] from [true] to [false]
[2014-02-18 15:34:22,368][INFO ][action.deletebyquery     ] [node_1] updating [action.operate_all_indices] from [true] to [false]
[2014-02-18 15:34:22,369][INFO ][action.admin.indices.mapping.delete] [node_1] updating [action.operate_all_indices] from [true] to [false]
[2014-02-18 15:34:22,370][INFO ][action.admin.indices.close] [node_0] updating [action.operate_all_indices] from [true] to [false]
[2014-02-18 15:34:22,370][INFO ][action.admin.indices.open] [node_0] updating [action.operate_all_indices] from [true] to [false]
[2014-02-18 15:34:22,371][INFO ][action.admin.indices.delete] [node_0] updating [action.operate_all_indices] from [true] to [false]
[2014-02-18 15:34:22,371][INFO ][action.deletebyquery     ] [node_0] updating [action.operate_all_indices] from [true] to [false]
[2014-02-18 15:34:22,371][INFO ][action.admin.indices.mapping.delete] [node_0] updating [action.operate_all_indices] from [true] to [false]
[2014-02-18 15:34:22,374][INFO ][cluster.metadata         ] [node_0] [1index] create_mapping [1]
[2014-02-18 15:34:22,497][INFO ][cluster.metadata         ] [node_0] [[1index, index1]] remove_mapping [[1]]
[2014-02-18 15:34:22,504][INFO ][cluster.metadata         ] [node_0] [1index] create_mapping [1]
[2014-02-18 15:34:22,629][INFO ][cluster.metadata         ] [node_0] [[1index, index1]] remove_mapping [[1]]
[2014-02-18 15:34:22,634][INFO ][operateAllIndices        ] [DestructiveOperationsIntegrationTests#testDestructiveOperations]: cleaning up after test
[2014-02-18 15:34:22,635][INFO ][node                     ] [node_0] stopping ...
[2014-02-18 15:34:22,652][INFO ][discovery.zen            ] [node_2] master_left [[node_0][Y3aVNWM8SwitDU0qoSytQQ][Bills-MacBook-Pro.local][inet[/10.1.10.75:9303]]], reason [shut_down]
[2014-02-18 15:34:22,652][INFO ][discovery.zen            ] [node_1] master_left [[node_0][Y3aVNWM8SwitDU0qoSytQQ][Bills-MacBook-Pro.local][inet[/10.1.10.75:9303]]], reason [shut_down]
[2014-02-18 15:34:22,654][INFO ][cluster.service          ] [node_2] master {new [node_1][Bro0d3vVQ6KnQrk9dPLHjA][Bills-MacBook-Pro.local][inet[/10.1.10.75:9304]], previous [node_0][Y3aVNWM8SwitDU0qoSytQQ][Bills-MacBook-Pro.local][inet[/10.1.10.75:9303]]}, removed {[node_0][Y3aVNWM8SwitDU0qoSytQQ][Bills-MacBook-Pro.local][inet[/10.1.10.75:9303]],}, reason: zen-disco-master_failed ([node_0][Y3aVNWM8SwitDU0qoSytQQ][Bills-MacBook-Pro.local][inet[/10.1.10.75:9303]])
[2014-02-18 15:34:22,655][INFO ][cluster.service          ] [node_1] master {new [node_1][Bro0d3vVQ6KnQrk9dPLHjA][Bills-MacBook-Pro.local][inet[/10.1.10.75:9304]], previous [node_0][Y3aVNWM8SwitDU0qoSytQQ][Bills-MacBook-Pro.local][inet[/10.1.10.75:9303]]}, removed {[node_0][Y3aVNWM8SwitDU0qoSytQQ][Bills-MacBook-Pro.local][inet[/10.1.10.75:9303]],}, reason: zen-disco-master_failed ([node_0][Y3aVNWM8SwitDU0qoSytQQ][Bills-MacBook-Pro.local][inet[/10.1.10.75:9303]])
[2014-02-18 15:34:22,659][INFO ][node                     ] [node_0] stopped
[2014-02-18 15:34:22,660][INFO ][node                     ] [node_0] closing ...
[2014-02-18 15:34:22,669][INFO ][node                     ] [node_0] closed
[2014-02-18 15:34:22,669][INFO ][node                     ] [node_1] stopping ...
[2014-02-18 15:34:22,684][INFO ][discovery.zen            ] [node_2] master_left [[node_1][Bro0d3vVQ6KnQrk9dPLHjA][Bills-MacBook-Pro.local][inet[/10.1.10.75:9304]]], reason [shut_down]
[2014-02-18 15:34:22,685][INFO ][cluster.service          ] [node_2] master {new [node_2][pR9KecGhT0aUUh5688XODw][Bills-MacBook-Pro.local][inet[/10.1.10.75:9305]], previous [node_1][Bro0d3vVQ6KnQrk9dPLHjA][Bills-MacBook-Pro.local][inet[/10.1.10.75:9304]]}, removed {[node_1][Bro0d3vVQ6KnQrk9dPLHjA][Bills-MacBook-Pro.local][inet[/10.1.10.75:9304]],}, reason: zen-disco-master_failed ([node_1][Bro0d3vVQ6KnQrk9dPLHjA][Bills-MacBook-Pro.local][inet[/10.1.10.75:9304]])
[2014-02-18 15:34:22,690][INFO ][node                     ] [node_1] stopped
[2014-02-18 15:34:22,690][INFO ][node                     ] [node_1] closing ...
[2014-02-18 15:34:22,695][INFO ][node                     ] [node_1] closed
[2014-02-18 15:34:22,695][INFO ][node                     ] [node_2] stopping ...
[2014-02-18 15:34:32,709][INFO ][node                     ] [node_2] stopped
[2014-02-18 15:34:32,710][INFO ][node                     ] [node_2] closing ...
[2014-02-18 15:34:32,760][INFO ][node                     ] [node_2] closed
[2014-02-18 15:34:32,760][INFO ][operateAllIndices        ] [DestructiveOperationsIntegrationTests#testDestructiveOperations]: cleaned up after test
[2014-02-18 15:34:32,761][INFO ][test                     ] Wipe data directory for all nodes locations: [/Users/bhwang/elasticsearch/target/J0/data/TEST-Bills-MacBook-Pro.local-CHILD_VM=[0]-CLUSTER_SEED=[2888706115978498239]-HASH=[135419B524A10428]/nodes/0, /Users/bhwang/elasticsearch/target/J0/data/TEST-Bills-MacBook-Pro.local-CHILD_VM=[0]-CLUSTER_SEED=[2888706115978498239]-HASH=[135419B524A10428]/nodes/1, /Users/bhwang/elasticsearch/target/J0/data/TEST-Bills-MacBook-Pro.local-CHILD_VM=[0]-CLUSTER_SEED=[2888706115978498239]-HASH=[135419B524A10428]/nodes/2]
[2014-02-18 15:34:32,805][INFO ][test                     ] Test testDestructiveOperations(org.elasticsearch.operateAllIndices.DestructiveOperationsIntegrationTests) finished
]]></system-out>
   <system-err><![CDATA[]]></system-err>
</testsuite>