<testsuite errors="0" failures="0" tests="15" skipped="0" name="org.elasticsearch.search.aggregations.metrics.ExtendedStatsTests" hostname="nohost.nodomain" time="11.959" timestamp="2014-02-18T16:00:29">
   <properties class="java.util.ArrayList">
      <property name="awt.toolkit" value="sun.lwawt.macosx.LWCToolkit"/>
      <property name="es.logger.level" value="INFO"/>
      <property name="es.logger.prefix" value=""/>
      <property name="es.node.local" value=""/>
      <property name="es.node.mode" value=""/>
      <property name="file.encoding" value="UTF-8"/>
      <property name="file.encoding.pkg" value="sun.io"/>
      <property name="file.separator" value="/"/>
      <property name="ftp.nonProxyHosts" value="local|*.local|169.254/16|*.169.254/16"/>
      <property name="gopherProxySet" value="false"/>
      <property name="http.nonProxyHosts" value="local|*.local|169.254/16|*.169.254/16"/>
      <property name="java.awt.graphicsenv" value="sun.awt.CGraphicsEnvironment"/>
      <property name="java.awt.headless" value="true"/>
      <property name="java.awt.printerjob" value="sun.lwawt.macosx.CPrinterJob"/>
      <property name="java.class.path" value="/Users/bhwang/elasticsearch/target/test-classes:/Users/bhwang/elasticsearch/target/classes:/Users/bhwang/.m2/repository/org/hamcrest/hamcrest-all/1.3/hamcrest-all-1.3.jar:/Users/bhwang/.m2/repository/com/carrotsearch/randomizedtesting/randomizedtesting-runner/2.0.15/randomizedtesting-runner-2.0.15.jar:/Users/bhwang/.m2/repository/junit/junit/4.10/junit-4.10.jar:/Users/bhwang/.m2/repository/org/apache/lucene/lucene-test-framework/4.6.1/lucene-test-framework-4.6.1.jar:/Users/bhwang/.m2/repository/org/apache/lucene/lucene-expressions/4.6.1/lucene-expressions-4.6.1.jar:/Users/bhwang/.m2/repository/org/antlr/antlr-runtime/3.5/antlr-runtime-3.5.jar:/Users/bhwang/.m2/repository/org/ow2/asm/asm/4.1/asm-4.1.jar:/Users/bhwang/.m2/repository/org/ow2/asm/asm-commons/4.1/asm-commons-4.1.jar:/Users/bhwang/.m2/repository/org/apache/httpcomponents/httpclient/4.3.1/httpclient-4.3.1.jar:/Users/bhwang/.m2/repository/org/apache/httpcomponents/httpcore/4.3/httpcore-4.3.jar:/Users/bhwang/.m2/repository/commons-logging/commons-logging/1.1.3/commons-logging-1.1.3.jar:/Users/bhwang/.m2/repository/commons-codec/commons-codec/1.6/commons-codec-1.6.jar:/Users/bhwang/.m2/repository/org/apache/lucene/lucene-core/4.6.1/lucene-core-4.6.1.jar:/Users/bhwang/.m2/repository/org/apache/lucene/lucene-analyzers-common/4.6.1/lucene-analyzers-common-4.6.1.jar:/Users/bhwang/.m2/repository/org/apache/lucene/lucene-codecs/4.6.1/lucene-codecs-4.6.1.jar:/Users/bhwang/.m2/repository/org/apache/lucene/lucene-queries/4.6.1/lucene-queries-4.6.1.jar:/Users/bhwang/.m2/repository/org/apache/lucene/lucene-memory/4.6.1/lucene-memory-4.6.1.jar:/Users/bhwang/.m2/repository/org/apache/lucene/lucene-highlighter/4.6.1/lucene-highlighter-4.6.1.jar:/Users/bhwang/.m2/repository/org/apache/lucene/lucene-queryparser/4.6.1/lucene-queryparser-4.6.1.jar:/Users/bhwang/.m2/repository/org/apache/lucene/lucene-sandbox/4.6.1/lucene-sandbox-4.6.1.jar:/Users/bhwang/.m2/repository/org/apache/lucene/lucene-suggest/4.6.1/lucene-suggest-4.6.1.jar:/Users/bhwang/.m2/repository/org/apache/lucene/lucene-misc/4.6.1/lucene-misc-4.6.1.jar:/Users/bhwang/.m2/repository/org/apache/lucene/lucene-join/4.6.1/lucene-join-4.6.1.jar:/Users/bhwang/.m2/repository/org/apache/lucene/lucene-grouping/4.6.1/lucene-grouping-4.6.1.jar:/Users/bhwang/.m2/repository/org/apache/lucene/lucene-spatial/4.6.1/lucene-spatial-4.6.1.jar:/Users/bhwang/.m2/repository/com/spatial4j/spatial4j/0.3/spatial4j-0.3.jar:/Users/bhwang/.m2/repository/com/vividsolutions/jts/1.12/jts-1.12.jar:/Users/bhwang/.m2/repository/com/google/guava/guava/16.0/guava-16.0.jar:/Users/bhwang/.m2/repository/com/carrotsearch/hppc/0.5.3/hppc-0.5.3.jar:/Users/bhwang/.m2/repository/joda-time/joda-time/2.3/joda-time-2.3.jar:/Users/bhwang/.m2/repository/org/joda/joda-convert/1.2/joda-convert-1.2.jar:/Users/bhwang/.m2/repository/org/mvel/mvel2/2.1.5.Final/mvel2-2.1.5.Final.jar:/Users/bhwang/.m2/repository/com/fasterxml/jackson/core/jackson-core/2.3.0/jackson-core-2.3.0.jar:/Users/bhwang/.m2/repository/com/fasterxml/jackson/dataformat/jackson-dataformat-smile/2.3.0/jackson-dataformat-smile-2.3.0.jar:/Users/bhwang/.m2/repository/com/fasterxml/jackson/dataformat/jackson-dataformat-yaml/2.3.0/jackson-dataformat-yaml-2.3.0.jar:/Users/bhwang/.m2/repository/io/netty/netty/3.9.0.Final/netty-3.9.0.Final.jar:/Users/bhwang/.m2/repository/com/ning/compress-lzf/0.9.6/compress-lzf-0.9.6.jar:/Users/bhwang/.m2/repository/log4j/log4j/1.2.17/log4j-1.2.17.jar:/Users/bhwang/.m2/repository/org/slf4j/slf4j-api/1.6.2/slf4j-api-1.6.2.jar:/Users/bhwang/.m2/repository/net/java/dev/jna/jna/3.3.0/jna-3.3.0.jar:/Users/bhwang/.m2/repository/org/fusesource/sigar/1.6.4/sigar-1.6.4.jar:/Users/bhwang/.m2/repository/com/carrotsearch/randomizedtesting/junit4-ant/2.0.15/junit4-ant-2.0.15.jar"/>
      <property name="java.class.version" value="51.0"/>
      <property name="java.endorsed.dirs" value="/Library/Java/JavaVirtualMachines/jdk1.7.0_45.jdk/Contents/Home/jre/lib/endorsed"/>
      <property name="java.ext.dirs" value="/Users/bhwang/Library/Java/Extensions:/Library/Java/JavaVirtualMachines/jdk1.7.0_45.jdk/Contents/Home/jre/lib/ext:/Library/Java/Extensions:/Network/Library/Java/Extensions:/System/Library/Java/Extensions:/usr/lib/java"/>
      <property name="java.home" value="/Library/Java/JavaVirtualMachines/jdk1.7.0_45.jdk/Contents/Home/jre"/>
      <property name="java.io.tmpdir" value="."/>
      <property name="java.library.path" value="/Users/bhwang/Library/Java/Extensions:/Library/Java/Extensions:/Network/Library/Java/Extensions:/System/Library/Java/Extensions:/usr/lib/java:."/>
      <property name="java.runtime.name" value="Java(TM) SE Runtime Environment"/>
      <property name="java.runtime.version" value="1.7.0_45-b18"/>
      <property name="java.security.policy" value="/Users/bhwang/elasticsearch/dev-tools/tests.policy"/>
      <property name="java.specification.name" value="Java Platform API Specification"/>
      <property name="java.specification.vendor" value="Oracle Corporation"/>
      <property name="java.specification.version" value="1.7"/>
      <property name="java.vendor" value="Oracle Corporation"/>
      <property name="java.vendor.url" value="http://java.oracle.com/"/>
      <property name="java.vendor.url.bug" value="http://bugreport.sun.com/bugreport/"/>
      <property name="java.version" value="1.7.0_45"/>
      <property name="java.vm.info" value="mixed mode"/>
      <property name="java.vm.name" value="Java HotSpot(TM) 64-Bit Server VM"/>
      <property name="java.vm.specification.name" value="Java Virtual Machine Specification"/>
      <property name="java.vm.specification.vendor" value="Oracle Corporation"/>
      <property name="java.vm.specification.version" value="1.7"/>
      <property name="java.vm.vendor" value="Oracle Corporation"/>
      <property name="java.vm.version" value="24.45-b08"/>
      <property name="junit4.childvm.cwd" value="/Users/bhwang/elasticsearch/target/J0"/>
      <property name="junit4.childvm.id" value="0"/>
      <property name="junit4.memory.total" value="128974848"/>
      <property name="junit4.pidString" value="6815@Bills-MacBook-Pro.local"/>
      <property name="junit4.processors" value="4"/>
      <property name="junit4.tempDir" value="/Users/bhwang/elasticsearch/target"/>
      <property name="line.separator" value="
"/>
      <property name="os.arch" value="x86_64"/>
      <property name="os.name" value="Mac OS X"/>
      <property name="os.version" value="10.9.1"/>
      <property name="path.separator" value=":"/>
      <property name="socksNonProxyHosts" value="local|*.local|169.254/16|*.169.254/16"/>
      <property name="sun.arch.data.model" value="64"/>
      <property name="sun.boot.class.path" value="/Library/Java/JavaVirtualMachines/jdk1.7.0_45.jdk/Contents/Home/jre/lib/resources.jar:/Library/Java/JavaVirtualMachines/jdk1.7.0_45.jdk/Contents/Home/jre/lib/rt.jar:/Library/Java/JavaVirtualMachines/jdk1.7.0_45.jdk/Contents/Home/jre/lib/sunrsasign.jar:/Library/Java/JavaVirtualMachines/jdk1.7.0_45.jdk/Contents/Home/jre/lib/jsse.jar:/Library/Java/JavaVirtualMachines/jdk1.7.0_45.jdk/Contents/Home/jre/lib/jce.jar:/Library/Java/JavaVirtualMachines/jdk1.7.0_45.jdk/Contents/Home/jre/lib/charsets.jar:/Library/Java/JavaVirtualMachines/jdk1.7.0_45.jdk/Contents/Home/jre/lib/jfr.jar:/Library/Java/JavaVirtualMachines/jdk1.7.0_45.jdk/Contents/Home/jre/lib/JObjC.jar:/Library/Java/JavaVirtualMachines/jdk1.7.0_45.jdk/Contents/Home/jre/classes"/>
      <property name="sun.boot.library.path" value="/Library/Java/JavaVirtualMachines/jdk1.7.0_45.jdk/Contents/Home/jre/lib"/>
      <property name="sun.cpu.endian" value="little"/>
      <property name="sun.cpu.isalist" value=""/>
      <property name="sun.io.unicode.encoding" value="UnicodeBig"/>
      <property name="sun.java.command" value="com.carrotsearch.ant.tasks.junit4.slave.SlaveMainSafe -flush -eventsfile /Users/bhwang/elasticsearch/target/junit4-J0-20140218_153326_767.events @/Users/bhwang/elasticsearch/target/junit4-J0-20140218_153326_767.suites -stdin"/>
      <property name="sun.java.launcher" value="SUN_STANDARD"/>
      <property name="sun.jnu.encoding" value="UTF-8"/>
      <property name="sun.management.compiler" value="HotSpot 64-Bit Tiered Compilers"/>
      <property name="sun.os.patch.level" value="unknown"/>
      <property name="tests.appendseed" value=""/>
      <property name="tests.assertion.disabled" value=""/>
      <property name="tests.awaitsfix" value=""/>
      <property name="tests.badapples" value=""/>
      <property name="tests.class" value=""/>
      <property name="tests.client.ratio" value=""/>
      <property name="tests.cluster_seed" value=""/>
      <property name="tests.enable_mock_modules" value=""/>
      <property name="tests.failfast" value=""/>
      <property name="tests.integration" value=""/>
      <property name="tests.iters" value=""/>
      <property name="tests.jvm.argline" value=""/>
      <property name="tests.maxfailures" value=""/>
      <property name="tests.method" value=""/>
      <property name="tests.network" value=""/>
      <property name="tests.nightly" value=""/>
      <property name="tests.prefix" value="tests"/>
      <property name="tests.rest" value=""/>
      <property name="tests.rest.spec" value=""/>
      <property name="tests.rest.suite" value=""/>
      <property name="tests.security.manager" value=""/>
      <property name="tests.seed" value="A89B4FF56754358E"/>
      <property name="tests.showSuccess" value=""/>
      <property name="tests.slow" value=""/>
      <property name="tests.timeoutSuite" value=""/>
      <property name="tests.weekly" value=""/>
      <property name="user.country" value="US"/>
      <property name="user.dir" value="/Users/bhwang/elasticsearch/target/J0"/>
      <property name="user.home" value="/Users/bhwang"/>
      <property name="user.language" value="en"/>
      <property name="user.name" value="bhwang"/>
      <property name="user.timezone" value=""/>
   </properties>
   <testcase classname="org.elasticsearch.search.aggregations.metrics.ExtendedStatsTests" name="testMultiValuedField" time="1.021"/>
   <testcase classname="org.elasticsearch.search.aggregations.metrics.ExtendedStatsTests" name="testScript_ExplicitSingleValued_WithParams" time="1.005"/>
   <testcase classname="org.elasticsearch.search.aggregations.metrics.ExtendedStatsTests" name="testScript_SingleValued_WithParams" time="0.595"/>
   <testcase classname="org.elasticsearch.search.aggregations.metrics.ExtendedStatsTests" name="testSingleValuedField_PartiallyUnmapped" time="0.769"/>
   <testcase classname="org.elasticsearch.search.aggregations.metrics.ExtendedStatsTests" name="testSingleValuedField_WithValueScript" time="0.674"/>
   <testcase classname="org.elasticsearch.search.aggregations.metrics.ExtendedStatsTests" name="testUnmapped" time="0.716"/>
   <testcase classname="org.elasticsearch.search.aggregations.metrics.ExtendedStatsTests" name="testScript_MultiValued_WithParams" time="0.454"/>
   <testcase classname="org.elasticsearch.search.aggregations.metrics.ExtendedStatsTests" name="testMultiValuedField_WithValueScript" time="0.609"/>
   <testcase classname="org.elasticsearch.search.aggregations.metrics.ExtendedStatsTests" name="testScript_ExplicitMultiValued" time="0.762"/>
   <testcase classname="org.elasticsearch.search.aggregations.metrics.ExtendedStatsTests" name="testSingleValuedField" time="0.982"/>
   <testcase classname="org.elasticsearch.search.aggregations.metrics.ExtendedStatsTests" name="testMultiValuedField_WithValueScript_WithParams" time="1.061"/>
   <testcase classname="org.elasticsearch.search.aggregations.metrics.ExtendedStatsTests" name="testScript_SingleValued" time="0.871"/>
   <testcase classname="org.elasticsearch.search.aggregations.metrics.ExtendedStatsTests" name="testEmptyAggregation" time="0.599"/>
   <testcase classname="org.elasticsearch.search.aggregations.metrics.ExtendedStatsTests" name="testSingleValuedField_WithValueScript_WithParams" time="0.744"/>
   <testcase classname="org.elasticsearch.search.aggregations.metrics.ExtendedStatsTests" name="testScript_MultiValued" time="1.075"/>
   <system-out><![CDATA[[2014-02-18 16:00:29,645][INFO ][test                     ] Test testMultiValuedField(org.elasticsearch.search.aggregations.metrics.ExtendedStatsTests) started
[2014-02-18 16:00:29,647][INFO ][node                     ] [node_0] stopping ...
[2014-02-18 16:00:29,659][INFO ][node                     ] [node_0] stopped
[2014-02-18 16:00:29,660][INFO ][node                     ] [node_0] closing ...
[2014-02-18 16:00:29,662][INFO ][node                     ] [node_0] closed
[2014-02-18 16:00:29,665][INFO ][plugins                  ] [transport_client_node_0] loaded [], sites []
[2014-02-18 16:00:29,728][INFO ][plugins                  ] [transport_client_node_1] loaded [], sites []
[2014-02-18 16:00:29,773][INFO ][search.aggregations.metrics] [ExtendedStatsTests#testMultiValuedField]: before test
[2014-02-18 16:00:29,785][INFO ][cluster.metadata         ] [node_0] [idx] creating index, cause [api], shards [1]/[0], mappings []
[2014-02-18 16:00:29,815][INFO ][cluster.metadata         ] [node_0] [idx_unmapped] creating index, cause [api], shards [2]/[1], mappings []
[2014-02-18 16:00:29,865][INFO ][plugins                  ] [transport_client_node_2] loaded [], sites []
[2014-02-18 16:00:29,911][INFO ][search.aggregations.metrics] Index [10] docs async: [true] bulk: [false]
[2014-02-18 16:00:29,928][INFO ][cluster.metadata         ] [node_0] [idx] update_mapping [type] (dynamic)
[2014-02-18 16:00:30,148][INFO ][cluster.metadata         ] [node_0] [empty_bucket_idx] creating index, cause [api], shards [3]/[1], mappings [type]
[2014-02-18 16:00:30,191][INFO ][search.aggregations.metrics] Index [2] docs async: [true] bulk: [false]
[2014-02-18 16:00:30,588][TRACE][action.search.type       ] [node_2] Moving to second phase, based on results from: [t8Mqv-hjRzqYCBodDxtrKQ][idx][0] (cluster state version: 7051)
[2014-02-18 16:00:30,589][INFO ][search.aggregations.metrics] [ExtendedStatsTests#testMultiValuedField]: cleaning up after test
[2014-02-18 16:00:30,591][INFO ][cluster.metadata         ] [node_0] [idx_unmapped] deleting index
[2014-02-18 16:00:30,607][INFO ][cluster.metadata         ] [node_0] [idx] deleting index
[2014-02-18 16:00:30,616][INFO ][cluster.metadata         ] [node_0] [empty_bucket_idx] deleting index
[2014-02-18 16:00:30,651][INFO ][search.aggregations.metrics] [ExtendedStatsTests#testMultiValuedField]: cleaned up after test
[2014-02-18 16:00:30,666][INFO ][test                     ] Test testMultiValuedField(org.elasticsearch.search.aggregations.metrics.ExtendedStatsTests) finished
[2014-02-18 16:00:30,667][INFO ][test                     ] Test testScript_ExplicitSingleValued_WithParams(org.elasticsearch.search.aggregations.metrics.ExtendedStatsTests) started
[2014-02-18 16:00:30,672][INFO ][plugins                  ] [transport_client_node_2] loaded [], sites []
[2014-02-18 16:00:30,697][INFO ][search.aggregations.metrics] [ExtendedStatsTests#testScript_ExplicitSingleValued_WithParams]: before test
[2014-02-18 16:00:30,704][INFO ][cluster.metadata         ] [node_0] [idx] creating index, cause [api], shards [4]/[1], mappings []
[2014-02-18 16:00:30,833][INFO ][cluster.metadata         ] [node_0] [idx_unmapped] creating index, cause [api], shards [4]/[1], mappings []
[2014-02-18 16:00:30,936][INFO ][search.aggregations.metrics] Index [10] docs async: [true] bulk: [false]
[2014-02-18 16:00:31,314][INFO ][cluster.metadata         ] [node_0] [idx] update_mapping [type] (dynamic)
[2014-02-18 16:00:31,379][INFO ][cluster.metadata         ] [node_0] [empty_bucket_idx] creating index, cause [api], shards [4]/[0], mappings [type]
[2014-02-18 16:00:31,467][INFO ][search.aggregations.metrics] Index [2] docs async: [true] bulk: [false]
[2014-02-18 16:00:31,503][TRACE][action.search.type       ] [node_1] Moving to second phase, based on results from: [t8Mqv-hjRzqYCBodDxtrKQ][idx][0],[tbUF3y2YTPm1TPdTF8YBYw][idx][3],[q75XUfcITqG3o93Z8EOFnw][idx][2],[q75XUfcITqG3o93Z8EOFnw][idx][1] (cluster state version: 7065)
[2014-02-18 16:00:31,505][INFO ][search.aggregations.metrics] [ExtendedStatsTests#testScript_ExplicitSingleValued_WithParams]: cleaning up after test
[2014-02-18 16:00:31,506][INFO ][cluster.metadata         ] [node_0] [idx_unmapped] deleting index
[2014-02-18 16:00:31,566][INFO ][cluster.metadata         ] [node_0] [idx] deleting index
[2014-02-18 16:00:31,648][INFO ][cluster.metadata         ] [node_0] [empty_bucket_idx] deleting index
[2014-02-18 16:00:31,668][INFO ][search.aggregations.metrics] [ExtendedStatsTests#testScript_ExplicitSingleValued_WithParams]: cleaned up after test
[2014-02-18 16:00:31,672][INFO ][test                     ] Test testScript_ExplicitSingleValued_WithParams(org.elasticsearch.search.aggregations.metrics.ExtendedStatsTests) finished
[2014-02-18 16:00:31,673][INFO ][test                     ] Test testScript_SingleValued_WithParams(org.elasticsearch.search.aggregations.metrics.ExtendedStatsTests) started
[2014-02-18 16:00:31,677][INFO ][search.aggregations.metrics] [ExtendedStatsTests#testScript_SingleValued_WithParams]: before test
[2014-02-18 16:00:31,687][INFO ][cluster.metadata         ] [node_0] [idx] creating index, cause [api], shards [5]/[0], mappings []
[2014-02-18 16:00:31,765][INFO ][cluster.metadata         ] [node_0] [idx_unmapped] creating index, cause [api], shards [1]/[0], mappings []
[2014-02-18 16:00:31,784][INFO ][search.aggregations.metrics] Index [10] docs async: [true] bulk: [false]
[2014-02-18 16:00:31,791][INFO ][cluster.metadata         ] [node_0] [idx] update_mapping [type] (dynamic)
[2014-02-18 16:00:32,058][INFO ][cluster.metadata         ] [node_0] [empty_bucket_idx] creating index, cause [api], shards [4]/[0], mappings [type]
[2014-02-18 16:00:32,139][INFO ][search.aggregations.metrics] Index [2] docs async: [true] bulk: [false]
[2014-02-18 16:00:32,190][TRACE][action.search.type       ] [node_2] Moving to second phase, based on results from: [q75XUfcITqG3o93Z8EOFnw][idx][4],[t8Mqv-hjRzqYCBodDxtrKQ][idx][3],[tbUF3y2YTPm1TPdTF8YBYw][idx][2],[q75XUfcITqG3o93Z8EOFnw][idx][1],[t8Mqv-hjRzqYCBodDxtrKQ][idx][0] (cluster state version: 7078)
[2014-02-18 16:00:32,191][INFO ][search.aggregations.metrics] [ExtendedStatsTests#testScript_SingleValued_WithParams]: cleaning up after test
[2014-02-18 16:00:32,192][INFO ][cluster.metadata         ] [node_0] [idx_unmapped] deleting index
[2014-02-18 16:00:32,222][INFO ][cluster.metadata         ] [node_0] [idx] deleting index
[2014-02-18 16:00:32,251][INFO ][cluster.metadata         ] [node_0] [empty_bucket_idx] deleting index
[2014-02-18 16:00:32,267][INFO ][search.aggregations.metrics] [ExtendedStatsTests#testScript_SingleValued_WithParams]: cleaned up after test
[2014-02-18 16:00:32,268][INFO ][test                     ] Test testScript_SingleValued_WithParams(org.elasticsearch.search.aggregations.metrics.ExtendedStatsTests) finished
[2014-02-18 16:00:32,268][INFO ][test                     ] Test testSingleValuedField_PartiallyUnmapped(org.elasticsearch.search.aggregations.metrics.ExtendedStatsTests) started
[2014-02-18 16:00:32,272][INFO ][plugins                  ] [transport_client_node_2] loaded [], sites []
[2014-02-18 16:00:32,294][INFO ][plugins                  ] [transport_client_node_1] loaded [], sites []
[2014-02-18 16:00:32,318][INFO ][search.aggregations.metrics] [ExtendedStatsTests#testSingleValuedField_PartiallyUnmapped]: before test
[2014-02-18 16:00:32,327][INFO ][cluster.metadata         ] [node_0] [idx] creating index, cause [api], shards [2]/[1], mappings []
[2014-02-18 16:00:32,388][INFO ][cluster.metadata         ] [node_0] [idx_unmapped] creating index, cause [api], shards [2]/[1], mappings []
[2014-02-18 16:00:32,414][INFO ][search.aggregations.metrics] Index [10] docs async: [true] bulk: [false]
[2014-02-18 16:00:32,561][INFO ][cluster.metadata         ] [node_0] [empty_bucket_idx] creating index, cause [api], shards [2]/[1], mappings [type]
[2014-02-18 16:00:32,594][INFO ][search.aggregations.metrics] Index [2] docs async: [true] bulk: [false]
[2014-02-18 16:00:32,620][INFO ][cluster.metadata         ] [node_0] [idx] update_mapping [type] (dynamic)
[2014-02-18 16:00:32,884][TRACE][action.search.type       ] [node_1] Moving to second phase, based on results from: [tbUF3y2YTPm1TPdTF8YBYw][idx][0],[tbUF3y2YTPm1TPdTF8YBYw][idx_unmapped][0],[tbUF3y2YTPm1TPdTF8YBYw][idx][1],[q75XUfcITqG3o93Z8EOFnw][idx_unmapped][1] (cluster state version: 7093)
[2014-02-18 16:00:32,885][INFO ][search.aggregations.metrics] [ExtendedStatsTests#testSingleValuedField_PartiallyUnmapped]: cleaning up after test
[2014-02-18 16:00:32,887][INFO ][cluster.metadata         ] [node_0] [idx_unmapped] deleting index
[2014-02-18 16:00:32,917][INFO ][cluster.metadata         ] [node_0] [idx] deleting index
[2014-02-18 16:00:33,003][INFO ][cluster.metadata         ] [node_0] [empty_bucket_idx] deleting index
[2014-02-18 16:00:33,029][INFO ][search.aggregations.metrics] [ExtendedStatsTests#testSingleValuedField_PartiallyUnmapped]: cleaned up after test
[2014-02-18 16:00:33,037][INFO ][test                     ] Test testSingleValuedField_PartiallyUnmapped(org.elasticsearch.search.aggregations.metrics.ExtendedStatsTests) finished
[2014-02-18 16:00:33,037][INFO ][test                     ] Test testSingleValuedField_WithValueScript(org.elasticsearch.search.aggregations.metrics.ExtendedStatsTests) started
[2014-02-18 16:00:33,043][INFO ][search.aggregations.metrics] [ExtendedStatsTests#testSingleValuedField_WithValueScript]: before test
[2014-02-18 16:00:33,053][INFO ][cluster.metadata         ] [node_0] [idx] creating index, cause [api], shards [5]/[0], mappings []
[2014-02-18 16:00:33,114][INFO ][cluster.metadata         ] [node_0] [idx_unmapped] creating index, cause [api], shards [4]/[0], mappings []
[2014-02-18 16:00:33,214][INFO ][search.aggregations.metrics] Index [10] docs async: [true] bulk: [false]
[2014-02-18 16:00:33,235][INFO ][cluster.metadata         ] [node_0] [idx] update_mapping [type] (dynamic)
[2014-02-18 16:00:33,440][INFO ][cluster.metadata         ] [node_0] [empty_bucket_idx] creating index, cause [api], shards [5]/[0], mappings [type]
[2014-02-18 16:00:33,521][INFO ][search.aggregations.metrics] Index [2] docs async: [true] bulk: [false]
[2014-02-18 16:00:33,600][TRACE][action.search.type       ] [node_0] Moving to second phase, based on results from: [q75XUfcITqG3o93Z8EOFnw][idx][4],[t8Mqv-hjRzqYCBodDxtrKQ][idx][3],[tbUF3y2YTPm1TPdTF8YBYw][idx][2],[q75XUfcITqG3o93Z8EOFnw][idx][1],[t8Mqv-hjRzqYCBodDxtrKQ][idx][0] (cluster state version: 7105)
[2014-02-18 16:00:33,604][INFO ][search.aggregations.metrics] [ExtendedStatsTests#testSingleValuedField_WithValueScript]: cleaning up after test
[2014-02-18 16:00:33,605][INFO ][cluster.metadata         ] [node_0] [idx_unmapped] deleting index
[2014-02-18 16:00:33,649][INFO ][cluster.metadata         ] [node_0] [idx] deleting index
[2014-02-18 16:00:33,685][INFO ][cluster.metadata         ] [node_0] [empty_bucket_idx] deleting index
[2014-02-18 16:00:33,710][INFO ][search.aggregations.metrics] [ExtendedStatsTests#testSingleValuedField_WithValueScript]: cleaned up after test
[2014-02-18 16:00:33,711][INFO ][test                     ] Test testSingleValuedField_WithValueScript(org.elasticsearch.search.aggregations.metrics.ExtendedStatsTests) finished
[2014-02-18 16:00:33,712][INFO ][test                     ] Test testUnmapped(org.elasticsearch.search.aggregations.metrics.ExtendedStatsTests) started
[2014-02-18 16:00:33,716][INFO ][search.aggregations.metrics] [ExtendedStatsTests#testUnmapped]: before test
[2014-02-18 16:00:33,723][INFO ][cluster.metadata         ] [node_0] [idx] creating index, cause [api], shards [4]/[0], mappings []
[2014-02-18 16:00:33,784][INFO ][cluster.metadata         ] [node_0] [idx_unmapped] creating index, cause [api], shards [5]/[0], mappings []
[2014-02-18 16:00:33,867][INFO ][search.aggregations.metrics] Index [10] docs async: [true] bulk: [false]
[2014-02-18 16:00:33,878][INFO ][cluster.metadata         ] [node_0] [idx] update_mapping [type] (dynamic)
[2014-02-18 16:00:34,218][INFO ][cluster.metadata         ] [node_0] [empty_bucket_idx] creating index, cause [api], shards [3]/[0], mappings [type]
[2014-02-18 16:00:34,265][INFO ][search.aggregations.metrics] Index [2] docs async: [true] bulk: [false]
[2014-02-18 16:00:34,345][TRACE][action.search.type       ] [node_0] Moving to second phase, based on results from: [q75XUfcITqG3o93Z8EOFnw][idx_unmapped][0],[tbUF3y2YTPm1TPdTF8YBYw][idx_unmapped][1],[t8Mqv-hjRzqYCBodDxtrKQ][idx_unmapped][2],[q75XUfcITqG3o93Z8EOFnw][idx_unmapped][3],[tbUF3y2YTPm1TPdTF8YBYw][idx_unmapped][4] (cluster state version: 7117)
[2014-02-18 16:00:34,346][INFO ][search.aggregations.metrics] [ExtendedStatsTests#testUnmapped]: cleaning up after test
[2014-02-18 16:00:34,347][INFO ][cluster.metadata         ] [node_0] [idx_unmapped] deleting index
[2014-02-18 16:00:34,385][INFO ][cluster.metadata         ] [node_0] [idx] deleting index
[2014-02-18 16:00:34,410][INFO ][cluster.metadata         ] [node_0] [empty_bucket_idx] deleting index
[2014-02-18 16:00:34,427][INFO ][search.aggregations.metrics] [ExtendedStatsTests#testUnmapped]: cleaned up after test
[2014-02-18 16:00:34,427][INFO ][test                     ] Test testUnmapped(org.elasticsearch.search.aggregations.metrics.ExtendedStatsTests) finished
[2014-02-18 16:00:34,428][INFO ][test                     ] Test testScript_MultiValued_WithParams(org.elasticsearch.search.aggregations.metrics.ExtendedStatsTests) started
[2014-02-18 16:00:34,432][INFO ][plugins                  ] [transport_client_node_1] loaded [], sites []
[2014-02-18 16:00:34,458][INFO ][plugins                  ] [transport_client_node_0] loaded [], sites []
[2014-02-18 16:00:34,482][INFO ][search.aggregations.metrics] [ExtendedStatsTests#testScript_MultiValued_WithParams]: before test
[2014-02-18 16:00:34,491][INFO ][cluster.metadata         ] [node_0] [idx] creating index, cause [api], shards [2]/[0], mappings []
[2014-02-18 16:00:34,528][INFO ][cluster.metadata         ] [node_0] [idx_unmapped] creating index, cause [api], shards [2]/[0], mappings []
[2014-02-18 16:00:34,559][INFO ][search.aggregations.metrics] Index [10] docs async: [true] bulk: [false]
[2014-02-18 16:00:34,586][INFO ][cluster.metadata         ] [node_0] [idx] update_mapping [type] (dynamic)
[2014-02-18 16:00:34,765][INFO ][cluster.metadata         ] [node_0] [empty_bucket_idx] creating index, cause [api], shards [1]/[0], mappings [type]
[2014-02-18 16:00:34,784][INFO ][search.aggregations.metrics] Index [2] docs async: [true] bulk: [false]
[2014-02-18 16:00:34,805][TRACE][action.search.type       ] [node_1] Moving to second phase, based on results from: [t8Mqv-hjRzqYCBodDxtrKQ][idx][0],[q75XUfcITqG3o93Z8EOFnw][idx][1] (cluster state version: 7129)
[2014-02-18 16:00:34,806][INFO ][search.aggregations.metrics] [ExtendedStatsTests#testScript_MultiValued_WithParams]: cleaning up after test
[2014-02-18 16:00:34,807][INFO ][cluster.metadata         ] [node_0] [idx_unmapped] deleting index
[2014-02-18 16:00:34,832][INFO ][cluster.metadata         ] [node_0] [idx] deleting index
[2014-02-18 16:00:34,857][INFO ][cluster.metadata         ] [node_0] [empty_bucket_idx] deleting index
[2014-02-18 16:00:34,874][INFO ][search.aggregations.metrics] [ExtendedStatsTests#testScript_MultiValued_WithParams]: cleaned up after test
[2014-02-18 16:00:34,882][INFO ][test                     ] Test testScript_MultiValued_WithParams(org.elasticsearch.search.aggregations.metrics.ExtendedStatsTests) finished
[2014-02-18 16:00:34,882][INFO ][test                     ] Test testMultiValuedField_WithValueScript(org.elasticsearch.search.aggregations.metrics.ExtendedStatsTests) started
[2014-02-18 16:00:34,887][INFO ][plugins                  ] [transport_client_node_0] loaded [], sites []
[2014-02-18 16:00:34,915][INFO ][search.aggregations.metrics] [ExtendedStatsTests#testMultiValuedField_WithValueScript]: before test
[2014-02-18 16:00:34,916][INFO ][plugins                  ] [transport_client_node_2] loaded [], sites []
[2014-02-18 16:00:34,950][INFO ][cluster.metadata         ] [node_0] [idx] creating index, cause [api], shards [1]/[1], mappings []
[2014-02-18 16:00:35,001][INFO ][cluster.metadata         ] [node_0] [idx_unmapped] creating index, cause [api], shards [1]/[0], mappings []
[2014-02-18 16:00:35,020][INFO ][plugins                  ] [transport_client_node_1] loaded [], sites []
[2014-02-18 16:00:35,041][INFO ][search.aggregations.metrics] Index [10] docs async: [true] bulk: [false]
[2014-02-18 16:00:35,057][INFO ][cluster.metadata         ] [node_0] [idx] update_mapping [type] (dynamic)
[2014-02-18 16:00:35,261][INFO ][cluster.metadata         ] [node_0] [empty_bucket_idx] creating index, cause [api], shards [4]/[0], mappings [type]
[2014-02-18 16:00:35,309][INFO ][search.aggregations.metrics] Index [2] docs async: [true] bulk: [false]
[2014-02-18 16:00:35,394][TRACE][action.search.type       ] [node_1] Moving to second phase, based on results from: [q75XUfcITqG3o93Z8EOFnw][idx][0] (cluster state version: 7141)
[2014-02-18 16:00:35,395][INFO ][search.aggregations.metrics] [ExtendedStatsTests#testMultiValuedField_WithValueScript]: cleaning up after test
[2014-02-18 16:00:35,396][INFO ][cluster.metadata         ] [node_0] [idx_unmapped] deleting index
[2014-02-18 16:00:35,427][INFO ][cluster.metadata         ] [node_0] [idx] deleting index
[2014-02-18 16:00:35,464][INFO ][cluster.metadata         ] [node_0] [empty_bucket_idx] deleting index
[2014-02-18 16:00:35,481][INFO ][search.aggregations.metrics] [ExtendedStatsTests#testMultiValuedField_WithValueScript]: cleaned up after test
[2014-02-18 16:00:35,491][INFO ][test                     ] Test testMultiValuedField_WithValueScript(org.elasticsearch.search.aggregations.metrics.ExtendedStatsTests) finished
[2014-02-18 16:00:35,491][INFO ][test                     ] Test testScript_ExplicitMultiValued(org.elasticsearch.search.aggregations.metrics.ExtendedStatsTests) started
[2014-02-18 16:00:35,495][INFO ][plugins                  ] [transport_client_node_1] loaded [], sites []
[2014-02-18 16:00:35,519][INFO ][search.aggregations.metrics] [ExtendedStatsTests#testScript_ExplicitMultiValued]: before test
[2014-02-18 16:00:35,527][INFO ][cluster.metadata         ] [node_0] [idx] creating index, cause [api], shards [5]/[0], mappings []
[2014-02-18 16:00:35,599][INFO ][cluster.metadata         ] [node_0] [idx_unmapped] creating index, cause [api], shards [4]/[1], mappings []
[2014-02-18 16:00:35,671][INFO ][search.aggregations.metrics] Index [10] docs async: [true] bulk: [false]
[2014-02-18 16:00:35,803][INFO ][cluster.metadata         ] [node_0] [idx] update_mapping [type] (dynamic)
[2014-02-18 16:00:35,938][INFO ][cluster.metadata         ] [node_0] [empty_bucket_idx] creating index, cause [api], shards [4]/[0], mappings [type]
[2014-02-18 16:00:36,050][INFO ][search.aggregations.metrics] Index [2] docs async: [true] bulk: [false]
[2014-02-18 16:00:36,117][TRACE][action.search.type       ] [node_0] Moving to second phase, based on results from: [q75XUfcITqG3o93Z8EOFnw][idx][4],[t8Mqv-hjRzqYCBodDxtrKQ][idx][3],[tbUF3y2YTPm1TPdTF8YBYw][idx][2],[q75XUfcITqG3o93Z8EOFnw][idx][1],[t8Mqv-hjRzqYCBodDxtrKQ][idx][0] (cluster state version: 7157)
[2014-02-18 16:00:36,118][INFO ][search.aggregations.metrics] [ExtendedStatsTests#testScript_ExplicitMultiValued]: cleaning up after test
[2014-02-18 16:00:36,120][INFO ][cluster.metadata         ] [node_0] [idx_unmapped] deleting index
[2014-02-18 16:00:36,187][INFO ][cluster.metadata         ] [node_0] [idx] deleting index
[2014-02-18 16:00:36,229][INFO ][cluster.metadata         ] [node_0] [empty_bucket_idx] deleting index
[2014-02-18 16:00:36,248][INFO ][search.aggregations.metrics] [ExtendedStatsTests#testScript_ExplicitMultiValued]: cleaned up after test
[2014-02-18 16:00:36,253][INFO ][test                     ] Test testScript_ExplicitMultiValued(org.elasticsearch.search.aggregations.metrics.ExtendedStatsTests) finished
[2014-02-18 16:00:36,254][INFO ][test                     ] Test testSingleValuedField(org.elasticsearch.search.aggregations.metrics.ExtendedStatsTests) started
[2014-02-18 16:00:36,259][INFO ][search.aggregations.metrics] [ExtendedStatsTests#testSingleValuedField]: before test
[2014-02-18 16:00:36,269][INFO ][cluster.metadata         ] [node_0] [idx] creating index, cause [api], shards [3]/[1], mappings []
[2014-02-18 16:00:36,311][INFO ][plugins                  ] [transport_client_node_2] loaded [], sites []
[2014-02-18 16:00:36,362][INFO ][cluster.metadata         ] [node_0] [idx_unmapped] creating index, cause [api], shards [5]/[0], mappings []
[2014-02-18 16:00:36,484][INFO ][search.aggregations.metrics] Index [10] docs async: [true] bulk: [false]
[2014-02-18 16:00:36,491][INFO ][cluster.metadata         ] [node_0] [idx] update_mapping [type] (dynamic)
[2014-02-18 16:00:36,891][INFO ][cluster.metadata         ] [node_0] [empty_bucket_idx] creating index, cause [api], shards [4]/[0], mappings [type]
[2014-02-18 16:00:37,051][INFO ][search.aggregations.metrics] Index [2] docs async: [true] bulk: [false]
[2014-02-18 16:00:37,100][TRACE][action.search.type       ] [node_2] Moving to second phase, based on results from: [q75XUfcITqG3o93Z8EOFnw][idx][0],[t8Mqv-hjRzqYCBodDxtrKQ][idx][2],[q75XUfcITqG3o93Z8EOFnw][idx][1] (cluster state version: 7170)
[2014-02-18 16:00:37,102][INFO ][search.aggregations.metrics] [ExtendedStatsTests#testSingleValuedField]: cleaning up after test
[2014-02-18 16:00:37,103][INFO ][cluster.metadata         ] [node_0] [idx_unmapped] deleting index
[2014-02-18 16:00:37,143][INFO ][cluster.metadata         ] [node_0] [idx] deleting index
[2014-02-18 16:00:37,197][INFO ][cluster.metadata         ] [node_0] [empty_bucket_idx] deleting index
[2014-02-18 16:00:37,230][INFO ][search.aggregations.metrics] [ExtendedStatsTests#testSingleValuedField]: cleaned up after test
[2014-02-18 16:00:37,236][INFO ][test                     ] Test testSingleValuedField(org.elasticsearch.search.aggregations.metrics.ExtendedStatsTests) finished
[2014-02-18 16:00:37,237][INFO ][test                     ] Test testMultiValuedField_WithValueScript_WithParams(org.elasticsearch.search.aggregations.metrics.ExtendedStatsTests) started
[2014-02-18 16:00:37,243][INFO ][plugins                  ] [transport_client_node_0] loaded [], sites []
[2014-02-18 16:00:37,274][INFO ][plugins                  ] [transport_client_node_2] loaded [], sites []
[2014-02-18 16:00:37,303][INFO ][search.aggregations.metrics] [ExtendedStatsTests#testMultiValuedField_WithValueScript_WithParams]: before test
[2014-02-18 16:00:37,311][INFO ][cluster.metadata         ] [node_0] [idx] creating index, cause [api], shards [4]/[1], mappings []
[2014-02-18 16:00:37,372][INFO ][plugins                  ] [transport_client_node_1] loaded [], sites []
[2014-02-18 16:00:37,523][INFO ][cluster.metadata         ] [node_0] [idx_unmapped] creating index, cause [api], shards [2]/[0], mappings []
[2014-02-18 16:00:37,561][INFO ][search.aggregations.metrics] Index [10] docs async: [true] bulk: [false]
[2014-02-18 16:00:37,855][INFO ][cluster.metadata         ] [node_0] [idx] update_mapping [type] (dynamic)
[2014-02-18 16:00:37,905][INFO ][cluster.metadata         ] [node_0] [empty_bucket_idx] creating index, cause [api], shards [1]/[1], mappings [type]
[2014-02-18 16:00:37,935][INFO ][search.aggregations.metrics] Index [2] docs async: [true] bulk: [false]
[2014-02-18 16:00:38,218][TRACE][action.search.type       ] [node_1] Moving to second phase, based on results from: [q75XUfcITqG3o93Z8EOFnw][idx][0],[t8Mqv-hjRzqYCBodDxtrKQ][idx][3],[q75XUfcITqG3o93Z8EOFnw][idx][2],[tbUF3y2YTPm1TPdTF8YBYw][idx][1] (cluster state version: 7183)
[2014-02-18 16:00:38,219][INFO ][search.aggregations.metrics] [ExtendedStatsTests#testMultiValuedField_WithValueScript_WithParams]: cleaning up after test
[2014-02-18 16:00:38,220][INFO ][cluster.metadata         ] [node_0] [idx_unmapped] deleting index
[2014-02-18 16:00:38,228][INFO ][cluster.metadata         ] [node_0] [idx] deleting index
[2014-02-18 16:00:38,275][INFO ][cluster.metadata         ] [node_0] [empty_bucket_idx] deleting index
[2014-02-18 16:00:38,288][INFO ][search.aggregations.metrics] [ExtendedStatsTests#testMultiValuedField_WithValueScript_WithParams]: cleaned up after test
[2014-02-18 16:00:38,298][INFO ][test                     ] Test testMultiValuedField_WithValueScript_WithParams(org.elasticsearch.search.aggregations.metrics.ExtendedStatsTests) finished
[2014-02-18 16:00:38,298][INFO ][test                     ] Test testScript_SingleValued(org.elasticsearch.search.aggregations.metrics.ExtendedStatsTests) started
[2014-02-18 16:00:38,301][INFO ][search.aggregations.metrics] [ExtendedStatsTests#testScript_SingleValued]: before test
[2014-02-18 16:00:38,303][INFO ][plugins                  ] [transport_client_node_1] loaded [], sites []
[2014-02-18 16:00:38,330][INFO ][cluster.metadata         ] [node_0] [idx] creating index, cause [api], shards [2]/[1], mappings []
[2014-02-18 16:00:38,410][INFO ][cluster.metadata         ] [node_0] [idx_unmapped] creating index, cause [api], shards [2]/[1], mappings []
[2014-02-18 16:00:38,437][INFO ][search.aggregations.metrics] Index [10] docs async: [true] bulk: [false]
[2014-02-18 16:00:38,815][INFO ][cluster.metadata         ] [node_0] [empty_bucket_idx] creating index, cause [api], shards [1]/[1], mappings [type]
[2014-02-18 16:00:38,837][INFO ][search.aggregations.metrics] Index [2] docs async: [true] bulk: [false]
[2014-02-18 16:00:38,855][INFO ][cluster.metadata         ] [node_0] [idx] update_mapping [type] (dynamic)
[2014-02-18 16:00:39,076][TRACE][action.search.type       ] [node_1] Moving to second phase, based on results from: [tbUF3y2YTPm1TPdTF8YBYw][idx][0],[tbUF3y2YTPm1TPdTF8YBYw][idx][1] (cluster state version: 7197)
[2014-02-18 16:00:39,078][INFO ][search.aggregations.metrics] [ExtendedStatsTests#testScript_SingleValued]: cleaning up after test
[2014-02-18 16:00:39,079][INFO ][cluster.metadata         ] [node_0] [idx_unmapped] deleting index
[2014-02-18 16:00:39,099][INFO ][cluster.metadata         ] [node_0] [idx] deleting index
[2014-02-18 16:00:39,150][INFO ][cluster.metadata         ] [node_0] [empty_bucket_idx] deleting index
[2014-02-18 16:00:39,165][INFO ][search.aggregations.metrics] [ExtendedStatsTests#testScript_SingleValued]: cleaned up after test
[2014-02-18 16:00:39,168][INFO ][test                     ] Test testScript_SingleValued(org.elasticsearch.search.aggregations.metrics.ExtendedStatsTests) finished
[2014-02-18 16:00:39,169][INFO ][test                     ] Test testEmptyAggregation(org.elasticsearch.search.aggregations.metrics.ExtendedStatsTests) started
[2014-02-18 16:00:39,174][INFO ][search.aggregations.metrics] [ExtendedStatsTests#testEmptyAggregation]: before test
[2014-02-18 16:00:39,183][INFO ][cluster.metadata         ] [node_0] [idx] creating index, cause [api], shards [1]/[1], mappings []
[2014-02-18 16:00:39,207][INFO ][plugins                  ] [transport_client_node_1] loaded [], sites []
[2014-02-18 16:00:39,243][INFO ][cluster.metadata         ] [node_0] [idx_unmapped] creating index, cause [api], shards [2]/[1], mappings []
[2014-02-18 16:00:39,277][INFO ][search.aggregations.metrics] Index [10] docs async: [true] bulk: [false]
[2014-02-18 16:00:39,352][INFO ][cluster.metadata         ] [node_0] [idx] update_mapping [type] (dynamic)
[2014-02-18 16:00:39,576][INFO ][cluster.metadata         ] [node_0] [empty_bucket_idx] creating index, cause [api], shards [2]/[0], mappings [type]
[2014-02-18 16:00:39,606][INFO ][search.aggregations.metrics] Index [2] docs async: [true] bulk: [false]
[2014-02-18 16:00:39,655][TRACE][action.search.type       ] [node_0] Moving to second phase, based on results from: [t8Mqv-hjRzqYCBodDxtrKQ][empty_bucket_idx][0],[q75XUfcITqG3o93Z8EOFnw][empty_bucket_idx][1] (cluster state version: 7211)
[2014-02-18 16:00:39,656][INFO ][search.aggregations.metrics] [ExtendedStatsTests#testEmptyAggregation]: cleaning up after test
[2014-02-18 16:00:39,658][INFO ][cluster.metadata         ] [node_0] [idx_unmapped] deleting index
[2014-02-18 16:00:39,718][INFO ][cluster.metadata         ] [node_0] [idx] deleting index
[2014-02-18 16:00:39,753][INFO ][cluster.metadata         ] [node_0] [empty_bucket_idx] deleting index
[2014-02-18 16:00:39,764][INFO ][search.aggregations.metrics] [ExtendedStatsTests#testEmptyAggregation]: cleaned up after test
[2014-02-18 16:00:39,767][INFO ][test                     ] Test testEmptyAggregation(org.elasticsearch.search.aggregations.metrics.ExtendedStatsTests) finished
[2014-02-18 16:00:39,768][INFO ][test                     ] Test testSingleValuedField_WithValueScript_WithParams(org.elasticsearch.search.aggregations.metrics.ExtendedStatsTests) started
[2014-02-18 16:00:39,771][INFO ][plugins                  ] [transport_client_node_0] loaded [], sites []
[2014-02-18 16:00:39,795][INFO ][search.aggregations.metrics] [ExtendedStatsTests#testSingleValuedField_WithValueScript_WithParams]: before test
[2014-02-18 16:00:39,802][INFO ][cluster.metadata         ] [node_0] [idx] creating index, cause [api], shards [4]/[1], mappings []
[2014-02-18 16:00:39,945][INFO ][cluster.metadata         ] [node_0] [idx_unmapped] creating index, cause [api], shards [1]/[1], mappings []
[2014-02-18 16:00:39,977][INFO ][search.aggregations.metrics] Index [10] docs async: [true] bulk: [false]
[2014-02-18 16:00:39,987][INFO ][cluster.metadata         ] [node_0] [idx] update_mapping [type] (dynamic)
[2014-02-18 16:00:40,354][INFO ][cluster.metadata         ] [node_0] [empty_bucket_idx] creating index, cause [api], shards [1]/[0], mappings [type]
[2014-02-18 16:00:40,386][INFO ][search.aggregations.metrics] Index [2] docs async: [false] bulk: [false]
[2014-02-18 16:00:40,408][TRACE][action.search.type       ] [node_1] Moving to second phase, based on results from: [q75XUfcITqG3o93Z8EOFnw][idx][0],[tbUF3y2YTPm1TPdTF8YBYw][idx][3],[tbUF3y2YTPm1TPdTF8YBYw][idx][2],[q75XUfcITqG3o93Z8EOFnw][idx][1] (cluster state version: 7227)
[2014-02-18 16:00:40,410][INFO ][search.aggregations.metrics] [ExtendedStatsTests#testSingleValuedField_WithValueScript_WithParams]: cleaning up after test
[2014-02-18 16:00:40,411][INFO ][cluster.metadata         ] [node_0] [idx_unmapped] deleting index
[2014-02-18 16:00:40,452][INFO ][cluster.metadata         ] [node_0] [idx] deleting index
[2014-02-18 16:00:40,499][INFO ][cluster.metadata         ] [node_0] [empty_bucket_idx] deleting index
[2014-02-18 16:00:40,508][INFO ][search.aggregations.metrics] [ExtendedStatsTests#testSingleValuedField_WithValueScript_WithParams]: cleaned up after test
[2014-02-18 16:00:40,511][INFO ][test                     ] Test testSingleValuedField_WithValueScript_WithParams(org.elasticsearch.search.aggregations.metrics.ExtendedStatsTests) finished
[2014-02-18 16:00:40,512][INFO ][test                     ] Test testScript_MultiValued(org.elasticsearch.search.aggregations.metrics.ExtendedStatsTests) started
[2014-02-18 16:00:40,515][INFO ][plugins                  ] [transport_client_node_0] loaded [], sites []
[2014-02-18 16:00:40,538][INFO ][plugins                  ] [transport_client_node_1] loaded [], sites []
[2014-02-18 16:00:40,561][INFO ][search.aggregations.metrics] [ExtendedStatsTests#testScript_MultiValued]: before test
[2014-02-18 16:00:40,569][INFO ][cluster.metadata         ] [node_0] [idx] creating index, cause [api], shards [5]/[1], mappings []
[2014-02-18 16:00:40,713][INFO ][cluster.metadata         ] [node_0] [idx_unmapped] creating index, cause [api], shards [3]/[0], mappings []
[2014-02-18 16:00:40,885][INFO ][search.aggregations.metrics] Index [10] docs async: [false] bulk: [true]
[2014-02-18 16:00:41,079][INFO ][cluster.metadata         ] [node_0] [idx] update_mapping [type] (dynamic)
[2014-02-18 16:00:41,192][INFO ][cluster.metadata         ] [node_0] [empty_bucket_idx] creating index, cause [api], shards [2]/[1], mappings [type]
[2014-02-18 16:00:41,273][INFO ][search.aggregations.metrics] Index [2] docs async: [true] bulk: [false]
[2014-02-18 16:00:41,513][TRACE][action.search.type       ] [node_0] Moving to second phase, based on results from: [q75XUfcITqG3o93Z8EOFnw][idx][4],[t8Mqv-hjRzqYCBodDxtrKQ][idx][3],[tbUF3y2YTPm1TPdTF8YBYw][idx][2],[q75XUfcITqG3o93Z8EOFnw][idx][1],[tbUF3y2YTPm1TPdTF8YBYw][idx][0] (cluster state version: 7241)
[2014-02-18 16:00:41,515][INFO ][search.aggregations.metrics] [ExtendedStatsTests#testScript_MultiValued]: cleaning up after test
[2014-02-18 16:00:41,517][INFO ][cluster.metadata         ] [node_0] [idx_unmapped] deleting index
[2014-02-18 16:00:41,529][INFO ][cluster.metadata         ] [node_0] [idx] deleting index
[2014-02-18 16:00:41,560][INFO ][cluster.metadata         ] [node_0] [empty_bucket_idx] deleting index
[2014-02-18 16:00:41,579][INFO ][search.aggregations.metrics] [ExtendedStatsTests#testScript_MultiValued]: cleaned up after test
[2014-02-18 16:00:41,587][INFO ][test                     ] Test testScript_MultiValued(org.elasticsearch.search.aggregations.metrics.ExtendedStatsTests) finished
]]></system-out>
   <system-err><![CDATA[]]></system-err>
</testsuite>