<testsuite errors="0" failures="0" tests="14" skipped="0" name="org.elasticsearch.search.functionscore.DecayFunctionScoreTests" hostname="nohost.nodomain" time="9.297" timestamp="2014-02-18T15:55:40">
   <properties class="java.util.ArrayList">
      <property name="awt.toolkit" value="sun.lwawt.macosx.LWCToolkit"/>
      <property name="es.logger.level" value="INFO"/>
      <property name="es.logger.prefix" value=""/>
      <property name="es.node.local" value=""/>
      <property name="es.node.mode" value=""/>
      <property name="file.encoding" value="UTF-8"/>
      <property name="file.encoding.pkg" value="sun.io"/>
      <property name="file.separator" value="/"/>
      <property name="ftp.nonProxyHosts" value="local|*.local|169.254/16|*.169.254/16"/>
      <property name="gopherProxySet" value="false"/>
      <property name="http.nonProxyHosts" value="local|*.local|169.254/16|*.169.254/16"/>
      <property name="java.awt.graphicsenv" value="sun.awt.CGraphicsEnvironment"/>
      <property name="java.awt.headless" value="true"/>
      <property name="java.awt.printerjob" value="sun.lwawt.macosx.CPrinterJob"/>
      <property name="java.class.path" value="/Users/bhwang/elasticsearch/target/test-classes:/Users/bhwang/elasticsearch/target/classes:/Users/bhwang/.m2/repository/org/hamcrest/hamcrest-all/1.3/hamcrest-all-1.3.jar:/Users/bhwang/.m2/repository/com/carrotsearch/randomizedtesting/randomizedtesting-runner/2.0.15/randomizedtesting-runner-2.0.15.jar:/Users/bhwang/.m2/repository/junit/junit/4.10/junit-4.10.jar:/Users/bhwang/.m2/repository/org/apache/lucene/lucene-test-framework/4.6.1/lucene-test-framework-4.6.1.jar:/Users/bhwang/.m2/repository/org/apache/lucene/lucene-expressions/4.6.1/lucene-expressions-4.6.1.jar:/Users/bhwang/.m2/repository/org/antlr/antlr-runtime/3.5/antlr-runtime-3.5.jar:/Users/bhwang/.m2/repository/org/ow2/asm/asm/4.1/asm-4.1.jar:/Users/bhwang/.m2/repository/org/ow2/asm/asm-commons/4.1/asm-commons-4.1.jar:/Users/bhwang/.m2/repository/org/apache/httpcomponents/httpclient/4.3.1/httpclient-4.3.1.jar:/Users/bhwang/.m2/repository/org/apache/httpcomponents/httpcore/4.3/httpcore-4.3.jar:/Users/bhwang/.m2/repository/commons-logging/commons-logging/1.1.3/commons-logging-1.1.3.jar:/Users/bhwang/.m2/repository/commons-codec/commons-codec/1.6/commons-codec-1.6.jar:/Users/bhwang/.m2/repository/org/apache/lucene/lucene-core/4.6.1/lucene-core-4.6.1.jar:/Users/bhwang/.m2/repository/org/apache/lucene/lucene-analyzers-common/4.6.1/lucene-analyzers-common-4.6.1.jar:/Users/bhwang/.m2/repository/org/apache/lucene/lucene-codecs/4.6.1/lucene-codecs-4.6.1.jar:/Users/bhwang/.m2/repository/org/apache/lucene/lucene-queries/4.6.1/lucene-queries-4.6.1.jar:/Users/bhwang/.m2/repository/org/apache/lucene/lucene-memory/4.6.1/lucene-memory-4.6.1.jar:/Users/bhwang/.m2/repository/org/apache/lucene/lucene-highlighter/4.6.1/lucene-highlighter-4.6.1.jar:/Users/bhwang/.m2/repository/org/apache/lucene/lucene-queryparser/4.6.1/lucene-queryparser-4.6.1.jar:/Users/bhwang/.m2/repository/org/apache/lucene/lucene-sandbox/4.6.1/lucene-sandbox-4.6.1.jar:/Users/bhwang/.m2/repository/org/apache/lucene/lucene-suggest/4.6.1/lucene-suggest-4.6.1.jar:/Users/bhwang/.m2/repository/org/apache/lucene/lucene-misc/4.6.1/lucene-misc-4.6.1.jar:/Users/bhwang/.m2/repository/org/apache/lucene/lucene-join/4.6.1/lucene-join-4.6.1.jar:/Users/bhwang/.m2/repository/org/apache/lucene/lucene-grouping/4.6.1/lucene-grouping-4.6.1.jar:/Users/bhwang/.m2/repository/org/apache/lucene/lucene-spatial/4.6.1/lucene-spatial-4.6.1.jar:/Users/bhwang/.m2/repository/com/spatial4j/spatial4j/0.3/spatial4j-0.3.jar:/Users/bhwang/.m2/repository/com/vividsolutions/jts/1.12/jts-1.12.jar:/Users/bhwang/.m2/repository/com/google/guava/guava/16.0/guava-16.0.jar:/Users/bhwang/.m2/repository/com/carrotsearch/hppc/0.5.3/hppc-0.5.3.jar:/Users/bhwang/.m2/repository/joda-time/joda-time/2.3/joda-time-2.3.jar:/Users/bhwang/.m2/repository/org/joda/joda-convert/1.2/joda-convert-1.2.jar:/Users/bhwang/.m2/repository/org/mvel/mvel2/2.1.5.Final/mvel2-2.1.5.Final.jar:/Users/bhwang/.m2/repository/com/fasterxml/jackson/core/jackson-core/2.3.0/jackson-core-2.3.0.jar:/Users/bhwang/.m2/repository/com/fasterxml/jackson/dataformat/jackson-dataformat-smile/2.3.0/jackson-dataformat-smile-2.3.0.jar:/Users/bhwang/.m2/repository/com/fasterxml/jackson/dataformat/jackson-dataformat-yaml/2.3.0/jackson-dataformat-yaml-2.3.0.jar:/Users/bhwang/.m2/repository/io/netty/netty/3.9.0.Final/netty-3.9.0.Final.jar:/Users/bhwang/.m2/repository/com/ning/compress-lzf/0.9.6/compress-lzf-0.9.6.jar:/Users/bhwang/.m2/repository/log4j/log4j/1.2.17/log4j-1.2.17.jar:/Users/bhwang/.m2/repository/org/slf4j/slf4j-api/1.6.2/slf4j-api-1.6.2.jar:/Users/bhwang/.m2/repository/net/java/dev/jna/jna/3.3.0/jna-3.3.0.jar:/Users/bhwang/.m2/repository/org/fusesource/sigar/1.6.4/sigar-1.6.4.jar:/Users/bhwang/.m2/repository/com/carrotsearch/randomizedtesting/junit4-ant/2.0.15/junit4-ant-2.0.15.jar"/>
      <property name="java.class.version" value="51.0"/>
      <property name="java.endorsed.dirs" value="/Library/Java/JavaVirtualMachines/jdk1.7.0_45.jdk/Contents/Home/jre/lib/endorsed"/>
      <property name="java.ext.dirs" value="/Users/bhwang/Library/Java/Extensions:/Library/Java/JavaVirtualMachines/jdk1.7.0_45.jdk/Contents/Home/jre/lib/ext:/Library/Java/Extensions:/Network/Library/Java/Extensions:/System/Library/Java/Extensions:/usr/lib/java"/>
      <property name="java.home" value="/Library/Java/JavaVirtualMachines/jdk1.7.0_45.jdk/Contents/Home/jre"/>
      <property name="java.io.tmpdir" value="."/>
      <property name="java.library.path" value="/Users/bhwang/Library/Java/Extensions:/Library/Java/Extensions:/Network/Library/Java/Extensions:/System/Library/Java/Extensions:/usr/lib/java:."/>
      <property name="java.runtime.name" value="Java(TM) SE Runtime Environment"/>
      <property name="java.runtime.version" value="1.7.0_45-b18"/>
      <property name="java.security.policy" value="/Users/bhwang/elasticsearch/dev-tools/tests.policy"/>
      <property name="java.specification.name" value="Java Platform API Specification"/>
      <property name="java.specification.vendor" value="Oracle Corporation"/>
      <property name="java.specification.version" value="1.7"/>
      <property name="java.vendor" value="Oracle Corporation"/>
      <property name="java.vendor.url" value="http://java.oracle.com/"/>
      <property name="java.vendor.url.bug" value="http://bugreport.sun.com/bugreport/"/>
      <property name="java.version" value="1.7.0_45"/>
      <property name="java.vm.info" value="mixed mode"/>
      <property name="java.vm.name" value="Java HotSpot(TM) 64-Bit Server VM"/>
      <property name="java.vm.specification.name" value="Java Virtual Machine Specification"/>
      <property name="java.vm.specification.vendor" value="Oracle Corporation"/>
      <property name="java.vm.specification.version" value="1.7"/>
      <property name="java.vm.vendor" value="Oracle Corporation"/>
      <property name="java.vm.version" value="24.45-b08"/>
      <property name="junit4.childvm.cwd" value="/Users/bhwang/elasticsearch/target/J0"/>
      <property name="junit4.childvm.id" value="0"/>
      <property name="junit4.memory.total" value="128974848"/>
      <property name="junit4.pidString" value="6815@Bills-MacBook-Pro.local"/>
      <property name="junit4.processors" value="4"/>
      <property name="junit4.tempDir" value="/Users/bhwang/elasticsearch/target"/>
      <property name="line.separator" value="
"/>
      <property name="os.arch" value="x86_64"/>
      <property name="os.name" value="Mac OS X"/>
      <property name="os.version" value="10.9.1"/>
      <property name="path.separator" value=":"/>
      <property name="socksNonProxyHosts" value="local|*.local|169.254/16|*.169.254/16"/>
      <property name="sun.arch.data.model" value="64"/>
      <property name="sun.boot.class.path" value="/Library/Java/JavaVirtualMachines/jdk1.7.0_45.jdk/Contents/Home/jre/lib/resources.jar:/Library/Java/JavaVirtualMachines/jdk1.7.0_45.jdk/Contents/Home/jre/lib/rt.jar:/Library/Java/JavaVirtualMachines/jdk1.7.0_45.jdk/Contents/Home/jre/lib/sunrsasign.jar:/Library/Java/JavaVirtualMachines/jdk1.7.0_45.jdk/Contents/Home/jre/lib/jsse.jar:/Library/Java/JavaVirtualMachines/jdk1.7.0_45.jdk/Contents/Home/jre/lib/jce.jar:/Library/Java/JavaVirtualMachines/jdk1.7.0_45.jdk/Contents/Home/jre/lib/charsets.jar:/Library/Java/JavaVirtualMachines/jdk1.7.0_45.jdk/Contents/Home/jre/lib/jfr.jar:/Library/Java/JavaVirtualMachines/jdk1.7.0_45.jdk/Contents/Home/jre/lib/JObjC.jar:/Library/Java/JavaVirtualMachines/jdk1.7.0_45.jdk/Contents/Home/jre/classes"/>
      <property name="sun.boot.library.path" value="/Library/Java/JavaVirtualMachines/jdk1.7.0_45.jdk/Contents/Home/jre/lib"/>
      <property name="sun.cpu.endian" value="little"/>
      <property name="sun.cpu.isalist" value=""/>
      <property name="sun.io.unicode.encoding" value="UnicodeBig"/>
      <property name="sun.java.command" value="com.carrotsearch.ant.tasks.junit4.slave.SlaveMainSafe -flush -eventsfile /Users/bhwang/elasticsearch/target/junit4-J0-20140218_153326_767.events @/Users/bhwang/elasticsearch/target/junit4-J0-20140218_153326_767.suites -stdin"/>
      <property name="sun.java.launcher" value="SUN_STANDARD"/>
      <property name="sun.jnu.encoding" value="UTF-8"/>
      <property name="sun.management.compiler" value="HotSpot 64-Bit Tiered Compilers"/>
      <property name="sun.os.patch.level" value="unknown"/>
      <property name="tests.appendseed" value=""/>
      <property name="tests.assertion.disabled" value=""/>
      <property name="tests.awaitsfix" value=""/>
      <property name="tests.badapples" value=""/>
      <property name="tests.class" value=""/>
      <property name="tests.client.ratio" value=""/>
      <property name="tests.cluster_seed" value=""/>
      <property name="tests.enable_mock_modules" value=""/>
      <property name="tests.failfast" value=""/>
      <property name="tests.integration" value=""/>
      <property name="tests.iters" value=""/>
      <property name="tests.jvm.argline" value=""/>
      <property name="tests.maxfailures" value=""/>
      <property name="tests.method" value=""/>
      <property name="tests.network" value=""/>
      <property name="tests.nightly" value=""/>
      <property name="tests.prefix" value="tests"/>
      <property name="tests.rest" value=""/>
      <property name="tests.rest.spec" value=""/>
      <property name="tests.rest.suite" value=""/>
      <property name="tests.security.manager" value=""/>
      <property name="tests.seed" value="A89B4FF56754358E"/>
      <property name="tests.showSuccess" value=""/>
      <property name="tests.slow" value=""/>
      <property name="tests.timeoutSuite" value=""/>
      <property name="tests.weekly" value=""/>
      <property name="user.country" value="US"/>
      <property name="user.dir" value="/Users/bhwang/elasticsearch/target/J0"/>
      <property name="user.home" value="/Users/bhwang"/>
      <property name="user.language" value="en"/>
      <property name="user.name" value="bhwang"/>
      <property name="user.timezone" value=""/>
   </properties>
   <testcase classname="org.elasticsearch.search.functionscore.DecayFunctionScoreTests" name="testExceptionThrownIfScaleLE0" time="0.535"/>
   <testcase classname="org.elasticsearch.search.functionscore.DecayFunctionScoreTests" name="testNoQueryGiven" time="0.403"/>
   <testcase classname="org.elasticsearch.search.functionscore.DecayFunctionScoreTests" name="testDateWithoutOrigin" time="0.777"/>
   <testcase classname="org.elasticsearch.search.functionscore.DecayFunctionScoreTests" name="testParseGeoPoint" time="0.519"/>
   <testcase classname="org.elasticsearch.search.functionscore.DecayFunctionScoreTests" name="testParsingExceptionIfFieldDoesNotExist" time="0.396"/>
   <testcase classname="org.elasticsearch.search.functionscore.DecayFunctionScoreTests" name="testDistanceScoreGeoLinGaussExp" time="0.926"/>
   <testcase classname="org.elasticsearch.search.functionscore.DecayFunctionScoreTests" name="testBoostModeSettingWorks" time="0.434"/>
   <testcase classname="org.elasticsearch.search.functionscore.DecayFunctionScoreTests" name="testExceptionThrownIfScaleRefNotBetween0And1" time="0.111"/>
   <testcase classname="org.elasticsearch.search.functionscore.DecayFunctionScoreTests" name="testParsingExceptionIfFieldTypeDoesNotMatch" time="0.385"/>
   <testcase classname="org.elasticsearch.search.functionscore.DecayFunctionScoreTests" name="testValueMissingLin" time="0.843"/>
   <testcase classname="org.elasticsearch.search.functionscore.DecayFunctionScoreTests" name="testCombineModes" time="0.654"/>
   <testcase classname="org.elasticsearch.search.functionscore.DecayFunctionScoreTests" name="testParseDateMath" time="0.421"/>
   <testcase classname="org.elasticsearch.search.functionscore.DecayFunctionScoreTests" name="testManyDocsLin" time="1.472"/>
   <testcase classname="org.elasticsearch.search.functionscore.DecayFunctionScoreTests" name="testDistanceScoreGeoLinGaussExpWithOffset" time="1.401"/>
   <system-out><![CDATA[[2014-02-18 15:55:40,878][INFO ][test                     ] Test testExceptionThrownIfScaleLE0(org.elasticsearch.search.functionscore.DecayFunctionScoreTests) started
[2014-02-18 15:55:40,882][INFO ][search.functionscore     ] [DecayFunctionScoreTests#testExceptionThrownIfScaleLE0]: before test
[2014-02-18 15:55:40,896][INFO ][cluster.metadata         ] [node_0] [test] creating index, cause [api], shards [5]/[1], mappings [type1]
[2014-02-18 15:55:41,282][INFO ][search.functionscore     ] [DecayFunctionScoreTests#testExceptionThrownIfScaleLE0]: cleaning up after test
[2014-02-18 15:55:41,285][INFO ][plugins                  ] [transport_client_node_2] loaded [], sites []
[2014-02-18 15:55:41,326][INFO ][cluster.metadata         ] [node_0] [test] deleting index
[2014-02-18 15:55:41,407][INFO ][search.functionscore     ] [DecayFunctionScoreTests#testExceptionThrownIfScaleLE0]: cleaned up after test
[2014-02-18 15:55:41,412][INFO ][test                     ] Test testExceptionThrownIfScaleLE0(org.elasticsearch.search.functionscore.DecayFunctionScoreTests) finished
[2014-02-18 15:55:41,413][INFO ][test                     ] Test testNoQueryGiven(org.elasticsearch.search.functionscore.DecayFunctionScoreTests) started
[2014-02-18 15:55:41,418][INFO ][plugins                  ] [transport_client_node_1] loaded [], sites []
[2014-02-18 15:55:41,461][INFO ][search.functionscore     ] [DecayFunctionScoreTests#testNoQueryGiven]: before test
[2014-02-18 15:55:41,475][INFO ][cluster.metadata         ] [node_0] [test] creating index, cause [api], shards [5]/[1], mappings [type]
[2014-02-18 15:55:41,741][INFO ][search.functionscore     ] [DecayFunctionScoreTests#testNoQueryGiven]: cleaning up after test
[2014-02-18 15:55:41,743][INFO ][cluster.metadata         ] [node_0] [test] deleting index
[2014-02-18 15:55:41,811][INFO ][search.functionscore     ] [DecayFunctionScoreTests#testNoQueryGiven]: cleaned up after test
[2014-02-18 15:55:41,816][INFO ][test                     ] Test testNoQueryGiven(org.elasticsearch.search.functionscore.DecayFunctionScoreTests) finished
[2014-02-18 15:55:41,816][INFO ][test                     ] Test testDateWithoutOrigin(org.elasticsearch.search.functionscore.DecayFunctionScoreTests) started
[2014-02-18 15:55:41,821][INFO ][plugins                  ] [transport_client_node_2] loaded [], sites []
[2014-02-18 15:55:41,873][INFO ][plugins                  ] [transport_client_node_0] loaded [], sites []
[2014-02-18 15:55:41,937][INFO ][search.functionscore     ] [DecayFunctionScoreTests#testDateWithoutOrigin]: before test
[2014-02-18 15:55:41,938][INFO ][plugins                  ] [transport_client_node_1] loaded [], sites []
[2014-02-18 15:55:42,053][INFO ][cluster.metadata         ] [node_0] [test] creating index, cause [api], shards [5]/[1], mappings [type1]
[2014-02-18 15:55:42,521][INFO ][search.functionscore     ] [DecayFunctionScoreTests#testDateWithoutOrigin]: cleaning up after test
[2014-02-18 15:55:42,524][INFO ][cluster.metadata         ] [node_0] [test] deleting index
[2014-02-18 15:55:42,581][INFO ][search.functionscore     ] [DecayFunctionScoreTests#testDateWithoutOrigin]: cleaned up after test
[2014-02-18 15:55:42,593][INFO ][test                     ] Test testDateWithoutOrigin(org.elasticsearch.search.functionscore.DecayFunctionScoreTests) finished
[2014-02-18 15:55:42,594][INFO ][test                     ] Test testParseGeoPoint(org.elasticsearch.search.functionscore.DecayFunctionScoreTests) started
[2014-02-18 15:55:42,600][INFO ][plugins                  ] [transport_client_node_2] loaded [], sites []
[2014-02-18 15:55:42,628][INFO ][plugins                  ] [transport_client_node_0] loaded [], sites []
[2014-02-18 15:55:42,657][INFO ][search.functionscore     ] [DecayFunctionScoreTests#testParseGeoPoint]: before test
[2014-02-18 15:55:42,666][INFO ][cluster.metadata         ] [node_0] [test] creating index, cause [api], shards [5]/[1], mappings [type1]
[2014-02-18 15:55:42,890][INFO ][search.functionscore     ] Index [1] docs async: [true] bulk: [false]
[2014-02-18 15:55:43,053][INFO ][search.functionscore     ] [DecayFunctionScoreTests#testParseGeoPoint]: cleaning up after test
[2014-02-18 15:55:43,055][INFO ][cluster.metadata         ] [node_0] [test] deleting index
[2014-02-18 15:55:43,104][INFO ][search.functionscore     ] [DecayFunctionScoreTests#testParseGeoPoint]: cleaned up after test
[2014-02-18 15:55:43,113][INFO ][test                     ] Test testParseGeoPoint(org.elasticsearch.search.functionscore.DecayFunctionScoreTests) finished
[2014-02-18 15:55:43,114][INFO ][test                     ] Test testParsingExceptionIfFieldDoesNotExist(org.elasticsearch.search.functionscore.DecayFunctionScoreTests) started
[2014-02-18 15:55:43,118][INFO ][search.functionscore     ] [DecayFunctionScoreTests#testParsingExceptionIfFieldDoesNotExist]: before test
[2014-02-18 15:55:43,128][INFO ][cluster.metadata         ] [node_0] [test] creating index, cause [api], shards [5]/[1], mappings [type]
[2014-02-18 15:55:43,284][INFO ][cluster.metadata         ] [node_0] [test] update_mapping [type1] (dynamic)
[2014-02-18 15:55:43,438][INFO ][search.functionscore     ] [DecayFunctionScoreTests#testParsingExceptionIfFieldDoesNotExist]: cleaning up after test
[2014-02-18 15:55:43,439][INFO ][cluster.metadata         ] [node_0] [test] deleting index
[2014-02-18 15:55:43,508][INFO ][search.functionscore     ] [DecayFunctionScoreTests#testParsingExceptionIfFieldDoesNotExist]: cleaned up after test
[2014-02-18 15:55:43,509][INFO ][test                     ] Test testParsingExceptionIfFieldDoesNotExist(org.elasticsearch.search.functionscore.DecayFunctionScoreTests) finished
[2014-02-18 15:55:43,510][INFO ][test                     ] Test testDistanceScoreGeoLinGaussExp(org.elasticsearch.search.functionscore.DecayFunctionScoreTests) started
[2014-02-18 15:55:43,514][INFO ][search.functionscore     ] [DecayFunctionScoreTests#testDistanceScoreGeoLinGaussExp]: before test
[2014-02-18 15:55:43,528][INFO ][cluster.metadata         ] [node_0] [test] creating index, cause [api], shards [5]/[1], mappings [type1]
[2014-02-18 15:55:43,701][INFO ][search.functionscore     ] Index [22] docs async: [true] bulk: [false]
[2014-02-18 15:55:44,396][INFO ][search.functionscore     ] [DecayFunctionScoreTests#testDistanceScoreGeoLinGaussExp]: cleaning up after test
[2014-02-18 15:55:44,397][INFO ][cluster.metadata         ] [node_0] [test] deleting index
[2014-02-18 15:55:44,435][INFO ][search.functionscore     ] [DecayFunctionScoreTests#testDistanceScoreGeoLinGaussExp]: cleaned up after test
[2014-02-18 15:55:44,436][INFO ][test                     ] Test testDistanceScoreGeoLinGaussExp(org.elasticsearch.search.functionscore.DecayFunctionScoreTests) finished
[2014-02-18 15:55:44,436][INFO ][test                     ] Test testBoostModeSettingWorks(org.elasticsearch.search.functionscore.DecayFunctionScoreTests) started
[2014-02-18 15:55:44,441][INFO ][plugins                  ] [transport_client_node_0] loaded [], sites []
[2014-02-18 15:55:44,472][INFO ][search.functionscore     ] [DecayFunctionScoreTests#testBoostModeSettingWorks]: before test
[2014-02-18 15:55:44,483][INFO ][cluster.metadata         ] [node_0] [test] creating index, cause [api], shards [5]/[1], mappings [type1]
[2014-02-18 15:55:44,651][INFO ][search.functionscore     ] Index [2] docs async: [true] bulk: [false]
[2014-02-18 15:55:44,826][INFO ][search.functionscore     ] [DecayFunctionScoreTests#testBoostModeSettingWorks]: cleaning up after test
[2014-02-18 15:55:44,828][INFO ][cluster.metadata         ] [node_0] [test] deleting index
[2014-02-18 15:55:44,865][INFO ][search.functionscore     ] [DecayFunctionScoreTests#testBoostModeSettingWorks]: cleaned up after test
[2014-02-18 15:55:44,869][INFO ][test                     ] Test testBoostModeSettingWorks(org.elasticsearch.search.functionscore.DecayFunctionScoreTests) finished
[2014-02-18 15:55:44,870][INFO ][test                     ] Test testExceptionThrownIfScaleRefNotBetween0And1(org.elasticsearch.search.functionscore.DecayFunctionScoreTests) started
[2014-02-18 15:55:44,875][INFO ][plugins                  ] [transport_client_node_1] loaded [], sites []
[2014-02-18 15:55:44,905][INFO ][plugins                  ] [transport_client_node_0] loaded [], sites []
[2014-02-18 15:55:44,935][INFO ][search.functionscore     ] [DecayFunctionScoreTests#testExceptionThrownIfScaleRefNotBetween0And1]: before test
[2014-02-18 15:55:44,936][INFO ][search.functionscore     ] [DecayFunctionScoreTests#testExceptionThrownIfScaleRefNotBetween0And1]: cleaning up after test
[2014-02-18 15:55:44,939][INFO ][plugins                  ] [transport_client_node_2] loaded [], sites []
[2014-02-18 15:55:44,964][INFO ][search.functionscore     ] [DecayFunctionScoreTests#testExceptionThrownIfScaleRefNotBetween0And1]: cleaned up after test
[2014-02-18 15:55:44,981][INFO ][test                     ] Test testExceptionThrownIfScaleRefNotBetween0And1(org.elasticsearch.search.functionscore.DecayFunctionScoreTests) finished
[2014-02-18 15:55:44,981][INFO ][test                     ] Test testParsingExceptionIfFieldTypeDoesNotMatch(org.elasticsearch.search.functionscore.DecayFunctionScoreTests) started
[2014-02-18 15:55:44,987][INFO ][search.functionscore     ] [DecayFunctionScoreTests#testParsingExceptionIfFieldTypeDoesNotMatch]: before test
[2014-02-18 15:55:45,003][INFO ][cluster.metadata         ] [node_0] [test] creating index, cause [api], shards [5]/[1], mappings [type]
[2014-02-18 15:55:45,330][INFO ][search.functionscore     ] [DecayFunctionScoreTests#testParsingExceptionIfFieldTypeDoesNotMatch]: cleaning up after test
[2014-02-18 15:55:45,331][INFO ][cluster.metadata         ] [node_0] [test] deleting index
[2014-02-18 15:55:45,363][INFO ][search.functionscore     ] [DecayFunctionScoreTests#testParsingExceptionIfFieldTypeDoesNotMatch]: cleaned up after test
[2014-02-18 15:55:45,366][INFO ][test                     ] Test testParsingExceptionIfFieldTypeDoesNotMatch(org.elasticsearch.search.functionscore.DecayFunctionScoreTests) finished
[2014-02-18 15:55:45,366][INFO ][test                     ] Test testValueMissingLin(org.elasticsearch.search.functionscore.DecayFunctionScoreTests) started
[2014-02-18 15:55:45,371][INFO ][plugins                  ] [transport_client_node_1] loaded [], sites []
[2014-02-18 15:55:45,395][INFO ][search.functionscore     ] [DecayFunctionScoreTests#testValueMissingLin]: before test
[2014-02-18 15:55:45,406][INFO ][cluster.metadata         ] [node_0] [test] creating index, cause [api], shards [5]/[1], mappings [type1]
[2014-02-18 15:55:45,488][INFO ][plugins                  ] [transport_client_node_2] loaded [], sites []
[2014-02-18 15:55:45,626][INFO ][plugins                  ] [transport_client_node_0] loaded [], sites []
[2014-02-18 15:55:46,133][INFO ][search.functionscore     ] [DecayFunctionScoreTests#testValueMissingLin]: cleaning up after test
[2014-02-18 15:55:46,135][INFO ][cluster.metadata         ] [node_0] [test] deleting index
[2014-02-18 15:55:46,196][INFO ][search.functionscore     ] [DecayFunctionScoreTests#testValueMissingLin]: cleaned up after test
[2014-02-18 15:55:46,209][INFO ][test                     ] Test testValueMissingLin(org.elasticsearch.search.functionscore.DecayFunctionScoreTests) finished
[2014-02-18 15:55:46,209][INFO ][test                     ] Test testCombineModes(org.elasticsearch.search.functionscore.DecayFunctionScoreTests) started
[2014-02-18 15:55:46,214][INFO ][plugins                  ] [transport_client_node_2] loaded [], sites []
[2014-02-18 15:55:46,249][INFO ][plugins                  ] [transport_client_node_0] loaded [], sites []
[2014-02-18 15:55:46,278][INFO ][search.functionscore     ] [DecayFunctionScoreTests#testCombineModes]: before test
[2014-02-18 15:55:46,289][INFO ][cluster.metadata         ] [node_0] [test] creating index, cause [api], shards [5]/[1], mappings [type1]
[2014-02-18 15:55:46,427][INFO ][search.functionscore     ] Index [1] docs async: [true] bulk: [false]
[2014-02-18 15:55:46,440][INFO ][plugins                  ] [transport_client_node_1] loaded [], sites []
[2014-02-18 15:55:46,788][INFO ][search.functionscore     ] --> Hit[0] 1 Explanation:
 0.30685282 = function score, product of:
  0.30685282 = weight(test:value in 0) [PerFieldSimilarity], result of:
    0.30685282 = fieldWeight in 0, product of:
      1.0 = tf(freq=1.0), with freq of:
        1.0 = termFreq=1.0
      0.30685282 = idf(docFreq=1, maxDocs=1)
      1.0 = fieldNorm(doc=0)
  0.5 = Math.min of
    0.5 = Function for field num:
      0.5 = -exp(-0.5*pow(Math.abs(1.0(=doc value) - 0.0(=origin)) - 0.0(=offset) < 0.0 ? 0.0: Math.abs(1.0(=doc value) - 0.0) - 0.0(=offset),2.0)/0.7213475204444817)
    3.4028235E38 = maxBoost
  2.0 = queryBoost

[2014-02-18 15:55:46,791][INFO ][search.functionscore     ] --> Hit[0] 1 Explanation:
 1.0 = function score, product of:
  0.5 = Math.min of
    0.5 = Function for field num:
      0.5 = -exp(-0.5*pow(Math.abs(1.0(=doc value) - 0.0(=origin)) - 0.0(=offset) < 0.0 ? 0.0: Math.abs(1.0(=doc value) - 0.0) - 0.0(=offset),2.0)/0.7213475204444817)
    3.4028235E38 = maxBoost
  2.0 = queryBoost

[2014-02-18 15:55:46,794][INFO ][search.functionscore     ] --> Hit[0] 1 Explanation:
 1.6137056 = function score, product of:
  0.8068528 = sum of
    0.30685282 = weight(test:value in 0) [PerFieldSimilarity], result of:
      0.30685282 = fieldWeight in 0, product of:
        1.0 = tf(freq=1.0), with freq of:
          1.0 = termFreq=1.0
        0.30685282 = idf(docFreq=1, maxDocs=1)
        1.0 = fieldNorm(doc=0)
    0.5 = Math.min of
      0.5 = Function for field num:
        0.5 = -exp(-0.5*pow(Math.abs(1.0(=doc value) - 0.0(=origin)) - 0.0(=offset) < 0.0 ? 0.0: Math.abs(1.0(=doc value) - 0.0) - 0.0(=offset),2.0)/0.7213475204444817)
      3.4028235E38 = maxBoost
  2.0 = queryBoost

[2014-02-18 15:55:46,796][INFO ][search.functionscore     ] --> Hit[0] 1 Explanation:
 0.8068528 = function score, product of:
  0.4034264 = avg of
    0.30685282 = weight(test:value in 0) [PerFieldSimilarity], result of:
      0.30685282 = fieldWeight in 0, product of:
        1.0 = tf(freq=1.0), with freq of:
          1.0 = termFreq=1.0
        0.30685282 = idf(docFreq=1, maxDocs=1)
        1.0 = fieldNorm(doc=0)
    0.5 = Math.min of
      0.5 = Function for field num:
        0.5 = -exp(-0.5*pow(Math.abs(1.0(=doc value) - 0.0(=origin)) - 0.0(=offset) < 0.0 ? 0.0: Math.abs(1.0(=doc value) - 0.0) - 0.0(=offset),2.0)/0.7213475204444817)
      3.4028235E38 = maxBoost
  2.0 = queryBoost

[2014-02-18 15:55:46,798][INFO ][search.functionscore     ] --> Hit[0] 1 Explanation:
 0.61370564 = function score, product of:
  0.30685282 = min of
    0.30685282 = weight(test:value in 0) [PerFieldSimilarity], result of:
      0.30685282 = fieldWeight in 0, product of:
        1.0 = tf(freq=1.0), with freq of:
          1.0 = termFreq=1.0
        0.30685282 = idf(docFreq=1, maxDocs=1)
        1.0 = fieldNorm(doc=0)
    0.5 = Math.min of
      0.5 = Function for field num:
        0.5 = -exp(-0.5*pow(Math.abs(1.0(=doc value) - 0.0(=origin)) - 0.0(=offset) < 0.0 ? 0.0: Math.abs(1.0(=doc value) - 0.0) - 0.0(=offset),2.0)/0.7213475204444817)
      3.4028235E38 = maxBoost
  2.0 = queryBoost

[2014-02-18 15:55:46,802][INFO ][search.functionscore     ] --> Hit[0] 1 Explanation:
 1.0 = function score, product of:
  0.5 = max of
    0.30685282 = weight(test:value in 0) [PerFieldSimilarity], result of:
      0.30685282 = fieldWeight in 0, product of:
        1.0 = tf(freq=1.0), with freq of:
          1.0 = termFreq=1.0
        0.30685282 = idf(docFreq=1, maxDocs=1)
        1.0 = fieldNorm(doc=0)
    0.5 = Math.min of
      0.5 = Function for field num:
        0.5 = -exp(-0.5*pow(Math.abs(1.0(=doc value) - 0.0(=origin)) - 0.0(=offset) < 0.0 ? 0.0: Math.abs(1.0(=doc value) - 0.0) - 0.0(=offset),2.0)/0.7213475204444817)
      3.4028235E38 = maxBoost
  2.0 = queryBoost

[2014-02-18 15:55:46,803][INFO ][search.functionscore     ] [DecayFunctionScoreTests#testCombineModes]: cleaning up after test
[2014-02-18 15:55:46,804][INFO ][cluster.metadata         ] [node_0] [test] deleting index
[2014-02-18 15:55:46,847][INFO ][search.functionscore     ] [DecayFunctionScoreTests#testCombineModes]: cleaned up after test
[2014-02-18 15:55:46,863][INFO ][test                     ] Test testCombineModes(org.elasticsearch.search.functionscore.DecayFunctionScoreTests) finished
[2014-02-18 15:55:46,863][INFO ][test                     ] Test testParseDateMath(org.elasticsearch.search.functionscore.DecayFunctionScoreTests) started
[2014-02-18 15:55:46,868][INFO ][search.functionscore     ] [DecayFunctionScoreTests#testParseDateMath]: before test
[2014-02-18 15:55:46,879][INFO ][cluster.metadata         ] [node_0] [test] creating index, cause [api], shards [5]/[1], mappings [type1]
[2014-02-18 15:55:47,229][INFO ][search.functionscore     ] [DecayFunctionScoreTests#testParseDateMath]: cleaning up after test
[2014-02-18 15:55:47,230][INFO ][cluster.metadata         ] [node_0] [test] deleting index
[2014-02-18 15:55:47,283][INFO ][search.functionscore     ] [DecayFunctionScoreTests#testParseDateMath]: cleaned up after test
[2014-02-18 15:55:47,283][INFO ][test                     ] Test testParseDateMath(org.elasticsearch.search.functionscore.DecayFunctionScoreTests) finished
[2014-02-18 15:55:47,284][INFO ][test                     ] Test testManyDocsLin(org.elasticsearch.search.functionscore.DecayFunctionScoreTests) started
[2014-02-18 15:55:47,288][INFO ][search.functionscore     ] [DecayFunctionScoreTests#testManyDocsLin]: before test
[2014-02-18 15:55:47,300][INFO ][cluster.metadata         ] [node_0] [test] creating index, cause [api], shards [5]/[1], mappings [type]
[2014-02-18 15:55:47,401][INFO ][search.functionscore     ] Index [200] docs async: [false] bulk: [false]
[2014-02-18 15:55:48,689][INFO ][search.functionscore     ] [DecayFunctionScoreTests#testManyDocsLin]: cleaning up after test
[2014-02-18 15:55:48,691][INFO ][cluster.metadata         ] [node_0] [test] deleting index
[2014-02-18 15:55:48,755][INFO ][search.functionscore     ] [DecayFunctionScoreTests#testManyDocsLin]: cleaned up after test
[2014-02-18 15:55:48,756][INFO ][test                     ] Test testManyDocsLin(org.elasticsearch.search.functionscore.DecayFunctionScoreTests) finished
[2014-02-18 15:55:48,756][INFO ][test                     ] Test testDistanceScoreGeoLinGaussExpWithOffset(org.elasticsearch.search.functionscore.DecayFunctionScoreTests) started
[2014-02-18 15:55:48,762][INFO ][plugins                  ] [transport_client_node_2] loaded [], sites []
[2014-02-18 15:55:48,806][INFO ][plugins                  ] [transport_client_node_0] loaded [], sites []
[2014-02-18 15:55:48,847][INFO ][search.functionscore     ] [DecayFunctionScoreTests#testDistanceScoreGeoLinGaussExpWithOffset]: before test
[2014-02-18 15:55:48,859][INFO ][cluster.metadata         ] [node_0] [test] creating index, cause [api], shards [5]/[1], mappings [type1]
[2014-02-18 15:55:49,030][INFO ][plugins                  ] [transport_client_node_1] loaded [], sites []
[2014-02-18 15:55:49,079][INFO ][search.functionscore     ] Index [22] docs async: [true] bulk: [false]
[2014-02-18 15:55:50,065][INFO ][search.functionscore     ] [DecayFunctionScoreTests#testDistanceScoreGeoLinGaussExpWithOffset]: cleaning up after test
[2014-02-18 15:55:50,066][INFO ][cluster.metadata         ] [node_0] [test] deleting index
[2014-02-18 15:55:50,147][INFO ][search.functionscore     ] [DecayFunctionScoreTests#testDistanceScoreGeoLinGaussExpWithOffset]: cleaned up after test
[2014-02-18 15:55:50,156][INFO ][test                     ] Test testDistanceScoreGeoLinGaussExpWithOffset(org.elasticsearch.search.functionscore.DecayFunctionScoreTests) finished
]]></system-out>
   <system-err><![CDATA[]]></system-err>
</testsuite>