<testsuite errors="0" failures="0" tests="15" skipped="0" name="org.elasticsearch.search.aggregations.metrics.MaxTests" hostname="nohost.nodomain" time="14.579" timestamp="2014-02-18T15:34:33">
   <properties class="java.util.ArrayList">
      <property name="awt.toolkit" value="sun.lwawt.macosx.LWCToolkit"/>
      <property name="es.logger.level" value="INFO"/>
      <property name="es.logger.prefix" value=""/>
      <property name="es.node.local" value=""/>
      <property name="es.node.mode" value=""/>
      <property name="file.encoding" value="UTF-8"/>
      <property name="file.encoding.pkg" value="sun.io"/>
      <property name="file.separator" value="/"/>
      <property name="ftp.nonProxyHosts" value="local|*.local|169.254/16|*.169.254/16"/>
      <property name="gopherProxySet" value="false"/>
      <property name="http.nonProxyHosts" value="local|*.local|169.254/16|*.169.254/16"/>
      <property name="java.awt.graphicsenv" value="sun.awt.CGraphicsEnvironment"/>
      <property name="java.awt.headless" value="true"/>
      <property name="java.awt.printerjob" value="sun.lwawt.macosx.CPrinterJob"/>
      <property name="java.class.path" value="/Users/bhwang/elasticsearch/target/test-classes:/Users/bhwang/elasticsearch/target/classes:/Users/bhwang/.m2/repository/org/hamcrest/hamcrest-all/1.3/hamcrest-all-1.3.jar:/Users/bhwang/.m2/repository/com/carrotsearch/randomizedtesting/randomizedtesting-runner/2.0.15/randomizedtesting-runner-2.0.15.jar:/Users/bhwang/.m2/repository/junit/junit/4.10/junit-4.10.jar:/Users/bhwang/.m2/repository/org/apache/lucene/lucene-test-framework/4.6.1/lucene-test-framework-4.6.1.jar:/Users/bhwang/.m2/repository/org/apache/lucene/lucene-expressions/4.6.1/lucene-expressions-4.6.1.jar:/Users/bhwang/.m2/repository/org/antlr/antlr-runtime/3.5/antlr-runtime-3.5.jar:/Users/bhwang/.m2/repository/org/ow2/asm/asm/4.1/asm-4.1.jar:/Users/bhwang/.m2/repository/org/ow2/asm/asm-commons/4.1/asm-commons-4.1.jar:/Users/bhwang/.m2/repository/org/apache/httpcomponents/httpclient/4.3.1/httpclient-4.3.1.jar:/Users/bhwang/.m2/repository/org/apache/httpcomponents/httpcore/4.3/httpcore-4.3.jar:/Users/bhwang/.m2/repository/commons-logging/commons-logging/1.1.3/commons-logging-1.1.3.jar:/Users/bhwang/.m2/repository/commons-codec/commons-codec/1.6/commons-codec-1.6.jar:/Users/bhwang/.m2/repository/org/apache/lucene/lucene-core/4.6.1/lucene-core-4.6.1.jar:/Users/bhwang/.m2/repository/org/apache/lucene/lucene-analyzers-common/4.6.1/lucene-analyzers-common-4.6.1.jar:/Users/bhwang/.m2/repository/org/apache/lucene/lucene-codecs/4.6.1/lucene-codecs-4.6.1.jar:/Users/bhwang/.m2/repository/org/apache/lucene/lucene-queries/4.6.1/lucene-queries-4.6.1.jar:/Users/bhwang/.m2/repository/org/apache/lucene/lucene-memory/4.6.1/lucene-memory-4.6.1.jar:/Users/bhwang/.m2/repository/org/apache/lucene/lucene-highlighter/4.6.1/lucene-highlighter-4.6.1.jar:/Users/bhwang/.m2/repository/org/apache/lucene/lucene-queryparser/4.6.1/lucene-queryparser-4.6.1.jar:/Users/bhwang/.m2/repository/org/apache/lucene/lucene-sandbox/4.6.1/lucene-sandbox-4.6.1.jar:/Users/bhwang/.m2/repository/org/apache/lucene/lucene-suggest/4.6.1/lucene-suggest-4.6.1.jar:/Users/bhwang/.m2/repository/org/apache/lucene/lucene-misc/4.6.1/lucene-misc-4.6.1.jar:/Users/bhwang/.m2/repository/org/apache/lucene/lucene-join/4.6.1/lucene-join-4.6.1.jar:/Users/bhwang/.m2/repository/org/apache/lucene/lucene-grouping/4.6.1/lucene-grouping-4.6.1.jar:/Users/bhwang/.m2/repository/org/apache/lucene/lucene-spatial/4.6.1/lucene-spatial-4.6.1.jar:/Users/bhwang/.m2/repository/com/spatial4j/spatial4j/0.3/spatial4j-0.3.jar:/Users/bhwang/.m2/repository/com/vividsolutions/jts/1.12/jts-1.12.jar:/Users/bhwang/.m2/repository/com/google/guava/guava/16.0/guava-16.0.jar:/Users/bhwang/.m2/repository/com/carrotsearch/hppc/0.5.3/hppc-0.5.3.jar:/Users/bhwang/.m2/repository/joda-time/joda-time/2.3/joda-time-2.3.jar:/Users/bhwang/.m2/repository/org/joda/joda-convert/1.2/joda-convert-1.2.jar:/Users/bhwang/.m2/repository/org/mvel/mvel2/2.1.5.Final/mvel2-2.1.5.Final.jar:/Users/bhwang/.m2/repository/com/fasterxml/jackson/core/jackson-core/2.3.0/jackson-core-2.3.0.jar:/Users/bhwang/.m2/repository/com/fasterxml/jackson/dataformat/jackson-dataformat-smile/2.3.0/jackson-dataformat-smile-2.3.0.jar:/Users/bhwang/.m2/repository/com/fasterxml/jackson/dataformat/jackson-dataformat-yaml/2.3.0/jackson-dataformat-yaml-2.3.0.jar:/Users/bhwang/.m2/repository/io/netty/netty/3.9.0.Final/netty-3.9.0.Final.jar:/Users/bhwang/.m2/repository/com/ning/compress-lzf/0.9.6/compress-lzf-0.9.6.jar:/Users/bhwang/.m2/repository/log4j/log4j/1.2.17/log4j-1.2.17.jar:/Users/bhwang/.m2/repository/org/slf4j/slf4j-api/1.6.2/slf4j-api-1.6.2.jar:/Users/bhwang/.m2/repository/net/java/dev/jna/jna/3.3.0/jna-3.3.0.jar:/Users/bhwang/.m2/repository/org/fusesource/sigar/1.6.4/sigar-1.6.4.jar:/Users/bhwang/.m2/repository/com/carrotsearch/randomizedtesting/junit4-ant/2.0.15/junit4-ant-2.0.15.jar"/>
      <property name="java.class.version" value="51.0"/>
      <property name="java.endorsed.dirs" value="/Library/Java/JavaVirtualMachines/jdk1.7.0_45.jdk/Contents/Home/jre/lib/endorsed"/>
      <property name="java.ext.dirs" value="/Users/bhwang/Library/Java/Extensions:/Library/Java/JavaVirtualMachines/jdk1.7.0_45.jdk/Contents/Home/jre/lib/ext:/Library/Java/Extensions:/Network/Library/Java/Extensions:/System/Library/Java/Extensions:/usr/lib/java"/>
      <property name="java.home" value="/Library/Java/JavaVirtualMachines/jdk1.7.0_45.jdk/Contents/Home/jre"/>
      <property name="java.io.tmpdir" value="."/>
      <property name="java.library.path" value="/Users/bhwang/Library/Java/Extensions:/Library/Java/Extensions:/Network/Library/Java/Extensions:/System/Library/Java/Extensions:/usr/lib/java:."/>
      <property name="java.runtime.name" value="Java(TM) SE Runtime Environment"/>
      <property name="java.runtime.version" value="1.7.0_45-b18"/>
      <property name="java.security.policy" value="/Users/bhwang/elasticsearch/dev-tools/tests.policy"/>
      <property name="java.specification.name" value="Java Platform API Specification"/>
      <property name="java.specification.vendor" value="Oracle Corporation"/>
      <property name="java.specification.version" value="1.7"/>
      <property name="java.vendor" value="Oracle Corporation"/>
      <property name="java.vendor.url" value="http://java.oracle.com/"/>
      <property name="java.vendor.url.bug" value="http://bugreport.sun.com/bugreport/"/>
      <property name="java.version" value="1.7.0_45"/>
      <property name="java.vm.info" value="mixed mode"/>
      <property name="java.vm.name" value="Java HotSpot(TM) 64-Bit Server VM"/>
      <property name="java.vm.specification.name" value="Java Virtual Machine Specification"/>
      <property name="java.vm.specification.vendor" value="Oracle Corporation"/>
      <property name="java.vm.specification.version" value="1.7"/>
      <property name="java.vm.vendor" value="Oracle Corporation"/>
      <property name="java.vm.version" value="24.45-b08"/>
      <property name="junit4.childvm.cwd" value="/Users/bhwang/elasticsearch/target/J0"/>
      <property name="junit4.childvm.id" value="0"/>
      <property name="junit4.memory.total" value="128974848"/>
      <property name="junit4.pidString" value="6815@Bills-MacBook-Pro.local"/>
      <property name="junit4.processors" value="4"/>
      <property name="junit4.tempDir" value="/Users/bhwang/elasticsearch/target"/>
      <property name="line.separator" value="
"/>
      <property name="os.arch" value="x86_64"/>
      <property name="os.name" value="Mac OS X"/>
      <property name="os.version" value="10.9.1"/>
      <property name="path.separator" value=":"/>
      <property name="socksNonProxyHosts" value="local|*.local|169.254/16|*.169.254/16"/>
      <property name="sun.arch.data.model" value="64"/>
      <property name="sun.boot.class.path" value="/Library/Java/JavaVirtualMachines/jdk1.7.0_45.jdk/Contents/Home/jre/lib/resources.jar:/Library/Java/JavaVirtualMachines/jdk1.7.0_45.jdk/Contents/Home/jre/lib/rt.jar:/Library/Java/JavaVirtualMachines/jdk1.7.0_45.jdk/Contents/Home/jre/lib/sunrsasign.jar:/Library/Java/JavaVirtualMachines/jdk1.7.0_45.jdk/Contents/Home/jre/lib/jsse.jar:/Library/Java/JavaVirtualMachines/jdk1.7.0_45.jdk/Contents/Home/jre/lib/jce.jar:/Library/Java/JavaVirtualMachines/jdk1.7.0_45.jdk/Contents/Home/jre/lib/charsets.jar:/Library/Java/JavaVirtualMachines/jdk1.7.0_45.jdk/Contents/Home/jre/lib/jfr.jar:/Library/Java/JavaVirtualMachines/jdk1.7.0_45.jdk/Contents/Home/jre/lib/JObjC.jar:/Library/Java/JavaVirtualMachines/jdk1.7.0_45.jdk/Contents/Home/jre/classes"/>
      <property name="sun.boot.library.path" value="/Library/Java/JavaVirtualMachines/jdk1.7.0_45.jdk/Contents/Home/jre/lib"/>
      <property name="sun.cpu.endian" value="little"/>
      <property name="sun.cpu.isalist" value=""/>
      <property name="sun.io.unicode.encoding" value="UnicodeBig"/>
      <property name="sun.java.command" value="com.carrotsearch.ant.tasks.junit4.slave.SlaveMainSafe -flush -eventsfile /Users/bhwang/elasticsearch/target/junit4-J0-20140218_153326_767.events @/Users/bhwang/elasticsearch/target/junit4-J0-20140218_153326_767.suites -stdin"/>
      <property name="sun.java.launcher" value="SUN_STANDARD"/>
      <property name="sun.jnu.encoding" value="UTF-8"/>
      <property name="sun.management.compiler" value="HotSpot 64-Bit Tiered Compilers"/>
      <property name="sun.os.patch.level" value="unknown"/>
      <property name="tests.appendseed" value=""/>
      <property name="tests.assertion.disabled" value=""/>
      <property name="tests.awaitsfix" value=""/>
      <property name="tests.badapples" value=""/>
      <property name="tests.class" value=""/>
      <property name="tests.client.ratio" value=""/>
      <property name="tests.cluster_seed" value=""/>
      <property name="tests.enable_mock_modules" value=""/>
      <property name="tests.failfast" value=""/>
      <property name="tests.integration" value=""/>
      <property name="tests.iters" value=""/>
      <property name="tests.jvm.argline" value=""/>
      <property name="tests.maxfailures" value=""/>
      <property name="tests.method" value=""/>
      <property name="tests.network" value=""/>
      <property name="tests.nightly" value=""/>
      <property name="tests.prefix" value="tests"/>
      <property name="tests.rest" value=""/>
      <property name="tests.rest.spec" value=""/>
      <property name="tests.rest.suite" value=""/>
      <property name="tests.security.manager" value=""/>
      <property name="tests.seed" value="A89B4FF56754358E"/>
      <property name="tests.showSuccess" value=""/>
      <property name="tests.slow" value=""/>
      <property name="tests.timeoutSuite" value=""/>
      <property name="tests.weekly" value=""/>
      <property name="user.country" value="US"/>
      <property name="user.dir" value="/Users/bhwang/elasticsearch/target/J0"/>
      <property name="user.home" value="/Users/bhwang"/>
      <property name="user.language" value="en"/>
      <property name="user.name" value="bhwang"/>
      <property name="user.timezone" value=""/>
   </properties>
   <testcase classname="org.elasticsearch.search.aggregations.metrics.MaxTests" name="testMultiValuedField" time="1.09"/>
   <testcase classname="org.elasticsearch.search.aggregations.metrics.MaxTests" name="testScript_ExplicitSingleValued_WithParams" time="2.94"/>
   <testcase classname="org.elasticsearch.search.aggregations.metrics.MaxTests" name="testScript_SingleValued_WithParams" time="0.952"/>
   <testcase classname="org.elasticsearch.search.aggregations.metrics.MaxTests" name="testSingleValuedField_PartiallyUnmapped" time="1.629"/>
   <testcase classname="org.elasticsearch.search.aggregations.metrics.MaxTests" name="testSingleValuedField_WithValueScript" time="0.886"/>
   <testcase classname="org.elasticsearch.search.aggregations.metrics.MaxTests" name="testUnmapped" time="0.768"/>
   <testcase classname="org.elasticsearch.search.aggregations.metrics.MaxTests" name="testScript_MultiValued_WithParams" time="0.531"/>
   <testcase classname="org.elasticsearch.search.aggregations.metrics.MaxTests" name="testMultiValuedField_WithValueScript" time="0.642"/>
   <testcase classname="org.elasticsearch.search.aggregations.metrics.MaxTests" name="testScript_ExplicitMultiValued" time="0.609"/>
   <testcase classname="org.elasticsearch.search.aggregations.metrics.MaxTests" name="testSingleValuedField" time="0.708"/>
   <testcase classname="org.elasticsearch.search.aggregations.metrics.MaxTests" name="testMultiValuedField_WithValueScript_WithParams" time="0.863"/>
   <testcase classname="org.elasticsearch.search.aggregations.metrics.MaxTests" name="testScript_SingleValued" time="0.815"/>
   <testcase classname="org.elasticsearch.search.aggregations.metrics.MaxTests" name="testEmptyAggregation" time="0.704"/>
   <testcase classname="org.elasticsearch.search.aggregations.metrics.MaxTests" name="testSingleValuedField_WithValueScript_WithParams" time="0.659"/>
   <testcase classname="org.elasticsearch.search.aggregations.metrics.MaxTests" name="testScript_MultiValued" time="0.737"/>
   <system-out><![CDATA[[2014-02-18 15:34:33,222][INFO ][test                     ] Test testMultiValuedField(org.elasticsearch.search.aggregations.metrics.MaxTests) started
[2014-02-18 15:34:33,228][INFO ][plugins                  ] [transport_client_node_0] loaded [], sites []
[2014-02-18 15:34:33,288][INFO ][plugins                  ] [transport_client_node_1] loaded [], sites []
[2014-02-18 15:34:33,335][INFO ][search.aggregations.metrics] [MaxTests#testMultiValuedField]: before test
[2014-02-18 15:34:33,350][INFO ][cluster.metadata         ] [node_0] [idx] creating index, cause [api], shards [1]/[0], mappings []
[2014-02-18 15:34:33,406][INFO ][cluster.metadata         ] [node_0] [idx_unmapped] creating index, cause [api], shards [2]/[1], mappings []
[2014-02-18 15:34:33,454][INFO ][plugins                  ] [transport_client_node_2] loaded [], sites []
[2014-02-18 15:34:33,509][INFO ][search.aggregations.metrics] Index [10] docs async: [true] bulk: [false]
[2014-02-18 15:34:33,533][INFO ][cluster.metadata         ] [node_0] [idx] update_mapping [type] (dynamic)
[2014-02-18 15:34:33,748][INFO ][cluster.metadata         ] [node_0] [empty_bucket_idx] creating index, cause [api], shards [3]/[1], mappings [type]
[2014-02-18 15:34:33,810][INFO ][search.aggregations.metrics] Index [2] docs async: [true] bulk: [false]
[2014-02-18 15:34:34,204][TRACE][action.search.type       ] [node_2] Moving to second phase, based on results from: [tbUF3y2YTPm1TPdTF8YBYw][idx][0] (cluster state version: 209)
[2014-02-18 15:34:34,209][INFO ][search.aggregations.metrics] [MaxTests#testMultiValuedField]: cleaning up after test
[2014-02-18 15:34:34,211][INFO ][cluster.metadata         ] [node_0] [idx_unmapped] deleting index
[2014-02-18 15:34:34,228][INFO ][cluster.metadata         ] [node_0] [idx] deleting index
[2014-02-18 15:34:34,245][INFO ][cluster.metadata         ] [node_0] [empty_bucket_idx] deleting index
[2014-02-18 15:34:34,279][INFO ][search.aggregations.metrics] [MaxTests#testMultiValuedField]: cleaned up after test
[2014-02-18 15:34:34,311][INFO ][test                     ] Test testMultiValuedField(org.elasticsearch.search.aggregations.metrics.MaxTests) finished
[2014-02-18 15:34:34,313][INFO ][test                     ] Test testScript_ExplicitSingleValued_WithParams(org.elasticsearch.search.aggregations.metrics.MaxTests) started
[2014-02-18 15:34:34,322][INFO ][plugins                  ] [transport_client_node_2] loaded [], sites []
[2014-02-18 15:34:34,369][INFO ][search.aggregations.metrics] [MaxTests#testScript_ExplicitSingleValued_WithParams]: before test
[2014-02-18 15:34:34,391][INFO ][cluster.metadata         ] [node_0] [idx] creating index, cause [api], shards [4]/[1], mappings []
[2014-02-18 15:34:34,712][INFO ][cluster.metadata         ] [node_0] [idx_unmapped] creating index, cause [api], shards [4]/[1], mappings []
[2014-02-18 15:34:34,925][INFO ][search.aggregations.metrics] Index [10] docs async: [true] bulk: [false]
[2014-02-18 15:34:36,469][INFO ][cluster.metadata         ] [node_0] [empty_bucket_idx] creating index, cause [api], shards [4]/[0], mappings [type]
[2014-02-18 15:34:36,571][INFO ][search.aggregations.metrics] Index [2] docs async: [true] bulk: [false]
[2014-02-18 15:34:36,579][INFO ][cluster.metadata         ] [node_0] [idx] update_mapping [type] (dynamic)
[2014-02-18 15:34:36,815][TRACE][action.search.type       ] [node_1] Moving to second phase, based on results from: [YDkOVpQ0RLKhdd4JNL-RIg][idx][0],[5hmHAbs6R9GsuHtVrU5uIg][idx][3],[5hmHAbs6R9GsuHtVrU5uIg][idx][2],[5hmHAbs6R9GsuHtVrU5uIg][idx][1] (cluster state version: 222)
[2014-02-18 15:34:36,909][INFO ][search.aggregations.metrics] [MaxTests#testScript_ExplicitSingleValued_WithParams]: cleaning up after test
[2014-02-18 15:34:36,910][INFO ][cluster.metadata         ] [node_0] [idx_unmapped] deleting index
[2014-02-18 15:34:36,993][INFO ][cluster.metadata         ] [node_0] [idx] deleting index
[2014-02-18 15:34:37,207][INFO ][cluster.metadata         ] [node_0] [empty_bucket_idx] deleting index
[2014-02-18 15:34:37,246][INFO ][search.aggregations.metrics] [MaxTests#testScript_ExplicitSingleValued_WithParams]: cleaned up after test
[2014-02-18 15:34:37,252][INFO ][test                     ] Test testScript_ExplicitSingleValued_WithParams(org.elasticsearch.search.aggregations.metrics.MaxTests) finished
[2014-02-18 15:34:37,254][INFO ][test                     ] Test testScript_SingleValued_WithParams(org.elasticsearch.search.aggregations.metrics.MaxTests) started
[2014-02-18 15:34:37,261][INFO ][search.aggregations.metrics] [MaxTests#testScript_SingleValued_WithParams]: before test
[2014-02-18 15:34:37,281][INFO ][cluster.metadata         ] [node_0] [idx] creating index, cause [api], shards [5]/[0], mappings []
[2014-02-18 15:34:37,431][INFO ][cluster.metadata         ] [node_0] [idx_unmapped] creating index, cause [api], shards [1]/[0], mappings []
[2014-02-18 15:34:37,461][INFO ][search.aggregations.metrics] Index [10] docs async: [true] bulk: [false]
[2014-02-18 15:34:37,493][INFO ][cluster.metadata         ] [node_0] [idx] update_mapping [type] (dynamic)
[2014-02-18 15:34:37,889][INFO ][cluster.metadata         ] [node_0] [empty_bucket_idx] creating index, cause [api], shards [4]/[0], mappings [type]
[2014-02-18 15:34:37,981][INFO ][search.aggregations.metrics] Index [2] docs async: [true] bulk: [false]
[2014-02-18 15:34:38,120][TRACE][action.search.type       ] [node_2] Moving to second phase, based on results from: [YDkOVpQ0RLKhdd4JNL-RIg][idx][4],[tbUF3y2YTPm1TPdTF8YBYw][idx][3],[5hmHAbs6R9GsuHtVrU5uIg][idx][2],[YDkOVpQ0RLKhdd4JNL-RIg][idx][1],[tbUF3y2YTPm1TPdTF8YBYw][idx][0] (cluster state version: 234)
[2014-02-18 15:34:38,124][INFO ][search.aggregations.metrics] [MaxTests#testScript_SingleValued_WithParams]: cleaning up after test
[2014-02-18 15:34:38,125][INFO ][cluster.metadata         ] [node_0] [idx_unmapped] deleting index
[2014-02-18 15:34:38,146][INFO ][cluster.metadata         ] [node_0] [idx] deleting index
[2014-02-18 15:34:38,180][INFO ][cluster.metadata         ] [node_0] [empty_bucket_idx] deleting index
[2014-02-18 15:34:38,205][INFO ][search.aggregations.metrics] [MaxTests#testScript_SingleValued_WithParams]: cleaned up after test
[2014-02-18 15:34:38,206][INFO ][test                     ] Test testScript_SingleValued_WithParams(org.elasticsearch.search.aggregations.metrics.MaxTests) finished
[2014-02-18 15:34:38,207][INFO ][test                     ] Test testSingleValuedField_PartiallyUnmapped(org.elasticsearch.search.aggregations.metrics.MaxTests) started
[2014-02-18 15:34:38,212][INFO ][plugins                  ] [transport_client_node_2] loaded [], sites []
[2014-02-18 15:34:38,256][INFO ][plugins                  ] [transport_client_node_1] loaded [], sites []
[2014-02-18 15:34:38,300][INFO ][search.aggregations.metrics] [MaxTests#testSingleValuedField_PartiallyUnmapped]: before test
[2014-02-18 15:34:38,316][INFO ][cluster.metadata         ] [node_0] [idx] creating index, cause [api], shards [2]/[1], mappings []
[2014-02-18 15:34:38,460][INFO ][cluster.metadata         ] [node_0] [idx_unmapped] creating index, cause [api], shards [2]/[1], mappings []
[2014-02-18 15:34:38,607][INFO ][search.aggregations.metrics] Index [10] docs async: [true] bulk: [false]
[2014-02-18 15:34:39,197][INFO ][cluster.metadata         ] [node_0] [idx] update_mapping [type] (dynamic)
[2014-02-18 15:34:39,239][INFO ][cluster.metadata         ] [node_0] [empty_bucket_idx] creating index, cause [api], shards [2]/[1], mappings [type]
[2014-02-18 15:34:39,319][INFO ][search.aggregations.metrics] Index [2] docs async: [true] bulk: [false]
[2014-02-18 15:34:39,726][TRACE][action.search.type       ] [node_1] Moving to second phase, based on results from: [tbUF3y2YTPm1TPdTF8YBYw][idx][0],[tbUF3y2YTPm1TPdTF8YBYw][idx_unmapped][0],[5hmHAbs6R9GsuHtVrU5uIg][idx_unmapped][1],[tbUF3y2YTPm1TPdTF8YBYw][idx][1] (cluster state version: 252)
[2014-02-18 15:34:39,729][INFO ][search.aggregations.metrics] [MaxTests#testSingleValuedField_PartiallyUnmapped]: cleaning up after test
[2014-02-18 15:34:39,731][INFO ][cluster.metadata         ] [node_0] [idx_unmapped] deleting index
[2014-02-18 15:34:39,751][INFO ][cluster.metadata         ] [node_0] [idx] deleting index
[2014-02-18 15:34:39,792][INFO ][cluster.metadata         ] [node_0] [empty_bucket_idx] deleting index
[2014-02-18 15:34:39,825][INFO ][search.aggregations.metrics] [MaxTests#testSingleValuedField_PartiallyUnmapped]: cleaned up after test
[2014-02-18 15:34:39,836][INFO ][test                     ] Test testSingleValuedField_PartiallyUnmapped(org.elasticsearch.search.aggregations.metrics.MaxTests) finished
[2014-02-18 15:34:39,837][INFO ][test                     ] Test testSingleValuedField_WithValueScript(org.elasticsearch.search.aggregations.metrics.MaxTests) started
[2014-02-18 15:34:39,843][INFO ][search.aggregations.metrics] [MaxTests#testSingleValuedField_WithValueScript]: before test
[2014-02-18 15:34:39,861][INFO ][cluster.metadata         ] [node_0] [idx] creating index, cause [api], shards [5]/[0], mappings []
[2014-02-18 15:34:39,975][INFO ][cluster.metadata         ] [node_0] [idx_unmapped] creating index, cause [api], shards [4]/[0], mappings []
[2014-02-18 15:34:40,150][INFO ][search.aggregations.metrics] Index [10] docs async: [true] bulk: [false]
[2014-02-18 15:34:40,176][INFO ][cluster.metadata         ] [node_0] [idx] update_mapping [type] (dynamic)
[2014-02-18 15:34:40,384][INFO ][cluster.metadata         ] [node_0] [empty_bucket_idx] creating index, cause [api], shards [5]/[0], mappings [type]
[2014-02-18 15:34:40,490][INFO ][search.aggregations.metrics] Index [2] docs async: [true] bulk: [false]
[2014-02-18 15:34:40,623][TRACE][action.search.type       ] [node_0] Moving to second phase, based on results from: [YDkOVpQ0RLKhdd4JNL-RIg][idx][4],[tbUF3y2YTPm1TPdTF8YBYw][idx][3],[5hmHAbs6R9GsuHtVrU5uIg][idx][2],[YDkOVpQ0RLKhdd4JNL-RIg][idx][1],[tbUF3y2YTPm1TPdTF8YBYw][idx][0] (cluster state version: 264)
[2014-02-18 15:34:40,625][INFO ][search.aggregations.metrics] [MaxTests#testSingleValuedField_WithValueScript]: cleaning up after test
[2014-02-18 15:34:40,626][INFO ][cluster.metadata         ] [node_0] [idx_unmapped] deleting index
[2014-02-18 15:34:40,657][INFO ][cluster.metadata         ] [node_0] [idx] deleting index
[2014-02-18 15:34:40,700][INFO ][cluster.metadata         ] [node_0] [empty_bucket_idx] deleting index
[2014-02-18 15:34:40,722][INFO ][search.aggregations.metrics] [MaxTests#testSingleValuedField_WithValueScript]: cleaned up after test
[2014-02-18 15:34:40,723][INFO ][test                     ] Test testSingleValuedField_WithValueScript(org.elasticsearch.search.aggregations.metrics.MaxTests) finished
[2014-02-18 15:34:40,723][INFO ][test                     ] Test testUnmapped(org.elasticsearch.search.aggregations.metrics.MaxTests) started
[2014-02-18 15:34:40,727][INFO ][search.aggregations.metrics] [MaxTests#testUnmapped]: before test
[2014-02-18 15:34:40,737][INFO ][cluster.metadata         ] [node_0] [idx] creating index, cause [api], shards [4]/[0], mappings []
[2014-02-18 15:34:40,824][INFO ][cluster.metadata         ] [node_0] [idx_unmapped] creating index, cause [api], shards [5]/[0], mappings []
[2014-02-18 15:34:40,946][INFO ][search.aggregations.metrics] Index [10] docs async: [true] bulk: [false]
[2014-02-18 15:34:40,961][INFO ][cluster.metadata         ] [node_0] [idx] update_mapping [type] (dynamic)
[2014-02-18 15:34:41,249][INFO ][cluster.metadata         ] [node_0] [empty_bucket_idx] creating index, cause [api], shards [3]/[0], mappings [type]
[2014-02-18 15:34:41,320][INFO ][search.aggregations.metrics] Index [2] docs async: [true] bulk: [false]
[2014-02-18 15:34:41,410][TRACE][action.search.type       ] [node_0] Moving to second phase, based on results from: [YDkOVpQ0RLKhdd4JNL-RIg][idx_unmapped][0],[5hmHAbs6R9GsuHtVrU5uIg][idx_unmapped][1],[tbUF3y2YTPm1TPdTF8YBYw][idx_unmapped][2],[YDkOVpQ0RLKhdd4JNL-RIg][idx_unmapped][3],[5hmHAbs6R9GsuHtVrU5uIg][idx_unmapped][4] (cluster state version: 276)
[2014-02-18 15:34:41,411][INFO ][search.aggregations.metrics] [MaxTests#testUnmapped]: cleaning up after test
[2014-02-18 15:34:41,412][INFO ][cluster.metadata         ] [node_0] [idx_unmapped] deleting index
[2014-02-18 15:34:41,438][INFO ][cluster.metadata         ] [node_0] [idx] deleting index
[2014-02-18 15:34:41,463][INFO ][cluster.metadata         ] [node_0] [empty_bucket_idx] deleting index
[2014-02-18 15:34:41,489][INFO ][search.aggregations.metrics] [MaxTests#testUnmapped]: cleaned up after test
[2014-02-18 15:34:41,490][INFO ][test                     ] Test testUnmapped(org.elasticsearch.search.aggregations.metrics.MaxTests) finished
[2014-02-18 15:34:41,491][INFO ][test                     ] Test testScript_MultiValued_WithParams(org.elasticsearch.search.aggregations.metrics.MaxTests) started
[2014-02-18 15:34:41,497][INFO ][plugins                  ] [transport_client_node_1] loaded [], sites []
[2014-02-18 15:34:41,547][INFO ][plugins                  ] [transport_client_node_0] loaded [], sites []
[2014-02-18 15:34:41,581][INFO ][search.aggregations.metrics] [MaxTests#testScript_MultiValued_WithParams]: before test
[2014-02-18 15:34:41,595][INFO ][cluster.metadata         ] [node_0] [idx] creating index, cause [api], shards [2]/[0], mappings []
[2014-02-18 15:34:41,652][INFO ][cluster.metadata         ] [node_0] [idx_unmapped] creating index, cause [api], shards [2]/[0], mappings []
[2014-02-18 15:34:41,703][INFO ][search.aggregations.metrics] Index [10] docs async: [true] bulk: [false]
[2014-02-18 15:34:41,716][INFO ][cluster.metadata         ] [node_0] [idx] update_mapping [type] (dynamic)
[2014-02-18 15:34:41,824][INFO ][cluster.metadata         ] [node_0] [empty_bucket_idx] creating index, cause [api], shards [1]/[0], mappings [type]
[2014-02-18 15:34:41,849][INFO ][search.aggregations.metrics] Index [2] docs async: [true] bulk: [false]
[2014-02-18 15:34:41,939][TRACE][action.search.type       ] [node_1] Moving to second phase, based on results from: [tbUF3y2YTPm1TPdTF8YBYw][idx][0],[YDkOVpQ0RLKhdd4JNL-RIg][idx][1] (cluster state version: 288)
[2014-02-18 15:34:41,941][INFO ][search.aggregations.metrics] [MaxTests#testScript_MultiValued_WithParams]: cleaning up after test
[2014-02-18 15:34:41,943][INFO ][cluster.metadata         ] [node_0] [idx_unmapped] deleting index
[2014-02-18 15:34:41,973][INFO ][cluster.metadata         ] [node_0] [idx] deleting index
[2014-02-18 15:34:41,993][INFO ][cluster.metadata         ] [node_0] [empty_bucket_idx] deleting index
[2014-02-18 15:34:42,007][INFO ][search.aggregations.metrics] [MaxTests#testScript_MultiValued_WithParams]: cleaned up after test
[2014-02-18 15:34:42,021][INFO ][test                     ] Test testScript_MultiValued_WithParams(org.elasticsearch.search.aggregations.metrics.MaxTests) finished
[2014-02-18 15:34:42,022][INFO ][test                     ] Test testMultiValuedField_WithValueScript(org.elasticsearch.search.aggregations.metrics.MaxTests) started
[2014-02-18 15:34:42,028][INFO ][plugins                  ] [transport_client_node_0] loaded [], sites []
[2014-02-18 15:34:42,076][INFO ][search.aggregations.metrics] [MaxTests#testMultiValuedField_WithValueScript]: before test
[2014-02-18 15:34:42,078][INFO ][plugins                  ] [transport_client_node_2] loaded [], sites []
[2014-02-18 15:34:42,123][INFO ][cluster.metadata         ] [node_0] [idx] creating index, cause [api], shards [1]/[1], mappings []
[2014-02-18 15:34:42,173][INFO ][cluster.metadata         ] [node_0] [idx_unmapped] creating index, cause [api], shards [1]/[0], mappings []
[2014-02-18 15:34:42,197][INFO ][plugins                  ] [transport_client_node_1] loaded [], sites []
[2014-02-18 15:34:42,221][INFO ][search.aggregations.metrics] Index [10] docs async: [true] bulk: [false]
[2014-02-18 15:34:42,229][INFO ][cluster.metadata         ] [node_0] [idx] update_mapping [type] (dynamic)
[2014-02-18 15:34:42,405][INFO ][cluster.metadata         ] [node_0] [empty_bucket_idx] creating index, cause [api], shards [4]/[0], mappings [type]
[2014-02-18 15:34:42,491][INFO ][search.aggregations.metrics] Index [2] docs async: [true] bulk: [false]
[2014-02-18 15:34:42,566][TRACE][action.search.type       ] [node_1] Moving to second phase, based on results from: [tbUF3y2YTPm1TPdTF8YBYw][idx][0] (cluster state version: 300)
[2014-02-18 15:34:42,567][INFO ][search.aggregations.metrics] [MaxTests#testMultiValuedField_WithValueScript]: cleaning up after test
[2014-02-18 15:34:42,569][INFO ][cluster.metadata         ] [node_0] [idx_unmapped] deleting index
[2014-02-18 15:34:42,602][INFO ][cluster.metadata         ] [node_0] [idx] deleting index
[2014-02-18 15:34:42,628][INFO ][cluster.metadata         ] [node_0] [empty_bucket_idx] deleting index
[2014-02-18 15:34:42,647][INFO ][search.aggregations.metrics] [MaxTests#testMultiValuedField_WithValueScript]: cleaned up after test
[2014-02-18 15:34:42,664][INFO ][test                     ] Test testMultiValuedField_WithValueScript(org.elasticsearch.search.aggregations.metrics.MaxTests) finished
[2014-02-18 15:34:42,665][INFO ][test                     ] Test testScript_ExplicitMultiValued(org.elasticsearch.search.aggregations.metrics.MaxTests) started
[2014-02-18 15:34:42,669][INFO ][plugins                  ] [transport_client_node_1] loaded [], sites []
[2014-02-18 15:34:42,696][INFO ][search.aggregations.metrics] [MaxTests#testScript_ExplicitMultiValued]: before test
[2014-02-18 15:34:42,706][INFO ][cluster.metadata         ] [node_0] [idx] creating index, cause [api], shards [5]/[0], mappings []
[2014-02-18 15:34:42,800][INFO ][cluster.metadata         ] [node_0] [idx_unmapped] creating index, cause [api], shards [4]/[1], mappings []
[2014-02-18 15:34:42,896][INFO ][search.aggregations.metrics] Index [10] docs async: [true] bulk: [false]
[2014-02-18 15:34:42,967][INFO ][cluster.metadata         ] [node_0] [idx] update_mapping [type] (dynamic)
[2014-02-18 15:34:43,049][INFO ][cluster.metadata         ] [node_0] [empty_bucket_idx] creating index, cause [api], shards [4]/[0], mappings [type]
[2014-02-18 15:34:43,117][INFO ][search.aggregations.metrics] Index [2] docs async: [true] bulk: [false]
[2014-02-18 15:34:43,151][TRACE][action.search.type       ] [node_0] Moving to second phase, based on results from: [YDkOVpQ0RLKhdd4JNL-RIg][idx][4],[tbUF3y2YTPm1TPdTF8YBYw][idx][3],[5hmHAbs6R9GsuHtVrU5uIg][idx][2],[YDkOVpQ0RLKhdd4JNL-RIg][idx][1],[tbUF3y2YTPm1TPdTF8YBYw][idx][0] (cluster state version: 315)
[2014-02-18 15:34:43,152][INFO ][search.aggregations.metrics] [MaxTests#testScript_ExplicitMultiValued]: cleaning up after test
[2014-02-18 15:34:43,154][INFO ][cluster.metadata         ] [node_0] [idx_unmapped] deleting index
[2014-02-18 15:34:43,203][INFO ][cluster.metadata         ] [node_0] [idx] deleting index
[2014-02-18 15:34:43,241][INFO ][cluster.metadata         ] [node_0] [empty_bucket_idx] deleting index
[2014-02-18 15:34:43,266][INFO ][search.aggregations.metrics] [MaxTests#testScript_ExplicitMultiValued]: cleaned up after test
[2014-02-18 15:34:43,273][INFO ][test                     ] Test testScript_ExplicitMultiValued(org.elasticsearch.search.aggregations.metrics.MaxTests) finished
[2014-02-18 15:34:43,275][INFO ][test                     ] Test testSingleValuedField(org.elasticsearch.search.aggregations.metrics.MaxTests) started
[2014-02-18 15:34:43,282][INFO ][search.aggregations.metrics] [MaxTests#testSingleValuedField]: before test
[2014-02-18 15:34:43,298][INFO ][cluster.metadata         ] [node_0] [idx] creating index, cause [api], shards [3]/[1], mappings []
[2014-02-18 15:34:43,365][INFO ][plugins                  ] [transport_client_node_2] loaded [], sites []
[2014-02-18 15:34:43,419][INFO ][cluster.metadata         ] [node_0] [idx_unmapped] creating index, cause [api], shards [5]/[0], mappings []
[2014-02-18 15:34:43,481][INFO ][search.aggregations.metrics] Index [10] docs async: [true] bulk: [false]
[2014-02-18 15:34:43,647][INFO ][cluster.metadata         ] [node_0] [idx] update_mapping [type] (dynamic)
[2014-02-18 15:34:43,750][INFO ][cluster.metadata         ] [node_0] [empty_bucket_idx] creating index, cause [api], shards [4]/[0], mappings [type]
[2014-02-18 15:34:43,836][INFO ][search.aggregations.metrics] Index [2] docs async: [true] bulk: [false]
[2014-02-18 15:34:43,897][TRACE][action.search.type       ] [node_2] Moving to second phase, based on results from: [tbUF3y2YTPm1TPdTF8YBYw][idx][0],[5hmHAbs6R9GsuHtVrU5uIg][idx][2],[5hmHAbs6R9GsuHtVrU5uIg][idx][1] (cluster state version: 327)
[2014-02-18 15:34:43,899][INFO ][search.aggregations.metrics] [MaxTests#testSingleValuedField]: cleaning up after test
[2014-02-18 15:34:43,900][INFO ][cluster.metadata         ] [node_0] [idx_unmapped] deleting index
[2014-02-18 15:34:43,924][INFO ][cluster.metadata         ] [node_0] [idx] deleting index
[2014-02-18 15:34:43,957][INFO ][cluster.metadata         ] [node_0] [empty_bucket_idx] deleting index
[2014-02-18 15:34:43,976][INFO ][search.aggregations.metrics] [MaxTests#testSingleValuedField]: cleaned up after test
[2014-02-18 15:34:43,983][INFO ][test                     ] Test testSingleValuedField(org.elasticsearch.search.aggregations.metrics.MaxTests) finished
[2014-02-18 15:34:43,984][INFO ][test                     ] Test testMultiValuedField_WithValueScript_WithParams(org.elasticsearch.search.aggregations.metrics.MaxTests) started
[2014-02-18 15:34:43,989][INFO ][plugins                  ] [transport_client_node_0] loaded [], sites []
[2014-02-18 15:34:44,028][INFO ][plugins                  ] [transport_client_node_2] loaded [], sites []
[2014-02-18 15:34:44,064][INFO ][search.aggregations.metrics] [MaxTests#testMultiValuedField_WithValueScript_WithParams]: before test
[2014-02-18 15:34:44,075][INFO ][cluster.metadata         ] [node_0] [idx] creating index, cause [api], shards [4]/[1], mappings []
[2014-02-18 15:34:44,137][INFO ][plugins                  ] [transport_client_node_1] loaded [], sites []
[2014-02-18 15:34:44,206][INFO ][cluster.metadata         ] [node_0] [idx_unmapped] creating index, cause [api], shards [2]/[0], mappings []
[2014-02-18 15:34:44,252][INFO ][search.aggregations.metrics] Index [10] docs async: [true] bulk: [false]
[2014-02-18 15:34:44,264][INFO ][cluster.metadata         ] [node_0] [idx] update_mapping [type] (dynamic)
[2014-02-18 15:34:44,454][INFO ][cluster.metadata         ] [node_0] [empty_bucket_idx] creating index, cause [api], shards [1]/[1], mappings [type]
[2014-02-18 15:34:44,479][INFO ][search.aggregations.metrics] Index [2] docs async: [true] bulk: [false]
[2014-02-18 15:34:44,752][TRACE][action.search.type       ] [node_1] Moving to second phase, based on results from: [YDkOVpQ0RLKhdd4JNL-RIg][idx][0],[5hmHAbs6R9GsuHtVrU5uIg][idx][3],[5hmHAbs6R9GsuHtVrU5uIg][idx][2],[5hmHAbs6R9GsuHtVrU5uIg][idx][1] (cluster state version: 340)
[2014-02-18 15:34:44,754][INFO ][search.aggregations.metrics] [MaxTests#testMultiValuedField_WithValueScript_WithParams]: cleaning up after test
[2014-02-18 15:34:44,756][INFO ][cluster.metadata         ] [node_0] [idx_unmapped] deleting index
[2014-02-18 15:34:44,774][INFO ][cluster.metadata         ] [node_0] [idx] deleting index
[2014-02-18 15:34:44,810][INFO ][cluster.metadata         ] [node_0] [empty_bucket_idx] deleting index
[2014-02-18 15:34:44,830][INFO ][search.aggregations.metrics] [MaxTests#testMultiValuedField_WithValueScript_WithParams]: cleaned up after test
[2014-02-18 15:34:44,846][INFO ][test                     ] Test testMultiValuedField_WithValueScript_WithParams(org.elasticsearch.search.aggregations.metrics.MaxTests) finished
[2014-02-18 15:34:44,847][INFO ][test                     ] Test testScript_SingleValued(org.elasticsearch.search.aggregations.metrics.MaxTests) started
[2014-02-18 15:34:44,851][INFO ][search.aggregations.metrics] [MaxTests#testScript_SingleValued]: before test
[2014-02-18 15:34:44,854][INFO ][plugins                  ] [transport_client_node_1] loaded [], sites []
[2014-02-18 15:34:44,900][INFO ][cluster.metadata         ] [node_0] [idx] creating index, cause [api], shards [2]/[1], mappings []
[2014-02-18 15:34:44,977][INFO ][cluster.metadata         ] [node_0] [idx_unmapped] creating index, cause [api], shards [2]/[1], mappings []
[2014-02-18 15:34:45,034][INFO ][search.aggregations.metrics] Index [10] docs async: [true] bulk: [false]
[2014-02-18 15:34:45,240][INFO ][cluster.metadata         ] [node_0] [idx] update_mapping [type] (dynamic)
[2014-02-18 15:34:45,302][INFO ][cluster.metadata         ] [node_0] [empty_bucket_idx] creating index, cause [api], shards [1]/[1], mappings [type]
[2014-02-18 15:34:45,330][INFO ][search.aggregations.metrics] Index [2] docs async: [true] bulk: [false]
[2014-02-18 15:34:45,583][TRACE][action.search.type       ] [node_1] Moving to second phase, based on results from: [tbUF3y2YTPm1TPdTF8YBYw][idx][0],[YDkOVpQ0RLKhdd4JNL-RIg][idx][1] (cluster state version: 355)
[2014-02-18 15:34:45,587][INFO ][search.aggregations.metrics] [MaxTests#testScript_SingleValued]: cleaning up after test
[2014-02-18 15:34:45,588][INFO ][cluster.metadata         ] [node_0] [idx_unmapped] deleting index
[2014-02-18 15:34:45,610][INFO ][cluster.metadata         ] [node_0] [idx] deleting index
[2014-02-18 15:34:45,642][INFO ][cluster.metadata         ] [node_0] [empty_bucket_idx] deleting index
[2014-02-18 15:34:45,655][INFO ][search.aggregations.metrics] [MaxTests#testScript_SingleValued]: cleaned up after test
[2014-02-18 15:34:45,662][INFO ][test                     ] Test testScript_SingleValued(org.elasticsearch.search.aggregations.metrics.MaxTests) finished
[2014-02-18 15:34:45,662][INFO ][test                     ] Test testEmptyAggregation(org.elasticsearch.search.aggregations.metrics.MaxTests) started
[2014-02-18 15:34:45,667][INFO ][search.aggregations.metrics] [MaxTests#testEmptyAggregation]: before test
[2014-02-18 15:34:45,678][INFO ][cluster.metadata         ] [node_0] [idx] creating index, cause [api], shards [1]/[1], mappings []
[2014-02-18 15:34:45,706][INFO ][plugins                  ] [transport_client_node_1] loaded [], sites []
[2014-02-18 15:34:45,795][INFO ][cluster.metadata         ] [node_0] [idx_unmapped] creating index, cause [api], shards [2]/[1], mappings []
[2014-02-18 15:34:45,823][INFO ][search.aggregations.metrics] Index [10] docs async: [true] bulk: [false]
[2014-02-18 15:34:45,832][INFO ][cluster.metadata         ] [node_0] [idx] update_mapping [type] (dynamic)
[2014-02-18 15:34:46,177][INFO ][cluster.metadata         ] [node_0] [empty_bucket_idx] creating index, cause [api], shards [2]/[0], mappings [type]
[2014-02-18 15:34:46,216][INFO ][search.aggregations.metrics] Index [2] docs async: [true] bulk: [false]
[2014-02-18 15:34:46,258][TRACE][action.search.type       ] [node_0] Moving to second phase, based on results from: [YDkOVpQ0RLKhdd4JNL-RIg][empty_bucket_idx][0],[tbUF3y2YTPm1TPdTF8YBYw][empty_bucket_idx][1] (cluster state version: 372)
[2014-02-18 15:34:46,269][INFO ][search.aggregations.metrics] [MaxTests#testEmptyAggregation]: cleaning up after test
[2014-02-18 15:34:46,271][INFO ][cluster.metadata         ] [node_0] [idx_unmapped] deleting index
[2014-02-18 15:34:46,311][INFO ][cluster.metadata         ] [node_0] [idx] deleting index
[2014-02-18 15:34:46,343][INFO ][cluster.metadata         ] [node_0] [empty_bucket_idx] deleting index
[2014-02-18 15:34:46,360][INFO ][search.aggregations.metrics] [MaxTests#testEmptyAggregation]: cleaned up after test
[2014-02-18 15:34:46,365][INFO ][test                     ] Test testEmptyAggregation(org.elasticsearch.search.aggregations.metrics.MaxTests) finished
[2014-02-18 15:34:46,366][INFO ][test                     ] Test testSingleValuedField_WithValueScript_WithParams(org.elasticsearch.search.aggregations.metrics.MaxTests) started
[2014-02-18 15:34:46,370][INFO ][plugins                  ] [transport_client_node_0] loaded [], sites []
[2014-02-18 15:34:46,396][INFO ][search.aggregations.metrics] [MaxTests#testSingleValuedField_WithValueScript_WithParams]: before test
[2014-02-18 15:34:46,405][INFO ][cluster.metadata         ] [node_0] [idx] creating index, cause [api], shards [4]/[1], mappings []
[2014-02-18 15:34:46,497][INFO ][cluster.metadata         ] [node_0] [idx_unmapped] creating index, cause [api], shards [1]/[1], mappings []
[2014-02-18 15:34:46,524][INFO ][search.aggregations.metrics] Index [10] docs async: [true] bulk: [false]
[2014-02-18 15:34:46,903][INFO ][cluster.metadata         ] [node_0] [empty_bucket_idx] creating index, cause [api], shards [1]/[0], mappings [type]
[2014-02-18 15:34:46,924][INFO ][search.aggregations.metrics] Index [2] docs async: [false] bulk: [false]
[2014-02-18 15:34:46,929][INFO ][cluster.metadata         ] [node_0] [idx] update_mapping [type] (dynamic)
[2014-02-18 15:34:46,950][TRACE][action.search.type       ] [node_1] Moving to second phase, based on results from: [YDkOVpQ0RLKhdd4JNL-RIg][idx][0],[tbUF3y2YTPm1TPdTF8YBYw][idx][3],[YDkOVpQ0RLKhdd4JNL-RIg][idx][2],[5hmHAbs6R9GsuHtVrU5uIg][idx][1] (cluster state version: 384)
[2014-02-18 15:34:46,952][INFO ][search.aggregations.metrics] [MaxTests#testSingleValuedField_WithValueScript_WithParams]: cleaning up after test
[2014-02-18 15:34:46,953][INFO ][cluster.metadata         ] [node_0] [idx_unmapped] deleting index
[2014-02-18 15:34:46,970][INFO ][cluster.metadata         ] [node_0] [idx] deleting index
[2014-02-18 15:34:47,005][INFO ][cluster.metadata         ] [node_0] [empty_bucket_idx] deleting index
[2014-02-18 15:34:47,016][INFO ][search.aggregations.metrics] [MaxTests#testSingleValuedField_WithValueScript_WithParams]: cleaned up after test
[2014-02-18 15:34:47,024][INFO ][test                     ] Test testSingleValuedField_WithValueScript_WithParams(org.elasticsearch.search.aggregations.metrics.MaxTests) finished
[2014-02-18 15:34:47,025][INFO ][test                     ] Test testScript_MultiValued(org.elasticsearch.search.aggregations.metrics.MaxTests) started
[2014-02-18 15:34:47,031][INFO ][plugins                  ] [transport_client_node_0] loaded [], sites []
[2014-02-18 15:34:47,067][INFO ][plugins                  ] [transport_client_node_1] loaded [], sites []
[2014-02-18 15:34:47,101][INFO ][search.aggregations.metrics] [MaxTests#testScript_MultiValued]: before test
[2014-02-18 15:34:47,113][INFO ][cluster.metadata         ] [node_0] [idx] creating index, cause [api], shards [5]/[1], mappings []
[2014-02-18 15:34:47,300][INFO ][cluster.metadata         ] [node_0] [idx_unmapped] creating index, cause [api], shards [3]/[0], mappings []
[2014-02-18 15:34:47,355][INFO ][search.aggregations.metrics] Index [10] docs async: [false] bulk: [true]
[2014-02-18 15:34:47,373][INFO ][cluster.metadata         ] [node_0] [idx] update_mapping [type] (dynamic)
[2014-02-18 15:34:47,488][INFO ][cluster.metadata         ] [node_0] [empty_bucket_idx] creating index, cause [api], shards [2]/[1], mappings [type]
[2014-02-18 15:34:47,585][INFO ][search.aggregations.metrics] Index [2] docs async: [true] bulk: [false]
[2014-02-18 15:34:47,671][TRACE][action.search.type       ] [node_0] Moving to second phase, based on results from: [YDkOVpQ0RLKhdd4JNL-RIg][idx][4],[YDkOVpQ0RLKhdd4JNL-RIg][idx][3],[5hmHAbs6R9GsuHtVrU5uIg][idx][2],[YDkOVpQ0RLKhdd4JNL-RIg][idx][1],[tbUF3y2YTPm1TPdTF8YBYw][idx][0] (cluster state version: 399)
[2014-02-18 15:34:47,675][INFO ][search.aggregations.metrics] [MaxTests#testScript_MultiValued]: cleaning up after test
[2014-02-18 15:34:47,677][INFO ][cluster.metadata         ] [node_0] [idx_unmapped] deleting index
[2014-02-18 15:34:47,688][INFO ][cluster.metadata         ] [node_0] [idx] deleting index
[2014-02-18 15:34:47,723][INFO ][cluster.metadata         ] [node_0] [empty_bucket_idx] deleting index
[2014-02-18 15:34:47,751][INFO ][search.aggregations.metrics] [MaxTests#testScript_MultiValued]: cleaned up after test
[2014-02-18 15:34:47,762][INFO ][test                     ] Test testScript_MultiValued(org.elasticsearch.search.aggregations.metrics.MaxTests) finished
]]></system-out>
   <system-err><![CDATA[]]></system-err>
</testsuite>