<testsuite errors="0" failures="0" tests="28" skipped="0" name="org.elasticsearch.aliases.IndexAliasesTests" hostname="nohost.nodomain" time="10.85" timestamp="2014-02-18T16:01:35">
   <properties class="java.util.ArrayList">
      <property name="awt.toolkit" value="sun.lwawt.macosx.LWCToolkit"/>
      <property name="es.logger.level" value="INFO"/>
      <property name="es.logger.prefix" value=""/>
      <property name="es.node.local" value=""/>
      <property name="es.node.mode" value=""/>
      <property name="file.encoding" value="UTF-8"/>
      <property name="file.encoding.pkg" value="sun.io"/>
      <property name="file.separator" value="/"/>
      <property name="ftp.nonProxyHosts" value="local|*.local|169.254/16|*.169.254/16"/>
      <property name="gopherProxySet" value="false"/>
      <property name="http.nonProxyHosts" value="local|*.local|169.254/16|*.169.254/16"/>
      <property name="java.awt.graphicsenv" value="sun.awt.CGraphicsEnvironment"/>
      <property name="java.awt.headless" value="true"/>
      <property name="java.awt.printerjob" value="sun.lwawt.macosx.CPrinterJob"/>
      <property name="java.class.path" value="/Users/bhwang/elasticsearch/target/test-classes:/Users/bhwang/elasticsearch/target/classes:/Users/bhwang/.m2/repository/org/hamcrest/hamcrest-all/1.3/hamcrest-all-1.3.jar:/Users/bhwang/.m2/repository/com/carrotsearch/randomizedtesting/randomizedtesting-runner/2.0.15/randomizedtesting-runner-2.0.15.jar:/Users/bhwang/.m2/repository/junit/junit/4.10/junit-4.10.jar:/Users/bhwang/.m2/repository/org/apache/lucene/lucene-test-framework/4.6.1/lucene-test-framework-4.6.1.jar:/Users/bhwang/.m2/repository/org/apache/lucene/lucene-expressions/4.6.1/lucene-expressions-4.6.1.jar:/Users/bhwang/.m2/repository/org/antlr/antlr-runtime/3.5/antlr-runtime-3.5.jar:/Users/bhwang/.m2/repository/org/ow2/asm/asm/4.1/asm-4.1.jar:/Users/bhwang/.m2/repository/org/ow2/asm/asm-commons/4.1/asm-commons-4.1.jar:/Users/bhwang/.m2/repository/org/apache/httpcomponents/httpclient/4.3.1/httpclient-4.3.1.jar:/Users/bhwang/.m2/repository/org/apache/httpcomponents/httpcore/4.3/httpcore-4.3.jar:/Users/bhwang/.m2/repository/commons-logging/commons-logging/1.1.3/commons-logging-1.1.3.jar:/Users/bhwang/.m2/repository/commons-codec/commons-codec/1.6/commons-codec-1.6.jar:/Users/bhwang/.m2/repository/org/apache/lucene/lucene-core/4.6.1/lucene-core-4.6.1.jar:/Users/bhwang/.m2/repository/org/apache/lucene/lucene-analyzers-common/4.6.1/lucene-analyzers-common-4.6.1.jar:/Users/bhwang/.m2/repository/org/apache/lucene/lucene-codecs/4.6.1/lucene-codecs-4.6.1.jar:/Users/bhwang/.m2/repository/org/apache/lucene/lucene-queries/4.6.1/lucene-queries-4.6.1.jar:/Users/bhwang/.m2/repository/org/apache/lucene/lucene-memory/4.6.1/lucene-memory-4.6.1.jar:/Users/bhwang/.m2/repository/org/apache/lucene/lucene-highlighter/4.6.1/lucene-highlighter-4.6.1.jar:/Users/bhwang/.m2/repository/org/apache/lucene/lucene-queryparser/4.6.1/lucene-queryparser-4.6.1.jar:/Users/bhwang/.m2/repository/org/apache/lucene/lucene-sandbox/4.6.1/lucene-sandbox-4.6.1.jar:/Users/bhwang/.m2/repository/org/apache/lucene/lucene-suggest/4.6.1/lucene-suggest-4.6.1.jar:/Users/bhwang/.m2/repository/org/apache/lucene/lucene-misc/4.6.1/lucene-misc-4.6.1.jar:/Users/bhwang/.m2/repository/org/apache/lucene/lucene-join/4.6.1/lucene-join-4.6.1.jar:/Users/bhwang/.m2/repository/org/apache/lucene/lucene-grouping/4.6.1/lucene-grouping-4.6.1.jar:/Users/bhwang/.m2/repository/org/apache/lucene/lucene-spatial/4.6.1/lucene-spatial-4.6.1.jar:/Users/bhwang/.m2/repository/com/spatial4j/spatial4j/0.3/spatial4j-0.3.jar:/Users/bhwang/.m2/repository/com/vividsolutions/jts/1.12/jts-1.12.jar:/Users/bhwang/.m2/repository/com/google/guava/guava/16.0/guava-16.0.jar:/Users/bhwang/.m2/repository/com/carrotsearch/hppc/0.5.3/hppc-0.5.3.jar:/Users/bhwang/.m2/repository/joda-time/joda-time/2.3/joda-time-2.3.jar:/Users/bhwang/.m2/repository/org/joda/joda-convert/1.2/joda-convert-1.2.jar:/Users/bhwang/.m2/repository/org/mvel/mvel2/2.1.5.Final/mvel2-2.1.5.Final.jar:/Users/bhwang/.m2/repository/com/fasterxml/jackson/core/jackson-core/2.3.0/jackson-core-2.3.0.jar:/Users/bhwang/.m2/repository/com/fasterxml/jackson/dataformat/jackson-dataformat-smile/2.3.0/jackson-dataformat-smile-2.3.0.jar:/Users/bhwang/.m2/repository/com/fasterxml/jackson/dataformat/jackson-dataformat-yaml/2.3.0/jackson-dataformat-yaml-2.3.0.jar:/Users/bhwang/.m2/repository/io/netty/netty/3.9.0.Final/netty-3.9.0.Final.jar:/Users/bhwang/.m2/repository/com/ning/compress-lzf/0.9.6/compress-lzf-0.9.6.jar:/Users/bhwang/.m2/repository/log4j/log4j/1.2.17/log4j-1.2.17.jar:/Users/bhwang/.m2/repository/org/slf4j/slf4j-api/1.6.2/slf4j-api-1.6.2.jar:/Users/bhwang/.m2/repository/net/java/dev/jna/jna/3.3.0/jna-3.3.0.jar:/Users/bhwang/.m2/repository/org/fusesource/sigar/1.6.4/sigar-1.6.4.jar:/Users/bhwang/.m2/repository/com/carrotsearch/randomizedtesting/junit4-ant/2.0.15/junit4-ant-2.0.15.jar"/>
      <property name="java.class.version" value="51.0"/>
      <property name="java.endorsed.dirs" value="/Library/Java/JavaVirtualMachines/jdk1.7.0_45.jdk/Contents/Home/jre/lib/endorsed"/>
      <property name="java.ext.dirs" value="/Users/bhwang/Library/Java/Extensions:/Library/Java/JavaVirtualMachines/jdk1.7.0_45.jdk/Contents/Home/jre/lib/ext:/Library/Java/Extensions:/Network/Library/Java/Extensions:/System/Library/Java/Extensions:/usr/lib/java"/>
      <property name="java.home" value="/Library/Java/JavaVirtualMachines/jdk1.7.0_45.jdk/Contents/Home/jre"/>
      <property name="java.io.tmpdir" value="."/>
      <property name="java.library.path" value="/Users/bhwang/Library/Java/Extensions:/Library/Java/Extensions:/Network/Library/Java/Extensions:/System/Library/Java/Extensions:/usr/lib/java:."/>
      <property name="java.runtime.name" value="Java(TM) SE Runtime Environment"/>
      <property name="java.runtime.version" value="1.7.0_45-b18"/>
      <property name="java.security.policy" value="/Users/bhwang/elasticsearch/dev-tools/tests.policy"/>
      <property name="java.specification.name" value="Java Platform API Specification"/>
      <property name="java.specification.vendor" value="Oracle Corporation"/>
      <property name="java.specification.version" value="1.7"/>
      <property name="java.vendor" value="Oracle Corporation"/>
      <property name="java.vendor.url" value="http://java.oracle.com/"/>
      <property name="java.vendor.url.bug" value="http://bugreport.sun.com/bugreport/"/>
      <property name="java.version" value="1.7.0_45"/>
      <property name="java.vm.info" value="mixed mode"/>
      <property name="java.vm.name" value="Java HotSpot(TM) 64-Bit Server VM"/>
      <property name="java.vm.specification.name" value="Java Virtual Machine Specification"/>
      <property name="java.vm.specification.vendor" value="Oracle Corporation"/>
      <property name="java.vm.specification.version" value="1.7"/>
      <property name="java.vm.vendor" value="Oracle Corporation"/>
      <property name="java.vm.version" value="24.45-b08"/>
      <property name="junit4.childvm.cwd" value="/Users/bhwang/elasticsearch/target/J0"/>
      <property name="junit4.childvm.id" value="0"/>
      <property name="junit4.memory.total" value="128974848"/>
      <property name="junit4.pidString" value="6815@Bills-MacBook-Pro.local"/>
      <property name="junit4.processors" value="4"/>
      <property name="junit4.tempDir" value="/Users/bhwang/elasticsearch/target"/>
      <property name="line.separator" value="
"/>
      <property name="os.arch" value="x86_64"/>
      <property name="os.name" value="Mac OS X"/>
      <property name="os.version" value="10.9.1"/>
      <property name="path.separator" value=":"/>
      <property name="socksNonProxyHosts" value="local|*.local|169.254/16|*.169.254/16"/>
      <property name="sun.arch.data.model" value="64"/>
      <property name="sun.boot.class.path" value="/Library/Java/JavaVirtualMachines/jdk1.7.0_45.jdk/Contents/Home/jre/lib/resources.jar:/Library/Java/JavaVirtualMachines/jdk1.7.0_45.jdk/Contents/Home/jre/lib/rt.jar:/Library/Java/JavaVirtualMachines/jdk1.7.0_45.jdk/Contents/Home/jre/lib/sunrsasign.jar:/Library/Java/JavaVirtualMachines/jdk1.7.0_45.jdk/Contents/Home/jre/lib/jsse.jar:/Library/Java/JavaVirtualMachines/jdk1.7.0_45.jdk/Contents/Home/jre/lib/jce.jar:/Library/Java/JavaVirtualMachines/jdk1.7.0_45.jdk/Contents/Home/jre/lib/charsets.jar:/Library/Java/JavaVirtualMachines/jdk1.7.0_45.jdk/Contents/Home/jre/lib/jfr.jar:/Library/Java/JavaVirtualMachines/jdk1.7.0_45.jdk/Contents/Home/jre/lib/JObjC.jar:/Library/Java/JavaVirtualMachines/jdk1.7.0_45.jdk/Contents/Home/jre/classes"/>
      <property name="sun.boot.library.path" value="/Library/Java/JavaVirtualMachines/jdk1.7.0_45.jdk/Contents/Home/jre/lib"/>
      <property name="sun.cpu.endian" value="little"/>
      <property name="sun.cpu.isalist" value=""/>
      <property name="sun.io.unicode.encoding" value="UnicodeBig"/>
      <property name="sun.java.command" value="com.carrotsearch.ant.tasks.junit4.slave.SlaveMainSafe -flush -eventsfile /Users/bhwang/elasticsearch/target/junit4-J0-20140218_153326_767.events @/Users/bhwang/elasticsearch/target/junit4-J0-20140218_153326_767.suites -stdin"/>
      <property name="sun.java.launcher" value="SUN_STANDARD"/>
      <property name="sun.jnu.encoding" value="UTF-8"/>
      <property name="sun.management.compiler" value="HotSpot 64-Bit Tiered Compilers"/>
      <property name="sun.os.patch.level" value="unknown"/>
      <property name="tests.appendseed" value=""/>
      <property name="tests.assertion.disabled" value=""/>
      <property name="tests.awaitsfix" value=""/>
      <property name="tests.badapples" value=""/>
      <property name="tests.class" value=""/>
      <property name="tests.client.ratio" value=""/>
      <property name="tests.cluster_seed" value=""/>
      <property name="tests.enable_mock_modules" value=""/>
      <property name="tests.failfast" value=""/>
      <property name="tests.integration" value=""/>
      <property name="tests.iters" value=""/>
      <property name="tests.jvm.argline" value=""/>
      <property name="tests.maxfailures" value=""/>
      <property name="tests.method" value=""/>
      <property name="tests.network" value=""/>
      <property name="tests.nightly" value=""/>
      <property name="tests.prefix" value="tests"/>
      <property name="tests.rest" value=""/>
      <property name="tests.rest.spec" value=""/>
      <property name="tests.rest.suite" value=""/>
      <property name="tests.security.manager" value=""/>
      <property name="tests.seed" value="A89B4FF56754358E"/>
      <property name="tests.showSuccess" value=""/>
      <property name="tests.slow" value=""/>
      <property name="tests.timeoutSuite" value=""/>
      <property name="tests.weekly" value=""/>
      <property name="user.country" value="US"/>
      <property name="user.dir" value="/Users/bhwang/elasticsearch/target/J0"/>
      <property name="user.home" value="/Users/bhwang"/>
      <property name="user.language" value="en"/>
      <property name="user.name" value="bhwang"/>
      <property name="user.timezone" value=""/>
   </properties>
   <testcase classname="org.elasticsearch.aliases.IndexAliasesTests" name="testGetAllAliasesWorks" time="0.58"/>
   <testcase classname="org.elasticsearch.aliases.IndexAliasesTests" name="testWaitForAliasCreationMultipleShards" time="0.463"/>
   <testcase classname="org.elasticsearch.aliases.IndexAliasesTests" name="testWaitForAliasCreationSingleShard" time="0.164"/>
   <testcase classname="org.elasticsearch.aliases.IndexAliasesTests" name="testDeletingByQueryFilteringAliases" time="1.068"/>
   <testcase classname="org.elasticsearch.aliases.IndexAliasesTests" name="testSameAlias" time="0.397"/>
   <testcase classname="org.elasticsearch.aliases.IndexAliasesTests" name="testIndicesGetAliases" time="0.383"/>
   <testcase classname="org.elasticsearch.aliases.IndexAliasesTests" name="testSearchingFilteringAliasesSingleIndex" time="0.765"/>
   <testcase classname="org.elasticsearch.aliases.IndexAliasesTests" name="tesRemoveAliasEmptyIndex" time="0.044"/>
   <testcase classname="org.elasticsearch.aliases.IndexAliasesTests" name="testFilteringAliases" time="0.4"/>
   <testcase classname="org.elasticsearch.aliases.IndexAliasesTests" name="testRemoveAliasEmptyAliasEmptyIndex" time="0.035"/>
   <testcase classname="org.elasticsearch.aliases.IndexAliasesTests" name="testAddAliasNullAlias" time="0.007"/>
   <testcase classname="org.elasticsearch.aliases.IndexAliasesTests" name="testAddAliasNullIndex" time="0.073"/>
   <testcase classname="org.elasticsearch.aliases.IndexAliasesTests" name="testSearchingFilteringAliasesTwoIndices" time="1.09"/>
   <testcase classname="org.elasticsearch.aliases.IndexAliasesTests" name="testSearchingFilteringAliasesMultipleIndices" time="1.566"/>
   <testcase classname="org.elasticsearch.aliases.IndexAliasesTests" name="testAddAliasNullAliasNullIndex" time="0.09"/>
   <testcase classname="org.elasticsearch.aliases.IndexAliasesTests" name="tesRemoveAliasNullAlias" time="0.095"/>
   <testcase classname="org.elasticsearch.aliases.IndexAliasesTests" name="testAddAliasEmptyAlias" time="0.093"/>
   <testcase classname="org.elasticsearch.aliases.IndexAliasesTests" name="tesRemoveAliasNullIndex" time="0.038"/>
   <testcase classname="org.elasticsearch.aliases.IndexAliasesTests" name="testRemoveAliasNullAliasNullIndex" time="0.01"/>
   <testcase classname="org.elasticsearch.aliases.IndexAliasesTests" name="testAddAliasEmptyAliasEmptyIndex" time="0.094"/>
   <testcase classname="org.elasticsearch.aliases.IndexAliasesTests" name="testFailedFilter" time="0.427"/>
   <testcase classname="org.elasticsearch.aliases.IndexAliasesTests" name="testWaitForAliasSimultaneousUpdate" time="0.47"/>
   <testcase classname="org.elasticsearch.aliases.IndexAliasesTests" name="tesRemoveAliasEmptyAlias" time="0.009"/>
   <testcase classname="org.elasticsearch.aliases.IndexAliasesTests" name="testAddAliasEmptyIndex" time="0.116"/>
   <testcase classname="org.elasticsearch.aliases.IndexAliasesTests" name="testDeleteAliases" time="0.662"/>
   <testcase classname="org.elasticsearch.aliases.IndexAliasesTests" name="testEmptyFilter" time="0.452"/>
   <testcase classname="org.elasticsearch.aliases.IndexAliasesTests" name="testAliases" time="0.806"/>
   <testcase classname="org.elasticsearch.aliases.IndexAliasesTests" name="testIndicesRemoveNonExistingAliasResponds404" time="0.432"/>
   <system-out><![CDATA[[2014-02-18 16:01:35,213][INFO ][test                     ] Test testGetAllAliasesWorks(org.elasticsearch.aliases.IndexAliasesTests) started
[2014-02-18 16:01:35,217][INFO ][plugins                  ] [transport_client_node_2] loaded [], sites []
[2014-02-18 16:01:35,239][INFO ][plugins                  ] [transport_client_node_1] loaded [], sites []
[2014-02-18 16:01:35,265][INFO ][plugins                  ] [transport_client_node_0] loaded [], sites []
[2014-02-18 16:01:35,292][INFO ][aliases                  ] [IndexAliasesTests#testGetAllAliasesWorks]: before test
[2014-02-18 16:01:35,300][INFO ][cluster.metadata         ] [node_0] [index1] creating index, cause [api], shards [5]/[1], mappings []
[2014-02-18 16:01:35,446][INFO ][cluster.metadata         ] [node_0] [index2] creating index, cause [api], shards [5]/[1], mappings []
[2014-02-18 16:01:35,674][INFO ][aliases                  ] [IndexAliasesTests#testGetAllAliasesWorks]: cleaning up after test
[2014-02-18 16:01:35,676][INFO ][cluster.metadata         ] [node_0] [index1] deleting index
[2014-02-18 16:01:35,740][INFO ][cluster.metadata         ] [node_0] [index2] deleting index
[2014-02-18 16:01:35,781][INFO ][aliases                  ] [IndexAliasesTests#testGetAllAliasesWorks]: cleaned up after test
[2014-02-18 16:01:35,793][INFO ][test                     ] Test testGetAllAliasesWorks(org.elasticsearch.aliases.IndexAliasesTests) finished
[2014-02-18 16:01:35,794][INFO ][test                     ] Test testWaitForAliasCreationMultipleShards(org.elasticsearch.aliases.IndexAliasesTests) started
[2014-02-18 16:01:35,799][INFO ][plugins                  ] [transport_client_node_2] loaded [], sites []
[2014-02-18 16:01:35,828][INFO ][plugins                  ] [transport_client_node_1] loaded [], sites []
[2014-02-18 16:01:35,855][INFO ][plugins                  ] [transport_client_node_0] loaded [], sites []
[2014-02-18 16:01:35,879][INFO ][aliases                  ] [IndexAliasesTests#testWaitForAliasCreationMultipleShards]: before test
[2014-02-18 16:01:35,880][INFO ][aliases                  ] --> creating index [test]
[2014-02-18 16:01:35,890][INFO ][cluster.metadata         ] [node_0] [test] creating index, cause [api], shards [5]/[1], mappings []
[2014-02-18 16:01:36,177][INFO ][cluster.metadata         ] [node_0] [test] update_mapping [type1] (dynamic)
[2014-02-18 16:01:36,217][INFO ][aliases                  ] [IndexAliasesTests#testWaitForAliasCreationMultipleShards]: cleaning up after test
[2014-02-18 16:01:36,218][INFO ][cluster.metadata         ] [node_0] [test] deleting index
[2014-02-18 16:01:36,248][INFO ][aliases                  ] [IndexAliasesTests#testWaitForAliasCreationMultipleShards]: cleaned up after test
[2014-02-18 16:01:36,257][INFO ][test                     ] Test testWaitForAliasCreationMultipleShards(org.elasticsearch.aliases.IndexAliasesTests) finished
[2014-02-18 16:01:36,257][INFO ][test                     ] Test testWaitForAliasCreationSingleShard(org.elasticsearch.aliases.IndexAliasesTests) started
[2014-02-18 16:01:36,261][INFO ][plugins                  ] [transport_client_node_2] loaded [], sites []
[2014-02-18 16:01:36,284][INFO ][plugins                  ] [transport_client_node_0] loaded [], sites []
[2014-02-18 16:01:36,317][INFO ][aliases                  ] [IndexAliasesTests#testWaitForAliasCreationSingleShard]: before test
[2014-02-18 16:01:36,318][INFO ][aliases                  ] --> creating index [test]
[2014-02-18 16:01:36,326][INFO ][cluster.metadata         ] [node_0] [test] creating index, cause [api], shards [1]/[0], mappings []
[2014-02-18 16:01:36,347][INFO ][plugins                  ] [transport_client_node_1] loaded [], sites []
[2014-02-18 16:01:36,382][INFO ][cluster.metadata         ] [node_0] [test] update_mapping [type1] (dynamic)
[2014-02-18 16:01:36,401][INFO ][aliases                  ] [IndexAliasesTests#testWaitForAliasCreationSingleShard]: cleaning up after test
[2014-02-18 16:01:36,403][INFO ][cluster.metadata         ] [node_0] [test] deleting index
[2014-02-18 16:01:36,411][INFO ][aliases                  ] [IndexAliasesTests#testWaitForAliasCreationSingleShard]: cleaned up after test
[2014-02-18 16:01:36,421][INFO ][test                     ] Test testWaitForAliasCreationSingleShard(org.elasticsearch.aliases.IndexAliasesTests) finished
[2014-02-18 16:01:36,421][INFO ][test                     ] Test testDeletingByQueryFilteringAliases(org.elasticsearch.aliases.IndexAliasesTests) started
[2014-02-18 16:01:36,425][INFO ][aliases                  ] [IndexAliasesTests#testDeletingByQueryFilteringAliases]: before test
[2014-02-18 16:01:36,425][INFO ][aliases                  ] --> creating index [test1] and [test2
[2014-02-18 16:01:36,433][INFO ][cluster.metadata         ] [node_0] [test1] creating index, cause [api], shards [5]/[1], mappings []
[2014-02-18 16:01:36,551][INFO ][cluster.metadata         ] [node_0] [test2] creating index, cause [api], shards [5]/[1], mappings []
[2014-02-18 16:01:36,991][INFO ][aliases                  ] --> adding filtering aliases to index [test1]
[2014-02-18 16:01:36,998][INFO ][aliases                  ] --> adding filtering aliases to index [test2]
[2014-02-18 16:01:37,015][INFO ][aliases                  ] --> indexing against [test1]
[2014-02-18 16:01:37,016][INFO ][cluster.metadata         ] [node_0] [test1] update_mapping [type1] (dynamic)
[2014-02-18 16:01:37,028][INFO ][aliases                  ] --> indexing against [test2]
[2014-02-18 16:01:37,029][INFO ][cluster.metadata         ] [node_0] [test2] update_mapping [type1] (dynamic)
[2014-02-18 16:01:37,404][INFO ][aliases                  ] --> checking counts before delete
[2014-02-18 16:01:37,405][INFO ][aliases                  ] --> delete by query from a single alias
[2014-02-18 16:01:37,410][INFO ][aliases                  ] --> verify that only one record was deleted
[2014-02-18 16:01:37,411][INFO ][aliases                  ] --> delete by query from an aliases pointing to two indices
[2014-02-18 16:01:37,417][INFO ][aliases                  ] --> verify that proper records were deleted
[2014-02-18 16:01:37,419][INFO ][aliases                  ] --> delete by query from an aliases and an index
[2014-02-18 16:01:37,427][INFO ][aliases                  ] --> verify that proper records were deleted
[2014-02-18 16:01:37,429][INFO ][aliases                  ] [IndexAliasesTests#testDeletingByQueryFilteringAliases]: cleaning up after test
[2014-02-18 16:01:37,431][INFO ][cluster.metadata         ] [node_0] [test2] deleting index
[2014-02-18 16:01:37,458][INFO ][cluster.metadata         ] [node_0] [test1] deleting index
[2014-02-18 16:01:37,488][INFO ][aliases                  ] [IndexAliasesTests#testDeletingByQueryFilteringAliases]: cleaned up after test
[2014-02-18 16:01:37,489][INFO ][test                     ] Test testDeletingByQueryFilteringAliases(org.elasticsearch.aliases.IndexAliasesTests) finished
[2014-02-18 16:01:37,489][INFO ][test                     ] Test testSameAlias(org.elasticsearch.aliases.IndexAliasesTests) started
[2014-02-18 16:01:37,494][INFO ][plugins                  ] [transport_client_node_0] loaded [], sites []
[2014-02-18 16:01:37,517][INFO ][aliases                  ] [IndexAliasesTests#testSameAlias]: before test
[2014-02-18 16:01:37,517][INFO ][aliases                  ] --> creating index [test]
[2014-02-18 16:01:37,525][INFO ][cluster.metadata         ] [node_0] [test] creating index, cause [api], shards [5]/[1], mappings []
[2014-02-18 16:01:37,831][INFO ][aliases                  ] --> creating alias1 
[2014-02-18 16:01:37,833][INFO ][aliases                  ] --> recreating alias1 
[2014-02-18 16:01:37,834][INFO ][aliases                  ] --> modifying alias1 to have a filter
[2014-02-18 16:01:37,836][INFO ][aliases                  ] --> recreating alias1 with the same filter
[2014-02-18 16:01:37,837][INFO ][aliases                  ] --> recreating alias1 with a different filter
[2014-02-18 16:01:37,839][INFO ][aliases                  ] --> verify that filter was updated
[2014-02-18 16:01:37,839][INFO ][aliases                  ] --> deleting alias1
[2014-02-18 16:01:37,841][INFO ][aliases                  ] [IndexAliasesTests#testSameAlias]: cleaning up after test
[2014-02-18 16:01:37,842][INFO ][cluster.metadata         ] [node_0] [test] deleting index
[2014-02-18 16:01:37,881][INFO ][aliases                  ] [IndexAliasesTests#testSameAlias]: cleaned up after test
[2014-02-18 16:01:37,886][INFO ][test                     ] Test testSameAlias(org.elasticsearch.aliases.IndexAliasesTests) finished
[2014-02-18 16:01:37,886][INFO ][test                     ] Test testIndicesGetAliases(org.elasticsearch.aliases.IndexAliasesTests) started
[2014-02-18 16:01:37,893][INFO ][aliases                  ] [IndexAliasesTests#testIndicesGetAliases]: before test
[2014-02-18 16:01:37,893][INFO ][aliases                  ] --> creating indices [foobar, test, test123, foobarbaz, bazbar]
[2014-02-18 16:01:37,896][INFO ][plugins                  ] [transport_client_node_1] loaded [], sites []
[2014-02-18 16:01:37,926][INFO ][cluster.metadata         ] [node_0] [foobar] creating index, cause [api], shards [1]/[0], mappings []
[2014-02-18 16:01:37,965][INFO ][cluster.metadata         ] [node_0] [test] creating index, cause [api], shards [1]/[0], mappings []
[2014-02-18 16:01:37,997][INFO ][cluster.metadata         ] [node_0] [test123] creating index, cause [api], shards [1]/[0], mappings []
[2014-02-18 16:01:38,023][INFO ][cluster.metadata         ] [node_0] [foobarbaz] creating index, cause [api], shards [1]/[0], mappings []
[2014-02-18 16:01:38,057][INFO ][cluster.metadata         ] [node_0] [bazbar] creating index, cause [api], shards [1]/[0], mappings []
[2014-02-18 16:01:38,152][INFO ][aliases                  ] --> creating aliases [alias1, alias2]
[2014-02-18 16:01:38,157][INFO ][aliases                  ] --> getting alias1
[2014-02-18 16:01:38,158][INFO ][aliases                  ] --> getting all aliases that start with alias*
[2014-02-18 16:01:38,160][INFO ][aliases                  ] --> creating aliases [bar, baz, foo]
[2014-02-18 16:01:38,185][INFO ][aliases                  ] --> getting bar and baz for index bazbar
[2014-02-18 16:01:38,189][INFO ][aliases                  ] --> getting *b* for index baz*
[2014-02-18 16:01:38,191][INFO ][aliases                  ] --> getting *b* for index *bar
[2014-02-18 16:01:38,193][INFO ][aliases                  ] --> getting f* for index *bar
[2014-02-18 16:01:38,195][INFO ][aliases                  ] --> getting f* for index *bac
[2014-02-18 16:01:38,196][INFO ][aliases                  ] --> getting foo for index foobar
[2014-02-18 16:01:38,197][INFO ][aliases                  ] --> getting * for index *bac
[2014-02-18 16:01:38,199][INFO ][aliases                  ] [IndexAliasesTests#testIndicesGetAliases]: cleaning up after test
[2014-02-18 16:01:38,202][INFO ][cluster.metadata         ] [node_0] [test123] deleting index
[2014-02-18 16:01:38,225][INFO ][cluster.metadata         ] [node_0] [bazbar] deleting index
[2014-02-18 16:01:38,232][INFO ][cluster.metadata         ] [node_0] [foobar] deleting index
[2014-02-18 16:01:38,238][INFO ][cluster.metadata         ] [node_0] [test] deleting index
[2014-02-18 16:01:38,247][INFO ][cluster.metadata         ] [node_0] [foobarbaz] deleting index
[2014-02-18 16:01:38,265][INFO ][aliases                  ] [IndexAliasesTests#testIndicesGetAliases]: cleaned up after test
[2014-02-18 16:01:38,269][INFO ][test                     ] Test testIndicesGetAliases(org.elasticsearch.aliases.IndexAliasesTests) finished
[2014-02-18 16:01:38,269][INFO ][test                     ] Test testSearchingFilteringAliasesSingleIndex(org.elasticsearch.aliases.IndexAliasesTests) started
[2014-02-18 16:01:38,273][INFO ][plugins                  ] [transport_client_node_0] loaded [], sites []
[2014-02-18 16:01:38,302][INFO ][plugins                  ] [transport_client_node_2] loaded [], sites []
[2014-02-18 16:01:38,331][INFO ][aliases                  ] [IndexAliasesTests#testSearchingFilteringAliasesSingleIndex]: before test
[2014-02-18 16:01:38,332][INFO ][aliases                  ] --> creating index [test]
[2014-02-18 16:01:38,334][INFO ][plugins                  ] [transport_client_node_1] loaded [], sites []
[2014-02-18 16:01:38,371][INFO ][cluster.metadata         ] [node_0] [test] creating index, cause [api], shards [5]/[1], mappings []
[2014-02-18 16:01:38,714][INFO ][aliases                  ] --> adding filtering aliases to index [test]
[2014-02-18 16:01:38,723][INFO ][aliases                  ] --> indexing against [test]
[2014-02-18 16:01:38,724][INFO ][cluster.metadata         ] [node_0] [test] update_mapping [type1] (dynamic)
[2014-02-18 16:01:38,927][INFO ][aliases                  ] --> checking single filtering alias search
[2014-02-18 16:01:38,930][INFO ][aliases                  ] --> checking single filtering alias wildcard search
[2014-02-18 16:01:38,935][INFO ][aliases                  ] --> checking single filtering alias search with sort
[2014-02-18 16:01:38,937][INFO ][aliases                  ] --> checking single filtering alias search with global facets
[2014-02-18 16:01:38,940][INFO ][aliases                  ] --> checking single filtering alias search with global facets and sort
[2014-02-18 16:01:38,943][INFO ][aliases                  ] --> checking single filtering alias search with non-global facets
[2014-02-18 16:01:38,947][INFO ][aliases                  ] --> checking single non-filtering alias search
[2014-02-18 16:01:38,949][INFO ][aliases                  ] --> checking non-filtering alias and filtering alias search
[2014-02-18 16:01:38,950][INFO ][aliases                  ] --> checking index and filtering alias search
[2014-02-18 16:01:38,952][INFO ][aliases                  ] --> checking index and alias wildcard search
[2014-02-18 16:01:38,954][INFO ][aliases                  ] [IndexAliasesTests#testSearchingFilteringAliasesSingleIndex]: cleaning up after test
[2014-02-18 16:01:38,955][INFO ][cluster.metadata         ] [node_0] [test] deleting index
[2014-02-18 16:01:39,016][INFO ][aliases                  ] [IndexAliasesTests#testSearchingFilteringAliasesSingleIndex]: cleaned up after test
[2014-02-18 16:01:39,033][INFO ][test                     ] Test testSearchingFilteringAliasesSingleIndex(org.elasticsearch.aliases.IndexAliasesTests) finished
[2014-02-18 16:01:39,035][INFO ][test                     ] Test tesRemoveAliasEmptyIndex(org.elasticsearch.aliases.IndexAliasesTests) started
[2014-02-18 16:01:39,041][INFO ][plugins                  ] [transport_client_node_0] loaded [], sites []
[2014-02-18 16:01:39,069][INFO ][aliases                  ] [IndexAliasesTests#tesRemoveAliasEmptyIndex]: before test
[2014-02-18 16:01:39,070][INFO ][aliases                  ] [IndexAliasesTests#tesRemoveAliasEmptyIndex]: cleaning up after test
[2014-02-18 16:01:39,074][INFO ][aliases                  ] [IndexAliasesTests#tesRemoveAliasEmptyIndex]: cleaned up after test
[2014-02-18 16:01:39,078][INFO ][test                     ] Test tesRemoveAliasEmptyIndex(org.elasticsearch.aliases.IndexAliasesTests) finished
[2014-02-18 16:01:39,078][INFO ][test                     ] Test testFilteringAliases(org.elasticsearch.aliases.IndexAliasesTests) started
[2014-02-18 16:01:39,083][INFO ][plugins                  ] [transport_client_node_2] loaded [], sites []
[2014-02-18 16:01:39,109][INFO ][aliases                  ] [IndexAliasesTests#testFilteringAliases]: before test
[2014-02-18 16:01:39,109][INFO ][aliases                  ] --> creating index [test]
[2014-02-18 16:01:39,119][INFO ][cluster.metadata         ] [node_0] [test] creating index, cause [api], shards [5]/[1], mappings []
[2014-02-18 16:01:39,442][INFO ][aliases                  ] --> aliasing index [test] with [alias1] and filter [user:kimchy]
[2014-02-18 16:01:39,445][INFO ][aliases                  ] --> making sure that filter was stored with alias [alias1] and filter [user:kimchy]
[2014-02-18 16:01:39,446][INFO ][aliases                  ] [IndexAliasesTests#testFilteringAliases]: cleaning up after test
[2014-02-18 16:01:39,446][INFO ][cluster.metadata         ] [node_0] [test] deleting index
[2014-02-18 16:01:39,474][INFO ][aliases                  ] [IndexAliasesTests#testFilteringAliases]: cleaned up after test
[2014-02-18 16:01:39,477][INFO ][test                     ] Test testFilteringAliases(org.elasticsearch.aliases.IndexAliasesTests) finished
[2014-02-18 16:01:39,478][INFO ][test                     ] Test testRemoveAliasEmptyAliasEmptyIndex(org.elasticsearch.aliases.IndexAliasesTests) started
[2014-02-18 16:01:39,482][INFO ][plugins                  ] [transport_client_node_0] loaded [], sites []
[2014-02-18 16:01:39,506][INFO ][aliases                  ] [IndexAliasesTests#testRemoveAliasEmptyAliasEmptyIndex]: before test
[2014-02-18 16:01:39,506][INFO ][aliases                  ] [IndexAliasesTests#testRemoveAliasEmptyAliasEmptyIndex]: cleaning up after test
[2014-02-18 16:01:39,509][INFO ][aliases                  ] [IndexAliasesTests#testRemoveAliasEmptyAliasEmptyIndex]: cleaned up after test
[2014-02-18 16:01:39,513][INFO ][test                     ] Test testRemoveAliasEmptyAliasEmptyIndex(org.elasticsearch.aliases.IndexAliasesTests) finished
[2014-02-18 16:01:39,513][INFO ][test                     ] Test testAddAliasNullAlias(org.elasticsearch.aliases.IndexAliasesTests) started
[2014-02-18 16:01:39,517][INFO ][aliases                  ] [IndexAliasesTests#testAddAliasNullAlias]: before test
[2014-02-18 16:01:39,517][INFO ][aliases                  ] [IndexAliasesTests#testAddAliasNullAlias]: cleaning up after test
[2014-02-18 16:01:39,519][INFO ][aliases                  ] [IndexAliasesTests#testAddAliasNullAlias]: cleaned up after test
[2014-02-18 16:01:39,519][INFO ][test                     ] Test testAddAliasNullAlias(org.elasticsearch.aliases.IndexAliasesTests) finished
[2014-02-18 16:01:39,520][INFO ][test                     ] Test testAddAliasNullIndex(org.elasticsearch.aliases.IndexAliasesTests) started
[2014-02-18 16:01:39,523][INFO ][plugins                  ] [transport_client_node_2] loaded [], sites []
[2014-02-18 16:01:39,547][INFO ][plugins                  ] [transport_client_node_1] loaded [], sites []
[2014-02-18 16:01:39,577][INFO ][aliases                  ] [IndexAliasesTests#testAddAliasNullIndex]: before test
[2014-02-18 16:01:39,581][INFO ][aliases                  ] [IndexAliasesTests#testAddAliasNullIndex]: cleaning up after test
[2014-02-18 16:01:39,586][INFO ][aliases                  ] [IndexAliasesTests#testAddAliasNullIndex]: cleaned up after test
[2014-02-18 16:01:39,593][INFO ][test                     ] Test testAddAliasNullIndex(org.elasticsearch.aliases.IndexAliasesTests) finished
[2014-02-18 16:01:39,594][INFO ][test                     ] Test testSearchingFilteringAliasesTwoIndices(org.elasticsearch.aliases.IndexAliasesTests) started
[2014-02-18 16:01:39,598][INFO ][plugins                  ] [transport_client_node_1] loaded [], sites []
[2014-02-18 16:01:39,625][INFO ][plugins                  ] [transport_client_node_0] loaded [], sites []
[2014-02-18 16:01:39,659][INFO ][aliases                  ] [IndexAliasesTests#testSearchingFilteringAliasesTwoIndices]: before test
[2014-02-18 16:01:39,660][INFO ][aliases                  ] --> creating index [test1]
[2014-02-18 16:01:39,670][INFO ][cluster.metadata         ] [node_0] [test1] creating index, cause [api], shards [5]/[1], mappings []
[2014-02-18 16:01:39,743][INFO ][aliases                  ] --> creating index [test2]
[2014-02-18 16:01:39,802][INFO ][cluster.metadata         ] [node_0] [test2] creating index, cause [api], shards [5]/[1], mappings []
[2014-02-18 16:01:40,185][INFO ][aliases                  ] --> adding filtering aliases to index [test1]
[2014-02-18 16:01:40,202][INFO ][plugins                  ] [transport_client_node_2] loaded [], sites []
[2014-02-18 16:01:40,248][INFO ][aliases                  ] --> adding filtering aliases to index [test2]
[2014-02-18 16:01:40,257][INFO ][aliases                  ] --> indexing against [test1]
[2014-02-18 16:01:40,259][INFO ][cluster.metadata         ] [node_0] [test1] update_mapping [type1] (dynamic)
[2014-02-18 16:01:40,278][INFO ][aliases                  ] --> indexing against [test2]
[2014-02-18 16:01:40,280][INFO ][cluster.metadata         ] [node_0] [test2] update_mapping [type1] (dynamic)
[2014-02-18 16:01:40,486][INFO ][aliases                  ] --> checking filtering alias for two indices
[2014-02-18 16:01:40,490][INFO ][aliases                  ] --> checking filtering alias for one index
[2014-02-18 16:01:40,493][INFO ][aliases                  ] --> checking filtering alias for two indices and one complete index
[2014-02-18 16:01:40,497][INFO ][aliases                  ] --> checking filtering alias for two indices and non-filtering alias for one index
[2014-02-18 16:01:40,500][INFO ][aliases                  ] --> checking filtering alias for two indices and non-filtering alias for both indices
[2014-02-18 16:01:40,504][INFO ][aliases                  ] --> checking filtering alias for two indices and non-filtering alias for both indices
[2014-02-18 16:01:40,508][INFO ][aliases                  ] [IndexAliasesTests#testSearchingFilteringAliasesTwoIndices]: cleaning up after test
[2014-02-18 16:01:40,510][INFO ][cluster.metadata         ] [node_0] [test2] deleting index
[2014-02-18 16:01:40,578][INFO ][cluster.metadata         ] [node_0] [test1] deleting index
[2014-02-18 16:01:40,664][INFO ][aliases                  ] [IndexAliasesTests#testSearchingFilteringAliasesTwoIndices]: cleaned up after test
[2014-02-18 16:01:40,683][INFO ][test                     ] Test testSearchingFilteringAliasesTwoIndices(org.elasticsearch.aliases.IndexAliasesTests) finished
[2014-02-18 16:01:40,684][INFO ][test                     ] Test testSearchingFilteringAliasesMultipleIndices(org.elasticsearch.aliases.IndexAliasesTests) started
[2014-02-18 16:01:40,691][INFO ][plugins                  ] [transport_client_node_2] loaded [], sites []
[2014-02-18 16:01:40,737][INFO ][plugins                  ] [transport_client_node_0] loaded [], sites []
[2014-02-18 16:01:40,793][INFO ][aliases                  ] [IndexAliasesTests#testSearchingFilteringAliasesMultipleIndices]: before test
[2014-02-18 16:01:40,794][INFO ][aliases                  ] --> creating indices
[2014-02-18 16:01:40,842][INFO ][cluster.metadata         ] [node_0] [test1] creating index, cause [api], shards [5]/[1], mappings []
[2014-02-18 16:01:41,019][INFO ][cluster.metadata         ] [node_0] [test2] creating index, cause [api], shards [5]/[1], mappings []
[2014-02-18 16:01:41,184][INFO ][cluster.metadata         ] [node_0] [test3] creating index, cause [api], shards [5]/[1], mappings []
[2014-02-18 16:01:41,579][INFO ][aliases                  ] --> adding aliases to indices
[2014-02-18 16:01:41,582][INFO ][plugins                  ] [transport_client_node_1] loaded [], sites []
[2014-02-18 16:01:41,612][INFO ][aliases                  ] --> adding filtering aliases to indices
[2014-02-18 16:01:41,624][INFO ][aliases                  ] --> indexing against [test1]
[2014-02-18 16:01:41,626][INFO ][cluster.metadata         ] [node_0] [test1] update_mapping [type1] (dynamic)
[2014-02-18 16:01:41,640][INFO ][cluster.metadata         ] [node_0] [test2] update_mapping [type1] (dynamic)
[2014-02-18 16:01:41,657][INFO ][cluster.metadata         ] [node_0] [test3] update_mapping [type1] (dynamic)
[2014-02-18 16:01:42,052][INFO ][aliases                  ] --> checking filtering alias for multiple indices
[2014-02-18 16:01:42,090][INFO ][aliases                  ] [IndexAliasesTests#testSearchingFilteringAliasesMultipleIndices]: cleaning up after test
[2014-02-18 16:01:42,091][INFO ][cluster.metadata         ] [node_0] [test2] deleting index
[2014-02-18 16:01:42,146][INFO ][cluster.metadata         ] [node_0] [test1] deleting index
[2014-02-18 16:01:42,183][INFO ][cluster.metadata         ] [node_0] [test3] deleting index
[2014-02-18 16:01:42,237][INFO ][aliases                  ] [IndexAliasesTests#testSearchingFilteringAliasesMultipleIndices]: cleaned up after test
[2014-02-18 16:01:42,249][INFO ][test                     ] Test testSearchingFilteringAliasesMultipleIndices(org.elasticsearch.aliases.IndexAliasesTests) finished
[2014-02-18 16:01:42,250][INFO ][test                     ] Test testAddAliasNullAliasNullIndex(org.elasticsearch.aliases.IndexAliasesTests) started
[2014-02-18 16:01:42,255][INFO ][plugins                  ] [transport_client_node_1] loaded [], sites []
[2014-02-18 16:01:42,298][INFO ][aliases                  ] [IndexAliasesTests#testAddAliasNullAliasNullIndex]: before test
[2014-02-18 16:01:42,298][INFO ][aliases                  ] [IndexAliasesTests#testAddAliasNullAliasNullIndex]: cleaning up after test
[2014-02-18 16:01:42,300][INFO ][plugins                  ] [transport_client_node_2] loaded [], sites []
[2014-02-18 16:01:42,333][INFO ][aliases                  ] [IndexAliasesTests#testAddAliasNullAliasNullIndex]: cleaned up after test
[2014-02-18 16:01:42,340][INFO ][test                     ] Test testAddAliasNullAliasNullIndex(org.elasticsearch.aliases.IndexAliasesTests) finished
[2014-02-18 16:01:42,341][INFO ][test                     ] Test tesRemoveAliasNullAlias(org.elasticsearch.aliases.IndexAliasesTests) started
[2014-02-18 16:01:42,346][INFO ][plugins                  ] [transport_client_node_2] loaded [], sites []
[2014-02-18 16:01:42,387][INFO ][plugins                  ] [transport_client_node_1] loaded [], sites []
[2014-02-18 16:01:42,425][INFO ][aliases                  ] [IndexAliasesTests#tesRemoveAliasNullAlias]: before test
[2014-02-18 16:01:42,426][INFO ][aliases                  ] [IndexAliasesTests#tesRemoveAliasNullAlias]: cleaning up after test
[2014-02-18 16:01:42,429][INFO ][aliases                  ] [IndexAliasesTests#tesRemoveAliasNullAlias]: cleaned up after test
[2014-02-18 16:01:42,436][INFO ][test                     ] Test tesRemoveAliasNullAlias(org.elasticsearch.aliases.IndexAliasesTests) finished
[2014-02-18 16:01:42,436][INFO ][test                     ] Test testAddAliasEmptyAlias(org.elasticsearch.aliases.IndexAliasesTests) started
[2014-02-18 16:01:42,439][INFO ][plugins                  ] [transport_client_node_0] loaded [], sites []
[2014-02-18 16:01:42,467][INFO ][plugins                  ] [transport_client_node_2] loaded [], sites []
[2014-02-18 16:01:42,490][INFO ][plugins                  ] [transport_client_node_1] loaded [], sites []
[2014-02-18 16:01:42,514][INFO ][aliases                  ] [IndexAliasesTests#testAddAliasEmptyAlias]: before test
[2014-02-18 16:01:42,514][INFO ][aliases                  ] [IndexAliasesTests#testAddAliasEmptyAlias]: cleaning up after test
[2014-02-18 16:01:42,518][INFO ][aliases                  ] [IndexAliasesTests#testAddAliasEmptyAlias]: cleaned up after test
[2014-02-18 16:01:42,528][INFO ][test                     ] Test testAddAliasEmptyAlias(org.elasticsearch.aliases.IndexAliasesTests) finished
[2014-02-18 16:01:42,529][INFO ][test                     ] Test tesRemoveAliasNullIndex(org.elasticsearch.aliases.IndexAliasesTests) started
[2014-02-18 16:01:42,532][INFO ][plugins                  ] [transport_client_node_1] loaded [], sites []
[2014-02-18 16:01:42,561][INFO ][aliases                  ] [IndexAliasesTests#tesRemoveAliasNullIndex]: before test
[2014-02-18 16:01:42,561][INFO ][aliases                  ] [IndexAliasesTests#tesRemoveAliasNullIndex]: cleaning up after test
[2014-02-18 16:01:42,564][INFO ][aliases                  ] [IndexAliasesTests#tesRemoveAliasNullIndex]: cleaned up after test
[2014-02-18 16:01:42,567][INFO ][test                     ] Test tesRemoveAliasNullIndex(org.elasticsearch.aliases.IndexAliasesTests) finished
[2014-02-18 16:01:42,567][INFO ][test                     ] Test testRemoveAliasNullAliasNullIndex(org.elasticsearch.aliases.IndexAliasesTests) started
[2014-02-18 16:01:42,572][INFO ][aliases                  ] [IndexAliasesTests#testRemoveAliasNullAliasNullIndex]: before test
[2014-02-18 16:01:42,572][INFO ][aliases                  ] [IndexAliasesTests#testRemoveAliasNullAliasNullIndex]: cleaning up after test
[2014-02-18 16:01:42,576][INFO ][aliases                  ] [IndexAliasesTests#testRemoveAliasNullAliasNullIndex]: cleaned up after test
[2014-02-18 16:01:42,577][INFO ][test                     ] Test testRemoveAliasNullAliasNullIndex(org.elasticsearch.aliases.IndexAliasesTests) finished
[2014-02-18 16:01:42,578][INFO ][test                     ] Test testAddAliasEmptyAliasEmptyIndex(org.elasticsearch.aliases.IndexAliasesTests) started
[2014-02-18 16:01:42,582][INFO ][plugins                  ] [transport_client_node_0] loaded [], sites []
[2014-02-18 16:01:42,613][INFO ][plugins                  ] [transport_client_node_2] loaded [], sites []
[2014-02-18 16:01:42,653][INFO ][aliases                  ] [IndexAliasesTests#testAddAliasEmptyAliasEmptyIndex]: before test
[2014-02-18 16:01:42,653][INFO ][aliases                  ] [IndexAliasesTests#testAddAliasEmptyAliasEmptyIndex]: cleaning up after test
[2014-02-18 16:01:42,659][INFO ][aliases                  ] [IndexAliasesTests#testAddAliasEmptyAliasEmptyIndex]: cleaned up after test
[2014-02-18 16:01:42,671][INFO ][test                     ] Test testAddAliasEmptyAliasEmptyIndex(org.elasticsearch.aliases.IndexAliasesTests) finished
[2014-02-18 16:01:42,672][INFO ][test                     ] Test testFailedFilter(org.elasticsearch.aliases.IndexAliasesTests) started
[2014-02-18 16:01:42,676][INFO ][plugins                  ] [transport_client_node_0] loaded [], sites []
[2014-02-18 16:01:42,711][INFO ][plugins                  ] [transport_client_node_1] loaded [], sites []
[2014-02-18 16:01:42,742][INFO ][aliases                  ] [IndexAliasesTests#testFailedFilter]: before test
[2014-02-18 16:01:42,742][INFO ][aliases                  ] --> creating index [test]
[2014-02-18 16:01:42,754][INFO ][cluster.metadata         ] [node_0] [test] creating index, cause [api], shards [5]/[1], mappings []
[2014-02-18 16:01:43,056][INFO ][aliases                  ] --> aliasing index [test] with [alias1] and filter [t]
[2014-02-18 16:01:43,062][INFO ][aliases                  ] [IndexAliasesTests#testFailedFilter]: cleaning up after test
[2014-02-18 16:01:43,063][INFO ][cluster.metadata         ] [node_0] [test] deleting index
[2014-02-18 16:01:43,092][INFO ][aliases                  ] [IndexAliasesTests#testFailedFilter]: cleaned up after test
[2014-02-18 16:01:43,099][INFO ][test                     ] Test testFailedFilter(org.elasticsearch.aliases.IndexAliasesTests) finished
[2014-02-18 16:01:43,100][INFO ][test                     ] Test testWaitForAliasSimultaneousUpdate(org.elasticsearch.aliases.IndexAliasesTests) started
[2014-02-18 16:01:43,106][INFO ][plugins                  ] [transport_client_node_0] loaded [], sites []
[2014-02-18 16:01:43,144][INFO ][aliases                  ] [IndexAliasesTests#testWaitForAliasSimultaneousUpdate]: before test
[2014-02-18 16:01:43,146][INFO ][aliases                  ] --> creating index [test]
[2014-02-18 16:01:43,160][INFO ][cluster.metadata         ] [node_0] [test] creating index, cause [api], shards [5]/[1], mappings []
[2014-02-18 16:01:43,507][INFO ][cluster.metadata         ] [node_0] [test] update_mapping [type1] (dynamic)
[2014-02-18 16:01:43,507][INFO ][aliases                  ] [IndexAliasesTests#testWaitForAliasSimultaneousUpdate]: cleaning up after test
[2014-02-18 16:01:43,509][INFO ][cluster.metadata         ] [node_0] [test] deleting index
[2014-02-18 16:01:43,567][INFO ][aliases                  ] [IndexAliasesTests#testWaitForAliasSimultaneousUpdate]: cleaned up after test
[2014-02-18 16:01:43,570][INFO ][test                     ] Test testWaitForAliasSimultaneousUpdate(org.elasticsearch.aliases.IndexAliasesTests) finished
[2014-02-18 16:01:43,570][INFO ][test                     ] Test tesRemoveAliasEmptyAlias(org.elasticsearch.aliases.IndexAliasesTests) started
[2014-02-18 16:01:43,575][INFO ][aliases                  ] [IndexAliasesTests#tesRemoveAliasEmptyAlias]: before test
[2014-02-18 16:01:43,576][INFO ][aliases                  ] [IndexAliasesTests#tesRemoveAliasEmptyAlias]: cleaning up after test
[2014-02-18 16:01:43,578][INFO ][aliases                  ] [IndexAliasesTests#tesRemoveAliasEmptyAlias]: cleaned up after test
[2014-02-18 16:01:43,579][INFO ][test                     ] Test tesRemoveAliasEmptyAlias(org.elasticsearch.aliases.IndexAliasesTests) finished
[2014-02-18 16:01:43,580][INFO ][test                     ] Test testAddAliasEmptyIndex(org.elasticsearch.aliases.IndexAliasesTests) started
[2014-02-18 16:01:43,585][INFO ][plugins                  ] [transport_client_node_2] loaded [], sites []
[2014-02-18 16:01:43,618][INFO ][plugins                  ] [transport_client_node_1] loaded [], sites []
[2014-02-18 16:01:43,679][INFO ][aliases                  ] [IndexAliasesTests#testAddAliasEmptyIndex]: before test
[2014-02-18 16:01:43,681][INFO ][aliases                  ] [IndexAliasesTests#testAddAliasEmptyIndex]: cleaning up after test
[2014-02-18 16:01:43,686][INFO ][aliases                  ] [IndexAliasesTests#testAddAliasEmptyIndex]: cleaned up after test
[2014-02-18 16:01:43,696][INFO ][test                     ] Test testAddAliasEmptyIndex(org.elasticsearch.aliases.IndexAliasesTests) finished
[2014-02-18 16:01:43,697][INFO ][test                     ] Test testDeleteAliases(org.elasticsearch.aliases.IndexAliasesTests) started
[2014-02-18 16:01:43,702][INFO ][plugins                  ] [transport_client_node_1] loaded [], sites []
[2014-02-18 16:01:43,746][INFO ][aliases                  ] [IndexAliasesTests#testDeleteAliases]: before test
[2014-02-18 16:01:43,747][INFO ][aliases                  ] --> creating index [test1] and [test2]
[2014-02-18 16:01:43,759][INFO ][cluster.metadata         ] [node_0] [test1] creating index, cause [api], shards [5]/[1], mappings []
[2014-02-18 16:01:43,898][INFO ][cluster.metadata         ] [node_0] [test2] creating index, cause [api], shards [5]/[1], mappings []
[2014-02-18 16:01:44,258][INFO ][aliases                  ] --> adding filtering aliases to index [test1]
[2014-02-18 16:01:44,262][INFO ][aliases                  ] --> adding filtering aliases to index [test2]
[2014-02-18 16:01:44,267][INFO ][aliases                  ] [IndexAliasesTests#testDeleteAliases]: cleaning up after test
[2014-02-18 16:01:44,268][INFO ][cluster.metadata         ] [node_0] [test2] deleting index
[2014-02-18 16:01:44,311][INFO ][cluster.metadata         ] [node_0] [test1] deleting index
[2014-02-18 16:01:44,354][INFO ][aliases                  ] [IndexAliasesTests#testDeleteAliases]: cleaned up after test
[2014-02-18 16:01:44,359][INFO ][test                     ] Test testDeleteAliases(org.elasticsearch.aliases.IndexAliasesTests) finished
[2014-02-18 16:01:44,359][INFO ][test                     ] Test testEmptyFilter(org.elasticsearch.aliases.IndexAliasesTests) started
[2014-02-18 16:01:44,365][INFO ][plugins                  ] [transport_client_node_0] loaded [], sites []
[2014-02-18 16:01:44,403][INFO ][plugins                  ] [transport_client_node_2] loaded [], sites []
[2014-02-18 16:01:44,432][INFO ][aliases                  ] [IndexAliasesTests#testEmptyFilter]: before test
[2014-02-18 16:01:44,432][INFO ][aliases                  ] --> creating index [test]
[2014-02-18 16:01:44,441][INFO ][cluster.metadata         ] [node_0] [test] creating index, cause [api], shards [5]/[1], mappings []
[2014-02-18 16:01:44,742][INFO ][aliases                  ] --> aliasing index [test] with [alias1] and empty filter
[2014-02-18 16:01:44,745][INFO ][aliases                  ] [IndexAliasesTests#testEmptyFilter]: cleaning up after test
[2014-02-18 16:01:44,747][INFO ][plugins                  ] [transport_client_node_1] loaded [], sites []
[2014-02-18 16:01:44,771][INFO ][cluster.metadata         ] [node_0] [test] deleting index
[2014-02-18 16:01:44,797][INFO ][aliases                  ] [IndexAliasesTests#testEmptyFilter]: cleaned up after test
[2014-02-18 16:01:44,811][INFO ][test                     ] Test testEmptyFilter(org.elasticsearch.aliases.IndexAliasesTests) finished
[2014-02-18 16:01:44,811][INFO ][test                     ] Test testAliases(org.elasticsearch.aliases.IndexAliasesTests) started
[2014-02-18 16:01:44,815][INFO ][plugins                  ] [transport_client_node_0] loaded [], sites []
[2014-02-18 16:01:44,842][INFO ][plugins                  ] [transport_client_node_1] loaded [], sites []
[2014-02-18 16:01:44,870][INFO ][aliases                  ] [IndexAliasesTests#testAliases]: before test
[2014-02-18 16:01:44,870][INFO ][aliases                  ] --> creating index [test]
[2014-02-18 16:01:44,871][INFO ][plugins                  ] [transport_client_node_2] loaded [], sites []
[2014-02-18 16:01:44,906][INFO ][cluster.metadata         ] [node_0] [test] creating index, cause [api], shards [5]/[1], mappings []
[2014-02-18 16:01:45,224][INFO ][aliases                  ] --> aliasing index [test] with [alias1]
[2014-02-18 16:01:45,226][INFO ][aliases                  ] --> indexing against [alias1], should work now
[2014-02-18 16:01:45,227][INFO ][cluster.metadata         ] [node_0] [test] update_mapping [type1] (dynamic)
[2014-02-18 16:01:45,230][INFO ][aliases                  ] --> creating index [test_x]
[2014-02-18 16:01:45,240][INFO ][cluster.metadata         ] [node_0] [test_x] creating index, cause [api], shards [5]/[1], mappings []
[2014-02-18 16:01:45,534][INFO ][aliases                  ] --> remove [alias1], Aliasing index [test_x] with [alias1]
[2014-02-18 16:01:45,537][INFO ][aliases                  ] --> indexing against [alias1], should work against [test_x]
[2014-02-18 16:01:45,538][INFO ][cluster.metadata         ] [node_0] [test_x] update_mapping [type1] (dynamic)
[2014-02-18 16:01:45,542][INFO ][aliases                  ] [IndexAliasesTests#testAliases]: cleaning up after test
[2014-02-18 16:01:45,544][INFO ][cluster.metadata         ] [node_0] [test] deleting index
[2014-02-18 16:01:45,572][INFO ][cluster.metadata         ] [node_0] [test_x] deleting index
[2014-02-18 16:01:45,606][INFO ][aliases                  ] [IndexAliasesTests#testAliases]: cleaned up after test
[2014-02-18 16:01:45,616][INFO ][test                     ] Test testAliases(org.elasticsearch.aliases.IndexAliasesTests) finished
[2014-02-18 16:01:45,617][INFO ][test                     ] Test testIndicesRemoveNonExistingAliasResponds404(org.elasticsearch.aliases.IndexAliasesTests) started
[2014-02-18 16:01:45,622][INFO ][plugins                  ] [transport_client_node_2] loaded [], sites []
[2014-02-18 16:01:45,648][INFO ][plugins                  ] [transport_client_node_1] loaded [], sites []
[2014-02-18 16:01:45,676][INFO ][plugins                  ] [transport_client_node_0] loaded [], sites []
[2014-02-18 16:01:45,702][INFO ][aliases                  ] [IndexAliasesTests#testIndicesRemoveNonExistingAliasResponds404]: before test
[2014-02-18 16:01:45,702][INFO ][aliases                  ] --> creating index [test]
[2014-02-18 16:01:45,723][INFO ][cluster.metadata         ] [node_0] [test] creating index, cause [api], shards [5]/[1], mappings []
[2014-02-18 16:01:46,004][INFO ][aliases                  ] --> deleting alias1 which does not exist
[2014-02-18 16:01:46,009][INFO ][aliases                  ] [IndexAliasesTests#testIndicesRemoveNonExistingAliasResponds404]: cleaning up after test
[2014-02-18 16:01:46,011][INFO ][cluster.metadata         ] [node_0] [test] deleting index
[2014-02-18 16:01:46,039][INFO ][aliases                  ] [IndexAliasesTests#testIndicesRemoveNonExistingAliasResponds404]: cleaned up after test
[2014-02-18 16:01:46,049][INFO ][test                     ] Test testIndicesRemoveNonExistingAliasResponds404(org.elasticsearch.aliases.IndexAliasesTests) finished
]]></system-out>
   <system-err><![CDATA[]]></system-err>
</testsuite>