<testsuite errors="0" failures="0" tests="29" skipped="0" name="org.elasticsearch.search.aggregations.bucket.DoubleTermsTests" hostname="nohost.nodomain" time="29.82" timestamp="2014-02-18T16:11:54">
   <properties class="java.util.ArrayList">
      <property name="awt.toolkit" value="sun.lwawt.macosx.LWCToolkit"/>
      <property name="es.logger.level" value="INFO"/>
      <property name="es.logger.prefix" value=""/>
      <property name="es.node.local" value=""/>
      <property name="es.node.mode" value=""/>
      <property name="file.encoding" value="UTF-8"/>
      <property name="file.encoding.pkg" value="sun.io"/>
      <property name="file.separator" value="/"/>
      <property name="ftp.nonProxyHosts" value="local|*.local|169.254/16|*.169.254/16"/>
      <property name="gopherProxySet" value="false"/>
      <property name="http.nonProxyHosts" value="local|*.local|169.254/16|*.169.254/16"/>
      <property name="java.awt.graphicsenv" value="sun.awt.CGraphicsEnvironment"/>
      <property name="java.awt.headless" value="true"/>
      <property name="java.awt.printerjob" value="sun.lwawt.macosx.CPrinterJob"/>
      <property name="java.class.path" value="/Users/bhwang/elasticsearch/target/test-classes:/Users/bhwang/elasticsearch/target/classes:/Users/bhwang/.m2/repository/org/hamcrest/hamcrest-all/1.3/hamcrest-all-1.3.jar:/Users/bhwang/.m2/repository/com/carrotsearch/randomizedtesting/randomizedtesting-runner/2.0.15/randomizedtesting-runner-2.0.15.jar:/Users/bhwang/.m2/repository/junit/junit/4.10/junit-4.10.jar:/Users/bhwang/.m2/repository/org/apache/lucene/lucene-test-framework/4.6.1/lucene-test-framework-4.6.1.jar:/Users/bhwang/.m2/repository/org/apache/lucene/lucene-expressions/4.6.1/lucene-expressions-4.6.1.jar:/Users/bhwang/.m2/repository/org/antlr/antlr-runtime/3.5/antlr-runtime-3.5.jar:/Users/bhwang/.m2/repository/org/ow2/asm/asm/4.1/asm-4.1.jar:/Users/bhwang/.m2/repository/org/ow2/asm/asm-commons/4.1/asm-commons-4.1.jar:/Users/bhwang/.m2/repository/org/apache/httpcomponents/httpclient/4.3.1/httpclient-4.3.1.jar:/Users/bhwang/.m2/repository/org/apache/httpcomponents/httpcore/4.3/httpcore-4.3.jar:/Users/bhwang/.m2/repository/commons-logging/commons-logging/1.1.3/commons-logging-1.1.3.jar:/Users/bhwang/.m2/repository/commons-codec/commons-codec/1.6/commons-codec-1.6.jar:/Users/bhwang/.m2/repository/org/apache/lucene/lucene-core/4.6.1/lucene-core-4.6.1.jar:/Users/bhwang/.m2/repository/org/apache/lucene/lucene-analyzers-common/4.6.1/lucene-analyzers-common-4.6.1.jar:/Users/bhwang/.m2/repository/org/apache/lucene/lucene-codecs/4.6.1/lucene-codecs-4.6.1.jar:/Users/bhwang/.m2/repository/org/apache/lucene/lucene-queries/4.6.1/lucene-queries-4.6.1.jar:/Users/bhwang/.m2/repository/org/apache/lucene/lucene-memory/4.6.1/lucene-memory-4.6.1.jar:/Users/bhwang/.m2/repository/org/apache/lucene/lucene-highlighter/4.6.1/lucene-highlighter-4.6.1.jar:/Users/bhwang/.m2/repository/org/apache/lucene/lucene-queryparser/4.6.1/lucene-queryparser-4.6.1.jar:/Users/bhwang/.m2/repository/org/apache/lucene/lucene-sandbox/4.6.1/lucene-sandbox-4.6.1.jar:/Users/bhwang/.m2/repository/org/apache/lucene/lucene-suggest/4.6.1/lucene-suggest-4.6.1.jar:/Users/bhwang/.m2/repository/org/apache/lucene/lucene-misc/4.6.1/lucene-misc-4.6.1.jar:/Users/bhwang/.m2/repository/org/apache/lucene/lucene-join/4.6.1/lucene-join-4.6.1.jar:/Users/bhwang/.m2/repository/org/apache/lucene/lucene-grouping/4.6.1/lucene-grouping-4.6.1.jar:/Users/bhwang/.m2/repository/org/apache/lucene/lucene-spatial/4.6.1/lucene-spatial-4.6.1.jar:/Users/bhwang/.m2/repository/com/spatial4j/spatial4j/0.3/spatial4j-0.3.jar:/Users/bhwang/.m2/repository/com/vividsolutions/jts/1.12/jts-1.12.jar:/Users/bhwang/.m2/repository/com/google/guava/guava/16.0/guava-16.0.jar:/Users/bhwang/.m2/repository/com/carrotsearch/hppc/0.5.3/hppc-0.5.3.jar:/Users/bhwang/.m2/repository/joda-time/joda-time/2.3/joda-time-2.3.jar:/Users/bhwang/.m2/repository/org/joda/joda-convert/1.2/joda-convert-1.2.jar:/Users/bhwang/.m2/repository/org/mvel/mvel2/2.1.5.Final/mvel2-2.1.5.Final.jar:/Users/bhwang/.m2/repository/com/fasterxml/jackson/core/jackson-core/2.3.0/jackson-core-2.3.0.jar:/Users/bhwang/.m2/repository/com/fasterxml/jackson/dataformat/jackson-dataformat-smile/2.3.0/jackson-dataformat-smile-2.3.0.jar:/Users/bhwang/.m2/repository/com/fasterxml/jackson/dataformat/jackson-dataformat-yaml/2.3.0/jackson-dataformat-yaml-2.3.0.jar:/Users/bhwang/.m2/repository/io/netty/netty/3.9.0.Final/netty-3.9.0.Final.jar:/Users/bhwang/.m2/repository/com/ning/compress-lzf/0.9.6/compress-lzf-0.9.6.jar:/Users/bhwang/.m2/repository/log4j/log4j/1.2.17/log4j-1.2.17.jar:/Users/bhwang/.m2/repository/org/slf4j/slf4j-api/1.6.2/slf4j-api-1.6.2.jar:/Users/bhwang/.m2/repository/net/java/dev/jna/jna/3.3.0/jna-3.3.0.jar:/Users/bhwang/.m2/repository/org/fusesource/sigar/1.6.4/sigar-1.6.4.jar:/Users/bhwang/.m2/repository/com/carrotsearch/randomizedtesting/junit4-ant/2.0.15/junit4-ant-2.0.15.jar"/>
      <property name="java.class.version" value="51.0"/>
      <property name="java.endorsed.dirs" value="/Library/Java/JavaVirtualMachines/jdk1.7.0_45.jdk/Contents/Home/jre/lib/endorsed"/>
      <property name="java.ext.dirs" value="/Users/bhwang/Library/Java/Extensions:/Library/Java/JavaVirtualMachines/jdk1.7.0_45.jdk/Contents/Home/jre/lib/ext:/Library/Java/Extensions:/Network/Library/Java/Extensions:/System/Library/Java/Extensions:/usr/lib/java"/>
      <property name="java.home" value="/Library/Java/JavaVirtualMachines/jdk1.7.0_45.jdk/Contents/Home/jre"/>
      <property name="java.io.tmpdir" value="."/>
      <property name="java.library.path" value="/Users/bhwang/Library/Java/Extensions:/Library/Java/Extensions:/Network/Library/Java/Extensions:/System/Library/Java/Extensions:/usr/lib/java:."/>
      <property name="java.runtime.name" value="Java(TM) SE Runtime Environment"/>
      <property name="java.runtime.version" value="1.7.0_45-b18"/>
      <property name="java.security.policy" value="/Users/bhwang/elasticsearch/dev-tools/tests.policy"/>
      <property name="java.specification.name" value="Java Platform API Specification"/>
      <property name="java.specification.vendor" value="Oracle Corporation"/>
      <property name="java.specification.version" value="1.7"/>
      <property name="java.vendor" value="Oracle Corporation"/>
      <property name="java.vendor.url" value="http://java.oracle.com/"/>
      <property name="java.vendor.url.bug" value="http://bugreport.sun.com/bugreport/"/>
      <property name="java.version" value="1.7.0_45"/>
      <property name="java.vm.info" value="mixed mode"/>
      <property name="java.vm.name" value="Java HotSpot(TM) 64-Bit Server VM"/>
      <property name="java.vm.specification.name" value="Java Virtual Machine Specification"/>
      <property name="java.vm.specification.vendor" value="Oracle Corporation"/>
      <property name="java.vm.specification.version" value="1.7"/>
      <property name="java.vm.vendor" value="Oracle Corporation"/>
      <property name="java.vm.version" value="24.45-b08"/>
      <property name="junit4.childvm.cwd" value="/Users/bhwang/elasticsearch/target/J0"/>
      <property name="junit4.childvm.id" value="0"/>
      <property name="junit4.memory.total" value="128974848"/>
      <property name="junit4.pidString" value="6815@Bills-MacBook-Pro.local"/>
      <property name="junit4.processors" value="4"/>
      <property name="junit4.tempDir" value="/Users/bhwang/elasticsearch/target"/>
      <property name="line.separator" value="
"/>
      <property name="os.arch" value="x86_64"/>
      <property name="os.name" value="Mac OS X"/>
      <property name="os.version" value="10.9.1"/>
      <property name="path.separator" value=":"/>
      <property name="socksNonProxyHosts" value="local|*.local|169.254/16|*.169.254/16"/>
      <property name="sun.arch.data.model" value="64"/>
      <property name="sun.boot.class.path" value="/Library/Java/JavaVirtualMachines/jdk1.7.0_45.jdk/Contents/Home/jre/lib/resources.jar:/Library/Java/JavaVirtualMachines/jdk1.7.0_45.jdk/Contents/Home/jre/lib/rt.jar:/Library/Java/JavaVirtualMachines/jdk1.7.0_45.jdk/Contents/Home/jre/lib/sunrsasign.jar:/Library/Java/JavaVirtualMachines/jdk1.7.0_45.jdk/Contents/Home/jre/lib/jsse.jar:/Library/Java/JavaVirtualMachines/jdk1.7.0_45.jdk/Contents/Home/jre/lib/jce.jar:/Library/Java/JavaVirtualMachines/jdk1.7.0_45.jdk/Contents/Home/jre/lib/charsets.jar:/Library/Java/JavaVirtualMachines/jdk1.7.0_45.jdk/Contents/Home/jre/lib/jfr.jar:/Library/Java/JavaVirtualMachines/jdk1.7.0_45.jdk/Contents/Home/jre/lib/JObjC.jar:/Library/Java/JavaVirtualMachines/jdk1.7.0_45.jdk/Contents/Home/jre/classes"/>
      <property name="sun.boot.library.path" value="/Library/Java/JavaVirtualMachines/jdk1.7.0_45.jdk/Contents/Home/jre/lib"/>
      <property name="sun.cpu.endian" value="little"/>
      <property name="sun.cpu.isalist" value=""/>
      <property name="sun.io.unicode.encoding" value="UnicodeBig"/>
      <property name="sun.java.command" value="com.carrotsearch.ant.tasks.junit4.slave.SlaveMainSafe -flush -eventsfile /Users/bhwang/elasticsearch/target/junit4-J0-20140218_153326_767.events @/Users/bhwang/elasticsearch/target/junit4-J0-20140218_153326_767.suites -stdin"/>
      <property name="sun.java.launcher" value="SUN_STANDARD"/>
      <property name="sun.jnu.encoding" value="UTF-8"/>
      <property name="sun.management.compiler" value="HotSpot 64-Bit Tiered Compilers"/>
      <property name="sun.os.patch.level" value="unknown"/>
      <property name="tests.appendseed" value=""/>
      <property name="tests.assertion.disabled" value=""/>
      <property name="tests.awaitsfix" value=""/>
      <property name="tests.badapples" value=""/>
      <property name="tests.class" value=""/>
      <property name="tests.client.ratio" value=""/>
      <property name="tests.cluster_seed" value=""/>
      <property name="tests.enable_mock_modules" value=""/>
      <property name="tests.failfast" value=""/>
      <property name="tests.integration" value=""/>
      <property name="tests.iters" value=""/>
      <property name="tests.jvm.argline" value=""/>
      <property name="tests.maxfailures" value=""/>
      <property name="tests.method" value=""/>
      <property name="tests.network" value=""/>
      <property name="tests.nightly" value=""/>
      <property name="tests.prefix" value="tests"/>
      <property name="tests.rest" value=""/>
      <property name="tests.rest.spec" value=""/>
      <property name="tests.rest.suite" value=""/>
      <property name="tests.security.manager" value=""/>
      <property name="tests.seed" value="A89B4FF56754358E"/>
      <property name="tests.showSuccess" value=""/>
      <property name="tests.slow" value=""/>
      <property name="tests.timeoutSuite" value=""/>
      <property name="tests.weekly" value=""/>
      <property name="user.country" value="US"/>
      <property name="user.dir" value="/Users/bhwang/elasticsearch/target/J0"/>
      <property name="user.home" value="/Users/bhwang"/>
      <property name="user.language" value="en"/>
      <property name="user.name" value="bhwang"/>
      <property name="user.timezone" value=""/>
   </properties>
   <testcase classname="org.elasticsearch.search.aggregations.bucket.DoubleTermsTests" name="emptyAggregation" time="1.309"/>
   <testcase classname="org.elasticsearch.search.aggregations.bucket.DoubleTermsTests" name="multiValuedField_WithValueScript_NotUnique" time="0.89"/>
   <testcase classname="org.elasticsearch.search.aggregations.bucket.DoubleTermsTests" name="singleValuedField_OrderedByMultiValuedSubAggregation_WithUknownMetric" time="0.776"/>
   <testcase classname="org.elasticsearch.search.aggregations.bucket.DoubleTermsTests" name="singleValuedField_OrderedByMultiValueSubAggregationDesc" time="0.777"/>
   <testcase classname="org.elasticsearch.search.aggregations.bucket.DoubleTermsTests" name="singleValuedField_OrderedByMultiValueSubAggregationAsc" time="0.781"/>
   <testcase classname="org.elasticsearch.search.aggregations.bucket.DoubleTermsTests" name="singleValueField_WithMaxSize" time="0.829"/>
   <testcase classname="org.elasticsearch.search.aggregations.bucket.DoubleTermsTests" name="script_SingleValue_WithSubAggregator_Inherited" time="0.307"/>
   <testcase classname="org.elasticsearch.search.aggregations.bucket.DoubleTermsTests" name="singleValuedField_WithValueScript" time="1.092"/>
   <testcase classname="org.elasticsearch.search.aggregations.bucket.DoubleTermsTests" name="script_MultiValued_WithAggregatorInherited_NoExplicitType" time="1.263"/>
   <testcase classname="org.elasticsearch.search.aggregations.bucket.DoubleTermsTests" name="script_MultiValued_WithAggregatorInherited_WithExplicitType" time="1.075"/>
   <testcase classname="org.elasticsearch.search.aggregations.bucket.DoubleTermsTests" name="multiValuedField_WithValueScript_WithInheritedSubAggregator" time="2.564"/>
   <testcase classname="org.elasticsearch.search.aggregations.bucket.DoubleTermsTests" name="singleValuedField_OrderedByNonMetricsSubAggregation" time="1.587"/>
   <testcase classname="org.elasticsearch.search.aggregations.bucket.DoubleTermsTests" name="singleValuedField_OrderedByMissingSubAggregation" time="0.756"/>
   <testcase classname="org.elasticsearch.search.aggregations.bucket.DoubleTermsTests" name="singleValuedField_OrderedByMultiValueExtendedStatsAsc" time="1.833"/>
   <testcase classname="org.elasticsearch.search.aggregations.bucket.DoubleTermsTests" name="singleValueField" time="0.872"/>
   <testcase classname="org.elasticsearch.search.aggregations.bucket.DoubleTermsTests" name="multiValuedField_WithValueScript" time="0.942"/>
   <testcase classname="org.elasticsearch.search.aggregations.bucket.DoubleTermsTests" name="script_SingleValue" time="1.174"/>
   <testcase classname="org.elasticsearch.search.aggregations.bucket.DoubleTermsTests" name="partiallyUnmapped" time="0.699"/>
   <testcase classname="org.elasticsearch.search.aggregations.bucket.DoubleTermsTests" name="unmapped" time="1.589"/>
   <testcase classname="org.elasticsearch.search.aggregations.bucket.DoubleTermsTests" name="singleValuedField_WithSubAggregation" time="1.656"/>
   <testcase classname="org.elasticsearch.search.aggregations.bucket.DoubleTermsTests" name="singleValuedField_WithSubAggregation_Inherited" time="0.989"/>
   <testcase classname="org.elasticsearch.search.aggregations.bucket.DoubleTermsTests" name="script_Score" time="0.421"/>
   <testcase classname="org.elasticsearch.search.aggregations.bucket.DoubleTermsTests" name="script_MultiValued" time="0.548"/>
   <testcase classname="org.elasticsearch.search.aggregations.bucket.DoubleTermsTests" name="multiValuedField" time="0.472"/>
   <testcase classname="org.elasticsearch.search.aggregations.bucket.DoubleTermsTests" name="singleValuedField_OrderedBySingleValueSubAggregationDesc" time="1.275"/>
   <testcase classname="org.elasticsearch.search.aggregations.bucket.DoubleTermsTests" name="singleValueField_OrderedByTermDesc" time="1.233"/>
   <testcase classname="org.elasticsearch.search.aggregations.bucket.DoubleTermsTests" name="singleValuedField_OrderedByMultiValuedSubAggregation_WithoutMetric" time="0.845"/>
   <testcase classname="org.elasticsearch.search.aggregations.bucket.DoubleTermsTests" name="singleValueField_OrderedByTermAsc" time="0.421"/>
   <testcase classname="org.elasticsearch.search.aggregations.bucket.DoubleTermsTests" name="singleValuedField_OrderedBySingleValueSubAggregationAsc" time="0.823"/>
   <system-out><![CDATA[[2014-02-18 16:11:54,645][INFO ][test                     ] Test emptyAggregation(org.elasticsearch.search.aggregations.bucket.DoubleTermsTests) started
[2014-02-18 16:11:54,655][INFO ][plugins                  ] [transport_client_node_0] loaded [], sites []
[2014-02-18 16:11:54,696][INFO ][search.aggregations.bucket] [DoubleTermsTests#emptyAggregation]: before test
[2014-02-18 16:11:54,712][INFO ][cluster.metadata         ] [node_0] [idx] creating index, cause [api], shards [4]/[1], mappings []
[2014-02-18 16:11:54,775][INFO ][plugins                  ] [transport_client_node_2] loaded [], sites []
[2014-02-18 16:11:54,811][INFO ][search.aggregations.bucket] Index [5] docs async: [true] bulk: [false]
[2014-02-18 16:11:54,873][INFO ][cluster.metadata         ] [node_0] [idx] update_mapping [type] (dynamic)
[2014-02-18 16:11:55,007][INFO ][search.aggregations.bucket] Index [100] docs async: [true] bulk: [false]
[2014-02-18 16:11:55,041][INFO ][cluster.metadata         ] [node_0] [idx] update_mapping [high_card_type] (dynamic)
[2014-02-18 16:11:55,634][INFO ][cluster.metadata         ] [node_0] [idx_unmapped] creating index, cause [api], shards [4]/[0], mappings []
[2014-02-18 16:11:55,736][INFO ][cluster.metadata         ] [node_0] [empty_bucket_idx] creating index, cause [api], shards [1]/[0], mappings [type]
[2014-02-18 16:11:55,763][INFO ][search.aggregations.bucket] Index [2] docs async: [true] bulk: [false]
[2014-02-18 16:11:55,809][TRACE][action.search.type       ] [node_1] Moving to second phase, based on results from: [q75XUfcITqG3o93Z8EOFnw][empty_bucket_idx][0] (cluster state version: 10906)
[2014-02-18 16:11:55,810][INFO ][search.aggregations.bucket] [DoubleTermsTests#emptyAggregation]: cleaning up after test
[2014-02-18 16:11:55,817][INFO ][cluster.metadata         ] [node_0] [idx_unmapped] deleting index
[2014-02-18 16:11:55,852][INFO ][cluster.metadata         ] [node_0] [idx] deleting index
[2014-02-18 16:11:55,918][INFO ][cluster.metadata         ] [node_0] [empty_bucket_idx] deleting index
[2014-02-18 16:11:55,940][INFO ][search.aggregations.bucket] [DoubleTermsTests#emptyAggregation]: cleaned up after test
[2014-02-18 16:11:55,954][INFO ][test                     ] Test emptyAggregation(org.elasticsearch.search.aggregations.bucket.DoubleTermsTests) finished
[2014-02-18 16:11:55,954][INFO ][test                     ] Test multiValuedField_WithValueScript_NotUnique(org.elasticsearch.search.aggregations.bucket.DoubleTermsTests) started
[2014-02-18 16:11:55,965][INFO ][plugins                  ] [transport_client_node_1] loaded [], sites []
[2014-02-18 16:11:55,998][INFO ][search.aggregations.bucket] [DoubleTermsTests#multiValuedField_WithValueScript_NotUnique]: before test
[2014-02-18 16:11:56,012][INFO ][cluster.metadata         ] [node_0] [idx] creating index, cause [api], shards [3]/[0], mappings []
[2014-02-18 16:11:56,066][INFO ][plugins                  ] [transport_client_node_0] loaded [], sites []
[2014-02-18 16:11:56,091][INFO ][search.aggregations.bucket] Index [5] docs async: [true] bulk: [false]
[2014-02-18 16:11:56,095][INFO ][cluster.metadata         ] [node_0] [idx] update_mapping [type] (dynamic)
[2014-02-18 16:11:56,096][INFO ][search.aggregations.bucket] Index [100] docs async: [true] bulk: [false]
[2014-02-18 16:11:56,119][INFO ][cluster.metadata         ] [node_0] [idx] update_mapping [high_card_type] (dynamic)
[2014-02-18 16:11:56,453][INFO ][cluster.metadata         ] [node_0] [idx_unmapped] creating index, cause [api], shards [5]/[1], mappings []
[2014-02-18 16:11:56,782][TRACE][action.search.type       ] [node_0] Moving to second phase, based on results from: [t8Mqv-hjRzqYCBodDxtrKQ][idx][0],[tbUF3y2YTPm1TPdTF8YBYw][idx][2],[q75XUfcITqG3o93Z8EOFnw][idx][1] (cluster state version: 10921)
[2014-02-18 16:11:56,785][INFO ][search.aggregations.bucket] [DoubleTermsTests#multiValuedField_WithValueScript_NotUnique]: cleaning up after test
[2014-02-18 16:11:56,786][INFO ][cluster.metadata         ] [node_0] [idx_unmapped] deleting index
[2014-02-18 16:11:56,813][INFO ][cluster.metadata         ] [node_0] [idx] deleting index
[2014-02-18 16:11:56,837][INFO ][search.aggregations.bucket] [DoubleTermsTests#multiValuedField_WithValueScript_NotUnique]: cleaned up after test
[2014-02-18 16:11:56,843][INFO ][test                     ] Test multiValuedField_WithValueScript_NotUnique(org.elasticsearch.search.aggregations.bucket.DoubleTermsTests) finished
[2014-02-18 16:11:56,844][INFO ][test                     ] Test singleValuedField_OrderedByMultiValuedSubAggregation_WithUknownMetric(org.elasticsearch.search.aggregations.bucket.DoubleTermsTests) started
[2014-02-18 16:11:56,852][INFO ][plugins                  ] [transport_client_node_2] loaded [], sites []
[2014-02-18 16:11:56,880][INFO ][search.aggregations.bucket] [DoubleTermsTests#singleValuedField_OrderedByMultiValuedSubAggregation_WithUknownMetric]: before test
[2014-02-18 16:11:56,883][INFO ][plugins                  ] [transport_client_node_1] loaded [], sites []
[2014-02-18 16:11:56,956][INFO ][cluster.metadata         ] [node_0] [idx] creating index, cause [api], shards [1]/[1], mappings []
[2014-02-18 16:11:57,039][INFO ][search.aggregations.bucket] Index [5] docs async: [true] bulk: [false]
[2014-02-18 16:11:57,114][INFO ][search.aggregations.bucket] Index [100] docs async: [true] bulk: [false]
[2014-02-18 16:11:57,183][INFO ][cluster.metadata         ] [node_0] [idx] update_mapping [type] (dynamic)
[2014-02-18 16:11:57,220][INFO ][cluster.metadata         ] [node_0] [idx] update_mapping [high_card_type] (dynamic)
[2014-02-18 16:11:57,437][INFO ][cluster.metadata         ] [node_0] [idx_unmapped] creating index, cause [api], shards [5]/[0], mappings []
[2014-02-18 16:11:57,530][TRACE][action.search.type       ] [node_2] [idx][0], node[q75XUfcITqG3o93Z8EOFnw], [R], s[STARTED]: Failed to execute [org.elasticsearch.action.search.SearchRequest@6e6bddad] lastShard [false]
org.elasticsearch.search.aggregations.AggregationExecutionException: terms aggregation [terms] is configured with a sub-aggregation order [stats] and value [foo] yet the referred sub aggregator holds no metric that goes by this name
	at org.elasticsearch.search.aggregations.bucket.terms.InternalOrder.validate(InternalOrder.java:147)
	at org.elasticsearch.search.aggregations.bucket.terms.DoubleTermsAggregator.<init>(DoubleTermsAggregator.java:52)
	at org.elasticsearch.search.aggregations.bucket.terms.TermsAggregatorFactory.create(TermsAggregatorFactory.java:127)
	at org.elasticsearch.search.aggregations.support.ValueSourceAggregatorFactory.create(ValueSourceAggregatorFactory.java:58)
	at org.elasticsearch.search.aggregations.AggregatorFactories.createTopLevelAggregators(AggregatorFactories.java:123)
	at org.elasticsearch.search.aggregations.AggregationPhase.preProcess(AggregationPhase.java:79)
	at org.elasticsearch.search.query.QueryPhase.preProcess(QueryPhase.java:91)
	at org.elasticsearch.search.SearchService.createContext(SearchService.java:502)
	at org.elasticsearch.search.SearchService.createContext(SearchService.java:474)
	at org.elasticsearch.search.SearchService.createAndPutContext(SearchService.java:467)
	at org.elasticsearch.search.SearchService.executeFetchPhase(SearchService.java:311)
	at org.elasticsearch.search.action.SearchServiceTransportAction.sendExecuteFetch(SearchServiceTransportAction.java:304)
	at org.elasticsearch.action.search.type.TransportSearchQueryAndFetchAction$AsyncAction.sendExecuteFirstPhase(TransportSearchQueryAndFetchAction.java:71)
	at org.elasticsearch.action.search.type.TransportSearchTypeAction$BaseAsyncAction.performFirstPhase(TransportSearchTypeAction.java:216)
	at org.elasticsearch.action.search.type.TransportSearchTypeAction$BaseAsyncAction.performFirstPhase(TransportSearchTypeAction.java:203)
	at org.elasticsearch.action.search.type.TransportSearchTypeAction$BaseAsyncAction$2.run(TransportSearchTypeAction.java:186)
	at java.util.concurrent.ThreadPoolExecutor.runWorker(ThreadPoolExecutor.java:1145)
	at java.util.concurrent.ThreadPoolExecutor$Worker.run(ThreadPoolExecutor.java:615)
	at java.lang.Thread.run(Thread.java:744)
[2014-02-18 16:11:57,550][DEBUG][action.search.type       ] [node_2] [idx][0], node[t8Mqv-hjRzqYCBodDxtrKQ], [P], s[STARTED]: Failed to execute [org.elasticsearch.action.search.SearchRequest@6e6bddad]
org.elasticsearch.transport.RemoteTransportException: [node_1][inet[/10.1.10.75:9301]][search/phase/query+fetch]
Caused by: org.elasticsearch.search.aggregations.AggregationExecutionException: terms aggregation [terms] is configured with a sub-aggregation order [stats] and value [foo] yet the referred sub aggregator holds no metric that goes by this name
	at org.elasticsearch.search.aggregations.bucket.terms.InternalOrder.validate(InternalOrder.java:147)
	at org.elasticsearch.search.aggregations.bucket.terms.DoubleTermsAggregator.<init>(DoubleTermsAggregator.java:52)
	at org.elasticsearch.search.aggregations.bucket.terms.TermsAggregatorFactory.create(TermsAggregatorFactory.java:127)
	at org.elasticsearch.search.aggregations.support.ValueSourceAggregatorFactory.create(ValueSourceAggregatorFactory.java:58)
	at org.elasticsearch.search.aggregations.AggregatorFactories.createTopLevelAggregators(AggregatorFactories.java:123)
	at org.elasticsearch.search.aggregations.AggregationPhase.preProcess(AggregationPhase.java:79)
	at org.elasticsearch.search.query.QueryPhase.preProcess(QueryPhase.java:91)
	at org.elasticsearch.search.SearchService.createContext(SearchService.java:502)
	at org.elasticsearch.search.SearchService.createContext(SearchService.java:474)
	at org.elasticsearch.search.SearchService.createAndPutContext(SearchService.java:467)
	at org.elasticsearch.search.SearchService.executeFetchPhase(SearchService.java:311)
	at org.elasticsearch.search.action.SearchServiceTransportAction$SearchQueryFetchTransportHandler.messageReceived(SearchServiceTransportAction.java:686)
	at org.elasticsearch.search.action.SearchServiceTransportAction$SearchQueryFetchTransportHandler.messageReceived(SearchServiceTransportAction.java:675)
	at org.elasticsearch.transport.netty.MessageChannelHandler$RequestHandler.run(MessageChannelHandler.java:270)
	at java.util.concurrent.ThreadPoolExecutor.runWorker(ThreadPoolExecutor.java:1145)
	at java.util.concurrent.ThreadPoolExecutor$Worker.run(ThreadPoolExecutor.java:615)
	at java.lang.Thread.run(Thread.java:744)
[2014-02-18 16:11:57,551][DEBUG][action.search.type       ] [node_2] All shards failed for phase: [query_fetch]
[2014-02-18 16:11:57,555][INFO ][search.aggregations.bucket] [DoubleTermsTests#singleValuedField_OrderedByMultiValuedSubAggregation_WithUknownMetric]: cleaning up after test
[2014-02-18 16:11:57,557][INFO ][cluster.metadata         ] [node_0] [idx_unmapped] deleting index
[2014-02-18 16:11:57,580][INFO ][cluster.metadata         ] [node_0] [idx] deleting index
[2014-02-18 16:11:57,608][INFO ][search.aggregations.bucket] [DoubleTermsTests#singleValuedField_OrderedByMultiValuedSubAggregation_WithUknownMetric]: cleaned up after test
[2014-02-18 16:11:57,620][INFO ][test                     ] Test singleValuedField_OrderedByMultiValuedSubAggregation_WithUknownMetric(org.elasticsearch.search.aggregations.bucket.DoubleTermsTests) finished
[2014-02-18 16:11:57,620][INFO ][test                     ] Test singleValuedField_OrderedByMultiValueSubAggregationDesc(org.elasticsearch.search.aggregations.bucket.DoubleTermsTests) started
[2014-02-18 16:11:57,634][INFO ][plugins                  ] [transport_client_node_2] loaded [], sites []
[2014-02-18 16:11:57,670][INFO ][search.aggregations.bucket] [DoubleTermsTests#singleValuedField_OrderedByMultiValueSubAggregationDesc]: before test
[2014-02-18 16:11:57,687][INFO ][cluster.metadata         ] [node_0] [idx] creating index, cause [api], shards [3]/[0], mappings []
[2014-02-18 16:11:57,760][INFO ][search.aggregations.bucket] Index [5] docs async: [false] bulk: [true]
[2014-02-18 16:11:57,769][INFO ][cluster.metadata         ] [node_0] [idx] update_mapping [type] (dynamic)
[2014-02-18 16:11:57,771][INFO ][search.aggregations.bucket] Index [100] docs async: [true] bulk: [false]
[2014-02-18 16:11:57,789][INFO ][cluster.metadata         ] [node_0] [idx] update_mapping [high_card_type] (dynamic)
[2014-02-18 16:11:58,291][INFO ][cluster.metadata         ] [node_0] [idx_unmapped] creating index, cause [api], shards [3]/[0], mappings []
[2014-02-18 16:11:58,353][TRACE][action.search.type       ] [node_0] Moving to second phase, based on results from: [t8Mqv-hjRzqYCBodDxtrKQ][idx][0],[tbUF3y2YTPm1TPdTF8YBYw][idx][2],[q75XUfcITqG3o93Z8EOFnw][idx][1] (cluster state version: 10942)
[2014-02-18 16:11:58,358][INFO ][search.aggregations.bucket] [DoubleTermsTests#singleValuedField_OrderedByMultiValueSubAggregationDesc]: cleaning up after test
[2014-02-18 16:11:58,359][INFO ][cluster.metadata         ] [node_0] [idx_unmapped] deleting index
[2014-02-18 16:11:58,370][INFO ][cluster.metadata         ] [node_0] [idx] deleting index
[2014-02-18 16:11:58,393][INFO ][search.aggregations.bucket] [DoubleTermsTests#singleValuedField_OrderedByMultiValueSubAggregationDesc]: cleaned up after test
[2014-02-18 16:11:58,397][INFO ][test                     ] Test singleValuedField_OrderedByMultiValueSubAggregationDesc(org.elasticsearch.search.aggregations.bucket.DoubleTermsTests) finished
[2014-02-18 16:11:58,397][INFO ][test                     ] Test singleValuedField_OrderedByMultiValueSubAggregationAsc(org.elasticsearch.search.aggregations.bucket.DoubleTermsTests) started
[2014-02-18 16:11:58,403][INFO ][search.aggregations.bucket] [DoubleTermsTests#singleValuedField_OrderedByMultiValueSubAggregationAsc]: before test
[2014-02-18 16:11:58,418][INFO ][cluster.metadata         ] [node_0] [idx] creating index, cause [api], shards [2]/[1], mappings []
[2014-02-18 16:11:58,450][INFO ][search.aggregations.bucket] Index [5] docs async: [true] bulk: [false]
[2014-02-18 16:11:58,490][INFO ][cluster.metadata         ] [node_0] [idx] update_mapping [type] (dynamic)
[2014-02-18 16:11:58,546][INFO ][search.aggregations.bucket] Index [100] docs async: [true] bulk: [false]
[2014-02-18 16:11:58,556][INFO ][cluster.metadata         ] [node_0] [idx] update_mapping [high_card_type] (dynamic)
[2014-02-18 16:11:58,868][INFO ][cluster.metadata         ] [node_0] [idx_unmapped] creating index, cause [api], shards [2]/[1], mappings []
[2014-02-18 16:11:59,127][TRACE][action.search.type       ] [node_2] Moving to second phase, based on results from: [tbUF3y2YTPm1TPdTF8YBYw][idx][0],[tbUF3y2YTPm1TPdTF8YBYw][idx][1] (cluster state version: 10958)
[2014-02-18 16:11:59,128][INFO ][search.aggregations.bucket] [DoubleTermsTests#singleValuedField_OrderedByMultiValueSubAggregationAsc]: cleaning up after test
[2014-02-18 16:11:59,129][INFO ][cluster.metadata         ] [node_0] [idx_unmapped] deleting index
[2014-02-18 16:11:59,143][INFO ][cluster.metadata         ] [node_0] [idx] deleting index
[2014-02-18 16:11:59,176][INFO ][search.aggregations.bucket] [DoubleTermsTests#singleValuedField_OrderedByMultiValueSubAggregationAsc]: cleaned up after test
[2014-02-18 16:11:59,177][INFO ][test                     ] Test singleValuedField_OrderedByMultiValueSubAggregationAsc(org.elasticsearch.search.aggregations.bucket.DoubleTermsTests) finished
[2014-02-18 16:11:59,178][INFO ][test                     ] Test singleValueField_WithMaxSize(org.elasticsearch.search.aggregations.bucket.DoubleTermsTests) started
[2014-02-18 16:11:59,188][INFO ][plugins                  ] [transport_client_node_1] loaded [], sites []
[2014-02-18 16:11:59,225][INFO ][plugins                  ] [transport_client_node_0] loaded [], sites []
[2014-02-18 16:11:59,254][INFO ][search.aggregations.bucket] [DoubleTermsTests#singleValueField_WithMaxSize]: before test
[2014-02-18 16:11:59,257][INFO ][plugins                  ] [transport_client_node_2] loaded [], sites []
[2014-02-18 16:11:59,300][INFO ][cluster.metadata         ] [node_0] [idx] creating index, cause [api], shards [3]/[0], mappings []
[2014-02-18 16:11:59,353][INFO ][search.aggregations.bucket] Index [5] docs async: [true] bulk: [false]
[2014-02-18 16:11:59,356][INFO ][cluster.metadata         ] [node_0] [idx] update_mapping [type] (dynamic)
[2014-02-18 16:11:59,360][INFO ][search.aggregations.bucket] Index [100] docs async: [true] bulk: [false]
[2014-02-18 16:11:59,365][INFO ][cluster.metadata         ] [node_0] [idx] update_mapping [high_card_type] (dynamic)
[2014-02-18 16:11:59,701][INFO ][cluster.metadata         ] [node_0] [idx_unmapped] creating index, cause [api], shards [2]/[1], mappings []
[2014-02-18 16:11:59,943][TRACE][action.search.type       ] [node_2] Moving to second phase, based on results from: [t8Mqv-hjRzqYCBodDxtrKQ][idx][0],[tbUF3y2YTPm1TPdTF8YBYw][idx][2],[q75XUfcITqG3o93Z8EOFnw][idx][1] (cluster state version: 10971)
[2014-02-18 16:11:59,946][INFO ][search.aggregations.bucket] [DoubleTermsTests#singleValueField_WithMaxSize]: cleaning up after test
[2014-02-18 16:11:59,948][INFO ][cluster.metadata         ] [node_0] [idx_unmapped] deleting index
[2014-02-18 16:11:59,966][INFO ][cluster.metadata         ] [node_0] [idx] deleting index
[2014-02-18 16:11:59,994][INFO ][search.aggregations.bucket] [DoubleTermsTests#singleValueField_WithMaxSize]: cleaned up after test
[2014-02-18 16:12:00,007][INFO ][test                     ] Test singleValueField_WithMaxSize(org.elasticsearch.search.aggregations.bucket.DoubleTermsTests) finished
[2014-02-18 16:12:00,007][INFO ][test                     ] Test script_SingleValue_WithSubAggregator_Inherited(org.elasticsearch.search.aggregations.bucket.DoubleTermsTests) started
[2014-02-18 16:12:00,019][INFO ][plugins                  ] [transport_client_node_0] loaded [], sites []
[2014-02-18 16:12:00,044][INFO ][search.aggregations.bucket] [DoubleTermsTests#script_SingleValue_WithSubAggregator_Inherited]: before test
[2014-02-18 16:12:00,056][INFO ][cluster.metadata         ] [node_0] [idx] creating index, cause [api], shards [5]/[0], mappings []
[2014-02-18 16:12:00,114][INFO ][search.aggregations.bucket] Index [5] docs async: [true] bulk: [false]
[2014-02-18 16:12:00,119][INFO ][cluster.metadata         ] [node_0] [idx] update_mapping [type] (dynamic)
[2014-02-18 16:12:00,121][INFO ][search.aggregations.bucket] Index [100] docs async: [false] bulk: [true]
[2014-02-18 16:12:00,128][INFO ][cluster.metadata         ] [node_0] [idx] update_mapping [high_card_type] (dynamic)
[2014-02-18 16:12:00,201][INFO ][cluster.metadata         ] [node_0] [idx_unmapped] creating index, cause [api], shards [3]/[0], mappings []
[2014-02-18 16:12:00,256][TRACE][action.search.type       ] [node_0] Moving to second phase, based on results from: [q75XUfcITqG3o93Z8EOFnw][idx][4],[t8Mqv-hjRzqYCBodDxtrKQ][idx][3],[tbUF3y2YTPm1TPdTF8YBYw][idx][2],[q75XUfcITqG3o93Z8EOFnw][idx][1],[t8Mqv-hjRzqYCBodDxtrKQ][idx][0] (cluster state version: 10981)
[2014-02-18 16:12:00,259][INFO ][search.aggregations.bucket] [DoubleTermsTests#script_SingleValue_WithSubAggregator_Inherited]: cleaning up after test
[2014-02-18 16:12:00,261][INFO ][cluster.metadata         ] [node_0] [idx_unmapped] deleting index
[2014-02-18 16:12:00,282][INFO ][cluster.metadata         ] [node_0] [idx] deleting index
[2014-02-18 16:12:00,309][INFO ][search.aggregations.bucket] [DoubleTermsTests#script_SingleValue_WithSubAggregator_Inherited]: cleaned up after test
[2014-02-18 16:12:00,313][INFO ][test                     ] Test script_SingleValue_WithSubAggregator_Inherited(org.elasticsearch.search.aggregations.bucket.DoubleTermsTests) finished
[2014-02-18 16:12:00,314][INFO ][test                     ] Test singleValuedField_WithValueScript(org.elasticsearch.search.aggregations.bucket.DoubleTermsTests) started
[2014-02-18 16:12:00,322][INFO ][plugins                  ] [transport_client_node_2] loaded [], sites []
[2014-02-18 16:12:00,345][INFO ][plugins                  ] [transport_client_node_0] loaded [], sites []
[2014-02-18 16:12:00,383][INFO ][plugins                  ] [transport_client_node_1] loaded [], sites []
[2014-02-18 16:12:00,414][INFO ][search.aggregations.bucket] [DoubleTermsTests#singleValuedField_WithValueScript]: before test
[2014-02-18 16:12:00,425][INFO ][cluster.metadata         ] [node_0] [idx] creating index, cause [api], shards [2]/[1], mappings []
[2014-02-18 16:12:00,453][INFO ][search.aggregations.bucket] Index [5] docs async: [true] bulk: [false]
[2014-02-18 16:12:00,492][INFO ][cluster.metadata         ] [node_0] [idx] update_mapping [type] (dynamic)
[2014-02-18 16:12:00,557][INFO ][search.aggregations.bucket] Index [100] docs async: [true] bulk: [false]
[2014-02-18 16:12:00,571][INFO ][cluster.metadata         ] [node_0] [idx] update_mapping [high_card_type] (dynamic)
[2014-02-18 16:12:01,241][INFO ][cluster.metadata         ] [node_0] [idx_unmapped] creating index, cause [api], shards [2]/[0], mappings []
[2014-02-18 16:12:01,296][TRACE][action.search.type       ] [node_0] Moving to second phase, based on results from: [tbUF3y2YTPm1TPdTF8YBYw][idx][0],[q75XUfcITqG3o93Z8EOFnw][idx][1] (cluster state version: 10993)
[2014-02-18 16:12:01,298][INFO ][search.aggregations.bucket] [DoubleTermsTests#singleValuedField_WithValueScript]: cleaning up after test
[2014-02-18 16:12:01,302][INFO ][cluster.metadata         ] [node_0] [idx_unmapped] deleting index
[2014-02-18 16:12:01,316][INFO ][cluster.metadata         ] [node_0] [idx] deleting index
[2014-02-18 16:12:01,388][INFO ][search.aggregations.bucket] [DoubleTermsTests#singleValuedField_WithValueScript]: cleaned up after test
[2014-02-18 16:12:01,405][INFO ][test                     ] Test singleValuedField_WithValueScript(org.elasticsearch.search.aggregations.bucket.DoubleTermsTests) finished
[2014-02-18 16:12:01,406][INFO ][test                     ] Test script_MultiValued_WithAggregatorInherited_NoExplicitType(org.elasticsearch.search.aggregations.bucket.DoubleTermsTests) started
[2014-02-18 16:12:01,417][INFO ][plugins                  ] [transport_client_node_2] loaded [], sites []
[2014-02-18 16:12:01,453][INFO ][search.aggregations.bucket] [DoubleTermsTests#script_MultiValued_WithAggregatorInherited_NoExplicitType]: before test
[2014-02-18 16:12:01,457][INFO ][plugins                  ] [transport_client_node_0] loaded [], sites []
[2014-02-18 16:12:01,503][INFO ][cluster.metadata         ] [node_0] [idx] creating index, cause [api], shards [5]/[1], mappings []
[2014-02-18 16:12:01,570][INFO ][search.aggregations.bucket] Index [5] docs async: [true] bulk: [false]
[2014-02-18 16:12:01,606][INFO ][cluster.metadata         ] [node_0] [idx] update_mapping [type] (dynamic)
[2014-02-18 16:12:01,615][INFO ][search.aggregations.bucket] Index [100] docs async: [true] bulk: [false]
[2014-02-18 16:12:01,621][INFO ][cluster.metadata         ] [node_0] [idx] update_mapping [high_card_type] (dynamic)
[2014-02-18 16:12:02,264][INFO ][cluster.metadata         ] [node_0] [idx_unmapped] creating index, cause [api], shards [5]/[1], mappings []
[2014-02-18 16:12:02,561][TRACE][action.search.type       ] [node_1] [idx][3], node[t8Mqv-hjRzqYCBodDxtrKQ], [P], s[STARTED]: Failed to execute [org.elasticsearch.action.search.SearchRequest@3674bedb] lastShard [false]
org.elasticsearch.search.SearchParseException: [idx][3]: from[-1],size[-1]: Parse Failure [Failed to parse source [{"aggregations":{"terms":{"terms":{"script":"doc['d_values'].values"},"aggregations":{"sum":{"sum":{}}}}}}]]
	at org.elasticsearch.search.SearchService.parseSource(SearchService.java:586)
	at org.elasticsearch.search.SearchService.createContext(SearchService.java:489)
	at org.elasticsearch.search.SearchService.createContext(SearchService.java:474)
	at org.elasticsearch.search.SearchService.createAndPutContext(SearchService.java:467)
	at org.elasticsearch.search.SearchService.executeQueryPhase(SearchService.java:239)
	at org.elasticsearch.search.action.SearchServiceTransportAction.sendExecuteQuery(SearchServiceTransportAction.java:202)
	at org.elasticsearch.action.search.type.TransportSearchQueryThenFetchAction$AsyncAction.sendExecuteFirstPhase(TransportSearchQueryThenFetchAction.java:80)
	at org.elasticsearch.action.search.type.TransportSearchTypeAction$BaseAsyncAction.performFirstPhase(TransportSearchTypeAction.java:216)
	at org.elasticsearch.action.search.type.TransportSearchTypeAction$BaseAsyncAction.performFirstPhase(TransportSearchTypeAction.java:203)
	at org.elasticsearch.action.search.type.TransportSearchTypeAction$BaseAsyncAction$2.run(TransportSearchTypeAction.java:186)
	at java.util.concurrent.ThreadPoolExecutor.runWorker(ThreadPoolExecutor.java:1145)
	at java.util.concurrent.ThreadPoolExecutor$Worker.run(ThreadPoolExecutor.java:615)
	at java.lang.Thread.run(Thread.java:744)
Caused by: org.elasticsearch.search.aggregations.AggregationExecutionException: could not find the appropriate value context to perform aggregation [sum]
	at org.elasticsearch.search.aggregations.support.ValueSourceAggregatorFactory.resolveValuesSourceConfigFromAncestors(ValueSourceAggregatorFactory.java:85)
	at org.elasticsearch.search.aggregations.support.ValueSourceAggregatorFactory.doValidate(ValueSourceAggregatorFactory.java:64)
	at org.elasticsearch.search.aggregations.AggregatorFactory.validate(AggregatorFactory.java:61)
	at org.elasticsearch.search.aggregations.AggregatorFactories.validate(AggregatorFactories.java:140)
	at org.elasticsearch.search.aggregations.AggregatorFactory.validate(AggregatorFactory.java:62)
	at org.elasticsearch.search.aggregations.AggregatorParsers.parseAggregators(AggregatorParsers.java:120)
	at org.elasticsearch.search.aggregations.AggregatorParsers.parseAggregators(AggregatorParsers.java:73)
	at org.elasticsearch.search.aggregations.AggregationParseElement.parse(AggregationParseElement.java:60)
	at org.elasticsearch.search.SearchService.parseSource(SearchService.java:574)
	... 12 more
[2014-02-18 16:12:02,566][TRACE][action.search.type       ] [node_1] [idx][0], node[t8Mqv-hjRzqYCBodDxtrKQ], [P], s[STARTED]: Failed to execute [org.elasticsearch.action.search.SearchRequest@3674bedb] lastShard [false]
org.elasticsearch.search.SearchParseException: [idx][0]: from[-1],size[-1]: Parse Failure [Failed to parse source [{"aggregations":{"terms":{"terms":{"script":"doc['d_values'].values"},"aggregations":{"sum":{"sum":{}}}}}}]]
	at org.elasticsearch.search.SearchService.parseSource(SearchService.java:586)
	at org.elasticsearch.search.SearchService.createContext(SearchService.java:489)
	at org.elasticsearch.search.SearchService.createContext(SearchService.java:474)
	at org.elasticsearch.search.SearchService.createAndPutContext(SearchService.java:467)
	at org.elasticsearch.search.SearchService.executeQueryPhase(SearchService.java:239)
	at org.elasticsearch.search.action.SearchServiceTransportAction.sendExecuteQuery(SearchServiceTransportAction.java:202)
	at org.elasticsearch.action.search.type.TransportSearchQueryThenFetchAction$AsyncAction.sendExecuteFirstPhase(TransportSearchQueryThenFetchAction.java:80)
	at org.elasticsearch.action.search.type.TransportSearchTypeAction$BaseAsyncAction.performFirstPhase(TransportSearchTypeAction.java:216)
	at org.elasticsearch.action.search.type.TransportSearchTypeAction$BaseAsyncAction.performFirstPhase(TransportSearchTypeAction.java:203)
	at org.elasticsearch.action.search.type.TransportSearchTypeAction$BaseAsyncAction$2.run(TransportSearchTypeAction.java:186)
	at java.util.concurrent.ThreadPoolExecutor.runWorker(ThreadPoolExecutor.java:1145)
	at java.util.concurrent.ThreadPoolExecutor$Worker.run(ThreadPoolExecutor.java:615)
	at java.lang.Thread.run(Thread.java:744)
Caused by: org.elasticsearch.search.aggregations.AggregationExecutionException: could not find the appropriate value context to perform aggregation [sum]
	at org.elasticsearch.search.aggregations.support.ValueSourceAggregatorFactory.resolveValuesSourceConfigFromAncestors(ValueSourceAggregatorFactory.java:85)
	at org.elasticsearch.search.aggregations.support.ValueSourceAggregatorFactory.doValidate(ValueSourceAggregatorFactory.java:64)
	at org.elasticsearch.search.aggregations.AggregatorFactory.validate(AggregatorFactory.java:61)
	at org.elasticsearch.search.aggregations.AggregatorFactories.validate(AggregatorFactories.java:140)
	at org.elasticsearch.search.aggregations.AggregatorFactory.validate(AggregatorFactory.java:62)
	at org.elasticsearch.search.aggregations.AggregatorParsers.parseAggregators(AggregatorParsers.java:120)
	at org.elasticsearch.search.aggregations.AggregatorParsers.parseAggregators(AggregatorParsers.java:73)
	at org.elasticsearch.search.aggregations.AggregationParseElement.parse(AggregationParseElement.java:60)
	at org.elasticsearch.search.SearchService.parseSource(SearchService.java:574)
	... 12 more
[2014-02-18 16:12:02,569][TRACE][action.search.type       ] [node_1] [idx][1], node[q75XUfcITqG3o93Z8EOFnw], [P], s[STARTED]: Failed to execute [org.elasticsearch.action.search.SearchRequest@3674bedb] lastShard [false]
org.elasticsearch.transport.RemoteTransportException: [node_2][inet[/10.1.10.75:9302]][search/phase/query]
Caused by: org.elasticsearch.search.SearchParseException: [idx][1]: from[-1],size[-1]: Parse Failure [Failed to parse source [{"aggregations":{"terms":{"terms":{"script":"doc['d_values'].values"},"aggregations":{"sum":{"sum":{}}}}}}]]
	at org.elasticsearch.search.SearchService.parseSource(SearchService.java:586)
	at org.elasticsearch.search.SearchService.createContext(SearchService.java:489)
	at org.elasticsearch.search.SearchService.createContext(SearchService.java:474)
	at org.elasticsearch.search.SearchService.createAndPutContext(SearchService.java:467)
	at org.elasticsearch.search.SearchService.executeQueryPhase(SearchService.java:239)
	at org.elasticsearch.search.action.SearchServiceTransportAction$SearchQueryTransportHandler.messageReceived(SearchServiceTransportAction.java:623)
	at org.elasticsearch.search.action.SearchServiceTransportAction$SearchQueryTransportHandler.messageReceived(SearchServiceTransportAction.java:612)
	at org.elasticsearch.transport.netty.MessageChannelHandler$RequestHandler.run(MessageChannelHandler.java:270)
	at java.util.concurrent.ThreadPoolExecutor.runWorker(ThreadPoolExecutor.java:1145)
	at java.util.concurrent.ThreadPoolExecutor$Worker.run(ThreadPoolExecutor.java:615)
	at java.lang.Thread.run(Thread.java:744)
Caused by: org.elasticsearch.search.aggregations.AggregationExecutionException: could not find the appropriate value context to perform aggregation [sum]
	at org.elasticsearch.search.aggregations.support.ValueSourceAggregatorFactory.resolveValuesSourceConfigFromAncestors(ValueSourceAggregatorFactory.java:85)
	at org.elasticsearch.search.aggregations.support.ValueSourceAggregatorFactory.doValidate(ValueSourceAggregatorFactory.java:64)
	at org.elasticsearch.search.aggregations.AggregatorFactory.validate(AggregatorFactory.java:61)
	at org.elasticsearch.search.aggregations.AggregatorFactories.validate(AggregatorFactories.java:140)
	at org.elasticsearch.search.aggregations.AggregatorFactory.validate(AggregatorFactory.java:62)
	at org.elasticsearch.search.aggregations.AggregatorParsers.parseAggregators(AggregatorParsers.java:120)
	at org.elasticsearch.search.aggregations.AggregatorParsers.parseAggregators(AggregatorParsers.java:73)
	at org.elasticsearch.search.aggregations.AggregationParseElement.parse(AggregationParseElement.java:60)
	at org.elasticsearch.search.SearchService.parseSource(SearchService.java:574)
	... 10 more
[2014-02-18 16:12:02,571][TRACE][action.search.type       ] [node_1] [idx][4], node[q75XUfcITqG3o93Z8EOFnw], [P], s[STARTED]: Failed to execute [org.elasticsearch.action.search.SearchRequest@3674bedb] lastShard [false]
org.elasticsearch.transport.RemoteTransportException: [node_2][inet[/10.1.10.75:9302]][search/phase/query]
Caused by: org.elasticsearch.search.SearchParseException: [idx][4]: from[-1],size[-1]: Parse Failure [Failed to parse source [{"aggregations":{"terms":{"terms":{"script":"doc['d_values'].values"},"aggregations":{"sum":{"sum":{}}}}}}]]
	at org.elasticsearch.search.SearchService.parseSource(SearchService.java:586)
	at org.elasticsearch.search.SearchService.createContext(SearchService.java:489)
	at org.elasticsearch.search.SearchService.createContext(SearchService.java:474)
	at org.elasticsearch.search.SearchService.createAndPutContext(SearchService.java:467)
	at org.elasticsearch.search.SearchService.executeQueryPhase(SearchService.java:239)
	at org.elasticsearch.search.action.SearchServiceTransportAction$SearchQueryTransportHandler.messageReceived(SearchServiceTransportAction.java:623)
	at org.elasticsearch.search.action.SearchServiceTransportAction$SearchQueryTransportHandler.messageReceived(SearchServiceTransportAction.java:612)
	at org.elasticsearch.transport.netty.MessageChannelHandler$RequestHandler.run(MessageChannelHandler.java:270)
	at java.util.concurrent.ThreadPoolExecutor.runWorker(ThreadPoolExecutor.java:1145)
	at java.util.concurrent.ThreadPoolExecutor$Worker.run(ThreadPoolExecutor.java:615)
	at java.lang.Thread.run(Thread.java:744)
Caused by: org.elasticsearch.search.aggregations.AggregationExecutionException: could not find the appropriate value context to perform aggregation [sum]
	at org.elasticsearch.search.aggregations.support.ValueSourceAggregatorFactory.resolveValuesSourceConfigFromAncestors(ValueSourceAggregatorFactory.java:85)
	at org.elasticsearch.search.aggregations.support.ValueSourceAggregatorFactory.doValidate(ValueSourceAggregatorFactory.java:64)
	at org.elasticsearch.search.aggregations.AggregatorFactory.validate(AggregatorFactory.java:61)
	at org.elasticsearch.search.aggregations.AggregatorFactories.validate(AggregatorFactories.java:140)
	at org.elasticsearch.search.aggregations.AggregatorFactory.validate(AggregatorFactory.java:62)
	at org.elasticsearch.search.aggregations.AggregatorParsers.parseAggregators(AggregatorParsers.java:120)
	at org.elasticsearch.search.aggregations.AggregatorParsers.parseAggregators(AggregatorParsers.java:73)
	at org.elasticsearch.search.aggregations.AggregationParseElement.parse(AggregationParseElement.java:60)
	at org.elasticsearch.search.SearchService.parseSource(SearchService.java:574)
	... 10 more
[2014-02-18 16:12:02,573][TRACE][action.search.type       ] [node_1] [idx][2], node[tbUF3y2YTPm1TPdTF8YBYw], [P], s[STARTED]: Failed to execute [org.elasticsearch.action.search.SearchRequest@3674bedb] lastShard [false]
org.elasticsearch.transport.RemoteTransportException: [node_0][inet[/10.1.10.75:9300]][search/phase/query]
Caused by: org.elasticsearch.search.SearchParseException: [idx][2]: from[-1],size[-1]: Parse Failure [Failed to parse source [{"aggregations":{"terms":{"terms":{"script":"doc['d_values'].values"},"aggregations":{"sum":{"sum":{}}}}}}]]
	at org.elasticsearch.search.SearchService.parseSource(SearchService.java:586)
	at org.elasticsearch.search.SearchService.createContext(SearchService.java:489)
	at org.elasticsearch.search.SearchService.createContext(SearchService.java:474)
	at org.elasticsearch.search.SearchService.createAndPutContext(SearchService.java:467)
	at org.elasticsearch.search.SearchService.executeQueryPhase(SearchService.java:239)
	at org.elasticsearch.search.action.SearchServiceTransportAction$SearchQueryTransportHandler.messageReceived(SearchServiceTransportAction.java:623)
	at org.elasticsearch.search.action.SearchServiceTransportAction$SearchQueryTransportHandler.messageReceived(SearchServiceTransportAction.java:612)
	at org.elasticsearch.transport.netty.MessageChannelHandler$RequestHandler.run(MessageChannelHandler.java:270)
	at java.util.concurrent.ThreadPoolExecutor.runWorker(ThreadPoolExecutor.java:1145)
	at java.util.concurrent.ThreadPoolExecutor$Worker.run(ThreadPoolExecutor.java:615)
	at java.lang.Thread.run(Thread.java:744)
Caused by: org.elasticsearch.search.aggregations.AggregationExecutionException: could not find the appropriate value context to perform aggregation [sum]
	at org.elasticsearch.search.aggregations.support.ValueSourceAggregatorFactory.resolveValuesSourceConfigFromAncestors(ValueSourceAggregatorFactory.java:85)
	at org.elasticsearch.search.aggregations.support.ValueSourceAggregatorFactory.doValidate(ValueSourceAggregatorFactory.java:64)
	at org.elasticsearch.search.aggregations.AggregatorFactory.validate(AggregatorFactory.java:61)
	at org.elasticsearch.search.aggregations.AggregatorFactories.validate(AggregatorFactories.java:140)
	at org.elasticsearch.search.aggregations.AggregatorFactory.validate(AggregatorFactory.java:62)
	at org.elasticsearch.search.aggregations.AggregatorParsers.parseAggregators(AggregatorParsers.java:120)
	at org.elasticsearch.search.aggregations.AggregatorParsers.parseAggregators(AggregatorParsers.java:73)
	at org.elasticsearch.search.aggregations.AggregationParseElement.parse(AggregationParseElement.java:60)
	at org.elasticsearch.search.SearchService.parseSource(SearchService.java:574)
	... 10 more
[2014-02-18 16:12:02,573][TRACE][action.search.type       ] [node_1] [idx][3], node[q75XUfcITqG3o93Z8EOFnw], [R], s[STARTED]: Failed to execute [org.elasticsearch.action.search.SearchRequest@3674bedb] lastShard [true]
org.elasticsearch.transport.RemoteTransportException: [node_2][inet[/10.1.10.75:9302]][search/phase/query]
Caused by: org.elasticsearch.search.SearchParseException: [idx][3]: from[-1],size[-1]: Parse Failure [Failed to parse source [{"aggregations":{"terms":{"terms":{"script":"doc['d_values'].values"},"aggregations":{"sum":{"sum":{}}}}}}]]
	at org.elasticsearch.search.SearchService.parseSource(SearchService.java:586)
	at org.elasticsearch.search.SearchService.createContext(SearchService.java:489)
	at org.elasticsearch.search.SearchService.createContext(SearchService.java:474)
	at org.elasticsearch.search.SearchService.createAndPutContext(SearchService.java:467)
	at org.elasticsearch.search.SearchService.executeQueryPhase(SearchService.java:239)
	at org.elasticsearch.search.action.SearchServiceTransportAction$SearchQueryTransportHandler.messageReceived(SearchServiceTransportAction.java:623)
	at org.elasticsearch.search.action.SearchServiceTransportAction$SearchQueryTransportHandler.messageReceived(SearchServiceTransportAction.java:612)
	at org.elasticsearch.transport.netty.MessageChannelHandler$RequestHandler.run(MessageChannelHandler.java:270)
	at java.util.concurrent.ThreadPoolExecutor.runWorker(ThreadPoolExecutor.java:1145)
	at java.util.concurrent.ThreadPoolExecutor$Worker.run(ThreadPoolExecutor.java:615)
	at java.lang.Thread.run(Thread.java:744)
Caused by: org.elasticsearch.search.aggregations.AggregationExecutionException: could not find the appropriate value context to perform aggregation [sum]
	at org.elasticsearch.search.aggregations.support.ValueSourceAggregatorFactory.resolveValuesSourceConfigFromAncestors(ValueSourceAggregatorFactory.java:85)
	at org.elasticsearch.search.aggregations.support.ValueSourceAggregatorFactory.doValidate(ValueSourceAggregatorFactory.java:64)
	at org.elasticsearch.search.aggregations.AggregatorFactory.validate(AggregatorFactory.java:61)
	at org.elasticsearch.search.aggregations.AggregatorFactories.validate(AggregatorFactories.java:140)
	at org.elasticsearch.search.aggregations.AggregatorFactory.validate(AggregatorFactory.java:62)
	at org.elasticsearch.search.aggregations.AggregatorParsers.parseAggregators(AggregatorParsers.java:120)
	at org.elasticsearch.search.aggregations.AggregatorParsers.parseAggregators(AggregatorParsers.java:73)
	at org.elasticsearch.search.aggregations.AggregationParseElement.parse(AggregationParseElement.java:60)
	at org.elasticsearch.search.SearchService.parseSource(SearchService.java:574)
	... 10 more
[2014-02-18 16:12:02,575][TRACE][action.search.type       ] [node_1] [idx][2], node[t8Mqv-hjRzqYCBodDxtrKQ], [R], s[STARTED]: Failed to execute [org.elasticsearch.action.search.SearchRequest@3674bedb] lastShard [true]
org.elasticsearch.search.SearchParseException: [idx][2]: from[-1],size[-1]: Parse Failure [Failed to parse source [{"aggregations":{"terms":{"terms":{"script":"doc['d_values'].values"},"aggregations":{"sum":{"sum":{}}}}}}]]
	at org.elasticsearch.search.SearchService.parseSource(SearchService.java:586)
	at org.elasticsearch.search.SearchService.createContext(SearchService.java:489)
	at org.elasticsearch.search.SearchService.createContext(SearchService.java:474)
	at org.elasticsearch.search.SearchService.createAndPutContext(SearchService.java:467)
	at org.elasticsearch.search.SearchService.executeQueryPhase(SearchService.java:239)
	at org.elasticsearch.search.action.SearchServiceTransportAction.sendExecuteQuery(SearchServiceTransportAction.java:202)
	at org.elasticsearch.action.search.type.TransportSearchQueryThenFetchAction$AsyncAction.sendExecuteFirstPhase(TransportSearchQueryThenFetchAction.java:80)
	at org.elasticsearch.action.search.type.TransportSearchTypeAction$BaseAsyncAction.performFirstPhase(TransportSearchTypeAction.java:216)
	at org.elasticsearch.action.search.type.TransportSearchTypeAction$BaseAsyncAction$4.run(TransportSearchTypeAction.java:292)
	at java.util.concurrent.ThreadPoolExecutor.runWorker(ThreadPoolExecutor.java:1145)
	at java.util.concurrent.ThreadPoolExecutor$Worker.run(ThreadPoolExecutor.java:615)
	at java.lang.Thread.run(Thread.java:744)
Caused by: org.elasticsearch.search.aggregations.AggregationExecutionException: could not find the appropriate value context to perform aggregation [sum]
	at org.elasticsearch.search.aggregations.support.ValueSourceAggregatorFactory.resolveValuesSourceConfigFromAncestors(ValueSourceAggregatorFactory.java:85)
	at org.elasticsearch.search.aggregations.support.ValueSourceAggregatorFactory.doValidate(ValueSourceAggregatorFactory.java:64)
	at org.elasticsearch.search.aggregations.AggregatorFactory.validate(AggregatorFactory.java:61)
	at org.elasticsearch.search.aggregations.AggregatorFactories.validate(AggregatorFactories.java:140)
	at org.elasticsearch.search.aggregations.AggregatorFactory.validate(AggregatorFactory.java:62)
	at org.elasticsearch.search.aggregations.AggregatorParsers.parseAggregators(AggregatorParsers.java:120)
	at org.elasticsearch.search.aggregations.AggregatorParsers.parseAggregators(AggregatorParsers.java:73)
	at org.elasticsearch.search.aggregations.AggregationParseElement.parse(AggregationParseElement.java:60)
	at org.elasticsearch.search.SearchService.parseSource(SearchService.java:574)
	... 11 more
[2014-02-18 16:12:02,574][TRACE][action.search.type       ] [node_1] [idx][0], node[tbUF3y2YTPm1TPdTF8YBYw], [R], s[STARTED]: Failed to execute [org.elasticsearch.action.search.SearchRequest@3674bedb] lastShard [true]
org.elasticsearch.transport.RemoteTransportException: [node_0][inet[/10.1.10.75:9300]][search/phase/query]
Caused by: org.elasticsearch.search.SearchParseException: [idx][0]: from[-1],size[-1]: Parse Failure [Failed to parse source [{"aggregations":{"terms":{"terms":{"script":"doc['d_values'].values"},"aggregations":{"sum":{"sum":{}}}}}}]]
	at org.elasticsearch.search.SearchService.parseSource(SearchService.java:586)
	at org.elasticsearch.search.SearchService.createContext(SearchService.java:489)
	at org.elasticsearch.search.SearchService.createContext(SearchService.java:474)
	at org.elasticsearch.search.SearchService.createAndPutContext(SearchService.java:467)
	at org.elasticsearch.search.SearchService.executeQueryPhase(SearchService.java:239)
	at org.elasticsearch.search.action.SearchServiceTransportAction$SearchQueryTransportHandler.messageReceived(SearchServiceTransportAction.java:623)
	at org.elasticsearch.search.action.SearchServiceTransportAction$SearchQueryTransportHandler.messageReceived(SearchServiceTransportAction.java:612)
	at org.elasticsearch.transport.netty.MessageChannelHandler$RequestHandler.run(MessageChannelHandler.java:270)
	at java.util.concurrent.ThreadPoolExecutor.runWorker(ThreadPoolExecutor.java:1145)
	at java.util.concurrent.ThreadPoolExecutor$Worker.run(ThreadPoolExecutor.java:615)
	at java.lang.Thread.run(Thread.java:744)
Caused by: org.elasticsearch.search.aggregations.AggregationExecutionException: could not find the appropriate value context to perform aggregation [sum]
	at org.elasticsearch.search.aggregations.support.ValueSourceAggregatorFactory.resolveValuesSourceConfigFromAncestors(ValueSourceAggregatorFactory.java:85)
	at org.elasticsearch.search.aggregations.support.ValueSourceAggregatorFactory.doValidate(ValueSourceAggregatorFactory.java:64)
	at org.elasticsearch.search.aggregations.AggregatorFactory.validate(AggregatorFactory.java:61)
	at org.elasticsearch.search.aggregations.AggregatorFactories.validate(AggregatorFactories.java:140)
	at org.elasticsearch.search.aggregations.AggregatorFactory.validate(AggregatorFactory.java:62)
	at org.elasticsearch.search.aggregations.AggregatorParsers.parseAggregators(AggregatorParsers.java:120)
	at org.elasticsearch.search.aggregations.AggregatorParsers.parseAggregators(AggregatorParsers.java:73)
	at org.elasticsearch.search.aggregations.AggregationParseElement.parse(AggregationParseElement.java:60)
	at org.elasticsearch.search.SearchService.parseSource(SearchService.java:574)
	... 10 more
[2014-02-18 16:12:02,577][DEBUG][action.search.type       ] [node_1] [idx][4], node[tbUF3y2YTPm1TPdTF8YBYw], [R], s[STARTED]: Failed to execute [org.elasticsearch.action.search.SearchRequest@3674bedb]
org.elasticsearch.transport.RemoteTransportException: [node_0][inet[/10.1.10.75:9300]][search/phase/query]
Caused by: org.elasticsearch.search.SearchParseException: [idx][4]: from[-1],size[-1]: Parse Failure [Failed to parse source [{"aggregations":{"terms":{"terms":{"script":"doc['d_values'].values"},"aggregations":{"sum":{"sum":{}}}}}}]]
	at org.elasticsearch.search.SearchService.parseSource(SearchService.java:586)
	at org.elasticsearch.search.SearchService.createContext(SearchService.java:489)
	at org.elasticsearch.search.SearchService.createContext(SearchService.java:474)
	at org.elasticsearch.search.SearchService.createAndPutContext(SearchService.java:467)
	at org.elasticsearch.search.SearchService.executeQueryPhase(SearchService.java:239)
	at org.elasticsearch.search.action.SearchServiceTransportAction$SearchQueryTransportHandler.messageReceived(SearchServiceTransportAction.java:623)
	at org.elasticsearch.search.action.SearchServiceTransportAction$SearchQueryTransportHandler.messageReceived(SearchServiceTransportAction.java:612)
	at org.elasticsearch.transport.netty.MessageChannelHandler$RequestHandler.run(MessageChannelHandler.java:270)
	at java.util.concurrent.ThreadPoolExecutor.runWorker(ThreadPoolExecutor.java:1145)
	at java.util.concurrent.ThreadPoolExecutor$Worker.run(ThreadPoolExecutor.java:615)
	at java.lang.Thread.run(Thread.java:744)
Caused by: org.elasticsearch.search.aggregations.AggregationExecutionException: could not find the appropriate value context to perform aggregation [sum]
	at org.elasticsearch.search.aggregations.support.ValueSourceAggregatorFactory.resolveValuesSourceConfigFromAncestors(ValueSourceAggregatorFactory.java:85)
	at org.elasticsearch.search.aggregations.support.ValueSourceAggregatorFactory.doValidate(ValueSourceAggregatorFactory.java:64)
	at org.elasticsearch.search.aggregations.AggregatorFactory.validate(AggregatorFactory.java:61)
	at org.elasticsearch.search.aggregations.AggregatorFactories.validate(AggregatorFactories.java:140)
	at org.elasticsearch.search.aggregations.AggregatorFactory.validate(AggregatorFactory.java:62)
	at org.elasticsearch.search.aggregations.AggregatorParsers.parseAggregators(AggregatorParsers.java:120)
	at org.elasticsearch.search.aggregations.AggregatorParsers.parseAggregators(AggregatorParsers.java:73)
	at org.elasticsearch.search.aggregations.AggregationParseElement.parse(AggregationParseElement.java:60)
	at org.elasticsearch.search.SearchService.parseSource(SearchService.java:574)
	... 10 more
[2014-02-18 16:12:02,576][TRACE][action.search.type       ] [node_1] [idx][1], node[tbUF3y2YTPm1TPdTF8YBYw], [R], s[STARTED]: Failed to execute [org.elasticsearch.action.search.SearchRequest@3674bedb] lastShard [true]
org.elasticsearch.transport.RemoteTransportException: [node_0][inet[/10.1.10.75:9300]][search/phase/query]
Caused by: org.elasticsearch.search.SearchParseException: [idx][1]: from[-1],size[-1]: Parse Failure [Failed to parse source [{"aggregations":{"terms":{"terms":{"script":"doc['d_values'].values"},"aggregations":{"sum":{"sum":{}}}}}}]]
	at org.elasticsearch.search.SearchService.parseSource(SearchService.java:586)
	at org.elasticsearch.search.SearchService.createContext(SearchService.java:489)
	at org.elasticsearch.search.SearchService.createContext(SearchService.java:474)
	at org.elasticsearch.search.SearchService.createAndPutContext(SearchService.java:467)
	at org.elasticsearch.search.SearchService.executeQueryPhase(SearchService.java:239)
	at org.elasticsearch.search.action.SearchServiceTransportAction$SearchQueryTransportHandler.messageReceived(SearchServiceTransportAction.java:623)
	at org.elasticsearch.search.action.SearchServiceTransportAction$SearchQueryTransportHandler.messageReceived(SearchServiceTransportAction.java:612)
	at org.elasticsearch.transport.netty.MessageChannelHandler$RequestHandler.run(MessageChannelHandler.java:270)
	at java.util.concurrent.ThreadPoolExecutor.runWorker(ThreadPoolExecutor.java:1145)
	at java.util.concurrent.ThreadPoolExecutor$Worker.run(ThreadPoolExecutor.java:615)
	at java.lang.Thread.run(Thread.java:744)
Caused by: org.elasticsearch.search.aggregations.AggregationExecutionException: could not find the appropriate value context to perform aggregation [sum]
	at org.elasticsearch.search.aggregations.support.ValueSourceAggregatorFactory.resolveValuesSourceConfigFromAncestors(ValueSourceAggregatorFactory.java:85)
	at org.elasticsearch.search.aggregations.support.ValueSourceAggregatorFactory.doValidate(ValueSourceAggregatorFactory.java:64)
	at org.elasticsearch.search.aggregations.AggregatorFactory.validate(AggregatorFactory.java:61)
	at org.elasticsearch.search.aggregations.AggregatorFactories.validate(AggregatorFactories.java:140)
	at org.elasticsearch.search.aggregations.AggregatorFactory.validate(AggregatorFactory.java:62)
	at org.elasticsearch.search.aggregations.AggregatorParsers.parseAggregators(AggregatorParsers.java:120)
	at org.elasticsearch.search.aggregations.AggregatorParsers.parseAggregators(AggregatorParsers.java:73)
	at org.elasticsearch.search.aggregations.AggregationParseElement.parse(AggregationParseElement.java:60)
	at org.elasticsearch.search.SearchService.parseSource(SearchService.java:574)
	... 10 more
[2014-02-18 16:12:02,579][DEBUG][action.search.type       ] [node_1] All shards failed for phase: [query]
[2014-02-18 16:12:02,580][INFO ][search.aggregations.bucket] [DoubleTermsTests#script_MultiValued_WithAggregatorInherited_NoExplicitType]: cleaning up after test
[2014-02-18 16:12:02,583][INFO ][cluster.metadata         ] [node_0] [idx_unmapped] deleting index
[2014-02-18 16:12:02,611][INFO ][cluster.metadata         ] [node_0] [idx] deleting index
[2014-02-18 16:12:02,662][INFO ][search.aggregations.bucket] [DoubleTermsTests#script_MultiValued_WithAggregatorInherited_NoExplicitType]: cleaned up after test
[2014-02-18 16:12:02,668][INFO ][test                     ] Test script_MultiValued_WithAggregatorInherited_NoExplicitType(org.elasticsearch.search.aggregations.bucket.DoubleTermsTests) finished
[2014-02-18 16:12:02,669][INFO ][test                     ] Test script_MultiValued_WithAggregatorInherited_WithExplicitType(org.elasticsearch.search.aggregations.bucket.DoubleTermsTests) started
[2014-02-18 16:12:02,682][INFO ][plugins                  ] [transport_client_node_0] loaded [], sites []
[2014-02-18 16:12:02,718][INFO ][search.aggregations.bucket] [DoubleTermsTests#script_MultiValued_WithAggregatorInherited_WithExplicitType]: before test
[2014-02-18 16:12:02,741][INFO ][cluster.metadata         ] [node_0] [idx] creating index, cause [api], shards [2]/[0], mappings []
[2014-02-18 16:12:02,767][INFO ][search.aggregations.bucket] Index [5] docs async: [true] bulk: [false]
[2014-02-18 16:12:02,787][INFO ][cluster.metadata         ] [node_0] [idx] update_mapping [type] (dynamic)
[2014-02-18 16:12:02,841][INFO ][search.aggregations.bucket] Index [100] docs async: [true] bulk: [false]
[2014-02-18 16:12:02,869][INFO ][cluster.metadata         ] [node_0] [idx] update_mapping [high_card_type] (dynamic)
[2014-02-18 16:12:03,218][INFO ][cluster.metadata         ] [node_0] [idx_unmapped] creating index, cause [api], shards [3]/[1], mappings []
[2014-02-18 16:12:03,601][TRACE][action.search.type       ] [node_2] Moving to second phase, based on results from: [t8Mqv-hjRzqYCBodDxtrKQ][idx][0],[q75XUfcITqG3o93Z8EOFnw][idx][1] (cluster state version: 11024)
[2014-02-18 16:12:03,606][INFO ][search.aggregations.bucket] [DoubleTermsTests#script_MultiValued_WithAggregatorInherited_WithExplicitType]: cleaning up after test
[2014-02-18 16:12:03,608][INFO ][cluster.metadata         ] [node_0] [idx_unmapped] deleting index
[2014-02-18 16:12:03,651][INFO ][cluster.metadata         ] [node_0] [idx] deleting index
[2014-02-18 16:12:03,738][INFO ][search.aggregations.bucket] [DoubleTermsTests#script_MultiValued_WithAggregatorInherited_WithExplicitType]: cleaned up after test
[2014-02-18 16:12:03,743][INFO ][test                     ] Test script_MultiValued_WithAggregatorInherited_WithExplicitType(org.elasticsearch.search.aggregations.bucket.DoubleTermsTests) finished
[2014-02-18 16:12:03,744][INFO ][test                     ] Test multiValuedField_WithValueScript_WithInheritedSubAggregator(org.elasticsearch.search.aggregations.bucket.DoubleTermsTests) started
[2014-02-18 16:12:03,758][INFO ][plugins                  ] [transport_client_node_0] loaded [], sites []
[2014-02-18 16:12:03,800][INFO ][plugins                  ] [transport_client_node_2] loaded [], sites []
[2014-02-18 16:12:03,869][INFO ][search.aggregations.bucket] [DoubleTermsTests#multiValuedField_WithValueScript_WithInheritedSubAggregator]: before test
[2014-02-18 16:12:03,874][INFO ][plugins                  ] [transport_client_node_1] loaded [], sites []
[2014-02-18 16:12:04,038][INFO ][cluster.metadata         ] [node_0] [idx] creating index, cause [api], shards [3]/[1], mappings []
[2014-02-18 16:12:04,145][INFO ][search.aggregations.bucket] Index [5] docs async: [true] bulk: [false]
[2014-02-18 16:12:04,287][INFO ][cluster.metadata         ] [node_0] [idx] update_mapping [type] (dynamic)
[2014-02-18 16:12:04,323][INFO ][search.aggregations.bucket] Index [100] docs async: [true] bulk: [false]
[2014-02-18 16:12:04,387][INFO ][cluster.metadata         ] [node_0] [idx] update_mapping [high_card_type] (dynamic)
[2014-02-18 16:12:06,039][INFO ][cluster.metadata         ] [node_0] [idx_unmapped] creating index, cause [api], shards [3]/[0], mappings []
[2014-02-18 16:12:06,103][TRACE][action.search.type       ] [node_0] Moving to second phase, based on results from: [t8Mqv-hjRzqYCBodDxtrKQ][idx][0],[tbUF3y2YTPm1TPdTF8YBYw][idx][2],[tbUF3y2YTPm1TPdTF8YBYw][idx][1] (cluster state version: 11037)
[2014-02-18 16:12:06,107][INFO ][search.aggregations.bucket] [DoubleTermsTests#multiValuedField_WithValueScript_WithInheritedSubAggregator]: cleaning up after test
[2014-02-18 16:12:06,110][INFO ][cluster.metadata         ] [node_0] [idx_unmapped] deleting index
[2014-02-18 16:12:06,136][INFO ][cluster.metadata         ] [node_0] [idx] deleting index
[2014-02-18 16:12:06,276][INFO ][search.aggregations.bucket] [DoubleTermsTests#multiValuedField_WithValueScript_WithInheritedSubAggregator]: cleaned up after test
[2014-02-18 16:12:06,308][INFO ][test                     ] Test multiValuedField_WithValueScript_WithInheritedSubAggregator(org.elasticsearch.search.aggregations.bucket.DoubleTermsTests) finished
[2014-02-18 16:12:06,309][INFO ][test                     ] Test singleValuedField_OrderedByNonMetricsSubAggregation(org.elasticsearch.search.aggregations.bucket.DoubleTermsTests) started
[2014-02-18 16:12:06,323][INFO ][plugins                  ] [transport_client_node_1] loaded [], sites []
[2014-02-18 16:12:06,410][INFO ][plugins                  ] [transport_client_node_2] loaded [], sites []
[2014-02-18 16:12:06,486][INFO ][plugins                  ] [transport_client_node_0] loaded [], sites []
[2014-02-18 16:12:06,582][INFO ][search.aggregations.bucket] [DoubleTermsTests#singleValuedField_OrderedByNonMetricsSubAggregation]: before test
[2014-02-18 16:12:06,606][INFO ][cluster.metadata         ] [node_0] [idx] creating index, cause [api], shards [2]/[1], mappings []
[2014-02-18 16:12:06,658][INFO ][search.aggregations.bucket] Index [5] docs async: [true] bulk: [false]
[2014-02-18 16:12:06,680][INFO ][search.aggregations.bucket] Index [100] docs async: [true] bulk: [false]
[2014-02-18 16:12:06,815][INFO ][cluster.metadata         ] [node_0] [idx] update_mapping [type] (dynamic)
[2014-02-18 16:12:06,816][INFO ][cluster.metadata         ] [node_0] [idx] update_mapping [high_card_type] (dynamic)
[2014-02-18 16:12:07,349][INFO ][cluster.metadata         ] [node_0] [idx_unmapped] creating index, cause [api], shards [2]/[1], mappings []
[2014-02-18 16:12:07,680][TRACE][action.search.type       ] [node_2] [idx][1], node[q75XUfcITqG3o93Z8EOFnw], [P], s[STARTED]: Failed to execute [org.elasticsearch.action.search.SearchRequest@3de8b640] lastShard [false]
org.elasticsearch.search.aggregations.AggregationExecutionException: terms aggregation [terms] is configured to order by sub-aggregation [filter] which is is not a metrics aggregation. Terms aggregation order can only refer to metrics aggregations
	at org.elasticsearch.search.aggregations.bucket.terms.InternalOrder.validate(InternalOrder.java:136)
	at org.elasticsearch.search.aggregations.bucket.terms.DoubleTermsAggregator.<init>(DoubleTermsAggregator.java:52)
	at org.elasticsearch.search.aggregations.bucket.terms.TermsAggregatorFactory.create(TermsAggregatorFactory.java:127)
	at org.elasticsearch.search.aggregations.support.ValueSourceAggregatorFactory.create(ValueSourceAggregatorFactory.java:58)
	at org.elasticsearch.search.aggregations.AggregatorFactories.createTopLevelAggregators(AggregatorFactories.java:123)
	at org.elasticsearch.search.aggregations.AggregationPhase.preProcess(AggregationPhase.java:79)
	at org.elasticsearch.search.query.QueryPhase.preProcess(QueryPhase.java:91)
	at org.elasticsearch.search.SearchService.createContext(SearchService.java:502)
	at org.elasticsearch.search.SearchService.createContext(SearchService.java:474)
	at org.elasticsearch.search.SearchService.createAndPutContext(SearchService.java:467)
	at org.elasticsearch.search.SearchService.executeDfsPhase(SearchService.java:173)
	at org.elasticsearch.search.action.SearchServiceTransportAction.sendExecuteDfs(SearchServiceTransportAction.java:168)
	at org.elasticsearch.action.search.type.TransportSearchDfsQueryThenFetchAction$AsyncAction.sendExecuteFirstPhase(TransportSearchDfsQueryThenFetchAction.java:85)
	at org.elasticsearch.action.search.type.TransportSearchTypeAction$BaseAsyncAction.performFirstPhase(TransportSearchTypeAction.java:216)
	at org.elasticsearch.action.search.type.TransportSearchTypeAction$BaseAsyncAction.performFirstPhase(TransportSearchTypeAction.java:203)
	at org.elasticsearch.action.search.type.TransportSearchTypeAction$BaseAsyncAction$2.run(TransportSearchTypeAction.java:186)
	at java.util.concurrent.ThreadPoolExecutor.runWorker(ThreadPoolExecutor.java:1145)
	at java.util.concurrent.ThreadPoolExecutor$Worker.run(ThreadPoolExecutor.java:615)
	at java.lang.Thread.run(Thread.java:744)
[2014-02-18 16:12:07,683][TRACE][action.search.type       ] [node_2] [idx][0], node[tbUF3y2YTPm1TPdTF8YBYw], [R], s[STARTED]: Failed to execute [org.elasticsearch.action.search.SearchRequest@3de8b640] lastShard [false]
org.elasticsearch.transport.RemoteTransportException: [node_0][inet[/10.1.10.75:9300]][search/phase/dfs]
Caused by: org.elasticsearch.search.aggregations.AggregationExecutionException: terms aggregation [terms] is configured to order by sub-aggregation [filter] which is is not a metrics aggregation. Terms aggregation order can only refer to metrics aggregations
	at org.elasticsearch.search.aggregations.bucket.terms.InternalOrder.validate(InternalOrder.java:136)
	at org.elasticsearch.search.aggregations.bucket.terms.DoubleTermsAggregator.<init>(DoubleTermsAggregator.java:52)
	at org.elasticsearch.search.aggregations.bucket.terms.TermsAggregatorFactory.create(TermsAggregatorFactory.java:127)
	at org.elasticsearch.search.aggregations.support.ValueSourceAggregatorFactory.create(ValueSourceAggregatorFactory.java:58)
	at org.elasticsearch.search.aggregations.AggregatorFactories.createTopLevelAggregators(AggregatorFactories.java:123)
	at org.elasticsearch.search.aggregations.AggregationPhase.preProcess(AggregationPhase.java:79)
	at org.elasticsearch.search.query.QueryPhase.preProcess(QueryPhase.java:91)
	at org.elasticsearch.search.SearchService.createContext(SearchService.java:502)
	at org.elasticsearch.search.SearchService.createContext(SearchService.java:474)
	at org.elasticsearch.search.SearchService.createAndPutContext(SearchService.java:467)
	at org.elasticsearch.search.SearchService.executeDfsPhase(SearchService.java:173)
	at org.elasticsearch.search.action.SearchServiceTransportAction$SearchDfsTransportHandler.messageReceived(SearchServiceTransportAction.java:602)
	at org.elasticsearch.search.action.SearchServiceTransportAction$SearchDfsTransportHandler.messageReceived(SearchServiceTransportAction.java:591)
	at org.elasticsearch.transport.netty.MessageChannelHandler$RequestHandler.run(MessageChannelHandler.java:270)
	at java.util.concurrent.ThreadPoolExecutor.runWorker(ThreadPoolExecutor.java:1145)
	at java.util.concurrent.ThreadPoolExecutor$Worker.run(ThreadPoolExecutor.java:615)
	at java.lang.Thread.run(Thread.java:744)
[2014-02-18 16:12:07,683][TRACE][action.search.type       ] [node_2] [idx][1], node[tbUF3y2YTPm1TPdTF8YBYw], [R], s[STARTED]: Failed to execute [org.elasticsearch.action.search.SearchRequest@3de8b640] lastShard [true]
org.elasticsearch.transport.RemoteTransportException: [node_0][inet[/10.1.10.75:9300]][search/phase/dfs]
Caused by: org.elasticsearch.search.aggregations.AggregationExecutionException: terms aggregation [terms] is configured to order by sub-aggregation [filter] which is is not a metrics aggregation. Terms aggregation order can only refer to metrics aggregations
	at org.elasticsearch.search.aggregations.bucket.terms.InternalOrder.validate(InternalOrder.java:136)
	at org.elasticsearch.search.aggregations.bucket.terms.DoubleTermsAggregator.<init>(DoubleTermsAggregator.java:52)
	at org.elasticsearch.search.aggregations.bucket.terms.TermsAggregatorFactory.create(TermsAggregatorFactory.java:127)
	at org.elasticsearch.search.aggregations.support.ValueSourceAggregatorFactory.create(ValueSourceAggregatorFactory.java:58)
	at org.elasticsearch.search.aggregations.AggregatorFactories.createTopLevelAggregators(AggregatorFactories.java:123)
	at org.elasticsearch.search.aggregations.AggregationPhase.preProcess(AggregationPhase.java:79)
	at org.elasticsearch.search.query.QueryPhase.preProcess(QueryPhase.java:91)
	at org.elasticsearch.search.SearchService.createContext(SearchService.java:502)
	at org.elasticsearch.search.SearchService.createContext(SearchService.java:474)
	at org.elasticsearch.search.SearchService.createAndPutContext(SearchService.java:467)
	at org.elasticsearch.search.SearchService.executeDfsPhase(SearchService.java:173)
	at org.elasticsearch.search.action.SearchServiceTransportAction$SearchDfsTransportHandler.messageReceived(SearchServiceTransportAction.java:602)
	at org.elasticsearch.search.action.SearchServiceTransportAction$SearchDfsTransportHandler.messageReceived(SearchServiceTransportAction.java:591)
	at org.elasticsearch.transport.netty.MessageChannelHandler$RequestHandler.run(MessageChannelHandler.java:270)
	at java.util.concurrent.ThreadPoolExecutor.runWorker(ThreadPoolExecutor.java:1145)
	at java.util.concurrent.ThreadPoolExecutor$Worker.run(ThreadPoolExecutor.java:615)
	at java.lang.Thread.run(Thread.java:744)
[2014-02-18 16:12:07,692][DEBUG][action.search.type       ] [node_2] [idx][0], node[t8Mqv-hjRzqYCBodDxtrKQ], [P], s[STARTED]: Failed to execute [org.elasticsearch.action.search.SearchRequest@3de8b640]
org.elasticsearch.transport.RemoteTransportException: [node_1][inet[/10.1.10.75:9301]][search/phase/dfs]
Caused by: org.elasticsearch.search.aggregations.AggregationExecutionException: terms aggregation [terms] is configured to order by sub-aggregation [filter] which is is not a metrics aggregation. Terms aggregation order can only refer to metrics aggregations
	at org.elasticsearch.search.aggregations.bucket.terms.InternalOrder.validate(InternalOrder.java:136)
	at org.elasticsearch.search.aggregations.bucket.terms.DoubleTermsAggregator.<init>(DoubleTermsAggregator.java:52)
	at org.elasticsearch.search.aggregations.bucket.terms.TermsAggregatorFactory.create(TermsAggregatorFactory.java:127)
	at org.elasticsearch.search.aggregations.support.ValueSourceAggregatorFactory.create(ValueSourceAggregatorFactory.java:58)
	at org.elasticsearch.search.aggregations.AggregatorFactories.createTopLevelAggregators(AggregatorFactories.java:123)
	at org.elasticsearch.search.aggregations.AggregationPhase.preProcess(AggregationPhase.java:79)
	at org.elasticsearch.search.query.QueryPhase.preProcess(QueryPhase.java:91)
	at org.elasticsearch.search.SearchService.createContext(SearchService.java:502)
	at org.elasticsearch.search.SearchService.createContext(SearchService.java:474)
	at org.elasticsearch.search.SearchService.createAndPutContext(SearchService.java:467)
	at org.elasticsearch.search.SearchService.executeDfsPhase(SearchService.java:173)
	at org.elasticsearch.search.action.SearchServiceTransportAction$SearchDfsTransportHandler.messageReceived(SearchServiceTransportAction.java:602)
	at org.elasticsearch.search.action.SearchServiceTransportAction$SearchDfsTransportHandler.messageReceived(SearchServiceTransportAction.java:591)
	at org.elasticsearch.transport.netty.MessageChannelHandler$RequestHandler.run(MessageChannelHandler.java:270)
	at java.util.concurrent.ThreadPoolExecutor.runWorker(ThreadPoolExecutor.java:1145)
	at java.util.concurrent.ThreadPoolExecutor$Worker.run(ThreadPoolExecutor.java:615)
	at java.lang.Thread.run(Thread.java:744)
[2014-02-18 16:12:07,693][DEBUG][action.search.type       ] [node_2] All shards failed for phase: [dfs]
[2014-02-18 16:12:07,697][INFO ][search.aggregations.bucket] [DoubleTermsTests#singleValuedField_OrderedByNonMetricsSubAggregation]: cleaning up after test
[2014-02-18 16:12:07,699][INFO ][cluster.metadata         ] [node_0] [idx_unmapped] deleting index
[2014-02-18 16:12:07,735][INFO ][cluster.metadata         ] [node_0] [idx] deleting index
[2014-02-18 16:12:07,878][INFO ][search.aggregations.bucket] [DoubleTermsTests#singleValuedField_OrderedByNonMetricsSubAggregation]: cleaned up after test
[2014-02-18 16:12:07,895][INFO ][test                     ] Test singleValuedField_OrderedByNonMetricsSubAggregation(org.elasticsearch.search.aggregations.bucket.DoubleTermsTests) finished
[2014-02-18 16:12:07,896][INFO ][test                     ] Test singleValuedField_OrderedByMissingSubAggregation(org.elasticsearch.search.aggregations.bucket.DoubleTermsTests) started
[2014-02-18 16:12:07,905][INFO ][search.aggregations.bucket] [DoubleTermsTests#singleValuedField_OrderedByMissingSubAggregation]: before test
[2014-02-18 16:12:07,926][INFO ][cluster.metadata         ] [node_0] [idx] creating index, cause [api], shards [2]/[0], mappings []
[2014-02-18 16:12:08,084][INFO ][plugins                  ] [transport_client_node_0] loaded [], sites []
[2014-02-18 16:12:08,155][INFO ][search.aggregations.bucket] Index [5] docs async: [true] bulk: [false]
[2014-02-18 16:12:08,182][INFO ][cluster.metadata         ] [node_0] [idx] update_mapping [type] (dynamic)
[2014-02-18 16:12:08,188][INFO ][search.aggregations.bucket] Index [100] docs async: [true] bulk: [false]
[2014-02-18 16:12:08,254][INFO ][cluster.metadata         ] [node_0] [idx] update_mapping [high_card_type] (dynamic)
[2014-02-18 16:12:08,525][INFO ][cluster.metadata         ] [node_0] [idx_unmapped] creating index, cause [api], shards [5]/[0], mappings []
[2014-02-18 16:12:08,610][TRACE][action.search.type       ] [node_2] [idx][1], node[q75XUfcITqG3o93Z8EOFnw], [P], s[STARTED]: Failed to execute [org.elasticsearch.action.search.SearchRequest@7c2e5120] lastShard [true]
org.elasticsearch.search.aggregations.AggregationExecutionException: terms aggregation [terms] is configured with a sub-aggregation order [avg_i] but no sub aggregation with this name is configured
	at org.elasticsearch.search.aggregations.bucket.terms.InternalOrder.validate(InternalOrder.java:159)
	at org.elasticsearch.search.aggregations.bucket.terms.DoubleTermsAggregator.<init>(DoubleTermsAggregator.java:52)
	at org.elasticsearch.search.aggregations.bucket.terms.TermsAggregatorFactory.create(TermsAggregatorFactory.java:127)
	at org.elasticsearch.search.aggregations.support.ValueSourceAggregatorFactory.create(ValueSourceAggregatorFactory.java:58)
	at org.elasticsearch.search.aggregations.AggregatorFactories.createTopLevelAggregators(AggregatorFactories.java:123)
	at org.elasticsearch.search.aggregations.AggregationPhase.preProcess(AggregationPhase.java:79)
	at org.elasticsearch.search.query.QueryPhase.preProcess(QueryPhase.java:91)
	at org.elasticsearch.search.SearchService.createContext(SearchService.java:502)
	at org.elasticsearch.search.SearchService.createContext(SearchService.java:474)
	at org.elasticsearch.search.SearchService.createAndPutContext(SearchService.java:467)
	at org.elasticsearch.search.SearchService.executeDfsPhase(SearchService.java:173)
	at org.elasticsearch.search.action.SearchServiceTransportAction.sendExecuteDfs(SearchServiceTransportAction.java:168)
	at org.elasticsearch.action.search.type.TransportSearchDfsQueryThenFetchAction$AsyncAction.sendExecuteFirstPhase(TransportSearchDfsQueryThenFetchAction.java:85)
	at org.elasticsearch.action.search.type.TransportSearchTypeAction$BaseAsyncAction.performFirstPhase(TransportSearchTypeAction.java:216)
	at org.elasticsearch.action.search.type.TransportSearchTypeAction$BaseAsyncAction.performFirstPhase(TransportSearchTypeAction.java:203)
	at org.elasticsearch.action.search.type.TransportSearchTypeAction$BaseAsyncAction$2.run(TransportSearchTypeAction.java:186)
	at java.util.concurrent.ThreadPoolExecutor.runWorker(ThreadPoolExecutor.java:1145)
	at java.util.concurrent.ThreadPoolExecutor$Worker.run(ThreadPoolExecutor.java:615)
	at java.lang.Thread.run(Thread.java:744)
[2014-02-18 16:12:08,613][DEBUG][action.search.type       ] [node_2] [idx][0], node[t8Mqv-hjRzqYCBodDxtrKQ], [P], s[STARTED]: Failed to execute [org.elasticsearch.action.search.SearchRequest@7c2e5120]
org.elasticsearch.transport.RemoteTransportException: [node_1][inet[/10.1.10.75:9301]][search/phase/dfs]
Caused by: org.elasticsearch.search.aggregations.AggregationExecutionException: terms aggregation [terms] is configured with a sub-aggregation order [avg_i] but no sub aggregation with this name is configured
	at org.elasticsearch.search.aggregations.bucket.terms.InternalOrder.validate(InternalOrder.java:159)
	at org.elasticsearch.search.aggregations.bucket.terms.DoubleTermsAggregator.<init>(DoubleTermsAggregator.java:52)
	at org.elasticsearch.search.aggregations.bucket.terms.TermsAggregatorFactory.create(TermsAggregatorFactory.java:127)
	at org.elasticsearch.search.aggregations.support.ValueSourceAggregatorFactory.create(ValueSourceAggregatorFactory.java:58)
	at org.elasticsearch.search.aggregations.AggregatorFactories.createTopLevelAggregators(AggregatorFactories.java:123)
	at org.elasticsearch.search.aggregations.AggregationPhase.preProcess(AggregationPhase.java:79)
	at org.elasticsearch.search.query.QueryPhase.preProcess(QueryPhase.java:91)
	at org.elasticsearch.search.SearchService.createContext(SearchService.java:502)
	at org.elasticsearch.search.SearchService.createContext(SearchService.java:474)
	at org.elasticsearch.search.SearchService.createAndPutContext(SearchService.java:467)
	at org.elasticsearch.search.SearchService.executeDfsPhase(SearchService.java:173)
	at org.elasticsearch.search.action.SearchServiceTransportAction$SearchDfsTransportHandler.messageReceived(SearchServiceTransportAction.java:602)
	at org.elasticsearch.search.action.SearchServiceTransportAction$SearchDfsTransportHandler.messageReceived(SearchServiceTransportAction.java:591)
	at org.elasticsearch.transport.netty.MessageChannelHandler$RequestHandler.run(MessageChannelHandler.java:270)
	at java.util.concurrent.ThreadPoolExecutor.runWorker(ThreadPoolExecutor.java:1145)
	at java.util.concurrent.ThreadPoolExecutor$Worker.run(ThreadPoolExecutor.java:615)
	at java.lang.Thread.run(Thread.java:744)
[2014-02-18 16:12:08,614][DEBUG][action.search.type       ] [node_2] All shards failed for phase: [dfs]
[2014-02-18 16:12:08,614][INFO ][search.aggregations.bucket] [DoubleTermsTests#singleValuedField_OrderedByMissingSubAggregation]: cleaning up after test
[2014-02-18 16:12:08,615][INFO ][cluster.metadata         ] [node_0] [idx_unmapped] deleting index
[2014-02-18 16:12:08,631][INFO ][cluster.metadata         ] [node_0] [idx] deleting index
[2014-02-18 16:12:08,647][INFO ][search.aggregations.bucket] [DoubleTermsTests#singleValuedField_OrderedByMissingSubAggregation]: cleaned up after test
[2014-02-18 16:12:08,651][INFO ][test                     ] Test singleValuedField_OrderedByMissingSubAggregation(org.elasticsearch.search.aggregations.bucket.DoubleTermsTests) finished
[2014-02-18 16:12:08,652][INFO ][test                     ] Test singleValuedField_OrderedByMultiValueExtendedStatsAsc(org.elasticsearch.search.aggregations.bucket.DoubleTermsTests) started
[2014-02-18 16:12:08,662][INFO ][plugins                  ] [transport_client_node_1] loaded [], sites []
[2014-02-18 16:12:08,688][INFO ][search.aggregations.bucket] [DoubleTermsTests#singleValuedField_OrderedByMultiValueExtendedStatsAsc]: before test
[2014-02-18 16:12:08,690][INFO ][plugins                  ] [transport_client_node_0] loaded [], sites []
[2014-02-18 16:12:08,719][INFO ][cluster.metadata         ] [node_0] [idx] creating index, cause [api], shards [5]/[1], mappings []
[2014-02-18 16:12:08,824][INFO ][search.aggregations.bucket] Index [5] docs async: [true] bulk: [false]
[2014-02-18 16:12:08,888][INFO ][cluster.metadata         ] [node_0] [idx] update_mapping [type] (dynamic)
[2014-02-18 16:12:08,896][INFO ][search.aggregations.bucket] Index [100] docs async: [true] bulk: [false]
[2014-02-18 16:12:08,960][INFO ][cluster.metadata         ] [node_0] [idx] update_mapping [high_card_type] (dynamic)
[2014-02-18 16:12:10,173][INFO ][cluster.metadata         ] [node_0] [idx_unmapped] creating index, cause [api], shards [2]/[0], mappings []
[2014-02-18 16:12:10,416][TRACE][action.search.type       ] [node_1] Moving to second phase, based on results from: [tbUF3y2YTPm1TPdTF8YBYw][idx][4],[t8Mqv-hjRzqYCBodDxtrKQ][idx][3],[t8Mqv-hjRzqYCBodDxtrKQ][idx][2],[tbUF3y2YTPm1TPdTF8YBYw][idx][1],[t8Mqv-hjRzqYCBodDxtrKQ][idx][0] (cluster state version: 11078)
[2014-02-18 16:12:10,419][INFO ][search.aggregations.bucket] [DoubleTermsTests#singleValuedField_OrderedByMultiValueExtendedStatsAsc]: cleaning up after test
[2014-02-18 16:12:10,420][INFO ][cluster.metadata         ] [node_0] [idx_unmapped] deleting index
[2014-02-18 16:12:10,427][INFO ][cluster.metadata         ] [node_0] [idx] deleting index
[2014-02-18 16:12:10,477][INFO ][search.aggregations.bucket] [DoubleTermsTests#singleValuedField_OrderedByMultiValueExtendedStatsAsc]: cleaned up after test
[2014-02-18 16:12:10,485][INFO ][test                     ] Test singleValuedField_OrderedByMultiValueExtendedStatsAsc(org.elasticsearch.search.aggregations.bucket.DoubleTermsTests) finished
[2014-02-18 16:12:10,485][INFO ][test                     ] Test singleValueField(org.elasticsearch.search.aggregations.bucket.DoubleTermsTests) started
[2014-02-18 16:12:10,497][INFO ][plugins                  ] [transport_client_node_2] loaded [], sites []
[2014-02-18 16:12:10,535][INFO ][search.aggregations.bucket] [DoubleTermsTests#singleValueField]: before test
[2014-02-18 16:12:10,546][INFO ][cluster.metadata         ] [node_0] [idx] creating index, cause [api], shards [5]/[0], mappings []
[2014-02-18 16:12:10,627][INFO ][search.aggregations.bucket] Index [5] docs async: [true] bulk: [false]
[2014-02-18 16:12:10,630][INFO ][cluster.metadata         ] [node_0] [idx] update_mapping [type] (dynamic)
[2014-02-18 16:12:10,666][INFO ][search.aggregations.bucket] Index [100] docs async: [true] bulk: [false]
[2014-02-18 16:12:10,671][INFO ][cluster.metadata         ] [node_0] [idx] update_mapping [high_card_type] (dynamic)
[2014-02-18 16:12:11,206][INFO ][cluster.metadata         ] [node_0] [idx_unmapped] creating index, cause [api], shards [5]/[0], mappings []
[2014-02-18 16:12:11,290][TRACE][action.search.type       ] [node_0] Moving to second phase, based on results from: [q75XUfcITqG3o93Z8EOFnw][idx][4],[t8Mqv-hjRzqYCBodDxtrKQ][idx][3],[tbUF3y2YTPm1TPdTF8YBYw][idx][2],[q75XUfcITqG3o93Z8EOFnw][idx][1],[t8Mqv-hjRzqYCBodDxtrKQ][idx][0] (cluster state version: 11088)
[2014-02-18 16:12:11,293][INFO ][search.aggregations.bucket] [DoubleTermsTests#singleValueField]: cleaning up after test
[2014-02-18 16:12:11,294][INFO ][cluster.metadata         ] [node_0] [idx_unmapped] deleting index
[2014-02-18 16:12:11,317][INFO ][cluster.metadata         ] [node_0] [idx] deleting index
[2014-02-18 16:12:11,351][INFO ][search.aggregations.bucket] [DoubleTermsTests#singleValueField]: cleaned up after test
[2014-02-18 16:12:11,356][INFO ][test                     ] Test singleValueField(org.elasticsearch.search.aggregations.bucket.DoubleTermsTests) finished
[2014-02-18 16:12:11,357][INFO ][test                     ] Test multiValuedField_WithValueScript(org.elasticsearch.search.aggregations.bucket.DoubleTermsTests) started
[2014-02-18 16:12:11,363][INFO ][search.aggregations.bucket] [DoubleTermsTests#multiValuedField_WithValueScript]: before test
[2014-02-18 16:12:11,374][INFO ][cluster.metadata         ] [node_0] [idx] creating index, cause [api], shards [5]/[0], mappings []
[2014-02-18 16:12:11,437][INFO ][plugins                  ] [transport_client_node_2] loaded [], sites []
[2014-02-18 16:12:11,462][INFO ][search.aggregations.bucket] Index [5] docs async: [true] bulk: [false]
[2014-02-18 16:12:11,466][INFO ][cluster.metadata         ] [node_0] [idx] update_mapping [type] (dynamic)
[2014-02-18 16:12:11,534][INFO ][search.aggregations.bucket] Index [100] docs async: [true] bulk: [false]
[2014-02-18 16:12:11,540][INFO ][cluster.metadata         ] [node_0] [idx] update_mapping [high_card_type] (dynamic)
[2014-02-18 16:12:12,080][INFO ][cluster.metadata         ] [node_0] [idx_unmapped] creating index, cause [api], shards [5]/[1], mappings []
[2014-02-18 16:12:12,212][TRACE][action.search.type       ] [node_2] Moving to second phase, based on results from: [q75XUfcITqG3o93Z8EOFnw][idx][4],[t8Mqv-hjRzqYCBodDxtrKQ][idx][3],[tbUF3y2YTPm1TPdTF8YBYw][idx][2],[q75XUfcITqG3o93Z8EOFnw][idx][1],[t8Mqv-hjRzqYCBodDxtrKQ][idx][0] (cluster state version: 11100)
[2014-02-18 16:12:12,214][INFO ][search.aggregations.bucket] [DoubleTermsTests#multiValuedField_WithValueScript]: cleaning up after test
[2014-02-18 16:12:12,216][INFO ][cluster.metadata         ] [node_0] [idx_unmapped] deleting index
[2014-02-18 16:12:12,247][INFO ][cluster.metadata         ] [node_0] [idx] deleting index
[2014-02-18 16:12:12,295][INFO ][search.aggregations.bucket] [DoubleTermsTests#multiValuedField_WithValueScript]: cleaned up after test
[2014-02-18 16:12:12,299][INFO ][test                     ] Test multiValuedField_WithValueScript(org.elasticsearch.search.aggregations.bucket.DoubleTermsTests) finished
[2014-02-18 16:12:12,300][INFO ][test                     ] Test script_SingleValue(org.elasticsearch.search.aggregations.bucket.DoubleTermsTests) started
[2014-02-18 16:12:12,311][INFO ][plugins                  ] [transport_client_node_0] loaded [], sites []
[2014-02-18 16:12:12,425][INFO ][plugins                  ] [transport_client_node_1] loaded [], sites []
[2014-02-18 16:12:12,487][INFO ][plugins                  ] [transport_client_node_2] loaded [], sites []
[2014-02-18 16:12:12,556][INFO ][search.aggregations.bucket] [DoubleTermsTests#script_SingleValue]: before test
[2014-02-18 16:12:12,586][INFO ][cluster.metadata         ] [node_0] [idx] creating index, cause [api], shards [1]/[0], mappings []
[2014-02-18 16:12:12,624][INFO ][search.aggregations.bucket] Index [5] docs async: [true] bulk: [false]
[2014-02-18 16:12:12,645][INFO ][cluster.metadata         ] [node_0] [idx] update_mapping [type] (dynamic)
[2014-02-18 16:12:12,683][INFO ][search.aggregations.bucket] Index [100] docs async: [true] bulk: [false]
[2014-02-18 16:12:12,716][INFO ][cluster.metadata         ] [node_0] [idx] update_mapping [high_card_type] (dynamic)
[2014-02-18 16:12:12,819][INFO ][cluster.metadata         ] [node_0] [idx_unmapped] creating index, cause [api], shards [5]/[1], mappings []
[2014-02-18 16:12:13,352][TRACE][action.search.type       ] [node_1] Moving to second phase, based on results from: [t8Mqv-hjRzqYCBodDxtrKQ][idx][0] (cluster state version: 11114)
[2014-02-18 16:12:13,355][INFO ][search.aggregations.bucket] [DoubleTermsTests#script_SingleValue]: cleaning up after test
[2014-02-18 16:12:13,358][INFO ][cluster.metadata         ] [node_0] [idx_unmapped] deleting index
[2014-02-18 16:12:13,429][INFO ][cluster.metadata         ] [node_0] [idx] deleting index
[2014-02-18 16:12:13,455][INFO ][search.aggregations.bucket] [DoubleTermsTests#script_SingleValue]: cleaned up after test
[2014-02-18 16:12:13,474][INFO ][test                     ] Test script_SingleValue(org.elasticsearch.search.aggregations.bucket.DoubleTermsTests) finished
[2014-02-18 16:12:13,475][INFO ][test                     ] Test partiallyUnmapped(org.elasticsearch.search.aggregations.bucket.DoubleTermsTests) started
[2014-02-18 16:12:13,487][INFO ][plugins                  ] [transport_client_node_0] loaded [], sites []
[2014-02-18 16:12:13,535][INFO ][plugins                  ] [transport_client_node_1] loaded [], sites []
[2014-02-18 16:12:13,563][INFO ][search.aggregations.bucket] [DoubleTermsTests#partiallyUnmapped]: before test
[2014-02-18 16:12:13,577][INFO ][cluster.metadata         ] [node_0] [idx] creating index, cause [api], shards [1]/[1], mappings []
[2014-02-18 16:12:13,606][INFO ][plugins                  ] [transport_client_node_2] loaded [], sites []
[2014-02-18 16:12:13,638][INFO ][search.aggregations.bucket] Index [5] docs async: [true] bulk: [false]
[2014-02-18 16:12:13,646][INFO ][search.aggregations.bucket] Index [100] docs async: [true] bulk: [false]
[2014-02-18 16:12:13,661][INFO ][cluster.metadata         ] [node_0] [idx] update_mapping [type] (dynamic)
[2014-02-18 16:12:13,685][INFO ][cluster.metadata         ] [node_0] [idx] update_mapping [high_card_type] (dynamic)
[2014-02-18 16:12:13,865][INFO ][cluster.metadata         ] [node_0] [idx_unmapped] creating index, cause [api], shards [1]/[1], mappings []
[2014-02-18 16:12:14,107][TRACE][action.search.type       ] [node_0] Moving to second phase, based on results from: [q75XUfcITqG3o93Z8EOFnw][idx][0],[q75XUfcITqG3o93Z8EOFnw][idx_unmapped][0] (cluster state version: 11126)
[2014-02-18 16:12:14,109][INFO ][search.aggregations.bucket] [DoubleTermsTests#partiallyUnmapped]: cleaning up after test
[2014-02-18 16:12:14,111][INFO ][cluster.metadata         ] [node_0] [idx_unmapped] deleting index
[2014-02-18 16:12:14,123][INFO ][cluster.metadata         ] [node_0] [idx] deleting index
[2014-02-18 16:12:14,152][INFO ][search.aggregations.bucket] [DoubleTermsTests#partiallyUnmapped]: cleaned up after test
[2014-02-18 16:12:14,174][INFO ][test                     ] Test partiallyUnmapped(org.elasticsearch.search.aggregations.bucket.DoubleTermsTests) finished
[2014-02-18 16:12:14,175][INFO ][test                     ] Test unmapped(org.elasticsearch.search.aggregations.bucket.DoubleTermsTests) started
[2014-02-18 16:12:14,188][INFO ][plugins                  ] [transport_client_node_1] loaded [], sites []
[2014-02-18 16:12:14,242][INFO ][plugins                  ] [transport_client_node_2] loaded [], sites []
[2014-02-18 16:12:14,320][INFO ][search.aggregations.bucket] [DoubleTermsTests#unmapped]: before test
[2014-02-18 16:12:14,325][INFO ][plugins                  ] [transport_client_node_0] loaded [], sites []
[2014-02-18 16:12:14,411][INFO ][cluster.metadata         ] [node_0] [idx] creating index, cause [api], shards [5]/[1], mappings []
[2014-02-18 16:12:14,561][INFO ][search.aggregations.bucket] Index [5] docs async: [true] bulk: [false]
[2014-02-18 16:12:14,727][INFO ][cluster.metadata         ] [node_0] [idx] update_mapping [type] (dynamic)
[2014-02-18 16:12:14,741][INFO ][search.aggregations.bucket] Index [100] docs async: [false] bulk: [true]
[2014-02-18 16:12:14,768][INFO ][cluster.metadata         ] [node_0] [idx] update_mapping [high_card_type] (dynamic)
[2014-02-18 16:12:15,597][INFO ][cluster.metadata         ] [node_0] [idx_unmapped] creating index, cause [api], shards [1]/[0], mappings []
[2014-02-18 16:12:15,632][TRACE][action.search.type       ] [node_1] Moving to second phase, based on results from: [tbUF3y2YTPm1TPdTF8YBYw][idx_unmapped][0] (cluster state version: 11142)
[2014-02-18 16:12:15,635][INFO ][search.aggregations.bucket] [DoubleTermsTests#unmapped]: cleaning up after test
[2014-02-18 16:12:15,638][INFO ][cluster.metadata         ] [node_0] [idx_unmapped] deleting index
[2014-02-18 16:12:15,647][INFO ][cluster.metadata         ] [node_0] [idx] deleting index
[2014-02-18 16:12:15,725][INFO ][search.aggregations.bucket] [DoubleTermsTests#unmapped]: cleaned up after test
[2014-02-18 16:12:15,763][INFO ][test                     ] Test unmapped(org.elasticsearch.search.aggregations.bucket.DoubleTermsTests) finished
[2014-02-18 16:12:15,764][INFO ][test                     ] Test singleValuedField_WithSubAggregation(org.elasticsearch.search.aggregations.bucket.DoubleTermsTests) started
[2014-02-18 16:12:15,784][INFO ][plugins                  ] [transport_client_node_1] loaded [], sites []
[2014-02-18 16:12:15,846][INFO ][plugins                  ] [transport_client_node_2] loaded [], sites []
[2014-02-18 16:12:15,928][INFO ][search.aggregations.bucket] [DoubleTermsTests#singleValuedField_WithSubAggregation]: before test
[2014-02-18 16:12:15,955][INFO ][cluster.metadata         ] [node_0] [idx] creating index, cause [api], shards [4]/[1], mappings []
[2014-02-18 16:12:16,095][INFO ][search.aggregations.bucket] Index [5] docs async: [true] bulk: [false]
[2014-02-18 16:12:16,137][INFO ][cluster.metadata         ] [node_0] [idx] update_mapping [type] (dynamic)
[2014-02-18 16:12:16,222][INFO ][search.aggregations.bucket] Index [100] docs async: [true] bulk: [false]
[2014-02-18 16:12:16,256][INFO ][cluster.metadata         ] [node_0] [idx] update_mapping [high_card_type] (dynamic)
[2014-02-18 16:12:17,292][INFO ][cluster.metadata         ] [node_0] [idx_unmapped] creating index, cause [api], shards [1]/[0], mappings []
[2014-02-18 16:12:17,322][TRACE][action.search.type       ] [node_2] Moving to second phase, based on results from: [q75XUfcITqG3o93Z8EOFnw][idx][0],[t8Mqv-hjRzqYCBodDxtrKQ][idx][3],[tbUF3y2YTPm1TPdTF8YBYw][idx][2],[tbUF3y2YTPm1TPdTF8YBYw][idx][1] (cluster state version: 11156)
[2014-02-18 16:12:17,324][INFO ][search.aggregations.bucket] [DoubleTermsTests#singleValuedField_WithSubAggregation]: cleaning up after test
[2014-02-18 16:12:17,326][INFO ][cluster.metadata         ] [node_0] [idx_unmapped] deleting index
[2014-02-18 16:12:17,333][INFO ][cluster.metadata         ] [node_0] [idx] deleting index
[2014-02-18 16:12:17,414][INFO ][search.aggregations.bucket] [DoubleTermsTests#singleValuedField_WithSubAggregation]: cleaned up after test
[2014-02-18 16:12:17,420][INFO ][test                     ] Test singleValuedField_WithSubAggregation(org.elasticsearch.search.aggregations.bucket.DoubleTermsTests) finished
[2014-02-18 16:12:17,420][INFO ][test                     ] Test singleValuedField_WithSubAggregation_Inherited(org.elasticsearch.search.aggregations.bucket.DoubleTermsTests) started
[2014-02-18 16:12:17,427][INFO ][plugins                  ] [transport_client_node_2] loaded [], sites []
[2014-02-18 16:12:17,453][INFO ][plugins                  ] [transport_client_node_1] loaded [], sites []
[2014-02-18 16:12:17,484][INFO ][search.aggregations.bucket] [DoubleTermsTests#singleValuedField_WithSubAggregation_Inherited]: before test
[2014-02-18 16:12:17,502][INFO ][cluster.metadata         ] [node_0] [idx] creating index, cause [api], shards [4]/[1], mappings []
[2014-02-18 16:12:17,558][INFO ][plugins                  ] [transport_client_node_0] loaded [], sites []
[2014-02-18 16:12:17,608][INFO ][search.aggregations.bucket] Index [5] docs async: [true] bulk: [false]
[2014-02-18 16:12:17,640][INFO ][cluster.metadata         ] [node_0] [idx] update_mapping [type] (dynamic)
[2014-02-18 16:12:17,650][INFO ][search.aggregations.bucket] Index [100] docs async: [false] bulk: [false]
[2014-02-18 16:12:17,653][INFO ][cluster.metadata         ] [node_0] [idx] update_mapping [high_card_type] (dynamic)
[2014-02-18 16:12:18,239][INFO ][cluster.metadata         ] [node_0] [idx_unmapped] creating index, cause [api], shards [4]/[0], mappings []
[2014-02-18 16:12:18,305][TRACE][action.search.type       ] [node_0] Moving to second phase, based on results from: [t8Mqv-hjRzqYCBodDxtrKQ][idx][0],[tbUF3y2YTPm1TPdTF8YBYw][idx][3],[q75XUfcITqG3o93Z8EOFnw][idx][2],[q75XUfcITqG3o93Z8EOFnw][idx][1] (cluster state version: 11169)
[2014-02-18 16:12:18,306][INFO ][search.aggregations.bucket] [DoubleTermsTests#singleValuedField_WithSubAggregation_Inherited]: cleaning up after test
[2014-02-18 16:12:18,308][INFO ][cluster.metadata         ] [node_0] [idx_unmapped] deleting index
[2014-02-18 16:12:18,325][INFO ][cluster.metadata         ] [node_0] [idx] deleting index
[2014-02-18 16:12:18,398][INFO ][search.aggregations.bucket] [DoubleTermsTests#singleValuedField_WithSubAggregation_Inherited]: cleaned up after test
[2014-02-18 16:12:18,409][INFO ][test                     ] Test singleValuedField_WithSubAggregation_Inherited(org.elasticsearch.search.aggregations.bucket.DoubleTermsTests) finished
[2014-02-18 16:12:18,409][INFO ][test                     ] Test script_Score(org.elasticsearch.search.aggregations.bucket.DoubleTermsTests) started
[2014-02-18 16:12:18,416][INFO ][search.aggregations.bucket] [DoubleTermsTests#script_Score]: before test
[2014-02-18 16:12:18,431][INFO ][cluster.metadata         ] [node_0] [idx] creating index, cause [api], shards [2]/[0], mappings []
[2014-02-18 16:12:18,473][INFO ][search.aggregations.bucket] Index [5] docs async: [true] bulk: [false]
[2014-02-18 16:12:18,488][INFO ][search.aggregations.bucket] Index [100] docs async: [true] bulk: [false]
[2014-02-18 16:12:18,519][INFO ][cluster.metadata         ] [node_0] [idx] update_mapping [type] (dynamic)
[2014-02-18 16:12:18,539][INFO ][cluster.metadata         ] [node_0] [idx] update_mapping [high_card_type] (dynamic)
[2014-02-18 16:12:18,711][INFO ][cluster.metadata         ] [node_0] [idx_unmapped] creating index, cause [api], shards [2]/[0], mappings []
[2014-02-18 16:12:18,784][TRACE][action.search.type       ] [node_2] Moving to second phase, based on results from: [t8Mqv-hjRzqYCBodDxtrKQ][idx][0],[q75XUfcITqG3o93Z8EOFnw][idx][1] (cluster state version: 11179)
[2014-02-18 16:12:18,791][INFO ][search.aggregations.bucket] [DoubleTermsTests#script_Score]: cleaning up after test
[2014-02-18 16:12:18,792][INFO ][cluster.metadata         ] [node_0] [idx_unmapped] deleting index
[2014-02-18 16:12:18,804][INFO ][cluster.metadata         ] [node_0] [idx] deleting index
[2014-02-18 16:12:18,829][INFO ][search.aggregations.bucket] [DoubleTermsTests#script_Score]: cleaned up after test
[2014-02-18 16:12:18,830][INFO ][test                     ] Test script_Score(org.elasticsearch.search.aggregations.bucket.DoubleTermsTests) finished
[2014-02-18 16:12:18,831][INFO ][test                     ] Test script_MultiValued(org.elasticsearch.search.aggregations.bucket.DoubleTermsTests) started
[2014-02-18 16:12:18,836][INFO ][search.aggregations.bucket] [DoubleTermsTests#script_MultiValued]: before test
[2014-02-18 16:12:18,850][INFO ][cluster.metadata         ] [node_0] [idx] creating index, cause [api], shards [1]/[1], mappings []
[2014-02-18 16:12:18,886][INFO ][search.aggregations.bucket] Index [5] docs async: [true] bulk: [false]
[2014-02-18 16:12:18,930][INFO ][cluster.metadata         ] [node_0] [idx] update_mapping [type] (dynamic)
[2014-02-18 16:12:18,963][INFO ][search.aggregations.bucket] Index [100] docs async: [false] bulk: [false]
[2014-02-18 16:12:18,994][INFO ][cluster.metadata         ] [node_0] [idx] update_mapping [high_card_type] (dynamic)
[2014-02-18 16:12:19,259][INFO ][cluster.metadata         ] [node_0] [idx_unmapped] creating index, cause [api], shards [2]/[0], mappings []
[2014-02-18 16:12:19,309][TRACE][action.search.type       ] [node_2] Moving to second phase, based on results from: [t8Mqv-hjRzqYCBodDxtrKQ][idx][0] (cluster state version: 11190)
[2014-02-18 16:12:19,310][INFO ][search.aggregations.bucket] [DoubleTermsTests#script_MultiValued]: cleaning up after test
[2014-02-18 16:12:19,311][INFO ][cluster.metadata         ] [node_0] [idx_unmapped] deleting index
[2014-02-18 16:12:19,331][INFO ][cluster.metadata         ] [node_0] [idx] deleting index
[2014-02-18 16:12:19,378][INFO ][search.aggregations.bucket] [DoubleTermsTests#script_MultiValued]: cleaned up after test
[2014-02-18 16:12:19,378][INFO ][test                     ] Test script_MultiValued(org.elasticsearch.search.aggregations.bucket.DoubleTermsTests) finished
[2014-02-18 16:12:19,379][INFO ][test                     ] Test multiValuedField(org.elasticsearch.search.aggregations.bucket.DoubleTermsTests) started
[2014-02-18 16:12:19,384][INFO ][search.aggregations.bucket] [DoubleTermsTests#multiValuedField]: before test
[2014-02-18 16:12:19,393][INFO ][cluster.metadata         ] [node_0] [idx] creating index, cause [api], shards [4]/[0], mappings []
[2014-02-18 16:12:19,441][INFO ][search.aggregations.bucket] Index [5] docs async: [true] bulk: [false]
[2014-02-18 16:12:19,446][INFO ][cluster.metadata         ] [node_0] [idx] update_mapping [type] (dynamic)
[2014-02-18 16:12:19,590][INFO ][search.aggregations.bucket] Index [100] docs async: [false] bulk: [true]
[2014-02-18 16:12:19,599][INFO ][cluster.metadata         ] [node_0] [idx] update_mapping [high_card_type] (dynamic)
[2014-02-18 16:12:19,704][INFO ][cluster.metadata         ] [node_0] [idx_unmapped] creating index, cause [api], shards [4]/[0], mappings []
[2014-02-18 16:12:19,770][TRACE][action.search.type       ] [node_2] Moving to second phase, based on results from: [t8Mqv-hjRzqYCBodDxtrKQ][idx][0],[t8Mqv-hjRzqYCBodDxtrKQ][idx][3],[tbUF3y2YTPm1TPdTF8YBYw][idx][2],[q75XUfcITqG3o93Z8EOFnw][idx][1] (cluster state version: 11200)
[2014-02-18 16:12:19,771][INFO ][search.aggregations.bucket] [DoubleTermsTests#multiValuedField]: cleaning up after test
[2014-02-18 16:12:19,772][INFO ][cluster.metadata         ] [node_0] [idx_unmapped] deleting index
[2014-02-18 16:12:19,806][INFO ][cluster.metadata         ] [node_0] [idx] deleting index
[2014-02-18 16:12:19,850][INFO ][search.aggregations.bucket] [DoubleTermsTests#multiValuedField]: cleaned up after test
[2014-02-18 16:12:19,851][INFO ][test                     ] Test multiValuedField(org.elasticsearch.search.aggregations.bucket.DoubleTermsTests) finished
[2014-02-18 16:12:19,851][INFO ][test                     ] Test singleValuedField_OrderedBySingleValueSubAggregationDesc(org.elasticsearch.search.aggregations.bucket.DoubleTermsTests) started
[2014-02-18 16:12:19,864][INFO ][plugins                  ] [transport_client_node_2] loaded [], sites []
[2014-02-18 16:12:19,896][INFO ][plugins                  ] [transport_client_node_1] loaded [], sites []
[2014-02-18 16:12:19,921][INFO ][search.aggregations.bucket] [DoubleTermsTests#singleValuedField_OrderedBySingleValueSubAggregationDesc]: before test
[2014-02-18 16:12:19,930][INFO ][cluster.metadata         ] [node_0] [idx] creating index, cause [api], shards [3]/[0], mappings []
[2014-02-18 16:12:19,977][INFO ][search.aggregations.bucket] Index [5] docs async: [true] bulk: [false]
[2014-02-18 16:12:19,981][INFO ][cluster.metadata         ] [node_0] [idx] update_mapping [type] (dynamic)
[2014-02-18 16:12:20,123][INFO ][search.aggregations.bucket] Index [100] docs async: [true] bulk: [false]
[2014-02-18 16:12:20,134][INFO ][cluster.metadata         ] [node_0] [idx] update_mapping [high_card_type] (dynamic)
[2014-02-18 16:12:20,969][INFO ][cluster.metadata         ] [node_0] [idx_unmapped] creating index, cause [api], shards [3]/[0], mappings []
[2014-02-18 16:12:21,017][TRACE][action.search.type       ] [node_0] Moving to second phase, based on results from: [t8Mqv-hjRzqYCBodDxtrKQ][idx][0],[tbUF3y2YTPm1TPdTF8YBYw][idx][2],[q75XUfcITqG3o93Z8EOFnw][idx][1] (cluster state version: 11210)
[2014-02-18 16:12:21,018][INFO ][search.aggregations.bucket] [DoubleTermsTests#singleValuedField_OrderedBySingleValueSubAggregationDesc]: cleaning up after test
[2014-02-18 16:12:21,021][INFO ][cluster.metadata         ] [node_0] [idx_unmapped] deleting index
[2014-02-18 16:12:21,050][INFO ][cluster.metadata         ] [node_0] [idx] deleting index
[2014-02-18 16:12:21,119][INFO ][search.aggregations.bucket] [DoubleTermsTests#singleValuedField_OrderedBySingleValueSubAggregationDesc]: cleaned up after test
[2014-02-18 16:12:21,126][INFO ][test                     ] Test singleValuedField_OrderedBySingleValueSubAggregationDesc(org.elasticsearch.search.aggregations.bucket.DoubleTermsTests) finished
[2014-02-18 16:12:21,127][INFO ][test                     ] Test singleValueField_OrderedByTermDesc(org.elasticsearch.search.aggregations.bucket.DoubleTermsTests) started
[2014-02-18 16:12:21,135][INFO ][plugins                  ] [transport_client_node_1] loaded [], sites []
[2014-02-18 16:12:21,160][INFO ][plugins                  ] [transport_client_node_0] loaded [], sites []
[2014-02-18 16:12:21,188][INFO ][search.aggregations.bucket] [DoubleTermsTests#singleValueField_OrderedByTermDesc]: before test
[2014-02-18 16:12:21,201][INFO ][cluster.metadata         ] [node_0] [idx] creating index, cause [api], shards [4]/[1], mappings []
[2014-02-18 16:12:21,246][INFO ][search.aggregations.bucket] Index [5] docs async: [true] bulk: [false]
[2014-02-18 16:12:21,357][INFO ][cluster.metadata         ] [node_0] [idx] update_mapping [type] (dynamic)
[2014-02-18 16:12:21,603][INFO ][search.aggregations.bucket] Index [100] docs async: [false] bulk: [false]
[2014-02-18 16:12:21,606][INFO ][cluster.metadata         ] [node_0] [idx] update_mapping [high_card_type] (dynamic)
[2014-02-18 16:12:21,997][INFO ][cluster.metadata         ] [node_0] [idx_unmapped] creating index, cause [api], shards [3]/[1], mappings []
[2014-02-18 16:12:22,283][TRACE][action.search.type       ] [node_0] Moving to second phase, based on results from: [q75XUfcITqG3o93Z8EOFnw][idx][0],[tbUF3y2YTPm1TPdTF8YBYw][idx][3],[tbUF3y2YTPm1TPdTF8YBYw][idx][2],[q75XUfcITqG3o93Z8EOFnw][idx][1] (cluster state version: 11228)
[2014-02-18 16:12:22,284][INFO ][search.aggregations.bucket] [DoubleTermsTests#singleValueField_OrderedByTermDesc]: cleaning up after test
[2014-02-18 16:12:22,287][INFO ][cluster.metadata         ] [node_0] [idx_unmapped] deleting index
[2014-02-18 16:12:22,306][INFO ][cluster.metadata         ] [node_0] [idx] deleting index
[2014-02-18 16:12:22,350][INFO ][search.aggregations.bucket] [DoubleTermsTests#singleValueField_OrderedByTermDesc]: cleaned up after test
[2014-02-18 16:12:22,360][INFO ][test                     ] Test singleValueField_OrderedByTermDesc(org.elasticsearch.search.aggregations.bucket.DoubleTermsTests) finished
[2014-02-18 16:12:22,361][INFO ][test                     ] Test singleValuedField_OrderedByMultiValuedSubAggregation_WithoutMetric(org.elasticsearch.search.aggregations.bucket.DoubleTermsTests) started
[2014-02-18 16:12:22,374][INFO ][plugins                  ] [transport_client_node_2] loaded [], sites []
[2014-02-18 16:12:22,417][INFO ][search.aggregations.bucket] [DoubleTermsTests#singleValuedField_OrderedByMultiValuedSubAggregation_WithoutMetric]: before test
[2014-02-18 16:12:22,419][INFO ][plugins                  ] [transport_client_node_0] loaded [], sites []
[2014-02-18 16:12:22,448][INFO ][cluster.metadata         ] [node_0] [idx] creating index, cause [api], shards [2]/[1], mappings []
[2014-02-18 16:12:22,475][INFO ][search.aggregations.bucket] Index [5] docs async: [true] bulk: [false]
[2014-02-18 16:12:22,511][INFO ][cluster.metadata         ] [node_0] [idx] update_mapping [type] (dynamic)
[2014-02-18 16:12:22,611][INFO ][search.aggregations.bucket] Index [100] docs async: [true] bulk: [false]
[2014-02-18 16:12:22,622][INFO ][cluster.metadata         ] [node_0] [idx] update_mapping [high_card_type] (dynamic)
[2014-02-18 16:12:23,047][INFO ][cluster.metadata         ] [node_0] [idx_unmapped] creating index, cause [api], shards [4]/[0], mappings []
[2014-02-18 16:12:23,125][TRACE][action.search.type       ] [node_1] [idx][1], node[q75XUfcITqG3o93Z8EOFnw], [P], s[STARTED]: Failed to execute [org.elasticsearch.action.search.SearchRequest@5a32679a] lastShard [false]
org.elasticsearch.transport.RemoteTransportException: [node_2][inet[/10.1.10.75:9302]][search/phase/query]
Caused by: org.elasticsearch.search.aggregations.AggregationExecutionException: terms aggregation [terms] is configured with a sub-aggregation order [stats] which is a multi-valued aggregation, yet no metric name was specified
	at org.elasticsearch.search.aggregations.bucket.terms.InternalOrder.validate(InternalOrder.java:143)
	at org.elasticsearch.search.aggregations.bucket.terms.DoubleTermsAggregator.<init>(DoubleTermsAggregator.java:52)
	at org.elasticsearch.search.aggregations.bucket.terms.TermsAggregatorFactory.create(TermsAggregatorFactory.java:127)
	at org.elasticsearch.search.aggregations.support.ValueSourceAggregatorFactory.create(ValueSourceAggregatorFactory.java:58)
	at org.elasticsearch.search.aggregations.AggregatorFactories.createTopLevelAggregators(AggregatorFactories.java:123)
	at org.elasticsearch.search.aggregations.AggregationPhase.preProcess(AggregationPhase.java:79)
	at org.elasticsearch.search.query.QueryPhase.preProcess(QueryPhase.java:91)
	at org.elasticsearch.search.SearchService.createContext(SearchService.java:502)
	at org.elasticsearch.search.SearchService.createContext(SearchService.java:474)
	at org.elasticsearch.search.SearchService.createAndPutContext(SearchService.java:467)
	at org.elasticsearch.search.SearchService.executeQueryPhase(SearchService.java:239)
	at org.elasticsearch.search.action.SearchServiceTransportAction$SearchQueryTransportHandler.messageReceived(SearchServiceTransportAction.java:623)
	at org.elasticsearch.search.action.SearchServiceTransportAction$SearchQueryTransportHandler.messageReceived(SearchServiceTransportAction.java:612)
	at org.elasticsearch.transport.netty.MessageChannelHandler$RequestHandler.run(MessageChannelHandler.java:270)
	at java.util.concurrent.ThreadPoolExecutor.runWorker(ThreadPoolExecutor.java:1145)
	at java.util.concurrent.ThreadPoolExecutor$Worker.run(ThreadPoolExecutor.java:615)
	at java.lang.Thread.run(Thread.java:744)
[2014-02-18 16:12:23,127][TRACE][action.search.type       ] [node_1] [idx][0], node[tbUF3y2YTPm1TPdTF8YBYw], [R], s[STARTED]: Failed to execute [org.elasticsearch.action.search.SearchRequest@5a32679a] lastShard [false]
org.elasticsearch.transport.RemoteTransportException: [node_0][inet[/10.1.10.75:9300]][search/phase/query]
Caused by: org.elasticsearch.search.aggregations.AggregationExecutionException: terms aggregation [terms] is configured with a sub-aggregation order [stats] which is a multi-valued aggregation, yet no metric name was specified
	at org.elasticsearch.search.aggregations.bucket.terms.InternalOrder.validate(InternalOrder.java:143)
	at org.elasticsearch.search.aggregations.bucket.terms.DoubleTermsAggregator.<init>(DoubleTermsAggregator.java:52)
	at org.elasticsearch.search.aggregations.bucket.terms.TermsAggregatorFactory.create(TermsAggregatorFactory.java:127)
	at org.elasticsearch.search.aggregations.support.ValueSourceAggregatorFactory.create(ValueSourceAggregatorFactory.java:58)
	at org.elasticsearch.search.aggregations.AggregatorFactories.createTopLevelAggregators(AggregatorFactories.java:123)
	at org.elasticsearch.search.aggregations.AggregationPhase.preProcess(AggregationPhase.java:79)
	at org.elasticsearch.search.query.QueryPhase.preProcess(QueryPhase.java:91)
	at org.elasticsearch.search.SearchService.createContext(SearchService.java:502)
	at org.elasticsearch.search.SearchService.createContext(SearchService.java:474)
	at org.elasticsearch.search.SearchService.createAndPutContext(SearchService.java:467)
	at org.elasticsearch.search.SearchService.executeQueryPhase(SearchService.java:239)
	at org.elasticsearch.search.action.SearchServiceTransportAction$SearchQueryTransportHandler.messageReceived(SearchServiceTransportAction.java:623)
	at org.elasticsearch.search.action.SearchServiceTransportAction$SearchQueryTransportHandler.messageReceived(SearchServiceTransportAction.java:612)
	at org.elasticsearch.transport.netty.MessageChannelHandler$RequestHandler.run(MessageChannelHandler.java:270)
	at java.util.concurrent.ThreadPoolExecutor.runWorker(ThreadPoolExecutor.java:1145)
	at java.util.concurrent.ThreadPoolExecutor$Worker.run(ThreadPoolExecutor.java:615)
	at java.lang.Thread.run(Thread.java:744)
[2014-02-18 16:12:23,129][TRACE][action.search.type       ] [node_1] [idx][1], node[tbUF3y2YTPm1TPdTF8YBYw], [R], s[STARTED]: Failed to execute [org.elasticsearch.action.search.SearchRequest@5a32679a] lastShard [true]
org.elasticsearch.transport.RemoteTransportException: [node_0][inet[/10.1.10.75:9300]][search/phase/query]
Caused by: org.elasticsearch.search.aggregations.AggregationExecutionException: terms aggregation [terms] is configured with a sub-aggregation order [stats] which is a multi-valued aggregation, yet no metric name was specified
	at org.elasticsearch.search.aggregations.bucket.terms.InternalOrder.validate(InternalOrder.java:143)
	at org.elasticsearch.search.aggregations.bucket.terms.DoubleTermsAggregator.<init>(DoubleTermsAggregator.java:52)
	at org.elasticsearch.search.aggregations.bucket.terms.TermsAggregatorFactory.create(TermsAggregatorFactory.java:127)
	at org.elasticsearch.search.aggregations.support.ValueSourceAggregatorFactory.create(ValueSourceAggregatorFactory.java:58)
	at org.elasticsearch.search.aggregations.AggregatorFactories.createTopLevelAggregators(AggregatorFactories.java:123)
	at org.elasticsearch.search.aggregations.AggregationPhase.preProcess(AggregationPhase.java:79)
	at org.elasticsearch.search.query.QueryPhase.preProcess(QueryPhase.java:91)
	at org.elasticsearch.search.SearchService.createContext(SearchService.java:502)
	at org.elasticsearch.search.SearchService.createContext(SearchService.java:474)
	at org.elasticsearch.search.SearchService.createAndPutContext(SearchService.java:467)
	at org.elasticsearch.search.SearchService.executeQueryPhase(SearchService.java:239)
	at org.elasticsearch.search.action.SearchServiceTransportAction$SearchQueryTransportHandler.messageReceived(SearchServiceTransportAction.java:623)
	at org.elasticsearch.search.action.SearchServiceTransportAction$SearchQueryTransportHandler.messageReceived(SearchServiceTransportAction.java:612)
	at org.elasticsearch.transport.netty.MessageChannelHandler$RequestHandler.run(MessageChannelHandler.java:270)
	at java.util.concurrent.ThreadPoolExecutor.runWorker(ThreadPoolExecutor.java:1145)
	at java.util.concurrent.ThreadPoolExecutor$Worker.run(ThreadPoolExecutor.java:615)
	at java.lang.Thread.run(Thread.java:744)
[2014-02-18 16:12:23,129][DEBUG][action.search.type       ] [node_1] [idx][0], node[t8Mqv-hjRzqYCBodDxtrKQ], [P], s[STARTED]: Failed to execute [org.elasticsearch.action.search.SearchRequest@5a32679a]
org.elasticsearch.search.aggregations.AggregationExecutionException: terms aggregation [terms] is configured with a sub-aggregation order [stats] which is a multi-valued aggregation, yet no metric name was specified
	at org.elasticsearch.search.aggregations.bucket.terms.InternalOrder.validate(InternalOrder.java:143)
	at org.elasticsearch.search.aggregations.bucket.terms.DoubleTermsAggregator.<init>(DoubleTermsAggregator.java:52)
	at org.elasticsearch.search.aggregations.bucket.terms.TermsAggregatorFactory.create(TermsAggregatorFactory.java:127)
	at org.elasticsearch.search.aggregations.support.ValueSourceAggregatorFactory.create(ValueSourceAggregatorFactory.java:58)
	at org.elasticsearch.search.aggregations.AggregatorFactories.createTopLevelAggregators(AggregatorFactories.java:123)
	at org.elasticsearch.search.aggregations.AggregationPhase.preProcess(AggregationPhase.java:79)
	at org.elasticsearch.search.query.QueryPhase.preProcess(QueryPhase.java:91)
	at org.elasticsearch.search.SearchService.createContext(SearchService.java:502)
	at org.elasticsearch.search.SearchService.createContext(SearchService.java:474)
	at org.elasticsearch.search.SearchService.createAndPutContext(SearchService.java:467)
	at org.elasticsearch.search.SearchService.executeQueryPhase(SearchService.java:239)
	at org.elasticsearch.search.action.SearchServiceTransportAction.sendExecuteQuery(SearchServiceTransportAction.java:202)
	at org.elasticsearch.action.search.type.TransportSearchQueryThenFetchAction$AsyncAction.sendExecuteFirstPhase(TransportSearchQueryThenFetchAction.java:80)
	at org.elasticsearch.action.search.type.TransportSearchTypeAction$BaseAsyncAction.performFirstPhase(TransportSearchTypeAction.java:216)
	at org.elasticsearch.action.search.type.TransportSearchTypeAction$BaseAsyncAction$4.run(TransportSearchTypeAction.java:292)
	at java.util.concurrent.ThreadPoolExecutor.runWorker(ThreadPoolExecutor.java:1145)
	at java.util.concurrent.ThreadPoolExecutor$Worker.run(ThreadPoolExecutor.java:615)
	at java.lang.Thread.run(Thread.java:744)
[2014-02-18 16:12:23,131][DEBUG][action.search.type       ] [node_1] All shards failed for phase: [query]
[2014-02-18 16:12:23,132][INFO ][search.aggregations.bucket] [DoubleTermsTests#singleValuedField_OrderedByMultiValuedSubAggregation_WithoutMetric]: cleaning up after test
[2014-02-18 16:12:23,133][INFO ][cluster.metadata         ] [node_0] [idx_unmapped] deleting index
[2014-02-18 16:12:23,153][INFO ][cluster.metadata         ] [node_0] [idx] deleting index
[2014-02-18 16:12:23,199][INFO ][search.aggregations.bucket] [DoubleTermsTests#singleValuedField_OrderedByMultiValuedSubAggregation_WithoutMetric]: cleaned up after test
[2014-02-18 16:12:23,206][INFO ][test                     ] Test singleValuedField_OrderedByMultiValuedSubAggregation_WithoutMetric(org.elasticsearch.search.aggregations.bucket.DoubleTermsTests) finished
[2014-02-18 16:12:23,206][INFO ][test                     ] Test singleValueField_OrderedByTermAsc(org.elasticsearch.search.aggregations.bucket.DoubleTermsTests) started
[2014-02-18 16:12:23,215][INFO ][plugins                  ] [transport_client_node_2] loaded [], sites []
[2014-02-18 16:12:23,251][INFO ][plugins                  ] [transport_client_node_0] loaded [], sites []
[2014-02-18 16:12:23,282][INFO ][search.aggregations.bucket] [DoubleTermsTests#singleValueField_OrderedByTermAsc]: before test
[2014-02-18 16:12:23,293][INFO ][cluster.metadata         ] [node_0] [idx] creating index, cause [api], shards [1]/[0], mappings []
[2014-02-18 16:12:23,315][INFO ][search.aggregations.bucket] Index [5] docs async: [true] bulk: [false]
[2014-02-18 16:12:23,330][INFO ][cluster.metadata         ] [node_0] [idx] update_mapping [type] (dynamic)
[2014-02-18 16:12:23,360][INFO ][search.aggregations.bucket] Index [100] docs async: [true] bulk: [false]
[2014-02-18 16:12:23,395][INFO ][cluster.metadata         ] [node_0] [idx] update_mapping [high_card_type] (dynamic)
[2014-02-18 16:12:23,515][INFO ][cluster.metadata         ] [node_0] [idx_unmapped] creating index, cause [api], shards [4]/[0], mappings []
[2014-02-18 16:12:23,589][TRACE][action.search.type       ] [node_1] Moving to second phase, based on results from: [t8Mqv-hjRzqYCBodDxtrKQ][idx][0] (cluster state version: 11251)
[2014-02-18 16:12:23,590][INFO ][search.aggregations.bucket] [DoubleTermsTests#singleValueField_OrderedByTermAsc]: cleaning up after test
[2014-02-18 16:12:23,591][INFO ][cluster.metadata         ] [node_0] [idx_unmapped] deleting index
[2014-02-18 16:12:23,606][INFO ][cluster.metadata         ] [node_0] [idx] deleting index
[2014-02-18 16:12:23,620][INFO ][search.aggregations.bucket] [DoubleTermsTests#singleValueField_OrderedByTermAsc]: cleaned up after test
[2014-02-18 16:12:23,627][INFO ][test                     ] Test singleValueField_OrderedByTermAsc(org.elasticsearch.search.aggregations.bucket.DoubleTermsTests) finished
[2014-02-18 16:12:23,628][INFO ][test                     ] Test singleValuedField_OrderedBySingleValueSubAggregationAsc(org.elasticsearch.search.aggregations.bucket.DoubleTermsTests) started
[2014-02-18 16:12:23,636][INFO ][plugins                  ] [transport_client_node_0] loaded [], sites []
[2014-02-18 16:12:23,662][INFO ][plugins                  ] [transport_client_node_1] loaded [], sites []
[2014-02-18 16:12:23,693][INFO ][search.aggregations.bucket] [DoubleTermsTests#singleValuedField_OrderedBySingleValueSubAggregationAsc]: before test
[2014-02-18 16:12:23,704][INFO ][cluster.metadata         ] [node_0] [idx] creating index, cause [api], shards [3]/[0], mappings []
[2014-02-18 16:12:23,751][INFO ][plugins                  ] [transport_client_node_2] loaded [], sites []
[2014-02-18 16:12:23,782][INFO ][search.aggregations.bucket] Index [5] docs async: [true] bulk: [false]
[2014-02-18 16:12:23,784][INFO ][cluster.metadata         ] [node_0] [idx] update_mapping [type] (dynamic)
[2014-02-18 16:12:23,836][INFO ][search.aggregations.bucket] Index [100] docs async: [true] bulk: [false]
[2014-02-18 16:12:23,845][INFO ][cluster.metadata         ] [node_0] [idx] update_mapping [high_card_type] (dynamic)
[2014-02-18 16:12:24,120][INFO ][cluster.metadata         ] [node_0] [idx_unmapped] creating index, cause [api], shards [3]/[1], mappings []
[2014-02-18 16:12:24,388][TRACE][action.search.type       ] [node_0] Moving to second phase, based on results from: [t8Mqv-hjRzqYCBodDxtrKQ][idx][0],[tbUF3y2YTPm1TPdTF8YBYw][idx][2],[q75XUfcITqG3o93Z8EOFnw][idx][1] (cluster state version: 11264)
[2014-02-18 16:12:24,390][INFO ][search.aggregations.bucket] [DoubleTermsTests#singleValuedField_OrderedBySingleValueSubAggregationAsc]: cleaning up after test
[2014-02-18 16:12:24,391][INFO ][cluster.metadata         ] [node_0] [idx_unmapped] deleting index
[2014-02-18 16:12:24,410][INFO ][cluster.metadata         ] [node_0] [idx] deleting index
[2014-02-18 16:12:24,439][INFO ][search.aggregations.bucket] [DoubleTermsTests#singleValuedField_OrderedBySingleValueSubAggregationAsc]: cleaned up after test
[2014-02-18 16:12:24,449][INFO ][test                     ] Test singleValuedField_OrderedBySingleValueSubAggregationAsc(org.elasticsearch.search.aggregations.bucket.DoubleTermsTests) finished
]]></system-out>
   <system-err><![CDATA[]]></system-err>
</testsuite>