<testsuite errors="0" failures="0" tests="349" skipped="3" name="elasticsearch REST Tests - test cluster 135419AB38A95790" hostname="nohost.nodomain" time="69.639" timestamp="2014-02-18T15:41:22">
   <properties class="java.util.ArrayList">
      <property name="awt.toolkit" value="sun.lwawt.macosx.LWCToolkit"/>
      <property name="es.logger.level" value="INFO"/>
      <property name="es.logger.prefix" value=""/>
      <property name="es.node.local" value=""/>
      <property name="es.node.mode" value=""/>
      <property name="file.encoding" value="UTF-8"/>
      <property name="file.encoding.pkg" value="sun.io"/>
      <property name="file.separator" value="/"/>
      <property name="ftp.nonProxyHosts" value="local|*.local|169.254/16|*.169.254/16"/>
      <property name="gopherProxySet" value="false"/>
      <property name="http.nonProxyHosts" value="local|*.local|169.254/16|*.169.254/16"/>
      <property name="java.awt.graphicsenv" value="sun.awt.CGraphicsEnvironment"/>
      <property name="java.awt.headless" value="true"/>
      <property name="java.awt.printerjob" value="sun.lwawt.macosx.CPrinterJob"/>
      <property name="java.class.path" value="/Users/bhwang/elasticsearch/target/test-classes:/Users/bhwang/elasticsearch/target/classes:/Users/bhwang/.m2/repository/org/hamcrest/hamcrest-all/1.3/hamcrest-all-1.3.jar:/Users/bhwang/.m2/repository/com/carrotsearch/randomizedtesting/randomizedtesting-runner/2.0.15/randomizedtesting-runner-2.0.15.jar:/Users/bhwang/.m2/repository/junit/junit/4.10/junit-4.10.jar:/Users/bhwang/.m2/repository/org/apache/lucene/lucene-test-framework/4.6.1/lucene-test-framework-4.6.1.jar:/Users/bhwang/.m2/repository/org/apache/lucene/lucene-expressions/4.6.1/lucene-expressions-4.6.1.jar:/Users/bhwang/.m2/repository/org/antlr/antlr-runtime/3.5/antlr-runtime-3.5.jar:/Users/bhwang/.m2/repository/org/ow2/asm/asm/4.1/asm-4.1.jar:/Users/bhwang/.m2/repository/org/ow2/asm/asm-commons/4.1/asm-commons-4.1.jar:/Users/bhwang/.m2/repository/org/apache/httpcomponents/httpclient/4.3.1/httpclient-4.3.1.jar:/Users/bhwang/.m2/repository/org/apache/httpcomponents/httpcore/4.3/httpcore-4.3.jar:/Users/bhwang/.m2/repository/commons-logging/commons-logging/1.1.3/commons-logging-1.1.3.jar:/Users/bhwang/.m2/repository/commons-codec/commons-codec/1.6/commons-codec-1.6.jar:/Users/bhwang/.m2/repository/org/apache/lucene/lucene-core/4.6.1/lucene-core-4.6.1.jar:/Users/bhwang/.m2/repository/org/apache/lucene/lucene-analyzers-common/4.6.1/lucene-analyzers-common-4.6.1.jar:/Users/bhwang/.m2/repository/org/apache/lucene/lucene-codecs/4.6.1/lucene-codecs-4.6.1.jar:/Users/bhwang/.m2/repository/org/apache/lucene/lucene-queries/4.6.1/lucene-queries-4.6.1.jar:/Users/bhwang/.m2/repository/org/apache/lucene/lucene-memory/4.6.1/lucene-memory-4.6.1.jar:/Users/bhwang/.m2/repository/org/apache/lucene/lucene-highlighter/4.6.1/lucene-highlighter-4.6.1.jar:/Users/bhwang/.m2/repository/org/apache/lucene/lucene-queryparser/4.6.1/lucene-queryparser-4.6.1.jar:/Users/bhwang/.m2/repository/org/apache/lucene/lucene-sandbox/4.6.1/lucene-sandbox-4.6.1.jar:/Users/bhwang/.m2/repository/org/apache/lucene/lucene-suggest/4.6.1/lucene-suggest-4.6.1.jar:/Users/bhwang/.m2/repository/org/apache/lucene/lucene-misc/4.6.1/lucene-misc-4.6.1.jar:/Users/bhwang/.m2/repository/org/apache/lucene/lucene-join/4.6.1/lucene-join-4.6.1.jar:/Users/bhwang/.m2/repository/org/apache/lucene/lucene-grouping/4.6.1/lucene-grouping-4.6.1.jar:/Users/bhwang/.m2/repository/org/apache/lucene/lucene-spatial/4.6.1/lucene-spatial-4.6.1.jar:/Users/bhwang/.m2/repository/com/spatial4j/spatial4j/0.3/spatial4j-0.3.jar:/Users/bhwang/.m2/repository/com/vividsolutions/jts/1.12/jts-1.12.jar:/Users/bhwang/.m2/repository/com/google/guava/guava/16.0/guava-16.0.jar:/Users/bhwang/.m2/repository/com/carrotsearch/hppc/0.5.3/hppc-0.5.3.jar:/Users/bhwang/.m2/repository/joda-time/joda-time/2.3/joda-time-2.3.jar:/Users/bhwang/.m2/repository/org/joda/joda-convert/1.2/joda-convert-1.2.jar:/Users/bhwang/.m2/repository/org/mvel/mvel2/2.1.5.Final/mvel2-2.1.5.Final.jar:/Users/bhwang/.m2/repository/com/fasterxml/jackson/core/jackson-core/2.3.0/jackson-core-2.3.0.jar:/Users/bhwang/.m2/repository/com/fasterxml/jackson/dataformat/jackson-dataformat-smile/2.3.0/jackson-dataformat-smile-2.3.0.jar:/Users/bhwang/.m2/repository/com/fasterxml/jackson/dataformat/jackson-dataformat-yaml/2.3.0/jackson-dataformat-yaml-2.3.0.jar:/Users/bhwang/.m2/repository/io/netty/netty/3.9.0.Final/netty-3.9.0.Final.jar:/Users/bhwang/.m2/repository/com/ning/compress-lzf/0.9.6/compress-lzf-0.9.6.jar:/Users/bhwang/.m2/repository/log4j/log4j/1.2.17/log4j-1.2.17.jar:/Users/bhwang/.m2/repository/org/slf4j/slf4j-api/1.6.2/slf4j-api-1.6.2.jar:/Users/bhwang/.m2/repository/net/java/dev/jna/jna/3.3.0/jna-3.3.0.jar:/Users/bhwang/.m2/repository/org/fusesource/sigar/1.6.4/sigar-1.6.4.jar:/Users/bhwang/.m2/repository/com/carrotsearch/randomizedtesting/junit4-ant/2.0.15/junit4-ant-2.0.15.jar"/>
      <property name="java.class.version" value="51.0"/>
      <property name="java.endorsed.dirs" value="/Library/Java/JavaVirtualMachines/jdk1.7.0_45.jdk/Contents/Home/jre/lib/endorsed"/>
      <property name="java.ext.dirs" value="/Users/bhwang/Library/Java/Extensions:/Library/Java/JavaVirtualMachines/jdk1.7.0_45.jdk/Contents/Home/jre/lib/ext:/Library/Java/Extensions:/Network/Library/Java/Extensions:/System/Library/Java/Extensions:/usr/lib/java"/>
      <property name="java.home" value="/Library/Java/JavaVirtualMachines/jdk1.7.0_45.jdk/Contents/Home/jre"/>
      <property name="java.io.tmpdir" value="."/>
      <property name="java.library.path" value="/Users/bhwang/Library/Java/Extensions:/Library/Java/Extensions:/Network/Library/Java/Extensions:/System/Library/Java/Extensions:/usr/lib/java:."/>
      <property name="java.runtime.name" value="Java(TM) SE Runtime Environment"/>
      <property name="java.runtime.version" value="1.7.0_45-b18"/>
      <property name="java.security.policy" value="/Users/bhwang/elasticsearch/dev-tools/tests.policy"/>
      <property name="java.specification.name" value="Java Platform API Specification"/>
      <property name="java.specification.vendor" value="Oracle Corporation"/>
      <property name="java.specification.version" value="1.7"/>
      <property name="java.vendor" value="Oracle Corporation"/>
      <property name="java.vendor.url" value="http://java.oracle.com/"/>
      <property name="java.vendor.url.bug" value="http://bugreport.sun.com/bugreport/"/>
      <property name="java.version" value="1.7.0_45"/>
      <property name="java.vm.info" value="mixed mode"/>
      <property name="java.vm.name" value="Java HotSpot(TM) 64-Bit Server VM"/>
      <property name="java.vm.specification.name" value="Java Virtual Machine Specification"/>
      <property name="java.vm.specification.vendor" value="Oracle Corporation"/>
      <property name="java.vm.specification.version" value="1.7"/>
      <property name="java.vm.vendor" value="Oracle Corporation"/>
      <property name="java.vm.version" value="24.45-b08"/>
      <property name="junit4.childvm.cwd" value="/Users/bhwang/elasticsearch/target/J0"/>
      <property name="junit4.childvm.id" value="0"/>
      <property name="junit4.memory.total" value="128974848"/>
      <property name="junit4.pidString" value="6815@Bills-MacBook-Pro.local"/>
      <property name="junit4.processors" value="4"/>
      <property name="junit4.tempDir" value="/Users/bhwang/elasticsearch/target"/>
      <property name="line.separator" value="
"/>
      <property name="os.arch" value="x86_64"/>
      <property name="os.name" value="Mac OS X"/>
      <property name="os.version" value="10.9.1"/>
      <property name="path.separator" value=":"/>
      <property name="socksNonProxyHosts" value="local|*.local|169.254/16|*.169.254/16"/>
      <property name="sun.arch.data.model" value="64"/>
      <property name="sun.boot.class.path" value="/Library/Java/JavaVirtualMachines/jdk1.7.0_45.jdk/Contents/Home/jre/lib/resources.jar:/Library/Java/JavaVirtualMachines/jdk1.7.0_45.jdk/Contents/Home/jre/lib/rt.jar:/Library/Java/JavaVirtualMachines/jdk1.7.0_45.jdk/Contents/Home/jre/lib/sunrsasign.jar:/Library/Java/JavaVirtualMachines/jdk1.7.0_45.jdk/Contents/Home/jre/lib/jsse.jar:/Library/Java/JavaVirtualMachines/jdk1.7.0_45.jdk/Contents/Home/jre/lib/jce.jar:/Library/Java/JavaVirtualMachines/jdk1.7.0_45.jdk/Contents/Home/jre/lib/charsets.jar:/Library/Java/JavaVirtualMachines/jdk1.7.0_45.jdk/Contents/Home/jre/lib/jfr.jar:/Library/Java/JavaVirtualMachines/jdk1.7.0_45.jdk/Contents/Home/jre/lib/JObjC.jar:/Library/Java/JavaVirtualMachines/jdk1.7.0_45.jdk/Contents/Home/jre/classes"/>
      <property name="sun.boot.library.path" value="/Library/Java/JavaVirtualMachines/jdk1.7.0_45.jdk/Contents/Home/jre/lib"/>
      <property name="sun.cpu.endian" value="little"/>
      <property name="sun.cpu.isalist" value=""/>
      <property name="sun.io.unicode.encoding" value="UnicodeBig"/>
      <property name="sun.java.command" value="com.carrotsearch.ant.tasks.junit4.slave.SlaveMainSafe -flush -eventsfile /Users/bhwang/elasticsearch/target/junit4-J0-20140218_153326_767.events @/Users/bhwang/elasticsearch/target/junit4-J0-20140218_153326_767.suites -stdin"/>
      <property name="sun.java.launcher" value="SUN_STANDARD"/>
      <property name="sun.jnu.encoding" value="UTF-8"/>
      <property name="sun.management.compiler" value="HotSpot 64-Bit Tiered Compilers"/>
      <property name="sun.os.patch.level" value="unknown"/>
      <property name="tests.appendseed" value=""/>
      <property name="tests.assertion.disabled" value=""/>
      <property name="tests.awaitsfix" value=""/>
      <property name="tests.badapples" value=""/>
      <property name="tests.class" value=""/>
      <property name="tests.client.ratio" value=""/>
      <property name="tests.cluster_seed" value=""/>
      <property name="tests.enable_mock_modules" value=""/>
      <property name="tests.failfast" value=""/>
      <property name="tests.integration" value=""/>
      <property name="tests.iters" value=""/>
      <property name="tests.jvm.argline" value=""/>
      <property name="tests.maxfailures" value=""/>
      <property name="tests.method" value=""/>
      <property name="tests.network" value=""/>
      <property name="tests.nightly" value=""/>
      <property name="tests.prefix" value="tests"/>
      <property name="tests.rest" value=""/>
      <property name="tests.rest.spec" value=""/>
      <property name="tests.rest.suite" value=""/>
      <property name="tests.security.manager" value=""/>
      <property name="tests.seed" value="A89B4FF56754358E"/>
      <property name="tests.showSuccess" value=""/>
      <property name="tests.slow" value=""/>
      <property name="tests.timeoutSuite" value=""/>
      <property name="tests.weekly" value=""/>
      <property name="user.country" value="US"/>
      <property name="user.dir" value="/Users/bhwang/elasticsearch/target/J0"/>
      <property name="user.home" value="/Users/bhwang"/>
      <property name="user.language" value="en"/>
      <property name="user.name" value="bhwang"/>
      <property name="user.timezone" value=""/>
   </properties>
   <testcase classname="termvector/10_basic" name="Basic tests for termvector get " time="0.307"/>
   <testcase classname="indices.put_template/10_basic" name="Put template " time="0.025"/>
   <testcase classname="snapshot.get_repository/10_basic" name="Get missing repository by name " time="0.03"/>
   <testcase classname="snapshot.get_repository/10_basic" name="Get repository by name " time="0.028"/>
   <testcase classname="snapshot.get_repository/10_basic" name="Get all repositories " time="0.024"/>
   <testcase classname="snapshot.get_repository/10_basic" name="Get all repositories with local flag " time="0.022"/>
   <testcase classname="search/10_source_filtering" name="Source filtering " time="0.147"/>
   <testcase classname="search/20_default_values" name="Default index " time="0.231"/>
   <testcase classname="cluster.reroute/10_basic" name="Basic sanity check " time="0.02"/>
   <testcase classname="indices.segments/10_basic" name="segments test " time="0.018"/>
   <testcase classname="indices.clear_cache/10_basic" name="clear_cache test " time="0.016"/>
   <testcase classname="explain/20_source_filtering" name="Source filtering " time="0.141"/>
   <testcase classname="explain/10_basic" name="Basic mlt " time="0.107"/>
   <testcase classname="indices.get_alias/10_basic" name="Get aliases via /{index}/_alias/* " time="0.164"/>
   <testcase classname="indices.get_alias/10_basic" name="Get aliases via /{index}/_alias/name,name " time="0.302"/>
   <testcase classname="indices.get_alias/10_basic" name="Get aliases via /_alias/{name} " time="0.19"/>
   <testcase classname="indices.get_alias/10_basic" name="Get aliases via /*/_alias/{name} " time="0.193"/>
   <testcase classname="indices.get_alias/10_basic" name="Get specific alias via /{index}/_alias/{name} " time="0.155"/>
   <testcase classname="indices.get_alias/10_basic" name="Get aliases via /name,name/_alias/{name} " time="0.171"/>
   <testcase classname="indices.get_alias/10_basic" name="Get aliases via /{index}/_alias/prefix* " time="0.306"/>
   <testcase classname="indices.get_alias/10_basic" name="Get aliases via /_all/_alias/{name} " time="0.179"/>
   <testcase classname="indices.get_alias/10_basic" name="Get aliases via /{index}/_alias/_all " time="0.213"/>
   <testcase classname="indices.get_alias/10_basic" name="Existent and non-existent alias returns just the existing " time="0.181"/>
   <testcase classname="indices.get_alias/10_basic" name="Get all aliases via /{index}/_alias/ " time="0.166"/>
   <testcase classname="indices.get_alias/10_basic" name="Getting alias on an non-existent index should return 404 " time="0.22"/>
   <testcase classname="indices.get_alias/10_basic" name="Get all aliases via /_alias " time="0.526"/>
   <testcase classname="indices.get_alias/10_basic" name="Get alias with local flag " time="0.231"/>
   <testcase classname="indices.get_alias/10_basic" name="Non-existent alias on an existing index returns an empty body " time="0.187"/>
   <testcase classname="indices.get_alias/10_basic" name="Get aliases via /pref*/_alias/{name} " time="0.207"/>
   <testcase classname="indices.delete_warmer/all_path_options" name="check delete with index list " time="0.29"/>
   <testcase classname="indices.delete_warmer/all_path_options" name="check delete with _all index " time="0.257"/>
   <testcase classname="indices.delete_warmer/all_path_options" name="check delete with * index " time="0.445"/>
   <testcase classname="indices.delete_warmer/all_path_options" name="check delete with blank index and blank test_warmer " time="0.259"/>
   <testcase classname="indices.delete_warmer/all_path_options" name="check delete with prefix* index " time="0.235"/>
   <testcase classname="indices.delete_warmer/all_path_options" name="Check setup " time="0.391"/>
   <testcase classname="indices.delete_warmer/all_path_options" name="check delete with index list and wildcard warmers " time="0.345"/>
   <testcase classname="indices.delete_warmer/all_path_options" name="check delete with index list and * warmers " time="0.262"/>
   <testcase classname="indices.delete_warmer/all_path_options" name="check 404 on no matching test_warmer " time="0.394"/>
   <testcase classname="indices.delete_warmer/all_path_options" name="check delete with index list and _all warmers " time="0.219"/>
   <testcase classname="cat.aliases/10_basic" name="Help " time="0.02"/>
   <testcase classname="cat.aliases/10_basic" name="Column headers " time="0.077"/>
   <testcase classname="cat.aliases/10_basic" name="Alias name " time="0.1"/>
   <testcase classname="cat.aliases/10_basic" name="Select columns " time="0.068"/>
   <testcase classname="cat.aliases/10_basic" name="Empty cluster " time="0.012"/>
   <testcase classname="cat.aliases/10_basic" name="Simple alias " time="0.076"/>
   <testcase classname="cat.aliases/10_basic" name="Complex alias " time="0.072"/>
   <testcase classname="bulk/20_list_of_strings" name="List of strings " time="0.143"/>
   <testcase classname="bulk/30_big_string" name="One big string " time="0.244"/>
   <testcase classname="bulk/10_basic" name="Array of objects " time="0.115"/>
   <testcase classname="cluster.state/20_filtering" name="Filtering the cluster state by metadata only should work " time="0.258"/>
   <testcase classname="cluster.state/20_filtering" name="Filtering the cluster state for specific index templates should work  " time="0.154"/>
   <testcase classname="cluster.state/20_filtering" name="Filtering the cluster state using _all for indices and metrics should work " time="0.183"/>
   <testcase classname="cluster.state/20_filtering" name="Filtering the cluster state by indices should work in routing table and metadata " time="0.245"/>
   <testcase classname="cluster.state/20_filtering" name="Filtering the cluster state by routing table only should work " time="0.187"/>
   <testcase classname="cluster.state/20_filtering" name="Filtering the cluster state by nodes only should work " time="0.138"/>
   <testcase classname="cluster.state/20_filtering" name="Filtering the cluster state by blocks should return the blocks field even if the response is empty " time="0.098"/>
   <testcase classname="cluster.state/20_filtering" name="Filtering the cluster state by blocks should return the blocks " time="0.087"/>
   <testcase classname="cluster.state/10_basic" name="cluster state test " time="0.011"/>
   <testcase classname="indices.optimize/10_basic" name="Optimize index tests " time="0.072"/>
   <testcase classname="index/20_optype" name="Optype " time="0.084"/>
   <testcase classname="index/55_parent_with_routing" name="Parent with routing " time="0.293"/>
   <testcase classname="index/35_external_version" name="External version " time="0.073"/>
   <testcase classname="index/50_parent" name="Parent " time="0.281"/>
   <testcase classname="index/60_refresh" name="Refresh " time="0.296"/>
   <testcase classname="index/75_ttl" name="TTL " time="0.287"/>
   <testcase classname="index/15_without_id" name="Index without ID " time="0.081"/>
   <testcase classname="index/70_timestamp" name="Timestamp " time="0.279"/>
   <testcase classname="index/40_routing" name="Routing " time="0.286"/>
   <testcase classname="index/10_with_id" name="Index with ID " time="0.197"/>
   <testcase classname="index/30_internal_version" name="Internal version " time="0.275"/>
   <testcase classname="mtermvectors/10_basic" name="Basic tests for multi termvector get " time="0.184"/>
   <testcase classname="indices.exists_type/10_basic" name="Exists type " time="0.073"/>
   <testcase classname="indices.exists_type/10_basic" name="Exists type with local flag " time="0.012"/>
   <testcase classname="indices.analyze/10_analyze" name="Tokenizer and filter " time="0.025"/>
   <testcase classname="indices.analyze/10_analyze" name="Basic test " time="0.016"/>
   <testcase classname="indices.analyze/10_analyze" name="Index and field " time="0.302"/>
   <testcase classname="indices.open/10_basic" name="Basic test for index open/close " time="0.544"/>
   <testcase classname="indices.open/20_multiple_indices" name="Only wildcard " time="1.18"/>
   <testcase classname="indices.open/20_multiple_indices" name="Trailing wildcard " time="0.901"/>
   <testcase classname="indices.open/20_multiple_indices" name="All indices " time="0.911"/>
   <testcase classname="indices.put_warmer/20_aliases" name="Getting warmer for aliases should return the real index as key " time="0.371"/>
   <testcase classname="indices.put_warmer/all_path_options" name="put warmer with missing name " time="0.373"/>
   <testcase classname="indices.put_warmer/all_path_options" name="put warmer in list of indices " time="0.393"/>
   <testcase classname="indices.put_warmer/all_path_options" name="put warmer prefix* index " time="0.371"/>
   <testcase classname="indices.put_warmer/all_path_options" name="put warmer with blank index " time="0.237"/>
   <testcase classname="indices.put_warmer/all_path_options" name="put warmer in * index " time="0.21"/>
   <testcase classname="indices.put_warmer/all_path_options" name="put warmer in _all index " time="0.239"/>
   <testcase classname="indices.put_warmer/all_path_options" name="put warmer per index " time="0.422"/>
   <testcase classname="indices.put_warmer/10_basic" name="Getting warmers for several indices should work using prefix* " time="0.442"/>
   <testcase classname="indices.put_warmer/10_basic" name="Getting a non-existent warmer on an existing index should return an empty body " time="0.468"/>
   <testcase classname="indices.put_warmer/10_basic" name="Getting warmers for several indices should work using comma-separated lists " time="0.377"/>
   <testcase classname="indices.put_warmer/10_basic" name="Getting all warmers without specifying index should work " time="0.394"/>
   <testcase classname="indices.put_warmer/10_basic" name="Getting warmer on an non-existent index should return 404 " time="0.506"/>
   <testcase classname="indices.put_warmer/10_basic" name="Getting warmers for several indices should work using * " time="0.319"/>
   <testcase classname="indices.put_warmer/10_basic" name="Getting all warmers via /_warmer should work " time="0.336"/>
   <testcase classname="indices.put_warmer/10_basic" name="Basic test for warmers " time="0.336"/>
   <testcase classname="indices.put_warmer/10_basic" name="Getting an existent and non-existent warmer should return the existent and no data about the non-existent warmer " time="0.337"/>
   <testcase classname="indices.put_warmer/10_basic" name="Getting warmers for several indices should work using _all " time="0.432"/>
   <testcase classname="indices.status/10_basic" name="Indices status test " time="0.024"/>
   <testcase classname="msearch/10_basic" name="Basic multi-search " time="0.335"/>
   <testcase classname="delete/20_internal_version" name="Internal version " time="0.133"/>
   <testcase classname="delete/60_missing" name="Missing document with catch " time="0.104"/>
   <testcase classname="delete/60_missing" name="Missing document with ignore " time="0.115"/>
   <testcase classname="delete/45_parent_with_routing" name="Parent with routing " time="0.272"/>
   <testcase classname="delete/50_refresh" name="Refresh " time="0.333"/>
   <testcase classname="delete/30_routing" name="Routing " time="0.319"/>
   <testcase classname="delete/10_basic" name="Basic " time="0.134"/>
   <testcase classname="delete/25_external_version" name="External version " time="0.145"/>
   <testcase classname="delete/40_parent" name="Parent " time="0.393"/>
   <testcase classname="indices.get_field_mapping/30_missing_type" name="Raise 404 when type doesn&apos;t exist " time="0.115"/>
   <testcase classname="indices.get_field_mapping/40_missing_index" name="Raise 404 when index doesn&apos;t exist " time="0.015"/>
   <testcase classname="indices.get_field_mapping/20_missing_field" name="Return empty object if field doesn&apos;t exist, but type and index do " time="0.136"/>
   <testcase classname="indices.get_field_mapping/50_field_wildcards" name="Get field mapping with t* for fields " time="0.422"/>
   <testcase classname="indices.get_field_mapping/50_field_wildcards" name="Get field mapping should work using &apos;*&apos; for indices and types " time="0.32"/>
   <testcase classname="indices.get_field_mapping/50_field_wildcards" name="Get field mapping with *t1 for fields " time="0.334"/>
   <testcase classname="indices.get_field_mapping/50_field_wildcards" name="Get field mapping with * for fields " time="0.343"/>
   <testcase classname="indices.get_field_mapping/50_field_wildcards" name="Get field mapping with wildcarded relative names " time="0.322"/>
   <testcase classname="indices.get_field_mapping/50_field_wildcards" name="Get field mapping should work using &apos;_all&apos; for indices and types " time="0.546"/>
   <testcase classname="indices.get_field_mapping/50_field_wildcards" name="Get field mapping should work using comma_separated values for indices and types " time="0.383"/>
   <testcase classname="indices.get_field_mapping/10_basic" name="Get field mapping by index only " time="0.19"/>
   <testcase classname="indices.get_field_mapping/10_basic" name="Get field mapping by type &amp; field " time="0.173"/>
   <testcase classname="indices.get_field_mapping/10_basic" name="Get field mapping with no index and type " time="0.119"/>
   <testcase classname="indices.get_field_mapping/10_basic" name="Get field mapping should work without index specifying type and field " time="0.085"/>
   <testcase classname="indices.get_field_mapping/10_basic" name="Get field mapping with include_defaults " time="0.106"/>
   <testcase classname="indices.get_field_mapping/10_basic" name="Get field mapping by type &amp; field, with another field that doesn&apos;t exist " time="0.095"/>
   <testcase classname="indices.delete_mapping/all_path_options" name="delete with * index " time="0.394"/>
   <testcase classname="indices.delete_mapping/all_path_options" name="check 404 on no matching type " time="0.408"/>
   <testcase classname="indices.delete_mapping/all_path_options" name="delete with index list and * type " time="0.367"/>
   <testcase classname="indices.delete_mapping/all_path_options" name="delete with prefix* index " time="0.321"/>
   <testcase classname="indices.delete_mapping/all_path_options" name="delete with index list and prefix* type " time="0.251"/>
   <testcase classname="indices.delete_mapping/all_path_options" name="delete with index list and _all type " time="0.188"/>
   <testcase classname="indices.delete_mapping/all_path_options" name="delete with index list and list of types " time="0.275"/>
   <testcase classname="indices.delete_mapping/all_path_options" name="check delete with blank index and blank type " time="0.214"/>
   <testcase classname="indices.delete_mapping/all_path_options" name="delete with _all index " time="0.277"/>
   <testcase classname="indices.delete_mapping/all_path_options" name="delete with list of indices " time="0.245"/>
   <testcase classname="indices.delete_mapping/10_basic" name="delete mapping tests " time="0.073"/>
   <testcase classname="ping/10_ping" name="Ping " time="0.011"/>
   <testcase classname="indices.snapshot_index/10_basic" name="snapshot_index test " time="0.013"/>
   <testcase classname="update/35_external_version" name="External version " time="0.082"/>
   <testcase classname="update/55_parent_with_routing" name="Parent with routing " time="0.289"/>
   <testcase classname="update/30_internal_version" name="Internal version " time="0.146"/>
   <testcase classname="update/25_script_upsert" name="Script upsert " time="0.092"/>
   <testcase classname="update/75_ttl" name="TTL " time="0.301"/>
   <testcase classname="update/90_missing" name="Missing document (partial doc) " time="0.066"/>
   <testcase classname="update/90_missing" name="Missing document (script) " time="0.062"/>
   <testcase classname="update/60_refresh" name="Refresh " time="0.301"/>
   <testcase classname="update/20_doc_upsert" name="Doc upsert " time="0.113"/>
   <testcase classname="update/15_script" name="Script " time="0.115"/>
   <testcase classname="update/50_parent" name="Parent " time="0.31"/>
   <testcase classname="update/50_parent" name="Parent omitted " time="0.305"/>
   <testcase classname="update/85_fields_meta" name="Metadata Fields " time="0.0">
      <skipped></skipped>
   </testcase>
   <testcase classname="update/40_routing" name="Routing " time="0.271"/>
   <testcase classname="update/70_timestamp" name="Timestamp " time="0.276"/>
   <testcase classname="update/10_doc" name="Partial document " time="0.07"/>
   <testcase classname="update/80_fields" name="Fields " time="0.069"/>
   <testcase classname="update/22_doc_as_upsert" name="Doc as upsert " time="0.079"/>
   <testcase classname="create/75_ttl" name="TTL " time="0.287"/>
   <testcase classname="create/35_external_version" name="External version " time="0.078"/>
   <testcase classname="create/15_without_id" name="Create without ID " time="0.09"/>
   <testcase classname="create/50_parent" name="Parent " time="0.285"/>
   <testcase classname="create/40_routing" name="Routing " time="0.27"/>
   <testcase classname="create/70_timestamp" name="Timestamp " time="0.292"/>
   <testcase classname="create/30_internal_version" name="Internal version " time="0.097"/>
   <testcase classname="create/60_refresh" name="Refresh " time="0.336"/>
   <testcase classname="create/55_parent_with_routing" name="Parent with routing " time="0.271"/>
   <testcase classname="create/10_with_id" name="Create with ID " time="0.072"/>
   <testcase classname="percolate/17_empty" name="Basic percolation tests on an empty cluster " time="0.071"/>
   <testcase classname="percolate/16_existing_doc" name="Percolate existing documents " time="0.264"/>
   <testcase classname="percolate/15_new" name="Basic percolation tests " time="0.118"/>
   <testcase classname="cat.thread_pool/10_basic" name="Test cat thread_pool output " time="0.031"/>
   <testcase classname="indices.get_mapping/30_missing_index" name="Raise 404 when index doesn&apos;t exist " time="0.014"/>
   <testcase classname="indices.get_mapping/40_aliases" name="Getting mapping for aliases should return the real index as key " time="0.079"/>
   <testcase classname="indices.get_mapping/20_missing_type" name="Return empty response when type doesn&apos;t exist " time="0.092"/>
   <testcase classname="indices.get_mapping/10_basic" name="Get /{index}/_mapping " time="0.132"/>
   <testcase classname="indices.get_mapping/10_basic" name="Get /_mapping/{type} " time="0.143"/>
   <testcase classname="indices.get_mapping/10_basic" name="Get /{index}/_mapping/{type} " time="0.126"/>
   <testcase classname="indices.get_mapping/10_basic" name="Get /_mapping " time="0.141"/>
   <testcase classname="indices.get_mapping/10_basic" name="Get /{index}/_mapping/{type*} " time="0.239"/>
   <testcase classname="indices.get_mapping/10_basic" name="Get /index,index/_mapping/{type} " time="0.275"/>
   <testcase classname="indices.get_mapping/10_basic" name="Get /_all/_mapping/{type} " time="0.158"/>
   <testcase classname="indices.get_mapping/10_basic" name="Get /{index}/_mapping/* " time="0.163"/>
   <testcase classname="indices.get_mapping/10_basic" name="Get /{index}/_mapping/_all " time="0.163"/>
   <testcase classname="indices.get_mapping/10_basic" name="Get /index*/_mapping/{type} " time="0.177"/>
   <testcase classname="indices.get_mapping/10_basic" name="Get /{index}/_mapping/{type,type} " time="0.148"/>
   <testcase classname="indices.get_mapping/10_basic" name="Get /*/_mapping/{type} " time="0.142"/>
   <testcase classname="mlt/10_basic" name="Basic mlt " time="1.106"/>
   <testcase classname="indices.put_alias/all_path_options" name="put alias with missing name " time="0.273"/>
   <testcase classname="indices.put_alias/all_path_options" name="put alias in list of indices " time="0.236"/>
   <testcase classname="indices.put_alias/all_path_options" name="put alias in * index " time="0.23"/>
   <testcase classname="indices.put_alias/all_path_options" name="put alias per index " time="0.203"/>
   <testcase classname="indices.put_alias/all_path_options" name="put alias in _all index " time="0.205"/>
   <testcase classname="indices.put_alias/all_path_options" name="put alias prefix* index " time="0.296"/>
   <testcase classname="indices.put_alias/all_path_options" name="put alias with blank index " time="0.266"/>
   <testcase classname="indices.put_alias/10_basic" name="Basic test for put alias " time="0.071"/>
   <testcase classname="indices.get_aliases/10_basic" name="Get aliases via /{index}/_aliases/prefix* " time="0.147"/>
   <testcase classname="indices.get_aliases/10_basic" name="Non-existent alias on an existing index returns matching indcies " time="0.133"/>
   <testcase classname="indices.get_aliases/10_basic" name="Get aliases via /{index}/_aliases/* " time="0.132"/>
   <testcase classname="indices.get_aliases/10_basic" name="Get aliases via /{index}/_aliases/_all " time="0.121"/>
   <testcase classname="indices.get_aliases/10_basic" name="Get aliases via /_aliases/{name} " time="0.13"/>
   <testcase classname="indices.get_aliases/10_basic" name="Get aliases via /{index}/_aliases/name,name " time="0.188"/>
   <testcase classname="indices.get_aliases/10_basic" name="Get aliases via /pref*/_aliases/{name} " time="0.166"/>
   <testcase classname="indices.get_aliases/10_basic" name="Get all aliases via /{index}/_aliases/ " time="0.183"/>
   <testcase classname="indices.get_aliases/10_basic" name="Get aliases with local flag " time="0.151"/>
   <testcase classname="indices.get_aliases/10_basic" name="Get all aliases via /_aliases " time="0.134"/>
   <testcase classname="indices.get_aliases/10_basic" name="Get specific alias via /{index}/_aliases/{name} " time="0.156"/>
   <testcase classname="indices.get_aliases/10_basic" name="Existent and non-existent alias returns just the existing " time="0.26"/>
   <testcase classname="indices.get_aliases/10_basic" name="Get aliases via /*/_aliases/{name} " time="0.184"/>
   <testcase classname="indices.get_aliases/10_basic" name="Getting alias on an non-existent index should return 404 " time="0.0">
      <skipped></skipped>
   </testcase>
   <testcase classname="indices.get_aliases/10_basic" name="Get aliases via /name,name/_aliases/{name} " time="0.156"/>
   <testcase classname="indices.get_aliases/10_basic" name="Get aliases via /_all/_aliases/{name} " time="0.152"/>
   <testcase classname="get/10_basic" name="Basic " time="0.069"/>
   <testcase classname="get/30_parent" name="Parent " time="0.268"/>
   <testcase classname="get/30_parent" name="Parent omitted " time="0.267"/>
   <testcase classname="get/20_fields" name="Fields " time="0.135"/>
   <testcase classname="get/80_missing" name="Missing document with catch " time="0.013"/>
   <testcase classname="get/80_missing" name="Missing document with ignore " time="0.013"/>
   <testcase classname="get/70_source_filtering" name="Source filtering " time="0.141"/>
   <testcase classname="get/40_routing" name="Routing " time="0.331"/>
   <testcase classname="get/55_parent_with_routing" name="Parent with routing " time="0.323"/>
   <testcase classname="get/15_default_values" name="Default values " time="0.262"/>
   <testcase classname="get/60_realtime_refresh" name="Realtime Refresh " time="0.433"/>
   <testcase classname="cat.allocation/10_basic" name="Help " time="0.015"/>
   <testcase classname="cat.allocation/10_basic" name="Column headers " time="0.023"/>
   <testcase classname="cat.allocation/10_basic" name="One index " time="1.112"/>
   <testcase classname="cat.allocation/10_basic" name="Select columns " time="0.03"/>
   <testcase classname="cat.allocation/10_basic" name="Node ID " time="0.028"/>
   <testcase classname="cat.allocation/10_basic" name="Bytes " time="0.019"/>
   <testcase classname="cat.allocation/10_basic" name="Empty cluster " time="0.017"/>
   <testcase classname="indices.get_settings/20_aliases" name="Getting settings for aliases should return the real index as key " time="0.068"/>
   <testcase classname="indices.get_settings/10_basic" name="Get /{index}/_settings/* " time="0.145"/>
   <testcase classname="indices.get_settings/10_basic" name="Get /{index}/_settings/_all " time="0.126"/>
   <testcase classname="indices.get_settings/10_basic" name="Get /{index}/_settings/{name} " time="0.125"/>
   <testcase classname="indices.get_settings/10_basic" name="Get /{index}/_settings " time="0.123"/>
   <testcase classname="indices.get_settings/10_basic" name="Get /*/_settings/{name} " time="0.134"/>
   <testcase classname="indices.get_settings/10_basic" name="Get /_settings/{name} " time="0.11"/>
   <testcase classname="indices.get_settings/10_basic" name="Get /{index}/_settings/{name,name} " time="0.18"/>
   <testcase classname="indices.get_settings/10_basic" name="Get /_settings with local flag " time="0.107"/>
   <testcase classname="indices.get_settings/10_basic" name="Get /index,index/_settings/{name} " time="0.154"/>
   <testcase classname="indices.get_settings/10_basic" name="Get /_all/_settings/{name} " time="0.126"/>
   <testcase classname="indices.get_settings/10_basic" name="Get /{index}/_settings/{name*} " time="0.159"/>
   <testcase classname="indices.get_settings/10_basic" name="Get /index*/_settings/{name} " time="0.148"/>
   <testcase classname="indices.get_settings/10_basic" name="Get /_settings " time="0.161"/>
   <testcase classname="cat.count/10_basic" name="Test cat count help " time="0.012"/>
   <testcase classname="cat.count/10_basic" name="Test cat count output " time="0.384"/>
   <testcase classname="indices.get_template/10_basic" name="Get all templates " time="0.018"/>
   <testcase classname="indices.get_template/10_basic" name="Get template with local flag " time="0.015"/>
   <testcase classname="indices.get_template/10_basic" name="Get template " time="0.016"/>
   <testcase classname="indices.get_template/20_get_missing" name="Get missing template " time="0.014"/>
   <testcase classname="nodes.info/10_basic" name="node_info test " time="0.023"/>
   <testcase classname="delete_by_query/10_basic" name="Basic delete_by_query " time="0.172"/>
   <testcase classname="indices.get_warmer/10_basic" name="Get /{index}/_warmer/_all " time="0.316"/>
   <testcase classname="indices.get_warmer/10_basic" name="Get /*/_warmer/{name} " time="0.34"/>
   <testcase classname="indices.get_warmer/10_basic" name="Get /{index}/_warmer/{name,name} " time="0.336"/>
   <testcase classname="indices.get_warmer/10_basic" name="Get /{index}/_warmer/{name*} " time="0.326"/>
   <testcase classname="indices.get_warmer/10_basic" name="Get /{index}/_warmer/* " time="0.327"/>
   <testcase classname="indices.get_warmer/10_basic" name="Get /{index}/_warmer/{name} " time="0.33"/>
   <testcase classname="indices.get_warmer/10_basic" name="Get /_all/_warmer/{name} " time="0.32"/>
   <testcase classname="indices.get_warmer/10_basic" name="Throw 404 on missing index " time="0.361"/>
   <testcase classname="indices.get_warmer/10_basic" name="Get /_warmer " time="0.324"/>
   <testcase classname="indices.get_warmer/10_basic" name="Get /index*/_warmer/{name} " time="0.432"/>
   <testcase classname="indices.get_warmer/10_basic" name="Get /_warmer with local flag " time="0.331"/>
   <testcase classname="indices.get_warmer/10_basic" name="Get /{index}/_warmer " time="0.312"/>
   <testcase classname="indices.get_warmer/10_basic" name="Get /index,index/_warmer/{name} " time="0.312"/>
   <testcase classname="indices.get_warmer/10_basic" name="Empty response when no matching warmer " time="0.404"/>
   <testcase classname="indices.get_warmer/10_basic" name="Get /_warmer/{name} " time="0.304"/>
   <testcase classname="indices.put_settings/10_basic" name="Test indices settings " time="0.067"/>
   <testcase classname="indices.put_settings/all_path_options" name="put settings in prefix* index " time="0.254"/>
   <testcase classname="indices.put_settings/all_path_options" name="put settings in * index " time="0.292"/>
   <testcase classname="indices.put_settings/all_path_options" name="put settings in blank index " time="0.306"/>
   <testcase classname="indices.put_settings/all_path_options" name="put settings in list of indices " time="0.0">
      <skipped></skipped>
   </testcase>
   <testcase classname="indices.put_settings/all_path_options" name="put settings in _all index " time="0.242"/>
   <testcase classname="indices.put_settings/all_path_options" name="put settings per index " time="0.251"/>
   <testcase classname="cluster.put_settings/10_basic" name="Test put settings " time="0.018"/>
   <testcase classname="indices.exists_template/10_basic" name="Test indices.exists_template " time="0.02"/>
   <testcase classname="indices.exists_template/10_basic" name="Test indices.exists_template with local flag " time="0.014"/>
   <testcase classname="indices.update_aliases/10_basic" name="Basic test for aliases " time="0.073"/>
   <testcase classname="exists/40_routing" name="Routing " time="0.277"/>
   <testcase classname="exists/70_defaults" name="Client-side default type " time="0.085"/>
   <testcase classname="exists/10_basic" name="Basic " time="0.064"/>
   <testcase classname="exists/55_parent_with_routing" name="Parent with routing " time="0.276"/>
   <testcase classname="exists/30_parent" name="Parent " time="0.265"/>
   <testcase classname="exists/30_parent" name="Parent omitted " time="0.263"/>
   <testcase classname="exists/60_realtime_refresh" name="Realtime Refresh " time="0.283"/>
   <testcase classname="indices.exists/10_basic" name="Test indices.exists " time="0.068"/>
   <testcase classname="indices.exists/10_basic" name="Test indices.exists with local flag " time="0.013"/>
   <testcase classname="indices.stats/10_basic" name="stats test " time="0.014"/>
   <testcase classname="info/10_info" name="Info " time="0.011"/>
   <testcase classname="info/20_lucene_version" name="Lucene Version " time="0.011"/>
   <testcase classname="indices.exists_alias/10_basic" name="Test indices.exists_alias " time="0.068"/>
   <testcase classname="indices.exists_alias/10_basic" name="Test indices.exists_alias with local flag " time="0.011"/>
   <testcase classname="get_source/10_basic" name="Basic " time="0.101"/>
   <testcase classname="get_source/40_routing" name="Routing " time="0.272"/>
   <testcase classname="get_source/55_parent_with_routing" name="Parent with routing " time="0.27"/>
   <testcase classname="get_source/30_parent" name="Parent " time="0.265"/>
   <testcase classname="get_source/30_parent" name="Parent omitted " time="0.267"/>
   <testcase classname="get_source/70_source_filtering" name="Source filtering " time="0.073"/>
   <testcase classname="get_source/60_realtime_refresh" name="Realtime " time="0.281"/>
   <testcase classname="get_source/15_default_values" name="Default values " time="0.068"/>
   <testcase classname="get_source/80_missing" name="Missing document with catch " time="0.013"/>
   <testcase classname="get_source/80_missing" name="Missing document with ignore " time="0.012"/>
   <testcase classname="scroll/10_basic" name="Basic scroll " time="0.096"/>
   <testcase classname="indices.delete_alias/10_basic" name="Basic test for delete alias " time="0.07"/>
   <testcase classname="indices.delete_alias/all_path_options" name="check delete with index list " time="0.175"/>
   <testcase classname="indices.delete_alias/all_path_options" name="check delete with _all index " time="0.283"/>
   <testcase classname="indices.delete_alias/all_path_options" name="check delete with index list and * aliases " time="0.247"/>
   <testcase classname="indices.delete_alias/all_path_options" name="check delete with * index " time="0.243"/>
   <testcase classname="indices.delete_alias/all_path_options" name="check delete with prefix* index " time="0.226"/>
   <testcase classname="indices.delete_alias/all_path_options" name="check 404 on no matching alias " time="0.232"/>
   <testcase classname="indices.delete_alias/all_path_options" name="check delete with blank index and blank alias " time="0.218"/>
   <testcase classname="indices.delete_alias/all_path_options" name="check setup " time="0.204"/>
   <testcase classname="indices.delete_alias/all_path_options" name="check delete with index list and _all aliases " time="0.25"/>
   <testcase classname="indices.delete_alias/all_path_options" name="check delete with index list and wildcard aliases " time="0.237"/>
   <testcase classname="cluster.pending_tasks/10_basic" name="Test pending tasks " time="0.017"/>
   <testcase classname="cluster.pending_tasks/10_basic" name="Test pending tasks with local flag " time="0.012"/>
   <testcase classname="cat.shards/10_basic" name="Test cat shards output " time="0.375"/>
   <testcase classname="indices.put_mapping/10_basic" name="Test Create and update mapping " time="0.075"/>
   <testcase classname="indices.put_mapping/all_path_options" name="put one mapping per index " time="0.233"/>
   <testcase classname="indices.put_mapping/all_path_options" name="put mapping with missing type " time="0.207"/>
   <testcase classname="indices.put_mapping/all_path_options" name="put mapping in _all index " time="0.244"/>
   <testcase classname="indices.put_mapping/all_path_options" name="put mapping with blank index " time="0.227"/>
   <testcase classname="indices.put_mapping/all_path_options" name="put mapping in list of indices " time="0.233"/>
   <testcase classname="indices.put_mapping/all_path_options" name="put mapping in * index " time="0.269"/>
   <testcase classname="indices.put_mapping/all_path_options" name="put mapping in prefix* index " time="0.239"/>
   <testcase classname="nodes.stats/10_basic" name="Nodes stats " time="0.032"/>
   <testcase classname="mget/60_realtime_refresh" name="Realtime Refresh " time="0.29"/>
   <testcase classname="mget/20_fields" name="Fields " time="0.107"/>
   <testcase classname="mget/15_ids" name="IDs " time="0.089"/>
   <testcase classname="mget/13_missing_metadata" name="Missing metadata " time="0.078"/>
   <testcase classname="mget/12_non_existent_index" name="Non-existent index " time="0.079"/>
   <testcase classname="mget/30_parent" name="Parent " time="0.29"/>
   <testcase classname="mget/40_routing" name="Routing " time="0.266"/>
   <testcase classname="mget/11_default_index_type" name="Default index/type " time="0.335"/>
   <testcase classname="mget/55_parent_with_routing" name="Parent " time="0.283"/>
   <testcase classname="mget/70_source_filtering" name="Source filtering -  include nested field " time="0.079"/>
   <testcase classname="mget/70_source_filtering" name="Source filtering -  include field " time="0.069"/>
   <testcase classname="mget/70_source_filtering" name="Source filtering -  ids and true/false " time="0.088"/>
   <testcase classname="mget/70_source_filtering" name="Source filtering -  true/false " time="0.086"/>
   <testcase classname="mget/70_source_filtering" name="Source filtering -  ids and exclude field " time="0.071"/>
   <testcase classname="mget/70_source_filtering" name="Source filtering -  ids and include nested field " time="0.07"/>
   <testcase classname="mget/70_source_filtering" name="Source filtering -  exclude field " time="0.074"/>
   <testcase classname="mget/70_source_filtering" name="Source filtering -  ids and include field " time="0.08"/>
   <testcase classname="mget/10_basic" name="Basic multi-get " time="0.192"/>
   <testcase classname="indices.validate_query/10_basic" name="Validate query api " time="0.275"/>
   <testcase classname="mpercolate/10_basic" name="Basic multi-percolate " time="0.08"/>
   <testcase classname="indices.create/10_basic" name="Create index with mappings " time="0.065"/>
   <testcase classname="indices.create/10_basic" name="Create index with mappings, settings and warmers " time="0.075"/>
   <testcase classname="indices.create/10_basic" name="Create index with settings " time="0.063"/>
   <testcase classname="indices.create/10_basic" name="Create index with warmers " time="0.056"/>
   <testcase classname="suggest/10_basic" name="Basic tests for suggest API " time="0.191"/>
   <system-out><![CDATA[[2014-02-18 15:41:22,211][INFO ][test                     ] Test Basic tests for termvector get (termvector/10_basic) started
[2014-02-18 15:41:22,212][INFO ][test.rest.junit          ] cleaning up before test [termvector/10_basic: Basic tests for termvector get]
[2014-02-18 15:41:22,239][INFO ][test.rest.junit          ] start test [termvector/10_basic: Basic tests for termvector get]
[2014-02-18 15:41:22,239][INFO ][test.rest.junit          ] start setup test [termvector/10_basic: Basic tests for termvector get]
[2014-02-18 15:41:22,270][INFO ][cluster.metadata         ] [node_0] [testidx] creating index, cause [api], shards [5]/[1], mappings [testtype]
[2014-02-18 15:41:22,442][INFO ][test.rest.junit          ] end setup test [termvector/10_basic: Basic tests for termvector get]
[2014-02-18 15:41:22,454][INFO ][test.rest.junit          ] end test [termvector/10_basic: Basic tests for termvector get]
[2014-02-18 15:41:22,454][INFO ][test.rest.junit          ] cleaning up after test [termvector/10_basic: Basic tests for termvector get]
[2014-02-18 15:41:22,457][INFO ][cluster.metadata         ] [node_0] [testidx] deleting index
[2014-02-18 15:41:22,517][INFO ][test                     ] Test Basic tests for termvector get (termvector/10_basic) finished
[2014-02-18 15:41:22,517][INFO ][test                     ] Test Put template (indices.put_template/10_basic) started
[2014-02-18 15:41:22,518][INFO ][test.rest.junit          ] cleaning up before test [indices.put_template/10_basic: Put template]
[2014-02-18 15:41:22,524][INFO ][test.rest.junit          ] start test [indices.put_template/10_basic: Put template]
[2014-02-18 15:41:22,536][INFO ][test.rest.junit          ] end test [indices.put_template/10_basic: Put template]
[2014-02-18 15:41:22,537][INFO ][test.rest.junit          ] cleaning up after test [indices.put_template/10_basic: Put template]
[2014-02-18 15:41:22,542][INFO ][test                     ] Test Put template (indices.put_template/10_basic) finished
[2014-02-18 15:41:22,543][INFO ][test                     ] Test Get missing repository by name (snapshot.get_repository/10_basic) started
[2014-02-18 15:41:22,543][INFO ][test.rest.junit          ] cleaning up before test [snapshot.get_repository/10_basic: Get missing repository by name]
[2014-02-18 15:41:22,551][INFO ][test.rest.junit          ] start test [snapshot.get_repository/10_basic: Get missing repository by name]
[2014-02-18 15:41:22,551][INFO ][test.rest.junit          ] start setup test [snapshot.get_repository/10_basic: Get missing repository by name]
[2014-02-18 15:41:22,555][INFO ][repositories             ] [node_0] put repository [test_repo1]
[2014-02-18 15:41:22,561][INFO ][repositories             ] [node_0] put repository [test_repo2]
[2014-02-18 15:41:22,562][INFO ][test.rest.junit          ] end setup test [snapshot.get_repository/10_basic: Get missing repository by name]
[2014-02-18 15:41:22,567][INFO ][test.rest.junit          ] end test [snapshot.get_repository/10_basic: Get missing repository by name]
[2014-02-18 15:41:22,567][INFO ][test.rest.junit          ] cleaning up after test [snapshot.get_repository/10_basic: Get missing repository by name]
[2014-02-18 15:41:22,573][INFO ][test                     ] Test Get missing repository by name (snapshot.get_repository/10_basic) finished
[2014-02-18 15:41:22,573][INFO ][test                     ] Test Get repository by name (snapshot.get_repository/10_basic) started
[2014-02-18 15:41:22,573][INFO ][test.rest.junit          ] cleaning up before test [snapshot.get_repository/10_basic: Get repository by name]
[2014-02-18 15:41:22,579][INFO ][test.rest.junit          ] start test [snapshot.get_repository/10_basic: Get repository by name]
[2014-02-18 15:41:22,579][INFO ][test.rest.junit          ] start setup test [snapshot.get_repository/10_basic: Get repository by name]
[2014-02-18 15:41:22,584][INFO ][repositories             ] [node_0] update repository [test_repo1]
[2014-02-18 15:41:22,588][INFO ][repositories             ] [node_0] update repository [test_repo2]
[2014-02-18 15:41:22,589][INFO ][test.rest.junit          ] end setup test [snapshot.get_repository/10_basic: Get repository by name]
[2014-02-18 15:41:22,595][INFO ][test.rest.junit          ] end test [snapshot.get_repository/10_basic: Get repository by name]
[2014-02-18 15:41:22,595][INFO ][test.rest.junit          ] cleaning up after test [snapshot.get_repository/10_basic: Get repository by name]
[2014-02-18 15:41:22,601][INFO ][test                     ] Test Get repository by name (snapshot.get_repository/10_basic) finished
[2014-02-18 15:41:22,601][INFO ][test                     ] Test Get all repositories (snapshot.get_repository/10_basic) started
[2014-02-18 15:41:22,601][INFO ][test.rest.junit          ] cleaning up before test [snapshot.get_repository/10_basic: Get all repositories]
[2014-02-18 15:41:22,607][INFO ][test.rest.junit          ] start test [snapshot.get_repository/10_basic: Get all repositories]
[2014-02-18 15:41:22,607][INFO ][test.rest.junit          ] start setup test [snapshot.get_repository/10_basic: Get all repositories]
[2014-02-18 15:41:22,610][INFO ][repositories             ] [node_0] update repository [test_repo1]
[2014-02-18 15:41:22,614][INFO ][repositories             ] [node_0] update repository [test_repo2]
[2014-02-18 15:41:22,615][INFO ][test.rest.junit          ] end setup test [snapshot.get_repository/10_basic: Get all repositories]
[2014-02-18 15:41:22,618][INFO ][test.rest.junit          ] end test [snapshot.get_repository/10_basic: Get all repositories]
[2014-02-18 15:41:22,619][INFO ][test.rest.junit          ] cleaning up after test [snapshot.get_repository/10_basic: Get all repositories]
[2014-02-18 15:41:22,625][INFO ][test                     ] Test Get all repositories (snapshot.get_repository/10_basic) finished
[2014-02-18 15:41:22,625][INFO ][test                     ] Test Get all repositories with local flag (snapshot.get_repository/10_basic) started
[2014-02-18 15:41:22,625][INFO ][test.rest.junit          ] cleaning up before test [snapshot.get_repository/10_basic: Get all repositories with local flag]
[2014-02-18 15:41:22,631][INFO ][test.rest.junit          ] start test [snapshot.get_repository/10_basic: Get all repositories with local flag]
[2014-02-18 15:41:22,631][INFO ][test.rest.junit          ] start setup test [snapshot.get_repository/10_basic: Get all repositories with local flag]
[2014-02-18 15:41:22,634][INFO ][repositories             ] [node_0] update repository [test_repo1]
[2014-02-18 15:41:22,638][INFO ][repositories             ] [node_0] update repository [test_repo2]
[2014-02-18 15:41:22,639][INFO ][test.rest.junit          ] end setup test [snapshot.get_repository/10_basic: Get all repositories with local flag]
[2014-02-18 15:41:22,642][INFO ][test.rest.junit          ] end test [snapshot.get_repository/10_basic: Get all repositories with local flag]
[2014-02-18 15:41:22,642][INFO ][test.rest.junit          ] cleaning up after test [snapshot.get_repository/10_basic: Get all repositories with local flag]
[2014-02-18 15:41:22,647][INFO ][test                     ] Test Get all repositories with local flag (snapshot.get_repository/10_basic) finished
[2014-02-18 15:41:22,647][INFO ][test                     ] Test Source filtering (search/10_source_filtering) started
[2014-02-18 15:41:22,648][INFO ][test.rest.junit          ] cleaning up before test [search/10_source_filtering: Source filtering]
[2014-02-18 15:41:22,653][INFO ][test.rest.junit          ] start test [search/10_source_filtering: Source filtering]
[2014-02-18 15:41:22,665][INFO ][cluster.metadata         ] [node_0] [test_1] creating index, cause [auto(index api)], shards [5]/[1], mappings []
[2014-02-18 15:41:22,704][INFO ][cluster.metadata         ] [node_0] [test_1] update_mapping [test] (dynamic)
[2014-02-18 15:41:22,775][INFO ][test.rest.junit          ] end test [search/10_source_filtering: Source filtering]
[2014-02-18 15:41:22,775][INFO ][test.rest.junit          ] cleaning up after test [search/10_source_filtering: Source filtering]
[2014-02-18 15:41:22,777][INFO ][cluster.metadata         ] [node_0] [test_1] deleting index
[2014-02-18 15:41:22,793][INFO ][test                     ] Test Source filtering (search/10_source_filtering) finished
[2014-02-18 15:41:22,794][INFO ][test                     ] Test Default index (search/20_default_values) started
[2014-02-18 15:41:22,794][INFO ][test.rest.junit          ] cleaning up before test [search/20_default_values: Default index]
[2014-02-18 15:41:22,799][INFO ][test.rest.junit          ] start test [search/20_default_values: Default index]
[2014-02-18 15:41:22,813][INFO ][cluster.metadata         ] [node_0] [test_2] creating index, cause [api], shards [5]/[1], mappings []
[2014-02-18 15:41:22,867][INFO ][cluster.metadata         ] [node_0] [test_1] creating index, cause [api], shards [5]/[1], mappings []
[2014-02-18 15:41:22,906][INFO ][cluster.metadata         ] [node_0] [test_1] update_mapping [test] (dynamic)
[2014-02-18 15:41:22,920][INFO ][cluster.metadata         ] [node_0] [test_2] update_mapping [test] (dynamic)
[2014-02-18 15:41:22,981][INFO ][test.rest.junit          ] end test [search/20_default_values: Default index]
[2014-02-18 15:41:22,982][INFO ][test.rest.junit          ] cleaning up after test [search/20_default_values: Default index]
[2014-02-18 15:41:22,984][INFO ][cluster.metadata         ] [node_0] [test_2] deleting index
[2014-02-18 15:41:23,002][INFO ][cluster.metadata         ] [node_0] [test_1] deleting index
[2014-02-18 15:41:23,025][INFO ][test                     ] Test Default index (search/20_default_values) finished
[2014-02-18 15:41:23,025][INFO ][test                     ] Test Basic sanity check (cluster.reroute/10_basic) started
[2014-02-18 15:41:23,025][INFO ][test.rest.junit          ] cleaning up before test [cluster.reroute/10_basic: Basic sanity check]
[2014-02-18 15:41:23,031][INFO ][test.rest.junit          ] start test [cluster.reroute/10_basic: Basic sanity check]
[2014-02-18 15:41:23,039][INFO ][test.rest.junit          ] end test [cluster.reroute/10_basic: Basic sanity check]
[2014-02-18 15:41:23,039][INFO ][test.rest.junit          ] cleaning up after test [cluster.reroute/10_basic: Basic sanity check]
[2014-02-18 15:41:23,045][INFO ][test                     ] Test Basic sanity check (cluster.reroute/10_basic) finished
[2014-02-18 15:41:23,045][INFO ][test                     ] Test segments test (indices.segments/10_basic) started
[2014-02-18 15:41:23,045][INFO ][test.rest.junit          ] cleaning up before test [indices.segments/10_basic: segments test]
[2014-02-18 15:41:23,050][INFO ][test.rest.junit          ] start test [indices.segments/10_basic: segments test]
[2014-02-18 15:41:23,057][INFO ][test.rest.junit          ] end test [indices.segments/10_basic: segments test]
[2014-02-18 15:41:23,058][INFO ][test.rest.junit          ] cleaning up after test [indices.segments/10_basic: segments test]
[2014-02-18 15:41:23,063][INFO ][test                     ] Test segments test (indices.segments/10_basic) finished
[2014-02-18 15:41:23,063][INFO ][test                     ] Test clear_cache test (indices.clear_cache/10_basic) started
[2014-02-18 15:41:23,064][INFO ][test.rest.junit          ] cleaning up before test [indices.clear_cache/10_basic: clear_cache test]
[2014-02-18 15:41:23,069][INFO ][test.rest.junit          ] start test [indices.clear_cache/10_basic: clear_cache test]
[2014-02-18 15:41:23,073][INFO ][test.rest.junit          ] end test [indices.clear_cache/10_basic: clear_cache test]
[2014-02-18 15:41:23,073][INFO ][test.rest.junit          ] cleaning up after test [indices.clear_cache/10_basic: clear_cache test]
[2014-02-18 15:41:23,078][INFO ][test                     ] Test clear_cache test (indices.clear_cache/10_basic) finished
[2014-02-18 15:41:23,079][INFO ][test                     ] Test Source filtering (explain/20_source_filtering) started
[2014-02-18 15:41:23,079][INFO ][test.rest.junit          ] cleaning up before test [explain/20_source_filtering: Source filtering]
[2014-02-18 15:41:23,085][INFO ][test.rest.junit          ] start test [explain/20_source_filtering: Source filtering]
[2014-02-18 15:41:23,099][INFO ][cluster.metadata         ] [node_0] [test_1] creating index, cause [auto(index api)], shards [5]/[1], mappings []
[2014-02-18 15:41:23,149][INFO ][cluster.metadata         ] [node_0] [test_1] update_mapping [test] (dynamic)
[2014-02-18 15:41:23,197][INFO ][test.rest.junit          ] end test [explain/20_source_filtering: Source filtering]
[2014-02-18 15:41:23,197][INFO ][test.rest.junit          ] cleaning up after test [explain/20_source_filtering: Source filtering]
[2014-02-18 15:41:23,200][INFO ][cluster.metadata         ] [node_0] [test_1] deleting index
[2014-02-18 15:41:23,220][INFO ][test                     ] Test Source filtering (explain/20_source_filtering) finished
[2014-02-18 15:41:23,220][INFO ][test                     ] Test Basic mlt (explain/10_basic) started
[2014-02-18 15:41:23,220][INFO ][test.rest.junit          ] cleaning up before test [explain/10_basic: Basic mlt]
[2014-02-18 15:41:23,225][INFO ][test.rest.junit          ] start test [explain/10_basic: Basic mlt]
[2014-02-18 15:41:23,239][INFO ][cluster.metadata         ] [node_0] [test_1] creating index, cause [auto(index api)], shards [5]/[1], mappings []
[2014-02-18 15:41:23,274][INFO ][cluster.metadata         ] [node_0] [test_1] update_mapping [test] (dynamic)
[2014-02-18 15:41:23,307][INFO ][test.rest.junit          ] end test [explain/10_basic: Basic mlt]
[2014-02-18 15:41:23,307][INFO ][test.rest.junit          ] cleaning up after test [explain/10_basic: Basic mlt]
[2014-02-18 15:41:23,310][INFO ][cluster.metadata         ] [node_0] [test_1] deleting index
[2014-02-18 15:41:23,327][INFO ][test                     ] Test Basic mlt (explain/10_basic) finished
[2014-02-18 15:41:23,327][INFO ][test                     ] Test Get aliases via /{index}/_alias/* (indices.get_alias/10_basic) started
[2014-02-18 15:41:23,327][INFO ][test.rest.junit          ] cleaning up before test [indices.get_alias/10_basic: Get aliases via /{index}/_alias/*]
[2014-02-18 15:41:23,333][INFO ][test.rest.junit          ] start test [indices.get_alias/10_basic: Get aliases via /{index}/_alias/*]
[2014-02-18 15:41:23,333][INFO ][test.rest.junit          ] start setup test [indices.get_alias/10_basic: Get aliases via /{index}/_alias/*]
[2014-02-18 15:41:23,348][INFO ][cluster.metadata         ] [node_0] [test_index] creating index, cause [api], shards [5]/[1], mappings []
[2014-02-18 15:41:23,397][INFO ][cluster.metadata         ] [node_0] [test_index_2] creating index, cause [api], shards [5]/[1], mappings []
[2014-02-18 15:41:23,445][INFO ][test.rest.junit          ] end setup test [indices.get_alias/10_basic: Get aliases via /{index}/_alias/*]
[2014-02-18 15:41:23,454][INFO ][test.rest.junit          ] end test [indices.get_alias/10_basic: Get aliases via /{index}/_alias/*]
[2014-02-18 15:41:23,455][INFO ][test.rest.junit          ] cleaning up after test [indices.get_alias/10_basic: Get aliases via /{index}/_alias/*]
[2014-02-18 15:41:23,457][INFO ][cluster.metadata         ] [node_0] [test_index_2] deleting index
[2014-02-18 15:41:23,471][INFO ][cluster.metadata         ] [node_0] [test_index] deleting index
[2014-02-18 15:41:23,491][INFO ][test                     ] Test Get aliases via /{index}/_alias/* (indices.get_alias/10_basic) finished
[2014-02-18 15:41:23,492][INFO ][test                     ] Test Get aliases via /{index}/_alias/name,name (indices.get_alias/10_basic) started
[2014-02-18 15:41:23,492][INFO ][test.rest.junit          ] cleaning up before test [indices.get_alias/10_basic: Get aliases via /{index}/_alias/name,name]
[2014-02-18 15:41:23,498][INFO ][test.rest.junit          ] start test [indices.get_alias/10_basic: Get aliases via /{index}/_alias/name,name]
[2014-02-18 15:41:23,498][INFO ][test.rest.junit          ] start setup test [indices.get_alias/10_basic: Get aliases via /{index}/_alias/name,name]
[2014-02-18 15:41:23,515][INFO ][cluster.metadata         ] [node_0] [test_index] creating index, cause [api], shards [5]/[1], mappings []
[2014-02-18 15:41:23,661][INFO ][cluster.metadata         ] [node_0] [test_index_2] creating index, cause [api], shards [5]/[1], mappings []
[2014-02-18 15:41:23,766][INFO ][test.rest.junit          ] end setup test [indices.get_alias/10_basic: Get aliases via /{index}/_alias/name,name]
[2014-02-18 15:41:23,769][INFO ][test.rest.junit          ] end test [indices.get_alias/10_basic: Get aliases via /{index}/_alias/name,name]
[2014-02-18 15:41:23,769][INFO ][test.rest.junit          ] cleaning up after test [indices.get_alias/10_basic: Get aliases via /{index}/_alias/name,name]
[2014-02-18 15:41:23,771][INFO ][cluster.metadata         ] [node_0] [test_index_2] deleting index
[2014-02-18 15:41:23,781][INFO ][cluster.metadata         ] [node_0] [test_index] deleting index
[2014-02-18 15:41:23,794][INFO ][test                     ] Test Get aliases via /{index}/_alias/name,name (indices.get_alias/10_basic) finished
[2014-02-18 15:41:23,794][INFO ][test                     ] Test Get aliases via /_alias/{name} (indices.get_alias/10_basic) started
[2014-02-18 15:41:23,795][INFO ][test.rest.junit          ] cleaning up before test [indices.get_alias/10_basic: Get aliases via /_alias/{name}]
[2014-02-18 15:41:23,799][INFO ][test.rest.junit          ] start test [indices.get_alias/10_basic: Get aliases via /_alias/{name}]
[2014-02-18 15:41:23,800][INFO ][test.rest.junit          ] start setup test [indices.get_alias/10_basic: Get aliases via /_alias/{name}]
[2014-02-18 15:41:23,817][INFO ][cluster.metadata         ] [node_0] [test_index] creating index, cause [api], shards [5]/[1], mappings []
[2014-02-18 15:41:23,872][INFO ][cluster.metadata         ] [node_0] [test_index_2] creating index, cause [api], shards [5]/[1], mappings []
[2014-02-18 15:41:23,943][INFO ][test.rest.junit          ] end setup test [indices.get_alias/10_basic: Get aliases via /_alias/{name}]
[2014-02-18 15:41:23,946][INFO ][test.rest.junit          ] end test [indices.get_alias/10_basic: Get aliases via /_alias/{name}]
[2014-02-18 15:41:23,947][INFO ][test.rest.junit          ] cleaning up after test [indices.get_alias/10_basic: Get aliases via /_alias/{name}]
[2014-02-18 15:41:23,949][INFO ][cluster.metadata         ] [node_0] [test_index_2] deleting index
[2014-02-18 15:41:23,966][INFO ][cluster.metadata         ] [node_0] [test_index] deleting index
[2014-02-18 15:41:23,984][INFO ][test                     ] Test Get aliases via /_alias/{name} (indices.get_alias/10_basic) finished
[2014-02-18 15:41:23,985][INFO ][test                     ] Test Get aliases via /*/_alias/{name} (indices.get_alias/10_basic) started
[2014-02-18 15:41:23,985][INFO ][test.rest.junit          ] cleaning up before test [indices.get_alias/10_basic: Get aliases via /*/_alias/{name}]
[2014-02-18 15:41:23,991][INFO ][test.rest.junit          ] start test [indices.get_alias/10_basic: Get aliases via /*/_alias/{name}]
[2014-02-18 15:41:23,991][INFO ][test.rest.junit          ] start setup test [indices.get_alias/10_basic: Get aliases via /*/_alias/{name}]
[2014-02-18 15:41:24,011][INFO ][cluster.metadata         ] [node_0] [test_index] creating index, cause [api], shards [5]/[1], mappings []
[2014-02-18 15:41:24,080][INFO ][cluster.metadata         ] [node_0] [test_index_2] creating index, cause [api], shards [5]/[1], mappings []
[2014-02-18 15:41:24,140][INFO ][test.rest.junit          ] end setup test [indices.get_alias/10_basic: Get aliases via /*/_alias/{name}]
[2014-02-18 15:41:24,144][INFO ][test.rest.junit          ] end test [indices.get_alias/10_basic: Get aliases via /*/_alias/{name}]
[2014-02-18 15:41:24,144][INFO ][test.rest.junit          ] cleaning up after test [indices.get_alias/10_basic: Get aliases via /*/_alias/{name}]
[2014-02-18 15:41:24,146][INFO ][cluster.metadata         ] [node_0] [test_index_2] deleting index
[2014-02-18 15:41:24,161][INFO ][cluster.metadata         ] [node_0] [test_index] deleting index
[2014-02-18 15:41:24,177][INFO ][test                     ] Test Get aliases via /*/_alias/{name} (indices.get_alias/10_basic) finished
[2014-02-18 15:41:24,178][INFO ][test                     ] Test Get specific alias via /{index}/_alias/{name} (indices.get_alias/10_basic) started
[2014-02-18 15:41:24,178][INFO ][test.rest.junit          ] cleaning up before test [indices.get_alias/10_basic: Get specific alias via /{index}/_alias/{name}]
[2014-02-18 15:41:24,183][INFO ][test.rest.junit          ] start test [indices.get_alias/10_basic: Get specific alias via /{index}/_alias/{name}]
[2014-02-18 15:41:24,183][INFO ][test.rest.junit          ] start setup test [indices.get_alias/10_basic: Get specific alias via /{index}/_alias/{name}]
[2014-02-18 15:41:24,193][INFO ][cluster.metadata         ] [node_0] [test_index] creating index, cause [api], shards [5]/[1], mappings []
[2014-02-18 15:41:24,235][INFO ][cluster.metadata         ] [node_0] [test_index_2] creating index, cause [api], shards [5]/[1], mappings []
[2014-02-18 15:41:24,289][INFO ][test.rest.junit          ] end setup test [indices.get_alias/10_basic: Get specific alias via /{index}/_alias/{name}]
[2014-02-18 15:41:24,292][INFO ][test.rest.junit          ] end test [indices.get_alias/10_basic: Get specific alias via /{index}/_alias/{name}]
[2014-02-18 15:41:24,292][INFO ][test.rest.junit          ] cleaning up after test [indices.get_alias/10_basic: Get specific alias via /{index}/_alias/{name}]
[2014-02-18 15:41:24,294][INFO ][cluster.metadata         ] [node_0] [test_index_2] deleting index
[2014-02-18 15:41:24,311][INFO ][cluster.metadata         ] [node_0] [test_index] deleting index
[2014-02-18 15:41:24,333][INFO ][test                     ] Test Get specific alias via /{index}/_alias/{name} (indices.get_alias/10_basic) finished
[2014-02-18 15:41:24,333][INFO ][test                     ] Test Get aliases via /name,name/_alias/{name} (indices.get_alias/10_basic) started
[2014-02-18 15:41:24,334][INFO ][test.rest.junit          ] cleaning up before test [indices.get_alias/10_basic: Get aliases via /name,name/_alias/{name}]
[2014-02-18 15:41:24,340][INFO ][test.rest.junit          ] start test [indices.get_alias/10_basic: Get aliases via /name,name/_alias/{name}]
[2014-02-18 15:41:24,340][INFO ][test.rest.junit          ] start setup test [indices.get_alias/10_basic: Get aliases via /name,name/_alias/{name}]
[2014-02-18 15:41:24,352][INFO ][cluster.metadata         ] [node_0] [test_index] creating index, cause [api], shards [5]/[1], mappings []
[2014-02-18 15:41:24,405][INFO ][cluster.metadata         ] [node_0] [test_index_2] creating index, cause [api], shards [5]/[1], mappings []
[2014-02-18 15:41:24,471][INFO ][test.rest.junit          ] end setup test [indices.get_alias/10_basic: Get aliases via /name,name/_alias/{name}]
[2014-02-18 15:41:24,474][INFO ][test.rest.junit          ] end test [indices.get_alias/10_basic: Get aliases via /name,name/_alias/{name}]
[2014-02-18 15:41:24,474][INFO ][test.rest.junit          ] cleaning up after test [indices.get_alias/10_basic: Get aliases via /name,name/_alias/{name}]
[2014-02-18 15:41:24,477][INFO ][cluster.metadata         ] [node_0] [test_index_2] deleting index
[2014-02-18 15:41:24,490][INFO ][cluster.metadata         ] [node_0] [test_index] deleting index
[2014-02-18 15:41:24,504][INFO ][test                     ] Test Get aliases via /name,name/_alias/{name} (indices.get_alias/10_basic) finished
[2014-02-18 15:41:24,504][INFO ][test                     ] Test Get aliases via /{index}/_alias/prefix* (indices.get_alias/10_basic) started
[2014-02-18 15:41:24,504][INFO ][test.rest.junit          ] cleaning up before test [indices.get_alias/10_basic: Get aliases via /{index}/_alias/prefix*]
[2014-02-18 15:41:24,509][INFO ][test.rest.junit          ] start test [indices.get_alias/10_basic: Get aliases via /{index}/_alias/prefix*]
[2014-02-18 15:41:24,509][INFO ][test.rest.junit          ] start setup test [indices.get_alias/10_basic: Get aliases via /{index}/_alias/prefix*]
[2014-02-18 15:41:24,521][INFO ][cluster.metadata         ] [node_0] [test_index] creating index, cause [api], shards [5]/[1], mappings []
[2014-02-18 15:41:24,583][INFO ][cluster.metadata         ] [node_0] [test_index_2] creating index, cause [api], shards [5]/[1], mappings []
[2014-02-18 15:41:24,772][INFO ][test.rest.junit          ] end setup test [indices.get_alias/10_basic: Get aliases via /{index}/_alias/prefix*]
[2014-02-18 15:41:24,775][INFO ][test.rest.junit          ] end test [indices.get_alias/10_basic: Get aliases via /{index}/_alias/prefix*]
[2014-02-18 15:41:24,776][INFO ][test.rest.junit          ] cleaning up after test [indices.get_alias/10_basic: Get aliases via /{index}/_alias/prefix*]
[2014-02-18 15:41:24,778][INFO ][cluster.metadata         ] [node_0] [test_index_2] deleting index
[2014-02-18 15:41:24,791][INFO ][cluster.metadata         ] [node_0] [test_index] deleting index
[2014-02-18 15:41:24,810][INFO ][test                     ] Test Get aliases via /{index}/_alias/prefix* (indices.get_alias/10_basic) finished
[2014-02-18 15:41:24,810][INFO ][test                     ] Test Get aliases via /_all/_alias/{name} (indices.get_alias/10_basic) started
[2014-02-18 15:41:24,810][INFO ][test.rest.junit          ] cleaning up before test [indices.get_alias/10_basic: Get aliases via /_all/_alias/{name}]
[2014-02-18 15:41:24,816][INFO ][test.rest.junit          ] start test [indices.get_alias/10_basic: Get aliases via /_all/_alias/{name}]
[2014-02-18 15:41:24,816][INFO ][test.rest.junit          ] start setup test [indices.get_alias/10_basic: Get aliases via /_all/_alias/{name}]
[2014-02-18 15:41:24,828][INFO ][cluster.metadata         ] [node_0] [test_index] creating index, cause [api], shards [5]/[1], mappings []
[2014-02-18 15:41:24,892][INFO ][cluster.metadata         ] [node_0] [test_index_2] creating index, cause [api], shards [5]/[1], mappings []
[2014-02-18 15:41:24,948][INFO ][test.rest.junit          ] end setup test [indices.get_alias/10_basic: Get aliases via /_all/_alias/{name}]
[2014-02-18 15:41:24,952][INFO ][test.rest.junit          ] end test [indices.get_alias/10_basic: Get aliases via /_all/_alias/{name}]
[2014-02-18 15:41:24,952][INFO ][test.rest.junit          ] cleaning up after test [indices.get_alias/10_basic: Get aliases via /_all/_alias/{name}]
[2014-02-18 15:41:24,954][INFO ][cluster.metadata         ] [node_0] [test_index_2] deleting index
[2014-02-18 15:41:24,969][INFO ][cluster.metadata         ] [node_0] [test_index] deleting index
[2014-02-18 15:41:24,989][INFO ][test                     ] Test Get aliases via /_all/_alias/{name} (indices.get_alias/10_basic) finished
[2014-02-18 15:41:24,990][INFO ][test                     ] Test Get aliases via /{index}/_alias/_all (indices.get_alias/10_basic) started
[2014-02-18 15:41:24,990][INFO ][test.rest.junit          ] cleaning up before test [indices.get_alias/10_basic: Get aliases via /{index}/_alias/_all]
[2014-02-18 15:41:24,994][INFO ][test.rest.junit          ] start test [indices.get_alias/10_basic: Get aliases via /{index}/_alias/_all]
[2014-02-18 15:41:24,994][INFO ][test.rest.junit          ] start setup test [indices.get_alias/10_basic: Get aliases via /{index}/_alias/_all]
[2014-02-18 15:41:25,009][INFO ][cluster.metadata         ] [node_0] [test_index] creating index, cause [api], shards [5]/[1], mappings []
[2014-02-18 15:41:25,064][INFO ][cluster.metadata         ] [node_0] [test_index_2] creating index, cause [api], shards [5]/[1], mappings []
[2014-02-18 15:41:25,170][INFO ][test.rest.junit          ] end setup test [indices.get_alias/10_basic: Get aliases via /{index}/_alias/_all]
[2014-02-18 15:41:25,173][INFO ][test.rest.junit          ] end test [indices.get_alias/10_basic: Get aliases via /{index}/_alias/_all]
[2014-02-18 15:41:25,173][INFO ][test.rest.junit          ] cleaning up after test [indices.get_alias/10_basic: Get aliases via /{index}/_alias/_all]
[2014-02-18 15:41:25,175][INFO ][cluster.metadata         ] [node_0] [test_index_2] deleting index
[2014-02-18 15:41:25,190][INFO ][cluster.metadata         ] [node_0] [test_index] deleting index
[2014-02-18 15:41:25,203][INFO ][test                     ] Test Get aliases via /{index}/_alias/_all (indices.get_alias/10_basic) finished
[2014-02-18 15:41:25,203][INFO ][test                     ] Test Existent and non-existent alias returns just the existing (indices.get_alias/10_basic) started
[2014-02-18 15:41:25,203][INFO ][test.rest.junit          ] cleaning up before test [indices.get_alias/10_basic: Existent and non-existent alias returns just the existing]
[2014-02-18 15:41:25,208][INFO ][test.rest.junit          ] start test [indices.get_alias/10_basic: Existent and non-existent alias returns just the existing]
[2014-02-18 15:41:25,208][INFO ][test.rest.junit          ] start setup test [indices.get_alias/10_basic: Existent and non-existent alias returns just the existing]
[2014-02-18 15:41:25,219][INFO ][cluster.metadata         ] [node_0] [test_index] creating index, cause [api], shards [5]/[1], mappings []
[2014-02-18 15:41:25,261][INFO ][cluster.metadata         ] [node_0] [test_index_2] creating index, cause [api], shards [5]/[1], mappings []
[2014-02-18 15:41:25,344][INFO ][test.rest.junit          ] end setup test [indices.get_alias/10_basic: Existent and non-existent alias returns just the existing]
[2014-02-18 15:41:25,348][INFO ][test.rest.junit          ] end test [indices.get_alias/10_basic: Existent and non-existent alias returns just the existing]
[2014-02-18 15:41:25,348][INFO ][test.rest.junit          ] cleaning up after test [indices.get_alias/10_basic: Existent and non-existent alias returns just the existing]
[2014-02-18 15:41:25,351][INFO ][cluster.metadata         ] [node_0] [test_index_2] deleting index
[2014-02-18 15:41:25,365][INFO ][cluster.metadata         ] [node_0] [test_index] deleting index
[2014-02-18 15:41:25,384][INFO ][test                     ] Test Existent and non-existent alias returns just the existing (indices.get_alias/10_basic) finished
[2014-02-18 15:41:25,385][INFO ][test                     ] Test Get all aliases via /{index}/_alias/ (indices.get_alias/10_basic) started
[2014-02-18 15:41:25,385][INFO ][test.rest.junit          ] cleaning up before test [indices.get_alias/10_basic: Get all aliases via /{index}/_alias/]
[2014-02-18 15:41:25,391][INFO ][test.rest.junit          ] start test [indices.get_alias/10_basic: Get all aliases via /{index}/_alias/]
[2014-02-18 15:41:25,392][INFO ][test.rest.junit          ] start setup test [indices.get_alias/10_basic: Get all aliases via /{index}/_alias/]
[2014-02-18 15:41:25,406][INFO ][cluster.metadata         ] [node_0] [test_index] creating index, cause [api], shards [5]/[1], mappings []
[2014-02-18 15:41:25,454][INFO ][cluster.metadata         ] [node_0] [test_index_2] creating index, cause [api], shards [5]/[1], mappings []
[2014-02-18 15:41:25,519][INFO ][test.rest.junit          ] end setup test [indices.get_alias/10_basic: Get all aliases via /{index}/_alias/]
[2014-02-18 15:41:25,522][INFO ][test.rest.junit          ] end test [indices.get_alias/10_basic: Get all aliases via /{index}/_alias/]
[2014-02-18 15:41:25,522][INFO ][test.rest.junit          ] cleaning up after test [indices.get_alias/10_basic: Get all aliases via /{index}/_alias/]
[2014-02-18 15:41:25,524][INFO ][cluster.metadata         ] [node_0] [test_index_2] deleting index
[2014-02-18 15:41:25,535][INFO ][cluster.metadata         ] [node_0] [test_index] deleting index
[2014-02-18 15:41:25,551][INFO ][test                     ] Test Get all aliases via /{index}/_alias/ (indices.get_alias/10_basic) finished
[2014-02-18 15:41:25,552][INFO ][test                     ] Test Getting alias on an non-existent index should return 404 (indices.get_alias/10_basic) started
[2014-02-18 15:41:25,552][INFO ][test.rest.junit          ] cleaning up before test [indices.get_alias/10_basic: Getting alias on an non-existent index should return 404]
[2014-02-18 15:41:25,557][INFO ][test.rest.junit          ] start test [indices.get_alias/10_basic: Getting alias on an non-existent index should return 404]
[2014-02-18 15:41:25,557][INFO ][test.rest.junit          ] start setup test [indices.get_alias/10_basic: Getting alias on an non-existent index should return 404]
[2014-02-18 15:41:25,576][INFO ][cluster.metadata         ] [node_0] [test_index] creating index, cause [api], shards [5]/[1], mappings []
[2014-02-18 15:41:25,637][INFO ][cluster.metadata         ] [node_0] [test_index_2] creating index, cause [api], shards [5]/[1], mappings []
[2014-02-18 15:41:25,694][INFO ][test.rest.junit          ] end setup test [indices.get_alias/10_basic: Getting alias on an non-existent index should return 404]
[2014-02-18 15:41:25,698][INFO ][test.rest.junit          ] end test [indices.get_alias/10_basic: Getting alias on an non-existent index should return 404]
[2014-02-18 15:41:25,699][INFO ][test.rest.junit          ] cleaning up after test [indices.get_alias/10_basic: Getting alias on an non-existent index should return 404]
[2014-02-18 15:41:25,701][INFO ][cluster.metadata         ] [node_0] [test_index_2] deleting index
[2014-02-18 15:41:25,729][INFO ][cluster.metadata         ] [node_0] [test_index] deleting index
[2014-02-18 15:41:25,771][INFO ][test                     ] Test Getting alias on an non-existent index should return 404 (indices.get_alias/10_basic) finished
[2014-02-18 15:41:25,772][INFO ][test                     ] Test Get all aliases via /_alias (indices.get_alias/10_basic) started
[2014-02-18 15:41:25,772][INFO ][test.rest.junit          ] cleaning up before test [indices.get_alias/10_basic: Get all aliases via /_alias]
[2014-02-18 15:41:25,781][INFO ][test.rest.junit          ] start test [indices.get_alias/10_basic: Get all aliases via /_alias]
[2014-02-18 15:41:25,782][INFO ][test.rest.junit          ] start setup test [indices.get_alias/10_basic: Get all aliases via /_alias]
[2014-02-18 15:41:25,836][INFO ][cluster.metadata         ] [node_0] [test_index] creating index, cause [api], shards [5]/[1], mappings []
[2014-02-18 15:41:26,086][INFO ][cluster.metadata         ] [node_0] [test_index_2] creating index, cause [api], shards [5]/[1], mappings []
[2014-02-18 15:41:26,255][INFO ][test.rest.junit          ] end setup test [indices.get_alias/10_basic: Get all aliases via /_alias]
[2014-02-18 15:41:26,258][INFO ][test.rest.junit          ] end test [indices.get_alias/10_basic: Get all aliases via /_alias]
[2014-02-18 15:41:26,258][INFO ][test.rest.junit          ] cleaning up after test [indices.get_alias/10_basic: Get all aliases via /_alias]
[2014-02-18 15:41:26,261][INFO ][cluster.metadata         ] [node_0] [test_index_2] deleting index
[2014-02-18 15:41:26,276][INFO ][cluster.metadata         ] [node_0] [test_index] deleting index
[2014-02-18 15:41:26,298][INFO ][test                     ] Test Get all aliases via /_alias (indices.get_alias/10_basic) finished
[2014-02-18 15:41:26,299][INFO ][test                     ] Test Get alias with local flag (indices.get_alias/10_basic) started
[2014-02-18 15:41:26,299][INFO ][test.rest.junit          ] cleaning up before test [indices.get_alias/10_basic: Get alias with local flag]
[2014-02-18 15:41:26,305][INFO ][test.rest.junit          ] start test [indices.get_alias/10_basic: Get alias with local flag]
[2014-02-18 15:41:26,306][INFO ][test.rest.junit          ] start setup test [indices.get_alias/10_basic: Get alias with local flag]
[2014-02-18 15:41:26,323][INFO ][cluster.metadata         ] [node_0] [test_index] creating index, cause [api], shards [5]/[1], mappings []
[2014-02-18 15:41:26,407][INFO ][cluster.metadata         ] [node_0] [test_index_2] creating index, cause [api], shards [5]/[1], mappings []
[2014-02-18 15:41:26,501][INFO ][test.rest.junit          ] end setup test [indices.get_alias/10_basic: Get alias with local flag]
[2014-02-18 15:41:26,505][INFO ][test.rest.junit          ] end test [indices.get_alias/10_basic: Get alias with local flag]
[2014-02-18 15:41:26,505][INFO ][test.rest.junit          ] cleaning up after test [indices.get_alias/10_basic: Get alias with local flag]
[2014-02-18 15:41:26,508][INFO ][cluster.metadata         ] [node_0] [test_index_2] deleting index
[2014-02-18 15:41:26,516][INFO ][cluster.metadata         ] [node_0] [test_index] deleting index
[2014-02-18 15:41:26,530][INFO ][test                     ] Test Get alias with local flag (indices.get_alias/10_basic) finished
[2014-02-18 15:41:26,531][INFO ][test                     ] Test Non-existent alias on an existing index returns an empty body (indices.get_alias/10_basic) started
[2014-02-18 15:41:26,531][INFO ][test.rest.junit          ] cleaning up before test [indices.get_alias/10_basic: Non-existent alias on an existing index returns an empty body]
[2014-02-18 15:41:26,536][INFO ][test.rest.junit          ] start test [indices.get_alias/10_basic: Non-existent alias on an existing index returns an empty body]
[2014-02-18 15:41:26,536][INFO ][test.rest.junit          ] start setup test [indices.get_alias/10_basic: Non-existent alias on an existing index returns an empty body]
[2014-02-18 15:41:26,552][INFO ][cluster.metadata         ] [node_0] [test_index] creating index, cause [api], shards [5]/[1], mappings []
[2014-02-18 15:41:26,607][INFO ][cluster.metadata         ] [node_0] [test_index_2] creating index, cause [api], shards [5]/[1], mappings []
[2014-02-18 15:41:26,669][INFO ][test.rest.junit          ] end setup test [indices.get_alias/10_basic: Non-existent alias on an existing index returns an empty body]
[2014-02-18 15:41:26,673][INFO ][test.rest.junit          ] end test [indices.get_alias/10_basic: Non-existent alias on an existing index returns an empty body]
[2014-02-18 15:41:26,673][INFO ][test.rest.junit          ] cleaning up after test [indices.get_alias/10_basic: Non-existent alias on an existing index returns an empty body]
[2014-02-18 15:41:26,676][INFO ][cluster.metadata         ] [node_0] [test_index_2] deleting index
[2014-02-18 15:41:26,694][INFO ][cluster.metadata         ] [node_0] [test_index] deleting index
[2014-02-18 15:41:26,718][INFO ][test                     ] Test Non-existent alias on an existing index returns an empty body (indices.get_alias/10_basic) finished
[2014-02-18 15:41:26,718][INFO ][test                     ] Test Get aliases via /pref*/_alias/{name} (indices.get_alias/10_basic) started
[2014-02-18 15:41:26,719][INFO ][test.rest.junit          ] cleaning up before test [indices.get_alias/10_basic: Get aliases via /pref*/_alias/{name}]
[2014-02-18 15:41:26,724][INFO ][test.rest.junit          ] start test [indices.get_alias/10_basic: Get aliases via /pref*/_alias/{name}]
[2014-02-18 15:41:26,724][INFO ][test.rest.junit          ] start setup test [indices.get_alias/10_basic: Get aliases via /pref*/_alias/{name}]
[2014-02-18 15:41:26,738][INFO ][cluster.metadata         ] [node_0] [test_index] creating index, cause [api], shards [5]/[1], mappings []
[2014-02-18 15:41:26,798][INFO ][cluster.metadata         ] [node_0] [test_index_2] creating index, cause [api], shards [5]/[1], mappings []
[2014-02-18 15:41:26,886][INFO ][test.rest.junit          ] end setup test [indices.get_alias/10_basic: Get aliases via /pref*/_alias/{name}]
[2014-02-18 15:41:26,889][INFO ][test.rest.junit          ] end test [indices.get_alias/10_basic: Get aliases via /pref*/_alias/{name}]
[2014-02-18 15:41:26,889][INFO ][test.rest.junit          ] cleaning up after test [indices.get_alias/10_basic: Get aliases via /pref*/_alias/{name}]
[2014-02-18 15:41:26,892][INFO ][cluster.metadata         ] [node_0] [test_index_2] deleting index
[2014-02-18 15:41:26,909][INFO ][cluster.metadata         ] [node_0] [test_index] deleting index
[2014-02-18 15:41:26,925][INFO ][test                     ] Test Get aliases via /pref*/_alias/{name} (indices.get_alias/10_basic) finished
[2014-02-18 15:41:26,925][INFO ][test                     ] Test check delete with index list (indices.delete_warmer/all_path_options) started
[2014-02-18 15:41:26,925][INFO ][test.rest.junit          ] cleaning up before test [indices.delete_warmer/all_path_options: check delete with index list]
[2014-02-18 15:41:26,931][INFO ][test.rest.junit          ] start test [indices.delete_warmer/all_path_options: check delete with index list]
[2014-02-18 15:41:26,931][INFO ][test.rest.junit          ] start setup test [indices.delete_warmer/all_path_options: check delete with index list]
[2014-02-18 15:41:26,946][INFO ][cluster.metadata         ] [node_0] [test_index1] creating index, cause [api], shards [5]/[1], mappings []
[2014-02-18 15:41:26,990][INFO ][cluster.metadata         ] [node_0] [test_index2] creating index, cause [api], shards [5]/[1], mappings []
[2014-02-18 15:41:27,077][INFO ][cluster.metadata         ] [node_0] [foo] creating index, cause [api], shards [5]/[1], mappings []
[2014-02-18 15:41:27,147][INFO ][test.rest.junit          ] end setup test [indices.delete_warmer/all_path_options: check delete with index list]
[2014-02-18 15:41:27,164][INFO ][action.admin.indices.warmer.delete] [node_0] [test_index1] delete warmer [test_warmer1]
[2014-02-18 15:41:27,165][INFO ][action.admin.indices.warmer.delete] [node_0] [test_index2] delete warmer [test_warmer1]
[2014-02-18 15:41:27,174][INFO ][test.rest.junit          ] end test [indices.delete_warmer/all_path_options: check delete with index list]
[2014-02-18 15:41:27,174][INFO ][test.rest.junit          ] cleaning up after test [indices.delete_warmer/all_path_options: check delete with index list]
[2014-02-18 15:41:27,176][INFO ][cluster.metadata         ] [node_0] [foo] deleting index
[2014-02-18 15:41:27,185][INFO ][cluster.metadata         ] [node_0] [test_index2] deleting index
[2014-02-18 15:41:27,199][INFO ][cluster.metadata         ] [node_0] [test_index1] deleting index
[2014-02-18 15:41:27,215][INFO ][test                     ] Test check delete with index list (indices.delete_warmer/all_path_options) finished
[2014-02-18 15:41:27,215][INFO ][test                     ] Test check delete with _all index (indices.delete_warmer/all_path_options) started
[2014-02-18 15:41:27,216][INFO ][test.rest.junit          ] cleaning up before test [indices.delete_warmer/all_path_options: check delete with _all index]
[2014-02-18 15:41:27,221][INFO ][test.rest.junit          ] start test [indices.delete_warmer/all_path_options: check delete with _all index]
[2014-02-18 15:41:27,221][INFO ][test.rest.junit          ] start setup test [indices.delete_warmer/all_path_options: check delete with _all index]
[2014-02-18 15:41:27,234][INFO ][cluster.metadata         ] [node_0] [test_index1] creating index, cause [api], shards [5]/[1], mappings []
[2014-02-18 15:41:27,279][INFO ][cluster.metadata         ] [node_0] [test_index2] creating index, cause [api], shards [5]/[1], mappings []
[2014-02-18 15:41:27,341][INFO ][cluster.metadata         ] [node_0] [foo] creating index, cause [api], shards [5]/[1], mappings []
[2014-02-18 15:41:27,403][INFO ][test.rest.junit          ] end setup test [indices.delete_warmer/all_path_options: check delete with _all index]
[2014-02-18 15:41:27,419][INFO ][action.admin.indices.warmer.delete] [node_0] [foo] delete warmer [test_warmer1]
[2014-02-18 15:41:27,419][INFO ][action.admin.indices.warmer.delete] [node_0] [test_index2] delete warmer [test_warmer1]
[2014-02-18 15:41:27,420][INFO ][action.admin.indices.warmer.delete] [node_0] [test_index1] delete warmer [test_warmer1]
[2014-02-18 15:41:27,427][INFO ][test.rest.junit          ] end test [indices.delete_warmer/all_path_options: check delete with _all index]
[2014-02-18 15:41:27,427][INFO ][test.rest.junit          ] cleaning up after test [indices.delete_warmer/all_path_options: check delete with _all index]
[2014-02-18 15:41:27,429][INFO ][cluster.metadata         ] [node_0] [foo] deleting index
[2014-02-18 15:41:27,441][INFO ][cluster.metadata         ] [node_0] [test_index2] deleting index
[2014-02-18 15:41:27,455][INFO ][cluster.metadata         ] [node_0] [test_index1] deleting index
[2014-02-18 15:41:27,472][INFO ][test                     ] Test check delete with _all index (indices.delete_warmer/all_path_options) finished
[2014-02-18 15:41:27,472][INFO ][test                     ] Test check delete with * index (indices.delete_warmer/all_path_options) started
[2014-02-18 15:41:27,472][INFO ][test.rest.junit          ] cleaning up before test [indices.delete_warmer/all_path_options: check delete with * index]
[2014-02-18 15:41:27,477][INFO ][test.rest.junit          ] start test [indices.delete_warmer/all_path_options: check delete with * index]
[2014-02-18 15:41:27,478][INFO ][test.rest.junit          ] start setup test [indices.delete_warmer/all_path_options: check delete with * index]
[2014-02-18 15:41:27,491][INFO ][cluster.metadata         ] [node_0] [test_index1] creating index, cause [api], shards [5]/[1], mappings []
[2014-02-18 15:41:27,554][INFO ][cluster.metadata         ] [node_0] [test_index2] creating index, cause [api], shards [5]/[1], mappings []
[2014-02-18 15:41:27,749][INFO ][cluster.metadata         ] [node_0] [foo] creating index, cause [api], shards [5]/[1], mappings []
[2014-02-18 15:41:27,850][INFO ][test.rest.junit          ] end setup test [indices.delete_warmer/all_path_options: check delete with * index]
[2014-02-18 15:41:27,867][INFO ][action.admin.indices.warmer.delete] [node_0] [foo] delete warmer [test_warmer1]
[2014-02-18 15:41:27,867][INFO ][action.admin.indices.warmer.delete] [node_0] [test_index2] delete warmer [test_warmer1]
[2014-02-18 15:41:27,868][INFO ][action.admin.indices.warmer.delete] [node_0] [test_index1] delete warmer [test_warmer1]
[2014-02-18 15:41:27,873][INFO ][test.rest.junit          ] end test [indices.delete_warmer/all_path_options: check delete with * index]
[2014-02-18 15:41:27,874][INFO ][test.rest.junit          ] cleaning up after test [indices.delete_warmer/all_path_options: check delete with * index]
[2014-02-18 15:41:27,876][INFO ][cluster.metadata         ] [node_0] [foo] deleting index
[2014-02-18 15:41:27,886][INFO ][cluster.metadata         ] [node_0] [test_index2] deleting index
[2014-02-18 15:41:27,900][INFO ][cluster.metadata         ] [node_0] [test_index1] deleting index
[2014-02-18 15:41:27,917][INFO ][test                     ] Test check delete with * index (indices.delete_warmer/all_path_options) finished
[2014-02-18 15:41:27,917][INFO ][test                     ] Test check delete with blank index and blank test_warmer (indices.delete_warmer/all_path_options) started
[2014-02-18 15:41:27,918][INFO ][test.rest.junit          ] cleaning up before test [indices.delete_warmer/all_path_options: check delete with blank index and blank test_warmer]
[2014-02-18 15:41:27,923][INFO ][test.rest.junit          ] start test [indices.delete_warmer/all_path_options: check delete with blank index and blank test_warmer]
[2014-02-18 15:41:27,923][INFO ][test.rest.junit          ] start setup test [indices.delete_warmer/all_path_options: check delete with blank index and blank test_warmer]
[2014-02-18 15:41:27,935][INFO ][cluster.metadata         ] [node_0] [test_index1] creating index, cause [api], shards [5]/[1], mappings []
[2014-02-18 15:41:27,975][INFO ][cluster.metadata         ] [node_0] [test_index2] creating index, cause [api], shards [5]/[1], mappings []
[2014-02-18 15:41:28,042][INFO ][cluster.metadata         ] [node_0] [foo] creating index, cause [api], shards [5]/[1], mappings []
[2014-02-18 15:41:28,118][INFO ][test.rest.junit          ] end setup test [indices.delete_warmer/all_path_options: check delete with blank index and blank test_warmer]
[2014-02-18 15:41:28,118][INFO ][test.rest.section        ] found [catch: param], no request sent
[2014-02-18 15:41:28,119][INFO ][test.rest.section        ] found [catch: param], no request sent
[2014-02-18 15:41:28,119][INFO ][test.rest.junit          ] end test [indices.delete_warmer/all_path_options: check delete with blank index and blank test_warmer]
[2014-02-18 15:41:28,119][INFO ][test.rest.junit          ] cleaning up after test [indices.delete_warmer/all_path_options: check delete with blank index and blank test_warmer]
[2014-02-18 15:41:28,132][INFO ][cluster.metadata         ] [node_0] [foo] deleting index
[2014-02-18 15:41:28,145][INFO ][cluster.metadata         ] [node_0] [test_index2] deleting index
[2014-02-18 15:41:28,159][INFO ][cluster.metadata         ] [node_0] [test_index1] deleting index
[2014-02-18 15:41:28,176][INFO ][test                     ] Test check delete with blank index and blank test_warmer (indices.delete_warmer/all_path_options) finished
[2014-02-18 15:41:28,176][INFO ][test                     ] Test check delete with prefix* index (indices.delete_warmer/all_path_options) started
[2014-02-18 15:41:28,176][INFO ][test.rest.junit          ] cleaning up before test [indices.delete_warmer/all_path_options: check delete with prefix* index]
[2014-02-18 15:41:28,181][INFO ][test.rest.junit          ] start test [indices.delete_warmer/all_path_options: check delete with prefix* index]
[2014-02-18 15:41:28,182][INFO ][test.rest.junit          ] start setup test [indices.delete_warmer/all_path_options: check delete with prefix* index]
[2014-02-18 15:41:28,191][INFO ][cluster.metadata         ] [node_0] [test_index1] creating index, cause [api], shards [5]/[1], mappings []
[2014-02-18 15:41:28,249][INFO ][cluster.metadata         ] [node_0] [test_index2] creating index, cause [api], shards [5]/[1], mappings []
[2014-02-18 15:41:28,295][INFO ][cluster.metadata         ] [node_0] [foo] creating index, cause [api], shards [5]/[1], mappings []
[2014-02-18 15:41:28,342][INFO ][test.rest.junit          ] end setup test [indices.delete_warmer/all_path_options: check delete with prefix* index]
[2014-02-18 15:41:28,361][INFO ][action.admin.indices.warmer.delete] [node_0] [test_index2] delete warmer [test_warmer1]
[2014-02-18 15:41:28,361][INFO ][action.admin.indices.warmer.delete] [node_0] [test_index1] delete warmer [test_warmer1]
[2014-02-18 15:41:28,368][INFO ][test.rest.junit          ] end test [indices.delete_warmer/all_path_options: check delete with prefix* index]
[2014-02-18 15:41:28,369][INFO ][test.rest.junit          ] cleaning up after test [indices.delete_warmer/all_path_options: check delete with prefix* index]
[2014-02-18 15:41:28,371][INFO ][cluster.metadata         ] [node_0] [foo] deleting index
[2014-02-18 15:41:28,382][INFO ][cluster.metadata         ] [node_0] [test_index2] deleting index
[2014-02-18 15:41:28,395][INFO ][cluster.metadata         ] [node_0] [test_index1] deleting index
[2014-02-18 15:41:28,410][INFO ][test                     ] Test check delete with prefix* index (indices.delete_warmer/all_path_options) finished
[2014-02-18 15:41:28,411][INFO ][test                     ] Test Check setup (indices.delete_warmer/all_path_options) started
[2014-02-18 15:41:28,411][INFO ][test.rest.junit          ] cleaning up before test [indices.delete_warmer/all_path_options: Check setup]
[2014-02-18 15:41:28,417][INFO ][test.rest.junit          ] start test [indices.delete_warmer/all_path_options: Check setup]
[2014-02-18 15:41:28,417][INFO ][test.rest.junit          ] start setup test [indices.delete_warmer/all_path_options: Check setup]
[2014-02-18 15:41:28,427][INFO ][cluster.metadata         ] [node_0] [test_index1] creating index, cause [api], shards [5]/[1], mappings []
[2014-02-18 15:41:28,466][INFO ][cluster.metadata         ] [node_0] [test_index2] creating index, cause [api], shards [5]/[1], mappings []
[2014-02-18 15:41:28,515][INFO ][cluster.metadata         ] [node_0] [foo] creating index, cause [api], shards [5]/[1], mappings []
[2014-02-18 15:41:28,535][INFO ][test.rest.junit          ] end setup test [indices.delete_warmer/all_path_options: Check setup]
[2014-02-18 15:41:28,538][INFO ][test.rest.junit          ] end test [indices.delete_warmer/all_path_options: Check setup]
[2014-02-18 15:41:28,539][INFO ][test.rest.junit          ] cleaning up after test [indices.delete_warmer/all_path_options: Check setup]
[2014-02-18 15:41:28,558][INFO ][cluster.metadata         ] [node_0] [foo] deleting index
[2014-02-18 15:41:28,712][INFO ][cluster.metadata         ] [node_0] [test_index2] deleting index
[2014-02-18 15:41:28,757][INFO ][cluster.metadata         ] [node_0] [test_index1] deleting index
[2014-02-18 15:41:28,802][INFO ][test                     ] Test Check setup (indices.delete_warmer/all_path_options) finished
[2014-02-18 15:41:28,803][INFO ][test                     ] Test check delete with index list and wildcard warmers (indices.delete_warmer/all_path_options) started
[2014-02-18 15:41:28,803][INFO ][test.rest.junit          ] cleaning up before test [indices.delete_warmer/all_path_options: check delete with index list and wildcard warmers]
[2014-02-18 15:41:28,815][INFO ][test.rest.junit          ] start test [indices.delete_warmer/all_path_options: check delete with index list and wildcard warmers]
[2014-02-18 15:41:28,815][INFO ][test.rest.junit          ] start setup test [indices.delete_warmer/all_path_options: check delete with index list and wildcard warmers]
[2014-02-18 15:41:28,856][INFO ][cluster.metadata         ] [node_0] [test_index1] creating index, cause [api], shards [5]/[1], mappings []
[2014-02-18 15:41:28,918][INFO ][cluster.metadata         ] [node_0] [test_index2] creating index, cause [api], shards [5]/[1], mappings []
[2014-02-18 15:41:29,001][INFO ][cluster.metadata         ] [node_0] [foo] creating index, cause [api], shards [5]/[1], mappings []
[2014-02-18 15:41:29,032][INFO ][test.rest.junit          ] end setup test [indices.delete_warmer/all_path_options: check delete with index list and wildcard warmers]
[2014-02-18 15:41:29,054][INFO ][action.admin.indices.warmer.delete] [node_0] [test_index1] delete warmer [test_warmer1]
[2014-02-18 15:41:29,055][INFO ][action.admin.indices.warmer.delete] [node_0] [test_index2] delete warmer [test_warmer1]
[2014-02-18 15:41:29,063][INFO ][test.rest.junit          ] end test [indices.delete_warmer/all_path_options: check delete with index list and wildcard warmers]
[2014-02-18 15:41:29,063][INFO ][test.rest.junit          ] cleaning up after test [indices.delete_warmer/all_path_options: check delete with index list and wildcard warmers]
[2014-02-18 15:41:29,066][INFO ][cluster.metadata         ] [node_0] [foo] deleting index
[2014-02-18 15:41:29,115][INFO ][cluster.metadata         ] [node_0] [test_index2] deleting index
[2014-02-18 15:41:29,128][INFO ][cluster.metadata         ] [node_0] [test_index1] deleting index
[2014-02-18 15:41:29,147][INFO ][test                     ] Test check delete with index list and wildcard warmers (indices.delete_warmer/all_path_options) finished
[2014-02-18 15:41:29,148][INFO ][test                     ] Test check delete with index list and * warmers (indices.delete_warmer/all_path_options) started
[2014-02-18 15:41:29,148][INFO ][test.rest.junit          ] cleaning up before test [indices.delete_warmer/all_path_options: check delete with index list and * warmers]
[2014-02-18 15:41:29,153][INFO ][test.rest.junit          ] start test [indices.delete_warmer/all_path_options: check delete with index list and * warmers]
[2014-02-18 15:41:29,154][INFO ][test.rest.junit          ] start setup test [indices.delete_warmer/all_path_options: check delete with index list and * warmers]
[2014-02-18 15:41:29,166][INFO ][cluster.metadata         ] [node_0] [test_index1] creating index, cause [api], shards [5]/[1], mappings []
[2014-02-18 15:41:29,210][INFO ][cluster.metadata         ] [node_0] [test_index2] creating index, cause [api], shards [5]/[1], mappings []
[2014-02-18 15:41:29,262][INFO ][cluster.metadata         ] [node_0] [foo] creating index, cause [api], shards [5]/[1], mappings []
[2014-02-18 15:41:29,282][INFO ][test.rest.junit          ] end setup test [indices.delete_warmer/all_path_options: check delete with index list and * warmers]
[2014-02-18 15:41:29,300][INFO ][action.admin.indices.warmer.delete] [node_0] [test_index1] delete warmer [test_warmer2]
[2014-02-18 15:41:29,301][INFO ][action.admin.indices.warmer.delete] [node_0] [test_index1] delete warmer [test_warmer1]
[2014-02-18 15:41:29,301][INFO ][action.admin.indices.warmer.delete] [node_0] [test_index2] delete warmer [test_warmer2]
[2014-02-18 15:41:29,301][INFO ][action.admin.indices.warmer.delete] [node_0] [test_index2] delete warmer [test_warmer1]
[2014-02-18 15:41:29,309][INFO ][test.rest.junit          ] end test [indices.delete_warmer/all_path_options: check delete with index list and * warmers]
[2014-02-18 15:41:29,309][INFO ][test.rest.junit          ] cleaning up after test [indices.delete_warmer/all_path_options: check delete with index list and * warmers]
[2014-02-18 15:41:29,311][INFO ][cluster.metadata         ] [node_0] [foo] deleting index
[2014-02-18 15:41:29,387][INFO ][cluster.metadata         ] [node_0] [test_index2] deleting index
[2014-02-18 15:41:29,397][INFO ][cluster.metadata         ] [node_0] [test_index1] deleting index
[2014-02-18 15:41:29,410][INFO ][test                     ] Test check delete with index list and * warmers (indices.delete_warmer/all_path_options) finished
[2014-02-18 15:41:29,410][INFO ][test                     ] Test check 404 on no matching test_warmer (indices.delete_warmer/all_path_options) started
[2014-02-18 15:41:29,410][INFO ][test.rest.junit          ] cleaning up before test [indices.delete_warmer/all_path_options: check 404 on no matching test_warmer]
[2014-02-18 15:41:29,416][INFO ][test.rest.junit          ] start test [indices.delete_warmer/all_path_options: check 404 on no matching test_warmer]
[2014-02-18 15:41:29,416][INFO ][test.rest.junit          ] start setup test [indices.delete_warmer/all_path_options: check 404 on no matching test_warmer]
[2014-02-18 15:41:29,429][INFO ][cluster.metadata         ] [node_0] [test_index1] creating index, cause [api], shards [5]/[1], mappings []
[2014-02-18 15:41:29,469][INFO ][cluster.metadata         ] [node_0] [test_index2] creating index, cause [api], shards [5]/[1], mappings []
[2014-02-18 15:41:29,538][INFO ][cluster.metadata         ] [node_0] [foo] creating index, cause [api], shards [5]/[1], mappings []
[2014-02-18 15:41:29,587][INFO ][test.rest.junit          ] end setup test [indices.delete_warmer/all_path_options: check 404 on no matching test_warmer]
[2014-02-18 15:41:29,665][INFO ][test.rest.junit          ] end test [indices.delete_warmer/all_path_options: check 404 on no matching test_warmer]
[2014-02-18 15:41:29,665][INFO ][test.rest.junit          ] cleaning up after test [indices.delete_warmer/all_path_options: check 404 on no matching test_warmer]
[2014-02-18 15:41:29,670][INFO ][cluster.metadata         ] [node_0] [foo] deleting index
[2014-02-18 15:41:29,771][INFO ][cluster.metadata         ] [node_0] [test_index2] deleting index
[2014-02-18 15:41:29,789][INFO ][cluster.metadata         ] [node_0] [test_index1] deleting index
[2014-02-18 15:41:29,803][INFO ][test                     ] Test check 404 on no matching test_warmer (indices.delete_warmer/all_path_options) finished
[2014-02-18 15:41:29,804][INFO ][test                     ] Test check delete with index list and _all warmers (indices.delete_warmer/all_path_options) started
[2014-02-18 15:41:29,804][INFO ][test.rest.junit          ] cleaning up before test [indices.delete_warmer/all_path_options: check delete with index list and _all warmers]
[2014-02-18 15:41:29,809][INFO ][test.rest.junit          ] start test [indices.delete_warmer/all_path_options: check delete with index list and _all warmers]
[2014-02-18 15:41:29,810][INFO ][test.rest.junit          ] start setup test [indices.delete_warmer/all_path_options: check delete with index list and _all warmers]
[2014-02-18 15:41:29,822][INFO ][cluster.metadata         ] [node_0] [test_index1] creating index, cause [api], shards [5]/[1], mappings []
[2014-02-18 15:41:29,884][INFO ][cluster.metadata         ] [node_0] [test_index2] creating index, cause [api], shards [5]/[1], mappings []
[2014-02-18 15:41:29,942][INFO ][cluster.metadata         ] [node_0] [foo] creating index, cause [api], shards [5]/[1], mappings []
[2014-02-18 15:41:29,958][INFO ][test.rest.junit          ] end setup test [indices.delete_warmer/all_path_options: check delete with index list and _all warmers]
[2014-02-18 15:41:29,977][INFO ][action.admin.indices.warmer.delete] [node_0] [test_index1] delete warmer [test_warmer2]
[2014-02-18 15:41:29,978][INFO ][action.admin.indices.warmer.delete] [node_0] [test_index1] delete warmer [test_warmer1]
[2014-02-18 15:41:29,978][INFO ][action.admin.indices.warmer.delete] [node_0] [test_index2] delete warmer [test_warmer2]
[2014-02-18 15:41:29,978][INFO ][action.admin.indices.warmer.delete] [node_0] [test_index2] delete warmer [test_warmer1]
[2014-02-18 15:41:29,984][INFO ][test.rest.junit          ] end test [indices.delete_warmer/all_path_options: check delete with index list and _all warmers]
[2014-02-18 15:41:29,984][INFO ][test.rest.junit          ] cleaning up after test [indices.delete_warmer/all_path_options: check delete with index list and _all warmers]
[2014-02-18 15:41:29,986][INFO ][cluster.metadata         ] [node_0] [foo] deleting index
[2014-02-18 15:41:29,996][INFO ][cluster.metadata         ] [node_0] [test_index2] deleting index
[2014-02-18 15:41:30,008][INFO ][cluster.metadata         ] [node_0] [test_index1] deleting index
[2014-02-18 15:41:30,022][INFO ][test                     ] Test check delete with index list and _all warmers (indices.delete_warmer/all_path_options) finished
[2014-02-18 15:41:30,023][INFO ][test                     ] Test Help (cat.aliases/10_basic) started
[2014-02-18 15:41:30,023][INFO ][test.rest.junit          ] cleaning up before test [cat.aliases/10_basic: Help]
[2014-02-18 15:41:30,028][INFO ][test.rest.junit          ] start test [cat.aliases/10_basic: Help]
[2014-02-18 15:41:30,028][INFO ][test.rest.junit          ] start setup test [cat.aliases/10_basic: Help]
[2014-02-18 15:41:30,029][INFO ][test.rest.junit          ] end setup test [cat.aliases/10_basic: Help]
[2014-02-18 15:41:30,037][INFO ][test.rest.junit          ] end test [cat.aliases/10_basic: Help]
[2014-02-18 15:41:30,038][INFO ][test.rest.junit          ] cleaning up after test [cat.aliases/10_basic: Help]
[2014-02-18 15:41:30,042][INFO ][test                     ] Test Help (cat.aliases/10_basic) finished
[2014-02-18 15:41:30,043][INFO ][test                     ] Test Column headers (cat.aliases/10_basic) started
[2014-02-18 15:41:30,043][INFO ][test.rest.junit          ] cleaning up before test [cat.aliases/10_basic: Column headers]
[2014-02-18 15:41:30,048][INFO ][test.rest.junit          ] start test [cat.aliases/10_basic: Column headers]
[2014-02-18 15:41:30,048][INFO ][test.rest.junit          ] start setup test [cat.aliases/10_basic: Column headers]
[2014-02-18 15:41:30,048][INFO ][test.rest.junit          ] end setup test [cat.aliases/10_basic: Column headers]
[2014-02-18 15:41:30,059][INFO ][cluster.metadata         ] [node_0] [test] creating index, cause [api], shards [5]/[1], mappings []
[2014-02-18 15:41:30,104][INFO ][test.rest.junit          ] end test [cat.aliases/10_basic: Column headers]
[2014-02-18 15:41:30,104][INFO ][test.rest.junit          ] cleaning up after test [cat.aliases/10_basic: Column headers]
[2014-02-18 15:41:30,107][INFO ][cluster.metadata         ] [node_0] [test] deleting index
[2014-02-18 15:41:30,120][INFO ][test                     ] Test Column headers (cat.aliases/10_basic) finished
[2014-02-18 15:41:30,120][INFO ][test                     ] Test Alias name (cat.aliases/10_basic) started
[2014-02-18 15:41:30,120][INFO ][test.rest.junit          ] cleaning up before test [cat.aliases/10_basic: Alias name]
[2014-02-18 15:41:30,125][INFO ][test.rest.junit          ] start test [cat.aliases/10_basic: Alias name]
[2014-02-18 15:41:30,125][INFO ][test.rest.junit          ] start setup test [cat.aliases/10_basic: Alias name]
[2014-02-18 15:41:30,125][INFO ][test.rest.junit          ] end setup test [cat.aliases/10_basic: Alias name]
[2014-02-18 15:41:30,139][INFO ][cluster.metadata         ] [node_0] [test] creating index, cause [api], shards [5]/[1], mappings []
[2014-02-18 15:41:30,204][INFO ][test.rest.junit          ] end test [cat.aliases/10_basic: Alias name]
[2014-02-18 15:41:30,205][INFO ][test.rest.junit          ] cleaning up after test [cat.aliases/10_basic: Alias name]
[2014-02-18 15:41:30,207][INFO ][cluster.metadata         ] [node_0] [test] deleting index
[2014-02-18 15:41:30,220][INFO ][test                     ] Test Alias name (cat.aliases/10_basic) finished
[2014-02-18 15:41:30,220][INFO ][test                     ] Test Select columns (cat.aliases/10_basic) started
[2014-02-18 15:41:30,220][INFO ][test.rest.junit          ] cleaning up before test [cat.aliases/10_basic: Select columns]
[2014-02-18 15:41:30,225][INFO ][test.rest.junit          ] start test [cat.aliases/10_basic: Select columns]
[2014-02-18 15:41:30,225][INFO ][test.rest.junit          ] start setup test [cat.aliases/10_basic: Select columns]
[2014-02-18 15:41:30,225][INFO ][test.rest.junit          ] end setup test [cat.aliases/10_basic: Select columns]
[2014-02-18 15:41:30,237][INFO ][cluster.metadata         ] [node_0] [test] creating index, cause [api], shards [5]/[1], mappings []
[2014-02-18 15:41:30,275][INFO ][test.rest.junit          ] end test [cat.aliases/10_basic: Select columns]
[2014-02-18 15:41:30,275][INFO ][test.rest.junit          ] cleaning up after test [cat.aliases/10_basic: Select columns]
[2014-02-18 15:41:30,277][INFO ][cluster.metadata         ] [node_0] [test] deleting index
[2014-02-18 15:41:30,288][INFO ][test                     ] Test Select columns (cat.aliases/10_basic) finished
[2014-02-18 15:41:30,289][INFO ][test                     ] Test Empty cluster (cat.aliases/10_basic) started
[2014-02-18 15:41:30,289][INFO ][test.rest.junit          ] cleaning up before test [cat.aliases/10_basic: Empty cluster]
[2014-02-18 15:41:30,293][INFO ][test.rest.junit          ] start test [cat.aliases/10_basic: Empty cluster]
[2014-02-18 15:41:30,294][INFO ][test.rest.junit          ] start setup test [cat.aliases/10_basic: Empty cluster]
[2014-02-18 15:41:30,294][INFO ][test.rest.junit          ] end setup test [cat.aliases/10_basic: Empty cluster]
[2014-02-18 15:41:30,296][INFO ][test.rest.junit          ] end test [cat.aliases/10_basic: Empty cluster]
[2014-02-18 15:41:30,296][INFO ][test.rest.junit          ] cleaning up after test [cat.aliases/10_basic: Empty cluster]
[2014-02-18 15:41:30,301][INFO ][test                     ] Test Empty cluster (cat.aliases/10_basic) finished
[2014-02-18 15:41:30,301][INFO ][test                     ] Test Simple alias (cat.aliases/10_basic) started
[2014-02-18 15:41:30,301][INFO ][test.rest.junit          ] cleaning up before test [cat.aliases/10_basic: Simple alias]
[2014-02-18 15:41:30,305][INFO ][test.rest.junit          ] start test [cat.aliases/10_basic: Simple alias]
[2014-02-18 15:41:30,306][INFO ][test.rest.junit          ] start setup test [cat.aliases/10_basic: Simple alias]
[2014-02-18 15:41:30,306][INFO ][test.rest.junit          ] end setup test [cat.aliases/10_basic: Simple alias]
[2014-02-18 15:41:30,315][INFO ][cluster.metadata         ] [node_0] [test] creating index, cause [api], shards [5]/[1], mappings []
[2014-02-18 15:41:30,361][INFO ][test.rest.junit          ] end test [cat.aliases/10_basic: Simple alias]
[2014-02-18 15:41:30,361][INFO ][test.rest.junit          ] cleaning up after test [cat.aliases/10_basic: Simple alias]
[2014-02-18 15:41:30,363][INFO ][cluster.metadata         ] [node_0] [test] deleting index
[2014-02-18 15:41:30,377][INFO ][test                     ] Test Simple alias (cat.aliases/10_basic) finished
[2014-02-18 15:41:30,377][INFO ][test                     ] Test Complex alias (cat.aliases/10_basic) started
[2014-02-18 15:41:30,378][INFO ][test.rest.junit          ] cleaning up before test [cat.aliases/10_basic: Complex alias]
[2014-02-18 15:41:30,383][INFO ][test.rest.junit          ] start test [cat.aliases/10_basic: Complex alias]
[2014-02-18 15:41:30,383][INFO ][test.rest.junit          ] start setup test [cat.aliases/10_basic: Complex alias]
[2014-02-18 15:41:30,383][INFO ][test.rest.junit          ] end setup test [cat.aliases/10_basic: Complex alias]
[2014-02-18 15:41:30,394][INFO ][cluster.metadata         ] [node_0] [test] creating index, cause [api], shards [5]/[1], mappings []
[2014-02-18 15:41:30,434][INFO ][test.rest.junit          ] end test [cat.aliases/10_basic: Complex alias]
[2014-02-18 15:41:30,435][INFO ][test.rest.junit          ] cleaning up after test [cat.aliases/10_basic: Complex alias]
[2014-02-18 15:41:30,436][INFO ][cluster.metadata         ] [node_0] [test] deleting index
[2014-02-18 15:41:30,449][INFO ][test                     ] Test Complex alias (cat.aliases/10_basic) finished
[2014-02-18 15:41:30,449][INFO ][test                     ] Test List of strings (bulk/20_list_of_strings) started
[2014-02-18 15:41:30,449][INFO ][test.rest.junit          ] cleaning up before test [bulk/20_list_of_strings: List of strings]
[2014-02-18 15:41:30,454][INFO ][test.rest.junit          ] start test [bulk/20_list_of_strings: List of strings]
[2014-02-18 15:41:30,468][INFO ][cluster.metadata         ] [node_0] [test_index] creating index, cause [auto(bulk api)], shards [5]/[1], mappings []
[2014-02-18 15:41:30,511][INFO ][cluster.metadata         ] [node_0] [test_index] update_mapping [test_type] (dynamic)
[2014-02-18 15:41:30,558][INFO ][test.rest.junit          ] end test [bulk/20_list_of_strings: List of strings]
[2014-02-18 15:41:30,558][INFO ][test.rest.junit          ] cleaning up after test [bulk/20_list_of_strings: List of strings]
[2014-02-18 15:41:30,561][INFO ][cluster.metadata         ] [node_0] [test_index] deleting index
[2014-02-18 15:41:30,591][INFO ][test                     ] Test List of strings (bulk/20_list_of_strings) finished
[2014-02-18 15:41:30,592][INFO ][test                     ] Test One big string (bulk/30_big_string) started
[2014-02-18 15:41:30,592][INFO ][test.rest.junit          ] cleaning up before test [bulk/30_big_string: One big string]
[2014-02-18 15:41:30,604][INFO ][test.rest.junit          ] start test [bulk/30_big_string: One big string]
[2014-02-18 15:41:30,646][INFO ][cluster.metadata         ] [node_0] [test_index] creating index, cause [auto(bulk api)], shards [5]/[1], mappings []
[2014-02-18 15:41:30,784][INFO ][cluster.metadata         ] [node_0] [test_index] update_mapping [test_type] (dynamic)
[2014-02-18 15:41:30,818][INFO ][test.rest.junit          ] end test [bulk/30_big_string: One big string]
[2014-02-18 15:41:30,818][INFO ][test.rest.junit          ] cleaning up after test [bulk/30_big_string: One big string]
[2014-02-18 15:41:30,821][INFO ][cluster.metadata         ] [node_0] [test_index] deleting index
[2014-02-18 15:41:30,836][INFO ][test                     ] Test One big string (bulk/30_big_string) finished
[2014-02-18 15:41:30,837][INFO ][test                     ] Test Array of objects (bulk/10_basic) started
[2014-02-18 15:41:30,837][INFO ][test.rest.junit          ] cleaning up before test [bulk/10_basic: Array of objects]
[2014-02-18 15:41:30,842][INFO ][test.rest.junit          ] start test [bulk/10_basic: Array of objects]
[2014-02-18 15:41:30,855][INFO ][cluster.metadata         ] [node_0] [test_index] creating index, cause [auto(bulk api)], shards [5]/[1], mappings []
[2014-02-18 15:41:30,904][INFO ][cluster.metadata         ] [node_0] [test_index] update_mapping [test_type] (dynamic)
[2014-02-18 15:41:30,921][INFO ][test.rest.junit          ] end test [bulk/10_basic: Array of objects]
[2014-02-18 15:41:30,921][INFO ][test.rest.junit          ] cleaning up after test [bulk/10_basic: Array of objects]
[2014-02-18 15:41:30,923][INFO ][cluster.metadata         ] [node_0] [test_index] deleting index
[2014-02-18 15:41:30,951][INFO ][test                     ] Test Array of objects (bulk/10_basic) finished
[2014-02-18 15:41:30,952][INFO ][test                     ] Test Filtering the cluster state by metadata only should work (cluster.state/20_filtering) started
[2014-02-18 15:41:30,953][INFO ][test.rest.junit          ] cleaning up before test [cluster.state/20_filtering: Filtering the cluster state by metadata only should work]
[2014-02-18 15:41:30,959][INFO ][test.rest.junit          ] start test [cluster.state/20_filtering: Filtering the cluster state by metadata only should work]
[2014-02-18 15:41:30,959][INFO ][test.rest.junit          ] start setup test [cluster.state/20_filtering: Filtering the cluster state by metadata only should work]
[2014-02-18 15:41:30,985][INFO ][cluster.metadata         ] [node_0] [testidx] creating index, cause [auto(index api)], shards [5]/[1], mappings []
[2014-02-18 15:41:31,152][INFO ][cluster.metadata         ] [node_0] [testidx] update_mapping [testtype] (dynamic)
[2014-02-18 15:41:31,169][INFO ][test.rest.junit          ] end setup test [cluster.state/20_filtering: Filtering the cluster state by metadata only should work]
[2014-02-18 15:41:31,177][INFO ][test.rest.junit          ] end test [cluster.state/20_filtering: Filtering the cluster state by metadata only should work]
[2014-02-18 15:41:31,178][INFO ][test.rest.junit          ] cleaning up after test [cluster.state/20_filtering: Filtering the cluster state by metadata only should work]
[2014-02-18 15:41:31,181][INFO ][cluster.metadata         ] [node_0] [testidx] deleting index
[2014-02-18 15:41:31,210][INFO ][test                     ] Test Filtering the cluster state by metadata only should work (cluster.state/20_filtering) finished
[2014-02-18 15:41:31,211][INFO ][test                     ] Test Filtering the cluster state for specific index templates should work  (cluster.state/20_filtering) started
[2014-02-18 15:41:31,211][INFO ][test.rest.junit          ] cleaning up before test [cluster.state/20_filtering: Filtering the cluster state for specific index templates should work ]
[2014-02-18 15:41:31,218][INFO ][test.rest.junit          ] start test [cluster.state/20_filtering: Filtering the cluster state for specific index templates should work ]
[2014-02-18 15:41:31,219][INFO ][test.rest.junit          ] start setup test [cluster.state/20_filtering: Filtering the cluster state for specific index templates should work ]
[2014-02-18 15:41:31,231][INFO ][cluster.metadata         ] [node_0] [testidx] creating index, cause [auto(index api)], shards [5]/[1], mappings []
[2014-02-18 15:41:31,304][INFO ][cluster.metadata         ] [node_0] [testidx] update_mapping [testtype] (dynamic)
[2014-02-18 15:41:31,328][INFO ][test.rest.junit          ] end setup test [cluster.state/20_filtering: Filtering the cluster state for specific index templates should work ]
[2014-02-18 15:41:31,344][INFO ][test.rest.junit          ] end test [cluster.state/20_filtering: Filtering the cluster state for specific index templates should work ]
[2014-02-18 15:41:31,344][INFO ][test.rest.junit          ] cleaning up after test [cluster.state/20_filtering: Filtering the cluster state for specific index templates should work ]
[2014-02-18 15:41:31,346][INFO ][cluster.metadata         ] [node_0] [testidx] deleting index
[2014-02-18 15:41:31,364][INFO ][test                     ] Test Filtering the cluster state for specific index templates should work  (cluster.state/20_filtering) finished
[2014-02-18 15:41:31,365][INFO ][test                     ] Test Filtering the cluster state using _all for indices and metrics should work (cluster.state/20_filtering) started
[2014-02-18 15:41:31,365][INFO ][test.rest.junit          ] cleaning up before test [cluster.state/20_filtering: Filtering the cluster state using _all for indices and metrics should work]
[2014-02-18 15:41:31,371][INFO ][test.rest.junit          ] start test [cluster.state/20_filtering: Filtering the cluster state using _all for indices and metrics should work]
[2014-02-18 15:41:31,372][INFO ][test.rest.junit          ] start setup test [cluster.state/20_filtering: Filtering the cluster state using _all for indices and metrics should work]
[2014-02-18 15:41:31,385][INFO ][cluster.metadata         ] [node_0] [testidx] creating index, cause [auto(index api)], shards [5]/[1], mappings []
[2014-02-18 15:41:31,463][INFO ][cluster.metadata         ] [node_0] [testidx] update_mapping [testtype] (dynamic)
[2014-02-18 15:41:31,482][INFO ][test.rest.junit          ] end setup test [cluster.state/20_filtering: Filtering the cluster state using _all for indices and metrics should work]
[2014-02-18 15:41:31,487][INFO ][test.rest.junit          ] end test [cluster.state/20_filtering: Filtering the cluster state using _all for indices and metrics should work]
[2014-02-18 15:41:31,487][INFO ][test.rest.junit          ] cleaning up after test [cluster.state/20_filtering: Filtering the cluster state using _all for indices and metrics should work]
[2014-02-18 15:41:31,489][INFO ][cluster.metadata         ] [node_0] [testidx] deleting index
[2014-02-18 15:41:31,547][INFO ][test                     ] Test Filtering the cluster state using _all for indices and metrics should work (cluster.state/20_filtering) finished
[2014-02-18 15:41:31,548][INFO ][test                     ] Test Filtering the cluster state by indices should work in routing table and metadata (cluster.state/20_filtering) started
[2014-02-18 15:41:31,548][INFO ][test.rest.junit          ] cleaning up before test [cluster.state/20_filtering: Filtering the cluster state by indices should work in routing table and metadata]
[2014-02-18 15:41:31,553][INFO ][test.rest.junit          ] start test [cluster.state/20_filtering: Filtering the cluster state by indices should work in routing table and metadata]
[2014-02-18 15:41:31,553][INFO ][test.rest.junit          ] start setup test [cluster.state/20_filtering: Filtering the cluster state by indices should work in routing table and metadata]
[2014-02-18 15:41:31,562][INFO ][cluster.metadata         ] [node_0] [testidx] creating index, cause [auto(index api)], shards [5]/[1], mappings []
[2014-02-18 15:41:31,611][INFO ][cluster.metadata         ] [node_0] [testidx] update_mapping [testtype] (dynamic)
[2014-02-18 15:41:31,634][INFO ][test.rest.junit          ] end setup test [cluster.state/20_filtering: Filtering the cluster state by indices should work in routing table and metadata]
[2014-02-18 15:41:31,647][INFO ][cluster.metadata         ] [node_0] [another] creating index, cause [auto(index api)], shards [5]/[1], mappings []
[2014-02-18 15:41:31,689][INFO ][cluster.metadata         ] [node_0] [another] update_mapping [type] (dynamic)
[2014-02-18 15:41:31,711][INFO ][test.rest.junit          ] end test [cluster.state/20_filtering: Filtering the cluster state by indices should work in routing table and metadata]
[2014-02-18 15:41:31,711][INFO ][test.rest.junit          ] cleaning up after test [cluster.state/20_filtering: Filtering the cluster state by indices should work in routing table and metadata]
[2014-02-18 15:41:31,714][INFO ][cluster.metadata         ] [node_0] [another] deleting index
[2014-02-18 15:41:31,750][INFO ][cluster.metadata         ] [node_0] [testidx] deleting index
[2014-02-18 15:41:31,793][INFO ][test                     ] Test Filtering the cluster state by indices should work in routing table and metadata (cluster.state/20_filtering) finished
[2014-02-18 15:41:31,793][INFO ][test                     ] Test Filtering the cluster state by routing table only should work (cluster.state/20_filtering) started
[2014-02-18 15:41:31,794][INFO ][test.rest.junit          ] cleaning up before test [cluster.state/20_filtering: Filtering the cluster state by routing table only should work]
[2014-02-18 15:41:31,803][INFO ][test.rest.junit          ] start test [cluster.state/20_filtering: Filtering the cluster state by routing table only should work]
[2014-02-18 15:41:31,804][INFO ][test.rest.junit          ] start setup test [cluster.state/20_filtering: Filtering the cluster state by routing table only should work]
[2014-02-18 15:41:31,842][INFO ][cluster.metadata         ] [node_0] [testidx] creating index, cause [auto(index api)], shards [5]/[1], mappings []
[2014-02-18 15:41:31,932][INFO ][cluster.metadata         ] [node_0] [testidx] update_mapping [testtype] (dynamic)
[2014-02-18 15:41:31,956][INFO ][test.rest.junit          ] end setup test [cluster.state/20_filtering: Filtering the cluster state by routing table only should work]
[2014-02-18 15:41:31,961][INFO ][test.rest.junit          ] end test [cluster.state/20_filtering: Filtering the cluster state by routing table only should work]
[2014-02-18 15:41:31,961][INFO ][test.rest.junit          ] cleaning up after test [cluster.state/20_filtering: Filtering the cluster state by routing table only should work]
[2014-02-18 15:41:31,963][INFO ][cluster.metadata         ] [node_0] [testidx] deleting index
[2014-02-18 15:41:31,980][INFO ][test                     ] Test Filtering the cluster state by routing table only should work (cluster.state/20_filtering) finished
[2014-02-18 15:41:31,980][INFO ][test                     ] Test Filtering the cluster state by nodes only should work (cluster.state/20_filtering) started
[2014-02-18 15:41:31,980][INFO ][test.rest.junit          ] cleaning up before test [cluster.state/20_filtering: Filtering the cluster state by nodes only should work]
[2014-02-18 15:41:31,986][INFO ][test.rest.junit          ] start test [cluster.state/20_filtering: Filtering the cluster state by nodes only should work]
[2014-02-18 15:41:31,986][INFO ][test.rest.junit          ] start setup test [cluster.state/20_filtering: Filtering the cluster state by nodes only should work]
[2014-02-18 15:41:32,004][INFO ][cluster.metadata         ] [node_0] [testidx] creating index, cause [auto(index api)], shards [5]/[1], mappings []
[2014-02-18 15:41:32,076][INFO ][cluster.metadata         ] [node_0] [testidx] update_mapping [testtype] (dynamic)
[2014-02-18 15:41:32,094][INFO ][test.rest.junit          ] end setup test [cluster.state/20_filtering: Filtering the cluster state by nodes only should work]
[2014-02-18 15:41:32,097][INFO ][test.rest.junit          ] end test [cluster.state/20_filtering: Filtering the cluster state by nodes only should work]
[2014-02-18 15:41:32,098][INFO ][test.rest.junit          ] cleaning up after test [cluster.state/20_filtering: Filtering the cluster state by nodes only should work]
[2014-02-18 15:41:32,100][INFO ][cluster.metadata         ] [node_0] [testidx] deleting index
[2014-02-18 15:41:32,118][INFO ][test                     ] Test Filtering the cluster state by nodes only should work (cluster.state/20_filtering) finished
[2014-02-18 15:41:32,118][INFO ][test                     ] Test Filtering the cluster state by blocks should return the blocks field even if the response is empty (cluster.state/20_filtering) started
[2014-02-18 15:41:32,118][INFO ][test.rest.junit          ] cleaning up before test [cluster.state/20_filtering: Filtering the cluster state by blocks should return the blocks field even if the response is empty]
[2014-02-18 15:41:32,127][INFO ][test.rest.junit          ] start test [cluster.state/20_filtering: Filtering the cluster state by blocks should return the blocks field even if the response is empty]
[2014-02-18 15:41:32,127][INFO ][test.rest.junit          ] start setup test [cluster.state/20_filtering: Filtering the cluster state by blocks should return the blocks field even if the response is empty]
[2014-02-18 15:41:32,142][INFO ][cluster.metadata         ] [node_0] [testidx] creating index, cause [auto(index api)], shards [5]/[1], mappings []
[2014-02-18 15:41:32,183][INFO ][cluster.metadata         ] [node_0] [testidx] update_mapping [testtype] (dynamic)
[2014-02-18 15:41:32,198][INFO ][test.rest.junit          ] end setup test [cluster.state/20_filtering: Filtering the cluster state by blocks should return the blocks field even if the response is empty]
[2014-02-18 15:41:32,201][INFO ][test.rest.junit          ] end test [cluster.state/20_filtering: Filtering the cluster state by blocks should return the blocks field even if the response is empty]
[2014-02-18 15:41:32,201][INFO ][test.rest.junit          ] cleaning up after test [cluster.state/20_filtering: Filtering the cluster state by blocks should return the blocks field even if the response is empty]
[2014-02-18 15:41:32,203][INFO ][cluster.metadata         ] [node_0] [testidx] deleting index
[2014-02-18 15:41:32,216][INFO ][test                     ] Test Filtering the cluster state by blocks should return the blocks field even if the response is empty (cluster.state/20_filtering) finished
[2014-02-18 15:41:32,216][INFO ][test                     ] Test Filtering the cluster state by blocks should return the blocks (cluster.state/20_filtering) started
[2014-02-18 15:41:32,216][INFO ][test.rest.junit          ] cleaning up before test [cluster.state/20_filtering: Filtering the cluster state by blocks should return the blocks]
[2014-02-18 15:41:32,221][INFO ][test.rest.junit          ] start test [cluster.state/20_filtering: Filtering the cluster state by blocks should return the blocks]
[2014-02-18 15:41:32,221][INFO ][test.rest.junit          ] start setup test [cluster.state/20_filtering: Filtering the cluster state by blocks should return the blocks]
[2014-02-18 15:41:32,233][INFO ][cluster.metadata         ] [node_0] [testidx] creating index, cause [auto(index api)], shards [5]/[1], mappings []
[2014-02-18 15:41:32,267][INFO ][cluster.metadata         ] [node_0] [testidx] update_mapping [testtype] (dynamic)
[2014-02-18 15:41:32,280][INFO ][test.rest.junit          ] end setup test [cluster.state/20_filtering: Filtering the cluster state by blocks should return the blocks]
[2014-02-18 15:41:32,286][INFO ][test.rest.junit          ] end test [cluster.state/20_filtering: Filtering the cluster state by blocks should return the blocks]
[2014-02-18 15:41:32,286][INFO ][test.rest.junit          ] cleaning up after test [cluster.state/20_filtering: Filtering the cluster state by blocks should return the blocks]
[2014-02-18 15:41:32,288][INFO ][cluster.metadata         ] [node_0] [testidx] deleting index
[2014-02-18 15:41:32,303][INFO ][test                     ] Test Filtering the cluster state by blocks should return the blocks (cluster.state/20_filtering) finished
[2014-02-18 15:41:32,303][INFO ][test                     ] Test cluster state test (cluster.state/10_basic) started
[2014-02-18 15:41:32,303][INFO ][test.rest.junit          ] cleaning up before test [cluster.state/10_basic: cluster state test]
[2014-02-18 15:41:32,308][INFO ][test.rest.junit          ] start test [cluster.state/10_basic: cluster state test]
[2014-02-18 15:41:32,310][INFO ][test.rest.junit          ] end test [cluster.state/10_basic: cluster state test]
[2014-02-18 15:41:32,310][INFO ][test.rest.junit          ] cleaning up after test [cluster.state/10_basic: cluster state test]
[2014-02-18 15:41:32,314][INFO ][test                     ] Test cluster state test (cluster.state/10_basic) finished
[2014-02-18 15:41:32,315][INFO ][test                     ] Test Optimize index tests (indices.optimize/10_basic) started
[2014-02-18 15:41:32,315][INFO ][test.rest.junit          ] cleaning up before test [indices.optimize/10_basic: Optimize index tests]
[2014-02-18 15:41:32,319][INFO ][test.rest.junit          ] start test [indices.optimize/10_basic: Optimize index tests]
[2014-02-18 15:41:32,329][INFO ][cluster.metadata         ] [node_0] [testing] creating index, cause [api], shards [5]/[1], mappings []
[2014-02-18 15:41:32,368][INFO ][test.rest.junit          ] end test [indices.optimize/10_basic: Optimize index tests]
[2014-02-18 15:41:32,368][INFO ][test.rest.junit          ] cleaning up after test [indices.optimize/10_basic: Optimize index tests]
[2014-02-18 15:41:32,371][INFO ][cluster.metadata         ] [node_0] [testing] deleting index
[2014-02-18 15:41:32,386][INFO ][test                     ] Test Optimize index tests (indices.optimize/10_basic) finished
[2014-02-18 15:41:32,387][INFO ][test                     ] Test Optype (index/20_optype) started
[2014-02-18 15:41:32,388][INFO ][test.rest.junit          ] cleaning up before test [index/20_optype: Optype]
[2014-02-18 15:41:32,393][INFO ][test.rest.junit          ] start test [index/20_optype: Optype]
[2014-02-18 15:41:32,410][INFO ][cluster.metadata         ] [node_0] [test_1] creating index, cause [auto(index api)], shards [5]/[1], mappings []
[2014-02-18 15:41:32,448][INFO ][cluster.metadata         ] [node_0] [test_1] update_mapping [test] (dynamic)
[2014-02-18 15:41:32,455][INFO ][test.rest.junit          ] end test [index/20_optype: Optype]
[2014-02-18 15:41:32,455][INFO ][test.rest.junit          ] cleaning up after test [index/20_optype: Optype]
[2014-02-18 15:41:32,457][INFO ][cluster.metadata         ] [node_0] [test_1] deleting index
[2014-02-18 15:41:32,471][INFO ][test                     ] Test Optype (index/20_optype) finished
[2014-02-18 15:41:32,471][INFO ][test                     ] Test Parent with routing (index/55_parent_with_routing) started
[2014-02-18 15:41:32,471][INFO ][test.rest.junit          ] cleaning up before test [index/55_parent_with_routing: Parent with routing]
[2014-02-18 15:41:32,476][INFO ][test.rest.junit          ] start test [index/55_parent_with_routing: Parent with routing]
[2014-02-18 15:41:32,487][INFO ][cluster.metadata         ] [node_0] [test_1] creating index, cause [api], shards [5]/[0], mappings [test]
[2014-02-18 15:41:32,737][INFO ][cluster.metadata         ] [node_0] [test_1] update_mapping [test] (dynamic)
[2014-02-18 15:41:32,748][INFO ][test.rest.junit          ] end test [index/55_parent_with_routing: Parent with routing]
[2014-02-18 15:41:32,748][INFO ][test.rest.junit          ] cleaning up after test [index/55_parent_with_routing: Parent with routing]
[2014-02-18 15:41:32,750][INFO ][cluster.metadata         ] [node_0] [test_1] deleting index
[2014-02-18 15:41:32,764][INFO ][test                     ] Test Parent with routing (index/55_parent_with_routing) finished
[2014-02-18 15:41:32,765][INFO ][test                     ] Test External version (index/35_external_version) started
[2014-02-18 15:41:32,765][INFO ][test.rest.junit          ] cleaning up before test [index/35_external_version: External version]
[2014-02-18 15:41:32,769][INFO ][test.rest.junit          ] start test [index/35_external_version: External version]
[2014-02-18 15:41:32,779][INFO ][cluster.metadata         ] [node_0] [test_1] creating index, cause [auto(index api)], shards [5]/[1], mappings []
[2014-02-18 15:41:32,813][INFO ][cluster.metadata         ] [node_0] [test_1] update_mapping [test] (dynamic)
[2014-02-18 15:41:32,820][INFO ][test.rest.junit          ] end test [index/35_external_version: External version]
[2014-02-18 15:41:32,820][INFO ][test.rest.junit          ] cleaning up after test [index/35_external_version: External version]
[2014-02-18 15:41:32,822][INFO ][cluster.metadata         ] [node_0] [test_1] deleting index
[2014-02-18 15:41:32,838][INFO ][test                     ] Test External version (index/35_external_version) finished
[2014-02-18 15:41:32,838][INFO ][test                     ] Test Parent (index/50_parent) started
[2014-02-18 15:41:32,838][INFO ][test.rest.junit          ] cleaning up before test [index/50_parent: Parent]
[2014-02-18 15:41:32,843][INFO ][test.rest.junit          ] start test [index/50_parent: Parent]
[2014-02-18 15:41:32,856][INFO ][cluster.metadata         ] [node_0] [test_1] creating index, cause [api], shards [5]/[1], mappings [test]
[2014-02-18 15:41:33,098][INFO ][cluster.metadata         ] [node_0] [test_1] update_mapping [test] (dynamic)
[2014-02-18 15:41:33,102][INFO ][test.rest.junit          ] end test [index/50_parent: Parent]
[2014-02-18 15:41:33,102][INFO ][test.rest.junit          ] cleaning up after test [index/50_parent: Parent]
[2014-02-18 15:41:33,104][INFO ][cluster.metadata         ] [node_0] [test_1] deleting index
[2014-02-18 15:41:33,119][INFO ][test                     ] Test Parent (index/50_parent) finished
[2014-02-18 15:41:33,119][INFO ][test                     ] Test Refresh (index/60_refresh) started
[2014-02-18 15:41:33,119][INFO ][test.rest.junit          ] cleaning up before test [index/60_refresh: Refresh]
[2014-02-18 15:41:33,124][INFO ][test.rest.junit          ] start test [index/60_refresh: Refresh]
[2014-02-18 15:41:33,136][INFO ][cluster.metadata         ] [node_0] [test_1] creating index, cause [api], shards [5]/[1], mappings []
[2014-02-18 15:41:33,373][INFO ][cluster.metadata         ] [node_0] [test_1] update_mapping [test] (dynamic)
[2014-02-18 15:41:33,398][INFO ][test.rest.junit          ] end test [index/60_refresh: Refresh]
[2014-02-18 15:41:33,398][INFO ][test.rest.junit          ] cleaning up after test [index/60_refresh: Refresh]
[2014-02-18 15:41:33,400][INFO ][cluster.metadata         ] [node_0] [test_1] deleting index
[2014-02-18 15:41:33,415][INFO ][test                     ] Test Refresh (index/60_refresh) finished
[2014-02-18 15:41:33,416][INFO ][test                     ] Test TTL (index/75_ttl) started
[2014-02-18 15:41:33,416][INFO ][test.rest.junit          ] cleaning up before test [index/75_ttl: TTL]
[2014-02-18 15:41:33,420][INFO ][test.rest.junit          ] start test [index/75_ttl: TTL]
[2014-02-18 15:41:33,431][INFO ][cluster.metadata         ] [node_0] [test_1] creating index, cause [api], shards [5]/[1], mappings [test]
[2014-02-18 15:41:33,664][INFO ][cluster.metadata         ] [node_0] [test_1] update_mapping [test] (dynamic)
[2014-02-18 15:41:33,684][INFO ][test.rest.junit          ] end test [index/75_ttl: TTL]
[2014-02-18 15:41:33,684][INFO ][test.rest.junit          ] cleaning up after test [index/75_ttl: TTL]
[2014-02-18 15:41:33,687][INFO ][cluster.metadata         ] [node_0] [test_1] deleting index
[2014-02-18 15:41:33,703][INFO ][test                     ] Test TTL (index/75_ttl) finished
[2014-02-18 15:41:33,703][INFO ][test                     ] Test Index without ID (index/15_without_id) started
[2014-02-18 15:41:33,703][INFO ][test.rest.junit          ] cleaning up before test [index/15_without_id: Index without ID]
[2014-02-18 15:41:33,708][INFO ][test.rest.junit          ] start test [index/15_without_id: Index without ID]
[2014-02-18 15:41:33,718][INFO ][cluster.metadata         ] [node_0] [test_1] creating index, cause [auto(index api)], shards [5]/[1], mappings []
[2014-02-18 15:41:33,761][INFO ][cluster.metadata         ] [node_0] [test_1] update_mapping [test] (dynamic)
[2014-02-18 15:41:33,766][INFO ][test.rest.junit          ] end test [index/15_without_id: Index without ID]
[2014-02-18 15:41:33,766][INFO ][test.rest.junit          ] cleaning up after test [index/15_without_id: Index without ID]
[2014-02-18 15:41:33,769][INFO ][cluster.metadata         ] [node_0] [test_1] deleting index
[2014-02-18 15:41:33,784][INFO ][test                     ] Test Index without ID (index/15_without_id) finished
[2014-02-18 15:41:33,784][INFO ][test                     ] Test Timestamp (index/70_timestamp) started
[2014-02-18 15:41:33,784][INFO ][test.rest.junit          ] cleaning up before test [index/70_timestamp: Timestamp]
[2014-02-18 15:41:33,788][INFO ][test.rest.junit          ] start test [index/70_timestamp: Timestamp]
[2014-02-18 15:41:33,799][INFO ][cluster.metadata         ] [node_0] [test_1] creating index, cause [api], shards [5]/[1], mappings [test]
[2014-02-18 15:41:34,033][INFO ][cluster.metadata         ] [node_0] [test_1] update_mapping [test] (dynamic)
[2014-02-18 15:41:34,047][INFO ][test.rest.junit          ] end test [index/70_timestamp: Timestamp]
[2014-02-18 15:41:34,048][INFO ][test.rest.junit          ] cleaning up after test [index/70_timestamp: Timestamp]
[2014-02-18 15:41:34,050][INFO ][cluster.metadata         ] [node_0] [test_1] deleting index
[2014-02-18 15:41:34,063][INFO ][test                     ] Test Timestamp (index/70_timestamp) finished
[2014-02-18 15:41:34,063][INFO ][test                     ] Test Routing (index/40_routing) started
[2014-02-18 15:41:34,063][INFO ][test.rest.junit          ] cleaning up before test [index/40_routing: Routing]
[2014-02-18 15:41:34,068][INFO ][test.rest.junit          ] start test [index/40_routing: Routing]
[2014-02-18 15:41:34,077][INFO ][cluster.metadata         ] [node_0] [test_1] creating index, cause [api], shards [5]/[0], mappings []
[2014-02-18 15:41:34,315][INFO ][cluster.metadata         ] [node_0] [test_1] update_mapping [test] (dynamic)
[2014-02-18 15:41:34,322][INFO ][test.rest.junit          ] end test [index/40_routing: Routing]
[2014-02-18 15:41:34,322][INFO ][test.rest.junit          ] cleaning up after test [index/40_routing: Routing]
[2014-02-18 15:41:34,324][INFO ][cluster.metadata         ] [node_0] [test_1] deleting index
[2014-02-18 15:41:34,349][INFO ][test                     ] Test Routing (index/40_routing) finished
[2014-02-18 15:41:34,350][INFO ][test                     ] Test Index with ID (index/10_with_id) started
[2014-02-18 15:41:34,350][INFO ][test.rest.junit          ] cleaning up before test [index/10_with_id: Index with ID]
[2014-02-18 15:41:34,356][INFO ][test.rest.junit          ] start test [index/10_with_id: Index with ID]
[2014-02-18 15:41:34,432][INFO ][cluster.metadata         ] [node_0] [test-weird-index-中文] creating index, cause [auto(index api)], shards [5]/[1], mappings []
[2014-02-18 15:41:34,500][WARN ][index.mapper             ] [node_0] [test-weird-index-中文] Type [weird.type] contains a '.', it is recommended not to include it within a type name
[2014-02-18 15:41:34,502][WARN ][index.mapper             ] [node_0] [test-weird-index-中文] Type [weird.type] contains a '.', it is recommended not to include it within a type name
[2014-02-18 15:41:34,503][INFO ][cluster.metadata         ] [node_0] [test-weird-index-中文] update_mapping [weird.type] (dynamic)
[2014-02-18 15:41:34,518][INFO ][test.rest.junit          ] end test [index/10_with_id: Index with ID]
[2014-02-18 15:41:34,518][INFO ][test.rest.junit          ] cleaning up after test [index/10_with_id: Index with ID]
[2014-02-18 15:41:34,521][INFO ][cluster.metadata         ] [node_0] [test-weird-index-中文] deleting index
[2014-02-18 15:41:34,547][INFO ][test                     ] Test Index with ID (index/10_with_id) finished
[2014-02-18 15:41:34,547][INFO ][test                     ] Test Internal version (index/30_internal_version) started
[2014-02-18 15:41:34,548][INFO ][test.rest.junit          ] cleaning up before test [index/30_internal_version: Internal version]
[2014-02-18 15:41:34,553][INFO ][test.rest.junit          ] start test [index/30_internal_version: Internal version]
[2014-02-18 15:41:34,573][INFO ][cluster.metadata         ] [node_0] [test_1] creating index, cause [auto(index api)], shards [5]/[1], mappings []
[2014-02-18 15:41:34,779][INFO ][cluster.metadata         ] [node_0] [test_1] update_mapping [test] (dynamic)
[2014-02-18 15:41:34,799][INFO ][test.rest.junit          ] end test [index/30_internal_version: Internal version]
[2014-02-18 15:41:34,799][INFO ][test.rest.junit          ] cleaning up after test [index/30_internal_version: Internal version]
[2014-02-18 15:41:34,801][INFO ][cluster.metadata         ] [node_0] [test_1] deleting index
[2014-02-18 15:41:34,822][INFO ][test                     ] Test Internal version (index/30_internal_version) finished
[2014-02-18 15:41:34,822][INFO ][test                     ] Test Basic tests for multi termvector get (mtermvectors/10_basic) started
[2014-02-18 15:41:34,822][INFO ][test.rest.junit          ] cleaning up before test [mtermvectors/10_basic: Basic tests for multi termvector get]
[2014-02-18 15:41:34,828][INFO ][test.rest.junit          ] start test [mtermvectors/10_basic: Basic tests for multi termvector get]
[2014-02-18 15:41:34,829][INFO ][test.rest.junit          ] start setup test [mtermvectors/10_basic: Basic tests for multi termvector get]
[2014-02-18 15:41:34,844][INFO ][cluster.metadata         ] [node_0] [testidx] creating index, cause [api], shards [5]/[1], mappings [testtype]
[2014-02-18 15:41:34,963][INFO ][test.rest.junit          ] end setup test [mtermvectors/10_basic: Basic tests for multi termvector get]
[2014-02-18 15:41:34,989][INFO ][test.rest.junit          ] end test [mtermvectors/10_basic: Basic tests for multi termvector get]
[2014-02-18 15:41:34,990][INFO ][test.rest.junit          ] cleaning up after test [mtermvectors/10_basic: Basic tests for multi termvector get]
[2014-02-18 15:41:34,991][INFO ][cluster.metadata         ] [node_0] [testidx] deleting index
[2014-02-18 15:41:35,006][INFO ][test                     ] Test Basic tests for multi termvector get (mtermvectors/10_basic) finished
[2014-02-18 15:41:35,006][INFO ][test                     ] Test Exists type (indices.exists_type/10_basic) started
[2014-02-18 15:41:35,007][INFO ][test.rest.junit          ] cleaning up before test [indices.exists_type/10_basic: Exists type]
[2014-02-18 15:41:35,011][INFO ][test.rest.junit          ] start test [indices.exists_type/10_basic: Exists type]
[2014-02-18 15:41:35,027][INFO ][cluster.metadata         ] [node_0] [test_1] creating index, cause [api], shards [5]/[1], mappings [type_1, type_2]
[2014-02-18 15:41:35,066][INFO ][test.rest.junit          ] end test [indices.exists_type/10_basic: Exists type]
[2014-02-18 15:41:35,066][INFO ][test.rest.junit          ] cleaning up after test [indices.exists_type/10_basic: Exists type]
[2014-02-18 15:41:35,068][INFO ][cluster.metadata         ] [node_0] [test_1] deleting index
[2014-02-18 15:41:35,079][INFO ][test                     ] Test Exists type (indices.exists_type/10_basic) finished
[2014-02-18 15:41:35,080][INFO ][test                     ] Test Exists type with local flag (indices.exists_type/10_basic) started
[2014-02-18 15:41:35,080][INFO ][test.rest.junit          ] cleaning up before test [indices.exists_type/10_basic: Exists type with local flag]
[2014-02-18 15:41:35,084][INFO ][test.rest.junit          ] start test [indices.exists_type/10_basic: Exists type with local flag]
[2014-02-18 15:41:35,087][INFO ][test.rest.junit          ] end test [indices.exists_type/10_basic: Exists type with local flag]
[2014-02-18 15:41:35,087][INFO ][test.rest.junit          ] cleaning up after test [indices.exists_type/10_basic: Exists type with local flag]
[2014-02-18 15:41:35,091][INFO ][test                     ] Test Exists type with local flag (indices.exists_type/10_basic) finished
[2014-02-18 15:41:35,092][INFO ][test                     ] Test Tokenizer and filter (indices.analyze/10_analyze) started
[2014-02-18 15:41:35,092][INFO ][test.rest.junit          ] cleaning up before test [indices.analyze/10_analyze: Tokenizer and filter]
[2014-02-18 15:41:35,097][INFO ][test.rest.junit          ] start test [indices.analyze/10_analyze: Tokenizer and filter]
[2014-02-18 15:41:35,098][INFO ][test.rest.junit          ] start setup test [indices.analyze/10_analyze: Tokenizer and filter]
[2014-02-18 15:41:35,100][INFO ][test.rest.junit          ] end setup test [indices.analyze/10_analyze: Tokenizer and filter]
[2014-02-18 15:41:35,111][INFO ][test.rest.junit          ] end test [indices.analyze/10_analyze: Tokenizer and filter]
[2014-02-18 15:41:35,111][INFO ][test.rest.junit          ] cleaning up after test [indices.analyze/10_analyze: Tokenizer and filter]
[2014-02-18 15:41:35,116][INFO ][test                     ] Test Tokenizer and filter (indices.analyze/10_analyze) finished
[2014-02-18 15:41:35,117][INFO ][test                     ] Test Basic test (indices.analyze/10_analyze) started
[2014-02-18 15:41:35,117][INFO ][test.rest.junit          ] cleaning up before test [indices.analyze/10_analyze: Basic test]
[2014-02-18 15:41:35,122][INFO ][test.rest.junit          ] start test [indices.analyze/10_analyze: Basic test]
[2014-02-18 15:41:35,122][INFO ][test.rest.junit          ] start setup test [indices.analyze/10_analyze: Basic test]
[2014-02-18 15:41:35,125][INFO ][test.rest.junit          ] end setup test [indices.analyze/10_analyze: Basic test]
[2014-02-18 15:41:35,128][INFO ][test.rest.junit          ] end test [indices.analyze/10_analyze: Basic test]
[2014-02-18 15:41:35,128][INFO ][test.rest.junit          ] cleaning up after test [indices.analyze/10_analyze: Basic test]
[2014-02-18 15:41:35,133][INFO ][test                     ] Test Basic test (indices.analyze/10_analyze) finished
[2014-02-18 15:41:35,133][INFO ][test                     ] Test Index and field (indices.analyze/10_analyze) started
[2014-02-18 15:41:35,134][INFO ][test.rest.junit          ] cleaning up before test [indices.analyze/10_analyze: Index and field]
[2014-02-18 15:41:35,138][INFO ][test.rest.junit          ] start test [indices.analyze/10_analyze: Index and field]
[2014-02-18 15:41:35,139][INFO ][test.rest.junit          ] start setup test [indices.analyze/10_analyze: Index and field]
[2014-02-18 15:41:35,141][INFO ][test.rest.junit          ] end setup test [indices.analyze/10_analyze: Index and field]
[2014-02-18 15:41:35,155][INFO ][cluster.metadata         ] [node_0] [test] creating index, cause [api], shards [5]/[1], mappings [test]
[2014-02-18 15:41:35,409][INFO ][test.rest.junit          ] end test [indices.analyze/10_analyze: Index and field]
[2014-02-18 15:41:35,410][INFO ][test.rest.junit          ] cleaning up after test [indices.analyze/10_analyze: Index and field]
[2014-02-18 15:41:35,413][INFO ][cluster.metadata         ] [node_0] [test] deleting index
[2014-02-18 15:41:35,435][INFO ][test                     ] Test Index and field (indices.analyze/10_analyze) finished
[2014-02-18 15:41:35,435][INFO ][test                     ] Test Basic test for index open/close (indices.open/10_basic) started
[2014-02-18 15:41:35,435][INFO ][test.rest.junit          ] cleaning up before test [indices.open/10_basic: Basic test for index open/close]
[2014-02-18 15:41:35,442][INFO ][test.rest.junit          ] start test [indices.open/10_basic: Basic test for index open/close]
[2014-02-18 15:41:35,460][INFO ][cluster.metadata         ] [node_0] [test_index] creating index, cause [api], shards [5]/[1], mappings []
[2014-02-18 15:41:35,714][INFO ][cluster.metadata         ] [node_0] closing indices [[test_index]]
[2014-02-18 15:41:35,721][INFO ][cluster.metadata         ] [node_0] opening indices [[test_index]]
[2014-02-18 15:41:35,963][INFO ][test.rest.junit          ] end test [indices.open/10_basic: Basic test for index open/close]
[2014-02-18 15:41:35,964][INFO ][test.rest.junit          ] cleaning up after test [indices.open/10_basic: Basic test for index open/close]
[2014-02-18 15:41:35,966][INFO ][cluster.metadata         ] [node_0] [test_index] deleting index
[2014-02-18 15:41:35,978][INFO ][test                     ] Test Basic test for index open/close (indices.open/10_basic) finished
[2014-02-18 15:41:35,979][INFO ][test                     ] Test Only wildcard (indices.open/20_multiple_indices) started
[2014-02-18 15:41:35,979][INFO ][test.rest.junit          ] cleaning up before test [indices.open/20_multiple_indices: Only wildcard]
[2014-02-18 15:41:35,984][INFO ][test.rest.junit          ] start test [indices.open/20_multiple_indices: Only wildcard]
[2014-02-18 15:41:35,984][INFO ][test.rest.junit          ] start setup test [indices.open/20_multiple_indices: Only wildcard]
[2014-02-18 15:41:35,997][INFO ][cluster.metadata         ] [node_0] [test_index1] creating index, cause [api], shards [5]/[1], mappings []
[2014-02-18 15:41:36,075][INFO ][cluster.metadata         ] [node_0] [test_index2] creating index, cause [api], shards [5]/[1], mappings []
[2014-02-18 15:41:36,310][INFO ][cluster.metadata         ] [node_0] [test_index3] creating index, cause [api], shards [5]/[1], mappings []
[2014-02-18 15:41:36,576][INFO ][test.rest.junit          ] end setup test [indices.open/20_multiple_indices: Only wildcard]
[2014-02-18 15:41:36,578][INFO ][cluster.metadata         ] [node_0] closing indices [[test_index3, test_index2, test_index1]]
[2014-02-18 15:41:36,591][INFO ][cluster.metadata         ] [node_0] opening indices [[test_index3, test_index2, test_index1]]
[2014-02-18 15:41:37,068][INFO ][test.rest.junit          ] end test [indices.open/20_multiple_indices: Only wildcard]
[2014-02-18 15:41:37,069][INFO ][test.rest.junit          ] cleaning up after test [indices.open/20_multiple_indices: Only wildcard]
[2014-02-18 15:41:37,071][INFO ][cluster.metadata         ] [node_0] [test_index2] deleting index
[2014-02-18 15:41:37,086][INFO ][cluster.metadata         ] [node_0] [test_index1] deleting index
[2014-02-18 15:41:37,104][INFO ][cluster.metadata         ] [node_0] [test_index3] deleting index
[2014-02-18 15:41:37,157][INFO ][test                     ] Test Only wildcard (indices.open/20_multiple_indices) finished
[2014-02-18 15:41:37,160][INFO ][test                     ] Test Trailing wildcard (indices.open/20_multiple_indices) started
[2014-02-18 15:41:37,160][INFO ][test.rest.junit          ] cleaning up before test [indices.open/20_multiple_indices: Trailing wildcard]
[2014-02-18 15:41:37,169][INFO ][test.rest.junit          ] start test [indices.open/20_multiple_indices: Trailing wildcard]
[2014-02-18 15:41:37,170][INFO ][test.rest.junit          ] start setup test [indices.open/20_multiple_indices: Trailing wildcard]
[2014-02-18 15:41:37,204][INFO ][cluster.metadata         ] [node_0] [test_index1] creating index, cause [api], shards [5]/[1], mappings []
[2014-02-18 15:41:37,306][INFO ][cluster.metadata         ] [node_0] [test_index2] creating index, cause [api], shards [5]/[1], mappings []
[2014-02-18 15:41:37,372][INFO ][cluster.metadata         ] [node_0] [test_index3] creating index, cause [api], shards [5]/[1], mappings []
[2014-02-18 15:41:37,667][INFO ][test.rest.junit          ] end setup test [indices.open/20_multiple_indices: Trailing wildcard]
[2014-02-18 15:41:37,669][INFO ][cluster.metadata         ] [node_0] closing indices [[test_index3, test_index2, test_index1]]
[2014-02-18 15:41:37,680][INFO ][cluster.metadata         ] [node_0] opening indices [[test_index3, test_index2, test_index1]]
[2014-02-18 15:41:37,986][INFO ][test.rest.junit          ] end test [indices.open/20_multiple_indices: Trailing wildcard]
[2014-02-18 15:41:37,986][INFO ][test.rest.junit          ] cleaning up after test [indices.open/20_multiple_indices: Trailing wildcard]
[2014-02-18 15:41:37,988][INFO ][cluster.metadata         ] [node_0] [test_index2] deleting index
[2014-02-18 15:41:38,003][INFO ][cluster.metadata         ] [node_0] [test_index1] deleting index
[2014-02-18 15:41:38,045][INFO ][cluster.metadata         ] [node_0] [test_index3] deleting index
[2014-02-18 15:41:38,061][INFO ][test                     ] Test Trailing wildcard (indices.open/20_multiple_indices) finished
[2014-02-18 15:41:38,062][INFO ][test                     ] Test All indices (indices.open/20_multiple_indices) started
[2014-02-18 15:41:38,062][INFO ][test.rest.junit          ] cleaning up before test [indices.open/20_multiple_indices: All indices]
[2014-02-18 15:41:38,067][INFO ][test.rest.junit          ] start test [indices.open/20_multiple_indices: All indices]
[2014-02-18 15:41:38,067][INFO ][test.rest.junit          ] start setup test [indices.open/20_multiple_indices: All indices]
[2014-02-18 15:41:38,080][INFO ][cluster.metadata         ] [node_0] [test_index1] creating index, cause [api], shards [5]/[1], mappings []
[2014-02-18 15:41:38,153][INFO ][cluster.metadata         ] [node_0] [test_index2] creating index, cause [api], shards [5]/[1], mappings []
[2014-02-18 15:41:38,228][INFO ][cluster.metadata         ] [node_0] [test_index3] creating index, cause [api], shards [5]/[1], mappings []
[2014-02-18 15:41:38,454][INFO ][test.rest.junit          ] end setup test [indices.open/20_multiple_indices: All indices]
[2014-02-18 15:41:38,456][INFO ][cluster.metadata         ] [node_0] closing indices [[test_index2, test_index1, test_index3]]
[2014-02-18 15:41:38,465][INFO ][cluster.metadata         ] [node_0] opening indices [[test_index2, test_index1, test_index3]]
[2014-02-18 15:41:38,900][INFO ][test.rest.junit          ] end test [indices.open/20_multiple_indices: All indices]
[2014-02-18 15:41:38,900][INFO ][test.rest.junit          ] cleaning up after test [indices.open/20_multiple_indices: All indices]
[2014-02-18 15:41:38,902][INFO ][cluster.metadata         ] [node_0] [test_index2] deleting index
[2014-02-18 15:41:38,917][INFO ][cluster.metadata         ] [node_0] [test_index1] deleting index
[2014-02-18 15:41:38,934][INFO ][cluster.metadata         ] [node_0] [test_index3] deleting index
[2014-02-18 15:41:38,972][INFO ][test                     ] Test All indices (indices.open/20_multiple_indices) finished
[2014-02-18 15:41:38,973][INFO ][test                     ] Test Getting warmer for aliases should return the real index as key (indices.put_warmer/20_aliases) started
[2014-02-18 15:41:38,974][INFO ][test.rest.junit          ] cleaning up before test [indices.put_warmer/20_aliases: Getting warmer for aliases should return the real index as key]
[2014-02-18 15:41:38,981][INFO ][test.rest.junit          ] start test [indices.put_warmer/20_aliases: Getting warmer for aliases should return the real index as key]
[2014-02-18 15:41:39,020][INFO ][cluster.metadata         ] [node_0] [test_index] creating index, cause [api], shards [5]/[1], mappings []
[2014-02-18 15:41:39,320][INFO ][action.admin.indices.warmer.put] [node_0] [test_index] putting warmer [test_warmer]
[2014-02-18 15:41:39,329][INFO ][test.rest.junit          ] end test [indices.put_warmer/20_aliases: Getting warmer for aliases should return the real index as key]
[2014-02-18 15:41:39,329][INFO ][test.rest.junit          ] cleaning up after test [indices.put_warmer/20_aliases: Getting warmer for aliases should return the real index as key]
[2014-02-18 15:41:39,331][INFO ][cluster.metadata         ] [node_0] [test_index] deleting index
[2014-02-18 15:41:39,344][INFO ][test                     ] Test Getting warmer for aliases should return the real index as key (indices.put_warmer/20_aliases) finished
[2014-02-18 15:41:39,345][INFO ][test                     ] Test put warmer with missing name (indices.put_warmer/all_path_options) started
[2014-02-18 15:41:39,345][INFO ][test.rest.junit          ] cleaning up before test [indices.put_warmer/all_path_options: put warmer with missing name]
[2014-02-18 15:41:39,350][INFO ][test.rest.junit          ] start test [indices.put_warmer/all_path_options: put warmer with missing name]
[2014-02-18 15:41:39,350][INFO ][test.rest.junit          ] start setup test [indices.put_warmer/all_path_options: put warmer with missing name]
[2014-02-18 15:41:39,366][INFO ][cluster.metadata         ] [node_0] [test_index1] creating index, cause [api], shards [5]/[1], mappings []
[2014-02-18 15:41:39,459][INFO ][cluster.metadata         ] [node_0] [test_index2] creating index, cause [api], shards [5]/[1], mappings []
[2014-02-18 15:41:39,571][INFO ][cluster.metadata         ] [node_0] [foo] creating index, cause [api], shards [5]/[1], mappings []
[2014-02-18 15:41:39,593][INFO ][test.rest.junit          ] end setup test [indices.put_warmer/all_path_options: put warmer with missing name]
[2014-02-18 15:41:39,594][INFO ][test.rest.section        ] found [catch: param], no request sent
[2014-02-18 15:41:39,594][INFO ][test.rest.junit          ] end test [indices.put_warmer/all_path_options: put warmer with missing name]
[2014-02-18 15:41:39,594][INFO ][test.rest.junit          ] cleaning up after test [indices.put_warmer/all_path_options: put warmer with missing name]
[2014-02-18 15:41:39,608][INFO ][cluster.metadata         ] [node_0] [foo] deleting index
[2014-02-18 15:41:39,657][INFO ][cluster.metadata         ] [node_0] [test_index2] deleting index
[2014-02-18 15:41:39,682][INFO ][cluster.metadata         ] [node_0] [test_index1] deleting index
[2014-02-18 15:41:39,717][INFO ][test                     ] Test put warmer with missing name (indices.put_warmer/all_path_options) finished
[2014-02-18 15:41:39,718][INFO ][test                     ] Test put warmer in list of indices (indices.put_warmer/all_path_options) started
[2014-02-18 15:41:39,718][INFO ][test.rest.junit          ] cleaning up before test [indices.put_warmer/all_path_options: put warmer in list of indices]
[2014-02-18 15:41:39,725][INFO ][test.rest.junit          ] start test [indices.put_warmer/all_path_options: put warmer in list of indices]
[2014-02-18 15:41:39,725][INFO ][test.rest.junit          ] start setup test [indices.put_warmer/all_path_options: put warmer in list of indices]
[2014-02-18 15:41:39,745][INFO ][cluster.metadata         ] [node_0] [test_index1] creating index, cause [api], shards [5]/[1], mappings []
[2014-02-18 15:41:39,792][INFO ][cluster.metadata         ] [node_0] [test_index2] creating index, cause [api], shards [5]/[1], mappings []
[2014-02-18 15:41:39,850][INFO ][cluster.metadata         ] [node_0] [foo] creating index, cause [api], shards [5]/[1], mappings []
[2014-02-18 15:41:39,891][INFO ][test.rest.junit          ] end setup test [indices.put_warmer/all_path_options: put warmer in list of indices]
[2014-02-18 15:41:39,927][INFO ][action.admin.indices.warmer.put] [node_0] [test_index1] putting warmer [warmer]
[2014-02-18 15:41:39,927][INFO ][action.admin.indices.warmer.put] [node_0] [test_index2] putting warmer [warmer]
[2014-02-18 15:41:39,934][INFO ][test.rest.junit          ] end test [indices.put_warmer/all_path_options: put warmer in list of indices]
[2014-02-18 15:41:39,934][INFO ][test.rest.junit          ] cleaning up after test [indices.put_warmer/all_path_options: put warmer in list of indices]
[2014-02-18 15:41:39,936][INFO ][cluster.metadata         ] [node_0] [foo] deleting index
[2014-02-18 15:41:40,069][INFO ][cluster.metadata         ] [node_0] [test_index2] deleting index
[2014-02-18 15:41:40,087][INFO ][cluster.metadata         ] [node_0] [test_index1] deleting index
[2014-02-18 15:41:40,111][INFO ][test                     ] Test put warmer in list of indices (indices.put_warmer/all_path_options) finished
[2014-02-18 15:41:40,112][INFO ][test                     ] Test put warmer prefix* index (indices.put_warmer/all_path_options) started
[2014-02-18 15:41:40,112][INFO ][test.rest.junit          ] cleaning up before test [indices.put_warmer/all_path_options: put warmer prefix* index]
[2014-02-18 15:41:40,119][INFO ][test.rest.junit          ] start test [indices.put_warmer/all_path_options: put warmer prefix* index]
[2014-02-18 15:41:40,119][INFO ][test.rest.junit          ] start setup test [indices.put_warmer/all_path_options: put warmer prefix* index]
[2014-02-18 15:41:40,153][INFO ][cluster.metadata         ] [node_0] [test_index1] creating index, cause [api], shards [5]/[1], mappings []
[2014-02-18 15:41:40,257][INFO ][cluster.metadata         ] [node_0] [test_index2] creating index, cause [api], shards [5]/[1], mappings []
[2014-02-18 15:41:40,317][INFO ][cluster.metadata         ] [node_0] [foo] creating index, cause [api], shards [5]/[1], mappings []
[2014-02-18 15:41:40,408][INFO ][test.rest.junit          ] end setup test [indices.put_warmer/all_path_options: put warmer prefix* index]
[2014-02-18 15:41:40,428][INFO ][action.admin.indices.warmer.put] [node_0] [test_index2] putting warmer [warmer]
[2014-02-18 15:41:40,428][INFO ][action.admin.indices.warmer.put] [node_0] [test_index1] putting warmer [warmer]
[2014-02-18 15:41:40,433][INFO ][test.rest.junit          ] end test [indices.put_warmer/all_path_options: put warmer prefix* index]
[2014-02-18 15:41:40,433][INFO ][test.rest.junit          ] cleaning up after test [indices.put_warmer/all_path_options: put warmer prefix* index]
[2014-02-18 15:41:40,435][INFO ][cluster.metadata         ] [node_0] [foo] deleting index
[2014-02-18 15:41:40,450][INFO ][cluster.metadata         ] [node_0] [test_index2] deleting index
[2014-02-18 15:41:40,465][INFO ][cluster.metadata         ] [node_0] [test_index1] deleting index
[2014-02-18 15:41:40,482][INFO ][test                     ] Test put warmer prefix* index (indices.put_warmer/all_path_options) finished
[2014-02-18 15:41:40,483][INFO ][test                     ] Test put warmer with blank index (indices.put_warmer/all_path_options) started
[2014-02-18 15:41:40,483][INFO ][test.rest.junit          ] cleaning up before test [indices.put_warmer/all_path_options: put warmer with blank index]
[2014-02-18 15:41:40,488][INFO ][test.rest.junit          ] start test [indices.put_warmer/all_path_options: put warmer with blank index]
[2014-02-18 15:41:40,488][INFO ][test.rest.junit          ] start setup test [indices.put_warmer/all_path_options: put warmer with blank index]
[2014-02-18 15:41:40,499][INFO ][cluster.metadata         ] [node_0] [test_index1] creating index, cause [api], shards [5]/[1], mappings []
[2014-02-18 15:41:40,546][INFO ][cluster.metadata         ] [node_0] [test_index2] creating index, cause [api], shards [5]/[1], mappings []
[2014-02-18 15:41:40,596][INFO ][cluster.metadata         ] [node_0] [foo] creating index, cause [api], shards [5]/[1], mappings []
[2014-02-18 15:41:40,649][INFO ][test.rest.junit          ] end setup test [indices.put_warmer/all_path_options: put warmer with blank index]
[2014-02-18 15:41:40,666][INFO ][action.admin.indices.warmer.put] [node_0] [foo] putting warmer [warmer]
[2014-02-18 15:41:40,666][INFO ][action.admin.indices.warmer.put] [node_0] [test_index2] putting warmer [warmer]
[2014-02-18 15:41:40,666][INFO ][action.admin.indices.warmer.put] [node_0] [test_index1] putting warmer [warmer]
[2014-02-18 15:41:40,676][INFO ][test.rest.junit          ] end test [indices.put_warmer/all_path_options: put warmer with blank index]
[2014-02-18 15:41:40,676][INFO ][test.rest.junit          ] cleaning up after test [indices.put_warmer/all_path_options: put warmer with blank index]
[2014-02-18 15:41:40,678][INFO ][cluster.metadata         ] [node_0] [foo] deleting index
[2014-02-18 15:41:40,688][INFO ][cluster.metadata         ] [node_0] [test_index2] deleting index
[2014-02-18 15:41:40,702][INFO ][cluster.metadata         ] [node_0] [test_index1] deleting index
[2014-02-18 15:41:40,719][INFO ][test                     ] Test put warmer with blank index (indices.put_warmer/all_path_options) finished
[2014-02-18 15:41:40,720][INFO ][test                     ] Test put warmer in * index (indices.put_warmer/all_path_options) started
[2014-02-18 15:41:40,720][INFO ][test.rest.junit          ] cleaning up before test [indices.put_warmer/all_path_options: put warmer in * index]
[2014-02-18 15:41:40,726][INFO ][test.rest.junit          ] start test [indices.put_warmer/all_path_options: put warmer in * index]
[2014-02-18 15:41:40,726][INFO ][test.rest.junit          ] start setup test [indices.put_warmer/all_path_options: put warmer in * index]
[2014-02-18 15:41:40,737][INFO ][cluster.metadata         ] [node_0] [test_index1] creating index, cause [api], shards [5]/[1], mappings []
[2014-02-18 15:41:40,776][INFO ][cluster.metadata         ] [node_0] [test_index2] creating index, cause [api], shards [5]/[1], mappings []
[2014-02-18 15:41:40,821][INFO ][cluster.metadata         ] [node_0] [foo] creating index, cause [api], shards [5]/[1], mappings []
[2014-02-18 15:41:40,862][INFO ][test.rest.junit          ] end setup test [indices.put_warmer/all_path_options: put warmer in * index]
[2014-02-18 15:41:40,879][INFO ][action.admin.indices.warmer.put] [node_0] [foo] putting warmer [warmer]
[2014-02-18 15:41:40,879][INFO ][action.admin.indices.warmer.put] [node_0] [test_index2] putting warmer [warmer]
[2014-02-18 15:41:40,879][INFO ][action.admin.indices.warmer.put] [node_0] [test_index1] putting warmer [warmer]
[2014-02-18 15:41:40,887][INFO ][test.rest.junit          ] end test [indices.put_warmer/all_path_options: put warmer in * index]
[2014-02-18 15:41:40,888][INFO ][test.rest.junit          ] cleaning up after test [indices.put_warmer/all_path_options: put warmer in * index]
[2014-02-18 15:41:40,890][INFO ][cluster.metadata         ] [node_0] [foo] deleting index
[2014-02-18 15:41:40,901][INFO ][cluster.metadata         ] [node_0] [test_index2] deleting index
[2014-02-18 15:41:40,914][INFO ][cluster.metadata         ] [node_0] [test_index1] deleting index
[2014-02-18 15:41:40,930][INFO ][test                     ] Test put warmer in * index (indices.put_warmer/all_path_options) finished
[2014-02-18 15:41:40,931][INFO ][test                     ] Test put warmer in _all index (indices.put_warmer/all_path_options) started
[2014-02-18 15:41:40,931][INFO ][test.rest.junit          ] cleaning up before test [indices.put_warmer/all_path_options: put warmer in _all index]
[2014-02-18 15:41:40,936][INFO ][test.rest.junit          ] start test [indices.put_warmer/all_path_options: put warmer in _all index]
[2014-02-18 15:41:40,937][INFO ][test.rest.junit          ] start setup test [indices.put_warmer/all_path_options: put warmer in _all index]
[2014-02-18 15:41:40,951][INFO ][cluster.metadata         ] [node_0] [test_index1] creating index, cause [api], shards [5]/[1], mappings []
[2014-02-18 15:41:41,009][INFO ][cluster.metadata         ] [node_0] [test_index2] creating index, cause [api], shards [5]/[1], mappings []
[2014-02-18 15:41:41,071][INFO ][cluster.metadata         ] [node_0] [foo] creating index, cause [api], shards [5]/[1], mappings []
[2014-02-18 15:41:41,089][INFO ][test.rest.junit          ] end setup test [indices.put_warmer/all_path_options: put warmer in _all index]
[2014-02-18 15:41:41,104][INFO ][action.admin.indices.warmer.put] [node_0] [foo] putting warmer [warmer]
[2014-02-18 15:41:41,104][INFO ][action.admin.indices.warmer.put] [node_0] [test_index2] putting warmer [warmer]
[2014-02-18 15:41:41,104][INFO ][action.admin.indices.warmer.put] [node_0] [test_index1] putting warmer [warmer]
[2014-02-18 15:41:41,125][INFO ][test.rest.junit          ] end test [indices.put_warmer/all_path_options: put warmer in _all index]
[2014-02-18 15:41:41,125][INFO ][test.rest.junit          ] cleaning up after test [indices.put_warmer/all_path_options: put warmer in _all index]
[2014-02-18 15:41:41,127][INFO ][cluster.metadata         ] [node_0] [foo] deleting index
[2014-02-18 15:41:41,140][INFO ][cluster.metadata         ] [node_0] [test_index2] deleting index
[2014-02-18 15:41:41,153][INFO ][cluster.metadata         ] [node_0] [test_index1] deleting index
[2014-02-18 15:41:41,170][INFO ][test                     ] Test put warmer in _all index (indices.put_warmer/all_path_options) finished
[2014-02-18 15:41:41,170][INFO ][test                     ] Test put warmer per index (indices.put_warmer/all_path_options) started
[2014-02-18 15:41:41,170][INFO ][test.rest.junit          ] cleaning up before test [indices.put_warmer/all_path_options: put warmer per index]
[2014-02-18 15:41:41,176][INFO ][test.rest.junit          ] start test [indices.put_warmer/all_path_options: put warmer per index]
[2014-02-18 15:41:41,176][INFO ][test.rest.junit          ] start setup test [indices.put_warmer/all_path_options: put warmer per index]
[2014-02-18 15:41:41,188][INFO ][cluster.metadata         ] [node_0] [test_index1] creating index, cause [api], shards [5]/[1], mappings []
[2014-02-18 15:41:41,238][INFO ][cluster.metadata         ] [node_0] [test_index2] creating index, cause [api], shards [5]/[1], mappings []
[2014-02-18 15:41:41,357][INFO ][cluster.metadata         ] [node_0] [foo] creating index, cause [api], shards [5]/[1], mappings []
[2014-02-18 15:41:41,416][INFO ][test.rest.junit          ] end setup test [indices.put_warmer/all_path_options: put warmer per index]
[2014-02-18 15:41:41,469][INFO ][action.admin.indices.warmer.put] [node_0] [test_index1] putting warmer [warmer]
[2014-02-18 15:41:41,477][INFO ][action.admin.indices.warmer.put] [node_0] [test_index2] putting warmer [warmer]
[2014-02-18 15:41:41,487][INFO ][test.rest.junit          ] end test [indices.put_warmer/all_path_options: put warmer per index]
[2014-02-18 15:41:41,488][INFO ][test.rest.junit          ] cleaning up after test [indices.put_warmer/all_path_options: put warmer per index]
[2014-02-18 15:41:41,490][INFO ][cluster.metadata         ] [node_0] [foo] deleting index
[2014-02-18 15:41:41,548][INFO ][cluster.metadata         ] [node_0] [test_index2] deleting index
[2014-02-18 15:41:41,571][INFO ][cluster.metadata         ] [node_0] [test_index1] deleting index
[2014-02-18 15:41:41,592][INFO ][test                     ] Test put warmer per index (indices.put_warmer/all_path_options) finished
[2014-02-18 15:41:41,593][INFO ][test                     ] Test Getting warmers for several indices should work using prefix* (indices.put_warmer/10_basic) started
[2014-02-18 15:41:41,593][INFO ][test.rest.junit          ] cleaning up before test [indices.put_warmer/10_basic: Getting warmers for several indices should work using prefix*]
[2014-02-18 15:41:41,603][INFO ][test.rest.junit          ] start test [indices.put_warmer/10_basic: Getting warmers for several indices should work using prefix*]
[2014-02-18 15:41:41,603][INFO ][test.rest.junit          ] start setup test [indices.put_warmer/10_basic: Getting warmers for several indices should work using prefix*]
[2014-02-18 15:41:41,624][INFO ][cluster.metadata         ] [node_0] [test_index] creating index, cause [api], shards [5]/[1], mappings []
[2014-02-18 15:41:41,690][INFO ][cluster.metadata         ] [node_0] [test_idx] creating index, cause [api], shards [5]/[1], mappings []
[2014-02-18 15:41:41,933][INFO ][action.admin.indices.warmer.put] [node_0] [test_idx] putting warmer [test_warmer2]
[2014-02-18 15:41:41,940][INFO ][action.admin.indices.warmer.put] [node_0] [test_index] putting warmer [test_warmer]
[2014-02-18 15:41:41,943][INFO ][test.rest.junit          ] end setup test [indices.put_warmer/10_basic: Getting warmers for several indices should work using prefix*]
[2014-02-18 15:41:41,949][INFO ][test.rest.junit          ] end test [indices.put_warmer/10_basic: Getting warmers for several indices should work using prefix*]
[2014-02-18 15:41:41,950][INFO ][test.rest.junit          ] cleaning up after test [indices.put_warmer/10_basic: Getting warmers for several indices should work using prefix*]
[2014-02-18 15:41:41,953][INFO ][cluster.metadata         ] [node_0] [test_idx] deleting index
[2014-02-18 15:41:41,987][INFO ][cluster.metadata         ] [node_0] [test_index] deleting index
[2014-02-18 15:41:42,035][INFO ][test                     ] Test Getting warmers for several indices should work using prefix* (indices.put_warmer/10_basic) finished
[2014-02-18 15:41:42,035][INFO ][test                     ] Test Getting a non-existent warmer on an existing index should return an empty body (indices.put_warmer/10_basic) started
[2014-02-18 15:41:42,035][INFO ][test.rest.junit          ] cleaning up before test [indices.put_warmer/10_basic: Getting a non-existent warmer on an existing index should return an empty body]
[2014-02-18 15:41:42,042][INFO ][test.rest.junit          ] start test [indices.put_warmer/10_basic: Getting a non-existent warmer on an existing index should return an empty body]
[2014-02-18 15:41:42,043][INFO ][test.rest.junit          ] start setup test [indices.put_warmer/10_basic: Getting a non-existent warmer on an existing index should return an empty body]
[2014-02-18 15:41:42,070][INFO ][cluster.metadata         ] [node_0] [test_index] creating index, cause [api], shards [5]/[1], mappings []
[2014-02-18 15:41:42,210][INFO ][cluster.metadata         ] [node_0] [test_idx] creating index, cause [api], shards [5]/[1], mappings []
[2014-02-18 15:41:42,468][INFO ][action.admin.indices.warmer.put] [node_0] [test_idx] putting warmer [test_warmer2]
[2014-02-18 15:41:42,472][INFO ][action.admin.indices.warmer.put] [node_0] [test_index] putting warmer [test_warmer]
[2014-02-18 15:41:42,473][INFO ][test.rest.junit          ] end setup test [indices.put_warmer/10_basic: Getting a non-existent warmer on an existing index should return an empty body]
[2014-02-18 15:41:42,476][INFO ][test.rest.junit          ] end test [indices.put_warmer/10_basic: Getting a non-existent warmer on an existing index should return an empty body]
[2014-02-18 15:41:42,476][INFO ][test.rest.junit          ] cleaning up after test [indices.put_warmer/10_basic: Getting a non-existent warmer on an existing index should return an empty body]
[2014-02-18 15:41:42,478][INFO ][cluster.metadata         ] [node_0] [test_idx] deleting index
[2014-02-18 15:41:42,489][INFO ][cluster.metadata         ] [node_0] [test_index] deleting index
[2014-02-18 15:41:42,503][INFO ][test                     ] Test Getting a non-existent warmer on an existing index should return an empty body (indices.put_warmer/10_basic) finished
[2014-02-18 15:41:42,504][INFO ][test                     ] Test Getting warmers for several indices should work using comma-separated lists (indices.put_warmer/10_basic) started
[2014-02-18 15:41:42,504][INFO ][test.rest.junit          ] cleaning up before test [indices.put_warmer/10_basic: Getting warmers for several indices should work using comma-separated lists]
[2014-02-18 15:41:42,508][INFO ][test.rest.junit          ] start test [indices.put_warmer/10_basic: Getting warmers for several indices should work using comma-separated lists]
[2014-02-18 15:41:42,509][INFO ][test.rest.junit          ] start setup test [indices.put_warmer/10_basic: Getting warmers for several indices should work using comma-separated lists]
[2014-02-18 15:41:42,519][INFO ][cluster.metadata         ] [node_0] [test_index] creating index, cause [api], shards [5]/[1], mappings []
[2014-02-18 15:41:42,589][INFO ][cluster.metadata         ] [node_0] [test_idx] creating index, cause [api], shards [5]/[1], mappings []
[2014-02-18 15:41:42,850][INFO ][action.admin.indices.warmer.put] [node_0] [test_idx] putting warmer [test_warmer2]
[2014-02-18 15:41:42,854][INFO ][action.admin.indices.warmer.put] [node_0] [test_index] putting warmer [test_warmer]
[2014-02-18 15:41:42,855][INFO ][test.rest.junit          ] end setup test [indices.put_warmer/10_basic: Getting warmers for several indices should work using comma-separated lists]
[2014-02-18 15:41:42,858][INFO ][test.rest.junit          ] end test [indices.put_warmer/10_basic: Getting warmers for several indices should work using comma-separated lists]
[2014-02-18 15:41:42,858][INFO ][test.rest.junit          ] cleaning up after test [indices.put_warmer/10_basic: Getting warmers for several indices should work using comma-separated lists]
[2014-02-18 15:41:42,860][INFO ][cluster.metadata         ] [node_0] [test_idx] deleting index
[2014-02-18 15:41:42,868][INFO ][cluster.metadata         ] [node_0] [test_index] deleting index
[2014-02-18 15:41:42,880][INFO ][test                     ] Test Getting warmers for several indices should work using comma-separated lists (indices.put_warmer/10_basic) finished
[2014-02-18 15:41:42,881][INFO ][test                     ] Test Getting all warmers without specifying index should work (indices.put_warmer/10_basic) started
[2014-02-18 15:41:42,881][INFO ][test.rest.junit          ] cleaning up before test [indices.put_warmer/10_basic: Getting all warmers without specifying index should work]
[2014-02-18 15:41:42,886][INFO ][test.rest.junit          ] start test [indices.put_warmer/10_basic: Getting all warmers without specifying index should work]
[2014-02-18 15:41:42,886][INFO ][test.rest.junit          ] start setup test [indices.put_warmer/10_basic: Getting all warmers without specifying index should work]
[2014-02-18 15:41:42,898][INFO ][cluster.metadata         ] [node_0] [test_index] creating index, cause [api], shards [5]/[1], mappings []
[2014-02-18 15:41:42,957][INFO ][cluster.metadata         ] [node_0] [test_idx] creating index, cause [api], shards [5]/[1], mappings []
[2014-02-18 15:41:43,239][INFO ][action.admin.indices.warmer.put] [node_0] [test_idx] putting warmer [test_warmer2]
[2014-02-18 15:41:43,243][INFO ][action.admin.indices.warmer.put] [node_0] [test_index] putting warmer [test_warmer]
[2014-02-18 15:41:43,245][INFO ][test.rest.junit          ] end setup test [indices.put_warmer/10_basic: Getting all warmers without specifying index should work]
[2014-02-18 15:41:43,248][INFO ][test.rest.junit          ] end test [indices.put_warmer/10_basic: Getting all warmers without specifying index should work]
[2014-02-18 15:41:43,248][INFO ][test.rest.junit          ] cleaning up after test [indices.put_warmer/10_basic: Getting all warmers without specifying index should work]
[2014-02-18 15:41:43,250][INFO ][cluster.metadata         ] [node_0] [test_idx] deleting index
[2014-02-18 15:41:43,259][INFO ][cluster.metadata         ] [node_0] [test_index] deleting index
[2014-02-18 15:41:43,275][INFO ][test                     ] Test Getting all warmers without specifying index should work (indices.put_warmer/10_basic) finished
[2014-02-18 15:41:43,275][INFO ][test                     ] Test Getting warmer on an non-existent index should return 404 (indices.put_warmer/10_basic) started
[2014-02-18 15:41:43,275][INFO ][test.rest.junit          ] cleaning up before test [indices.put_warmer/10_basic: Getting warmer on an non-existent index should return 404]
[2014-02-18 15:41:43,281][INFO ][test.rest.junit          ] start test [indices.put_warmer/10_basic: Getting warmer on an non-existent index should return 404]
[2014-02-18 15:41:43,281][INFO ][test.rest.junit          ] start setup test [indices.put_warmer/10_basic: Getting warmer on an non-existent index should return 404]
[2014-02-18 15:41:43,297][INFO ][cluster.metadata         ] [node_0] [test_index] creating index, cause [api], shards [5]/[1], mappings []
[2014-02-18 15:41:43,462][INFO ][cluster.metadata         ] [node_0] [test_idx] creating index, cause [api], shards [5]/[1], mappings []
[2014-02-18 15:41:43,749][INFO ][action.admin.indices.warmer.put] [node_0] [test_idx] putting warmer [test_warmer2]
[2014-02-18 15:41:43,752][INFO ][action.admin.indices.warmer.put] [node_0] [test_index] putting warmer [test_warmer]
[2014-02-18 15:41:43,753][INFO ][test.rest.junit          ] end setup test [indices.put_warmer/10_basic: Getting warmer on an non-existent index should return 404]
[2014-02-18 15:41:43,756][INFO ][test.rest.junit          ] end test [indices.put_warmer/10_basic: Getting warmer on an non-existent index should return 404]
[2014-02-18 15:41:43,756][INFO ][test.rest.junit          ] cleaning up after test [indices.put_warmer/10_basic: Getting warmer on an non-existent index should return 404]
[2014-02-18 15:41:43,758][INFO ][cluster.metadata         ] [node_0] [test_idx] deleting index
[2014-02-18 15:41:43,767][INFO ][cluster.metadata         ] [node_0] [test_index] deleting index
[2014-02-18 15:41:43,780][INFO ][test                     ] Test Getting warmer on an non-existent index should return 404 (indices.put_warmer/10_basic) finished
[2014-02-18 15:41:43,781][INFO ][test                     ] Test Getting warmers for several indices should work using * (indices.put_warmer/10_basic) started
[2014-02-18 15:41:43,781][INFO ][test.rest.junit          ] cleaning up before test [indices.put_warmer/10_basic: Getting warmers for several indices should work using *]
[2014-02-18 15:41:43,786][INFO ][test.rest.junit          ] start test [indices.put_warmer/10_basic: Getting warmers for several indices should work using *]
[2014-02-18 15:41:43,787][INFO ][test.rest.junit          ] start setup test [indices.put_warmer/10_basic: Getting warmers for several indices should work using *]
[2014-02-18 15:41:43,799][INFO ][cluster.metadata         ] [node_0] [test_index] creating index, cause [api], shards [5]/[1], mappings []
[2014-02-18 15:41:43,839][INFO ][cluster.metadata         ] [node_0] [test_idx] creating index, cause [api], shards [5]/[1], mappings []
[2014-02-18 15:41:44,070][INFO ][action.admin.indices.warmer.put] [node_0] [test_idx] putting warmer [test_warmer2]
[2014-02-18 15:41:44,074][INFO ][action.admin.indices.warmer.put] [node_0] [test_index] putting warmer [test_warmer]
[2014-02-18 15:41:44,075][INFO ][test.rest.junit          ] end setup test [indices.put_warmer/10_basic: Getting warmers for several indices should work using *]
[2014-02-18 15:41:44,077][INFO ][test.rest.junit          ] end test [indices.put_warmer/10_basic: Getting warmers for several indices should work using *]
[2014-02-18 15:41:44,077][INFO ][test.rest.junit          ] cleaning up after test [indices.put_warmer/10_basic: Getting warmers for several indices should work using *]
[2014-02-18 15:41:44,079][INFO ][cluster.metadata         ] [node_0] [test_idx] deleting index
[2014-02-18 15:41:44,088][INFO ][cluster.metadata         ] [node_0] [test_index] deleting index
[2014-02-18 15:41:44,100][INFO ][test                     ] Test Getting warmers for several indices should work using * (indices.put_warmer/10_basic) finished
[2014-02-18 15:41:44,100][INFO ][test                     ] Test Getting all warmers via /_warmer should work (indices.put_warmer/10_basic) started
[2014-02-18 15:41:44,100][INFO ][test.rest.junit          ] cleaning up before test [indices.put_warmer/10_basic: Getting all warmers via /_warmer should work]
[2014-02-18 15:41:44,105][INFO ][test.rest.junit          ] start test [indices.put_warmer/10_basic: Getting all warmers via /_warmer should work]
[2014-02-18 15:41:44,105][INFO ][test.rest.junit          ] start setup test [indices.put_warmer/10_basic: Getting all warmers via /_warmer should work]
[2014-02-18 15:41:44,115][INFO ][cluster.metadata         ] [node_0] [test_index] creating index, cause [api], shards [5]/[1], mappings []
[2014-02-18 15:41:44,159][INFO ][cluster.metadata         ] [node_0] [test_idx] creating index, cause [api], shards [5]/[1], mappings []
[2014-02-18 15:41:44,394][INFO ][action.admin.indices.warmer.put] [node_0] [test_idx] putting warmer [test_warmer2]
[2014-02-18 15:41:44,398][INFO ][action.admin.indices.warmer.put] [node_0] [test_index] putting warmer [test_warmer]
[2014-02-18 15:41:44,399][INFO ][test.rest.junit          ] end setup test [indices.put_warmer/10_basic: Getting all warmers via /_warmer should work]
[2014-02-18 15:41:44,402][INFO ][test.rest.junit          ] end test [indices.put_warmer/10_basic: Getting all warmers via /_warmer should work]
[2014-02-18 15:41:44,402][INFO ][test.rest.junit          ] cleaning up after test [indices.put_warmer/10_basic: Getting all warmers via /_warmer should work]
[2014-02-18 15:41:44,404][INFO ][cluster.metadata         ] [node_0] [test_idx] deleting index
[2014-02-18 15:41:44,413][INFO ][cluster.metadata         ] [node_0] [test_index] deleting index
[2014-02-18 15:41:44,435][INFO ][test                     ] Test Getting all warmers via /_warmer should work (indices.put_warmer/10_basic) finished
[2014-02-18 15:41:44,436][INFO ][test                     ] Test Basic test for warmers (indices.put_warmer/10_basic) started
[2014-02-18 15:41:44,436][INFO ][test.rest.junit          ] cleaning up before test [indices.put_warmer/10_basic: Basic test for warmers]
[2014-02-18 15:41:44,441][INFO ][test.rest.junit          ] start test [indices.put_warmer/10_basic: Basic test for warmers]
[2014-02-18 15:41:44,441][INFO ][test.rest.junit          ] start setup test [indices.put_warmer/10_basic: Basic test for warmers]
[2014-02-18 15:41:44,454][INFO ][cluster.metadata         ] [node_0] [test_index] creating index, cause [api], shards [5]/[1], mappings []
[2014-02-18 15:41:44,505][INFO ][cluster.metadata         ] [node_0] [test_idx] creating index, cause [api], shards [5]/[1], mappings []
[2014-02-18 15:41:44,737][INFO ][action.admin.indices.warmer.put] [node_0] [test_idx] putting warmer [test_warmer2]
[2014-02-18 15:41:44,741][INFO ][action.admin.indices.warmer.put] [node_0] [test_index] putting warmer [test_warmer]
[2014-02-18 15:41:44,743][INFO ][test.rest.junit          ] end setup test [indices.put_warmer/10_basic: Basic test for warmers]
[2014-02-18 15:41:44,747][INFO ][action.admin.indices.warmer.delete] [node_0] [test_index] delete warmer [test_warmer]
[2014-02-18 15:41:44,750][INFO ][test.rest.junit          ] end test [indices.put_warmer/10_basic: Basic test for warmers]
[2014-02-18 15:41:44,750][INFO ][test.rest.junit          ] cleaning up after test [indices.put_warmer/10_basic: Basic test for warmers]
[2014-02-18 15:41:44,752][INFO ][cluster.metadata         ] [node_0] [test_idx] deleting index
[2014-02-18 15:41:44,761][INFO ][cluster.metadata         ] [node_0] [test_index] deleting index
[2014-02-18 15:41:44,771][INFO ][test                     ] Test Basic test for warmers (indices.put_warmer/10_basic) finished
[2014-02-18 15:41:44,772][INFO ][test                     ] Test Getting an existent and non-existent warmer should return the existent and no data about the non-existent warmer (indices.put_warmer/10_basic) started
[2014-02-18 15:41:44,772][INFO ][test.rest.junit          ] cleaning up before test [indices.put_warmer/10_basic: Getting an existent and non-existent warmer should return the existent and no data about the non-existent warmer]
[2014-02-18 15:41:44,777][INFO ][test.rest.junit          ] start test [indices.put_warmer/10_basic: Getting an existent and non-existent warmer should return the existent and no data about the non-existent warmer]
[2014-02-18 15:41:44,777][INFO ][test.rest.junit          ] start setup test [indices.put_warmer/10_basic: Getting an existent and non-existent warmer should return the existent and no data about the non-existent warmer]
[2014-02-18 15:41:44,786][INFO ][cluster.metadata         ] [node_0] [test_index] creating index, cause [api], shards [5]/[1], mappings []
[2014-02-18 15:41:44,839][INFO ][cluster.metadata         ] [node_0] [test_idx] creating index, cause [api], shards [5]/[1], mappings []
[2014-02-18 15:41:45,075][INFO ][action.admin.indices.warmer.put] [node_0] [test_idx] putting warmer [test_warmer2]
[2014-02-18 15:41:45,079][INFO ][action.admin.indices.warmer.put] [node_0] [test_index] putting warmer [test_warmer]
[2014-02-18 15:41:45,081][INFO ][test.rest.junit          ] end setup test [indices.put_warmer/10_basic: Getting an existent and non-existent warmer should return the existent and no data about the non-existent warmer]
[2014-02-18 15:41:45,084][INFO ][test.rest.junit          ] end test [indices.put_warmer/10_basic: Getting an existent and non-existent warmer should return the existent and no data about the non-existent warmer]
[2014-02-18 15:41:45,084][INFO ][test.rest.junit          ] cleaning up after test [indices.put_warmer/10_basic: Getting an existent and non-existent warmer should return the existent and no data about the non-existent warmer]
[2014-02-18 15:41:45,086][INFO ][cluster.metadata         ] [node_0] [test_idx] deleting index
[2014-02-18 15:41:45,097][INFO ][cluster.metadata         ] [node_0] [test_index] deleting index
[2014-02-18 15:41:45,109][INFO ][test                     ] Test Getting an existent and non-existent warmer should return the existent and no data about the non-existent warmer (indices.put_warmer/10_basic) finished
[2014-02-18 15:41:45,110][INFO ][test                     ] Test Getting warmers for several indices should work using _all (indices.put_warmer/10_basic) started
[2014-02-18 15:41:45,110][INFO ][test.rest.junit          ] cleaning up before test [indices.put_warmer/10_basic: Getting warmers for several indices should work using _all]
[2014-02-18 15:41:45,115][INFO ][test.rest.junit          ] start test [indices.put_warmer/10_basic: Getting warmers for several indices should work using _all]
[2014-02-18 15:41:45,115][INFO ][test.rest.junit          ] start setup test [indices.put_warmer/10_basic: Getting warmers for several indices should work using _all]
[2014-02-18 15:41:45,130][INFO ][cluster.metadata         ] [node_0] [test_index] creating index, cause [api], shards [5]/[1], mappings []
[2014-02-18 15:41:45,250][INFO ][cluster.metadata         ] [node_0] [test_idx] creating index, cause [api], shards [5]/[1], mappings []
[2014-02-18 15:41:45,504][INFO ][action.admin.indices.warmer.put] [node_0] [test_idx] putting warmer [test_warmer2]
[2014-02-18 15:41:45,508][INFO ][action.admin.indices.warmer.put] [node_0] [test_index] putting warmer [test_warmer]
[2014-02-18 15:41:45,509][INFO ][test.rest.junit          ] end setup test [indices.put_warmer/10_basic: Getting warmers for several indices should work using _all]
[2014-02-18 15:41:45,512][INFO ][test.rest.junit          ] end test [indices.put_warmer/10_basic: Getting warmers for several indices should work using _all]
[2014-02-18 15:41:45,512][INFO ][test.rest.junit          ] cleaning up after test [indices.put_warmer/10_basic: Getting warmers for several indices should work using _all]
[2014-02-18 15:41:45,514][INFO ][cluster.metadata         ] [node_0] [test_idx] deleting index
[2014-02-18 15:41:45,526][INFO ][cluster.metadata         ] [node_0] [test_index] deleting index
[2014-02-18 15:41:45,542][INFO ][test                     ] Test Getting warmers for several indices should work using _all (indices.put_warmer/10_basic) finished
[2014-02-18 15:41:45,542][INFO ][test                     ] Test Indices status test (indices.status/10_basic) started
[2014-02-18 15:41:45,543][INFO ][test.rest.junit          ] cleaning up before test [indices.status/10_basic: Indices status test]
[2014-02-18 15:41:45,549][INFO ][test.rest.junit          ] start test [indices.status/10_basic: Indices status test]
[2014-02-18 15:41:45,559][INFO ][test.rest.junit          ] end test [indices.status/10_basic: Indices status test]
[2014-02-18 15:41:45,560][INFO ][test.rest.junit          ] cleaning up after test [indices.status/10_basic: Indices status test]
[2014-02-18 15:41:45,565][INFO ][test                     ] Test Indices status test (indices.status/10_basic) finished
[2014-02-18 15:41:45,566][INFO ][test                     ] Test Basic multi-search (msearch/10_basic) started
[2014-02-18 15:41:45,567][INFO ][test.rest.junit          ] cleaning up before test [msearch/10_basic: Basic multi-search]
[2014-02-18 15:41:45,571][INFO ][test.rest.junit          ] start test [msearch/10_basic: Basic multi-search]
[2014-02-18 15:41:45,585][INFO ][cluster.metadata         ] [node_0] [test_1] creating index, cause [auto(index api)], shards [5]/[1], mappings []
[2014-02-18 15:41:45,636][INFO ][cluster.metadata         ] [node_0] [test_1] update_mapping [test] (dynamic)
[2014-02-18 15:41:45,877][INFO ][test.rest.junit          ] end test [msearch/10_basic: Basic multi-search]
[2014-02-18 15:41:45,877][INFO ][test.rest.junit          ] cleaning up after test [msearch/10_basic: Basic multi-search]
[2014-02-18 15:41:45,880][INFO ][cluster.metadata         ] [node_0] [test_1] deleting index
[2014-02-18 15:41:45,901][INFO ][test                     ] Test Basic multi-search (msearch/10_basic) finished
[2014-02-18 15:41:45,902][INFO ][test                     ] Test Internal version (delete/20_internal_version) started
[2014-02-18 15:41:45,902][INFO ][test.rest.junit          ] cleaning up before test [delete/20_internal_version: Internal version]
[2014-02-18 15:41:45,908][INFO ][test.rest.junit          ] start test [delete/20_internal_version: Internal version]
[2014-02-18 15:41:45,929][INFO ][cluster.metadata         ] [node_0] [test_1] creating index, cause [auto(index api)], shards [5]/[1], mappings []
[2014-02-18 15:41:45,977][INFO ][cluster.metadata         ] [node_0] [test_1] update_mapping [test] (dynamic)
[2014-02-18 15:41:45,989][INFO ][test.rest.junit          ] end test [delete/20_internal_version: Internal version]
[2014-02-18 15:41:45,990][INFO ][test.rest.junit          ] cleaning up after test [delete/20_internal_version: Internal version]
[2014-02-18 15:41:45,992][INFO ][cluster.metadata         ] [node_0] [test_1] deleting index
[2014-02-18 15:41:46,035][INFO ][test                     ] Test Internal version (delete/20_internal_version) finished
[2014-02-18 15:41:46,035][INFO ][test                     ] Test Missing document with catch (delete/60_missing) started
[2014-02-18 15:41:46,036][INFO ][test.rest.junit          ] cleaning up before test [delete/60_missing: Missing document with catch]
[2014-02-18 15:41:46,041][INFO ][test.rest.junit          ] start test [delete/60_missing: Missing document with catch]
[2014-02-18 15:41:46,060][INFO ][cluster.metadata         ] [node_0] [test_1] creating index, cause [auto(delete api)], shards [5]/[1], mappings []
[2014-02-18 15:41:46,121][INFO ][test.rest.junit          ] end test [delete/60_missing: Missing document with catch]
[2014-02-18 15:41:46,121][INFO ][test.rest.junit          ] cleaning up after test [delete/60_missing: Missing document with catch]
[2014-02-18 15:41:46,124][INFO ][cluster.metadata         ] [node_0] [test_1] deleting index
[2014-02-18 15:41:46,139][INFO ][test                     ] Test Missing document with catch (delete/60_missing) finished
[2014-02-18 15:41:46,140][INFO ][test                     ] Test Missing document with ignore (delete/60_missing) started
[2014-02-18 15:41:46,140][INFO ][test.rest.junit          ] cleaning up before test [delete/60_missing: Missing document with ignore]
[2014-02-18 15:41:46,146][INFO ][test.rest.junit          ] start test [delete/60_missing: Missing document with ignore]
[2014-02-18 15:41:46,162][INFO ][cluster.metadata         ] [node_0] [test_1] creating index, cause [auto(delete api)], shards [5]/[1], mappings []
[2014-02-18 15:41:46,216][INFO ][test.rest.junit          ] end test [delete/60_missing: Missing document with ignore]
[2014-02-18 15:41:46,216][INFO ][test.rest.junit          ] cleaning up after test [delete/60_missing: Missing document with ignore]
[2014-02-18 15:41:46,219][INFO ][cluster.metadata         ] [node_0] [test_1] deleting index
[2014-02-18 15:41:46,255][INFO ][test                     ] Test Missing document with ignore (delete/60_missing) finished
[2014-02-18 15:41:46,256][INFO ][test                     ] Test Parent with routing (delete/45_parent_with_routing) started
[2014-02-18 15:41:46,256][INFO ][test.rest.junit          ] cleaning up before test [delete/45_parent_with_routing: Parent with routing]
[2014-02-18 15:41:46,261][INFO ][test.rest.junit          ] start test [delete/45_parent_with_routing: Parent with routing]
[2014-02-18 15:41:46,274][INFO ][cluster.metadata         ] [node_0] [test_1] creating index, cause [api], shards [5]/[0], mappings [test]
[2014-02-18 15:41:46,506][INFO ][cluster.metadata         ] [node_0] [test_1] update_mapping [test] (dynamic)
[2014-02-18 15:41:46,512][INFO ][test.rest.junit          ] end test [delete/45_parent_with_routing: Parent with routing]
[2014-02-18 15:41:46,512][INFO ][test.rest.junit          ] cleaning up after test [delete/45_parent_with_routing: Parent with routing]
[2014-02-18 15:41:46,514][INFO ][cluster.metadata         ] [node_0] [test_1] deleting index
[2014-02-18 15:41:46,528][INFO ][test                     ] Test Parent with routing (delete/45_parent_with_routing) finished
[2014-02-18 15:41:46,528][INFO ][test                     ] Test Refresh (delete/50_refresh) started
[2014-02-18 15:41:46,528][INFO ][test.rest.junit          ] cleaning up before test [delete/50_refresh: Refresh]
[2014-02-18 15:41:46,533][INFO ][test.rest.junit          ] start test [delete/50_refresh: Refresh]
[2014-02-18 15:41:46,543][INFO ][cluster.metadata         ] [node_0] [test_1] creating index, cause [api], shards [5]/[0], mappings []
[2014-02-18 15:41:46,780][INFO ][cluster.metadata         ] [node_0] [test_1] update_mapping [test] (dynamic)
[2014-02-18 15:41:46,840][INFO ][test.rest.junit          ] end test [delete/50_refresh: Refresh]
[2014-02-18 15:41:46,840][INFO ][test.rest.junit          ] cleaning up after test [delete/50_refresh: Refresh]
[2014-02-18 15:41:46,842][INFO ][cluster.metadata         ] [node_0] [test_1] deleting index
[2014-02-18 15:41:46,860][INFO ][test                     ] Test Refresh (delete/50_refresh) finished
[2014-02-18 15:41:46,861][INFO ][test                     ] Test Routing (delete/30_routing) started
[2014-02-18 15:41:46,861][INFO ][test.rest.junit          ] cleaning up before test [delete/30_routing: Routing]
[2014-02-18 15:41:46,867][INFO ][test.rest.junit          ] start test [delete/30_routing: Routing]
[2014-02-18 15:41:46,880][INFO ][cluster.metadata         ] [node_0] [test_1] creating index, cause [auto(index api)], shards [5]/[1], mappings []
[2014-02-18 15:41:46,936][INFO ][cluster.metadata         ] [node_0] [test_1] update_mapping [test] (dynamic)
[2014-02-18 15:41:47,151][INFO ][test.rest.junit          ] end test [delete/30_routing: Routing]
[2014-02-18 15:41:47,151][INFO ][test.rest.junit          ] cleaning up after test [delete/30_routing: Routing]
[2014-02-18 15:41:47,158][INFO ][cluster.metadata         ] [node_0] [test_1] deleting index
[2014-02-18 15:41:47,180][INFO ][test                     ] Test Routing (delete/30_routing) finished
[2014-02-18 15:41:47,180][INFO ][test                     ] Test Basic (delete/10_basic) started
[2014-02-18 15:41:47,181][INFO ][test.rest.junit          ] cleaning up before test [delete/10_basic: Basic]
[2014-02-18 15:41:47,188][INFO ][test.rest.junit          ] start test [delete/10_basic: Basic]
[2014-02-18 15:41:47,207][INFO ][cluster.metadata         ] [node_0] [test_1] creating index, cause [auto(index api)], shards [5]/[1], mappings []
[2014-02-18 15:41:47,268][INFO ][cluster.metadata         ] [node_0] [test_1] update_mapping [test] (dynamic)
[2014-02-18 15:41:47,273][INFO ][test.rest.junit          ] end test [delete/10_basic: Basic]
[2014-02-18 15:41:47,273][INFO ][test.rest.junit          ] cleaning up after test [delete/10_basic: Basic]
[2014-02-18 15:41:47,276][INFO ][cluster.metadata         ] [node_0] [test_1] deleting index
[2014-02-18 15:41:47,314][INFO ][test                     ] Test Basic (delete/10_basic) finished
[2014-02-18 15:41:47,314][INFO ][test                     ] Test External version (delete/25_external_version) started
[2014-02-18 15:41:47,315][INFO ][test.rest.junit          ] cleaning up before test [delete/25_external_version: External version]
[2014-02-18 15:41:47,320][INFO ][test.rest.junit          ] start test [delete/25_external_version: External version]
[2014-02-18 15:41:47,335][INFO ][cluster.metadata         ] [node_0] [test_1] creating index, cause [auto(index api)], shards [5]/[1], mappings []
[2014-02-18 15:41:47,390][INFO ][cluster.metadata         ] [node_0] [test_1] update_mapping [test] (dynamic)
[2014-02-18 15:41:47,398][INFO ][test.rest.junit          ] end test [delete/25_external_version: External version]
[2014-02-18 15:41:47,399][INFO ][test.rest.junit          ] cleaning up after test [delete/25_external_version: External version]
[2014-02-18 15:41:47,405][INFO ][cluster.metadata         ] [node_0] [test_1] deleting index
[2014-02-18 15:41:47,458][INFO ][test                     ] Test External version (delete/25_external_version) finished
[2014-02-18 15:41:47,459][INFO ][test                     ] Test Parent (delete/40_parent) started
[2014-02-18 15:41:47,459][INFO ][test.rest.junit          ] cleaning up before test [delete/40_parent: Parent]
[2014-02-18 15:41:47,465][INFO ][test.rest.junit          ] start test [delete/40_parent: Parent]
[2014-02-18 15:41:47,484][INFO ][cluster.metadata         ] [node_0] [test_1] creating index, cause [api], shards [5]/[1], mappings [test]
[2014-02-18 15:41:47,797][INFO ][test.rest.junit          ] end test [delete/40_parent: Parent]
[2014-02-18 15:41:47,797][INFO ][test.rest.junit          ] cleaning up after test [delete/40_parent: Parent]
[2014-02-18 15:41:47,824][INFO ][cluster.metadata         ] [node_0] [test_1] update_mapping [test] (dynamic)
[2014-02-18 15:41:47,828][INFO ][cluster.metadata         ] [node_0] [test_1] deleting index
[2014-02-18 15:41:47,852][INFO ][test                     ] Test Parent (delete/40_parent) finished
[2014-02-18 15:41:47,853][INFO ][test                     ] Test Raise 404 when type doesn't exist (indices.get_field_mapping/30_missing_type) started
[2014-02-18 15:41:47,853][INFO ][test.rest.junit          ] cleaning up before test [indices.get_field_mapping/30_missing_type: Raise 404 when type doesn't exist]
[2014-02-18 15:41:47,860][INFO ][test.rest.junit          ] start test [indices.get_field_mapping/30_missing_type: Raise 404 when type doesn't exist]
[2014-02-18 15:41:47,881][INFO ][cluster.metadata         ] [node_0] [test_index] creating index, cause [api], shards [5]/[1], mappings [test_type]
[2014-02-18 15:41:47,944][INFO ][test.rest.junit          ] end test [indices.get_field_mapping/30_missing_type: Raise 404 when type doesn't exist]
[2014-02-18 15:41:47,944][INFO ][test.rest.junit          ] cleaning up after test [indices.get_field_mapping/30_missing_type: Raise 404 when type doesn't exist]
[2014-02-18 15:41:47,947][INFO ][cluster.metadata         ] [node_0] [test_index] deleting index
[2014-02-18 15:41:47,968][INFO ][test                     ] Test Raise 404 when type doesn't exist (indices.get_field_mapping/30_missing_type) finished
[2014-02-18 15:41:47,968][INFO ][test                     ] Test Raise 404 when index doesn't exist (indices.get_field_mapping/40_missing_index) started
[2014-02-18 15:41:47,969][INFO ][test.rest.junit          ] cleaning up before test [indices.get_field_mapping/40_missing_index: Raise 404 when index doesn't exist]
[2014-02-18 15:41:47,975][INFO ][test.rest.junit          ] start test [indices.get_field_mapping/40_missing_index: Raise 404 when index doesn't exist]
[2014-02-18 15:41:47,978][INFO ][test.rest.junit          ] end test [indices.get_field_mapping/40_missing_index: Raise 404 when index doesn't exist]
[2014-02-18 15:41:47,978][INFO ][test.rest.junit          ] cleaning up after test [indices.get_field_mapping/40_missing_index: Raise 404 when index doesn't exist]
[2014-02-18 15:41:47,983][INFO ][test                     ] Test Raise 404 when index doesn't exist (indices.get_field_mapping/40_missing_index) finished
[2014-02-18 15:41:47,984][INFO ][test                     ] Test Return empty object if field doesn't exist, but type and index do (indices.get_field_mapping/20_missing_field) started
[2014-02-18 15:41:47,984][INFO ][test.rest.junit          ] cleaning up before test [indices.get_field_mapping/20_missing_field: Return empty object if field doesn't exist, but type and index do]
[2014-02-18 15:41:47,989][INFO ][test.rest.junit          ] start test [indices.get_field_mapping/20_missing_field: Return empty object if field doesn't exist, but type and index do]
[2014-02-18 15:41:48,008][INFO ][cluster.metadata         ] [node_0] [test_index] creating index, cause [api], shards [5]/[1], mappings [test_type]
[2014-02-18 15:41:48,082][INFO ][test.rest.junit          ] end test [indices.get_field_mapping/20_missing_field: Return empty object if field doesn't exist, but type and index do]
[2014-02-18 15:41:48,082][INFO ][test.rest.junit          ] cleaning up after test [indices.get_field_mapping/20_missing_field: Return empty object if field doesn't exist, but type and index do]
[2014-02-18 15:41:48,087][INFO ][cluster.metadata         ] [node_0] [test_index] deleting index
[2014-02-18 15:41:48,120][INFO ][test                     ] Test Return empty object if field doesn't exist, but type and index do (indices.get_field_mapping/20_missing_field) finished
[2014-02-18 15:41:48,120][INFO ][test                     ] Test Get field mapping with t* for fields (indices.get_field_mapping/50_field_wildcards) started
[2014-02-18 15:41:48,121][INFO ][test.rest.junit          ] cleaning up before test [indices.get_field_mapping/50_field_wildcards: Get field mapping with t* for fields]
[2014-02-18 15:41:48,126][INFO ][test.rest.junit          ] start test [indices.get_field_mapping/50_field_wildcards: Get field mapping with t* for fields]
[2014-02-18 15:41:48,126][INFO ][test.rest.junit          ] start setup test [indices.get_field_mapping/50_field_wildcards: Get field mapping with t* for fields]
[2014-02-18 15:41:48,142][INFO ][cluster.metadata         ] [node_0] [test_index] creating index, cause [api], shards [5]/[1], mappings [test_type]
[2014-02-18 15:41:48,234][INFO ][cluster.metadata         ] [node_0] [test_index_2] creating index, cause [api], shards [5]/[1], mappings [test_type_2]
[2014-02-18 15:41:48,503][INFO ][test.rest.junit          ] end setup test [indices.get_field_mapping/50_field_wildcards: Get field mapping with t* for fields]
[2014-02-18 15:41:48,507][INFO ][test.rest.junit          ] end test [indices.get_field_mapping/50_field_wildcards: Get field mapping with t* for fields]
[2014-02-18 15:41:48,507][INFO ][test.rest.junit          ] cleaning up after test [indices.get_field_mapping/50_field_wildcards: Get field mapping with t* for fields]
[2014-02-18 15:41:48,509][INFO ][cluster.metadata         ] [node_0] [test_index_2] deleting index
[2014-02-18 15:41:48,522][INFO ][cluster.metadata         ] [node_0] [test_index] deleting index
[2014-02-18 15:41:48,542][INFO ][test                     ] Test Get field mapping with t* for fields (indices.get_field_mapping/50_field_wildcards) finished
[2014-02-18 15:41:48,542][INFO ][test                     ] Test Get field mapping should work using '*' for indices and types (indices.get_field_mapping/50_field_wildcards) started
[2014-02-18 15:41:48,543][INFO ][test.rest.junit          ] cleaning up before test [indices.get_field_mapping/50_field_wildcards: Get field mapping should work using '*' for indices and types]
[2014-02-18 15:41:48,548][INFO ][test.rest.junit          ] start test [indices.get_field_mapping/50_field_wildcards: Get field mapping should work using '*' for indices and types]
[2014-02-18 15:41:48,548][INFO ][test.rest.junit          ] start setup test [indices.get_field_mapping/50_field_wildcards: Get field mapping should work using '*' for indices and types]
[2014-02-18 15:41:48,559][INFO ][cluster.metadata         ] [node_0] [test_index] creating index, cause [api], shards [5]/[1], mappings [test_type]
[2014-02-18 15:41:48,602][INFO ][cluster.metadata         ] [node_0] [test_index_2] creating index, cause [api], shards [5]/[1], mappings [test_type_2]
[2014-02-18 15:41:48,830][INFO ][test.rest.junit          ] end setup test [indices.get_field_mapping/50_field_wildcards: Get field mapping should work using '*' for indices and types]
[2014-02-18 15:41:48,832][INFO ][test.rest.junit          ] end test [indices.get_field_mapping/50_field_wildcards: Get field mapping should work using '*' for indices and types]
[2014-02-18 15:41:48,833][INFO ][test.rest.junit          ] cleaning up after test [indices.get_field_mapping/50_field_wildcards: Get field mapping should work using '*' for indices and types]
[2014-02-18 15:41:48,834][INFO ][cluster.metadata         ] [node_0] [test_index_2] deleting index
[2014-02-18 15:41:48,843][INFO ][cluster.metadata         ] [node_0] [test_index] deleting index
[2014-02-18 15:41:48,861][INFO ][test                     ] Test Get field mapping should work using '*' for indices and types (indices.get_field_mapping/50_field_wildcards) finished
[2014-02-18 15:41:48,862][INFO ][test                     ] Test Get field mapping with *t1 for fields (indices.get_field_mapping/50_field_wildcards) started
[2014-02-18 15:41:48,862][INFO ][test.rest.junit          ] cleaning up before test [indices.get_field_mapping/50_field_wildcards: Get field mapping with *t1 for fields]
[2014-02-18 15:41:48,867][INFO ][test.rest.junit          ] start test [indices.get_field_mapping/50_field_wildcards: Get field mapping with *t1 for fields]
[2014-02-18 15:41:48,867][INFO ][test.rest.junit          ] start setup test [indices.get_field_mapping/50_field_wildcards: Get field mapping with *t1 for fields]
[2014-02-18 15:41:48,878][INFO ][cluster.metadata         ] [node_0] [test_index] creating index, cause [api], shards [5]/[1], mappings [test_type]
[2014-02-18 15:41:48,926][INFO ][cluster.metadata         ] [node_0] [test_index_2] creating index, cause [api], shards [5]/[1], mappings [test_type_2]
[2014-02-18 15:41:49,161][INFO ][test.rest.junit          ] end setup test [indices.get_field_mapping/50_field_wildcards: Get field mapping with *t1 for fields]
[2014-02-18 15:41:49,164][INFO ][test.rest.junit          ] end test [indices.get_field_mapping/50_field_wildcards: Get field mapping with *t1 for fields]
[2014-02-18 15:41:49,164][INFO ][test.rest.junit          ] cleaning up after test [indices.get_field_mapping/50_field_wildcards: Get field mapping with *t1 for fields]
[2014-02-18 15:41:49,167][INFO ][cluster.metadata         ] [node_0] [test_index_2] deleting index
[2014-02-18 15:41:49,181][INFO ][cluster.metadata         ] [node_0] [test_index] deleting index
[2014-02-18 15:41:49,196][INFO ][test                     ] Test Get field mapping with *t1 for fields (indices.get_field_mapping/50_field_wildcards) finished
[2014-02-18 15:41:49,196][INFO ][test                     ] Test Get field mapping with * for fields (indices.get_field_mapping/50_field_wildcards) started
[2014-02-18 15:41:49,196][INFO ][test.rest.junit          ] cleaning up before test [indices.get_field_mapping/50_field_wildcards: Get field mapping with * for fields]
[2014-02-18 15:41:49,201][INFO ][test.rest.junit          ] start test [indices.get_field_mapping/50_field_wildcards: Get field mapping with * for fields]
[2014-02-18 15:41:49,201][INFO ][test.rest.junit          ] start setup test [indices.get_field_mapping/50_field_wildcards: Get field mapping with * for fields]
[2014-02-18 15:41:49,216][INFO ][cluster.metadata         ] [node_0] [test_index] creating index, cause [api], shards [5]/[1], mappings [test_type]
[2014-02-18 15:41:49,263][INFO ][cluster.metadata         ] [node_0] [test_index_2] creating index, cause [api], shards [5]/[1], mappings [test_type_2]
[2014-02-18 15:41:49,500][INFO ][test.rest.junit          ] end setup test [indices.get_field_mapping/50_field_wildcards: Get field mapping with * for fields]
[2014-02-18 15:41:49,504][INFO ][test.rest.junit          ] end test [indices.get_field_mapping/50_field_wildcards: Get field mapping with * for fields]
[2014-02-18 15:41:49,505][INFO ][test.rest.junit          ] cleaning up after test [indices.get_field_mapping/50_field_wildcards: Get field mapping with * for fields]
[2014-02-18 15:41:49,508][INFO ][cluster.metadata         ] [node_0] [test_index_2] deleting index
[2014-02-18 15:41:49,523][INFO ][cluster.metadata         ] [node_0] [test_index] deleting index
[2014-02-18 15:41:49,539][INFO ][test                     ] Test Get field mapping with * for fields (indices.get_field_mapping/50_field_wildcards) finished
[2014-02-18 15:41:49,539][INFO ][test                     ] Test Get field mapping with wildcarded relative names (indices.get_field_mapping/50_field_wildcards) started
[2014-02-18 15:41:49,539][INFO ][test.rest.junit          ] cleaning up before test [indices.get_field_mapping/50_field_wildcards: Get field mapping with wildcarded relative names]
[2014-02-18 15:41:49,545][INFO ][test.rest.junit          ] start test [indices.get_field_mapping/50_field_wildcards: Get field mapping with wildcarded relative names]
[2014-02-18 15:41:49,545][INFO ][test.rest.junit          ] start setup test [indices.get_field_mapping/50_field_wildcards: Get field mapping with wildcarded relative names]
[2014-02-18 15:41:49,556][INFO ][cluster.metadata         ] [node_0] [test_index] creating index, cause [api], shards [5]/[1], mappings [test_type]
[2014-02-18 15:41:49,597][INFO ][cluster.metadata         ] [node_0] [test_index_2] creating index, cause [api], shards [5]/[1], mappings [test_type_2]
[2014-02-18 15:41:49,824][INFO ][test.rest.junit          ] end setup test [indices.get_field_mapping/50_field_wildcards: Get field mapping with wildcarded relative names]
[2014-02-18 15:41:49,827][INFO ][test.rest.junit          ] end test [indices.get_field_mapping/50_field_wildcards: Get field mapping with wildcarded relative names]
[2014-02-18 15:41:49,827][INFO ][test.rest.junit          ] cleaning up after test [indices.get_field_mapping/50_field_wildcards: Get field mapping with wildcarded relative names]
[2014-02-18 15:41:49,829][INFO ][cluster.metadata         ] [node_0] [test_index_2] deleting index
[2014-02-18 15:41:49,843][INFO ][cluster.metadata         ] [node_0] [test_index] deleting index
[2014-02-18 15:41:49,860][INFO ][test                     ] Test Get field mapping with wildcarded relative names (indices.get_field_mapping/50_field_wildcards) finished
[2014-02-18 15:41:49,861][INFO ][test                     ] Test Get field mapping should work using '_all' for indices and types (indices.get_field_mapping/50_field_wildcards) started
[2014-02-18 15:41:49,861][INFO ][test.rest.junit          ] cleaning up before test [indices.get_field_mapping/50_field_wildcards: Get field mapping should work using '_all' for indices and types]
[2014-02-18 15:41:49,867][INFO ][test.rest.junit          ] start test [indices.get_field_mapping/50_field_wildcards: Get field mapping should work using '_all' for indices and types]
[2014-02-18 15:41:49,867][INFO ][test.rest.junit          ] start setup test [indices.get_field_mapping/50_field_wildcards: Get field mapping should work using '_all' for indices and types]
[2014-02-18 15:41:49,888][INFO ][cluster.metadata         ] [node_0] [test_index] creating index, cause [api], shards [5]/[1], mappings [test_type]
[2014-02-18 15:41:50,102][INFO ][cluster.metadata         ] [node_0] [test_index_2] creating index, cause [api], shards [5]/[1], mappings [test_type_2]
[2014-02-18 15:41:50,367][INFO ][test.rest.junit          ] end setup test [indices.get_field_mapping/50_field_wildcards: Get field mapping should work using '_all' for indices and types]
[2014-02-18 15:41:50,372][INFO ][test.rest.junit          ] end test [indices.get_field_mapping/50_field_wildcards: Get field mapping should work using '_all' for indices and types]
[2014-02-18 15:41:50,373][INFO ][test.rest.junit          ] cleaning up after test [indices.get_field_mapping/50_field_wildcards: Get field mapping should work using '_all' for indices and types]
[2014-02-18 15:41:50,376][INFO ][cluster.metadata         ] [node_0] [test_index_2] deleting index
[2014-02-18 15:41:50,390][INFO ][cluster.metadata         ] [node_0] [test_index] deleting index
[2014-02-18 15:41:50,406][INFO ][test                     ] Test Get field mapping should work using '_all' for indices and types (indices.get_field_mapping/50_field_wildcards) finished
[2014-02-18 15:41:50,407][INFO ][test                     ] Test Get field mapping should work using comma_separated values for indices and types (indices.get_field_mapping/50_field_wildcards) started
[2014-02-18 15:41:50,408][INFO ][test.rest.junit          ] cleaning up before test [indices.get_field_mapping/50_field_wildcards: Get field mapping should work using comma_separated values for indices and types]
[2014-02-18 15:41:50,418][INFO ][test.rest.junit          ] start test [indices.get_field_mapping/50_field_wildcards: Get field mapping should work using comma_separated values for indices and types]
[2014-02-18 15:41:50,419][INFO ][test.rest.junit          ] start setup test [indices.get_field_mapping/50_field_wildcards: Get field mapping should work using comma_separated values for indices and types]
[2014-02-18 15:41:50,440][INFO ][cluster.metadata         ] [node_0] [test_index] creating index, cause [api], shards [5]/[1], mappings [test_type]
[2014-02-18 15:41:50,510][INFO ][cluster.metadata         ] [node_0] [test_index_2] creating index, cause [api], shards [5]/[1], mappings [test_type_2]
[2014-02-18 15:41:50,751][INFO ][test.rest.junit          ] end setup test [indices.get_field_mapping/50_field_wildcards: Get field mapping should work using comma_separated values for indices and types]
[2014-02-18 15:41:50,755][INFO ][test.rest.junit          ] end test [indices.get_field_mapping/50_field_wildcards: Get field mapping should work using comma_separated values for indices and types]
[2014-02-18 15:41:50,755][INFO ][test.rest.junit          ] cleaning up after test [indices.get_field_mapping/50_field_wildcards: Get field mapping should work using comma_separated values for indices and types]
[2014-02-18 15:41:50,757][INFO ][cluster.metadata         ] [node_0] [test_index_2] deleting index
[2014-02-18 15:41:50,771][INFO ][cluster.metadata         ] [node_0] [test_index] deleting index
[2014-02-18 15:41:50,790][INFO ][test                     ] Test Get field mapping should work using comma_separated values for indices and types (indices.get_field_mapping/50_field_wildcards) finished
[2014-02-18 15:41:50,790][INFO ][test                     ] Test Get field mapping by index only (indices.get_field_mapping/10_basic) started
[2014-02-18 15:41:50,790][INFO ][test.rest.junit          ] cleaning up before test [indices.get_field_mapping/10_basic: Get field mapping by index only]
[2014-02-18 15:41:50,796][INFO ][test.rest.junit          ] start test [indices.get_field_mapping/10_basic: Get field mapping by index only]
[2014-02-18 15:41:50,796][INFO ][test.rest.junit          ] start setup test [indices.get_field_mapping/10_basic: Get field mapping by index only]
[2014-02-18 15:41:50,818][INFO ][cluster.metadata         ] [node_0] [test_index] creating index, cause [api], shards [5]/[1], mappings [test_type]
[2014-02-18 15:41:50,882][INFO ][test.rest.junit          ] end setup test [indices.get_field_mapping/10_basic: Get field mapping by index only]
[2014-02-18 15:41:50,885][INFO ][test.rest.junit          ] end test [indices.get_field_mapping/10_basic: Get field mapping by index only]
[2014-02-18 15:41:50,885][INFO ][test.rest.junit          ] cleaning up after test [indices.get_field_mapping/10_basic: Get field mapping by index only]
[2014-02-18 15:41:50,888][INFO ][cluster.metadata         ] [node_0] [test_index] deleting index
[2014-02-18 15:41:50,979][INFO ][test                     ] Test Get field mapping by index only (indices.get_field_mapping/10_basic) finished
[2014-02-18 15:41:50,980][INFO ][test                     ] Test Get field mapping by type & field (indices.get_field_mapping/10_basic) started
[2014-02-18 15:41:50,980][INFO ][test.rest.junit          ] cleaning up before test [indices.get_field_mapping/10_basic: Get field mapping by type & field]
[2014-02-18 15:41:50,987][INFO ][test.rest.junit          ] start test [indices.get_field_mapping/10_basic: Get field mapping by type & field]
[2014-02-18 15:41:50,987][INFO ][test.rest.junit          ] start setup test [indices.get_field_mapping/10_basic: Get field mapping by type & field]
[2014-02-18 15:41:51,061][INFO ][cluster.metadata         ] [node_0] [test_index] creating index, cause [api], shards [5]/[1], mappings [test_type]
[2014-02-18 15:41:51,119][INFO ][test.rest.junit          ] end setup test [indices.get_field_mapping/10_basic: Get field mapping by type & field]
[2014-02-18 15:41:51,123][INFO ][test.rest.junit          ] end test [indices.get_field_mapping/10_basic: Get field mapping by type & field]
[2014-02-18 15:41:51,123][INFO ][test.rest.junit          ] cleaning up after test [indices.get_field_mapping/10_basic: Get field mapping by type & field]
[2014-02-18 15:41:51,131][INFO ][cluster.metadata         ] [node_0] [test_index] deleting index
[2014-02-18 15:41:51,153][INFO ][test                     ] Test Get field mapping by type & field (indices.get_field_mapping/10_basic) finished
[2014-02-18 15:41:51,154][INFO ][test                     ] Test Get field mapping with no index and type (indices.get_field_mapping/10_basic) started
[2014-02-18 15:41:51,154][INFO ][test.rest.junit          ] cleaning up before test [indices.get_field_mapping/10_basic: Get field mapping with no index and type]
[2014-02-18 15:41:51,160][INFO ][test.rest.junit          ] start test [indices.get_field_mapping/10_basic: Get field mapping with no index and type]
[2014-02-18 15:41:51,161][INFO ][test.rest.junit          ] start setup test [indices.get_field_mapping/10_basic: Get field mapping with no index and type]
[2014-02-18 15:41:51,181][INFO ][cluster.metadata         ] [node_0] [test_index] creating index, cause [api], shards [5]/[1], mappings [test_type]
[2014-02-18 15:41:51,230][INFO ][test.rest.junit          ] end setup test [indices.get_field_mapping/10_basic: Get field mapping with no index and type]
[2014-02-18 15:41:51,233][INFO ][test.rest.junit          ] end test [indices.get_field_mapping/10_basic: Get field mapping with no index and type]
[2014-02-18 15:41:51,233][INFO ][test.rest.junit          ] cleaning up after test [indices.get_field_mapping/10_basic: Get field mapping with no index and type]
[2014-02-18 15:41:51,238][INFO ][cluster.metadata         ] [node_0] [test_index] deleting index
[2014-02-18 15:41:51,273][INFO ][test                     ] Test Get field mapping with no index and type (indices.get_field_mapping/10_basic) finished
[2014-02-18 15:41:51,273][INFO ][test                     ] Test Get field mapping should work without index specifying type and field (indices.get_field_mapping/10_basic) started
[2014-02-18 15:41:51,274][INFO ][test.rest.junit          ] cleaning up before test [indices.get_field_mapping/10_basic: Get field mapping should work without index specifying type and field]
[2014-02-18 15:41:51,279][INFO ][test.rest.junit          ] start test [indices.get_field_mapping/10_basic: Get field mapping should work without index specifying type and field]
[2014-02-18 15:41:51,280][INFO ][test.rest.junit          ] start setup test [indices.get_field_mapping/10_basic: Get field mapping should work without index specifying type and field]
[2014-02-18 15:41:51,296][INFO ][cluster.metadata         ] [node_0] [test_index] creating index, cause [api], shards [5]/[1], mappings [test_type]
[2014-02-18 15:41:51,331][INFO ][test.rest.junit          ] end setup test [indices.get_field_mapping/10_basic: Get field mapping should work without index specifying type and field]
[2014-02-18 15:41:51,334][INFO ][test.rest.junit          ] end test [indices.get_field_mapping/10_basic: Get field mapping should work without index specifying type and field]
[2014-02-18 15:41:51,335][INFO ][test.rest.junit          ] cleaning up after test [indices.get_field_mapping/10_basic: Get field mapping should work without index specifying type and field]
[2014-02-18 15:41:51,338][INFO ][cluster.metadata         ] [node_0] [test_index] deleting index
[2014-02-18 15:41:51,357][INFO ][test                     ] Test Get field mapping should work without index specifying type and field (indices.get_field_mapping/10_basic) finished
[2014-02-18 15:41:51,358][INFO ][test                     ] Test Get field mapping with include_defaults (indices.get_field_mapping/10_basic) started
[2014-02-18 15:41:51,358][INFO ][test.rest.junit          ] cleaning up before test [indices.get_field_mapping/10_basic: Get field mapping with include_defaults]
[2014-02-18 15:41:51,363][INFO ][test.rest.junit          ] start test [indices.get_field_mapping/10_basic: Get field mapping with include_defaults]
[2014-02-18 15:41:51,364][INFO ][test.rest.junit          ] start setup test [indices.get_field_mapping/10_basic: Get field mapping with include_defaults]
[2014-02-18 15:41:51,381][INFO ][cluster.metadata         ] [node_0] [test_index] creating index, cause [api], shards [5]/[1], mappings [test_type]
[2014-02-18 15:41:51,425][INFO ][test.rest.junit          ] end setup test [indices.get_field_mapping/10_basic: Get field mapping with include_defaults]
[2014-02-18 15:41:51,431][INFO ][test.rest.junit          ] end test [indices.get_field_mapping/10_basic: Get field mapping with include_defaults]
[2014-02-18 15:41:51,431][INFO ][test.rest.junit          ] cleaning up after test [indices.get_field_mapping/10_basic: Get field mapping with include_defaults]
[2014-02-18 15:41:51,435][INFO ][cluster.metadata         ] [node_0] [test_index] deleting index
[2014-02-18 15:41:51,464][INFO ][test                     ] Test Get field mapping with include_defaults (indices.get_field_mapping/10_basic) finished
[2014-02-18 15:41:51,464][INFO ][test                     ] Test Get field mapping by type & field, with another field that doesn't exist (indices.get_field_mapping/10_basic) started
[2014-02-18 15:41:51,464][INFO ][test.rest.junit          ] cleaning up before test [indices.get_field_mapping/10_basic: Get field mapping by type & field, with another field that doesn't exist]
[2014-02-18 15:41:51,470][INFO ][test.rest.junit          ] start test [indices.get_field_mapping/10_basic: Get field mapping by type & field, with another field that doesn't exist]
[2014-02-18 15:41:51,470][INFO ][test.rest.junit          ] start setup test [indices.get_field_mapping/10_basic: Get field mapping by type & field, with another field that doesn't exist]
[2014-02-18 15:41:51,488][INFO ][cluster.metadata         ] [node_0] [test_index] creating index, cause [api], shards [5]/[1], mappings [test_type]
[2014-02-18 15:41:51,534][INFO ][test.rest.junit          ] end setup test [indices.get_field_mapping/10_basic: Get field mapping by type & field, with another field that doesn't exist]
[2014-02-18 15:41:51,537][INFO ][test.rest.junit          ] end test [indices.get_field_mapping/10_basic: Get field mapping by type & field, with another field that doesn't exist]
[2014-02-18 15:41:51,538][INFO ][test.rest.junit          ] cleaning up after test [indices.get_field_mapping/10_basic: Get field mapping by type & field, with another field that doesn't exist]
[2014-02-18 15:41:51,539][INFO ][cluster.metadata         ] [node_0] [test_index] deleting index
[2014-02-18 15:41:51,558][INFO ][test                     ] Test Get field mapping by type & field, with another field that doesn't exist (indices.get_field_mapping/10_basic) finished
[2014-02-18 15:41:51,559][INFO ][test                     ] Test delete with * index (indices.delete_mapping/all_path_options) started
[2014-02-18 15:41:51,559][INFO ][test.rest.junit          ] cleaning up before test [indices.delete_mapping/all_path_options: delete with * index]
[2014-02-18 15:41:51,564][INFO ][test.rest.junit          ] start test [indices.delete_mapping/all_path_options: delete with * index]
[2014-02-18 15:41:51,565][INFO ][test.rest.junit          ] start setup test [indices.delete_mapping/all_path_options: delete with * index]
[2014-02-18 15:41:51,579][INFO ][cluster.metadata         ] [node_0] [test_index1] creating index, cause [api], shards [5]/[1], mappings [test_type1]
[2014-02-18 15:41:51,650][INFO ][cluster.metadata         ] [node_0] [test_index2] creating index, cause [api], shards [5]/[1], mappings [test_type2]
[2014-02-18 15:41:51,731][INFO ][cluster.metadata         ] [node_0] [foo] creating index, cause [api], shards [5]/[1], mappings [test_type2]
[2014-02-18 15:41:51,827][INFO ][test.rest.junit          ] end setup test [indices.delete_mapping/all_path_options: delete with * index]
[2014-02-18 15:41:51,852][INFO ][cluster.metadata         ] [node_0] [[foo, test_index2, test_index1]] remove_mapping [[test_type2]]
[2014-02-18 15:41:51,861][INFO ][test.rest.junit          ] end test [indices.delete_mapping/all_path_options: delete with * index]
[2014-02-18 15:41:51,861][INFO ][test.rest.junit          ] cleaning up after test [indices.delete_mapping/all_path_options: delete with * index]
[2014-02-18 15:41:51,863][INFO ][cluster.metadata         ] [node_0] [foo] deleting index
[2014-02-18 15:41:51,879][INFO ][cluster.metadata         ] [node_0] [test_index2] deleting index
[2014-02-18 15:41:51,919][INFO ][cluster.metadata         ] [node_0] [test_index1] deleting index
[2014-02-18 15:41:51,952][INFO ][test                     ] Test delete with * index (indices.delete_mapping/all_path_options) finished
[2014-02-18 15:41:51,953][INFO ][test                     ] Test check 404 on no matching type (indices.delete_mapping/all_path_options) started
[2014-02-18 15:41:51,953][INFO ][test.rest.junit          ] cleaning up before test [indices.delete_mapping/all_path_options: check 404 on no matching type]
[2014-02-18 15:41:51,959][INFO ][test.rest.junit          ] start test [indices.delete_mapping/all_path_options: check 404 on no matching type]
[2014-02-18 15:41:51,959][INFO ][test.rest.junit          ] start setup test [indices.delete_mapping/all_path_options: check 404 on no matching type]
[2014-02-18 15:41:51,991][INFO ][cluster.metadata         ] [node_0] [test_index1] creating index, cause [api], shards [5]/[1], mappings [test_type1]
[2014-02-18 15:41:52,100][INFO ][cluster.metadata         ] [node_0] [test_index2] creating index, cause [api], shards [5]/[1], mappings [test_type2]
[2014-02-18 15:41:52,191][INFO ][cluster.metadata         ] [node_0] [foo] creating index, cause [api], shards [5]/[1], mappings [test_type2]
[2014-02-18 15:41:52,247][INFO ][test.rest.junit          ] end setup test [indices.delete_mapping/all_path_options: check 404 on no matching type]
[2014-02-18 15:41:52,256][INFO ][test.rest.junit          ] end test [indices.delete_mapping/all_path_options: check 404 on no matching type]
[2014-02-18 15:41:52,257][INFO ][test.rest.junit          ] cleaning up after test [indices.delete_mapping/all_path_options: check 404 on no matching type]
[2014-02-18 15:41:52,264][INFO ][cluster.metadata         ] [node_0] [foo] deleting index
[2014-02-18 15:41:52,302][INFO ][cluster.metadata         ] [node_0] [test_index2] deleting index
[2014-02-18 15:41:52,342][INFO ][cluster.metadata         ] [node_0] [test_index1] deleting index
[2014-02-18 15:41:52,361][INFO ][test                     ] Test check 404 on no matching type (indices.delete_mapping/all_path_options) finished
[2014-02-18 15:41:52,362][INFO ][test                     ] Test delete with index list and * type (indices.delete_mapping/all_path_options) started
[2014-02-18 15:41:52,362][INFO ][test.rest.junit          ] cleaning up before test [indices.delete_mapping/all_path_options: delete with index list and * type]
[2014-02-18 15:41:52,368][INFO ][test.rest.junit          ] start test [indices.delete_mapping/all_path_options: delete with index list and * type]
[2014-02-18 15:41:52,368][INFO ][test.rest.junit          ] start setup test [indices.delete_mapping/all_path_options: delete with index list and * type]
[2014-02-18 15:41:52,394][INFO ][cluster.metadata         ] [node_0] [test_index1] creating index, cause [api], shards [5]/[1], mappings [test_type1]
[2014-02-18 15:41:52,477][INFO ][cluster.metadata         ] [node_0] [test_index2] creating index, cause [api], shards [5]/[1], mappings [test_type2]
[2014-02-18 15:41:52,562][INFO ][cluster.metadata         ] [node_0] [foo] creating index, cause [api], shards [5]/[1], mappings [test_type2]
[2014-02-18 15:41:52,591][INFO ][test.rest.junit          ] end setup test [indices.delete_mapping/all_path_options: delete with index list and * type]
[2014-02-18 15:41:52,615][INFO ][cluster.metadata         ] [node_0] [[test_index1, test_index2]] remove_mapping [[test_type1, test_type2]]
[2014-02-18 15:41:52,626][INFO ][test.rest.junit          ] end test [indices.delete_mapping/all_path_options: delete with index list and * type]
[2014-02-18 15:41:52,626][INFO ][test.rest.junit          ] cleaning up after test [indices.delete_mapping/all_path_options: delete with index list and * type]
[2014-02-18 15:41:52,628][INFO ][cluster.metadata         ] [node_0] [foo] deleting index
[2014-02-18 15:41:52,670][INFO ][cluster.metadata         ] [node_0] [test_index2] deleting index
[2014-02-18 15:41:52,707][INFO ][cluster.metadata         ] [node_0] [test_index1] deleting index
[2014-02-18 15:41:52,729][INFO ][test                     ] Test delete with index list and * type (indices.delete_mapping/all_path_options) finished
[2014-02-18 15:41:52,729][INFO ][test                     ] Test delete with prefix* index (indices.delete_mapping/all_path_options) started
[2014-02-18 15:41:52,730][INFO ][test.rest.junit          ] cleaning up before test [indices.delete_mapping/all_path_options: delete with prefix* index]
[2014-02-18 15:41:52,736][INFO ][test.rest.junit          ] start test [indices.delete_mapping/all_path_options: delete with prefix* index]
[2014-02-18 15:41:52,736][INFO ][test.rest.junit          ] start setup test [indices.delete_mapping/all_path_options: delete with prefix* index]
[2014-02-18 15:41:52,753][INFO ][cluster.metadata         ] [node_0] [test_index1] creating index, cause [api], shards [5]/[1], mappings [test_type1]
[2014-02-18 15:41:52,828][INFO ][cluster.metadata         ] [node_0] [test_index2] creating index, cause [api], shards [5]/[1], mappings [test_type2]
[2014-02-18 15:41:52,872][INFO ][cluster.metadata         ] [node_0] [foo] creating index, cause [api], shards [5]/[1], mappings [test_type2]
[2014-02-18 15:41:52,891][INFO ][test.rest.junit          ] end setup test [indices.delete_mapping/all_path_options: delete with prefix* index]
[2014-02-18 15:41:52,924][INFO ][cluster.metadata         ] [node_0] [[test_index2, test_index1]] remove_mapping [[test_type2]]
[2014-02-18 15:41:52,935][INFO ][test.rest.junit          ] end test [indices.delete_mapping/all_path_options: delete with prefix* index]
[2014-02-18 15:41:52,935][INFO ][test.rest.junit          ] cleaning up after test [indices.delete_mapping/all_path_options: delete with prefix* index]
[2014-02-18 15:41:52,938][INFO ][cluster.metadata         ] [node_0] [foo] deleting index
[2014-02-18 15:41:52,973][INFO ][cluster.metadata         ] [node_0] [test_index2] deleting index
[2014-02-18 15:41:53,009][INFO ][cluster.metadata         ] [node_0] [test_index1] deleting index
[2014-02-18 15:41:53,050][INFO ][test                     ] Test delete with prefix* index (indices.delete_mapping/all_path_options) finished
[2014-02-18 15:41:53,051][INFO ][test                     ] Test delete with index list and prefix* type (indices.delete_mapping/all_path_options) started
[2014-02-18 15:41:53,051][INFO ][test.rest.junit          ] cleaning up before test [indices.delete_mapping/all_path_options: delete with index list and prefix* type]
[2014-02-18 15:41:53,056][INFO ][test.rest.junit          ] start test [indices.delete_mapping/all_path_options: delete with index list and prefix* type]
[2014-02-18 15:41:53,056][INFO ][test.rest.junit          ] start setup test [indices.delete_mapping/all_path_options: delete with index list and prefix* type]
[2014-02-18 15:41:53,067][INFO ][cluster.metadata         ] [node_0] [test_index1] creating index, cause [api], shards [5]/[1], mappings [test_type1]
[2014-02-18 15:41:53,109][INFO ][cluster.metadata         ] [node_0] [test_index2] creating index, cause [api], shards [5]/[1], mappings [test_type2]
[2014-02-18 15:41:53,180][INFO ][cluster.metadata         ] [node_0] [foo] creating index, cause [api], shards [5]/[1], mappings [test_type2]
[2014-02-18 15:41:53,233][INFO ][test.rest.junit          ] end setup test [indices.delete_mapping/all_path_options: delete with index list and prefix* type]
[2014-02-18 15:41:53,253][INFO ][cluster.metadata         ] [node_0] [[test_index1, test_index2]] remove_mapping [[test_type2]]
[2014-02-18 15:41:53,262][INFO ][test.rest.junit          ] end test [indices.delete_mapping/all_path_options: delete with index list and prefix* type]
[2014-02-18 15:41:53,262][INFO ][test.rest.junit          ] cleaning up after test [indices.delete_mapping/all_path_options: delete with index list and prefix* type]
[2014-02-18 15:41:53,264][INFO ][cluster.metadata         ] [node_0] [foo] deleting index
[2014-02-18 15:41:53,274][INFO ][cluster.metadata         ] [node_0] [test_index2] deleting index
[2014-02-18 15:41:53,286][INFO ][cluster.metadata         ] [node_0] [test_index1] deleting index
[2014-02-18 15:41:53,301][INFO ][test                     ] Test delete with index list and prefix* type (indices.delete_mapping/all_path_options) finished
[2014-02-18 15:41:53,301][INFO ][test                     ] Test delete with index list and _all type (indices.delete_mapping/all_path_options) started
[2014-02-18 15:41:53,301][INFO ][test.rest.junit          ] cleaning up before test [indices.delete_mapping/all_path_options: delete with index list and _all type]
[2014-02-18 15:41:53,306][INFO ][test.rest.junit          ] start test [indices.delete_mapping/all_path_options: delete with index list and _all type]
[2014-02-18 15:41:53,306][INFO ][test.rest.junit          ] start setup test [indices.delete_mapping/all_path_options: delete with index list and _all type]
[2014-02-18 15:41:53,317][INFO ][cluster.metadata         ] [node_0] [test_index1] creating index, cause [api], shards [5]/[1], mappings [test_type1]
[2014-02-18 15:41:53,360][INFO ][cluster.metadata         ] [node_0] [test_index2] creating index, cause [api], shards [5]/[1], mappings [test_type2]
[2014-02-18 15:41:53,402][INFO ][cluster.metadata         ] [node_0] [foo] creating index, cause [api], shards [5]/[1], mappings [test_type2]
[2014-02-18 15:41:53,422][INFO ][test.rest.junit          ] end setup test [indices.delete_mapping/all_path_options: delete with index list and _all type]
[2014-02-18 15:41:53,441][INFO ][cluster.metadata         ] [node_0] [[test_index1, test_index2]] remove_mapping [[test_type1, test_type2]]
[2014-02-18 15:41:53,450][INFO ][test.rest.junit          ] end test [indices.delete_mapping/all_path_options: delete with index list and _all type]
[2014-02-18 15:41:53,451][INFO ][test.rest.junit          ] cleaning up after test [indices.delete_mapping/all_path_options: delete with index list and _all type]
[2014-02-18 15:41:53,452][INFO ][cluster.metadata         ] [node_0] [foo] deleting index
[2014-02-18 15:41:53,462][INFO ][cluster.metadata         ] [node_0] [test_index2] deleting index
[2014-02-18 15:41:53,475][INFO ][cluster.metadata         ] [node_0] [test_index1] deleting index
[2014-02-18 15:41:53,489][INFO ][test                     ] Test delete with index list and _all type (indices.delete_mapping/all_path_options) finished
[2014-02-18 15:41:53,489][INFO ][test                     ] Test delete with index list and list of types (indices.delete_mapping/all_path_options) started
[2014-02-18 15:41:53,489][INFO ][test.rest.junit          ] cleaning up before test [indices.delete_mapping/all_path_options: delete with index list and list of types]
[2014-02-18 15:41:53,494][INFO ][test.rest.junit          ] start test [indices.delete_mapping/all_path_options: delete with index list and list of types]
[2014-02-18 15:41:53,495][INFO ][test.rest.junit          ] start setup test [indices.delete_mapping/all_path_options: delete with index list and list of types]
[2014-02-18 15:41:53,507][INFO ][cluster.metadata         ] [node_0] [test_index1] creating index, cause [api], shards [5]/[1], mappings [test_type1]
[2014-02-18 15:41:53,561][INFO ][cluster.metadata         ] [node_0] [test_index2] creating index, cause [api], shards [5]/[1], mappings [test_type2]
[2014-02-18 15:41:53,610][INFO ][cluster.metadata         ] [node_0] [foo] creating index, cause [api], shards [5]/[1], mappings [test_type2]
[2014-02-18 15:41:53,635][INFO ][test.rest.junit          ] end setup test [indices.delete_mapping/all_path_options: delete with index list and list of types]
[2014-02-18 15:41:53,652][INFO ][cluster.metadata         ] [node_0] [[test_index1, test_index2]] remove_mapping [[test_type1, test_type2]]
[2014-02-18 15:41:53,661][INFO ][test.rest.junit          ] end test [indices.delete_mapping/all_path_options: delete with index list and list of types]
[2014-02-18 15:41:53,661][INFO ][test.rest.junit          ] cleaning up after test [indices.delete_mapping/all_path_options: delete with index list and list of types]
[2014-02-18 15:41:53,664][INFO ][cluster.metadata         ] [node_0] [foo] deleting index
[2014-02-18 15:41:53,677][INFO ][cluster.metadata         ] [node_0] [test_index2] deleting index
[2014-02-18 15:41:53,727][INFO ][cluster.metadata         ] [node_0] [test_index1] deleting index
[2014-02-18 15:41:53,763][INFO ][test                     ] Test delete with index list and list of types (indices.delete_mapping/all_path_options) finished
[2014-02-18 15:41:53,764][INFO ][test                     ] Test check delete with blank index and blank type (indices.delete_mapping/all_path_options) started
[2014-02-18 15:41:53,764][INFO ][test.rest.junit          ] cleaning up before test [indices.delete_mapping/all_path_options: check delete with blank index and blank type]
[2014-02-18 15:41:53,769][INFO ][test.rest.junit          ] start test [indices.delete_mapping/all_path_options: check delete with blank index and blank type]
[2014-02-18 15:41:53,769][INFO ][test.rest.junit          ] start setup test [indices.delete_mapping/all_path_options: check delete with blank index and blank type]
[2014-02-18 15:41:53,780][INFO ][cluster.metadata         ] [node_0] [test_index1] creating index, cause [api], shards [5]/[1], mappings [test_type1]
[2014-02-18 15:41:53,828][INFO ][cluster.metadata         ] [node_0] [test_index2] creating index, cause [api], shards [5]/[1], mappings [test_type2]
[2014-02-18 15:41:53,877][INFO ][cluster.metadata         ] [node_0] [foo] creating index, cause [api], shards [5]/[1], mappings [test_type2]
[2014-02-18 15:41:53,896][INFO ][test.rest.junit          ] end setup test [indices.delete_mapping/all_path_options: check delete with blank index and blank type]
[2014-02-18 15:41:53,896][INFO ][test.rest.section        ] found [catch: param], no request sent
[2014-02-18 15:41:53,896][INFO ][test.rest.section        ] found [catch: param], no request sent
[2014-02-18 15:41:53,896][INFO ][test.rest.junit          ] end test [indices.delete_mapping/all_path_options: check delete with blank index and blank type]
[2014-02-18 15:41:53,896][INFO ][test.rest.junit          ] cleaning up after test [indices.delete_mapping/all_path_options: check delete with blank index and blank type]
[2014-02-18 15:41:53,909][INFO ][cluster.metadata         ] [node_0] [foo] deleting index
[2014-02-18 15:41:53,949][INFO ][cluster.metadata         ] [node_0] [test_index2] deleting index
[2014-02-18 15:41:53,961][INFO ][cluster.metadata         ] [node_0] [test_index1] deleting index
[2014-02-18 15:41:53,977][INFO ][test                     ] Test check delete with blank index and blank type (indices.delete_mapping/all_path_options) finished
[2014-02-18 15:41:53,978][INFO ][test                     ] Test delete with _all index (indices.delete_mapping/all_path_options) started
[2014-02-18 15:41:53,978][INFO ][test.rest.junit          ] cleaning up before test [indices.delete_mapping/all_path_options: delete with _all index]
[2014-02-18 15:41:53,983][INFO ][test.rest.junit          ] start test [indices.delete_mapping/all_path_options: delete with _all index]
[2014-02-18 15:41:53,983][INFO ][test.rest.junit          ] start setup test [indices.delete_mapping/all_path_options: delete with _all index]
[2014-02-18 15:41:53,994][INFO ][cluster.metadata         ] [node_0] [test_index1] creating index, cause [api], shards [5]/[1], mappings [test_type1]
[2014-02-18 15:41:54,058][INFO ][cluster.metadata         ] [node_0] [test_index2] creating index, cause [api], shards [5]/[1], mappings [test_type2]
[2014-02-18 15:41:54,105][INFO ][cluster.metadata         ] [node_0] [foo] creating index, cause [api], shards [5]/[1], mappings [test_type2]
[2014-02-18 15:41:54,158][INFO ][test.rest.junit          ] end setup test [indices.delete_mapping/all_path_options: delete with _all index]
[2014-02-18 15:41:54,184][INFO ][cluster.metadata         ] [node_0] [[foo, test_index2, test_index1]] remove_mapping [[test_type2]]
[2014-02-18 15:41:54,193][INFO ][test.rest.junit          ] end test [indices.delete_mapping/all_path_options: delete with _all index]
[2014-02-18 15:41:54,193][INFO ][test.rest.junit          ] cleaning up after test [indices.delete_mapping/all_path_options: delete with _all index]
[2014-02-18 15:41:54,195][INFO ][cluster.metadata         ] [node_0] [foo] deleting index
[2014-02-18 15:41:54,206][INFO ][cluster.metadata         ] [node_0] [test_index2] deleting index
[2014-02-18 15:41:54,234][INFO ][cluster.metadata         ] [node_0] [test_index1] deleting index
[2014-02-18 15:41:54,255][INFO ][test                     ] Test delete with _all index (indices.delete_mapping/all_path_options) finished
[2014-02-18 15:41:54,256][INFO ][test                     ] Test delete with list of indices (indices.delete_mapping/all_path_options) started
[2014-02-18 15:41:54,256][INFO ][test.rest.junit          ] cleaning up before test [indices.delete_mapping/all_path_options: delete with list of indices]
[2014-02-18 15:41:54,261][INFO ][test.rest.junit          ] start test [indices.delete_mapping/all_path_options: delete with list of indices]
[2014-02-18 15:41:54,261][INFO ][test.rest.junit          ] start setup test [indices.delete_mapping/all_path_options: delete with list of indices]
[2014-02-18 15:41:54,271][INFO ][cluster.metadata         ] [node_0] [test_index1] creating index, cause [api], shards [5]/[1], mappings [test_type1]
[2014-02-18 15:41:54,323][INFO ][cluster.metadata         ] [node_0] [test_index2] creating index, cause [api], shards [5]/[1], mappings [test_type2]
[2014-02-18 15:41:54,378][INFO ][cluster.metadata         ] [node_0] [foo] creating index, cause [api], shards [5]/[1], mappings [test_type2]
[2014-02-18 15:41:54,405][INFO ][test.rest.junit          ] end setup test [indices.delete_mapping/all_path_options: delete with list of indices]
[2014-02-18 15:41:54,420][INFO ][cluster.metadata         ] [node_0] [[test_index1, test_index2]] remove_mapping [[test_type2]]
[2014-02-18 15:41:54,430][INFO ][test.rest.junit          ] end test [indices.delete_mapping/all_path_options: delete with list of indices]
[2014-02-18 15:41:54,430][INFO ][test.rest.junit          ] cleaning up after test [indices.delete_mapping/all_path_options: delete with list of indices]
[2014-02-18 15:41:54,432][INFO ][cluster.metadata         ] [node_0] [foo] deleting index
[2014-02-18 15:41:54,442][INFO ][cluster.metadata         ] [node_0] [test_index2] deleting index
[2014-02-18 15:41:54,481][INFO ][cluster.metadata         ] [node_0] [test_index1] deleting index
[2014-02-18 15:41:54,500][INFO ][test                     ] Test delete with list of indices (indices.delete_mapping/all_path_options) finished
[2014-02-18 15:41:54,501][INFO ][test                     ] Test delete mapping tests (indices.delete_mapping/10_basic) started
[2014-02-18 15:41:54,501][INFO ][test.rest.junit          ] cleaning up before test [indices.delete_mapping/10_basic: delete mapping tests]
[2014-02-18 15:41:54,506][INFO ][test.rest.junit          ] start test [indices.delete_mapping/10_basic: delete mapping tests]
[2014-02-18 15:41:54,517][INFO ][cluster.metadata         ] [node_0] [test_index] creating index, cause [api], shards [5]/[1], mappings [test_type]
[2014-02-18 15:41:54,555][INFO ][cluster.metadata         ] [node_0] [[test_index]] remove_mapping [[test_type]]
[2014-02-18 15:41:54,558][INFO ][test.rest.junit          ] end test [indices.delete_mapping/10_basic: delete mapping tests]
[2014-02-18 15:41:54,558][INFO ][test.rest.junit          ] cleaning up after test [indices.delete_mapping/10_basic: delete mapping tests]
[2014-02-18 15:41:54,560][INFO ][cluster.metadata         ] [node_0] [test_index] deleting index
[2014-02-18 15:41:54,574][INFO ][test                     ] Test delete mapping tests (indices.delete_mapping/10_basic) finished
[2014-02-18 15:41:54,574][INFO ][test                     ] Test Ping (ping/10_ping) started
[2014-02-18 15:41:54,574][INFO ][test.rest.junit          ] cleaning up before test [ping/10_ping: Ping]
[2014-02-18 15:41:54,579][INFO ][test.rest.junit          ] start test [ping/10_ping: Ping]
[2014-02-18 15:41:54,581][INFO ][test.rest.junit          ] end test [ping/10_ping: Ping]
[2014-02-18 15:41:54,581][INFO ][test.rest.junit          ] cleaning up after test [ping/10_ping: Ping]
[2014-02-18 15:41:54,585][INFO ][test                     ] Test Ping (ping/10_ping) finished
[2014-02-18 15:41:54,585][INFO ][test                     ] Test snapshot_index test (indices.snapshot_index/10_basic) started
[2014-02-18 15:41:54,585][INFO ][test.rest.junit          ] cleaning up before test [indices.snapshot_index/10_basic: snapshot_index test]
[2014-02-18 15:41:54,590][INFO ][test.rest.junit          ] start test [indices.snapshot_index/10_basic: snapshot_index test]
[2014-02-18 15:41:54,593][INFO ][test.rest.junit          ] end test [indices.snapshot_index/10_basic: snapshot_index test]
[2014-02-18 15:41:54,593][INFO ][test.rest.junit          ] cleaning up after test [indices.snapshot_index/10_basic: snapshot_index test]
[2014-02-18 15:41:54,598][INFO ][test                     ] Test snapshot_index test (indices.snapshot_index/10_basic) finished
[2014-02-18 15:41:54,598][INFO ][test                     ] Test External version (update/35_external_version) started
[2014-02-18 15:41:54,598][INFO ][test.rest.junit          ] cleaning up before test [update/35_external_version: External version]
[2014-02-18 15:41:54,602][INFO ][test.rest.junit          ] start test [update/35_external_version: External version]
[2014-02-18 15:41:54,615][INFO ][cluster.metadata         ] [node_0] [test_1] creating index, cause [auto(update api)], shards [5]/[1], mappings []
[2014-02-18 15:41:54,650][INFO ][cluster.metadata         ] [node_0] [test_1] update_mapping [test] (dynamic)
[2014-02-18 15:41:54,659][INFO ][test.rest.junit          ] end test [update/35_external_version: External version]
[2014-02-18 15:41:54,659][INFO ][test.rest.junit          ] cleaning up after test [update/35_external_version: External version]
[2014-02-18 15:41:54,661][INFO ][cluster.metadata         ] [node_0] [test_1] deleting index
[2014-02-18 15:41:54,679][INFO ][test                     ] Test External version (update/35_external_version) finished
[2014-02-18 15:41:54,680][INFO ][test                     ] Test Parent with routing (update/55_parent_with_routing) started
[2014-02-18 15:41:54,680][INFO ][test.rest.junit          ] cleaning up before test [update/55_parent_with_routing: Parent with routing]
[2014-02-18 15:41:54,685][INFO ][test.rest.junit          ] start test [update/55_parent_with_routing: Parent with routing]
[2014-02-18 15:41:54,699][INFO ][cluster.metadata         ] [node_0] [test_1] creating index, cause [api], shards [5]/[0], mappings [test]
[2014-02-18 15:41:54,941][INFO ][cluster.metadata         ] [node_0] [test_1] update_mapping [test] (dynamic)
[2014-02-18 15:41:54,951][INFO ][test.rest.junit          ] end test [update/55_parent_with_routing: Parent with routing]
[2014-02-18 15:41:54,952][INFO ][test.rest.junit          ] cleaning up after test [update/55_parent_with_routing: Parent with routing]
[2014-02-18 15:41:54,954][INFO ][cluster.metadata         ] [node_0] [test_1] deleting index
[2014-02-18 15:41:54,969][INFO ][test                     ] Test Parent with routing (update/55_parent_with_routing) finished
[2014-02-18 15:41:54,969][INFO ][test                     ] Test Internal version (update/30_internal_version) started
[2014-02-18 15:41:54,969][INFO ][test.rest.junit          ] cleaning up before test [update/30_internal_version: Internal version]
[2014-02-18 15:41:54,974][INFO ][test.rest.junit          ] start test [update/30_internal_version: Internal version]
[2014-02-18 15:41:54,986][INFO ][cluster.metadata         ] [node_0] [test_1] creating index, cause [auto(update api)], shards [5]/[1], mappings []
[2014-02-18 15:41:55,062][INFO ][cluster.metadata         ] [node_0] [test_1] update_mapping [test] (dynamic)
[2014-02-18 15:41:55,085][INFO ][test.rest.junit          ] end test [update/30_internal_version: Internal version]
[2014-02-18 15:41:55,086][INFO ][test.rest.junit          ] cleaning up after test [update/30_internal_version: Internal version]
[2014-02-18 15:41:55,099][INFO ][cluster.metadata         ] [node_0] [test_1] deleting index
[2014-02-18 15:41:55,115][INFO ][test                     ] Test Internal version (update/30_internal_version) finished
[2014-02-18 15:41:55,115][INFO ][test                     ] Test Script upsert (update/25_script_upsert) started
[2014-02-18 15:41:55,115][INFO ][test.rest.junit          ] cleaning up before test [update/25_script_upsert: Script upsert]
[2014-02-18 15:41:55,120][INFO ][test.rest.junit          ] start test [update/25_script_upsert: Script upsert]
[2014-02-18 15:41:55,133][INFO ][cluster.metadata         ] [node_0] [test_1] creating index, cause [auto(update api)], shards [5]/[1], mappings []
[2014-02-18 15:41:55,169][INFO ][cluster.metadata         ] [node_0] [test_1] update_mapping [test] (dynamic)
[2014-02-18 15:41:55,190][INFO ][test.rest.junit          ] end test [update/25_script_upsert: Script upsert]
[2014-02-18 15:41:55,190][INFO ][test.rest.junit          ] cleaning up after test [update/25_script_upsert: Script upsert]
[2014-02-18 15:41:55,192][INFO ][cluster.metadata         ] [node_0] [test_1] deleting index
[2014-02-18 15:41:55,207][INFO ][test                     ] Test Script upsert (update/25_script_upsert) finished
[2014-02-18 15:41:55,207][INFO ][test                     ] Test TTL (update/75_ttl) started
[2014-02-18 15:41:55,208][INFO ][test.rest.junit          ] cleaning up before test [update/75_ttl: TTL]
[2014-02-18 15:41:55,212][INFO ][test.rest.junit          ] start test [update/75_ttl: TTL]
[2014-02-18 15:41:55,227][INFO ][cluster.metadata         ] [node_0] [test_1] creating index, cause [api], shards [5]/[1], mappings [test]
[2014-02-18 15:41:55,470][INFO ][cluster.metadata         ] [node_0] [test_1] update_mapping [test] (dynamic)
[2014-02-18 15:41:55,490][INFO ][test.rest.junit          ] end test [update/75_ttl: TTL]
[2014-02-18 15:41:55,490][INFO ][test.rest.junit          ] cleaning up after test [update/75_ttl: TTL]
[2014-02-18 15:41:55,492][INFO ][cluster.metadata         ] [node_0] [test_1] deleting index
[2014-02-18 15:41:55,508][INFO ][test                     ] Test TTL (update/75_ttl) finished
[2014-02-18 15:41:55,508][INFO ][test                     ] Test Missing document (partial doc) (update/90_missing) started
[2014-02-18 15:41:55,508][INFO ][test.rest.junit          ] cleaning up before test [update/90_missing: Missing document (partial doc)]
[2014-02-18 15:41:55,513][INFO ][test.rest.junit          ] start test [update/90_missing: Missing document (partial doc)]
[2014-02-18 15:41:55,523][INFO ][cluster.metadata         ] [node_0] [test_1] creating index, cause [auto(update api)], shards [5]/[1], mappings []
[2014-02-18 15:41:55,560][INFO ][test.rest.junit          ] end test [update/90_missing: Missing document (partial doc)]
[2014-02-18 15:41:55,560][INFO ][test.rest.junit          ] cleaning up after test [update/90_missing: Missing document (partial doc)]
[2014-02-18 15:41:55,562][INFO ][cluster.metadata         ] [node_0] [test_1] deleting index
[2014-02-18 15:41:55,574][INFO ][test                     ] Test Missing document (partial doc) (update/90_missing) finished
[2014-02-18 15:41:55,574][INFO ][test                     ] Test Missing document (script) (update/90_missing) started
[2014-02-18 15:41:55,574][INFO ][test.rest.junit          ] cleaning up before test [update/90_missing: Missing document (script)]
[2014-02-18 15:41:55,579][INFO ][test.rest.junit          ] start test [update/90_missing: Missing document (script)]
[2014-02-18 15:41:55,589][INFO ][cluster.metadata         ] [node_0] [test_1] creating index, cause [auto(update api)], shards [5]/[1], mappings []
[2014-02-18 15:41:55,622][INFO ][test.rest.junit          ] end test [update/90_missing: Missing document (script)]
[2014-02-18 15:41:55,622][INFO ][test.rest.junit          ] cleaning up after test [update/90_missing: Missing document (script)]
[2014-02-18 15:41:55,624][INFO ][cluster.metadata         ] [node_0] [test_1] deleting index
[2014-02-18 15:41:55,636][INFO ][test                     ] Test Missing document (script) (update/90_missing) finished
[2014-02-18 15:41:55,637][INFO ][test                     ] Test Refresh (update/60_refresh) started
[2014-02-18 15:41:55,637][INFO ][test.rest.junit          ] cleaning up before test [update/60_refresh: Refresh]
[2014-02-18 15:41:55,641][INFO ][test.rest.junit          ] start test [update/60_refresh: Refresh]
[2014-02-18 15:41:55,651][INFO ][cluster.metadata         ] [node_0] [test_1] creating index, cause [api], shards [5]/[1], mappings []
[2014-02-18 15:41:55,884][INFO ][cluster.metadata         ] [node_0] [test_1] update_mapping [test] (dynamic)
[2014-02-18 15:41:55,910][INFO ][test.rest.junit          ] end test [update/60_refresh: Refresh]
[2014-02-18 15:41:55,910][INFO ][test.rest.junit          ] cleaning up after test [update/60_refresh: Refresh]
[2014-02-18 15:41:55,912][INFO ][cluster.metadata         ] [node_0] [test_1] deleting index
[2014-02-18 15:41:55,938][INFO ][test                     ] Test Refresh (update/60_refresh) finished
[2014-02-18 15:41:55,939][INFO ][test                     ] Test Doc upsert (update/20_doc_upsert) started
[2014-02-18 15:41:55,939][INFO ][test.rest.junit          ] cleaning up before test [update/20_doc_upsert: Doc upsert]
[2014-02-18 15:41:55,944][INFO ][test.rest.junit          ] start test [update/20_doc_upsert: Doc upsert]
[2014-02-18 15:41:55,958][INFO ][cluster.metadata         ] [node_0] [test_1] creating index, cause [auto(update api)], shards [5]/[1], mappings []
[2014-02-18 15:41:55,999][INFO ][cluster.metadata         ] [node_0] [test_1] update_mapping [test] (dynamic)
[2014-02-18 15:41:56,027][INFO ][test.rest.junit          ] end test [update/20_doc_upsert: Doc upsert]
[2014-02-18 15:41:56,027][INFO ][test.rest.junit          ] cleaning up after test [update/20_doc_upsert: Doc upsert]
[2014-02-18 15:41:56,036][INFO ][cluster.metadata         ] [node_0] [test_1] deleting index
[2014-02-18 15:41:56,051][INFO ][test                     ] Test Doc upsert (update/20_doc_upsert) finished
[2014-02-18 15:41:56,052][INFO ][test                     ] Test Script (update/15_script) started
[2014-02-18 15:41:56,052][INFO ][test.rest.junit          ] cleaning up before test [update/15_script: Script]
[2014-02-18 15:41:56,057][INFO ][test.rest.junit          ] start test [update/15_script: Script]
[2014-02-18 15:41:56,070][INFO ][cluster.metadata         ] [node_0] [test_1] creating index, cause [auto(index api)], shards [5]/[1], mappings []
[2014-02-18 15:41:56,128][INFO ][cluster.metadata         ] [node_0] [test_1] update_mapping [test] (dynamic)
[2014-02-18 15:41:56,151][INFO ][test.rest.junit          ] end test [update/15_script: Script]
[2014-02-18 15:41:56,151][INFO ][test.rest.junit          ] cleaning up after test [update/15_script: Script]
[2014-02-18 15:41:56,153][INFO ][cluster.metadata         ] [node_0] [test_1] deleting index
[2014-02-18 15:41:56,167][INFO ][test                     ] Test Script (update/15_script) finished
[2014-02-18 15:41:56,168][INFO ][test                     ] Test Parent (update/50_parent) started
[2014-02-18 15:41:56,168][INFO ][test.rest.junit          ] cleaning up before test [update/50_parent: Parent]
[2014-02-18 15:41:56,173][INFO ][test.rest.junit          ] start test [update/50_parent: Parent]
[2014-02-18 15:41:56,173][INFO ][test.rest.junit          ] start setup test [update/50_parent: Parent]
[2014-02-18 15:41:56,188][INFO ][cluster.metadata         ] [node_0] [test_1] creating index, cause [api], shards [5]/[1], mappings [test]
[2014-02-18 15:41:56,434][INFO ][test.rest.junit          ] end setup test [update/50_parent: Parent]
[2014-02-18 15:41:56,441][INFO ][cluster.metadata         ] [node_0] [test_1] update_mapping [test] (dynamic)
[2014-02-18 15:41:56,453][INFO ][test.rest.junit          ] end test [update/50_parent: Parent]
[2014-02-18 15:41:56,454][INFO ][test.rest.junit          ] cleaning up after test [update/50_parent: Parent]
[2014-02-18 15:41:56,458][INFO ][cluster.metadata         ] [node_0] [test_1] deleting index
[2014-02-18 15:41:56,478][INFO ][test                     ] Test Parent (update/50_parent) finished
[2014-02-18 15:41:56,478][INFO ][test                     ] Test Parent omitted (update/50_parent) started
[2014-02-18 15:41:56,478][INFO ][test.rest.junit          ] cleaning up before test [update/50_parent: Parent omitted]
[2014-02-18 15:41:56,484][INFO ][test.rest.junit          ] start test [update/50_parent: Parent omitted]
[2014-02-18 15:41:56,485][INFO ][test.rest.junit          ] start setup test [update/50_parent: Parent omitted]
[2014-02-18 15:41:56,503][INFO ][cluster.metadata         ] [node_0] [test_1] creating index, cause [api], shards [5]/[1], mappings [test]
[2014-02-18 15:41:56,761][INFO ][test.rest.junit          ] end setup test [update/50_parent: Parent omitted]
[2014-02-18 15:41:56,765][INFO ][cluster.metadata         ] [node_0] [test_1] update_mapping [test] (dynamic)
[2014-02-18 15:41:56,768][INFO ][test.rest.junit          ] end test [update/50_parent: Parent omitted]
[2014-02-18 15:41:56,768][INFO ][test.rest.junit          ] cleaning up after test [update/50_parent: Parent omitted]
[2014-02-18 15:41:56,770][INFO ][cluster.metadata         ] [node_0] [test_1] deleting index
[2014-02-18 15:41:56,783][INFO ][test                     ] Test Parent omitted (update/50_parent) finished
[2014-02-18 15:41:56,783][INFO ][test.rest.junit          ] skipped test [update/85_fields_meta/Metadata Fields]
reason: Update doesn't return metadata fields, waiting for #3259
skip versions: 0 - 999 (current version: 1.0.0)
[2014-02-18 15:41:56,784][INFO ][test                     ] Test Routing (update/40_routing) started
[2014-02-18 15:41:56,784][INFO ][test.rest.junit          ] cleaning up before test [update/40_routing: Routing]
[2014-02-18 15:41:56,789][INFO ][test.rest.junit          ] start test [update/40_routing: Routing]
[2014-02-18 15:41:56,799][INFO ][cluster.metadata         ] [node_0] [test_1] creating index, cause [api], shards [5]/[0], mappings []
[2014-02-18 15:41:57,031][INFO ][cluster.metadata         ] [node_0] [test_1] update_mapping [test] (dynamic)
[2014-02-18 15:41:57,040][INFO ][test.rest.junit          ] end test [update/40_routing: Routing]
[2014-02-18 15:41:57,040][INFO ][test.rest.junit          ] cleaning up after test [update/40_routing: Routing]
[2014-02-18 15:41:57,042][INFO ][cluster.metadata         ] [node_0] [test_1] deleting index
[2014-02-18 15:41:57,054][INFO ][test                     ] Test Routing (update/40_routing) finished
[2014-02-18 15:41:57,055][INFO ][test                     ] Test Timestamp (update/70_timestamp) started
[2014-02-18 15:41:57,055][INFO ][test.rest.junit          ] cleaning up before test [update/70_timestamp: Timestamp]
[2014-02-18 15:41:57,059][INFO ][test.rest.junit          ] start test [update/70_timestamp: Timestamp]
[2014-02-18 15:41:57,069][INFO ][cluster.metadata         ] [node_0] [test_1] creating index, cause [api], shards [5]/[1], mappings [test]
[2014-02-18 15:41:57,303][INFO ][cluster.metadata         ] [node_0] [test_1] update_mapping [test] (dynamic)
[2014-02-18 15:41:57,317][INFO ][test.rest.junit          ] end test [update/70_timestamp: Timestamp]
[2014-02-18 15:41:57,317][INFO ][test.rest.junit          ] cleaning up after test [update/70_timestamp: Timestamp]
[2014-02-18 15:41:57,319][INFO ][cluster.metadata         ] [node_0] [test_1] deleting index
[2014-02-18 15:41:57,331][INFO ][test                     ] Test Timestamp (update/70_timestamp) finished
[2014-02-18 15:41:57,331][INFO ][test                     ] Test Partial document (update/10_doc) started
[2014-02-18 15:41:57,332][INFO ][test.rest.junit          ] cleaning up before test [update/10_doc: Partial document]
[2014-02-18 15:41:57,336][INFO ][test.rest.junit          ] start test [update/10_doc: Partial document]
[2014-02-18 15:41:57,346][INFO ][cluster.metadata         ] [node_0] [test_1] creating index, cause [auto(index api)], shards [5]/[1], mappings []
[2014-02-18 15:41:57,380][INFO ][cluster.metadata         ] [node_0] [test_1] update_mapping [test] (dynamic)
[2014-02-18 15:41:57,386][INFO ][test.rest.junit          ] end test [update/10_doc: Partial document]
[2014-02-18 15:41:57,387][INFO ][test.rest.junit          ] cleaning up after test [update/10_doc: Partial document]
[2014-02-18 15:41:57,389][INFO ][cluster.metadata         ] [node_0] [test_1] deleting index
[2014-02-18 15:41:57,401][INFO ][test                     ] Test Partial document (update/10_doc) finished
[2014-02-18 15:41:57,401][INFO ][test                     ] Test Fields (update/80_fields) started
[2014-02-18 15:41:57,401][INFO ][test.rest.junit          ] cleaning up before test [update/80_fields: Fields]
[2014-02-18 15:41:57,405][INFO ][test.rest.junit          ] start test [update/80_fields: Fields]
[2014-02-18 15:41:57,415][INFO ][cluster.metadata         ] [node_0] [test_1] creating index, cause [auto(update api)], shards [5]/[1], mappings []
[2014-02-18 15:41:57,452][INFO ][cluster.metadata         ] [node_0] [test_1] update_mapping [test] (dynamic)
[2014-02-18 15:41:57,454][INFO ][test.rest.junit          ] end test [update/80_fields: Fields]
[2014-02-18 15:41:57,454][INFO ][test.rest.junit          ] cleaning up after test [update/80_fields: Fields]
[2014-02-18 15:41:57,456][INFO ][cluster.metadata         ] [node_0] [test_1] deleting index
[2014-02-18 15:41:57,470][INFO ][test                     ] Test Fields (update/80_fields) finished
[2014-02-18 15:41:57,471][INFO ][test                     ] Test Doc as upsert (update/22_doc_as_upsert) started
[2014-02-18 15:41:57,471][INFO ][test.rest.junit          ] cleaning up before test [update/22_doc_as_upsert: Doc as upsert]
[2014-02-18 15:41:57,475][INFO ][test.rest.junit          ] start test [update/22_doc_as_upsert: Doc as upsert]
[2014-02-18 15:41:57,486][INFO ][cluster.metadata         ] [node_0] [test_1] creating index, cause [auto(update api)], shards [5]/[1], mappings []
[2014-02-18 15:41:57,522][INFO ][cluster.metadata         ] [node_0] [test_1] update_mapping [test] (dynamic)
[2014-02-18 15:41:57,532][INFO ][test.rest.junit          ] end test [update/22_doc_as_upsert: Doc as upsert]
[2014-02-18 15:41:57,532][INFO ][test.rest.junit          ] cleaning up after test [update/22_doc_as_upsert: Doc as upsert]
[2014-02-18 15:41:57,534][INFO ][cluster.metadata         ] [node_0] [test_1] deleting index
[2014-02-18 15:41:57,549][INFO ][test                     ] Test Doc as upsert (update/22_doc_as_upsert) finished
[2014-02-18 15:41:57,550][INFO ][test                     ] Test TTL (create/75_ttl) started
[2014-02-18 15:41:57,550][INFO ][test.rest.junit          ] cleaning up before test [create/75_ttl: TTL]
[2014-02-18 15:41:57,555][INFO ][test.rest.junit          ] start test [create/75_ttl: TTL]
[2014-02-18 15:41:57,567][INFO ][cluster.metadata         ] [node_0] [test_1] creating index, cause [api], shards [5]/[1], mappings [test]
[2014-02-18 15:41:57,801][INFO ][cluster.metadata         ] [node_0] [test_1] update_mapping [test] (dynamic)
[2014-02-18 15:41:57,823][INFO ][test.rest.junit          ] end test [create/75_ttl: TTL]
[2014-02-18 15:41:57,823][INFO ][test.rest.junit          ] cleaning up after test [create/75_ttl: TTL]
[2014-02-18 15:41:57,825][INFO ][cluster.metadata         ] [node_0] [test_1] deleting index
[2014-02-18 15:41:57,837][INFO ][test                     ] Test TTL (create/75_ttl) finished
[2014-02-18 15:41:57,837][INFO ][test                     ] Test External version (create/35_external_version) started
[2014-02-18 15:41:57,838][INFO ][test.rest.junit          ] cleaning up before test [create/35_external_version: External version]
[2014-02-18 15:41:57,842][INFO ][test.rest.junit          ] start test [create/35_external_version: External version]
[2014-02-18 15:41:57,852][INFO ][cluster.metadata         ] [node_0] [test_1] creating index, cause [auto(index api)], shards [5]/[1], mappings []
[2014-02-18 15:41:57,882][INFO ][cluster.metadata         ] [node_0] [test_1] update_mapping [test] (dynamic)
[2014-02-18 15:41:57,890][INFO ][test.rest.junit          ] end test [create/35_external_version: External version]
[2014-02-18 15:41:57,890][INFO ][test.rest.junit          ] cleaning up after test [create/35_external_version: External version]
[2014-02-18 15:41:57,892][INFO ][cluster.metadata         ] [node_0] [test_1] deleting index
[2014-02-18 15:41:57,914][INFO ][test                     ] Test External version (create/35_external_version) finished
[2014-02-18 15:41:57,915][INFO ][test                     ] Test Create without ID (create/15_without_id) started
[2014-02-18 15:41:57,915][INFO ][test.rest.junit          ] cleaning up before test [create/15_without_id: Create without ID]
[2014-02-18 15:41:57,919][INFO ][test.rest.junit          ] start test [create/15_without_id: Create without ID]
[2014-02-18 15:41:57,929][INFO ][cluster.metadata         ] [node_0] [test_1] creating index, cause [auto(index api)], shards [5]/[1], mappings []
[2014-02-18 15:41:57,982][INFO ][cluster.metadata         ] [node_0] [test_1] update_mapping [test] (dynamic)
[2014-02-18 15:41:57,987][INFO ][test.rest.junit          ] end test [create/15_without_id: Create without ID]
[2014-02-18 15:41:57,987][INFO ][test.rest.junit          ] cleaning up after test [create/15_without_id: Create without ID]
[2014-02-18 15:41:57,989][INFO ][cluster.metadata         ] [node_0] [test_1] deleting index
[2014-02-18 15:41:58,005][INFO ][test                     ] Test Create without ID (create/15_without_id) finished
[2014-02-18 15:41:58,006][INFO ][test                     ] Test Parent (create/50_parent) started
[2014-02-18 15:41:58,006][INFO ][test.rest.junit          ] cleaning up before test [create/50_parent: Parent]
[2014-02-18 15:41:58,011][INFO ][test.rest.junit          ] start test [create/50_parent: Parent]
[2014-02-18 15:41:58,024][INFO ][cluster.metadata         ] [node_0] [test_1] creating index, cause [api], shards [5]/[1], mappings [test]
[2014-02-18 15:41:58,273][INFO ][cluster.metadata         ] [node_0] [test_1] update_mapping [test] (dynamic)
[2014-02-18 15:41:58,277][INFO ][test.rest.junit          ] end test [create/50_parent: Parent]
[2014-02-18 15:41:58,277][INFO ][test.rest.junit          ] cleaning up after test [create/50_parent: Parent]
[2014-02-18 15:41:58,279][INFO ][cluster.metadata         ] [node_0] [test_1] deleting index
[2014-02-18 15:41:58,291][INFO ][test                     ] Test Parent (create/50_parent) finished
[2014-02-18 15:41:58,291][INFO ][test                     ] Test Routing (create/40_routing) started
[2014-02-18 15:41:58,291][INFO ][test.rest.junit          ] cleaning up before test [create/40_routing: Routing]
[2014-02-18 15:41:58,296][INFO ][test.rest.junit          ] start test [create/40_routing: Routing]
[2014-02-18 15:41:58,306][INFO ][cluster.metadata         ] [node_0] [test_1] creating index, cause [api], shards [5]/[0], mappings []
[2014-02-18 15:41:58,541][INFO ][cluster.metadata         ] [node_0] [test_1] update_mapping [test] (dynamic)
[2014-02-18 15:41:58,547][INFO ][test.rest.junit          ] end test [create/40_routing: Routing]
[2014-02-18 15:41:58,547][INFO ][test.rest.junit          ] cleaning up after test [create/40_routing: Routing]
[2014-02-18 15:41:58,549][INFO ][cluster.metadata         ] [node_0] [test_1] deleting index
[2014-02-18 15:41:58,561][INFO ][test                     ] Test Routing (create/40_routing) finished
[2014-02-18 15:41:58,561][INFO ][test                     ] Test Timestamp (create/70_timestamp) started
[2014-02-18 15:41:58,561][INFO ][test.rest.junit          ] cleaning up before test [create/70_timestamp: Timestamp]
[2014-02-18 15:41:58,566][INFO ][test.rest.junit          ] start test [create/70_timestamp: Timestamp]
[2014-02-18 15:41:58,576][INFO ][cluster.metadata         ] [node_0] [test_1] creating index, cause [api], shards [5]/[1], mappings [test]
[2014-02-18 15:41:58,820][INFO ][cluster.metadata         ] [node_0] [test_1] update_mapping [test] (dynamic)
[2014-02-18 15:41:58,838][INFO ][test.rest.junit          ] end test [create/70_timestamp: Timestamp]
[2014-02-18 15:41:58,838][INFO ][test.rest.junit          ] cleaning up after test [create/70_timestamp: Timestamp]
[2014-02-18 15:41:58,840][INFO ][cluster.metadata         ] [node_0] [test_1] deleting index
[2014-02-18 15:41:58,853][INFO ][test                     ] Test Timestamp (create/70_timestamp) finished
[2014-02-18 15:41:58,853][INFO ][test                     ] Test Internal version (create/30_internal_version) started
[2014-02-18 15:41:58,853][INFO ][test.rest.junit          ] cleaning up before test [create/30_internal_version: Internal version]
[2014-02-18 15:41:58,857][INFO ][test.rest.junit          ] start test [create/30_internal_version: Internal version]
[2014-02-18 15:41:58,867][INFO ][cluster.metadata         ] [node_0] [test_1] creating index, cause [auto(index api)], shards [5]/[1], mappings []
[2014-02-18 15:41:58,898][INFO ][cluster.metadata         ] [node_0] [test_1] update_mapping [test] (dynamic)
[2014-02-18 15:41:58,903][INFO ][test.rest.junit          ] end test [create/30_internal_version: Internal version]
[2014-02-18 15:41:58,903][INFO ][test.rest.junit          ] cleaning up after test [create/30_internal_version: Internal version]
[2014-02-18 15:41:58,934][INFO ][cluster.metadata         ] [node_0] [test_1] deleting index
[2014-02-18 15:41:58,950][INFO ][test                     ] Test Internal version (create/30_internal_version) finished
[2014-02-18 15:41:58,950][INFO ][test                     ] Test Refresh (create/60_refresh) started
[2014-02-18 15:41:58,950][INFO ][test.rest.junit          ] cleaning up before test [create/60_refresh: Refresh]
[2014-02-18 15:41:58,955][INFO ][test.rest.junit          ] start test [create/60_refresh: Refresh]
[2014-02-18 15:41:58,969][INFO ][cluster.metadata         ] [node_0] [test_1] creating index, cause [api], shards [5]/[1], mappings []
[2014-02-18 15:41:59,211][INFO ][cluster.metadata         ] [node_0] [test_1] update_mapping [test] (dynamic)
[2014-02-18 15:41:59,238][INFO ][test.rest.junit          ] end test [create/60_refresh: Refresh]
[2014-02-18 15:41:59,238][INFO ][test.rest.junit          ] cleaning up after test [create/60_refresh: Refresh]
[2014-02-18 15:41:59,240][INFO ][cluster.metadata         ] [node_0] [test_1] deleting index
[2014-02-18 15:41:59,286][INFO ][test                     ] Test Refresh (create/60_refresh) finished
[2014-02-18 15:41:59,286][INFO ][test                     ] Test Parent with routing (create/55_parent_with_routing) started
[2014-02-18 15:41:59,286][INFO ][test.rest.junit          ] cleaning up before test [create/55_parent_with_routing: Parent with routing]
[2014-02-18 15:41:59,291][INFO ][test.rest.junit          ] start test [create/55_parent_with_routing: Parent with routing]
[2014-02-18 15:41:59,301][INFO ][cluster.metadata         ] [node_0] [test_1] creating index, cause [api], shards [5]/[0], mappings [test]
[2014-02-18 15:41:59,534][INFO ][cluster.metadata         ] [node_0] [test_1] update_mapping [test] (dynamic)
[2014-02-18 15:41:59,542][INFO ][test.rest.junit          ] end test [create/55_parent_with_routing: Parent with routing]
[2014-02-18 15:41:59,542][INFO ][test.rest.junit          ] cleaning up after test [create/55_parent_with_routing: Parent with routing]
[2014-02-18 15:41:59,543][INFO ][cluster.metadata         ] [node_0] [test_1] deleting index
[2014-02-18 15:41:59,556][INFO ][test                     ] Test Parent with routing (create/55_parent_with_routing) finished
[2014-02-18 15:41:59,557][INFO ][test                     ] Test Create with ID (create/10_with_id) started
[2014-02-18 15:41:59,557][INFO ][test.rest.junit          ] cleaning up before test [create/10_with_id: Create with ID]
[2014-02-18 15:41:59,561][INFO ][test.rest.junit          ] start test [create/10_with_id: Create with ID]
[2014-02-18 15:41:59,571][INFO ][cluster.metadata         ] [node_0] [test_1] creating index, cause [auto(index api)], shards [5]/[1], mappings []
[2014-02-18 15:41:59,608][INFO ][cluster.metadata         ] [node_0] [test_1] update_mapping [test] (dynamic)
[2014-02-18 15:41:59,614][INFO ][test.rest.junit          ] end test [create/10_with_id: Create with ID]
[2014-02-18 15:41:59,614][INFO ][test.rest.junit          ] cleaning up after test [create/10_with_id: Create with ID]
[2014-02-18 15:41:59,616][INFO ][cluster.metadata         ] [node_0] [test_1] deleting index
[2014-02-18 15:41:59,628][INFO ][test                     ] Test Create with ID (create/10_with_id) finished
[2014-02-18 15:41:59,629][INFO ][test                     ] Test Basic percolation tests on an empty cluster (percolate/17_empty) started
[2014-02-18 15:41:59,629][INFO ][test.rest.junit          ] cleaning up before test [percolate/17_empty: Basic percolation tests on an empty cluster]
[2014-02-18 15:41:59,633][INFO ][test.rest.junit          ] start test [percolate/17_empty: Basic percolation tests on an empty cluster]
[2014-02-18 15:41:59,643][INFO ][cluster.metadata         ] [node_0] [test_index] creating index, cause [api], shards [5]/[1], mappings []
[2014-02-18 15:41:59,685][INFO ][test.rest.junit          ] end test [percolate/17_empty: Basic percolation tests on an empty cluster]
[2014-02-18 15:41:59,685][INFO ][test.rest.junit          ] cleaning up after test [percolate/17_empty: Basic percolation tests on an empty cluster]
[2014-02-18 15:41:59,687][INFO ][cluster.metadata         ] [node_0] [test_index] deleting index
[2014-02-18 15:41:59,700][INFO ][test                     ] Test Basic percolation tests on an empty cluster (percolate/17_empty) finished
[2014-02-18 15:41:59,700][INFO ][test                     ] Test Percolate existing documents (percolate/16_existing_doc) started
[2014-02-18 15:41:59,700][INFO ][test.rest.junit          ] cleaning up before test [percolate/16_existing_doc: Percolate existing documents]
[2014-02-18 15:41:59,705][INFO ][test.rest.junit          ] start test [percolate/16_existing_doc: Percolate existing documents]
[2014-02-18 15:41:59,718][INFO ][cluster.metadata         ] [node_0] [percolator_index] creating index, cause [api], shards [5]/[1], mappings []
[2014-02-18 15:41:59,754][INFO ][cluster.metadata         ] [node_0] [percolator_index] update_mapping [.percolator] (dynamic)
[2014-02-18 15:41:59,765][INFO ][cluster.metadata         ] [node_0] [percolator_index] update_mapping [test_type] (dynamic)
[2014-02-18 15:41:59,776][INFO ][cluster.metadata         ] [node_0] [my_index] creating index, cause [api], shards [5]/[1], mappings []
[2014-02-18 15:41:59,809][INFO ][cluster.metadata         ] [node_0] [my_index] update_mapping [my_type] (dynamic)
[2014-02-18 15:41:59,920][INFO ][test.rest.junit          ] end test [percolate/16_existing_doc: Percolate existing documents]
[2014-02-18 15:41:59,921][INFO ][test.rest.junit          ] cleaning up after test [percolate/16_existing_doc: Percolate existing documents]
[2014-02-18 15:41:59,923][INFO ][cluster.metadata         ] [node_0] [percolator_index] deleting index
[2014-02-18 15:41:59,934][INFO ][cluster.metadata         ] [node_0] [my_index] deleting index
[2014-02-18 15:41:59,964][INFO ][test                     ] Test Percolate existing documents (percolate/16_existing_doc) finished
[2014-02-18 15:41:59,964][INFO ][test                     ] Test Basic percolation tests (percolate/15_new) started
[2014-02-18 15:41:59,964][INFO ][test.rest.junit          ] cleaning up before test [percolate/15_new: Basic percolation tests]
[2014-02-18 15:41:59,969][INFO ][test.rest.junit          ] start test [percolate/15_new: Basic percolation tests]
[2014-02-18 15:41:59,983][INFO ][cluster.metadata         ] [node_0] [test_index] creating index, cause [api], shards [5]/[1], mappings []
[2014-02-18 15:42:00,040][INFO ][cluster.metadata         ] [node_0] [test_index] update_mapping [.percolator] (dynamic)
[2014-02-18 15:42:00,066][INFO ][test.rest.junit          ] end test [percolate/15_new: Basic percolation tests]
[2014-02-18 15:42:00,067][INFO ][test.rest.junit          ] cleaning up after test [percolate/15_new: Basic percolation tests]
[2014-02-18 15:42:00,069][INFO ][cluster.metadata         ] [node_0] [test_index] deleting index
[2014-02-18 15:42:00,082][INFO ][test                     ] Test Basic percolation tests (percolate/15_new) finished
[2014-02-18 15:42:00,083][INFO ][test                     ] Test Test cat thread_pool output (cat.thread_pool/10_basic) started
[2014-02-18 15:42:00,083][INFO ][test.rest.junit          ] cleaning up before test [cat.thread_pool/10_basic: Test cat thread_pool output]
[2014-02-18 15:42:00,088][INFO ][test.rest.junit          ] start test [cat.thread_pool/10_basic: Test cat thread_pool output]
[2014-02-18 15:42:00,088][INFO ][test.rest.junit          ] start setup test [cat.thread_pool/10_basic: Test cat thread_pool output]
[2014-02-18 15:42:00,088][INFO ][test.rest.junit          ] end setup test [cat.thread_pool/10_basic: Test cat thread_pool output]
[2014-02-18 15:42:00,109][INFO ][test.rest.junit          ] end test [cat.thread_pool/10_basic: Test cat thread_pool output]
[2014-02-18 15:42:00,109][INFO ][test.rest.junit          ] cleaning up after test [cat.thread_pool/10_basic: Test cat thread_pool output]
[2014-02-18 15:42:00,114][INFO ][test                     ] Test Test cat thread_pool output (cat.thread_pool/10_basic) finished
[2014-02-18 15:42:00,114][INFO ][test                     ] Test Raise 404 when index doesn't exist (indices.get_mapping/30_missing_index) started
[2014-02-18 15:42:00,115][INFO ][test.rest.junit          ] cleaning up before test [indices.get_mapping/30_missing_index: Raise 404 when index doesn't exist]
[2014-02-18 15:42:00,119][INFO ][test.rest.junit          ] start test [indices.get_mapping/30_missing_index: Raise 404 when index doesn't exist]
[2014-02-18 15:42:00,123][INFO ][test.rest.junit          ] end test [indices.get_mapping/30_missing_index: Raise 404 when index doesn't exist]
[2014-02-18 15:42:00,124][INFO ][test.rest.junit          ] cleaning up after test [indices.get_mapping/30_missing_index: Raise 404 when index doesn't exist]
[2014-02-18 15:42:00,128][INFO ][test                     ] Test Raise 404 when index doesn't exist (indices.get_mapping/30_missing_index) finished
[2014-02-18 15:42:00,129][INFO ][test                     ] Test Getting mapping for aliases should return the real index as key (indices.get_mapping/40_aliases) started
[2014-02-18 15:42:00,129][INFO ][test.rest.junit          ] cleaning up before test [indices.get_mapping/40_aliases: Getting mapping for aliases should return the real index as key]
[2014-02-18 15:42:00,133][INFO ][test.rest.junit          ] start test [indices.get_mapping/40_aliases: Getting mapping for aliases should return the real index as key]
[2014-02-18 15:42:00,143][INFO ][cluster.metadata         ] [node_0] [test_index] creating index, cause [api], shards [5]/[1], mappings [test_type]
[2014-02-18 15:42:00,189][INFO ][test.rest.junit          ] end test [indices.get_mapping/40_aliases: Getting mapping for aliases should return the real index as key]
[2014-02-18 15:42:00,190][INFO ][test.rest.junit          ] cleaning up after test [indices.get_mapping/40_aliases: Getting mapping for aliases should return the real index as key]
[2014-02-18 15:42:00,192][INFO ][cluster.metadata         ] [node_0] [test_index] deleting index
[2014-02-18 15:42:00,208][INFO ][test                     ] Test Getting mapping for aliases should return the real index as key (indices.get_mapping/40_aliases) finished
[2014-02-18 15:42:00,208][INFO ][test                     ] Test Return empty response when type doesn't exist (indices.get_mapping/20_missing_type) started
[2014-02-18 15:42:00,208][INFO ][test.rest.junit          ] cleaning up before test [indices.get_mapping/20_missing_type: Return empty response when type doesn't exist]
[2014-02-18 15:42:00,214][INFO ][test.rest.junit          ] start test [indices.get_mapping/20_missing_type: Return empty response when type doesn't exist]
[2014-02-18 15:42:00,229][INFO ][cluster.metadata         ] [node_0] [test_index] creating index, cause [api], shards [5]/[1], mappings [test_type]
[2014-02-18 15:42:00,264][INFO ][test.rest.junit          ] end test [indices.get_mapping/20_missing_type: Return empty response when type doesn't exist]
[2014-02-18 15:42:00,264][INFO ][test.rest.junit          ] cleaning up after test [indices.get_mapping/20_missing_type: Return empty response when type doesn't exist]
[2014-02-18 15:42:00,266][INFO ][cluster.metadata         ] [node_0] [test_index] deleting index
[2014-02-18 15:42:00,300][INFO ][test                     ] Test Return empty response when type doesn't exist (indices.get_mapping/20_missing_type) finished
[2014-02-18 15:42:00,301][INFO ][test                     ] Test Get /{index}/_mapping (indices.get_mapping/10_basic) started
[2014-02-18 15:42:00,301][INFO ][test.rest.junit          ] cleaning up before test [indices.get_mapping/10_basic: Get /{index}/_mapping]
[2014-02-18 15:42:00,305][INFO ][test.rest.junit          ] start test [indices.get_mapping/10_basic: Get /{index}/_mapping]
[2014-02-18 15:42:00,305][INFO ][test.rest.junit          ] start setup test [indices.get_mapping/10_basic: Get /{index}/_mapping]
[2014-02-18 15:42:00,315][INFO ][cluster.metadata         ] [node_0] [test_1] creating index, cause [api], shards [5]/[1], mappings [type_1, type_2]
[2014-02-18 15:42:00,358][INFO ][cluster.metadata         ] [node_0] [test_2] creating index, cause [api], shards [5]/[1], mappings [type_3, type_2]
[2014-02-18 15:42:00,387][INFO ][test.rest.junit          ] end setup test [indices.get_mapping/10_basic: Get /{index}/_mapping]
[2014-02-18 15:42:00,389][INFO ][test.rest.junit          ] end test [indices.get_mapping/10_basic: Get /{index}/_mapping]
[2014-02-18 15:42:00,390][INFO ][test.rest.junit          ] cleaning up after test [indices.get_mapping/10_basic: Get /{index}/_mapping]
[2014-02-18 15:42:00,405][INFO ][cluster.metadata         ] [node_0] [test_2] deleting index
[2014-02-18 15:42:00,416][INFO ][cluster.metadata         ] [node_0] [test_1] deleting index
[2014-02-18 15:42:00,432][INFO ][test                     ] Test Get /{index}/_mapping (indices.get_mapping/10_basic) finished
[2014-02-18 15:42:00,433][INFO ][test                     ] Test Get /_mapping/{type} (indices.get_mapping/10_basic) started
[2014-02-18 15:42:00,433][INFO ][test.rest.junit          ] cleaning up before test [indices.get_mapping/10_basic: Get /_mapping/{type}]
[2014-02-18 15:42:00,438][INFO ][test.rest.junit          ] start test [indices.get_mapping/10_basic: Get /_mapping/{type}]
[2014-02-18 15:42:00,438][INFO ][test.rest.junit          ] start setup test [indices.get_mapping/10_basic: Get /_mapping/{type}]
[2014-02-18 15:42:00,455][INFO ][cluster.metadata         ] [node_0] [test_1] creating index, cause [api], shards [5]/[1], mappings [type_1, type_2]
[2014-02-18 15:42:00,508][INFO ][cluster.metadata         ] [node_0] [test_2] creating index, cause [api], shards [5]/[1], mappings [type_3, type_2]
[2014-02-18 15:42:00,539][INFO ][test.rest.junit          ] end setup test [indices.get_mapping/10_basic: Get /_mapping/{type}]
[2014-02-18 15:42:00,542][INFO ][test.rest.junit          ] end test [indices.get_mapping/10_basic: Get /_mapping/{type}]
[2014-02-18 15:42:00,542][INFO ][test.rest.junit          ] cleaning up after test [indices.get_mapping/10_basic: Get /_mapping/{type}]
[2014-02-18 15:42:00,548][INFO ][cluster.metadata         ] [node_0] [test_2] deleting index
[2014-02-18 15:42:00,559][INFO ][cluster.metadata         ] [node_0] [test_1] deleting index
[2014-02-18 15:42:00,576][INFO ][test                     ] Test Get /_mapping/{type} (indices.get_mapping/10_basic) finished
[2014-02-18 15:42:00,577][INFO ][test                     ] Test Get /{index}/_mapping/{type} (indices.get_mapping/10_basic) started
[2014-02-18 15:42:00,577][INFO ][test.rest.junit          ] cleaning up before test [indices.get_mapping/10_basic: Get /{index}/_mapping/{type}]
[2014-02-18 15:42:00,582][INFO ][test.rest.junit          ] start test [indices.get_mapping/10_basic: Get /{index}/_mapping/{type}]
[2014-02-18 15:42:00,582][INFO ][test.rest.junit          ] start setup test [indices.get_mapping/10_basic: Get /{index}/_mapping/{type}]
[2014-02-18 15:42:00,593][INFO ][cluster.metadata         ] [node_0] [test_1] creating index, cause [api], shards [5]/[1], mappings [type_1, type_2]
[2014-02-18 15:42:00,638][INFO ][cluster.metadata         ] [node_0] [test_2] creating index, cause [api], shards [5]/[1], mappings [type_3, type_2]
[2014-02-18 15:42:00,663][INFO ][test.rest.junit          ] end setup test [indices.get_mapping/10_basic: Get /{index}/_mapping/{type}]
[2014-02-18 15:42:00,666][INFO ][test.rest.junit          ] end test [indices.get_mapping/10_basic: Get /{index}/_mapping/{type}]
[2014-02-18 15:42:00,666][INFO ][test.rest.junit          ] cleaning up after test [indices.get_mapping/10_basic: Get /{index}/_mapping/{type}]
[2014-02-18 15:42:00,672][INFO ][cluster.metadata         ] [node_0] [test_2] deleting index
[2014-02-18 15:42:00,683][INFO ][cluster.metadata         ] [node_0] [test_1] deleting index
[2014-02-18 15:42:00,702][INFO ][test                     ] Test Get /{index}/_mapping/{type} (indices.get_mapping/10_basic) finished
[2014-02-18 15:42:00,703][INFO ][test                     ] Test Get /_mapping (indices.get_mapping/10_basic) started
[2014-02-18 15:42:00,703][INFO ][test.rest.junit          ] cleaning up before test [indices.get_mapping/10_basic: Get /_mapping]
[2014-02-18 15:42:00,708][INFO ][test.rest.junit          ] start test [indices.get_mapping/10_basic: Get /_mapping]
[2014-02-18 15:42:00,709][INFO ][test.rest.junit          ] start setup test [indices.get_mapping/10_basic: Get /_mapping]
[2014-02-18 15:42:00,720][INFO ][cluster.metadata         ] [node_0] [test_1] creating index, cause [api], shards [5]/[1], mappings [type_1, type_2]
[2014-02-18 15:42:00,781][INFO ][cluster.metadata         ] [node_0] [test_2] creating index, cause [api], shards [5]/[1], mappings [type_3, type_2]
[2014-02-18 15:42:00,805][INFO ][test.rest.junit          ] end setup test [indices.get_mapping/10_basic: Get /_mapping]
[2014-02-18 15:42:00,808][INFO ][test.rest.junit          ] end test [indices.get_mapping/10_basic: Get /_mapping]
[2014-02-18 15:42:00,808][INFO ][test.rest.junit          ] cleaning up after test [indices.get_mapping/10_basic: Get /_mapping]
[2014-02-18 15:42:00,814][INFO ][cluster.metadata         ] [node_0] [test_2] deleting index
[2014-02-18 15:42:00,826][INFO ][cluster.metadata         ] [node_0] [test_1] deleting index
[2014-02-18 15:42:00,844][INFO ][test                     ] Test Get /_mapping (indices.get_mapping/10_basic) finished
[2014-02-18 15:42:00,844][INFO ][test                     ] Test Get /{index}/_mapping/{type*} (indices.get_mapping/10_basic) started
[2014-02-18 15:42:00,845][INFO ][test.rest.junit          ] cleaning up before test [indices.get_mapping/10_basic: Get /{index}/_mapping/{type*}]
[2014-02-18 15:42:00,850][INFO ][test.rest.junit          ] start test [indices.get_mapping/10_basic: Get /{index}/_mapping/{type*}]
[2014-02-18 15:42:00,850][INFO ][test.rest.junit          ] start setup test [indices.get_mapping/10_basic: Get /{index}/_mapping/{type*}]
[2014-02-18 15:42:00,861][INFO ][cluster.metadata         ] [node_0] [test_1] creating index, cause [api], shards [5]/[1], mappings [type_1, type_2]
[2014-02-18 15:42:00,905][INFO ][cluster.metadata         ] [node_0] [test_2] creating index, cause [api], shards [5]/[1], mappings [type_3, type_2]
[2014-02-18 15:42:00,937][INFO ][test.rest.junit          ] end setup test [indices.get_mapping/10_basic: Get /{index}/_mapping/{type*}]
[2014-02-18 15:42:00,941][INFO ][test.rest.junit          ] end test [indices.get_mapping/10_basic: Get /{index}/_mapping/{type*}]
[2014-02-18 15:42:00,941][INFO ][test.rest.junit          ] cleaning up after test [indices.get_mapping/10_basic: Get /{index}/_mapping/{type*}]
[2014-02-18 15:42:00,973][INFO ][cluster.metadata         ] [node_0] [test_2] deleting index
[2014-02-18 15:42:01,036][INFO ][cluster.metadata         ] [node_0] [test_1] deleting index
[2014-02-18 15:42:01,083][INFO ][test                     ] Test Get /{index}/_mapping/{type*} (indices.get_mapping/10_basic) finished
[2014-02-18 15:42:01,083][INFO ][test                     ] Test Get /index,index/_mapping/{type} (indices.get_mapping/10_basic) started
[2014-02-18 15:42:01,084][INFO ][test.rest.junit          ] cleaning up before test [indices.get_mapping/10_basic: Get /index,index/_mapping/{type}]
[2014-02-18 15:42:01,089][INFO ][test.rest.junit          ] start test [indices.get_mapping/10_basic: Get /index,index/_mapping/{type}]
[2014-02-18 15:42:01,090][INFO ][test.rest.junit          ] start setup test [indices.get_mapping/10_basic: Get /index,index/_mapping/{type}]
[2014-02-18 15:42:01,112][INFO ][cluster.metadata         ] [node_0] [test_1] creating index, cause [api], shards [5]/[1], mappings [type_1, type_2]
[2014-02-18 15:42:01,199][INFO ][cluster.metadata         ] [node_0] [test_2] creating index, cause [api], shards [5]/[1], mappings [type_3, type_2]
[2014-02-18 15:42:01,234][INFO ][test.rest.junit          ] end setup test [indices.get_mapping/10_basic: Get /index,index/_mapping/{type}]
[2014-02-18 15:42:01,238][INFO ][test.rest.junit          ] end test [indices.get_mapping/10_basic: Get /index,index/_mapping/{type}]
[2014-02-18 15:42:01,239][INFO ][test.rest.junit          ] cleaning up after test [indices.get_mapping/10_basic: Get /index,index/_mapping/{type}]
[2014-02-18 15:42:01,262][INFO ][cluster.metadata         ] [node_0] [test_2] deleting index
[2014-02-18 15:42:01,344][INFO ][cluster.metadata         ] [node_0] [test_1] deleting index
[2014-02-18 15:42:01,358][INFO ][test                     ] Test Get /index,index/_mapping/{type} (indices.get_mapping/10_basic) finished
[2014-02-18 15:42:01,358][INFO ][test                     ] Test Get /_all/_mapping/{type} (indices.get_mapping/10_basic) started
[2014-02-18 15:42:01,358][INFO ][test.rest.junit          ] cleaning up before test [indices.get_mapping/10_basic: Get /_all/_mapping/{type}]
[2014-02-18 15:42:01,363][INFO ][test.rest.junit          ] start test [indices.get_mapping/10_basic: Get /_all/_mapping/{type}]
[2014-02-18 15:42:01,363][INFO ][test.rest.junit          ] start setup test [indices.get_mapping/10_basic: Get /_all/_mapping/{type}]
[2014-02-18 15:42:01,375][INFO ][cluster.metadata         ] [node_0] [test_1] creating index, cause [api], shards [5]/[1], mappings [type_1, type_2]
[2014-02-18 15:42:01,416][INFO ][cluster.metadata         ] [node_0] [test_2] creating index, cause [api], shards [5]/[1], mappings [type_3, type_2]
[2014-02-18 15:42:01,439][INFO ][test.rest.junit          ] end setup test [indices.get_mapping/10_basic: Get /_all/_mapping/{type}]
[2014-02-18 15:42:01,443][INFO ][test.rest.junit          ] end test [indices.get_mapping/10_basic: Get /_all/_mapping/{type}]
[2014-02-18 15:42:01,443][INFO ][test.rest.junit          ] cleaning up after test [indices.get_mapping/10_basic: Get /_all/_mapping/{type}]
[2014-02-18 15:42:01,462][INFO ][cluster.metadata         ] [node_0] [test_2] deleting index
[2014-02-18 15:42:01,502][INFO ][cluster.metadata         ] [node_0] [test_1] deleting index
[2014-02-18 15:42:01,516][INFO ][test                     ] Test Get /_all/_mapping/{type} (indices.get_mapping/10_basic) finished
[2014-02-18 15:42:01,516][INFO ][test                     ] Test Get /{index}/_mapping/* (indices.get_mapping/10_basic) started
[2014-02-18 15:42:01,517][INFO ][test.rest.junit          ] cleaning up before test [indices.get_mapping/10_basic: Get /{index}/_mapping/*]
[2014-02-18 15:42:01,522][INFO ][test.rest.junit          ] start test [indices.get_mapping/10_basic: Get /{index}/_mapping/*]
[2014-02-18 15:42:01,523][INFO ][test.rest.junit          ] start setup test [indices.get_mapping/10_basic: Get /{index}/_mapping/*]
[2014-02-18 15:42:01,537][INFO ][cluster.metadata         ] [node_0] [test_1] creating index, cause [api], shards [5]/[1], mappings [type_1, type_2]
[2014-02-18 15:42:01,579][INFO ][cluster.metadata         ] [node_0] [test_2] creating index, cause [api], shards [5]/[1], mappings [type_3, type_2]
[2014-02-18 15:42:01,613][INFO ][test.rest.junit          ] end setup test [indices.get_mapping/10_basic: Get /{index}/_mapping/*]
[2014-02-18 15:42:01,617][INFO ][test.rest.junit          ] end test [indices.get_mapping/10_basic: Get /{index}/_mapping/*]
[2014-02-18 15:42:01,617][INFO ][test.rest.junit          ] cleaning up after test [indices.get_mapping/10_basic: Get /{index}/_mapping/*]
[2014-02-18 15:42:01,629][INFO ][cluster.metadata         ] [node_0] [test_2] deleting index
[2014-02-18 15:42:01,667][INFO ][cluster.metadata         ] [node_0] [test_1] deleting index
[2014-02-18 15:42:01,678][INFO ][test                     ] Test Get /{index}/_mapping/* (indices.get_mapping/10_basic) finished
[2014-02-18 15:42:01,679][INFO ][test                     ] Test Get /{index}/_mapping/_all (indices.get_mapping/10_basic) started
[2014-02-18 15:42:01,679][INFO ][test.rest.junit          ] cleaning up before test [indices.get_mapping/10_basic: Get /{index}/_mapping/_all]
[2014-02-18 15:42:01,683][INFO ][test.rest.junit          ] start test [indices.get_mapping/10_basic: Get /{index}/_mapping/_all]
[2014-02-18 15:42:01,684][INFO ][test.rest.junit          ] start setup test [indices.get_mapping/10_basic: Get /{index}/_mapping/_all]
[2014-02-18 15:42:01,694][INFO ][cluster.metadata         ] [node_0] [test_1] creating index, cause [api], shards [5]/[1], mappings [type_1, type_2]
[2014-02-18 15:42:01,739][INFO ][cluster.metadata         ] [node_0] [test_2] creating index, cause [api], shards [5]/[1], mappings [type_3, type_2]
[2014-02-18 15:42:01,768][INFO ][test.rest.junit          ] end setup test [indices.get_mapping/10_basic: Get /{index}/_mapping/_all]
[2014-02-18 15:42:01,771][INFO ][test.rest.junit          ] end test [indices.get_mapping/10_basic: Get /{index}/_mapping/_all]
[2014-02-18 15:42:01,771][INFO ][test.rest.junit          ] cleaning up after test [indices.get_mapping/10_basic: Get /{index}/_mapping/_all]
[2014-02-18 15:42:01,782][INFO ][cluster.metadata         ] [node_0] [test_2] deleting index
[2014-02-18 15:42:01,824][INFO ][cluster.metadata         ] [node_0] [test_1] deleting index
[2014-02-18 15:42:01,842][INFO ][test                     ] Test Get /{index}/_mapping/_all (indices.get_mapping/10_basic) finished
[2014-02-18 15:42:01,842][INFO ][test                     ] Test Get /index*/_mapping/{type} (indices.get_mapping/10_basic) started
[2014-02-18 15:42:01,842][INFO ][test.rest.junit          ] cleaning up before test [indices.get_mapping/10_basic: Get /index*/_mapping/{type}]
[2014-02-18 15:42:01,847][INFO ][test.rest.junit          ] start test [indices.get_mapping/10_basic: Get /index*/_mapping/{type}]
[2014-02-18 15:42:01,847][INFO ][test.rest.junit          ] start setup test [indices.get_mapping/10_basic: Get /index*/_mapping/{type}]
[2014-02-18 15:42:01,861][INFO ][cluster.metadata         ] [node_0] [test_1] creating index, cause [api], shards [5]/[1], mappings [type_1, type_2]
[2014-02-18 15:42:01,907][INFO ][cluster.metadata         ] [node_0] [test_2] creating index, cause [api], shards [5]/[1], mappings [type_3, type_2]
[2014-02-18 15:42:01,933][INFO ][test.rest.junit          ] end setup test [indices.get_mapping/10_basic: Get /index*/_mapping/{type}]
[2014-02-18 15:42:01,936][INFO ][test.rest.junit          ] end test [indices.get_mapping/10_basic: Get /index*/_mapping/{type}]
[2014-02-18 15:42:01,937][INFO ][test.rest.junit          ] cleaning up after test [indices.get_mapping/10_basic: Get /index*/_mapping/{type}]
[2014-02-18 15:42:01,948][INFO ][cluster.metadata         ] [node_0] [test_2] deleting index
[2014-02-18 15:42:01,991][INFO ][cluster.metadata         ] [node_0] [test_1] deleting index
[2014-02-18 15:42:02,019][INFO ][test                     ] Test Get /index*/_mapping/{type} (indices.get_mapping/10_basic) finished
[2014-02-18 15:42:02,020][INFO ][test                     ] Test Get /{index}/_mapping/{type,type} (indices.get_mapping/10_basic) started
[2014-02-18 15:42:02,020][INFO ][test.rest.junit          ] cleaning up before test [indices.get_mapping/10_basic: Get /{index}/_mapping/{type,type}]
[2014-02-18 15:42:02,026][INFO ][test.rest.junit          ] start test [indices.get_mapping/10_basic: Get /{index}/_mapping/{type,type}]
[2014-02-18 15:42:02,026][INFO ][test.rest.junit          ] start setup test [indices.get_mapping/10_basic: Get /{index}/_mapping/{type,type}]
[2014-02-18 15:42:02,044][INFO ][cluster.metadata         ] [node_0] [test_1] creating index, cause [api], shards [5]/[1], mappings [type_1, type_2]
[2014-02-18 15:42:02,094][INFO ][cluster.metadata         ] [node_0] [test_2] creating index, cause [api], shards [5]/[1], mappings [type_3, type_2]
[2014-02-18 15:42:02,133][INFO ][test.rest.junit          ] end setup test [indices.get_mapping/10_basic: Get /{index}/_mapping/{type,type}]
[2014-02-18 15:42:02,136][INFO ][test.rest.junit          ] end test [indices.get_mapping/10_basic: Get /{index}/_mapping/{type,type}]
[2014-02-18 15:42:02,136][INFO ][test.rest.junit          ] cleaning up after test [indices.get_mapping/10_basic: Get /{index}/_mapping/{type,type}]
[2014-02-18 15:42:02,141][INFO ][cluster.metadata         ] [node_0] [test_2] deleting index
[2014-02-18 15:42:02,152][INFO ][cluster.metadata         ] [node_0] [test_1] deleting index
[2014-02-18 15:42:02,168][INFO ][test                     ] Test Get /{index}/_mapping/{type,type} (indices.get_mapping/10_basic) finished
[2014-02-18 15:42:02,169][INFO ][test                     ] Test Get /*/_mapping/{type} (indices.get_mapping/10_basic) started
[2014-02-18 15:42:02,169][INFO ][test.rest.junit          ] cleaning up before test [indices.get_mapping/10_basic: Get /*/_mapping/{type}]
[2014-02-18 15:42:02,174][INFO ][test.rest.junit          ] start test [indices.get_mapping/10_basic: Get /*/_mapping/{type}]
[2014-02-18 15:42:02,174][INFO ][test.rest.junit          ] start setup test [indices.get_mapping/10_basic: Get /*/_mapping/{type}]
[2014-02-18 15:42:02,185][INFO ][cluster.metadata         ] [node_0] [test_1] creating index, cause [api], shards [5]/[1], mappings [type_1, type_2]
[2014-02-18 15:42:02,230][INFO ][cluster.metadata         ] [node_0] [test_2] creating index, cause [api], shards [5]/[1], mappings [type_3, type_2]
[2014-02-18 15:42:02,268][INFO ][test.rest.junit          ] end setup test [indices.get_mapping/10_basic: Get /*/_mapping/{type}]
[2014-02-18 15:42:02,271][INFO ][test.rest.junit          ] end test [indices.get_mapping/10_basic: Get /*/_mapping/{type}]
[2014-02-18 15:42:02,271][INFO ][test.rest.junit          ] cleaning up after test [indices.get_mapping/10_basic: Get /*/_mapping/{type}]
[2014-02-18 15:42:02,278][INFO ][cluster.metadata         ] [node_0] [test_2] deleting index
[2014-02-18 15:42:02,294][INFO ][cluster.metadata         ] [node_0] [test_1] deleting index
[2014-02-18 15:42:02,310][INFO ][test                     ] Test Get /*/_mapping/{type} (indices.get_mapping/10_basic) finished
[2014-02-18 15:42:02,311][INFO ][test                     ] Test Basic mlt (mlt/10_basic) started
[2014-02-18 15:42:02,311][INFO ][test.rest.junit          ] cleaning up before test [mlt/10_basic: Basic mlt]
[2014-02-18 15:42:02,316][INFO ][test.rest.junit          ] start test [mlt/10_basic: Basic mlt]
[2014-02-18 15:42:02,326][INFO ][cluster.metadata         ] [node_0] [test_1] creating index, cause [auto(index api)], shards [5]/[1], mappings []
[2014-02-18 15:42:02,355][INFO ][cluster.metadata         ] [node_0] [test_1] update_mapping [test] (dynamic)
[2014-02-18 15:42:03,399][INFO ][test.rest.junit          ] end test [mlt/10_basic: Basic mlt]
[2014-02-18 15:42:03,399][INFO ][test.rest.junit          ] cleaning up after test [mlt/10_basic: Basic mlt]
[2014-02-18 15:42:03,401][INFO ][cluster.metadata         ] [node_0] [test_1] deleting index
[2014-02-18 15:42:03,416][INFO ][test                     ] Test Basic mlt (mlt/10_basic) finished
[2014-02-18 15:42:03,417][INFO ][test                     ] Test put alias with missing name (indices.put_alias/all_path_options) started
[2014-02-18 15:42:03,418][INFO ][test.rest.junit          ] cleaning up before test [indices.put_alias/all_path_options: put alias with missing name]
[2014-02-18 15:42:03,423][INFO ][test.rest.junit          ] start test [indices.put_alias/all_path_options: put alias with missing name]
[2014-02-18 15:42:03,423][INFO ][test.rest.junit          ] start setup test [indices.put_alias/all_path_options: put alias with missing name]
[2014-02-18 15:42:03,436][INFO ][cluster.metadata         ] [node_0] [test_index1] creating index, cause [api], shards [5]/[1], mappings []
[2014-02-18 15:42:03,486][INFO ][cluster.metadata         ] [node_0] [test_index2] creating index, cause [api], shards [5]/[1], mappings []
[2014-02-18 15:42:03,572][INFO ][cluster.metadata         ] [node_0] [foo] creating index, cause [api], shards [5]/[1], mappings []
[2014-02-18 15:42:03,597][INFO ][test.rest.junit          ] end setup test [indices.put_alias/all_path_options: put alias with missing name]
[2014-02-18 15:42:03,597][INFO ][test.rest.section        ] found [catch: param], no request sent
[2014-02-18 15:42:03,597][INFO ][test.rest.junit          ] end test [indices.put_alias/all_path_options: put alias with missing name]
[2014-02-18 15:42:03,597][INFO ][test.rest.junit          ] cleaning up after test [indices.put_alias/all_path_options: put alias with missing name]
[2014-02-18 15:42:03,612][INFO ][cluster.metadata         ] [node_0] [foo] deleting index
[2014-02-18 15:42:03,660][INFO ][cluster.metadata         ] [node_0] [test_index2] deleting index
[2014-02-18 15:42:03,673][INFO ][cluster.metadata         ] [node_0] [test_index1] deleting index
[2014-02-18 15:42:03,690][INFO ][test                     ] Test put alias with missing name (indices.put_alias/all_path_options) finished
[2014-02-18 15:42:03,690][INFO ][test                     ] Test put alias in list of indices (indices.put_alias/all_path_options) started
[2014-02-18 15:42:03,691][INFO ][test.rest.junit          ] cleaning up before test [indices.put_alias/all_path_options: put alias in list of indices]
[2014-02-18 15:42:03,696][INFO ][test.rest.junit          ] start test [indices.put_alias/all_path_options: put alias in list of indices]
[2014-02-18 15:42:03,696][INFO ][test.rest.junit          ] start setup test [indices.put_alias/all_path_options: put alias in list of indices]
[2014-02-18 15:42:03,708][INFO ][cluster.metadata         ] [node_0] [test_index1] creating index, cause [api], shards [5]/[1], mappings []
[2014-02-18 15:42:03,757][INFO ][cluster.metadata         ] [node_0] [test_index2] creating index, cause [api], shards [5]/[1], mappings []
[2014-02-18 15:42:03,833][INFO ][cluster.metadata         ] [node_0] [foo] creating index, cause [api], shards [5]/[1], mappings []
[2014-02-18 15:42:03,854][INFO ][test.rest.junit          ] end setup test [indices.put_alias/all_path_options: put alias in list of indices]
[2014-02-18 15:42:03,872][INFO ][test.rest.junit          ] end test [indices.put_alias/all_path_options: put alias in list of indices]
[2014-02-18 15:42:03,873][INFO ][test.rest.junit          ] cleaning up after test [indices.put_alias/all_path_options: put alias in list of indices]
[2014-02-18 15:42:03,875][INFO ][cluster.metadata         ] [node_0] [foo] deleting index
[2014-02-18 15:42:03,897][INFO ][cluster.metadata         ] [node_0] [test_index2] deleting index
[2014-02-18 15:42:03,911][INFO ][cluster.metadata         ] [node_0] [test_index1] deleting index
[2014-02-18 15:42:03,926][INFO ][test                     ] Test put alias in list of indices (indices.put_alias/all_path_options) finished
[2014-02-18 15:42:03,927][INFO ][test                     ] Test put alias in * index (indices.put_alias/all_path_options) started
[2014-02-18 15:42:03,927][INFO ][test.rest.junit          ] cleaning up before test [indices.put_alias/all_path_options: put alias in * index]
[2014-02-18 15:42:03,931][INFO ][test.rest.junit          ] start test [indices.put_alias/all_path_options: put alias in * index]
[2014-02-18 15:42:03,932][INFO ][test.rest.junit          ] start setup test [indices.put_alias/all_path_options: put alias in * index]
[2014-02-18 15:42:03,941][INFO ][cluster.metadata         ] [node_0] [test_index1] creating index, cause [api], shards [5]/[1], mappings []
[2014-02-18 15:42:03,983][INFO ][cluster.metadata         ] [node_0] [test_index2] creating index, cause [api], shards [5]/[1], mappings []
[2014-02-18 15:42:04,078][INFO ][cluster.metadata         ] [node_0] [foo] creating index, cause [api], shards [5]/[1], mappings []
[2014-02-18 15:42:04,095][INFO ][test.rest.junit          ] end setup test [indices.put_alias/all_path_options: put alias in * index]
[2014-02-18 15:42:04,117][INFO ][test.rest.junit          ] end test [indices.put_alias/all_path_options: put alias in * index]
[2014-02-18 15:42:04,118][INFO ][test.rest.junit          ] cleaning up after test [indices.put_alias/all_path_options: put alias in * index]
[2014-02-18 15:42:04,120][INFO ][cluster.metadata         ] [node_0] [foo] deleting index
[2014-02-18 15:42:04,133][INFO ][cluster.metadata         ] [node_0] [test_index2] deleting index
[2014-02-18 15:42:04,145][INFO ][cluster.metadata         ] [node_0] [test_index1] deleting index
[2014-02-18 15:42:04,156][INFO ][test                     ] Test put alias in * index (indices.put_alias/all_path_options) finished
[2014-02-18 15:42:04,157][INFO ][test                     ] Test put alias per index (indices.put_alias/all_path_options) started
[2014-02-18 15:42:04,157][INFO ][test.rest.junit          ] cleaning up before test [indices.put_alias/all_path_options: put alias per index]
[2014-02-18 15:42:04,161][INFO ][test.rest.junit          ] start test [indices.put_alias/all_path_options: put alias per index]
[2014-02-18 15:42:04,161][INFO ][test.rest.junit          ] start setup test [indices.put_alias/all_path_options: put alias per index]
[2014-02-18 15:42:04,172][INFO ][cluster.metadata         ] [node_0] [test_index1] creating index, cause [api], shards [5]/[1], mappings []
[2014-02-18 15:42:04,211][INFO ][cluster.metadata         ] [node_0] [test_index2] creating index, cause [api], shards [5]/[1], mappings []
[2014-02-18 15:42:04,268][INFO ][cluster.metadata         ] [node_0] [foo] creating index, cause [api], shards [5]/[1], mappings []
[2014-02-18 15:42:04,289][INFO ][test.rest.junit          ] end setup test [indices.put_alias/all_path_options: put alias per index]
[2014-02-18 15:42:04,314][INFO ][test.rest.junit          ] end test [indices.put_alias/all_path_options: put alias per index]
[2014-02-18 15:42:04,314][INFO ][test.rest.junit          ] cleaning up after test [indices.put_alias/all_path_options: put alias per index]
[2014-02-18 15:42:04,316][INFO ][cluster.metadata         ] [node_0] [foo] deleting index
[2014-02-18 15:42:04,331][INFO ][cluster.metadata         ] [node_0] [test_index2] deleting index
[2014-02-18 15:42:04,345][INFO ][cluster.metadata         ] [node_0] [test_index1] deleting index
[2014-02-18 15:42:04,359][INFO ][test                     ] Test put alias per index (indices.put_alias/all_path_options) finished
[2014-02-18 15:42:04,360][INFO ][test                     ] Test put alias in _all index (indices.put_alias/all_path_options) started
[2014-02-18 15:42:04,360][INFO ][test.rest.junit          ] cleaning up before test [indices.put_alias/all_path_options: put alias in _all index]
[2014-02-18 15:42:04,365][INFO ][test.rest.junit          ] start test [indices.put_alias/all_path_options: put alias in _all index]
[2014-02-18 15:42:04,365][INFO ][test.rest.junit          ] start setup test [indices.put_alias/all_path_options: put alias in _all index]
[2014-02-18 15:42:04,378][INFO ][cluster.metadata         ] [node_0] [test_index1] creating index, cause [api], shards [5]/[1], mappings []
[2014-02-18 15:42:04,424][INFO ][cluster.metadata         ] [node_0] [test_index2] creating index, cause [api], shards [5]/[1], mappings []
[2014-02-18 15:42:04,468][INFO ][cluster.metadata         ] [node_0] [foo] creating index, cause [api], shards [5]/[1], mappings []
[2014-02-18 15:42:04,497][INFO ][test.rest.junit          ] end setup test [indices.put_alias/all_path_options: put alias in _all index]
[2014-02-18 15:42:04,526][INFO ][test.rest.junit          ] end test [indices.put_alias/all_path_options: put alias in _all index]
[2014-02-18 15:42:04,526][INFO ][test.rest.junit          ] cleaning up after test [indices.put_alias/all_path_options: put alias in _all index]
[2014-02-18 15:42:04,528][INFO ][cluster.metadata         ] [node_0] [foo] deleting index
[2014-02-18 15:42:04,539][INFO ][cluster.metadata         ] [node_0] [test_index2] deleting index
[2014-02-18 15:42:04,550][INFO ][cluster.metadata         ] [node_0] [test_index1] deleting index
[2014-02-18 15:42:04,565][INFO ][test                     ] Test put alias in _all index (indices.put_alias/all_path_options) finished
[2014-02-18 15:42:04,566][INFO ][test                     ] Test put alias prefix* index (indices.put_alias/all_path_options) started
[2014-02-18 15:42:04,566][INFO ][test.rest.junit          ] cleaning up before test [indices.put_alias/all_path_options: put alias prefix* index]
[2014-02-18 15:42:04,571][INFO ][test.rest.junit          ] start test [indices.put_alias/all_path_options: put alias prefix* index]
[2014-02-18 15:42:04,571][INFO ][test.rest.junit          ] start setup test [indices.put_alias/all_path_options: put alias prefix* index]
[2014-02-18 15:42:04,585][INFO ][cluster.metadata         ] [node_0] [test_index1] creating index, cause [api], shards [5]/[1], mappings []
[2014-02-18 15:42:04,623][INFO ][cluster.metadata         ] [node_0] [test_index2] creating index, cause [api], shards [5]/[1], mappings []
[2014-02-18 15:42:04,669][INFO ][cluster.metadata         ] [node_0] [foo] creating index, cause [api], shards [5]/[1], mappings []
[2014-02-18 15:42:04,773][INFO ][test.rest.junit          ] end setup test [indices.put_alias/all_path_options: put alias prefix* index]
[2014-02-18 15:42:04,814][INFO ][test.rest.junit          ] end test [indices.put_alias/all_path_options: put alias prefix* index]
[2014-02-18 15:42:04,814][INFO ][test.rest.junit          ] cleaning up after test [indices.put_alias/all_path_options: put alias prefix* index]
[2014-02-18 15:42:04,817][INFO ][cluster.metadata         ] [node_0] [foo] deleting index
[2014-02-18 15:42:04,838][INFO ][cluster.metadata         ] [node_0] [test_index2] deleting index
[2014-02-18 15:42:04,851][INFO ][cluster.metadata         ] [node_0] [test_index1] deleting index
[2014-02-18 15:42:04,862][INFO ][test                     ] Test put alias prefix* index (indices.put_alias/all_path_options) finished
[2014-02-18 15:42:04,862][INFO ][test                     ] Test put alias with blank index (indices.put_alias/all_path_options) started
[2014-02-18 15:42:04,862][INFO ][test.rest.junit          ] cleaning up before test [indices.put_alias/all_path_options: put alias with blank index]
[2014-02-18 15:42:04,867][INFO ][test.rest.junit          ] start test [indices.put_alias/all_path_options: put alias with blank index]
[2014-02-18 15:42:04,867][INFO ][test.rest.junit          ] start setup test [indices.put_alias/all_path_options: put alias with blank index]
[2014-02-18 15:42:04,879][INFO ][cluster.metadata         ] [node_0] [test_index1] creating index, cause [api], shards [5]/[1], mappings []
[2014-02-18 15:42:04,930][INFO ][cluster.metadata         ] [node_0] [test_index2] creating index, cause [api], shards [5]/[1], mappings []
[2014-02-18 15:42:04,975][INFO ][cluster.metadata         ] [node_0] [foo] creating index, cause [api], shards [5]/[1], mappings []
[2014-02-18 15:42:05,003][INFO ][test.rest.junit          ] end setup test [indices.put_alias/all_path_options: put alias with blank index]
[2014-02-18 15:42:05,082][INFO ][test.rest.junit          ] end test [indices.put_alias/all_path_options: put alias with blank index]
[2014-02-18 15:42:05,083][INFO ][test.rest.junit          ] cleaning up after test [indices.put_alias/all_path_options: put alias with blank index]
[2014-02-18 15:42:05,085][INFO ][cluster.metadata         ] [node_0] [foo] deleting index
[2014-02-18 15:42:05,099][INFO ][cluster.metadata         ] [node_0] [test_index2] deleting index
[2014-02-18 15:42:05,114][INFO ][cluster.metadata         ] [node_0] [test_index1] deleting index
[2014-02-18 15:42:05,128][INFO ][test                     ] Test put alias with blank index (indices.put_alias/all_path_options) finished
[2014-02-18 15:42:05,128][INFO ][test                     ] Test Basic test for put alias (indices.put_alias/10_basic) started
[2014-02-18 15:42:05,129][INFO ][test.rest.junit          ] cleaning up before test [indices.put_alias/10_basic: Basic test for put alias]
[2014-02-18 15:42:05,133][INFO ][test.rest.junit          ] start test [indices.put_alias/10_basic: Basic test for put alias]
[2014-02-18 15:42:05,143][INFO ][cluster.metadata         ] [node_0] [test_index] creating index, cause [api], shards [5]/[1], mappings []
[2014-02-18 15:42:05,183][INFO ][test.rest.junit          ] end test [indices.put_alias/10_basic: Basic test for put alias]
[2014-02-18 15:42:05,183][INFO ][test.rest.junit          ] cleaning up after test [indices.put_alias/10_basic: Basic test for put alias]
[2014-02-18 15:42:05,185][INFO ][cluster.metadata         ] [node_0] [test_index] deleting index
[2014-02-18 15:42:05,199][INFO ][test                     ] Test Basic test for put alias (indices.put_alias/10_basic) finished
[2014-02-18 15:42:05,199][INFO ][test                     ] Test Get aliases via /{index}/_aliases/prefix* (indices.get_aliases/10_basic) started
[2014-02-18 15:42:05,199][INFO ][test.rest.junit          ] cleaning up before test [indices.get_aliases/10_basic: Get aliases via /{index}/_aliases/prefix*]
[2014-02-18 15:42:05,203][INFO ][test.rest.junit          ] start test [indices.get_aliases/10_basic: Get aliases via /{index}/_aliases/prefix*]
[2014-02-18 15:42:05,204][INFO ][test.rest.junit          ] start setup test [indices.get_aliases/10_basic: Get aliases via /{index}/_aliases/prefix*]
[2014-02-18 15:42:05,213][INFO ][cluster.metadata         ] [node_0] [test_index] creating index, cause [api], shards [5]/[1], mappings []
[2014-02-18 15:42:05,258][INFO ][cluster.metadata         ] [node_0] [test_index_2] creating index, cause [api], shards [5]/[1], mappings []
[2014-02-18 15:42:05,306][INFO ][test.rest.junit          ] end setup test [indices.get_aliases/10_basic: Get aliases via /{index}/_aliases/prefix*]
[2014-02-18 15:42:05,312][INFO ][test.rest.junit          ] end test [indices.get_aliases/10_basic: Get aliases via /{index}/_aliases/prefix*]
[2014-02-18 15:42:05,312][INFO ][test.rest.junit          ] cleaning up after test [indices.get_aliases/10_basic: Get aliases via /{index}/_aliases/prefix*]
[2014-02-18 15:42:05,315][INFO ][cluster.metadata         ] [node_0] [test_index_2] deleting index
[2014-02-18 15:42:05,328][INFO ][cluster.metadata         ] [node_0] [test_index] deleting index
[2014-02-18 15:42:05,346][INFO ][test                     ] Test Get aliases via /{index}/_aliases/prefix* (indices.get_aliases/10_basic) finished
[2014-02-18 15:42:05,346][INFO ][test                     ] Test Non-existent alias on an existing index returns matching indcies (indices.get_aliases/10_basic) started
[2014-02-18 15:42:05,347][INFO ][test.rest.junit          ] cleaning up before test [indices.get_aliases/10_basic: Non-existent alias on an existing index returns matching indcies]
[2014-02-18 15:42:05,352][INFO ][test.rest.junit          ] start test [indices.get_aliases/10_basic: Non-existent alias on an existing index returns matching indcies]
[2014-02-18 15:42:05,352][INFO ][test.rest.junit          ] start setup test [indices.get_aliases/10_basic: Non-existent alias on an existing index returns matching indcies]
[2014-02-18 15:42:05,362][INFO ][cluster.metadata         ] [node_0] [test_index] creating index, cause [api], shards [5]/[1], mappings []
[2014-02-18 15:42:05,399][INFO ][cluster.metadata         ] [node_0] [test_index_2] creating index, cause [api], shards [5]/[1], mappings []
[2014-02-18 15:42:05,439][INFO ][test.rest.junit          ] end setup test [indices.get_aliases/10_basic: Non-existent alias on an existing index returns matching indcies]
[2014-02-18 15:42:05,442][INFO ][test.rest.junit          ] end test [indices.get_aliases/10_basic: Non-existent alias on an existing index returns matching indcies]
[2014-02-18 15:42:05,442][INFO ][test.rest.junit          ] cleaning up after test [indices.get_aliases/10_basic: Non-existent alias on an existing index returns matching indcies]
[2014-02-18 15:42:05,445][INFO ][cluster.metadata         ] [node_0] [test_index_2] deleting index
[2014-02-18 15:42:05,460][INFO ][cluster.metadata         ] [node_0] [test_index] deleting index
[2014-02-18 15:42:05,478][INFO ][test                     ] Test Non-existent alias on an existing index returns matching indcies (indices.get_aliases/10_basic) finished
[2014-02-18 15:42:05,479][INFO ][test                     ] Test Get aliases via /{index}/_aliases/* (indices.get_aliases/10_basic) started
[2014-02-18 15:42:05,479][INFO ][test.rest.junit          ] cleaning up before test [indices.get_aliases/10_basic: Get aliases via /{index}/_aliases/*]
[2014-02-18 15:42:05,484][INFO ][test.rest.junit          ] start test [indices.get_aliases/10_basic: Get aliases via /{index}/_aliases/*]
[2014-02-18 15:42:05,484][INFO ][test.rest.junit          ] start setup test [indices.get_aliases/10_basic: Get aliases via /{index}/_aliases/*]
[2014-02-18 15:42:05,495][INFO ][cluster.metadata         ] [node_0] [test_index] creating index, cause [api], shards [5]/[1], mappings []
[2014-02-18 15:42:05,545][INFO ][cluster.metadata         ] [node_0] [test_index_2] creating index, cause [api], shards [5]/[1], mappings []
[2014-02-18 15:42:05,585][INFO ][test.rest.junit          ] end setup test [indices.get_aliases/10_basic: Get aliases via /{index}/_aliases/*]
[2014-02-18 15:42:05,588][INFO ][test.rest.junit          ] end test [indices.get_aliases/10_basic: Get aliases via /{index}/_aliases/*]
[2014-02-18 15:42:05,588][INFO ][test.rest.junit          ] cleaning up after test [indices.get_aliases/10_basic: Get aliases via /{index}/_aliases/*]
[2014-02-18 15:42:05,590][INFO ][cluster.metadata         ] [node_0] [test_index_2] deleting index
[2014-02-18 15:42:05,599][INFO ][cluster.metadata         ] [node_0] [test_index] deleting index
[2014-02-18 15:42:05,611][INFO ][test                     ] Test Get aliases via /{index}/_aliases/* (indices.get_aliases/10_basic) finished
[2014-02-18 15:42:05,611][INFO ][test                     ] Test Get aliases via /{index}/_aliases/_all (indices.get_aliases/10_basic) started
[2014-02-18 15:42:05,611][INFO ][test.rest.junit          ] cleaning up before test [indices.get_aliases/10_basic: Get aliases via /{index}/_aliases/_all]
[2014-02-18 15:42:05,616][INFO ][test.rest.junit          ] start test [indices.get_aliases/10_basic: Get aliases via /{index}/_aliases/_all]
[2014-02-18 15:42:05,616][INFO ][test.rest.junit          ] start setup test [indices.get_aliases/10_basic: Get aliases via /{index}/_aliases/_all]
[2014-02-18 15:42:05,625][INFO ][cluster.metadata         ] [node_0] [test_index] creating index, cause [api], shards [5]/[1], mappings []
[2014-02-18 15:42:05,664][INFO ][cluster.metadata         ] [node_0] [test_index_2] creating index, cause [api], shards [5]/[1], mappings []
[2014-02-18 15:42:05,705][INFO ][test.rest.junit          ] end setup test [indices.get_aliases/10_basic: Get aliases via /{index}/_aliases/_all]
[2014-02-18 15:42:05,708][INFO ][test.rest.junit          ] end test [indices.get_aliases/10_basic: Get aliases via /{index}/_aliases/_all]
[2014-02-18 15:42:05,708][INFO ][test.rest.junit          ] cleaning up after test [indices.get_aliases/10_basic: Get aliases via /{index}/_aliases/_all]
[2014-02-18 15:42:05,710][INFO ][cluster.metadata         ] [node_0] [test_index_2] deleting index
[2014-02-18 15:42:05,718][INFO ][cluster.metadata         ] [node_0] [test_index] deleting index
[2014-02-18 15:42:05,732][INFO ][test                     ] Test Get aliases via /{index}/_aliases/_all (indices.get_aliases/10_basic) finished
[2014-02-18 15:42:05,732][INFO ][test                     ] Test Get aliases via /_aliases/{name} (indices.get_aliases/10_basic) started
[2014-02-18 15:42:05,732][INFO ][test.rest.junit          ] cleaning up before test [indices.get_aliases/10_basic: Get aliases via /_aliases/{name}]
[2014-02-18 15:42:05,737][INFO ][test.rest.junit          ] start test [indices.get_aliases/10_basic: Get aliases via /_aliases/{name}]
[2014-02-18 15:42:05,737][INFO ][test.rest.junit          ] start setup test [indices.get_aliases/10_basic: Get aliases via /_aliases/{name}]
[2014-02-18 15:42:05,748][INFO ][cluster.metadata         ] [node_0] [test_index] creating index, cause [api], shards [5]/[1], mappings []
[2014-02-18 15:42:05,791][INFO ][cluster.metadata         ] [node_0] [test_index_2] creating index, cause [api], shards [5]/[1], mappings []
[2014-02-18 15:42:05,831][INFO ][test.rest.junit          ] end setup test [indices.get_aliases/10_basic: Get aliases via /_aliases/{name}]
[2014-02-18 15:42:05,834][INFO ][test.rest.junit          ] end test [indices.get_aliases/10_basic: Get aliases via /_aliases/{name}]
[2014-02-18 15:42:05,835][INFO ][test.rest.junit          ] cleaning up after test [indices.get_aliases/10_basic: Get aliases via /_aliases/{name}]
[2014-02-18 15:42:05,837][INFO ][cluster.metadata         ] [node_0] [test_index_2] deleting index
[2014-02-18 15:42:05,847][INFO ][cluster.metadata         ] [node_0] [test_index] deleting index
[2014-02-18 15:42:05,862][INFO ][test                     ] Test Get aliases via /_aliases/{name} (indices.get_aliases/10_basic) finished
[2014-02-18 15:42:05,862][INFO ][test                     ] Test Get aliases via /{index}/_aliases/name,name (indices.get_aliases/10_basic) started
[2014-02-18 15:42:05,863][INFO ][test.rest.junit          ] cleaning up before test [indices.get_aliases/10_basic: Get aliases via /{index}/_aliases/name,name]
[2014-02-18 15:42:05,867][INFO ][test.rest.junit          ] start test [indices.get_aliases/10_basic: Get aliases via /{index}/_aliases/name,name]
[2014-02-18 15:42:05,868][INFO ][test.rest.junit          ] start setup test [indices.get_aliases/10_basic: Get aliases via /{index}/_aliases/name,name]
[2014-02-18 15:42:05,883][INFO ][cluster.metadata         ] [node_0] [test_index] creating index, cause [api], shards [5]/[1], mappings []
[2014-02-18 15:42:05,931][INFO ][cluster.metadata         ] [node_0] [test_index_2] creating index, cause [api], shards [5]/[1], mappings []
[2014-02-18 15:42:06,008][INFO ][test.rest.junit          ] end setup test [indices.get_aliases/10_basic: Get aliases via /{index}/_aliases/name,name]
[2014-02-18 15:42:06,011][INFO ][test.rest.junit          ] end test [indices.get_aliases/10_basic: Get aliases via /{index}/_aliases/name,name]
[2014-02-18 15:42:06,011][INFO ][test.rest.junit          ] cleaning up after test [indices.get_aliases/10_basic: Get aliases via /{index}/_aliases/name,name]
[2014-02-18 15:42:06,013][INFO ][cluster.metadata         ] [node_0] [test_index_2] deleting index
[2014-02-18 15:42:06,030][INFO ][cluster.metadata         ] [node_0] [test_index] deleting index
[2014-02-18 15:42:06,050][INFO ][test                     ] Test Get aliases via /{index}/_aliases/name,name (indices.get_aliases/10_basic) finished
[2014-02-18 15:42:06,050][INFO ][test                     ] Test Get aliases via /pref*/_aliases/{name} (indices.get_aliases/10_basic) started
[2014-02-18 15:42:06,051][INFO ][test.rest.junit          ] cleaning up before test [indices.get_aliases/10_basic: Get aliases via /pref*/_aliases/{name}]
[2014-02-18 15:42:06,057][INFO ][test.rest.junit          ] start test [indices.get_aliases/10_basic: Get aliases via /pref*/_aliases/{name}]
[2014-02-18 15:42:06,057][INFO ][test.rest.junit          ] start setup test [indices.get_aliases/10_basic: Get aliases via /pref*/_aliases/{name}]
[2014-02-18 15:42:06,072][INFO ][cluster.metadata         ] [node_0] [test_index] creating index, cause [api], shards [5]/[1], mappings []
[2014-02-18 15:42:06,126][INFO ][cluster.metadata         ] [node_0] [test_index_2] creating index, cause [api], shards [5]/[1], mappings []
[2014-02-18 15:42:06,184][INFO ][test.rest.junit          ] end setup test [indices.get_aliases/10_basic: Get aliases via /pref*/_aliases/{name}]
[2014-02-18 15:42:06,187][INFO ][test.rest.junit          ] end test [indices.get_aliases/10_basic: Get aliases via /pref*/_aliases/{name}]
[2014-02-18 15:42:06,187][INFO ][test.rest.junit          ] cleaning up after test [indices.get_aliases/10_basic: Get aliases via /pref*/_aliases/{name}]
[2014-02-18 15:42:06,189][INFO ][cluster.metadata         ] [node_0] [test_index_2] deleting index
[2014-02-18 15:42:06,198][INFO ][cluster.metadata         ] [node_0] [test_index] deleting index
[2014-02-18 15:42:06,215][INFO ][test                     ] Test Get aliases via /pref*/_aliases/{name} (indices.get_aliases/10_basic) finished
[2014-02-18 15:42:06,216][INFO ][test                     ] Test Get all aliases via /{index}/_aliases/ (indices.get_aliases/10_basic) started
[2014-02-18 15:42:06,216][INFO ][test.rest.junit          ] cleaning up before test [indices.get_aliases/10_basic: Get all aliases via /{index}/_aliases/]
[2014-02-18 15:42:06,222][INFO ][test.rest.junit          ] start test [indices.get_aliases/10_basic: Get all aliases via /{index}/_aliases/]
[2014-02-18 15:42:06,222][INFO ][test.rest.junit          ] start setup test [indices.get_aliases/10_basic: Get all aliases via /{index}/_aliases/]
[2014-02-18 15:42:06,233][INFO ][cluster.metadata         ] [node_0] [test_index] creating index, cause [api], shards [5]/[1], mappings []
[2014-02-18 15:42:06,285][INFO ][cluster.metadata         ] [node_0] [test_index_2] creating index, cause [api], shards [5]/[1], mappings []
[2014-02-18 15:42:06,364][INFO ][test.rest.junit          ] end setup test [indices.get_aliases/10_basic: Get all aliases via /{index}/_aliases/]
[2014-02-18 15:42:06,369][INFO ][test.rest.junit          ] end test [indices.get_aliases/10_basic: Get all aliases via /{index}/_aliases/]
[2014-02-18 15:42:06,369][INFO ][test.rest.junit          ] cleaning up after test [indices.get_aliases/10_basic: Get all aliases via /{index}/_aliases/]
[2014-02-18 15:42:06,371][INFO ][cluster.metadata         ] [node_0] [test_index_2] deleting index
[2014-02-18 15:42:06,381][INFO ][cluster.metadata         ] [node_0] [test_index] deleting index
[2014-02-18 15:42:06,398][INFO ][test                     ] Test Get all aliases via /{index}/_aliases/ (indices.get_aliases/10_basic) finished
[2014-02-18 15:42:06,399][INFO ][test                     ] Test Get aliases with local flag (indices.get_aliases/10_basic) started
[2014-02-18 15:42:06,399][INFO ][test.rest.junit          ] cleaning up before test [indices.get_aliases/10_basic: Get aliases with local flag]
[2014-02-18 15:42:06,404][INFO ][test.rest.junit          ] start test [indices.get_aliases/10_basic: Get aliases with local flag]
[2014-02-18 15:42:06,404][INFO ][test.rest.junit          ] start setup test [indices.get_aliases/10_basic: Get aliases with local flag]
[2014-02-18 15:42:06,414][INFO ][cluster.metadata         ] [node_0] [test_index] creating index, cause [api], shards [5]/[1], mappings []
[2014-02-18 15:42:06,460][INFO ][cluster.metadata         ] [node_0] [test_index_2] creating index, cause [api], shards [5]/[1], mappings []
[2014-02-18 15:42:06,517][INFO ][test.rest.junit          ] end setup test [indices.get_aliases/10_basic: Get aliases with local flag]
[2014-02-18 15:42:06,520][INFO ][test.rest.junit          ] end test [indices.get_aliases/10_basic: Get aliases with local flag]
[2014-02-18 15:42:06,520][INFO ][test.rest.junit          ] cleaning up after test [indices.get_aliases/10_basic: Get aliases with local flag]
[2014-02-18 15:42:06,522][INFO ][cluster.metadata         ] [node_0] [test_index_2] deleting index
[2014-02-18 15:42:06,534][INFO ][cluster.metadata         ] [node_0] [test_index] deleting index
[2014-02-18 15:42:06,550][INFO ][test                     ] Test Get aliases with local flag (indices.get_aliases/10_basic) finished
[2014-02-18 15:42:06,551][INFO ][test                     ] Test Get all aliases via /_aliases (indices.get_aliases/10_basic) started
[2014-02-18 15:42:06,551][INFO ][test.rest.junit          ] cleaning up before test [indices.get_aliases/10_basic: Get all aliases via /_aliases]
[2014-02-18 15:42:06,557][INFO ][test.rest.junit          ] start test [indices.get_aliases/10_basic: Get all aliases via /_aliases]
[2014-02-18 15:42:06,557][INFO ][test.rest.junit          ] start setup test [indices.get_aliases/10_basic: Get all aliases via /_aliases]
[2014-02-18 15:42:06,567][INFO ][cluster.metadata         ] [node_0] [test_index] creating index, cause [api], shards [5]/[1], mappings []
[2014-02-18 15:42:06,613][INFO ][cluster.metadata         ] [node_0] [test_index_2] creating index, cause [api], shards [5]/[1], mappings []
[2014-02-18 15:42:06,656][INFO ][test.rest.junit          ] end setup test [indices.get_aliases/10_basic: Get all aliases via /_aliases]
[2014-02-18 15:42:06,658][INFO ][test.rest.junit          ] end test [indices.get_aliases/10_basic: Get all aliases via /_aliases]
[2014-02-18 15:42:06,659][INFO ][test.rest.junit          ] cleaning up after test [indices.get_aliases/10_basic: Get all aliases via /_aliases]
[2014-02-18 15:42:06,661][INFO ][cluster.metadata         ] [node_0] [test_index_2] deleting index
[2014-02-18 15:42:06,669][INFO ][cluster.metadata         ] [node_0] [test_index] deleting index
[2014-02-18 15:42:06,685][INFO ][test                     ] Test Get all aliases via /_aliases (indices.get_aliases/10_basic) finished
[2014-02-18 15:42:06,685][INFO ][test                     ] Test Get specific alias via /{index}/_aliases/{name} (indices.get_aliases/10_basic) started
[2014-02-18 15:42:06,686][INFO ][test.rest.junit          ] cleaning up before test [indices.get_aliases/10_basic: Get specific alias via /{index}/_aliases/{name}]
[2014-02-18 15:42:06,690][INFO ][test.rest.junit          ] start test [indices.get_aliases/10_basic: Get specific alias via /{index}/_aliases/{name}]
[2014-02-18 15:42:06,691][INFO ][test.rest.junit          ] start setup test [indices.get_aliases/10_basic: Get specific alias via /{index}/_aliases/{name}]
[2014-02-18 15:42:06,704][INFO ][cluster.metadata         ] [node_0] [test_index] creating index, cause [api], shards [5]/[1], mappings []
[2014-02-18 15:42:06,758][INFO ][cluster.metadata         ] [node_0] [test_index_2] creating index, cause [api], shards [5]/[1], mappings []
[2014-02-18 15:42:06,808][INFO ][test.rest.junit          ] end setup test [indices.get_aliases/10_basic: Get specific alias via /{index}/_aliases/{name}]
[2014-02-18 15:42:06,811][INFO ][test.rest.junit          ] end test [indices.get_aliases/10_basic: Get specific alias via /{index}/_aliases/{name}]
[2014-02-18 15:42:06,811][INFO ][test.rest.junit          ] cleaning up after test [indices.get_aliases/10_basic: Get specific alias via /{index}/_aliases/{name}]
[2014-02-18 15:42:06,813][INFO ][cluster.metadata         ] [node_0] [test_index_2] deleting index
[2014-02-18 15:42:06,822][INFO ][cluster.metadata         ] [node_0] [test_index] deleting index
[2014-02-18 15:42:06,840][INFO ][test                     ] Test Get specific alias via /{index}/_aliases/{name} (indices.get_aliases/10_basic) finished
[2014-02-18 15:42:06,841][INFO ][test                     ] Test Existent and non-existent alias returns just the existing (indices.get_aliases/10_basic) started
[2014-02-18 15:42:06,842][INFO ][test.rest.junit          ] cleaning up before test [indices.get_aliases/10_basic: Existent and non-existent alias returns just the existing]
[2014-02-18 15:42:06,849][INFO ][test.rest.junit          ] start test [indices.get_aliases/10_basic: Existent and non-existent alias returns just the existing]
[2014-02-18 15:42:06,849][INFO ][test.rest.junit          ] start setup test [indices.get_aliases/10_basic: Existent and non-existent alias returns just the existing]
[2014-02-18 15:42:06,867][INFO ][cluster.metadata         ] [node_0] [test_index] creating index, cause [api], shards [5]/[1], mappings []
[2014-02-18 15:42:06,939][INFO ][cluster.metadata         ] [node_0] [test_index_2] creating index, cause [api], shards [5]/[1], mappings []
[2014-02-18 15:42:07,027][INFO ][test.rest.junit          ] end setup test [indices.get_aliases/10_basic: Existent and non-existent alias returns just the existing]
[2014-02-18 15:42:07,030][INFO ][test.rest.junit          ] end test [indices.get_aliases/10_basic: Existent and non-existent alias returns just the existing]
[2014-02-18 15:42:07,031][INFO ][test.rest.junit          ] cleaning up after test [indices.get_aliases/10_basic: Existent and non-existent alias returns just the existing]
[2014-02-18 15:42:07,034][INFO ][cluster.metadata         ] [node_0] [test_index_2] deleting index
[2014-02-18 15:42:07,076][INFO ][cluster.metadata         ] [node_0] [test_index] deleting index
[2014-02-18 15:42:07,100][INFO ][test                     ] Test Existent and non-existent alias returns just the existing (indices.get_aliases/10_basic) finished
[2014-02-18 15:42:07,101][INFO ][test                     ] Test Get aliases via /*/_aliases/{name} (indices.get_aliases/10_basic) started
[2014-02-18 15:42:07,101][INFO ][test.rest.junit          ] cleaning up before test [indices.get_aliases/10_basic: Get aliases via /*/_aliases/{name}]
[2014-02-18 15:42:07,110][INFO ][test.rest.junit          ] start test [indices.get_aliases/10_basic: Get aliases via /*/_aliases/{name}]
[2014-02-18 15:42:07,111][INFO ][test.rest.junit          ] start setup test [indices.get_aliases/10_basic: Get aliases via /*/_aliases/{name}]
[2014-02-18 15:42:07,126][INFO ][cluster.metadata         ] [node_0] [test_index] creating index, cause [api], shards [5]/[1], mappings []
[2014-02-18 15:42:07,186][INFO ][cluster.metadata         ] [node_0] [test_index_2] creating index, cause [api], shards [5]/[1], mappings []
[2014-02-18 15:42:07,254][INFO ][test.rest.junit          ] end setup test [indices.get_aliases/10_basic: Get aliases via /*/_aliases/{name}]
[2014-02-18 15:42:07,257][INFO ][test.rest.junit          ] end test [indices.get_aliases/10_basic: Get aliases via /*/_aliases/{name}]
[2014-02-18 15:42:07,257][INFO ][test.rest.junit          ] cleaning up after test [indices.get_aliases/10_basic: Get aliases via /*/_aliases/{name}]
[2014-02-18 15:42:07,259][INFO ][cluster.metadata         ] [node_0] [test_index_2] deleting index
[2014-02-18 15:42:07,271][INFO ][cluster.metadata         ] [node_0] [test_index] deleting index
[2014-02-18 15:42:07,285][INFO ][test                     ] Test Get aliases via /*/_aliases/{name} (indices.get_aliases/10_basic) finished
[2014-02-18 15:42:07,285][INFO ][test.rest.junit          ] skipped test [indices.get_aliases/10_basic/Getting alias on an non-existent index should return 404]
reason: not implemented yet
skip versions: 1 - 999 (current version: 1.0.0)
[2014-02-18 15:42:07,285][INFO ][test                     ] Test Get aliases via /name,name/_aliases/{name} (indices.get_aliases/10_basic) started
[2014-02-18 15:42:07,286][INFO ][test.rest.junit          ] cleaning up before test [indices.get_aliases/10_basic: Get aliases via /name,name/_aliases/{name}]
[2014-02-18 15:42:07,291][INFO ][test.rest.junit          ] start test [indices.get_aliases/10_basic: Get aliases via /name,name/_aliases/{name}]
[2014-02-18 15:42:07,291][INFO ][test.rest.junit          ] start setup test [indices.get_aliases/10_basic: Get aliases via /name,name/_aliases/{name}]
[2014-02-18 15:42:07,304][INFO ][cluster.metadata         ] [node_0] [test_index] creating index, cause [api], shards [5]/[1], mappings []
[2014-02-18 15:42:07,347][INFO ][cluster.metadata         ] [node_0] [test_index_2] creating index, cause [api], shards [5]/[1], mappings []
[2014-02-18 15:42:07,408][INFO ][test.rest.junit          ] end setup test [indices.get_aliases/10_basic: Get aliases via /name,name/_aliases/{name}]
[2014-02-18 15:42:07,411][INFO ][test.rest.junit          ] end test [indices.get_aliases/10_basic: Get aliases via /name,name/_aliases/{name}]
[2014-02-18 15:42:07,411][INFO ][test.rest.junit          ] cleaning up after test [indices.get_aliases/10_basic: Get aliases via /name,name/_aliases/{name}]
[2014-02-18 15:42:07,413][INFO ][cluster.metadata         ] [node_0] [test_index_2] deleting index
[2014-02-18 15:42:07,424][INFO ][cluster.metadata         ] [node_0] [test_index] deleting index
[2014-02-18 15:42:07,441][INFO ][test                     ] Test Get aliases via /name,name/_aliases/{name} (indices.get_aliases/10_basic) finished
[2014-02-18 15:42:07,442][INFO ][test                     ] Test Get aliases via /_all/_aliases/{name} (indices.get_aliases/10_basic) started
[2014-02-18 15:42:07,442][INFO ][test.rest.junit          ] cleaning up before test [indices.get_aliases/10_basic: Get aliases via /_all/_aliases/{name}]
[2014-02-18 15:42:07,447][INFO ][test.rest.junit          ] start test [indices.get_aliases/10_basic: Get aliases via /_all/_aliases/{name}]
[2014-02-18 15:42:07,447][INFO ][test.rest.junit          ] start setup test [indices.get_aliases/10_basic: Get aliases via /_all/_aliases/{name}]
[2014-02-18 15:42:07,457][INFO ][cluster.metadata         ] [node_0] [test_index] creating index, cause [api], shards [5]/[1], mappings []
[2014-02-18 15:42:07,512][INFO ][cluster.metadata         ] [node_0] [test_index_2] creating index, cause [api], shards [5]/[1], mappings []
[2014-02-18 15:42:07,562][INFO ][test.rest.junit          ] end setup test [indices.get_aliases/10_basic: Get aliases via /_all/_aliases/{name}]
[2014-02-18 15:42:07,565][INFO ][test.rest.junit          ] end test [indices.get_aliases/10_basic: Get aliases via /_all/_aliases/{name}]
[2014-02-18 15:42:07,565][INFO ][test.rest.junit          ] cleaning up after test [indices.get_aliases/10_basic: Get aliases via /_all/_aliases/{name}]
[2014-02-18 15:42:07,567][INFO ][cluster.metadata         ] [node_0] [test_index_2] deleting index
[2014-02-18 15:42:07,577][INFO ][cluster.metadata         ] [node_0] [test_index] deleting index
[2014-02-18 15:42:07,594][INFO ][test                     ] Test Get aliases via /_all/_aliases/{name} (indices.get_aliases/10_basic) finished
[2014-02-18 15:42:07,595][INFO ][test                     ] Test Basic (get/10_basic) started
[2014-02-18 15:42:07,595][INFO ][test.rest.junit          ] cleaning up before test [get/10_basic: Basic]
[2014-02-18 15:42:07,600][INFO ][test.rest.junit          ] start test [get/10_basic: Basic]
[2014-02-18 15:42:07,610][INFO ][cluster.metadata         ] [node_0] [test_1] creating index, cause [auto(index api)], shards [5]/[1], mappings []
[2014-02-18 15:42:07,643][INFO ][cluster.metadata         ] [node_0] [test_1] update_mapping [test] (dynamic)
[2014-02-18 15:42:07,650][INFO ][test.rest.junit          ] end test [get/10_basic: Basic]
[2014-02-18 15:42:07,650][INFO ][test.rest.junit          ] cleaning up after test [get/10_basic: Basic]
[2014-02-18 15:42:07,652][INFO ][cluster.metadata         ] [node_0] [test_1] deleting index
[2014-02-18 15:42:07,664][INFO ][test                     ] Test Basic (get/10_basic) finished
[2014-02-18 15:42:07,664][INFO ][test                     ] Test Parent (get/30_parent) started
[2014-02-18 15:42:07,664][INFO ][test.rest.junit          ] cleaning up before test [get/30_parent: Parent]
[2014-02-18 15:42:07,669][INFO ][test.rest.junit          ] start test [get/30_parent: Parent]
[2014-02-18 15:42:07,669][INFO ][test.rest.junit          ] start setup test [get/30_parent: Parent]
[2014-02-18 15:42:07,679][INFO ][cluster.metadata         ] [node_0] [test_1] creating index, cause [api], shards [5]/[1], mappings [test]
[2014-02-18 15:42:07,914][INFO ][cluster.metadata         ] [node_0] [test_1] update_mapping [test] (dynamic)
[2014-02-18 15:42:07,916][INFO ][test.rest.junit          ] end setup test [get/30_parent: Parent]
[2014-02-18 15:42:07,919][INFO ][test.rest.junit          ] end test [get/30_parent: Parent]
[2014-02-18 15:42:07,919][INFO ][test.rest.junit          ] cleaning up after test [get/30_parent: Parent]
[2014-02-18 15:42:07,921][INFO ][cluster.metadata         ] [node_0] [test_1] deleting index
[2014-02-18 15:42:07,932][INFO ][test                     ] Test Parent (get/30_parent) finished
[2014-02-18 15:42:07,933][INFO ][test                     ] Test Parent omitted (get/30_parent) started
[2014-02-18 15:42:07,933][INFO ][test.rest.junit          ] cleaning up before test [get/30_parent: Parent omitted]
[2014-02-18 15:42:07,937][INFO ][test.rest.junit          ] start test [get/30_parent: Parent omitted]
[2014-02-18 15:42:07,937][INFO ][test.rest.junit          ] start setup test [get/30_parent: Parent omitted]
[2014-02-18 15:42:07,948][INFO ][cluster.metadata         ] [node_0] [test_1] creating index, cause [api], shards [5]/[1], mappings [test]
[2014-02-18 15:42:08,182][INFO ][cluster.metadata         ] [node_0] [test_1] update_mapping [test] (dynamic)
[2014-02-18 15:42:08,183][INFO ][test.rest.junit          ] end setup test [get/30_parent: Parent omitted]
[2014-02-18 15:42:08,185][INFO ][test.rest.junit          ] end test [get/30_parent: Parent omitted]
[2014-02-18 15:42:08,185][INFO ][test.rest.junit          ] cleaning up after test [get/30_parent: Parent omitted]
[2014-02-18 15:42:08,187][INFO ][cluster.metadata         ] [node_0] [test_1] deleting index
[2014-02-18 15:42:08,199][INFO ][test                     ] Test Parent omitted (get/30_parent) finished
[2014-02-18 15:42:08,200][INFO ][test                     ] Test Fields (get/20_fields) started
[2014-02-18 15:42:08,200][INFO ][test.rest.junit          ] cleaning up before test [get/20_fields: Fields]
[2014-02-18 15:42:08,205][INFO ][test.rest.junit          ] start test [get/20_fields: Fields]
[2014-02-18 15:42:08,220][INFO ][cluster.metadata         ] [node_0] [test_1] creating index, cause [auto(index api)], shards [5]/[1], mappings []
[2014-02-18 15:42:08,273][INFO ][cluster.metadata         ] [node_0] [test_1] update_mapping [test] (dynamic)
[2014-02-18 15:42:08,320][INFO ][test.rest.junit          ] end test [get/20_fields: Fields]
[2014-02-18 15:42:08,320][INFO ][test.rest.junit          ] cleaning up after test [get/20_fields: Fields]
[2014-02-18 15:42:08,322][INFO ][cluster.metadata         ] [node_0] [test_1] deleting index
[2014-02-18 15:42:08,335][INFO ][test                     ] Test Fields (get/20_fields) finished
[2014-02-18 15:42:08,335][INFO ][test                     ] Test Missing document with catch (get/80_missing) started
[2014-02-18 15:42:08,336][INFO ][test.rest.junit          ] cleaning up before test [get/80_missing: Missing document with catch]
[2014-02-18 15:42:08,340][INFO ][test.rest.junit          ] start test [get/80_missing: Missing document with catch]
[2014-02-18 15:42:08,343][INFO ][test.rest.junit          ] end test [get/80_missing: Missing document with catch]
[2014-02-18 15:42:08,343][INFO ][test.rest.junit          ] cleaning up after test [get/80_missing: Missing document with catch]
[2014-02-18 15:42:08,348][INFO ][test                     ] Test Missing document with catch (get/80_missing) finished
[2014-02-18 15:42:08,348][INFO ][test                     ] Test Missing document with ignore (get/80_missing) started
[2014-02-18 15:42:08,349][INFO ][test.rest.junit          ] cleaning up before test [get/80_missing: Missing document with ignore]
[2014-02-18 15:42:08,354][INFO ][test.rest.junit          ] start test [get/80_missing: Missing document with ignore]
[2014-02-18 15:42:08,356][INFO ][test.rest.junit          ] end test [get/80_missing: Missing document with ignore]
[2014-02-18 15:42:08,356][INFO ][test.rest.junit          ] cleaning up after test [get/80_missing: Missing document with ignore]
[2014-02-18 15:42:08,360][INFO ][test                     ] Test Missing document with ignore (get/80_missing) finished
[2014-02-18 15:42:08,361][INFO ][test                     ] Test Source filtering (get/70_source_filtering) started
[2014-02-18 15:42:08,362][INFO ][test.rest.junit          ] cleaning up before test [get/70_source_filtering: Source filtering]
[2014-02-18 15:42:08,367][INFO ][test.rest.junit          ] start test [get/70_source_filtering: Source filtering]
[2014-02-18 15:42:08,378][INFO ][cluster.metadata         ] [node_0] [test_1] creating index, cause [auto(index api)], shards [5]/[1], mappings []
[2014-02-18 15:42:08,446][INFO ][cluster.metadata         ] [node_0] [test_1] update_mapping [test] (dynamic)
[2014-02-18 15:42:08,473][INFO ][test.rest.junit          ] end test [get/70_source_filtering: Source filtering]
[2014-02-18 15:42:08,473][INFO ][test.rest.junit          ] cleaning up after test [get/70_source_filtering: Source filtering]
[2014-02-18 15:42:08,477][INFO ][cluster.metadata         ] [node_0] [test_1] deleting index
[2014-02-18 15:42:08,501][INFO ][test                     ] Test Source filtering (get/70_source_filtering) finished
[2014-02-18 15:42:08,502][INFO ][test                     ] Test Routing (get/40_routing) started
[2014-02-18 15:42:08,502][INFO ][test.rest.junit          ] cleaning up before test [get/40_routing: Routing]
[2014-02-18 15:42:08,507][INFO ][test.rest.junit          ] start test [get/40_routing: Routing]
[2014-02-18 15:42:08,523][INFO ][cluster.metadata         ] [node_0] [test_1] creating index, cause [api], shards [5]/[0], mappings []
[2014-02-18 15:42:08,801][INFO ][cluster.metadata         ] [node_0] [test_1] update_mapping [test] (dynamic)
[2014-02-18 15:42:08,810][INFO ][test.rest.junit          ] end test [get/40_routing: Routing]
[2014-02-18 15:42:08,811][INFO ][test.rest.junit          ] cleaning up after test [get/40_routing: Routing]
[2014-02-18 15:42:08,813][INFO ][cluster.metadata         ] [node_0] [test_1] deleting index
[2014-02-18 15:42:08,832][INFO ][test                     ] Test Routing (get/40_routing) finished
[2014-02-18 15:42:08,833][INFO ][test                     ] Test Parent with routing (get/55_parent_with_routing) started
[2014-02-18 15:42:08,833][INFO ][test.rest.junit          ] cleaning up before test [get/55_parent_with_routing: Parent with routing]
[2014-02-18 15:42:08,840][INFO ][test.rest.junit          ] start test [get/55_parent_with_routing: Parent with routing]
[2014-02-18 15:42:08,853][INFO ][cluster.metadata         ] [node_0] [test_1] creating index, cause [api], shards [5]/[0], mappings [test]
[2014-02-18 15:42:09,111][INFO ][cluster.metadata         ] [node_0] [test_1] update_mapping [test] (dynamic)
[2014-02-18 15:42:09,128][INFO ][test.rest.junit          ] end test [get/55_parent_with_routing: Parent with routing]
[2014-02-18 15:42:09,129][INFO ][test.rest.junit          ] cleaning up after test [get/55_parent_with_routing: Parent with routing]
[2014-02-18 15:42:09,133][INFO ][cluster.metadata         ] [node_0] [test_1] deleting index
[2014-02-18 15:42:09,156][INFO ][test                     ] Test Parent with routing (get/55_parent_with_routing) finished
[2014-02-18 15:42:09,156][INFO ][test                     ] Test Default values (get/15_default_values) started
[2014-02-18 15:42:09,157][INFO ][test.rest.junit          ] cleaning up before test [get/15_default_values: Default values]
[2014-02-18 15:42:09,164][INFO ][test.rest.junit          ] start test [get/15_default_values: Default values]
[2014-02-18 15:42:09,189][INFO ][cluster.metadata         ] [node_0] [test_1] creating index, cause [auto(index api)], shards [5]/[1], mappings []
[2014-02-18 15:42:09,378][INFO ][cluster.metadata         ] [node_0] [test_1] update_mapping [test] (dynamic)
[2014-02-18 15:42:09,389][INFO ][test.rest.junit          ] end test [get/15_default_values: Default values]
[2014-02-18 15:42:09,389][INFO ][test.rest.junit          ] cleaning up after test [get/15_default_values: Default values]
[2014-02-18 15:42:09,400][INFO ][cluster.metadata         ] [node_0] [test_1] deleting index
[2014-02-18 15:42:09,418][INFO ][test                     ] Test Default values (get/15_default_values) finished
[2014-02-18 15:42:09,419][INFO ][test                     ] Test Realtime Refresh (get/60_realtime_refresh) started
[2014-02-18 15:42:09,419][INFO ][test.rest.junit          ] cleaning up before test [get/60_realtime_refresh: Realtime Refresh]
[2014-02-18 15:42:09,425][INFO ][test.rest.junit          ] start test [get/60_realtime_refresh: Realtime Refresh]
[2014-02-18 15:42:09,442][INFO ][cluster.metadata         ] [node_0] [test_1] creating index, cause [api], shards [5]/[0], mappings []
[2014-02-18 15:42:09,766][INFO ][cluster.metadata         ] [node_0] [test_1] update_mapping [test] (dynamic)
[2014-02-18 15:42:09,828][INFO ][test.rest.junit          ] end test [get/60_realtime_refresh: Realtime Refresh]
[2014-02-18 15:42:09,828][INFO ][test.rest.junit          ] cleaning up after test [get/60_realtime_refresh: Realtime Refresh]
[2014-02-18 15:42:09,831][INFO ][cluster.metadata         ] [node_0] [test_1] deleting index
[2014-02-18 15:42:09,852][INFO ][test                     ] Test Realtime Refresh (get/60_realtime_refresh) finished
[2014-02-18 15:42:09,852][INFO ][test                     ] Test Help (cat.allocation/10_basic) started
[2014-02-18 15:42:09,852][INFO ][test.rest.junit          ] cleaning up before test [cat.allocation/10_basic: Help]
[2014-02-18 15:42:09,860][INFO ][test.rest.junit          ] start test [cat.allocation/10_basic: Help]
[2014-02-18 15:42:09,860][INFO ][test.rest.junit          ] start setup test [cat.allocation/10_basic: Help]
[2014-02-18 15:42:09,860][INFO ][test.rest.junit          ] end setup test [cat.allocation/10_basic: Help]
[2014-02-18 15:42:09,862][INFO ][test.rest.junit          ] end test [cat.allocation/10_basic: Help]
[2014-02-18 15:42:09,863][INFO ][test.rest.junit          ] cleaning up after test [cat.allocation/10_basic: Help]
[2014-02-18 15:42:09,867][INFO ][test                     ] Test Help (cat.allocation/10_basic) finished
[2014-02-18 15:42:09,867][INFO ][test                     ] Test Column headers (cat.allocation/10_basic) started
[2014-02-18 15:42:09,867][INFO ][test.rest.junit          ] cleaning up before test [cat.allocation/10_basic: Column headers]
[2014-02-18 15:42:09,874][INFO ][test.rest.junit          ] start test [cat.allocation/10_basic: Column headers]
[2014-02-18 15:42:09,874][INFO ][test.rest.junit          ] start setup test [cat.allocation/10_basic: Column headers]
[2014-02-18 15:42:09,875][INFO ][test.rest.junit          ] end setup test [cat.allocation/10_basic: Column headers]
[2014-02-18 15:42:09,882][INFO ][test.rest.junit          ] end test [cat.allocation/10_basic: Column headers]
[2014-02-18 15:42:09,882][INFO ][test.rest.junit          ] cleaning up after test [cat.allocation/10_basic: Column headers]
[2014-02-18 15:42:09,889][INFO ][test                     ] Test Column headers (cat.allocation/10_basic) finished
[2014-02-18 15:42:09,890][INFO ][test                     ] Test One index (cat.allocation/10_basic) started
[2014-02-18 15:42:09,890][INFO ][test.rest.junit          ] cleaning up before test [cat.allocation/10_basic: One index]
[2014-02-18 15:42:09,895][INFO ][test.rest.junit          ] start test [cat.allocation/10_basic: One index]
[2014-02-18 15:42:09,895][INFO ][test.rest.junit          ] start setup test [cat.allocation/10_basic: One index]
[2014-02-18 15:42:09,895][INFO ][test.rest.junit          ] end setup test [cat.allocation/10_basic: One index]
[2014-02-18 15:42:09,910][INFO ][cluster.metadata         ] [node_0] [test] creating index, cause [api], shards [5]/[1], mappings []
[2014-02-18 15:42:10,981][INFO ][test.rest.junit          ] end test [cat.allocation/10_basic: One index]
[2014-02-18 15:42:10,981][INFO ][test.rest.junit          ] cleaning up after test [cat.allocation/10_basic: One index]
[2014-02-18 15:42:10,983][INFO ][cluster.metadata         ] [node_0] [test] deleting index
[2014-02-18 15:42:11,002][INFO ][test                     ] Test One index (cat.allocation/10_basic) finished
[2014-02-18 15:42:11,002][INFO ][test                     ] Test Select columns (cat.allocation/10_basic) started
[2014-02-18 15:42:11,003][INFO ][test.rest.junit          ] cleaning up before test [cat.allocation/10_basic: Select columns]
[2014-02-18 15:42:11,009][INFO ][test.rest.junit          ] start test [cat.allocation/10_basic: Select columns]
[2014-02-18 15:42:11,010][INFO ][test.rest.junit          ] start setup test [cat.allocation/10_basic: Select columns]
[2014-02-18 15:42:11,010][INFO ][test.rest.junit          ] end setup test [cat.allocation/10_basic: Select columns]
[2014-02-18 15:42:11,021][INFO ][test.rest.junit          ] end test [cat.allocation/10_basic: Select columns]
[2014-02-18 15:42:11,021][INFO ][test.rest.junit          ] cleaning up after test [cat.allocation/10_basic: Select columns]
[2014-02-18 15:42:11,032][INFO ][test                     ] Test Select columns (cat.allocation/10_basic) finished
[2014-02-18 15:42:11,032][INFO ][test                     ] Test Node ID (cat.allocation/10_basic) started
[2014-02-18 15:42:11,033][INFO ][test.rest.junit          ] cleaning up before test [cat.allocation/10_basic: Node ID]
[2014-02-18 15:42:11,039][INFO ][test.rest.junit          ] start test [cat.allocation/10_basic: Node ID]
[2014-02-18 15:42:11,039][INFO ][test.rest.junit          ] start setup test [cat.allocation/10_basic: Node ID]
[2014-02-18 15:42:11,039][INFO ][test.rest.junit          ] end setup test [cat.allocation/10_basic: Node ID]
[2014-02-18 15:42:11,047][INFO ][test.rest.junit          ] end test [cat.allocation/10_basic: Node ID]
[2014-02-18 15:42:11,047][INFO ][test.rest.junit          ] cleaning up after test [cat.allocation/10_basic: Node ID]
[2014-02-18 15:42:11,059][INFO ][test                     ] Test Node ID (cat.allocation/10_basic) finished
[2014-02-18 15:42:11,060][INFO ][test                     ] Test Bytes (cat.allocation/10_basic) started
[2014-02-18 15:42:11,061][INFO ][test.rest.junit          ] cleaning up before test [cat.allocation/10_basic: Bytes]
[2014-02-18 15:42:11,068][INFO ][test.rest.junit          ] start test [cat.allocation/10_basic: Bytes]
[2014-02-18 15:42:11,069][INFO ][test.rest.junit          ] start setup test [cat.allocation/10_basic: Bytes]
[2014-02-18 15:42:11,069][INFO ][test.rest.junit          ] end setup test [cat.allocation/10_basic: Bytes]
[2014-02-18 15:42:11,072][INFO ][test.rest.junit          ] end test [cat.allocation/10_basic: Bytes]
[2014-02-18 15:42:11,072][INFO ][test.rest.junit          ] cleaning up after test [cat.allocation/10_basic: Bytes]
[2014-02-18 15:42:11,078][INFO ][test                     ] Test Bytes (cat.allocation/10_basic) finished
[2014-02-18 15:42:11,079][INFO ][test                     ] Test Empty cluster (cat.allocation/10_basic) started
[2014-02-18 15:42:11,079][INFO ][test.rest.junit          ] cleaning up before test [cat.allocation/10_basic: Empty cluster]
[2014-02-18 15:42:11,085][INFO ][test.rest.junit          ] start test [cat.allocation/10_basic: Empty cluster]
[2014-02-18 15:42:11,086][INFO ][test.rest.junit          ] start setup test [cat.allocation/10_basic: Empty cluster]
[2014-02-18 15:42:11,086][INFO ][test.rest.junit          ] end setup test [cat.allocation/10_basic: Empty cluster]
[2014-02-18 15:42:11,089][INFO ][test.rest.junit          ] end test [cat.allocation/10_basic: Empty cluster]
[2014-02-18 15:42:11,089][INFO ][test.rest.junit          ] cleaning up after test [cat.allocation/10_basic: Empty cluster]
[2014-02-18 15:42:11,096][INFO ][test                     ] Test Empty cluster (cat.allocation/10_basic) finished
[2014-02-18 15:42:11,097][INFO ][test                     ] Test Getting settings for aliases should return the real index as key (indices.get_settings/20_aliases) started
[2014-02-18 15:42:11,097][INFO ][test.rest.junit          ] cleaning up before test [indices.get_settings/20_aliases: Getting settings for aliases should return the real index as key]
[2014-02-18 15:42:11,104][INFO ][test.rest.junit          ] start test [indices.get_settings/20_aliases: Getting settings for aliases should return the real index as key]
[2014-02-18 15:42:11,119][INFO ][cluster.metadata         ] [node_0] [test-index] creating index, cause [api], shards [2]/[3], mappings []
[2014-02-18 15:42:11,148][INFO ][test.rest.junit          ] end test [indices.get_settings/20_aliases: Getting settings for aliases should return the real index as key]
[2014-02-18 15:42:11,149][INFO ][test.rest.junit          ] cleaning up after test [indices.get_settings/20_aliases: Getting settings for aliases should return the real index as key]
[2014-02-18 15:42:11,152][INFO ][cluster.metadata         ] [node_0] [test-index] deleting index
[2014-02-18 15:42:11,165][INFO ][test                     ] Test Getting settings for aliases should return the real index as key (indices.get_settings/20_aliases) finished
[2014-02-18 15:42:11,165][INFO ][test                     ] Test Get /{index}/_settings/* (indices.get_settings/10_basic) started
[2014-02-18 15:42:11,165][INFO ][test.rest.junit          ] cleaning up before test [indices.get_settings/10_basic: Get /{index}/_settings/*]
[2014-02-18 15:42:11,171][INFO ][test.rest.junit          ] start test [indices.get_settings/10_basic: Get /{index}/_settings/*]
[2014-02-18 15:42:11,171][INFO ][test.rest.junit          ] start setup test [indices.get_settings/10_basic: Get /{index}/_settings/*]
[2014-02-18 15:42:11,186][INFO ][cluster.metadata         ] [node_0] [test_1] creating index, cause [api], shards [5]/[1], mappings []
[2014-02-18 15:42:11,242][INFO ][cluster.metadata         ] [node_0] [test_2] creating index, cause [api], shards [5]/[1], mappings []
[2014-02-18 15:42:11,269][INFO ][test.rest.junit          ] end setup test [indices.get_settings/10_basic: Get /{index}/_settings/*]
[2014-02-18 15:42:11,272][INFO ][test.rest.junit          ] end test [indices.get_settings/10_basic: Get /{index}/_settings/*]
[2014-02-18 15:42:11,272][INFO ][test.rest.junit          ] cleaning up after test [indices.get_settings/10_basic: Get /{index}/_settings/*]
[2014-02-18 15:42:11,279][INFO ][cluster.metadata         ] [node_0] [test_2] deleting index
[2014-02-18 15:42:11,293][INFO ][cluster.metadata         ] [node_0] [test_1] deleting index
[2014-02-18 15:42:11,310][INFO ][test                     ] Test Get /{index}/_settings/* (indices.get_settings/10_basic) finished
[2014-02-18 15:42:11,310][INFO ][test                     ] Test Get /{index}/_settings/_all (indices.get_settings/10_basic) started
[2014-02-18 15:42:11,311][INFO ][test.rest.junit          ] cleaning up before test [indices.get_settings/10_basic: Get /{index}/_settings/_all]
[2014-02-18 15:42:11,316][INFO ][test.rest.junit          ] start test [indices.get_settings/10_basic: Get /{index}/_settings/_all]
[2014-02-18 15:42:11,317][INFO ][test.rest.junit          ] start setup test [indices.get_settings/10_basic: Get /{index}/_settings/_all]
[2014-02-18 15:42:11,330][INFO ][cluster.metadata         ] [node_0] [test_1] creating index, cause [api], shards [5]/[1], mappings []
[2014-02-18 15:42:11,368][INFO ][cluster.metadata         ] [node_0] [test_2] creating index, cause [api], shards [5]/[1], mappings []
[2014-02-18 15:42:11,391][INFO ][test.rest.junit          ] end setup test [indices.get_settings/10_basic: Get /{index}/_settings/_all]
[2014-02-18 15:42:11,394][INFO ][test.rest.junit          ] end test [indices.get_settings/10_basic: Get /{index}/_settings/_all]
[2014-02-18 15:42:11,394][INFO ][test.rest.junit          ] cleaning up after test [indices.get_settings/10_basic: Get /{index}/_settings/_all]
[2014-02-18 15:42:11,400][INFO ][cluster.metadata         ] [node_0] [test_2] deleting index
[2014-02-18 15:42:11,417][INFO ][cluster.metadata         ] [node_0] [test_1] deleting index
[2014-02-18 15:42:11,435][INFO ][test                     ] Test Get /{index}/_settings/_all (indices.get_settings/10_basic) finished
[2014-02-18 15:42:11,436][INFO ][test                     ] Test Get /{index}/_settings/{name} (indices.get_settings/10_basic) started
[2014-02-18 15:42:11,436][INFO ][test.rest.junit          ] cleaning up before test [indices.get_settings/10_basic: Get /{index}/_settings/{name}]
[2014-02-18 15:42:11,441][INFO ][test.rest.junit          ] start test [indices.get_settings/10_basic: Get /{index}/_settings/{name}]
[2014-02-18 15:42:11,441][INFO ][test.rest.junit          ] start setup test [indices.get_settings/10_basic: Get /{index}/_settings/{name}]
[2014-02-18 15:42:11,452][INFO ][cluster.metadata         ] [node_0] [test_1] creating index, cause [api], shards [5]/[1], mappings []
[2014-02-18 15:42:11,493][INFO ][cluster.metadata         ] [node_0] [test_2] creating index, cause [api], shards [5]/[1], mappings []
[2014-02-18 15:42:11,520][INFO ][test.rest.junit          ] end setup test [indices.get_settings/10_basic: Get /{index}/_settings/{name}]
[2014-02-18 15:42:11,522][INFO ][test.rest.junit          ] end test [indices.get_settings/10_basic: Get /{index}/_settings/{name}]
[2014-02-18 15:42:11,523][INFO ][test.rest.junit          ] cleaning up after test [indices.get_settings/10_basic: Get /{index}/_settings/{name}]
[2014-02-18 15:42:11,530][INFO ][cluster.metadata         ] [node_0] [test_2] deleting index
[2014-02-18 15:42:11,543][INFO ][cluster.metadata         ] [node_0] [test_1] deleting index
[2014-02-18 15:42:11,560][INFO ][test                     ] Test Get /{index}/_settings/{name} (indices.get_settings/10_basic) finished
[2014-02-18 15:42:11,561][INFO ][test                     ] Test Get /{index}/_settings (indices.get_settings/10_basic) started
[2014-02-18 15:42:11,561][INFO ][test.rest.junit          ] cleaning up before test [indices.get_settings/10_basic: Get /{index}/_settings]
[2014-02-18 15:42:11,567][INFO ][test.rest.junit          ] start test [indices.get_settings/10_basic: Get /{index}/_settings]
[2014-02-18 15:42:11,567][INFO ][test.rest.junit          ] start setup test [indices.get_settings/10_basic: Get /{index}/_settings]
[2014-02-18 15:42:11,578][INFO ][cluster.metadata         ] [node_0] [test_1] creating index, cause [api], shards [5]/[1], mappings []
[2014-02-18 15:42:11,617][INFO ][cluster.metadata         ] [node_0] [test_2] creating index, cause [api], shards [5]/[1], mappings []
[2014-02-18 15:42:11,641][INFO ][test.rest.junit          ] end setup test [indices.get_settings/10_basic: Get /{index}/_settings]
[2014-02-18 15:42:11,643][INFO ][test.rest.junit          ] end test [indices.get_settings/10_basic: Get /{index}/_settings]
[2014-02-18 15:42:11,644][INFO ][test.rest.junit          ] cleaning up after test [indices.get_settings/10_basic: Get /{index}/_settings]
[2014-02-18 15:42:11,649][INFO ][cluster.metadata         ] [node_0] [test_2] deleting index
[2014-02-18 15:42:11,667][INFO ][cluster.metadata         ] [node_0] [test_1] deleting index
[2014-02-18 15:42:11,684][INFO ][test                     ] Test Get /{index}/_settings (indices.get_settings/10_basic) finished
[2014-02-18 15:42:11,685][INFO ][test                     ] Test Get /*/_settings/{name} (indices.get_settings/10_basic) started
[2014-02-18 15:42:11,685][INFO ][test.rest.junit          ] cleaning up before test [indices.get_settings/10_basic: Get /*/_settings/{name}]
[2014-02-18 15:42:11,689][INFO ][test.rest.junit          ] start test [indices.get_settings/10_basic: Get /*/_settings/{name}]
[2014-02-18 15:42:11,689][INFO ][test.rest.junit          ] start setup test [indices.get_settings/10_basic: Get /*/_settings/{name}]
[2014-02-18 15:42:11,701][INFO ][cluster.metadata         ] [node_0] [test_1] creating index, cause [api], shards [5]/[1], mappings []
[2014-02-18 15:42:11,739][INFO ][cluster.metadata         ] [node_0] [test_2] creating index, cause [api], shards [5]/[1], mappings []
[2014-02-18 15:42:11,769][INFO ][test.rest.junit          ] end setup test [indices.get_settings/10_basic: Get /*/_settings/{name}]
[2014-02-18 15:42:11,771][INFO ][test.rest.junit          ] end test [indices.get_settings/10_basic: Get /*/_settings/{name}]
[2014-02-18 15:42:11,772][INFO ][test.rest.junit          ] cleaning up after test [indices.get_settings/10_basic: Get /*/_settings/{name}]
[2014-02-18 15:42:11,779][INFO ][cluster.metadata         ] [node_0] [test_2] deleting index
[2014-02-18 15:42:11,803][INFO ][cluster.metadata         ] [node_0] [test_1] deleting index
[2014-02-18 15:42:11,819][INFO ][test                     ] Test Get /*/_settings/{name} (indices.get_settings/10_basic) finished
[2014-02-18 15:42:11,820][INFO ][test                     ] Test Get /_settings/{name} (indices.get_settings/10_basic) started
[2014-02-18 15:42:11,820][INFO ][test.rest.junit          ] cleaning up before test [indices.get_settings/10_basic: Get /_settings/{name}]
[2014-02-18 15:42:11,825][INFO ][test.rest.junit          ] start test [indices.get_settings/10_basic: Get /_settings/{name}]
[2014-02-18 15:42:11,825][INFO ][test.rest.junit          ] start setup test [indices.get_settings/10_basic: Get /_settings/{name}]
[2014-02-18 15:42:11,836][INFO ][cluster.metadata         ] [node_0] [test_1] creating index, cause [api], shards [5]/[1], mappings []
[2014-02-18 15:42:11,878][INFO ][cluster.metadata         ] [node_0] [test_2] creating index, cause [api], shards [5]/[1], mappings []
[2014-02-18 15:42:11,900][INFO ][test.rest.junit          ] end setup test [indices.get_settings/10_basic: Get /_settings/{name}]
[2014-02-18 15:42:11,903][INFO ][test.rest.junit          ] end test [indices.get_settings/10_basic: Get /_settings/{name}]
[2014-02-18 15:42:11,903][INFO ][test.rest.junit          ] cleaning up after test [indices.get_settings/10_basic: Get /_settings/{name}]
[2014-02-18 15:42:11,908][INFO ][cluster.metadata         ] [node_0] [test_2] deleting index
[2014-02-18 15:42:11,919][INFO ][cluster.metadata         ] [node_0] [test_1] deleting index
[2014-02-18 15:42:11,930][INFO ][test                     ] Test Get /_settings/{name} (indices.get_settings/10_basic) finished
[2014-02-18 15:42:11,930][INFO ][test                     ] Test Get /{index}/_settings/{name,name} (indices.get_settings/10_basic) started
[2014-02-18 15:42:11,931][INFO ][test.rest.junit          ] cleaning up before test [indices.get_settings/10_basic: Get /{index}/_settings/{name,name}]
[2014-02-18 15:42:11,935][INFO ][test.rest.junit          ] start test [indices.get_settings/10_basic: Get /{index}/_settings/{name,name}]
[2014-02-18 15:42:11,935][INFO ][test.rest.junit          ] start setup test [indices.get_settings/10_basic: Get /{index}/_settings/{name,name}]
[2014-02-18 15:42:11,944][INFO ][cluster.metadata         ] [node_0] [test_1] creating index, cause [api], shards [5]/[1], mappings []
[2014-02-18 15:42:11,986][INFO ][cluster.metadata         ] [node_0] [test_2] creating index, cause [api], shards [5]/[1], mappings []
[2014-02-18 15:42:12,058][INFO ][test.rest.junit          ] end setup test [indices.get_settings/10_basic: Get /{index}/_settings/{name,name}]
[2014-02-18 15:42:12,066][INFO ][test.rest.junit          ] end test [indices.get_settings/10_basic: Get /{index}/_settings/{name,name}]
[2014-02-18 15:42:12,066][INFO ][test.rest.junit          ] cleaning up after test [indices.get_settings/10_basic: Get /{index}/_settings/{name,name}]
[2014-02-18 15:42:12,069][INFO ][cluster.metadata         ] [node_0] [test_2] deleting index
[2014-02-18 15:42:12,097][INFO ][cluster.metadata         ] [node_0] [test_1] deleting index
[2014-02-18 15:42:12,110][INFO ][test                     ] Test Get /{index}/_settings/{name,name} (indices.get_settings/10_basic) finished
[2014-02-18 15:42:12,111][INFO ][test                     ] Test Get /_settings with local flag (indices.get_settings/10_basic) started
[2014-02-18 15:42:12,111][INFO ][test.rest.junit          ] cleaning up before test [indices.get_settings/10_basic: Get /_settings with local flag]
[2014-02-18 15:42:12,115][INFO ][test.rest.junit          ] start test [indices.get_settings/10_basic: Get /_settings with local flag]
[2014-02-18 15:42:12,115][INFO ][test.rest.junit          ] start setup test [indices.get_settings/10_basic: Get /_settings with local flag]
[2014-02-18 15:42:12,125][INFO ][cluster.metadata         ] [node_0] [test_1] creating index, cause [api], shards [5]/[1], mappings []
[2014-02-18 15:42:12,163][INFO ][cluster.metadata         ] [node_0] [test_2] creating index, cause [api], shards [5]/[1], mappings []
[2014-02-18 15:42:12,188][INFO ][test.rest.junit          ] end setup test [indices.get_settings/10_basic: Get /_settings with local flag]
[2014-02-18 15:42:12,191][INFO ][test.rest.junit          ] end test [indices.get_settings/10_basic: Get /_settings with local flag]
[2014-02-18 15:42:12,191][INFO ][test.rest.junit          ] cleaning up after test [indices.get_settings/10_basic: Get /_settings with local flag]
[2014-02-18 15:42:12,196][INFO ][cluster.metadata         ] [node_0] [test_2] deleting index
[2014-02-18 15:42:12,206][INFO ][cluster.metadata         ] [node_0] [test_1] deleting index
[2014-02-18 15:42:12,218][INFO ][test                     ] Test Get /_settings with local flag (indices.get_settings/10_basic) finished
[2014-02-18 15:42:12,218][INFO ][test                     ] Test Get /index,index/_settings/{name} (indices.get_settings/10_basic) started
[2014-02-18 15:42:12,218][INFO ][test.rest.junit          ] cleaning up before test [indices.get_settings/10_basic: Get /index,index/_settings/{name}]
[2014-02-18 15:42:12,222][INFO ][test.rest.junit          ] start test [indices.get_settings/10_basic: Get /index,index/_settings/{name}]
[2014-02-18 15:42:12,223][INFO ][test.rest.junit          ] start setup test [indices.get_settings/10_basic: Get /index,index/_settings/{name}]
[2014-02-18 15:42:12,232][INFO ][cluster.metadata         ] [node_0] [test_1] creating index, cause [api], shards [5]/[1], mappings []
[2014-02-18 15:42:12,285][INFO ][cluster.metadata         ] [node_0] [test_2] creating index, cause [api], shards [5]/[1], mappings []
[2014-02-18 15:42:12,323][INFO ][test.rest.junit          ] end setup test [indices.get_settings/10_basic: Get /index,index/_settings/{name}]
[2014-02-18 15:42:12,326][INFO ][test.rest.junit          ] end test [indices.get_settings/10_basic: Get /index,index/_settings/{name}]
[2014-02-18 15:42:12,326][INFO ][test.rest.junit          ] cleaning up after test [indices.get_settings/10_basic: Get /index,index/_settings/{name}]
[2014-02-18 15:42:12,332][INFO ][cluster.metadata         ] [node_0] [test_2] deleting index
[2014-02-18 15:42:12,354][INFO ][cluster.metadata         ] [node_0] [test_1] deleting index
[2014-02-18 15:42:12,372][INFO ][test                     ] Test Get /index,index/_settings/{name} (indices.get_settings/10_basic) finished
[2014-02-18 15:42:12,373][INFO ][test                     ] Test Get /_all/_settings/{name} (indices.get_settings/10_basic) started
[2014-02-18 15:42:12,373][INFO ][test.rest.junit          ] cleaning up before test [indices.get_settings/10_basic: Get /_all/_settings/{name}]
[2014-02-18 15:42:12,378][INFO ][test.rest.junit          ] start test [indices.get_settings/10_basic: Get /_all/_settings/{name}]
[2014-02-18 15:42:12,379][INFO ][test.rest.junit          ] start setup test [indices.get_settings/10_basic: Get /_all/_settings/{name}]
[2014-02-18 15:42:12,392][INFO ][cluster.metadata         ] [node_0] [test_1] creating index, cause [api], shards [5]/[1], mappings []
[2014-02-18 15:42:12,434][INFO ][cluster.metadata         ] [node_0] [test_2] creating index, cause [api], shards [5]/[1], mappings []
[2014-02-18 15:42:12,458][INFO ][test.rest.junit          ] end setup test [indices.get_settings/10_basic: Get /_all/_settings/{name}]
[2014-02-18 15:42:12,461][INFO ][test.rest.junit          ] end test [indices.get_settings/10_basic: Get /_all/_settings/{name}]
[2014-02-18 15:42:12,461][INFO ][test.rest.junit          ] cleaning up after test [indices.get_settings/10_basic: Get /_all/_settings/{name}]
[2014-02-18 15:42:12,466][INFO ][cluster.metadata         ] [node_0] [test_2] deleting index
[2014-02-18 15:42:12,481][INFO ][cluster.metadata         ] [node_0] [test_1] deleting index
[2014-02-18 15:42:12,499][INFO ][test                     ] Test Get /_all/_settings/{name} (indices.get_settings/10_basic) finished
[2014-02-18 15:42:12,499][INFO ][test                     ] Test Get /{index}/_settings/{name*} (indices.get_settings/10_basic) started
[2014-02-18 15:42:12,500][INFO ][test.rest.junit          ] cleaning up before test [indices.get_settings/10_basic: Get /{index}/_settings/{name*}]
[2014-02-18 15:42:12,505][INFO ][test.rest.junit          ] start test [indices.get_settings/10_basic: Get /{index}/_settings/{name*}]
[2014-02-18 15:42:12,505][INFO ][test.rest.junit          ] start setup test [indices.get_settings/10_basic: Get /{index}/_settings/{name*}]
[2014-02-18 15:42:12,519][INFO ][cluster.metadata         ] [node_0] [test_1] creating index, cause [api], shards [5]/[1], mappings []
[2014-02-18 15:42:12,593][INFO ][cluster.metadata         ] [node_0] [test_2] creating index, cause [api], shards [5]/[1], mappings []
[2014-02-18 15:42:12,617][INFO ][test.rest.junit          ] end setup test [indices.get_settings/10_basic: Get /{index}/_settings/{name*}]
[2014-02-18 15:42:12,620][INFO ][test.rest.junit          ] end test [indices.get_settings/10_basic: Get /{index}/_settings/{name*}]
[2014-02-18 15:42:12,620][INFO ][test.rest.junit          ] cleaning up after test [indices.get_settings/10_basic: Get /{index}/_settings/{name*}]
[2014-02-18 15:42:12,626][INFO ][cluster.metadata         ] [node_0] [test_2] deleting index
[2014-02-18 15:42:12,640][INFO ][cluster.metadata         ] [node_0] [test_1] deleting index
[2014-02-18 15:42:12,658][INFO ][test                     ] Test Get /{index}/_settings/{name*} (indices.get_settings/10_basic) finished
[2014-02-18 15:42:12,658][INFO ][test                     ] Test Get /index*/_settings/{name} (indices.get_settings/10_basic) started
[2014-02-18 15:42:12,658][INFO ][test.rest.junit          ] cleaning up before test [indices.get_settings/10_basic: Get /index*/_settings/{name}]
[2014-02-18 15:42:12,663][INFO ][test.rest.junit          ] start test [indices.get_settings/10_basic: Get /index*/_settings/{name}]
[2014-02-18 15:42:12,664][INFO ][test.rest.junit          ] start setup test [indices.get_settings/10_basic: Get /index*/_settings/{name}]
[2014-02-18 15:42:12,673][INFO ][cluster.metadata         ] [node_0] [test_1] creating index, cause [api], shards [5]/[1], mappings []
[2014-02-18 15:42:12,710][INFO ][cluster.metadata         ] [node_0] [test_2] creating index, cause [api], shards [5]/[1], mappings []
[2014-02-18 15:42:12,749][INFO ][test.rest.junit          ] end setup test [indices.get_settings/10_basic: Get /index*/_settings/{name}]
[2014-02-18 15:42:12,752][INFO ][test.rest.junit          ] end test [indices.get_settings/10_basic: Get /index*/_settings/{name}]
[2014-02-18 15:42:12,753][INFO ][test.rest.junit          ] cleaning up after test [indices.get_settings/10_basic: Get /index*/_settings/{name}]
[2014-02-18 15:42:12,771][INFO ][cluster.metadata         ] [node_0] [test_2] deleting index
[2014-02-18 15:42:12,793][INFO ][cluster.metadata         ] [node_0] [test_1] deleting index
[2014-02-18 15:42:12,806][INFO ][test                     ] Test Get /index*/_settings/{name} (indices.get_settings/10_basic) finished
[2014-02-18 15:42:12,807][INFO ][test                     ] Test Get /_settings (indices.get_settings/10_basic) started
[2014-02-18 15:42:12,807][INFO ][test.rest.junit          ] cleaning up before test [indices.get_settings/10_basic: Get /_settings]
[2014-02-18 15:42:12,812][INFO ][test.rest.junit          ] start test [indices.get_settings/10_basic: Get /_settings]
[2014-02-18 15:42:12,812][INFO ][test.rest.junit          ] start setup test [indices.get_settings/10_basic: Get /_settings]
[2014-02-18 15:42:12,825][INFO ][cluster.metadata         ] [node_0] [test_1] creating index, cause [api], shards [5]/[1], mappings []
[2014-02-18 15:42:12,873][INFO ][cluster.metadata         ] [node_0] [test_2] creating index, cause [api], shards [5]/[1], mappings []
[2014-02-18 15:42:12,906][INFO ][test.rest.junit          ] end setup test [indices.get_settings/10_basic: Get /_settings]
[2014-02-18 15:42:12,910][INFO ][test.rest.junit          ] end test [indices.get_settings/10_basic: Get /_settings]
[2014-02-18 15:42:12,911][INFO ][test.rest.junit          ] cleaning up after test [indices.get_settings/10_basic: Get /_settings]
[2014-02-18 15:42:12,925][INFO ][cluster.metadata         ] [node_0] [test_2] deleting index
[2014-02-18 15:42:12,955][INFO ][cluster.metadata         ] [node_0] [test_1] deleting index
[2014-02-18 15:42:12,968][INFO ][test                     ] Test Get /_settings (indices.get_settings/10_basic) finished
[2014-02-18 15:42:12,969][INFO ][test                     ] Test Test cat count help (cat.count/10_basic) started
[2014-02-18 15:42:12,969][INFO ][test.rest.junit          ] cleaning up before test [cat.count/10_basic: Test cat count help]
[2014-02-18 15:42:12,974][INFO ][test.rest.junit          ] start test [cat.count/10_basic: Test cat count help]
[2014-02-18 15:42:12,974][INFO ][test.rest.junit          ] start setup test [cat.count/10_basic: Test cat count help]
[2014-02-18 15:42:12,974][INFO ][test.rest.junit          ] end setup test [cat.count/10_basic: Test cat count help]
[2014-02-18 15:42:12,976][INFO ][test.rest.junit          ] end test [cat.count/10_basic: Test cat count help]
[2014-02-18 15:42:12,977][INFO ][test.rest.junit          ] cleaning up after test [cat.count/10_basic: Test cat count help]
[2014-02-18 15:42:12,981][INFO ][test                     ] Test Test cat count help (cat.count/10_basic) finished
[2014-02-18 15:42:12,982][INFO ][test                     ] Test Test cat count output (cat.count/10_basic) started
[2014-02-18 15:42:12,982][INFO ][test.rest.junit          ] cleaning up before test [cat.count/10_basic: Test cat count output]
[2014-02-18 15:42:12,986][INFO ][test.rest.junit          ] start test [cat.count/10_basic: Test cat count output]
[2014-02-18 15:42:12,986][INFO ][test.rest.junit          ] start setup test [cat.count/10_basic: Test cat count output]
[2014-02-18 15:42:12,986][INFO ][test.rest.junit          ] end setup test [cat.count/10_basic: Test cat count output]
[2014-02-18 15:42:13,006][INFO ][cluster.metadata         ] [node_0] [index1] creating index, cause [auto(index api)], shards [5]/[1], mappings []
[2014-02-18 15:42:13,055][INFO ][cluster.metadata         ] [node_0] [index1] update_mapping [type1] (dynamic)
[2014-02-18 15:42:13,201][INFO ][cluster.metadata         ] [node_0] [index2] creating index, cause [auto(index api)], shards [5]/[1], mappings []
[2014-02-18 15:42:13,240][INFO ][cluster.metadata         ] [node_0] [index2] update_mapping [type2] (dynamic)
[2014-02-18 15:42:13,279][INFO ][test.rest.junit          ] end test [cat.count/10_basic: Test cat count output]
[2014-02-18 15:42:13,279][INFO ][test.rest.junit          ] cleaning up after test [cat.count/10_basic: Test cat count output]
[2014-02-18 15:42:13,281][INFO ][cluster.metadata         ] [node_0] [index1] deleting index
[2014-02-18 15:42:13,320][INFO ][cluster.metadata         ] [node_0] [index2] deleting index
[2014-02-18 15:42:13,365][INFO ][test                     ] Test Test cat count output (cat.count/10_basic) finished
[2014-02-18 15:42:13,366][INFO ][test                     ] Test Get all templates (indices.get_template/10_basic) started
[2014-02-18 15:42:13,366][INFO ][test.rest.junit          ] cleaning up before test [indices.get_template/10_basic: Get all templates]
[2014-02-18 15:42:13,371][INFO ][test.rest.junit          ] start test [indices.get_template/10_basic: Get all templates]
[2014-02-18 15:42:13,371][INFO ][test.rest.junit          ] start setup test [indices.get_template/10_basic: Get all templates]
[2014-02-18 15:42:13,374][INFO ][test.rest.junit          ] end setup test [indices.get_template/10_basic: Get all templates]
[2014-02-18 15:42:13,379][INFO ][test.rest.junit          ] end test [indices.get_template/10_basic: Get all templates]
[2014-02-18 15:42:13,379][INFO ][test.rest.junit          ] cleaning up after test [indices.get_template/10_basic: Get all templates]
[2014-02-18 15:42:13,384][INFO ][test                     ] Test Get all templates (indices.get_template/10_basic) finished
[2014-02-18 15:42:13,385][INFO ][test                     ] Test Get template with local flag (indices.get_template/10_basic) started
[2014-02-18 15:42:13,385][INFO ][test.rest.junit          ] cleaning up before test [indices.get_template/10_basic: Get template with local flag]
[2014-02-18 15:42:13,389][INFO ][test.rest.junit          ] start test [indices.get_template/10_basic: Get template with local flag]
[2014-02-18 15:42:13,389][INFO ][test.rest.junit          ] start setup test [indices.get_template/10_basic: Get template with local flag]
[2014-02-18 15:42:13,392][INFO ][test.rest.junit          ] end setup test [indices.get_template/10_basic: Get template with local flag]
[2014-02-18 15:42:13,395][INFO ][test.rest.junit          ] end test [indices.get_template/10_basic: Get template with local flag]
[2014-02-18 15:42:13,395][INFO ][test.rest.junit          ] cleaning up after test [indices.get_template/10_basic: Get template with local flag]
[2014-02-18 15:42:13,400][INFO ][test                     ] Test Get template with local flag (indices.get_template/10_basic) finished
[2014-02-18 15:42:13,401][INFO ][test                     ] Test Get template (indices.get_template/10_basic) started
[2014-02-18 15:42:13,401][INFO ][test.rest.junit          ] cleaning up before test [indices.get_template/10_basic: Get template]
[2014-02-18 15:42:13,406][INFO ][test.rest.junit          ] start test [indices.get_template/10_basic: Get template]
[2014-02-18 15:42:13,406][INFO ][test.rest.junit          ] start setup test [indices.get_template/10_basic: Get template]
[2014-02-18 15:42:13,409][INFO ][test.rest.junit          ] end setup test [indices.get_template/10_basic: Get template]
[2014-02-18 15:42:13,412][INFO ][test.rest.junit          ] end test [indices.get_template/10_basic: Get template]
[2014-02-18 15:42:13,412][INFO ][test.rest.junit          ] cleaning up after test [indices.get_template/10_basic: Get template]
[2014-02-18 15:42:13,417][INFO ][test                     ] Test Get template (indices.get_template/10_basic) finished
[2014-02-18 15:42:13,418][INFO ][test                     ] Test Get missing template (indices.get_template/20_get_missing) started
[2014-02-18 15:42:13,418][INFO ][test.rest.junit          ] cleaning up before test [indices.get_template/20_get_missing: Get missing template]
[2014-02-18 15:42:13,423][INFO ][test.rest.junit          ] start test [indices.get_template/20_get_missing: Get missing template]
[2014-02-18 15:42:13,423][INFO ][test.rest.junit          ] start setup test [indices.get_template/20_get_missing: Get missing template]
[2014-02-18 15:42:13,426][INFO ][test.rest.junit          ] end setup test [indices.get_template/20_get_missing: Get missing template]
[2014-02-18 15:42:13,428][INFO ][test.rest.junit          ] end test [indices.get_template/20_get_missing: Get missing template]
[2014-02-18 15:42:13,428][INFO ][test.rest.junit          ] cleaning up after test [indices.get_template/20_get_missing: Get missing template]
[2014-02-18 15:42:13,432][INFO ][test                     ] Test Get missing template (indices.get_template/20_get_missing) finished
[2014-02-18 15:42:13,432][INFO ][test                     ] Test node_info test (nodes.info/10_basic) started
[2014-02-18 15:42:13,433][INFO ][test.rest.junit          ] cleaning up before test [nodes.info/10_basic: node_info test]
[2014-02-18 15:42:13,437][INFO ][test.rest.junit          ] start test [nodes.info/10_basic: node_info test]
[2014-02-18 15:42:13,450][INFO ][test.rest.junit          ] end test [nodes.info/10_basic: node_info test]
[2014-02-18 15:42:13,450][INFO ][test.rest.junit          ] cleaning up after test [nodes.info/10_basic: node_info test]
[2014-02-18 15:42:13,455][INFO ][test                     ] Test node_info test (nodes.info/10_basic) finished
[2014-02-18 15:42:13,455][INFO ][test                     ] Test Basic delete_by_query (delete_by_query/10_basic) started
[2014-02-18 15:42:13,455][INFO ][test.rest.junit          ] cleaning up before test [delete_by_query/10_basic: Basic delete_by_query]
[2014-02-18 15:42:13,460][INFO ][test.rest.junit          ] start test [delete_by_query/10_basic: Basic delete_by_query]
[2014-02-18 15:42:13,471][INFO ][cluster.metadata         ] [node_0] [test_1] creating index, cause [auto(index api)], shards [5]/[1], mappings []
[2014-02-18 15:42:13,507][INFO ][cluster.metadata         ] [node_0] [test_1] update_mapping [test] (dynamic)
[2014-02-18 15:42:13,609][INFO ][test.rest.junit          ] end test [delete_by_query/10_basic: Basic delete_by_query]
[2014-02-18 15:42:13,609][INFO ][test.rest.junit          ] cleaning up after test [delete_by_query/10_basic: Basic delete_by_query]
[2014-02-18 15:42:13,611][INFO ][cluster.metadata         ] [node_0] [test_1] deleting index
[2014-02-18 15:42:13,627][INFO ][test                     ] Test Basic delete_by_query (delete_by_query/10_basic) finished
[2014-02-18 15:42:13,627][INFO ][test                     ] Test Get /{index}/_warmer/_all (indices.get_warmer/10_basic) started
[2014-02-18 15:42:13,627][INFO ][test.rest.junit          ] cleaning up before test [indices.get_warmer/10_basic: Get /{index}/_warmer/_all]
[2014-02-18 15:42:13,632][INFO ][test.rest.junit          ] start test [indices.get_warmer/10_basic: Get /{index}/_warmer/_all]
[2014-02-18 15:42:13,632][INFO ][test.rest.junit          ] start setup test [indices.get_warmer/10_basic: Get /{index}/_warmer/_all]
[2014-02-18 15:42:13,642][INFO ][cluster.metadata         ] [node_0] [test_1] creating index, cause [api], shards [5]/[1], mappings []
[2014-02-18 15:42:13,679][INFO ][cluster.metadata         ] [node_0] [test_2] creating index, cause [api], shards [5]/[1], mappings []
[2014-02-18 15:42:13,916][INFO ][test.rest.junit          ] end setup test [indices.get_warmer/10_basic: Get /{index}/_warmer/_all]
[2014-02-18 15:42:13,919][INFO ][test.rest.junit          ] end test [indices.get_warmer/10_basic: Get /{index}/_warmer/_all]
[2014-02-18 15:42:13,919][INFO ][test.rest.junit          ] cleaning up after test [indices.get_warmer/10_basic: Get /{index}/_warmer/_all]
[2014-02-18 15:42:13,921][INFO ][cluster.metadata         ] [node_0] [test_2] deleting index
[2014-02-18 15:42:13,929][INFO ][cluster.metadata         ] [node_0] [test_1] deleting index
[2014-02-18 15:42:13,943][INFO ][test                     ] Test Get /{index}/_warmer/_all (indices.get_warmer/10_basic) finished
[2014-02-18 15:42:13,944][INFO ][test                     ] Test Get /*/_warmer/{name} (indices.get_warmer/10_basic) started
[2014-02-18 15:42:13,944][INFO ][test.rest.junit          ] cleaning up before test [indices.get_warmer/10_basic: Get /*/_warmer/{name}]
[2014-02-18 15:42:13,948][INFO ][test.rest.junit          ] start test [indices.get_warmer/10_basic: Get /*/_warmer/{name}]
[2014-02-18 15:42:13,948][INFO ][test.rest.junit          ] start setup test [indices.get_warmer/10_basic: Get /*/_warmer/{name}]
[2014-02-18 15:42:13,958][INFO ][cluster.metadata         ] [node_0] [test_1] creating index, cause [api], shards [5]/[1], mappings []
[2014-02-18 15:42:13,997][INFO ][cluster.metadata         ] [node_0] [test_2] creating index, cause [api], shards [5]/[1], mappings []
[2014-02-18 15:42:14,251][INFO ][test.rest.junit          ] end setup test [indices.get_warmer/10_basic: Get /*/_warmer/{name}]
[2014-02-18 15:42:14,254][INFO ][test.rest.junit          ] end test [indices.get_warmer/10_basic: Get /*/_warmer/{name}]
[2014-02-18 15:42:14,255][INFO ][test.rest.junit          ] cleaning up after test [indices.get_warmer/10_basic: Get /*/_warmer/{name}]
[2014-02-18 15:42:14,257][INFO ][cluster.metadata         ] [node_0] [test_2] deleting index
[2014-02-18 15:42:14,266][INFO ][cluster.metadata         ] [node_0] [test_1] deleting index
[2014-02-18 15:42:14,284][INFO ][test                     ] Test Get /*/_warmer/{name} (indices.get_warmer/10_basic) finished
[2014-02-18 15:42:14,284][INFO ][test                     ] Test Get /{index}/_warmer/{name,name} (indices.get_warmer/10_basic) started
[2014-02-18 15:42:14,284][INFO ][test.rest.junit          ] cleaning up before test [indices.get_warmer/10_basic: Get /{index}/_warmer/{name,name}]
[2014-02-18 15:42:14,289][INFO ][test.rest.junit          ] start test [indices.get_warmer/10_basic: Get /{index}/_warmer/{name,name}]
[2014-02-18 15:42:14,290][INFO ][test.rest.junit          ] start setup test [indices.get_warmer/10_basic: Get /{index}/_warmer/{name,name}]
[2014-02-18 15:42:14,300][INFO ][cluster.metadata         ] [node_0] [test_1] creating index, cause [api], shards [5]/[1], mappings []
[2014-02-18 15:42:14,353][INFO ][cluster.metadata         ] [node_0] [test_2] creating index, cause [api], shards [5]/[1], mappings []
[2014-02-18 15:42:14,597][INFO ][test.rest.junit          ] end setup test [indices.get_warmer/10_basic: Get /{index}/_warmer/{name,name}]
[2014-02-18 15:42:14,599][INFO ][test.rest.junit          ] end test [indices.get_warmer/10_basic: Get /{index}/_warmer/{name,name}]
[2014-02-18 15:42:14,600][INFO ][test.rest.junit          ] cleaning up after test [indices.get_warmer/10_basic: Get /{index}/_warmer/{name,name}]
[2014-02-18 15:42:14,601][INFO ][cluster.metadata         ] [node_0] [test_2] deleting index
[2014-02-18 15:42:14,610][INFO ][cluster.metadata         ] [node_0] [test_1] deleting index
[2014-02-18 15:42:14,620][INFO ][test                     ] Test Get /{index}/_warmer/{name,name} (indices.get_warmer/10_basic) finished
[2014-02-18 15:42:14,621][INFO ][test                     ] Test Get /{index}/_warmer/{name*} (indices.get_warmer/10_basic) started
[2014-02-18 15:42:14,621][INFO ][test.rest.junit          ] cleaning up before test [indices.get_warmer/10_basic: Get /{index}/_warmer/{name*}]
[2014-02-18 15:42:14,625][INFO ][test.rest.junit          ] start test [indices.get_warmer/10_basic: Get /{index}/_warmer/{name*}]
[2014-02-18 15:42:14,626][INFO ][test.rest.junit          ] start setup test [indices.get_warmer/10_basic: Get /{index}/_warmer/{name*}]
[2014-02-18 15:42:14,635][INFO ][cluster.metadata         ] [node_0] [test_1] creating index, cause [api], shards [5]/[1], mappings []
[2014-02-18 15:42:14,688][INFO ][cluster.metadata         ] [node_0] [test_2] creating index, cause [api], shards [5]/[1], mappings []
[2014-02-18 15:42:14,916][INFO ][test.rest.junit          ] end setup test [indices.get_warmer/10_basic: Get /{index}/_warmer/{name*}]
[2014-02-18 15:42:14,918][INFO ][test.rest.junit          ] end test [indices.get_warmer/10_basic: Get /{index}/_warmer/{name*}]
[2014-02-18 15:42:14,919][INFO ][test.rest.junit          ] cleaning up after test [indices.get_warmer/10_basic: Get /{index}/_warmer/{name*}]
[2014-02-18 15:42:14,920][INFO ][cluster.metadata         ] [node_0] [test_2] deleting index
[2014-02-18 15:42:14,930][INFO ][cluster.metadata         ] [node_0] [test_1] deleting index
[2014-02-18 15:42:14,947][INFO ][test                     ] Test Get /{index}/_warmer/{name*} (indices.get_warmer/10_basic) finished
[2014-02-18 15:42:14,947][INFO ][test                     ] Test Get /{index}/_warmer/* (indices.get_warmer/10_basic) started
[2014-02-18 15:42:14,947][INFO ][test.rest.junit          ] cleaning up before test [indices.get_warmer/10_basic: Get /{index}/_warmer/*]
[2014-02-18 15:42:14,952][INFO ][test.rest.junit          ] start test [indices.get_warmer/10_basic: Get /{index}/_warmer/*]
[2014-02-18 15:42:14,952][INFO ][test.rest.junit          ] start setup test [indices.get_warmer/10_basic: Get /{index}/_warmer/*]
[2014-02-18 15:42:14,961][INFO ][cluster.metadata         ] [node_0] [test_1] creating index, cause [api], shards [5]/[1], mappings []
[2014-02-18 15:42:15,005][INFO ][cluster.metadata         ] [node_0] [test_2] creating index, cause [api], shards [5]/[1], mappings []
[2014-02-18 15:42:15,244][INFO ][test.rest.junit          ] end setup test [indices.get_warmer/10_basic: Get /{index}/_warmer/*]
[2014-02-18 15:42:15,247][INFO ][test.rest.junit          ] end test [indices.get_warmer/10_basic: Get /{index}/_warmer/*]
[2014-02-18 15:42:15,247][INFO ][test.rest.junit          ] cleaning up after test [indices.get_warmer/10_basic: Get /{index}/_warmer/*]
[2014-02-18 15:42:15,249][INFO ][cluster.metadata         ] [node_0] [test_2] deleting index
[2014-02-18 15:42:15,258][INFO ][cluster.metadata         ] [node_0] [test_1] deleting index
[2014-02-18 15:42:15,273][INFO ][test                     ] Test Get /{index}/_warmer/* (indices.get_warmer/10_basic) finished
[2014-02-18 15:42:15,274][INFO ][test                     ] Test Get /{index}/_warmer/{name} (indices.get_warmer/10_basic) started
[2014-02-18 15:42:15,274][INFO ][test.rest.junit          ] cleaning up before test [indices.get_warmer/10_basic: Get /{index}/_warmer/{name}]
[2014-02-18 15:42:15,279][INFO ][test.rest.junit          ] start test [indices.get_warmer/10_basic: Get /{index}/_warmer/{name}]
[2014-02-18 15:42:15,280][INFO ][test.rest.junit          ] start setup test [indices.get_warmer/10_basic: Get /{index}/_warmer/{name}]
[2014-02-18 15:42:15,293][INFO ][cluster.metadata         ] [node_0] [test_1] creating index, cause [api], shards [5]/[1], mappings []
[2014-02-18 15:42:15,346][INFO ][cluster.metadata         ] [node_0] [test_2] creating index, cause [api], shards [5]/[1], mappings []
[2014-02-18 15:42:15,573][INFO ][test.rest.junit          ] end setup test [indices.get_warmer/10_basic: Get /{index}/_warmer/{name}]
[2014-02-18 15:42:15,575][INFO ][test.rest.junit          ] end test [indices.get_warmer/10_basic: Get /{index}/_warmer/{name}]
[2014-02-18 15:42:15,575][INFO ][test.rest.junit          ] cleaning up after test [indices.get_warmer/10_basic: Get /{index}/_warmer/{name}]
[2014-02-18 15:42:15,577][INFO ][cluster.metadata         ] [node_0] [test_2] deleting index
[2014-02-18 15:42:15,587][INFO ][cluster.metadata         ] [node_0] [test_1] deleting index
[2014-02-18 15:42:15,604][INFO ][test                     ] Test Get /{index}/_warmer/{name} (indices.get_warmer/10_basic) finished
[2014-02-18 15:42:15,604][INFO ][test                     ] Test Get /_all/_warmer/{name} (indices.get_warmer/10_basic) started
[2014-02-18 15:42:15,605][INFO ][test.rest.junit          ] cleaning up before test [indices.get_warmer/10_basic: Get /_all/_warmer/{name}]
[2014-02-18 15:42:15,610][INFO ][test.rest.junit          ] start test [indices.get_warmer/10_basic: Get /_all/_warmer/{name}]
[2014-02-18 15:42:15,610][INFO ][test.rest.junit          ] start setup test [indices.get_warmer/10_basic: Get /_all/_warmer/{name}]
[2014-02-18 15:42:15,620][INFO ][cluster.metadata         ] [node_0] [test_1] creating index, cause [api], shards [5]/[1], mappings []
[2014-02-18 15:42:15,668][INFO ][cluster.metadata         ] [node_0] [test_2] creating index, cause [api], shards [5]/[1], mappings []
[2014-02-18 15:42:15,895][INFO ][test.rest.junit          ] end setup test [indices.get_warmer/10_basic: Get /_all/_warmer/{name}]
[2014-02-18 15:42:15,898][INFO ][test.rest.junit          ] end test [indices.get_warmer/10_basic: Get /_all/_warmer/{name}]
[2014-02-18 15:42:15,898][INFO ][test.rest.junit          ] cleaning up after test [indices.get_warmer/10_basic: Get /_all/_warmer/{name}]
[2014-02-18 15:42:15,901][INFO ][cluster.metadata         ] [node_0] [test_2] deleting index
[2014-02-18 15:42:15,911][INFO ][cluster.metadata         ] [node_0] [test_1] deleting index
[2014-02-18 15:42:15,924][INFO ][test                     ] Test Get /_all/_warmer/{name} (indices.get_warmer/10_basic) finished
[2014-02-18 15:42:15,925][INFO ][test                     ] Test Throw 404 on missing index (indices.get_warmer/10_basic) started
[2014-02-18 15:42:15,925][INFO ][test.rest.junit          ] cleaning up before test [indices.get_warmer/10_basic: Throw 404 on missing index]
[2014-02-18 15:42:15,929][INFO ][test.rest.junit          ] start test [indices.get_warmer/10_basic: Throw 404 on missing index]
[2014-02-18 15:42:15,930][INFO ][test.rest.junit          ] start setup test [indices.get_warmer/10_basic: Throw 404 on missing index]
[2014-02-18 15:42:15,939][INFO ][cluster.metadata         ] [node_0] [test_1] creating index, cause [api], shards [5]/[1], mappings []
[2014-02-18 15:42:16,005][INFO ][cluster.metadata         ] [node_0] [test_2] creating index, cause [api], shards [5]/[1], mappings []
[2014-02-18 15:42:16,260][INFO ][test.rest.junit          ] end setup test [indices.get_warmer/10_basic: Throw 404 on missing index]
[2014-02-18 15:42:16,262][INFO ][test.rest.junit          ] end test [indices.get_warmer/10_basic: Throw 404 on missing index]
[2014-02-18 15:42:16,263][INFO ][test.rest.junit          ] cleaning up after test [indices.get_warmer/10_basic: Throw 404 on missing index]
[2014-02-18 15:42:16,265][INFO ][cluster.metadata         ] [node_0] [test_2] deleting index
[2014-02-18 15:42:16,274][INFO ][cluster.metadata         ] [node_0] [test_1] deleting index
[2014-02-18 15:42:16,286][INFO ][test                     ] Test Throw 404 on missing index (indices.get_warmer/10_basic) finished
[2014-02-18 15:42:16,286][INFO ][test                     ] Test Get /_warmer (indices.get_warmer/10_basic) started
[2014-02-18 15:42:16,287][INFO ][test.rest.junit          ] cleaning up before test [indices.get_warmer/10_basic: Get /_warmer]
[2014-02-18 15:42:16,292][INFO ][test.rest.junit          ] start test [indices.get_warmer/10_basic: Get /_warmer]
[2014-02-18 15:42:16,292][INFO ][test.rest.junit          ] start setup test [indices.get_warmer/10_basic: Get /_warmer]
[2014-02-18 15:42:16,304][INFO ][cluster.metadata         ] [node_0] [test_1] creating index, cause [api], shards [5]/[1], mappings []
[2014-02-18 15:42:16,360][INFO ][cluster.metadata         ] [node_0] [test_2] creating index, cause [api], shards [5]/[1], mappings []
[2014-02-18 15:42:16,585][INFO ][test.rest.junit          ] end setup test [indices.get_warmer/10_basic: Get /_warmer]
[2014-02-18 15:42:16,588][INFO ][test.rest.junit          ] end test [indices.get_warmer/10_basic: Get /_warmer]
[2014-02-18 15:42:16,588][INFO ][test.rest.junit          ] cleaning up after test [indices.get_warmer/10_basic: Get /_warmer]
[2014-02-18 15:42:16,590][INFO ][cluster.metadata         ] [node_0] [test_2] deleting index
[2014-02-18 15:42:16,598][INFO ][cluster.metadata         ] [node_0] [test_1] deleting index
[2014-02-18 15:42:16,609][INFO ][test                     ] Test Get /_warmer (indices.get_warmer/10_basic) finished
[2014-02-18 15:42:16,610][INFO ][test                     ] Test Get /index*/_warmer/{name} (indices.get_warmer/10_basic) started
[2014-02-18 15:42:16,610][INFO ][test.rest.junit          ] cleaning up before test [indices.get_warmer/10_basic: Get /index*/_warmer/{name}]
[2014-02-18 15:42:16,614][INFO ][test.rest.junit          ] start test [indices.get_warmer/10_basic: Get /index*/_warmer/{name}]
[2014-02-18 15:42:16,615][INFO ][test.rest.junit          ] start setup test [indices.get_warmer/10_basic: Get /index*/_warmer/{name}]
[2014-02-18 15:42:16,626][INFO ][cluster.metadata         ] [node_0] [test_1] creating index, cause [api], shards [5]/[1], mappings []
[2014-02-18 15:42:16,690][INFO ][cluster.metadata         ] [node_0] [test_2] creating index, cause [api], shards [5]/[1], mappings []
[2014-02-18 15:42:17,005][INFO ][test.rest.junit          ] end setup test [indices.get_warmer/10_basic: Get /index*/_warmer/{name}]
[2014-02-18 15:42:17,007][INFO ][test.rest.junit          ] end test [indices.get_warmer/10_basic: Get /index*/_warmer/{name}]
[2014-02-18 15:42:17,008][INFO ][test.rest.junit          ] cleaning up after test [indices.get_warmer/10_basic: Get /index*/_warmer/{name}]
[2014-02-18 15:42:17,009][INFO ][cluster.metadata         ] [node_0] [test_2] deleting index
[2014-02-18 15:42:17,026][INFO ][cluster.metadata         ] [node_0] [test_1] deleting index
[2014-02-18 15:42:17,041][INFO ][test                     ] Test Get /index*/_warmer/{name} (indices.get_warmer/10_basic) finished
[2014-02-18 15:42:17,042][INFO ][test                     ] Test Get /_warmer with local flag (indices.get_warmer/10_basic) started
[2014-02-18 15:42:17,042][INFO ][test.rest.junit          ] cleaning up before test [indices.get_warmer/10_basic: Get /_warmer with local flag]
[2014-02-18 15:42:17,047][INFO ][test.rest.junit          ] start test [indices.get_warmer/10_basic: Get /_warmer with local flag]
[2014-02-18 15:42:17,047][INFO ][test.rest.junit          ] start setup test [indices.get_warmer/10_basic: Get /_warmer with local flag]
[2014-02-18 15:42:17,061][INFO ][cluster.metadata         ] [node_0] [test_1] creating index, cause [api], shards [5]/[1], mappings []
[2014-02-18 15:42:17,112][INFO ][cluster.metadata         ] [node_0] [test_2] creating index, cause [api], shards [5]/[1], mappings []
[2014-02-18 15:42:17,340][INFO ][test.rest.junit          ] end setup test [indices.get_warmer/10_basic: Get /_warmer with local flag]
[2014-02-18 15:42:17,345][INFO ][test.rest.junit          ] end test [indices.get_warmer/10_basic: Get /_warmer with local flag]
[2014-02-18 15:42:17,345][INFO ][test.rest.junit          ] cleaning up after test [indices.get_warmer/10_basic: Get /_warmer with local flag]
[2014-02-18 15:42:17,347][INFO ][cluster.metadata         ] [node_0] [test_2] deleting index
[2014-02-18 15:42:17,358][INFO ][cluster.metadata         ] [node_0] [test_1] deleting index
[2014-02-18 15:42:17,373][INFO ][test                     ] Test Get /_warmer with local flag (indices.get_warmer/10_basic) finished
[2014-02-18 15:42:17,373][INFO ][test                     ] Test Get /{index}/_warmer (indices.get_warmer/10_basic) started
[2014-02-18 15:42:17,373][INFO ][test.rest.junit          ] cleaning up before test [indices.get_warmer/10_basic: Get /{index}/_warmer]
[2014-02-18 15:42:17,377][INFO ][test.rest.junit          ] start test [indices.get_warmer/10_basic: Get /{index}/_warmer]
[2014-02-18 15:42:17,377][INFO ][test.rest.junit          ] start setup test [indices.get_warmer/10_basic: Get /{index}/_warmer]
[2014-02-18 15:42:17,387][INFO ][cluster.metadata         ] [node_0] [test_1] creating index, cause [api], shards [5]/[1], mappings []
[2014-02-18 15:42:17,426][INFO ][cluster.metadata         ] [node_0] [test_2] creating index, cause [api], shards [5]/[1], mappings []
[2014-02-18 15:42:17,654][INFO ][test.rest.junit          ] end setup test [indices.get_warmer/10_basic: Get /{index}/_warmer]
[2014-02-18 15:42:17,657][INFO ][test.rest.junit          ] end test [indices.get_warmer/10_basic: Get /{index}/_warmer]
[2014-02-18 15:42:17,658][INFO ][test.rest.junit          ] cleaning up after test [indices.get_warmer/10_basic: Get /{index}/_warmer]
[2014-02-18 15:42:17,660][INFO ][cluster.metadata         ] [node_0] [test_2] deleting index
[2014-02-18 15:42:17,673][INFO ][cluster.metadata         ] [node_0] [test_1] deleting index
[2014-02-18 15:42:17,685][INFO ][test                     ] Test Get /{index}/_warmer (indices.get_warmer/10_basic) finished
[2014-02-18 15:42:17,685][INFO ][test                     ] Test Get /index,index/_warmer/{name} (indices.get_warmer/10_basic) started
[2014-02-18 15:42:17,686][INFO ][test.rest.junit          ] cleaning up before test [indices.get_warmer/10_basic: Get /index,index/_warmer/{name}]
[2014-02-18 15:42:17,690][INFO ][test.rest.junit          ] start test [indices.get_warmer/10_basic: Get /index,index/_warmer/{name}]
[2014-02-18 15:42:17,690][INFO ][test.rest.junit          ] start setup test [indices.get_warmer/10_basic: Get /index,index/_warmer/{name}]
[2014-02-18 15:42:17,699][INFO ][cluster.metadata         ] [node_0] [test_1] creating index, cause [api], shards [5]/[1], mappings []
[2014-02-18 15:42:17,740][INFO ][cluster.metadata         ] [node_0] [test_2] creating index, cause [api], shards [5]/[1], mappings []
[2014-02-18 15:42:17,969][INFO ][test.rest.junit          ] end setup test [indices.get_warmer/10_basic: Get /index,index/_warmer/{name}]
[2014-02-18 15:42:17,972][INFO ][test.rest.junit          ] end test [indices.get_warmer/10_basic: Get /index,index/_warmer/{name}]
[2014-02-18 15:42:17,972][INFO ][test.rest.junit          ] cleaning up after test [indices.get_warmer/10_basic: Get /index,index/_warmer/{name}]
[2014-02-18 15:42:17,974][INFO ][cluster.metadata         ] [node_0] [test_2] deleting index
[2014-02-18 15:42:17,982][INFO ][cluster.metadata         ] [node_0] [test_1] deleting index
[2014-02-18 15:42:17,996][INFO ][test                     ] Test Get /index,index/_warmer/{name} (indices.get_warmer/10_basic) finished
[2014-02-18 15:42:17,997][INFO ][test                     ] Test Empty response when no matching warmer (indices.get_warmer/10_basic) started
[2014-02-18 15:42:17,997][INFO ][test.rest.junit          ] cleaning up before test [indices.get_warmer/10_basic: Empty response when no matching warmer]
[2014-02-18 15:42:18,003][INFO ][test.rest.junit          ] start test [indices.get_warmer/10_basic: Empty response when no matching warmer]
[2014-02-18 15:42:18,005][INFO ][test.rest.junit          ] start setup test [indices.get_warmer/10_basic: Empty response when no matching warmer]
[2014-02-18 15:42:18,040][INFO ][cluster.metadata         ] [node_0] [test_1] creating index, cause [api], shards [5]/[1], mappings []
[2014-02-18 15:42:18,146][INFO ][cluster.metadata         ] [node_0] [test_2] creating index, cause [api], shards [5]/[1], mappings []
[2014-02-18 15:42:18,377][INFO ][test.rest.junit          ] end setup test [indices.get_warmer/10_basic: Empty response when no matching warmer]
[2014-02-18 15:42:18,379][INFO ][test.rest.junit          ] end test [indices.get_warmer/10_basic: Empty response when no matching warmer]
[2014-02-18 15:42:18,380][INFO ][test.rest.junit          ] cleaning up after test [indices.get_warmer/10_basic: Empty response when no matching warmer]
[2014-02-18 15:42:18,381][INFO ][cluster.metadata         ] [node_0] [test_2] deleting index
[2014-02-18 15:42:18,390][INFO ][cluster.metadata         ] [node_0] [test_1] deleting index
[2014-02-18 15:42:18,401][INFO ][test                     ] Test Empty response when no matching warmer (indices.get_warmer/10_basic) finished
[2014-02-18 15:42:18,410][INFO ][test                     ] Test Get /_warmer/{name} (indices.get_warmer/10_basic) started
[2014-02-18 15:42:18,410][INFO ][test.rest.junit          ] cleaning up before test [indices.get_warmer/10_basic: Get /_warmer/{name}]
[2014-02-18 15:42:18,415][INFO ][test.rest.junit          ] start test [indices.get_warmer/10_basic: Get /_warmer/{name}]
[2014-02-18 15:42:18,415][INFO ][test.rest.junit          ] start setup test [indices.get_warmer/10_basic: Get /_warmer/{name}]
[2014-02-18 15:42:18,425][INFO ][cluster.metadata         ] [node_0] [test_1] creating index, cause [api], shards [5]/[1], mappings []
[2014-02-18 15:42:18,463][INFO ][cluster.metadata         ] [node_0] [test_2] creating index, cause [api], shards [5]/[1], mappings []
[2014-02-18 15:42:18,689][INFO ][test.rest.junit          ] end setup test [indices.get_warmer/10_basic: Get /_warmer/{name}]
[2014-02-18 15:42:18,692][INFO ][test.rest.junit          ] end test [indices.get_warmer/10_basic: Get /_warmer/{name}]
[2014-02-18 15:42:18,692][INFO ][test.rest.junit          ] cleaning up after test [indices.get_warmer/10_basic: Get /_warmer/{name}]
[2014-02-18 15:42:18,694][INFO ][cluster.metadata         ] [node_0] [test_2] deleting index
[2014-02-18 15:42:18,702][INFO ][cluster.metadata         ] [node_0] [test_1] deleting index
[2014-02-18 15:42:18,714][INFO ][test                     ] Test Get /_warmer/{name} (indices.get_warmer/10_basic) finished
[2014-02-18 15:42:18,714][INFO ][test                     ] Test Test indices settings (indices.put_settings/10_basic) started
[2014-02-18 15:42:18,714][INFO ][test.rest.junit          ] cleaning up before test [indices.put_settings/10_basic: Test indices settings]
[2014-02-18 15:42:18,718][INFO ][test.rest.junit          ] start test [indices.put_settings/10_basic: Test indices settings]
[2014-02-18 15:42:18,728][INFO ][cluster.metadata         ] [node_0] [test-index] creating index, cause [api], shards [5]/[0], mappings []
[2014-02-18 15:42:18,761][INFO ][cluster.metadata         ] [node_0] updating number_of_replicas to [1] for indices [test-index]
[2014-02-18 15:42:18,765][INFO ][test.rest.junit          ] end test [indices.put_settings/10_basic: Test indices settings]
[2014-02-18 15:42:18,765][INFO ][test.rest.junit          ] cleaning up after test [indices.put_settings/10_basic: Test indices settings]
[2014-02-18 15:42:18,768][INFO ][cluster.metadata         ] [node_0] [test-index] deleting index
[2014-02-18 15:42:18,781][INFO ][test                     ] Test Test indices settings (indices.put_settings/10_basic) finished
[2014-02-18 15:42:18,782][INFO ][test                     ] Test put settings in prefix* index (indices.put_settings/all_path_options) started
[2014-02-18 15:42:18,782][INFO ][test.rest.junit          ] cleaning up before test [indices.put_settings/all_path_options: put settings in prefix* index]
[2014-02-18 15:42:18,786][INFO ][test.rest.junit          ] start test [indices.put_settings/all_path_options: put settings in prefix* index]
[2014-02-18 15:42:18,787][INFO ][test.rest.junit          ] start setup test [indices.put_settings/all_path_options: put settings in prefix* index]
[2014-02-18 15:42:18,799][INFO ][cluster.metadata         ] [node_0] [test_index1] creating index, cause [api], shards [5]/[1], mappings []
[2014-02-18 15:42:18,845][INFO ][cluster.metadata         ] [node_0] [test_index2] creating index, cause [api], shards [5]/[1], mappings []
[2014-02-18 15:42:18,907][INFO ][cluster.metadata         ] [node_0] [foo] creating index, cause [api], shards [5]/[1], mappings []
[2014-02-18 15:42:18,957][INFO ][test.rest.junit          ] end setup test [indices.put_settings/all_path_options: put settings in prefix* index]
[2014-02-18 15:42:18,979][INFO ][index.shard.service      ] [node_0] [test_index2][0] updating refresh_interval from [1s] to [1s]
[2014-02-18 15:42:18,979][INFO ][index.shard.service      ] [node_0] [test_index2][1] updating refresh_interval from [1s] to [1s]
[2014-02-18 15:42:18,980][INFO ][index.shard.service      ] [node_0] [test_index2][2] updating refresh_interval from [1s] to [1s]
[2014-02-18 15:42:18,980][INFO ][index.shard.service      ] [node_0] [test_index2][4] updating refresh_interval from [1s] to [1s]
[2014-02-18 15:42:18,980][INFO ][index.shard.service      ] [node_0] [test_index2][3] updating refresh_interval from [1s] to [1s]
[2014-02-18 15:42:18,981][INFO ][index.shard.service      ] [node_0] [test_index1][0] updating refresh_interval from [1s] to [1s]
[2014-02-18 15:42:18,981][INFO ][index.shard.service      ] [node_0] [test_index1][3] updating refresh_interval from [1s] to [1s]
[2014-02-18 15:42:18,981][INFO ][index.shard.service      ] [node_0] [test_index1][1] updating refresh_interval from [1s] to [1s]
[2014-02-18 15:42:18,981][INFO ][index.shard.service      ] [node_0] [test_index1][2] updating refresh_interval from [1s] to [1s]
[2014-02-18 15:42:18,981][INFO ][index.shard.service      ] [node_0] [test_index1][4] updating refresh_interval from [1s] to [1s]
[2014-02-18 15:42:18,985][INFO ][test.rest.junit          ] end test [indices.put_settings/all_path_options: put settings in prefix* index]
[2014-02-18 15:42:18,986][INFO ][test.rest.junit          ] cleaning up after test [indices.put_settings/all_path_options: put settings in prefix* index]
[2014-02-18 15:42:18,988][INFO ][cluster.metadata         ] [node_0] [foo] deleting index
[2014-02-18 15:42:19,003][INFO ][cluster.metadata         ] [node_0] [test_index2] deleting index
[2014-02-18 15:42:19,016][INFO ][cluster.metadata         ] [node_0] [test_index1] deleting index
[2014-02-18 15:42:19,036][INFO ][test                     ] Test put settings in prefix* index (indices.put_settings/all_path_options) finished
[2014-02-18 15:42:19,037][INFO ][test                     ] Test put settings in * index (indices.put_settings/all_path_options) started
[2014-02-18 15:42:19,037][INFO ][test.rest.junit          ] cleaning up before test [indices.put_settings/all_path_options: put settings in * index]
[2014-02-18 15:42:19,043][INFO ][test.rest.junit          ] start test [indices.put_settings/all_path_options: put settings in * index]
[2014-02-18 15:42:19,043][INFO ][test.rest.junit          ] start setup test [indices.put_settings/all_path_options: put settings in * index]
[2014-02-18 15:42:19,058][INFO ][cluster.metadata         ] [node_0] [test_index1] creating index, cause [api], shards [5]/[1], mappings []
[2014-02-18 15:42:19,113][INFO ][cluster.metadata         ] [node_0] [test_index2] creating index, cause [api], shards [5]/[1], mappings []
[2014-02-18 15:42:19,155][INFO ][cluster.metadata         ] [node_0] [foo] creating index, cause [api], shards [5]/[1], mappings []
[2014-02-18 15:42:19,201][INFO ][test.rest.junit          ] end setup test [indices.put_settings/all_path_options: put settings in * index]
[2014-02-18 15:42:19,225][INFO ][index.shard.service      ] [node_0] [foo][0] updating refresh_interval from [1s] to [1s]
[2014-02-18 15:42:19,225][INFO ][index.shard.service      ] [node_0] [foo][1] updating refresh_interval from [1s] to [1s]
[2014-02-18 15:42:19,240][INFO ][index.shard.service      ] [node_0] [foo][4] updating refresh_interval from [1s] to [1s]
[2014-02-18 15:42:19,256][INFO ][index.shard.service      ] [node_0] [foo][3] updating refresh_interval from [1s] to [1s]
[2014-02-18 15:42:19,263][INFO ][index.shard.service      ] [node_0] [foo][2] updating refresh_interval from [1s] to [1s]
[2014-02-18 15:42:19,264][INFO ][index.shard.service      ] [node_0] [test_index2][0] updating refresh_interval from [1s] to [1s]
[2014-02-18 15:42:19,264][INFO ][index.shard.service      ] [node_0] [test_index2][1] updating refresh_interval from [1s] to [1s]
[2014-02-18 15:42:19,264][INFO ][index.shard.service      ] [node_0] [test_index2][2] updating refresh_interval from [1s] to [1s]
[2014-02-18 15:42:19,265][INFO ][index.shard.service      ] [node_0] [test_index2][4] updating refresh_interval from [1s] to [1s]
[2014-02-18 15:42:19,265][INFO ][index.shard.service      ] [node_0] [test_index2][3] updating refresh_interval from [1s] to [1s]
[2014-02-18 15:42:19,265][INFO ][index.shard.service      ] [node_0] [test_index1][0] updating refresh_interval from [1s] to [1s]
[2014-02-18 15:42:19,265][INFO ][index.shard.service      ] [node_0] [test_index1][3] updating refresh_interval from [1s] to [1s]
[2014-02-18 15:42:19,265][INFO ][index.shard.service      ] [node_0] [test_index1][1] updating refresh_interval from [1s] to [1s]
[2014-02-18 15:42:19,266][INFO ][index.shard.service      ] [node_0] [test_index1][2] updating refresh_interval from [1s] to [1s]
[2014-02-18 15:42:19,266][INFO ][index.shard.service      ] [node_0] [test_index1][4] updating refresh_interval from [1s] to [1s]
[2014-02-18 15:42:19,271][INFO ][test.rest.junit          ] end test [indices.put_settings/all_path_options: put settings in * index]
[2014-02-18 15:42:19,271][INFO ][test.rest.junit          ] cleaning up after test [indices.put_settings/all_path_options: put settings in * index]
[2014-02-18 15:42:19,274][INFO ][cluster.metadata         ] [node_0] [foo] deleting index
[2014-02-18 15:42:19,290][INFO ][cluster.metadata         ] [node_0] [test_index2] deleting index
[2014-02-18 15:42:19,311][INFO ][cluster.metadata         ] [node_0] [test_index1] deleting index
[2014-02-18 15:42:19,329][INFO ][test                     ] Test put settings in * index (indices.put_settings/all_path_options) finished
[2014-02-18 15:42:19,329][INFO ][test                     ] Test put settings in blank index (indices.put_settings/all_path_options) started
[2014-02-18 15:42:19,330][INFO ][test.rest.junit          ] cleaning up before test [indices.put_settings/all_path_options: put settings in blank index]
[2014-02-18 15:42:19,335][INFO ][test.rest.junit          ] start test [indices.put_settings/all_path_options: put settings in blank index]
[2014-02-18 15:42:19,335][INFO ][test.rest.junit          ] start setup test [indices.put_settings/all_path_options: put settings in blank index]
[2014-02-18 15:42:19,348][INFO ][cluster.metadata         ] [node_0] [test_index1] creating index, cause [api], shards [5]/[1], mappings []
[2014-02-18 15:42:19,415][INFO ][cluster.metadata         ] [node_0] [test_index2] creating index, cause [api], shards [5]/[1], mappings []
[2014-02-18 15:42:19,485][INFO ][cluster.metadata         ] [node_0] [foo] creating index, cause [api], shards [5]/[1], mappings []
[2014-02-18 15:42:19,556][INFO ][test.rest.junit          ] end setup test [indices.put_settings/all_path_options: put settings in blank index]
[2014-02-18 15:42:19,578][INFO ][index.shard.service      ] [node_0] [foo][0] updating refresh_interval from [1s] to [1s]
[2014-02-18 15:42:19,578][INFO ][index.shard.service      ] [node_0] [foo][1] updating refresh_interval from [1s] to [1s]
[2014-02-18 15:42:19,579][INFO ][index.shard.service      ] [node_0] [foo][4] updating refresh_interval from [1s] to [1s]
[2014-02-18 15:42:19,585][INFO ][index.shard.service      ] [node_0] [foo][3] updating refresh_interval from [1s] to [1s]
[2014-02-18 15:42:19,588][INFO ][index.shard.service      ] [node_0] [foo][2] updating refresh_interval from [1s] to [1s]
[2014-02-18 15:42:19,588][INFO ][index.shard.service      ] [node_0] [test_index2][0] updating refresh_interval from [1s] to [1s]
[2014-02-18 15:42:19,588][INFO ][index.shard.service      ] [node_0] [test_index2][1] updating refresh_interval from [1s] to [1s]
[2014-02-18 15:42:19,588][INFO ][index.shard.service      ] [node_0] [test_index2][2] updating refresh_interval from [1s] to [1s]
[2014-02-18 15:42:19,589][INFO ][index.shard.service      ] [node_0] [test_index2][4] updating refresh_interval from [1s] to [1s]
[2014-02-18 15:42:19,589][INFO ][index.shard.service      ] [node_0] [test_index2][3] updating refresh_interval from [1s] to [1s]
[2014-02-18 15:42:19,589][INFO ][index.shard.service      ] [node_0] [test_index1][0] updating refresh_interval from [1s] to [1s]
[2014-02-18 15:42:19,589][INFO ][index.shard.service      ] [node_0] [test_index1][3] updating refresh_interval from [1s] to [1s]
[2014-02-18 15:42:19,589][INFO ][index.shard.service      ] [node_0] [test_index1][1] updating refresh_interval from [1s] to [1s]
[2014-02-18 15:42:19,589][INFO ][index.shard.service      ] [node_0] [test_index1][2] updating refresh_interval from [1s] to [1s]
[2014-02-18 15:42:19,590][INFO ][index.shard.service      ] [node_0] [test_index1][4] updating refresh_interval from [1s] to [1s]
[2014-02-18 15:42:19,593][INFO ][test.rest.junit          ] end test [indices.put_settings/all_path_options: put settings in blank index]
[2014-02-18 15:42:19,594][INFO ][test.rest.junit          ] cleaning up after test [indices.put_settings/all_path_options: put settings in blank index]
[2014-02-18 15:42:19,596][INFO ][cluster.metadata         ] [node_0] [foo] deleting index
[2014-02-18 15:42:19,607][INFO ][cluster.metadata         ] [node_0] [test_index2] deleting index
[2014-02-18 15:42:19,620][INFO ][cluster.metadata         ] [node_0] [test_index1] deleting index
[2014-02-18 15:42:19,635][INFO ][test                     ] Test put settings in blank index (indices.put_settings/all_path_options) finished
[2014-02-18 15:42:19,635][INFO ][test.rest.junit          ] skipped test [indices.put_settings/all_path_options/put settings in list of indices]
reason: list of indices not implemented yet
skip versions: 1 - 999 (current version: 1.0.0)
[2014-02-18 15:42:19,635][INFO ][test                     ] Test put settings in _all index (indices.put_settings/all_path_options) started
[2014-02-18 15:42:19,636][INFO ][test.rest.junit          ] cleaning up before test [indices.put_settings/all_path_options: put settings in _all index]
[2014-02-18 15:42:19,640][INFO ][test.rest.junit          ] start test [indices.put_settings/all_path_options: put settings in _all index]
[2014-02-18 15:42:19,640][INFO ][test.rest.junit          ] start setup test [indices.put_settings/all_path_options: put settings in _all index]
[2014-02-18 15:42:19,649][INFO ][cluster.metadata         ] [node_0] [test_index1] creating index, cause [api], shards [5]/[1], mappings []
[2014-02-18 15:42:19,688][INFO ][cluster.metadata         ] [node_0] [test_index2] creating index, cause [api], shards [5]/[1], mappings []
[2014-02-18 15:42:19,745][INFO ][cluster.metadata         ] [node_0] [foo] creating index, cause [api], shards [5]/[1], mappings []
[2014-02-18 15:42:19,764][INFO ][test.rest.junit          ] end setup test [indices.put_settings/all_path_options: put settings in _all index]
[2014-02-18 15:42:19,779][INFO ][index.shard.service      ] [node_0] [foo][0] updating refresh_interval from [1s] to [1s]
[2014-02-18 15:42:19,780][INFO ][index.shard.service      ] [node_0] [foo][1] updating refresh_interval from [1s] to [1s]
[2014-02-18 15:42:19,780][INFO ][index.shard.service      ] [node_0] [foo][4] updating refresh_interval from [1s] to [1s]
[2014-02-18 15:42:19,790][INFO ][index.shard.service      ] [node_0] [foo][3] updating refresh_interval from [1s] to [1s]
[2014-02-18 15:42:19,807][INFO ][index.shard.service      ] [node_0] [foo][2] updating refresh_interval from [1s] to [1s]
[2014-02-18 15:42:19,807][INFO ][index.shard.service      ] [node_0] [test_index2][0] updating refresh_interval from [1s] to [1s]
[2014-02-18 15:42:19,807][INFO ][index.shard.service      ] [node_0] [test_index2][1] updating refresh_interval from [1s] to [1s]
[2014-02-18 15:42:19,807][INFO ][index.shard.service      ] [node_0] [test_index2][2] updating refresh_interval from [1s] to [1s]
[2014-02-18 15:42:19,808][INFO ][index.shard.service      ] [node_0] [test_index2][4] updating refresh_interval from [1s] to [1s]
[2014-02-18 15:42:19,808][INFO ][index.shard.service      ] [node_0] [test_index2][3] updating refresh_interval from [1s] to [1s]
[2014-02-18 15:42:19,808][INFO ][index.shard.service      ] [node_0] [test_index1][0] updating refresh_interval from [1s] to [1s]
[2014-02-18 15:42:19,808][INFO ][index.shard.service      ] [node_0] [test_index1][3] updating refresh_interval from [1s] to [1s]
[2014-02-18 15:42:19,809][INFO ][index.shard.service      ] [node_0] [test_index1][1] updating refresh_interval from [1s] to [1s]
[2014-02-18 15:42:19,809][INFO ][index.shard.service      ] [node_0] [test_index1][2] updating refresh_interval from [1s] to [1s]
[2014-02-18 15:42:19,809][INFO ][index.shard.service      ] [node_0] [test_index1][4] updating refresh_interval from [1s] to [1s]
[2014-02-18 15:42:19,834][INFO ][test.rest.junit          ] end test [indices.put_settings/all_path_options: put settings in _all index]
[2014-02-18 15:42:19,834][INFO ][test.rest.junit          ] cleaning up after test [indices.put_settings/all_path_options: put settings in _all index]
[2014-02-18 15:42:19,836][INFO ][cluster.metadata         ] [node_0] [foo] deleting index
[2014-02-18 15:42:19,850][INFO ][cluster.metadata         ] [node_0] [test_index2] deleting index
[2014-02-18 15:42:19,863][INFO ][cluster.metadata         ] [node_0] [test_index1] deleting index
[2014-02-18 15:42:19,877][INFO ][test                     ] Test put settings in _all index (indices.put_settings/all_path_options) finished
[2014-02-18 15:42:19,877][INFO ][test                     ] Test put settings per index (indices.put_settings/all_path_options) started
[2014-02-18 15:42:19,877][INFO ][test.rest.junit          ] cleaning up before test [indices.put_settings/all_path_options: put settings per index]
[2014-02-18 15:42:19,882][INFO ][test.rest.junit          ] start test [indices.put_settings/all_path_options: put settings per index]
[2014-02-18 15:42:19,882][INFO ][test.rest.junit          ] start setup test [indices.put_settings/all_path_options: put settings per index]
[2014-02-18 15:42:19,892][INFO ][cluster.metadata         ] [node_0] [test_index1] creating index, cause [api], shards [5]/[1], mappings []
[2014-02-18 15:42:19,933][INFO ][cluster.metadata         ] [node_0] [test_index2] creating index, cause [api], shards [5]/[1], mappings []
[2014-02-18 15:42:19,987][INFO ][cluster.metadata         ] [node_0] [foo] creating index, cause [api], shards [5]/[1], mappings []
[2014-02-18 15:42:20,008][INFO ][test.rest.junit          ] end setup test [indices.put_settings/all_path_options: put settings per index]
[2014-02-18 15:42:20,030][INFO ][index.shard.service      ] [node_0] [test_index1][0] updating refresh_interval from [1s] to [1s]
[2014-02-18 15:42:20,030][INFO ][index.shard.service      ] [node_0] [test_index1][3] updating refresh_interval from [1s] to [1s]
[2014-02-18 15:42:20,030][INFO ][index.shard.service      ] [node_0] [test_index1][1] updating refresh_interval from [1s] to [1s]
[2014-02-18 15:42:20,030][INFO ][index.shard.service      ] [node_0] [test_index1][2] updating refresh_interval from [1s] to [1s]
[2014-02-18 15:42:20,031][INFO ][index.shard.service      ] [node_0] [test_index1][4] updating refresh_interval from [1s] to [1s]
[2014-02-18 15:42:20,034][INFO ][index.shard.service      ] [node_0] [test_index2][0] updating refresh_interval from [1s] to [1s]
[2014-02-18 15:42:20,035][INFO ][index.shard.service      ] [node_0] [test_index2][1] updating refresh_interval from [1s] to [1s]
[2014-02-18 15:42:20,035][INFO ][index.shard.service      ] [node_0] [test_index2][2] updating refresh_interval from [1s] to [1s]
[2014-02-18 15:42:20,035][INFO ][index.shard.service      ] [node_0] [test_index2][4] updating refresh_interval from [1s] to [1s]
[2014-02-18 15:42:20,035][INFO ][index.shard.service      ] [node_0] [test_index2][3] updating refresh_interval from [1s] to [1s]
[2014-02-18 15:42:20,039][INFO ][test.rest.junit          ] end test [indices.put_settings/all_path_options: put settings per index]
[2014-02-18 15:42:20,040][INFO ][test.rest.junit          ] cleaning up after test [indices.put_settings/all_path_options: put settings per index]
[2014-02-18 15:42:20,042][INFO ][cluster.metadata         ] [node_0] [foo] deleting index
[2014-02-18 15:42:20,097][INFO ][cluster.metadata         ] [node_0] [test_index2] deleting index
[2014-02-18 15:42:20,111][INFO ][cluster.metadata         ] [node_0] [test_index1] deleting index
[2014-02-18 15:42:20,128][INFO ][test                     ] Test put settings per index (indices.put_settings/all_path_options) finished
[2014-02-18 15:42:20,129][INFO ][test                     ] Test Test put settings (cluster.put_settings/10_basic) started
[2014-02-18 15:42:20,129][INFO ][test.rest.junit          ] cleaning up before test [cluster.put_settings/10_basic: Test put settings]
[2014-02-18 15:42:20,134][INFO ][test.rest.junit          ] start test [cluster.put_settings/10_basic: Test put settings]
[2014-02-18 15:42:20,138][INFO ][discovery.zen            ] [node_0] updating discovery.zen.minimum_master_nodes from [-1] to [1]
[2014-02-18 15:42:20,142][INFO ][test.rest.junit          ] end test [cluster.put_settings/10_basic: Test put settings]
[2014-02-18 15:42:20,143][INFO ][test.rest.junit          ] cleaning up after test [cluster.put_settings/10_basic: Test put settings]
[2014-02-18 15:42:20,147][INFO ][test                     ] Test Test put settings (cluster.put_settings/10_basic) finished
[2014-02-18 15:42:20,147][INFO ][test                     ] Test Test indices.exists_template (indices.exists_template/10_basic) started
[2014-02-18 15:42:20,147][INFO ][test.rest.junit          ] cleaning up before test [indices.exists_template/10_basic: Test indices.exists_template]
[2014-02-18 15:42:20,151][INFO ][test.rest.junit          ] start test [indices.exists_template/10_basic: Test indices.exists_template]
[2014-02-18 15:42:20,152][INFO ][test.rest.junit          ] start setup test [indices.exists_template/10_basic: Test indices.exists_template]
[2014-02-18 15:42:20,155][INFO ][test.rest.junit          ] end setup test [indices.exists_template/10_basic: Test indices.exists_template]
[2014-02-18 15:42:20,162][INFO ][test.rest.junit          ] end test [indices.exists_template/10_basic: Test indices.exists_template]
[2014-02-18 15:42:20,163][INFO ][test.rest.junit          ] cleaning up after test [indices.exists_template/10_basic: Test indices.exists_template]
[2014-02-18 15:42:20,167][INFO ][test                     ] Test Test indices.exists_template (indices.exists_template/10_basic) finished
[2014-02-18 15:42:20,167][INFO ][test                     ] Test Test indices.exists_template with local flag (indices.exists_template/10_basic) started
[2014-02-18 15:42:20,167][INFO ][test.rest.junit          ] cleaning up before test [indices.exists_template/10_basic: Test indices.exists_template with local flag]
[2014-02-18 15:42:20,171][INFO ][test.rest.junit          ] start test [indices.exists_template/10_basic: Test indices.exists_template with local flag]
[2014-02-18 15:42:20,172][INFO ][test.rest.junit          ] start setup test [indices.exists_template/10_basic: Test indices.exists_template with local flag]
[2014-02-18 15:42:20,174][INFO ][test.rest.junit          ] end setup test [indices.exists_template/10_basic: Test indices.exists_template with local flag]
[2014-02-18 15:42:20,177][INFO ][test.rest.junit          ] end test [indices.exists_template/10_basic: Test indices.exists_template with local flag]
[2014-02-18 15:42:20,177][INFO ][test.rest.junit          ] cleaning up after test [indices.exists_template/10_basic: Test indices.exists_template with local flag]
[2014-02-18 15:42:20,181][INFO ][test                     ] Test Test indices.exists_template with local flag (indices.exists_template/10_basic) finished
[2014-02-18 15:42:20,181][INFO ][test                     ] Test Basic test for aliases (indices.update_aliases/10_basic) started
[2014-02-18 15:42:20,182][INFO ][test.rest.junit          ] cleaning up before test [indices.update_aliases/10_basic: Basic test for aliases]
[2014-02-18 15:42:20,186][INFO ][test.rest.junit          ] start test [indices.update_aliases/10_basic: Basic test for aliases]
[2014-02-18 15:42:20,196][INFO ][cluster.metadata         ] [node_0] [test_index] creating index, cause [api], shards [5]/[1], mappings []
[2014-02-18 15:42:20,237][INFO ][test.rest.junit          ] end test [indices.update_aliases/10_basic: Basic test for aliases]
[2014-02-18 15:42:20,237][INFO ][test.rest.junit          ] cleaning up after test [indices.update_aliases/10_basic: Basic test for aliases]
[2014-02-18 15:42:20,239][INFO ][cluster.metadata         ] [node_0] [test_index] deleting index
[2014-02-18 15:42:20,254][INFO ][test                     ] Test Basic test for aliases (indices.update_aliases/10_basic) finished
[2014-02-18 15:42:20,255][INFO ][test                     ] Test Routing (exists/40_routing) started
[2014-02-18 15:42:20,255][INFO ][test.rest.junit          ] cleaning up before test [exists/40_routing: Routing]
[2014-02-18 15:42:20,259][INFO ][test.rest.junit          ] start test [exists/40_routing: Routing]
[2014-02-18 15:42:20,269][INFO ][cluster.metadata         ] [node_0] [test_1] creating index, cause [api], shards [5]/[0], mappings []
[2014-02-18 15:42:20,509][INFO ][cluster.metadata         ] [node_0] [test_1] update_mapping [test] (dynamic)
[2014-02-18 15:42:20,516][INFO ][test.rest.junit          ] end test [exists/40_routing: Routing]
[2014-02-18 15:42:20,516][INFO ][test.rest.junit          ] cleaning up after test [exists/40_routing: Routing]
[2014-02-18 15:42:20,517][INFO ][cluster.metadata         ] [node_0] [test_1] deleting index
[2014-02-18 15:42:20,532][INFO ][test                     ] Test Routing (exists/40_routing) finished
[2014-02-18 15:42:20,532][INFO ][test                     ] Test Client-side default type (exists/70_defaults) started
[2014-02-18 15:42:20,532][INFO ][test.rest.junit          ] cleaning up before test [exists/70_defaults: Client-side default type]
[2014-02-18 15:42:20,537][INFO ][test.rest.junit          ] start test [exists/70_defaults: Client-side default type]
[2014-02-18 15:42:20,549][INFO ][cluster.metadata         ] [node_0] [test_1] creating index, cause [auto(index api)], shards [5]/[1], mappings []
[2014-02-18 15:42:20,586][INFO ][cluster.metadata         ] [node_0] [test_1] update_mapping [test] (dynamic)
[2014-02-18 15:42:20,590][INFO ][test.rest.junit          ] end test [exists/70_defaults: Client-side default type]
[2014-02-18 15:42:20,591][INFO ][test.rest.junit          ] cleaning up after test [exists/70_defaults: Client-side default type]
[2014-02-18 15:42:20,604][INFO ][cluster.metadata         ] [node_0] [test_1] deleting index
[2014-02-18 15:42:20,616][INFO ][test                     ] Test Client-side default type (exists/70_defaults) finished
[2014-02-18 15:42:20,617][INFO ][test                     ] Test Basic (exists/10_basic) started
[2014-02-18 15:42:20,617][INFO ][test.rest.junit          ] cleaning up before test [exists/10_basic: Basic]
[2014-02-18 15:42:20,621][INFO ][test.rest.junit          ] start test [exists/10_basic: Basic]
[2014-02-18 15:42:20,633][INFO ][cluster.metadata         ] [node_0] [test_1] creating index, cause [auto(index api)], shards [5]/[1], mappings []
[2014-02-18 15:42:20,664][INFO ][cluster.metadata         ] [node_0] [test_1] update_mapping [test] (dynamic)
[2014-02-18 15:42:20,668][INFO ][test.rest.junit          ] end test [exists/10_basic: Basic]
[2014-02-18 15:42:20,668][INFO ][test.rest.junit          ] cleaning up after test [exists/10_basic: Basic]
[2014-02-18 15:42:20,670][INFO ][cluster.metadata         ] [node_0] [test_1] deleting index
[2014-02-18 15:42:20,681][INFO ][test                     ] Test Basic (exists/10_basic) finished
[2014-02-18 15:42:20,681][INFO ][test                     ] Test Parent with routing (exists/55_parent_with_routing) started
[2014-02-18 15:42:20,682][INFO ][test.rest.junit          ] cleaning up before test [exists/55_parent_with_routing: Parent with routing]
[2014-02-18 15:42:20,686][INFO ][test.rest.junit          ] start test [exists/55_parent_with_routing: Parent with routing]
[2014-02-18 15:42:20,696][INFO ][cluster.metadata         ] [node_0] [test_1] creating index, cause [api], shards [5]/[0], mappings [test]
[2014-02-18 15:42:20,935][INFO ][cluster.metadata         ] [node_0] [test_1] update_mapping [test] (dynamic)
[2014-02-18 15:42:20,942][INFO ][test.rest.junit          ] end test [exists/55_parent_with_routing: Parent with routing]
[2014-02-18 15:42:20,943][INFO ][test.rest.junit          ] cleaning up after test [exists/55_parent_with_routing: Parent with routing]
[2014-02-18 15:42:20,944][INFO ][cluster.metadata         ] [node_0] [test_1] deleting index
[2014-02-18 15:42:20,957][INFO ][test                     ] Test Parent with routing (exists/55_parent_with_routing) finished
[2014-02-18 15:42:20,957][INFO ][test                     ] Test Parent (exists/30_parent) started
[2014-02-18 15:42:20,957][INFO ][test.rest.junit          ] cleaning up before test [exists/30_parent: Parent]
[2014-02-18 15:42:20,961][INFO ][test.rest.junit          ] start test [exists/30_parent: Parent]
[2014-02-18 15:42:20,962][INFO ][test.rest.junit          ] start setup test [exists/30_parent: Parent]
[2014-02-18 15:42:20,971][INFO ][cluster.metadata         ] [node_0] [test_1] creating index, cause [api], shards [5]/[1], mappings [test]
[2014-02-18 15:42:21,201][INFO ][test.rest.junit          ] end setup test [exists/30_parent: Parent]
[2014-02-18 15:42:21,204][INFO ][cluster.metadata         ] [node_0] [test_1] update_mapping [test] (dynamic)
[2014-02-18 15:42:21,207][INFO ][test.rest.junit          ] end test [exists/30_parent: Parent]
[2014-02-18 15:42:21,207][INFO ][test.rest.junit          ] cleaning up after test [exists/30_parent: Parent]
[2014-02-18 15:42:21,209][INFO ][cluster.metadata         ] [node_0] [test_1] deleting index
[2014-02-18 15:42:21,221][INFO ][test                     ] Test Parent (exists/30_parent) finished
[2014-02-18 15:42:21,222][INFO ][test                     ] Test Parent omitted (exists/30_parent) started
[2014-02-18 15:42:21,222][INFO ][test.rest.junit          ] cleaning up before test [exists/30_parent: Parent omitted]
[2014-02-18 15:42:21,227][INFO ][test.rest.junit          ] start test [exists/30_parent: Parent omitted]
[2014-02-18 15:42:21,227][INFO ][test.rest.junit          ] start setup test [exists/30_parent: Parent omitted]
[2014-02-18 15:42:21,237][INFO ][cluster.metadata         ] [node_0] [test_1] creating index, cause [api], shards [5]/[1], mappings [test]
[2014-02-18 15:42:21,470][INFO ][test.rest.junit          ] end setup test [exists/30_parent: Parent omitted]
[2014-02-18 15:42:21,472][INFO ][test.rest.junit          ] end test [exists/30_parent: Parent omitted]
[2014-02-18 15:42:21,472][INFO ][test.rest.junit          ] cleaning up after test [exists/30_parent: Parent omitted]
[2014-02-18 15:42:21,474][INFO ][cluster.metadata         ] [node_0] [test_1] deleting index
[2014-02-18 15:42:21,484][INFO ][test                     ] Test Parent omitted (exists/30_parent) finished
[2014-02-18 15:42:21,485][INFO ][test                     ] Test Realtime Refresh (exists/60_realtime_refresh) started
[2014-02-18 15:42:21,485][INFO ][test.rest.junit          ] cleaning up before test [exists/60_realtime_refresh: Realtime Refresh]
[2014-02-18 15:42:21,489][INFO ][test.rest.junit          ] start test [exists/60_realtime_refresh: Realtime Refresh]
[2014-02-18 15:42:21,499][INFO ][cluster.metadata         ] [node_0] [test_1] creating index, cause [api], shards [5]/[0], mappings []
[2014-02-18 15:42:21,735][INFO ][cluster.metadata         ] [node_0] [test_1] update_mapping [test] (dynamic)
[2014-02-18 15:42:21,753][INFO ][test.rest.junit          ] end test [exists/60_realtime_refresh: Realtime Refresh]
[2014-02-18 15:42:21,754][INFO ][test.rest.junit          ] cleaning up after test [exists/60_realtime_refresh: Realtime Refresh]
[2014-02-18 15:42:21,756][INFO ][cluster.metadata         ] [node_0] [test_1] deleting index
[2014-02-18 15:42:21,767][INFO ][test                     ] Test Realtime Refresh (exists/60_realtime_refresh) finished
[2014-02-18 15:42:21,768][INFO ][test                     ] Test Test indices.exists (indices.exists/10_basic) started
[2014-02-18 15:42:21,768][INFO ][test.rest.junit          ] cleaning up before test [indices.exists/10_basic: Test indices.exists]
[2014-02-18 15:42:21,773][INFO ][test.rest.junit          ] start test [indices.exists/10_basic: Test indices.exists]
[2014-02-18 15:42:21,787][INFO ][cluster.metadata         ] [node_0] [test_index] creating index, cause [api], shards [5]/[1], mappings []
[2014-02-18 15:42:21,819][INFO ][test.rest.junit          ] end test [indices.exists/10_basic: Test indices.exists]
[2014-02-18 15:42:21,819][INFO ][test.rest.junit          ] cleaning up after test [indices.exists/10_basic: Test indices.exists]
[2014-02-18 15:42:21,821][INFO ][cluster.metadata         ] [node_0] [test_index] deleting index
[2014-02-18 15:42:21,836][INFO ][test                     ] Test Test indices.exists (indices.exists/10_basic) finished
[2014-02-18 15:42:21,836][INFO ][test                     ] Test Test indices.exists with local flag (indices.exists/10_basic) started
[2014-02-18 15:42:21,837][INFO ][test.rest.junit          ] cleaning up before test [indices.exists/10_basic: Test indices.exists with local flag]
[2014-02-18 15:42:21,841][INFO ][test.rest.junit          ] start test [indices.exists/10_basic: Test indices.exists with local flag]
[2014-02-18 15:42:21,844][INFO ][test.rest.junit          ] end test [indices.exists/10_basic: Test indices.exists with local flag]
[2014-02-18 15:42:21,844][INFO ][test.rest.junit          ] cleaning up after test [indices.exists/10_basic: Test indices.exists with local flag]
[2014-02-18 15:42:21,848][INFO ][test                     ] Test Test indices.exists with local flag (indices.exists/10_basic) finished
[2014-02-18 15:42:21,849][INFO ][test                     ] Test stats test (indices.stats/10_basic) started
[2014-02-18 15:42:21,849][INFO ][test.rest.junit          ] cleaning up before test [indices.stats/10_basic: stats test]
[2014-02-18 15:42:21,854][INFO ][test.rest.junit          ] start test [indices.stats/10_basic: stats test]
[2014-02-18 15:42:21,858][INFO ][test.rest.junit          ] end test [indices.stats/10_basic: stats test]
[2014-02-18 15:42:21,858][INFO ][test.rest.junit          ] cleaning up after test [indices.stats/10_basic: stats test]
[2014-02-18 15:42:21,862][INFO ][test                     ] Test stats test (indices.stats/10_basic) finished
[2014-02-18 15:42:21,863][INFO ][test                     ] Test Info (info/10_info) started
[2014-02-18 15:42:21,863][INFO ][test.rest.junit          ] cleaning up before test [info/10_info: Info]
[2014-02-18 15:42:21,867][INFO ][test.rest.junit          ] start test [info/10_info: Info]
[2014-02-18 15:42:21,869][INFO ][test.rest.junit          ] end test [info/10_info: Info]
[2014-02-18 15:42:21,870][INFO ][test.rest.junit          ] cleaning up after test [info/10_info: Info]
[2014-02-18 15:42:21,874][INFO ][test                     ] Test Info (info/10_info) finished
[2014-02-18 15:42:21,874][INFO ][test                     ] Test Lucene Version (info/20_lucene_version) started
[2014-02-18 15:42:21,874][INFO ][test.rest.junit          ] cleaning up before test [info/20_lucene_version: Lucene Version]
[2014-02-18 15:42:21,878][INFO ][test.rest.junit          ] start test [info/20_lucene_version: Lucene Version]
[2014-02-18 15:42:21,881][INFO ][test.rest.junit          ] end test [info/20_lucene_version: Lucene Version]
[2014-02-18 15:42:21,881][INFO ][test.rest.junit          ] cleaning up after test [info/20_lucene_version: Lucene Version]
[2014-02-18 15:42:21,885][INFO ][test                     ] Test Lucene Version (info/20_lucene_version) finished
[2014-02-18 15:42:21,885][INFO ][test                     ] Test Test indices.exists_alias (indices.exists_alias/10_basic) started
[2014-02-18 15:42:21,885][INFO ][test.rest.junit          ] cleaning up before test [indices.exists_alias/10_basic: Test indices.exists_alias]
[2014-02-18 15:42:21,889][INFO ][test.rest.junit          ] start test [indices.exists_alias/10_basic: Test indices.exists_alias]
[2014-02-18 15:42:21,902][INFO ][cluster.metadata         ] [node_0] [test_index] creating index, cause [api], shards [5]/[1], mappings []
[2014-02-18 15:42:21,940][INFO ][test.rest.junit          ] end test [indices.exists_alias/10_basic: Test indices.exists_alias]
[2014-02-18 15:42:21,940][INFO ][test.rest.junit          ] cleaning up after test [indices.exists_alias/10_basic: Test indices.exists_alias]
[2014-02-18 15:42:21,942][INFO ][cluster.metadata         ] [node_0] [test_index] deleting index
[2014-02-18 15:42:21,953][INFO ][test                     ] Test Test indices.exists_alias (indices.exists_alias/10_basic) finished
[2014-02-18 15:42:21,953][INFO ][test                     ] Test Test indices.exists_alias with local flag (indices.exists_alias/10_basic) started
[2014-02-18 15:42:21,953][INFO ][test.rest.junit          ] cleaning up before test [indices.exists_alias/10_basic: Test indices.exists_alias with local flag]
[2014-02-18 15:42:21,957][INFO ][test.rest.junit          ] start test [indices.exists_alias/10_basic: Test indices.exists_alias with local flag]
[2014-02-18 15:42:21,959][INFO ][test.rest.junit          ] end test [indices.exists_alias/10_basic: Test indices.exists_alias with local flag]
[2014-02-18 15:42:21,960][INFO ][test.rest.junit          ] cleaning up after test [indices.exists_alias/10_basic: Test indices.exists_alias with local flag]
[2014-02-18 15:42:21,963][INFO ][test                     ] Test Test indices.exists_alias with local flag (indices.exists_alias/10_basic) finished
[2014-02-18 15:42:21,964][INFO ][test                     ] Test Basic (get_source/10_basic) started
[2014-02-18 15:42:21,964][INFO ][test.rest.junit          ] cleaning up before test [get_source/10_basic: Basic]
[2014-02-18 15:42:21,969][INFO ][test.rest.junit          ] start test [get_source/10_basic: Basic]
[2014-02-18 15:42:21,978][INFO ][cluster.metadata         ] [node_0] [test_1] creating index, cause [auto(index api)], shards [5]/[1], mappings []
[2014-02-18 15:42:22,033][INFO ][cluster.metadata         ] [node_0] [test_1] update_mapping [test] (dynamic)
[2014-02-18 15:42:22,045][INFO ][test.rest.junit          ] end test [get_source/10_basic: Basic]
[2014-02-18 15:42:22,045][INFO ][test.rest.junit          ] cleaning up after test [get_source/10_basic: Basic]
[2014-02-18 15:42:22,050][INFO ][cluster.metadata         ] [node_0] [test_1] deleting index
[2014-02-18 15:42:22,065][INFO ][test                     ] Test Basic (get_source/10_basic) finished
[2014-02-18 15:42:22,065][INFO ][test                     ] Test Routing (get_source/40_routing) started
[2014-02-18 15:42:22,065][INFO ][test.rest.junit          ] cleaning up before test [get_source/40_routing: Routing]
[2014-02-18 15:42:22,070][INFO ][test.rest.junit          ] start test [get_source/40_routing: Routing]
[2014-02-18 15:42:22,080][INFO ][cluster.metadata         ] [node_0] [test_1] creating index, cause [api], shards [5]/[0], mappings []
[2014-02-18 15:42:22,316][INFO ][cluster.metadata         ] [node_0] [test_1] update_mapping [test] (dynamic)
[2014-02-18 15:42:22,322][INFO ][test.rest.junit          ] end test [get_source/40_routing: Routing]
[2014-02-18 15:42:22,322][INFO ][test.rest.junit          ] cleaning up after test [get_source/40_routing: Routing]
[2014-02-18 15:42:22,324][INFO ][cluster.metadata         ] [node_0] [test_1] deleting index
[2014-02-18 15:42:22,337][INFO ][test                     ] Test Routing (get_source/40_routing) finished
[2014-02-18 15:42:22,337][INFO ][test                     ] Test Parent with routing (get_source/55_parent_with_routing) started
[2014-02-18 15:42:22,337][INFO ][test.rest.junit          ] cleaning up before test [get_source/55_parent_with_routing: Parent with routing]
[2014-02-18 15:42:22,342][INFO ][test.rest.junit          ] start test [get_source/55_parent_with_routing: Parent with routing]
[2014-02-18 15:42:22,352][INFO ][cluster.metadata         ] [node_0] [test_1] creating index, cause [api], shards [5]/[0], mappings [test]
[2014-02-18 15:42:22,584][INFO ][cluster.metadata         ] [node_0] [test_1] update_mapping [test] (dynamic)
[2014-02-18 15:42:22,592][INFO ][test.rest.junit          ] end test [get_source/55_parent_with_routing: Parent with routing]
[2014-02-18 15:42:22,592][INFO ][test.rest.junit          ] cleaning up after test [get_source/55_parent_with_routing: Parent with routing]
[2014-02-18 15:42:22,594][INFO ][cluster.metadata         ] [node_0] [test_1] deleting index
[2014-02-18 15:42:22,606][INFO ][test                     ] Test Parent with routing (get_source/55_parent_with_routing) finished
[2014-02-18 15:42:22,607][INFO ][test                     ] Test Parent (get_source/30_parent) started
[2014-02-18 15:42:22,607][INFO ][test.rest.junit          ] cleaning up before test [get_source/30_parent: Parent]
[2014-02-18 15:42:22,612][INFO ][test.rest.junit          ] start test [get_source/30_parent: Parent]
[2014-02-18 15:42:22,612][INFO ][test.rest.junit          ] start setup test [get_source/30_parent: Parent]
[2014-02-18 15:42:22,622][INFO ][cluster.metadata         ] [node_0] [test_1] creating index, cause [api], shards [5]/[1], mappings [test]
[2014-02-18 15:42:22,854][INFO ][cluster.metadata         ] [node_0] [test_1] update_mapping [test] (dynamic)
[2014-02-18 15:42:22,856][INFO ][test.rest.junit          ] end setup test [get_source/30_parent: Parent]
[2014-02-18 15:42:22,858][INFO ][test.rest.junit          ] end test [get_source/30_parent: Parent]
[2014-02-18 15:42:22,858][INFO ][test.rest.junit          ] cleaning up after test [get_source/30_parent: Parent]
[2014-02-18 15:42:22,860][INFO ][cluster.metadata         ] [node_0] [test_1] deleting index
[2014-02-18 15:42:22,872][INFO ][test                     ] Test Parent (get_source/30_parent) finished
[2014-02-18 15:42:22,873][INFO ][test                     ] Test Parent omitted (get_source/30_parent) started
[2014-02-18 15:42:22,873][INFO ][test.rest.junit          ] cleaning up before test [get_source/30_parent: Parent omitted]
[2014-02-18 15:42:22,877][INFO ][test.rest.junit          ] start test [get_source/30_parent: Parent omitted]
[2014-02-18 15:42:22,877][INFO ][test.rest.junit          ] start setup test [get_source/30_parent: Parent omitted]
[2014-02-18 15:42:22,887][INFO ][cluster.metadata         ] [node_0] [test_1] creating index, cause [api], shards [5]/[1], mappings [test]
[2014-02-18 15:42:23,121][INFO ][cluster.metadata         ] [node_0] [test_1] update_mapping [test] (dynamic)
[2014-02-18 15:42:23,122][INFO ][test.rest.junit          ] end setup test [get_source/30_parent: Parent omitted]
[2014-02-18 15:42:23,125][INFO ][test.rest.junit          ] end test [get_source/30_parent: Parent omitted]
[2014-02-18 15:42:23,125][INFO ][test.rest.junit          ] cleaning up after test [get_source/30_parent: Parent omitted]
[2014-02-18 15:42:23,126][INFO ][cluster.metadata         ] [node_0] [test_1] deleting index
[2014-02-18 15:42:23,138][INFO ][test                     ] Test Parent omitted (get_source/30_parent) finished
[2014-02-18 15:42:23,139][INFO ][test                     ] Test Source filtering (get_source/70_source_filtering) started
[2014-02-18 15:42:23,139][INFO ][test.rest.junit          ] cleaning up before test [get_source/70_source_filtering: Source filtering]
[2014-02-18 15:42:23,143][INFO ][test.rest.junit          ] start test [get_source/70_source_filtering: Source filtering]
[2014-02-18 15:42:23,153][INFO ][cluster.metadata         ] [node_0] [test_1] creating index, cause [auto(index api)], shards [5]/[1], mappings []
[2014-02-18 15:42:23,189][INFO ][cluster.metadata         ] [node_0] [test_1] update_mapping [test] (dynamic)
[2014-02-18 15:42:23,198][INFO ][test.rest.junit          ] end test [get_source/70_source_filtering: Source filtering]
[2014-02-18 15:42:23,198][INFO ][test.rest.junit          ] cleaning up after test [get_source/70_source_filtering: Source filtering]
[2014-02-18 15:42:23,200][INFO ][cluster.metadata         ] [node_0] [test_1] deleting index
[2014-02-18 15:42:23,212][INFO ][test                     ] Test Source filtering (get_source/70_source_filtering) finished
[2014-02-18 15:42:23,212][INFO ][test                     ] Test Realtime (get_source/60_realtime_refresh) started
[2014-02-18 15:42:23,212][INFO ][test.rest.junit          ] cleaning up before test [get_source/60_realtime_refresh: Realtime]
[2014-02-18 15:42:23,216][INFO ][test.rest.junit          ] start test [get_source/60_realtime_refresh: Realtime]
[2014-02-18 15:42:23,226][INFO ][cluster.metadata         ] [node_0] [test_1] creating index, cause [api], shards [5]/[0], mappings []
[2014-02-18 15:42:23,458][INFO ][cluster.metadata         ] [node_0] [test_1] update_mapping [test] (dynamic)
[2014-02-18 15:42:23,476][INFO ][test.rest.junit          ] end test [get_source/60_realtime_refresh: Realtime]
[2014-02-18 15:42:23,477][INFO ][test.rest.junit          ] cleaning up after test [get_source/60_realtime_refresh: Realtime]
[2014-02-18 15:42:23,479][INFO ][cluster.metadata         ] [node_0] [test_1] deleting index
[2014-02-18 15:42:23,493][INFO ][test                     ] Test Realtime (get_source/60_realtime_refresh) finished
[2014-02-18 15:42:23,493][INFO ][test                     ] Test Default values (get_source/15_default_values) started
[2014-02-18 15:42:23,493][INFO ][test.rest.junit          ] cleaning up before test [get_source/15_default_values: Default values]
[2014-02-18 15:42:23,498][INFO ][test.rest.junit          ] start test [get_source/15_default_values: Default values]
[2014-02-18 15:42:23,507][INFO ][cluster.metadata         ] [node_0] [test_1] creating index, cause [auto(index api)], shards [5]/[1], mappings []
[2014-02-18 15:42:23,541][INFO ][cluster.metadata         ] [node_0] [test_1] update_mapping [test] (dynamic)
[2014-02-18 15:42:23,545][INFO ][test.rest.junit          ] end test [get_source/15_default_values: Default values]
[2014-02-18 15:42:23,545][INFO ][test.rest.junit          ] cleaning up after test [get_source/15_default_values: Default values]
[2014-02-18 15:42:23,547][INFO ][cluster.metadata         ] [node_0] [test_1] deleting index
[2014-02-18 15:42:23,561][INFO ][test                     ] Test Default values (get_source/15_default_values) finished
[2014-02-18 15:42:23,561][INFO ][test                     ] Test Missing document with catch (get_source/80_missing) started
[2014-02-18 15:42:23,562][INFO ][test.rest.junit          ] cleaning up before test [get_source/80_missing: Missing document with catch]
[2014-02-18 15:42:23,566][INFO ][test.rest.junit          ] start test [get_source/80_missing: Missing document with catch]
[2014-02-18 15:42:23,569][INFO ][test.rest.junit          ] end test [get_source/80_missing: Missing document with catch]
[2014-02-18 15:42:23,569][INFO ][test.rest.junit          ] cleaning up after test [get_source/80_missing: Missing document with catch]
[2014-02-18 15:42:23,573][INFO ][test                     ] Test Missing document with catch (get_source/80_missing) finished
[2014-02-18 15:42:23,574][INFO ][test                     ] Test Missing document with ignore (get_source/80_missing) started
[2014-02-18 15:42:23,574][INFO ][test.rest.junit          ] cleaning up before test [get_source/80_missing: Missing document with ignore]
[2014-02-18 15:42:23,579][INFO ][test.rest.junit          ] start test [get_source/80_missing: Missing document with ignore]
[2014-02-18 15:42:23,581][INFO ][test.rest.junit          ] end test [get_source/80_missing: Missing document with ignore]
[2014-02-18 15:42:23,582][INFO ][test.rest.junit          ] cleaning up after test [get_source/80_missing: Missing document with ignore]
[2014-02-18 15:42:23,586][INFO ][test                     ] Test Missing document with ignore (get_source/80_missing) finished
[2014-02-18 15:42:23,587][INFO ][test                     ] Test Basic scroll (scroll/10_basic) started
[2014-02-18 15:42:23,587][INFO ][test.rest.junit          ] cleaning up before test [scroll/10_basic: Basic scroll]
[2014-02-18 15:42:23,591][INFO ][test.rest.junit          ] start test [scroll/10_basic: Basic scroll]
[2014-02-18 15:42:23,603][INFO ][cluster.metadata         ] [node_0] [test_scroll] creating index, cause [api], shards [5]/[1], mappings []
[2014-02-18 15:42:23,633][INFO ][cluster.metadata         ] [node_0] [test_scroll] update_mapping [test] (dynamic)
[2014-02-18 15:42:23,667][INFO ][test.rest.junit          ] end test [scroll/10_basic: Basic scroll]
[2014-02-18 15:42:23,667][INFO ][test.rest.junit          ] cleaning up after test [scroll/10_basic: Basic scroll]
[2014-02-18 15:42:23,669][INFO ][cluster.metadata         ] [node_0] [test_scroll] deleting index
[2014-02-18 15:42:23,683][INFO ][test                     ] Test Basic scroll (scroll/10_basic) finished
[2014-02-18 15:42:23,683][INFO ][test                     ] Test Basic test for delete alias (indices.delete_alias/10_basic) started
[2014-02-18 15:42:23,684][INFO ][test.rest.junit          ] cleaning up before test [indices.delete_alias/10_basic: Basic test for delete alias]
[2014-02-18 15:42:23,688][INFO ][test.rest.junit          ] start test [indices.delete_alias/10_basic: Basic test for delete alias]
[2014-02-18 15:42:23,697][INFO ][cluster.metadata         ] [node_0] [testind] creating index, cause [api], shards [5]/[1], mappings []
[2014-02-18 15:42:23,740][INFO ][test.rest.junit          ] end test [indices.delete_alias/10_basic: Basic test for delete alias]
[2014-02-18 15:42:23,740][INFO ][test.rest.junit          ] cleaning up after test [indices.delete_alias/10_basic: Basic test for delete alias]
[2014-02-18 15:42:23,742][INFO ][cluster.metadata         ] [node_0] [testind] deleting index
[2014-02-18 15:42:23,753][INFO ][test                     ] Test Basic test for delete alias (indices.delete_alias/10_basic) finished
[2014-02-18 15:42:23,753][INFO ][test                     ] Test check delete with index list (indices.delete_alias/all_path_options) started
[2014-02-18 15:42:23,753][INFO ][test.rest.junit          ] cleaning up before test [indices.delete_alias/all_path_options: check delete with index list]
[2014-02-18 15:42:23,758][INFO ][test.rest.junit          ] start test [indices.delete_alias/all_path_options: check delete with index list]
[2014-02-18 15:42:23,758][INFO ][test.rest.junit          ] start setup test [indices.delete_alias/all_path_options: check delete with index list]
[2014-02-18 15:42:23,767][INFO ][cluster.metadata         ] [node_0] [test_index1] creating index, cause [api], shards [5]/[1], mappings []
[2014-02-18 15:42:23,809][INFO ][cluster.metadata         ] [node_0] [test_index2] creating index, cause [api], shards [5]/[1], mappings []
[2014-02-18 15:42:23,852][INFO ][cluster.metadata         ] [node_0] [foo] creating index, cause [api], shards [5]/[1], mappings []
[2014-02-18 15:42:23,891][INFO ][test.rest.junit          ] end setup test [indices.delete_alias/all_path_options: check delete with index list]
[2014-02-18 15:42:23,899][INFO ][test.rest.junit          ] end test [indices.delete_alias/all_path_options: check delete with index list]
[2014-02-18 15:42:23,899][INFO ][test.rest.junit          ] cleaning up after test [indices.delete_alias/all_path_options: check delete with index list]
[2014-02-18 15:42:23,901][INFO ][cluster.metadata         ] [node_0] [foo] deleting index
[2014-02-18 15:42:23,909][INFO ][cluster.metadata         ] [node_0] [test_index2] deleting index
[2014-02-18 15:42:23,917][INFO ][cluster.metadata         ] [node_0] [test_index1] deleting index
[2014-02-18 15:42:23,928][INFO ][test                     ] Test check delete with index list (indices.delete_alias/all_path_options) finished
[2014-02-18 15:42:23,929][INFO ][test                     ] Test check delete with _all index (indices.delete_alias/all_path_options) started
[2014-02-18 15:42:23,929][INFO ][test.rest.junit          ] cleaning up before test [indices.delete_alias/all_path_options: check delete with _all index]
[2014-02-18 15:42:23,933][INFO ][test.rest.junit          ] start test [indices.delete_alias/all_path_options: check delete with _all index]
[2014-02-18 15:42:23,933][INFO ][test.rest.junit          ] start setup test [indices.delete_alias/all_path_options: check delete with _all index]
[2014-02-18 15:42:23,942][INFO ][cluster.metadata         ] [node_0] [test_index1] creating index, cause [api], shards [5]/[1], mappings []
[2014-02-18 15:42:23,979][INFO ][cluster.metadata         ] [node_0] [test_index2] creating index, cause [api], shards [5]/[1], mappings []
[2014-02-18 15:42:24,053][INFO ][cluster.metadata         ] [node_0] [foo] creating index, cause [api], shards [5]/[1], mappings []
[2014-02-18 15:42:24,157][INFO ][test.rest.junit          ] end setup test [indices.delete_alias/all_path_options: check delete with _all index]
[2014-02-18 15:42:24,167][INFO ][test.rest.junit          ] end test [indices.delete_alias/all_path_options: check delete with _all index]
[2014-02-18 15:42:24,167][INFO ][test.rest.junit          ] cleaning up after test [indices.delete_alias/all_path_options: check delete with _all index]
[2014-02-18 15:42:24,169][INFO ][cluster.metadata         ] [node_0] [foo] deleting index
[2014-02-18 15:42:24,183][INFO ][cluster.metadata         ] [node_0] [test_index2] deleting index
[2014-02-18 15:42:24,196][INFO ][cluster.metadata         ] [node_0] [test_index1] deleting index
[2014-02-18 15:42:24,212][INFO ][test                     ] Test check delete with _all index (indices.delete_alias/all_path_options) finished
[2014-02-18 15:42:24,212][INFO ][test                     ] Test check delete with index list and * aliases (indices.delete_alias/all_path_options) started
[2014-02-18 15:42:24,212][INFO ][test.rest.junit          ] cleaning up before test [indices.delete_alias/all_path_options: check delete with index list and * aliases]
[2014-02-18 15:42:24,216][INFO ][test.rest.junit          ] start test [indices.delete_alias/all_path_options: check delete with index list and * aliases]
[2014-02-18 15:42:24,217][INFO ][test.rest.junit          ] start setup test [indices.delete_alias/all_path_options: check delete with index list and * aliases]
[2014-02-18 15:42:24,226][INFO ][cluster.metadata         ] [node_0] [test_index1] creating index, cause [api], shards [5]/[1], mappings []
[2014-02-18 15:42:24,268][INFO ][cluster.metadata         ] [node_0] [test_index2] creating index, cause [api], shards [5]/[1], mappings []
[2014-02-18 15:42:24,340][INFO ][cluster.metadata         ] [node_0] [foo] creating index, cause [api], shards [5]/[1], mappings []
[2014-02-18 15:42:24,417][INFO ][test.rest.junit          ] end setup test [indices.delete_alias/all_path_options: check delete with index list and * aliases]
[2014-02-18 15:42:24,426][INFO ][test.rest.junit          ] end test [indices.delete_alias/all_path_options: check delete with index list and * aliases]
[2014-02-18 15:42:24,427][INFO ][test.rest.junit          ] cleaning up after test [indices.delete_alias/all_path_options: check delete with index list and * aliases]
[2014-02-18 15:42:24,429][INFO ][cluster.metadata         ] [node_0] [foo] deleting index
[2014-02-18 15:42:24,437][INFO ][cluster.metadata         ] [node_0] [test_index2] deleting index
[2014-02-18 15:42:24,447][INFO ][cluster.metadata         ] [node_0] [test_index1] deleting index
[2014-02-18 15:42:24,459][INFO ][test                     ] Test check delete with index list and * aliases (indices.delete_alias/all_path_options) finished
[2014-02-18 15:42:24,460][INFO ][test                     ] Test check delete with * index (indices.delete_alias/all_path_options) started
[2014-02-18 15:42:24,460][INFO ][test.rest.junit          ] cleaning up before test [indices.delete_alias/all_path_options: check delete with * index]
[2014-02-18 15:42:24,464][INFO ][test.rest.junit          ] start test [indices.delete_alias/all_path_options: check delete with * index]
[2014-02-18 15:42:24,464][INFO ][test.rest.junit          ] start setup test [indices.delete_alias/all_path_options: check delete with * index]
[2014-02-18 15:42:24,473][INFO ][cluster.metadata         ] [node_0] [test_index1] creating index, cause [api], shards [5]/[1], mappings []
[2014-02-18 15:42:24,512][INFO ][cluster.metadata         ] [node_0] [test_index2] creating index, cause [api], shards [5]/[1], mappings []
[2014-02-18 15:42:24,556][INFO ][cluster.metadata         ] [node_0] [foo] creating index, cause [api], shards [5]/[1], mappings []
[2014-02-18 15:42:24,657][INFO ][test.rest.junit          ] end setup test [indices.delete_alias/all_path_options: check delete with * index]
[2014-02-18 15:42:24,666][INFO ][test.rest.junit          ] end test [indices.delete_alias/all_path_options: check delete with * index]
[2014-02-18 15:42:24,667][INFO ][test.rest.junit          ] cleaning up after test [indices.delete_alias/all_path_options: check delete with * index]
[2014-02-18 15:42:24,669][INFO ][cluster.metadata         ] [node_0] [foo] deleting index
[2014-02-18 15:42:24,677][INFO ][cluster.metadata         ] [node_0] [test_index2] deleting index
[2014-02-18 15:42:24,690][INFO ][cluster.metadata         ] [node_0] [test_index1] deleting index
[2014-02-18 15:42:24,703][INFO ][test                     ] Test check delete with * index (indices.delete_alias/all_path_options) finished
[2014-02-18 15:42:24,703][INFO ][test                     ] Test check delete with prefix* index (indices.delete_alias/all_path_options) started
[2014-02-18 15:42:24,703][INFO ][test.rest.junit          ] cleaning up before test [indices.delete_alias/all_path_options: check delete with prefix* index]
[2014-02-18 15:42:24,708][INFO ][test.rest.junit          ] start test [indices.delete_alias/all_path_options: check delete with prefix* index]
[2014-02-18 15:42:24,708][INFO ][test.rest.junit          ] start setup test [indices.delete_alias/all_path_options: check delete with prefix* index]
[2014-02-18 15:42:24,718][INFO ][cluster.metadata         ] [node_0] [test_index1] creating index, cause [api], shards [5]/[1], mappings []
[2014-02-18 15:42:24,756][INFO ][cluster.metadata         ] [node_0] [test_index2] creating index, cause [api], shards [5]/[1], mappings []
[2014-02-18 15:42:24,801][INFO ][cluster.metadata         ] [node_0] [foo] creating index, cause [api], shards [5]/[1], mappings []
[2014-02-18 15:42:24,881][INFO ][test.rest.junit          ] end setup test [indices.delete_alias/all_path_options: check delete with prefix* index]
[2014-02-18 15:42:24,889][INFO ][test.rest.junit          ] end test [indices.delete_alias/all_path_options: check delete with prefix* index]
[2014-02-18 15:42:24,889][INFO ][test.rest.junit          ] cleaning up after test [indices.delete_alias/all_path_options: check delete with prefix* index]
[2014-02-18 15:42:24,891][INFO ][cluster.metadata         ] [node_0] [foo] deleting index
[2014-02-18 15:42:24,901][INFO ][cluster.metadata         ] [node_0] [test_index2] deleting index
[2014-02-18 15:42:24,915][INFO ][cluster.metadata         ] [node_0] [test_index1] deleting index
[2014-02-18 15:42:24,929][INFO ][test                     ] Test check delete with prefix* index (indices.delete_alias/all_path_options) finished
[2014-02-18 15:42:24,930][INFO ][test                     ] Test check 404 on no matching alias (indices.delete_alias/all_path_options) started
[2014-02-18 15:42:24,930][INFO ][test.rest.junit          ] cleaning up before test [indices.delete_alias/all_path_options: check 404 on no matching alias]
[2014-02-18 15:42:24,934][INFO ][test.rest.junit          ] start test [indices.delete_alias/all_path_options: check 404 on no matching alias]
[2014-02-18 15:42:24,934][INFO ][test.rest.junit          ] start setup test [indices.delete_alias/all_path_options: check 404 on no matching alias]
[2014-02-18 15:42:24,944][INFO ][cluster.metadata         ] [node_0] [test_index1] creating index, cause [api], shards [5]/[1], mappings []
[2014-02-18 15:42:24,980][INFO ][cluster.metadata         ] [node_0] [test_index2] creating index, cause [api], shards [5]/[1], mappings []
[2014-02-18 15:42:25,028][INFO ][cluster.metadata         ] [node_0] [foo] creating index, cause [api], shards [5]/[1], mappings []
[2014-02-18 15:42:25,114][INFO ][test.rest.junit          ] end setup test [indices.delete_alias/all_path_options: check 404 on no matching alias]
[2014-02-18 15:42:25,120][INFO ][test.rest.junit          ] end test [indices.delete_alias/all_path_options: check 404 on no matching alias]
[2014-02-18 15:42:25,121][INFO ][test.rest.junit          ] cleaning up after test [indices.delete_alias/all_path_options: check 404 on no matching alias]
[2014-02-18 15:42:25,123][INFO ][cluster.metadata         ] [node_0] [foo] deleting index
[2014-02-18 15:42:25,133][INFO ][cluster.metadata         ] [node_0] [test_index2] deleting index
[2014-02-18 15:42:25,148][INFO ][cluster.metadata         ] [node_0] [test_index1] deleting index
[2014-02-18 15:42:25,162][INFO ][test                     ] Test check 404 on no matching alias (indices.delete_alias/all_path_options) finished
[2014-02-18 15:42:25,162][INFO ][test                     ] Test check delete with blank index and blank alias (indices.delete_alias/all_path_options) started
[2014-02-18 15:42:25,163][INFO ][test.rest.junit          ] cleaning up before test [indices.delete_alias/all_path_options: check delete with blank index and blank alias]
[2014-02-18 15:42:25,167][INFO ][test.rest.junit          ] start test [indices.delete_alias/all_path_options: check delete with blank index and blank alias]
[2014-02-18 15:42:25,167][INFO ][test.rest.junit          ] start setup test [indices.delete_alias/all_path_options: check delete with blank index and blank alias]
[2014-02-18 15:42:25,176][INFO ][cluster.metadata         ] [node_0] [test_index1] creating index, cause [api], shards [5]/[1], mappings []
[2014-02-18 15:42:25,214][INFO ][cluster.metadata         ] [node_0] [test_index2] creating index, cause [api], shards [5]/[1], mappings []
[2014-02-18 15:42:25,275][INFO ][cluster.metadata         ] [node_0] [foo] creating index, cause [api], shards [5]/[1], mappings []
[2014-02-18 15:42:25,336][INFO ][test.rest.junit          ] end setup test [indices.delete_alias/all_path_options: check delete with blank index and blank alias]
[2014-02-18 15:42:25,336][INFO ][test.rest.section        ] found [catch: param], no request sent
[2014-02-18 15:42:25,336][INFO ][test.rest.section        ] found [catch: param], no request sent
[2014-02-18 15:42:25,336][INFO ][test.rest.junit          ] end test [indices.delete_alias/all_path_options: check delete with blank index and blank alias]
[2014-02-18 15:42:25,336][INFO ][test.rest.junit          ] cleaning up after test [indices.delete_alias/all_path_options: check delete with blank index and blank alias]
[2014-02-18 15:42:25,338][INFO ][cluster.metadata         ] [node_0] [foo] deleting index
[2014-02-18 15:42:25,351][INFO ][cluster.metadata         ] [node_0] [test_index2] deleting index
[2014-02-18 15:42:25,363][INFO ][cluster.metadata         ] [node_0] [test_index1] deleting index
[2014-02-18 15:42:25,380][INFO ][test                     ] Test check delete with blank index and blank alias (indices.delete_alias/all_path_options) finished
[2014-02-18 15:42:25,380][INFO ][test                     ] Test check setup (indices.delete_alias/all_path_options) started
[2014-02-18 15:42:25,380][INFO ][test.rest.junit          ] cleaning up before test [indices.delete_alias/all_path_options: check setup]
[2014-02-18 15:42:25,385][INFO ][test.rest.junit          ] start test [indices.delete_alias/all_path_options: check setup]
[2014-02-18 15:42:25,385][INFO ][test.rest.junit          ] start setup test [indices.delete_alias/all_path_options: check setup]
[2014-02-18 15:42:25,394][INFO ][cluster.metadata         ] [node_0] [test_index1] creating index, cause [api], shards [5]/[1], mappings []
[2014-02-18 15:42:25,433][INFO ][cluster.metadata         ] [node_0] [test_index2] creating index, cause [api], shards [5]/[1], mappings []
[2014-02-18 15:42:25,484][INFO ][cluster.metadata         ] [node_0] [foo] creating index, cause [api], shards [5]/[1], mappings []
[2014-02-18 15:42:25,532][INFO ][test.rest.junit          ] end setup test [indices.delete_alias/all_path_options: check setup]
[2014-02-18 15:42:25,539][INFO ][test.rest.junit          ] end test [indices.delete_alias/all_path_options: check setup]
[2014-02-18 15:42:25,539][INFO ][test.rest.junit          ] cleaning up after test [indices.delete_alias/all_path_options: check setup]
[2014-02-18 15:42:25,542][INFO ][cluster.metadata         ] [node_0] [foo] deleting index
[2014-02-18 15:42:25,555][INFO ][cluster.metadata         ] [node_0] [test_index2] deleting index
[2014-02-18 15:42:25,569][INFO ][cluster.metadata         ] [node_0] [test_index1] deleting index
[2014-02-18 15:42:25,584][INFO ][test                     ] Test check setup (indices.delete_alias/all_path_options) finished
[2014-02-18 15:42:25,585][INFO ][test                     ] Test check delete with index list and _all aliases (indices.delete_alias/all_path_options) started
[2014-02-18 15:42:25,585][INFO ][test.rest.junit          ] cleaning up before test [indices.delete_alias/all_path_options: check delete with index list and _all aliases]
[2014-02-18 15:42:25,590][INFO ][test.rest.junit          ] start test [indices.delete_alias/all_path_options: check delete with index list and _all aliases]
[2014-02-18 15:42:25,590][INFO ][test.rest.junit          ] start setup test [indices.delete_alias/all_path_options: check delete with index list and _all aliases]
[2014-02-18 15:42:25,603][INFO ][cluster.metadata         ] [node_0] [test_index1] creating index, cause [api], shards [5]/[1], mappings []
[2014-02-18 15:42:25,651][INFO ][cluster.metadata         ] [node_0] [test_index2] creating index, cause [api], shards [5]/[1], mappings []
[2014-02-18 15:42:25,712][INFO ][cluster.metadata         ] [node_0] [foo] creating index, cause [api], shards [5]/[1], mappings []
[2014-02-18 15:42:25,770][INFO ][test.rest.junit          ] end setup test [indices.delete_alias/all_path_options: check delete with index list and _all aliases]
[2014-02-18 15:42:25,779][INFO ][test.rest.junit          ] end test [indices.delete_alias/all_path_options: check delete with index list and _all aliases]
[2014-02-18 15:42:25,780][INFO ][test.rest.junit          ] cleaning up after test [indices.delete_alias/all_path_options: check delete with index list and _all aliases]
[2014-02-18 15:42:25,782][INFO ][cluster.metadata         ] [node_0] [foo] deleting index
[2014-02-18 15:42:25,806][INFO ][cluster.metadata         ] [node_0] [test_index2] deleting index
[2014-02-18 15:42:25,820][INFO ][cluster.metadata         ] [node_0] [test_index1] deleting index
[2014-02-18 15:42:25,835][INFO ][test                     ] Test check delete with index list and _all aliases (indices.delete_alias/all_path_options) finished
[2014-02-18 15:42:25,835][INFO ][test                     ] Test check delete with index list and wildcard aliases (indices.delete_alias/all_path_options) started
[2014-02-18 15:42:25,836][INFO ][test.rest.junit          ] cleaning up before test [indices.delete_alias/all_path_options: check delete with index list and wildcard aliases]
[2014-02-18 15:42:25,840][INFO ][test.rest.junit          ] start test [indices.delete_alias/all_path_options: check delete with index list and wildcard aliases]
[2014-02-18 15:42:25,840][INFO ][test.rest.junit          ] start setup test [indices.delete_alias/all_path_options: check delete with index list and wildcard aliases]
[2014-02-18 15:42:25,854][INFO ][cluster.metadata         ] [node_0] [test_index1] creating index, cause [api], shards [5]/[1], mappings []
[2014-02-18 15:42:25,899][INFO ][cluster.metadata         ] [node_0] [test_index2] creating index, cause [api], shards [5]/[1], mappings []
[2014-02-18 15:42:25,955][INFO ][cluster.metadata         ] [node_0] [foo] creating index, cause [api], shards [5]/[1], mappings []
[2014-02-18 15:42:26,006][INFO ][test.rest.junit          ] end setup test [indices.delete_alias/all_path_options: check delete with index list and wildcard aliases]
[2014-02-18 15:42:26,016][INFO ][test.rest.junit          ] end test [indices.delete_alias/all_path_options: check delete with index list and wildcard aliases]
[2014-02-18 15:42:26,016][INFO ][test.rest.junit          ] cleaning up after test [indices.delete_alias/all_path_options: check delete with index list and wildcard aliases]
[2014-02-18 15:42:26,019][INFO ][cluster.metadata         ] [node_0] [foo] deleting index
[2014-02-18 15:42:26,034][INFO ][cluster.metadata         ] [node_0] [test_index2] deleting index
[2014-02-18 15:42:26,056][INFO ][cluster.metadata         ] [node_0] [test_index1] deleting index
[2014-02-18 15:42:26,072][INFO ][test                     ] Test check delete with index list and wildcard aliases (indices.delete_alias/all_path_options) finished
[2014-02-18 15:42:26,072][INFO ][test                     ] Test Test pending tasks (cluster.pending_tasks/10_basic) started
[2014-02-18 15:42:26,073][INFO ][test.rest.junit          ] cleaning up before test [cluster.pending_tasks/10_basic: Test pending tasks]
[2014-02-18 15:42:26,078][INFO ][test.rest.junit          ] start test [cluster.pending_tasks/10_basic: Test pending tasks]
[2014-02-18 15:42:26,084][INFO ][test.rest.junit          ] end test [cluster.pending_tasks/10_basic: Test pending tasks]
[2014-02-18 15:42:26,084][INFO ][test.rest.junit          ] cleaning up after test [cluster.pending_tasks/10_basic: Test pending tasks]
[2014-02-18 15:42:26,089][INFO ][test                     ] Test Test pending tasks (cluster.pending_tasks/10_basic) finished
[2014-02-18 15:42:26,090][INFO ][test                     ] Test Test pending tasks with local flag (cluster.pending_tasks/10_basic) started
[2014-02-18 15:42:26,090][INFO ][test.rest.junit          ] cleaning up before test [cluster.pending_tasks/10_basic: Test pending tasks with local flag]
[2014-02-18 15:42:26,095][INFO ][test.rest.junit          ] start test [cluster.pending_tasks/10_basic: Test pending tasks with local flag]
[2014-02-18 15:42:26,097][INFO ][test.rest.junit          ] end test [cluster.pending_tasks/10_basic: Test pending tasks with local flag]
[2014-02-18 15:42:26,097][INFO ][test.rest.junit          ] cleaning up after test [cluster.pending_tasks/10_basic: Test pending tasks with local flag]
[2014-02-18 15:42:26,102][INFO ][test                     ] Test Test pending tasks with local flag (cluster.pending_tasks/10_basic) finished
[2014-02-18 15:42:26,102][INFO ][test                     ] Test Test cat shards output (cat.shards/10_basic) started
[2014-02-18 15:42:26,103][INFO ][test.rest.junit          ] cleaning up before test [cat.shards/10_basic: Test cat shards output]
[2014-02-18 15:42:26,107][INFO ][test.rest.junit          ] start test [cat.shards/10_basic: Test cat shards output]
[2014-02-18 15:42:26,107][INFO ][test.rest.junit          ] start setup test [cat.shards/10_basic: Test cat shards output]
[2014-02-18 15:42:26,107][INFO ][test.rest.junit          ] end setup test [cat.shards/10_basic: Test cat shards output]
[2014-02-18 15:42:26,126][INFO ][cluster.metadata         ] [node_0] [index1] creating index, cause [auto(index api)], shards [5]/[1], mappings []
[2014-02-18 15:42:26,158][INFO ][cluster.metadata         ] [node_0] [index1] update_mapping [type1] (dynamic)
[2014-02-18 15:42:26,212][INFO ][cluster.metadata         ] [node_0] [index2] creating index, cause [api], shards [5]/[0], mappings []
[2014-02-18 15:42:26,449][INFO ][test.rest.junit          ] end test [cat.shards/10_basic: Test cat shards output]
[2014-02-18 15:42:26,449][INFO ][test.rest.junit          ] cleaning up after test [cat.shards/10_basic: Test cat shards output]
[2014-02-18 15:42:26,451][INFO ][cluster.metadata         ] [node_0] [index1] deleting index
[2014-02-18 15:42:26,461][INFO ][cluster.metadata         ] [node_0] [index2] deleting index
[2014-02-18 15:42:26,477][INFO ][test                     ] Test Test cat shards output (cat.shards/10_basic) finished
[2014-02-18 15:42:26,478][INFO ][test                     ] Test Test Create and update mapping (indices.put_mapping/10_basic) started
[2014-02-18 15:42:26,478][INFO ][test.rest.junit          ] cleaning up before test [indices.put_mapping/10_basic: Test Create and update mapping]
[2014-02-18 15:42:26,483][INFO ][test.rest.junit          ] start test [indices.put_mapping/10_basic: Test Create and update mapping]
[2014-02-18 15:42:26,493][INFO ][cluster.metadata         ] [node_0] [test_index] creating index, cause [api], shards [5]/[1], mappings []
[2014-02-18 15:42:26,525][INFO ][cluster.metadata         ] [node_0] [test_index] create_mapping [test_type]
[2014-02-18 15:42:26,533][INFO ][cluster.metadata         ] [node_0] [test_index] update_mapping [test_type]
[2014-02-18 15:42:26,537][INFO ][test.rest.junit          ] end test [indices.put_mapping/10_basic: Test Create and update mapping]
[2014-02-18 15:42:26,537][INFO ][test.rest.junit          ] cleaning up after test [indices.put_mapping/10_basic: Test Create and update mapping]
[2014-02-18 15:42:26,539][INFO ][cluster.metadata         ] [node_0] [test_index] deleting index
[2014-02-18 15:42:26,553][INFO ][test                     ] Test Test Create and update mapping (indices.put_mapping/10_basic) finished
[2014-02-18 15:42:26,553][INFO ][test                     ] Test put one mapping per index (indices.put_mapping/all_path_options) started
[2014-02-18 15:42:26,553][INFO ][test.rest.junit          ] cleaning up before test [indices.put_mapping/all_path_options: put one mapping per index]
[2014-02-18 15:42:26,558][INFO ][test.rest.junit          ] start test [indices.put_mapping/all_path_options: put one mapping per index]
[2014-02-18 15:42:26,558][INFO ][test.rest.junit          ] start setup test [indices.put_mapping/all_path_options: put one mapping per index]
[2014-02-18 15:42:26,570][INFO ][cluster.metadata         ] [node_0] [test_index1] creating index, cause [api], shards [5]/[1], mappings []
[2014-02-18 15:42:26,620][INFO ][cluster.metadata         ] [node_0] [test_index2] creating index, cause [api], shards [5]/[1], mappings []
[2014-02-18 15:42:26,673][INFO ][cluster.metadata         ] [node_0] [foo] creating index, cause [api], shards [5]/[1], mappings []
[2014-02-18 15:42:26,692][INFO ][test.rest.junit          ] end setup test [indices.put_mapping/all_path_options: put one mapping per index]
[2014-02-18 15:42:26,722][INFO ][cluster.metadata         ] [node_0] [test_index1] create_mapping [test_type]
[2014-02-18 15:42:26,727][INFO ][cluster.metadata         ] [node_0] [test_index2] create_mapping [test_type]
[2014-02-18 15:42:26,731][INFO ][test.rest.junit          ] end test [indices.put_mapping/all_path_options: put one mapping per index]
[2014-02-18 15:42:26,731][INFO ][test.rest.junit          ] cleaning up after test [indices.put_mapping/all_path_options: put one mapping per index]
[2014-02-18 15:42:26,734][INFO ][cluster.metadata         ] [node_0] [foo] deleting index
[2014-02-18 15:42:26,760][INFO ][cluster.metadata         ] [node_0] [test_index2] deleting index
[2014-02-18 15:42:26,773][INFO ][cluster.metadata         ] [node_0] [test_index1] deleting index
[2014-02-18 15:42:26,786][INFO ][test                     ] Test put one mapping per index (indices.put_mapping/all_path_options) finished
[2014-02-18 15:42:26,786][INFO ][test                     ] Test put mapping with missing type (indices.put_mapping/all_path_options) started
[2014-02-18 15:42:26,787][INFO ][test.rest.junit          ] cleaning up before test [indices.put_mapping/all_path_options: put mapping with missing type]
[2014-02-18 15:42:26,791][INFO ][test.rest.junit          ] start test [indices.put_mapping/all_path_options: put mapping with missing type]
[2014-02-18 15:42:26,791][INFO ][test.rest.junit          ] start setup test [indices.put_mapping/all_path_options: put mapping with missing type]
[2014-02-18 15:42:26,805][INFO ][cluster.metadata         ] [node_0] [test_index1] creating index, cause [api], shards [5]/[1], mappings []
[2014-02-18 15:42:26,853][INFO ][cluster.metadata         ] [node_0] [test_index2] creating index, cause [api], shards [5]/[1], mappings []
[2014-02-18 15:42:26,903][INFO ][cluster.metadata         ] [node_0] [foo] creating index, cause [api], shards [5]/[1], mappings []
[2014-02-18 15:42:26,941][INFO ][test.rest.junit          ] end setup test [indices.put_mapping/all_path_options: put mapping with missing type]
[2014-02-18 15:42:26,941][INFO ][test.rest.section        ] found [catch: param], no request sent
[2014-02-18 15:42:26,941][INFO ][test.rest.junit          ] end test [indices.put_mapping/all_path_options: put mapping with missing type]
[2014-02-18 15:42:26,941][INFO ][test.rest.junit          ] cleaning up after test [indices.put_mapping/all_path_options: put mapping with missing type]
[2014-02-18 15:42:26,956][INFO ][cluster.metadata         ] [node_0] [foo] deleting index
[2014-02-18 15:42:26,967][INFO ][cluster.metadata         ] [node_0] [test_index2] deleting index
[2014-02-18 15:42:26,980][INFO ][cluster.metadata         ] [node_0] [test_index1] deleting index
[2014-02-18 15:42:26,993][INFO ][test                     ] Test put mapping with missing type (indices.put_mapping/all_path_options) finished
[2014-02-18 15:42:26,994][INFO ][test                     ] Test put mapping in _all index (indices.put_mapping/all_path_options) started
[2014-02-18 15:42:26,994][INFO ][test.rest.junit          ] cleaning up before test [indices.put_mapping/all_path_options: put mapping in _all index]
[2014-02-18 15:42:26,999][INFO ][test.rest.junit          ] start test [indices.put_mapping/all_path_options: put mapping in _all index]
[2014-02-18 15:42:26,999][INFO ][test.rest.junit          ] start setup test [indices.put_mapping/all_path_options: put mapping in _all index]
[2014-02-18 15:42:27,012][INFO ][cluster.metadata         ] [node_0] [test_index1] creating index, cause [api], shards [5]/[1], mappings []
[2014-02-18 15:42:27,061][INFO ][cluster.metadata         ] [node_0] [test_index2] creating index, cause [api], shards [5]/[1], mappings []
[2014-02-18 15:42:27,113][INFO ][cluster.metadata         ] [node_0] [foo] creating index, cause [api], shards [5]/[1], mappings []
[2014-02-18 15:42:27,172][INFO ][test.rest.junit          ] end setup test [indices.put_mapping/all_path_options: put mapping in _all index]
[2014-02-18 15:42:27,191][INFO ][cluster.metadata         ] [node_0] [foo] create_mapping [test_type]
[2014-02-18 15:42:27,192][INFO ][cluster.metadata         ] [node_0] [test_index2] create_mapping [test_type]
[2014-02-18 15:42:27,192][INFO ][cluster.metadata         ] [node_0] [test_index1] create_mapping [test_type]
[2014-02-18 15:42:27,197][INFO ][test.rest.junit          ] end test [indices.put_mapping/all_path_options: put mapping in _all index]
[2014-02-18 15:42:27,197][INFO ][test.rest.junit          ] cleaning up after test [indices.put_mapping/all_path_options: put mapping in _all index]
[2014-02-18 15:42:27,199][INFO ][cluster.metadata         ] [node_0] [foo] deleting index
[2014-02-18 15:42:27,210][INFO ][cluster.metadata         ] [node_0] [test_index2] deleting index
[2014-02-18 15:42:27,223][INFO ][cluster.metadata         ] [node_0] [test_index1] deleting index
[2014-02-18 15:42:27,237][INFO ][test                     ] Test put mapping in _all index (indices.put_mapping/all_path_options) finished
[2014-02-18 15:42:27,238][INFO ][test                     ] Test put mapping with blank index (indices.put_mapping/all_path_options) started
[2014-02-18 15:42:27,238][INFO ][test.rest.junit          ] cleaning up before test [indices.put_mapping/all_path_options: put mapping with blank index]
[2014-02-18 15:42:27,242][INFO ][test.rest.junit          ] start test [indices.put_mapping/all_path_options: put mapping with blank index]
[2014-02-18 15:42:27,242][INFO ][test.rest.junit          ] start setup test [indices.put_mapping/all_path_options: put mapping with blank index]
[2014-02-18 15:42:27,252][INFO ][cluster.metadata         ] [node_0] [test_index1] creating index, cause [api], shards [5]/[1], mappings []
[2014-02-18 15:42:27,294][INFO ][cluster.metadata         ] [node_0] [test_index2] creating index, cause [api], shards [5]/[1], mappings []
[2014-02-18 15:42:27,343][INFO ][cluster.metadata         ] [node_0] [foo] creating index, cause [api], shards [5]/[1], mappings []
[2014-02-18 15:42:27,402][INFO ][test.rest.junit          ] end setup test [indices.put_mapping/all_path_options: put mapping with blank index]
[2014-02-18 15:42:27,419][INFO ][cluster.metadata         ] [node_0] [foo] create_mapping [test_type]
[2014-02-18 15:42:27,420][INFO ][cluster.metadata         ] [node_0] [test_index2] create_mapping [test_type]
[2014-02-18 15:42:27,421][INFO ][cluster.metadata         ] [node_0] [test_index1] create_mapping [test_type]
[2014-02-18 15:42:27,425][INFO ][test.rest.junit          ] end test [indices.put_mapping/all_path_options: put mapping with blank index]
[2014-02-18 15:42:27,425][INFO ][test.rest.junit          ] cleaning up after test [indices.put_mapping/all_path_options: put mapping with blank index]
[2014-02-18 15:42:27,427][INFO ][cluster.metadata         ] [node_0] [foo] deleting index
[2014-02-18 15:42:27,437][INFO ][cluster.metadata         ] [node_0] [test_index2] deleting index
[2014-02-18 15:42:27,451][INFO ][cluster.metadata         ] [node_0] [test_index1] deleting index
[2014-02-18 15:42:27,465][INFO ][test                     ] Test put mapping with blank index (indices.put_mapping/all_path_options) finished
[2014-02-18 15:42:27,465][INFO ][test                     ] Test put mapping in list of indices (indices.put_mapping/all_path_options) started
[2014-02-18 15:42:27,465][INFO ][test.rest.junit          ] cleaning up before test [indices.put_mapping/all_path_options: put mapping in list of indices]
[2014-02-18 15:42:27,470][INFO ][test.rest.junit          ] start test [indices.put_mapping/all_path_options: put mapping in list of indices]
[2014-02-18 15:42:27,470][INFO ][test.rest.junit          ] start setup test [indices.put_mapping/all_path_options: put mapping in list of indices]
[2014-02-18 15:42:27,481][INFO ][cluster.metadata         ] [node_0] [test_index1] creating index, cause [api], shards [5]/[1], mappings []
[2014-02-18 15:42:27,525][INFO ][cluster.metadata         ] [node_0] [test_index2] creating index, cause [api], shards [5]/[1], mappings []
[2014-02-18 15:42:27,573][INFO ][cluster.metadata         ] [node_0] [foo] creating index, cause [api], shards [5]/[1], mappings []
[2014-02-18 15:42:27,624][INFO ][test.rest.junit          ] end setup test [indices.put_mapping/all_path_options: put mapping in list of indices]
[2014-02-18 15:42:27,650][INFO ][cluster.metadata         ] [node_0] [test_index2] create_mapping [test_type]
[2014-02-18 15:42:27,651][INFO ][cluster.metadata         ] [node_0] [test_index1] create_mapping [test_type]
[2014-02-18 15:42:27,656][INFO ][test.rest.junit          ] end test [indices.put_mapping/all_path_options: put mapping in list of indices]
[2014-02-18 15:42:27,656][INFO ][test.rest.junit          ] cleaning up after test [indices.put_mapping/all_path_options: put mapping in list of indices]
[2014-02-18 15:42:27,658][INFO ][cluster.metadata         ] [node_0] [foo] deleting index
[2014-02-18 15:42:27,668][INFO ][cluster.metadata         ] [node_0] [test_index2] deleting index
[2014-02-18 15:42:27,682][INFO ][cluster.metadata         ] [node_0] [test_index1] deleting index
[2014-02-18 15:42:27,697][INFO ][test                     ] Test put mapping in list of indices (indices.put_mapping/all_path_options) finished
[2014-02-18 15:42:27,698][INFO ][test                     ] Test put mapping in * index (indices.put_mapping/all_path_options) started
[2014-02-18 15:42:27,698][INFO ][test.rest.junit          ] cleaning up before test [indices.put_mapping/all_path_options: put mapping in * index]
[2014-02-18 15:42:27,702][INFO ][test.rest.junit          ] start test [indices.put_mapping/all_path_options: put mapping in * index]
[2014-02-18 15:42:27,702][INFO ][test.rest.junit          ] start setup test [indices.put_mapping/all_path_options: put mapping in * index]
[2014-02-18 15:42:27,712][INFO ][cluster.metadata         ] [node_0] [test_index1] creating index, cause [api], shards [5]/[1], mappings []
[2014-02-18 15:42:27,753][INFO ][cluster.metadata         ] [node_0] [test_index2] creating index, cause [api], shards [5]/[1], mappings []
[2014-02-18 15:42:27,815][INFO ][cluster.metadata         ] [node_0] [foo] creating index, cause [api], shards [5]/[1], mappings []
[2014-02-18 15:42:27,896][INFO ][test.rest.junit          ] end setup test [indices.put_mapping/all_path_options: put mapping in * index]
[2014-02-18 15:42:27,913][INFO ][cluster.metadata         ] [node_0] [foo] create_mapping [test_type]
[2014-02-18 15:42:27,914][INFO ][cluster.metadata         ] [node_0] [test_index2] create_mapping [test_type]
[2014-02-18 15:42:27,914][INFO ][cluster.metadata         ] [node_0] [test_index1] create_mapping [test_type]
[2014-02-18 15:42:27,924][INFO ][test.rest.junit          ] end test [indices.put_mapping/all_path_options: put mapping in * index]
[2014-02-18 15:42:27,924][INFO ][test.rest.junit          ] cleaning up after test [indices.put_mapping/all_path_options: put mapping in * index]
[2014-02-18 15:42:27,927][INFO ][cluster.metadata         ] [node_0] [foo] deleting index
[2014-02-18 15:42:27,940][INFO ][cluster.metadata         ] [node_0] [test_index2] deleting index
[2014-02-18 15:42:27,953][INFO ][cluster.metadata         ] [node_0] [test_index1] deleting index
[2014-02-18 15:42:27,967][INFO ][test                     ] Test put mapping in * index (indices.put_mapping/all_path_options) finished
[2014-02-18 15:42:27,967][INFO ][test                     ] Test put mapping in prefix* index (indices.put_mapping/all_path_options) started
[2014-02-18 15:42:27,967][INFO ][test.rest.junit          ] cleaning up before test [indices.put_mapping/all_path_options: put mapping in prefix* index]
[2014-02-18 15:42:27,971][INFO ][test.rest.junit          ] start test [indices.put_mapping/all_path_options: put mapping in prefix* index]
[2014-02-18 15:42:27,972][INFO ][test.rest.junit          ] start setup test [indices.put_mapping/all_path_options: put mapping in prefix* index]
[2014-02-18 15:42:27,982][INFO ][cluster.metadata         ] [node_0] [test_index1] creating index, cause [api], shards [5]/[1], mappings []
[2014-02-18 15:42:28,033][INFO ][cluster.metadata         ] [node_0] [test_index2] creating index, cause [api], shards [5]/[1], mappings []
[2014-02-18 15:42:28,106][INFO ][cluster.metadata         ] [node_0] [foo] creating index, cause [api], shards [5]/[1], mappings []
[2014-02-18 15:42:28,130][INFO ][test.rest.junit          ] end setup test [indices.put_mapping/all_path_options: put mapping in prefix* index]
[2014-02-18 15:42:28,147][INFO ][cluster.metadata         ] [node_0] [test_index2] create_mapping [test_type]
[2014-02-18 15:42:28,148][INFO ][cluster.metadata         ] [node_0] [test_index1] create_mapping [test_type]
[2014-02-18 15:42:28,153][INFO ][test.rest.junit          ] end test [indices.put_mapping/all_path_options: put mapping in prefix* index]
[2014-02-18 15:42:28,153][INFO ][test.rest.junit          ] cleaning up after test [indices.put_mapping/all_path_options: put mapping in prefix* index]
[2014-02-18 15:42:28,156][INFO ][cluster.metadata         ] [node_0] [foo] deleting index
[2014-02-18 15:42:28,176][INFO ][cluster.metadata         ] [node_0] [test_index2] deleting index
[2014-02-18 15:42:28,190][INFO ][cluster.metadata         ] [node_0] [test_index1] deleting index
[2014-02-18 15:42:28,206][INFO ][test                     ] Test put mapping in prefix* index (indices.put_mapping/all_path_options) finished
[2014-02-18 15:42:28,206][INFO ][test                     ] Test Nodes stats (nodes.stats/10_basic) started
[2014-02-18 15:42:28,207][INFO ][test.rest.junit          ] cleaning up before test [nodes.stats/10_basic: Nodes stats]
[2014-02-18 15:42:28,211][INFO ][test.rest.junit          ] start test [nodes.stats/10_basic: Nodes stats]
[2014-02-18 15:42:28,234][INFO ][test.rest.junit          ] end test [nodes.stats/10_basic: Nodes stats]
[2014-02-18 15:42:28,234][INFO ][test.rest.junit          ] cleaning up after test [nodes.stats/10_basic: Nodes stats]
[2014-02-18 15:42:28,238][INFO ][test                     ] Test Nodes stats (nodes.stats/10_basic) finished
[2014-02-18 15:42:28,238][INFO ][test                     ] Test Realtime Refresh (mget/60_realtime_refresh) started
[2014-02-18 15:42:28,239][INFO ][test.rest.junit          ] cleaning up before test [mget/60_realtime_refresh: Realtime Refresh]
[2014-02-18 15:42:28,243][INFO ][test.rest.junit          ] start test [mget/60_realtime_refresh: Realtime Refresh]
[2014-02-18 15:42:28,252][INFO ][cluster.metadata         ] [node_0] [test_1] creating index, cause [api], shards [5]/[0], mappings []
[2014-02-18 15:42:28,485][INFO ][cluster.metadata         ] [node_0] [test_1] update_mapping [test] (dynamic)
[2014-02-18 15:42:28,506][INFO ][test.rest.junit          ] end test [mget/60_realtime_refresh: Realtime Refresh]
[2014-02-18 15:42:28,506][INFO ][test.rest.junit          ] cleaning up after test [mget/60_realtime_refresh: Realtime Refresh]
[2014-02-18 15:42:28,508][INFO ][cluster.metadata         ] [node_0] [test_1] deleting index
[2014-02-18 15:42:28,527][INFO ][test                     ] Test Realtime Refresh (mget/60_realtime_refresh) finished
[2014-02-18 15:42:28,528][INFO ][test                     ] Test Fields (mget/20_fields) started
[2014-02-18 15:42:28,528][INFO ][test.rest.junit          ] cleaning up before test [mget/20_fields: Fields]
[2014-02-18 15:42:28,534][INFO ][test.rest.junit          ] start test [mget/20_fields: Fields]
[2014-02-18 15:42:28,544][INFO ][cluster.metadata         ] [node_0] [test_1] creating index, cause [auto(index api)], shards [5]/[1], mappings []
[2014-02-18 15:42:28,582][INFO ][cluster.metadata         ] [node_0] [test_1] update_mapping [test] (dynamic)
[2014-02-18 15:42:28,598][INFO ][test.rest.junit          ] end test [mget/20_fields: Fields]
[2014-02-18 15:42:28,599][INFO ][test.rest.junit          ] cleaning up after test [mget/20_fields: Fields]
[2014-02-18 15:42:28,601][INFO ][cluster.metadata         ] [node_0] [test_1] deleting index
[2014-02-18 15:42:28,635][INFO ][test                     ] Test Fields (mget/20_fields) finished
[2014-02-18 15:42:28,635][INFO ][test                     ] Test IDs (mget/15_ids) started
[2014-02-18 15:42:28,635][INFO ][test.rest.junit          ] cleaning up before test [mget/15_ids: IDs]
[2014-02-18 15:42:28,640][INFO ][test.rest.junit          ] start test [mget/15_ids: IDs]
[2014-02-18 15:42:28,650][INFO ][cluster.metadata         ] [node_0] [test_1] creating index, cause [auto(index api)], shards [5]/[1], mappings []
[2014-02-18 15:42:28,688][INFO ][cluster.metadata         ] [node_0] [test_1] update_mapping [test] (dynamic)
[2014-02-18 15:42:28,697][INFO ][cluster.metadata         ] [node_0] [test_1] update_mapping [test_2] (dynamic)
[2014-02-18 15:42:28,707][INFO ][test.rest.junit          ] end test [mget/15_ids: IDs]
[2014-02-18 15:42:28,707][INFO ][test.rest.junit          ] cleaning up after test [mget/15_ids: IDs]
[2014-02-18 15:42:28,709][INFO ][cluster.metadata         ] [node_0] [test_1] deleting index
[2014-02-18 15:42:28,724][INFO ][test                     ] Test IDs (mget/15_ids) finished
[2014-02-18 15:42:28,724][INFO ][test                     ] Test Missing metadata (mget/13_missing_metadata) started
[2014-02-18 15:42:28,724][INFO ][test.rest.junit          ] cleaning up before test [mget/13_missing_metadata: Missing metadata]
[2014-02-18 15:42:28,728][INFO ][test.rest.junit          ] start test [mget/13_missing_metadata: Missing metadata]
[2014-02-18 15:42:28,738][INFO ][cluster.metadata         ] [node_0] [test_1] creating index, cause [auto(index api)], shards [5]/[1], mappings []
[2014-02-18 15:42:28,772][INFO ][cluster.metadata         ] [node_0] [test_1] update_mapping [test] (dynamic)
[2014-02-18 15:42:28,787][INFO ][test.rest.junit          ] end test [mget/13_missing_metadata: Missing metadata]
[2014-02-18 15:42:28,787][INFO ][test.rest.junit          ] cleaning up after test [mget/13_missing_metadata: Missing metadata]
[2014-02-18 15:42:28,789][INFO ][cluster.metadata         ] [node_0] [test_1] deleting index
[2014-02-18 15:42:28,802][INFO ][test                     ] Test Missing metadata (mget/13_missing_metadata) finished
[2014-02-18 15:42:28,803][INFO ][test                     ] Test Non-existent index (mget/12_non_existent_index) started
[2014-02-18 15:42:28,803][INFO ][test.rest.junit          ] cleaning up before test [mget/12_non_existent_index: Non-existent index]
[2014-02-18 15:42:28,808][INFO ][test.rest.junit          ] start test [mget/12_non_existent_index: Non-existent index]
[2014-02-18 15:42:28,820][INFO ][cluster.metadata         ] [node_0] [test_1] creating index, cause [auto(index api)], shards [5]/[1], mappings []
[2014-02-18 15:42:28,854][INFO ][cluster.metadata         ] [node_0] [test_1] update_mapping [test] (dynamic)
[2014-02-18 15:42:28,864][INFO ][test.rest.junit          ] end test [mget/12_non_existent_index: Non-existent index]
[2014-02-18 15:42:28,864][INFO ][test.rest.junit          ] cleaning up after test [mget/12_non_existent_index: Non-existent index]
[2014-02-18 15:42:28,866][INFO ][cluster.metadata         ] [node_0] [test_1] deleting index
[2014-02-18 15:42:28,882][INFO ][test                     ] Test Non-existent index (mget/12_non_existent_index) finished
[2014-02-18 15:42:28,882][INFO ][test                     ] Test Parent (mget/30_parent) started
[2014-02-18 15:42:28,882][INFO ][test.rest.junit          ] cleaning up before test [mget/30_parent: Parent]
[2014-02-18 15:42:28,886][INFO ][test.rest.junit          ] start test [mget/30_parent: Parent]
[2014-02-18 15:42:28,899][INFO ][cluster.metadata         ] [node_0] [test_1] creating index, cause [api], shards [5]/[1], mappings [test]
[2014-02-18 15:42:29,147][INFO ][cluster.metadata         ] [node_0] [test_1] update_mapping [test] (dynamic)
[2014-02-18 15:42:29,156][INFO ][test.rest.junit          ] end test [mget/30_parent: Parent]
[2014-02-18 15:42:29,157][INFO ][test.rest.junit          ] cleaning up after test [mget/30_parent: Parent]
[2014-02-18 15:42:29,158][INFO ][cluster.metadata         ] [node_0] [test_1] deleting index
[2014-02-18 15:42:29,172][INFO ][test                     ] Test Parent (mget/30_parent) finished
[2014-02-18 15:42:29,172][INFO ][test                     ] Test Routing (mget/40_routing) started
[2014-02-18 15:42:29,173][INFO ][test.rest.junit          ] cleaning up before test [mget/40_routing: Routing]
[2014-02-18 15:42:29,177][INFO ][test.rest.junit          ] start test [mget/40_routing: Routing]
[2014-02-18 15:42:29,187][INFO ][cluster.metadata         ] [node_0] [test_1] creating index, cause [api], shards [5]/[0], mappings []
[2014-02-18 15:42:29,421][INFO ][cluster.metadata         ] [node_0] [test_1] update_mapping [test] (dynamic)
[2014-02-18 15:42:29,424][INFO ][test.rest.junit          ] end test [mget/40_routing: Routing]
[2014-02-18 15:42:29,425][INFO ][test.rest.junit          ] cleaning up after test [mget/40_routing: Routing]
[2014-02-18 15:42:29,426][INFO ][cluster.metadata         ] [node_0] [test_1] deleting index
[2014-02-18 15:42:29,438][INFO ][test                     ] Test Routing (mget/40_routing) finished
[2014-02-18 15:42:29,438][INFO ][test                     ] Test Default index/type (mget/11_default_index_type) started
[2014-02-18 15:42:29,439][INFO ][test.rest.junit          ] cleaning up before test [mget/11_default_index_type: Default index/type]
[2014-02-18 15:42:29,443][INFO ][test.rest.junit          ] start test [mget/11_default_index_type: Default index/type]
[2014-02-18 15:42:29,452][INFO ][cluster.metadata         ] [node_0] [test_2] creating index, cause [api], shards [5]/[1], mappings []
[2014-02-18 15:42:29,496][INFO ][cluster.metadata         ] [node_0] [test_1] creating index, cause [auto(index api)], shards [5]/[1], mappings []
[2014-02-18 15:42:29,539][INFO ][cluster.metadata         ] [node_0] [test_1] update_mapping [test] (dynamic)
[2014-02-18 15:42:29,748][INFO ][test.rest.junit          ] end test [mget/11_default_index_type: Default index/type]
[2014-02-18 15:42:29,748][INFO ][test.rest.junit          ] cleaning up after test [mget/11_default_index_type: Default index/type]
[2014-02-18 15:42:29,750][INFO ][cluster.metadata         ] [node_0] [test_2] deleting index
[2014-02-18 15:42:29,760][INFO ][cluster.metadata         ] [node_0] [test_1] deleting index
[2014-02-18 15:42:29,773][INFO ][test                     ] Test Default index/type (mget/11_default_index_type) finished
[2014-02-18 15:42:29,773][INFO ][test                     ] Test Parent (mget/55_parent_with_routing) started
[2014-02-18 15:42:29,774][INFO ][test.rest.junit          ] cleaning up before test [mget/55_parent_with_routing: Parent]
[2014-02-18 15:42:29,778][INFO ][test.rest.junit          ] start test [mget/55_parent_with_routing: Parent]
[2014-02-18 15:42:29,788][INFO ][cluster.metadata         ] [node_0] [test_1] creating index, cause [api], shards [5]/[0], mappings [test]
[2014-02-18 15:42:30,037][INFO ][cluster.metadata         ] [node_0] [test_1] update_mapping [test] (dynamic)
[2014-02-18 15:42:30,040][INFO ][test.rest.junit          ] end test [mget/55_parent_with_routing: Parent]
[2014-02-18 15:42:30,040][INFO ][test.rest.junit          ] cleaning up after test [mget/55_parent_with_routing: Parent]
[2014-02-18 15:42:30,042][INFO ][cluster.metadata         ] [node_0] [test_1] deleting index
[2014-02-18 15:42:30,056][INFO ][test                     ] Test Parent (mget/55_parent_with_routing) finished
[2014-02-18 15:42:30,057][INFO ][test                     ] Test Source filtering -  include nested field (mget/70_source_filtering) started
[2014-02-18 15:42:30,057][INFO ][test.rest.junit          ] cleaning up before test [mget/70_source_filtering: Source filtering -  include nested field]
[2014-02-18 15:42:30,061][INFO ][test.rest.junit          ] start test [mget/70_source_filtering: Source filtering -  include nested field]
[2014-02-18 15:42:30,061][INFO ][test.rest.junit          ] start setup test [mget/70_source_filtering: Source filtering -  include nested field]
[2014-02-18 15:42:30,072][INFO ][cluster.metadata         ] [node_0] [test_1] creating index, cause [auto(index api)], shards [5]/[1], mappings []
[2014-02-18 15:42:30,109][INFO ][cluster.metadata         ] [node_0] [test_1] update_mapping [test] (dynamic)
[2014-02-18 15:42:30,114][INFO ][test.rest.junit          ] end setup test [mget/70_source_filtering: Source filtering -  include nested field]
[2014-02-18 15:42:30,117][INFO ][test.rest.junit          ] end test [mget/70_source_filtering: Source filtering -  include nested field]
[2014-02-18 15:42:30,117][INFO ][test.rest.junit          ] cleaning up after test [mget/70_source_filtering: Source filtering -  include nested field]
[2014-02-18 15:42:30,119][INFO ][cluster.metadata         ] [node_0] [test_1] deleting index
[2014-02-18 15:42:30,135][INFO ][test                     ] Test Source filtering -  include nested field (mget/70_source_filtering) finished
[2014-02-18 15:42:30,136][INFO ][test                     ] Test Source filtering -  include field (mget/70_source_filtering) started
[2014-02-18 15:42:30,136][INFO ][test.rest.junit          ] cleaning up before test [mget/70_source_filtering: Source filtering -  include field]
[2014-02-18 15:42:30,140][INFO ][test.rest.junit          ] start test [mget/70_source_filtering: Source filtering -  include field]
[2014-02-18 15:42:30,140][INFO ][test.rest.junit          ] start setup test [mget/70_source_filtering: Source filtering -  include field]
[2014-02-18 15:42:30,150][INFO ][cluster.metadata         ] [node_0] [test_1] creating index, cause [auto(index api)], shards [5]/[1], mappings []
[2014-02-18 15:42:30,179][INFO ][cluster.metadata         ] [node_0] [test_1] update_mapping [test] (dynamic)
[2014-02-18 15:42:30,184][INFO ][test.rest.junit          ] end setup test [mget/70_source_filtering: Source filtering -  include field]
[2014-02-18 15:42:30,186][INFO ][test.rest.junit          ] end test [mget/70_source_filtering: Source filtering -  include field]
[2014-02-18 15:42:30,187][INFO ][test.rest.junit          ] cleaning up after test [mget/70_source_filtering: Source filtering -  include field]
[2014-02-18 15:42:30,188][INFO ][cluster.metadata         ] [node_0] [test_1] deleting index
[2014-02-18 15:42:30,205][INFO ][test                     ] Test Source filtering -  include field (mget/70_source_filtering) finished
[2014-02-18 15:42:30,206][INFO ][test                     ] Test Source filtering -  ids and true/false (mget/70_source_filtering) started
[2014-02-18 15:42:30,206][INFO ][test.rest.junit          ] cleaning up before test [mget/70_source_filtering: Source filtering -  ids and true/false]
[2014-02-18 15:42:30,211][INFO ][test.rest.junit          ] start test [mget/70_source_filtering: Source filtering -  ids and true/false]
[2014-02-18 15:42:30,211][INFO ][test.rest.junit          ] start setup test [mget/70_source_filtering: Source filtering -  ids and true/false]
[2014-02-18 15:42:30,221][INFO ][cluster.metadata         ] [node_0] [test_1] creating index, cause [auto(index api)], shards [5]/[1], mappings []
[2014-02-18 15:42:30,262][INFO ][cluster.metadata         ] [node_0] [test_1] update_mapping [test] (dynamic)
[2014-02-18 15:42:30,267][INFO ][test.rest.junit          ] end setup test [mget/70_source_filtering: Source filtering -  ids and true/false]
[2014-02-18 15:42:30,272][INFO ][test.rest.junit          ] end test [mget/70_source_filtering: Source filtering -  ids and true/false]
[2014-02-18 15:42:30,272][INFO ][test.rest.junit          ] cleaning up after test [mget/70_source_filtering: Source filtering -  ids and true/false]
[2014-02-18 15:42:30,274][INFO ][cluster.metadata         ] [node_0] [test_1] deleting index
[2014-02-18 15:42:30,294][INFO ][test                     ] Test Source filtering -  ids and true/false (mget/70_source_filtering) finished
[2014-02-18 15:42:30,294][INFO ][test                     ] Test Source filtering -  true/false (mget/70_source_filtering) started
[2014-02-18 15:42:30,294][INFO ][test.rest.junit          ] cleaning up before test [mget/70_source_filtering: Source filtering -  true/false]
[2014-02-18 15:42:30,299][INFO ][test.rest.junit          ] start test [mget/70_source_filtering: Source filtering -  true/false]
[2014-02-18 15:42:30,299][INFO ][test.rest.junit          ] start setup test [mget/70_source_filtering: Source filtering -  true/false]
[2014-02-18 15:42:30,311][INFO ][cluster.metadata         ] [node_0] [test_1] creating index, cause [auto(index api)], shards [5]/[1], mappings []
[2014-02-18 15:42:30,353][INFO ][cluster.metadata         ] [node_0] [test_1] update_mapping [test] (dynamic)
[2014-02-18 15:42:30,360][INFO ][test.rest.junit          ] end setup test [mget/70_source_filtering: Source filtering -  true/false]
[2014-02-18 15:42:30,363][INFO ][test.rest.junit          ] end test [mget/70_source_filtering: Source filtering -  true/false]
[2014-02-18 15:42:30,363][INFO ][test.rest.junit          ] cleaning up after test [mget/70_source_filtering: Source filtering -  true/false]
[2014-02-18 15:42:30,365][INFO ][cluster.metadata         ] [node_0] [test_1] deleting index
[2014-02-18 15:42:30,380][INFO ][test                     ] Test Source filtering -  true/false (mget/70_source_filtering) finished
[2014-02-18 15:42:30,380][INFO ][test                     ] Test Source filtering -  ids and exclude field (mget/70_source_filtering) started
[2014-02-18 15:42:30,380][INFO ][test.rest.junit          ] cleaning up before test [mget/70_source_filtering: Source filtering -  ids and exclude field]
[2014-02-18 15:42:30,385][INFO ][test.rest.junit          ] start test [mget/70_source_filtering: Source filtering -  ids and exclude field]
[2014-02-18 15:42:30,385][INFO ][test.rest.junit          ] start setup test [mget/70_source_filtering: Source filtering -  ids and exclude field]
[2014-02-18 15:42:30,397][INFO ][cluster.metadata         ] [node_0] [test_1] creating index, cause [auto(index api)], shards [5]/[1], mappings []
[2014-02-18 15:42:30,429][INFO ][cluster.metadata         ] [node_0] [test_1] update_mapping [test] (dynamic)
[2014-02-18 15:42:30,434][INFO ][test.rest.junit          ] end setup test [mget/70_source_filtering: Source filtering -  ids and exclude field]
[2014-02-18 15:42:30,436][INFO ][test.rest.junit          ] end test [mget/70_source_filtering: Source filtering -  ids and exclude field]
[2014-02-18 15:42:30,436][INFO ][test.rest.junit          ] cleaning up after test [mget/70_source_filtering: Source filtering -  ids and exclude field]
[2014-02-18 15:42:30,438][INFO ][cluster.metadata         ] [node_0] [test_1] deleting index
[2014-02-18 15:42:30,451][INFO ][test                     ] Test Source filtering -  ids and exclude field (mget/70_source_filtering) finished
[2014-02-18 15:42:30,452][INFO ][test                     ] Test Source filtering -  ids and include nested field (mget/70_source_filtering) started
[2014-02-18 15:42:30,452][INFO ][test.rest.junit          ] cleaning up before test [mget/70_source_filtering: Source filtering -  ids and include nested field]
[2014-02-18 15:42:30,456][INFO ][test.rest.junit          ] start test [mget/70_source_filtering: Source filtering -  ids and include nested field]
[2014-02-18 15:42:30,456][INFO ][test.rest.junit          ] start setup test [mget/70_source_filtering: Source filtering -  ids and include nested field]
[2014-02-18 15:42:30,467][INFO ][cluster.metadata         ] [node_0] [test_1] creating index, cause [auto(index api)], shards [5]/[1], mappings []
[2014-02-18 15:42:30,498][INFO ][cluster.metadata         ] [node_0] [test_1] update_mapping [test] (dynamic)
[2014-02-18 15:42:30,502][INFO ][test.rest.junit          ] end setup test [mget/70_source_filtering: Source filtering -  ids and include nested field]
[2014-02-18 15:42:30,505][INFO ][test.rest.junit          ] end test [mget/70_source_filtering: Source filtering -  ids and include nested field]
[2014-02-18 15:42:30,505][INFO ][test.rest.junit          ] cleaning up after test [mget/70_source_filtering: Source filtering -  ids and include nested field]
[2014-02-18 15:42:30,507][INFO ][cluster.metadata         ] [node_0] [test_1] deleting index
[2014-02-18 15:42:30,522][INFO ][test                     ] Test Source filtering -  ids and include nested field (mget/70_source_filtering) finished
[2014-02-18 15:42:30,523][INFO ][test                     ] Test Source filtering -  exclude field (mget/70_source_filtering) started
[2014-02-18 15:42:30,523][INFO ][test.rest.junit          ] cleaning up before test [mget/70_source_filtering: Source filtering -  exclude field]
[2014-02-18 15:42:30,527][INFO ][test.rest.junit          ] start test [mget/70_source_filtering: Source filtering -  exclude field]
[2014-02-18 15:42:30,527][INFO ][test.rest.junit          ] start setup test [mget/70_source_filtering: Source filtering -  exclude field]
[2014-02-18 15:42:30,537][INFO ][cluster.metadata         ] [node_0] [test_1] creating index, cause [auto(index api)], shards [5]/[1], mappings []
[2014-02-18 15:42:30,572][INFO ][cluster.metadata         ] [node_0] [test_1] update_mapping [test] (dynamic)
[2014-02-18 15:42:30,577][INFO ][test.rest.junit          ] end setup test [mget/70_source_filtering: Source filtering -  exclude field]
[2014-02-18 15:42:30,580][INFO ][test.rest.junit          ] end test [mget/70_source_filtering: Source filtering -  exclude field]
[2014-02-18 15:42:30,580][INFO ][test.rest.junit          ] cleaning up after test [mget/70_source_filtering: Source filtering -  exclude field]
[2014-02-18 15:42:30,582][INFO ][cluster.metadata         ] [node_0] [test_1] deleting index
[2014-02-18 15:42:30,597][INFO ][test                     ] Test Source filtering -  exclude field (mget/70_source_filtering) finished
[2014-02-18 15:42:30,598][INFO ][test                     ] Test Source filtering -  ids and include field (mget/70_source_filtering) started
[2014-02-18 15:42:30,598][INFO ][test.rest.junit          ] cleaning up before test [mget/70_source_filtering: Source filtering -  ids and include field]
[2014-02-18 15:42:30,603][INFO ][test.rest.junit          ] start test [mget/70_source_filtering: Source filtering -  ids and include field]
[2014-02-18 15:42:30,603][INFO ][test.rest.junit          ] start setup test [mget/70_source_filtering: Source filtering -  ids and include field]
[2014-02-18 15:42:30,614][INFO ][cluster.metadata         ] [node_0] [test_1] creating index, cause [auto(index api)], shards [5]/[1], mappings []
[2014-02-18 15:42:30,652][INFO ][cluster.metadata         ] [node_0] [test_1] update_mapping [test] (dynamic)
[2014-02-18 15:42:30,657][INFO ][test.rest.junit          ] end setup test [mget/70_source_filtering: Source filtering -  ids and include field]
[2014-02-18 15:42:30,659][INFO ][test.rest.junit          ] end test [mget/70_source_filtering: Source filtering -  ids and include field]
[2014-02-18 15:42:30,660][INFO ][test.rest.junit          ] cleaning up after test [mget/70_source_filtering: Source filtering -  ids and include field]
[2014-02-18 15:42:30,662][INFO ][cluster.metadata         ] [node_0] [test_1] deleting index
[2014-02-18 15:42:30,678][INFO ][test                     ] Test Source filtering -  ids and include field (mget/70_source_filtering) finished
[2014-02-18 15:42:30,678][INFO ][test                     ] Test Basic multi-get (mget/10_basic) started
[2014-02-18 15:42:30,678][INFO ][test.rest.junit          ] cleaning up before test [mget/10_basic: Basic multi-get]
[2014-02-18 15:42:30,683][INFO ][test.rest.junit          ] start test [mget/10_basic: Basic multi-get]
[2014-02-18 15:42:30,696][INFO ][cluster.metadata         ] [node_0] [test_2] creating index, cause [api], shards [5]/[1], mappings []
[2014-02-18 15:42:30,750][INFO ][cluster.metadata         ] [node_0] [test_1] creating index, cause [auto(index api)], shards [5]/[1], mappings []
[2014-02-18 15:42:30,794][INFO ][cluster.metadata         ] [node_0] [test_1] update_mapping [test] (dynamic)
[2014-02-18 15:42:30,832][INFO ][test.rest.junit          ] end test [mget/10_basic: Basic multi-get]
[2014-02-18 15:42:30,832][INFO ][test.rest.junit          ] cleaning up after test [mget/10_basic: Basic multi-get]
[2014-02-18 15:42:30,834][INFO ][cluster.metadata         ] [node_0] [test_2] deleting index
[2014-02-18 15:42:30,848][INFO ][cluster.metadata         ] [node_0] [test_1] deleting index
[2014-02-18 15:42:30,870][INFO ][test                     ] Test Basic multi-get (mget/10_basic) finished
[2014-02-18 15:42:30,870][INFO ][test                     ] Test Validate query api (indices.validate_query/10_basic) started
[2014-02-18 15:42:30,870][INFO ][test.rest.junit          ] cleaning up before test [indices.validate_query/10_basic: Validate query api]
[2014-02-18 15:42:30,876][INFO ][test.rest.junit          ] start test [indices.validate_query/10_basic: Validate query api]
[2014-02-18 15:42:30,890][INFO ][cluster.metadata         ] [node_0] [testing] creating index, cause [api], shards [5]/[1], mappings []
[2014-02-18 15:42:31,132][INFO ][test.rest.junit          ] end test [indices.validate_query/10_basic: Validate query api]
[2014-02-18 15:42:31,132][INFO ][test.rest.junit          ] cleaning up after test [indices.validate_query/10_basic: Validate query api]
[2014-02-18 15:42:31,134][INFO ][cluster.metadata         ] [node_0] [testing] deleting index
[2014-02-18 15:42:31,145][INFO ][test                     ] Test Validate query api (indices.validate_query/10_basic) finished
[2014-02-18 15:42:31,145][INFO ][test                     ] Test Basic multi-percolate (mpercolate/10_basic) started
[2014-02-18 15:42:31,145][INFO ][test.rest.junit          ] cleaning up before test [mpercolate/10_basic: Basic multi-percolate]
[2014-02-18 15:42:31,150][INFO ][test.rest.junit          ] start test [mpercolate/10_basic: Basic multi-percolate]
[2014-02-18 15:42:31,159][INFO ][cluster.metadata         ] [node_0] [percolator_index] creating index, cause [auto(index api)], shards [5]/[1], mappings []
[2014-02-18 15:42:31,192][INFO ][cluster.metadata         ] [node_0] [percolator_index] update_mapping [my_type] (dynamic)
[2014-02-18 15:42:31,197][INFO ][cluster.metadata         ] [node_0] [percolator_index] update_mapping [.percolator] (dynamic)
[2014-02-18 15:42:31,211][INFO ][test.rest.junit          ] end test [mpercolate/10_basic: Basic multi-percolate]
[2014-02-18 15:42:31,211][INFO ][test.rest.junit          ] cleaning up after test [mpercolate/10_basic: Basic multi-percolate]
[2014-02-18 15:42:31,213][INFO ][cluster.metadata         ] [node_0] [percolator_index] deleting index
[2014-02-18 15:42:31,225][INFO ][test                     ] Test Basic multi-percolate (mpercolate/10_basic) finished
[2014-02-18 15:42:31,225][INFO ][test                     ] Test Create index with mappings (indices.create/10_basic) started
[2014-02-18 15:42:31,225][INFO ][test.rest.junit          ] cleaning up before test [indices.create/10_basic: Create index with mappings]
[2014-02-18 15:42:31,230][INFO ][test.rest.junit          ] start test [indices.create/10_basic: Create index with mappings]
[2014-02-18 15:42:31,240][INFO ][cluster.metadata         ] [node_0] [test_index] creating index, cause [api], shards [5]/[1], mappings [type_1]
[2014-02-18 15:42:31,275][INFO ][test.rest.junit          ] end test [indices.create/10_basic: Create index with mappings]
[2014-02-18 15:42:31,275][INFO ][test.rest.junit          ] cleaning up after test [indices.create/10_basic: Create index with mappings]
[2014-02-18 15:42:31,277][INFO ][cluster.metadata         ] [node_0] [test_index] deleting index
[2014-02-18 15:42:31,290][INFO ][test                     ] Test Create index with mappings (indices.create/10_basic) finished
[2014-02-18 15:42:31,290][INFO ][test                     ] Test Create index with mappings, settings and warmers (indices.create/10_basic) started
[2014-02-18 15:42:31,291][INFO ][test.rest.junit          ] cleaning up before test [indices.create/10_basic: Create index with mappings, settings and warmers]
[2014-02-18 15:42:31,295][INFO ][test.rest.junit          ] start test [indices.create/10_basic: Create index with mappings, settings and warmers]
[2014-02-18 15:42:31,305][INFO ][cluster.metadata         ] [node_0] [test_index] creating index, cause [api], shards [5]/[0], mappings [type_1]
[2014-02-18 15:42:31,350][INFO ][test.rest.junit          ] end test [indices.create/10_basic: Create index with mappings, settings and warmers]
[2014-02-18 15:42:31,351][INFO ][test.rest.junit          ] cleaning up after test [indices.create/10_basic: Create index with mappings, settings and warmers]
[2014-02-18 15:42:31,353][INFO ][cluster.metadata         ] [node_0] [test_index] deleting index
[2014-02-18 15:42:31,365][INFO ][test                     ] Test Create index with mappings, settings and warmers (indices.create/10_basic) finished
[2014-02-18 15:42:31,366][INFO ][test                     ] Test Create index with settings (indices.create/10_basic) started
[2014-02-18 15:42:31,366][INFO ][test.rest.junit          ] cleaning up before test [indices.create/10_basic: Create index with settings]
[2014-02-18 15:42:31,370][INFO ][test.rest.junit          ] start test [indices.create/10_basic: Create index with settings]
[2014-02-18 15:42:31,382][INFO ][cluster.metadata         ] [node_0] [test_index] creating index, cause [api], shards [5]/[0], mappings []
[2014-02-18 15:42:31,414][INFO ][test.rest.junit          ] end test [indices.create/10_basic: Create index with settings]
[2014-02-18 15:42:31,414][INFO ][test.rest.junit          ] cleaning up after test [indices.create/10_basic: Create index with settings]
[2014-02-18 15:42:31,416][INFO ][cluster.metadata         ] [node_0] [test_index] deleting index
[2014-02-18 15:42:31,429][INFO ][test                     ] Test Create index with settings (indices.create/10_basic) finished
[2014-02-18 15:42:31,429][INFO ][test                     ] Test Create index with warmers (indices.create/10_basic) started
[2014-02-18 15:42:31,430][INFO ][test.rest.junit          ] cleaning up before test [indices.create/10_basic: Create index with warmers]
[2014-02-18 15:42:31,434][INFO ][test.rest.junit          ] start test [indices.create/10_basic: Create index with warmers]
[2014-02-18 15:42:31,443][INFO ][cluster.metadata         ] [node_0] [test_index] creating index, cause [api], shards [5]/[1], mappings []
[2014-02-18 15:42:31,469][INFO ][test.rest.junit          ] end test [indices.create/10_basic: Create index with warmers]
[2014-02-18 15:42:31,469][INFO ][test.rest.junit          ] cleaning up after test [indices.create/10_basic: Create index with warmers]
[2014-02-18 15:42:31,471][INFO ][cluster.metadata         ] [node_0] [test_index] deleting index
[2014-02-18 15:42:31,485][INFO ][test                     ] Test Create index with warmers (indices.create/10_basic) finished
[2014-02-18 15:42:31,485][INFO ][test                     ] Test Basic tests for suggest API (suggest/10_basic) started
[2014-02-18 15:42:31,485][INFO ][test.rest.junit          ] cleaning up before test [suggest/10_basic: Basic tests for suggest API]
[2014-02-18 15:42:31,489][INFO ][test.rest.junit          ] start test [suggest/10_basic: Basic tests for suggest API]
[2014-02-18 15:42:31,490][INFO ][test.rest.junit          ] start setup test [suggest/10_basic: Basic tests for suggest API]
[2014-02-18 15:42:31,499][INFO ][cluster.metadata         ] [node_0] [test] creating index, cause [auto(index api)], shards [5]/[1], mappings []
[2014-02-18 15:42:31,536][INFO ][cluster.metadata         ] [node_0] [test] update_mapping [test] (dynamic)
[2014-02-18 15:42:31,551][INFO ][test.rest.junit          ] end setup test [suggest/10_basic: Basic tests for suggest API]
[2014-02-18 15:42:31,660][INFO ][test.rest.junit          ] end test [suggest/10_basic: Basic tests for suggest API]
[2014-02-18 15:42:31,661][INFO ][test.rest.junit          ] cleaning up after test [suggest/10_basic: Basic tests for suggest API]
[2014-02-18 15:42:31,663][INFO ][cluster.metadata         ] [node_0] [test] deleting index
[2014-02-18 15:42:31,676][INFO ][test                     ] Test Basic tests for suggest API (suggest/10_basic) finished
[2014-02-18 15:42:31,678][INFO ][test                     ] Wipe data directory for all nodes locations: [/Users/bhwang/elasticsearch/target/J0/data/REST-tests-Bills-MacBook-Pro.local-CHILD_VM=[0]-CLUSTER_SEED=[1392766407945050000]-HASH=[13541A1886129560]/nodes/0]
[2014-02-18 15:42:31,679][INFO ][node                     ] [node_0] stopping ...
[2014-02-18 15:42:31,685][INFO ][node                     ] [node_0] stopped
[2014-02-18 15:42:31,685][INFO ][node                     ] [node_0] closing ...
[2014-02-18 15:42:31,689][INFO ][node                     ] [node_0] closed
]]></system-out>
   <system-err><![CDATA[]]></system-err>
</testsuite>