<testsuite errors="0" failures="0" tests="15" skipped="0" name="org.elasticsearch.search.aggregations.metrics.SumTests" hostname="nohost.nodomain" time="13.555" timestamp="2014-02-18T15:58:29">
   <properties class="java.util.ArrayList">
      <property name="awt.toolkit" value="sun.lwawt.macosx.LWCToolkit"/>
      <property name="es.logger.level" value="INFO"/>
      <property name="es.logger.prefix" value=""/>
      <property name="es.node.local" value=""/>
      <property name="es.node.mode" value=""/>
      <property name="file.encoding" value="UTF-8"/>
      <property name="file.encoding.pkg" value="sun.io"/>
      <property name="file.separator" value="/"/>
      <property name="ftp.nonProxyHosts" value="local|*.local|169.254/16|*.169.254/16"/>
      <property name="gopherProxySet" value="false"/>
      <property name="http.nonProxyHosts" value="local|*.local|169.254/16|*.169.254/16"/>
      <property name="java.awt.graphicsenv" value="sun.awt.CGraphicsEnvironment"/>
      <property name="java.awt.headless" value="true"/>
      <property name="java.awt.printerjob" value="sun.lwawt.macosx.CPrinterJob"/>
      <property name="java.class.path" value="/Users/bhwang/elasticsearch/target/test-classes:/Users/bhwang/elasticsearch/target/classes:/Users/bhwang/.m2/repository/org/hamcrest/hamcrest-all/1.3/hamcrest-all-1.3.jar:/Users/bhwang/.m2/repository/com/carrotsearch/randomizedtesting/randomizedtesting-runner/2.0.15/randomizedtesting-runner-2.0.15.jar:/Users/bhwang/.m2/repository/junit/junit/4.10/junit-4.10.jar:/Users/bhwang/.m2/repository/org/apache/lucene/lucene-test-framework/4.6.1/lucene-test-framework-4.6.1.jar:/Users/bhwang/.m2/repository/org/apache/lucene/lucene-expressions/4.6.1/lucene-expressions-4.6.1.jar:/Users/bhwang/.m2/repository/org/antlr/antlr-runtime/3.5/antlr-runtime-3.5.jar:/Users/bhwang/.m2/repository/org/ow2/asm/asm/4.1/asm-4.1.jar:/Users/bhwang/.m2/repository/org/ow2/asm/asm-commons/4.1/asm-commons-4.1.jar:/Users/bhwang/.m2/repository/org/apache/httpcomponents/httpclient/4.3.1/httpclient-4.3.1.jar:/Users/bhwang/.m2/repository/org/apache/httpcomponents/httpcore/4.3/httpcore-4.3.jar:/Users/bhwang/.m2/repository/commons-logging/commons-logging/1.1.3/commons-logging-1.1.3.jar:/Users/bhwang/.m2/repository/commons-codec/commons-codec/1.6/commons-codec-1.6.jar:/Users/bhwang/.m2/repository/org/apache/lucene/lucene-core/4.6.1/lucene-core-4.6.1.jar:/Users/bhwang/.m2/repository/org/apache/lucene/lucene-analyzers-common/4.6.1/lucene-analyzers-common-4.6.1.jar:/Users/bhwang/.m2/repository/org/apache/lucene/lucene-codecs/4.6.1/lucene-codecs-4.6.1.jar:/Users/bhwang/.m2/repository/org/apache/lucene/lucene-queries/4.6.1/lucene-queries-4.6.1.jar:/Users/bhwang/.m2/repository/org/apache/lucene/lucene-memory/4.6.1/lucene-memory-4.6.1.jar:/Users/bhwang/.m2/repository/org/apache/lucene/lucene-highlighter/4.6.1/lucene-highlighter-4.6.1.jar:/Users/bhwang/.m2/repository/org/apache/lucene/lucene-queryparser/4.6.1/lucene-queryparser-4.6.1.jar:/Users/bhwang/.m2/repository/org/apache/lucene/lucene-sandbox/4.6.1/lucene-sandbox-4.6.1.jar:/Users/bhwang/.m2/repository/org/apache/lucene/lucene-suggest/4.6.1/lucene-suggest-4.6.1.jar:/Users/bhwang/.m2/repository/org/apache/lucene/lucene-misc/4.6.1/lucene-misc-4.6.1.jar:/Users/bhwang/.m2/repository/org/apache/lucene/lucene-join/4.6.1/lucene-join-4.6.1.jar:/Users/bhwang/.m2/repository/org/apache/lucene/lucene-grouping/4.6.1/lucene-grouping-4.6.1.jar:/Users/bhwang/.m2/repository/org/apache/lucene/lucene-spatial/4.6.1/lucene-spatial-4.6.1.jar:/Users/bhwang/.m2/repository/com/spatial4j/spatial4j/0.3/spatial4j-0.3.jar:/Users/bhwang/.m2/repository/com/vividsolutions/jts/1.12/jts-1.12.jar:/Users/bhwang/.m2/repository/com/google/guava/guava/16.0/guava-16.0.jar:/Users/bhwang/.m2/repository/com/carrotsearch/hppc/0.5.3/hppc-0.5.3.jar:/Users/bhwang/.m2/repository/joda-time/joda-time/2.3/joda-time-2.3.jar:/Users/bhwang/.m2/repository/org/joda/joda-convert/1.2/joda-convert-1.2.jar:/Users/bhwang/.m2/repository/org/mvel/mvel2/2.1.5.Final/mvel2-2.1.5.Final.jar:/Users/bhwang/.m2/repository/com/fasterxml/jackson/core/jackson-core/2.3.0/jackson-core-2.3.0.jar:/Users/bhwang/.m2/repository/com/fasterxml/jackson/dataformat/jackson-dataformat-smile/2.3.0/jackson-dataformat-smile-2.3.0.jar:/Users/bhwang/.m2/repository/com/fasterxml/jackson/dataformat/jackson-dataformat-yaml/2.3.0/jackson-dataformat-yaml-2.3.0.jar:/Users/bhwang/.m2/repository/io/netty/netty/3.9.0.Final/netty-3.9.0.Final.jar:/Users/bhwang/.m2/repository/com/ning/compress-lzf/0.9.6/compress-lzf-0.9.6.jar:/Users/bhwang/.m2/repository/log4j/log4j/1.2.17/log4j-1.2.17.jar:/Users/bhwang/.m2/repository/org/slf4j/slf4j-api/1.6.2/slf4j-api-1.6.2.jar:/Users/bhwang/.m2/repository/net/java/dev/jna/jna/3.3.0/jna-3.3.0.jar:/Users/bhwang/.m2/repository/org/fusesource/sigar/1.6.4/sigar-1.6.4.jar:/Users/bhwang/.m2/repository/com/carrotsearch/randomizedtesting/junit4-ant/2.0.15/junit4-ant-2.0.15.jar"/>
      <property name="java.class.version" value="51.0"/>
      <property name="java.endorsed.dirs" value="/Library/Java/JavaVirtualMachines/jdk1.7.0_45.jdk/Contents/Home/jre/lib/endorsed"/>
      <property name="java.ext.dirs" value="/Users/bhwang/Library/Java/Extensions:/Library/Java/JavaVirtualMachines/jdk1.7.0_45.jdk/Contents/Home/jre/lib/ext:/Library/Java/Extensions:/Network/Library/Java/Extensions:/System/Library/Java/Extensions:/usr/lib/java"/>
      <property name="java.home" value="/Library/Java/JavaVirtualMachines/jdk1.7.0_45.jdk/Contents/Home/jre"/>
      <property name="java.io.tmpdir" value="."/>
      <property name="java.library.path" value="/Users/bhwang/Library/Java/Extensions:/Library/Java/Extensions:/Network/Library/Java/Extensions:/System/Library/Java/Extensions:/usr/lib/java:."/>
      <property name="java.runtime.name" value="Java(TM) SE Runtime Environment"/>
      <property name="java.runtime.version" value="1.7.0_45-b18"/>
      <property name="java.security.policy" value="/Users/bhwang/elasticsearch/dev-tools/tests.policy"/>
      <property name="java.specification.name" value="Java Platform API Specification"/>
      <property name="java.specification.vendor" value="Oracle Corporation"/>
      <property name="java.specification.version" value="1.7"/>
      <property name="java.vendor" value="Oracle Corporation"/>
      <property name="java.vendor.url" value="http://java.oracle.com/"/>
      <property name="java.vendor.url.bug" value="http://bugreport.sun.com/bugreport/"/>
      <property name="java.version" value="1.7.0_45"/>
      <property name="java.vm.info" value="mixed mode"/>
      <property name="java.vm.name" value="Java HotSpot(TM) 64-Bit Server VM"/>
      <property name="java.vm.specification.name" value="Java Virtual Machine Specification"/>
      <property name="java.vm.specification.vendor" value="Oracle Corporation"/>
      <property name="java.vm.specification.version" value="1.7"/>
      <property name="java.vm.vendor" value="Oracle Corporation"/>
      <property name="java.vm.version" value="24.45-b08"/>
      <property name="junit4.childvm.cwd" value="/Users/bhwang/elasticsearch/target/J0"/>
      <property name="junit4.childvm.id" value="0"/>
      <property name="junit4.memory.total" value="128974848"/>
      <property name="junit4.pidString" value="6815@Bills-MacBook-Pro.local"/>
      <property name="junit4.processors" value="4"/>
      <property name="junit4.tempDir" value="/Users/bhwang/elasticsearch/target"/>
      <property name="line.separator" value="
"/>
      <property name="os.arch" value="x86_64"/>
      <property name="os.name" value="Mac OS X"/>
      <property name="os.version" value="10.9.1"/>
      <property name="path.separator" value=":"/>
      <property name="socksNonProxyHosts" value="local|*.local|169.254/16|*.169.254/16"/>
      <property name="sun.arch.data.model" value="64"/>
      <property name="sun.boot.class.path" value="/Library/Java/JavaVirtualMachines/jdk1.7.0_45.jdk/Contents/Home/jre/lib/resources.jar:/Library/Java/JavaVirtualMachines/jdk1.7.0_45.jdk/Contents/Home/jre/lib/rt.jar:/Library/Java/JavaVirtualMachines/jdk1.7.0_45.jdk/Contents/Home/jre/lib/sunrsasign.jar:/Library/Java/JavaVirtualMachines/jdk1.7.0_45.jdk/Contents/Home/jre/lib/jsse.jar:/Library/Java/JavaVirtualMachines/jdk1.7.0_45.jdk/Contents/Home/jre/lib/jce.jar:/Library/Java/JavaVirtualMachines/jdk1.7.0_45.jdk/Contents/Home/jre/lib/charsets.jar:/Library/Java/JavaVirtualMachines/jdk1.7.0_45.jdk/Contents/Home/jre/lib/jfr.jar:/Library/Java/JavaVirtualMachines/jdk1.7.0_45.jdk/Contents/Home/jre/lib/JObjC.jar:/Library/Java/JavaVirtualMachines/jdk1.7.0_45.jdk/Contents/Home/jre/classes"/>
      <property name="sun.boot.library.path" value="/Library/Java/JavaVirtualMachines/jdk1.7.0_45.jdk/Contents/Home/jre/lib"/>
      <property name="sun.cpu.endian" value="little"/>
      <property name="sun.cpu.isalist" value=""/>
      <property name="sun.io.unicode.encoding" value="UnicodeBig"/>
      <property name="sun.java.command" value="com.carrotsearch.ant.tasks.junit4.slave.SlaveMainSafe -flush -eventsfile /Users/bhwang/elasticsearch/target/junit4-J0-20140218_153326_767.events @/Users/bhwang/elasticsearch/target/junit4-J0-20140218_153326_767.suites -stdin"/>
      <property name="sun.java.launcher" value="SUN_STANDARD"/>
      <property name="sun.jnu.encoding" value="UTF-8"/>
      <property name="sun.management.compiler" value="HotSpot 64-Bit Tiered Compilers"/>
      <property name="sun.os.patch.level" value="unknown"/>
      <property name="tests.appendseed" value=""/>
      <property name="tests.assertion.disabled" value=""/>
      <property name="tests.awaitsfix" value=""/>
      <property name="tests.badapples" value=""/>
      <property name="tests.class" value=""/>
      <property name="tests.client.ratio" value=""/>
      <property name="tests.cluster_seed" value=""/>
      <property name="tests.enable_mock_modules" value=""/>
      <property name="tests.failfast" value=""/>
      <property name="tests.integration" value=""/>
      <property name="tests.iters" value=""/>
      <property name="tests.jvm.argline" value=""/>
      <property name="tests.maxfailures" value=""/>
      <property name="tests.method" value=""/>
      <property name="tests.network" value=""/>
      <property name="tests.nightly" value=""/>
      <property name="tests.prefix" value="tests"/>
      <property name="tests.rest" value=""/>
      <property name="tests.rest.spec" value=""/>
      <property name="tests.rest.suite" value=""/>
      <property name="tests.security.manager" value=""/>
      <property name="tests.seed" value="A89B4FF56754358E"/>
      <property name="tests.showSuccess" value=""/>
      <property name="tests.slow" value=""/>
      <property name="tests.timeoutSuite" value=""/>
      <property name="tests.weekly" value=""/>
      <property name="user.country" value="US"/>
      <property name="user.dir" value="/Users/bhwang/elasticsearch/target/J0"/>
      <property name="user.home" value="/Users/bhwang"/>
      <property name="user.language" value="en"/>
      <property name="user.name" value="bhwang"/>
      <property name="user.timezone" value=""/>
   </properties>
   <testcase classname="org.elasticsearch.search.aggregations.metrics.SumTests" name="testMultiValuedField" time="0.718"/>
   <testcase classname="org.elasticsearch.search.aggregations.metrics.SumTests" name="testScript_ExplicitSingleValued_WithParams" time="0.63"/>
   <testcase classname="org.elasticsearch.search.aggregations.metrics.SumTests" name="testScript_SingleValued_WithParams" time="0.541"/>
   <testcase classname="org.elasticsearch.search.aggregations.metrics.SumTests" name="testSingleValuedField_PartiallyUnmapped" time="0.871"/>
   <testcase classname="org.elasticsearch.search.aggregations.metrics.SumTests" name="testSingleValuedField_WithValueScript" time="1.09"/>
   <testcase classname="org.elasticsearch.search.aggregations.metrics.SumTests" name="testUnmapped" time="1.279"/>
   <testcase classname="org.elasticsearch.search.aggregations.metrics.SumTests" name="testScript_MultiValued_WithParams" time="1.236"/>
   <testcase classname="org.elasticsearch.search.aggregations.metrics.SumTests" name="testMultiValuedField_WithValueScript" time="1.001"/>
   <testcase classname="org.elasticsearch.search.aggregations.metrics.SumTests" name="testScript_ExplicitMultiValued" time="1.277"/>
   <testcase classname="org.elasticsearch.search.aggregations.metrics.SumTests" name="testSingleValuedField" time="1.163"/>
   <testcase classname="org.elasticsearch.search.aggregations.metrics.SumTests" name="testMultiValuedField_WithValueScript_WithParams" time="0.699"/>
   <testcase classname="org.elasticsearch.search.aggregations.metrics.SumTests" name="testScript_SingleValued" time="0.867"/>
   <testcase classname="org.elasticsearch.search.aggregations.metrics.SumTests" name="testEmptyAggregation" time="0.472"/>
   <testcase classname="org.elasticsearch.search.aggregations.metrics.SumTests" name="testSingleValuedField_WithValueScript_WithParams" time="0.396"/>
   <testcase classname="org.elasticsearch.search.aggregations.metrics.SumTests" name="testScript_MultiValued" time="1.295"/>
   <system-out><![CDATA[[2014-02-18 15:58:29,578][INFO ][test                     ] Test testMultiValuedField(org.elasticsearch.search.aggregations.metrics.SumTests) started
[2014-02-18 15:58:29,582][INFO ][plugins                  ] [transport_client_node_0] loaded [], sites []
[2014-02-18 15:58:29,604][INFO ][plugins                  ] [transport_client_node_1] loaded [], sites []
[2014-02-18 15:58:29,632][INFO ][search.aggregations.metrics] [SumTests#testMultiValuedField]: before test
[2014-02-18 15:58:29,652][INFO ][cluster.metadata         ] [node_0] [idx] creating index, cause [api], shards [1]/[0], mappings []
[2014-02-18 15:58:29,692][INFO ][cluster.metadata         ] [node_0] [idx_unmapped] creating index, cause [api], shards [2]/[1], mappings []
[2014-02-18 15:58:29,740][INFO ][plugins                  ] [transport_client_node_2] loaded [], sites []
[2014-02-18 15:58:29,770][INFO ][search.aggregations.metrics] Index [10] docs async: [true] bulk: [false]
[2014-02-18 15:58:29,807][INFO ][cluster.metadata         ] [node_0] [idx] update_mapping [type] (dynamic)
[2014-02-18 15:58:29,865][INFO ][cluster.metadata         ] [node_0] [empty_bucket_idx] creating index, cause [api], shards [3]/[1], mappings [type]
[2014-02-18 15:58:29,925][INFO ][search.aggregations.metrics] Index [2] docs async: [true] bulk: [false]
[2014-02-18 15:58:30,232][TRACE][action.search.type       ] [node_2] Moving to second phase, based on results from: [YhvSpkX-RFGNafHqA5ra1w][idx][0] (cluster state version: 5801)
[2014-02-18 15:58:30,233][INFO ][search.aggregations.metrics] [SumTests#testMultiValuedField]: cleaning up after test
[2014-02-18 15:58:30,236][INFO ][cluster.metadata         ] [node_0] [idx_unmapped] deleting index
[2014-02-18 15:58:30,255][INFO ][cluster.metadata         ] [node_0] [idx] deleting index
[2014-02-18 15:58:30,263][INFO ][cluster.metadata         ] [node_0] [empty_bucket_idx] deleting index
[2014-02-18 15:58:30,287][INFO ][search.aggregations.metrics] [SumTests#testMultiValuedField]: cleaned up after test
[2014-02-18 15:58:30,296][INFO ][test                     ] Test testMultiValuedField(org.elasticsearch.search.aggregations.metrics.SumTests) finished
[2014-02-18 15:58:30,297][INFO ][test                     ] Test testScript_ExplicitSingleValued_WithParams(org.elasticsearch.search.aggregations.metrics.SumTests) started
[2014-02-18 15:58:30,300][INFO ][plugins                  ] [transport_client_node_2] loaded [], sites []
[2014-02-18 15:58:30,323][INFO ][search.aggregations.metrics] [SumTests#testScript_ExplicitSingleValued_WithParams]: before test
[2014-02-18 15:58:30,332][INFO ][cluster.metadata         ] [node_0] [idx] creating index, cause [api], shards [4]/[1], mappings []
[2014-02-18 15:58:30,435][INFO ][cluster.metadata         ] [node_0] [idx_unmapped] creating index, cause [api], shards [4]/[1], mappings []
[2014-02-18 15:58:30,489][INFO ][search.aggregations.metrics] Index [10] docs async: [true] bulk: [false]
[2014-02-18 15:58:30,665][INFO ][cluster.metadata         ] [node_0] [idx] update_mapping [type] (dynamic)
[2014-02-18 15:58:30,695][INFO ][cluster.metadata         ] [node_0] [empty_bucket_idx] creating index, cause [api], shards [4]/[0], mappings [type]
[2014-02-18 15:58:30,752][INFO ][search.aggregations.metrics] Index [2] docs async: [true] bulk: [false]
[2014-02-18 15:58:30,784][TRACE][action.search.type       ] [node_1] Moving to second phase, based on results from: [YhvSpkX-RFGNafHqA5ra1w][idx][0],[FMinfbhkR0qkv0gqZ8eWZw][idx][3],[tbUF3y2YTPm1TPdTF8YBYw][idx][2],[tbUF3y2YTPm1TPdTF8YBYw][idx][1] (cluster state version: 5814)
[2014-02-18 15:58:30,786][INFO ][search.aggregations.metrics] [SumTests#testScript_ExplicitSingleValued_WithParams]: cleaning up after test
[2014-02-18 15:58:30,787][INFO ][cluster.metadata         ] [node_0] [idx_unmapped] deleting index
[2014-02-18 15:58:30,831][INFO ][cluster.metadata         ] [node_0] [idx] deleting index
[2014-02-18 15:58:30,897][INFO ][cluster.metadata         ] [node_0] [empty_bucket_idx] deleting index
[2014-02-18 15:58:30,921][INFO ][search.aggregations.metrics] [SumTests#testScript_ExplicitSingleValued_WithParams]: cleaned up after test
[2014-02-18 15:58:30,927][INFO ][test                     ] Test testScript_ExplicitSingleValued_WithParams(org.elasticsearch.search.aggregations.metrics.SumTests) finished
[2014-02-18 15:58:30,928][INFO ][test                     ] Test testScript_SingleValued_WithParams(org.elasticsearch.search.aggregations.metrics.SumTests) started
[2014-02-18 15:58:30,933][INFO ][search.aggregations.metrics] [SumTests#testScript_SingleValued_WithParams]: before test
[2014-02-18 15:58:30,950][INFO ][cluster.metadata         ] [node_0] [idx] creating index, cause [api], shards [5]/[0], mappings []
[2014-02-18 15:58:31,094][INFO ][cluster.metadata         ] [node_0] [idx_unmapped] creating index, cause [api], shards [1]/[0], mappings []
[2014-02-18 15:58:31,122][INFO ][search.aggregations.metrics] Index [10] docs async: [true] bulk: [false]
[2014-02-18 15:58:31,130][INFO ][cluster.metadata         ] [node_0] [idx] update_mapping [type] (dynamic)
[2014-02-18 15:58:31,289][INFO ][cluster.metadata         ] [node_0] [empty_bucket_idx] creating index, cause [api], shards [4]/[0], mappings [type]
[2014-02-18 15:58:31,348][INFO ][search.aggregations.metrics] Index [2] docs async: [true] bulk: [false]
[2014-02-18 15:58:31,375][TRACE][action.search.type       ] [node_2] Moving to second phase, based on results from: [tbUF3y2YTPm1TPdTF8YBYw][idx][4],[YhvSpkX-RFGNafHqA5ra1w][idx][3],[FMinfbhkR0qkv0gqZ8eWZw][idx][2],[tbUF3y2YTPm1TPdTF8YBYw][idx][1],[YhvSpkX-RFGNafHqA5ra1w][idx][0] (cluster state version: 5826)
[2014-02-18 15:58:31,376][INFO ][search.aggregations.metrics] [SumTests#testScript_SingleValued_WithParams]: cleaning up after test
[2014-02-18 15:58:31,378][INFO ][cluster.metadata         ] [node_0] [idx_unmapped] deleting index
[2014-02-18 15:58:31,396][INFO ][cluster.metadata         ] [node_0] [idx] deleting index
[2014-02-18 15:58:31,445][INFO ][cluster.metadata         ] [node_0] [empty_bucket_idx] deleting index
[2014-02-18 15:58:31,468][INFO ][search.aggregations.metrics] [SumTests#testScript_SingleValued_WithParams]: cleaned up after test
[2014-02-18 15:58:31,469][INFO ][test                     ] Test testScript_SingleValued_WithParams(org.elasticsearch.search.aggregations.metrics.SumTests) finished
[2014-02-18 15:58:31,470][INFO ][test                     ] Test testSingleValuedField_PartiallyUnmapped(org.elasticsearch.search.aggregations.metrics.SumTests) started
[2014-02-18 15:58:31,474][INFO ][plugins                  ] [transport_client_node_2] loaded [], sites []
[2014-02-18 15:58:31,507][INFO ][plugins                  ] [transport_client_node_1] loaded [], sites []
[2014-02-18 15:58:31,544][INFO ][search.aggregations.metrics] [SumTests#testSingleValuedField_PartiallyUnmapped]: before test
[2014-02-18 15:58:31,554][INFO ][cluster.metadata         ] [node_0] [idx] creating index, cause [api], shards [2]/[1], mappings []
[2014-02-18 15:58:31,632][INFO ][cluster.metadata         ] [node_0] [idx_unmapped] creating index, cause [api], shards [2]/[1], mappings []
[2014-02-18 15:58:31,682][INFO ][search.aggregations.metrics] Index [10] docs async: [true] bulk: [false]
[2014-02-18 15:58:31,947][INFO ][cluster.metadata         ] [node_0] [idx] update_mapping [type] (dynamic)
[2014-02-18 15:58:32,033][INFO ][cluster.metadata         ] [node_0] [empty_bucket_idx] creating index, cause [api], shards [2]/[1], mappings [type]
[2014-02-18 15:58:32,079][INFO ][search.aggregations.metrics] Index [2] docs async: [true] bulk: [false]
[2014-02-18 15:58:32,248][TRACE][action.search.type       ] [node_1] Moving to second phase, based on results from: [FMinfbhkR0qkv0gqZ8eWZw][idx_unmapped][0],[tbUF3y2YTPm1TPdTF8YBYw][idx_unmapped][1],[FMinfbhkR0qkv0gqZ8eWZw][idx][1],[YhvSpkX-RFGNafHqA5ra1w][idx][0] (cluster state version: 5842)
[2014-02-18 15:58:32,249][INFO ][search.aggregations.metrics] [SumTests#testSingleValuedField_PartiallyUnmapped]: cleaning up after test
[2014-02-18 15:58:32,252][INFO ][cluster.metadata         ] [node_0] [idx_unmapped] deleting index
[2014-02-18 15:58:32,278][INFO ][cluster.metadata         ] [node_0] [idx] deleting index
[2014-02-18 15:58:32,307][INFO ][cluster.metadata         ] [node_0] [empty_bucket_idx] deleting index
[2014-02-18 15:58:32,333][INFO ][search.aggregations.metrics] [SumTests#testSingleValuedField_PartiallyUnmapped]: cleaned up after test
[2014-02-18 15:58:32,341][INFO ][test                     ] Test testSingleValuedField_PartiallyUnmapped(org.elasticsearch.search.aggregations.metrics.SumTests) finished
[2014-02-18 15:58:32,342][INFO ][test                     ] Test testSingleValuedField_WithValueScript(org.elasticsearch.search.aggregations.metrics.SumTests) started
[2014-02-18 15:58:32,347][INFO ][search.aggregations.metrics] [SumTests#testSingleValuedField_WithValueScript]: before test
[2014-02-18 15:58:32,360][INFO ][cluster.metadata         ] [node_0] [idx] creating index, cause [api], shards [5]/[0], mappings []
[2014-02-18 15:58:32,461][INFO ][cluster.metadata         ] [node_0] [idx_unmapped] creating index, cause [api], shards [4]/[0], mappings []
[2014-02-18 15:58:32,557][INFO ][search.aggregations.metrics] Index [10] docs async: [true] bulk: [false]
[2014-02-18 15:58:32,567][INFO ][cluster.metadata         ] [node_0] [idx] update_mapping [type] (dynamic)
[2014-02-18 15:58:32,684][INFO ][cluster.metadata         ] [node_0] [empty_bucket_idx] creating index, cause [api], shards [5]/[0], mappings [type]
[2014-02-18 15:58:32,821][INFO ][search.aggregations.metrics] Index [2] docs async: [true] bulk: [false]
[2014-02-18 15:58:33,114][TRACE][action.search.type       ] [node_0] Moving to second phase, based on results from: [tbUF3y2YTPm1TPdTF8YBYw][idx][4],[YhvSpkX-RFGNafHqA5ra1w][idx][3],[FMinfbhkR0qkv0gqZ8eWZw][idx][2],[tbUF3y2YTPm1TPdTF8YBYw][idx][1],[YhvSpkX-RFGNafHqA5ra1w][idx][0] (cluster state version: 5854)
[2014-02-18 15:58:33,116][INFO ][search.aggregations.metrics] [SumTests#testSingleValuedField_WithValueScript]: cleaning up after test
[2014-02-18 15:58:33,116][INFO ][cluster.metadata         ] [node_0] [idx_unmapped] deleting index
[2014-02-18 15:58:33,224][INFO ][cluster.metadata         ] [node_0] [idx] deleting index
[2014-02-18 15:58:33,390][INFO ][cluster.metadata         ] [node_0] [empty_bucket_idx] deleting index
[2014-02-18 15:58:33,430][INFO ][search.aggregations.metrics] [SumTests#testSingleValuedField_WithValueScript]: cleaned up after test
[2014-02-18 15:58:33,431][INFO ][test                     ] Test testSingleValuedField_WithValueScript(org.elasticsearch.search.aggregations.metrics.SumTests) finished
[2014-02-18 15:58:33,432][INFO ][test                     ] Test testUnmapped(org.elasticsearch.search.aggregations.metrics.SumTests) started
[2014-02-18 15:58:33,440][INFO ][search.aggregations.metrics] [SumTests#testUnmapped]: before test
[2014-02-18 15:58:33,454][INFO ][cluster.metadata         ] [node_0] [idx] creating index, cause [api], shards [4]/[0], mappings []
[2014-02-18 15:58:33,551][INFO ][cluster.metadata         ] [node_0] [idx_unmapped] creating index, cause [api], shards [5]/[0], mappings []
[2014-02-18 15:58:33,693][INFO ][search.aggregations.metrics] Index [10] docs async: [true] bulk: [false]
[2014-02-18 15:58:33,706][INFO ][cluster.metadata         ] [node_0] [idx] update_mapping [type] (dynamic)
[2014-02-18 15:58:34,314][INFO ][cluster.metadata         ] [node_0] [empty_bucket_idx] creating index, cause [api], shards [3]/[0], mappings [type]
[2014-02-18 15:58:34,433][INFO ][search.aggregations.metrics] Index [2] docs async: [true] bulk: [false]
[2014-02-18 15:58:34,588][TRACE][action.search.type       ] [node_0] Moving to second phase, based on results from: [tbUF3y2YTPm1TPdTF8YBYw][idx_unmapped][0],[FMinfbhkR0qkv0gqZ8eWZw][idx_unmapped][1],[YhvSpkX-RFGNafHqA5ra1w][idx_unmapped][2],[tbUF3y2YTPm1TPdTF8YBYw][idx_unmapped][3],[FMinfbhkR0qkv0gqZ8eWZw][idx_unmapped][4] (cluster state version: 5866)
[2014-02-18 15:58:34,589][INFO ][search.aggregations.metrics] [SumTests#testUnmapped]: cleaning up after test
[2014-02-18 15:58:34,592][INFO ][cluster.metadata         ] [node_0] [idx_unmapped] deleting index
[2014-02-18 15:58:34,645][INFO ][cluster.metadata         ] [node_0] [idx] deleting index
[2014-02-18 15:58:34,683][INFO ][cluster.metadata         ] [node_0] [empty_bucket_idx] deleting index
[2014-02-18 15:58:34,710][INFO ][search.aggregations.metrics] [SumTests#testUnmapped]: cleaned up after test
[2014-02-18 15:58:34,711][INFO ][test                     ] Test testUnmapped(org.elasticsearch.search.aggregations.metrics.SumTests) finished
[2014-02-18 15:58:34,712][INFO ][test                     ] Test testScript_MultiValued_WithParams(org.elasticsearch.search.aggregations.metrics.SumTests) started
[2014-02-18 15:58:34,718][INFO ][plugins                  ] [transport_client_node_1] loaded [], sites []
[2014-02-18 15:58:34,758][INFO ][plugins                  ] [transport_client_node_0] loaded [], sites []
[2014-02-18 15:58:34,816][INFO ][search.aggregations.metrics] [SumTests#testScript_MultiValued_WithParams]: before test
[2014-02-18 15:58:34,831][INFO ][cluster.metadata         ] [node_0] [idx] creating index, cause [api], shards [2]/[0], mappings []
[2014-02-18 15:58:34,900][INFO ][cluster.metadata         ] [node_0] [idx_unmapped] creating index, cause [api], shards [2]/[0], mappings []
[2014-02-18 15:58:34,949][INFO ][search.aggregations.metrics] Index [10] docs async: [true] bulk: [false]
[2014-02-18 15:58:34,971][INFO ][cluster.metadata         ] [node_0] [idx] update_mapping [type] (dynamic)
[2014-02-18 15:58:35,662][INFO ][cluster.metadata         ] [node_0] [empty_bucket_idx] creating index, cause [api], shards [1]/[0], mappings [type]
[2014-02-18 15:58:35,720][INFO ][search.aggregations.metrics] Index [2] docs async: [true] bulk: [false]
[2014-02-18 15:58:35,814][TRACE][action.search.type       ] [node_1] Moving to second phase, based on results from: [YhvSpkX-RFGNafHqA5ra1w][idx][0],[tbUF3y2YTPm1TPdTF8YBYw][idx][1] (cluster state version: 5878)
[2014-02-18 15:58:35,817][INFO ][search.aggregations.metrics] [SumTests#testScript_MultiValued_WithParams]: cleaning up after test
[2014-02-18 15:58:35,819][INFO ][cluster.metadata         ] [node_0] [idx_unmapped] deleting index
[2014-02-18 15:58:35,851][INFO ][cluster.metadata         ] [node_0] [idx] deleting index
[2014-02-18 15:58:35,913][INFO ][cluster.metadata         ] [node_0] [empty_bucket_idx] deleting index
[2014-02-18 15:58:35,931][INFO ][search.aggregations.metrics] [SumTests#testScript_MultiValued_WithParams]: cleaned up after test
[2014-02-18 15:58:35,947][INFO ][test                     ] Test testScript_MultiValued_WithParams(org.elasticsearch.search.aggregations.metrics.SumTests) finished
[2014-02-18 15:58:35,948][INFO ][test                     ] Test testMultiValuedField_WithValueScript(org.elasticsearch.search.aggregations.metrics.SumTests) started
[2014-02-18 15:58:35,954][INFO ][plugins                  ] [transport_client_node_0] loaded [], sites []
[2014-02-18 15:58:36,026][INFO ][search.aggregations.metrics] [SumTests#testMultiValuedField_WithValueScript]: before test
[2014-02-18 15:58:36,027][INFO ][plugins                  ] [transport_client_node_2] loaded [], sites []
[2014-02-18 15:58:36,121][INFO ][cluster.metadata         ] [node_0] [idx] creating index, cause [api], shards [1]/[1], mappings []
[2014-02-18 15:58:36,208][INFO ][cluster.metadata         ] [node_0] [idx_unmapped] creating index, cause [api], shards [1]/[0], mappings []
[2014-02-18 15:58:36,237][INFO ][plugins                  ] [transport_client_node_1] loaded [], sites []
[2014-02-18 15:58:36,273][INFO ][search.aggregations.metrics] Index [10] docs async: [true] bulk: [false]
[2014-02-18 15:58:36,276][INFO ][cluster.metadata         ] [node_0] [idx] update_mapping [type] (dynamic)
[2014-02-18 15:58:36,530][INFO ][cluster.metadata         ] [node_0] [empty_bucket_idx] creating index, cause [api], shards [4]/[0], mappings [type]
[2014-02-18 15:58:36,603][INFO ][search.aggregations.metrics] Index [2] docs async: [true] bulk: [false]
[2014-02-18 15:58:36,778][TRACE][action.search.type       ] [node_1] Moving to second phase, based on results from: [YhvSpkX-RFGNafHqA5ra1w][idx][0] (cluster state version: 5890)
[2014-02-18 15:58:36,779][INFO ][search.aggregations.metrics] [SumTests#testMultiValuedField_WithValueScript]: cleaning up after test
[2014-02-18 15:58:36,781][INFO ][cluster.metadata         ] [node_0] [idx_unmapped] deleting index
[2014-02-18 15:58:36,838][INFO ][cluster.metadata         ] [node_0] [idx] deleting index
[2014-02-18 15:58:36,904][INFO ][cluster.metadata         ] [node_0] [empty_bucket_idx] deleting index
[2014-02-18 15:58:36,934][INFO ][search.aggregations.metrics] [SumTests#testMultiValuedField_WithValueScript]: cleaned up after test
[2014-02-18 15:58:36,949][INFO ][test                     ] Test testMultiValuedField_WithValueScript(org.elasticsearch.search.aggregations.metrics.SumTests) finished
[2014-02-18 15:58:36,950][INFO ][test                     ] Test testScript_ExplicitMultiValued(org.elasticsearch.search.aggregations.metrics.SumTests) started
[2014-02-18 15:58:36,956][INFO ][plugins                  ] [transport_client_node_1] loaded [], sites []
[2014-02-18 15:58:37,020][INFO ][search.aggregations.metrics] [SumTests#testScript_ExplicitMultiValued]: before test
[2014-02-18 15:58:37,034][INFO ][cluster.metadata         ] [node_0] [idx] creating index, cause [api], shards [5]/[0], mappings []
[2014-02-18 15:58:37,190][INFO ][cluster.metadata         ] [node_0] [idx_unmapped] creating index, cause [api], shards [4]/[1], mappings []
[2014-02-18 15:58:37,368][INFO ][search.aggregations.metrics] Index [10] docs async: [true] bulk: [false]
[2014-02-18 15:58:37,552][INFO ][cluster.metadata         ] [node_0] [idx] update_mapping [type] (dynamic)
[2014-02-18 15:58:37,767][INFO ][cluster.metadata         ] [node_0] [empty_bucket_idx] creating index, cause [api], shards [4]/[0], mappings [type]
[2014-02-18 15:58:37,913][INFO ][search.aggregations.metrics] Index [2] docs async: [true] bulk: [false]
[2014-02-18 15:58:38,072][TRACE][action.search.type       ] [node_0] Moving to second phase, based on results from: [tbUF3y2YTPm1TPdTF8YBYw][idx][4],[YhvSpkX-RFGNafHqA5ra1w][idx][3],[FMinfbhkR0qkv0gqZ8eWZw][idx][2],[tbUF3y2YTPm1TPdTF8YBYw][idx][1],[YhvSpkX-RFGNafHqA5ra1w][idx][0] (cluster state version: 5906)
[2014-02-18 15:58:38,074][INFO ][search.aggregations.metrics] [SumTests#testScript_ExplicitMultiValued]: cleaning up after test
[2014-02-18 15:58:38,076][INFO ][cluster.metadata         ] [node_0] [idx_unmapped] deleting index
[2014-02-18 15:58:38,153][INFO ][cluster.metadata         ] [node_0] [idx] deleting index
[2014-02-18 15:58:38,201][INFO ][cluster.metadata         ] [node_0] [empty_bucket_idx] deleting index
[2014-02-18 15:58:38,223][INFO ][search.aggregations.metrics] [SumTests#testScript_ExplicitMultiValued]: cleaned up after test
[2014-02-18 15:58:38,227][INFO ][test                     ] Test testScript_ExplicitMultiValued(org.elasticsearch.search.aggregations.metrics.SumTests) finished
[2014-02-18 15:58:38,227][INFO ][test                     ] Test testSingleValuedField(org.elasticsearch.search.aggregations.metrics.SumTests) started
[2014-02-18 15:58:38,233][INFO ][search.aggregations.metrics] [SumTests#testSingleValuedField]: before test
[2014-02-18 15:58:38,246][INFO ][cluster.metadata         ] [node_0] [idx] creating index, cause [api], shards [3]/[1], mappings []
[2014-02-18 15:58:38,311][INFO ][plugins                  ] [transport_client_node_2] loaded [], sites []
[2014-02-18 15:58:38,418][INFO ][cluster.metadata         ] [node_0] [idx_unmapped] creating index, cause [api], shards [5]/[0], mappings []
[2014-02-18 15:58:38,605][INFO ][search.aggregations.metrics] Index [10] docs async: [true] bulk: [false]
[2014-02-18 15:58:38,615][INFO ][cluster.metadata         ] [node_0] [idx] update_mapping [type] (dynamic)
[2014-02-18 15:58:39,129][INFO ][cluster.metadata         ] [node_0] [empty_bucket_idx] creating index, cause [api], shards [4]/[0], mappings [type]
[2014-02-18 15:58:39,229][INFO ][search.aggregations.metrics] Index [2] docs async: [true] bulk: [false]
[2014-02-18 15:58:39,275][TRACE][action.search.type       ] [node_2] Moving to second phase, based on results from: [tbUF3y2YTPm1TPdTF8YBYw][idx][0],[FMinfbhkR0qkv0gqZ8eWZw][idx][2],[tbUF3y2YTPm1TPdTF8YBYw][idx][1] (cluster state version: 5918)
[2014-02-18 15:58:39,277][INFO ][search.aggregations.metrics] [SumTests#testSingleValuedField]: cleaning up after test
[2014-02-18 15:58:39,277][INFO ][cluster.metadata         ] [node_0] [idx_unmapped] deleting index
[2014-02-18 15:58:39,317][INFO ][cluster.metadata         ] [node_0] [idx] deleting index
[2014-02-18 15:58:39,369][INFO ][cluster.metadata         ] [node_0] [empty_bucket_idx] deleting index
[2014-02-18 15:58:39,386][INFO ][search.aggregations.metrics] [SumTests#testSingleValuedField]: cleaned up after test
[2014-02-18 15:58:39,390][INFO ][test                     ] Test testSingleValuedField(org.elasticsearch.search.aggregations.metrics.SumTests) finished
[2014-02-18 15:58:39,391][INFO ][test                     ] Test testMultiValuedField_WithValueScript_WithParams(org.elasticsearch.search.aggregations.metrics.SumTests) started
[2014-02-18 15:58:39,395][INFO ][plugins                  ] [transport_client_node_0] loaded [], sites []
[2014-02-18 15:58:39,425][INFO ][plugins                  ] [transport_client_node_2] loaded [], sites []
[2014-02-18 15:58:39,459][INFO ][search.aggregations.metrics] [SumTests#testMultiValuedField_WithValueScript_WithParams]: before test
[2014-02-18 15:58:39,470][INFO ][cluster.metadata         ] [node_0] [idx] creating index, cause [api], shards [4]/[1], mappings []
[2014-02-18 15:58:39,523][INFO ][plugins                  ] [transport_client_node_1] loaded [], sites []
[2014-02-18 15:58:39,611][INFO ][cluster.metadata         ] [node_0] [idx_unmapped] creating index, cause [api], shards [2]/[0], mappings []
[2014-02-18 15:58:39,657][INFO ][search.aggregations.metrics] Index [10] docs async: [true] bulk: [false]
[2014-02-18 15:58:39,895][INFO ][cluster.metadata         ] [node_0] [idx] update_mapping [type] (dynamic)
[2014-02-18 15:58:39,906][INFO ][cluster.metadata         ] [node_0] [empty_bucket_idx] creating index, cause [api], shards [1]/[1], mappings [type]
[2014-02-18 15:58:39,927][INFO ][search.aggregations.metrics] Index [2] docs async: [true] bulk: [false]
[2014-02-18 15:58:40,023][TRACE][action.search.type       ] [node_1] Moving to second phase, based on results from: [tbUF3y2YTPm1TPdTF8YBYw][idx][0],[FMinfbhkR0qkv0gqZ8eWZw][idx][3],[FMinfbhkR0qkv0gqZ8eWZw][idx][2],[tbUF3y2YTPm1TPdTF8YBYw][idx][1] (cluster state version: 5932)
[2014-02-18 15:58:40,025][INFO ][search.aggregations.metrics] [SumTests#testMultiValuedField_WithValueScript_WithParams]: cleaning up after test
[2014-02-18 15:58:40,026][INFO ][cluster.metadata         ] [node_0] [idx_unmapped] deleting index
[2014-02-18 15:58:40,041][INFO ][cluster.metadata         ] [node_0] [idx] deleting index
[2014-02-18 15:58:40,070][INFO ][cluster.metadata         ] [node_0] [empty_bucket_idx] deleting index
[2014-02-18 15:58:40,081][INFO ][search.aggregations.metrics] [SumTests#testMultiValuedField_WithValueScript_WithParams]: cleaned up after test
[2014-02-18 15:58:40,090][INFO ][test                     ] Test testMultiValuedField_WithValueScript_WithParams(org.elasticsearch.search.aggregations.metrics.SumTests) finished
[2014-02-18 15:58:40,090][INFO ][test                     ] Test testScript_SingleValued(org.elasticsearch.search.aggregations.metrics.SumTests) started
[2014-02-18 15:58:40,093][INFO ][search.aggregations.metrics] [SumTests#testScript_SingleValued]: before test
[2014-02-18 15:58:40,095][INFO ][plugins                  ] [transport_client_node_1] loaded [], sites []
[2014-02-18 15:58:40,130][INFO ][cluster.metadata         ] [node_0] [idx] creating index, cause [api], shards [2]/[1], mappings []
[2014-02-18 15:58:40,198][INFO ][cluster.metadata         ] [node_0] [idx_unmapped] creating index, cause [api], shards [2]/[1], mappings []
[2014-02-18 15:58:40,248][INFO ][search.aggregations.metrics] Index [10] docs async: [true] bulk: [false]
[2014-02-18 15:58:40,447][INFO ][cluster.metadata         ] [node_0] [empty_bucket_idx] creating index, cause [api], shards [1]/[1], mappings [type]
[2014-02-18 15:58:40,494][INFO ][search.aggregations.metrics] Index [2] docs async: [true] bulk: [false]
[2014-02-18 15:58:40,496][INFO ][cluster.metadata         ] [node_0] [idx] update_mapping [type] (dynamic)
[2014-02-18 15:58:40,867][TRACE][action.search.type       ] [node_1] Moving to second phase, based on results from: [FMinfbhkR0qkv0gqZ8eWZw][idx][0],[FMinfbhkR0qkv0gqZ8eWZw][idx][1] (cluster state version: 5947)
[2014-02-18 15:58:40,868][INFO ][search.aggregations.metrics] [SumTests#testScript_SingleValued]: cleaning up after test
[2014-02-18 15:58:40,870][INFO ][cluster.metadata         ] [node_0] [idx_unmapped] deleting index
[2014-02-18 15:58:40,899][INFO ][cluster.metadata         ] [node_0] [idx] deleting index
[2014-02-18 15:58:40,936][INFO ][cluster.metadata         ] [node_0] [empty_bucket_idx] deleting index
[2014-02-18 15:58:40,953][INFO ][search.aggregations.metrics] [SumTests#testScript_SingleValued]: cleaned up after test
[2014-02-18 15:58:40,957][INFO ][test                     ] Test testScript_SingleValued(org.elasticsearch.search.aggregations.metrics.SumTests) finished
[2014-02-18 15:58:40,958][INFO ][test                     ] Test testEmptyAggregation(org.elasticsearch.search.aggregations.metrics.SumTests) started
[2014-02-18 15:58:40,962][INFO ][search.aggregations.metrics] [SumTests#testEmptyAggregation]: before test
[2014-02-18 15:58:40,975][INFO ][cluster.metadata         ] [node_0] [idx] creating index, cause [api], shards [1]/[1], mappings []
[2014-02-18 15:58:41,001][INFO ][plugins                  ] [transport_client_node_1] loaded [], sites []
[2014-02-18 15:58:41,052][INFO ][cluster.metadata         ] [node_0] [idx_unmapped] creating index, cause [api], shards [2]/[1], mappings []
[2014-02-18 15:58:41,097][INFO ][search.aggregations.metrics] Index [10] docs async: [true] bulk: [false]
[2014-02-18 15:58:41,301][INFO ][cluster.metadata         ] [node_0] [empty_bucket_idx] creating index, cause [api], shards [2]/[0], mappings [type]
[2014-02-18 15:58:41,333][INFO ][search.aggregations.metrics] Index [2] docs async: [true] bulk: [false]
[2014-02-18 15:58:41,336][INFO ][cluster.metadata         ] [node_0] [idx] update_mapping [type] (dynamic)
[2014-02-18 15:58:41,355][TRACE][action.search.type       ] [node_0] Moving to second phase, based on results from: [YhvSpkX-RFGNafHqA5ra1w][empty_bucket_idx][0],[tbUF3y2YTPm1TPdTF8YBYw][empty_bucket_idx][1] (cluster state version: 5960)
[2014-02-18 15:58:41,356][INFO ][search.aggregations.metrics] [SumTests#testEmptyAggregation]: cleaning up after test
[2014-02-18 15:58:41,357][INFO ][cluster.metadata         ] [node_0] [idx_unmapped] deleting index
[2014-02-18 15:58:41,389][INFO ][cluster.metadata         ] [node_0] [idx] deleting index
[2014-02-18 15:58:41,414][INFO ][cluster.metadata         ] [node_0] [empty_bucket_idx] deleting index
[2014-02-18 15:58:41,427][INFO ][search.aggregations.metrics] [SumTests#testEmptyAggregation]: cleaned up after test
[2014-02-18 15:58:41,430][INFO ][test                     ] Test testEmptyAggregation(org.elasticsearch.search.aggregations.metrics.SumTests) finished
[2014-02-18 15:58:41,430][INFO ][test                     ] Test testSingleValuedField_WithValueScript_WithParams(org.elasticsearch.search.aggregations.metrics.SumTests) started
[2014-02-18 15:58:41,433][INFO ][plugins                  ] [transport_client_node_0] loaded [], sites []
[2014-02-18 15:58:41,460][INFO ][search.aggregations.metrics] [SumTests#testSingleValuedField_WithValueScript_WithParams]: before test
[2014-02-18 15:58:41,472][INFO ][cluster.metadata         ] [node_0] [idx] creating index, cause [api], shards [4]/[1], mappings []
[2014-02-18 15:58:41,562][INFO ][cluster.metadata         ] [node_0] [idx_unmapped] creating index, cause [api], shards [1]/[1], mappings []
[2014-02-18 15:58:41,580][INFO ][search.aggregations.metrics] Index [10] docs async: [true] bulk: [false]
[2014-02-18 15:58:41,667][INFO ][cluster.metadata         ] [node_0] [idx] update_mapping [type] (dynamic)
[2014-02-18 15:58:41,693][INFO ][cluster.metadata         ] [node_0] [empty_bucket_idx] creating index, cause [api], shards [1]/[0], mappings [type]
[2014-02-18 15:58:41,714][INFO ][search.aggregations.metrics] Index [2] docs async: [false] bulk: [false]
[2014-02-18 15:58:41,737][TRACE][action.search.type       ] [node_1] Moving to second phase, based on results from: [tbUF3y2YTPm1TPdTF8YBYw][idx][0],[FMinfbhkR0qkv0gqZ8eWZw][idx][3],[FMinfbhkR0qkv0gqZ8eWZw][idx][2],[tbUF3y2YTPm1TPdTF8YBYw][idx][1] (cluster state version: 5973)
[2014-02-18 15:58:41,739][INFO ][search.aggregations.metrics] [SumTests#testSingleValuedField_WithValueScript_WithParams]: cleaning up after test
[2014-02-18 15:58:41,740][INFO ][cluster.metadata         ] [node_0] [idx_unmapped] deleting index
[2014-02-18 15:58:41,758][INFO ][cluster.metadata         ] [node_0] [idx] deleting index
[2014-02-18 15:58:41,808][INFO ][cluster.metadata         ] [node_0] [empty_bucket_idx] deleting index
[2014-02-18 15:58:41,822][INFO ][search.aggregations.metrics] [SumTests#testSingleValuedField_WithValueScript_WithParams]: cleaned up after test
[2014-02-18 15:58:41,826][INFO ][test                     ] Test testSingleValuedField_WithValueScript_WithParams(org.elasticsearch.search.aggregations.metrics.SumTests) finished
[2014-02-18 15:58:41,826][INFO ][test                     ] Test testScript_MultiValued(org.elasticsearch.search.aggregations.metrics.SumTests) started
[2014-02-18 15:58:41,831][INFO ][plugins                  ] [transport_client_node_0] loaded [], sites []
[2014-02-18 15:58:41,864][INFO ][plugins                  ] [transport_client_node_1] loaded [], sites []
[2014-02-18 15:58:41,887][INFO ][search.aggregations.metrics] [SumTests#testScript_MultiValued]: before test
[2014-02-18 15:58:41,895][INFO ][cluster.metadata         ] [node_0] [idx] creating index, cause [api], shards [5]/[1], mappings []
[2014-02-18 15:58:42,055][INFO ][cluster.metadata         ] [node_0] [idx_unmapped] creating index, cause [api], shards [3]/[0], mappings []
[2014-02-18 15:58:42,251][INFO ][search.aggregations.metrics] Index [10] docs async: [false] bulk: [true]
[2014-02-18 15:58:42,441][INFO ][cluster.metadata         ] [node_0] [idx] update_mapping [type] (dynamic)
[2014-02-18 15:58:42,561][INFO ][cluster.metadata         ] [node_0] [empty_bucket_idx] creating index, cause [api], shards [2]/[1], mappings [type]
[2014-02-18 15:58:42,705][INFO ][search.aggregations.metrics] Index [2] docs async: [true] bulk: [false]
[2014-02-18 15:58:43,044][TRACE][action.search.type       ] [node_0] Moving to second phase, based on results from: [FMinfbhkR0qkv0gqZ8eWZw][idx][4],[tbUF3y2YTPm1TPdTF8YBYw][idx][3],[FMinfbhkR0qkv0gqZ8eWZw][idx][2],[tbUF3y2YTPm1TPdTF8YBYw][idx][1],[YhvSpkX-RFGNafHqA5ra1w][idx][0] (cluster state version: 5986)
[2014-02-18 15:58:43,046][INFO ][search.aggregations.metrics] [SumTests#testScript_MultiValued]: cleaning up after test
[2014-02-18 15:58:43,047][INFO ][cluster.metadata         ] [node_0] [idx_unmapped] deleting index
[2014-02-18 15:58:43,058][INFO ][cluster.metadata         ] [node_0] [idx] deleting index
[2014-02-18 15:58:43,091][INFO ][cluster.metadata         ] [node_0] [empty_bucket_idx] deleting index
[2014-02-18 15:58:43,110][INFO ][search.aggregations.metrics] [SumTests#testScript_MultiValued]: cleaned up after test
[2014-02-18 15:58:43,120][INFO ][test                     ] Test testScript_MultiValued(org.elasticsearch.search.aggregations.metrics.SumTests) finished
]]></system-out>
   <system-err><![CDATA[]]></system-err>
</testsuite>