<testsuite errors="0" failures="0" tests="2" skipped="0" name="org.elasticsearch.indices.fielddata.breaker.CircuitBreakerServiceTests" hostname="nohost.nodomain" time="29.452" timestamp="2014-02-18T16:08:51">
   <properties class="java.util.ArrayList">
      <property name="awt.toolkit" value="sun.lwawt.macosx.LWCToolkit"/>
      <property name="es.logger.level" value="INFO"/>
      <property name="es.logger.prefix" value=""/>
      <property name="es.node.local" value=""/>
      <property name="es.node.mode" value=""/>
      <property name="file.encoding" value="UTF-8"/>
      <property name="file.encoding.pkg" value="sun.io"/>
      <property name="file.separator" value="/"/>
      <property name="ftp.nonProxyHosts" value="local|*.local|169.254/16|*.169.254/16"/>
      <property name="gopherProxySet" value="false"/>
      <property name="http.nonProxyHosts" value="local|*.local|169.254/16|*.169.254/16"/>
      <property name="java.awt.graphicsenv" value="sun.awt.CGraphicsEnvironment"/>
      <property name="java.awt.headless" value="true"/>
      <property name="java.awt.printerjob" value="sun.lwawt.macosx.CPrinterJob"/>
      <property name="java.class.path" value="/Users/bhwang/elasticsearch/target/test-classes:/Users/bhwang/elasticsearch/target/classes:/Users/bhwang/.m2/repository/org/hamcrest/hamcrest-all/1.3/hamcrest-all-1.3.jar:/Users/bhwang/.m2/repository/com/carrotsearch/randomizedtesting/randomizedtesting-runner/2.0.15/randomizedtesting-runner-2.0.15.jar:/Users/bhwang/.m2/repository/junit/junit/4.10/junit-4.10.jar:/Users/bhwang/.m2/repository/org/apache/lucene/lucene-test-framework/4.6.1/lucene-test-framework-4.6.1.jar:/Users/bhwang/.m2/repository/org/apache/lucene/lucene-expressions/4.6.1/lucene-expressions-4.6.1.jar:/Users/bhwang/.m2/repository/org/antlr/antlr-runtime/3.5/antlr-runtime-3.5.jar:/Users/bhwang/.m2/repository/org/ow2/asm/asm/4.1/asm-4.1.jar:/Users/bhwang/.m2/repository/org/ow2/asm/asm-commons/4.1/asm-commons-4.1.jar:/Users/bhwang/.m2/repository/org/apache/httpcomponents/httpclient/4.3.1/httpclient-4.3.1.jar:/Users/bhwang/.m2/repository/org/apache/httpcomponents/httpcore/4.3/httpcore-4.3.jar:/Users/bhwang/.m2/repository/commons-logging/commons-logging/1.1.3/commons-logging-1.1.3.jar:/Users/bhwang/.m2/repository/commons-codec/commons-codec/1.6/commons-codec-1.6.jar:/Users/bhwang/.m2/repository/org/apache/lucene/lucene-core/4.6.1/lucene-core-4.6.1.jar:/Users/bhwang/.m2/repository/org/apache/lucene/lucene-analyzers-common/4.6.1/lucene-analyzers-common-4.6.1.jar:/Users/bhwang/.m2/repository/org/apache/lucene/lucene-codecs/4.6.1/lucene-codecs-4.6.1.jar:/Users/bhwang/.m2/repository/org/apache/lucene/lucene-queries/4.6.1/lucene-queries-4.6.1.jar:/Users/bhwang/.m2/repository/org/apache/lucene/lucene-memory/4.6.1/lucene-memory-4.6.1.jar:/Users/bhwang/.m2/repository/org/apache/lucene/lucene-highlighter/4.6.1/lucene-highlighter-4.6.1.jar:/Users/bhwang/.m2/repository/org/apache/lucene/lucene-queryparser/4.6.1/lucene-queryparser-4.6.1.jar:/Users/bhwang/.m2/repository/org/apache/lucene/lucene-sandbox/4.6.1/lucene-sandbox-4.6.1.jar:/Users/bhwang/.m2/repository/org/apache/lucene/lucene-suggest/4.6.1/lucene-suggest-4.6.1.jar:/Users/bhwang/.m2/repository/org/apache/lucene/lucene-misc/4.6.1/lucene-misc-4.6.1.jar:/Users/bhwang/.m2/repository/org/apache/lucene/lucene-join/4.6.1/lucene-join-4.6.1.jar:/Users/bhwang/.m2/repository/org/apache/lucene/lucene-grouping/4.6.1/lucene-grouping-4.6.1.jar:/Users/bhwang/.m2/repository/org/apache/lucene/lucene-spatial/4.6.1/lucene-spatial-4.6.1.jar:/Users/bhwang/.m2/repository/com/spatial4j/spatial4j/0.3/spatial4j-0.3.jar:/Users/bhwang/.m2/repository/com/vividsolutions/jts/1.12/jts-1.12.jar:/Users/bhwang/.m2/repository/com/google/guava/guava/16.0/guava-16.0.jar:/Users/bhwang/.m2/repository/com/carrotsearch/hppc/0.5.3/hppc-0.5.3.jar:/Users/bhwang/.m2/repository/joda-time/joda-time/2.3/joda-time-2.3.jar:/Users/bhwang/.m2/repository/org/joda/joda-convert/1.2/joda-convert-1.2.jar:/Users/bhwang/.m2/repository/org/mvel/mvel2/2.1.5.Final/mvel2-2.1.5.Final.jar:/Users/bhwang/.m2/repository/com/fasterxml/jackson/core/jackson-core/2.3.0/jackson-core-2.3.0.jar:/Users/bhwang/.m2/repository/com/fasterxml/jackson/dataformat/jackson-dataformat-smile/2.3.0/jackson-dataformat-smile-2.3.0.jar:/Users/bhwang/.m2/repository/com/fasterxml/jackson/dataformat/jackson-dataformat-yaml/2.3.0/jackson-dataformat-yaml-2.3.0.jar:/Users/bhwang/.m2/repository/io/netty/netty/3.9.0.Final/netty-3.9.0.Final.jar:/Users/bhwang/.m2/repository/com/ning/compress-lzf/0.9.6/compress-lzf-0.9.6.jar:/Users/bhwang/.m2/repository/log4j/log4j/1.2.17/log4j-1.2.17.jar:/Users/bhwang/.m2/repository/org/slf4j/slf4j-api/1.6.2/slf4j-api-1.6.2.jar:/Users/bhwang/.m2/repository/net/java/dev/jna/jna/3.3.0/jna-3.3.0.jar:/Users/bhwang/.m2/repository/org/fusesource/sigar/1.6.4/sigar-1.6.4.jar:/Users/bhwang/.m2/repository/com/carrotsearch/randomizedtesting/junit4-ant/2.0.15/junit4-ant-2.0.15.jar"/>
      <property name="java.class.version" value="51.0"/>
      <property name="java.endorsed.dirs" value="/Library/Java/JavaVirtualMachines/jdk1.7.0_45.jdk/Contents/Home/jre/lib/endorsed"/>
      <property name="java.ext.dirs" value="/Users/bhwang/Library/Java/Extensions:/Library/Java/JavaVirtualMachines/jdk1.7.0_45.jdk/Contents/Home/jre/lib/ext:/Library/Java/Extensions:/Network/Library/Java/Extensions:/System/Library/Java/Extensions:/usr/lib/java"/>
      <property name="java.home" value="/Library/Java/JavaVirtualMachines/jdk1.7.0_45.jdk/Contents/Home/jre"/>
      <property name="java.io.tmpdir" value="."/>
      <property name="java.library.path" value="/Users/bhwang/Library/Java/Extensions:/Library/Java/Extensions:/Network/Library/Java/Extensions:/System/Library/Java/Extensions:/usr/lib/java:."/>
      <property name="java.runtime.name" value="Java(TM) SE Runtime Environment"/>
      <property name="java.runtime.version" value="1.7.0_45-b18"/>
      <property name="java.security.policy" value="/Users/bhwang/elasticsearch/dev-tools/tests.policy"/>
      <property name="java.specification.name" value="Java Platform API Specification"/>
      <property name="java.specification.vendor" value="Oracle Corporation"/>
      <property name="java.specification.version" value="1.7"/>
      <property name="java.vendor" value="Oracle Corporation"/>
      <property name="java.vendor.url" value="http://java.oracle.com/"/>
      <property name="java.vendor.url.bug" value="http://bugreport.sun.com/bugreport/"/>
      <property name="java.version" value="1.7.0_45"/>
      <property name="java.vm.info" value="mixed mode"/>
      <property name="java.vm.name" value="Java HotSpot(TM) 64-Bit Server VM"/>
      <property name="java.vm.specification.name" value="Java Virtual Machine Specification"/>
      <property name="java.vm.specification.vendor" value="Oracle Corporation"/>
      <property name="java.vm.specification.version" value="1.7"/>
      <property name="java.vm.vendor" value="Oracle Corporation"/>
      <property name="java.vm.version" value="24.45-b08"/>
      <property name="junit4.childvm.cwd" value="/Users/bhwang/elasticsearch/target/J0"/>
      <property name="junit4.childvm.id" value="0"/>
      <property name="junit4.memory.total" value="128974848"/>
      <property name="junit4.pidString" value="6815@Bills-MacBook-Pro.local"/>
      <property name="junit4.processors" value="4"/>
      <property name="junit4.tempDir" value="/Users/bhwang/elasticsearch/target"/>
      <property name="line.separator" value="
"/>
      <property name="os.arch" value="x86_64"/>
      <property name="os.name" value="Mac OS X"/>
      <property name="os.version" value="10.9.1"/>
      <property name="path.separator" value=":"/>
      <property name="socksNonProxyHosts" value="local|*.local|169.254/16|*.169.254/16"/>
      <property name="sun.arch.data.model" value="64"/>
      <property name="sun.boot.class.path" value="/Library/Java/JavaVirtualMachines/jdk1.7.0_45.jdk/Contents/Home/jre/lib/resources.jar:/Library/Java/JavaVirtualMachines/jdk1.7.0_45.jdk/Contents/Home/jre/lib/rt.jar:/Library/Java/JavaVirtualMachines/jdk1.7.0_45.jdk/Contents/Home/jre/lib/sunrsasign.jar:/Library/Java/JavaVirtualMachines/jdk1.7.0_45.jdk/Contents/Home/jre/lib/jsse.jar:/Library/Java/JavaVirtualMachines/jdk1.7.0_45.jdk/Contents/Home/jre/lib/jce.jar:/Library/Java/JavaVirtualMachines/jdk1.7.0_45.jdk/Contents/Home/jre/lib/charsets.jar:/Library/Java/JavaVirtualMachines/jdk1.7.0_45.jdk/Contents/Home/jre/lib/jfr.jar:/Library/Java/JavaVirtualMachines/jdk1.7.0_45.jdk/Contents/Home/jre/lib/JObjC.jar:/Library/Java/JavaVirtualMachines/jdk1.7.0_45.jdk/Contents/Home/jre/classes"/>
      <property name="sun.boot.library.path" value="/Library/Java/JavaVirtualMachines/jdk1.7.0_45.jdk/Contents/Home/jre/lib"/>
      <property name="sun.cpu.endian" value="little"/>
      <property name="sun.cpu.isalist" value=""/>
      <property name="sun.io.unicode.encoding" value="UnicodeBig"/>
      <property name="sun.java.command" value="com.carrotsearch.ant.tasks.junit4.slave.SlaveMainSafe -flush -eventsfile /Users/bhwang/elasticsearch/target/junit4-J0-20140218_153326_767.events @/Users/bhwang/elasticsearch/target/junit4-J0-20140218_153326_767.suites -stdin"/>
      <property name="sun.java.launcher" value="SUN_STANDARD"/>
      <property name="sun.jnu.encoding" value="UTF-8"/>
      <property name="sun.management.compiler" value="HotSpot 64-Bit Tiered Compilers"/>
      <property name="sun.os.patch.level" value="unknown"/>
      <property name="tests.appendseed" value=""/>
      <property name="tests.assertion.disabled" value=""/>
      <property name="tests.awaitsfix" value=""/>
      <property name="tests.badapples" value=""/>
      <property name="tests.class" value=""/>
      <property name="tests.client.ratio" value=""/>
      <property name="tests.cluster_seed" value=""/>
      <property name="tests.enable_mock_modules" value=""/>
      <property name="tests.failfast" value=""/>
      <property name="tests.integration" value=""/>
      <property name="tests.iters" value=""/>
      <property name="tests.jvm.argline" value=""/>
      <property name="tests.maxfailures" value=""/>
      <property name="tests.method" value=""/>
      <property name="tests.network" value=""/>
      <property name="tests.nightly" value=""/>
      <property name="tests.prefix" value="tests"/>
      <property name="tests.rest" value=""/>
      <property name="tests.rest.spec" value=""/>
      <property name="tests.rest.suite" value=""/>
      <property name="tests.security.manager" value=""/>
      <property name="tests.seed" value="A89B4FF56754358E"/>
      <property name="tests.showSuccess" value=""/>
      <property name="tests.slow" value=""/>
      <property name="tests.timeoutSuite" value=""/>
      <property name="tests.weekly" value=""/>
      <property name="user.country" value="US"/>
      <property name="user.dir" value="/Users/bhwang/elasticsearch/target/J0"/>
      <property name="user.home" value="/Users/bhwang"/>
      <property name="user.language" value="en"/>
      <property name="user.name" value="bhwang"/>
      <property name="user.timezone" value=""/>
   </properties>
   <testcase classname="org.elasticsearch.indices.fielddata.breaker.CircuitBreakerServiceTests" name="testMemoryBreaker" time="15.98"/>
   <testcase classname="org.elasticsearch.indices.fielddata.breaker.CircuitBreakerServiceTests" name="testRamAccountingTermsEnum" time="13.452"/>
   <system-out><![CDATA[[2014-02-18 16:08:51,406][INFO ][test                     ] Test testMemoryBreaker(org.elasticsearch.indices.fielddata.breaker.CircuitBreakerServiceTests) started
[2014-02-18 16:08:51,407][INFO ][test                     ] Setup TestCluster [TEST-Bills-MacBook-Pro.local-CHILD_VM=[0]-CLUSTER_SEED=[2217275569854824214]-HASH=[13541B99A0E5CD58]] with seed [1EC5586216593F16] using [5] nodes
[2014-02-18 16:08:51,407][INFO ][node                     ] [node_0] stopping ...
[2014-02-18 16:08:51,411][INFO ][node                     ] [node_0] stopped
[2014-02-18 16:08:51,412][INFO ][node                     ] [node_0] closing ...
[2014-02-18 16:08:51,413][INFO ][node                     ] [node_0] closed
[2014-02-18 16:08:51,415][INFO ][node                     ] [node_0] version[1.0.0], pid[6815], build[a46900e/2014-02-18T23:32:25Z]
[2014-02-18 16:08:51,415][INFO ][node                     ] [node_0] initializing ...
[2014-02-18 16:08:51,415][INFO ][plugins                  ] [node_0] loaded [], sites []
[2014-02-18 16:08:51,447][TRACE][indices.fielddata.breaker] [node_0] Creating MemoryCircuitBreaker with a limit of 381681664 bytes (364mb) and a overhead constant of 1.03
[2014-02-18 16:08:51,454][INFO ][node                     ] [node_0] initialized
[2014-02-18 16:08:51,455][INFO ][node                     ] [node_0] starting ...
[2014-02-18 16:08:51,460][INFO ][transport                ] [node_0] bound_address {inet[/0:0:0:0:0:0:0:0:9303]}, publish_address {inet[/10.1.10.75:9303]}
[2014-02-18 16:08:54,465][INFO ][cluster.service          ] [node_0] new_master [node_0][atlZcNI2Q5GsjnySeylKMw][Bills-MacBook-Pro.local][inet[/10.1.10.75:9303]], reason: zen-disco-join (elected_as_master)
[2014-02-18 16:08:54,478][INFO ][discovery                ] [node_0] TEST-Bills-MacBook-Pro.local-CHILD_VM=[0]-CLUSTER_SEED=[2217275569854824214]-HASH=[13541B99A0E5CD58]/atlZcNI2Q5GsjnySeylKMw
[2014-02-18 16:08:54,479][INFO ][gateway                  ] [node_0] recovered [0] indices into cluster_state
[2014-02-18 16:08:54,481][INFO ][http                     ] [node_0] bound_address {inet[/0:0:0:0:0:0:0:0:9203]}, publish_address {inet[/10.1.10.75:9203]}
[2014-02-18 16:08:54,482][INFO ][node                     ] [node_0] started
[2014-02-18 16:08:54,482][INFO ][test                     ] Start Shared Node [node_0] not shared
[2014-02-18 16:08:54,483][INFO ][node                     ] [node_1] version[1.0.0], pid[6815], build[a46900e/2014-02-18T23:32:25Z]
[2014-02-18 16:08:54,483][INFO ][node                     ] [node_1] initializing ...
[2014-02-18 16:08:54,483][INFO ][plugins                  ] [node_1] loaded [], sites []
[2014-02-18 16:08:54,512][TRACE][indices.fielddata.breaker] [node_1] Creating MemoryCircuitBreaker with a limit of 381681664 bytes (364mb) and a overhead constant of 1.03
[2014-02-18 16:08:54,522][INFO ][node                     ] [node_1] initialized
[2014-02-18 16:08:54,523][INFO ][node                     ] [node_1] starting ...
[2014-02-18 16:08:54,529][INFO ][transport                ] [node_1] bound_address {inet[/0:0:0:0:0:0:0:0:9304]}, publish_address {inet[/10.1.10.75:9304]}
[2014-02-18 16:08:57,551][INFO ][cluster.service          ] [node_0] added {[node_1][ZxpNAdlaREa62klFzAOmNQ][Bills-MacBook-Pro.local][inet[/10.1.10.75:9304]],}, reason: zen-disco-receive(join from node[[node_1][ZxpNAdlaREa62klFzAOmNQ][Bills-MacBook-Pro.local][inet[/10.1.10.75:9304]]])
[2014-02-18 16:08:57,552][INFO ][cluster.service          ] [node_1] detected_master [node_0][atlZcNI2Q5GsjnySeylKMw][Bills-MacBook-Pro.local][inet[/10.1.10.75:9303]], added {[node_0][atlZcNI2Q5GsjnySeylKMw][Bills-MacBook-Pro.local][inet[/10.1.10.75:9303]],}, reason: zen-disco-receive(from master [[node_0][atlZcNI2Q5GsjnySeylKMw][Bills-MacBook-Pro.local][inet[/10.1.10.75:9303]]])
[2014-02-18 16:08:57,567][INFO ][discovery                ] [node_1] TEST-Bills-MacBook-Pro.local-CHILD_VM=[0]-CLUSTER_SEED=[2217275569854824214]-HASH=[13541B99A0E5CD58]/ZxpNAdlaREa62klFzAOmNQ
[2014-02-18 16:08:57,572][INFO ][http                     ] [node_1] bound_address {inet[/0:0:0:0:0:0:0:0:9204]}, publish_address {inet[/10.1.10.75:9204]}
[2014-02-18 16:08:57,572][INFO ][node                     ] [node_1] started
[2014-02-18 16:08:57,572][INFO ][test                     ] Start Shared Node [node_1] not shared
[2014-02-18 16:08:57,574][INFO ][node                     ] [node_2] version[1.0.0], pid[6815], build[a46900e/2014-02-18T23:32:25Z]
[2014-02-18 16:08:57,574][INFO ][node                     ] [node_2] initializing ...
[2014-02-18 16:08:57,574][INFO ][plugins                  ] [node_2] loaded [], sites []
[2014-02-18 16:08:57,606][TRACE][indices.fielddata.breaker] [node_2] Creating MemoryCircuitBreaker with a limit of 381681664 bytes (364mb) and a overhead constant of 1.03
[2014-02-18 16:08:57,613][INFO ][node                     ] [node_2] initialized
[2014-02-18 16:08:57,614][INFO ][node                     ] [node_2] starting ...
[2014-02-18 16:08:57,620][INFO ][transport                ] [node_2] bound_address {inet[/0:0:0:0:0:0:0:0:9305]}, publish_address {inet[/10.1.10.75:9305]}
[2014-02-18 16:09:00,638][INFO ][cluster.service          ] [node_0] added {[node_2][cgDaQ79OTmGD_ymk_X0e2g][Bills-MacBook-Pro.local][inet[/10.1.10.75:9305]],}, reason: zen-disco-receive(join from node[[node_2][cgDaQ79OTmGD_ymk_X0e2g][Bills-MacBook-Pro.local][inet[/10.1.10.75:9305]]])
[2014-02-18 16:09:00,638][INFO ][cluster.service          ] [node_1] added {[node_2][cgDaQ79OTmGD_ymk_X0e2g][Bills-MacBook-Pro.local][inet[/10.1.10.75:9305]],}, reason: zen-disco-receive(from master [[node_0][atlZcNI2Q5GsjnySeylKMw][Bills-MacBook-Pro.local][inet[/10.1.10.75:9303]]])
[2014-02-18 16:09:00,639][INFO ][cluster.service          ] [node_2] detected_master [node_0][atlZcNI2Q5GsjnySeylKMw][Bills-MacBook-Pro.local][inet[/10.1.10.75:9303]], added {[node_1][ZxpNAdlaREa62klFzAOmNQ][Bills-MacBook-Pro.local][inet[/10.1.10.75:9304]],[node_0][atlZcNI2Q5GsjnySeylKMw][Bills-MacBook-Pro.local][inet[/10.1.10.75:9303]],}, reason: zen-disco-receive(from master [[node_0][atlZcNI2Q5GsjnySeylKMw][Bills-MacBook-Pro.local][inet[/10.1.10.75:9303]]])
[2014-02-18 16:09:00,662][INFO ][discovery                ] [node_2] TEST-Bills-MacBook-Pro.local-CHILD_VM=[0]-CLUSTER_SEED=[2217275569854824214]-HASH=[13541B99A0E5CD58]/cgDaQ79OTmGD_ymk_X0e2g
[2014-02-18 16:09:00,667][INFO ][http                     ] [node_2] bound_address {inet[/0:0:0:0:0:0:0:0:9205]}, publish_address {inet[/10.1.10.75:9205]}
[2014-02-18 16:09:00,667][INFO ][node                     ] [node_2] started
[2014-02-18 16:09:00,667][INFO ][test                     ] Start Shared Node [node_2] not shared
[2014-02-18 16:09:00,668][INFO ][node                     ] [node_3] version[1.0.0], pid[6815], build[a46900e/2014-02-18T23:32:25Z]
[2014-02-18 16:09:00,668][INFO ][node                     ] [node_3] initializing ...
[2014-02-18 16:09:00,669][INFO ][plugins                  ] [node_3] loaded [], sites []
[2014-02-18 16:09:00,698][TRACE][indices.fielddata.breaker] [node_3] Creating MemoryCircuitBreaker with a limit of 381681664 bytes (364mb) and a overhead constant of 1.03
[2014-02-18 16:09:00,706][INFO ][node                     ] [node_3] initialized
[2014-02-18 16:09:00,706][INFO ][node                     ] [node_3] starting ...
[2014-02-18 16:09:00,712][INFO ][transport                ] [node_3] bound_address {inet[/0:0:0:0:0:0:0:0:9306]}, publish_address {inet[/10.1.10.75:9306]}
[2014-02-18 16:09:00,716][WARN ][discovery.zen.ping.multicast] [node_3] failed to receive packet, throttling...
java.net.SocketException: Socket closed
	at java.net.PlainDatagramSocketImpl.peekData(Native Method)
	at java.net.DatagramSocket.receive(DatagramSocket.java:726)
	at org.elasticsearch.discovery.zen.ping.multicast.MulticastZenPing$Receiver.run(MulticastZenPing.java:366)
	at java.lang.Thread.run(Thread.java:744)
[2014-02-18 16:09:01,217][WARN ][discovery.zen.ping.multicast] [node_3] failed to receive packet, throttling...
java.net.SocketException: Socket closed
	at java.net.PlainDatagramSocketImpl.peekData(Native Method)
	at java.net.DatagramSocket.receive(DatagramSocket.java:726)
	at org.elasticsearch.discovery.zen.ping.multicast.MulticastZenPing$Receiver.run(MulticastZenPing.java:366)
	at java.lang.Thread.run(Thread.java:744)
[2014-02-18 16:09:01,718][WARN ][discovery.zen.ping.multicast] [node_3] failed to receive packet, throttling...
java.net.SocketException: Socket closed
	at java.net.PlainDatagramSocketImpl.peekData(Native Method)
	at java.net.DatagramSocket.receive(DatagramSocket.java:726)
	at org.elasticsearch.discovery.zen.ping.multicast.MulticastZenPing$Receiver.run(MulticastZenPing.java:366)
	at java.lang.Thread.run(Thread.java:744)
[2014-02-18 16:09:02,219][WARN ][discovery.zen.ping.multicast] [node_3] failed to receive packet, throttling...
java.net.SocketException: Socket closed
	at java.net.PlainDatagramSocketImpl.peekData(Native Method)
	at java.net.DatagramSocket.receive(DatagramSocket.java:726)
	at org.elasticsearch.discovery.zen.ping.multicast.MulticastZenPing$Receiver.run(MulticastZenPing.java:366)
	at java.lang.Thread.run(Thread.java:744)
[2014-02-18 16:09:02,719][WARN ][discovery.zen.ping.multicast] [node_3] failed to receive packet, throttling...
java.net.SocketException: Socket closed
	at java.net.PlainDatagramSocketImpl.peekData(Native Method)
	at java.net.DatagramSocket.receive(DatagramSocket.java:726)
	at org.elasticsearch.discovery.zen.ping.multicast.MulticastZenPing$Receiver.run(MulticastZenPing.java:366)
	at java.lang.Thread.run(Thread.java:744)
[2014-02-18 16:09:03,221][WARN ][discovery.zen.ping.multicast] [node_3] failed to receive packet, throttling...
java.net.SocketException: Socket closed
	at java.net.PlainDatagramSocketImpl.peekData(Native Method)
	at java.net.DatagramSocket.receive(DatagramSocket.java:726)
	at org.elasticsearch.discovery.zen.ping.multicast.MulticastZenPing$Receiver.run(MulticastZenPing.java:366)
	at java.lang.Thread.run(Thread.java:744)
[2014-02-18 16:09:03,722][WARN ][discovery.zen.ping.multicast] [node_3] failed to receive packet, throttling...
java.net.SocketException: Socket closed
	at java.net.PlainDatagramSocketImpl.peekData(Native Method)
	at java.net.DatagramSocket.receive(DatagramSocket.java:726)
	at org.elasticsearch.discovery.zen.ping.multicast.MulticastZenPing$Receiver.run(MulticastZenPing.java:366)
	at java.lang.Thread.run(Thread.java:744)
[2014-02-18 16:09:03,731][INFO ][cluster.service          ] [node_0] added {[node_3][bh2b2zyJThy5eFukyfHl2A][Bills-MacBook-Pro.local][inet[/10.1.10.75:9306]],}, reason: zen-disco-receive(join from node[[node_3][bh2b2zyJThy5eFukyfHl2A][Bills-MacBook-Pro.local][inet[/10.1.10.75:9306]]])
[2014-02-18 16:09:03,732][INFO ][cluster.service          ] [node_2] added {[node_3][bh2b2zyJThy5eFukyfHl2A][Bills-MacBook-Pro.local][inet[/10.1.10.75:9306]],}, reason: zen-disco-receive(from master [[node_0][atlZcNI2Q5GsjnySeylKMw][Bills-MacBook-Pro.local][inet[/10.1.10.75:9303]]])
[2014-02-18 16:09:03,732][INFO ][cluster.service          ] [node_1] added {[node_3][bh2b2zyJThy5eFukyfHl2A][Bills-MacBook-Pro.local][inet[/10.1.10.75:9306]],}, reason: zen-disco-receive(from master [[node_0][atlZcNI2Q5GsjnySeylKMw][Bills-MacBook-Pro.local][inet[/10.1.10.75:9303]]])
[2014-02-18 16:09:03,733][INFO ][cluster.service          ] [node_3] detected_master [node_0][atlZcNI2Q5GsjnySeylKMw][Bills-MacBook-Pro.local][inet[/10.1.10.75:9303]], added {[node_1][ZxpNAdlaREa62klFzAOmNQ][Bills-MacBook-Pro.local][inet[/10.1.10.75:9304]],[node_0][atlZcNI2Q5GsjnySeylKMw][Bills-MacBook-Pro.local][inet[/10.1.10.75:9303]],[node_2][cgDaQ79OTmGD_ymk_X0e2g][Bills-MacBook-Pro.local][inet[/10.1.10.75:9305]],}, reason: zen-disco-receive(from master [[node_0][atlZcNI2Q5GsjnySeylKMw][Bills-MacBook-Pro.local][inet[/10.1.10.75:9303]]])
[2014-02-18 16:09:03,768][INFO ][discovery                ] [node_3] TEST-Bills-MacBook-Pro.local-CHILD_VM=[0]-CLUSTER_SEED=[2217275569854824214]-HASH=[13541B99A0E5CD58]/bh2b2zyJThy5eFukyfHl2A
[2014-02-18 16:09:03,772][INFO ][http                     ] [node_3] bound_address {inet[/0:0:0:0:0:0:0:0:9206]}, publish_address {inet[/10.1.10.75:9206]}
[2014-02-18 16:09:03,773][INFO ][node                     ] [node_3] started
[2014-02-18 16:09:03,773][INFO ][test                     ] Start Shared Node [node_3] not shared
[2014-02-18 16:09:03,774][INFO ][node                     ] [node_4] version[1.0.0], pid[6815], build[a46900e/2014-02-18T23:32:25Z]
[2014-02-18 16:09:03,774][INFO ][node                     ] [node_4] initializing ...
[2014-02-18 16:09:03,774][INFO ][plugins                  ] [node_4] loaded [], sites []
[2014-02-18 16:09:03,803][TRACE][indices.fielddata.breaker] [node_4] Creating MemoryCircuitBreaker with a limit of 381681664 bytes (364mb) and a overhead constant of 1.03
[2014-02-18 16:09:03,812][INFO ][node                     ] [node_4] initialized
[2014-02-18 16:09:03,812][INFO ][node                     ] [node_4] starting ...
[2014-02-18 16:09:03,820][INFO ][transport                ] [node_4] bound_address {inet[/0:0:0:0:0:0:0:0:9307]}, publish_address {inet[/10.1.10.75:9307]}
[2014-02-18 16:09:03,824][WARN ][discovery.zen.ping.multicast] [node_4] failed to receive packet, throttling...
java.net.SocketException: Socket closed
	at java.net.PlainDatagramSocketImpl.peekData(Native Method)
	at java.net.DatagramSocket.receive(DatagramSocket.java:726)
	at org.elasticsearch.discovery.zen.ping.multicast.MulticastZenPing$Receiver.run(MulticastZenPing.java:366)
	at java.lang.Thread.run(Thread.java:744)
[2014-02-18 16:09:04,226][WARN ][discovery.zen.ping.multicast] [node_3] failed to receive packet, throttling...
java.net.SocketException: Socket closed
	at java.net.PlainDatagramSocketImpl.peekData(Native Method)
	at java.net.DatagramSocket.receive(DatagramSocket.java:726)
	at org.elasticsearch.discovery.zen.ping.multicast.MulticastZenPing$Receiver.run(MulticastZenPing.java:366)
	at java.lang.Thread.run(Thread.java:744)
[2014-02-18 16:09:04,325][WARN ][discovery.zen.ping.multicast] [node_4] failed to receive packet, throttling...
java.net.SocketException: Socket closed
	at java.net.PlainDatagramSocketImpl.peekData(Native Method)
	at java.net.DatagramSocket.receive(DatagramSocket.java:726)
	at org.elasticsearch.discovery.zen.ping.multicast.MulticastZenPing$Receiver.run(MulticastZenPing.java:366)
	at java.lang.Thread.run(Thread.java:744)
[2014-02-18 16:09:04,727][WARN ][discovery.zen.ping.multicast] [node_3] failed to receive packet, throttling...
java.net.SocketException: Socket closed
	at java.net.PlainDatagramSocketImpl.peekData(Native Method)
	at java.net.DatagramSocket.receive(DatagramSocket.java:726)
	at org.elasticsearch.discovery.zen.ping.multicast.MulticastZenPing$Receiver.run(MulticastZenPing.java:366)
	at java.lang.Thread.run(Thread.java:744)
[2014-02-18 16:09:04,826][WARN ][discovery.zen.ping.multicast] [node_4] failed to receive packet, throttling...
java.net.SocketException: Socket closed
	at java.net.PlainDatagramSocketImpl.peekData(Native Method)
	at java.net.DatagramSocket.receive(DatagramSocket.java:726)
	at org.elasticsearch.discovery.zen.ping.multicast.MulticastZenPing$Receiver.run(MulticastZenPing.java:366)
	at java.lang.Thread.run(Thread.java:744)
[2014-02-18 16:09:05,228][WARN ][discovery.zen.ping.multicast] [node_3] failed to receive packet, throttling...
java.net.SocketException: Socket closed
	at java.net.PlainDatagramSocketImpl.peekData(Native Method)
	at java.net.DatagramSocket.receive(DatagramSocket.java:726)
	at org.elasticsearch.discovery.zen.ping.multicast.MulticastZenPing$Receiver.run(MulticastZenPing.java:366)
	at java.lang.Thread.run(Thread.java:744)
[2014-02-18 16:09:05,327][WARN ][discovery.zen.ping.multicast] [node_4] failed to receive packet, throttling...
java.net.SocketException: Socket closed
	at java.net.PlainDatagramSocketImpl.peekData(Native Method)
	at java.net.DatagramSocket.receive(DatagramSocket.java:726)
	at org.elasticsearch.discovery.zen.ping.multicast.MulticastZenPing$Receiver.run(MulticastZenPing.java:366)
	at java.lang.Thread.run(Thread.java:744)
[2014-02-18 16:09:05,729][WARN ][discovery.zen.ping.multicast] [node_3] failed to receive packet, throttling...
java.net.SocketException: Socket closed
	at java.net.PlainDatagramSocketImpl.peekData(Native Method)
	at java.net.DatagramSocket.receive(DatagramSocket.java:726)
	at org.elasticsearch.discovery.zen.ping.multicast.MulticastZenPing$Receiver.run(MulticastZenPing.java:366)
	at java.lang.Thread.run(Thread.java:744)
[2014-02-18 16:09:05,828][WARN ][discovery.zen.ping.multicast] [node_4] failed to receive packet, throttling...
java.net.SocketException: Socket closed
	at java.net.PlainDatagramSocketImpl.peekData(Native Method)
	at java.net.DatagramSocket.receive(DatagramSocket.java:726)
	at org.elasticsearch.discovery.zen.ping.multicast.MulticastZenPing$Receiver.run(MulticastZenPing.java:366)
	at java.lang.Thread.run(Thread.java:744)
[2014-02-18 16:09:06,230][WARN ][discovery.zen.ping.multicast] [node_3] failed to receive packet, throttling...
java.net.SocketException: Socket closed
	at java.net.PlainDatagramSocketImpl.peekData(Native Method)
	at java.net.DatagramSocket.receive(DatagramSocket.java:726)
	at org.elasticsearch.discovery.zen.ping.multicast.MulticastZenPing$Receiver.run(MulticastZenPing.java:366)
	at java.lang.Thread.run(Thread.java:744)
[2014-02-18 16:09:06,328][WARN ][discovery.zen.ping.multicast] [node_4] failed to receive packet, throttling...
java.net.SocketException: Socket closed
	at java.net.PlainDatagramSocketImpl.peekData(Native Method)
	at java.net.DatagramSocket.receive(DatagramSocket.java:726)
	at org.elasticsearch.discovery.zen.ping.multicast.MulticastZenPing$Receiver.run(MulticastZenPing.java:366)
	at java.lang.Thread.run(Thread.java:744)
[2014-02-18 16:09:06,731][WARN ][discovery.zen.ping.multicast] [node_3] failed to receive packet, throttling...
java.net.SocketException: Socket closed
	at java.net.PlainDatagramSocketImpl.peekData(Native Method)
	at java.net.DatagramSocket.receive(DatagramSocket.java:726)
	at org.elasticsearch.discovery.zen.ping.multicast.MulticastZenPing$Receiver.run(MulticastZenPing.java:366)
	at java.lang.Thread.run(Thread.java:744)
[2014-02-18 16:09:06,829][WARN ][discovery.zen.ping.multicast] [node_4] failed to receive packet, throttling...
java.net.SocketException: Socket closed
	at java.net.PlainDatagramSocketImpl.peekData(Native Method)
	at java.net.DatagramSocket.receive(DatagramSocket.java:726)
	at org.elasticsearch.discovery.zen.ping.multicast.MulticastZenPing$Receiver.run(MulticastZenPing.java:366)
	at java.lang.Thread.run(Thread.java:744)
[2014-02-18 16:09:06,841][INFO ][cluster.service          ] [node_0] added {[node_4][PGPw4TgdRX2EgIjNvK5ZAw][Bills-MacBook-Pro.local][inet[/10.1.10.75:9307]],}, reason: zen-disco-receive(join from node[[node_4][PGPw4TgdRX2EgIjNvK5ZAw][Bills-MacBook-Pro.local][inet[/10.1.10.75:9307]]])
[2014-02-18 16:09:06,842][INFO ][cluster.service          ] [node_1] added {[node_4][PGPw4TgdRX2EgIjNvK5ZAw][Bills-MacBook-Pro.local][inet[/10.1.10.75:9307]],}, reason: zen-disco-receive(from master [[node_0][atlZcNI2Q5GsjnySeylKMw][Bills-MacBook-Pro.local][inet[/10.1.10.75:9303]]])
[2014-02-18 16:09:06,842][INFO ][cluster.service          ] [node_2] added {[node_4][PGPw4TgdRX2EgIjNvK5ZAw][Bills-MacBook-Pro.local][inet[/10.1.10.75:9307]],}, reason: zen-disco-receive(from master [[node_0][atlZcNI2Q5GsjnySeylKMw][Bills-MacBook-Pro.local][inet[/10.1.10.75:9303]]])
[2014-02-18 16:09:06,842][INFO ][cluster.service          ] [node_3] added {[node_4][PGPw4TgdRX2EgIjNvK5ZAw][Bills-MacBook-Pro.local][inet[/10.1.10.75:9307]],}, reason: zen-disco-receive(from master [[node_0][atlZcNI2Q5GsjnySeylKMw][Bills-MacBook-Pro.local][inet[/10.1.10.75:9303]]])
[2014-02-18 16:09:06,843][INFO ][cluster.service          ] [node_4] detected_master [node_0][atlZcNI2Q5GsjnySeylKMw][Bills-MacBook-Pro.local][inet[/10.1.10.75:9303]], added {[node_1][ZxpNAdlaREa62klFzAOmNQ][Bills-MacBook-Pro.local][inet[/10.1.10.75:9304]],[node_0][atlZcNI2Q5GsjnySeylKMw][Bills-MacBook-Pro.local][inet[/10.1.10.75:9303]],[node_2][cgDaQ79OTmGD_ymk_X0e2g][Bills-MacBook-Pro.local][inet[/10.1.10.75:9305]],[node_3][bh2b2zyJThy5eFukyfHl2A][Bills-MacBook-Pro.local][inet[/10.1.10.75:9306]],}, reason: zen-disco-receive(from master [[node_0][atlZcNI2Q5GsjnySeylKMw][Bills-MacBook-Pro.local][inet[/10.1.10.75:9303]]])
[2014-02-18 16:09:06,910][INFO ][discovery                ] [node_4] TEST-Bills-MacBook-Pro.local-CHILD_VM=[0]-CLUSTER_SEED=[2217275569854824214]-HASH=[13541B99A0E5CD58]/PGPw4TgdRX2EgIjNvK5ZAw
[2014-02-18 16:09:06,915][INFO ][http                     ] [node_4] bound_address {inet[/0:0:0:0:0:0:0:0:9207]}, publish_address {inet[/10.1.10.75:9207]}
[2014-02-18 16:09:06,915][INFO ][node                     ] [node_4] started
[2014-02-18 16:09:06,915][INFO ][test                     ] Start Shared Node [node_4] not shared
[2014-02-18 16:09:06,920][INFO ][indices.fielddata.breaker] [CircuitBreakerServiceTests#testMemoryBreaker]: before test
[2014-02-18 16:09:06,930][INFO ][cluster.metadata         ] [node_0] [cb-test] creating index, cause [api], shards [5]/[1], mappings []
[2014-02-18 16:09:06,990][INFO ][cluster.metadata         ] [node_0] [cb-test] update_mapping [type] (dynamic)
[2014-02-18 16:09:07,232][WARN ][discovery.zen.ping.multicast] [node_3] failed to receive packet, throttling...
java.net.SocketException: Socket closed
	at java.net.PlainDatagramSocketImpl.peekData(Native Method)
	at java.net.DatagramSocket.receive(DatagramSocket.java:726)
	at org.elasticsearch.discovery.zen.ping.multicast.MulticastZenPing$Receiver.run(MulticastZenPing.java:366)
	at java.lang.Thread.run(Thread.java:744)
[2014-02-18 16:09:07,255][TRACE][index.fielddata.plain    ] [node_4] [cb-test] totalTermBytes: 586, terms.size(): 76, terms.getSumDocFreq(): 76
[2014-02-18 16:09:07,255][TRACE][index.fielddata.plain    ] [node_4] [cb-test] totalTermBytes: 586, terms.size(): 76, terms.getSumDocFreq(): 76
[2014-02-18 16:09:07,255][TRACE][indices.fielddata.breaker] [node_4] Adding [1kb] to used bytes [new used: [1kb], limit: 381681664 [364mb], estimate: 1073 [1kb]]
[2014-02-18 16:09:07,256][TRACE][indices.fielddata.breaker] [node_4] Adjusted breaker by [8313] bytes, now [9355]
[2014-02-18 16:09:07,255][TRACE][indices.fielddata.breaker] [node_4] Adding [1kb] to used bytes [new used: [1kb], limit: 381681664 [364mb], estimate: 1073 [1kb]]
[2014-02-18 16:09:07,256][TRACE][indices.fielddata.breaker] [node_4] Adding [1kb] to used bytes [new used: [10.1kb], limit: 381681664 [364mb], estimate: 10708 [10.4kb]]
[2014-02-18 16:09:07,256][TRACE][indices.fielddata.breaker] [node_4] Adjusted breaker by [8313] bytes, now [18710]
[2014-02-18 16:09:07,256][TRACE][index.fielddata.plain    ] [node_4] [cb-test] totalTermBytes: 586, terms.size(): 76, terms.getSumDocFreq(): 76
[2014-02-18 16:09:07,257][TRACE][index.fielddata.plain    ] [node_4] [cb-test] totalTermBytes: 578, terms.size(): 75, terms.getSumDocFreq(): 75
[2014-02-18 16:09:07,257][TRACE][indices.fielddata.breaker] [node_4] Adding [1kb] to used bytes [new used: [19.2kb], limit: 381681664 [364mb], estimate: 20330 [19.8kb]]
[2014-02-18 16:09:07,257][TRACE][indices.fielddata.breaker] [node_4] Adding [1kb] to used bytes [new used: [19.2kb], limit: 381681664 [364mb], estimate: 20344 [19.8kb]]
[2014-02-18 16:09:07,257][TRACE][indices.fielddata.breaker] [node_4] Adjusted breaker by [8318] bytes, now [28056]
[2014-02-18 16:09:07,257][TRACE][index.fielddata.plain    ] [node_4] [cb-test] totalTermBytes: 586, terms.size(): 76, terms.getSumDocFreq(): 76
[2014-02-18 16:09:07,258][TRACE][indices.fielddata.breaker] [node_4] Adding [1kb] to used bytes [new used: [28.4kb], limit: 381681664 [364mb], estimate: 29970 [29.2kb]]
[2014-02-18 16:09:07,258][TRACE][indices.fielddata.breaker] [node_4] Adding [1kb] to used bytes [new used: [28.4kb], limit: 381681664 [364mb], estimate: 29970 [29.2kb]]
[2014-02-18 16:09:07,258][TRACE][indices.fielddata.breaker] [node_4] Adjusted breaker by [8313] bytes, now [37411]
[2014-02-18 16:09:07,258][TRACE][indices.fielddata.breaker] [node_4] Adding [1kb] to used bytes [new used: [37.5kb], limit: 381681664 [364mb], estimate: 39606 [38.6kb]]
[2014-02-18 16:09:07,259][TRACE][indices.fielddata.breaker] [node_4] Adjusted breaker by [8313] bytes, now [46766]
[2014-02-18 16:09:07,263][TRACE][indices.fielddata.breaker] [node_4] Adjusted breaker by [-9355] bytes, now [37411]
[2014-02-18 16:09:07,264][TRACE][indices.fielddata.breaker] [node_4] Adjusted breaker by [-9355] bytes, now [28056]
[2014-02-18 16:09:07,264][TRACE][indices.fielddata.breaker] [node_4] Adjusted breaker by [-9355] bytes, now [18701]
[2014-02-18 16:09:07,264][TRACE][indices.fielddata.breaker] [node_4] Adjusted breaker by [-9355] bytes, now [9346]
[2014-02-18 16:09:07,265][TRACE][indices.fielddata.breaker] [node_4] Adjusted breaker by [-9346] bytes, now [0]
[2014-02-18 16:09:07,267][INFO ][indices.fielddata.breaker] [node_2] updating [indices.fielddata.breaker.limit] from [364mb] to [100]
[2014-02-18 16:09:07,267][INFO ][indices.fielddata.breaker] [node_3] updating [indices.fielddata.breaker.limit] from [364mb] to [100]
[2014-02-18 16:09:07,267][INFO ][indices.fielddata.breaker] [node_1] updating [indices.fielddata.breaker.limit] from [364mb] to [100]
[2014-02-18 16:09:07,267][INFO ][indices.fielddata.breaker] [node_4] updating [indices.fielddata.breaker.limit] from [364mb] to [100]
[2014-02-18 16:09:07,267][INFO ][indices.fielddata.breaker] [node_1] updating [indices.fielddata.breaker.overhead] from [1.03] to [1.05]
[2014-02-18 16:09:07,267][INFO ][indices.fielddata.breaker] [node_3] updating [indices.fielddata.breaker.overhead] from [1.03] to [1.05]
[2014-02-18 16:09:07,267][INFO ][indices.fielddata.breaker] [node_2] updating [indices.fielddata.breaker.overhead] from [1.03] to [1.05]
[2014-02-18 16:09:07,267][TRACE][indices.fielddata.breaker] [node_3] Creating MemoryCircuitBreaker with a limit of 100 bytes (100b) and a overhead constant of 1.05
[2014-02-18 16:09:07,267][TRACE][indices.fielddata.breaker] [node_1] Creating MemoryCircuitBreaker with a limit of 100 bytes (100b) and a overhead constant of 1.05
[2014-02-18 16:09:07,267][INFO ][indices.fielddata.breaker] [node_4] updating [indices.fielddata.breaker.overhead] from [1.03] to [1.05]
[2014-02-18 16:09:07,268][TRACE][indices.fielddata.breaker] [node_2] Creating MemoryCircuitBreaker with a limit of 100 bytes (100b) and a overhead constant of 1.05
[2014-02-18 16:09:07,268][TRACE][indices.fielddata.breaker] [node_4] Creating MemoryCircuitBreaker with a limit of 100 bytes (100b) and a overhead constant of 1.05
[2014-02-18 16:09:07,268][INFO ][indices.fielddata.breaker] [node_0] updating [indices.fielddata.breaker.limit] from [364mb] to [100]
[2014-02-18 16:09:07,268][INFO ][indices.fielddata.breaker] [node_0] updating [indices.fielddata.breaker.overhead] from [1.03] to [1.05]
[2014-02-18 16:09:07,269][TRACE][indices.fielddata.breaker] [node_0] Creating MemoryCircuitBreaker with a limit of 100 bytes (100b) and a overhead constant of 1.05
[2014-02-18 16:09:07,271][TRACE][index.fielddata.plain    ] [node_4] [cb-test] totalTermBytes: 586, terms.size(): 76, terms.getSumDocFreq(): 76
[2014-02-18 16:09:07,271][TRACE][index.fielddata.plain    ] [node_4] [cb-test] totalTermBytes: 586, terms.size(): 76, terms.getSumDocFreq(): 76
[2014-02-18 16:09:07,271][TRACE][index.fielddata.plain    ] [node_4] [cb-test] totalTermBytes: 578, terms.size(): 75, terms.getSumDocFreq(): 75
[2014-02-18 16:09:07,271][TRACE][index.fielddata.plain    ] [node_4] [cb-test] totalTermBytes: 586, terms.size(): 76, terms.getSumDocFreq(): 76
[2014-02-18 16:09:07,271][TRACE][index.fielddata.plain    ] [node_4] [cb-test] totalTermBytes: 586, terms.size(): 76, terms.getSumDocFreq(): 76
[2014-02-18 16:09:07,271][TRACE][indices.fielddata.breaker] [node_4] Adding [1kb] to used bytes [new used: [1kb], limit: 100 [100b], estimate: 1094 [1kb]]
[2014-02-18 16:09:07,271][TRACE][indices.fielddata.breaker] [node_4] Adding [1kb] to used bytes [new used: [1kb], limit: 100 [100b], estimate: 1094 [1kb]]
[2014-02-18 16:09:07,271][TRACE][indices.fielddata.breaker] [node_4] Adding [1kb] to used bytes [new used: [1kb], limit: 100 [100b], estimate: 1079 [1kb]]
[2014-02-18 16:09:07,271][TRACE][indices.fielddata.breaker] [node_4] Adding [1kb] to used bytes [new used: [1kb], limit: 100 [100b], estimate: 1094 [1kb]]
[2014-02-18 16:09:07,271][TRACE][indices.fielddata.breaker] [node_4] Adding [1kb] to used bytes [new used: [1kb], limit: 100 [100b], estimate: 1094 [1kb]]
[2014-02-18 16:09:07,272][ERROR][indices.fielddata.breaker] [node_4] New used memory 1094 [1kb] would be larger than configured breaker: 100 [100b], breaking
[2014-02-18 16:09:07,272][ERROR][indices.fielddata.breaker] [node_4] New used memory 1079 [1kb] would be larger than configured breaker: 100 [100b], breaking
[2014-02-18 16:09:07,272][ERROR][indices.fielddata.breaker] [node_4] New used memory 1094 [1kb] would be larger than configured breaker: 100 [100b], breaking
[2014-02-18 16:09:07,272][ERROR][indices.fielddata.breaker] [node_4] New used memory 1094 [1kb] would be larger than configured breaker: 100 [100b], breaking
[2014-02-18 16:09:07,272][ERROR][indices.fielddata.breaker] [node_4] New used memory 1094 [1kb] would be larger than configured breaker: 100 [100b], breaking
[2014-02-18 16:09:07,281][INFO ][indices.fielddata.breaker] [node_2] updating [indices.fielddata.breaker.limit] from [100b] to [-1]
[2014-02-18 16:09:07,281][INFO ][indices.fielddata.breaker] [node_4] updating [indices.fielddata.breaker.limit] from [100b] to [-1]
[2014-02-18 16:09:07,281][INFO ][indices.fielddata.breaker] [node_3] updating [indices.fielddata.breaker.limit] from [100b] to [-1]
[2014-02-18 16:09:07,282][INFO ][indices.fielddata.breaker] [node_3] updating [indices.fielddata.breaker.overhead] from [1.05] to [1.03]
[2014-02-18 16:09:07,281][INFO ][indices.fielddata.breaker] [node_1] updating [indices.fielddata.breaker.limit] from [100b] to [-1]
[2014-02-18 16:09:07,282][TRACE][indices.fielddata.breaker] [node_3] Creating MemoryCircuitBreaker with a limit of -1 bytes (-1b) and a overhead constant of 1.03
[2014-02-18 16:09:07,281][INFO ][indices.fielddata.breaker] [node_4] updating [indices.fielddata.breaker.overhead] from [1.05] to [1.03]
[2014-02-18 16:09:07,281][INFO ][indices.fielddata.breaker] [node_2] updating [indices.fielddata.breaker.overhead] from [1.05] to [1.03]
[2014-02-18 16:09:07,282][TRACE][indices.fielddata.breaker] [node_4] Creating MemoryCircuitBreaker with a limit of -1 bytes (-1b) and a overhead constant of 1.03
[2014-02-18 16:09:07,282][INFO ][indices.fielddata.breaker] [node_1] updating [indices.fielddata.breaker.overhead] from [1.05] to [1.03]
[2014-02-18 16:09:07,282][TRACE][indices.fielddata.breaker] [node_2] Creating MemoryCircuitBreaker with a limit of -1 bytes (-1b) and a overhead constant of 1.03
[2014-02-18 16:09:07,282][TRACE][indices.fielddata.breaker] [node_1] Creating MemoryCircuitBreaker with a limit of -1 bytes (-1b) and a overhead constant of 1.03
[2014-02-18 16:09:07,283][INFO ][indices.fielddata.breaker] [node_0] updating [indices.fielddata.breaker.limit] from [100b] to [-1]
[2014-02-18 16:09:07,283][INFO ][indices.fielddata.breaker] [node_0] updating [indices.fielddata.breaker.overhead] from [1.05] to [1.03]
[2014-02-18 16:09:07,283][TRACE][indices.fielddata.breaker] [node_0] Creating MemoryCircuitBreaker with a limit of -1 bytes (-1b) and a overhead constant of 1.03
[2014-02-18 16:09:07,284][INFO ][indices.fielddata.breaker] [CircuitBreakerServiceTests#testMemoryBreaker]: cleaning up after test
[2014-02-18 16:09:07,284][INFO ][node                     ] [node_0] stopping ...
[2014-02-18 16:09:07,289][INFO ][discovery.zen            ] [node_3] master_left [[node_0][atlZcNI2Q5GsjnySeylKMw][Bills-MacBook-Pro.local][inet[/10.1.10.75:9303]]], reason [shut_down]
[2014-02-18 16:09:07,291][INFO ][discovery.zen            ] [node_1] master_left [[node_0][atlZcNI2Q5GsjnySeylKMw][Bills-MacBook-Pro.local][inet[/10.1.10.75:9303]]], reason [shut_down]
[2014-02-18 16:09:07,289][INFO ][discovery.zen            ] [node_4] master_left [[node_0][atlZcNI2Q5GsjnySeylKMw][Bills-MacBook-Pro.local][inet[/10.1.10.75:9303]]], reason [shut_down]
[2014-02-18 16:09:07,292][INFO ][cluster.service          ] [node_3] master {new [node_4][PGPw4TgdRX2EgIjNvK5ZAw][Bills-MacBook-Pro.local][inet[/10.1.10.75:9307]], previous [node_0][atlZcNI2Q5GsjnySeylKMw][Bills-MacBook-Pro.local][inet[/10.1.10.75:9303]]}, removed {[node_0][atlZcNI2Q5GsjnySeylKMw][Bills-MacBook-Pro.local][inet[/10.1.10.75:9303]],}, reason: zen-disco-master_failed ([node_0][atlZcNI2Q5GsjnySeylKMw][Bills-MacBook-Pro.local][inet[/10.1.10.75:9303]])
[2014-02-18 16:09:07,300][INFO ][node                     ] [node_0] stopped
[2014-02-18 16:09:07,305][INFO ][node                     ] [node_0] closing ...
[2014-02-18 16:09:07,308][INFO ][cluster.service          ] [node_4] master {new [node_4][PGPw4TgdRX2EgIjNvK5ZAw][Bills-MacBook-Pro.local][inet[/10.1.10.75:9307]], previous [node_0][atlZcNI2Q5GsjnySeylKMw][Bills-MacBook-Pro.local][inet[/10.1.10.75:9303]]}, removed {[node_0][atlZcNI2Q5GsjnySeylKMw][Bills-MacBook-Pro.local][inet[/10.1.10.75:9303]],}, reason: zen-disco-master_failed ([node_0][atlZcNI2Q5GsjnySeylKMw][Bills-MacBook-Pro.local][inet[/10.1.10.75:9303]])
[2014-02-18 16:09:07,311][INFO ][discovery.zen            ] [node_1] master_left [[node_0][atlZcNI2Q5GsjnySeylKMw][Bills-MacBook-Pro.local][inet[/10.1.10.75:9303]]], reason [transport disconnected (with verified connect)]
[2014-02-18 16:09:07,311][INFO ][cluster.service          ] [node_1] master {new [node_4][PGPw4TgdRX2EgIjNvK5ZAw][Bills-MacBook-Pro.local][inet[/10.1.10.75:9307]], previous [node_0][atlZcNI2Q5GsjnySeylKMw][Bills-MacBook-Pro.local][inet[/10.1.10.75:9303]]}, removed {[node_0][atlZcNI2Q5GsjnySeylKMw][Bills-MacBook-Pro.local][inet[/10.1.10.75:9303]],}, reason: zen-disco-master_failed ([node_0][atlZcNI2Q5GsjnySeylKMw][Bills-MacBook-Pro.local][inet[/10.1.10.75:9303]])
[2014-02-18 16:09:07,314][INFO ][discovery.zen            ] [node_2] master_left [[node_0][atlZcNI2Q5GsjnySeylKMw][Bills-MacBook-Pro.local][inet[/10.1.10.75:9303]]], reason [transport disconnected (with verified connect)]
[2014-02-18 16:09:07,314][INFO ][cluster.service          ] [node_2] master {new [node_4][PGPw4TgdRX2EgIjNvK5ZAw][Bills-MacBook-Pro.local][inet[/10.1.10.75:9307]], previous [node_0][atlZcNI2Q5GsjnySeylKMw][Bills-MacBook-Pro.local][inet[/10.1.10.75:9303]]}, removed {[node_0][atlZcNI2Q5GsjnySeylKMw][Bills-MacBook-Pro.local][inet[/10.1.10.75:9303]],}, reason: zen-disco-receive(from master [[node_4][PGPw4TgdRX2EgIjNvK5ZAw][Bills-MacBook-Pro.local][inet[/10.1.10.75:9307]]])
[2014-02-18 16:09:07,315][INFO ][node                     ] [node_0] closed
[2014-02-18 16:09:07,315][INFO ][node                     ] [node_1] stopping ...
[2014-02-18 16:09:07,318][INFO ][cluster.service          ] [node_4] removed {[node_1][ZxpNAdlaREa62klFzAOmNQ][Bills-MacBook-Pro.local][inet[/10.1.10.75:9304]],}, reason: zen-disco-node_left([node_1][ZxpNAdlaREa62klFzAOmNQ][Bills-MacBook-Pro.local][inet[/10.1.10.75:9304]])
[2014-02-18 16:09:07,322][INFO ][cluster.service          ] [node_2] removed {[node_1][ZxpNAdlaREa62klFzAOmNQ][Bills-MacBook-Pro.local][inet[/10.1.10.75:9304]],}, reason: zen-disco-receive(from master [[node_4][PGPw4TgdRX2EgIjNvK5ZAw][Bills-MacBook-Pro.local][inet[/10.1.10.75:9307]]])
[2014-02-18 16:09:07,322][INFO ][cluster.service          ] [node_3] removed {[node_1][ZxpNAdlaREa62klFzAOmNQ][Bills-MacBook-Pro.local][inet[/10.1.10.75:9304]],}, reason: zen-disco-receive(from master [[node_4][PGPw4TgdRX2EgIjNvK5ZAw][Bills-MacBook-Pro.local][inet[/10.1.10.75:9307]]])
[2014-02-18 16:09:07,324][INFO ][node                     ] [node_1] stopped
[2014-02-18 16:09:07,325][INFO ][node                     ] [node_1] closing ...
[2014-02-18 16:09:07,326][INFO ][node                     ] [node_1] closed
[2014-02-18 16:09:07,326][INFO ][node                     ] [node_2] stopping ...
[2014-02-18 16:09:07,329][INFO ][cluster.service          ] [node_4] removed {[node_2][cgDaQ79OTmGD_ymk_X0e2g][Bills-MacBook-Pro.local][inet[/10.1.10.75:9305]],}, reason: zen-disco-node_left([node_2][cgDaQ79OTmGD_ymk_X0e2g][Bills-MacBook-Pro.local][inet[/10.1.10.75:9305]])
[2014-02-18 16:09:07,332][INFO ][cluster.service          ] [node_3] removed {[node_2][cgDaQ79OTmGD_ymk_X0e2g][Bills-MacBook-Pro.local][inet[/10.1.10.75:9305]],}, reason: zen-disco-receive(from master [[node_4][PGPw4TgdRX2EgIjNvK5ZAw][Bills-MacBook-Pro.local][inet[/10.1.10.75:9307]]])
[2014-02-18 16:09:07,332][WARN ][discovery.zen.ping.multicast] [node_4] failed to receive packet, throttling...
java.net.SocketException: Socket closed
	at java.net.PlainDatagramSocketImpl.peekData(Native Method)
	at java.net.DatagramSocket.receive(DatagramSocket.java:726)
	at org.elasticsearch.discovery.zen.ping.multicast.MulticastZenPing$Receiver.run(MulticastZenPing.java:366)
	at java.lang.Thread.run(Thread.java:744)
[2014-02-18 16:09:07,334][INFO ][node                     ] [node_2] stopped
[2014-02-18 16:09:07,334][INFO ][node                     ] [node_2] closing ...
[2014-02-18 16:09:07,336][INFO ][node                     ] [node_2] closed
[2014-02-18 16:09:07,336][INFO ][node                     ] [node_3] stopping ...
[2014-02-18 16:09:07,339][INFO ][cluster.service          ] [node_4] removed {[node_3][bh2b2zyJThy5eFukyfHl2A][Bills-MacBook-Pro.local][inet[/10.1.10.75:9306]],}, reason: zen-disco-node_left([node_3][bh2b2zyJThy5eFukyfHl2A][Bills-MacBook-Pro.local][inet[/10.1.10.75:9306]])
[2014-02-18 16:09:07,343][INFO ][node                     ] [node_3] stopped
[2014-02-18 16:09:07,343][INFO ][node                     ] [node_3] closing ...
[2014-02-18 16:09:07,344][INFO ][node                     ] [node_3] closed
[2014-02-18 16:09:07,344][INFO ][node                     ] [node_4] stopping ...
[2014-02-18 16:09:07,362][INFO ][node                     ] [node_4] stopped
[2014-02-18 16:09:07,362][INFO ][node                     ] [node_4] closing ...
[2014-02-18 16:09:07,365][INFO ][node                     ] [node_4] closed
[2014-02-18 16:09:07,366][INFO ][indices.fielddata.breaker] [CircuitBreakerServiceTests#testMemoryBreaker]: cleaned up after test
[2014-02-18 16:09:07,366][INFO ][test                     ] Wipe data directory for all nodes locations: [data/d1/TEST-Bills-MacBook-Pro.local-CHILD_VM=[0]-CLUSTER_SEED=[2217275569854824214]-HASH=[13541B99A0E5CD58]/nodes/3, data/d1/TEST-Bills-MacBook-Pro.local-CHILD_VM=[0]-CLUSTER_SEED=[2217275569854824214]-HASH=[13541B99A0E5CD58]/nodes/2, data/d1/TEST-Bills-MacBook-Pro.local-CHILD_VM=[0]-CLUSTER_SEED=[2217275569854824214]-HASH=[13541B99A0E5CD58]/nodes/1, data/d1/TEST-Bills-MacBook-Pro.local-CHILD_VM=[0]-CLUSTER_SEED=[2217275569854824214]-HASH=[13541B99A0E5CD58]/nodes/0, data/d2/TEST-Bills-MacBook-Pro.local-CHILD_VM=[0]-CLUSTER_SEED=[2217275569854824214]-HASH=[13541B99A0E5CD58]/nodes/0, data/d1/TEST-Bills-MacBook-Pro.local-CHILD_VM=[0]-CLUSTER_SEED=[2217275569854824214]-HASH=[13541B99A0E5CD58]/nodes/4, data/d0/TEST-Bills-MacBook-Pro.local-CHILD_VM=[0]-CLUSTER_SEED=[2217275569854824214]-HASH=[13541B99A0E5CD58]/nodes/4, data/d0/TEST-Bills-MacBook-Pro.local-CHILD_VM=[0]-CLUSTER_SEED=[2217275569854824214]-HASH=[13541B99A0E5CD58]/nodes/3, data/d0/TEST-Bills-MacBook-Pro.local-CHILD_VM=[0]-CLUSTER_SEED=[2217275569854824214]-HASH=[13541B99A0E5CD58]/nodes/0, data/d0/TEST-Bills-MacBook-Pro.local-CHILD_VM=[0]-CLUSTER_SEED=[2217275569854824214]-HASH=[13541B99A0E5CD58]/nodes/2, data/d0/TEST-Bills-MacBook-Pro.local-CHILD_VM=[0]-CLUSTER_SEED=[2217275569854824214]-HASH=[13541B99A0E5CD58]/nodes/1, data/d2/TEST-Bills-MacBook-Pro.local-CHILD_VM=[0]-CLUSTER_SEED=[2217275569854824214]-HASH=[13541B99A0E5CD58]/nodes/3, data/d2/TEST-Bills-MacBook-Pro.local-CHILD_VM=[0]-CLUSTER_SEED=[2217275569854824214]-HASH=[13541B99A0E5CD58]/nodes/4, data/d2/TEST-Bills-MacBook-Pro.local-CHILD_VM=[0]-CLUSTER_SEED=[2217275569854824214]-HASH=[13541B99A0E5CD58]/nodes/1, data/d2/TEST-Bills-MacBook-Pro.local-CHILD_VM=[0]-CLUSTER_SEED=[2217275569854824214]-HASH=[13541B99A0E5CD58]/nodes/2]
[2014-02-18 16:09:07,386][INFO ][test                     ] Test testMemoryBreaker(org.elasticsearch.indices.fielddata.breaker.CircuitBreakerServiceTests) finished
[2014-02-18 16:09:07,387][INFO ][test                     ] Test testRamAccountingTermsEnum(org.elasticsearch.indices.fielddata.breaker.CircuitBreakerServiceTests) started
[2014-02-18 16:09:07,389][INFO ][test                     ] Setup TestCluster [TEST-Bills-MacBook-Pro.local-CHILD_VM=[0]-CLUSTER_SEED=[8144039620347780262]-HASH=[13541B9D597E9BF8]] with seed [710570E2BF895CA6] using [4] nodes
[2014-02-18 16:09:07,391][INFO ][node                     ] [node_0] version[1.0.0], pid[6815], build[a46900e/2014-02-18T23:32:25Z]
[2014-02-18 16:09:07,391][INFO ][node                     ] [node_0] initializing ...
[2014-02-18 16:09:07,392][INFO ][plugins                  ] [node_0] loaded [], sites []
[2014-02-18 16:09:07,421][TRACE][indices.fielddata.breaker] [node_0] Creating MemoryCircuitBreaker with a limit of 381681664 bytes (364mb) and a overhead constant of 1.03
[2014-02-18 16:09:07,428][INFO ][node                     ] [node_0] initialized
[2014-02-18 16:09:07,428][INFO ][node                     ] [node_0] starting ...
[2014-02-18 16:09:07,434][INFO ][transport                ] [node_0] bound_address {inet[/0:0:0:0:0:0:0:0:9303]}, publish_address {inet[/10.1.10.75:9303]}
[2014-02-18 16:09:10,438][INFO ][cluster.service          ] [node_0] new_master [node_0][0jWtN6F4Ti-TuMAKgbD4jg][Bills-MacBook-Pro.local][inet[/10.1.10.75:9303]], reason: zen-disco-join (elected_as_master)
[2014-02-18 16:09:10,451][INFO ][discovery                ] [node_0] TEST-Bills-MacBook-Pro.local-CHILD_VM=[0]-CLUSTER_SEED=[8144039620347780262]-HASH=[13541B9D597E9BF8]/0jWtN6F4Ti-TuMAKgbD4jg
[2014-02-18 16:09:10,451][INFO ][gateway                  ] [node_0] recovered [0] indices into cluster_state
[2014-02-18 16:09:10,454][INFO ][http                     ] [node_0] bound_address {inet[/0:0:0:0:0:0:0:0:9203]}, publish_address {inet[/10.1.10.75:9203]}
[2014-02-18 16:09:10,454][INFO ][node                     ] [node_0] started
[2014-02-18 16:09:10,455][INFO ][test                     ] Start Shared Node [node_0] not shared
[2014-02-18 16:09:10,456][INFO ][node                     ] [node_1] version[1.0.0], pid[6815], build[a46900e/2014-02-18T23:32:25Z]
[2014-02-18 16:09:10,456][INFO ][node                     ] [node_1] initializing ...
[2014-02-18 16:09:10,456][INFO ][plugins                  ] [node_1] loaded [], sites []
[2014-02-18 16:09:10,482][TRACE][indices.fielddata.breaker] [node_1] Creating MemoryCircuitBreaker with a limit of 381681664 bytes (364mb) and a overhead constant of 1.03
[2014-02-18 16:09:10,490][INFO ][node                     ] [node_1] initialized
[2014-02-18 16:09:10,490][INFO ][node                     ] [node_1] starting ...
[2014-02-18 16:09:10,497][INFO ][transport                ] [node_1] bound_address {inet[/0:0:0:0:0:0:0:0:9304]}, publish_address {inet[/10.1.10.75:9304]}
[2014-02-18 16:09:13,515][INFO ][cluster.service          ] [node_0] added {[node_1][XjzMCzf-S8-5EtkA-95dag][Bills-MacBook-Pro.local][inet[/10.1.10.75:9304]],}, reason: zen-disco-receive(join from node[[node_1][XjzMCzf-S8-5EtkA-95dag][Bills-MacBook-Pro.local][inet[/10.1.10.75:9304]]])
[2014-02-18 16:09:13,516][INFO ][cluster.service          ] [node_1] detected_master [node_0][0jWtN6F4Ti-TuMAKgbD4jg][Bills-MacBook-Pro.local][inet[/10.1.10.75:9303]], added {[node_0][0jWtN6F4Ti-TuMAKgbD4jg][Bills-MacBook-Pro.local][inet[/10.1.10.75:9303]],}, reason: zen-disco-receive(from master [[node_0][0jWtN6F4Ti-TuMAKgbD4jg][Bills-MacBook-Pro.local][inet[/10.1.10.75:9303]]])
[2014-02-18 16:09:13,530][INFO ][discovery                ] [node_1] TEST-Bills-MacBook-Pro.local-CHILD_VM=[0]-CLUSTER_SEED=[8144039620347780262]-HASH=[13541B9D597E9BF8]/XjzMCzf-S8-5EtkA-95dag
[2014-02-18 16:09:13,534][INFO ][http                     ] [node_1] bound_address {inet[/0:0:0:0:0:0:0:0:9204]}, publish_address {inet[/10.1.10.75:9204]}
[2014-02-18 16:09:13,534][INFO ][node                     ] [node_1] started
[2014-02-18 16:09:13,534][INFO ][test                     ] Start Shared Node [node_1] not shared
[2014-02-18 16:09:13,535][INFO ][node                     ] [node_2] version[1.0.0], pid[6815], build[a46900e/2014-02-18T23:32:25Z]
[2014-02-18 16:09:13,535][INFO ][node                     ] [node_2] initializing ...
[2014-02-18 16:09:13,535][INFO ][plugins                  ] [node_2] loaded [], sites []
[2014-02-18 16:09:13,563][TRACE][indices.fielddata.breaker] [node_2] Creating MemoryCircuitBreaker with a limit of 381681664 bytes (364mb) and a overhead constant of 1.03
[2014-02-18 16:09:13,570][INFO ][node                     ] [node_2] initialized
[2014-02-18 16:09:13,570][INFO ][node                     ] [node_2] starting ...
[2014-02-18 16:09:13,576][INFO ][transport                ] [node_2] bound_address {inet[/0:0:0:0:0:0:0:0:9305]}, publish_address {inet[/10.1.10.75:9305]}
[2014-02-18 16:09:16,603][INFO ][cluster.service          ] [node_0] added {[node_2][-bPVfUnJQ2eXALWW89f_HA][Bills-MacBook-Pro.local][inet[/10.1.10.75:9305]],}, reason: zen-disco-receive(join from node[[node_2][-bPVfUnJQ2eXALWW89f_HA][Bills-MacBook-Pro.local][inet[/10.1.10.75:9305]]])
[2014-02-18 16:09:16,604][INFO ][cluster.service          ] [node_1] added {[node_2][-bPVfUnJQ2eXALWW89f_HA][Bills-MacBook-Pro.local][inet[/10.1.10.75:9305]],}, reason: zen-disco-receive(from master [[node_0][0jWtN6F4Ti-TuMAKgbD4jg][Bills-MacBook-Pro.local][inet[/10.1.10.75:9303]]])
[2014-02-18 16:09:16,604][INFO ][cluster.service          ] [node_2] detected_master [node_0][0jWtN6F4Ti-TuMAKgbD4jg][Bills-MacBook-Pro.local][inet[/10.1.10.75:9303]], added {[node_0][0jWtN6F4Ti-TuMAKgbD4jg][Bills-MacBook-Pro.local][inet[/10.1.10.75:9303]],[node_1][XjzMCzf-S8-5EtkA-95dag][Bills-MacBook-Pro.local][inet[/10.1.10.75:9304]],}, reason: zen-disco-receive(from master [[node_0][0jWtN6F4Ti-TuMAKgbD4jg][Bills-MacBook-Pro.local][inet[/10.1.10.75:9303]]])
[2014-02-18 16:09:16,630][INFO ][discovery                ] [node_2] TEST-Bills-MacBook-Pro.local-CHILD_VM=[0]-CLUSTER_SEED=[8144039620347780262]-HASH=[13541B9D597E9BF8]/-bPVfUnJQ2eXALWW89f_HA
[2014-02-18 16:09:16,635][INFO ][http                     ] [node_2] bound_address {inet[/0:0:0:0:0:0:0:0:9205]}, publish_address {inet[/10.1.10.75:9205]}
[2014-02-18 16:09:16,636][INFO ][node                     ] [node_2] started
[2014-02-18 16:09:16,636][INFO ][test                     ] Start Shared Node [node_2] not shared
[2014-02-18 16:09:16,637][INFO ][node                     ] [node_3] version[1.0.0], pid[6815], build[a46900e/2014-02-18T23:32:25Z]
[2014-02-18 16:09:16,637][INFO ][node                     ] [node_3] initializing ...
[2014-02-18 16:09:16,637][INFO ][plugins                  ] [node_3] loaded [], sites []
[2014-02-18 16:09:16,671][TRACE][indices.fielddata.breaker] [node_3] Creating MemoryCircuitBreaker with a limit of 381681664 bytes (364mb) and a overhead constant of 1.03
[2014-02-18 16:09:16,681][INFO ][node                     ] [node_3] initialized
[2014-02-18 16:09:16,681][INFO ][node                     ] [node_3] starting ...
[2014-02-18 16:09:16,688][INFO ][transport                ] [node_3] bound_address {inet[/0:0:0:0:0:0:0:0:9306]}, publish_address {inet[/10.1.10.75:9306]}
[2014-02-18 16:09:16,691][WARN ][discovery.zen.ping.multicast] [node_3] failed to receive packet, throttling...
java.net.SocketException: Socket closed
	at java.net.PlainDatagramSocketImpl.peekData(Native Method)
	at java.net.DatagramSocket.receive(DatagramSocket.java:726)
	at org.elasticsearch.discovery.zen.ping.multicast.MulticastZenPing$Receiver.run(MulticastZenPing.java:366)
	at java.lang.Thread.run(Thread.java:744)
[2014-02-18 16:09:17,192][WARN ][discovery.zen.ping.multicast] [node_3] failed to receive packet, throttling...
java.net.SocketException: Socket closed
	at java.net.PlainDatagramSocketImpl.peekData(Native Method)
	at java.net.DatagramSocket.receive(DatagramSocket.java:726)
	at org.elasticsearch.discovery.zen.ping.multicast.MulticastZenPing$Receiver.run(MulticastZenPing.java:366)
	at java.lang.Thread.run(Thread.java:744)
[2014-02-18 16:09:17,693][WARN ][discovery.zen.ping.multicast] [node_3] failed to receive packet, throttling...
java.net.SocketException: Socket closed
	at java.net.PlainDatagramSocketImpl.peekData(Native Method)
	at java.net.DatagramSocket.receive(DatagramSocket.java:726)
	at org.elasticsearch.discovery.zen.ping.multicast.MulticastZenPing$Receiver.run(MulticastZenPing.java:366)
	at java.lang.Thread.run(Thread.java:744)
[2014-02-18 16:09:18,195][WARN ][discovery.zen.ping.multicast] [node_3] failed to receive packet, throttling...
java.net.SocketException: Socket closed
	at java.net.PlainDatagramSocketImpl.peekData(Native Method)
	at java.net.DatagramSocket.receive(DatagramSocket.java:726)
	at org.elasticsearch.discovery.zen.ping.multicast.MulticastZenPing$Receiver.run(MulticastZenPing.java:366)
	at java.lang.Thread.run(Thread.java:744)
[2014-02-18 16:09:18,695][WARN ][discovery.zen.ping.multicast] [node_3] failed to receive packet, throttling...
java.net.SocketException: Socket closed
	at java.net.PlainDatagramSocketImpl.peekData(Native Method)
	at java.net.DatagramSocket.receive(DatagramSocket.java:726)
	at org.elasticsearch.discovery.zen.ping.multicast.MulticastZenPing$Receiver.run(MulticastZenPing.java:366)
	at java.lang.Thread.run(Thread.java:744)
[2014-02-18 16:09:19,197][WARN ][discovery.zen.ping.multicast] [node_3] failed to receive packet, throttling...
java.net.SocketException: Socket closed
	at java.net.PlainDatagramSocketImpl.peekData(Native Method)
	at java.net.DatagramSocket.receive(DatagramSocket.java:726)
	at org.elasticsearch.discovery.zen.ping.multicast.MulticastZenPing$Receiver.run(MulticastZenPing.java:366)
	at java.lang.Thread.run(Thread.java:744)
[2014-02-18 16:09:19,697][WARN ][discovery.zen.ping.multicast] [node_3] failed to receive packet, throttling...
java.net.SocketException: Socket closed
	at java.net.PlainDatagramSocketImpl.peekData(Native Method)
	at java.net.DatagramSocket.receive(DatagramSocket.java:726)
	at org.elasticsearch.discovery.zen.ping.multicast.MulticastZenPing$Receiver.run(MulticastZenPing.java:366)
	at java.lang.Thread.run(Thread.java:744)
[2014-02-18 16:09:19,707][INFO ][cluster.service          ] [node_0] added {[node_3][5qACyiL7T6aHfp87O02uVg][Bills-MacBook-Pro.local][inet[/10.1.10.75:9306]],}, reason: zen-disco-receive(join from node[[node_3][5qACyiL7T6aHfp87O02uVg][Bills-MacBook-Pro.local][inet[/10.1.10.75:9306]]])
[2014-02-18 16:09:19,708][INFO ][cluster.service          ] [node_1] added {[node_3][5qACyiL7T6aHfp87O02uVg][Bills-MacBook-Pro.local][inet[/10.1.10.75:9306]],}, reason: zen-disco-receive(from master [[node_0][0jWtN6F4Ti-TuMAKgbD4jg][Bills-MacBook-Pro.local][inet[/10.1.10.75:9303]]])
[2014-02-18 16:09:19,708][INFO ][cluster.service          ] [node_2] added {[node_3][5qACyiL7T6aHfp87O02uVg][Bills-MacBook-Pro.local][inet[/10.1.10.75:9306]],}, reason: zen-disco-receive(from master [[node_0][0jWtN6F4Ti-TuMAKgbD4jg][Bills-MacBook-Pro.local][inet[/10.1.10.75:9303]]])
[2014-02-18 16:09:19,708][INFO ][cluster.service          ] [node_3] detected_master [node_0][0jWtN6F4Ti-TuMAKgbD4jg][Bills-MacBook-Pro.local][inet[/10.1.10.75:9303]], added {[node_0][0jWtN6F4Ti-TuMAKgbD4jg][Bills-MacBook-Pro.local][inet[/10.1.10.75:9303]],[node_1][XjzMCzf-S8-5EtkA-95dag][Bills-MacBook-Pro.local][inet[/10.1.10.75:9304]],[node_2][-bPVfUnJQ2eXALWW89f_HA][Bills-MacBook-Pro.local][inet[/10.1.10.75:9305]],}, reason: zen-disco-receive(from master [[node_0][0jWtN6F4Ti-TuMAKgbD4jg][Bills-MacBook-Pro.local][inet[/10.1.10.75:9303]]])
[2014-02-18 16:09:19,745][INFO ][discovery                ] [node_3] TEST-Bills-MacBook-Pro.local-CHILD_VM=[0]-CLUSTER_SEED=[8144039620347780262]-HASH=[13541B9D597E9BF8]/5qACyiL7T6aHfp87O02uVg
[2014-02-18 16:09:19,749][INFO ][http                     ] [node_3] bound_address {inet[/0:0:0:0:0:0:0:0:9206]}, publish_address {inet[/10.1.10.75:9206]}
[2014-02-18 16:09:19,749][INFO ][node                     ] [node_3] started
[2014-02-18 16:09:19,749][INFO ][test                     ] Start Shared Node [node_3] not shared
[2014-02-18 16:09:19,751][INFO ][indices.fielddata.breaker] [CircuitBreakerServiceTests#testRamAccountingTermsEnum]: before test
[2014-02-18 16:09:19,761][INFO ][cluster.metadata         ] [node_0] [ramtest] creating index, cause [api], shards [5]/[1], mappings [type]
[2014-02-18 16:09:20,202][WARN ][discovery.zen.ping.multicast] [node_3] failed to receive packet, throttling...
java.net.SocketException: Socket closed
	at java.net.PlainDatagramSocketImpl.peekData(Native Method)
	at java.net.DatagramSocket.receive(DatagramSocket.java:726)
	at org.elasticsearch.discovery.zen.ping.multicast.MulticastZenPing$Receiver.run(MulticastZenPing.java:366)
	at java.lang.Thread.run(Thread.java:744)
[2014-02-18 16:09:20,315][INFO ][plugins                  ] [transport_client_node_2] loaded [], sites []
[2014-02-18 16:09:20,608][TRACE][index.fielddata.plain    ] [node_1] [ramtest] Filter exists, can't circuit break normally, using RamAccountingTermsEnum
[2014-02-18 16:09:20,609][TRACE][index.fielddata.plain    ] [node_2] [ramtest] Filter exists, can't circuit break normally, using RamAccountingTermsEnum
[2014-02-18 16:09:20,609][TRACE][indices.fielddata.breaker] [node_2] Adding [3.5kb] to used bytes [new used: [3.5kb], limit: 381681664 [364mb], estimate: 3712 [3.6kb]]
[2014-02-18 16:09:20,609][TRACE][indices.fielddata.breaker] [node_2] Adjusted breaker by [5733] bytes, now [9337]
[2014-02-18 16:09:20,608][TRACE][index.fielddata.plain    ] [node_0] [ramtest] Filter exists, can't circuit break normally, using RamAccountingTermsEnum
[2014-02-18 16:09:20,610][TRACE][index.fielddata.plain    ] [node_1] [ramtest] Filter exists, can't circuit break normally, using RamAccountingTermsEnum
[2014-02-18 16:09:20,609][TRACE][index.fielddata.plain    ] [node_1] [ramtest] Filter exists, can't circuit break normally, using RamAccountingTermsEnum
[2014-02-18 16:09:20,609][TRACE][indices.fielddata.breaker] [node_1] Adding [3.5kb] to used bytes [new used: [3.5kb], limit: 381681664 [364mb], estimate: 3712 [3.6kb]]
[2014-02-18 16:09:20,610][TRACE][indices.fielddata.breaker] [node_1] Adding [3.5kb] to used bytes [new used: [3.5kb], limit: 381681664 [364mb], estimate: 3712 [3.6kb]]
[2014-02-18 16:09:20,610][TRACE][indices.fielddata.breaker] [node_1] Adding [3.5kb] to used bytes [new used: [3.5kb], limit: 381681664 [364mb], estimate: 3712 [3.6kb]]
[2014-02-18 16:09:20,610][TRACE][indices.fielddata.breaker] [node_0] Adding [3.5kb] to used bytes [new used: [3.5kb], limit: 381681664 [364mb], estimate: 3712 [3.6kb]]
[2014-02-18 16:09:20,611][TRACE][indices.fielddata.breaker] [node_1] Adding [3.5kb] to used bytes [new used: [12.6kb], limit: 381681664 [364mb], estimate: 13329 [13kb]]
[2014-02-18 16:09:20,610][TRACE][indices.fielddata.breaker] [node_1] Adding [3.5kb] to used bytes [new used: [12.6kb], limit: 381681664 [364mb], estimate: 13329 [13kb]]
[2014-02-18 16:09:20,610][TRACE][indices.fielddata.breaker] [node_1] Adjusted breaker by [5733] bytes, now [9337]
[2014-02-18 16:09:20,611][TRACE][indices.fielddata.breaker] [node_1] Adding [3.5kb] to used bytes [new used: [21.7kb], limit: 381681664 [364mb], estimate: 22946 [22.4kb]]
[2014-02-18 16:09:20,611][TRACE][indices.fielddata.breaker] [node_1] Adjusted breaker by [5733] bytes, now [18674]
[2014-02-18 16:09:20,611][TRACE][indices.fielddata.breaker] [node_0] Adjusted breaker by [5733] bytes, now [9337]
[2014-02-18 16:09:20,612][TRACE][indices.fielddata.breaker] [node_1] Adjusted breaker by [5733] bytes, now [28011]
[2014-02-18 16:09:20,615][TRACE][indices.fielddata.breaker] [node_1] Adjusted breaker by [-9337] bytes, now [18674]
[2014-02-18 16:09:20,616][TRACE][indices.fielddata.breaker] [node_1] Adjusted breaker by [-9337] bytes, now [9337]
[2014-02-18 16:09:20,616][TRACE][indices.fielddata.breaker] [node_1] Adjusted breaker by [-9337] bytes, now [0]
[2014-02-18 16:09:20,615][TRACE][indices.fielddata.breaker] [node_0] Adjusted breaker by [-9337] bytes, now [0]
[2014-02-18 16:09:20,616][TRACE][indices.fielddata.breaker] [node_2] Adjusted breaker by [-9337] bytes, now [0]
[2014-02-18 16:09:20,619][INFO ][indices.fielddata.breaker] [node_1] updating [indices.fielddata.breaker.limit] from [364mb] to [100]
[2014-02-18 16:09:20,619][INFO ][indices.fielddata.breaker] [node_2] updating [indices.fielddata.breaker.limit] from [364mb] to [100]
[2014-02-18 16:09:20,619][INFO ][indices.fielddata.breaker] [node_3] updating [indices.fielddata.breaker.limit] from [364mb] to [100]
[2014-02-18 16:09:20,619][INFO ][indices.fielddata.breaker] [node_2] updating [indices.fielddata.breaker.overhead] from [1.03] to [1.05]
[2014-02-18 16:09:20,620][TRACE][indices.fielddata.breaker] [node_2] Creating MemoryCircuitBreaker with a limit of 100 bytes (100b) and a overhead constant of 1.05
[2014-02-18 16:09:20,619][INFO ][indices.fielddata.breaker] [node_1] updating [indices.fielddata.breaker.overhead] from [1.03] to [1.05]
[2014-02-18 16:09:20,619][INFO ][indices.fielddata.breaker] [node_3] updating [indices.fielddata.breaker.overhead] from [1.03] to [1.05]
[2014-02-18 16:09:20,620][TRACE][indices.fielddata.breaker] [node_1] Creating MemoryCircuitBreaker with a limit of 100 bytes (100b) and a overhead constant of 1.05
[2014-02-18 16:09:20,620][TRACE][indices.fielddata.breaker] [node_3] Creating MemoryCircuitBreaker with a limit of 100 bytes (100b) and a overhead constant of 1.05
[2014-02-18 16:09:20,621][INFO ][indices.fielddata.breaker] [node_0] updating [indices.fielddata.breaker.limit] from [364mb] to [100]
[2014-02-18 16:09:20,621][INFO ][indices.fielddata.breaker] [node_0] updating [indices.fielddata.breaker.overhead] from [1.03] to [1.05]
[2014-02-18 16:09:20,621][TRACE][indices.fielddata.breaker] [node_0] Creating MemoryCircuitBreaker with a limit of 100 bytes (100b) and a overhead constant of 1.05
[2014-02-18 16:09:20,623][TRACE][index.fielddata.plain    ] [node_3] [ramtest] Filter exists, can't circuit break normally, using RamAccountingTermsEnum
[2014-02-18 16:09:20,623][TRACE][index.fielddata.plain    ] [node_3] [ramtest] Filter exists, can't circuit break normally, using RamAccountingTermsEnum
[2014-02-18 16:09:20,624][TRACE][indices.fielddata.breaker] [node_3] Adding [3.5kb] to used bytes [new used: [3.5kb], limit: 100 [100b], estimate: 3784 [3.6kb]]
[2014-02-18 16:09:20,623][TRACE][index.fielddata.plain    ] [node_0] [ramtest] Filter exists, can't circuit break normally, using RamAccountingTermsEnum
[2014-02-18 16:09:20,624][TRACE][index.fielddata.plain    ] [node_0] [ramtest] Filter exists, can't circuit break normally, using RamAccountingTermsEnum
[2014-02-18 16:09:20,624][ERROR][indices.fielddata.breaker] [node_3] New used memory 3784 [3.6kb] would be larger than configured breaker: 100 [100b], breaking
[2014-02-18 16:09:20,624][TRACE][indices.fielddata.breaker] [node_3] Adding [3.5kb] to used bytes [new used: [3.5kb], limit: 100 [100b], estimate: 3784 [3.6kb]]
[2014-02-18 16:09:20,625][TRACE][indices.fielddata.breaker] [node_3] Adjusted breaker by [0] bytes, now [0]
[2014-02-18 16:09:20,625][TRACE][indices.fielddata.breaker] [node_0] Adding [3.5kb] to used bytes [new used: [3.5kb], limit: 100 [100b], estimate: 3784 [3.6kb]]
[2014-02-18 16:09:20,625][ERROR][indices.fielddata.breaker] [node_0] New used memory 3784 [3.6kb] would be larger than configured breaker: 100 [100b], breaking
[2014-02-18 16:09:20,625][TRACE][indices.fielddata.breaker] [node_0] Adjusted breaker by [0] bytes, now [0]
[2014-02-18 16:09:20,624][TRACE][indices.fielddata.breaker] [node_0] Adding [3.5kb] to used bytes [new used: [3.5kb], limit: 100 [100b], estimate: 3784 [3.6kb]]
[2014-02-18 16:09:20,626][ERROR][indices.fielddata.breaker] [node_0] New used memory 3784 [3.6kb] would be larger than configured breaker: 100 [100b], breaking
[2014-02-18 16:09:20,633][TRACE][indices.fielddata.breaker] [node_0] Adjusted breaker by [0] bytes, now [0]
[2014-02-18 16:09:20,624][TRACE][index.fielddata.plain    ] [node_2] [ramtest] Filter exists, can't circuit break normally, using RamAccountingTermsEnum
[2014-02-18 16:09:20,634][TRACE][indices.fielddata.breaker] [node_2] Adding [3.5kb] to used bytes [new used: [3.5kb], limit: 100 [100b], estimate: 3784 [3.6kb]]
[2014-02-18 16:09:20,634][ERROR][indices.fielddata.breaker] [node_2] New used memory 3784 [3.6kb] would be larger than configured breaker: 100 [100b], breaking
[2014-02-18 16:09:20,634][TRACE][indices.fielddata.breaker] [node_2] Adjusted breaker by [0] bytes, now [0]
[2014-02-18 16:09:20,625][ERROR][indices.fielddata.breaker] [node_3] New used memory 3784 [3.6kb] would be larger than configured breaker: 100 [100b], breaking
[2014-02-18 16:09:20,635][TRACE][indices.fielddata.breaker] [node_3] Adjusted breaker by [0] bytes, now [0]
[2014-02-18 16:09:20,637][TRACE][index.fielddata.plain    ] [node_0] [ramtest] Filter exists, can't circuit break normally, using RamAccountingTermsEnum
[2014-02-18 16:09:20,637][TRACE][indices.fielddata.breaker] [node_0] Adding [3.5kb] to used bytes [new used: [3.5kb], limit: 100 [100b], estimate: 3784 [3.6kb]]
[2014-02-18 16:09:20,637][TRACE][index.fielddata.plain    ] [node_2] [ramtest] Filter exists, can't circuit break normally, using RamAccountingTermsEnum
[2014-02-18 16:09:20,638][TRACE][indices.fielddata.breaker] [node_2] Adding [3.5kb] to used bytes [new used: [3.5kb], limit: 100 [100b], estimate: 3784 [3.6kb]]
[2014-02-18 16:09:20,638][ERROR][indices.fielddata.breaker] [node_2] New used memory 3784 [3.6kb] would be larger than configured breaker: 100 [100b], breaking
[2014-02-18 16:09:20,638][TRACE][index.fielddata.plain    ] [node_1] [ramtest] Filter exists, can't circuit break normally, using RamAccountingTermsEnum
[2014-02-18 16:09:20,637][ERROR][indices.fielddata.breaker] [node_0] New used memory 3784 [3.6kb] would be larger than configured breaker: 100 [100b], breaking
[2014-02-18 16:09:20,638][TRACE][indices.fielddata.breaker] [node_1] Adding [3.5kb] to used bytes [new used: [3.5kb], limit: 100 [100b], estimate: 3784 [3.6kb]]
[2014-02-18 16:09:20,638][TRACE][indices.fielddata.breaker] [node_2] Adjusted breaker by [0] bytes, now [0]
[2014-02-18 16:09:20,638][TRACE][index.fielddata.plain    ] [node_1] [ramtest] Filter exists, can't circuit break normally, using RamAccountingTermsEnum
[2014-02-18 16:09:20,639][ERROR][indices.fielddata.breaker] [node_1] New used memory 3784 [3.6kb] would be larger than configured breaker: 100 [100b], breaking
[2014-02-18 16:09:20,639][TRACE][indices.fielddata.breaker] [node_1] Adjusted breaker by [0] bytes, now [0]
[2014-02-18 16:09:20,639][TRACE][index.fielddata.plain    ] [node_1] [ramtest] Filter exists, can't circuit break normally, using RamAccountingTermsEnum
[2014-02-18 16:09:20,639][TRACE][indices.fielddata.breaker] [node_0] Adjusted breaker by [0] bytes, now [0]
[2014-02-18 16:09:20,640][TRACE][indices.fielddata.breaker] [node_1] Adding [3.5kb] to used bytes [new used: [3.5kb], limit: 100 [100b], estimate: 3784 [3.6kb]]
[2014-02-18 16:09:20,640][ERROR][indices.fielddata.breaker] [node_1] New used memory 3784 [3.6kb] would be larger than configured breaker: 100 [100b], breaking
[2014-02-18 16:09:20,640][TRACE][indices.fielddata.breaker] [node_1] Adjusted breaker by [0] bytes, now [0]
[2014-02-18 16:09:20,639][TRACE][indices.fielddata.breaker] [node_1] Adding [3.5kb] to used bytes [new used: [3.5kb], limit: 100 [100b], estimate: 3784 [3.6kb]]
[2014-02-18 16:09:20,641][ERROR][indices.fielddata.breaker] [node_1] New used memory 3784 [3.6kb] would be larger than configured breaker: 100 [100b], breaking
[2014-02-18 16:09:20,641][TRACE][indices.fielddata.breaker] [node_1] Adjusted breaker by [0] bytes, now [0]
[2014-02-18 16:09:20,643][INFO ][indices.fielddata.breaker] [node_2] updating [indices.fielddata.breaker.limit] from [100b] to [-1]
[2014-02-18 16:09:20,643][INFO ][indices.fielddata.breaker] [node_1] updating [indices.fielddata.breaker.limit] from [100b] to [-1]
[2014-02-18 16:09:20,643][INFO ][indices.fielddata.breaker] [node_3] updating [indices.fielddata.breaker.limit] from [100b] to [-1]
[2014-02-18 16:09:20,643][INFO ][indices.fielddata.breaker] [node_1] updating [indices.fielddata.breaker.overhead] from [1.05] to [1.03]
[2014-02-18 16:09:20,643][INFO ][indices.fielddata.breaker] [node_2] updating [indices.fielddata.breaker.overhead] from [1.05] to [1.03]
[2014-02-18 16:09:20,643][TRACE][indices.fielddata.breaker] [node_1] Creating MemoryCircuitBreaker with a limit of -1 bytes (-1b) and a overhead constant of 1.03
[2014-02-18 16:09:20,643][INFO ][indices.fielddata.breaker] [node_3] updating [indices.fielddata.breaker.overhead] from [1.05] to [1.03]
[2014-02-18 16:09:20,643][TRACE][indices.fielddata.breaker] [node_2] Creating MemoryCircuitBreaker with a limit of -1 bytes (-1b) and a overhead constant of 1.03
[2014-02-18 16:09:20,644][TRACE][indices.fielddata.breaker] [node_3] Creating MemoryCircuitBreaker with a limit of -1 bytes (-1b) and a overhead constant of 1.03
[2014-02-18 16:09:20,644][INFO ][indices.fielddata.breaker] [node_0] updating [indices.fielddata.breaker.limit] from [100b] to [-1]
[2014-02-18 16:09:20,644][INFO ][indices.fielddata.breaker] [node_0] updating [indices.fielddata.breaker.overhead] from [1.05] to [1.03]
[2014-02-18 16:09:20,644][TRACE][indices.fielddata.breaker] [node_0] Creating MemoryCircuitBreaker with a limit of -1 bytes (-1b) and a overhead constant of 1.03
[2014-02-18 16:09:20,645][INFO ][indices.fielddata.breaker] [CircuitBreakerServiceTests#testRamAccountingTermsEnum]: cleaning up after test
[2014-02-18 16:09:20,645][INFO ][node                     ] [node_0] stopping ...
[2014-02-18 16:09:20,656][INFO ][discovery.zen            ] [node_3] master_left [[node_0][0jWtN6F4Ti-TuMAKgbD4jg][Bills-MacBook-Pro.local][inet[/10.1.10.75:9303]]], reason [shut_down]
[2014-02-18 16:09:20,656][INFO ][discovery.zen            ] [node_1] master_left [[node_0][0jWtN6F4Ti-TuMAKgbD4jg][Bills-MacBook-Pro.local][inet[/10.1.10.75:9303]]], reason [shut_down]
[2014-02-18 16:09:20,658][INFO ][discovery.zen            ] [node_2] master_left [[node_0][0jWtN6F4Ti-TuMAKgbD4jg][Bills-MacBook-Pro.local][inet[/10.1.10.75:9303]]], reason [shut_down]
[2014-02-18 16:09:20,658][INFO ][cluster.service          ] [node_1] master {new [node_2][-bPVfUnJQ2eXALWW89f_HA][Bills-MacBook-Pro.local][inet[/10.1.10.75:9305]], previous [node_0][0jWtN6F4Ti-TuMAKgbD4jg][Bills-MacBook-Pro.local][inet[/10.1.10.75:9303]]}, removed {[node_0][0jWtN6F4Ti-TuMAKgbD4jg][Bills-MacBook-Pro.local][inet[/10.1.10.75:9303]],}, reason: zen-disco-master_failed ([node_0][0jWtN6F4Ti-TuMAKgbD4jg][Bills-MacBook-Pro.local][inet[/10.1.10.75:9303]])
[2014-02-18 16:09:20,658][INFO ][cluster.service          ] [node_3] master {new [node_2][-bPVfUnJQ2eXALWW89f_HA][Bills-MacBook-Pro.local][inet[/10.1.10.75:9305]], previous [node_0][0jWtN6F4Ti-TuMAKgbD4jg][Bills-MacBook-Pro.local][inet[/10.1.10.75:9303]]}, removed {[node_0][0jWtN6F4Ti-TuMAKgbD4jg][Bills-MacBook-Pro.local][inet[/10.1.10.75:9303]],}, reason: zen-disco-master_failed ([node_0][0jWtN6F4Ti-TuMAKgbD4jg][Bills-MacBook-Pro.local][inet[/10.1.10.75:9303]])
[2014-02-18 16:09:20,663][INFO ][node                     ] [node_0] stopped
[2014-02-18 16:09:20,663][INFO ][node                     ] [node_0] closing ...
[2014-02-18 16:09:20,668][INFO ][cluster.service          ] [node_2] master {new [node_2][-bPVfUnJQ2eXALWW89f_HA][Bills-MacBook-Pro.local][inet[/10.1.10.75:9305]], previous [node_0][0jWtN6F4Ti-TuMAKgbD4jg][Bills-MacBook-Pro.local][inet[/10.1.10.75:9303]]}, removed {[node_0][0jWtN6F4Ti-TuMAKgbD4jg][Bills-MacBook-Pro.local][inet[/10.1.10.75:9303]],}, reason: zen-disco-master_failed ([node_0][0jWtN6F4Ti-TuMAKgbD4jg][Bills-MacBook-Pro.local][inet[/10.1.10.75:9303]])
[2014-02-18 16:09:20,669][INFO ][node                     ] [node_0] closed
[2014-02-18 16:09:20,669][INFO ][node                     ] [node_1] stopping ...
[2014-02-18 16:09:20,687][INFO ][node                     ] [node_1] stopped
[2014-02-18 16:09:20,688][INFO ][node                     ] [node_1] closing ...
[2014-02-18 16:09:20,696][INFO ][node                     ] [node_1] closed
[2014-02-18 16:09:20,701][INFO ][node                     ] [node_2] stopping ...
[2014-02-18 16:09:20,703][WARN ][discovery.zen.ping.multicast] [node_3] failed to receive packet, throttling...
java.net.SocketException: Socket closed
	at java.net.PlainDatagramSocketImpl.peekData(Native Method)
	at java.net.DatagramSocket.receive(DatagramSocket.java:726)
	at org.elasticsearch.discovery.zen.ping.multicast.MulticastZenPing$Receiver.run(MulticastZenPing.java:366)
	at java.lang.Thread.run(Thread.java:744)
[2014-02-18 16:09:20,715][INFO ][cluster.service          ] [node_2] removed {[node_1][XjzMCzf-S8-5EtkA-95dag][Bills-MacBook-Pro.local][inet[/10.1.10.75:9304]],}, reason: zen-disco-node_left([node_1][XjzMCzf-S8-5EtkA-95dag][Bills-MacBook-Pro.local][inet[/10.1.10.75:9304]])
[2014-02-18 16:09:20,716][INFO ][cluster.service          ] [node_3] removed {[node_1][XjzMCzf-S8-5EtkA-95dag][Bills-MacBook-Pro.local][inet[/10.1.10.75:9304]],}, reason: zen-disco-receive(from master [[node_2][-bPVfUnJQ2eXALWW89f_HA][Bills-MacBook-Pro.local][inet[/10.1.10.75:9305]]])
[2014-02-18 16:09:20,737][INFO ][discovery.zen            ] [node_3] master_left [[node_2][-bPVfUnJQ2eXALWW89f_HA][Bills-MacBook-Pro.local][inet[/10.1.10.75:9305]]], reason [shut_down]
[2014-02-18 16:09:20,738][INFO ][cluster.service          ] [node_3] master {new [node_3][5qACyiL7T6aHfp87O02uVg][Bills-MacBook-Pro.local][inet[/10.1.10.75:9306]], previous [node_2][-bPVfUnJQ2eXALWW89f_HA][Bills-MacBook-Pro.local][inet[/10.1.10.75:9305]]}, removed {[node_2][-bPVfUnJQ2eXALWW89f_HA][Bills-MacBook-Pro.local][inet[/10.1.10.75:9305]],}, reason: zen-disco-master_failed ([node_2][-bPVfUnJQ2eXALWW89f_HA][Bills-MacBook-Pro.local][inet[/10.1.10.75:9305]])
[2014-02-18 16:09:20,742][INFO ][node                     ] [node_2] stopped
[2014-02-18 16:09:20,742][INFO ][node                     ] [node_2] closing ...
[2014-02-18 16:09:20,744][INFO ][node                     ] [node_2] closed
[2014-02-18 16:09:20,744][INFO ][node                     ] [node_3] stopping ...
[2014-02-18 16:09:20,761][INFO ][node                     ] [node_3] stopped
[2014-02-18 16:09:20,761][INFO ][node                     ] [node_3] closing ...
[2014-02-18 16:09:20,763][INFO ][node                     ] [node_3] closed
[2014-02-18 16:09:20,764][INFO ][indices.fielddata.breaker] [CircuitBreakerServiceTests#testRamAccountingTermsEnum]: cleaned up after test
[2014-02-18 16:09:20,764][INFO ][test                     ] Wipe data directory for all nodes locations: [data/d3/TEST-Bills-MacBook-Pro.local-CHILD_VM=[0]-CLUSTER_SEED=[8144039620347780262]-HASH=[13541B9D597E9BF8]/nodes/0, data/d0/TEST-Bills-MacBook-Pro.local-CHILD_VM=[0]-CLUSTER_SEED=[8144039620347780262]-HASH=[13541B9D597E9BF8]/nodes/0, data/d0/TEST-Bills-MacBook-Pro.local-CHILD_VM=[0]-CLUSTER_SEED=[8144039620347780262]-HASH=[13541B9D597E9BF8]/nodes/1, data/d2/TEST-Bills-MacBook-Pro.local-CHILD_VM=[0]-CLUSTER_SEED=[8144039620347780262]-HASH=[13541B9D597E9BF8]/nodes/0, data/d0/TEST-Bills-MacBook-Pro.local-CHILD_VM=[0]-CLUSTER_SEED=[8144039620347780262]-HASH=[13541B9D597E9BF8]/nodes/2, data/d2/TEST-Bills-MacBook-Pro.local-CHILD_VM=[0]-CLUSTER_SEED=[8144039620347780262]-HASH=[13541B9D597E9BF8]/nodes/1, data/d0/TEST-Bills-MacBook-Pro.local-CHILD_VM=[0]-CLUSTER_SEED=[8144039620347780262]-HASH=[13541B9D597E9BF8]/nodes/3, data/d2/TEST-Bills-MacBook-Pro.local-CHILD_VM=[0]-CLUSTER_SEED=[8144039620347780262]-HASH=[13541B9D597E9BF8]/nodes/2, data/d2/TEST-Bills-MacBook-Pro.local-CHILD_VM=[0]-CLUSTER_SEED=[8144039620347780262]-HASH=[13541B9D597E9BF8]/nodes/3, data/d1/TEST-Bills-MacBook-Pro.local-CHILD_VM=[0]-CLUSTER_SEED=[8144039620347780262]-HASH=[13541B9D597E9BF8]/nodes/3, data/d1/TEST-Bills-MacBook-Pro.local-CHILD_VM=[0]-CLUSTER_SEED=[8144039620347780262]-HASH=[13541B9D597E9BF8]/nodes/0, data/d1/TEST-Bills-MacBook-Pro.local-CHILD_VM=[0]-CLUSTER_SEED=[8144039620347780262]-HASH=[13541B9D597E9BF8]/nodes/2, data/d1/TEST-Bills-MacBook-Pro.local-CHILD_VM=[0]-CLUSTER_SEED=[8144039620347780262]-HASH=[13541B9D597E9BF8]/nodes/1, data/d3/TEST-Bills-MacBook-Pro.local-CHILD_VM=[0]-CLUSTER_SEED=[8144039620347780262]-HASH=[13541B9D597E9BF8]/nodes/2, data/d3/TEST-Bills-MacBook-Pro.local-CHILD_VM=[0]-CLUSTER_SEED=[8144039620347780262]-HASH=[13541B9D597E9BF8]/nodes/1, data/d3/TEST-Bills-MacBook-Pro.local-CHILD_VM=[0]-CLUSTER_SEED=[8144039620347780262]-HASH=[13541B9D597E9BF8]/nodes/3]
[2014-02-18 16:09:20,839][INFO ][test                     ] Test testRamAccountingTermsEnum(org.elasticsearch.indices.fielddata.breaker.CircuitBreakerServiceTests) finished
]]></system-out>
   <system-err><![CDATA[]]></system-err>
</testsuite>