<testsuite errors="0" failures="0" tests="1" skipped="0" name="org.elasticsearch.indices.fielddata.breaker.RandomExceptionCircuitBreakerTests" hostname="nohost.nodomain" time="0.942" timestamp="2014-02-18T15:58:28">
   <properties class="java.util.ArrayList">
      <property name="awt.toolkit" value="sun.lwawt.macosx.LWCToolkit"/>
      <property name="es.logger.level" value="INFO"/>
      <property name="es.logger.prefix" value=""/>
      <property name="es.node.local" value=""/>
      <property name="es.node.mode" value=""/>
      <property name="file.encoding" value="UTF-8"/>
      <property name="file.encoding.pkg" value="sun.io"/>
      <property name="file.separator" value="/"/>
      <property name="ftp.nonProxyHosts" value="local|*.local|169.254/16|*.169.254/16"/>
      <property name="gopherProxySet" value="false"/>
      <property name="http.nonProxyHosts" value="local|*.local|169.254/16|*.169.254/16"/>
      <property name="java.awt.graphicsenv" value="sun.awt.CGraphicsEnvironment"/>
      <property name="java.awt.headless" value="true"/>
      <property name="java.awt.printerjob" value="sun.lwawt.macosx.CPrinterJob"/>
      <property name="java.class.path" value="/Users/bhwang/elasticsearch/target/test-classes:/Users/bhwang/elasticsearch/target/classes:/Users/bhwang/.m2/repository/org/hamcrest/hamcrest-all/1.3/hamcrest-all-1.3.jar:/Users/bhwang/.m2/repository/com/carrotsearch/randomizedtesting/randomizedtesting-runner/2.0.15/randomizedtesting-runner-2.0.15.jar:/Users/bhwang/.m2/repository/junit/junit/4.10/junit-4.10.jar:/Users/bhwang/.m2/repository/org/apache/lucene/lucene-test-framework/4.6.1/lucene-test-framework-4.6.1.jar:/Users/bhwang/.m2/repository/org/apache/lucene/lucene-expressions/4.6.1/lucene-expressions-4.6.1.jar:/Users/bhwang/.m2/repository/org/antlr/antlr-runtime/3.5/antlr-runtime-3.5.jar:/Users/bhwang/.m2/repository/org/ow2/asm/asm/4.1/asm-4.1.jar:/Users/bhwang/.m2/repository/org/ow2/asm/asm-commons/4.1/asm-commons-4.1.jar:/Users/bhwang/.m2/repository/org/apache/httpcomponents/httpclient/4.3.1/httpclient-4.3.1.jar:/Users/bhwang/.m2/repository/org/apache/httpcomponents/httpcore/4.3/httpcore-4.3.jar:/Users/bhwang/.m2/repository/commons-logging/commons-logging/1.1.3/commons-logging-1.1.3.jar:/Users/bhwang/.m2/repository/commons-codec/commons-codec/1.6/commons-codec-1.6.jar:/Users/bhwang/.m2/repository/org/apache/lucene/lucene-core/4.6.1/lucene-core-4.6.1.jar:/Users/bhwang/.m2/repository/org/apache/lucene/lucene-analyzers-common/4.6.1/lucene-analyzers-common-4.6.1.jar:/Users/bhwang/.m2/repository/org/apache/lucene/lucene-codecs/4.6.1/lucene-codecs-4.6.1.jar:/Users/bhwang/.m2/repository/org/apache/lucene/lucene-queries/4.6.1/lucene-queries-4.6.1.jar:/Users/bhwang/.m2/repository/org/apache/lucene/lucene-memory/4.6.1/lucene-memory-4.6.1.jar:/Users/bhwang/.m2/repository/org/apache/lucene/lucene-highlighter/4.6.1/lucene-highlighter-4.6.1.jar:/Users/bhwang/.m2/repository/org/apache/lucene/lucene-queryparser/4.6.1/lucene-queryparser-4.6.1.jar:/Users/bhwang/.m2/repository/org/apache/lucene/lucene-sandbox/4.6.1/lucene-sandbox-4.6.1.jar:/Users/bhwang/.m2/repository/org/apache/lucene/lucene-suggest/4.6.1/lucene-suggest-4.6.1.jar:/Users/bhwang/.m2/repository/org/apache/lucene/lucene-misc/4.6.1/lucene-misc-4.6.1.jar:/Users/bhwang/.m2/repository/org/apache/lucene/lucene-join/4.6.1/lucene-join-4.6.1.jar:/Users/bhwang/.m2/repository/org/apache/lucene/lucene-grouping/4.6.1/lucene-grouping-4.6.1.jar:/Users/bhwang/.m2/repository/org/apache/lucene/lucene-spatial/4.6.1/lucene-spatial-4.6.1.jar:/Users/bhwang/.m2/repository/com/spatial4j/spatial4j/0.3/spatial4j-0.3.jar:/Users/bhwang/.m2/repository/com/vividsolutions/jts/1.12/jts-1.12.jar:/Users/bhwang/.m2/repository/com/google/guava/guava/16.0/guava-16.0.jar:/Users/bhwang/.m2/repository/com/carrotsearch/hppc/0.5.3/hppc-0.5.3.jar:/Users/bhwang/.m2/repository/joda-time/joda-time/2.3/joda-time-2.3.jar:/Users/bhwang/.m2/repository/org/joda/joda-convert/1.2/joda-convert-1.2.jar:/Users/bhwang/.m2/repository/org/mvel/mvel2/2.1.5.Final/mvel2-2.1.5.Final.jar:/Users/bhwang/.m2/repository/com/fasterxml/jackson/core/jackson-core/2.3.0/jackson-core-2.3.0.jar:/Users/bhwang/.m2/repository/com/fasterxml/jackson/dataformat/jackson-dataformat-smile/2.3.0/jackson-dataformat-smile-2.3.0.jar:/Users/bhwang/.m2/repository/com/fasterxml/jackson/dataformat/jackson-dataformat-yaml/2.3.0/jackson-dataformat-yaml-2.3.0.jar:/Users/bhwang/.m2/repository/io/netty/netty/3.9.0.Final/netty-3.9.0.Final.jar:/Users/bhwang/.m2/repository/com/ning/compress-lzf/0.9.6/compress-lzf-0.9.6.jar:/Users/bhwang/.m2/repository/log4j/log4j/1.2.17/log4j-1.2.17.jar:/Users/bhwang/.m2/repository/org/slf4j/slf4j-api/1.6.2/slf4j-api-1.6.2.jar:/Users/bhwang/.m2/repository/net/java/dev/jna/jna/3.3.0/jna-3.3.0.jar:/Users/bhwang/.m2/repository/org/fusesource/sigar/1.6.4/sigar-1.6.4.jar:/Users/bhwang/.m2/repository/com/carrotsearch/randomizedtesting/junit4-ant/2.0.15/junit4-ant-2.0.15.jar"/>
      <property name="java.class.version" value="51.0"/>
      <property name="java.endorsed.dirs" value="/Library/Java/JavaVirtualMachines/jdk1.7.0_45.jdk/Contents/Home/jre/lib/endorsed"/>
      <property name="java.ext.dirs" value="/Users/bhwang/Library/Java/Extensions:/Library/Java/JavaVirtualMachines/jdk1.7.0_45.jdk/Contents/Home/jre/lib/ext:/Library/Java/Extensions:/Network/Library/Java/Extensions:/System/Library/Java/Extensions:/usr/lib/java"/>
      <property name="java.home" value="/Library/Java/JavaVirtualMachines/jdk1.7.0_45.jdk/Contents/Home/jre"/>
      <property name="java.io.tmpdir" value="."/>
      <property name="java.library.path" value="/Users/bhwang/Library/Java/Extensions:/Library/Java/Extensions:/Network/Library/Java/Extensions:/System/Library/Java/Extensions:/usr/lib/java:."/>
      <property name="java.runtime.name" value="Java(TM) SE Runtime Environment"/>
      <property name="java.runtime.version" value="1.7.0_45-b18"/>
      <property name="java.security.policy" value="/Users/bhwang/elasticsearch/dev-tools/tests.policy"/>
      <property name="java.specification.name" value="Java Platform API Specification"/>
      <property name="java.specification.vendor" value="Oracle Corporation"/>
      <property name="java.specification.version" value="1.7"/>
      <property name="java.vendor" value="Oracle Corporation"/>
      <property name="java.vendor.url" value="http://java.oracle.com/"/>
      <property name="java.vendor.url.bug" value="http://bugreport.sun.com/bugreport/"/>
      <property name="java.version" value="1.7.0_45"/>
      <property name="java.vm.info" value="mixed mode"/>
      <property name="java.vm.name" value="Java HotSpot(TM) 64-Bit Server VM"/>
      <property name="java.vm.specification.name" value="Java Virtual Machine Specification"/>
      <property name="java.vm.specification.vendor" value="Oracle Corporation"/>
      <property name="java.vm.specification.version" value="1.7"/>
      <property name="java.vm.vendor" value="Oracle Corporation"/>
      <property name="java.vm.version" value="24.45-b08"/>
      <property name="junit4.childvm.cwd" value="/Users/bhwang/elasticsearch/target/J0"/>
      <property name="junit4.childvm.id" value="0"/>
      <property name="junit4.memory.total" value="128974848"/>
      <property name="junit4.pidString" value="6815@Bills-MacBook-Pro.local"/>
      <property name="junit4.processors" value="4"/>
      <property name="junit4.tempDir" value="/Users/bhwang/elasticsearch/target"/>
      <property name="line.separator" value="
"/>
      <property name="os.arch" value="x86_64"/>
      <property name="os.name" value="Mac OS X"/>
      <property name="os.version" value="10.9.1"/>
      <property name="path.separator" value=":"/>
      <property name="socksNonProxyHosts" value="local|*.local|169.254/16|*.169.254/16"/>
      <property name="sun.arch.data.model" value="64"/>
      <property name="sun.boot.class.path" value="/Library/Java/JavaVirtualMachines/jdk1.7.0_45.jdk/Contents/Home/jre/lib/resources.jar:/Library/Java/JavaVirtualMachines/jdk1.7.0_45.jdk/Contents/Home/jre/lib/rt.jar:/Library/Java/JavaVirtualMachines/jdk1.7.0_45.jdk/Contents/Home/jre/lib/sunrsasign.jar:/Library/Java/JavaVirtualMachines/jdk1.7.0_45.jdk/Contents/Home/jre/lib/jsse.jar:/Library/Java/JavaVirtualMachines/jdk1.7.0_45.jdk/Contents/Home/jre/lib/jce.jar:/Library/Java/JavaVirtualMachines/jdk1.7.0_45.jdk/Contents/Home/jre/lib/charsets.jar:/Library/Java/JavaVirtualMachines/jdk1.7.0_45.jdk/Contents/Home/jre/lib/jfr.jar:/Library/Java/JavaVirtualMachines/jdk1.7.0_45.jdk/Contents/Home/jre/lib/JObjC.jar:/Library/Java/JavaVirtualMachines/jdk1.7.0_45.jdk/Contents/Home/jre/classes"/>
      <property name="sun.boot.library.path" value="/Library/Java/JavaVirtualMachines/jdk1.7.0_45.jdk/Contents/Home/jre/lib"/>
      <property name="sun.cpu.endian" value="little"/>
      <property name="sun.cpu.isalist" value=""/>
      <property name="sun.io.unicode.encoding" value="UnicodeBig"/>
      <property name="sun.java.command" value="com.carrotsearch.ant.tasks.junit4.slave.SlaveMainSafe -flush -eventsfile /Users/bhwang/elasticsearch/target/junit4-J0-20140218_153326_767.events @/Users/bhwang/elasticsearch/target/junit4-J0-20140218_153326_767.suites -stdin"/>
      <property name="sun.java.launcher" value="SUN_STANDARD"/>
      <property name="sun.jnu.encoding" value="UTF-8"/>
      <property name="sun.management.compiler" value="HotSpot 64-Bit Tiered Compilers"/>
      <property name="sun.os.patch.level" value="unknown"/>
      <property name="tests.appendseed" value=""/>
      <property name="tests.assertion.disabled" value=""/>
      <property name="tests.awaitsfix" value=""/>
      <property name="tests.badapples" value=""/>
      <property name="tests.class" value=""/>
      <property name="tests.client.ratio" value=""/>
      <property name="tests.cluster_seed" value=""/>
      <property name="tests.enable_mock_modules" value=""/>
      <property name="tests.failfast" value=""/>
      <property name="tests.integration" value=""/>
      <property name="tests.iters" value=""/>
      <property name="tests.jvm.argline" value=""/>
      <property name="tests.maxfailures" value=""/>
      <property name="tests.method" value=""/>
      <property name="tests.network" value=""/>
      <property name="tests.nightly" value=""/>
      <property name="tests.prefix" value="tests"/>
      <property name="tests.rest" value=""/>
      <property name="tests.rest.spec" value=""/>
      <property name="tests.rest.suite" value=""/>
      <property name="tests.security.manager" value=""/>
      <property name="tests.seed" value="A89B4FF56754358E"/>
      <property name="tests.showSuccess" value=""/>
      <property name="tests.slow" value=""/>
      <property name="tests.timeoutSuite" value=""/>
      <property name="tests.weekly" value=""/>
      <property name="user.country" value="US"/>
      <property name="user.dir" value="/Users/bhwang/elasticsearch/target/J0"/>
      <property name="user.home" value="/Users/bhwang"/>
      <property name="user.language" value="en"/>
      <property name="user.name" value="bhwang"/>
      <property name="user.timezone" value=""/>
   </properties>
   <testcase classname="org.elasticsearch.indices.fielddata.breaker.RandomExceptionCircuitBreakerTests" name="testBreakerWithRandomExceptions" time="0.928"/>
   <system-out><![CDATA[[2014-02-18 15:58:28,467][INFO ][test                     ] Test testBreakerWithRandomExceptions(org.elasticsearch.indices.fielddata.breaker.RandomExceptionCircuitBreakerTests) started
[2014-02-18 15:58:28,472][INFO ][plugins                  ] [transport_client_node_0] loaded [], sites []
[2014-02-18 15:58:28,504][INFO ][plugins                  ] [transport_client_node_1] loaded [], sites []
[2014-02-18 15:58:28,535][INFO ][indices.fielddata.breaker] [RandomExceptionCircuitBreakerTests#testBreakerWithRandomExceptions]: before test
[2014-02-18 15:58:28,538][INFO ][indices.fielddata.breaker] creating index: [test] using settings: [{index.number_of_shards=3, index.number_of_replicas=0, index.engine.mock.random.wrapper=org.elasticsearch.indices.fielddata.breaker.RandomExceptionCircuitBreakerTests$RandomExceptionDirectoryReaderWrapper, index.engine.exception.ratio.top=0.3333333333333333, index.engine.exception.ratio.low=0.2, index.engine.mock.random.wrap_reader_ratio=1.0}]
[2014-02-18 15:58:28,550][INFO ][cluster.metadata         ] [node_0] [test] creating index, cause [api], shards [3]/[0], mappings [type]
[2014-02-18 15:58:28,863][INFO ][indices.fielddata.breaker] Start Refresh
[2014-02-18 15:58:28,888][INFO ][indices.fielddata.breaker] Refresh failed: [false] numShardsFailed: [0], shardFailuresLength: [0], successfulShards: [3], totalShards: [3] 
[2014-02-18 15:58:28,953][WARN ][index.fielddata          ] [node_0] [test] failed to find format [compressed] for field [test-num], will use default
[2014-02-18 15:58:28,953][WARN ][index.fielddata          ] [node_1] [test] failed to find format [compressed] for field [test-num], will use default
[2014-02-18 15:58:28,953][WARN ][index.fielddata          ] [node_2] [test] failed to find format [compressed] for field [test-num], will use default
[2014-02-18 15:58:28,973][INFO ][indices.fielddata.breaker] expected SearchPhaseException: [Failed to execute phase [query], all shards failed; shardFailures {[YhvSpkX-RFGNafHqA5ra1w][test][0]: RemoteTransportException[[node_1][inet[/10.1.10.75:9301]][search/phase/query]]; nested: QueryPhaseExecutionException[[test][0]: query[ConstantScore(*:*)],from[0],size[10],sort[<custom:"test-num": org.elasticsearch.index.fielddata.fieldcomparator.LongValuesComparatorSource@79898fd2>]: Query Failed [Failed to execute main query]]; nested: ElasticsearchException[java.io.IOException: Forced top level Exception on [Terms]]; nested: ExecutionException[java.io.IOException: Forced top level Exception on [Terms]]; nested: IOException[Forced top level Exception on [Terms]]; }{[tbUF3y2YTPm1TPdTF8YBYw][test][1]: QueryPhaseExecutionException[[test][1]: query[ConstantScore(*:*)],from[0],size[10],sort[<custom:"test-num": org.elasticsearch.index.fielddata.fieldcomparator.LongValuesComparatorSource@36416254>]: Query Failed [Failed to execute main query]]; nested: ElasticsearchException[java.io.IOException: Forced top level Exception on [Terms]]; nested: ExecutionException[java.io.IOException: Forced top level Exception on [Terms]]; nested: IOException[Forced top level Exception on [Terms]]; }{[FMinfbhkR0qkv0gqZ8eWZw][test][2]: RemoteTransportException[[node_2][inet[/10.1.10.75:9302]][search/phase/query]]; nested: QueryPhaseExecutionException[[test][2]: query[ConstantScore(*:*)],from[0],size[10],sort[<custom:"test-num": org.elasticsearch.index.fielddata.fieldcomparator.LongValuesComparatorSource@1ce4ed17>]: Query Failed [Failed to execute main query]]; nested: ElasticsearchException[java.io.IOException: Forced top level Exception on [Terms]]; nested: ExecutionException[java.io.IOException: Forced top level Exception on [Terms]]; nested: IOException[Forced top level Exception on [Terms]]; }]
[2014-02-18 15:58:28,975][WARN ][index.fielddata          ] [node_0] [test] failed to find format [compressed] for field [test-num], will use default
[2014-02-18 15:58:28,975][WARN ][index.fielddata          ] [node_1] [test] failed to find format [compressed] for field [test-num], will use default
[2014-02-18 15:58:28,975][WARN ][index.fielddata          ] [node_2] [test] failed to find format [compressed] for field [test-num], will use default
[2014-02-18 15:58:28,982][INFO ][indices.fielddata.breaker] expected SearchPhaseException: [Failed to execute phase [query], all shards failed; shardFailures {[YhvSpkX-RFGNafHqA5ra1w][test][0]: QueryPhaseExecutionException[[test][0]: query[ConstantScore(*:*)],from[0],size[10],sort[<custom:"test-num": org.elasticsearch.index.fielddata.fieldcomparator.LongValuesComparatorSource@7c317538>]: Query Failed [Failed to execute main query]]; nested: ElasticsearchException[java.io.IOException: Forced top level Exception on [Terms]]; nested: ExecutionException[java.io.IOException: Forced top level Exception on [Terms]]; nested: IOException[Forced top level Exception on [Terms]]; }{[tbUF3y2YTPm1TPdTF8YBYw][test][1]: RemoteTransportException[[node_0][inet[/10.1.10.75:9300]][search/phase/query]]; nested: QueryPhaseExecutionException[[test][1]: query[ConstantScore(*:*)],from[0],size[10],sort[<custom:"test-num": org.elasticsearch.index.fielddata.fieldcomparator.LongValuesComparatorSource@330c89e6>]: Query Failed [Failed to execute main query]]; nested: ElasticsearchException[java.io.IOException: Forced top level Exception on [Terms]]; nested: ExecutionException[java.io.IOException: Forced top level Exception on [Terms]]; nested: IOException[Forced top level Exception on [Terms]]; }{[FMinfbhkR0qkv0gqZ8eWZw][test][2]: RemoteTransportException[[node_2][inet[/10.1.10.75:9302]][search/phase/query]]; nested: QueryPhaseExecutionException[[test][2]: query[ConstantScore(*:*)],from[0],size[10],sort[<custom:"test-num": org.elasticsearch.index.fielddata.fieldcomparator.LongValuesComparatorSource@7b29ee0a>]: Query Failed [Failed to execute main query]]; nested: ElasticsearchException[java.io.IOException: Forced top level Exception on [Terms]]; nested: ExecutionException[java.io.IOException: Forced top level Exception on [Terms]]; nested: IOException[Forced top level Exception on [Terms]]; }]
[2014-02-18 15:58:28,984][WARN ][index.fielddata          ] [node_2] [test] failed to find format [compressed] for field [test-num], will use default
[2014-02-18 15:58:28,984][WARN ][index.fielddata          ] [node_0] [test] failed to find format [compressed] for field [test-num], will use default
[2014-02-18 15:58:28,984][WARN ][index.fielddata          ] [node_1] [test] failed to find format [compressed] for field [test-num], will use default
[2014-02-18 15:58:28,989][INFO ][indices.fielddata.breaker] expected SearchPhaseException: [Failed to execute phase [query], all shards failed; shardFailures {[YhvSpkX-RFGNafHqA5ra1w][test][0]: RemoteTransportException[[node_1][inet[/10.1.10.75:9301]][search/phase/query]]; nested: QueryPhaseExecutionException[[test][0]: query[ConstantScore(*:*)],from[0],size[10],sort[<custom:"test-str": org.elasticsearch.index.fielddata.fieldcomparator.BytesRefFieldComparatorSource@1568c2e8>,<custom:"test-num": org.elasticsearch.index.fielddata.fieldcomparator.LongValuesComparatorSource@10d41853>]: Query Failed [Failed to execute main query]]; nested: ElasticsearchException[java.io.IOException: Forced top level Exception on [Terms]]; nested: ExecutionException[java.io.IOException: Forced top level Exception on [Terms]]; nested: IOException[Forced top level Exception on [Terms]]; }{[tbUF3y2YTPm1TPdTF8YBYw][test][1]: QueryPhaseExecutionException[[test][1]: query[ConstantScore(*:*)],from[0],size[10],sort[<custom:"test-str": org.elasticsearch.index.fielddata.fieldcomparator.BytesRefFieldComparatorSource@5b55486c>,<custom:"test-num": org.elasticsearch.index.fielddata.fieldcomparator.LongValuesComparatorSource@23fd2b5d>]: Query Failed [Failed to execute main query]]; nested: ElasticsearchException[java.io.IOException: Forced top level Exception on [Terms]]; nested: ExecutionException[java.io.IOException: Forced top level Exception on [Terms]]; nested: IOException[Forced top level Exception on [Terms]]; }{[FMinfbhkR0qkv0gqZ8eWZw][test][2]: RemoteTransportException[[node_2][inet[/10.1.10.75:9302]][search/phase/query]]; nested: QueryPhaseExecutionException[[test][2]: query[ConstantScore(*:*)],from[0],size[10],sort[<custom:"test-str": org.elasticsearch.index.fielddata.fieldcomparator.BytesRefFieldComparatorSource@438ee8ca>,<custom:"test-num": org.elasticsearch.index.fielddata.fieldcomparator.LongValuesComparatorSource@3c05d94c>]: Query Failed [Failed to execute main query]]; nested: ElasticsearchException[java.io.IOException: Forced top level Exception on [Terms]]; nested: ExecutionException[java.io.IOException: Forced top level Exception on [Terms]]; nested: IOException[Forced top level Exception on [Terms]]; }]
[2014-02-18 15:58:28,992][WARN ][index.fielddata          ] [node_1] [test] failed to find format [compressed] for field [test-num], will use default
[2014-02-18 15:58:28,992][WARN ][index.fielddata          ] [node_0] [test] failed to find format [compressed] for field [test-num], will use default
[2014-02-18 15:58:28,992][WARN ][index.fielddata          ] [node_2] [test] failed to find format [compressed] for field [test-num], will use default
[2014-02-18 15:58:28,997][WARN ][index.fielddata          ] [node_2] [test] failed to find format [compressed] for field [test-num], will use default
[2014-02-18 15:58:28,997][WARN ][index.fielddata          ] [node_1] [test] failed to find format [compressed] for field [test-num], will use default
[2014-02-18 15:58:28,997][WARN ][index.fielddata          ] [node_0] [test] failed to find format [compressed] for field [test-num], will use default
[2014-02-18 15:58:29,002][INFO ][indices.fielddata.breaker] expected SearchPhaseException: [Failed to execute phase [query], all shards failed; shardFailures {[YhvSpkX-RFGNafHqA5ra1w][test][0]: RemoteTransportException[[node_1][inet[/10.1.10.75:9301]][search/phase/query]]; nested: QueryPhaseExecutionException[[test][0]: query[ConstantScore(*:*)],from[0],size[10],sort[<custom:"test-num": org.elasticsearch.index.fielddata.fieldcomparator.LongValuesComparatorSource@12601e03>]: Query Failed [Failed to execute main query]]; nested: ElasticsearchException[java.io.IOException: Forced top level Exception on [Terms]]; nested: ExecutionException[java.io.IOException: Forced top level Exception on [Terms]]; nested: IOException[Forced top level Exception on [Terms]]; }{[tbUF3y2YTPm1TPdTF8YBYw][test][1]: QueryPhaseExecutionException[[test][1]: query[ConstantScore(*:*)],from[0],size[10],sort[<custom:"test-num": org.elasticsearch.index.fielddata.fieldcomparator.LongValuesComparatorSource@3945789>]: Query Failed [Failed to execute main query]]; nested: ElasticsearchException[java.io.IOException: Forced top level Exception on [Terms]]; nested: ExecutionException[java.io.IOException: Forced top level Exception on [Terms]]; nested: IOException[Forced top level Exception on [Terms]]; }{[FMinfbhkR0qkv0gqZ8eWZw][test][2]: RemoteTransportException[[node_2][inet[/10.1.10.75:9302]][search/phase/query]]; nested: QueryPhaseExecutionException[[test][2]: query[ConstantScore(*:*)],from[0],size[10],sort[<custom:"test-num": org.elasticsearch.index.fielddata.fieldcomparator.LongValuesComparatorSource@3a488810>]: Query Failed [Failed to execute main query]]; nested: ElasticsearchException[java.io.IOException: Forced top level Exception on [Terms]]; nested: ExecutionException[java.io.IOException: Forced top level Exception on [Terms]]; nested: IOException[Forced top level Exception on [Terms]]; }]
[2014-02-18 15:58:29,004][WARN ][index.fielddata          ] [node_1] [test] failed to find format [compressed] for field [test-num], will use default
[2014-02-18 15:58:29,005][WARN ][index.fielddata          ] [node_0] [test] failed to find format [compressed] for field [test-num], will use default
[2014-02-18 15:58:29,004][WARN ][index.fielddata          ] [node_2] [test] failed to find format [compressed] for field [test-num], will use default
[2014-02-18 15:58:29,013][WARN ][index.fielddata          ] [node_0] [test] failed to find format [compressed] for field [test-num], will use default
[2014-02-18 15:58:29,013][WARN ][index.fielddata          ] [node_1] [test] failed to find format [compressed] for field [test-num], will use default
[2014-02-18 15:58:29,013][WARN ][index.fielddata          ] [node_2] [test] failed to find format [compressed] for field [test-num], will use default
[2014-02-18 15:58:29,016][INFO ][indices.fielddata.breaker] expected SearchPhaseException: [Failed to execute phase [query], all shards failed; shardFailures {[YhvSpkX-RFGNafHqA5ra1w][test][0]: RemoteTransportException[[node_1][inet[/10.1.10.75:9301]][search/phase/query]]; nested: QueryPhaseExecutionException[[test][0]: query[ConstantScore(*:*)],from[0],size[10],sort[<custom:"test-str": org.elasticsearch.index.fielddata.fieldcomparator.BytesRefFieldComparatorSource@44397750>,<custom:"test-num": org.elasticsearch.index.fielddata.fieldcomparator.LongValuesComparatorSource@18c8482e>]: Query Failed [Failed to execute main query]]; nested: ElasticsearchException[java.io.IOException: Forced top level Exception on [Terms]]; nested: ExecutionException[java.io.IOException: Forced top level Exception on [Terms]]; nested: IOException[Forced top level Exception on [Terms]]; }{[tbUF3y2YTPm1TPdTF8YBYw][test][1]: RemoteTransportException[[node_0][inet[/10.1.10.75:9300]][search/phase/query]]; nested: QueryPhaseExecutionException[[test][1]: query[ConstantScore(*:*)],from[0],size[10],sort[<custom:"test-str": org.elasticsearch.index.fielddata.fieldcomparator.BytesRefFieldComparatorSource@2af83455>,<custom:"test-num": org.elasticsearch.index.fielddata.fieldcomparator.LongValuesComparatorSource@d33ce7d>]: Query Failed [Failed to execute main query]]; nested: ElasticsearchException[java.io.IOException: Forced top level Exception on [Terms]]; nested: ExecutionException[java.io.IOException: Forced top level Exception on [Terms]]; nested: IOException[Forced top level Exception on [Terms]]; }{[FMinfbhkR0qkv0gqZ8eWZw][test][2]: QueryPhaseExecutionException[[test][2]: query[ConstantScore(*:*)],from[0],size[10],sort[<custom:"test-str": org.elasticsearch.index.fielddata.fieldcomparator.BytesRefFieldComparatorSource@373a2463>,<custom:"test-num": org.elasticsearch.index.fielddata.fieldcomparator.LongValuesComparatorSource@4a2afbe8>]: Query Failed [Failed to execute main query]]; nested: ElasticsearchException[java.io.IOException: Forced top level Exception on [Terms]]; nested: ExecutionException[java.io.IOException: Forced top level Exception on [Terms]]; nested: IOException[Forced top level Exception on [Terms]]; }]
[2014-02-18 15:58:29,017][WARN ][index.fielddata          ] [node_2] [test] failed to find format [compressed] for field [test-num], will use default
[2014-02-18 15:58:29,018][WARN ][index.fielddata          ] [node_1] [test] failed to find format [compressed] for field [test-num], will use default
[2014-02-18 15:58:29,018][WARN ][index.fielddata          ] [node_0] [test] failed to find format [compressed] for field [test-num], will use default
[2014-02-18 15:58:29,024][WARN ][index.fielddata          ] [node_0] [test] failed to find format [compressed] for field [test-num], will use default
[2014-02-18 15:58:29,024][WARN ][index.fielddata          ] [node_2] [test] failed to find format [compressed] for field [test-num], will use default
[2014-02-18 15:58:29,024][WARN ][index.fielddata          ] [node_1] [test] failed to find format [compressed] for field [test-num], will use default
[2014-02-18 15:58:29,028][WARN ][index.fielddata          ] [node_0] [test] failed to find format [compressed] for field [test-num], will use default
[2014-02-18 15:58:29,028][WARN ][index.fielddata          ] [node_1] [test] failed to find format [compressed] for field [test-num], will use default
[2014-02-18 15:58:29,028][WARN ][index.fielddata          ] [node_2] [test] failed to find format [compressed] for field [test-num], will use default
[2014-02-18 15:58:29,037][INFO ][indices.fielddata.breaker] expected SearchPhaseException: [Failed to execute phase [query], all shards failed; shardFailures {[YhvSpkX-RFGNafHqA5ra1w][test][0]: RemoteTransportException[[node_1][inet[/10.1.10.75:9301]][search/phase/query]]; nested: QueryPhaseExecutionException[[test][0]: query[ConstantScore(*:*)],from[0],size[10],sort[<custom:"test-num": org.elasticsearch.index.fielddata.fieldcomparator.LongValuesComparatorSource@1d34977b>]: Query Failed [Failed to execute main query]]; nested: ElasticsearchException[java.io.IOException: Forced top level Exception on [Terms]]; nested: ExecutionException[java.io.IOException: Forced top level Exception on [Terms]]; nested: IOException[Forced top level Exception on [Terms]]; }{[tbUF3y2YTPm1TPdTF8YBYw][test][1]: RemoteTransportException[[node_0][inet[/10.1.10.75:9300]][search/phase/query]]; nested: QueryPhaseExecutionException[[test][1]: query[ConstantScore(*:*)],from[0],size[10],sort[<custom:"test-num": org.elasticsearch.index.fielddata.fieldcomparator.LongValuesComparatorSource@466149ce>]: Query Failed [Failed to execute main query]]; nested: ElasticsearchException[java.io.IOException: Forced top level Exception on [Terms]]; nested: ExecutionException[java.io.IOException: Forced top level Exception on [Terms]]; nested: IOException[Forced top level Exception on [Terms]]; }{[FMinfbhkR0qkv0gqZ8eWZw][test][2]: QueryPhaseExecutionException[[test][2]: query[ConstantScore(*:*)],from[0],size[10],sort[<custom:"test-num": org.elasticsearch.index.fielddata.fieldcomparator.LongValuesComparatorSource@6e47cd30>]: Query Failed [Failed to execute main query]]; nested: ElasticsearchException[java.io.IOException: Forced top level Exception on [Terms]]; nested: ExecutionException[java.io.IOException: Forced top level Exception on [Terms]]; nested: IOException[Forced top level Exception on [Terms]]; }]
[2014-02-18 15:58:29,039][WARN ][index.fielddata          ] [node_2] [test] failed to find format [compressed] for field [test-num], will use default
[2014-02-18 15:58:29,039][WARN ][index.fielddata          ] [node_1] [test] failed to find format [compressed] for field [test-num], will use default
[2014-02-18 15:58:29,039][WARN ][index.fielddata          ] [node_0] [test] failed to find format [compressed] for field [test-num], will use default
[2014-02-18 15:58:29,045][INFO ][indices.fielddata.breaker] expected SearchPhaseException: [Failed to execute phase [query], all shards failed; shardFailures {[YhvSpkX-RFGNafHqA5ra1w][test][0]: QueryPhaseExecutionException[[test][0]: query[ConstantScore(*:*)],from[0],size[10],sort[<custom:"test-str": org.elasticsearch.index.fielddata.fieldcomparator.BytesRefFieldComparatorSource@ca43d59>,<custom:"test-num": org.elasticsearch.index.fielddata.fieldcomparator.LongValuesComparatorSource@72b7a48a>]: Query Failed [Failed to execute main query]]; nested: ElasticsearchException[java.io.IOException: Forced top level Exception on [Terms]]; nested: ExecutionException[java.io.IOException: Forced top level Exception on [Terms]]; nested: IOException[Forced top level Exception on [Terms]]; }{[tbUF3y2YTPm1TPdTF8YBYw][test][1]: RemoteTransportException[[node_0][inet[/10.1.10.75:9300]][search/phase/query]]; nested: QueryPhaseExecutionException[[test][1]: query[ConstantScore(*:*)],from[0],size[10],sort[<custom:"test-str": org.elasticsearch.index.fielddata.fieldcomparator.BytesRefFieldComparatorSource@3c06efc8>,<custom:"test-num": org.elasticsearch.index.fielddata.fieldcomparator.LongValuesComparatorSource@6b685241>]: Query Failed [Failed to execute main query]]; nested: ElasticsearchException[java.io.IOException: Forced top level Exception on [Terms]]; nested: ExecutionException[java.io.IOException: Forced top level Exception on [Terms]]; nested: IOException[Forced top level Exception on [Terms]]; }{[FMinfbhkR0qkv0gqZ8eWZw][test][2]: RemoteTransportException[[node_2][inet[/10.1.10.75:9302]][search/phase/query]]; nested: QueryPhaseExecutionException[[test][2]: query[ConstantScore(*:*)],from[0],size[10],sort[<custom:"test-str": org.elasticsearch.index.fielddata.fieldcomparator.BytesRefFieldComparatorSource@2a8eca8b>,<custom:"test-num": org.elasticsearch.index.fielddata.fieldcomparator.LongValuesComparatorSource@701b3e7f>]: Query Failed [Failed to execute main query]]; nested: ElasticsearchException[java.io.IOException: Forced top level Exception on [Terms]]; nested: ExecutionException[java.io.IOException: Forced top level Exception on [Terms]]; nested: IOException[Forced top level Exception on [Terms]]; }]
[2014-02-18 15:58:29,047][WARN ][index.fielddata          ] [node_2] [test] failed to find format [compressed] for field [test-num], will use default
[2014-02-18 15:58:29,047][WARN ][index.fielddata          ] [node_0] [test] failed to find format [compressed] for field [test-num], will use default
[2014-02-18 15:58:29,047][WARN ][index.fielddata          ] [node_1] [test] failed to find format [compressed] for field [test-num], will use default
[2014-02-18 15:58:29,052][WARN ][index.fielddata          ] [node_1] [test] failed to find format [compressed] for field [test-num], will use default
[2014-02-18 15:58:29,052][WARN ][index.fielddata          ] [node_2] [test] failed to find format [compressed] for field [test-num], will use default
[2014-02-18 15:58:29,052][WARN ][index.fielddata          ] [node_0] [test] failed to find format [compressed] for field [test-num], will use default
[2014-02-18 15:58:29,058][WARN ][index.fielddata          ] [node_2] [test] failed to find format [compressed] for field [test-num], will use default
[2014-02-18 15:58:29,058][WARN ][index.fielddata          ] [node_1] [test] failed to find format [compressed] for field [test-num], will use default
[2014-02-18 15:58:29,058][WARN ][index.fielddata          ] [node_0] [test] failed to find format [compressed] for field [test-num], will use default
[2014-02-18 15:58:29,062][INFO ][indices.fielddata.breaker] expected SearchPhaseException: [Failed to execute phase [query], all shards failed; shardFailures {[YhvSpkX-RFGNafHqA5ra1w][test][0]: RemoteTransportException[[node_1][inet[/10.1.10.75:9301]][search/phase/query]]; nested: QueryPhaseExecutionException[[test][0]: query[ConstantScore(*:*)],from[0],size[10],sort[<custom:"test-str": org.elasticsearch.index.fielddata.fieldcomparator.BytesRefFieldComparatorSource@44441712>,<custom:"test-num": org.elasticsearch.index.fielddata.fieldcomparator.LongValuesComparatorSource@5246c1c1>]: Query Failed [Failed to execute main query]]; nested: ElasticsearchException[java.io.IOException: Forced top level Exception on [Terms]]; nested: ExecutionException[java.io.IOException: Forced top level Exception on [Terms]]; nested: IOException[Forced top level Exception on [Terms]]; }{[tbUF3y2YTPm1TPdTF8YBYw][test][1]: QueryPhaseExecutionException[[test][1]: query[ConstantScore(*:*)],from[0],size[10],sort[<custom:"test-str": org.elasticsearch.index.fielddata.fieldcomparator.BytesRefFieldComparatorSource@6235e6fb>,<custom:"test-num": org.elasticsearch.index.fielddata.fieldcomparator.LongValuesComparatorSource@40cf9b1c>]: Query Failed [Failed to execute main query]]; nested: ElasticsearchException[java.io.IOException: Forced top level Exception on [Terms]]; nested: ExecutionException[java.io.IOException: Forced top level Exception on [Terms]]; nested: IOException[Forced top level Exception on [Terms]]; }{[FMinfbhkR0qkv0gqZ8eWZw][test][2]: RemoteTransportException[[node_2][inet[/10.1.10.75:9302]][search/phase/query]]; nested: QueryPhaseExecutionException[[test][2]: query[ConstantScore(*:*)],from[0],size[10],sort[<custom:"test-str": org.elasticsearch.index.fielddata.fieldcomparator.BytesRefFieldComparatorSource@52c84213>,<custom:"test-num": org.elasticsearch.index.fielddata.fieldcomparator.LongValuesComparatorSource@596a17da>]: Query Failed [Failed to execute main query]]; nested: ElasticsearchException[java.io.IOException: Forced top level Exception on [Terms]]; nested: ExecutionException[java.io.IOException: Forced top level Exception on [Terms]]; nested: IOException[Forced top level Exception on [Terms]]; }]
[2014-02-18 15:58:29,064][WARN ][index.fielddata          ] [node_0] [test] failed to find format [compressed] for field [test-num], will use default
[2014-02-18 15:58:29,064][WARN ][index.fielddata          ] [node_2] [test] failed to find format [compressed] for field [test-num], will use default
[2014-02-18 15:58:29,064][WARN ][index.fielddata          ] [node_1] [test] failed to find format [compressed] for field [test-num], will use default
[2014-02-18 15:58:29,066][INFO ][indices.fielddata.breaker] expected SearchPhaseException: [Failed to execute phase [query], all shards failed; shardFailures {[YhvSpkX-RFGNafHqA5ra1w][test][0]: RemoteTransportException[[node_1][inet[/10.1.10.75:9301]][search/phase/query]]; nested: QueryPhaseExecutionException[[test][0]: query[ConstantScore(*:*)],from[0],size[10],sort[<custom:"test-str": org.elasticsearch.index.fielddata.fieldcomparator.BytesRefFieldComparatorSource@30c77375>,<custom:"test-num": org.elasticsearch.index.fielddata.fieldcomparator.LongValuesComparatorSource@766d1f57>]: Query Failed [Failed to execute main query]]; nested: ElasticsearchException[java.io.IOException: Forced top level Exception on [Terms]]; nested: ExecutionException[java.io.IOException: Forced top level Exception on [Terms]]; nested: IOException[Forced top level Exception on [Terms]]; }{[tbUF3y2YTPm1TPdTF8YBYw][test][1]: RemoteTransportException[[node_0][inet[/10.1.10.75:9300]][search/phase/query]]; nested: QueryPhaseExecutionException[[test][1]: query[ConstantScore(*:*)],from[0],size[10],sort[<custom:"test-str": org.elasticsearch.index.fielddata.fieldcomparator.BytesRefFieldComparatorSource@375759ad>,<custom:"test-num": org.elasticsearch.index.fielddata.fieldcomparator.LongValuesComparatorSource@47c0893d>]: Query Failed [Failed to execute main query]]; nested: ElasticsearchException[java.io.IOException: Forced top level Exception on [Terms]]; nested: ExecutionException[java.io.IOException: Forced top level Exception on [Terms]]; nested: IOException[Forced top level Exception on [Terms]]; }{[FMinfbhkR0qkv0gqZ8eWZw][test][2]: QueryPhaseExecutionException[[test][2]: query[ConstantScore(*:*)],from[0],size[10],sort[<custom:"test-str": org.elasticsearch.index.fielddata.fieldcomparator.BytesRefFieldComparatorSource@31722898>,<custom:"test-num": org.elasticsearch.index.fielddata.fieldcomparator.LongValuesComparatorSource@3dc72c84>]: Query Failed [Failed to execute main query]]; nested: ElasticsearchException[java.io.IOException: Forced top level Exception on [Terms]]; nested: ExecutionException[java.io.IOException: Forced top level Exception on [Terms]]; nested: IOException[Forced top level Exception on [Terms]]; }]
[2014-02-18 15:58:29,068][WARN ][index.fielddata          ] [node_2] [test] failed to find format [compressed] for field [test-num], will use default
[2014-02-18 15:58:29,068][WARN ][index.fielddata          ] [node_1] [test] failed to find format [compressed] for field [test-num], will use default
[2014-02-18 15:58:29,068][WARN ][index.fielddata          ] [node_0] [test] failed to find format [compressed] for field [test-num], will use default
[2014-02-18 15:58:29,073][INFO ][indices.fielddata.breaker] expected SearchPhaseException: [Failed to execute phase [query], all shards failed; shardFailures {[YhvSpkX-RFGNafHqA5ra1w][test][0]: RemoteTransportException[[node_1][inet[/10.1.10.75:9301]][search/phase/query]]; nested: QueryPhaseExecutionException[[test][0]: query[ConstantScore(*:*)],from[0],size[10],sort[<custom:"test-str": org.elasticsearch.index.fielddata.fieldcomparator.BytesRefFieldComparatorSource@38cabe8e>,<custom:"test-num": org.elasticsearch.index.fielddata.fieldcomparator.LongValuesComparatorSource@6a479c3>]: Query Failed [Failed to execute main query]]; nested: ElasticsearchException[java.io.IOException: Forced top level Exception on [Terms]]; nested: ExecutionException[java.io.IOException: Forced top level Exception on [Terms]]; nested: IOException[Forced top level Exception on [Terms]]; }{[tbUF3y2YTPm1TPdTF8YBYw][test][1]: RemoteTransportException[[node_0][inet[/10.1.10.75:9300]][search/phase/query]]; nested: QueryPhaseExecutionException[[test][1]: query[ConstantScore(*:*)],from[0],size[10],sort[<custom:"test-str": org.elasticsearch.index.fielddata.fieldcomparator.BytesRefFieldComparatorSource@106d2f32>,<custom:"test-num": org.elasticsearch.index.fielddata.fieldcomparator.LongValuesComparatorSource@7035840a>]: Query Failed [Failed to execute main query]]; nested: ElasticsearchException[java.io.IOException: Forced top level Exception on [Terms]]; nested: ExecutionException[java.io.IOException: Forced top level Exception on [Terms]]; nested: IOException[Forced top level Exception on [Terms]]; }{[FMinfbhkR0qkv0gqZ8eWZw][test][2]: QueryPhaseExecutionException[[test][2]: query[ConstantScore(*:*)],from[0],size[10],sort[<custom:"test-str": org.elasticsearch.index.fielddata.fieldcomparator.BytesRefFieldComparatorSource@141e92e1>,<custom:"test-num": org.elasticsearch.index.fielddata.fieldcomparator.LongValuesComparatorSource@633cfc18>]: Query Failed [Failed to execute main query]]; nested: ElasticsearchException[java.io.IOException: Forced top level Exception on [Terms]]; nested: ExecutionException[java.io.IOException: Forced top level Exception on [Terms]]; nested: IOException[Forced top level Exception on [Terms]]; }]
[2014-02-18 15:58:29,079][WARN ][index.fielddata          ] [node_1] [test] failed to find format [compressed] for field [test-num], will use default
[2014-02-18 15:58:29,079][WARN ][index.fielddata          ] [node_2] [test] failed to find format [compressed] for field [test-num], will use default
[2014-02-18 15:58:29,079][WARN ][index.fielddata          ] [node_0] [test] failed to find format [compressed] for field [test-num], will use default
[2014-02-18 15:58:29,083][INFO ][indices.fielddata.breaker] expected SearchPhaseException: [Failed to execute phase [query], all shards failed; shardFailures {[YhvSpkX-RFGNafHqA5ra1w][test][0]: QueryPhaseExecutionException[[test][0]: query[ConstantScore(*:*)],from[0],size[10],sort[<custom:"test-num": org.elasticsearch.index.fielddata.fieldcomparator.LongValuesComparatorSource@1f4972e3>]: Query Failed [Failed to execute main query]]; nested: ElasticsearchException[java.io.IOException: Forced top level Exception on [Terms]]; nested: ExecutionException[java.io.IOException: Forced top level Exception on [Terms]]; nested: IOException[Forced top level Exception on [Terms]]; }{[tbUF3y2YTPm1TPdTF8YBYw][test][1]: RemoteTransportException[[node_0][inet[/10.1.10.75:9300]][search/phase/query]]; nested: QueryPhaseExecutionException[[test][1]: query[ConstantScore(*:*)],from[0],size[10],sort[<custom:"test-num": org.elasticsearch.index.fielddata.fieldcomparator.LongValuesComparatorSource@365be1d7>]: Query Failed [Failed to execute main query]]; nested: ElasticsearchException[java.io.IOException: Forced top level Exception on [Terms]]; nested: ExecutionException[java.io.IOException: Forced top level Exception on [Terms]]; nested: IOException[Forced top level Exception on [Terms]]; }{[FMinfbhkR0qkv0gqZ8eWZw][test][2]: RemoteTransportException[[node_2][inet[/10.1.10.75:9302]][search/phase/query]]; nested: QueryPhaseExecutionException[[test][2]: query[ConstantScore(*:*)],from[0],size[10],sort[<custom:"test-num": org.elasticsearch.index.fielddata.fieldcomparator.LongValuesComparatorSource@f15a521>]: Query Failed [Failed to execute main query]]; nested: ElasticsearchException[java.io.IOException: Forced top level Exception on [Terms]]; nested: ExecutionException[java.io.IOException: Forced top level Exception on [Terms]]; nested: IOException[Forced top level Exception on [Terms]]; }]
[2014-02-18 15:58:29,084][WARN ][index.fielddata          ] [node_2] [test] failed to find format [compressed] for field [test-num], will use default
[2014-02-18 15:58:29,084][WARN ][index.fielddata          ] [node_1] [test] failed to find format [compressed] for field [test-num], will use default
[2014-02-18 15:58:29,084][WARN ][index.fielddata          ] [node_0] [test] failed to find format [compressed] for field [test-num], will use default
[2014-02-18 15:58:29,088][INFO ][indices.fielddata.breaker] expected SearchPhaseException: [Failed to execute phase [query], all shards failed; shardFailures {[YhvSpkX-RFGNafHqA5ra1w][test][0]: QueryPhaseExecutionException[[test][0]: query[ConstantScore(*:*)],from[0],size[10],sort[<custom:"test-num": org.elasticsearch.index.fielddata.fieldcomparator.LongValuesComparatorSource@41f9f77f>]: Query Failed [Failed to execute main query]]; nested: ElasticsearchException[java.io.IOException: Forced top level Exception on [Terms]]; nested: ExecutionException[java.io.IOException: Forced top level Exception on [Terms]]; nested: IOException[Forced top level Exception on [Terms]]; }{[tbUF3y2YTPm1TPdTF8YBYw][test][1]: RemoteTransportException[[node_0][inet[/10.1.10.75:9300]][search/phase/query]]; nested: QueryPhaseExecutionException[[test][1]: query[ConstantScore(*:*)],from[0],size[10],sort[<custom:"test-num": org.elasticsearch.index.fielddata.fieldcomparator.LongValuesComparatorSource@3fc9de09>]: Query Failed [Failed to execute main query]]; nested: ElasticsearchException[java.io.IOException: Forced top level Exception on [Terms]]; nested: ExecutionException[java.io.IOException: Forced top level Exception on [Terms]]; nested: IOException[Forced top level Exception on [Terms]]; }{[FMinfbhkR0qkv0gqZ8eWZw][test][2]: RemoteTransportException[[node_2][inet[/10.1.10.75:9302]][search/phase/query]]; nested: QueryPhaseExecutionException[[test][2]: query[ConstantScore(*:*)],from[0],size[10],sort[<custom:"test-num": org.elasticsearch.index.fielddata.fieldcomparator.LongValuesComparatorSource@16fed20b>]: Query Failed [Failed to execute main query]]; nested: ElasticsearchException[java.io.IOException: Forced top level Exception on [Terms]]; nested: ExecutionException[java.io.IOException: Forced top level Exception on [Terms]]; nested: IOException[Forced top level Exception on [Terms]]; }]
[2014-02-18 15:58:29,090][WARN ][index.fielddata          ] [node_1] [test] failed to find format [compressed] for field [test-num], will use default
[2014-02-18 15:58:29,090][WARN ][index.fielddata          ] [node_0] [test] failed to find format [compressed] for field [test-num], will use default
[2014-02-18 15:58:29,090][WARN ][index.fielddata          ] [node_2] [test] failed to find format [compressed] for field [test-num], will use default
[2014-02-18 15:58:29,100][WARN ][index.fielddata          ] [node_2] [test] failed to find format [compressed] for field [test-num], will use default
[2014-02-18 15:58:29,100][WARN ][index.fielddata          ] [node_1] [test] failed to find format [compressed] for field [test-num], will use default
[2014-02-18 15:58:29,100][WARN ][index.fielddata          ] [node_0] [test] failed to find format [compressed] for field [test-num], will use default
[2014-02-18 15:58:29,105][WARN ][index.fielddata          ] [node_1] [test] failed to find format [compressed] for field [test-num], will use default
[2014-02-18 15:58:29,105][WARN ][index.fielddata          ] [node_2] [test] failed to find format [compressed] for field [test-num], will use default
[2014-02-18 15:58:29,105][WARN ][index.fielddata          ] [node_0] [test] failed to find format [compressed] for field [test-num], will use default
[2014-02-18 15:58:29,107][INFO ][indices.fielddata.breaker] expected SearchPhaseException: [Failed to execute phase [query], all shards failed; shardFailures {[YhvSpkX-RFGNafHqA5ra1w][test][0]: RemoteTransportException[[node_1][inet[/10.1.10.75:9301]][search/phase/query]]; nested: QueryPhaseExecutionException[[test][0]: query[ConstantScore(*:*)],from[0],size[10],sort[<custom:"test-str": org.elasticsearch.index.fielddata.fieldcomparator.BytesRefFieldComparatorSource@1f65c237>,<custom:"test-num": org.elasticsearch.index.fielddata.fieldcomparator.LongValuesComparatorSource@51b1b8fb>]: Query Failed [Failed to execute main query]]; nested: ElasticsearchException[java.io.IOException: Forced top level Exception on [Terms]]; nested: ExecutionException[java.io.IOException: Forced top level Exception on [Terms]]; nested: IOException[Forced top level Exception on [Terms]]; }{[tbUF3y2YTPm1TPdTF8YBYw][test][1]: RemoteTransportException[[node_0][inet[/10.1.10.75:9300]][search/phase/query]]; nested: QueryPhaseExecutionException[[test][1]: query[ConstantScore(*:*)],from[0],size[10],sort[<custom:"test-str": org.elasticsearch.index.fielddata.fieldcomparator.BytesRefFieldComparatorSource@1144636b>,<custom:"test-num": org.elasticsearch.index.fielddata.fieldcomparator.LongValuesComparatorSource@544d3b5a>]: Query Failed [Failed to execute main query]]; nested: ElasticsearchException[java.io.IOException: Forced top level Exception on [Terms]]; nested: ExecutionException[java.io.IOException: Forced top level Exception on [Terms]]; nested: IOException[Forced top level Exception on [Terms]]; }{[FMinfbhkR0qkv0gqZ8eWZw][test][2]: QueryPhaseExecutionException[[test][2]: query[ConstantScore(*:*)],from[0],size[10],sort[<custom:"test-str": org.elasticsearch.index.fielddata.fieldcomparator.BytesRefFieldComparatorSource@470c81e3>,<custom:"test-num": org.elasticsearch.index.fielddata.fieldcomparator.LongValuesComparatorSource@6238286>]: Query Failed [Failed to execute main query]]; nested: ElasticsearchException[java.io.IOException: Forced top level Exception on [Terms]]; nested: ExecutionException[java.io.IOException: Forced top level Exception on [Terms]]; nested: IOException[Forced top level Exception on [Terms]]; }]
[2014-02-18 15:58:29,109][WARN ][index.fielddata          ] [node_1] [test] failed to find format [compressed] for field [test-num], will use default
[2014-02-18 15:58:29,109][WARN ][index.fielddata          ] [node_0] [test] failed to find format [compressed] for field [test-num], will use default
[2014-02-18 15:58:29,109][WARN ][index.fielddata          ] [node_2] [test] failed to find format [compressed] for field [test-num], will use default
[2014-02-18 15:58:29,115][INFO ][indices.fielddata.breaker] expected SearchPhaseException: [Failed to execute phase [query], all shards failed; shardFailures {[YhvSpkX-RFGNafHqA5ra1w][test][0]: QueryPhaseExecutionException[[test][0]: query[ConstantScore(*:*)],from[0],size[10],sort[<custom:"test-num": org.elasticsearch.index.fielddata.fieldcomparator.LongValuesComparatorSource@41b22933>]: Query Failed [Failed to execute main query]]; nested: ElasticsearchException[java.io.IOException: Forced top level Exception on [Terms]]; nested: ExecutionException[java.io.IOException: Forced top level Exception on [Terms]]; nested: IOException[Forced top level Exception on [Terms]]; }{[tbUF3y2YTPm1TPdTF8YBYw][test][1]: RemoteTransportException[[node_0][inet[/10.1.10.75:9300]][search/phase/query]]; nested: QueryPhaseExecutionException[[test][1]: query[ConstantScore(*:*)],from[0],size[10],sort[<custom:"test-num": org.elasticsearch.index.fielddata.fieldcomparator.LongValuesComparatorSource@17aef4f7>]: Query Failed [Failed to execute main query]]; nested: ElasticsearchException[java.io.IOException: Forced top level Exception on [Terms]]; nested: ExecutionException[java.io.IOException: Forced top level Exception on [Terms]]; nested: IOException[Forced top level Exception on [Terms]]; }{[FMinfbhkR0qkv0gqZ8eWZw][test][2]: RemoteTransportException[[node_2][inet[/10.1.10.75:9302]][search/phase/query]]; nested: QueryPhaseExecutionException[[test][2]: query[ConstantScore(*:*)],from[0],size[10],sort[<custom:"test-num": org.elasticsearch.index.fielddata.fieldcomparator.LongValuesComparatorSource@5f549046>]: Query Failed [Failed to execute main query]]; nested: ElasticsearchException[java.io.IOException: Forced top level Exception on [Terms]]; nested: ExecutionException[java.io.IOException: Forced top level Exception on [Terms]]; nested: IOException[Forced top level Exception on [Terms]]; }]
[2014-02-18 15:58:29,117][WARN ][index.fielddata          ] [node_0] [test] failed to find format [compressed] for field [test-num], will use default
[2014-02-18 15:58:29,117][WARN ][index.fielddata          ] [node_2] [test] failed to find format [compressed] for field [test-num], will use default
[2014-02-18 15:58:29,117][WARN ][index.fielddata          ] [node_1] [test] failed to find format [compressed] for field [test-num], will use default
[2014-02-18 15:58:29,121][INFO ][indices.fielddata.breaker] expected SearchPhaseException: [Failed to execute phase [query], all shards failed; shardFailures {[YhvSpkX-RFGNafHqA5ra1w][test][0]: RemoteTransportException[[node_1][inet[/10.1.10.75:9301]][search/phase/query]]; nested: QueryPhaseExecutionException[[test][0]: query[ConstantScore(*:*)],from[0],size[10],sort[<custom:"test-num": org.elasticsearch.index.fielddata.fieldcomparator.LongValuesComparatorSource@629f40e1>]: Query Failed [Failed to execute main query]]; nested: ElasticsearchException[java.io.IOException: Forced top level Exception on [Terms]]; nested: ExecutionException[java.io.IOException: Forced top level Exception on [Terms]]; nested: IOException[Forced top level Exception on [Terms]]; }{[tbUF3y2YTPm1TPdTF8YBYw][test][1]: QueryPhaseExecutionException[[test][1]: query[ConstantScore(*:*)],from[0],size[10],sort[<custom:"test-num": org.elasticsearch.index.fielddata.fieldcomparator.LongValuesComparatorSource@f1b131b>]: Query Failed [Failed to execute main query]]; nested: ElasticsearchException[java.io.IOException: Forced top level Exception on [Terms]]; nested: ExecutionException[java.io.IOException: Forced top level Exception on [Terms]]; nested: IOException[Forced top level Exception on [Terms]]; }{[FMinfbhkR0qkv0gqZ8eWZw][test][2]: RemoteTransportException[[node_2][inet[/10.1.10.75:9302]][search/phase/query]]; nested: QueryPhaseExecutionException[[test][2]: query[ConstantScore(*:*)],from[0],size[10],sort[<custom:"test-num": org.elasticsearch.index.fielddata.fieldcomparator.LongValuesComparatorSource@3a83595c>]: Query Failed [Failed to execute main query]]; nested: ElasticsearchException[java.io.IOException: Forced top level Exception on [Terms]]; nested: ExecutionException[java.io.IOException: Forced top level Exception on [Terms]]; nested: IOException[Forced top level Exception on [Terms]]; }]
[2014-02-18 15:58:29,123][WARN ][index.fielddata          ] [node_2] [test] failed to find format [compressed] for field [test-num], will use default
[2014-02-18 15:58:29,123][WARN ][index.fielddata          ] [node_1] [test] failed to find format [compressed] for field [test-num], will use default
[2014-02-18 15:58:29,123][WARN ][index.fielddata          ] [node_0] [test] failed to find format [compressed] for field [test-num], will use default
[2014-02-18 15:58:29,127][INFO ][indices.fielddata.breaker] expected SearchPhaseException: [Failed to execute phase [query], all shards failed; shardFailures {[YhvSpkX-RFGNafHqA5ra1w][test][0]: RemoteTransportException[[node_1][inet[/10.1.10.75:9301]][search/phase/query]]; nested: QueryPhaseExecutionException[[test][0]: query[ConstantScore(*:*)],from[0],size[10],sort[<custom:"test-str": org.elasticsearch.index.fielddata.fieldcomparator.BytesRefFieldComparatorSource@6ef7acb2>,<custom:"test-num": org.elasticsearch.index.fielddata.fieldcomparator.LongValuesComparatorSource@1fae9656>]: Query Failed [Failed to execute main query]]; nested: ElasticsearchException[java.io.IOException: Forced top level Exception on [Terms]]; nested: ExecutionException[java.io.IOException: Forced top level Exception on [Terms]]; nested: IOException[Forced top level Exception on [Terms]]; }{[tbUF3y2YTPm1TPdTF8YBYw][test][1]: QueryPhaseExecutionException[[test][1]: query[ConstantScore(*:*)],from[0],size[10],sort[<custom:"test-str": org.elasticsearch.index.fielddata.fieldcomparator.BytesRefFieldComparatorSource@7de1bc9>,<custom:"test-num": org.elasticsearch.index.fielddata.fieldcomparator.LongValuesComparatorSource@6f22d28>]: Query Failed [Failed to execute main query]]; nested: ElasticsearchException[java.io.IOException: Forced top level Exception on [Terms]]; nested: ExecutionException[java.io.IOException: Forced top level Exception on [Terms]]; nested: IOException[Forced top level Exception on [Terms]]; }{[FMinfbhkR0qkv0gqZ8eWZw][test][2]: RemoteTransportException[[node_2][inet[/10.1.10.75:9302]][search/phase/query]]; nested: QueryPhaseExecutionException[[test][2]: query[ConstantScore(*:*)],from[0],size[10],sort[<custom:"test-str": org.elasticsearch.index.fielddata.fieldcomparator.BytesRefFieldComparatorSource@1d46d975>,<custom:"test-num": org.elasticsearch.index.fielddata.fieldcomparator.LongValuesComparatorSource@166e9f57>]: Query Failed [Failed to execute main query]]; nested: ElasticsearchException[java.io.IOException: Forced top level Exception on [Terms]]; nested: ExecutionException[java.io.IOException: Forced top level Exception on [Terms]]; nested: IOException[Forced top level Exception on [Terms]]; }]
[2014-02-18 15:58:29,128][WARN ][index.fielddata          ] [node_0] [test] failed to find format [compressed] for field [test-num], will use default
[2014-02-18 15:58:29,128][WARN ][index.fielddata          ] [node_1] [test] failed to find format [compressed] for field [test-num], will use default
[2014-02-18 15:58:29,128][WARN ][index.fielddata          ] [node_2] [test] failed to find format [compressed] for field [test-num], will use default
[2014-02-18 15:58:29,132][INFO ][indices.fielddata.breaker] expected SearchPhaseException: [Failed to execute phase [query], all shards failed; shardFailures {[YhvSpkX-RFGNafHqA5ra1w][test][0]: RemoteTransportException[[node_1][inet[/10.1.10.75:9301]][search/phase/query]]; nested: QueryPhaseExecutionException[[test][0]: query[ConstantScore(*:*)],from[0],size[10],sort[<custom:"test-num": org.elasticsearch.index.fielddata.fieldcomparator.LongValuesComparatorSource@78b699e6>]: Query Failed [Failed to execute main query]]; nested: ElasticsearchException[java.io.IOException: Forced top level Exception on [Terms]]; nested: ExecutionException[java.io.IOException: Forced top level Exception on [Terms]]; nested: IOException[Forced top level Exception on [Terms]]; }{[tbUF3y2YTPm1TPdTF8YBYw][test][1]: QueryPhaseExecutionException[[test][1]: query[ConstantScore(*:*)],from[0],size[10],sort[<custom:"test-num": org.elasticsearch.index.fielddata.fieldcomparator.LongValuesComparatorSource@38e61cc>]: Query Failed [Failed to execute main query]]; nested: ElasticsearchException[java.io.IOException: Forced top level Exception on [Terms]]; nested: ExecutionException[java.io.IOException: Forced top level Exception on [Terms]]; nested: IOException[Forced top level Exception on [Terms]]; }{[FMinfbhkR0qkv0gqZ8eWZw][test][2]: RemoteTransportException[[node_2][inet[/10.1.10.75:9302]][search/phase/query]]; nested: QueryPhaseExecutionException[[test][2]: query[ConstantScore(*:*)],from[0],size[10],sort[<custom:"test-num": org.elasticsearch.index.fielddata.fieldcomparator.LongValuesComparatorSource@278327>]: Query Failed [Failed to execute main query]]; nested: ElasticsearchException[java.io.IOException: Forced top level Exception on [Terms]]; nested: ExecutionException[java.io.IOException: Forced top level Exception on [Terms]]; nested: IOException[Forced top level Exception on [Terms]]; }]
[2014-02-18 15:58:29,134][WARN ][index.fielddata          ] [node_1] [test] failed to find format [compressed] for field [test-num], will use default
[2014-02-18 15:58:29,134][WARN ][index.fielddata          ] [node_0] [test] failed to find format [compressed] for field [test-num], will use default
[2014-02-18 15:58:29,134][WARN ][index.fielddata          ] [node_2] [test] failed to find format [compressed] for field [test-num], will use default
[2014-02-18 15:58:29,139][INFO ][indices.fielddata.breaker] expected SearchPhaseException: [Failed to execute phase [query], all shards failed; shardFailures {[YhvSpkX-RFGNafHqA5ra1w][test][0]: QueryPhaseExecutionException[[test][0]: query[ConstantScore(*:*)],from[0],size[10],sort[<custom:"test-str": org.elasticsearch.index.fielddata.fieldcomparator.BytesRefFieldComparatorSource@2c69797d>,<custom:"test-num": org.elasticsearch.index.fielddata.fieldcomparator.LongValuesComparatorSource@40a71452>]: Query Failed [Failed to execute main query]]; nested: ElasticsearchException[java.io.IOException: Forced top level Exception on [Terms]]; nested: ExecutionException[java.io.IOException: Forced top level Exception on [Terms]]; nested: IOException[Forced top level Exception on [Terms]]; }{[tbUF3y2YTPm1TPdTF8YBYw][test][1]: RemoteTransportException[[node_0][inet[/10.1.10.75:9300]][search/phase/query]]; nested: QueryPhaseExecutionException[[test][1]: query[ConstantScore(*:*)],from[0],size[10],sort[<custom:"test-str": org.elasticsearch.index.fielddata.fieldcomparator.BytesRefFieldComparatorSource@5cf1ccd7>,<custom:"test-num": org.elasticsearch.index.fielddata.fieldcomparator.LongValuesComparatorSource@6bf66ed>]: Query Failed [Failed to execute main query]]; nested: ElasticsearchException[java.io.IOException: Forced top level Exception on [Terms]]; nested: ExecutionException[java.io.IOException: Forced top level Exception on [Terms]]; nested: IOException[Forced top level Exception on [Terms]]; }{[FMinfbhkR0qkv0gqZ8eWZw][test][2]: RemoteTransportException[[node_2][inet[/10.1.10.75:9302]][search/phase/query]]; nested: QueryPhaseExecutionException[[test][2]: query[ConstantScore(*:*)],from[0],size[10],sort[<custom:"test-str": org.elasticsearch.index.fielddata.fieldcomparator.BytesRefFieldComparatorSource@1282cf16>,<custom:"test-num": org.elasticsearch.index.fielddata.fieldcomparator.LongValuesComparatorSource@49e9b6d8>]: Query Failed [Failed to execute main query]]; nested: ElasticsearchException[java.io.IOException: Forced top level Exception on [Terms]]; nested: ExecutionException[java.io.IOException: Forced top level Exception on [Terms]]; nested: IOException[Forced top level Exception on [Terms]]; }]
[2014-02-18 15:58:29,142][WARN ][index.fielddata          ] [node_1] [test] failed to find format [compressed] for field [test-num], will use default
[2014-02-18 15:58:29,142][WARN ][index.fielddata          ] [node_0] [test] failed to find format [compressed] for field [test-num], will use default
[2014-02-18 15:58:29,142][WARN ][index.fielddata          ] [node_2] [test] failed to find format [compressed] for field [test-num], will use default
[2014-02-18 15:58:29,149][WARN ][index.fielddata          ] [node_0] [test] failed to find format [compressed] for field [test-num], will use default
[2014-02-18 15:58:29,149][WARN ][index.fielddata          ] [node_1] [test] failed to find format [compressed] for field [test-num], will use default
[2014-02-18 15:58:29,149][WARN ][index.fielddata          ] [node_2] [test] failed to find format [compressed] for field [test-num], will use default
[2014-02-18 15:58:29,153][INFO ][indices.fielddata.breaker] expected SearchPhaseException: [Failed to execute phase [query], all shards failed; shardFailures {[YhvSpkX-RFGNafHqA5ra1w][test][0]: RemoteTransportException[[node_1][inet[/10.1.10.75:9301]][search/phase/query]]; nested: QueryPhaseExecutionException[[test][0]: query[ConstantScore(*:*)],from[0],size[10],sort[<custom:"test-num": org.elasticsearch.index.fielddata.fieldcomparator.LongValuesComparatorSource@45b7d3b6>]: Query Failed [Failed to execute main query]]; nested: ElasticsearchException[java.io.IOException: Forced top level Exception on [Terms]]; nested: ExecutionException[java.io.IOException: Forced top level Exception on [Terms]]; nested: IOException[Forced top level Exception on [Terms]]; }{[tbUF3y2YTPm1TPdTF8YBYw][test][1]: QueryPhaseExecutionException[[test][1]: query[ConstantScore(*:*)],from[0],size[10],sort[<custom:"test-num": org.elasticsearch.index.fielddata.fieldcomparator.LongValuesComparatorSource@30e7da77>]: Query Failed [Failed to execute main query]]; nested: ElasticsearchException[java.io.IOException: Forced top level Exception on [Terms]]; nested: ExecutionException[java.io.IOException: Forced top level Exception on [Terms]]; nested: IOException[Forced top level Exception on [Terms]]; }{[FMinfbhkR0qkv0gqZ8eWZw][test][2]: RemoteTransportException[[node_2][inet[/10.1.10.75:9302]][search/phase/query]]; nested: QueryPhaseExecutionException[[test][2]: query[ConstantScore(*:*)],from[0],size[10],sort[<custom:"test-num": org.elasticsearch.index.fielddata.fieldcomparator.LongValuesComparatorSource@6f6e5447>]: Query Failed [Failed to execute main query]]; nested: ElasticsearchException[java.io.IOException: Forced top level Exception on [Terms]]; nested: ExecutionException[java.io.IOException: Forced top level Exception on [Terms]]; nested: IOException[Forced top level Exception on [Terms]]; }]
[2014-02-18 15:58:29,156][WARN ][index.fielddata          ] [node_2] [test] failed to find format [compressed] for field [test-num], will use default
[2014-02-18 15:58:29,156][WARN ][index.fielddata          ] [node_0] [test] failed to find format [compressed] for field [test-num], will use default
[2014-02-18 15:58:29,156][WARN ][index.fielddata          ] [node_1] [test] failed to find format [compressed] for field [test-num], will use default
[2014-02-18 15:58:29,160][INFO ][indices.fielddata.breaker] expected SearchPhaseException: [Failed to execute phase [query], all shards failed; shardFailures {[YhvSpkX-RFGNafHqA5ra1w][test][0]: QueryPhaseExecutionException[[test][0]: query[ConstantScore(*:*)],from[0],size[10],sort[<custom:"test-str": org.elasticsearch.index.fielddata.fieldcomparator.BytesRefFieldComparatorSource@6990365d>,<custom:"test-num": org.elasticsearch.index.fielddata.fieldcomparator.LongValuesComparatorSource@5cb4f40f>]: Query Failed [Failed to execute main query]]; nested: ElasticsearchException[java.io.IOException: Forced top level Exception on [Terms]]; nested: ExecutionException[java.io.IOException: Forced top level Exception on [Terms]]; nested: IOException[Forced top level Exception on [Terms]]; }{[tbUF3y2YTPm1TPdTF8YBYw][test][1]: RemoteTransportException[[node_0][inet[/10.1.10.75:9300]][search/phase/query]]; nested: QueryPhaseExecutionException[[test][1]: query[ConstantScore(*:*)],from[0],size[10],sort[<custom:"test-str": org.elasticsearch.index.fielddata.fieldcomparator.BytesRefFieldComparatorSource@2e1eb0a2>,<custom:"test-num": org.elasticsearch.index.fielddata.fieldcomparator.LongValuesComparatorSource@60de7355>]: Query Failed [Failed to execute main query]]; nested: ElasticsearchException[java.io.IOException: Forced top level Exception on [Terms]]; nested: ExecutionException[java.io.IOException: Forced top level Exception on [Terms]]; nested: IOException[Forced top level Exception on [Terms]]; }{[FMinfbhkR0qkv0gqZ8eWZw][test][2]: RemoteTransportException[[node_2][inet[/10.1.10.75:9302]][search/phase/query]]; nested: QueryPhaseExecutionException[[test][2]: query[ConstantScore(*:*)],from[0],size[10],sort[<custom:"test-str": org.elasticsearch.index.fielddata.fieldcomparator.BytesRefFieldComparatorSource@6d717adc>,<custom:"test-num": org.elasticsearch.index.fielddata.fieldcomparator.LongValuesComparatorSource@353939a6>]: Query Failed [Failed to execute main query]]; nested: ElasticsearchException[java.io.IOException: Forced top level Exception on [Terms]]; nested: ExecutionException[java.io.IOException: Forced top level Exception on [Terms]]; nested: IOException[Forced top level Exception on [Terms]]; }]
[2014-02-18 15:58:29,162][WARN ][index.fielddata          ] [node_0] [test] failed to find format [compressed] for field [test-num], will use default
[2014-02-18 15:58:29,162][WARN ][index.fielddata          ] [node_1] [test] failed to find format [compressed] for field [test-num], will use default
[2014-02-18 15:58:29,162][WARN ][index.fielddata          ] [node_2] [test] failed to find format [compressed] for field [test-num], will use default
[2014-02-18 15:58:29,165][INFO ][indices.fielddata.breaker] expected SearchPhaseException: [Failed to execute phase [query], all shards failed; shardFailures {[YhvSpkX-RFGNafHqA5ra1w][test][0]: RemoteTransportException[[node_1][inet[/10.1.10.75:9301]][search/phase/query]]; nested: QueryPhaseExecutionException[[test][0]: query[ConstantScore(*:*)],from[0],size[10],sort[<custom:"test-num": org.elasticsearch.index.fielddata.fieldcomparator.LongValuesComparatorSource@46c20822>]: Query Failed [Failed to execute main query]]; nested: ElasticsearchException[java.io.IOException: Forced top level Exception on [Terms]]; nested: ExecutionException[java.io.IOException: Forced top level Exception on [Terms]]; nested: IOException[Forced top level Exception on [Terms]]; }{[tbUF3y2YTPm1TPdTF8YBYw][test][1]: RemoteTransportException[[node_0][inet[/10.1.10.75:9300]][search/phase/query]]; nested: QueryPhaseExecutionException[[test][1]: query[ConstantScore(*:*)],from[0],size[10],sort[<custom:"test-num": org.elasticsearch.index.fielddata.fieldcomparator.LongValuesComparatorSource@5941302d>]: Query Failed [Failed to execute main query]]; nested: ElasticsearchException[java.io.IOException: Forced top level Exception on [Terms]]; nested: ExecutionException[java.io.IOException: Forced top level Exception on [Terms]]; nested: IOException[Forced top level Exception on [Terms]]; }{[FMinfbhkR0qkv0gqZ8eWZw][test][2]: QueryPhaseExecutionException[[test][2]: query[ConstantScore(*:*)],from[0],size[10],sort[<custom:"test-num": org.elasticsearch.index.fielddata.fieldcomparator.LongValuesComparatorSource@5e8cff4e>]: Query Failed [Failed to execute main query]]; nested: ElasticsearchException[java.io.IOException: Forced top level Exception on [Terms]]; nested: ExecutionException[java.io.IOException: Forced top level Exception on [Terms]]; nested: IOException[Forced top level Exception on [Terms]]; }]
[2014-02-18 15:58:29,167][WARN ][index.fielddata          ] [node_2] [test] failed to find format [compressed] for field [test-num], will use default
[2014-02-18 15:58:29,167][WARN ][index.fielddata          ] [node_1] [test] failed to find format [compressed] for field [test-num], will use default
[2014-02-18 15:58:29,167][WARN ][index.fielddata          ] [node_0] [test] failed to find format [compressed] for field [test-num], will use default
[2014-02-18 15:58:29,174][WARN ][index.fielddata          ] [node_0] [test] failed to find format [compressed] for field [test-num], will use default
[2014-02-18 15:58:29,174][WARN ][index.fielddata          ] [node_2] [test] failed to find format [compressed] for field [test-num], will use default
[2014-02-18 15:58:29,174][WARN ][index.fielddata          ] [node_1] [test] failed to find format [compressed] for field [test-num], will use default
[2014-02-18 15:58:29,181][INFO ][indices.fielddata.breaker] expected SearchPhaseException: [Failed to execute phase [query], all shards failed; shardFailures {[YhvSpkX-RFGNafHqA5ra1w][test][0]: RemoteTransportException[[node_1][inet[/10.1.10.75:9301]][search/phase/query]]; nested: QueryPhaseExecutionException[[test][0]: query[ConstantScore(*:*)],from[0],size[10],sort[<custom:"test-num": org.elasticsearch.index.fielddata.fieldcomparator.LongValuesComparatorSource@21bf38ce>]: Query Failed [Failed to execute main query]]; nested: ElasticsearchException[java.io.IOException: Forced top level Exception on [Terms]]; nested: ExecutionException[java.io.IOException: Forced top level Exception on [Terms]]; nested: IOException[Forced top level Exception on [Terms]]; }{[tbUF3y2YTPm1TPdTF8YBYw][test][1]: QueryPhaseExecutionException[[test][1]: query[ConstantScore(*:*)],from[0],size[10],sort[<custom:"test-num": org.elasticsearch.index.fielddata.fieldcomparator.LongValuesComparatorSource@3b5fee5c>]: Query Failed [Failed to execute main query]]; nested: ElasticsearchException[java.io.IOException: Forced top level Exception on [Terms]]; nested: ExecutionException[java.io.IOException: Forced top level Exception on [Terms]]; nested: IOException[Forced top level Exception on [Terms]]; }{[FMinfbhkR0qkv0gqZ8eWZw][test][2]: RemoteTransportException[[node_2][inet[/10.1.10.75:9302]][search/phase/query]]; nested: QueryPhaseExecutionException[[test][2]: query[ConstantScore(*:*)],from[0],size[10],sort[<custom:"test-num": org.elasticsearch.index.fielddata.fieldcomparator.LongValuesComparatorSource@2a079a21>]: Query Failed [Failed to execute main query]]; nested: ElasticsearchException[java.io.IOException: Forced top level Exception on [Terms]]; nested: ExecutionException[java.io.IOException: Forced top level Exception on [Terms]]; nested: IOException[Forced top level Exception on [Terms]]; }]
[2014-02-18 15:58:29,183][WARN ][index.fielddata          ] [node_0] [test] failed to find format [compressed] for field [test-num], will use default
[2014-02-18 15:58:29,183][WARN ][index.fielddata          ] [node_2] [test] failed to find format [compressed] for field [test-num], will use default
[2014-02-18 15:58:29,183][WARN ][index.fielddata          ] [node_1] [test] failed to find format [compressed] for field [test-num], will use default
[2014-02-18 15:58:29,188][INFO ][indices.fielddata.breaker] expected SearchPhaseException: [Failed to execute phase [query], all shards failed; shardFailures {[YhvSpkX-RFGNafHqA5ra1w][test][0]: RemoteTransportException[[node_1][inet[/10.1.10.75:9301]][search/phase/query]]; nested: QueryPhaseExecutionException[[test][0]: query[ConstantScore(*:*)],from[0],size[10],sort[<custom:"test-str": org.elasticsearch.index.fielddata.fieldcomparator.BytesRefFieldComparatorSource@34730f8b>,<custom:"test-num": org.elasticsearch.index.fielddata.fieldcomparator.LongValuesComparatorSource@6e018993>]: Query Failed [Failed to execute main query]]; nested: ElasticsearchException[java.io.IOException: Forced top level Exception on [Terms]]; nested: ExecutionException[java.io.IOException: Forced top level Exception on [Terms]]; nested: IOException[Forced top level Exception on [Terms]]; }{[tbUF3y2YTPm1TPdTF8YBYw][test][1]: QueryPhaseExecutionException[[test][1]: query[ConstantScore(*:*)],from[0],size[10],sort[<custom:"test-str": org.elasticsearch.index.fielddata.fieldcomparator.BytesRefFieldComparatorSource@578c1e04>,<custom:"test-num": org.elasticsearch.index.fielddata.fieldcomparator.LongValuesComparatorSource@c913417>]: Query Failed [Failed to execute main query]]; nested: ElasticsearchException[java.io.IOException: Forced top level Exception on [Terms]]; nested: ExecutionException[java.io.IOException: Forced top level Exception on [Terms]]; nested: IOException[Forced top level Exception on [Terms]]; }{[FMinfbhkR0qkv0gqZ8eWZw][test][2]: RemoteTransportException[[node_2][inet[/10.1.10.75:9302]][search/phase/query]]; nested: QueryPhaseExecutionException[[test][2]: query[ConstantScore(*:*)],from[0],size[10],sort[<custom:"test-str": org.elasticsearch.index.fielddata.fieldcomparator.BytesRefFieldComparatorSource@10f2d873>,<custom:"test-num": org.elasticsearch.index.fielddata.fieldcomparator.LongValuesComparatorSource@37606eb6>]: Query Failed [Failed to execute main query]]; nested: ElasticsearchException[java.io.IOException: Forced top level Exception on [Terms]]; nested: ExecutionException[java.io.IOException: Forced top level Exception on [Terms]]; nested: IOException[Forced top level Exception on [Terms]]; }]
[2014-02-18 15:58:29,190][WARN ][index.fielddata          ] [node_1] [test] failed to find format [compressed] for field [test-num], will use default
[2014-02-18 15:58:29,190][WARN ][index.fielddata          ] [node_2] [test] failed to find format [compressed] for field [test-num], will use default
[2014-02-18 15:58:29,190][WARN ][index.fielddata          ] [node_0] [test] failed to find format [compressed] for field [test-num], will use default
[2014-02-18 15:58:29,196][WARN ][index.fielddata          ] [node_2] [test] failed to find format [compressed] for field [test-num], will use default
[2014-02-18 15:58:29,196][WARN ][index.fielddata          ] [node_1] [test] failed to find format [compressed] for field [test-num], will use default
[2014-02-18 15:58:29,196][WARN ][index.fielddata          ] [node_0] [test] failed to find format [compressed] for field [test-num], will use default
[2014-02-18 15:58:29,201][INFO ][indices.fielddata.breaker] expected SearchPhaseException: [Failed to execute phase [query], all shards failed; shardFailures {[YhvSpkX-RFGNafHqA5ra1w][test][0]: QueryPhaseExecutionException[[test][0]: query[ConstantScore(*:*)],from[0],size[10],sort[<custom:"test-str": org.elasticsearch.index.fielddata.fieldcomparator.BytesRefFieldComparatorSource@ebcc61a>,<custom:"test-num": org.elasticsearch.index.fielddata.fieldcomparator.LongValuesComparatorSource@b71dc85>]: Query Failed [Failed to execute main query]]; nested: ElasticsearchException[java.io.IOException: Forced top level Exception on [Terms]]; nested: ExecutionException[java.io.IOException: Forced top level Exception on [Terms]]; nested: IOException[Forced top level Exception on [Terms]]; }{[tbUF3y2YTPm1TPdTF8YBYw][test][1]: RemoteTransportException[[node_0][inet[/10.1.10.75:9300]][search/phase/query]]; nested: QueryPhaseExecutionException[[test][1]: query[ConstantScore(*:*)],from[0],size[10],sort[<custom:"test-str": org.elasticsearch.index.fielddata.fieldcomparator.BytesRefFieldComparatorSource@205d0f0b>,<custom:"test-num": org.elasticsearch.index.fielddata.fieldcomparator.LongValuesComparatorSource@3d86abc6>]: Query Failed [Failed to execute main query]]; nested: ElasticsearchException[java.io.IOException: Forced top level Exception on [Terms]]; nested: ExecutionException[java.io.IOException: Forced top level Exception on [Terms]]; nested: IOException[Forced top level Exception on [Terms]]; }{[FMinfbhkR0qkv0gqZ8eWZw][test][2]: RemoteTransportException[[node_2][inet[/10.1.10.75:9302]][search/phase/query]]; nested: QueryPhaseExecutionException[[test][2]: query[ConstantScore(*:*)],from[0],size[10],sort[<custom:"test-str": org.elasticsearch.index.fielddata.fieldcomparator.BytesRefFieldComparatorSource@6d23b522>,<custom:"test-num": org.elasticsearch.index.fielddata.fieldcomparator.LongValuesComparatorSource@43490328>]: Query Failed [Failed to execute main query]]; nested: ElasticsearchException[java.io.IOException: Forced top level Exception on [Terms]]; nested: ExecutionException[java.io.IOException: Forced top level Exception on [Terms]]; nested: IOException[Forced top level Exception on [Terms]]; }]
[2014-02-18 15:58:29,206][WARN ][index.fielddata          ] [node_0] [test] failed to find format [compressed] for field [test-num], will use default
[2014-02-18 15:58:29,206][WARN ][index.fielddata          ] [node_2] [test] failed to find format [compressed] for field [test-num], will use default
[2014-02-18 15:58:29,206][WARN ][index.fielddata          ] [node_1] [test] failed to find format [compressed] for field [test-num], will use default
[2014-02-18 15:58:29,214][INFO ][indices.fielddata.breaker] expected SearchPhaseException: [Failed to execute phase [query], all shards failed; shardFailures {[YhvSpkX-RFGNafHqA5ra1w][test][0]: QueryPhaseExecutionException[[test][0]: query[ConstantScore(*:*)],from[0],size[10],sort[<custom:"test-str": org.elasticsearch.index.fielddata.fieldcomparator.BytesRefFieldComparatorSource@2505885f>,<custom:"test-num": org.elasticsearch.index.fielddata.fieldcomparator.LongValuesComparatorSource@f638ec7>]: Query Failed [Failed to execute main query]]; nested: ElasticsearchException[java.io.IOException: Forced top level Exception on [Terms]]; nested: ExecutionException[java.io.IOException: Forced top level Exception on [Terms]]; nested: IOException[Forced top level Exception on [Terms]]; }{[tbUF3y2YTPm1TPdTF8YBYw][test][1]: RemoteTransportException[[node_0][inet[/10.1.10.75:9300]][search/phase/query]]; nested: QueryPhaseExecutionException[[test][1]: query[ConstantScore(*:*)],from[0],size[10],sort[<custom:"test-str": org.elasticsearch.index.fielddata.fieldcomparator.BytesRefFieldComparatorSource@e3c27f6>,<custom:"test-num": org.elasticsearch.index.fielddata.fieldcomparator.LongValuesComparatorSource@5132b2b5>]: Query Failed [Failed to execute main query]]; nested: ElasticsearchException[java.io.IOException: Forced top level Exception on [Terms]]; nested: ExecutionException[java.io.IOException: Forced top level Exception on [Terms]]; nested: IOException[Forced top level Exception on [Terms]]; }{[FMinfbhkR0qkv0gqZ8eWZw][test][2]: RemoteTransportException[[node_2][inet[/10.1.10.75:9302]][search/phase/query]]; nested: QueryPhaseExecutionException[[test][2]: query[ConstantScore(*:*)],from[0],size[10],sort[<custom:"test-str": org.elasticsearch.index.fielddata.fieldcomparator.BytesRefFieldComparatorSource@2505885f>,<custom:"test-num": org.elasticsearch.index.fielddata.fieldcomparator.LongValuesComparatorSource@f638ec7>]: Query Failed [Failed to execute main query]]; nested: ElasticsearchException[java.io.IOException: Forced top level Exception on [Terms]]; nested: ExecutionException[java.io.IOException: Forced top level Exception on [Terms]]; nested: IOException[Forced top level Exception on [Terms]]; }]
[2014-02-18 15:58:29,216][WARN ][index.fielddata          ] [node_1] [test] failed to find format [compressed] for field [test-num], will use default
[2014-02-18 15:58:29,216][WARN ][index.fielddata          ] [node_0] [test] failed to find format [compressed] for field [test-num], will use default
[2014-02-18 15:58:29,216][WARN ][index.fielddata          ] [node_2] [test] failed to find format [compressed] for field [test-num], will use default
[2014-02-18 15:58:29,232][INFO ][indices.fielddata.breaker] expected SearchPhaseException: [Failed to execute phase [query], all shards failed; shardFailures {[YhvSpkX-RFGNafHqA5ra1w][test][0]: RemoteTransportException[[node_1][inet[/10.1.10.75:9301]][search/phase/query]]; nested: QueryPhaseExecutionException[[test][0]: query[ConstantScore(*:*)],from[0],size[10],sort[<custom:"test-num": org.elasticsearch.index.fielddata.fieldcomparator.LongValuesComparatorSource@1846f24>]: Query Failed [Failed to execute main query]]; nested: ElasticsearchException[java.io.IOException: Forced top level Exception on [Terms]]; nested: ExecutionException[java.io.IOException: Forced top level Exception on [Terms]]; nested: IOException[Forced top level Exception on [Terms]]; }{[tbUF3y2YTPm1TPdTF8YBYw][test][1]: QueryPhaseExecutionException[[test][1]: query[ConstantScore(*:*)],from[0],size[10],sort[<custom:"test-num": org.elasticsearch.index.fielddata.fieldcomparator.LongValuesComparatorSource@1846f24>]: Query Failed [Failed to execute main query]]; nested: ElasticsearchException[java.io.IOException: Forced top level Exception on [Terms]]; nested: ExecutionException[java.io.IOException: Forced top level Exception on [Terms]]; nested: IOException[Forced top level Exception on [Terms]]; }{[FMinfbhkR0qkv0gqZ8eWZw][test][2]: RemoteTransportException[[node_2][inet[/10.1.10.75:9302]][search/phase/query]]; nested: QueryPhaseExecutionException[[test][2]: query[ConstantScore(*:*)],from[0],size[10],sort[<custom:"test-num": org.elasticsearch.index.fielddata.fieldcomparator.LongValuesComparatorSource@5d37e88c>]: Query Failed [Failed to execute main query]]; nested: ElasticsearchException[java.io.IOException: Forced top level Exception on [Terms]]; nested: ExecutionException[java.io.IOException: Forced top level Exception on [Terms]]; nested: IOException[Forced top level Exception on [Terms]]; }]
[2014-02-18 15:58:29,237][WARN ][index.fielddata          ] [node_1] [test] failed to find format [compressed] for field [test-num], will use default
[2014-02-18 15:58:29,237][WARN ][index.fielddata          ] [node_2] [test] failed to find format [compressed] for field [test-num], will use default
[2014-02-18 15:58:29,237][WARN ][index.fielddata          ] [node_0] [test] failed to find format [compressed] for field [test-num], will use default
[2014-02-18 15:58:29,244][INFO ][indices.fielddata.breaker] expected SearchPhaseException: [Failed to execute phase [query], all shards failed; shardFailures {[YhvSpkX-RFGNafHqA5ra1w][test][0]: QueryPhaseExecutionException[[test][0]: query[ConstantScore(*:*)],from[0],size[10],sort[<custom:"test-str": org.elasticsearch.index.fielddata.fieldcomparator.BytesRefFieldComparatorSource@31aaff4>,<custom:"test-num": org.elasticsearch.index.fielddata.fieldcomparator.LongValuesComparatorSource@4d15bdc3>]: Query Failed [Failed to execute main query]]; nested: ElasticsearchException[java.io.IOException: Forced top level Exception on [Terms]]; nested: ExecutionException[java.io.IOException: Forced top level Exception on [Terms]]; nested: IOException[Forced top level Exception on [Terms]]; }{[tbUF3y2YTPm1TPdTF8YBYw][test][1]: RemoteTransportException[[node_0][inet[/10.1.10.75:9300]][search/phase/query]]; nested: QueryPhaseExecutionException[[test][1]: query[ConstantScore(*:*)],from[0],size[10],sort[<custom:"test-str": org.elasticsearch.index.fielddata.fieldcomparator.BytesRefFieldComparatorSource@140730a1>,<custom:"test-num": org.elasticsearch.index.fielddata.fieldcomparator.LongValuesComparatorSource@3501ace3>]: Query Failed [Failed to execute main query]]; nested: ElasticsearchException[java.io.IOException: Forced top level Exception on [Terms]]; nested: ExecutionException[java.io.IOException: Forced top level Exception on [Terms]]; nested: IOException[Forced top level Exception on [Terms]]; }{[FMinfbhkR0qkv0gqZ8eWZw][test][2]: RemoteTransportException[[node_2][inet[/10.1.10.75:9302]][search/phase/query]]; nested: QueryPhaseExecutionException[[test][2]: query[ConstantScore(*:*)],from[0],size[10],sort[<custom:"test-str": org.elasticsearch.index.fielddata.fieldcomparator.BytesRefFieldComparatorSource@599b8e23>,<custom:"test-num": org.elasticsearch.index.fielddata.fieldcomparator.LongValuesComparatorSource@7390c9ca>]: Query Failed [Failed to execute main query]]; nested: ElasticsearchException[java.io.IOException: Forced top level Exception on [Terms]]; nested: ExecutionException[java.io.IOException: Forced top level Exception on [Terms]]; nested: IOException[Forced top level Exception on [Terms]]; }]
[2014-02-18 15:58:29,246][WARN ][index.fielddata          ] [node_0] [test] failed to find format [compressed] for field [test-num], will use default
[2014-02-18 15:58:29,246][WARN ][index.fielddata          ] [node_2] [test] failed to find format [compressed] for field [test-num], will use default
[2014-02-18 15:58:29,246][WARN ][index.fielddata          ] [node_1] [test] failed to find format [compressed] for field [test-num], will use default
[2014-02-18 15:58:29,251][WARN ][index.fielddata          ] [node_1] [test] failed to find format [compressed] for field [test-num], will use default
[2014-02-18 15:58:29,251][WARN ][index.fielddata          ] [node_2] [test] failed to find format [compressed] for field [test-num], will use default
[2014-02-18 15:58:29,251][WARN ][index.fielddata          ] [node_0] [test] failed to find format [compressed] for field [test-num], will use default
[2014-02-18 15:58:29,255][INFO ][indices.fielddata.breaker] expected SearchPhaseException: [Failed to execute phase [query], all shards failed; shardFailures {[YhvSpkX-RFGNafHqA5ra1w][test][0]: RemoteTransportException[[node_1][inet[/10.1.10.75:9301]][search/phase/query]]; nested: QueryPhaseExecutionException[[test][0]: query[ConstantScore(*:*)],from[0],size[10],sort[<custom:"test-str": org.elasticsearch.index.fielddata.fieldcomparator.BytesRefFieldComparatorSource@499f1075>,<custom:"test-num": org.elasticsearch.index.fielddata.fieldcomparator.LongValuesComparatorSource@69f19715>]: Query Failed [Failed to execute main query]]; nested: ElasticsearchException[java.io.IOException: Forced top level Exception on [Terms]]; nested: ExecutionException[java.io.IOException: Forced top level Exception on [Terms]]; nested: IOException[Forced top level Exception on [Terms]]; }{[tbUF3y2YTPm1TPdTF8YBYw][test][1]: QueryPhaseExecutionException[[test][1]: query[ConstantScore(*:*)],from[0],size[10],sort[<custom:"test-str": org.elasticsearch.index.fielddata.fieldcomparator.BytesRefFieldComparatorSource@17b887d6>,<custom:"test-num": org.elasticsearch.index.fielddata.fieldcomparator.LongValuesComparatorSource@53ddfec4>]: Query Failed [Failed to execute main query]]; nested: ElasticsearchException[java.io.IOException: Forced top level Exception on [Terms]]; nested: ExecutionException[java.io.IOException: Forced top level Exception on [Terms]]; nested: IOException[Forced top level Exception on [Terms]]; }{[FMinfbhkR0qkv0gqZ8eWZw][test][2]: RemoteTransportException[[node_2][inet[/10.1.10.75:9302]][search/phase/query]]; nested: QueryPhaseExecutionException[[test][2]: query[ConstantScore(*:*)],from[0],size[10],sort[<custom:"test-str": org.elasticsearch.index.fielddata.fieldcomparator.BytesRefFieldComparatorSource@73f61a09>,<custom:"test-num": org.elasticsearch.index.fielddata.fieldcomparator.LongValuesComparatorSource@22278059>]: Query Failed [Failed to execute main query]]; nested: ElasticsearchException[java.io.IOException: Forced top level Exception on [Terms]]; nested: ExecutionException[java.io.IOException: Forced top level Exception on [Terms]]; nested: IOException[Forced top level Exception on [Terms]]; }]
[2014-02-18 15:58:29,258][INFO ][indices.fielddata.breaker] expected SearchPhaseException: [Failed to execute phase [query], all shards failed; shardFailures {[YhvSpkX-RFGNafHqA5ra1w][test][0]: RemoteTransportException[[node_1][inet[/10.1.10.75:9301]][search/phase/query]]; nested: QueryPhaseExecutionException[[test][0]: query[ConstantScore(*:*)],from[0],size[10],sort[<custom:"test-num": org.elasticsearch.index.fielddata.fieldcomparator.LongValuesComparatorSource@12b37605>]: Query Failed [Failed to execute main query]]; nested: ElasticsearchException[java.io.IOException: Forced top level Exception on [Terms]]; nested: ExecutionException[java.io.IOException: Forced top level Exception on [Terms]]; nested: IOException[Forced top level Exception on [Terms]]; }{[tbUF3y2YTPm1TPdTF8YBYw][test][1]: RemoteTransportException[[node_0][inet[/10.1.10.75:9300]][search/phase/query]]; nested: QueryPhaseExecutionException[[test][1]: query[ConstantScore(*:*)],from[0],size[10],sort[<custom:"test-num": org.elasticsearch.index.fielddata.fieldcomparator.LongValuesComparatorSource@56cc9a80>]: Query Failed [Failed to execute main query]]; nested: ElasticsearchException[java.io.IOException: Forced top level Exception on [Terms]]; nested: ExecutionException[java.io.IOException: Forced top level Exception on [Terms]]; nested: IOException[Forced top level Exception on [Terms]]; }{[FMinfbhkR0qkv0gqZ8eWZw][test][2]: QueryPhaseExecutionException[[test][2]: query[ConstantScore(*:*)],from[0],size[10],sort[<custom:"test-num": org.elasticsearch.index.fielddata.fieldcomparator.LongValuesComparatorSource@28be12ed>]: Query Failed [Failed to execute main query]]; nested: ElasticsearchException[java.io.IOException: Forced top level Exception on [Terms]]; nested: ExecutionException[java.io.IOException: Forced top level Exception on [Terms]]; nested: IOException[Forced top level Exception on [Terms]]; }]
[2014-02-18 15:58:29,260][WARN ][index.fielddata          ] [node_2] [test] failed to find format [compressed] for field [test-num], will use default
[2014-02-18 15:58:29,260][WARN ][index.fielddata          ] [node_1] [test] failed to find format [compressed] for field [test-num], will use default
[2014-02-18 15:58:29,260][WARN ][index.fielddata          ] [node_0] [test] failed to find format [compressed] for field [test-num], will use default
[2014-02-18 15:58:29,264][INFO ][indices.fielddata.breaker] expected SearchPhaseException: [Failed to execute phase [query], all shards failed; shardFailures {[YhvSpkX-RFGNafHqA5ra1w][test][0]: RemoteTransportException[[node_1][inet[/10.1.10.75:9301]][search/phase/query]]; nested: QueryPhaseExecutionException[[test][0]: query[ConstantScore(*:*)],from[0],size[10],sort[<custom:"test-num": org.elasticsearch.index.fielddata.fieldcomparator.LongValuesComparatorSource@307d7e78>]: Query Failed [Failed to execute main query]]; nested: ElasticsearchException[java.io.IOException: Forced top level Exception on [Terms]]; nested: ExecutionException[java.io.IOException: Forced top level Exception on [Terms]]; nested: IOException[Forced top level Exception on [Terms]]; }{[tbUF3y2YTPm1TPdTF8YBYw][test][1]: QueryPhaseExecutionException[[test][1]: query[ConstantScore(*:*)],from[0],size[10],sort[<custom:"test-num": org.elasticsearch.index.fielddata.fieldcomparator.LongValuesComparatorSource@799d30f>]: Query Failed [Failed to execute main query]]; nested: ElasticsearchException[java.io.IOException: Forced top level Exception on [Terms]]; nested: ExecutionException[java.io.IOException: Forced top level Exception on [Terms]]; nested: IOException[Forced top level Exception on [Terms]]; }{[FMinfbhkR0qkv0gqZ8eWZw][test][2]: RemoteTransportException[[node_2][inet[/10.1.10.75:9302]][search/phase/query]]; nested: QueryPhaseExecutionException[[test][2]: query[ConstantScore(*:*)],from[0],size[10],sort[<custom:"test-num": org.elasticsearch.index.fielddata.fieldcomparator.LongValuesComparatorSource@2bae0f87>]: Query Failed [Failed to execute main query]]; nested: ElasticsearchException[java.io.IOException: Forced top level Exception on [Terms]]; nested: ExecutionException[java.io.IOException: Forced top level Exception on [Terms]]; nested: IOException[Forced top level Exception on [Terms]]; }]
[2014-02-18 15:58:29,265][WARN ][index.fielddata          ] [node_1] [test] failed to find format [compressed] for field [test-num], will use default
[2014-02-18 15:58:29,265][WARN ][index.fielddata          ] [node_2] [test] failed to find format [compressed] for field [test-num], will use default
[2014-02-18 15:58:29,265][WARN ][index.fielddata          ] [node_0] [test] failed to find format [compressed] for field [test-num], will use default
[2014-02-18 15:58:29,267][INFO ][indices.fielddata.breaker] expected SearchPhaseException: [Failed to execute phase [query], all shards failed; shardFailures {[YhvSpkX-RFGNafHqA5ra1w][test][0]: RemoteTransportException[[node_1][inet[/10.1.10.75:9301]][search/phase/query]]; nested: QueryPhaseExecutionException[[test][0]: query[ConstantScore(*:*)],from[0],size[10],sort[<custom:"test-str": org.elasticsearch.index.fielddata.fieldcomparator.BytesRefFieldComparatorSource@3a061649>,<custom:"test-num": org.elasticsearch.index.fielddata.fieldcomparator.LongValuesComparatorSource@65a13061>]: Query Failed [Failed to execute main query]]; nested: ElasticsearchException[java.io.IOException: Forced top level Exception on [Terms]]; nested: ExecutionException[java.io.IOException: Forced top level Exception on [Terms]]; nested: IOException[Forced top level Exception on [Terms]]; }{[tbUF3y2YTPm1TPdTF8YBYw][test][1]: RemoteTransportException[[node_0][inet[/10.1.10.75:9300]][search/phase/query]]; nested: QueryPhaseExecutionException[[test][1]: query[ConstantScore(*:*)],from[0],size[10],sort[<custom:"test-str": org.elasticsearch.index.fielddata.fieldcomparator.BytesRefFieldComparatorSource@7da719a0>,<custom:"test-num": org.elasticsearch.index.fielddata.fieldcomparator.LongValuesComparatorSource@658397d2>]: Query Failed [Failed to execute main query]]; nested: ElasticsearchException[java.io.IOException: Forced top level Exception on [Terms]]; nested: ExecutionException[java.io.IOException: Forced top level Exception on [Terms]]; nested: IOException[Forced top level Exception on [Terms]]; }{[FMinfbhkR0qkv0gqZ8eWZw][test][2]: QueryPhaseExecutionException[[test][2]: query[ConstantScore(*:*)],from[0],size[10],sort[<custom:"test-str": org.elasticsearch.index.fielddata.fieldcomparator.BytesRefFieldComparatorSource@396f6467>,<custom:"test-num": org.elasticsearch.index.fielddata.fieldcomparator.LongValuesComparatorSource@4028c3a6>]: Query Failed [Failed to execute main query]]; nested: ElasticsearchException[java.io.IOException: Forced top level Exception on [Terms]]; nested: ExecutionException[java.io.IOException: Forced top level Exception on [Terms]]; nested: IOException[Forced top level Exception on [Terms]]; }]
[2014-02-18 15:58:29,269][WARN ][index.fielddata          ] [node_2] [test] failed to find format [compressed] for field [test-num], will use default
[2014-02-18 15:58:29,269][WARN ][index.fielddata          ] [node_0] [test] failed to find format [compressed] for field [test-num], will use default
[2014-02-18 15:58:29,269][WARN ][index.fielddata          ] [node_1] [test] failed to find format [compressed] for field [test-num], will use default
[2014-02-18 15:58:29,274][INFO ][indices.fielddata.breaker] expected SearchPhaseException: [Failed to execute phase [query], all shards failed; shardFailures {[YhvSpkX-RFGNafHqA5ra1w][test][0]: RemoteTransportException[[node_1][inet[/10.1.10.75:9301]][search/phase/query]]; nested: QueryPhaseExecutionException[[test][0]: query[ConstantScore(*:*)],from[0],size[10],sort[<custom:"test-str": org.elasticsearch.index.fielddata.fieldcomparator.BytesRefFieldComparatorSource@70932d4c>,<custom:"test-num": org.elasticsearch.index.fielddata.fieldcomparator.LongValuesComparatorSource@4e831251>]: Query Failed [Failed to execute main query]]; nested: ElasticsearchException[java.io.IOException: Forced top level Exception on [Terms]]; nested: ExecutionException[java.io.IOException: Forced top level Exception on [Terms]]; nested: IOException[Forced top level Exception on [Terms]]; }{[tbUF3y2YTPm1TPdTF8YBYw][test][1]: QueryPhaseExecutionException[[test][1]: query[ConstantScore(*:*)],from[0],size[10],sort[<custom:"test-str": org.elasticsearch.index.fielddata.fieldcomparator.BytesRefFieldComparatorSource@4e20e43a>,<custom:"test-num": org.elasticsearch.index.fielddata.fieldcomparator.LongValuesComparatorSource@5167c3e8>]: Query Failed [Failed to execute main query]]; nested: ElasticsearchException[java.io.IOException: Forced top level Exception on [Terms]]; nested: ExecutionException[java.io.IOException: Forced top level Exception on [Terms]]; nested: IOException[Forced top level Exception on [Terms]]; }{[FMinfbhkR0qkv0gqZ8eWZw][test][2]: RemoteTransportException[[node_2][inet[/10.1.10.75:9302]][search/phase/query]]; nested: QueryPhaseExecutionException[[test][2]: query[ConstantScore(*:*)],from[0],size[10],sort[<custom:"test-str": org.elasticsearch.index.fielddata.fieldcomparator.BytesRefFieldComparatorSource@28885c77>,<custom:"test-num": org.elasticsearch.index.fielddata.fieldcomparator.LongValuesComparatorSource@106e9d6b>]: Query Failed [Failed to execute main query]]; nested: ElasticsearchException[java.io.IOException: Forced top level Exception on [Terms]]; nested: ExecutionException[java.io.IOException: Forced top level Exception on [Terms]]; nested: IOException[Forced top level Exception on [Terms]]; }]
[2014-02-18 15:58:29,278][INFO ][indices.fielddata.breaker] expected SearchPhaseException: [Failed to execute phase [query], all shards failed; shardFailures {[YhvSpkX-RFGNafHqA5ra1w][test][0]: RemoteTransportException[[node_1][inet[/10.1.10.75:9301]][search/phase/query]]; nested: QueryPhaseExecutionException[[test][0]: query[ConstantScore(*:*)],from[0],size[10],sort[<custom:"test-num": org.elasticsearch.index.fielddata.fieldcomparator.LongValuesComparatorSource@4cd41fd4>]: Query Failed [Failed to execute main query]]; nested: ElasticsearchException[java.io.IOException: Forced top level Exception on [Terms]]; nested: ExecutionException[java.io.IOException: Forced top level Exception on [Terms]]; nested: IOException[Forced top level Exception on [Terms]]; }{[tbUF3y2YTPm1TPdTF8YBYw][test][1]: QueryPhaseExecutionException[[test][1]: query[ConstantScore(*:*)],from[0],size[10],sort[<custom:"test-num": org.elasticsearch.index.fielddata.fieldcomparator.LongValuesComparatorSource@7a75beb3>]: Query Failed [Failed to execute main query]]; nested: ElasticsearchException[java.io.IOException: Forced top level Exception on [Terms]]; nested: ExecutionException[java.io.IOException: Forced top level Exception on [Terms]]; nested: IOException[Forced top level Exception on [Terms]]; }{[FMinfbhkR0qkv0gqZ8eWZw][test][2]: RemoteTransportException[[node_2][inet[/10.1.10.75:9302]][search/phase/query]]; nested: QueryPhaseExecutionException[[test][2]: query[ConstantScore(*:*)],from[0],size[10],sort[<custom:"test-num": org.elasticsearch.index.fielddata.fieldcomparator.LongValuesComparatorSource@7a75beb3>]: Query Failed [Failed to execute main query]]; nested: ElasticsearchException[java.io.IOException: Forced top level Exception on [Terms]]; nested: ExecutionException[java.io.IOException: Forced top level Exception on [Terms]]; nested: IOException[Forced top level Exception on [Terms]]; }]
[2014-02-18 15:58:29,280][WARN ][index.fielddata          ] [node_0] [test] failed to find format [compressed] for field [test-num], will use default
[2014-02-18 15:58:29,280][WARN ][index.fielddata          ] [node_2] [test] failed to find format [compressed] for field [test-num], will use default
[2014-02-18 15:58:29,280][WARN ][index.fielddata          ] [node_1] [test] failed to find format [compressed] for field [test-num], will use default
[2014-02-18 15:58:29,282][INFO ][indices.fielddata.breaker] expected SearchPhaseException: [Failed to execute phase [query], all shards failed; shardFailures {[YhvSpkX-RFGNafHqA5ra1w][test][0]: RemoteTransportException[[node_1][inet[/10.1.10.75:9301]][search/phase/query]]; nested: QueryPhaseExecutionException[[test][0]: query[ConstantScore(*:*)],from[0],size[10],sort[<custom:"test-str": org.elasticsearch.index.fielddata.fieldcomparator.BytesRefFieldComparatorSource@4f8381fa>,<custom:"test-num": org.elasticsearch.index.fielddata.fieldcomparator.LongValuesComparatorSource@42ca6cde>]: Query Failed [Failed to execute main query]]; nested: ElasticsearchException[java.io.IOException: Forced top level Exception on [Terms]]; nested: ExecutionException[java.io.IOException: Forced top level Exception on [Terms]]; nested: IOException[Forced top level Exception on [Terms]]; }{[tbUF3y2YTPm1TPdTF8YBYw][test][1]: RemoteTransportException[[node_0][inet[/10.1.10.75:9300]][search/phase/query]]; nested: QueryPhaseExecutionException[[test][1]: query[ConstantScore(*:*)],from[0],size[10],sort[<custom:"test-str": org.elasticsearch.index.fielddata.fieldcomparator.BytesRefFieldComparatorSource@4267938b>,<custom:"test-num": org.elasticsearch.index.fielddata.fieldcomparator.LongValuesComparatorSource@1e07acbc>]: Query Failed [Failed to execute main query]]; nested: ElasticsearchException[java.io.IOException: Forced top level Exception on [Terms]]; nested: ExecutionException[java.io.IOException: Forced top level Exception on [Terms]]; nested: IOException[Forced top level Exception on [Terms]]; }{[FMinfbhkR0qkv0gqZ8eWZw][test][2]: QueryPhaseExecutionException[[test][2]: query[ConstantScore(*:*)],from[0],size[10],sort[<custom:"test-str": org.elasticsearch.index.fielddata.fieldcomparator.BytesRefFieldComparatorSource@2da4946f>,<custom:"test-num": org.elasticsearch.index.fielddata.fieldcomparator.LongValuesComparatorSource@4c5bd939>]: Query Failed [Failed to execute main query]]; nested: ElasticsearchException[java.io.IOException: Forced top level Exception on [Terms]]; nested: ExecutionException[java.io.IOException: Forced top level Exception on [Terms]]; nested: IOException[Forced top level Exception on [Terms]]; }]
[2014-02-18 15:58:29,284][WARN ][index.fielddata          ] [node_2] [test] failed to find format [compressed] for field [test-num], will use default
[2014-02-18 15:58:29,284][WARN ][index.fielddata          ] [node_0] [test] failed to find format [compressed] for field [test-num], will use default
[2014-02-18 15:58:29,284][WARN ][index.fielddata          ] [node_1] [test] failed to find format [compressed] for field [test-num], will use default
[2014-02-18 15:58:29,288][INFO ][indices.fielddata.breaker] expected SearchPhaseException: [Failed to execute phase [query], all shards failed; shardFailures {[YhvSpkX-RFGNafHqA5ra1w][test][0]: QueryPhaseExecutionException[[test][0]: query[ConstantScore(*:*)],from[0],size[10],sort[<custom:"test-num": org.elasticsearch.index.fielddata.fieldcomparator.LongValuesComparatorSource@5ce7206c>]: Query Failed [Failed to execute main query]]; nested: ElasticsearchException[java.io.IOException: Forced top level Exception on [Terms]]; nested: ExecutionException[java.io.IOException: Forced top level Exception on [Terms]]; nested: IOException[Forced top level Exception on [Terms]]; }{[tbUF3y2YTPm1TPdTF8YBYw][test][1]: RemoteTransportException[[node_0][inet[/10.1.10.75:9300]][search/phase/query]]; nested: QueryPhaseExecutionException[[test][1]: query[ConstantScore(*:*)],from[0],size[10],sort[<custom:"test-num": org.elasticsearch.index.fielddata.fieldcomparator.LongValuesComparatorSource@f8b127f>]: Query Failed [Failed to execute main query]]; nested: ElasticsearchException[java.io.IOException: Forced top level Exception on [Terms]]; nested: ExecutionException[java.io.IOException: Forced top level Exception on [Terms]]; nested: IOException[Forced top level Exception on [Terms]]; }{[FMinfbhkR0qkv0gqZ8eWZw][test][2]: RemoteTransportException[[node_2][inet[/10.1.10.75:9302]][search/phase/query]]; nested: QueryPhaseExecutionException[[test][2]: query[ConstantScore(*:*)],from[0],size[10],sort[<custom:"test-num": org.elasticsearch.index.fielddata.fieldcomparator.LongValuesComparatorSource@35230a92>]: Query Failed [Failed to execute main query]]; nested: ElasticsearchException[java.io.IOException: Forced top level Exception on [Terms]]; nested: ExecutionException[java.io.IOException: Forced top level Exception on [Terms]]; nested: IOException[Forced top level Exception on [Terms]]; }]
[2014-02-18 15:58:29,290][WARN ][index.fielddata          ] [node_2] [test] failed to find format [compressed] for field [test-num], will use default
[2014-02-18 15:58:29,290][WARN ][index.fielddata          ] [node_1] [test] failed to find format [compressed] for field [test-num], will use default
[2014-02-18 15:58:29,290][WARN ][index.fielddata          ] [node_0] [test] failed to find format [compressed] for field [test-num], will use default
[2014-02-18 15:58:29,294][WARN ][index.fielddata          ] [node_2] [test] failed to find format [compressed] for field [test-num], will use default
[2014-02-18 15:58:29,294][WARN ][index.fielddata          ] [node_1] [test] failed to find format [compressed] for field [test-num], will use default
[2014-02-18 15:58:29,294][WARN ][index.fielddata          ] [node_0] [test] failed to find format [compressed] for field [test-num], will use default
[2014-02-18 15:58:29,297][INFO ][indices.fielddata.breaker] expected SearchPhaseException: [Failed to execute phase [query], all shards failed; shardFailures {[YhvSpkX-RFGNafHqA5ra1w][test][0]: RemoteTransportException[[node_1][inet[/10.1.10.75:9301]][search/phase/query]]; nested: QueryPhaseExecutionException[[test][0]: query[ConstantScore(*:*)],from[0],size[10],sort[<custom:"test-str": org.elasticsearch.index.fielddata.fieldcomparator.BytesRefFieldComparatorSource@77587c8f>,<custom:"test-num": org.elasticsearch.index.fielddata.fieldcomparator.LongValuesComparatorSource@5259cd7f>]: Query Failed [Failed to execute main query]]; nested: ElasticsearchException[java.io.IOException: Forced top level Exception on [Terms]]; nested: ExecutionException[java.io.IOException: Forced top level Exception on [Terms]]; nested: IOException[Forced top level Exception on [Terms]]; }{[tbUF3y2YTPm1TPdTF8YBYw][test][1]: RemoteTransportException[[node_0][inet[/10.1.10.75:9300]][search/phase/query]]; nested: QueryPhaseExecutionException[[test][1]: query[ConstantScore(*:*)],from[0],size[10],sort[<custom:"test-str": org.elasticsearch.index.fielddata.fieldcomparator.BytesRefFieldComparatorSource@68330a5e>,<custom:"test-num": org.elasticsearch.index.fielddata.fieldcomparator.LongValuesComparatorSource@6eedd6c3>]: Query Failed [Failed to execute main query]]; nested: ElasticsearchException[java.io.IOException: Forced top level Exception on [Terms]]; nested: ExecutionException[java.io.IOException: Forced top level Exception on [Terms]]; nested: IOException[Forced top level Exception on [Terms]]; }{[FMinfbhkR0qkv0gqZ8eWZw][test][2]: QueryPhaseExecutionException[[test][2]: query[ConstantScore(*:*)],from[0],size[10],sort[<custom:"test-str": org.elasticsearch.index.fielddata.fieldcomparator.BytesRefFieldComparatorSource@32ab3ea9>,<custom:"test-num": org.elasticsearch.index.fielddata.fieldcomparator.LongValuesComparatorSource@89ee33c>]: Query Failed [Failed to execute main query]]; nested: ElasticsearchException[java.io.IOException: Forced top level Exception on [Terms]]; nested: ExecutionException[java.io.IOException: Forced top level Exception on [Terms]]; nested: IOException[Forced top level Exception on [Terms]]; }]
[2014-02-18 15:58:29,298][WARN ][index.fielddata          ] [node_2] [test] failed to find format [compressed] for field [test-num], will use default
[2014-02-18 15:58:29,298][WARN ][index.fielddata          ] [node_1] [test] failed to find format [compressed] for field [test-num], will use default
[2014-02-18 15:58:29,298][WARN ][index.fielddata          ] [node_0] [test] failed to find format [compressed] for field [test-num], will use default
[2014-02-18 15:58:29,303][WARN ][index.fielddata          ] [node_0] [test] failed to find format [compressed] for field [test-num], will use default
[2014-02-18 15:58:29,303][WARN ][index.fielddata          ] [node_2] [test] failed to find format [compressed] for field [test-num], will use default
[2014-02-18 15:58:29,303][WARN ][index.fielddata          ] [node_1] [test] failed to find format [compressed] for field [test-num], will use default
[2014-02-18 15:58:29,307][INFO ][indices.fielddata.breaker] expected SearchPhaseException: [Failed to execute phase [query], all shards failed; shardFailures {[YhvSpkX-RFGNafHqA5ra1w][test][0]: QueryPhaseExecutionException[[test][0]: query[ConstantScore(*:*)],from[0],size[10],sort[<custom:"test-str": org.elasticsearch.index.fielddata.fieldcomparator.BytesRefFieldComparatorSource@2ecff955>,<custom:"test-num": org.elasticsearch.index.fielddata.fieldcomparator.LongValuesComparatorSource@28f19c9a>]: Query Failed [Failed to execute main query]]; nested: ElasticsearchException[java.io.IOException: Forced top level Exception on [Terms]]; nested: ExecutionException[java.io.IOException: Forced top level Exception on [Terms]]; nested: IOException[Forced top level Exception on [Terms]]; }{[tbUF3y2YTPm1TPdTF8YBYw][test][1]: RemoteTransportException[[node_0][inet[/10.1.10.75:9300]][search/phase/query]]; nested: QueryPhaseExecutionException[[test][1]: query[ConstantScore(*:*)],from[0],size[10],sort[<custom:"test-str": org.elasticsearch.index.fielddata.fieldcomparator.BytesRefFieldComparatorSource@3877fb8e>,<custom:"test-num": org.elasticsearch.index.fielddata.fieldcomparator.LongValuesComparatorSource@4d244498>]: Query Failed [Failed to execute main query]]; nested: ElasticsearchException[java.io.IOException: Forced top level Exception on [Terms]]; nested: ExecutionException[java.io.IOException: Forced top level Exception on [Terms]]; nested: IOException[Forced top level Exception on [Terms]]; }{[FMinfbhkR0qkv0gqZ8eWZw][test][2]: RemoteTransportException[[node_2][inet[/10.1.10.75:9302]][search/phase/query]]; nested: QueryPhaseExecutionException[[test][2]: query[ConstantScore(*:*)],from[0],size[10],sort[<custom:"test-str": org.elasticsearch.index.fielddata.fieldcomparator.BytesRefFieldComparatorSource@6e03eca2>,<custom:"test-num": org.elasticsearch.index.fielddata.fieldcomparator.LongValuesComparatorSource@43a4b81b>]: Query Failed [Failed to execute main query]]; nested: ElasticsearchException[java.io.IOException: Forced top level Exception on [Terms]]; nested: ExecutionException[java.io.IOException: Forced top level Exception on [Terms]]; nested: IOException[Forced top level Exception on [Terms]]; }]
[2014-02-18 15:58:29,309][WARN ][index.fielddata          ] [node_1] [test] failed to find format [compressed] for field [test-num], will use default
[2014-02-18 15:58:29,309][WARN ][index.fielddata          ] [node_2] [test] failed to find format [compressed] for field [test-num], will use default
[2014-02-18 15:58:29,309][WARN ][index.fielddata          ] [node_0] [test] failed to find format [compressed] for field [test-num], will use default
[2014-02-18 15:58:29,312][INFO ][indices.fielddata.breaker] expected SearchPhaseException: [Failed to execute phase [query], all shards failed; shardFailures {[YhvSpkX-RFGNafHqA5ra1w][test][0]: QueryPhaseExecutionException[[test][0]: query[ConstantScore(*:*)],from[0],size[10],sort[<custom:"test-num": org.elasticsearch.index.fielddata.fieldcomparator.LongValuesComparatorSource@513abd39>]: Query Failed [Failed to execute main query]]; nested: ElasticsearchException[java.io.IOException: Forced top level Exception on [Terms]]; nested: ExecutionException[java.io.IOException: Forced top level Exception on [Terms]]; nested: IOException[Forced top level Exception on [Terms]]; }{[tbUF3y2YTPm1TPdTF8YBYw][test][1]: RemoteTransportException[[node_0][inet[/10.1.10.75:9300]][search/phase/query]]; nested: QueryPhaseExecutionException[[test][1]: query[ConstantScore(*:*)],from[0],size[10],sort[<custom:"test-num": org.elasticsearch.index.fielddata.fieldcomparator.LongValuesComparatorSource@44479769>]: Query Failed [Failed to execute main query]]; nested: ElasticsearchException[java.io.IOException: Forced top level Exception on [Terms]]; nested: ExecutionException[java.io.IOException: Forced top level Exception on [Terms]]; nested: IOException[Forced top level Exception on [Terms]]; }{[FMinfbhkR0qkv0gqZ8eWZw][test][2]: RemoteTransportException[[node_2][inet[/10.1.10.75:9302]][search/phase/query]]; nested: QueryPhaseExecutionException[[test][2]: query[ConstantScore(*:*)],from[0],size[10],sort[<custom:"test-num": org.elasticsearch.index.fielddata.fieldcomparator.LongValuesComparatorSource@675d12d8>]: Query Failed [Failed to execute main query]]; nested: ElasticsearchException[java.io.IOException: Forced top level Exception on [Terms]]; nested: ExecutionException[java.io.IOException: Forced top level Exception on [Terms]]; nested: IOException[Forced top level Exception on [Terms]]; }]
[2014-02-18 15:58:29,314][WARN ][index.fielddata          ] [node_1] [test] failed to find format [compressed] for field [test-num], will use default
[2014-02-18 15:58:29,314][WARN ][index.fielddata          ] [node_2] [test] failed to find format [compressed] for field [test-num], will use default
[2014-02-18 15:58:29,314][WARN ][index.fielddata          ] [node_0] [test] failed to find format [compressed] for field [test-num], will use default
[2014-02-18 15:58:29,316][INFO ][indices.fielddata.breaker] expected SearchPhaseException: [Failed to execute phase [query], all shards failed; shardFailures {[YhvSpkX-RFGNafHqA5ra1w][test][0]: RemoteTransportException[[node_1][inet[/10.1.10.75:9301]][search/phase/query]]; nested: QueryPhaseExecutionException[[test][0]: query[ConstantScore(*:*)],from[0],size[10],sort[<custom:"test-str": org.elasticsearch.index.fielddata.fieldcomparator.BytesRefFieldComparatorSource@45d4228f>,<custom:"test-num": org.elasticsearch.index.fielddata.fieldcomparator.LongValuesComparatorSource@6a28fe19>]: Query Failed [Failed to execute main query]]; nested: ElasticsearchException[java.io.IOException: Forced top level Exception on [Terms]]; nested: ExecutionException[java.io.IOException: Forced top level Exception on [Terms]]; nested: IOException[Forced top level Exception on [Terms]]; }{[tbUF3y2YTPm1TPdTF8YBYw][test][1]: RemoteTransportException[[node_0][inet[/10.1.10.75:9300]][search/phase/query]]; nested: QueryPhaseExecutionException[[test][1]: query[ConstantScore(*:*)],from[0],size[10],sort[<custom:"test-str": org.elasticsearch.index.fielddata.fieldcomparator.BytesRefFieldComparatorSource@5c8af5d7>,<custom:"test-num": org.elasticsearch.index.fielddata.fieldcomparator.LongValuesComparatorSource@271225b8>]: Query Failed [Failed to execute main query]]; nested: ElasticsearchException[java.io.IOException: Forced top level Exception on [Terms]]; nested: ExecutionException[java.io.IOException: Forced top level Exception on [Terms]]; nested: IOException[Forced top level Exception on [Terms]]; }{[FMinfbhkR0qkv0gqZ8eWZw][test][2]: QueryPhaseExecutionException[[test][2]: query[ConstantScore(*:*)],from[0],size[10],sort[<custom:"test-str": org.elasticsearch.index.fielddata.fieldcomparator.BytesRefFieldComparatorSource@5900974b>,<custom:"test-num": org.elasticsearch.index.fielddata.fieldcomparator.LongValuesComparatorSource@35ccea93>]: Query Failed [Failed to execute main query]]; nested: ElasticsearchException[java.io.IOException: Forced top level Exception on [Terms]]; nested: ExecutionException[java.io.IOException: Forced top level Exception on [Terms]]; nested: IOException[Forced top level Exception on [Terms]]; }]
[2014-02-18 15:58:29,318][WARN ][index.fielddata          ] [node_1] [test] failed to find format [compressed] for field [test-num], will use default
[2014-02-18 15:58:29,318][WARN ][index.fielddata          ] [node_2] [test] failed to find format [compressed] for field [test-num], will use default
[2014-02-18 15:58:29,318][WARN ][index.fielddata          ] [node_0] [test] failed to find format [compressed] for field [test-num], will use default
[2014-02-18 15:58:29,324][INFO ][indices.fielddata.breaker] expected SearchPhaseException: [Failed to execute phase [query], all shards failed; shardFailures {[YhvSpkX-RFGNafHqA5ra1w][test][0]: QueryPhaseExecutionException[[test][0]: query[ConstantScore(*:*)],from[0],size[10],sort[<custom:"test-str": org.elasticsearch.index.fielddata.fieldcomparator.BytesRefFieldComparatorSource@47564e1a>,<custom:"test-num": org.elasticsearch.index.fielddata.fieldcomparator.LongValuesComparatorSource@7321b18c>]: Query Failed [Failed to execute main query]]; nested: ElasticsearchException[java.io.IOException: Forced top level Exception on [Terms]]; nested: ExecutionException[java.io.IOException: Forced top level Exception on [Terms]]; nested: IOException[Forced top level Exception on [Terms]]; }{[tbUF3y2YTPm1TPdTF8YBYw][test][1]: RemoteTransportException[[node_0][inet[/10.1.10.75:9300]][search/phase/query]]; nested: QueryPhaseExecutionException[[test][1]: query[ConstantScore(*:*)],from[0],size[10],sort[<custom:"test-str": org.elasticsearch.index.fielddata.fieldcomparator.BytesRefFieldComparatorSource@36017694>,<custom:"test-num": org.elasticsearch.index.fielddata.fieldcomparator.LongValuesComparatorSource@1a100a3f>]: Query Failed [Failed to execute main query]]; nested: ElasticsearchException[java.io.IOException: Forced top level Exception on [Terms]]; nested: ExecutionException[java.io.IOException: Forced top level Exception on [Terms]]; nested: IOException[Forced top level Exception on [Terms]]; }{[FMinfbhkR0qkv0gqZ8eWZw][test][2]: RemoteTransportException[[node_2][inet[/10.1.10.75:9302]][search/phase/query]]; nested: QueryPhaseExecutionException[[test][2]: query[ConstantScore(*:*)],from[0],size[10],sort[<custom:"test-str": org.elasticsearch.index.fielddata.fieldcomparator.BytesRefFieldComparatorSource@290f9961>,<custom:"test-num": org.elasticsearch.index.fielddata.fieldcomparator.LongValuesComparatorSource@3f1ec456>]: Query Failed [Failed to execute main query]]; nested: ElasticsearchException[java.io.IOException: Forced top level Exception on [Terms]]; nested: ExecutionException[java.io.IOException: Forced top level Exception on [Terms]]; nested: IOException[Forced top level Exception on [Terms]]; }]
[2014-02-18 15:58:29,327][WARN ][index.fielddata          ] [node_2] [test] failed to find format [compressed] for field [test-num], will use default
[2014-02-18 15:58:29,327][WARN ][index.fielddata          ] [node_0] [test] failed to find format [compressed] for field [test-num], will use default
[2014-02-18 15:58:29,327][WARN ][index.fielddata          ] [node_1] [test] failed to find format [compressed] for field [test-num], will use default
[2014-02-18 15:58:29,331][INFO ][indices.fielddata.breaker] expected SearchPhaseException: [Failed to execute phase [query], all shards failed; shardFailures {[YhvSpkX-RFGNafHqA5ra1w][test][0]: QueryPhaseExecutionException[[test][0]: query[ConstantScore(*:*)],from[0],size[10],sort[<custom:"test-num": org.elasticsearch.index.fielddata.fieldcomparator.LongValuesComparatorSource@3fbd46e9>]: Query Failed [Failed to execute main query]]; nested: ElasticsearchException[java.io.IOException: Forced top level Exception on [Terms]]; nested: ExecutionException[java.io.IOException: Forced top level Exception on [Terms]]; nested: IOException[Forced top level Exception on [Terms]]; }{[tbUF3y2YTPm1TPdTF8YBYw][test][1]: RemoteTransportException[[node_0][inet[/10.1.10.75:9300]][search/phase/query]]; nested: QueryPhaseExecutionException[[test][1]: query[ConstantScore(*:*)],from[0],size[10],sort[<custom:"test-num": org.elasticsearch.index.fielddata.fieldcomparator.LongValuesComparatorSource@344b5f25>]: Query Failed [Failed to execute main query]]; nested: ElasticsearchException[java.io.IOException: Forced top level Exception on [Terms]]; nested: ExecutionException[java.io.IOException: Forced top level Exception on [Terms]]; nested: IOException[Forced top level Exception on [Terms]]; }{[FMinfbhkR0qkv0gqZ8eWZw][test][2]: RemoteTransportException[[node_2][inet[/10.1.10.75:9302]][search/phase/query]]; nested: QueryPhaseExecutionException[[test][2]: query[ConstantScore(*:*)],from[0],size[10],sort[<custom:"test-num": org.elasticsearch.index.fielddata.fieldcomparator.LongValuesComparatorSource@69f531da>]: Query Failed [Failed to execute main query]]; nested: ElasticsearchException[java.io.IOException: Forced top level Exception on [Terms]]; nested: ExecutionException[java.io.IOException: Forced top level Exception on [Terms]]; nested: IOException[Forced top level Exception on [Terms]]; }]
[2014-02-18 15:58:29,333][WARN ][index.fielddata          ] [node_0] [test] failed to find format [compressed] for field [test-num], will use default
[2014-02-18 15:58:29,333][WARN ][index.fielddata          ] [node_1] [test] failed to find format [compressed] for field [test-num], will use default
[2014-02-18 15:58:29,333][WARN ][index.fielddata          ] [node_2] [test] failed to find format [compressed] for field [test-num], will use default
[2014-02-18 15:58:29,337][WARN ][index.fielddata          ] [node_2] [test] failed to find format [compressed] for field [test-num], will use default
[2014-02-18 15:58:29,337][WARN ][index.fielddata          ] [node_1] [test] failed to find format [compressed] for field [test-num], will use default
[2014-02-18 15:58:29,337][WARN ][index.fielddata          ] [node_0] [test] failed to find format [compressed] for field [test-num], will use default
[2014-02-18 15:58:29,343][WARN ][index.fielddata          ] [node_1] [test] failed to find format [compressed] for field [test-num], will use default
[2014-02-18 15:58:29,343][WARN ][index.fielddata          ] [node_2] [test] failed to find format [compressed] for field [test-num], will use default
[2014-02-18 15:58:29,343][WARN ][index.fielddata          ] [node_0] [test] failed to find format [compressed] for field [test-num], will use default
[2014-02-18 15:58:29,347][INFO ][indices.fielddata.breaker] expected SearchPhaseException: [Failed to execute phase [query], all shards failed; shardFailures {[YhvSpkX-RFGNafHqA5ra1w][test][0]: QueryPhaseExecutionException[[test][0]: query[ConstantScore(*:*)],from[0],size[10],sort[<custom:"test-str": org.elasticsearch.index.fielddata.fieldcomparator.BytesRefFieldComparatorSource@3874c31b>,<custom:"test-num": org.elasticsearch.index.fielddata.fieldcomparator.LongValuesComparatorSource@6a1ee003>]: Query Failed [Failed to execute main query]]; nested: ElasticsearchException[java.io.IOException: Forced top level Exception on [Terms]]; nested: ExecutionException[java.io.IOException: Forced top level Exception on [Terms]]; nested: IOException[Forced top level Exception on [Terms]]; }{[tbUF3y2YTPm1TPdTF8YBYw][test][1]: RemoteTransportException[[node_0][inet[/10.1.10.75:9300]][search/phase/query]]; nested: QueryPhaseExecutionException[[test][1]: query[ConstantScore(*:*)],from[0],size[10],sort[<custom:"test-str": org.elasticsearch.index.fielddata.fieldcomparator.BytesRefFieldComparatorSource@6649094f>,<custom:"test-num": org.elasticsearch.index.fielddata.fieldcomparator.LongValuesComparatorSource@450255ff>]: Query Failed [Failed to execute main query]]; nested: ElasticsearchException[java.io.IOException: Forced top level Exception on [Terms]]; nested: ExecutionException[java.io.IOException: Forced top level Exception on [Terms]]; nested: IOException[Forced top level Exception on [Terms]]; }{[FMinfbhkR0qkv0gqZ8eWZw][test][2]: RemoteTransportException[[node_2][inet[/10.1.10.75:9302]][search/phase/query]]; nested: QueryPhaseExecutionException[[test][2]: query[ConstantScore(*:*)],from[0],size[10],sort[<custom:"test-str": org.elasticsearch.index.fielddata.fieldcomparator.BytesRefFieldComparatorSource@3874c31b>,<custom:"test-num": org.elasticsearch.index.fielddata.fieldcomparator.LongValuesComparatorSource@79b53e91>]: Query Failed [Failed to execute main query]]; nested: ElasticsearchException[java.io.IOException: Forced top level Exception on [Terms]]; nested: ExecutionException[java.io.IOException: Forced top level Exception on [Terms]]; nested: IOException[Forced top level Exception on [Terms]]; }]
[2014-02-18 15:58:29,353][WARN ][index.fielddata          ] [node_1] [test] failed to find format [compressed] for field [test-num], will use default
[2014-02-18 15:58:29,353][WARN ][index.fielddata          ] [node_0] [test] failed to find format [compressed] for field [test-num], will use default
[2014-02-18 15:58:29,353][WARN ][index.fielddata          ] [node_2] [test] failed to find format [compressed] for field [test-num], will use default
[2014-02-18 15:58:29,358][WARN ][index.fielddata          ] [node_0] [test] failed to find format [compressed] for field [test-num], will use default
[2014-02-18 15:58:29,358][WARN ][index.fielddata          ] [node_2] [test] failed to find format [compressed] for field [test-num], will use default
[2014-02-18 15:58:29,358][WARN ][index.fielddata          ] [node_1] [test] failed to find format [compressed] for field [test-num], will use default
[2014-02-18 15:58:29,363][INFO ][indices.fielddata.breaker] [RandomExceptionCircuitBreakerTests#testBreakerWithRandomExceptions]: cleaning up after test
[2014-02-18 15:58:29,364][INFO ][cluster.metadata         ] [node_0] [test] deleting index
[2014-02-18 15:58:29,387][INFO ][indices.fielddata.breaker] [RandomExceptionCircuitBreakerTests#testBreakerWithRandomExceptions]: cleaned up after test
[2014-02-18 15:58:29,394][INFO ][test                     ] Test testBreakerWithRandomExceptions(org.elasticsearch.indices.fielddata.breaker.RandomExceptionCircuitBreakerTests) finished
]]></system-out>
   <system-err><![CDATA[]]></system-err>
</testsuite>