<testsuite errors="0" failures="0" tests="27" skipped="0" name="org.elasticsearch.count.query.SimpleQueryTests" hostname="nohost.nodomain" time="8.006" timestamp="2014-02-18T15:55:16">
   <properties class="java.util.ArrayList">
      <property name="awt.toolkit" value="sun.lwawt.macosx.LWCToolkit"/>
      <property name="es.logger.level" value="INFO"/>
      <property name="es.logger.prefix" value=""/>
      <property name="es.node.local" value=""/>
      <property name="es.node.mode" value=""/>
      <property name="file.encoding" value="UTF-8"/>
      <property name="file.encoding.pkg" value="sun.io"/>
      <property name="file.separator" value="/"/>
      <property name="ftp.nonProxyHosts" value="local|*.local|169.254/16|*.169.254/16"/>
      <property name="gopherProxySet" value="false"/>
      <property name="http.nonProxyHosts" value="local|*.local|169.254/16|*.169.254/16"/>
      <property name="java.awt.graphicsenv" value="sun.awt.CGraphicsEnvironment"/>
      <property name="java.awt.headless" value="true"/>
      <property name="java.awt.printerjob" value="sun.lwawt.macosx.CPrinterJob"/>
      <property name="java.class.path" value="/Users/bhwang/elasticsearch/target/test-classes:/Users/bhwang/elasticsearch/target/classes:/Users/bhwang/.m2/repository/org/hamcrest/hamcrest-all/1.3/hamcrest-all-1.3.jar:/Users/bhwang/.m2/repository/com/carrotsearch/randomizedtesting/randomizedtesting-runner/2.0.15/randomizedtesting-runner-2.0.15.jar:/Users/bhwang/.m2/repository/junit/junit/4.10/junit-4.10.jar:/Users/bhwang/.m2/repository/org/apache/lucene/lucene-test-framework/4.6.1/lucene-test-framework-4.6.1.jar:/Users/bhwang/.m2/repository/org/apache/lucene/lucene-expressions/4.6.1/lucene-expressions-4.6.1.jar:/Users/bhwang/.m2/repository/org/antlr/antlr-runtime/3.5/antlr-runtime-3.5.jar:/Users/bhwang/.m2/repository/org/ow2/asm/asm/4.1/asm-4.1.jar:/Users/bhwang/.m2/repository/org/ow2/asm/asm-commons/4.1/asm-commons-4.1.jar:/Users/bhwang/.m2/repository/org/apache/httpcomponents/httpclient/4.3.1/httpclient-4.3.1.jar:/Users/bhwang/.m2/repository/org/apache/httpcomponents/httpcore/4.3/httpcore-4.3.jar:/Users/bhwang/.m2/repository/commons-logging/commons-logging/1.1.3/commons-logging-1.1.3.jar:/Users/bhwang/.m2/repository/commons-codec/commons-codec/1.6/commons-codec-1.6.jar:/Users/bhwang/.m2/repository/org/apache/lucene/lucene-core/4.6.1/lucene-core-4.6.1.jar:/Users/bhwang/.m2/repository/org/apache/lucene/lucene-analyzers-common/4.6.1/lucene-analyzers-common-4.6.1.jar:/Users/bhwang/.m2/repository/org/apache/lucene/lucene-codecs/4.6.1/lucene-codecs-4.6.1.jar:/Users/bhwang/.m2/repository/org/apache/lucene/lucene-queries/4.6.1/lucene-queries-4.6.1.jar:/Users/bhwang/.m2/repository/org/apache/lucene/lucene-memory/4.6.1/lucene-memory-4.6.1.jar:/Users/bhwang/.m2/repository/org/apache/lucene/lucene-highlighter/4.6.1/lucene-highlighter-4.6.1.jar:/Users/bhwang/.m2/repository/org/apache/lucene/lucene-queryparser/4.6.1/lucene-queryparser-4.6.1.jar:/Users/bhwang/.m2/repository/org/apache/lucene/lucene-sandbox/4.6.1/lucene-sandbox-4.6.1.jar:/Users/bhwang/.m2/repository/org/apache/lucene/lucene-suggest/4.6.1/lucene-suggest-4.6.1.jar:/Users/bhwang/.m2/repository/org/apache/lucene/lucene-misc/4.6.1/lucene-misc-4.6.1.jar:/Users/bhwang/.m2/repository/org/apache/lucene/lucene-join/4.6.1/lucene-join-4.6.1.jar:/Users/bhwang/.m2/repository/org/apache/lucene/lucene-grouping/4.6.1/lucene-grouping-4.6.1.jar:/Users/bhwang/.m2/repository/org/apache/lucene/lucene-spatial/4.6.1/lucene-spatial-4.6.1.jar:/Users/bhwang/.m2/repository/com/spatial4j/spatial4j/0.3/spatial4j-0.3.jar:/Users/bhwang/.m2/repository/com/vividsolutions/jts/1.12/jts-1.12.jar:/Users/bhwang/.m2/repository/com/google/guava/guava/16.0/guava-16.0.jar:/Users/bhwang/.m2/repository/com/carrotsearch/hppc/0.5.3/hppc-0.5.3.jar:/Users/bhwang/.m2/repository/joda-time/joda-time/2.3/joda-time-2.3.jar:/Users/bhwang/.m2/repository/org/joda/joda-convert/1.2/joda-convert-1.2.jar:/Users/bhwang/.m2/repository/org/mvel/mvel2/2.1.5.Final/mvel2-2.1.5.Final.jar:/Users/bhwang/.m2/repository/com/fasterxml/jackson/core/jackson-core/2.3.0/jackson-core-2.3.0.jar:/Users/bhwang/.m2/repository/com/fasterxml/jackson/dataformat/jackson-dataformat-smile/2.3.0/jackson-dataformat-smile-2.3.0.jar:/Users/bhwang/.m2/repository/com/fasterxml/jackson/dataformat/jackson-dataformat-yaml/2.3.0/jackson-dataformat-yaml-2.3.0.jar:/Users/bhwang/.m2/repository/io/netty/netty/3.9.0.Final/netty-3.9.0.Final.jar:/Users/bhwang/.m2/repository/com/ning/compress-lzf/0.9.6/compress-lzf-0.9.6.jar:/Users/bhwang/.m2/repository/log4j/log4j/1.2.17/log4j-1.2.17.jar:/Users/bhwang/.m2/repository/org/slf4j/slf4j-api/1.6.2/slf4j-api-1.6.2.jar:/Users/bhwang/.m2/repository/net/java/dev/jna/jna/3.3.0/jna-3.3.0.jar:/Users/bhwang/.m2/repository/org/fusesource/sigar/1.6.4/sigar-1.6.4.jar:/Users/bhwang/.m2/repository/com/carrotsearch/randomizedtesting/junit4-ant/2.0.15/junit4-ant-2.0.15.jar"/>
      <property name="java.class.version" value="51.0"/>
      <property name="java.endorsed.dirs" value="/Library/Java/JavaVirtualMachines/jdk1.7.0_45.jdk/Contents/Home/jre/lib/endorsed"/>
      <property name="java.ext.dirs" value="/Users/bhwang/Library/Java/Extensions:/Library/Java/JavaVirtualMachines/jdk1.7.0_45.jdk/Contents/Home/jre/lib/ext:/Library/Java/Extensions:/Network/Library/Java/Extensions:/System/Library/Java/Extensions:/usr/lib/java"/>
      <property name="java.home" value="/Library/Java/JavaVirtualMachines/jdk1.7.0_45.jdk/Contents/Home/jre"/>
      <property name="java.io.tmpdir" value="."/>
      <property name="java.library.path" value="/Users/bhwang/Library/Java/Extensions:/Library/Java/Extensions:/Network/Library/Java/Extensions:/System/Library/Java/Extensions:/usr/lib/java:."/>
      <property name="java.runtime.name" value="Java(TM) SE Runtime Environment"/>
      <property name="java.runtime.version" value="1.7.0_45-b18"/>
      <property name="java.security.policy" value="/Users/bhwang/elasticsearch/dev-tools/tests.policy"/>
      <property name="java.specification.name" value="Java Platform API Specification"/>
      <property name="java.specification.vendor" value="Oracle Corporation"/>
      <property name="java.specification.version" value="1.7"/>
      <property name="java.vendor" value="Oracle Corporation"/>
      <property name="java.vendor.url" value="http://java.oracle.com/"/>
      <property name="java.vendor.url.bug" value="http://bugreport.sun.com/bugreport/"/>
      <property name="java.version" value="1.7.0_45"/>
      <property name="java.vm.info" value="mixed mode"/>
      <property name="java.vm.name" value="Java HotSpot(TM) 64-Bit Server VM"/>
      <property name="java.vm.specification.name" value="Java Virtual Machine Specification"/>
      <property name="java.vm.specification.vendor" value="Oracle Corporation"/>
      <property name="java.vm.specification.version" value="1.7"/>
      <property name="java.vm.vendor" value="Oracle Corporation"/>
      <property name="java.vm.version" value="24.45-b08"/>
      <property name="junit4.childvm.cwd" value="/Users/bhwang/elasticsearch/target/J0"/>
      <property name="junit4.childvm.id" value="0"/>
      <property name="junit4.memory.total" value="128974848"/>
      <property name="junit4.pidString" value="6815@Bills-MacBook-Pro.local"/>
      <property name="junit4.processors" value="4"/>
      <property name="junit4.tempDir" value="/Users/bhwang/elasticsearch/target"/>
      <property name="line.separator" value="
"/>
      <property name="os.arch" value="x86_64"/>
      <property name="os.name" value="Mac OS X"/>
      <property name="os.version" value="10.9.1"/>
      <property name="path.separator" value=":"/>
      <property name="socksNonProxyHosts" value="local|*.local|169.254/16|*.169.254/16"/>
      <property name="sun.arch.data.model" value="64"/>
      <property name="sun.boot.class.path" value="/Library/Java/JavaVirtualMachines/jdk1.7.0_45.jdk/Contents/Home/jre/lib/resources.jar:/Library/Java/JavaVirtualMachines/jdk1.7.0_45.jdk/Contents/Home/jre/lib/rt.jar:/Library/Java/JavaVirtualMachines/jdk1.7.0_45.jdk/Contents/Home/jre/lib/sunrsasign.jar:/Library/Java/JavaVirtualMachines/jdk1.7.0_45.jdk/Contents/Home/jre/lib/jsse.jar:/Library/Java/JavaVirtualMachines/jdk1.7.0_45.jdk/Contents/Home/jre/lib/jce.jar:/Library/Java/JavaVirtualMachines/jdk1.7.0_45.jdk/Contents/Home/jre/lib/charsets.jar:/Library/Java/JavaVirtualMachines/jdk1.7.0_45.jdk/Contents/Home/jre/lib/jfr.jar:/Library/Java/JavaVirtualMachines/jdk1.7.0_45.jdk/Contents/Home/jre/lib/JObjC.jar:/Library/Java/JavaVirtualMachines/jdk1.7.0_45.jdk/Contents/Home/jre/classes"/>
      <property name="sun.boot.library.path" value="/Library/Java/JavaVirtualMachines/jdk1.7.0_45.jdk/Contents/Home/jre/lib"/>
      <property name="sun.cpu.endian" value="little"/>
      <property name="sun.cpu.isalist" value=""/>
      <property name="sun.io.unicode.encoding" value="UnicodeBig"/>
      <property name="sun.java.command" value="com.carrotsearch.ant.tasks.junit4.slave.SlaveMainSafe -flush -eventsfile /Users/bhwang/elasticsearch/target/junit4-J0-20140218_153326_767.events @/Users/bhwang/elasticsearch/target/junit4-J0-20140218_153326_767.suites -stdin"/>
      <property name="sun.java.launcher" value="SUN_STANDARD"/>
      <property name="sun.jnu.encoding" value="UTF-8"/>
      <property name="sun.management.compiler" value="HotSpot 64-Bit Tiered Compilers"/>
      <property name="sun.os.patch.level" value="unknown"/>
      <property name="tests.appendseed" value=""/>
      <property name="tests.assertion.disabled" value=""/>
      <property name="tests.awaitsfix" value=""/>
      <property name="tests.badapples" value=""/>
      <property name="tests.class" value=""/>
      <property name="tests.client.ratio" value=""/>
      <property name="tests.cluster_seed" value=""/>
      <property name="tests.enable_mock_modules" value=""/>
      <property name="tests.failfast" value=""/>
      <property name="tests.integration" value=""/>
      <property name="tests.iters" value=""/>
      <property name="tests.jvm.argline" value=""/>
      <property name="tests.maxfailures" value=""/>
      <property name="tests.method" value=""/>
      <property name="tests.network" value=""/>
      <property name="tests.nightly" value=""/>
      <property name="tests.prefix" value="tests"/>
      <property name="tests.rest" value=""/>
      <property name="tests.rest.spec" value=""/>
      <property name="tests.rest.suite" value=""/>
      <property name="tests.security.manager" value=""/>
      <property name="tests.seed" value="A89B4FF56754358E"/>
      <property name="tests.showSuccess" value=""/>
      <property name="tests.slow" value=""/>
      <property name="tests.timeoutSuite" value=""/>
      <property name="tests.weekly" value=""/>
      <property name="user.country" value="US"/>
      <property name="user.dir" value="/Users/bhwang/elasticsearch/target/J0"/>
      <property name="user.home" value="/Users/bhwang"/>
      <property name="user.language" value="en"/>
      <property name="user.name" value="bhwang"/>
      <property name="user.timezone" value=""/>
   </properties>
   <testcase classname="org.elasticsearch.count.query.SimpleQueryTests" name="passQueryAsStringTest" time="0.141"/>
   <testcase classname="org.elasticsearch.count.query.SimpleQueryTests" name="testMatchQueryZeroTermsQuery" time="0.144"/>
   <testcase classname="org.elasticsearch.count.query.SimpleQueryTests" name="typeFilterTypeNotIndexedTests" time="0.197"/>
   <testcase classname="org.elasticsearch.count.query.SimpleQueryTests" name="testMatchQueryNumeric" time="0.232"/>
   <testcase classname="org.elasticsearch.count.query.SimpleQueryTests" name="testEmptyTermsFilter" time="0.857"/>
   <testcase classname="org.elasticsearch.count.query.SimpleQueryTests" name="testBasicFilterById" time="0.521"/>
   <testcase classname="org.elasticsearch.count.query.SimpleQueryTests" name="typeFilterTypeIndexedTests" time="0.114"/>
   <testcase classname="org.elasticsearch.count.query.SimpleQueryTests" name="testDateRangeInQueryString" time="0.159"/>
   <testcase classname="org.elasticsearch.count.query.SimpleQueryTests" name="idsFilterTestsIdNotIndexed" time="0.102"/>
   <testcase classname="org.elasticsearch.count.query.SimpleQueryTests" name="filterExistsMissingTests" time="0.116"/>
   <testcase classname="org.elasticsearch.count.query.SimpleQueryTests" name="testLimitFilter" time="0.219"/>
   <testcase classname="org.elasticsearch.count.query.SimpleQueryTests" name="testFuzzyQueryString" time="0.163"/>
   <testcase classname="org.elasticsearch.count.query.SimpleQueryTests" name="testTermsLookupFilter" time="1.58"/>
   <testcase classname="org.elasticsearch.count.query.SimpleQueryTests" name="testSimpleSpan" time="0.187"/>
   <testcase classname="org.elasticsearch.count.query.SimpleQueryTests" name="testMultiMatchQueryMinShouldMatch" time="0.213"/>
   <testcase classname="org.elasticsearch.count.query.SimpleQueryTests" name="testMultiMatchQueryZeroTermsQuery" time="0.217"/>
   <testcase classname="org.elasticsearch.count.query.SimpleQueryTests" name="testLowercaseExpandedTerms" time="0.205"/>
   <testcase classname="org.elasticsearch.count.query.SimpleQueryTests" name="testMultiMatchQuery" time="0.231"/>
   <testcase classname="org.elasticsearch.count.query.SimpleQueryTests" name="testSpecialRangeSyntaxInQueryString" time="0.191"/>
   <testcase classname="org.elasticsearch.count.query.SimpleQueryTests" name="passQueryAsJSONStringTest" time="0.107"/>
   <testcase classname="org.elasticsearch.count.query.SimpleQueryTests" name="idsFilterTestsIdIndexed" time="0.153"/>
   <testcase classname="org.elasticsearch.count.query.SimpleQueryTests" name="testIndexOptions" time="0.239"/>
   <testcase classname="org.elasticsearch.count.query.SimpleQueryTests" name="testFiltersWithCustomCacheKey" time="0.52"/>
   <testcase classname="org.elasticsearch.count.query.SimpleQueryTests" name="testCommonTermsQuery" time="0.185"/>
   <testcase classname="org.elasticsearch.count.query.SimpleQueryTests" name="queryStringAnalyzedWildcard" time="0.106"/>
   <testcase classname="org.elasticsearch.count.query.SimpleQueryTests" name="testBasicQueryById" time="0.483"/>
   <testcase classname="org.elasticsearch.count.query.SimpleQueryTests" name="testNumericTermsAndRanges" time="0.397"/>
   <system-out><![CDATA[[2014-02-18 15:55:16,290][INFO ][test                     ] Test passQueryAsStringTest(org.elasticsearch.count.query.SimpleQueryTests) started
[2014-02-18 15:55:16,295][INFO ][count.query              ] [SimpleQueryTests#passQueryAsStringTest]: before test
[2014-02-18 15:55:16,302][INFO ][cluster.metadata         ] [node_0] [test] creating index, cause [api], shards [1]/[1], mappings []
[2014-02-18 15:55:16,345][INFO ][count.query              ] [SimpleQueryTests#passQueryAsStringTest]: cleaning up after test
[2014-02-18 15:55:16,345][INFO ][cluster.metadata         ] [node_0] [test] update_mapping [type1] (dynamic)
[2014-02-18 15:55:16,350][INFO ][plugins                  ] [transport_client_node_0] loaded [], sites []
[2014-02-18 15:55:16,389][INFO ][cluster.metadata         ] [node_0] [test] deleting index
[2014-02-18 15:55:16,426][INFO ][count.query              ] [SimpleQueryTests#passQueryAsStringTest]: cleaned up after test
[2014-02-18 15:55:16,431][INFO ][test                     ] Test passQueryAsStringTest(org.elasticsearch.count.query.SimpleQueryTests) finished
[2014-02-18 15:55:16,431][INFO ][test                     ] Test testMatchQueryZeroTermsQuery(org.elasticsearch.count.query.SimpleQueryTests) started
[2014-02-18 15:55:16,438][INFO ][plugins                  ] [transport_client_node_0] loaded [], sites []
[2014-02-18 15:55:16,463][INFO ][count.query              ] [SimpleQueryTests#testMatchQueryZeroTermsQuery]: before test
[2014-02-18 15:55:16,465][INFO ][plugins                  ] [transport_client_node_1] loaded [], sites []
[2014-02-18 15:55:16,497][INFO ][cluster.metadata         ] [node_0] [test] creating index, cause [api], shards [1]/[1], mappings [type1]
[2014-02-18 15:55:16,540][INFO ][count.query              ] [SimpleQueryTests#testMatchQueryZeroTermsQuery]: cleaning up after test
[2014-02-18 15:55:16,542][INFO ][cluster.metadata         ] [node_0] [test] deleting index
[2014-02-18 15:55:16,568][INFO ][count.query              ] [SimpleQueryTests#testMatchQueryZeroTermsQuery]: cleaned up after test
[2014-02-18 15:55:16,574][INFO ][test                     ] Test testMatchQueryZeroTermsQuery(org.elasticsearch.count.query.SimpleQueryTests) finished
[2014-02-18 15:55:16,575][INFO ][test                     ] Test typeFilterTypeNotIndexedTests(org.elasticsearch.count.query.SimpleQueryTests) started
[2014-02-18 15:55:16,579][INFO ][plugins                  ] [transport_client_node_0] loaded [], sites []
[2014-02-18 15:55:16,604][INFO ][count.query              ] [SimpleQueryTests#typeFilterTypeNotIndexedTests]: before test
[2014-02-18 15:55:16,613][INFO ][cluster.metadata         ] [node_0] [test] creating index, cause [api], shards [1]/[1], mappings [type1, type2]
[2014-02-18 15:55:16,633][INFO ][count.query              ] Index [5] docs async: [true] bulk: [false]
[2014-02-18 15:55:16,653][INFO ][cluster.metadata         ] [node_0] [test] update_mapping [type1] (dynamic)
[2014-02-18 15:55:16,655][INFO ][cluster.metadata         ] [node_0] [test] update_mapping [type2] (dynamic)
[2014-02-18 15:55:16,725][INFO ][count.query              ] [SimpleQueryTests#typeFilterTypeNotIndexedTests]: cleaning up after test
[2014-02-18 15:55:16,727][INFO ][cluster.metadata         ] [node_0] [test] deleting index
[2014-02-18 15:55:16,768][INFO ][count.query              ] [SimpleQueryTests#typeFilterTypeNotIndexedTests]: cleaned up after test
[2014-02-18 15:55:16,772][INFO ][test                     ] Test typeFilterTypeNotIndexedTests(org.elasticsearch.count.query.SimpleQueryTests) finished
[2014-02-18 15:55:16,772][INFO ][test                     ] Test testMatchQueryNumeric(org.elasticsearch.count.query.SimpleQueryTests) started
[2014-02-18 15:55:16,776][INFO ][plugins                  ] [transport_client_node_2] loaded [], sites []
[2014-02-18 15:55:16,799][INFO ][plugins                  ] [transport_client_node_1] loaded [], sites []
[2014-02-18 15:55:16,824][INFO ][count.query              ] [SimpleQueryTests#testMatchQueryNumeric]: before test
[2014-02-18 15:55:16,833][INFO ][cluster.metadata         ] [node_0] [test] creating index, cause [api], shards [1]/[1], mappings []
[2014-02-18 15:55:16,856][INFO ][plugins                  ] [transport_client_node_0] loaded [], sites []
[2014-02-18 15:55:16,872][INFO ][cluster.metadata         ] [node_0] [test] update_mapping [type1] (dynamic)
[2014-02-18 15:55:16,937][INFO ][count.query              ] [SimpleQueryTests#testMatchQueryNumeric]: cleaning up after test
[2014-02-18 15:55:16,938][INFO ][cluster.metadata         ] [node_0] [test] deleting index
[2014-02-18 15:55:16,989][INFO ][count.query              ] [SimpleQueryTests#testMatchQueryNumeric]: cleaned up after test
[2014-02-18 15:55:17,004][INFO ][test                     ] Test testMatchQueryNumeric(org.elasticsearch.count.query.SimpleQueryTests) finished
[2014-02-18 15:55:17,004][INFO ][test                     ] Test testEmptyTermsFilter(org.elasticsearch.count.query.SimpleQueryTests) started
[2014-02-18 15:55:17,009][INFO ][plugins                  ] [transport_client_node_2] loaded [], sites []
[2014-02-18 15:55:17,032][INFO ][plugins                  ] [transport_client_node_1] loaded [], sites []
[2014-02-18 15:55:17,057][INFO ][count.query              ] [SimpleQueryTests#testEmptyTermsFilter]: before test
[2014-02-18 15:55:17,066][INFO ][cluster.metadata         ] [node_0] [test] creating index, cause [api], shards [5]/[1], mappings [type]
[2014-02-18 15:55:17,439][INFO ][cluster.metadata         ] [node_0] [test] update_mapping [type] (dynamic)
[2014-02-18 15:55:17,802][INFO ][count.query              ] [SimpleQueryTests#testEmptyTermsFilter]: cleaning up after test
[2014-02-18 15:55:17,804][INFO ][cluster.metadata         ] [node_0] [test] deleting index
[2014-02-18 15:55:17,855][INFO ][count.query              ] [SimpleQueryTests#testEmptyTermsFilter]: cleaned up after test
[2014-02-18 15:55:17,861][INFO ][test                     ] Test testEmptyTermsFilter(org.elasticsearch.count.query.SimpleQueryTests) finished
[2014-02-18 15:55:17,861][INFO ][test                     ] Test testBasicFilterById(org.elasticsearch.count.query.SimpleQueryTests) started
[2014-02-18 15:55:17,867][INFO ][count.query              ] [SimpleQueryTests#testBasicFilterById]: before test
[2014-02-18 15:55:17,878][INFO ][cluster.metadata         ] [node_0] [test] creating index, cause [api], shards [5]/[1], mappings []
[2014-02-18 15:55:18,218][INFO ][plugins                  ] [transport_client_node_0] loaded [], sites []
[2014-02-18 15:55:18,240][INFO ][cluster.metadata         ] [node_0] [test] update_mapping [type1] (dynamic)
[2014-02-18 15:55:18,244][INFO ][cluster.metadata         ] [node_0] [test] update_mapping [type2] (dynamic)
[2014-02-18 15:55:18,345][INFO ][count.query              ] [SimpleQueryTests#testBasicFilterById]: cleaning up after test
[2014-02-18 15:55:18,346][INFO ][cluster.metadata         ] [node_0] [test] deleting index
[2014-02-18 15:55:18,378][INFO ][count.query              ] [SimpleQueryTests#testBasicFilterById]: cleaned up after test
[2014-02-18 15:55:18,382][INFO ][test                     ] Test testBasicFilterById(org.elasticsearch.count.query.SimpleQueryTests) finished
[2014-02-18 15:55:18,383][INFO ][test                     ] Test typeFilterTypeIndexedTests(org.elasticsearch.count.query.SimpleQueryTests) started
[2014-02-18 15:55:18,387][INFO ][count.query              ] [SimpleQueryTests#typeFilterTypeIndexedTests]: before test
[2014-02-18 15:55:18,397][INFO ][cluster.metadata         ] [node_0] [test] creating index, cause [api], shards [1]/[1], mappings [type1, type2]
[2014-02-18 15:55:18,415][INFO ][count.query              ] Index [5] docs async: [true] bulk: [false]
[2014-02-18 15:55:18,433][INFO ][cluster.metadata         ] [node_0] [test] update_mapping [type1] (dynamic)
[2014-02-18 15:55:18,437][INFO ][cluster.metadata         ] [node_0] [test] update_mapping [type2] (dynamic)
[2014-02-18 15:55:18,471][INFO ][count.query              ] [SimpleQueryTests#typeFilterTypeIndexedTests]: cleaning up after test
[2014-02-18 15:55:18,473][INFO ][cluster.metadata         ] [node_0] [test] deleting index
[2014-02-18 15:55:18,494][INFO ][count.query              ] [SimpleQueryTests#typeFilterTypeIndexedTests]: cleaned up after test
[2014-02-18 15:55:18,495][INFO ][test                     ] Test typeFilterTypeIndexedTests(org.elasticsearch.count.query.SimpleQueryTests) finished
[2014-02-18 15:55:18,496][INFO ][test                     ] Test testDateRangeInQueryString(org.elasticsearch.count.query.SimpleQueryTests) started
[2014-02-18 15:55:18,499][INFO ][plugins                  ] [transport_client_node_0] loaded [], sites []
[2014-02-18 15:55:18,521][INFO ][plugins                  ] [transport_client_node_1] loaded [], sites []
[2014-02-18 15:55:18,546][INFO ][count.query              ] [SimpleQueryTests#testDateRangeInQueryString]: before test
[2014-02-18 15:55:18,547][INFO ][plugins                  ] [transport_client_node_2] loaded [], sites []
[2014-02-18 15:55:18,576][INFO ][cluster.metadata         ] [node_0] [test] creating index, cause [api], shards [1]/[1], mappings []
[2014-02-18 15:55:18,615][INFO ][cluster.metadata         ] [node_0] [test] update_mapping [type] (dynamic)
[2014-02-18 15:55:18,627][INFO ][count.query              ] [SimpleQueryTests#testDateRangeInQueryString]: cleaning up after test
[2014-02-18 15:55:18,629][INFO ][cluster.metadata         ] [node_0] [test] deleting index
[2014-02-18 15:55:18,644][INFO ][count.query              ] [SimpleQueryTests#testDateRangeInQueryString]: cleaned up after test
[2014-02-18 15:55:18,654][INFO ][test                     ] Test testDateRangeInQueryString(org.elasticsearch.count.query.SimpleQueryTests) finished
[2014-02-18 15:55:18,655][INFO ][test                     ] Test idsFilterTestsIdNotIndexed(org.elasticsearch.count.query.SimpleQueryTests) started
[2014-02-18 15:55:18,658][INFO ][count.query              ] [SimpleQueryTests#idsFilterTestsIdNotIndexed]: before test
[2014-02-18 15:55:18,667][INFO ][cluster.metadata         ] [node_0] [test] creating index, cause [api], shards [1]/[1], mappings [type1]
[2014-02-18 15:55:18,688][INFO ][count.query              ] Index [3] docs async: [true] bulk: [false]
[2014-02-18 15:55:18,711][INFO ][cluster.metadata         ] [node_0] [test] update_mapping [type1] (dynamic)
[2014-02-18 15:55:18,742][INFO ][count.query              ] [SimpleQueryTests#idsFilterTestsIdNotIndexed]: cleaning up after test
[2014-02-18 15:55:18,742][INFO ][cluster.metadata         ] [node_0] [test] deleting index
[2014-02-18 15:55:18,757][INFO ][count.query              ] [SimpleQueryTests#idsFilterTestsIdNotIndexed]: cleaned up after test
[2014-02-18 15:55:18,757][INFO ][test                     ] Test idsFilterTestsIdNotIndexed(org.elasticsearch.count.query.SimpleQueryTests) finished
[2014-02-18 15:55:18,758][INFO ][test                     ] Test filterExistsMissingTests(org.elasticsearch.count.query.SimpleQueryTests) started
[2014-02-18 15:55:18,764][INFO ][plugins                  ] [transport_client_node_0] loaded [], sites []
[2014-02-18 15:55:18,791][INFO ][count.query              ] [SimpleQueryTests#filterExistsMissingTests]: before test
[2014-02-18 15:55:18,800][INFO ][cluster.metadata         ] [node_0] [test] creating index, cause [api], shards [1]/[1], mappings []
[2014-02-18 15:55:18,815][INFO ][count.query              ] Index [4] docs async: [false] bulk: [true]
[2014-02-18 15:55:18,834][INFO ][cluster.metadata         ] [node_0] [test] update_mapping [type1] (dynamic)
[2014-02-18 15:55:18,846][INFO ][count.query              ] [SimpleQueryTests#filterExistsMissingTests]: cleaning up after test
[2014-02-18 15:55:18,848][INFO ][cluster.metadata         ] [node_0] [test] deleting index
[2014-02-18 15:55:18,870][INFO ][count.query              ] [SimpleQueryTests#filterExistsMissingTests]: cleaned up after test
[2014-02-18 15:55:18,874][INFO ][test                     ] Test filterExistsMissingTests(org.elasticsearch.count.query.SimpleQueryTests) finished
[2014-02-18 15:55:18,874][INFO ][test                     ] Test testLimitFilter(org.elasticsearch.count.query.SimpleQueryTests) started
[2014-02-18 15:55:18,879][INFO ][count.query              ] [SimpleQueryTests#testLimitFilter]: before test
[2014-02-18 15:55:18,890][INFO ][cluster.metadata         ] [node_0] [test] creating index, cause [api], shards [1]/[1], mappings []
[2014-02-18 15:55:18,909][INFO ][count.query              ] Index [4] docs async: [true] bulk: [false]
[2014-02-18 15:55:18,934][INFO ][cluster.metadata         ] [node_0] [test] update_mapping [type1] (dynamic)
[2014-02-18 15:55:19,055][INFO ][count.query              ] [SimpleQueryTests#testLimitFilter]: cleaning up after test
[2014-02-18 15:55:19,057][INFO ][cluster.metadata         ] [node_0] [test] deleting index
[2014-02-18 15:55:19,092][INFO ][count.query              ] [SimpleQueryTests#testLimitFilter]: cleaned up after test
[2014-02-18 15:55:19,093][INFO ][test                     ] Test testLimitFilter(org.elasticsearch.count.query.SimpleQueryTests) finished
[2014-02-18 15:55:19,094][INFO ][test                     ] Test testFuzzyQueryString(org.elasticsearch.count.query.SimpleQueryTests) started
[2014-02-18 15:55:19,098][INFO ][plugins                  ] [transport_client_node_1] loaded [], sites []
[2014-02-18 15:55:19,130][INFO ][plugins                  ] [transport_client_node_2] loaded [], sites []
[2014-02-18 15:55:19,159][INFO ][count.query              ] [SimpleQueryTests#testFuzzyQueryString]: before test
[2014-02-18 15:55:19,169][INFO ][cluster.metadata         ] [node_0] [test] creating index, cause [api], shards [1]/[1], mappings []
[2014-02-18 15:55:19,215][INFO ][cluster.metadata         ] [node_0] [test] update_mapping [type1] (dynamic)
[2014-02-18 15:55:19,235][INFO ][count.query              ] [SimpleQueryTests#testFuzzyQueryString]: cleaning up after test
[2014-02-18 15:55:19,237][INFO ][cluster.metadata         ] [node_0] [test] deleting index
[2014-02-18 15:55:19,251][INFO ][count.query              ] [SimpleQueryTests#testFuzzyQueryString]: cleaned up after test
[2014-02-18 15:55:19,257][INFO ][test                     ] Test testFuzzyQueryString(org.elasticsearch.count.query.SimpleQueryTests) finished
[2014-02-18 15:55:19,257][INFO ][test                     ] Test testTermsLookupFilter(org.elasticsearch.count.query.SimpleQueryTests) started
[2014-02-18 15:55:19,262][INFO ][count.query              ] [SimpleQueryTests#testTermsLookupFilter]: before test
[2014-02-18 15:55:19,270][INFO ][cluster.metadata         ] [node_0] [lookup] creating index, cause [api], shards [5]/[1], mappings [type]
[2014-02-18 15:55:19,411][INFO ][cluster.metadata         ] [node_0] [lookup2] creating index, cause [api], shards [5]/[1], mappings [type]
[2014-02-18 15:55:19,769][INFO ][cluster.metadata         ] [node_0] [test] creating index, cause [api], shards [5]/[1], mappings [type]
[2014-02-18 15:55:20,291][INFO ][count.query              ] Index [11] docs async: [true] bulk: [false]
[2014-02-18 15:55:20,729][INFO ][count.query              ] [SimpleQueryTests#testTermsLookupFilter]: cleaning up after test
[2014-02-18 15:55:20,730][INFO ][cluster.metadata         ] [node_0] [lookup2] deleting index
[2014-02-18 15:55:20,770][INFO ][cluster.metadata         ] [node_0] [test] deleting index
[2014-02-18 15:55:20,799][INFO ][cluster.metadata         ] [node_0] [lookup] deleting index
[2014-02-18 15:55:20,837][INFO ][count.query              ] [SimpleQueryTests#testTermsLookupFilter]: cleaned up after test
[2014-02-18 15:55:20,837][INFO ][test                     ] Test testTermsLookupFilter(org.elasticsearch.count.query.SimpleQueryTests) finished
[2014-02-18 15:55:20,838][INFO ][test                     ] Test testSimpleSpan(org.elasticsearch.count.query.SimpleQueryTests) started
[2014-02-18 15:55:20,842][INFO ][plugins                  ] [transport_client_node_2] loaded [], sites []
[2014-02-18 15:55:20,866][INFO ][plugins                  ] [transport_client_node_0] loaded [], sites []
[2014-02-18 15:55:20,897][INFO ][count.query              ] [SimpleQueryTests#testSimpleSpan]: before test
[2014-02-18 15:55:20,909][INFO ][cluster.metadata         ] [node_0] [test] creating index, cause [api], shards [1]/[0], mappings []
[2014-02-18 15:55:20,943][INFO ][plugins                  ] [transport_client_node_1] loaded [], sites []
[2014-02-18 15:55:20,985][INFO ][cluster.metadata         ] [node_0] [test] update_mapping [test] (dynamic)
[2014-02-18 15:55:21,003][INFO ][count.query              ] [SimpleQueryTests#testSimpleSpan]: cleaning up after test
[2014-02-18 15:55:21,005][INFO ][cluster.metadata         ] [node_0] [test] deleting index
[2014-02-18 15:55:21,015][INFO ][count.query              ] [SimpleQueryTests#testSimpleSpan]: cleaned up after test
[2014-02-18 15:55:21,025][INFO ][test                     ] Test testSimpleSpan(org.elasticsearch.count.query.SimpleQueryTests) finished
[2014-02-18 15:55:21,026][INFO ][test                     ] Test testMultiMatchQueryMinShouldMatch(org.elasticsearch.count.query.SimpleQueryTests) started
[2014-02-18 15:55:21,032][INFO ][plugins                  ] [transport_client_node_0] loaded [], sites []
[2014-02-18 15:55:21,054][INFO ][count.query              ] [SimpleQueryTests#testMultiMatchQueryMinShouldMatch]: before test
[2014-02-18 15:55:21,061][INFO ][cluster.metadata         ] [node_0] [test] creating index, cause [api], shards [1]/[1], mappings []
[2014-02-18 15:55:21,092][INFO ][cluster.metadata         ] [node_0] [test] update_mapping [type1] (dynamic)
[2014-02-18 15:55:21,097][INFO ][cluster.metadata         ] [node_0] [test] update_mapping [type1] (dynamic)
[2014-02-18 15:55:21,152][INFO ][count.query              ] [SimpleQueryTests#testMultiMatchQueryMinShouldMatch]: cleaning up after test
[2014-02-18 15:55:21,153][INFO ][cluster.metadata         ] [node_0] [test] deleting index
[2014-02-18 15:55:21,235][INFO ][count.query              ] [SimpleQueryTests#testMultiMatchQueryMinShouldMatch]: cleaned up after test
[2014-02-18 15:55:21,239][INFO ][test                     ] Test testMultiMatchQueryMinShouldMatch(org.elasticsearch.count.query.SimpleQueryTests) finished
[2014-02-18 15:55:21,240][INFO ][test                     ] Test testMultiMatchQueryZeroTermsQuery(org.elasticsearch.count.query.SimpleQueryTests) started
[2014-02-18 15:55:21,244][INFO ][plugins                  ] [transport_client_node_1] loaded [], sites []
[2014-02-18 15:55:21,269][INFO ][plugins                  ] [transport_client_node_2] loaded [], sites []
[2014-02-18 15:55:21,291][INFO ][plugins                  ] [transport_client_node_0] loaded [], sites []
[2014-02-18 15:55:21,313][INFO ][count.query              ] [SimpleQueryTests#testMultiMatchQueryZeroTermsQuery]: before test
[2014-02-18 15:55:21,321][INFO ][cluster.metadata         ] [node_0] [test] creating index, cause [api], shards [1]/[1], mappings [type1]
[2014-02-18 15:55:21,416][INFO ][count.query              ] [SimpleQueryTests#testMultiMatchQueryZeroTermsQuery]: cleaning up after test
[2014-02-18 15:55:21,418][INFO ][cluster.metadata         ] [node_0] [test] deleting index
[2014-02-18 15:55:21,446][INFO ][count.query              ] [SimpleQueryTests#testMultiMatchQueryZeroTermsQuery]: cleaned up after test
[2014-02-18 15:55:21,457][INFO ][test                     ] Test testMultiMatchQueryZeroTermsQuery(org.elasticsearch.count.query.SimpleQueryTests) finished
[2014-02-18 15:55:21,458][INFO ][test                     ] Test testLowercaseExpandedTerms(org.elasticsearch.count.query.SimpleQueryTests) started
[2014-02-18 15:55:21,463][INFO ][plugins                  ] [transport_client_node_2] loaded [], sites []
[2014-02-18 15:55:21,490][INFO ][plugins                  ] [transport_client_node_1] loaded [], sites []
[2014-02-18 15:55:21,511][INFO ][plugins                  ] [transport_client_node_0] loaded [], sites []
[2014-02-18 15:55:21,536][INFO ][count.query              ] [SimpleQueryTests#testLowercaseExpandedTerms]: before test
[2014-02-18 15:55:21,544][INFO ][cluster.metadata         ] [node_0] [test] creating index, cause [api], shards [1]/[1], mappings []
[2014-02-18 15:55:21,581][INFO ][cluster.metadata         ] [node_0] [test] update_mapping [type1] (dynamic)
[2014-02-18 15:55:21,593][INFO ][count.query              ] [SimpleQueryTests#testLowercaseExpandedTerms]: cleaning up after test
[2014-02-18 15:55:21,594][INFO ][cluster.metadata         ] [node_0] [test] deleting index
[2014-02-18 15:55:21,653][INFO ][count.query              ] [SimpleQueryTests#testLowercaseExpandedTerms]: cleaned up after test
[2014-02-18 15:55:21,663][INFO ][test                     ] Test testLowercaseExpandedTerms(org.elasticsearch.count.query.SimpleQueryTests) finished
[2014-02-18 15:55:21,664][INFO ][test                     ] Test testMultiMatchQuery(org.elasticsearch.count.query.SimpleQueryTests) started
[2014-02-18 15:55:21,668][INFO ][plugins                  ] [transport_client_node_1] loaded [], sites []
[2014-02-18 15:55:21,695][INFO ][count.query              ] [SimpleQueryTests#testMultiMatchQuery]: before test
[2014-02-18 15:55:21,705][INFO ][cluster.metadata         ] [node_0] [test] creating index, cause [api], shards [1]/[1], mappings []
[2014-02-18 15:55:21,724][INFO ][plugins                  ] [transport_client_node_0] loaded [], sites []
[2014-02-18 15:55:21,750][INFO ][cluster.metadata         ] [node_0] [test] update_mapping [type1] (dynamic)
[2014-02-18 15:55:21,802][INFO ][cluster.metadata         ] [node_0] [test] update_mapping [type1] (dynamic)
[2014-02-18 15:55:21,862][INFO ][count.query              ] [SimpleQueryTests#testMultiMatchQuery]: cleaning up after test
[2014-02-18 15:55:21,864][INFO ][cluster.metadata         ] [node_0] [test] deleting index
[2014-02-18 15:55:21,884][INFO ][count.query              ] [SimpleQueryTests#testMultiMatchQuery]: cleaned up after test
[2014-02-18 15:55:21,895][INFO ][test                     ] Test testMultiMatchQuery(org.elasticsearch.count.query.SimpleQueryTests) finished
[2014-02-18 15:55:21,895][INFO ][test                     ] Test testSpecialRangeSyntaxInQueryString(org.elasticsearch.count.query.SimpleQueryTests) started
[2014-02-18 15:55:21,902][INFO ][count.query              ] [SimpleQueryTests#testSpecialRangeSyntaxInQueryString]: before test
[2014-02-18 15:55:21,920][INFO ][cluster.metadata         ] [node_0] [test] creating index, cause [api], shards [1]/[1], mappings []
[2014-02-18 15:55:22,012][INFO ][cluster.metadata         ] [node_0] [test] update_mapping [type1] (dynamic)
[2014-02-18 15:55:22,072][INFO ][count.query              ] [SimpleQueryTests#testSpecialRangeSyntaxInQueryString]: cleaning up after test
[2014-02-18 15:55:22,073][INFO ][cluster.metadata         ] [node_0] [test] deleting index
[2014-02-18 15:55:22,085][INFO ][count.query              ] [SimpleQueryTests#testSpecialRangeSyntaxInQueryString]: cleaned up after test
[2014-02-18 15:55:22,086][INFO ][test                     ] Test testSpecialRangeSyntaxInQueryString(org.elasticsearch.count.query.SimpleQueryTests) finished
[2014-02-18 15:55:22,086][INFO ][test                     ] Test passQueryAsJSONStringTest(org.elasticsearch.count.query.SimpleQueryTests) started
[2014-02-18 15:55:22,090][INFO ][plugins                  ] [transport_client_node_1] loaded [], sites []
[2014-02-18 15:55:22,113][INFO ][count.query              ] [SimpleQueryTests#passQueryAsJSONStringTest]: before test
[2014-02-18 15:55:22,121][INFO ][cluster.metadata         ] [node_0] [test] creating index, cause [api], shards [1]/[1], mappings []
[2014-02-18 15:55:22,160][INFO ][cluster.metadata         ] [node_0] [test] update_mapping [type1] (dynamic)
[2014-02-18 15:55:22,166][INFO ][count.query              ] [SimpleQueryTests#passQueryAsJSONStringTest]: cleaning up after test
[2014-02-18 15:55:22,166][INFO ][cluster.metadata         ] [node_0] [test] deleting index
[2014-02-18 15:55:22,188][INFO ][count.query              ] [SimpleQueryTests#passQueryAsJSONStringTest]: cleaned up after test
[2014-02-18 15:55:22,193][INFO ][test                     ] Test passQueryAsJSONStringTest(org.elasticsearch.count.query.SimpleQueryTests) finished
[2014-02-18 15:55:22,193][INFO ][test                     ] Test idsFilterTestsIdIndexed(org.elasticsearch.count.query.SimpleQueryTests) started
[2014-02-18 15:55:22,198][INFO ][plugins                  ] [transport_client_node_0] loaded [], sites []
[2014-02-18 15:55:22,226][INFO ][count.query              ] [SimpleQueryTests#idsFilterTestsIdIndexed]: before test
[2014-02-18 15:55:22,235][INFO ][cluster.metadata         ] [node_0] [test] creating index, cause [api], shards [1]/[1], mappings [type1]
[2014-02-18 15:55:22,254][INFO ][count.query              ] Index [3] docs async: [true] bulk: [false]
[2014-02-18 15:55:22,269][INFO ][cluster.metadata         ] [node_0] [test] update_mapping [type1] (dynamic)
[2014-02-18 15:55:22,288][INFO ][count.query              ] [SimpleQueryTests#idsFilterTestsIdIndexed]: cleaning up after test
[2014-02-18 15:55:22,290][INFO ][cluster.metadata         ] [node_0] [test] deleting index
[2014-02-18 15:55:22,341][INFO ][count.query              ] [SimpleQueryTests#idsFilterTestsIdIndexed]: cleaned up after test
[2014-02-18 15:55:22,346][INFO ][test                     ] Test idsFilterTestsIdIndexed(org.elasticsearch.count.query.SimpleQueryTests) finished
[2014-02-18 15:55:22,346][INFO ][test                     ] Test testIndexOptions(org.elasticsearch.count.query.SimpleQueryTests) started
[2014-02-18 15:55:22,350][INFO ][plugins                  ] [transport_client_node_2] loaded [], sites []
[2014-02-18 15:55:22,374][INFO ][plugins                  ] [transport_client_node_1] loaded [], sites []
[2014-02-18 15:55:22,408][INFO ][plugins                  ] [transport_client_node_0] loaded [], sites []
[2014-02-18 15:55:22,435][INFO ][count.query              ] [SimpleQueryTests#testIndexOptions]: before test
[2014-02-18 15:55:22,448][INFO ][cluster.metadata         ] [node_0] [test] creating index, cause [api], shards [1]/[1], mappings [type1]
[2014-02-18 15:55:22,490][INFO ][cluster.metadata         ] [node_0] [test] update_mapping [type1] (dynamic)
[2014-02-18 15:55:22,497][INFO ][count.query              ] [SimpleQueryTests#testIndexOptions]: cleaning up after test
[2014-02-18 15:55:22,498][INFO ][cluster.metadata         ] [node_0] [test] deleting index
[2014-02-18 15:55:22,569][INFO ][count.query              ] [SimpleQueryTests#testIndexOptions]: cleaned up after test
[2014-02-18 15:55:22,585][INFO ][test                     ] Test testIndexOptions(org.elasticsearch.count.query.SimpleQueryTests) finished
[2014-02-18 15:55:22,586][INFO ][test                     ] Test testFiltersWithCustomCacheKey(org.elasticsearch.count.query.SimpleQueryTests) started
[2014-02-18 15:55:22,592][INFO ][plugins                  ] [transport_client_node_2] loaded [], sites []
[2014-02-18 15:55:22,627][INFO ][plugins                  ] [transport_client_node_0] loaded [], sites []
[2014-02-18 15:55:22,683][INFO ][count.query              ] [SimpleQueryTests#testFiltersWithCustomCacheKey]: before test
[2014-02-18 15:55:22,699][INFO ][cluster.metadata         ] [node_0] [test] creating index, cause [api], shards [5]/[1], mappings []
[2014-02-18 15:55:23,021][INFO ][cluster.metadata         ] [node_0] [test] update_mapping [type1] (dynamic)
[2014-02-18 15:55:23,046][INFO ][count.query              ] [SimpleQueryTests#testFiltersWithCustomCacheKey]: cleaning up after test
[2014-02-18 15:55:23,048][INFO ][cluster.metadata         ] [node_0] [test] deleting index
[2014-02-18 15:55:23,099][INFO ][count.query              ] [SimpleQueryTests#testFiltersWithCustomCacheKey]: cleaned up after test
[2014-02-18 15:55:23,106][INFO ][test                     ] Test testFiltersWithCustomCacheKey(org.elasticsearch.count.query.SimpleQueryTests) finished
[2014-02-18 15:55:23,107][INFO ][test                     ] Test testCommonTermsQuery(org.elasticsearch.count.query.SimpleQueryTests) started
[2014-02-18 15:55:23,112][INFO ][plugins                  ] [transport_client_node_1] loaded [], sites []
[2014-02-18 15:55:23,138][INFO ][count.query              ] [SimpleQueryTests#testCommonTermsQuery]: before test
[2014-02-18 15:55:23,148][INFO ][cluster.metadata         ] [node_0] [test] creating index, cause [api], shards [1]/[1], mappings [type1]
[2014-02-18 15:55:23,168][INFO ][count.query              ] Index [3] docs async: [true] bulk: [false]
[2014-02-18 15:55:23,199][INFO ][cluster.metadata         ] [node_0] [test] update_mapping [type1] (dynamic)
[2014-02-18 15:55:23,252][INFO ][count.query              ] [SimpleQueryTests#testCommonTermsQuery]: cleaning up after test
[2014-02-18 15:55:23,253][INFO ][cluster.metadata         ] [node_0] [test] deleting index
[2014-02-18 15:55:23,285][INFO ][count.query              ] [SimpleQueryTests#testCommonTermsQuery]: cleaned up after test
[2014-02-18 15:55:23,291][INFO ][test                     ] Test testCommonTermsQuery(org.elasticsearch.count.query.SimpleQueryTests) finished
[2014-02-18 15:55:23,292][INFO ][test                     ] Test queryStringAnalyzedWildcard(org.elasticsearch.count.query.SimpleQueryTests) started
[2014-02-18 15:55:23,300][INFO ][count.query              ] [SimpleQueryTests#queryStringAnalyzedWildcard]: before test
[2014-02-18 15:55:23,308][INFO ][cluster.metadata         ] [node_0] [test] creating index, cause [api], shards [1]/[1], mappings []
[2014-02-18 15:55:23,340][INFO ][cluster.metadata         ] [node_0] [test] update_mapping [type1] (dynamic)
[2014-02-18 15:55:23,366][INFO ][count.query              ] [SimpleQueryTests#queryStringAnalyzedWildcard]: cleaning up after test
[2014-02-18 15:55:23,366][INFO ][cluster.metadata         ] [node_0] [test] deleting index
[2014-02-18 15:55:23,397][INFO ][count.query              ] [SimpleQueryTests#queryStringAnalyzedWildcard]: cleaned up after test
[2014-02-18 15:55:23,398][INFO ][test                     ] Test queryStringAnalyzedWildcard(org.elasticsearch.count.query.SimpleQueryTests) finished
[2014-02-18 15:55:23,399][INFO ][test                     ] Test testBasicQueryById(org.elasticsearch.count.query.SimpleQueryTests) started
[2014-02-18 15:55:23,403][INFO ][count.query              ] [SimpleQueryTests#testBasicQueryById]: before test
[2014-02-18 15:55:23,412][INFO ][cluster.metadata         ] [node_0] [test] creating index, cause [api], shards [5]/[1], mappings []
[2014-02-18 15:55:23,749][INFO ][cluster.metadata         ] [node_0] [test] update_mapping [type1] (dynamic)
[2014-02-18 15:55:23,753][INFO ][cluster.metadata         ] [node_0] [test] update_mapping [type2] (dynamic)
[2014-02-18 15:55:23,846][INFO ][count.query              ] [SimpleQueryTests#testBasicQueryById]: cleaning up after test
[2014-02-18 15:55:23,847][INFO ][cluster.metadata         ] [node_0] [test] deleting index
[2014-02-18 15:55:23,881][INFO ][count.query              ] [SimpleQueryTests#testBasicQueryById]: cleaned up after test
[2014-02-18 15:55:23,882][INFO ][test                     ] Test testBasicQueryById(org.elasticsearch.count.query.SimpleQueryTests) finished
[2014-02-18 15:55:23,882][INFO ][test                     ] Test testNumericTermsAndRanges(org.elasticsearch.count.query.SimpleQueryTests) started
[2014-02-18 15:55:23,885][INFO ][plugins                  ] [transport_client_node_2] loaded [], sites []
[2014-02-18 15:55:23,911][INFO ][plugins                  ] [transport_client_node_0] loaded [], sites []
[2014-02-18 15:55:23,940][INFO ][count.query              ] [SimpleQueryTests#testNumericTermsAndRanges]: before test
[2014-02-18 15:55:23,950][INFO ][cluster.metadata         ] [node_0] [test] creating index, cause [api], shards [1]/[1], mappings [type1]
[2014-02-18 15:55:23,973][INFO ][plugins                  ] [transport_client_node_1] loaded [], sites []
[2014-02-18 15:55:24,232][INFO ][count.query              ] --> term query on 1
[2014-02-18 15:55:24,237][INFO ][count.query              ] --> terms query on 1
[2014-02-18 15:55:24,243][INFO ][count.query              ] --> term filter on 1
[2014-02-18 15:55:24,247][INFO ][count.query              ] --> terms filter on 1
[2014-02-18 15:55:24,250][INFO ][count.query              ] [SimpleQueryTests#testNumericTermsAndRanges]: cleaning up after test
[2014-02-18 15:55:24,252][INFO ][cluster.metadata         ] [node_0] [test] deleting index
[2014-02-18 15:55:24,269][INFO ][count.query              ] [SimpleQueryTests#testNumericTermsAndRanges]: cleaned up after test
[2014-02-18 15:55:24,279][INFO ][test                     ] Test testNumericTermsAndRanges(org.elasticsearch.count.query.SimpleQueryTests) finished
]]></system-out>
   <system-err><![CDATA[]]></system-err>
</testsuite>