<testsuite errors="0" failures="0" tests="9" skipped="0" name="org.elasticsearch.search.fields.SearchFieldsTests" hostname="nohost.nodomain" time="1.773" timestamp="2014-02-18T15:36:34">
   <properties class="java.util.ArrayList">
      <property name="awt.toolkit" value="sun.lwawt.macosx.LWCToolkit"/>
      <property name="es.logger.level" value="INFO"/>
      <property name="es.logger.prefix" value=""/>
      <property name="es.node.local" value=""/>
      <property name="es.node.mode" value=""/>
      <property name="file.encoding" value="UTF-8"/>
      <property name="file.encoding.pkg" value="sun.io"/>
      <property name="file.separator" value="/"/>
      <property name="ftp.nonProxyHosts" value="local|*.local|169.254/16|*.169.254/16"/>
      <property name="gopherProxySet" value="false"/>
      <property name="http.nonProxyHosts" value="local|*.local|169.254/16|*.169.254/16"/>
      <property name="java.awt.graphicsenv" value="sun.awt.CGraphicsEnvironment"/>
      <property name="java.awt.headless" value="true"/>
      <property name="java.awt.printerjob" value="sun.lwawt.macosx.CPrinterJob"/>
      <property name="java.class.path" value="/Users/bhwang/elasticsearch/target/test-classes:/Users/bhwang/elasticsearch/target/classes:/Users/bhwang/.m2/repository/org/hamcrest/hamcrest-all/1.3/hamcrest-all-1.3.jar:/Users/bhwang/.m2/repository/com/carrotsearch/randomizedtesting/randomizedtesting-runner/2.0.15/randomizedtesting-runner-2.0.15.jar:/Users/bhwang/.m2/repository/junit/junit/4.10/junit-4.10.jar:/Users/bhwang/.m2/repository/org/apache/lucene/lucene-test-framework/4.6.1/lucene-test-framework-4.6.1.jar:/Users/bhwang/.m2/repository/org/apache/lucene/lucene-expressions/4.6.1/lucene-expressions-4.6.1.jar:/Users/bhwang/.m2/repository/org/antlr/antlr-runtime/3.5/antlr-runtime-3.5.jar:/Users/bhwang/.m2/repository/org/ow2/asm/asm/4.1/asm-4.1.jar:/Users/bhwang/.m2/repository/org/ow2/asm/asm-commons/4.1/asm-commons-4.1.jar:/Users/bhwang/.m2/repository/org/apache/httpcomponents/httpclient/4.3.1/httpclient-4.3.1.jar:/Users/bhwang/.m2/repository/org/apache/httpcomponents/httpcore/4.3/httpcore-4.3.jar:/Users/bhwang/.m2/repository/commons-logging/commons-logging/1.1.3/commons-logging-1.1.3.jar:/Users/bhwang/.m2/repository/commons-codec/commons-codec/1.6/commons-codec-1.6.jar:/Users/bhwang/.m2/repository/org/apache/lucene/lucene-core/4.6.1/lucene-core-4.6.1.jar:/Users/bhwang/.m2/repository/org/apache/lucene/lucene-analyzers-common/4.6.1/lucene-analyzers-common-4.6.1.jar:/Users/bhwang/.m2/repository/org/apache/lucene/lucene-codecs/4.6.1/lucene-codecs-4.6.1.jar:/Users/bhwang/.m2/repository/org/apache/lucene/lucene-queries/4.6.1/lucene-queries-4.6.1.jar:/Users/bhwang/.m2/repository/org/apache/lucene/lucene-memory/4.6.1/lucene-memory-4.6.1.jar:/Users/bhwang/.m2/repository/org/apache/lucene/lucene-highlighter/4.6.1/lucene-highlighter-4.6.1.jar:/Users/bhwang/.m2/repository/org/apache/lucene/lucene-queryparser/4.6.1/lucene-queryparser-4.6.1.jar:/Users/bhwang/.m2/repository/org/apache/lucene/lucene-sandbox/4.6.1/lucene-sandbox-4.6.1.jar:/Users/bhwang/.m2/repository/org/apache/lucene/lucene-suggest/4.6.1/lucene-suggest-4.6.1.jar:/Users/bhwang/.m2/repository/org/apache/lucene/lucene-misc/4.6.1/lucene-misc-4.6.1.jar:/Users/bhwang/.m2/repository/org/apache/lucene/lucene-join/4.6.1/lucene-join-4.6.1.jar:/Users/bhwang/.m2/repository/org/apache/lucene/lucene-grouping/4.6.1/lucene-grouping-4.6.1.jar:/Users/bhwang/.m2/repository/org/apache/lucene/lucene-spatial/4.6.1/lucene-spatial-4.6.1.jar:/Users/bhwang/.m2/repository/com/spatial4j/spatial4j/0.3/spatial4j-0.3.jar:/Users/bhwang/.m2/repository/com/vividsolutions/jts/1.12/jts-1.12.jar:/Users/bhwang/.m2/repository/com/google/guava/guava/16.0/guava-16.0.jar:/Users/bhwang/.m2/repository/com/carrotsearch/hppc/0.5.3/hppc-0.5.3.jar:/Users/bhwang/.m2/repository/joda-time/joda-time/2.3/joda-time-2.3.jar:/Users/bhwang/.m2/repository/org/joda/joda-convert/1.2/joda-convert-1.2.jar:/Users/bhwang/.m2/repository/org/mvel/mvel2/2.1.5.Final/mvel2-2.1.5.Final.jar:/Users/bhwang/.m2/repository/com/fasterxml/jackson/core/jackson-core/2.3.0/jackson-core-2.3.0.jar:/Users/bhwang/.m2/repository/com/fasterxml/jackson/dataformat/jackson-dataformat-smile/2.3.0/jackson-dataformat-smile-2.3.0.jar:/Users/bhwang/.m2/repository/com/fasterxml/jackson/dataformat/jackson-dataformat-yaml/2.3.0/jackson-dataformat-yaml-2.3.0.jar:/Users/bhwang/.m2/repository/io/netty/netty/3.9.0.Final/netty-3.9.0.Final.jar:/Users/bhwang/.m2/repository/com/ning/compress-lzf/0.9.6/compress-lzf-0.9.6.jar:/Users/bhwang/.m2/repository/log4j/log4j/1.2.17/log4j-1.2.17.jar:/Users/bhwang/.m2/repository/org/slf4j/slf4j-api/1.6.2/slf4j-api-1.6.2.jar:/Users/bhwang/.m2/repository/net/java/dev/jna/jna/3.3.0/jna-3.3.0.jar:/Users/bhwang/.m2/repository/org/fusesource/sigar/1.6.4/sigar-1.6.4.jar:/Users/bhwang/.m2/repository/com/carrotsearch/randomizedtesting/junit4-ant/2.0.15/junit4-ant-2.0.15.jar"/>
      <property name="java.class.version" value="51.0"/>
      <property name="java.endorsed.dirs" value="/Library/Java/JavaVirtualMachines/jdk1.7.0_45.jdk/Contents/Home/jre/lib/endorsed"/>
      <property name="java.ext.dirs" value="/Users/bhwang/Library/Java/Extensions:/Library/Java/JavaVirtualMachines/jdk1.7.0_45.jdk/Contents/Home/jre/lib/ext:/Library/Java/Extensions:/Network/Library/Java/Extensions:/System/Library/Java/Extensions:/usr/lib/java"/>
      <property name="java.home" value="/Library/Java/JavaVirtualMachines/jdk1.7.0_45.jdk/Contents/Home/jre"/>
      <property name="java.io.tmpdir" value="."/>
      <property name="java.library.path" value="/Users/bhwang/Library/Java/Extensions:/Library/Java/Extensions:/Network/Library/Java/Extensions:/System/Library/Java/Extensions:/usr/lib/java:."/>
      <property name="java.runtime.name" value="Java(TM) SE Runtime Environment"/>
      <property name="java.runtime.version" value="1.7.0_45-b18"/>
      <property name="java.security.policy" value="/Users/bhwang/elasticsearch/dev-tools/tests.policy"/>
      <property name="java.specification.name" value="Java Platform API Specification"/>
      <property name="java.specification.vendor" value="Oracle Corporation"/>
      <property name="java.specification.version" value="1.7"/>
      <property name="java.vendor" value="Oracle Corporation"/>
      <property name="java.vendor.url" value="http://java.oracle.com/"/>
      <property name="java.vendor.url.bug" value="http://bugreport.sun.com/bugreport/"/>
      <property name="java.version" value="1.7.0_45"/>
      <property name="java.vm.info" value="mixed mode"/>
      <property name="java.vm.name" value="Java HotSpot(TM) 64-Bit Server VM"/>
      <property name="java.vm.specification.name" value="Java Virtual Machine Specification"/>
      <property name="java.vm.specification.vendor" value="Oracle Corporation"/>
      <property name="java.vm.specification.version" value="1.7"/>
      <property name="java.vm.vendor" value="Oracle Corporation"/>
      <property name="java.vm.version" value="24.45-b08"/>
      <property name="junit4.childvm.cwd" value="/Users/bhwang/elasticsearch/target/J0"/>
      <property name="junit4.childvm.id" value="0"/>
      <property name="junit4.memory.total" value="128974848"/>
      <property name="junit4.pidString" value="6815@Bills-MacBook-Pro.local"/>
      <property name="junit4.processors" value="4"/>
      <property name="junit4.tempDir" value="/Users/bhwang/elasticsearch/target"/>
      <property name="line.separator" value="
"/>
      <property name="os.arch" value="x86_64"/>
      <property name="os.name" value="Mac OS X"/>
      <property name="os.version" value="10.9.1"/>
      <property name="path.separator" value=":"/>
      <property name="socksNonProxyHosts" value="local|*.local|169.254/16|*.169.254/16"/>
      <property name="sun.arch.data.model" value="64"/>
      <property name="sun.boot.class.path" value="/Library/Java/JavaVirtualMachines/jdk1.7.0_45.jdk/Contents/Home/jre/lib/resources.jar:/Library/Java/JavaVirtualMachines/jdk1.7.0_45.jdk/Contents/Home/jre/lib/rt.jar:/Library/Java/JavaVirtualMachines/jdk1.7.0_45.jdk/Contents/Home/jre/lib/sunrsasign.jar:/Library/Java/JavaVirtualMachines/jdk1.7.0_45.jdk/Contents/Home/jre/lib/jsse.jar:/Library/Java/JavaVirtualMachines/jdk1.7.0_45.jdk/Contents/Home/jre/lib/jce.jar:/Library/Java/JavaVirtualMachines/jdk1.7.0_45.jdk/Contents/Home/jre/lib/charsets.jar:/Library/Java/JavaVirtualMachines/jdk1.7.0_45.jdk/Contents/Home/jre/lib/jfr.jar:/Library/Java/JavaVirtualMachines/jdk1.7.0_45.jdk/Contents/Home/jre/lib/JObjC.jar:/Library/Java/JavaVirtualMachines/jdk1.7.0_45.jdk/Contents/Home/jre/classes"/>
      <property name="sun.boot.library.path" value="/Library/Java/JavaVirtualMachines/jdk1.7.0_45.jdk/Contents/Home/jre/lib"/>
      <property name="sun.cpu.endian" value="little"/>
      <property name="sun.cpu.isalist" value=""/>
      <property name="sun.io.unicode.encoding" value="UnicodeBig"/>
      <property name="sun.java.command" value="com.carrotsearch.ant.tasks.junit4.slave.SlaveMainSafe -flush -eventsfile /Users/bhwang/elasticsearch/target/junit4-J0-20140218_153326_767.events @/Users/bhwang/elasticsearch/target/junit4-J0-20140218_153326_767.suites -stdin"/>
      <property name="sun.java.launcher" value="SUN_STANDARD"/>
      <property name="sun.jnu.encoding" value="UTF-8"/>
      <property name="sun.management.compiler" value="HotSpot 64-Bit Tiered Compilers"/>
      <property name="sun.os.patch.level" value="unknown"/>
      <property name="tests.appendseed" value=""/>
      <property name="tests.assertion.disabled" value=""/>
      <property name="tests.awaitsfix" value=""/>
      <property name="tests.badapples" value=""/>
      <property name="tests.class" value=""/>
      <property name="tests.client.ratio" value=""/>
      <property name="tests.cluster_seed" value=""/>
      <property name="tests.enable_mock_modules" value=""/>
      <property name="tests.failfast" value=""/>
      <property name="tests.integration" value=""/>
      <property name="tests.iters" value=""/>
      <property name="tests.jvm.argline" value=""/>
      <property name="tests.maxfailures" value=""/>
      <property name="tests.method" value=""/>
      <property name="tests.network" value=""/>
      <property name="tests.nightly" value=""/>
      <property name="tests.prefix" value="tests"/>
      <property name="tests.rest" value=""/>
      <property name="tests.rest.spec" value=""/>
      <property name="tests.rest.suite" value=""/>
      <property name="tests.security.manager" value=""/>
      <property name="tests.seed" value="A89B4FF56754358E"/>
      <property name="tests.showSuccess" value=""/>
      <property name="tests.slow" value=""/>
      <property name="tests.timeoutSuite" value=""/>
      <property name="tests.weekly" value=""/>
      <property name="user.country" value="US"/>
      <property name="user.dir" value="/Users/bhwang/elasticsearch/target/J0"/>
      <property name="user.home" value="/Users/bhwang"/>
      <property name="user.language" value="en"/>
      <property name="user.name" value="bhwang"/>
      <property name="user.timezone" value=""/>
   </properties>
   <testcase classname="org.elasticsearch.search.fields.SearchFieldsTests" name="testStoredFieldsWithoutSource" time="0.08"/>
   <testcase classname="org.elasticsearch.search.fields.SearchFieldsTests" name="testStoredFields" time="0.159"/>
   <testcase classname="org.elasticsearch.search.fields.SearchFieldsTests" name="testGetFields_complexField" time="0.368"/>
   <testcase classname="org.elasticsearch.search.fields.SearchFieldsTests" name="testSearchFields_metaData" time="0.277"/>
   <testcase classname="org.elasticsearch.search.fields.SearchFieldsTests" name="testScriptFieldUsingSource" time="0.122"/>
   <testcase classname="org.elasticsearch.search.fields.SearchFieldsTests" name="testPartialFields" time="0.105"/>
   <testcase classname="org.elasticsearch.search.fields.SearchFieldsTests" name="testSearchFields_nonLeafField" time="0.368"/>
   <testcase classname="org.elasticsearch.search.fields.SearchFieldsTests" name="testFieldsPulledFromFieldData" time="0.088"/>
   <testcase classname="org.elasticsearch.search.fields.SearchFieldsTests" name="testScriptDocAndFields" time="0.191"/>
   <system-out><![CDATA[[2014-02-18 15:36:34,111][INFO ][test                     ] Test testStoredFieldsWithoutSource(org.elasticsearch.search.fields.SearchFieldsTests) started
[2014-02-18 15:36:34,114][INFO ][search.fields            ] [SearchFieldsTests#testStoredFieldsWithoutSource]: before test
[2014-02-18 15:36:34,122][INFO ][cluster.metadata         ] [node_0] [test] creating index, cause [api], shards [1]/[0], mappings []
[2014-02-18 15:36:34,154][INFO ][cluster.metadata         ] [node_0] [test] create_mapping [type1]
[2014-02-18 15:36:34,178][INFO ][search.fields            ] [SearchFieldsTests#testStoredFieldsWithoutSource]: cleaning up after test
[2014-02-18 15:36:34,181][INFO ][cluster.metadata         ] [node_0] [test] deleting index
[2014-02-18 15:36:34,190][INFO ][search.fields            ] [SearchFieldsTests#testStoredFieldsWithoutSource]: cleaned up after test
[2014-02-18 15:36:34,191][INFO ][test                     ] Test testStoredFieldsWithoutSource(org.elasticsearch.search.fields.SearchFieldsTests) finished
[2014-02-18 15:36:34,192][INFO ][test                     ] Test testStoredFields(org.elasticsearch.search.fields.SearchFieldsTests) started
[2014-02-18 15:36:34,195][INFO ][plugins                  ] [transport_client_node_2] loaded [], sites []
[2014-02-18 15:36:34,222][INFO ][plugins                  ] [transport_client_node_0] loaded [], sites []
[2014-02-18 15:36:34,251][INFO ][search.fields            ] [SearchFieldsTests#testStoredFields]: before test
[2014-02-18 15:36:34,260][INFO ][cluster.metadata         ] [node_0] [test] creating index, cause [api], shards [1]/[0], mappings []
[2014-02-18 15:36:34,280][INFO ][cluster.metadata         ] [node_0] [test] create_mapping [type1]
[2014-02-18 15:36:34,286][INFO ][plugins                  ] [transport_client_node_1] loaded [], sites []
[2014-02-18 15:36:34,327][INFO ][search.fields            ] [SearchFieldsTests#testStoredFields]: cleaning up after test
[2014-02-18 15:36:34,329][INFO ][cluster.metadata         ] [node_0] [test] deleting index
[2014-02-18 15:36:34,340][INFO ][search.fields            ] [SearchFieldsTests#testStoredFields]: cleaned up after test
[2014-02-18 15:36:34,351][INFO ][test                     ] Test testStoredFields(org.elasticsearch.search.fields.SearchFieldsTests) finished
[2014-02-18 15:36:34,351][INFO ][test                     ] Test testGetFields_complexField(org.elasticsearch.search.fields.SearchFieldsTests) started
[2014-02-18 15:36:34,355][INFO ][plugins                  ] [transport_client_node_2] loaded [], sites []
[2014-02-18 15:36:34,380][INFO ][search.fields            ] [SearchFieldsTests#testGetFields_complexField]: before test
[2014-02-18 15:36:34,392][INFO ][cluster.metadata         ] [node_0] [my-index] creating index, cause [api], shards [5]/[1], mappings [my-type2]
[2014-02-18 15:36:34,467][INFO ][plugins                  ] [transport_client_node_0] loaded [], sites []
[2014-02-18 15:36:34,579][INFO ][cluster.metadata         ] [node_0] [my-index] update_mapping [my-type1] (dynamic)
[2014-02-18 15:36:34,580][INFO ][cluster.metadata         ] [node_0] [my-index] update_mapping [my-type2] (dynamic)
[2014-02-18 15:36:34,598][INFO ][search.fields            ] [SearchFieldsTests#testGetFields_complexField]: cleaning up after test
[2014-02-18 15:36:34,599][INFO ][cluster.metadata         ] [node_0] [my-index] deleting index
[2014-02-18 15:36:34,710][INFO ][search.fields            ] [SearchFieldsTests#testGetFields_complexField]: cleaned up after test
[2014-02-18 15:36:34,718][INFO ][test                     ] Test testGetFields_complexField(org.elasticsearch.search.fields.SearchFieldsTests) finished
[2014-02-18 15:36:34,719][INFO ][test                     ] Test testSearchFields_metaData(org.elasticsearch.search.fields.SearchFieldsTests) started
[2014-02-18 15:36:34,723][INFO ][plugins                  ] [transport_client_node_2] loaded [], sites []
[2014-02-18 15:36:34,752][INFO ][plugins                  ] [transport_client_node_1] loaded [], sites []
[2014-02-18 15:36:34,778][INFO ][search.fields            ] [SearchFieldsTests#testSearchFields_metaData]: before test
[2014-02-18 15:36:34,779][INFO ][plugins                  ] [transport_client_node_0] loaded [], sites []
[2014-02-18 15:36:34,812][INFO ][cluster.metadata         ] [node_0] [my-index] creating index, cause [auto(index api)], shards [5]/[1], mappings []
[2014-02-18 15:36:34,903][INFO ][cluster.metadata         ] [node_0] [my-index] update_mapping [my-type1] (dynamic)
[2014-02-18 15:36:34,936][INFO ][search.fields            ] [SearchFieldsTests#testSearchFields_metaData]: cleaning up after test
[2014-02-18 15:36:34,938][INFO ][cluster.metadata         ] [node_0] [my-index] deleting index
[2014-02-18 15:36:34,984][INFO ][search.fields            ] [SearchFieldsTests#testSearchFields_metaData]: cleaned up after test
[2014-02-18 15:36:34,996][INFO ][test                     ] Test testSearchFields_metaData(org.elasticsearch.search.fields.SearchFieldsTests) finished
[2014-02-18 15:36:34,997][INFO ][test                     ] Test testScriptFieldUsingSource(org.elasticsearch.search.fields.SearchFieldsTests) started
[2014-02-18 15:36:35,001][INFO ][plugins                  ] [transport_client_node_0] loaded [], sites []
[2014-02-18 15:36:35,036][INFO ][search.fields            ] [SearchFieldsTests#testScriptFieldUsingSource]: before test
[2014-02-18 15:36:35,050][INFO ][cluster.metadata         ] [node_0] [test] creating index, cause [api], shards [1]/[0], mappings []
[2014-02-18 15:36:35,076][INFO ][cluster.metadata         ] [node_0] [test] update_mapping [type1] (dynamic)
[2014-02-18 15:36:35,105][INFO ][search.fields            ] [SearchFieldsTests#testScriptFieldUsingSource]: cleaning up after test
[2014-02-18 15:36:35,106][INFO ][cluster.metadata         ] [node_0] [test] deleting index
[2014-02-18 15:36:35,115][INFO ][search.fields            ] [SearchFieldsTests#testScriptFieldUsingSource]: cleaned up after test
[2014-02-18 15:36:35,119][INFO ][test                     ] Test testScriptFieldUsingSource(org.elasticsearch.search.fields.SearchFieldsTests) finished
[2014-02-18 15:36:35,119][INFO ][test                     ] Test testPartialFields(org.elasticsearch.search.fields.SearchFieldsTests) started
[2014-02-18 15:36:35,122][INFO ][plugins                  ] [transport_client_node_2] loaded [], sites []
[2014-02-18 15:36:35,149][INFO ][search.fields            ] [SearchFieldsTests#testPartialFields]: before test
[2014-02-18 15:36:35,160][INFO ][cluster.metadata         ] [node_0] [test] creating index, cause [api], shards [1]/[0], mappings []
[2014-02-18 15:36:35,181][INFO ][cluster.metadata         ] [node_0] [test] update_mapping [type1] (dynamic)
[2014-02-18 15:36:35,208][INFO ][search.fields            ] [SearchFieldsTests#testPartialFields]: cleaning up after test
[2014-02-18 15:36:35,209][INFO ][cluster.metadata         ] [node_0] [test] deleting index
[2014-02-18 15:36:35,220][INFO ][search.fields            ] [SearchFieldsTests#testPartialFields]: cleaned up after test
[2014-02-18 15:36:35,224][INFO ][test                     ] Test testPartialFields(org.elasticsearch.search.fields.SearchFieldsTests) finished
[2014-02-18 15:36:35,225][INFO ][test                     ] Test testSearchFields_nonLeafField(org.elasticsearch.search.fields.SearchFieldsTests) started
[2014-02-18 15:36:35,228][INFO ][plugins                  ] [transport_client_node_0] loaded [], sites []
[2014-02-18 15:36:35,256][INFO ][search.fields            ] [SearchFieldsTests#testSearchFields_nonLeafField]: before test
[2014-02-18 15:36:35,265][INFO ][cluster.metadata         ] [node_0] [my-index] creating index, cause [auto(index api)], shards [5]/[1], mappings []
[2014-02-18 15:36:35,364][INFO ][cluster.metadata         ] [node_0] [my-index] update_mapping [my-type1] (dynamic)
[2014-02-18 15:36:35,397][INFO ][search.fields            ] [SearchFieldsTests#testSearchFields_nonLeafField]: cleaning up after test
[2014-02-18 15:36:35,398][INFO ][cluster.metadata         ] [node_0] [my-index] deleting index
[2014-02-18 15:36:35,589][INFO ][search.fields            ] [SearchFieldsTests#testSearchFields_nonLeafField]: cleaned up after test
[2014-02-18 15:36:35,593][INFO ][test                     ] Test testSearchFields_nonLeafField(org.elasticsearch.search.fields.SearchFieldsTests) finished
[2014-02-18 15:36:35,593][INFO ][test                     ] Test testFieldsPulledFromFieldData(org.elasticsearch.search.fields.SearchFieldsTests) started
[2014-02-18 15:36:35,597][INFO ][search.fields            ] [SearchFieldsTests#testFieldsPulledFromFieldData]: before test
[2014-02-18 15:36:35,606][INFO ][cluster.metadata         ] [node_0] [test] creating index, cause [api], shards [1]/[0], mappings []
[2014-02-18 15:36:35,628][INFO ][cluster.metadata         ] [node_0] [test] create_mapping [type1]
[2014-02-18 15:36:35,658][INFO ][search.fields            ] [SearchFieldsTests#testFieldsPulledFromFieldData]: cleaning up after test
[2014-02-18 15:36:35,659][INFO ][cluster.metadata         ] [node_0] [test] deleting index
[2014-02-18 15:36:35,680][INFO ][search.fields            ] [SearchFieldsTests#testFieldsPulledFromFieldData]: cleaned up after test
[2014-02-18 15:36:35,681][INFO ][test                     ] Test testFieldsPulledFromFieldData(org.elasticsearch.search.fields.SearchFieldsTests) finished
[2014-02-18 15:36:35,682][INFO ][test                     ] Test testScriptDocAndFields(org.elasticsearch.search.fields.SearchFieldsTests) started
[2014-02-18 15:36:35,696][INFO ][search.fields            ] [SearchFieldsTests#testScriptDocAndFields]: before test
[2014-02-18 15:36:35,709][INFO ][cluster.metadata         ] [node_0] [test] creating index, cause [api], shards [1]/[0], mappings []
[2014-02-18 15:36:35,748][INFO ][cluster.metadata         ] [node_0] [test] create_mapping [type1]
[2014-02-18 15:36:35,751][INFO ][cluster.metadata         ] [node_0] [test] update_mapping [type1] (dynamic)
[2014-02-18 15:36:35,837][INFO ][search.fields            ] running doc['num1'].value
[2014-02-18 15:36:35,856][INFO ][search.fields            ] running doc['num1'].value * factor
[2014-02-18 15:36:35,860][INFO ][search.fields            ] [SearchFieldsTests#testScriptDocAndFields]: cleaning up after test
[2014-02-18 15:36:35,860][INFO ][cluster.metadata         ] [node_0] [test] deleting index
[2014-02-18 15:36:35,871][INFO ][search.fields            ] [SearchFieldsTests#testScriptDocAndFields]: cleaned up after test
[2014-02-18 15:36:35,872][INFO ][test                     ] Test testScriptDocAndFields(org.elasticsearch.search.fields.SearchFieldsTests) finished
]]></system-out>
   <system-err><![CDATA[]]></system-err>
</testsuite>