<testsuite errors="0" failures="0" tests="37" skipped="0" name="org.apache.lucene.search.postingshighlight.XPostingsHighlighterTests" hostname="nohost.nodomain" time="1.389" timestamp="2014-02-18T15:42:32">
   <properties class="java.util.ArrayList">
      <property name="awt.toolkit" value="sun.lwawt.macosx.LWCToolkit"/>
      <property name="es.logger.level" value="INFO"/>
      <property name="es.logger.prefix" value=""/>
      <property name="es.node.local" value=""/>
      <property name="es.node.mode" value=""/>
      <property name="file.encoding" value="UTF-8"/>
      <property name="file.encoding.pkg" value="sun.io"/>
      <property name="file.separator" value="/"/>
      <property name="ftp.nonProxyHosts" value="local|*.local|169.254/16|*.169.254/16"/>
      <property name="gopherProxySet" value="false"/>
      <property name="http.nonProxyHosts" value="local|*.local|169.254/16|*.169.254/16"/>
      <property name="java.awt.graphicsenv" value="sun.awt.CGraphicsEnvironment"/>
      <property name="java.awt.headless" value="true"/>
      <property name="java.awt.printerjob" value="sun.lwawt.macosx.CPrinterJob"/>
      <property name="java.class.path" value="/Users/bhwang/elasticsearch/target/test-classes:/Users/bhwang/elasticsearch/target/classes:/Users/bhwang/.m2/repository/org/hamcrest/hamcrest-all/1.3/hamcrest-all-1.3.jar:/Users/bhwang/.m2/repository/com/carrotsearch/randomizedtesting/randomizedtesting-runner/2.0.15/randomizedtesting-runner-2.0.15.jar:/Users/bhwang/.m2/repository/junit/junit/4.10/junit-4.10.jar:/Users/bhwang/.m2/repository/org/apache/lucene/lucene-test-framework/4.6.1/lucene-test-framework-4.6.1.jar:/Users/bhwang/.m2/repository/org/apache/lucene/lucene-expressions/4.6.1/lucene-expressions-4.6.1.jar:/Users/bhwang/.m2/repository/org/antlr/antlr-runtime/3.5/antlr-runtime-3.5.jar:/Users/bhwang/.m2/repository/org/ow2/asm/asm/4.1/asm-4.1.jar:/Users/bhwang/.m2/repository/org/ow2/asm/asm-commons/4.1/asm-commons-4.1.jar:/Users/bhwang/.m2/repository/org/apache/httpcomponents/httpclient/4.3.1/httpclient-4.3.1.jar:/Users/bhwang/.m2/repository/org/apache/httpcomponents/httpcore/4.3/httpcore-4.3.jar:/Users/bhwang/.m2/repository/commons-logging/commons-logging/1.1.3/commons-logging-1.1.3.jar:/Users/bhwang/.m2/repository/commons-codec/commons-codec/1.6/commons-codec-1.6.jar:/Users/bhwang/.m2/repository/org/apache/lucene/lucene-core/4.6.1/lucene-core-4.6.1.jar:/Users/bhwang/.m2/repository/org/apache/lucene/lucene-analyzers-common/4.6.1/lucene-analyzers-common-4.6.1.jar:/Users/bhwang/.m2/repository/org/apache/lucene/lucene-codecs/4.6.1/lucene-codecs-4.6.1.jar:/Users/bhwang/.m2/repository/org/apache/lucene/lucene-queries/4.6.1/lucene-queries-4.6.1.jar:/Users/bhwang/.m2/repository/org/apache/lucene/lucene-memory/4.6.1/lucene-memory-4.6.1.jar:/Users/bhwang/.m2/repository/org/apache/lucene/lucene-highlighter/4.6.1/lucene-highlighter-4.6.1.jar:/Users/bhwang/.m2/repository/org/apache/lucene/lucene-queryparser/4.6.1/lucene-queryparser-4.6.1.jar:/Users/bhwang/.m2/repository/org/apache/lucene/lucene-sandbox/4.6.1/lucene-sandbox-4.6.1.jar:/Users/bhwang/.m2/repository/org/apache/lucene/lucene-suggest/4.6.1/lucene-suggest-4.6.1.jar:/Users/bhwang/.m2/repository/org/apache/lucene/lucene-misc/4.6.1/lucene-misc-4.6.1.jar:/Users/bhwang/.m2/repository/org/apache/lucene/lucene-join/4.6.1/lucene-join-4.6.1.jar:/Users/bhwang/.m2/repository/org/apache/lucene/lucene-grouping/4.6.1/lucene-grouping-4.6.1.jar:/Users/bhwang/.m2/repository/org/apache/lucene/lucene-spatial/4.6.1/lucene-spatial-4.6.1.jar:/Users/bhwang/.m2/repository/com/spatial4j/spatial4j/0.3/spatial4j-0.3.jar:/Users/bhwang/.m2/repository/com/vividsolutions/jts/1.12/jts-1.12.jar:/Users/bhwang/.m2/repository/com/google/guava/guava/16.0/guava-16.0.jar:/Users/bhwang/.m2/repository/com/carrotsearch/hppc/0.5.3/hppc-0.5.3.jar:/Users/bhwang/.m2/repository/joda-time/joda-time/2.3/joda-time-2.3.jar:/Users/bhwang/.m2/repository/org/joda/joda-convert/1.2/joda-convert-1.2.jar:/Users/bhwang/.m2/repository/org/mvel/mvel2/2.1.5.Final/mvel2-2.1.5.Final.jar:/Users/bhwang/.m2/repository/com/fasterxml/jackson/core/jackson-core/2.3.0/jackson-core-2.3.0.jar:/Users/bhwang/.m2/repository/com/fasterxml/jackson/dataformat/jackson-dataformat-smile/2.3.0/jackson-dataformat-smile-2.3.0.jar:/Users/bhwang/.m2/repository/com/fasterxml/jackson/dataformat/jackson-dataformat-yaml/2.3.0/jackson-dataformat-yaml-2.3.0.jar:/Users/bhwang/.m2/repository/io/netty/netty/3.9.0.Final/netty-3.9.0.Final.jar:/Users/bhwang/.m2/repository/com/ning/compress-lzf/0.9.6/compress-lzf-0.9.6.jar:/Users/bhwang/.m2/repository/log4j/log4j/1.2.17/log4j-1.2.17.jar:/Users/bhwang/.m2/repository/org/slf4j/slf4j-api/1.6.2/slf4j-api-1.6.2.jar:/Users/bhwang/.m2/repository/net/java/dev/jna/jna/3.3.0/jna-3.3.0.jar:/Users/bhwang/.m2/repository/org/fusesource/sigar/1.6.4/sigar-1.6.4.jar:/Users/bhwang/.m2/repository/com/carrotsearch/randomizedtesting/junit4-ant/2.0.15/junit4-ant-2.0.15.jar"/>
      <property name="java.class.version" value="51.0"/>
      <property name="java.endorsed.dirs" value="/Library/Java/JavaVirtualMachines/jdk1.7.0_45.jdk/Contents/Home/jre/lib/endorsed"/>
      <property name="java.ext.dirs" value="/Users/bhwang/Library/Java/Extensions:/Library/Java/JavaVirtualMachines/jdk1.7.0_45.jdk/Contents/Home/jre/lib/ext:/Library/Java/Extensions:/Network/Library/Java/Extensions:/System/Library/Java/Extensions:/usr/lib/java"/>
      <property name="java.home" value="/Library/Java/JavaVirtualMachines/jdk1.7.0_45.jdk/Contents/Home/jre"/>
      <property name="java.io.tmpdir" value="."/>
      <property name="java.library.path" value="/Users/bhwang/Library/Java/Extensions:/Library/Java/Extensions:/Network/Library/Java/Extensions:/System/Library/Java/Extensions:/usr/lib/java:."/>
      <property name="java.runtime.name" value="Java(TM) SE Runtime Environment"/>
      <property name="java.runtime.version" value="1.7.0_45-b18"/>
      <property name="java.security.policy" value="/Users/bhwang/elasticsearch/dev-tools/tests.policy"/>
      <property name="java.specification.name" value="Java Platform API Specification"/>
      <property name="java.specification.vendor" value="Oracle Corporation"/>
      <property name="java.specification.version" value="1.7"/>
      <property name="java.vendor" value="Oracle Corporation"/>
      <property name="java.vendor.url" value="http://java.oracle.com/"/>
      <property name="java.vendor.url.bug" value="http://bugreport.sun.com/bugreport/"/>
      <property name="java.version" value="1.7.0_45"/>
      <property name="java.vm.info" value="mixed mode"/>
      <property name="java.vm.name" value="Java HotSpot(TM) 64-Bit Server VM"/>
      <property name="java.vm.specification.name" value="Java Virtual Machine Specification"/>
      <property name="java.vm.specification.vendor" value="Oracle Corporation"/>
      <property name="java.vm.specification.version" value="1.7"/>
      <property name="java.vm.vendor" value="Oracle Corporation"/>
      <property name="java.vm.version" value="24.45-b08"/>
      <property name="junit4.childvm.cwd" value="/Users/bhwang/elasticsearch/target/J0"/>
      <property name="junit4.childvm.id" value="0"/>
      <property name="junit4.memory.total" value="128974848"/>
      <property name="junit4.pidString" value="6815@Bills-MacBook-Pro.local"/>
      <property name="junit4.processors" value="4"/>
      <property name="junit4.tempDir" value="/Users/bhwang/elasticsearch/target"/>
      <property name="line.separator" value="
"/>
      <property name="os.arch" value="x86_64"/>
      <property name="os.name" value="Mac OS X"/>
      <property name="os.version" value="10.9.1"/>
      <property name="path.separator" value=":"/>
      <property name="socksNonProxyHosts" value="local|*.local|169.254/16|*.169.254/16"/>
      <property name="sun.arch.data.model" value="64"/>
      <property name="sun.boot.class.path" value="/Library/Java/JavaVirtualMachines/jdk1.7.0_45.jdk/Contents/Home/jre/lib/resources.jar:/Library/Java/JavaVirtualMachines/jdk1.7.0_45.jdk/Contents/Home/jre/lib/rt.jar:/Library/Java/JavaVirtualMachines/jdk1.7.0_45.jdk/Contents/Home/jre/lib/sunrsasign.jar:/Library/Java/JavaVirtualMachines/jdk1.7.0_45.jdk/Contents/Home/jre/lib/jsse.jar:/Library/Java/JavaVirtualMachines/jdk1.7.0_45.jdk/Contents/Home/jre/lib/jce.jar:/Library/Java/JavaVirtualMachines/jdk1.7.0_45.jdk/Contents/Home/jre/lib/charsets.jar:/Library/Java/JavaVirtualMachines/jdk1.7.0_45.jdk/Contents/Home/jre/lib/jfr.jar:/Library/Java/JavaVirtualMachines/jdk1.7.0_45.jdk/Contents/Home/jre/lib/JObjC.jar:/Library/Java/JavaVirtualMachines/jdk1.7.0_45.jdk/Contents/Home/jre/classes"/>
      <property name="sun.boot.library.path" value="/Library/Java/JavaVirtualMachines/jdk1.7.0_45.jdk/Contents/Home/jre/lib"/>
      <property name="sun.cpu.endian" value="little"/>
      <property name="sun.cpu.isalist" value=""/>
      <property name="sun.io.unicode.encoding" value="UnicodeBig"/>
      <property name="sun.java.command" value="com.carrotsearch.ant.tasks.junit4.slave.SlaveMainSafe -flush -eventsfile /Users/bhwang/elasticsearch/target/junit4-J0-20140218_153326_767.events @/Users/bhwang/elasticsearch/target/junit4-J0-20140218_153326_767.suites -stdin"/>
      <property name="sun.java.launcher" value="SUN_STANDARD"/>
      <property name="sun.jnu.encoding" value="UTF-8"/>
      <property name="sun.management.compiler" value="HotSpot 64-Bit Tiered Compilers"/>
      <property name="sun.os.patch.level" value="unknown"/>
      <property name="tests.appendseed" value=""/>
      <property name="tests.assertion.disabled" value=""/>
      <property name="tests.awaitsfix" value=""/>
      <property name="tests.badapples" value=""/>
      <property name="tests.class" value=""/>
      <property name="tests.client.ratio" value=""/>
      <property name="tests.cluster_seed" value=""/>
      <property name="tests.enable_mock_modules" value=""/>
      <property name="tests.failfast" value=""/>
      <property name="tests.integration" value=""/>
      <property name="tests.iters" value=""/>
      <property name="tests.jvm.argline" value=""/>
      <property name="tests.maxfailures" value=""/>
      <property name="tests.method" value=""/>
      <property name="tests.network" value=""/>
      <property name="tests.nightly" value=""/>
      <property name="tests.prefix" value="tests"/>
      <property name="tests.rest" value=""/>
      <property name="tests.rest.spec" value=""/>
      <property name="tests.rest.suite" value=""/>
      <property name="tests.security.manager" value=""/>
      <property name="tests.seed" value="A89B4FF56754358E"/>
      <property name="tests.showSuccess" value=""/>
      <property name="tests.slow" value=""/>
      <property name="tests.timeoutSuite" value=""/>
      <property name="tests.weekly" value=""/>
      <property name="user.country" value="US"/>
      <property name="user.dir" value="/Users/bhwang/elasticsearch/target/J0"/>
      <property name="user.home" value="/Users/bhwang"/>
      <property name="user.language" value="en"/>
      <property name="user.name" value="bhwang"/>
      <property name="user.timezone" value=""/>
   </properties>
   <testcase classname="org.apache.lucene.search.postingshighlight.XPostingsHighlighterTests" name="testFieldIsMissing" time="0.032"/>
   <testcase classname="org.apache.lucene.search.postingshighlight.XPostingsHighlighterTests" name="testHighlightLastWord" time="0.015"/>
   <testcase classname="org.apache.lucene.search.postingshighlight.XPostingsHighlighterTests" name="testHighlightWithNoMatches" time="0.023"/>
   <testcase classname="org.apache.lucene.search.postingshighlight.XPostingsHighlighterTests" name="testEmptyHighlightsWhole" time="0.006"/>
   <testcase classname="org.apache.lucene.search.postingshighlight.XPostingsHighlighterTests" name="testDiscreteHighlightingPerValue_secondValueWithoutMatches" time="0.008"/>
   <testcase classname="org.apache.lucene.search.postingshighlight.XPostingsHighlighterTests" name="testCustomFieldValueSource" time="0.01"/>
   <testcase classname="org.apache.lucene.search.postingshighlight.XPostingsHighlighterTests" name="testPassageRanking" time="0.01"/>
   <testcase classname="org.apache.lucene.search.postingshighlight.XPostingsHighlighterTests" name="testMultipleDocs" time="0.404"/>
   <testcase classname="org.apache.lucene.search.postingshighlight.XPostingsHighlighterTests" name="testCustomMultiValuedSeparator" time="0.06"/>
   <testcase classname="org.apache.lucene.search.postingshighlight.XPostingsHighlighterTests" name="testBasics" time="0.01"/>
   <testcase classname="org.apache.lucene.search.postingshighlight.XPostingsHighlighterTests" name="testEmptyHighlights" time="0.008"/>
   <testcase classname="org.apache.lucene.search.postingshighlight.XPostingsHighlighterTests" name="testSpecificDocIDs" time="0.023"/>
   <testcase classname="org.apache.lucene.search.postingshighlight.XPostingsHighlighterTests" name="testMultipleFields" time="0.013"/>
   <testcase classname="org.apache.lucene.search.postingshighlight.XPostingsHighlighterTests" name="testCuriousGeorge" time="0.014"/>
   <testcase classname="org.apache.lucene.search.postingshighlight.XPostingsHighlighterTests" name="testMaxLengthWithMultivalue" time="0.01"/>
   <testcase classname="org.apache.lucene.search.postingshighlight.XPostingsHighlighterTests" name="testFieldIsEmptyString" time="0.017"/>
   <testcase classname="org.apache.lucene.search.postingshighlight.XPostingsHighlighterTests" name="testDiscreteHighlightingPerValue_MultipleQueryTerms" time="0.069"/>
   <testcase classname="org.apache.lucene.search.postingshighlight.XPostingsHighlighterTests" name="testBuddhism" time="0.018"/>
   <testcase classname="org.apache.lucene.search.postingshighlight.XPostingsHighlighterTests" name="testFormatWithMatchExceedingContentLength" time="0.015"/>
   <testcase classname="org.apache.lucene.search.postingshighlight.XPostingsHighlighterTests" name="testDiscreteHighlightingPerValue_MultipleMatches" time="0.018"/>
   <testcase classname="org.apache.lucene.search.postingshighlight.XPostingsHighlighterTests" name="testDiscreteHighlightingPerValue" time="0.04"/>
   <testcase classname="org.apache.lucene.search.postingshighlight.XPostingsHighlighterTests" name="testObjectFormatter" time="0.012"/>
   <testcase classname="org.apache.lucene.search.postingshighlight.XPostingsHighlighterTests" name="testFieldIsJustSpace" time="0.012"/>
   <testcase classname="org.apache.lucene.search.postingshighlight.XPostingsHighlighterTests" name="testCustomEmptyHighlights" time="0.009"/>
   <testcase classname="org.apache.lucene.search.postingshighlight.XPostingsHighlighterTests" name="testOneSentence" time="0.008"/>
   <testcase classname="org.apache.lucene.search.postingshighlight.XPostingsHighlighterTests" name="testMultiplePassages" time="0.009"/>
   <testcase classname="org.apache.lucene.search.postingshighlight.XPostingsHighlighterTests" name="testMultipleSnippetSizes" time="0.014"/>
   <testcase classname="org.apache.lucene.search.postingshighlight.XPostingsHighlighterTests" name="testGapSeparator" time="0.027"/>
   <testcase classname="org.apache.lucene.search.postingshighlight.XPostingsHighlighterTests" name="testEncode" time="0.016"/>
   <testcase classname="org.apache.lucene.search.postingshighlight.XPostingsHighlighterTests" name="testUserFailedToIndexOffsets" time="0.012"/>
   <testcase classname="org.apache.lucene.search.postingshighlight.XPostingsHighlighterTests" name="testMultipleTerms" time="0.013"/>
   <testcase classname="org.apache.lucene.search.postingshighlight.XPostingsHighlighterTests" name="testFormatWithMatchExceedingContentLength3" time="0.008"/>
   <testcase classname="org.apache.lucene.search.postingshighlight.XPostingsHighlighterTests" name="testCambridgeMA" time="0.35"/>
   <testcase classname="org.apache.lucene.search.postingshighlight.XPostingsHighlighterTests" name="testCustomPassageFormatterMultipleFragments" time="0.015"/>
   <testcase classname="org.apache.lucene.search.postingshighlight.XPostingsHighlighterTests" name="testFormatWithMatchExceedingContentLength2" time="0.011"/>
   <testcase classname="org.apache.lucene.search.postingshighlight.XPostingsHighlighterTests" name="testBooleanMustNot" time="0.009"/>
   <testcase classname="org.apache.lucene.search.postingshighlight.XPostingsHighlighterTests" name="testHighlightAllText" time="0.011"/>
   <system-out><![CDATA[[2014-02-18 15:42:32,338][INFO ][test                     ] Test testFieldIsMissing(org.apache.lucene.search.postingshighlight.XPostingsHighlighterTests) started
[2014-02-18 15:42:32,370][INFO ][test                     ] Test testFieldIsMissing(org.apache.lucene.search.postingshighlight.XPostingsHighlighterTests) finished
[2014-02-18 15:42:32,370][INFO ][test                     ] Test testHighlightLastWord(org.apache.lucene.search.postingshighlight.XPostingsHighlighterTests) started
[2014-02-18 15:42:32,385][INFO ][test                     ] Test testHighlightLastWord(org.apache.lucene.search.postingshighlight.XPostingsHighlighterTests) finished
[2014-02-18 15:42:32,386][INFO ][test                     ] Test testHighlightWithNoMatches(org.apache.lucene.search.postingshighlight.XPostingsHighlighterTests) started
[2014-02-18 15:42:32,409][INFO ][test                     ] Test testHighlightWithNoMatches(org.apache.lucene.search.postingshighlight.XPostingsHighlighterTests) finished
[2014-02-18 15:42:32,410][INFO ][test                     ] Test testEmptyHighlightsWhole(org.apache.lucene.search.postingshighlight.XPostingsHighlighterTests) started
[2014-02-18 15:42:32,416][INFO ][test                     ] Test testEmptyHighlightsWhole(org.apache.lucene.search.postingshighlight.XPostingsHighlighterTests) finished
[2014-02-18 15:42:32,417][INFO ][test                     ] Test testDiscreteHighlightingPerValue_secondValueWithoutMatches(org.apache.lucene.search.postingshighlight.XPostingsHighlighterTests) started
[2014-02-18 15:42:32,425][INFO ][test                     ] Test testDiscreteHighlightingPerValue_secondValueWithoutMatches(org.apache.lucene.search.postingshighlight.XPostingsHighlighterTests) finished
[2014-02-18 15:42:32,425][INFO ][test                     ] Test testCustomFieldValueSource(org.apache.lucene.search.postingshighlight.XPostingsHighlighterTests) started
[2014-02-18 15:42:32,435][INFO ][test                     ] Test testCustomFieldValueSource(org.apache.lucene.search.postingshighlight.XPostingsHighlighterTests) finished
[2014-02-18 15:42:32,436][INFO ][test                     ] Test testPassageRanking(org.apache.lucene.search.postingshighlight.XPostingsHighlighterTests) started
[2014-02-18 15:42:32,445][INFO ][test                     ] Test testPassageRanking(org.apache.lucene.search.postingshighlight.XPostingsHighlighterTests) finished
[2014-02-18 15:42:32,446][INFO ][test                     ] Test testMultipleDocs(org.apache.lucene.search.postingshighlight.XPostingsHighlighterTests) started
[2014-02-18 15:42:32,850][INFO ][test                     ] Test testMultipleDocs(org.apache.lucene.search.postingshighlight.XPostingsHighlighterTests) finished
[2014-02-18 15:42:32,850][INFO ][test                     ] Test testCustomMultiValuedSeparator(org.apache.lucene.search.postingshighlight.XPostingsHighlighterTests) started
[2014-02-18 15:42:32,910][INFO ][test                     ] Test testCustomMultiValuedSeparator(org.apache.lucene.search.postingshighlight.XPostingsHighlighterTests) finished
[2014-02-18 15:42:32,911][INFO ][test                     ] Test testBasics(org.apache.lucene.search.postingshighlight.XPostingsHighlighterTests) started
[2014-02-18 15:42:32,921][INFO ][test                     ] Test testBasics(org.apache.lucene.search.postingshighlight.XPostingsHighlighterTests) finished
[2014-02-18 15:42:32,922][INFO ][test                     ] Test testEmptyHighlights(org.apache.lucene.search.postingshighlight.XPostingsHighlighterTests) started
[2014-02-18 15:42:32,929][INFO ][test                     ] Test testEmptyHighlights(org.apache.lucene.search.postingshighlight.XPostingsHighlighterTests) finished
[2014-02-18 15:42:32,929][INFO ][test                     ] Test testSpecificDocIDs(org.apache.lucene.search.postingshighlight.XPostingsHighlighterTests) started
[2014-02-18 15:42:32,952][INFO ][test                     ] Test testSpecificDocIDs(org.apache.lucene.search.postingshighlight.XPostingsHighlighterTests) finished
[2014-02-18 15:42:32,952][INFO ][test                     ] Test testMultipleFields(org.apache.lucene.search.postingshighlight.XPostingsHighlighterTests) started
[2014-02-18 15:42:32,965][INFO ][test                     ] Test testMultipleFields(org.apache.lucene.search.postingshighlight.XPostingsHighlighterTests) finished
[2014-02-18 15:42:32,966][INFO ][test                     ] Test testCuriousGeorge(org.apache.lucene.search.postingshighlight.XPostingsHighlighterTests) started
[2014-02-18 15:42:32,979][INFO ][test                     ] Test testCuriousGeorge(org.apache.lucene.search.postingshighlight.XPostingsHighlighterTests) finished
[2014-02-18 15:42:32,980][INFO ][test                     ] Test testMaxLengthWithMultivalue(org.apache.lucene.search.postingshighlight.XPostingsHighlighterTests) started
[2014-02-18 15:42:32,989][INFO ][test                     ] Test testMaxLengthWithMultivalue(org.apache.lucene.search.postingshighlight.XPostingsHighlighterTests) finished
[2014-02-18 15:42:32,990][INFO ][test                     ] Test testFieldIsEmptyString(org.apache.lucene.search.postingshighlight.XPostingsHighlighterTests) started
[2014-02-18 15:42:33,006][INFO ][test                     ] Test testFieldIsEmptyString(org.apache.lucene.search.postingshighlight.XPostingsHighlighterTests) finished
[2014-02-18 15:42:33,007][INFO ][test                     ] Test testDiscreteHighlightingPerValue_MultipleQueryTerms(org.apache.lucene.search.postingshighlight.XPostingsHighlighterTests) started
[2014-02-18 15:42:33,076][INFO ][test                     ] Test testDiscreteHighlightingPerValue_MultipleQueryTerms(org.apache.lucene.search.postingshighlight.XPostingsHighlighterTests) finished
[2014-02-18 15:42:33,077][INFO ][test                     ] Test testBuddhism(org.apache.lucene.search.postingshighlight.XPostingsHighlighterTests) started
[2014-02-18 15:42:33,095][INFO ][test                     ] Test testBuddhism(org.apache.lucene.search.postingshighlight.XPostingsHighlighterTests) finished
[2014-02-18 15:42:33,096][INFO ][test                     ] Test testFormatWithMatchExceedingContentLength(org.apache.lucene.search.postingshighlight.XPostingsHighlighterTests) started
[2014-02-18 15:42:33,111][INFO ][test                     ] Test testFormatWithMatchExceedingContentLength(org.apache.lucene.search.postingshighlight.XPostingsHighlighterTests) finished
[2014-02-18 15:42:33,111][INFO ][test                     ] Test testDiscreteHighlightingPerValue_MultipleMatches(org.apache.lucene.search.postingshighlight.XPostingsHighlighterTests) started
[2014-02-18 15:42:33,128][INFO ][test                     ] Test testDiscreteHighlightingPerValue_MultipleMatches(org.apache.lucene.search.postingshighlight.XPostingsHighlighterTests) finished
[2014-02-18 15:42:33,129][INFO ][test                     ] Test testDiscreteHighlightingPerValue(org.apache.lucene.search.postingshighlight.XPostingsHighlighterTests) started
[2014-02-18 15:42:33,169][INFO ][test                     ] Test testDiscreteHighlightingPerValue(org.apache.lucene.search.postingshighlight.XPostingsHighlighterTests) finished
[2014-02-18 15:42:33,170][INFO ][test                     ] Test testObjectFormatter(org.apache.lucene.search.postingshighlight.XPostingsHighlighterTests) started
[2014-02-18 15:42:33,181][INFO ][test                     ] Test testObjectFormatter(org.apache.lucene.search.postingshighlight.XPostingsHighlighterTests) finished
[2014-02-18 15:42:33,182][INFO ][test                     ] Test testFieldIsJustSpace(org.apache.lucene.search.postingshighlight.XPostingsHighlighterTests) started
[2014-02-18 15:42:33,193][INFO ][test                     ] Test testFieldIsJustSpace(org.apache.lucene.search.postingshighlight.XPostingsHighlighterTests) finished
[2014-02-18 15:42:33,194][INFO ][test                     ] Test testCustomEmptyHighlights(org.apache.lucene.search.postingshighlight.XPostingsHighlighterTests) started
[2014-02-18 15:42:33,203][INFO ][test                     ] Test testCustomEmptyHighlights(org.apache.lucene.search.postingshighlight.XPostingsHighlighterTests) finished
[2014-02-18 15:42:33,203][INFO ][test                     ] Test testOneSentence(org.apache.lucene.search.postingshighlight.XPostingsHighlighterTests) started
[2014-02-18 15:42:33,211][INFO ][test                     ] Test testOneSentence(org.apache.lucene.search.postingshighlight.XPostingsHighlighterTests) finished
[2014-02-18 15:42:33,212][INFO ][test                     ] Test testMultiplePassages(org.apache.lucene.search.postingshighlight.XPostingsHighlighterTests) started
[2014-02-18 15:42:33,221][INFO ][test                     ] Test testMultiplePassages(org.apache.lucene.search.postingshighlight.XPostingsHighlighterTests) finished
[2014-02-18 15:42:33,221][INFO ][test                     ] Test testMultipleSnippetSizes(org.apache.lucene.search.postingshighlight.XPostingsHighlighterTests) started
[2014-02-18 15:42:33,234][INFO ][test                     ] Test testMultipleSnippetSizes(org.apache.lucene.search.postingshighlight.XPostingsHighlighterTests) finished
[2014-02-18 15:42:33,235][INFO ][test                     ] Test testGapSeparator(org.apache.lucene.search.postingshighlight.XPostingsHighlighterTests) started
[2014-02-18 15:42:33,262][INFO ][test                     ] Test testGapSeparator(org.apache.lucene.search.postingshighlight.XPostingsHighlighterTests) finished
[2014-02-18 15:42:33,262][INFO ][test                     ] Test testEncode(org.apache.lucene.search.postingshighlight.XPostingsHighlighterTests) started
[2014-02-18 15:42:33,277][INFO ][test                     ] Test testEncode(org.apache.lucene.search.postingshighlight.XPostingsHighlighterTests) finished
[2014-02-18 15:42:33,278][INFO ][test                     ] Test testUserFailedToIndexOffsets(org.apache.lucene.search.postingshighlight.XPostingsHighlighterTests) started
[2014-02-18 15:42:33,290][INFO ][test                     ] Test testUserFailedToIndexOffsets(org.apache.lucene.search.postingshighlight.XPostingsHighlighterTests) finished
[2014-02-18 15:42:33,290][INFO ][test                     ] Test testMultipleTerms(org.apache.lucene.search.postingshighlight.XPostingsHighlighterTests) started
[2014-02-18 15:42:33,303][INFO ][test                     ] Test testMultipleTerms(org.apache.lucene.search.postingshighlight.XPostingsHighlighterTests) finished
[2014-02-18 15:42:33,303][INFO ][test                     ] Test testFormatWithMatchExceedingContentLength3(org.apache.lucene.search.postingshighlight.XPostingsHighlighterTests) started
[2014-02-18 15:42:33,311][INFO ][test                     ] Test testFormatWithMatchExceedingContentLength3(org.apache.lucene.search.postingshighlight.XPostingsHighlighterTests) finished
[2014-02-18 15:42:33,311][INFO ][test                     ] Test testCambridgeMA(org.apache.lucene.search.postingshighlight.XPostingsHighlighterTests) started
[2014-02-18 15:42:33,660][INFO ][test                     ] Test testCambridgeMA(org.apache.lucene.search.postingshighlight.XPostingsHighlighterTests) finished
[2014-02-18 15:42:33,661][INFO ][test                     ] Test testCustomPassageFormatterMultipleFragments(org.apache.lucene.search.postingshighlight.XPostingsHighlighterTests) started
[2014-02-18 15:42:33,676][INFO ][test                     ] Test testCustomPassageFormatterMultipleFragments(org.apache.lucene.search.postingshighlight.XPostingsHighlighterTests) finished
[2014-02-18 15:42:33,677][INFO ][test                     ] Test testFormatWithMatchExceedingContentLength2(org.apache.lucene.search.postingshighlight.XPostingsHighlighterTests) started
[2014-02-18 15:42:33,688][INFO ][test                     ] Test testFormatWithMatchExceedingContentLength2(org.apache.lucene.search.postingshighlight.XPostingsHighlighterTests) finished
[2014-02-18 15:42:33,688][INFO ][test                     ] Test testBooleanMustNot(org.apache.lucene.search.postingshighlight.XPostingsHighlighterTests) started
[2014-02-18 15:42:33,697][INFO ][test                     ] Test testBooleanMustNot(org.apache.lucene.search.postingshighlight.XPostingsHighlighterTests) finished
[2014-02-18 15:42:33,698][INFO ][test                     ] Test testHighlightAllText(org.apache.lucene.search.postingshighlight.XPostingsHighlighterTests) started
[2014-02-18 15:42:33,708][INFO ][test                     ] Test testHighlightAllText(org.apache.lucene.search.postingshighlight.XPostingsHighlighterTests) finished
]]></system-out>
   <system-err><![CDATA[]]></system-err>
</testsuite>