<testsuite errors="0" failures="0" tests="1" skipped="0" name="org.elasticsearch.cluster.routing.allocation.SameShardRoutingTests" hostname="nohost.nodomain" time="0.033" timestamp="2014-02-18T15:34:59">
   <properties class="java.util.ArrayList">
      <property name="awt.toolkit" value="sun.lwawt.macosx.LWCToolkit"/>
      <property name="es.logger.level" value="INFO"/>
      <property name="es.logger.prefix" value=""/>
      <property name="es.node.local" value=""/>
      <property name="es.node.mode" value=""/>
      <property name="file.encoding" value="UTF-8"/>
      <property name="file.encoding.pkg" value="sun.io"/>
      <property name="file.separator" value="/"/>
      <property name="ftp.nonProxyHosts" value="local|*.local|169.254/16|*.169.254/16"/>
      <property name="gopherProxySet" value="false"/>
      <property name="http.nonProxyHosts" value="local|*.local|169.254/16|*.169.254/16"/>
      <property name="java.awt.graphicsenv" value="sun.awt.CGraphicsEnvironment"/>
      <property name="java.awt.headless" value="true"/>
      <property name="java.awt.printerjob" value="sun.lwawt.macosx.CPrinterJob"/>
      <property name="java.class.path" value="/Users/bhwang/elasticsearch/target/test-classes:/Users/bhwang/elasticsearch/target/classes:/Users/bhwang/.m2/repository/org/hamcrest/hamcrest-all/1.3/hamcrest-all-1.3.jar:/Users/bhwang/.m2/repository/com/carrotsearch/randomizedtesting/randomizedtesting-runner/2.0.15/randomizedtesting-runner-2.0.15.jar:/Users/bhwang/.m2/repository/junit/junit/4.10/junit-4.10.jar:/Users/bhwang/.m2/repository/org/apache/lucene/lucene-test-framework/4.6.1/lucene-test-framework-4.6.1.jar:/Users/bhwang/.m2/repository/org/apache/lucene/lucene-expressions/4.6.1/lucene-expressions-4.6.1.jar:/Users/bhwang/.m2/repository/org/antlr/antlr-runtime/3.5/antlr-runtime-3.5.jar:/Users/bhwang/.m2/repository/org/ow2/asm/asm/4.1/asm-4.1.jar:/Users/bhwang/.m2/repository/org/ow2/asm/asm-commons/4.1/asm-commons-4.1.jar:/Users/bhwang/.m2/repository/org/apache/httpcomponents/httpclient/4.3.1/httpclient-4.3.1.jar:/Users/bhwang/.m2/repository/org/apache/httpcomponents/httpcore/4.3/httpcore-4.3.jar:/Users/bhwang/.m2/repository/commons-logging/commons-logging/1.1.3/commons-logging-1.1.3.jar:/Users/bhwang/.m2/repository/commons-codec/commons-codec/1.6/commons-codec-1.6.jar:/Users/bhwang/.m2/repository/org/apache/lucene/lucene-core/4.6.1/lucene-core-4.6.1.jar:/Users/bhwang/.m2/repository/org/apache/lucene/lucene-analyzers-common/4.6.1/lucene-analyzers-common-4.6.1.jar:/Users/bhwang/.m2/repository/org/apache/lucene/lucene-codecs/4.6.1/lucene-codecs-4.6.1.jar:/Users/bhwang/.m2/repository/org/apache/lucene/lucene-queries/4.6.1/lucene-queries-4.6.1.jar:/Users/bhwang/.m2/repository/org/apache/lucene/lucene-memory/4.6.1/lucene-memory-4.6.1.jar:/Users/bhwang/.m2/repository/org/apache/lucene/lucene-highlighter/4.6.1/lucene-highlighter-4.6.1.jar:/Users/bhwang/.m2/repository/org/apache/lucene/lucene-queryparser/4.6.1/lucene-queryparser-4.6.1.jar:/Users/bhwang/.m2/repository/org/apache/lucene/lucene-sandbox/4.6.1/lucene-sandbox-4.6.1.jar:/Users/bhwang/.m2/repository/org/apache/lucene/lucene-suggest/4.6.1/lucene-suggest-4.6.1.jar:/Users/bhwang/.m2/repository/org/apache/lucene/lucene-misc/4.6.1/lucene-misc-4.6.1.jar:/Users/bhwang/.m2/repository/org/apache/lucene/lucene-join/4.6.1/lucene-join-4.6.1.jar:/Users/bhwang/.m2/repository/org/apache/lucene/lucene-grouping/4.6.1/lucene-grouping-4.6.1.jar:/Users/bhwang/.m2/repository/org/apache/lucene/lucene-spatial/4.6.1/lucene-spatial-4.6.1.jar:/Users/bhwang/.m2/repository/com/spatial4j/spatial4j/0.3/spatial4j-0.3.jar:/Users/bhwang/.m2/repository/com/vividsolutions/jts/1.12/jts-1.12.jar:/Users/bhwang/.m2/repository/com/google/guava/guava/16.0/guava-16.0.jar:/Users/bhwang/.m2/repository/com/carrotsearch/hppc/0.5.3/hppc-0.5.3.jar:/Users/bhwang/.m2/repository/joda-time/joda-time/2.3/joda-time-2.3.jar:/Users/bhwang/.m2/repository/org/joda/joda-convert/1.2/joda-convert-1.2.jar:/Users/bhwang/.m2/repository/org/mvel/mvel2/2.1.5.Final/mvel2-2.1.5.Final.jar:/Users/bhwang/.m2/repository/com/fasterxml/jackson/core/jackson-core/2.3.0/jackson-core-2.3.0.jar:/Users/bhwang/.m2/repository/com/fasterxml/jackson/dataformat/jackson-dataformat-smile/2.3.0/jackson-dataformat-smile-2.3.0.jar:/Users/bhwang/.m2/repository/com/fasterxml/jackson/dataformat/jackson-dataformat-yaml/2.3.0/jackson-dataformat-yaml-2.3.0.jar:/Users/bhwang/.m2/repository/io/netty/netty/3.9.0.Final/netty-3.9.0.Final.jar:/Users/bhwang/.m2/repository/com/ning/compress-lzf/0.9.6/compress-lzf-0.9.6.jar:/Users/bhwang/.m2/repository/log4j/log4j/1.2.17/log4j-1.2.17.jar:/Users/bhwang/.m2/repository/org/slf4j/slf4j-api/1.6.2/slf4j-api-1.6.2.jar:/Users/bhwang/.m2/repository/net/java/dev/jna/jna/3.3.0/jna-3.3.0.jar:/Users/bhwang/.m2/repository/org/fusesource/sigar/1.6.4/sigar-1.6.4.jar:/Users/bhwang/.m2/repository/com/carrotsearch/randomizedtesting/junit4-ant/2.0.15/junit4-ant-2.0.15.jar"/>
      <property name="java.class.version" value="51.0"/>
      <property name="java.endorsed.dirs" value="/Library/Java/JavaVirtualMachines/jdk1.7.0_45.jdk/Contents/Home/jre/lib/endorsed"/>
      <property name="java.ext.dirs" value="/Users/bhwang/Library/Java/Extensions:/Library/Java/JavaVirtualMachines/jdk1.7.0_45.jdk/Contents/Home/jre/lib/ext:/Library/Java/Extensions:/Network/Library/Java/Extensions:/System/Library/Java/Extensions:/usr/lib/java"/>
      <property name="java.home" value="/Library/Java/JavaVirtualMachines/jdk1.7.0_45.jdk/Contents/Home/jre"/>
      <property name="java.io.tmpdir" value="."/>
      <property name="java.library.path" value="/Users/bhwang/Library/Java/Extensions:/Library/Java/Extensions:/Network/Library/Java/Extensions:/System/Library/Java/Extensions:/usr/lib/java:."/>
      <property name="java.runtime.name" value="Java(TM) SE Runtime Environment"/>
      <property name="java.runtime.version" value="1.7.0_45-b18"/>
      <property name="java.security.policy" value="/Users/bhwang/elasticsearch/dev-tools/tests.policy"/>
      <property name="java.specification.name" value="Java Platform API Specification"/>
      <property name="java.specification.vendor" value="Oracle Corporation"/>
      <property name="java.specification.version" value="1.7"/>
      <property name="java.vendor" value="Oracle Corporation"/>
      <property name="java.vendor.url" value="http://java.oracle.com/"/>
      <property name="java.vendor.url.bug" value="http://bugreport.sun.com/bugreport/"/>
      <property name="java.version" value="1.7.0_45"/>
      <property name="java.vm.info" value="mixed mode"/>
      <property name="java.vm.name" value="Java HotSpot(TM) 64-Bit Server VM"/>
      <property name="java.vm.specification.name" value="Java Virtual Machine Specification"/>
      <property name="java.vm.specification.vendor" value="Oracle Corporation"/>
      <property name="java.vm.specification.version" value="1.7"/>
      <property name="java.vm.vendor" value="Oracle Corporation"/>
      <property name="java.vm.version" value="24.45-b08"/>
      <property name="junit4.childvm.cwd" value="/Users/bhwang/elasticsearch/target/J0"/>
      <property name="junit4.childvm.id" value="0"/>
      <property name="junit4.memory.total" value="128974848"/>
      <property name="junit4.pidString" value="6815@Bills-MacBook-Pro.local"/>
      <property name="junit4.processors" value="4"/>
      <property name="junit4.tempDir" value="/Users/bhwang/elasticsearch/target"/>
      <property name="line.separator" value="
"/>
      <property name="os.arch" value="x86_64"/>
      <property name="os.name" value="Mac OS X"/>
      <property name="os.version" value="10.9.1"/>
      <property name="path.separator" value=":"/>
      <property name="socksNonProxyHosts" value="local|*.local|169.254/16|*.169.254/16"/>
      <property name="sun.arch.data.model" value="64"/>
      <property name="sun.boot.class.path" value="/Library/Java/JavaVirtualMachines/jdk1.7.0_45.jdk/Contents/Home/jre/lib/resources.jar:/Library/Java/JavaVirtualMachines/jdk1.7.0_45.jdk/Contents/Home/jre/lib/rt.jar:/Library/Java/JavaVirtualMachines/jdk1.7.0_45.jdk/Contents/Home/jre/lib/sunrsasign.jar:/Library/Java/JavaVirtualMachines/jdk1.7.0_45.jdk/Contents/Home/jre/lib/jsse.jar:/Library/Java/JavaVirtualMachines/jdk1.7.0_45.jdk/Contents/Home/jre/lib/jce.jar:/Library/Java/JavaVirtualMachines/jdk1.7.0_45.jdk/Contents/Home/jre/lib/charsets.jar:/Library/Java/JavaVirtualMachines/jdk1.7.0_45.jdk/Contents/Home/jre/lib/jfr.jar:/Library/Java/JavaVirtualMachines/jdk1.7.0_45.jdk/Contents/Home/jre/lib/JObjC.jar:/Library/Java/JavaVirtualMachines/jdk1.7.0_45.jdk/Contents/Home/jre/classes"/>
      <property name="sun.boot.library.path" value="/Library/Java/JavaVirtualMachines/jdk1.7.0_45.jdk/Contents/Home/jre/lib"/>
      <property name="sun.cpu.endian" value="little"/>
      <property name="sun.cpu.isalist" value=""/>
      <property name="sun.io.unicode.encoding" value="UnicodeBig"/>
      <property name="sun.java.command" value="com.carrotsearch.ant.tasks.junit4.slave.SlaveMainSafe -flush -eventsfile /Users/bhwang/elasticsearch/target/junit4-J0-20140218_153326_767.events @/Users/bhwang/elasticsearch/target/junit4-J0-20140218_153326_767.suites -stdin"/>
      <property name="sun.java.launcher" value="SUN_STANDARD"/>
      <property name="sun.jnu.encoding" value="UTF-8"/>
      <property name="sun.management.compiler" value="HotSpot 64-Bit Tiered Compilers"/>
      <property name="sun.os.patch.level" value="unknown"/>
      <property name="tests.appendseed" value=""/>
      <property name="tests.assertion.disabled" value=""/>
      <property name="tests.awaitsfix" value=""/>
      <property name="tests.badapples" value=""/>
      <property name="tests.class" value=""/>
      <property name="tests.client.ratio" value=""/>
      <property name="tests.cluster_seed" value=""/>
      <property name="tests.enable_mock_modules" value=""/>
      <property name="tests.failfast" value=""/>
      <property name="tests.integration" value=""/>
      <property name="tests.iters" value=""/>
      <property name="tests.jvm.argline" value=""/>
      <property name="tests.maxfailures" value=""/>
      <property name="tests.method" value=""/>
      <property name="tests.network" value=""/>
      <property name="tests.nightly" value=""/>
      <property name="tests.prefix" value="tests"/>
      <property name="tests.rest" value=""/>
      <property name="tests.rest.spec" value=""/>
      <property name="tests.rest.suite" value=""/>
      <property name="tests.security.manager" value=""/>
      <property name="tests.seed" value="A89B4FF56754358E"/>
      <property name="tests.showSuccess" value=""/>
      <property name="tests.slow" value=""/>
      <property name="tests.timeoutSuite" value=""/>
      <property name="tests.weekly" value=""/>
      <property name="user.country" value="US"/>
      <property name="user.dir" value="/Users/bhwang/elasticsearch/target/J0"/>
      <property name="user.home" value="/Users/bhwang"/>
      <property name="user.language" value="en"/>
      <property name="user.name" value="bhwang"/>
      <property name="user.timezone" value=""/>
   </properties>
   <testcase classname="org.elasticsearch.cluster.routing.allocation.SameShardRoutingTests" name="sameHost" time="0.021"/>
   <system-out><![CDATA[[2014-02-18 15:34:59,149][INFO ][test                     ] Test sameHost(org.elasticsearch.cluster.routing.allocation.SameShardRoutingTests) started
[2014-02-18 15:34:59,152][DEBUG][cluster.routing.allocation.decider] using node_concurrent_recoveries [2], node_initial_primaries_recoveries [4]
[2014-02-18 15:34:59,153][DEBUG][cluster.routing.allocation.decider] using [cluster.routing.allocation.allow_rebalance] with [indices_all_active]
[2014-02-18 15:34:59,154][DEBUG][cluster.routing.allocation.decider] using [cluster_concurrent_rebalance] with [2]
[2014-02-18 15:34:59,156][INFO ][cluster.routing.allocation] --> adding two nodes with the same host
[2014-02-18 15:34:59,157][TRACE][cluster.routing.allocation.allocator] Start balancing cluster
[2014-02-18 15:34:59,157][TRACE][cluster.routing.allocation.allocator] Start distributing Shards
[2014-02-18 15:34:59,157][TRACE][cluster.routing.allocation.allocator] Start allocating unassigned shards
[2014-02-18 15:34:59,157][TRACE][cluster.routing.allocation.allocator] Assigned shard [[test][0], node[null], [P], s[UNASSIGNED]] to [node1]
[2014-02-18 15:34:59,158][TRACE][cluster.routing.allocation.allocator] Assigned shard [[test][1], node[null], [P], s[UNASSIGNED]] to [node2]
[2014-02-18 15:34:59,158][TRACE][cluster.routing.allocation.allocator] Start balancing cluster
[2014-02-18 15:34:59,158][TRACE][cluster.routing.allocation.allocator] Start distributing Shards
[2014-02-18 15:34:59,158][TRACE][cluster.routing.allocation.allocator] Assigned shard [[test][0], node[node1], [P], s[INITIALIZING]] to node [node1]
[2014-02-18 15:34:59,158][TRACE][cluster.routing.allocation.allocator] Assigned shard [[test][1], node[node2], [P], s[INITIALIZING]] to node [node2]
[2014-02-18 15:34:59,158][TRACE][cluster.routing.allocation.allocator] Start allocating unassigned shards
[2014-02-18 15:34:59,158][TRACE][cluster.routing.allocation.allocator] Stop balancing index [test]  min_node [node2] weight: [-0.95]  max_node [node1] weight: [-0.95]  delta: [0.0]
[2014-02-18 15:34:59,160][INFO ][cluster.routing.allocation] --> start all primary shards, no replica will be started since its on the same host
[2014-02-18 15:34:59,160][TRACE][cluster.routing.allocation.allocator] Start balancing cluster
[2014-02-18 15:34:59,160][TRACE][cluster.routing.allocation.allocator] Start distributing Shards
[2014-02-18 15:34:59,161][TRACE][cluster.routing.allocation.allocator] Assigned shard [[test][0], node[node1], [P], s[STARTED]] to node [node1]
[2014-02-18 15:34:59,161][TRACE][cluster.routing.allocation.allocator] Assigned shard [[test][1], node[node2], [P], s[STARTED]] to node [node2]
[2014-02-18 15:34:59,161][TRACE][cluster.routing.allocation.allocator] Start allocating unassigned shards
[2014-02-18 15:34:59,161][TRACE][cluster.routing.allocation.decider] Can not allocate [[test][0], node[null], [R], s[UNASSIGNED]] on node [node1] due to [SameShardAllocationDecider]
[2014-02-18 15:34:59,162][TRACE][cluster.routing.allocation.decider] Can not allocate [[test][0], node[null], [R], s[UNASSIGNED]] on node [node2] due to [SameShardAllocationDecider]
[2014-02-18 15:34:59,162][TRACE][cluster.routing.allocation.allocator] No Node found to assign shard [[test][0], node[null], [R], s[UNASSIGNED]]
[2014-02-18 15:34:59,162][TRACE][cluster.routing.allocation.decider] Can not allocate [[test][1], node[null], [R], s[UNASSIGNED]] on node [node1] due to [SameShardAllocationDecider]
[2014-02-18 15:34:59,162][TRACE][cluster.routing.allocation.decider] Can not allocate [[test][1], node[null], [R], s[UNASSIGNED]] on node [node2] due to [SameShardAllocationDecider]
[2014-02-18 15:34:59,163][TRACE][cluster.routing.allocation.allocator] No Node found to assign shard [[test][1], node[null], [R], s[UNASSIGNED]]
[2014-02-18 15:34:59,163][TRACE][cluster.routing.allocation.allocator] Stop balancing index [test]  min_node [node2] weight: [-0.95]  max_node [node1] weight: [-0.95]  delta: [0.0]
[2014-02-18 15:34:59,163][TRACE][cluster.routing.allocation.allocator] Start balancing cluster
[2014-02-18 15:34:59,163][TRACE][cluster.routing.allocation.allocator] Start distributing Shards
[2014-02-18 15:34:59,163][TRACE][cluster.routing.allocation.allocator] Assigned shard [[test][0], node[node1], [P], s[STARTED]] to node [node1]
[2014-02-18 15:34:59,164][TRACE][cluster.routing.allocation.allocator] Assigned shard [[test][1], node[node2], [P], s[STARTED]] to node [node2]
[2014-02-18 15:34:59,164][TRACE][cluster.routing.allocation.allocator] Start allocating unassigned shards
[2014-02-18 15:34:59,164][TRACE][cluster.routing.allocation.allocator] Stop balancing index [test]  min_node [node2] weight: [-0.95]  max_node [node1] weight: [-0.95]  delta: [0.0]
[2014-02-18 15:34:59,164][INFO ][cluster.routing.allocation] --> add another node, with a different host, replicas will be allocating
[2014-02-18 15:34:59,165][TRACE][cluster.routing.allocation.allocator] Start balancing cluster
[2014-02-18 15:34:59,165][TRACE][cluster.routing.allocation.allocator] Start distributing Shards
[2014-02-18 15:34:59,165][TRACE][cluster.routing.allocation.allocator] Assigned shard [[test][0], node[node1], [P], s[STARTED]] to node [node1]
[2014-02-18 15:34:59,165][TRACE][cluster.routing.allocation.allocator] Assigned shard [[test][1], node[node2], [P], s[STARTED]] to node [node2]
[2014-02-18 15:34:59,166][TRACE][cluster.routing.allocation.allocator] Start allocating unassigned shards
[2014-02-18 15:34:59,166][TRACE][cluster.routing.allocation.decider] Can not allocate [[test][0], node[null], [R], s[UNASSIGNED]] on node [node1] due to [SameShardAllocationDecider]
[2014-02-18 15:34:59,166][TRACE][cluster.routing.allocation.decider] Can not allocate [[test][0], node[null], [R], s[UNASSIGNED]] on node [node2] due to [SameShardAllocationDecider]
[2014-02-18 15:34:59,166][TRACE][cluster.routing.allocation.allocator] Assigned shard [[test][0], node[null], [R], s[UNASSIGNED]] to [node3]
[2014-02-18 15:34:59,167][TRACE][cluster.routing.allocation.decider] Can not allocate [[test][1], node[null], [R], s[UNASSIGNED]] on node [node1] due to [SameShardAllocationDecider]
[2014-02-18 15:34:59,167][TRACE][cluster.routing.allocation.decider] Can not allocate [[test][1], node[null], [R], s[UNASSIGNED]] on node [node2] due to [SameShardAllocationDecider]
[2014-02-18 15:34:59,167][TRACE][cluster.routing.allocation.allocator] Assigned shard [[test][1], node[null], [R], s[UNASSIGNED]] to [node3]
[2014-02-18 15:34:59,167][TRACE][cluster.routing.allocation.allocator] Start balancing cluster
[2014-02-18 15:34:59,167][TRACE][cluster.routing.allocation.allocator] Start distributing Shards
[2014-02-18 15:34:59,167][TRACE][cluster.routing.allocation.allocator] Assigned shard [[test][0], node[node1], [P], s[STARTED]] to node [node1]
[2014-02-18 15:34:59,168][TRACE][cluster.routing.allocation.allocator] Assigned shard [[test][1], node[node2], [P], s[STARTED]] to node [node2]
[2014-02-18 15:34:59,168][TRACE][cluster.routing.allocation.allocator] Assigned shard [[test][0], node[node3], [R], s[INITIALIZING]] to node [node3]
[2014-02-18 15:34:59,168][TRACE][cluster.routing.allocation.allocator] Assigned shard [[test][1], node[node3], [R], s[INITIALIZING]] to node [node3]
[2014-02-18 15:34:59,168][TRACE][cluster.routing.allocation.allocator] Start allocating unassigned shards
[2014-02-18 15:34:59,168][TRACE][cluster.routing.allocation.allocator] Stop balancing index [test]  min_node [node3] weight: [0.59999996]  max_node [node1] weight: [-0.30000007]  delta: [0.90000004]
[2014-02-18 15:34:59,169][INFO ][test                     ] Test sameHost(org.elasticsearch.cluster.routing.allocation.SameShardRoutingTests) finished
]]></system-out>
   <system-err><![CDATA[]]></system-err>
</testsuite>