<testsuite errors="0" failures="0" tests="16" skipped="0" name="org.elasticsearch.search.aggregations.metrics.MinTests" hostname="nohost.nodomain" time="10.801" timestamp="2014-02-18T16:13:38">
   <properties class="java.util.ArrayList">
      <property name="awt.toolkit" value="sun.lwawt.macosx.LWCToolkit"/>
      <property name="es.logger.level" value="INFO"/>
      <property name="es.logger.prefix" value=""/>
      <property name="es.node.local" value=""/>
      <property name="es.node.mode" value=""/>
      <property name="file.encoding" value="UTF-8"/>
      <property name="file.encoding.pkg" value="sun.io"/>
      <property name="file.separator" value="/"/>
      <property name="ftp.nonProxyHosts" value="local|*.local|169.254/16|*.169.254/16"/>
      <property name="gopherProxySet" value="false"/>
      <property name="http.nonProxyHosts" value="local|*.local|169.254/16|*.169.254/16"/>
      <property name="java.awt.graphicsenv" value="sun.awt.CGraphicsEnvironment"/>
      <property name="java.awt.headless" value="true"/>
      <property name="java.awt.printerjob" value="sun.lwawt.macosx.CPrinterJob"/>
      <property name="java.class.path" value="/Users/bhwang/elasticsearch/target/test-classes:/Users/bhwang/elasticsearch/target/classes:/Users/bhwang/.m2/repository/org/hamcrest/hamcrest-all/1.3/hamcrest-all-1.3.jar:/Users/bhwang/.m2/repository/com/carrotsearch/randomizedtesting/randomizedtesting-runner/2.0.15/randomizedtesting-runner-2.0.15.jar:/Users/bhwang/.m2/repository/junit/junit/4.10/junit-4.10.jar:/Users/bhwang/.m2/repository/org/apache/lucene/lucene-test-framework/4.6.1/lucene-test-framework-4.6.1.jar:/Users/bhwang/.m2/repository/org/apache/lucene/lucene-expressions/4.6.1/lucene-expressions-4.6.1.jar:/Users/bhwang/.m2/repository/org/antlr/antlr-runtime/3.5/antlr-runtime-3.5.jar:/Users/bhwang/.m2/repository/org/ow2/asm/asm/4.1/asm-4.1.jar:/Users/bhwang/.m2/repository/org/ow2/asm/asm-commons/4.1/asm-commons-4.1.jar:/Users/bhwang/.m2/repository/org/apache/httpcomponents/httpclient/4.3.1/httpclient-4.3.1.jar:/Users/bhwang/.m2/repository/org/apache/httpcomponents/httpcore/4.3/httpcore-4.3.jar:/Users/bhwang/.m2/repository/commons-logging/commons-logging/1.1.3/commons-logging-1.1.3.jar:/Users/bhwang/.m2/repository/commons-codec/commons-codec/1.6/commons-codec-1.6.jar:/Users/bhwang/.m2/repository/org/apache/lucene/lucene-core/4.6.1/lucene-core-4.6.1.jar:/Users/bhwang/.m2/repository/org/apache/lucene/lucene-analyzers-common/4.6.1/lucene-analyzers-common-4.6.1.jar:/Users/bhwang/.m2/repository/org/apache/lucene/lucene-codecs/4.6.1/lucene-codecs-4.6.1.jar:/Users/bhwang/.m2/repository/org/apache/lucene/lucene-queries/4.6.1/lucene-queries-4.6.1.jar:/Users/bhwang/.m2/repository/org/apache/lucene/lucene-memory/4.6.1/lucene-memory-4.6.1.jar:/Users/bhwang/.m2/repository/org/apache/lucene/lucene-highlighter/4.6.1/lucene-highlighter-4.6.1.jar:/Users/bhwang/.m2/repository/org/apache/lucene/lucene-queryparser/4.6.1/lucene-queryparser-4.6.1.jar:/Users/bhwang/.m2/repository/org/apache/lucene/lucene-sandbox/4.6.1/lucene-sandbox-4.6.1.jar:/Users/bhwang/.m2/repository/org/apache/lucene/lucene-suggest/4.6.1/lucene-suggest-4.6.1.jar:/Users/bhwang/.m2/repository/org/apache/lucene/lucene-misc/4.6.1/lucene-misc-4.6.1.jar:/Users/bhwang/.m2/repository/org/apache/lucene/lucene-join/4.6.1/lucene-join-4.6.1.jar:/Users/bhwang/.m2/repository/org/apache/lucene/lucene-grouping/4.6.1/lucene-grouping-4.6.1.jar:/Users/bhwang/.m2/repository/org/apache/lucene/lucene-spatial/4.6.1/lucene-spatial-4.6.1.jar:/Users/bhwang/.m2/repository/com/spatial4j/spatial4j/0.3/spatial4j-0.3.jar:/Users/bhwang/.m2/repository/com/vividsolutions/jts/1.12/jts-1.12.jar:/Users/bhwang/.m2/repository/com/google/guava/guava/16.0/guava-16.0.jar:/Users/bhwang/.m2/repository/com/carrotsearch/hppc/0.5.3/hppc-0.5.3.jar:/Users/bhwang/.m2/repository/joda-time/joda-time/2.3/joda-time-2.3.jar:/Users/bhwang/.m2/repository/org/joda/joda-convert/1.2/joda-convert-1.2.jar:/Users/bhwang/.m2/repository/org/mvel/mvel2/2.1.5.Final/mvel2-2.1.5.Final.jar:/Users/bhwang/.m2/repository/com/fasterxml/jackson/core/jackson-core/2.3.0/jackson-core-2.3.0.jar:/Users/bhwang/.m2/repository/com/fasterxml/jackson/dataformat/jackson-dataformat-smile/2.3.0/jackson-dataformat-smile-2.3.0.jar:/Users/bhwang/.m2/repository/com/fasterxml/jackson/dataformat/jackson-dataformat-yaml/2.3.0/jackson-dataformat-yaml-2.3.0.jar:/Users/bhwang/.m2/repository/io/netty/netty/3.9.0.Final/netty-3.9.0.Final.jar:/Users/bhwang/.m2/repository/com/ning/compress-lzf/0.9.6/compress-lzf-0.9.6.jar:/Users/bhwang/.m2/repository/log4j/log4j/1.2.17/log4j-1.2.17.jar:/Users/bhwang/.m2/repository/org/slf4j/slf4j-api/1.6.2/slf4j-api-1.6.2.jar:/Users/bhwang/.m2/repository/net/java/dev/jna/jna/3.3.0/jna-3.3.0.jar:/Users/bhwang/.m2/repository/org/fusesource/sigar/1.6.4/sigar-1.6.4.jar:/Users/bhwang/.m2/repository/com/carrotsearch/randomizedtesting/junit4-ant/2.0.15/junit4-ant-2.0.15.jar"/>
      <property name="java.class.version" value="51.0"/>
      <property name="java.endorsed.dirs" value="/Library/Java/JavaVirtualMachines/jdk1.7.0_45.jdk/Contents/Home/jre/lib/endorsed"/>
      <property name="java.ext.dirs" value="/Users/bhwang/Library/Java/Extensions:/Library/Java/JavaVirtualMachines/jdk1.7.0_45.jdk/Contents/Home/jre/lib/ext:/Library/Java/Extensions:/Network/Library/Java/Extensions:/System/Library/Java/Extensions:/usr/lib/java"/>
      <property name="java.home" value="/Library/Java/JavaVirtualMachines/jdk1.7.0_45.jdk/Contents/Home/jre"/>
      <property name="java.io.tmpdir" value="."/>
      <property name="java.library.path" value="/Users/bhwang/Library/Java/Extensions:/Library/Java/Extensions:/Network/Library/Java/Extensions:/System/Library/Java/Extensions:/usr/lib/java:."/>
      <property name="java.runtime.name" value="Java(TM) SE Runtime Environment"/>
      <property name="java.runtime.version" value="1.7.0_45-b18"/>
      <property name="java.security.policy" value="/Users/bhwang/elasticsearch/dev-tools/tests.policy"/>
      <property name="java.specification.name" value="Java Platform API Specification"/>
      <property name="java.specification.vendor" value="Oracle Corporation"/>
      <property name="java.specification.version" value="1.7"/>
      <property name="java.vendor" value="Oracle Corporation"/>
      <property name="java.vendor.url" value="http://java.oracle.com/"/>
      <property name="java.vendor.url.bug" value="http://bugreport.sun.com/bugreport/"/>
      <property name="java.version" value="1.7.0_45"/>
      <property name="java.vm.info" value="mixed mode"/>
      <property name="java.vm.name" value="Java HotSpot(TM) 64-Bit Server VM"/>
      <property name="java.vm.specification.name" value="Java Virtual Machine Specification"/>
      <property name="java.vm.specification.vendor" value="Oracle Corporation"/>
      <property name="java.vm.specification.version" value="1.7"/>
      <property name="java.vm.vendor" value="Oracle Corporation"/>
      <property name="java.vm.version" value="24.45-b08"/>
      <property name="junit4.childvm.cwd" value="/Users/bhwang/elasticsearch/target/J0"/>
      <property name="junit4.childvm.id" value="0"/>
      <property name="junit4.memory.total" value="128974848"/>
      <property name="junit4.pidString" value="6815@Bills-MacBook-Pro.local"/>
      <property name="junit4.processors" value="4"/>
      <property name="junit4.tempDir" value="/Users/bhwang/elasticsearch/target"/>
      <property name="line.separator" value="
"/>
      <property name="os.arch" value="x86_64"/>
      <property name="os.name" value="Mac OS X"/>
      <property name="os.version" value="10.9.1"/>
      <property name="path.separator" value=":"/>
      <property name="socksNonProxyHosts" value="local|*.local|169.254/16|*.169.254/16"/>
      <property name="sun.arch.data.model" value="64"/>
      <property name="sun.boot.class.path" value="/Library/Java/JavaVirtualMachines/jdk1.7.0_45.jdk/Contents/Home/jre/lib/resources.jar:/Library/Java/JavaVirtualMachines/jdk1.7.0_45.jdk/Contents/Home/jre/lib/rt.jar:/Library/Java/JavaVirtualMachines/jdk1.7.0_45.jdk/Contents/Home/jre/lib/sunrsasign.jar:/Library/Java/JavaVirtualMachines/jdk1.7.0_45.jdk/Contents/Home/jre/lib/jsse.jar:/Library/Java/JavaVirtualMachines/jdk1.7.0_45.jdk/Contents/Home/jre/lib/jce.jar:/Library/Java/JavaVirtualMachines/jdk1.7.0_45.jdk/Contents/Home/jre/lib/charsets.jar:/Library/Java/JavaVirtualMachines/jdk1.7.0_45.jdk/Contents/Home/jre/lib/jfr.jar:/Library/Java/JavaVirtualMachines/jdk1.7.0_45.jdk/Contents/Home/jre/lib/JObjC.jar:/Library/Java/JavaVirtualMachines/jdk1.7.0_45.jdk/Contents/Home/jre/classes"/>
      <property name="sun.boot.library.path" value="/Library/Java/JavaVirtualMachines/jdk1.7.0_45.jdk/Contents/Home/jre/lib"/>
      <property name="sun.cpu.endian" value="little"/>
      <property name="sun.cpu.isalist" value=""/>
      <property name="sun.io.unicode.encoding" value="UnicodeBig"/>
      <property name="sun.java.command" value="com.carrotsearch.ant.tasks.junit4.slave.SlaveMainSafe -flush -eventsfile /Users/bhwang/elasticsearch/target/junit4-J0-20140218_153326_767.events @/Users/bhwang/elasticsearch/target/junit4-J0-20140218_153326_767.suites -stdin"/>
      <property name="sun.java.launcher" value="SUN_STANDARD"/>
      <property name="sun.jnu.encoding" value="UTF-8"/>
      <property name="sun.management.compiler" value="HotSpot 64-Bit Tiered Compilers"/>
      <property name="sun.os.patch.level" value="unknown"/>
      <property name="tests.appendseed" value=""/>
      <property name="tests.assertion.disabled" value=""/>
      <property name="tests.awaitsfix" value=""/>
      <property name="tests.badapples" value=""/>
      <property name="tests.class" value=""/>
      <property name="tests.client.ratio" value=""/>
      <property name="tests.cluster_seed" value=""/>
      <property name="tests.enable_mock_modules" value=""/>
      <property name="tests.failfast" value=""/>
      <property name="tests.integration" value=""/>
      <property name="tests.iters" value=""/>
      <property name="tests.jvm.argline" value=""/>
      <property name="tests.maxfailures" value=""/>
      <property name="tests.method" value=""/>
      <property name="tests.network" value=""/>
      <property name="tests.nightly" value=""/>
      <property name="tests.prefix" value="tests"/>
      <property name="tests.rest" value=""/>
      <property name="tests.rest.spec" value=""/>
      <property name="tests.rest.suite" value=""/>
      <property name="tests.security.manager" value=""/>
      <property name="tests.seed" value="A89B4FF56754358E"/>
      <property name="tests.showSuccess" value=""/>
      <property name="tests.slow" value=""/>
      <property name="tests.timeoutSuite" value=""/>
      <property name="tests.weekly" value=""/>
      <property name="user.country" value="US"/>
      <property name="user.dir" value="/Users/bhwang/elasticsearch/target/J0"/>
      <property name="user.home" value="/Users/bhwang"/>
      <property name="user.language" value="en"/>
      <property name="user.name" value="bhwang"/>
      <property name="user.timezone" value=""/>
   </properties>
   <testcase classname="org.elasticsearch.search.aggregations.metrics.MinTests" name="testSingleValuedField" time="0.692"/>
   <testcase classname="org.elasticsearch.search.aggregations.metrics.MinTests" name="testScript_MultiValued" time="1.005"/>
   <testcase classname="org.elasticsearch.search.aggregations.metrics.MinTests" name="testScript_MultiValued_WithParams" time="0.386"/>
   <testcase classname="org.elasticsearch.search.aggregations.metrics.MinTests" name="testScript_SingleValued" time="0.622"/>
   <testcase classname="org.elasticsearch.search.aggregations.metrics.MinTests" name="testScript_ExplicitMultiValued" time="0.541"/>
   <testcase classname="org.elasticsearch.search.aggregations.metrics.MinTests" name="testMultiValuedField_WithValueScript_Reverse" time="0.551"/>
   <testcase classname="org.elasticsearch.search.aggregations.metrics.MinTests" name="testSingleValuedField_PartiallyUnmapped" time="0.752"/>
   <testcase classname="org.elasticsearch.search.aggregations.metrics.MinTests" name="testMultiValuedField_WithValueScript_WithParams" time="0.917"/>
   <testcase classname="org.elasticsearch.search.aggregations.metrics.MinTests" name="testSingleValuedField_WithValueScript_WithParams" time="0.544"/>
   <testcase classname="org.elasticsearch.search.aggregations.metrics.MinTests" name="testEmptyAggregation" time="0.722"/>
   <testcase classname="org.elasticsearch.search.aggregations.metrics.MinTests" name="testMultiValuedField_WithValueScript" time="0.648"/>
   <testcase classname="org.elasticsearch.search.aggregations.metrics.MinTests" name="testScript_ExplicitSingleValued_WithParams" time="0.903"/>
   <testcase classname="org.elasticsearch.search.aggregations.metrics.MinTests" name="testMultiValuedField" time="0.857"/>
   <testcase classname="org.elasticsearch.search.aggregations.metrics.MinTests" name="testSingleValuedField_WithValueScript" time="0.605"/>
   <testcase classname="org.elasticsearch.search.aggregations.metrics.MinTests" name="testScript_SingleValued_WithParams" time="0.586"/>
   <testcase classname="org.elasticsearch.search.aggregations.metrics.MinTests" name="testUnmapped" time="0.449"/>
   <system-out><![CDATA[[2014-02-18 16:13:38,766][INFO ][test                     ] Test testSingleValuedField(org.elasticsearch.search.aggregations.metrics.MinTests) started
[2014-02-18 16:13:38,771][INFO ][search.aggregations.metrics] [MinTests#testSingleValuedField]: before test
[2014-02-18 16:13:38,788][INFO ][cluster.metadata         ] [node_0] [idx] creating index, cause [api], shards [3]/[1], mappings []
[2014-02-18 16:13:38,856][INFO ][plugins                  ] [transport_client_node_2] loaded [], sites []
[2014-02-18 16:13:38,913][INFO ][cluster.metadata         ] [node_0] [idx_unmapped] creating index, cause [api], shards [5]/[0], mappings []
[2014-02-18 16:13:38,993][INFO ][search.aggregations.metrics] Index [10] docs async: [true] bulk: [false]
[2014-02-18 16:13:39,006][INFO ][cluster.metadata         ] [node_0] [idx] update_mapping [type] (dynamic)
[2014-02-18 16:13:39,246][INFO ][cluster.metadata         ] [node_0] [empty_bucket_idx] creating index, cause [api], shards [4]/[0], mappings [type]
[2014-02-18 16:13:39,304][INFO ][search.aggregations.metrics] Index [2] docs async: [true] bulk: [false]
[2014-02-18 16:13:39,345][TRACE][action.search.type       ] [node_2] Moving to second phase, based on results from: [q75XUfcITqG3o93Z8EOFnw][idx][0],[t8Mqv-hjRzqYCBodDxtrKQ][idx][2],[tbUF3y2YTPm1TPdTF8YBYw][idx][1] (cluster state version: 12345)
[2014-02-18 16:13:39,346][INFO ][search.aggregations.metrics] [MinTests#testSingleValuedField]: cleaning up after test
[2014-02-18 16:13:39,347][INFO ][cluster.metadata         ] [node_0] [idx_unmapped] deleting index
[2014-02-18 16:13:39,384][INFO ][cluster.metadata         ] [node_0] [idx] deleting index
[2014-02-18 16:13:39,424][INFO ][cluster.metadata         ] [node_0] [empty_bucket_idx] deleting index
[2014-02-18 16:13:39,451][INFO ][search.aggregations.metrics] [MinTests#testSingleValuedField]: cleaned up after test
[2014-02-18 16:13:39,457][INFO ][test                     ] Test testSingleValuedField(org.elasticsearch.search.aggregations.metrics.MinTests) finished
[2014-02-18 16:13:39,458][INFO ][test                     ] Test testScript_MultiValued(org.elasticsearch.search.aggregations.metrics.MinTests) started
[2014-02-18 16:13:39,468][INFO ][plugins                  ] [transport_client_node_0] loaded [], sites []
[2014-02-18 16:13:39,501][INFO ][plugins                  ] [transport_client_node_1] loaded [], sites []
[2014-02-18 16:13:39,529][INFO ][search.aggregations.metrics] [MinTests#testScript_MultiValued]: before test
[2014-02-18 16:13:39,538][INFO ][cluster.metadata         ] [node_0] [idx] creating index, cause [api], shards [5]/[1], mappings []
[2014-02-18 16:13:39,742][INFO ][cluster.metadata         ] [node_0] [idx_unmapped] creating index, cause [api], shards [3]/[0], mappings []
[2014-02-18 16:13:39,844][INFO ][search.aggregations.metrics] Index [10] docs async: [false] bulk: [true]
[2014-02-18 16:13:39,978][INFO ][cluster.metadata         ] [node_0] [idx] update_mapping [type] (dynamic)
[2014-02-18 16:13:40,026][INFO ][cluster.metadata         ] [node_0] [empty_bucket_idx] creating index, cause [api], shards [2]/[1], mappings [type]
[2014-02-18 16:13:40,110][INFO ][search.aggregations.metrics] Index [2] docs async: [true] bulk: [false]
[2014-02-18 16:13:40,369][TRACE][action.search.type       ] [node_0] Moving to second phase, based on results from: [tbUF3y2YTPm1TPdTF8YBYw][idx][4],[q75XUfcITqG3o93Z8EOFnw][idx][3],[tbUF3y2YTPm1TPdTF8YBYw][idx][2],[q75XUfcITqG3o93Z8EOFnw][idx][1],[tbUF3y2YTPm1TPdTF8YBYw][idx][0] (cluster state version: 12360)
[2014-02-18 16:13:40,371][INFO ][search.aggregations.metrics] [MinTests#testScript_MultiValued]: cleaning up after test
[2014-02-18 16:13:40,372][INFO ][cluster.metadata         ] [node_0] [idx_unmapped] deleting index
[2014-02-18 16:13:40,386][INFO ][cluster.metadata         ] [node_0] [idx] deleting index
[2014-02-18 16:13:40,432][INFO ][cluster.metadata         ] [node_0] [empty_bucket_idx] deleting index
[2014-02-18 16:13:40,455][INFO ][search.aggregations.metrics] [MinTests#testScript_MultiValued]: cleaned up after test
[2014-02-18 16:13:40,463][INFO ][test                     ] Test testScript_MultiValued(org.elasticsearch.search.aggregations.metrics.MinTests) finished
[2014-02-18 16:13:40,464][INFO ][test                     ] Test testScript_MultiValued_WithParams(org.elasticsearch.search.aggregations.metrics.MinTests) started
[2014-02-18 16:13:40,474][INFO ][plugins                  ] [transport_client_node_1] loaded [], sites []
[2014-02-18 16:13:40,497][INFO ][plugins                  ] [transport_client_node_0] loaded [], sites []
[2014-02-18 16:13:40,521][INFO ][search.aggregations.metrics] [MinTests#testScript_MultiValued_WithParams]: before test
[2014-02-18 16:13:40,532][INFO ][cluster.metadata         ] [node_0] [idx] creating index, cause [api], shards [2]/[0], mappings []
[2014-02-18 16:13:40,572][INFO ][cluster.metadata         ] [node_0] [idx_unmapped] creating index, cause [api], shards [2]/[0], mappings []
[2014-02-18 16:13:40,626][INFO ][search.aggregations.metrics] Index [10] docs async: [true] bulk: [false]
[2014-02-18 16:13:40,645][INFO ][cluster.metadata         ] [node_0] [idx] update_mapping [type] (dynamic)
[2014-02-18 16:13:40,711][INFO ][cluster.metadata         ] [node_0] [empty_bucket_idx] creating index, cause [api], shards [1]/[0], mappings [type]
[2014-02-18 16:13:40,731][INFO ][search.aggregations.metrics] Index [2] docs async: [true] bulk: [false]
[2014-02-18 16:13:40,783][TRACE][action.search.type       ] [node_1] Moving to second phase, based on results from: [t8Mqv-hjRzqYCBodDxtrKQ][idx][0],[q75XUfcITqG3o93Z8EOFnw][idx][1] (cluster state version: 12372)
[2014-02-18 16:13:40,784][INFO ][search.aggregations.metrics] [MinTests#testScript_MultiValued_WithParams]: cleaning up after test
[2014-02-18 16:13:40,786][INFO ][cluster.metadata         ] [node_0] [idx_unmapped] deleting index
[2014-02-18 16:13:40,814][INFO ][cluster.metadata         ] [node_0] [idx] deleting index
[2014-02-18 16:13:40,830][INFO ][cluster.metadata         ] [node_0] [empty_bucket_idx] deleting index
[2014-02-18 16:13:40,840][INFO ][search.aggregations.metrics] [MinTests#testScript_MultiValued_WithParams]: cleaned up after test
[2014-02-18 16:13:40,850][INFO ][test                     ] Test testScript_MultiValued_WithParams(org.elasticsearch.search.aggregations.metrics.MinTests) finished
[2014-02-18 16:13:40,850][INFO ][test                     ] Test testScript_SingleValued(org.elasticsearch.search.aggregations.metrics.MinTests) started
[2014-02-18 16:13:40,854][INFO ][search.aggregations.metrics] [MinTests#testScript_SingleValued]: before test
[2014-02-18 16:13:40,863][INFO ][plugins                  ] [transport_client_node_1] loaded [], sites []
[2014-02-18 16:13:40,911][INFO ][cluster.metadata         ] [node_0] [idx] creating index, cause [api], shards [2]/[1], mappings []
[2014-02-18 16:13:40,949][INFO ][cluster.metadata         ] [node_0] [idx_unmapped] creating index, cause [api], shards [2]/[1], mappings []
[2014-02-18 16:13:40,981][INFO ][search.aggregations.metrics] Index [10] docs async: [true] bulk: [false]
[2014-02-18 16:13:41,036][INFO ][cluster.metadata         ] [node_0] [idx] update_mapping [type] (dynamic)
[2014-02-18 16:13:41,144][INFO ][cluster.metadata         ] [node_0] [empty_bucket_idx] creating index, cause [api], shards [1]/[1], mappings [type]
[2014-02-18 16:13:41,167][INFO ][search.aggregations.metrics] Index [2] docs async: [true] bulk: [false]
[2014-02-18 16:13:41,415][TRACE][action.search.type       ] [node_1] Moving to second phase, based on results from: [tbUF3y2YTPm1TPdTF8YBYw][idx][0],[tbUF3y2YTPm1TPdTF8YBYw][idx][1] (cluster state version: 12387)
[2014-02-18 16:13:41,416][INFO ][search.aggregations.metrics] [MinTests#testScript_SingleValued]: cleaning up after test
[2014-02-18 16:13:41,418][INFO ][cluster.metadata         ] [node_0] [idx_unmapped] deleting index
[2014-02-18 16:13:41,436][INFO ][cluster.metadata         ] [node_0] [idx] deleting index
[2014-02-18 16:13:41,456][INFO ][cluster.metadata         ] [node_0] [empty_bucket_idx] deleting index
[2014-02-18 16:13:41,468][INFO ][search.aggregations.metrics] [MinTests#testScript_SingleValued]: cleaned up after test
[2014-02-18 16:13:41,472][INFO ][test                     ] Test testScript_SingleValued(org.elasticsearch.search.aggregations.metrics.MinTests) finished
[2014-02-18 16:13:41,472][INFO ][test                     ] Test testScript_ExplicitMultiValued(org.elasticsearch.search.aggregations.metrics.MinTests) started
[2014-02-18 16:13:41,483][INFO ][plugins                  ] [transport_client_node_1] loaded [], sites []
[2014-02-18 16:13:41,509][INFO ][search.aggregations.metrics] [MinTests#testScript_ExplicitMultiValued]: before test
[2014-02-18 16:13:41,521][INFO ][cluster.metadata         ] [node_0] [idx] creating index, cause [api], shards [5]/[0], mappings []
[2014-02-18 16:13:41,600][INFO ][cluster.metadata         ] [node_0] [idx_unmapped] creating index, cause [api], shards [4]/[1], mappings []
[2014-02-18 16:13:41,670][INFO ][search.aggregations.metrics] Index [10] docs async: [true] bulk: [false]
[2014-02-18 16:13:41,754][INFO ][cluster.metadata         ] [node_0] [idx] update_mapping [type] (dynamic)
[2014-02-18 16:13:41,800][INFO ][cluster.metadata         ] [node_0] [empty_bucket_idx] creating index, cause [api], shards [4]/[0], mappings [type]
[2014-02-18 16:13:41,872][INFO ][search.aggregations.metrics] Index [2] docs async: [true] bulk: [false]
[2014-02-18 16:13:41,899][TRACE][action.search.type       ] [node_0] Moving to second phase, based on results from: [q75XUfcITqG3o93Z8EOFnw][idx][4],[t8Mqv-hjRzqYCBodDxtrKQ][idx][3],[tbUF3y2YTPm1TPdTF8YBYw][idx][2],[q75XUfcITqG3o93Z8EOFnw][idx][1],[t8Mqv-hjRzqYCBodDxtrKQ][idx][0] (cluster state version: 12403)
[2014-02-18 16:13:41,900][INFO ][search.aggregations.metrics] [MinTests#testScript_ExplicitMultiValued]: cleaning up after test
[2014-02-18 16:13:41,901][INFO ][cluster.metadata         ] [node_0] [idx_unmapped] deleting index
[2014-02-18 16:13:41,943][INFO ][cluster.metadata         ] [node_0] [idx] deleting index
[2014-02-18 16:13:41,992][INFO ][cluster.metadata         ] [node_0] [empty_bucket_idx] deleting index
[2014-02-18 16:13:42,010][INFO ][search.aggregations.metrics] [MinTests#testScript_ExplicitMultiValued]: cleaned up after test
[2014-02-18 16:13:42,013][INFO ][test                     ] Test testScript_ExplicitMultiValued(org.elasticsearch.search.aggregations.metrics.MinTests) finished
[2014-02-18 16:13:42,014][INFO ][test                     ] Test testMultiValuedField_WithValueScript_Reverse(org.elasticsearch.search.aggregations.metrics.MinTests) started
[2014-02-18 16:13:42,022][INFO ][plugins                  ] [transport_client_node_0] loaded [], sites []
[2014-02-18 16:13:42,050][INFO ][search.aggregations.metrics] [MinTests#testMultiValuedField_WithValueScript_Reverse]: before test
[2014-02-18 16:13:42,063][INFO ][cluster.metadata         ] [node_0] [idx] creating index, cause [api], shards [1]/[1], mappings []
[2014-02-18 16:13:42,086][INFO ][plugins                  ] [transport_client_node_1] loaded [], sites []
[2014-02-18 16:13:42,129][INFO ][cluster.metadata         ] [node_0] [idx_unmapped] creating index, cause [api], shards [3]/[0], mappings []
[2014-02-18 16:13:42,188][INFO ][search.aggregations.metrics] Index [10] docs async: [true] bulk: [false]
[2014-02-18 16:13:42,211][INFO ][cluster.metadata         ] [node_0] [idx] update_mapping [type] (dynamic)
[2014-02-18 16:13:42,242][INFO ][cluster.metadata         ] [node_0] [empty_bucket_idx] creating index, cause [api], shards [3]/[1], mappings [type]
[2014-02-18 16:13:42,297][INFO ][search.aggregations.metrics] Index [2] docs async: [true] bulk: [false]
[2014-02-18 16:13:42,484][TRACE][action.search.type       ] [node_0] Moving to second phase, based on results from: [q75XUfcITqG3o93Z8EOFnw][idx][0] (cluster state version: 12419)
[2014-02-18 16:13:42,485][INFO ][search.aggregations.metrics] [MinTests#testMultiValuedField_WithValueScript_Reverse]: cleaning up after test
[2014-02-18 16:13:42,486][INFO ][cluster.metadata         ] [node_0] [idx_unmapped] deleting index
[2014-02-18 16:13:42,510][INFO ][cluster.metadata         ] [node_0] [idx] deleting index
[2014-02-18 16:13:42,533][INFO ][cluster.metadata         ] [node_0] [empty_bucket_idx] deleting index
[2014-02-18 16:13:42,559][INFO ][search.aggregations.metrics] [MinTests#testMultiValuedField_WithValueScript_Reverse]: cleaned up after test
[2014-02-18 16:13:42,565][INFO ][test                     ] Test testMultiValuedField_WithValueScript_Reverse(org.elasticsearch.search.aggregations.metrics.MinTests) finished
[2014-02-18 16:13:42,566][INFO ][test                     ] Test testSingleValuedField_PartiallyUnmapped(org.elasticsearch.search.aggregations.metrics.MinTests) started
[2014-02-18 16:13:42,573][INFO ][plugins                  ] [transport_client_node_2] loaded [], sites []
[2014-02-18 16:13:42,606][INFO ][plugins                  ] [transport_client_node_1] loaded [], sites []
[2014-02-18 16:13:42,648][INFO ][search.aggregations.metrics] [MinTests#testSingleValuedField_PartiallyUnmapped]: before test
[2014-02-18 16:13:42,661][INFO ][cluster.metadata         ] [node_0] [idx] creating index, cause [api], shards [2]/[1], mappings []
[2014-02-18 16:13:42,734][INFO ][cluster.metadata         ] [node_0] [idx_unmapped] creating index, cause [api], shards [2]/[1], mappings []
[2014-02-18 16:13:42,786][INFO ][search.aggregations.metrics] Index [10] docs async: [true] bulk: [false]
[2014-02-18 16:13:42,886][INFO ][cluster.metadata         ] [node_0] [idx] update_mapping [type] (dynamic)
[2014-02-18 16:13:43,087][INFO ][cluster.metadata         ] [node_0] [empty_bucket_idx] creating index, cause [api], shards [2]/[1], mappings [type]
[2014-02-18 16:13:43,139][INFO ][search.aggregations.metrics] Index [2] docs async: [true] bulk: [false]
[2014-02-18 16:13:43,247][TRACE][action.search.type       ] [node_1] Moving to second phase, based on results from: [tbUF3y2YTPm1TPdTF8YBYw][idx_unmapped][0],[q75XUfcITqG3o93Z8EOFnw][idx_unmapped][1],[q75XUfcITqG3o93Z8EOFnw][idx][1],[tbUF3y2YTPm1TPdTF8YBYw][idx][0] (cluster state version: 12435)
[2014-02-18 16:13:43,248][INFO ][search.aggregations.metrics] [MinTests#testSingleValuedField_PartiallyUnmapped]: cleaning up after test
[2014-02-18 16:13:43,250][INFO ][cluster.metadata         ] [node_0] [idx_unmapped] deleting index
[2014-02-18 16:13:43,263][INFO ][cluster.metadata         ] [node_0] [idx] deleting index
[2014-02-18 16:13:43,283][INFO ][cluster.metadata         ] [node_0] [empty_bucket_idx] deleting index
[2014-02-18 16:13:43,306][INFO ][search.aggregations.metrics] [MinTests#testSingleValuedField_PartiallyUnmapped]: cleaned up after test
[2014-02-18 16:13:43,316][INFO ][test                     ] Test testSingleValuedField_PartiallyUnmapped(org.elasticsearch.search.aggregations.metrics.MinTests) finished
[2014-02-18 16:13:43,317][INFO ][test                     ] Test testMultiValuedField_WithValueScript_WithParams(org.elasticsearch.search.aggregations.metrics.MinTests) started
[2014-02-18 16:13:43,326][INFO ][plugins                  ] [transport_client_node_0] loaded [], sites []
[2014-02-18 16:13:43,350][INFO ][plugins                  ] [transport_client_node_2] loaded [], sites []
[2014-02-18 16:13:43,378][INFO ][search.aggregations.metrics] [MinTests#testMultiValuedField_WithValueScript_WithParams]: before test
[2014-02-18 16:13:43,393][INFO ][cluster.metadata         ] [node_0] [idx] creating index, cause [api], shards [4]/[1], mappings []
[2014-02-18 16:13:43,469][INFO ][plugins                  ] [transport_client_node_1] loaded [], sites []
[2014-02-18 16:13:43,544][INFO ][cluster.metadata         ] [node_0] [idx_unmapped] creating index, cause [api], shards [2]/[0], mappings []
[2014-02-18 16:13:43,578][INFO ][search.aggregations.metrics] Index [10] docs async: [true] bulk: [false]
[2014-02-18 16:13:43,737][INFO ][cluster.metadata         ] [node_0] [idx] update_mapping [type] (dynamic)
[2014-02-18 16:13:43,818][INFO ][cluster.metadata         ] [node_0] [empty_bucket_idx] creating index, cause [api], shards [1]/[1], mappings [type]
[2014-02-18 16:13:43,842][INFO ][search.aggregations.metrics] Index [2] docs async: [true] bulk: [false]
[2014-02-18 16:13:44,164][TRACE][action.search.type       ] [node_1] Moving to second phase, based on results from: [t8Mqv-hjRzqYCBodDxtrKQ][idx][0],[tbUF3y2YTPm1TPdTF8YBYw][idx][3],[tbUF3y2YTPm1TPdTF8YBYw][idx][2],[tbUF3y2YTPm1TPdTF8YBYw][idx][1] (cluster state version: 12449)
[2014-02-18 16:13:44,165][INFO ][search.aggregations.metrics] [MinTests#testMultiValuedField_WithValueScript_WithParams]: cleaning up after test
[2014-02-18 16:13:44,167][INFO ][cluster.metadata         ] [node_0] [idx_unmapped] deleting index
[2014-02-18 16:13:44,175][INFO ][cluster.metadata         ] [node_0] [idx] deleting index
[2014-02-18 16:13:44,205][INFO ][cluster.metadata         ] [node_0] [empty_bucket_idx] deleting index
[2014-02-18 16:13:44,223][INFO ][search.aggregations.metrics] [MinTests#testMultiValuedField_WithValueScript_WithParams]: cleaned up after test
[2014-02-18 16:13:44,234][INFO ][test                     ] Test testMultiValuedField_WithValueScript_WithParams(org.elasticsearch.search.aggregations.metrics.MinTests) finished
[2014-02-18 16:13:44,234][INFO ][test                     ] Test testSingleValuedField_WithValueScript_WithParams(org.elasticsearch.search.aggregations.metrics.MinTests) started
[2014-02-18 16:13:44,246][INFO ][plugins                  ] [transport_client_node_0] loaded [], sites []
[2014-02-18 16:13:44,270][INFO ][search.aggregations.metrics] [MinTests#testSingleValuedField_WithValueScript_WithParams]: before test
[2014-02-18 16:13:44,280][INFO ][cluster.metadata         ] [node_0] [idx] creating index, cause [api], shards [4]/[1], mappings []
[2014-02-18 16:13:44,387][INFO ][cluster.metadata         ] [node_0] [idx_unmapped] creating index, cause [api], shards [1]/[1], mappings []
[2014-02-18 16:13:44,408][INFO ][search.aggregations.metrics] Index [10] docs async: [true] bulk: [false]
[2014-02-18 16:13:44,609][INFO ][cluster.metadata         ] [node_0] [empty_bucket_idx] creating index, cause [api], shards [1]/[0], mappings [type]
[2014-02-18 16:13:44,631][INFO ][cluster.metadata         ] [node_0] [idx] update_mapping [type] (dynamic)
[2014-02-18 16:13:44,632][INFO ][search.aggregations.metrics] Index [2] docs async: [false] bulk: [false]
[2014-02-18 16:13:44,678][TRACE][action.search.type       ] [node_1] Moving to second phase, based on results from: [t8Mqv-hjRzqYCBodDxtrKQ][idx][0],[tbUF3y2YTPm1TPdTF8YBYw][idx][3],[tbUF3y2YTPm1TPdTF8YBYw][idx][2],[q75XUfcITqG3o93Z8EOFnw][idx][1] (cluster state version: 12462)
[2014-02-18 16:13:44,680][INFO ][search.aggregations.metrics] [MinTests#testSingleValuedField_WithValueScript_WithParams]: cleaning up after test
[2014-02-18 16:13:44,682][INFO ][cluster.metadata         ] [node_0] [idx_unmapped] deleting index
[2014-02-18 16:13:44,717][INFO ][cluster.metadata         ] [node_0] [idx] deleting index
[2014-02-18 16:13:44,758][INFO ][cluster.metadata         ] [node_0] [empty_bucket_idx] deleting index
[2014-02-18 16:13:44,774][INFO ][search.aggregations.metrics] [MinTests#testSingleValuedField_WithValueScript_WithParams]: cleaned up after test
[2014-02-18 16:13:44,778][INFO ][test                     ] Test testSingleValuedField_WithValueScript_WithParams(org.elasticsearch.search.aggregations.metrics.MinTests) finished
[2014-02-18 16:13:44,779][INFO ][test                     ] Test testEmptyAggregation(org.elasticsearch.search.aggregations.metrics.MinTests) started
[2014-02-18 16:13:44,785][INFO ][search.aggregations.metrics] [MinTests#testEmptyAggregation]: before test
[2014-02-18 16:13:44,802][INFO ][cluster.metadata         ] [node_0] [idx] creating index, cause [api], shards [1]/[1], mappings []
[2014-02-18 16:13:44,829][INFO ][plugins                  ] [transport_client_node_1] loaded [], sites []
[2014-02-18 16:13:44,877][INFO ][cluster.metadata         ] [node_0] [idx_unmapped] creating index, cause [api], shards [2]/[1], mappings []
[2014-02-18 16:13:45,002][INFO ][search.aggregations.metrics] Index [10] docs async: [true] bulk: [false]
[2014-02-18 16:13:45,170][INFO ][cluster.metadata         ] [node_0] [idx] update_mapping [type] (dynamic)
[2014-02-18 16:13:45,308][INFO ][cluster.metadata         ] [node_0] [empty_bucket_idx] creating index, cause [api], shards [2]/[0], mappings [type]
[2014-02-18 16:13:45,336][INFO ][search.aggregations.metrics] Index [2] docs async: [true] bulk: [false]
[2014-02-18 16:13:45,378][TRACE][action.search.type       ] [node_0] Moving to second phase, based on results from: [q75XUfcITqG3o93Z8EOFnw][empty_bucket_idx][0],[t8Mqv-hjRzqYCBodDxtrKQ][empty_bucket_idx][1] (cluster state version: 12477)
[2014-02-18 16:13:45,380][INFO ][search.aggregations.metrics] [MinTests#testEmptyAggregation]: cleaning up after test
[2014-02-18 16:13:45,381][INFO ][cluster.metadata         ] [node_0] [idx_unmapped] deleting index
[2014-02-18 16:13:45,431][INFO ][cluster.metadata         ] [node_0] [idx] deleting index
[2014-02-18 16:13:45,478][INFO ][cluster.metadata         ] [node_0] [empty_bucket_idx] deleting index
[2014-02-18 16:13:45,495][INFO ][search.aggregations.metrics] [MinTests#testEmptyAggregation]: cleaned up after test
[2014-02-18 16:13:45,500][INFO ][test                     ] Test testEmptyAggregation(org.elasticsearch.search.aggregations.metrics.MinTests) finished
[2014-02-18 16:13:45,501][INFO ][test                     ] Test testMultiValuedField_WithValueScript(org.elasticsearch.search.aggregations.metrics.MinTests) started
[2014-02-18 16:13:45,512][INFO ][plugins                  ] [transport_client_node_0] loaded [], sites []
[2014-02-18 16:13:45,550][INFO ][search.aggregations.metrics] [MinTests#testMultiValuedField_WithValueScript]: before test
[2014-02-18 16:13:45,552][INFO ][plugins                  ] [transport_client_node_2] loaded [], sites []
[2014-02-18 16:13:45,602][INFO ][cluster.metadata         ] [node_0] [idx] creating index, cause [api], shards [1]/[1], mappings []
[2014-02-18 16:13:45,700][INFO ][cluster.metadata         ] [node_0] [idx_unmapped] creating index, cause [api], shards [1]/[0], mappings []
[2014-02-18 16:13:45,739][INFO ][plugins                  ] [transport_client_node_1] loaded [], sites []
[2014-02-18 16:13:45,773][INFO ][search.aggregations.metrics] Index [10] docs async: [true] bulk: [false]
[2014-02-18 16:13:45,800][INFO ][cluster.metadata         ] [node_0] [idx] update_mapping [type] (dynamic)
[2014-02-18 16:13:45,872][INFO ][cluster.metadata         ] [node_0] [empty_bucket_idx] creating index, cause [api], shards [4]/[0], mappings [type]
[2014-02-18 16:13:45,982][INFO ][search.aggregations.metrics] Index [2] docs async: [true] bulk: [false]
[2014-02-18 16:13:46,041][TRACE][action.search.type       ] [node_1] Moving to second phase, based on results from: [q75XUfcITqG3o93Z8EOFnw][idx][0] (cluster state version: 12490)
[2014-02-18 16:13:46,042][INFO ][search.aggregations.metrics] [MinTests#testMultiValuedField_WithValueScript]: cleaning up after test
[2014-02-18 16:13:46,043][INFO ][cluster.metadata         ] [node_0] [idx_unmapped] deleting index
[2014-02-18 16:13:46,074][INFO ][cluster.metadata         ] [node_0] [idx] deleting index
[2014-02-18 16:13:46,099][INFO ][cluster.metadata         ] [node_0] [empty_bucket_idx] deleting index
[2014-02-18 16:13:46,131][INFO ][search.aggregations.metrics] [MinTests#testMultiValuedField_WithValueScript]: cleaned up after test
[2014-02-18 16:13:46,148][INFO ][test                     ] Test testMultiValuedField_WithValueScript(org.elasticsearch.search.aggregations.metrics.MinTests) finished
[2014-02-18 16:13:46,150][INFO ][test                     ] Test testScript_ExplicitSingleValued_WithParams(org.elasticsearch.search.aggregations.metrics.MinTests) started
[2014-02-18 16:13:46,162][INFO ][plugins                  ] [transport_client_node_2] loaded [], sites []
[2014-02-18 16:13:46,198][INFO ][search.aggregations.metrics] [MinTests#testScript_ExplicitSingleValued_WithParams]: before test
[2014-02-18 16:13:46,211][INFO ][cluster.metadata         ] [node_0] [idx] creating index, cause [api], shards [4]/[1], mappings []
[2014-02-18 16:13:46,399][INFO ][cluster.metadata         ] [node_0] [idx_unmapped] creating index, cause [api], shards [4]/[1], mappings []
[2014-02-18 16:13:46,475][INFO ][search.aggregations.metrics] Index [10] docs async: [true] bulk: [false]
[2014-02-18 16:13:46,757][INFO ][cluster.metadata         ] [node_0] [idx] update_mapping [type] (dynamic)
[2014-02-18 16:13:46,812][INFO ][cluster.metadata         ] [node_0] [empty_bucket_idx] creating index, cause [api], shards [4]/[0], mappings [type]
[2014-02-18 16:13:46,862][INFO ][search.aggregations.metrics] Index [2] docs async: [true] bulk: [false]
[2014-02-18 16:13:46,906][TRACE][action.search.type       ] [node_1] Moving to second phase, based on results from: [q75XUfcITqG3o93Z8EOFnw][idx][0],[tbUF3y2YTPm1TPdTF8YBYw][idx][3],[tbUF3y2YTPm1TPdTF8YBYw][idx][2],[tbUF3y2YTPm1TPdTF8YBYw][idx][1] (cluster state version: 12503)
[2014-02-18 16:13:46,910][INFO ][search.aggregations.metrics] [MinTests#testScript_ExplicitSingleValued_WithParams]: cleaning up after test
[2014-02-18 16:13:46,911][INFO ][cluster.metadata         ] [node_0] [idx_unmapped] deleting index
[2014-02-18 16:13:46,955][INFO ][cluster.metadata         ] [node_0] [idx] deleting index
[2014-02-18 16:13:47,027][INFO ][cluster.metadata         ] [node_0] [empty_bucket_idx] deleting index
[2014-02-18 16:13:47,048][INFO ][search.aggregations.metrics] [MinTests#testScript_ExplicitSingleValued_WithParams]: cleaned up after test
[2014-02-18 16:13:47,052][INFO ][test                     ] Test testScript_ExplicitSingleValued_WithParams(org.elasticsearch.search.aggregations.metrics.MinTests) finished
[2014-02-18 16:13:47,052][INFO ][test                     ] Test testMultiValuedField(org.elasticsearch.search.aggregations.metrics.MinTests) started
[2014-02-18 16:13:47,060][INFO ][plugins                  ] [transport_client_node_0] loaded [], sites []
[2014-02-18 16:13:47,100][INFO ][plugins                  ] [transport_client_node_1] loaded [], sites []
[2014-02-18 16:13:47,145][INFO ][search.aggregations.metrics] [MinTests#testMultiValuedField]: before test
[2014-02-18 16:13:47,159][INFO ][cluster.metadata         ] [node_0] [idx] creating index, cause [api], shards [1]/[0], mappings []
[2014-02-18 16:13:47,209][INFO ][cluster.metadata         ] [node_0] [idx_unmapped] creating index, cause [api], shards [2]/[1], mappings []
[2014-02-18 16:13:47,280][INFO ][plugins                  ] [transport_client_node_2] loaded [], sites []
[2014-02-18 16:13:47,350][INFO ][search.aggregations.metrics] Index [10] docs async: [true] bulk: [false]
[2014-02-18 16:13:47,390][INFO ][cluster.metadata         ] [node_0] [idx] update_mapping [type] (dynamic)
[2014-02-18 16:13:47,462][INFO ][cluster.metadata         ] [node_0] [empty_bucket_idx] creating index, cause [api], shards [3]/[1], mappings [type]
[2014-02-18 16:13:47,513][INFO ][search.aggregations.metrics] Index [2] docs async: [true] bulk: [false]
[2014-02-18 16:13:47,833][TRACE][action.search.type       ] [node_2] Moving to second phase, based on results from: [t8Mqv-hjRzqYCBodDxtrKQ][idx][0] (cluster state version: 12518)
[2014-02-18 16:13:47,834][INFO ][search.aggregations.metrics] [MinTests#testMultiValuedField]: cleaning up after test
[2014-02-18 16:13:47,837][INFO ][cluster.metadata         ] [node_0] [idx_unmapped] deleting index
[2014-02-18 16:13:47,851][INFO ][cluster.metadata         ] [node_0] [idx] deleting index
[2014-02-18 16:13:47,860][INFO ][cluster.metadata         ] [node_0] [empty_bucket_idx] deleting index
[2014-02-18 16:13:47,895][INFO ][search.aggregations.metrics] [MinTests#testMultiValuedField]: cleaned up after test
[2014-02-18 16:13:47,908][INFO ][test                     ] Test testMultiValuedField(org.elasticsearch.search.aggregations.metrics.MinTests) finished
[2014-02-18 16:13:47,909][INFO ][test                     ] Test testSingleValuedField_WithValueScript(org.elasticsearch.search.aggregations.metrics.MinTests) started
[2014-02-18 16:13:47,915][INFO ][search.aggregations.metrics] [MinTests#testSingleValuedField_WithValueScript]: before test
[2014-02-18 16:13:47,925][INFO ][cluster.metadata         ] [node_0] [idx] creating index, cause [api], shards [5]/[0], mappings []
[2014-02-18 16:13:48,015][INFO ][cluster.metadata         ] [node_0] [idx_unmapped] creating index, cause [api], shards [4]/[0], mappings []
[2014-02-18 16:13:48,071][INFO ][search.aggregations.metrics] Index [10] docs async: [true] bulk: [false]
[2014-02-18 16:13:48,077][INFO ][cluster.metadata         ] [node_0] [idx] update_mapping [type] (dynamic)
[2014-02-18 16:13:48,138][INFO ][cluster.metadata         ] [node_0] [empty_bucket_idx] creating index, cause [api], shards [5]/[0], mappings [type]
[2014-02-18 16:13:48,261][INFO ][search.aggregations.metrics] Index [2] docs async: [true] bulk: [false]
[2014-02-18 16:13:48,318][TRACE][action.search.type       ] [node_0] Moving to second phase, based on results from: [q75XUfcITqG3o93Z8EOFnw][idx][4],[t8Mqv-hjRzqYCBodDxtrKQ][idx][3],[tbUF3y2YTPm1TPdTF8YBYw][idx][2],[q75XUfcITqG3o93Z8EOFnw][idx][1],[t8Mqv-hjRzqYCBodDxtrKQ][idx][0] (cluster state version: 12530)
[2014-02-18 16:13:48,322][INFO ][search.aggregations.metrics] [MinTests#testSingleValuedField_WithValueScript]: cleaning up after test
[2014-02-18 16:13:48,324][INFO ][cluster.metadata         ] [node_0] [idx_unmapped] deleting index
[2014-02-18 16:13:48,387][INFO ][cluster.metadata         ] [node_0] [idx] deleting index
[2014-02-18 16:13:48,464][INFO ][cluster.metadata         ] [node_0] [empty_bucket_idx] deleting index
[2014-02-18 16:13:48,513][INFO ][search.aggregations.metrics] [MinTests#testSingleValuedField_WithValueScript]: cleaned up after test
[2014-02-18 16:13:48,514][INFO ][test                     ] Test testSingleValuedField_WithValueScript(org.elasticsearch.search.aggregations.metrics.MinTests) finished
[2014-02-18 16:13:48,515][INFO ][test                     ] Test testScript_SingleValued_WithParams(org.elasticsearch.search.aggregations.metrics.MinTests) started
[2014-02-18 16:13:48,522][INFO ][search.aggregations.metrics] [MinTests#testScript_SingleValued_WithParams]: before test
[2014-02-18 16:13:48,540][INFO ][cluster.metadata         ] [node_0] [idx] creating index, cause [api], shards [5]/[0], mappings []
[2014-02-18 16:13:48,705][INFO ][cluster.metadata         ] [node_0] [idx_unmapped] creating index, cause [api], shards [1]/[0], mappings []
[2014-02-18 16:13:48,725][INFO ][search.aggregations.metrics] Index [10] docs async: [true] bulk: [false]
[2014-02-18 16:13:48,735][INFO ][cluster.metadata         ] [node_0] [idx] update_mapping [type] (dynamic)
[2014-02-18 16:13:48,892][INFO ][cluster.metadata         ] [node_0] [empty_bucket_idx] creating index, cause [api], shards [4]/[0], mappings [type]
[2014-02-18 16:13:48,980][INFO ][search.aggregations.metrics] Index [2] docs async: [true] bulk: [false]
[2014-02-18 16:13:49,027][TRACE][action.search.type       ] [node_2] Moving to second phase, based on results from: [q75XUfcITqG3o93Z8EOFnw][idx][4],[t8Mqv-hjRzqYCBodDxtrKQ][idx][3],[tbUF3y2YTPm1TPdTF8YBYw][idx][2],[q75XUfcITqG3o93Z8EOFnw][idx][1],[t8Mqv-hjRzqYCBodDxtrKQ][idx][0] (cluster state version: 12543)
[2014-02-18 16:13:49,028][INFO ][search.aggregations.metrics] [MinTests#testScript_SingleValued_WithParams]: cleaning up after test
[2014-02-18 16:13:49,030][INFO ][cluster.metadata         ] [node_0] [idx_unmapped] deleting index
[2014-02-18 16:13:49,052][INFO ][cluster.metadata         ] [node_0] [idx] deleting index
[2014-02-18 16:13:49,080][INFO ][cluster.metadata         ] [node_0] [empty_bucket_idx] deleting index
[2014-02-18 16:13:49,100][INFO ][search.aggregations.metrics] [MinTests#testScript_SingleValued_WithParams]: cleaned up after test
[2014-02-18 16:13:49,101][INFO ][test                     ] Test testScript_SingleValued_WithParams(org.elasticsearch.search.aggregations.metrics.MinTests) finished
[2014-02-18 16:13:49,102][INFO ][test                     ] Test testUnmapped(org.elasticsearch.search.aggregations.metrics.MinTests) started
[2014-02-18 16:13:49,107][INFO ][search.aggregations.metrics] [MinTests#testUnmapped]: before test
[2014-02-18 16:13:49,121][INFO ][cluster.metadata         ] [node_0] [idx] creating index, cause [api], shards [4]/[0], mappings []
[2014-02-18 16:13:49,206][INFO ][cluster.metadata         ] [node_0] [idx_unmapped] creating index, cause [api], shards [5]/[0], mappings []
[2014-02-18 16:13:49,263][INFO ][search.aggregations.metrics] Index [10] docs async: [true] bulk: [false]
[2014-02-18 16:13:49,271][INFO ][cluster.metadata         ] [node_0] [idx] update_mapping [type] (dynamic)
[2014-02-18 16:13:49,388][INFO ][cluster.metadata         ] [node_0] [empty_bucket_idx] creating index, cause [api], shards [3]/[0], mappings [type]
[2014-02-18 16:13:49,450][INFO ][search.aggregations.metrics] Index [2] docs async: [true] bulk: [false]
[2014-02-18 16:13:49,488][TRACE][action.search.type       ] [node_0] Moving to second phase, based on results from: [q75XUfcITqG3o93Z8EOFnw][idx_unmapped][0],[tbUF3y2YTPm1TPdTF8YBYw][idx_unmapped][1],[t8Mqv-hjRzqYCBodDxtrKQ][idx_unmapped][2],[q75XUfcITqG3o93Z8EOFnw][idx_unmapped][3],[tbUF3y2YTPm1TPdTF8YBYw][idx_unmapped][4] (cluster state version: 12555)
[2014-02-18 16:13:49,488][INFO ][search.aggregations.metrics] [MinTests#testUnmapped]: cleaning up after test
[2014-02-18 16:13:49,490][INFO ][cluster.metadata         ] [node_0] [idx_unmapped] deleting index
[2014-02-18 16:13:49,509][INFO ][cluster.metadata         ] [node_0] [idx] deleting index
[2014-02-18 16:13:49,532][INFO ][cluster.metadata         ] [node_0] [empty_bucket_idx] deleting index
[2014-02-18 16:13:49,550][INFO ][search.aggregations.metrics] [MinTests#testUnmapped]: cleaned up after test
[2014-02-18 16:13:49,551][INFO ][test                     ] Test testUnmapped(org.elasticsearch.search.aggregations.metrics.MinTests) finished
]]></system-out>
   <system-err><![CDATA[]]></system-err>
</testsuite>