<testsuite errors="0" failures="0" tests="4" skipped="0" name="org.elasticsearch.indices.settings.UpdateNumberOfReplicasTests" hostname="nohost.nodomain" time="28.313" timestamp="2014-02-18T15:48:55">
   <properties class="java.util.ArrayList">
      <property name="awt.toolkit" value="sun.lwawt.macosx.LWCToolkit"/>
      <property name="es.logger.level" value="INFO"/>
      <property name="es.logger.prefix" value=""/>
      <property name="es.node.local" value=""/>
      <property name="es.node.mode" value=""/>
      <property name="file.encoding" value="UTF-8"/>
      <property name="file.encoding.pkg" value="sun.io"/>
      <property name="file.separator" value="/"/>
      <property name="ftp.nonProxyHosts" value="local|*.local|169.254/16|*.169.254/16"/>
      <property name="gopherProxySet" value="false"/>
      <property name="http.nonProxyHosts" value="local|*.local|169.254/16|*.169.254/16"/>
      <property name="java.awt.graphicsenv" value="sun.awt.CGraphicsEnvironment"/>
      <property name="java.awt.headless" value="true"/>
      <property name="java.awt.printerjob" value="sun.lwawt.macosx.CPrinterJob"/>
      <property name="java.class.path" value="/Users/bhwang/elasticsearch/target/test-classes:/Users/bhwang/elasticsearch/target/classes:/Users/bhwang/.m2/repository/org/hamcrest/hamcrest-all/1.3/hamcrest-all-1.3.jar:/Users/bhwang/.m2/repository/com/carrotsearch/randomizedtesting/randomizedtesting-runner/2.0.15/randomizedtesting-runner-2.0.15.jar:/Users/bhwang/.m2/repository/junit/junit/4.10/junit-4.10.jar:/Users/bhwang/.m2/repository/org/apache/lucene/lucene-test-framework/4.6.1/lucene-test-framework-4.6.1.jar:/Users/bhwang/.m2/repository/org/apache/lucene/lucene-expressions/4.6.1/lucene-expressions-4.6.1.jar:/Users/bhwang/.m2/repository/org/antlr/antlr-runtime/3.5/antlr-runtime-3.5.jar:/Users/bhwang/.m2/repository/org/ow2/asm/asm/4.1/asm-4.1.jar:/Users/bhwang/.m2/repository/org/ow2/asm/asm-commons/4.1/asm-commons-4.1.jar:/Users/bhwang/.m2/repository/org/apache/httpcomponents/httpclient/4.3.1/httpclient-4.3.1.jar:/Users/bhwang/.m2/repository/org/apache/httpcomponents/httpcore/4.3/httpcore-4.3.jar:/Users/bhwang/.m2/repository/commons-logging/commons-logging/1.1.3/commons-logging-1.1.3.jar:/Users/bhwang/.m2/repository/commons-codec/commons-codec/1.6/commons-codec-1.6.jar:/Users/bhwang/.m2/repository/org/apache/lucene/lucene-core/4.6.1/lucene-core-4.6.1.jar:/Users/bhwang/.m2/repository/org/apache/lucene/lucene-analyzers-common/4.6.1/lucene-analyzers-common-4.6.1.jar:/Users/bhwang/.m2/repository/org/apache/lucene/lucene-codecs/4.6.1/lucene-codecs-4.6.1.jar:/Users/bhwang/.m2/repository/org/apache/lucene/lucene-queries/4.6.1/lucene-queries-4.6.1.jar:/Users/bhwang/.m2/repository/org/apache/lucene/lucene-memory/4.6.1/lucene-memory-4.6.1.jar:/Users/bhwang/.m2/repository/org/apache/lucene/lucene-highlighter/4.6.1/lucene-highlighter-4.6.1.jar:/Users/bhwang/.m2/repository/org/apache/lucene/lucene-queryparser/4.6.1/lucene-queryparser-4.6.1.jar:/Users/bhwang/.m2/repository/org/apache/lucene/lucene-sandbox/4.6.1/lucene-sandbox-4.6.1.jar:/Users/bhwang/.m2/repository/org/apache/lucene/lucene-suggest/4.6.1/lucene-suggest-4.6.1.jar:/Users/bhwang/.m2/repository/org/apache/lucene/lucene-misc/4.6.1/lucene-misc-4.6.1.jar:/Users/bhwang/.m2/repository/org/apache/lucene/lucene-join/4.6.1/lucene-join-4.6.1.jar:/Users/bhwang/.m2/repository/org/apache/lucene/lucene-grouping/4.6.1/lucene-grouping-4.6.1.jar:/Users/bhwang/.m2/repository/org/apache/lucene/lucene-spatial/4.6.1/lucene-spatial-4.6.1.jar:/Users/bhwang/.m2/repository/com/spatial4j/spatial4j/0.3/spatial4j-0.3.jar:/Users/bhwang/.m2/repository/com/vividsolutions/jts/1.12/jts-1.12.jar:/Users/bhwang/.m2/repository/com/google/guava/guava/16.0/guava-16.0.jar:/Users/bhwang/.m2/repository/com/carrotsearch/hppc/0.5.3/hppc-0.5.3.jar:/Users/bhwang/.m2/repository/joda-time/joda-time/2.3/joda-time-2.3.jar:/Users/bhwang/.m2/repository/org/joda/joda-convert/1.2/joda-convert-1.2.jar:/Users/bhwang/.m2/repository/org/mvel/mvel2/2.1.5.Final/mvel2-2.1.5.Final.jar:/Users/bhwang/.m2/repository/com/fasterxml/jackson/core/jackson-core/2.3.0/jackson-core-2.3.0.jar:/Users/bhwang/.m2/repository/com/fasterxml/jackson/dataformat/jackson-dataformat-smile/2.3.0/jackson-dataformat-smile-2.3.0.jar:/Users/bhwang/.m2/repository/com/fasterxml/jackson/dataformat/jackson-dataformat-yaml/2.3.0/jackson-dataformat-yaml-2.3.0.jar:/Users/bhwang/.m2/repository/io/netty/netty/3.9.0.Final/netty-3.9.0.Final.jar:/Users/bhwang/.m2/repository/com/ning/compress-lzf/0.9.6/compress-lzf-0.9.6.jar:/Users/bhwang/.m2/repository/log4j/log4j/1.2.17/log4j-1.2.17.jar:/Users/bhwang/.m2/repository/org/slf4j/slf4j-api/1.6.2/slf4j-api-1.6.2.jar:/Users/bhwang/.m2/repository/net/java/dev/jna/jna/3.3.0/jna-3.3.0.jar:/Users/bhwang/.m2/repository/org/fusesource/sigar/1.6.4/sigar-1.6.4.jar:/Users/bhwang/.m2/repository/com/carrotsearch/randomizedtesting/junit4-ant/2.0.15/junit4-ant-2.0.15.jar"/>
      <property name="java.class.version" value="51.0"/>
      <property name="java.endorsed.dirs" value="/Library/Java/JavaVirtualMachines/jdk1.7.0_45.jdk/Contents/Home/jre/lib/endorsed"/>
      <property name="java.ext.dirs" value="/Users/bhwang/Library/Java/Extensions:/Library/Java/JavaVirtualMachines/jdk1.7.0_45.jdk/Contents/Home/jre/lib/ext:/Library/Java/Extensions:/Network/Library/Java/Extensions:/System/Library/Java/Extensions:/usr/lib/java"/>
      <property name="java.home" value="/Library/Java/JavaVirtualMachines/jdk1.7.0_45.jdk/Contents/Home/jre"/>
      <property name="java.io.tmpdir" value="."/>
      <property name="java.library.path" value="/Users/bhwang/Library/Java/Extensions:/Library/Java/Extensions:/Network/Library/Java/Extensions:/System/Library/Java/Extensions:/usr/lib/java:."/>
      <property name="java.runtime.name" value="Java(TM) SE Runtime Environment"/>
      <property name="java.runtime.version" value="1.7.0_45-b18"/>
      <property name="java.security.policy" value="/Users/bhwang/elasticsearch/dev-tools/tests.policy"/>
      <property name="java.specification.name" value="Java Platform API Specification"/>
      <property name="java.specification.vendor" value="Oracle Corporation"/>
      <property name="java.specification.version" value="1.7"/>
      <property name="java.vendor" value="Oracle Corporation"/>
      <property name="java.vendor.url" value="http://java.oracle.com/"/>
      <property name="java.vendor.url.bug" value="http://bugreport.sun.com/bugreport/"/>
      <property name="java.version" value="1.7.0_45"/>
      <property name="java.vm.info" value="mixed mode"/>
      <property name="java.vm.name" value="Java HotSpot(TM) 64-Bit Server VM"/>
      <property name="java.vm.specification.name" value="Java Virtual Machine Specification"/>
      <property name="java.vm.specification.vendor" value="Oracle Corporation"/>
      <property name="java.vm.specification.version" value="1.7"/>
      <property name="java.vm.vendor" value="Oracle Corporation"/>
      <property name="java.vm.version" value="24.45-b08"/>
      <property name="junit4.childvm.cwd" value="/Users/bhwang/elasticsearch/target/J0"/>
      <property name="junit4.childvm.id" value="0"/>
      <property name="junit4.memory.total" value="128974848"/>
      <property name="junit4.pidString" value="6815@Bills-MacBook-Pro.local"/>
      <property name="junit4.processors" value="4"/>
      <property name="junit4.tempDir" value="/Users/bhwang/elasticsearch/target"/>
      <property name="line.separator" value="
"/>
      <property name="os.arch" value="x86_64"/>
      <property name="os.name" value="Mac OS X"/>
      <property name="os.version" value="10.9.1"/>
      <property name="path.separator" value=":"/>
      <property name="socksNonProxyHosts" value="local|*.local|169.254/16|*.169.254/16"/>
      <property name="sun.arch.data.model" value="64"/>
      <property name="sun.boot.class.path" value="/Library/Java/JavaVirtualMachines/jdk1.7.0_45.jdk/Contents/Home/jre/lib/resources.jar:/Library/Java/JavaVirtualMachines/jdk1.7.0_45.jdk/Contents/Home/jre/lib/rt.jar:/Library/Java/JavaVirtualMachines/jdk1.7.0_45.jdk/Contents/Home/jre/lib/sunrsasign.jar:/Library/Java/JavaVirtualMachines/jdk1.7.0_45.jdk/Contents/Home/jre/lib/jsse.jar:/Library/Java/JavaVirtualMachines/jdk1.7.0_45.jdk/Contents/Home/jre/lib/jce.jar:/Library/Java/JavaVirtualMachines/jdk1.7.0_45.jdk/Contents/Home/jre/lib/charsets.jar:/Library/Java/JavaVirtualMachines/jdk1.7.0_45.jdk/Contents/Home/jre/lib/jfr.jar:/Library/Java/JavaVirtualMachines/jdk1.7.0_45.jdk/Contents/Home/jre/lib/JObjC.jar:/Library/Java/JavaVirtualMachines/jdk1.7.0_45.jdk/Contents/Home/jre/classes"/>
      <property name="sun.boot.library.path" value="/Library/Java/JavaVirtualMachines/jdk1.7.0_45.jdk/Contents/Home/jre/lib"/>
      <property name="sun.cpu.endian" value="little"/>
      <property name="sun.cpu.isalist" value=""/>
      <property name="sun.io.unicode.encoding" value="UnicodeBig"/>
      <property name="sun.java.command" value="com.carrotsearch.ant.tasks.junit4.slave.SlaveMainSafe -flush -eventsfile /Users/bhwang/elasticsearch/target/junit4-J0-20140218_153326_767.events @/Users/bhwang/elasticsearch/target/junit4-J0-20140218_153326_767.suites -stdin"/>
      <property name="sun.java.launcher" value="SUN_STANDARD"/>
      <property name="sun.jnu.encoding" value="UTF-8"/>
      <property name="sun.management.compiler" value="HotSpot 64-Bit Tiered Compilers"/>
      <property name="sun.os.patch.level" value="unknown"/>
      <property name="tests.appendseed" value=""/>
      <property name="tests.assertion.disabled" value=""/>
      <property name="tests.awaitsfix" value=""/>
      <property name="tests.badapples" value=""/>
      <property name="tests.class" value=""/>
      <property name="tests.client.ratio" value=""/>
      <property name="tests.cluster_seed" value=""/>
      <property name="tests.enable_mock_modules" value=""/>
      <property name="tests.failfast" value=""/>
      <property name="tests.integration" value=""/>
      <property name="tests.iters" value=""/>
      <property name="tests.jvm.argline" value=""/>
      <property name="tests.maxfailures" value=""/>
      <property name="tests.method" value=""/>
      <property name="tests.network" value=""/>
      <property name="tests.nightly" value=""/>
      <property name="tests.prefix" value="tests"/>
      <property name="tests.rest" value=""/>
      <property name="tests.rest.spec" value=""/>
      <property name="tests.rest.suite" value=""/>
      <property name="tests.security.manager" value=""/>
      <property name="tests.seed" value="A89B4FF56754358E"/>
      <property name="tests.showSuccess" value=""/>
      <property name="tests.slow" value=""/>
      <property name="tests.timeoutSuite" value=""/>
      <property name="tests.weekly" value=""/>
      <property name="user.country" value="US"/>
      <property name="user.dir" value="/Users/bhwang/elasticsearch/target/J0"/>
      <property name="user.home" value="/Users/bhwang"/>
      <property name="user.language" value="en"/>
      <property name="user.name" value="bhwang"/>
      <property name="user.timezone" value=""/>
   </properties>
   <testcase classname="org.elasticsearch.indices.settings.UpdateNumberOfReplicasTests" name="testAutoExpandNumberReplicas1ToData" time="3.787"/>
   <testcase classname="org.elasticsearch.indices.settings.UpdateNumberOfReplicasTests" name="simpleUpdateNumberOfReplicasTests" time="7.736"/>
   <testcase classname="org.elasticsearch.indices.settings.UpdateNumberOfReplicasTests" name="testAutoExpandNumberOfReplicas0ToData" time="3.679"/>
   <testcase classname="org.elasticsearch.indices.settings.UpdateNumberOfReplicasTests" name="testAutoExpandNumberReplicas2" time="13.093"/>
   <system-out><![CDATA[[2014-02-18 15:48:55,909][INFO ][test                     ] Test testAutoExpandNumberReplicas1ToData(org.elasticsearch.indices.settings.UpdateNumberOfReplicasTests) started
[2014-02-18 15:48:55,913][INFO ][plugins                  ] [transport_client_node_1] loaded [], sites []
[2014-02-18 15:48:55,940][INFO ][indices.settings         ] [UpdateNumberOfReplicasTests#testAutoExpandNumberReplicas1ToData]: before test
[2014-02-18 15:48:55,940][INFO ][indices.settings         ] --> creating index test with auto expand replicas
[2014-02-18 15:48:55,941][INFO ][test                     ] reducing cluster size from 1 to 2
[2014-02-18 15:48:55,944][INFO ][node                     ] [node_1] stopping ...
[2014-02-18 15:48:55,946][INFO ][cluster.service          ] [node_0] removed {[node_1][Y-GAf-d9TnWBgKZR_Cw0qw][Bills-MacBook-Pro.local][inet[/10.1.10.75:9301]],}, reason: zen-disco-node_left([node_1][Y-GAf-d9TnWBgKZR_Cw0qw][Bills-MacBook-Pro.local][inet[/10.1.10.75:9301]])
[2014-02-18 15:48:55,947][INFO ][cluster.service          ] [node_2] removed {[node_1][Y-GAf-d9TnWBgKZR_Cw0qw][Bills-MacBook-Pro.local][inet[/10.1.10.75:9301]],}, reason: zen-disco-receive(from master [[node_0][tbUF3y2YTPm1TPdTF8YBYw][Bills-MacBook-Pro.local][inet[/10.1.10.75:9300]]])
[2014-02-18 15:48:55,950][INFO ][node                     ] [node_1] stopped
[2014-02-18 15:48:55,950][INFO ][node                     ] [node_1] closing ...
[2014-02-18 15:48:55,953][INFO ][node                     ] [node_1] closed
[2014-02-18 15:48:55,956][INFO ][plugins                  ] [transport_client_node_2] loaded [], sites []
[2014-02-18 15:48:56,010][INFO ][cluster.metadata         ] [node_0] [test] creating index, cause [api], shards [2]/[1], mappings []
[2014-02-18 15:48:56,053][INFO ][indices.settings         ] --> running cluster health
[2014-02-18 15:48:56,269][INFO ][indices.settings         ] --> done cluster health, status GREEN
[2014-02-18 15:48:56,269][INFO ][indices.settings         ] --> add another node, should increase the number of replicas
[2014-02-18 15:48:56,269][INFO ][test                     ] increasing cluster size from 2 to 3
[2014-02-18 15:48:56,271][INFO ][node                     ] [node_3] version[1.0.0], pid[6815], build[a46900e/2014-02-18T23:32:25Z]
[2014-02-18 15:48:56,271][INFO ][node                     ] [node_3] initializing ...
[2014-02-18 15:48:56,271][INFO ][plugins                  ] [node_3] loaded [], sites []
[2014-02-18 15:48:56,337][INFO ][node                     ] [node_3] initialized
[2014-02-18 15:48:56,337][INFO ][node                     ] [node_3] starting ...
[2014-02-18 15:48:56,349][INFO ][transport                ] [node_3] bound_address {inet[/0:0:0:0:0:0:0:0:9301]}, publish_address {inet[/10.1.10.75:9301]}
[2014-02-18 15:48:59,371][INFO ][cluster.service          ] [node_0] added {[node_3][TkZq7Ij7RUmMJDDmvD_q3A][Bills-MacBook-Pro.local][inet[/10.1.10.75:9301]],}, reason: zen-disco-receive(join from node[[node_3][TkZq7Ij7RUmMJDDmvD_q3A][Bills-MacBook-Pro.local][inet[/10.1.10.75:9301]]])
[2014-02-18 15:48:59,372][INFO ][cluster.service          ] [node_2] added {[node_3][TkZq7Ij7RUmMJDDmvD_q3A][Bills-MacBook-Pro.local][inet[/10.1.10.75:9301]],}, reason: zen-disco-receive(from master [[node_0][tbUF3y2YTPm1TPdTF8YBYw][Bills-MacBook-Pro.local][inet[/10.1.10.75:9300]]])
[2014-02-18 15:48:59,372][INFO ][cluster.service          ] [node_3] detected_master [node_0][tbUF3y2YTPm1TPdTF8YBYw][Bills-MacBook-Pro.local][inet[/10.1.10.75:9300]], added {[node_2][YDkOVpQ0RLKhdd4JNL-RIg][Bills-MacBook-Pro.local][inet[/10.1.10.75:9302]],[node_0][tbUF3y2YTPm1TPdTF8YBYw][Bills-MacBook-Pro.local][inet[/10.1.10.75:9300]],}, reason: zen-disco-receive(from master [[node_0][tbUF3y2YTPm1TPdTF8YBYw][Bills-MacBook-Pro.local][inet[/10.1.10.75:9300]]])
[2014-02-18 15:48:59,398][INFO ][discovery                ] [node_3] shared-Bills-MacBook-Pro.local-CHILD_VM=[0]-CLUSTER_SEED=[1392766407945050000]-HASH=[135419AB41B95588]/TkZq7Ij7RUmMJDDmvD_q3A
[2014-02-18 15:48:59,401][INFO ][cluster.metadata         ] [node_0] updating number_of_replicas to [2] for indices [test]
[2014-02-18 15:48:59,402][INFO ][http                     ] [node_3] bound_address {inet[/0:0:0:0:0:0:0:0:9201]}, publish_address {inet[/10.1.10.75:9201]}
[2014-02-18 15:48:59,402][INFO ][cluster.metadata         ] [node_0] [test] auto expanded replicas to [2]
[2014-02-18 15:48:59,402][INFO ][node                     ] [node_3] started
[2014-02-18 15:48:59,405][INFO ][plugins                  ] [transport_client_node_3] loaded [], sites []
[2014-02-18 15:48:59,441][INFO ][indices.settings         ] --> running cluster health
[2014-02-18 15:48:59,643][INFO ][indices.settings         ] --> done cluster health, status GREEN
[2014-02-18 15:48:59,643][INFO ][indices.settings         ] --> closing one node
[2014-02-18 15:48:59,644][INFO ][test                     ] reducing cluster size from 1 to 2
[2014-02-18 15:48:59,647][INFO ][node                     ] [node_2] stopping ...
[2014-02-18 15:48:59,650][INFO ][cluster.service          ] [node_0] removed {[node_2][YDkOVpQ0RLKhdd4JNL-RIg][Bills-MacBook-Pro.local][inet[/10.1.10.75:9302]],}, reason: zen-disco-node_left([node_2][YDkOVpQ0RLKhdd4JNL-RIg][Bills-MacBook-Pro.local][inet[/10.1.10.75:9302]])
[2014-02-18 15:48:59,652][INFO ][cluster.service          ] [node_3] removed {[node_2][YDkOVpQ0RLKhdd4JNL-RIg][Bills-MacBook-Pro.local][inet[/10.1.10.75:9302]],}, reason: zen-disco-receive(from master [[node_0][tbUF3y2YTPm1TPdTF8YBYw][Bills-MacBook-Pro.local][inet[/10.1.10.75:9300]]])
[2014-02-18 15:48:59,653][INFO ][cluster.metadata         ] [node_0] updating number_of_replicas to [1] for indices [test]
[2014-02-18 15:48:59,654][INFO ][cluster.metadata         ] [node_0] [test] auto expanded replicas to [1]
[2014-02-18 15:48:59,654][INFO ][node                     ] [node_2] stopped
[2014-02-18 15:48:59,654][INFO ][node                     ] [node_2] closing ...
[2014-02-18 15:48:59,659][INFO ][node                     ] [node_2] closed
[2014-02-18 15:48:59,660][INFO ][indices.settings         ] --> running cluster health
[2014-02-18 15:48:59,661][INFO ][indices.settings         ] --> done cluster health, status GREEN
[2014-02-18 15:48:59,661][INFO ][indices.settings         ] --> closing another node
[2014-02-18 15:48:59,662][INFO ][test                     ] reducing cluster size from 1 to 1
[2014-02-18 15:48:59,665][INFO ][node                     ] [node_3] stopping ...
[2014-02-18 15:48:59,671][INFO ][cluster.service          ] [node_0] removed {[node_3][TkZq7Ij7RUmMJDDmvD_q3A][Bills-MacBook-Pro.local][inet[/10.1.10.75:9301]],}, reason: zen-disco-node_left([node_3][TkZq7Ij7RUmMJDDmvD_q3A][Bills-MacBook-Pro.local][inet[/10.1.10.75:9301]])
[2014-02-18 15:48:59,676][INFO ][node                     ] [node_3] stopped
[2014-02-18 15:48:59,677][INFO ][node                     ] [node_3] closing ...
[2014-02-18 15:48:59,679][INFO ][node                     ] [node_3] closed
[2014-02-18 15:48:59,680][INFO ][indices.settings         ] --> running cluster health
[2014-02-18 15:48:59,680][INFO ][indices.settings         ] --> done cluster health, status YELLOW
[2014-02-18 15:48:59,680][INFO ][indices.settings         ] [UpdateNumberOfReplicasTests#testAutoExpandNumberReplicas1ToData]: cleaning up after test
[2014-02-18 15:48:59,681][INFO ][cluster.metadata         ] [node_0] [test] deleting index
[2014-02-18 15:48:59,688][INFO ][indices.settings         ] [UpdateNumberOfReplicasTests#testAutoExpandNumberReplicas1ToData]: cleaned up after test
[2014-02-18 15:48:59,688][INFO ][test                     ] Wipe data directory for all nodes locations: [data/d2/shared-Bills-MacBook-Pro.local-CHILD_VM=[0]-CLUSTER_SEED=[1392766407945050000]-HASH=[135419AB41B95588]/nodes/1, data/d0/shared-Bills-MacBook-Pro.local-CHILD_VM=[0]-CLUSTER_SEED=[1392766407945050000]-HASH=[135419AB41B95588]/nodes/1, data/d1/shared-Bills-MacBook-Pro.local-CHILD_VM=[0]-CLUSTER_SEED=[1392766407945050000]-HASH=[135419AB41B95588]/nodes/1]
[2014-02-18 15:48:59,696][INFO ][test                     ] Test testAutoExpandNumberReplicas1ToData(org.elasticsearch.indices.settings.UpdateNumberOfReplicasTests) finished
[2014-02-18 15:48:59,697][INFO ][test                     ] Test simpleUpdateNumberOfReplicasTests(org.elasticsearch.indices.settings.UpdateNumberOfReplicasTests) started
[2014-02-18 15:48:59,701][INFO ][node                     ] [node_1] version[1.0.0], pid[6815], build[a46900e/2014-02-18T23:32:25Z]
[2014-02-18 15:48:59,701][INFO ][node                     ] [node_1] initializing ...
[2014-02-18 15:48:59,702][INFO ][plugins                  ] [node_1] loaded [], sites []
[2014-02-18 15:48:59,745][INFO ][node                     ] [node_1] initialized
[2014-02-18 15:48:59,745][INFO ][node                     ] [node_1] starting ...
[2014-02-18 15:48:59,749][INFO ][transport                ] [node_1] bound_address {inet[/0:0:0:0:0:0:0:0:9301]}, publish_address {inet[/10.1.10.75:9301]}
[2014-02-18 15:49:02,766][INFO ][cluster.service          ] [node_0] added {[node_1][tdNlNtCMTr20pNZXdOZf6w][Bills-MacBook-Pro.local][inet[/10.1.10.75:9301]],}, reason: zen-disco-receive(join from node[[node_1][tdNlNtCMTr20pNZXdOZf6w][Bills-MacBook-Pro.local][inet[/10.1.10.75:9301]]])
[2014-02-18 15:49:02,767][INFO ][cluster.service          ] [node_1] detected_master [node_0][tbUF3y2YTPm1TPdTF8YBYw][Bills-MacBook-Pro.local][inet[/10.1.10.75:9300]], added {[node_0][tbUF3y2YTPm1TPdTF8YBYw][Bills-MacBook-Pro.local][inet[/10.1.10.75:9300]],}, reason: zen-disco-receive(from master [[node_0][tbUF3y2YTPm1TPdTF8YBYw][Bills-MacBook-Pro.local][inet[/10.1.10.75:9300]]])
[2014-02-18 15:49:02,779][INFO ][discovery                ] [node_1] shared-Bills-MacBook-Pro.local-CHILD_VM=[0]-CLUSTER_SEED=[1392766407945050000]-HASH=[135419AB41B95588]/tdNlNtCMTr20pNZXdOZf6w
[2014-02-18 15:49:02,782][INFO ][http                     ] [node_1] bound_address {inet[/0:0:0:0:0:0:0:0:9201]}, publish_address {inet[/10.1.10.75:9201]}
[2014-02-18 15:49:02,783][INFO ][node                     ] [node_1] started
[2014-02-18 15:49:02,783][INFO ][test                     ] Start Shared Node [node_1] not shared
[2014-02-18 15:49:02,784][INFO ][node                     ] [node_2] version[1.0.0], pid[6815], build[a46900e/2014-02-18T23:32:25Z]
[2014-02-18 15:49:02,784][INFO ][node                     ] [node_2] initializing ...
[2014-02-18 15:49:02,784][INFO ][plugins                  ] [node_2] loaded [], sites []
[2014-02-18 15:49:02,835][INFO ][node                     ] [node_2] initialized
[2014-02-18 15:49:02,835][INFO ][node                     ] [node_2] starting ...
[2014-02-18 15:49:02,843][INFO ][transport                ] [node_2] bound_address {inet[/0:0:0:0:0:0:0:0:9302]}, publish_address {inet[/10.1.10.75:9302]}
[2014-02-18 15:49:05,864][INFO ][cluster.service          ] [node_0] added {[node_2][J-Rhb2jBQZWOvHdI_1owLg][Bills-MacBook-Pro.local][inet[/10.1.10.75:9302]],}, reason: zen-disco-receive(join from node[[node_2][J-Rhb2jBQZWOvHdI_1owLg][Bills-MacBook-Pro.local][inet[/10.1.10.75:9302]]])
[2014-02-18 15:49:05,865][INFO ][cluster.service          ] [node_1] added {[node_2][J-Rhb2jBQZWOvHdI_1owLg][Bills-MacBook-Pro.local][inet[/10.1.10.75:9302]],}, reason: zen-disco-receive(from master [[node_0][tbUF3y2YTPm1TPdTF8YBYw][Bills-MacBook-Pro.local][inet[/10.1.10.75:9300]]])
[2014-02-18 15:49:05,865][INFO ][cluster.service          ] [node_2] detected_master [node_0][tbUF3y2YTPm1TPdTF8YBYw][Bills-MacBook-Pro.local][inet[/10.1.10.75:9300]], added {[node_1][tdNlNtCMTr20pNZXdOZf6w][Bills-MacBook-Pro.local][inet[/10.1.10.75:9301]],[node_0][tbUF3y2YTPm1TPdTF8YBYw][Bills-MacBook-Pro.local][inet[/10.1.10.75:9300]],}, reason: zen-disco-receive(from master [[node_0][tbUF3y2YTPm1TPdTF8YBYw][Bills-MacBook-Pro.local][inet[/10.1.10.75:9300]]])
[2014-02-18 15:49:05,891][INFO ][discovery                ] [node_2] shared-Bills-MacBook-Pro.local-CHILD_VM=[0]-CLUSTER_SEED=[1392766407945050000]-HASH=[135419AB41B95588]/J-Rhb2jBQZWOvHdI_1owLg
[2014-02-18 15:49:05,896][INFO ][http                     ] [node_2] bound_address {inet[/0:0:0:0:0:0:0:0:9202]}, publish_address {inet[/10.1.10.75:9202]}
[2014-02-18 15:49:05,897][INFO ][node                     ] [node_2] started
[2014-02-18 15:49:05,897][INFO ][test                     ] Start Shared Node [node_2] not shared
[2014-02-18 15:49:05,898][INFO ][plugins                  ] [transport_client_node_2] loaded [], sites []
[2014-02-18 15:49:05,932][INFO ][indices.settings         ] [UpdateNumberOfReplicasTests#simpleUpdateNumberOfReplicasTests]: before test
[2014-02-18 15:49:05,932][INFO ][indices.settings         ] Creating index test
[2014-02-18 15:49:05,941][INFO ][cluster.metadata         ] [node_0] [test] creating index, cause [api], shards [5]/[1], mappings []
[2014-02-18 15:49:05,985][INFO ][indices.settings         ] Running Cluster Health
[2014-02-18 15:49:06,230][INFO ][indices.settings         ] Done Cluster Health, status GREEN
[2014-02-18 15:49:06,232][INFO ][plugins                  ] [transport_client_node_1] loaded [], sites []
[2014-02-18 15:49:06,265][INFO ][cluster.metadata         ] [node_0] [test] update_mapping [type1] (dynamic)
[2014-02-18 15:49:06,270][INFO ][plugins                  ] [transport_client_node_0] loaded [], sites []
[2014-02-18 15:49:06,606][INFO ][indices.settings         ] Increasing the number of replicas from 1 to 2
[2014-02-18 15:49:06,607][INFO ][cluster.metadata         ] [node_0] updating number_of_replicas to [2] for indices [test]
[2014-02-18 15:49:06,809][INFO ][indices.settings         ] Running Cluster Health
[2014-02-18 15:49:06,810][INFO ][indices.settings         ] Done Cluster Health, status YELLOW
[2014-02-18 15:49:06,811][INFO ][indices.settings         ] starting another node to new replicas will be allocated to it
[2014-02-18 15:49:06,931][INFO ][indices.settings         ] Running Cluster Health
[2014-02-18 15:49:07,134][INFO ][indices.settings         ] Done Cluster Health, status GREEN
[2014-02-18 15:49:07,143][INFO ][indices.settings         ] Decreasing number of replicas from 2 to 0
[2014-02-18 15:49:07,144][INFO ][cluster.metadata         ] [node_0] updating number_of_replicas to [0] for indices [test]
[2014-02-18 15:49:07,376][INFO ][indices.settings         ] Running Cluster Health
[2014-02-18 15:49:07,377][INFO ][indices.settings         ] Done Cluster Health, status GREEN
[2014-02-18 15:49:07,394][INFO ][indices.settings         ] [UpdateNumberOfReplicasTests#simpleUpdateNumberOfReplicasTests]: cleaning up after test
[2014-02-18 15:49:07,396][INFO ][cluster.metadata         ] [node_0] [test] deleting index
[2014-02-18 15:49:07,418][INFO ][indices.settings         ] [UpdateNumberOfReplicasTests#simpleUpdateNumberOfReplicasTests]: cleaned up after test
[2014-02-18 15:49:07,418][INFO ][test                     ] Wipe data directory for all nodes locations: [data/d2/shared-Bills-MacBook-Pro.local-CHILD_VM=[0]-CLUSTER_SEED=[1392766407945050000]-HASH=[135419AB41B95588]/nodes/1, data/d2/shared-Bills-MacBook-Pro.local-CHILD_VM=[0]-CLUSTER_SEED=[1392766407945050000]-HASH=[135419AB41B95588]/nodes/2, data/d2/shared-Bills-MacBook-Pro.local-CHILD_VM=[0]-CLUSTER_SEED=[1392766407945050000]-HASH=[135419AB41B95588]/nodes/0, data/d0/shared-Bills-MacBook-Pro.local-CHILD_VM=[0]-CLUSTER_SEED=[1392766407945050000]-HASH=[135419AB41B95588]/nodes/1, data/d1/shared-Bills-MacBook-Pro.local-CHILD_VM=[0]-CLUSTER_SEED=[1392766407945050000]-HASH=[135419AB41B95588]/nodes/0, data/d1/shared-Bills-MacBook-Pro.local-CHILD_VM=[0]-CLUSTER_SEED=[1392766407945050000]-HASH=[135419AB41B95588]/nodes/2, data/d1/shared-Bills-MacBook-Pro.local-CHILD_VM=[0]-CLUSTER_SEED=[1392766407945050000]-HASH=[135419AB41B95588]/nodes/1, data/d0/shared-Bills-MacBook-Pro.local-CHILD_VM=[0]-CLUSTER_SEED=[1392766407945050000]-HASH=[135419AB41B95588]/nodes/2, data/d0/shared-Bills-MacBook-Pro.local-CHILD_VM=[0]-CLUSTER_SEED=[1392766407945050000]-HASH=[135419AB41B95588]/nodes/0]
[2014-02-18 15:49:07,433][INFO ][test                     ] Test simpleUpdateNumberOfReplicasTests(org.elasticsearch.indices.settings.UpdateNumberOfReplicasTests) finished
[2014-02-18 15:49:07,434][INFO ][test                     ] Test testAutoExpandNumberOfReplicas0ToData(org.elasticsearch.indices.settings.UpdateNumberOfReplicasTests) started
[2014-02-18 15:49:07,440][INFO ][plugins                  ] [transport_client_node_0] loaded [], sites []
[2014-02-18 15:49:07,464][INFO ][indices.settings         ] [UpdateNumberOfReplicasTests#testAutoExpandNumberOfReplicas0ToData]: before test
[2014-02-18 15:49:07,465][INFO ][test                     ] reducing cluster size from 1 to 2
[2014-02-18 15:49:07,465][INFO ][node                     ] [node_1] stopping ...
[2014-02-18 15:49:07,467][INFO ][cluster.service          ] [node_0] removed {[node_1][tdNlNtCMTr20pNZXdOZf6w][Bills-MacBook-Pro.local][inet[/10.1.10.75:9301]],}, reason: zen-disco-node_left([node_1][tdNlNtCMTr20pNZXdOZf6w][Bills-MacBook-Pro.local][inet[/10.1.10.75:9301]])
[2014-02-18 15:49:07,470][INFO ][cluster.service          ] [node_2] removed {[node_1][tdNlNtCMTr20pNZXdOZf6w][Bills-MacBook-Pro.local][inet[/10.1.10.75:9301]],}, reason: zen-disco-receive(from master [[node_0][tbUF3y2YTPm1TPdTF8YBYw][Bills-MacBook-Pro.local][inet[/10.1.10.75:9300]]])
[2014-02-18 15:49:07,473][INFO ][node                     ] [node_1] stopped
[2014-02-18 15:49:07,473][INFO ][node                     ] [node_1] closing ...
[2014-02-18 15:49:07,475][INFO ][node                     ] [node_1] closed
[2014-02-18 15:49:07,475][INFO ][indices.settings         ] --> creating index test with auto expand replicas
[2014-02-18 15:49:07,484][INFO ][cluster.metadata         ] [node_0] [test] creating index, cause [api], shards [2]/[1], mappings []
[2014-02-18 15:49:07,531][INFO ][indices.settings         ] --> running cluster health
[2014-02-18 15:49:07,745][INFO ][indices.settings         ] --> done cluster health, status GREEN
[2014-02-18 15:49:07,745][INFO ][indices.settings         ] --> add another node, should increase the number of replicas
[2014-02-18 15:49:07,745][INFO ][test                     ] increasing cluster size from 2 to 3
[2014-02-18 15:49:07,747][INFO ][node                     ] [node_3] version[1.0.0], pid[6815], build[a46900e/2014-02-18T23:32:25Z]
[2014-02-18 15:49:07,747][INFO ][node                     ] [node_3] initializing ...
[2014-02-18 15:49:07,748][INFO ][plugins                  ] [node_3] loaded [], sites []
[2014-02-18 15:49:07,785][INFO ][node                     ] [node_3] initialized
[2014-02-18 15:49:07,786][INFO ][node                     ] [node_3] starting ...
[2014-02-18 15:49:07,791][INFO ][transport                ] [node_3] bound_address {inet[/0:0:0:0:0:0:0:0:9301]}, publish_address {inet[/10.1.10.75:9301]}
[2014-02-18 15:49:10,807][INFO ][cluster.service          ] [node_0] added {[node_3][JwkOFxKyQPC86jZPAmR9MA][Bills-MacBook-Pro.local][inet[/10.1.10.75:9301]],}, reason: zen-disco-receive(join from node[[node_3][JwkOFxKyQPC86jZPAmR9MA][Bills-MacBook-Pro.local][inet[/10.1.10.75:9301]]])
[2014-02-18 15:49:10,808][INFO ][cluster.service          ] [node_2] added {[node_3][JwkOFxKyQPC86jZPAmR9MA][Bills-MacBook-Pro.local][inet[/10.1.10.75:9301]],}, reason: zen-disco-receive(from master [[node_0][tbUF3y2YTPm1TPdTF8YBYw][Bills-MacBook-Pro.local][inet[/10.1.10.75:9300]]])
[2014-02-18 15:49:10,808][INFO ][cluster.service          ] [node_3] detected_master [node_0][tbUF3y2YTPm1TPdTF8YBYw][Bills-MacBook-Pro.local][inet[/10.1.10.75:9300]], added {[node_2][J-Rhb2jBQZWOvHdI_1owLg][Bills-MacBook-Pro.local][inet[/10.1.10.75:9302]],[node_0][tbUF3y2YTPm1TPdTF8YBYw][Bills-MacBook-Pro.local][inet[/10.1.10.75:9300]],}, reason: zen-disco-receive(from master [[node_0][tbUF3y2YTPm1TPdTF8YBYw][Bills-MacBook-Pro.local][inet[/10.1.10.75:9300]]])
[2014-02-18 15:49:10,833][INFO ][discovery                ] [node_3] shared-Bills-MacBook-Pro.local-CHILD_VM=[0]-CLUSTER_SEED=[1392766407945050000]-HASH=[135419AB41B95588]/JwkOFxKyQPC86jZPAmR9MA
[2014-02-18 15:49:10,834][INFO ][cluster.metadata         ] [node_0] updating number_of_replicas to [2] for indices [test]
[2014-02-18 15:49:10,834][INFO ][cluster.metadata         ] [node_0] [test] auto expanded replicas to [2]
[2014-02-18 15:49:10,838][INFO ][http                     ] [node_3] bound_address {inet[/0:0:0:0:0:0:0:0:9201]}, publish_address {inet[/10.1.10.75:9201]}
[2014-02-18 15:49:10,855][INFO ][node                     ] [node_3] started
[2014-02-18 15:49:10,860][INFO ][indices.settings         ] --> running cluster health
[2014-02-18 15:49:11,063][INFO ][indices.settings         ] --> done cluster health, status GREEN
[2014-02-18 15:49:11,063][INFO ][indices.settings         ] --> closing one node
[2014-02-18 15:49:11,064][INFO ][test                     ] reducing cluster size from 1 to 2
[2014-02-18 15:49:11,064][INFO ][node                     ] [node_2] stopping ...
[2014-02-18 15:49:11,068][INFO ][cluster.service          ] [node_0] removed {[node_2][J-Rhb2jBQZWOvHdI_1owLg][Bills-MacBook-Pro.local][inet[/10.1.10.75:9302]],}, reason: zen-disco-node_left([node_2][J-Rhb2jBQZWOvHdI_1owLg][Bills-MacBook-Pro.local][inet[/10.1.10.75:9302]])
[2014-02-18 15:49:11,071][INFO ][cluster.service          ] [node_3] removed {[node_2][J-Rhb2jBQZWOvHdI_1owLg][Bills-MacBook-Pro.local][inet[/10.1.10.75:9302]],}, reason: zen-disco-receive(from master [[node_0][tbUF3y2YTPm1TPdTF8YBYw][Bills-MacBook-Pro.local][inet[/10.1.10.75:9300]]])
[2014-02-18 15:49:11,072][INFO ][cluster.metadata         ] [node_0] updating number_of_replicas to [1] for indices [test]
[2014-02-18 15:49:11,072][INFO ][cluster.metadata         ] [node_0] [test] auto expanded replicas to [1]
[2014-02-18 15:49:11,072][INFO ][node                     ] [node_2] stopped
[2014-02-18 15:49:11,073][INFO ][node                     ] [node_2] closing ...
[2014-02-18 15:49:11,075][INFO ][node                     ] [node_2] closed
[2014-02-18 15:49:11,077][INFO ][indices.settings         ] --> running cluster health
[2014-02-18 15:49:11,077][INFO ][indices.settings         ] --> done cluster health, status GREEN
[2014-02-18 15:49:11,077][INFO ][indices.settings         ] --> closing another node
[2014-02-18 15:49:11,078][INFO ][test                     ] reducing cluster size from 1 to 1
[2014-02-18 15:49:11,078][INFO ][node                     ] [node_3] stopping ...
[2014-02-18 15:49:11,083][INFO ][cluster.service          ] [node_0] removed {[node_3][JwkOFxKyQPC86jZPAmR9MA][Bills-MacBook-Pro.local][inet[/10.1.10.75:9301]],}, reason: zen-disco-node_left([node_3][JwkOFxKyQPC86jZPAmR9MA][Bills-MacBook-Pro.local][inet[/10.1.10.75:9301]])
[2014-02-18 15:49:11,083][INFO ][cluster.metadata         ] [node_0] updating number_of_replicas to [0] for indices [test]
[2014-02-18 15:49:11,084][INFO ][cluster.metadata         ] [node_0] [test] auto expanded replicas to [0]
[2014-02-18 15:49:11,086][INFO ][node                     ] [node_3] stopped
[2014-02-18 15:49:11,086][INFO ][node                     ] [node_3] closing ...
[2014-02-18 15:49:11,088][INFO ][node                     ] [node_3] closed
[2014-02-18 15:49:11,089][INFO ][indices.settings         ] --> running cluster health
[2014-02-18 15:49:11,089][INFO ][indices.settings         ] --> done cluster health, status GREEN
[2014-02-18 15:49:11,090][INFO ][indices.settings         ] [UpdateNumberOfReplicasTests#testAutoExpandNumberOfReplicas0ToData]: cleaning up after test
[2014-02-18 15:49:11,090][INFO ][cluster.metadata         ] [node_0] [test] deleting index
[2014-02-18 15:49:11,099][INFO ][indices.settings         ] [UpdateNumberOfReplicasTests#testAutoExpandNumberOfReplicas0ToData]: cleaned up after test
[2014-02-18 15:49:11,099][INFO ][test                     ] Wipe data directory for all nodes locations: [data/d2/shared-Bills-MacBook-Pro.local-CHILD_VM=[0]-CLUSTER_SEED=[1392766407945050000]-HASH=[135419AB41B95588]/nodes/1, data/d0/shared-Bills-MacBook-Pro.local-CHILD_VM=[0]-CLUSTER_SEED=[1392766407945050000]-HASH=[135419AB41B95588]/nodes/1, data/d1/shared-Bills-MacBook-Pro.local-CHILD_VM=[0]-CLUSTER_SEED=[1392766407945050000]-HASH=[135419AB41B95588]/nodes/1]
[2014-02-18 15:49:11,113][INFO ][test                     ] Test testAutoExpandNumberOfReplicas0ToData(org.elasticsearch.indices.settings.UpdateNumberOfReplicasTests) finished
[2014-02-18 15:49:11,114][INFO ][test                     ] Test testAutoExpandNumberReplicas2(org.elasticsearch.indices.settings.UpdateNumberOfReplicasTests) started
[2014-02-18 15:49:11,118][INFO ][node                     ] [node_1] version[1.0.0], pid[6815], build[a46900e/2014-02-18T23:32:25Z]
[2014-02-18 15:49:11,118][INFO ][node                     ] [node_1] initializing ...
[2014-02-18 15:49:11,118][INFO ][plugins                  ] [node_1] loaded [], sites []
[2014-02-18 15:49:11,177][INFO ][node                     ] [node_1] initialized
[2014-02-18 15:49:11,177][INFO ][node                     ] [node_1] starting ...
[2014-02-18 15:49:11,183][INFO ][transport                ] [node_1] bound_address {inet[/0:0:0:0:0:0:0:0:9301]}, publish_address {inet[/10.1.10.75:9301]}
[2014-02-18 15:49:14,207][INFO ][cluster.service          ] [node_0] added {[node_1][YhvSpkX-RFGNafHqA5ra1w][Bills-MacBook-Pro.local][inet[/10.1.10.75:9301]],}, reason: zen-disco-receive(join from node[[node_1][YhvSpkX-RFGNafHqA5ra1w][Bills-MacBook-Pro.local][inet[/10.1.10.75:9301]]])
[2014-02-18 15:49:14,208][INFO ][cluster.service          ] [node_1] detected_master [node_0][tbUF3y2YTPm1TPdTF8YBYw][Bills-MacBook-Pro.local][inet[/10.1.10.75:9300]], added {[node_0][tbUF3y2YTPm1TPdTF8YBYw][Bills-MacBook-Pro.local][inet[/10.1.10.75:9300]],}, reason: zen-disco-receive(from master [[node_0][tbUF3y2YTPm1TPdTF8YBYw][Bills-MacBook-Pro.local][inet[/10.1.10.75:9300]]])
[2014-02-18 15:49:14,221][INFO ][discovery                ] [node_1] shared-Bills-MacBook-Pro.local-CHILD_VM=[0]-CLUSTER_SEED=[1392766407945050000]-HASH=[135419AB41B95588]/YhvSpkX-RFGNafHqA5ra1w
[2014-02-18 15:49:14,224][INFO ][http                     ] [node_1] bound_address {inet[/0:0:0:0:0:0:0:0:9201]}, publish_address {inet[/10.1.10.75:9201]}
[2014-02-18 15:49:14,224][INFO ][node                     ] [node_1] started
[2014-02-18 15:49:14,224][INFO ][test                     ] Start Shared Node [node_1] not shared
[2014-02-18 15:49:14,225][INFO ][node                     ] [node_2] version[1.0.0], pid[6815], build[a46900e/2014-02-18T23:32:25Z]
[2014-02-18 15:49:14,225][INFO ][node                     ] [node_2] initializing ...
[2014-02-18 15:49:14,225][INFO ][plugins                  ] [node_2] loaded [], sites []
[2014-02-18 15:49:14,259][INFO ][node                     ] [node_2] initialized
[2014-02-18 15:49:14,260][INFO ][node                     ] [node_2] starting ...
[2014-02-18 15:49:14,265][INFO ][transport                ] [node_2] bound_address {inet[/0:0:0:0:0:0:0:0:9302]}, publish_address {inet[/10.1.10.75:9302]}
[2014-02-18 15:49:17,281][INFO ][cluster.service          ] [node_0] added {[node_2][FMinfbhkR0qkv0gqZ8eWZw][Bills-MacBook-Pro.local][inet[/10.1.10.75:9302]],}, reason: zen-disco-receive(join from node[[node_2][FMinfbhkR0qkv0gqZ8eWZw][Bills-MacBook-Pro.local][inet[/10.1.10.75:9302]]])
[2014-02-18 15:49:17,282][INFO ][cluster.service          ] [node_1] added {[node_2][FMinfbhkR0qkv0gqZ8eWZw][Bills-MacBook-Pro.local][inet[/10.1.10.75:9302]],}, reason: zen-disco-receive(from master [[node_0][tbUF3y2YTPm1TPdTF8YBYw][Bills-MacBook-Pro.local][inet[/10.1.10.75:9300]]])
[2014-02-18 15:49:17,283][INFO ][cluster.service          ] [node_2] detected_master [node_0][tbUF3y2YTPm1TPdTF8YBYw][Bills-MacBook-Pro.local][inet[/10.1.10.75:9300]], added {[node_0][tbUF3y2YTPm1TPdTF8YBYw][Bills-MacBook-Pro.local][inet[/10.1.10.75:9300]],[node_1][YhvSpkX-RFGNafHqA5ra1w][Bills-MacBook-Pro.local][inet[/10.1.10.75:9301]],}, reason: zen-disco-receive(from master [[node_0][tbUF3y2YTPm1TPdTF8YBYw][Bills-MacBook-Pro.local][inet[/10.1.10.75:9300]]])
[2014-02-18 15:49:17,308][INFO ][discovery                ] [node_2] shared-Bills-MacBook-Pro.local-CHILD_VM=[0]-CLUSTER_SEED=[1392766407945050000]-HASH=[135419AB41B95588]/FMinfbhkR0qkv0gqZ8eWZw
[2014-02-18 15:49:17,311][INFO ][http                     ] [node_2] bound_address {inet[/0:0:0:0:0:0:0:0:9202]}, publish_address {inet[/10.1.10.75:9202]}
[2014-02-18 15:49:17,312][INFO ][node                     ] [node_2] started
[2014-02-18 15:49:17,312][INFO ][test                     ] Start Shared Node [node_2] not shared
[2014-02-18 15:49:17,313][INFO ][plugins                  ] [transport_client_node_1] loaded [], sites []
[2014-02-18 15:49:17,338][INFO ][indices.settings         ] [UpdateNumberOfReplicasTests#testAutoExpandNumberReplicas2]: before test
[2014-02-18 15:49:17,338][INFO ][indices.settings         ] --> creating index test with auto expand replicas set to 0-2
[2014-02-18 15:49:17,345][INFO ][cluster.metadata         ] [node_0] [test] creating index, cause [api], shards [2]/[1], mappings []
[2014-02-18 15:49:17,384][INFO ][indices.settings         ] --> running cluster health
[2014-02-18 15:49:17,407][INFO ][cluster.metadata         ] [node_0] updating number_of_replicas to [2] for indices [test]
[2014-02-18 15:49:17,407][INFO ][cluster.metadata         ] [node_0] [test] auto expanded replicas to [2]
[2014-02-18 15:49:17,428][INFO ][cluster.metadata         ] [node_0] updating number_of_replicas to [2] for indices [test]
[2014-02-18 15:49:17,429][INFO ][cluster.metadata         ] [node_0] [test] auto expanded replicas to [2]
[2014-02-18 15:49:17,633][INFO ][indices.settings         ] --> done cluster health, status GREEN
[2014-02-18 15:49:17,634][INFO ][indices.settings         ] --> add two more nodes
[2014-02-18 15:49:17,634][INFO ][test                     ] increasing cluster size from 3 to 4
[2014-02-18 15:49:17,637][INFO ][node                     ] [node_3] version[1.0.0], pid[6815], build[a46900e/2014-02-18T23:32:25Z]
[2014-02-18 15:49:17,637][INFO ][node                     ] [node_3] initializing ...
[2014-02-18 15:49:17,637][INFO ][plugins                  ] [node_3] loaded [], sites []
[2014-02-18 15:49:17,680][INFO ][node                     ] [node_3] initialized
[2014-02-18 15:49:17,681][INFO ][node                     ] [node_3] starting ...
[2014-02-18 15:49:17,687][INFO ][transport                ] [node_3] bound_address {inet[/0:0:0:0:0:0:0:0:9303]}, publish_address {inet[/10.1.10.75:9303]}
[2014-02-18 15:49:20,709][INFO ][cluster.service          ] [node_0] added {[node_3][OqrESe3SSWa55-v7CaSHOQ][Bills-MacBook-Pro.local][inet[/10.1.10.75:9303]],}, reason: zen-disco-receive(join from node[[node_3][OqrESe3SSWa55-v7CaSHOQ][Bills-MacBook-Pro.local][inet[/10.1.10.75:9303]]])
[2014-02-18 15:49:20,710][INFO ][cluster.service          ] [node_2] added {[node_3][OqrESe3SSWa55-v7CaSHOQ][Bills-MacBook-Pro.local][inet[/10.1.10.75:9303]],}, reason: zen-disco-receive(from master [[node_0][tbUF3y2YTPm1TPdTF8YBYw][Bills-MacBook-Pro.local][inet[/10.1.10.75:9300]]])
[2014-02-18 15:49:20,710][INFO ][cluster.service          ] [node_1] added {[node_3][OqrESe3SSWa55-v7CaSHOQ][Bills-MacBook-Pro.local][inet[/10.1.10.75:9303]],}, reason: zen-disco-receive(from master [[node_0][tbUF3y2YTPm1TPdTF8YBYw][Bills-MacBook-Pro.local][inet[/10.1.10.75:9300]]])
[2014-02-18 15:49:20,710][INFO ][cluster.service          ] [node_3] detected_master [node_0][tbUF3y2YTPm1TPdTF8YBYw][Bills-MacBook-Pro.local][inet[/10.1.10.75:9300]], added {[node_2][FMinfbhkR0qkv0gqZ8eWZw][Bills-MacBook-Pro.local][inet[/10.1.10.75:9302]],[node_0][tbUF3y2YTPm1TPdTF8YBYw][Bills-MacBook-Pro.local][inet[/10.1.10.75:9300]],[node_1][YhvSpkX-RFGNafHqA5ra1w][Bills-MacBook-Pro.local][inet[/10.1.10.75:9301]],}, reason: zen-disco-receive(from master [[node_0][tbUF3y2YTPm1TPdTF8YBYw][Bills-MacBook-Pro.local][inet[/10.1.10.75:9300]]])
[2014-02-18 15:49:20,757][INFO ][discovery                ] [node_3] shared-Bills-MacBook-Pro.local-CHILD_VM=[0]-CLUSTER_SEED=[1392766407945050000]-HASH=[135419AB41B95588]/OqrESe3SSWa55-v7CaSHOQ
[2014-02-18 15:49:20,761][INFO ][http                     ] [node_3] bound_address {inet[/0:0:0:0:0:0:0:0:9203]}, publish_address {inet[/10.1.10.75:9203]}
[2014-02-18 15:49:20,761][INFO ][node                     ] [node_3] started
[2014-02-18 15:49:20,777][INFO ][test                     ] increasing cluster size from 4 to 5
[2014-02-18 15:49:20,779][INFO ][node                     ] [node_4] version[1.0.0], pid[6815], build[a46900e/2014-02-18T23:32:25Z]
[2014-02-18 15:49:20,779][INFO ][node                     ] [node_4] initializing ...
[2014-02-18 15:49:20,779][INFO ][plugins                  ] [node_4] loaded [], sites []
[2014-02-18 15:49:20,822][INFO ][node                     ] [node_4] initialized
[2014-02-18 15:49:20,823][INFO ][node                     ] [node_4] starting ...
[2014-02-18 15:49:20,829][INFO ][transport                ] [node_4] bound_address {inet[/0:0:0:0:0:0:0:0:9304]}, publish_address {inet[/10.1.10.75:9304]}
[2014-02-18 15:49:23,852][INFO ][cluster.service          ] [node_0] added {[node_4][9Y1bxuQKQ5qYC1o_TLIkQg][Bills-MacBook-Pro.local][inet[/10.1.10.75:9304]],}, reason: zen-disco-receive(join from node[[node_4][9Y1bxuQKQ5qYC1o_TLIkQg][Bills-MacBook-Pro.local][inet[/10.1.10.75:9304]]])
[2014-02-18 15:49:23,852][INFO ][cluster.service          ] [node_2] added {[node_4][9Y1bxuQKQ5qYC1o_TLIkQg][Bills-MacBook-Pro.local][inet[/10.1.10.75:9304]],}, reason: zen-disco-receive(from master [[node_0][tbUF3y2YTPm1TPdTF8YBYw][Bills-MacBook-Pro.local][inet[/10.1.10.75:9300]]])
[2014-02-18 15:49:23,853][INFO ][cluster.service          ] [node_1] added {[node_4][9Y1bxuQKQ5qYC1o_TLIkQg][Bills-MacBook-Pro.local][inet[/10.1.10.75:9304]],}, reason: zen-disco-receive(from master [[node_0][tbUF3y2YTPm1TPdTF8YBYw][Bills-MacBook-Pro.local][inet[/10.1.10.75:9300]]])
[2014-02-18 15:49:23,852][INFO ][cluster.service          ] [node_3] added {[node_4][9Y1bxuQKQ5qYC1o_TLIkQg][Bills-MacBook-Pro.local][inet[/10.1.10.75:9304]],}, reason: zen-disco-receive(from master [[node_0][tbUF3y2YTPm1TPdTF8YBYw][Bills-MacBook-Pro.local][inet[/10.1.10.75:9300]]])
[2014-02-18 15:49:23,853][INFO ][cluster.service          ] [node_4] detected_master [node_0][tbUF3y2YTPm1TPdTF8YBYw][Bills-MacBook-Pro.local][inet[/10.1.10.75:9300]], added {[node_2][FMinfbhkR0qkv0gqZ8eWZw][Bills-MacBook-Pro.local][inet[/10.1.10.75:9302]],[node_3][OqrESe3SSWa55-v7CaSHOQ][Bills-MacBook-Pro.local][inet[/10.1.10.75:9303]],[node_0][tbUF3y2YTPm1TPdTF8YBYw][Bills-MacBook-Pro.local][inet[/10.1.10.75:9300]],[node_1][YhvSpkX-RFGNafHqA5ra1w][Bills-MacBook-Pro.local][inet[/10.1.10.75:9301]],}, reason: zen-disco-receive(from master [[node_0][tbUF3y2YTPm1TPdTF8YBYw][Bills-MacBook-Pro.local][inet[/10.1.10.75:9300]]])
[2014-02-18 15:49:23,909][INFO ][discovery                ] [node_4] shared-Bills-MacBook-Pro.local-CHILD_VM=[0]-CLUSTER_SEED=[1392766407945050000]-HASH=[135419AB41B95588]/9Y1bxuQKQ5qYC1o_TLIkQg
[2014-02-18 15:49:23,914][INFO ][http                     ] [node_4] bound_address {inet[/0:0:0:0:0:0:0:0:9204]}, publish_address {inet[/10.1.10.75:9204]}
[2014-02-18 15:49:23,915][INFO ][node                     ] [node_4] started
[2014-02-18 15:49:23,935][INFO ][indices.settings         ] --> update the auto expand replicas to 0-3
[2014-02-18 15:49:23,938][INFO ][cluster.metadata         ] [node_0] updating number_of_replicas to [3] for indices [test]
[2014-02-18 15:49:23,939][INFO ][cluster.metadata         ] [node_0] [test] auto expanded replicas to [3]
[2014-02-18 15:49:23,939][INFO ][indices.settings         ] --> running cluster health
[2014-02-18 15:49:24,166][INFO ][indices.settings         ] --> done cluster health, status GREEN
[2014-02-18 15:49:24,166][INFO ][indices.settings         ] [UpdateNumberOfReplicasTests#testAutoExpandNumberReplicas2]: cleaning up after test
[2014-02-18 15:49:24,167][INFO ][cluster.metadata         ] [node_0] [test] deleting index
[2014-02-18 15:49:24,194][INFO ][indices.settings         ] [UpdateNumberOfReplicasTests#testAutoExpandNumberReplicas2]: cleaned up after test
[2014-02-18 15:49:24,195][INFO ][test                     ] Wipe data directory for all nodes locations: [data/d2/shared-Bills-MacBook-Pro.local-CHILD_VM=[0]-CLUSTER_SEED=[1392766407945050000]-HASH=[135419AB41B95588]/nodes/1, data/d2/shared-Bills-MacBook-Pro.local-CHILD_VM=[0]-CLUSTER_SEED=[1392766407945050000]-HASH=[135419AB41B95588]/nodes/2, data/d2/shared-Bills-MacBook-Pro.local-CHILD_VM=[0]-CLUSTER_SEED=[1392766407945050000]-HASH=[135419AB41B95588]/nodes/0, data/d0/shared-Bills-MacBook-Pro.local-CHILD_VM=[0]-CLUSTER_SEED=[1392766407945050000]-HASH=[135419AB41B95588]/nodes/3, data/d0/shared-Bills-MacBook-Pro.local-CHILD_VM=[0]-CLUSTER_SEED=[1392766407945050000]-HASH=[135419AB41B95588]/nodes/4, data/d1/shared-Bills-MacBook-Pro.local-CHILD_VM=[0]-CLUSTER_SEED=[1392766407945050000]-HASH=[135419AB41B95588]/nodes/0, data/d0/shared-Bills-MacBook-Pro.local-CHILD_VM=[0]-CLUSTER_SEED=[1392766407945050000]-HASH=[135419AB41B95588]/nodes/1, data/d0/shared-Bills-MacBook-Pro.local-CHILD_VM=[0]-CLUSTER_SEED=[1392766407945050000]-HASH=[135419AB41B95588]/nodes/2, data/d1/shared-Bills-MacBook-Pro.local-CHILD_VM=[0]-CLUSTER_SEED=[1392766407945050000]-HASH=[135419AB41B95588]/nodes/1, data/d1/shared-Bills-MacBook-Pro.local-CHILD_VM=[0]-CLUSTER_SEED=[1392766407945050000]-HASH=[135419AB41B95588]/nodes/4, data/d1/shared-Bills-MacBook-Pro.local-CHILD_VM=[0]-CLUSTER_SEED=[1392766407945050000]-HASH=[135419AB41B95588]/nodes/2, data/d1/shared-Bills-MacBook-Pro.local-CHILD_VM=[0]-CLUSTER_SEED=[1392766407945050000]-HASH=[135419AB41B95588]/nodes/3, data/d0/shared-Bills-MacBook-Pro.local-CHILD_VM=[0]-CLUSTER_SEED=[1392766407945050000]-HASH=[135419AB41B95588]/nodes/0, data/d2/shared-Bills-MacBook-Pro.local-CHILD_VM=[0]-CLUSTER_SEED=[1392766407945050000]-HASH=[135419AB41B95588]/nodes/4, data/d2/shared-Bills-MacBook-Pro.local-CHILD_VM=[0]-CLUSTER_SEED=[1392766407945050000]-HASH=[135419AB41B95588]/nodes/3]
[2014-02-18 15:49:24,207][INFO ][test                     ] Test testAutoExpandNumberReplicas2(org.elasticsearch.indices.settings.UpdateNumberOfReplicasTests) finished
]]></system-out>
   <system-err><![CDATA[]]></system-err>
</testsuite>