<testsuite errors="0" failures="0" tests="12" skipped="1" name="org.elasticsearch.plugin.PluginManagerTests" hostname="nohost.nodomain" time="12.511" timestamp="2014-02-18T16:10:27">
   <properties class="java.util.ArrayList">
      <property name="awt.toolkit" value="sun.lwawt.macosx.LWCToolkit"/>
      <property name="es.logger.level" value="INFO"/>
      <property name="es.logger.prefix" value=""/>
      <property name="es.node.local" value=""/>
      <property name="es.node.mode" value=""/>
      <property name="file.encoding" value="UTF-8"/>
      <property name="file.encoding.pkg" value="sun.io"/>
      <property name="file.separator" value="/"/>
      <property name="ftp.nonProxyHosts" value="local|*.local|169.254/16|*.169.254/16"/>
      <property name="gopherProxySet" value="false"/>
      <property name="http.nonProxyHosts" value="local|*.local|169.254/16|*.169.254/16"/>
      <property name="java.awt.graphicsenv" value="sun.awt.CGraphicsEnvironment"/>
      <property name="java.awt.headless" value="true"/>
      <property name="java.awt.printerjob" value="sun.lwawt.macosx.CPrinterJob"/>
      <property name="java.class.path" value="/Users/bhwang/elasticsearch/target/test-classes:/Users/bhwang/elasticsearch/target/classes:/Users/bhwang/.m2/repository/org/hamcrest/hamcrest-all/1.3/hamcrest-all-1.3.jar:/Users/bhwang/.m2/repository/com/carrotsearch/randomizedtesting/randomizedtesting-runner/2.0.15/randomizedtesting-runner-2.0.15.jar:/Users/bhwang/.m2/repository/junit/junit/4.10/junit-4.10.jar:/Users/bhwang/.m2/repository/org/apache/lucene/lucene-test-framework/4.6.1/lucene-test-framework-4.6.1.jar:/Users/bhwang/.m2/repository/org/apache/lucene/lucene-expressions/4.6.1/lucene-expressions-4.6.1.jar:/Users/bhwang/.m2/repository/org/antlr/antlr-runtime/3.5/antlr-runtime-3.5.jar:/Users/bhwang/.m2/repository/org/ow2/asm/asm/4.1/asm-4.1.jar:/Users/bhwang/.m2/repository/org/ow2/asm/asm-commons/4.1/asm-commons-4.1.jar:/Users/bhwang/.m2/repository/org/apache/httpcomponents/httpclient/4.3.1/httpclient-4.3.1.jar:/Users/bhwang/.m2/repository/org/apache/httpcomponents/httpcore/4.3/httpcore-4.3.jar:/Users/bhwang/.m2/repository/commons-logging/commons-logging/1.1.3/commons-logging-1.1.3.jar:/Users/bhwang/.m2/repository/commons-codec/commons-codec/1.6/commons-codec-1.6.jar:/Users/bhwang/.m2/repository/org/apache/lucene/lucene-core/4.6.1/lucene-core-4.6.1.jar:/Users/bhwang/.m2/repository/org/apache/lucene/lucene-analyzers-common/4.6.1/lucene-analyzers-common-4.6.1.jar:/Users/bhwang/.m2/repository/org/apache/lucene/lucene-codecs/4.6.1/lucene-codecs-4.6.1.jar:/Users/bhwang/.m2/repository/org/apache/lucene/lucene-queries/4.6.1/lucene-queries-4.6.1.jar:/Users/bhwang/.m2/repository/org/apache/lucene/lucene-memory/4.6.1/lucene-memory-4.6.1.jar:/Users/bhwang/.m2/repository/org/apache/lucene/lucene-highlighter/4.6.1/lucene-highlighter-4.6.1.jar:/Users/bhwang/.m2/repository/org/apache/lucene/lucene-queryparser/4.6.1/lucene-queryparser-4.6.1.jar:/Users/bhwang/.m2/repository/org/apache/lucene/lucene-sandbox/4.6.1/lucene-sandbox-4.6.1.jar:/Users/bhwang/.m2/repository/org/apache/lucene/lucene-suggest/4.6.1/lucene-suggest-4.6.1.jar:/Users/bhwang/.m2/repository/org/apache/lucene/lucene-misc/4.6.1/lucene-misc-4.6.1.jar:/Users/bhwang/.m2/repository/org/apache/lucene/lucene-join/4.6.1/lucene-join-4.6.1.jar:/Users/bhwang/.m2/repository/org/apache/lucene/lucene-grouping/4.6.1/lucene-grouping-4.6.1.jar:/Users/bhwang/.m2/repository/org/apache/lucene/lucene-spatial/4.6.1/lucene-spatial-4.6.1.jar:/Users/bhwang/.m2/repository/com/spatial4j/spatial4j/0.3/spatial4j-0.3.jar:/Users/bhwang/.m2/repository/com/vividsolutions/jts/1.12/jts-1.12.jar:/Users/bhwang/.m2/repository/com/google/guava/guava/16.0/guava-16.0.jar:/Users/bhwang/.m2/repository/com/carrotsearch/hppc/0.5.3/hppc-0.5.3.jar:/Users/bhwang/.m2/repository/joda-time/joda-time/2.3/joda-time-2.3.jar:/Users/bhwang/.m2/repository/org/joda/joda-convert/1.2/joda-convert-1.2.jar:/Users/bhwang/.m2/repository/org/mvel/mvel2/2.1.5.Final/mvel2-2.1.5.Final.jar:/Users/bhwang/.m2/repository/com/fasterxml/jackson/core/jackson-core/2.3.0/jackson-core-2.3.0.jar:/Users/bhwang/.m2/repository/com/fasterxml/jackson/dataformat/jackson-dataformat-smile/2.3.0/jackson-dataformat-smile-2.3.0.jar:/Users/bhwang/.m2/repository/com/fasterxml/jackson/dataformat/jackson-dataformat-yaml/2.3.0/jackson-dataformat-yaml-2.3.0.jar:/Users/bhwang/.m2/repository/io/netty/netty/3.9.0.Final/netty-3.9.0.Final.jar:/Users/bhwang/.m2/repository/com/ning/compress-lzf/0.9.6/compress-lzf-0.9.6.jar:/Users/bhwang/.m2/repository/log4j/log4j/1.2.17/log4j-1.2.17.jar:/Users/bhwang/.m2/repository/org/slf4j/slf4j-api/1.6.2/slf4j-api-1.6.2.jar:/Users/bhwang/.m2/repository/net/java/dev/jna/jna/3.3.0/jna-3.3.0.jar:/Users/bhwang/.m2/repository/org/fusesource/sigar/1.6.4/sigar-1.6.4.jar:/Users/bhwang/.m2/repository/com/carrotsearch/randomizedtesting/junit4-ant/2.0.15/junit4-ant-2.0.15.jar"/>
      <property name="java.class.version" value="51.0"/>
      <property name="java.endorsed.dirs" value="/Library/Java/JavaVirtualMachines/jdk1.7.0_45.jdk/Contents/Home/jre/lib/endorsed"/>
      <property name="java.ext.dirs" value="/Users/bhwang/Library/Java/Extensions:/Library/Java/JavaVirtualMachines/jdk1.7.0_45.jdk/Contents/Home/jre/lib/ext:/Library/Java/Extensions:/Network/Library/Java/Extensions:/System/Library/Java/Extensions:/usr/lib/java"/>
      <property name="java.home" value="/Library/Java/JavaVirtualMachines/jdk1.7.0_45.jdk/Contents/Home/jre"/>
      <property name="java.io.tmpdir" value="."/>
      <property name="java.library.path" value="/Users/bhwang/Library/Java/Extensions:/Library/Java/Extensions:/Network/Library/Java/Extensions:/System/Library/Java/Extensions:/usr/lib/java:."/>
      <property name="java.runtime.name" value="Java(TM) SE Runtime Environment"/>
      <property name="java.runtime.version" value="1.7.0_45-b18"/>
      <property name="java.security.policy" value="/Users/bhwang/elasticsearch/dev-tools/tests.policy"/>
      <property name="java.specification.name" value="Java Platform API Specification"/>
      <property name="java.specification.vendor" value="Oracle Corporation"/>
      <property name="java.specification.version" value="1.7"/>
      <property name="java.vendor" value="Oracle Corporation"/>
      <property name="java.vendor.url" value="http://java.oracle.com/"/>
      <property name="java.vendor.url.bug" value="http://bugreport.sun.com/bugreport/"/>
      <property name="java.version" value="1.7.0_45"/>
      <property name="java.vm.info" value="mixed mode"/>
      <property name="java.vm.name" value="Java HotSpot(TM) 64-Bit Server VM"/>
      <property name="java.vm.specification.name" value="Java Virtual Machine Specification"/>
      <property name="java.vm.specification.vendor" value="Oracle Corporation"/>
      <property name="java.vm.specification.version" value="1.7"/>
      <property name="java.vm.vendor" value="Oracle Corporation"/>
      <property name="java.vm.version" value="24.45-b08"/>
      <property name="junit4.childvm.cwd" value="/Users/bhwang/elasticsearch/target/J0"/>
      <property name="junit4.childvm.id" value="0"/>
      <property name="junit4.memory.total" value="128974848"/>
      <property name="junit4.pidString" value="6815@Bills-MacBook-Pro.local"/>
      <property name="junit4.processors" value="4"/>
      <property name="junit4.tempDir" value="/Users/bhwang/elasticsearch/target"/>
      <property name="line.separator" value="
"/>
      <property name="os.arch" value="x86_64"/>
      <property name="os.name" value="Mac OS X"/>
      <property name="os.version" value="10.9.1"/>
      <property name="path.separator" value=":"/>
      <property name="socksNonProxyHosts" value="local|*.local|169.254/16|*.169.254/16"/>
      <property name="sun.arch.data.model" value="64"/>
      <property name="sun.boot.class.path" value="/Library/Java/JavaVirtualMachines/jdk1.7.0_45.jdk/Contents/Home/jre/lib/resources.jar:/Library/Java/JavaVirtualMachines/jdk1.7.0_45.jdk/Contents/Home/jre/lib/rt.jar:/Library/Java/JavaVirtualMachines/jdk1.7.0_45.jdk/Contents/Home/jre/lib/sunrsasign.jar:/Library/Java/JavaVirtualMachines/jdk1.7.0_45.jdk/Contents/Home/jre/lib/jsse.jar:/Library/Java/JavaVirtualMachines/jdk1.7.0_45.jdk/Contents/Home/jre/lib/jce.jar:/Library/Java/JavaVirtualMachines/jdk1.7.0_45.jdk/Contents/Home/jre/lib/charsets.jar:/Library/Java/JavaVirtualMachines/jdk1.7.0_45.jdk/Contents/Home/jre/lib/jfr.jar:/Library/Java/JavaVirtualMachines/jdk1.7.0_45.jdk/Contents/Home/jre/lib/JObjC.jar:/Library/Java/JavaVirtualMachines/jdk1.7.0_45.jdk/Contents/Home/jre/classes"/>
      <property name="sun.boot.library.path" value="/Library/Java/JavaVirtualMachines/jdk1.7.0_45.jdk/Contents/Home/jre/lib"/>
      <property name="sun.cpu.endian" value="little"/>
      <property name="sun.cpu.isalist" value=""/>
      <property name="sun.io.unicode.encoding" value="UnicodeBig"/>
      <property name="sun.java.command" value="com.carrotsearch.ant.tasks.junit4.slave.SlaveMainSafe -flush -eventsfile /Users/bhwang/elasticsearch/target/junit4-J0-20140218_153326_767.events @/Users/bhwang/elasticsearch/target/junit4-J0-20140218_153326_767.suites -stdin"/>
      <property name="sun.java.launcher" value="SUN_STANDARD"/>
      <property name="sun.jnu.encoding" value="UTF-8"/>
      <property name="sun.management.compiler" value="HotSpot 64-Bit Tiered Compilers"/>
      <property name="sun.os.patch.level" value="unknown"/>
      <property name="tests.appendseed" value=""/>
      <property name="tests.assertion.disabled" value=""/>
      <property name="tests.awaitsfix" value=""/>
      <property name="tests.badapples" value=""/>
      <property name="tests.class" value=""/>
      <property name="tests.client.ratio" value=""/>
      <property name="tests.cluster_seed" value=""/>
      <property name="tests.enable_mock_modules" value=""/>
      <property name="tests.failfast" value=""/>
      <property name="tests.integration" value=""/>
      <property name="tests.iters" value=""/>
      <property name="tests.jvm.argline" value=""/>
      <property name="tests.maxfailures" value=""/>
      <property name="tests.method" value=""/>
      <property name="tests.network" value=""/>
      <property name="tests.nightly" value=""/>
      <property name="tests.prefix" value="tests"/>
      <property name="tests.rest" value=""/>
      <property name="tests.rest.spec" value=""/>
      <property name="tests.rest.suite" value=""/>
      <property name="tests.security.manager" value=""/>
      <property name="tests.seed" value="A89B4FF56754358E"/>
      <property name="tests.showSuccess" value=""/>
      <property name="tests.slow" value=""/>
      <property name="tests.timeoutSuite" value=""/>
      <property name="tests.weekly" value=""/>
      <property name="user.country" value="US"/>
      <property name="user.dir" value="/Users/bhwang/elasticsearch/target/J0"/>
      <property name="user.home" value="/Users/bhwang"/>
      <property name="user.language" value="en"/>
      <property name="user.name" value="bhwang"/>
      <property name="user.timezone" value=""/>
   </properties>
   <testcase classname="org.elasticsearch.plugin.PluginManagerTests" name="testRemovePluginWithURLForm" time="0.019"/>
   <testcase classname="org.elasticsearch.plugin.PluginManagerTests" name="testLocalPluginInstallSiteFolder" time="3.124"/>
   <testcase classname="org.elasticsearch.plugin.PluginManagerTests" name="testLocalPluginWithoutFolders" time="3.09"/>
   <testcase classname="org.elasticsearch.plugin.PluginManagerTests" name="testInstallPluginWithInternet" time="0.003">
      <skipped></skipped>
   </testcase>
   <testcase classname="org.elasticsearch.plugin.PluginManagerTests" name="testSitePluginWithSourceThrows" time="0.017"/>
   <testcase classname="org.elasticsearch.plugin.PluginManagerTests" name="testListInstalledEmpty" time="0.005"/>
   <testcase classname="org.elasticsearch.plugin.PluginManagerTests" name="testInstallSitePlugin" time="0.008"/>
   <testcase classname="org.elasticsearch.plugin.PluginManagerTests" name="testInstallPlugin" time="0.007"/>
   <testcase classname="org.elasticsearch.plugin.PluginManagerTests" name="testRemovePlugin" time="0.017"/>
   <testcase classname="org.elasticsearch.plugin.PluginManagerTests" name="testLocalPluginFolderAndFile" time="3.101"/>
   <testcase classname="org.elasticsearch.plugin.PluginManagerTests" name="testInstallPluginNull" time="0.006"/>
   <testcase classname="org.elasticsearch.plugin.PluginManagerTests" name="testLocalPluginInstallSingleFolder" time="3.099"/>
   <system-out><![CDATA[[2014-02-18 16:10:27,035][INFO ][test                     ] Test testRemovePluginWithURLForm(org.elasticsearch.plugin.PluginManagerTests) started
[2014-02-18 16:10:27,036][INFO ][test                     ] Setup TestCluster [TEST-Bills-MacBook-Pro.local-CHILD_VM=[0]-CLUSTER_SEED=[7808118498719379697]-HASH=[13541BAFE4D6DC58]] with seed [6C5C0267C85330F1] using [0] nodes
[2014-02-18 16:10:27,037][INFO ][plugin                   ] [PluginManagerTests#testRemovePluginWithURLForm]: before test
[2014-02-18 16:10:27,052][INFO ][plugin                   ] [PluginManagerTests#testRemovePluginWithURLForm]: cleaning up after test
[2014-02-18 16:10:27,052][INFO ][plugin                   ] [PluginManagerTests#testRemovePluginWithURLForm]: cleaned up after test
[2014-02-18 16:10:27,053][INFO ][test                     ] Test testRemovePluginWithURLForm(org.elasticsearch.plugin.PluginManagerTests) finished
[2014-02-18 16:10:27,053][INFO ][test                     ] Test testLocalPluginInstallSiteFolder(org.elasticsearch.plugin.PluginManagerTests) started
[2014-02-18 16:10:27,056][INFO ][test                     ] Setup TestCluster [TEST-Bills-MacBook-Pro.local-CHILD_VM=[0]-CLUSTER_SEED=[-6091512320065340353]-HASH=[13541BAFE603D338]] with seed [AB7699D1B196FC3F] using [0] nodes
[2014-02-18 16:10:27,056][INFO ][plugin                   ] [PluginManagerTests#testLocalPluginInstallSiteFolder]: before test
[2014-02-18 16:10:27,079][INFO ][node                     ] [node_0] version[1.0.0], pid[6815], build[a46900e/2014-02-18T23:32:25Z]
[2014-02-18 16:10:27,079][INFO ][node                     ] [node_0] initializing ...
[2014-02-18 16:10:27,081][INFO ][plugins                  ] [node_0] loaded [], sites [plugin-test]
[2014-02-18 16:10:27,128][INFO ][node                     ] [node_0] initialized
[2014-02-18 16:10:27,128][INFO ][node                     ] [node_0] starting ...
[2014-02-18 16:10:27,134][INFO ][transport                ] [node_0] bound_address {inet[/0:0:0:0:0:0:0:0:9303]}, publish_address {inet[/10.1.10.75:9303]}
[2014-02-18 16:10:30,136][INFO ][cluster.service          ] [node_0] new_master [node_0][7D9QJKCZRfuNOu171h8Rzw][Bills-MacBook-Pro.local][inet[/10.1.10.75:9303]], reason: zen-disco-join (elected_as_master)
[2014-02-18 16:10:30,151][INFO ][discovery                ] [node_0] TEST-Bills-MacBook-Pro.local-CHILD_VM=[0]-CLUSTER_SEED=[-6091512320065340353]-HASH=[13541BAFE603D338]/7D9QJKCZRfuNOu171h8Rzw
[2014-02-18 16:10:30,151][INFO ][gateway                  ] [node_0] recovered [0] indices into cluster_state
[2014-02-18 16:10:30,154][INFO ][http                     ] [node_0] bound_address {inet[/0:0:0:0:0:0:0:0:9203]}, publish_address {inet[/10.1.10.75:9203]}
[2014-02-18 16:10:30,155][INFO ][node                     ] [node_0] started
[2014-02-18 16:10:30,156][INFO ][plugin                   ] --> tested http address [bound_address {inet[/0:0:0:0:0:0:0:0:9203]}, publish_address {inet[/10.1.10.75:9203]}]
[2014-02-18 16:10:30,156][INFO ][plugin                   ] --> trying node [node_0], url [/]
[2014-02-18 16:10:30,160][INFO ][plugin                   ] --> trying node [node_0], url [/_plugin/plugin-test/]
[2014-02-18 16:10:30,171][INFO ][plugin                   ] [PluginManagerTests#testLocalPluginInstallSiteFolder]: cleaning up after test
[2014-02-18 16:10:30,171][INFO ][node                     ] [node_0] stopping ...
[2014-02-18 16:10:30,175][INFO ][node                     ] [node_0] stopped
[2014-02-18 16:10:30,175][INFO ][node                     ] [node_0] closing ...
[2014-02-18 16:10:30,176][INFO ][node                     ] [node_0] closed
[2014-02-18 16:10:30,176][INFO ][plugin                   ] [PluginManagerTests#testLocalPluginInstallSiteFolder]: cleaned up after test
[2014-02-18 16:10:30,176][INFO ][test                     ] Wipe data directory for all nodes locations: [data/d0/TEST-Bills-MacBook-Pro.local-CHILD_VM=[0]-CLUSTER_SEED=[-6091512320065340353]-HASH=[13541BAFE603D338]/nodes/0]
[2014-02-18 16:10:30,177][INFO ][test                     ] Test testLocalPluginInstallSiteFolder(org.elasticsearch.plugin.PluginManagerTests) finished
[2014-02-18 16:10:30,177][INFO ][test                     ] Test testLocalPluginWithoutFolders(org.elasticsearch.plugin.PluginManagerTests) started
[2014-02-18 16:10:30,179][INFO ][test                     ] Setup TestCluster [TEST-Bills-MacBook-Pro.local-CHILD_VM=[0]-CLUSTER_SEED=[8692952569158213139]-HASH=[13541BB0A02B4818]] with seed [78A3924DEDFE9E13] using [0] nodes
[2014-02-18 16:10:30,179][INFO ][plugin                   ] [PluginManagerTests#testLocalPluginWithoutFolders]: before test
[2014-02-18 16:10:30,188][INFO ][node                     ] [node_0] version[1.0.0], pid[6815], build[a46900e/2014-02-18T23:32:25Z]
[2014-02-18 16:10:30,188][INFO ][node                     ] [node_0] initializing ...
[2014-02-18 16:10:30,190][INFO ][plugins                  ] [node_0] loaded [], sites [plugin-test]
[2014-02-18 16:10:30,229][INFO ][node                     ] [node_0] initialized
[2014-02-18 16:10:30,230][INFO ][node                     ] [node_0] starting ...
[2014-02-18 16:10:30,235][INFO ][transport                ] [node_0] bound_address {inet[/0:0:0:0:0:0:0:0:9303]}, publish_address {inet[/10.1.10.75:9303]}
[2014-02-18 16:10:33,237][INFO ][cluster.service          ] [node_0] new_master [node_0][jhIeV4T_TrmeQcogzc0uCw][Bills-MacBook-Pro.local][inet[/10.1.10.75:9303]], reason: zen-disco-join (elected_as_master)
[2014-02-18 16:10:33,251][INFO ][discovery                ] [node_0] TEST-Bills-MacBook-Pro.local-CHILD_VM=[0]-CLUSTER_SEED=[8692952569158213139]-HASH=[13541BB0A02B4818]/jhIeV4T_TrmeQcogzc0uCw
[2014-02-18 16:10:33,251][INFO ][gateway                  ] [node_0] recovered [0] indices into cluster_state
[2014-02-18 16:10:33,254][INFO ][http                     ] [node_0] bound_address {inet[/0:0:0:0:0:0:0:0:9203]}, publish_address {inet[/10.1.10.75:9203]}
[2014-02-18 16:10:33,255][INFO ][node                     ] [node_0] started
[2014-02-18 16:10:33,255][INFO ][plugin                   ] --> tested http address [bound_address {inet[/0:0:0:0:0:0:0:0:9203]}, publish_address {inet[/10.1.10.75:9203]}]
[2014-02-18 16:10:33,255][INFO ][plugin                   ] --> trying node [node_0], url [/]
[2014-02-18 16:10:33,258][INFO ][plugin                   ] --> trying node [node_0], url [/_plugin/plugin-test/]
[2014-02-18 16:10:33,260][INFO ][plugin                   ] [PluginManagerTests#testLocalPluginWithoutFolders]: cleaning up after test
[2014-02-18 16:10:33,260][INFO ][node                     ] [node_0] stopping ...
[2014-02-18 16:10:33,264][INFO ][node                     ] [node_0] stopped
[2014-02-18 16:10:33,264][INFO ][node                     ] [node_0] closing ...
[2014-02-18 16:10:33,266][INFO ][node                     ] [node_0] closed
[2014-02-18 16:10:33,266][INFO ][plugin                   ] [PluginManagerTests#testLocalPluginWithoutFolders]: cleaned up after test
[2014-02-18 16:10:33,266][INFO ][test                     ] Wipe data directory for all nodes locations: [data/d1/TEST-Bills-MacBook-Pro.local-CHILD_VM=[0]-CLUSTER_SEED=[8692952569158213139]-HASH=[13541BB0A02B4818]/nodes/0, data/d2/TEST-Bills-MacBook-Pro.local-CHILD_VM=[0]-CLUSTER_SEED=[8692952569158213139]-HASH=[13541BB0A02B4818]/nodes/0, data/d3/TEST-Bills-MacBook-Pro.local-CHILD_VM=[0]-CLUSTER_SEED=[8692952569158213139]-HASH=[13541BB0A02B4818]/nodes/0, data/d0/TEST-Bills-MacBook-Pro.local-CHILD_VM=[0]-CLUSTER_SEED=[8692952569158213139]-HASH=[13541BB0A02B4818]/nodes/0]
[2014-02-18 16:10:33,267][INFO ][test                     ] Test testLocalPluginWithoutFolders(org.elasticsearch.plugin.PluginManagerTests) finished
[2014-02-18 16:10:33,267][INFO ][test                     ] Test testInstallPluginWithInternet(org.elasticsearch.plugin.PluginManagerTests) started
[2014-02-18 16:10:33,270][INFO ][test                     ] Test testInstallPluginWithInternet(org.elasticsearch.plugin.PluginManagerTests) finished
[2014-02-18 16:10:33,270][INFO ][test                     ] Test testSitePluginWithSourceThrows(org.elasticsearch.plugin.PluginManagerTests) started
[2014-02-18 16:10:33,272][INFO ][test                     ] Setup TestCluster [TEST-Bills-MacBook-Pro.local-CHILD_VM=[0]-CLUSTER_SEED=[-224626614852677961]-HASH=[13541BB158824A88]] with seed [FCE1F748AE9B8EB7] using [0] nodes
[2014-02-18 16:10:33,272][INFO ][plugin                   ] [PluginManagerTests#testSitePluginWithSourceThrows]: before test
[2014-02-18 16:10:33,286][INFO ][plugin                   ] [PluginManagerTests#testSitePluginWithSourceThrows]: cleaning up after test
[2014-02-18 16:10:33,286][INFO ][plugin                   ] [PluginManagerTests#testSitePluginWithSourceThrows]: cleaned up after test
[2014-02-18 16:10:33,287][INFO ][test                     ] Test testSitePluginWithSourceThrows(org.elasticsearch.plugin.PluginManagerTests) finished
[2014-02-18 16:10:33,287][INFO ][test                     ] Test testListInstalledEmpty(org.elasticsearch.plugin.PluginManagerTests) started
[2014-02-18 16:10:33,289][INFO ][test                     ] Setup TestCluster [TEST-Bills-MacBook-Pro.local-CHILD_VM=[0]-CLUSTER_SEED=[-7099263434892538122]-HASH=[13541BB159811130]] with seed [9D7A5984FC4F8EF6] using [0] nodes
[2014-02-18 16:10:33,289][INFO ][plugin                   ] [PluginManagerTests#testListInstalledEmpty]: before test
[2014-02-18 16:10:33,291][INFO ][plugin                   ] [PluginManagerTests#testListInstalledEmpty]: cleaning up after test
[2014-02-18 16:10:33,291][INFO ][plugin                   ] [PluginManagerTests#testListInstalledEmpty]: cleaned up after test
[2014-02-18 16:10:33,291][INFO ][test                     ] Test testListInstalledEmpty(org.elasticsearch.plugin.PluginManagerTests) finished
[2014-02-18 16:10:33,292][INFO ][test                     ] Test testInstallSitePlugin(org.elasticsearch.plugin.PluginManagerTests) started
[2014-02-18 16:10:33,294][INFO ][test                     ] Setup TestCluster [TEST-Bills-MacBook-Pro.local-CHILD_VM=[0]-CLUSTER_SEED=[-5148192538898442252]-HASH=[13541BB159CDB648]] with seed [B88DF22983A457F4] using [0] nodes
[2014-02-18 16:10:33,294][INFO ][plugin                   ] [PluginManagerTests#testInstallSitePlugin]: before test
[2014-02-18 16:10:33,299][INFO ][plugin                   ] [PluginManagerTests#testInstallSitePlugin]: cleaning up after test
[2014-02-18 16:10:33,299][INFO ][plugin                   ] [PluginManagerTests#testInstallSitePlugin]: cleaned up after test
[2014-02-18 16:10:33,299][INFO ][test                     ] Test testInstallSitePlugin(org.elasticsearch.plugin.PluginManagerTests) finished
[2014-02-18 16:10:33,300][INFO ][test                     ] Test testInstallPlugin(org.elasticsearch.plugin.PluginManagerTests) started
[2014-02-18 16:10:33,302][INFO ][test                     ] Setup TestCluster [TEST-Bills-MacBook-Pro.local-CHILD_VM=[0]-CLUSTER_SEED=[8040587649573619228]-HASH=[13541BB15A465148]] with seed [6F95E7DDCE3A861C] using [0] nodes
[2014-02-18 16:10:33,302][INFO ][plugin                   ] [PluginManagerTests#testInstallPlugin]: before test
[2014-02-18 16:10:33,307][INFO ][plugin                   ] [PluginManagerTests#testInstallPlugin]: cleaning up after test
[2014-02-18 16:10:33,307][INFO ][plugin                   ] [PluginManagerTests#testInstallPlugin]: cleaned up after test
[2014-02-18 16:10:33,307][INFO ][test                     ] Test testInstallPlugin(org.elasticsearch.plugin.PluginManagerTests) finished
[2014-02-18 16:10:33,308][INFO ][test                     ] Test testRemovePlugin(org.elasticsearch.plugin.PluginManagerTests) started
[2014-02-18 16:10:33,309][INFO ][test                     ] Setup TestCluster [TEST-Bills-MacBook-Pro.local-CHILD_VM=[0]-CLUSTER_SEED=[-8948513600225733613]-HASH=[13541BB15ABC6F90]] with seed [83D07E4AB6CB1413] using [0] nodes
[2014-02-18 16:10:33,309][INFO ][plugin                   ] [PluginManagerTests#testRemovePlugin]: before test
[2014-02-18 16:10:33,310][INFO ][plugin                   ] --> trying to download and install [plugintest]
[2014-02-18 16:10:33,314][INFO ][plugin                   ] --> trying to download and install [groupid/plugintest/1.0.0]
[2014-02-18 16:10:33,319][INFO ][plugin                   ] --> trying to download and install [groupid/plugintest]
[2014-02-18 16:10:33,323][INFO ][plugin                   ] [PluginManagerTests#testRemovePlugin]: cleaning up after test
[2014-02-18 16:10:33,324][INFO ][plugin                   ] [PluginManagerTests#testRemovePlugin]: cleaned up after test
[2014-02-18 16:10:33,324][INFO ][test                     ] Test testRemovePlugin(org.elasticsearch.plugin.PluginManagerTests) finished
[2014-02-18 16:10:33,325][INFO ][test                     ] Test testLocalPluginFolderAndFile(org.elasticsearch.plugin.PluginManagerTests) started
[2014-02-18 16:10:33,327][INFO ][test                     ] Setup TestCluster [TEST-Bills-MacBook-Pro.local-CHILD_VM=[0]-CLUSTER_SEED=[8018445641558507582]-HASH=[13541BB15BC57B20]] with seed [6F473DD3D3DFC03E] using [0] nodes
[2014-02-18 16:10:33,327][INFO ][plugin                   ] [PluginManagerTests#testLocalPluginFolderAndFile]: before test
[2014-02-18 16:10:33,335][INFO ][node                     ] [node_0] version[1.0.0], pid[6815], build[a46900e/2014-02-18T23:32:25Z]
[2014-02-18 16:10:33,335][INFO ][node                     ] [node_0] initializing ...
[2014-02-18 16:10:33,336][INFO ][plugins                  ] [node_0] loaded [], sites [plugin-test]
[2014-02-18 16:10:33,379][INFO ][node                     ] [node_0] initialized
[2014-02-18 16:10:33,379][INFO ][node                     ] [node_0] starting ...
[2014-02-18 16:10:33,387][INFO ][transport                ] [node_0] bound_address {inet[/0:0:0:0:0:0:0:0:9303]}, publish_address {inet[/10.1.10.75:9303]}
[2014-02-18 16:10:36,390][INFO ][cluster.service          ] [node_0] new_master [node_0][jLsgaeTwSciEGgQDcLoXjg][Bills-MacBook-Pro.local][inet[/10.1.10.75:9303]], reason: zen-disco-join (elected_as_master)
[2014-02-18 16:10:36,404][INFO ][discovery                ] [node_0] TEST-Bills-MacBook-Pro.local-CHILD_VM=[0]-CLUSTER_SEED=[8018445641558507582]-HASH=[13541BB15BC57B20]/jLsgaeTwSciEGgQDcLoXjg
[2014-02-18 16:10:36,405][INFO ][gateway                  ] [node_0] recovered [0] indices into cluster_state
[2014-02-18 16:10:36,409][INFO ][http                     ] [node_0] bound_address {inet[/0:0:0:0:0:0:0:0:9203]}, publish_address {inet[/10.1.10.75:9203]}
[2014-02-18 16:10:36,409][INFO ][node                     ] [node_0] started
[2014-02-18 16:10:36,410][INFO ][plugin                   ] --> tested http address [bound_address {inet[/0:0:0:0:0:0:0:0:9203]}, publish_address {inet[/10.1.10.75:9203]}]
[2014-02-18 16:10:36,410][INFO ][plugin                   ] --> trying node [node_0], url [/]
[2014-02-18 16:10:36,413][INFO ][plugin                   ] --> trying node [node_0], url [/_plugin/plugin-test/]
[2014-02-18 16:10:36,417][INFO ][plugin                   ] [PluginManagerTests#testLocalPluginFolderAndFile]: cleaning up after test
[2014-02-18 16:10:36,417][INFO ][node                     ] [node_0] stopping ...
[2014-02-18 16:10:36,423][INFO ][node                     ] [node_0] stopped
[2014-02-18 16:10:36,424][INFO ][node                     ] [node_0] closing ...
[2014-02-18 16:10:36,425][INFO ][node                     ] [node_0] closed
[2014-02-18 16:10:36,425][INFO ][plugin                   ] [PluginManagerTests#testLocalPluginFolderAndFile]: cleaned up after test
[2014-02-18 16:10:36,425][INFO ][test                     ] Wipe data directory for all nodes locations: [data/d1/TEST-Bills-MacBook-Pro.local-CHILD_VM=[0]-CLUSTER_SEED=[8018445641558507582]-HASH=[13541BB15BC57B20]/nodes/0, data/d0/TEST-Bills-MacBook-Pro.local-CHILD_VM=[0]-CLUSTER_SEED=[8018445641558507582]-HASH=[13541BB15BC57B20]/nodes/0]
[2014-02-18 16:10:36,426][INFO ][test                     ] Test testLocalPluginFolderAndFile(org.elasticsearch.plugin.PluginManagerTests) finished
[2014-02-18 16:10:36,427][INFO ][test                     ] Test testInstallPluginNull(org.elasticsearch.plugin.PluginManagerTests) started
[2014-02-18 16:10:36,429][INFO ][test                     ] Setup TestCluster [TEST-Bills-MacBook-Pro.local-CHILD_VM=[0]-CLUSTER_SEED=[-4798220965115867958]-HASH=[13541BB214AC9C18]] with seed [BD694B744C6FCCCA] using [0] nodes
[2014-02-18 16:10:36,429][INFO ][plugin                   ] [PluginManagerTests#testInstallPluginNull]: before test
[2014-02-18 16:10:36,432][INFO ][plugin                   ] [PluginManagerTests#testInstallPluginNull]: cleaning up after test
[2014-02-18 16:10:36,432][INFO ][plugin                   ] [PluginManagerTests#testInstallPluginNull]: cleaned up after test
[2014-02-18 16:10:36,433][INFO ][test                     ] Test testInstallPluginNull(org.elasticsearch.plugin.PluginManagerTests) finished
[2014-02-18 16:10:36,433][INFO ][test                     ] Test testLocalPluginInstallSingleFolder(org.elasticsearch.plugin.PluginManagerTests) started
[2014-02-18 16:10:36,435][INFO ][test                     ] Setup TestCluster [TEST-Bills-MacBook-Pro.local-CHILD_VM=[0]-CLUSTER_SEED=[-3350198596612817670]-HASH=[13541BB215097D70]] with seed [D181B42061E17CFA] using [0] nodes
[2014-02-18 16:10:36,435][INFO ][plugin                   ] [PluginManagerTests#testLocalPluginInstallSingleFolder]: before test
[2014-02-18 16:10:36,450][INFO ][node                     ] [node_0] version[1.0.0], pid[6815], build[a46900e/2014-02-18T23:32:25Z]
[2014-02-18 16:10:36,450][INFO ][node                     ] [node_0] initializing ...
[2014-02-18 16:10:36,452][INFO ][plugins                  ] [node_0] loaded [], sites [plugin-test]
[2014-02-18 16:10:36,494][INFO ][node                     ] [node_0] initialized
[2014-02-18 16:10:36,495][INFO ][node                     ] [node_0] starting ...
[2014-02-18 16:10:36,500][INFO ][transport                ] [node_0] bound_address {inet[/0:0:0:0:0:0:0:0:9303]}, publish_address {inet[/10.1.10.75:9303]}
[2014-02-18 16:10:39,503][INFO ][cluster.service          ] [node_0] new_master [node_0][1MI6XFTZRH--CC9S0xVyIQ][Bills-MacBook-Pro.local][inet[/10.1.10.75:9303]], reason: zen-disco-join (elected_as_master)
[2014-02-18 16:10:39,516][INFO ][discovery                ] [node_0] TEST-Bills-MacBook-Pro.local-CHILD_VM=[0]-CLUSTER_SEED=[-3350198596612817670]-HASH=[13541BB215097D70]/1MI6XFTZRH--CC9S0xVyIQ
[2014-02-18 16:10:39,516][INFO ][gateway                  ] [node_0] recovered [0] indices into cluster_state
[2014-02-18 16:10:39,519][INFO ][http                     ] [node_0] bound_address {inet[/0:0:0:0:0:0:0:0:9203]}, publish_address {inet[/10.1.10.75:9203]}
[2014-02-18 16:10:39,520][INFO ][node                     ] [node_0] started
[2014-02-18 16:10:39,520][INFO ][plugin                   ] --> tested http address [bound_address {inet[/0:0:0:0:0:0:0:0:9203]}, publish_address {inet[/10.1.10.75:9203]}]
[2014-02-18 16:10:39,520][INFO ][plugin                   ] --> trying node [node_0], url [/]
[2014-02-18 16:10:39,523][INFO ][plugin                   ] --> trying node [node_0], url [/_plugin/plugin-test/]
[2014-02-18 16:10:39,525][INFO ][plugin                   ] [PluginManagerTests#testLocalPluginInstallSingleFolder]: cleaning up after test
[2014-02-18 16:10:39,525][INFO ][node                     ] [node_0] stopping ...
[2014-02-18 16:10:39,529][INFO ][node                     ] [node_0] stopped
[2014-02-18 16:10:39,530][INFO ][node                     ] [node_0] closing ...
[2014-02-18 16:10:39,531][INFO ][node                     ] [node_0] closed
[2014-02-18 16:10:39,531][INFO ][plugin                   ] [PluginManagerTests#testLocalPluginInstallSingleFolder]: cleaned up after test
[2014-02-18 16:10:39,531][INFO ][test                     ] Wipe data directory for all nodes locations: [data/d0/TEST-Bills-MacBook-Pro.local-CHILD_VM=[0]-CLUSTER_SEED=[-3350198596612817670]-HASH=[13541BB215097D70]/nodes/0, data/d1/TEST-Bills-MacBook-Pro.local-CHILD_VM=[0]-CLUSTER_SEED=[-3350198596612817670]-HASH=[13541BB215097D70]/nodes/0]
[2014-02-18 16:10:39,532][INFO ][test                     ] Test testLocalPluginInstallSingleFolder(org.elasticsearch.plugin.PluginManagerTests) finished
]]></system-out>
   <system-err><![CDATA[]]></system-err>
</testsuite>