<testsuite errors="0" failures="0" tests="11" skipped="0" name="org.elasticsearch.update.UpdateTests" hostname="nohost.nodomain" time="39.764" timestamp="2014-02-18T15:46:39">
   <properties class="java.util.ArrayList">
      <property name="awt.toolkit" value="sun.lwawt.macosx.LWCToolkit"/>
      <property name="es.logger.level" value="INFO"/>
      <property name="es.logger.prefix" value=""/>
      <property name="es.node.local" value=""/>
      <property name="es.node.mode" value=""/>
      <property name="file.encoding" value="UTF-8"/>
      <property name="file.encoding.pkg" value="sun.io"/>
      <property name="file.separator" value="/"/>
      <property name="ftp.nonProxyHosts" value="local|*.local|169.254/16|*.169.254/16"/>
      <property name="gopherProxySet" value="false"/>
      <property name="http.nonProxyHosts" value="local|*.local|169.254/16|*.169.254/16"/>
      <property name="java.awt.graphicsenv" value="sun.awt.CGraphicsEnvironment"/>
      <property name="java.awt.headless" value="true"/>
      <property name="java.awt.printerjob" value="sun.lwawt.macosx.CPrinterJob"/>
      <property name="java.class.path" value="/Users/bhwang/elasticsearch/target/test-classes:/Users/bhwang/elasticsearch/target/classes:/Users/bhwang/.m2/repository/org/hamcrest/hamcrest-all/1.3/hamcrest-all-1.3.jar:/Users/bhwang/.m2/repository/com/carrotsearch/randomizedtesting/randomizedtesting-runner/2.0.15/randomizedtesting-runner-2.0.15.jar:/Users/bhwang/.m2/repository/junit/junit/4.10/junit-4.10.jar:/Users/bhwang/.m2/repository/org/apache/lucene/lucene-test-framework/4.6.1/lucene-test-framework-4.6.1.jar:/Users/bhwang/.m2/repository/org/apache/lucene/lucene-expressions/4.6.1/lucene-expressions-4.6.1.jar:/Users/bhwang/.m2/repository/org/antlr/antlr-runtime/3.5/antlr-runtime-3.5.jar:/Users/bhwang/.m2/repository/org/ow2/asm/asm/4.1/asm-4.1.jar:/Users/bhwang/.m2/repository/org/ow2/asm/asm-commons/4.1/asm-commons-4.1.jar:/Users/bhwang/.m2/repository/org/apache/httpcomponents/httpclient/4.3.1/httpclient-4.3.1.jar:/Users/bhwang/.m2/repository/org/apache/httpcomponents/httpcore/4.3/httpcore-4.3.jar:/Users/bhwang/.m2/repository/commons-logging/commons-logging/1.1.3/commons-logging-1.1.3.jar:/Users/bhwang/.m2/repository/commons-codec/commons-codec/1.6/commons-codec-1.6.jar:/Users/bhwang/.m2/repository/org/apache/lucene/lucene-core/4.6.1/lucene-core-4.6.1.jar:/Users/bhwang/.m2/repository/org/apache/lucene/lucene-analyzers-common/4.6.1/lucene-analyzers-common-4.6.1.jar:/Users/bhwang/.m2/repository/org/apache/lucene/lucene-codecs/4.6.1/lucene-codecs-4.6.1.jar:/Users/bhwang/.m2/repository/org/apache/lucene/lucene-queries/4.6.1/lucene-queries-4.6.1.jar:/Users/bhwang/.m2/repository/org/apache/lucene/lucene-memory/4.6.1/lucene-memory-4.6.1.jar:/Users/bhwang/.m2/repository/org/apache/lucene/lucene-highlighter/4.6.1/lucene-highlighter-4.6.1.jar:/Users/bhwang/.m2/repository/org/apache/lucene/lucene-queryparser/4.6.1/lucene-queryparser-4.6.1.jar:/Users/bhwang/.m2/repository/org/apache/lucene/lucene-sandbox/4.6.1/lucene-sandbox-4.6.1.jar:/Users/bhwang/.m2/repository/org/apache/lucene/lucene-suggest/4.6.1/lucene-suggest-4.6.1.jar:/Users/bhwang/.m2/repository/org/apache/lucene/lucene-misc/4.6.1/lucene-misc-4.6.1.jar:/Users/bhwang/.m2/repository/org/apache/lucene/lucene-join/4.6.1/lucene-join-4.6.1.jar:/Users/bhwang/.m2/repository/org/apache/lucene/lucene-grouping/4.6.1/lucene-grouping-4.6.1.jar:/Users/bhwang/.m2/repository/org/apache/lucene/lucene-spatial/4.6.1/lucene-spatial-4.6.1.jar:/Users/bhwang/.m2/repository/com/spatial4j/spatial4j/0.3/spatial4j-0.3.jar:/Users/bhwang/.m2/repository/com/vividsolutions/jts/1.12/jts-1.12.jar:/Users/bhwang/.m2/repository/com/google/guava/guava/16.0/guava-16.0.jar:/Users/bhwang/.m2/repository/com/carrotsearch/hppc/0.5.3/hppc-0.5.3.jar:/Users/bhwang/.m2/repository/joda-time/joda-time/2.3/joda-time-2.3.jar:/Users/bhwang/.m2/repository/org/joda/joda-convert/1.2/joda-convert-1.2.jar:/Users/bhwang/.m2/repository/org/mvel/mvel2/2.1.5.Final/mvel2-2.1.5.Final.jar:/Users/bhwang/.m2/repository/com/fasterxml/jackson/core/jackson-core/2.3.0/jackson-core-2.3.0.jar:/Users/bhwang/.m2/repository/com/fasterxml/jackson/dataformat/jackson-dataformat-smile/2.3.0/jackson-dataformat-smile-2.3.0.jar:/Users/bhwang/.m2/repository/com/fasterxml/jackson/dataformat/jackson-dataformat-yaml/2.3.0/jackson-dataformat-yaml-2.3.0.jar:/Users/bhwang/.m2/repository/io/netty/netty/3.9.0.Final/netty-3.9.0.Final.jar:/Users/bhwang/.m2/repository/com/ning/compress-lzf/0.9.6/compress-lzf-0.9.6.jar:/Users/bhwang/.m2/repository/log4j/log4j/1.2.17/log4j-1.2.17.jar:/Users/bhwang/.m2/repository/org/slf4j/slf4j-api/1.6.2/slf4j-api-1.6.2.jar:/Users/bhwang/.m2/repository/net/java/dev/jna/jna/3.3.0/jna-3.3.0.jar:/Users/bhwang/.m2/repository/org/fusesource/sigar/1.6.4/sigar-1.6.4.jar:/Users/bhwang/.m2/repository/com/carrotsearch/randomizedtesting/junit4-ant/2.0.15/junit4-ant-2.0.15.jar"/>
      <property name="java.class.version" value="51.0"/>
      <property name="java.endorsed.dirs" value="/Library/Java/JavaVirtualMachines/jdk1.7.0_45.jdk/Contents/Home/jre/lib/endorsed"/>
      <property name="java.ext.dirs" value="/Users/bhwang/Library/Java/Extensions:/Library/Java/JavaVirtualMachines/jdk1.7.0_45.jdk/Contents/Home/jre/lib/ext:/Library/Java/Extensions:/Network/Library/Java/Extensions:/System/Library/Java/Extensions:/usr/lib/java"/>
      <property name="java.home" value="/Library/Java/JavaVirtualMachines/jdk1.7.0_45.jdk/Contents/Home/jre"/>
      <property name="java.io.tmpdir" value="."/>
      <property name="java.library.path" value="/Users/bhwang/Library/Java/Extensions:/Library/Java/Extensions:/Network/Library/Java/Extensions:/System/Library/Java/Extensions:/usr/lib/java:."/>
      <property name="java.runtime.name" value="Java(TM) SE Runtime Environment"/>
      <property name="java.runtime.version" value="1.7.0_45-b18"/>
      <property name="java.security.policy" value="/Users/bhwang/elasticsearch/dev-tools/tests.policy"/>
      <property name="java.specification.name" value="Java Platform API Specification"/>
      <property name="java.specification.vendor" value="Oracle Corporation"/>
      <property name="java.specification.version" value="1.7"/>
      <property name="java.vendor" value="Oracle Corporation"/>
      <property name="java.vendor.url" value="http://java.oracle.com/"/>
      <property name="java.vendor.url.bug" value="http://bugreport.sun.com/bugreport/"/>
      <property name="java.version" value="1.7.0_45"/>
      <property name="java.vm.info" value="mixed mode"/>
      <property name="java.vm.name" value="Java HotSpot(TM) 64-Bit Server VM"/>
      <property name="java.vm.specification.name" value="Java Virtual Machine Specification"/>
      <property name="java.vm.specification.vendor" value="Oracle Corporation"/>
      <property name="java.vm.specification.version" value="1.7"/>
      <property name="java.vm.vendor" value="Oracle Corporation"/>
      <property name="java.vm.version" value="24.45-b08"/>
      <property name="junit4.childvm.cwd" value="/Users/bhwang/elasticsearch/target/J0"/>
      <property name="junit4.childvm.id" value="0"/>
      <property name="junit4.memory.total" value="128974848"/>
      <property name="junit4.pidString" value="6815@Bills-MacBook-Pro.local"/>
      <property name="junit4.processors" value="4"/>
      <property name="junit4.tempDir" value="/Users/bhwang/elasticsearch/target"/>
      <property name="line.separator" value="
"/>
      <property name="os.arch" value="x86_64"/>
      <property name="os.name" value="Mac OS X"/>
      <property name="os.version" value="10.9.1"/>
      <property name="path.separator" value=":"/>
      <property name="socksNonProxyHosts" value="local|*.local|169.254/16|*.169.254/16"/>
      <property name="sun.arch.data.model" value="64"/>
      <property name="sun.boot.class.path" value="/Library/Java/JavaVirtualMachines/jdk1.7.0_45.jdk/Contents/Home/jre/lib/resources.jar:/Library/Java/JavaVirtualMachines/jdk1.7.0_45.jdk/Contents/Home/jre/lib/rt.jar:/Library/Java/JavaVirtualMachines/jdk1.7.0_45.jdk/Contents/Home/jre/lib/sunrsasign.jar:/Library/Java/JavaVirtualMachines/jdk1.7.0_45.jdk/Contents/Home/jre/lib/jsse.jar:/Library/Java/JavaVirtualMachines/jdk1.7.0_45.jdk/Contents/Home/jre/lib/jce.jar:/Library/Java/JavaVirtualMachines/jdk1.7.0_45.jdk/Contents/Home/jre/lib/charsets.jar:/Library/Java/JavaVirtualMachines/jdk1.7.0_45.jdk/Contents/Home/jre/lib/jfr.jar:/Library/Java/JavaVirtualMachines/jdk1.7.0_45.jdk/Contents/Home/jre/lib/JObjC.jar:/Library/Java/JavaVirtualMachines/jdk1.7.0_45.jdk/Contents/Home/jre/classes"/>
      <property name="sun.boot.library.path" value="/Library/Java/JavaVirtualMachines/jdk1.7.0_45.jdk/Contents/Home/jre/lib"/>
      <property name="sun.cpu.endian" value="little"/>
      <property name="sun.cpu.isalist" value=""/>
      <property name="sun.io.unicode.encoding" value="UnicodeBig"/>
      <property name="sun.java.command" value="com.carrotsearch.ant.tasks.junit4.slave.SlaveMainSafe -flush -eventsfile /Users/bhwang/elasticsearch/target/junit4-J0-20140218_153326_767.events @/Users/bhwang/elasticsearch/target/junit4-J0-20140218_153326_767.suites -stdin"/>
      <property name="sun.java.launcher" value="SUN_STANDARD"/>
      <property name="sun.jnu.encoding" value="UTF-8"/>
      <property name="sun.management.compiler" value="HotSpot 64-Bit Tiered Compilers"/>
      <property name="sun.os.patch.level" value="unknown"/>
      <property name="tests.appendseed" value=""/>
      <property name="tests.assertion.disabled" value=""/>
      <property name="tests.awaitsfix" value=""/>
      <property name="tests.badapples" value=""/>
      <property name="tests.class" value=""/>
      <property name="tests.client.ratio" value=""/>
      <property name="tests.cluster_seed" value=""/>
      <property name="tests.enable_mock_modules" value=""/>
      <property name="tests.failfast" value=""/>
      <property name="tests.integration" value=""/>
      <property name="tests.iters" value=""/>
      <property name="tests.jvm.argline" value=""/>
      <property name="tests.maxfailures" value=""/>
      <property name="tests.method" value=""/>
      <property name="tests.network" value=""/>
      <property name="tests.nightly" value=""/>
      <property name="tests.prefix" value="tests"/>
      <property name="tests.rest" value=""/>
      <property name="tests.rest.spec" value=""/>
      <property name="tests.rest.suite" value=""/>
      <property name="tests.security.manager" value=""/>
      <property name="tests.seed" value="A89B4FF56754358E"/>
      <property name="tests.showSuccess" value=""/>
      <property name="tests.slow" value=""/>
      <property name="tests.timeoutSuite" value=""/>
      <property name="tests.weekly" value=""/>
      <property name="user.country" value="US"/>
      <property name="user.dir" value="/Users/bhwang/elasticsearch/target/J0"/>
      <property name="user.home" value="/Users/bhwang"/>
      <property name="user.language" value="en"/>
      <property name="user.name" value="bhwang"/>
      <property name="user.timezone" value=""/>
   </properties>
   <testcase classname="org.elasticsearch.update.UpdateTests" name="testVersionedUpdate" time="0.483"/>
   <testcase classname="org.elasticsearch.update.UpdateTests" name="testUpsert" time="0.394"/>
   <testcase classname="org.elasticsearch.update.UpdateTests" name="testUpdateRequest" time="0.035"/>
   <testcase classname="org.elasticsearch.update.UpdateTests" name="testUpsertFields" time="0.465"/>
   <testcase classname="org.elasticsearch.update.UpdateTests" name="testUpdateRequestWithScriptAndShouldUpsertDoc" time="0.397"/>
   <testcase classname="org.elasticsearch.update.UpdateTests" name="testIndexAutoCreation" time="0.261"/>
   <testcase classname="org.elasticsearch.update.UpdateTests" name="testConcurrentUpdateWithRetryOnConflict" time="35.932"/>
   <testcase classname="org.elasticsearch.update.UpdateTests" name="testUpsertDoc" time="0.394"/>
   <testcase classname="org.elasticsearch.update.UpdateTests" name="testUpdate" time="0.604"/>
   <testcase classname="org.elasticsearch.update.UpdateTests" name="testUpdateRequestWithBothScriptAndDoc" time="0.36"/>
   <testcase classname="org.elasticsearch.update.UpdateTests" name="testNotUpsertDoc" time="0.422"/>
   <system-out><![CDATA[[2014-02-18 15:46:39,555][INFO ][test                     ] Test testVersionedUpdate(org.elasticsearch.update.UpdateTests) started
[2014-02-18 15:46:39,560][INFO ][plugins                  ] [transport_client_node_1] loaded [], sites []
[2014-02-18 15:46:39,610][INFO ][update                   ] [UpdateTests#testVersionedUpdate]: before test
[2014-02-18 15:46:39,619][INFO ][cluster.metadata         ] [node_0] [test] creating index, cause [api], shards [5]/[1], mappings []
[2014-02-18 15:46:39,929][INFO ][cluster.metadata         ] [node_0] [test] update_mapping [type] (dynamic)
[2014-02-18 15:46:39,968][INFO ][update                   ] [UpdateTests#testVersionedUpdate]: cleaning up after test
[2014-02-18 15:46:39,969][INFO ][cluster.metadata         ] [node_0] [test] deleting index
[2014-02-18 15:46:40,031][INFO ][update                   ] [UpdateTests#testVersionedUpdate]: cleaned up after test
[2014-02-18 15:46:40,037][INFO ][test                     ] Test testVersionedUpdate(org.elasticsearch.update.UpdateTests) finished
[2014-02-18 15:46:40,038][INFO ][test                     ] Test testUpsert(org.elasticsearch.update.UpdateTests) started
[2014-02-18 15:46:40,045][INFO ][update                   ] [UpdateTests#testUpsert]: before test
[2014-02-18 15:46:40,045][INFO ][update                   ] --> creating index test
[2014-02-18 15:46:40,063][INFO ][cluster.metadata         ] [node_0] [test] creating index, cause [api], shards [5]/[1], mappings [type1]
[2014-02-18 15:46:40,388][INFO ][cluster.metadata         ] [node_0] [test] update_mapping [type1] (dynamic)
[2014-02-18 15:46:40,400][INFO ][update                   ] [UpdateTests#testUpsert]: cleaning up after test
[2014-02-18 15:46:40,401][INFO ][cluster.metadata         ] [node_0] [test] deleting index
[2014-02-18 15:46:40,431][INFO ][update                   ] [UpdateTests#testUpsert]: cleaned up after test
[2014-02-18 15:46:40,431][INFO ][test                     ] Test testUpsert(org.elasticsearch.update.UpdateTests) finished
[2014-02-18 15:46:40,432][INFO ][test                     ] Test testUpdateRequest(org.elasticsearch.update.UpdateTests) started
[2014-02-18 15:46:40,435][INFO ][plugins                  ] [transport_client_node_1] loaded [], sites []
[2014-02-18 15:46:40,459][INFO ][update                   ] [UpdateTests#testUpdateRequest]: before test
[2014-02-18 15:46:40,460][INFO ][update                   ] [UpdateTests#testUpdateRequest]: cleaning up after test
[2014-02-18 15:46:40,463][INFO ][update                   ] [UpdateTests#testUpdateRequest]: cleaned up after test
[2014-02-18 15:46:40,466][INFO ][test                     ] Test testUpdateRequest(org.elasticsearch.update.UpdateTests) finished
[2014-02-18 15:46:40,467][INFO ][test                     ] Test testUpsertFields(org.elasticsearch.update.UpdateTests) started
[2014-02-18 15:46:40,469][INFO ][plugins                  ] [transport_client_node_1] loaded [], sites []
[2014-02-18 15:46:40,495][INFO ][plugins                  ] [transport_client_node_0] loaded [], sites []
[2014-02-18 15:46:40,524][INFO ][update                   ] [UpdateTests#testUpsertFields]: before test
[2014-02-18 15:46:40,524][INFO ][update                   ] --> creating index test
[2014-02-18 15:46:40,535][INFO ][cluster.metadata         ] [node_0] [test] creating index, cause [api], shards [5]/[1], mappings [type1]
[2014-02-18 15:46:40,856][INFO ][plugins                  ] [transport_client_node_2] loaded [], sites []
[2014-02-18 15:46:40,882][INFO ][cluster.metadata         ] [node_0] [test] update_mapping [type1] (dynamic)
[2014-02-18 15:46:40,889][INFO ][cluster.metadata         ] [node_0] [test] update_mapping [type1] (dynamic)
[2014-02-18 15:46:40,890][INFO ][update                   ] [UpdateTests#testUpsertFields]: cleaning up after test
[2014-02-18 15:46:40,891][INFO ][cluster.metadata         ] [node_0] [test] deleting index
[2014-02-18 15:46:40,922][INFO ][update                   ] [UpdateTests#testUpsertFields]: cleaned up after test
[2014-02-18 15:46:40,932][INFO ][test                     ] Test testUpsertFields(org.elasticsearch.update.UpdateTests) finished
[2014-02-18 15:46:40,932][INFO ][test                     ] Test testUpdateRequestWithScriptAndShouldUpsertDoc(org.elasticsearch.update.UpdateTests) started
[2014-02-18 15:46:40,935][INFO ][plugins                  ] [transport_client_node_0] loaded [], sites []
[2014-02-18 15:46:40,958][INFO ][plugins                  ] [transport_client_node_2] loaded [], sites []
[2014-02-18 15:46:40,981][INFO ][update                   ] [UpdateTests#testUpdateRequestWithScriptAndShouldUpsertDoc]: before test
[2014-02-18 15:46:40,981][INFO ][update                   ] --> creating index test
[2014-02-18 15:46:40,990][INFO ][cluster.metadata         ] [node_0] [test] creating index, cause [api], shards [5]/[1], mappings [type1]
[2014-02-18 15:46:41,282][INFO ][update                   ] [UpdateTests#testUpdateRequestWithScriptAndShouldUpsertDoc]: cleaning up after test
[2014-02-18 15:46:41,283][INFO ][cluster.metadata         ] [node_0] [test] deleting index
[2014-02-18 15:46:41,318][INFO ][update                   ] [UpdateTests#testUpdateRequestWithScriptAndShouldUpsertDoc]: cleaned up after test
[2014-02-18 15:46:41,329][INFO ][test                     ] Test testUpdateRequestWithScriptAndShouldUpsertDoc(org.elasticsearch.update.UpdateTests) finished
[2014-02-18 15:46:41,330][INFO ][test                     ] Test testIndexAutoCreation(org.elasticsearch.update.UpdateTests) started
[2014-02-18 15:46:41,335][INFO ][plugins                  ] [transport_client_node_1] loaded [], sites []
[2014-02-18 15:46:41,375][INFO ][plugins                  ] [transport_client_node_2] loaded [], sites []
[2014-02-18 15:46:41,401][INFO ][update                   ] [UpdateTests#testIndexAutoCreation]: before test
[2014-02-18 15:46:41,411][INFO ][cluster.metadata         ] [node_0] [test] creating index, cause [auto(update api)], shards [5]/[1], mappings []
[2014-02-18 15:46:41,485][INFO ][cluster.metadata         ] [node_0] [test] update_mapping [type1] (dynamic)
[2014-02-18 15:46:41,493][INFO ][update                   ] [UpdateTests#testIndexAutoCreation]: cleaning up after test
[2014-02-18 15:46:41,501][INFO ][cluster.metadata         ] [node_0] [test] deleting index
[2014-02-18 15:46:41,582][INFO ][update                   ] [UpdateTests#testIndexAutoCreation]: cleaned up after test
[2014-02-18 15:46:41,591][INFO ][test                     ] Test testIndexAutoCreation(org.elasticsearch.update.UpdateTests) finished
[2014-02-18 15:46:41,591][INFO ][test                     ] Test testConcurrentUpdateWithRetryOnConflict(org.elasticsearch.update.UpdateTests) started
[2014-02-18 15:46:41,596][INFO ][plugins                  ] [transport_client_node_2] loaded [], sites []
[2014-02-18 15:46:41,624][INFO ][update                   ] [UpdateTests#testConcurrentUpdateWithRetryOnConflict]: before test
[2014-02-18 15:46:41,624][INFO ][update                   ] --> creating index test
[2014-02-18 15:46:41,634][INFO ][cluster.metadata         ] [node_0] [test] creating index, cause [api], shards [5]/[1], mappings [type1]
[2014-02-18 15:46:41,966][INFO ][cluster.metadata         ] [node_0] [test] update_mapping [type1] (dynamic)
[2014-02-18 15:47:17,385][INFO ][update                   ] [UpdateTests#testConcurrentUpdateWithRetryOnConflict]: cleaning up after test
[2014-02-18 15:47:17,393][INFO ][cluster.metadata         ] [node_0] [test] deleting index
[2014-02-18 15:47:17,516][INFO ][update                   ] [UpdateTests#testConcurrentUpdateWithRetryOnConflict]: cleaned up after test
[2014-02-18 15:47:17,522][INFO ][test                     ] Test testConcurrentUpdateWithRetryOnConflict(org.elasticsearch.update.UpdateTests) finished
[2014-02-18 15:47:17,523][INFO ][test                     ] Test testUpsertDoc(org.elasticsearch.update.UpdateTests) started
[2014-02-18 15:47:17,530][INFO ][plugins                  ] [transport_client_node_1] loaded [], sites []
[2014-02-18 15:47:17,559][INFO ][update                   ] [UpdateTests#testUpsertDoc]: before test
[2014-02-18 15:47:17,559][INFO ][update                   ] --> creating index test
[2014-02-18 15:47:17,568][INFO ][cluster.metadata         ] [node_0] [test] creating index, cause [api], shards [5]/[1], mappings [type1]
[2014-02-18 15:47:17,621][INFO ][plugins                  ] [transport_client_node_0] loaded [], sites []
[2014-02-18 15:47:17,874][INFO ][cluster.metadata         ] [node_0] [test] update_mapping [type1] (dynamic)
[2014-02-18 15:47:17,877][INFO ][update                   ] [UpdateTests#testUpsertDoc]: cleaning up after test
[2014-02-18 15:47:17,877][INFO ][cluster.metadata         ] [node_0] [test] deleting index
[2014-02-18 15:47:17,910][INFO ][update                   ] [UpdateTests#testUpsertDoc]: cleaned up after test
[2014-02-18 15:47:17,917][INFO ][test                     ] Test testUpsertDoc(org.elasticsearch.update.UpdateTests) finished
[2014-02-18 15:47:17,918][INFO ][test                     ] Test testUpdate(org.elasticsearch.update.UpdateTests) started
[2014-02-18 15:47:17,921][INFO ][plugins                  ] [transport_client_node_0] loaded [], sites []
[2014-02-18 15:47:17,944][INFO ][plugins                  ] [transport_client_node_2] loaded [], sites []
[2014-02-18 15:47:17,982][INFO ][plugins                  ] [transport_client_node_1] loaded [], sites []
[2014-02-18 15:47:18,043][INFO ][update                   ] [UpdateTests#testUpdate]: before test
[2014-02-18 15:47:18,043][INFO ][update                   ] --> creating index test
[2014-02-18 15:47:18,056][INFO ][cluster.metadata         ] [node_0] [test] creating index, cause [api], shards [5]/[1], mappings [type1]
[2014-02-18 15:47:18,349][INFO ][cluster.metadata         ] [node_0] [test] update_mapping [type1] (dynamic)
[2014-02-18 15:47:18,454][INFO ][cluster.metadata         ] [node_0] [test] update_mapping [type1] (dynamic)
[2014-02-18 15:47:18,461][INFO ][cluster.metadata         ] [node_0] [test] update_mapping [type1] (dynamic)
[2014-02-18 15:47:18,465][INFO ][cluster.metadata         ] [node_0] [test] update_mapping [type1] (dynamic)
[2014-02-18 15:47:18,466][INFO ][update                   ] [UpdateTests#testUpdate]: cleaning up after test
[2014-02-18 15:47:18,468][INFO ][cluster.metadata         ] [node_0] [test] deleting index
[2014-02-18 15:47:18,511][INFO ][update                   ] [UpdateTests#testUpdate]: cleaned up after test
[2014-02-18 15:47:18,522][INFO ][test                     ] Test testUpdate(org.elasticsearch.update.UpdateTests) finished
[2014-02-18 15:47:18,523][INFO ][test                     ] Test testUpdateRequestWithBothScriptAndDoc(org.elasticsearch.update.UpdateTests) started
[2014-02-18 15:47:18,526][INFO ][update                   ] [UpdateTests#testUpdateRequestWithBothScriptAndDoc]: before test
[2014-02-18 15:47:18,526][INFO ][update                   ] --> creating index test
[2014-02-18 15:47:18,538][INFO ][cluster.metadata         ] [node_0] [test] creating index, cause [api], shards [5]/[1], mappings [type1]
[2014-02-18 15:47:18,827][INFO ][update                   ] [UpdateTests#testUpdateRequestWithBothScriptAndDoc]: cleaning up after test
[2014-02-18 15:47:18,829][INFO ][plugins                  ] [transport_client_node_2] loaded [], sites []
[2014-02-18 15:47:18,851][INFO ][cluster.metadata         ] [node_0] [test] deleting index
[2014-02-18 15:47:18,879][INFO ][update                   ] [UpdateTests#testUpdateRequestWithBothScriptAndDoc]: cleaned up after test
[2014-02-18 15:47:18,882][INFO ][test                     ] Test testUpdateRequestWithBothScriptAndDoc(org.elasticsearch.update.UpdateTests) finished
[2014-02-18 15:47:18,883][INFO ][test                     ] Test testNotUpsertDoc(org.elasticsearch.update.UpdateTests) started
[2014-02-18 15:47:18,887][INFO ][plugins                  ] [transport_client_node_0] loaded [], sites []
[2014-02-18 15:47:18,911][INFO ][update                   ] [UpdateTests#testNotUpsertDoc]: before test
[2014-02-18 15:47:18,911][INFO ][update                   ] --> creating index test
[2014-02-18 15:47:18,913][INFO ][plugins                  ] [transport_client_node_1] loaded [], sites []
[2014-02-18 15:47:18,943][INFO ][cluster.metadata         ] [node_0] [test] creating index, cause [api], shards [5]/[1], mappings [type1]
[2014-02-18 15:47:19,259][INFO ][update                   ] [UpdateTests#testNotUpsertDoc]: cleaning up after test
[2014-02-18 15:47:19,261][INFO ][cluster.metadata         ] [node_0] [test] deleting index
[2014-02-18 15:47:19,297][INFO ][update                   ] [UpdateTests#testNotUpsertDoc]: cleaned up after test
[2014-02-18 15:47:19,305][INFO ][test                     ] Test testNotUpsertDoc(org.elasticsearch.update.UpdateTests) finished
]]></system-out>
   <system-err><![CDATA[]]></system-err>
</testsuite>