<testsuite errors="0" failures="0" tests="10" skipped="0" name="org.elasticsearch.indices.mapping.UpdateMappingTests" hostname="nohost.nodomain" time="4.233" timestamp="2014-02-18T16:01:54">
   <properties class="java.util.ArrayList">
      <property name="awt.toolkit" value="sun.lwawt.macosx.LWCToolkit"/>
      <property name="es.logger.level" value="INFO"/>
      <property name="es.logger.prefix" value=""/>
      <property name="es.node.local" value=""/>
      <property name="es.node.mode" value=""/>
      <property name="file.encoding" value="UTF-8"/>
      <property name="file.encoding.pkg" value="sun.io"/>
      <property name="file.separator" value="/"/>
      <property name="ftp.nonProxyHosts" value="local|*.local|169.254/16|*.169.254/16"/>
      <property name="gopherProxySet" value="false"/>
      <property name="http.nonProxyHosts" value="local|*.local|169.254/16|*.169.254/16"/>
      <property name="java.awt.graphicsenv" value="sun.awt.CGraphicsEnvironment"/>
      <property name="java.awt.headless" value="true"/>
      <property name="java.awt.printerjob" value="sun.lwawt.macosx.CPrinterJob"/>
      <property name="java.class.path" value="/Users/bhwang/elasticsearch/target/test-classes:/Users/bhwang/elasticsearch/target/classes:/Users/bhwang/.m2/repository/org/hamcrest/hamcrest-all/1.3/hamcrest-all-1.3.jar:/Users/bhwang/.m2/repository/com/carrotsearch/randomizedtesting/randomizedtesting-runner/2.0.15/randomizedtesting-runner-2.0.15.jar:/Users/bhwang/.m2/repository/junit/junit/4.10/junit-4.10.jar:/Users/bhwang/.m2/repository/org/apache/lucene/lucene-test-framework/4.6.1/lucene-test-framework-4.6.1.jar:/Users/bhwang/.m2/repository/org/apache/lucene/lucene-expressions/4.6.1/lucene-expressions-4.6.1.jar:/Users/bhwang/.m2/repository/org/antlr/antlr-runtime/3.5/antlr-runtime-3.5.jar:/Users/bhwang/.m2/repository/org/ow2/asm/asm/4.1/asm-4.1.jar:/Users/bhwang/.m2/repository/org/ow2/asm/asm-commons/4.1/asm-commons-4.1.jar:/Users/bhwang/.m2/repository/org/apache/httpcomponents/httpclient/4.3.1/httpclient-4.3.1.jar:/Users/bhwang/.m2/repository/org/apache/httpcomponents/httpcore/4.3/httpcore-4.3.jar:/Users/bhwang/.m2/repository/commons-logging/commons-logging/1.1.3/commons-logging-1.1.3.jar:/Users/bhwang/.m2/repository/commons-codec/commons-codec/1.6/commons-codec-1.6.jar:/Users/bhwang/.m2/repository/org/apache/lucene/lucene-core/4.6.1/lucene-core-4.6.1.jar:/Users/bhwang/.m2/repository/org/apache/lucene/lucene-analyzers-common/4.6.1/lucene-analyzers-common-4.6.1.jar:/Users/bhwang/.m2/repository/org/apache/lucene/lucene-codecs/4.6.1/lucene-codecs-4.6.1.jar:/Users/bhwang/.m2/repository/org/apache/lucene/lucene-queries/4.6.1/lucene-queries-4.6.1.jar:/Users/bhwang/.m2/repository/org/apache/lucene/lucene-memory/4.6.1/lucene-memory-4.6.1.jar:/Users/bhwang/.m2/repository/org/apache/lucene/lucene-highlighter/4.6.1/lucene-highlighter-4.6.1.jar:/Users/bhwang/.m2/repository/org/apache/lucene/lucene-queryparser/4.6.1/lucene-queryparser-4.6.1.jar:/Users/bhwang/.m2/repository/org/apache/lucene/lucene-sandbox/4.6.1/lucene-sandbox-4.6.1.jar:/Users/bhwang/.m2/repository/org/apache/lucene/lucene-suggest/4.6.1/lucene-suggest-4.6.1.jar:/Users/bhwang/.m2/repository/org/apache/lucene/lucene-misc/4.6.1/lucene-misc-4.6.1.jar:/Users/bhwang/.m2/repository/org/apache/lucene/lucene-join/4.6.1/lucene-join-4.6.1.jar:/Users/bhwang/.m2/repository/org/apache/lucene/lucene-grouping/4.6.1/lucene-grouping-4.6.1.jar:/Users/bhwang/.m2/repository/org/apache/lucene/lucene-spatial/4.6.1/lucene-spatial-4.6.1.jar:/Users/bhwang/.m2/repository/com/spatial4j/spatial4j/0.3/spatial4j-0.3.jar:/Users/bhwang/.m2/repository/com/vividsolutions/jts/1.12/jts-1.12.jar:/Users/bhwang/.m2/repository/com/google/guava/guava/16.0/guava-16.0.jar:/Users/bhwang/.m2/repository/com/carrotsearch/hppc/0.5.3/hppc-0.5.3.jar:/Users/bhwang/.m2/repository/joda-time/joda-time/2.3/joda-time-2.3.jar:/Users/bhwang/.m2/repository/org/joda/joda-convert/1.2/joda-convert-1.2.jar:/Users/bhwang/.m2/repository/org/mvel/mvel2/2.1.5.Final/mvel2-2.1.5.Final.jar:/Users/bhwang/.m2/repository/com/fasterxml/jackson/core/jackson-core/2.3.0/jackson-core-2.3.0.jar:/Users/bhwang/.m2/repository/com/fasterxml/jackson/dataformat/jackson-dataformat-smile/2.3.0/jackson-dataformat-smile-2.3.0.jar:/Users/bhwang/.m2/repository/com/fasterxml/jackson/dataformat/jackson-dataformat-yaml/2.3.0/jackson-dataformat-yaml-2.3.0.jar:/Users/bhwang/.m2/repository/io/netty/netty/3.9.0.Final/netty-3.9.0.Final.jar:/Users/bhwang/.m2/repository/com/ning/compress-lzf/0.9.6/compress-lzf-0.9.6.jar:/Users/bhwang/.m2/repository/log4j/log4j/1.2.17/log4j-1.2.17.jar:/Users/bhwang/.m2/repository/org/slf4j/slf4j-api/1.6.2/slf4j-api-1.6.2.jar:/Users/bhwang/.m2/repository/net/java/dev/jna/jna/3.3.0/jna-3.3.0.jar:/Users/bhwang/.m2/repository/org/fusesource/sigar/1.6.4/sigar-1.6.4.jar:/Users/bhwang/.m2/repository/com/carrotsearch/randomizedtesting/junit4-ant/2.0.15/junit4-ant-2.0.15.jar"/>
      <property name="java.class.version" value="51.0"/>
      <property name="java.endorsed.dirs" value="/Library/Java/JavaVirtualMachines/jdk1.7.0_45.jdk/Contents/Home/jre/lib/endorsed"/>
      <property name="java.ext.dirs" value="/Users/bhwang/Library/Java/Extensions:/Library/Java/JavaVirtualMachines/jdk1.7.0_45.jdk/Contents/Home/jre/lib/ext:/Library/Java/Extensions:/Network/Library/Java/Extensions:/System/Library/Java/Extensions:/usr/lib/java"/>
      <property name="java.home" value="/Library/Java/JavaVirtualMachines/jdk1.7.0_45.jdk/Contents/Home/jre"/>
      <property name="java.io.tmpdir" value="."/>
      <property name="java.library.path" value="/Users/bhwang/Library/Java/Extensions:/Library/Java/Extensions:/Network/Library/Java/Extensions:/System/Library/Java/Extensions:/usr/lib/java:."/>
      <property name="java.runtime.name" value="Java(TM) SE Runtime Environment"/>
      <property name="java.runtime.version" value="1.7.0_45-b18"/>
      <property name="java.security.policy" value="/Users/bhwang/elasticsearch/dev-tools/tests.policy"/>
      <property name="java.specification.name" value="Java Platform API Specification"/>
      <property name="java.specification.vendor" value="Oracle Corporation"/>
      <property name="java.specification.version" value="1.7"/>
      <property name="java.vendor" value="Oracle Corporation"/>
      <property name="java.vendor.url" value="http://java.oracle.com/"/>
      <property name="java.vendor.url.bug" value="http://bugreport.sun.com/bugreport/"/>
      <property name="java.version" value="1.7.0_45"/>
      <property name="java.vm.info" value="mixed mode"/>
      <property name="java.vm.name" value="Java HotSpot(TM) 64-Bit Server VM"/>
      <property name="java.vm.specification.name" value="Java Virtual Machine Specification"/>
      <property name="java.vm.specification.vendor" value="Oracle Corporation"/>
      <property name="java.vm.specification.version" value="1.7"/>
      <property name="java.vm.vendor" value="Oracle Corporation"/>
      <property name="java.vm.version" value="24.45-b08"/>
      <property name="junit4.childvm.cwd" value="/Users/bhwang/elasticsearch/target/J0"/>
      <property name="junit4.childvm.id" value="0"/>
      <property name="junit4.memory.total" value="128974848"/>
      <property name="junit4.pidString" value="6815@Bills-MacBook-Pro.local"/>
      <property name="junit4.processors" value="4"/>
      <property name="junit4.tempDir" value="/Users/bhwang/elasticsearch/target"/>
      <property name="line.separator" value="
"/>
      <property name="os.arch" value="x86_64"/>
      <property name="os.name" value="Mac OS X"/>
      <property name="os.version" value="10.9.1"/>
      <property name="path.separator" value=":"/>
      <property name="socksNonProxyHosts" value="local|*.local|169.254/16|*.169.254/16"/>
      <property name="sun.arch.data.model" value="64"/>
      <property name="sun.boot.class.path" value="/Library/Java/JavaVirtualMachines/jdk1.7.0_45.jdk/Contents/Home/jre/lib/resources.jar:/Library/Java/JavaVirtualMachines/jdk1.7.0_45.jdk/Contents/Home/jre/lib/rt.jar:/Library/Java/JavaVirtualMachines/jdk1.7.0_45.jdk/Contents/Home/jre/lib/sunrsasign.jar:/Library/Java/JavaVirtualMachines/jdk1.7.0_45.jdk/Contents/Home/jre/lib/jsse.jar:/Library/Java/JavaVirtualMachines/jdk1.7.0_45.jdk/Contents/Home/jre/lib/jce.jar:/Library/Java/JavaVirtualMachines/jdk1.7.0_45.jdk/Contents/Home/jre/lib/charsets.jar:/Library/Java/JavaVirtualMachines/jdk1.7.0_45.jdk/Contents/Home/jre/lib/jfr.jar:/Library/Java/JavaVirtualMachines/jdk1.7.0_45.jdk/Contents/Home/jre/lib/JObjC.jar:/Library/Java/JavaVirtualMachines/jdk1.7.0_45.jdk/Contents/Home/jre/classes"/>
      <property name="sun.boot.library.path" value="/Library/Java/JavaVirtualMachines/jdk1.7.0_45.jdk/Contents/Home/jre/lib"/>
      <property name="sun.cpu.endian" value="little"/>
      <property name="sun.cpu.isalist" value=""/>
      <property name="sun.io.unicode.encoding" value="UnicodeBig"/>
      <property name="sun.java.command" value="com.carrotsearch.ant.tasks.junit4.slave.SlaveMainSafe -flush -eventsfile /Users/bhwang/elasticsearch/target/junit4-J0-20140218_153326_767.events @/Users/bhwang/elasticsearch/target/junit4-J0-20140218_153326_767.suites -stdin"/>
      <property name="sun.java.launcher" value="SUN_STANDARD"/>
      <property name="sun.jnu.encoding" value="UTF-8"/>
      <property name="sun.management.compiler" value="HotSpot 64-Bit Tiered Compilers"/>
      <property name="sun.os.patch.level" value="unknown"/>
      <property name="tests.appendseed" value=""/>
      <property name="tests.assertion.disabled" value=""/>
      <property name="tests.awaitsfix" value=""/>
      <property name="tests.badapples" value=""/>
      <property name="tests.class" value=""/>
      <property name="tests.client.ratio" value=""/>
      <property name="tests.cluster_seed" value=""/>
      <property name="tests.enable_mock_modules" value=""/>
      <property name="tests.failfast" value=""/>
      <property name="tests.integration" value=""/>
      <property name="tests.iters" value=""/>
      <property name="tests.jvm.argline" value=""/>
      <property name="tests.maxfailures" value=""/>
      <property name="tests.method" value=""/>
      <property name="tests.network" value=""/>
      <property name="tests.nightly" value=""/>
      <property name="tests.prefix" value="tests"/>
      <property name="tests.rest" value=""/>
      <property name="tests.rest.spec" value=""/>
      <property name="tests.rest.suite" value=""/>
      <property name="tests.security.manager" value=""/>
      <property name="tests.seed" value="A89B4FF56754358E"/>
      <property name="tests.showSuccess" value=""/>
      <property name="tests.slow" value=""/>
      <property name="tests.timeoutSuite" value=""/>
      <property name="tests.weekly" value=""/>
      <property name="user.country" value="US"/>
      <property name="user.dir" value="/Users/bhwang/elasticsearch/target/J0"/>
      <property name="user.home" value="/Users/bhwang"/>
      <property name="user.language" value="en"/>
      <property name="user.name" value="bhwang"/>
      <property name="user.timezone" value=""/>
   </properties>
   <testcase classname="org.elasticsearch.indices.mapping.UpdateMappingTests" name="updateMappingWithConflicts" time="0.155"/>
   <testcase classname="org.elasticsearch.indices.mapping.UpdateMappingTests" name="updateMappingWithoutTypeMultiObjects" time="0.065"/>
   <testcase classname="org.elasticsearch.indices.mapping.UpdateMappingTests" name="updateMappingWithNormsConflicts" time="0.323"/>
   <testcase classname="org.elasticsearch.indices.mapping.UpdateMappingTests" name="updateMappingNoChanges" time="0.1"/>
   <testcase classname="org.elasticsearch.indices.mapping.UpdateMappingTests" name="updateMappingConcurrently" time="1.74"/>
   <testcase classname="org.elasticsearch.indices.mapping.UpdateMappingTests" name="dynamicUpdates" time="0.803"/>
   <testcase classname="org.elasticsearch.indices.mapping.UpdateMappingTests" name="updateMappingWithoutType" time="0.059"/>
   <testcase classname="org.elasticsearch.indices.mapping.UpdateMappingTests" name="updateIncludeExclude" time="0.526"/>
   <testcase classname="org.elasticsearch.indices.mapping.UpdateMappingTests" name="updateDefaultMappingSettings" time="0.273"/>
   <testcase classname="org.elasticsearch.indices.mapping.UpdateMappingTests" name="updateMappingWithIgnoredConflicts" time="0.17"/>
   <system-out><![CDATA[[2014-02-18 16:01:54,676][INFO ][test                     ] Test updateMappingWithConflicts(org.elasticsearch.indices.mapping.UpdateMappingTests) started
[2014-02-18 16:01:54,681][INFO ][plugins                  ] [transport_client_node_1] loaded [], sites []
[2014-02-18 16:01:54,706][INFO ][plugins                  ] [transport_client_node_2] loaded [], sites []
[2014-02-18 16:01:54,728][INFO ][plugins                  ] [transport_client_node_0] loaded [], sites []
[2014-02-18 16:01:54,752][INFO ][indices.mapping          ] [UpdateMappingTests#updateMappingWithConflicts]: before test
[2014-02-18 16:01:54,761][INFO ][cluster.metadata         ] [node_0] [test] creating index, cause [api], shards [2]/[0], mappings [type]
[2014-02-18 16:01:54,811][INFO ][indices.mapping          ] [UpdateMappingTests#updateMappingWithConflicts]: cleaning up after test
[2014-02-18 16:01:54,812][INFO ][cluster.metadata         ] [node_0] [test] deleting index
[2014-02-18 16:01:54,821][INFO ][indices.mapping          ] [UpdateMappingTests#updateMappingWithConflicts]: cleaned up after test
[2014-02-18 16:01:54,830][INFO ][test                     ] Test updateMappingWithConflicts(org.elasticsearch.indices.mapping.UpdateMappingTests) finished
[2014-02-18 16:01:54,831][INFO ][test                     ] Test updateMappingWithoutTypeMultiObjects(org.elasticsearch.indices.mapping.UpdateMappingTests) started
[2014-02-18 16:01:54,836][INFO ][indices.mapping          ] [UpdateMappingTests#updateMappingWithoutTypeMultiObjects]: before test
[2014-02-18 16:01:54,845][INFO ][cluster.metadata         ] [node_0] [test] creating index, cause [api], shards [1]/[0], mappings []
[2014-02-18 16:01:54,878][INFO ][cluster.metadata         ] [node_0] [test] create_mapping [doc]
[2014-02-18 16:01:54,884][INFO ][indices.mapping          ] [UpdateMappingTests#updateMappingWithoutTypeMultiObjects]: cleaning up after test
[2014-02-18 16:01:54,886][INFO ][cluster.metadata         ] [node_0] [test] deleting index
[2014-02-18 16:01:54,896][INFO ][indices.mapping          ] [UpdateMappingTests#updateMappingWithoutTypeMultiObjects]: cleaned up after test
[2014-02-18 16:01:54,896][INFO ][test                     ] Test updateMappingWithoutTypeMultiObjects(org.elasticsearch.indices.mapping.UpdateMappingTests) finished
[2014-02-18 16:01:54,897][INFO ][test                     ] Test updateMappingWithNormsConflicts(org.elasticsearch.indices.mapping.UpdateMappingTests) started
[2014-02-18 16:01:54,900][INFO ][plugins                  ] [transport_client_node_2] loaded [], sites []
[2014-02-18 16:01:54,929][INFO ][plugins                  ] [transport_client_node_0] loaded [], sites []
[2014-02-18 16:01:54,958][INFO ][indices.mapping          ] [UpdateMappingTests#updateMappingWithNormsConflicts]: before test
[2014-02-18 16:01:54,972][INFO ][cluster.metadata         ] [node_0] [test] creating index, cause [api], shards [5]/[1], mappings [type]
[2014-02-18 16:01:55,117][INFO ][indices.mapping          ] [UpdateMappingTests#updateMappingWithNormsConflicts]: cleaning up after test
[2014-02-18 16:01:55,130][INFO ][cluster.metadata         ] [node_0] [test] deleting index
[2014-02-18 16:01:55,211][INFO ][indices.mapping          ] [UpdateMappingTests#updateMappingWithNormsConflicts]: cleaned up after test
[2014-02-18 16:01:55,219][INFO ][test                     ] Test updateMappingWithNormsConflicts(org.elasticsearch.indices.mapping.UpdateMappingTests) finished
[2014-02-18 16:01:55,220][INFO ][test                     ] Test updateMappingNoChanges(org.elasticsearch.indices.mapping.UpdateMappingTests) started
[2014-02-18 16:01:55,224][INFO ][plugins                  ] [transport_client_node_0] loaded [], sites []
[2014-02-18 16:01:55,252][INFO ][indices.mapping          ] [UpdateMappingTests#updateMappingNoChanges]: before test
[2014-02-18 16:01:55,264][INFO ][cluster.metadata         ] [node_0] [test] creating index, cause [api], shards [2]/[0], mappings [type]
[2014-02-18 16:01:55,306][INFO ][indices.mapping          ] [UpdateMappingTests#updateMappingNoChanges]: cleaning up after test
[2014-02-18 16:01:55,307][INFO ][cluster.metadata         ] [node_0] [test] deleting index
[2014-02-18 16:01:55,316][INFO ][indices.mapping          ] [UpdateMappingTests#updateMappingNoChanges]: cleaned up after test
[2014-02-18 16:01:55,320][INFO ][test                     ] Test updateMappingNoChanges(org.elasticsearch.indices.mapping.UpdateMappingTests) finished
[2014-02-18 16:01:55,321][INFO ][test                     ] Test updateMappingConcurrently(org.elasticsearch.indices.mapping.UpdateMappingTests) started
[2014-02-18 16:01:55,324][INFO ][plugins                  ] [transport_client_node_0] loaded [], sites []
[2014-02-18 16:01:55,346][INFO ][plugins                  ] [transport_client_node_2] loaded [], sites []
[2014-02-18 16:01:55,370][INFO ][indices.mapping          ] [UpdateMappingTests#updateMappingConcurrently]: before test
[2014-02-18 16:01:55,381][INFO ][cluster.metadata         ] [node_0] [test1] creating index, cause [api], shards [5]/[1], mappings []
[2014-02-18 16:01:55,504][INFO ][cluster.metadata         ] [node_0] [test2] creating index, cause [api], shards [5]/[1], mappings []
[2014-02-18 16:01:55,716][INFO ][cluster.metadata         ] [node_0] [test2] create_mapping [type0]
[2014-02-18 16:01:55,720][INFO ][cluster.metadata         ] [node_0] [test2] update_mapping [type0]
[2014-02-18 16:01:55,725][INFO ][cluster.metadata         ] [node_0] [test2] update_mapping [type0]
[2014-02-18 16:01:55,729][INFO ][cluster.metadata         ] [node_0] [test1] create_mapping [type1]
[2014-02-18 16:01:55,733][INFO ][cluster.metadata         ] [node_0] [test1] update_mapping [type1]
[2014-02-18 16:01:55,737][INFO ][cluster.metadata         ] [node_0] [test1] update_mapping [type1]
[2014-02-18 16:01:55,742][INFO ][cluster.metadata         ] [node_0] [test2] create_mapping [type2]
[2014-02-18 16:01:55,747][INFO ][cluster.metadata         ] [node_0] [test2] update_mapping [type2]
[2014-02-18 16:01:55,751][INFO ][cluster.metadata         ] [node_0] [test2] update_mapping [type2]
[2014-02-18 16:01:55,774][INFO ][cluster.metadata         ] [node_0] [test1] create_mapping [type3]
[2014-02-18 16:01:55,781][INFO ][cluster.metadata         ] [node_0] [test1] update_mapping [type3]
[2014-02-18 16:01:55,785][INFO ][cluster.metadata         ] [node_0] [test1] update_mapping [type3]
[2014-02-18 16:01:55,789][INFO ][cluster.metadata         ] [node_0] [test2] create_mapping [type4]
[2014-02-18 16:01:55,793][INFO ][cluster.metadata         ] [node_0] [test2] update_mapping [type4]
[2014-02-18 16:01:55,797][INFO ][cluster.metadata         ] [node_0] [test2] update_mapping [type4]
[2014-02-18 16:01:55,800][INFO ][cluster.metadata         ] [node_0] [test1] create_mapping [type5]
[2014-02-18 16:01:55,804][INFO ][cluster.metadata         ] [node_0] [test1] update_mapping [type5]
[2014-02-18 16:01:55,808][INFO ][cluster.metadata         ] [node_0] [test1] update_mapping [type5]
[2014-02-18 16:01:55,812][INFO ][cluster.metadata         ] [node_0] [test2] create_mapping [type6]
[2014-02-18 16:01:55,816][INFO ][cluster.metadata         ] [node_0] [test2] update_mapping [type6]
[2014-02-18 16:01:55,824][INFO ][cluster.metadata         ] [node_0] [test2] update_mapping [type6]
[2014-02-18 16:01:55,828][INFO ][cluster.metadata         ] [node_0] [test1] create_mapping [type7]
[2014-02-18 16:01:55,832][INFO ][cluster.metadata         ] [node_0] [test1] update_mapping [type7]
[2014-02-18 16:01:55,836][INFO ][cluster.metadata         ] [node_0] [test1] update_mapping [type7]
[2014-02-18 16:01:55,840][INFO ][cluster.metadata         ] [node_0] [test2] create_mapping [type8]
[2014-02-18 16:01:55,844][INFO ][cluster.metadata         ] [node_0] [test2] update_mapping [type8]
[2014-02-18 16:01:55,847][INFO ][cluster.metadata         ] [node_0] [test2] update_mapping [type8]
[2014-02-18 16:01:55,851][INFO ][cluster.metadata         ] [node_0] [test1] create_mapping [type9]
[2014-02-18 16:01:55,855][INFO ][cluster.metadata         ] [node_0] [test1] update_mapping [type9]
[2014-02-18 16:01:55,859][INFO ][cluster.metadata         ] [node_0] [test1] update_mapping [type9]
[2014-02-18 16:01:55,863][INFO ][cluster.metadata         ] [node_0] [test2] update_mapping [type0]
[2014-02-18 16:01:55,868][INFO ][cluster.metadata         ] [node_0] [test2] update_mapping [type0]
[2014-02-18 16:01:55,874][INFO ][cluster.metadata         ] [node_0] [test2] update_mapping [type0]
[2014-02-18 16:01:55,878][INFO ][cluster.metadata         ] [node_0] [test1] update_mapping [type1]
[2014-02-18 16:01:55,883][INFO ][cluster.metadata         ] [node_0] [test1] update_mapping [type1]
[2014-02-18 16:01:55,887][INFO ][cluster.metadata         ] [node_0] [test1] update_mapping [type1]
[2014-02-18 16:01:55,892][INFO ][cluster.metadata         ] [node_0] [test2] update_mapping [type2]
[2014-02-18 16:01:55,896][INFO ][cluster.metadata         ] [node_0] [test2] update_mapping [type2]
[2014-02-18 16:01:55,900][INFO ][cluster.metadata         ] [node_0] [test2] update_mapping [type2]
[2014-02-18 16:01:55,905][INFO ][cluster.metadata         ] [node_0] [test1] update_mapping [type3]
[2014-02-18 16:01:55,909][INFO ][cluster.metadata         ] [node_0] [test1] update_mapping [type3]
[2014-02-18 16:01:55,913][INFO ][cluster.metadata         ] [node_0] [test1] update_mapping [type3]
[2014-02-18 16:01:55,918][INFO ][cluster.metadata         ] [node_0] [test2] update_mapping [type4]
[2014-02-18 16:01:55,927][INFO ][cluster.metadata         ] [node_0] [test2] update_mapping [type4]
[2014-02-18 16:01:55,932][INFO ][cluster.metadata         ] [node_0] [test2] update_mapping [type4]
[2014-02-18 16:01:55,936][INFO ][cluster.metadata         ] [node_0] [test1] update_mapping [type5]
[2014-02-18 16:01:55,942][INFO ][cluster.metadata         ] [node_0] [test1] update_mapping [type5]
[2014-02-18 16:01:55,948][INFO ][cluster.metadata         ] [node_0] [test1] update_mapping [type5]
[2014-02-18 16:01:55,952][INFO ][cluster.metadata         ] [node_0] [test2] update_mapping [type6]
[2014-02-18 16:01:55,970][INFO ][cluster.metadata         ] [node_0] [test2] update_mapping [type6]
[2014-02-18 16:01:55,979][INFO ][cluster.metadata         ] [node_0] [test2] update_mapping [type6]
[2014-02-18 16:01:55,988][INFO ][cluster.metadata         ] [node_0] [test1] update_mapping [type7]
[2014-02-18 16:01:55,992][INFO ][cluster.metadata         ] [node_0] [test1] update_mapping [type7]
[2014-02-18 16:01:55,998][INFO ][cluster.metadata         ] [node_0] [test1] update_mapping [type7]
[2014-02-18 16:01:56,004][INFO ][cluster.metadata         ] [node_0] [test2] update_mapping [type8]
[2014-02-18 16:01:56,008][INFO ][cluster.metadata         ] [node_0] [test2] update_mapping [type8]
[2014-02-18 16:01:56,012][INFO ][cluster.metadata         ] [node_0] [test2] update_mapping [type8]
[2014-02-18 16:01:56,018][INFO ][cluster.metadata         ] [node_0] [test1] update_mapping [type9]
[2014-02-18 16:01:56,022][INFO ][cluster.metadata         ] [node_0] [test1] update_mapping [type9]
[2014-02-18 16:01:56,026][INFO ][cluster.metadata         ] [node_0] [test1] update_mapping [type9]
[2014-02-18 16:01:56,044][INFO ][cluster.metadata         ] [node_0] [test2] update_mapping [type0]
[2014-02-18 16:01:56,048][INFO ][cluster.metadata         ] [node_0] [test2] update_mapping [type0]
[2014-02-18 16:01:56,054][INFO ][cluster.metadata         ] [node_0] [test2] update_mapping [type0]
[2014-02-18 16:01:56,058][INFO ][cluster.metadata         ] [node_0] [test1] update_mapping [type1]
[2014-02-18 16:01:56,063][INFO ][cluster.metadata         ] [node_0] [test1] update_mapping [type1]
[2014-02-18 16:01:56,067][INFO ][cluster.metadata         ] [node_0] [test1] update_mapping [type1]
[2014-02-18 16:01:56,071][INFO ][cluster.metadata         ] [node_0] [test2] update_mapping [type2]
[2014-02-18 16:01:56,076][INFO ][cluster.metadata         ] [node_0] [test2] update_mapping [type2]
[2014-02-18 16:01:56,080][INFO ][cluster.metadata         ] [node_0] [test2] update_mapping [type2]
[2014-02-18 16:01:56,084][INFO ][cluster.metadata         ] [node_0] [test1] update_mapping [type3]
[2014-02-18 16:01:56,088][INFO ][cluster.metadata         ] [node_0] [test1] update_mapping [type3]
[2014-02-18 16:01:56,093][INFO ][cluster.metadata         ] [node_0] [test1] update_mapping [type3]
[2014-02-18 16:01:56,100][INFO ][cluster.metadata         ] [node_0] [test2] update_mapping [type4]
[2014-02-18 16:01:56,104][INFO ][cluster.metadata         ] [node_0] [test2] update_mapping [type4]
[2014-02-18 16:01:56,109][INFO ][cluster.metadata         ] [node_0] [test2] update_mapping [type4]
[2014-02-18 16:01:56,114][INFO ][cluster.metadata         ] [node_0] [test1] update_mapping [type5]
[2014-02-18 16:01:56,118][INFO ][cluster.metadata         ] [node_0] [test1] update_mapping [type5]
[2014-02-18 16:01:56,125][INFO ][cluster.metadata         ] [node_0] [test1] update_mapping [type5]
[2014-02-18 16:01:56,130][INFO ][cluster.metadata         ] [node_0] [test2] update_mapping [type6]
[2014-02-18 16:01:56,134][INFO ][cluster.metadata         ] [node_0] [test2] update_mapping [type6]
[2014-02-18 16:01:56,138][INFO ][cluster.metadata         ] [node_0] [test2] update_mapping [type6]
[2014-02-18 16:01:56,143][INFO ][cluster.metadata         ] [node_0] [test1] update_mapping [type7]
[2014-02-18 16:01:56,147][INFO ][cluster.metadata         ] [node_0] [test1] update_mapping [type7]
[2014-02-18 16:01:56,152][INFO ][cluster.metadata         ] [node_0] [test1] update_mapping [type7]
[2014-02-18 16:01:56,156][INFO ][cluster.metadata         ] [node_0] [test2] update_mapping [type8]
[2014-02-18 16:01:56,160][INFO ][cluster.metadata         ] [node_0] [test2] update_mapping [type8]
[2014-02-18 16:01:56,164][INFO ][cluster.metadata         ] [node_0] [test2] update_mapping [type8]
[2014-02-18 16:01:56,168][INFO ][cluster.metadata         ] [node_0] [test1] update_mapping [type9]
[2014-02-18 16:01:56,172][INFO ][cluster.metadata         ] [node_0] [test1] update_mapping [type9]
[2014-02-18 16:01:56,177][INFO ][cluster.metadata         ] [node_0] [test1] update_mapping [type9]
[2014-02-18 16:01:56,181][INFO ][cluster.metadata         ] [node_0] [test2] update_mapping [type0]
[2014-02-18 16:01:56,185][INFO ][cluster.metadata         ] [node_0] [test2] update_mapping [type0]
[2014-02-18 16:01:56,189][INFO ][cluster.metadata         ] [node_0] [test2] update_mapping [type0]
[2014-02-18 16:01:56,193][INFO ][cluster.metadata         ] [node_0] [test1] update_mapping [type1]
[2014-02-18 16:01:56,197][INFO ][cluster.metadata         ] [node_0] [test1] update_mapping [type1]
[2014-02-18 16:01:56,201][INFO ][cluster.metadata         ] [node_0] [test1] update_mapping [type1]
[2014-02-18 16:01:56,205][INFO ][cluster.metadata         ] [node_0] [test2] update_mapping [type2]
[2014-02-18 16:01:56,210][INFO ][cluster.metadata         ] [node_0] [test2] update_mapping [type2]
[2014-02-18 16:01:56,214][INFO ][cluster.metadata         ] [node_0] [test2] update_mapping [type2]
[2014-02-18 16:01:56,218][INFO ][cluster.metadata         ] [node_0] [test1] update_mapping [type3]
[2014-02-18 16:01:56,222][INFO ][cluster.metadata         ] [node_0] [test1] update_mapping [type3]
[2014-02-18 16:01:56,226][INFO ][cluster.metadata         ] [node_0] [test1] update_mapping [type3]
[2014-02-18 16:01:56,230][INFO ][cluster.metadata         ] [node_0] [test2] update_mapping [type4]
[2014-02-18 16:01:56,234][INFO ][cluster.metadata         ] [node_0] [test2] update_mapping [type4]
[2014-02-18 16:01:56,238][INFO ][cluster.metadata         ] [node_0] [test2] update_mapping [type4]
[2014-02-18 16:01:56,242][INFO ][cluster.metadata         ] [node_0] [test1] update_mapping [type5]
[2014-02-18 16:01:56,246][INFO ][cluster.metadata         ] [node_0] [test1] update_mapping [type5]
[2014-02-18 16:01:56,250][INFO ][cluster.metadata         ] [node_0] [test1] update_mapping [type5]
[2014-02-18 16:01:56,253][INFO ][cluster.metadata         ] [node_0] [test2] update_mapping [type6]
[2014-02-18 16:01:56,257][INFO ][cluster.metadata         ] [node_0] [test2] update_mapping [type6]
[2014-02-18 16:01:56,260][INFO ][cluster.metadata         ] [node_0] [test2] update_mapping [type6]
[2014-02-18 16:01:56,264][INFO ][cluster.metadata         ] [node_0] [test1] update_mapping [type7]
[2014-02-18 16:01:56,267][INFO ][cluster.metadata         ] [node_0] [test1] update_mapping [type7]
[2014-02-18 16:01:56,272][INFO ][cluster.metadata         ] [node_0] [test1] update_mapping [type7]
[2014-02-18 16:01:56,276][INFO ][cluster.metadata         ] [node_0] [test2] update_mapping [type8]
[2014-02-18 16:01:56,280][INFO ][cluster.metadata         ] [node_0] [test2] update_mapping [type8]
[2014-02-18 16:01:56,284][INFO ][cluster.metadata         ] [node_0] [test2] update_mapping [type8]
[2014-02-18 16:01:56,287][INFO ][cluster.metadata         ] [node_0] [test1] update_mapping [type9]
[2014-02-18 16:01:56,290][INFO ][cluster.metadata         ] [node_0] [test1] update_mapping [type9]
[2014-02-18 16:01:56,293][INFO ][cluster.metadata         ] [node_0] [test1] update_mapping [type9]
[2014-02-18 16:01:56,297][INFO ][cluster.metadata         ] [node_0] [test2] update_mapping [type0]
[2014-02-18 16:01:56,300][INFO ][cluster.metadata         ] [node_0] [test2] update_mapping [type0]
[2014-02-18 16:01:56,303][INFO ][cluster.metadata         ] [node_0] [test2] update_mapping [type0]
[2014-02-18 16:01:56,306][INFO ][cluster.metadata         ] [node_0] [test1] update_mapping [type1]
[2014-02-18 16:01:56,310][INFO ][cluster.metadata         ] [node_0] [test1] update_mapping [type1]
[2014-02-18 16:01:56,313][INFO ][cluster.metadata         ] [node_0] [test1] update_mapping [type1]
[2014-02-18 16:01:56,316][INFO ][cluster.metadata         ] [node_0] [test2] update_mapping [type2]
[2014-02-18 16:01:56,319][INFO ][cluster.metadata         ] [node_0] [test2] update_mapping [type2]
[2014-02-18 16:01:56,323][INFO ][cluster.metadata         ] [node_0] [test2] update_mapping [type2]
[2014-02-18 16:01:56,326][INFO ][cluster.metadata         ] [node_0] [test1] update_mapping [type3]
[2014-02-18 16:01:56,329][INFO ][cluster.metadata         ] [node_0] [test1] update_mapping [type3]
[2014-02-18 16:01:56,333][INFO ][cluster.metadata         ] [node_0] [test1] update_mapping [type3]
[2014-02-18 16:01:56,337][INFO ][cluster.metadata         ] [node_0] [test2] update_mapping [type4]
[2014-02-18 16:01:56,340][INFO ][cluster.metadata         ] [node_0] [test2] update_mapping [type4]
[2014-02-18 16:01:56,344][INFO ][cluster.metadata         ] [node_0] [test2] update_mapping [type4]
[2014-02-18 16:01:56,347][INFO ][cluster.metadata         ] [node_0] [test1] update_mapping [type5]
[2014-02-18 16:01:56,350][INFO ][cluster.metadata         ] [node_0] [test1] update_mapping [type5]
[2014-02-18 16:01:56,354][INFO ][cluster.metadata         ] [node_0] [test1] update_mapping [type5]
[2014-02-18 16:01:56,357][INFO ][cluster.metadata         ] [node_0] [test2] update_mapping [type6]
[2014-02-18 16:01:56,360][INFO ][cluster.metadata         ] [node_0] [test2] update_mapping [type6]
[2014-02-18 16:01:56,363][INFO ][cluster.metadata         ] [node_0] [test2] update_mapping [type6]
[2014-02-18 16:01:56,367][INFO ][cluster.metadata         ] [node_0] [test1] update_mapping [type7]
[2014-02-18 16:01:56,379][INFO ][cluster.metadata         ] [node_0] [test1] update_mapping [type7]
[2014-02-18 16:01:56,383][INFO ][cluster.metadata         ] [node_0] [test1] update_mapping [type7]
[2014-02-18 16:01:56,387][INFO ][cluster.metadata         ] [node_0] [test2] update_mapping [type8]
[2014-02-18 16:01:56,391][INFO ][cluster.metadata         ] [node_0] [test2] update_mapping [type8]
[2014-02-18 16:01:56,396][INFO ][cluster.metadata         ] [node_0] [test2] update_mapping [type8]
[2014-02-18 16:01:56,402][INFO ][cluster.metadata         ] [node_0] [test1] update_mapping [type9]
[2014-02-18 16:01:56,411][INFO ][cluster.metadata         ] [node_0] [test1] update_mapping [type9]
[2014-02-18 16:01:56,415][INFO ][cluster.metadata         ] [node_0] [test1] update_mapping [type9]
[2014-02-18 16:01:56,421][INFO ][cluster.metadata         ] [node_0] [test2] update_mapping [type0]
[2014-02-18 16:01:56,431][INFO ][cluster.metadata         ] [node_0] [test2] update_mapping [type0]
[2014-02-18 16:01:56,440][INFO ][cluster.metadata         ] [node_0] [test2] update_mapping [type0]
[2014-02-18 16:01:56,446][INFO ][cluster.metadata         ] [node_0] [test1] update_mapping [type1]
[2014-02-18 16:01:56,454][INFO ][cluster.metadata         ] [node_0] [test1] update_mapping [type1]
[2014-02-18 16:01:56,463][INFO ][cluster.metadata         ] [node_0] [test1] update_mapping [type1]
[2014-02-18 16:01:56,474][INFO ][cluster.metadata         ] [node_0] [test2] update_mapping [type2]
[2014-02-18 16:01:56,483][INFO ][cluster.metadata         ] [node_0] [test2] update_mapping [type2]
[2014-02-18 16:01:56,488][INFO ][cluster.metadata         ] [node_0] [test2] update_mapping [type2]
[2014-02-18 16:01:56,496][INFO ][cluster.metadata         ] [node_0] [test1] update_mapping [type3]
[2014-02-18 16:01:56,501][INFO ][cluster.metadata         ] [node_0] [test1] update_mapping [type3]
[2014-02-18 16:01:56,505][INFO ][cluster.metadata         ] [node_0] [test1] update_mapping [type3]
[2014-02-18 16:01:56,509][INFO ][cluster.metadata         ] [node_0] [test2] update_mapping [type4]
[2014-02-18 16:01:56,513][INFO ][cluster.metadata         ] [node_0] [test2] update_mapping [type4]
[2014-02-18 16:01:56,517][INFO ][cluster.metadata         ] [node_0] [test2] update_mapping [type4]
[2014-02-18 16:01:56,523][INFO ][cluster.metadata         ] [node_0] [test1] update_mapping [type5]
[2014-02-18 16:01:56,528][INFO ][cluster.metadata         ] [node_0] [test1] update_mapping [type5]
[2014-02-18 16:01:56,532][INFO ][cluster.metadata         ] [node_0] [test1] update_mapping [type5]
[2014-02-18 16:01:56,535][INFO ][cluster.metadata         ] [node_0] [test2] update_mapping [type6]
[2014-02-18 16:01:56,539][INFO ][cluster.metadata         ] [node_0] [test2] update_mapping [type6]
[2014-02-18 16:01:56,542][INFO ][cluster.metadata         ] [node_0] [test2] update_mapping [type6]
[2014-02-18 16:01:56,546][INFO ][cluster.metadata         ] [node_0] [test1] update_mapping [type7]
[2014-02-18 16:01:56,549][INFO ][cluster.metadata         ] [node_0] [test1] update_mapping [type7]
[2014-02-18 16:01:56,553][INFO ][cluster.metadata         ] [node_0] [test1] update_mapping [type7]
[2014-02-18 16:01:56,556][INFO ][cluster.metadata         ] [node_0] [test2] update_mapping [type8]
[2014-02-18 16:01:56,559][INFO ][cluster.metadata         ] [node_0] [test2] update_mapping [type8]
[2014-02-18 16:01:56,563][INFO ][cluster.metadata         ] [node_0] [test2] update_mapping [type8]
[2014-02-18 16:01:56,566][INFO ][cluster.metadata         ] [node_0] [test1] update_mapping [type9]
[2014-02-18 16:01:56,568][INFO ][cluster.metadata         ] [node_0] [test1] update_mapping [type9]
[2014-02-18 16:01:56,571][INFO ][cluster.metadata         ] [node_0] [test1] update_mapping [type9]
[2014-02-18 16:01:56,574][INFO ][cluster.metadata         ] [node_0] [test2] update_mapping [type0]
[2014-02-18 16:01:56,577][INFO ][cluster.metadata         ] [node_0] [test2] update_mapping [type0]
[2014-02-18 16:01:56,580][INFO ][cluster.metadata         ] [node_0] [test2] update_mapping [type0]
[2014-02-18 16:01:56,583][INFO ][cluster.metadata         ] [node_0] [test1] update_mapping [type1]
[2014-02-18 16:01:56,586][INFO ][cluster.metadata         ] [node_0] [test1] update_mapping [type1]
[2014-02-18 16:01:56,589][INFO ][cluster.metadata         ] [node_0] [test1] update_mapping [type1]
[2014-02-18 16:01:56,592][INFO ][cluster.metadata         ] [node_0] [test2] update_mapping [type2]
[2014-02-18 16:01:56,594][INFO ][cluster.metadata         ] [node_0] [test2] update_mapping [type2]
[2014-02-18 16:01:56,597][INFO ][cluster.metadata         ] [node_0] [test2] update_mapping [type2]
[2014-02-18 16:01:56,600][INFO ][cluster.metadata         ] [node_0] [test1] update_mapping [type3]
[2014-02-18 16:01:56,603][INFO ][cluster.metadata         ] [node_0] [test1] update_mapping [type3]
[2014-02-18 16:01:56,606][INFO ][cluster.metadata         ] [node_0] [test1] update_mapping [type3]
[2014-02-18 16:01:56,609][INFO ][cluster.metadata         ] [node_0] [test2] update_mapping [type4]
[2014-02-18 16:01:56,611][INFO ][cluster.metadata         ] [node_0] [test2] update_mapping [type4]
[2014-02-18 16:01:56,614][INFO ][cluster.metadata         ] [node_0] [test2] update_mapping [type4]
[2014-02-18 16:01:56,617][INFO ][cluster.metadata         ] [node_0] [test1] update_mapping [type5]
[2014-02-18 16:01:56,620][INFO ][cluster.metadata         ] [node_0] [test1] update_mapping [type5]
[2014-02-18 16:01:56,623][INFO ][cluster.metadata         ] [node_0] [test1] update_mapping [type5]
[2014-02-18 16:01:56,628][INFO ][cluster.metadata         ] [node_0] [test2] update_mapping [type6]
[2014-02-18 16:01:56,632][INFO ][cluster.metadata         ] [node_0] [test2] update_mapping [type6]
[2014-02-18 16:01:56,635][INFO ][cluster.metadata         ] [node_0] [test2] update_mapping [type6]
[2014-02-18 16:01:56,638][INFO ][cluster.metadata         ] [node_0] [test1] update_mapping [type7]
[2014-02-18 16:01:56,642][INFO ][cluster.metadata         ] [node_0] [test1] update_mapping [type7]
[2014-02-18 16:01:56,645][INFO ][cluster.metadata         ] [node_0] [test1] update_mapping [type7]
[2014-02-18 16:01:56,649][INFO ][cluster.metadata         ] [node_0] [test2] update_mapping [type8]
[2014-02-18 16:01:56,652][INFO ][cluster.metadata         ] [node_0] [test2] update_mapping [type8]
[2014-02-18 16:01:56,656][INFO ][cluster.metadata         ] [node_0] [test2] update_mapping [type8]
[2014-02-18 16:01:56,659][INFO ][cluster.metadata         ] [node_0] [test1] update_mapping [type9]
[2014-02-18 16:01:56,662][INFO ][cluster.metadata         ] [node_0] [test1] update_mapping [type9]
[2014-02-18 16:01:56,665][INFO ][cluster.metadata         ] [node_0] [test1] update_mapping [type9]
[2014-02-18 16:01:56,669][INFO ][cluster.metadata         ] [node_0] [test2] update_mapping [type0]
[2014-02-18 16:01:56,672][INFO ][cluster.metadata         ] [node_0] [test2] update_mapping [type0]
[2014-02-18 16:01:56,675][INFO ][cluster.metadata         ] [node_0] [test2] update_mapping [type0]
[2014-02-18 16:01:56,678][INFO ][cluster.metadata         ] [node_0] [test1] update_mapping [type1]
[2014-02-18 16:01:56,682][INFO ][cluster.metadata         ] [node_0] [test1] update_mapping [type1]
[2014-02-18 16:01:56,685][INFO ][cluster.metadata         ] [node_0] [test1] update_mapping [type1]
[2014-02-18 16:01:56,689][INFO ][cluster.metadata         ] [node_0] [test2] update_mapping [type2]
[2014-02-18 16:01:56,692][INFO ][cluster.metadata         ] [node_0] [test2] update_mapping [type2]
[2014-02-18 16:01:56,695][INFO ][cluster.metadata         ] [node_0] [test2] update_mapping [type2]
[2014-02-18 16:01:56,698][INFO ][cluster.metadata         ] [node_0] [test1] update_mapping [type3]
[2014-02-18 16:01:56,701][INFO ][cluster.metadata         ] [node_0] [test1] update_mapping [type3]
[2014-02-18 16:01:56,704][INFO ][cluster.metadata         ] [node_0] [test1] update_mapping [type3]
[2014-02-18 16:01:56,707][INFO ][cluster.metadata         ] [node_0] [test2] update_mapping [type4]
[2014-02-18 16:01:56,711][INFO ][cluster.metadata         ] [node_0] [test2] update_mapping [type4]
[2014-02-18 16:01:56,722][INFO ][cluster.metadata         ] [node_0] [test2] update_mapping [type4]
[2014-02-18 16:01:56,725][INFO ][cluster.metadata         ] [node_0] [test1] update_mapping [type5]
[2014-02-18 16:01:56,728][INFO ][cluster.metadata         ] [node_0] [test1] update_mapping [type5]
[2014-02-18 16:01:56,730][INFO ][cluster.metadata         ] [node_0] [test1] update_mapping [type5]
[2014-02-18 16:01:56,733][INFO ][cluster.metadata         ] [node_0] [test2] update_mapping [type6]
[2014-02-18 16:01:56,736][INFO ][cluster.metadata         ] [node_0] [test2] update_mapping [type6]
[2014-02-18 16:01:56,739][INFO ][cluster.metadata         ] [node_0] [test2] update_mapping [type6]
[2014-02-18 16:01:56,742][INFO ][cluster.metadata         ] [node_0] [test1] update_mapping [type7]
[2014-02-18 16:01:56,745][INFO ][cluster.metadata         ] [node_0] [test1] update_mapping [type7]
[2014-02-18 16:01:56,747][INFO ][cluster.metadata         ] [node_0] [test1] update_mapping [type7]
[2014-02-18 16:01:56,751][INFO ][cluster.metadata         ] [node_0] [test2] update_mapping [type8]
[2014-02-18 16:01:56,754][INFO ][cluster.metadata         ] [node_0] [test2] update_mapping [type8]
[2014-02-18 16:01:56,757][INFO ][cluster.metadata         ] [node_0] [test2] update_mapping [type8]
[2014-02-18 16:01:56,760][INFO ][cluster.metadata         ] [node_0] [test1] update_mapping [type9]
[2014-02-18 16:01:56,763][INFO ][cluster.metadata         ] [node_0] [test1] update_mapping [type9]
[2014-02-18 16:01:56,765][INFO ][cluster.metadata         ] [node_0] [test1] update_mapping [type9]
[2014-02-18 16:01:56,768][INFO ][cluster.metadata         ] [node_0] [test2] update_mapping [type0]
[2014-02-18 16:01:56,771][INFO ][cluster.metadata         ] [node_0] [test2] update_mapping [type0]
[2014-02-18 16:01:56,773][INFO ][cluster.metadata         ] [node_0] [test2] update_mapping [type0]
[2014-02-18 16:01:56,777][INFO ][cluster.metadata         ] [node_0] [test1] update_mapping [type1]
[2014-02-18 16:01:56,780][INFO ][cluster.metadata         ] [node_0] [test1] update_mapping [type1]
[2014-02-18 16:01:56,782][INFO ][cluster.metadata         ] [node_0] [test1] update_mapping [type1]
[2014-02-18 16:01:56,785][INFO ][cluster.metadata         ] [node_0] [test2] update_mapping [type2]
[2014-02-18 16:01:56,788][INFO ][cluster.metadata         ] [node_0] [test2] update_mapping [type2]
[2014-02-18 16:01:56,791][INFO ][cluster.metadata         ] [node_0] [test2] update_mapping [type2]
[2014-02-18 16:01:56,795][INFO ][cluster.metadata         ] [node_0] [test1] update_mapping [type3]
[2014-02-18 16:01:56,798][INFO ][cluster.metadata         ] [node_0] [test1] update_mapping [type3]
[2014-02-18 16:01:56,800][INFO ][cluster.metadata         ] [node_0] [test1] update_mapping [type3]
[2014-02-18 16:01:56,803][INFO ][cluster.metadata         ] [node_0] [test2] update_mapping [type4]
[2014-02-18 16:01:56,806][INFO ][cluster.metadata         ] [node_0] [test2] update_mapping [type4]
[2014-02-18 16:01:56,810][INFO ][cluster.metadata         ] [node_0] [test2] update_mapping [type4]
[2014-02-18 16:01:56,814][INFO ][cluster.metadata         ] [node_0] [test1] update_mapping [type5]
[2014-02-18 16:01:56,817][INFO ][cluster.metadata         ] [node_0] [test1] update_mapping [type5]
[2014-02-18 16:01:56,820][INFO ][cluster.metadata         ] [node_0] [test1] update_mapping [type5]
[2014-02-18 16:01:56,823][INFO ][cluster.metadata         ] [node_0] [test2] update_mapping [type6]
[2014-02-18 16:01:56,827][INFO ][cluster.metadata         ] [node_0] [test2] update_mapping [type6]
[2014-02-18 16:01:56,831][INFO ][cluster.metadata         ] [node_0] [test2] update_mapping [type6]
[2014-02-18 16:01:56,834][INFO ][cluster.metadata         ] [node_0] [test1] update_mapping [type7]
[2014-02-18 16:01:56,837][INFO ][cluster.metadata         ] [node_0] [test1] update_mapping [type7]
[2014-02-18 16:01:56,840][INFO ][cluster.metadata         ] [node_0] [test1] update_mapping [type7]
[2014-02-18 16:01:56,844][INFO ][cluster.metadata         ] [node_0] [test2] update_mapping [type8]
[2014-02-18 16:01:56,847][INFO ][cluster.metadata         ] [node_0] [test2] update_mapping [type8]
[2014-02-18 16:01:56,850][INFO ][cluster.metadata         ] [node_0] [test2] update_mapping [type8]
[2014-02-18 16:01:56,853][INFO ][cluster.metadata         ] [node_0] [test1] update_mapping [type9]
[2014-02-18 16:01:56,857][INFO ][cluster.metadata         ] [node_0] [test1] update_mapping [type9]
[2014-02-18 16:01:56,859][INFO ][cluster.metadata         ] [node_0] [test1] update_mapping [type9]
[2014-02-18 16:01:56,862][INFO ][cluster.metadata         ] [node_0] [test2] update_mapping [type0]
[2014-02-18 16:01:56,865][INFO ][cluster.metadata         ] [node_0] [test2] update_mapping [type0]
[2014-02-18 16:01:56,868][INFO ][cluster.metadata         ] [node_0] [test2] update_mapping [type0]
[2014-02-18 16:01:56,871][INFO ][cluster.metadata         ] [node_0] [test1] update_mapping [type1]
[2014-02-18 16:01:56,873][INFO ][cluster.metadata         ] [node_0] [test1] update_mapping [type1]
[2014-02-18 16:01:56,876][INFO ][cluster.metadata         ] [node_0] [test1] update_mapping [type1]
[2014-02-18 16:01:56,880][INFO ][cluster.metadata         ] [node_0] [test2] update_mapping [type2]
[2014-02-18 16:01:56,884][INFO ][cluster.metadata         ] [node_0] [test2] update_mapping [type2]
[2014-02-18 16:01:56,887][INFO ][cluster.metadata         ] [node_0] [test2] update_mapping [type2]
[2014-02-18 16:01:56,890][INFO ][cluster.metadata         ] [node_0] [test1] update_mapping [type3]
[2014-02-18 16:01:56,894][INFO ][cluster.metadata         ] [node_0] [test1] update_mapping [type3]
[2014-02-18 16:01:56,897][INFO ][cluster.metadata         ] [node_0] [test1] update_mapping [type3]
[2014-02-18 16:01:56,901][INFO ][cluster.metadata         ] [node_0] [test2] update_mapping [type4]
[2014-02-18 16:01:56,904][INFO ][cluster.metadata         ] [node_0] [test2] update_mapping [type4]
[2014-02-18 16:01:56,907][INFO ][cluster.metadata         ] [node_0] [test2] update_mapping [type4]
[2014-02-18 16:01:56,911][INFO ][cluster.metadata         ] [node_0] [test1] update_mapping [type5]
[2014-02-18 16:01:56,914][INFO ][cluster.metadata         ] [node_0] [test1] update_mapping [type5]
[2014-02-18 16:01:56,918][INFO ][cluster.metadata         ] [node_0] [test1] update_mapping [type5]
[2014-02-18 16:01:56,922][INFO ][cluster.metadata         ] [node_0] [test2] update_mapping [type6]
[2014-02-18 16:01:56,925][INFO ][cluster.metadata         ] [node_0] [test2] update_mapping [type6]
[2014-02-18 16:01:56,929][INFO ][cluster.metadata         ] [node_0] [test2] update_mapping [type6]
[2014-02-18 16:01:56,933][INFO ][cluster.metadata         ] [node_0] [test1] update_mapping [type7]
[2014-02-18 16:01:56,936][INFO ][cluster.metadata         ] [node_0] [test1] update_mapping [type7]
[2014-02-18 16:01:56,940][INFO ][cluster.metadata         ] [node_0] [test1] update_mapping [type7]
[2014-02-18 16:01:56,945][INFO ][cluster.metadata         ] [node_0] [test2] update_mapping [type8]
[2014-02-18 16:01:56,949][INFO ][cluster.metadata         ] [node_0] [test2] update_mapping [type8]
[2014-02-18 16:01:56,952][INFO ][cluster.metadata         ] [node_0] [test2] update_mapping [type8]
[2014-02-18 16:01:56,964][INFO ][cluster.metadata         ] [node_0] [test1] update_mapping [type9]
[2014-02-18 16:01:56,969][INFO ][cluster.metadata         ] [node_0] [test1] update_mapping [type9]
[2014-02-18 16:01:56,973][INFO ][cluster.metadata         ] [node_0] [test1] update_mapping [type9]
[2014-02-18 16:01:56,978][INFO ][indices.mapping          ] [UpdateMappingTests#updateMappingConcurrently]: cleaning up after test
[2014-02-18 16:01:56,979][INFO ][cluster.metadata         ] [node_0] [test2] deleting index
[2014-02-18 16:01:57,011][INFO ][cluster.metadata         ] [node_0] [test1] deleting index
[2014-02-18 16:01:57,046][INFO ][indices.mapping          ] [UpdateMappingTests#updateMappingConcurrently]: cleaned up after test
[2014-02-18 16:01:57,060][INFO ][test                     ] Test updateMappingConcurrently(org.elasticsearch.indices.mapping.UpdateMappingTests) finished
[2014-02-18 16:01:57,061][INFO ][test                     ] Test dynamicUpdates(org.elasticsearch.indices.mapping.UpdateMappingTests) started
[2014-02-18 16:01:57,065][INFO ][plugins                  ] [transport_client_node_1] loaded [], sites []
[2014-02-18 16:01:57,093][INFO ][indices.mapping          ] [UpdateMappingTests#dynamicUpdates]: before test
[2014-02-18 16:01:57,101][INFO ][cluster.metadata         ] [node_0] [test] creating index, cause [api], shards [1]/[0], mappings []
[2014-02-18 16:01:57,124][INFO ][indices.mapping          ] Index [322] docs async: [true] bulk: [false]
[2014-02-18 16:01:57,138][INFO ][indices.mapping          ] Action Failed
org.elasticsearch.transport.RemoteTransportException: [node_1][inet[/10.1.10.75:9301]][index]
Caused by: org.elasticsearch.common.util.concurrent.EsRejectedExecutionException: rejected execution (queue capacity 200) on org.elasticsearch.action.support.replication.TransportShardReplicationOperationAction$AsyncShardOperationAction$1@32b84824
	at org.elasticsearch.common.util.concurrent.EsAbortPolicy.rejectedExecution(EsAbortPolicy.java:62)
	at java.util.concurrent.ThreadPoolExecutor.reject(ThreadPoolExecutor.java:821)
	at java.util.concurrent.ThreadPoolExecutor.execute(ThreadPoolExecutor.java:1372)
	at org.elasticsearch.action.support.replication.TransportShardReplicationOperationAction$AsyncShardOperationAction.start(TransportShardReplicationOperationAction.java:422)
	at org.elasticsearch.action.support.replication.TransportShardReplicationOperationAction$AsyncShardOperationAction.start(TransportShardReplicationOperationAction.java:330)
	at org.elasticsearch.action.support.replication.TransportShardReplicationOperationAction.doExecute(TransportShardReplicationOperationAction.java:101)
	at org.elasticsearch.action.index.TransportIndexAction.innerExecute(TransportIndexAction.java:134)
	at org.elasticsearch.action.index.TransportIndexAction.doExecute(TransportIndexAction.java:116)
	at org.elasticsearch.action.index.TransportIndexAction.doExecute(TransportIndexAction.java:66)
	at org.elasticsearch.action.support.TransportAction.execute(TransportAction.java:63)
	at org.elasticsearch.action.support.replication.TransportShardReplicationOperationAction$OperationTransportHandler.messageReceived(TransportShardReplicationOperationAction.java:203)
	at org.elasticsearch.action.support.replication.TransportShardReplicationOperationAction$OperationTransportHandler.messageReceived(TransportShardReplicationOperationAction.java:185)
	at org.elasticsearch.transport.netty.MessageChannelHandler.handleRequest(MessageChannelHandler.java:212)
	at org.elasticsearch.transport.netty.MessageChannelHandler.messageReceived(MessageChannelHandler.java:109)
	at org.jboss.netty.channel.SimpleChannelUpstreamHandler.handleUpstream(SimpleChannelUpstreamHandler.java:70)
	at org.jboss.netty.channel.DefaultChannelPipeline.sendUpstream(DefaultChannelPipeline.java:564)
	at org.jboss.netty.channel.DefaultChannelPipeline$DefaultChannelHandlerContext.sendUpstream(DefaultChannelPipeline.java:791)
	at org.jboss.netty.channel.Channels.fireMessageReceived(Channels.java:296)
	at org.jboss.netty.handler.codec.frame.FrameDecoder.unfoldAndFireMessageReceived(FrameDecoder.java:462)
	at org.jboss.netty.handler.codec.frame.FrameDecoder.callDecode(FrameDecoder.java:443)
	at org.jboss.netty.handler.codec.frame.FrameDecoder.messageReceived(FrameDecoder.java:303)
	at org.jboss.netty.channel.SimpleChannelUpstreamHandler.handleUpstream(SimpleChannelUpstreamHandler.java:70)
	at org.jboss.netty.channel.DefaultChannelPipeline.sendUpstream(DefaultChannelPipeline.java:564)
	at org.jboss.netty.channel.DefaultChannelPipeline$DefaultChannelHandlerContext.sendUpstream(DefaultChannelPipeline.java:791)
	at org.elasticsearch.common.netty.OpenChannelsHandler.handleUpstream(OpenChannelsHandler.java:74)
	at org.jboss.netty.channel.DefaultChannelPipeline.sendUpstream(DefaultChannelPipeline.java:564)
	at org.jboss.netty.channel.DefaultChannelPipeline.sendUpstream(DefaultChannelPipeline.java:559)
	at org.jboss.netty.channel.Channels.fireMessageReceived(Channels.java:268)
	at org.jboss.netty.channel.Channels.fireMessageReceived(Channels.java:255)
	at org.jboss.netty.channel.socket.nio.NioWorker.read(NioWorker.java:88)
	at org.jboss.netty.channel.socket.nio.AbstractNioWorker.process(AbstractNioWorker.java:108)
	at org.jboss.netty.channel.socket.nio.AbstractNioSelector.run(AbstractNioSelector.java:318)
	at org.jboss.netty.channel.socket.nio.AbstractNioWorker.run(AbstractNioWorker.java:89)
	at org.jboss.netty.channel.socket.nio.NioWorker.run(NioWorker.java:178)
	at org.jboss.netty.util.ThreadRenamingRunnable.run(ThreadRenamingRunnable.java:108)
	at org.jboss.netty.util.internal.DeadLockProofWorker$1.run(DeadLockProofWorker.java:42)
	at java.util.concurrent.ThreadPoolExecutor.runWorker(ThreadPoolExecutor.java:1145)
	at java.util.concurrent.ThreadPoolExecutor$Worker.run(ThreadPoolExecutor.java:615)
	at java.lang.Thread.run(Thread.java:744)
[2014-02-18 16:01:57,138][INFO ][indices.mapping          ] Action Failed
org.elasticsearch.transport.RemoteTransportException: [node_1][inet[/10.1.10.75:9301]][index]
Caused by: org.elasticsearch.common.util.concurrent.EsRejectedExecutionException: rejected execution (queue capacity 200) on org.elasticsearch.action.support.replication.TransportShardReplicationOperationAction$AsyncShardOperationAction$1@388da43d
	at org.elasticsearch.common.util.concurrent.EsAbortPolicy.rejectedExecution(EsAbortPolicy.java:62)
	at java.util.concurrent.ThreadPoolExecutor.reject(ThreadPoolExecutor.java:821)
	at java.util.concurrent.ThreadPoolExecutor.execute(ThreadPoolExecutor.java:1372)
	at org.elasticsearch.action.support.replication.TransportShardReplicationOperationAction$AsyncShardOperationAction.start(TransportShardReplicationOperationAction.java:422)
	at org.elasticsearch.action.support.replication.TransportShardReplicationOperationAction$AsyncShardOperationAction.start(TransportShardReplicationOperationAction.java:330)
	at org.elasticsearch.action.support.replication.TransportShardReplicationOperationAction.doExecute(TransportShardReplicationOperationAction.java:101)
	at org.elasticsearch.action.index.TransportIndexAction.innerExecute(TransportIndexAction.java:134)
	at org.elasticsearch.action.index.TransportIndexAction.doExecute(TransportIndexAction.java:116)
	at org.elasticsearch.action.index.TransportIndexAction.doExecute(TransportIndexAction.java:66)
	at org.elasticsearch.action.support.TransportAction.execute(TransportAction.java:63)
	at org.elasticsearch.action.support.replication.TransportShardReplicationOperationAction$OperationTransportHandler.messageReceived(TransportShardReplicationOperationAction.java:203)
	at org.elasticsearch.action.support.replication.TransportShardReplicationOperationAction$OperationTransportHandler.messageReceived(TransportShardReplicationOperationAction.java:185)
	at org.elasticsearch.transport.netty.MessageChannelHandler.handleRequest(MessageChannelHandler.java:212)
	at org.elasticsearch.transport.netty.MessageChannelHandler.messageReceived(MessageChannelHandler.java:109)
	at org.jboss.netty.channel.SimpleChannelUpstreamHandler.handleUpstream(SimpleChannelUpstreamHandler.java:70)
	at org.jboss.netty.channel.DefaultChannelPipeline.sendUpstream(DefaultChannelPipeline.java:564)
	at org.jboss.netty.channel.DefaultChannelPipeline$DefaultChannelHandlerContext.sendUpstream(DefaultChannelPipeline.java:791)
	at org.jboss.netty.channel.Channels.fireMessageReceived(Channels.java:296)
	at org.jboss.netty.handler.codec.frame.FrameDecoder.unfoldAndFireMessageReceived(FrameDecoder.java:462)
	at org.jboss.netty.handler.codec.frame.FrameDecoder.callDecode(FrameDecoder.java:443)
	at org.jboss.netty.handler.codec.frame.FrameDecoder.messageReceived(FrameDecoder.java:303)
	at org.jboss.netty.channel.SimpleChannelUpstreamHandler.handleUpstream(SimpleChannelUpstreamHandler.java:70)
	at org.jboss.netty.channel.DefaultChannelPipeline.sendUpstream(DefaultChannelPipeline.java:564)
	at org.jboss.netty.channel.DefaultChannelPipeline$DefaultChannelHandlerContext.sendUpstream(DefaultChannelPipeline.java:791)
	at org.elasticsearch.common.netty.OpenChannelsHandler.handleUpstream(OpenChannelsHandler.java:74)
	at org.jboss.netty.channel.DefaultChannelPipeline.sendUpstream(DefaultChannelPipeline.java:564)
	at org.jboss.netty.channel.DefaultChannelPipeline.sendUpstream(DefaultChannelPipeline.java:559)
	at org.jboss.netty.channel.Channels.fireMessageReceived(Channels.java:268)
	at org.jboss.netty.channel.Channels.fireMessageReceived(Channels.java:255)
	at org.jboss.netty.channel.socket.nio.NioWorker.read(NioWorker.java:88)
	at org.jboss.netty.channel.socket.nio.AbstractNioWorker.process(AbstractNioWorker.java:108)
	at org.jboss.netty.channel.socket.nio.AbstractNioSelector.run(AbstractNioSelector.java:318)
	at org.jboss.netty.channel.socket.nio.AbstractNioWorker.run(AbstractNioWorker.java:89)
	at org.jboss.netty.channel.socket.nio.NioWorker.run(NioWorker.java:178)
	at org.jboss.netty.util.ThreadRenamingRunnable.run(ThreadRenamingRunnable.java:108)
	at org.jboss.netty.util.internal.DeadLockProofWorker$1.run(DeadLockProofWorker.java:42)
	at java.util.concurrent.ThreadPoolExecutor.runWorker(ThreadPoolExecutor.java:1145)
	at java.util.concurrent.ThreadPoolExecutor$Worker.run(ThreadPoolExecutor.java:615)
	at java.lang.Thread.run(Thread.java:744)
[2014-02-18 16:01:57,139][INFO ][indices.mapping          ] Action Failed
org.elasticsearch.transport.RemoteTransportException: [node_1][inet[/10.1.10.75:9301]][index]
Caused by: org.elasticsearch.common.util.concurrent.EsRejectedExecutionException: rejected execution (queue capacity 200) on org.elasticsearch.action.support.replication.TransportShardReplicationOperationAction$AsyncShardOperationAction$1@649e033f
	at org.elasticsearch.common.util.concurrent.EsAbortPolicy.rejectedExecution(EsAbortPolicy.java:62)
	at java.util.concurrent.ThreadPoolExecutor.reject(ThreadPoolExecutor.java:821)
	at java.util.concurrent.ThreadPoolExecutor.execute(ThreadPoolExecutor.java:1372)
	at org.elasticsearch.action.support.replication.TransportShardReplicationOperationAction$AsyncShardOperationAction.start(TransportShardReplicationOperationAction.java:422)
	at org.elasticsearch.action.support.replication.TransportShardReplicationOperationAction$AsyncShardOperationAction.start(TransportShardReplicationOperationAction.java:330)
	at org.elasticsearch.action.support.replication.TransportShardReplicationOperationAction.doExecute(TransportShardReplicationOperationAction.java:101)
	at org.elasticsearch.action.index.TransportIndexAction.innerExecute(TransportIndexAction.java:134)
	at org.elasticsearch.action.index.TransportIndexAction.doExecute(TransportIndexAction.java:116)
	at org.elasticsearch.action.index.TransportIndexAction.doExecute(TransportIndexAction.java:66)
	at org.elasticsearch.action.support.TransportAction.execute(TransportAction.java:63)
	at org.elasticsearch.action.support.replication.TransportShardReplicationOperationAction$OperationTransportHandler.messageReceived(TransportShardReplicationOperationAction.java:203)
	at org.elasticsearch.action.support.replication.TransportShardReplicationOperationAction$OperationTransportHandler.messageReceived(TransportShardReplicationOperationAction.java:185)
	at org.elasticsearch.transport.netty.MessageChannelHandler.handleRequest(MessageChannelHandler.java:212)
	at org.elasticsearch.transport.netty.MessageChannelHandler.messageReceived(MessageChannelHandler.java:109)
	at org.jboss.netty.channel.SimpleChannelUpstreamHandler.handleUpstream(SimpleChannelUpstreamHandler.java:70)
	at org.jboss.netty.channel.DefaultChannelPipeline.sendUpstream(DefaultChannelPipeline.java:564)
	at org.jboss.netty.channel.DefaultChannelPipeline$DefaultChannelHandlerContext.sendUpstream(DefaultChannelPipeline.java:791)
	at org.jboss.netty.channel.Channels.fireMessageReceived(Channels.java:296)
	at org.jboss.netty.handler.codec.frame.FrameDecoder.unfoldAndFireMessageReceived(FrameDecoder.java:462)
	at org.jboss.netty.handler.codec.frame.FrameDecoder.callDecode(FrameDecoder.java:443)
	at org.jboss.netty.handler.codec.frame.FrameDecoder.messageReceived(FrameDecoder.java:303)
	at org.jboss.netty.channel.SimpleChannelUpstreamHandler.handleUpstream(SimpleChannelUpstreamHandler.java:70)
	at org.jboss.netty.channel.DefaultChannelPipeline.sendUpstream(DefaultChannelPipeline.java:564)
	at org.jboss.netty.channel.DefaultChannelPipeline$DefaultChannelHandlerContext.sendUpstream(DefaultChannelPipeline.java:791)
	at org.elasticsearch.common.netty.OpenChannelsHandler.handleUpstream(OpenChannelsHandler.java:74)
	at org.jboss.netty.channel.DefaultChannelPipeline.sendUpstream(DefaultChannelPipeline.java:564)
	at org.jboss.netty.channel.DefaultChannelPipeline.sendUpstream(DefaultChannelPipeline.java:559)
	at org.jboss.netty.channel.Channels.fireMessageReceived(Channels.java:268)
	at org.jboss.netty.channel.Channels.fireMessageReceived(Channels.java:255)
	at org.jboss.netty.channel.socket.nio.NioWorker.read(NioWorker.java:88)
	at org.jboss.netty.channel.socket.nio.AbstractNioWorker.process(AbstractNioWorker.java:108)
	at org.jboss.netty.channel.socket.nio.AbstractNioSelector.run(AbstractNioSelector.java:318)
	at org.jboss.netty.channel.socket.nio.AbstractNioWorker.run(AbstractNioWorker.java:89)
	at org.jboss.netty.channel.socket.nio.NioWorker.run(NioWorker.java:178)
	at org.jboss.netty.util.ThreadRenamingRunnable.run(ThreadRenamingRunnable.java:108)
	at org.jboss.netty.util.internal.DeadLockProofWorker$1.run(DeadLockProofWorker.java:42)
	at java.util.concurrent.ThreadPoolExecutor.runWorker(ThreadPoolExecutor.java:1145)
	at java.util.concurrent.ThreadPoolExecutor$Worker.run(ThreadPoolExecutor.java:615)
	at java.lang.Thread.run(Thread.java:744)
[2014-02-18 16:01:57,139][INFO ][indices.mapping          ] Action Failed
org.elasticsearch.transport.RemoteTransportException: [node_1][inet[/10.1.10.75:9301]][index]
Caused by: org.elasticsearch.common.util.concurrent.EsRejectedExecutionException: rejected execution (queue capacity 200) on org.elasticsearch.action.support.replication.TransportShardReplicationOperationAction$AsyncShardOperationAction$1@41e750b4
	at org.elasticsearch.common.util.concurrent.EsAbortPolicy.rejectedExecution(EsAbortPolicy.java:62)
	at java.util.concurrent.ThreadPoolExecutor.reject(ThreadPoolExecutor.java:821)
	at java.util.concurrent.ThreadPoolExecutor.execute(ThreadPoolExecutor.java:1372)
	at org.elasticsearch.action.support.replication.TransportShardReplicationOperationAction$AsyncShardOperationAction.start(TransportShardReplicationOperationAction.java:422)
	at org.elasticsearch.action.support.replication.TransportShardReplicationOperationAction$AsyncShardOperationAction.start(TransportShardReplicationOperationAction.java:330)
	at org.elasticsearch.action.support.replication.TransportShardReplicationOperationAction.doExecute(TransportShardReplicationOperationAction.java:101)
	at org.elasticsearch.action.index.TransportIndexAction.innerExecute(TransportIndexAction.java:134)
	at org.elasticsearch.action.index.TransportIndexAction.doExecute(TransportIndexAction.java:116)
	at org.elasticsearch.action.index.TransportIndexAction.doExecute(TransportIndexAction.java:66)
	at org.elasticsearch.action.support.TransportAction.execute(TransportAction.java:63)
	at org.elasticsearch.action.support.replication.TransportShardReplicationOperationAction$OperationTransportHandler.messageReceived(TransportShardReplicationOperationAction.java:203)
	at org.elasticsearch.action.support.replication.TransportShardReplicationOperationAction$OperationTransportHandler.messageReceived(TransportShardReplicationOperationAction.java:185)
	at org.elasticsearch.transport.netty.MessageChannelHandler.handleRequest(MessageChannelHandler.java:212)
	at org.elasticsearch.transport.netty.MessageChannelHandler.messageReceived(MessageChannelHandler.java:109)
	at org.jboss.netty.channel.SimpleChannelUpstreamHandler.handleUpstream(SimpleChannelUpstreamHandler.java:70)
	at org.jboss.netty.channel.DefaultChannelPipeline.sendUpstream(DefaultChannelPipeline.java:564)
	at org.jboss.netty.channel.DefaultChannelPipeline$DefaultChannelHandlerContext.sendUpstream(DefaultChannelPipeline.java:791)
	at org.jboss.netty.channel.Channels.fireMessageReceived(Channels.java:296)
	at org.jboss.netty.handler.codec.frame.FrameDecoder.unfoldAndFireMessageReceived(FrameDecoder.java:462)
	at org.jboss.netty.handler.codec.frame.FrameDecoder.callDecode(FrameDecoder.java:443)
	at org.jboss.netty.handler.codec.frame.FrameDecoder.messageReceived(FrameDecoder.java:303)
	at org.jboss.netty.channel.SimpleChannelUpstreamHandler.handleUpstream(SimpleChannelUpstreamHandler.java:70)
	at org.jboss.netty.channel.DefaultChannelPipeline.sendUpstream(DefaultChannelPipeline.java:564)
	at org.jboss.netty.channel.DefaultChannelPipeline$DefaultChannelHandlerContext.sendUpstream(DefaultChannelPipeline.java:791)
	at org.elasticsearch.common.netty.OpenChannelsHandler.handleUpstream(OpenChannelsHandler.java:74)
	at org.jboss.netty.channel.DefaultChannelPipeline.sendUpstream(DefaultChannelPipeline.java:564)
	at org.jboss.netty.channel.DefaultChannelPipeline.sendUpstream(DefaultChannelPipeline.java:559)
	at org.jboss.netty.channel.Channels.fireMessageReceived(Channels.java:268)
	at org.jboss.netty.channel.Channels.fireMessageReceived(Channels.java:255)
	at org.jboss.netty.channel.socket.nio.NioWorker.read(NioWorker.java:88)
	at org.jboss.netty.channel.socket.nio.AbstractNioWorker.process(AbstractNioWorker.java:108)
	at org.jboss.netty.channel.socket.nio.AbstractNioSelector.run(AbstractNioSelector.java:318)
	at org.jboss.netty.channel.socket.nio.AbstractNioWorker.run(AbstractNioWorker.java:89)
	at org.jboss.netty.channel.socket.nio.NioWorker.run(NioWorker.java:178)
	at org.jboss.netty.util.ThreadRenamingRunnable.run(ThreadRenamingRunnable.java:108)
	at org.jboss.netty.util.internal.DeadLockProofWorker$1.run(DeadLockProofWorker.java:42)
	at java.util.concurrent.ThreadPoolExecutor.runWorker(ThreadPoolExecutor.java:1145)
	at java.util.concurrent.ThreadPoolExecutor$Worker.run(ThreadPoolExecutor.java:615)
	at java.lang.Thread.run(Thread.java:744)
[2014-02-18 16:01:57,145][INFO ][indices.mapping          ] Action Failed
org.elasticsearch.transport.RemoteTransportException: [node_1][inet[/10.1.10.75:9301]][index]
Caused by: org.elasticsearch.common.util.concurrent.EsRejectedExecutionException: rejected execution (queue capacity 200) on org.elasticsearch.action.support.replication.TransportShardReplicationOperationAction$AsyncShardOperationAction$1@21bf26b
	at org.elasticsearch.common.util.concurrent.EsAbortPolicy.rejectedExecution(EsAbortPolicy.java:62)
	at java.util.concurrent.ThreadPoolExecutor.reject(ThreadPoolExecutor.java:821)
	at java.util.concurrent.ThreadPoolExecutor.execute(ThreadPoolExecutor.java:1372)
	at org.elasticsearch.action.support.replication.TransportShardReplicationOperationAction$AsyncShardOperationAction.start(TransportShardReplicationOperationAction.java:422)
	at org.elasticsearch.action.support.replication.TransportShardReplicationOperationAction$AsyncShardOperationAction.start(TransportShardReplicationOperationAction.java:330)
	at org.elasticsearch.action.support.replication.TransportShardReplicationOperationAction.doExecute(TransportShardReplicationOperationAction.java:101)
	at org.elasticsearch.action.index.TransportIndexAction.innerExecute(TransportIndexAction.java:134)
	at org.elasticsearch.action.index.TransportIndexAction.doExecute(TransportIndexAction.java:116)
	at org.elasticsearch.action.index.TransportIndexAction.doExecute(TransportIndexAction.java:66)
	at org.elasticsearch.action.support.TransportAction.execute(TransportAction.java:63)
	at org.elasticsearch.action.support.replication.TransportShardReplicationOperationAction$OperationTransportHandler.messageReceived(TransportShardReplicationOperationAction.java:203)
	at org.elasticsearch.action.support.replication.TransportShardReplicationOperationAction$OperationTransportHandler.messageReceived(TransportShardReplicationOperationAction.java:185)
	at org.elasticsearch.transport.netty.MessageChannelHandler.handleRequest(MessageChannelHandler.java:212)
	at org.elasticsearch.transport.netty.MessageChannelHandler.messageReceived(MessageChannelHandler.java:109)
	at org.jboss.netty.channel.SimpleChannelUpstreamHandler.handleUpstream(SimpleChannelUpstreamHandler.java:70)
	at org.jboss.netty.channel.DefaultChannelPipeline.sendUpstream(DefaultChannelPipeline.java:564)
	at org.jboss.netty.channel.DefaultChannelPipeline$DefaultChannelHandlerContext.sendUpstream(DefaultChannelPipeline.java:791)
	at org.jboss.netty.channel.Channels.fireMessageReceived(Channels.java:296)
	at org.jboss.netty.handler.codec.frame.FrameDecoder.unfoldAndFireMessageReceived(FrameDecoder.java:462)
	at org.jboss.netty.handler.codec.frame.FrameDecoder.callDecode(FrameDecoder.java:443)
	at org.jboss.netty.handler.codec.frame.FrameDecoder.messageReceived(FrameDecoder.java:303)
	at org.jboss.netty.channel.SimpleChannelUpstreamHandler.handleUpstream(SimpleChannelUpstreamHandler.java:70)
	at org.jboss.netty.channel.DefaultChannelPipeline.sendUpstream(DefaultChannelPipeline.java:564)
	at org.jboss.netty.channel.DefaultChannelPipeline$DefaultChannelHandlerContext.sendUpstream(DefaultChannelPipeline.java:791)
	at org.elasticsearch.common.netty.OpenChannelsHandler.handleUpstream(OpenChannelsHandler.java:74)
	at org.jboss.netty.channel.DefaultChannelPipeline.sendUpstream(DefaultChannelPipeline.java:564)
	at org.jboss.netty.channel.DefaultChannelPipeline.sendUpstream(DefaultChannelPipeline.java:559)
	at org.jboss.netty.channel.Channels.fireMessageReceived(Channels.java:268)
	at org.jboss.netty.channel.Channels.fireMessageReceived(Channels.java:255)
	at org.jboss.netty.channel.socket.nio.NioWorker.read(NioWorker.java:88)
	at org.jboss.netty.channel.socket.nio.AbstractNioWorker.process(AbstractNioWorker.java:108)
	at org.jboss.netty.channel.socket.nio.AbstractNioSelector.run(AbstractNioSelector.java:318)
	at org.jboss.netty.channel.socket.nio.AbstractNioWorker.run(AbstractNioWorker.java:89)
	at org.jboss.netty.channel.socket.nio.NioWorker.run(NioWorker.java:178)
	at org.jboss.netty.util.ThreadRenamingRunnable.run(ThreadRenamingRunnable.java:108)
	at org.jboss.netty.util.internal.DeadLockProofWorker$1.run(DeadLockProofWorker.java:42)
	at java.util.concurrent.ThreadPoolExecutor.runWorker(ThreadPoolExecutor.java:1145)
	at java.util.concurrent.ThreadPoolExecutor$Worker.run(ThreadPoolExecutor.java:615)
	at java.lang.Thread.run(Thread.java:744)
[2014-02-18 16:01:57,149][INFO ][indices.mapping          ] Action Failed
org.elasticsearch.transport.RemoteTransportException: [node_1][inet[/10.1.10.75:9301]][index]
Caused by: org.elasticsearch.common.util.concurrent.EsRejectedExecutionException: rejected execution (queue capacity 200) on org.elasticsearch.action.support.replication.TransportShardReplicationOperationAction$AsyncShardOperationAction$1@56babf69
	at org.elasticsearch.common.util.concurrent.EsAbortPolicy.rejectedExecution(EsAbortPolicy.java:62)
	at java.util.concurrent.ThreadPoolExecutor.reject(ThreadPoolExecutor.java:821)
	at java.util.concurrent.ThreadPoolExecutor.execute(ThreadPoolExecutor.java:1372)
	at org.elasticsearch.action.support.replication.TransportShardReplicationOperationAction$AsyncShardOperationAction.start(TransportShardReplicationOperationAction.java:422)
	at org.elasticsearch.action.support.replication.TransportShardReplicationOperationAction$AsyncShardOperationAction.start(TransportShardReplicationOperationAction.java:330)
	at org.elasticsearch.action.support.replication.TransportShardReplicationOperationAction.doExecute(TransportShardReplicationOperationAction.java:101)
	at org.elasticsearch.action.index.TransportIndexAction.innerExecute(TransportIndexAction.java:134)
	at org.elasticsearch.action.index.TransportIndexAction.doExecute(TransportIndexAction.java:116)
	at org.elasticsearch.action.index.TransportIndexAction.doExecute(TransportIndexAction.java:66)
	at org.elasticsearch.action.support.TransportAction.execute(TransportAction.java:63)
	at org.elasticsearch.action.support.replication.TransportShardReplicationOperationAction$OperationTransportHandler.messageReceived(TransportShardReplicationOperationAction.java:203)
	at org.elasticsearch.action.support.replication.TransportShardReplicationOperationAction$OperationTransportHandler.messageReceived(TransportShardReplicationOperationAction.java:185)
	at org.elasticsearch.transport.netty.MessageChannelHandler.handleRequest(MessageChannelHandler.java:212)
	at org.elasticsearch.transport.netty.MessageChannelHandler.messageReceived(MessageChannelHandler.java:109)
	at org.jboss.netty.channel.SimpleChannelUpstreamHandler.handleUpstream(SimpleChannelUpstreamHandler.java:70)
	at org.jboss.netty.channel.DefaultChannelPipeline.sendUpstream(DefaultChannelPipeline.java:564)
	at org.jboss.netty.channel.DefaultChannelPipeline$DefaultChannelHandlerContext.sendUpstream(DefaultChannelPipeline.java:791)
	at org.jboss.netty.channel.Channels.fireMessageReceived(Channels.java:296)
	at org.jboss.netty.handler.codec.frame.FrameDecoder.unfoldAndFireMessageReceived(FrameDecoder.java:462)
	at org.jboss.netty.handler.codec.frame.FrameDecoder.callDecode(FrameDecoder.java:443)
	at org.jboss.netty.handler.codec.frame.FrameDecoder.messageReceived(FrameDecoder.java:303)
	at org.jboss.netty.channel.SimpleChannelUpstreamHandler.handleUpstream(SimpleChannelUpstreamHandler.java:70)
	at org.jboss.netty.channel.DefaultChannelPipeline.sendUpstream(DefaultChannelPipeline.java:564)
	at org.jboss.netty.channel.DefaultChannelPipeline$DefaultChannelHandlerContext.sendUpstream(DefaultChannelPipeline.java:791)
	at org.elasticsearch.common.netty.OpenChannelsHandler.handleUpstream(OpenChannelsHandler.java:74)
	at org.jboss.netty.channel.DefaultChannelPipeline.sendUpstream(DefaultChannelPipeline.java:564)
	at org.jboss.netty.channel.DefaultChannelPipeline.sendUpstream(DefaultChannelPipeline.java:559)
	at org.jboss.netty.channel.Channels.fireMessageReceived(Channels.java:268)
	at org.jboss.netty.channel.Channels.fireMessageReceived(Channels.java:255)
	at org.jboss.netty.channel.socket.nio.NioWorker.read(NioWorker.java:88)
	at org.jboss.netty.channel.socket.nio.AbstractNioWorker.process(AbstractNioWorker.java:108)
	at org.jboss.netty.channel.socket.nio.AbstractNioSelector.run(AbstractNioSelector.java:318)
	at org.jboss.netty.channel.socket.nio.AbstractNioWorker.run(AbstractNioWorker.java:89)
	at org.jboss.netty.channel.socket.nio.NioWorker.run(NioWorker.java:178)
	at org.jboss.netty.util.ThreadRenamingRunnable.run(ThreadRenamingRunnable.java:108)
	at org.jboss.netty.util.internal.DeadLockProofWorker$1.run(DeadLockProofWorker.java:42)
	at java.util.concurrent.ThreadPoolExecutor.runWorker(ThreadPoolExecutor.java:1145)
	at java.util.concurrent.ThreadPoolExecutor$Worker.run(ThreadPoolExecutor.java:615)
	at java.lang.Thread.run(Thread.java:744)
[2014-02-18 16:01:57,139][INFO ][indices.mapping          ] Action Failed
org.elasticsearch.transport.RemoteTransportException: [node_1][inet[/10.1.10.75:9301]][index]
Caused by: org.elasticsearch.common.util.concurrent.EsRejectedExecutionException: rejected execution (queue capacity 200) on org.elasticsearch.action.support.replication.TransportShardReplicationOperationAction$AsyncShardOperationAction$1@d8bf0db
	at org.elasticsearch.common.util.concurrent.EsAbortPolicy.rejectedExecution(EsAbortPolicy.java:62)
	at java.util.concurrent.ThreadPoolExecutor.reject(ThreadPoolExecutor.java:821)
	at java.util.concurrent.ThreadPoolExecutor.execute(ThreadPoolExecutor.java:1372)
	at org.elasticsearch.action.support.replication.TransportShardReplicationOperationAction$AsyncShardOperationAction.start(TransportShardReplicationOperationAction.java:422)
	at org.elasticsearch.action.support.replication.TransportShardReplicationOperationAction$AsyncShardOperationAction.start(TransportShardReplicationOperationAction.java:330)
	at org.elasticsearch.action.support.replication.TransportShardReplicationOperationAction.doExecute(TransportShardReplicationOperationAction.java:101)
	at org.elasticsearch.action.index.TransportIndexAction.innerExecute(TransportIndexAction.java:134)
	at org.elasticsearch.action.index.TransportIndexAction.doExecute(TransportIndexAction.java:116)
	at org.elasticsearch.action.index.TransportIndexAction.doExecute(TransportIndexAction.java:66)
	at org.elasticsearch.action.support.TransportAction.execute(TransportAction.java:63)
	at org.elasticsearch.action.support.replication.TransportShardReplicationOperationAction$OperationTransportHandler.messageReceived(TransportShardReplicationOperationAction.java:203)
	at org.elasticsearch.action.support.replication.TransportShardReplicationOperationAction$OperationTransportHandler.messageReceived(TransportShardReplicationOperationAction.java:185)
	at org.elasticsearch.transport.netty.MessageChannelHandler.handleRequest(MessageChannelHandler.java:212)
	at org.elasticsearch.transport.netty.MessageChannelHandler.messageReceived(MessageChannelHandler.java:109)
	at org.jboss.netty.channel.SimpleChannelUpstreamHandler.handleUpstream(SimpleChannelUpstreamHandler.java:70)
	at org.jboss.netty.channel.DefaultChannelPipeline.sendUpstream(DefaultChannelPipeline.java:564)
	at org.jboss.netty.channel.DefaultChannelPipeline$DefaultChannelHandlerContext.sendUpstream(DefaultChannelPipeline.java:791)
	at org.jboss.netty.channel.Channels.fireMessageReceived(Channels.java:296)
	at org.jboss.netty.handler.codec.frame.FrameDecoder.unfoldAndFireMessageReceived(FrameDecoder.java:462)
	at org.jboss.netty.handler.codec.frame.FrameDecoder.callDecode(FrameDecoder.java:443)
	at org.jboss.netty.handler.codec.frame.FrameDecoder.messageReceived(FrameDecoder.java:303)
	at org.jboss.netty.channel.SimpleChannelUpstreamHandler.handleUpstream(SimpleChannelUpstreamHandler.java:70)
	at org.jboss.netty.channel.DefaultChannelPipeline.sendUpstream(DefaultChannelPipeline.java:564)
	at org.jboss.netty.channel.DefaultChannelPipeline$DefaultChannelHandlerContext.sendUpstream(DefaultChannelPipeline.java:791)
	at org.elasticsearch.common.netty.OpenChannelsHandler.handleUpstream(OpenChannelsHandler.java:74)
	at org.jboss.netty.channel.DefaultChannelPipeline.sendUpstream(DefaultChannelPipeline.java:564)
	at org.jboss.netty.channel.DefaultChannelPipeline.sendUpstream(DefaultChannelPipeline.java:559)
	at org.jboss.netty.channel.Channels.fireMessageReceived(Channels.java:268)
	at org.jboss.netty.channel.Channels.fireMessageReceived(Channels.java:255)
	at org.jboss.netty.channel.socket.nio.NioWorker.read(NioWorker.java:88)
	at org.jboss.netty.channel.socket.nio.AbstractNioWorker.process(AbstractNioWorker.java:108)
	at org.jboss.netty.channel.socket.nio.AbstractNioSelector.run(AbstractNioSelector.java:318)
	at org.jboss.netty.channel.socket.nio.AbstractNioWorker.run(AbstractNioWorker.java:89)
	at org.jboss.netty.channel.socket.nio.NioWorker.run(NioWorker.java:178)
	at org.jboss.netty.util.ThreadRenamingRunnable.run(ThreadRenamingRunnable.java:108)
	at org.jboss.netty.util.internal.DeadLockProofWorker$1.run(DeadLockProofWorker.java:42)
	at java.util.concurrent.ThreadPoolExecutor.runWorker(ThreadPoolExecutor.java:1145)
	at java.util.concurrent.ThreadPoolExecutor$Worker.run(ThreadPoolExecutor.java:615)
	at java.lang.Thread.run(Thread.java:744)
[2014-02-18 16:01:57,138][INFO ][indices.mapping          ] Action Failed
org.elasticsearch.transport.RemoteTransportException: [node_1][inet[/10.1.10.75:9301]][index]
Caused by: org.elasticsearch.common.util.concurrent.EsRejectedExecutionException: rejected execution (queue capacity 200) on org.elasticsearch.action.support.replication.TransportShardReplicationOperationAction$AsyncShardOperationAction$1@1dacfc8
	at org.elasticsearch.common.util.concurrent.EsAbortPolicy.rejectedExecution(EsAbortPolicy.java:62)
	at java.util.concurrent.ThreadPoolExecutor.reject(ThreadPoolExecutor.java:821)
	at java.util.concurrent.ThreadPoolExecutor.execute(ThreadPoolExecutor.java:1372)
	at org.elasticsearch.action.support.replication.TransportShardReplicationOperationAction$AsyncShardOperationAction.start(TransportShardReplicationOperationAction.java:422)
	at org.elasticsearch.action.support.replication.TransportShardReplicationOperationAction$AsyncShardOperationAction.start(TransportShardReplicationOperationAction.java:330)
	at org.elasticsearch.action.support.replication.TransportShardReplicationOperationAction.doExecute(TransportShardReplicationOperationAction.java:101)
	at org.elasticsearch.action.index.TransportIndexAction.innerExecute(TransportIndexAction.java:134)
	at org.elasticsearch.action.index.TransportIndexAction.doExecute(TransportIndexAction.java:116)
	at org.elasticsearch.action.index.TransportIndexAction.doExecute(TransportIndexAction.java:66)
	at org.elasticsearch.action.support.TransportAction.execute(TransportAction.java:63)
	at org.elasticsearch.action.support.replication.TransportShardReplicationOperationAction$OperationTransportHandler.messageReceived(TransportShardReplicationOperationAction.java:203)
	at org.elasticsearch.action.support.replication.TransportShardReplicationOperationAction$OperationTransportHandler.messageReceived(TransportShardReplicationOperationAction.java:185)
	at org.elasticsearch.transport.netty.MessageChannelHandler.handleRequest(MessageChannelHandler.java:212)
	at org.elasticsearch.transport.netty.MessageChannelHandler.messageReceived(MessageChannelHandler.java:109)
	at org.jboss.netty.channel.SimpleChannelUpstreamHandler.handleUpstream(SimpleChannelUpstreamHandler.java:70)
	at org.jboss.netty.channel.DefaultChannelPipeline.sendUpstream(DefaultChannelPipeline.java:564)
	at org.jboss.netty.channel.DefaultChannelPipeline$DefaultChannelHandlerContext.sendUpstream(DefaultChannelPipeline.java:791)
	at org.jboss.netty.channel.Channels.fireMessageReceived(Channels.java:296)
	at org.jboss.netty.handler.codec.frame.FrameDecoder.unfoldAndFireMessageReceived(FrameDecoder.java:462)
	at org.jboss.netty.handler.codec.frame.FrameDecoder.callDecode(FrameDecoder.java:443)
	at org.jboss.netty.handler.codec.frame.FrameDecoder.messageReceived(FrameDecoder.java:303)
	at org.jboss.netty.channel.SimpleChannelUpstreamHandler.handleUpstream(SimpleChannelUpstreamHandler.java:70)
	at org.jboss.netty.channel.DefaultChannelPipeline.sendUpstream(DefaultChannelPipeline.java:564)
	at org.jboss.netty.channel.DefaultChannelPipeline$DefaultChannelHandlerContext.sendUpstream(DefaultChannelPipeline.java:791)
	at org.elasticsearch.common.netty.OpenChannelsHandler.handleUpstream(OpenChannelsHandler.java:74)
	at org.jboss.netty.channel.DefaultChannelPipeline.sendUpstream(DefaultChannelPipeline.java:564)
	at org.jboss.netty.channel.DefaultChannelPipeline.sendUpstream(DefaultChannelPipeline.java:559)
	at org.jboss.netty.channel.Channels.fireMessageReceived(Channels.java:268)
	at org.jboss.netty.channel.Channels.fireMessageReceived(Channels.java:255)
	at org.jboss.netty.channel.socket.nio.NioWorker.read(NioWorker.java:88)
	at org.jboss.netty.channel.socket.nio.AbstractNioWorker.process(AbstractNioWorker.java:108)
	at org.jboss.netty.channel.socket.nio.AbstractNioSelector.run(AbstractNioSelector.java:318)
	at org.jboss.netty.channel.socket.nio.AbstractNioWorker.run(AbstractNioWorker.java:89)
	at org.jboss.netty.channel.socket.nio.NioWorker.run(NioWorker.java:178)
	at org.jboss.netty.util.ThreadRenamingRunnable.run(ThreadRenamingRunnable.java:108)
	at org.jboss.netty.util.internal.DeadLockProofWorker$1.run(DeadLockProofWorker.java:42)
	at java.util.concurrent.ThreadPoolExecutor.runWorker(ThreadPoolExecutor.java:1145)
	at java.util.concurrent.ThreadPoolExecutor$Worker.run(ThreadPoolExecutor.java:615)
	at java.lang.Thread.run(Thread.java:744)
[2014-02-18 16:01:57,156][INFO ][indices.mapping          ] Action Failed
org.elasticsearch.transport.RemoteTransportException: [node_1][inet[/10.1.10.75:9301]][index]
Caused by: org.elasticsearch.common.util.concurrent.EsRejectedExecutionException: rejected execution (queue capacity 200) on org.elasticsearch.action.support.replication.TransportShardReplicationOperationAction$AsyncShardOperationAction$1@283c8856
	at org.elasticsearch.common.util.concurrent.EsAbortPolicy.rejectedExecution(EsAbortPolicy.java:62)
	at java.util.concurrent.ThreadPoolExecutor.reject(ThreadPoolExecutor.java:821)
	at java.util.concurrent.ThreadPoolExecutor.execute(ThreadPoolExecutor.java:1372)
	at org.elasticsearch.action.support.replication.TransportShardReplicationOperationAction$AsyncShardOperationAction.start(TransportShardReplicationOperationAction.java:422)
	at org.elasticsearch.action.support.replication.TransportShardReplicationOperationAction$AsyncShardOperationAction.start(TransportShardReplicationOperationAction.java:330)
	at org.elasticsearch.action.support.replication.TransportShardReplicationOperationAction.doExecute(TransportShardReplicationOperationAction.java:101)
	at org.elasticsearch.action.index.TransportIndexAction.innerExecute(TransportIndexAction.java:134)
	at org.elasticsearch.action.index.TransportIndexAction.doExecute(TransportIndexAction.java:116)
	at org.elasticsearch.action.index.TransportIndexAction.doExecute(TransportIndexAction.java:66)
	at org.elasticsearch.action.support.TransportAction.execute(TransportAction.java:63)
	at org.elasticsearch.action.support.replication.TransportShardReplicationOperationAction$OperationTransportHandler.messageReceived(TransportShardReplicationOperationAction.java:203)
	at org.elasticsearch.action.support.replication.TransportShardReplicationOperationAction$OperationTransportHandler.messageReceived(TransportShardReplicationOperationAction.java:185)
	at org.elasticsearch.transport.netty.MessageChannelHandler.handleRequest(MessageChannelHandler.java:212)
	at org.elasticsearch.transport.netty.MessageChannelHandler.messageReceived(MessageChannelHandler.java:109)
	at org.jboss.netty.channel.SimpleChannelUpstreamHandler.handleUpstream(SimpleChannelUpstreamHandler.java:70)
	at org.jboss.netty.channel.DefaultChannelPipeline.sendUpstream(DefaultChannelPipeline.java:564)
	at org.jboss.netty.channel.DefaultChannelPipeline$DefaultChannelHandlerContext.sendUpstream(DefaultChannelPipeline.java:791)
	at org.jboss.netty.channel.Channels.fireMessageReceived(Channels.java:296)
	at org.jboss.netty.handler.codec.frame.FrameDecoder.unfoldAndFireMessageReceived(FrameDecoder.java:462)
	at org.jboss.netty.handler.codec.frame.FrameDecoder.callDecode(FrameDecoder.java:443)
	at org.jboss.netty.handler.codec.frame.FrameDecoder.messageReceived(FrameDecoder.java:303)
	at org.jboss.netty.channel.SimpleChannelUpstreamHandler.handleUpstream(SimpleChannelUpstreamHandler.java:70)
	at org.jboss.netty.channel.DefaultChannelPipeline.sendUpstream(DefaultChannelPipeline.java:564)
	at org.jboss.netty.channel.DefaultChannelPipeline$DefaultChannelHandlerContext.sendUpstream(DefaultChannelPipeline.java:791)
	at org.elasticsearch.common.netty.OpenChannelsHandler.handleUpstream(OpenChannelsHandler.java:74)
	at org.jboss.netty.channel.DefaultChannelPipeline.sendUpstream(DefaultChannelPipeline.java:564)
	at org.jboss.netty.channel.DefaultChannelPipeline.sendUpstream(DefaultChannelPipeline.java:559)
	at org.jboss.netty.channel.Channels.fireMessageReceived(Channels.java:268)
	at org.jboss.netty.channel.Channels.fireMessageReceived(Channels.java:255)
	at org.jboss.netty.channel.socket.nio.NioWorker.read(NioWorker.java:88)
	at org.jboss.netty.channel.socket.nio.AbstractNioWorker.process(AbstractNioWorker.java:108)
	at org.jboss.netty.channel.socket.nio.AbstractNioSelector.run(AbstractNioSelector.java:318)
	at org.jboss.netty.channel.socket.nio.AbstractNioWorker.run(AbstractNioWorker.java:89)
	at org.jboss.netty.channel.socket.nio.NioWorker.run(NioWorker.java:178)
	at org.jboss.netty.util.ThreadRenamingRunnable.run(ThreadRenamingRunnable.java:108)
	at org.jboss.netty.util.internal.DeadLockProofWorker$1.run(DeadLockProofWorker.java:42)
	at java.util.concurrent.ThreadPoolExecutor.runWorker(ThreadPoolExecutor.java:1145)
	at java.util.concurrent.ThreadPoolExecutor$Worker.run(ThreadPoolExecutor.java:615)
	at java.lang.Thread.run(Thread.java:744)
[2014-02-18 16:01:57,158][INFO ][indices.mapping          ] Action Failed
org.elasticsearch.transport.RemoteTransportException: [node_1][inet[/10.1.10.75:9301]][index]
Caused by: org.elasticsearch.common.util.concurrent.EsRejectedExecutionException: rejected execution (queue capacity 200) on org.elasticsearch.action.support.replication.TransportShardReplicationOperationAction$AsyncShardOperationAction$1@415e0a25
	at org.elasticsearch.common.util.concurrent.EsAbortPolicy.rejectedExecution(EsAbortPolicy.java:62)
	at java.util.concurrent.ThreadPoolExecutor.reject(ThreadPoolExecutor.java:821)
	at java.util.concurrent.ThreadPoolExecutor.execute(ThreadPoolExecutor.java:1372)
	at org.elasticsearch.action.support.replication.TransportShardReplicationOperationAction$AsyncShardOperationAction.start(TransportShardReplicationOperationAction.java:422)
	at org.elasticsearch.action.support.replication.TransportShardReplicationOperationAction$AsyncShardOperationAction.start(TransportShardReplicationOperationAction.java:330)
	at org.elasticsearch.action.support.replication.TransportShardReplicationOperationAction.doExecute(TransportShardReplicationOperationAction.java:101)
	at org.elasticsearch.action.index.TransportIndexAction.innerExecute(TransportIndexAction.java:134)
	at org.elasticsearch.action.index.TransportIndexAction.doExecute(TransportIndexAction.java:116)
	at org.elasticsearch.action.index.TransportIndexAction.doExecute(TransportIndexAction.java:66)
	at org.elasticsearch.action.support.TransportAction.execute(TransportAction.java:63)
	at org.elasticsearch.action.support.replication.TransportShardReplicationOperationAction$OperationTransportHandler.messageReceived(TransportShardReplicationOperationAction.java:203)
	at org.elasticsearch.action.support.replication.TransportShardReplicationOperationAction$OperationTransportHandler.messageReceived(TransportShardReplicationOperationAction.java:185)
	at org.elasticsearch.transport.netty.MessageChannelHandler.handleRequest(MessageChannelHandler.java:212)
	at org.elasticsearch.transport.netty.MessageChannelHandler.messageReceived(MessageChannelHandler.java:109)
	at org.jboss.netty.channel.SimpleChannelUpstreamHandler.handleUpstream(SimpleChannelUpstreamHandler.java:70)
	at org.jboss.netty.channel.DefaultChannelPipeline.sendUpstream(DefaultChannelPipeline.java:564)
	at org.jboss.netty.channel.DefaultChannelPipeline$DefaultChannelHandlerContext.sendUpstream(DefaultChannelPipeline.java:791)
	at org.jboss.netty.channel.Channels.fireMessageReceived(Channels.java:296)
	at org.jboss.netty.handler.codec.frame.FrameDecoder.unfoldAndFireMessageReceived(FrameDecoder.java:462)
	at org.jboss.netty.handler.codec.frame.FrameDecoder.callDecode(FrameDecoder.java:443)
	at org.jboss.netty.handler.codec.frame.FrameDecoder.messageReceived(FrameDecoder.java:303)
	at org.jboss.netty.channel.SimpleChannelUpstreamHandler.handleUpstream(SimpleChannelUpstreamHandler.java:70)
	at org.jboss.netty.channel.DefaultChannelPipeline.sendUpstream(DefaultChannelPipeline.java:564)
	at org.jboss.netty.channel.DefaultChannelPipeline$DefaultChannelHandlerContext.sendUpstream(DefaultChannelPipeline.java:791)
	at org.elasticsearch.common.netty.OpenChannelsHandler.handleUpstream(OpenChannelsHandler.java:74)
	at org.jboss.netty.channel.DefaultChannelPipeline.sendUpstream(DefaultChannelPipeline.java:564)
	at org.jboss.netty.channel.DefaultChannelPipeline.sendUpstream(DefaultChannelPipeline.java:559)
	at org.jboss.netty.channel.Channels.fireMessageReceived(Channels.java:268)
	at org.jboss.netty.channel.Channels.fireMessageReceived(Channels.java:255)
	at org.jboss.netty.channel.socket.nio.NioWorker.read(NioWorker.java:88)
	at org.jboss.netty.channel.socket.nio.AbstractNioWorker.process(AbstractNioWorker.java:108)
	at org.jboss.netty.channel.socket.nio.AbstractNioSelector.run(AbstractNioSelector.java:318)
	at org.jboss.netty.channel.socket.nio.AbstractNioWorker.run(AbstractNioWorker.java:89)
	at org.jboss.netty.channel.socket.nio.NioWorker.run(NioWorker.java:178)
	at org.jboss.netty.util.ThreadRenamingRunnable.run(ThreadRenamingRunnable.java:108)
	at org.jboss.netty.util.internal.DeadLockProofWorker$1.run(DeadLockProofWorker.java:42)
	at java.util.concurrent.ThreadPoolExecutor.runWorker(ThreadPoolExecutor.java:1145)
	at java.util.concurrent.ThreadPoolExecutor$Worker.run(ThreadPoolExecutor.java:615)
	at java.lang.Thread.run(Thread.java:744)
[2014-02-18 16:01:57,155][INFO ][indices.mapping          ] Action Failed
org.elasticsearch.transport.RemoteTransportException: [node_1][inet[/10.1.10.75:9301]][index]
Caused by: org.elasticsearch.common.util.concurrent.EsRejectedExecutionException: rejected execution (queue capacity 200) on org.elasticsearch.action.support.replication.TransportShardReplicationOperationAction$AsyncShardOperationAction$1@2d06790b
	at org.elasticsearch.common.util.concurrent.EsAbortPolicy.rejectedExecution(EsAbortPolicy.java:62)
	at java.util.concurrent.ThreadPoolExecutor.reject(ThreadPoolExecutor.java:821)
	at java.util.concurrent.ThreadPoolExecutor.execute(ThreadPoolExecutor.java:1372)
	at org.elasticsearch.action.support.replication.TransportShardReplicationOperationAction$AsyncShardOperationAction.start(TransportShardReplicationOperationAction.java:422)
	at org.elasticsearch.action.support.replication.TransportShardReplicationOperationAction$AsyncShardOperationAction.start(TransportShardReplicationOperationAction.java:330)
	at org.elasticsearch.action.support.replication.TransportShardReplicationOperationAction.doExecute(TransportShardReplicationOperationAction.java:101)
	at org.elasticsearch.action.index.TransportIndexAction.innerExecute(TransportIndexAction.java:134)
	at org.elasticsearch.action.index.TransportIndexAction.doExecute(TransportIndexAction.java:116)
	at org.elasticsearch.action.index.TransportIndexAction.doExecute(TransportIndexAction.java:66)
	at org.elasticsearch.action.support.TransportAction.execute(TransportAction.java:63)
	at org.elasticsearch.action.support.replication.TransportShardReplicationOperationAction$OperationTransportHandler.messageReceived(TransportShardReplicationOperationAction.java:203)
	at org.elasticsearch.action.support.replication.TransportShardReplicationOperationAction$OperationTransportHandler.messageReceived(TransportShardReplicationOperationAction.java:185)
	at org.elasticsearch.transport.netty.MessageChannelHandler.handleRequest(MessageChannelHandler.java:212)
	at org.elasticsearch.transport.netty.MessageChannelHandler.messageReceived(MessageChannelHandler.java:109)
	at org.jboss.netty.channel.SimpleChannelUpstreamHandler.handleUpstream(SimpleChannelUpstreamHandler.java:70)
	at org.jboss.netty.channel.DefaultChannelPipeline.sendUpstream(DefaultChannelPipeline.java:564)
	at org.jboss.netty.channel.DefaultChannelPipeline$DefaultChannelHandlerContext.sendUpstream(DefaultChannelPipeline.java:791)
	at org.jboss.netty.channel.Channels.fireMessageReceived(Channels.java:296)
	at org.jboss.netty.handler.codec.frame.FrameDecoder.unfoldAndFireMessageReceived(FrameDecoder.java:462)
	at org.jboss.netty.handler.codec.frame.FrameDecoder.callDecode(FrameDecoder.java:443)
	at org.jboss.netty.handler.codec.frame.FrameDecoder.messageReceived(FrameDecoder.java:303)
	at org.jboss.netty.channel.SimpleChannelUpstreamHandler.handleUpstream(SimpleChannelUpstreamHandler.java:70)
	at org.jboss.netty.channel.DefaultChannelPipeline.sendUpstream(DefaultChannelPipeline.java:564)
	at org.jboss.netty.channel.DefaultChannelPipeline$DefaultChannelHandlerContext.sendUpstream(DefaultChannelPipeline.java:791)
	at org.elasticsearch.common.netty.OpenChannelsHandler.handleUpstream(OpenChannelsHandler.java:74)
	at org.jboss.netty.channel.DefaultChannelPipeline.sendUpstream(DefaultChannelPipeline.java:564)
	at org.jboss.netty.channel.DefaultChannelPipeline.sendUpstream(DefaultChannelPipeline.java:559)
	at org.jboss.netty.channel.Channels.fireMessageReceived(Channels.java:268)
	at org.jboss.netty.channel.Channels.fireMessageReceived(Channels.java:255)
	at org.jboss.netty.channel.socket.nio.NioWorker.read(NioWorker.java:88)
	at org.jboss.netty.channel.socket.nio.AbstractNioWorker.process(AbstractNioWorker.java:108)
	at org.jboss.netty.channel.socket.nio.AbstractNioSelector.run(AbstractNioSelector.java:318)
	at org.jboss.netty.channel.socket.nio.AbstractNioWorker.run(AbstractNioWorker.java:89)
	at org.jboss.netty.channel.socket.nio.NioWorker.run(NioWorker.java:178)
	at org.jboss.netty.util.ThreadRenamingRunnable.run(ThreadRenamingRunnable.java:108)
	at org.jboss.netty.util.internal.DeadLockProofWorker$1.run(DeadLockProofWorker.java:42)
	at java.util.concurrent.ThreadPoolExecutor.runWorker(ThreadPoolExecutor.java:1145)
	at java.util.concurrent.ThreadPoolExecutor$Worker.run(ThreadPoolExecutor.java:615)
	at java.lang.Thread.run(Thread.java:744)
[2014-02-18 16:01:57,152][INFO ][indices.mapping          ] Action Failed
org.elasticsearch.transport.RemoteTransportException: [node_1][inet[/10.1.10.75:9301]][index]
Caused by: org.elasticsearch.common.util.concurrent.EsRejectedExecutionException: rejected execution (queue capacity 200) on org.elasticsearch.action.support.replication.TransportShardReplicationOperationAction$AsyncShardOperationAction$1@31288309
	at org.elasticsearch.common.util.concurrent.EsAbortPolicy.rejectedExecution(EsAbortPolicy.java:62)
	at java.util.concurrent.ThreadPoolExecutor.reject(ThreadPoolExecutor.java:821)
	at java.util.concurrent.ThreadPoolExecutor.execute(ThreadPoolExecutor.java:1372)
	at org.elasticsearch.action.support.replication.TransportShardReplicationOperationAction$AsyncShardOperationAction.start(TransportShardReplicationOperationAction.java:422)
	at org.elasticsearch.action.support.replication.TransportShardReplicationOperationAction$AsyncShardOperationAction.start(TransportShardReplicationOperationAction.java:330)
	at org.elasticsearch.action.support.replication.TransportShardReplicationOperationAction.doExecute(TransportShardReplicationOperationAction.java:101)
	at org.elasticsearch.action.index.TransportIndexAction.innerExecute(TransportIndexAction.java:134)
	at org.elasticsearch.action.index.TransportIndexAction.doExecute(TransportIndexAction.java:116)
	at org.elasticsearch.action.index.TransportIndexAction.doExecute(TransportIndexAction.java:66)
	at org.elasticsearch.action.support.TransportAction.execute(TransportAction.java:63)
	at org.elasticsearch.action.support.replication.TransportShardReplicationOperationAction$OperationTransportHandler.messageReceived(TransportShardReplicationOperationAction.java:203)
	at org.elasticsearch.action.support.replication.TransportShardReplicationOperationAction$OperationTransportHandler.messageReceived(TransportShardReplicationOperationAction.java:185)
	at org.elasticsearch.transport.netty.MessageChannelHandler.handleRequest(MessageChannelHandler.java:212)
	at org.elasticsearch.transport.netty.MessageChannelHandler.messageReceived(MessageChannelHandler.java:109)
	at org.jboss.netty.channel.SimpleChannelUpstreamHandler.handleUpstream(SimpleChannelUpstreamHandler.java:70)
	at org.jboss.netty.channel.DefaultChannelPipeline.sendUpstream(DefaultChannelPipeline.java:564)
	at org.jboss.netty.channel.DefaultChannelPipeline$DefaultChannelHandlerContext.sendUpstream(DefaultChannelPipeline.java:791)
	at org.jboss.netty.channel.Channels.fireMessageReceived(Channels.java:296)
	at org.jboss.netty.handler.codec.frame.FrameDecoder.unfoldAndFireMessageReceived(FrameDecoder.java:462)
	at org.jboss.netty.handler.codec.frame.FrameDecoder.callDecode(FrameDecoder.java:443)
	at org.jboss.netty.handler.codec.frame.FrameDecoder.messageReceived(FrameDecoder.java:303)
	at org.jboss.netty.channel.SimpleChannelUpstreamHandler.handleUpstream(SimpleChannelUpstreamHandler.java:70)
	at org.jboss.netty.channel.DefaultChannelPipeline.sendUpstream(DefaultChannelPipeline.java:564)
	at org.jboss.netty.channel.DefaultChannelPipeline$DefaultChannelHandlerContext.sendUpstream(DefaultChannelPipeline.java:791)
	at org.elasticsearch.common.netty.OpenChannelsHandler.handleUpstream(OpenChannelsHandler.java:74)
	at org.jboss.netty.channel.DefaultChannelPipeline.sendUpstream(DefaultChannelPipeline.java:564)
	at org.jboss.netty.channel.DefaultChannelPipeline.sendUpstream(DefaultChannelPipeline.java:559)
	at org.jboss.netty.channel.Channels.fireMessageReceived(Channels.java:268)
	at org.jboss.netty.channel.Channels.fireMessageReceived(Channels.java:255)
	at org.jboss.netty.channel.socket.nio.NioWorker.read(NioWorker.java:88)
	at org.jboss.netty.channel.socket.nio.AbstractNioWorker.process(AbstractNioWorker.java:108)
	at org.jboss.netty.channel.socket.nio.AbstractNioSelector.run(AbstractNioSelector.java:318)
	at org.jboss.netty.channel.socket.nio.AbstractNioWorker.run(AbstractNioWorker.java:89)
	at org.jboss.netty.channel.socket.nio.NioWorker.run(NioWorker.java:178)
	at org.jboss.netty.util.ThreadRenamingRunnable.run(ThreadRenamingRunnable.java:108)
	at org.jboss.netty.util.internal.DeadLockProofWorker$1.run(DeadLockProofWorker.java:42)
	at java.util.concurrent.ThreadPoolExecutor.runWorker(ThreadPoolExecutor.java:1145)
	at java.util.concurrent.ThreadPoolExecutor$Worker.run(ThreadPoolExecutor.java:615)
	at java.lang.Thread.run(Thread.java:744)
[2014-02-18 16:01:57,150][INFO ][indices.mapping          ] Action Failed
org.elasticsearch.transport.RemoteTransportException: [node_1][inet[/10.1.10.75:9301]][index]
Caused by: org.elasticsearch.common.util.concurrent.EsRejectedExecutionException: rejected execution (queue capacity 200) on org.elasticsearch.action.support.replication.TransportShardReplicationOperationAction$AsyncShardOperationAction$1@5c76efe3
	at org.elasticsearch.common.util.concurrent.EsAbortPolicy.rejectedExecution(EsAbortPolicy.java:62)
	at java.util.concurrent.ThreadPoolExecutor.reject(ThreadPoolExecutor.java:821)
	at java.util.concurrent.ThreadPoolExecutor.execute(ThreadPoolExecutor.java:1372)
	at org.elasticsearch.action.support.replication.TransportShardReplicationOperationAction$AsyncShardOperationAction.start(TransportShardReplicationOperationAction.java:422)
	at org.elasticsearch.action.support.replication.TransportShardReplicationOperationAction$AsyncShardOperationAction.start(TransportShardReplicationOperationAction.java:330)
	at org.elasticsearch.action.support.replication.TransportShardReplicationOperationAction.doExecute(TransportShardReplicationOperationAction.java:101)
	at org.elasticsearch.action.index.TransportIndexAction.innerExecute(TransportIndexAction.java:134)
	at org.elasticsearch.action.index.TransportIndexAction.doExecute(TransportIndexAction.java:116)
	at org.elasticsearch.action.index.TransportIndexAction.doExecute(TransportIndexAction.java:66)
	at org.elasticsearch.action.support.TransportAction.execute(TransportAction.java:63)
	at org.elasticsearch.action.support.replication.TransportShardReplicationOperationAction$OperationTransportHandler.messageReceived(TransportShardReplicationOperationAction.java:203)
	at org.elasticsearch.action.support.replication.TransportShardReplicationOperationAction$OperationTransportHandler.messageReceived(TransportShardReplicationOperationAction.java:185)
	at org.elasticsearch.transport.netty.MessageChannelHandler.handleRequest(MessageChannelHandler.java:212)
	at org.elasticsearch.transport.netty.MessageChannelHandler.messageReceived(MessageChannelHandler.java:109)
	at org.jboss.netty.channel.SimpleChannelUpstreamHandler.handleUpstream(SimpleChannelUpstreamHandler.java:70)
	at org.jboss.netty.channel.DefaultChannelPipeline.sendUpstream(DefaultChannelPipeline.java:564)
	at org.jboss.netty.channel.DefaultChannelPipeline$DefaultChannelHandlerContext.sendUpstream(DefaultChannelPipeline.java:791)
	at org.jboss.netty.channel.Channels.fireMessageReceived(Channels.java:296)
	at org.jboss.netty.handler.codec.frame.FrameDecoder.unfoldAndFireMessageReceived(FrameDecoder.java:462)
	at org.jboss.netty.handler.codec.frame.FrameDecoder.callDecode(FrameDecoder.java:443)
	at org.jboss.netty.handler.codec.frame.FrameDecoder.messageReceived(FrameDecoder.java:303)
	at org.jboss.netty.channel.SimpleChannelUpstreamHandler.handleUpstream(SimpleChannelUpstreamHandler.java:70)
	at org.jboss.netty.channel.DefaultChannelPipeline.sendUpstream(DefaultChannelPipeline.java:564)
	at org.jboss.netty.channel.DefaultChannelPipeline$DefaultChannelHandlerContext.sendUpstream(DefaultChannelPipeline.java:791)
	at org.elasticsearch.common.netty.OpenChannelsHandler.handleUpstream(OpenChannelsHandler.java:74)
	at org.jboss.netty.channel.DefaultChannelPipeline.sendUpstream(DefaultChannelPipeline.java:564)
	at org.jboss.netty.channel.DefaultChannelPipeline.sendUpstream(DefaultChannelPipeline.java:559)
	at org.jboss.netty.channel.Channels.fireMessageReceived(Channels.java:268)
	at org.jboss.netty.channel.Channels.fireMessageReceived(Channels.java:255)
	at org.jboss.netty.channel.socket.nio.NioWorker.read(NioWorker.java:88)
	at org.jboss.netty.channel.socket.nio.AbstractNioWorker.process(AbstractNioWorker.java:108)
	at org.jboss.netty.channel.socket.nio.AbstractNioSelector.run(AbstractNioSelector.java:318)
	at org.jboss.netty.channel.socket.nio.AbstractNioWorker.run(AbstractNioWorker.java:89)
	at org.jboss.netty.channel.socket.nio.NioWorker.run(NioWorker.java:178)
	at org.jboss.netty.util.ThreadRenamingRunnable.run(ThreadRenamingRunnable.java:108)
	at org.jboss.netty.util.internal.DeadLockProofWorker$1.run(DeadLockProofWorker.java:42)
	at java.util.concurrent.ThreadPoolExecutor.runWorker(ThreadPoolExecutor.java:1145)
	at java.util.concurrent.ThreadPoolExecutor$Worker.run(ThreadPoolExecutor.java:615)
	at java.lang.Thread.run(Thread.java:744)
[2014-02-18 16:01:57,146][INFO ][indices.mapping          ] Action Failed
org.elasticsearch.transport.RemoteTransportException: [node_1][inet[/10.1.10.75:9301]][index]
Caused by: org.elasticsearch.common.util.concurrent.EsRejectedExecutionException: rejected execution (queue capacity 200) on org.elasticsearch.action.support.replication.TransportShardReplicationOperationAction$AsyncShardOperationAction$1@53b99fef
	at org.elasticsearch.common.util.concurrent.EsAbortPolicy.rejectedExecution(EsAbortPolicy.java:62)
	at java.util.concurrent.ThreadPoolExecutor.reject(ThreadPoolExecutor.java:821)
	at java.util.concurrent.ThreadPoolExecutor.execute(ThreadPoolExecutor.java:1372)
	at org.elasticsearch.action.support.replication.TransportShardReplicationOperationAction$AsyncShardOperationAction.start(TransportShardReplicationOperationAction.java:422)
	at org.elasticsearch.action.support.replication.TransportShardReplicationOperationAction$AsyncShardOperationAction.start(TransportShardReplicationOperationAction.java:330)
	at org.elasticsearch.action.support.replication.TransportShardReplicationOperationAction.doExecute(TransportShardReplicationOperationAction.java:101)
	at org.elasticsearch.action.index.TransportIndexAction.innerExecute(TransportIndexAction.java:134)
	at org.elasticsearch.action.index.TransportIndexAction.doExecute(TransportIndexAction.java:116)
	at org.elasticsearch.action.index.TransportIndexAction.doExecute(TransportIndexAction.java:66)
	at org.elasticsearch.action.support.TransportAction.execute(TransportAction.java:63)
	at org.elasticsearch.action.support.replication.TransportShardReplicationOperationAction$OperationTransportHandler.messageReceived(TransportShardReplicationOperationAction.java:203)
	at org.elasticsearch.action.support.replication.TransportShardReplicationOperationAction$OperationTransportHandler.messageReceived(TransportShardReplicationOperationAction.java:185)
	at org.elasticsearch.transport.netty.MessageChannelHandler.handleRequest(MessageChannelHandler.java:212)
	at org.elasticsearch.transport.netty.MessageChannelHandler.messageReceived(MessageChannelHandler.java:109)
	at org.jboss.netty.channel.SimpleChannelUpstreamHandler.handleUpstream(SimpleChannelUpstreamHandler.java:70)
	at org.jboss.netty.channel.DefaultChannelPipeline.sendUpstream(DefaultChannelPipeline.java:564)
	at org.jboss.netty.channel.DefaultChannelPipeline$DefaultChannelHandlerContext.sendUpstream(DefaultChannelPipeline.java:791)
	at org.jboss.netty.channel.Channels.fireMessageReceived(Channels.java:296)
	at org.jboss.netty.handler.codec.frame.FrameDecoder.unfoldAndFireMessageReceived(FrameDecoder.java:462)
	at org.jboss.netty.handler.codec.frame.FrameDecoder.callDecode(FrameDecoder.java:443)
	at org.jboss.netty.handler.codec.frame.FrameDecoder.messageReceived(FrameDecoder.java:303)
	at org.jboss.netty.channel.SimpleChannelUpstreamHandler.handleUpstream(SimpleChannelUpstreamHandler.java:70)
	at org.jboss.netty.channel.DefaultChannelPipeline.sendUpstream(DefaultChannelPipeline.java:564)
	at org.jboss.netty.channel.DefaultChannelPipeline$DefaultChannelHandlerContext.sendUpstream(DefaultChannelPipeline.java:791)
	at org.elasticsearch.common.netty.OpenChannelsHandler.handleUpstream(OpenChannelsHandler.java:74)
	at org.jboss.netty.channel.DefaultChannelPipeline.sendUpstream(DefaultChannelPipeline.java:564)
	at org.jboss.netty.channel.DefaultChannelPipeline.sendUpstream(DefaultChannelPipeline.java:559)
	at org.jboss.netty.channel.Channels.fireMessageReceived(Channels.java:268)
	at org.jboss.netty.channel.Channels.fireMessageReceived(Channels.java:255)
	at org.jboss.netty.channel.socket.nio.NioWorker.read(NioWorker.java:88)
	at org.jboss.netty.channel.socket.nio.AbstractNioWorker.process(AbstractNioWorker.java:108)
	at org.jboss.netty.channel.socket.nio.AbstractNioSelector.run(AbstractNioSelector.java:318)
	at org.jboss.netty.channel.socket.nio.AbstractNioWorker.run(AbstractNioWorker.java:89)
	at org.jboss.netty.channel.socket.nio.NioWorker.run(NioWorker.java:178)
	at org.jboss.netty.util.ThreadRenamingRunnable.run(ThreadRenamingRunnable.java:108)
	at org.jboss.netty.util.internal.DeadLockProofWorker$1.run(DeadLockProofWorker.java:42)
	at java.util.concurrent.ThreadPoolExecutor.runWorker(ThreadPoolExecutor.java:1145)
	at java.util.concurrent.ThreadPoolExecutor$Worker.run(ThreadPoolExecutor.java:615)
	at java.lang.Thread.run(Thread.java:744)
[2014-02-18 16:01:57,144][INFO ][indices.mapping          ] Action Failed
org.elasticsearch.transport.RemoteTransportException: [node_1][inet[/10.1.10.75:9301]][index]
Caused by: org.elasticsearch.common.util.concurrent.EsRejectedExecutionException: rejected execution (queue capacity 200) on org.elasticsearch.action.support.replication.TransportShardReplicationOperationAction$AsyncShardOperationAction$1@56348d2
	at org.elasticsearch.common.util.concurrent.EsAbortPolicy.rejectedExecution(EsAbortPolicy.java:62)
	at java.util.concurrent.ThreadPoolExecutor.reject(ThreadPoolExecutor.java:821)
	at java.util.concurrent.ThreadPoolExecutor.execute(ThreadPoolExecutor.java:1372)
	at org.elasticsearch.action.support.replication.TransportShardReplicationOperationAction$AsyncShardOperationAction.start(TransportShardReplicationOperationAction.java:422)
	at org.elasticsearch.action.support.replication.TransportShardReplicationOperationAction$AsyncShardOperationAction.start(TransportShardReplicationOperationAction.java:330)
	at org.elasticsearch.action.support.replication.TransportShardReplicationOperationAction.doExecute(TransportShardReplicationOperationAction.java:101)
	at org.elasticsearch.action.index.TransportIndexAction.innerExecute(TransportIndexAction.java:134)
	at org.elasticsearch.action.index.TransportIndexAction.doExecute(TransportIndexAction.java:116)
	at org.elasticsearch.action.index.TransportIndexAction.doExecute(TransportIndexAction.java:66)
	at org.elasticsearch.action.support.TransportAction.execute(TransportAction.java:63)
	at org.elasticsearch.action.support.replication.TransportShardReplicationOperationAction$OperationTransportHandler.messageReceived(TransportShardReplicationOperationAction.java:203)
	at org.elasticsearch.action.support.replication.TransportShardReplicationOperationAction$OperationTransportHandler.messageReceived(TransportShardReplicationOperationAction.java:185)
	at org.elasticsearch.transport.netty.MessageChannelHandler.handleRequest(MessageChannelHandler.java:212)
	at org.elasticsearch.transport.netty.MessageChannelHandler.messageReceived(MessageChannelHandler.java:109)
	at org.jboss.netty.channel.SimpleChannelUpstreamHandler.handleUpstream(SimpleChannelUpstreamHandler.java:70)
	at org.jboss.netty.channel.DefaultChannelPipeline.sendUpstream(DefaultChannelPipeline.java:564)
	at org.jboss.netty.channel.DefaultChannelPipeline$DefaultChannelHandlerContext.sendUpstream(DefaultChannelPipeline.java:791)
	at org.jboss.netty.channel.Channels.fireMessageReceived(Channels.java:296)
	at org.jboss.netty.handler.codec.frame.FrameDecoder.unfoldAndFireMessageReceived(FrameDecoder.java:462)
	at org.jboss.netty.handler.codec.frame.FrameDecoder.callDecode(FrameDecoder.java:443)
	at org.jboss.netty.handler.codec.frame.FrameDecoder.messageReceived(FrameDecoder.java:303)
	at org.jboss.netty.channel.SimpleChannelUpstreamHandler.handleUpstream(SimpleChannelUpstreamHandler.java:70)
	at org.jboss.netty.channel.DefaultChannelPipeline.sendUpstream(DefaultChannelPipeline.java:564)
	at org.jboss.netty.channel.DefaultChannelPipeline$DefaultChannelHandlerContext.sendUpstream(DefaultChannelPipeline.java:791)
	at org.elasticsearch.common.netty.OpenChannelsHandler.handleUpstream(OpenChannelsHandler.java:74)
	at org.jboss.netty.channel.DefaultChannelPipeline.sendUpstream(DefaultChannelPipeline.java:564)
	at org.jboss.netty.channel.DefaultChannelPipeline.sendUpstream(DefaultChannelPipeline.java:559)
	at org.jboss.netty.channel.Channels.fireMessageReceived(Channels.java:268)
	at org.jboss.netty.channel.Channels.fireMessageReceived(Channels.java:255)
	at org.jboss.netty.channel.socket.nio.NioWorker.read(NioWorker.java:88)
	at org.jboss.netty.channel.socket.nio.AbstractNioWorker.process(AbstractNioWorker.java:108)
	at org.jboss.netty.channel.socket.nio.AbstractNioSelector.run(AbstractNioSelector.java:318)
	at org.jboss.netty.channel.socket.nio.AbstractNioWorker.run(AbstractNioWorker.java:89)
	at org.jboss.netty.channel.socket.nio.NioWorker.run(NioWorker.java:178)
	at org.jboss.netty.util.ThreadRenamingRunnable.run(ThreadRenamingRunnable.java:108)
	at org.jboss.netty.util.internal.DeadLockProofWorker$1.run(DeadLockProofWorker.java:42)
	at java.util.concurrent.ThreadPoolExecutor.runWorker(ThreadPoolExecutor.java:1145)
	at java.util.concurrent.ThreadPoolExecutor$Worker.run(ThreadPoolExecutor.java:615)
	at java.lang.Thread.run(Thread.java:744)
[2014-02-18 16:01:57,142][INFO ][indices.mapping          ] Action Failed
org.elasticsearch.transport.RemoteTransportException: [node_1][inet[/10.1.10.75:9301]][index]
Caused by: org.elasticsearch.common.util.concurrent.EsRejectedExecutionException: rejected execution (queue capacity 200) on org.elasticsearch.action.support.replication.TransportShardReplicationOperationAction$AsyncShardOperationAction$1@2eb0b9ac
	at org.elasticsearch.common.util.concurrent.EsAbortPolicy.rejectedExecution(EsAbortPolicy.java:62)
	at java.util.concurrent.ThreadPoolExecutor.reject(ThreadPoolExecutor.java:821)
	at java.util.concurrent.ThreadPoolExecutor.execute(ThreadPoolExecutor.java:1372)
	at org.elasticsearch.action.support.replication.TransportShardReplicationOperationAction$AsyncShardOperationAction.start(TransportShardReplicationOperationAction.java:422)
	at org.elasticsearch.action.support.replication.TransportShardReplicationOperationAction$AsyncShardOperationAction.start(TransportShardReplicationOperationAction.java:330)
	at org.elasticsearch.action.support.replication.TransportShardReplicationOperationAction.doExecute(TransportShardReplicationOperationAction.java:101)
	at org.elasticsearch.action.index.TransportIndexAction.innerExecute(TransportIndexAction.java:134)
	at org.elasticsearch.action.index.TransportIndexAction.doExecute(TransportIndexAction.java:116)
	at org.elasticsearch.action.index.TransportIndexAction.doExecute(TransportIndexAction.java:66)
	at org.elasticsearch.action.support.TransportAction.execute(TransportAction.java:63)
	at org.elasticsearch.action.support.replication.TransportShardReplicationOperationAction$OperationTransportHandler.messageReceived(TransportShardReplicationOperationAction.java:203)
	at org.elasticsearch.action.support.replication.TransportShardReplicationOperationAction$OperationTransportHandler.messageReceived(TransportShardReplicationOperationAction.java:185)
	at org.elasticsearch.transport.netty.MessageChannelHandler.handleRequest(MessageChannelHandler.java:212)
	at org.elasticsearch.transport.netty.MessageChannelHandler.messageReceived(MessageChannelHandler.java:109)
	at org.jboss.netty.channel.SimpleChannelUpstreamHandler.handleUpstream(SimpleChannelUpstreamHandler.java:70)
	at org.jboss.netty.channel.DefaultChannelPipeline.sendUpstream(DefaultChannelPipeline.java:564)
	at org.jboss.netty.channel.DefaultChannelPipeline$DefaultChannelHandlerContext.sendUpstream(DefaultChannelPipeline.java:791)
	at org.jboss.netty.channel.Channels.fireMessageReceived(Channels.java:296)
	at org.jboss.netty.handler.codec.frame.FrameDecoder.unfoldAndFireMessageReceived(FrameDecoder.java:462)
	at org.jboss.netty.handler.codec.frame.FrameDecoder.callDecode(FrameDecoder.java:443)
	at org.jboss.netty.handler.codec.frame.FrameDecoder.messageReceived(FrameDecoder.java:303)
	at org.jboss.netty.channel.SimpleChannelUpstreamHandler.handleUpstream(SimpleChannelUpstreamHandler.java:70)
	at org.jboss.netty.channel.DefaultChannelPipeline.sendUpstream(DefaultChannelPipeline.java:564)
	at org.jboss.netty.channel.DefaultChannelPipeline$DefaultChannelHandlerContext.sendUpstream(DefaultChannelPipeline.java:791)
	at org.elasticsearch.common.netty.OpenChannelsHandler.handleUpstream(OpenChannelsHandler.java:74)
	at org.jboss.netty.channel.DefaultChannelPipeline.sendUpstream(DefaultChannelPipeline.java:564)
	at org.jboss.netty.channel.DefaultChannelPipeline.sendUpstream(DefaultChannelPipeline.java:559)
	at org.jboss.netty.channel.Channels.fireMessageReceived(Channels.java:268)
	at org.jboss.netty.channel.Channels.fireMessageReceived(Channels.java:255)
	at org.jboss.netty.channel.socket.nio.NioWorker.read(NioWorker.java:88)
	at org.jboss.netty.channel.socket.nio.AbstractNioWorker.process(AbstractNioWorker.java:108)
	at org.jboss.netty.channel.socket.nio.AbstractNioSelector.run(AbstractNioSelector.java:318)
	at org.jboss.netty.channel.socket.nio.AbstractNioWorker.run(AbstractNioWorker.java:89)
	at org.jboss.netty.channel.socket.nio.NioWorker.run(NioWorker.java:178)
	at org.jboss.netty.util.ThreadRenamingRunnable.run(ThreadRenamingRunnable.java:108)
	at org.jboss.netty.util.internal.DeadLockProofWorker$1.run(DeadLockProofWorker.java:42)
	at java.util.concurrent.ThreadPoolExecutor.runWorker(ThreadPoolExecutor.java:1145)
	at java.util.concurrent.ThreadPoolExecutor$Worker.run(ThreadPoolExecutor.java:615)
	at java.lang.Thread.run(Thread.java:744)
[2014-02-18 16:01:57,141][INFO ][indices.mapping          ] Action Failed
org.elasticsearch.transport.RemoteTransportException: [node_1][inet[/10.1.10.75:9301]][index]
Caused by: org.elasticsearch.common.util.concurrent.EsRejectedExecutionException: rejected execution (queue capacity 200) on org.elasticsearch.action.support.replication.TransportShardReplicationOperationAction$AsyncShardOperationAction$1@3b9700e2
	at org.elasticsearch.common.util.concurrent.EsAbortPolicy.rejectedExecution(EsAbortPolicy.java:62)
	at java.util.concurrent.ThreadPoolExecutor.reject(ThreadPoolExecutor.java:821)
	at java.util.concurrent.ThreadPoolExecutor.execute(ThreadPoolExecutor.java:1372)
	at org.elasticsearch.action.support.replication.TransportShardReplicationOperationAction$AsyncShardOperationAction.start(TransportShardReplicationOperationAction.java:422)
	at org.elasticsearch.action.support.replication.TransportShardReplicationOperationAction$AsyncShardOperationAction.start(TransportShardReplicationOperationAction.java:330)
	at org.elasticsearch.action.support.replication.TransportShardReplicationOperationAction.doExecute(TransportShardReplicationOperationAction.java:101)
	at org.elasticsearch.action.index.TransportIndexAction.innerExecute(TransportIndexAction.java:134)
	at org.elasticsearch.action.index.TransportIndexAction.doExecute(TransportIndexAction.java:116)
	at org.elasticsearch.action.index.TransportIndexAction.doExecute(TransportIndexAction.java:66)
	at org.elasticsearch.action.support.TransportAction.execute(TransportAction.java:63)
	at org.elasticsearch.action.support.replication.TransportShardReplicationOperationAction$OperationTransportHandler.messageReceived(TransportShardReplicationOperationAction.java:203)
	at org.elasticsearch.action.support.replication.TransportShardReplicationOperationAction$OperationTransportHandler.messageReceived(TransportShardReplicationOperationAction.java:185)
	at org.elasticsearch.transport.netty.MessageChannelHandler.handleRequest(MessageChannelHandler.java:212)
	at org.elasticsearch.transport.netty.MessageChannelHandler.messageReceived(MessageChannelHandler.java:109)
	at org.jboss.netty.channel.SimpleChannelUpstreamHandler.handleUpstream(SimpleChannelUpstreamHandler.java:70)
	at org.jboss.netty.channel.DefaultChannelPipeline.sendUpstream(DefaultChannelPipeline.java:564)
	at org.jboss.netty.channel.DefaultChannelPipeline$DefaultChannelHandlerContext.sendUpstream(DefaultChannelPipeline.java:791)
	at org.jboss.netty.channel.Channels.fireMessageReceived(Channels.java:296)
	at org.jboss.netty.handler.codec.frame.FrameDecoder.unfoldAndFireMessageReceived(FrameDecoder.java:462)
	at org.jboss.netty.handler.codec.frame.FrameDecoder.callDecode(FrameDecoder.java:443)
	at org.jboss.netty.handler.codec.frame.FrameDecoder.messageReceived(FrameDecoder.java:303)
	at org.jboss.netty.channel.SimpleChannelUpstreamHandler.handleUpstream(SimpleChannelUpstreamHandler.java:70)
	at org.jboss.netty.channel.DefaultChannelPipeline.sendUpstream(DefaultChannelPipeline.java:564)
	at org.jboss.netty.channel.DefaultChannelPipeline$DefaultChannelHandlerContext.sendUpstream(DefaultChannelPipeline.java:791)
	at org.elasticsearch.common.netty.OpenChannelsHandler.handleUpstream(OpenChannelsHandler.java:74)
	at org.jboss.netty.channel.DefaultChannelPipeline.sendUpstream(DefaultChannelPipeline.java:564)
	at org.jboss.netty.channel.DefaultChannelPipeline.sendUpstream(DefaultChannelPipeline.java:559)
	at org.jboss.netty.channel.Channels.fireMessageReceived(Channels.java:268)
	at org.jboss.netty.channel.Channels.fireMessageReceived(Channels.java:255)
	at org.jboss.netty.channel.socket.nio.NioWorker.read(NioWorker.java:88)
	at org.jboss.netty.channel.socket.nio.AbstractNioWorker.process(AbstractNioWorker.java:108)
	at org.jboss.netty.channel.socket.nio.AbstractNioSelector.run(AbstractNioSelector.java:318)
	at org.jboss.netty.channel.socket.nio.AbstractNioWorker.run(AbstractNioWorker.java:89)
	at org.jboss.netty.channel.socket.nio.NioWorker.run(NioWorker.java:178)
	at org.jboss.netty.util.ThreadRenamingRunnable.run(ThreadRenamingRunnable.java:108)
	at org.jboss.netty.util.internal.DeadLockProofWorker$1.run(DeadLockProofWorker.java:42)
	at java.util.concurrent.ThreadPoolExecutor.runWorker(ThreadPoolExecutor.java:1145)
	at java.util.concurrent.ThreadPoolExecutor$Worker.run(ThreadPoolExecutor.java:615)
	at java.lang.Thread.run(Thread.java:744)
[2014-02-18 16:01:57,141][INFO ][indices.mapping          ] Action Failed
org.elasticsearch.transport.RemoteTransportException: [node_1][inet[/10.1.10.75:9301]][index]
Caused by: org.elasticsearch.common.util.concurrent.EsRejectedExecutionException: rejected execution (queue capacity 200) on org.elasticsearch.action.support.replication.TransportShardReplicationOperationAction$AsyncShardOperationAction$1@1e42b772
	at org.elasticsearch.common.util.concurrent.EsAbortPolicy.rejectedExecution(EsAbortPolicy.java:62)
	at java.util.concurrent.ThreadPoolExecutor.reject(ThreadPoolExecutor.java:821)
	at java.util.concurrent.ThreadPoolExecutor.execute(ThreadPoolExecutor.java:1372)
	at org.elasticsearch.action.support.replication.TransportShardReplicationOperationAction$AsyncShardOperationAction.start(TransportShardReplicationOperationAction.java:422)
	at org.elasticsearch.action.support.replication.TransportShardReplicationOperationAction$AsyncShardOperationAction.start(TransportShardReplicationOperationAction.java:330)
	at org.elasticsearch.action.support.replication.TransportShardReplicationOperationAction.doExecute(TransportShardReplicationOperationAction.java:101)
	at org.elasticsearch.action.index.TransportIndexAction.innerExecute(TransportIndexAction.java:134)
	at org.elasticsearch.action.index.TransportIndexAction.doExecute(TransportIndexAction.java:116)
	at org.elasticsearch.action.index.TransportIndexAction.doExecute(TransportIndexAction.java:66)
	at org.elasticsearch.action.support.TransportAction.execute(TransportAction.java:63)
	at org.elasticsearch.action.support.replication.TransportShardReplicationOperationAction$OperationTransportHandler.messageReceived(TransportShardReplicationOperationAction.java:203)
	at org.elasticsearch.action.support.replication.TransportShardReplicationOperationAction$OperationTransportHandler.messageReceived(TransportShardReplicationOperationAction.java:185)
	at org.elasticsearch.transport.netty.MessageChannelHandler.handleRequest(MessageChannelHandler.java:212)
	at org.elasticsearch.transport.netty.MessageChannelHandler.messageReceived(MessageChannelHandler.java:109)
	at org.jboss.netty.channel.SimpleChannelUpstreamHandler.handleUpstream(SimpleChannelUpstreamHandler.java:70)
	at org.jboss.netty.channel.DefaultChannelPipeline.sendUpstream(DefaultChannelPipeline.java:564)
	at org.jboss.netty.channel.DefaultChannelPipeline$DefaultChannelHandlerContext.sendUpstream(DefaultChannelPipeline.java:791)
	at org.jboss.netty.channel.Channels.fireMessageReceived(Channels.java:296)
	at org.jboss.netty.handler.codec.frame.FrameDecoder.unfoldAndFireMessageReceived(FrameDecoder.java:462)
	at org.jboss.netty.handler.codec.frame.FrameDecoder.callDecode(FrameDecoder.java:443)
	at org.jboss.netty.handler.codec.frame.FrameDecoder.messageReceived(FrameDecoder.java:303)
	at org.jboss.netty.channel.SimpleChannelUpstreamHandler.handleUpstream(SimpleChannelUpstreamHandler.java:70)
	at org.jboss.netty.channel.DefaultChannelPipeline.sendUpstream(DefaultChannelPipeline.java:564)
	at org.jboss.netty.channel.DefaultChannelPipeline$DefaultChannelHandlerContext.sendUpstream(DefaultChannelPipeline.java:791)
	at org.elasticsearch.common.netty.OpenChannelsHandler.handleUpstream(OpenChannelsHandler.java:74)
	at org.jboss.netty.channel.DefaultChannelPipeline.sendUpstream(DefaultChannelPipeline.java:564)
	at org.jboss.netty.channel.DefaultChannelPipeline.sendUpstream(DefaultChannelPipeline.java:559)
	at org.jboss.netty.channel.Channels.fireMessageReceived(Channels.java:268)
	at org.jboss.netty.channel.Channels.fireMessageReceived(Channels.java:255)
	at org.jboss.netty.channel.socket.nio.NioWorker.read(NioWorker.java:88)
	at org.jboss.netty.channel.socket.nio.AbstractNioWorker.process(AbstractNioWorker.java:108)
	at org.jboss.netty.channel.socket.nio.AbstractNioSelector.run(AbstractNioSelector.java:318)
	at org.jboss.netty.channel.socket.nio.AbstractNioWorker.run(AbstractNioWorker.java:89)
	at org.jboss.netty.channel.socket.nio.NioWorker.run(NioWorker.java:178)
	at org.jboss.netty.util.ThreadRenamingRunnable.run(ThreadRenamingRunnable.java:108)
	at org.jboss.netty.util.internal.DeadLockProofWorker$1.run(DeadLockProofWorker.java:42)
	at java.util.concurrent.ThreadPoolExecutor.runWorker(ThreadPoolExecutor.java:1145)
	at java.util.concurrent.ThreadPoolExecutor$Worker.run(ThreadPoolExecutor.java:615)
	at java.lang.Thread.run(Thread.java:744)
[2014-02-18 16:01:57,187][INFO ][indices.mapping          ] Action Failed
org.elasticsearch.transport.RemoteTransportException: [node_1][inet[/10.1.10.75:9301]][index]
Caused by: org.elasticsearch.common.util.concurrent.EsRejectedExecutionException: rejected execution (queue capacity 200) on org.elasticsearch.action.support.replication.TransportShardReplicationOperationAction$AsyncShardOperationAction$1@2c3e3aef
	at org.elasticsearch.common.util.concurrent.EsAbortPolicy.rejectedExecution(EsAbortPolicy.java:62)
	at java.util.concurrent.ThreadPoolExecutor.reject(ThreadPoolExecutor.java:821)
	at java.util.concurrent.ThreadPoolExecutor.execute(ThreadPoolExecutor.java:1372)
	at org.elasticsearch.action.support.replication.TransportShardReplicationOperationAction$AsyncShardOperationAction.start(TransportShardReplicationOperationAction.java:422)
	at org.elasticsearch.action.support.replication.TransportShardReplicationOperationAction$AsyncShardOperationAction.start(TransportShardReplicationOperationAction.java:330)
	at org.elasticsearch.action.support.replication.TransportShardReplicationOperationAction.doExecute(TransportShardReplicationOperationAction.java:101)
	at org.elasticsearch.action.index.TransportIndexAction.innerExecute(TransportIndexAction.java:134)
	at org.elasticsearch.action.index.TransportIndexAction.doExecute(TransportIndexAction.java:116)
	at org.elasticsearch.action.index.TransportIndexAction.doExecute(TransportIndexAction.java:66)
	at org.elasticsearch.action.support.TransportAction.execute(TransportAction.java:63)
	at org.elasticsearch.action.support.replication.TransportShardReplicationOperationAction$OperationTransportHandler.messageReceived(TransportShardReplicationOperationAction.java:203)
	at org.elasticsearch.action.support.replication.TransportShardReplicationOperationAction$OperationTransportHandler.messageReceived(TransportShardReplicationOperationAction.java:185)
	at org.elasticsearch.transport.netty.MessageChannelHandler.handleRequest(MessageChannelHandler.java:212)
	at org.elasticsearch.transport.netty.MessageChannelHandler.messageReceived(MessageChannelHandler.java:109)
	at org.jboss.netty.channel.SimpleChannelUpstreamHandler.handleUpstream(SimpleChannelUpstreamHandler.java:70)
	at org.jboss.netty.channel.DefaultChannelPipeline.sendUpstream(DefaultChannelPipeline.java:564)
	at org.jboss.netty.channel.DefaultChannelPipeline$DefaultChannelHandlerContext.sendUpstream(DefaultChannelPipeline.java:791)
	at org.jboss.netty.channel.Channels.fireMessageReceived(Channels.java:296)
	at org.jboss.netty.handler.codec.frame.FrameDecoder.unfoldAndFireMessageReceived(FrameDecoder.java:462)
	at org.jboss.netty.handler.codec.frame.FrameDecoder.callDecode(FrameDecoder.java:443)
	at org.jboss.netty.handler.codec.frame.FrameDecoder.messageReceived(FrameDecoder.java:303)
	at org.jboss.netty.channel.SimpleChannelUpstreamHandler.handleUpstream(SimpleChannelUpstreamHandler.java:70)
	at org.jboss.netty.channel.DefaultChannelPipeline.sendUpstream(DefaultChannelPipeline.java:564)
	at org.jboss.netty.channel.DefaultChannelPipeline$DefaultChannelHandlerContext.sendUpstream(DefaultChannelPipeline.java:791)
	at org.elasticsearch.common.netty.OpenChannelsHandler.handleUpstream(OpenChannelsHandler.java:74)
	at org.jboss.netty.channel.DefaultChannelPipeline.sendUpstream(DefaultChannelPipeline.java:564)
	at org.jboss.netty.channel.DefaultChannelPipeline.sendUpstream(DefaultChannelPipeline.java:559)
	at org.jboss.netty.channel.Channels.fireMessageReceived(Channels.java:268)
	at org.jboss.netty.channel.Channels.fireMessageReceived(Channels.java:255)
	at org.jboss.netty.channel.socket.nio.NioWorker.read(NioWorker.java:88)
	at org.jboss.netty.channel.socket.nio.AbstractNioWorker.process(AbstractNioWorker.java:108)
	at org.jboss.netty.channel.socket.nio.AbstractNioSelector.run(AbstractNioSelector.java:318)
	at org.jboss.netty.channel.socket.nio.AbstractNioWorker.run(AbstractNioWorker.java:89)
	at org.jboss.netty.channel.socket.nio.NioWorker.run(NioWorker.java:178)
	at org.jboss.netty.util.ThreadRenamingRunnable.run(ThreadRenamingRunnable.java:108)
	at org.jboss.netty.util.internal.DeadLockProofWorker$1.run(DeadLockProofWorker.java:42)
	at java.util.concurrent.ThreadPoolExecutor.runWorker(ThreadPoolExecutor.java:1145)
	at java.util.concurrent.ThreadPoolExecutor$Worker.run(ThreadPoolExecutor.java:615)
	at java.lang.Thread.run(Thread.java:744)
[2014-02-18 16:01:57,183][INFO ][indices.mapping          ] Action Failed
org.elasticsearch.transport.RemoteTransportException: [node_1][inet[/10.1.10.75:9301]][index]
Caused by: org.elasticsearch.common.util.concurrent.EsRejectedExecutionException: rejected execution (queue capacity 200) on org.elasticsearch.action.support.replication.TransportShardReplicationOperationAction$AsyncShardOperationAction$1@7f7129d1
	at org.elasticsearch.common.util.concurrent.EsAbortPolicy.rejectedExecution(EsAbortPolicy.java:62)
	at java.util.concurrent.ThreadPoolExecutor.reject(ThreadPoolExecutor.java:821)
	at java.util.concurrent.ThreadPoolExecutor.execute(ThreadPoolExecutor.java:1372)
	at org.elasticsearch.action.support.replication.TransportShardReplicationOperationAction$AsyncShardOperationAction.start(TransportShardReplicationOperationAction.java:422)
	at org.elasticsearch.action.support.replication.TransportShardReplicationOperationAction$AsyncShardOperationAction.start(TransportShardReplicationOperationAction.java:330)
	at org.elasticsearch.action.support.replication.TransportShardReplicationOperationAction.doExecute(TransportShardReplicationOperationAction.java:101)
	at org.elasticsearch.action.index.TransportIndexAction.innerExecute(TransportIndexAction.java:134)
	at org.elasticsearch.action.index.TransportIndexAction.doExecute(TransportIndexAction.java:116)
	at org.elasticsearch.action.index.TransportIndexAction.doExecute(TransportIndexAction.java:66)
	at org.elasticsearch.action.support.TransportAction.execute(TransportAction.java:63)
	at org.elasticsearch.action.support.replication.TransportShardReplicationOperationAction$OperationTransportHandler.messageReceived(TransportShardReplicationOperationAction.java:203)
	at org.elasticsearch.action.support.replication.TransportShardReplicationOperationAction$OperationTransportHandler.messageReceived(TransportShardReplicationOperationAction.java:185)
	at org.elasticsearch.transport.netty.MessageChannelHandler.handleRequest(MessageChannelHandler.java:212)
	at org.elasticsearch.transport.netty.MessageChannelHandler.messageReceived(MessageChannelHandler.java:109)
	at org.jboss.netty.channel.SimpleChannelUpstreamHandler.handleUpstream(SimpleChannelUpstreamHandler.java:70)
	at org.jboss.netty.channel.DefaultChannelPipeline.sendUpstream(DefaultChannelPipeline.java:564)
	at org.jboss.netty.channel.DefaultChannelPipeline$DefaultChannelHandlerContext.sendUpstream(DefaultChannelPipeline.java:791)
	at org.jboss.netty.channel.Channels.fireMessageReceived(Channels.java:296)
	at org.jboss.netty.handler.codec.frame.FrameDecoder.unfoldAndFireMessageReceived(FrameDecoder.java:462)
	at org.jboss.netty.handler.codec.frame.FrameDecoder.callDecode(FrameDecoder.java:443)
	at org.jboss.netty.handler.codec.frame.FrameDecoder.messageReceived(FrameDecoder.java:303)
	at org.jboss.netty.channel.SimpleChannelUpstreamHandler.handleUpstream(SimpleChannelUpstreamHandler.java:70)
	at org.jboss.netty.channel.DefaultChannelPipeline.sendUpstream(DefaultChannelPipeline.java:564)
	at org.jboss.netty.channel.DefaultChannelPipeline$DefaultChannelHandlerContext.sendUpstream(DefaultChannelPipeline.java:791)
	at org.elasticsearch.common.netty.OpenChannelsHandler.handleUpstream(OpenChannelsHandler.java:74)
	at org.jboss.netty.channel.DefaultChannelPipeline.sendUpstream(DefaultChannelPipeline.java:564)
	at org.jboss.netty.channel.DefaultChannelPipeline.sendUpstream(DefaultChannelPipeline.java:559)
	at org.jboss.netty.channel.Channels.fireMessageReceived(Channels.java:268)
	at org.jboss.netty.channel.Channels.fireMessageReceived(Channels.java:255)
	at org.jboss.netty.channel.socket.nio.NioWorker.read(NioWorker.java:88)
	at org.jboss.netty.channel.socket.nio.AbstractNioWorker.process(AbstractNioWorker.java:108)
	at org.jboss.netty.channel.socket.nio.AbstractNioSelector.run(AbstractNioSelector.java:318)
	at org.jboss.netty.channel.socket.nio.AbstractNioWorker.run(AbstractNioWorker.java:89)
	at org.jboss.netty.channel.socket.nio.NioWorker.run(NioWorker.java:178)
	at org.jboss.netty.util.ThreadRenamingRunnable.run(ThreadRenamingRunnable.java:108)
	at org.jboss.netty.util.internal.DeadLockProofWorker$1.run(DeadLockProofWorker.java:42)
	at java.util.concurrent.ThreadPoolExecutor.runWorker(ThreadPoolExecutor.java:1145)
	at java.util.concurrent.ThreadPoolExecutor$Worker.run(ThreadPoolExecutor.java:615)
	at java.lang.Thread.run(Thread.java:744)
[2014-02-18 16:01:57,182][INFO ][indices.mapping          ] Action Failed
org.elasticsearch.transport.RemoteTransportException: [node_1][inet[/10.1.10.75:9301]][index]
Caused by: org.elasticsearch.common.util.concurrent.EsRejectedExecutionException: rejected execution (queue capacity 200) on org.elasticsearch.action.support.replication.TransportShardReplicationOperationAction$AsyncShardOperationAction$1@19883f63
	at org.elasticsearch.common.util.concurrent.EsAbortPolicy.rejectedExecution(EsAbortPolicy.java:62)
	at java.util.concurrent.ThreadPoolExecutor.reject(ThreadPoolExecutor.java:821)
	at java.util.concurrent.ThreadPoolExecutor.execute(ThreadPoolExecutor.java:1372)
	at org.elasticsearch.action.support.replication.TransportShardReplicationOperationAction$AsyncShardOperationAction.start(TransportShardReplicationOperationAction.java:422)
	at org.elasticsearch.action.support.replication.TransportShardReplicationOperationAction$AsyncShardOperationAction.start(TransportShardReplicationOperationAction.java:330)
	at org.elasticsearch.action.support.replication.TransportShardReplicationOperationAction.doExecute(TransportShardReplicationOperationAction.java:101)
	at org.elasticsearch.action.index.TransportIndexAction.innerExecute(TransportIndexAction.java:134)
	at org.elasticsearch.action.index.TransportIndexAction.doExecute(TransportIndexAction.java:116)
	at org.elasticsearch.action.index.TransportIndexAction.doExecute(TransportIndexAction.java:66)
	at org.elasticsearch.action.support.TransportAction.execute(TransportAction.java:63)
	at org.elasticsearch.action.support.replication.TransportShardReplicationOperationAction$OperationTransportHandler.messageReceived(TransportShardReplicationOperationAction.java:203)
	at org.elasticsearch.action.support.replication.TransportShardReplicationOperationAction$OperationTransportHandler.messageReceived(TransportShardReplicationOperationAction.java:185)
	at org.elasticsearch.transport.netty.MessageChannelHandler.handleRequest(MessageChannelHandler.java:212)
	at org.elasticsearch.transport.netty.MessageChannelHandler.messageReceived(MessageChannelHandler.java:109)
	at org.jboss.netty.channel.SimpleChannelUpstreamHandler.handleUpstream(SimpleChannelUpstreamHandler.java:70)
	at org.jboss.netty.channel.DefaultChannelPipeline.sendUpstream(DefaultChannelPipeline.java:564)
	at org.jboss.netty.channel.DefaultChannelPipeline$DefaultChannelHandlerContext.sendUpstream(DefaultChannelPipeline.java:791)
	at org.jboss.netty.channel.Channels.fireMessageReceived(Channels.java:296)
	at org.jboss.netty.handler.codec.frame.FrameDecoder.unfoldAndFireMessageReceived(FrameDecoder.java:462)
	at org.jboss.netty.handler.codec.frame.FrameDecoder.callDecode(FrameDecoder.java:443)
	at org.jboss.netty.handler.codec.frame.FrameDecoder.messageReceived(FrameDecoder.java:303)
	at org.jboss.netty.channel.SimpleChannelUpstreamHandler.handleUpstream(SimpleChannelUpstreamHandler.java:70)
	at org.jboss.netty.channel.DefaultChannelPipeline.sendUpstream(DefaultChannelPipeline.java:564)
	at org.jboss.netty.channel.DefaultChannelPipeline$DefaultChannelHandlerContext.sendUpstream(DefaultChannelPipeline.java:791)
	at org.elasticsearch.common.netty.OpenChannelsHandler.handleUpstream(OpenChannelsHandler.java:74)
	at org.jboss.netty.channel.DefaultChannelPipeline.sendUpstream(DefaultChannelPipeline.java:564)
	at org.jboss.netty.channel.DefaultChannelPipeline.sendUpstream(DefaultChannelPipeline.java:559)
	at org.jboss.netty.channel.Channels.fireMessageReceived(Channels.java:268)
	at org.jboss.netty.channel.Channels.fireMessageReceived(Channels.java:255)
	at org.jboss.netty.channel.socket.nio.NioWorker.read(NioWorker.java:88)
	at org.jboss.netty.channel.socket.nio.AbstractNioWorker.process(AbstractNioWorker.java:108)
	at org.jboss.netty.channel.socket.nio.AbstractNioSelector.run(AbstractNioSelector.java:318)
	at org.jboss.netty.channel.socket.nio.AbstractNioWorker.run(AbstractNioWorker.java:89)
	at org.jboss.netty.channel.socket.nio.NioWorker.run(NioWorker.java:178)
	at org.jboss.netty.util.ThreadRenamingRunnable.run(ThreadRenamingRunnable.java:108)
	at org.jboss.netty.util.internal.DeadLockProofWorker$1.run(DeadLockProofWorker.java:42)
	at java.util.concurrent.ThreadPoolExecutor.runWorker(ThreadPoolExecutor.java:1145)
	at java.util.concurrent.ThreadPoolExecutor$Worker.run(ThreadPoolExecutor.java:615)
	at java.lang.Thread.run(Thread.java:744)
[2014-02-18 16:01:57,180][INFO ][indices.mapping          ] Action Failed
org.elasticsearch.transport.RemoteTransportException: [node_1][inet[/10.1.10.75:9301]][index]
Caused by: org.elasticsearch.common.util.concurrent.EsRejectedExecutionException: rejected execution (queue capacity 200) on org.elasticsearch.action.support.replication.TransportShardReplicationOperationAction$AsyncShardOperationAction$1@78da24f8
	at org.elasticsearch.common.util.concurrent.EsAbortPolicy.rejectedExecution(EsAbortPolicy.java:62)
	at java.util.concurrent.ThreadPoolExecutor.reject(ThreadPoolExecutor.java:821)
	at java.util.concurrent.ThreadPoolExecutor.execute(ThreadPoolExecutor.java:1372)
	at org.elasticsearch.action.support.replication.TransportShardReplicationOperationAction$AsyncShardOperationAction.start(TransportShardReplicationOperationAction.java:422)
	at org.elasticsearch.action.support.replication.TransportShardReplicationOperationAction$AsyncShardOperationAction.start(TransportShardReplicationOperationAction.java:330)
	at org.elasticsearch.action.support.replication.TransportShardReplicationOperationAction.doExecute(TransportShardReplicationOperationAction.java:101)
	at org.elasticsearch.action.index.TransportIndexAction.innerExecute(TransportIndexAction.java:134)
	at org.elasticsearch.action.index.TransportIndexAction.doExecute(TransportIndexAction.java:116)
	at org.elasticsearch.action.index.TransportIndexAction.doExecute(TransportIndexAction.java:66)
	at org.elasticsearch.action.support.TransportAction.execute(TransportAction.java:63)
	at org.elasticsearch.action.support.replication.TransportShardReplicationOperationAction$OperationTransportHandler.messageReceived(TransportShardReplicationOperationAction.java:203)
	at org.elasticsearch.action.support.replication.TransportShardReplicationOperationAction$OperationTransportHandler.messageReceived(TransportShardReplicationOperationAction.java:185)
	at org.elasticsearch.transport.netty.MessageChannelHandler.handleRequest(MessageChannelHandler.java:212)
	at org.elasticsearch.transport.netty.MessageChannelHandler.messageReceived(MessageChannelHandler.java:109)
	at org.jboss.netty.channel.SimpleChannelUpstreamHandler.handleUpstream(SimpleChannelUpstreamHandler.java:70)
	at org.jboss.netty.channel.DefaultChannelPipeline.sendUpstream(DefaultChannelPipeline.java:564)
	at org.jboss.netty.channel.DefaultChannelPipeline$DefaultChannelHandlerContext.sendUpstream(DefaultChannelPipeline.java:791)
	at org.jboss.netty.channel.Channels.fireMessageReceived(Channels.java:296)
	at org.jboss.netty.handler.codec.frame.FrameDecoder.unfoldAndFireMessageReceived(FrameDecoder.java:462)
	at org.jboss.netty.handler.codec.frame.FrameDecoder.callDecode(FrameDecoder.java:443)
	at org.jboss.netty.handler.codec.frame.FrameDecoder.messageReceived(FrameDecoder.java:303)
	at org.jboss.netty.channel.SimpleChannelUpstreamHandler.handleUpstream(SimpleChannelUpstreamHandler.java:70)
	at org.jboss.netty.channel.DefaultChannelPipeline.sendUpstream(DefaultChannelPipeline.java:564)
	at org.jboss.netty.channel.DefaultChannelPipeline$DefaultChannelHandlerContext.sendUpstream(DefaultChannelPipeline.java:791)
	at org.elasticsearch.common.netty.OpenChannelsHandler.handleUpstream(OpenChannelsHandler.java:74)
	at org.jboss.netty.channel.DefaultChannelPipeline.sendUpstream(DefaultChannelPipeline.java:564)
	at org.jboss.netty.channel.DefaultChannelPipeline.sendUpstream(DefaultChannelPipeline.java:559)
	at org.jboss.netty.channel.Channels.fireMessageReceived(Channels.java:268)
	at org.jboss.netty.channel.Channels.fireMessageReceived(Channels.java:255)
	at org.jboss.netty.channel.socket.nio.NioWorker.read(NioWorker.java:88)
	at org.jboss.netty.channel.socket.nio.AbstractNioWorker.process(AbstractNioWorker.java:108)
	at org.jboss.netty.channel.socket.nio.AbstractNioSelector.run(AbstractNioSelector.java:318)
	at org.jboss.netty.channel.socket.nio.AbstractNioWorker.run(AbstractNioWorker.java:89)
	at org.jboss.netty.channel.socket.nio.NioWorker.run(NioWorker.java:178)
	at org.jboss.netty.util.ThreadRenamingRunnable.run(ThreadRenamingRunnable.java:108)
	at org.jboss.netty.util.internal.DeadLockProofWorker$1.run(DeadLockProofWorker.java:42)
	at java.util.concurrent.ThreadPoolExecutor.runWorker(ThreadPoolExecutor.java:1145)
	at java.util.concurrent.ThreadPoolExecutor$Worker.run(ThreadPoolExecutor.java:615)
	at java.lang.Thread.run(Thread.java:744)
[2014-02-18 16:01:57,179][INFO ][indices.mapping          ] Action Failed
org.elasticsearch.transport.RemoteTransportException: [node_1][inet[/10.1.10.75:9301]][index]
Caused by: org.elasticsearch.common.util.concurrent.EsRejectedExecutionException: rejected execution (queue capacity 200) on org.elasticsearch.action.support.replication.TransportShardReplicationOperationAction$AsyncShardOperationAction$1@4791e573
	at org.elasticsearch.common.util.concurrent.EsAbortPolicy.rejectedExecution(EsAbortPolicy.java:62)
	at java.util.concurrent.ThreadPoolExecutor.reject(ThreadPoolExecutor.java:821)
	at java.util.concurrent.ThreadPoolExecutor.execute(ThreadPoolExecutor.java:1372)
	at org.elasticsearch.action.support.replication.TransportShardReplicationOperationAction$AsyncShardOperationAction.start(TransportShardReplicationOperationAction.java:422)
	at org.elasticsearch.action.support.replication.TransportShardReplicationOperationAction$AsyncShardOperationAction.start(TransportShardReplicationOperationAction.java:330)
	at org.elasticsearch.action.support.replication.TransportShardReplicationOperationAction.doExecute(TransportShardReplicationOperationAction.java:101)
	at org.elasticsearch.action.index.TransportIndexAction.innerExecute(TransportIndexAction.java:134)
	at org.elasticsearch.action.index.TransportIndexAction.doExecute(TransportIndexAction.java:116)
	at org.elasticsearch.action.index.TransportIndexAction.doExecute(TransportIndexAction.java:66)
	at org.elasticsearch.action.support.TransportAction.execute(TransportAction.java:63)
	at org.elasticsearch.action.support.replication.TransportShardReplicationOperationAction$OperationTransportHandler.messageReceived(TransportShardReplicationOperationAction.java:203)
	at org.elasticsearch.action.support.replication.TransportShardReplicationOperationAction$OperationTransportHandler.messageReceived(TransportShardReplicationOperationAction.java:185)
	at org.elasticsearch.transport.netty.MessageChannelHandler.handleRequest(MessageChannelHandler.java:212)
	at org.elasticsearch.transport.netty.MessageChannelHandler.messageReceived(MessageChannelHandler.java:109)
	at org.jboss.netty.channel.SimpleChannelUpstreamHandler.handleUpstream(SimpleChannelUpstreamHandler.java:70)
	at org.jboss.netty.channel.DefaultChannelPipeline.sendUpstream(DefaultChannelPipeline.java:564)
	at org.jboss.netty.channel.DefaultChannelPipeline$DefaultChannelHandlerContext.sendUpstream(DefaultChannelPipeline.java:791)
	at org.jboss.netty.channel.Channels.fireMessageReceived(Channels.java:296)
	at org.jboss.netty.handler.codec.frame.FrameDecoder.unfoldAndFireMessageReceived(FrameDecoder.java:462)
	at org.jboss.netty.handler.codec.frame.FrameDecoder.callDecode(FrameDecoder.java:443)
	at org.jboss.netty.handler.codec.frame.FrameDecoder.messageReceived(FrameDecoder.java:303)
	at org.jboss.netty.channel.SimpleChannelUpstreamHandler.handleUpstream(SimpleChannelUpstreamHandler.java:70)
	at org.jboss.netty.channel.DefaultChannelPipeline.sendUpstream(DefaultChannelPipeline.java:564)
	at org.jboss.netty.channel.DefaultChannelPipeline$DefaultChannelHandlerContext.sendUpstream(DefaultChannelPipeline.java:791)
	at org.elasticsearch.common.netty.OpenChannelsHandler.handleUpstream(OpenChannelsHandler.java:74)
	at org.jboss.netty.channel.DefaultChannelPipeline.sendUpstream(DefaultChannelPipeline.java:564)
	at org.jboss.netty.channel.DefaultChannelPipeline.sendUpstream(DefaultChannelPipeline.java:559)
	at org.jboss.netty.channel.Channels.fireMessageReceived(Channels.java:268)
	at org.jboss.netty.channel.Channels.fireMessageReceived(Channels.java:255)
	at org.jboss.netty.channel.socket.nio.NioWorker.read(NioWorker.java:88)
	at org.jboss.netty.channel.socket.nio.AbstractNioWorker.process(AbstractNioWorker.java:108)
	at org.jboss.netty.channel.socket.nio.AbstractNioSelector.run(AbstractNioSelector.java:318)
	at org.jboss.netty.channel.socket.nio.AbstractNioWorker.run(AbstractNioWorker.java:89)
	at org.jboss.netty.channel.socket.nio.NioWorker.run(NioWorker.java:178)
	at org.jboss.netty.util.ThreadRenamingRunnable.run(ThreadRenamingRunnable.java:108)
	at org.jboss.netty.util.internal.DeadLockProofWorker$1.run(DeadLockProofWorker.java:42)
	at java.util.concurrent.ThreadPoolExecutor.runWorker(ThreadPoolExecutor.java:1145)
	at java.util.concurrent.ThreadPoolExecutor$Worker.run(ThreadPoolExecutor.java:615)
	at java.lang.Thread.run(Thread.java:744)
[2014-02-18 16:01:57,177][INFO ][indices.mapping          ] Action Failed
org.elasticsearch.transport.RemoteTransportException: [node_1][inet[/10.1.10.75:9301]][index]
Caused by: org.elasticsearch.common.util.concurrent.EsRejectedExecutionException: rejected execution (queue capacity 200) on org.elasticsearch.action.support.replication.TransportShardReplicationOperationAction$AsyncShardOperationAction$1@7661f658
	at org.elasticsearch.common.util.concurrent.EsAbortPolicy.rejectedExecution(EsAbortPolicy.java:62)
	at java.util.concurrent.ThreadPoolExecutor.reject(ThreadPoolExecutor.java:821)
	at java.util.concurrent.ThreadPoolExecutor.execute(ThreadPoolExecutor.java:1372)
	at org.elasticsearch.action.support.replication.TransportShardReplicationOperationAction$AsyncShardOperationAction.start(TransportShardReplicationOperationAction.java:422)
	at org.elasticsearch.action.support.replication.TransportShardReplicationOperationAction$AsyncShardOperationAction.start(TransportShardReplicationOperationAction.java:330)
	at org.elasticsearch.action.support.replication.TransportShardReplicationOperationAction.doExecute(TransportShardReplicationOperationAction.java:101)
	at org.elasticsearch.action.index.TransportIndexAction.innerExecute(TransportIndexAction.java:134)
	at org.elasticsearch.action.index.TransportIndexAction.doExecute(TransportIndexAction.java:116)
	at org.elasticsearch.action.index.TransportIndexAction.doExecute(TransportIndexAction.java:66)
	at org.elasticsearch.action.support.TransportAction.execute(TransportAction.java:63)
	at org.elasticsearch.action.support.replication.TransportShardReplicationOperationAction$OperationTransportHandler.messageReceived(TransportShardReplicationOperationAction.java:203)
	at org.elasticsearch.action.support.replication.TransportShardReplicationOperationAction$OperationTransportHandler.messageReceived(TransportShardReplicationOperationAction.java:185)
	at org.elasticsearch.transport.netty.MessageChannelHandler.handleRequest(MessageChannelHandler.java:212)
	at org.elasticsearch.transport.netty.MessageChannelHandler.messageReceived(MessageChannelHandler.java:109)
	at org.jboss.netty.channel.SimpleChannelUpstreamHandler.handleUpstream(SimpleChannelUpstreamHandler.java:70)
	at org.jboss.netty.channel.DefaultChannelPipeline.sendUpstream(DefaultChannelPipeline.java:564)
	at org.jboss.netty.channel.DefaultChannelPipeline$DefaultChannelHandlerContext.sendUpstream(DefaultChannelPipeline.java:791)
	at org.jboss.netty.channel.Channels.fireMessageReceived(Channels.java:296)
	at org.jboss.netty.handler.codec.frame.FrameDecoder.unfoldAndFireMessageReceived(FrameDecoder.java:462)
	at org.jboss.netty.handler.codec.frame.FrameDecoder.callDecode(FrameDecoder.java:443)
	at org.jboss.netty.handler.codec.frame.FrameDecoder.messageReceived(FrameDecoder.java:303)
	at org.jboss.netty.channel.SimpleChannelUpstreamHandler.handleUpstream(SimpleChannelUpstreamHandler.java:70)
	at org.jboss.netty.channel.DefaultChannelPipeline.sendUpstream(DefaultChannelPipeline.java:564)
	at org.jboss.netty.channel.DefaultChannelPipeline$DefaultChannelHandlerContext.sendUpstream(DefaultChannelPipeline.java:791)
	at org.elasticsearch.common.netty.OpenChannelsHandler.handleUpstream(OpenChannelsHandler.java:74)
	at org.jboss.netty.channel.DefaultChannelPipeline.sendUpstream(DefaultChannelPipeline.java:564)
	at org.jboss.netty.channel.DefaultChannelPipeline.sendUpstream(DefaultChannelPipeline.java:559)
	at org.jboss.netty.channel.Channels.fireMessageReceived(Channels.java:268)
	at org.jboss.netty.channel.Channels.fireMessageReceived(Channels.java:255)
	at org.jboss.netty.channel.socket.nio.NioWorker.read(NioWorker.java:88)
	at org.jboss.netty.channel.socket.nio.AbstractNioWorker.process(AbstractNioWorker.java:108)
	at org.jboss.netty.channel.socket.nio.AbstractNioSelector.run(AbstractNioSelector.java:318)
	at org.jboss.netty.channel.socket.nio.AbstractNioWorker.run(AbstractNioWorker.java:89)
	at org.jboss.netty.channel.socket.nio.NioWorker.run(NioWorker.java:178)
	at org.jboss.netty.util.ThreadRenamingRunnable.run(ThreadRenamingRunnable.java:108)
	at org.jboss.netty.util.internal.DeadLockProofWorker$1.run(DeadLockProofWorker.java:42)
	at java.util.concurrent.ThreadPoolExecutor.runWorker(ThreadPoolExecutor.java:1145)
	at java.util.concurrent.ThreadPoolExecutor$Worker.run(ThreadPoolExecutor.java:615)
	at java.lang.Thread.run(Thread.java:744)
[2014-02-18 16:01:57,175][INFO ][indices.mapping          ] Action Failed
org.elasticsearch.transport.RemoteTransportException: [node_1][inet[/10.1.10.75:9301]][index]
Caused by: org.elasticsearch.common.util.concurrent.EsRejectedExecutionException: rejected execution (queue capacity 200) on org.elasticsearch.action.support.replication.TransportShardReplicationOperationAction$AsyncShardOperationAction$1@181f62a3
	at org.elasticsearch.common.util.concurrent.EsAbortPolicy.rejectedExecution(EsAbortPolicy.java:62)
	at java.util.concurrent.ThreadPoolExecutor.reject(ThreadPoolExecutor.java:821)
	at java.util.concurrent.ThreadPoolExecutor.execute(ThreadPoolExecutor.java:1372)
	at org.elasticsearch.action.support.replication.TransportShardReplicationOperationAction$AsyncShardOperationAction.start(TransportShardReplicationOperationAction.java:422)
	at org.elasticsearch.action.support.replication.TransportShardReplicationOperationAction$AsyncShardOperationAction.start(TransportShardReplicationOperationAction.java:330)
	at org.elasticsearch.action.support.replication.TransportShardReplicationOperationAction.doExecute(TransportShardReplicationOperationAction.java:101)
	at org.elasticsearch.action.index.TransportIndexAction.innerExecute(TransportIndexAction.java:134)
	at org.elasticsearch.action.index.TransportIndexAction.doExecute(TransportIndexAction.java:116)
	at org.elasticsearch.action.index.TransportIndexAction.doExecute(TransportIndexAction.java:66)
	at org.elasticsearch.action.support.TransportAction.execute(TransportAction.java:63)
	at org.elasticsearch.action.support.replication.TransportShardReplicationOperationAction$OperationTransportHandler.messageReceived(TransportShardReplicationOperationAction.java:203)
	at org.elasticsearch.action.support.replication.TransportShardReplicationOperationAction$OperationTransportHandler.messageReceived(TransportShardReplicationOperationAction.java:185)
	at org.elasticsearch.transport.netty.MessageChannelHandler.handleRequest(MessageChannelHandler.java:212)
	at org.elasticsearch.transport.netty.MessageChannelHandler.messageReceived(MessageChannelHandler.java:109)
	at org.jboss.netty.channel.SimpleChannelUpstreamHandler.handleUpstream(SimpleChannelUpstreamHandler.java:70)
	at org.jboss.netty.channel.DefaultChannelPipeline.sendUpstream(DefaultChannelPipeline.java:564)
	at org.jboss.netty.channel.DefaultChannelPipeline$DefaultChannelHandlerContext.sendUpstream(DefaultChannelPipeline.java:791)
	at org.jboss.netty.channel.Channels.fireMessageReceived(Channels.java:296)
	at org.jboss.netty.handler.codec.frame.FrameDecoder.unfoldAndFireMessageReceived(FrameDecoder.java:462)
	at org.jboss.netty.handler.codec.frame.FrameDecoder.callDecode(FrameDecoder.java:443)
	at org.jboss.netty.handler.codec.frame.FrameDecoder.messageReceived(FrameDecoder.java:303)
	at org.jboss.netty.channel.SimpleChannelUpstreamHandler.handleUpstream(SimpleChannelUpstreamHandler.java:70)
	at org.jboss.netty.channel.DefaultChannelPipeline.sendUpstream(DefaultChannelPipeline.java:564)
	at org.jboss.netty.channel.DefaultChannelPipeline$DefaultChannelHandlerContext.sendUpstream(DefaultChannelPipeline.java:791)
	at org.elasticsearch.common.netty.OpenChannelsHandler.handleUpstream(OpenChannelsHandler.java:74)
	at org.jboss.netty.channel.DefaultChannelPipeline.sendUpstream(DefaultChannelPipeline.java:564)
	at org.jboss.netty.channel.DefaultChannelPipeline.sendUpstream(DefaultChannelPipeline.java:559)
	at org.jboss.netty.channel.Channels.fireMessageReceived(Channels.java:268)
	at org.jboss.netty.channel.Channels.fireMessageReceived(Channels.java:255)
	at org.jboss.netty.channel.socket.nio.NioWorker.read(NioWorker.java:88)
	at org.jboss.netty.channel.socket.nio.AbstractNioWorker.process(AbstractNioWorker.java:108)
	at org.jboss.netty.channel.socket.nio.AbstractNioSelector.run(AbstractNioSelector.java:318)
	at org.jboss.netty.channel.socket.nio.AbstractNioWorker.run(AbstractNioWorker.java:89)
	at org.jboss.netty.channel.socket.nio.NioWorker.run(NioWorker.java:178)
	at org.jboss.netty.util.ThreadRenamingRunnable.run(ThreadRenamingRunnable.java:108)
	at org.jboss.netty.util.internal.DeadLockProofWorker$1.run(DeadLockProofWorker.java:42)
	at java.util.concurrent.ThreadPoolExecutor.runWorker(ThreadPoolExecutor.java:1145)
	at java.util.concurrent.ThreadPoolExecutor$Worker.run(ThreadPoolExecutor.java:615)
	at java.lang.Thread.run(Thread.java:744)
[2014-02-18 16:01:57,174][INFO ][indices.mapping          ] Action Failed
org.elasticsearch.transport.RemoteTransportException: [node_1][inet[/10.1.10.75:9301]][index]
Caused by: org.elasticsearch.common.util.concurrent.EsRejectedExecutionException: rejected execution (queue capacity 200) on org.elasticsearch.action.support.replication.TransportShardReplicationOperationAction$AsyncShardOperationAction$1@3bba0b68
	at org.elasticsearch.common.util.concurrent.EsAbortPolicy.rejectedExecution(EsAbortPolicy.java:62)
	at java.util.concurrent.ThreadPoolExecutor.reject(ThreadPoolExecutor.java:821)
	at java.util.concurrent.ThreadPoolExecutor.execute(ThreadPoolExecutor.java:1372)
	at org.elasticsearch.action.support.replication.TransportShardReplicationOperationAction$AsyncShardOperationAction.start(TransportShardReplicationOperationAction.java:422)
	at org.elasticsearch.action.support.replication.TransportShardReplicationOperationAction$AsyncShardOperationAction.start(TransportShardReplicationOperationAction.java:330)
	at org.elasticsearch.action.support.replication.TransportShardReplicationOperationAction.doExecute(TransportShardReplicationOperationAction.java:101)
	at org.elasticsearch.action.index.TransportIndexAction.innerExecute(TransportIndexAction.java:134)
	at org.elasticsearch.action.index.TransportIndexAction.doExecute(TransportIndexAction.java:116)
	at org.elasticsearch.action.index.TransportIndexAction.doExecute(TransportIndexAction.java:66)
	at org.elasticsearch.action.support.TransportAction.execute(TransportAction.java:63)
	at org.elasticsearch.action.support.replication.TransportShardReplicationOperationAction$OperationTransportHandler.messageReceived(TransportShardReplicationOperationAction.java:203)
	at org.elasticsearch.action.support.replication.TransportShardReplicationOperationAction$OperationTransportHandler.messageReceived(TransportShardReplicationOperationAction.java:185)
	at org.elasticsearch.transport.netty.MessageChannelHandler.handleRequest(MessageChannelHandler.java:212)
	at org.elasticsearch.transport.netty.MessageChannelHandler.messageReceived(MessageChannelHandler.java:109)
	at org.jboss.netty.channel.SimpleChannelUpstreamHandler.handleUpstream(SimpleChannelUpstreamHandler.java:70)
	at org.jboss.netty.channel.DefaultChannelPipeline.sendUpstream(DefaultChannelPipeline.java:564)
	at org.jboss.netty.channel.DefaultChannelPipeline$DefaultChannelHandlerContext.sendUpstream(DefaultChannelPipeline.java:791)
	at org.jboss.netty.channel.Channels.fireMessageReceived(Channels.java:296)
	at org.jboss.netty.handler.codec.frame.FrameDecoder.unfoldAndFireMessageReceived(FrameDecoder.java:462)
	at org.jboss.netty.handler.codec.frame.FrameDecoder.callDecode(FrameDecoder.java:443)
	at org.jboss.netty.handler.codec.frame.FrameDecoder.messageReceived(FrameDecoder.java:303)
	at org.jboss.netty.channel.SimpleChannelUpstreamHandler.handleUpstream(SimpleChannelUpstreamHandler.java:70)
	at org.jboss.netty.channel.DefaultChannelPipeline.sendUpstream(DefaultChannelPipeline.java:564)
	at org.jboss.netty.channel.DefaultChannelPipeline$DefaultChannelHandlerContext.sendUpstream(DefaultChannelPipeline.java:791)
	at org.elasticsearch.common.netty.OpenChannelsHandler.handleUpstream(OpenChannelsHandler.java:74)
	at org.jboss.netty.channel.DefaultChannelPipeline.sendUpstream(DefaultChannelPipeline.java:564)
	at org.jboss.netty.channel.DefaultChannelPipeline.sendUpstream(DefaultChannelPipeline.java:559)
	at org.jboss.netty.channel.Channels.fireMessageReceived(Channels.java:268)
	at org.jboss.netty.channel.Channels.fireMessageReceived(Channels.java:255)
	at org.jboss.netty.channel.socket.nio.NioWorker.read(NioWorker.java:88)
	at org.jboss.netty.channel.socket.nio.AbstractNioWorker.process(AbstractNioWorker.java:108)
	at org.jboss.netty.channel.socket.nio.AbstractNioSelector.run(AbstractNioSelector.java:318)
	at org.jboss.netty.channel.socket.nio.AbstractNioWorker.run(AbstractNioWorker.java:89)
	at org.jboss.netty.channel.socket.nio.NioWorker.run(NioWorker.java:178)
	at org.jboss.netty.util.ThreadRenamingRunnable.run(ThreadRenamingRunnable.java:108)
	at org.jboss.netty.util.internal.DeadLockProofWorker$1.run(DeadLockProofWorker.java:42)
	at java.util.concurrent.ThreadPoolExecutor.runWorker(ThreadPoolExecutor.java:1145)
	at java.util.concurrent.ThreadPoolExecutor$Worker.run(ThreadPoolExecutor.java:615)
	at java.lang.Thread.run(Thread.java:744)
[2014-02-18 16:01:57,160][INFO ][indices.mapping          ] Action Failed
org.elasticsearch.transport.RemoteTransportException: [node_1][inet[/10.1.10.75:9301]][index]
Caused by: org.elasticsearch.common.util.concurrent.EsRejectedExecutionException: rejected execution (queue capacity 200) on org.elasticsearch.action.support.replication.TransportShardReplicationOperationAction$AsyncShardOperationAction$1@5fbb8916
	at org.elasticsearch.common.util.concurrent.EsAbortPolicy.rejectedExecution(EsAbortPolicy.java:62)
	at java.util.concurrent.ThreadPoolExecutor.reject(ThreadPoolExecutor.java:821)
	at java.util.concurrent.ThreadPoolExecutor.execute(ThreadPoolExecutor.java:1372)
	at org.elasticsearch.action.support.replication.TransportShardReplicationOperationAction$AsyncShardOperationAction.start(TransportShardReplicationOperationAction.java:422)
	at org.elasticsearch.action.support.replication.TransportShardReplicationOperationAction$AsyncShardOperationAction.start(TransportShardReplicationOperationAction.java:330)
	at org.elasticsearch.action.support.replication.TransportShardReplicationOperationAction.doExecute(TransportShardReplicationOperationAction.java:101)
	at org.elasticsearch.action.index.TransportIndexAction.innerExecute(TransportIndexAction.java:134)
	at org.elasticsearch.action.index.TransportIndexAction.doExecute(TransportIndexAction.java:116)
	at org.elasticsearch.action.index.TransportIndexAction.doExecute(TransportIndexAction.java:66)
	at org.elasticsearch.action.support.TransportAction.execute(TransportAction.java:63)
	at org.elasticsearch.action.support.replication.TransportShardReplicationOperationAction$OperationTransportHandler.messageReceived(TransportShardReplicationOperationAction.java:203)
	at org.elasticsearch.action.support.replication.TransportShardReplicationOperationAction$OperationTransportHandler.messageReceived(TransportShardReplicationOperationAction.java:185)
	at org.elasticsearch.transport.netty.MessageChannelHandler.handleRequest(MessageChannelHandler.java:212)
	at org.elasticsearch.transport.netty.MessageChannelHandler.messageReceived(MessageChannelHandler.java:109)
	at org.jboss.netty.channel.SimpleChannelUpstreamHandler.handleUpstream(SimpleChannelUpstreamHandler.java:70)
	at org.jboss.netty.channel.DefaultChannelPipeline.sendUpstream(DefaultChannelPipeline.java:564)
	at org.jboss.netty.channel.DefaultChannelPipeline$DefaultChannelHandlerContext.sendUpstream(DefaultChannelPipeline.java:791)
	at org.jboss.netty.channel.Channels.fireMessageReceived(Channels.java:296)
	at org.jboss.netty.handler.codec.frame.FrameDecoder.unfoldAndFireMessageReceived(FrameDecoder.java:462)
	at org.jboss.netty.handler.codec.frame.FrameDecoder.callDecode(FrameDecoder.java:443)
	at org.jboss.netty.handler.codec.frame.FrameDecoder.messageReceived(FrameDecoder.java:303)
	at org.jboss.netty.channel.SimpleChannelUpstreamHandler.handleUpstream(SimpleChannelUpstreamHandler.java:70)
	at org.jboss.netty.channel.DefaultChannelPipeline.sendUpstream(DefaultChannelPipeline.java:564)
	at org.jboss.netty.channel.DefaultChannelPipeline$DefaultChannelHandlerContext.sendUpstream(DefaultChannelPipeline.java:791)
	at org.elasticsearch.common.netty.OpenChannelsHandler.handleUpstream(OpenChannelsHandler.java:74)
	at org.jboss.netty.channel.DefaultChannelPipeline.sendUpstream(DefaultChannelPipeline.java:564)
	at org.jboss.netty.channel.DefaultChannelPipeline.sendUpstream(DefaultChannelPipeline.java:559)
	at org.jboss.netty.channel.Channels.fireMessageReceived(Channels.java:268)
	at org.jboss.netty.channel.Channels.fireMessageReceived(Channels.java:255)
	at org.jboss.netty.channel.socket.nio.NioWorker.read(NioWorker.java:88)
	at org.jboss.netty.channel.socket.nio.AbstractNioWorker.process(AbstractNioWorker.java:108)
	at org.jboss.netty.channel.socket.nio.AbstractNioSelector.run(AbstractNioSelector.java:318)
	at org.jboss.netty.channel.socket.nio.AbstractNioWorker.run(AbstractNioWorker.java:89)
	at org.jboss.netty.channel.socket.nio.NioWorker.run(NioWorker.java:178)
	at org.jboss.netty.util.ThreadRenamingRunnable.run(ThreadRenamingRunnable.java:108)
	at org.jboss.netty.util.internal.DeadLockProofWorker$1.run(DeadLockProofWorker.java:42)
	at java.util.concurrent.ThreadPoolExecutor.runWorker(ThreadPoolExecutor.java:1145)
	at java.util.concurrent.ThreadPoolExecutor$Worker.run(ThreadPoolExecutor.java:615)
	at java.lang.Thread.run(Thread.java:744)
[2014-02-18 16:01:57,160][INFO ][indices.mapping          ] Action Failed
org.elasticsearch.transport.RemoteTransportException: [node_1][inet[/10.1.10.75:9301]][index]
Caused by: org.elasticsearch.common.util.concurrent.EsRejectedExecutionException: rejected execution (queue capacity 200) on org.elasticsearch.action.support.replication.TransportShardReplicationOperationAction$AsyncShardOperationAction$1@3a300a6c
	at org.elasticsearch.common.util.concurrent.EsAbortPolicy.rejectedExecution(EsAbortPolicy.java:62)
	at java.util.concurrent.ThreadPoolExecutor.reject(ThreadPoolExecutor.java:821)
	at java.util.concurrent.ThreadPoolExecutor.execute(ThreadPoolExecutor.java:1372)
	at org.elasticsearch.action.support.replication.TransportShardReplicationOperationAction$AsyncShardOperationAction.start(TransportShardReplicationOperationAction.java:422)
	at org.elasticsearch.action.support.replication.TransportShardReplicationOperationAction$AsyncShardOperationAction.start(TransportShardReplicationOperationAction.java:330)
	at org.elasticsearch.action.support.replication.TransportShardReplicationOperationAction.doExecute(TransportShardReplicationOperationAction.java:101)
	at org.elasticsearch.action.index.TransportIndexAction.innerExecute(TransportIndexAction.java:134)
	at org.elasticsearch.action.index.TransportIndexAction.doExecute(TransportIndexAction.java:116)
	at org.elasticsearch.action.index.TransportIndexAction.doExecute(TransportIndexAction.java:66)
	at org.elasticsearch.action.support.TransportAction.execute(TransportAction.java:63)
	at org.elasticsearch.action.support.replication.TransportShardReplicationOperationAction$OperationTransportHandler.messageReceived(TransportShardReplicationOperationAction.java:203)
	at org.elasticsearch.action.support.replication.TransportShardReplicationOperationAction$OperationTransportHandler.messageReceived(TransportShardReplicationOperationAction.java:185)
	at org.elasticsearch.transport.netty.MessageChannelHandler.handleRequest(MessageChannelHandler.java:212)
	at org.elasticsearch.transport.netty.MessageChannelHandler.messageReceived(MessageChannelHandler.java:109)
	at org.jboss.netty.channel.SimpleChannelUpstreamHandler.handleUpstream(SimpleChannelUpstreamHandler.java:70)
	at org.jboss.netty.channel.DefaultChannelPipeline.sendUpstream(DefaultChannelPipeline.java:564)
	at org.jboss.netty.channel.DefaultChannelPipeline$DefaultChannelHandlerContext.sendUpstream(DefaultChannelPipeline.java:791)
	at org.jboss.netty.channel.Channels.fireMessageReceived(Channels.java:296)
	at org.jboss.netty.handler.codec.frame.FrameDecoder.unfoldAndFireMessageReceived(FrameDecoder.java:462)
	at org.jboss.netty.handler.codec.frame.FrameDecoder.callDecode(FrameDecoder.java:443)
	at org.jboss.netty.handler.codec.frame.FrameDecoder.messageReceived(FrameDecoder.java:303)
	at org.jboss.netty.channel.SimpleChannelUpstreamHandler.handleUpstream(SimpleChannelUpstreamHandler.java:70)
	at org.jboss.netty.channel.DefaultChannelPipeline.sendUpstream(DefaultChannelPipeline.java:564)
	at org.jboss.netty.channel.DefaultChannelPipeline$DefaultChannelHandlerContext.sendUpstream(DefaultChannelPipeline.java:791)
	at org.elasticsearch.common.netty.OpenChannelsHandler.handleUpstream(OpenChannelsHandler.java:74)
	at org.jboss.netty.channel.DefaultChannelPipeline.sendUpstream(DefaultChannelPipeline.java:564)
	at org.jboss.netty.channel.DefaultChannelPipeline.sendUpstream(DefaultChannelPipeline.java:559)
	at org.jboss.netty.channel.Channels.fireMessageReceived(Channels.java:268)
	at org.jboss.netty.channel.Channels.fireMessageReceived(Channels.java:255)
	at org.jboss.netty.channel.socket.nio.NioWorker.read(NioWorker.java:88)
	at org.jboss.netty.channel.socket.nio.AbstractNioWorker.process(AbstractNioWorker.java:108)
	at org.jboss.netty.channel.socket.nio.AbstractNioSelector.run(AbstractNioSelector.java:318)
	at org.jboss.netty.channel.socket.nio.AbstractNioWorker.run(AbstractNioWorker.java:89)
	at org.jboss.netty.channel.socket.nio.NioWorker.run(NioWorker.java:178)
	at org.jboss.netty.util.ThreadRenamingRunnable.run(ThreadRenamingRunnable.java:108)
	at org.jboss.netty.util.internal.DeadLockProofWorker$1.run(DeadLockProofWorker.java:42)
	at java.util.concurrent.ThreadPoolExecutor.runWorker(ThreadPoolExecutor.java:1145)
	at java.util.concurrent.ThreadPoolExecutor$Worker.run(ThreadPoolExecutor.java:615)
	at java.lang.Thread.run(Thread.java:744)
[2014-02-18 16:01:57,158][INFO ][indices.mapping          ] Action Failed
org.elasticsearch.transport.RemoteTransportException: [node_1][inet[/10.1.10.75:9301]][index]
Caused by: org.elasticsearch.common.util.concurrent.EsRejectedExecutionException: rejected execution (queue capacity 200) on org.elasticsearch.action.support.replication.TransportShardReplicationOperationAction$AsyncShardOperationAction$1@655f2113
	at org.elasticsearch.common.util.concurrent.EsAbortPolicy.rejectedExecution(EsAbortPolicy.java:62)
	at java.util.concurrent.ThreadPoolExecutor.reject(ThreadPoolExecutor.java:821)
	at java.util.concurrent.ThreadPoolExecutor.execute(ThreadPoolExecutor.java:1372)
	at org.elasticsearch.action.support.replication.TransportShardReplicationOperationAction$AsyncShardOperationAction.start(TransportShardReplicationOperationAction.java:422)
	at org.elasticsearch.action.support.replication.TransportShardReplicationOperationAction$AsyncShardOperationAction.start(TransportShardReplicationOperationAction.java:330)
	at org.elasticsearch.action.support.replication.TransportShardReplicationOperationAction.doExecute(TransportShardReplicationOperationAction.java:101)
	at org.elasticsearch.action.index.TransportIndexAction.innerExecute(TransportIndexAction.java:134)
	at org.elasticsearch.action.index.TransportIndexAction.doExecute(TransportIndexAction.java:116)
	at org.elasticsearch.action.index.TransportIndexAction.doExecute(TransportIndexAction.java:66)
	at org.elasticsearch.action.support.TransportAction.execute(TransportAction.java:63)
	at org.elasticsearch.action.support.replication.TransportShardReplicationOperationAction$OperationTransportHandler.messageReceived(TransportShardReplicationOperationAction.java:203)
	at org.elasticsearch.action.support.replication.TransportShardReplicationOperationAction$OperationTransportHandler.messageReceived(TransportShardReplicationOperationAction.java:185)
	at org.elasticsearch.transport.netty.MessageChannelHandler.handleRequest(MessageChannelHandler.java:212)
	at org.elasticsearch.transport.netty.MessageChannelHandler.messageReceived(MessageChannelHandler.java:109)
	at org.jboss.netty.channel.SimpleChannelUpstreamHandler.handleUpstream(SimpleChannelUpstreamHandler.java:70)
	at org.jboss.netty.channel.DefaultChannelPipeline.sendUpstream(DefaultChannelPipeline.java:564)
	at org.jboss.netty.channel.DefaultChannelPipeline$DefaultChannelHandlerContext.sendUpstream(DefaultChannelPipeline.java:791)
	at org.jboss.netty.channel.Channels.fireMessageReceived(Channels.java:296)
	at org.jboss.netty.handler.codec.frame.FrameDecoder.unfoldAndFireMessageReceived(FrameDecoder.java:462)
	at org.jboss.netty.handler.codec.frame.FrameDecoder.callDecode(FrameDecoder.java:443)
	at org.jboss.netty.handler.codec.frame.FrameDecoder.messageReceived(FrameDecoder.java:303)
	at org.jboss.netty.channel.SimpleChannelUpstreamHandler.handleUpstream(SimpleChannelUpstreamHandler.java:70)
	at org.jboss.netty.channel.DefaultChannelPipeline.sendUpstream(DefaultChannelPipeline.java:564)
	at org.jboss.netty.channel.DefaultChannelPipeline$DefaultChannelHandlerContext.sendUpstream(DefaultChannelPipeline.java:791)
	at org.elasticsearch.common.netty.OpenChannelsHandler.handleUpstream(OpenChannelsHandler.java:74)
	at org.jboss.netty.channel.DefaultChannelPipeline.sendUpstream(DefaultChannelPipeline.java:564)
	at org.jboss.netty.channel.DefaultChannelPipeline.sendUpstream(DefaultChannelPipeline.java:559)
	at org.jboss.netty.channel.Channels.fireMessageReceived(Channels.java:268)
	at org.jboss.netty.channel.Channels.fireMessageReceived(Channels.java:255)
	at org.jboss.netty.channel.socket.nio.NioWorker.read(NioWorker.java:88)
	at org.jboss.netty.channel.socket.nio.AbstractNioWorker.process(AbstractNioWorker.java:108)
	at org.jboss.netty.channel.socket.nio.AbstractNioSelector.run(AbstractNioSelector.java:318)
	at org.jboss.netty.channel.socket.nio.AbstractNioWorker.run(AbstractNioWorker.java:89)
	at org.jboss.netty.channel.socket.nio.NioWorker.run(NioWorker.java:178)
	at org.jboss.netty.util.ThreadRenamingRunnable.run(ThreadRenamingRunnable.java:108)
	at org.jboss.netty.util.internal.DeadLockProofWorker$1.run(DeadLockProofWorker.java:42)
	at java.util.concurrent.ThreadPoolExecutor.runWorker(ThreadPoolExecutor.java:1145)
	at java.util.concurrent.ThreadPoolExecutor$Worker.run(ThreadPoolExecutor.java:615)
	at java.lang.Thread.run(Thread.java:744)
[2014-02-18 16:01:57,156][INFO ][indices.mapping          ] Action Failed
org.elasticsearch.transport.RemoteTransportException: [node_1][inet[/10.1.10.75:9301]][index]
Caused by: org.elasticsearch.common.util.concurrent.EsRejectedExecutionException: rejected execution (queue capacity 200) on org.elasticsearch.action.support.replication.TransportShardReplicationOperationAction$AsyncShardOperationAction$1@24528241
	at org.elasticsearch.common.util.concurrent.EsAbortPolicy.rejectedExecution(EsAbortPolicy.java:62)
	at java.util.concurrent.ThreadPoolExecutor.reject(ThreadPoolExecutor.java:821)
	at java.util.concurrent.ThreadPoolExecutor.execute(ThreadPoolExecutor.java:1372)
	at org.elasticsearch.action.support.replication.TransportShardReplicationOperationAction$AsyncShardOperationAction.start(TransportShardReplicationOperationAction.java:422)
	at org.elasticsearch.action.support.replication.TransportShardReplicationOperationAction$AsyncShardOperationAction.start(TransportShardReplicationOperationAction.java:330)
	at org.elasticsearch.action.support.replication.TransportShardReplicationOperationAction.doExecute(TransportShardReplicationOperationAction.java:101)
	at org.elasticsearch.action.index.TransportIndexAction.innerExecute(TransportIndexAction.java:134)
	at org.elasticsearch.action.index.TransportIndexAction.doExecute(TransportIndexAction.java:116)
	at org.elasticsearch.action.index.TransportIndexAction.doExecute(TransportIndexAction.java:66)
	at org.elasticsearch.action.support.TransportAction.execute(TransportAction.java:63)
	at org.elasticsearch.action.support.replication.TransportShardReplicationOperationAction$OperationTransportHandler.messageReceived(TransportShardReplicationOperationAction.java:203)
	at org.elasticsearch.action.support.replication.TransportShardReplicationOperationAction$OperationTransportHandler.messageReceived(TransportShardReplicationOperationAction.java:185)
	at org.elasticsearch.transport.netty.MessageChannelHandler.handleRequest(MessageChannelHandler.java:212)
	at org.elasticsearch.transport.netty.MessageChannelHandler.messageReceived(MessageChannelHandler.java:109)
	at org.jboss.netty.channel.SimpleChannelUpstreamHandler.handleUpstream(SimpleChannelUpstreamHandler.java:70)
	at org.jboss.netty.channel.DefaultChannelPipeline.sendUpstream(DefaultChannelPipeline.java:564)
	at org.jboss.netty.channel.DefaultChannelPipeline$DefaultChannelHandlerContext.sendUpstream(DefaultChannelPipeline.java:791)
	at org.jboss.netty.channel.Channels.fireMessageReceived(Channels.java:296)
	at org.jboss.netty.handler.codec.frame.FrameDecoder.unfoldAndFireMessageReceived(FrameDecoder.java:462)
	at org.jboss.netty.handler.codec.frame.FrameDecoder.callDecode(FrameDecoder.java:443)
	at org.jboss.netty.handler.codec.frame.FrameDecoder.messageReceived(FrameDecoder.java:303)
	at org.jboss.netty.channel.SimpleChannelUpstreamHandler.handleUpstream(SimpleChannelUpstreamHandler.java:70)
	at org.jboss.netty.channel.DefaultChannelPipeline.sendUpstream(DefaultChannelPipeline.java:564)
	at org.jboss.netty.channel.DefaultChannelPipeline$DefaultChannelHandlerContext.sendUpstream(DefaultChannelPipeline.java:791)
	at org.elasticsearch.common.netty.OpenChannelsHandler.handleUpstream(OpenChannelsHandler.java:74)
	at org.jboss.netty.channel.DefaultChannelPipeline.sendUpstream(DefaultChannelPipeline.java:564)
	at org.jboss.netty.channel.DefaultChannelPipeline.sendUpstream(DefaultChannelPipeline.java:559)
	at org.jboss.netty.channel.Channels.fireMessageReceived(Channels.java:268)
	at org.jboss.netty.channel.Channels.fireMessageReceived(Channels.java:255)
	at org.jboss.netty.channel.socket.nio.NioWorker.read(NioWorker.java:88)
	at org.jboss.netty.channel.socket.nio.AbstractNioWorker.process(AbstractNioWorker.java:108)
	at org.jboss.netty.channel.socket.nio.AbstractNioSelector.run(AbstractNioSelector.java:318)
	at org.jboss.netty.channel.socket.nio.AbstractNioWorker.run(AbstractNioWorker.java:89)
	at org.jboss.netty.channel.socket.nio.NioWorker.run(NioWorker.java:178)
	at org.jboss.netty.util.ThreadRenamingRunnable.run(ThreadRenamingRunnable.java:108)
	at org.jboss.netty.util.internal.DeadLockProofWorker$1.run(DeadLockProofWorker.java:42)
	at java.util.concurrent.ThreadPoolExecutor.runWorker(ThreadPoolExecutor.java:1145)
	at java.util.concurrent.ThreadPoolExecutor$Worker.run(ThreadPoolExecutor.java:615)
	at java.lang.Thread.run(Thread.java:744)
[2014-02-18 16:01:57,207][INFO ][indices.mapping          ] Action Failed
org.elasticsearch.transport.RemoteTransportException: [node_1][inet[/10.1.10.75:9301]][index]
Caused by: org.elasticsearch.common.util.concurrent.EsRejectedExecutionException: rejected execution (queue capacity 200) on org.elasticsearch.action.support.replication.TransportShardReplicationOperationAction$AsyncShardOperationAction$1@7824503b
	at org.elasticsearch.common.util.concurrent.EsAbortPolicy.rejectedExecution(EsAbortPolicy.java:62)
	at java.util.concurrent.ThreadPoolExecutor.reject(ThreadPoolExecutor.java:821)
	at java.util.concurrent.ThreadPoolExecutor.execute(ThreadPoolExecutor.java:1372)
	at org.elasticsearch.action.support.replication.TransportShardReplicationOperationAction$AsyncShardOperationAction.start(TransportShardReplicationOperationAction.java:422)
	at org.elasticsearch.action.support.replication.TransportShardReplicationOperationAction$AsyncShardOperationAction.start(TransportShardReplicationOperationAction.java:330)
	at org.elasticsearch.action.support.replication.TransportShardReplicationOperationAction.doExecute(TransportShardReplicationOperationAction.java:101)
	at org.elasticsearch.action.index.TransportIndexAction.innerExecute(TransportIndexAction.java:134)
	at org.elasticsearch.action.index.TransportIndexAction.doExecute(TransportIndexAction.java:116)
	at org.elasticsearch.action.index.TransportIndexAction.doExecute(TransportIndexAction.java:66)
	at org.elasticsearch.action.support.TransportAction.execute(TransportAction.java:63)
	at org.elasticsearch.action.support.replication.TransportShardReplicationOperationAction$OperationTransportHandler.messageReceived(TransportShardReplicationOperationAction.java:203)
	at org.elasticsearch.action.support.replication.TransportShardReplicationOperationAction$OperationTransportHandler.messageReceived(TransportShardReplicationOperationAction.java:185)
	at org.elasticsearch.transport.netty.MessageChannelHandler.handleRequest(MessageChannelHandler.java:212)
	at org.elasticsearch.transport.netty.MessageChannelHandler.messageReceived(MessageChannelHandler.java:109)
	at org.jboss.netty.channel.SimpleChannelUpstreamHandler.handleUpstream(SimpleChannelUpstreamHandler.java:70)
	at org.jboss.netty.channel.DefaultChannelPipeline.sendUpstream(DefaultChannelPipeline.java:564)
	at org.jboss.netty.channel.DefaultChannelPipeline$DefaultChannelHandlerContext.sendUpstream(DefaultChannelPipeline.java:791)
	at org.jboss.netty.channel.Channels.fireMessageReceived(Channels.java:296)
	at org.jboss.netty.handler.codec.frame.FrameDecoder.unfoldAndFireMessageReceived(FrameDecoder.java:462)
	at org.jboss.netty.handler.codec.frame.FrameDecoder.callDecode(FrameDecoder.java:443)
	at org.jboss.netty.handler.codec.frame.FrameDecoder.messageReceived(FrameDecoder.java:303)
	at org.jboss.netty.channel.SimpleChannelUpstreamHandler.handleUpstream(SimpleChannelUpstreamHandler.java:70)
	at org.jboss.netty.channel.DefaultChannelPipeline.sendUpstream(DefaultChannelPipeline.java:564)
	at org.jboss.netty.channel.DefaultChannelPipeline$DefaultChannelHandlerContext.sendUpstream(DefaultChannelPipeline.java:791)
	at org.elasticsearch.common.netty.OpenChannelsHandler.handleUpstream(OpenChannelsHandler.java:74)
	at org.jboss.netty.channel.DefaultChannelPipeline.sendUpstream(DefaultChannelPipeline.java:564)
	at org.jboss.netty.channel.DefaultChannelPipeline.sendUpstream(DefaultChannelPipeline.java:559)
	at org.jboss.netty.channel.Channels.fireMessageReceived(Channels.java:268)
	at org.jboss.netty.channel.Channels.fireMessageReceived(Channels.java:255)
	at org.jboss.netty.channel.socket.nio.NioWorker.read(NioWorker.java:88)
	at org.jboss.netty.channel.socket.nio.AbstractNioWorker.process(AbstractNioWorker.java:108)
	at org.jboss.netty.channel.socket.nio.AbstractNioSelector.run(AbstractNioSelector.java:318)
	at org.jboss.netty.channel.socket.nio.AbstractNioWorker.run(AbstractNioWorker.java:89)
	at org.jboss.netty.channel.socket.nio.NioWorker.run(NioWorker.java:178)
	at org.jboss.netty.util.ThreadRenamingRunnable.run(ThreadRenamingRunnable.java:108)
	at org.jboss.netty.util.internal.DeadLockProofWorker$1.run(DeadLockProofWorker.java:42)
	at java.util.concurrent.ThreadPoolExecutor.runWorker(ThreadPoolExecutor.java:1145)
	at java.util.concurrent.ThreadPoolExecutor$Worker.run(ThreadPoolExecutor.java:615)
	at java.lang.Thread.run(Thread.java:744)
[2014-02-18 16:01:57,205][INFO ][indices.mapping          ] Action Failed
org.elasticsearch.transport.RemoteTransportException: [node_1][inet[/10.1.10.75:9301]][index]
Caused by: org.elasticsearch.common.util.concurrent.EsRejectedExecutionException: rejected execution (queue capacity 200) on org.elasticsearch.action.support.replication.TransportShardReplicationOperationAction$AsyncShardOperationAction$1@53eb406c
	at org.elasticsearch.common.util.concurrent.EsAbortPolicy.rejectedExecution(EsAbortPolicy.java:62)
	at java.util.concurrent.ThreadPoolExecutor.reject(ThreadPoolExecutor.java:821)
	at java.util.concurrent.ThreadPoolExecutor.execute(ThreadPoolExecutor.java:1372)
	at org.elasticsearch.action.support.replication.TransportShardReplicationOperationAction$AsyncShardOperationAction.start(TransportShardReplicationOperationAction.java:422)
	at org.elasticsearch.action.support.replication.TransportShardReplicationOperationAction$AsyncShardOperationAction.start(TransportShardReplicationOperationAction.java:330)
	at org.elasticsearch.action.support.replication.TransportShardReplicationOperationAction.doExecute(TransportShardReplicationOperationAction.java:101)
	at org.elasticsearch.action.index.TransportIndexAction.innerExecute(TransportIndexAction.java:134)
	at org.elasticsearch.action.index.TransportIndexAction.doExecute(TransportIndexAction.java:116)
	at org.elasticsearch.action.index.TransportIndexAction.doExecute(TransportIndexAction.java:66)
	at org.elasticsearch.action.support.TransportAction.execute(TransportAction.java:63)
	at org.elasticsearch.action.support.replication.TransportShardReplicationOperationAction$OperationTransportHandler.messageReceived(TransportShardReplicationOperationAction.java:203)
	at org.elasticsearch.action.support.replication.TransportShardReplicationOperationAction$OperationTransportHandler.messageReceived(TransportShardReplicationOperationAction.java:185)
	at org.elasticsearch.transport.netty.MessageChannelHandler.handleRequest(MessageChannelHandler.java:212)
	at org.elasticsearch.transport.netty.MessageChannelHandler.messageReceived(MessageChannelHandler.java:109)
	at org.jboss.netty.channel.SimpleChannelUpstreamHandler.handleUpstream(SimpleChannelUpstreamHandler.java:70)
	at org.jboss.netty.channel.DefaultChannelPipeline.sendUpstream(DefaultChannelPipeline.java:564)
	at org.jboss.netty.channel.DefaultChannelPipeline$DefaultChannelHandlerContext.sendUpstream(DefaultChannelPipeline.java:791)
	at org.jboss.netty.channel.Channels.fireMessageReceived(Channels.java:296)
	at org.jboss.netty.handler.codec.frame.FrameDecoder.unfoldAndFireMessageReceived(FrameDecoder.java:462)
	at org.jboss.netty.handler.codec.frame.FrameDecoder.callDecode(FrameDecoder.java:443)
	at org.jboss.netty.handler.codec.frame.FrameDecoder.messageReceived(FrameDecoder.java:303)
	at org.jboss.netty.channel.SimpleChannelUpstreamHandler.handleUpstream(SimpleChannelUpstreamHandler.java:70)
	at org.jboss.netty.channel.DefaultChannelPipeline.sendUpstream(DefaultChannelPipeline.java:564)
	at org.jboss.netty.channel.DefaultChannelPipeline$DefaultChannelHandlerContext.sendUpstream(DefaultChannelPipeline.java:791)
	at org.elasticsearch.common.netty.OpenChannelsHandler.handleUpstream(OpenChannelsHandler.java:74)
	at org.jboss.netty.channel.DefaultChannelPipeline.sendUpstream(DefaultChannelPipeline.java:564)
	at org.jboss.netty.channel.DefaultChannelPipeline.sendUpstream(DefaultChannelPipeline.java:559)
	at org.jboss.netty.channel.Channels.fireMessageReceived(Channels.java:268)
	at org.jboss.netty.channel.Channels.fireMessageReceived(Channels.java:255)
	at org.jboss.netty.channel.socket.nio.NioWorker.read(NioWorker.java:88)
	at org.jboss.netty.channel.socket.nio.AbstractNioWorker.process(AbstractNioWorker.java:108)
	at org.jboss.netty.channel.socket.nio.AbstractNioSelector.run(AbstractNioSelector.java:318)
	at org.jboss.netty.channel.socket.nio.AbstractNioWorker.run(AbstractNioWorker.java:89)
	at org.jboss.netty.channel.socket.nio.NioWorker.run(NioWorker.java:178)
	at org.jboss.netty.util.ThreadRenamingRunnable.run(ThreadRenamingRunnable.java:108)
	at org.jboss.netty.util.internal.DeadLockProofWorker$1.run(DeadLockProofWorker.java:42)
	at java.util.concurrent.ThreadPoolExecutor.runWorker(ThreadPoolExecutor.java:1145)
	at java.util.concurrent.ThreadPoolExecutor$Worker.run(ThreadPoolExecutor.java:615)
	at java.lang.Thread.run(Thread.java:744)
[2014-02-18 16:01:57,203][INFO ][indices.mapping          ] Action Failed
org.elasticsearch.transport.RemoteTransportException: [node_1][inet[/10.1.10.75:9301]][index]
Caused by: org.elasticsearch.common.util.concurrent.EsRejectedExecutionException: rejected execution (queue capacity 200) on org.elasticsearch.action.support.replication.TransportShardReplicationOperationAction$AsyncShardOperationAction$1@12ed94f7
	at org.elasticsearch.common.util.concurrent.EsAbortPolicy.rejectedExecution(EsAbortPolicy.java:62)
	at java.util.concurrent.ThreadPoolExecutor.reject(ThreadPoolExecutor.java:821)
	at java.util.concurrent.ThreadPoolExecutor.execute(ThreadPoolExecutor.java:1372)
	at org.elasticsearch.action.support.replication.TransportShardReplicationOperationAction$AsyncShardOperationAction.start(TransportShardReplicationOperationAction.java:422)
	at org.elasticsearch.action.support.replication.TransportShardReplicationOperationAction$AsyncShardOperationAction.start(TransportShardReplicationOperationAction.java:330)
	at org.elasticsearch.action.support.replication.TransportShardReplicationOperationAction.doExecute(TransportShardReplicationOperationAction.java:101)
	at org.elasticsearch.action.index.TransportIndexAction.innerExecute(TransportIndexAction.java:134)
	at org.elasticsearch.action.index.TransportIndexAction.doExecute(TransportIndexAction.java:116)
	at org.elasticsearch.action.index.TransportIndexAction.doExecute(TransportIndexAction.java:66)
	at org.elasticsearch.action.support.TransportAction.execute(TransportAction.java:63)
	at org.elasticsearch.action.support.replication.TransportShardReplicationOperationAction$OperationTransportHandler.messageReceived(TransportShardReplicationOperationAction.java:203)
	at org.elasticsearch.action.support.replication.TransportShardReplicationOperationAction$OperationTransportHandler.messageReceived(TransportShardReplicationOperationAction.java:185)
	at org.elasticsearch.transport.netty.MessageChannelHandler.handleRequest(MessageChannelHandler.java:212)
	at org.elasticsearch.transport.netty.MessageChannelHandler.messageReceived(MessageChannelHandler.java:109)
	at org.jboss.netty.channel.SimpleChannelUpstreamHandler.handleUpstream(SimpleChannelUpstreamHandler.java:70)
	at org.jboss.netty.channel.DefaultChannelPipeline.sendUpstream(DefaultChannelPipeline.java:564)
	at org.jboss.netty.channel.DefaultChannelPipeline$DefaultChannelHandlerContext.sendUpstream(DefaultChannelPipeline.java:791)
	at org.jboss.netty.channel.Channels.fireMessageReceived(Channels.java:296)
	at org.jboss.netty.handler.codec.frame.FrameDecoder.unfoldAndFireMessageReceived(FrameDecoder.java:462)
	at org.jboss.netty.handler.codec.frame.FrameDecoder.callDecode(FrameDecoder.java:443)
	at org.jboss.netty.handler.codec.frame.FrameDecoder.messageReceived(FrameDecoder.java:303)
	at org.jboss.netty.channel.SimpleChannelUpstreamHandler.handleUpstream(SimpleChannelUpstreamHandler.java:70)
	at org.jboss.netty.channel.DefaultChannelPipeline.sendUpstream(DefaultChannelPipeline.java:564)
	at org.jboss.netty.channel.DefaultChannelPipeline$DefaultChannelHandlerContext.sendUpstream(DefaultChannelPipeline.java:791)
	at org.elasticsearch.common.netty.OpenChannelsHandler.handleUpstream(OpenChannelsHandler.java:74)
	at org.jboss.netty.channel.DefaultChannelPipeline.sendUpstream(DefaultChannelPipeline.java:564)
	at org.jboss.netty.channel.DefaultChannelPipeline.sendUpstream(DefaultChannelPipeline.java:559)
	at org.jboss.netty.channel.Channels.fireMessageReceived(Channels.java:268)
	at org.jboss.netty.channel.Channels.fireMessageReceived(Channels.java:255)
	at org.jboss.netty.channel.socket.nio.NioWorker.read(NioWorker.java:88)
	at org.jboss.netty.channel.socket.nio.AbstractNioWorker.process(AbstractNioWorker.java:108)
	at org.jboss.netty.channel.socket.nio.AbstractNioSelector.run(AbstractNioSelector.java:318)
	at org.jboss.netty.channel.socket.nio.AbstractNioWorker.run(AbstractNioWorker.java:89)
	at org.jboss.netty.channel.socket.nio.NioWorker.run(NioWorker.java:178)
	at org.jboss.netty.util.ThreadRenamingRunnable.run(ThreadRenamingRunnable.java:108)
	at org.jboss.netty.util.internal.DeadLockProofWorker$1.run(DeadLockProofWorker.java:42)
	at java.util.concurrent.ThreadPoolExecutor.runWorker(ThreadPoolExecutor.java:1145)
	at java.util.concurrent.ThreadPoolExecutor$Worker.run(ThreadPoolExecutor.java:615)
	at java.lang.Thread.run(Thread.java:744)
[2014-02-18 16:01:57,201][INFO ][indices.mapping          ] Action Failed
org.elasticsearch.transport.RemoteTransportException: [node_1][inet[/10.1.10.75:9301]][index]
Caused by: org.elasticsearch.common.util.concurrent.EsRejectedExecutionException: rejected execution (queue capacity 200) on org.elasticsearch.action.support.replication.TransportShardReplicationOperationAction$AsyncShardOperationAction$1@323736fd
	at org.elasticsearch.common.util.concurrent.EsAbortPolicy.rejectedExecution(EsAbortPolicy.java:62)
	at java.util.concurrent.ThreadPoolExecutor.reject(ThreadPoolExecutor.java:821)
	at java.util.concurrent.ThreadPoolExecutor.execute(ThreadPoolExecutor.java:1372)
	at org.elasticsearch.action.support.replication.TransportShardReplicationOperationAction$AsyncShardOperationAction.start(TransportShardReplicationOperationAction.java:422)
	at org.elasticsearch.action.support.replication.TransportShardReplicationOperationAction$AsyncShardOperationAction.start(TransportShardReplicationOperationAction.java:330)
	at org.elasticsearch.action.support.replication.TransportShardReplicationOperationAction.doExecute(TransportShardReplicationOperationAction.java:101)
	at org.elasticsearch.action.index.TransportIndexAction.innerExecute(TransportIndexAction.java:134)
	at org.elasticsearch.action.index.TransportIndexAction.doExecute(TransportIndexAction.java:116)
	at org.elasticsearch.action.index.TransportIndexAction.doExecute(TransportIndexAction.java:66)
	at org.elasticsearch.action.support.TransportAction.execute(TransportAction.java:63)
	at org.elasticsearch.action.support.replication.TransportShardReplicationOperationAction$OperationTransportHandler.messageReceived(TransportShardReplicationOperationAction.java:203)
	at org.elasticsearch.action.support.replication.TransportShardReplicationOperationAction$OperationTransportHandler.messageReceived(TransportShardReplicationOperationAction.java:185)
	at org.elasticsearch.transport.netty.MessageChannelHandler.handleRequest(MessageChannelHandler.java:212)
	at org.elasticsearch.transport.netty.MessageChannelHandler.messageReceived(MessageChannelHandler.java:109)
	at org.jboss.netty.channel.SimpleChannelUpstreamHandler.handleUpstream(SimpleChannelUpstreamHandler.java:70)
	at org.jboss.netty.channel.DefaultChannelPipeline.sendUpstream(DefaultChannelPipeline.java:564)
	at org.jboss.netty.channel.DefaultChannelPipeline$DefaultChannelHandlerContext.sendUpstream(DefaultChannelPipeline.java:791)
	at org.jboss.netty.channel.Channels.fireMessageReceived(Channels.java:296)
	at org.jboss.netty.handler.codec.frame.FrameDecoder.unfoldAndFireMessageReceived(FrameDecoder.java:462)
	at org.jboss.netty.handler.codec.frame.FrameDecoder.callDecode(FrameDecoder.java:443)
	at org.jboss.netty.handler.codec.frame.FrameDecoder.messageReceived(FrameDecoder.java:303)
	at org.jboss.netty.channel.SimpleChannelUpstreamHandler.handleUpstream(SimpleChannelUpstreamHandler.java:70)
	at org.jboss.netty.channel.DefaultChannelPipeline.sendUpstream(DefaultChannelPipeline.java:564)
	at org.jboss.netty.channel.DefaultChannelPipeline$DefaultChannelHandlerContext.sendUpstream(DefaultChannelPipeline.java:791)
	at org.elasticsearch.common.netty.OpenChannelsHandler.handleUpstream(OpenChannelsHandler.java:74)
	at org.jboss.netty.channel.DefaultChannelPipeline.sendUpstream(DefaultChannelPipeline.java:564)
	at org.jboss.netty.channel.DefaultChannelPipeline.sendUpstream(DefaultChannelPipeline.java:559)
	at org.jboss.netty.channel.Channels.fireMessageReceived(Channels.java:268)
	at org.jboss.netty.channel.Channels.fireMessageReceived(Channels.java:255)
	at org.jboss.netty.channel.socket.nio.NioWorker.read(NioWorker.java:88)
	at org.jboss.netty.channel.socket.nio.AbstractNioWorker.process(AbstractNioWorker.java:108)
	at org.jboss.netty.channel.socket.nio.AbstractNioSelector.run(AbstractNioSelector.java:318)
	at org.jboss.netty.channel.socket.nio.AbstractNioWorker.run(AbstractNioWorker.java:89)
	at org.jboss.netty.channel.socket.nio.NioWorker.run(NioWorker.java:178)
	at org.jboss.netty.util.ThreadRenamingRunnable.run(ThreadRenamingRunnable.java:108)
	at org.jboss.netty.util.internal.DeadLockProofWorker$1.run(DeadLockProofWorker.java:42)
	at java.util.concurrent.ThreadPoolExecutor.runWorker(ThreadPoolExecutor.java:1145)
	at java.util.concurrent.ThreadPoolExecutor$Worker.run(ThreadPoolExecutor.java:615)
	at java.lang.Thread.run(Thread.java:744)
[2014-02-18 16:01:57,198][INFO ][indices.mapping          ] Action Failed
org.elasticsearch.transport.RemoteTransportException: [node_1][inet[/10.1.10.75:9301]][index]
Caused by: org.elasticsearch.common.util.concurrent.EsRejectedExecutionException: rejected execution (queue capacity 200) on org.elasticsearch.action.support.replication.TransportShardReplicationOperationAction$AsyncShardOperationAction$1@466f3027
	at org.elasticsearch.common.util.concurrent.EsAbortPolicy.rejectedExecution(EsAbortPolicy.java:62)
	at java.util.concurrent.ThreadPoolExecutor.reject(ThreadPoolExecutor.java:821)
	at java.util.concurrent.ThreadPoolExecutor.execute(ThreadPoolExecutor.java:1372)
	at org.elasticsearch.action.support.replication.TransportShardReplicationOperationAction$AsyncShardOperationAction.start(TransportShardReplicationOperationAction.java:422)
	at org.elasticsearch.action.support.replication.TransportShardReplicationOperationAction$AsyncShardOperationAction.start(TransportShardReplicationOperationAction.java:330)
	at org.elasticsearch.action.support.replication.TransportShardReplicationOperationAction.doExecute(TransportShardReplicationOperationAction.java:101)
	at org.elasticsearch.action.index.TransportIndexAction.innerExecute(TransportIndexAction.java:134)
	at org.elasticsearch.action.index.TransportIndexAction.doExecute(TransportIndexAction.java:116)
	at org.elasticsearch.action.index.TransportIndexAction.doExecute(TransportIndexAction.java:66)
	at org.elasticsearch.action.support.TransportAction.execute(TransportAction.java:63)
	at org.elasticsearch.action.support.replication.TransportShardReplicationOperationAction$OperationTransportHandler.messageReceived(TransportShardReplicationOperationAction.java:203)
	at org.elasticsearch.action.support.replication.TransportShardReplicationOperationAction$OperationTransportHandler.messageReceived(TransportShardReplicationOperationAction.java:185)
	at org.elasticsearch.transport.netty.MessageChannelHandler.handleRequest(MessageChannelHandler.java:212)
	at org.elasticsearch.transport.netty.MessageChannelHandler.messageReceived(MessageChannelHandler.java:109)
	at org.jboss.netty.channel.SimpleChannelUpstreamHandler.handleUpstream(SimpleChannelUpstreamHandler.java:70)
	at org.jboss.netty.channel.DefaultChannelPipeline.sendUpstream(DefaultChannelPipeline.java:564)
	at org.jboss.netty.channel.DefaultChannelPipeline$DefaultChannelHandlerContext.sendUpstream(DefaultChannelPipeline.java:791)
	at org.jboss.netty.channel.Channels.fireMessageReceived(Channels.java:296)
	at org.jboss.netty.handler.codec.frame.FrameDecoder.unfoldAndFireMessageReceived(FrameDecoder.java:462)
	at org.jboss.netty.handler.codec.frame.FrameDecoder.callDecode(FrameDecoder.java:443)
	at org.jboss.netty.handler.codec.frame.FrameDecoder.messageReceived(FrameDecoder.java:303)
	at org.jboss.netty.channel.SimpleChannelUpstreamHandler.handleUpstream(SimpleChannelUpstreamHandler.java:70)
	at org.jboss.netty.channel.DefaultChannelPipeline.sendUpstream(DefaultChannelPipeline.java:564)
	at org.jboss.netty.channel.DefaultChannelPipeline$DefaultChannelHandlerContext.sendUpstream(DefaultChannelPipeline.java:791)
	at org.elasticsearch.common.netty.OpenChannelsHandler.handleUpstream(OpenChannelsHandler.java:74)
	at org.jboss.netty.channel.DefaultChannelPipeline.sendUpstream(DefaultChannelPipeline.java:564)
	at org.jboss.netty.channel.DefaultChannelPipeline.sendUpstream(DefaultChannelPipeline.java:559)
	at org.jboss.netty.channel.Channels.fireMessageReceived(Channels.java:268)
	at org.jboss.netty.channel.Channels.fireMessageReceived(Channels.java:255)
	at org.jboss.netty.channel.socket.nio.NioWorker.read(NioWorker.java:88)
	at org.jboss.netty.channel.socket.nio.AbstractNioWorker.process(AbstractNioWorker.java:108)
	at org.jboss.netty.channel.socket.nio.AbstractNioSelector.run(AbstractNioSelector.java:318)
	at org.jboss.netty.channel.socket.nio.AbstractNioWorker.run(AbstractNioWorker.java:89)
	at org.jboss.netty.channel.socket.nio.NioWorker.run(NioWorker.java:178)
	at org.jboss.netty.util.ThreadRenamingRunnable.run(ThreadRenamingRunnable.java:108)
	at org.jboss.netty.util.internal.DeadLockProofWorker$1.run(DeadLockProofWorker.java:42)
	at java.util.concurrent.ThreadPoolExecutor.runWorker(ThreadPoolExecutor.java:1145)
	at java.util.concurrent.ThreadPoolExecutor$Worker.run(ThreadPoolExecutor.java:615)
	at java.lang.Thread.run(Thread.java:744)
[2014-02-18 16:01:57,196][INFO ][indices.mapping          ] Action Failed
org.elasticsearch.transport.RemoteTransportException: [node_1][inet[/10.1.10.75:9301]][index]
Caused by: org.elasticsearch.common.util.concurrent.EsRejectedExecutionException: rejected execution (queue capacity 200) on org.elasticsearch.action.support.replication.TransportShardReplicationOperationAction$AsyncShardOperationAction$1@4e58f307
	at org.elasticsearch.common.util.concurrent.EsAbortPolicy.rejectedExecution(EsAbortPolicy.java:62)
	at java.util.concurrent.ThreadPoolExecutor.reject(ThreadPoolExecutor.java:821)
	at java.util.concurrent.ThreadPoolExecutor.execute(ThreadPoolExecutor.java:1372)
	at org.elasticsearch.action.support.replication.TransportShardReplicationOperationAction$AsyncShardOperationAction.start(TransportShardReplicationOperationAction.java:422)
	at org.elasticsearch.action.support.replication.TransportShardReplicationOperationAction$AsyncShardOperationAction.start(TransportShardReplicationOperationAction.java:330)
	at org.elasticsearch.action.support.replication.TransportShardReplicationOperationAction.doExecute(TransportShardReplicationOperationAction.java:101)
	at org.elasticsearch.action.index.TransportIndexAction.innerExecute(TransportIndexAction.java:134)
	at org.elasticsearch.action.index.TransportIndexAction.doExecute(TransportIndexAction.java:116)
	at org.elasticsearch.action.index.TransportIndexAction.doExecute(TransportIndexAction.java:66)
	at org.elasticsearch.action.support.TransportAction.execute(TransportAction.java:63)
	at org.elasticsearch.action.support.replication.TransportShardReplicationOperationAction$OperationTransportHandler.messageReceived(TransportShardReplicationOperationAction.java:203)
	at org.elasticsearch.action.support.replication.TransportShardReplicationOperationAction$OperationTransportHandler.messageReceived(TransportShardReplicationOperationAction.java:185)
	at org.elasticsearch.transport.netty.MessageChannelHandler.handleRequest(MessageChannelHandler.java:212)
	at org.elasticsearch.transport.netty.MessageChannelHandler.messageReceived(MessageChannelHandler.java:109)
	at org.jboss.netty.channel.SimpleChannelUpstreamHandler.handleUpstream(SimpleChannelUpstreamHandler.java:70)
	at org.jboss.netty.channel.DefaultChannelPipeline.sendUpstream(DefaultChannelPipeline.java:564)
	at org.jboss.netty.channel.DefaultChannelPipeline$DefaultChannelHandlerContext.sendUpstream(DefaultChannelPipeline.java:791)
	at org.jboss.netty.channel.Channels.fireMessageReceived(Channels.java:296)
	at org.jboss.netty.handler.codec.frame.FrameDecoder.unfoldAndFireMessageReceived(FrameDecoder.java:462)
	at org.jboss.netty.handler.codec.frame.FrameDecoder.callDecode(FrameDecoder.java:443)
	at org.jboss.netty.handler.codec.frame.FrameDecoder.messageReceived(FrameDecoder.java:303)
	at org.jboss.netty.channel.SimpleChannelUpstreamHandler.handleUpstream(SimpleChannelUpstreamHandler.java:70)
	at org.jboss.netty.channel.DefaultChannelPipeline.sendUpstream(DefaultChannelPipeline.java:564)
	at org.jboss.netty.channel.DefaultChannelPipeline$DefaultChannelHandlerContext.sendUpstream(DefaultChannelPipeline.java:791)
	at org.elasticsearch.common.netty.OpenChannelsHandler.handleUpstream(OpenChannelsHandler.java:74)
	at org.jboss.netty.channel.DefaultChannelPipeline.sendUpstream(DefaultChannelPipeline.java:564)
	at org.jboss.netty.channel.DefaultChannelPipeline.sendUpstream(DefaultChannelPipeline.java:559)
	at org.jboss.netty.channel.Channels.fireMessageReceived(Channels.java:268)
	at org.jboss.netty.channel.Channels.fireMessageReceived(Channels.java:255)
	at org.jboss.netty.channel.socket.nio.NioWorker.read(NioWorker.java:88)
	at org.jboss.netty.channel.socket.nio.AbstractNioWorker.process(AbstractNioWorker.java:108)
	at org.jboss.netty.channel.socket.nio.AbstractNioSelector.run(AbstractNioSelector.java:318)
	at org.jboss.netty.channel.socket.nio.AbstractNioWorker.run(AbstractNioWorker.java:89)
	at org.jboss.netty.channel.socket.nio.NioWorker.run(NioWorker.java:178)
	at org.jboss.netty.util.ThreadRenamingRunnable.run(ThreadRenamingRunnable.java:108)
	at org.jboss.netty.util.internal.DeadLockProofWorker$1.run(DeadLockProofWorker.java:42)
	at java.util.concurrent.ThreadPoolExecutor.runWorker(ThreadPoolExecutor.java:1145)
	at java.util.concurrent.ThreadPoolExecutor$Worker.run(ThreadPoolExecutor.java:615)
	at java.lang.Thread.run(Thread.java:744)
[2014-02-18 16:01:57,194][INFO ][indices.mapping          ] Action Failed
org.elasticsearch.transport.RemoteTransportException: [node_1][inet[/10.1.10.75:9301]][index]
Caused by: org.elasticsearch.common.util.concurrent.EsRejectedExecutionException: rejected execution (queue capacity 200) on org.elasticsearch.action.support.replication.TransportShardReplicationOperationAction$AsyncShardOperationAction$1@4259ce84
	at org.elasticsearch.common.util.concurrent.EsAbortPolicy.rejectedExecution(EsAbortPolicy.java:62)
	at java.util.concurrent.ThreadPoolExecutor.reject(ThreadPoolExecutor.java:821)
	at java.util.concurrent.ThreadPoolExecutor.execute(ThreadPoolExecutor.java:1372)
	at org.elasticsearch.action.support.replication.TransportShardReplicationOperationAction$AsyncShardOperationAction.start(TransportShardReplicationOperationAction.java:422)
	at org.elasticsearch.action.support.replication.TransportShardReplicationOperationAction$AsyncShardOperationAction.start(TransportShardReplicationOperationAction.java:330)
	at org.elasticsearch.action.support.replication.TransportShardReplicationOperationAction.doExecute(TransportShardReplicationOperationAction.java:101)
	at org.elasticsearch.action.index.TransportIndexAction.innerExecute(TransportIndexAction.java:134)
	at org.elasticsearch.action.index.TransportIndexAction.doExecute(TransportIndexAction.java:116)
	at org.elasticsearch.action.index.TransportIndexAction.doExecute(TransportIndexAction.java:66)
	at org.elasticsearch.action.support.TransportAction.execute(TransportAction.java:63)
	at org.elasticsearch.action.support.replication.TransportShardReplicationOperationAction$OperationTransportHandler.messageReceived(TransportShardReplicationOperationAction.java:203)
	at org.elasticsearch.action.support.replication.TransportShardReplicationOperationAction$OperationTransportHandler.messageReceived(TransportShardReplicationOperationAction.java:185)
	at org.elasticsearch.transport.netty.MessageChannelHandler.handleRequest(MessageChannelHandler.java:212)
	at org.elasticsearch.transport.netty.MessageChannelHandler.messageReceived(MessageChannelHandler.java:109)
	at org.jboss.netty.channel.SimpleChannelUpstreamHandler.handleUpstream(SimpleChannelUpstreamHandler.java:70)
	at org.jboss.netty.channel.DefaultChannelPipeline.sendUpstream(DefaultChannelPipeline.java:564)
	at org.jboss.netty.channel.DefaultChannelPipeline$DefaultChannelHandlerContext.sendUpstream(DefaultChannelPipeline.java:791)
	at org.jboss.netty.channel.Channels.fireMessageReceived(Channels.java:296)
	at org.jboss.netty.handler.codec.frame.FrameDecoder.unfoldAndFireMessageReceived(FrameDecoder.java:462)
	at org.jboss.netty.handler.codec.frame.FrameDecoder.callDecode(FrameDecoder.java:443)
	at org.jboss.netty.handler.codec.frame.FrameDecoder.messageReceived(FrameDecoder.java:303)
	at org.jboss.netty.channel.SimpleChannelUpstreamHandler.handleUpstream(SimpleChannelUpstreamHandler.java:70)
	at org.jboss.netty.channel.DefaultChannelPipeline.sendUpstream(DefaultChannelPipeline.java:564)
	at org.jboss.netty.channel.DefaultChannelPipeline$DefaultChannelHandlerContext.sendUpstream(DefaultChannelPipeline.java:791)
	at org.elasticsearch.common.netty.OpenChannelsHandler.handleUpstream(OpenChannelsHandler.java:74)
	at org.jboss.netty.channel.DefaultChannelPipeline.sendUpstream(DefaultChannelPipeline.java:564)
	at org.jboss.netty.channel.DefaultChannelPipeline.sendUpstream(DefaultChannelPipeline.java:559)
	at org.jboss.netty.channel.Channels.fireMessageReceived(Channels.java:268)
	at org.jboss.netty.channel.Channels.fireMessageReceived(Channels.java:255)
	at org.jboss.netty.channel.socket.nio.NioWorker.read(NioWorker.java:88)
	at org.jboss.netty.channel.socket.nio.AbstractNioWorker.process(AbstractNioWorker.java:108)
	at org.jboss.netty.channel.socket.nio.AbstractNioSelector.run(AbstractNioSelector.java:318)
	at org.jboss.netty.channel.socket.nio.AbstractNioWorker.run(AbstractNioWorker.java:89)
	at org.jboss.netty.channel.socket.nio.NioWorker.run(NioWorker.java:178)
	at org.jboss.netty.util.ThreadRenamingRunnable.run(ThreadRenamingRunnable.java:108)
	at org.jboss.netty.util.internal.DeadLockProofWorker$1.run(DeadLockProofWorker.java:42)
	at java.util.concurrent.ThreadPoolExecutor.runWorker(ThreadPoolExecutor.java:1145)
	at java.util.concurrent.ThreadPoolExecutor$Worker.run(ThreadPoolExecutor.java:615)
	at java.lang.Thread.run(Thread.java:744)
[2014-02-18 16:01:57,194][INFO ][indices.mapping          ] Action Failed
org.elasticsearch.transport.RemoteTransportException: [node_1][inet[/10.1.10.75:9301]][index]
Caused by: org.elasticsearch.common.util.concurrent.EsRejectedExecutionException: rejected execution (queue capacity 200) on org.elasticsearch.action.support.replication.TransportShardReplicationOperationAction$AsyncShardOperationAction$1@7470eda9
	at org.elasticsearch.common.util.concurrent.EsAbortPolicy.rejectedExecution(EsAbortPolicy.java:62)
	at java.util.concurrent.ThreadPoolExecutor.reject(ThreadPoolExecutor.java:821)
	at java.util.concurrent.ThreadPoolExecutor.execute(ThreadPoolExecutor.java:1372)
	at org.elasticsearch.action.support.replication.TransportShardReplicationOperationAction$AsyncShardOperationAction.start(TransportShardReplicationOperationAction.java:422)
	at org.elasticsearch.action.support.replication.TransportShardReplicationOperationAction$AsyncShardOperationAction.start(TransportShardReplicationOperationAction.java:330)
	at org.elasticsearch.action.support.replication.TransportShardReplicationOperationAction.doExecute(TransportShardReplicationOperationAction.java:101)
	at org.elasticsearch.action.index.TransportIndexAction.innerExecute(TransportIndexAction.java:134)
	at org.elasticsearch.action.index.TransportIndexAction.doExecute(TransportIndexAction.java:116)
	at org.elasticsearch.action.index.TransportIndexAction.doExecute(TransportIndexAction.java:66)
	at org.elasticsearch.action.support.TransportAction.execute(TransportAction.java:63)
	at org.elasticsearch.action.support.replication.TransportShardReplicationOperationAction$OperationTransportHandler.messageReceived(TransportShardReplicationOperationAction.java:203)
	at org.elasticsearch.action.support.replication.TransportShardReplicationOperationAction$OperationTransportHandler.messageReceived(TransportShardReplicationOperationAction.java:185)
	at org.elasticsearch.transport.netty.MessageChannelHandler.handleRequest(MessageChannelHandler.java:212)
	at org.elasticsearch.transport.netty.MessageChannelHandler.messageReceived(MessageChannelHandler.java:109)
	at org.jboss.netty.channel.SimpleChannelUpstreamHandler.handleUpstream(SimpleChannelUpstreamHandler.java:70)
	at org.jboss.netty.channel.DefaultChannelPipeline.sendUpstream(DefaultChannelPipeline.java:564)
	at org.jboss.netty.channel.DefaultChannelPipeline$DefaultChannelHandlerContext.sendUpstream(DefaultChannelPipeline.java:791)
	at org.jboss.netty.channel.Channels.fireMessageReceived(Channels.java:296)
	at org.jboss.netty.handler.codec.frame.FrameDecoder.unfoldAndFireMessageReceived(FrameDecoder.java:462)
	at org.jboss.netty.handler.codec.frame.FrameDecoder.callDecode(FrameDecoder.java:443)
	at org.jboss.netty.handler.codec.frame.FrameDecoder.messageReceived(FrameDecoder.java:303)
	at org.jboss.netty.channel.SimpleChannelUpstreamHandler.handleUpstream(SimpleChannelUpstreamHandler.java:70)
	at org.jboss.netty.channel.DefaultChannelPipeline.sendUpstream(DefaultChannelPipeline.java:564)
	at org.jboss.netty.channel.DefaultChannelPipeline$DefaultChannelHandlerContext.sendUpstream(DefaultChannelPipeline.java:791)
	at org.elasticsearch.common.netty.OpenChannelsHandler.handleUpstream(OpenChannelsHandler.java:74)
	at org.jboss.netty.channel.DefaultChannelPipeline.sendUpstream(DefaultChannelPipeline.java:564)
	at org.jboss.netty.channel.DefaultChannelPipeline.sendUpstream(DefaultChannelPipeline.java:559)
	at org.jboss.netty.channel.Channels.fireMessageReceived(Channels.java:268)
	at org.jboss.netty.channel.Channels.fireMessageReceived(Channels.java:255)
	at org.jboss.netty.channel.socket.nio.NioWorker.read(NioWorker.java:88)
	at org.jboss.netty.channel.socket.nio.AbstractNioWorker.process(AbstractNioWorker.java:108)
	at org.jboss.netty.channel.socket.nio.AbstractNioSelector.run(AbstractNioSelector.java:318)
	at org.jboss.netty.channel.socket.nio.AbstractNioWorker.run(AbstractNioWorker.java:89)
	at org.jboss.netty.channel.socket.nio.NioWorker.run(NioWorker.java:178)
	at org.jboss.netty.util.ThreadRenamingRunnable.run(ThreadRenamingRunnable.java:108)
	at org.jboss.netty.util.internal.DeadLockProofWorker$1.run(DeadLockProofWorker.java:42)
	at java.util.concurrent.ThreadPoolExecutor.runWorker(ThreadPoolExecutor.java:1145)
	at java.util.concurrent.ThreadPoolExecutor$Worker.run(ThreadPoolExecutor.java:615)
	at java.lang.Thread.run(Thread.java:744)
[2014-02-18 16:01:57,191][INFO ][indices.mapping          ] Action Failed
org.elasticsearch.transport.RemoteTransportException: [node_1][inet[/10.1.10.75:9301]][index]
Caused by: org.elasticsearch.common.util.concurrent.EsRejectedExecutionException: rejected execution (queue capacity 200) on org.elasticsearch.action.support.replication.TransportShardReplicationOperationAction$AsyncShardOperationAction$1@7436935c
	at org.elasticsearch.common.util.concurrent.EsAbortPolicy.rejectedExecution(EsAbortPolicy.java:62)
	at java.util.concurrent.ThreadPoolExecutor.reject(ThreadPoolExecutor.java:821)
	at java.util.concurrent.ThreadPoolExecutor.execute(ThreadPoolExecutor.java:1372)
	at org.elasticsearch.action.support.replication.TransportShardReplicationOperationAction$AsyncShardOperationAction.start(TransportShardReplicationOperationAction.java:422)
	at org.elasticsearch.action.support.replication.TransportShardReplicationOperationAction$AsyncShardOperationAction.start(TransportShardReplicationOperationAction.java:330)
	at org.elasticsearch.action.support.replication.TransportShardReplicationOperationAction.doExecute(TransportShardReplicationOperationAction.java:101)
	at org.elasticsearch.action.index.TransportIndexAction.innerExecute(TransportIndexAction.java:134)
	at org.elasticsearch.action.index.TransportIndexAction.doExecute(TransportIndexAction.java:116)
	at org.elasticsearch.action.index.TransportIndexAction.doExecute(TransportIndexAction.java:66)
	at org.elasticsearch.action.support.TransportAction.execute(TransportAction.java:63)
	at org.elasticsearch.action.support.replication.TransportShardReplicationOperationAction$OperationTransportHandler.messageReceived(TransportShardReplicationOperationAction.java:203)
	at org.elasticsearch.action.support.replication.TransportShardReplicationOperationAction$OperationTransportHandler.messageReceived(TransportShardReplicationOperationAction.java:185)
	at org.elasticsearch.transport.netty.MessageChannelHandler.handleRequest(MessageChannelHandler.java:212)
	at org.elasticsearch.transport.netty.MessageChannelHandler.messageReceived(MessageChannelHandler.java:109)
	at org.jboss.netty.channel.SimpleChannelUpstreamHandler.handleUpstream(SimpleChannelUpstreamHandler.java:70)
	at org.jboss.netty.channel.DefaultChannelPipeline.sendUpstream(DefaultChannelPipeline.java:564)
	at org.jboss.netty.channel.DefaultChannelPipeline$DefaultChannelHandlerContext.sendUpstream(DefaultChannelPipeline.java:791)
	at org.jboss.netty.channel.Channels.fireMessageReceived(Channels.java:296)
	at org.jboss.netty.handler.codec.frame.FrameDecoder.unfoldAndFireMessageReceived(FrameDecoder.java:462)
	at org.jboss.netty.handler.codec.frame.FrameDecoder.callDecode(FrameDecoder.java:443)
	at org.jboss.netty.handler.codec.frame.FrameDecoder.messageReceived(FrameDecoder.java:303)
	at org.jboss.netty.channel.SimpleChannelUpstreamHandler.handleUpstream(SimpleChannelUpstreamHandler.java:70)
	at org.jboss.netty.channel.DefaultChannelPipeline.sendUpstream(DefaultChannelPipeline.java:564)
	at org.jboss.netty.channel.DefaultChannelPipeline$DefaultChannelHandlerContext.sendUpstream(DefaultChannelPipeline.java:791)
	at org.elasticsearch.common.netty.OpenChannelsHandler.handleUpstream(OpenChannelsHandler.java:74)
	at org.jboss.netty.channel.DefaultChannelPipeline.sendUpstream(DefaultChannelPipeline.java:564)
	at org.jboss.netty.channel.DefaultChannelPipeline.sendUpstream(DefaultChannelPipeline.java:559)
	at org.jboss.netty.channel.Channels.fireMessageReceived(Channels.java:268)
	at org.jboss.netty.channel.Channels.fireMessageReceived(Channels.java:255)
	at org.jboss.netty.channel.socket.nio.NioWorker.read(NioWorker.java:88)
	at org.jboss.netty.channel.socket.nio.AbstractNioWorker.process(AbstractNioWorker.java:108)
	at org.jboss.netty.channel.socket.nio.AbstractNioSelector.run(AbstractNioSelector.java:318)
	at org.jboss.netty.channel.socket.nio.AbstractNioWorker.run(AbstractNioWorker.java:89)
	at org.jboss.netty.channel.socket.nio.NioWorker.run(NioWorker.java:178)
	at org.jboss.netty.util.ThreadRenamingRunnable.run(ThreadRenamingRunnable.java:108)
	at org.jboss.netty.util.internal.DeadLockProofWorker$1.run(DeadLockProofWorker.java:42)
	at java.util.concurrent.ThreadPoolExecutor.runWorker(ThreadPoolExecutor.java:1145)
	at java.util.concurrent.ThreadPoolExecutor$Worker.run(ThreadPoolExecutor.java:615)
	at java.lang.Thread.run(Thread.java:744)
[2014-02-18 16:01:57,191][INFO ][indices.mapping          ] Action Failed
org.elasticsearch.transport.RemoteTransportException: [node_1][inet[/10.1.10.75:9301]][index]
Caused by: org.elasticsearch.common.util.concurrent.EsRejectedExecutionException: rejected execution (queue capacity 200) on org.elasticsearch.action.support.replication.TransportShardReplicationOperationAction$AsyncShardOperationAction$1@56ef156b
	at org.elasticsearch.common.util.concurrent.EsAbortPolicy.rejectedExecution(EsAbortPolicy.java:62)
	at java.util.concurrent.ThreadPoolExecutor.reject(ThreadPoolExecutor.java:821)
	at java.util.concurrent.ThreadPoolExecutor.execute(ThreadPoolExecutor.java:1372)
	at org.elasticsearch.action.support.replication.TransportShardReplicationOperationAction$AsyncShardOperationAction.start(TransportShardReplicationOperationAction.java:422)
	at org.elasticsearch.action.support.replication.TransportShardReplicationOperationAction$AsyncShardOperationAction.start(TransportShardReplicationOperationAction.java:330)
	at org.elasticsearch.action.support.replication.TransportShardReplicationOperationAction.doExecute(TransportShardReplicationOperationAction.java:101)
	at org.elasticsearch.action.index.TransportIndexAction.innerExecute(TransportIndexAction.java:134)
	at org.elasticsearch.action.index.TransportIndexAction.doExecute(TransportIndexAction.java:116)
	at org.elasticsearch.action.index.TransportIndexAction.doExecute(TransportIndexAction.java:66)
	at org.elasticsearch.action.support.TransportAction.execute(TransportAction.java:63)
	at org.elasticsearch.action.support.replication.TransportShardReplicationOperationAction$OperationTransportHandler.messageReceived(TransportShardReplicationOperationAction.java:203)
	at org.elasticsearch.action.support.replication.TransportShardReplicationOperationAction$OperationTransportHandler.messageReceived(TransportShardReplicationOperationAction.java:185)
	at org.elasticsearch.transport.netty.MessageChannelHandler.handleRequest(MessageChannelHandler.java:212)
	at org.elasticsearch.transport.netty.MessageChannelHandler.messageReceived(MessageChannelHandler.java:109)
	at org.jboss.netty.channel.SimpleChannelUpstreamHandler.handleUpstream(SimpleChannelUpstreamHandler.java:70)
	at org.jboss.netty.channel.DefaultChannelPipeline.sendUpstream(DefaultChannelPipeline.java:564)
	at org.jboss.netty.channel.DefaultChannelPipeline$DefaultChannelHandlerContext.sendUpstream(DefaultChannelPipeline.java:791)
	at org.jboss.netty.channel.Channels.fireMessageReceived(Channels.java:296)
	at org.jboss.netty.handler.codec.frame.FrameDecoder.unfoldAndFireMessageReceived(FrameDecoder.java:462)
	at org.jboss.netty.handler.codec.frame.FrameDecoder.callDecode(FrameDecoder.java:443)
	at org.jboss.netty.handler.codec.frame.FrameDecoder.messageReceived(FrameDecoder.java:303)
	at org.jboss.netty.channel.SimpleChannelUpstreamHandler.handleUpstream(SimpleChannelUpstreamHandler.java:70)
	at org.jboss.netty.channel.DefaultChannelPipeline.sendUpstream(DefaultChannelPipeline.java:564)
	at org.jboss.netty.channel.DefaultChannelPipeline$DefaultChannelHandlerContext.sendUpstream(DefaultChannelPipeline.java:791)
	at org.elasticsearch.common.netty.OpenChannelsHandler.handleUpstream(OpenChannelsHandler.java:74)
	at org.jboss.netty.channel.DefaultChannelPipeline.sendUpstream(DefaultChannelPipeline.java:564)
	at org.jboss.netty.channel.DefaultChannelPipeline.sendUpstream(DefaultChannelPipeline.java:559)
	at org.jboss.netty.channel.Channels.fireMessageReceived(Channels.java:268)
	at org.jboss.netty.channel.Channels.fireMessageReceived(Channels.java:255)
	at org.jboss.netty.channel.socket.nio.NioWorker.read(NioWorker.java:88)
	at org.jboss.netty.channel.socket.nio.AbstractNioWorker.process(AbstractNioWorker.java:108)
	at org.jboss.netty.channel.socket.nio.AbstractNioSelector.run(AbstractNioSelector.java:318)
	at org.jboss.netty.channel.socket.nio.AbstractNioWorker.run(AbstractNioWorker.java:89)
	at org.jboss.netty.channel.socket.nio.NioWorker.run(NioWorker.java:178)
	at org.jboss.netty.util.ThreadRenamingRunnable.run(ThreadRenamingRunnable.java:108)
	at org.jboss.netty.util.internal.DeadLockProofWorker$1.run(DeadLockProofWorker.java:42)
	at java.util.concurrent.ThreadPoolExecutor.runWorker(ThreadPoolExecutor.java:1145)
	at java.util.concurrent.ThreadPoolExecutor$Worker.run(ThreadPoolExecutor.java:615)
	at java.lang.Thread.run(Thread.java:744)
[2014-02-18 16:01:57,190][INFO ][indices.mapping          ] Action Failed
org.elasticsearch.transport.RemoteTransportException: [node_1][inet[/10.1.10.75:9301]][index]
Caused by: org.elasticsearch.common.util.concurrent.EsRejectedExecutionException: rejected execution (queue capacity 200) on org.elasticsearch.action.support.replication.TransportShardReplicationOperationAction$AsyncShardOperationAction$1@32f6db3c
	at org.elasticsearch.common.util.concurrent.EsAbortPolicy.rejectedExecution(EsAbortPolicy.java:62)
	at java.util.concurrent.ThreadPoolExecutor.reject(ThreadPoolExecutor.java:821)
	at java.util.concurrent.ThreadPoolExecutor.execute(ThreadPoolExecutor.java:1372)
	at org.elasticsearch.action.support.replication.TransportShardReplicationOperationAction$AsyncShardOperationAction.start(TransportShardReplicationOperationAction.java:422)
	at org.elasticsearch.action.support.replication.TransportShardReplicationOperationAction$AsyncShardOperationAction.start(TransportShardReplicationOperationAction.java:330)
	at org.elasticsearch.action.support.replication.TransportShardReplicationOperationAction.doExecute(TransportShardReplicationOperationAction.java:101)
	at org.elasticsearch.action.index.TransportIndexAction.innerExecute(TransportIndexAction.java:134)
	at org.elasticsearch.action.index.TransportIndexAction.doExecute(TransportIndexAction.java:116)
	at org.elasticsearch.action.index.TransportIndexAction.doExecute(TransportIndexAction.java:66)
	at org.elasticsearch.action.support.TransportAction.execute(TransportAction.java:63)
	at org.elasticsearch.action.support.replication.TransportShardReplicationOperationAction$OperationTransportHandler.messageReceived(TransportShardReplicationOperationAction.java:203)
	at org.elasticsearch.action.support.replication.TransportShardReplicationOperationAction$OperationTransportHandler.messageReceived(TransportShardReplicationOperationAction.java:185)
	at org.elasticsearch.transport.netty.MessageChannelHandler.handleRequest(MessageChannelHandler.java:212)
	at org.elasticsearch.transport.netty.MessageChannelHandler.messageReceived(MessageChannelHandler.java:109)
	at org.jboss.netty.channel.SimpleChannelUpstreamHandler.handleUpstream(SimpleChannelUpstreamHandler.java:70)
	at org.jboss.netty.channel.DefaultChannelPipeline.sendUpstream(DefaultChannelPipeline.java:564)
	at org.jboss.netty.channel.DefaultChannelPipeline$DefaultChannelHandlerContext.sendUpstream(DefaultChannelPipeline.java:791)
	at org.jboss.netty.channel.Channels.fireMessageReceived(Channels.java:296)
	at org.jboss.netty.handler.codec.frame.FrameDecoder.unfoldAndFireMessageReceived(FrameDecoder.java:462)
	at org.jboss.netty.handler.codec.frame.FrameDecoder.callDecode(FrameDecoder.java:443)
	at org.jboss.netty.handler.codec.frame.FrameDecoder.messageReceived(FrameDecoder.java:303)
	at org.jboss.netty.channel.SimpleChannelUpstreamHandler.handleUpstream(SimpleChannelUpstreamHandler.java:70)
	at org.jboss.netty.channel.DefaultChannelPipeline.sendUpstream(DefaultChannelPipeline.java:564)
	at org.jboss.netty.channel.DefaultChannelPipeline$DefaultChannelHandlerContext.sendUpstream(DefaultChannelPipeline.java:791)
	at org.elasticsearch.common.netty.OpenChannelsHandler.handleUpstream(OpenChannelsHandler.java:74)
	at org.jboss.netty.channel.DefaultChannelPipeline.sendUpstream(DefaultChannelPipeline.java:564)
	at org.jboss.netty.channel.DefaultChannelPipeline.sendUpstream(DefaultChannelPipeline.java:559)
	at org.jboss.netty.channel.Channels.fireMessageReceived(Channels.java:268)
	at org.jboss.netty.channel.Channels.fireMessageReceived(Channels.java:255)
	at org.jboss.netty.channel.socket.nio.NioWorker.read(NioWorker.java:88)
	at org.jboss.netty.channel.socket.nio.AbstractNioWorker.process(AbstractNioWorker.java:108)
	at org.jboss.netty.channel.socket.nio.AbstractNioSelector.run(AbstractNioSelector.java:318)
	at org.jboss.netty.channel.socket.nio.AbstractNioWorker.run(AbstractNioWorker.java:89)
	at org.jboss.netty.channel.socket.nio.NioWorker.run(NioWorker.java:178)
	at org.jboss.netty.util.ThreadRenamingRunnable.run(ThreadRenamingRunnable.java:108)
	at org.jboss.netty.util.internal.DeadLockProofWorker$1.run(DeadLockProofWorker.java:42)
	at java.util.concurrent.ThreadPoolExecutor.runWorker(ThreadPoolExecutor.java:1145)
	at java.util.concurrent.ThreadPoolExecutor$Worker.run(ThreadPoolExecutor.java:615)
	at java.lang.Thread.run(Thread.java:744)
[2014-02-18 16:01:57,189][INFO ][indices.mapping          ] Action Failed
org.elasticsearch.transport.RemoteTransportException: [node_1][inet[/10.1.10.75:9301]][index]
Caused by: org.elasticsearch.common.util.concurrent.EsRejectedExecutionException: rejected execution (queue capacity 200) on org.elasticsearch.action.support.replication.TransportShardReplicationOperationAction$AsyncShardOperationAction$1@7ff2428b
	at org.elasticsearch.common.util.concurrent.EsAbortPolicy.rejectedExecution(EsAbortPolicy.java:62)
	at java.util.concurrent.ThreadPoolExecutor.reject(ThreadPoolExecutor.java:821)
	at java.util.concurrent.ThreadPoolExecutor.execute(ThreadPoolExecutor.java:1372)
	at org.elasticsearch.action.support.replication.TransportShardReplicationOperationAction$AsyncShardOperationAction.start(TransportShardReplicationOperationAction.java:422)
	at org.elasticsearch.action.support.replication.TransportShardReplicationOperationAction$AsyncShardOperationAction.start(TransportShardReplicationOperationAction.java:330)
	at org.elasticsearch.action.support.replication.TransportShardReplicationOperationAction.doExecute(TransportShardReplicationOperationAction.java:101)
	at org.elasticsearch.action.index.TransportIndexAction.innerExecute(TransportIndexAction.java:134)
	at org.elasticsearch.action.index.TransportIndexAction.doExecute(TransportIndexAction.java:116)
	at org.elasticsearch.action.index.TransportIndexAction.doExecute(TransportIndexAction.java:66)
	at org.elasticsearch.action.support.TransportAction.execute(TransportAction.java:63)
	at org.elasticsearch.action.support.replication.TransportShardReplicationOperationAction$OperationTransportHandler.messageReceived(TransportShardReplicationOperationAction.java:203)
	at org.elasticsearch.action.support.replication.TransportShardReplicationOperationAction$OperationTransportHandler.messageReceived(TransportShardReplicationOperationAction.java:185)
	at org.elasticsearch.transport.netty.MessageChannelHandler.handleRequest(MessageChannelHandler.java:212)
	at org.elasticsearch.transport.netty.MessageChannelHandler.messageReceived(MessageChannelHandler.java:109)
	at org.jboss.netty.channel.SimpleChannelUpstreamHandler.handleUpstream(SimpleChannelUpstreamHandler.java:70)
	at org.jboss.netty.channel.DefaultChannelPipeline.sendUpstream(DefaultChannelPipeline.java:564)
	at org.jboss.netty.channel.DefaultChannelPipeline$DefaultChannelHandlerContext.sendUpstream(DefaultChannelPipeline.java:791)
	at org.jboss.netty.channel.Channels.fireMessageReceived(Channels.java:296)
	at org.jboss.netty.handler.codec.frame.FrameDecoder.unfoldAndFireMessageReceived(FrameDecoder.java:462)
	at org.jboss.netty.handler.codec.frame.FrameDecoder.callDecode(FrameDecoder.java:443)
	at org.jboss.netty.handler.codec.frame.FrameDecoder.messageReceived(FrameDecoder.java:303)
	at org.jboss.netty.channel.SimpleChannelUpstreamHandler.handleUpstream(SimpleChannelUpstreamHandler.java:70)
	at org.jboss.netty.channel.DefaultChannelPipeline.sendUpstream(DefaultChannelPipeline.java:564)
	at org.jboss.netty.channel.DefaultChannelPipeline$DefaultChannelHandlerContext.sendUpstream(DefaultChannelPipeline.java:791)
	at org.elasticsearch.common.netty.OpenChannelsHandler.handleUpstream(OpenChannelsHandler.java:74)
	at org.jboss.netty.channel.DefaultChannelPipeline.sendUpstream(DefaultChannelPipeline.java:564)
	at org.jboss.netty.channel.DefaultChannelPipeline.sendUpstream(DefaultChannelPipeline.java:559)
	at org.jboss.netty.channel.Channels.fireMessageReceived(Channels.java:268)
	at org.jboss.netty.channel.Channels.fireMessageReceived(Channels.java:255)
	at org.jboss.netty.channel.socket.nio.NioWorker.read(NioWorker.java:88)
	at org.jboss.netty.channel.socket.nio.AbstractNioWorker.process(AbstractNioWorker.java:108)
	at org.jboss.netty.channel.socket.nio.AbstractNioSelector.run(AbstractNioSelector.java:318)
	at org.jboss.netty.channel.socket.nio.AbstractNioWorker.run(AbstractNioWorker.java:89)
	at org.jboss.netty.channel.socket.nio.NioWorker.run(NioWorker.java:178)
	at org.jboss.netty.util.ThreadRenamingRunnable.run(ThreadRenamingRunnable.java:108)
	at org.jboss.netty.util.internal.DeadLockProofWorker$1.run(DeadLockProofWorker.java:42)
	at java.util.concurrent.ThreadPoolExecutor.runWorker(ThreadPoolExecutor.java:1145)
	at java.util.concurrent.ThreadPoolExecutor$Worker.run(ThreadPoolExecutor.java:615)
	at java.lang.Thread.run(Thread.java:744)
[2014-02-18 16:01:57,231][INFO ][indices.mapping          ] Action Failed
org.elasticsearch.transport.RemoteTransportException: [node_1][inet[/10.1.10.75:9301]][index]
Caused by: org.elasticsearch.common.util.concurrent.EsRejectedExecutionException: rejected execution (queue capacity 200) on org.elasticsearch.action.support.replication.TransportShardReplicationOperationAction$AsyncShardOperationAction$1@77e7934b
	at org.elasticsearch.common.util.concurrent.EsAbortPolicy.rejectedExecution(EsAbortPolicy.java:62)
	at java.util.concurrent.ThreadPoolExecutor.reject(ThreadPoolExecutor.java:821)
	at java.util.concurrent.ThreadPoolExecutor.execute(ThreadPoolExecutor.java:1372)
	at org.elasticsearch.action.support.replication.TransportShardReplicationOperationAction$AsyncShardOperationAction.start(TransportShardReplicationOperationAction.java:422)
	at org.elasticsearch.action.support.replication.TransportShardReplicationOperationAction$AsyncShardOperationAction.start(TransportShardReplicationOperationAction.java:330)
	at org.elasticsearch.action.support.replication.TransportShardReplicationOperationAction.doExecute(TransportShardReplicationOperationAction.java:101)
	at org.elasticsearch.action.index.TransportIndexAction.innerExecute(TransportIndexAction.java:134)
	at org.elasticsearch.action.index.TransportIndexAction.doExecute(TransportIndexAction.java:116)
	at org.elasticsearch.action.index.TransportIndexAction.doExecute(TransportIndexAction.java:66)
	at org.elasticsearch.action.support.TransportAction.execute(TransportAction.java:63)
	at org.elasticsearch.action.support.replication.TransportShardReplicationOperationAction$OperationTransportHandler.messageReceived(TransportShardReplicationOperationAction.java:203)
	at org.elasticsearch.action.support.replication.TransportShardReplicationOperationAction$OperationTransportHandler.messageReceived(TransportShardReplicationOperationAction.java:185)
	at org.elasticsearch.transport.netty.MessageChannelHandler.handleRequest(MessageChannelHandler.java:212)
	at org.elasticsearch.transport.netty.MessageChannelHandler.messageReceived(MessageChannelHandler.java:109)
	at org.jboss.netty.channel.SimpleChannelUpstreamHandler.handleUpstream(SimpleChannelUpstreamHandler.java:70)
	at org.jboss.netty.channel.DefaultChannelPipeline.sendUpstream(DefaultChannelPipeline.java:564)
	at org.jboss.netty.channel.DefaultChannelPipeline$DefaultChannelHandlerContext.sendUpstream(DefaultChannelPipeline.java:791)
	at org.jboss.netty.channel.Channels.fireMessageReceived(Channels.java:296)
	at org.jboss.netty.handler.codec.frame.FrameDecoder.unfoldAndFireMessageReceived(FrameDecoder.java:462)
	at org.jboss.netty.handler.codec.frame.FrameDecoder.callDecode(FrameDecoder.java:443)
	at org.jboss.netty.handler.codec.frame.FrameDecoder.messageReceived(FrameDecoder.java:303)
	at org.jboss.netty.channel.SimpleChannelUpstreamHandler.handleUpstream(SimpleChannelUpstreamHandler.java:70)
	at org.jboss.netty.channel.DefaultChannelPipeline.sendUpstream(DefaultChannelPipeline.java:564)
	at org.jboss.netty.channel.DefaultChannelPipeline$DefaultChannelHandlerContext.sendUpstream(DefaultChannelPipeline.java:791)
	at org.elasticsearch.common.netty.OpenChannelsHandler.handleUpstream(OpenChannelsHandler.java:74)
	at org.jboss.netty.channel.DefaultChannelPipeline.sendUpstream(DefaultChannelPipeline.java:564)
	at org.jboss.netty.channel.DefaultChannelPipeline.sendUpstream(DefaultChannelPipeline.java:559)
	at org.jboss.netty.channel.Channels.fireMessageReceived(Channels.java:268)
	at org.jboss.netty.channel.Channels.fireMessageReceived(Channels.java:255)
	at org.jboss.netty.channel.socket.nio.NioWorker.read(NioWorker.java:88)
	at org.jboss.netty.channel.socket.nio.AbstractNioWorker.process(AbstractNioWorker.java:108)
	at org.jboss.netty.channel.socket.nio.AbstractNioSelector.run(AbstractNioSelector.java:318)
	at org.jboss.netty.channel.socket.nio.AbstractNioWorker.run(AbstractNioWorker.java:89)
	at org.jboss.netty.channel.socket.nio.NioWorker.run(NioWorker.java:178)
	at org.jboss.netty.util.ThreadRenamingRunnable.run(ThreadRenamingRunnable.java:108)
	at org.jboss.netty.util.internal.DeadLockProofWorker$1.run(DeadLockProofWorker.java:42)
	at java.util.concurrent.ThreadPoolExecutor.runWorker(ThreadPoolExecutor.java:1145)
	at java.util.concurrent.ThreadPoolExecutor$Worker.run(ThreadPoolExecutor.java:615)
	at java.lang.Thread.run(Thread.java:744)
[2014-02-18 16:01:57,229][INFO ][indices.mapping          ] Action Failed
org.elasticsearch.transport.RemoteTransportException: [node_1][inet[/10.1.10.75:9301]][index]
Caused by: org.elasticsearch.common.util.concurrent.EsRejectedExecutionException: rejected execution (queue capacity 200) on org.elasticsearch.action.support.replication.TransportShardReplicationOperationAction$AsyncShardOperationAction$1@1fb587ca
	at org.elasticsearch.common.util.concurrent.EsAbortPolicy.rejectedExecution(EsAbortPolicy.java:62)
	at java.util.concurrent.ThreadPoolExecutor.reject(ThreadPoolExecutor.java:821)
	at java.util.concurrent.ThreadPoolExecutor.execute(ThreadPoolExecutor.java:1372)
	at org.elasticsearch.action.support.replication.TransportShardReplicationOperationAction$AsyncShardOperationAction.start(TransportShardReplicationOperationAction.java:422)
	at org.elasticsearch.action.support.replication.TransportShardReplicationOperationAction$AsyncShardOperationAction.start(TransportShardReplicationOperationAction.java:330)
	at org.elasticsearch.action.support.replication.TransportShardReplicationOperationAction.doExecute(TransportShardReplicationOperationAction.java:101)
	at org.elasticsearch.action.index.TransportIndexAction.innerExecute(TransportIndexAction.java:134)
	at org.elasticsearch.action.index.TransportIndexAction.doExecute(TransportIndexAction.java:116)
	at org.elasticsearch.action.index.TransportIndexAction.doExecute(TransportIndexAction.java:66)
	at org.elasticsearch.action.support.TransportAction.execute(TransportAction.java:63)
	at org.elasticsearch.action.support.replication.TransportShardReplicationOperationAction$OperationTransportHandler.messageReceived(TransportShardReplicationOperationAction.java:203)
	at org.elasticsearch.action.support.replication.TransportShardReplicationOperationAction$OperationTransportHandler.messageReceived(TransportShardReplicationOperationAction.java:185)
	at org.elasticsearch.transport.netty.MessageChannelHandler.handleRequest(MessageChannelHandler.java:212)
	at org.elasticsearch.transport.netty.MessageChannelHandler.messageReceived(MessageChannelHandler.java:109)
	at org.jboss.netty.channel.SimpleChannelUpstreamHandler.handleUpstream(SimpleChannelUpstreamHandler.java:70)
	at org.jboss.netty.channel.DefaultChannelPipeline.sendUpstream(DefaultChannelPipeline.java:564)
	at org.jboss.netty.channel.DefaultChannelPipeline$DefaultChannelHandlerContext.sendUpstream(DefaultChannelPipeline.java:791)
	at org.jboss.netty.channel.Channels.fireMessageReceived(Channels.java:296)
	at org.jboss.netty.handler.codec.frame.FrameDecoder.unfoldAndFireMessageReceived(FrameDecoder.java:462)
	at org.jboss.netty.handler.codec.frame.FrameDecoder.callDecode(FrameDecoder.java:443)
	at org.jboss.netty.handler.codec.frame.FrameDecoder.messageReceived(FrameDecoder.java:303)
	at org.jboss.netty.channel.SimpleChannelUpstreamHandler.handleUpstream(SimpleChannelUpstreamHandler.java:70)
	at org.jboss.netty.channel.DefaultChannelPipeline.sendUpstream(DefaultChannelPipeline.java:564)
	at org.jboss.netty.channel.DefaultChannelPipeline$DefaultChannelHandlerContext.sendUpstream(DefaultChannelPipeline.java:791)
	at org.elasticsearch.common.netty.OpenChannelsHandler.handleUpstream(OpenChannelsHandler.java:74)
	at org.jboss.netty.channel.DefaultChannelPipeline.sendUpstream(DefaultChannelPipeline.java:564)
	at org.jboss.netty.channel.DefaultChannelPipeline.sendUpstream(DefaultChannelPipeline.java:559)
	at org.jboss.netty.channel.Channels.fireMessageReceived(Channels.java:268)
	at org.jboss.netty.channel.Channels.fireMessageReceived(Channels.java:255)
	at org.jboss.netty.channel.socket.nio.NioWorker.read(NioWorker.java:88)
	at org.jboss.netty.channel.socket.nio.AbstractNioWorker.process(AbstractNioWorker.java:108)
	at org.jboss.netty.channel.socket.nio.AbstractNioSelector.run(AbstractNioSelector.java:318)
	at org.jboss.netty.channel.socket.nio.AbstractNioWorker.run(AbstractNioWorker.java:89)
	at org.jboss.netty.channel.socket.nio.NioWorker.run(NioWorker.java:178)
	at org.jboss.netty.util.ThreadRenamingRunnable.run(ThreadRenamingRunnable.java:108)
	at org.jboss.netty.util.internal.DeadLockProofWorker$1.run(DeadLockProofWorker.java:42)
	at java.util.concurrent.ThreadPoolExecutor.runWorker(ThreadPoolExecutor.java:1145)
	at java.util.concurrent.ThreadPoolExecutor$Worker.run(ThreadPoolExecutor.java:615)
	at java.lang.Thread.run(Thread.java:744)
[2014-02-18 16:01:57,227][INFO ][indices.mapping          ] Action Failed
org.elasticsearch.transport.RemoteTransportException: [node_1][inet[/10.1.10.75:9301]][index]
Caused by: org.elasticsearch.common.util.concurrent.EsRejectedExecutionException: rejected execution (queue capacity 200) on org.elasticsearch.action.support.replication.TransportShardReplicationOperationAction$AsyncShardOperationAction$1@3b8ca9db
	at org.elasticsearch.common.util.concurrent.EsAbortPolicy.rejectedExecution(EsAbortPolicy.java:62)
	at java.util.concurrent.ThreadPoolExecutor.reject(ThreadPoolExecutor.java:821)
	at java.util.concurrent.ThreadPoolExecutor.execute(ThreadPoolExecutor.java:1372)
	at org.elasticsearch.action.support.replication.TransportShardReplicationOperationAction$AsyncShardOperationAction.start(TransportShardReplicationOperationAction.java:422)
	at org.elasticsearch.action.support.replication.TransportShardReplicationOperationAction$AsyncShardOperationAction.start(TransportShardReplicationOperationAction.java:330)
	at org.elasticsearch.action.support.replication.TransportShardReplicationOperationAction.doExecute(TransportShardReplicationOperationAction.java:101)
	at org.elasticsearch.action.index.TransportIndexAction.innerExecute(TransportIndexAction.java:134)
	at org.elasticsearch.action.index.TransportIndexAction.doExecute(TransportIndexAction.java:116)
	at org.elasticsearch.action.index.TransportIndexAction.doExecute(TransportIndexAction.java:66)
	at org.elasticsearch.action.support.TransportAction.execute(TransportAction.java:63)
	at org.elasticsearch.action.support.replication.TransportShardReplicationOperationAction$OperationTransportHandler.messageReceived(TransportShardReplicationOperationAction.java:203)
	at org.elasticsearch.action.support.replication.TransportShardReplicationOperationAction$OperationTransportHandler.messageReceived(TransportShardReplicationOperationAction.java:185)
	at org.elasticsearch.transport.netty.MessageChannelHandler.handleRequest(MessageChannelHandler.java:212)
	at org.elasticsearch.transport.netty.MessageChannelHandler.messageReceived(MessageChannelHandler.java:109)
	at org.jboss.netty.channel.SimpleChannelUpstreamHandler.handleUpstream(SimpleChannelUpstreamHandler.java:70)
	at org.jboss.netty.channel.DefaultChannelPipeline.sendUpstream(DefaultChannelPipeline.java:564)
	at org.jboss.netty.channel.DefaultChannelPipeline$DefaultChannelHandlerContext.sendUpstream(DefaultChannelPipeline.java:791)
	at org.jboss.netty.channel.Channels.fireMessageReceived(Channels.java:296)
	at org.jboss.netty.handler.codec.frame.FrameDecoder.unfoldAndFireMessageReceived(FrameDecoder.java:462)
	at org.jboss.netty.handler.codec.frame.FrameDecoder.callDecode(FrameDecoder.java:443)
	at org.jboss.netty.handler.codec.frame.FrameDecoder.messageReceived(FrameDecoder.java:303)
	at org.jboss.netty.channel.SimpleChannelUpstreamHandler.handleUpstream(SimpleChannelUpstreamHandler.java:70)
	at org.jboss.netty.channel.DefaultChannelPipeline.sendUpstream(DefaultChannelPipeline.java:564)
	at org.jboss.netty.channel.DefaultChannelPipeline$DefaultChannelHandlerContext.sendUpstream(DefaultChannelPipeline.java:791)
	at org.elasticsearch.common.netty.OpenChannelsHandler.handleUpstream(OpenChannelsHandler.java:74)
	at org.jboss.netty.channel.DefaultChannelPipeline.sendUpstream(DefaultChannelPipeline.java:564)
	at org.jboss.netty.channel.DefaultChannelPipeline.sendUpstream(DefaultChannelPipeline.java:559)
	at org.jboss.netty.channel.Channels.fireMessageReceived(Channels.java:268)
	at org.jboss.netty.channel.Channels.fireMessageReceived(Channels.java:255)
	at org.jboss.netty.channel.socket.nio.NioWorker.read(NioWorker.java:88)
	at org.jboss.netty.channel.socket.nio.AbstractNioWorker.process(AbstractNioWorker.java:108)
	at org.jboss.netty.channel.socket.nio.AbstractNioSelector.run(AbstractNioSelector.java:318)
	at org.jboss.netty.channel.socket.nio.AbstractNioWorker.run(AbstractNioWorker.java:89)
	at org.jboss.netty.channel.socket.nio.NioWorker.run(NioWorker.java:178)
	at org.jboss.netty.util.ThreadRenamingRunnable.run(ThreadRenamingRunnable.java:108)
	at org.jboss.netty.util.internal.DeadLockProofWorker$1.run(DeadLockProofWorker.java:42)
	at java.util.concurrent.ThreadPoolExecutor.runWorker(ThreadPoolExecutor.java:1145)
	at java.util.concurrent.ThreadPoolExecutor$Worker.run(ThreadPoolExecutor.java:615)
	at java.lang.Thread.run(Thread.java:744)
[2014-02-18 16:01:57,226][INFO ][indices.mapping          ] Action Failed
org.elasticsearch.transport.RemoteTransportException: [node_1][inet[/10.1.10.75:9301]][index]
Caused by: org.elasticsearch.common.util.concurrent.EsRejectedExecutionException: rejected execution (queue capacity 200) on org.elasticsearch.action.support.replication.TransportShardReplicationOperationAction$AsyncShardOperationAction$1@5d359815
	at org.elasticsearch.common.util.concurrent.EsAbortPolicy.rejectedExecution(EsAbortPolicy.java:62)
	at java.util.concurrent.ThreadPoolExecutor.reject(ThreadPoolExecutor.java:821)
	at java.util.concurrent.ThreadPoolExecutor.execute(ThreadPoolExecutor.java:1372)
	at org.elasticsearch.action.support.replication.TransportShardReplicationOperationAction$AsyncShardOperationAction.start(TransportShardReplicationOperationAction.java:422)
	at org.elasticsearch.action.support.replication.TransportShardReplicationOperationAction$AsyncShardOperationAction.start(TransportShardReplicationOperationAction.java:330)
	at org.elasticsearch.action.support.replication.TransportShardReplicationOperationAction.doExecute(TransportShardReplicationOperationAction.java:101)
	at org.elasticsearch.action.index.TransportIndexAction.innerExecute(TransportIndexAction.java:134)
	at org.elasticsearch.action.index.TransportIndexAction.doExecute(TransportIndexAction.java:116)
	at org.elasticsearch.action.index.TransportIndexAction.doExecute(TransportIndexAction.java:66)
	at org.elasticsearch.action.support.TransportAction.execute(TransportAction.java:63)
	at org.elasticsearch.action.support.replication.TransportShardReplicationOperationAction$OperationTransportHandler.messageReceived(TransportShardReplicationOperationAction.java:203)
	at org.elasticsearch.action.support.replication.TransportShardReplicationOperationAction$OperationTransportHandler.messageReceived(TransportShardReplicationOperationAction.java:185)
	at org.elasticsearch.transport.netty.MessageChannelHandler.handleRequest(MessageChannelHandler.java:212)
	at org.elasticsearch.transport.netty.MessageChannelHandler.messageReceived(MessageChannelHandler.java:109)
	at org.jboss.netty.channel.SimpleChannelUpstreamHandler.handleUpstream(SimpleChannelUpstreamHandler.java:70)
	at org.jboss.netty.channel.DefaultChannelPipeline.sendUpstream(DefaultChannelPipeline.java:564)
	at org.jboss.netty.channel.DefaultChannelPipeline$DefaultChannelHandlerContext.sendUpstream(DefaultChannelPipeline.java:791)
	at org.jboss.netty.channel.Channels.fireMessageReceived(Channels.java:296)
	at org.jboss.netty.handler.codec.frame.FrameDecoder.unfoldAndFireMessageReceived(FrameDecoder.java:462)
	at org.jboss.netty.handler.codec.frame.FrameDecoder.callDecode(FrameDecoder.java:443)
	at org.jboss.netty.handler.codec.frame.FrameDecoder.messageReceived(FrameDecoder.java:303)
	at org.jboss.netty.channel.SimpleChannelUpstreamHandler.handleUpstream(SimpleChannelUpstreamHandler.java:70)
	at org.jboss.netty.channel.DefaultChannelPipeline.sendUpstream(DefaultChannelPipeline.java:564)
	at org.jboss.netty.channel.DefaultChannelPipeline$DefaultChannelHandlerContext.sendUpstream(DefaultChannelPipeline.java:791)
	at org.elasticsearch.common.netty.OpenChannelsHandler.handleUpstream(OpenChannelsHandler.java:74)
	at org.jboss.netty.channel.DefaultChannelPipeline.sendUpstream(DefaultChannelPipeline.java:564)
	at org.jboss.netty.channel.DefaultChannelPipeline.sendUpstream(DefaultChannelPipeline.java:559)
	at org.jboss.netty.channel.Channels.fireMessageReceived(Channels.java:268)
	at org.jboss.netty.channel.Channels.fireMessageReceived(Channels.java:255)
	at org.jboss.netty.channel.socket.nio.NioWorker.read(NioWorker.java:88)
	at org.jboss.netty.channel.socket.nio.AbstractNioWorker.process(AbstractNioWorker.java:108)
	at org.jboss.netty.channel.socket.nio.AbstractNioSelector.run(AbstractNioSelector.java:318)
	at org.jboss.netty.channel.socket.nio.AbstractNioWorker.run(AbstractNioWorker.java:89)
	at org.jboss.netty.channel.socket.nio.NioWorker.run(NioWorker.java:178)
	at org.jboss.netty.util.ThreadRenamingRunnable.run(ThreadRenamingRunnable.java:108)
	at org.jboss.netty.util.internal.DeadLockProofWorker$1.run(DeadLockProofWorker.java:42)
	at java.util.concurrent.ThreadPoolExecutor.runWorker(ThreadPoolExecutor.java:1145)
	at java.util.concurrent.ThreadPoolExecutor$Worker.run(ThreadPoolExecutor.java:615)
	at java.lang.Thread.run(Thread.java:744)
[2014-02-18 16:01:57,224][INFO ][indices.mapping          ] Action Failed
org.elasticsearch.transport.RemoteTransportException: [node_1][inet[/10.1.10.75:9301]][index]
Caused by: org.elasticsearch.common.util.concurrent.EsRejectedExecutionException: rejected execution (queue capacity 200) on org.elasticsearch.action.support.replication.TransportShardReplicationOperationAction$AsyncShardOperationAction$1@25620c
	at org.elasticsearch.common.util.concurrent.EsAbortPolicy.rejectedExecution(EsAbortPolicy.java:62)
	at java.util.concurrent.ThreadPoolExecutor.reject(ThreadPoolExecutor.java:821)
	at java.util.concurrent.ThreadPoolExecutor.execute(ThreadPoolExecutor.java:1372)
	at org.elasticsearch.action.support.replication.TransportShardReplicationOperationAction$AsyncShardOperationAction.start(TransportShardReplicationOperationAction.java:422)
	at org.elasticsearch.action.support.replication.TransportShardReplicationOperationAction$AsyncShardOperationAction.start(TransportShardReplicationOperationAction.java:330)
	at org.elasticsearch.action.support.replication.TransportShardReplicationOperationAction.doExecute(TransportShardReplicationOperationAction.java:101)
	at org.elasticsearch.action.index.TransportIndexAction.innerExecute(TransportIndexAction.java:134)
	at org.elasticsearch.action.index.TransportIndexAction.doExecute(TransportIndexAction.java:116)
	at org.elasticsearch.action.index.TransportIndexAction.doExecute(TransportIndexAction.java:66)
	at org.elasticsearch.action.support.TransportAction.execute(TransportAction.java:63)
	at org.elasticsearch.action.support.replication.TransportShardReplicationOperationAction$OperationTransportHandler.messageReceived(TransportShardReplicationOperationAction.java:203)
	at org.elasticsearch.action.support.replication.TransportShardReplicationOperationAction$OperationTransportHandler.messageReceived(TransportShardReplicationOperationAction.java:185)
	at org.elasticsearch.transport.netty.MessageChannelHandler.handleRequest(MessageChannelHandler.java:212)
	at org.elasticsearch.transport.netty.MessageChannelHandler.messageReceived(MessageChannelHandler.java:109)
	at org.jboss.netty.channel.SimpleChannelUpstreamHandler.handleUpstream(SimpleChannelUpstreamHandler.java:70)
	at org.jboss.netty.channel.DefaultChannelPipeline.sendUpstream(DefaultChannelPipeline.java:564)
	at org.jboss.netty.channel.DefaultChannelPipeline$DefaultChannelHandlerContext.sendUpstream(DefaultChannelPipeline.java:791)
	at org.jboss.netty.channel.Channels.fireMessageReceived(Channels.java:296)
	at org.jboss.netty.handler.codec.frame.FrameDecoder.unfoldAndFireMessageReceived(FrameDecoder.java:462)
	at org.jboss.netty.handler.codec.frame.FrameDecoder.callDecode(FrameDecoder.java:443)
	at org.jboss.netty.handler.codec.frame.FrameDecoder.messageReceived(FrameDecoder.java:303)
	at org.jboss.netty.channel.SimpleChannelUpstreamHandler.handleUpstream(SimpleChannelUpstreamHandler.java:70)
	at org.jboss.netty.channel.DefaultChannelPipeline.sendUpstream(DefaultChannelPipeline.java:564)
	at org.jboss.netty.channel.DefaultChannelPipeline$DefaultChannelHandlerContext.sendUpstream(DefaultChannelPipeline.java:791)
	at org.elasticsearch.common.netty.OpenChannelsHandler.handleUpstream(OpenChannelsHandler.java:74)
	at org.jboss.netty.channel.DefaultChannelPipeline.sendUpstream(DefaultChannelPipeline.java:564)
	at org.jboss.netty.channel.DefaultChannelPipeline.sendUpstream(DefaultChannelPipeline.java:559)
	at org.jboss.netty.channel.Channels.fireMessageReceived(Channels.java:268)
	at org.jboss.netty.channel.Channels.fireMessageReceived(Channels.java:255)
	at org.jboss.netty.channel.socket.nio.NioWorker.read(NioWorker.java:88)
	at org.jboss.netty.channel.socket.nio.AbstractNioWorker.process(AbstractNioWorker.java:108)
	at org.jboss.netty.channel.socket.nio.AbstractNioSelector.run(AbstractNioSelector.java:318)
	at org.jboss.netty.channel.socket.nio.AbstractNioWorker.run(AbstractNioWorker.java:89)
	at org.jboss.netty.channel.socket.nio.NioWorker.run(NioWorker.java:178)
	at org.jboss.netty.util.ThreadRenamingRunnable.run(ThreadRenamingRunnable.java:108)
	at org.jboss.netty.util.internal.DeadLockProofWorker$1.run(DeadLockProofWorker.java:42)
	at java.util.concurrent.ThreadPoolExecutor.runWorker(ThreadPoolExecutor.java:1145)
	at java.util.concurrent.ThreadPoolExecutor$Worker.run(ThreadPoolExecutor.java:615)
	at java.lang.Thread.run(Thread.java:744)
[2014-02-18 16:01:57,221][INFO ][indices.mapping          ] Action Failed
org.elasticsearch.transport.RemoteTransportException: [node_1][inet[/10.1.10.75:9301]][index]
Caused by: org.elasticsearch.common.util.concurrent.EsRejectedExecutionException: rejected execution (queue capacity 200) on org.elasticsearch.action.support.replication.TransportShardReplicationOperationAction$AsyncShardOperationAction$1@571210d1
	at org.elasticsearch.common.util.concurrent.EsAbortPolicy.rejectedExecution(EsAbortPolicy.java:62)
	at java.util.concurrent.ThreadPoolExecutor.reject(ThreadPoolExecutor.java:821)
	at java.util.concurrent.ThreadPoolExecutor.execute(ThreadPoolExecutor.java:1372)
	at org.elasticsearch.action.support.replication.TransportShardReplicationOperationAction$AsyncShardOperationAction.start(TransportShardReplicationOperationAction.java:422)
	at org.elasticsearch.action.support.replication.TransportShardReplicationOperationAction$AsyncShardOperationAction.start(TransportShardReplicationOperationAction.java:330)
	at org.elasticsearch.action.support.replication.TransportShardReplicationOperationAction.doExecute(TransportShardReplicationOperationAction.java:101)
	at org.elasticsearch.action.index.TransportIndexAction.innerExecute(TransportIndexAction.java:134)
	at org.elasticsearch.action.index.TransportIndexAction.doExecute(TransportIndexAction.java:116)
	at org.elasticsearch.action.index.TransportIndexAction.doExecute(TransportIndexAction.java:66)
	at org.elasticsearch.action.support.TransportAction.execute(TransportAction.java:63)
	at org.elasticsearch.action.support.replication.TransportShardReplicationOperationAction$OperationTransportHandler.messageReceived(TransportShardReplicationOperationAction.java:203)
	at org.elasticsearch.action.support.replication.TransportShardReplicationOperationAction$OperationTransportHandler.messageReceived(TransportShardReplicationOperationAction.java:185)
	at org.elasticsearch.transport.netty.MessageChannelHandler.handleRequest(MessageChannelHandler.java:212)
	at org.elasticsearch.transport.netty.MessageChannelHandler.messageReceived(MessageChannelHandler.java:109)
	at org.jboss.netty.channel.SimpleChannelUpstreamHandler.handleUpstream(SimpleChannelUpstreamHandler.java:70)
	at org.jboss.netty.channel.DefaultChannelPipeline.sendUpstream(DefaultChannelPipeline.java:564)
	at org.jboss.netty.channel.DefaultChannelPipeline$DefaultChannelHandlerContext.sendUpstream(DefaultChannelPipeline.java:791)
	at org.jboss.netty.channel.Channels.fireMessageReceived(Channels.java:296)
	at org.jboss.netty.handler.codec.frame.FrameDecoder.unfoldAndFireMessageReceived(FrameDecoder.java:462)
	at org.jboss.netty.handler.codec.frame.FrameDecoder.callDecode(FrameDecoder.java:443)
	at org.jboss.netty.handler.codec.frame.FrameDecoder.messageReceived(FrameDecoder.java:303)
	at org.jboss.netty.channel.SimpleChannelUpstreamHandler.handleUpstream(SimpleChannelUpstreamHandler.java:70)
	at org.jboss.netty.channel.DefaultChannelPipeline.sendUpstream(DefaultChannelPipeline.java:564)
	at org.jboss.netty.channel.DefaultChannelPipeline$DefaultChannelHandlerContext.sendUpstream(DefaultChannelPipeline.java:791)
	at org.elasticsearch.common.netty.OpenChannelsHandler.handleUpstream(OpenChannelsHandler.java:74)
	at org.jboss.netty.channel.DefaultChannelPipeline.sendUpstream(DefaultChannelPipeline.java:564)
	at org.jboss.netty.channel.DefaultChannelPipeline.sendUpstream(DefaultChannelPipeline.java:559)
	at org.jboss.netty.channel.Channels.fireMessageReceived(Channels.java:268)
	at org.jboss.netty.channel.Channels.fireMessageReceived(Channels.java:255)
	at org.jboss.netty.channel.socket.nio.NioWorker.read(NioWorker.java:88)
	at org.jboss.netty.channel.socket.nio.AbstractNioWorker.process(AbstractNioWorker.java:108)
	at org.jboss.netty.channel.socket.nio.AbstractNioSelector.run(AbstractNioSelector.java:318)
	at org.jboss.netty.channel.socket.nio.AbstractNioWorker.run(AbstractNioWorker.java:89)
	at org.jboss.netty.channel.socket.nio.NioWorker.run(NioWorker.java:178)
	at org.jboss.netty.util.ThreadRenamingRunnable.run(ThreadRenamingRunnable.java:108)
	at org.jboss.netty.util.internal.DeadLockProofWorker$1.run(DeadLockProofWorker.java:42)
	at java.util.concurrent.ThreadPoolExecutor.runWorker(ThreadPoolExecutor.java:1145)
	at java.util.concurrent.ThreadPoolExecutor$Worker.run(ThreadPoolExecutor.java:615)
	at java.lang.Thread.run(Thread.java:744)
[2014-02-18 16:01:57,219][INFO ][indices.mapping          ] Action Failed
org.elasticsearch.transport.RemoteTransportException: [node_1][inet[/10.1.10.75:9301]][index]
Caused by: org.elasticsearch.common.util.concurrent.EsRejectedExecutionException: rejected execution (queue capacity 200) on org.elasticsearch.action.support.replication.TransportShardReplicationOperationAction$AsyncShardOperationAction$1@6cca722c
	at org.elasticsearch.common.util.concurrent.EsAbortPolicy.rejectedExecution(EsAbortPolicy.java:62)
	at java.util.concurrent.ThreadPoolExecutor.reject(ThreadPoolExecutor.java:821)
	at java.util.concurrent.ThreadPoolExecutor.execute(ThreadPoolExecutor.java:1372)
	at org.elasticsearch.action.support.replication.TransportShardReplicationOperationAction$AsyncShardOperationAction.start(TransportShardReplicationOperationAction.java:422)
	at org.elasticsearch.action.support.replication.TransportShardReplicationOperationAction$AsyncShardOperationAction.start(TransportShardReplicationOperationAction.java:330)
	at org.elasticsearch.action.support.replication.TransportShardReplicationOperationAction.doExecute(TransportShardReplicationOperationAction.java:101)
	at org.elasticsearch.action.index.TransportIndexAction.innerExecute(TransportIndexAction.java:134)
	at org.elasticsearch.action.index.TransportIndexAction.doExecute(TransportIndexAction.java:116)
	at org.elasticsearch.action.index.TransportIndexAction.doExecute(TransportIndexAction.java:66)
	at org.elasticsearch.action.support.TransportAction.execute(TransportAction.java:63)
	at org.elasticsearch.action.support.replication.TransportShardReplicationOperationAction$OperationTransportHandler.messageReceived(TransportShardReplicationOperationAction.java:203)
	at org.elasticsearch.action.support.replication.TransportShardReplicationOperationAction$OperationTransportHandler.messageReceived(TransportShardReplicationOperationAction.java:185)
	at org.elasticsearch.transport.netty.MessageChannelHandler.handleRequest(MessageChannelHandler.java:212)
	at org.elasticsearch.transport.netty.MessageChannelHandler.messageReceived(MessageChannelHandler.java:109)
	at org.jboss.netty.channel.SimpleChannelUpstreamHandler.handleUpstream(SimpleChannelUpstreamHandler.java:70)
	at org.jboss.netty.channel.DefaultChannelPipeline.sendUpstream(DefaultChannelPipeline.java:564)
	at org.jboss.netty.channel.DefaultChannelPipeline$DefaultChannelHandlerContext.sendUpstream(DefaultChannelPipeline.java:791)
	at org.jboss.netty.channel.Channels.fireMessageReceived(Channels.java:296)
	at org.jboss.netty.handler.codec.frame.FrameDecoder.unfoldAndFireMessageReceived(FrameDecoder.java:462)
	at org.jboss.netty.handler.codec.frame.FrameDecoder.callDecode(FrameDecoder.java:443)
	at org.jboss.netty.handler.codec.frame.FrameDecoder.messageReceived(FrameDecoder.java:303)
	at org.jboss.netty.channel.SimpleChannelUpstreamHandler.handleUpstream(SimpleChannelUpstreamHandler.java:70)
	at org.jboss.netty.channel.DefaultChannelPipeline.sendUpstream(DefaultChannelPipeline.java:564)
	at org.jboss.netty.channel.DefaultChannelPipeline$DefaultChannelHandlerContext.sendUpstream(DefaultChannelPipeline.java:791)
	at org.elasticsearch.common.netty.OpenChannelsHandler.handleUpstream(OpenChannelsHandler.java:74)
	at org.jboss.netty.channel.DefaultChannelPipeline.sendUpstream(DefaultChannelPipeline.java:564)
	at org.jboss.netty.channel.DefaultChannelPipeline.sendUpstream(DefaultChannelPipeline.java:559)
	at org.jboss.netty.channel.Channels.fireMessageReceived(Channels.java:268)
	at org.jboss.netty.channel.Channels.fireMessageReceived(Channels.java:255)
	at org.jboss.netty.channel.socket.nio.NioWorker.read(NioWorker.java:88)
	at org.jboss.netty.channel.socket.nio.AbstractNioWorker.process(AbstractNioWorker.java:108)
	at org.jboss.netty.channel.socket.nio.AbstractNioSelector.run(AbstractNioSelector.java:318)
	at org.jboss.netty.channel.socket.nio.AbstractNioWorker.run(AbstractNioWorker.java:89)
	at org.jboss.netty.channel.socket.nio.NioWorker.run(NioWorker.java:178)
	at org.jboss.netty.util.ThreadRenamingRunnable.run(ThreadRenamingRunnable.java:108)
	at org.jboss.netty.util.internal.DeadLockProofWorker$1.run(DeadLockProofWorker.java:42)
	at java.util.concurrent.ThreadPoolExecutor.runWorker(ThreadPoolExecutor.java:1145)
	at java.util.concurrent.ThreadPoolExecutor$Worker.run(ThreadPoolExecutor.java:615)
	at java.lang.Thread.run(Thread.java:744)
[2014-02-18 16:01:57,216][INFO ][indices.mapping          ] Action Failed
org.elasticsearch.transport.RemoteTransportException: [node_1][inet[/10.1.10.75:9301]][index]
Caused by: org.elasticsearch.common.util.concurrent.EsRejectedExecutionException: rejected execution (queue capacity 200) on org.elasticsearch.action.support.replication.TransportShardReplicationOperationAction$AsyncShardOperationAction$1@23595790
	at org.elasticsearch.common.util.concurrent.EsAbortPolicy.rejectedExecution(EsAbortPolicy.java:62)
	at java.util.concurrent.ThreadPoolExecutor.reject(ThreadPoolExecutor.java:821)
	at java.util.concurrent.ThreadPoolExecutor.execute(ThreadPoolExecutor.java:1372)
	at org.elasticsearch.action.support.replication.TransportShardReplicationOperationAction$AsyncShardOperationAction.start(TransportShardReplicationOperationAction.java:422)
	at org.elasticsearch.action.support.replication.TransportShardReplicationOperationAction$AsyncShardOperationAction.start(TransportShardReplicationOperationAction.java:330)
	at org.elasticsearch.action.support.replication.TransportShardReplicationOperationAction.doExecute(TransportShardReplicationOperationAction.java:101)
	at org.elasticsearch.action.index.TransportIndexAction.innerExecute(TransportIndexAction.java:134)
	at org.elasticsearch.action.index.TransportIndexAction.doExecute(TransportIndexAction.java:116)
	at org.elasticsearch.action.index.TransportIndexAction.doExecute(TransportIndexAction.java:66)
	at org.elasticsearch.action.support.TransportAction.execute(TransportAction.java:63)
	at org.elasticsearch.action.support.replication.TransportShardReplicationOperationAction$OperationTransportHandler.messageReceived(TransportShardReplicationOperationAction.java:203)
	at org.elasticsearch.action.support.replication.TransportShardReplicationOperationAction$OperationTransportHandler.messageReceived(TransportShardReplicationOperationAction.java:185)
	at org.elasticsearch.transport.netty.MessageChannelHandler.handleRequest(MessageChannelHandler.java:212)
	at org.elasticsearch.transport.netty.MessageChannelHandler.messageReceived(MessageChannelHandler.java:109)
	at org.jboss.netty.channel.SimpleChannelUpstreamHandler.handleUpstream(SimpleChannelUpstreamHandler.java:70)
	at org.jboss.netty.channel.DefaultChannelPipeline.sendUpstream(DefaultChannelPipeline.java:564)
	at org.jboss.netty.channel.DefaultChannelPipeline$DefaultChannelHandlerContext.sendUpstream(DefaultChannelPipeline.java:791)
	at org.jboss.netty.channel.Channels.fireMessageReceived(Channels.java:296)
	at org.jboss.netty.handler.codec.frame.FrameDecoder.unfoldAndFireMessageReceived(FrameDecoder.java:462)
	at org.jboss.netty.handler.codec.frame.FrameDecoder.callDecode(FrameDecoder.java:443)
	at org.jboss.netty.handler.codec.frame.FrameDecoder.messageReceived(FrameDecoder.java:303)
	at org.jboss.netty.channel.SimpleChannelUpstreamHandler.handleUpstream(SimpleChannelUpstreamHandler.java:70)
	at org.jboss.netty.channel.DefaultChannelPipeline.sendUpstream(DefaultChannelPipeline.java:564)
	at org.jboss.netty.channel.DefaultChannelPipeline$DefaultChannelHandlerContext.sendUpstream(DefaultChannelPipeline.java:791)
	at org.elasticsearch.common.netty.OpenChannelsHandler.handleUpstream(OpenChannelsHandler.java:74)
	at org.jboss.netty.channel.DefaultChannelPipeline.sendUpstream(DefaultChannelPipeline.java:564)
	at org.jboss.netty.channel.DefaultChannelPipeline.sendUpstream(DefaultChannelPipeline.java:559)
	at org.jboss.netty.channel.Channels.fireMessageReceived(Channels.java:268)
	at org.jboss.netty.channel.Channels.fireMessageReceived(Channels.java:255)
	at org.jboss.netty.channel.socket.nio.NioWorker.read(NioWorker.java:88)
	at org.jboss.netty.channel.socket.nio.AbstractNioWorker.process(AbstractNioWorker.java:108)
	at org.jboss.netty.channel.socket.nio.AbstractNioSelector.run(AbstractNioSelector.java:318)
	at org.jboss.netty.channel.socket.nio.AbstractNioWorker.run(AbstractNioWorker.java:89)
	at org.jboss.netty.channel.socket.nio.NioWorker.run(NioWorker.java:178)
	at org.jboss.netty.util.ThreadRenamingRunnable.run(ThreadRenamingRunnable.java:108)
	at org.jboss.netty.util.internal.DeadLockProofWorker$1.run(DeadLockProofWorker.java:42)
	at java.util.concurrent.ThreadPoolExecutor.runWorker(ThreadPoolExecutor.java:1145)
	at java.util.concurrent.ThreadPoolExecutor$Worker.run(ThreadPoolExecutor.java:615)
	at java.lang.Thread.run(Thread.java:744)
[2014-02-18 16:01:57,214][INFO ][indices.mapping          ] Action Failed
org.elasticsearch.transport.RemoteTransportException: [node_1][inet[/10.1.10.75:9301]][index]
Caused by: org.elasticsearch.common.util.concurrent.EsRejectedExecutionException: rejected execution (queue capacity 200) on org.elasticsearch.action.support.replication.TransportShardReplicationOperationAction$AsyncShardOperationAction$1@36b52fcb
	at org.elasticsearch.common.util.concurrent.EsAbortPolicy.rejectedExecution(EsAbortPolicy.java:62)
	at java.util.concurrent.ThreadPoolExecutor.reject(ThreadPoolExecutor.java:821)
	at java.util.concurrent.ThreadPoolExecutor.execute(ThreadPoolExecutor.java:1372)
	at org.elasticsearch.action.support.replication.TransportShardReplicationOperationAction$AsyncShardOperationAction.start(TransportShardReplicationOperationAction.java:422)
	at org.elasticsearch.action.support.replication.TransportShardReplicationOperationAction$AsyncShardOperationAction.start(TransportShardReplicationOperationAction.java:330)
	at org.elasticsearch.action.support.replication.TransportShardReplicationOperationAction.doExecute(TransportShardReplicationOperationAction.java:101)
	at org.elasticsearch.action.index.TransportIndexAction.innerExecute(TransportIndexAction.java:134)
	at org.elasticsearch.action.index.TransportIndexAction.doExecute(TransportIndexAction.java:116)
	at org.elasticsearch.action.index.TransportIndexAction.doExecute(TransportIndexAction.java:66)
	at org.elasticsearch.action.support.TransportAction.execute(TransportAction.java:63)
	at org.elasticsearch.action.support.replication.TransportShardReplicationOperationAction$OperationTransportHandler.messageReceived(TransportShardReplicationOperationAction.java:203)
	at org.elasticsearch.action.support.replication.TransportShardReplicationOperationAction$OperationTransportHandler.messageReceived(TransportShardReplicationOperationAction.java:185)
	at org.elasticsearch.transport.netty.MessageChannelHandler.handleRequest(MessageChannelHandler.java:212)
	at org.elasticsearch.transport.netty.MessageChannelHandler.messageReceived(MessageChannelHandler.java:109)
	at org.jboss.netty.channel.SimpleChannelUpstreamHandler.handleUpstream(SimpleChannelUpstreamHandler.java:70)
	at org.jboss.netty.channel.DefaultChannelPipeline.sendUpstream(DefaultChannelPipeline.java:564)
	at org.jboss.netty.channel.DefaultChannelPipeline$DefaultChannelHandlerContext.sendUpstream(DefaultChannelPipeline.java:791)
	at org.jboss.netty.channel.Channels.fireMessageReceived(Channels.java:296)
	at org.jboss.netty.handler.codec.frame.FrameDecoder.unfoldAndFireMessageReceived(FrameDecoder.java:462)
	at org.jboss.netty.handler.codec.frame.FrameDecoder.callDecode(FrameDecoder.java:443)
	at org.jboss.netty.handler.codec.frame.FrameDecoder.messageReceived(FrameDecoder.java:303)
	at org.jboss.netty.channel.SimpleChannelUpstreamHandler.handleUpstream(SimpleChannelUpstreamHandler.java:70)
	at org.jboss.netty.channel.DefaultChannelPipeline.sendUpstream(DefaultChannelPipeline.java:564)
	at org.jboss.netty.channel.DefaultChannelPipeline$DefaultChannelHandlerContext.sendUpstream(DefaultChannelPipeline.java:791)
	at org.elasticsearch.common.netty.OpenChannelsHandler.handleUpstream(OpenChannelsHandler.java:74)
	at org.jboss.netty.channel.DefaultChannelPipeline.sendUpstream(DefaultChannelPipeline.java:564)
	at org.jboss.netty.channel.DefaultChannelPipeline.sendUpstream(DefaultChannelPipeline.java:559)
	at org.jboss.netty.channel.Channels.fireMessageReceived(Channels.java:268)
	at org.jboss.netty.channel.Channels.fireMessageReceived(Channels.java:255)
	at org.jboss.netty.channel.socket.nio.NioWorker.read(NioWorker.java:88)
	at org.jboss.netty.channel.socket.nio.AbstractNioWorker.process(AbstractNioWorker.java:108)
	at org.jboss.netty.channel.socket.nio.AbstractNioSelector.run(AbstractNioSelector.java:318)
	at org.jboss.netty.channel.socket.nio.AbstractNioWorker.run(AbstractNioWorker.java:89)
	at org.jboss.netty.channel.socket.nio.NioWorker.run(NioWorker.java:178)
	at org.jboss.netty.util.ThreadRenamingRunnable.run(ThreadRenamingRunnable.java:108)
	at org.jboss.netty.util.internal.DeadLockProofWorker$1.run(DeadLockProofWorker.java:42)
	at java.util.concurrent.ThreadPoolExecutor.runWorker(ThreadPoolExecutor.java:1145)
	at java.util.concurrent.ThreadPoolExecutor$Worker.run(ThreadPoolExecutor.java:615)
	at java.lang.Thread.run(Thread.java:744)
[2014-02-18 16:01:57,211][INFO ][indices.mapping          ] Action Failed
org.elasticsearch.transport.RemoteTransportException: [node_1][inet[/10.1.10.75:9301]][index]
Caused by: org.elasticsearch.common.util.concurrent.EsRejectedExecutionException: rejected execution (queue capacity 200) on org.elasticsearch.action.support.replication.TransportShardReplicationOperationAction$AsyncShardOperationAction$1@40dffd24
	at org.elasticsearch.common.util.concurrent.EsAbortPolicy.rejectedExecution(EsAbortPolicy.java:62)
	at java.util.concurrent.ThreadPoolExecutor.reject(ThreadPoolExecutor.java:821)
	at java.util.concurrent.ThreadPoolExecutor.execute(ThreadPoolExecutor.java:1372)
	at org.elasticsearch.action.support.replication.TransportShardReplicationOperationAction$AsyncShardOperationAction.start(TransportShardReplicationOperationAction.java:422)
	at org.elasticsearch.action.support.replication.TransportShardReplicationOperationAction$AsyncShardOperationAction.start(TransportShardReplicationOperationAction.java:330)
	at org.elasticsearch.action.support.replication.TransportShardReplicationOperationAction.doExecute(TransportShardReplicationOperationAction.java:101)
	at org.elasticsearch.action.index.TransportIndexAction.innerExecute(TransportIndexAction.java:134)
	at org.elasticsearch.action.index.TransportIndexAction.doExecute(TransportIndexAction.java:116)
	at org.elasticsearch.action.index.TransportIndexAction.doExecute(TransportIndexAction.java:66)
	at org.elasticsearch.action.support.TransportAction.execute(TransportAction.java:63)
	at org.elasticsearch.action.support.replication.TransportShardReplicationOperationAction$OperationTransportHandler.messageReceived(TransportShardReplicationOperationAction.java:203)
	at org.elasticsearch.action.support.replication.TransportShardReplicationOperationAction$OperationTransportHandler.messageReceived(TransportShardReplicationOperationAction.java:185)
	at org.elasticsearch.transport.netty.MessageChannelHandler.handleRequest(MessageChannelHandler.java:212)
	at org.elasticsearch.transport.netty.MessageChannelHandler.messageReceived(MessageChannelHandler.java:109)
	at org.jboss.netty.channel.SimpleChannelUpstreamHandler.handleUpstream(SimpleChannelUpstreamHandler.java:70)
	at org.jboss.netty.channel.DefaultChannelPipeline.sendUpstream(DefaultChannelPipeline.java:564)
	at org.jboss.netty.channel.DefaultChannelPipeline$DefaultChannelHandlerContext.sendUpstream(DefaultChannelPipeline.java:791)
	at org.jboss.netty.channel.Channels.fireMessageReceived(Channels.java:296)
	at org.jboss.netty.handler.codec.frame.FrameDecoder.unfoldAndFireMessageReceived(FrameDecoder.java:462)
	at org.jboss.netty.handler.codec.frame.FrameDecoder.callDecode(FrameDecoder.java:443)
	at org.jboss.netty.handler.codec.frame.FrameDecoder.messageReceived(FrameDecoder.java:303)
	at org.jboss.netty.channel.SimpleChannelUpstreamHandler.handleUpstream(SimpleChannelUpstreamHandler.java:70)
	at org.jboss.netty.channel.DefaultChannelPipeline.sendUpstream(DefaultChannelPipeline.java:564)
	at org.jboss.netty.channel.DefaultChannelPipeline$DefaultChannelHandlerContext.sendUpstream(DefaultChannelPipeline.java:791)
	at org.elasticsearch.common.netty.OpenChannelsHandler.handleUpstream(OpenChannelsHandler.java:74)
	at org.jboss.netty.channel.DefaultChannelPipeline.sendUpstream(DefaultChannelPipeline.java:564)
	at org.jboss.netty.channel.DefaultChannelPipeline.sendUpstream(DefaultChannelPipeline.java:559)
	at org.jboss.netty.channel.Channels.fireMessageReceived(Channels.java:268)
	at org.jboss.netty.channel.Channels.fireMessageReceived(Channels.java:255)
	at org.jboss.netty.channel.socket.nio.NioWorker.read(NioWorker.java:88)
	at org.jboss.netty.channel.socket.nio.AbstractNioWorker.process(AbstractNioWorker.java:108)
	at org.jboss.netty.channel.socket.nio.AbstractNioSelector.run(AbstractNioSelector.java:318)
	at org.jboss.netty.channel.socket.nio.AbstractNioWorker.run(AbstractNioWorker.java:89)
	at org.jboss.netty.channel.socket.nio.NioWorker.run(NioWorker.java:178)
	at org.jboss.netty.util.ThreadRenamingRunnable.run(ThreadRenamingRunnable.java:108)
	at org.jboss.netty.util.internal.DeadLockProofWorker$1.run(DeadLockProofWorker.java:42)
	at java.util.concurrent.ThreadPoolExecutor.runWorker(ThreadPoolExecutor.java:1145)
	at java.util.concurrent.ThreadPoolExecutor$Worker.run(ThreadPoolExecutor.java:615)
	at java.lang.Thread.run(Thread.java:744)
[2014-02-18 16:01:57,208][INFO ][indices.mapping          ] Action Failed
org.elasticsearch.transport.RemoteTransportException: [node_1][inet[/10.1.10.75:9301]][index]
Caused by: org.elasticsearch.common.util.concurrent.EsRejectedExecutionException: rejected execution (queue capacity 200) on org.elasticsearch.action.support.replication.TransportShardReplicationOperationAction$AsyncShardOperationAction$1@15e9bd5a
	at org.elasticsearch.common.util.concurrent.EsAbortPolicy.rejectedExecution(EsAbortPolicy.java:62)
	at java.util.concurrent.ThreadPoolExecutor.reject(ThreadPoolExecutor.java:821)
	at java.util.concurrent.ThreadPoolExecutor.execute(ThreadPoolExecutor.java:1372)
	at org.elasticsearch.action.support.replication.TransportShardReplicationOperationAction$AsyncShardOperationAction.start(TransportShardReplicationOperationAction.java:422)
	at org.elasticsearch.action.support.replication.TransportShardReplicationOperationAction$AsyncShardOperationAction.start(TransportShardReplicationOperationAction.java:330)
	at org.elasticsearch.action.support.replication.TransportShardReplicationOperationAction.doExecute(TransportShardReplicationOperationAction.java:101)
	at org.elasticsearch.action.index.TransportIndexAction.innerExecute(TransportIndexAction.java:134)
	at org.elasticsearch.action.index.TransportIndexAction.doExecute(TransportIndexAction.java:116)
	at org.elasticsearch.action.index.TransportIndexAction.doExecute(TransportIndexAction.java:66)
	at org.elasticsearch.action.support.TransportAction.execute(TransportAction.java:63)
	at org.elasticsearch.action.support.replication.TransportShardReplicationOperationAction$OperationTransportHandler.messageReceived(TransportShardReplicationOperationAction.java:203)
	at org.elasticsearch.action.support.replication.TransportShardReplicationOperationAction$OperationTransportHandler.messageReceived(TransportShardReplicationOperationAction.java:185)
	at org.elasticsearch.transport.netty.MessageChannelHandler.handleRequest(MessageChannelHandler.java:212)
	at org.elasticsearch.transport.netty.MessageChannelHandler.messageReceived(MessageChannelHandler.java:109)
	at org.jboss.netty.channel.SimpleChannelUpstreamHandler.handleUpstream(SimpleChannelUpstreamHandler.java:70)
	at org.jboss.netty.channel.DefaultChannelPipeline.sendUpstream(DefaultChannelPipeline.java:564)
	at org.jboss.netty.channel.DefaultChannelPipeline$DefaultChannelHandlerContext.sendUpstream(DefaultChannelPipeline.java:791)
	at org.jboss.netty.channel.Channels.fireMessageReceived(Channels.java:296)
	at org.jboss.netty.handler.codec.frame.FrameDecoder.unfoldAndFireMessageReceived(FrameDecoder.java:462)
	at org.jboss.netty.handler.codec.frame.FrameDecoder.callDecode(FrameDecoder.java:443)
	at org.jboss.netty.handler.codec.frame.FrameDecoder.messageReceived(FrameDecoder.java:303)
	at org.jboss.netty.channel.SimpleChannelUpstreamHandler.handleUpstream(SimpleChannelUpstreamHandler.java:70)
	at org.jboss.netty.channel.DefaultChannelPipeline.sendUpstream(DefaultChannelPipeline.java:564)
	at org.jboss.netty.channel.DefaultChannelPipeline$DefaultChannelHandlerContext.sendUpstream(DefaultChannelPipeline.java:791)
	at org.elasticsearch.common.netty.OpenChannelsHandler.handleUpstream(OpenChannelsHandler.java:74)
	at org.jboss.netty.channel.DefaultChannelPipeline.sendUpstream(DefaultChannelPipeline.java:564)
	at org.jboss.netty.channel.DefaultChannelPipeline.sendUpstream(DefaultChannelPipeline.java:559)
	at org.jboss.netty.channel.Channels.fireMessageReceived(Channels.java:268)
	at org.jboss.netty.channel.Channels.fireMessageReceived(Channels.java:255)
	at org.jboss.netty.channel.socket.nio.NioWorker.read(NioWorker.java:88)
	at org.jboss.netty.channel.socket.nio.AbstractNioWorker.process(AbstractNioWorker.java:108)
	at org.jboss.netty.channel.socket.nio.AbstractNioSelector.run(AbstractNioSelector.java:318)
	at org.jboss.netty.channel.socket.nio.AbstractNioWorker.run(AbstractNioWorker.java:89)
	at org.jboss.netty.channel.socket.nio.NioWorker.run(NioWorker.java:178)
	at org.jboss.netty.util.ThreadRenamingRunnable.run(ThreadRenamingRunnable.java:108)
	at org.jboss.netty.util.internal.DeadLockProofWorker$1.run(DeadLockProofWorker.java:42)
	at java.util.concurrent.ThreadPoolExecutor.runWorker(ThreadPoolExecutor.java:1145)
	at java.util.concurrent.ThreadPoolExecutor$Worker.run(ThreadPoolExecutor.java:615)
	at java.lang.Thread.run(Thread.java:744)
[2014-02-18 16:01:57,249][INFO ][indices.mapping          ] Action Failed
org.elasticsearch.transport.RemoteTransportException: [node_1][inet[/10.1.10.75:9301]][index]
Caused by: org.elasticsearch.common.util.concurrent.EsRejectedExecutionException: rejected execution (queue capacity 200) on org.elasticsearch.action.support.replication.TransportShardReplicationOperationAction$AsyncShardOperationAction$1@572283df
	at org.elasticsearch.common.util.concurrent.EsAbortPolicy.rejectedExecution(EsAbortPolicy.java:62)
	at java.util.concurrent.ThreadPoolExecutor.reject(ThreadPoolExecutor.java:821)
	at java.util.concurrent.ThreadPoolExecutor.execute(ThreadPoolExecutor.java:1372)
	at org.elasticsearch.action.support.replication.TransportShardReplicationOperationAction$AsyncShardOperationAction.start(TransportShardReplicationOperationAction.java:422)
	at org.elasticsearch.action.support.replication.TransportShardReplicationOperationAction$AsyncShardOperationAction.start(TransportShardReplicationOperationAction.java:330)
	at org.elasticsearch.action.support.replication.TransportShardReplicationOperationAction.doExecute(TransportShardReplicationOperationAction.java:101)
	at org.elasticsearch.action.index.TransportIndexAction.innerExecute(TransportIndexAction.java:134)
	at org.elasticsearch.action.index.TransportIndexAction.doExecute(TransportIndexAction.java:116)
	at org.elasticsearch.action.index.TransportIndexAction.doExecute(TransportIndexAction.java:66)
	at org.elasticsearch.action.support.TransportAction.execute(TransportAction.java:63)
	at org.elasticsearch.action.support.replication.TransportShardReplicationOperationAction$OperationTransportHandler.messageReceived(TransportShardReplicationOperationAction.java:203)
	at org.elasticsearch.action.support.replication.TransportShardReplicationOperationAction$OperationTransportHandler.messageReceived(TransportShardReplicationOperationAction.java:185)
	at org.elasticsearch.transport.netty.MessageChannelHandler.handleRequest(MessageChannelHandler.java:212)
	at org.elasticsearch.transport.netty.MessageChannelHandler.messageReceived(MessageChannelHandler.java:109)
	at org.jboss.netty.channel.SimpleChannelUpstreamHandler.handleUpstream(SimpleChannelUpstreamHandler.java:70)
	at org.jboss.netty.channel.DefaultChannelPipeline.sendUpstream(DefaultChannelPipeline.java:564)
	at org.jboss.netty.channel.DefaultChannelPipeline$DefaultChannelHandlerContext.sendUpstream(DefaultChannelPipeline.java:791)
	at org.jboss.netty.channel.Channels.fireMessageReceived(Channels.java:296)
	at org.jboss.netty.handler.codec.frame.FrameDecoder.unfoldAndFireMessageReceived(FrameDecoder.java:462)
	at org.jboss.netty.handler.codec.frame.FrameDecoder.callDecode(FrameDecoder.java:443)
	at org.jboss.netty.handler.codec.frame.FrameDecoder.messageReceived(FrameDecoder.java:303)
	at org.jboss.netty.channel.SimpleChannelUpstreamHandler.handleUpstream(SimpleChannelUpstreamHandler.java:70)
	at org.jboss.netty.channel.DefaultChannelPipeline.sendUpstream(DefaultChannelPipeline.java:564)
	at org.jboss.netty.channel.DefaultChannelPipeline$DefaultChannelHandlerContext.sendUpstream(DefaultChannelPipeline.java:791)
	at org.elasticsearch.common.netty.OpenChannelsHandler.handleUpstream(OpenChannelsHandler.java:74)
	at org.jboss.netty.channel.DefaultChannelPipeline.sendUpstream(DefaultChannelPipeline.java:564)
	at org.jboss.netty.channel.DefaultChannelPipeline.sendUpstream(DefaultChannelPipeline.java:559)
	at org.jboss.netty.channel.Channels.fireMessageReceived(Channels.java:268)
	at org.jboss.netty.channel.Channels.fireMessageReceived(Channels.java:255)
	at org.jboss.netty.channel.socket.nio.NioWorker.read(NioWorker.java:88)
	at org.jboss.netty.channel.socket.nio.AbstractNioWorker.process(AbstractNioWorker.java:108)
	at org.jboss.netty.channel.socket.nio.AbstractNioSelector.run(AbstractNioSelector.java:318)
	at org.jboss.netty.channel.socket.nio.AbstractNioWorker.run(AbstractNioWorker.java:89)
	at org.jboss.netty.channel.socket.nio.NioWorker.run(NioWorker.java:178)
	at org.jboss.netty.util.ThreadRenamingRunnable.run(ThreadRenamingRunnable.java:108)
	at org.jboss.netty.util.internal.DeadLockProofWorker$1.run(DeadLockProofWorker.java:42)
	at java.util.concurrent.ThreadPoolExecutor.runWorker(ThreadPoolExecutor.java:1145)
	at java.util.concurrent.ThreadPoolExecutor$Worker.run(ThreadPoolExecutor.java:615)
	at java.lang.Thread.run(Thread.java:744)
[2014-02-18 16:01:57,247][INFO ][indices.mapping          ] Action Failed
org.elasticsearch.transport.RemoteTransportException: [node_1][inet[/10.1.10.75:9301]][index]
Caused by: org.elasticsearch.common.util.concurrent.EsRejectedExecutionException: rejected execution (queue capacity 200) on org.elasticsearch.action.support.replication.TransportShardReplicationOperationAction$AsyncShardOperationAction$1@e8586f8
	at org.elasticsearch.common.util.concurrent.EsAbortPolicy.rejectedExecution(EsAbortPolicy.java:62)
	at java.util.concurrent.ThreadPoolExecutor.reject(ThreadPoolExecutor.java:821)
	at java.util.concurrent.ThreadPoolExecutor.execute(ThreadPoolExecutor.java:1372)
	at org.elasticsearch.action.support.replication.TransportShardReplicationOperationAction$AsyncShardOperationAction.start(TransportShardReplicationOperationAction.java:422)
	at org.elasticsearch.action.support.replication.TransportShardReplicationOperationAction$AsyncShardOperationAction.start(TransportShardReplicationOperationAction.java:330)
	at org.elasticsearch.action.support.replication.TransportShardReplicationOperationAction.doExecute(TransportShardReplicationOperationAction.java:101)
	at org.elasticsearch.action.index.TransportIndexAction.innerExecute(TransportIndexAction.java:134)
	at org.elasticsearch.action.index.TransportIndexAction.doExecute(TransportIndexAction.java:116)
	at org.elasticsearch.action.index.TransportIndexAction.doExecute(TransportIndexAction.java:66)
	at org.elasticsearch.action.support.TransportAction.execute(TransportAction.java:63)
	at org.elasticsearch.action.support.replication.TransportShardReplicationOperationAction$OperationTransportHandler.messageReceived(TransportShardReplicationOperationAction.java:203)
	at org.elasticsearch.action.support.replication.TransportShardReplicationOperationAction$OperationTransportHandler.messageReceived(TransportShardReplicationOperationAction.java:185)
	at org.elasticsearch.transport.netty.MessageChannelHandler.handleRequest(MessageChannelHandler.java:212)
	at org.elasticsearch.transport.netty.MessageChannelHandler.messageReceived(MessageChannelHandler.java:109)
	at org.jboss.netty.channel.SimpleChannelUpstreamHandler.handleUpstream(SimpleChannelUpstreamHandler.java:70)
	at org.jboss.netty.channel.DefaultChannelPipeline.sendUpstream(DefaultChannelPipeline.java:564)
	at org.jboss.netty.channel.DefaultChannelPipeline$DefaultChannelHandlerContext.sendUpstream(DefaultChannelPipeline.java:791)
	at org.jboss.netty.channel.Channels.fireMessageReceived(Channels.java:296)
	at org.jboss.netty.handler.codec.frame.FrameDecoder.unfoldAndFireMessageReceived(FrameDecoder.java:462)
	at org.jboss.netty.handler.codec.frame.FrameDecoder.callDecode(FrameDecoder.java:443)
	at org.jboss.netty.handler.codec.frame.FrameDecoder.messageReceived(FrameDecoder.java:303)
	at org.jboss.netty.channel.SimpleChannelUpstreamHandler.handleUpstream(SimpleChannelUpstreamHandler.java:70)
	at org.jboss.netty.channel.DefaultChannelPipeline.sendUpstream(DefaultChannelPipeline.java:564)
	at org.jboss.netty.channel.DefaultChannelPipeline$DefaultChannelHandlerContext.sendUpstream(DefaultChannelPipeline.java:791)
	at org.elasticsearch.common.netty.OpenChannelsHandler.handleUpstream(OpenChannelsHandler.java:74)
	at org.jboss.netty.channel.DefaultChannelPipeline.sendUpstream(DefaultChannelPipeline.java:564)
	at org.jboss.netty.channel.DefaultChannelPipeline.sendUpstream(DefaultChannelPipeline.java:559)
	at org.jboss.netty.channel.Channels.fireMessageReceived(Channels.java:268)
	at org.jboss.netty.channel.Channels.fireMessageReceived(Channels.java:255)
	at org.jboss.netty.channel.socket.nio.NioWorker.read(NioWorker.java:88)
	at org.jboss.netty.channel.socket.nio.AbstractNioWorker.process(AbstractNioWorker.java:108)
	at org.jboss.netty.channel.socket.nio.AbstractNioSelector.run(AbstractNioSelector.java:318)
	at org.jboss.netty.channel.socket.nio.AbstractNioWorker.run(AbstractNioWorker.java:89)
	at org.jboss.netty.channel.socket.nio.NioWorker.run(NioWorker.java:178)
	at org.jboss.netty.util.ThreadRenamingRunnable.run(ThreadRenamingRunnable.java:108)
	at org.jboss.netty.util.internal.DeadLockProofWorker$1.run(DeadLockProofWorker.java:42)
	at java.util.concurrent.ThreadPoolExecutor.runWorker(ThreadPoolExecutor.java:1145)
	at java.util.concurrent.ThreadPoolExecutor$Worker.run(ThreadPoolExecutor.java:615)
	at java.lang.Thread.run(Thread.java:744)
[2014-02-18 16:01:57,245][INFO ][indices.mapping          ] Action Failed
org.elasticsearch.transport.RemoteTransportException: [node_1][inet[/10.1.10.75:9301]][index]
Caused by: org.elasticsearch.common.util.concurrent.EsRejectedExecutionException: rejected execution (queue capacity 200) on org.elasticsearch.action.support.replication.TransportShardReplicationOperationAction$AsyncShardOperationAction$1@cc6c0c
	at org.elasticsearch.common.util.concurrent.EsAbortPolicy.rejectedExecution(EsAbortPolicy.java:62)
	at java.util.concurrent.ThreadPoolExecutor.reject(ThreadPoolExecutor.java:821)
	at java.util.concurrent.ThreadPoolExecutor.execute(ThreadPoolExecutor.java:1372)
	at org.elasticsearch.action.support.replication.TransportShardReplicationOperationAction$AsyncShardOperationAction.start(TransportShardReplicationOperationAction.java:422)
	at org.elasticsearch.action.support.replication.TransportShardReplicationOperationAction$AsyncShardOperationAction.start(TransportShardReplicationOperationAction.java:330)
	at org.elasticsearch.action.support.replication.TransportShardReplicationOperationAction.doExecute(TransportShardReplicationOperationAction.java:101)
	at org.elasticsearch.action.index.TransportIndexAction.innerExecute(TransportIndexAction.java:134)
	at org.elasticsearch.action.index.TransportIndexAction.doExecute(TransportIndexAction.java:116)
	at org.elasticsearch.action.index.TransportIndexAction.doExecute(TransportIndexAction.java:66)
	at org.elasticsearch.action.support.TransportAction.execute(TransportAction.java:63)
	at org.elasticsearch.action.support.replication.TransportShardReplicationOperationAction$OperationTransportHandler.messageReceived(TransportShardReplicationOperationAction.java:203)
	at org.elasticsearch.action.support.replication.TransportShardReplicationOperationAction$OperationTransportHandler.messageReceived(TransportShardReplicationOperationAction.java:185)
	at org.elasticsearch.transport.netty.MessageChannelHandler.handleRequest(MessageChannelHandler.java:212)
	at org.elasticsearch.transport.netty.MessageChannelHandler.messageReceived(MessageChannelHandler.java:109)
	at org.jboss.netty.channel.SimpleChannelUpstreamHandler.handleUpstream(SimpleChannelUpstreamHandler.java:70)
	at org.jboss.netty.channel.DefaultChannelPipeline.sendUpstream(DefaultChannelPipeline.java:564)
	at org.jboss.netty.channel.DefaultChannelPipeline$DefaultChannelHandlerContext.sendUpstream(DefaultChannelPipeline.java:791)
	at org.jboss.netty.channel.Channels.fireMessageReceived(Channels.java:296)
	at org.jboss.netty.handler.codec.frame.FrameDecoder.unfoldAndFireMessageReceived(FrameDecoder.java:462)
	at org.jboss.netty.handler.codec.frame.FrameDecoder.callDecode(FrameDecoder.java:443)
	at org.jboss.netty.handler.codec.frame.FrameDecoder.messageReceived(FrameDecoder.java:303)
	at org.jboss.netty.channel.SimpleChannelUpstreamHandler.handleUpstream(SimpleChannelUpstreamHandler.java:70)
	at org.jboss.netty.channel.DefaultChannelPipeline.sendUpstream(DefaultChannelPipeline.java:564)
	at org.jboss.netty.channel.DefaultChannelPipeline$DefaultChannelHandlerContext.sendUpstream(DefaultChannelPipeline.java:791)
	at org.elasticsearch.common.netty.OpenChannelsHandler.handleUpstream(OpenChannelsHandler.java:74)
	at org.jboss.netty.channel.DefaultChannelPipeline.sendUpstream(DefaultChannelPipeline.java:564)
	at org.jboss.netty.channel.DefaultChannelPipeline.sendUpstream(DefaultChannelPipeline.java:559)
	at org.jboss.netty.channel.Channels.fireMessageReceived(Channels.java:268)
	at org.jboss.netty.channel.Channels.fireMessageReceived(Channels.java:255)
	at org.jboss.netty.channel.socket.nio.NioWorker.read(NioWorker.java:88)
	at org.jboss.netty.channel.socket.nio.AbstractNioWorker.process(AbstractNioWorker.java:108)
	at org.jboss.netty.channel.socket.nio.AbstractNioSelector.run(AbstractNioSelector.java:318)
	at org.jboss.netty.channel.socket.nio.AbstractNioWorker.run(AbstractNioWorker.java:89)
	at org.jboss.netty.channel.socket.nio.NioWorker.run(NioWorker.java:178)
	at org.jboss.netty.util.ThreadRenamingRunnable.run(ThreadRenamingRunnable.java:108)
	at org.jboss.netty.util.internal.DeadLockProofWorker$1.run(DeadLockProofWorker.java:42)
	at java.util.concurrent.ThreadPoolExecutor.runWorker(ThreadPoolExecutor.java:1145)
	at java.util.concurrent.ThreadPoolExecutor$Worker.run(ThreadPoolExecutor.java:615)
	at java.lang.Thread.run(Thread.java:744)
[2014-02-18 16:01:57,256][INFO ][indices.mapping          ] Action Failed
org.elasticsearch.transport.RemoteTransportException: [node_1][inet[/10.1.10.75:9301]][index]
Caused by: org.elasticsearch.common.util.concurrent.EsRejectedExecutionException: rejected execution (queue capacity 200) on org.elasticsearch.action.support.replication.TransportShardReplicationOperationAction$AsyncShardOperationAction$1@7a526c7c
	at org.elasticsearch.common.util.concurrent.EsAbortPolicy.rejectedExecution(EsAbortPolicy.java:62)
	at java.util.concurrent.ThreadPoolExecutor.reject(ThreadPoolExecutor.java:821)
	at java.util.concurrent.ThreadPoolExecutor.execute(ThreadPoolExecutor.java:1372)
	at org.elasticsearch.action.support.replication.TransportShardReplicationOperationAction$AsyncShardOperationAction.start(TransportShardReplicationOperationAction.java:422)
	at org.elasticsearch.action.support.replication.TransportShardReplicationOperationAction$AsyncShardOperationAction.start(TransportShardReplicationOperationAction.java:330)
	at org.elasticsearch.action.support.replication.TransportShardReplicationOperationAction.doExecute(TransportShardReplicationOperationAction.java:101)
	at org.elasticsearch.action.index.TransportIndexAction.innerExecute(TransportIndexAction.java:134)
	at org.elasticsearch.action.index.TransportIndexAction.doExecute(TransportIndexAction.java:116)
	at org.elasticsearch.action.index.TransportIndexAction.doExecute(TransportIndexAction.java:66)
	at org.elasticsearch.action.support.TransportAction.execute(TransportAction.java:63)
	at org.elasticsearch.action.support.replication.TransportShardReplicationOperationAction$OperationTransportHandler.messageReceived(TransportShardReplicationOperationAction.java:203)
	at org.elasticsearch.action.support.replication.TransportShardReplicationOperationAction$OperationTransportHandler.messageReceived(TransportShardReplicationOperationAction.java:185)
	at org.elasticsearch.transport.netty.MessageChannelHandler.handleRequest(MessageChannelHandler.java:212)
	at org.elasticsearch.transport.netty.MessageChannelHandler.messageReceived(MessageChannelHandler.java:109)
	at org.jboss.netty.channel.SimpleChannelUpstreamHandler.handleUpstream(SimpleChannelUpstreamHandler.java:70)
	at org.jboss.netty.channel.DefaultChannelPipeline.sendUpstream(DefaultChannelPipeline.java:564)
	at org.jboss.netty.channel.DefaultChannelPipeline$DefaultChannelHandlerContext.sendUpstream(DefaultChannelPipeline.java:791)
	at org.jboss.netty.channel.Channels.fireMessageReceived(Channels.java:296)
	at org.jboss.netty.handler.codec.frame.FrameDecoder.unfoldAndFireMessageReceived(FrameDecoder.java:462)
	at org.jboss.netty.handler.codec.frame.FrameDecoder.callDecode(FrameDecoder.java:443)
	at org.jboss.netty.handler.codec.frame.FrameDecoder.messageReceived(FrameDecoder.java:303)
	at org.jboss.netty.channel.SimpleChannelUpstreamHandler.handleUpstream(SimpleChannelUpstreamHandler.java:70)
	at org.jboss.netty.channel.DefaultChannelPipeline.sendUpstream(DefaultChannelPipeline.java:564)
	at org.jboss.netty.channel.DefaultChannelPipeline$DefaultChannelHandlerContext.sendUpstream(DefaultChannelPipeline.java:791)
	at org.elasticsearch.common.netty.OpenChannelsHandler.handleUpstream(OpenChannelsHandler.java:74)
	at org.jboss.netty.channel.DefaultChannelPipeline.sendUpstream(DefaultChannelPipeline.java:564)
	at org.jboss.netty.channel.DefaultChannelPipeline.sendUpstream(DefaultChannelPipeline.java:559)
	at org.jboss.netty.channel.Channels.fireMessageReceived(Channels.java:268)
	at org.jboss.netty.channel.Channels.fireMessageReceived(Channels.java:255)
	at org.jboss.netty.channel.socket.nio.NioWorker.read(NioWorker.java:88)
	at org.jboss.netty.channel.socket.nio.AbstractNioWorker.process(AbstractNioWorker.java:108)
	at org.jboss.netty.channel.socket.nio.AbstractNioSelector.run(AbstractNioSelector.java:318)
	at org.jboss.netty.channel.socket.nio.AbstractNioWorker.run(AbstractNioWorker.java:89)
	at org.jboss.netty.channel.socket.nio.NioWorker.run(NioWorker.java:178)
	at org.jboss.netty.util.ThreadRenamingRunnable.run(ThreadRenamingRunnable.java:108)
	at org.jboss.netty.util.internal.DeadLockProofWorker$1.run(DeadLockProofWorker.java:42)
	at java.util.concurrent.ThreadPoolExecutor.runWorker(ThreadPoolExecutor.java:1145)
	at java.util.concurrent.ThreadPoolExecutor$Worker.run(ThreadPoolExecutor.java:615)
	at java.lang.Thread.run(Thread.java:744)
[2014-02-18 16:01:57,243][INFO ][indices.mapping          ] Action Failed
org.elasticsearch.transport.RemoteTransportException: [node_1][inet[/10.1.10.75:9301]][index]
Caused by: org.elasticsearch.common.util.concurrent.EsRejectedExecutionException: rejected execution (queue capacity 200) on org.elasticsearch.action.support.replication.TransportShardReplicationOperationAction$AsyncShardOperationAction$1@54d13f00
	at org.elasticsearch.common.util.concurrent.EsAbortPolicy.rejectedExecution(EsAbortPolicy.java:62)
	at java.util.concurrent.ThreadPoolExecutor.reject(ThreadPoolExecutor.java:821)
	at java.util.concurrent.ThreadPoolExecutor.execute(ThreadPoolExecutor.java:1372)
	at org.elasticsearch.action.support.replication.TransportShardReplicationOperationAction$AsyncShardOperationAction.start(TransportShardReplicationOperationAction.java:422)
	at org.elasticsearch.action.support.replication.TransportShardReplicationOperationAction$AsyncShardOperationAction.start(TransportShardReplicationOperationAction.java:330)
	at org.elasticsearch.action.support.replication.TransportShardReplicationOperationAction.doExecute(TransportShardReplicationOperationAction.java:101)
	at org.elasticsearch.action.index.TransportIndexAction.innerExecute(TransportIndexAction.java:134)
	at org.elasticsearch.action.index.TransportIndexAction.doExecute(TransportIndexAction.java:116)
	at org.elasticsearch.action.index.TransportIndexAction.doExecute(TransportIndexAction.java:66)
	at org.elasticsearch.action.support.TransportAction.execute(TransportAction.java:63)
	at org.elasticsearch.action.support.replication.TransportShardReplicationOperationAction$OperationTransportHandler.messageReceived(TransportShardReplicationOperationAction.java:203)
	at org.elasticsearch.action.support.replication.TransportShardReplicationOperationAction$OperationTransportHandler.messageReceived(TransportShardReplicationOperationAction.java:185)
	at org.elasticsearch.transport.netty.MessageChannelHandler.handleRequest(MessageChannelHandler.java:212)
	at org.elasticsearch.transport.netty.MessageChannelHandler.messageReceived(MessageChannelHandler.java:109)
	at org.jboss.netty.channel.SimpleChannelUpstreamHandler.handleUpstream(SimpleChannelUpstreamHandler.java:70)
	at org.jboss.netty.channel.DefaultChannelPipeline.sendUpstream(DefaultChannelPipeline.java:564)
	at org.jboss.netty.channel.DefaultChannelPipeline$DefaultChannelHandlerContext.sendUpstream(DefaultChannelPipeline.java:791)
	at org.jboss.netty.channel.Channels.fireMessageReceived(Channels.java:296)
	at org.jboss.netty.handler.codec.frame.FrameDecoder.unfoldAndFireMessageReceived(FrameDecoder.java:462)
	at org.jboss.netty.handler.codec.frame.FrameDecoder.callDecode(FrameDecoder.java:443)
	at org.jboss.netty.handler.codec.frame.FrameDecoder.messageReceived(FrameDecoder.java:303)
	at org.jboss.netty.channel.SimpleChannelUpstreamHandler.handleUpstream(SimpleChannelUpstreamHandler.java:70)
	at org.jboss.netty.channel.DefaultChannelPipeline.sendUpstream(DefaultChannelPipeline.java:564)
	at org.jboss.netty.channel.DefaultChannelPipeline$DefaultChannelHandlerContext.sendUpstream(DefaultChannelPipeline.java:791)
	at org.elasticsearch.common.netty.OpenChannelsHandler.handleUpstream(OpenChannelsHandler.java:74)
	at org.jboss.netty.channel.DefaultChannelPipeline.sendUpstream(DefaultChannelPipeline.java:564)
	at org.jboss.netty.channel.DefaultChannelPipeline.sendUpstream(DefaultChannelPipeline.java:559)
	at org.jboss.netty.channel.Channels.fireMessageReceived(Channels.java:268)
	at org.jboss.netty.channel.Channels.fireMessageReceived(Channels.java:255)
	at org.jboss.netty.channel.socket.nio.NioWorker.read(NioWorker.java:88)
	at org.jboss.netty.channel.socket.nio.AbstractNioWorker.process(AbstractNioWorker.java:108)
	at org.jboss.netty.channel.socket.nio.AbstractNioSelector.run(AbstractNioSelector.java:318)
	at org.jboss.netty.channel.socket.nio.AbstractNioWorker.run(AbstractNioWorker.java:89)
	at org.jboss.netty.channel.socket.nio.NioWorker.run(NioWorker.java:178)
	at org.jboss.netty.util.ThreadRenamingRunnable.run(ThreadRenamingRunnable.java:108)
	at org.jboss.netty.util.internal.DeadLockProofWorker$1.run(DeadLockProofWorker.java:42)
	at java.util.concurrent.ThreadPoolExecutor.runWorker(ThreadPoolExecutor.java:1145)
	at java.util.concurrent.ThreadPoolExecutor$Worker.run(ThreadPoolExecutor.java:615)
	at java.lang.Thread.run(Thread.java:744)
[2014-02-18 16:01:57,242][INFO ][indices.mapping          ] Action Failed
org.elasticsearch.transport.RemoteTransportException: [node_1][inet[/10.1.10.75:9301]][index]
Caused by: org.elasticsearch.common.util.concurrent.EsRejectedExecutionException: rejected execution (queue capacity 200) on org.elasticsearch.action.support.replication.TransportShardReplicationOperationAction$AsyncShardOperationAction$1@7b933cdc
	at org.elasticsearch.common.util.concurrent.EsAbortPolicy.rejectedExecution(EsAbortPolicy.java:62)
	at java.util.concurrent.ThreadPoolExecutor.reject(ThreadPoolExecutor.java:821)
	at java.util.concurrent.ThreadPoolExecutor.execute(ThreadPoolExecutor.java:1372)
	at org.elasticsearch.action.support.replication.TransportShardReplicationOperationAction$AsyncShardOperationAction.start(TransportShardReplicationOperationAction.java:422)
	at org.elasticsearch.action.support.replication.TransportShardReplicationOperationAction$AsyncShardOperationAction.start(TransportShardReplicationOperationAction.java:330)
	at org.elasticsearch.action.support.replication.TransportShardReplicationOperationAction.doExecute(TransportShardReplicationOperationAction.java:101)
	at org.elasticsearch.action.index.TransportIndexAction.innerExecute(TransportIndexAction.java:134)
	at org.elasticsearch.action.index.TransportIndexAction.doExecute(TransportIndexAction.java:116)
	at org.elasticsearch.action.index.TransportIndexAction.doExecute(TransportIndexAction.java:66)
	at org.elasticsearch.action.support.TransportAction.execute(TransportAction.java:63)
	at org.elasticsearch.action.support.replication.TransportShardReplicationOperationAction$OperationTransportHandler.messageReceived(TransportShardReplicationOperationAction.java:203)
	at org.elasticsearch.action.support.replication.TransportShardReplicationOperationAction$OperationTransportHandler.messageReceived(TransportShardReplicationOperationAction.java:185)
	at org.elasticsearch.transport.netty.MessageChannelHandler.handleRequest(MessageChannelHandler.java:212)
	at org.elasticsearch.transport.netty.MessageChannelHandler.messageReceived(MessageChannelHandler.java:109)
	at org.jboss.netty.channel.SimpleChannelUpstreamHandler.handleUpstream(SimpleChannelUpstreamHandler.java:70)
	at org.jboss.netty.channel.DefaultChannelPipeline.sendUpstream(DefaultChannelPipeline.java:564)
	at org.jboss.netty.channel.DefaultChannelPipeline$DefaultChannelHandlerContext.sendUpstream(DefaultChannelPipeline.java:791)
	at org.jboss.netty.channel.Channels.fireMessageReceived(Channels.java:296)
	at org.jboss.netty.handler.codec.frame.FrameDecoder.unfoldAndFireMessageReceived(FrameDecoder.java:462)
	at org.jboss.netty.handler.codec.frame.FrameDecoder.callDecode(FrameDecoder.java:443)
	at org.jboss.netty.handler.codec.frame.FrameDecoder.messageReceived(FrameDecoder.java:303)
	at org.jboss.netty.channel.SimpleChannelUpstreamHandler.handleUpstream(SimpleChannelUpstreamHandler.java:70)
	at org.jboss.netty.channel.DefaultChannelPipeline.sendUpstream(DefaultChannelPipeline.java:564)
	at org.jboss.netty.channel.DefaultChannelPipeline$DefaultChannelHandlerContext.sendUpstream(DefaultChannelPipeline.java:791)
	at org.elasticsearch.common.netty.OpenChannelsHandler.handleUpstream(OpenChannelsHandler.java:74)
	at org.jboss.netty.channel.DefaultChannelPipeline.sendUpstream(DefaultChannelPipeline.java:564)
	at org.jboss.netty.channel.DefaultChannelPipeline.sendUpstream(DefaultChannelPipeline.java:559)
	at org.jboss.netty.channel.Channels.fireMessageReceived(Channels.java:268)
	at org.jboss.netty.channel.Channels.fireMessageReceived(Channels.java:255)
	at org.jboss.netty.channel.socket.nio.NioWorker.read(NioWorker.java:88)
	at org.jboss.netty.channel.socket.nio.AbstractNioWorker.process(AbstractNioWorker.java:108)
	at org.jboss.netty.channel.socket.nio.AbstractNioSelector.run(AbstractNioSelector.java:318)
	at org.jboss.netty.channel.socket.nio.AbstractNioWorker.run(AbstractNioWorker.java:89)
	at org.jboss.netty.channel.socket.nio.NioWorker.run(NioWorker.java:178)
	at org.jboss.netty.util.ThreadRenamingRunnable.run(ThreadRenamingRunnable.java:108)
	at org.jboss.netty.util.internal.DeadLockProofWorker$1.run(DeadLockProofWorker.java:42)
	at java.util.concurrent.ThreadPoolExecutor.runWorker(ThreadPoolExecutor.java:1145)
	at java.util.concurrent.ThreadPoolExecutor$Worker.run(ThreadPoolExecutor.java:615)
	at java.lang.Thread.run(Thread.java:744)
[2014-02-18 16:01:57,239][INFO ][indices.mapping          ] Action Failed
org.elasticsearch.transport.RemoteTransportException: [node_1][inet[/10.1.10.75:9301]][index]
Caused by: org.elasticsearch.common.util.concurrent.EsRejectedExecutionException: rejected execution (queue capacity 200) on org.elasticsearch.action.support.replication.TransportShardReplicationOperationAction$AsyncShardOperationAction$1@281a2643
	at org.elasticsearch.common.util.concurrent.EsAbortPolicy.rejectedExecution(EsAbortPolicy.java:62)
	at java.util.concurrent.ThreadPoolExecutor.reject(ThreadPoolExecutor.java:821)
	at java.util.concurrent.ThreadPoolExecutor.execute(ThreadPoolExecutor.java:1372)
	at org.elasticsearch.action.support.replication.TransportShardReplicationOperationAction$AsyncShardOperationAction.start(TransportShardReplicationOperationAction.java:422)
	at org.elasticsearch.action.support.replication.TransportShardReplicationOperationAction$AsyncShardOperationAction.start(TransportShardReplicationOperationAction.java:330)
	at org.elasticsearch.action.support.replication.TransportShardReplicationOperationAction.doExecute(TransportShardReplicationOperationAction.java:101)
	at org.elasticsearch.action.index.TransportIndexAction.innerExecute(TransportIndexAction.java:134)
	at org.elasticsearch.action.index.TransportIndexAction.doExecute(TransportIndexAction.java:116)
	at org.elasticsearch.action.index.TransportIndexAction.doExecute(TransportIndexAction.java:66)
	at org.elasticsearch.action.support.TransportAction.execute(TransportAction.java:63)
	at org.elasticsearch.action.support.replication.TransportShardReplicationOperationAction$OperationTransportHandler.messageReceived(TransportShardReplicationOperationAction.java:203)
	at org.elasticsearch.action.support.replication.TransportShardReplicationOperationAction$OperationTransportHandler.messageReceived(TransportShardReplicationOperationAction.java:185)
	at org.elasticsearch.transport.netty.MessageChannelHandler.handleRequest(MessageChannelHandler.java:212)
	at org.elasticsearch.transport.netty.MessageChannelHandler.messageReceived(MessageChannelHandler.java:109)
	at org.jboss.netty.channel.SimpleChannelUpstreamHandler.handleUpstream(SimpleChannelUpstreamHandler.java:70)
	at org.jboss.netty.channel.DefaultChannelPipeline.sendUpstream(DefaultChannelPipeline.java:564)
	at org.jboss.netty.channel.DefaultChannelPipeline$DefaultChannelHandlerContext.sendUpstream(DefaultChannelPipeline.java:791)
	at org.jboss.netty.channel.Channels.fireMessageReceived(Channels.java:296)
	at org.jboss.netty.handler.codec.frame.FrameDecoder.unfoldAndFireMessageReceived(FrameDecoder.java:462)
	at org.jboss.netty.handler.codec.frame.FrameDecoder.callDecode(FrameDecoder.java:443)
	at org.jboss.netty.handler.codec.frame.FrameDecoder.messageReceived(FrameDecoder.java:303)
	at org.jboss.netty.channel.SimpleChannelUpstreamHandler.handleUpstream(SimpleChannelUpstreamHandler.java:70)
	at org.jboss.netty.channel.DefaultChannelPipeline.sendUpstream(DefaultChannelPipeline.java:564)
	at org.jboss.netty.channel.DefaultChannelPipeline$DefaultChannelHandlerContext.sendUpstream(DefaultChannelPipeline.java:791)
	at org.elasticsearch.common.netty.OpenChannelsHandler.handleUpstream(OpenChannelsHandler.java:74)
	at org.jboss.netty.channel.DefaultChannelPipeline.sendUpstream(DefaultChannelPipeline.java:564)
	at org.jboss.netty.channel.DefaultChannelPipeline.sendUpstream(DefaultChannelPipeline.java:559)
	at org.jboss.netty.channel.Channels.fireMessageReceived(Channels.java:268)
	at org.jboss.netty.channel.Channels.fireMessageReceived(Channels.java:255)
	at org.jboss.netty.channel.socket.nio.NioWorker.read(NioWorker.java:88)
	at org.jboss.netty.channel.socket.nio.AbstractNioWorker.process(AbstractNioWorker.java:108)
	at org.jboss.netty.channel.socket.nio.AbstractNioSelector.run(AbstractNioSelector.java:318)
	at org.jboss.netty.channel.socket.nio.AbstractNioWorker.run(AbstractNioWorker.java:89)
	at org.jboss.netty.channel.socket.nio.NioWorker.run(NioWorker.java:178)
	at org.jboss.netty.util.ThreadRenamingRunnable.run(ThreadRenamingRunnable.java:108)
	at org.jboss.netty.util.internal.DeadLockProofWorker$1.run(DeadLockProofWorker.java:42)
	at java.util.concurrent.ThreadPoolExecutor.runWorker(ThreadPoolExecutor.java:1145)
	at java.util.concurrent.ThreadPoolExecutor$Worker.run(ThreadPoolExecutor.java:615)
	at java.lang.Thread.run(Thread.java:744)
[2014-02-18 16:01:57,236][INFO ][indices.mapping          ] Action Failed
org.elasticsearch.transport.RemoteTransportException: [node_1][inet[/10.1.10.75:9301]][index]
Caused by: org.elasticsearch.common.util.concurrent.EsRejectedExecutionException: rejected execution (queue capacity 200) on org.elasticsearch.action.support.replication.TransportShardReplicationOperationAction$AsyncShardOperationAction$1@50fda5f2
	at org.elasticsearch.common.util.concurrent.EsAbortPolicy.rejectedExecution(EsAbortPolicy.java:62)
	at java.util.concurrent.ThreadPoolExecutor.reject(ThreadPoolExecutor.java:821)
	at java.util.concurrent.ThreadPoolExecutor.execute(ThreadPoolExecutor.java:1372)
	at org.elasticsearch.action.support.replication.TransportShardReplicationOperationAction$AsyncShardOperationAction.start(TransportShardReplicationOperationAction.java:422)
	at org.elasticsearch.action.support.replication.TransportShardReplicationOperationAction$AsyncShardOperationAction.start(TransportShardReplicationOperationAction.java:330)
	at org.elasticsearch.action.support.replication.TransportShardReplicationOperationAction.doExecute(TransportShardReplicationOperationAction.java:101)
	at org.elasticsearch.action.index.TransportIndexAction.innerExecute(TransportIndexAction.java:134)
	at org.elasticsearch.action.index.TransportIndexAction.doExecute(TransportIndexAction.java:116)
	at org.elasticsearch.action.index.TransportIndexAction.doExecute(TransportIndexAction.java:66)
	at org.elasticsearch.action.support.TransportAction.execute(TransportAction.java:63)
	at org.elasticsearch.action.support.replication.TransportShardReplicationOperationAction$OperationTransportHandler.messageReceived(TransportShardReplicationOperationAction.java:203)
	at org.elasticsearch.action.support.replication.TransportShardReplicationOperationAction$OperationTransportHandler.messageReceived(TransportShardReplicationOperationAction.java:185)
	at org.elasticsearch.transport.netty.MessageChannelHandler.handleRequest(MessageChannelHandler.java:212)
	at org.elasticsearch.transport.netty.MessageChannelHandler.messageReceived(MessageChannelHandler.java:109)
	at org.jboss.netty.channel.SimpleChannelUpstreamHandler.handleUpstream(SimpleChannelUpstreamHandler.java:70)
	at org.jboss.netty.channel.DefaultChannelPipeline.sendUpstream(DefaultChannelPipeline.java:564)
	at org.jboss.netty.channel.DefaultChannelPipeline$DefaultChannelHandlerContext.sendUpstream(DefaultChannelPipeline.java:791)
	at org.jboss.netty.channel.Channels.fireMessageReceived(Channels.java:296)
	at org.jboss.netty.handler.codec.frame.FrameDecoder.unfoldAndFireMessageReceived(FrameDecoder.java:462)
	at org.jboss.netty.handler.codec.frame.FrameDecoder.callDecode(FrameDecoder.java:443)
	at org.jboss.netty.handler.codec.frame.FrameDecoder.messageReceived(FrameDecoder.java:303)
	at org.jboss.netty.channel.SimpleChannelUpstreamHandler.handleUpstream(SimpleChannelUpstreamHandler.java:70)
	at org.jboss.netty.channel.DefaultChannelPipeline.sendUpstream(DefaultChannelPipeline.java:564)
	at org.jboss.netty.channel.DefaultChannelPipeline$DefaultChannelHandlerContext.sendUpstream(DefaultChannelPipeline.java:791)
	at org.elasticsearch.common.netty.OpenChannelsHandler.handleUpstream(OpenChannelsHandler.java:74)
	at org.jboss.netty.channel.DefaultChannelPipeline.sendUpstream(DefaultChannelPipeline.java:564)
	at org.jboss.netty.channel.DefaultChannelPipeline.sendUpstream(DefaultChannelPipeline.java:559)
	at org.jboss.netty.channel.Channels.fireMessageReceived(Channels.java:268)
	at org.jboss.netty.channel.Channels.fireMessageReceived(Channels.java:255)
	at org.jboss.netty.channel.socket.nio.NioWorker.read(NioWorker.java:88)
	at org.jboss.netty.channel.socket.nio.AbstractNioWorker.process(AbstractNioWorker.java:108)
	at org.jboss.netty.channel.socket.nio.AbstractNioSelector.run(AbstractNioSelector.java:318)
	at org.jboss.netty.channel.socket.nio.AbstractNioWorker.run(AbstractNioWorker.java:89)
	at org.jboss.netty.channel.socket.nio.NioWorker.run(NioWorker.java:178)
	at org.jboss.netty.util.ThreadRenamingRunnable.run(ThreadRenamingRunnable.java:108)
	at org.jboss.netty.util.internal.DeadLockProofWorker$1.run(DeadLockProofWorker.java:42)
	at java.util.concurrent.ThreadPoolExecutor.runWorker(ThreadPoolExecutor.java:1145)
	at java.util.concurrent.ThreadPoolExecutor$Worker.run(ThreadPoolExecutor.java:615)
	at java.lang.Thread.run(Thread.java:744)
[2014-02-18 16:01:57,234][INFO ][indices.mapping          ] Action Failed
org.elasticsearch.transport.RemoteTransportException: [node_1][inet[/10.1.10.75:9301]][index]
Caused by: org.elasticsearch.common.util.concurrent.EsRejectedExecutionException: rejected execution (queue capacity 200) on org.elasticsearch.action.support.replication.TransportShardReplicationOperationAction$AsyncShardOperationAction$1@60f3b416
	at org.elasticsearch.common.util.concurrent.EsAbortPolicy.rejectedExecution(EsAbortPolicy.java:62)
	at java.util.concurrent.ThreadPoolExecutor.reject(ThreadPoolExecutor.java:821)
	at java.util.concurrent.ThreadPoolExecutor.execute(ThreadPoolExecutor.java:1372)
	at org.elasticsearch.action.support.replication.TransportShardReplicationOperationAction$AsyncShardOperationAction.start(TransportShardReplicationOperationAction.java:422)
	at org.elasticsearch.action.support.replication.TransportShardReplicationOperationAction$AsyncShardOperationAction.start(TransportShardReplicationOperationAction.java:330)
	at org.elasticsearch.action.support.replication.TransportShardReplicationOperationAction.doExecute(TransportShardReplicationOperationAction.java:101)
	at org.elasticsearch.action.index.TransportIndexAction.innerExecute(TransportIndexAction.java:134)
	at org.elasticsearch.action.index.TransportIndexAction.doExecute(TransportIndexAction.java:116)
	at org.elasticsearch.action.index.TransportIndexAction.doExecute(TransportIndexAction.java:66)
	at org.elasticsearch.action.support.TransportAction.execute(TransportAction.java:63)
	at org.elasticsearch.action.support.replication.TransportShardReplicationOperationAction$OperationTransportHandler.messageReceived(TransportShardReplicationOperationAction.java:203)
	at org.elasticsearch.action.support.replication.TransportShardReplicationOperationAction$OperationTransportHandler.messageReceived(TransportShardReplicationOperationAction.java:185)
	at org.elasticsearch.transport.netty.MessageChannelHandler.handleRequest(MessageChannelHandler.java:212)
	at org.elasticsearch.transport.netty.MessageChannelHandler.messageReceived(MessageChannelHandler.java:109)
	at org.jboss.netty.channel.SimpleChannelUpstreamHandler.handleUpstream(SimpleChannelUpstreamHandler.java:70)
	at org.jboss.netty.channel.DefaultChannelPipeline.sendUpstream(DefaultChannelPipeline.java:564)
	at org.jboss.netty.channel.DefaultChannelPipeline$DefaultChannelHandlerContext.sendUpstream(DefaultChannelPipeline.java:791)
	at org.jboss.netty.channel.Channels.fireMessageReceived(Channels.java:296)
	at org.jboss.netty.handler.codec.frame.FrameDecoder.unfoldAndFireMessageReceived(FrameDecoder.java:462)
	at org.jboss.netty.handler.codec.frame.FrameDecoder.callDecode(FrameDecoder.java:443)
	at org.jboss.netty.handler.codec.frame.FrameDecoder.messageReceived(FrameDecoder.java:303)
	at org.jboss.netty.channel.SimpleChannelUpstreamHandler.handleUpstream(SimpleChannelUpstreamHandler.java:70)
	at org.jboss.netty.channel.DefaultChannelPipeline.sendUpstream(DefaultChannelPipeline.java:564)
	at org.jboss.netty.channel.DefaultChannelPipeline$DefaultChannelHandlerContext.sendUpstream(DefaultChannelPipeline.java:791)
	at org.elasticsearch.common.netty.OpenChannelsHandler.handleUpstream(OpenChannelsHandler.java:74)
	at org.jboss.netty.channel.DefaultChannelPipeline.sendUpstream(DefaultChannelPipeline.java:564)
	at org.jboss.netty.channel.DefaultChannelPipeline.sendUpstream(DefaultChannelPipeline.java:559)
	at org.jboss.netty.channel.Channels.fireMessageReceived(Channels.java:268)
	at org.jboss.netty.channel.Channels.fireMessageReceived(Channels.java:255)
	at org.jboss.netty.channel.socket.nio.NioWorker.read(NioWorker.java:88)
	at org.jboss.netty.channel.socket.nio.AbstractNioWorker.process(AbstractNioWorker.java:108)
	at org.jboss.netty.channel.socket.nio.AbstractNioSelector.run(AbstractNioSelector.java:318)
	at org.jboss.netty.channel.socket.nio.AbstractNioWorker.run(AbstractNioWorker.java:89)
	at org.jboss.netty.channel.socket.nio.NioWorker.run(NioWorker.java:178)
	at org.jboss.netty.util.ThreadRenamingRunnable.run(ThreadRenamingRunnable.java:108)
	at org.jboss.netty.util.internal.DeadLockProofWorker$1.run(DeadLockProofWorker.java:42)
	at java.util.concurrent.ThreadPoolExecutor.runWorker(ThreadPoolExecutor.java:1145)
	at java.util.concurrent.ThreadPoolExecutor$Worker.run(ThreadPoolExecutor.java:615)
	at java.lang.Thread.run(Thread.java:744)
[2014-02-18 16:01:57,232][INFO ][indices.mapping          ] Action Failed
org.elasticsearch.transport.RemoteTransportException: [node_1][inet[/10.1.10.75:9301]][index]
Caused by: org.elasticsearch.common.util.concurrent.EsRejectedExecutionException: rejected execution (queue capacity 200) on org.elasticsearch.action.support.replication.TransportShardReplicationOperationAction$AsyncShardOperationAction$1@7fac3577
	at org.elasticsearch.common.util.concurrent.EsAbortPolicy.rejectedExecution(EsAbortPolicy.java:62)
	at java.util.concurrent.ThreadPoolExecutor.reject(ThreadPoolExecutor.java:821)
	at java.util.concurrent.ThreadPoolExecutor.execute(ThreadPoolExecutor.java:1372)
	at org.elasticsearch.action.support.replication.TransportShardReplicationOperationAction$AsyncShardOperationAction.start(TransportShardReplicationOperationAction.java:422)
	at org.elasticsearch.action.support.replication.TransportShardReplicationOperationAction$AsyncShardOperationAction.start(TransportShardReplicationOperationAction.java:330)
	at org.elasticsearch.action.support.replication.TransportShardReplicationOperationAction.doExecute(TransportShardReplicationOperationAction.java:101)
	at org.elasticsearch.action.index.TransportIndexAction.innerExecute(TransportIndexAction.java:134)
	at org.elasticsearch.action.index.TransportIndexAction.doExecute(TransportIndexAction.java:116)
	at org.elasticsearch.action.index.TransportIndexAction.doExecute(TransportIndexAction.java:66)
	at org.elasticsearch.action.support.TransportAction.execute(TransportAction.java:63)
	at org.elasticsearch.action.support.replication.TransportShardReplicationOperationAction$OperationTransportHandler.messageReceived(TransportShardReplicationOperationAction.java:203)
	at org.elasticsearch.action.support.replication.TransportShardReplicationOperationAction$OperationTransportHandler.messageReceived(TransportShardReplicationOperationAction.java:185)
	at org.elasticsearch.transport.netty.MessageChannelHandler.handleRequest(MessageChannelHandler.java:212)
	at org.elasticsearch.transport.netty.MessageChannelHandler.messageReceived(MessageChannelHandler.java:109)
	at org.jboss.netty.channel.SimpleChannelUpstreamHandler.handleUpstream(SimpleChannelUpstreamHandler.java:70)
	at org.jboss.netty.channel.DefaultChannelPipeline.sendUpstream(DefaultChannelPipeline.java:564)
	at org.jboss.netty.channel.DefaultChannelPipeline$DefaultChannelHandlerContext.sendUpstream(DefaultChannelPipeline.java:791)
	at org.jboss.netty.channel.Channels.fireMessageReceived(Channels.java:296)
	at org.jboss.netty.handler.codec.frame.FrameDecoder.unfoldAndFireMessageReceived(FrameDecoder.java:462)
	at org.jboss.netty.handler.codec.frame.FrameDecoder.callDecode(FrameDecoder.java:443)
	at org.jboss.netty.handler.codec.frame.FrameDecoder.messageReceived(FrameDecoder.java:303)
	at org.jboss.netty.channel.SimpleChannelUpstreamHandler.handleUpstream(SimpleChannelUpstreamHandler.java:70)
	at org.jboss.netty.channel.DefaultChannelPipeline.sendUpstream(DefaultChannelPipeline.java:564)
	at org.jboss.netty.channel.DefaultChannelPipeline$DefaultChannelHandlerContext.sendUpstream(DefaultChannelPipeline.java:791)
	at org.elasticsearch.common.netty.OpenChannelsHandler.handleUpstream(OpenChannelsHandler.java:74)
	at org.jboss.netty.channel.DefaultChannelPipeline.sendUpstream(DefaultChannelPipeline.java:564)
	at org.jboss.netty.channel.DefaultChannelPipeline.sendUpstream(DefaultChannelPipeline.java:559)
	at org.jboss.netty.channel.Channels.fireMessageReceived(Channels.java:268)
	at org.jboss.netty.channel.Channels.fireMessageReceived(Channels.java:255)
	at org.jboss.netty.channel.socket.nio.NioWorker.read(NioWorker.java:88)
	at org.jboss.netty.channel.socket.nio.AbstractNioWorker.process(AbstractNioWorker.java:108)
	at org.jboss.netty.channel.socket.nio.AbstractNioSelector.run(AbstractNioSelector.java:318)
	at org.jboss.netty.channel.socket.nio.AbstractNioWorker.run(AbstractNioWorker.java:89)
	at org.jboss.netty.channel.socket.nio.NioWorker.run(NioWorker.java:178)
	at org.jboss.netty.util.ThreadRenamingRunnable.run(ThreadRenamingRunnable.java:108)
	at org.jboss.netty.util.internal.DeadLockProofWorker$1.run(DeadLockProofWorker.java:42)
	at java.util.concurrent.ThreadPoolExecutor.runWorker(ThreadPoolExecutor.java:1145)
	at java.util.concurrent.ThreadPoolExecutor$Worker.run(ThreadPoolExecutor.java:615)
	at java.lang.Thread.run(Thread.java:744)
[2014-02-18 16:01:57,270][INFO ][indices.mapping          ] Action Failed
org.elasticsearch.transport.RemoteTransportException: [node_1][inet[/10.1.10.75:9301]][index]
Caused by: org.elasticsearch.common.util.concurrent.EsRejectedExecutionException: rejected execution (queue capacity 200) on org.elasticsearch.action.support.replication.TransportShardReplicationOperationAction$AsyncShardOperationAction$1@5b6cf8d1
	at org.elasticsearch.common.util.concurrent.EsAbortPolicy.rejectedExecution(EsAbortPolicy.java:62)
	at java.util.concurrent.ThreadPoolExecutor.reject(ThreadPoolExecutor.java:821)
	at java.util.concurrent.ThreadPoolExecutor.execute(ThreadPoolExecutor.java:1372)
	at org.elasticsearch.action.support.replication.TransportShardReplicationOperationAction$AsyncShardOperationAction.start(TransportShardReplicationOperationAction.java:422)
	at org.elasticsearch.action.support.replication.TransportShardReplicationOperationAction$AsyncShardOperationAction.start(TransportShardReplicationOperationAction.java:330)
	at org.elasticsearch.action.support.replication.TransportShardReplicationOperationAction.doExecute(TransportShardReplicationOperationAction.java:101)
	at org.elasticsearch.action.index.TransportIndexAction.innerExecute(TransportIndexAction.java:134)
	at org.elasticsearch.action.index.TransportIndexAction.doExecute(TransportIndexAction.java:116)
	at org.elasticsearch.action.index.TransportIndexAction.doExecute(TransportIndexAction.java:66)
	at org.elasticsearch.action.support.TransportAction.execute(TransportAction.java:63)
	at org.elasticsearch.action.support.replication.TransportShardReplicationOperationAction$OperationTransportHandler.messageReceived(TransportShardReplicationOperationAction.java:203)
	at org.elasticsearch.action.support.replication.TransportShardReplicationOperationAction$OperationTransportHandler.messageReceived(TransportShardReplicationOperationAction.java:185)
	at org.elasticsearch.transport.netty.MessageChannelHandler.handleRequest(MessageChannelHandler.java:212)
	at org.elasticsearch.transport.netty.MessageChannelHandler.messageReceived(MessageChannelHandler.java:109)
	at org.jboss.netty.channel.SimpleChannelUpstreamHandler.handleUpstream(SimpleChannelUpstreamHandler.java:70)
	at org.jboss.netty.channel.DefaultChannelPipeline.sendUpstream(DefaultChannelPipeline.java:564)
	at org.jboss.netty.channel.DefaultChannelPipeline$DefaultChannelHandlerContext.sendUpstream(DefaultChannelPipeline.java:791)
	at org.jboss.netty.channel.Channels.fireMessageReceived(Channels.java:296)
	at org.jboss.netty.handler.codec.frame.FrameDecoder.unfoldAndFireMessageReceived(FrameDecoder.java:462)
	at org.jboss.netty.handler.codec.frame.FrameDecoder.callDecode(FrameDecoder.java:443)
	at org.jboss.netty.handler.codec.frame.FrameDecoder.messageReceived(FrameDecoder.java:303)
	at org.jboss.netty.channel.SimpleChannelUpstreamHandler.handleUpstream(SimpleChannelUpstreamHandler.java:70)
	at org.jboss.netty.channel.DefaultChannelPipeline.sendUpstream(DefaultChannelPipeline.java:564)
	at org.jboss.netty.channel.DefaultChannelPipeline$DefaultChannelHandlerContext.sendUpstream(DefaultChannelPipeline.java:791)
	at org.elasticsearch.common.netty.OpenChannelsHandler.handleUpstream(OpenChannelsHandler.java:74)
	at org.jboss.netty.channel.DefaultChannelPipeline.sendUpstream(DefaultChannelPipeline.java:564)
	at org.jboss.netty.channel.DefaultChannelPipeline.sendUpstream(DefaultChannelPipeline.java:559)
	at org.jboss.netty.channel.Channels.fireMessageReceived(Channels.java:268)
	at org.jboss.netty.channel.Channels.fireMessageReceived(Channels.java:255)
	at org.jboss.netty.channel.socket.nio.NioWorker.read(NioWorker.java:88)
	at org.jboss.netty.channel.socket.nio.AbstractNioWorker.process(AbstractNioWorker.java:108)
	at org.jboss.netty.channel.socket.nio.AbstractNioSelector.run(AbstractNioSelector.java:318)
	at org.jboss.netty.channel.socket.nio.AbstractNioWorker.run(AbstractNioWorker.java:89)
	at org.jboss.netty.channel.socket.nio.NioWorker.run(NioWorker.java:178)
	at org.jboss.netty.util.ThreadRenamingRunnable.run(ThreadRenamingRunnable.java:108)
	at org.jboss.netty.util.internal.DeadLockProofWorker$1.run(DeadLockProofWorker.java:42)
	at java.util.concurrent.ThreadPoolExecutor.runWorker(ThreadPoolExecutor.java:1145)
	at java.util.concurrent.ThreadPoolExecutor$Worker.run(ThreadPoolExecutor.java:615)
	at java.lang.Thread.run(Thread.java:744)
[2014-02-18 16:01:57,268][INFO ][indices.mapping          ] Action Failed
org.elasticsearch.transport.RemoteTransportException: [node_1][inet[/10.1.10.75:9301]][index]
Caused by: org.elasticsearch.common.util.concurrent.EsRejectedExecutionException: rejected execution (queue capacity 200) on org.elasticsearch.action.support.replication.TransportShardReplicationOperationAction$AsyncShardOperationAction$1@28ef124c
	at org.elasticsearch.common.util.concurrent.EsAbortPolicy.rejectedExecution(EsAbortPolicy.java:62)
	at java.util.concurrent.ThreadPoolExecutor.reject(ThreadPoolExecutor.java:821)
	at java.util.concurrent.ThreadPoolExecutor.execute(ThreadPoolExecutor.java:1372)
	at org.elasticsearch.action.support.replication.TransportShardReplicationOperationAction$AsyncShardOperationAction.start(TransportShardReplicationOperationAction.java:422)
	at org.elasticsearch.action.support.replication.TransportShardReplicationOperationAction$AsyncShardOperationAction.start(TransportShardReplicationOperationAction.java:330)
	at org.elasticsearch.action.support.replication.TransportShardReplicationOperationAction.doExecute(TransportShardReplicationOperationAction.java:101)
	at org.elasticsearch.action.index.TransportIndexAction.innerExecute(TransportIndexAction.java:134)
	at org.elasticsearch.action.index.TransportIndexAction.doExecute(TransportIndexAction.java:116)
	at org.elasticsearch.action.index.TransportIndexAction.doExecute(TransportIndexAction.java:66)
	at org.elasticsearch.action.support.TransportAction.execute(TransportAction.java:63)
	at org.elasticsearch.action.support.replication.TransportShardReplicationOperationAction$OperationTransportHandler.messageReceived(TransportShardReplicationOperationAction.java:203)
	at org.elasticsearch.action.support.replication.TransportShardReplicationOperationAction$OperationTransportHandler.messageReceived(TransportShardReplicationOperationAction.java:185)
	at org.elasticsearch.transport.netty.MessageChannelHandler.handleRequest(MessageChannelHandler.java:212)
	at org.elasticsearch.transport.netty.MessageChannelHandler.messageReceived(MessageChannelHandler.java:109)
	at org.jboss.netty.channel.SimpleChannelUpstreamHandler.handleUpstream(SimpleChannelUpstreamHandler.java:70)
	at org.jboss.netty.channel.DefaultChannelPipeline.sendUpstream(DefaultChannelPipeline.java:564)
	at org.jboss.netty.channel.DefaultChannelPipeline$DefaultChannelHandlerContext.sendUpstream(DefaultChannelPipeline.java:791)
	at org.jboss.netty.channel.Channels.fireMessageReceived(Channels.java:296)
	at org.jboss.netty.handler.codec.frame.FrameDecoder.unfoldAndFireMessageReceived(FrameDecoder.java:462)
	at org.jboss.netty.handler.codec.frame.FrameDecoder.callDecode(FrameDecoder.java:443)
	at org.jboss.netty.handler.codec.frame.FrameDecoder.messageReceived(FrameDecoder.java:303)
	at org.jboss.netty.channel.SimpleChannelUpstreamHandler.handleUpstream(SimpleChannelUpstreamHandler.java:70)
	at org.jboss.netty.channel.DefaultChannelPipeline.sendUpstream(DefaultChannelPipeline.java:564)
	at org.jboss.netty.channel.DefaultChannelPipeline$DefaultChannelHandlerContext.sendUpstream(DefaultChannelPipeline.java:791)
	at org.elasticsearch.common.netty.OpenChannelsHandler.handleUpstream(OpenChannelsHandler.java:74)
	at org.jboss.netty.channel.DefaultChannelPipeline.sendUpstream(DefaultChannelPipeline.java:564)
	at org.jboss.netty.channel.DefaultChannelPipeline.sendUpstream(DefaultChannelPipeline.java:559)
	at org.jboss.netty.channel.Channels.fireMessageReceived(Channels.java:268)
	at org.jboss.netty.channel.Channels.fireMessageReceived(Channels.java:255)
	at org.jboss.netty.channel.socket.nio.NioWorker.read(NioWorker.java:88)
	at org.jboss.netty.channel.socket.nio.AbstractNioWorker.process(AbstractNioWorker.java:108)
	at org.jboss.netty.channel.socket.nio.AbstractNioSelector.run(AbstractNioSelector.java:318)
	at org.jboss.netty.channel.socket.nio.AbstractNioWorker.run(AbstractNioWorker.java:89)
	at org.jboss.netty.channel.socket.nio.NioWorker.run(NioWorker.java:178)
	at org.jboss.netty.util.ThreadRenamingRunnable.run(ThreadRenamingRunnable.java:108)
	at org.jboss.netty.util.internal.DeadLockProofWorker$1.run(DeadLockProofWorker.java:42)
	at java.util.concurrent.ThreadPoolExecutor.runWorker(ThreadPoolExecutor.java:1145)
	at java.util.concurrent.ThreadPoolExecutor$Worker.run(ThreadPoolExecutor.java:615)
	at java.lang.Thread.run(Thread.java:744)
[2014-02-18 16:01:57,266][INFO ][indices.mapping          ] Action Failed
org.elasticsearch.transport.RemoteTransportException: [node_1][inet[/10.1.10.75:9301]][index]
Caused by: org.elasticsearch.common.util.concurrent.EsRejectedExecutionException: rejected execution (queue capacity 200) on org.elasticsearch.action.support.replication.TransportShardReplicationOperationAction$AsyncShardOperationAction$1@5a6e5356
	at org.elasticsearch.common.util.concurrent.EsAbortPolicy.rejectedExecution(EsAbortPolicy.java:62)
	at java.util.concurrent.ThreadPoolExecutor.reject(ThreadPoolExecutor.java:821)
	at java.util.concurrent.ThreadPoolExecutor.execute(ThreadPoolExecutor.java:1372)
	at org.elasticsearch.action.support.replication.TransportShardReplicationOperationAction$AsyncShardOperationAction.start(TransportShardReplicationOperationAction.java:422)
	at org.elasticsearch.action.support.replication.TransportShardReplicationOperationAction$AsyncShardOperationAction.start(TransportShardReplicationOperationAction.java:330)
	at org.elasticsearch.action.support.replication.TransportShardReplicationOperationAction.doExecute(TransportShardReplicationOperationAction.java:101)
	at org.elasticsearch.action.index.TransportIndexAction.innerExecute(TransportIndexAction.java:134)
	at org.elasticsearch.action.index.TransportIndexAction.doExecute(TransportIndexAction.java:116)
	at org.elasticsearch.action.index.TransportIndexAction.doExecute(TransportIndexAction.java:66)
	at org.elasticsearch.action.support.TransportAction.execute(TransportAction.java:63)
	at org.elasticsearch.action.support.replication.TransportShardReplicationOperationAction$OperationTransportHandler.messageReceived(TransportShardReplicationOperationAction.java:203)
	at org.elasticsearch.action.support.replication.TransportShardReplicationOperationAction$OperationTransportHandler.messageReceived(TransportShardReplicationOperationAction.java:185)
	at org.elasticsearch.transport.netty.MessageChannelHandler.handleRequest(MessageChannelHandler.java:212)
	at org.elasticsearch.transport.netty.MessageChannelHandler.messageReceived(MessageChannelHandler.java:109)
	at org.jboss.netty.channel.SimpleChannelUpstreamHandler.handleUpstream(SimpleChannelUpstreamHandler.java:70)
	at org.jboss.netty.channel.DefaultChannelPipeline.sendUpstream(DefaultChannelPipeline.java:564)
	at org.jboss.netty.channel.DefaultChannelPipeline$DefaultChannelHandlerContext.sendUpstream(DefaultChannelPipeline.java:791)
	at org.jboss.netty.channel.Channels.fireMessageReceived(Channels.java:296)
	at org.jboss.netty.handler.codec.frame.FrameDecoder.unfoldAndFireMessageReceived(FrameDecoder.java:462)
	at org.jboss.netty.handler.codec.frame.FrameDecoder.callDecode(FrameDecoder.java:443)
	at org.jboss.netty.handler.codec.frame.FrameDecoder.messageReceived(FrameDecoder.java:303)
	at org.jboss.netty.channel.SimpleChannelUpstreamHandler.handleUpstream(SimpleChannelUpstreamHandler.java:70)
	at org.jboss.netty.channel.DefaultChannelPipeline.sendUpstream(DefaultChannelPipeline.java:564)
	at org.jboss.netty.channel.DefaultChannelPipeline$DefaultChannelHandlerContext.sendUpstream(DefaultChannelPipeline.java:791)
	at org.elasticsearch.common.netty.OpenChannelsHandler.handleUpstream(OpenChannelsHandler.java:74)
	at org.jboss.netty.channel.DefaultChannelPipeline.sendUpstream(DefaultChannelPipeline.java:564)
	at org.jboss.netty.channel.DefaultChannelPipeline.sendUpstream(DefaultChannelPipeline.java:559)
	at org.jboss.netty.channel.Channels.fireMessageReceived(Channels.java:268)
	at org.jboss.netty.channel.Channels.fireMessageReceived(Channels.java:255)
	at org.jboss.netty.channel.socket.nio.NioWorker.read(NioWorker.java:88)
	at org.jboss.netty.channel.socket.nio.AbstractNioWorker.process(AbstractNioWorker.java:108)
	at org.jboss.netty.channel.socket.nio.AbstractNioSelector.run(AbstractNioSelector.java:318)
	at org.jboss.netty.channel.socket.nio.AbstractNioWorker.run(AbstractNioWorker.java:89)
	at org.jboss.netty.channel.socket.nio.NioWorker.run(NioWorker.java:178)
	at org.jboss.netty.util.ThreadRenamingRunnable.run(ThreadRenamingRunnable.java:108)
	at org.jboss.netty.util.internal.DeadLockProofWorker$1.run(DeadLockProofWorker.java:42)
	at java.util.concurrent.ThreadPoolExecutor.runWorker(ThreadPoolExecutor.java:1145)
	at java.util.concurrent.ThreadPoolExecutor$Worker.run(ThreadPoolExecutor.java:615)
	at java.lang.Thread.run(Thread.java:744)
[2014-02-18 16:01:57,263][INFO ][indices.mapping          ] Action Failed
org.elasticsearch.transport.RemoteTransportException: [node_1][inet[/10.1.10.75:9301]][index]
Caused by: org.elasticsearch.common.util.concurrent.EsRejectedExecutionException: rejected execution (queue capacity 200) on org.elasticsearch.action.support.replication.TransportShardReplicationOperationAction$AsyncShardOperationAction$1@1656e40f
	at org.elasticsearch.common.util.concurrent.EsAbortPolicy.rejectedExecution(EsAbortPolicy.java:62)
	at java.util.concurrent.ThreadPoolExecutor.reject(ThreadPoolExecutor.java:821)
	at java.util.concurrent.ThreadPoolExecutor.execute(ThreadPoolExecutor.java:1372)
	at org.elasticsearch.action.support.replication.TransportShardReplicationOperationAction$AsyncShardOperationAction.start(TransportShardReplicationOperationAction.java:422)
	at org.elasticsearch.action.support.replication.TransportShardReplicationOperationAction$AsyncShardOperationAction.start(TransportShardReplicationOperationAction.java:330)
	at org.elasticsearch.action.support.replication.TransportShardReplicationOperationAction.doExecute(TransportShardReplicationOperationAction.java:101)
	at org.elasticsearch.action.index.TransportIndexAction.innerExecute(TransportIndexAction.java:134)
	at org.elasticsearch.action.index.TransportIndexAction.doExecute(TransportIndexAction.java:116)
	at org.elasticsearch.action.index.TransportIndexAction.doExecute(TransportIndexAction.java:66)
	at org.elasticsearch.action.support.TransportAction.execute(TransportAction.java:63)
	at org.elasticsearch.action.support.replication.TransportShardReplicationOperationAction$OperationTransportHandler.messageReceived(TransportShardReplicationOperationAction.java:203)
	at org.elasticsearch.action.support.replication.TransportShardReplicationOperationAction$OperationTransportHandler.messageReceived(TransportShardReplicationOperationAction.java:185)
	at org.elasticsearch.transport.netty.MessageChannelHandler.handleRequest(MessageChannelHandler.java:212)
	at org.elasticsearch.transport.netty.MessageChannelHandler.messageReceived(MessageChannelHandler.java:109)
	at org.jboss.netty.channel.SimpleChannelUpstreamHandler.handleUpstream(SimpleChannelUpstreamHandler.java:70)
	at org.jboss.netty.channel.DefaultChannelPipeline.sendUpstream(DefaultChannelPipeline.java:564)
	at org.jboss.netty.channel.DefaultChannelPipeline$DefaultChannelHandlerContext.sendUpstream(DefaultChannelPipeline.java:791)
	at org.jboss.netty.channel.Channels.fireMessageReceived(Channels.java:296)
	at org.jboss.netty.handler.codec.frame.FrameDecoder.unfoldAndFireMessageReceived(FrameDecoder.java:462)
	at org.jboss.netty.handler.codec.frame.FrameDecoder.callDecode(FrameDecoder.java:443)
	at org.jboss.netty.handler.codec.frame.FrameDecoder.messageReceived(FrameDecoder.java:303)
	at org.jboss.netty.channel.SimpleChannelUpstreamHandler.handleUpstream(SimpleChannelUpstreamHandler.java:70)
	at org.jboss.netty.channel.DefaultChannelPipeline.sendUpstream(DefaultChannelPipeline.java:564)
	at org.jboss.netty.channel.DefaultChannelPipeline$DefaultChannelHandlerContext.sendUpstream(DefaultChannelPipeline.java:791)
	at org.elasticsearch.common.netty.OpenChannelsHandler.handleUpstream(OpenChannelsHandler.java:74)
	at org.jboss.netty.channel.DefaultChannelPipeline.sendUpstream(DefaultChannelPipeline.java:564)
	at org.jboss.netty.channel.DefaultChannelPipeline.sendUpstream(DefaultChannelPipeline.java:559)
	at org.jboss.netty.channel.Channels.fireMessageReceived(Channels.java:268)
	at org.jboss.netty.channel.Channels.fireMessageReceived(Channels.java:255)
	at org.jboss.netty.channel.socket.nio.NioWorker.read(NioWorker.java:88)
	at org.jboss.netty.channel.socket.nio.AbstractNioWorker.process(AbstractNioWorker.java:108)
	at org.jboss.netty.channel.socket.nio.AbstractNioSelector.run(AbstractNioSelector.java:318)
	at org.jboss.netty.channel.socket.nio.AbstractNioWorker.run(AbstractNioWorker.java:89)
	at org.jboss.netty.channel.socket.nio.NioWorker.run(NioWorker.java:178)
	at org.jboss.netty.util.ThreadRenamingRunnable.run(ThreadRenamingRunnable.java:108)
	at org.jboss.netty.util.internal.DeadLockProofWorker$1.run(DeadLockProofWorker.java:42)
	at java.util.concurrent.ThreadPoolExecutor.runWorker(ThreadPoolExecutor.java:1145)
	at java.util.concurrent.ThreadPoolExecutor$Worker.run(ThreadPoolExecutor.java:615)
	at java.lang.Thread.run(Thread.java:744)
[2014-02-18 16:01:57,262][INFO ][cluster.metadata         ] [node_0] [test] update_mapping [type2] (dynamic)
[2014-02-18 16:01:57,261][INFO ][indices.mapping          ] Action Failed
org.elasticsearch.transport.RemoteTransportException: [node_1][inet[/10.1.10.75:9301]][index]
Caused by: org.elasticsearch.common.util.concurrent.EsRejectedExecutionException: rejected execution (queue capacity 200) on org.elasticsearch.action.support.replication.TransportShardReplicationOperationAction$AsyncShardOperationAction$1@4352f8c5
	at org.elasticsearch.common.util.concurrent.EsAbortPolicy.rejectedExecution(EsAbortPolicy.java:62)
	at java.util.concurrent.ThreadPoolExecutor.reject(ThreadPoolExecutor.java:821)
	at java.util.concurrent.ThreadPoolExecutor.execute(ThreadPoolExecutor.java:1372)
	at org.elasticsearch.action.support.replication.TransportShardReplicationOperationAction$AsyncShardOperationAction.start(TransportShardReplicationOperationAction.java:422)
	at org.elasticsearch.action.support.replication.TransportShardReplicationOperationAction$AsyncShardOperationAction.start(TransportShardReplicationOperationAction.java:330)
	at org.elasticsearch.action.support.replication.TransportShardReplicationOperationAction.doExecute(TransportShardReplicationOperationAction.java:101)
	at org.elasticsearch.action.index.TransportIndexAction.innerExecute(TransportIndexAction.java:134)
	at org.elasticsearch.action.index.TransportIndexAction.doExecute(TransportIndexAction.java:116)
	at org.elasticsearch.action.index.TransportIndexAction.doExecute(TransportIndexAction.java:66)
	at org.elasticsearch.action.support.TransportAction.execute(TransportAction.java:63)
	at org.elasticsearch.action.support.replication.TransportShardReplicationOperationAction$OperationTransportHandler.messageReceived(TransportShardReplicationOperationAction.java:203)
	at org.elasticsearch.action.support.replication.TransportShardReplicationOperationAction$OperationTransportHandler.messageReceived(TransportShardReplicationOperationAction.java:185)
	at org.elasticsearch.transport.netty.MessageChannelHandler.handleRequest(MessageChannelHandler.java:212)
	at org.elasticsearch.transport.netty.MessageChannelHandler.messageReceived(MessageChannelHandler.java:109)
	at org.jboss.netty.channel.SimpleChannelUpstreamHandler.handleUpstream(SimpleChannelUpstreamHandler.java:70)
	at org.jboss.netty.channel.DefaultChannelPipeline.sendUpstream(DefaultChannelPipeline.java:564)
	at org.jboss.netty.channel.DefaultChannelPipeline$DefaultChannelHandlerContext.sendUpstream(DefaultChannelPipeline.java:791)
	at org.jboss.netty.channel.Channels.fireMessageReceived(Channels.java:296)
	at org.jboss.netty.handler.codec.frame.FrameDecoder.unfoldAndFireMessageReceived(FrameDecoder.java:462)
	at org.jboss.netty.handler.codec.frame.FrameDecoder.callDecode(FrameDecoder.java:443)
	at org.jboss.netty.handler.codec.frame.FrameDecoder.messageReceived(FrameDecoder.java:303)
	at org.jboss.netty.channel.SimpleChannelUpstreamHandler.handleUpstream(SimpleChannelUpstreamHandler.java:70)
	at org.jboss.netty.channel.DefaultChannelPipeline.sendUpstream(DefaultChannelPipeline.java:564)
	at org.jboss.netty.channel.DefaultChannelPipeline$DefaultChannelHandlerContext.sendUpstream(DefaultChannelPipeline.java:791)
	at org.elasticsearch.common.netty.OpenChannelsHandler.handleUpstream(OpenChannelsHandler.java:74)
	at org.jboss.netty.channel.DefaultChannelPipeline.sendUpstream(DefaultChannelPipeline.java:564)
	at org.jboss.netty.channel.DefaultChannelPipeline.sendUpstream(DefaultChannelPipeline.java:559)
	at org.jboss.netty.channel.Channels.fireMessageReceived(Channels.java:268)
	at org.jboss.netty.channel.Channels.fireMessageReceived(Channels.java:255)
	at org.jboss.netty.channel.socket.nio.NioWorker.read(NioWorker.java:88)
	at org.jboss.netty.channel.socket.nio.AbstractNioWorker.process(AbstractNioWorker.java:108)
	at org.jboss.netty.channel.socket.nio.AbstractNioSelector.run(AbstractNioSelector.java:318)
	at org.jboss.netty.channel.socket.nio.AbstractNioWorker.run(AbstractNioWorker.java:89)
	at org.jboss.netty.channel.socket.nio.NioWorker.run(NioWorker.java:178)
	at org.jboss.netty.util.ThreadRenamingRunnable.run(ThreadRenamingRunnable.java:108)
	at org.jboss.netty.util.internal.DeadLockProofWorker$1.run(DeadLockProofWorker.java:42)
	at java.util.concurrent.ThreadPoolExecutor.runWorker(ThreadPoolExecutor.java:1145)
	at java.util.concurrent.ThreadPoolExecutor$Worker.run(ThreadPoolExecutor.java:615)
	at java.lang.Thread.run(Thread.java:744)
[2014-02-18 16:01:57,259][INFO ][indices.mapping          ] Action Failed
org.elasticsearch.transport.RemoteTransportException: [node_1][inet[/10.1.10.75:9301]][index]
Caused by: org.elasticsearch.common.util.concurrent.EsRejectedExecutionException: rejected execution (queue capacity 200) on org.elasticsearch.action.support.replication.TransportShardReplicationOperationAction$AsyncShardOperationAction$1@25ea7f3c
	at org.elasticsearch.common.util.concurrent.EsAbortPolicy.rejectedExecution(EsAbortPolicy.java:62)
	at java.util.concurrent.ThreadPoolExecutor.reject(ThreadPoolExecutor.java:821)
	at java.util.concurrent.ThreadPoolExecutor.execute(ThreadPoolExecutor.java:1372)
	at org.elasticsearch.action.support.replication.TransportShardReplicationOperationAction$AsyncShardOperationAction.start(TransportShardReplicationOperationAction.java:422)
	at org.elasticsearch.action.support.replication.TransportShardReplicationOperationAction$AsyncShardOperationAction.start(TransportShardReplicationOperationAction.java:330)
	at org.elasticsearch.action.support.replication.TransportShardReplicationOperationAction.doExecute(TransportShardReplicationOperationAction.java:101)
	at org.elasticsearch.action.index.TransportIndexAction.innerExecute(TransportIndexAction.java:134)
	at org.elasticsearch.action.index.TransportIndexAction.doExecute(TransportIndexAction.java:116)
	at org.elasticsearch.action.index.TransportIndexAction.doExecute(TransportIndexAction.java:66)
	at org.elasticsearch.action.support.TransportAction.execute(TransportAction.java:63)
	at org.elasticsearch.action.support.replication.TransportShardReplicationOperationAction$OperationTransportHandler.messageReceived(TransportShardReplicationOperationAction.java:203)
	at org.elasticsearch.action.support.replication.TransportShardReplicationOperationAction$OperationTransportHandler.messageReceived(TransportShardReplicationOperationAction.java:185)
	at org.elasticsearch.transport.netty.MessageChannelHandler.handleRequest(MessageChannelHandler.java:212)
	at org.elasticsearch.transport.netty.MessageChannelHandler.messageReceived(MessageChannelHandler.java:109)
	at org.jboss.netty.channel.SimpleChannelUpstreamHandler.handleUpstream(SimpleChannelUpstreamHandler.java:70)
	at org.jboss.netty.channel.DefaultChannelPipeline.sendUpstream(DefaultChannelPipeline.java:564)
	at org.jboss.netty.channel.DefaultChannelPipeline$DefaultChannelHandlerContext.sendUpstream(DefaultChannelPipeline.java:791)
	at org.jboss.netty.channel.Channels.fireMessageReceived(Channels.java:296)
	at org.jboss.netty.handler.codec.frame.FrameDecoder.unfoldAndFireMessageReceived(FrameDecoder.java:462)
	at org.jboss.netty.handler.codec.frame.FrameDecoder.callDecode(FrameDecoder.java:443)
	at org.jboss.netty.handler.codec.frame.FrameDecoder.messageReceived(FrameDecoder.java:303)
	at org.jboss.netty.channel.SimpleChannelUpstreamHandler.handleUpstream(SimpleChannelUpstreamHandler.java:70)
	at org.jboss.netty.channel.DefaultChannelPipeline.sendUpstream(DefaultChannelPipeline.java:564)
	at org.jboss.netty.channel.DefaultChannelPipeline$DefaultChannelHandlerContext.sendUpstream(DefaultChannelPipeline.java:791)
	at org.elasticsearch.common.netty.OpenChannelsHandler.handleUpstream(OpenChannelsHandler.java:74)
	at org.jboss.netty.channel.DefaultChannelPipeline.sendUpstream(DefaultChannelPipeline.java:564)
	at org.jboss.netty.channel.DefaultChannelPipeline.sendUpstream(DefaultChannelPipeline.java:559)
	at org.jboss.netty.channel.Channels.fireMessageReceived(Channels.java:268)
	at org.jboss.netty.channel.Channels.fireMessageReceived(Channels.java:255)
	at org.jboss.netty.channel.socket.nio.NioWorker.read(NioWorker.java:88)
	at org.jboss.netty.channel.socket.nio.AbstractNioWorker.process(AbstractNioWorker.java:108)
	at org.jboss.netty.channel.socket.nio.AbstractNioSelector.run(AbstractNioSelector.java:318)
	at org.jboss.netty.channel.socket.nio.AbstractNioWorker.run(AbstractNioWorker.java:89)
	at org.jboss.netty.channel.socket.nio.NioWorker.run(NioWorker.java:178)
	at org.jboss.netty.util.ThreadRenamingRunnable.run(ThreadRenamingRunnable.java:108)
	at org.jboss.netty.util.internal.DeadLockProofWorker$1.run(DeadLockProofWorker.java:42)
	at java.util.concurrent.ThreadPoolExecutor.runWorker(ThreadPoolExecutor.java:1145)
	at java.util.concurrent.ThreadPoolExecutor$Worker.run(ThreadPoolExecutor.java:615)
	at java.lang.Thread.run(Thread.java:744)
[2014-02-18 16:01:57,255][INFO ][indices.mapping          ] Action Failed
org.elasticsearch.transport.RemoteTransportException: [node_1][inet[/10.1.10.75:9301]][index]
Caused by: org.elasticsearch.common.util.concurrent.EsRejectedExecutionException: rejected execution (queue capacity 200) on org.elasticsearch.action.support.replication.TransportShardReplicationOperationAction$AsyncShardOperationAction$1@76f8d381
	at org.elasticsearch.common.util.concurrent.EsAbortPolicy.rejectedExecution(EsAbortPolicy.java:62)
	at java.util.concurrent.ThreadPoolExecutor.reject(ThreadPoolExecutor.java:821)
	at java.util.concurrent.ThreadPoolExecutor.execute(ThreadPoolExecutor.java:1372)
	at org.elasticsearch.action.support.replication.TransportShardReplicationOperationAction$AsyncShardOperationAction.start(TransportShardReplicationOperationAction.java:422)
	at org.elasticsearch.action.support.replication.TransportShardReplicationOperationAction$AsyncShardOperationAction.start(TransportShardReplicationOperationAction.java:330)
	at org.elasticsearch.action.support.replication.TransportShardReplicationOperationAction.doExecute(TransportShardReplicationOperationAction.java:101)
	at org.elasticsearch.action.index.TransportIndexAction.innerExecute(TransportIndexAction.java:134)
	at org.elasticsearch.action.index.TransportIndexAction.doExecute(TransportIndexAction.java:116)
	at org.elasticsearch.action.index.TransportIndexAction.doExecute(TransportIndexAction.java:66)
	at org.elasticsearch.action.support.TransportAction.execute(TransportAction.java:63)
	at org.elasticsearch.action.support.replication.TransportShardReplicationOperationAction$OperationTransportHandler.messageReceived(TransportShardReplicationOperationAction.java:203)
	at org.elasticsearch.action.support.replication.TransportShardReplicationOperationAction$OperationTransportHandler.messageReceived(TransportShardReplicationOperationAction.java:185)
	at org.elasticsearch.transport.netty.MessageChannelHandler.handleRequest(MessageChannelHandler.java:212)
	at org.elasticsearch.transport.netty.MessageChannelHandler.messageReceived(MessageChannelHandler.java:109)
	at org.jboss.netty.channel.SimpleChannelUpstreamHandler.handleUpstream(SimpleChannelUpstreamHandler.java:70)
	at org.jboss.netty.channel.DefaultChannelPipeline.sendUpstream(DefaultChannelPipeline.java:564)
	at org.jboss.netty.channel.DefaultChannelPipeline$DefaultChannelHandlerContext.sendUpstream(DefaultChannelPipeline.java:791)
	at org.jboss.netty.channel.Channels.fireMessageReceived(Channels.java:296)
	at org.jboss.netty.handler.codec.frame.FrameDecoder.unfoldAndFireMessageReceived(FrameDecoder.java:462)
	at org.jboss.netty.handler.codec.frame.FrameDecoder.callDecode(FrameDecoder.java:443)
	at org.jboss.netty.handler.codec.frame.FrameDecoder.messageReceived(FrameDecoder.java:303)
	at org.jboss.netty.channel.SimpleChannelUpstreamHandler.handleUpstream(SimpleChannelUpstreamHandler.java:70)
	at org.jboss.netty.channel.DefaultChannelPipeline.sendUpstream(DefaultChannelPipeline.java:564)
	at org.jboss.netty.channel.DefaultChannelPipeline$DefaultChannelHandlerContext.sendUpstream(DefaultChannelPipeline.java:791)
	at org.elasticsearch.common.netty.OpenChannelsHandler.handleUpstream(OpenChannelsHandler.java:74)
	at org.jboss.netty.channel.DefaultChannelPipeline.sendUpstream(DefaultChannelPipeline.java:564)
	at org.jboss.netty.channel.DefaultChannelPipeline.sendUpstream(DefaultChannelPipeline.java:559)
	at org.jboss.netty.channel.Channels.fireMessageReceived(Channels.java:268)
	at org.jboss.netty.channel.Channels.fireMessageReceived(Channels.java:255)
	at org.jboss.netty.channel.socket.nio.NioWorker.read(NioWorker.java:88)
	at org.jboss.netty.channel.socket.nio.AbstractNioWorker.process(AbstractNioWorker.java:108)
	at org.jboss.netty.channel.socket.nio.AbstractNioSelector.run(AbstractNioSelector.java:318)
	at org.jboss.netty.channel.socket.nio.AbstractNioWorker.run(AbstractNioWorker.java:89)
	at org.jboss.netty.channel.socket.nio.NioWorker.run(NioWorker.java:178)
	at org.jboss.netty.util.ThreadRenamingRunnable.run(ThreadRenamingRunnable.java:108)
	at org.jboss.netty.util.internal.DeadLockProofWorker$1.run(DeadLockProofWorker.java:42)
	at java.util.concurrent.ThreadPoolExecutor.runWorker(ThreadPoolExecutor.java:1145)
	at java.util.concurrent.ThreadPoolExecutor$Worker.run(ThreadPoolExecutor.java:615)
	at java.lang.Thread.run(Thread.java:744)
[2014-02-18 16:01:57,252][INFO ][indices.mapping          ] Action Failed
org.elasticsearch.transport.RemoteTransportException: [node_1][inet[/10.1.10.75:9301]][index]
Caused by: org.elasticsearch.common.util.concurrent.EsRejectedExecutionException: rejected execution (queue capacity 200) on org.elasticsearch.action.support.replication.TransportShardReplicationOperationAction$AsyncShardOperationAction$1@13a7e803
	at org.elasticsearch.common.util.concurrent.EsAbortPolicy.rejectedExecution(EsAbortPolicy.java:62)
	at java.util.concurrent.ThreadPoolExecutor.reject(ThreadPoolExecutor.java:821)
	at java.util.concurrent.ThreadPoolExecutor.execute(ThreadPoolExecutor.java:1372)
	at org.elasticsearch.action.support.replication.TransportShardReplicationOperationAction$AsyncShardOperationAction.start(TransportShardReplicationOperationAction.java:422)
	at org.elasticsearch.action.support.replication.TransportShardReplicationOperationAction$AsyncShardOperationAction.start(TransportShardReplicationOperationAction.java:330)
	at org.elasticsearch.action.support.replication.TransportShardReplicationOperationAction.doExecute(TransportShardReplicationOperationAction.java:101)
	at org.elasticsearch.action.index.TransportIndexAction.innerExecute(TransportIndexAction.java:134)
	at org.elasticsearch.action.index.TransportIndexAction.doExecute(TransportIndexAction.java:116)
	at org.elasticsearch.action.index.TransportIndexAction.doExecute(TransportIndexAction.java:66)
	at org.elasticsearch.action.support.TransportAction.execute(TransportAction.java:63)
	at org.elasticsearch.action.support.replication.TransportShardReplicationOperationAction$OperationTransportHandler.messageReceived(TransportShardReplicationOperationAction.java:203)
	at org.elasticsearch.action.support.replication.TransportShardReplicationOperationAction$OperationTransportHandler.messageReceived(TransportShardReplicationOperationAction.java:185)
	at org.elasticsearch.transport.netty.MessageChannelHandler.handleRequest(MessageChannelHandler.java:212)
	at org.elasticsearch.transport.netty.MessageChannelHandler.messageReceived(MessageChannelHandler.java:109)
	at org.jboss.netty.channel.SimpleChannelUpstreamHandler.handleUpstream(SimpleChannelUpstreamHandler.java:70)
	at org.jboss.netty.channel.DefaultChannelPipeline.sendUpstream(DefaultChannelPipeline.java:564)
	at org.jboss.netty.channel.DefaultChannelPipeline$DefaultChannelHandlerContext.sendUpstream(DefaultChannelPipeline.java:791)
	at org.jboss.netty.channel.Channels.fireMessageReceived(Channels.java:296)
	at org.jboss.netty.handler.codec.frame.FrameDecoder.unfoldAndFireMessageReceived(FrameDecoder.java:462)
	at org.jboss.netty.handler.codec.frame.FrameDecoder.callDecode(FrameDecoder.java:443)
	at org.jboss.netty.handler.codec.frame.FrameDecoder.messageReceived(FrameDecoder.java:303)
	at org.jboss.netty.channel.SimpleChannelUpstreamHandler.handleUpstream(SimpleChannelUpstreamHandler.java:70)
	at org.jboss.netty.channel.DefaultChannelPipeline.sendUpstream(DefaultChannelPipeline.java:564)
	at org.jboss.netty.channel.DefaultChannelPipeline$DefaultChannelHandlerContext.sendUpstream(DefaultChannelPipeline.java:791)
	at org.elasticsearch.common.netty.OpenChannelsHandler.handleUpstream(OpenChannelsHandler.java:74)
	at org.jboss.netty.channel.DefaultChannelPipeline.sendUpstream(DefaultChannelPipeline.java:564)
	at org.jboss.netty.channel.DefaultChannelPipeline.sendUpstream(DefaultChannelPipeline.java:559)
	at org.jboss.netty.channel.Channels.fireMessageReceived(Channels.java:268)
	at org.jboss.netty.channel.Channels.fireMessageReceived(Channels.java:255)
	at org.jboss.netty.channel.socket.nio.NioWorker.read(NioWorker.java:88)
	at org.jboss.netty.channel.socket.nio.AbstractNioWorker.process(AbstractNioWorker.java:108)
	at org.jboss.netty.channel.socket.nio.AbstractNioSelector.run(AbstractNioSelector.java:318)
	at org.jboss.netty.channel.socket.nio.AbstractNioWorker.run(AbstractNioWorker.java:89)
	at org.jboss.netty.channel.socket.nio.NioWorker.run(NioWorker.java:178)
	at org.jboss.netty.util.ThreadRenamingRunnable.run(ThreadRenamingRunnable.java:108)
	at org.jboss.netty.util.internal.DeadLockProofWorker$1.run(DeadLockProofWorker.java:42)
	at java.util.concurrent.ThreadPoolExecutor.runWorker(ThreadPoolExecutor.java:1145)
	at java.util.concurrent.ThreadPoolExecutor$Worker.run(ThreadPoolExecutor.java:615)
	at java.lang.Thread.run(Thread.java:744)
[2014-02-18 16:01:57,251][INFO ][indices.mapping          ] Action Failed
org.elasticsearch.transport.RemoteTransportException: [node_1][inet[/10.1.10.75:9301]][index]
Caused by: org.elasticsearch.common.util.concurrent.EsRejectedExecutionException: rejected execution (queue capacity 200) on org.elasticsearch.action.support.replication.TransportShardReplicationOperationAction$AsyncShardOperationAction$1@298f379a
	at org.elasticsearch.common.util.concurrent.EsAbortPolicy.rejectedExecution(EsAbortPolicy.java:62)
	at java.util.concurrent.ThreadPoolExecutor.reject(ThreadPoolExecutor.java:821)
	at java.util.concurrent.ThreadPoolExecutor.execute(ThreadPoolExecutor.java:1372)
	at org.elasticsearch.action.support.replication.TransportShardReplicationOperationAction$AsyncShardOperationAction.start(TransportShardReplicationOperationAction.java:422)
	at org.elasticsearch.action.support.replication.TransportShardReplicationOperationAction$AsyncShardOperationAction.start(TransportShardReplicationOperationAction.java:330)
	at org.elasticsearch.action.support.replication.TransportShardReplicationOperationAction.doExecute(TransportShardReplicationOperationAction.java:101)
	at org.elasticsearch.action.index.TransportIndexAction.innerExecute(TransportIndexAction.java:134)
	at org.elasticsearch.action.index.TransportIndexAction.doExecute(TransportIndexAction.java:116)
	at org.elasticsearch.action.index.TransportIndexAction.doExecute(TransportIndexAction.java:66)
	at org.elasticsearch.action.support.TransportAction.execute(TransportAction.java:63)
	at org.elasticsearch.action.support.replication.TransportShardReplicationOperationAction$OperationTransportHandler.messageReceived(TransportShardReplicationOperationAction.java:203)
	at org.elasticsearch.action.support.replication.TransportShardReplicationOperationAction$OperationTransportHandler.messageReceived(TransportShardReplicationOperationAction.java:185)
	at org.elasticsearch.transport.netty.MessageChannelHandler.handleRequest(MessageChannelHandler.java:212)
	at org.elasticsearch.transport.netty.MessageChannelHandler.messageReceived(MessageChannelHandler.java:109)
	at org.jboss.netty.channel.SimpleChannelUpstreamHandler.handleUpstream(SimpleChannelUpstreamHandler.java:70)
	at org.jboss.netty.channel.DefaultChannelPipeline.sendUpstream(DefaultChannelPipeline.java:564)
	at org.jboss.netty.channel.DefaultChannelPipeline$DefaultChannelHandlerContext.sendUpstream(DefaultChannelPipeline.java:791)
	at org.jboss.netty.channel.Channels.fireMessageReceived(Channels.java:296)
	at org.jboss.netty.handler.codec.frame.FrameDecoder.unfoldAndFireMessageReceived(FrameDecoder.java:462)
	at org.jboss.netty.handler.codec.frame.FrameDecoder.callDecode(FrameDecoder.java:443)
	at org.jboss.netty.handler.codec.frame.FrameDecoder.messageReceived(FrameDecoder.java:303)
	at org.jboss.netty.channel.SimpleChannelUpstreamHandler.handleUpstream(SimpleChannelUpstreamHandler.java:70)
	at org.jboss.netty.channel.DefaultChannelPipeline.sendUpstream(DefaultChannelPipeline.java:564)
	at org.jboss.netty.channel.DefaultChannelPipeline$DefaultChannelHandlerContext.sendUpstream(DefaultChannelPipeline.java:791)
	at org.elasticsearch.common.netty.OpenChannelsHandler.handleUpstream(OpenChannelsHandler.java:74)
	at org.jboss.netty.channel.DefaultChannelPipeline.sendUpstream(DefaultChannelPipeline.java:564)
	at org.jboss.netty.channel.DefaultChannelPipeline.sendUpstream(DefaultChannelPipeline.java:559)
	at org.jboss.netty.channel.Channels.fireMessageReceived(Channels.java:268)
	at org.jboss.netty.channel.Channels.fireMessageReceived(Channels.java:255)
	at org.jboss.netty.channel.socket.nio.NioWorker.read(NioWorker.java:88)
	at org.jboss.netty.channel.socket.nio.AbstractNioWorker.process(AbstractNioWorker.java:108)
	at org.jboss.netty.channel.socket.nio.AbstractNioSelector.run(AbstractNioSelector.java:318)
	at org.jboss.netty.channel.socket.nio.AbstractNioWorker.run(AbstractNioWorker.java:89)
	at org.jboss.netty.channel.socket.nio.NioWorker.run(NioWorker.java:178)
	at org.jboss.netty.util.ThreadRenamingRunnable.run(ThreadRenamingRunnable.java:108)
	at org.jboss.netty.util.internal.DeadLockProofWorker$1.run(DeadLockProofWorker.java:42)
	at java.util.concurrent.ThreadPoolExecutor.runWorker(ThreadPoolExecutor.java:1145)
	at java.util.concurrent.ThreadPoolExecutor$Worker.run(ThreadPoolExecutor.java:615)
	at java.lang.Thread.run(Thread.java:744)
[2014-02-18 16:01:57,287][INFO ][indices.mapping          ] Action Failed
org.elasticsearch.transport.RemoteTransportException: [node_1][inet[/10.1.10.75:9301]][index]
Caused by: org.elasticsearch.common.util.concurrent.EsRejectedExecutionException: rejected execution (queue capacity 200) on org.elasticsearch.action.support.replication.TransportShardReplicationOperationAction$AsyncShardOperationAction$1@2bceedd6
	at org.elasticsearch.common.util.concurrent.EsAbortPolicy.rejectedExecution(EsAbortPolicy.java:62)
	at java.util.concurrent.ThreadPoolExecutor.reject(ThreadPoolExecutor.java:821)
	at java.util.concurrent.ThreadPoolExecutor.execute(ThreadPoolExecutor.java:1372)
	at org.elasticsearch.action.support.replication.TransportShardReplicationOperationAction$AsyncShardOperationAction.start(TransportShardReplicationOperationAction.java:422)
	at org.elasticsearch.action.support.replication.TransportShardReplicationOperationAction$AsyncShardOperationAction.start(TransportShardReplicationOperationAction.java:330)
	at org.elasticsearch.action.support.replication.TransportShardReplicationOperationAction.doExecute(TransportShardReplicationOperationAction.java:101)
	at org.elasticsearch.action.index.TransportIndexAction.innerExecute(TransportIndexAction.java:134)
	at org.elasticsearch.action.index.TransportIndexAction.doExecute(TransportIndexAction.java:116)
	at org.elasticsearch.action.index.TransportIndexAction.doExecute(TransportIndexAction.java:66)
	at org.elasticsearch.action.support.TransportAction.execute(TransportAction.java:63)
	at org.elasticsearch.action.support.replication.TransportShardReplicationOperationAction$OperationTransportHandler.messageReceived(TransportShardReplicationOperationAction.java:203)
	at org.elasticsearch.action.support.replication.TransportShardReplicationOperationAction$OperationTransportHandler.messageReceived(TransportShardReplicationOperationAction.java:185)
	at org.elasticsearch.transport.netty.MessageChannelHandler.handleRequest(MessageChannelHandler.java:212)
	at org.elasticsearch.transport.netty.MessageChannelHandler.messageReceived(MessageChannelHandler.java:109)
	at org.jboss.netty.channel.SimpleChannelUpstreamHandler.handleUpstream(SimpleChannelUpstreamHandler.java:70)
	at org.jboss.netty.channel.DefaultChannelPipeline.sendUpstream(DefaultChannelPipeline.java:564)
	at org.jboss.netty.channel.DefaultChannelPipeline$DefaultChannelHandlerContext.sendUpstream(DefaultChannelPipeline.java:791)
	at org.jboss.netty.channel.Channels.fireMessageReceived(Channels.java:296)
	at org.jboss.netty.handler.codec.frame.FrameDecoder.unfoldAndFireMessageReceived(FrameDecoder.java:462)
	at org.jboss.netty.handler.codec.frame.FrameDecoder.callDecode(FrameDecoder.java:443)
	at org.jboss.netty.handler.codec.frame.FrameDecoder.messageReceived(FrameDecoder.java:303)
	at org.jboss.netty.channel.SimpleChannelUpstreamHandler.handleUpstream(SimpleChannelUpstreamHandler.java:70)
	at org.jboss.netty.channel.DefaultChannelPipeline.sendUpstream(DefaultChannelPipeline.java:564)
	at org.jboss.netty.channel.DefaultChannelPipeline$DefaultChannelHandlerContext.sendUpstream(DefaultChannelPipeline.java:791)
	at org.elasticsearch.common.netty.OpenChannelsHandler.handleUpstream(OpenChannelsHandler.java:74)
	at org.jboss.netty.channel.DefaultChannelPipeline.sendUpstream(DefaultChannelPipeline.java:564)
	at org.jboss.netty.channel.DefaultChannelPipeline.sendUpstream(DefaultChannelPipeline.java:559)
	at org.jboss.netty.channel.Channels.fireMessageReceived(Channels.java:268)
	at org.jboss.netty.channel.Channels.fireMessageReceived(Channels.java:255)
	at org.jboss.netty.channel.socket.nio.NioWorker.read(NioWorker.java:88)
	at org.jboss.netty.channel.socket.nio.AbstractNioWorker.process(AbstractNioWorker.java:108)
	at org.jboss.netty.channel.socket.nio.AbstractNioSelector.run(AbstractNioSelector.java:318)
	at org.jboss.netty.channel.socket.nio.AbstractNioWorker.run(AbstractNioWorker.java:89)
	at org.jboss.netty.channel.socket.nio.NioWorker.run(NioWorker.java:178)
	at org.jboss.netty.util.ThreadRenamingRunnable.run(ThreadRenamingRunnable.java:108)
	at org.jboss.netty.util.internal.DeadLockProofWorker$1.run(DeadLockProofWorker.java:42)
	at java.util.concurrent.ThreadPoolExecutor.runWorker(ThreadPoolExecutor.java:1145)
	at java.util.concurrent.ThreadPoolExecutor$Worker.run(ThreadPoolExecutor.java:615)
	at java.lang.Thread.run(Thread.java:744)
[2014-02-18 16:01:57,284][INFO ][indices.mapping          ] Action Failed
org.elasticsearch.transport.RemoteTransportException: [node_1][inet[/10.1.10.75:9301]][index]
Caused by: org.elasticsearch.common.util.concurrent.EsRejectedExecutionException: rejected execution (queue capacity 200) on org.elasticsearch.action.support.replication.TransportShardReplicationOperationAction$AsyncShardOperationAction$1@2fa128de
	at org.elasticsearch.common.util.concurrent.EsAbortPolicy.rejectedExecution(EsAbortPolicy.java:62)
	at java.util.concurrent.ThreadPoolExecutor.reject(ThreadPoolExecutor.java:821)
	at java.util.concurrent.ThreadPoolExecutor.execute(ThreadPoolExecutor.java:1372)
	at org.elasticsearch.action.support.replication.TransportShardReplicationOperationAction$AsyncShardOperationAction.start(TransportShardReplicationOperationAction.java:422)
	at org.elasticsearch.action.support.replication.TransportShardReplicationOperationAction$AsyncShardOperationAction.start(TransportShardReplicationOperationAction.java:330)
	at org.elasticsearch.action.support.replication.TransportShardReplicationOperationAction.doExecute(TransportShardReplicationOperationAction.java:101)
	at org.elasticsearch.action.index.TransportIndexAction.innerExecute(TransportIndexAction.java:134)
	at org.elasticsearch.action.index.TransportIndexAction.doExecute(TransportIndexAction.java:116)
	at org.elasticsearch.action.index.TransportIndexAction.doExecute(TransportIndexAction.java:66)
	at org.elasticsearch.action.support.TransportAction.execute(TransportAction.java:63)
	at org.elasticsearch.action.support.replication.TransportShardReplicationOperationAction$OperationTransportHandler.messageReceived(TransportShardReplicationOperationAction.java:203)
	at org.elasticsearch.action.support.replication.TransportShardReplicationOperationAction$OperationTransportHandler.messageReceived(TransportShardReplicationOperationAction.java:185)
	at org.elasticsearch.transport.netty.MessageChannelHandler.handleRequest(MessageChannelHandler.java:212)
	at org.elasticsearch.transport.netty.MessageChannelHandler.messageReceived(MessageChannelHandler.java:109)
	at org.jboss.netty.channel.SimpleChannelUpstreamHandler.handleUpstream(SimpleChannelUpstreamHandler.java:70)
	at org.jboss.netty.channel.DefaultChannelPipeline.sendUpstream(DefaultChannelPipeline.java:564)
	at org.jboss.netty.channel.DefaultChannelPipeline$DefaultChannelHandlerContext.sendUpstream(DefaultChannelPipeline.java:791)
	at org.jboss.netty.channel.Channels.fireMessageReceived(Channels.java:296)
	at org.jboss.netty.handler.codec.frame.FrameDecoder.unfoldAndFireMessageReceived(FrameDecoder.java:462)
	at org.jboss.netty.handler.codec.frame.FrameDecoder.callDecode(FrameDecoder.java:443)
	at org.jboss.netty.handler.codec.frame.FrameDecoder.messageReceived(FrameDecoder.java:303)
	at org.jboss.netty.channel.SimpleChannelUpstreamHandler.handleUpstream(SimpleChannelUpstreamHandler.java:70)
	at org.jboss.netty.channel.DefaultChannelPipeline.sendUpstream(DefaultChannelPipeline.java:564)
	at org.jboss.netty.channel.DefaultChannelPipeline$DefaultChannelHandlerContext.sendUpstream(DefaultChannelPipeline.java:791)
	at org.elasticsearch.common.netty.OpenChannelsHandler.handleUpstream(OpenChannelsHandler.java:74)
	at org.jboss.netty.channel.DefaultChannelPipeline.sendUpstream(DefaultChannelPipeline.java:564)
	at org.jboss.netty.channel.DefaultChannelPipeline.sendUpstream(DefaultChannelPipeline.java:559)
	at org.jboss.netty.channel.Channels.fireMessageReceived(Channels.java:268)
	at org.jboss.netty.channel.Channels.fireMessageReceived(Channels.java:255)
	at org.jboss.netty.channel.socket.nio.NioWorker.read(NioWorker.java:88)
	at org.jboss.netty.channel.socket.nio.AbstractNioWorker.process(AbstractNioWorker.java:108)
	at org.jboss.netty.channel.socket.nio.AbstractNioSelector.run(AbstractNioSelector.java:318)
	at org.jboss.netty.channel.socket.nio.AbstractNioWorker.run(AbstractNioWorker.java:89)
	at org.jboss.netty.channel.socket.nio.NioWorker.run(NioWorker.java:178)
	at org.jboss.netty.util.ThreadRenamingRunnable.run(ThreadRenamingRunnable.java:108)
	at org.jboss.netty.util.internal.DeadLockProofWorker$1.run(DeadLockProofWorker.java:42)
	at java.util.concurrent.ThreadPoolExecutor.runWorker(ThreadPoolExecutor.java:1145)
	at java.util.concurrent.ThreadPoolExecutor$Worker.run(ThreadPoolExecutor.java:615)
	at java.lang.Thread.run(Thread.java:744)
[2014-02-18 16:01:57,282][INFO ][indices.mapping          ] Action Failed
org.elasticsearch.transport.RemoteTransportException: [node_1][inet[/10.1.10.75:9301]][index]
Caused by: org.elasticsearch.common.util.concurrent.EsRejectedExecutionException: rejected execution (queue capacity 200) on org.elasticsearch.action.support.replication.TransportShardReplicationOperationAction$AsyncShardOperationAction$1@3e9b8106
	at org.elasticsearch.common.util.concurrent.EsAbortPolicy.rejectedExecution(EsAbortPolicy.java:62)
	at java.util.concurrent.ThreadPoolExecutor.reject(ThreadPoolExecutor.java:821)
	at java.util.concurrent.ThreadPoolExecutor.execute(ThreadPoolExecutor.java:1372)
	at org.elasticsearch.action.support.replication.TransportShardReplicationOperationAction$AsyncShardOperationAction.start(TransportShardReplicationOperationAction.java:422)
	at org.elasticsearch.action.support.replication.TransportShardReplicationOperationAction$AsyncShardOperationAction.start(TransportShardReplicationOperationAction.java:330)
	at org.elasticsearch.action.support.replication.TransportShardReplicationOperationAction.doExecute(TransportShardReplicationOperationAction.java:101)
	at org.elasticsearch.action.index.TransportIndexAction.innerExecute(TransportIndexAction.java:134)
	at org.elasticsearch.action.index.TransportIndexAction.doExecute(TransportIndexAction.java:116)
	at org.elasticsearch.action.index.TransportIndexAction.doExecute(TransportIndexAction.java:66)
	at org.elasticsearch.action.support.TransportAction.execute(TransportAction.java:63)
	at org.elasticsearch.action.support.replication.TransportShardReplicationOperationAction$OperationTransportHandler.messageReceived(TransportShardReplicationOperationAction.java:203)
	at org.elasticsearch.action.support.replication.TransportShardReplicationOperationAction$OperationTransportHandler.messageReceived(TransportShardReplicationOperationAction.java:185)
	at org.elasticsearch.transport.netty.MessageChannelHandler.handleRequest(MessageChannelHandler.java:212)
	at org.elasticsearch.transport.netty.MessageChannelHandler.messageReceived(MessageChannelHandler.java:109)
	at org.jboss.netty.channel.SimpleChannelUpstreamHandler.handleUpstream(SimpleChannelUpstreamHandler.java:70)
	at org.jboss.netty.channel.DefaultChannelPipeline.sendUpstream(DefaultChannelPipeline.java:564)
	at org.jboss.netty.channel.DefaultChannelPipeline$DefaultChannelHandlerContext.sendUpstream(DefaultChannelPipeline.java:791)
	at org.jboss.netty.channel.Channels.fireMessageReceived(Channels.java:296)
	at org.jboss.netty.handler.codec.frame.FrameDecoder.unfoldAndFireMessageReceived(FrameDecoder.java:462)
	at org.jboss.netty.handler.codec.frame.FrameDecoder.callDecode(FrameDecoder.java:443)
	at org.jboss.netty.handler.codec.frame.FrameDecoder.messageReceived(FrameDecoder.java:303)
	at org.jboss.netty.channel.SimpleChannelUpstreamHandler.handleUpstream(SimpleChannelUpstreamHandler.java:70)
	at org.jboss.netty.channel.DefaultChannelPipeline.sendUpstream(DefaultChannelPipeline.java:564)
	at org.jboss.netty.channel.DefaultChannelPipeline$DefaultChannelHandlerContext.sendUpstream(DefaultChannelPipeline.java:791)
	at org.elasticsearch.common.netty.OpenChannelsHandler.handleUpstream(OpenChannelsHandler.java:74)
	at org.jboss.netty.channel.DefaultChannelPipeline.sendUpstream(DefaultChannelPipeline.java:564)
	at org.jboss.netty.channel.DefaultChannelPipeline.sendUpstream(DefaultChannelPipeline.java:559)
	at org.jboss.netty.channel.Channels.fireMessageReceived(Channels.java:268)
	at org.jboss.netty.channel.Channels.fireMessageReceived(Channels.java:255)
	at org.jboss.netty.channel.socket.nio.NioWorker.read(NioWorker.java:88)
	at org.jboss.netty.channel.socket.nio.AbstractNioWorker.process(AbstractNioWorker.java:108)
	at org.jboss.netty.channel.socket.nio.AbstractNioSelector.run(AbstractNioSelector.java:318)
	at org.jboss.netty.channel.socket.nio.AbstractNioWorker.run(AbstractNioWorker.java:89)
	at org.jboss.netty.channel.socket.nio.NioWorker.run(NioWorker.java:178)
	at org.jboss.netty.util.ThreadRenamingRunnable.run(ThreadRenamingRunnable.java:108)
	at org.jboss.netty.util.internal.DeadLockProofWorker$1.run(DeadLockProofWorker.java:42)
	at java.util.concurrent.ThreadPoolExecutor.runWorker(ThreadPoolExecutor.java:1145)
	at java.util.concurrent.ThreadPoolExecutor$Worker.run(ThreadPoolExecutor.java:615)
	at java.lang.Thread.run(Thread.java:744)
[2014-02-18 16:01:57,281][INFO ][indices.mapping          ] Action Failed
org.elasticsearch.transport.RemoteTransportException: [node_1][inet[/10.1.10.75:9301]][index]
Caused by: org.elasticsearch.common.util.concurrent.EsRejectedExecutionException: rejected execution (queue capacity 200) on org.elasticsearch.action.support.replication.TransportShardReplicationOperationAction$AsyncShardOperationAction$1@e453f8e
	at org.elasticsearch.common.util.concurrent.EsAbortPolicy.rejectedExecution(EsAbortPolicy.java:62)
	at java.util.concurrent.ThreadPoolExecutor.reject(ThreadPoolExecutor.java:821)
	at java.util.concurrent.ThreadPoolExecutor.execute(ThreadPoolExecutor.java:1372)
	at org.elasticsearch.action.support.replication.TransportShardReplicationOperationAction$AsyncShardOperationAction.start(TransportShardReplicationOperationAction.java:422)
	at org.elasticsearch.action.support.replication.TransportShardReplicationOperationAction$AsyncShardOperationAction.start(TransportShardReplicationOperationAction.java:330)
	at org.elasticsearch.action.support.replication.TransportShardReplicationOperationAction.doExecute(TransportShardReplicationOperationAction.java:101)
	at org.elasticsearch.action.index.TransportIndexAction.innerExecute(TransportIndexAction.java:134)
	at org.elasticsearch.action.index.TransportIndexAction.doExecute(TransportIndexAction.java:116)
	at org.elasticsearch.action.index.TransportIndexAction.doExecute(TransportIndexAction.java:66)
	at org.elasticsearch.action.support.TransportAction.execute(TransportAction.java:63)
	at org.elasticsearch.action.support.replication.TransportShardReplicationOperationAction$OperationTransportHandler.messageReceived(TransportShardReplicationOperationAction.java:203)
	at org.elasticsearch.action.support.replication.TransportShardReplicationOperationAction$OperationTransportHandler.messageReceived(TransportShardReplicationOperationAction.java:185)
	at org.elasticsearch.transport.netty.MessageChannelHandler.handleRequest(MessageChannelHandler.java:212)
	at org.elasticsearch.transport.netty.MessageChannelHandler.messageReceived(MessageChannelHandler.java:109)
	at org.jboss.netty.channel.SimpleChannelUpstreamHandler.handleUpstream(SimpleChannelUpstreamHandler.java:70)
	at org.jboss.netty.channel.DefaultChannelPipeline.sendUpstream(DefaultChannelPipeline.java:564)
	at org.jboss.netty.channel.DefaultChannelPipeline$DefaultChannelHandlerContext.sendUpstream(DefaultChannelPipeline.java:791)
	at org.jboss.netty.channel.Channels.fireMessageReceived(Channels.java:296)
	at org.jboss.netty.handler.codec.frame.FrameDecoder.unfoldAndFireMessageReceived(FrameDecoder.java:462)
	at org.jboss.netty.handler.codec.frame.FrameDecoder.callDecode(FrameDecoder.java:443)
	at org.jboss.netty.handler.codec.frame.FrameDecoder.messageReceived(FrameDecoder.java:303)
	at org.jboss.netty.channel.SimpleChannelUpstreamHandler.handleUpstream(SimpleChannelUpstreamHandler.java:70)
	at org.jboss.netty.channel.DefaultChannelPipeline.sendUpstream(DefaultChannelPipeline.java:564)
	at org.jboss.netty.channel.DefaultChannelPipeline$DefaultChannelHandlerContext.sendUpstream(DefaultChannelPipeline.java:791)
	at org.elasticsearch.common.netty.OpenChannelsHandler.handleUpstream(OpenChannelsHandler.java:74)
	at org.jboss.netty.channel.DefaultChannelPipeline.sendUpstream(DefaultChannelPipeline.java:564)
	at org.jboss.netty.channel.DefaultChannelPipeline.sendUpstream(DefaultChannelPipeline.java:559)
	at org.jboss.netty.channel.Channels.fireMessageReceived(Channels.java:268)
	at org.jboss.netty.channel.Channels.fireMessageReceived(Channels.java:255)
	at org.jboss.netty.channel.socket.nio.NioWorker.read(NioWorker.java:88)
	at org.jboss.netty.channel.socket.nio.AbstractNioWorker.process(AbstractNioWorker.java:108)
	at org.jboss.netty.channel.socket.nio.AbstractNioSelector.run(AbstractNioSelector.java:318)
	at org.jboss.netty.channel.socket.nio.AbstractNioWorker.run(AbstractNioWorker.java:89)
	at org.jboss.netty.channel.socket.nio.NioWorker.run(NioWorker.java:178)
	at org.jboss.netty.util.ThreadRenamingRunnable.run(ThreadRenamingRunnable.java:108)
	at org.jboss.netty.util.internal.DeadLockProofWorker$1.run(DeadLockProofWorker.java:42)
	at java.util.concurrent.ThreadPoolExecutor.runWorker(ThreadPoolExecutor.java:1145)
	at java.util.concurrent.ThreadPoolExecutor$Worker.run(ThreadPoolExecutor.java:615)
	at java.lang.Thread.run(Thread.java:744)
[2014-02-18 16:01:57,279][INFO ][cluster.metadata         ] [node_0] [test] update_mapping [type0] (dynamic)
[2014-02-18 16:01:57,277][INFO ][indices.mapping          ] Action Failed
org.elasticsearch.transport.RemoteTransportException: [node_1][inet[/10.1.10.75:9301]][index]
Caused by: org.elasticsearch.common.util.concurrent.EsRejectedExecutionException: rejected execution (queue capacity 200) on org.elasticsearch.action.support.replication.TransportShardReplicationOperationAction$AsyncShardOperationAction$1@3a1e9295
	at org.elasticsearch.common.util.concurrent.EsAbortPolicy.rejectedExecution(EsAbortPolicy.java:62)
	at java.util.concurrent.ThreadPoolExecutor.reject(ThreadPoolExecutor.java:821)
	at java.util.concurrent.ThreadPoolExecutor.execute(ThreadPoolExecutor.java:1372)
	at org.elasticsearch.action.support.replication.TransportShardReplicationOperationAction$AsyncShardOperationAction.start(TransportShardReplicationOperationAction.java:422)
	at org.elasticsearch.action.support.replication.TransportShardReplicationOperationAction$AsyncShardOperationAction.start(TransportShardReplicationOperationAction.java:330)
	at org.elasticsearch.action.support.replication.TransportShardReplicationOperationAction.doExecute(TransportShardReplicationOperationAction.java:101)
	at org.elasticsearch.action.index.TransportIndexAction.innerExecute(TransportIndexAction.java:134)
	at org.elasticsearch.action.index.TransportIndexAction.doExecute(TransportIndexAction.java:116)
	at org.elasticsearch.action.index.TransportIndexAction.doExecute(TransportIndexAction.java:66)
	at org.elasticsearch.action.support.TransportAction.execute(TransportAction.java:63)
	at org.elasticsearch.action.support.replication.TransportShardReplicationOperationAction$OperationTransportHandler.messageReceived(TransportShardReplicationOperationAction.java:203)
	at org.elasticsearch.action.support.replication.TransportShardReplicationOperationAction$OperationTransportHandler.messageReceived(TransportShardReplicationOperationAction.java:185)
	at org.elasticsearch.transport.netty.MessageChannelHandler.handleRequest(MessageChannelHandler.java:212)
	at org.elasticsearch.transport.netty.MessageChannelHandler.messageReceived(MessageChannelHandler.java:109)
	at org.jboss.netty.channel.SimpleChannelUpstreamHandler.handleUpstream(SimpleChannelUpstreamHandler.java:70)
	at org.jboss.netty.channel.DefaultChannelPipeline.sendUpstream(DefaultChannelPipeline.java:564)
	at org.jboss.netty.channel.DefaultChannelPipeline$DefaultChannelHandlerContext.sendUpstream(DefaultChannelPipeline.java:791)
	at org.jboss.netty.channel.Channels.fireMessageReceived(Channels.java:296)
	at org.jboss.netty.handler.codec.frame.FrameDecoder.unfoldAndFireMessageReceived(FrameDecoder.java:462)
	at org.jboss.netty.handler.codec.frame.FrameDecoder.callDecode(FrameDecoder.java:443)
	at org.jboss.netty.handler.codec.frame.FrameDecoder.messageReceived(FrameDecoder.java:303)
	at org.jboss.netty.channel.SimpleChannelUpstreamHandler.handleUpstream(SimpleChannelUpstreamHandler.java:70)
	at org.jboss.netty.channel.DefaultChannelPipeline.sendUpstream(DefaultChannelPipeline.java:564)
	at org.jboss.netty.channel.DefaultChannelPipeline$DefaultChannelHandlerContext.sendUpstream(DefaultChannelPipeline.java:791)
	at org.elasticsearch.common.netty.OpenChannelsHandler.handleUpstream(OpenChannelsHandler.java:74)
	at org.jboss.netty.channel.DefaultChannelPipeline.sendUpstream(DefaultChannelPipeline.java:564)
	at org.jboss.netty.channel.DefaultChannelPipeline.sendUpstream(DefaultChannelPipeline.java:559)
	at org.jboss.netty.channel.Channels.fireMessageReceived(Channels.java:268)
	at org.jboss.netty.channel.Channels.fireMessageReceived(Channels.java:255)
	at org.jboss.netty.channel.socket.nio.NioWorker.read(NioWorker.java:88)
	at org.jboss.netty.channel.socket.nio.AbstractNioWorker.process(AbstractNioWorker.java:108)
	at org.jboss.netty.channel.socket.nio.AbstractNioSelector.run(AbstractNioSelector.java:318)
	at org.jboss.netty.channel.socket.nio.AbstractNioWorker.run(AbstractNioWorker.java:89)
	at org.jboss.netty.channel.socket.nio.NioWorker.run(NioWorker.java:178)
	at org.jboss.netty.util.ThreadRenamingRunnable.run(ThreadRenamingRunnable.java:108)
	at org.jboss.netty.util.internal.DeadLockProofWorker$1.run(DeadLockProofWorker.java:42)
	at java.util.concurrent.ThreadPoolExecutor.runWorker(ThreadPoolExecutor.java:1145)
	at java.util.concurrent.ThreadPoolExecutor$Worker.run(ThreadPoolExecutor.java:615)
	at java.lang.Thread.run(Thread.java:744)
[2014-02-18 16:01:57,273][INFO ][indices.mapping          ] Action Failed
org.elasticsearch.transport.RemoteTransportException: [node_1][inet[/10.1.10.75:9301]][index]
Caused by: org.elasticsearch.common.util.concurrent.EsRejectedExecutionException: rejected execution (queue capacity 200) on org.elasticsearch.action.support.replication.TransportShardReplicationOperationAction$AsyncShardOperationAction$1@2f6b7e05
	at org.elasticsearch.common.util.concurrent.EsAbortPolicy.rejectedExecution(EsAbortPolicy.java:62)
	at java.util.concurrent.ThreadPoolExecutor.reject(ThreadPoolExecutor.java:821)
	at java.util.concurrent.ThreadPoolExecutor.execute(ThreadPoolExecutor.java:1372)
	at org.elasticsearch.action.support.replication.TransportShardReplicationOperationAction$AsyncShardOperationAction.start(TransportShardReplicationOperationAction.java:422)
	at org.elasticsearch.action.support.replication.TransportShardReplicationOperationAction$AsyncShardOperationAction.start(TransportShardReplicationOperationAction.java:330)
	at org.elasticsearch.action.support.replication.TransportShardReplicationOperationAction.doExecute(TransportShardReplicationOperationAction.java:101)
	at org.elasticsearch.action.index.TransportIndexAction.innerExecute(TransportIndexAction.java:134)
	at org.elasticsearch.action.index.TransportIndexAction.doExecute(TransportIndexAction.java:116)
	at org.elasticsearch.action.index.TransportIndexAction.doExecute(TransportIndexAction.java:66)
	at org.elasticsearch.action.support.TransportAction.execute(TransportAction.java:63)
	at org.elasticsearch.action.support.replication.TransportShardReplicationOperationAction$OperationTransportHandler.messageReceived(TransportShardReplicationOperationAction.java:203)
	at org.elasticsearch.action.support.replication.TransportShardReplicationOperationAction$OperationTransportHandler.messageReceived(TransportShardReplicationOperationAction.java:185)
	at org.elasticsearch.transport.netty.MessageChannelHandler.handleRequest(MessageChannelHandler.java:212)
	at org.elasticsearch.transport.netty.MessageChannelHandler.messageReceived(MessageChannelHandler.java:109)
	at org.jboss.netty.channel.SimpleChannelUpstreamHandler.handleUpstream(SimpleChannelUpstreamHandler.java:70)
	at org.jboss.netty.channel.DefaultChannelPipeline.sendUpstream(DefaultChannelPipeline.java:564)
	at org.jboss.netty.channel.DefaultChannelPipeline$DefaultChannelHandlerContext.sendUpstream(DefaultChannelPipeline.java:791)
	at org.jboss.netty.channel.Channels.fireMessageReceived(Channels.java:296)
	at org.jboss.netty.handler.codec.frame.FrameDecoder.unfoldAndFireMessageReceived(FrameDecoder.java:462)
	at org.jboss.netty.handler.codec.frame.FrameDecoder.callDecode(FrameDecoder.java:443)
	at org.jboss.netty.handler.codec.frame.FrameDecoder.messageReceived(FrameDecoder.java:303)
	at org.jboss.netty.channel.SimpleChannelUpstreamHandler.handleUpstream(SimpleChannelUpstreamHandler.java:70)
	at org.jboss.netty.channel.DefaultChannelPipeline.sendUpstream(DefaultChannelPipeline.java:564)
	at org.jboss.netty.channel.DefaultChannelPipeline$DefaultChannelHandlerContext.sendUpstream(DefaultChannelPipeline.java:791)
	at org.elasticsearch.common.netty.OpenChannelsHandler.handleUpstream(OpenChannelsHandler.java:74)
	at org.jboss.netty.channel.DefaultChannelPipeline.sendUpstream(DefaultChannelPipeline.java:564)
	at org.jboss.netty.channel.DefaultChannelPipeline.sendUpstream(DefaultChannelPipeline.java:559)
	at org.jboss.netty.channel.Channels.fireMessageReceived(Channels.java:268)
	at org.jboss.netty.channel.Channels.fireMessageReceived(Channels.java:255)
	at org.jboss.netty.channel.socket.nio.NioWorker.read(NioWorker.java:88)
	at org.jboss.netty.channel.socket.nio.AbstractNioWorker.process(AbstractNioWorker.java:108)
	at org.jboss.netty.channel.socket.nio.AbstractNioSelector.run(AbstractNioSelector.java:318)
	at org.jboss.netty.channel.socket.nio.AbstractNioWorker.run(AbstractNioWorker.java:89)
	at org.jboss.netty.channel.socket.nio.NioWorker.run(NioWorker.java:178)
	at org.jboss.netty.util.ThreadRenamingRunnable.run(ThreadRenamingRunnable.java:108)
	at org.jboss.netty.util.internal.DeadLockProofWorker$1.run(DeadLockProofWorker.java:42)
	at java.util.concurrent.ThreadPoolExecutor.runWorker(ThreadPoolExecutor.java:1145)
	at java.util.concurrent.ThreadPoolExecutor$Worker.run(ThreadPoolExecutor.java:615)
	at java.lang.Thread.run(Thread.java:744)
[2014-02-18 16:01:57,271][INFO ][indices.mapping          ] Action Failed
org.elasticsearch.transport.RemoteTransportException: [node_1][inet[/10.1.10.75:9301]][index]
Caused by: org.elasticsearch.common.util.concurrent.EsRejectedExecutionException: rejected execution (queue capacity 200) on org.elasticsearch.action.support.replication.TransportShardReplicationOperationAction$AsyncShardOperationAction$1@fc555b
	at org.elasticsearch.common.util.concurrent.EsAbortPolicy.rejectedExecution(EsAbortPolicy.java:62)
	at java.util.concurrent.ThreadPoolExecutor.reject(ThreadPoolExecutor.java:821)
	at java.util.concurrent.ThreadPoolExecutor.execute(ThreadPoolExecutor.java:1372)
	at org.elasticsearch.action.support.replication.TransportShardReplicationOperationAction$AsyncShardOperationAction.start(TransportShardReplicationOperationAction.java:422)
	at org.elasticsearch.action.support.replication.TransportShardReplicationOperationAction$AsyncShardOperationAction.start(TransportShardReplicationOperationAction.java:330)
	at org.elasticsearch.action.support.replication.TransportShardReplicationOperationAction.doExecute(TransportShardReplicationOperationAction.java:101)
	at org.elasticsearch.action.index.TransportIndexAction.innerExecute(TransportIndexAction.java:134)
	at org.elasticsearch.action.index.TransportIndexAction.doExecute(TransportIndexAction.java:116)
	at org.elasticsearch.action.index.TransportIndexAction.doExecute(TransportIndexAction.java:66)
	at org.elasticsearch.action.support.TransportAction.execute(TransportAction.java:63)
	at org.elasticsearch.action.support.replication.TransportShardReplicationOperationAction$OperationTransportHandler.messageReceived(TransportShardReplicationOperationAction.java:203)
	at org.elasticsearch.action.support.replication.TransportShardReplicationOperationAction$OperationTransportHandler.messageReceived(TransportShardReplicationOperationAction.java:185)
	at org.elasticsearch.transport.netty.MessageChannelHandler.handleRequest(MessageChannelHandler.java:212)
	at org.elasticsearch.transport.netty.MessageChannelHandler.messageReceived(MessageChannelHandler.java:109)
	at org.jboss.netty.channel.SimpleChannelUpstreamHandler.handleUpstream(SimpleChannelUpstreamHandler.java:70)
	at org.jboss.netty.channel.DefaultChannelPipeline.sendUpstream(DefaultChannelPipeline.java:564)
	at org.jboss.netty.channel.DefaultChannelPipeline$DefaultChannelHandlerContext.sendUpstream(DefaultChannelPipeline.java:791)
	at org.jboss.netty.channel.Channels.fireMessageReceived(Channels.java:296)
	at org.jboss.netty.handler.codec.frame.FrameDecoder.unfoldAndFireMessageReceived(FrameDecoder.java:462)
	at org.jboss.netty.handler.codec.frame.FrameDecoder.callDecode(FrameDecoder.java:443)
	at org.jboss.netty.handler.codec.frame.FrameDecoder.messageReceived(FrameDecoder.java:303)
	at org.jboss.netty.channel.SimpleChannelUpstreamHandler.handleUpstream(SimpleChannelUpstreamHandler.java:70)
	at org.jboss.netty.channel.DefaultChannelPipeline.sendUpstream(DefaultChannelPipeline.java:564)
	at org.jboss.netty.channel.DefaultChannelPipeline$DefaultChannelHandlerContext.sendUpstream(DefaultChannelPipeline.java:791)
	at org.elasticsearch.common.netty.OpenChannelsHandler.handleUpstream(OpenChannelsHandler.java:74)
	at org.jboss.netty.channel.DefaultChannelPipeline.sendUpstream(DefaultChannelPipeline.java:564)
	at org.jboss.netty.channel.DefaultChannelPipeline.sendUpstream(DefaultChannelPipeline.java:559)
	at org.jboss.netty.channel.Channels.fireMessageReceived(Channels.java:268)
	at org.jboss.netty.channel.Channels.fireMessageReceived(Channels.java:255)
	at org.jboss.netty.channel.socket.nio.NioWorker.read(NioWorker.java:88)
	at org.jboss.netty.channel.socket.nio.AbstractNioWorker.process(AbstractNioWorker.java:108)
	at org.jboss.netty.channel.socket.nio.AbstractNioSelector.run(AbstractNioSelector.java:318)
	at org.jboss.netty.channel.socket.nio.AbstractNioWorker.run(AbstractNioWorker.java:89)
	at org.jboss.netty.channel.socket.nio.NioWorker.run(NioWorker.java:178)
	at org.jboss.netty.util.ThreadRenamingRunnable.run(ThreadRenamingRunnable.java:108)
	at org.jboss.netty.util.internal.DeadLockProofWorker$1.run(DeadLockProofWorker.java:42)
	at java.util.concurrent.ThreadPoolExecutor.runWorker(ThreadPoolExecutor.java:1145)
	at java.util.concurrent.ThreadPoolExecutor$Worker.run(ThreadPoolExecutor.java:615)
	at java.lang.Thread.run(Thread.java:744)
[2014-02-18 16:01:57,311][INFO ][indices.mapping          ] Action Failed
org.elasticsearch.transport.RemoteTransportException: [node_1][inet[/10.1.10.75:9301]][index]
Caused by: org.elasticsearch.common.util.concurrent.EsRejectedExecutionException: rejected execution (queue capacity 200) on org.elasticsearch.action.support.replication.TransportShardReplicationOperationAction$AsyncShardOperationAction$1@787918de
	at org.elasticsearch.common.util.concurrent.EsAbortPolicy.rejectedExecution(EsAbortPolicy.java:62)
	at java.util.concurrent.ThreadPoolExecutor.reject(ThreadPoolExecutor.java:821)
	at java.util.concurrent.ThreadPoolExecutor.execute(ThreadPoolExecutor.java:1372)
	at org.elasticsearch.action.support.replication.TransportShardReplicationOperationAction$AsyncShardOperationAction.start(TransportShardReplicationOperationAction.java:422)
	at org.elasticsearch.action.support.replication.TransportShardReplicationOperationAction$AsyncShardOperationAction.start(TransportShardReplicationOperationAction.java:330)
	at org.elasticsearch.action.support.replication.TransportShardReplicationOperationAction.doExecute(TransportShardReplicationOperationAction.java:101)
	at org.elasticsearch.action.index.TransportIndexAction.innerExecute(TransportIndexAction.java:134)
	at org.elasticsearch.action.index.TransportIndexAction.doExecute(TransportIndexAction.java:116)
	at org.elasticsearch.action.index.TransportIndexAction.doExecute(TransportIndexAction.java:66)
	at org.elasticsearch.action.support.TransportAction.execute(TransportAction.java:63)
	at org.elasticsearch.action.support.replication.TransportShardReplicationOperationAction$OperationTransportHandler.messageReceived(TransportShardReplicationOperationAction.java:203)
	at org.elasticsearch.action.support.replication.TransportShardReplicationOperationAction$OperationTransportHandler.messageReceived(TransportShardReplicationOperationAction.java:185)
	at org.elasticsearch.transport.netty.MessageChannelHandler.handleRequest(MessageChannelHandler.java:212)
	at org.elasticsearch.transport.netty.MessageChannelHandler.messageReceived(MessageChannelHandler.java:109)
	at org.jboss.netty.channel.SimpleChannelUpstreamHandler.handleUpstream(SimpleChannelUpstreamHandler.java:70)
	at org.jboss.netty.channel.DefaultChannelPipeline.sendUpstream(DefaultChannelPipeline.java:564)
	at org.jboss.netty.channel.DefaultChannelPipeline$DefaultChannelHandlerContext.sendUpstream(DefaultChannelPipeline.java:791)
	at org.jboss.netty.channel.Channels.fireMessageReceived(Channels.java:296)
	at org.jboss.netty.handler.codec.frame.FrameDecoder.unfoldAndFireMessageReceived(FrameDecoder.java:462)
	at org.jboss.netty.handler.codec.frame.FrameDecoder.callDecode(FrameDecoder.java:443)
	at org.jboss.netty.handler.codec.frame.FrameDecoder.messageReceived(FrameDecoder.java:303)
	at org.jboss.netty.channel.SimpleChannelUpstreamHandler.handleUpstream(SimpleChannelUpstreamHandler.java:70)
	at org.jboss.netty.channel.DefaultChannelPipeline.sendUpstream(DefaultChannelPipeline.java:564)
	at org.jboss.netty.channel.DefaultChannelPipeline$DefaultChannelHandlerContext.sendUpstream(DefaultChannelPipeline.java:791)
	at org.elasticsearch.common.netty.OpenChannelsHandler.handleUpstream(OpenChannelsHandler.java:74)
	at org.jboss.netty.channel.DefaultChannelPipeline.sendUpstream(DefaultChannelPipeline.java:564)
	at org.jboss.netty.channel.DefaultChannelPipeline.sendUpstream(DefaultChannelPipeline.java:559)
	at org.jboss.netty.channel.Channels.fireMessageReceived(Channels.java:268)
	at org.jboss.netty.channel.Channels.fireMessageReceived(Channels.java:255)
	at org.jboss.netty.channel.socket.nio.NioWorker.read(NioWorker.java:88)
	at org.jboss.netty.channel.socket.nio.AbstractNioWorker.process(AbstractNioWorker.java:108)
	at org.jboss.netty.channel.socket.nio.AbstractNioSelector.run(AbstractNioSelector.java:318)
	at org.jboss.netty.channel.socket.nio.AbstractNioWorker.run(AbstractNioWorker.java:89)
	at org.jboss.netty.channel.socket.nio.NioWorker.run(NioWorker.java:178)
	at org.jboss.netty.util.ThreadRenamingRunnable.run(ThreadRenamingRunnable.java:108)
	at org.jboss.netty.util.internal.DeadLockProofWorker$1.run(DeadLockProofWorker.java:42)
	at java.util.concurrent.ThreadPoolExecutor.runWorker(ThreadPoolExecutor.java:1145)
	at java.util.concurrent.ThreadPoolExecutor$Worker.run(ThreadPoolExecutor.java:615)
	at java.lang.Thread.run(Thread.java:744)
[2014-02-18 16:01:57,309][INFO ][cluster.metadata         ] [node_0] [test] update_mapping [type1] (dynamic)
[2014-02-18 16:01:57,309][INFO ][indices.mapping          ] Action Failed
org.elasticsearch.transport.RemoteTransportException: [node_1][inet[/10.1.10.75:9301]][index]
Caused by: org.elasticsearch.common.util.concurrent.EsRejectedExecutionException: rejected execution (queue capacity 200) on org.elasticsearch.action.support.replication.TransportShardReplicationOperationAction$AsyncShardOperationAction$1@4ed34284
	at org.elasticsearch.common.util.concurrent.EsAbortPolicy.rejectedExecution(EsAbortPolicy.java:62)
	at java.util.concurrent.ThreadPoolExecutor.reject(ThreadPoolExecutor.java:821)
	at java.util.concurrent.ThreadPoolExecutor.execute(ThreadPoolExecutor.java:1372)
	at org.elasticsearch.action.support.replication.TransportShardReplicationOperationAction$AsyncShardOperationAction.start(TransportShardReplicationOperationAction.java:422)
	at org.elasticsearch.action.support.replication.TransportShardReplicationOperationAction$AsyncShardOperationAction.start(TransportShardReplicationOperationAction.java:330)
	at org.elasticsearch.action.support.replication.TransportShardReplicationOperationAction.doExecute(TransportShardReplicationOperationAction.java:101)
	at org.elasticsearch.action.index.TransportIndexAction.innerExecute(TransportIndexAction.java:134)
	at org.elasticsearch.action.index.TransportIndexAction.doExecute(TransportIndexAction.java:116)
	at org.elasticsearch.action.index.TransportIndexAction.doExecute(TransportIndexAction.java:66)
	at org.elasticsearch.action.support.TransportAction.execute(TransportAction.java:63)
	at org.elasticsearch.action.support.replication.TransportShardReplicationOperationAction$OperationTransportHandler.messageReceived(TransportShardReplicationOperationAction.java:203)
	at org.elasticsearch.action.support.replication.TransportShardReplicationOperationAction$OperationTransportHandler.messageReceived(TransportShardReplicationOperationAction.java:185)
	at org.elasticsearch.transport.netty.MessageChannelHandler.handleRequest(MessageChannelHandler.java:212)
	at org.elasticsearch.transport.netty.MessageChannelHandler.messageReceived(MessageChannelHandler.java:109)
	at org.jboss.netty.channel.SimpleChannelUpstreamHandler.handleUpstream(SimpleChannelUpstreamHandler.java:70)
	at org.jboss.netty.channel.DefaultChannelPipeline.sendUpstream(DefaultChannelPipeline.java:564)
	at org.jboss.netty.channel.DefaultChannelPipeline$DefaultChannelHandlerContext.sendUpstream(DefaultChannelPipeline.java:791)
	at org.jboss.netty.channel.Channels.fireMessageReceived(Channels.java:296)
	at org.jboss.netty.handler.codec.frame.FrameDecoder.unfoldAndFireMessageReceived(FrameDecoder.java:462)
	at org.jboss.netty.handler.codec.frame.FrameDecoder.callDecode(FrameDecoder.java:443)
	at org.jboss.netty.handler.codec.frame.FrameDecoder.messageReceived(FrameDecoder.java:303)
	at org.jboss.netty.channel.SimpleChannelUpstreamHandler.handleUpstream(SimpleChannelUpstreamHandler.java:70)
	at org.jboss.netty.channel.DefaultChannelPipeline.sendUpstream(DefaultChannelPipeline.java:564)
	at org.jboss.netty.channel.DefaultChannelPipeline$DefaultChannelHandlerContext.sendUpstream(DefaultChannelPipeline.java:791)
	at org.elasticsearch.common.netty.OpenChannelsHandler.handleUpstream(OpenChannelsHandler.java:74)
	at org.jboss.netty.channel.DefaultChannelPipeline.sendUpstream(DefaultChannelPipeline.java:564)
	at org.jboss.netty.channel.DefaultChannelPipeline.sendUpstream(DefaultChannelPipeline.java:559)
	at org.jboss.netty.channel.Channels.fireMessageReceived(Channels.java:268)
	at org.jboss.netty.channel.Channels.fireMessageReceived(Channels.java:255)
	at org.jboss.netty.channel.socket.nio.NioWorker.read(NioWorker.java:88)
	at org.jboss.netty.channel.socket.nio.AbstractNioWorker.process(AbstractNioWorker.java:108)
	at org.jboss.netty.channel.socket.nio.AbstractNioSelector.run(AbstractNioSelector.java:318)
	at org.jboss.netty.channel.socket.nio.AbstractNioWorker.run(AbstractNioWorker.java:89)
	at org.jboss.netty.channel.socket.nio.NioWorker.run(NioWorker.java:178)
	at org.jboss.netty.util.ThreadRenamingRunnable.run(ThreadRenamingRunnable.java:108)
	at org.jboss.netty.util.internal.DeadLockProofWorker$1.run(DeadLockProofWorker.java:42)
	at java.util.concurrent.ThreadPoolExecutor.runWorker(ThreadPoolExecutor.java:1145)
	at java.util.concurrent.ThreadPoolExecutor$Worker.run(ThreadPoolExecutor.java:615)
	at java.lang.Thread.run(Thread.java:744)
[2014-02-18 16:01:57,307][INFO ][indices.mapping          ] Action Failed
org.elasticsearch.transport.RemoteTransportException: [node_1][inet[/10.1.10.75:9301]][index]
Caused by: org.elasticsearch.common.util.concurrent.EsRejectedExecutionException: rejected execution (queue capacity 200) on org.elasticsearch.action.support.replication.TransportShardReplicationOperationAction$AsyncShardOperationAction$1@2eca6579
	at org.elasticsearch.common.util.concurrent.EsAbortPolicy.rejectedExecution(EsAbortPolicy.java:62)
	at java.util.concurrent.ThreadPoolExecutor.reject(ThreadPoolExecutor.java:821)
	at java.util.concurrent.ThreadPoolExecutor.execute(ThreadPoolExecutor.java:1372)
	at org.elasticsearch.action.support.replication.TransportShardReplicationOperationAction$AsyncShardOperationAction.start(TransportShardReplicationOperationAction.java:422)
	at org.elasticsearch.action.support.replication.TransportShardReplicationOperationAction$AsyncShardOperationAction.start(TransportShardReplicationOperationAction.java:330)
	at org.elasticsearch.action.support.replication.TransportShardReplicationOperationAction.doExecute(TransportShardReplicationOperationAction.java:101)
	at org.elasticsearch.action.index.TransportIndexAction.innerExecute(TransportIndexAction.java:134)
	at org.elasticsearch.action.index.TransportIndexAction.doExecute(TransportIndexAction.java:116)
	at org.elasticsearch.action.index.TransportIndexAction.doExecute(TransportIndexAction.java:66)
	at org.elasticsearch.action.support.TransportAction.execute(TransportAction.java:63)
	at org.elasticsearch.action.support.replication.TransportShardReplicationOperationAction$OperationTransportHandler.messageReceived(TransportShardReplicationOperationAction.java:203)
	at org.elasticsearch.action.support.replication.TransportShardReplicationOperationAction$OperationTransportHandler.messageReceived(TransportShardReplicationOperationAction.java:185)
	at org.elasticsearch.transport.netty.MessageChannelHandler.handleRequest(MessageChannelHandler.java:212)
	at org.elasticsearch.transport.netty.MessageChannelHandler.messageReceived(MessageChannelHandler.java:109)
	at org.jboss.netty.channel.SimpleChannelUpstreamHandler.handleUpstream(SimpleChannelUpstreamHandler.java:70)
	at org.jboss.netty.channel.DefaultChannelPipeline.sendUpstream(DefaultChannelPipeline.java:564)
	at org.jboss.netty.channel.DefaultChannelPipeline$DefaultChannelHandlerContext.sendUpstream(DefaultChannelPipeline.java:791)
	at org.jboss.netty.channel.Channels.fireMessageReceived(Channels.java:296)
	at org.jboss.netty.handler.codec.frame.FrameDecoder.unfoldAndFireMessageReceived(FrameDecoder.java:462)
	at org.jboss.netty.handler.codec.frame.FrameDecoder.callDecode(FrameDecoder.java:443)
	at org.jboss.netty.handler.codec.frame.FrameDecoder.messageReceived(FrameDecoder.java:303)
	at org.jboss.netty.channel.SimpleChannelUpstreamHandler.handleUpstream(SimpleChannelUpstreamHandler.java:70)
	at org.jboss.netty.channel.DefaultChannelPipeline.sendUpstream(DefaultChannelPipeline.java:564)
	at org.jboss.netty.channel.DefaultChannelPipeline$DefaultChannelHandlerContext.sendUpstream(DefaultChannelPipeline.java:791)
	at org.elasticsearch.common.netty.OpenChannelsHandler.handleUpstream(OpenChannelsHandler.java:74)
	at org.jboss.netty.channel.DefaultChannelPipeline.sendUpstream(DefaultChannelPipeline.java:564)
	at org.jboss.netty.channel.DefaultChannelPipeline.sendUpstream(DefaultChannelPipeline.java:559)
	at org.jboss.netty.channel.Channels.fireMessageReceived(Channels.java:268)
	at org.jboss.netty.channel.Channels.fireMessageReceived(Channels.java:255)
	at org.jboss.netty.channel.socket.nio.NioWorker.read(NioWorker.java:88)
	at org.jboss.netty.channel.socket.nio.AbstractNioWorker.process(AbstractNioWorker.java:108)
	at org.jboss.netty.channel.socket.nio.AbstractNioSelector.run(AbstractNioSelector.java:318)
	at org.jboss.netty.channel.socket.nio.AbstractNioWorker.run(AbstractNioWorker.java:89)
	at org.jboss.netty.channel.socket.nio.NioWorker.run(NioWorker.java:178)
	at org.jboss.netty.util.ThreadRenamingRunnable.run(ThreadRenamingRunnable.java:108)
	at org.jboss.netty.util.internal.DeadLockProofWorker$1.run(DeadLockProofWorker.java:42)
	at java.util.concurrent.ThreadPoolExecutor.runWorker(ThreadPoolExecutor.java:1145)
	at java.util.concurrent.ThreadPoolExecutor$Worker.run(ThreadPoolExecutor.java:615)
	at java.lang.Thread.run(Thread.java:744)
[2014-02-18 16:01:57,305][INFO ][indices.mapping          ] Action Failed
org.elasticsearch.transport.RemoteTransportException: [node_1][inet[/10.1.10.75:9301]][index]
Caused by: org.elasticsearch.common.util.concurrent.EsRejectedExecutionException: rejected execution (queue capacity 200) on org.elasticsearch.action.support.replication.TransportShardReplicationOperationAction$AsyncShardOperationAction$1@2934e0a5
	at org.elasticsearch.common.util.concurrent.EsAbortPolicy.rejectedExecution(EsAbortPolicy.java:62)
	at java.util.concurrent.ThreadPoolExecutor.reject(ThreadPoolExecutor.java:821)
	at java.util.concurrent.ThreadPoolExecutor.execute(ThreadPoolExecutor.java:1372)
	at org.elasticsearch.action.support.replication.TransportShardReplicationOperationAction$AsyncShardOperationAction.start(TransportShardReplicationOperationAction.java:422)
	at org.elasticsearch.action.support.replication.TransportShardReplicationOperationAction$AsyncShardOperationAction.start(TransportShardReplicationOperationAction.java:330)
	at org.elasticsearch.action.support.replication.TransportShardReplicationOperationAction.doExecute(TransportShardReplicationOperationAction.java:101)
	at org.elasticsearch.action.index.TransportIndexAction.innerExecute(TransportIndexAction.java:134)
	at org.elasticsearch.action.index.TransportIndexAction.doExecute(TransportIndexAction.java:116)
	at org.elasticsearch.action.index.TransportIndexAction.doExecute(TransportIndexAction.java:66)
	at org.elasticsearch.action.support.TransportAction.execute(TransportAction.java:63)
	at org.elasticsearch.action.support.replication.TransportShardReplicationOperationAction$OperationTransportHandler.messageReceived(TransportShardReplicationOperationAction.java:203)
	at org.elasticsearch.action.support.replication.TransportShardReplicationOperationAction$OperationTransportHandler.messageReceived(TransportShardReplicationOperationAction.java:185)
	at org.elasticsearch.transport.netty.MessageChannelHandler.handleRequest(MessageChannelHandler.java:212)
	at org.elasticsearch.transport.netty.MessageChannelHandler.messageReceived(MessageChannelHandler.java:109)
	at org.jboss.netty.channel.SimpleChannelUpstreamHandler.handleUpstream(SimpleChannelUpstreamHandler.java:70)
	at org.jboss.netty.channel.DefaultChannelPipeline.sendUpstream(DefaultChannelPipeline.java:564)
	at org.jboss.netty.channel.DefaultChannelPipeline$DefaultChannelHandlerContext.sendUpstream(DefaultChannelPipeline.java:791)
	at org.jboss.netty.channel.Channels.fireMessageReceived(Channels.java:296)
	at org.jboss.netty.handler.codec.frame.FrameDecoder.unfoldAndFireMessageReceived(FrameDecoder.java:462)
	at org.jboss.netty.handler.codec.frame.FrameDecoder.callDecode(FrameDecoder.java:443)
	at org.jboss.netty.handler.codec.frame.FrameDecoder.messageReceived(FrameDecoder.java:303)
	at org.jboss.netty.channel.SimpleChannelUpstreamHandler.handleUpstream(SimpleChannelUpstreamHandler.java:70)
	at org.jboss.netty.channel.DefaultChannelPipeline.sendUpstream(DefaultChannelPipeline.java:564)
	at org.jboss.netty.channel.DefaultChannelPipeline$DefaultChannelHandlerContext.sendUpstream(DefaultChannelPipeline.java:791)
	at org.elasticsearch.common.netty.OpenChannelsHandler.handleUpstream(OpenChannelsHandler.java:74)
	at org.jboss.netty.channel.DefaultChannelPipeline.sendUpstream(DefaultChannelPipeline.java:564)
	at org.jboss.netty.channel.DefaultChannelPipeline.sendUpstream(DefaultChannelPipeline.java:559)
	at org.jboss.netty.channel.Channels.fireMessageReceived(Channels.java:268)
	at org.jboss.netty.channel.Channels.fireMessageReceived(Channels.java:255)
	at org.jboss.netty.channel.socket.nio.NioWorker.read(NioWorker.java:88)
	at org.jboss.netty.channel.socket.nio.AbstractNioWorker.process(AbstractNioWorker.java:108)
	at org.jboss.netty.channel.socket.nio.AbstractNioSelector.run(AbstractNioSelector.java:318)
	at org.jboss.netty.channel.socket.nio.AbstractNioWorker.run(AbstractNioWorker.java:89)
	at org.jboss.netty.channel.socket.nio.NioWorker.run(NioWorker.java:178)
	at org.jboss.netty.util.ThreadRenamingRunnable.run(ThreadRenamingRunnable.java:108)
	at org.jboss.netty.util.internal.DeadLockProofWorker$1.run(DeadLockProofWorker.java:42)
	at java.util.concurrent.ThreadPoolExecutor.runWorker(ThreadPoolExecutor.java:1145)
	at java.util.concurrent.ThreadPoolExecutor$Worker.run(ThreadPoolExecutor.java:615)
	at java.lang.Thread.run(Thread.java:744)
[2014-02-18 16:01:57,303][INFO ][indices.mapping          ] Action Failed
org.elasticsearch.transport.RemoteTransportException: [node_1][inet[/10.1.10.75:9301]][index]
Caused by: org.elasticsearch.common.util.concurrent.EsRejectedExecutionException: rejected execution (queue capacity 200) on org.elasticsearch.action.support.replication.TransportShardReplicationOperationAction$AsyncShardOperationAction$1@7947faeb
	at org.elasticsearch.common.util.concurrent.EsAbortPolicy.rejectedExecution(EsAbortPolicy.java:62)
	at java.util.concurrent.ThreadPoolExecutor.reject(ThreadPoolExecutor.java:821)
	at java.util.concurrent.ThreadPoolExecutor.execute(ThreadPoolExecutor.java:1372)
	at org.elasticsearch.action.support.replication.TransportShardReplicationOperationAction$AsyncShardOperationAction.start(TransportShardReplicationOperationAction.java:422)
	at org.elasticsearch.action.support.replication.TransportShardReplicationOperationAction$AsyncShardOperationAction.start(TransportShardReplicationOperationAction.java:330)
	at org.elasticsearch.action.support.replication.TransportShardReplicationOperationAction.doExecute(TransportShardReplicationOperationAction.java:101)
	at org.elasticsearch.action.index.TransportIndexAction.innerExecute(TransportIndexAction.java:134)
	at org.elasticsearch.action.index.TransportIndexAction.doExecute(TransportIndexAction.java:116)
	at org.elasticsearch.action.index.TransportIndexAction.doExecute(TransportIndexAction.java:66)
	at org.elasticsearch.action.support.TransportAction.execute(TransportAction.java:63)
	at org.elasticsearch.action.support.replication.TransportShardReplicationOperationAction$OperationTransportHandler.messageReceived(TransportShardReplicationOperationAction.java:203)
	at org.elasticsearch.action.support.replication.TransportShardReplicationOperationAction$OperationTransportHandler.messageReceived(TransportShardReplicationOperationAction.java:185)
	at org.elasticsearch.transport.netty.MessageChannelHandler.handleRequest(MessageChannelHandler.java:212)
	at org.elasticsearch.transport.netty.MessageChannelHandler.messageReceived(MessageChannelHandler.java:109)
	at org.jboss.netty.channel.SimpleChannelUpstreamHandler.handleUpstream(SimpleChannelUpstreamHandler.java:70)
	at org.jboss.netty.channel.DefaultChannelPipeline.sendUpstream(DefaultChannelPipeline.java:564)
	at org.jboss.netty.channel.DefaultChannelPipeline$DefaultChannelHandlerContext.sendUpstream(DefaultChannelPipeline.java:791)
	at org.jboss.netty.channel.Channels.fireMessageReceived(Channels.java:296)
	at org.jboss.netty.handler.codec.frame.FrameDecoder.unfoldAndFireMessageReceived(FrameDecoder.java:462)
	at org.jboss.netty.handler.codec.frame.FrameDecoder.callDecode(FrameDecoder.java:443)
	at org.jboss.netty.handler.codec.frame.FrameDecoder.messageReceived(FrameDecoder.java:303)
	at org.jboss.netty.channel.SimpleChannelUpstreamHandler.handleUpstream(SimpleChannelUpstreamHandler.java:70)
	at org.jboss.netty.channel.DefaultChannelPipeline.sendUpstream(DefaultChannelPipeline.java:564)
	at org.jboss.netty.channel.DefaultChannelPipeline$DefaultChannelHandlerContext.sendUpstream(DefaultChannelPipeline.java:791)
	at org.elasticsearch.common.netty.OpenChannelsHandler.handleUpstream(OpenChannelsHandler.java:74)
	at org.jboss.netty.channel.DefaultChannelPipeline.sendUpstream(DefaultChannelPipeline.java:564)
	at org.jboss.netty.channel.DefaultChannelPipeline.sendUpstream(DefaultChannelPipeline.java:559)
	at org.jboss.netty.channel.Channels.fireMessageReceived(Channels.java:268)
	at org.jboss.netty.channel.Channels.fireMessageReceived(Channels.java:255)
	at org.jboss.netty.channel.socket.nio.NioWorker.read(NioWorker.java:88)
	at org.jboss.netty.channel.socket.nio.AbstractNioWorker.process(AbstractNioWorker.java:108)
	at org.jboss.netty.channel.socket.nio.AbstractNioSelector.run(AbstractNioSelector.java:318)
	at org.jboss.netty.channel.socket.nio.AbstractNioWorker.run(AbstractNioWorker.java:89)
	at org.jboss.netty.channel.socket.nio.NioWorker.run(NioWorker.java:178)
	at org.jboss.netty.util.ThreadRenamingRunnable.run(ThreadRenamingRunnable.java:108)
	at org.jboss.netty.util.internal.DeadLockProofWorker$1.run(DeadLockProofWorker.java:42)
	at java.util.concurrent.ThreadPoolExecutor.runWorker(ThreadPoolExecutor.java:1145)
	at java.util.concurrent.ThreadPoolExecutor$Worker.run(ThreadPoolExecutor.java:615)
	at java.lang.Thread.run(Thread.java:744)
[2014-02-18 16:01:57,302][INFO ][indices.mapping          ] Action Failed
org.elasticsearch.transport.RemoteTransportException: [node_1][inet[/10.1.10.75:9301]][index]
Caused by: org.elasticsearch.common.util.concurrent.EsRejectedExecutionException: rejected execution (queue capacity 200) on org.elasticsearch.action.support.replication.TransportShardReplicationOperationAction$AsyncShardOperationAction$1@26eb7a17
	at org.elasticsearch.common.util.concurrent.EsAbortPolicy.rejectedExecution(EsAbortPolicy.java:62)
	at java.util.concurrent.ThreadPoolExecutor.reject(ThreadPoolExecutor.java:821)
	at java.util.concurrent.ThreadPoolExecutor.execute(ThreadPoolExecutor.java:1372)
	at org.elasticsearch.action.support.replication.TransportShardReplicationOperationAction$AsyncShardOperationAction.start(TransportShardReplicationOperationAction.java:422)
	at org.elasticsearch.action.support.replication.TransportShardReplicationOperationAction$AsyncShardOperationAction.start(TransportShardReplicationOperationAction.java:330)
	at org.elasticsearch.action.support.replication.TransportShardReplicationOperationAction.doExecute(TransportShardReplicationOperationAction.java:101)
	at org.elasticsearch.action.index.TransportIndexAction.innerExecute(TransportIndexAction.java:134)
	at org.elasticsearch.action.index.TransportIndexAction.doExecute(TransportIndexAction.java:116)
	at org.elasticsearch.action.index.TransportIndexAction.doExecute(TransportIndexAction.java:66)
	at org.elasticsearch.action.support.TransportAction.execute(TransportAction.java:63)
	at org.elasticsearch.action.support.replication.TransportShardReplicationOperationAction$OperationTransportHandler.messageReceived(TransportShardReplicationOperationAction.java:203)
	at org.elasticsearch.action.support.replication.TransportShardReplicationOperationAction$OperationTransportHandler.messageReceived(TransportShardReplicationOperationAction.java:185)
	at org.elasticsearch.transport.netty.MessageChannelHandler.handleRequest(MessageChannelHandler.java:212)
	at org.elasticsearch.transport.netty.MessageChannelHandler.messageReceived(MessageChannelHandler.java:109)
	at org.jboss.netty.channel.SimpleChannelUpstreamHandler.handleUpstream(SimpleChannelUpstreamHandler.java:70)
	at org.jboss.netty.channel.DefaultChannelPipeline.sendUpstream(DefaultChannelPipeline.java:564)
	at org.jboss.netty.channel.DefaultChannelPipeline$DefaultChannelHandlerContext.sendUpstream(DefaultChannelPipeline.java:791)
	at org.jboss.netty.channel.Channels.fireMessageReceived(Channels.java:296)
	at org.jboss.netty.handler.codec.frame.FrameDecoder.unfoldAndFireMessageReceived(FrameDecoder.java:462)
	at org.jboss.netty.handler.codec.frame.FrameDecoder.callDecode(FrameDecoder.java:443)
	at org.jboss.netty.handler.codec.frame.FrameDecoder.messageReceived(FrameDecoder.java:303)
	at org.jboss.netty.channel.SimpleChannelUpstreamHandler.handleUpstream(SimpleChannelUpstreamHandler.java:70)
	at org.jboss.netty.channel.DefaultChannelPipeline.sendUpstream(DefaultChannelPipeline.java:564)
	at org.jboss.netty.channel.DefaultChannelPipeline$DefaultChannelHandlerContext.sendUpstream(DefaultChannelPipeline.java:791)
	at org.elasticsearch.common.netty.OpenChannelsHandler.handleUpstream(OpenChannelsHandler.java:74)
	at org.jboss.netty.channel.DefaultChannelPipeline.sendUpstream(DefaultChannelPipeline.java:564)
	at org.jboss.netty.channel.DefaultChannelPipeline.sendUpstream(DefaultChannelPipeline.java:559)
	at org.jboss.netty.channel.Channels.fireMessageReceived(Channels.java:268)
	at org.jboss.netty.channel.Channels.fireMessageReceived(Channels.java:255)
	at org.jboss.netty.channel.socket.nio.NioWorker.read(NioWorker.java:88)
	at org.jboss.netty.channel.socket.nio.AbstractNioWorker.process(AbstractNioWorker.java:108)
	at org.jboss.netty.channel.socket.nio.AbstractNioSelector.run(AbstractNioSelector.java:318)
	at org.jboss.netty.channel.socket.nio.AbstractNioWorker.run(AbstractNioWorker.java:89)
	at org.jboss.netty.channel.socket.nio.NioWorker.run(NioWorker.java:178)
	at org.jboss.netty.util.ThreadRenamingRunnable.run(ThreadRenamingRunnable.java:108)
	at org.jboss.netty.util.internal.DeadLockProofWorker$1.run(DeadLockProofWorker.java:42)
	at java.util.concurrent.ThreadPoolExecutor.runWorker(ThreadPoolExecutor.java:1145)
	at java.util.concurrent.ThreadPoolExecutor$Worker.run(ThreadPoolExecutor.java:615)
	at java.lang.Thread.run(Thread.java:744)
[2014-02-18 16:01:57,323][INFO ][indices.mapping          ] Action Failed
org.elasticsearch.transport.RemoteTransportException: [node_1][inet[/10.1.10.75:9301]][index]
Caused by: org.elasticsearch.common.util.concurrent.EsRejectedExecutionException: rejected execution (queue capacity 200) on org.elasticsearch.action.support.replication.TransportShardReplicationOperationAction$AsyncShardOperationAction$1@74704cad
	at org.elasticsearch.common.util.concurrent.EsAbortPolicy.rejectedExecution(EsAbortPolicy.java:62)
	at java.util.concurrent.ThreadPoolExecutor.reject(ThreadPoolExecutor.java:821)
	at java.util.concurrent.ThreadPoolExecutor.execute(ThreadPoolExecutor.java:1372)
	at org.elasticsearch.action.support.replication.TransportShardReplicationOperationAction$AsyncShardOperationAction.start(TransportShardReplicationOperationAction.java:422)
	at org.elasticsearch.action.support.replication.TransportShardReplicationOperationAction$AsyncShardOperationAction.start(TransportShardReplicationOperationAction.java:330)
	at org.elasticsearch.action.support.replication.TransportShardReplicationOperationAction.doExecute(TransportShardReplicationOperationAction.java:101)
	at org.elasticsearch.action.index.TransportIndexAction.innerExecute(TransportIndexAction.java:134)
	at org.elasticsearch.action.index.TransportIndexAction.doExecute(TransportIndexAction.java:116)
	at org.elasticsearch.action.index.TransportIndexAction.doExecute(TransportIndexAction.java:66)
	at org.elasticsearch.action.support.TransportAction.execute(TransportAction.java:63)
	at org.elasticsearch.action.support.replication.TransportShardReplicationOperationAction$OperationTransportHandler.messageReceived(TransportShardReplicationOperationAction.java:203)
	at org.elasticsearch.action.support.replication.TransportShardReplicationOperationAction$OperationTransportHandler.messageReceived(TransportShardReplicationOperationAction.java:185)
	at org.elasticsearch.transport.netty.MessageChannelHandler.handleRequest(MessageChannelHandler.java:212)
	at org.elasticsearch.transport.netty.MessageChannelHandler.messageReceived(MessageChannelHandler.java:109)
	at org.jboss.netty.channel.SimpleChannelUpstreamHandler.handleUpstream(SimpleChannelUpstreamHandler.java:70)
	at org.jboss.netty.channel.DefaultChannelPipeline.sendUpstream(DefaultChannelPipeline.java:564)
	at org.jboss.netty.channel.DefaultChannelPipeline$DefaultChannelHandlerContext.sendUpstream(DefaultChannelPipeline.java:791)
	at org.jboss.netty.channel.Channels.fireMessageReceived(Channels.java:296)
	at org.jboss.netty.handler.codec.frame.FrameDecoder.unfoldAndFireMessageReceived(FrameDecoder.java:462)
	at org.jboss.netty.handler.codec.frame.FrameDecoder.callDecode(FrameDecoder.java:443)
	at org.jboss.netty.handler.codec.frame.FrameDecoder.messageReceived(FrameDecoder.java:303)
	at org.jboss.netty.channel.SimpleChannelUpstreamHandler.handleUpstream(SimpleChannelUpstreamHandler.java:70)
	at org.jboss.netty.channel.DefaultChannelPipeline.sendUpstream(DefaultChannelPipeline.java:564)
	at org.jboss.netty.channel.DefaultChannelPipeline$DefaultChannelHandlerContext.sendUpstream(DefaultChannelPipeline.java:791)
	at org.elasticsearch.common.netty.OpenChannelsHandler.handleUpstream(OpenChannelsHandler.java:74)
	at org.jboss.netty.channel.DefaultChannelPipeline.sendUpstream(DefaultChannelPipeline.java:564)
	at org.jboss.netty.channel.DefaultChannelPipeline.sendUpstream(DefaultChannelPipeline.java:559)
	at org.jboss.netty.channel.Channels.fireMessageReceived(Channels.java:268)
	at org.jboss.netty.channel.Channels.fireMessageReceived(Channels.java:255)
	at org.jboss.netty.channel.socket.nio.NioWorker.read(NioWorker.java:88)
	at org.jboss.netty.channel.socket.nio.AbstractNioWorker.process(AbstractNioWorker.java:108)
	at org.jboss.netty.channel.socket.nio.AbstractNioSelector.run(AbstractNioSelector.java:318)
	at org.jboss.netty.channel.socket.nio.AbstractNioWorker.run(AbstractNioWorker.java:89)
	at org.jboss.netty.channel.socket.nio.NioWorker.run(NioWorker.java:178)
	at org.jboss.netty.util.ThreadRenamingRunnable.run(ThreadRenamingRunnable.java:108)
	at org.jboss.netty.util.internal.DeadLockProofWorker$1.run(DeadLockProofWorker.java:42)
	at java.util.concurrent.ThreadPoolExecutor.runWorker(ThreadPoolExecutor.java:1145)
	at java.util.concurrent.ThreadPoolExecutor$Worker.run(ThreadPoolExecutor.java:615)
	at java.lang.Thread.run(Thread.java:744)
[2014-02-18 16:01:57,321][INFO ][indices.mapping          ] Action Failed
org.elasticsearch.transport.RemoteTransportException: [node_1][inet[/10.1.10.75:9301]][index]
Caused by: org.elasticsearch.common.util.concurrent.EsRejectedExecutionException: rejected execution (queue capacity 200) on org.elasticsearch.action.support.replication.TransportShardReplicationOperationAction$AsyncShardOperationAction$1@68e9d008
	at org.elasticsearch.common.util.concurrent.EsAbortPolicy.rejectedExecution(EsAbortPolicy.java:62)
	at java.util.concurrent.ThreadPoolExecutor.reject(ThreadPoolExecutor.java:821)
	at java.util.concurrent.ThreadPoolExecutor.execute(ThreadPoolExecutor.java:1372)
	at org.elasticsearch.action.support.replication.TransportShardReplicationOperationAction$AsyncShardOperationAction.start(TransportShardReplicationOperationAction.java:422)
	at org.elasticsearch.action.support.replication.TransportShardReplicationOperationAction$AsyncShardOperationAction.start(TransportShardReplicationOperationAction.java:330)
	at org.elasticsearch.action.support.replication.TransportShardReplicationOperationAction.doExecute(TransportShardReplicationOperationAction.java:101)
	at org.elasticsearch.action.index.TransportIndexAction.innerExecute(TransportIndexAction.java:134)
	at org.elasticsearch.action.index.TransportIndexAction.doExecute(TransportIndexAction.java:116)
	at org.elasticsearch.action.index.TransportIndexAction.doExecute(TransportIndexAction.java:66)
	at org.elasticsearch.action.support.TransportAction.execute(TransportAction.java:63)
	at org.elasticsearch.action.support.replication.TransportShardReplicationOperationAction$OperationTransportHandler.messageReceived(TransportShardReplicationOperationAction.java:203)
	at org.elasticsearch.action.support.replication.TransportShardReplicationOperationAction$OperationTransportHandler.messageReceived(TransportShardReplicationOperationAction.java:185)
	at org.elasticsearch.transport.netty.MessageChannelHandler.handleRequest(MessageChannelHandler.java:212)
	at org.elasticsearch.transport.netty.MessageChannelHandler.messageReceived(MessageChannelHandler.java:109)
	at org.jboss.netty.channel.SimpleChannelUpstreamHandler.handleUpstream(SimpleChannelUpstreamHandler.java:70)
	at org.jboss.netty.channel.DefaultChannelPipeline.sendUpstream(DefaultChannelPipeline.java:564)
	at org.jboss.netty.channel.DefaultChannelPipeline$DefaultChannelHandlerContext.sendUpstream(DefaultChannelPipeline.java:791)
	at org.jboss.netty.channel.Channels.fireMessageReceived(Channels.java:296)
	at org.jboss.netty.handler.codec.frame.FrameDecoder.unfoldAndFireMessageReceived(FrameDecoder.java:462)
	at org.jboss.netty.handler.codec.frame.FrameDecoder.callDecode(FrameDecoder.java:443)
	at org.jboss.netty.handler.codec.frame.FrameDecoder.messageReceived(FrameDecoder.java:303)
	at org.jboss.netty.channel.SimpleChannelUpstreamHandler.handleUpstream(SimpleChannelUpstreamHandler.java:70)
	at org.jboss.netty.channel.DefaultChannelPipeline.sendUpstream(DefaultChannelPipeline.java:564)
	at org.jboss.netty.channel.DefaultChannelPipeline$DefaultChannelHandlerContext.sendUpstream(DefaultChannelPipeline.java:791)
	at org.elasticsearch.common.netty.OpenChannelsHandler.handleUpstream(OpenChannelsHandler.java:74)
	at org.jboss.netty.channel.DefaultChannelPipeline.sendUpstream(DefaultChannelPipeline.java:564)
	at org.jboss.netty.channel.DefaultChannelPipeline.sendUpstream(DefaultChannelPipeline.java:559)
	at org.jboss.netty.channel.Channels.fireMessageReceived(Channels.java:268)
	at org.jboss.netty.channel.Channels.fireMessageReceived(Channels.java:255)
	at org.jboss.netty.channel.socket.nio.NioWorker.read(NioWorker.java:88)
	at org.jboss.netty.channel.socket.nio.AbstractNioWorker.process(AbstractNioWorker.java:108)
	at org.jboss.netty.channel.socket.nio.AbstractNioSelector.run(AbstractNioSelector.java:318)
	at org.jboss.netty.channel.socket.nio.AbstractNioWorker.run(AbstractNioWorker.java:89)
	at org.jboss.netty.channel.socket.nio.NioWorker.run(NioWorker.java:178)
	at org.jboss.netty.util.ThreadRenamingRunnable.run(ThreadRenamingRunnable.java:108)
	at org.jboss.netty.util.internal.DeadLockProofWorker$1.run(DeadLockProofWorker.java:42)
	at java.util.concurrent.ThreadPoolExecutor.runWorker(ThreadPoolExecutor.java:1145)
	at java.util.concurrent.ThreadPoolExecutor$Worker.run(ThreadPoolExecutor.java:615)
	at java.lang.Thread.run(Thread.java:744)
[2014-02-18 16:01:57,317][INFO ][indices.mapping          ] Action Failed
org.elasticsearch.transport.RemoteTransportException: [node_1][inet[/10.1.10.75:9301]][index]
Caused by: org.elasticsearch.common.util.concurrent.EsRejectedExecutionException: rejected execution (queue capacity 200) on org.elasticsearch.action.support.replication.TransportShardReplicationOperationAction$AsyncShardOperationAction$1@13598965
	at org.elasticsearch.common.util.concurrent.EsAbortPolicy.rejectedExecution(EsAbortPolicy.java:62)
	at java.util.concurrent.ThreadPoolExecutor.reject(ThreadPoolExecutor.java:821)
	at java.util.concurrent.ThreadPoolExecutor.execute(ThreadPoolExecutor.java:1372)
	at org.elasticsearch.action.support.replication.TransportShardReplicationOperationAction$AsyncShardOperationAction.start(TransportShardReplicationOperationAction.java:422)
	at org.elasticsearch.action.support.replication.TransportShardReplicationOperationAction$AsyncShardOperationAction.start(TransportShardReplicationOperationAction.java:330)
	at org.elasticsearch.action.support.replication.TransportShardReplicationOperationAction.doExecute(TransportShardReplicationOperationAction.java:101)
	at org.elasticsearch.action.index.TransportIndexAction.innerExecute(TransportIndexAction.java:134)
	at org.elasticsearch.action.index.TransportIndexAction.doExecute(TransportIndexAction.java:116)
	at org.elasticsearch.action.index.TransportIndexAction.doExecute(TransportIndexAction.java:66)
	at org.elasticsearch.action.support.TransportAction.execute(TransportAction.java:63)
	at org.elasticsearch.action.support.replication.TransportShardReplicationOperationAction$OperationTransportHandler.messageReceived(TransportShardReplicationOperationAction.java:203)
	at org.elasticsearch.action.support.replication.TransportShardReplicationOperationAction$OperationTransportHandler.messageReceived(TransportShardReplicationOperationAction.java:185)
	at org.elasticsearch.transport.netty.MessageChannelHandler.handleRequest(MessageChannelHandler.java:212)
	at org.elasticsearch.transport.netty.MessageChannelHandler.messageReceived(MessageChannelHandler.java:109)
	at org.jboss.netty.channel.SimpleChannelUpstreamHandler.handleUpstream(SimpleChannelUpstreamHandler.java:70)
	at org.jboss.netty.channel.DefaultChannelPipeline.sendUpstream(DefaultChannelPipeline.java:564)
	at org.jboss.netty.channel.DefaultChannelPipeline$DefaultChannelHandlerContext.sendUpstream(DefaultChannelPipeline.java:791)
	at org.jboss.netty.channel.Channels.fireMessageReceived(Channels.java:296)
	at org.jboss.netty.handler.codec.frame.FrameDecoder.unfoldAndFireMessageReceived(FrameDecoder.java:462)
	at org.jboss.netty.handler.codec.frame.FrameDecoder.callDecode(FrameDecoder.java:443)
	at org.jboss.netty.handler.codec.frame.FrameDecoder.messageReceived(FrameDecoder.java:303)
	at org.jboss.netty.channel.SimpleChannelUpstreamHandler.handleUpstream(SimpleChannelUpstreamHandler.java:70)
	at org.jboss.netty.channel.DefaultChannelPipeline.sendUpstream(DefaultChannelPipeline.java:564)
	at org.jboss.netty.channel.DefaultChannelPipeline$DefaultChannelHandlerContext.sendUpstream(DefaultChannelPipeline.java:791)
	at org.elasticsearch.common.netty.OpenChannelsHandler.handleUpstream(OpenChannelsHandler.java:74)
	at org.jboss.netty.channel.DefaultChannelPipeline.sendUpstream(DefaultChannelPipeline.java:564)
	at org.jboss.netty.channel.DefaultChannelPipeline.sendUpstream(DefaultChannelPipeline.java:559)
	at org.jboss.netty.channel.Channels.fireMessageReceived(Channels.java:268)
	at org.jboss.netty.channel.Channels.fireMessageReceived(Channels.java:255)
	at org.jboss.netty.channel.socket.nio.NioWorker.read(NioWorker.java:88)
	at org.jboss.netty.channel.socket.nio.AbstractNioWorker.process(AbstractNioWorker.java:108)
	at org.jboss.netty.channel.socket.nio.AbstractNioSelector.run(AbstractNioSelector.java:318)
	at org.jboss.netty.channel.socket.nio.AbstractNioWorker.run(AbstractNioWorker.java:89)
	at org.jboss.netty.channel.socket.nio.NioWorker.run(NioWorker.java:178)
	at org.jboss.netty.util.ThreadRenamingRunnable.run(ThreadRenamingRunnable.java:108)
	at org.jboss.netty.util.internal.DeadLockProofWorker$1.run(DeadLockProofWorker.java:42)
	at java.util.concurrent.ThreadPoolExecutor.runWorker(ThreadPoolExecutor.java:1145)
	at java.util.concurrent.ThreadPoolExecutor$Worker.run(ThreadPoolExecutor.java:615)
	at java.lang.Thread.run(Thread.java:744)
[2014-02-18 16:01:57,315][INFO ][indices.mapping          ] Action Failed
org.elasticsearch.transport.RemoteTransportException: [node_1][inet[/10.1.10.75:9301]][index]
Caused by: org.elasticsearch.common.util.concurrent.EsRejectedExecutionException: rejected execution (queue capacity 200) on org.elasticsearch.action.support.replication.TransportShardReplicationOperationAction$AsyncShardOperationAction$1@ebd226b
	at org.elasticsearch.common.util.concurrent.EsAbortPolicy.rejectedExecution(EsAbortPolicy.java:62)
	at java.util.concurrent.ThreadPoolExecutor.reject(ThreadPoolExecutor.java:821)
	at java.util.concurrent.ThreadPoolExecutor.execute(ThreadPoolExecutor.java:1372)
	at org.elasticsearch.action.support.replication.TransportShardReplicationOperationAction$AsyncShardOperationAction.start(TransportShardReplicationOperationAction.java:422)
	at org.elasticsearch.action.support.replication.TransportShardReplicationOperationAction$AsyncShardOperationAction.start(TransportShardReplicationOperationAction.java:330)
	at org.elasticsearch.action.support.replication.TransportShardReplicationOperationAction.doExecute(TransportShardReplicationOperationAction.java:101)
	at org.elasticsearch.action.index.TransportIndexAction.innerExecute(TransportIndexAction.java:134)
	at org.elasticsearch.action.index.TransportIndexAction.doExecute(TransportIndexAction.java:116)
	at org.elasticsearch.action.index.TransportIndexAction.doExecute(TransportIndexAction.java:66)
	at org.elasticsearch.action.support.TransportAction.execute(TransportAction.java:63)
	at org.elasticsearch.action.support.replication.TransportShardReplicationOperationAction$OperationTransportHandler.messageReceived(TransportShardReplicationOperationAction.java:203)
	at org.elasticsearch.action.support.replication.TransportShardReplicationOperationAction$OperationTransportHandler.messageReceived(TransportShardReplicationOperationAction.java:185)
	at org.elasticsearch.transport.netty.MessageChannelHandler.handleRequest(MessageChannelHandler.java:212)
	at org.elasticsearch.transport.netty.MessageChannelHandler.messageReceived(MessageChannelHandler.java:109)
	at org.jboss.netty.channel.SimpleChannelUpstreamHandler.handleUpstream(SimpleChannelUpstreamHandler.java:70)
	at org.jboss.netty.channel.DefaultChannelPipeline.sendUpstream(DefaultChannelPipeline.java:564)
	at org.jboss.netty.channel.DefaultChannelPipeline$DefaultChannelHandlerContext.sendUpstream(DefaultChannelPipeline.java:791)
	at org.jboss.netty.channel.Channels.fireMessageReceived(Channels.java:296)
	at org.jboss.netty.handler.codec.frame.FrameDecoder.unfoldAndFireMessageReceived(FrameDecoder.java:462)
	at org.jboss.netty.handler.codec.frame.FrameDecoder.callDecode(FrameDecoder.java:443)
	at org.jboss.netty.handler.codec.frame.FrameDecoder.messageReceived(FrameDecoder.java:303)
	at org.jboss.netty.channel.SimpleChannelUpstreamHandler.handleUpstream(SimpleChannelUpstreamHandler.java:70)
	at org.jboss.netty.channel.DefaultChannelPipeline.sendUpstream(DefaultChannelPipeline.java:564)
	at org.jboss.netty.channel.DefaultChannelPipeline$DefaultChannelHandlerContext.sendUpstream(DefaultChannelPipeline.java:791)
	at org.elasticsearch.common.netty.OpenChannelsHandler.handleUpstream(OpenChannelsHandler.java:74)
	at org.jboss.netty.channel.DefaultChannelPipeline.sendUpstream(DefaultChannelPipeline.java:564)
	at org.jboss.netty.channel.DefaultChannelPipeline.sendUpstream(DefaultChannelPipeline.java:559)
	at org.jboss.netty.channel.Channels.fireMessageReceived(Channels.java:268)
	at org.jboss.netty.channel.Channels.fireMessageReceived(Channels.java:255)
	at org.jboss.netty.channel.socket.nio.NioWorker.read(NioWorker.java:88)
	at org.jboss.netty.channel.socket.nio.AbstractNioWorker.process(AbstractNioWorker.java:108)
	at org.jboss.netty.channel.socket.nio.AbstractNioSelector.run(AbstractNioSelector.java:318)
	at org.jboss.netty.channel.socket.nio.AbstractNioWorker.run(AbstractNioWorker.java:89)
	at org.jboss.netty.channel.socket.nio.NioWorker.run(NioWorker.java:178)
	at org.jboss.netty.util.ThreadRenamingRunnable.run(ThreadRenamingRunnable.java:108)
	at org.jboss.netty.util.internal.DeadLockProofWorker$1.run(DeadLockProofWorker.java:42)
	at java.util.concurrent.ThreadPoolExecutor.runWorker(ThreadPoolExecutor.java:1145)
	at java.util.concurrent.ThreadPoolExecutor$Worker.run(ThreadPoolExecutor.java:615)
	at java.lang.Thread.run(Thread.java:744)
[2014-02-18 16:01:57,337][INFO ][indices.mapping          ] Action Failed
org.elasticsearch.transport.RemoteTransportException: [node_1][inet[/10.1.10.75:9301]][index]
Caused by: org.elasticsearch.common.util.concurrent.EsRejectedExecutionException: rejected execution (queue capacity 200) on org.elasticsearch.action.support.replication.TransportShardReplicationOperationAction$AsyncShardOperationAction$1@6dcf4429
	at org.elasticsearch.common.util.concurrent.EsAbortPolicy.rejectedExecution(EsAbortPolicy.java:62)
	at java.util.concurrent.ThreadPoolExecutor.reject(ThreadPoolExecutor.java:821)
	at java.util.concurrent.ThreadPoolExecutor.execute(ThreadPoolExecutor.java:1372)
	at org.elasticsearch.action.support.replication.TransportShardReplicationOperationAction$AsyncShardOperationAction.start(TransportShardReplicationOperationAction.java:422)
	at org.elasticsearch.action.support.replication.TransportShardReplicationOperationAction$AsyncShardOperationAction.start(TransportShardReplicationOperationAction.java:330)
	at org.elasticsearch.action.support.replication.TransportShardReplicationOperationAction.doExecute(TransportShardReplicationOperationAction.java:101)
	at org.elasticsearch.action.index.TransportIndexAction.innerExecute(TransportIndexAction.java:134)
	at org.elasticsearch.action.index.TransportIndexAction.doExecute(TransportIndexAction.java:116)
	at org.elasticsearch.action.index.TransportIndexAction.doExecute(TransportIndexAction.java:66)
	at org.elasticsearch.action.support.TransportAction.execute(TransportAction.java:63)
	at org.elasticsearch.action.support.replication.TransportShardReplicationOperationAction$OperationTransportHandler.messageReceived(TransportShardReplicationOperationAction.java:203)
	at org.elasticsearch.action.support.replication.TransportShardReplicationOperationAction$OperationTransportHandler.messageReceived(TransportShardReplicationOperationAction.java:185)
	at org.elasticsearch.transport.netty.MessageChannelHandler.handleRequest(MessageChannelHandler.java:212)
	at org.elasticsearch.transport.netty.MessageChannelHandler.messageReceived(MessageChannelHandler.java:109)
	at org.jboss.netty.channel.SimpleChannelUpstreamHandler.handleUpstream(SimpleChannelUpstreamHandler.java:70)
	at org.jboss.netty.channel.DefaultChannelPipeline.sendUpstream(DefaultChannelPipeline.java:564)
	at org.jboss.netty.channel.DefaultChannelPipeline$DefaultChannelHandlerContext.sendUpstream(DefaultChannelPipeline.java:791)
	at org.jboss.netty.channel.Channels.fireMessageReceived(Channels.java:296)
	at org.jboss.netty.handler.codec.frame.FrameDecoder.unfoldAndFireMessageReceived(FrameDecoder.java:462)
	at org.jboss.netty.handler.codec.frame.FrameDecoder.callDecode(FrameDecoder.java:443)
	at org.jboss.netty.handler.codec.frame.FrameDecoder.messageReceived(FrameDecoder.java:303)
	at org.jboss.netty.channel.SimpleChannelUpstreamHandler.handleUpstream(SimpleChannelUpstreamHandler.java:70)
	at org.jboss.netty.channel.DefaultChannelPipeline.sendUpstream(DefaultChannelPipeline.java:564)
	at org.jboss.netty.channel.DefaultChannelPipeline$DefaultChannelHandlerContext.sendUpstream(DefaultChannelPipeline.java:791)
	at org.elasticsearch.common.netty.OpenChannelsHandler.handleUpstream(OpenChannelsHandler.java:74)
	at org.jboss.netty.channel.DefaultChannelPipeline.sendUpstream(DefaultChannelPipeline.java:564)
	at org.jboss.netty.channel.DefaultChannelPipeline.sendUpstream(DefaultChannelPipeline.java:559)
	at org.jboss.netty.channel.Channels.fireMessageReceived(Channels.java:268)
	at org.jboss.netty.channel.Channels.fireMessageReceived(Channels.java:255)
	at org.jboss.netty.channel.socket.nio.NioWorker.read(NioWorker.java:88)
	at org.jboss.netty.channel.socket.nio.AbstractNioWorker.process(AbstractNioWorker.java:108)
	at org.jboss.netty.channel.socket.nio.AbstractNioSelector.run(AbstractNioSelector.java:318)
	at org.jboss.netty.channel.socket.nio.AbstractNioWorker.run(AbstractNioWorker.java:89)
	at org.jboss.netty.channel.socket.nio.NioWorker.run(NioWorker.java:178)
	at org.jboss.netty.util.ThreadRenamingRunnable.run(ThreadRenamingRunnable.java:108)
	at org.jboss.netty.util.internal.DeadLockProofWorker$1.run(DeadLockProofWorker.java:42)
	at java.util.concurrent.ThreadPoolExecutor.runWorker(ThreadPoolExecutor.java:1145)
	at java.util.concurrent.ThreadPoolExecutor$Worker.run(ThreadPoolExecutor.java:615)
	at java.lang.Thread.run(Thread.java:744)
[2014-02-18 16:01:57,335][INFO ][indices.mapping          ] Action Failed
org.elasticsearch.transport.RemoteTransportException: [node_1][inet[/10.1.10.75:9301]][index]
Caused by: org.elasticsearch.common.util.concurrent.EsRejectedExecutionException: rejected execution (queue capacity 200) on org.elasticsearch.action.support.replication.TransportShardReplicationOperationAction$AsyncShardOperationAction$1@2ca54bfb
	at org.elasticsearch.common.util.concurrent.EsAbortPolicy.rejectedExecution(EsAbortPolicy.java:62)
	at java.util.concurrent.ThreadPoolExecutor.reject(ThreadPoolExecutor.java:821)
	at java.util.concurrent.ThreadPoolExecutor.execute(ThreadPoolExecutor.java:1372)
	at org.elasticsearch.action.support.replication.TransportShardReplicationOperationAction$AsyncShardOperationAction.start(TransportShardReplicationOperationAction.java:422)
	at org.elasticsearch.action.support.replication.TransportShardReplicationOperationAction$AsyncShardOperationAction.start(TransportShardReplicationOperationAction.java:330)
	at org.elasticsearch.action.support.replication.TransportShardReplicationOperationAction.doExecute(TransportShardReplicationOperationAction.java:101)
	at org.elasticsearch.action.index.TransportIndexAction.innerExecute(TransportIndexAction.java:134)
	at org.elasticsearch.action.index.TransportIndexAction.doExecute(TransportIndexAction.java:116)
	at org.elasticsearch.action.index.TransportIndexAction.doExecute(TransportIndexAction.java:66)
	at org.elasticsearch.action.support.TransportAction.execute(TransportAction.java:63)
	at org.elasticsearch.action.support.replication.TransportShardReplicationOperationAction$OperationTransportHandler.messageReceived(TransportShardReplicationOperationAction.java:203)
	at org.elasticsearch.action.support.replication.TransportShardReplicationOperationAction$OperationTransportHandler.messageReceived(TransportShardReplicationOperationAction.java:185)
	at org.elasticsearch.transport.netty.MessageChannelHandler.handleRequest(MessageChannelHandler.java:212)
	at org.elasticsearch.transport.netty.MessageChannelHandler.messageReceived(MessageChannelHandler.java:109)
	at org.jboss.netty.channel.SimpleChannelUpstreamHandler.handleUpstream(SimpleChannelUpstreamHandler.java:70)
	at org.jboss.netty.channel.DefaultChannelPipeline.sendUpstream(DefaultChannelPipeline.java:564)
	at org.jboss.netty.channel.DefaultChannelPipeline$DefaultChannelHandlerContext.sendUpstream(DefaultChannelPipeline.java:791)
	at org.jboss.netty.channel.Channels.fireMessageReceived(Channels.java:296)
	at org.jboss.netty.handler.codec.frame.FrameDecoder.unfoldAndFireMessageReceived(FrameDecoder.java:462)
	at org.jboss.netty.handler.codec.frame.FrameDecoder.callDecode(FrameDecoder.java:443)
	at org.jboss.netty.handler.codec.frame.FrameDecoder.messageReceived(FrameDecoder.java:303)
	at org.jboss.netty.channel.SimpleChannelUpstreamHandler.handleUpstream(SimpleChannelUpstreamHandler.java:70)
	at org.jboss.netty.channel.DefaultChannelPipeline.sendUpstream(DefaultChannelPipeline.java:564)
	at org.jboss.netty.channel.DefaultChannelPipeline$DefaultChannelHandlerContext.sendUpstream(DefaultChannelPipeline.java:791)
	at org.elasticsearch.common.netty.OpenChannelsHandler.handleUpstream(OpenChannelsHandler.java:74)
	at org.jboss.netty.channel.DefaultChannelPipeline.sendUpstream(DefaultChannelPipeline.java:564)
	at org.jboss.netty.channel.DefaultChannelPipeline.sendUpstream(DefaultChannelPipeline.java:559)
	at org.jboss.netty.channel.Channels.fireMessageReceived(Channels.java:268)
	at org.jboss.netty.channel.Channels.fireMessageReceived(Channels.java:255)
	at org.jboss.netty.channel.socket.nio.NioWorker.read(NioWorker.java:88)
	at org.jboss.netty.channel.socket.nio.AbstractNioWorker.process(AbstractNioWorker.java:108)
	at org.jboss.netty.channel.socket.nio.AbstractNioSelector.run(AbstractNioSelector.java:318)
	at org.jboss.netty.channel.socket.nio.AbstractNioWorker.run(AbstractNioWorker.java:89)
	at org.jboss.netty.channel.socket.nio.NioWorker.run(NioWorker.java:178)
	at org.jboss.netty.util.ThreadRenamingRunnable.run(ThreadRenamingRunnable.java:108)
	at org.jboss.netty.util.internal.DeadLockProofWorker$1.run(DeadLockProofWorker.java:42)
	at java.util.concurrent.ThreadPoolExecutor.runWorker(ThreadPoolExecutor.java:1145)
	at java.util.concurrent.ThreadPoolExecutor$Worker.run(ThreadPoolExecutor.java:615)
	at java.lang.Thread.run(Thread.java:744)
[2014-02-18 16:01:57,328][INFO ][indices.mapping          ] Action Failed
org.elasticsearch.transport.RemoteTransportException: [node_1][inet[/10.1.10.75:9301]][index]
Caused by: org.elasticsearch.common.util.concurrent.EsRejectedExecutionException: rejected execution (queue capacity 200) on org.elasticsearch.action.support.replication.TransportShardReplicationOperationAction$AsyncShardOperationAction$1@88dc3ff
	at org.elasticsearch.common.util.concurrent.EsAbortPolicy.rejectedExecution(EsAbortPolicy.java:62)
	at java.util.concurrent.ThreadPoolExecutor.reject(ThreadPoolExecutor.java:821)
	at java.util.concurrent.ThreadPoolExecutor.execute(ThreadPoolExecutor.java:1372)
	at org.elasticsearch.action.support.replication.TransportShardReplicationOperationAction$AsyncShardOperationAction.start(TransportShardReplicationOperationAction.java:422)
	at org.elasticsearch.action.support.replication.TransportShardReplicationOperationAction$AsyncShardOperationAction.start(TransportShardReplicationOperationAction.java:330)
	at org.elasticsearch.action.support.replication.TransportShardReplicationOperationAction.doExecute(TransportShardReplicationOperationAction.java:101)
	at org.elasticsearch.action.index.TransportIndexAction.innerExecute(TransportIndexAction.java:134)
	at org.elasticsearch.action.index.TransportIndexAction.doExecute(TransportIndexAction.java:116)
	at org.elasticsearch.action.index.TransportIndexAction.doExecute(TransportIndexAction.java:66)
	at org.elasticsearch.action.support.TransportAction.execute(TransportAction.java:63)
	at org.elasticsearch.action.support.replication.TransportShardReplicationOperationAction$OperationTransportHandler.messageReceived(TransportShardReplicationOperationAction.java:203)
	at org.elasticsearch.action.support.replication.TransportShardReplicationOperationAction$OperationTransportHandler.messageReceived(TransportShardReplicationOperationAction.java:185)
	at org.elasticsearch.transport.netty.MessageChannelHandler.handleRequest(MessageChannelHandler.java:212)
	at org.elasticsearch.transport.netty.MessageChannelHandler.messageReceived(MessageChannelHandler.java:109)
	at org.jboss.netty.channel.SimpleChannelUpstreamHandler.handleUpstream(SimpleChannelUpstreamHandler.java:70)
	at org.jboss.netty.channel.DefaultChannelPipeline.sendUpstream(DefaultChannelPipeline.java:564)
	at org.jboss.netty.channel.DefaultChannelPipeline$DefaultChannelHandlerContext.sendUpstream(DefaultChannelPipeline.java:791)
	at org.jboss.netty.channel.Channels.fireMessageReceived(Channels.java:296)
	at org.jboss.netty.handler.codec.frame.FrameDecoder.unfoldAndFireMessageReceived(FrameDecoder.java:462)
	at org.jboss.netty.handler.codec.frame.FrameDecoder.callDecode(FrameDecoder.java:443)
	at org.jboss.netty.handler.codec.frame.FrameDecoder.messageReceived(FrameDecoder.java:303)
	at org.jboss.netty.channel.SimpleChannelUpstreamHandler.handleUpstream(SimpleChannelUpstreamHandler.java:70)
	at org.jboss.netty.channel.DefaultChannelPipeline.sendUpstream(DefaultChannelPipeline.java:564)
	at org.jboss.netty.channel.DefaultChannelPipeline$DefaultChannelHandlerContext.sendUpstream(DefaultChannelPipeline.java:791)
	at org.elasticsearch.common.netty.OpenChannelsHandler.handleUpstream(OpenChannelsHandler.java:74)
	at org.jboss.netty.channel.DefaultChannelPipeline.sendUpstream(DefaultChannelPipeline.java:564)
	at org.jboss.netty.channel.DefaultChannelPipeline.sendUpstream(DefaultChannelPipeline.java:559)
	at org.jboss.netty.channel.Channels.fireMessageReceived(Channels.java:268)
	at org.jboss.netty.channel.Channels.fireMessageReceived(Channels.java:255)
	at org.jboss.netty.channel.socket.nio.NioWorker.read(NioWorker.java:88)
	at org.jboss.netty.channel.socket.nio.AbstractNioWorker.process(AbstractNioWorker.java:108)
	at org.jboss.netty.channel.socket.nio.AbstractNioSelector.run(AbstractNioSelector.java:318)
	at org.jboss.netty.channel.socket.nio.AbstractNioWorker.run(AbstractNioWorker.java:89)
	at org.jboss.netty.channel.socket.nio.NioWorker.run(NioWorker.java:178)
	at org.jboss.netty.util.ThreadRenamingRunnable.run(ThreadRenamingRunnable.java:108)
	at org.jboss.netty.util.internal.DeadLockProofWorker$1.run(DeadLockProofWorker.java:42)
	at java.util.concurrent.ThreadPoolExecutor.runWorker(ThreadPoolExecutor.java:1145)
	at java.util.concurrent.ThreadPoolExecutor$Worker.run(ThreadPoolExecutor.java:615)
	at java.lang.Thread.run(Thread.java:744)
[2014-02-18 16:01:57,343][INFO ][indices.mapping          ] Action Failed
org.elasticsearch.transport.RemoteTransportException: [node_1][inet[/10.1.10.75:9301]][index]
Caused by: org.elasticsearch.common.util.concurrent.EsRejectedExecutionException: rejected execution (queue capacity 200) on org.elasticsearch.action.support.replication.TransportShardReplicationOperationAction$AsyncShardOperationAction$1@5e7d9fae
	at org.elasticsearch.common.util.concurrent.EsAbortPolicy.rejectedExecution(EsAbortPolicy.java:62)
	at java.util.concurrent.ThreadPoolExecutor.reject(ThreadPoolExecutor.java:821)
	at java.util.concurrent.ThreadPoolExecutor.execute(ThreadPoolExecutor.java:1372)
	at org.elasticsearch.action.support.replication.TransportShardReplicationOperationAction$AsyncShardOperationAction.start(TransportShardReplicationOperationAction.java:422)
	at org.elasticsearch.action.support.replication.TransportShardReplicationOperationAction$AsyncShardOperationAction.start(TransportShardReplicationOperationAction.java:330)
	at org.elasticsearch.action.support.replication.TransportShardReplicationOperationAction.doExecute(TransportShardReplicationOperationAction.java:101)
	at org.elasticsearch.action.index.TransportIndexAction.innerExecute(TransportIndexAction.java:134)
	at org.elasticsearch.action.index.TransportIndexAction.doExecute(TransportIndexAction.java:116)
	at org.elasticsearch.action.index.TransportIndexAction.doExecute(TransportIndexAction.java:66)
	at org.elasticsearch.action.support.TransportAction.execute(TransportAction.java:63)
	at org.elasticsearch.action.support.replication.TransportShardReplicationOperationAction$OperationTransportHandler.messageReceived(TransportShardReplicationOperationAction.java:203)
	at org.elasticsearch.action.support.replication.TransportShardReplicationOperationAction$OperationTransportHandler.messageReceived(TransportShardReplicationOperationAction.java:185)
	at org.elasticsearch.transport.netty.MessageChannelHandler.handleRequest(MessageChannelHandler.java:212)
	at org.elasticsearch.transport.netty.MessageChannelHandler.messageReceived(MessageChannelHandler.java:109)
	at org.jboss.netty.channel.SimpleChannelUpstreamHandler.handleUpstream(SimpleChannelUpstreamHandler.java:70)
	at org.jboss.netty.channel.DefaultChannelPipeline.sendUpstream(DefaultChannelPipeline.java:564)
	at org.jboss.netty.channel.DefaultChannelPipeline$DefaultChannelHandlerContext.sendUpstream(DefaultChannelPipeline.java:791)
	at org.jboss.netty.channel.Channels.fireMessageReceived(Channels.java:296)
	at org.jboss.netty.handler.codec.frame.FrameDecoder.unfoldAndFireMessageReceived(FrameDecoder.java:462)
	at org.jboss.netty.handler.codec.frame.FrameDecoder.callDecode(FrameDecoder.java:443)
	at org.jboss.netty.handler.codec.frame.FrameDecoder.messageReceived(FrameDecoder.java:303)
	at org.jboss.netty.channel.SimpleChannelUpstreamHandler.handleUpstream(SimpleChannelUpstreamHandler.java:70)
	at org.jboss.netty.channel.DefaultChannelPipeline.sendUpstream(DefaultChannelPipeline.java:564)
	at org.jboss.netty.channel.DefaultChannelPipeline$DefaultChannelHandlerContext.sendUpstream(DefaultChannelPipeline.java:791)
	at org.elasticsearch.common.netty.OpenChannelsHandler.handleUpstream(OpenChannelsHandler.java:74)
	at org.jboss.netty.channel.DefaultChannelPipeline.sendUpstream(DefaultChannelPipeline.java:564)
	at org.jboss.netty.channel.DefaultChannelPipeline.sendUpstream(DefaultChannelPipeline.java:559)
	at org.jboss.netty.channel.Channels.fireMessageReceived(Channels.java:268)
	at org.jboss.netty.channel.Channels.fireMessageReceived(Channels.java:255)
	at org.jboss.netty.channel.socket.nio.NioWorker.read(NioWorker.java:88)
	at org.jboss.netty.channel.socket.nio.AbstractNioWorker.process(AbstractNioWorker.java:108)
	at org.jboss.netty.channel.socket.nio.AbstractNioSelector.run(AbstractNioSelector.java:318)
	at org.jboss.netty.channel.socket.nio.AbstractNioWorker.run(AbstractNioWorker.java:89)
	at org.jboss.netty.channel.socket.nio.NioWorker.run(NioWorker.java:178)
	at org.jboss.netty.util.ThreadRenamingRunnable.run(ThreadRenamingRunnable.java:108)
	at org.jboss.netty.util.internal.DeadLockProofWorker$1.run(DeadLockProofWorker.java:42)
	at java.util.concurrent.ThreadPoolExecutor.runWorker(ThreadPoolExecutor.java:1145)
	at java.util.concurrent.ThreadPoolExecutor$Worker.run(ThreadPoolExecutor.java:615)
	at java.lang.Thread.run(Thread.java:744)
[2014-02-18 16:01:57,326][INFO ][indices.mapping          ] Action Failed
org.elasticsearch.transport.RemoteTransportException: [node_1][inet[/10.1.10.75:9301]][index]
Caused by: org.elasticsearch.common.util.concurrent.EsRejectedExecutionException: rejected execution (queue capacity 200) on org.elasticsearch.action.support.replication.TransportShardReplicationOperationAction$AsyncShardOperationAction$1@4c3c052c
	at org.elasticsearch.common.util.concurrent.EsAbortPolicy.rejectedExecution(EsAbortPolicy.java:62)
	at java.util.concurrent.ThreadPoolExecutor.reject(ThreadPoolExecutor.java:821)
	at java.util.concurrent.ThreadPoolExecutor.execute(ThreadPoolExecutor.java:1372)
	at org.elasticsearch.action.support.replication.TransportShardReplicationOperationAction$AsyncShardOperationAction.start(TransportShardReplicationOperationAction.java:422)
	at org.elasticsearch.action.support.replication.TransportShardReplicationOperationAction$AsyncShardOperationAction.start(TransportShardReplicationOperationAction.java:330)
	at org.elasticsearch.action.support.replication.TransportShardReplicationOperationAction.doExecute(TransportShardReplicationOperationAction.java:101)
	at org.elasticsearch.action.index.TransportIndexAction.innerExecute(TransportIndexAction.java:134)
	at org.elasticsearch.action.index.TransportIndexAction.doExecute(TransportIndexAction.java:116)
	at org.elasticsearch.action.index.TransportIndexAction.doExecute(TransportIndexAction.java:66)
	at org.elasticsearch.action.support.TransportAction.execute(TransportAction.java:63)
	at org.elasticsearch.action.support.replication.TransportShardReplicationOperationAction$OperationTransportHandler.messageReceived(TransportShardReplicationOperationAction.java:203)
	at org.elasticsearch.action.support.replication.TransportShardReplicationOperationAction$OperationTransportHandler.messageReceived(TransportShardReplicationOperationAction.java:185)
	at org.elasticsearch.transport.netty.MessageChannelHandler.handleRequest(MessageChannelHandler.java:212)
	at org.elasticsearch.transport.netty.MessageChannelHandler.messageReceived(MessageChannelHandler.java:109)
	at org.jboss.netty.channel.SimpleChannelUpstreamHandler.handleUpstream(SimpleChannelUpstreamHandler.java:70)
	at org.jboss.netty.channel.DefaultChannelPipeline.sendUpstream(DefaultChannelPipeline.java:564)
	at org.jboss.netty.channel.DefaultChannelPipeline$DefaultChannelHandlerContext.sendUpstream(DefaultChannelPipeline.java:791)
	at org.jboss.netty.channel.Channels.fireMessageReceived(Channels.java:296)
	at org.jboss.netty.handler.codec.frame.FrameDecoder.unfoldAndFireMessageReceived(FrameDecoder.java:462)
	at org.jboss.netty.handler.codec.frame.FrameDecoder.callDecode(FrameDecoder.java:443)
	at org.jboss.netty.handler.codec.frame.FrameDecoder.messageReceived(FrameDecoder.java:303)
	at org.jboss.netty.channel.SimpleChannelUpstreamHandler.handleUpstream(SimpleChannelUpstreamHandler.java:70)
	at org.jboss.netty.channel.DefaultChannelPipeline.sendUpstream(DefaultChannelPipeline.java:564)
	at org.jboss.netty.channel.DefaultChannelPipeline$DefaultChannelHandlerContext.sendUpstream(DefaultChannelPipeline.java:791)
	at org.elasticsearch.common.netty.OpenChannelsHandler.handleUpstream(OpenChannelsHandler.java:74)
	at org.jboss.netty.channel.DefaultChannelPipeline.sendUpstream(DefaultChannelPipeline.java:564)
	at org.jboss.netty.channel.DefaultChannelPipeline.sendUpstream(DefaultChannelPipeline.java:559)
	at org.jboss.netty.channel.Channels.fireMessageReceived(Channels.java:268)
	at org.jboss.netty.channel.Channels.fireMessageReceived(Channels.java:255)
	at org.jboss.netty.channel.socket.nio.NioWorker.read(NioWorker.java:88)
	at org.jboss.netty.channel.socket.nio.AbstractNioWorker.process(AbstractNioWorker.java:108)
	at org.jboss.netty.channel.socket.nio.AbstractNioSelector.run(AbstractNioSelector.java:318)
	at org.jboss.netty.channel.socket.nio.AbstractNioWorker.run(AbstractNioWorker.java:89)
	at org.jboss.netty.channel.socket.nio.NioWorker.run(NioWorker.java:178)
	at org.jboss.netty.util.ThreadRenamingRunnable.run(ThreadRenamingRunnable.java:108)
	at org.jboss.netty.util.internal.DeadLockProofWorker$1.run(DeadLockProofWorker.java:42)
	at java.util.concurrent.ThreadPoolExecutor.runWorker(ThreadPoolExecutor.java:1145)
	at java.util.concurrent.ThreadPoolExecutor$Worker.run(ThreadPoolExecutor.java:615)
	at java.lang.Thread.run(Thread.java:744)
[2014-02-18 16:01:57,345][INFO ][indices.mapping          ] Action Failed
org.elasticsearch.transport.RemoteTransportException: [node_1][inet[/10.1.10.75:9301]][index]
Caused by: org.elasticsearch.common.util.concurrent.EsRejectedExecutionException: rejected execution (queue capacity 200) on org.elasticsearch.action.support.replication.TransportShardReplicationOperationAction$AsyncShardOperationAction$1@5db47dc2
	at org.elasticsearch.common.util.concurrent.EsAbortPolicy.rejectedExecution(EsAbortPolicy.java:62)
	at java.util.concurrent.ThreadPoolExecutor.reject(ThreadPoolExecutor.java:821)
	at java.util.concurrent.ThreadPoolExecutor.execute(ThreadPoolExecutor.java:1372)
	at org.elasticsearch.action.support.replication.TransportShardReplicationOperationAction$AsyncShardOperationAction.start(TransportShardReplicationOperationAction.java:422)
	at org.elasticsearch.action.support.replication.TransportShardReplicationOperationAction$AsyncShardOperationAction.start(TransportShardReplicationOperationAction.java:330)
	at org.elasticsearch.action.support.replication.TransportShardReplicationOperationAction.doExecute(TransportShardReplicationOperationAction.java:101)
	at org.elasticsearch.action.index.TransportIndexAction.innerExecute(TransportIndexAction.java:134)
	at org.elasticsearch.action.index.TransportIndexAction.doExecute(TransportIndexAction.java:116)
	at org.elasticsearch.action.index.TransportIndexAction.doExecute(TransportIndexAction.java:66)
	at org.elasticsearch.action.support.TransportAction.execute(TransportAction.java:63)
	at org.elasticsearch.action.support.replication.TransportShardReplicationOperationAction$OperationTransportHandler.messageReceived(TransportShardReplicationOperationAction.java:203)
	at org.elasticsearch.action.support.replication.TransportShardReplicationOperationAction$OperationTransportHandler.messageReceived(TransportShardReplicationOperationAction.java:185)
	at org.elasticsearch.transport.netty.MessageChannelHandler.handleRequest(MessageChannelHandler.java:212)
	at org.elasticsearch.transport.netty.MessageChannelHandler.messageReceived(MessageChannelHandler.java:109)
	at org.jboss.netty.channel.SimpleChannelUpstreamHandler.handleUpstream(SimpleChannelUpstreamHandler.java:70)
	at org.jboss.netty.channel.DefaultChannelPipeline.sendUpstream(DefaultChannelPipeline.java:564)
	at org.jboss.netty.channel.DefaultChannelPipeline$DefaultChannelHandlerContext.sendUpstream(DefaultChannelPipeline.java:791)
	at org.jboss.netty.channel.Channels.fireMessageReceived(Channels.java:296)
	at org.jboss.netty.handler.codec.frame.FrameDecoder.unfoldAndFireMessageReceived(FrameDecoder.java:462)
	at org.jboss.netty.handler.codec.frame.FrameDecoder.callDecode(FrameDecoder.java:443)
	at org.jboss.netty.handler.codec.frame.FrameDecoder.messageReceived(FrameDecoder.java:303)
	at org.jboss.netty.channel.SimpleChannelUpstreamHandler.handleUpstream(SimpleChannelUpstreamHandler.java:70)
	at org.jboss.netty.channel.DefaultChannelPipeline.sendUpstream(DefaultChannelPipeline.java:564)
	at org.jboss.netty.channel.DefaultChannelPipeline$DefaultChannelHandlerContext.sendUpstream(DefaultChannelPipeline.java:791)
	at org.elasticsearch.common.netty.OpenChannelsHandler.handleUpstream(OpenChannelsHandler.java:74)
	at org.jboss.netty.channel.DefaultChannelPipeline.sendUpstream(DefaultChannelPipeline.java:564)
	at org.jboss.netty.channel.DefaultChannelPipeline.sendUpstream(DefaultChannelPipeline.java:559)
	at org.jboss.netty.channel.Channels.fireMessageReceived(Channels.java:268)
	at org.jboss.netty.channel.Channels.fireMessageReceived(Channels.java:255)
	at org.jboss.netty.channel.socket.nio.NioWorker.read(NioWorker.java:88)
	at org.jboss.netty.channel.socket.nio.AbstractNioWorker.process(AbstractNioWorker.java:108)
	at org.jboss.netty.channel.socket.nio.AbstractNioSelector.run(AbstractNioSelector.java:318)
	at org.jboss.netty.channel.socket.nio.AbstractNioWorker.run(AbstractNioWorker.java:89)
	at org.jboss.netty.channel.socket.nio.NioWorker.run(NioWorker.java:178)
	at org.jboss.netty.util.ThreadRenamingRunnable.run(ThreadRenamingRunnable.java:108)
	at org.jboss.netty.util.internal.DeadLockProofWorker$1.run(DeadLockProofWorker.java:42)
	at java.util.concurrent.ThreadPoolExecutor.runWorker(ThreadPoolExecutor.java:1145)
	at java.util.concurrent.ThreadPoolExecutor$Worker.run(ThreadPoolExecutor.java:615)
	at java.lang.Thread.run(Thread.java:744)
[2014-02-18 16:01:57,342][INFO ][indices.mapping          ] Action Failed
org.elasticsearch.transport.RemoteTransportException: [node_1][inet[/10.1.10.75:9301]][index]
Caused by: org.elasticsearch.common.util.concurrent.EsRejectedExecutionException: rejected execution (queue capacity 200) on org.elasticsearch.action.support.replication.TransportShardReplicationOperationAction$AsyncShardOperationAction$1@8dc76b1
	at org.elasticsearch.common.util.concurrent.EsAbortPolicy.rejectedExecution(EsAbortPolicy.java:62)
	at java.util.concurrent.ThreadPoolExecutor.reject(ThreadPoolExecutor.java:821)
	at java.util.concurrent.ThreadPoolExecutor.execute(ThreadPoolExecutor.java:1372)
	at org.elasticsearch.action.support.replication.TransportShardReplicationOperationAction$AsyncShardOperationAction.start(TransportShardReplicationOperationAction.java:422)
	at org.elasticsearch.action.support.replication.TransportShardReplicationOperationAction$AsyncShardOperationAction.start(TransportShardReplicationOperationAction.java:330)
	at org.elasticsearch.action.support.replication.TransportShardReplicationOperationAction.doExecute(TransportShardReplicationOperationAction.java:101)
	at org.elasticsearch.action.index.TransportIndexAction.innerExecute(TransportIndexAction.java:134)
	at org.elasticsearch.action.index.TransportIndexAction.doExecute(TransportIndexAction.java:116)
	at org.elasticsearch.action.index.TransportIndexAction.doExecute(TransportIndexAction.java:66)
	at org.elasticsearch.action.support.TransportAction.execute(TransportAction.java:63)
	at org.elasticsearch.action.support.replication.TransportShardReplicationOperationAction$OperationTransportHandler.messageReceived(TransportShardReplicationOperationAction.java:203)
	at org.elasticsearch.action.support.replication.TransportShardReplicationOperationAction$OperationTransportHandler.messageReceived(TransportShardReplicationOperationAction.java:185)
	at org.elasticsearch.transport.netty.MessageChannelHandler.handleRequest(MessageChannelHandler.java:212)
	at org.elasticsearch.transport.netty.MessageChannelHandler.messageReceived(MessageChannelHandler.java:109)
	at org.jboss.netty.channel.SimpleChannelUpstreamHandler.handleUpstream(SimpleChannelUpstreamHandler.java:70)
	at org.jboss.netty.channel.DefaultChannelPipeline.sendUpstream(DefaultChannelPipeline.java:564)
	at org.jboss.netty.channel.DefaultChannelPipeline$DefaultChannelHandlerContext.sendUpstream(DefaultChannelPipeline.java:791)
	at org.jboss.netty.channel.Channels.fireMessageReceived(Channels.java:296)
	at org.jboss.netty.handler.codec.frame.FrameDecoder.unfoldAndFireMessageReceived(FrameDecoder.java:462)
	at org.jboss.netty.handler.codec.frame.FrameDecoder.callDecode(FrameDecoder.java:443)
	at org.jboss.netty.handler.codec.frame.FrameDecoder.messageReceived(FrameDecoder.java:303)
	at org.jboss.netty.channel.SimpleChannelUpstreamHandler.handleUpstream(SimpleChannelUpstreamHandler.java:70)
	at org.jboss.netty.channel.DefaultChannelPipeline.sendUpstream(DefaultChannelPipeline.java:564)
	at org.jboss.netty.channel.DefaultChannelPipeline$DefaultChannelHandlerContext.sendUpstream(DefaultChannelPipeline.java:791)
	at org.elasticsearch.common.netty.OpenChannelsHandler.handleUpstream(OpenChannelsHandler.java:74)
	at org.jboss.netty.channel.DefaultChannelPipeline.sendUpstream(DefaultChannelPipeline.java:564)
	at org.jboss.netty.channel.DefaultChannelPipeline.sendUpstream(DefaultChannelPipeline.java:559)
	at org.jboss.netty.channel.Channels.fireMessageReceived(Channels.java:268)
	at org.jboss.netty.channel.Channels.fireMessageReceived(Channels.java:255)
	at org.jboss.netty.channel.socket.nio.NioWorker.read(NioWorker.java:88)
	at org.jboss.netty.channel.socket.nio.AbstractNioWorker.process(AbstractNioWorker.java:108)
	at org.jboss.netty.channel.socket.nio.AbstractNioSelector.run(AbstractNioSelector.java:318)
	at org.jboss.netty.channel.socket.nio.AbstractNioWorker.run(AbstractNioWorker.java:89)
	at org.jboss.netty.channel.socket.nio.NioWorker.run(NioWorker.java:178)
	at org.jboss.netty.util.ThreadRenamingRunnable.run(ThreadRenamingRunnable.java:108)
	at org.jboss.netty.util.internal.DeadLockProofWorker$1.run(DeadLockProofWorker.java:42)
	at java.util.concurrent.ThreadPoolExecutor.runWorker(ThreadPoolExecutor.java:1145)
	at java.util.concurrent.ThreadPoolExecutor$Worker.run(ThreadPoolExecutor.java:615)
	at java.lang.Thread.run(Thread.java:744)
[2014-02-18 16:01:57,338][INFO ][cluster.metadata         ] [node_0] [test] update_mapping [type2] (dynamic)
[2014-02-18 16:01:57,350][INFO ][indices.mapping          ] Action Failed
org.elasticsearch.transport.RemoteTransportException: [node_1][inet[/10.1.10.75:9301]][index]
Caused by: org.elasticsearch.common.util.concurrent.EsRejectedExecutionException: rejected execution (queue capacity 200) on org.elasticsearch.action.support.replication.TransportShardReplicationOperationAction$AsyncShardOperationAction$1@61c18c40
	at org.elasticsearch.common.util.concurrent.EsAbortPolicy.rejectedExecution(EsAbortPolicy.java:62)
	at java.util.concurrent.ThreadPoolExecutor.reject(ThreadPoolExecutor.java:821)
	at java.util.concurrent.ThreadPoolExecutor.execute(ThreadPoolExecutor.java:1372)
	at org.elasticsearch.action.support.replication.TransportShardReplicationOperationAction$AsyncShardOperationAction.start(TransportShardReplicationOperationAction.java:422)
	at org.elasticsearch.action.support.replication.TransportShardReplicationOperationAction$AsyncShardOperationAction.start(TransportShardReplicationOperationAction.java:330)
	at org.elasticsearch.action.support.replication.TransportShardReplicationOperationAction.doExecute(TransportShardReplicationOperationAction.java:101)
	at org.elasticsearch.action.index.TransportIndexAction.innerExecute(TransportIndexAction.java:134)
	at org.elasticsearch.action.index.TransportIndexAction.doExecute(TransportIndexAction.java:116)
	at org.elasticsearch.action.index.TransportIndexAction.doExecute(TransportIndexAction.java:66)
	at org.elasticsearch.action.support.TransportAction.execute(TransportAction.java:63)
	at org.elasticsearch.action.support.replication.TransportShardReplicationOperationAction$OperationTransportHandler.messageReceived(TransportShardReplicationOperationAction.java:203)
	at org.elasticsearch.action.support.replication.TransportShardReplicationOperationAction$OperationTransportHandler.messageReceived(TransportShardReplicationOperationAction.java:185)
	at org.elasticsearch.transport.netty.MessageChannelHandler.handleRequest(MessageChannelHandler.java:212)
	at org.elasticsearch.transport.netty.MessageChannelHandler.messageReceived(MessageChannelHandler.java:109)
	at org.jboss.netty.channel.SimpleChannelUpstreamHandler.handleUpstream(SimpleChannelUpstreamHandler.java:70)
	at org.jboss.netty.channel.DefaultChannelPipeline.sendUpstream(DefaultChannelPipeline.java:564)
	at org.jboss.netty.channel.DefaultChannelPipeline$DefaultChannelHandlerContext.sendUpstream(DefaultChannelPipeline.java:791)
	at org.jboss.netty.channel.Channels.fireMessageReceived(Channels.java:296)
	at org.jboss.netty.handler.codec.frame.FrameDecoder.unfoldAndFireMessageReceived(FrameDecoder.java:462)
	at org.jboss.netty.handler.codec.frame.FrameDecoder.callDecode(FrameDecoder.java:443)
	at org.jboss.netty.handler.codec.frame.FrameDecoder.messageReceived(FrameDecoder.java:303)
	at org.jboss.netty.channel.SimpleChannelUpstreamHandler.handleUpstream(SimpleChannelUpstreamHandler.java:70)
	at org.jboss.netty.channel.DefaultChannelPipeline.sendUpstream(DefaultChannelPipeline.java:564)
	at org.jboss.netty.channel.DefaultChannelPipeline$DefaultChannelHandlerContext.sendUpstream(DefaultChannelPipeline.java:791)
	at org.elasticsearch.common.netty.OpenChannelsHandler.handleUpstream(OpenChannelsHandler.java:74)
	at org.jboss.netty.channel.DefaultChannelPipeline.sendUpstream(DefaultChannelPipeline.java:564)
	at org.jboss.netty.channel.DefaultChannelPipeline.sendUpstream(DefaultChannelPipeline.java:559)
	at org.jboss.netty.channel.Channels.fireMessageReceived(Channels.java:268)
	at org.jboss.netty.channel.Channels.fireMessageReceived(Channels.java:255)
	at org.jboss.netty.channel.socket.nio.NioWorker.read(NioWorker.java:88)
	at org.jboss.netty.channel.socket.nio.AbstractNioWorker.process(AbstractNioWorker.java:108)
	at org.jboss.netty.channel.socket.nio.AbstractNioSelector.run(AbstractNioSelector.java:318)
	at org.jboss.netty.channel.socket.nio.AbstractNioWorker.run(AbstractNioWorker.java:89)
	at org.jboss.netty.channel.socket.nio.NioWorker.run(NioWorker.java:178)
	at org.jboss.netty.util.ThreadRenamingRunnable.run(ThreadRenamingRunnable.java:108)
	at org.jboss.netty.util.internal.DeadLockProofWorker$1.run(DeadLockProofWorker.java:42)
	at java.util.concurrent.ThreadPoolExecutor.runWorker(ThreadPoolExecutor.java:1145)
	at java.util.concurrent.ThreadPoolExecutor$Worker.run(ThreadPoolExecutor.java:615)
	at java.lang.Thread.run(Thread.java:744)
[2014-02-18 16:01:57,351][INFO ][cluster.metadata         ] [node_0] [test] update_mapping [type1] (dynamic)
[2014-02-18 16:01:57,352][INFO ][indices.mapping          ] Action Failed
org.elasticsearch.transport.RemoteTransportException: [node_1][inet[/10.1.10.75:9301]][index]
Caused by: org.elasticsearch.common.util.concurrent.EsRejectedExecutionException: rejected execution (queue capacity 200) on org.elasticsearch.action.support.replication.TransportShardReplicationOperationAction$AsyncShardOperationAction$1@3af59369
	at org.elasticsearch.common.util.concurrent.EsAbortPolicy.rejectedExecution(EsAbortPolicy.java:62)
	at java.util.concurrent.ThreadPoolExecutor.reject(ThreadPoolExecutor.java:821)
	at java.util.concurrent.ThreadPoolExecutor.execute(ThreadPoolExecutor.java:1372)
	at org.elasticsearch.action.support.replication.TransportShardReplicationOperationAction$AsyncShardOperationAction.start(TransportShardReplicationOperationAction.java:422)
	at org.elasticsearch.action.support.replication.TransportShardReplicationOperationAction$AsyncShardOperationAction.start(TransportShardReplicationOperationAction.java:330)
	at org.elasticsearch.action.support.replication.TransportShardReplicationOperationAction.doExecute(TransportShardReplicationOperationAction.java:101)
	at org.elasticsearch.action.index.TransportIndexAction.innerExecute(TransportIndexAction.java:134)
	at org.elasticsearch.action.index.TransportIndexAction.doExecute(TransportIndexAction.java:116)
	at org.elasticsearch.action.index.TransportIndexAction.doExecute(TransportIndexAction.java:66)
	at org.elasticsearch.action.support.TransportAction.execute(TransportAction.java:63)
	at org.elasticsearch.action.support.replication.TransportShardReplicationOperationAction$OperationTransportHandler.messageReceived(TransportShardReplicationOperationAction.java:203)
	at org.elasticsearch.action.support.replication.TransportShardReplicationOperationAction$OperationTransportHandler.messageReceived(TransportShardReplicationOperationAction.java:185)
	at org.elasticsearch.transport.netty.MessageChannelHandler.handleRequest(MessageChannelHandler.java:212)
	at org.elasticsearch.transport.netty.MessageChannelHandler.messageReceived(MessageChannelHandler.java:109)
	at org.jboss.netty.channel.SimpleChannelUpstreamHandler.handleUpstream(SimpleChannelUpstreamHandler.java:70)
	at org.jboss.netty.channel.DefaultChannelPipeline.sendUpstream(DefaultChannelPipeline.java:564)
	at org.jboss.netty.channel.DefaultChannelPipeline$DefaultChannelHandlerContext.sendUpstream(DefaultChannelPipeline.java:791)
	at org.jboss.netty.channel.Channels.fireMessageReceived(Channels.java:296)
	at org.jboss.netty.handler.codec.frame.FrameDecoder.unfoldAndFireMessageReceived(FrameDecoder.java:462)
	at org.jboss.netty.handler.codec.frame.FrameDecoder.callDecode(FrameDecoder.java:443)
	at org.jboss.netty.handler.codec.frame.FrameDecoder.messageReceived(FrameDecoder.java:303)
	at org.jboss.netty.channel.SimpleChannelUpstreamHandler.handleUpstream(SimpleChannelUpstreamHandler.java:70)
	at org.jboss.netty.channel.DefaultChannelPipeline.sendUpstream(DefaultChannelPipeline.java:564)
	at org.jboss.netty.channel.DefaultChannelPipeline$DefaultChannelHandlerContext.sendUpstream(DefaultChannelPipeline.java:791)
	at org.elasticsearch.common.netty.OpenChannelsHandler.handleUpstream(OpenChannelsHandler.java:74)
	at org.jboss.netty.channel.DefaultChannelPipeline.sendUpstream(DefaultChannelPipeline.java:564)
	at org.jboss.netty.channel.DefaultChannelPipeline.sendUpstream(DefaultChannelPipeline.java:559)
	at org.jboss.netty.channel.Channels.fireMessageReceived(Channels.java:268)
	at org.jboss.netty.channel.Channels.fireMessageReceived(Channels.java:255)
	at org.jboss.netty.channel.socket.nio.NioWorker.read(NioWorker.java:88)
	at org.jboss.netty.channel.socket.nio.AbstractNioWorker.process(AbstractNioWorker.java:108)
	at org.jboss.netty.channel.socket.nio.AbstractNioSelector.run(AbstractNioSelector.java:318)
	at org.jboss.netty.channel.socket.nio.AbstractNioWorker.run(AbstractNioWorker.java:89)
	at org.jboss.netty.channel.socket.nio.NioWorker.run(NioWorker.java:178)
	at org.jboss.netty.util.ThreadRenamingRunnable.run(ThreadRenamingRunnable.java:108)
	at org.jboss.netty.util.internal.DeadLockProofWorker$1.run(DeadLockProofWorker.java:42)
	at java.util.concurrent.ThreadPoolExecutor.runWorker(ThreadPoolExecutor.java:1145)
	at java.util.concurrent.ThreadPoolExecutor$Worker.run(ThreadPoolExecutor.java:615)
	at java.lang.Thread.run(Thread.java:744)
[2014-02-18 16:01:57,355][INFO ][indices.mapping          ] Action Failed
org.elasticsearch.transport.RemoteTransportException: [node_1][inet[/10.1.10.75:9301]][index]
Caused by: org.elasticsearch.common.util.concurrent.EsRejectedExecutionException: rejected execution (queue capacity 200) on org.elasticsearch.action.support.replication.TransportShardReplicationOperationAction$AsyncShardOperationAction$1@5786669d
	at org.elasticsearch.common.util.concurrent.EsAbortPolicy.rejectedExecution(EsAbortPolicy.java:62)
	at java.util.concurrent.ThreadPoolExecutor.reject(ThreadPoolExecutor.java:821)
	at java.util.concurrent.ThreadPoolExecutor.execute(ThreadPoolExecutor.java:1372)
	at org.elasticsearch.action.support.replication.TransportShardReplicationOperationAction$AsyncShardOperationAction.start(TransportShardReplicationOperationAction.java:422)
	at org.elasticsearch.action.support.replication.TransportShardReplicationOperationAction$AsyncShardOperationAction.start(TransportShardReplicationOperationAction.java:330)
	at org.elasticsearch.action.support.replication.TransportShardReplicationOperationAction.doExecute(TransportShardReplicationOperationAction.java:101)
	at org.elasticsearch.action.index.TransportIndexAction.innerExecute(TransportIndexAction.java:134)
	at org.elasticsearch.action.index.TransportIndexAction.doExecute(TransportIndexAction.java:116)
	at org.elasticsearch.action.index.TransportIndexAction.doExecute(TransportIndexAction.java:66)
	at org.elasticsearch.action.support.TransportAction.execute(TransportAction.java:63)
	at org.elasticsearch.action.support.replication.TransportShardReplicationOperationAction$OperationTransportHandler.messageReceived(TransportShardReplicationOperationAction.java:203)
	at org.elasticsearch.action.support.replication.TransportShardReplicationOperationAction$OperationTransportHandler.messageReceived(TransportShardReplicationOperationAction.java:185)
	at org.elasticsearch.transport.netty.MessageChannelHandler.handleRequest(MessageChannelHandler.java:212)
	at org.elasticsearch.transport.netty.MessageChannelHandler.messageReceived(MessageChannelHandler.java:109)
	at org.jboss.netty.channel.SimpleChannelUpstreamHandler.handleUpstream(SimpleChannelUpstreamHandler.java:70)
	at org.jboss.netty.channel.DefaultChannelPipeline.sendUpstream(DefaultChannelPipeline.java:564)
	at org.jboss.netty.channel.DefaultChannelPipeline$DefaultChannelHandlerContext.sendUpstream(DefaultChannelPipeline.java:791)
	at org.jboss.netty.channel.Channels.fireMessageReceived(Channels.java:296)
	at org.jboss.netty.handler.codec.frame.FrameDecoder.unfoldAndFireMessageReceived(FrameDecoder.java:462)
	at org.jboss.netty.handler.codec.frame.FrameDecoder.callDecode(FrameDecoder.java:443)
	at org.jboss.netty.handler.codec.frame.FrameDecoder.messageReceived(FrameDecoder.java:303)
	at org.jboss.netty.channel.SimpleChannelUpstreamHandler.handleUpstream(SimpleChannelUpstreamHandler.java:70)
	at org.jboss.netty.channel.DefaultChannelPipeline.sendUpstream(DefaultChannelPipeline.java:564)
	at org.jboss.netty.channel.DefaultChannelPipeline$DefaultChannelHandlerContext.sendUpstream(DefaultChannelPipeline.java:791)
	at org.elasticsearch.common.netty.OpenChannelsHandler.handleUpstream(OpenChannelsHandler.java:74)
	at org.jboss.netty.channel.DefaultChannelPipeline.sendUpstream(DefaultChannelPipeline.java:564)
	at org.jboss.netty.channel.DefaultChannelPipeline.sendUpstream(DefaultChannelPipeline.java:559)
	at org.jboss.netty.channel.Channels.fireMessageReceived(Channels.java:268)
	at org.jboss.netty.channel.Channels.fireMessageReceived(Channels.java:255)
	at org.jboss.netty.channel.socket.nio.NioWorker.read(NioWorker.java:88)
	at org.jboss.netty.channel.socket.nio.AbstractNioWorker.process(AbstractNioWorker.java:108)
	at org.jboss.netty.channel.socket.nio.AbstractNioSelector.run(AbstractNioSelector.java:318)
	at org.jboss.netty.channel.socket.nio.AbstractNioWorker.run(AbstractNioWorker.java:89)
	at org.jboss.netty.channel.socket.nio.NioWorker.run(NioWorker.java:178)
	at org.jboss.netty.util.ThreadRenamingRunnable.run(ThreadRenamingRunnable.java:108)
	at org.jboss.netty.util.internal.DeadLockProofWorker$1.run(DeadLockProofWorker.java:42)
	at java.util.concurrent.ThreadPoolExecutor.runWorker(ThreadPoolExecutor.java:1145)
	at java.util.concurrent.ThreadPoolExecutor$Worker.run(ThreadPoolExecutor.java:615)
	at java.lang.Thread.run(Thread.java:744)
[2014-02-18 16:01:57,354][INFO ][cluster.metadata         ] [node_0] [test] update_mapping [type0] (dynamic)
[2014-02-18 16:01:57,357][INFO ][indices.mapping          ] Action Failed
org.elasticsearch.transport.RemoteTransportException: [node_1][inet[/10.1.10.75:9301]][index]
Caused by: org.elasticsearch.common.util.concurrent.EsRejectedExecutionException: rejected execution (queue capacity 200) on org.elasticsearch.action.support.replication.TransportShardReplicationOperationAction$AsyncShardOperationAction$1@65aedea3
	at org.elasticsearch.common.util.concurrent.EsAbortPolicy.rejectedExecution(EsAbortPolicy.java:62)
	at java.util.concurrent.ThreadPoolExecutor.reject(ThreadPoolExecutor.java:821)
	at java.util.concurrent.ThreadPoolExecutor.execute(ThreadPoolExecutor.java:1372)
	at org.elasticsearch.action.support.replication.TransportShardReplicationOperationAction$AsyncShardOperationAction.start(TransportShardReplicationOperationAction.java:422)
	at org.elasticsearch.action.support.replication.TransportShardReplicationOperationAction$AsyncShardOperationAction.start(TransportShardReplicationOperationAction.java:330)
	at org.elasticsearch.action.support.replication.TransportShardReplicationOperationAction.doExecute(TransportShardReplicationOperationAction.java:101)
	at org.elasticsearch.action.index.TransportIndexAction.innerExecute(TransportIndexAction.java:134)
	at org.elasticsearch.action.index.TransportIndexAction.doExecute(TransportIndexAction.java:116)
	at org.elasticsearch.action.index.TransportIndexAction.doExecute(TransportIndexAction.java:66)
	at org.elasticsearch.action.support.TransportAction.execute(TransportAction.java:63)
	at org.elasticsearch.action.support.replication.TransportShardReplicationOperationAction$OperationTransportHandler.messageReceived(TransportShardReplicationOperationAction.java:203)
	at org.elasticsearch.action.support.replication.TransportShardReplicationOperationAction$OperationTransportHandler.messageReceived(TransportShardReplicationOperationAction.java:185)
	at org.elasticsearch.transport.netty.MessageChannelHandler.handleRequest(MessageChannelHandler.java:212)
	at org.elasticsearch.transport.netty.MessageChannelHandler.messageReceived(MessageChannelHandler.java:109)
	at org.jboss.netty.channel.SimpleChannelUpstreamHandler.handleUpstream(SimpleChannelUpstreamHandler.java:70)
	at org.jboss.netty.channel.DefaultChannelPipeline.sendUpstream(DefaultChannelPipeline.java:564)
	at org.jboss.netty.channel.DefaultChannelPipeline$DefaultChannelHandlerContext.sendUpstream(DefaultChannelPipeline.java:791)
	at org.jboss.netty.channel.Channels.fireMessageReceived(Channels.java:296)
	at org.jboss.netty.handler.codec.frame.FrameDecoder.unfoldAndFireMessageReceived(FrameDecoder.java:462)
	at org.jboss.netty.handler.codec.frame.FrameDecoder.callDecode(FrameDecoder.java:443)
	at org.jboss.netty.handler.codec.frame.FrameDecoder.messageReceived(FrameDecoder.java:303)
	at org.jboss.netty.channel.SimpleChannelUpstreamHandler.handleUpstream(SimpleChannelUpstreamHandler.java:70)
	at org.jboss.netty.channel.DefaultChannelPipeline.sendUpstream(DefaultChannelPipeline.java:564)
	at org.jboss.netty.channel.DefaultChannelPipeline$DefaultChannelHandlerContext.sendUpstream(DefaultChannelPipeline.java:791)
	at org.elasticsearch.common.netty.OpenChannelsHandler.handleUpstream(OpenChannelsHandler.java:74)
	at org.jboss.netty.channel.DefaultChannelPipeline.sendUpstream(DefaultChannelPipeline.java:564)
	at org.jboss.netty.channel.DefaultChannelPipeline.sendUpstream(DefaultChannelPipeline.java:559)
	at org.jboss.netty.channel.Channels.fireMessageReceived(Channels.java:268)
	at org.jboss.netty.channel.Channels.fireMessageReceived(Channels.java:255)
	at org.jboss.netty.channel.socket.nio.NioWorker.read(NioWorker.java:88)
	at org.jboss.netty.channel.socket.nio.AbstractNioWorker.process(AbstractNioWorker.java:108)
	at org.jboss.netty.channel.socket.nio.AbstractNioSelector.run(AbstractNioSelector.java:318)
	at org.jboss.netty.channel.socket.nio.AbstractNioWorker.run(AbstractNioWorker.java:89)
	at org.jboss.netty.channel.socket.nio.NioWorker.run(NioWorker.java:178)
	at org.jboss.netty.util.ThreadRenamingRunnable.run(ThreadRenamingRunnable.java:108)
	at org.jboss.netty.util.internal.DeadLockProofWorker$1.run(DeadLockProofWorker.java:42)
	at java.util.concurrent.ThreadPoolExecutor.runWorker(ThreadPoolExecutor.java:1145)
	at java.util.concurrent.ThreadPoolExecutor$Worker.run(ThreadPoolExecutor.java:615)
	at java.lang.Thread.run(Thread.java:744)
[2014-02-18 16:01:57,576][INFO ][cluster.metadata         ] [node_0] [test] update_mapping [type2] (dynamic)
[2014-02-18 16:01:57,596][INFO ][cluster.metadata         ] [node_0] [test] update_mapping [type2] (dynamic)
[2014-02-18 16:01:57,598][INFO ][cluster.metadata         ] [node_0] [test] update_mapping [type0] (dynamic)
[2014-02-18 16:01:57,600][INFO ][cluster.metadata         ] [node_0] [test] update_mapping [type1] (dynamic)
[2014-02-18 16:01:57,633][INFO ][cluster.metadata         ] [node_0] [test] update_mapping [type0] (dynamic)
[2014-02-18 16:01:57,635][INFO ][cluster.metadata         ] [node_0] [test] update_mapping [type1] (dynamic)
[2014-02-18 16:01:57,636][INFO ][cluster.metadata         ] [node_0] [test] update_mapping [type2] (dynamic)
[2014-02-18 16:01:57,660][INFO ][cluster.metadata         ] [node_0] [test] update_mapping [type0] (dynamic)
[2014-02-18 16:01:57,662][INFO ][cluster.metadata         ] [node_0] [test] update_mapping [type2] (dynamic)
[2014-02-18 16:01:57,664][INFO ][cluster.metadata         ] [node_0] [test] update_mapping [type1] (dynamic)
[2014-02-18 16:01:57,690][INFO ][cluster.metadata         ] [node_0] [test] update_mapping [type0] (dynamic)
[2014-02-18 16:01:57,692][INFO ][cluster.metadata         ] [node_0] [test] update_mapping [type1] (dynamic)
[2014-02-18 16:01:57,694][INFO ][cluster.metadata         ] [node_0] [test] update_mapping [type2] (dynamic)
[2014-02-18 16:01:57,717][INFO ][cluster.metadata         ] [node_0] [test] update_mapping [type1] (dynamic)
[2014-02-18 16:01:57,719][INFO ][cluster.metadata         ] [node_0] [test] update_mapping [type2] (dynamic)
[2014-02-18 16:01:57,721][INFO ][cluster.metadata         ] [node_0] [test] update_mapping [type0] (dynamic)
[2014-02-18 16:01:57,844][INFO ][indices.mapping          ] checking all the documents are there
[2014-02-18 16:01:57,845][INFO ][indices.mapping          ] checking all the fields are in the mappings
[2014-02-18 16:01:57,847][INFO ][indices.mapping          ] [UpdateMappingTests#dynamicUpdates]: cleaning up after test
[2014-02-18 16:01:57,849][INFO ][cluster.metadata         ] [node_0] [test] deleting index
[2014-02-18 16:01:57,860][INFO ][indices.mapping          ] [UpdateMappingTests#dynamicUpdates]: cleaned up after test
[2014-02-18 16:01:57,864][INFO ][test                     ] Test dynamicUpdates(org.elasticsearch.indices.mapping.UpdateMappingTests) finished
[2014-02-18 16:01:57,865][INFO ][test                     ] Test updateMappingWithoutType(org.elasticsearch.indices.mapping.UpdateMappingTests) started
[2014-02-18 16:01:57,869][INFO ][indices.mapping          ] [UpdateMappingTests#updateMappingWithoutType]: before test
[2014-02-18 16:01:57,881][INFO ][cluster.metadata         ] [node_0] [test] creating index, cause [api], shards [1]/[0], mappings [doc]
[2014-02-18 16:01:57,912][INFO ][cluster.metadata         ] [node_0] [test] update_mapping [doc]
[2014-02-18 16:01:57,915][INFO ][indices.mapping          ] [UpdateMappingTests#updateMappingWithoutType]: cleaning up after test
[2014-02-18 16:01:57,916][INFO ][cluster.metadata         ] [node_0] [test] deleting index
[2014-02-18 16:01:57,923][INFO ][indices.mapping          ] [UpdateMappingTests#updateMappingWithoutType]: cleaned up after test
[2014-02-18 16:01:57,924][INFO ][test                     ] Test updateMappingWithoutType(org.elasticsearch.indices.mapping.UpdateMappingTests) finished
[2014-02-18 16:01:57,925][INFO ][test                     ] Test updateIncludeExclude(org.elasticsearch.indices.mapping.UpdateMappingTests) started
[2014-02-18 16:01:57,930][INFO ][plugins                  ] [transport_client_node_2] loaded [], sites []
[2014-02-18 16:01:57,962][INFO ][plugins                  ] [transport_client_node_1] loaded [], sites []
[2014-02-18 16:01:57,998][INFO ][indices.mapping          ] [UpdateMappingTests#updateIncludeExclude]: before test
[2014-02-18 16:01:58,013][INFO ][cluster.metadata         ] [node_0] [test] creating index, cause [api], shards [5]/[1], mappings [type]
[2014-02-18 16:01:58,338][INFO ][indices.mapping          ] Index doc
[2014-02-18 16:01:58,357][INFO ][indices.mapping          ] Adding exclude settings
[2014-02-18 16:01:58,358][INFO ][cluster.metadata         ] [node_0] [test] update_mapping [type]
[2014-02-18 16:01:58,361][INFO ][indices.mapping          ] Index doc again
[2014-02-18 16:01:58,365][INFO ][indices.mapping          ] Changing mapping to includes
[2014-02-18 16:01:58,367][INFO ][cluster.metadata         ] [node_0] [test] update_mapping [type]
[2014-02-18 16:01:58,371][INFO ][indices.mapping          ] Indexing doc yet again
[2014-02-18 16:01:58,374][INFO ][indices.mapping          ] Adding excludes, but keep includes
[2014-02-18 16:01:58,375][INFO ][cluster.metadata         ] [node_0] [test] update_mapping [type]
[2014-02-18 16:01:58,379][INFO ][indices.mapping          ] [UpdateMappingTests#updateIncludeExclude]: cleaning up after test
[2014-02-18 16:01:58,380][INFO ][cluster.metadata         ] [node_0] [test] deleting index
[2014-02-18 16:01:58,443][INFO ][indices.mapping          ] [UpdateMappingTests#updateIncludeExclude]: cleaned up after test
[2014-02-18 16:01:58,450][INFO ][test                     ] Test updateIncludeExclude(org.elasticsearch.indices.mapping.UpdateMappingTests) finished
[2014-02-18 16:01:58,451][INFO ][test                     ] Test updateDefaultMappingSettings(org.elasticsearch.indices.mapping.UpdateMappingTests) started
[2014-02-18 16:01:58,456][INFO ][plugins                  ] [transport_client_node_2] loaded [], sites []
[2014-02-18 16:01:58,483][INFO ][indices.mapping          ] [UpdateMappingTests#updateDefaultMappingSettings]: before test
[2014-02-18 16:01:58,484][INFO ][indices.mapping          ] Creating index with _default_ mappings
[2014-02-18 16:01:58,493][INFO ][cluster.metadata         ] [node_0] [test] creating index, cause [api], shards [5]/[1], mappings [_default_]
[2014-02-18 16:01:58,549][INFO ][plugins                  ] [transport_client_node_1] loaded [], sites []
[2014-02-18 16:01:58,586][INFO ][indices.mapping          ] Emptying _default_ mappings
[2014-02-18 16:01:58,615][INFO ][cluster.metadata         ] [node_0] [test] update_mapping [_default_]
[2014-02-18 16:01:58,618][INFO ][indices.mapping          ] Done Emptying _default_ mappings
[2014-02-18 16:01:58,619][INFO ][indices.mapping          ] Creating _default_ mappings with an analyzed field
[2014-02-18 16:01:58,621][INFO ][cluster.metadata         ] [node_0] [test] update_mapping [_default_]
[2014-02-18 16:01:58,624][INFO ][indices.mapping          ] Changing _default_ mappings field from analyzed to non-analyzed
[2014-02-18 16:01:58,626][INFO ][cluster.metadata         ] [node_0] [test] update_mapping [_default_]
[2014-02-18 16:01:58,629][INFO ][indices.mapping          ] Done changing _default_ mappings field from analyzed to non-analyzed
[2014-02-18 16:01:58,630][INFO ][indices.mapping          ] Confirming _default_ mappings validation
[2014-02-18 16:01:58,640][INFO ][indices.mapping          ] [UpdateMappingTests#updateDefaultMappingSettings]: cleaning up after test
[2014-02-18 16:01:58,643][INFO ][cluster.metadata         ] [node_0] [test] deleting index
[2014-02-18 16:01:58,715][INFO ][indices.mapping          ] [UpdateMappingTests#updateDefaultMappingSettings]: cleaned up after test
[2014-02-18 16:01:58,724][INFO ][test                     ] Test updateDefaultMappingSettings(org.elasticsearch.indices.mapping.UpdateMappingTests) finished
[2014-02-18 16:01:58,724][INFO ][test                     ] Test updateMappingWithIgnoredConflicts(org.elasticsearch.indices.mapping.UpdateMappingTests) started
[2014-02-18 16:01:58,729][INFO ][plugins                  ] [transport_client_node_0] loaded [], sites []
[2014-02-18 16:01:58,760][INFO ][plugins                  ] [transport_client_node_1] loaded [], sites []
[2014-02-18 16:01:58,787][INFO ][plugins                  ] [transport_client_node_2] loaded [], sites []
[2014-02-18 16:01:58,815][INFO ][indices.mapping          ] [UpdateMappingTests#updateMappingWithIgnoredConflicts]: before test
[2014-02-18 16:01:58,827][INFO ][cluster.metadata         ] [node_0] [test] creating index, cause [api], shards [2]/[0], mappings [type]
[2014-02-18 16:01:58,873][INFO ][indices.mapping          ] [UpdateMappingTests#updateMappingWithIgnoredConflicts]: cleaning up after test
[2014-02-18 16:01:58,874][INFO ][cluster.metadata         ] [node_0] [test] deleting index
[2014-02-18 16:01:58,884][INFO ][indices.mapping          ] [UpdateMappingTests#updateMappingWithIgnoredConflicts]: cleaned up after test
[2014-02-18 16:01:58,894][INFO ][test                     ] Test updateMappingWithIgnoredConflicts(org.elasticsearch.indices.mapping.UpdateMappingTests) finished
]]></system-out>
   <system-err><![CDATA[]]></system-err>
</testsuite>