<testsuite errors="0" failures="0" tests="17" skipped="0" name="org.elasticsearch.search.suggest.SuggestSearchTests" hostname="nohost.nodomain" time="18.999" timestamp="2014-02-18T16:04:02">
   <properties class="java.util.ArrayList">
      <property name="awt.toolkit" value="sun.lwawt.macosx.LWCToolkit"/>
      <property name="es.logger.level" value="INFO"/>
      <property name="es.logger.prefix" value=""/>
      <property name="es.node.local" value=""/>
      <property name="es.node.mode" value=""/>
      <property name="file.encoding" value="UTF-8"/>
      <property name="file.encoding.pkg" value="sun.io"/>
      <property name="file.separator" value="/"/>
      <property name="ftp.nonProxyHosts" value="local|*.local|169.254/16|*.169.254/16"/>
      <property name="gopherProxySet" value="false"/>
      <property name="http.nonProxyHosts" value="local|*.local|169.254/16|*.169.254/16"/>
      <property name="java.awt.graphicsenv" value="sun.awt.CGraphicsEnvironment"/>
      <property name="java.awt.headless" value="true"/>
      <property name="java.awt.printerjob" value="sun.lwawt.macosx.CPrinterJob"/>
      <property name="java.class.path" value="/Users/bhwang/elasticsearch/target/test-classes:/Users/bhwang/elasticsearch/target/classes:/Users/bhwang/.m2/repository/org/hamcrest/hamcrest-all/1.3/hamcrest-all-1.3.jar:/Users/bhwang/.m2/repository/com/carrotsearch/randomizedtesting/randomizedtesting-runner/2.0.15/randomizedtesting-runner-2.0.15.jar:/Users/bhwang/.m2/repository/junit/junit/4.10/junit-4.10.jar:/Users/bhwang/.m2/repository/org/apache/lucene/lucene-test-framework/4.6.1/lucene-test-framework-4.6.1.jar:/Users/bhwang/.m2/repository/org/apache/lucene/lucene-expressions/4.6.1/lucene-expressions-4.6.1.jar:/Users/bhwang/.m2/repository/org/antlr/antlr-runtime/3.5/antlr-runtime-3.5.jar:/Users/bhwang/.m2/repository/org/ow2/asm/asm/4.1/asm-4.1.jar:/Users/bhwang/.m2/repository/org/ow2/asm/asm-commons/4.1/asm-commons-4.1.jar:/Users/bhwang/.m2/repository/org/apache/httpcomponents/httpclient/4.3.1/httpclient-4.3.1.jar:/Users/bhwang/.m2/repository/org/apache/httpcomponents/httpcore/4.3/httpcore-4.3.jar:/Users/bhwang/.m2/repository/commons-logging/commons-logging/1.1.3/commons-logging-1.1.3.jar:/Users/bhwang/.m2/repository/commons-codec/commons-codec/1.6/commons-codec-1.6.jar:/Users/bhwang/.m2/repository/org/apache/lucene/lucene-core/4.6.1/lucene-core-4.6.1.jar:/Users/bhwang/.m2/repository/org/apache/lucene/lucene-analyzers-common/4.6.1/lucene-analyzers-common-4.6.1.jar:/Users/bhwang/.m2/repository/org/apache/lucene/lucene-codecs/4.6.1/lucene-codecs-4.6.1.jar:/Users/bhwang/.m2/repository/org/apache/lucene/lucene-queries/4.6.1/lucene-queries-4.6.1.jar:/Users/bhwang/.m2/repository/org/apache/lucene/lucene-memory/4.6.1/lucene-memory-4.6.1.jar:/Users/bhwang/.m2/repository/org/apache/lucene/lucene-highlighter/4.6.1/lucene-highlighter-4.6.1.jar:/Users/bhwang/.m2/repository/org/apache/lucene/lucene-queryparser/4.6.1/lucene-queryparser-4.6.1.jar:/Users/bhwang/.m2/repository/org/apache/lucene/lucene-sandbox/4.6.1/lucene-sandbox-4.6.1.jar:/Users/bhwang/.m2/repository/org/apache/lucene/lucene-suggest/4.6.1/lucene-suggest-4.6.1.jar:/Users/bhwang/.m2/repository/org/apache/lucene/lucene-misc/4.6.1/lucene-misc-4.6.1.jar:/Users/bhwang/.m2/repository/org/apache/lucene/lucene-join/4.6.1/lucene-join-4.6.1.jar:/Users/bhwang/.m2/repository/org/apache/lucene/lucene-grouping/4.6.1/lucene-grouping-4.6.1.jar:/Users/bhwang/.m2/repository/org/apache/lucene/lucene-spatial/4.6.1/lucene-spatial-4.6.1.jar:/Users/bhwang/.m2/repository/com/spatial4j/spatial4j/0.3/spatial4j-0.3.jar:/Users/bhwang/.m2/repository/com/vividsolutions/jts/1.12/jts-1.12.jar:/Users/bhwang/.m2/repository/com/google/guava/guava/16.0/guava-16.0.jar:/Users/bhwang/.m2/repository/com/carrotsearch/hppc/0.5.3/hppc-0.5.3.jar:/Users/bhwang/.m2/repository/joda-time/joda-time/2.3/joda-time-2.3.jar:/Users/bhwang/.m2/repository/org/joda/joda-convert/1.2/joda-convert-1.2.jar:/Users/bhwang/.m2/repository/org/mvel/mvel2/2.1.5.Final/mvel2-2.1.5.Final.jar:/Users/bhwang/.m2/repository/com/fasterxml/jackson/core/jackson-core/2.3.0/jackson-core-2.3.0.jar:/Users/bhwang/.m2/repository/com/fasterxml/jackson/dataformat/jackson-dataformat-smile/2.3.0/jackson-dataformat-smile-2.3.0.jar:/Users/bhwang/.m2/repository/com/fasterxml/jackson/dataformat/jackson-dataformat-yaml/2.3.0/jackson-dataformat-yaml-2.3.0.jar:/Users/bhwang/.m2/repository/io/netty/netty/3.9.0.Final/netty-3.9.0.Final.jar:/Users/bhwang/.m2/repository/com/ning/compress-lzf/0.9.6/compress-lzf-0.9.6.jar:/Users/bhwang/.m2/repository/log4j/log4j/1.2.17/log4j-1.2.17.jar:/Users/bhwang/.m2/repository/org/slf4j/slf4j-api/1.6.2/slf4j-api-1.6.2.jar:/Users/bhwang/.m2/repository/net/java/dev/jna/jna/3.3.0/jna-3.3.0.jar:/Users/bhwang/.m2/repository/org/fusesource/sigar/1.6.4/sigar-1.6.4.jar:/Users/bhwang/.m2/repository/com/carrotsearch/randomizedtesting/junit4-ant/2.0.15/junit4-ant-2.0.15.jar"/>
      <property name="java.class.version" value="51.0"/>
      <property name="java.endorsed.dirs" value="/Library/Java/JavaVirtualMachines/jdk1.7.0_45.jdk/Contents/Home/jre/lib/endorsed"/>
      <property name="java.ext.dirs" value="/Users/bhwang/Library/Java/Extensions:/Library/Java/JavaVirtualMachines/jdk1.7.0_45.jdk/Contents/Home/jre/lib/ext:/Library/Java/Extensions:/Network/Library/Java/Extensions:/System/Library/Java/Extensions:/usr/lib/java"/>
      <property name="java.home" value="/Library/Java/JavaVirtualMachines/jdk1.7.0_45.jdk/Contents/Home/jre"/>
      <property name="java.io.tmpdir" value="."/>
      <property name="java.library.path" value="/Users/bhwang/Library/Java/Extensions:/Library/Java/Extensions:/Network/Library/Java/Extensions:/System/Library/Java/Extensions:/usr/lib/java:."/>
      <property name="java.runtime.name" value="Java(TM) SE Runtime Environment"/>
      <property name="java.runtime.version" value="1.7.0_45-b18"/>
      <property name="java.security.policy" value="/Users/bhwang/elasticsearch/dev-tools/tests.policy"/>
      <property name="java.specification.name" value="Java Platform API Specification"/>
      <property name="java.specification.vendor" value="Oracle Corporation"/>
      <property name="java.specification.version" value="1.7"/>
      <property name="java.vendor" value="Oracle Corporation"/>
      <property name="java.vendor.url" value="http://java.oracle.com/"/>
      <property name="java.vendor.url.bug" value="http://bugreport.sun.com/bugreport/"/>
      <property name="java.version" value="1.7.0_45"/>
      <property name="java.vm.info" value="mixed mode"/>
      <property name="java.vm.name" value="Java HotSpot(TM) 64-Bit Server VM"/>
      <property name="java.vm.specification.name" value="Java Virtual Machine Specification"/>
      <property name="java.vm.specification.vendor" value="Oracle Corporation"/>
      <property name="java.vm.specification.version" value="1.7"/>
      <property name="java.vm.vendor" value="Oracle Corporation"/>
      <property name="java.vm.version" value="24.45-b08"/>
      <property name="junit4.childvm.cwd" value="/Users/bhwang/elasticsearch/target/J0"/>
      <property name="junit4.childvm.id" value="0"/>
      <property name="junit4.memory.total" value="128974848"/>
      <property name="junit4.pidString" value="6815@Bills-MacBook-Pro.local"/>
      <property name="junit4.processors" value="4"/>
      <property name="junit4.tempDir" value="/Users/bhwang/elasticsearch/target"/>
      <property name="line.separator" value="
"/>
      <property name="os.arch" value="x86_64"/>
      <property name="os.name" value="Mac OS X"/>
      <property name="os.version" value="10.9.1"/>
      <property name="path.separator" value=":"/>
      <property name="socksNonProxyHosts" value="local|*.local|169.254/16|*.169.254/16"/>
      <property name="sun.arch.data.model" value="64"/>
      <property name="sun.boot.class.path" value="/Library/Java/JavaVirtualMachines/jdk1.7.0_45.jdk/Contents/Home/jre/lib/resources.jar:/Library/Java/JavaVirtualMachines/jdk1.7.0_45.jdk/Contents/Home/jre/lib/rt.jar:/Library/Java/JavaVirtualMachines/jdk1.7.0_45.jdk/Contents/Home/jre/lib/sunrsasign.jar:/Library/Java/JavaVirtualMachines/jdk1.7.0_45.jdk/Contents/Home/jre/lib/jsse.jar:/Library/Java/JavaVirtualMachines/jdk1.7.0_45.jdk/Contents/Home/jre/lib/jce.jar:/Library/Java/JavaVirtualMachines/jdk1.7.0_45.jdk/Contents/Home/jre/lib/charsets.jar:/Library/Java/JavaVirtualMachines/jdk1.7.0_45.jdk/Contents/Home/jre/lib/jfr.jar:/Library/Java/JavaVirtualMachines/jdk1.7.0_45.jdk/Contents/Home/jre/lib/JObjC.jar:/Library/Java/JavaVirtualMachines/jdk1.7.0_45.jdk/Contents/Home/jre/classes"/>
      <property name="sun.boot.library.path" value="/Library/Java/JavaVirtualMachines/jdk1.7.0_45.jdk/Contents/Home/jre/lib"/>
      <property name="sun.cpu.endian" value="little"/>
      <property name="sun.cpu.isalist" value=""/>
      <property name="sun.io.unicode.encoding" value="UnicodeBig"/>
      <property name="sun.java.command" value="com.carrotsearch.ant.tasks.junit4.slave.SlaveMainSafe -flush -eventsfile /Users/bhwang/elasticsearch/target/junit4-J0-20140218_153326_767.events @/Users/bhwang/elasticsearch/target/junit4-J0-20140218_153326_767.suites -stdin"/>
      <property name="sun.java.launcher" value="SUN_STANDARD"/>
      <property name="sun.jnu.encoding" value="UTF-8"/>
      <property name="sun.management.compiler" value="HotSpot 64-Bit Tiered Compilers"/>
      <property name="sun.os.patch.level" value="unknown"/>
      <property name="tests.appendseed" value=""/>
      <property name="tests.assertion.disabled" value=""/>
      <property name="tests.awaitsfix" value=""/>
      <property name="tests.badapples" value=""/>
      <property name="tests.class" value=""/>
      <property name="tests.client.ratio" value=""/>
      <property name="tests.cluster_seed" value=""/>
      <property name="tests.enable_mock_modules" value=""/>
      <property name="tests.failfast" value=""/>
      <property name="tests.integration" value=""/>
      <property name="tests.iters" value=""/>
      <property name="tests.jvm.argline" value=""/>
      <property name="tests.maxfailures" value=""/>
      <property name="tests.method" value=""/>
      <property name="tests.network" value=""/>
      <property name="tests.nightly" value=""/>
      <property name="tests.prefix" value="tests"/>
      <property name="tests.rest" value=""/>
      <property name="tests.rest.spec" value=""/>
      <property name="tests.rest.suite" value=""/>
      <property name="tests.security.manager" value=""/>
      <property name="tests.seed" value="A89B4FF56754358E"/>
      <property name="tests.showSuccess" value=""/>
      <property name="tests.slow" value=""/>
      <property name="tests.timeoutSuite" value=""/>
      <property name="tests.weekly" value=""/>
      <property name="user.country" value="US"/>
      <property name="user.dir" value="/Users/bhwang/elasticsearch/target/J0"/>
      <property name="user.home" value="/Users/bhwang"/>
      <property name="user.language" value="en"/>
      <property name="user.name" value="bhwang"/>
      <property name="user.timezone" value=""/>
   </properties>
   <testcase classname="org.elasticsearch.search.suggest.SuggestSearchTests" name="testStopwordsOnlyPhraseSuggest" time="0.457"/>
   <testcase classname="org.elasticsearch.search.suggest.SuggestSearchTests" name="testSizePararm" time="0.39"/>
   <testcase classname="org.elasticsearch.search.suggest.SuggestSearchTests" name="testPhraseBoundaryCases" time="5.642"/>
   <testcase classname="org.elasticsearch.search.suggest.SuggestSearchTests" name="testSuggestModes" time="0.212"/>
   <testcase classname="org.elasticsearch.search.suggest.SuggestSearchTests" name="testSuggestAcrossMultipleIndices" time="1.649"/>
   <testcase classname="org.elasticsearch.search.suggest.SuggestSearchTests" name="testPrefixLength" time="0.253"/>
   <testcase classname="org.elasticsearch.search.suggest.SuggestSearchTests" name="testEmptyShards" time="0.29"/>
   <testcase classname="org.elasticsearch.search.suggest.SuggestSearchTests" name="testSearchForRarePhrase" time="0.883"/>
   <testcase classname="org.elasticsearch.search.suggest.SuggestSearchTests" name="testSizeAndSort" time="0.454"/>
   <testcase classname="org.elasticsearch.search.suggest.SuggestSearchTests" name="testMarvelHerosPhraseSuggest" time="6.045"/>
   <testcase classname="org.elasticsearch.search.suggest.SuggestSearchTests" name="testShardFailures" time="0.987"/>
   <testcase classname="org.elasticsearch.search.suggest.SuggestSearchTests" name="testWithMultipleCommands" time="0.37"/>
   <testcase classname="org.elasticsearch.search.suggest.SuggestSearchTests" name="testSizeOneShard" time="0.18"/>
   <testcase classname="org.elasticsearch.search.suggest.SuggestSearchTests" name="testSimple" time="0.199"/>
   <testcase classname="org.elasticsearch.search.suggest.SuggestSearchTests" name="testDifferentShardSize" time="0.432"/>
   <testcase classname="org.elasticsearch.search.suggest.SuggestSearchTests" name="testEmpty" time="0.164"/>
   <testcase classname="org.elasticsearch.search.suggest.SuggestSearchTests" name="testUnmappedField" time="0.356"/>
   <system-out><![CDATA[[2014-02-18 16:04:02,839][INFO ][test                     ] Test testStopwordsOnlyPhraseSuggest(org.elasticsearch.search.suggest.SuggestSearchTests) started
[2014-02-18 16:04:02,851][INFO ][plugins                  ] [transport_client_node_0] loaded [], sites []
[2014-02-18 16:04:03,006][INFO ][plugins                  ] [transport_client_node_1] loaded [], sites []
[2014-02-18 16:04:03,137][INFO ][search.suggest           ] [SuggestSearchTests#testStopwordsOnlyPhraseSuggest]: before test
[2014-02-18 16:04:03,140][INFO ][plugins                  ] [transport_client_node_2] loaded [], sites []
[2014-02-18 16:04:03,204][INFO ][cluster.metadata         ] [node_0] [test] creating index, cause [api], shards [1]/[0], mappings []
[2014-02-18 16:04:03,245][INFO ][cluster.metadata         ] [node_0] [test] update_mapping [typ1] (dynamic)
[2014-02-18 16:04:03,274][INFO ][search.suggest           ] [SuggestSearchTests#testStopwordsOnlyPhraseSuggest]: cleaning up after test
[2014-02-18 16:04:03,276][INFO ][cluster.metadata         ] [node_0] [test] deleting index
[2014-02-18 16:04:03,284][INFO ][search.suggest           ] [SuggestSearchTests#testStopwordsOnlyPhraseSuggest]: cleaned up after test
[2014-02-18 16:04:03,295][INFO ][test                     ] Test testStopwordsOnlyPhraseSuggest(org.elasticsearch.search.suggest.SuggestSearchTests) finished
[2014-02-18 16:04:03,295][INFO ][test                     ] Test testSizePararm(org.elasticsearch.search.suggest.SuggestSearchTests) started
[2014-02-18 16:04:03,299][INFO ][plugins                  ] [transport_client_node_2] loaded [], sites []
[2014-02-18 16:04:03,321][INFO ][plugins                  ] [transport_client_node_0] loaded [], sites []
[2014-02-18 16:04:03,344][INFO ][search.suggest           ] [SuggestSearchTests#testSizePararm]: before test
[2014-02-18 16:04:03,365][INFO ][cluster.metadata         ] [node_0] [test] creating index, cause [api], shards [1]/[1], mappings [type1]
[2014-02-18 16:04:03,666][INFO ][search.suggest           ] [SuggestSearchTests#testSizePararm]: cleaning up after test
[2014-02-18 16:04:03,668][INFO ][cluster.metadata         ] [node_0] [test] deleting index
[2014-02-18 16:04:03,677][INFO ][search.suggest           ] [SuggestSearchTests#testSizePararm]: cleaned up after test
[2014-02-18 16:04:03,684][INFO ][test                     ] Test testSizePararm(org.elasticsearch.search.suggest.SuggestSearchTests) finished
[2014-02-18 16:04:03,685][INFO ][test                     ] Test testPhraseBoundaryCases(org.elasticsearch.search.suggest.SuggestSearchTests) started
[2014-02-18 16:04:03,689][INFO ][plugins                  ] [transport_client_node_0] loaded [], sites []
[2014-02-18 16:04:03,714][INFO ][search.suggest           ] [SuggestSearchTests#testPhraseBoundaryCases]: before test
[2014-02-18 16:04:03,725][INFO ][cluster.metadata         ] [node_0] [test] creating index, cause [api], shards [5]/[1], mappings [type1]
[2014-02-18 16:04:03,785][INFO ][plugins                  ] [transport_client_node_1] loaded [], sites []
[2014-02-18 16:04:08,938][INFO ][search.suggest           ] [SuggestSearchTests#testPhraseBoundaryCases]: cleaning up after test
[2014-02-18 16:04:08,945][INFO ][cluster.metadata         ] [node_0] [test] deleting index
[2014-02-18 16:04:09,317][INFO ][search.suggest           ] [SuggestSearchTests#testPhraseBoundaryCases]: cleaned up after test
[2014-02-18 16:04:09,327][INFO ][test                     ] Test testPhraseBoundaryCases(org.elasticsearch.search.suggest.SuggestSearchTests) finished
[2014-02-18 16:04:09,327][INFO ][test                     ] Test testSuggestModes(org.elasticsearch.search.suggest.SuggestSearchTests) started
[2014-02-18 16:04:09,333][INFO ][plugins                  ] [transport_client_node_1] loaded [], sites []
[2014-02-18 16:04:09,362][INFO ][plugins                  ] [transport_client_node_0] loaded [], sites []
[2014-02-18 16:04:09,395][INFO ][plugins                  ] [transport_client_node_2] loaded [], sites []
[2014-02-18 16:04:09,434][INFO ][search.suggest           ] [SuggestSearchTests#testSuggestModes]: before test
[2014-02-18 16:04:09,449][INFO ][cluster.metadata         ] [node_0] [test] creating index, cause [api], shards [1]/[0], mappings [type1]
[2014-02-18 16:04:09,514][INFO ][search.suggest           ] [SuggestSearchTests#testSuggestModes]: cleaning up after test
[2014-02-18 16:04:09,516][INFO ][cluster.metadata         ] [node_0] [test] deleting index
[2014-02-18 16:04:09,528][INFO ][search.suggest           ] [SuggestSearchTests#testSuggestModes]: cleaned up after test
[2014-02-18 16:04:09,539][INFO ][test                     ] Test testSuggestModes(org.elasticsearch.search.suggest.SuggestSearchTests) finished
[2014-02-18 16:04:09,539][INFO ][test                     ] Test testSuggestAcrossMultipleIndices(org.elasticsearch.search.suggest.SuggestSearchTests) started
[2014-02-18 16:04:09,543][INFO ][search.suggest           ] [SuggestSearchTests#testSuggestAcrossMultipleIndices]: before test
[2014-02-18 16:04:09,554][INFO ][cluster.metadata         ] [node_0] [test] creating index, cause [api], shards [4]/[1], mappings []
[2014-02-18 16:04:09,838][INFO ][cluster.metadata         ] [node_0] [test] update_mapping [type1] (dynamic)
[2014-02-18 16:04:09,845][INFO ][plugins                  ] [transport_client_node_1] loaded [], sites []
[2014-02-18 16:04:09,966][INFO ][search.suggest           ] --> run suggestions with one index
[2014-02-18 16:04:09,987][INFO ][cluster.metadata         ] [node_0] [test_1] creating index, cause [api], shards [2]/[0], mappings []
[2014-02-18 16:04:10,227][INFO ][cluster.metadata         ] [node_0] [test_1] update_mapping [type1] (dynamic)
[2014-02-18 16:04:10,289][INFO ][search.suggest           ] --> run suggestions with two indices
[2014-02-18 16:04:10,301][INFO ][cluster.metadata         ] [node_0] [test_2] creating index, cause [api], shards [2]/[1], mappings [type1]
[2014-02-18 16:04:11,013][INFO ][search.suggest           ] --> run suggestions with three indices
[2014-02-18 16:04:11,019][INFO ][search.suggest           ] --> run suggestions with four indices
[2014-02-18 16:04:11,026][INFO ][search.suggest           ] [SuggestSearchTests#testSuggestAcrossMultipleIndices]: cleaning up after test
[2014-02-18 16:04:11,027][INFO ][cluster.metadata         ] [node_0] [test_2] deleting index
[2014-02-18 16:04:11,082][INFO ][cluster.metadata         ] [node_0] [test] deleting index
[2014-02-18 16:04:11,171][INFO ][cluster.metadata         ] [node_0] [test_1] deleting index
[2014-02-18 16:04:11,183][INFO ][search.suggest           ] [SuggestSearchTests#testSuggestAcrossMultipleIndices]: cleaned up after test
[2014-02-18 16:04:11,188][INFO ][test                     ] Test testSuggestAcrossMultipleIndices(org.elasticsearch.search.suggest.SuggestSearchTests) finished
[2014-02-18 16:04:11,189][INFO ][test                     ] Test testPrefixLength(org.elasticsearch.search.suggest.SuggestSearchTests) started
[2014-02-18 16:04:11,194][INFO ][plugins                  ] [transport_client_node_0] loaded [], sites []
[2014-02-18 16:04:11,228][INFO ][plugins                  ] [transport_client_node_1] loaded [], sites []
[2014-02-18 16:04:11,261][INFO ][search.suggest           ] [SuggestSearchTests#testPrefixLength]: before test
[2014-02-18 16:04:11,275][INFO ][cluster.metadata         ] [node_0] [test] creating index, cause [api], shards [1]/[0], mappings [type1]
[2014-02-18 16:04:11,349][INFO ][plugins                  ] [transport_client_node_2] loaded [], sites []
[2014-02-18 16:04:11,416][INFO ][search.suggest           ] [SuggestSearchTests#testPrefixLength]: cleaning up after test
[2014-02-18 16:04:11,418][INFO ][cluster.metadata         ] [node_0] [test] deleting index
[2014-02-18 16:04:11,431][INFO ][search.suggest           ] [SuggestSearchTests#testPrefixLength]: cleaned up after test
[2014-02-18 16:04:11,441][INFO ][test                     ] Test testPrefixLength(org.elasticsearch.search.suggest.SuggestSearchTests) finished
[2014-02-18 16:04:11,442][INFO ][test                     ] Test testEmptyShards(org.elasticsearch.search.suggest.SuggestSearchTests) started
[2014-02-18 16:04:11,447][INFO ][plugins                  ] [transport_client_node_0] loaded [], sites []
[2014-02-18 16:04:11,483][INFO ][plugins                  ] [transport_client_node_1] loaded [], sites []
[2014-02-18 16:04:11,511][INFO ][search.suggest           ] [SuggestSearchTests#testEmptyShards]: before test
[2014-02-18 16:04:11,523][INFO ][cluster.metadata         ] [node_0] [test] creating index, cause [api], shards [5]/[0], mappings [type1]
[2014-02-18 16:04:11,581][INFO ][cluster.metadata         ] [node_0] [test] update_mapping [type2] (dynamic)
[2014-02-18 16:04:11,595][INFO ][plugins                  ] [transport_client_node_2] loaded [], sites []
[2014-02-18 16:04:11,689][INFO ][search.suggest           ] [SuggestSearchTests#testEmptyShards]: cleaning up after test
[2014-02-18 16:04:11,691][INFO ][cluster.metadata         ] [node_0] [test] deleting index
[2014-02-18 16:04:11,720][INFO ][search.suggest           ] [SuggestSearchTests#testEmptyShards]: cleaned up after test
[2014-02-18 16:04:11,732][INFO ][test                     ] Test testEmptyShards(org.elasticsearch.search.suggest.SuggestSearchTests) finished
[2014-02-18 16:04:11,732][INFO ][test                     ] Test testSearchForRarePhrase(org.elasticsearch.search.suggest.SuggestSearchTests) started
[2014-02-18 16:04:11,736][INFO ][plugins                  ] [transport_client_node_0] loaded [], sites []
[2014-02-18 16:04:11,758][INFO ][plugins                  ] [transport_client_node_1] loaded [], sites []
[2014-02-18 16:04:11,783][INFO ][plugins                  ] [transport_client_node_2] loaded [], sites []
[2014-02-18 16:04:11,804][INFO ][search.suggest           ] [SuggestSearchTests#testSearchForRarePhrase]: before test
[2014-02-18 16:04:11,814][INFO ][cluster.metadata         ] [node_0] [test] creating index, cause [api], shards [2]/[2], mappings [type1]
[2014-02-18 16:04:12,570][INFO ][search.suggest           ] [SuggestSearchTests#testSearchForRarePhrase]: cleaning up after test
[2014-02-18 16:04:12,573][INFO ][cluster.metadata         ] [node_0] [test] deleting index
[2014-02-18 16:04:12,605][INFO ][search.suggest           ] [SuggestSearchTests#testSearchForRarePhrase]: cleaned up after test
[2014-02-18 16:04:12,615][INFO ][test                     ] Test testSearchForRarePhrase(org.elasticsearch.search.suggest.SuggestSearchTests) finished
[2014-02-18 16:04:12,615][INFO ][test                     ] Test testSizeAndSort(org.elasticsearch.search.suggest.SuggestSearchTests) started
[2014-02-18 16:04:12,619][INFO ][plugins                  ] [transport_client_node_2] loaded [], sites []
[2014-02-18 16:04:12,643][INFO ][plugins                  ] [transport_client_node_1] loaded [], sites []
[2014-02-18 16:04:12,671][INFO ][search.suggest           ] [SuggestSearchTests#testSizeAndSort]: before test
[2014-02-18 16:04:12,680][INFO ][cluster.metadata         ] [node_0] [test] creating index, cause [api], shards [5]/[0], mappings []
[2014-02-18 16:04:12,740][INFO ][cluster.metadata         ] [node_0] [test] update_mapping [type1] (dynamic)
[2014-02-18 16:04:13,027][INFO ][search.suggest           ] [SuggestSearchTests#testSizeAndSort]: cleaning up after test
[2014-02-18 16:04:13,029][INFO ][cluster.metadata         ] [node_0] [test] deleting index
[2014-02-18 16:04:13,060][INFO ][search.suggest           ] [SuggestSearchTests#testSizeAndSort]: cleaned up after test
[2014-02-18 16:04:13,069][INFO ][test                     ] Test testSizeAndSort(org.elasticsearch.search.suggest.SuggestSearchTests) finished
[2014-02-18 16:04:13,070][INFO ][test                     ] Test testMarvelHerosPhraseSuggest(org.elasticsearch.search.suggest.SuggestSearchTests) started
[2014-02-18 16:04:13,076][INFO ][plugins                  ] [transport_client_node_1] loaded [], sites []
[2014-02-18 16:04:13,100][INFO ][plugins                  ] [transport_client_node_2] loaded [], sites []
[2014-02-18 16:04:13,124][INFO ][search.suggest           ] [SuggestSearchTests#testMarvelHerosPhraseSuggest]: before test
[2014-02-18 16:04:13,134][INFO ][cluster.metadata         ] [node_0] [test] creating index, cause [api], shards [5]/[1], mappings [type1]
[2014-02-18 16:04:13,201][INFO ][plugins                  ] [transport_client_node_0] loaded [], sites []
[2014-02-18 16:04:18,904][INFO ][search.suggest           ] [SuggestSearchTests#testMarvelHerosPhraseSuggest]: cleaning up after test
[2014-02-18 16:04:18,906][INFO ][cluster.metadata         ] [node_0] [test] deleting index
[2014-02-18 16:04:19,091][INFO ][search.suggest           ] [SuggestSearchTests#testMarvelHerosPhraseSuggest]: cleaned up after test
[2014-02-18 16:04:19,114][INFO ][test                     ] Test testMarvelHerosPhraseSuggest(org.elasticsearch.search.suggest.SuggestSearchTests) finished
[2014-02-18 16:04:19,115][INFO ][test                     ] Test testShardFailures(org.elasticsearch.search.suggest.SuggestSearchTests) started
[2014-02-18 16:04:19,122][INFO ][plugins                  ] [transport_client_node_0] loaded [], sites []
[2014-02-18 16:04:19,155][INFO ][plugins                  ] [transport_client_node_2] loaded [], sites []
[2014-02-18 16:04:19,186][INFO ][search.suggest           ] [SuggestSearchTests#testShardFailures]: before test
[2014-02-18 16:04:19,200][INFO ][cluster.metadata         ] [node_0] [test] creating index, cause [api], shards [5]/[1], mappings [type1]
[2014-02-18 16:04:19,395][INFO ][plugins                  ] [transport_client_node_1] loaded [], sites []
[2014-02-18 16:04:19,720][INFO ][cluster.metadata         ] [node_0] [test] update_mapping [type2] (dynamic)
[2014-02-18 16:04:19,738][INFO ][cluster.metadata         ] [node_0] [test] update_mapping [type2] (dynamic)
[2014-02-18 16:04:20,045][INFO ][search.suggest           ] [SuggestSearchTests#testShardFailures]: cleaning up after test
[2014-02-18 16:04:20,047][INFO ][cluster.metadata         ] [node_0] [test] deleting index
[2014-02-18 16:04:20,093][INFO ][search.suggest           ] [SuggestSearchTests#testShardFailures]: cleaned up after test
[2014-02-18 16:04:20,102][INFO ][test                     ] Test testShardFailures(org.elasticsearch.search.suggest.SuggestSearchTests) finished
[2014-02-18 16:04:20,103][INFO ][test                     ] Test testWithMultipleCommands(org.elasticsearch.search.suggest.SuggestSearchTests) started
[2014-02-18 16:04:20,106][INFO ][plugins                  ] [transport_client_node_2] loaded [], sites []
[2014-02-18 16:04:20,131][INFO ][search.suggest           ] [SuggestSearchTests#testWithMultipleCommands]: before test
[2014-02-18 16:04:20,132][INFO ][plugins                  ] [transport_client_node_0] loaded [], sites []
[2014-02-18 16:04:20,161][INFO ][cluster.metadata         ] [node_0] [test] creating index, cause [api], shards [5]/[0], mappings []
[2014-02-18 16:04:20,233][INFO ][cluster.metadata         ] [node_0] [test] update_mapping [typ1] (dynamic)
[2014-02-18 16:04:20,420][INFO ][search.suggest           ] [SuggestSearchTests#testWithMultipleCommands]: cleaning up after test
[2014-02-18 16:04:20,424][INFO ][cluster.metadata         ] [node_0] [test] deleting index
[2014-02-18 16:04:20,462][INFO ][search.suggest           ] [SuggestSearchTests#testWithMultipleCommands]: cleaned up after test
[2014-02-18 16:04:20,471][INFO ][test                     ] Test testWithMultipleCommands(org.elasticsearch.search.suggest.SuggestSearchTests) finished
[2014-02-18 16:04:20,472][INFO ][test                     ] Test testSizeOneShard(org.elasticsearch.search.suggest.SuggestSearchTests) started
[2014-02-18 16:04:20,477][INFO ][plugins                  ] [transport_client_node_0] loaded [], sites []
[2014-02-18 16:04:20,506][INFO ][plugins                  ] [transport_client_node_1] loaded [], sites []
[2014-02-18 16:04:20,536][INFO ][search.suggest           ] [SuggestSearchTests#testSizeOneShard]: before test
[2014-02-18 16:04:20,544][INFO ][cluster.metadata         ] [node_0] [test] creating index, cause [api], shards [1]/[0], mappings []
[2014-02-18 16:04:20,565][INFO ][plugins                  ] [transport_client_node_2] loaded [], sites []
[2014-02-18 16:04:20,600][INFO ][cluster.metadata         ] [node_0] [test] update_mapping [type1] (dynamic)
[2014-02-18 16:04:20,617][INFO ][search.suggest           ] [SuggestSearchTests#testSizeOneShard]: cleaning up after test
[2014-02-18 16:04:20,618][INFO ][cluster.metadata         ] [node_0] [test] deleting index
[2014-02-18 16:04:20,635][INFO ][search.suggest           ] [SuggestSearchTests#testSizeOneShard]: cleaned up after test
[2014-02-18 16:04:20,651][INFO ][test                     ] Test testSizeOneShard(org.elasticsearch.search.suggest.SuggestSearchTests) finished
[2014-02-18 16:04:20,652][INFO ][test                     ] Test testSimple(org.elasticsearch.search.suggest.SuggestSearchTests) started
[2014-02-18 16:04:20,657][INFO ][plugins                  ] [transport_client_node_2] loaded [], sites []
[2014-02-18 16:04:20,688][INFO ][plugins                  ] [transport_client_node_1] loaded [], sites []
[2014-02-18 16:04:20,714][INFO ][search.suggest           ] [SuggestSearchTests#testSimple]: before test
[2014-02-18 16:04:20,723][INFO ][cluster.metadata         ] [node_0] [test] creating index, cause [api], shards [1]/[0], mappings []
[2014-02-18 16:04:20,770][INFO ][cluster.metadata         ] [node_0] [test] update_mapping [type1] (dynamic)
[2014-02-18 16:04:20,798][INFO ][plugins                  ] [transport_client_node_0] loaded [], sites []
[2014-02-18 16:04:20,828][INFO ][search.suggest           ] [SuggestSearchTests#testSimple]: cleaning up after test
[2014-02-18 16:04:20,829][INFO ][cluster.metadata         ] [node_0] [test] deleting index
[2014-02-18 16:04:20,840][INFO ][search.suggest           ] [SuggestSearchTests#testSimple]: cleaned up after test
[2014-02-18 16:04:20,851][INFO ][test                     ] Test testSimple(org.elasticsearch.search.suggest.SuggestSearchTests) finished
[2014-02-18 16:04:20,851][INFO ][test                     ] Test testDifferentShardSize(org.elasticsearch.search.suggest.SuggestSearchTests) started
[2014-02-18 16:04:20,855][INFO ][search.suggest           ] [SuggestSearchTests#testDifferentShardSize]: before test
[2014-02-18 16:04:20,867][INFO ][cluster.metadata         ] [node_0] [text] creating index, cause [api], shards [5]/[0], mappings []
[2014-02-18 16:04:21,157][INFO ][search.suggest           ] Index [3] docs async: [true] bulk: [false]
[2014-02-18 16:04:21,159][INFO ][cluster.metadata         ] [node_0] [text] update_mapping [type1] (dynamic)
[2014-02-18 16:04:21,257][INFO ][search.suggest           ] [SuggestSearchTests#testDifferentShardSize]: cleaning up after test
[2014-02-18 16:04:21,258][INFO ][cluster.metadata         ] [node_0] [text] deleting index
[2014-02-18 16:04:21,281][INFO ][search.suggest           ] [SuggestSearchTests#testDifferentShardSize]: cleaned up after test
[2014-02-18 16:04:21,283][INFO ][test                     ] Test testDifferentShardSize(org.elasticsearch.search.suggest.SuggestSearchTests) finished
[2014-02-18 16:04:21,283][INFO ][test                     ] Test testEmpty(org.elasticsearch.search.suggest.SuggestSearchTests) started
[2014-02-18 16:04:21,289][INFO ][plugins                  ] [transport_client_node_1] loaded [], sites []
[2014-02-18 16:04:21,315][INFO ][search.suggest           ] [SuggestSearchTests#testEmpty]: before test
[2014-02-18 16:04:21,323][INFO ][cluster.metadata         ] [node_0] [test] creating index, cause [api], shards [5]/[0], mappings []
[2014-02-18 16:04:21,396][INFO ][cluster.metadata         ] [node_0] [test] update_mapping [type1] (dynamic)
[2014-02-18 16:04:21,412][INFO ][search.suggest           ] [SuggestSearchTests#testEmpty]: cleaning up after test
[2014-02-18 16:04:21,414][INFO ][cluster.metadata         ] [node_0] [test] deleting index
[2014-02-18 16:04:21,442][INFO ][search.suggest           ] [SuggestSearchTests#testEmpty]: cleaned up after test
[2014-02-18 16:04:21,447][INFO ][test                     ] Test testEmpty(org.elasticsearch.search.suggest.SuggestSearchTests) finished
[2014-02-18 16:04:21,448][INFO ][test                     ] Test testUnmappedField(org.elasticsearch.search.suggest.SuggestSearchTests) started
[2014-02-18 16:04:21,454][INFO ][plugins                  ] [transport_client_node_0] loaded [], sites []
[2014-02-18 16:04:21,483][INFO ][search.suggest           ] [SuggestSearchTests#testUnmappedField]: before test
[2014-02-18 16:04:21,495][INFO ][cluster.metadata         ] [node_0] [test] creating index, cause [api], shards [2]/[0], mappings [type1]
[2014-02-18 16:04:21,732][INFO ][search.suggest           ] Index [3] docs async: [true] bulk: [false]
[2014-02-18 16:04:21,736][INFO ][plugins                  ] [transport_client_node_1] loaded [], sites []
[2014-02-18 16:04:21,786][INFO ][search.suggest           ] [SuggestSearchTests#testUnmappedField]: cleaning up after test
[2014-02-18 16:04:21,788][INFO ][cluster.metadata         ] [node_0] [test] deleting index
[2014-02-18 16:04:21,798][INFO ][search.suggest           ] [SuggestSearchTests#testUnmappedField]: cleaned up after test
[2014-02-18 16:04:21,804][INFO ][test                     ] Test testUnmappedField(org.elasticsearch.search.suggest.SuggestSearchTests) finished
]]></system-out>
   <system-err><![CDATA[]]></system-err>
</testsuite>