<testsuite errors="0" failures="0" tests="2" skipped="0" name="org.elasticsearch.cluster.MinimumMasterNodesTests" hostname="nohost.nodomain" time="7.713" timestamp="2014-02-18T16:01:46">
   <properties class="java.util.ArrayList">
      <property name="awt.toolkit" value="sun.lwawt.macosx.LWCToolkit"/>
      <property name="es.logger.level" value="INFO"/>
      <property name="es.logger.prefix" value=""/>
      <property name="es.node.local" value=""/>
      <property name="es.node.mode" value=""/>
      <property name="file.encoding" value="UTF-8"/>
      <property name="file.encoding.pkg" value="sun.io"/>
      <property name="file.separator" value="/"/>
      <property name="ftp.nonProxyHosts" value="local|*.local|169.254/16|*.169.254/16"/>
      <property name="gopherProxySet" value="false"/>
      <property name="http.nonProxyHosts" value="local|*.local|169.254/16|*.169.254/16"/>
      <property name="java.awt.graphicsenv" value="sun.awt.CGraphicsEnvironment"/>
      <property name="java.awt.headless" value="true"/>
      <property name="java.awt.printerjob" value="sun.lwawt.macosx.CPrinterJob"/>
      <property name="java.class.path" value="/Users/bhwang/elasticsearch/target/test-classes:/Users/bhwang/elasticsearch/target/classes:/Users/bhwang/.m2/repository/org/hamcrest/hamcrest-all/1.3/hamcrest-all-1.3.jar:/Users/bhwang/.m2/repository/com/carrotsearch/randomizedtesting/randomizedtesting-runner/2.0.15/randomizedtesting-runner-2.0.15.jar:/Users/bhwang/.m2/repository/junit/junit/4.10/junit-4.10.jar:/Users/bhwang/.m2/repository/org/apache/lucene/lucene-test-framework/4.6.1/lucene-test-framework-4.6.1.jar:/Users/bhwang/.m2/repository/org/apache/lucene/lucene-expressions/4.6.1/lucene-expressions-4.6.1.jar:/Users/bhwang/.m2/repository/org/antlr/antlr-runtime/3.5/antlr-runtime-3.5.jar:/Users/bhwang/.m2/repository/org/ow2/asm/asm/4.1/asm-4.1.jar:/Users/bhwang/.m2/repository/org/ow2/asm/asm-commons/4.1/asm-commons-4.1.jar:/Users/bhwang/.m2/repository/org/apache/httpcomponents/httpclient/4.3.1/httpclient-4.3.1.jar:/Users/bhwang/.m2/repository/org/apache/httpcomponents/httpcore/4.3/httpcore-4.3.jar:/Users/bhwang/.m2/repository/commons-logging/commons-logging/1.1.3/commons-logging-1.1.3.jar:/Users/bhwang/.m2/repository/commons-codec/commons-codec/1.6/commons-codec-1.6.jar:/Users/bhwang/.m2/repository/org/apache/lucene/lucene-core/4.6.1/lucene-core-4.6.1.jar:/Users/bhwang/.m2/repository/org/apache/lucene/lucene-analyzers-common/4.6.1/lucene-analyzers-common-4.6.1.jar:/Users/bhwang/.m2/repository/org/apache/lucene/lucene-codecs/4.6.1/lucene-codecs-4.6.1.jar:/Users/bhwang/.m2/repository/org/apache/lucene/lucene-queries/4.6.1/lucene-queries-4.6.1.jar:/Users/bhwang/.m2/repository/org/apache/lucene/lucene-memory/4.6.1/lucene-memory-4.6.1.jar:/Users/bhwang/.m2/repository/org/apache/lucene/lucene-highlighter/4.6.1/lucene-highlighter-4.6.1.jar:/Users/bhwang/.m2/repository/org/apache/lucene/lucene-queryparser/4.6.1/lucene-queryparser-4.6.1.jar:/Users/bhwang/.m2/repository/org/apache/lucene/lucene-sandbox/4.6.1/lucene-sandbox-4.6.1.jar:/Users/bhwang/.m2/repository/org/apache/lucene/lucene-suggest/4.6.1/lucene-suggest-4.6.1.jar:/Users/bhwang/.m2/repository/org/apache/lucene/lucene-misc/4.6.1/lucene-misc-4.6.1.jar:/Users/bhwang/.m2/repository/org/apache/lucene/lucene-join/4.6.1/lucene-join-4.6.1.jar:/Users/bhwang/.m2/repository/org/apache/lucene/lucene-grouping/4.6.1/lucene-grouping-4.6.1.jar:/Users/bhwang/.m2/repository/org/apache/lucene/lucene-spatial/4.6.1/lucene-spatial-4.6.1.jar:/Users/bhwang/.m2/repository/com/spatial4j/spatial4j/0.3/spatial4j-0.3.jar:/Users/bhwang/.m2/repository/com/vividsolutions/jts/1.12/jts-1.12.jar:/Users/bhwang/.m2/repository/com/google/guava/guava/16.0/guava-16.0.jar:/Users/bhwang/.m2/repository/com/carrotsearch/hppc/0.5.3/hppc-0.5.3.jar:/Users/bhwang/.m2/repository/joda-time/joda-time/2.3/joda-time-2.3.jar:/Users/bhwang/.m2/repository/org/joda/joda-convert/1.2/joda-convert-1.2.jar:/Users/bhwang/.m2/repository/org/mvel/mvel2/2.1.5.Final/mvel2-2.1.5.Final.jar:/Users/bhwang/.m2/repository/com/fasterxml/jackson/core/jackson-core/2.3.0/jackson-core-2.3.0.jar:/Users/bhwang/.m2/repository/com/fasterxml/jackson/dataformat/jackson-dataformat-smile/2.3.0/jackson-dataformat-smile-2.3.0.jar:/Users/bhwang/.m2/repository/com/fasterxml/jackson/dataformat/jackson-dataformat-yaml/2.3.0/jackson-dataformat-yaml-2.3.0.jar:/Users/bhwang/.m2/repository/io/netty/netty/3.9.0.Final/netty-3.9.0.Final.jar:/Users/bhwang/.m2/repository/com/ning/compress-lzf/0.9.6/compress-lzf-0.9.6.jar:/Users/bhwang/.m2/repository/log4j/log4j/1.2.17/log4j-1.2.17.jar:/Users/bhwang/.m2/repository/org/slf4j/slf4j-api/1.6.2/slf4j-api-1.6.2.jar:/Users/bhwang/.m2/repository/net/java/dev/jna/jna/3.3.0/jna-3.3.0.jar:/Users/bhwang/.m2/repository/org/fusesource/sigar/1.6.4/sigar-1.6.4.jar:/Users/bhwang/.m2/repository/com/carrotsearch/randomizedtesting/junit4-ant/2.0.15/junit4-ant-2.0.15.jar"/>
      <property name="java.class.version" value="51.0"/>
      <property name="java.endorsed.dirs" value="/Library/Java/JavaVirtualMachines/jdk1.7.0_45.jdk/Contents/Home/jre/lib/endorsed"/>
      <property name="java.ext.dirs" value="/Users/bhwang/Library/Java/Extensions:/Library/Java/JavaVirtualMachines/jdk1.7.0_45.jdk/Contents/Home/jre/lib/ext:/Library/Java/Extensions:/Network/Library/Java/Extensions:/System/Library/Java/Extensions:/usr/lib/java"/>
      <property name="java.home" value="/Library/Java/JavaVirtualMachines/jdk1.7.0_45.jdk/Contents/Home/jre"/>
      <property name="java.io.tmpdir" value="."/>
      <property name="java.library.path" value="/Users/bhwang/Library/Java/Extensions:/Library/Java/Extensions:/Network/Library/Java/Extensions:/System/Library/Java/Extensions:/usr/lib/java:."/>
      <property name="java.runtime.name" value="Java(TM) SE Runtime Environment"/>
      <property name="java.runtime.version" value="1.7.0_45-b18"/>
      <property name="java.security.policy" value="/Users/bhwang/elasticsearch/dev-tools/tests.policy"/>
      <property name="java.specification.name" value="Java Platform API Specification"/>
      <property name="java.specification.vendor" value="Oracle Corporation"/>
      <property name="java.specification.version" value="1.7"/>
      <property name="java.vendor" value="Oracle Corporation"/>
      <property name="java.vendor.url" value="http://java.oracle.com/"/>
      <property name="java.vendor.url.bug" value="http://bugreport.sun.com/bugreport/"/>
      <property name="java.version" value="1.7.0_45"/>
      <property name="java.vm.info" value="mixed mode"/>
      <property name="java.vm.name" value="Java HotSpot(TM) 64-Bit Server VM"/>
      <property name="java.vm.specification.name" value="Java Virtual Machine Specification"/>
      <property name="java.vm.specification.vendor" value="Oracle Corporation"/>
      <property name="java.vm.specification.version" value="1.7"/>
      <property name="java.vm.vendor" value="Oracle Corporation"/>
      <property name="java.vm.version" value="24.45-b08"/>
      <property name="junit4.childvm.cwd" value="/Users/bhwang/elasticsearch/target/J0"/>
      <property name="junit4.childvm.id" value="0"/>
      <property name="junit4.memory.total" value="128974848"/>
      <property name="junit4.pidString" value="6815@Bills-MacBook-Pro.local"/>
      <property name="junit4.processors" value="4"/>
      <property name="junit4.tempDir" value="/Users/bhwang/elasticsearch/target"/>
      <property name="line.separator" value="
"/>
      <property name="os.arch" value="x86_64"/>
      <property name="os.name" value="Mac OS X"/>
      <property name="os.version" value="10.9.1"/>
      <property name="path.separator" value=":"/>
      <property name="socksNonProxyHosts" value="local|*.local|169.254/16|*.169.254/16"/>
      <property name="sun.arch.data.model" value="64"/>
      <property name="sun.boot.class.path" value="/Library/Java/JavaVirtualMachines/jdk1.7.0_45.jdk/Contents/Home/jre/lib/resources.jar:/Library/Java/JavaVirtualMachines/jdk1.7.0_45.jdk/Contents/Home/jre/lib/rt.jar:/Library/Java/JavaVirtualMachines/jdk1.7.0_45.jdk/Contents/Home/jre/lib/sunrsasign.jar:/Library/Java/JavaVirtualMachines/jdk1.7.0_45.jdk/Contents/Home/jre/lib/jsse.jar:/Library/Java/JavaVirtualMachines/jdk1.7.0_45.jdk/Contents/Home/jre/lib/jce.jar:/Library/Java/JavaVirtualMachines/jdk1.7.0_45.jdk/Contents/Home/jre/lib/charsets.jar:/Library/Java/JavaVirtualMachines/jdk1.7.0_45.jdk/Contents/Home/jre/lib/jfr.jar:/Library/Java/JavaVirtualMachines/jdk1.7.0_45.jdk/Contents/Home/jre/lib/JObjC.jar:/Library/Java/JavaVirtualMachines/jdk1.7.0_45.jdk/Contents/Home/jre/classes"/>
      <property name="sun.boot.library.path" value="/Library/Java/JavaVirtualMachines/jdk1.7.0_45.jdk/Contents/Home/jre/lib"/>
      <property name="sun.cpu.endian" value="little"/>
      <property name="sun.cpu.isalist" value=""/>
      <property name="sun.io.unicode.encoding" value="UnicodeBig"/>
      <property name="sun.java.command" value="com.carrotsearch.ant.tasks.junit4.slave.SlaveMainSafe -flush -eventsfile /Users/bhwang/elasticsearch/target/junit4-J0-20140218_153326_767.events @/Users/bhwang/elasticsearch/target/junit4-J0-20140218_153326_767.suites -stdin"/>
      <property name="sun.java.launcher" value="SUN_STANDARD"/>
      <property name="sun.jnu.encoding" value="UTF-8"/>
      <property name="sun.management.compiler" value="HotSpot 64-Bit Tiered Compilers"/>
      <property name="sun.os.patch.level" value="unknown"/>
      <property name="tests.appendseed" value=""/>
      <property name="tests.assertion.disabled" value=""/>
      <property name="tests.awaitsfix" value=""/>
      <property name="tests.badapples" value=""/>
      <property name="tests.class" value=""/>
      <property name="tests.client.ratio" value=""/>
      <property name="tests.cluster_seed" value=""/>
      <property name="tests.enable_mock_modules" value=""/>
      <property name="tests.failfast" value=""/>
      <property name="tests.integration" value=""/>
      <property name="tests.iters" value=""/>
      <property name="tests.jvm.argline" value=""/>
      <property name="tests.maxfailures" value=""/>
      <property name="tests.method" value=""/>
      <property name="tests.network" value=""/>
      <property name="tests.nightly" value=""/>
      <property name="tests.prefix" value="tests"/>
      <property name="tests.rest" value=""/>
      <property name="tests.rest.spec" value=""/>
      <property name="tests.rest.suite" value=""/>
      <property name="tests.security.manager" value=""/>
      <property name="tests.seed" value="A89B4FF56754358E"/>
      <property name="tests.showSuccess" value=""/>
      <property name="tests.slow" value=""/>
      <property name="tests.timeoutSuite" value=""/>
      <property name="tests.weekly" value=""/>
      <property name="user.country" value="US"/>
      <property name="user.dir" value="/Users/bhwang/elasticsearch/target/J0"/>
      <property name="user.home" value="/Users/bhwang"/>
      <property name="user.language" value="en"/>
      <property name="user.name" value="bhwang"/>
      <property name="user.timezone" value=""/>
   </properties>
   <testcase classname="org.elasticsearch.cluster.MinimumMasterNodesTests" name="multipleNodesShutdownNonMasterNodes" time="4.998"/>
   <testcase classname="org.elasticsearch.cluster.MinimumMasterNodesTests" name="simpleMinimumMasterNodes" time="2.704"/>
   <system-out><![CDATA[[2014-02-18 16:01:46,743][INFO ][test                     ] Test multipleNodesShutdownNonMasterNodes(org.elasticsearch.cluster.MinimumMasterNodesTests) started
[2014-02-18 16:01:46,745][INFO ][test                     ] Setup TestCluster [TEST-Bills-MacBook-Pro.local-CHILD_VM=[0]-CLUSTER_SEED=[7970670214342899342]-HASH=[13541B36C10DAA00]] with seed [6E9D82545BB1F68E] using [0] nodes
[2014-02-18 16:01:46,745][INFO ][cluster                  ] [MinimumMasterNodesTests#multipleNodesShutdownNonMasterNodes]: before test
[2014-02-18 16:01:46,745][INFO ][cluster                  ] --> start first 2 nodes
[2014-02-18 16:01:46,748][INFO ][node                     ] [node_0] version[1.0.0], pid[6815], build[a46900e/2014-02-18T23:32:25Z]
[2014-02-18 16:01:46,748][INFO ][node                     ] [node_0] initializing ...
[2014-02-18 16:01:46,748][INFO ][plugins                  ] [node_0] loaded [], sites []
[2014-02-18 16:01:46,788][INFO ][node                     ] [node_0] initialized
[2014-02-18 16:01:46,788][INFO ][node                     ] [node_0] starting ...
[2014-02-18 16:01:46,793][INFO ][transport                ] [node_0] bound_address {inet[/0:0:0:0:0:0:0:0:9303]}, publish_address {inet[/10.1.10.75:9303]}
[2014-02-18 16:01:47,295][WARN ][discovery                ] [node_0] waited for 500ms and no initial state was set by the discovery
[2014-02-18 16:01:47,295][INFO ][discovery                ] [node_0] TEST-Bills-MacBook-Pro.local-CHILD_VM=[0]-CLUSTER_SEED=[7970670214342899342]-HASH=[13541B36C10DAA00]/VfsiR6yZTuaX0vEte5VCmw
[2014-02-18 16:01:47,298][INFO ][http                     ] [node_0] bound_address {inet[/0:0:0:0:0:0:0:0:9203]}, publish_address {inet[/10.1.10.75:9203]}
[2014-02-18 16:01:47,311][INFO ][node                     ] [node_0] started
[2014-02-18 16:01:47,312][INFO ][node                     ] [node_1] version[1.0.0], pid[6815], build[a46900e/2014-02-18T23:32:25Z]
[2014-02-18 16:01:47,313][INFO ][node                     ] [node_1] initializing ...
[2014-02-18 16:01:47,313][INFO ][plugins                  ] [node_1] loaded [], sites []
[2014-02-18 16:01:47,353][INFO ][node                     ] [node_1] initialized
[2014-02-18 16:01:47,353][INFO ][node                     ] [node_1] starting ...
[2014-02-18 16:01:47,360][INFO ][transport                ] [node_1] bound_address {inet[/0:0:0:0:0:0:0:0:9304]}, publish_address {inet[/10.1.10.75:9304]}
[2014-02-18 16:01:47,862][WARN ][discovery                ] [node_1] waited for 500ms and no initial state was set by the discovery
[2014-02-18 16:01:47,863][INFO ][discovery                ] [node_1] TEST-Bills-MacBook-Pro.local-CHILD_VM=[0]-CLUSTER_SEED=[7970670214342899342]-HASH=[13541B36C10DAA00]/_iMcO_lOR1K_W7NdjocczQ
[2014-02-18 16:01:47,868][INFO ][http                     ] [node_1] bound_address {inet[/0:0:0:0:0:0:0:0:9204]}, publish_address {inet[/10.1.10.75:9204]}
[2014-02-18 16:01:47,900][INFO ][node                     ] [node_1] started
[2014-02-18 16:01:47,904][INFO ][plugins                  ] [transport_client_node_1] loaded [], sites []
[2014-02-18 16:01:47,942][INFO ][plugins                  ] [transport_client_node_0] loaded [], sites []
[2014-02-18 16:01:47,995][INFO ][cluster                  ] --> start two more nodes
[2014-02-18 16:01:47,996][INFO ][node                     ] [node_2] version[1.0.0], pid[6815], build[a46900e/2014-02-18T23:32:25Z]
[2014-02-18 16:01:47,997][INFO ][node                     ] [node_2] initializing ...
[2014-02-18 16:01:47,997][INFO ][plugins                  ] [node_2] loaded [], sites []
[2014-02-18 16:01:48,042][INFO ][node                     ] [node_2] initialized
[2014-02-18 16:01:48,042][INFO ][node                     ] [node_2] starting ...
[2014-02-18 16:01:48,049][INFO ][transport                ] [node_2] bound_address {inet[/0:0:0:0:0:0:0:0:9305]}, publish_address {inet[/10.1.10.75:9305]}
[2014-02-18 16:01:48,204][INFO ][cluster.service          ] [node_0] new_master [node_0][VfsiR6yZTuaX0vEte5VCmw][Bills-MacBook-Pro.local][inet[/10.1.10.75:9303]], reason: zen-disco-join (elected_as_master)
[2014-02-18 16:01:48,388][INFO ][cluster.service          ] [node_0] added {[node_1][_iMcO_lOR1K_W7NdjocczQ][Bills-MacBook-Pro.local][inet[/10.1.10.75:9304]],}, reason: zen-disco-receive(join from node[[node_1][_iMcO_lOR1K_W7NdjocczQ][Bills-MacBook-Pro.local][inet[/10.1.10.75:9304]]])
[2014-02-18 16:01:48,390][INFO ][cluster.service          ] [node_1] detected_master [node_0][VfsiR6yZTuaX0vEte5VCmw][Bills-MacBook-Pro.local][inet[/10.1.10.75:9303]], added {[node_0][VfsiR6yZTuaX0vEte5VCmw][Bills-MacBook-Pro.local][inet[/10.1.10.75:9303]],}, reason: zen-disco-receive(from master [[node_0][VfsiR6yZTuaX0vEte5VCmw][Bills-MacBook-Pro.local][inet[/10.1.10.75:9303]]])
[2014-02-18 16:01:48,456][INFO ][cluster.service          ] [node_0] added {[node_2][gjBy5xQCS3SbCo5nHPLy2Q][Bills-MacBook-Pro.local][inet[/10.1.10.75:9305]],}, reason: zen-disco-receive(join from node[[node_2][gjBy5xQCS3SbCo5nHPLy2Q][Bills-MacBook-Pro.local][inet[/10.1.10.75:9305]]])
[2014-02-18 16:01:48,457][INFO ][cluster.service          ] [node_1] added {[node_2][gjBy5xQCS3SbCo5nHPLy2Q][Bills-MacBook-Pro.local][inet[/10.1.10.75:9305]],}, reason: zen-disco-receive(from master [[node_0][VfsiR6yZTuaX0vEte5VCmw][Bills-MacBook-Pro.local][inet[/10.1.10.75:9303]]])
[2014-02-18 16:01:48,458][INFO ][cluster.service          ] [node_2] detected_master [node_0][VfsiR6yZTuaX0vEte5VCmw][Bills-MacBook-Pro.local][inet[/10.1.10.75:9303]], added {[node_0][VfsiR6yZTuaX0vEte5VCmw][Bills-MacBook-Pro.local][inet[/10.1.10.75:9303]],[node_1][_iMcO_lOR1K_W7NdjocczQ][Bills-MacBook-Pro.local][inet[/10.1.10.75:9304]],}, reason: zen-disco-receive(from master [[node_0][VfsiR6yZTuaX0vEte5VCmw][Bills-MacBook-Pro.local][inet[/10.1.10.75:9303]]])
[2014-02-18 16:01:48,470][INFO ][discovery                ] [node_2] TEST-Bills-MacBook-Pro.local-CHILD_VM=[0]-CLUSTER_SEED=[7970670214342899342]-HASH=[13541B36C10DAA00]/gjBy5xQCS3SbCo5nHPLy2Q
[2014-02-18 16:01:48,475][INFO ][http                     ] [node_2] bound_address {inet[/0:0:0:0:0:0:0:0:9205]}, publish_address {inet[/10.1.10.75:9205]}
[2014-02-18 16:01:48,482][INFO ][node                     ] [node_2] started
[2014-02-18 16:01:48,484][INFO ][node                     ] [node_3] version[1.0.0], pid[6815], build[a46900e/2014-02-18T23:32:25Z]
[2014-02-18 16:01:48,484][INFO ][node                     ] [node_3] initializing ...
[2014-02-18 16:01:48,484][INFO ][plugins                  ] [node_3] loaded [], sites []
[2014-02-18 16:01:48,485][INFO ][gateway                  ] [node_0] recovered [0] indices into cluster_state
[2014-02-18 16:01:48,552][INFO ][node                     ] [node_3] initialized
[2014-02-18 16:01:48,552][INFO ][node                     ] [node_3] starting ...
[2014-02-18 16:01:48,563][INFO ][transport                ] [node_3] bound_address {inet[/0:0:0:0:0:0:0:0:9306]}, publish_address {inet[/10.1.10.75:9306]}
[2014-02-18 16:01:48,567][WARN ][discovery.zen.ping.multicast] [node_3] failed to receive packet, throttling...
java.net.SocketException: Socket closed
	at java.net.PlainDatagramSocketImpl.peekData(Native Method)
	at java.net.DatagramSocket.receive(DatagramSocket.java:726)
	at org.elasticsearch.discovery.zen.ping.multicast.MulticastZenPing$Receiver.run(MulticastZenPing.java:366)
	at java.lang.Thread.run(Thread.java:744)
[2014-02-18 16:01:48,783][INFO ][cluster.service          ] [node_0] added {[node_3][ZZeke3ihTQaiqS75HC04iw][Bills-MacBook-Pro.local][inet[/10.1.10.75:9306]],}, reason: zen-disco-receive(join from node[[node_3][ZZeke3ihTQaiqS75HC04iw][Bills-MacBook-Pro.local][inet[/10.1.10.75:9306]]])
[2014-02-18 16:01:48,784][INFO ][cluster.service          ] [node_2] added {[node_3][ZZeke3ihTQaiqS75HC04iw][Bills-MacBook-Pro.local][inet[/10.1.10.75:9306]],}, reason: zen-disco-receive(from master [[node_0][VfsiR6yZTuaX0vEte5VCmw][Bills-MacBook-Pro.local][inet[/10.1.10.75:9303]]])
[2014-02-18 16:01:48,784][INFO ][cluster.service          ] [node_1] added {[node_3][ZZeke3ihTQaiqS75HC04iw][Bills-MacBook-Pro.local][inet[/10.1.10.75:9306]],}, reason: zen-disco-receive(from master [[node_0][VfsiR6yZTuaX0vEte5VCmw][Bills-MacBook-Pro.local][inet[/10.1.10.75:9303]]])
[2014-02-18 16:01:48,784][INFO ][cluster.service          ] [node_3] detected_master [node_0][VfsiR6yZTuaX0vEte5VCmw][Bills-MacBook-Pro.local][inet[/10.1.10.75:9303]], added {[node_2][gjBy5xQCS3SbCo5nHPLy2Q][Bills-MacBook-Pro.local][inet[/10.1.10.75:9305]],[node_0][VfsiR6yZTuaX0vEte5VCmw][Bills-MacBook-Pro.local][inet[/10.1.10.75:9303]],[node_1][_iMcO_lOR1K_W7NdjocczQ][Bills-MacBook-Pro.local][inet[/10.1.10.75:9304]],}, reason: zen-disco-receive(from master [[node_0][VfsiR6yZTuaX0vEte5VCmw][Bills-MacBook-Pro.local][inet[/10.1.10.75:9303]]])
[2014-02-18 16:01:48,833][INFO ][discovery                ] [node_3] TEST-Bills-MacBook-Pro.local-CHILD_VM=[0]-CLUSTER_SEED=[7970670214342899342]-HASH=[13541B36C10DAA00]/ZZeke3ihTQaiqS75HC04iw
[2014-02-18 16:01:48,838][INFO ][http                     ] [node_3] bound_address {inet[/0:0:0:0:0:0:0:0:9206]}, publish_address {inet[/10.1.10.75:9206]}
[2014-02-18 16:01:48,839][INFO ][node                     ] [node_3] started
[2014-02-18 16:01:48,841][INFO ][plugins                  ] [transport_client_node_3] loaded [], sites []
[2014-02-18 16:01:48,883][INFO ][cluster.metadata         ] [node_0] [test] creating index, cause [api], shards [5]/[1], mappings []
[2014-02-18 16:01:49,037][INFO ][cluster                  ] --> indexing some data
[2014-02-18 16:01:49,069][WARN ][discovery.zen.ping.multicast] [node_3] failed to receive packet, throttling...
java.net.SocketException: Socket closed
	at java.net.PlainDatagramSocketImpl.peekData(Native Method)
	at java.net.DatagramSocket.receive(DatagramSocket.java:726)
	at org.elasticsearch.discovery.zen.ping.multicast.MulticastZenPing$Receiver.run(MulticastZenPing.java:366)
	at java.lang.Thread.run(Thread.java:744)
[2014-02-18 16:01:49,196][INFO ][cluster.metadata         ] [node_0] [test] update_mapping [type1] (dynamic)
[2014-02-18 16:01:49,570][WARN ][discovery.zen.ping.multicast] [node_3] failed to receive packet, throttling...
java.net.SocketException: Socket closed
	at java.net.PlainDatagramSocketImpl.peekData(Native Method)
	at java.net.DatagramSocket.receive(DatagramSocket.java:726)
	at org.elasticsearch.discovery.zen.ping.multicast.MulticastZenPing$Receiver.run(MulticastZenPing.java:366)
	at java.lang.Thread.run(Thread.java:744)
[2014-02-18 16:01:49,802][INFO ][cluster                  ] --> verify we the data back
[2014-02-18 16:01:49,822][INFO ][test                     ] Closing random non master node [node_3] current master [node_0] 
[2014-02-18 16:01:49,826][INFO ][node                     ] [node_3] stopping ...
[2014-02-18 16:01:49,846][INFO ][node                     ] [node_3] stopped
[2014-02-18 16:01:49,847][INFO ][node                     ] [node_3] closing ...
[2014-02-18 16:01:49,846][INFO ][cluster.service          ] [node_0] removed {[node_3][ZZeke3ihTQaiqS75HC04iw][Bills-MacBook-Pro.local][inet[/10.1.10.75:9306]],}, reason: zen-disco-node_left([node_3][ZZeke3ihTQaiqS75HC04iw][Bills-MacBook-Pro.local][inet[/10.1.10.75:9306]])
[2014-02-18 16:01:49,849][INFO ][cluster.service          ] [node_2] removed {[node_3][ZZeke3ihTQaiqS75HC04iw][Bills-MacBook-Pro.local][inet[/10.1.10.75:9306]],}, reason: zen-disco-receive(from master [[node_0][VfsiR6yZTuaX0vEte5VCmw][Bills-MacBook-Pro.local][inet[/10.1.10.75:9303]]])
[2014-02-18 16:01:49,849][INFO ][cluster.service          ] [node_1] removed {[node_3][ZZeke3ihTQaiqS75HC04iw][Bills-MacBook-Pro.local][inet[/10.1.10.75:9306]],}, reason: zen-disco-receive(from master [[node_0][VfsiR6yZTuaX0vEte5VCmw][Bills-MacBook-Pro.local][inet[/10.1.10.75:9303]]])
[2014-02-18 16:01:49,853][INFO ][node                     ] [node_3] closed
[2014-02-18 16:01:49,855][INFO ][test                     ] Closing random non master node [node_2] current master [node_0] 
[2014-02-18 16:01:49,856][INFO ][node                     ] [node_2] stopping ...
[2014-02-18 16:01:49,891][INFO ][node                     ] [node_2] stopped
[2014-02-18 16:01:49,892][INFO ][node                     ] [node_2] closing ...
[2014-02-18 16:01:49,899][INFO ][node                     ] [node_2] closed
[2014-02-18 16:01:49,899][INFO ][cluster                  ] --> verify that there is no master anymore on remaining nodes
[2014-02-18 16:01:49,905][WARN ][discovery.zen            ] [node_0] not enough master nodes, current nodes: {[node_0][VfsiR6yZTuaX0vEte5VCmw][Bills-MacBook-Pro.local][inet[/10.1.10.75:9303]],[node_1][_iMcO_lOR1K_W7NdjocczQ][Bills-MacBook-Pro.local][inet[/10.1.10.75:9304]],}
[2014-02-18 16:01:49,905][INFO ][cluster.service          ] [node_0] removed {[node_2][gjBy5xQCS3SbCo5nHPLy2Q][Bills-MacBook-Pro.local][inet[/10.1.10.75:9305]],[node_1][_iMcO_lOR1K_W7NdjocczQ][Bills-MacBook-Pro.local][inet[/10.1.10.75:9304]],}, reason: zen-disco-node_left([node_2][gjBy5xQCS3SbCo5nHPLy2Q][Bills-MacBook-Pro.local][inet[/10.1.10.75:9305]])
[2014-02-18 16:01:49,911][WARN ][discovery.zen            ] [node_0] not enough master nodes, current nodes: {[node_0][VfsiR6yZTuaX0vEte5VCmw][Bills-MacBook-Pro.local][inet[/10.1.10.75:9303]],}
[2014-02-18 16:01:50,392][INFO ][discovery.zen            ] [node_1] master_left [[node_0][VfsiR6yZTuaX0vEte5VCmw][Bills-MacBook-Pro.local][inet[/10.1.10.75:9303]]], reason [no longer master]
[2014-02-18 16:01:50,392][WARN ][discovery.zen            ] [node_1] not enough master nodes after master left (reason = no longer master), current nodes: {[node_2][gjBy5xQCS3SbCo5nHPLy2Q][Bills-MacBook-Pro.local][inet[/10.1.10.75:9305]],[node_1][_iMcO_lOR1K_W7NdjocczQ][Bills-MacBook-Pro.local][inet[/10.1.10.75:9304]],}
[2014-02-18 16:01:50,392][INFO ][cluster.service          ] [node_1] removed {[node_2][gjBy5xQCS3SbCo5nHPLy2Q][Bills-MacBook-Pro.local][inet[/10.1.10.75:9305]],[node_0][VfsiR6yZTuaX0vEte5VCmw][Bills-MacBook-Pro.local][inet[/10.1.10.75:9303]],}, reason: zen-disco-master_failed ([node_0][VfsiR6yZTuaX0vEte5VCmw][Bills-MacBook-Pro.local][inet[/10.1.10.75:9303]])
[2014-02-18 16:01:50,430][INFO ][cluster                  ] --> start back the 2 nodes 
[2014-02-18 16:01:50,431][INFO ][node                     ] [node_4] version[1.0.0], pid[6815], build[a46900e/2014-02-18T23:32:25Z]
[2014-02-18 16:01:50,432][INFO ][node                     ] [node_4] initializing ...
[2014-02-18 16:01:50,432][INFO ][plugins                  ] [node_4] loaded [], sites []
[2014-02-18 16:01:50,499][INFO ][node                     ] [node_4] initialized
[2014-02-18 16:01:50,499][INFO ][node                     ] [node_4] starting ...
[2014-02-18 16:01:50,505][INFO ][transport                ] [node_4] bound_address {inet[/0:0:0:0:0:0:0:0:9305]}, publish_address {inet[/10.1.10.75:9305]}
[2014-02-18 16:01:50,596][WARN ][discovery.zen.ping.multicast] [node_1] received ping response ping_response{target [[node_4][MUNdw7RlT5SlIPfDeILv2Q][Bills-MacBook-Pro.local][inet[/10.1.10.75:9305]]], master [null], cluster_name[TEST-Bills-MacBook-Pro.local-CHILD_VM=[0]-CLUSTER_SEED=[7970670214342899342]-HASH=[13541B36C10DAA00]]} with no matching id [6]
[2014-02-18 16:01:50,710][INFO ][cluster.service          ] [node_4] new_master [node_4][MUNdw7RlT5SlIPfDeILv2Q][Bills-MacBook-Pro.local][inet[/10.1.10.75:9305]], reason: zen-disco-join (elected_as_master)
[2014-02-18 16:01:50,724][INFO ][discovery                ] [node_4] TEST-Bills-MacBook-Pro.local-CHILD_VM=[0]-CLUSTER_SEED=[7970670214342899342]-HASH=[13541B36C10DAA00]/MUNdw7RlT5SlIPfDeILv2Q
[2014-02-18 16:01:50,728][INFO ][http                     ] [node_4] bound_address {inet[/0:0:0:0:0:0:0:0:9205]}, publish_address {inet[/10.1.10.75:9205]}
[2014-02-18 16:01:50,728][INFO ][node                     ] [node_4] started
[2014-02-18 16:01:50,729][INFO ][node                     ] [node_5] version[1.0.0], pid[6815], build[a46900e/2014-02-18T23:32:25Z]
[2014-02-18 16:01:50,729][INFO ][node                     ] [node_5] initializing ...
[2014-02-18 16:01:50,729][INFO ][plugins                  ] [node_5] loaded [], sites []
[2014-02-18 16:01:50,769][INFO ][node                     ] [node_5] initialized
[2014-02-18 16:01:50,770][INFO ][node                     ] [node_5] starting ...
[2014-02-18 16:01:50,778][INFO ][transport                ] [node_5] bound_address {inet[/0:0:0:0:0:0:0:0:9306]}, publish_address {inet[/10.1.10.75:9306]}
[2014-02-18 16:01:50,781][WARN ][discovery.zen.ping.multicast] [node_5] failed to receive packet, throttling...
java.net.SocketException: Socket closed
	at java.net.PlainDatagramSocketImpl.peekData(Native Method)
	at java.net.DatagramSocket.receive(DatagramSocket.java:726)
	at org.elasticsearch.discovery.zen.ping.multicast.MulticastZenPing$Receiver.run(MulticastZenPing.java:366)
	at java.lang.Thread.run(Thread.java:744)
[2014-02-18 16:01:50,797][INFO ][cluster.service          ] [node_4] added {[node_1][_iMcO_lOR1K_W7NdjocczQ][Bills-MacBook-Pro.local][inet[/10.1.10.75:9304]],}, reason: zen-disco-receive(join from node[[node_1][_iMcO_lOR1K_W7NdjocczQ][Bills-MacBook-Pro.local][inet[/10.1.10.75:9304]]])
[2014-02-18 16:01:50,797][INFO ][cluster.service          ] [node_1] detected_master [node_4][MUNdw7RlT5SlIPfDeILv2Q][Bills-MacBook-Pro.local][inet[/10.1.10.75:9305]], added {[node_4][MUNdw7RlT5SlIPfDeILv2Q][Bills-MacBook-Pro.local][inet[/10.1.10.75:9305]],}, reason: zen-disco-receive(from master [[node_4][MUNdw7RlT5SlIPfDeILv2Q][Bills-MacBook-Pro.local][inet[/10.1.10.75:9305]]])
[2014-02-18 16:01:50,912][INFO ][cluster.service          ] [node_4] added {[node_0][VfsiR6yZTuaX0vEte5VCmw][Bills-MacBook-Pro.local][inet[/10.1.10.75:9303]],}, reason: zen-disco-receive(join from node[[node_0][VfsiR6yZTuaX0vEte5VCmw][Bills-MacBook-Pro.local][inet[/10.1.10.75:9303]]])
[2014-02-18 16:01:50,915][INFO ][cluster.service          ] [node_1] added {[node_0][VfsiR6yZTuaX0vEte5VCmw][Bills-MacBook-Pro.local][inet[/10.1.10.75:9303]],}, reason: zen-disco-receive(from master [[node_4][MUNdw7RlT5SlIPfDeILv2Q][Bills-MacBook-Pro.local][inet[/10.1.10.75:9305]]])
[2014-02-18 16:01:50,925][INFO ][cluster.service          ] [node_0] detected_master [node_4][MUNdw7RlT5SlIPfDeILv2Q][Bills-MacBook-Pro.local][inet[/10.1.10.75:9305]], added {[node_1][_iMcO_lOR1K_W7NdjocczQ][Bills-MacBook-Pro.local][inet[/10.1.10.75:9304]],[node_4][MUNdw7RlT5SlIPfDeILv2Q][Bills-MacBook-Pro.local][inet[/10.1.10.75:9305]],}, reason: zen-disco-receive(from master [[node_4][MUNdw7RlT5SlIPfDeILv2Q][Bills-MacBook-Pro.local][inet[/10.1.10.75:9305]]])
[2014-02-18 16:01:50,982][WARN ][discovery.zen.ping.multicast] [node_5] received ping response ping_response{target [[node_1][_iMcO_lOR1K_W7NdjocczQ][Bills-MacBook-Pro.local][inet[/10.1.10.75:9304]]], master [[node_4][MUNdw7RlT5SlIPfDeILv2Q][Bills-MacBook-Pro.local][inet[/10.1.10.75:9305]]], cluster_name[TEST-Bills-MacBook-Pro.local-CHILD_VM=[0]-CLUSTER_SEED=[7970670214342899342]-HASH=[13541B36C10DAA00]]} with no matching id [1]
[2014-02-18 16:01:50,983][WARN ][discovery.zen.ping.multicast] [node_5] received ping response ping_response{target [[node_0][VfsiR6yZTuaX0vEte5VCmw][Bills-MacBook-Pro.local][inet[/10.1.10.75:9303]]], master [[node_4][MUNdw7RlT5SlIPfDeILv2Q][Bills-MacBook-Pro.local][inet[/10.1.10.75:9305]]], cluster_name[TEST-Bills-MacBook-Pro.local-CHILD_VM=[0]-CLUSTER_SEED=[7970670214342899342]-HASH=[13541B36C10DAA00]]} with no matching id [1]
[2014-02-18 16:01:50,984][WARN ][discovery.zen.ping.multicast] [node_5] received ping response ping_response{target [[node_4][MUNdw7RlT5SlIPfDeILv2Q][Bills-MacBook-Pro.local][inet[/10.1.10.75:9305]]], master [[node_4][MUNdw7RlT5SlIPfDeILv2Q][Bills-MacBook-Pro.local][inet[/10.1.10.75:9305]]], cluster_name[TEST-Bills-MacBook-Pro.local-CHILD_VM=[0]-CLUSTER_SEED=[7970670214342899342]-HASH=[13541B36C10DAA00]]} with no matching id [1]
[2014-02-18 16:01:51,059][INFO ][gateway                  ] [node_4] recovered [1] indices into cluster_state
[2014-02-18 16:01:51,059][INFO ][cluster.service          ] [node_4] added {[node_5][1sRokGsqRySEklIpWR4Vug][Bills-MacBook-Pro.local][inet[/10.1.10.75:9306]],}, reason: zen-disco-receive(join from node[[node_5][1sRokGsqRySEklIpWR4Vug][Bills-MacBook-Pro.local][inet[/10.1.10.75:9306]]])
[2014-02-18 16:01:51,060][INFO ][cluster.service          ] [node_0] added {[node_5][1sRokGsqRySEklIpWR4Vug][Bills-MacBook-Pro.local][inet[/10.1.10.75:9306]],}, reason: zen-disco-receive(from master [[node_4][MUNdw7RlT5SlIPfDeILv2Q][Bills-MacBook-Pro.local][inet[/10.1.10.75:9305]]])
[2014-02-18 16:01:51,061][INFO ][cluster.service          ] [node_5] detected_master [node_4][MUNdw7RlT5SlIPfDeILv2Q][Bills-MacBook-Pro.local][inet[/10.1.10.75:9305]], added {[node_0][VfsiR6yZTuaX0vEte5VCmw][Bills-MacBook-Pro.local][inet[/10.1.10.75:9303]],[node_1][_iMcO_lOR1K_W7NdjocczQ][Bills-MacBook-Pro.local][inet[/10.1.10.75:9304]],[node_4][MUNdw7RlT5SlIPfDeILv2Q][Bills-MacBook-Pro.local][inet[/10.1.10.75:9305]],}, reason: zen-disco-receive(from master [[node_4][MUNdw7RlT5SlIPfDeILv2Q][Bills-MacBook-Pro.local][inet[/10.1.10.75:9305]]])
[2014-02-18 16:01:51,061][INFO ][cluster.service          ] [node_1] added {[node_5][1sRokGsqRySEklIpWR4Vug][Bills-MacBook-Pro.local][inet[/10.1.10.75:9306]],}, reason: zen-disco-receive(from master [[node_4][MUNdw7RlT5SlIPfDeILv2Q][Bills-MacBook-Pro.local][inet[/10.1.10.75:9305]]])
[2014-02-18 16:01:51,124][INFO ][discovery                ] [node_5] TEST-Bills-MacBook-Pro.local-CHILD_VM=[0]-CLUSTER_SEED=[7970670214342899342]-HASH=[13541B36C10DAA00]/1sRokGsqRySEklIpWR4Vug
[2014-02-18 16:01:51,132][INFO ][http                     ] [node_5] bound_address {inet[/0:0:0:0:0:0:0:0:9206]}, publish_address {inet[/10.1.10.75:9206]}
[2014-02-18 16:01:51,134][INFO ][node                     ] [node_5] started
[2014-02-18 16:01:51,234][INFO ][cluster                  ] Running Cluster Health
[2014-02-18 16:01:51,282][WARN ][discovery.zen.ping.multicast] [node_5] failed to receive packet, throttling...
java.net.SocketException: Socket closed
	at java.net.PlainDatagramSocketImpl.peekData(Native Method)
	at java.net.DatagramSocket.receive(DatagramSocket.java:726)
	at org.elasticsearch.discovery.zen.ping.multicast.MulticastZenPing$Receiver.run(MulticastZenPing.java:366)
	at java.lang.Thread.run(Thread.java:744)
[2014-02-18 16:01:51,436][INFO ][cluster                  ] Done Cluster Health, status GREEN
[2014-02-18 16:01:51,439][INFO ][plugins                  ] [transport_client_node_4] loaded [], sites []
[2014-02-18 16:01:51,464][INFO ][cluster                  ] --> verify we the data back
[2014-02-18 16:01:51,467][INFO ][plugins                  ] [transport_client_node_5] loaded [], sites []
[2014-02-18 16:01:51,502][INFO ][cluster                  ] [MinimumMasterNodesTests#multipleNodesShutdownNonMasterNodes]: cleaning up after test
[2014-02-18 16:01:51,506][INFO ][node                     ] [node_0] stopping ...
[2014-02-18 16:01:51,518][INFO ][node                     ] [node_0] stopped
[2014-02-18 16:01:51,519][INFO ][node                     ] [node_0] closing ...
[2014-02-18 16:01:51,519][INFO ][cluster.service          ] [node_4] removed {[node_0][VfsiR6yZTuaX0vEte5VCmw][Bills-MacBook-Pro.local][inet[/10.1.10.75:9303]],}, reason: zen-disco-node_left([node_0][VfsiR6yZTuaX0vEte5VCmw][Bills-MacBook-Pro.local][inet[/10.1.10.75:9303]])
[2014-02-18 16:01:51,521][INFO ][cluster.service          ] [node_5] removed {[node_0][VfsiR6yZTuaX0vEte5VCmw][Bills-MacBook-Pro.local][inet[/10.1.10.75:9303]],}, reason: zen-disco-receive(from master [[node_4][MUNdw7RlT5SlIPfDeILv2Q][Bills-MacBook-Pro.local][inet[/10.1.10.75:9305]]])
[2014-02-18 16:01:51,521][INFO ][cluster.service          ] [node_1] removed {[node_0][VfsiR6yZTuaX0vEte5VCmw][Bills-MacBook-Pro.local][inet[/10.1.10.75:9303]],}, reason: zen-disco-receive(from master [[node_4][MUNdw7RlT5SlIPfDeILv2Q][Bills-MacBook-Pro.local][inet[/10.1.10.75:9305]]])
[2014-02-18 16:01:51,524][INFO ][node                     ] [node_0] closed
[2014-02-18 16:01:51,528][INFO ][node                     ] [node_1] stopping ...
[2014-02-18 16:01:51,589][WARN ][discovery.zen            ] [node_4] not enough master nodes, current nodes: {[node_5][1sRokGsqRySEklIpWR4Vug][Bills-MacBook-Pro.local][inet[/10.1.10.75:9306]],[node_4][MUNdw7RlT5SlIPfDeILv2Q][Bills-MacBook-Pro.local][inet[/10.1.10.75:9305]],}
[2014-02-18 16:01:51,589][INFO ][cluster.service          ] [node_4] removed {[node_1][_iMcO_lOR1K_W7NdjocczQ][Bills-MacBook-Pro.local][inet[/10.1.10.75:9304]],[node_5][1sRokGsqRySEklIpWR4Vug][Bills-MacBook-Pro.local][inet[/10.1.10.75:9306]],}, reason: zen-disco-node_left([node_1][_iMcO_lOR1K_W7NdjocczQ][Bills-MacBook-Pro.local][inet[/10.1.10.75:9304]])
[2014-02-18 16:01:51,595][INFO ][node                     ] [node_1] stopped
[2014-02-18 16:01:51,596][INFO ][node                     ] [node_1] closing ...
[2014-02-18 16:01:51,599][INFO ][node                     ] [node_1] closed
[2014-02-18 16:01:51,604][INFO ][node                     ] [node_4] stopping ...
[2014-02-18 16:01:51,616][INFO ][node                     ] [node_4] stopped
[2014-02-18 16:01:51,616][INFO ][node                     ] [node_4] closing ...
[2014-02-18 16:01:51,620][INFO ][discovery.zen            ] [node_5] master_left [[node_4][MUNdw7RlT5SlIPfDeILv2Q][Bills-MacBook-Pro.local][inet[/10.1.10.75:9305]]], reason [transport disconnected (with verified connect)]
[2014-02-18 16:01:51,621][WARN ][discovery.zen            ] [node_5] not enough master nodes after master left (reason = transport disconnected (with verified connect)), current nodes: {[node_1][_iMcO_lOR1K_W7NdjocczQ][Bills-MacBook-Pro.local][inet[/10.1.10.75:9304]],[node_5][1sRokGsqRySEklIpWR4Vug][Bills-MacBook-Pro.local][inet[/10.1.10.75:9306]],}
[2014-02-18 16:01:51,621][INFO ][cluster.service          ] [node_5] removed {[node_1][_iMcO_lOR1K_W7NdjocczQ][Bills-MacBook-Pro.local][inet[/10.1.10.75:9304]],[node_4][MUNdw7RlT5SlIPfDeILv2Q][Bills-MacBook-Pro.local][inet[/10.1.10.75:9305]],}, reason: zen-disco-master_failed ([node_4][MUNdw7RlT5SlIPfDeILv2Q][Bills-MacBook-Pro.local][inet[/10.1.10.75:9305]])
[2014-02-18 16:01:51,621][INFO ][node                     ] [node_4] closed
[2014-02-18 16:01:51,626][INFO ][node                     ] [node_5] stopping ...
[2014-02-18 16:01:51,630][INFO ][node                     ] [node_5] stopped
[2014-02-18 16:01:51,630][INFO ][node                     ] [node_5] closing ...
[2014-02-18 16:01:51,633][INFO ][node                     ] [node_5] closed
[2014-02-18 16:01:51,633][INFO ][cluster                  ] [MinimumMasterNodesTests#multipleNodesShutdownNonMasterNodes]: cleaned up after test
[2014-02-18 16:01:51,633][INFO ][test                     ] Wipe data directory for all nodes locations: [data/d1/TEST-Bills-MacBook-Pro.local-CHILD_VM=[0]-CLUSTER_SEED=[7970670214342899342]-HASH=[13541B36C10DAA00]/nodes/3, data/d1/TEST-Bills-MacBook-Pro.local-CHILD_VM=[0]-CLUSTER_SEED=[7970670214342899342]-HASH=[13541B36C10DAA00]/nodes/1, data/d1/TEST-Bills-MacBook-Pro.local-CHILD_VM=[0]-CLUSTER_SEED=[7970670214342899342]-HASH=[13541B36C10DAA00]/nodes/2, data/d1/TEST-Bills-MacBook-Pro.local-CHILD_VM=[0]-CLUSTER_SEED=[7970670214342899342]-HASH=[13541B36C10DAA00]/nodes/0, data/d2/TEST-Bills-MacBook-Pro.local-CHILD_VM=[0]-CLUSTER_SEED=[7970670214342899342]-HASH=[13541B36C10DAA00]/nodes/0, data/d3/TEST-Bills-MacBook-Pro.local-CHILD_VM=[0]-CLUSTER_SEED=[7970670214342899342]-HASH=[13541B36C10DAA00]/nodes/0, data/d2/TEST-Bills-MacBook-Pro.local-CHILD_VM=[0]-CLUSTER_SEED=[7970670214342899342]-HASH=[13541B36C10DAA00]/nodes/1, data/d2/TEST-Bills-MacBook-Pro.local-CHILD_VM=[0]-CLUSTER_SEED=[7970670214342899342]-HASH=[13541B36C10DAA00]/nodes/2, data/d2/TEST-Bills-MacBook-Pro.local-CHILD_VM=[0]-CLUSTER_SEED=[7970670214342899342]-HASH=[13541B36C10DAA00]/nodes/3, data/d0/TEST-Bills-MacBook-Pro.local-CHILD_VM=[0]-CLUSTER_SEED=[7970670214342899342]-HASH=[13541B36C10DAA00]/nodes/2, data/d0/TEST-Bills-MacBook-Pro.local-CHILD_VM=[0]-CLUSTER_SEED=[7970670214342899342]-HASH=[13541B36C10DAA00]/nodes/3, data/d3/TEST-Bills-MacBook-Pro.local-CHILD_VM=[0]-CLUSTER_SEED=[7970670214342899342]-HASH=[13541B36C10DAA00]/nodes/3, data/d0/TEST-Bills-MacBook-Pro.local-CHILD_VM=[0]-CLUSTER_SEED=[7970670214342899342]-HASH=[13541B36C10DAA00]/nodes/0, data/d3/TEST-Bills-MacBook-Pro.local-CHILD_VM=[0]-CLUSTER_SEED=[7970670214342899342]-HASH=[13541B36C10DAA00]/nodes/1, data/d0/TEST-Bills-MacBook-Pro.local-CHILD_VM=[0]-CLUSTER_SEED=[7970670214342899342]-HASH=[13541B36C10DAA00]/nodes/1, data/d3/TEST-Bills-MacBook-Pro.local-CHILD_VM=[0]-CLUSTER_SEED=[7970670214342899342]-HASH=[13541B36C10DAA00]/nodes/2]
[2014-02-18 16:01:51,741][INFO ][test                     ] Test multipleNodesShutdownNonMasterNodes(org.elasticsearch.cluster.MinimumMasterNodesTests) finished
[2014-02-18 16:01:51,741][INFO ][test                     ] Test simpleMinimumMasterNodes(org.elasticsearch.cluster.MinimumMasterNodesTests) started
[2014-02-18 16:01:51,743][INFO ][test                     ] Setup TestCluster [TEST-Bills-MacBook-Pro.local-CHILD_VM=[0]-CLUSTER_SEED=[-8199470055073141975]-HASH=[13541B37EAF11BF8]] with seed [8E35A16D74E9AB29] using [0] nodes
[2014-02-18 16:01:51,743][INFO ][cluster                  ] [MinimumMasterNodesTests#simpleMinimumMasterNodes]: before test
[2014-02-18 16:01:51,743][INFO ][cluster                  ] --> start first node
[2014-02-18 16:01:51,745][INFO ][node                     ] [node_0] version[1.0.0], pid[6815], build[a46900e/2014-02-18T23:32:25Z]
[2014-02-18 16:01:51,745][INFO ][node                     ] [node_0] initializing ...
[2014-02-18 16:01:51,745][INFO ][plugins                  ] [node_0] loaded [], sites []
[2014-02-18 16:01:51,785][INFO ][node                     ] [node_0] initialized
[2014-02-18 16:01:51,786][INFO ][node                     ] [node_0] starting ...
[2014-02-18 16:01:51,791][INFO ][transport                ] [node_0] bound_address {inet[/0:0:0:0:0:0:0:0:9303]}, publish_address {inet[/10.1.10.75:9303]}
[2014-02-18 16:01:52,294][WARN ][discovery                ] [node_0] waited for 500ms and no initial state was set by the discovery
[2014-02-18 16:01:52,294][INFO ][discovery                ] [node_0] TEST-Bills-MacBook-Pro.local-CHILD_VM=[0]-CLUSTER_SEED=[-8199470055073141975]-HASH=[13541B37EAF11BF8]/kbZy50lMSIqolXTWHEUfsQ
[2014-02-18 16:01:52,298][INFO ][http                     ] [node_0] bound_address {inet[/0:0:0:0:0:0:0:0:9203]}, publish_address {inet[/10.1.10.75:9203]}
[2014-02-18 16:01:52,311][INFO ][node                     ] [node_0] started
[2014-02-18 16:01:52,312][INFO ][cluster                  ] --> should be blocked, no master...
[2014-02-18 16:01:52,313][INFO ][plugins                  ] [transport_client_node_0] loaded [], sites []
[2014-02-18 16:01:52,336][INFO ][cluster                  ] --> start second node, cluster should be formed
[2014-02-18 16:01:52,337][INFO ][node                     ] [node_1] version[1.0.0], pid[6815], build[a46900e/2014-02-18T23:32:25Z]
[2014-02-18 16:01:52,337][INFO ][node                     ] [node_1] initializing ...
[2014-02-18 16:01:52,338][INFO ][plugins                  ] [node_1] loaded [], sites []
[2014-02-18 16:01:52,381][INFO ][node                     ] [node_1] initialized
[2014-02-18 16:01:52,382][INFO ][node                     ] [node_1] starting ...
[2014-02-18 16:01:52,388][INFO ][transport                ] [node_1] bound_address {inet[/0:0:0:0:0:0:0:0:9304]}, publish_address {inet[/10.1.10.75:9304]}
[2014-02-18 16:01:52,600][INFO ][cluster.service          ] [node_0] new_master [node_0][kbZy50lMSIqolXTWHEUfsQ][Bills-MacBook-Pro.local][inet[/10.1.10.75:9303]], reason: zen-disco-join (elected_as_master)
[2014-02-18 16:01:52,797][INFO ][cluster.service          ] [node_0] added {[node_1][mATA0OfzTsq4WcZZI7BtHg][Bills-MacBook-Pro.local][inet[/10.1.10.75:9304]],}, reason: zen-disco-receive(join from node[[node_1][mATA0OfzTsq4WcZZI7BtHg][Bills-MacBook-Pro.local][inet[/10.1.10.75:9304]]])
[2014-02-18 16:01:52,799][INFO ][cluster.service          ] [node_1] detected_master [node_0][kbZy50lMSIqolXTWHEUfsQ][Bills-MacBook-Pro.local][inet[/10.1.10.75:9303]], added {[node_0][kbZy50lMSIqolXTWHEUfsQ][Bills-MacBook-Pro.local][inet[/10.1.10.75:9303]],}, reason: zen-disco-receive(from master [[node_0][kbZy50lMSIqolXTWHEUfsQ][Bills-MacBook-Pro.local][inet[/10.1.10.75:9303]]])
[2014-02-18 16:01:52,812][INFO ][discovery                ] [node_1] TEST-Bills-MacBook-Pro.local-CHILD_VM=[0]-CLUSTER_SEED=[-8199470055073141975]-HASH=[13541B37EAF11BF8]/mATA0OfzTsq4WcZZI7BtHg
[2014-02-18 16:01:52,817][INFO ][http                     ] [node_1] bound_address {inet[/0:0:0:0:0:0:0:0:9204]}, publish_address {inet[/10.1.10.75:9204]}
[2014-02-18 16:01:52,825][INFO ][node                     ] [node_1] started
[2014-02-18 16:01:52,827][INFO ][gateway                  ] [node_0] recovered [0] indices into cluster_state
[2014-02-18 16:01:52,839][INFO ][cluster.metadata         ] [node_0] [test] creating index, cause [api], shards [1]/[1], mappings []
[2014-02-18 16:01:52,865][INFO ][cluster                  ] --> indexing some data
[2014-02-18 16:01:52,948][INFO ][cluster.metadata         ] [node_0] [test] update_mapping [type1] (dynamic)
[2014-02-18 16:01:53,212][INFO ][cluster                  ] --> verify we the data back
[2014-02-18 16:01:53,223][INFO ][test                     ] Closing master node [node_0] 
[2014-02-18 16:01:53,226][INFO ][node                     ] [node_0] stopping ...
[2014-02-18 16:01:53,230][INFO ][discovery.zen            ] [node_1] master_left [[node_0][kbZy50lMSIqolXTWHEUfsQ][Bills-MacBook-Pro.local][inet[/10.1.10.75:9303]]], reason [shut_down]
[2014-02-18 16:01:53,231][WARN ][discovery.zen            ] [node_1] not enough master nodes after master left (reason = shut_down), current nodes: {[node_1][mATA0OfzTsq4WcZZI7BtHg][Bills-MacBook-Pro.local][inet[/10.1.10.75:9304]],}
[2014-02-18 16:01:53,232][INFO ][cluster.service          ] [node_1] removed {[node_0][kbZy50lMSIqolXTWHEUfsQ][Bills-MacBook-Pro.local][inet[/10.1.10.75:9303]],}, reason: zen-disco-master_failed ([node_0][kbZy50lMSIqolXTWHEUfsQ][Bills-MacBook-Pro.local][inet[/10.1.10.75:9303]])
[2014-02-18 16:01:53,235][INFO ][node                     ] [node_0] stopped
[2014-02-18 16:01:53,235][INFO ][node                     ] [node_0] closing ...
[2014-02-18 16:01:53,237][INFO ][node                     ] [node_0] closed
[2014-02-18 16:01:53,238][INFO ][cluster                  ] --> starting the previous master node again...
[2014-02-18 16:01:53,239][INFO ][node                     ] [node_2] version[1.0.0], pid[6815], build[a46900e/2014-02-18T23:32:25Z]
[2014-02-18 16:01:53,240][INFO ][node                     ] [node_2] initializing ...
[2014-02-18 16:01:53,240][INFO ][plugins                  ] [node_2] loaded [], sites []
[2014-02-18 16:01:53,281][INFO ][node                     ] [node_2] initialized
[2014-02-18 16:01:53,282][INFO ][node                     ] [node_2] starting ...
[2014-02-18 16:01:53,287][INFO ][transport                ] [node_2] bound_address {inet[/0:0:0:0:0:0:0:0:9303]}, publish_address {inet[/10.1.10.75:9303]}
[2014-02-18 16:01:53,495][INFO ][cluster.service          ] [node_2] new_master [node_2][YI2L8uHcQr6sIilPv38VyA][Bills-MacBook-Pro.local][inet[/10.1.10.75:9303]], reason: zen-disco-join (elected_as_master)
[2014-02-18 16:01:53,516][INFO ][discovery                ] [node_2] TEST-Bills-MacBook-Pro.local-CHILD_VM=[0]-CLUSTER_SEED=[-8199470055073141975]-HASH=[13541B37EAF11BF8]/YI2L8uHcQr6sIilPv38VyA
[2014-02-18 16:01:53,521][INFO ][http                     ] [node_2] bound_address {inet[/0:0:0:0:0:0:0:0:9203]}, publish_address {inet[/10.1.10.75:9203]}
[2014-02-18 16:01:53,521][INFO ][node                     ] [node_2] started
[2014-02-18 16:01:53,635][INFO ][cluster.service          ] [node_2] added {[node_1][mATA0OfzTsq4WcZZI7BtHg][Bills-MacBook-Pro.local][inet[/10.1.10.75:9304]],}, reason: zen-disco-receive(join from node[[node_1][mATA0OfzTsq4WcZZI7BtHg][Bills-MacBook-Pro.local][inet[/10.1.10.75:9304]]])
[2014-02-18 16:01:53,636][INFO ][cluster.service          ] [node_1] detected_master [node_2][YI2L8uHcQr6sIilPv38VyA][Bills-MacBook-Pro.local][inet[/10.1.10.75:9303]], added {[node_2][YI2L8uHcQr6sIilPv38VyA][Bills-MacBook-Pro.local][inet[/10.1.10.75:9303]],}, reason: zen-disco-receive(from master [[node_2][YI2L8uHcQr6sIilPv38VyA][Bills-MacBook-Pro.local][inet[/10.1.10.75:9303]]])
[2014-02-18 16:01:53,677][INFO ][gateway                  ] [node_2] recovered [1] indices into cluster_state
[2014-02-18 16:01:53,838][INFO ][cluster                  ] Running Cluster Health
[2014-02-18 16:01:53,839][INFO ][cluster                  ] Done Cluster Health, status GREEN
[2014-02-18 16:01:53,839][INFO ][cluster                  ] --> verify we the data back
[2014-02-18 16:01:53,844][INFO ][test                     ] Closing random non master node [node_1] current master [node_2] 
[2014-02-18 16:01:53,844][INFO ][node                     ] [node_1] stopping ...
[2014-02-18 16:01:53,849][WARN ][discovery.zen            ] [node_2] not enough master nodes, current nodes: {[node_2][YI2L8uHcQr6sIilPv38VyA][Bills-MacBook-Pro.local][inet[/10.1.10.75:9303]],}
[2014-02-18 16:01:53,849][INFO ][cluster.service          ] [node_2] removed {[node_1][mATA0OfzTsq4WcZZI7BtHg][Bills-MacBook-Pro.local][inet[/10.1.10.75:9304]],}, reason: zen-disco-node_left([node_1][mATA0OfzTsq4WcZZI7BtHg][Bills-MacBook-Pro.local][inet[/10.1.10.75:9304]])
[2014-02-18 16:01:53,853][INFO ][node                     ] [node_1] stopped
[2014-02-18 16:01:53,853][INFO ][node                     ] [node_1] closing ...
[2014-02-18 16:01:53,855][INFO ][node                     ] [node_1] closed
[2014-02-18 16:01:53,856][INFO ][cluster                  ] --> starting the previous master node again...
[2014-02-18 16:01:53,858][INFO ][node                     ] [node_3] version[1.0.0], pid[6815], build[a46900e/2014-02-18T23:32:25Z]
[2014-02-18 16:01:53,858][INFO ][node                     ] [node_3] initializing ...
[2014-02-18 16:01:53,858][INFO ][plugins                  ] [node_3] loaded [], sites []
[2014-02-18 16:01:53,914][INFO ][node                     ] [node_3] initialized
[2014-02-18 16:01:53,914][INFO ][node                     ] [node_3] starting ...
[2014-02-18 16:01:53,921][INFO ][transport                ] [node_3] bound_address {inet[/0:0:0:0:0:0:0:0:9304]}, publish_address {inet[/10.1.10.75:9304]}
[2014-02-18 16:01:54,126][INFO ][cluster.service          ] [node_3] new_master [node_3][7gAfd8E3SY-ycv1ASKhNbw][Bills-MacBook-Pro.local][inet[/10.1.10.75:9304]], reason: zen-disco-join (elected_as_master)
[2014-02-18 16:01:54,143][INFO ][discovery                ] [node_3] TEST-Bills-MacBook-Pro.local-CHILD_VM=[0]-CLUSTER_SEED=[-8199470055073141975]-HASH=[13541B37EAF11BF8]/7gAfd8E3SY-ycv1ASKhNbw
[2014-02-18 16:01:54,146][INFO ][http                     ] [node_3] bound_address {inet[/0:0:0:0:0:0:0:0:9204]}, publish_address {inet[/10.1.10.75:9204]}
[2014-02-18 16:01:54,147][INFO ][node                     ] [node_3] started
[2014-02-18 16:01:54,148][INFO ][plugins                  ] [transport_client_node_3] loaded [], sites []
[2014-02-18 16:01:54,253][INFO ][cluster.service          ] [node_3] added {[node_2][YI2L8uHcQr6sIilPv38VyA][Bills-MacBook-Pro.local][inet[/10.1.10.75:9303]],}, reason: zen-disco-receive(join from node[[node_2][YI2L8uHcQr6sIilPv38VyA][Bills-MacBook-Pro.local][inet[/10.1.10.75:9303]]])
[2014-02-18 16:01:54,254][INFO ][cluster.service          ] [node_2] detected_master [node_3][7gAfd8E3SY-ycv1ASKhNbw][Bills-MacBook-Pro.local][inet[/10.1.10.75:9304]], added {[node_3][7gAfd8E3SY-ycv1ASKhNbw][Bills-MacBook-Pro.local][inet[/10.1.10.75:9304]],}, reason: zen-disco-receive(from master [[node_3][7gAfd8E3SY-ycv1ASKhNbw][Bills-MacBook-Pro.local][inet[/10.1.10.75:9304]]])
[2014-02-18 16:01:54,292][INFO ][gateway                  ] [node_3] recovered [1] indices into cluster_state
[2014-02-18 16:01:54,377][INFO ][cluster                  ] Running Cluster Health
[2014-02-18 16:01:54,378][INFO ][cluster                  ] Done Cluster Health, status GREEN
[2014-02-18 16:01:54,378][INFO ][cluster                  ] --> verify we the data back
[2014-02-18 16:01:54,390][INFO ][cluster                  ] [MinimumMasterNodesTests#simpleMinimumMasterNodes]: cleaning up after test
[2014-02-18 16:01:54,390][INFO ][node                     ] [node_2] stopping ...
[2014-02-18 16:01:54,395][WARN ][discovery.zen            ] [node_3] not enough master nodes, current nodes: {[node_3][7gAfd8E3SY-ycv1ASKhNbw][Bills-MacBook-Pro.local][inet[/10.1.10.75:9304]],}
[2014-02-18 16:01:54,395][INFO ][cluster.service          ] [node_3] removed {[node_2][YI2L8uHcQr6sIilPv38VyA][Bills-MacBook-Pro.local][inet[/10.1.10.75:9303]],}, reason: zen-disco-node_left([node_2][YI2L8uHcQr6sIilPv38VyA][Bills-MacBook-Pro.local][inet[/10.1.10.75:9303]])
[2014-02-18 16:01:54,399][INFO ][node                     ] [node_2] stopped
[2014-02-18 16:01:54,399][INFO ][node                     ] [node_2] closing ...
[2014-02-18 16:01:54,401][INFO ][node                     ] [node_2] closed
[2014-02-18 16:01:54,405][INFO ][node                     ] [node_3] stopping ...
[2014-02-18 16:01:54,414][INFO ][node                     ] [node_3] stopped
[2014-02-18 16:01:54,414][INFO ][node                     ] [node_3] closing ...
[2014-02-18 16:01:54,416][INFO ][node                     ] [node_3] closed
[2014-02-18 16:01:54,417][INFO ][cluster                  ] [MinimumMasterNodesTests#simpleMinimumMasterNodes]: cleaned up after test
[2014-02-18 16:01:54,417][INFO ][test                     ] Wipe data directory for all nodes locations: [data/d3/TEST-Bills-MacBook-Pro.local-CHILD_VM=[0]-CLUSTER_SEED=[-8199470055073141975]-HASH=[13541B37EAF11BF8]/nodes/0, data/d3/TEST-Bills-MacBook-Pro.local-CHILD_VM=[0]-CLUSTER_SEED=[-8199470055073141975]-HASH=[13541B37EAF11BF8]/nodes/1, data/d1/TEST-Bills-MacBook-Pro.local-CHILD_VM=[0]-CLUSTER_SEED=[-8199470055073141975]-HASH=[13541B37EAF11BF8]/nodes/1, data/d1/TEST-Bills-MacBook-Pro.local-CHILD_VM=[0]-CLUSTER_SEED=[-8199470055073141975]-HASH=[13541B37EAF11BF8]/nodes/0, data/d0/TEST-Bills-MacBook-Pro.local-CHILD_VM=[0]-CLUSTER_SEED=[-8199470055073141975]-HASH=[13541B37EAF11BF8]/nodes/0, data/d0/TEST-Bills-MacBook-Pro.local-CHILD_VM=[0]-CLUSTER_SEED=[-8199470055073141975]-HASH=[13541B37EAF11BF8]/nodes/1, data/d2/TEST-Bills-MacBook-Pro.local-CHILD_VM=[0]-CLUSTER_SEED=[-8199470055073141975]-HASH=[13541B37EAF11BF8]/nodes/0, data/d2/TEST-Bills-MacBook-Pro.local-CHILD_VM=[0]-CLUSTER_SEED=[-8199470055073141975]-HASH=[13541B37EAF11BF8]/nodes/1]
[2014-02-18 16:01:54,444][INFO ][test                     ] Test simpleMinimumMasterNodes(org.elasticsearch.cluster.MinimumMasterNodesTests) finished
]]></system-out>
   <system-err><![CDATA[]]></system-err>
</testsuite>