<testsuite errors="0" failures="0" tests="24" skipped="0" name="org.elasticsearch.search.aggregations.bucket.DateHistogramTests" hostname="nohost.nodomain" time="11.564" timestamp="2014-02-18T15:55:03">
   <properties class="java.util.ArrayList">
      <property name="awt.toolkit" value="sun.lwawt.macosx.LWCToolkit"/>
      <property name="es.logger.level" value="INFO"/>
      <property name="es.logger.prefix" value=""/>
      <property name="es.node.local" value=""/>
      <property name="es.node.mode" value=""/>
      <property name="file.encoding" value="UTF-8"/>
      <property name="file.encoding.pkg" value="sun.io"/>
      <property name="file.separator" value="/"/>
      <property name="ftp.nonProxyHosts" value="local|*.local|169.254/16|*.169.254/16"/>
      <property name="gopherProxySet" value="false"/>
      <property name="http.nonProxyHosts" value="local|*.local|169.254/16|*.169.254/16"/>
      <property name="java.awt.graphicsenv" value="sun.awt.CGraphicsEnvironment"/>
      <property name="java.awt.headless" value="true"/>
      <property name="java.awt.printerjob" value="sun.lwawt.macosx.CPrinterJob"/>
      <property name="java.class.path" value="/Users/bhwang/elasticsearch/target/test-classes:/Users/bhwang/elasticsearch/target/classes:/Users/bhwang/.m2/repository/org/hamcrest/hamcrest-all/1.3/hamcrest-all-1.3.jar:/Users/bhwang/.m2/repository/com/carrotsearch/randomizedtesting/randomizedtesting-runner/2.0.15/randomizedtesting-runner-2.0.15.jar:/Users/bhwang/.m2/repository/junit/junit/4.10/junit-4.10.jar:/Users/bhwang/.m2/repository/org/apache/lucene/lucene-test-framework/4.6.1/lucene-test-framework-4.6.1.jar:/Users/bhwang/.m2/repository/org/apache/lucene/lucene-expressions/4.6.1/lucene-expressions-4.6.1.jar:/Users/bhwang/.m2/repository/org/antlr/antlr-runtime/3.5/antlr-runtime-3.5.jar:/Users/bhwang/.m2/repository/org/ow2/asm/asm/4.1/asm-4.1.jar:/Users/bhwang/.m2/repository/org/ow2/asm/asm-commons/4.1/asm-commons-4.1.jar:/Users/bhwang/.m2/repository/org/apache/httpcomponents/httpclient/4.3.1/httpclient-4.3.1.jar:/Users/bhwang/.m2/repository/org/apache/httpcomponents/httpcore/4.3/httpcore-4.3.jar:/Users/bhwang/.m2/repository/commons-logging/commons-logging/1.1.3/commons-logging-1.1.3.jar:/Users/bhwang/.m2/repository/commons-codec/commons-codec/1.6/commons-codec-1.6.jar:/Users/bhwang/.m2/repository/org/apache/lucene/lucene-core/4.6.1/lucene-core-4.6.1.jar:/Users/bhwang/.m2/repository/org/apache/lucene/lucene-analyzers-common/4.6.1/lucene-analyzers-common-4.6.1.jar:/Users/bhwang/.m2/repository/org/apache/lucene/lucene-codecs/4.6.1/lucene-codecs-4.6.1.jar:/Users/bhwang/.m2/repository/org/apache/lucene/lucene-queries/4.6.1/lucene-queries-4.6.1.jar:/Users/bhwang/.m2/repository/org/apache/lucene/lucene-memory/4.6.1/lucene-memory-4.6.1.jar:/Users/bhwang/.m2/repository/org/apache/lucene/lucene-highlighter/4.6.1/lucene-highlighter-4.6.1.jar:/Users/bhwang/.m2/repository/org/apache/lucene/lucene-queryparser/4.6.1/lucene-queryparser-4.6.1.jar:/Users/bhwang/.m2/repository/org/apache/lucene/lucene-sandbox/4.6.1/lucene-sandbox-4.6.1.jar:/Users/bhwang/.m2/repository/org/apache/lucene/lucene-suggest/4.6.1/lucene-suggest-4.6.1.jar:/Users/bhwang/.m2/repository/org/apache/lucene/lucene-misc/4.6.1/lucene-misc-4.6.1.jar:/Users/bhwang/.m2/repository/org/apache/lucene/lucene-join/4.6.1/lucene-join-4.6.1.jar:/Users/bhwang/.m2/repository/org/apache/lucene/lucene-grouping/4.6.1/lucene-grouping-4.6.1.jar:/Users/bhwang/.m2/repository/org/apache/lucene/lucene-spatial/4.6.1/lucene-spatial-4.6.1.jar:/Users/bhwang/.m2/repository/com/spatial4j/spatial4j/0.3/spatial4j-0.3.jar:/Users/bhwang/.m2/repository/com/vividsolutions/jts/1.12/jts-1.12.jar:/Users/bhwang/.m2/repository/com/google/guava/guava/16.0/guava-16.0.jar:/Users/bhwang/.m2/repository/com/carrotsearch/hppc/0.5.3/hppc-0.5.3.jar:/Users/bhwang/.m2/repository/joda-time/joda-time/2.3/joda-time-2.3.jar:/Users/bhwang/.m2/repository/org/joda/joda-convert/1.2/joda-convert-1.2.jar:/Users/bhwang/.m2/repository/org/mvel/mvel2/2.1.5.Final/mvel2-2.1.5.Final.jar:/Users/bhwang/.m2/repository/com/fasterxml/jackson/core/jackson-core/2.3.0/jackson-core-2.3.0.jar:/Users/bhwang/.m2/repository/com/fasterxml/jackson/dataformat/jackson-dataformat-smile/2.3.0/jackson-dataformat-smile-2.3.0.jar:/Users/bhwang/.m2/repository/com/fasterxml/jackson/dataformat/jackson-dataformat-yaml/2.3.0/jackson-dataformat-yaml-2.3.0.jar:/Users/bhwang/.m2/repository/io/netty/netty/3.9.0.Final/netty-3.9.0.Final.jar:/Users/bhwang/.m2/repository/com/ning/compress-lzf/0.9.6/compress-lzf-0.9.6.jar:/Users/bhwang/.m2/repository/log4j/log4j/1.2.17/log4j-1.2.17.jar:/Users/bhwang/.m2/repository/org/slf4j/slf4j-api/1.6.2/slf4j-api-1.6.2.jar:/Users/bhwang/.m2/repository/net/java/dev/jna/jna/3.3.0/jna-3.3.0.jar:/Users/bhwang/.m2/repository/org/fusesource/sigar/1.6.4/sigar-1.6.4.jar:/Users/bhwang/.m2/repository/com/carrotsearch/randomizedtesting/junit4-ant/2.0.15/junit4-ant-2.0.15.jar"/>
      <property name="java.class.version" value="51.0"/>
      <property name="java.endorsed.dirs" value="/Library/Java/JavaVirtualMachines/jdk1.7.0_45.jdk/Contents/Home/jre/lib/endorsed"/>
      <property name="java.ext.dirs" value="/Users/bhwang/Library/Java/Extensions:/Library/Java/JavaVirtualMachines/jdk1.7.0_45.jdk/Contents/Home/jre/lib/ext:/Library/Java/Extensions:/Network/Library/Java/Extensions:/System/Library/Java/Extensions:/usr/lib/java"/>
      <property name="java.home" value="/Library/Java/JavaVirtualMachines/jdk1.7.0_45.jdk/Contents/Home/jre"/>
      <property name="java.io.tmpdir" value="."/>
      <property name="java.library.path" value="/Users/bhwang/Library/Java/Extensions:/Library/Java/Extensions:/Network/Library/Java/Extensions:/System/Library/Java/Extensions:/usr/lib/java:."/>
      <property name="java.runtime.name" value="Java(TM) SE Runtime Environment"/>
      <property name="java.runtime.version" value="1.7.0_45-b18"/>
      <property name="java.security.policy" value="/Users/bhwang/elasticsearch/dev-tools/tests.policy"/>
      <property name="java.specification.name" value="Java Platform API Specification"/>
      <property name="java.specification.vendor" value="Oracle Corporation"/>
      <property name="java.specification.version" value="1.7"/>
      <property name="java.vendor" value="Oracle Corporation"/>
      <property name="java.vendor.url" value="http://java.oracle.com/"/>
      <property name="java.vendor.url.bug" value="http://bugreport.sun.com/bugreport/"/>
      <property name="java.version" value="1.7.0_45"/>
      <property name="java.vm.info" value="mixed mode"/>
      <property name="java.vm.name" value="Java HotSpot(TM) 64-Bit Server VM"/>
      <property name="java.vm.specification.name" value="Java Virtual Machine Specification"/>
      <property name="java.vm.specification.vendor" value="Oracle Corporation"/>
      <property name="java.vm.specification.version" value="1.7"/>
      <property name="java.vm.vendor" value="Oracle Corporation"/>
      <property name="java.vm.version" value="24.45-b08"/>
      <property name="junit4.childvm.cwd" value="/Users/bhwang/elasticsearch/target/J0"/>
      <property name="junit4.childvm.id" value="0"/>
      <property name="junit4.memory.total" value="128974848"/>
      <property name="junit4.pidString" value="6815@Bills-MacBook-Pro.local"/>
      <property name="junit4.processors" value="4"/>
      <property name="junit4.tempDir" value="/Users/bhwang/elasticsearch/target"/>
      <property name="line.separator" value="
"/>
      <property name="os.arch" value="x86_64"/>
      <property name="os.name" value="Mac OS X"/>
      <property name="os.version" value="10.9.1"/>
      <property name="path.separator" value=":"/>
      <property name="socksNonProxyHosts" value="local|*.local|169.254/16|*.169.254/16"/>
      <property name="sun.arch.data.model" value="64"/>
      <property name="sun.boot.class.path" value="/Library/Java/JavaVirtualMachines/jdk1.7.0_45.jdk/Contents/Home/jre/lib/resources.jar:/Library/Java/JavaVirtualMachines/jdk1.7.0_45.jdk/Contents/Home/jre/lib/rt.jar:/Library/Java/JavaVirtualMachines/jdk1.7.0_45.jdk/Contents/Home/jre/lib/sunrsasign.jar:/Library/Java/JavaVirtualMachines/jdk1.7.0_45.jdk/Contents/Home/jre/lib/jsse.jar:/Library/Java/JavaVirtualMachines/jdk1.7.0_45.jdk/Contents/Home/jre/lib/jce.jar:/Library/Java/JavaVirtualMachines/jdk1.7.0_45.jdk/Contents/Home/jre/lib/charsets.jar:/Library/Java/JavaVirtualMachines/jdk1.7.0_45.jdk/Contents/Home/jre/lib/jfr.jar:/Library/Java/JavaVirtualMachines/jdk1.7.0_45.jdk/Contents/Home/jre/lib/JObjC.jar:/Library/Java/JavaVirtualMachines/jdk1.7.0_45.jdk/Contents/Home/jre/classes"/>
      <property name="sun.boot.library.path" value="/Library/Java/JavaVirtualMachines/jdk1.7.0_45.jdk/Contents/Home/jre/lib"/>
      <property name="sun.cpu.endian" value="little"/>
      <property name="sun.cpu.isalist" value=""/>
      <property name="sun.io.unicode.encoding" value="UnicodeBig"/>
      <property name="sun.java.command" value="com.carrotsearch.ant.tasks.junit4.slave.SlaveMainSafe -flush -eventsfile /Users/bhwang/elasticsearch/target/junit4-J0-20140218_153326_767.events @/Users/bhwang/elasticsearch/target/junit4-J0-20140218_153326_767.suites -stdin"/>
      <property name="sun.java.launcher" value="SUN_STANDARD"/>
      <property name="sun.jnu.encoding" value="UTF-8"/>
      <property name="sun.management.compiler" value="HotSpot 64-Bit Tiered Compilers"/>
      <property name="sun.os.patch.level" value="unknown"/>
      <property name="tests.appendseed" value=""/>
      <property name="tests.assertion.disabled" value=""/>
      <property name="tests.awaitsfix" value=""/>
      <property name="tests.badapples" value=""/>
      <property name="tests.class" value=""/>
      <property name="tests.client.ratio" value=""/>
      <property name="tests.cluster_seed" value=""/>
      <property name="tests.enable_mock_modules" value=""/>
      <property name="tests.failfast" value=""/>
      <property name="tests.integration" value=""/>
      <property name="tests.iters" value=""/>
      <property name="tests.jvm.argline" value=""/>
      <property name="tests.maxfailures" value=""/>
      <property name="tests.method" value=""/>
      <property name="tests.network" value=""/>
      <property name="tests.nightly" value=""/>
      <property name="tests.prefix" value="tests"/>
      <property name="tests.rest" value=""/>
      <property name="tests.rest.spec" value=""/>
      <property name="tests.rest.suite" value=""/>
      <property name="tests.security.manager" value=""/>
      <property name="tests.seed" value="A89B4FF56754358E"/>
      <property name="tests.showSuccess" value=""/>
      <property name="tests.slow" value=""/>
      <property name="tests.timeoutSuite" value=""/>
      <property name="tests.weekly" value=""/>
      <property name="user.country" value="US"/>
      <property name="user.dir" value="/Users/bhwang/elasticsearch/target/J0"/>
      <property name="user.home" value="/Users/bhwang"/>
      <property name="user.language" value="en"/>
      <property name="user.name" value="bhwang"/>
      <property name="user.timezone" value=""/>
   </properties>
   <testcase classname="org.elasticsearch.search.aggregations.bucket.DateHistogramTests" name="singleValuedField_OrderedByCountDesc" time="0.163"/>
   <testcase classname="org.elasticsearch.search.aggregations.bucket.DateHistogramTests" name="multiValuedField" time="0.429"/>
   <testcase classname="org.elasticsearch.search.aggregations.bucket.DateHistogramTests" name="singleValuedField_OrderedBySubAggregationAsc" time="0.434"/>
   <testcase classname="org.elasticsearch.search.aggregations.bucket.DateHistogramTests" name="script_MultiValued" time="0.201"/>
   <testcase classname="org.elasticsearch.search.aggregations.bucket.DateHistogramTests" name="singleValuedField_OrderedByCountAsc" time="0.709"/>
   <testcase classname="org.elasticsearch.search.aggregations.bucket.DateHistogramTests" name="singleValuedField_WithSubAggregation_Inherited" time="0.389"/>
   <testcase classname="org.elasticsearch.search.aggregations.bucket.DateHistogramTests" name="script_MultiValued_WithAggregatorInherited" time="0.444"/>
   <testcase classname="org.elasticsearch.search.aggregations.bucket.DateHistogramTests" name="emptyAggregation" time="0.473"/>
   <testcase classname="org.elasticsearch.search.aggregations.bucket.DateHistogramTests" name="singleValuedField_OrderedByKeyAsc" time="0.371"/>
   <testcase classname="org.elasticsearch.search.aggregations.bucket.DateHistogramTests" name="multiValuedField_OrderedByKeyDesc" time="0.27"/>
   <testcase classname="org.elasticsearch.search.aggregations.bucket.DateHistogramTests" name="singleValuedField_OrderedByMultiValuedSubAggregationAsc_Inherited" time="0.278"/>
   <testcase classname="org.elasticsearch.search.aggregations.bucket.DateHistogramTests" name="multiValuedField_WithValueScript" time="0.5"/>
   <testcase classname="org.elasticsearch.search.aggregations.bucket.DateHistogramTests" name="singleValuedField" time="0.52"/>
   <testcase classname="org.elasticsearch.search.aggregations.bucket.DateHistogramTests" name="singleValuedField_OrderedByMultiValuedSubAggregationDesc" time="0.195"/>
   <testcase classname="org.elasticsearch.search.aggregations.bucket.DateHistogramTests" name="singleValuedField_WithPostTimeZone" time="0.256"/>
   <testcase classname="org.elasticsearch.search.aggregations.bucket.DateHistogramTests" name="singleValuedField_WithSubAggregation" time="0.86"/>
   <testcase classname="org.elasticsearch.search.aggregations.bucket.DateHistogramTests" name="script_SingleValue_WithSubAggregator_Inherited" time="0.542"/>
   <testcase classname="org.elasticsearch.search.aggregations.bucket.DateHistogramTests" name="multiValuedField_WithValueScript_WithInheritedSubAggregator" time="0.447"/>
   <testcase classname="org.elasticsearch.search.aggregations.bucket.DateHistogramTests" name="unmapped" time="1.125"/>
   <testcase classname="org.elasticsearch.search.aggregations.bucket.DateHistogramTests" name="singleValuedField_OrderedByKeyDesc" time="1.303"/>
   <testcase classname="org.elasticsearch.search.aggregations.bucket.DateHistogramTests" name="script_SingleValue" time="0.311"/>
   <testcase classname="org.elasticsearch.search.aggregations.bucket.DateHistogramTests" name="partiallyUnmapped" time="0.462"/>
   <testcase classname="org.elasticsearch.search.aggregations.bucket.DateHistogramTests" name="singleValuedField_WithValueScript" time="0.541"/>
   <testcase classname="org.elasticsearch.search.aggregations.bucket.DateHistogramTests" name="singleValuedField_OrderedBySubAggregationDesc" time="0.315"/>
   <system-out><![CDATA[[2014-02-18 15:55:03,699][INFO ][test                     ] Test singleValuedField_OrderedByCountDesc(org.elasticsearch.search.aggregations.bucket.DateHistogramTests) started
[2014-02-18 15:55:03,703][INFO ][search.aggregations.bucket] [DateHistogramTests#singleValuedField_OrderedByCountDesc]: before test
[2014-02-18 15:55:03,711][INFO ][cluster.metadata         ] [node_0] [idx] creating index, cause [api], shards [1]/[1], mappings []
[2014-02-18 15:55:03,756][INFO ][cluster.metadata         ] [node_0] [idx_unmapped] creating index, cause [api], shards [1]/[0], mappings []
[2014-02-18 15:55:03,777][INFO ][search.aggregations.bucket] Index [6] docs async: [true] bulk: [false]
[2014-02-18 15:55:03,781][INFO ][cluster.metadata         ] [node_0] [idx] update_mapping [type] (dynamic)
[2014-02-18 15:55:03,831][TRACE][action.search.type       ] [node_2] Moving to second phase, based on results from: [tbUF3y2YTPm1TPdTF8YBYw][idx][0] (cluster state version: 4955)
[2014-02-18 15:55:03,832][INFO ][search.aggregations.bucket] [DateHistogramTests#singleValuedField_OrderedByCountDesc]: cleaning up after test
[2014-02-18 15:55:03,833][INFO ][cluster.metadata         ] [node_0] [idx_unmapped] deleting index
[2014-02-18 15:55:03,838][INFO ][cluster.metadata         ] [node_0] [idx] deleting index
[2014-02-18 15:55:03,861][INFO ][search.aggregations.bucket] [DateHistogramTests#singleValuedField_OrderedByCountDesc]: cleaned up after test
[2014-02-18 15:55:03,862][INFO ][test                     ] Test singleValuedField_OrderedByCountDesc(org.elasticsearch.search.aggregations.bucket.DateHistogramTests) finished
[2014-02-18 15:55:03,862][INFO ][test                     ] Test multiValuedField(org.elasticsearch.search.aggregations.bucket.DateHistogramTests) started
[2014-02-18 15:55:03,869][INFO ][search.aggregations.bucket] [DateHistogramTests#multiValuedField]: before test
[2014-02-18 15:55:03,881][INFO ][cluster.metadata         ] [node_0] [idx] creating index, cause [api], shards [4]/[0], mappings []
[2014-02-18 15:55:03,941][INFO ][cluster.metadata         ] [node_0] [idx_unmapped] creating index, cause [api], shards [4]/[1], mappings []
[2014-02-18 15:55:03,997][INFO ][search.aggregations.bucket] Index [6] docs async: [true] bulk: [false]
[2014-02-18 15:55:04,164][INFO ][cluster.metadata         ] [node_0] [idx] update_mapping [type] (dynamic)
[2014-02-18 15:55:04,242][TRACE][action.search.type       ] [node_2] Moving to second phase, based on results from: [YhvSpkX-RFGNafHqA5ra1w][idx][0],[YhvSpkX-RFGNafHqA5ra1w][idx][3],[FMinfbhkR0qkv0gqZ8eWZw][idx][2],[tbUF3y2YTPm1TPdTF8YBYw][idx][1] (cluster state version: 4968)
[2014-02-18 15:55:04,244][INFO ][search.aggregations.bucket] [DateHistogramTests#multiValuedField]: cleaning up after test
[2014-02-18 15:55:04,245][INFO ][cluster.metadata         ] [node_0] [idx_unmapped] deleting index
[2014-02-18 15:55:04,273][INFO ][cluster.metadata         ] [node_0] [idx] deleting index
[2014-02-18 15:55:04,290][INFO ][search.aggregations.bucket] [DateHistogramTests#multiValuedField]: cleaned up after test
[2014-02-18 15:55:04,291][INFO ][test                     ] Test multiValuedField(org.elasticsearch.search.aggregations.bucket.DateHistogramTests) finished
[2014-02-18 15:55:04,291][INFO ][test                     ] Test singleValuedField_OrderedBySubAggregationAsc(org.elasticsearch.search.aggregations.bucket.DateHistogramTests) started
[2014-02-18 15:55:04,295][INFO ][plugins                  ] [transport_client_node_0] loaded [], sites []
[2014-02-18 15:55:04,330][INFO ][plugins                  ] [transport_client_node_2] loaded [], sites []
[2014-02-18 15:55:04,357][INFO ][plugins                  ] [transport_client_node_1] loaded [], sites []
[2014-02-18 15:55:04,386][INFO ][search.aggregations.bucket] [DateHistogramTests#singleValuedField_OrderedBySubAggregationAsc]: before test
[2014-02-18 15:55:04,395][INFO ][cluster.metadata         ] [node_0] [idx] creating index, cause [api], shards [2]/[1], mappings []
[2014-02-18 15:55:04,472][INFO ][cluster.metadata         ] [node_0] [idx_unmapped] creating index, cause [api], shards [3]/[0], mappings []
[2014-02-18 15:55:04,517][INFO ][search.aggregations.bucket] Index [6] docs async: [true] bulk: [false]
[2014-02-18 15:55:04,524][INFO ][cluster.metadata         ] [node_0] [idx] update_mapping [type] (dynamic)
[2014-02-18 15:55:04,662][TRACE][action.search.type       ] [node_1] Moving to second phase, based on results from: [FMinfbhkR0qkv0gqZ8eWZw][idx][0],[tbUF3y2YTPm1TPdTF8YBYw][idx][1] (cluster state version: 4977)
[2014-02-18 15:55:04,664][INFO ][search.aggregations.bucket] [DateHistogramTests#singleValuedField_OrderedBySubAggregationAsc]: cleaning up after test
[2014-02-18 15:55:04,667][INFO ][cluster.metadata         ] [node_0] [idx_unmapped] deleting index
[2014-02-18 15:55:04,686][INFO ][cluster.metadata         ] [node_0] [idx] deleting index
[2014-02-18 15:55:04,713][INFO ][search.aggregations.bucket] [DateHistogramTests#singleValuedField_OrderedBySubAggregationAsc]: cleaned up after test
[2014-02-18 15:55:04,725][INFO ][test                     ] Test singleValuedField_OrderedBySubAggregationAsc(org.elasticsearch.search.aggregations.bucket.DateHistogramTests) finished
[2014-02-18 15:55:04,725][INFO ][test                     ] Test script_MultiValued(org.elasticsearch.search.aggregations.bucket.DateHistogramTests) started
[2014-02-18 15:55:04,728][INFO ][search.aggregations.bucket] [DateHistogramTests#script_MultiValued]: before test
[2014-02-18 15:55:04,738][INFO ][cluster.metadata         ] [node_0] [idx] creating index, cause [api], shards [1]/[1], mappings []
[2014-02-18 15:55:04,782][INFO ][cluster.metadata         ] [node_0] [idx_unmapped] creating index, cause [api], shards [3]/[0], mappings []
[2014-02-18 15:55:04,825][INFO ][search.aggregations.bucket] Index [6] docs async: [true] bulk: [false]
[2014-02-18 15:55:04,830][INFO ][cluster.metadata         ] [node_0] [idx] update_mapping [type] (dynamic)
[2014-02-18 15:55:04,896][TRACE][action.search.type       ] [node_1] Moving to second phase, based on results from: [YhvSpkX-RFGNafHqA5ra1w][idx][0] (cluster state version: 4986)
[2014-02-18 15:55:04,896][INFO ][search.aggregations.bucket] [DateHistogramTests#script_MultiValued]: cleaning up after test
[2014-02-18 15:55:04,898][INFO ][cluster.metadata         ] [node_0] [idx_unmapped] deleting index
[2014-02-18 15:55:04,910][INFO ][cluster.metadata         ] [node_0] [idx] deleting index
[2014-02-18 15:55:04,925][INFO ][search.aggregations.bucket] [DateHistogramTests#script_MultiValued]: cleaned up after test
[2014-02-18 15:55:04,926][INFO ][test                     ] Test script_MultiValued(org.elasticsearch.search.aggregations.bucket.DateHistogramTests) finished
[2014-02-18 15:55:04,926][INFO ][test                     ] Test singleValuedField_OrderedByCountAsc(org.elasticsearch.search.aggregations.bucket.DateHistogramTests) started
[2014-02-18 15:55:04,930][INFO ][plugins                  ] [transport_client_node_0] loaded [], sites []
[2014-02-18 15:55:04,957][INFO ][plugins                  ] [transport_client_node_2] loaded [], sites []
[2014-02-18 15:55:04,986][INFO ][search.aggregations.bucket] [DateHistogramTests#singleValuedField_OrderedByCountAsc]: before test
[2014-02-18 15:55:04,999][INFO ][cluster.metadata         ] [node_0] [idx] creating index, cause [api], shards [2]/[1], mappings []
[2014-02-18 15:55:05,074][INFO ][cluster.metadata         ] [node_0] [idx_unmapped] creating index, cause [api], shards [4]/[1], mappings []
[2014-02-18 15:55:05,129][INFO ][search.aggregations.bucket] Index [6] docs async: [true] bulk: [false]
[2014-02-18 15:55:05,342][INFO ][cluster.metadata         ] [node_0] [idx] update_mapping [type] (dynamic)
[2014-02-18 15:55:05,553][TRACE][action.search.type       ] [node_0] Moving to second phase, based on results from: [YhvSpkX-RFGNafHqA5ra1w][idx][0],[FMinfbhkR0qkv0gqZ8eWZw][idx][1] (cluster state version: 5000)
[2014-02-18 15:55:05,555][INFO ][search.aggregations.bucket] [DateHistogramTests#singleValuedField_OrderedByCountAsc]: cleaning up after test
[2014-02-18 15:55:05,556][INFO ][cluster.metadata         ] [node_0] [idx_unmapped] deleting index
[2014-02-18 15:55:05,583][INFO ][cluster.metadata         ] [node_0] [idx] deleting index
[2014-02-18 15:55:05,625][INFO ][search.aggregations.bucket] [DateHistogramTests#singleValuedField_OrderedByCountAsc]: cleaned up after test
[2014-02-18 15:55:05,634][INFO ][test                     ] Test singleValuedField_OrderedByCountAsc(org.elasticsearch.search.aggregations.bucket.DateHistogramTests) finished
[2014-02-18 15:55:05,635][INFO ][test                     ] Test singleValuedField_WithSubAggregation_Inherited(org.elasticsearch.search.aggregations.bucket.DateHistogramTests) started
[2014-02-18 15:55:05,640][INFO ][plugins                  ] [transport_client_node_2] loaded [], sites []
[2014-02-18 15:55:05,670][INFO ][plugins                  ] [transport_client_node_1] loaded [], sites []
[2014-02-18 15:55:05,704][INFO ][search.aggregations.bucket] [DateHistogramTests#singleValuedField_WithSubAggregation_Inherited]: before test
[2014-02-18 15:55:05,715][INFO ][cluster.metadata         ] [node_0] [idx] creating index, cause [api], shards [4]/[1], mappings []
[2014-02-18 15:55:05,798][INFO ][cluster.metadata         ] [node_0] [idx_unmapped] creating index, cause [api], shards [1]/[1], mappings []
[2014-02-18 15:55:05,818][INFO ][plugins                  ] [transport_client_node_0] loaded [], sites []
[2014-02-18 15:55:05,843][INFO ][search.aggregations.bucket] Index [6] docs async: [true] bulk: [false]
[2014-02-18 15:55:05,927][INFO ][cluster.metadata         ] [node_0] [idx] update_mapping [type] (dynamic)
[2014-02-18 15:55:05,956][TRACE][action.search.type       ] [node_0] Moving to second phase, based on results from: [YhvSpkX-RFGNafHqA5ra1w][idx][0],[YhvSpkX-RFGNafHqA5ra1w][idx][3],[tbUF3y2YTPm1TPdTF8YBYw][idx][2],[tbUF3y2YTPm1TPdTF8YBYw][idx][1] (cluster state version: 5010)
[2014-02-18 15:55:05,959][INFO ][search.aggregations.bucket] [DateHistogramTests#singleValuedField_WithSubAggregation_Inherited]: cleaning up after test
[2014-02-18 15:55:05,961][INFO ][cluster.metadata         ] [node_0] [idx_unmapped] deleting index
[2014-02-18 15:55:05,974][INFO ][cluster.metadata         ] [node_0] [idx] deleting index
[2014-02-18 15:55:06,012][INFO ][search.aggregations.bucket] [DateHistogramTests#singleValuedField_WithSubAggregation_Inherited]: cleaned up after test
[2014-02-18 15:55:06,023][INFO ][test                     ] Test singleValuedField_WithSubAggregation_Inherited(org.elasticsearch.search.aggregations.bucket.DateHistogramTests) finished
[2014-02-18 15:55:06,024][INFO ][test                     ] Test script_MultiValued_WithAggregatorInherited(org.elasticsearch.search.aggregations.bucket.DateHistogramTests) started
[2014-02-18 15:55:06,028][INFO ][search.aggregations.bucket] [DateHistogramTests#script_MultiValued_WithAggregatorInherited]: before test
[2014-02-18 15:55:06,030][INFO ][plugins                  ] [transport_client_node_2] loaded [], sites []
[2014-02-18 15:55:06,060][INFO ][cluster.metadata         ] [node_0] [idx] creating index, cause [api], shards [4]/[1], mappings []
[2014-02-18 15:55:06,157][INFO ][cluster.metadata         ] [node_0] [idx_unmapped] creating index, cause [api], shards [4]/[1], mappings []
[2014-02-18 15:55:06,212][INFO ][search.aggregations.bucket] Index [6] docs async: [true] bulk: [false]
[2014-02-18 15:55:06,382][INFO ][cluster.metadata         ] [node_0] [idx] update_mapping [type] (dynamic)
[2014-02-18 15:55:06,387][TRACE][action.search.type       ] [node_0] Moving to second phase, based on results from: [tbUF3y2YTPm1TPdTF8YBYw][idx][0],[FMinfbhkR0qkv0gqZ8eWZw][idx][3],[FMinfbhkR0qkv0gqZ8eWZw][idx][2],[tbUF3y2YTPm1TPdTF8YBYw][idx][1] (cluster state version: 5020)
[2014-02-18 15:55:06,388][INFO ][search.aggregations.bucket] [DateHistogramTests#script_MultiValued_WithAggregatorInherited]: cleaning up after test
[2014-02-18 15:55:06,389][INFO ][cluster.metadata         ] [node_0] [idx_unmapped] deleting index
[2014-02-18 15:55:06,419][INFO ][cluster.metadata         ] [node_0] [idx] deleting index
[2014-02-18 15:55:06,464][INFO ][search.aggregations.bucket] [DateHistogramTests#script_MultiValued_WithAggregatorInherited]: cleaned up after test
[2014-02-18 15:55:06,468][INFO ][test                     ] Test script_MultiValued_WithAggregatorInherited(org.elasticsearch.search.aggregations.bucket.DateHistogramTests) finished
[2014-02-18 15:55:06,468][INFO ][test                     ] Test emptyAggregation(org.elasticsearch.search.aggregations.bucket.DateHistogramTests) started
[2014-02-18 15:55:06,472][INFO ][plugins                  ] [transport_client_node_0] loaded [], sites []
[2014-02-18 15:55:06,499][INFO ][search.aggregations.bucket] [DateHistogramTests#emptyAggregation]: before test
[2014-02-18 15:55:06,508][INFO ][cluster.metadata         ] [node_0] [idx] creating index, cause [api], shards [4]/[1], mappings []
[2014-02-18 15:55:06,564][INFO ][plugins                  ] [transport_client_node_2] loaded [], sites []
[2014-02-18 15:55:06,656][INFO ][cluster.metadata         ] [node_0] [idx_unmapped] creating index, cause [api], shards [1]/[1], mappings []
[2014-02-18 15:55:06,685][INFO ][search.aggregations.bucket] Index [6] docs async: [true] bulk: [false]
[2014-02-18 15:55:06,690][INFO ][cluster.metadata         ] [node_0] [idx] update_mapping [type] (dynamic)
[2014-02-18 15:55:06,814][INFO ][cluster.metadata         ] [node_0] [empty_bucket_idx] creating index, cause [api], shards [1]/[1], mappings [type]
[2014-02-18 15:55:06,833][INFO ][search.aggregations.bucket] Index [2] docs async: [true] bulk: [false]
[2014-02-18 15:55:06,860][TRACE][action.search.type       ] [node_0] Moving to second phase, based on results from: [FMinfbhkR0qkv0gqZ8eWZw][empty_bucket_idx][0] (cluster state version: 5034)
[2014-02-18 15:55:06,862][INFO ][search.aggregations.bucket] [DateHistogramTests#emptyAggregation]: cleaning up after test
[2014-02-18 15:55:06,870][INFO ][cluster.metadata         ] [node_0] [idx_unmapped] deleting index
[2014-02-18 15:55:06,883][INFO ][cluster.metadata         ] [node_0] [idx] deleting index
[2014-02-18 15:55:06,922][INFO ][cluster.metadata         ] [node_0] [empty_bucket_idx] deleting index
[2014-02-18 15:55:06,933][INFO ][search.aggregations.bucket] [DateHistogramTests#emptyAggregation]: cleaned up after test
[2014-02-18 15:55:06,941][INFO ][test                     ] Test emptyAggregation(org.elasticsearch.search.aggregations.bucket.DateHistogramTests) finished
[2014-02-18 15:55:06,941][INFO ][test                     ] Test singleValuedField_OrderedByKeyAsc(org.elasticsearch.search.aggregations.bucket.DateHistogramTests) started
[2014-02-18 15:55:06,946][INFO ][plugins                  ] [transport_client_node_1] loaded [], sites []
[2014-02-18 15:55:06,973][INFO ][plugins                  ] [transport_client_node_0] loaded [], sites []
[2014-02-18 15:55:07,005][INFO ][plugins                  ] [transport_client_node_2] loaded [], sites []
[2014-02-18 15:55:07,033][INFO ][search.aggregations.bucket] [DateHistogramTests#singleValuedField_OrderedByKeyAsc]: before test
[2014-02-18 15:55:07,042][INFO ][cluster.metadata         ] [node_0] [idx] creating index, cause [api], shards [2]/[1], mappings []
[2014-02-18 15:55:07,107][INFO ][cluster.metadata         ] [node_0] [idx_unmapped] creating index, cause [api], shards [3]/[1], mappings []
[2014-02-18 15:55:07,155][INFO ][search.aggregations.bucket] Index [6] docs async: [true] bulk: [false]
[2014-02-18 15:55:07,216][INFO ][cluster.metadata         ] [node_0] [idx] update_mapping [type] (dynamic)
[2014-02-18 15:55:07,266][TRACE][action.search.type       ] [node_1] Moving to second phase, based on results from: [FMinfbhkR0qkv0gqZ8eWZw][idx][0],[tbUF3y2YTPm1TPdTF8YBYw][idx][1] (cluster state version: 5048)
[2014-02-18 15:55:07,268][INFO ][search.aggregations.bucket] [DateHistogramTests#singleValuedField_OrderedByKeyAsc]: cleaning up after test
[2014-02-18 15:55:07,269][INFO ][cluster.metadata         ] [node_0] [idx_unmapped] deleting index
[2014-02-18 15:55:07,285][INFO ][cluster.metadata         ] [node_0] [idx] deleting index
[2014-02-18 15:55:07,303][INFO ][search.aggregations.bucket] [DateHistogramTests#singleValuedField_OrderedByKeyAsc]: cleaned up after test
[2014-02-18 15:55:07,312][INFO ][test                     ] Test singleValuedField_OrderedByKeyAsc(org.elasticsearch.search.aggregations.bucket.DateHistogramTests) finished
[2014-02-18 15:55:07,313][INFO ][test                     ] Test multiValuedField_OrderedByKeyDesc(org.elasticsearch.search.aggregations.bucket.DateHistogramTests) started
[2014-02-18 15:55:07,317][INFO ][search.aggregations.bucket] [DateHistogramTests#multiValuedField_OrderedByKeyDesc]: before test
[2014-02-18 15:55:07,324][INFO ][cluster.metadata         ] [node_0] [idx] creating index, cause [api], shards [5]/[0], mappings []
[2014-02-18 15:55:07,393][INFO ][cluster.metadata         ] [node_0] [idx_unmapped] creating index, cause [api], shards [5]/[1], mappings []
[2014-02-18 15:55:07,447][INFO ][search.aggregations.bucket] Index [6] docs async: [false] bulk: [false]
[2014-02-18 15:55:07,507][INFO ][cluster.metadata         ] [node_0] [idx] update_mapping [type] (dynamic)
[2014-02-18 15:55:07,529][TRACE][action.search.type       ] [node_1] Moving to second phase, based on results from: [tbUF3y2YTPm1TPdTF8YBYw][idx][4],[YhvSpkX-RFGNafHqA5ra1w][idx][3],[FMinfbhkR0qkv0gqZ8eWZw][idx][2],[tbUF3y2YTPm1TPdTF8YBYw][idx][1],[YhvSpkX-RFGNafHqA5ra1w][idx][0] (cluster state version: 5061)
[2014-02-18 15:55:07,531][INFO ][search.aggregations.bucket] [DateHistogramTests#multiValuedField_OrderedByKeyDesc]: cleaning up after test
[2014-02-18 15:55:07,532][INFO ][cluster.metadata         ] [node_0] [idx_unmapped] deleting index
[2014-02-18 15:55:07,563][INFO ][cluster.metadata         ] [node_0] [idx] deleting index
[2014-02-18 15:55:07,582][INFO ][search.aggregations.bucket] [DateHistogramTests#multiValuedField_OrderedByKeyDesc]: cleaned up after test
[2014-02-18 15:55:07,583][INFO ][test                     ] Test multiValuedField_OrderedByKeyDesc(org.elasticsearch.search.aggregations.bucket.DateHistogramTests) finished
[2014-02-18 15:55:07,583][INFO ][test                     ] Test singleValuedField_OrderedByMultiValuedSubAggregationAsc_Inherited(org.elasticsearch.search.aggregations.bucket.DateHistogramTests) started
[2014-02-18 15:55:07,587][INFO ][plugins                  ] [transport_client_node_1] loaded [], sites []
[2014-02-18 15:55:07,613][INFO ][plugins                  ] [transport_client_node_0] loaded [], sites []
[2014-02-18 15:55:07,644][INFO ][search.aggregations.bucket] [DateHistogramTests#singleValuedField_OrderedByMultiValuedSubAggregationAsc_Inherited]: before test
[2014-02-18 15:55:07,656][INFO ][cluster.metadata         ] [node_0] [idx] creating index, cause [api], shards [3]/[0], mappings []
[2014-02-18 15:55:07,720][INFO ][cluster.metadata         ] [node_0] [idx_unmapped] creating index, cause [api], shards [2]/[0], mappings []
[2014-02-18 15:55:07,756][INFO ][plugins                  ] [transport_client_node_2] loaded [], sites []
[2014-02-18 15:55:07,778][INFO ][search.aggregations.bucket] Index [6] docs async: [true] bulk: [false]
[2014-02-18 15:55:07,781][INFO ][cluster.metadata         ] [node_0] [idx] update_mapping [type] (dynamic)
[2014-02-18 15:55:07,819][TRACE][action.search.type       ] [node_2] Moving to second phase, based on results from: [YhvSpkX-RFGNafHqA5ra1w][idx][0],[FMinfbhkR0qkv0gqZ8eWZw][idx][2],[tbUF3y2YTPm1TPdTF8YBYw][idx][1] (cluster state version: 5070)
[2014-02-18 15:55:07,821][INFO ][search.aggregations.bucket] [DateHistogramTests#singleValuedField_OrderedByMultiValuedSubAggregationAsc_Inherited]: cleaning up after test
[2014-02-18 15:55:07,822][INFO ][cluster.metadata         ] [node_0] [idx_unmapped] deleting index
[2014-02-18 15:55:07,832][INFO ][cluster.metadata         ] [node_0] [idx] deleting index
[2014-02-18 15:55:07,849][INFO ][search.aggregations.bucket] [DateHistogramTests#singleValuedField_OrderedByMultiValuedSubAggregationAsc_Inherited]: cleaned up after test
[2014-02-18 15:55:07,861][INFO ][test                     ] Test singleValuedField_OrderedByMultiValuedSubAggregationAsc_Inherited(org.elasticsearch.search.aggregations.bucket.DateHistogramTests) finished
[2014-02-18 15:55:07,862][INFO ][test                     ] Test multiValuedField_WithValueScript(org.elasticsearch.search.aggregations.bucket.DateHistogramTests) started
[2014-02-18 15:55:07,866][INFO ][search.aggregations.bucket] [DateHistogramTests#multiValuedField_WithValueScript]: before test
[2014-02-18 15:55:07,875][INFO ][cluster.metadata         ] [node_0] [idx] creating index, cause [api], shards [5]/[0], mappings []
[2014-02-18 15:55:07,937][INFO ][plugins                  ] [transport_client_node_2] loaded [], sites []
[2014-02-18 15:55:07,975][INFO ][cluster.metadata         ] [node_0] [idx_unmapped] creating index, cause [api], shards [3]/[1], mappings []
[2014-02-18 15:55:08,020][INFO ][search.aggregations.bucket] Index [6] docs async: [true] bulk: [false]
[2014-02-18 15:55:08,062][INFO ][cluster.metadata         ] [node_0] [idx] update_mapping [type] (dynamic)
[2014-02-18 15:55:08,314][TRACE][action.search.type       ] [node_1] Moving to second phase, based on results from: [tbUF3y2YTPm1TPdTF8YBYw][idx][4],[YhvSpkX-RFGNafHqA5ra1w][idx][3],[FMinfbhkR0qkv0gqZ8eWZw][idx][2],[tbUF3y2YTPm1TPdTF8YBYw][idx][1],[YhvSpkX-RFGNafHqA5ra1w][idx][0] (cluster state version: 5083)
[2014-02-18 15:55:08,315][INFO ][search.aggregations.bucket] [DateHistogramTests#multiValuedField_WithValueScript]: cleaning up after test
[2014-02-18 15:55:08,316][INFO ][cluster.metadata         ] [node_0] [idx_unmapped] deleting index
[2014-02-18 15:55:08,334][INFO ][cluster.metadata         ] [node_0] [idx] deleting index
[2014-02-18 15:55:08,356][INFO ][search.aggregations.bucket] [DateHistogramTests#multiValuedField_WithValueScript]: cleaned up after test
[2014-02-18 15:55:08,360][INFO ][test                     ] Test multiValuedField_WithValueScript(org.elasticsearch.search.aggregations.bucket.DateHistogramTests) finished
[2014-02-18 15:55:08,361][INFO ][test                     ] Test singleValuedField(org.elasticsearch.search.aggregations.bucket.DateHistogramTests) started
[2014-02-18 15:55:08,366][INFO ][plugins                  ] [transport_client_node_1] loaded [], sites []
[2014-02-18 15:55:08,396][INFO ][plugins                  ] [transport_client_node_0] loaded [], sites []
[2014-02-18 15:55:08,423][INFO ][search.aggregations.bucket] [DateHistogramTests#singleValuedField]: before test
[2014-02-18 15:55:08,432][INFO ][cluster.metadata         ] [node_0] [idx] creating index, cause [api], shards [1]/[1], mappings []
[2014-02-18 15:55:08,484][INFO ][cluster.metadata         ] [node_0] [idx_unmapped] creating index, cause [api], shards [3]/[1], mappings []
[2014-02-18 15:55:08,529][INFO ][search.aggregations.bucket] Index [6] docs async: [true] bulk: [false]
[2014-02-18 15:55:08,630][INFO ][cluster.metadata         ] [node_0] [idx] update_mapping [type] (dynamic)
[2014-02-18 15:55:08,834][TRACE][action.search.type       ] [node_2] Moving to second phase, based on results from: [YhvSpkX-RFGNafHqA5ra1w][idx][0] (cluster state version: 5094)
[2014-02-18 15:55:08,835][INFO ][search.aggregations.bucket] [DateHistogramTests#singleValuedField]: cleaning up after test
[2014-02-18 15:55:08,836][INFO ][cluster.metadata         ] [node_0] [idx_unmapped] deleting index
[2014-02-18 15:55:08,855][INFO ][cluster.metadata         ] [node_0] [idx] deleting index
[2014-02-18 15:55:08,874][INFO ][search.aggregations.bucket] [DateHistogramTests#singleValuedField]: cleaned up after test
[2014-02-18 15:55:08,881][INFO ][test                     ] Test singleValuedField(org.elasticsearch.search.aggregations.bucket.DateHistogramTests) finished
[2014-02-18 15:55:08,882][INFO ][test                     ] Test singleValuedField_OrderedByMultiValuedSubAggregationDesc(org.elasticsearch.search.aggregations.bucket.DateHistogramTests) started
[2014-02-18 15:55:08,885][INFO ][search.aggregations.bucket] [DateHistogramTests#singleValuedField_OrderedByMultiValuedSubAggregationDesc]: before test
[2014-02-18 15:55:08,896][INFO ][cluster.metadata         ] [node_0] [idx] creating index, cause [api], shards [5]/[0], mappings []
[2014-02-18 15:55:08,967][INFO ][cluster.metadata         ] [node_0] [idx_unmapped] creating index, cause [api], shards [2]/[0], mappings []
[2014-02-18 15:55:08,995][INFO ][search.aggregations.bucket] Index [6] docs async: [true] bulk: [false]
[2014-02-18 15:55:08,999][INFO ][cluster.metadata         ] [node_0] [idx] update_mapping [type] (dynamic)
[2014-02-18 15:55:09,042][TRACE][action.search.type       ] [node_2] Moving to second phase, based on results from: [tbUF3y2YTPm1TPdTF8YBYw][idx][4],[YhvSpkX-RFGNafHqA5ra1w][idx][3],[FMinfbhkR0qkv0gqZ8eWZw][idx][2],[tbUF3y2YTPm1TPdTF8YBYw][idx][1],[YhvSpkX-RFGNafHqA5ra1w][idx][0] (cluster state version: 5104)
[2014-02-18 15:55:09,044][INFO ][search.aggregations.bucket] [DateHistogramTests#singleValuedField_OrderedByMultiValuedSubAggregationDesc]: cleaning up after test
[2014-02-18 15:55:09,045][INFO ][cluster.metadata         ] [node_0] [idx_unmapped] deleting index
[2014-02-18 15:55:09,054][INFO ][cluster.metadata         ] [node_0] [idx] deleting index
[2014-02-18 15:55:09,076][INFO ][search.aggregations.bucket] [DateHistogramTests#singleValuedField_OrderedByMultiValuedSubAggregationDesc]: cleaned up after test
[2014-02-18 15:55:09,077][INFO ][test                     ] Test singleValuedField_OrderedByMultiValuedSubAggregationDesc(org.elasticsearch.search.aggregations.bucket.DateHistogramTests) finished
[2014-02-18 15:55:09,077][INFO ][test                     ] Test singleValuedField_WithPostTimeZone(org.elasticsearch.search.aggregations.bucket.DateHistogramTests) started
[2014-02-18 15:55:09,081][INFO ][search.aggregations.bucket] [DateHistogramTests#singleValuedField_WithPostTimeZone]: before test
[2014-02-18 15:55:09,089][INFO ][cluster.metadata         ] [node_0] [idx] creating index, cause [api], shards [4]/[1], mappings []
[2014-02-18 15:55:09,199][INFO ][cluster.metadata         ] [node_0] [idx_unmapped] creating index, cause [api], shards [1]/[0], mappings []
[2014-02-18 15:55:09,221][INFO ][search.aggregations.bucket] Index [6] docs async: [true] bulk: [false]
[2014-02-18 15:55:09,280][INFO ][cluster.metadata         ] [node_0] [idx] update_mapping [type] (dynamic)
[2014-02-18 15:55:09,292][TRACE][action.search.type       ] [node_1] Moving to second phase, based on results from: [YhvSpkX-RFGNafHqA5ra1w][idx][0],[FMinfbhkR0qkv0gqZ8eWZw][idx][3],[FMinfbhkR0qkv0gqZ8eWZw][idx][2],[tbUF3y2YTPm1TPdTF8YBYw][idx][1] (cluster state version: 5113)
[2014-02-18 15:55:09,294][INFO ][search.aggregations.bucket] [DateHistogramTests#singleValuedField_WithPostTimeZone]: cleaning up after test
[2014-02-18 15:55:09,296][INFO ][cluster.metadata         ] [node_0] [idx_unmapped] deleting index
[2014-02-18 15:55:09,304][INFO ][cluster.metadata         ] [node_0] [idx] deleting index
[2014-02-18 15:55:09,332][INFO ][search.aggregations.bucket] [DateHistogramTests#singleValuedField_WithPostTimeZone]: cleaned up after test
[2014-02-18 15:55:09,333][INFO ][test                     ] Test singleValuedField_WithPostTimeZone(org.elasticsearch.search.aggregations.bucket.DateHistogramTests) finished
[2014-02-18 15:55:09,333][INFO ][test                     ] Test singleValuedField_WithSubAggregation(org.elasticsearch.search.aggregations.bucket.DateHistogramTests) started
[2014-02-18 15:55:09,337][INFO ][plugins                  ] [transport_client_node_1] loaded [], sites []
[2014-02-18 15:55:09,363][INFO ][plugins                  ] [transport_client_node_2] loaded [], sites []
[2014-02-18 15:55:09,391][INFO ][search.aggregations.bucket] [DateHistogramTests#singleValuedField_WithSubAggregation]: before test
[2014-02-18 15:55:09,403][INFO ][cluster.metadata         ] [node_0] [idx] creating index, cause [api], shards [4]/[1], mappings []
[2014-02-18 15:55:09,498][INFO ][cluster.metadata         ] [node_0] [idx_unmapped] creating index, cause [api], shards [5]/[1], mappings []
[2014-02-18 15:55:09,560][INFO ][search.aggregations.bucket] Index [6] docs async: [true] bulk: [false]
[2014-02-18 15:55:09,876][INFO ][cluster.metadata         ] [node_0] [idx] update_mapping [type] (dynamic)
[2014-02-18 15:55:10,082][TRACE][action.search.type       ] [node_1] Moving to second phase, based on results from: [tbUF3y2YTPm1TPdTF8YBYw][idx][0],[YhvSpkX-RFGNafHqA5ra1w][idx][3],[tbUF3y2YTPm1TPdTF8YBYw][idx][2],[FMinfbhkR0qkv0gqZ8eWZw][idx][1] (cluster state version: 5126)
[2014-02-18 15:55:10,083][INFO ][search.aggregations.bucket] [DateHistogramTests#singleValuedField_WithSubAggregation]: cleaning up after test
[2014-02-18 15:55:10,085][INFO ][cluster.metadata         ] [node_0] [idx_unmapped] deleting index
[2014-02-18 15:55:10,125][INFO ][cluster.metadata         ] [node_0] [idx] deleting index
[2014-02-18 15:55:10,182][INFO ][search.aggregations.bucket] [DateHistogramTests#singleValuedField_WithSubAggregation]: cleaned up after test
[2014-02-18 15:55:10,193][INFO ][test                     ] Test singleValuedField_WithSubAggregation(org.elasticsearch.search.aggregations.bucket.DateHistogramTests) finished
[2014-02-18 15:55:10,193][INFO ][test                     ] Test script_SingleValue_WithSubAggregator_Inherited(org.elasticsearch.search.aggregations.bucket.DateHistogramTests) started
[2014-02-18 15:55:10,200][INFO ][plugins                  ] [transport_client_node_0] loaded [], sites []
[2014-02-18 15:55:10,238][INFO ][search.aggregations.bucket] [DateHistogramTests#script_SingleValue_WithSubAggregator_Inherited]: before test
[2014-02-18 15:55:10,253][INFO ][cluster.metadata         ] [node_0] [idx] creating index, cause [api], shards [5]/[0], mappings []
[2014-02-18 15:55:10,334][INFO ][cluster.metadata         ] [node_0] [idx_unmapped] creating index, cause [api], shards [5]/[0], mappings []
[2014-02-18 15:55:10,469][INFO ][search.aggregations.bucket] Index [6] docs async: [true] bulk: [false]
[2014-02-18 15:55:10,488][INFO ][cluster.metadata         ] [node_0] [idx] update_mapping [type] (dynamic)
[2014-02-18 15:55:10,675][TRACE][action.search.type       ] [node_2] Moving to second phase, based on results from: [tbUF3y2YTPm1TPdTF8YBYw][idx][4],[YhvSpkX-RFGNafHqA5ra1w][idx][3],[FMinfbhkR0qkv0gqZ8eWZw][idx][2],[tbUF3y2YTPm1TPdTF8YBYw][idx][1],[YhvSpkX-RFGNafHqA5ra1w][idx][0] (cluster state version: 5135)
[2014-02-18 15:55:10,676][INFO ][search.aggregations.bucket] [DateHistogramTests#script_SingleValue_WithSubAggregator_Inherited]: cleaning up after test
[2014-02-18 15:55:10,677][INFO ][cluster.metadata         ] [node_0] [idx_unmapped] deleting index
[2014-02-18 15:55:10,700][INFO ][cluster.metadata         ] [node_0] [idx] deleting index
[2014-02-18 15:55:10,730][INFO ][search.aggregations.bucket] [DateHistogramTests#script_SingleValue_WithSubAggregator_Inherited]: cleaned up after test
[2014-02-18 15:55:10,735][INFO ][test                     ] Test script_SingleValue_WithSubAggregator_Inherited(org.elasticsearch.search.aggregations.bucket.DateHistogramTests) finished
[2014-02-18 15:55:10,735][INFO ][test                     ] Test multiValuedField_WithValueScript_WithInheritedSubAggregator(org.elasticsearch.search.aggregations.bucket.DateHistogramTests) started
[2014-02-18 15:55:10,739][INFO ][plugins                  ] [transport_client_node_0] loaded [], sites []
[2014-02-18 15:55:10,762][INFO ][plugins                  ] [transport_client_node_2] loaded [], sites []
[2014-02-18 15:55:10,785][INFO ][search.aggregations.bucket] [DateHistogramTests#multiValuedField_WithValueScript_WithInheritedSubAggregator]: before test
[2014-02-18 15:55:10,786][INFO ][plugins                  ] [transport_client_node_1] loaded [], sites []
[2014-02-18 15:55:10,816][INFO ][cluster.metadata         ] [node_0] [idx] creating index, cause [api], shards [3]/[1], mappings []
[2014-02-18 15:55:10,893][INFO ][cluster.metadata         ] [node_0] [idx_unmapped] creating index, cause [api], shards [4]/[0], mappings []
[2014-02-18 15:55:10,989][INFO ][search.aggregations.bucket] Index [6] docs async: [true] bulk: [false]
[2014-02-18 15:55:11,026][INFO ][cluster.metadata         ] [node_0] [idx] update_mapping [type] (dynamic)
[2014-02-18 15:55:11,088][TRACE][action.search.type       ] [node_2] Moving to second phase, based on results from: [YhvSpkX-RFGNafHqA5ra1w][idx][0],[YhvSpkX-RFGNafHqA5ra1w][idx][2],[tbUF3y2YTPm1TPdTF8YBYw][idx][1] (cluster state version: 5144)
[2014-02-18 15:55:11,093][INFO ][search.aggregations.bucket] [DateHistogramTests#multiValuedField_WithValueScript_WithInheritedSubAggregator]: cleaning up after test
[2014-02-18 15:55:11,094][INFO ][cluster.metadata         ] [node_0] [idx_unmapped] deleting index
[2014-02-18 15:55:11,110][INFO ][cluster.metadata         ] [node_0] [idx] deleting index
[2014-02-18 15:55:11,168][INFO ][search.aggregations.bucket] [DateHistogramTests#multiValuedField_WithValueScript_WithInheritedSubAggregator]: cleaned up after test
[2014-02-18 15:55:11,182][INFO ][test                     ] Test multiValuedField_WithValueScript_WithInheritedSubAggregator(org.elasticsearch.search.aggregations.bucket.DateHistogramTests) finished
[2014-02-18 15:55:11,182][INFO ][test                     ] Test unmapped(org.elasticsearch.search.aggregations.bucket.DateHistogramTests) started
[2014-02-18 15:55:11,187][INFO ][plugins                  ] [transport_client_node_1] loaded [], sites []
[2014-02-18 15:55:11,226][INFO ][plugins                  ] [transport_client_node_2] loaded [], sites []
[2014-02-18 15:55:11,259][INFO ][search.aggregations.bucket] [DateHistogramTests#unmapped]: before test
[2014-02-18 15:55:11,261][INFO ][plugins                  ] [transport_client_node_0] loaded [], sites []
[2014-02-18 15:55:11,296][INFO ][cluster.metadata         ] [node_0] [idx] creating index, cause [api], shards [5]/[1], mappings []
[2014-02-18 15:55:11,464][INFO ][cluster.metadata         ] [node_0] [idx_unmapped] creating index, cause [api], shards [5]/[0], mappings []
[2014-02-18 15:55:11,594][INFO ][search.aggregations.bucket] Index [6] docs async: [true] bulk: [false]
[2014-02-18 15:55:11,904][INFO ][cluster.metadata         ] [node_0] [idx] update_mapping [type] (dynamic)
[2014-02-18 15:55:12,232][TRACE][action.search.type       ] [node_1] Moving to second phase, based on results from: [tbUF3y2YTPm1TPdTF8YBYw][idx_unmapped][0],[YhvSpkX-RFGNafHqA5ra1w][idx_unmapped][1],[tbUF3y2YTPm1TPdTF8YBYw][idx_unmapped][2],[FMinfbhkR0qkv0gqZ8eWZw][idx_unmapped][3],[YhvSpkX-RFGNafHqA5ra1w][idx_unmapped][4] (cluster state version: 5155)
[2014-02-18 15:55:12,234][INFO ][search.aggregations.bucket] [DateHistogramTests#unmapped]: cleaning up after test
[2014-02-18 15:55:12,236][INFO ][cluster.metadata         ] [node_0] [idx_unmapped] deleting index
[2014-02-18 15:55:12,252][INFO ][cluster.metadata         ] [node_0] [idx] deleting index
[2014-02-18 15:55:12,297][INFO ][search.aggregations.bucket] [DateHistogramTests#unmapped]: cleaned up after test
[2014-02-18 15:55:12,307][INFO ][test                     ] Test unmapped(org.elasticsearch.search.aggregations.bucket.DateHistogramTests) finished
[2014-02-18 15:55:12,307][INFO ][test                     ] Test singleValuedField_OrderedByKeyDesc(org.elasticsearch.search.aggregations.bucket.DateHistogramTests) started
[2014-02-18 15:55:12,311][INFO ][plugins                  ] [transport_client_node_1] loaded [], sites []
[2014-02-18 15:55:12,334][INFO ][plugins                  ] [transport_client_node_0] loaded [], sites []
[2014-02-18 15:55:12,359][INFO ][search.aggregations.bucket] [DateHistogramTests#singleValuedField_OrderedByKeyDesc]: before test
[2014-02-18 15:55:12,370][INFO ][cluster.metadata         ] [node_0] [idx] creating index, cause [api], shards [2]/[1], mappings []
[2014-02-18 15:55:12,452][INFO ][cluster.metadata         ] [node_0] [idx_unmapped] creating index, cause [api], shards [5]/[1], mappings []
[2014-02-18 15:55:12,576][INFO ][search.aggregations.bucket] Index [6] docs async: [true] bulk: [false]
[2014-02-18 15:55:13,342][INFO ][cluster.metadata         ] [node_0] [idx] update_mapping [type] (dynamic)
[2014-02-18 15:55:13,547][TRACE][action.search.type       ] [node_1] Moving to second phase, based on results from: [FMinfbhkR0qkv0gqZ8eWZw][idx][0],[tbUF3y2YTPm1TPdTF8YBYw][idx][1] (cluster state version: 5168)
[2014-02-18 15:55:13,548][INFO ][search.aggregations.bucket] [DateHistogramTests#singleValuedField_OrderedByKeyDesc]: cleaning up after test
[2014-02-18 15:55:13,549][INFO ][cluster.metadata         ] [node_0] [idx_unmapped] deleting index
[2014-02-18 15:55:13,581][INFO ][cluster.metadata         ] [node_0] [idx] deleting index
[2014-02-18 15:55:13,604][INFO ][search.aggregations.bucket] [DateHistogramTests#singleValuedField_OrderedByKeyDesc]: cleaned up after test
[2014-02-18 15:55:13,610][INFO ][test                     ] Test singleValuedField_OrderedByKeyDesc(org.elasticsearch.search.aggregations.bucket.DateHistogramTests) finished
[2014-02-18 15:55:13,611][INFO ][test                     ] Test script_SingleValue(org.elasticsearch.search.aggregations.bucket.DateHistogramTests) started
[2014-02-18 15:55:13,614][INFO ][plugins                  ] [transport_client_node_0] loaded [], sites []
[2014-02-18 15:55:13,645][INFO ][plugins                  ] [transport_client_node_1] loaded [], sites []
[2014-02-18 15:55:13,683][INFO ][plugins                  ] [transport_client_node_2] loaded [], sites []
[2014-02-18 15:55:13,711][INFO ][search.aggregations.bucket] [DateHistogramTests#script_SingleValue]: before test
[2014-02-18 15:55:13,722][INFO ][cluster.metadata         ] [node_0] [idx] creating index, cause [api], shards [1]/[0], mappings []
[2014-02-18 15:55:13,757][INFO ][cluster.metadata         ] [node_0] [idx_unmapped] creating index, cause [api], shards [2]/[0], mappings []
[2014-02-18 15:55:13,789][INFO ][search.aggregations.bucket] Index [6] docs async: [true] bulk: [false]
[2014-02-18 15:55:13,802][INFO ][cluster.metadata         ] [node_0] [idx] update_mapping [type] (dynamic)
[2014-02-18 15:55:13,885][TRACE][action.search.type       ] [node_0] Moving to second phase, based on results from: [YhvSpkX-RFGNafHqA5ra1w][idx][0] (cluster state version: 5177)
[2014-02-18 15:55:13,886][INFO ][search.aggregations.bucket] [DateHistogramTests#script_SingleValue]: cleaning up after test
[2014-02-18 15:55:13,888][INFO ][cluster.metadata         ] [node_0] [idx_unmapped] deleting index
[2014-02-18 15:55:13,898][INFO ][cluster.metadata         ] [node_0] [idx] deleting index
[2014-02-18 15:55:13,910][INFO ][search.aggregations.bucket] [DateHistogramTests#script_SingleValue]: cleaned up after test
[2014-02-18 15:55:13,922][INFO ][test                     ] Test script_SingleValue(org.elasticsearch.search.aggregations.bucket.DateHistogramTests) finished
[2014-02-18 15:55:13,922][INFO ][test                     ] Test partiallyUnmapped(org.elasticsearch.search.aggregations.bucket.DateHistogramTests) started
[2014-02-18 15:55:13,927][INFO ][plugins                  ] [transport_client_node_0] loaded [], sites []
[2014-02-18 15:55:13,954][INFO ][plugins                  ] [transport_client_node_1] loaded [], sites []
[2014-02-18 15:55:13,987][INFO ][search.aggregations.bucket] [DateHistogramTests#partiallyUnmapped]: before test
[2014-02-18 15:55:13,999][INFO ][cluster.metadata         ] [node_0] [idx] creating index, cause [api], shards [1]/[1], mappings []
[2014-02-18 15:55:14,024][INFO ][plugins                  ] [transport_client_node_2] loaded [], sites []
[2014-02-18 15:55:14,062][INFO ][cluster.metadata         ] [node_0] [idx_unmapped] creating index, cause [api], shards [5]/[0], mappings []
[2014-02-18 15:55:14,166][INFO ][search.aggregations.bucket] Index [6] docs async: [true] bulk: [false]
[2014-02-18 15:55:14,173][INFO ][cluster.metadata         ] [node_0] [idx] update_mapping [type] (dynamic)
[2014-02-18 15:55:14,330][TRACE][action.search.type       ] [node_1] Moving to second phase, based on results from: [FMinfbhkR0qkv0gqZ8eWZw][idx_unmapped][0],[tbUF3y2YTPm1TPdTF8YBYw][idx_unmapped][1],[YhvSpkX-RFGNafHqA5ra1w][idx_unmapped][2],[YhvSpkX-RFGNafHqA5ra1w][idx][0],[FMinfbhkR0qkv0gqZ8eWZw][idx_unmapped][3],[tbUF3y2YTPm1TPdTF8YBYw][idx_unmapped][4] (cluster state version: 5186)
[2014-02-18 15:55:14,332][INFO ][search.aggregations.bucket] [DateHistogramTests#partiallyUnmapped]: cleaning up after test
[2014-02-18 15:55:14,333][INFO ][cluster.metadata         ] [node_0] [idx_unmapped] deleting index
[2014-02-18 15:55:14,351][INFO ][cluster.metadata         ] [node_0] [idx] deleting index
[2014-02-18 15:55:14,374][INFO ][search.aggregations.bucket] [DateHistogramTests#partiallyUnmapped]: cleaned up after test
[2014-02-18 15:55:14,384][INFO ][test                     ] Test partiallyUnmapped(org.elasticsearch.search.aggregations.bucket.DateHistogramTests) finished
[2014-02-18 15:55:14,384][INFO ][test                     ] Test singleValuedField_WithValueScript(org.elasticsearch.search.aggregations.bucket.DateHistogramTests) started
[2014-02-18 15:55:14,388][INFO ][plugins                  ] [transport_client_node_2] loaded [], sites []
[2014-02-18 15:55:14,414][INFO ][plugins                  ] [transport_client_node_0] loaded [], sites []
[2014-02-18 15:55:14,441][INFO ][plugins                  ] [transport_client_node_1] loaded [], sites []
[2014-02-18 15:55:14,474][INFO ][search.aggregations.bucket] [DateHistogramTests#singleValuedField_WithValueScript]: before test
[2014-02-18 15:55:14,484][INFO ][cluster.metadata         ] [node_0] [idx] creating index, cause [api], shards [2]/[1], mappings []
[2014-02-18 15:55:14,557][INFO ][cluster.metadata         ] [node_0] [idx_unmapped] creating index, cause [api], shards [1]/[0], mappings []
[2014-02-18 15:55:14,578][INFO ][search.aggregations.bucket] Index [6] docs async: [true] bulk: [false]
[2014-02-18 15:55:14,584][INFO ][cluster.metadata         ] [node_0] [idx] update_mapping [type] (dynamic)
[2014-02-18 15:55:14,874][TRACE][action.search.type       ] [node_0] Moving to second phase, based on results from: [FMinfbhkR0qkv0gqZ8eWZw][idx][0],[tbUF3y2YTPm1TPdTF8YBYw][idx][1] (cluster state version: 5195)
[2014-02-18 15:55:14,876][INFO ][search.aggregations.bucket] [DateHistogramTests#singleValuedField_WithValueScript]: cleaning up after test
[2014-02-18 15:55:14,878][INFO ][cluster.metadata         ] [node_0] [idx_unmapped] deleting index
[2014-02-18 15:55:14,890][INFO ][cluster.metadata         ] [node_0] [idx] deleting index
[2014-02-18 15:55:14,914][INFO ][search.aggregations.bucket] [DateHistogramTests#singleValuedField_WithValueScript]: cleaned up after test
[2014-02-18 15:55:14,925][INFO ][test                     ] Test singleValuedField_WithValueScript(org.elasticsearch.search.aggregations.bucket.DateHistogramTests) finished
[2014-02-18 15:55:14,925][INFO ][test                     ] Test singleValuedField_OrderedBySubAggregationDesc(org.elasticsearch.search.aggregations.bucket.DateHistogramTests) started
[2014-02-18 15:55:14,929][INFO ][plugins                  ] [transport_client_node_0] loaded [], sites []
[2014-02-18 15:55:14,954][INFO ][plugins                  ] [transport_client_node_2] loaded [], sites []
[2014-02-18 15:55:14,987][INFO ][plugins                  ] [transport_client_node_1] loaded [], sites []
[2014-02-18 15:55:15,019][INFO ][search.aggregations.bucket] [DateHistogramTests#singleValuedField_OrderedBySubAggregationDesc]: before test
[2014-02-18 15:55:15,028][INFO ][cluster.metadata         ] [node_0] [idx] creating index, cause [api], shards [1]/[0], mappings []
[2014-02-18 15:55:15,055][INFO ][cluster.metadata         ] [node_0] [idx_unmapped] creating index, cause [api], shards [3]/[0], mappings []
[2014-02-18 15:55:15,098][INFO ][search.aggregations.bucket] Index [6] docs async: [true] bulk: [false]
[2014-02-18 15:55:15,112][INFO ][cluster.metadata         ] [node_0] [idx] update_mapping [type] (dynamic)
[2014-02-18 15:55:15,197][TRACE][action.search.type       ] [node_0] Moving to second phase, based on results from: [YhvSpkX-RFGNafHqA5ra1w][idx][0] (cluster state version: 5204)
[2014-02-18 15:55:15,199][INFO ][search.aggregations.bucket] [DateHistogramTests#singleValuedField_OrderedBySubAggregationDesc]: cleaning up after test
[2014-02-18 15:55:15,201][INFO ][cluster.metadata         ] [node_0] [idx_unmapped] deleting index
[2014-02-18 15:55:15,213][INFO ][cluster.metadata         ] [node_0] [idx] deleting index
[2014-02-18 15:55:15,230][INFO ][search.aggregations.bucket] [DateHistogramTests#singleValuedField_OrderedBySubAggregationDesc]: cleaned up after test
[2014-02-18 15:55:15,240][INFO ][test                     ] Test singleValuedField_OrderedBySubAggregationDesc(org.elasticsearch.search.aggregations.bucket.DateHistogramTests) finished
]]></system-out>
   <system-err><![CDATA[]]></system-err>
</testsuite>