<testsuite errors="0" failures="0" tests="45" skipped="0" name="org.elasticsearch.index.fielddata.PagedBytesStringFieldDataTests" hostname="nohost.nodomain" time="0.884" timestamp="2014-02-18T16:08:09">
   <properties class="java.util.ArrayList">
      <property name="awt.toolkit" value="sun.lwawt.macosx.LWCToolkit"/>
      <property name="es.logger.level" value="INFO"/>
      <property name="es.logger.prefix" value=""/>
      <property name="es.node.local" value=""/>
      <property name="es.node.mode" value=""/>
      <property name="file.encoding" value="UTF-8"/>
      <property name="file.encoding.pkg" value="sun.io"/>
      <property name="file.separator" value="/"/>
      <property name="ftp.nonProxyHosts" value="local|*.local|169.254/16|*.169.254/16"/>
      <property name="gopherProxySet" value="false"/>
      <property name="http.nonProxyHosts" value="local|*.local|169.254/16|*.169.254/16"/>
      <property name="java.awt.graphicsenv" value="sun.awt.CGraphicsEnvironment"/>
      <property name="java.awt.headless" value="true"/>
      <property name="java.awt.printerjob" value="sun.lwawt.macosx.CPrinterJob"/>
      <property name="java.class.path" value="/Users/bhwang/elasticsearch/target/test-classes:/Users/bhwang/elasticsearch/target/classes:/Users/bhwang/.m2/repository/org/hamcrest/hamcrest-all/1.3/hamcrest-all-1.3.jar:/Users/bhwang/.m2/repository/com/carrotsearch/randomizedtesting/randomizedtesting-runner/2.0.15/randomizedtesting-runner-2.0.15.jar:/Users/bhwang/.m2/repository/junit/junit/4.10/junit-4.10.jar:/Users/bhwang/.m2/repository/org/apache/lucene/lucene-test-framework/4.6.1/lucene-test-framework-4.6.1.jar:/Users/bhwang/.m2/repository/org/apache/lucene/lucene-expressions/4.6.1/lucene-expressions-4.6.1.jar:/Users/bhwang/.m2/repository/org/antlr/antlr-runtime/3.5/antlr-runtime-3.5.jar:/Users/bhwang/.m2/repository/org/ow2/asm/asm/4.1/asm-4.1.jar:/Users/bhwang/.m2/repository/org/ow2/asm/asm-commons/4.1/asm-commons-4.1.jar:/Users/bhwang/.m2/repository/org/apache/httpcomponents/httpclient/4.3.1/httpclient-4.3.1.jar:/Users/bhwang/.m2/repository/org/apache/httpcomponents/httpcore/4.3/httpcore-4.3.jar:/Users/bhwang/.m2/repository/commons-logging/commons-logging/1.1.3/commons-logging-1.1.3.jar:/Users/bhwang/.m2/repository/commons-codec/commons-codec/1.6/commons-codec-1.6.jar:/Users/bhwang/.m2/repository/org/apache/lucene/lucene-core/4.6.1/lucene-core-4.6.1.jar:/Users/bhwang/.m2/repository/org/apache/lucene/lucene-analyzers-common/4.6.1/lucene-analyzers-common-4.6.1.jar:/Users/bhwang/.m2/repository/org/apache/lucene/lucene-codecs/4.6.1/lucene-codecs-4.6.1.jar:/Users/bhwang/.m2/repository/org/apache/lucene/lucene-queries/4.6.1/lucene-queries-4.6.1.jar:/Users/bhwang/.m2/repository/org/apache/lucene/lucene-memory/4.6.1/lucene-memory-4.6.1.jar:/Users/bhwang/.m2/repository/org/apache/lucene/lucene-highlighter/4.6.1/lucene-highlighter-4.6.1.jar:/Users/bhwang/.m2/repository/org/apache/lucene/lucene-queryparser/4.6.1/lucene-queryparser-4.6.1.jar:/Users/bhwang/.m2/repository/org/apache/lucene/lucene-sandbox/4.6.1/lucene-sandbox-4.6.1.jar:/Users/bhwang/.m2/repository/org/apache/lucene/lucene-suggest/4.6.1/lucene-suggest-4.6.1.jar:/Users/bhwang/.m2/repository/org/apache/lucene/lucene-misc/4.6.1/lucene-misc-4.6.1.jar:/Users/bhwang/.m2/repository/org/apache/lucene/lucene-join/4.6.1/lucene-join-4.6.1.jar:/Users/bhwang/.m2/repository/org/apache/lucene/lucene-grouping/4.6.1/lucene-grouping-4.6.1.jar:/Users/bhwang/.m2/repository/org/apache/lucene/lucene-spatial/4.6.1/lucene-spatial-4.6.1.jar:/Users/bhwang/.m2/repository/com/spatial4j/spatial4j/0.3/spatial4j-0.3.jar:/Users/bhwang/.m2/repository/com/vividsolutions/jts/1.12/jts-1.12.jar:/Users/bhwang/.m2/repository/com/google/guava/guava/16.0/guava-16.0.jar:/Users/bhwang/.m2/repository/com/carrotsearch/hppc/0.5.3/hppc-0.5.3.jar:/Users/bhwang/.m2/repository/joda-time/joda-time/2.3/joda-time-2.3.jar:/Users/bhwang/.m2/repository/org/joda/joda-convert/1.2/joda-convert-1.2.jar:/Users/bhwang/.m2/repository/org/mvel/mvel2/2.1.5.Final/mvel2-2.1.5.Final.jar:/Users/bhwang/.m2/repository/com/fasterxml/jackson/core/jackson-core/2.3.0/jackson-core-2.3.0.jar:/Users/bhwang/.m2/repository/com/fasterxml/jackson/dataformat/jackson-dataformat-smile/2.3.0/jackson-dataformat-smile-2.3.0.jar:/Users/bhwang/.m2/repository/com/fasterxml/jackson/dataformat/jackson-dataformat-yaml/2.3.0/jackson-dataformat-yaml-2.3.0.jar:/Users/bhwang/.m2/repository/io/netty/netty/3.9.0.Final/netty-3.9.0.Final.jar:/Users/bhwang/.m2/repository/com/ning/compress-lzf/0.9.6/compress-lzf-0.9.6.jar:/Users/bhwang/.m2/repository/log4j/log4j/1.2.17/log4j-1.2.17.jar:/Users/bhwang/.m2/repository/org/slf4j/slf4j-api/1.6.2/slf4j-api-1.6.2.jar:/Users/bhwang/.m2/repository/net/java/dev/jna/jna/3.3.0/jna-3.3.0.jar:/Users/bhwang/.m2/repository/org/fusesource/sigar/1.6.4/sigar-1.6.4.jar:/Users/bhwang/.m2/repository/com/carrotsearch/randomizedtesting/junit4-ant/2.0.15/junit4-ant-2.0.15.jar"/>
      <property name="java.class.version" value="51.0"/>
      <property name="java.endorsed.dirs" value="/Library/Java/JavaVirtualMachines/jdk1.7.0_45.jdk/Contents/Home/jre/lib/endorsed"/>
      <property name="java.ext.dirs" value="/Users/bhwang/Library/Java/Extensions:/Library/Java/JavaVirtualMachines/jdk1.7.0_45.jdk/Contents/Home/jre/lib/ext:/Library/Java/Extensions:/Network/Library/Java/Extensions:/System/Library/Java/Extensions:/usr/lib/java"/>
      <property name="java.home" value="/Library/Java/JavaVirtualMachines/jdk1.7.0_45.jdk/Contents/Home/jre"/>
      <property name="java.io.tmpdir" value="."/>
      <property name="java.library.path" value="/Users/bhwang/Library/Java/Extensions:/Library/Java/Extensions:/Network/Library/Java/Extensions:/System/Library/Java/Extensions:/usr/lib/java:."/>
      <property name="java.runtime.name" value="Java(TM) SE Runtime Environment"/>
      <property name="java.runtime.version" value="1.7.0_45-b18"/>
      <property name="java.security.policy" value="/Users/bhwang/elasticsearch/dev-tools/tests.policy"/>
      <property name="java.specification.name" value="Java Platform API Specification"/>
      <property name="java.specification.vendor" value="Oracle Corporation"/>
      <property name="java.specification.version" value="1.7"/>
      <property name="java.vendor" value="Oracle Corporation"/>
      <property name="java.vendor.url" value="http://java.oracle.com/"/>
      <property name="java.vendor.url.bug" value="http://bugreport.sun.com/bugreport/"/>
      <property name="java.version" value="1.7.0_45"/>
      <property name="java.vm.info" value="mixed mode"/>
      <property name="java.vm.name" value="Java HotSpot(TM) 64-Bit Server VM"/>
      <property name="java.vm.specification.name" value="Java Virtual Machine Specification"/>
      <property name="java.vm.specification.vendor" value="Oracle Corporation"/>
      <property name="java.vm.specification.version" value="1.7"/>
      <property name="java.vm.vendor" value="Oracle Corporation"/>
      <property name="java.vm.version" value="24.45-b08"/>
      <property name="junit4.childvm.cwd" value="/Users/bhwang/elasticsearch/target/J0"/>
      <property name="junit4.childvm.id" value="0"/>
      <property name="junit4.memory.total" value="128974848"/>
      <property name="junit4.pidString" value="6815@Bills-MacBook-Pro.local"/>
      <property name="junit4.processors" value="4"/>
      <property name="junit4.tempDir" value="/Users/bhwang/elasticsearch/target"/>
      <property name="line.separator" value="
"/>
      <property name="os.arch" value="x86_64"/>
      <property name="os.name" value="Mac OS X"/>
      <property name="os.version" value="10.9.1"/>
      <property name="path.separator" value=":"/>
      <property name="socksNonProxyHosts" value="local|*.local|169.254/16|*.169.254/16"/>
      <property name="sun.arch.data.model" value="64"/>
      <property name="sun.boot.class.path" value="/Library/Java/JavaVirtualMachines/jdk1.7.0_45.jdk/Contents/Home/jre/lib/resources.jar:/Library/Java/JavaVirtualMachines/jdk1.7.0_45.jdk/Contents/Home/jre/lib/rt.jar:/Library/Java/JavaVirtualMachines/jdk1.7.0_45.jdk/Contents/Home/jre/lib/sunrsasign.jar:/Library/Java/JavaVirtualMachines/jdk1.7.0_45.jdk/Contents/Home/jre/lib/jsse.jar:/Library/Java/JavaVirtualMachines/jdk1.7.0_45.jdk/Contents/Home/jre/lib/jce.jar:/Library/Java/JavaVirtualMachines/jdk1.7.0_45.jdk/Contents/Home/jre/lib/charsets.jar:/Library/Java/JavaVirtualMachines/jdk1.7.0_45.jdk/Contents/Home/jre/lib/jfr.jar:/Library/Java/JavaVirtualMachines/jdk1.7.0_45.jdk/Contents/Home/jre/lib/JObjC.jar:/Library/Java/JavaVirtualMachines/jdk1.7.0_45.jdk/Contents/Home/jre/classes"/>
      <property name="sun.boot.library.path" value="/Library/Java/JavaVirtualMachines/jdk1.7.0_45.jdk/Contents/Home/jre/lib"/>
      <property name="sun.cpu.endian" value="little"/>
      <property name="sun.cpu.isalist" value=""/>
      <property name="sun.io.unicode.encoding" value="UnicodeBig"/>
      <property name="sun.java.command" value="com.carrotsearch.ant.tasks.junit4.slave.SlaveMainSafe -flush -eventsfile /Users/bhwang/elasticsearch/target/junit4-J0-20140218_153326_767.events @/Users/bhwang/elasticsearch/target/junit4-J0-20140218_153326_767.suites -stdin"/>
      <property name="sun.java.launcher" value="SUN_STANDARD"/>
      <property name="sun.jnu.encoding" value="UTF-8"/>
      <property name="sun.management.compiler" value="HotSpot 64-Bit Tiered Compilers"/>
      <property name="sun.os.patch.level" value="unknown"/>
      <property name="tests.appendseed" value=""/>
      <property name="tests.assertion.disabled" value=""/>
      <property name="tests.awaitsfix" value=""/>
      <property name="tests.badapples" value=""/>
      <property name="tests.class" value=""/>
      <property name="tests.client.ratio" value=""/>
      <property name="tests.cluster_seed" value=""/>
      <property name="tests.enable_mock_modules" value=""/>
      <property name="tests.failfast" value=""/>
      <property name="tests.integration" value=""/>
      <property name="tests.iters" value=""/>
      <property name="tests.jvm.argline" value=""/>
      <property name="tests.maxfailures" value=""/>
      <property name="tests.method" value=""/>
      <property name="tests.network" value=""/>
      <property name="tests.nightly" value=""/>
      <property name="tests.prefix" value="tests"/>
      <property name="tests.rest" value=""/>
      <property name="tests.rest.spec" value=""/>
      <property name="tests.rest.suite" value=""/>
      <property name="tests.security.manager" value=""/>
      <property name="tests.seed" value="A89B4FF56754358E"/>
      <property name="tests.showSuccess" value=""/>
      <property name="tests.slow" value=""/>
      <property name="tests.timeoutSuite" value=""/>
      <property name="tests.weekly" value=""/>
      <property name="user.country" value="US"/>
      <property name="user.dir" value="/Users/bhwang/elasticsearch/target/J0"/>
      <property name="user.home" value="/Users/bhwang"/>
      <property name="user.language" value="en"/>
      <property name="user.name" value="bhwang"/>
      <property name="user.timezone" value=""/>
   </properties>
   <testcase classname="org.elasticsearch.index.fielddata.PagedBytesStringFieldDataTests" name="testMissingValueForAll" time="0.005"/>
   <testcase classname="org.elasticsearch.index.fielddata.PagedBytesStringFieldDataTests" name="testSingleValueWithMissing" time="0.005"/>
   <testcase classname="org.elasticsearch.index.fielddata.PagedBytesStringFieldDataTests" name="testNestedSortingMax {#0 seed=[A89B4FF56754358E:687D2630562AF915]}" time="0.032"/>
   <testcase classname="org.elasticsearch.index.fielddata.PagedBytesStringFieldDataTests" name="testNestedSortingMax {#1 seed=[A89B4FF56754358E:DC2B9ACC62E83239]}" time="0.034"/>
   <testcase classname="org.elasticsearch.index.fielddata.PagedBytesStringFieldDataTests" name="testNestedSortingMax {#2 seed=[A89B4FF56754358E:52C20C10332C7AF2]}" time="0.04"/>
   <testcase classname="org.elasticsearch.index.fielddata.PagedBytesStringFieldDataTests" name="testSortMissingFirst {#0 seed=[A89B4FF56754358E:3B84AADAC2360B91]}" time="0.016"/>
   <testcase classname="org.elasticsearch.index.fielddata.PagedBytesStringFieldDataTests" name="testSortMissingFirst {#1 seed=[A89B4FF56754358E:8FD21626F6F4C0BD]}" time="0.02"/>
   <testcase classname="org.elasticsearch.index.fielddata.PagedBytesStringFieldDataTests" name="testSortMissingFirst {#2 seed=[A89B4FF56754358E:13B80FAA7308876]}" time="0.018"/>
   <testcase classname="org.elasticsearch.index.fielddata.PagedBytesStringFieldDataTests" name="testSortMissingFirstReverse {#0 seed=[A89B4FF56754358E:F73C7F07046F7852]}" time="0.018"/>
   <testcase classname="org.elasticsearch.index.fielddata.PagedBytesStringFieldDataTests" name="testSortMissingFirstReverse {#1 seed=[A89B4FF56754358E:436AC3FB30ADB37E]}" time="0.027"/>
   <testcase classname="org.elasticsearch.index.fielddata.PagedBytesStringFieldDataTests" name="testSortMissingFirstReverse {#2 seed=[A89B4FF56754358E:CD8355276169FBB5]}" time="0.036"/>
   <testcase classname="org.elasticsearch.index.fielddata.PagedBytesStringFieldDataTests" name="testSortMissingLastReverse {#0 seed=[A89B4FF56754358E:67AF7E46D8602AA3]}" time="0.026"/>
   <testcase classname="org.elasticsearch.index.fielddata.PagedBytesStringFieldDataTests" name="testSortMissingLastReverse {#1 seed=[A89B4FF56754358E:D3F9C2BAECA2E18F]}" time="0.024"/>
   <testcase classname="org.elasticsearch.index.fielddata.PagedBytesStringFieldDataTests" name="testSortMissingLastReverse {#2 seed=[A89B4FF56754358E:5D105466BD66A944]}" time="0.018"/>
   <testcase classname="org.elasticsearch.index.fielddata.PagedBytesStringFieldDataTests" name="testActualMissingValue {#0 seed=[A89B4FF56754358E:393A18323AF6F]}" time="0.016"/>
   <testcase classname="org.elasticsearch.index.fielddata.PagedBytesStringFieldDataTests" name="testActualMissingValue {#1 seed=[A89B4FF56754358E:B4552F5DB7E16443]}" time="0.017"/>
   <testcase classname="org.elasticsearch.index.fielddata.PagedBytesStringFieldDataTests" name="testActualMissingValue {#2 seed=[A89B4FF56754358E:3ABCB981E6252C88]}" time="0.024"/>
   <testcase classname="org.elasticsearch.index.fielddata.PagedBytesStringFieldDataTests" name="testActualMissingValue {#3 seed=[A89B4FF56754358E:B5212648ADB77A1]}" time="0.024"/>
   <testcase classname="org.elasticsearch.index.fielddata.PagedBytesStringFieldDataTests" name="testActualMissingValue {#4 seed=[A89B4FF56754358E:479397C92BD3B71A]}" time="0.038"/>
   <testcase classname="org.elasticsearch.index.fielddata.PagedBytesStringFieldDataTests" name="testActualMissingValue {#5 seed=[A89B4FF56754358E:D6694496566FFA1A]}" time="0.021"/>
   <testcase classname="org.elasticsearch.index.fielddata.PagedBytesStringFieldDataTests" name="testActualMissingValue {#6 seed=[A89B4FF56754358E:E8B72010445FEA1C]}" time="0.026"/>
   <testcase classname="org.elasticsearch.index.fielddata.PagedBytesStringFieldDataTests" name="testActualMissingValue {#7 seed=[A89B4FF56754358E:7404BA6A674B7EB2]}" time="0.022"/>
   <testcase classname="org.elasticsearch.index.fielddata.PagedBytesStringFieldDataTests" name="testActualMissingValue {#8 seed=[A89B4FF56754358E:46A85F04108069E8]}" time="0.016"/>
   <testcase classname="org.elasticsearch.index.fielddata.PagedBytesStringFieldDataTests" name="testActualMissingValue {#9 seed=[A89B4FF56754358E:912309BE74D75EBA]}" time="0.01"/>
   <testcase classname="org.elasticsearch.index.fielddata.PagedBytesStringFieldDataTests" name="testMultiValueAllSet" time="0.005"/>
   <testcase classname="org.elasticsearch.index.fielddata.PagedBytesStringFieldDataTests" name="testSingleValueAllSet" time="0.004"/>
   <testcase classname="org.elasticsearch.index.fielddata.PagedBytesStringFieldDataTests" name="testNestedSortingMin {#0 seed=[A89B4FF56754358E:F349757C27B01FB0]}" time="0.017"/>
   <testcase classname="org.elasticsearch.index.fielddata.PagedBytesStringFieldDataTests" name="testNestedSortingMin {#1 seed=[A89B4FF56754358E:471FC9801372D49C]}" time="0.03"/>
   <testcase classname="org.elasticsearch.index.fielddata.PagedBytesStringFieldDataTests" name="testNestedSortingMin {#2 seed=[A89B4FF56754358E:C9F65F5C42B69C57]}" time="0.031"/>
   <testcase classname="org.elasticsearch.index.fielddata.PagedBytesStringFieldDataTests" name="testMultiValueWithMissing" time="0.004"/>
   <testcase classname="org.elasticsearch.index.fielddata.PagedBytesStringFieldDataTests" name="testActualMissingValueReverse {#0 seed=[A89B4FF56754358E:B5F4A9F2DFEC863A]}" time="0.012"/>
   <testcase classname="org.elasticsearch.index.fielddata.PagedBytesStringFieldDataTests" name="testActualMissingValueReverse {#1 seed=[A89B4FF56754358E:1A2150EEB2E4D16]}" time="0.01"/>
   <testcase classname="org.elasticsearch.index.fielddata.PagedBytesStringFieldDataTests" name="testActualMissingValueReverse {#2 seed=[A89B4FF56754358E:8F4B83D2BAEA05DD]}" time="0.014"/>
   <testcase classname="org.elasticsearch.index.fielddata.PagedBytesStringFieldDataTests" name="testActualMissingValueReverse {#3 seed=[A89B4FF56754358E:BEA52837D6145EF4]}" time="0.029"/>
   <testcase classname="org.elasticsearch.index.fielddata.PagedBytesStringFieldDataTests" name="testActualMissingValueReverse {#4 seed=[A89B4FF56754358E:F264AD9A771C9E4F]}" time="0.023"/>
   <testcase classname="org.elasticsearch.index.fielddata.PagedBytesStringFieldDataTests" name="testActualMissingValueReverse {#5 seed=[A89B4FF56754358E:639E7EC50AA0D34F]}" time="0.016"/>
   <testcase classname="org.elasticsearch.index.fielddata.PagedBytesStringFieldDataTests" name="testActualMissingValueReverse {#6 seed=[A89B4FF56754358E:5D401A431890C349]}" time="0.017"/>
   <testcase classname="org.elasticsearch.index.fielddata.PagedBytesStringFieldDataTests" name="testActualMissingValueReverse {#7 seed=[A89B4FF56754358E:C1F380393B8457E7]}" time="0.02"/>
   <testcase classname="org.elasticsearch.index.fielddata.PagedBytesStringFieldDataTests" name="testActualMissingValueReverse {#8 seed=[A89B4FF56754358E:F35F65574C4F40BD]}" time="0.014"/>
   <testcase classname="org.elasticsearch.index.fielddata.PagedBytesStringFieldDataTests" name="testActualMissingValueReverse {#9 seed=[A89B4FF56754358E:24D433ED281877EF]}" time="0.017"/>
   <testcase classname="org.elasticsearch.index.fielddata.PagedBytesStringFieldDataTests" name="testDeletedDocs" time="0.004"/>
   <testcase classname="org.elasticsearch.index.fielddata.PagedBytesStringFieldDataTests" name="testSortMissingLast {#0 seed=[A89B4FF56754358E:40E4C07CD1F5608F]}" time="0.009"/>
   <testcase classname="org.elasticsearch.index.fielddata.PagedBytesStringFieldDataTests" name="testSortMissingLast {#1 seed=[A89B4FF56754358E:F4B27C80E537ABA3]}" time="0.01"/>
   <testcase classname="org.elasticsearch.index.fielddata.PagedBytesStringFieldDataTests" name="testSortMissingLast {#2 seed=[A89B4FF56754358E:7A5BEA5CB4F3E368]}" time="0.015"/>
   <testcase classname="org.elasticsearch.index.fielddata.PagedBytesStringFieldDataTests" name="testSortMultiValuesFields" time="0.007"/>
   <system-out><![CDATA[[2014-02-18 16:08:09,911][INFO ][test                     ] Test testMissingValueForAll(org.elasticsearch.index.fielddata.PagedBytesStringFieldDataTests) started
[2014-02-18 16:08:09,916][INFO ][test                     ] Test testMissingValueForAll(org.elasticsearch.index.fielddata.PagedBytesStringFieldDataTests) finished
[2014-02-18 16:08:09,917][INFO ][test                     ] Test testSingleValueWithMissing(org.elasticsearch.index.fielddata.PagedBytesStringFieldDataTests) started
[2014-02-18 16:08:09,921][INFO ][test                     ] Test testSingleValueWithMissing(org.elasticsearch.index.fielddata.PagedBytesStringFieldDataTests) finished
[2014-02-18 16:08:09,922][INFO ][test                     ] Test testNestedSortingMax {#0 seed=[A89B4FF56754358E:687D2630562AF915]}(org.elasticsearch.index.fielddata.PagedBytesStringFieldDataTests) started
[2014-02-18 16:08:09,954][INFO ][test                     ] Test testNestedSortingMax {#0 seed=[A89B4FF56754358E:687D2630562AF915]}(org.elasticsearch.index.fielddata.PagedBytesStringFieldDataTests) finished
[2014-02-18 16:08:09,955][INFO ][test                     ] Test testNestedSortingMax {#1 seed=[A89B4FF56754358E:DC2B9ACC62E83239]}(org.elasticsearch.index.fielddata.PagedBytesStringFieldDataTests) started
[2014-02-18 16:08:09,988][INFO ][test                     ] Test testNestedSortingMax {#1 seed=[A89B4FF56754358E:DC2B9ACC62E83239]}(org.elasticsearch.index.fielddata.PagedBytesStringFieldDataTests) finished
[2014-02-18 16:08:09,990][INFO ][test                     ] Test testNestedSortingMax {#2 seed=[A89B4FF56754358E:52C20C10332C7AF2]}(org.elasticsearch.index.fielddata.PagedBytesStringFieldDataTests) started
[2014-02-18 16:08:10,030][INFO ][test                     ] Test testNestedSortingMax {#2 seed=[A89B4FF56754358E:52C20C10332C7AF2]}(org.elasticsearch.index.fielddata.PagedBytesStringFieldDataTests) finished
[2014-02-18 16:08:10,031][INFO ][test                     ] Test testSortMissingFirst {#0 seed=[A89B4FF56754358E:3B84AADAC2360B91]}(org.elasticsearch.index.fielddata.PagedBytesStringFieldDataTests) started
[2014-02-18 16:08:10,046][INFO ][test                     ] Test testSortMissingFirst {#0 seed=[A89B4FF56754358E:3B84AADAC2360B91]}(org.elasticsearch.index.fielddata.PagedBytesStringFieldDataTests) finished
[2014-02-18 16:08:10,047][INFO ][test                     ] Test testSortMissingFirst {#1 seed=[A89B4FF56754358E:8FD21626F6F4C0BD]}(org.elasticsearch.index.fielddata.PagedBytesStringFieldDataTests) started
[2014-02-18 16:08:10,067][INFO ][test                     ] Test testSortMissingFirst {#1 seed=[A89B4FF56754358E:8FD21626F6F4C0BD]}(org.elasticsearch.index.fielddata.PagedBytesStringFieldDataTests) finished
[2014-02-18 16:08:10,068][INFO ][test                     ] Test testSortMissingFirst {#2 seed=[A89B4FF56754358E:13B80FAA7308876]}(org.elasticsearch.index.fielddata.PagedBytesStringFieldDataTests) started
[2014-02-18 16:08:10,086][INFO ][test                     ] Test testSortMissingFirst {#2 seed=[A89B4FF56754358E:13B80FAA7308876]}(org.elasticsearch.index.fielddata.PagedBytesStringFieldDataTests) finished
[2014-02-18 16:08:10,087][INFO ][test                     ] Test testSortMissingFirstReverse {#0 seed=[A89B4FF56754358E:F73C7F07046F7852]}(org.elasticsearch.index.fielddata.PagedBytesStringFieldDataTests) started
[2014-02-18 16:08:10,105][INFO ][test                     ] Test testSortMissingFirstReverse {#0 seed=[A89B4FF56754358E:F73C7F07046F7852]}(org.elasticsearch.index.fielddata.PagedBytesStringFieldDataTests) finished
[2014-02-18 16:08:10,106][INFO ][test                     ] Test testSortMissingFirstReverse {#1 seed=[A89B4FF56754358E:436AC3FB30ADB37E]}(org.elasticsearch.index.fielddata.PagedBytesStringFieldDataTests) started
[2014-02-18 16:08:10,133][INFO ][test                     ] Test testSortMissingFirstReverse {#1 seed=[A89B4FF56754358E:436AC3FB30ADB37E]}(org.elasticsearch.index.fielddata.PagedBytesStringFieldDataTests) finished
[2014-02-18 16:08:10,134][INFO ][test                     ] Test testSortMissingFirstReverse {#2 seed=[A89B4FF56754358E:CD8355276169FBB5]}(org.elasticsearch.index.fielddata.PagedBytesStringFieldDataTests) started
[2014-02-18 16:08:10,170][INFO ][test                     ] Test testSortMissingFirstReverse {#2 seed=[A89B4FF56754358E:CD8355276169FBB5]}(org.elasticsearch.index.fielddata.PagedBytesStringFieldDataTests) finished
[2014-02-18 16:08:10,171][INFO ][test                     ] Test testSortMissingLastReverse {#0 seed=[A89B4FF56754358E:67AF7E46D8602AA3]}(org.elasticsearch.index.fielddata.PagedBytesStringFieldDataTests) started
[2014-02-18 16:08:10,196][INFO ][test                     ] Test testSortMissingLastReverse {#0 seed=[A89B4FF56754358E:67AF7E46D8602AA3]}(org.elasticsearch.index.fielddata.PagedBytesStringFieldDataTests) finished
[2014-02-18 16:08:10,198][INFO ][test                     ] Test testSortMissingLastReverse {#1 seed=[A89B4FF56754358E:D3F9C2BAECA2E18F]}(org.elasticsearch.index.fielddata.PagedBytesStringFieldDataTests) started
[2014-02-18 16:08:10,222][INFO ][test                     ] Test testSortMissingLastReverse {#1 seed=[A89B4FF56754358E:D3F9C2BAECA2E18F]}(org.elasticsearch.index.fielddata.PagedBytesStringFieldDataTests) finished
[2014-02-18 16:08:10,223][INFO ][test                     ] Test testSortMissingLastReverse {#2 seed=[A89B4FF56754358E:5D105466BD66A944]}(org.elasticsearch.index.fielddata.PagedBytesStringFieldDataTests) started
[2014-02-18 16:08:10,241][INFO ][test                     ] Test testSortMissingLastReverse {#2 seed=[A89B4FF56754358E:5D105466BD66A944]}(org.elasticsearch.index.fielddata.PagedBytesStringFieldDataTests) finished
[2014-02-18 16:08:10,241][INFO ][test                     ] Test testActualMissingValue {#0 seed=[A89B4FF56754358E:393A18323AF6F]}(org.elasticsearch.index.fielddata.PagedBytesStringFieldDataTests) started
[2014-02-18 16:08:10,257][INFO ][test                     ] Test testActualMissingValue {#0 seed=[A89B4FF56754358E:393A18323AF6F]}(org.elasticsearch.index.fielddata.PagedBytesStringFieldDataTests) finished
[2014-02-18 16:08:10,258][INFO ][test                     ] Test testActualMissingValue {#1 seed=[A89B4FF56754358E:B4552F5DB7E16443]}(org.elasticsearch.index.fielddata.PagedBytesStringFieldDataTests) started
[2014-02-18 16:08:10,275][INFO ][test                     ] Test testActualMissingValue {#1 seed=[A89B4FF56754358E:B4552F5DB7E16443]}(org.elasticsearch.index.fielddata.PagedBytesStringFieldDataTests) finished
[2014-02-18 16:08:10,276][INFO ][test                     ] Test testActualMissingValue {#2 seed=[A89B4FF56754358E:3ABCB981E6252C88]}(org.elasticsearch.index.fielddata.PagedBytesStringFieldDataTests) started
[2014-02-18 16:08:10,299][INFO ][test                     ] Test testActualMissingValue {#2 seed=[A89B4FF56754358E:3ABCB981E6252C88]}(org.elasticsearch.index.fielddata.PagedBytesStringFieldDataTests) finished
[2014-02-18 16:08:10,300][INFO ][test                     ] Test testActualMissingValue {#3 seed=[A89B4FF56754358E:B5212648ADB77A1]}(org.elasticsearch.index.fielddata.PagedBytesStringFieldDataTests) started
[2014-02-18 16:08:10,324][INFO ][test                     ] Test testActualMissingValue {#3 seed=[A89B4FF56754358E:B5212648ADB77A1]}(org.elasticsearch.index.fielddata.PagedBytesStringFieldDataTests) finished
[2014-02-18 16:08:10,325][INFO ][test                     ] Test testActualMissingValue {#4 seed=[A89B4FF56754358E:479397C92BD3B71A]}(org.elasticsearch.index.fielddata.PagedBytesStringFieldDataTests) started
[2014-02-18 16:08:10,363][INFO ][test                     ] Test testActualMissingValue {#4 seed=[A89B4FF56754358E:479397C92BD3B71A]}(org.elasticsearch.index.fielddata.PagedBytesStringFieldDataTests) finished
[2014-02-18 16:08:10,364][INFO ][test                     ] Test testActualMissingValue {#5 seed=[A89B4FF56754358E:D6694496566FFA1A]}(org.elasticsearch.index.fielddata.PagedBytesStringFieldDataTests) started
[2014-02-18 16:08:10,384][INFO ][test                     ] Test testActualMissingValue {#5 seed=[A89B4FF56754358E:D6694496566FFA1A]}(org.elasticsearch.index.fielddata.PagedBytesStringFieldDataTests) finished
[2014-02-18 16:08:10,385][INFO ][test                     ] Test testActualMissingValue {#6 seed=[A89B4FF56754358E:E8B72010445FEA1C]}(org.elasticsearch.index.fielddata.PagedBytesStringFieldDataTests) started
[2014-02-18 16:08:10,411][INFO ][test                     ] Test testActualMissingValue {#6 seed=[A89B4FF56754358E:E8B72010445FEA1C]}(org.elasticsearch.index.fielddata.PagedBytesStringFieldDataTests) finished
[2014-02-18 16:08:10,412][INFO ][test                     ] Test testActualMissingValue {#7 seed=[A89B4FF56754358E:7404BA6A674B7EB2]}(org.elasticsearch.index.fielddata.PagedBytesStringFieldDataTests) started
[2014-02-18 16:08:10,434][INFO ][test                     ] Test testActualMissingValue {#7 seed=[A89B4FF56754358E:7404BA6A674B7EB2]}(org.elasticsearch.index.fielddata.PagedBytesStringFieldDataTests) finished
[2014-02-18 16:08:10,435][INFO ][test                     ] Test testActualMissingValue {#8 seed=[A89B4FF56754358E:46A85F04108069E8]}(org.elasticsearch.index.fielddata.PagedBytesStringFieldDataTests) started
[2014-02-18 16:08:10,451][INFO ][test                     ] Test testActualMissingValue {#8 seed=[A89B4FF56754358E:46A85F04108069E8]}(org.elasticsearch.index.fielddata.PagedBytesStringFieldDataTests) finished
[2014-02-18 16:08:10,452][INFO ][test                     ] Test testActualMissingValue {#9 seed=[A89B4FF56754358E:912309BE74D75EBA]}(org.elasticsearch.index.fielddata.PagedBytesStringFieldDataTests) started
[2014-02-18 16:08:10,462][INFO ][test                     ] Test testActualMissingValue {#9 seed=[A89B4FF56754358E:912309BE74D75EBA]}(org.elasticsearch.index.fielddata.PagedBytesStringFieldDataTests) finished
[2014-02-18 16:08:10,462][INFO ][test                     ] Test testMultiValueAllSet(org.elasticsearch.index.fielddata.PagedBytesStringFieldDataTests) started
[2014-02-18 16:08:10,466][INFO ][test                     ] Test testMultiValueAllSet(org.elasticsearch.index.fielddata.PagedBytesStringFieldDataTests) finished
[2014-02-18 16:08:10,467][INFO ][test                     ] Test testSingleValueAllSet(org.elasticsearch.index.fielddata.PagedBytesStringFieldDataTests) started
[2014-02-18 16:08:10,470][INFO ][test                     ] Test testSingleValueAllSet(org.elasticsearch.index.fielddata.PagedBytesStringFieldDataTests) finished
[2014-02-18 16:08:10,471][INFO ][test                     ] Test testNestedSortingMin {#0 seed=[A89B4FF56754358E:F349757C27B01FB0]}(org.elasticsearch.index.fielddata.PagedBytesStringFieldDataTests) started
[2014-02-18 16:08:10,488][INFO ][test                     ] Test testNestedSortingMin {#0 seed=[A89B4FF56754358E:F349757C27B01FB0]}(org.elasticsearch.index.fielddata.PagedBytesStringFieldDataTests) finished
[2014-02-18 16:08:10,488][INFO ][test                     ] Test testNestedSortingMin {#1 seed=[A89B4FF56754358E:471FC9801372D49C]}(org.elasticsearch.index.fielddata.PagedBytesStringFieldDataTests) started
[2014-02-18 16:08:10,518][INFO ][test                     ] Test testNestedSortingMin {#1 seed=[A89B4FF56754358E:471FC9801372D49C]}(org.elasticsearch.index.fielddata.PagedBytesStringFieldDataTests) finished
[2014-02-18 16:08:10,519][INFO ][test                     ] Test testNestedSortingMin {#2 seed=[A89B4FF56754358E:C9F65F5C42B69C57]}(org.elasticsearch.index.fielddata.PagedBytesStringFieldDataTests) started
[2014-02-18 16:08:10,550][INFO ][test                     ] Test testNestedSortingMin {#2 seed=[A89B4FF56754358E:C9F65F5C42B69C57]}(org.elasticsearch.index.fielddata.PagedBytesStringFieldDataTests) finished
[2014-02-18 16:08:10,551][INFO ][test                     ] Test testMultiValueWithMissing(org.elasticsearch.index.fielddata.PagedBytesStringFieldDataTests) started
[2014-02-18 16:08:10,555][INFO ][test                     ] Test testMultiValueWithMissing(org.elasticsearch.index.fielddata.PagedBytesStringFieldDataTests) finished
[2014-02-18 16:08:10,556][INFO ][test                     ] Test testActualMissingValueReverse {#0 seed=[A89B4FF56754358E:B5F4A9F2DFEC863A]}(org.elasticsearch.index.fielddata.PagedBytesStringFieldDataTests) started
[2014-02-18 16:08:10,567][INFO ][test                     ] Test testActualMissingValueReverse {#0 seed=[A89B4FF56754358E:B5F4A9F2DFEC863A]}(org.elasticsearch.index.fielddata.PagedBytesStringFieldDataTests) finished
[2014-02-18 16:08:10,568][INFO ][test                     ] Test testActualMissingValueReverse {#1 seed=[A89B4FF56754358E:1A2150EEB2E4D16]}(org.elasticsearch.index.fielddata.PagedBytesStringFieldDataTests) started
[2014-02-18 16:08:10,578][INFO ][test                     ] Test testActualMissingValueReverse {#1 seed=[A89B4FF56754358E:1A2150EEB2E4D16]}(org.elasticsearch.index.fielddata.PagedBytesStringFieldDataTests) finished
[2014-02-18 16:08:10,579][INFO ][test                     ] Test testActualMissingValueReverse {#2 seed=[A89B4FF56754358E:8F4B83D2BAEA05DD]}(org.elasticsearch.index.fielddata.PagedBytesStringFieldDataTests) started
[2014-02-18 16:08:10,593][INFO ][test                     ] Test testActualMissingValueReverse {#2 seed=[A89B4FF56754358E:8F4B83D2BAEA05DD]}(org.elasticsearch.index.fielddata.PagedBytesStringFieldDataTests) finished
[2014-02-18 16:08:10,594][INFO ][test                     ] Test testActualMissingValueReverse {#3 seed=[A89B4FF56754358E:BEA52837D6145EF4]}(org.elasticsearch.index.fielddata.PagedBytesStringFieldDataTests) started
[2014-02-18 16:08:10,622][INFO ][test                     ] Test testActualMissingValueReverse {#3 seed=[A89B4FF56754358E:BEA52837D6145EF4]}(org.elasticsearch.index.fielddata.PagedBytesStringFieldDataTests) finished
[2014-02-18 16:08:10,623][INFO ][test                     ] Test testActualMissingValueReverse {#4 seed=[A89B4FF56754358E:F264AD9A771C9E4F]}(org.elasticsearch.index.fielddata.PagedBytesStringFieldDataTests) started
[2014-02-18 16:08:10,646][INFO ][test                     ] Test testActualMissingValueReverse {#4 seed=[A89B4FF56754358E:F264AD9A771C9E4F]}(org.elasticsearch.index.fielddata.PagedBytesStringFieldDataTests) finished
[2014-02-18 16:08:10,647][INFO ][test                     ] Test testActualMissingValueReverse {#5 seed=[A89B4FF56754358E:639E7EC50AA0D34F]}(org.elasticsearch.index.fielddata.PagedBytesStringFieldDataTests) started
[2014-02-18 16:08:10,663][INFO ][test                     ] Test testActualMissingValueReverse {#5 seed=[A89B4FF56754358E:639E7EC50AA0D34F]}(org.elasticsearch.index.fielddata.PagedBytesStringFieldDataTests) finished
[2014-02-18 16:08:10,664][INFO ][test                     ] Test testActualMissingValueReverse {#6 seed=[A89B4FF56754358E:5D401A431890C349]}(org.elasticsearch.index.fielddata.PagedBytesStringFieldDataTests) started
[2014-02-18 16:08:10,681][INFO ][test                     ] Test testActualMissingValueReverse {#6 seed=[A89B4FF56754358E:5D401A431890C349]}(org.elasticsearch.index.fielddata.PagedBytesStringFieldDataTests) finished
[2014-02-18 16:08:10,682][INFO ][test                     ] Test testActualMissingValueReverse {#7 seed=[A89B4FF56754358E:C1F380393B8457E7]}(org.elasticsearch.index.fielddata.PagedBytesStringFieldDataTests) started
[2014-02-18 16:08:10,702][INFO ][test                     ] Test testActualMissingValueReverse {#7 seed=[A89B4FF56754358E:C1F380393B8457E7]}(org.elasticsearch.index.fielddata.PagedBytesStringFieldDataTests) finished
[2014-02-18 16:08:10,702][INFO ][test                     ] Test testActualMissingValueReverse {#8 seed=[A89B4FF56754358E:F35F65574C4F40BD]}(org.elasticsearch.index.fielddata.PagedBytesStringFieldDataTests) started
[2014-02-18 16:08:10,716][INFO ][test                     ] Test testActualMissingValueReverse {#8 seed=[A89B4FF56754358E:F35F65574C4F40BD]}(org.elasticsearch.index.fielddata.PagedBytesStringFieldDataTests) finished
[2014-02-18 16:08:10,717][INFO ][test                     ] Test testActualMissingValueReverse {#9 seed=[A89B4FF56754358E:24D433ED281877EF]}(org.elasticsearch.index.fielddata.PagedBytesStringFieldDataTests) started
[2014-02-18 16:08:10,734][INFO ][test                     ] Test testActualMissingValueReverse {#9 seed=[A89B4FF56754358E:24D433ED281877EF]}(org.elasticsearch.index.fielddata.PagedBytesStringFieldDataTests) finished
[2014-02-18 16:08:10,734][INFO ][test                     ] Test testDeletedDocs(org.elasticsearch.index.fielddata.PagedBytesStringFieldDataTests) started
[2014-02-18 16:08:10,738][INFO ][test                     ] Test testDeletedDocs(org.elasticsearch.index.fielddata.PagedBytesStringFieldDataTests) finished
[2014-02-18 16:08:10,739][INFO ][test                     ] Test testSortMissingLast {#0 seed=[A89B4FF56754358E:40E4C07CD1F5608F]}(org.elasticsearch.index.fielddata.PagedBytesStringFieldDataTests) started
[2014-02-18 16:08:10,748][INFO ][test                     ] Test testSortMissingLast {#0 seed=[A89B4FF56754358E:40E4C07CD1F5608F]}(org.elasticsearch.index.fielddata.PagedBytesStringFieldDataTests) finished
[2014-02-18 16:08:10,748][INFO ][test                     ] Test testSortMissingLast {#1 seed=[A89B4FF56754358E:F4B27C80E537ABA3]}(org.elasticsearch.index.fielddata.PagedBytesStringFieldDataTests) started
[2014-02-18 16:08:10,758][INFO ][test                     ] Test testSortMissingLast {#1 seed=[A89B4FF56754358E:F4B27C80E537ABA3]}(org.elasticsearch.index.fielddata.PagedBytesStringFieldDataTests) finished
[2014-02-18 16:08:10,759][INFO ][test                     ] Test testSortMissingLast {#2 seed=[A89B4FF56754358E:7A5BEA5CB4F3E368]}(org.elasticsearch.index.fielddata.PagedBytesStringFieldDataTests) started
[2014-02-18 16:08:10,774][INFO ][test                     ] Test testSortMissingLast {#2 seed=[A89B4FF56754358E:7A5BEA5CB4F3E368]}(org.elasticsearch.index.fielddata.PagedBytesStringFieldDataTests) finished
[2014-02-18 16:08:10,774][INFO ][test                     ] Test testSortMultiValuesFields(org.elasticsearch.index.fielddata.PagedBytesStringFieldDataTests) started
[2014-02-18 16:08:10,781][INFO ][test                     ] Test testSortMultiValuesFields(org.elasticsearch.index.fielddata.PagedBytesStringFieldDataTests) finished
]]></system-out>
   <system-err><![CDATA[]]></system-err>
</testsuite>