<testsuite errors="0" failures="0" tests="15" skipped="0" name="org.elasticsearch.search.facet.termsstats.ShardSizeTermsStatsFacetTests" hostname="nohost.nodomain" time="18.649" timestamp="2014-02-18T15:47:53">
   <properties class="java.util.ArrayList">
      <property name="awt.toolkit" value="sun.lwawt.macosx.LWCToolkit"/>
      <property name="es.logger.level" value="INFO"/>
      <property name="es.logger.prefix" value=""/>
      <property name="es.node.local" value=""/>
      <property name="es.node.mode" value=""/>
      <property name="file.encoding" value="UTF-8"/>
      <property name="file.encoding.pkg" value="sun.io"/>
      <property name="file.separator" value="/"/>
      <property name="ftp.nonProxyHosts" value="local|*.local|169.254/16|*.169.254/16"/>
      <property name="gopherProxySet" value="false"/>
      <property name="http.nonProxyHosts" value="local|*.local|169.254/16|*.169.254/16"/>
      <property name="java.awt.graphicsenv" value="sun.awt.CGraphicsEnvironment"/>
      <property name="java.awt.headless" value="true"/>
      <property name="java.awt.printerjob" value="sun.lwawt.macosx.CPrinterJob"/>
      <property name="java.class.path" value="/Users/bhwang/elasticsearch/target/test-classes:/Users/bhwang/elasticsearch/target/classes:/Users/bhwang/.m2/repository/org/hamcrest/hamcrest-all/1.3/hamcrest-all-1.3.jar:/Users/bhwang/.m2/repository/com/carrotsearch/randomizedtesting/randomizedtesting-runner/2.0.15/randomizedtesting-runner-2.0.15.jar:/Users/bhwang/.m2/repository/junit/junit/4.10/junit-4.10.jar:/Users/bhwang/.m2/repository/org/apache/lucene/lucene-test-framework/4.6.1/lucene-test-framework-4.6.1.jar:/Users/bhwang/.m2/repository/org/apache/lucene/lucene-expressions/4.6.1/lucene-expressions-4.6.1.jar:/Users/bhwang/.m2/repository/org/antlr/antlr-runtime/3.5/antlr-runtime-3.5.jar:/Users/bhwang/.m2/repository/org/ow2/asm/asm/4.1/asm-4.1.jar:/Users/bhwang/.m2/repository/org/ow2/asm/asm-commons/4.1/asm-commons-4.1.jar:/Users/bhwang/.m2/repository/org/apache/httpcomponents/httpclient/4.3.1/httpclient-4.3.1.jar:/Users/bhwang/.m2/repository/org/apache/httpcomponents/httpcore/4.3/httpcore-4.3.jar:/Users/bhwang/.m2/repository/commons-logging/commons-logging/1.1.3/commons-logging-1.1.3.jar:/Users/bhwang/.m2/repository/commons-codec/commons-codec/1.6/commons-codec-1.6.jar:/Users/bhwang/.m2/repository/org/apache/lucene/lucene-core/4.6.1/lucene-core-4.6.1.jar:/Users/bhwang/.m2/repository/org/apache/lucene/lucene-analyzers-common/4.6.1/lucene-analyzers-common-4.6.1.jar:/Users/bhwang/.m2/repository/org/apache/lucene/lucene-codecs/4.6.1/lucene-codecs-4.6.1.jar:/Users/bhwang/.m2/repository/org/apache/lucene/lucene-queries/4.6.1/lucene-queries-4.6.1.jar:/Users/bhwang/.m2/repository/org/apache/lucene/lucene-memory/4.6.1/lucene-memory-4.6.1.jar:/Users/bhwang/.m2/repository/org/apache/lucene/lucene-highlighter/4.6.1/lucene-highlighter-4.6.1.jar:/Users/bhwang/.m2/repository/org/apache/lucene/lucene-queryparser/4.6.1/lucene-queryparser-4.6.1.jar:/Users/bhwang/.m2/repository/org/apache/lucene/lucene-sandbox/4.6.1/lucene-sandbox-4.6.1.jar:/Users/bhwang/.m2/repository/org/apache/lucene/lucene-suggest/4.6.1/lucene-suggest-4.6.1.jar:/Users/bhwang/.m2/repository/org/apache/lucene/lucene-misc/4.6.1/lucene-misc-4.6.1.jar:/Users/bhwang/.m2/repository/org/apache/lucene/lucene-join/4.6.1/lucene-join-4.6.1.jar:/Users/bhwang/.m2/repository/org/apache/lucene/lucene-grouping/4.6.1/lucene-grouping-4.6.1.jar:/Users/bhwang/.m2/repository/org/apache/lucene/lucene-spatial/4.6.1/lucene-spatial-4.6.1.jar:/Users/bhwang/.m2/repository/com/spatial4j/spatial4j/0.3/spatial4j-0.3.jar:/Users/bhwang/.m2/repository/com/vividsolutions/jts/1.12/jts-1.12.jar:/Users/bhwang/.m2/repository/com/google/guava/guava/16.0/guava-16.0.jar:/Users/bhwang/.m2/repository/com/carrotsearch/hppc/0.5.3/hppc-0.5.3.jar:/Users/bhwang/.m2/repository/joda-time/joda-time/2.3/joda-time-2.3.jar:/Users/bhwang/.m2/repository/org/joda/joda-convert/1.2/joda-convert-1.2.jar:/Users/bhwang/.m2/repository/org/mvel/mvel2/2.1.5.Final/mvel2-2.1.5.Final.jar:/Users/bhwang/.m2/repository/com/fasterxml/jackson/core/jackson-core/2.3.0/jackson-core-2.3.0.jar:/Users/bhwang/.m2/repository/com/fasterxml/jackson/dataformat/jackson-dataformat-smile/2.3.0/jackson-dataformat-smile-2.3.0.jar:/Users/bhwang/.m2/repository/com/fasterxml/jackson/dataformat/jackson-dataformat-yaml/2.3.0/jackson-dataformat-yaml-2.3.0.jar:/Users/bhwang/.m2/repository/io/netty/netty/3.9.0.Final/netty-3.9.0.Final.jar:/Users/bhwang/.m2/repository/com/ning/compress-lzf/0.9.6/compress-lzf-0.9.6.jar:/Users/bhwang/.m2/repository/log4j/log4j/1.2.17/log4j-1.2.17.jar:/Users/bhwang/.m2/repository/org/slf4j/slf4j-api/1.6.2/slf4j-api-1.6.2.jar:/Users/bhwang/.m2/repository/net/java/dev/jna/jna/3.3.0/jna-3.3.0.jar:/Users/bhwang/.m2/repository/org/fusesource/sigar/1.6.4/sigar-1.6.4.jar:/Users/bhwang/.m2/repository/com/carrotsearch/randomizedtesting/junit4-ant/2.0.15/junit4-ant-2.0.15.jar"/>
      <property name="java.class.version" value="51.0"/>
      <property name="java.endorsed.dirs" value="/Library/Java/JavaVirtualMachines/jdk1.7.0_45.jdk/Contents/Home/jre/lib/endorsed"/>
      <property name="java.ext.dirs" value="/Users/bhwang/Library/Java/Extensions:/Library/Java/JavaVirtualMachines/jdk1.7.0_45.jdk/Contents/Home/jre/lib/ext:/Library/Java/Extensions:/Network/Library/Java/Extensions:/System/Library/Java/Extensions:/usr/lib/java"/>
      <property name="java.home" value="/Library/Java/JavaVirtualMachines/jdk1.7.0_45.jdk/Contents/Home/jre"/>
      <property name="java.io.tmpdir" value="."/>
      <property name="java.library.path" value="/Users/bhwang/Library/Java/Extensions:/Library/Java/Extensions:/Network/Library/Java/Extensions:/System/Library/Java/Extensions:/usr/lib/java:."/>
      <property name="java.runtime.name" value="Java(TM) SE Runtime Environment"/>
      <property name="java.runtime.version" value="1.7.0_45-b18"/>
      <property name="java.security.policy" value="/Users/bhwang/elasticsearch/dev-tools/tests.policy"/>
      <property name="java.specification.name" value="Java Platform API Specification"/>
      <property name="java.specification.vendor" value="Oracle Corporation"/>
      <property name="java.specification.version" value="1.7"/>
      <property name="java.vendor" value="Oracle Corporation"/>
      <property name="java.vendor.url" value="http://java.oracle.com/"/>
      <property name="java.vendor.url.bug" value="http://bugreport.sun.com/bugreport/"/>
      <property name="java.version" value="1.7.0_45"/>
      <property name="java.vm.info" value="mixed mode"/>
      <property name="java.vm.name" value="Java HotSpot(TM) 64-Bit Server VM"/>
      <property name="java.vm.specification.name" value="Java Virtual Machine Specification"/>
      <property name="java.vm.specification.vendor" value="Oracle Corporation"/>
      <property name="java.vm.specification.version" value="1.7"/>
      <property name="java.vm.vendor" value="Oracle Corporation"/>
      <property name="java.vm.version" value="24.45-b08"/>
      <property name="junit4.childvm.cwd" value="/Users/bhwang/elasticsearch/target/J0"/>
      <property name="junit4.childvm.id" value="0"/>
      <property name="junit4.memory.total" value="128974848"/>
      <property name="junit4.pidString" value="6815@Bills-MacBook-Pro.local"/>
      <property name="junit4.processors" value="4"/>
      <property name="junit4.tempDir" value="/Users/bhwang/elasticsearch/target"/>
      <property name="line.separator" value="
"/>
      <property name="os.arch" value="x86_64"/>
      <property name="os.name" value="Mac OS X"/>
      <property name="os.version" value="10.9.1"/>
      <property name="path.separator" value=":"/>
      <property name="socksNonProxyHosts" value="local|*.local|169.254/16|*.169.254/16"/>
      <property name="sun.arch.data.model" value="64"/>
      <property name="sun.boot.class.path" value="/Library/Java/JavaVirtualMachines/jdk1.7.0_45.jdk/Contents/Home/jre/lib/resources.jar:/Library/Java/JavaVirtualMachines/jdk1.7.0_45.jdk/Contents/Home/jre/lib/rt.jar:/Library/Java/JavaVirtualMachines/jdk1.7.0_45.jdk/Contents/Home/jre/lib/sunrsasign.jar:/Library/Java/JavaVirtualMachines/jdk1.7.0_45.jdk/Contents/Home/jre/lib/jsse.jar:/Library/Java/JavaVirtualMachines/jdk1.7.0_45.jdk/Contents/Home/jre/lib/jce.jar:/Library/Java/JavaVirtualMachines/jdk1.7.0_45.jdk/Contents/Home/jre/lib/charsets.jar:/Library/Java/JavaVirtualMachines/jdk1.7.0_45.jdk/Contents/Home/jre/lib/jfr.jar:/Library/Java/JavaVirtualMachines/jdk1.7.0_45.jdk/Contents/Home/jre/lib/JObjC.jar:/Library/Java/JavaVirtualMachines/jdk1.7.0_45.jdk/Contents/Home/jre/classes"/>
      <property name="sun.boot.library.path" value="/Library/Java/JavaVirtualMachines/jdk1.7.0_45.jdk/Contents/Home/jre/lib"/>
      <property name="sun.cpu.endian" value="little"/>
      <property name="sun.cpu.isalist" value=""/>
      <property name="sun.io.unicode.encoding" value="UnicodeBig"/>
      <property name="sun.java.command" value="com.carrotsearch.ant.tasks.junit4.slave.SlaveMainSafe -flush -eventsfile /Users/bhwang/elasticsearch/target/junit4-J0-20140218_153326_767.events @/Users/bhwang/elasticsearch/target/junit4-J0-20140218_153326_767.suites -stdin"/>
      <property name="sun.java.launcher" value="SUN_STANDARD"/>
      <property name="sun.jnu.encoding" value="UTF-8"/>
      <property name="sun.management.compiler" value="HotSpot 64-Bit Tiered Compilers"/>
      <property name="sun.os.patch.level" value="unknown"/>
      <property name="tests.appendseed" value=""/>
      <property name="tests.assertion.disabled" value=""/>
      <property name="tests.awaitsfix" value=""/>
      <property name="tests.badapples" value=""/>
      <property name="tests.class" value=""/>
      <property name="tests.client.ratio" value=""/>
      <property name="tests.cluster_seed" value=""/>
      <property name="tests.enable_mock_modules" value=""/>
      <property name="tests.failfast" value=""/>
      <property name="tests.integration" value=""/>
      <property name="tests.iters" value=""/>
      <property name="tests.jvm.argline" value=""/>
      <property name="tests.maxfailures" value=""/>
      <property name="tests.method" value=""/>
      <property name="tests.network" value=""/>
      <property name="tests.nightly" value=""/>
      <property name="tests.prefix" value="tests"/>
      <property name="tests.rest" value=""/>
      <property name="tests.rest.spec" value=""/>
      <property name="tests.rest.suite" value=""/>
      <property name="tests.security.manager" value=""/>
      <property name="tests.seed" value="A89B4FF56754358E"/>
      <property name="tests.showSuccess" value=""/>
      <property name="tests.slow" value=""/>
      <property name="tests.timeoutSuite" value=""/>
      <property name="tests.weekly" value=""/>
      <property name="user.country" value="US"/>
      <property name="user.dir" value="/Users/bhwang/elasticsearch/target/J0"/>
      <property name="user.home" value="/Users/bhwang"/>
      <property name="user.language" value="en"/>
      <property name="user.name" value="bhwang"/>
      <property name="user.timezone" value=""/>
   </properties>
   <testcase classname="org.elasticsearch.search.facet.termsstats.ShardSizeTermsStatsFacetTests" name="noShardSize_double_allTerms" time="16.025"/>
   <testcase classname="org.elasticsearch.search.facet.termsstats.ShardSizeTermsStatsFacetTests" name="noShardSize_string_allTerms" time="0.349"/>
   <testcase classname="org.elasticsearch.search.facet.termsstats.ShardSizeTermsStatsFacetTests" name="withShardSize_long" time="0.207"/>
   <testcase classname="org.elasticsearch.search.facet.termsstats.ShardSizeTermsStatsFacetTests" name="withShardSize_long_singleShard" time="0.183"/>
   <testcase classname="org.elasticsearch.search.facet.termsstats.ShardSizeTermsStatsFacetTests" name="withShardSize_string" time="0.138"/>
   <testcase classname="org.elasticsearch.search.facet.termsstats.ShardSizeTermsStatsFacetTests" name="withShardSize_string_singleShard" time="0.142"/>
   <testcase classname="org.elasticsearch.search.facet.termsstats.ShardSizeTermsStatsFacetTests" name="withShardSize_double_allTerms" time="0.11"/>
   <testcase classname="org.elasticsearch.search.facet.termsstats.ShardSizeTermsStatsFacetTests" name="noShardSize_long" time="0.216"/>
   <testcase classname="org.elasticsearch.search.facet.termsstats.ShardSizeTermsStatsFacetTests" name="noShardSize_string" time="0.135"/>
   <testcase classname="org.elasticsearch.search.facet.termsstats.ShardSizeTermsStatsFacetTests" name="withShardSize_long_allTerms" time="0.196"/>
   <testcase classname="org.elasticsearch.search.facet.termsstats.ShardSizeTermsStatsFacetTests" name="noShardSize_long_allTerms" time="0.225"/>
   <testcase classname="org.elasticsearch.search.facet.termsstats.ShardSizeTermsStatsFacetTests" name="withShardSize_double_singleShard" time="0.096"/>
   <testcase classname="org.elasticsearch.search.facet.termsstats.ShardSizeTermsStatsFacetTests" name="noShardSize_double" time="0.167"/>
   <testcase classname="org.elasticsearch.search.facet.termsstats.ShardSizeTermsStatsFacetTests" name="withShardSize_string_allTerms" time="0.267"/>
   <testcase classname="org.elasticsearch.search.facet.termsstats.ShardSizeTermsStatsFacetTests" name="withShardSize_double" time="0.174"/>
   <system-out><![CDATA[[2014-02-18 15:47:53,730][INFO ][test                     ] Test noShardSize_double_allTerms(org.elasticsearch.search.facet.termsstats.ShardSizeTermsStatsFacetTests) started
[2014-02-18 15:47:53,732][INFO ][test                     ] Setup TestCluster [SUITE-Bills-MacBook-Pro.local-CHILD_VM=[0]-CLUSTER_SEED=[6008383658217998835]-HASH=[13541A74CD9D2BA0]] with seed [5362111A765889F3] using [5] nodes
[2014-02-18 15:47:53,735][INFO ][node                     ] [node_0] version[1.0.0], pid[6815], build[a46900e/2014-02-18T23:32:25Z]
[2014-02-18 15:47:53,735][INFO ][node                     ] [node_0] initializing ...
[2014-02-18 15:47:53,736][INFO ][plugins                  ] [node_0] loaded [], sites []
[2014-02-18 15:47:53,780][INFO ][node                     ] [node_0] initialized
[2014-02-18 15:47:53,780][INFO ][node                     ] [node_0] starting ...
[2014-02-18 15:47:53,787][INFO ][transport                ] [node_0] bound_address {inet[/0:0:0:0:0:0:0:0:9303]}, publish_address {inet[/10.1.10.75:9303]}
[2014-02-18 15:47:56,792][INFO ][cluster.service          ] [node_0] new_master [node_0][KmIg5Gr5TsqadDzKZJ-hAA][Bills-MacBook-Pro.local][inet[/10.1.10.75:9303]], reason: zen-disco-join (elected_as_master)
[2014-02-18 15:47:56,805][INFO ][discovery                ] [node_0] SUITE-Bills-MacBook-Pro.local-CHILD_VM=[0]-CLUSTER_SEED=[6008383658217998835]-HASH=[13541A74CD9D2BA0]/KmIg5Gr5TsqadDzKZJ-hAA
[2014-02-18 15:47:56,806][INFO ][gateway                  ] [node_0] recovered [0] indices into cluster_state
[2014-02-18 15:47:56,809][INFO ][http                     ] [node_0] bound_address {inet[/0:0:0:0:0:0:0:0:9203]}, publish_address {inet[/10.1.10.75:9203]}
[2014-02-18 15:47:56,809][INFO ][node                     ] [node_0] started
[2014-02-18 15:47:56,810][INFO ][test                     ] Start Shared Node [node_0] not shared
[2014-02-18 15:47:56,811][INFO ][node                     ] [node_1] version[1.0.0], pid[6815], build[a46900e/2014-02-18T23:32:25Z]
[2014-02-18 15:47:56,811][INFO ][node                     ] [node_1] initializing ...
[2014-02-18 15:47:56,811][INFO ][plugins                  ] [node_1] loaded [], sites []
[2014-02-18 15:47:56,848][INFO ][node                     ] [node_1] initialized
[2014-02-18 15:47:56,849][INFO ][node                     ] [node_1] starting ...
[2014-02-18 15:47:56,856][INFO ][transport                ] [node_1] bound_address {inet[/0:0:0:0:0:0:0:0:9304]}, publish_address {inet[/10.1.10.75:9304]}
[2014-02-18 15:47:59,877][INFO ][cluster.service          ] [node_0] added {[node_1][zo4AJjrzQpOEs18rinPrqw][Bills-MacBook-Pro.local][inet[/10.1.10.75:9304]],}, reason: zen-disco-receive(join from node[[node_1][zo4AJjrzQpOEs18rinPrqw][Bills-MacBook-Pro.local][inet[/10.1.10.75:9304]]])
[2014-02-18 15:47:59,879][INFO ][cluster.service          ] [node_1] detected_master [node_0][KmIg5Gr5TsqadDzKZJ-hAA][Bills-MacBook-Pro.local][inet[/10.1.10.75:9303]], added {[node_0][KmIg5Gr5TsqadDzKZJ-hAA][Bills-MacBook-Pro.local][inet[/10.1.10.75:9303]],}, reason: zen-disco-receive(from master [[node_0][KmIg5Gr5TsqadDzKZJ-hAA][Bills-MacBook-Pro.local][inet[/10.1.10.75:9303]]])
[2014-02-18 15:47:59,896][INFO ][discovery                ] [node_1] SUITE-Bills-MacBook-Pro.local-CHILD_VM=[0]-CLUSTER_SEED=[6008383658217998835]-HASH=[13541A74CD9D2BA0]/zo4AJjrzQpOEs18rinPrqw
[2014-02-18 15:47:59,904][INFO ][http                     ] [node_1] bound_address {inet[/0:0:0:0:0:0:0:0:9204]}, publish_address {inet[/10.1.10.75:9204]}
[2014-02-18 15:47:59,904][INFO ][node                     ] [node_1] started
[2014-02-18 15:47:59,904][INFO ][test                     ] Start Shared Node [node_1] not shared
[2014-02-18 15:47:59,905][INFO ][node                     ] [node_2] version[1.0.0], pid[6815], build[a46900e/2014-02-18T23:32:25Z]
[2014-02-18 15:47:59,906][INFO ][node                     ] [node_2] initializing ...
[2014-02-18 15:47:59,906][INFO ][plugins                  ] [node_2] loaded [], sites []
[2014-02-18 15:47:59,943][INFO ][node                     ] [node_2] initialized
[2014-02-18 15:47:59,944][INFO ][node                     ] [node_2] starting ...
[2014-02-18 15:47:59,950][INFO ][transport                ] [node_2] bound_address {inet[/0:0:0:0:0:0:0:0:9305]}, publish_address {inet[/10.1.10.75:9305]}
[2014-02-18 15:48:02,969][INFO ][cluster.service          ] [node_0] added {[node_2][ttub-HRHTFGDq0oLHtqi7A][Bills-MacBook-Pro.local][inet[/10.1.10.75:9305]],}, reason: zen-disco-receive(join from node[[node_2][ttub-HRHTFGDq0oLHtqi7A][Bills-MacBook-Pro.local][inet[/10.1.10.75:9305]]])
[2014-02-18 15:48:02,970][INFO ][cluster.service          ] [node_1] added {[node_2][ttub-HRHTFGDq0oLHtqi7A][Bills-MacBook-Pro.local][inet[/10.1.10.75:9305]],}, reason: zen-disco-receive(from master [[node_0][KmIg5Gr5TsqadDzKZJ-hAA][Bills-MacBook-Pro.local][inet[/10.1.10.75:9303]]])
[2014-02-18 15:48:02,970][INFO ][cluster.service          ] [node_2] detected_master [node_0][KmIg5Gr5TsqadDzKZJ-hAA][Bills-MacBook-Pro.local][inet[/10.1.10.75:9303]], added {[node_1][zo4AJjrzQpOEs18rinPrqw][Bills-MacBook-Pro.local][inet[/10.1.10.75:9304]],[node_0][KmIg5Gr5TsqadDzKZJ-hAA][Bills-MacBook-Pro.local][inet[/10.1.10.75:9303]],}, reason: zen-disco-receive(from master [[node_0][KmIg5Gr5TsqadDzKZJ-hAA][Bills-MacBook-Pro.local][inet[/10.1.10.75:9303]]])
[2014-02-18 15:48:03,000][INFO ][discovery                ] [node_2] SUITE-Bills-MacBook-Pro.local-CHILD_VM=[0]-CLUSTER_SEED=[6008383658217998835]-HASH=[13541A74CD9D2BA0]/ttub-HRHTFGDq0oLHtqi7A
[2014-02-18 15:48:03,006][INFO ][http                     ] [node_2] bound_address {inet[/0:0:0:0:0:0:0:0:9205]}, publish_address {inet[/10.1.10.75:9205]}
[2014-02-18 15:48:03,006][INFO ][node                     ] [node_2] started
[2014-02-18 15:48:03,006][INFO ][test                     ] Start Shared Node [node_2] not shared
[2014-02-18 15:48:03,007][INFO ][node                     ] [node_3] version[1.0.0], pid[6815], build[a46900e/2014-02-18T23:32:25Z]
[2014-02-18 15:48:03,007][INFO ][node                     ] [node_3] initializing ...
[2014-02-18 15:48:03,008][INFO ][plugins                  ] [node_3] loaded [], sites []
[2014-02-18 15:48:03,052][INFO ][node                     ] [node_3] initialized
[2014-02-18 15:48:03,052][INFO ][node                     ] [node_3] starting ...
[2014-02-18 15:48:03,062][INFO ][transport                ] [node_3] bound_address {inet[/0:0:0:0:0:0:0:0:9306]}, publish_address {inet[/10.1.10.75:9306]}
[2014-02-18 15:48:03,066][WARN ][discovery.zen.ping.multicast] [node_3] failed to receive packet, throttling...
java.net.SocketException: Socket closed
	at java.net.PlainDatagramSocketImpl.peekData(Native Method)
	at java.net.DatagramSocket.receive(DatagramSocket.java:726)
	at org.elasticsearch.discovery.zen.ping.multicast.MulticastZenPing$Receiver.run(MulticastZenPing.java:366)
	at java.lang.Thread.run(Thread.java:744)
[2014-02-18 15:48:03,567][WARN ][discovery.zen.ping.multicast] [node_3] failed to receive packet, throttling...
java.net.SocketException: Socket closed
	at java.net.PlainDatagramSocketImpl.peekData(Native Method)
	at java.net.DatagramSocket.receive(DatagramSocket.java:726)
	at org.elasticsearch.discovery.zen.ping.multicast.MulticastZenPing$Receiver.run(MulticastZenPing.java:366)
	at java.lang.Thread.run(Thread.java:744)
[2014-02-18 15:48:04,068][WARN ][discovery.zen.ping.multicast] [node_3] failed to receive packet, throttling...
java.net.SocketException: Socket closed
	at java.net.PlainDatagramSocketImpl.peekData(Native Method)
	at java.net.DatagramSocket.receive(DatagramSocket.java:726)
	at org.elasticsearch.discovery.zen.ping.multicast.MulticastZenPing$Receiver.run(MulticastZenPing.java:366)
	at java.lang.Thread.run(Thread.java:744)
[2014-02-18 15:48:04,569][WARN ][discovery.zen.ping.multicast] [node_3] failed to receive packet, throttling...
java.net.SocketException: Socket closed
	at java.net.PlainDatagramSocketImpl.peekData(Native Method)
	at java.net.DatagramSocket.receive(DatagramSocket.java:726)
	at org.elasticsearch.discovery.zen.ping.multicast.MulticastZenPing$Receiver.run(MulticastZenPing.java:366)
	at java.lang.Thread.run(Thread.java:744)
[2014-02-18 15:48:05,070][WARN ][discovery.zen.ping.multicast] [node_3] failed to receive packet, throttling...
java.net.SocketException: Socket closed
	at java.net.PlainDatagramSocketImpl.peekData(Native Method)
	at java.net.DatagramSocket.receive(DatagramSocket.java:726)
	at org.elasticsearch.discovery.zen.ping.multicast.MulticastZenPing$Receiver.run(MulticastZenPing.java:366)
	at java.lang.Thread.run(Thread.java:744)
[2014-02-18 15:48:05,571][WARN ][discovery.zen.ping.multicast] [node_3] failed to receive packet, throttling...
java.net.SocketException: Socket closed
	at java.net.PlainDatagramSocketImpl.peekData(Native Method)
	at java.net.DatagramSocket.receive(DatagramSocket.java:726)
	at org.elasticsearch.discovery.zen.ping.multicast.MulticastZenPing$Receiver.run(MulticastZenPing.java:366)
	at java.lang.Thread.run(Thread.java:744)
[2014-02-18 15:48:06,071][WARN ][discovery.zen.ping.multicast] [node_3] failed to receive packet, throttling...
java.net.SocketException: Socket closed
	at java.net.PlainDatagramSocketImpl.peekData(Native Method)
	at java.net.DatagramSocket.receive(DatagramSocket.java:726)
	at org.elasticsearch.discovery.zen.ping.multicast.MulticastZenPing$Receiver.run(MulticastZenPing.java:366)
	at java.lang.Thread.run(Thread.java:744)
[2014-02-18 15:48:06,082][INFO ][cluster.service          ] [node_0] added {[node_3][2fp8Ng-CQnSRr34vN4oyjw][Bills-MacBook-Pro.local][inet[/10.1.10.75:9306]],}, reason: zen-disco-receive(join from node[[node_3][2fp8Ng-CQnSRr34vN4oyjw][Bills-MacBook-Pro.local][inet[/10.1.10.75:9306]]])
[2014-02-18 15:48:06,083][INFO ][cluster.service          ] [node_1] added {[node_3][2fp8Ng-CQnSRr34vN4oyjw][Bills-MacBook-Pro.local][inet[/10.1.10.75:9306]],}, reason: zen-disco-receive(from master [[node_0][KmIg5Gr5TsqadDzKZJ-hAA][Bills-MacBook-Pro.local][inet[/10.1.10.75:9303]]])
[2014-02-18 15:48:06,083][INFO ][cluster.service          ] [node_2] added {[node_3][2fp8Ng-CQnSRr34vN4oyjw][Bills-MacBook-Pro.local][inet[/10.1.10.75:9306]],}, reason: zen-disco-receive(from master [[node_0][KmIg5Gr5TsqadDzKZJ-hAA][Bills-MacBook-Pro.local][inet[/10.1.10.75:9303]]])
[2014-02-18 15:48:06,084][INFO ][cluster.service          ] [node_3] detected_master [node_0][KmIg5Gr5TsqadDzKZJ-hAA][Bills-MacBook-Pro.local][inet[/10.1.10.75:9303]], added {[node_1][zo4AJjrzQpOEs18rinPrqw][Bills-MacBook-Pro.local][inet[/10.1.10.75:9304]],[node_2][ttub-HRHTFGDq0oLHtqi7A][Bills-MacBook-Pro.local][inet[/10.1.10.75:9305]],[node_0][KmIg5Gr5TsqadDzKZJ-hAA][Bills-MacBook-Pro.local][inet[/10.1.10.75:9303]],}, reason: zen-disco-receive(from master [[node_0][KmIg5Gr5TsqadDzKZJ-hAA][Bills-MacBook-Pro.local][inet[/10.1.10.75:9303]]])
[2014-02-18 15:48:06,126][INFO ][discovery                ] [node_3] SUITE-Bills-MacBook-Pro.local-CHILD_VM=[0]-CLUSTER_SEED=[6008383658217998835]-HASH=[13541A74CD9D2BA0]/2fp8Ng-CQnSRr34vN4oyjw
[2014-02-18 15:48:06,131][INFO ][http                     ] [node_3] bound_address {inet[/0:0:0:0:0:0:0:0:9206]}, publish_address {inet[/10.1.10.75:9206]}
[2014-02-18 15:48:06,131][INFO ][node                     ] [node_3] started
[2014-02-18 15:48:06,132][INFO ][test                     ] Start Shared Node [node_3] not shared
[2014-02-18 15:48:06,133][INFO ][node                     ] [node_4] version[1.0.0], pid[6815], build[a46900e/2014-02-18T23:32:25Z]
[2014-02-18 15:48:06,133][INFO ][node                     ] [node_4] initializing ...
[2014-02-18 15:48:06,134][INFO ][plugins                  ] [node_4] loaded [], sites []
[2014-02-18 15:48:06,182][INFO ][node                     ] [node_4] initialized
[2014-02-18 15:48:06,182][INFO ][node                     ] [node_4] starting ...
[2014-02-18 15:48:06,190][INFO ][transport                ] [node_4] bound_address {inet[/0:0:0:0:0:0:0:0:9307]}, publish_address {inet[/10.1.10.75:9307]}
[2014-02-18 15:48:06,195][WARN ][discovery.zen.ping.multicast] [node_4] failed to receive packet, throttling...
java.net.SocketException: Socket closed
	at java.net.PlainDatagramSocketImpl.peekData(Native Method)
	at java.net.DatagramSocket.receive(DatagramSocket.java:726)
	at org.elasticsearch.discovery.zen.ping.multicast.MulticastZenPing$Receiver.run(MulticastZenPing.java:366)
	at java.lang.Thread.run(Thread.java:744)
[2014-02-18 15:48:06,575][WARN ][discovery.zen.ping.multicast] [node_3] failed to receive packet, throttling...
java.net.SocketException: Socket closed
	at java.net.PlainDatagramSocketImpl.peekData(Native Method)
	at java.net.DatagramSocket.receive(DatagramSocket.java:726)
	at org.elasticsearch.discovery.zen.ping.multicast.MulticastZenPing$Receiver.run(MulticastZenPing.java:366)
	at java.lang.Thread.run(Thread.java:744)
[2014-02-18 15:48:06,696][WARN ][discovery.zen.ping.multicast] [node_4] failed to receive packet, throttling...
java.net.SocketException: Socket closed
	at java.net.PlainDatagramSocketImpl.peekData(Native Method)
	at java.net.DatagramSocket.receive(DatagramSocket.java:726)
	at org.elasticsearch.discovery.zen.ping.multicast.MulticastZenPing$Receiver.run(MulticastZenPing.java:366)
	at java.lang.Thread.run(Thread.java:744)
[2014-02-18 15:48:07,076][WARN ][discovery.zen.ping.multicast] [node_3] failed to receive packet, throttling...
java.net.SocketException: Socket closed
	at java.net.PlainDatagramSocketImpl.peekData(Native Method)
	at java.net.DatagramSocket.receive(DatagramSocket.java:726)
	at org.elasticsearch.discovery.zen.ping.multicast.MulticastZenPing$Receiver.run(MulticastZenPing.java:366)
	at java.lang.Thread.run(Thread.java:744)
[2014-02-18 15:48:07,198][WARN ][discovery.zen.ping.multicast] [node_4] failed to receive packet, throttling...
java.net.SocketException: Socket closed
	at java.net.PlainDatagramSocketImpl.peekData(Native Method)
	at java.net.DatagramSocket.receive(DatagramSocket.java:726)
	at org.elasticsearch.discovery.zen.ping.multicast.MulticastZenPing$Receiver.run(MulticastZenPing.java:366)
	at java.lang.Thread.run(Thread.java:744)
[2014-02-18 15:48:07,577][WARN ][discovery.zen.ping.multicast] [node_3] failed to receive packet, throttling...
java.net.SocketException: Socket closed
	at java.net.PlainDatagramSocketImpl.peekData(Native Method)
	at java.net.DatagramSocket.receive(DatagramSocket.java:726)
	at org.elasticsearch.discovery.zen.ping.multicast.MulticastZenPing$Receiver.run(MulticastZenPing.java:366)
	at java.lang.Thread.run(Thread.java:744)
[2014-02-18 15:48:07,698][WARN ][discovery.zen.ping.multicast] [node_4] failed to receive packet, throttling...
java.net.SocketException: Socket closed
	at java.net.PlainDatagramSocketImpl.peekData(Native Method)
	at java.net.DatagramSocket.receive(DatagramSocket.java:726)
	at org.elasticsearch.discovery.zen.ping.multicast.MulticastZenPing$Receiver.run(MulticastZenPing.java:366)
	at java.lang.Thread.run(Thread.java:744)
[2014-02-18 15:48:08,078][WARN ][discovery.zen.ping.multicast] [node_3] failed to receive packet, throttling...
java.net.SocketException: Socket closed
	at java.net.PlainDatagramSocketImpl.peekData(Native Method)
	at java.net.DatagramSocket.receive(DatagramSocket.java:726)
	at org.elasticsearch.discovery.zen.ping.multicast.MulticastZenPing$Receiver.run(MulticastZenPing.java:366)
	at java.lang.Thread.run(Thread.java:744)
[2014-02-18 15:48:08,200][WARN ][discovery.zen.ping.multicast] [node_4] failed to receive packet, throttling...
java.net.SocketException: Socket closed
	at java.net.PlainDatagramSocketImpl.peekData(Native Method)
	at java.net.DatagramSocket.receive(DatagramSocket.java:726)
	at org.elasticsearch.discovery.zen.ping.multicast.MulticastZenPing$Receiver.run(MulticastZenPing.java:366)
	at java.lang.Thread.run(Thread.java:744)
[2014-02-18 15:48:08,579][WARN ][discovery.zen.ping.multicast] [node_3] failed to receive packet, throttling...
java.net.SocketException: Socket closed
	at java.net.PlainDatagramSocketImpl.peekData(Native Method)
	at java.net.DatagramSocket.receive(DatagramSocket.java:726)
	at org.elasticsearch.discovery.zen.ping.multicast.MulticastZenPing$Receiver.run(MulticastZenPing.java:366)
	at java.lang.Thread.run(Thread.java:744)
[2014-02-18 15:48:08,702][WARN ][discovery.zen.ping.multicast] [node_4] failed to receive packet, throttling...
java.net.SocketException: Socket closed
	at java.net.PlainDatagramSocketImpl.peekData(Native Method)
	at java.net.DatagramSocket.receive(DatagramSocket.java:726)
	at org.elasticsearch.discovery.zen.ping.multicast.MulticastZenPing$Receiver.run(MulticastZenPing.java:366)
	at java.lang.Thread.run(Thread.java:744)
[2014-02-18 15:48:09,080][WARN ][discovery.zen.ping.multicast] [node_3] failed to receive packet, throttling...
java.net.SocketException: Socket closed
	at java.net.PlainDatagramSocketImpl.peekData(Native Method)
	at java.net.DatagramSocket.receive(DatagramSocket.java:726)
	at org.elasticsearch.discovery.zen.ping.multicast.MulticastZenPing$Receiver.run(MulticastZenPing.java:366)
	at java.lang.Thread.run(Thread.java:744)
[2014-02-18 15:48:09,202][WARN ][discovery.zen.ping.multicast] [node_4] failed to receive packet, throttling...
java.net.SocketException: Socket closed
	at java.net.PlainDatagramSocketImpl.peekData(Native Method)
	at java.net.DatagramSocket.receive(DatagramSocket.java:726)
	at org.elasticsearch.discovery.zen.ping.multicast.MulticastZenPing$Receiver.run(MulticastZenPing.java:366)
	at java.lang.Thread.run(Thread.java:744)
[2014-02-18 15:48:09,212][INFO ][cluster.service          ] [node_0] added {[node_4][vB-IBli4S4m2OVhOQOXW3g][Bills-MacBook-Pro.local][inet[/10.1.10.75:9307]],}, reason: zen-disco-receive(join from node[[node_4][vB-IBli4S4m2OVhOQOXW3g][Bills-MacBook-Pro.local][inet[/10.1.10.75:9307]]])
[2014-02-18 15:48:09,213][INFO ][cluster.service          ] [node_1] added {[node_4][vB-IBli4S4m2OVhOQOXW3g][Bills-MacBook-Pro.local][inet[/10.1.10.75:9307]],}, reason: zen-disco-receive(from master [[node_0][KmIg5Gr5TsqadDzKZJ-hAA][Bills-MacBook-Pro.local][inet[/10.1.10.75:9303]]])
[2014-02-18 15:48:09,213][INFO ][cluster.service          ] [node_3] added {[node_4][vB-IBli4S4m2OVhOQOXW3g][Bills-MacBook-Pro.local][inet[/10.1.10.75:9307]],}, reason: zen-disco-receive(from master [[node_0][KmIg5Gr5TsqadDzKZJ-hAA][Bills-MacBook-Pro.local][inet[/10.1.10.75:9303]]])
[2014-02-18 15:48:09,213][INFO ][cluster.service          ] [node_2] added {[node_4][vB-IBli4S4m2OVhOQOXW3g][Bills-MacBook-Pro.local][inet[/10.1.10.75:9307]],}, reason: zen-disco-receive(from master [[node_0][KmIg5Gr5TsqadDzKZJ-hAA][Bills-MacBook-Pro.local][inet[/10.1.10.75:9303]]])
[2014-02-18 15:48:09,214][INFO ][cluster.service          ] [node_4] detected_master [node_0][KmIg5Gr5TsqadDzKZJ-hAA][Bills-MacBook-Pro.local][inet[/10.1.10.75:9303]], added {[node_1][zo4AJjrzQpOEs18rinPrqw][Bills-MacBook-Pro.local][inet[/10.1.10.75:9304]],[node_2][ttub-HRHTFGDq0oLHtqi7A][Bills-MacBook-Pro.local][inet[/10.1.10.75:9305]],[node_0][KmIg5Gr5TsqadDzKZJ-hAA][Bills-MacBook-Pro.local][inet[/10.1.10.75:9303]],[node_3][2fp8Ng-CQnSRr34vN4oyjw][Bills-MacBook-Pro.local][inet[/10.1.10.75:9306]],}, reason: zen-disco-receive(from master [[node_0][KmIg5Gr5TsqadDzKZJ-hAA][Bills-MacBook-Pro.local][inet[/10.1.10.75:9303]]])
[2014-02-18 15:48:09,278][INFO ][discovery                ] [node_4] SUITE-Bills-MacBook-Pro.local-CHILD_VM=[0]-CLUSTER_SEED=[6008383658217998835]-HASH=[13541A74CD9D2BA0]/vB-IBli4S4m2OVhOQOXW3g
[2014-02-18 15:48:09,283][INFO ][http                     ] [node_4] bound_address {inet[/0:0:0:0:0:0:0:0:9207]}, publish_address {inet[/10.1.10.75:9207]}
[2014-02-18 15:48:09,283][INFO ][node                     ] [node_4] started
[2014-02-18 15:48:09,283][INFO ][test                     ] Start Shared Node [node_4] not shared
[2014-02-18 15:48:09,284][INFO ][plugins                  ] [transport_client_node_0] loaded [], sites []
[2014-02-18 15:48:09,312][INFO ][plugins                  ] [transport_client_node_1] loaded [], sites []
[2014-02-18 15:48:09,347][INFO ][plugins                  ] [transport_client_node_4] loaded [], sites []
[2014-02-18 15:48:09,379][INFO ][search.facet.termsstats  ] [ShardSizeTermsStatsFacetTests#noShardSize_double_allTerms]: before test
[2014-02-18 15:48:09,381][INFO ][plugins                  ] [transport_client_node_3] loaded [], sites []
[2014-02-18 15:48:09,422][INFO ][cluster.metadata         ] [node_0] [idx] creating index, cause [api], shards [2]/[0], mappings [type]
[2014-02-18 15:48:09,477][INFO ][plugins                  ] [transport_client_node_2] loaded [], sites []
[2014-02-18 15:48:09,521][INFO ][cluster.metadata         ] [node_0] [idx] update_mapping [type] (dynamic)
[2014-02-18 15:48:09,582][WARN ][discovery.zen.ping.multicast] [node_3] failed to receive packet, throttling...
java.net.SocketException: Socket closed
	at java.net.PlainDatagramSocketImpl.peekData(Native Method)
	at java.net.DatagramSocket.receive(DatagramSocket.java:726)
	at org.elasticsearch.discovery.zen.ping.multicast.MulticastZenPing$Receiver.run(MulticastZenPing.java:366)
	at java.lang.Thread.run(Thread.java:744)
[2014-02-18 15:48:09,702][INFO ][search.facet.termsstats  ] [ShardSizeTermsStatsFacetTests#noShardSize_double_allTerms]: cleaning up after test
[2014-02-18 15:48:09,703][INFO ][cluster.metadata         ] [node_0] [idx] deleting index
[2014-02-18 15:48:09,717][WARN ][discovery.zen.ping.multicast] [node_4] failed to receive packet, throttling...
java.net.SocketException: Socket closed
	at java.net.PlainDatagramSocketImpl.peekData(Native Method)
	at java.net.DatagramSocket.receive(DatagramSocket.java:726)
	at org.elasticsearch.discovery.zen.ping.multicast.MulticastZenPing$Receiver.run(MulticastZenPing.java:366)
	at java.lang.Thread.run(Thread.java:744)
[2014-02-18 15:48:09,728][INFO ][search.facet.termsstats  ] [ShardSizeTermsStatsFacetTests#noShardSize_double_allTerms]: cleaned up after test
[2014-02-18 15:48:09,728][INFO ][test                     ] Wipe data directory for all nodes locations: [data/d0/SUITE-Bills-MacBook-Pro.local-CHILD_VM=[0]-CLUSTER_SEED=[6008383658217998835]-HASH=[13541A74CD9D2BA0]/nodes/3, data/d0/SUITE-Bills-MacBook-Pro.local-CHILD_VM=[0]-CLUSTER_SEED=[6008383658217998835]-HASH=[13541A74CD9D2BA0]/nodes/2, data/d0/SUITE-Bills-MacBook-Pro.local-CHILD_VM=[0]-CLUSTER_SEED=[6008383658217998835]-HASH=[13541A74CD9D2BA0]/nodes/4, data/d0/SUITE-Bills-MacBook-Pro.local-CHILD_VM=[0]-CLUSTER_SEED=[6008383658217998835]-HASH=[13541A74CD9D2BA0]/nodes/0, data/d0/SUITE-Bills-MacBook-Pro.local-CHILD_VM=[0]-CLUSTER_SEED=[6008383658217998835]-HASH=[13541A74CD9D2BA0]/nodes/1]
[2014-02-18 15:48:09,754][INFO ][test                     ] Test noShardSize_double_allTerms(org.elasticsearch.search.facet.termsstats.ShardSizeTermsStatsFacetTests) finished
[2014-02-18 15:48:09,755][INFO ][test                     ] Test noShardSize_string_allTerms(org.elasticsearch.search.facet.termsstats.ShardSizeTermsStatsFacetTests) started
[2014-02-18 15:48:09,759][INFO ][plugins                  ] [transport_client_node_3] loaded [], sites []
[2014-02-18 15:48:09,788][INFO ][plugins                  ] [transport_client_node_0] loaded [], sites []
[2014-02-18 15:48:09,816][INFO ][plugins                  ] [transport_client_node_2] loaded [], sites []
[2014-02-18 15:48:09,849][INFO ][plugins                  ] [transport_client_node_4] loaded [], sites []
[2014-02-18 15:48:09,879][INFO ][search.facet.termsstats  ] [ShardSizeTermsStatsFacetTests#noShardSize_string_allTerms]: before test
[2014-02-18 15:48:09,893][INFO ][cluster.metadata         ] [node_0] [idx] creating index, cause [api], shards [2]/[0], mappings [type]
[2014-02-18 15:48:09,939][INFO ][plugins                  ] [transport_client_node_1] loaded [], sites []
[2014-02-18 15:48:09,941][INFO ][cluster.metadata         ] [node_0] [idx] update_mapping [type] (dynamic)
[2014-02-18 15:48:10,077][INFO ][search.facet.termsstats  ] [ShardSizeTermsStatsFacetTests#noShardSize_string_allTerms]: cleaning up after test
[2014-02-18 15:48:10,079][INFO ][cluster.metadata         ] [node_0] [idx] deleting index
[2014-02-18 15:48:10,083][WARN ][discovery.zen.ping.multicast] [node_3] failed to receive packet, throttling...
java.net.SocketException: Socket closed
	at java.net.PlainDatagramSocketImpl.peekData(Native Method)
	at java.net.DatagramSocket.receive(DatagramSocket.java:726)
	at org.elasticsearch.discovery.zen.ping.multicast.MulticastZenPing$Receiver.run(MulticastZenPing.java:366)
	at java.lang.Thread.run(Thread.java:744)
[2014-02-18 15:48:10,088][INFO ][search.facet.termsstats  ] [ShardSizeTermsStatsFacetTests#noShardSize_string_allTerms]: cleaned up after test
[2014-02-18 15:48:10,104][INFO ][test                     ] Test noShardSize_string_allTerms(org.elasticsearch.search.facet.termsstats.ShardSizeTermsStatsFacetTests) finished
[2014-02-18 15:48:10,105][INFO ][test                     ] Test withShardSize_long(org.elasticsearch.search.facet.termsstats.ShardSizeTermsStatsFacetTests) started
[2014-02-18 15:48:10,109][INFO ][search.facet.termsstats  ] [ShardSizeTermsStatsFacetTests#withShardSize_long]: before test
[2014-02-18 15:48:10,117][INFO ][cluster.metadata         ] [node_0] [idx] creating index, cause [api], shards [2]/[0], mappings [type]
[2014-02-18 15:48:10,168][INFO ][cluster.metadata         ] [node_0] [idx] update_mapping [type] (dynamic)
[2014-02-18 15:48:10,184][INFO ][plugins                  ] [transport_client_node_1] loaded [], sites []
[2014-02-18 15:48:10,218][WARN ][discovery.zen.ping.multicast] [node_4] failed to receive packet, throttling...
java.net.SocketException: Socket closed
	at java.net.PlainDatagramSocketImpl.peekData(Native Method)
	at java.net.DatagramSocket.receive(DatagramSocket.java:726)
	at org.elasticsearch.discovery.zen.ping.multicast.MulticastZenPing$Receiver.run(MulticastZenPing.java:366)
	at java.lang.Thread.run(Thread.java:744)
[2014-02-18 15:48:10,296][INFO ][search.facet.termsstats  ] [ShardSizeTermsStatsFacetTests#withShardSize_long]: cleaning up after test
[2014-02-18 15:48:10,297][INFO ][cluster.metadata         ] [node_0] [idx] deleting index
[2014-02-18 15:48:10,307][INFO ][search.facet.termsstats  ] [ShardSizeTermsStatsFacetTests#withShardSize_long]: cleaned up after test
[2014-02-18 15:48:10,312][INFO ][test                     ] Test withShardSize_long(org.elasticsearch.search.facet.termsstats.ShardSizeTermsStatsFacetTests) finished
[2014-02-18 15:48:10,312][INFO ][test                     ] Test withShardSize_long_singleShard(org.elasticsearch.search.facet.termsstats.ShardSizeTermsStatsFacetTests) started
[2014-02-18 15:48:10,318][INFO ][search.facet.termsstats  ] [ShardSizeTermsStatsFacetTests#withShardSize_long_singleShard]: before test
[2014-02-18 15:48:10,321][INFO ][plugins                  ] [transport_client_node_4] loaded [], sites []
[2014-02-18 15:48:10,360][INFO ][cluster.metadata         ] [node_0] [idx] creating index, cause [api], shards [2]/[0], mappings [type]
[2014-02-18 15:48:10,388][INFO ][plugins                  ] [transport_client_node_0] loaded [], sites []
[2014-02-18 15:48:10,394][INFO ][cluster.metadata         ] [node_0] [idx] update_mapping [type] (dynamic)
[2014-02-18 15:48:10,476][INFO ][search.facet.termsstats  ] [ShardSizeTermsStatsFacetTests#withShardSize_long_singleShard]: cleaning up after test
[2014-02-18 15:48:10,477][INFO ][cluster.metadata         ] [node_0] [idx] deleting index
[2014-02-18 15:48:10,487][INFO ][search.facet.termsstats  ] [ShardSizeTermsStatsFacetTests#withShardSize_long_singleShard]: cleaned up after test
[2014-02-18 15:48:10,495][INFO ][test                     ] Test withShardSize_long_singleShard(org.elasticsearch.search.facet.termsstats.ShardSizeTermsStatsFacetTests) finished
[2014-02-18 15:48:10,495][INFO ][test                     ] Test withShardSize_string(org.elasticsearch.search.facet.termsstats.ShardSizeTermsStatsFacetTests) started
[2014-02-18 15:48:10,499][INFO ][search.facet.termsstats  ] [ShardSizeTermsStatsFacetTests#withShardSize_string]: before test
[2014-02-18 15:48:10,508][INFO ][cluster.metadata         ] [node_0] [idx] creating index, cause [api], shards [2]/[0], mappings [type]
[2014-02-18 15:48:10,541][INFO ][cluster.metadata         ] [node_0] [idx] update_mapping [type] (dynamic)
[2014-02-18 15:48:10,583][WARN ][discovery.zen.ping.multicast] [node_3] failed to receive packet, throttling...
java.net.SocketException: Socket closed
	at java.net.PlainDatagramSocketImpl.peekData(Native Method)
	at java.net.DatagramSocket.receive(DatagramSocket.java:726)
	at org.elasticsearch.discovery.zen.ping.multicast.MulticastZenPing$Receiver.run(MulticastZenPing.java:366)
	at java.lang.Thread.run(Thread.java:744)
[2014-02-18 15:48:10,623][INFO ][search.facet.termsstats  ] [ShardSizeTermsStatsFacetTests#withShardSize_string]: cleaning up after test
[2014-02-18 15:48:10,624][INFO ][cluster.metadata         ] [node_0] [idx] deleting index
[2014-02-18 15:48:10,632][INFO ][search.facet.termsstats  ] [ShardSizeTermsStatsFacetTests#withShardSize_string]: cleaned up after test
[2014-02-18 15:48:10,633][INFO ][test                     ] Test withShardSize_string(org.elasticsearch.search.facet.termsstats.ShardSizeTermsStatsFacetTests) finished
[2014-02-18 15:48:10,633][INFO ][test                     ] Test withShardSize_string_singleShard(org.elasticsearch.search.facet.termsstats.ShardSizeTermsStatsFacetTests) started
[2014-02-18 15:48:10,638][INFO ][plugins                  ] [transport_client_node_4] loaded [], sites []
[2014-02-18 15:48:10,669][INFO ][search.facet.termsstats  ] [ShardSizeTermsStatsFacetTests#withShardSize_string_singleShard]: before test
[2014-02-18 15:48:10,679][INFO ][cluster.metadata         ] [node_0] [idx] creating index, cause [api], shards [2]/[0], mappings [type]
[2014-02-18 15:48:10,717][INFO ][cluster.metadata         ] [node_0] [idx] update_mapping [type] (dynamic)
[2014-02-18 15:48:10,720][WARN ][discovery.zen.ping.multicast] [node_4] failed to receive packet, throttling...
java.net.SocketException: Socket closed
	at java.net.PlainDatagramSocketImpl.peekData(Native Method)
	at java.net.DatagramSocket.receive(DatagramSocket.java:726)
	at org.elasticsearch.discovery.zen.ping.multicast.MulticastZenPing$Receiver.run(MulticastZenPing.java:366)
	at java.lang.Thread.run(Thread.java:744)
[2014-02-18 15:48:10,749][INFO ][search.facet.termsstats  ] [ShardSizeTermsStatsFacetTests#withShardSize_string_singleShard]: cleaning up after test
[2014-02-18 15:48:10,750][INFO ][cluster.metadata         ] [node_0] [idx] deleting index
[2014-02-18 15:48:10,771][INFO ][search.facet.termsstats  ] [ShardSizeTermsStatsFacetTests#withShardSize_string_singleShard]: cleaned up after test
[2014-02-18 15:48:10,775][INFO ][test                     ] Test withShardSize_string_singleShard(org.elasticsearch.search.facet.termsstats.ShardSizeTermsStatsFacetTests) finished
[2014-02-18 15:48:10,775][INFO ][test                     ] Test withShardSize_double_allTerms(org.elasticsearch.search.facet.termsstats.ShardSizeTermsStatsFacetTests) started
[2014-02-18 15:48:10,779][INFO ][plugins                  ] [transport_client_node_1] loaded [], sites []
[2014-02-18 15:48:10,806][INFO ][search.facet.termsstats  ] [ShardSizeTermsStatsFacetTests#withShardSize_double_allTerms]: before test
[2014-02-18 15:48:10,814][INFO ][cluster.metadata         ] [node_0] [idx] creating index, cause [api], shards [2]/[0], mappings [type]
[2014-02-18 15:48:10,845][INFO ][cluster.metadata         ] [node_0] [idx] update_mapping [type] (dynamic)
[2014-02-18 15:48:10,873][INFO ][search.facet.termsstats  ] [ShardSizeTermsStatsFacetTests#withShardSize_double_allTerms]: cleaning up after test
[2014-02-18 15:48:10,874][INFO ][cluster.metadata         ] [node_0] [idx] deleting index
[2014-02-18 15:48:10,881][INFO ][search.facet.termsstats  ] [ShardSizeTermsStatsFacetTests#withShardSize_double_allTerms]: cleaned up after test
[2014-02-18 15:48:10,885][INFO ][test                     ] Test withShardSize_double_allTerms(org.elasticsearch.search.facet.termsstats.ShardSizeTermsStatsFacetTests) finished
[2014-02-18 15:48:10,886][INFO ][test                     ] Test noShardSize_long(org.elasticsearch.search.facet.termsstats.ShardSizeTermsStatsFacetTests) started
[2014-02-18 15:48:10,891][INFO ][plugins                  ] [transport_client_node_2] loaded [], sites []
[2014-02-18 15:48:10,921][INFO ][plugins                  ] [transport_client_node_0] loaded [], sites []
[2014-02-18 15:48:10,956][INFO ][search.facet.termsstats  ] [ShardSizeTermsStatsFacetTests#noShardSize_long]: before test
[2014-02-18 15:48:10,967][INFO ][cluster.metadata         ] [node_0] [idx] creating index, cause [api], shards [2]/[0], mappings [type]
[2014-02-18 15:48:10,996][INFO ][plugins                  ] [transport_client_node_1] loaded [], sites []
[2014-02-18 15:48:11,041][INFO ][cluster.metadata         ] [node_0] [idx] update_mapping [type] (dynamic)
[2014-02-18 15:48:11,082][INFO ][search.facet.termsstats  ] [ShardSizeTermsStatsFacetTests#noShardSize_long]: cleaning up after test
[2014-02-18 15:48:11,083][INFO ][cluster.metadata         ] [node_0] [idx] deleting index
[2014-02-18 15:48:11,084][WARN ][discovery.zen.ping.multicast] [node_3] failed to receive packet, throttling...
java.net.SocketException: Socket closed
	at java.net.PlainDatagramSocketImpl.peekData(Native Method)
	at java.net.DatagramSocket.receive(DatagramSocket.java:726)
	at org.elasticsearch.discovery.zen.ping.multicast.MulticastZenPing$Receiver.run(MulticastZenPing.java:366)
	at java.lang.Thread.run(Thread.java:744)
[2014-02-18 15:48:11,092][INFO ][search.facet.termsstats  ] [ShardSizeTermsStatsFacetTests#noShardSize_long]: cleaned up after test
[2014-02-18 15:48:11,102][INFO ][test                     ] Test noShardSize_long(org.elasticsearch.search.facet.termsstats.ShardSizeTermsStatsFacetTests) finished
[2014-02-18 15:48:11,103][INFO ][test                     ] Test noShardSize_string(org.elasticsearch.search.facet.termsstats.ShardSizeTermsStatsFacetTests) started
[2014-02-18 15:48:11,107][INFO ][plugins                  ] [transport_client_node_0] loaded [], sites []
[2014-02-18 15:48:11,132][INFO ][search.facet.termsstats  ] [ShardSizeTermsStatsFacetTests#noShardSize_string]: before test
[2014-02-18 15:48:11,143][INFO ][cluster.metadata         ] [node_0] [idx] creating index, cause [api], shards [2]/[0], mappings [type]
[2014-02-18 15:48:11,184][INFO ][cluster.metadata         ] [node_0] [idx] update_mapping [type] (dynamic)
[2014-02-18 15:48:11,220][WARN ][discovery.zen.ping.multicast] [node_4] failed to receive packet, throttling...
java.net.SocketException: Socket closed
	at java.net.PlainDatagramSocketImpl.peekData(Native Method)
	at java.net.DatagramSocket.receive(DatagramSocket.java:726)
	at org.elasticsearch.discovery.zen.ping.multicast.MulticastZenPing$Receiver.run(MulticastZenPing.java:366)
	at java.lang.Thread.run(Thread.java:744)
[2014-02-18 15:48:11,223][INFO ][search.facet.termsstats  ] [ShardSizeTermsStatsFacetTests#noShardSize_string]: cleaning up after test
[2014-02-18 15:48:11,224][INFO ][cluster.metadata         ] [node_0] [idx] deleting index
[2014-02-18 15:48:11,234][INFO ][search.facet.termsstats  ] [ShardSizeTermsStatsFacetTests#noShardSize_string]: cleaned up after test
[2014-02-18 15:48:11,238][INFO ][test                     ] Test noShardSize_string(org.elasticsearch.search.facet.termsstats.ShardSizeTermsStatsFacetTests) finished
[2014-02-18 15:48:11,239][INFO ][test                     ] Test withShardSize_long_allTerms(org.elasticsearch.search.facet.termsstats.ShardSizeTermsStatsFacetTests) started
[2014-02-18 15:48:11,243][INFO ][plugins                  ] [transport_client_node_3] loaded [], sites []
[2014-02-18 15:48:11,279][INFO ][plugins                  ] [transport_client_node_4] loaded [], sites []
[2014-02-18 15:48:11,306][INFO ][search.facet.termsstats  ] [ShardSizeTermsStatsFacetTests#withShardSize_long_allTerms]: before test
[2014-02-18 15:48:11,314][INFO ][cluster.metadata         ] [node_0] [idx] creating index, cause [api], shards [2]/[0], mappings [type]
[2014-02-18 15:48:11,344][INFO ][plugins                  ] [transport_client_node_0] loaded [], sites []
[2014-02-18 15:48:11,349][INFO ][cluster.metadata         ] [node_0] [idx] update_mapping [type] (dynamic)
[2014-02-18 15:48:11,411][INFO ][search.facet.termsstats  ] [ShardSizeTermsStatsFacetTests#withShardSize_long_allTerms]: cleaning up after test
[2014-02-18 15:48:11,412][INFO ][cluster.metadata         ] [node_0] [idx] deleting index
[2014-02-18 15:48:11,423][INFO ][search.facet.termsstats  ] [ShardSizeTermsStatsFacetTests#withShardSize_long_allTerms]: cleaned up after test
[2014-02-18 15:48:11,434][INFO ][test                     ] Test withShardSize_long_allTerms(org.elasticsearch.search.facet.termsstats.ShardSizeTermsStatsFacetTests) finished
[2014-02-18 15:48:11,435][INFO ][test                     ] Test noShardSize_long_allTerms(org.elasticsearch.search.facet.termsstats.ShardSizeTermsStatsFacetTests) started
[2014-02-18 15:48:11,440][INFO ][plugins                  ] [transport_client_node_1] loaded [], sites []
[2014-02-18 15:48:11,474][INFO ][search.facet.termsstats  ] [ShardSizeTermsStatsFacetTests#noShardSize_long_allTerms]: before test
[2014-02-18 15:48:11,476][INFO ][plugins                  ] [transport_client_node_0] loaded [], sites []
[2014-02-18 15:48:11,510][INFO ][cluster.metadata         ] [node_0] [idx] creating index, cause [api], shards [2]/[0], mappings [type]
[2014-02-18 15:48:11,532][INFO ][plugins                  ] [transport_client_node_4] loaded [], sites []
[2014-02-18 15:48:11,539][INFO ][cluster.metadata         ] [node_0] [idx] update_mapping [type] (dynamic)
[2014-02-18 15:48:11,567][INFO ][plugins                  ] [transport_client_node_2] loaded [], sites []
[2014-02-18 15:48:11,585][WARN ][discovery.zen.ping.multicast] [node_3] failed to receive packet, throttling...
java.net.SocketException: Socket closed
	at java.net.PlainDatagramSocketImpl.peekData(Native Method)
	at java.net.DatagramSocket.receive(DatagramSocket.java:726)
	at org.elasticsearch.discovery.zen.ping.multicast.MulticastZenPing$Receiver.run(MulticastZenPing.java:366)
	at java.lang.Thread.run(Thread.java:744)
[2014-02-18 15:48:11,630][INFO ][search.facet.termsstats  ] [ShardSizeTermsStatsFacetTests#noShardSize_long_allTerms]: cleaning up after test
[2014-02-18 15:48:11,632][INFO ][cluster.metadata         ] [node_0] [idx] deleting index
[2014-02-18 15:48:11,645][INFO ][search.facet.termsstats  ] [ShardSizeTermsStatsFacetTests#noShardSize_long_allTerms]: cleaned up after test
[2014-02-18 15:48:11,659][INFO ][test                     ] Test noShardSize_long_allTerms(org.elasticsearch.search.facet.termsstats.ShardSizeTermsStatsFacetTests) finished
[2014-02-18 15:48:11,660][INFO ][test                     ] Test withShardSize_double_singleShard(org.elasticsearch.search.facet.termsstats.ShardSizeTermsStatsFacetTests) started
[2014-02-18 15:48:11,665][INFO ][search.facet.termsstats  ] [ShardSizeTermsStatsFacetTests#withShardSize_double_singleShard]: before test
[2014-02-18 15:48:11,674][INFO ][cluster.metadata         ] [node_0] [idx] creating index, cause [api], shards [2]/[0], mappings [type]
[2014-02-18 15:48:11,713][INFO ][cluster.metadata         ] [node_0] [idx] update_mapping [type] (dynamic)
[2014-02-18 15:48:11,721][WARN ][discovery.zen.ping.multicast] [node_4] failed to receive packet, throttling...
java.net.SocketException: Socket closed
	at java.net.PlainDatagramSocketImpl.peekData(Native Method)
	at java.net.DatagramSocket.receive(DatagramSocket.java:726)
	at org.elasticsearch.discovery.zen.ping.multicast.MulticastZenPing$Receiver.run(MulticastZenPing.java:366)
	at java.lang.Thread.run(Thread.java:744)
[2014-02-18 15:48:11,746][INFO ][search.facet.termsstats  ] [ShardSizeTermsStatsFacetTests#withShardSize_double_singleShard]: cleaning up after test
[2014-02-18 15:48:11,747][INFO ][cluster.metadata         ] [node_0] [idx] deleting index
[2014-02-18 15:48:11,755][INFO ][search.facet.termsstats  ] [ShardSizeTermsStatsFacetTests#withShardSize_double_singleShard]: cleaned up after test
[2014-02-18 15:48:11,756][INFO ][test                     ] Test withShardSize_double_singleShard(org.elasticsearch.search.facet.termsstats.ShardSizeTermsStatsFacetTests) finished
[2014-02-18 15:48:11,756][INFO ][test                     ] Test noShardSize_double(org.elasticsearch.search.facet.termsstats.ShardSizeTermsStatsFacetTests) started
[2014-02-18 15:48:11,760][INFO ][plugins                  ] [transport_client_node_1] loaded [], sites []
[2014-02-18 15:48:11,797][INFO ][search.facet.termsstats  ] [ShardSizeTermsStatsFacetTests#noShardSize_double]: before test
[2014-02-18 15:48:11,806][INFO ][cluster.metadata         ] [node_0] [idx] creating index, cause [api], shards [2]/[0], mappings [type]
[2014-02-18 15:48:11,830][INFO ][plugins                  ] [transport_client_node_3] loaded [], sites []
[2014-02-18 15:48:11,837][INFO ][cluster.metadata         ] [node_0] [idx] update_mapping [type] (dynamic)
[2014-02-18 15:48:11,903][INFO ][search.facet.termsstats  ] [ShardSizeTermsStatsFacetTests#noShardSize_double]: cleaning up after test
[2014-02-18 15:48:11,905][INFO ][cluster.metadata         ] [node_0] [idx] deleting index
[2014-02-18 15:48:11,914][INFO ][search.facet.termsstats  ] [ShardSizeTermsStatsFacetTests#noShardSize_double]: cleaned up after test
[2014-02-18 15:48:11,923][INFO ][test                     ] Test noShardSize_double(org.elasticsearch.search.facet.termsstats.ShardSizeTermsStatsFacetTests) finished
[2014-02-18 15:48:11,924][INFO ][test                     ] Test withShardSize_string_allTerms(org.elasticsearch.search.facet.termsstats.ShardSizeTermsStatsFacetTests) started
[2014-02-18 15:48:11,928][INFO ][plugins                  ] [transport_client_node_3] loaded [], sites []
[2014-02-18 15:48:11,962][INFO ][plugins                  ] [transport_client_node_4] loaded [], sites []
[2014-02-18 15:48:12,001][INFO ][search.facet.termsstats  ] [ShardSizeTermsStatsFacetTests#withShardSize_string_allTerms]: before test
[2014-02-18 15:48:12,003][INFO ][plugins                  ] [transport_client_node_1] loaded [], sites []
[2014-02-18 15:48:12,039][INFO ][cluster.metadata         ] [node_0] [idx] creating index, cause [api], shards [2]/[0], mappings [type]
[2014-02-18 15:48:12,060][INFO ][plugins                  ] [transport_client_node_0] loaded [], sites []
[2014-02-18 15:48:12,087][WARN ][discovery.zen.ping.multicast] [node_3] failed to receive packet, throttling...
java.net.SocketException: Socket closed
	at java.net.PlainDatagramSocketImpl.peekData(Native Method)
	at java.net.DatagramSocket.receive(DatagramSocket.java:726)
	at org.elasticsearch.discovery.zen.ping.multicast.MulticastZenPing$Receiver.run(MulticastZenPing.java:366)
	at java.lang.Thread.run(Thread.java:744)
[2014-02-18 15:48:12,096][INFO ][cluster.metadata         ] [node_0] [idx] update_mapping [type] (dynamic)
[2014-02-18 15:48:12,150][INFO ][search.facet.termsstats  ] [ShardSizeTermsStatsFacetTests#withShardSize_string_allTerms]: cleaning up after test
[2014-02-18 15:48:12,153][INFO ][cluster.metadata         ] [node_0] [idx] deleting index
[2014-02-18 15:48:12,166][INFO ][search.facet.termsstats  ] [ShardSizeTermsStatsFacetTests#withShardSize_string_allTerms]: cleaned up after test
[2014-02-18 15:48:12,190][INFO ][test                     ] Test withShardSize_string_allTerms(org.elasticsearch.search.facet.termsstats.ShardSizeTermsStatsFacetTests) finished
[2014-02-18 15:48:12,190][INFO ][test                     ] Test withShardSize_double(org.elasticsearch.search.facet.termsstats.ShardSizeTermsStatsFacetTests) started
[2014-02-18 15:48:12,199][INFO ][plugins                  ] [transport_client_node_4] loaded [], sites []
[2014-02-18 15:48:12,222][WARN ][discovery.zen.ping.multicast] [node_4] failed to receive packet, throttling...
java.net.SocketException: Socket closed
	at java.net.PlainDatagramSocketImpl.peekData(Native Method)
	at java.net.DatagramSocket.receive(DatagramSocket.java:726)
	at org.elasticsearch.discovery.zen.ping.multicast.MulticastZenPing$Receiver.run(MulticastZenPing.java:366)
	at java.lang.Thread.run(Thread.java:744)
[2014-02-18 15:48:12,234][INFO ][search.facet.termsstats  ] [ShardSizeTermsStatsFacetTests#withShardSize_double]: before test
[2014-02-18 15:48:12,244][INFO ][cluster.metadata         ] [node_0] [idx] creating index, cause [api], shards [2]/[0], mappings [type]
[2014-02-18 15:48:12,274][INFO ][plugins                  ] [transport_client_node_1] loaded [], sites []
[2014-02-18 15:48:12,278][INFO ][cluster.metadata         ] [node_0] [idx] update_mapping [type] (dynamic)
[2014-02-18 15:48:12,346][INFO ][search.facet.termsstats  ] [ShardSizeTermsStatsFacetTests#withShardSize_double]: cleaning up after test
[2014-02-18 15:48:12,347][INFO ][cluster.metadata         ] [node_0] [idx] deleting index
[2014-02-18 15:48:12,356][INFO ][search.facet.termsstats  ] [ShardSizeTermsStatsFacetTests#withShardSize_double]: cleaned up after test
[2014-02-18 15:48:12,363][INFO ][test                     ] Test withShardSize_double(org.elasticsearch.search.facet.termsstats.ShardSizeTermsStatsFacetTests) finished
]]></system-out>
   <system-err><![CDATA[]]></system-err>
</testsuite>