<testsuite errors="0" failures="0" tests="17" skipped="0" name="org.elasticsearch.action.suggest.SuggestActionTests" hostname="nohost.nodomain" time="14.067" timestamp="2014-02-18T16:05:37">
   <properties class="java.util.ArrayList">
      <property name="awt.toolkit" value="sun.lwawt.macosx.LWCToolkit"/>
      <property name="es.logger.level" value="INFO"/>
      <property name="es.logger.prefix" value=""/>
      <property name="es.node.local" value=""/>
      <property name="es.node.mode" value=""/>
      <property name="file.encoding" value="UTF-8"/>
      <property name="file.encoding.pkg" value="sun.io"/>
      <property name="file.separator" value="/"/>
      <property name="ftp.nonProxyHosts" value="local|*.local|169.254/16|*.169.254/16"/>
      <property name="gopherProxySet" value="false"/>
      <property name="http.nonProxyHosts" value="local|*.local|169.254/16|*.169.254/16"/>
      <property name="java.awt.graphicsenv" value="sun.awt.CGraphicsEnvironment"/>
      <property name="java.awt.headless" value="true"/>
      <property name="java.awt.printerjob" value="sun.lwawt.macosx.CPrinterJob"/>
      <property name="java.class.path" value="/Users/bhwang/elasticsearch/target/test-classes:/Users/bhwang/elasticsearch/target/classes:/Users/bhwang/.m2/repository/org/hamcrest/hamcrest-all/1.3/hamcrest-all-1.3.jar:/Users/bhwang/.m2/repository/com/carrotsearch/randomizedtesting/randomizedtesting-runner/2.0.15/randomizedtesting-runner-2.0.15.jar:/Users/bhwang/.m2/repository/junit/junit/4.10/junit-4.10.jar:/Users/bhwang/.m2/repository/org/apache/lucene/lucene-test-framework/4.6.1/lucene-test-framework-4.6.1.jar:/Users/bhwang/.m2/repository/org/apache/lucene/lucene-expressions/4.6.1/lucene-expressions-4.6.1.jar:/Users/bhwang/.m2/repository/org/antlr/antlr-runtime/3.5/antlr-runtime-3.5.jar:/Users/bhwang/.m2/repository/org/ow2/asm/asm/4.1/asm-4.1.jar:/Users/bhwang/.m2/repository/org/ow2/asm/asm-commons/4.1/asm-commons-4.1.jar:/Users/bhwang/.m2/repository/org/apache/httpcomponents/httpclient/4.3.1/httpclient-4.3.1.jar:/Users/bhwang/.m2/repository/org/apache/httpcomponents/httpcore/4.3/httpcore-4.3.jar:/Users/bhwang/.m2/repository/commons-logging/commons-logging/1.1.3/commons-logging-1.1.3.jar:/Users/bhwang/.m2/repository/commons-codec/commons-codec/1.6/commons-codec-1.6.jar:/Users/bhwang/.m2/repository/org/apache/lucene/lucene-core/4.6.1/lucene-core-4.6.1.jar:/Users/bhwang/.m2/repository/org/apache/lucene/lucene-analyzers-common/4.6.1/lucene-analyzers-common-4.6.1.jar:/Users/bhwang/.m2/repository/org/apache/lucene/lucene-codecs/4.6.1/lucene-codecs-4.6.1.jar:/Users/bhwang/.m2/repository/org/apache/lucene/lucene-queries/4.6.1/lucene-queries-4.6.1.jar:/Users/bhwang/.m2/repository/org/apache/lucene/lucene-memory/4.6.1/lucene-memory-4.6.1.jar:/Users/bhwang/.m2/repository/org/apache/lucene/lucene-highlighter/4.6.1/lucene-highlighter-4.6.1.jar:/Users/bhwang/.m2/repository/org/apache/lucene/lucene-queryparser/4.6.1/lucene-queryparser-4.6.1.jar:/Users/bhwang/.m2/repository/org/apache/lucene/lucene-sandbox/4.6.1/lucene-sandbox-4.6.1.jar:/Users/bhwang/.m2/repository/org/apache/lucene/lucene-suggest/4.6.1/lucene-suggest-4.6.1.jar:/Users/bhwang/.m2/repository/org/apache/lucene/lucene-misc/4.6.1/lucene-misc-4.6.1.jar:/Users/bhwang/.m2/repository/org/apache/lucene/lucene-join/4.6.1/lucene-join-4.6.1.jar:/Users/bhwang/.m2/repository/org/apache/lucene/lucene-grouping/4.6.1/lucene-grouping-4.6.1.jar:/Users/bhwang/.m2/repository/org/apache/lucene/lucene-spatial/4.6.1/lucene-spatial-4.6.1.jar:/Users/bhwang/.m2/repository/com/spatial4j/spatial4j/0.3/spatial4j-0.3.jar:/Users/bhwang/.m2/repository/com/vividsolutions/jts/1.12/jts-1.12.jar:/Users/bhwang/.m2/repository/com/google/guava/guava/16.0/guava-16.0.jar:/Users/bhwang/.m2/repository/com/carrotsearch/hppc/0.5.3/hppc-0.5.3.jar:/Users/bhwang/.m2/repository/joda-time/joda-time/2.3/joda-time-2.3.jar:/Users/bhwang/.m2/repository/org/joda/joda-convert/1.2/joda-convert-1.2.jar:/Users/bhwang/.m2/repository/org/mvel/mvel2/2.1.5.Final/mvel2-2.1.5.Final.jar:/Users/bhwang/.m2/repository/com/fasterxml/jackson/core/jackson-core/2.3.0/jackson-core-2.3.0.jar:/Users/bhwang/.m2/repository/com/fasterxml/jackson/dataformat/jackson-dataformat-smile/2.3.0/jackson-dataformat-smile-2.3.0.jar:/Users/bhwang/.m2/repository/com/fasterxml/jackson/dataformat/jackson-dataformat-yaml/2.3.0/jackson-dataformat-yaml-2.3.0.jar:/Users/bhwang/.m2/repository/io/netty/netty/3.9.0.Final/netty-3.9.0.Final.jar:/Users/bhwang/.m2/repository/com/ning/compress-lzf/0.9.6/compress-lzf-0.9.6.jar:/Users/bhwang/.m2/repository/log4j/log4j/1.2.17/log4j-1.2.17.jar:/Users/bhwang/.m2/repository/org/slf4j/slf4j-api/1.6.2/slf4j-api-1.6.2.jar:/Users/bhwang/.m2/repository/net/java/dev/jna/jna/3.3.0/jna-3.3.0.jar:/Users/bhwang/.m2/repository/org/fusesource/sigar/1.6.4/sigar-1.6.4.jar:/Users/bhwang/.m2/repository/com/carrotsearch/randomizedtesting/junit4-ant/2.0.15/junit4-ant-2.0.15.jar"/>
      <property name="java.class.version" value="51.0"/>
      <property name="java.endorsed.dirs" value="/Library/Java/JavaVirtualMachines/jdk1.7.0_45.jdk/Contents/Home/jre/lib/endorsed"/>
      <property name="java.ext.dirs" value="/Users/bhwang/Library/Java/Extensions:/Library/Java/JavaVirtualMachines/jdk1.7.0_45.jdk/Contents/Home/jre/lib/ext:/Library/Java/Extensions:/Network/Library/Java/Extensions:/System/Library/Java/Extensions:/usr/lib/java"/>
      <property name="java.home" value="/Library/Java/JavaVirtualMachines/jdk1.7.0_45.jdk/Contents/Home/jre"/>
      <property name="java.io.tmpdir" value="."/>
      <property name="java.library.path" value="/Users/bhwang/Library/Java/Extensions:/Library/Java/Extensions:/Network/Library/Java/Extensions:/System/Library/Java/Extensions:/usr/lib/java:."/>
      <property name="java.runtime.name" value="Java(TM) SE Runtime Environment"/>
      <property name="java.runtime.version" value="1.7.0_45-b18"/>
      <property name="java.security.policy" value="/Users/bhwang/elasticsearch/dev-tools/tests.policy"/>
      <property name="java.specification.name" value="Java Platform API Specification"/>
      <property name="java.specification.vendor" value="Oracle Corporation"/>
      <property name="java.specification.version" value="1.7"/>
      <property name="java.vendor" value="Oracle Corporation"/>
      <property name="java.vendor.url" value="http://java.oracle.com/"/>
      <property name="java.vendor.url.bug" value="http://bugreport.sun.com/bugreport/"/>
      <property name="java.version" value="1.7.0_45"/>
      <property name="java.vm.info" value="mixed mode"/>
      <property name="java.vm.name" value="Java HotSpot(TM) 64-Bit Server VM"/>
      <property name="java.vm.specification.name" value="Java Virtual Machine Specification"/>
      <property name="java.vm.specification.vendor" value="Oracle Corporation"/>
      <property name="java.vm.specification.version" value="1.7"/>
      <property name="java.vm.vendor" value="Oracle Corporation"/>
      <property name="java.vm.version" value="24.45-b08"/>
      <property name="junit4.childvm.cwd" value="/Users/bhwang/elasticsearch/target/J0"/>
      <property name="junit4.childvm.id" value="0"/>
      <property name="junit4.memory.total" value="128974848"/>
      <property name="junit4.pidString" value="6815@Bills-MacBook-Pro.local"/>
      <property name="junit4.processors" value="4"/>
      <property name="junit4.tempDir" value="/Users/bhwang/elasticsearch/target"/>
      <property name="line.separator" value="
"/>
      <property name="os.arch" value="x86_64"/>
      <property name="os.name" value="Mac OS X"/>
      <property name="os.version" value="10.9.1"/>
      <property name="path.separator" value=":"/>
      <property name="socksNonProxyHosts" value="local|*.local|169.254/16|*.169.254/16"/>
      <property name="sun.arch.data.model" value="64"/>
      <property name="sun.boot.class.path" value="/Library/Java/JavaVirtualMachines/jdk1.7.0_45.jdk/Contents/Home/jre/lib/resources.jar:/Library/Java/JavaVirtualMachines/jdk1.7.0_45.jdk/Contents/Home/jre/lib/rt.jar:/Library/Java/JavaVirtualMachines/jdk1.7.0_45.jdk/Contents/Home/jre/lib/sunrsasign.jar:/Library/Java/JavaVirtualMachines/jdk1.7.0_45.jdk/Contents/Home/jre/lib/jsse.jar:/Library/Java/JavaVirtualMachines/jdk1.7.0_45.jdk/Contents/Home/jre/lib/jce.jar:/Library/Java/JavaVirtualMachines/jdk1.7.0_45.jdk/Contents/Home/jre/lib/charsets.jar:/Library/Java/JavaVirtualMachines/jdk1.7.0_45.jdk/Contents/Home/jre/lib/jfr.jar:/Library/Java/JavaVirtualMachines/jdk1.7.0_45.jdk/Contents/Home/jre/lib/JObjC.jar:/Library/Java/JavaVirtualMachines/jdk1.7.0_45.jdk/Contents/Home/jre/classes"/>
      <property name="sun.boot.library.path" value="/Library/Java/JavaVirtualMachines/jdk1.7.0_45.jdk/Contents/Home/jre/lib"/>
      <property name="sun.cpu.endian" value="little"/>
      <property name="sun.cpu.isalist" value=""/>
      <property name="sun.io.unicode.encoding" value="UnicodeBig"/>
      <property name="sun.java.command" value="com.carrotsearch.ant.tasks.junit4.slave.SlaveMainSafe -flush -eventsfile /Users/bhwang/elasticsearch/target/junit4-J0-20140218_153326_767.events @/Users/bhwang/elasticsearch/target/junit4-J0-20140218_153326_767.suites -stdin"/>
      <property name="sun.java.launcher" value="SUN_STANDARD"/>
      <property name="sun.jnu.encoding" value="UTF-8"/>
      <property name="sun.management.compiler" value="HotSpot 64-Bit Tiered Compilers"/>
      <property name="sun.os.patch.level" value="unknown"/>
      <property name="tests.appendseed" value=""/>
      <property name="tests.assertion.disabled" value=""/>
      <property name="tests.awaitsfix" value=""/>
      <property name="tests.badapples" value=""/>
      <property name="tests.class" value=""/>
      <property name="tests.client.ratio" value=""/>
      <property name="tests.cluster_seed" value=""/>
      <property name="tests.enable_mock_modules" value=""/>
      <property name="tests.failfast" value=""/>
      <property name="tests.integration" value=""/>
      <property name="tests.iters" value=""/>
      <property name="tests.jvm.argline" value=""/>
      <property name="tests.maxfailures" value=""/>
      <property name="tests.method" value=""/>
      <property name="tests.network" value=""/>
      <property name="tests.nightly" value=""/>
      <property name="tests.prefix" value="tests"/>
      <property name="tests.rest" value=""/>
      <property name="tests.rest.spec" value=""/>
      <property name="tests.rest.suite" value=""/>
      <property name="tests.security.manager" value=""/>
      <property name="tests.seed" value="A89B4FF56754358E"/>
      <property name="tests.showSuccess" value=""/>
      <property name="tests.slow" value=""/>
      <property name="tests.timeoutSuite" value=""/>
      <property name="tests.weekly" value=""/>
      <property name="user.country" value="US"/>
      <property name="user.dir" value="/Users/bhwang/elasticsearch/target/J0"/>
      <property name="user.home" value="/Users/bhwang"/>
      <property name="user.language" value="en"/>
      <property name="user.name" value="bhwang"/>
      <property name="user.timezone" value=""/>
   </properties>
   <testcase classname="org.elasticsearch.action.suggest.SuggestActionTests" name="testStopwordsOnlyPhraseSuggest" time="0.141"/>
   <testcase classname="org.elasticsearch.action.suggest.SuggestActionTests" name="testSizePararm" time="0.365"/>
   <testcase classname="org.elasticsearch.action.suggest.SuggestActionTests" name="testPhraseBoundaryCases" time="4.892"/>
   <testcase classname="org.elasticsearch.action.suggest.SuggestActionTests" name="testSuggestModes" time="0.212"/>
   <testcase classname="org.elasticsearch.action.suggest.SuggestActionTests" name="testSuggestAcrossMultipleIndices" time="0.757"/>
   <testcase classname="org.elasticsearch.action.suggest.SuggestActionTests" name="testPrefixLength" time="0.224"/>
   <testcase classname="org.elasticsearch.action.suggest.SuggestActionTests" name="testEmptyShards" time="0.218"/>
   <testcase classname="org.elasticsearch.action.suggest.SuggestActionTests" name="testSearchForRarePhrase" time="0.869"/>
   <testcase classname="org.elasticsearch.action.suggest.SuggestActionTests" name="testSizeAndSort" time="0.462"/>
   <testcase classname="org.elasticsearch.action.suggest.SuggestActionTests" name="testMarvelHerosPhraseSuggest" time="4.196"/>
   <testcase classname="org.elasticsearch.action.suggest.SuggestActionTests" name="testShardFailures" time="0.631"/>
   <testcase classname="org.elasticsearch.action.suggest.SuggestActionTests" name="testWithMultipleCommands" time="0.221"/>
   <testcase classname="org.elasticsearch.action.suggest.SuggestActionTests" name="testSizeOneShard" time="0.178"/>
   <testcase classname="org.elasticsearch.action.suggest.SuggestActionTests" name="testSimple" time="0.161"/>
   <testcase classname="org.elasticsearch.action.suggest.SuggestActionTests" name="testDifferentShardSize" time="0.116"/>
   <testcase classname="org.elasticsearch.action.suggest.SuggestActionTests" name="testEmpty" time="0.168"/>
   <testcase classname="org.elasticsearch.action.suggest.SuggestActionTests" name="testUnmappedField" time="0.236"/>
   <system-out><![CDATA[[2014-02-18 16:05:37,087][INFO ][test                     ] Test testStopwordsOnlyPhraseSuggest(org.elasticsearch.action.suggest.SuggestActionTests) started
[2014-02-18 16:05:37,091][INFO ][plugins                  ] [transport_client_node_0] loaded [], sites []
[2014-02-18 16:05:37,118][INFO ][plugins                  ] [transport_client_node_1] loaded [], sites []
[2014-02-18 16:05:37,142][INFO ][action.suggest           ] [SuggestActionTests#testStopwordsOnlyPhraseSuggest]: before test
[2014-02-18 16:05:37,143][INFO ][plugins                  ] [transport_client_node_2] loaded [], sites []
[2014-02-18 16:05:37,171][INFO ][cluster.metadata         ] [node_0] [test] creating index, cause [api], shards [1]/[0], mappings []
[2014-02-18 16:05:37,201][INFO ][cluster.metadata         ] [node_0] [test] update_mapping [typ1] (dynamic)
[2014-02-18 16:05:37,207][INFO ][action.suggest           ] [SuggestActionTests#testStopwordsOnlyPhraseSuggest]: cleaning up after test
[2014-02-18 16:05:37,208][INFO ][cluster.metadata         ] [node_0] [test] deleting index
[2014-02-18 16:05:37,219][INFO ][action.suggest           ] [SuggestActionTests#testStopwordsOnlyPhraseSuggest]: cleaned up after test
[2014-02-18 16:05:37,228][INFO ][test                     ] Test testStopwordsOnlyPhraseSuggest(org.elasticsearch.action.suggest.SuggestActionTests) finished
[2014-02-18 16:05:37,228][INFO ][test                     ] Test testSizePararm(org.elasticsearch.action.suggest.SuggestActionTests) started
[2014-02-18 16:05:37,231][INFO ][plugins                  ] [transport_client_node_2] loaded [], sites []
[2014-02-18 16:05:37,253][INFO ][plugins                  ] [transport_client_node_0] loaded [], sites []
[2014-02-18 16:05:37,276][INFO ][action.suggest           ] [SuggestActionTests#testSizePararm]: before test
[2014-02-18 16:05:37,289][INFO ][cluster.metadata         ] [node_0] [test] creating index, cause [api], shards [1]/[1], mappings [type1]
[2014-02-18 16:05:37,573][INFO ][action.suggest           ] [SuggestActionTests#testSizePararm]: cleaning up after test
[2014-02-18 16:05:37,574][INFO ][cluster.metadata         ] [node_0] [test] deleting index
[2014-02-18 16:05:37,585][INFO ][action.suggest           ] [SuggestActionTests#testSizePararm]: cleaned up after test
[2014-02-18 16:05:37,592][INFO ][test                     ] Test testSizePararm(org.elasticsearch.action.suggest.SuggestActionTests) finished
[2014-02-18 16:05:37,593][INFO ][test                     ] Test testPhraseBoundaryCases(org.elasticsearch.action.suggest.SuggestActionTests) started
[2014-02-18 16:05:37,597][INFO ][plugins                  ] [transport_client_node_0] loaded [], sites []
[2014-02-18 16:05:37,622][INFO ][action.suggest           ] [SuggestActionTests#testPhraseBoundaryCases]: before test
[2014-02-18 16:05:37,641][INFO ][cluster.metadata         ] [node_0] [test] creating index, cause [api], shards [5]/[1], mappings [type1]
[2014-02-18 16:05:37,701][INFO ][plugins                  ] [transport_client_node_1] loaded [], sites []
[2014-02-18 16:05:42,365][INFO ][action.suggest           ] [SuggestActionTests#testPhraseBoundaryCases]: cleaning up after test
[2014-02-18 16:05:42,366][INFO ][cluster.metadata         ] [node_0] [test] deleting index
[2014-02-18 16:05:42,475][INFO ][action.suggest           ] [SuggestActionTests#testPhraseBoundaryCases]: cleaned up after test
[2014-02-18 16:05:42,484][INFO ][test                     ] Test testPhraseBoundaryCases(org.elasticsearch.action.suggest.SuggestActionTests) finished
[2014-02-18 16:05:42,485][INFO ][test                     ] Test testSuggestModes(org.elasticsearch.action.suggest.SuggestActionTests) started
[2014-02-18 16:05:42,490][INFO ][plugins                  ] [transport_client_node_1] loaded [], sites []
[2014-02-18 16:05:42,525][INFO ][plugins                  ] [transport_client_node_0] loaded [], sites []
[2014-02-18 16:05:42,548][INFO ][plugins                  ] [transport_client_node_2] loaded [], sites []
[2014-02-18 16:05:42,593][INFO ][action.suggest           ] [SuggestActionTests#testSuggestModes]: before test
[2014-02-18 16:05:42,607][INFO ][cluster.metadata         ] [node_0] [test] creating index, cause [api], shards [1]/[0], mappings [type1]
[2014-02-18 16:05:42,664][INFO ][action.suggest           ] [SuggestActionTests#testSuggestModes]: cleaning up after test
[2014-02-18 16:05:42,665][INFO ][cluster.metadata         ] [node_0] [test] deleting index
[2014-02-18 16:05:42,681][INFO ][action.suggest           ] [SuggestActionTests#testSuggestModes]: cleaned up after test
[2014-02-18 16:05:42,696][INFO ][test                     ] Test testSuggestModes(org.elasticsearch.action.suggest.SuggestActionTests) finished
[2014-02-18 16:05:42,697][INFO ][test                     ] Test testSuggestAcrossMultipleIndices(org.elasticsearch.action.suggest.SuggestActionTests) started
[2014-02-18 16:05:42,701][INFO ][action.suggest           ] [SuggestActionTests#testSuggestAcrossMultipleIndices]: before test
[2014-02-18 16:05:42,708][INFO ][cluster.metadata         ] [node_0] [test] creating index, cause [api], shards [4]/[1], mappings []
[2014-02-18 16:05:42,997][INFO ][cluster.metadata         ] [node_0] [test] update_mapping [type1] (dynamic)
[2014-02-18 16:05:43,011][INFO ][plugins                  ] [transport_client_node_1] loaded [], sites []
[2014-02-18 16:05:43,170][INFO ][action.suggest           ] --> run suggestions with one index
[2014-02-18 16:05:43,184][INFO ][cluster.metadata         ] [node_0] [test_1] creating index, cause [api], shards [1]/[0], mappings []
[2014-02-18 16:05:43,215][INFO ][cluster.metadata         ] [node_0] [test_1] update_mapping [type1] (dynamic)
[2014-02-18 16:05:43,221][INFO ][action.suggest           ] --> run suggestions with two indices
[2014-02-18 16:05:43,231][INFO ][cluster.metadata         ] [node_0] [test_2] creating index, cause [api], shards [5]/[0], mappings [type1]
[2014-02-18 16:05:43,335][INFO ][action.suggest           ] --> run suggestions with three indices
[2014-02-18 16:05:43,343][INFO ][action.suggest           ] --> run suggestions with four indices
[2014-02-18 16:05:43,348][INFO ][action.suggest           ] [SuggestActionTests#testSuggestAcrossMultipleIndices]: cleaning up after test
[2014-02-18 16:05:43,348][INFO ][cluster.metadata         ] [node_0] [test_2] deleting index
[2014-02-18 16:05:43,370][INFO ][cluster.metadata         ] [node_0] [test] deleting index
[2014-02-18 16:05:43,436][INFO ][cluster.metadata         ] [node_0] [test_1] deleting index
[2014-02-18 16:05:43,449][INFO ][action.suggest           ] [SuggestActionTests#testSuggestAcrossMultipleIndices]: cleaned up after test
[2014-02-18 16:05:43,454][INFO ][test                     ] Test testSuggestAcrossMultipleIndices(org.elasticsearch.action.suggest.SuggestActionTests) finished
[2014-02-18 16:05:43,454][INFO ][test                     ] Test testPrefixLength(org.elasticsearch.action.suggest.SuggestActionTests) started
[2014-02-18 16:05:43,459][INFO ][plugins                  ] [transport_client_node_0] loaded [], sites []
[2014-02-18 16:05:43,493][INFO ][plugins                  ] [transport_client_node_1] loaded [], sites []
[2014-02-18 16:05:43,523][INFO ][action.suggest           ] [SuggestActionTests#testPrefixLength]: before test
[2014-02-18 16:05:43,535][INFO ][cluster.metadata         ] [node_0] [test] creating index, cause [api], shards [1]/[0], mappings [type1]
[2014-02-18 16:05:43,610][INFO ][plugins                  ] [transport_client_node_2] loaded [], sites []
[2014-02-18 16:05:43,657][INFO ][action.suggest           ] [SuggestActionTests#testPrefixLength]: cleaning up after test
[2014-02-18 16:05:43,659][INFO ][cluster.metadata         ] [node_0] [test] deleting index
[2014-02-18 16:05:43,669][INFO ][action.suggest           ] [SuggestActionTests#testPrefixLength]: cleaned up after test
[2014-02-18 16:05:43,678][INFO ][test                     ] Test testPrefixLength(org.elasticsearch.action.suggest.SuggestActionTests) finished
[2014-02-18 16:05:43,679][INFO ][test                     ] Test testEmptyShards(org.elasticsearch.action.suggest.SuggestActionTests) started
[2014-02-18 16:05:43,682][INFO ][plugins                  ] [transport_client_node_0] loaded [], sites []
[2014-02-18 16:05:43,704][INFO ][plugins                  ] [transport_client_node_1] loaded [], sites []
[2014-02-18 16:05:43,728][INFO ][action.suggest           ] [SuggestActionTests#testEmptyShards]: before test
[2014-02-18 16:05:43,737][INFO ][cluster.metadata         ] [node_0] [test] creating index, cause [api], shards [5]/[0], mappings [type1]
[2014-02-18 16:05:43,796][INFO ][cluster.metadata         ] [node_0] [test] update_mapping [type2] (dynamic)
[2014-02-18 16:05:43,803][INFO ][plugins                  ] [transport_client_node_2] loaded [], sites []
[2014-02-18 16:05:43,861][INFO ][action.suggest           ] [SuggestActionTests#testEmptyShards]: cleaning up after test
[2014-02-18 16:05:43,863][INFO ][cluster.metadata         ] [node_0] [test] deleting index
[2014-02-18 16:05:43,884][INFO ][action.suggest           ] [SuggestActionTests#testEmptyShards]: cleaned up after test
[2014-02-18 16:05:43,897][INFO ][test                     ] Test testEmptyShards(org.elasticsearch.action.suggest.SuggestActionTests) finished
[2014-02-18 16:05:43,897][INFO ][test                     ] Test testSearchForRarePhrase(org.elasticsearch.action.suggest.SuggestActionTests) started
[2014-02-18 16:05:43,901][INFO ][plugins                  ] [transport_client_node_0] loaded [], sites []
[2014-02-18 16:05:43,926][INFO ][plugins                  ] [transport_client_node_1] loaded [], sites []
[2014-02-18 16:05:43,950][INFO ][plugins                  ] [transport_client_node_2] loaded [], sites []
[2014-02-18 16:05:43,985][INFO ][action.suggest           ] [SuggestActionTests#testSearchForRarePhrase]: before test
[2014-02-18 16:05:43,998][INFO ][cluster.metadata         ] [node_0] [test] creating index, cause [api], shards [2]/[2], mappings [type1]
[2014-02-18 16:05:44,730][INFO ][action.suggest           ] [SuggestActionTests#testSearchForRarePhrase]: cleaning up after test
[2014-02-18 16:05:44,732][INFO ][cluster.metadata         ] [node_0] [test] deleting index
[2014-02-18 16:05:44,757][INFO ][action.suggest           ] [SuggestActionTests#testSearchForRarePhrase]: cleaned up after test
[2014-02-18 16:05:44,766][INFO ][test                     ] Test testSearchForRarePhrase(org.elasticsearch.action.suggest.SuggestActionTests) finished
[2014-02-18 16:05:44,767][INFO ][test                     ] Test testSizeAndSort(org.elasticsearch.action.suggest.SuggestActionTests) started
[2014-02-18 16:05:44,770][INFO ][plugins                  ] [transport_client_node_2] loaded [], sites []
[2014-02-18 16:05:44,792][INFO ][plugins                  ] [transport_client_node_1] loaded [], sites []
[2014-02-18 16:05:44,817][INFO ][action.suggest           ] [SuggestActionTests#testSizeAndSort]: before test
[2014-02-18 16:05:44,832][INFO ][cluster.metadata         ] [node_0] [test] creating index, cause [api], shards [5]/[0], mappings []
[2014-02-18 16:05:44,937][INFO ][cluster.metadata         ] [node_0] [test] update_mapping [type1] (dynamic)
[2014-02-18 16:05:45,193][INFO ][action.suggest           ] [SuggestActionTests#testSizeAndSort]: cleaning up after test
[2014-02-18 16:05:45,194][INFO ][cluster.metadata         ] [node_0] [test] deleting index
[2014-02-18 16:05:45,223][INFO ][action.suggest           ] [SuggestActionTests#testSizeAndSort]: cleaned up after test
[2014-02-18 16:05:45,229][INFO ][test                     ] Test testSizeAndSort(org.elasticsearch.action.suggest.SuggestActionTests) finished
[2014-02-18 16:05:45,229][INFO ][test                     ] Test testMarvelHerosPhraseSuggest(org.elasticsearch.action.suggest.SuggestActionTests) started
[2014-02-18 16:05:45,233][INFO ][plugins                  ] [transport_client_node_1] loaded [], sites []
[2014-02-18 16:05:45,256][INFO ][plugins                  ] [transport_client_node_2] loaded [], sites []
[2014-02-18 16:05:45,279][INFO ][action.suggest           ] [SuggestActionTests#testMarvelHerosPhraseSuggest]: before test
[2014-02-18 16:05:45,290][INFO ][cluster.metadata         ] [node_0] [test] creating index, cause [api], shards [5]/[1], mappings [type1]
[2014-02-18 16:05:45,356][INFO ][plugins                  ] [transport_client_node_0] loaded [], sites []
[2014-02-18 16:05:49,354][INFO ][action.suggest           ] [SuggestActionTests#testMarvelHerosPhraseSuggest]: cleaning up after test
[2014-02-18 16:05:49,355][INFO ][cluster.metadata         ] [node_0] [test] deleting index
[2014-02-18 16:05:49,414][INFO ][action.suggest           ] [SuggestActionTests#testMarvelHerosPhraseSuggest]: cleaned up after test
[2014-02-18 16:05:49,424][INFO ][test                     ] Test testMarvelHerosPhraseSuggest(org.elasticsearch.action.suggest.SuggestActionTests) finished
[2014-02-18 16:05:49,425][INFO ][test                     ] Test testShardFailures(org.elasticsearch.action.suggest.SuggestActionTests) started
[2014-02-18 16:05:49,429][INFO ][plugins                  ] [transport_client_node_0] loaded [], sites []
[2014-02-18 16:05:49,453][INFO ][plugins                  ] [transport_client_node_2] loaded [], sites []
[2014-02-18 16:05:49,476][INFO ][action.suggest           ] [SuggestActionTests#testShardFailures]: before test
[2014-02-18 16:05:49,486][INFO ][cluster.metadata         ] [node_0] [test] creating index, cause [api], shards [5]/[1], mappings [type1]
[2014-02-18 16:05:49,599][INFO ][plugins                  ] [transport_client_node_1] loaded [], sites []
[2014-02-18 16:05:49,877][INFO ][cluster.metadata         ] [node_0] [test] update_mapping [type2] (dynamic)
[2014-02-18 16:05:49,898][INFO ][cluster.metadata         ] [node_0] [test] update_mapping [type2] (dynamic)
[2014-02-18 16:05:50,004][INFO ][action.suggest           ] [SuggestActionTests#testShardFailures]: cleaning up after test
[2014-02-18 16:05:50,006][INFO ][cluster.metadata         ] [node_0] [test] deleting index
[2014-02-18 16:05:50,045][INFO ][action.suggest           ] [SuggestActionTests#testShardFailures]: cleaned up after test
[2014-02-18 16:05:50,056][INFO ][test                     ] Test testShardFailures(org.elasticsearch.action.suggest.SuggestActionTests) finished
[2014-02-18 16:05:50,057][INFO ][test                     ] Test testWithMultipleCommands(org.elasticsearch.action.suggest.SuggestActionTests) started
[2014-02-18 16:05:50,061][INFO ][plugins                  ] [transport_client_node_2] loaded [], sites []
[2014-02-18 16:05:50,089][INFO ][action.suggest           ] [SuggestActionTests#testWithMultipleCommands]: before test
[2014-02-18 16:05:50,090][INFO ][plugins                  ] [transport_client_node_0] loaded [], sites []
[2014-02-18 16:05:50,125][INFO ][cluster.metadata         ] [node_0] [test] creating index, cause [api], shards [5]/[0], mappings []
[2014-02-18 16:05:50,190][INFO ][cluster.metadata         ] [node_0] [test] update_mapping [typ1] (dynamic)
[2014-02-18 16:05:50,250][INFO ][action.suggest           ] [SuggestActionTests#testWithMultipleCommands]: cleaning up after test
[2014-02-18 16:05:50,252][INFO ][cluster.metadata         ] [node_0] [test] deleting index
[2014-02-18 16:05:50,271][INFO ][action.suggest           ] [SuggestActionTests#testWithMultipleCommands]: cleaned up after test
[2014-02-18 16:05:50,278][INFO ][test                     ] Test testWithMultipleCommands(org.elasticsearch.action.suggest.SuggestActionTests) finished
[2014-02-18 16:05:50,278][INFO ][test                     ] Test testSizeOneShard(org.elasticsearch.action.suggest.SuggestActionTests) started
[2014-02-18 16:05:50,282][INFO ][plugins                  ] [transport_client_node_0] loaded [], sites []
[2014-02-18 16:05:50,305][INFO ][plugins                  ] [transport_client_node_1] loaded [], sites []
[2014-02-18 16:05:50,333][INFO ][action.suggest           ] [SuggestActionTests#testSizeOneShard]: before test
[2014-02-18 16:05:50,345][INFO ][cluster.metadata         ] [node_0] [test] creating index, cause [api], shards [1]/[0], mappings []
[2014-02-18 16:05:50,371][INFO ][plugins                  ] [transport_client_node_2] loaded [], sites []
[2014-02-18 16:05:50,413][INFO ][cluster.metadata         ] [node_0] [test] update_mapping [type1] (dynamic)
[2014-02-18 16:05:50,432][INFO ][action.suggest           ] [SuggestActionTests#testSizeOneShard]: cleaning up after test
[2014-02-18 16:05:50,434][INFO ][cluster.metadata         ] [node_0] [test] deleting index
[2014-02-18 16:05:50,446][INFO ][action.suggest           ] [SuggestActionTests#testSizeOneShard]: cleaned up after test
[2014-02-18 16:05:50,456][INFO ][test                     ] Test testSizeOneShard(org.elasticsearch.action.suggest.SuggestActionTests) finished
[2014-02-18 16:05:50,456][INFO ][test                     ] Test testSimple(org.elasticsearch.action.suggest.SuggestActionTests) started
[2014-02-18 16:05:50,459][INFO ][plugins                  ] [transport_client_node_2] loaded [], sites []
[2014-02-18 16:05:50,485][INFO ][plugins                  ] [transport_client_node_1] loaded [], sites []
[2014-02-18 16:05:50,511][INFO ][action.suggest           ] [SuggestActionTests#testSimple]: before test
[2014-02-18 16:05:50,519][INFO ][cluster.metadata         ] [node_0] [test] creating index, cause [api], shards [1]/[0], mappings []
[2014-02-18 16:05:50,554][INFO ][cluster.metadata         ] [node_0] [test] update_mapping [type1] (dynamic)
[2014-02-18 16:05:50,562][INFO ][plugins                  ] [transport_client_node_0] loaded [], sites []
[2014-02-18 16:05:50,595][INFO ][action.suggest           ] [SuggestActionTests#testSimple]: cleaning up after test
[2014-02-18 16:05:50,597][INFO ][cluster.metadata         ] [node_0] [test] deleting index
[2014-02-18 16:05:50,607][INFO ][action.suggest           ] [SuggestActionTests#testSimple]: cleaned up after test
[2014-02-18 16:05:50,617][INFO ][test                     ] Test testSimple(org.elasticsearch.action.suggest.SuggestActionTests) finished
[2014-02-18 16:05:50,617][INFO ][test                     ] Test testDifferentShardSize(org.elasticsearch.action.suggest.SuggestActionTests) started
[2014-02-18 16:05:50,622][INFO ][action.suggest           ] [SuggestActionTests#testDifferentShardSize]: before test
[2014-02-18 16:05:50,630][INFO ][cluster.metadata         ] [node_0] [text] creating index, cause [api], shards [5]/[0], mappings []
[2014-02-18 16:05:50,691][INFO ][action.suggest           ] Index [3] docs async: [true] bulk: [false]
[2014-02-18 16:05:50,692][INFO ][cluster.metadata         ] [node_0] [text] update_mapping [type1] (dynamic)
[2014-02-18 16:05:50,715][INFO ][action.suggest           ] [SuggestActionTests#testDifferentShardSize]: cleaning up after test
[2014-02-18 16:05:50,716][INFO ][cluster.metadata         ] [node_0] [text] deleting index
[2014-02-18 16:05:50,732][INFO ][action.suggest           ] [SuggestActionTests#testDifferentShardSize]: cleaned up after test
[2014-02-18 16:05:50,733][INFO ][test                     ] Test testDifferentShardSize(org.elasticsearch.action.suggest.SuggestActionTests) finished
[2014-02-18 16:05:50,733][INFO ][test                     ] Test testEmpty(org.elasticsearch.action.suggest.SuggestActionTests) started
[2014-02-18 16:05:50,737][INFO ][plugins                  ] [transport_client_node_1] loaded [], sites []
[2014-02-18 16:05:50,760][INFO ][action.suggest           ] [SuggestActionTests#testEmpty]: before test
[2014-02-18 16:05:50,771][INFO ][cluster.metadata         ] [node_0] [test] creating index, cause [api], shards [5]/[0], mappings []
[2014-02-18 16:05:50,842][INFO ][cluster.metadata         ] [node_0] [test] update_mapping [type1] (dynamic)
[2014-02-18 16:05:50,865][INFO ][action.suggest           ] [SuggestActionTests#testEmpty]: cleaning up after test
[2014-02-18 16:05:50,867][INFO ][cluster.metadata         ] [node_0] [test] deleting index
[2014-02-18 16:05:50,894][INFO ][action.suggest           ] [SuggestActionTests#testEmpty]: cleaned up after test
[2014-02-18 16:05:50,901][INFO ][test                     ] Test testEmpty(org.elasticsearch.action.suggest.SuggestActionTests) finished
[2014-02-18 16:05:50,902][INFO ][test                     ] Test testUnmappedField(org.elasticsearch.action.suggest.SuggestActionTests) started
[2014-02-18 16:05:50,907][INFO ][plugins                  ] [transport_client_node_0] loaded [], sites []
[2014-02-18 16:05:50,940][INFO ][action.suggest           ] [SuggestActionTests#testUnmappedField]: before test
[2014-02-18 16:05:50,973][INFO ][cluster.metadata         ] [node_0] [test] creating index, cause [api], shards [2]/[0], mappings [type1]
[2014-02-18 16:05:51,036][INFO ][action.suggest           ] Index [3] docs async: [true] bulk: [false]
[2014-02-18 16:05:51,046][INFO ][plugins                  ] [transport_client_node_1] loaded [], sites []
[2014-02-18 16:05:51,117][INFO ][action.suggest           ] [SuggestActionTests#testUnmappedField]: cleaning up after test
[2014-02-18 16:05:51,119][INFO ][cluster.metadata         ] [node_0] [test] deleting index
[2014-02-18 16:05:51,131][INFO ][action.suggest           ] [SuggestActionTests#testUnmappedField]: cleaned up after test
[2014-02-18 16:05:51,137][INFO ][test                     ] Test testUnmappedField(org.elasticsearch.action.suggest.SuggestActionTests) finished
]]></system-out>
   <system-err><![CDATA[]]></system-err>
</testsuite>