<testsuite errors="0" failures="0" tests="1" skipped="0" name="org.elasticsearch.recovery.FullRollingRestartTests" hostname="nohost.nodomain" time="18.3" timestamp="2014-02-18T15:36:36">
   <properties class="java.util.ArrayList">
      <property name="awt.toolkit" value="sun.lwawt.macosx.LWCToolkit"/>
      <property name="es.logger.level" value="INFO"/>
      <property name="es.logger.prefix" value=""/>
      <property name="es.node.local" value=""/>
      <property name="es.node.mode" value=""/>
      <property name="file.encoding" value="UTF-8"/>
      <property name="file.encoding.pkg" value="sun.io"/>
      <property name="file.separator" value="/"/>
      <property name="ftp.nonProxyHosts" value="local|*.local|169.254/16|*.169.254/16"/>
      <property name="gopherProxySet" value="false"/>
      <property name="http.nonProxyHosts" value="local|*.local|169.254/16|*.169.254/16"/>
      <property name="java.awt.graphicsenv" value="sun.awt.CGraphicsEnvironment"/>
      <property name="java.awt.headless" value="true"/>
      <property name="java.awt.printerjob" value="sun.lwawt.macosx.CPrinterJob"/>
      <property name="java.class.path" value="/Users/bhwang/elasticsearch/target/test-classes:/Users/bhwang/elasticsearch/target/classes:/Users/bhwang/.m2/repository/org/hamcrest/hamcrest-all/1.3/hamcrest-all-1.3.jar:/Users/bhwang/.m2/repository/com/carrotsearch/randomizedtesting/randomizedtesting-runner/2.0.15/randomizedtesting-runner-2.0.15.jar:/Users/bhwang/.m2/repository/junit/junit/4.10/junit-4.10.jar:/Users/bhwang/.m2/repository/org/apache/lucene/lucene-test-framework/4.6.1/lucene-test-framework-4.6.1.jar:/Users/bhwang/.m2/repository/org/apache/lucene/lucene-expressions/4.6.1/lucene-expressions-4.6.1.jar:/Users/bhwang/.m2/repository/org/antlr/antlr-runtime/3.5/antlr-runtime-3.5.jar:/Users/bhwang/.m2/repository/org/ow2/asm/asm/4.1/asm-4.1.jar:/Users/bhwang/.m2/repository/org/ow2/asm/asm-commons/4.1/asm-commons-4.1.jar:/Users/bhwang/.m2/repository/org/apache/httpcomponents/httpclient/4.3.1/httpclient-4.3.1.jar:/Users/bhwang/.m2/repository/org/apache/httpcomponents/httpcore/4.3/httpcore-4.3.jar:/Users/bhwang/.m2/repository/commons-logging/commons-logging/1.1.3/commons-logging-1.1.3.jar:/Users/bhwang/.m2/repository/commons-codec/commons-codec/1.6/commons-codec-1.6.jar:/Users/bhwang/.m2/repository/org/apache/lucene/lucene-core/4.6.1/lucene-core-4.6.1.jar:/Users/bhwang/.m2/repository/org/apache/lucene/lucene-analyzers-common/4.6.1/lucene-analyzers-common-4.6.1.jar:/Users/bhwang/.m2/repository/org/apache/lucene/lucene-codecs/4.6.1/lucene-codecs-4.6.1.jar:/Users/bhwang/.m2/repository/org/apache/lucene/lucene-queries/4.6.1/lucene-queries-4.6.1.jar:/Users/bhwang/.m2/repository/org/apache/lucene/lucene-memory/4.6.1/lucene-memory-4.6.1.jar:/Users/bhwang/.m2/repository/org/apache/lucene/lucene-highlighter/4.6.1/lucene-highlighter-4.6.1.jar:/Users/bhwang/.m2/repository/org/apache/lucene/lucene-queryparser/4.6.1/lucene-queryparser-4.6.1.jar:/Users/bhwang/.m2/repository/org/apache/lucene/lucene-sandbox/4.6.1/lucene-sandbox-4.6.1.jar:/Users/bhwang/.m2/repository/org/apache/lucene/lucene-suggest/4.6.1/lucene-suggest-4.6.1.jar:/Users/bhwang/.m2/repository/org/apache/lucene/lucene-misc/4.6.1/lucene-misc-4.6.1.jar:/Users/bhwang/.m2/repository/org/apache/lucene/lucene-join/4.6.1/lucene-join-4.6.1.jar:/Users/bhwang/.m2/repository/org/apache/lucene/lucene-grouping/4.6.1/lucene-grouping-4.6.1.jar:/Users/bhwang/.m2/repository/org/apache/lucene/lucene-spatial/4.6.1/lucene-spatial-4.6.1.jar:/Users/bhwang/.m2/repository/com/spatial4j/spatial4j/0.3/spatial4j-0.3.jar:/Users/bhwang/.m2/repository/com/vividsolutions/jts/1.12/jts-1.12.jar:/Users/bhwang/.m2/repository/com/google/guava/guava/16.0/guava-16.0.jar:/Users/bhwang/.m2/repository/com/carrotsearch/hppc/0.5.3/hppc-0.5.3.jar:/Users/bhwang/.m2/repository/joda-time/joda-time/2.3/joda-time-2.3.jar:/Users/bhwang/.m2/repository/org/joda/joda-convert/1.2/joda-convert-1.2.jar:/Users/bhwang/.m2/repository/org/mvel/mvel2/2.1.5.Final/mvel2-2.1.5.Final.jar:/Users/bhwang/.m2/repository/com/fasterxml/jackson/core/jackson-core/2.3.0/jackson-core-2.3.0.jar:/Users/bhwang/.m2/repository/com/fasterxml/jackson/dataformat/jackson-dataformat-smile/2.3.0/jackson-dataformat-smile-2.3.0.jar:/Users/bhwang/.m2/repository/com/fasterxml/jackson/dataformat/jackson-dataformat-yaml/2.3.0/jackson-dataformat-yaml-2.3.0.jar:/Users/bhwang/.m2/repository/io/netty/netty/3.9.0.Final/netty-3.9.0.Final.jar:/Users/bhwang/.m2/repository/com/ning/compress-lzf/0.9.6/compress-lzf-0.9.6.jar:/Users/bhwang/.m2/repository/log4j/log4j/1.2.17/log4j-1.2.17.jar:/Users/bhwang/.m2/repository/org/slf4j/slf4j-api/1.6.2/slf4j-api-1.6.2.jar:/Users/bhwang/.m2/repository/net/java/dev/jna/jna/3.3.0/jna-3.3.0.jar:/Users/bhwang/.m2/repository/org/fusesource/sigar/1.6.4/sigar-1.6.4.jar:/Users/bhwang/.m2/repository/com/carrotsearch/randomizedtesting/junit4-ant/2.0.15/junit4-ant-2.0.15.jar"/>
      <property name="java.class.version" value="51.0"/>
      <property name="java.endorsed.dirs" value="/Library/Java/JavaVirtualMachines/jdk1.7.0_45.jdk/Contents/Home/jre/lib/endorsed"/>
      <property name="java.ext.dirs" value="/Users/bhwang/Library/Java/Extensions:/Library/Java/JavaVirtualMachines/jdk1.7.0_45.jdk/Contents/Home/jre/lib/ext:/Library/Java/Extensions:/Network/Library/Java/Extensions:/System/Library/Java/Extensions:/usr/lib/java"/>
      <property name="java.home" value="/Library/Java/JavaVirtualMachines/jdk1.7.0_45.jdk/Contents/Home/jre"/>
      <property name="java.io.tmpdir" value="."/>
      <property name="java.library.path" value="/Users/bhwang/Library/Java/Extensions:/Library/Java/Extensions:/Network/Library/Java/Extensions:/System/Library/Java/Extensions:/usr/lib/java:."/>
      <property name="java.runtime.name" value="Java(TM) SE Runtime Environment"/>
      <property name="java.runtime.version" value="1.7.0_45-b18"/>
      <property name="java.security.policy" value="/Users/bhwang/elasticsearch/dev-tools/tests.policy"/>
      <property name="java.specification.name" value="Java Platform API Specification"/>
      <property name="java.specification.vendor" value="Oracle Corporation"/>
      <property name="java.specification.version" value="1.7"/>
      <property name="java.vendor" value="Oracle Corporation"/>
      <property name="java.vendor.url" value="http://java.oracle.com/"/>
      <property name="java.vendor.url.bug" value="http://bugreport.sun.com/bugreport/"/>
      <property name="java.version" value="1.7.0_45"/>
      <property name="java.vm.info" value="mixed mode"/>
      <property name="java.vm.name" value="Java HotSpot(TM) 64-Bit Server VM"/>
      <property name="java.vm.specification.name" value="Java Virtual Machine Specification"/>
      <property name="java.vm.specification.vendor" value="Oracle Corporation"/>
      <property name="java.vm.specification.version" value="1.7"/>
      <property name="java.vm.vendor" value="Oracle Corporation"/>
      <property name="java.vm.version" value="24.45-b08"/>
      <property name="junit4.childvm.cwd" value="/Users/bhwang/elasticsearch/target/J0"/>
      <property name="junit4.childvm.id" value="0"/>
      <property name="junit4.memory.total" value="128974848"/>
      <property name="junit4.pidString" value="6815@Bills-MacBook-Pro.local"/>
      <property name="junit4.processors" value="4"/>
      <property name="junit4.tempDir" value="/Users/bhwang/elasticsearch/target"/>
      <property name="line.separator" value="
"/>
      <property name="os.arch" value="x86_64"/>
      <property name="os.name" value="Mac OS X"/>
      <property name="os.version" value="10.9.1"/>
      <property name="path.separator" value=":"/>
      <property name="socksNonProxyHosts" value="local|*.local|169.254/16|*.169.254/16"/>
      <property name="sun.arch.data.model" value="64"/>
      <property name="sun.boot.class.path" value="/Library/Java/JavaVirtualMachines/jdk1.7.0_45.jdk/Contents/Home/jre/lib/resources.jar:/Library/Java/JavaVirtualMachines/jdk1.7.0_45.jdk/Contents/Home/jre/lib/rt.jar:/Library/Java/JavaVirtualMachines/jdk1.7.0_45.jdk/Contents/Home/jre/lib/sunrsasign.jar:/Library/Java/JavaVirtualMachines/jdk1.7.0_45.jdk/Contents/Home/jre/lib/jsse.jar:/Library/Java/JavaVirtualMachines/jdk1.7.0_45.jdk/Contents/Home/jre/lib/jce.jar:/Library/Java/JavaVirtualMachines/jdk1.7.0_45.jdk/Contents/Home/jre/lib/charsets.jar:/Library/Java/JavaVirtualMachines/jdk1.7.0_45.jdk/Contents/Home/jre/lib/jfr.jar:/Library/Java/JavaVirtualMachines/jdk1.7.0_45.jdk/Contents/Home/jre/lib/JObjC.jar:/Library/Java/JavaVirtualMachines/jdk1.7.0_45.jdk/Contents/Home/jre/classes"/>
      <property name="sun.boot.library.path" value="/Library/Java/JavaVirtualMachines/jdk1.7.0_45.jdk/Contents/Home/jre/lib"/>
      <property name="sun.cpu.endian" value="little"/>
      <property name="sun.cpu.isalist" value=""/>
      <property name="sun.io.unicode.encoding" value="UnicodeBig"/>
      <property name="sun.java.command" value="com.carrotsearch.ant.tasks.junit4.slave.SlaveMainSafe -flush -eventsfile /Users/bhwang/elasticsearch/target/junit4-J0-20140218_153326_767.events @/Users/bhwang/elasticsearch/target/junit4-J0-20140218_153326_767.suites -stdin"/>
      <property name="sun.java.launcher" value="SUN_STANDARD"/>
      <property name="sun.jnu.encoding" value="UTF-8"/>
      <property name="sun.management.compiler" value="HotSpot 64-Bit Tiered Compilers"/>
      <property name="sun.os.patch.level" value="unknown"/>
      <property name="tests.appendseed" value=""/>
      <property name="tests.assertion.disabled" value=""/>
      <property name="tests.awaitsfix" value=""/>
      <property name="tests.badapples" value=""/>
      <property name="tests.class" value=""/>
      <property name="tests.client.ratio" value=""/>
      <property name="tests.cluster_seed" value=""/>
      <property name="tests.enable_mock_modules" value=""/>
      <property name="tests.failfast" value=""/>
      <property name="tests.integration" value=""/>
      <property name="tests.iters" value=""/>
      <property name="tests.jvm.argline" value=""/>
      <property name="tests.maxfailures" value=""/>
      <property name="tests.method" value=""/>
      <property name="tests.network" value=""/>
      <property name="tests.nightly" value=""/>
      <property name="tests.prefix" value="tests"/>
      <property name="tests.rest" value=""/>
      <property name="tests.rest.spec" value=""/>
      <property name="tests.rest.suite" value=""/>
      <property name="tests.security.manager" value=""/>
      <property name="tests.seed" value="A89B4FF56754358E"/>
      <property name="tests.showSuccess" value=""/>
      <property name="tests.slow" value=""/>
      <property name="tests.timeoutSuite" value=""/>
      <property name="tests.weekly" value=""/>
      <property name="user.country" value="US"/>
      <property name="user.dir" value="/Users/bhwang/elasticsearch/target/J0"/>
      <property name="user.home" value="/Users/bhwang"/>
      <property name="user.language" value="en"/>
      <property name="user.name" value="bhwang"/>
      <property name="user.timezone" value=""/>
   </properties>
   <testcase classname="org.elasticsearch.recovery.FullRollingRestartTests" name="testFullRollingRestart" time="18.28"/>
   <system-out><![CDATA[[2014-02-18 15:36:36,188][INFO ][test                     ] Test testFullRollingRestart(org.elasticsearch.recovery.FullRollingRestartTests) started
[2014-02-18 15:36:36,191][INFO ][test                     ] Setup TestCluster [TEST-Bills-MacBook-Pro.local-CHILD_VM=[0]-CLUSTER_SEED=[1524955850269721296]-HASH=[135419D70D01DD98]] with seed [1529BB44297B02D0] using [0] nodes
[2014-02-18 15:36:36,191][INFO ][recovery                 ] [FullRollingRestartTests#testFullRollingRestart]: before test
[2014-02-18 15:36:36,194][INFO ][node                     ] [node_0] version[1.0.0], pid[6815], build[a46900e/2014-02-18T23:32:25Z]
[2014-02-18 15:36:36,195][INFO ][node                     ] [node_0] initializing ...
[2014-02-18 15:36:36,195][INFO ][plugins                  ] [node_0] loaded [], sites []
[2014-02-18 15:36:36,280][INFO ][node                     ] [node_0] initialized
[2014-02-18 15:36:36,280][INFO ][node                     ] [node_0] starting ...
[2014-02-18 15:36:36,305][INFO ][transport                ] [node_0] bound_address {inet[/0:0:0:0:0:0:0:0:9303]}, publish_address {inet[/10.1.10.75:9303]}
[2014-02-18 15:36:39,313][DEBUG][cluster.service          ] [node_0] processing [zen-disco-join (elected_as_master)]: execute
[2014-02-18 15:36:39,313][TRACE][cluster.service          ] [node_0] cluster state updated:
version [1], source [zen-disco-join (elected_as_master)]
nodes: 
   [node_0][mnkDt7gcTYGKum_TOOzG9g][Bills-MacBook-Pro.local][inet[/10.1.10.75:9303]], local, master
routing_table:
routing_nodes:
-----node_id[mnkDt7gcTYGKum_TOOzG9g][V]
---- unassigned

[2014-02-18 15:36:39,314][INFO ][cluster.service          ] [node_0] new_master [node_0][mnkDt7gcTYGKum_TOOzG9g][Bills-MacBook-Pro.local][inet[/10.1.10.75:9303]], reason: zen-disco-join (elected_as_master)
[2014-02-18 15:36:39,328][DEBUG][cluster.service          ] [node_0] publishing cluster state version 1
[2014-02-18 15:36:39,329][DEBUG][cluster.service          ] [node_0] set local cluster state to version 1
[2014-02-18 15:36:39,329][DEBUG][cluster.service          ] [node_0] processing [zen-disco-join (elected_as_master)]: done applying updated cluster_state (version: 1)
[2014-02-18 15:36:39,329][INFO ][discovery                ] [node_0] TEST-Bills-MacBook-Pro.local-CHILD_VM=[0]-CLUSTER_SEED=[1524955850269721296]-HASH=[135419D70D01DD98]/mnkDt7gcTYGKum_TOOzG9g
[2014-02-18 15:36:39,330][DEBUG][cluster.service          ] [node_0] processing [local-gateway-elected-state]: execute
[2014-02-18 15:36:39,330][TRACE][cluster.service          ] [node_0] cluster state updated:
version [2], source [local-gateway-elected-state]
nodes: 
   [node_0][mnkDt7gcTYGKum_TOOzG9g][Bills-MacBook-Pro.local][inet[/10.1.10.75:9303]], local, master
routing_table:
routing_nodes:
-----node_id[mnkDt7gcTYGKum_TOOzG9g][V]
---- unassigned

[2014-02-18 15:36:39,330][DEBUG][cluster.service          ] [node_0] publishing cluster state version 2
[2014-02-18 15:36:39,331][DEBUG][cluster.service          ] [node_0] set local cluster state to version 2
[2014-02-18 15:36:39,331][INFO ][gateway                  ] [node_0] recovered [0] indices into cluster_state
[2014-02-18 15:36:39,331][DEBUG][cluster.service          ] [node_0] processing [local-gateway-elected-state]: done applying updated cluster_state (version: 2)
[2014-02-18 15:36:39,333][INFO ][http                     ] [node_0] bound_address {inet[/0:0:0:0:0:0:0:0:9203]}, publish_address {inet[/10.1.10.75:9203]}
[2014-02-18 15:36:39,333][DEBUG][cluster.service          ] [node_0] processing [updating local node id]: execute
[2014-02-18 15:36:39,334][TRACE][cluster.service          ] [node_0] cluster state updated:
version [3], source [updating local node id]
nodes: 
   [node_0][mnkDt7gcTYGKum_TOOzG9g][Bills-MacBook-Pro.local][inet[/10.1.10.75:9303]], local, master
routing_table:
routing_nodes:
-----node_id[mnkDt7gcTYGKum_TOOzG9g][V]
---- unassigned

[2014-02-18 15:36:39,334][DEBUG][cluster.service          ] [node_0] publishing cluster state version 3
[2014-02-18 15:36:39,334][DEBUG][cluster.service          ] [node_0] set local cluster state to version 3
[2014-02-18 15:36:39,334][DEBUG][cluster.service          ] [node_0] processing [updating local node id]: done applying updated cluster_state (version: 3)
[2014-02-18 15:36:39,334][INFO ][node                     ] [node_0] started
[2014-02-18 15:36:39,334][DEBUG][cluster.service          ] [node_0] processing [create-index [test], cause [api]]: execute
[2014-02-18 15:36:39,345][INFO ][cluster.metadata         ] [node_0] [test] creating index, cause [api], shards [5]/[1], mappings []
[2014-02-18 15:36:39,346][TRACE][cluster.service          ] expecting 1 acknowledgements for cluster_state update (version: 4)
[2014-02-18 15:36:39,346][TRACE][cluster.service          ] [node_0] cluster state updated:
version [4], source [create-index [test], cause [api]]
nodes: 
   [node_0][mnkDt7gcTYGKum_TOOzG9g][Bills-MacBook-Pro.local][inet[/10.1.10.75:9303]], local, master
routing_table:
-- index [test]
----shard_id [test][4]
--------[test][4], node[null], [P], s[UNASSIGNED]
--------[test][4], node[null], [R], s[UNASSIGNED]
----shard_id [test][0]
--------[test][0], node[mnkDt7gcTYGKum_TOOzG9g], [P], s[INITIALIZING]
--------[test][0], node[null], [R], s[UNASSIGNED]
----shard_id [test][3]
--------[test][3], node[mnkDt7gcTYGKum_TOOzG9g], [P], s[INITIALIZING]
--------[test][3], node[null], [R], s[UNASSIGNED]
----shard_id [test][1]
--------[test][1], node[mnkDt7gcTYGKum_TOOzG9g], [P], s[INITIALIZING]
--------[test][1], node[null], [R], s[UNASSIGNED]
----shard_id [test][2]
--------[test][2], node[mnkDt7gcTYGKum_TOOzG9g], [P], s[INITIALIZING]
--------[test][2], node[null], [R], s[UNASSIGNED]

routing_nodes:
-----node_id[mnkDt7gcTYGKum_TOOzG9g][V]
--------[test][0], node[mnkDt7gcTYGKum_TOOzG9g], [P], s[INITIALIZING]
--------[test][3], node[mnkDt7gcTYGKum_TOOzG9g], [P], s[INITIALIZING]
--------[test][1], node[mnkDt7gcTYGKum_TOOzG9g], [P], s[INITIALIZING]
--------[test][2], node[mnkDt7gcTYGKum_TOOzG9g], [P], s[INITIALIZING]
---- unassigned
--------[test][4], node[null], [P], s[UNASSIGNED]
--------[test][4], node[null], [R], s[UNASSIGNED]
--------[test][0], node[null], [R], s[UNASSIGNED]
--------[test][3], node[null], [R], s[UNASSIGNED]
--------[test][1], node[null], [R], s[UNASSIGNED]
--------[test][2], node[null], [R], s[UNASSIGNED]

[2014-02-18 15:36:39,346][DEBUG][cluster.service          ] [node_0] publishing cluster state version 4
[2014-02-18 15:36:39,346][DEBUG][cluster.service          ] [node_0] set local cluster state to version 4
[2014-02-18 15:36:39,347][DEBUG][indices.cluster          ] [node_0] [test] creating index
[2014-02-18 15:36:39,355][DEBUG][indices.cluster          ] [node_0] [test][0] creating shard
[2014-02-18 15:36:39,359][DEBUG][indices.cluster          ] [node_0] [test][3] creating shard
[2014-02-18 15:36:39,363][DEBUG][indices.cluster          ] [node_0] [test][1] creating shard
[2014-02-18 15:36:39,369][DEBUG][indices.cluster          ] [node_0] [test][2] creating shard
[2014-02-18 15:36:39,377][TRACE][cluster.service          ] ack received from node [[node_0][mnkDt7gcTYGKum_TOOzG9g][Bills-MacBook-Pro.local][inet[/10.1.10.75:9303]]], cluster_state update (version: 4)
[2014-02-18 15:36:39,377][TRACE][cluster.service          ] all expected nodes acknowledged cluster_state update (version: 4)
[2014-02-18 15:36:39,377][DEBUG][cluster.service          ] [node_0] processing [create-index [test], cause [api]]: done applying updated cluster_state (version: 4)
[2014-02-18 15:36:39,377][DEBUG][cluster.service          ] [node_0] processing [shard-started ([test][0], node[mnkDt7gcTYGKum_TOOzG9g], [P], s[INITIALIZING]), reason [after recovery from gateway]]: execute
[2014-02-18 15:36:39,378][TRACE][cluster.service          ] [node_0] cluster state updated:
version [5], source [shard-started ([test][0], node[mnkDt7gcTYGKum_TOOzG9g], [P], s[INITIALIZING]), reason [after recovery from gateway]]
nodes: 
   [node_0][mnkDt7gcTYGKum_TOOzG9g][Bills-MacBook-Pro.local][inet[/10.1.10.75:9303]], local, master
routing_table:
-- index [test]
----shard_id [test][4]
--------[test][4], node[mnkDt7gcTYGKum_TOOzG9g], [P], s[INITIALIZING]
--------[test][4], node[null], [R], s[UNASSIGNED]
----shard_id [test][0]
--------[test][0], node[mnkDt7gcTYGKum_TOOzG9g], [P], s[STARTED]
--------[test][0], node[null], [R], s[UNASSIGNED]
----shard_id [test][3]
--------[test][3], node[mnkDt7gcTYGKum_TOOzG9g], [P], s[STARTED]
--------[test][3], node[null], [R], s[UNASSIGNED]
----shard_id [test][1]
--------[test][1], node[mnkDt7gcTYGKum_TOOzG9g], [P], s[STARTED]
--------[test][1], node[null], [R], s[UNASSIGNED]
----shard_id [test][2]
--------[test][2], node[mnkDt7gcTYGKum_TOOzG9g], [P], s[STARTED]
--------[test][2], node[null], [R], s[UNASSIGNED]

routing_nodes:
-----node_id[mnkDt7gcTYGKum_TOOzG9g][V]
--------[test][4], node[mnkDt7gcTYGKum_TOOzG9g], [P], s[INITIALIZING]
--------[test][0], node[mnkDt7gcTYGKum_TOOzG9g], [P], s[STARTED]
--------[test][3], node[mnkDt7gcTYGKum_TOOzG9g], [P], s[STARTED]
--------[test][1], node[mnkDt7gcTYGKum_TOOzG9g], [P], s[STARTED]
--------[test][2], node[mnkDt7gcTYGKum_TOOzG9g], [P], s[STARTED]
---- unassigned
--------[test][4], node[null], [R], s[UNASSIGNED]
--------[test][0], node[null], [R], s[UNASSIGNED]
--------[test][3], node[null], [R], s[UNASSIGNED]
--------[test][1], node[null], [R], s[UNASSIGNED]
--------[test][2], node[null], [R], s[UNASSIGNED]

[2014-02-18 15:36:39,378][DEBUG][cluster.service          ] [node_0] publishing cluster state version 5
[2014-02-18 15:36:39,378][DEBUG][cluster.service          ] [node_0] set local cluster state to version 5
[2014-02-18 15:36:39,378][DEBUG][indices.cluster          ] [node_0] [test][4] creating shard
[2014-02-18 15:36:39,387][DEBUG][cluster.service          ] [node_0] processing [shard-started ([test][0], node[mnkDt7gcTYGKum_TOOzG9g], [P], s[INITIALIZING]), reason [after recovery from gateway]]: done applying updated cluster_state (version: 5)
[2014-02-18 15:36:39,387][DEBUG][cluster.service          ] [node_0] processing [shard-started ([test][3], node[mnkDt7gcTYGKum_TOOzG9g], [P], s[INITIALIZING]), reason [after recovery from gateway]]: execute
[2014-02-18 15:36:39,388][DEBUG][cluster.service          ] [node_0] processing [shard-started ([test][3], node[mnkDt7gcTYGKum_TOOzG9g], [P], s[INITIALIZING]), reason [after recovery from gateway]]: no change in cluster_state
[2014-02-18 15:36:39,388][DEBUG][cluster.service          ] [node_0] processing [shard-started ([test][1], node[mnkDt7gcTYGKum_TOOzG9g], [P], s[INITIALIZING]), reason [after recovery from gateway]]: execute
[2014-02-18 15:36:39,388][DEBUG][cluster.service          ] [node_0] processing [shard-started ([test][1], node[mnkDt7gcTYGKum_TOOzG9g], [P], s[INITIALIZING]), reason [after recovery from gateway]]: no change in cluster_state
[2014-02-18 15:36:39,388][DEBUG][cluster.service          ] [node_0] processing [shard-started ([test][2], node[mnkDt7gcTYGKum_TOOzG9g], [P], s[INITIALIZING]), reason [after recovery from gateway]]: execute
[2014-02-18 15:36:39,388][DEBUG][cluster.service          ] [node_0] processing [shard-started ([test][2], node[mnkDt7gcTYGKum_TOOzG9g], [P], s[INITIALIZING]), reason [after recovery from gateway]]: no change in cluster_state
[2014-02-18 15:36:39,391][DEBUG][cluster.service          ] [node_0] processing [update-mapping [test][type1] / node [mnkDt7gcTYGKum_TOOzG9g], order [1]]: execute
[2014-02-18 15:36:39,392][INFO ][cluster.metadata         ] [node_0] [test] update_mapping [type1] (dynamic)
[2014-02-18 15:36:39,392][TRACE][cluster.service          ] [node_0] cluster state updated:
version [6], source [update-mapping [test][type1] / node [mnkDt7gcTYGKum_TOOzG9g], order [1]]
nodes: 
   [node_0][mnkDt7gcTYGKum_TOOzG9g][Bills-MacBook-Pro.local][inet[/10.1.10.75:9303]], local, master
routing_table:
-- index [test]
----shard_id [test][4]
--------[test][4], node[mnkDt7gcTYGKum_TOOzG9g], [P], s[INITIALIZING]
--------[test][4], node[null], [R], s[UNASSIGNED]
----shard_id [test][0]
--------[test][0], node[mnkDt7gcTYGKum_TOOzG9g], [P], s[STARTED]
--------[test][0], node[null], [R], s[UNASSIGNED]
----shard_id [test][3]
--------[test][3], node[mnkDt7gcTYGKum_TOOzG9g], [P], s[STARTED]
--------[test][3], node[null], [R], s[UNASSIGNED]
----shard_id [test][1]
--------[test][1], node[mnkDt7gcTYGKum_TOOzG9g], [P], s[STARTED]
--------[test][1], node[null], [R], s[UNASSIGNED]
----shard_id [test][2]
--------[test][2], node[mnkDt7gcTYGKum_TOOzG9g], [P], s[STARTED]
--------[test][2], node[null], [R], s[UNASSIGNED]

routing_nodes:
-----node_id[mnkDt7gcTYGKum_TOOzG9g][V]
--------[test][4], node[mnkDt7gcTYGKum_TOOzG9g], [P], s[INITIALIZING]
--------[test][0], node[mnkDt7gcTYGKum_TOOzG9g], [P], s[STARTED]
--------[test][3], node[mnkDt7gcTYGKum_TOOzG9g], [P], s[STARTED]
--------[test][1], node[mnkDt7gcTYGKum_TOOzG9g], [P], s[STARTED]
--------[test][2], node[mnkDt7gcTYGKum_TOOzG9g], [P], s[STARTED]
---- unassigned
--------[test][4], node[null], [R], s[UNASSIGNED]
--------[test][0], node[null], [R], s[UNASSIGNED]
--------[test][3], node[null], [R], s[UNASSIGNED]
--------[test][1], node[null], [R], s[UNASSIGNED]
--------[test][2], node[null], [R], s[UNASSIGNED]

[2014-02-18 15:36:39,393][DEBUG][cluster.service          ] [node_0] publishing cluster state version 6
[2014-02-18 15:36:39,393][DEBUG][cluster.service          ] [node_0] set local cluster state to version 6
[2014-02-18 15:36:39,402][DEBUG][cluster.service          ] [node_0] processing [update-mapping [test][type1] / node [mnkDt7gcTYGKum_TOOzG9g], order [1]]: done applying updated cluster_state (version: 6)
[2014-02-18 15:36:39,403][DEBUG][cluster.service          ] [node_0] processing [shard-started ([test][4], node[mnkDt7gcTYGKum_TOOzG9g], [P], s[INITIALIZING]), reason [after recovery from gateway]]: execute
[2014-02-18 15:36:39,403][TRACE][cluster.service          ] [node_0] cluster state updated:
version [7], source [shard-started ([test][4], node[mnkDt7gcTYGKum_TOOzG9g], [P], s[INITIALIZING]), reason [after recovery from gateway]]
nodes: 
   [node_0][mnkDt7gcTYGKum_TOOzG9g][Bills-MacBook-Pro.local][inet[/10.1.10.75:9303]], local, master
routing_table:
-- index [test]
----shard_id [test][2]
--------[test][2], node[mnkDt7gcTYGKum_TOOzG9g], [P], s[STARTED]
--------[test][2], node[null], [R], s[UNASSIGNED]
----shard_id [test][0]
--------[test][0], node[mnkDt7gcTYGKum_TOOzG9g], [P], s[STARTED]
--------[test][0], node[null], [R], s[UNASSIGNED]
----shard_id [test][3]
--------[test][3], node[mnkDt7gcTYGKum_TOOzG9g], [P], s[STARTED]
--------[test][3], node[null], [R], s[UNASSIGNED]
----shard_id [test][1]
--------[test][1], node[mnkDt7gcTYGKum_TOOzG9g], [P], s[STARTED]
--------[test][1], node[null], [R], s[UNASSIGNED]
----shard_id [test][4]
--------[test][4], node[mnkDt7gcTYGKum_TOOzG9g], [P], s[STARTED]
--------[test][4], node[null], [R], s[UNASSIGNED]

routing_nodes:
-----node_id[mnkDt7gcTYGKum_TOOzG9g][V]
--------[test][2], node[mnkDt7gcTYGKum_TOOzG9g], [P], s[STARTED]
--------[test][0], node[mnkDt7gcTYGKum_TOOzG9g], [P], s[STARTED]
--------[test][3], node[mnkDt7gcTYGKum_TOOzG9g], [P], s[STARTED]
--------[test][1], node[mnkDt7gcTYGKum_TOOzG9g], [P], s[STARTED]
--------[test][4], node[mnkDt7gcTYGKum_TOOzG9g], [P], s[STARTED]
---- unassigned
--------[test][2], node[null], [R], s[UNASSIGNED]
--------[test][0], node[null], [R], s[UNASSIGNED]
--------[test][3], node[null], [R], s[UNASSIGNED]
--------[test][1], node[null], [R], s[UNASSIGNED]
--------[test][4], node[null], [R], s[UNASSIGNED]

[2014-02-18 15:36:39,404][DEBUG][cluster.service          ] [node_0] publishing cluster state version 7
[2014-02-18 15:36:39,404][DEBUG][cluster.service          ] [node_0] set local cluster state to version 7
[2014-02-18 15:36:39,404][DEBUG][cluster.service          ] [node_0] processing [shard-started ([test][4], node[mnkDt7gcTYGKum_TOOzG9g], [P], s[INITIALIZING]), reason [after recovery from gateway]]: done applying updated cluster_state (version: 7)
[2014-02-18 15:36:39,404][DEBUG][cluster.service          ] [node_0] processing [routing-table-updater]: execute
[2014-02-18 15:36:39,405][DEBUG][cluster.service          ] [node_0] processing [routing-table-updater]: no change in cluster_state
[2014-02-18 15:36:40,425][INFO ][node                     ] [node_1] version[1.0.0], pid[6815], build[a46900e/2014-02-18T23:32:25Z]
[2014-02-18 15:36:40,426][INFO ][node                     ] [node_1] initializing ...
[2014-02-18 15:36:40,426][INFO ][plugins                  ] [node_1] loaded [], sites []
[2014-02-18 15:36:40,504][INFO ][node                     ] [node_1] initialized
[2014-02-18 15:36:40,505][INFO ][node                     ] [node_1] starting ...
[2014-02-18 15:36:40,516][INFO ][transport                ] [node_1] bound_address {inet[/0:0:0:0:0:0:0:0:9304]}, publish_address {inet[/10.1.10.75:9304]}
[2014-02-18 15:36:43,545][DEBUG][cluster.service          ] [node_0] processing [zen-disco-receive(join from node[[node_1][5y0yKnIhT0SpXiXfsH5mrg][Bills-MacBook-Pro.local][inet[/10.1.10.75:9304]]])]: execute
[2014-02-18 15:36:43,545][TRACE][cluster.service          ] [node_0] cluster state updated:
version [8], source [zen-disco-receive(join from node[[node_1][5y0yKnIhT0SpXiXfsH5mrg][Bills-MacBook-Pro.local][inet[/10.1.10.75:9304]]])]
nodes: 
   [node_1][5y0yKnIhT0SpXiXfsH5mrg][Bills-MacBook-Pro.local][inet[/10.1.10.75:9304]]
   [node_0][mnkDt7gcTYGKum_TOOzG9g][Bills-MacBook-Pro.local][inet[/10.1.10.75:9303]], local, master
routing_table:
-- index [test]
----shard_id [test][2]
--------[test][2], node[mnkDt7gcTYGKum_TOOzG9g], [P], s[STARTED]
--------[test][2], node[null], [R], s[UNASSIGNED]
----shard_id [test][0]
--------[test][0], node[mnkDt7gcTYGKum_TOOzG9g], [P], s[STARTED]
--------[test][0], node[null], [R], s[UNASSIGNED]
----shard_id [test][3]
--------[test][3], node[mnkDt7gcTYGKum_TOOzG9g], [P], s[STARTED]
--------[test][3], node[null], [R], s[UNASSIGNED]
----shard_id [test][1]
--------[test][1], node[mnkDt7gcTYGKum_TOOzG9g], [P], s[STARTED]
--------[test][1], node[null], [R], s[UNASSIGNED]
----shard_id [test][4]
--------[test][4], node[mnkDt7gcTYGKum_TOOzG9g], [P], s[STARTED]
--------[test][4], node[null], [R], s[UNASSIGNED]

routing_nodes:
-----node_id[5y0yKnIhT0SpXiXfsH5mrg][V]
-----node_id[mnkDt7gcTYGKum_TOOzG9g][V]
--------[test][2], node[mnkDt7gcTYGKum_TOOzG9g], [P], s[STARTED]
--------[test][0], node[mnkDt7gcTYGKum_TOOzG9g], [P], s[STARTED]
--------[test][3], node[mnkDt7gcTYGKum_TOOzG9g], [P], s[STARTED]
--------[test][1], node[mnkDt7gcTYGKum_TOOzG9g], [P], s[STARTED]
--------[test][4], node[mnkDt7gcTYGKum_TOOzG9g], [P], s[STARTED]
---- unassigned
--------[test][2], node[null], [R], s[UNASSIGNED]
--------[test][0], node[null], [R], s[UNASSIGNED]
--------[test][3], node[null], [R], s[UNASSIGNED]
--------[test][1], node[null], [R], s[UNASSIGNED]
--------[test][4], node[null], [R], s[UNASSIGNED]

[2014-02-18 15:36:43,545][INFO ][cluster.service          ] [node_0] added {[node_1][5y0yKnIhT0SpXiXfsH5mrg][Bills-MacBook-Pro.local][inet[/10.1.10.75:9304]],}, reason: zen-disco-receive(join from node[[node_1][5y0yKnIhT0SpXiXfsH5mrg][Bills-MacBook-Pro.local][inet[/10.1.10.75:9304]]])
[2014-02-18 15:36:43,546][DEBUG][cluster.service          ] [node_0] publishing cluster state version 8
[2014-02-18 15:36:43,547][DEBUG][cluster.service          ] [node_1] processing [zen-disco-receive(from master [[node_0][mnkDt7gcTYGKum_TOOzG9g][Bills-MacBook-Pro.local][inet[/10.1.10.75:9303]]])]: execute
[2014-02-18 15:36:43,548][DEBUG][cluster.service          ] [node_1] got first state from fresh master [mnkDt7gcTYGKum_TOOzG9g]
[2014-02-18 15:36:43,548][TRACE][cluster.service          ] [node_1] cluster state updated:
version [8], source [zen-disco-receive(from master [[node_0][mnkDt7gcTYGKum_TOOzG9g][Bills-MacBook-Pro.local][inet[/10.1.10.75:9303]]])]
nodes: 
   [node_1][5y0yKnIhT0SpXiXfsH5mrg][Bills-MacBook-Pro.local][inet[/10.1.10.75:9304]], local
   [node_0][mnkDt7gcTYGKum_TOOzG9g][Bills-MacBook-Pro.local][inet[/10.1.10.75:9303]], master
routing_table:
-- index [test]
----shard_id [test][4]
--------[test][4], node[mnkDt7gcTYGKum_TOOzG9g], [P], s[STARTED]
--------[test][4], node[null], [R], s[UNASSIGNED]
----shard_id [test][0]
--------[test][0], node[mnkDt7gcTYGKum_TOOzG9g], [P], s[STARTED]
--------[test][0], node[null], [R], s[UNASSIGNED]
----shard_id [test][3]
--------[test][3], node[mnkDt7gcTYGKum_TOOzG9g], [P], s[STARTED]
--------[test][3], node[null], [R], s[UNASSIGNED]
----shard_id [test][1]
--------[test][1], node[mnkDt7gcTYGKum_TOOzG9g], [P], s[STARTED]
--------[test][1], node[null], [R], s[UNASSIGNED]
----shard_id [test][2]
--------[test][2], node[mnkDt7gcTYGKum_TOOzG9g], [P], s[STARTED]
--------[test][2], node[null], [R], s[UNASSIGNED]

routing_nodes:
-----node_id[5y0yKnIhT0SpXiXfsH5mrg][V]
-----node_id[mnkDt7gcTYGKum_TOOzG9g][V]
--------[test][4], node[mnkDt7gcTYGKum_TOOzG9g], [P], s[STARTED]
--------[test][0], node[mnkDt7gcTYGKum_TOOzG9g], [P], s[STARTED]
--------[test][3], node[mnkDt7gcTYGKum_TOOzG9g], [P], s[STARTED]
--------[test][1], node[mnkDt7gcTYGKum_TOOzG9g], [P], s[STARTED]
--------[test][2], node[mnkDt7gcTYGKum_TOOzG9g], [P], s[STARTED]
---- unassigned
--------[test][4], node[null], [R], s[UNASSIGNED]
--------[test][0], node[null], [R], s[UNASSIGNED]
--------[test][3], node[null], [R], s[UNASSIGNED]
--------[test][1], node[null], [R], s[UNASSIGNED]
--------[test][2], node[null], [R], s[UNASSIGNED]

[2014-02-18 15:36:43,549][INFO ][cluster.service          ] [node_1] detected_master [node_0][mnkDt7gcTYGKum_TOOzG9g][Bills-MacBook-Pro.local][inet[/10.1.10.75:9303]], added {[node_0][mnkDt7gcTYGKum_TOOzG9g][Bills-MacBook-Pro.local][inet[/10.1.10.75:9303]],}, reason: zen-disco-receive(from master [[node_0][mnkDt7gcTYGKum_TOOzG9g][Bills-MacBook-Pro.local][inet[/10.1.10.75:9303]]])
[2014-02-18 15:36:43,563][DEBUG][cluster.service          ] [node_1] set local cluster state to version 8
[2014-02-18 15:36:43,563][DEBUG][cluster.service          ] [node_1] processing [zen-disco-receive(from master [[node_0][mnkDt7gcTYGKum_TOOzG9g][Bills-MacBook-Pro.local][inet[/10.1.10.75:9303]]])]: done applying updated cluster_state (version: 8)
[2014-02-18 15:36:43,563][INFO ][discovery                ] [node_1] TEST-Bills-MacBook-Pro.local-CHILD_VM=[0]-CLUSTER_SEED=[1524955850269721296]-HASH=[135419D70D01DD98]/5y0yKnIhT0SpXiXfsH5mrg
[2014-02-18 15:36:43,564][DEBUG][cluster.service          ] [node_0] set local cluster state to version 8
[2014-02-18 15:36:43,565][DEBUG][cluster.service          ] [node_0] processing [zen-disco-receive(join from node[[node_1][5y0yKnIhT0SpXiXfsH5mrg][Bills-MacBook-Pro.local][inet[/10.1.10.75:9304]]])]: done applying updated cluster_state (version: 8)
[2014-02-18 15:36:43,568][INFO ][http                     ] [node_1] bound_address {inet[/0:0:0:0:0:0:0:0:9204]}, publish_address {inet[/10.1.10.75:9204]}
[2014-02-18 15:36:43,568][DEBUG][cluster.service          ] [node_1] processing [updating local node id]: execute
[2014-02-18 15:36:43,568][TRACE][cluster.service          ] [node_1] cluster state updated:
version [8], source [updating local node id]
nodes: 
   [node_1][5y0yKnIhT0SpXiXfsH5mrg][Bills-MacBook-Pro.local][inet[/10.1.10.75:9304]], local
   [node_0][mnkDt7gcTYGKum_TOOzG9g][Bills-MacBook-Pro.local][inet[/10.1.10.75:9303]], master
routing_table:
-- index [test]
----shard_id [test][4]
--------[test][4], node[mnkDt7gcTYGKum_TOOzG9g], [P], s[STARTED]
--------[test][4], node[null], [R], s[UNASSIGNED]
----shard_id [test][0]
--------[test][0], node[mnkDt7gcTYGKum_TOOzG9g], [P], s[STARTED]
--------[test][0], node[null], [R], s[UNASSIGNED]
----shard_id [test][3]
--------[test][3], node[mnkDt7gcTYGKum_TOOzG9g], [P], s[STARTED]
--------[test][3], node[null], [R], s[UNASSIGNED]
----shard_id [test][1]
--------[test][1], node[mnkDt7gcTYGKum_TOOzG9g], [P], s[STARTED]
--------[test][1], node[null], [R], s[UNASSIGNED]
----shard_id [test][2]
--------[test][2], node[mnkDt7gcTYGKum_TOOzG9g], [P], s[STARTED]
--------[test][2], node[null], [R], s[UNASSIGNED]

routing_nodes:
-----node_id[5y0yKnIhT0SpXiXfsH5mrg][V]
-----node_id[mnkDt7gcTYGKum_TOOzG9g][V]
--------[test][4], node[mnkDt7gcTYGKum_TOOzG9g], [P], s[STARTED]
--------[test][0], node[mnkDt7gcTYGKum_TOOzG9g], [P], s[STARTED]
--------[test][3], node[mnkDt7gcTYGKum_TOOzG9g], [P], s[STARTED]
--------[test][1], node[mnkDt7gcTYGKum_TOOzG9g], [P], s[STARTED]
--------[test][2], node[mnkDt7gcTYGKum_TOOzG9g], [P], s[STARTED]
---- unassigned
--------[test][4], node[null], [R], s[UNASSIGNED]
--------[test][0], node[null], [R], s[UNASSIGNED]
--------[test][3], node[null], [R], s[UNASSIGNED]
--------[test][1], node[null], [R], s[UNASSIGNED]
--------[test][2], node[null], [R], s[UNASSIGNED]

[2014-02-18 15:36:43,569][DEBUG][cluster.service          ] [node_1] set local cluster state to version 8
[2014-02-18 15:36:43,569][DEBUG][cluster.service          ] [node_1] processing [updating local node id]: done applying updated cluster_state (version: 8)
[2014-02-18 15:36:43,569][INFO ][node                     ] [node_1] started
[2014-02-18 15:36:43,571][INFO ][node                     ] [node_2] version[1.0.0], pid[6815], build[a46900e/2014-02-18T23:32:25Z]
[2014-02-18 15:36:43,571][INFO ][node                     ] [node_2] initializing ...
[2014-02-18 15:36:43,572][INFO ][plugins                  ] [node_2] loaded [], sites []
[2014-02-18 15:36:43,582][DEBUG][cluster.service          ] [node_0] processing [routing-table-updater]: execute
[2014-02-18 15:36:43,583][TRACE][cluster.service          ] [node_0] cluster state updated:
version [9], source [routing-table-updater]
nodes: 
   [node_1][5y0yKnIhT0SpXiXfsH5mrg][Bills-MacBook-Pro.local][inet[/10.1.10.75:9304]]
   [node_0][mnkDt7gcTYGKum_TOOzG9g][Bills-MacBook-Pro.local][inet[/10.1.10.75:9303]], local, master
routing_table:
-- index [test]
----shard_id [test][4]
--------[test][4], node[mnkDt7gcTYGKum_TOOzG9g], [P], s[STARTED]
--------[test][4], node[null], [R], s[UNASSIGNED]
----shard_id [test][0]
--------[test][0], node[5y0yKnIhT0SpXiXfsH5mrg], [R], s[INITIALIZING]
--------[test][0], node[mnkDt7gcTYGKum_TOOzG9g], [P], s[STARTED]
----shard_id [test][3]
--------[test][3], node[mnkDt7gcTYGKum_TOOzG9g], [P], s[STARTED]
--------[test][3], node[null], [R], s[UNASSIGNED]
----shard_id [test][1]
--------[test][1], node[5y0yKnIhT0SpXiXfsH5mrg], [R], s[INITIALIZING]
--------[test][1], node[mnkDt7gcTYGKum_TOOzG9g], [P], s[STARTED]
----shard_id [test][2]
--------[test][2], node[mnkDt7gcTYGKum_TOOzG9g], [P], s[STARTED]
--------[test][2], node[null], [R], s[UNASSIGNED]

routing_nodes:
-----node_id[5y0yKnIhT0SpXiXfsH5mrg][V]
--------[test][0], node[5y0yKnIhT0SpXiXfsH5mrg], [R], s[INITIALIZING]
--------[test][1], node[5y0yKnIhT0SpXiXfsH5mrg], [R], s[INITIALIZING]
-----node_id[mnkDt7gcTYGKum_TOOzG9g][V]
--------[test][4], node[mnkDt7gcTYGKum_TOOzG9g], [P], s[STARTED]
--------[test][0], node[mnkDt7gcTYGKum_TOOzG9g], [P], s[STARTED]
--------[test][3], node[mnkDt7gcTYGKum_TOOzG9g], [P], s[STARTED]
--------[test][1], node[mnkDt7gcTYGKum_TOOzG9g], [P], s[STARTED]
--------[test][2], node[mnkDt7gcTYGKum_TOOzG9g], [P], s[STARTED]
---- unassigned
--------[test][4], node[null], [R], s[UNASSIGNED]
--------[test][3], node[null], [R], s[UNASSIGNED]
--------[test][2], node[null], [R], s[UNASSIGNED]

[2014-02-18 15:36:43,583][DEBUG][cluster.service          ] [node_0] publishing cluster state version 9
[2014-02-18 15:36:43,584][DEBUG][cluster.service          ] [node_1] processing [zen-disco-receive(from master [[node_0][mnkDt7gcTYGKum_TOOzG9g][Bills-MacBook-Pro.local][inet[/10.1.10.75:9303]]])]: execute
[2014-02-18 15:36:43,585][TRACE][cluster.service          ] [node_1] cluster state updated:
version [9], source [zen-disco-receive(from master [[node_0][mnkDt7gcTYGKum_TOOzG9g][Bills-MacBook-Pro.local][inet[/10.1.10.75:9303]]])]
nodes: 
   [node_1][5y0yKnIhT0SpXiXfsH5mrg][Bills-MacBook-Pro.local][inet[/10.1.10.75:9304]], local
   [node_0][mnkDt7gcTYGKum_TOOzG9g][Bills-MacBook-Pro.local][inet[/10.1.10.75:9303]], master
routing_table:
-- index [test]
----shard_id [test][4]
--------[test][4], node[mnkDt7gcTYGKum_TOOzG9g], [P], s[STARTED]
--------[test][4], node[null], [R], s[UNASSIGNED]
----shard_id [test][0]
--------[test][0], node[5y0yKnIhT0SpXiXfsH5mrg], [R], s[INITIALIZING]
--------[test][0], node[mnkDt7gcTYGKum_TOOzG9g], [P], s[STARTED]
----shard_id [test][3]
--------[test][3], node[mnkDt7gcTYGKum_TOOzG9g], [P], s[STARTED]
--------[test][3], node[null], [R], s[UNASSIGNED]
----shard_id [test][1]
--------[test][1], node[5y0yKnIhT0SpXiXfsH5mrg], [R], s[INITIALIZING]
--------[test][1], node[mnkDt7gcTYGKum_TOOzG9g], [P], s[STARTED]
----shard_id [test][2]
--------[test][2], node[mnkDt7gcTYGKum_TOOzG9g], [P], s[STARTED]
--------[test][2], node[null], [R], s[UNASSIGNED]

routing_nodes:
-----node_id[5y0yKnIhT0SpXiXfsH5mrg][V]
--------[test][0], node[5y0yKnIhT0SpXiXfsH5mrg], [R], s[INITIALIZING]
--------[test][1], node[5y0yKnIhT0SpXiXfsH5mrg], [R], s[INITIALIZING]
-----node_id[mnkDt7gcTYGKum_TOOzG9g][V]
--------[test][4], node[mnkDt7gcTYGKum_TOOzG9g], [P], s[STARTED]
--------[test][0], node[mnkDt7gcTYGKum_TOOzG9g], [P], s[STARTED]
--------[test][3], node[mnkDt7gcTYGKum_TOOzG9g], [P], s[STARTED]
--------[test][1], node[mnkDt7gcTYGKum_TOOzG9g], [P], s[STARTED]
--------[test][2], node[mnkDt7gcTYGKum_TOOzG9g], [P], s[STARTED]
---- unassigned
--------[test][4], node[null], [R], s[UNASSIGNED]
--------[test][3], node[null], [R], s[UNASSIGNED]
--------[test][2], node[null], [R], s[UNASSIGNED]

[2014-02-18 15:36:43,585][DEBUG][cluster.service          ] [node_1] set local cluster state to version 9
[2014-02-18 15:36:43,586][DEBUG][indices.cluster          ] [node_1] [test] creating index
[2014-02-18 15:36:43,602][DEBUG][indices.cluster          ] [node_1] [test] adding mapping [type1], source [{"type1":{"properties":{"test":{"type":"string"}}}}]
[2014-02-18 15:36:43,603][DEBUG][indices.cluster          ] [node_1] [test][0] creating shard
[2014-02-18 15:36:43,609][DEBUG][indices.cluster          ] [node_1] [test][1] creating shard
[2014-02-18 15:36:43,623][DEBUG][cluster.service          ] [node_1] processing [zen-disco-receive(from master [[node_0][mnkDt7gcTYGKum_TOOzG9g][Bills-MacBook-Pro.local][inet[/10.1.10.75:9303]]])]: done applying updated cluster_state (version: 9)
[2014-02-18 15:36:43,624][DEBUG][cluster.service          ] [node_0] set local cluster state to version 9
[2014-02-18 15:36:43,625][DEBUG][cluster.service          ] [node_0] processing [routing-table-updater]: done applying updated cluster_state (version: 9)
[2014-02-18 15:36:43,630][INFO ][node                     ] [node_2] initialized
[2014-02-18 15:36:43,630][INFO ][node                     ] [node_2] starting ...
[2014-02-18 15:36:43,644][INFO ][transport                ] [node_2] bound_address {inet[/0:0:0:0:0:0:0:0:9305]}, publish_address {inet[/10.1.10.75:9305]}
[2014-02-18 15:36:43,778][DEBUG][cluster.service          ] [node_0] processing [shard-started ([test][0], node[5y0yKnIhT0SpXiXfsH5mrg], [R], s[INITIALIZING]), reason [after recovery (replica) from node [[node_0][mnkDt7gcTYGKum_TOOzG9g][Bills-MacBook-Pro.local][inet[/10.1.10.75:9303]]]]]: execute
[2014-02-18 15:36:43,779][TRACE][cluster.service          ] [node_0] cluster state updated:
version [10], source [shard-started ([test][0], node[5y0yKnIhT0SpXiXfsH5mrg], [R], s[INITIALIZING]), reason [after recovery (replica) from node [[node_0][mnkDt7gcTYGKum_TOOzG9g][Bills-MacBook-Pro.local][inet[/10.1.10.75:9303]]]]]
nodes: 
   [node_1][5y0yKnIhT0SpXiXfsH5mrg][Bills-MacBook-Pro.local][inet[/10.1.10.75:9304]]
   [node_0][mnkDt7gcTYGKum_TOOzG9g][Bills-MacBook-Pro.local][inet[/10.1.10.75:9303]], local, master
routing_table:
-- index [test]
----shard_id [test][4]
--------[test][4], node[mnkDt7gcTYGKum_TOOzG9g], [P], s[STARTED]
--------[test][4], node[null], [R], s[UNASSIGNED]
----shard_id [test][0]
--------[test][0], node[5y0yKnIhT0SpXiXfsH5mrg], [R], s[STARTED]
--------[test][0], node[mnkDt7gcTYGKum_TOOzG9g], [P], s[STARTED]
----shard_id [test][3]
--------[test][3], node[5y0yKnIhT0SpXiXfsH5mrg], [R], s[INITIALIZING]
--------[test][3], node[mnkDt7gcTYGKum_TOOzG9g], [P], s[STARTED]
----shard_id [test][1]
--------[test][1], node[5y0yKnIhT0SpXiXfsH5mrg], [R], s[STARTED]
--------[test][1], node[mnkDt7gcTYGKum_TOOzG9g], [P], s[STARTED]
----shard_id [test][2]
--------[test][2], node[5y0yKnIhT0SpXiXfsH5mrg], [R], s[INITIALIZING]
--------[test][2], node[mnkDt7gcTYGKum_TOOzG9g], [P], s[STARTED]

routing_nodes:
-----node_id[5y0yKnIhT0SpXiXfsH5mrg][V]
--------[test][0], node[5y0yKnIhT0SpXiXfsH5mrg], [R], s[STARTED]
--------[test][3], node[5y0yKnIhT0SpXiXfsH5mrg], [R], s[INITIALIZING]
--------[test][1], node[5y0yKnIhT0SpXiXfsH5mrg], [R], s[STARTED]
--------[test][2], node[5y0yKnIhT0SpXiXfsH5mrg], [R], s[INITIALIZING]
-----node_id[mnkDt7gcTYGKum_TOOzG9g][V]
--------[test][4], node[mnkDt7gcTYGKum_TOOzG9g], [P], s[STARTED]
--------[test][0], node[mnkDt7gcTYGKum_TOOzG9g], [P], s[STARTED]
--------[test][3], node[mnkDt7gcTYGKum_TOOzG9g], [P], s[STARTED]
--------[test][1], node[mnkDt7gcTYGKum_TOOzG9g], [P], s[STARTED]
--------[test][2], node[mnkDt7gcTYGKum_TOOzG9g], [P], s[STARTED]
---- unassigned
--------[test][4], node[null], [R], s[UNASSIGNED]

[2014-02-18 15:36:43,780][DEBUG][cluster.service          ] [node_0] publishing cluster state version 10
[2014-02-18 15:36:43,784][DEBUG][cluster.service          ] [node_1] processing [zen-disco-receive(from master [[node_0][mnkDt7gcTYGKum_TOOzG9g][Bills-MacBook-Pro.local][inet[/10.1.10.75:9303]]])]: execute
[2014-02-18 15:36:43,787][TRACE][cluster.service          ] [node_1] cluster state updated:
version [10], source [zen-disco-receive(from master [[node_0][mnkDt7gcTYGKum_TOOzG9g][Bills-MacBook-Pro.local][inet[/10.1.10.75:9303]]])]
nodes: 
   [node_1][5y0yKnIhT0SpXiXfsH5mrg][Bills-MacBook-Pro.local][inet[/10.1.10.75:9304]], local
   [node_0][mnkDt7gcTYGKum_TOOzG9g][Bills-MacBook-Pro.local][inet[/10.1.10.75:9303]], master
routing_table:
-- index [test]
----shard_id [test][4]
--------[test][4], node[mnkDt7gcTYGKum_TOOzG9g], [P], s[STARTED]
--------[test][4], node[null], [R], s[UNASSIGNED]
----shard_id [test][0]
--------[test][0], node[5y0yKnIhT0SpXiXfsH5mrg], [R], s[STARTED]
--------[test][0], node[mnkDt7gcTYGKum_TOOzG9g], [P], s[STARTED]
----shard_id [test][3]
--------[test][3], node[5y0yKnIhT0SpXiXfsH5mrg], [R], s[INITIALIZING]
--------[test][3], node[mnkDt7gcTYGKum_TOOzG9g], [P], s[STARTED]
----shard_id [test][1]
--------[test][1], node[5y0yKnIhT0SpXiXfsH5mrg], [R], s[STARTED]
--------[test][1], node[mnkDt7gcTYGKum_TOOzG9g], [P], s[STARTED]
----shard_id [test][2]
--------[test][2], node[5y0yKnIhT0SpXiXfsH5mrg], [R], s[INITIALIZING]
--------[test][2], node[mnkDt7gcTYGKum_TOOzG9g], [P], s[STARTED]

routing_nodes:
-----node_id[5y0yKnIhT0SpXiXfsH5mrg][V]
--------[test][0], node[5y0yKnIhT0SpXiXfsH5mrg], [R], s[STARTED]
--------[test][3], node[5y0yKnIhT0SpXiXfsH5mrg], [R], s[INITIALIZING]
--------[test][1], node[5y0yKnIhT0SpXiXfsH5mrg], [R], s[STARTED]
--------[test][2], node[5y0yKnIhT0SpXiXfsH5mrg], [R], s[INITIALIZING]
-----node_id[mnkDt7gcTYGKum_TOOzG9g][V]
--------[test][4], node[mnkDt7gcTYGKum_TOOzG9g], [P], s[STARTED]
--------[test][0], node[mnkDt7gcTYGKum_TOOzG9g], [P], s[STARTED]
--------[test][3], node[mnkDt7gcTYGKum_TOOzG9g], [P], s[STARTED]
--------[test][1], node[mnkDt7gcTYGKum_TOOzG9g], [P], s[STARTED]
--------[test][2], node[mnkDt7gcTYGKum_TOOzG9g], [P], s[STARTED]
---- unassigned
--------[test][4], node[null], [R], s[UNASSIGNED]

[2014-02-18 15:36:43,787][DEBUG][cluster.service          ] [node_1] set local cluster state to version 10
[2014-02-18 15:36:43,788][DEBUG][indices.cluster          ] [node_1] [test][3] creating shard
[2014-02-18 15:36:43,804][DEBUG][indices.cluster          ] [node_1] [test][2] creating shard
[2014-02-18 15:36:43,820][DEBUG][cluster.service          ] [node_1] processing [zen-disco-receive(from master [[node_0][mnkDt7gcTYGKum_TOOzG9g][Bills-MacBook-Pro.local][inet[/10.1.10.75:9303]]])]: done applying updated cluster_state (version: 10)
[2014-02-18 15:36:43,821][DEBUG][cluster.service          ] [node_0] set local cluster state to version 10
[2014-02-18 15:36:43,827][DEBUG][cluster.service          ] [node_0] processing [shard-started ([test][0], node[5y0yKnIhT0SpXiXfsH5mrg], [R], s[INITIALIZING]), reason [after recovery (replica) from node [[node_0][mnkDt7gcTYGKum_TOOzG9g][Bills-MacBook-Pro.local][inet[/10.1.10.75:9303]]]]]: done applying updated cluster_state (version: 10)
[2014-02-18 15:36:43,827][DEBUG][cluster.service          ] [node_0] processing [shard-started ([test][1], node[5y0yKnIhT0SpXiXfsH5mrg], [R], s[INITIALIZING]), reason [after recovery (replica) from node [[node_0][mnkDt7gcTYGKum_TOOzG9g][Bills-MacBook-Pro.local][inet[/10.1.10.75:9303]]]]]: execute
[2014-02-18 15:36:43,827][DEBUG][cluster.service          ] [node_0] processing [shard-started ([test][1], node[5y0yKnIhT0SpXiXfsH5mrg], [R], s[INITIALIZING]), reason [after recovery (replica) from node [[node_0][mnkDt7gcTYGKum_TOOzG9g][Bills-MacBook-Pro.local][inet[/10.1.10.75:9303]]]]]: no change in cluster_state
[2014-02-18 15:36:43,990][DEBUG][cluster.service          ] [node_0] processing [shard-started ([test][2], node[5y0yKnIhT0SpXiXfsH5mrg], [R], s[INITIALIZING]), reason [after recovery (replica) from node [[node_0][mnkDt7gcTYGKum_TOOzG9g][Bills-MacBook-Pro.local][inet[/10.1.10.75:9303]]]]]: execute
[2014-02-18 15:36:43,991][TRACE][cluster.service          ] [node_0] cluster state updated:
version [11], source [shard-started ([test][2], node[5y0yKnIhT0SpXiXfsH5mrg], [R], s[INITIALIZING]), reason [after recovery (replica) from node [[node_0][mnkDt7gcTYGKum_TOOzG9g][Bills-MacBook-Pro.local][inet[/10.1.10.75:9303]]]]]
nodes: 
   [node_1][5y0yKnIhT0SpXiXfsH5mrg][Bills-MacBook-Pro.local][inet[/10.1.10.75:9304]]
   [node_0][mnkDt7gcTYGKum_TOOzG9g][Bills-MacBook-Pro.local][inet[/10.1.10.75:9303]], local, master
routing_table:
-- index [test]
----shard_id [test][4]
--------[test][4], node[5y0yKnIhT0SpXiXfsH5mrg], [R], s[INITIALIZING]
--------[test][4], node[mnkDt7gcTYGKum_TOOzG9g], [P], s[STARTED]
----shard_id [test][0]
--------[test][0], node[5y0yKnIhT0SpXiXfsH5mrg], [R], s[STARTED]
--------[test][0], node[mnkDt7gcTYGKum_TOOzG9g], [P], s[STARTED]
----shard_id [test][3]
--------[test][3], node[5y0yKnIhT0SpXiXfsH5mrg], [R], s[INITIALIZING]
--------[test][3], node[mnkDt7gcTYGKum_TOOzG9g], [P], s[STARTED]
----shard_id [test][1]
--------[test][1], node[5y0yKnIhT0SpXiXfsH5mrg], [R], s[STARTED]
--------[test][1], node[mnkDt7gcTYGKum_TOOzG9g], [P], s[STARTED]
----shard_id [test][2]
--------[test][2], node[5y0yKnIhT0SpXiXfsH5mrg], [R], s[STARTED]
--------[test][2], node[mnkDt7gcTYGKum_TOOzG9g], [P], s[STARTED]

routing_nodes:
-----node_id[5y0yKnIhT0SpXiXfsH5mrg][V]
--------[test][4], node[5y0yKnIhT0SpXiXfsH5mrg], [R], s[INITIALIZING]
--------[test][0], node[5y0yKnIhT0SpXiXfsH5mrg], [R], s[STARTED]
--------[test][3], node[5y0yKnIhT0SpXiXfsH5mrg], [R], s[INITIALIZING]
--------[test][1], node[5y0yKnIhT0SpXiXfsH5mrg], [R], s[STARTED]
--------[test][2], node[5y0yKnIhT0SpXiXfsH5mrg], [R], s[STARTED]
-----node_id[mnkDt7gcTYGKum_TOOzG9g][V]
--------[test][4], node[mnkDt7gcTYGKum_TOOzG9g], [P], s[STARTED]
--------[test][0], node[mnkDt7gcTYGKum_TOOzG9g], [P], s[STARTED]
--------[test][3], node[mnkDt7gcTYGKum_TOOzG9g], [P], s[STARTED]
--------[test][1], node[mnkDt7gcTYGKum_TOOzG9g], [P], s[STARTED]
--------[test][2], node[mnkDt7gcTYGKum_TOOzG9g], [P], s[STARTED]
---- unassigned

[2014-02-18 15:36:43,991][DEBUG][cluster.service          ] [node_0] publishing cluster state version 11
[2014-02-18 15:36:43,992][DEBUG][cluster.service          ] [node_1] processing [zen-disco-receive(from master [[node_0][mnkDt7gcTYGKum_TOOzG9g][Bills-MacBook-Pro.local][inet[/10.1.10.75:9303]]])]: execute
[2014-02-18 15:36:43,993][TRACE][cluster.service          ] [node_1] cluster state updated:
version [11], source [zen-disco-receive(from master [[node_0][mnkDt7gcTYGKum_TOOzG9g][Bills-MacBook-Pro.local][inet[/10.1.10.75:9303]]])]
nodes: 
   [node_1][5y0yKnIhT0SpXiXfsH5mrg][Bills-MacBook-Pro.local][inet[/10.1.10.75:9304]], local
   [node_0][mnkDt7gcTYGKum_TOOzG9g][Bills-MacBook-Pro.local][inet[/10.1.10.75:9303]], master
routing_table:
-- index [test]
----shard_id [test][4]
--------[test][4], node[5y0yKnIhT0SpXiXfsH5mrg], [R], s[INITIALIZING]
--------[test][4], node[mnkDt7gcTYGKum_TOOzG9g], [P], s[STARTED]
----shard_id [test][0]
--------[test][0], node[5y0yKnIhT0SpXiXfsH5mrg], [R], s[STARTED]
--------[test][0], node[mnkDt7gcTYGKum_TOOzG9g], [P], s[STARTED]
----shard_id [test][3]
--------[test][3], node[5y0yKnIhT0SpXiXfsH5mrg], [R], s[INITIALIZING]
--------[test][3], node[mnkDt7gcTYGKum_TOOzG9g], [P], s[STARTED]
----shard_id [test][1]
--------[test][1], node[5y0yKnIhT0SpXiXfsH5mrg], [R], s[STARTED]
--------[test][1], node[mnkDt7gcTYGKum_TOOzG9g], [P], s[STARTED]
----shard_id [test][2]
--------[test][2], node[5y0yKnIhT0SpXiXfsH5mrg], [R], s[STARTED]
--------[test][2], node[mnkDt7gcTYGKum_TOOzG9g], [P], s[STARTED]

routing_nodes:
-----node_id[5y0yKnIhT0SpXiXfsH5mrg][V]
--------[test][4], node[5y0yKnIhT0SpXiXfsH5mrg], [R], s[INITIALIZING]
--------[test][0], node[5y0yKnIhT0SpXiXfsH5mrg], [R], s[STARTED]
--------[test][3], node[5y0yKnIhT0SpXiXfsH5mrg], [R], s[INITIALIZING]
--------[test][1], node[5y0yKnIhT0SpXiXfsH5mrg], [R], s[STARTED]
--------[test][2], node[5y0yKnIhT0SpXiXfsH5mrg], [R], s[STARTED]
-----node_id[mnkDt7gcTYGKum_TOOzG9g][V]
--------[test][4], node[mnkDt7gcTYGKum_TOOzG9g], [P], s[STARTED]
--------[test][0], node[mnkDt7gcTYGKum_TOOzG9g], [P], s[STARTED]
--------[test][3], node[mnkDt7gcTYGKum_TOOzG9g], [P], s[STARTED]
--------[test][1], node[mnkDt7gcTYGKum_TOOzG9g], [P], s[STARTED]
--------[test][2], node[mnkDt7gcTYGKum_TOOzG9g], [P], s[STARTED]
---- unassigned

[2014-02-18 15:36:43,993][DEBUG][cluster.service          ] [node_1] set local cluster state to version 11
[2014-02-18 15:36:43,994][DEBUG][indices.cluster          ] [node_1] [test][4] creating shard
[2014-02-18 15:36:43,999][TRACE][indices.cluster          ] [node_1] [test][3] master marked shard as initializing, but shard has state [POST_RECOVERY], resending shard started
[2014-02-18 15:36:44,000][DEBUG][cluster.service          ] [node_1] processing [zen-disco-receive(from master [[node_0][mnkDt7gcTYGKum_TOOzG9g][Bills-MacBook-Pro.local][inet[/10.1.10.75:9303]]])]: done applying updated cluster_state (version: 11)
[2014-02-18 15:36:44,000][DEBUG][cluster.service          ] [node_0] set local cluster state to version 11
[2014-02-18 15:36:44,002][DEBUG][cluster.service          ] [node_0] processing [shard-started ([test][2], node[5y0yKnIhT0SpXiXfsH5mrg], [R], s[INITIALIZING]), reason [after recovery (replica) from node [[node_0][mnkDt7gcTYGKum_TOOzG9g][Bills-MacBook-Pro.local][inet[/10.1.10.75:9303]]]]]: done applying updated cluster_state (version: 11)
[2014-02-18 15:36:44,002][DEBUG][cluster.service          ] [node_0] processing [shard-started ([test][3], node[5y0yKnIhT0SpXiXfsH5mrg], [R], s[INITIALIZING]), reason [after recovery (replica) from node [[node_0][mnkDt7gcTYGKum_TOOzG9g][Bills-MacBook-Pro.local][inet[/10.1.10.75:9303]]]]]: execute
[2014-02-18 15:36:44,003][TRACE][cluster.service          ] [node_0] cluster state updated:
version [12], source [shard-started ([test][3], node[5y0yKnIhT0SpXiXfsH5mrg], [R], s[INITIALIZING]), reason [after recovery (replica) from node [[node_0][mnkDt7gcTYGKum_TOOzG9g][Bills-MacBook-Pro.local][inet[/10.1.10.75:9303]]]]]
nodes: 
   [node_1][5y0yKnIhT0SpXiXfsH5mrg][Bills-MacBook-Pro.local][inet[/10.1.10.75:9304]]
   [node_0][mnkDt7gcTYGKum_TOOzG9g][Bills-MacBook-Pro.local][inet[/10.1.10.75:9303]], local, master
routing_table:
-- index [test]
----shard_id [test][2]
--------[test][2], node[5y0yKnIhT0SpXiXfsH5mrg], [R], s[STARTED]
--------[test][2], node[mnkDt7gcTYGKum_TOOzG9g], [P], s[STARTED]
----shard_id [test][0]
--------[test][0], node[5y0yKnIhT0SpXiXfsH5mrg], [R], s[STARTED]
--------[test][0], node[mnkDt7gcTYGKum_TOOzG9g], [P], s[STARTED]
----shard_id [test][3]
--------[test][3], node[5y0yKnIhT0SpXiXfsH5mrg], [R], s[STARTED]
--------[test][3], node[mnkDt7gcTYGKum_TOOzG9g], [P], s[STARTED]
----shard_id [test][1]
--------[test][1], node[5y0yKnIhT0SpXiXfsH5mrg], [R], s[STARTED]
--------[test][1], node[mnkDt7gcTYGKum_TOOzG9g], [P], s[STARTED]
----shard_id [test][4]
--------[test][4], node[5y0yKnIhT0SpXiXfsH5mrg], [R], s[INITIALIZING]
--------[test][4], node[mnkDt7gcTYGKum_TOOzG9g], [P], s[STARTED]

routing_nodes:
-----node_id[5y0yKnIhT0SpXiXfsH5mrg][V]
--------[test][2], node[5y0yKnIhT0SpXiXfsH5mrg], [R], s[STARTED]
--------[test][0], node[5y0yKnIhT0SpXiXfsH5mrg], [R], s[STARTED]
--------[test][3], node[5y0yKnIhT0SpXiXfsH5mrg], [R], s[STARTED]
--------[test][1], node[5y0yKnIhT0SpXiXfsH5mrg], [R], s[STARTED]
--------[test][4], node[5y0yKnIhT0SpXiXfsH5mrg], [R], s[INITIALIZING]
-----node_id[mnkDt7gcTYGKum_TOOzG9g][V]
--------[test][2], node[mnkDt7gcTYGKum_TOOzG9g], [P], s[STARTED]
--------[test][0], node[mnkDt7gcTYGKum_TOOzG9g], [P], s[STARTED]
--------[test][3], node[mnkDt7gcTYGKum_TOOzG9g], [P], s[STARTED]
--------[test][1], node[mnkDt7gcTYGKum_TOOzG9g], [P], s[STARTED]
--------[test][4], node[mnkDt7gcTYGKum_TOOzG9g], [P], s[STARTED]
---- unassigned

[2014-02-18 15:36:44,003][DEBUG][cluster.service          ] [node_0] publishing cluster state version 12
[2014-02-18 15:36:44,005][DEBUG][cluster.service          ] [node_1] processing [zen-disco-receive(from master [[node_0][mnkDt7gcTYGKum_TOOzG9g][Bills-MacBook-Pro.local][inet[/10.1.10.75:9303]]])]: execute
[2014-02-18 15:36:44,006][TRACE][cluster.service          ] [node_1] cluster state updated:
version [12], source [zen-disco-receive(from master [[node_0][mnkDt7gcTYGKum_TOOzG9g][Bills-MacBook-Pro.local][inet[/10.1.10.75:9303]]])]
nodes: 
   [node_1][5y0yKnIhT0SpXiXfsH5mrg][Bills-MacBook-Pro.local][inet[/10.1.10.75:9304]], local
   [node_0][mnkDt7gcTYGKum_TOOzG9g][Bills-MacBook-Pro.local][inet[/10.1.10.75:9303]], master
routing_table:
-- index [test]
----shard_id [test][2]
--------[test][2], node[5y0yKnIhT0SpXiXfsH5mrg], [R], s[STARTED]
--------[test][2], node[mnkDt7gcTYGKum_TOOzG9g], [P], s[STARTED]
----shard_id [test][0]
--------[test][0], node[5y0yKnIhT0SpXiXfsH5mrg], [R], s[STARTED]
--------[test][0], node[mnkDt7gcTYGKum_TOOzG9g], [P], s[STARTED]
----shard_id [test][3]
--------[test][3], node[5y0yKnIhT0SpXiXfsH5mrg], [R], s[STARTED]
--------[test][3], node[mnkDt7gcTYGKum_TOOzG9g], [P], s[STARTED]
----shard_id [test][1]
--------[test][1], node[5y0yKnIhT0SpXiXfsH5mrg], [R], s[STARTED]
--------[test][1], node[mnkDt7gcTYGKum_TOOzG9g], [P], s[STARTED]
----shard_id [test][4]
--------[test][4], node[5y0yKnIhT0SpXiXfsH5mrg], [R], s[INITIALIZING]
--------[test][4], node[mnkDt7gcTYGKum_TOOzG9g], [P], s[STARTED]

routing_nodes:
-----node_id[5y0yKnIhT0SpXiXfsH5mrg][V]
--------[test][2], node[5y0yKnIhT0SpXiXfsH5mrg], [R], s[STARTED]
--------[test][0], node[5y0yKnIhT0SpXiXfsH5mrg], [R], s[STARTED]
--------[test][3], node[5y0yKnIhT0SpXiXfsH5mrg], [R], s[STARTED]
--------[test][1], node[5y0yKnIhT0SpXiXfsH5mrg], [R], s[STARTED]
--------[test][4], node[5y0yKnIhT0SpXiXfsH5mrg], [R], s[INITIALIZING]
-----node_id[mnkDt7gcTYGKum_TOOzG9g][V]
--------[test][2], node[mnkDt7gcTYGKum_TOOzG9g], [P], s[STARTED]
--------[test][0], node[mnkDt7gcTYGKum_TOOzG9g], [P], s[STARTED]
--------[test][3], node[mnkDt7gcTYGKum_TOOzG9g], [P], s[STARTED]
--------[test][1], node[mnkDt7gcTYGKum_TOOzG9g], [P], s[STARTED]
--------[test][4], node[mnkDt7gcTYGKum_TOOzG9g], [P], s[STARTED]
---- unassigned

[2014-02-18 15:36:44,006][DEBUG][cluster.service          ] [node_1] set local cluster state to version 12
[2014-02-18 15:36:44,007][DEBUG][cluster.service          ] [node_1] processing [zen-disco-receive(from master [[node_0][mnkDt7gcTYGKum_TOOzG9g][Bills-MacBook-Pro.local][inet[/10.1.10.75:9303]]])]: done applying updated cluster_state (version: 12)
[2014-02-18 15:36:44,007][DEBUG][cluster.service          ] [node_0] set local cluster state to version 12
[2014-02-18 15:36:44,008][DEBUG][cluster.service          ] [node_0] processing [shard-started ([test][3], node[5y0yKnIhT0SpXiXfsH5mrg], [R], s[INITIALIZING]), reason [after recovery (replica) from node [[node_0][mnkDt7gcTYGKum_TOOzG9g][Bills-MacBook-Pro.local][inet[/10.1.10.75:9303]]]]]: done applying updated cluster_state (version: 12)
[2014-02-18 15:36:44,008][DEBUG][cluster.service          ] [node_0] processing [shard-started ([test][3], node[5y0yKnIhT0SpXiXfsH5mrg], [R], s[INITIALIZING]), reason [master [node_0][mnkDt7gcTYGKum_TOOzG9g][Bills-MacBook-Pro.local][inet[/10.1.10.75:9303]] marked shard as initializing, but shard state is [POST_RECOVERY], mark shard as started]]: execute
[2014-02-18 15:36:44,009][DEBUG][cluster.service          ] [node_0] processing [shard-started ([test][3], node[5y0yKnIhT0SpXiXfsH5mrg], [R], s[INITIALIZING]), reason [master [node_0][mnkDt7gcTYGKum_TOOzG9g][Bills-MacBook-Pro.local][inet[/10.1.10.75:9303]] marked shard as initializing, but shard state is [POST_RECOVERY], mark shard as started]]: no change in cluster_state
[2014-02-18 15:36:44,114][DEBUG][cluster.service          ] [node_0] processing [shard-started ([test][4], node[5y0yKnIhT0SpXiXfsH5mrg], [R], s[INITIALIZING]), reason [after recovery (replica) from node [[node_0][mnkDt7gcTYGKum_TOOzG9g][Bills-MacBook-Pro.local][inet[/10.1.10.75:9303]]]]]: execute
[2014-02-18 15:36:44,114][TRACE][cluster.service          ] [node_0] cluster state updated:
version [13], source [shard-started ([test][4], node[5y0yKnIhT0SpXiXfsH5mrg], [R], s[INITIALIZING]), reason [after recovery (replica) from node [[node_0][mnkDt7gcTYGKum_TOOzG9g][Bills-MacBook-Pro.local][inet[/10.1.10.75:9303]]]]]
nodes: 
   [node_1][5y0yKnIhT0SpXiXfsH5mrg][Bills-MacBook-Pro.local][inet[/10.1.10.75:9304]]
   [node_0][mnkDt7gcTYGKum_TOOzG9g][Bills-MacBook-Pro.local][inet[/10.1.10.75:9303]], local, master
routing_table:
-- index [test]
----shard_id [test][4]
--------[test][4], node[5y0yKnIhT0SpXiXfsH5mrg], [R], s[STARTED]
--------[test][4], node[mnkDt7gcTYGKum_TOOzG9g], [P], s[STARTED]
----shard_id [test][0]
--------[test][0], node[5y0yKnIhT0SpXiXfsH5mrg], [R], s[STARTED]
--------[test][0], node[mnkDt7gcTYGKum_TOOzG9g], [P], s[STARTED]
----shard_id [test][3]
--------[test][3], node[5y0yKnIhT0SpXiXfsH5mrg], [R], s[STARTED]
--------[test][3], node[mnkDt7gcTYGKum_TOOzG9g], [P], s[STARTED]
----shard_id [test][1]
--------[test][1], node[5y0yKnIhT0SpXiXfsH5mrg], [R], s[STARTED]
--------[test][1], node[mnkDt7gcTYGKum_TOOzG9g], [P], s[STARTED]
----shard_id [test][2]
--------[test][2], node[5y0yKnIhT0SpXiXfsH5mrg], [R], s[STARTED]
--------[test][2], node[mnkDt7gcTYGKum_TOOzG9g], [P], s[STARTED]

routing_nodes:
-----node_id[5y0yKnIhT0SpXiXfsH5mrg][V]
--------[test][4], node[5y0yKnIhT0SpXiXfsH5mrg], [R], s[STARTED]
--------[test][0], node[5y0yKnIhT0SpXiXfsH5mrg], [R], s[STARTED]
--------[test][3], node[5y0yKnIhT0SpXiXfsH5mrg], [R], s[STARTED]
--------[test][1], node[5y0yKnIhT0SpXiXfsH5mrg], [R], s[STARTED]
--------[test][2], node[5y0yKnIhT0SpXiXfsH5mrg], [R], s[STARTED]
-----node_id[mnkDt7gcTYGKum_TOOzG9g][V]
--------[test][4], node[mnkDt7gcTYGKum_TOOzG9g], [P], s[STARTED]
--------[test][0], node[mnkDt7gcTYGKum_TOOzG9g], [P], s[STARTED]
--------[test][3], node[mnkDt7gcTYGKum_TOOzG9g], [P], s[STARTED]
--------[test][1], node[mnkDt7gcTYGKum_TOOzG9g], [P], s[STARTED]
--------[test][2], node[mnkDt7gcTYGKum_TOOzG9g], [P], s[STARTED]
---- unassigned

[2014-02-18 15:36:44,115][DEBUG][cluster.service          ] [node_0] publishing cluster state version 13
[2014-02-18 15:36:44,116][DEBUG][cluster.service          ] [node_1] processing [zen-disco-receive(from master [[node_0][mnkDt7gcTYGKum_TOOzG9g][Bills-MacBook-Pro.local][inet[/10.1.10.75:9303]]])]: execute
[2014-02-18 15:36:44,118][TRACE][cluster.service          ] [node_1] cluster state updated:
version [13], source [zen-disco-receive(from master [[node_0][mnkDt7gcTYGKum_TOOzG9g][Bills-MacBook-Pro.local][inet[/10.1.10.75:9303]]])]
nodes: 
   [node_1][5y0yKnIhT0SpXiXfsH5mrg][Bills-MacBook-Pro.local][inet[/10.1.10.75:9304]], local
   [node_0][mnkDt7gcTYGKum_TOOzG9g][Bills-MacBook-Pro.local][inet[/10.1.10.75:9303]], master
routing_table:
-- index [test]
----shard_id [test][4]
--------[test][4], node[5y0yKnIhT0SpXiXfsH5mrg], [R], s[STARTED]
--------[test][4], node[mnkDt7gcTYGKum_TOOzG9g], [P], s[STARTED]
----shard_id [test][0]
--------[test][0], node[5y0yKnIhT0SpXiXfsH5mrg], [R], s[STARTED]
--------[test][0], node[mnkDt7gcTYGKum_TOOzG9g], [P], s[STARTED]
----shard_id [test][3]
--------[test][3], node[5y0yKnIhT0SpXiXfsH5mrg], [R], s[STARTED]
--------[test][3], node[mnkDt7gcTYGKum_TOOzG9g], [P], s[STARTED]
----shard_id [test][1]
--------[test][1], node[5y0yKnIhT0SpXiXfsH5mrg], [R], s[STARTED]
--------[test][1], node[mnkDt7gcTYGKum_TOOzG9g], [P], s[STARTED]
----shard_id [test][2]
--------[test][2], node[5y0yKnIhT0SpXiXfsH5mrg], [R], s[STARTED]
--------[test][2], node[mnkDt7gcTYGKum_TOOzG9g], [P], s[STARTED]

routing_nodes:
-----node_id[5y0yKnIhT0SpXiXfsH5mrg][V]
--------[test][4], node[5y0yKnIhT0SpXiXfsH5mrg], [R], s[STARTED]
--------[test][0], node[5y0yKnIhT0SpXiXfsH5mrg], [R], s[STARTED]
--------[test][3], node[5y0yKnIhT0SpXiXfsH5mrg], [R], s[STARTED]
--------[test][1], node[5y0yKnIhT0SpXiXfsH5mrg], [R], s[STARTED]
--------[test][2], node[5y0yKnIhT0SpXiXfsH5mrg], [R], s[STARTED]
-----node_id[mnkDt7gcTYGKum_TOOzG9g][V]
--------[test][4], node[mnkDt7gcTYGKum_TOOzG9g], [P], s[STARTED]
--------[test][0], node[mnkDt7gcTYGKum_TOOzG9g], [P], s[STARTED]
--------[test][3], node[mnkDt7gcTYGKum_TOOzG9g], [P], s[STARTED]
--------[test][1], node[mnkDt7gcTYGKum_TOOzG9g], [P], s[STARTED]
--------[test][2], node[mnkDt7gcTYGKum_TOOzG9g], [P], s[STARTED]
---- unassigned

[2014-02-18 15:36:44,119][DEBUG][cluster.service          ] [node_1] set local cluster state to version 13
[2014-02-18 15:36:44,119][DEBUG][cluster.service          ] [node_1] processing [zen-disco-receive(from master [[node_0][mnkDt7gcTYGKum_TOOzG9g][Bills-MacBook-Pro.local][inet[/10.1.10.75:9303]]])]: done applying updated cluster_state (version: 13)
[2014-02-18 15:36:44,119][DEBUG][cluster.service          ] [node_0] set local cluster state to version 13
[2014-02-18 15:36:44,120][DEBUG][cluster.service          ] [node_0] processing [shard-started ([test][4], node[5y0yKnIhT0SpXiXfsH5mrg], [R], s[INITIALIZING]), reason [after recovery (replica) from node [[node_0][mnkDt7gcTYGKum_TOOzG9g][Bills-MacBook-Pro.local][inet[/10.1.10.75:9303]]]]]: done applying updated cluster_state (version: 13)
[2014-02-18 15:36:46,663][DEBUG][cluster.service          ] [node_0] processing [zen-disco-receive(join from node[[node_2][iMrqAb_7RzOiI6A65zlD4g][Bills-MacBook-Pro.local][inet[/10.1.10.75:9305]]])]: execute
[2014-02-18 15:36:46,664][TRACE][cluster.service          ] [node_0] cluster state updated:
version [14], source [zen-disco-receive(join from node[[node_2][iMrqAb_7RzOiI6A65zlD4g][Bills-MacBook-Pro.local][inet[/10.1.10.75:9305]]])]
nodes: 
   [node_1][5y0yKnIhT0SpXiXfsH5mrg][Bills-MacBook-Pro.local][inet[/10.1.10.75:9304]]
   [node_0][mnkDt7gcTYGKum_TOOzG9g][Bills-MacBook-Pro.local][inet[/10.1.10.75:9303]], local, master
   [node_2][iMrqAb_7RzOiI6A65zlD4g][Bills-MacBook-Pro.local][inet[/10.1.10.75:9305]]
routing_table:
-- index [test]
----shard_id [test][4]
--------[test][4], node[5y0yKnIhT0SpXiXfsH5mrg], [R], s[STARTED]
--------[test][4], node[mnkDt7gcTYGKum_TOOzG9g], [P], s[STARTED]
----shard_id [test][0]
--------[test][0], node[5y0yKnIhT0SpXiXfsH5mrg], [R], s[STARTED]
--------[test][0], node[mnkDt7gcTYGKum_TOOzG9g], [P], s[STARTED]
----shard_id [test][3]
--------[test][3], node[5y0yKnIhT0SpXiXfsH5mrg], [R], s[STARTED]
--------[test][3], node[mnkDt7gcTYGKum_TOOzG9g], [P], s[STARTED]
----shard_id [test][1]
--------[test][1], node[5y0yKnIhT0SpXiXfsH5mrg], [R], s[STARTED]
--------[test][1], node[mnkDt7gcTYGKum_TOOzG9g], [P], s[STARTED]
----shard_id [test][2]
--------[test][2], node[5y0yKnIhT0SpXiXfsH5mrg], [R], s[STARTED]
--------[test][2], node[mnkDt7gcTYGKum_TOOzG9g], [P], s[STARTED]

routing_nodes:
-----node_id[5y0yKnIhT0SpXiXfsH5mrg][V]
--------[test][4], node[5y0yKnIhT0SpXiXfsH5mrg], [R], s[STARTED]
--------[test][0], node[5y0yKnIhT0SpXiXfsH5mrg], [R], s[STARTED]
--------[test][3], node[5y0yKnIhT0SpXiXfsH5mrg], [R], s[STARTED]
--------[test][1], node[5y0yKnIhT0SpXiXfsH5mrg], [R], s[STARTED]
--------[test][2], node[5y0yKnIhT0SpXiXfsH5mrg], [R], s[STARTED]
-----node_id[mnkDt7gcTYGKum_TOOzG9g][V]
--------[test][4], node[mnkDt7gcTYGKum_TOOzG9g], [P], s[STARTED]
--------[test][0], node[mnkDt7gcTYGKum_TOOzG9g], [P], s[STARTED]
--------[test][3], node[mnkDt7gcTYGKum_TOOzG9g], [P], s[STARTED]
--------[test][1], node[mnkDt7gcTYGKum_TOOzG9g], [P], s[STARTED]
--------[test][2], node[mnkDt7gcTYGKum_TOOzG9g], [P], s[STARTED]
-----node_id[iMrqAb_7RzOiI6A65zlD4g][V]
---- unassigned

[2014-02-18 15:36:46,664][INFO ][cluster.service          ] [node_0] added {[node_2][iMrqAb_7RzOiI6A65zlD4g][Bills-MacBook-Pro.local][inet[/10.1.10.75:9305]],}, reason: zen-disco-receive(join from node[[node_2][iMrqAb_7RzOiI6A65zlD4g][Bills-MacBook-Pro.local][inet[/10.1.10.75:9305]]])
[2014-02-18 15:36:46,664][DEBUG][cluster.service          ] [node_0] publishing cluster state version 14
[2014-02-18 15:36:46,665][DEBUG][cluster.service          ] [node_1] processing [zen-disco-receive(from master [[node_0][mnkDt7gcTYGKum_TOOzG9g][Bills-MacBook-Pro.local][inet[/10.1.10.75:9303]]])]: execute
[2014-02-18 15:36:46,666][DEBUG][cluster.service          ] [node_2] processing [zen-disco-receive(from master [[node_0][mnkDt7gcTYGKum_TOOzG9g][Bills-MacBook-Pro.local][inet[/10.1.10.75:9303]]])]: execute
[2014-02-18 15:36:46,666][TRACE][cluster.service          ] [node_1] cluster state updated:
version [14], source [zen-disco-receive(from master [[node_0][mnkDt7gcTYGKum_TOOzG9g][Bills-MacBook-Pro.local][inet[/10.1.10.75:9303]]])]
nodes: 
   [node_1][5y0yKnIhT0SpXiXfsH5mrg][Bills-MacBook-Pro.local][inet[/10.1.10.75:9304]], local
   [node_0][mnkDt7gcTYGKum_TOOzG9g][Bills-MacBook-Pro.local][inet[/10.1.10.75:9303]], master
   [node_2][iMrqAb_7RzOiI6A65zlD4g][Bills-MacBook-Pro.local][inet[/10.1.10.75:9305]]
routing_table:
-- index [test]
----shard_id [test][4]
--------[test][4], node[5y0yKnIhT0SpXiXfsH5mrg], [R], s[STARTED]
--------[test][4], node[mnkDt7gcTYGKum_TOOzG9g], [P], s[STARTED]
----shard_id [test][0]
--------[test][0], node[5y0yKnIhT0SpXiXfsH5mrg], [R], s[STARTED]
--------[test][0], node[mnkDt7gcTYGKum_TOOzG9g], [P], s[STARTED]
----shard_id [test][3]
--------[test][3], node[5y0yKnIhT0SpXiXfsH5mrg], [R], s[STARTED]
--------[test][3], node[mnkDt7gcTYGKum_TOOzG9g], [P], s[STARTED]
----shard_id [test][1]
--------[test][1], node[5y0yKnIhT0SpXiXfsH5mrg], [R], s[STARTED]
--------[test][1], node[mnkDt7gcTYGKum_TOOzG9g], [P], s[STARTED]
----shard_id [test][2]
--------[test][2], node[5y0yKnIhT0SpXiXfsH5mrg], [R], s[STARTED]
--------[test][2], node[mnkDt7gcTYGKum_TOOzG9g], [P], s[STARTED]

routing_nodes:
-----node_id[5y0yKnIhT0SpXiXfsH5mrg][V]
--------[test][4], node[5y0yKnIhT0SpXiXfsH5mrg], [R], s[STARTED]
--------[test][0], node[5y0yKnIhT0SpXiXfsH5mrg], [R], s[STARTED]
--------[test][3], node[5y0yKnIhT0SpXiXfsH5mrg], [R], s[STARTED]
--------[test][1], node[5y0yKnIhT0SpXiXfsH5mrg], [R], s[STARTED]
--------[test][2], node[5y0yKnIhT0SpXiXfsH5mrg], [R], s[STARTED]
-----node_id[mnkDt7gcTYGKum_TOOzG9g][V]
--------[test][4], node[mnkDt7gcTYGKum_TOOzG9g], [P], s[STARTED]
--------[test][0], node[mnkDt7gcTYGKum_TOOzG9g], [P], s[STARTED]
--------[test][3], node[mnkDt7gcTYGKum_TOOzG9g], [P], s[STARTED]
--------[test][1], node[mnkDt7gcTYGKum_TOOzG9g], [P], s[STARTED]
--------[test][2], node[mnkDt7gcTYGKum_TOOzG9g], [P], s[STARTED]
-----node_id[iMrqAb_7RzOiI6A65zlD4g][V]
---- unassigned

[2014-02-18 15:36:46,666][DEBUG][cluster.service          ] [node_2] got first state from fresh master [mnkDt7gcTYGKum_TOOzG9g]
[2014-02-18 15:36:46,666][INFO ][cluster.service          ] [node_1] added {[node_2][iMrqAb_7RzOiI6A65zlD4g][Bills-MacBook-Pro.local][inet[/10.1.10.75:9305]],}, reason: zen-disco-receive(from master [[node_0][mnkDt7gcTYGKum_TOOzG9g][Bills-MacBook-Pro.local][inet[/10.1.10.75:9303]]])
[2014-02-18 15:36:46,667][TRACE][cluster.service          ] [node_2] cluster state updated:
version [14], source [zen-disco-receive(from master [[node_0][mnkDt7gcTYGKum_TOOzG9g][Bills-MacBook-Pro.local][inet[/10.1.10.75:9303]]])]
nodes: 
   [node_1][5y0yKnIhT0SpXiXfsH5mrg][Bills-MacBook-Pro.local][inet[/10.1.10.75:9304]]
   [node_0][mnkDt7gcTYGKum_TOOzG9g][Bills-MacBook-Pro.local][inet[/10.1.10.75:9303]], master
   [node_2][iMrqAb_7RzOiI6A65zlD4g][Bills-MacBook-Pro.local][inet[/10.1.10.75:9305]], local
routing_table:
-- index [test]
----shard_id [test][2]
--------[test][2], node[5y0yKnIhT0SpXiXfsH5mrg], [R], s[STARTED]
--------[test][2], node[mnkDt7gcTYGKum_TOOzG9g], [P], s[STARTED]
----shard_id [test][0]
--------[test][0], node[5y0yKnIhT0SpXiXfsH5mrg], [R], s[STARTED]
--------[test][0], node[mnkDt7gcTYGKum_TOOzG9g], [P], s[STARTED]
----shard_id [test][3]
--------[test][3], node[5y0yKnIhT0SpXiXfsH5mrg], [R], s[STARTED]
--------[test][3], node[mnkDt7gcTYGKum_TOOzG9g], [P], s[STARTED]
----shard_id [test][1]
--------[test][1], node[5y0yKnIhT0SpXiXfsH5mrg], [R], s[STARTED]
--------[test][1], node[mnkDt7gcTYGKum_TOOzG9g], [P], s[STARTED]
----shard_id [test][4]
--------[test][4], node[5y0yKnIhT0SpXiXfsH5mrg], [R], s[STARTED]
--------[test][4], node[mnkDt7gcTYGKum_TOOzG9g], [P], s[STARTED]

routing_nodes:
-----node_id[5y0yKnIhT0SpXiXfsH5mrg][V]
--------[test][2], node[5y0yKnIhT0SpXiXfsH5mrg], [R], s[STARTED]
--------[test][0], node[5y0yKnIhT0SpXiXfsH5mrg], [R], s[STARTED]
--------[test][3], node[5y0yKnIhT0SpXiXfsH5mrg], [R], s[STARTED]
--------[test][1], node[5y0yKnIhT0SpXiXfsH5mrg], [R], s[STARTED]
--------[test][4], node[5y0yKnIhT0SpXiXfsH5mrg], [R], s[STARTED]
-----node_id[mnkDt7gcTYGKum_TOOzG9g][V]
--------[test][2], node[mnkDt7gcTYGKum_TOOzG9g], [P], s[STARTED]
--------[test][0], node[mnkDt7gcTYGKum_TOOzG9g], [P], s[STARTED]
--------[test][3], node[mnkDt7gcTYGKum_TOOzG9g], [P], s[STARTED]
--------[test][1], node[mnkDt7gcTYGKum_TOOzG9g], [P], s[STARTED]
--------[test][4], node[mnkDt7gcTYGKum_TOOzG9g], [P], s[STARTED]
-----node_id[iMrqAb_7RzOiI6A65zlD4g][V]
---- unassigned

[2014-02-18 15:36:46,667][DEBUG][cluster.service          ] [node_1] set local cluster state to version 14
[2014-02-18 15:36:46,668][INFO ][cluster.service          ] [node_2] detected_master [node_0][mnkDt7gcTYGKum_TOOzG9g][Bills-MacBook-Pro.local][inet[/10.1.10.75:9303]], added {[node_1][5y0yKnIhT0SpXiXfsH5mrg][Bills-MacBook-Pro.local][inet[/10.1.10.75:9304]],[node_0][mnkDt7gcTYGKum_TOOzG9g][Bills-MacBook-Pro.local][inet[/10.1.10.75:9303]],}, reason: zen-disco-receive(from master [[node_0][mnkDt7gcTYGKum_TOOzG9g][Bills-MacBook-Pro.local][inet[/10.1.10.75:9303]]])
[2014-02-18 15:36:46,668][DEBUG][cluster.service          ] [node_1] processing [zen-disco-receive(from master [[node_0][mnkDt7gcTYGKum_TOOzG9g][Bills-MacBook-Pro.local][inet[/10.1.10.75:9303]]])]: done applying updated cluster_state (version: 14)
[2014-02-18 15:36:46,693][DEBUG][cluster.service          ] [node_2] set local cluster state to version 14
[2014-02-18 15:36:46,695][DEBUG][cluster.service          ] [node_2] processing [zen-disco-receive(from master [[node_0][mnkDt7gcTYGKum_TOOzG9g][Bills-MacBook-Pro.local][inet[/10.1.10.75:9303]]])]: done applying updated cluster_state (version: 14)
[2014-02-18 15:36:46,695][DEBUG][cluster.service          ] [node_0] set local cluster state to version 14
[2014-02-18 15:36:46,695][INFO ][discovery                ] [node_2] TEST-Bills-MacBook-Pro.local-CHILD_VM=[0]-CLUSTER_SEED=[1524955850269721296]-HASH=[135419D70D01DD98]/iMrqAb_7RzOiI6A65zlD4g
[2014-02-18 15:36:46,695][DEBUG][cluster.service          ] [node_0] processing [zen-disco-receive(join from node[[node_2][iMrqAb_7RzOiI6A65zlD4g][Bills-MacBook-Pro.local][inet[/10.1.10.75:9305]]])]: done applying updated cluster_state (version: 14)
[2014-02-18 15:36:46,699][INFO ][http                     ] [node_2] bound_address {inet[/0:0:0:0:0:0:0:0:9205]}, publish_address {inet[/10.1.10.75:9205]}
[2014-02-18 15:36:46,699][DEBUG][cluster.service          ] [node_2] processing [updating local node id]: execute
[2014-02-18 15:36:46,699][TRACE][cluster.service          ] [node_2] cluster state updated:
version [14], source [updating local node id]
nodes: 
   [node_1][5y0yKnIhT0SpXiXfsH5mrg][Bills-MacBook-Pro.local][inet[/10.1.10.75:9304]]
   [node_0][mnkDt7gcTYGKum_TOOzG9g][Bills-MacBook-Pro.local][inet[/10.1.10.75:9303]], master
   [node_2][iMrqAb_7RzOiI6A65zlD4g][Bills-MacBook-Pro.local][inet[/10.1.10.75:9305]], local
routing_table:
-- index [test]
----shard_id [test][2]
--------[test][2], node[5y0yKnIhT0SpXiXfsH5mrg], [R], s[STARTED]
--------[test][2], node[mnkDt7gcTYGKum_TOOzG9g], [P], s[STARTED]
----shard_id [test][0]
--------[test][0], node[5y0yKnIhT0SpXiXfsH5mrg], [R], s[STARTED]
--------[test][0], node[mnkDt7gcTYGKum_TOOzG9g], [P], s[STARTED]
----shard_id [test][3]
--------[test][3], node[5y0yKnIhT0SpXiXfsH5mrg], [R], s[STARTED]
--------[test][3], node[mnkDt7gcTYGKum_TOOzG9g], [P], s[STARTED]
----shard_id [test][1]
--------[test][1], node[5y0yKnIhT0SpXiXfsH5mrg], [R], s[STARTED]
--------[test][1], node[mnkDt7gcTYGKum_TOOzG9g], [P], s[STARTED]
----shard_id [test][4]
--------[test][4], node[5y0yKnIhT0SpXiXfsH5mrg], [R], s[STARTED]
--------[test][4], node[mnkDt7gcTYGKum_TOOzG9g], [P], s[STARTED]

routing_nodes:
-----node_id[5y0yKnIhT0SpXiXfsH5mrg][V]
--------[test][2], node[5y0yKnIhT0SpXiXfsH5mrg], [R], s[STARTED]
--------[test][0], node[5y0yKnIhT0SpXiXfsH5mrg], [R], s[STARTED]
--------[test][3], node[5y0yKnIhT0SpXiXfsH5mrg], [R], s[STARTED]
--------[test][1], node[5y0yKnIhT0SpXiXfsH5mrg], [R], s[STARTED]
--------[test][4], node[5y0yKnIhT0SpXiXfsH5mrg], [R], s[STARTED]
-----node_id[mnkDt7gcTYGKum_TOOzG9g][V]
--------[test][2], node[mnkDt7gcTYGKum_TOOzG9g], [P], s[STARTED]
--------[test][0], node[mnkDt7gcTYGKum_TOOzG9g], [P], s[STARTED]
--------[test][3], node[mnkDt7gcTYGKum_TOOzG9g], [P], s[STARTED]
--------[test][1], node[mnkDt7gcTYGKum_TOOzG9g], [P], s[STARTED]
--------[test][4], node[mnkDt7gcTYGKum_TOOzG9g], [P], s[STARTED]
-----node_id[iMrqAb_7RzOiI6A65zlD4g][V]
---- unassigned

[2014-02-18 15:36:46,700][DEBUG][cluster.service          ] [node_2] set local cluster state to version 14
[2014-02-18 15:36:46,700][DEBUG][cluster.service          ] [node_2] processing [updating local node id]: done applying updated cluster_state (version: 14)
[2014-02-18 15:36:46,700][INFO ][node                     ] [node_2] started
[2014-02-18 15:36:46,701][DEBUG][cluster.service          ] [node_0] processing [cluster_health (wait_for_events [LANGUID])]: execute
[2014-02-18 15:36:46,701][DEBUG][cluster.service          ] [node_0] processing [cluster_health (wait_for_events [LANGUID])]: no change in cluster_state
[2014-02-18 15:36:46,703][INFO ][node                     ] [node_3] version[1.0.0], pid[6815], build[a46900e/2014-02-18T23:32:25Z]
[2014-02-18 15:36:46,703][INFO ][node                     ] [node_3] initializing ...
[2014-02-18 15:36:46,703][INFO ][plugins                  ] [node_3] loaded [], sites []
[2014-02-18 15:36:46,742][DEBUG][cluster.service          ] [node_0] processing [routing-table-updater]: execute
[2014-02-18 15:36:46,744][TRACE][cluster.service          ] [node_0] cluster state updated:
version [15], source [routing-table-updater]
nodes: 
   [node_1][5y0yKnIhT0SpXiXfsH5mrg][Bills-MacBook-Pro.local][inet[/10.1.10.75:9304]]
   [node_0][mnkDt7gcTYGKum_TOOzG9g][Bills-MacBook-Pro.local][inet[/10.1.10.75:9303]], local, master
   [node_2][iMrqAb_7RzOiI6A65zlD4g][Bills-MacBook-Pro.local][inet[/10.1.10.75:9305]]
routing_table:
-- index [test]
----shard_id [test][2]
--------[test][2], node[5y0yKnIhT0SpXiXfsH5mrg], [R], s[STARTED]
--------[test][2], node[mnkDt7gcTYGKum_TOOzG9g], [P], s[STARTED]
----shard_id [test][0]
--------[test][0], node[5y0yKnIhT0SpXiXfsH5mrg], [R], s[STARTED]
--------[test][0], node[mnkDt7gcTYGKum_TOOzG9g], relocating [iMrqAb_7RzOiI6A65zlD4g], [P], s[RELOCATING]
----shard_id [test][3]
--------[test][3], node[5y0yKnIhT0SpXiXfsH5mrg], [R], s[STARTED]
--------[test][3], node[mnkDt7gcTYGKum_TOOzG9g], [P], s[STARTED]
----shard_id [test][1]
--------[test][1], node[5y0yKnIhT0SpXiXfsH5mrg], relocating [iMrqAb_7RzOiI6A65zlD4g], [R], s[RELOCATING]
--------[test][1], node[mnkDt7gcTYGKum_TOOzG9g], [P], s[STARTED]
----shard_id [test][4]
--------[test][4], node[5y0yKnIhT0SpXiXfsH5mrg], [R], s[STARTED]
--------[test][4], node[mnkDt7gcTYGKum_TOOzG9g], [P], s[STARTED]

routing_nodes:
-----node_id[5y0yKnIhT0SpXiXfsH5mrg][V]
--------[test][2], node[5y0yKnIhT0SpXiXfsH5mrg], [R], s[STARTED]
--------[test][0], node[5y0yKnIhT0SpXiXfsH5mrg], [R], s[STARTED]
--------[test][3], node[5y0yKnIhT0SpXiXfsH5mrg], [R], s[STARTED]
--------[test][1], node[5y0yKnIhT0SpXiXfsH5mrg], relocating [iMrqAb_7RzOiI6A65zlD4g], [R], s[RELOCATING]
--------[test][4], node[5y0yKnIhT0SpXiXfsH5mrg], [R], s[STARTED]
-----node_id[mnkDt7gcTYGKum_TOOzG9g][V]
--------[test][2], node[mnkDt7gcTYGKum_TOOzG9g], [P], s[STARTED]
--------[test][0], node[mnkDt7gcTYGKum_TOOzG9g], relocating [iMrqAb_7RzOiI6A65zlD4g], [P], s[RELOCATING]
--------[test][3], node[mnkDt7gcTYGKum_TOOzG9g], [P], s[STARTED]
--------[test][1], node[mnkDt7gcTYGKum_TOOzG9g], [P], s[STARTED]
--------[test][4], node[mnkDt7gcTYGKum_TOOzG9g], [P], s[STARTED]
-----node_id[iMrqAb_7RzOiI6A65zlD4g][V]
--------[test][0], node[iMrqAb_7RzOiI6A65zlD4g], relocating [mnkDt7gcTYGKum_TOOzG9g], [P], s[INITIALIZING]
--------[test][1], node[iMrqAb_7RzOiI6A65zlD4g], relocating [5y0yKnIhT0SpXiXfsH5mrg], [R], s[INITIALIZING]
---- unassigned

[2014-02-18 15:36:46,744][DEBUG][cluster.service          ] [node_0] publishing cluster state version 15
[2014-02-18 15:36:46,745][DEBUG][cluster.service          ] [node_1] processing [zen-disco-receive(from master [[node_0][mnkDt7gcTYGKum_TOOzG9g][Bills-MacBook-Pro.local][inet[/10.1.10.75:9303]]])]: execute
[2014-02-18 15:36:46,746][TRACE][cluster.service          ] [node_1] cluster state updated:
version [15], source [zen-disco-receive(from master [[node_0][mnkDt7gcTYGKum_TOOzG9g][Bills-MacBook-Pro.local][inet[/10.1.10.75:9303]]])]
nodes: 
   [node_1][5y0yKnIhT0SpXiXfsH5mrg][Bills-MacBook-Pro.local][inet[/10.1.10.75:9304]], local
   [node_0][mnkDt7gcTYGKum_TOOzG9g][Bills-MacBook-Pro.local][inet[/10.1.10.75:9303]], master
   [node_2][iMrqAb_7RzOiI6A65zlD4g][Bills-MacBook-Pro.local][inet[/10.1.10.75:9305]]
routing_table:
-- index [test]
----shard_id [test][2]
--------[test][2], node[5y0yKnIhT0SpXiXfsH5mrg], [R], s[STARTED]
--------[test][2], node[mnkDt7gcTYGKum_TOOzG9g], [P], s[STARTED]
----shard_id [test][0]
--------[test][0], node[5y0yKnIhT0SpXiXfsH5mrg], [R], s[STARTED]
--------[test][0], node[mnkDt7gcTYGKum_TOOzG9g], relocating [iMrqAb_7RzOiI6A65zlD4g], [P], s[RELOCATING]
----shard_id [test][3]
--------[test][3], node[5y0yKnIhT0SpXiXfsH5mrg], [R], s[STARTED]
--------[test][3], node[mnkDt7gcTYGKum_TOOzG9g], [P], s[STARTED]
----shard_id [test][1]
--------[test][1], node[5y0yKnIhT0SpXiXfsH5mrg], relocating [iMrqAb_7RzOiI6A65zlD4g], [R], s[RELOCATING]
--------[test][1], node[mnkDt7gcTYGKum_TOOzG9g], [P], s[STARTED]
----shard_id [test][4]
--------[test][4], node[5y0yKnIhT0SpXiXfsH5mrg], [R], s[STARTED]
--------[test][4], node[mnkDt7gcTYGKum_TOOzG9g], [P], s[STARTED]

routing_nodes:
-----node_id[5y0yKnIhT0SpXiXfsH5mrg][V]
--------[test][2], node[5y0yKnIhT0SpXiXfsH5mrg], [R], s[STARTED]
--------[test][0], node[5y0yKnIhT0SpXiXfsH5mrg], [R], s[STARTED]
--------[test][3], node[5y0yKnIhT0SpXiXfsH5mrg], [R], s[STARTED]
--------[test][1], node[5y0yKnIhT0SpXiXfsH5mrg], relocating [iMrqAb_7RzOiI6A65zlD4g], [R], s[RELOCATING]
--------[test][4], node[5y0yKnIhT0SpXiXfsH5mrg], [R], s[STARTED]
-----node_id[mnkDt7gcTYGKum_TOOzG9g][V]
--------[test][2], node[mnkDt7gcTYGKum_TOOzG9g], [P], s[STARTED]
--------[test][0], node[mnkDt7gcTYGKum_TOOzG9g], relocating [iMrqAb_7RzOiI6A65zlD4g], [P], s[RELOCATING]
--------[test][3], node[mnkDt7gcTYGKum_TOOzG9g], [P], s[STARTED]
--------[test][1], node[mnkDt7gcTYGKum_TOOzG9g], [P], s[STARTED]
--------[test][4], node[mnkDt7gcTYGKum_TOOzG9g], [P], s[STARTED]
-----node_id[iMrqAb_7RzOiI6A65zlD4g][V]
--------[test][0], node[iMrqAb_7RzOiI6A65zlD4g], relocating [mnkDt7gcTYGKum_TOOzG9g], [P], s[INITIALIZING]
--------[test][1], node[iMrqAb_7RzOiI6A65zlD4g], relocating [5y0yKnIhT0SpXiXfsH5mrg], [R], s[INITIALIZING]
---- unassigned

[2014-02-18 15:36:46,747][DEBUG][cluster.service          ] [node_1] set local cluster state to version 15
[2014-02-18 15:36:46,747][DEBUG][cluster.service          ] [node_1] processing [zen-disco-receive(from master [[node_0][mnkDt7gcTYGKum_TOOzG9g][Bills-MacBook-Pro.local][inet[/10.1.10.75:9303]]])]: done applying updated cluster_state (version: 15)
[2014-02-18 15:36:46,745][DEBUG][cluster.service          ] [node_2] processing [zen-disco-receive(from master [[node_0][mnkDt7gcTYGKum_TOOzG9g][Bills-MacBook-Pro.local][inet[/10.1.10.75:9303]]])]: execute
[2014-02-18 15:36:46,749][TRACE][cluster.service          ] [node_2] cluster state updated:
version [15], source [zen-disco-receive(from master [[node_0][mnkDt7gcTYGKum_TOOzG9g][Bills-MacBook-Pro.local][inet[/10.1.10.75:9303]]])]
nodes: 
   [node_1][5y0yKnIhT0SpXiXfsH5mrg][Bills-MacBook-Pro.local][inet[/10.1.10.75:9304]]
   [node_0][mnkDt7gcTYGKum_TOOzG9g][Bills-MacBook-Pro.local][inet[/10.1.10.75:9303]], master
   [node_2][iMrqAb_7RzOiI6A65zlD4g][Bills-MacBook-Pro.local][inet[/10.1.10.75:9305]], local
routing_table:
-- index [test]
----shard_id [test][2]
--------[test][2], node[5y0yKnIhT0SpXiXfsH5mrg], [R], s[STARTED]
--------[test][2], node[mnkDt7gcTYGKum_TOOzG9g], [P], s[STARTED]
----shard_id [test][0]
--------[test][0], node[5y0yKnIhT0SpXiXfsH5mrg], [R], s[STARTED]
--------[test][0], node[mnkDt7gcTYGKum_TOOzG9g], relocating [iMrqAb_7RzOiI6A65zlD4g], [P], s[RELOCATING]
----shard_id [test][3]
--------[test][3], node[5y0yKnIhT0SpXiXfsH5mrg], [R], s[STARTED]
--------[test][3], node[mnkDt7gcTYGKum_TOOzG9g], [P], s[STARTED]
----shard_id [test][1]
--------[test][1], node[5y0yKnIhT0SpXiXfsH5mrg], relocating [iMrqAb_7RzOiI6A65zlD4g], [R], s[RELOCATING]
--------[test][1], node[mnkDt7gcTYGKum_TOOzG9g], [P], s[STARTED]
----shard_id [test][4]
--------[test][4], node[5y0yKnIhT0SpXiXfsH5mrg], [R], s[STARTED]
--------[test][4], node[mnkDt7gcTYGKum_TOOzG9g], [P], s[STARTED]

routing_nodes:
-----node_id[5y0yKnIhT0SpXiXfsH5mrg][V]
--------[test][2], node[5y0yKnIhT0SpXiXfsH5mrg], [R], s[STARTED]
--------[test][0], node[5y0yKnIhT0SpXiXfsH5mrg], [R], s[STARTED]
--------[test][3], node[5y0yKnIhT0SpXiXfsH5mrg], [R], s[STARTED]
--------[test][1], node[5y0yKnIhT0SpXiXfsH5mrg], relocating [iMrqAb_7RzOiI6A65zlD4g], [R], s[RELOCATING]
--------[test][4], node[5y0yKnIhT0SpXiXfsH5mrg], [R], s[STARTED]
-----node_id[mnkDt7gcTYGKum_TOOzG9g][V]
--------[test][2], node[mnkDt7gcTYGKum_TOOzG9g], [P], s[STARTED]
--------[test][0], node[mnkDt7gcTYGKum_TOOzG9g], relocating [iMrqAb_7RzOiI6A65zlD4g], [P], s[RELOCATING]
--------[test][3], node[mnkDt7gcTYGKum_TOOzG9g], [P], s[STARTED]
--------[test][1], node[mnkDt7gcTYGKum_TOOzG9g], [P], s[STARTED]
--------[test][4], node[mnkDt7gcTYGKum_TOOzG9g], [P], s[STARTED]
-----node_id[iMrqAb_7RzOiI6A65zlD4g][V]
--------[test][0], node[iMrqAb_7RzOiI6A65zlD4g], relocating [mnkDt7gcTYGKum_TOOzG9g], [P], s[INITIALIZING]
--------[test][1], node[iMrqAb_7RzOiI6A65zlD4g], relocating [5y0yKnIhT0SpXiXfsH5mrg], [R], s[INITIALIZING]
---- unassigned

[2014-02-18 15:36:46,749][DEBUG][cluster.service          ] [node_2] set local cluster state to version 15
[2014-02-18 15:36:46,750][DEBUG][indices.cluster          ] [node_2] [test] creating index
[2014-02-18 15:36:46,765][DEBUG][indices.cluster          ] [node_2] [test] adding mapping [type1], source [{"type1":{"properties":{"test":{"type":"string"}}}}]
[2014-02-18 15:36:46,766][DEBUG][indices.cluster          ] [node_2] [test][0] creating shard
[2014-02-18 15:36:46,778][DEBUG][indices.cluster          ] [node_2] [test][1] creating shard
[2014-02-18 15:36:46,783][INFO ][node                     ] [node_3] initialized
[2014-02-18 15:36:46,784][INFO ][node                     ] [node_3] starting ...
[2014-02-18 15:36:46,785][DEBUG][cluster.service          ] [node_2] processing [zen-disco-receive(from master [[node_0][mnkDt7gcTYGKum_TOOzG9g][Bills-MacBook-Pro.local][inet[/10.1.10.75:9303]]])]: done applying updated cluster_state (version: 15)
[2014-02-18 15:36:46,786][DEBUG][cluster.service          ] [node_0] set local cluster state to version 15
[2014-02-18 15:36:46,787][DEBUG][cluster.service          ] [node_0] processing [routing-table-updater]: done applying updated cluster_state (version: 15)
[2014-02-18 15:36:46,802][INFO ][transport                ] [node_3] bound_address {inet[/0:0:0:0:0:0:0:0:9306]}, publish_address {inet[/10.1.10.75:9306]}
[2014-02-18 15:36:46,808][WARN ][discovery.zen.ping.multicast] [node_3] failed to receive packet, throttling...
java.net.SocketException: Socket closed
	at java.net.PlainDatagramSocketImpl.peekData(Native Method)
	at java.net.DatagramSocket.receive(DatagramSocket.java:726)
	at org.elasticsearch.discovery.zen.ping.multicast.MulticastZenPing$Receiver.run(MulticastZenPing.java:366)
	at java.lang.Thread.run(Thread.java:744)
[2014-02-18 15:36:46,958][DEBUG][cluster.service          ] [node_0] processing [shard-started ([test][1], node[iMrqAb_7RzOiI6A65zlD4g], relocating [5y0yKnIhT0SpXiXfsH5mrg], [R], s[INITIALIZING]), reason [after recovery (replica) from node [[node_0][mnkDt7gcTYGKum_TOOzG9g][Bills-MacBook-Pro.local][inet[/10.1.10.75:9303]]]]]: execute
[2014-02-18 15:36:46,959][TRACE][cluster.service          ] [node_0] cluster state updated:
version [16], source [shard-started ([test][1], node[iMrqAb_7RzOiI6A65zlD4g], relocating [5y0yKnIhT0SpXiXfsH5mrg], [R], s[INITIALIZING]), reason [after recovery (replica) from node [[node_0][mnkDt7gcTYGKum_TOOzG9g][Bills-MacBook-Pro.local][inet[/10.1.10.75:9303]]]]]
nodes: 
   [node_1][5y0yKnIhT0SpXiXfsH5mrg][Bills-MacBook-Pro.local][inet[/10.1.10.75:9304]]
   [node_0][mnkDt7gcTYGKum_TOOzG9g][Bills-MacBook-Pro.local][inet[/10.1.10.75:9303]], local, master
   [node_2][iMrqAb_7RzOiI6A65zlD4g][Bills-MacBook-Pro.local][inet[/10.1.10.75:9305]]
routing_table:
-- index [test]
----shard_id [test][4]
--------[test][4], node[5y0yKnIhT0SpXiXfsH5mrg], [R], s[STARTED]
--------[test][4], node[mnkDt7gcTYGKum_TOOzG9g], [P], s[STARTED]
----shard_id [test][0]
--------[test][0], node[5y0yKnIhT0SpXiXfsH5mrg], [R], s[STARTED]
--------[test][0], node[mnkDt7gcTYGKum_TOOzG9g], relocating [iMrqAb_7RzOiI6A65zlD4g], [P], s[RELOCATING]
----shard_id [test][3]
--------[test][3], node[5y0yKnIhT0SpXiXfsH5mrg], [R], s[STARTED]
--------[test][3], node[mnkDt7gcTYGKum_TOOzG9g], [P], s[STARTED]
----shard_id [test][1]
--------[test][1], node[mnkDt7gcTYGKum_TOOzG9g], [P], s[STARTED]
--------[test][1], node[iMrqAb_7RzOiI6A65zlD4g], [R], s[STARTED]
----shard_id [test][2]
--------[test][2], node[5y0yKnIhT0SpXiXfsH5mrg], [R], s[STARTED]
--------[test][2], node[mnkDt7gcTYGKum_TOOzG9g], relocating [iMrqAb_7RzOiI6A65zlD4g], [P], s[RELOCATING]

routing_nodes:
-----node_id[5y0yKnIhT0SpXiXfsH5mrg][V]
--------[test][4], node[5y0yKnIhT0SpXiXfsH5mrg], [R], s[STARTED]
--------[test][0], node[5y0yKnIhT0SpXiXfsH5mrg], [R], s[STARTED]
--------[test][3], node[5y0yKnIhT0SpXiXfsH5mrg], [R], s[STARTED]
--------[test][2], node[5y0yKnIhT0SpXiXfsH5mrg], [R], s[STARTED]
-----node_id[mnkDt7gcTYGKum_TOOzG9g][V]
--------[test][4], node[mnkDt7gcTYGKum_TOOzG9g], [P], s[STARTED]
--------[test][0], node[mnkDt7gcTYGKum_TOOzG9g], relocating [iMrqAb_7RzOiI6A65zlD4g], [P], s[RELOCATING]
--------[test][3], node[mnkDt7gcTYGKum_TOOzG9g], [P], s[STARTED]
--------[test][1], node[mnkDt7gcTYGKum_TOOzG9g], [P], s[STARTED]
--------[test][2], node[mnkDt7gcTYGKum_TOOzG9g], relocating [iMrqAb_7RzOiI6A65zlD4g], [P], s[RELOCATING]
-----node_id[iMrqAb_7RzOiI6A65zlD4g][V]
--------[test][0], node[iMrqAb_7RzOiI6A65zlD4g], relocating [mnkDt7gcTYGKum_TOOzG9g], [P], s[INITIALIZING]
--------[test][1], node[iMrqAb_7RzOiI6A65zlD4g], [R], s[STARTED]
--------[test][2], node[iMrqAb_7RzOiI6A65zlD4g], relocating [mnkDt7gcTYGKum_TOOzG9g], [P], s[INITIALIZING]
---- unassigned

[2014-02-18 15:36:46,960][DEBUG][cluster.service          ] [node_0] publishing cluster state version 16
[2014-02-18 15:36:46,961][DEBUG][cluster.service          ] [node_1] processing [zen-disco-receive(from master [[node_0][mnkDt7gcTYGKum_TOOzG9g][Bills-MacBook-Pro.local][inet[/10.1.10.75:9303]]])]: execute
[2014-02-18 15:36:46,961][DEBUG][cluster.service          ] [node_2] processing [zen-disco-receive(from master [[node_0][mnkDt7gcTYGKum_TOOzG9g][Bills-MacBook-Pro.local][inet[/10.1.10.75:9303]]])]: execute
[2014-02-18 15:36:46,963][TRACE][cluster.service          ] [node_1] cluster state updated:
version [16], source [zen-disco-receive(from master [[node_0][mnkDt7gcTYGKum_TOOzG9g][Bills-MacBook-Pro.local][inet[/10.1.10.75:9303]]])]
nodes: 
   [node_1][5y0yKnIhT0SpXiXfsH5mrg][Bills-MacBook-Pro.local][inet[/10.1.10.75:9304]], local
   [node_0][mnkDt7gcTYGKum_TOOzG9g][Bills-MacBook-Pro.local][inet[/10.1.10.75:9303]], master
   [node_2][iMrqAb_7RzOiI6A65zlD4g][Bills-MacBook-Pro.local][inet[/10.1.10.75:9305]]
routing_table:
-- index [test]
----shard_id [test][4]
--------[test][4], node[5y0yKnIhT0SpXiXfsH5mrg], [R], s[STARTED]
--------[test][4], node[mnkDt7gcTYGKum_TOOzG9g], [P], s[STARTED]
----shard_id [test][0]
--------[test][0], node[5y0yKnIhT0SpXiXfsH5mrg], [R], s[STARTED]
--------[test][0], node[mnkDt7gcTYGKum_TOOzG9g], relocating [iMrqAb_7RzOiI6A65zlD4g], [P], s[RELOCATING]
----shard_id [test][3]
--------[test][3], node[5y0yKnIhT0SpXiXfsH5mrg], [R], s[STARTED]
--------[test][3], node[mnkDt7gcTYGKum_TOOzG9g], [P], s[STARTED]
----shard_id [test][1]
--------[test][1], node[mnkDt7gcTYGKum_TOOzG9g], [P], s[STARTED]
--------[test][1], node[iMrqAb_7RzOiI6A65zlD4g], [R], s[STARTED]
----shard_id [test][2]
--------[test][2], node[5y0yKnIhT0SpXiXfsH5mrg], [R], s[STARTED]
--------[test][2], node[mnkDt7gcTYGKum_TOOzG9g], relocating [iMrqAb_7RzOiI6A65zlD4g], [P], s[RELOCATING]

routing_nodes:
-----node_id[5y0yKnIhT0SpXiXfsH5mrg][V]
--------[test][4], node[5y0yKnIhT0SpXiXfsH5mrg], [R], s[STARTED]
--------[test][0], node[5y0yKnIhT0SpXiXfsH5mrg], [R], s[STARTED]
--------[test][3], node[5y0yKnIhT0SpXiXfsH5mrg], [R], s[STARTED]
--------[test][2], node[5y0yKnIhT0SpXiXfsH5mrg], [R], s[STARTED]
-----node_id[mnkDt7gcTYGKum_TOOzG9g][V]
--------[test][4], node[mnkDt7gcTYGKum_TOOzG9g], [P], s[STARTED]
--------[test][0], node[mnkDt7gcTYGKum_TOOzG9g], relocating [iMrqAb_7RzOiI6A65zlD4g], [P], s[RELOCATING]
--------[test][3], node[mnkDt7gcTYGKum_TOOzG9g], [P], s[STARTED]
--------[test][1], node[mnkDt7gcTYGKum_TOOzG9g], [P], s[STARTED]
--------[test][2], node[mnkDt7gcTYGKum_TOOzG9g], relocating [iMrqAb_7RzOiI6A65zlD4g], [P], s[RELOCATING]
-----node_id[iMrqAb_7RzOiI6A65zlD4g][V]
--------[test][0], node[iMrqAb_7RzOiI6A65zlD4g], relocating [mnkDt7gcTYGKum_TOOzG9g], [P], s[INITIALIZING]
--------[test][1], node[iMrqAb_7RzOiI6A65zlD4g], [R], s[STARTED]
--------[test][2], node[iMrqAb_7RzOiI6A65zlD4g], relocating [mnkDt7gcTYGKum_TOOzG9g], [P], s[INITIALIZING]
---- unassigned

[2014-02-18 15:36:46,963][TRACE][cluster.service          ] [node_2] cluster state updated:
version [16], source [zen-disco-receive(from master [[node_0][mnkDt7gcTYGKum_TOOzG9g][Bills-MacBook-Pro.local][inet[/10.1.10.75:9303]]])]
nodes: 
   [node_1][5y0yKnIhT0SpXiXfsH5mrg][Bills-MacBook-Pro.local][inet[/10.1.10.75:9304]]
   [node_0][mnkDt7gcTYGKum_TOOzG9g][Bills-MacBook-Pro.local][inet[/10.1.10.75:9303]], master
   [node_2][iMrqAb_7RzOiI6A65zlD4g][Bills-MacBook-Pro.local][inet[/10.1.10.75:9305]], local
routing_table:
-- index [test]
----shard_id [test][4]
--------[test][4], node[5y0yKnIhT0SpXiXfsH5mrg], [R], s[STARTED]
--------[test][4], node[mnkDt7gcTYGKum_TOOzG9g], [P], s[STARTED]
----shard_id [test][0]
--------[test][0], node[5y0yKnIhT0SpXiXfsH5mrg], [R], s[STARTED]
--------[test][0], node[mnkDt7gcTYGKum_TOOzG9g], relocating [iMrqAb_7RzOiI6A65zlD4g], [P], s[RELOCATING]
----shard_id [test][3]
--------[test][3], node[5y0yKnIhT0SpXiXfsH5mrg], [R], s[STARTED]
--------[test][3], node[mnkDt7gcTYGKum_TOOzG9g], [P], s[STARTED]
----shard_id [test][1]
--------[test][1], node[mnkDt7gcTYGKum_TOOzG9g], [P], s[STARTED]
--------[test][1], node[iMrqAb_7RzOiI6A65zlD4g], [R], s[STARTED]
----shard_id [test][2]
--------[test][2], node[5y0yKnIhT0SpXiXfsH5mrg], [R], s[STARTED]
--------[test][2], node[mnkDt7gcTYGKum_TOOzG9g], relocating [iMrqAb_7RzOiI6A65zlD4g], [P], s[RELOCATING]

routing_nodes:
-----node_id[5y0yKnIhT0SpXiXfsH5mrg][V]
--------[test][4], node[5y0yKnIhT0SpXiXfsH5mrg], [R], s[STARTED]
--------[test][0], node[5y0yKnIhT0SpXiXfsH5mrg], [R], s[STARTED]
--------[test][3], node[5y0yKnIhT0SpXiXfsH5mrg], [R], s[STARTED]
--------[test][2], node[5y0yKnIhT0SpXiXfsH5mrg], [R], s[STARTED]
-----node_id[mnkDt7gcTYGKum_TOOzG9g][V]
--------[test][4], node[mnkDt7gcTYGKum_TOOzG9g], [P], s[STARTED]
--------[test][0], node[mnkDt7gcTYGKum_TOOzG9g], relocating [iMrqAb_7RzOiI6A65zlD4g], [P], s[RELOCATING]
--------[test][3], node[mnkDt7gcTYGKum_TOOzG9g], [P], s[STARTED]
--------[test][1], node[mnkDt7gcTYGKum_TOOzG9g], [P], s[STARTED]
--------[test][2], node[mnkDt7gcTYGKum_TOOzG9g], relocating [iMrqAb_7RzOiI6A65zlD4g], [P], s[RELOCATING]
-----node_id[iMrqAb_7RzOiI6A65zlD4g][V]
--------[test][0], node[iMrqAb_7RzOiI6A65zlD4g], relocating [mnkDt7gcTYGKum_TOOzG9g], [P], s[INITIALIZING]
--------[test][1], node[iMrqAb_7RzOiI6A65zlD4g], [R], s[STARTED]
--------[test][2], node[iMrqAb_7RzOiI6A65zlD4g], relocating [mnkDt7gcTYGKum_TOOzG9g], [P], s[INITIALIZING]
---- unassigned

[2014-02-18 15:36:46,964][DEBUG][cluster.service          ] [node_1] set local cluster state to version 16
[2014-02-18 15:36:46,964][DEBUG][cluster.service          ] [node_2] set local cluster state to version 16
[2014-02-18 15:36:46,966][DEBUG][indices.cluster          ] [node_1] [test][1] removing shard (not allocated)
[2014-02-18 15:36:46,966][TRACE][indices.cluster          ] [node_2] [test][0] master marked shard as initializing, but shard has state [POST_RECOVERY], resending shard started
[2014-02-18 15:36:46,966][DEBUG][indices.cluster          ] [node_2] [test][2] creating shard
[2014-02-18 15:36:46,973][DEBUG][cluster.service          ] [node_2] processing [zen-disco-receive(from master [[node_0][mnkDt7gcTYGKum_TOOzG9g][Bills-MacBook-Pro.local][inet[/10.1.10.75:9303]]])]: done applying updated cluster_state (version: 16)
[2014-02-18 15:36:46,975][DEBUG][cluster.service          ] [node_1] processing [zen-disco-receive(from master [[node_0][mnkDt7gcTYGKum_TOOzG9g][Bills-MacBook-Pro.local][inet[/10.1.10.75:9303]]])]: done applying updated cluster_state (version: 16)
[2014-02-18 15:36:46,976][DEBUG][cluster.service          ] [node_0] set local cluster state to version 16
[2014-02-18 15:36:46,976][DEBUG][cluster.service          ] [node_0] processing [shard-started ([test][1], node[iMrqAb_7RzOiI6A65zlD4g], relocating [5y0yKnIhT0SpXiXfsH5mrg], [R], s[INITIALIZING]), reason [after recovery (replica) from node [[node_0][mnkDt7gcTYGKum_TOOzG9g][Bills-MacBook-Pro.local][inet[/10.1.10.75:9303]]]]]: done applying updated cluster_state (version: 16)
[2014-02-18 15:36:46,977][DEBUG][cluster.service          ] [node_0] processing [shard-started ([test][0], node[iMrqAb_7RzOiI6A65zlD4g], relocating [mnkDt7gcTYGKum_TOOzG9g], [P], s[INITIALIZING]), reason [master [node_0][mnkDt7gcTYGKum_TOOzG9g][Bills-MacBook-Pro.local][inet[/10.1.10.75:9303]] marked shard as initializing, but shard state is [POST_RECOVERY], mark shard as started]]: execute
[2014-02-18 15:36:46,977][TRACE][cluster.service          ] [node_0] cluster state updated:
version [17], source [shard-started ([test][0], node[iMrqAb_7RzOiI6A65zlD4g], relocating [mnkDt7gcTYGKum_TOOzG9g], [P], s[INITIALIZING]), reason [master [node_0][mnkDt7gcTYGKum_TOOzG9g][Bills-MacBook-Pro.local][inet[/10.1.10.75:9303]] marked shard as initializing, but shard state is [POST_RECOVERY], mark shard as started]]
nodes: 
   [node_1][5y0yKnIhT0SpXiXfsH5mrg][Bills-MacBook-Pro.local][inet[/10.1.10.75:9304]]
   [node_0][mnkDt7gcTYGKum_TOOzG9g][Bills-MacBook-Pro.local][inet[/10.1.10.75:9303]], local, master
   [node_2][iMrqAb_7RzOiI6A65zlD4g][Bills-MacBook-Pro.local][inet[/10.1.10.75:9305]]
routing_table:
-- index [test]
----shard_id [test][2]
--------[test][2], node[5y0yKnIhT0SpXiXfsH5mrg], [R], s[STARTED]
--------[test][2], node[mnkDt7gcTYGKum_TOOzG9g], relocating [iMrqAb_7RzOiI6A65zlD4g], [P], s[RELOCATING]
----shard_id [test][0]
--------[test][0], node[5y0yKnIhT0SpXiXfsH5mrg], [R], s[STARTED]
--------[test][0], node[iMrqAb_7RzOiI6A65zlD4g], [P], s[STARTED]
----shard_id [test][3]
--------[test][3], node[5y0yKnIhT0SpXiXfsH5mrg], [R], s[STARTED]
--------[test][3], node[mnkDt7gcTYGKum_TOOzG9g], [P], s[STARTED]
----shard_id [test][1]
--------[test][1], node[mnkDt7gcTYGKum_TOOzG9g], [P], s[STARTED]
--------[test][1], node[iMrqAb_7RzOiI6A65zlD4g], [R], s[STARTED]
----shard_id [test][4]
--------[test][4], node[5y0yKnIhT0SpXiXfsH5mrg], [R], s[STARTED]
--------[test][4], node[mnkDt7gcTYGKum_TOOzG9g], [P], s[STARTED]

routing_nodes:
-----node_id[5y0yKnIhT0SpXiXfsH5mrg][V]
--------[test][2], node[5y0yKnIhT0SpXiXfsH5mrg], [R], s[STARTED]
--------[test][0], node[5y0yKnIhT0SpXiXfsH5mrg], [R], s[STARTED]
--------[test][3], node[5y0yKnIhT0SpXiXfsH5mrg], [R], s[STARTED]
--------[test][4], node[5y0yKnIhT0SpXiXfsH5mrg], [R], s[STARTED]
-----node_id[mnkDt7gcTYGKum_TOOzG9g][V]
--------[test][2], node[mnkDt7gcTYGKum_TOOzG9g], relocating [iMrqAb_7RzOiI6A65zlD4g], [P], s[RELOCATING]
--------[test][3], node[mnkDt7gcTYGKum_TOOzG9g], [P], s[STARTED]
--------[test][1], node[mnkDt7gcTYGKum_TOOzG9g], [P], s[STARTED]
--------[test][4], node[mnkDt7gcTYGKum_TOOzG9g], [P], s[STARTED]
-----node_id[iMrqAb_7RzOiI6A65zlD4g][V]
--------[test][2], node[iMrqAb_7RzOiI6A65zlD4g], relocating [mnkDt7gcTYGKum_TOOzG9g], [P], s[INITIALIZING]
--------[test][0], node[iMrqAb_7RzOiI6A65zlD4g], [P], s[STARTED]
--------[test][1], node[iMrqAb_7RzOiI6A65zlD4g], [R], s[STARTED]
---- unassigned

[2014-02-18 15:36:46,978][DEBUG][cluster.service          ] [node_0] publishing cluster state version 17
[2014-02-18 15:36:46,979][DEBUG][cluster.service          ] [node_2] processing [zen-disco-receive(from master [[node_0][mnkDt7gcTYGKum_TOOzG9g][Bills-MacBook-Pro.local][inet[/10.1.10.75:9303]]])]: execute
[2014-02-18 15:36:46,979][DEBUG][cluster.service          ] [node_1] processing [zen-disco-receive(from master [[node_0][mnkDt7gcTYGKum_TOOzG9g][Bills-MacBook-Pro.local][inet[/10.1.10.75:9303]]])]: execute
[2014-02-18 15:36:46,980][TRACE][cluster.service          ] [node_2] cluster state updated:
version [17], source [zen-disco-receive(from master [[node_0][mnkDt7gcTYGKum_TOOzG9g][Bills-MacBook-Pro.local][inet[/10.1.10.75:9303]]])]
nodes: 
   [node_1][5y0yKnIhT0SpXiXfsH5mrg][Bills-MacBook-Pro.local][inet[/10.1.10.75:9304]]
   [node_0][mnkDt7gcTYGKum_TOOzG9g][Bills-MacBook-Pro.local][inet[/10.1.10.75:9303]], master
   [node_2][iMrqAb_7RzOiI6A65zlD4g][Bills-MacBook-Pro.local][inet[/10.1.10.75:9305]], local
routing_table:
-- index [test]
----shard_id [test][2]
--------[test][2], node[5y0yKnIhT0SpXiXfsH5mrg], [R], s[STARTED]
--------[test][2], node[mnkDt7gcTYGKum_TOOzG9g], relocating [iMrqAb_7RzOiI6A65zlD4g], [P], s[RELOCATING]
----shard_id [test][0]
--------[test][0], node[5y0yKnIhT0SpXiXfsH5mrg], [R], s[STARTED]
--------[test][0], node[iMrqAb_7RzOiI6A65zlD4g], [P], s[STARTED]
----shard_id [test][3]
--------[test][3], node[5y0yKnIhT0SpXiXfsH5mrg], [R], s[STARTED]
--------[test][3], node[mnkDt7gcTYGKum_TOOzG9g], [P], s[STARTED]
----shard_id [test][1]
--------[test][1], node[mnkDt7gcTYGKum_TOOzG9g], [P], s[STARTED]
--------[test][1], node[iMrqAb_7RzOiI6A65zlD4g], [R], s[STARTED]
----shard_id [test][4]
--------[test][4], node[5y0yKnIhT0SpXiXfsH5mrg], [R], s[STARTED]
--------[test][4], node[mnkDt7gcTYGKum_TOOzG9g], [P], s[STARTED]

routing_nodes:
-----node_id[5y0yKnIhT0SpXiXfsH5mrg][V]
--------[test][2], node[5y0yKnIhT0SpXiXfsH5mrg], [R], s[STARTED]
--------[test][0], node[5y0yKnIhT0SpXiXfsH5mrg], [R], s[STARTED]
--------[test][3], node[5y0yKnIhT0SpXiXfsH5mrg], [R], s[STARTED]
--------[test][4], node[5y0yKnIhT0SpXiXfsH5mrg], [R], s[STARTED]
-----node_id[mnkDt7gcTYGKum_TOOzG9g][V]
--------[test][2], node[mnkDt7gcTYGKum_TOOzG9g], relocating [iMrqAb_7RzOiI6A65zlD4g], [P], s[RELOCATING]
--------[test][3], node[mnkDt7gcTYGKum_TOOzG9g], [P], s[STARTED]
--------[test][1], node[mnkDt7gcTYGKum_TOOzG9g], [P], s[STARTED]
--------[test][4], node[mnkDt7gcTYGKum_TOOzG9g], [P], s[STARTED]
-----node_id[iMrqAb_7RzOiI6A65zlD4g][V]
--------[test][2], node[iMrqAb_7RzOiI6A65zlD4g], relocating [mnkDt7gcTYGKum_TOOzG9g], [P], s[INITIALIZING]
--------[test][0], node[iMrqAb_7RzOiI6A65zlD4g], [P], s[STARTED]
--------[test][1], node[iMrqAb_7RzOiI6A65zlD4g], [R], s[STARTED]
---- unassigned

[2014-02-18 15:36:46,980][TRACE][cluster.service          ] [node_1] cluster state updated:
version [17], source [zen-disco-receive(from master [[node_0][mnkDt7gcTYGKum_TOOzG9g][Bills-MacBook-Pro.local][inet[/10.1.10.75:9303]]])]
nodes: 
   [node_1][5y0yKnIhT0SpXiXfsH5mrg][Bills-MacBook-Pro.local][inet[/10.1.10.75:9304]], local
   [node_0][mnkDt7gcTYGKum_TOOzG9g][Bills-MacBook-Pro.local][inet[/10.1.10.75:9303]], master
   [node_2][iMrqAb_7RzOiI6A65zlD4g][Bills-MacBook-Pro.local][inet[/10.1.10.75:9305]]
routing_table:
-- index [test]
----shard_id [test][2]
--------[test][2], node[5y0yKnIhT0SpXiXfsH5mrg], [R], s[STARTED]
--------[test][2], node[mnkDt7gcTYGKum_TOOzG9g], relocating [iMrqAb_7RzOiI6A65zlD4g], [P], s[RELOCATING]
----shard_id [test][0]
--------[test][0], node[5y0yKnIhT0SpXiXfsH5mrg], [R], s[STARTED]
--------[test][0], node[iMrqAb_7RzOiI6A65zlD4g], [P], s[STARTED]
----shard_id [test][3]
--------[test][3], node[5y0yKnIhT0SpXiXfsH5mrg], [R], s[STARTED]
--------[test][3], node[mnkDt7gcTYGKum_TOOzG9g], [P], s[STARTED]
----shard_id [test][1]
--------[test][1], node[mnkDt7gcTYGKum_TOOzG9g], [P], s[STARTED]
--------[test][1], node[iMrqAb_7RzOiI6A65zlD4g], [R], s[STARTED]
----shard_id [test][4]
--------[test][4], node[5y0yKnIhT0SpXiXfsH5mrg], [R], s[STARTED]
--------[test][4], node[mnkDt7gcTYGKum_TOOzG9g], [P], s[STARTED]

routing_nodes:
-----node_id[5y0yKnIhT0SpXiXfsH5mrg][V]
--------[test][2], node[5y0yKnIhT0SpXiXfsH5mrg], [R], s[STARTED]
--------[test][0], node[5y0yKnIhT0SpXiXfsH5mrg], [R], s[STARTED]
--------[test][3], node[5y0yKnIhT0SpXiXfsH5mrg], [R], s[STARTED]
--------[test][4], node[5y0yKnIhT0SpXiXfsH5mrg], [R], s[STARTED]
-----node_id[mnkDt7gcTYGKum_TOOzG9g][V]
--------[test][2], node[mnkDt7gcTYGKum_TOOzG9g], relocating [iMrqAb_7RzOiI6A65zlD4g], [P], s[RELOCATING]
--------[test][3], node[mnkDt7gcTYGKum_TOOzG9g], [P], s[STARTED]
--------[test][1], node[mnkDt7gcTYGKum_TOOzG9g], [P], s[STARTED]
--------[test][4], node[mnkDt7gcTYGKum_TOOzG9g], [P], s[STARTED]
-----node_id[iMrqAb_7RzOiI6A65zlD4g][V]
--------[test][2], node[iMrqAb_7RzOiI6A65zlD4g], relocating [mnkDt7gcTYGKum_TOOzG9g], [P], s[INITIALIZING]
--------[test][0], node[iMrqAb_7RzOiI6A65zlD4g], [P], s[STARTED]
--------[test][1], node[iMrqAb_7RzOiI6A65zlD4g], [R], s[STARTED]
---- unassigned

[2014-02-18 15:36:46,981][DEBUG][cluster.service          ] [node_1] set local cluster state to version 17
[2014-02-18 15:36:46,981][DEBUG][cluster.service          ] [node_2] set local cluster state to version 17
[2014-02-18 15:36:46,982][DEBUG][cluster.service          ] [node_1] processing [zen-disco-receive(from master [[node_0][mnkDt7gcTYGKum_TOOzG9g][Bills-MacBook-Pro.local][inet[/10.1.10.75:9303]]])]: done applying updated cluster_state (version: 17)
[2014-02-18 15:36:46,982][DEBUG][cluster.service          ] [node_2] processing [zen-disco-receive(from master [[node_0][mnkDt7gcTYGKum_TOOzG9g][Bills-MacBook-Pro.local][inet[/10.1.10.75:9303]]])]: done applying updated cluster_state (version: 17)
[2014-02-18 15:36:46,983][DEBUG][cluster.service          ] [node_0] set local cluster state to version 17
[2014-02-18 15:36:46,983][DEBUG][indices.cluster          ] [node_0] [test][0] removing shard (not allocated)
[2014-02-18 15:36:46,987][DEBUG][cluster.service          ] [node_0] processing [shard-started ([test][0], node[iMrqAb_7RzOiI6A65zlD4g], relocating [mnkDt7gcTYGKum_TOOzG9g], [P], s[INITIALIZING]), reason [master [node_0][mnkDt7gcTYGKum_TOOzG9g][Bills-MacBook-Pro.local][inet[/10.1.10.75:9303]] marked shard as initializing, but shard state is [POST_RECOVERY], mark shard as started]]: done applying updated cluster_state (version: 17)
[2014-02-18 15:36:46,988][DEBUG][cluster.service          ] [node_0] processing [shard-started ([test][0], node[iMrqAb_7RzOiI6A65zlD4g], relocating [mnkDt7gcTYGKum_TOOzG9g], [P], s[INITIALIZING]), reason [after recovery (replica) from node [[node_0][mnkDt7gcTYGKum_TOOzG9g][Bills-MacBook-Pro.local][inet[/10.1.10.75:9303]]]]]: execute
[2014-02-18 15:36:46,988][DEBUG][cluster.service          ] [node_0] processing [shard-started ([test][0], node[iMrqAb_7RzOiI6A65zlD4g], relocating [mnkDt7gcTYGKum_TOOzG9g], [P], s[INITIALIZING]), reason [after recovery (replica) from node [[node_0][mnkDt7gcTYGKum_TOOzG9g][Bills-MacBook-Pro.local][inet[/10.1.10.75:9303]]]]]: no change in cluster_state
[2014-02-18 15:36:47,068][DEBUG][cluster.service          ] [node_0] processing [shard-started ([test][2], node[iMrqAb_7RzOiI6A65zlD4g], relocating [mnkDt7gcTYGKum_TOOzG9g], [P], s[INITIALIZING]), reason [after recovery (replica) from node [[node_0][mnkDt7gcTYGKum_TOOzG9g][Bills-MacBook-Pro.local][inet[/10.1.10.75:9303]]]]]: execute
[2014-02-18 15:36:47,069][TRACE][cluster.service          ] [node_0] cluster state updated:
version [18], source [shard-started ([test][2], node[iMrqAb_7RzOiI6A65zlD4g], relocating [mnkDt7gcTYGKum_TOOzG9g], [P], s[INITIALIZING]), reason [after recovery (replica) from node [[node_0][mnkDt7gcTYGKum_TOOzG9g][Bills-MacBook-Pro.local][inet[/10.1.10.75:9303]]]]]
nodes: 
   [node_1][5y0yKnIhT0SpXiXfsH5mrg][Bills-MacBook-Pro.local][inet[/10.1.10.75:9304]]
   [node_0][mnkDt7gcTYGKum_TOOzG9g][Bills-MacBook-Pro.local][inet[/10.1.10.75:9303]], local, master
   [node_2][iMrqAb_7RzOiI6A65zlD4g][Bills-MacBook-Pro.local][inet[/10.1.10.75:9305]]
routing_table:
-- index [test]
----shard_id [test][4]
--------[test][4], node[5y0yKnIhT0SpXiXfsH5mrg], [R], s[STARTED]
--------[test][4], node[mnkDt7gcTYGKum_TOOzG9g], [P], s[STARTED]
----shard_id [test][0]
--------[test][0], node[5y0yKnIhT0SpXiXfsH5mrg], [R], s[STARTED]
--------[test][0], node[iMrqAb_7RzOiI6A65zlD4g], [P], s[STARTED]
----shard_id [test][3]
--------[test][3], node[5y0yKnIhT0SpXiXfsH5mrg], [R], s[STARTED]
--------[test][3], node[mnkDt7gcTYGKum_TOOzG9g], [P], s[STARTED]
----shard_id [test][1]
--------[test][1], node[mnkDt7gcTYGKum_TOOzG9g], [P], s[STARTED]
--------[test][1], node[iMrqAb_7RzOiI6A65zlD4g], [R], s[STARTED]
----shard_id [test][2]
--------[test][2], node[5y0yKnIhT0SpXiXfsH5mrg], [R], s[STARTED]
--------[test][2], node[iMrqAb_7RzOiI6A65zlD4g], [P], s[STARTED]

routing_nodes:
-----node_id[5y0yKnIhT0SpXiXfsH5mrg][V]
--------[test][4], node[5y0yKnIhT0SpXiXfsH5mrg], [R], s[STARTED]
--------[test][0], node[5y0yKnIhT0SpXiXfsH5mrg], [R], s[STARTED]
--------[test][3], node[5y0yKnIhT0SpXiXfsH5mrg], [R], s[STARTED]
--------[test][2], node[5y0yKnIhT0SpXiXfsH5mrg], [R], s[STARTED]
-----node_id[mnkDt7gcTYGKum_TOOzG9g][V]
--------[test][4], node[mnkDt7gcTYGKum_TOOzG9g], [P], s[STARTED]
--------[test][3], node[mnkDt7gcTYGKum_TOOzG9g], [P], s[STARTED]
--------[test][1], node[mnkDt7gcTYGKum_TOOzG9g], [P], s[STARTED]
-----node_id[iMrqAb_7RzOiI6A65zlD4g][V]
--------[test][0], node[iMrqAb_7RzOiI6A65zlD4g], [P], s[STARTED]
--------[test][1], node[iMrqAb_7RzOiI6A65zlD4g], [R], s[STARTED]
--------[test][2], node[iMrqAb_7RzOiI6A65zlD4g], [P], s[STARTED]
---- unassigned

[2014-02-18 15:36:47,069][DEBUG][cluster.service          ] [node_0] publishing cluster state version 18
[2014-02-18 15:36:47,070][DEBUG][cluster.service          ] [node_1] processing [zen-disco-receive(from master [[node_0][mnkDt7gcTYGKum_TOOzG9g][Bills-MacBook-Pro.local][inet[/10.1.10.75:9303]]])]: execute
[2014-02-18 15:36:47,070][DEBUG][cluster.service          ] [node_2] processing [zen-disco-receive(from master [[node_0][mnkDt7gcTYGKum_TOOzG9g][Bills-MacBook-Pro.local][inet[/10.1.10.75:9303]]])]: execute
[2014-02-18 15:36:47,071][TRACE][cluster.service          ] [node_1] cluster state updated:
version [18], source [zen-disco-receive(from master [[node_0][mnkDt7gcTYGKum_TOOzG9g][Bills-MacBook-Pro.local][inet[/10.1.10.75:9303]]])]
nodes: 
   [node_1][5y0yKnIhT0SpXiXfsH5mrg][Bills-MacBook-Pro.local][inet[/10.1.10.75:9304]], local
   [node_0][mnkDt7gcTYGKum_TOOzG9g][Bills-MacBook-Pro.local][inet[/10.1.10.75:9303]], master
   [node_2][iMrqAb_7RzOiI6A65zlD4g][Bills-MacBook-Pro.local][inet[/10.1.10.75:9305]]
routing_table:
-- index [test]
----shard_id [test][4]
--------[test][4], node[5y0yKnIhT0SpXiXfsH5mrg], [R], s[STARTED]
--------[test][4], node[mnkDt7gcTYGKum_TOOzG9g], [P], s[STARTED]
----shard_id [test][0]
--------[test][0], node[5y0yKnIhT0SpXiXfsH5mrg], [R], s[STARTED]
--------[test][0], node[iMrqAb_7RzOiI6A65zlD4g], [P], s[STARTED]
----shard_id [test][3]
--------[test][3], node[5y0yKnIhT0SpXiXfsH5mrg], [R], s[STARTED]
--------[test][3], node[mnkDt7gcTYGKum_TOOzG9g], [P], s[STARTED]
----shard_id [test][1]
--------[test][1], node[mnkDt7gcTYGKum_TOOzG9g], [P], s[STARTED]
--------[test][1], node[iMrqAb_7RzOiI6A65zlD4g], [R], s[STARTED]
----shard_id [test][2]
--------[test][2], node[5y0yKnIhT0SpXiXfsH5mrg], [R], s[STARTED]
--------[test][2], node[iMrqAb_7RzOiI6A65zlD4g], [P], s[STARTED]

routing_nodes:
-----node_id[5y0yKnIhT0SpXiXfsH5mrg][V]
--------[test][4], node[5y0yKnIhT0SpXiXfsH5mrg], [R], s[STARTED]
--------[test][0], node[5y0yKnIhT0SpXiXfsH5mrg], [R], s[STARTED]
--------[test][3], node[5y0yKnIhT0SpXiXfsH5mrg], [R], s[STARTED]
--------[test][2], node[5y0yKnIhT0SpXiXfsH5mrg], [R], s[STARTED]
-----node_id[mnkDt7gcTYGKum_TOOzG9g][V]
--------[test][4], node[mnkDt7gcTYGKum_TOOzG9g], [P], s[STARTED]
--------[test][3], node[mnkDt7gcTYGKum_TOOzG9g], [P], s[STARTED]
--------[test][1], node[mnkDt7gcTYGKum_TOOzG9g], [P], s[STARTED]
-----node_id[iMrqAb_7RzOiI6A65zlD4g][V]
--------[test][0], node[iMrqAb_7RzOiI6A65zlD4g], [P], s[STARTED]
--------[test][1], node[iMrqAb_7RzOiI6A65zlD4g], [R], s[STARTED]
--------[test][2], node[iMrqAb_7RzOiI6A65zlD4g], [P], s[STARTED]
---- unassigned

[2014-02-18 15:36:47,072][DEBUG][cluster.service          ] [node_1] set local cluster state to version 18
[2014-02-18 15:36:47,071][TRACE][cluster.service          ] [node_2] cluster state updated:
version [18], source [zen-disco-receive(from master [[node_0][mnkDt7gcTYGKum_TOOzG9g][Bills-MacBook-Pro.local][inet[/10.1.10.75:9303]]])]
nodes: 
   [node_1][5y0yKnIhT0SpXiXfsH5mrg][Bills-MacBook-Pro.local][inet[/10.1.10.75:9304]]
   [node_0][mnkDt7gcTYGKum_TOOzG9g][Bills-MacBook-Pro.local][inet[/10.1.10.75:9303]], master
   [node_2][iMrqAb_7RzOiI6A65zlD4g][Bills-MacBook-Pro.local][inet[/10.1.10.75:9305]], local
routing_table:
-- index [test]
----shard_id [test][4]
--------[test][4], node[5y0yKnIhT0SpXiXfsH5mrg], [R], s[STARTED]
--------[test][4], node[mnkDt7gcTYGKum_TOOzG9g], [P], s[STARTED]
----shard_id [test][0]
--------[test][0], node[5y0yKnIhT0SpXiXfsH5mrg], [R], s[STARTED]
--------[test][0], node[iMrqAb_7RzOiI6A65zlD4g], [P], s[STARTED]
----shard_id [test][3]
--------[test][3], node[5y0yKnIhT0SpXiXfsH5mrg], [R], s[STARTED]
--------[test][3], node[mnkDt7gcTYGKum_TOOzG9g], [P], s[STARTED]
----shard_id [test][1]
--------[test][1], node[mnkDt7gcTYGKum_TOOzG9g], [P], s[STARTED]
--------[test][1], node[iMrqAb_7RzOiI6A65zlD4g], [R], s[STARTED]
----shard_id [test][2]
--------[test][2], node[5y0yKnIhT0SpXiXfsH5mrg], [R], s[STARTED]
--------[test][2], node[iMrqAb_7RzOiI6A65zlD4g], [P], s[STARTED]

routing_nodes:
-----node_id[5y0yKnIhT0SpXiXfsH5mrg][V]
--------[test][4], node[5y0yKnIhT0SpXiXfsH5mrg], [R], s[STARTED]
--------[test][0], node[5y0yKnIhT0SpXiXfsH5mrg], [R], s[STARTED]
--------[test][3], node[5y0yKnIhT0SpXiXfsH5mrg], [R], s[STARTED]
--------[test][2], node[5y0yKnIhT0SpXiXfsH5mrg], [R], s[STARTED]
-----node_id[mnkDt7gcTYGKum_TOOzG9g][V]
--------[test][4], node[mnkDt7gcTYGKum_TOOzG9g], [P], s[STARTED]
--------[test][3], node[mnkDt7gcTYGKum_TOOzG9g], [P], s[STARTED]
--------[test][1], node[mnkDt7gcTYGKum_TOOzG9g], [P], s[STARTED]
-----node_id[iMrqAb_7RzOiI6A65zlD4g][V]
--------[test][0], node[iMrqAb_7RzOiI6A65zlD4g], [P], s[STARTED]
--------[test][1], node[iMrqAb_7RzOiI6A65zlD4g], [R], s[STARTED]
--------[test][2], node[iMrqAb_7RzOiI6A65zlD4g], [P], s[STARTED]
---- unassigned

[2014-02-18 15:36:47,076][DEBUG][cluster.service          ] [node_1] processing [zen-disco-receive(from master [[node_0][mnkDt7gcTYGKum_TOOzG9g][Bills-MacBook-Pro.local][inet[/10.1.10.75:9303]]])]: done applying updated cluster_state (version: 18)
[2014-02-18 15:36:47,076][DEBUG][cluster.service          ] [node_2] set local cluster state to version 18
[2014-02-18 15:36:47,077][DEBUG][cluster.service          ] [node_2] processing [zen-disco-receive(from master [[node_0][mnkDt7gcTYGKum_TOOzG9g][Bills-MacBook-Pro.local][inet[/10.1.10.75:9303]]])]: done applying updated cluster_state (version: 18)
[2014-02-18 15:36:47,077][DEBUG][cluster.service          ] [node_0] set local cluster state to version 18
[2014-02-18 15:36:47,078][DEBUG][indices.cluster          ] [node_0] [test][2] removing shard (not allocated)
[2014-02-18 15:36:47,081][DEBUG][cluster.service          ] [node_0] processing [shard-started ([test][2], node[iMrqAb_7RzOiI6A65zlD4g], relocating [mnkDt7gcTYGKum_TOOzG9g], [P], s[INITIALIZING]), reason [after recovery (replica) from node [[node_0][mnkDt7gcTYGKum_TOOzG9g][Bills-MacBook-Pro.local][inet[/10.1.10.75:9303]]]]]: done applying updated cluster_state (version: 18)
[2014-02-18 15:36:47,309][WARN ][discovery.zen.ping.multicast] [node_3] failed to receive packet, throttling...
java.net.SocketException: Socket closed
	at java.net.PlainDatagramSocketImpl.peekData(Native Method)
	at java.net.DatagramSocket.receive(DatagramSocket.java:726)
	at org.elasticsearch.discovery.zen.ping.multicast.MulticastZenPing$Receiver.run(MulticastZenPing.java:366)
	at java.lang.Thread.run(Thread.java:744)
[2014-02-18 15:36:47,810][WARN ][discovery.zen.ping.multicast] [node_3] failed to receive packet, throttling...
java.net.SocketException: Socket closed
	at java.net.PlainDatagramSocketImpl.peekData(Native Method)
	at java.net.DatagramSocket.receive(DatagramSocket.java:726)
	at org.elasticsearch.discovery.zen.ping.multicast.MulticastZenPing$Receiver.run(MulticastZenPing.java:366)
	at java.lang.Thread.run(Thread.java:744)
[2014-02-18 15:36:48,312][WARN ][discovery.zen.ping.multicast] [node_3] failed to receive packet, throttling...
java.net.SocketException: Socket closed
	at java.net.PlainDatagramSocketImpl.peekData(Native Method)
	at java.net.DatagramSocket.receive(DatagramSocket.java:726)
	at org.elasticsearch.discovery.zen.ping.multicast.MulticastZenPing$Receiver.run(MulticastZenPing.java:366)
	at java.lang.Thread.run(Thread.java:744)
[2014-02-18 15:36:48,812][WARN ][discovery.zen.ping.multicast] [node_3] failed to receive packet, throttling...
java.net.SocketException: Socket closed
	at java.net.PlainDatagramSocketImpl.peekData(Native Method)
	at java.net.DatagramSocket.receive(DatagramSocket.java:726)
	at org.elasticsearch.discovery.zen.ping.multicast.MulticastZenPing$Receiver.run(MulticastZenPing.java:366)
	at java.lang.Thread.run(Thread.java:744)
[2014-02-18 15:36:49,314][WARN ][discovery.zen.ping.multicast] [node_3] failed to receive packet, throttling...
java.net.SocketException: Socket closed
	at java.net.PlainDatagramSocketImpl.peekData(Native Method)
	at java.net.DatagramSocket.receive(DatagramSocket.java:726)
	at org.elasticsearch.discovery.zen.ping.multicast.MulticastZenPing$Receiver.run(MulticastZenPing.java:366)
	at java.lang.Thread.run(Thread.java:744)
[2014-02-18 15:36:49,814][WARN ][discovery.zen.ping.multicast] [node_3] failed to receive packet, throttling...
java.net.SocketException: Socket closed
	at java.net.PlainDatagramSocketImpl.peekData(Native Method)
	at java.net.DatagramSocket.receive(DatagramSocket.java:726)
	at org.elasticsearch.discovery.zen.ping.multicast.MulticastZenPing$Receiver.run(MulticastZenPing.java:366)
	at java.lang.Thread.run(Thread.java:744)
[2014-02-18 15:36:49,825][DEBUG][cluster.service          ] [node_0] processing [zen-disco-receive(join from node[[node_3][EWKzYWueR6KVbCvedt0u3w][Bills-MacBook-Pro.local][inet[/10.1.10.75:9306]]])]: execute
[2014-02-18 15:36:49,825][TRACE][cluster.service          ] [node_0] cluster state updated:
version [19], source [zen-disco-receive(join from node[[node_3][EWKzYWueR6KVbCvedt0u3w][Bills-MacBook-Pro.local][inet[/10.1.10.75:9306]]])]
nodes: 
   [node_1][5y0yKnIhT0SpXiXfsH5mrg][Bills-MacBook-Pro.local][inet[/10.1.10.75:9304]]
   [node_3][EWKzYWueR6KVbCvedt0u3w][Bills-MacBook-Pro.local][inet[/10.1.10.75:9306]]
   [node_0][mnkDt7gcTYGKum_TOOzG9g][Bills-MacBook-Pro.local][inet[/10.1.10.75:9303]], local, master
   [node_2][iMrqAb_7RzOiI6A65zlD4g][Bills-MacBook-Pro.local][inet[/10.1.10.75:9305]]
routing_table:
-- index [test]
----shard_id [test][4]
--------[test][4], node[5y0yKnIhT0SpXiXfsH5mrg], [R], s[STARTED]
--------[test][4], node[mnkDt7gcTYGKum_TOOzG9g], [P], s[STARTED]
----shard_id [test][0]
--------[test][0], node[5y0yKnIhT0SpXiXfsH5mrg], [R], s[STARTED]
--------[test][0], node[iMrqAb_7RzOiI6A65zlD4g], [P], s[STARTED]
----shard_id [test][3]
--------[test][3], node[5y0yKnIhT0SpXiXfsH5mrg], [R], s[STARTED]
--------[test][3], node[mnkDt7gcTYGKum_TOOzG9g], [P], s[STARTED]
----shard_id [test][1]
--------[test][1], node[mnkDt7gcTYGKum_TOOzG9g], [P], s[STARTED]
--------[test][1], node[iMrqAb_7RzOiI6A65zlD4g], [R], s[STARTED]
----shard_id [test][2]
--------[test][2], node[5y0yKnIhT0SpXiXfsH5mrg], [R], s[STARTED]
--------[test][2], node[iMrqAb_7RzOiI6A65zlD4g], [P], s[STARTED]

routing_nodes:
-----node_id[5y0yKnIhT0SpXiXfsH5mrg][V]
--------[test][4], node[5y0yKnIhT0SpXiXfsH5mrg], [R], s[STARTED]
--------[test][0], node[5y0yKnIhT0SpXiXfsH5mrg], [R], s[STARTED]
--------[test][3], node[5y0yKnIhT0SpXiXfsH5mrg], [R], s[STARTED]
--------[test][2], node[5y0yKnIhT0SpXiXfsH5mrg], [R], s[STARTED]
-----node_id[mnkDt7gcTYGKum_TOOzG9g][V]
--------[test][4], node[mnkDt7gcTYGKum_TOOzG9g], [P], s[STARTED]
--------[test][3], node[mnkDt7gcTYGKum_TOOzG9g], [P], s[STARTED]
--------[test][1], node[mnkDt7gcTYGKum_TOOzG9g], [P], s[STARTED]
-----node_id[EWKzYWueR6KVbCvedt0u3w][V]
-----node_id[iMrqAb_7RzOiI6A65zlD4g][V]
--------[test][0], node[iMrqAb_7RzOiI6A65zlD4g], [P], s[STARTED]
--------[test][1], node[iMrqAb_7RzOiI6A65zlD4g], [R], s[STARTED]
--------[test][2], node[iMrqAb_7RzOiI6A65zlD4g], [P], s[STARTED]
---- unassigned

[2014-02-18 15:36:49,826][INFO ][cluster.service          ] [node_0] added {[node_3][EWKzYWueR6KVbCvedt0u3w][Bills-MacBook-Pro.local][inet[/10.1.10.75:9306]],}, reason: zen-disco-receive(join from node[[node_3][EWKzYWueR6KVbCvedt0u3w][Bills-MacBook-Pro.local][inet[/10.1.10.75:9306]]])
[2014-02-18 15:36:49,826][DEBUG][cluster.service          ] [node_0] publishing cluster state version 19
[2014-02-18 15:36:49,826][DEBUG][cluster.service          ] [node_2] processing [zen-disco-receive(from master [[node_0][mnkDt7gcTYGKum_TOOzG9g][Bills-MacBook-Pro.local][inet[/10.1.10.75:9303]]])]: execute
[2014-02-18 15:36:49,827][DEBUG][cluster.service          ] [node_1] processing [zen-disco-receive(from master [[node_0][mnkDt7gcTYGKum_TOOzG9g][Bills-MacBook-Pro.local][inet[/10.1.10.75:9303]]])]: execute
[2014-02-18 15:36:49,827][TRACE][cluster.service          ] [node_2] cluster state updated:
version [19], source [zen-disco-receive(from master [[node_0][mnkDt7gcTYGKum_TOOzG9g][Bills-MacBook-Pro.local][inet[/10.1.10.75:9303]]])]
nodes: 
   [node_1][5y0yKnIhT0SpXiXfsH5mrg][Bills-MacBook-Pro.local][inet[/10.1.10.75:9304]]
   [node_3][EWKzYWueR6KVbCvedt0u3w][Bills-MacBook-Pro.local][inet[/10.1.10.75:9306]]
   [node_0][mnkDt7gcTYGKum_TOOzG9g][Bills-MacBook-Pro.local][inet[/10.1.10.75:9303]], master
   [node_2][iMrqAb_7RzOiI6A65zlD4g][Bills-MacBook-Pro.local][inet[/10.1.10.75:9305]], local
routing_table:
-- index [test]
----shard_id [test][4]
--------[test][4], node[5y0yKnIhT0SpXiXfsH5mrg], [R], s[STARTED]
--------[test][4], node[mnkDt7gcTYGKum_TOOzG9g], [P], s[STARTED]
----shard_id [test][0]
--------[test][0], node[5y0yKnIhT0SpXiXfsH5mrg], [R], s[STARTED]
--------[test][0], node[iMrqAb_7RzOiI6A65zlD4g], [P], s[STARTED]
----shard_id [test][3]
--------[test][3], node[5y0yKnIhT0SpXiXfsH5mrg], [R], s[STARTED]
--------[test][3], node[mnkDt7gcTYGKum_TOOzG9g], [P], s[STARTED]
----shard_id [test][1]
--------[test][1], node[mnkDt7gcTYGKum_TOOzG9g], [P], s[STARTED]
--------[test][1], node[iMrqAb_7RzOiI6A65zlD4g], [R], s[STARTED]
----shard_id [test][2]
--------[test][2], node[5y0yKnIhT0SpXiXfsH5mrg], [R], s[STARTED]
--------[test][2], node[iMrqAb_7RzOiI6A65zlD4g], [P], s[STARTED]

routing_nodes:
-----node_id[5y0yKnIhT0SpXiXfsH5mrg][V]
--------[test][4], node[5y0yKnIhT0SpXiXfsH5mrg], [R], s[STARTED]
--------[test][0], node[5y0yKnIhT0SpXiXfsH5mrg], [R], s[STARTED]
--------[test][3], node[5y0yKnIhT0SpXiXfsH5mrg], [R], s[STARTED]
--------[test][2], node[5y0yKnIhT0SpXiXfsH5mrg], [R], s[STARTED]
-----node_id[mnkDt7gcTYGKum_TOOzG9g][V]
--------[test][4], node[mnkDt7gcTYGKum_TOOzG9g], [P], s[STARTED]
--------[test][3], node[mnkDt7gcTYGKum_TOOzG9g], [P], s[STARTED]
--------[test][1], node[mnkDt7gcTYGKum_TOOzG9g], [P], s[STARTED]
-----node_id[EWKzYWueR6KVbCvedt0u3w][V]
-----node_id[iMrqAb_7RzOiI6A65zlD4g][V]
--------[test][0], node[iMrqAb_7RzOiI6A65zlD4g], [P], s[STARTED]
--------[test][1], node[iMrqAb_7RzOiI6A65zlD4g], [R], s[STARTED]
--------[test][2], node[iMrqAb_7RzOiI6A65zlD4g], [P], s[STARTED]
---- unassigned

[2014-02-18 15:36:49,828][DEBUG][cluster.service          ] [node_3] processing [zen-disco-receive(from master [[node_0][mnkDt7gcTYGKum_TOOzG9g][Bills-MacBook-Pro.local][inet[/10.1.10.75:9303]]])]: execute
[2014-02-18 15:36:49,827][TRACE][cluster.service          ] [node_1] cluster state updated:
version [19], source [zen-disco-receive(from master [[node_0][mnkDt7gcTYGKum_TOOzG9g][Bills-MacBook-Pro.local][inet[/10.1.10.75:9303]]])]
nodes: 
   [node_1][5y0yKnIhT0SpXiXfsH5mrg][Bills-MacBook-Pro.local][inet[/10.1.10.75:9304]], local
   [node_3][EWKzYWueR6KVbCvedt0u3w][Bills-MacBook-Pro.local][inet[/10.1.10.75:9306]]
   [node_0][mnkDt7gcTYGKum_TOOzG9g][Bills-MacBook-Pro.local][inet[/10.1.10.75:9303]], master
   [node_2][iMrqAb_7RzOiI6A65zlD4g][Bills-MacBook-Pro.local][inet[/10.1.10.75:9305]]
routing_table:
-- index [test]
----shard_id [test][4]
--------[test][4], node[5y0yKnIhT0SpXiXfsH5mrg], [R], s[STARTED]
--------[test][4], node[mnkDt7gcTYGKum_TOOzG9g], [P], s[STARTED]
----shard_id [test][0]
--------[test][0], node[5y0yKnIhT0SpXiXfsH5mrg], [R], s[STARTED]
--------[test][0], node[iMrqAb_7RzOiI6A65zlD4g], [P], s[STARTED]
----shard_id [test][3]
--------[test][3], node[5y0yKnIhT0SpXiXfsH5mrg], [R], s[STARTED]
--------[test][3], node[mnkDt7gcTYGKum_TOOzG9g], [P], s[STARTED]
----shard_id [test][1]
--------[test][1], node[mnkDt7gcTYGKum_TOOzG9g], [P], s[STARTED]
--------[test][1], node[iMrqAb_7RzOiI6A65zlD4g], [R], s[STARTED]
----shard_id [test][2]
--------[test][2], node[5y0yKnIhT0SpXiXfsH5mrg], [R], s[STARTED]
--------[test][2], node[iMrqAb_7RzOiI6A65zlD4g], [P], s[STARTED]

routing_nodes:
-----node_id[5y0yKnIhT0SpXiXfsH5mrg][V]
--------[test][4], node[5y0yKnIhT0SpXiXfsH5mrg], [R], s[STARTED]
--------[test][0], node[5y0yKnIhT0SpXiXfsH5mrg], [R], s[STARTED]
--------[test][3], node[5y0yKnIhT0SpXiXfsH5mrg], [R], s[STARTED]
--------[test][2], node[5y0yKnIhT0SpXiXfsH5mrg], [R], s[STARTED]
-----node_id[mnkDt7gcTYGKum_TOOzG9g][V]
--------[test][4], node[mnkDt7gcTYGKum_TOOzG9g], [P], s[STARTED]
--------[test][3], node[mnkDt7gcTYGKum_TOOzG9g], [P], s[STARTED]
--------[test][1], node[mnkDt7gcTYGKum_TOOzG9g], [P], s[STARTED]
-----node_id[EWKzYWueR6KVbCvedt0u3w][V]
-----node_id[iMrqAb_7RzOiI6A65zlD4g][V]
--------[test][0], node[iMrqAb_7RzOiI6A65zlD4g], [P], s[STARTED]
--------[test][1], node[iMrqAb_7RzOiI6A65zlD4g], [R], s[STARTED]
--------[test][2], node[iMrqAb_7RzOiI6A65zlD4g], [P], s[STARTED]
---- unassigned

[2014-02-18 15:36:49,828][DEBUG][cluster.service          ] [node_3] got first state from fresh master [mnkDt7gcTYGKum_TOOzG9g]
[2014-02-18 15:36:49,828][INFO ][cluster.service          ] [node_2] added {[node_3][EWKzYWueR6KVbCvedt0u3w][Bills-MacBook-Pro.local][inet[/10.1.10.75:9306]],}, reason: zen-disco-receive(from master [[node_0][mnkDt7gcTYGKum_TOOzG9g][Bills-MacBook-Pro.local][inet[/10.1.10.75:9303]]])
[2014-02-18 15:36:49,828][TRACE][cluster.service          ] [node_3] cluster state updated:
version [19], source [zen-disco-receive(from master [[node_0][mnkDt7gcTYGKum_TOOzG9g][Bills-MacBook-Pro.local][inet[/10.1.10.75:9303]]])]
nodes: 
   [node_1][5y0yKnIhT0SpXiXfsH5mrg][Bills-MacBook-Pro.local][inet[/10.1.10.75:9304]]
   [node_3][EWKzYWueR6KVbCvedt0u3w][Bills-MacBook-Pro.local][inet[/10.1.10.75:9306]], local
   [node_0][mnkDt7gcTYGKum_TOOzG9g][Bills-MacBook-Pro.local][inet[/10.1.10.75:9303]], master
   [node_2][iMrqAb_7RzOiI6A65zlD4g][Bills-MacBook-Pro.local][inet[/10.1.10.75:9305]]
routing_table:
-- index [test]
----shard_id [test][2]
--------[test][2], node[5y0yKnIhT0SpXiXfsH5mrg], [R], s[STARTED]
--------[test][2], node[iMrqAb_7RzOiI6A65zlD4g], [P], s[STARTED]
----shard_id [test][0]
--------[test][0], node[5y0yKnIhT0SpXiXfsH5mrg], [R], s[STARTED]
--------[test][0], node[iMrqAb_7RzOiI6A65zlD4g], [P], s[STARTED]
----shard_id [test][3]
--------[test][3], node[5y0yKnIhT0SpXiXfsH5mrg], [R], s[STARTED]
--------[test][3], node[mnkDt7gcTYGKum_TOOzG9g], [P], s[STARTED]
----shard_id [test][1]
--------[test][1], node[mnkDt7gcTYGKum_TOOzG9g], [P], s[STARTED]
--------[test][1], node[iMrqAb_7RzOiI6A65zlD4g], [R], s[STARTED]
----shard_id [test][4]
--------[test][4], node[5y0yKnIhT0SpXiXfsH5mrg], [R], s[STARTED]
--------[test][4], node[mnkDt7gcTYGKum_TOOzG9g], [P], s[STARTED]

routing_nodes:
-----node_id[5y0yKnIhT0SpXiXfsH5mrg][V]
--------[test][2], node[5y0yKnIhT0SpXiXfsH5mrg], [R], s[STARTED]
--------[test][0], node[5y0yKnIhT0SpXiXfsH5mrg], [R], s[STARTED]
--------[test][3], node[5y0yKnIhT0SpXiXfsH5mrg], [R], s[STARTED]
--------[test][4], node[5y0yKnIhT0SpXiXfsH5mrg], [R], s[STARTED]
-----node_id[mnkDt7gcTYGKum_TOOzG9g][V]
--------[test][3], node[mnkDt7gcTYGKum_TOOzG9g], [P], s[STARTED]
--------[test][1], node[mnkDt7gcTYGKum_TOOzG9g], [P], s[STARTED]
--------[test][4], node[mnkDt7gcTYGKum_TOOzG9g], [P], s[STARTED]
-----node_id[EWKzYWueR6KVbCvedt0u3w][V]
-----node_id[iMrqAb_7RzOiI6A65zlD4g][V]
--------[test][2], node[iMrqAb_7RzOiI6A65zlD4g], [P], s[STARTED]
--------[test][0], node[iMrqAb_7RzOiI6A65zlD4g], [P], s[STARTED]
--------[test][1], node[iMrqAb_7RzOiI6A65zlD4g], [R], s[STARTED]
---- unassigned

[2014-02-18 15:36:49,828][INFO ][cluster.service          ] [node_1] added {[node_3][EWKzYWueR6KVbCvedt0u3w][Bills-MacBook-Pro.local][inet[/10.1.10.75:9306]],}, reason: zen-disco-receive(from master [[node_0][mnkDt7gcTYGKum_TOOzG9g][Bills-MacBook-Pro.local][inet[/10.1.10.75:9303]]])
[2014-02-18 15:36:49,829][INFO ][cluster.service          ] [node_3] detected_master [node_0][mnkDt7gcTYGKum_TOOzG9g][Bills-MacBook-Pro.local][inet[/10.1.10.75:9303]], added {[node_1][5y0yKnIhT0SpXiXfsH5mrg][Bills-MacBook-Pro.local][inet[/10.1.10.75:9304]],[node_0][mnkDt7gcTYGKum_TOOzG9g][Bills-MacBook-Pro.local][inet[/10.1.10.75:9303]],[node_2][iMrqAb_7RzOiI6A65zlD4g][Bills-MacBook-Pro.local][inet[/10.1.10.75:9305]],}, reason: zen-disco-receive(from master [[node_0][mnkDt7gcTYGKum_TOOzG9g][Bills-MacBook-Pro.local][inet[/10.1.10.75:9303]]])
[2014-02-18 15:36:49,828][DEBUG][cluster.service          ] [node_2] set local cluster state to version 19
[2014-02-18 15:36:49,829][DEBUG][cluster.service          ] [node_1] set local cluster state to version 19
[2014-02-18 15:36:49,829][DEBUG][cluster.service          ] [node_2] processing [zen-disco-receive(from master [[node_0][mnkDt7gcTYGKum_TOOzG9g][Bills-MacBook-Pro.local][inet[/10.1.10.75:9303]]])]: done applying updated cluster_state (version: 19)
[2014-02-18 15:36:49,830][DEBUG][cluster.service          ] [node_1] processing [zen-disco-receive(from master [[node_0][mnkDt7gcTYGKum_TOOzG9g][Bills-MacBook-Pro.local][inet[/10.1.10.75:9303]]])]: done applying updated cluster_state (version: 19)
[2014-02-18 15:36:49,872][DEBUG][cluster.service          ] [node_3] set local cluster state to version 19
[2014-02-18 15:36:49,873][DEBUG][cluster.service          ] [node_3] processing [zen-disco-receive(from master [[node_0][mnkDt7gcTYGKum_TOOzG9g][Bills-MacBook-Pro.local][inet[/10.1.10.75:9303]]])]: done applying updated cluster_state (version: 19)
[2014-02-18 15:36:49,873][DEBUG][cluster.service          ] [node_0] set local cluster state to version 19
[2014-02-18 15:36:49,873][INFO ][discovery                ] [node_3] TEST-Bills-MacBook-Pro.local-CHILD_VM=[0]-CLUSTER_SEED=[1524955850269721296]-HASH=[135419D70D01DD98]/EWKzYWueR6KVbCvedt0u3w
[2014-02-18 15:36:49,873][DEBUG][cluster.service          ] [node_0] processing [zen-disco-receive(join from node[[node_3][EWKzYWueR6KVbCvedt0u3w][Bills-MacBook-Pro.local][inet[/10.1.10.75:9306]]])]: done applying updated cluster_state (version: 19)
[2014-02-18 15:36:49,878][INFO ][http                     ] [node_3] bound_address {inet[/0:0:0:0:0:0:0:0:9206]}, publish_address {inet[/10.1.10.75:9206]}
[2014-02-18 15:36:49,878][DEBUG][cluster.service          ] [node_3] processing [updating local node id]: execute
[2014-02-18 15:36:49,878][TRACE][cluster.service          ] [node_3] cluster state updated:
version [19], source [updating local node id]
nodes: 
   [node_1][5y0yKnIhT0SpXiXfsH5mrg][Bills-MacBook-Pro.local][inet[/10.1.10.75:9304]]
   [node_3][EWKzYWueR6KVbCvedt0u3w][Bills-MacBook-Pro.local][inet[/10.1.10.75:9306]], local
   [node_0][mnkDt7gcTYGKum_TOOzG9g][Bills-MacBook-Pro.local][inet[/10.1.10.75:9303]], master
   [node_2][iMrqAb_7RzOiI6A65zlD4g][Bills-MacBook-Pro.local][inet[/10.1.10.75:9305]]
routing_table:
-- index [test]
----shard_id [test][2]
--------[test][2], node[5y0yKnIhT0SpXiXfsH5mrg], [R], s[STARTED]
--------[test][2], node[iMrqAb_7RzOiI6A65zlD4g], [P], s[STARTED]
----shard_id [test][0]
--------[test][0], node[5y0yKnIhT0SpXiXfsH5mrg], [R], s[STARTED]
--------[test][0], node[iMrqAb_7RzOiI6A65zlD4g], [P], s[STARTED]
----shard_id [test][3]
--------[test][3], node[5y0yKnIhT0SpXiXfsH5mrg], [R], s[STARTED]
--------[test][3], node[mnkDt7gcTYGKum_TOOzG9g], [P], s[STARTED]
----shard_id [test][1]
--------[test][1], node[mnkDt7gcTYGKum_TOOzG9g], [P], s[STARTED]
--------[test][1], node[iMrqAb_7RzOiI6A65zlD4g], [R], s[STARTED]
----shard_id [test][4]
--------[test][4], node[5y0yKnIhT0SpXiXfsH5mrg], [R], s[STARTED]
--------[test][4], node[mnkDt7gcTYGKum_TOOzG9g], [P], s[STARTED]

routing_nodes:
-----node_id[5y0yKnIhT0SpXiXfsH5mrg][V]
--------[test][2], node[5y0yKnIhT0SpXiXfsH5mrg], [R], s[STARTED]
--------[test][0], node[5y0yKnIhT0SpXiXfsH5mrg], [R], s[STARTED]
--------[test][3], node[5y0yKnIhT0SpXiXfsH5mrg], [R], s[STARTED]
--------[test][4], node[5y0yKnIhT0SpXiXfsH5mrg], [R], s[STARTED]
-----node_id[mnkDt7gcTYGKum_TOOzG9g][V]
--------[test][3], node[mnkDt7gcTYGKum_TOOzG9g], [P], s[STARTED]
--------[test][1], node[mnkDt7gcTYGKum_TOOzG9g], [P], s[STARTED]
--------[test][4], node[mnkDt7gcTYGKum_TOOzG9g], [P], s[STARTED]
-----node_id[EWKzYWueR6KVbCvedt0u3w][V]
-----node_id[iMrqAb_7RzOiI6A65zlD4g][V]
--------[test][2], node[iMrqAb_7RzOiI6A65zlD4g], [P], s[STARTED]
--------[test][0], node[iMrqAb_7RzOiI6A65zlD4g], [P], s[STARTED]
--------[test][1], node[iMrqAb_7RzOiI6A65zlD4g], [R], s[STARTED]
---- unassigned

[2014-02-18 15:36:49,878][DEBUG][cluster.service          ] [node_3] set local cluster state to version 19
[2014-02-18 15:36:49,879][DEBUG][cluster.service          ] [node_3] processing [updating local node id]: done applying updated cluster_state (version: 19)
[2014-02-18 15:36:49,879][INFO ][node                     ] [node_3] started
[2014-02-18 15:36:49,881][INFO ][node                     ] [node_4] version[1.0.0], pid[6815], build[a46900e/2014-02-18T23:32:25Z]
[2014-02-18 15:36:49,881][INFO ][node                     ] [node_4] initializing ...
[2014-02-18 15:36:49,881][INFO ][plugins                  ] [node_4] loaded [], sites []
[2014-02-18 15:36:49,894][DEBUG][cluster.service          ] [node_0] processing [routing-table-updater]: execute
[2014-02-18 15:36:49,895][TRACE][cluster.service          ] [node_0] cluster state updated:
version [20], source [routing-table-updater]
nodes: 
   [node_1][5y0yKnIhT0SpXiXfsH5mrg][Bills-MacBook-Pro.local][inet[/10.1.10.75:9304]]
   [node_3][EWKzYWueR6KVbCvedt0u3w][Bills-MacBook-Pro.local][inet[/10.1.10.75:9306]]
   [node_0][mnkDt7gcTYGKum_TOOzG9g][Bills-MacBook-Pro.local][inet[/10.1.10.75:9303]], local, master
   [node_2][iMrqAb_7RzOiI6A65zlD4g][Bills-MacBook-Pro.local][inet[/10.1.10.75:9305]]
routing_table:
-- index [test]
----shard_id [test][2]
--------[test][2], node[5y0yKnIhT0SpXiXfsH5mrg], [R], s[STARTED]
--------[test][2], node[iMrqAb_7RzOiI6A65zlD4g], [P], s[STARTED]
----shard_id [test][0]
--------[test][0], node[5y0yKnIhT0SpXiXfsH5mrg], relocating [EWKzYWueR6KVbCvedt0u3w], [R], s[RELOCATING]
--------[test][0], node[iMrqAb_7RzOiI6A65zlD4g], [P], s[STARTED]
----shard_id [test][3]
--------[test][3], node[5y0yKnIhT0SpXiXfsH5mrg], [R], s[STARTED]
--------[test][3], node[mnkDt7gcTYGKum_TOOzG9g], [P], s[STARTED]
----shard_id [test][1]
--------[test][1], node[mnkDt7gcTYGKum_TOOzG9g], relocating [EWKzYWueR6KVbCvedt0u3w], [P], s[RELOCATING]
--------[test][1], node[iMrqAb_7RzOiI6A65zlD4g], [R], s[STARTED]
----shard_id [test][4]
--------[test][4], node[5y0yKnIhT0SpXiXfsH5mrg], [R], s[STARTED]
--------[test][4], node[mnkDt7gcTYGKum_TOOzG9g], [P], s[STARTED]

routing_nodes:
-----node_id[5y0yKnIhT0SpXiXfsH5mrg][V]
--------[test][2], node[5y0yKnIhT0SpXiXfsH5mrg], [R], s[STARTED]
--------[test][0], node[5y0yKnIhT0SpXiXfsH5mrg], relocating [EWKzYWueR6KVbCvedt0u3w], [R], s[RELOCATING]
--------[test][3], node[5y0yKnIhT0SpXiXfsH5mrg], [R], s[STARTED]
--------[test][4], node[5y0yKnIhT0SpXiXfsH5mrg], [R], s[STARTED]
-----node_id[mnkDt7gcTYGKum_TOOzG9g][V]
--------[test][3], node[mnkDt7gcTYGKum_TOOzG9g], [P], s[STARTED]
--------[test][1], node[mnkDt7gcTYGKum_TOOzG9g], relocating [EWKzYWueR6KVbCvedt0u3w], [P], s[RELOCATING]
--------[test][4], node[mnkDt7gcTYGKum_TOOzG9g], [P], s[STARTED]
-----node_id[EWKzYWueR6KVbCvedt0u3w][V]
--------[test][0], node[EWKzYWueR6KVbCvedt0u3w], relocating [5y0yKnIhT0SpXiXfsH5mrg], [R], s[INITIALIZING]
--------[test][1], node[EWKzYWueR6KVbCvedt0u3w], relocating [mnkDt7gcTYGKum_TOOzG9g], [P], s[INITIALIZING]
-----node_id[iMrqAb_7RzOiI6A65zlD4g][V]
--------[test][2], node[iMrqAb_7RzOiI6A65zlD4g], [P], s[STARTED]
--------[test][0], node[iMrqAb_7RzOiI6A65zlD4g], [P], s[STARTED]
--------[test][1], node[iMrqAb_7RzOiI6A65zlD4g], [R], s[STARTED]
---- unassigned

[2014-02-18 15:36:49,895][DEBUG][cluster.service          ] [node_0] publishing cluster state version 20
[2014-02-18 15:36:49,896][DEBUG][cluster.service          ] [node_1] processing [zen-disco-receive(from master [[node_0][mnkDt7gcTYGKum_TOOzG9g][Bills-MacBook-Pro.local][inet[/10.1.10.75:9303]]])]: execute
[2014-02-18 15:36:49,896][DEBUG][cluster.service          ] [node_2] processing [zen-disco-receive(from master [[node_0][mnkDt7gcTYGKum_TOOzG9g][Bills-MacBook-Pro.local][inet[/10.1.10.75:9303]]])]: execute
[2014-02-18 15:36:49,896][DEBUG][cluster.service          ] [node_3] processing [zen-disco-receive(from master [[node_0][mnkDt7gcTYGKum_TOOzG9g][Bills-MacBook-Pro.local][inet[/10.1.10.75:9303]]])]: execute
[2014-02-18 15:36:49,897][TRACE][cluster.service          ] [node_2] cluster state updated:
version [20], source [zen-disco-receive(from master [[node_0][mnkDt7gcTYGKum_TOOzG9g][Bills-MacBook-Pro.local][inet[/10.1.10.75:9303]]])]
nodes: 
   [node_1][5y0yKnIhT0SpXiXfsH5mrg][Bills-MacBook-Pro.local][inet[/10.1.10.75:9304]]
   [node_3][EWKzYWueR6KVbCvedt0u3w][Bills-MacBook-Pro.local][inet[/10.1.10.75:9306]]
   [node_0][mnkDt7gcTYGKum_TOOzG9g][Bills-MacBook-Pro.local][inet[/10.1.10.75:9303]], master
   [node_2][iMrqAb_7RzOiI6A65zlD4g][Bills-MacBook-Pro.local][inet[/10.1.10.75:9305]], local
routing_table:
-- index [test]
----shard_id [test][2]
--------[test][2], node[5y0yKnIhT0SpXiXfsH5mrg], [R], s[STARTED]
--------[test][2], node[iMrqAb_7RzOiI6A65zlD4g], [P], s[STARTED]
----shard_id [test][0]
--------[test][0], node[5y0yKnIhT0SpXiXfsH5mrg], relocating [EWKzYWueR6KVbCvedt0u3w], [R], s[RELOCATING]
--------[test][0], node[iMrqAb_7RzOiI6A65zlD4g], [P], s[STARTED]
----shard_id [test][3]
--------[test][3], node[5y0yKnIhT0SpXiXfsH5mrg], [R], s[STARTED]
--------[test][3], node[mnkDt7gcTYGKum_TOOzG9g], [P], s[STARTED]
----shard_id [test][1]
--------[test][1], node[mnkDt7gcTYGKum_TOOzG9g], relocating [EWKzYWueR6KVbCvedt0u3w], [P], s[RELOCATING]
--------[test][1], node[iMrqAb_7RzOiI6A65zlD4g], [R], s[STARTED]
----shard_id [test][4]
--------[test][4], node[5y0yKnIhT0SpXiXfsH5mrg], [R], s[STARTED]
--------[test][4], node[mnkDt7gcTYGKum_TOOzG9g], [P], s[STARTED]

routing_nodes:
-----node_id[5y0yKnIhT0SpXiXfsH5mrg][V]
--------[test][2], node[5y0yKnIhT0SpXiXfsH5mrg], [R], s[STARTED]
--------[test][0], node[5y0yKnIhT0SpXiXfsH5mrg], relocating [EWKzYWueR6KVbCvedt0u3w], [R], s[RELOCATING]
--------[test][3], node[5y0yKnIhT0SpXiXfsH5mrg], [R], s[STARTED]
--------[test][4], node[5y0yKnIhT0SpXiXfsH5mrg], [R], s[STARTED]
-----node_id[mnkDt7gcTYGKum_TOOzG9g][V]
--------[test][3], node[mnkDt7gcTYGKum_TOOzG9g], [P], s[STARTED]
--------[test][1], node[mnkDt7gcTYGKum_TOOzG9g], relocating [EWKzYWueR6KVbCvedt0u3w], [P], s[RELOCATING]
--------[test][4], node[mnkDt7gcTYGKum_TOOzG9g], [P], s[STARTED]
-----node_id[EWKzYWueR6KVbCvedt0u3w][V]
--------[test][0], node[EWKzYWueR6KVbCvedt0u3w], relocating [5y0yKnIhT0SpXiXfsH5mrg], [R], s[INITIALIZING]
--------[test][1], node[EWKzYWueR6KVbCvedt0u3w], relocating [mnkDt7gcTYGKum_TOOzG9g], [P], s[INITIALIZING]
-----node_id[iMrqAb_7RzOiI6A65zlD4g][V]
--------[test][2], node[iMrqAb_7RzOiI6A65zlD4g], [P], s[STARTED]
--------[test][0], node[iMrqAb_7RzOiI6A65zlD4g], [P], s[STARTED]
--------[test][1], node[iMrqAb_7RzOiI6A65zlD4g], [R], s[STARTED]
---- unassigned

[2014-02-18 15:36:49,896][TRACE][cluster.service          ] [node_1] cluster state updated:
version [20], source [zen-disco-receive(from master [[node_0][mnkDt7gcTYGKum_TOOzG9g][Bills-MacBook-Pro.local][inet[/10.1.10.75:9303]]])]
nodes: 
   [node_1][5y0yKnIhT0SpXiXfsH5mrg][Bills-MacBook-Pro.local][inet[/10.1.10.75:9304]], local
   [node_3][EWKzYWueR6KVbCvedt0u3w][Bills-MacBook-Pro.local][inet[/10.1.10.75:9306]]
   [node_0][mnkDt7gcTYGKum_TOOzG9g][Bills-MacBook-Pro.local][inet[/10.1.10.75:9303]], master
   [node_2][iMrqAb_7RzOiI6A65zlD4g][Bills-MacBook-Pro.local][inet[/10.1.10.75:9305]]
routing_table:
-- index [test]
----shard_id [test][2]
--------[test][2], node[5y0yKnIhT0SpXiXfsH5mrg], [R], s[STARTED]
--------[test][2], node[iMrqAb_7RzOiI6A65zlD4g], [P], s[STARTED]
----shard_id [test][0]
--------[test][0], node[5y0yKnIhT0SpXiXfsH5mrg], relocating [EWKzYWueR6KVbCvedt0u3w], [R], s[RELOCATING]
--------[test][0], node[iMrqAb_7RzOiI6A65zlD4g], [P], s[STARTED]
----shard_id [test][3]
--------[test][3], node[5y0yKnIhT0SpXiXfsH5mrg], [R], s[STARTED]
--------[test][3], node[mnkDt7gcTYGKum_TOOzG9g], [P], s[STARTED]
----shard_id [test][1]
--------[test][1], node[mnkDt7gcTYGKum_TOOzG9g], relocating [EWKzYWueR6KVbCvedt0u3w], [P], s[RELOCATING]
--------[test][1], node[iMrqAb_7RzOiI6A65zlD4g], [R], s[STARTED]
----shard_id [test][4]
--------[test][4], node[5y0yKnIhT0SpXiXfsH5mrg], [R], s[STARTED]
--------[test][4], node[mnkDt7gcTYGKum_TOOzG9g], [P], s[STARTED]

routing_nodes:
-----node_id[5y0yKnIhT0SpXiXfsH5mrg][V]
--------[test][2], node[5y0yKnIhT0SpXiXfsH5mrg], [R], s[STARTED]
--------[test][0], node[5y0yKnIhT0SpXiXfsH5mrg], relocating [EWKzYWueR6KVbCvedt0u3w], [R], s[RELOCATING]
--------[test][3], node[5y0yKnIhT0SpXiXfsH5mrg], [R], s[STARTED]
--------[test][4], node[5y0yKnIhT0SpXiXfsH5mrg], [R], s[STARTED]
-----node_id[mnkDt7gcTYGKum_TOOzG9g][V]
--------[test][3], node[mnkDt7gcTYGKum_TOOzG9g], [P], s[STARTED]
--------[test][1], node[mnkDt7gcTYGKum_TOOzG9g], relocating [EWKzYWueR6KVbCvedt0u3w], [P], s[RELOCATING]
--------[test][4], node[mnkDt7gcTYGKum_TOOzG9g], [P], s[STARTED]
-----node_id[EWKzYWueR6KVbCvedt0u3w][V]
--------[test][0], node[EWKzYWueR6KVbCvedt0u3w], relocating [5y0yKnIhT0SpXiXfsH5mrg], [R], s[INITIALIZING]
--------[test][1], node[EWKzYWueR6KVbCvedt0u3w], relocating [mnkDt7gcTYGKum_TOOzG9g], [P], s[INITIALIZING]
-----node_id[iMrqAb_7RzOiI6A65zlD4g][V]
--------[test][2], node[iMrqAb_7RzOiI6A65zlD4g], [P], s[STARTED]
--------[test][0], node[iMrqAb_7RzOiI6A65zlD4g], [P], s[STARTED]
--------[test][1], node[iMrqAb_7RzOiI6A65zlD4g], [R], s[STARTED]
---- unassigned

[2014-02-18 15:36:49,897][DEBUG][cluster.service          ] [node_1] set local cluster state to version 20
[2014-02-18 15:36:49,897][DEBUG][cluster.service          ] [node_2] set local cluster state to version 20
[2014-02-18 15:36:49,897][TRACE][cluster.service          ] [node_3] cluster state updated:
version [20], source [zen-disco-receive(from master [[node_0][mnkDt7gcTYGKum_TOOzG9g][Bills-MacBook-Pro.local][inet[/10.1.10.75:9303]]])]
nodes: 
   [node_1][5y0yKnIhT0SpXiXfsH5mrg][Bills-MacBook-Pro.local][inet[/10.1.10.75:9304]]
   [node_3][EWKzYWueR6KVbCvedt0u3w][Bills-MacBook-Pro.local][inet[/10.1.10.75:9306]], local
   [node_0][mnkDt7gcTYGKum_TOOzG9g][Bills-MacBook-Pro.local][inet[/10.1.10.75:9303]], master
   [node_2][iMrqAb_7RzOiI6A65zlD4g][Bills-MacBook-Pro.local][inet[/10.1.10.75:9305]]
routing_table:
-- index [test]
----shard_id [test][2]
--------[test][2], node[5y0yKnIhT0SpXiXfsH5mrg], [R], s[STARTED]
--------[test][2], node[iMrqAb_7RzOiI6A65zlD4g], [P], s[STARTED]
----shard_id [test][0]
--------[test][0], node[5y0yKnIhT0SpXiXfsH5mrg], relocating [EWKzYWueR6KVbCvedt0u3w], [R], s[RELOCATING]
--------[test][0], node[iMrqAb_7RzOiI6A65zlD4g], [P], s[STARTED]
----shard_id [test][3]
--------[test][3], node[5y0yKnIhT0SpXiXfsH5mrg], [R], s[STARTED]
--------[test][3], node[mnkDt7gcTYGKum_TOOzG9g], [P], s[STARTED]
----shard_id [test][1]
--------[test][1], node[mnkDt7gcTYGKum_TOOzG9g], relocating [EWKzYWueR6KVbCvedt0u3w], [P], s[RELOCATING]
--------[test][1], node[iMrqAb_7RzOiI6A65zlD4g], [R], s[STARTED]
----shard_id [test][4]
--------[test][4], node[5y0yKnIhT0SpXiXfsH5mrg], [R], s[STARTED]
--------[test][4], node[mnkDt7gcTYGKum_TOOzG9g], [P], s[STARTED]

routing_nodes:
-----node_id[5y0yKnIhT0SpXiXfsH5mrg][V]
--------[test][2], node[5y0yKnIhT0SpXiXfsH5mrg], [R], s[STARTED]
--------[test][0], node[5y0yKnIhT0SpXiXfsH5mrg], relocating [EWKzYWueR6KVbCvedt0u3w], [R], s[RELOCATING]
--------[test][3], node[5y0yKnIhT0SpXiXfsH5mrg], [R], s[STARTED]
--------[test][4], node[5y0yKnIhT0SpXiXfsH5mrg], [R], s[STARTED]
-----node_id[mnkDt7gcTYGKum_TOOzG9g][V]
--------[test][3], node[mnkDt7gcTYGKum_TOOzG9g], [P], s[STARTED]
--------[test][1], node[mnkDt7gcTYGKum_TOOzG9g], relocating [EWKzYWueR6KVbCvedt0u3w], [P], s[RELOCATING]
--------[test][4], node[mnkDt7gcTYGKum_TOOzG9g], [P], s[STARTED]
-----node_id[EWKzYWueR6KVbCvedt0u3w][V]
--------[test][0], node[EWKzYWueR6KVbCvedt0u3w], relocating [5y0yKnIhT0SpXiXfsH5mrg], [R], s[INITIALIZING]
--------[test][1], node[EWKzYWueR6KVbCvedt0u3w], relocating [mnkDt7gcTYGKum_TOOzG9g], [P], s[INITIALIZING]
-----node_id[iMrqAb_7RzOiI6A65zlD4g][V]
--------[test][2], node[iMrqAb_7RzOiI6A65zlD4g], [P], s[STARTED]
--------[test][0], node[iMrqAb_7RzOiI6A65zlD4g], [P], s[STARTED]
--------[test][1], node[iMrqAb_7RzOiI6A65zlD4g], [R], s[STARTED]
---- unassigned

[2014-02-18 15:36:49,898][DEBUG][cluster.service          ] [node_1] processing [zen-disco-receive(from master [[node_0][mnkDt7gcTYGKum_TOOzG9g][Bills-MacBook-Pro.local][inet[/10.1.10.75:9303]]])]: done applying updated cluster_state (version: 20)
[2014-02-18 15:36:49,898][DEBUG][cluster.service          ] [node_2] processing [zen-disco-receive(from master [[node_0][mnkDt7gcTYGKum_TOOzG9g][Bills-MacBook-Pro.local][inet[/10.1.10.75:9303]]])]: done applying updated cluster_state (version: 20)
[2014-02-18 15:36:49,898][DEBUG][cluster.service          ] [node_3] set local cluster state to version 20
[2014-02-18 15:36:49,899][DEBUG][indices.cluster          ] [node_3] [test] creating index
[2014-02-18 15:36:49,912][DEBUG][indices.cluster          ] [node_3] [test] adding mapping [type1], source [{"type1":{"properties":{"test":{"type":"string"}}}}]
[2014-02-18 15:36:49,913][DEBUG][indices.cluster          ] [node_3] [test][0] creating shard
[2014-02-18 15:36:49,928][DEBUG][indices.cluster          ] [node_3] [test][1] creating shard
[2014-02-18 15:36:49,932][INFO ][node                     ] [node_4] initialized
[2014-02-18 15:36:49,932][INFO ][node                     ] [node_4] starting ...
[2014-02-18 15:36:49,934][DEBUG][cluster.service          ] [node_3] processing [zen-disco-receive(from master [[node_0][mnkDt7gcTYGKum_TOOzG9g][Bills-MacBook-Pro.local][inet[/10.1.10.75:9303]]])]: done applying updated cluster_state (version: 20)
[2014-02-18 15:36:49,934][DEBUG][cluster.service          ] [node_0] set local cluster state to version 20
[2014-02-18 15:36:49,935][DEBUG][cluster.service          ] [node_0] processing [routing-table-updater]: done applying updated cluster_state (version: 20)
[2014-02-18 15:36:49,948][INFO ][transport                ] [node_4] bound_address {inet[/0:0:0:0:0:0:0:0:9307]}, publish_address {inet[/10.1.10.75:9307]}
[2014-02-18 15:36:49,951][WARN ][discovery.zen.ping.multicast] [node_4] failed to receive packet, throttling...
java.net.SocketException: Socket closed
	at java.net.PlainDatagramSocketImpl.peekData(Native Method)
	at java.net.DatagramSocket.receive(DatagramSocket.java:726)
	at org.elasticsearch.discovery.zen.ping.multicast.MulticastZenPing$Receiver.run(MulticastZenPing.java:366)
	at java.lang.Thread.run(Thread.java:744)
[2014-02-18 15:36:50,128][DEBUG][cluster.service          ] [node_0] processing [shard-started ([test][1], node[EWKzYWueR6KVbCvedt0u3w], relocating [mnkDt7gcTYGKum_TOOzG9g], [P], s[INITIALIZING]), reason [after recovery (replica) from node [[node_0][mnkDt7gcTYGKum_TOOzG9g][Bills-MacBook-Pro.local][inet[/10.1.10.75:9303]]]]]: execute
[2014-02-18 15:36:50,129][TRACE][cluster.service          ] [node_0] cluster state updated:
version [21], source [shard-started ([test][1], node[EWKzYWueR6KVbCvedt0u3w], relocating [mnkDt7gcTYGKum_TOOzG9g], [P], s[INITIALIZING]), reason [after recovery (replica) from node [[node_0][mnkDt7gcTYGKum_TOOzG9g][Bills-MacBook-Pro.local][inet[/10.1.10.75:9303]]]]]
nodes: 
   [node_1][5y0yKnIhT0SpXiXfsH5mrg][Bills-MacBook-Pro.local][inet[/10.1.10.75:9304]]
   [node_3][EWKzYWueR6KVbCvedt0u3w][Bills-MacBook-Pro.local][inet[/10.1.10.75:9306]]
   [node_0][mnkDt7gcTYGKum_TOOzG9g][Bills-MacBook-Pro.local][inet[/10.1.10.75:9303]], local, master
   [node_2][iMrqAb_7RzOiI6A65zlD4g][Bills-MacBook-Pro.local][inet[/10.1.10.75:9305]]
routing_table:
-- index [test]
----shard_id [test][4]
--------[test][4], node[5y0yKnIhT0SpXiXfsH5mrg], [R], s[STARTED]
--------[test][4], node[mnkDt7gcTYGKum_TOOzG9g], [P], s[STARTED]
----shard_id [test][0]
--------[test][0], node[5y0yKnIhT0SpXiXfsH5mrg], relocating [EWKzYWueR6KVbCvedt0u3w], [R], s[RELOCATING]
--------[test][0], node[iMrqAb_7RzOiI6A65zlD4g], [P], s[STARTED]
----shard_id [test][3]
--------[test][3], node[5y0yKnIhT0SpXiXfsH5mrg], [R], s[STARTED]
--------[test][3], node[mnkDt7gcTYGKum_TOOzG9g], [P], s[STARTED]
----shard_id [test][1]
--------[test][1], node[EWKzYWueR6KVbCvedt0u3w], [P], s[STARTED]
--------[test][1], node[iMrqAb_7RzOiI6A65zlD4g], [R], s[STARTED]
----shard_id [test][2]
--------[test][2], node[5y0yKnIhT0SpXiXfsH5mrg], [R], s[STARTED]
--------[test][2], node[iMrqAb_7RzOiI6A65zlD4g], [P], s[STARTED]

routing_nodes:
-----node_id[5y0yKnIhT0SpXiXfsH5mrg][V]
--------[test][4], node[5y0yKnIhT0SpXiXfsH5mrg], [R], s[STARTED]
--------[test][0], node[5y0yKnIhT0SpXiXfsH5mrg], relocating [EWKzYWueR6KVbCvedt0u3w], [R], s[RELOCATING]
--------[test][3], node[5y0yKnIhT0SpXiXfsH5mrg], [R], s[STARTED]
--------[test][2], node[5y0yKnIhT0SpXiXfsH5mrg], [R], s[STARTED]
-----node_id[mnkDt7gcTYGKum_TOOzG9g][V]
--------[test][4], node[mnkDt7gcTYGKum_TOOzG9g], [P], s[STARTED]
--------[test][3], node[mnkDt7gcTYGKum_TOOzG9g], [P], s[STARTED]
-----node_id[EWKzYWueR6KVbCvedt0u3w][V]
--------[test][0], node[EWKzYWueR6KVbCvedt0u3w], relocating [5y0yKnIhT0SpXiXfsH5mrg], [R], s[INITIALIZING]
--------[test][1], node[EWKzYWueR6KVbCvedt0u3w], [P], s[STARTED]
-----node_id[iMrqAb_7RzOiI6A65zlD4g][V]
--------[test][0], node[iMrqAb_7RzOiI6A65zlD4g], [P], s[STARTED]
--------[test][1], node[iMrqAb_7RzOiI6A65zlD4g], [R], s[STARTED]
--------[test][2], node[iMrqAb_7RzOiI6A65zlD4g], [P], s[STARTED]
---- unassigned

[2014-02-18 15:36:50,129][DEBUG][cluster.service          ] [node_0] publishing cluster state version 21
[2014-02-18 15:36:50,130][DEBUG][cluster.service          ] [node_1] processing [zen-disco-receive(from master [[node_0][mnkDt7gcTYGKum_TOOzG9g][Bills-MacBook-Pro.local][inet[/10.1.10.75:9303]]])]: execute
[2014-02-18 15:36:50,130][DEBUG][cluster.service          ] [node_2] processing [zen-disco-receive(from master [[node_0][mnkDt7gcTYGKum_TOOzG9g][Bills-MacBook-Pro.local][inet[/10.1.10.75:9303]]])]: execute
[2014-02-18 15:36:50,131][TRACE][cluster.service          ] [node_2] cluster state updated:
version [21], source [zen-disco-receive(from master [[node_0][mnkDt7gcTYGKum_TOOzG9g][Bills-MacBook-Pro.local][inet[/10.1.10.75:9303]]])]
nodes: 
   [node_1][5y0yKnIhT0SpXiXfsH5mrg][Bills-MacBook-Pro.local][inet[/10.1.10.75:9304]]
   [node_3][EWKzYWueR6KVbCvedt0u3w][Bills-MacBook-Pro.local][inet[/10.1.10.75:9306]]
   [node_0][mnkDt7gcTYGKum_TOOzG9g][Bills-MacBook-Pro.local][inet[/10.1.10.75:9303]], master
   [node_2][iMrqAb_7RzOiI6A65zlD4g][Bills-MacBook-Pro.local][inet[/10.1.10.75:9305]], local
routing_table:
-- index [test]
----shard_id [test][4]
--------[test][4], node[5y0yKnIhT0SpXiXfsH5mrg], [R], s[STARTED]
--------[test][4], node[mnkDt7gcTYGKum_TOOzG9g], [P], s[STARTED]
----shard_id [test][0]
--------[test][0], node[5y0yKnIhT0SpXiXfsH5mrg], relocating [EWKzYWueR6KVbCvedt0u3w], [R], s[RELOCATING]
--------[test][0], node[iMrqAb_7RzOiI6A65zlD4g], [P], s[STARTED]
----shard_id [test][3]
--------[test][3], node[5y0yKnIhT0SpXiXfsH5mrg], [R], s[STARTED]
--------[test][3], node[mnkDt7gcTYGKum_TOOzG9g], [P], s[STARTED]
----shard_id [test][1]
--------[test][1], node[EWKzYWueR6KVbCvedt0u3w], [P], s[STARTED]
--------[test][1], node[iMrqAb_7RzOiI6A65zlD4g], [R], s[STARTED]
----shard_id [test][2]
--------[test][2], node[5y0yKnIhT0SpXiXfsH5mrg], [R], s[STARTED]
--------[test][2], node[iMrqAb_7RzOiI6A65zlD4g], [P], s[STARTED]

routing_nodes:
-----node_id[5y0yKnIhT0SpXiXfsH5mrg][V]
--------[test][4], node[5y0yKnIhT0SpXiXfsH5mrg], [R], s[STARTED]
--------[test][0], node[5y0yKnIhT0SpXiXfsH5mrg], relocating [EWKzYWueR6KVbCvedt0u3w], [R], s[RELOCATING]
--------[test][3], node[5y0yKnIhT0SpXiXfsH5mrg], [R], s[STARTED]
--------[test][2], node[5y0yKnIhT0SpXiXfsH5mrg], [R], s[STARTED]
-----node_id[mnkDt7gcTYGKum_TOOzG9g][V]
--------[test][4], node[mnkDt7gcTYGKum_TOOzG9g], [P], s[STARTED]
--------[test][3], node[mnkDt7gcTYGKum_TOOzG9g], [P], s[STARTED]
-----node_id[EWKzYWueR6KVbCvedt0u3w][V]
--------[test][0], node[EWKzYWueR6KVbCvedt0u3w], relocating [5y0yKnIhT0SpXiXfsH5mrg], [R], s[INITIALIZING]
--------[test][1], node[EWKzYWueR6KVbCvedt0u3w], [P], s[STARTED]
-----node_id[iMrqAb_7RzOiI6A65zlD4g][V]
--------[test][0], node[iMrqAb_7RzOiI6A65zlD4g], [P], s[STARTED]
--------[test][1], node[iMrqAb_7RzOiI6A65zlD4g], [R], s[STARTED]
--------[test][2], node[iMrqAb_7RzOiI6A65zlD4g], [P], s[STARTED]
---- unassigned

[2014-02-18 15:36:50,131][DEBUG][cluster.service          ] [node_2] set local cluster state to version 21
[2014-02-18 15:36:50,130][DEBUG][cluster.service          ] [node_3] processing [zen-disco-receive(from master [[node_0][mnkDt7gcTYGKum_TOOzG9g][Bills-MacBook-Pro.local][inet[/10.1.10.75:9303]]])]: execute
[2014-02-18 15:36:50,131][TRACE][cluster.service          ] [node_1] cluster state updated:
version [21], source [zen-disco-receive(from master [[node_0][mnkDt7gcTYGKum_TOOzG9g][Bills-MacBook-Pro.local][inet[/10.1.10.75:9303]]])]
nodes: 
   [node_1][5y0yKnIhT0SpXiXfsH5mrg][Bills-MacBook-Pro.local][inet[/10.1.10.75:9304]], local
   [node_3][EWKzYWueR6KVbCvedt0u3w][Bills-MacBook-Pro.local][inet[/10.1.10.75:9306]]
   [node_0][mnkDt7gcTYGKum_TOOzG9g][Bills-MacBook-Pro.local][inet[/10.1.10.75:9303]], master
   [node_2][iMrqAb_7RzOiI6A65zlD4g][Bills-MacBook-Pro.local][inet[/10.1.10.75:9305]]
routing_table:
-- index [test]
----shard_id [test][4]
--------[test][4], node[5y0yKnIhT0SpXiXfsH5mrg], [R], s[STARTED]
--------[test][4], node[mnkDt7gcTYGKum_TOOzG9g], [P], s[STARTED]
----shard_id [test][0]
--------[test][0], node[5y0yKnIhT0SpXiXfsH5mrg], relocating [EWKzYWueR6KVbCvedt0u3w], [R], s[RELOCATING]
--------[test][0], node[iMrqAb_7RzOiI6A65zlD4g], [P], s[STARTED]
----shard_id [test][3]
--------[test][3], node[5y0yKnIhT0SpXiXfsH5mrg], [R], s[STARTED]
--------[test][3], node[mnkDt7gcTYGKum_TOOzG9g], [P], s[STARTED]
----shard_id [test][1]
--------[test][1], node[EWKzYWueR6KVbCvedt0u3w], [P], s[STARTED]
--------[test][1], node[iMrqAb_7RzOiI6A65zlD4g], [R], s[STARTED]
----shard_id [test][2]
--------[test][2], node[5y0yKnIhT0SpXiXfsH5mrg], [R], s[STARTED]
--------[test][2], node[iMrqAb_7RzOiI6A65zlD4g], [P], s[STARTED]

routing_nodes:
-----node_id[5y0yKnIhT0SpXiXfsH5mrg][V]
--------[test][4], node[5y0yKnIhT0SpXiXfsH5mrg], [R], s[STARTED]
--------[test][0], node[5y0yKnIhT0SpXiXfsH5mrg], relocating [EWKzYWueR6KVbCvedt0u3w], [R], s[RELOCATING]
--------[test][3], node[5y0yKnIhT0SpXiXfsH5mrg], [R], s[STARTED]
--------[test][2], node[5y0yKnIhT0SpXiXfsH5mrg], [R], s[STARTED]
-----node_id[mnkDt7gcTYGKum_TOOzG9g][V]
--------[test][4], node[mnkDt7gcTYGKum_TOOzG9g], [P], s[STARTED]
--------[test][3], node[mnkDt7gcTYGKum_TOOzG9g], [P], s[STARTED]
-----node_id[EWKzYWueR6KVbCvedt0u3w][V]
--------[test][0], node[EWKzYWueR6KVbCvedt0u3w], relocating [5y0yKnIhT0SpXiXfsH5mrg], [R], s[INITIALIZING]
--------[test][1], node[EWKzYWueR6KVbCvedt0u3w], [P], s[STARTED]
-----node_id[iMrqAb_7RzOiI6A65zlD4g][V]
--------[test][0], node[iMrqAb_7RzOiI6A65zlD4g], [P], s[STARTED]
--------[test][1], node[iMrqAb_7RzOiI6A65zlD4g], [R], s[STARTED]
--------[test][2], node[iMrqAb_7RzOiI6A65zlD4g], [P], s[STARTED]
---- unassigned

[2014-02-18 15:36:50,132][TRACE][cluster.service          ] [node_3] cluster state updated:
version [21], source [zen-disco-receive(from master [[node_0][mnkDt7gcTYGKum_TOOzG9g][Bills-MacBook-Pro.local][inet[/10.1.10.75:9303]]])]
nodes: 
   [node_1][5y0yKnIhT0SpXiXfsH5mrg][Bills-MacBook-Pro.local][inet[/10.1.10.75:9304]]
   [node_3][EWKzYWueR6KVbCvedt0u3w][Bills-MacBook-Pro.local][inet[/10.1.10.75:9306]], local
   [node_0][mnkDt7gcTYGKum_TOOzG9g][Bills-MacBook-Pro.local][inet[/10.1.10.75:9303]], master
   [node_2][iMrqAb_7RzOiI6A65zlD4g][Bills-MacBook-Pro.local][inet[/10.1.10.75:9305]]
routing_table:
-- index [test]
----shard_id [test][4]
--------[test][4], node[5y0yKnIhT0SpXiXfsH5mrg], [R], s[STARTED]
--------[test][4], node[mnkDt7gcTYGKum_TOOzG9g], [P], s[STARTED]
----shard_id [test][0]
--------[test][0], node[5y0yKnIhT0SpXiXfsH5mrg], relocating [EWKzYWueR6KVbCvedt0u3w], [R], s[RELOCATING]
--------[test][0], node[iMrqAb_7RzOiI6A65zlD4g], [P], s[STARTED]
----shard_id [test][3]
--------[test][3], node[5y0yKnIhT0SpXiXfsH5mrg], [R], s[STARTED]
--------[test][3], node[mnkDt7gcTYGKum_TOOzG9g], [P], s[STARTED]
----shard_id [test][1]
--------[test][1], node[EWKzYWueR6KVbCvedt0u3w], [P], s[STARTED]
--------[test][1], node[iMrqAb_7RzOiI6A65zlD4g], [R], s[STARTED]
----shard_id [test][2]
--------[test][2], node[5y0yKnIhT0SpXiXfsH5mrg], [R], s[STARTED]
--------[test][2], node[iMrqAb_7RzOiI6A65zlD4g], [P], s[STARTED]

routing_nodes:
-----node_id[5y0yKnIhT0SpXiXfsH5mrg][V]
--------[test][4], node[5y0yKnIhT0SpXiXfsH5mrg], [R], s[STARTED]
--------[test][0], node[5y0yKnIhT0SpXiXfsH5mrg], relocating [EWKzYWueR6KVbCvedt0u3w], [R], s[RELOCATING]
--------[test][3], node[5y0yKnIhT0SpXiXfsH5mrg], [R], s[STARTED]
--------[test][2], node[5y0yKnIhT0SpXiXfsH5mrg], [R], s[STARTED]
-----node_id[mnkDt7gcTYGKum_TOOzG9g][V]
--------[test][4], node[mnkDt7gcTYGKum_TOOzG9g], [P], s[STARTED]
--------[test][3], node[mnkDt7gcTYGKum_TOOzG9g], [P], s[STARTED]
-----node_id[EWKzYWueR6KVbCvedt0u3w][V]
--------[test][0], node[EWKzYWueR6KVbCvedt0u3w], relocating [5y0yKnIhT0SpXiXfsH5mrg], [R], s[INITIALIZING]
--------[test][1], node[EWKzYWueR6KVbCvedt0u3w], [P], s[STARTED]
-----node_id[iMrqAb_7RzOiI6A65zlD4g][V]
--------[test][0], node[iMrqAb_7RzOiI6A65zlD4g], [P], s[STARTED]
--------[test][1], node[iMrqAb_7RzOiI6A65zlD4g], [R], s[STARTED]
--------[test][2], node[iMrqAb_7RzOiI6A65zlD4g], [P], s[STARTED]
---- unassigned

[2014-02-18 15:36:50,132][DEBUG][cluster.service          ] [node_2] processing [zen-disco-receive(from master [[node_0][mnkDt7gcTYGKum_TOOzG9g][Bills-MacBook-Pro.local][inet[/10.1.10.75:9303]]])]: done applying updated cluster_state (version: 21)
[2014-02-18 15:36:50,133][DEBUG][cluster.service          ] [node_3] set local cluster state to version 21
[2014-02-18 15:36:50,133][DEBUG][cluster.service          ] [node_1] set local cluster state to version 21
[2014-02-18 15:36:50,134][TRACE][indices.cluster          ] [node_3] [test][0] master marked shard as initializing, but shard has state [POST_RECOVERY], resending shard started
[2014-02-18 15:36:50,134][DEBUG][cluster.service          ] [node_1] processing [zen-disco-receive(from master [[node_0][mnkDt7gcTYGKum_TOOzG9g][Bills-MacBook-Pro.local][inet[/10.1.10.75:9303]]])]: done applying updated cluster_state (version: 21)
[2014-02-18 15:36:50,135][DEBUG][cluster.service          ] [node_3] processing [zen-disco-receive(from master [[node_0][mnkDt7gcTYGKum_TOOzG9g][Bills-MacBook-Pro.local][inet[/10.1.10.75:9303]]])]: done applying updated cluster_state (version: 21)
[2014-02-18 15:36:50,135][DEBUG][cluster.service          ] [node_0] set local cluster state to version 21
[2014-02-18 15:36:50,135][DEBUG][indices.cluster          ] [node_0] [test][1] removing shard (not allocated)
[2014-02-18 15:36:50,142][DEBUG][cluster.service          ] [node_0] processing [shard-started ([test][1], node[EWKzYWueR6KVbCvedt0u3w], relocating [mnkDt7gcTYGKum_TOOzG9g], [P], s[INITIALIZING]), reason [after recovery (replica) from node [[node_0][mnkDt7gcTYGKum_TOOzG9g][Bills-MacBook-Pro.local][inet[/10.1.10.75:9303]]]]]: done applying updated cluster_state (version: 21)
[2014-02-18 15:36:50,142][DEBUG][cluster.service          ] [node_0] processing [shard-started ([test][0], node[EWKzYWueR6KVbCvedt0u3w], relocating [5y0yKnIhT0SpXiXfsH5mrg], [R], s[INITIALIZING]), reason [after recovery (replica) from node [[node_2][iMrqAb_7RzOiI6A65zlD4g][Bills-MacBook-Pro.local][inet[/10.1.10.75:9305]]]]]: execute
[2014-02-18 15:36:50,142][TRACE][cluster.service          ] [node_0] cluster state updated:
version [22], source [shard-started ([test][0], node[EWKzYWueR6KVbCvedt0u3w], relocating [5y0yKnIhT0SpXiXfsH5mrg], [R], s[INITIALIZING]), reason [after recovery (replica) from node [[node_2][iMrqAb_7RzOiI6A65zlD4g][Bills-MacBook-Pro.local][inet[/10.1.10.75:9305]]]]]
nodes: 
   [node_1][5y0yKnIhT0SpXiXfsH5mrg][Bills-MacBook-Pro.local][inet[/10.1.10.75:9304]]
   [node_3][EWKzYWueR6KVbCvedt0u3w][Bills-MacBook-Pro.local][inet[/10.1.10.75:9306]]
   [node_0][mnkDt7gcTYGKum_TOOzG9g][Bills-MacBook-Pro.local][inet[/10.1.10.75:9303]], local, master
   [node_2][iMrqAb_7RzOiI6A65zlD4g][Bills-MacBook-Pro.local][inet[/10.1.10.75:9305]]
routing_table:
-- index [test]
----shard_id [test][2]
--------[test][2], node[5y0yKnIhT0SpXiXfsH5mrg], [R], s[STARTED]
--------[test][2], node[iMrqAb_7RzOiI6A65zlD4g], [P], s[STARTED]
----shard_id [test][0]
--------[test][0], node[EWKzYWueR6KVbCvedt0u3w], [R], s[STARTED]
--------[test][0], node[iMrqAb_7RzOiI6A65zlD4g], [P], s[STARTED]
----shard_id [test][3]
--------[test][3], node[5y0yKnIhT0SpXiXfsH5mrg], [R], s[STARTED]
--------[test][3], node[mnkDt7gcTYGKum_TOOzG9g], [P], s[STARTED]
----shard_id [test][1]
--------[test][1], node[EWKzYWueR6KVbCvedt0u3w], [P], s[STARTED]
--------[test][1], node[iMrqAb_7RzOiI6A65zlD4g], [R], s[STARTED]
----shard_id [test][4]
--------[test][4], node[5y0yKnIhT0SpXiXfsH5mrg], [R], s[STARTED]
--------[test][4], node[mnkDt7gcTYGKum_TOOzG9g], [P], s[STARTED]

routing_nodes:
-----node_id[5y0yKnIhT0SpXiXfsH5mrg][V]
--------[test][2], node[5y0yKnIhT0SpXiXfsH5mrg], [R], s[STARTED]
--------[test][3], node[5y0yKnIhT0SpXiXfsH5mrg], [R], s[STARTED]
--------[test][4], node[5y0yKnIhT0SpXiXfsH5mrg], [R], s[STARTED]
-----node_id[mnkDt7gcTYGKum_TOOzG9g][V]
--------[test][3], node[mnkDt7gcTYGKum_TOOzG9g], [P], s[STARTED]
--------[test][4], node[mnkDt7gcTYGKum_TOOzG9g], [P], s[STARTED]
-----node_id[EWKzYWueR6KVbCvedt0u3w][V]
--------[test][0], node[EWKzYWueR6KVbCvedt0u3w], [R], s[STARTED]
--------[test][1], node[EWKzYWueR6KVbCvedt0u3w], [P], s[STARTED]
-----node_id[iMrqAb_7RzOiI6A65zlD4g][V]
--------[test][2], node[iMrqAb_7RzOiI6A65zlD4g], [P], s[STARTED]
--------[test][0], node[iMrqAb_7RzOiI6A65zlD4g], [P], s[STARTED]
--------[test][1], node[iMrqAb_7RzOiI6A65zlD4g], [R], s[STARTED]
---- unassigned

[2014-02-18 15:36:50,143][DEBUG][cluster.service          ] [node_0] publishing cluster state version 22
[2014-02-18 15:36:50,143][DEBUG][cluster.service          ] [node_1] processing [zen-disco-receive(from master [[node_0][mnkDt7gcTYGKum_TOOzG9g][Bills-MacBook-Pro.local][inet[/10.1.10.75:9303]]])]: execute
[2014-02-18 15:36:50,143][DEBUG][cluster.service          ] [node_3] processing [zen-disco-receive(from master [[node_0][mnkDt7gcTYGKum_TOOzG9g][Bills-MacBook-Pro.local][inet[/10.1.10.75:9303]]])]: execute
[2014-02-18 15:36:50,143][DEBUG][cluster.service          ] [node_2] processing [zen-disco-receive(from master [[node_0][mnkDt7gcTYGKum_TOOzG9g][Bills-MacBook-Pro.local][inet[/10.1.10.75:9303]]])]: execute
[2014-02-18 15:36:50,144][TRACE][cluster.service          ] [node_3] cluster state updated:
version [22], source [zen-disco-receive(from master [[node_0][mnkDt7gcTYGKum_TOOzG9g][Bills-MacBook-Pro.local][inet[/10.1.10.75:9303]]])]
nodes: 
   [node_1][5y0yKnIhT0SpXiXfsH5mrg][Bills-MacBook-Pro.local][inet[/10.1.10.75:9304]]
   [node_3][EWKzYWueR6KVbCvedt0u3w][Bills-MacBook-Pro.local][inet[/10.1.10.75:9306]], local
   [node_0][mnkDt7gcTYGKum_TOOzG9g][Bills-MacBook-Pro.local][inet[/10.1.10.75:9303]], master
   [node_2][iMrqAb_7RzOiI6A65zlD4g][Bills-MacBook-Pro.local][inet[/10.1.10.75:9305]]
routing_table:
-- index [test]
----shard_id [test][2]
--------[test][2], node[5y0yKnIhT0SpXiXfsH5mrg], [R], s[STARTED]
--------[test][2], node[iMrqAb_7RzOiI6A65zlD4g], [P], s[STARTED]
----shard_id [test][0]
--------[test][0], node[EWKzYWueR6KVbCvedt0u3w], [R], s[STARTED]
--------[test][0], node[iMrqAb_7RzOiI6A65zlD4g], [P], s[STARTED]
----shard_id [test][3]
--------[test][3], node[5y0yKnIhT0SpXiXfsH5mrg], [R], s[STARTED]
--------[test][3], node[mnkDt7gcTYGKum_TOOzG9g], [P], s[STARTED]
----shard_id [test][1]
--------[test][1], node[EWKzYWueR6KVbCvedt0u3w], [P], s[STARTED]
--------[test][1], node[iMrqAb_7RzOiI6A65zlD4g], [R], s[STARTED]
----shard_id [test][4]
--------[test][4], node[5y0yKnIhT0SpXiXfsH5mrg], [R], s[STARTED]
--------[test][4], node[mnkDt7gcTYGKum_TOOzG9g], [P], s[STARTED]

routing_nodes:
-----node_id[5y0yKnIhT0SpXiXfsH5mrg][V]
--------[test][2], node[5y0yKnIhT0SpXiXfsH5mrg], [R], s[STARTED]
--------[test][3], node[5y0yKnIhT0SpXiXfsH5mrg], [R], s[STARTED]
--------[test][4], node[5y0yKnIhT0SpXiXfsH5mrg], [R], s[STARTED]
-----node_id[mnkDt7gcTYGKum_TOOzG9g][V]
--------[test][3], node[mnkDt7gcTYGKum_TOOzG9g], [P], s[STARTED]
--------[test][4], node[mnkDt7gcTYGKum_TOOzG9g], [P], s[STARTED]
-----node_id[EWKzYWueR6KVbCvedt0u3w][V]
--------[test][0], node[EWKzYWueR6KVbCvedt0u3w], [R], s[STARTED]
--------[test][1], node[EWKzYWueR6KVbCvedt0u3w], [P], s[STARTED]
-----node_id[iMrqAb_7RzOiI6A65zlD4g][V]
--------[test][2], node[iMrqAb_7RzOiI6A65zlD4g], [P], s[STARTED]
--------[test][0], node[iMrqAb_7RzOiI6A65zlD4g], [P], s[STARTED]
--------[test][1], node[iMrqAb_7RzOiI6A65zlD4g], [R], s[STARTED]
---- unassigned

[2014-02-18 15:36:50,144][TRACE][cluster.service          ] [node_1] cluster state updated:
version [22], source [zen-disco-receive(from master [[node_0][mnkDt7gcTYGKum_TOOzG9g][Bills-MacBook-Pro.local][inet[/10.1.10.75:9303]]])]
nodes: 
   [node_1][5y0yKnIhT0SpXiXfsH5mrg][Bills-MacBook-Pro.local][inet[/10.1.10.75:9304]], local
   [node_3][EWKzYWueR6KVbCvedt0u3w][Bills-MacBook-Pro.local][inet[/10.1.10.75:9306]]
   [node_0][mnkDt7gcTYGKum_TOOzG9g][Bills-MacBook-Pro.local][inet[/10.1.10.75:9303]], master
   [node_2][iMrqAb_7RzOiI6A65zlD4g][Bills-MacBook-Pro.local][inet[/10.1.10.75:9305]]
routing_table:
-- index [test]
----shard_id [test][2]
--------[test][2], node[5y0yKnIhT0SpXiXfsH5mrg], [R], s[STARTED]
--------[test][2], node[iMrqAb_7RzOiI6A65zlD4g], [P], s[STARTED]
----shard_id [test][0]
--------[test][0], node[EWKzYWueR6KVbCvedt0u3w], [R], s[STARTED]
--------[test][0], node[iMrqAb_7RzOiI6A65zlD4g], [P], s[STARTED]
----shard_id [test][3]
--------[test][3], node[5y0yKnIhT0SpXiXfsH5mrg], [R], s[STARTED]
--------[test][3], node[mnkDt7gcTYGKum_TOOzG9g], [P], s[STARTED]
----shard_id [test][1]
--------[test][1], node[EWKzYWueR6KVbCvedt0u3w], [P], s[STARTED]
--------[test][1], node[iMrqAb_7RzOiI6A65zlD4g], [R], s[STARTED]
----shard_id [test][4]
--------[test][4], node[5y0yKnIhT0SpXiXfsH5mrg], [R], s[STARTED]
--------[test][4], node[mnkDt7gcTYGKum_TOOzG9g], [P], s[STARTED]

routing_nodes:
-----node_id[5y0yKnIhT0SpXiXfsH5mrg][V]
--------[test][2], node[5y0yKnIhT0SpXiXfsH5mrg], [R], s[STARTED]
--------[test][3], node[5y0yKnIhT0SpXiXfsH5mrg], [R], s[STARTED]
--------[test][4], node[5y0yKnIhT0SpXiXfsH5mrg], [R], s[STARTED]
-----node_id[mnkDt7gcTYGKum_TOOzG9g][V]
--------[test][3], node[mnkDt7gcTYGKum_TOOzG9g], [P], s[STARTED]
--------[test][4], node[mnkDt7gcTYGKum_TOOzG9g], [P], s[STARTED]
-----node_id[EWKzYWueR6KVbCvedt0u3w][V]
--------[test][0], node[EWKzYWueR6KVbCvedt0u3w], [R], s[STARTED]
--------[test][1], node[EWKzYWueR6KVbCvedt0u3w], [P], s[STARTED]
-----node_id[iMrqAb_7RzOiI6A65zlD4g][V]
--------[test][2], node[iMrqAb_7RzOiI6A65zlD4g], [P], s[STARTED]
--------[test][0], node[iMrqAb_7RzOiI6A65zlD4g], [P], s[STARTED]
--------[test][1], node[iMrqAb_7RzOiI6A65zlD4g], [R], s[STARTED]
---- unassigned

[2014-02-18 15:36:50,145][DEBUG][cluster.service          ] [node_3] set local cluster state to version 22
[2014-02-18 15:36:50,144][TRACE][cluster.service          ] [node_2] cluster state updated:
version [22], source [zen-disco-receive(from master [[node_0][mnkDt7gcTYGKum_TOOzG9g][Bills-MacBook-Pro.local][inet[/10.1.10.75:9303]]])]
nodes: 
   [node_1][5y0yKnIhT0SpXiXfsH5mrg][Bills-MacBook-Pro.local][inet[/10.1.10.75:9304]]
   [node_3][EWKzYWueR6KVbCvedt0u3w][Bills-MacBook-Pro.local][inet[/10.1.10.75:9306]]
   [node_0][mnkDt7gcTYGKum_TOOzG9g][Bills-MacBook-Pro.local][inet[/10.1.10.75:9303]], master
   [node_2][iMrqAb_7RzOiI6A65zlD4g][Bills-MacBook-Pro.local][inet[/10.1.10.75:9305]], local
routing_table:
-- index [test]
----shard_id [test][2]
--------[test][2], node[5y0yKnIhT0SpXiXfsH5mrg], [R], s[STARTED]
--------[test][2], node[iMrqAb_7RzOiI6A65zlD4g], [P], s[STARTED]
----shard_id [test][0]
--------[test][0], node[EWKzYWueR6KVbCvedt0u3w], [R], s[STARTED]
--------[test][0], node[iMrqAb_7RzOiI6A65zlD4g], [P], s[STARTED]
----shard_id [test][3]
--------[test][3], node[5y0yKnIhT0SpXiXfsH5mrg], [R], s[STARTED]
--------[test][3], node[mnkDt7gcTYGKum_TOOzG9g], [P], s[STARTED]
----shard_id [test][1]
--------[test][1], node[EWKzYWueR6KVbCvedt0u3w], [P], s[STARTED]
--------[test][1], node[iMrqAb_7RzOiI6A65zlD4g], [R], s[STARTED]
----shard_id [test][4]
--------[test][4], node[5y0yKnIhT0SpXiXfsH5mrg], [R], s[STARTED]
--------[test][4], node[mnkDt7gcTYGKum_TOOzG9g], [P], s[STARTED]

routing_nodes:
-----node_id[5y0yKnIhT0SpXiXfsH5mrg][V]
--------[test][2], node[5y0yKnIhT0SpXiXfsH5mrg], [R], s[STARTED]
--------[test][3], node[5y0yKnIhT0SpXiXfsH5mrg], [R], s[STARTED]
--------[test][4], node[5y0yKnIhT0SpXiXfsH5mrg], [R], s[STARTED]
-----node_id[mnkDt7gcTYGKum_TOOzG9g][V]
--------[test][3], node[mnkDt7gcTYGKum_TOOzG9g], [P], s[STARTED]
--------[test][4], node[mnkDt7gcTYGKum_TOOzG9g], [P], s[STARTED]
-----node_id[EWKzYWueR6KVbCvedt0u3w][V]
--------[test][0], node[EWKzYWueR6KVbCvedt0u3w], [R], s[STARTED]
--------[test][1], node[EWKzYWueR6KVbCvedt0u3w], [P], s[STARTED]
-----node_id[iMrqAb_7RzOiI6A65zlD4g][V]
--------[test][2], node[iMrqAb_7RzOiI6A65zlD4g], [P], s[STARTED]
--------[test][0], node[iMrqAb_7RzOiI6A65zlD4g], [P], s[STARTED]
--------[test][1], node[iMrqAb_7RzOiI6A65zlD4g], [R], s[STARTED]
---- unassigned

[2014-02-18 15:36:50,145][DEBUG][cluster.service          ] [node_1] set local cluster state to version 22
[2014-02-18 15:36:50,145][DEBUG][cluster.service          ] [node_2] set local cluster state to version 22
[2014-02-18 15:36:50,146][DEBUG][indices.cluster          ] [node_1] [test][0] removing shard (not allocated)
[2014-02-18 15:36:50,146][DEBUG][cluster.service          ] [node_3] processing [zen-disco-receive(from master [[node_0][mnkDt7gcTYGKum_TOOzG9g][Bills-MacBook-Pro.local][inet[/10.1.10.75:9303]]])]: done applying updated cluster_state (version: 22)
[2014-02-18 15:36:50,146][DEBUG][cluster.service          ] [node_2] processing [zen-disco-receive(from master [[node_0][mnkDt7gcTYGKum_TOOzG9g][Bills-MacBook-Pro.local][inet[/10.1.10.75:9303]]])]: done applying updated cluster_state (version: 22)
[2014-02-18 15:36:50,149][DEBUG][cluster.service          ] [node_1] processing [zen-disco-receive(from master [[node_0][mnkDt7gcTYGKum_TOOzG9g][Bills-MacBook-Pro.local][inet[/10.1.10.75:9303]]])]: done applying updated cluster_state (version: 22)
[2014-02-18 15:36:50,149][DEBUG][cluster.service          ] [node_0] set local cluster state to version 22
[2014-02-18 15:36:50,150][DEBUG][cluster.service          ] [node_0] processing [shard-started ([test][0], node[EWKzYWueR6KVbCvedt0u3w], relocating [5y0yKnIhT0SpXiXfsH5mrg], [R], s[INITIALIZING]), reason [after recovery (replica) from node [[node_2][iMrqAb_7RzOiI6A65zlD4g][Bills-MacBook-Pro.local][inet[/10.1.10.75:9305]]]]]: done applying updated cluster_state (version: 22)
[2014-02-18 15:36:50,150][DEBUG][cluster.service          ] [node_0] processing [shard-started ([test][0], node[EWKzYWueR6KVbCvedt0u3w], relocating [5y0yKnIhT0SpXiXfsH5mrg], [R], s[INITIALIZING]), reason [master [node_0][mnkDt7gcTYGKum_TOOzG9g][Bills-MacBook-Pro.local][inet[/10.1.10.75:9303]] marked shard as initializing, but shard state is [POST_RECOVERY], mark shard as started]]: execute
[2014-02-18 15:36:50,150][DEBUG][cluster.service          ] [node_0] processing [shard-started ([test][0], node[EWKzYWueR6KVbCvedt0u3w], relocating [5y0yKnIhT0SpXiXfsH5mrg], [R], s[INITIALIZING]), reason [master [node_0][mnkDt7gcTYGKum_TOOzG9g][Bills-MacBook-Pro.local][inet[/10.1.10.75:9303]] marked shard as initializing, but shard state is [POST_RECOVERY], mark shard as started]]: no change in cluster_state
[2014-02-18 15:36:50,318][WARN ][discovery.zen.ping.multicast] [node_3] failed to receive packet, throttling...
java.net.SocketException: Socket closed
	at java.net.PlainDatagramSocketImpl.peekData(Native Method)
	at java.net.DatagramSocket.receive(DatagramSocket.java:726)
	at org.elasticsearch.discovery.zen.ping.multicast.MulticastZenPing$Receiver.run(MulticastZenPing.java:366)
	at java.lang.Thread.run(Thread.java:744)
[2014-02-18 15:36:50,453][WARN ][discovery.zen.ping.multicast] [node_4] failed to receive packet, throttling...
java.net.SocketException: Socket closed
	at java.net.PlainDatagramSocketImpl.peekData(Native Method)
	at java.net.DatagramSocket.receive(DatagramSocket.java:726)
	at org.elasticsearch.discovery.zen.ping.multicast.MulticastZenPing$Receiver.run(MulticastZenPing.java:366)
	at java.lang.Thread.run(Thread.java:744)
[2014-02-18 15:36:50,819][WARN ][discovery.zen.ping.multicast] [node_3] failed to receive packet, throttling...
java.net.SocketException: Socket closed
	at java.net.PlainDatagramSocketImpl.peekData(Native Method)
	at java.net.DatagramSocket.receive(DatagramSocket.java:726)
	at org.elasticsearch.discovery.zen.ping.multicast.MulticastZenPing$Receiver.run(MulticastZenPing.java:366)
	at java.lang.Thread.run(Thread.java:744)
[2014-02-18 15:36:50,954][WARN ][discovery.zen.ping.multicast] [node_4] failed to receive packet, throttling...
java.net.SocketException: Socket closed
	at java.net.PlainDatagramSocketImpl.peekData(Native Method)
	at java.net.DatagramSocket.receive(DatagramSocket.java:726)
	at org.elasticsearch.discovery.zen.ping.multicast.MulticastZenPing$Receiver.run(MulticastZenPing.java:366)
	at java.lang.Thread.run(Thread.java:744)
[2014-02-18 15:36:51,319][WARN ][discovery.zen.ping.multicast] [node_3] failed to receive packet, throttling...
java.net.SocketException: Socket closed
	at java.net.PlainDatagramSocketImpl.peekData(Native Method)
	at java.net.DatagramSocket.receive(DatagramSocket.java:726)
	at org.elasticsearch.discovery.zen.ping.multicast.MulticastZenPing$Receiver.run(MulticastZenPing.java:366)
	at java.lang.Thread.run(Thread.java:744)
[2014-02-18 15:36:51,454][WARN ][discovery.zen.ping.multicast] [node_4] failed to receive packet, throttling...
java.net.SocketException: Socket closed
	at java.net.PlainDatagramSocketImpl.peekData(Native Method)
	at java.net.DatagramSocket.receive(DatagramSocket.java:726)
	at org.elasticsearch.discovery.zen.ping.multicast.MulticastZenPing$Receiver.run(MulticastZenPing.java:366)
	at java.lang.Thread.run(Thread.java:744)
[2014-02-18 15:36:51,820][WARN ][discovery.zen.ping.multicast] [node_3] failed to receive packet, throttling...
java.net.SocketException: Socket closed
	at java.net.PlainDatagramSocketImpl.peekData(Native Method)
	at java.net.DatagramSocket.receive(DatagramSocket.java:726)
	at org.elasticsearch.discovery.zen.ping.multicast.MulticastZenPing$Receiver.run(MulticastZenPing.java:366)
	at java.lang.Thread.run(Thread.java:744)
[2014-02-18 15:36:51,955][WARN ][discovery.zen.ping.multicast] [node_4] failed to receive packet, throttling...
java.net.SocketException: Socket closed
	at java.net.PlainDatagramSocketImpl.peekData(Native Method)
	at java.net.DatagramSocket.receive(DatagramSocket.java:726)
	at org.elasticsearch.discovery.zen.ping.multicast.MulticastZenPing$Receiver.run(MulticastZenPing.java:366)
	at java.lang.Thread.run(Thread.java:744)
[2014-02-18 15:36:52,322][WARN ][discovery.zen.ping.multicast] [node_3] failed to receive packet, throttling...
java.net.SocketException: Socket closed
	at java.net.PlainDatagramSocketImpl.peekData(Native Method)
	at java.net.DatagramSocket.receive(DatagramSocket.java:726)
	at org.elasticsearch.discovery.zen.ping.multicast.MulticastZenPing$Receiver.run(MulticastZenPing.java:366)
	at java.lang.Thread.run(Thread.java:744)
[2014-02-18 15:36:52,456][WARN ][discovery.zen.ping.multicast] [node_4] failed to receive packet, throttling...
java.net.SocketException: Socket closed
	at java.net.PlainDatagramSocketImpl.peekData(Native Method)
	at java.net.DatagramSocket.receive(DatagramSocket.java:726)
	at org.elasticsearch.discovery.zen.ping.multicast.MulticastZenPing$Receiver.run(MulticastZenPing.java:366)
	at java.lang.Thread.run(Thread.java:744)
[2014-02-18 15:36:52,823][WARN ][discovery.zen.ping.multicast] [node_3] failed to receive packet, throttling...
java.net.SocketException: Socket closed
	at java.net.PlainDatagramSocketImpl.peekData(Native Method)
	at java.net.DatagramSocket.receive(DatagramSocket.java:726)
	at org.elasticsearch.discovery.zen.ping.multicast.MulticastZenPing$Receiver.run(MulticastZenPing.java:366)
	at java.lang.Thread.run(Thread.java:744)
[2014-02-18 15:36:52,956][WARN ][discovery.zen.ping.multicast] [node_4] failed to receive packet, throttling...
java.net.SocketException: Socket closed
	at java.net.PlainDatagramSocketImpl.peekData(Native Method)
	at java.net.DatagramSocket.receive(DatagramSocket.java:726)
	at org.elasticsearch.discovery.zen.ping.multicast.MulticastZenPing$Receiver.run(MulticastZenPing.java:366)
	at java.lang.Thread.run(Thread.java:744)
[2014-02-18 15:36:52,974][DEBUG][cluster.service          ] [node_0] processing [zen-disco-receive(join from node[[node_4][yFC7Udo4Rmujjh6IVKH0mA][Bills-MacBook-Pro.local][inet[/10.1.10.75:9307]]])]: execute
[2014-02-18 15:36:52,975][TRACE][cluster.service          ] [node_0] cluster state updated:
version [23], source [zen-disco-receive(join from node[[node_4][yFC7Udo4Rmujjh6IVKH0mA][Bills-MacBook-Pro.local][inet[/10.1.10.75:9307]]])]
nodes: 
   [node_1][5y0yKnIhT0SpXiXfsH5mrg][Bills-MacBook-Pro.local][inet[/10.1.10.75:9304]]
   [node_3][EWKzYWueR6KVbCvedt0u3w][Bills-MacBook-Pro.local][inet[/10.1.10.75:9306]]
   [node_0][mnkDt7gcTYGKum_TOOzG9g][Bills-MacBook-Pro.local][inet[/10.1.10.75:9303]], local, master
   [node_4][yFC7Udo4Rmujjh6IVKH0mA][Bills-MacBook-Pro.local][inet[/10.1.10.75:9307]]
   [node_2][iMrqAb_7RzOiI6A65zlD4g][Bills-MacBook-Pro.local][inet[/10.1.10.75:9305]]
routing_table:
-- index [test]
----shard_id [test][2]
--------[test][2], node[5y0yKnIhT0SpXiXfsH5mrg], [R], s[STARTED]
--------[test][2], node[iMrqAb_7RzOiI6A65zlD4g], [P], s[STARTED]
----shard_id [test][0]
--------[test][0], node[EWKzYWueR6KVbCvedt0u3w], [R], s[STARTED]
--------[test][0], node[iMrqAb_7RzOiI6A65zlD4g], [P], s[STARTED]
----shard_id [test][3]
--------[test][3], node[5y0yKnIhT0SpXiXfsH5mrg], [R], s[STARTED]
--------[test][3], node[mnkDt7gcTYGKum_TOOzG9g], [P], s[STARTED]
----shard_id [test][1]
--------[test][1], node[EWKzYWueR6KVbCvedt0u3w], [P], s[STARTED]
--------[test][1], node[iMrqAb_7RzOiI6A65zlD4g], [R], s[STARTED]
----shard_id [test][4]
--------[test][4], node[5y0yKnIhT0SpXiXfsH5mrg], [R], s[STARTED]
--------[test][4], node[mnkDt7gcTYGKum_TOOzG9g], [P], s[STARTED]

routing_nodes:
-----node_id[yFC7Udo4Rmujjh6IVKH0mA][V]
-----node_id[5y0yKnIhT0SpXiXfsH5mrg][V]
--------[test][2], node[5y0yKnIhT0SpXiXfsH5mrg], [R], s[STARTED]
--------[test][3], node[5y0yKnIhT0SpXiXfsH5mrg], [R], s[STARTED]
--------[test][4], node[5y0yKnIhT0SpXiXfsH5mrg], [R], s[STARTED]
-----node_id[mnkDt7gcTYGKum_TOOzG9g][V]
--------[test][3], node[mnkDt7gcTYGKum_TOOzG9g], [P], s[STARTED]
--------[test][4], node[mnkDt7gcTYGKum_TOOzG9g], [P], s[STARTED]
-----node_id[EWKzYWueR6KVbCvedt0u3w][V]
--------[test][0], node[EWKzYWueR6KVbCvedt0u3w], [R], s[STARTED]
--------[test][1], node[EWKzYWueR6KVbCvedt0u3w], [P], s[STARTED]
-----node_id[iMrqAb_7RzOiI6A65zlD4g][V]
--------[test][2], node[iMrqAb_7RzOiI6A65zlD4g], [P], s[STARTED]
--------[test][0], node[iMrqAb_7RzOiI6A65zlD4g], [P], s[STARTED]
--------[test][1], node[iMrqAb_7RzOiI6A65zlD4g], [R], s[STARTED]
---- unassigned

[2014-02-18 15:36:52,975][INFO ][cluster.service          ] [node_0] added {[node_4][yFC7Udo4Rmujjh6IVKH0mA][Bills-MacBook-Pro.local][inet[/10.1.10.75:9307]],}, reason: zen-disco-receive(join from node[[node_4][yFC7Udo4Rmujjh6IVKH0mA][Bills-MacBook-Pro.local][inet[/10.1.10.75:9307]]])
[2014-02-18 15:36:52,975][DEBUG][cluster.service          ] [node_0] publishing cluster state version 23
[2014-02-18 15:36:52,976][DEBUG][cluster.service          ] [node_3] processing [zen-disco-receive(from master [[node_0][mnkDt7gcTYGKum_TOOzG9g][Bills-MacBook-Pro.local][inet[/10.1.10.75:9303]]])]: execute
[2014-02-18 15:36:52,977][DEBUG][cluster.service          ] [node_4] processing [zen-disco-receive(from master [[node_0][mnkDt7gcTYGKum_TOOzG9g][Bills-MacBook-Pro.local][inet[/10.1.10.75:9303]]])]: execute
[2014-02-18 15:36:52,976][DEBUG][cluster.service          ] [node_1] processing [zen-disco-receive(from master [[node_0][mnkDt7gcTYGKum_TOOzG9g][Bills-MacBook-Pro.local][inet[/10.1.10.75:9303]]])]: execute
[2014-02-18 15:36:52,976][DEBUG][cluster.service          ] [node_2] processing [zen-disco-receive(from master [[node_0][mnkDt7gcTYGKum_TOOzG9g][Bills-MacBook-Pro.local][inet[/10.1.10.75:9303]]])]: execute
[2014-02-18 15:36:52,977][TRACE][cluster.service          ] [node_1] cluster state updated:
version [23], source [zen-disco-receive(from master [[node_0][mnkDt7gcTYGKum_TOOzG9g][Bills-MacBook-Pro.local][inet[/10.1.10.75:9303]]])]
nodes: 
   [node_1][5y0yKnIhT0SpXiXfsH5mrg][Bills-MacBook-Pro.local][inet[/10.1.10.75:9304]], local
   [node_3][EWKzYWueR6KVbCvedt0u3w][Bills-MacBook-Pro.local][inet[/10.1.10.75:9306]]
   [node_0][mnkDt7gcTYGKum_TOOzG9g][Bills-MacBook-Pro.local][inet[/10.1.10.75:9303]], master
   [node_4][yFC7Udo4Rmujjh6IVKH0mA][Bills-MacBook-Pro.local][inet[/10.1.10.75:9307]]
   [node_2][iMrqAb_7RzOiI6A65zlD4g][Bills-MacBook-Pro.local][inet[/10.1.10.75:9305]]
routing_table:
-- index [test]
----shard_id [test][2]
--------[test][2], node[5y0yKnIhT0SpXiXfsH5mrg], [R], s[STARTED]
--------[test][2], node[iMrqAb_7RzOiI6A65zlD4g], [P], s[STARTED]
----shard_id [test][0]
--------[test][0], node[EWKzYWueR6KVbCvedt0u3w], [R], s[STARTED]
--------[test][0], node[iMrqAb_7RzOiI6A65zlD4g], [P], s[STARTED]
----shard_id [test][3]
--------[test][3], node[5y0yKnIhT0SpXiXfsH5mrg], [R], s[STARTED]
--------[test][3], node[mnkDt7gcTYGKum_TOOzG9g], [P], s[STARTED]
----shard_id [test][1]
--------[test][1], node[EWKzYWueR6KVbCvedt0u3w], [P], s[STARTED]
--------[test][1], node[iMrqAb_7RzOiI6A65zlD4g], [R], s[STARTED]
----shard_id [test][4]
--------[test][4], node[5y0yKnIhT0SpXiXfsH5mrg], [R], s[STARTED]
--------[test][4], node[mnkDt7gcTYGKum_TOOzG9g], [P], s[STARTED]

routing_nodes:
-----node_id[yFC7Udo4Rmujjh6IVKH0mA][V]
-----node_id[5y0yKnIhT0SpXiXfsH5mrg][V]
--------[test][2], node[5y0yKnIhT0SpXiXfsH5mrg], [R], s[STARTED]
--------[test][3], node[5y0yKnIhT0SpXiXfsH5mrg], [R], s[STARTED]
--------[test][4], node[5y0yKnIhT0SpXiXfsH5mrg], [R], s[STARTED]
-----node_id[mnkDt7gcTYGKum_TOOzG9g][V]
--------[test][3], node[mnkDt7gcTYGKum_TOOzG9g], [P], s[STARTED]
--------[test][4], node[mnkDt7gcTYGKum_TOOzG9g], [P], s[STARTED]
-----node_id[EWKzYWueR6KVbCvedt0u3w][V]
--------[test][0], node[EWKzYWueR6KVbCvedt0u3w], [R], s[STARTED]
--------[test][1], node[EWKzYWueR6KVbCvedt0u3w], [P], s[STARTED]
-----node_id[iMrqAb_7RzOiI6A65zlD4g][V]
--------[test][2], node[iMrqAb_7RzOiI6A65zlD4g], [P], s[STARTED]
--------[test][0], node[iMrqAb_7RzOiI6A65zlD4g], [P], s[STARTED]
--------[test][1], node[iMrqAb_7RzOiI6A65zlD4g], [R], s[STARTED]
---- unassigned

[2014-02-18 15:36:52,977][DEBUG][cluster.service          ] [node_4] got first state from fresh master [mnkDt7gcTYGKum_TOOzG9g]
[2014-02-18 15:36:52,977][TRACE][cluster.service          ] [node_3] cluster state updated:
version [23], source [zen-disco-receive(from master [[node_0][mnkDt7gcTYGKum_TOOzG9g][Bills-MacBook-Pro.local][inet[/10.1.10.75:9303]]])]
nodes: 
   [node_1][5y0yKnIhT0SpXiXfsH5mrg][Bills-MacBook-Pro.local][inet[/10.1.10.75:9304]]
   [node_3][EWKzYWueR6KVbCvedt0u3w][Bills-MacBook-Pro.local][inet[/10.1.10.75:9306]], local
   [node_0][mnkDt7gcTYGKum_TOOzG9g][Bills-MacBook-Pro.local][inet[/10.1.10.75:9303]], master
   [node_4][yFC7Udo4Rmujjh6IVKH0mA][Bills-MacBook-Pro.local][inet[/10.1.10.75:9307]]
   [node_2][iMrqAb_7RzOiI6A65zlD4g][Bills-MacBook-Pro.local][inet[/10.1.10.75:9305]]
routing_table:
-- index [test]
----shard_id [test][2]
--------[test][2], node[5y0yKnIhT0SpXiXfsH5mrg], [R], s[STARTED]
--------[test][2], node[iMrqAb_7RzOiI6A65zlD4g], [P], s[STARTED]
----shard_id [test][0]
--------[test][0], node[EWKzYWueR6KVbCvedt0u3w], [R], s[STARTED]
--------[test][0], node[iMrqAb_7RzOiI6A65zlD4g], [P], s[STARTED]
----shard_id [test][3]
--------[test][3], node[5y0yKnIhT0SpXiXfsH5mrg], [R], s[STARTED]
--------[test][3], node[mnkDt7gcTYGKum_TOOzG9g], [P], s[STARTED]
----shard_id [test][1]
--------[test][1], node[EWKzYWueR6KVbCvedt0u3w], [P], s[STARTED]
--------[test][1], node[iMrqAb_7RzOiI6A65zlD4g], [R], s[STARTED]
----shard_id [test][4]
--------[test][4], node[5y0yKnIhT0SpXiXfsH5mrg], [R], s[STARTED]
--------[test][4], node[mnkDt7gcTYGKum_TOOzG9g], [P], s[STARTED]

routing_nodes:
-----node_id[yFC7Udo4Rmujjh6IVKH0mA][V]
-----node_id[5y0yKnIhT0SpXiXfsH5mrg][V]
--------[test][2], node[5y0yKnIhT0SpXiXfsH5mrg], [R], s[STARTED]
--------[test][3], node[5y0yKnIhT0SpXiXfsH5mrg], [R], s[STARTED]
--------[test][4], node[5y0yKnIhT0SpXiXfsH5mrg], [R], s[STARTED]
-----node_id[mnkDt7gcTYGKum_TOOzG9g][V]
--------[test][3], node[mnkDt7gcTYGKum_TOOzG9g], [P], s[STARTED]
--------[test][4], node[mnkDt7gcTYGKum_TOOzG9g], [P], s[STARTED]
-----node_id[EWKzYWueR6KVbCvedt0u3w][V]
--------[test][0], node[EWKzYWueR6KVbCvedt0u3w], [R], s[STARTED]
--------[test][1], node[EWKzYWueR6KVbCvedt0u3w], [P], s[STARTED]
-----node_id[iMrqAb_7RzOiI6A65zlD4g][V]
--------[test][2], node[iMrqAb_7RzOiI6A65zlD4g], [P], s[STARTED]
--------[test][0], node[iMrqAb_7RzOiI6A65zlD4g], [P], s[STARTED]
--------[test][1], node[iMrqAb_7RzOiI6A65zlD4g], [R], s[STARTED]
---- unassigned

[2014-02-18 15:36:52,978][TRACE][cluster.service          ] [node_4] cluster state updated:
version [23], source [zen-disco-receive(from master [[node_0][mnkDt7gcTYGKum_TOOzG9g][Bills-MacBook-Pro.local][inet[/10.1.10.75:9303]]])]
nodes: 
   [node_1][5y0yKnIhT0SpXiXfsH5mrg][Bills-MacBook-Pro.local][inet[/10.1.10.75:9304]]
   [node_3][EWKzYWueR6KVbCvedt0u3w][Bills-MacBook-Pro.local][inet[/10.1.10.75:9306]]
   [node_0][mnkDt7gcTYGKum_TOOzG9g][Bills-MacBook-Pro.local][inet[/10.1.10.75:9303]], master
   [node_4][yFC7Udo4Rmujjh6IVKH0mA][Bills-MacBook-Pro.local][inet[/10.1.10.75:9307]], local
   [node_2][iMrqAb_7RzOiI6A65zlD4g][Bills-MacBook-Pro.local][inet[/10.1.10.75:9305]]
routing_table:
-- index [test]
----shard_id [test][4]
--------[test][4], node[5y0yKnIhT0SpXiXfsH5mrg], [R], s[STARTED]
--------[test][4], node[mnkDt7gcTYGKum_TOOzG9g], [P], s[STARTED]
----shard_id [test][0]
--------[test][0], node[EWKzYWueR6KVbCvedt0u3w], [R], s[STARTED]
--------[test][0], node[iMrqAb_7RzOiI6A65zlD4g], [P], s[STARTED]
----shard_id [test][3]
--------[test][3], node[5y0yKnIhT0SpXiXfsH5mrg], [R], s[STARTED]
--------[test][3], node[mnkDt7gcTYGKum_TOOzG9g], [P], s[STARTED]
----shard_id [test][1]
--------[test][1], node[EWKzYWueR6KVbCvedt0u3w], [P], s[STARTED]
--------[test][1], node[iMrqAb_7RzOiI6A65zlD4g], [R], s[STARTED]
----shard_id [test][2]
--------[test][2], node[5y0yKnIhT0SpXiXfsH5mrg], [R], s[STARTED]
--------[test][2], node[iMrqAb_7RzOiI6A65zlD4g], [P], s[STARTED]

routing_nodes:
-----node_id[yFC7Udo4Rmujjh6IVKH0mA][V]
-----node_id[5y0yKnIhT0SpXiXfsH5mrg][V]
--------[test][4], node[5y0yKnIhT0SpXiXfsH5mrg], [R], s[STARTED]
--------[test][3], node[5y0yKnIhT0SpXiXfsH5mrg], [R], s[STARTED]
--------[test][2], node[5y0yKnIhT0SpXiXfsH5mrg], [R], s[STARTED]
-----node_id[mnkDt7gcTYGKum_TOOzG9g][V]
--------[test][4], node[mnkDt7gcTYGKum_TOOzG9g], [P], s[STARTED]
--------[test][3], node[mnkDt7gcTYGKum_TOOzG9g], [P], s[STARTED]
-----node_id[EWKzYWueR6KVbCvedt0u3w][V]
--------[test][0], node[EWKzYWueR6KVbCvedt0u3w], [R], s[STARTED]
--------[test][1], node[EWKzYWueR6KVbCvedt0u3w], [P], s[STARTED]
-----node_id[iMrqAb_7RzOiI6A65zlD4g][V]
--------[test][0], node[iMrqAb_7RzOiI6A65zlD4g], [P], s[STARTED]
--------[test][1], node[iMrqAb_7RzOiI6A65zlD4g], [R], s[STARTED]
--------[test][2], node[iMrqAb_7RzOiI6A65zlD4g], [P], s[STARTED]
---- unassigned

[2014-02-18 15:36:52,978][INFO ][cluster.service          ] [node_1] added {[node_4][yFC7Udo4Rmujjh6IVKH0mA][Bills-MacBook-Pro.local][inet[/10.1.10.75:9307]],}, reason: zen-disco-receive(from master [[node_0][mnkDt7gcTYGKum_TOOzG9g][Bills-MacBook-Pro.local][inet[/10.1.10.75:9303]]])
[2014-02-18 15:36:52,977][TRACE][cluster.service          ] [node_2] cluster state updated:
version [23], source [zen-disco-receive(from master [[node_0][mnkDt7gcTYGKum_TOOzG9g][Bills-MacBook-Pro.local][inet[/10.1.10.75:9303]]])]
nodes: 
   [node_1][5y0yKnIhT0SpXiXfsH5mrg][Bills-MacBook-Pro.local][inet[/10.1.10.75:9304]]
   [node_3][EWKzYWueR6KVbCvedt0u3w][Bills-MacBook-Pro.local][inet[/10.1.10.75:9306]]
   [node_0][mnkDt7gcTYGKum_TOOzG9g][Bills-MacBook-Pro.local][inet[/10.1.10.75:9303]], master
   [node_4][yFC7Udo4Rmujjh6IVKH0mA][Bills-MacBook-Pro.local][inet[/10.1.10.75:9307]]
   [node_2][iMrqAb_7RzOiI6A65zlD4g][Bills-MacBook-Pro.local][inet[/10.1.10.75:9305]], local
routing_table:
-- index [test]
----shard_id [test][2]
--------[test][2], node[5y0yKnIhT0SpXiXfsH5mrg], [R], s[STARTED]
--------[test][2], node[iMrqAb_7RzOiI6A65zlD4g], [P], s[STARTED]
----shard_id [test][0]
--------[test][0], node[EWKzYWueR6KVbCvedt0u3w], [R], s[STARTED]
--------[test][0], node[iMrqAb_7RzOiI6A65zlD4g], [P], s[STARTED]
----shard_id [test][3]
--------[test][3], node[5y0yKnIhT0SpXiXfsH5mrg], [R], s[STARTED]
--------[test][3], node[mnkDt7gcTYGKum_TOOzG9g], [P], s[STARTED]
----shard_id [test][1]
--------[test][1], node[EWKzYWueR6KVbCvedt0u3w], [P], s[STARTED]
--------[test][1], node[iMrqAb_7RzOiI6A65zlD4g], [R], s[STARTED]
----shard_id [test][4]
--------[test][4], node[5y0yKnIhT0SpXiXfsH5mrg], [R], s[STARTED]
--------[test][4], node[mnkDt7gcTYGKum_TOOzG9g], [P], s[STARTED]

routing_nodes:
-----node_id[yFC7Udo4Rmujjh6IVKH0mA][V]
-----node_id[5y0yKnIhT0SpXiXfsH5mrg][V]
--------[test][2], node[5y0yKnIhT0SpXiXfsH5mrg], [R], s[STARTED]
--------[test][3], node[5y0yKnIhT0SpXiXfsH5mrg], [R], s[STARTED]
--------[test][4], node[5y0yKnIhT0SpXiXfsH5mrg], [R], s[STARTED]
-----node_id[mnkDt7gcTYGKum_TOOzG9g][V]
--------[test][3], node[mnkDt7gcTYGKum_TOOzG9g], [P], s[STARTED]
--------[test][4], node[mnkDt7gcTYGKum_TOOzG9g], [P], s[STARTED]
-----node_id[EWKzYWueR6KVbCvedt0u3w][V]
--------[test][0], node[EWKzYWueR6KVbCvedt0u3w], [R], s[STARTED]
--------[test][1], node[EWKzYWueR6KVbCvedt0u3w], [P], s[STARTED]
-----node_id[iMrqAb_7RzOiI6A65zlD4g][V]
--------[test][2], node[iMrqAb_7RzOiI6A65zlD4g], [P], s[STARTED]
--------[test][0], node[iMrqAb_7RzOiI6A65zlD4g], [P], s[STARTED]
--------[test][1], node[iMrqAb_7RzOiI6A65zlD4g], [R], s[STARTED]
---- unassigned

[2014-02-18 15:36:52,978][DEBUG][cluster.service          ] [node_1] set local cluster state to version 23
[2014-02-18 15:36:52,978][INFO ][cluster.service          ] [node_4] detected_master [node_0][mnkDt7gcTYGKum_TOOzG9g][Bills-MacBook-Pro.local][inet[/10.1.10.75:9303]], added {[node_1][5y0yKnIhT0SpXiXfsH5mrg][Bills-MacBook-Pro.local][inet[/10.1.10.75:9304]],[node_3][EWKzYWueR6KVbCvedt0u3w][Bills-MacBook-Pro.local][inet[/10.1.10.75:9306]],[node_0][mnkDt7gcTYGKum_TOOzG9g][Bills-MacBook-Pro.local][inet[/10.1.10.75:9303]],[node_2][iMrqAb_7RzOiI6A65zlD4g][Bills-MacBook-Pro.local][inet[/10.1.10.75:9305]],}, reason: zen-disco-receive(from master [[node_0][mnkDt7gcTYGKum_TOOzG9g][Bills-MacBook-Pro.local][inet[/10.1.10.75:9303]]])
[2014-02-18 15:36:52,979][DEBUG][cluster.service          ] [node_1] processing [zen-disco-receive(from master [[node_0][mnkDt7gcTYGKum_TOOzG9g][Bills-MacBook-Pro.local][inet[/10.1.10.75:9303]]])]: done applying updated cluster_state (version: 23)
[2014-02-18 15:36:52,978][INFO ][cluster.service          ] [node_3] added {[node_4][yFC7Udo4Rmujjh6IVKH0mA][Bills-MacBook-Pro.local][inet[/10.1.10.75:9307]],}, reason: zen-disco-receive(from master [[node_0][mnkDt7gcTYGKum_TOOzG9g][Bills-MacBook-Pro.local][inet[/10.1.10.75:9303]]])
[2014-02-18 15:36:52,979][INFO ][cluster.service          ] [node_2] added {[node_4][yFC7Udo4Rmujjh6IVKH0mA][Bills-MacBook-Pro.local][inet[/10.1.10.75:9307]],}, reason: zen-disco-receive(from master [[node_0][mnkDt7gcTYGKum_TOOzG9g][Bills-MacBook-Pro.local][inet[/10.1.10.75:9303]]])
[2014-02-18 15:36:52,980][DEBUG][cluster.service          ] [node_2] set local cluster state to version 23
[2014-02-18 15:36:52,983][DEBUG][cluster.service          ] [node_2] processing [zen-disco-receive(from master [[node_0][mnkDt7gcTYGKum_TOOzG9g][Bills-MacBook-Pro.local][inet[/10.1.10.75:9303]]])]: done applying updated cluster_state (version: 23)
[2014-02-18 15:36:53,013][DEBUG][cluster.service          ] [node_3] set local cluster state to version 23
[2014-02-18 15:36:53,020][DEBUG][cluster.service          ] [node_3] processing [zen-disco-receive(from master [[node_0][mnkDt7gcTYGKum_TOOzG9g][Bills-MacBook-Pro.local][inet[/10.1.10.75:9303]]])]: done applying updated cluster_state (version: 23)
[2014-02-18 15:36:53,114][DEBUG][cluster.service          ] [node_4] set local cluster state to version 23
[2014-02-18 15:36:53,116][INFO ][discovery                ] [node_4] TEST-Bills-MacBook-Pro.local-CHILD_VM=[0]-CLUSTER_SEED=[1524955850269721296]-HASH=[135419D70D01DD98]/yFC7Udo4Rmujjh6IVKH0mA
[2014-02-18 15:36:53,116][DEBUG][cluster.service          ] [node_0] set local cluster state to version 23
[2014-02-18 15:36:53,116][DEBUG][cluster.service          ] [node_4] processing [zen-disco-receive(from master [[node_0][mnkDt7gcTYGKum_TOOzG9g][Bills-MacBook-Pro.local][inet[/10.1.10.75:9303]]])]: done applying updated cluster_state (version: 23)
[2014-02-18 15:36:53,117][DEBUG][cluster.service          ] [node_0] processing [zen-disco-receive(join from node[[node_4][yFC7Udo4Rmujjh6IVKH0mA][Bills-MacBook-Pro.local][inet[/10.1.10.75:9307]]])]: done applying updated cluster_state (version: 23)
[2014-02-18 15:36:53,122][DEBUG][cluster.service          ] [node_0] processing [routing-table-updater]: execute
[2014-02-18 15:36:53,123][TRACE][cluster.service          ] [node_0] cluster state updated:
version [24], source [routing-table-updater]
nodes: 
   [node_1][5y0yKnIhT0SpXiXfsH5mrg][Bills-MacBook-Pro.local][inet[/10.1.10.75:9304]]
   [node_3][EWKzYWueR6KVbCvedt0u3w][Bills-MacBook-Pro.local][inet[/10.1.10.75:9306]]
   [node_0][mnkDt7gcTYGKum_TOOzG9g][Bills-MacBook-Pro.local][inet[/10.1.10.75:9303]], local, master
   [node_4][yFC7Udo4Rmujjh6IVKH0mA][Bills-MacBook-Pro.local][inet[/10.1.10.75:9307]]
   [node_2][iMrqAb_7RzOiI6A65zlD4g][Bills-MacBook-Pro.local][inet[/10.1.10.75:9305]]
routing_table:
-- index [test]
----shard_id [test][4]
--------[test][4], node[5y0yKnIhT0SpXiXfsH5mrg], [R], s[STARTED]
--------[test][4], node[mnkDt7gcTYGKum_TOOzG9g], [P], s[STARTED]
----shard_id [test][0]
--------[test][0], node[EWKzYWueR6KVbCvedt0u3w], [R], s[STARTED]
--------[test][0], node[iMrqAb_7RzOiI6A65zlD4g], [P], s[STARTED]
----shard_id [test][3]
--------[test][3], node[5y0yKnIhT0SpXiXfsH5mrg], [R], s[STARTED]
--------[test][3], node[mnkDt7gcTYGKum_TOOzG9g], [P], s[STARTED]
----shard_id [test][1]
--------[test][1], node[EWKzYWueR6KVbCvedt0u3w], [P], s[STARTED]
--------[test][1], node[iMrqAb_7RzOiI6A65zlD4g], relocating [yFC7Udo4Rmujjh6IVKH0mA], [R], s[RELOCATING]
----shard_id [test][2]
--------[test][2], node[5y0yKnIhT0SpXiXfsH5mrg], relocating [yFC7Udo4Rmujjh6IVKH0mA], [R], s[RELOCATING]
--------[test][2], node[iMrqAb_7RzOiI6A65zlD4g], [P], s[STARTED]

routing_nodes:
-----node_id[yFC7Udo4Rmujjh6IVKH0mA][V]
--------[test][1], node[yFC7Udo4Rmujjh6IVKH0mA], relocating [iMrqAb_7RzOiI6A65zlD4g], [R], s[INITIALIZING]
--------[test][2], node[yFC7Udo4Rmujjh6IVKH0mA], relocating [5y0yKnIhT0SpXiXfsH5mrg], [R], s[INITIALIZING]
-----node_id[5y0yKnIhT0SpXiXfsH5mrg][V]
--------[test][4], node[5y0yKnIhT0SpXiXfsH5mrg], [R], s[STARTED]
--------[test][3], node[5y0yKnIhT0SpXiXfsH5mrg], [R], s[STARTED]
--------[test][2], node[5y0yKnIhT0SpXiXfsH5mrg], relocating [yFC7Udo4Rmujjh6IVKH0mA], [R], s[RELOCATING]
-----node_id[mnkDt7gcTYGKum_TOOzG9g][V]
--------[test][4], node[mnkDt7gcTYGKum_TOOzG9g], [P], s[STARTED]
--------[test][3], node[mnkDt7gcTYGKum_TOOzG9g], [P], s[STARTED]
-----node_id[EWKzYWueR6KVbCvedt0u3w][V]
--------[test][0], node[EWKzYWueR6KVbCvedt0u3w], [R], s[STARTED]
--------[test][1], node[EWKzYWueR6KVbCvedt0u3w], [P], s[STARTED]
-----node_id[iMrqAb_7RzOiI6A65zlD4g][V]
--------[test][0], node[iMrqAb_7RzOiI6A65zlD4g], [P], s[STARTED]
--------[test][1], node[iMrqAb_7RzOiI6A65zlD4g], relocating [yFC7Udo4Rmujjh6IVKH0mA], [R], s[RELOCATING]
--------[test][2], node[iMrqAb_7RzOiI6A65zlD4g], [P], s[STARTED]
---- unassigned

[2014-02-18 15:36:53,124][INFO ][http                     ] [node_4] bound_address {inet[/0:0:0:0:0:0:0:0:9207]}, publish_address {inet[/10.1.10.75:9207]}
[2014-02-18 15:36:53,124][DEBUG][cluster.service          ] [node_0] publishing cluster state version 24
[2014-02-18 15:36:53,124][DEBUG][cluster.service          ] [node_4] processing [updating local node id]: execute
[2014-02-18 15:36:53,125][TRACE][cluster.service          ] [node_4] cluster state updated:
version [23], source [updating local node id]
nodes: 
   [node_1][5y0yKnIhT0SpXiXfsH5mrg][Bills-MacBook-Pro.local][inet[/10.1.10.75:9304]]
   [node_3][EWKzYWueR6KVbCvedt0u3w][Bills-MacBook-Pro.local][inet[/10.1.10.75:9306]]
   [node_0][mnkDt7gcTYGKum_TOOzG9g][Bills-MacBook-Pro.local][inet[/10.1.10.75:9303]], master
   [node_4][yFC7Udo4Rmujjh6IVKH0mA][Bills-MacBook-Pro.local][inet[/10.1.10.75:9307]], local
   [node_2][iMrqAb_7RzOiI6A65zlD4g][Bills-MacBook-Pro.local][inet[/10.1.10.75:9305]]
routing_table:
-- index [test]
----shard_id [test][4]
--------[test][4], node[5y0yKnIhT0SpXiXfsH5mrg], [R], s[STARTED]
--------[test][4], node[mnkDt7gcTYGKum_TOOzG9g], [P], s[STARTED]
----shard_id [test][0]
--------[test][0], node[EWKzYWueR6KVbCvedt0u3w], [R], s[STARTED]
--------[test][0], node[iMrqAb_7RzOiI6A65zlD4g], [P], s[STARTED]
----shard_id [test][3]
--------[test][3], node[5y0yKnIhT0SpXiXfsH5mrg], [R], s[STARTED]
--------[test][3], node[mnkDt7gcTYGKum_TOOzG9g], [P], s[STARTED]
----shard_id [test][1]
--------[test][1], node[EWKzYWueR6KVbCvedt0u3w], [P], s[STARTED]
--------[test][1], node[iMrqAb_7RzOiI6A65zlD4g], [R], s[STARTED]
----shard_id [test][2]
--------[test][2], node[5y0yKnIhT0SpXiXfsH5mrg], [R], s[STARTED]
--------[test][2], node[iMrqAb_7RzOiI6A65zlD4g], [P], s[STARTED]

routing_nodes:
-----node_id[yFC7Udo4Rmujjh6IVKH0mA][V]
-----node_id[5y0yKnIhT0SpXiXfsH5mrg][V]
--------[test][4], node[5y0yKnIhT0SpXiXfsH5mrg], [R], s[STARTED]
--------[test][3], node[5y0yKnIhT0SpXiXfsH5mrg], [R], s[STARTED]
--------[test][2], node[5y0yKnIhT0SpXiXfsH5mrg], [R], s[STARTED]
-----node_id[mnkDt7gcTYGKum_TOOzG9g][V]
--------[test][4], node[mnkDt7gcTYGKum_TOOzG9g], [P], s[STARTED]
--------[test][3], node[mnkDt7gcTYGKum_TOOzG9g], [P], s[STARTED]
-----node_id[EWKzYWueR6KVbCvedt0u3w][V]
--------[test][0], node[EWKzYWueR6KVbCvedt0u3w], [R], s[STARTED]
--------[test][1], node[EWKzYWueR6KVbCvedt0u3w], [P], s[STARTED]
-----node_id[iMrqAb_7RzOiI6A65zlD4g][V]
--------[test][0], node[iMrqAb_7RzOiI6A65zlD4g], [P], s[STARTED]
--------[test][1], node[iMrqAb_7RzOiI6A65zlD4g], [R], s[STARTED]
--------[test][2], node[iMrqAb_7RzOiI6A65zlD4g], [P], s[STARTED]
---- unassigned

[2014-02-18 15:36:53,125][DEBUG][cluster.service          ] [node_1] processing [zen-disco-receive(from master [[node_0][mnkDt7gcTYGKum_TOOzG9g][Bills-MacBook-Pro.local][inet[/10.1.10.75:9303]]])]: execute
[2014-02-18 15:36:53,125][DEBUG][cluster.service          ] [node_3] processing [zen-disco-receive(from master [[node_0][mnkDt7gcTYGKum_TOOzG9g][Bills-MacBook-Pro.local][inet[/10.1.10.75:9303]]])]: execute
[2014-02-18 15:36:53,126][TRACE][cluster.service          ] [node_1] cluster state updated:
version [24], source [zen-disco-receive(from master [[node_0][mnkDt7gcTYGKum_TOOzG9g][Bills-MacBook-Pro.local][inet[/10.1.10.75:9303]]])]
nodes: 
   [node_1][5y0yKnIhT0SpXiXfsH5mrg][Bills-MacBook-Pro.local][inet[/10.1.10.75:9304]], local
   [node_3][EWKzYWueR6KVbCvedt0u3w][Bills-MacBook-Pro.local][inet[/10.1.10.75:9306]]
   [node_0][mnkDt7gcTYGKum_TOOzG9g][Bills-MacBook-Pro.local][inet[/10.1.10.75:9303]], master
   [node_4][yFC7Udo4Rmujjh6IVKH0mA][Bills-MacBook-Pro.local][inet[/10.1.10.75:9307]]
   [node_2][iMrqAb_7RzOiI6A65zlD4g][Bills-MacBook-Pro.local][inet[/10.1.10.75:9305]]
routing_table:
-- index [test]
----shard_id [test][4]
--------[test][4], node[5y0yKnIhT0SpXiXfsH5mrg], [R], s[STARTED]
--------[test][4], node[mnkDt7gcTYGKum_TOOzG9g], [P], s[STARTED]
----shard_id [test][0]
--------[test][0], node[EWKzYWueR6KVbCvedt0u3w], [R], s[STARTED]
--------[test][0], node[iMrqAb_7RzOiI6A65zlD4g], [P], s[STARTED]
----shard_id [test][3]
--------[test][3], node[5y0yKnIhT0SpXiXfsH5mrg], [R], s[STARTED]
--------[test][3], node[mnkDt7gcTYGKum_TOOzG9g], [P], s[STARTED]
----shard_id [test][1]
--------[test][1], node[EWKzYWueR6KVbCvedt0u3w], [P], s[STARTED]
--------[test][1], node[iMrqAb_7RzOiI6A65zlD4g], relocating [yFC7Udo4Rmujjh6IVKH0mA], [R], s[RELOCATING]
----shard_id [test][2]
--------[test][2], node[5y0yKnIhT0SpXiXfsH5mrg], relocating [yFC7Udo4Rmujjh6IVKH0mA], [R], s[RELOCATING]
--------[test][2], node[iMrqAb_7RzOiI6A65zlD4g], [P], s[STARTED]

routing_nodes:
-----node_id[yFC7Udo4Rmujjh6IVKH0mA][V]
--------[test][1], node[yFC7Udo4Rmujjh6IVKH0mA], relocating [iMrqAb_7RzOiI6A65zlD4g], [R], s[INITIALIZING]
--------[test][2], node[yFC7Udo4Rmujjh6IVKH0mA], relocating [5y0yKnIhT0SpXiXfsH5mrg], [R], s[INITIALIZING]
-----node_id[5y0yKnIhT0SpXiXfsH5mrg][V]
--------[test][4], node[5y0yKnIhT0SpXiXfsH5mrg], [R], s[STARTED]
--------[test][3], node[5y0yKnIhT0SpXiXfsH5mrg], [R], s[STARTED]
--------[test][2], node[5y0yKnIhT0SpXiXfsH5mrg], relocating [yFC7Udo4Rmujjh6IVKH0mA], [R], s[RELOCATING]
-----node_id[mnkDt7gcTYGKum_TOOzG9g][V]
--------[test][4], node[mnkDt7gcTYGKum_TOOzG9g], [P], s[STARTED]
--------[test][3], node[mnkDt7gcTYGKum_TOOzG9g], [P], s[STARTED]
-----node_id[EWKzYWueR6KVbCvedt0u3w][V]
--------[test][0], node[EWKzYWueR6KVbCvedt0u3w], [R], s[STARTED]
--------[test][1], node[EWKzYWueR6KVbCvedt0u3w], [P], s[STARTED]
-----node_id[iMrqAb_7RzOiI6A65zlD4g][V]
--------[test][0], node[iMrqAb_7RzOiI6A65zlD4g], [P], s[STARTED]
--------[test][1], node[iMrqAb_7RzOiI6A65zlD4g], relocating [yFC7Udo4Rmujjh6IVKH0mA], [R], s[RELOCATING]
--------[test][2], node[iMrqAb_7RzOiI6A65zlD4g], [P], s[STARTED]
---- unassigned

[2014-02-18 15:36:53,125][DEBUG][cluster.service          ] [node_2] processing [zen-disco-receive(from master [[node_0][mnkDt7gcTYGKum_TOOzG9g][Bills-MacBook-Pro.local][inet[/10.1.10.75:9303]]])]: execute
[2014-02-18 15:36:53,125][DEBUG][cluster.service          ] [node_4] set local cluster state to version 23
[2014-02-18 15:36:53,126][TRACE][cluster.service          ] [node_2] cluster state updated:
version [24], source [zen-disco-receive(from master [[node_0][mnkDt7gcTYGKum_TOOzG9g][Bills-MacBook-Pro.local][inet[/10.1.10.75:9303]]])]
nodes: 
   [node_1][5y0yKnIhT0SpXiXfsH5mrg][Bills-MacBook-Pro.local][inet[/10.1.10.75:9304]]
   [node_3][EWKzYWueR6KVbCvedt0u3w][Bills-MacBook-Pro.local][inet[/10.1.10.75:9306]]
   [node_0][mnkDt7gcTYGKum_TOOzG9g][Bills-MacBook-Pro.local][inet[/10.1.10.75:9303]], master
   [node_4][yFC7Udo4Rmujjh6IVKH0mA][Bills-MacBook-Pro.local][inet[/10.1.10.75:9307]]
   [node_2][iMrqAb_7RzOiI6A65zlD4g][Bills-MacBook-Pro.local][inet[/10.1.10.75:9305]], local
routing_table:
-- index [test]
----shard_id [test][4]
--------[test][4], node[5y0yKnIhT0SpXiXfsH5mrg], [R], s[STARTED]
--------[test][4], node[mnkDt7gcTYGKum_TOOzG9g], [P], s[STARTED]
----shard_id [test][0]
--------[test][0], node[EWKzYWueR6KVbCvedt0u3w], [R], s[STARTED]
--------[test][0], node[iMrqAb_7RzOiI6A65zlD4g], [P], s[STARTED]
----shard_id [test][3]
--------[test][3], node[5y0yKnIhT0SpXiXfsH5mrg], [R], s[STARTED]
--------[test][3], node[mnkDt7gcTYGKum_TOOzG9g], [P], s[STARTED]
----shard_id [test][1]
--------[test][1], node[EWKzYWueR6KVbCvedt0u3w], [P], s[STARTED]
--------[test][1], node[iMrqAb_7RzOiI6A65zlD4g], relocating [yFC7Udo4Rmujjh6IVKH0mA], [R], s[RELOCATING]
----shard_id [test][2]
--------[test][2], node[5y0yKnIhT0SpXiXfsH5mrg], relocating [yFC7Udo4Rmujjh6IVKH0mA], [R], s[RELOCATING]
--------[test][2], node[iMrqAb_7RzOiI6A65zlD4g], [P], s[STARTED]

routing_nodes:
-----node_id[yFC7Udo4Rmujjh6IVKH0mA][V]
--------[test][1], node[yFC7Udo4Rmujjh6IVKH0mA], relocating [iMrqAb_7RzOiI6A65zlD4g], [R], s[INITIALIZING]
--------[test][2], node[yFC7Udo4Rmujjh6IVKH0mA], relocating [5y0yKnIhT0SpXiXfsH5mrg], [R], s[INITIALIZING]
-----node_id[5y0yKnIhT0SpXiXfsH5mrg][V]
--------[test][4], node[5y0yKnIhT0SpXiXfsH5mrg], [R], s[STARTED]
--------[test][3], node[5y0yKnIhT0SpXiXfsH5mrg], [R], s[STARTED]
--------[test][2], node[5y0yKnIhT0SpXiXfsH5mrg], relocating [yFC7Udo4Rmujjh6IVKH0mA], [R], s[RELOCATING]
-----node_id[mnkDt7gcTYGKum_TOOzG9g][V]
--------[test][4], node[mnkDt7gcTYGKum_TOOzG9g], [P], s[STARTED]
--------[test][3], node[mnkDt7gcTYGKum_TOOzG9g], [P], s[STARTED]
-----node_id[EWKzYWueR6KVbCvedt0u3w][V]
--------[test][0], node[EWKzYWueR6KVbCvedt0u3w], [R], s[STARTED]
--------[test][1], node[EWKzYWueR6KVbCvedt0u3w], [P], s[STARTED]
-----node_id[iMrqAb_7RzOiI6A65zlD4g][V]
--------[test][0], node[iMrqAb_7RzOiI6A65zlD4g], [P], s[STARTED]
--------[test][1], node[iMrqAb_7RzOiI6A65zlD4g], relocating [yFC7Udo4Rmujjh6IVKH0mA], [R], s[RELOCATING]
--------[test][2], node[iMrqAb_7RzOiI6A65zlD4g], [P], s[STARTED]
---- unassigned

[2014-02-18 15:36:53,126][DEBUG][cluster.service          ] [node_1] set local cluster state to version 24
[2014-02-18 15:36:53,126][TRACE][cluster.service          ] [node_3] cluster state updated:
version [24], source [zen-disco-receive(from master [[node_0][mnkDt7gcTYGKum_TOOzG9g][Bills-MacBook-Pro.local][inet[/10.1.10.75:9303]]])]
nodes: 
   [node_1][5y0yKnIhT0SpXiXfsH5mrg][Bills-MacBook-Pro.local][inet[/10.1.10.75:9304]]
   [node_3][EWKzYWueR6KVbCvedt0u3w][Bills-MacBook-Pro.local][inet[/10.1.10.75:9306]], local
   [node_0][mnkDt7gcTYGKum_TOOzG9g][Bills-MacBook-Pro.local][inet[/10.1.10.75:9303]], master
   [node_4][yFC7Udo4Rmujjh6IVKH0mA][Bills-MacBook-Pro.local][inet[/10.1.10.75:9307]]
   [node_2][iMrqAb_7RzOiI6A65zlD4g][Bills-MacBook-Pro.local][inet[/10.1.10.75:9305]]
routing_table:
-- index [test]
----shard_id [test][4]
--------[test][4], node[5y0yKnIhT0SpXiXfsH5mrg], [R], s[STARTED]
--------[test][4], node[mnkDt7gcTYGKum_TOOzG9g], [P], s[STARTED]
----shard_id [test][0]
--------[test][0], node[EWKzYWueR6KVbCvedt0u3w], [R], s[STARTED]
--------[test][0], node[iMrqAb_7RzOiI6A65zlD4g], [P], s[STARTED]
----shard_id [test][3]
--------[test][3], node[5y0yKnIhT0SpXiXfsH5mrg], [R], s[STARTED]
--------[test][3], node[mnkDt7gcTYGKum_TOOzG9g], [P], s[STARTED]
----shard_id [test][1]
--------[test][1], node[EWKzYWueR6KVbCvedt0u3w], [P], s[STARTED]
--------[test][1], node[iMrqAb_7RzOiI6A65zlD4g], relocating [yFC7Udo4Rmujjh6IVKH0mA], [R], s[RELOCATING]
----shard_id [test][2]
--------[test][2], node[5y0yKnIhT0SpXiXfsH5mrg], relocating [yFC7Udo4Rmujjh6IVKH0mA], [R], s[RELOCATING]
--------[test][2], node[iMrqAb_7RzOiI6A65zlD4g], [P], s[STARTED]

routing_nodes:
-----node_id[yFC7Udo4Rmujjh6IVKH0mA][V]
--------[test][1], node[yFC7Udo4Rmujjh6IVKH0mA], relocating [iMrqAb_7RzOiI6A65zlD4g], [R], s[INITIALIZING]
--------[test][2], node[yFC7Udo4Rmujjh6IVKH0mA], relocating [5y0yKnIhT0SpXiXfsH5mrg], [R], s[INITIALIZING]
-----node_id[5y0yKnIhT0SpXiXfsH5mrg][V]
--------[test][4], node[5y0yKnIhT0SpXiXfsH5mrg], [R], s[STARTED]
--------[test][3], node[5y0yKnIhT0SpXiXfsH5mrg], [R], s[STARTED]
--------[test][2], node[5y0yKnIhT0SpXiXfsH5mrg], relocating [yFC7Udo4Rmujjh6IVKH0mA], [R], s[RELOCATING]
-----node_id[mnkDt7gcTYGKum_TOOzG9g][V]
--------[test][4], node[mnkDt7gcTYGKum_TOOzG9g], [P], s[STARTED]
--------[test][3], node[mnkDt7gcTYGKum_TOOzG9g], [P], s[STARTED]
-----node_id[EWKzYWueR6KVbCvedt0u3w][V]
--------[test][0], node[EWKzYWueR6KVbCvedt0u3w], [R], s[STARTED]
--------[test][1], node[EWKzYWueR6KVbCvedt0u3w], [P], s[STARTED]
-----node_id[iMrqAb_7RzOiI6A65zlD4g][V]
--------[test][0], node[iMrqAb_7RzOiI6A65zlD4g], [P], s[STARTED]
--------[test][1], node[iMrqAb_7RzOiI6A65zlD4g], relocating [yFC7Udo4Rmujjh6IVKH0mA], [R], s[RELOCATING]
--------[test][2], node[iMrqAb_7RzOiI6A65zlD4g], [P], s[STARTED]
---- unassigned

[2014-02-18 15:36:53,127][DEBUG][cluster.service          ] [node_2] set local cluster state to version 24
[2014-02-18 15:36:53,127][DEBUG][cluster.service          ] [node_1] processing [zen-disco-receive(from master [[node_0][mnkDt7gcTYGKum_TOOzG9g][Bills-MacBook-Pro.local][inet[/10.1.10.75:9303]]])]: done applying updated cluster_state (version: 24)
[2014-02-18 15:36:53,126][INFO ][node                     ] [node_4] started
[2014-02-18 15:36:53,126][DEBUG][cluster.service          ] [node_4] processing [updating local node id]: done applying updated cluster_state (version: 23)
[2014-02-18 15:36:53,128][DEBUG][cluster.service          ] [node_4] processing [zen-disco-receive(from master [[node_0][mnkDt7gcTYGKum_TOOzG9g][Bills-MacBook-Pro.local][inet[/10.1.10.75:9303]]])]: execute
[2014-02-18 15:36:53,128][DEBUG][cluster.service          ] [node_2] processing [zen-disco-receive(from master [[node_0][mnkDt7gcTYGKum_TOOzG9g][Bills-MacBook-Pro.local][inet[/10.1.10.75:9303]]])]: done applying updated cluster_state (version: 24)
[2014-02-18 15:36:53,127][DEBUG][cluster.service          ] [node_3] set local cluster state to version 24
[2014-02-18 15:36:53,128][TRACE][cluster.service          ] [node_4] cluster state updated:
version [24], source [zen-disco-receive(from master [[node_0][mnkDt7gcTYGKum_TOOzG9g][Bills-MacBook-Pro.local][inet[/10.1.10.75:9303]]])]
nodes: 
   [node_1][5y0yKnIhT0SpXiXfsH5mrg][Bills-MacBook-Pro.local][inet[/10.1.10.75:9304]]
   [node_3][EWKzYWueR6KVbCvedt0u3w][Bills-MacBook-Pro.local][inet[/10.1.10.75:9306]]
   [node_0][mnkDt7gcTYGKum_TOOzG9g][Bills-MacBook-Pro.local][inet[/10.1.10.75:9303]], master
   [node_4][yFC7Udo4Rmujjh6IVKH0mA][Bills-MacBook-Pro.local][inet[/10.1.10.75:9307]], local
   [node_2][iMrqAb_7RzOiI6A65zlD4g][Bills-MacBook-Pro.local][inet[/10.1.10.75:9305]]
routing_table:
-- index [test]
----shard_id [test][4]
--------[test][4], node[5y0yKnIhT0SpXiXfsH5mrg], [R], s[STARTED]
--------[test][4], node[mnkDt7gcTYGKum_TOOzG9g], [P], s[STARTED]
----shard_id [test][0]
--------[test][0], node[EWKzYWueR6KVbCvedt0u3w], [R], s[STARTED]
--------[test][0], node[iMrqAb_7RzOiI6A65zlD4g], [P], s[STARTED]
----shard_id [test][3]
--------[test][3], node[5y0yKnIhT0SpXiXfsH5mrg], [R], s[STARTED]
--------[test][3], node[mnkDt7gcTYGKum_TOOzG9g], [P], s[STARTED]
----shard_id [test][1]
--------[test][1], node[EWKzYWueR6KVbCvedt0u3w], [P], s[STARTED]
--------[test][1], node[iMrqAb_7RzOiI6A65zlD4g], relocating [yFC7Udo4Rmujjh6IVKH0mA], [R], s[RELOCATING]
----shard_id [test][2]
--------[test][2], node[5y0yKnIhT0SpXiXfsH5mrg], relocating [yFC7Udo4Rmujjh6IVKH0mA], [R], s[RELOCATING]
--------[test][2], node[iMrqAb_7RzOiI6A65zlD4g], [P], s[STARTED]

routing_nodes:
-----node_id[yFC7Udo4Rmujjh6IVKH0mA][V]
--------[test][1], node[yFC7Udo4Rmujjh6IVKH0mA], relocating [iMrqAb_7RzOiI6A65zlD4g], [R], s[INITIALIZING]
--------[test][2], node[yFC7Udo4Rmujjh6IVKH0mA], relocating [5y0yKnIhT0SpXiXfsH5mrg], [R], s[INITIALIZING]
-----node_id[5y0yKnIhT0SpXiXfsH5mrg][V]
--------[test][4], node[5y0yKnIhT0SpXiXfsH5mrg], [R], s[STARTED]
--------[test][3], node[5y0yKnIhT0SpXiXfsH5mrg], [R], s[STARTED]
--------[test][2], node[5y0yKnIhT0SpXiXfsH5mrg], relocating [yFC7Udo4Rmujjh6IVKH0mA], [R], s[RELOCATING]
-----node_id[mnkDt7gcTYGKum_TOOzG9g][V]
--------[test][4], node[mnkDt7gcTYGKum_TOOzG9g], [P], s[STARTED]
--------[test][3], node[mnkDt7gcTYGKum_TOOzG9g], [P], s[STARTED]
-----node_id[EWKzYWueR6KVbCvedt0u3w][V]
--------[test][0], node[EWKzYWueR6KVbCvedt0u3w], [R], s[STARTED]
--------[test][1], node[EWKzYWueR6KVbCvedt0u3w], [P], s[STARTED]
-----node_id[iMrqAb_7RzOiI6A65zlD4g][V]
--------[test][0], node[iMrqAb_7RzOiI6A65zlD4g], [P], s[STARTED]
--------[test][1], node[iMrqAb_7RzOiI6A65zlD4g], relocating [yFC7Udo4Rmujjh6IVKH0mA], [R], s[RELOCATING]
--------[test][2], node[iMrqAb_7RzOiI6A65zlD4g], [P], s[STARTED]
---- unassigned

[2014-02-18 15:36:53,130][DEBUG][cluster.service          ] [node_4] set local cluster state to version 24
[2014-02-18 15:36:53,129][DEBUG][cluster.service          ] [node_3] processing [zen-disco-receive(from master [[node_0][mnkDt7gcTYGKum_TOOzG9g][Bills-MacBook-Pro.local][inet[/10.1.10.75:9303]]])]: done applying updated cluster_state (version: 24)
[2014-02-18 15:36:53,130][DEBUG][indices.cluster          ] [node_4] [test] creating index
[2014-02-18 15:36:53,141][DEBUG][indices.cluster          ] [node_4] [test] adding mapping [type1], source [{"type1":{"properties":{"test":{"type":"string"}}}}]
[2014-02-18 15:36:53,142][DEBUG][indices.cluster          ] [node_4] [test][1] creating shard
[2014-02-18 15:36:53,146][DEBUG][indices.cluster          ] [node_4] [test][2] creating shard
[2014-02-18 15:36:53,152][DEBUG][cluster.service          ] [node_4] processing [zen-disco-receive(from master [[node_0][mnkDt7gcTYGKum_TOOzG9g][Bills-MacBook-Pro.local][inet[/10.1.10.75:9303]]])]: done applying updated cluster_state (version: 24)
[2014-02-18 15:36:53,152][DEBUG][cluster.service          ] [node_0] set local cluster state to version 24
[2014-02-18 15:36:53,153][DEBUG][cluster.service          ] [node_0] processing [routing-table-updater]: done applying updated cluster_state (version: 24)
[2014-02-18 15:36:53,153][DEBUG][cluster.service          ] [node_0] processing [cluster_health (wait_for_events [LANGUID])]: execute
[2014-02-18 15:36:53,153][DEBUG][cluster.service          ] [node_0] processing [cluster_health (wait_for_events [LANGUID])]: no change in cluster_state
[2014-02-18 15:36:53,230][DEBUG][cluster.service          ] [node_0] processing [shard-started ([test][1], node[yFC7Udo4Rmujjh6IVKH0mA], relocating [iMrqAb_7RzOiI6A65zlD4g], [R], s[INITIALIZING]), reason [after recovery (replica) from node [[node_3][EWKzYWueR6KVbCvedt0u3w][Bills-MacBook-Pro.local][inet[/10.1.10.75:9306]]]]]: execute
[2014-02-18 15:36:53,230][TRACE][cluster.service          ] [node_0] cluster state updated:
version [25], source [shard-started ([test][1], node[yFC7Udo4Rmujjh6IVKH0mA], relocating [iMrqAb_7RzOiI6A65zlD4g], [R], s[INITIALIZING]), reason [after recovery (replica) from node [[node_3][EWKzYWueR6KVbCvedt0u3w][Bills-MacBook-Pro.local][inet[/10.1.10.75:9306]]]]]
nodes: 
   [node_1][5y0yKnIhT0SpXiXfsH5mrg][Bills-MacBook-Pro.local][inet[/10.1.10.75:9304]]
   [node_3][EWKzYWueR6KVbCvedt0u3w][Bills-MacBook-Pro.local][inet[/10.1.10.75:9306]]
   [node_0][mnkDt7gcTYGKum_TOOzG9g][Bills-MacBook-Pro.local][inet[/10.1.10.75:9303]], local, master
   [node_4][yFC7Udo4Rmujjh6IVKH0mA][Bills-MacBook-Pro.local][inet[/10.1.10.75:9307]]
   [node_2][iMrqAb_7RzOiI6A65zlD4g][Bills-MacBook-Pro.local][inet[/10.1.10.75:9305]]
routing_table:
-- index [test]
----shard_id [test][2]
--------[test][2], node[5y0yKnIhT0SpXiXfsH5mrg], relocating [yFC7Udo4Rmujjh6IVKH0mA], [R], s[RELOCATING]
--------[test][2], node[iMrqAb_7RzOiI6A65zlD4g], [P], s[STARTED]
----shard_id [test][0]
--------[test][0], node[EWKzYWueR6KVbCvedt0u3w], [R], s[STARTED]
--------[test][0], node[iMrqAb_7RzOiI6A65zlD4g], [P], s[STARTED]
----shard_id [test][3]
--------[test][3], node[5y0yKnIhT0SpXiXfsH5mrg], [R], s[STARTED]
--------[test][3], node[mnkDt7gcTYGKum_TOOzG9g], [P], s[STARTED]
----shard_id [test][1]
--------[test][1], node[yFC7Udo4Rmujjh6IVKH0mA], [R], s[STARTED]
--------[test][1], node[EWKzYWueR6KVbCvedt0u3w], [P], s[STARTED]
----shard_id [test][4]
--------[test][4], node[5y0yKnIhT0SpXiXfsH5mrg], [R], s[STARTED]
--------[test][4], node[mnkDt7gcTYGKum_TOOzG9g], [P], s[STARTED]

routing_nodes:
-----node_id[yFC7Udo4Rmujjh6IVKH0mA][V]
--------[test][2], node[yFC7Udo4Rmujjh6IVKH0mA], relocating [5y0yKnIhT0SpXiXfsH5mrg], [R], s[INITIALIZING]
--------[test][1], node[yFC7Udo4Rmujjh6IVKH0mA], [R], s[STARTED]
-----node_id[5y0yKnIhT0SpXiXfsH5mrg][V]
--------[test][2], node[5y0yKnIhT0SpXiXfsH5mrg], relocating [yFC7Udo4Rmujjh6IVKH0mA], [R], s[RELOCATING]
--------[test][3], node[5y0yKnIhT0SpXiXfsH5mrg], [R], s[STARTED]
--------[test][4], node[5y0yKnIhT0SpXiXfsH5mrg], [R], s[STARTED]
-----node_id[mnkDt7gcTYGKum_TOOzG9g][V]
--------[test][3], node[mnkDt7gcTYGKum_TOOzG9g], [P], s[STARTED]
--------[test][4], node[mnkDt7gcTYGKum_TOOzG9g], [P], s[STARTED]
-----node_id[EWKzYWueR6KVbCvedt0u3w][V]
--------[test][0], node[EWKzYWueR6KVbCvedt0u3w], [R], s[STARTED]
--------[test][1], node[EWKzYWueR6KVbCvedt0u3w], [P], s[STARTED]
-----node_id[iMrqAb_7RzOiI6A65zlD4g][V]
--------[test][2], node[iMrqAb_7RzOiI6A65zlD4g], [P], s[STARTED]
--------[test][0], node[iMrqAb_7RzOiI6A65zlD4g], [P], s[STARTED]
---- unassigned

[2014-02-18 15:36:53,231][DEBUG][cluster.service          ] [node_0] publishing cluster state version 25
[2014-02-18 15:36:53,232][DEBUG][cluster.service          ] [node_3] processing [zen-disco-receive(from master [[node_0][mnkDt7gcTYGKum_TOOzG9g][Bills-MacBook-Pro.local][inet[/10.1.10.75:9303]]])]: execute
[2014-02-18 15:36:53,232][DEBUG][cluster.service          ] [node_1] processing [zen-disco-receive(from master [[node_0][mnkDt7gcTYGKum_TOOzG9g][Bills-MacBook-Pro.local][inet[/10.1.10.75:9303]]])]: execute
[2014-02-18 15:36:53,232][TRACE][cluster.service          ] [node_3] cluster state updated:
version [25], source [zen-disco-receive(from master [[node_0][mnkDt7gcTYGKum_TOOzG9g][Bills-MacBook-Pro.local][inet[/10.1.10.75:9303]]])]
nodes: 
   [node_1][5y0yKnIhT0SpXiXfsH5mrg][Bills-MacBook-Pro.local][inet[/10.1.10.75:9304]]
   [node_3][EWKzYWueR6KVbCvedt0u3w][Bills-MacBook-Pro.local][inet[/10.1.10.75:9306]], local
   [node_0][mnkDt7gcTYGKum_TOOzG9g][Bills-MacBook-Pro.local][inet[/10.1.10.75:9303]], master
   [node_4][yFC7Udo4Rmujjh6IVKH0mA][Bills-MacBook-Pro.local][inet[/10.1.10.75:9307]]
   [node_2][iMrqAb_7RzOiI6A65zlD4g][Bills-MacBook-Pro.local][inet[/10.1.10.75:9305]]
routing_table:
-- index [test]
----shard_id [test][2]
--------[test][2], node[5y0yKnIhT0SpXiXfsH5mrg], relocating [yFC7Udo4Rmujjh6IVKH0mA], [R], s[RELOCATING]
--------[test][2], node[iMrqAb_7RzOiI6A65zlD4g], [P], s[STARTED]
----shard_id [test][0]
--------[test][0], node[EWKzYWueR6KVbCvedt0u3w], [R], s[STARTED]
--------[test][0], node[iMrqAb_7RzOiI6A65zlD4g], [P], s[STARTED]
----shard_id [test][3]
--------[test][3], node[5y0yKnIhT0SpXiXfsH5mrg], [R], s[STARTED]
--------[test][3], node[mnkDt7gcTYGKum_TOOzG9g], [P], s[STARTED]
----shard_id [test][1]
--------[test][1], node[yFC7Udo4Rmujjh6IVKH0mA], [R], s[STARTED]
--------[test][1], node[EWKzYWueR6KVbCvedt0u3w], [P], s[STARTED]
----shard_id [test][4]
--------[test][4], node[5y0yKnIhT0SpXiXfsH5mrg], [R], s[STARTED]
--------[test][4], node[mnkDt7gcTYGKum_TOOzG9g], [P], s[STARTED]

routing_nodes:
-----node_id[yFC7Udo4Rmujjh6IVKH0mA][V]
--------[test][2], node[yFC7Udo4Rmujjh6IVKH0mA], relocating [5y0yKnIhT0SpXiXfsH5mrg], [R], s[INITIALIZING]
--------[test][1], node[yFC7Udo4Rmujjh6IVKH0mA], [R], s[STARTED]
-----node_id[5y0yKnIhT0SpXiXfsH5mrg][V]
--------[test][2], node[5y0yKnIhT0SpXiXfsH5mrg], relocating [yFC7Udo4Rmujjh6IVKH0mA], [R], s[RELOCATING]
--------[test][3], node[5y0yKnIhT0SpXiXfsH5mrg], [R], s[STARTED]
--------[test][4], node[5y0yKnIhT0SpXiXfsH5mrg], [R], s[STARTED]
-----node_id[mnkDt7gcTYGKum_TOOzG9g][V]
--------[test][3], node[mnkDt7gcTYGKum_TOOzG9g], [P], s[STARTED]
--------[test][4], node[mnkDt7gcTYGKum_TOOzG9g], [P], s[STARTED]
-----node_id[EWKzYWueR6KVbCvedt0u3w][V]
--------[test][0], node[EWKzYWueR6KVbCvedt0u3w], [R], s[STARTED]
--------[test][1], node[EWKzYWueR6KVbCvedt0u3w], [P], s[STARTED]
-----node_id[iMrqAb_7RzOiI6A65zlD4g][V]
--------[test][2], node[iMrqAb_7RzOiI6A65zlD4g], [P], s[STARTED]
--------[test][0], node[iMrqAb_7RzOiI6A65zlD4g], [P], s[STARTED]
---- unassigned

[2014-02-18 15:36:53,232][DEBUG][cluster.service          ] [node_2] processing [zen-disco-receive(from master [[node_0][mnkDt7gcTYGKum_TOOzG9g][Bills-MacBook-Pro.local][inet[/10.1.10.75:9303]]])]: execute
[2014-02-18 15:36:53,232][DEBUG][cluster.service          ] [node_4] processing [zen-disco-receive(from master [[node_0][mnkDt7gcTYGKum_TOOzG9g][Bills-MacBook-Pro.local][inet[/10.1.10.75:9303]]])]: execute
[2014-02-18 15:36:53,233][TRACE][cluster.service          ] [node_2] cluster state updated:
version [25], source [zen-disco-receive(from master [[node_0][mnkDt7gcTYGKum_TOOzG9g][Bills-MacBook-Pro.local][inet[/10.1.10.75:9303]]])]
nodes: 
   [node_1][5y0yKnIhT0SpXiXfsH5mrg][Bills-MacBook-Pro.local][inet[/10.1.10.75:9304]]
   [node_3][EWKzYWueR6KVbCvedt0u3w][Bills-MacBook-Pro.local][inet[/10.1.10.75:9306]]
   [node_0][mnkDt7gcTYGKum_TOOzG9g][Bills-MacBook-Pro.local][inet[/10.1.10.75:9303]], master
   [node_4][yFC7Udo4Rmujjh6IVKH0mA][Bills-MacBook-Pro.local][inet[/10.1.10.75:9307]]
   [node_2][iMrqAb_7RzOiI6A65zlD4g][Bills-MacBook-Pro.local][inet[/10.1.10.75:9305]], local
routing_table:
-- index [test]
----shard_id [test][2]
--------[test][2], node[5y0yKnIhT0SpXiXfsH5mrg], relocating [yFC7Udo4Rmujjh6IVKH0mA], [R], s[RELOCATING]
--------[test][2], node[iMrqAb_7RzOiI6A65zlD4g], [P], s[STARTED]
----shard_id [test][0]
--------[test][0], node[EWKzYWueR6KVbCvedt0u3w], [R], s[STARTED]
--------[test][0], node[iMrqAb_7RzOiI6A65zlD4g], [P], s[STARTED]
----shard_id [test][3]
--------[test][3], node[5y0yKnIhT0SpXiXfsH5mrg], [R], s[STARTED]
--------[test][3], node[mnkDt7gcTYGKum_TOOzG9g], [P], s[STARTED]
----shard_id [test][1]
--------[test][1], node[yFC7Udo4Rmujjh6IVKH0mA], [R], s[STARTED]
--------[test][1], node[EWKzYWueR6KVbCvedt0u3w], [P], s[STARTED]
----shard_id [test][4]
--------[test][4], node[5y0yKnIhT0SpXiXfsH5mrg], [R], s[STARTED]
--------[test][4], node[mnkDt7gcTYGKum_TOOzG9g], [P], s[STARTED]

routing_nodes:
-----node_id[yFC7Udo4Rmujjh6IVKH0mA][V]
--------[test][2], node[yFC7Udo4Rmujjh6IVKH0mA], relocating [5y0yKnIhT0SpXiXfsH5mrg], [R], s[INITIALIZING]
--------[test][1], node[yFC7Udo4Rmujjh6IVKH0mA], [R], s[STARTED]
-----node_id[5y0yKnIhT0SpXiXfsH5mrg][V]
--------[test][2], node[5y0yKnIhT0SpXiXfsH5mrg], relocating [yFC7Udo4Rmujjh6IVKH0mA], [R], s[RELOCATING]
--------[test][3], node[5y0yKnIhT0SpXiXfsH5mrg], [R], s[STARTED]
--------[test][4], node[5y0yKnIhT0SpXiXfsH5mrg], [R], s[STARTED]
-----node_id[mnkDt7gcTYGKum_TOOzG9g][V]
--------[test][3], node[mnkDt7gcTYGKum_TOOzG9g], [P], s[STARTED]
--------[test][4], node[mnkDt7gcTYGKum_TOOzG9g], [P], s[STARTED]
-----node_id[EWKzYWueR6KVbCvedt0u3w][V]
--------[test][0], node[EWKzYWueR6KVbCvedt0u3w], [R], s[STARTED]
--------[test][1], node[EWKzYWueR6KVbCvedt0u3w], [P], s[STARTED]
-----node_id[iMrqAb_7RzOiI6A65zlD4g][V]
--------[test][2], node[iMrqAb_7RzOiI6A65zlD4g], [P], s[STARTED]
--------[test][0], node[iMrqAb_7RzOiI6A65zlD4g], [P], s[STARTED]
---- unassigned

[2014-02-18 15:36:53,233][DEBUG][cluster.service          ] [node_3] set local cluster state to version 25
[2014-02-18 15:36:53,233][TRACE][cluster.service          ] [node_1] cluster state updated:
version [25], source [zen-disco-receive(from master [[node_0][mnkDt7gcTYGKum_TOOzG9g][Bills-MacBook-Pro.local][inet[/10.1.10.75:9303]]])]
nodes: 
   [node_1][5y0yKnIhT0SpXiXfsH5mrg][Bills-MacBook-Pro.local][inet[/10.1.10.75:9304]], local
   [node_3][EWKzYWueR6KVbCvedt0u3w][Bills-MacBook-Pro.local][inet[/10.1.10.75:9306]]
   [node_0][mnkDt7gcTYGKum_TOOzG9g][Bills-MacBook-Pro.local][inet[/10.1.10.75:9303]], master
   [node_4][yFC7Udo4Rmujjh6IVKH0mA][Bills-MacBook-Pro.local][inet[/10.1.10.75:9307]]
   [node_2][iMrqAb_7RzOiI6A65zlD4g][Bills-MacBook-Pro.local][inet[/10.1.10.75:9305]]
routing_table:
-- index [test]
----shard_id [test][2]
--------[test][2], node[5y0yKnIhT0SpXiXfsH5mrg], relocating [yFC7Udo4Rmujjh6IVKH0mA], [R], s[RELOCATING]
--------[test][2], node[iMrqAb_7RzOiI6A65zlD4g], [P], s[STARTED]
----shard_id [test][0]
--------[test][0], node[EWKzYWueR6KVbCvedt0u3w], [R], s[STARTED]
--------[test][0], node[iMrqAb_7RzOiI6A65zlD4g], [P], s[STARTED]
----shard_id [test][3]
--------[test][3], node[5y0yKnIhT0SpXiXfsH5mrg], [R], s[STARTED]
--------[test][3], node[mnkDt7gcTYGKum_TOOzG9g], [P], s[STARTED]
----shard_id [test][1]
--------[test][1], node[yFC7Udo4Rmujjh6IVKH0mA], [R], s[STARTED]
--------[test][1], node[EWKzYWueR6KVbCvedt0u3w], [P], s[STARTED]
----shard_id [test][4]
--------[test][4], node[5y0yKnIhT0SpXiXfsH5mrg], [R], s[STARTED]
--------[test][4], node[mnkDt7gcTYGKum_TOOzG9g], [P], s[STARTED]

routing_nodes:
-----node_id[yFC7Udo4Rmujjh6IVKH0mA][V]
--------[test][2], node[yFC7Udo4Rmujjh6IVKH0mA], relocating [5y0yKnIhT0SpXiXfsH5mrg], [R], s[INITIALIZING]
--------[test][1], node[yFC7Udo4Rmujjh6IVKH0mA], [R], s[STARTED]
-----node_id[5y0yKnIhT0SpXiXfsH5mrg][V]
--------[test][2], node[5y0yKnIhT0SpXiXfsH5mrg], relocating [yFC7Udo4Rmujjh6IVKH0mA], [R], s[RELOCATING]
--------[test][3], node[5y0yKnIhT0SpXiXfsH5mrg], [R], s[STARTED]
--------[test][4], node[5y0yKnIhT0SpXiXfsH5mrg], [R], s[STARTED]
-----node_id[mnkDt7gcTYGKum_TOOzG9g][V]
--------[test][3], node[mnkDt7gcTYGKum_TOOzG9g], [P], s[STARTED]
--------[test][4], node[mnkDt7gcTYGKum_TOOzG9g], [P], s[STARTED]
-----node_id[EWKzYWueR6KVbCvedt0u3w][V]
--------[test][0], node[EWKzYWueR6KVbCvedt0u3w], [R], s[STARTED]
--------[test][1], node[EWKzYWueR6KVbCvedt0u3w], [P], s[STARTED]
-----node_id[iMrqAb_7RzOiI6A65zlD4g][V]
--------[test][2], node[iMrqAb_7RzOiI6A65zlD4g], [P], s[STARTED]
--------[test][0], node[iMrqAb_7RzOiI6A65zlD4g], [P], s[STARTED]
---- unassigned

[2014-02-18 15:36:53,234][DEBUG][cluster.service          ] [node_1] set local cluster state to version 25
[2014-02-18 15:36:53,234][DEBUG][cluster.service          ] [node_2] set local cluster state to version 25
[2014-02-18 15:36:53,235][DEBUG][cluster.service          ] [node_1] processing [zen-disco-receive(from master [[node_0][mnkDt7gcTYGKum_TOOzG9g][Bills-MacBook-Pro.local][inet[/10.1.10.75:9303]]])]: done applying updated cluster_state (version: 25)
[2014-02-18 15:36:53,234][TRACE][cluster.service          ] [node_4] cluster state updated:
version [25], source [zen-disco-receive(from master [[node_0][mnkDt7gcTYGKum_TOOzG9g][Bills-MacBook-Pro.local][inet[/10.1.10.75:9303]]])]
nodes: 
   [node_1][5y0yKnIhT0SpXiXfsH5mrg][Bills-MacBook-Pro.local][inet[/10.1.10.75:9304]]
   [node_3][EWKzYWueR6KVbCvedt0u3w][Bills-MacBook-Pro.local][inet[/10.1.10.75:9306]]
   [node_0][mnkDt7gcTYGKum_TOOzG9g][Bills-MacBook-Pro.local][inet[/10.1.10.75:9303]], master
   [node_4][yFC7Udo4Rmujjh6IVKH0mA][Bills-MacBook-Pro.local][inet[/10.1.10.75:9307]], local
   [node_2][iMrqAb_7RzOiI6A65zlD4g][Bills-MacBook-Pro.local][inet[/10.1.10.75:9305]]
routing_table:
-- index [test]
----shard_id [test][2]
--------[test][2], node[5y0yKnIhT0SpXiXfsH5mrg], relocating [yFC7Udo4Rmujjh6IVKH0mA], [R], s[RELOCATING]
--------[test][2], node[iMrqAb_7RzOiI6A65zlD4g], [P], s[STARTED]
----shard_id [test][0]
--------[test][0], node[EWKzYWueR6KVbCvedt0u3w], [R], s[STARTED]
--------[test][0], node[iMrqAb_7RzOiI6A65zlD4g], [P], s[STARTED]
----shard_id [test][3]
--------[test][3], node[5y0yKnIhT0SpXiXfsH5mrg], [R], s[STARTED]
--------[test][3], node[mnkDt7gcTYGKum_TOOzG9g], [P], s[STARTED]
----shard_id [test][1]
--------[test][1], node[yFC7Udo4Rmujjh6IVKH0mA], [R], s[STARTED]
--------[test][1], node[EWKzYWueR6KVbCvedt0u3w], [P], s[STARTED]
----shard_id [test][4]
--------[test][4], node[5y0yKnIhT0SpXiXfsH5mrg], [R], s[STARTED]
--------[test][4], node[mnkDt7gcTYGKum_TOOzG9g], [P], s[STARTED]

routing_nodes:
-----node_id[yFC7Udo4Rmujjh6IVKH0mA][V]
--------[test][2], node[yFC7Udo4Rmujjh6IVKH0mA], relocating [5y0yKnIhT0SpXiXfsH5mrg], [R], s[INITIALIZING]
--------[test][1], node[yFC7Udo4Rmujjh6IVKH0mA], [R], s[STARTED]
-----node_id[5y0yKnIhT0SpXiXfsH5mrg][V]
--------[test][2], node[5y0yKnIhT0SpXiXfsH5mrg], relocating [yFC7Udo4Rmujjh6IVKH0mA], [R], s[RELOCATING]
--------[test][3], node[5y0yKnIhT0SpXiXfsH5mrg], [R], s[STARTED]
--------[test][4], node[5y0yKnIhT0SpXiXfsH5mrg], [R], s[STARTED]
-----node_id[mnkDt7gcTYGKum_TOOzG9g][V]
--------[test][3], node[mnkDt7gcTYGKum_TOOzG9g], [P], s[STARTED]
--------[test][4], node[mnkDt7gcTYGKum_TOOzG9g], [P], s[STARTED]
-----node_id[EWKzYWueR6KVbCvedt0u3w][V]
--------[test][0], node[EWKzYWueR6KVbCvedt0u3w], [R], s[STARTED]
--------[test][1], node[EWKzYWueR6KVbCvedt0u3w], [P], s[STARTED]
-----node_id[iMrqAb_7RzOiI6A65zlD4g][V]
--------[test][2], node[iMrqAb_7RzOiI6A65zlD4g], [P], s[STARTED]
--------[test][0], node[iMrqAb_7RzOiI6A65zlD4g], [P], s[STARTED]
---- unassigned

[2014-02-18 15:36:53,236][DEBUG][cluster.service          ] [node_4] set local cluster state to version 25
[2014-02-18 15:36:53,235][DEBUG][indices.cluster          ] [node_2] [test][1] removing shard (not allocated)
[2014-02-18 15:36:53,235][DEBUG][cluster.service          ] [node_3] processing [zen-disco-receive(from master [[node_0][mnkDt7gcTYGKum_TOOzG9g][Bills-MacBook-Pro.local][inet[/10.1.10.75:9303]]])]: done applying updated cluster_state (version: 25)
[2014-02-18 15:36:53,236][TRACE][indices.cluster          ] [node_4] [test][2] master marked shard as initializing, but shard has state [POST_RECOVERY], resending shard started
[2014-02-18 15:36:53,238][DEBUG][cluster.service          ] [node_4] processing [zen-disco-receive(from master [[node_0][mnkDt7gcTYGKum_TOOzG9g][Bills-MacBook-Pro.local][inet[/10.1.10.75:9303]]])]: done applying updated cluster_state (version: 25)
[2014-02-18 15:36:53,243][DEBUG][cluster.service          ] [node_2] processing [zen-disco-receive(from master [[node_0][mnkDt7gcTYGKum_TOOzG9g][Bills-MacBook-Pro.local][inet[/10.1.10.75:9303]]])]: done applying updated cluster_state (version: 25)
[2014-02-18 15:36:53,244][DEBUG][cluster.service          ] [node_0] set local cluster state to version 25
[2014-02-18 15:36:53,245][DEBUG][cluster.service          ] [node_0] processing [shard-started ([test][1], node[yFC7Udo4Rmujjh6IVKH0mA], relocating [iMrqAb_7RzOiI6A65zlD4g], [R], s[INITIALIZING]), reason [after recovery (replica) from node [[node_3][EWKzYWueR6KVbCvedt0u3w][Bills-MacBook-Pro.local][inet[/10.1.10.75:9306]]]]]: done applying updated cluster_state (version: 25)
[2014-02-18 15:36:53,246][DEBUG][cluster.service          ] [node_0] processing [shard-started ([test][2], node[yFC7Udo4Rmujjh6IVKH0mA], relocating [5y0yKnIhT0SpXiXfsH5mrg], [R], s[INITIALIZING]), reason [after recovery (replica) from node [[node_2][iMrqAb_7RzOiI6A65zlD4g][Bills-MacBook-Pro.local][inet[/10.1.10.75:9305]]]]]: execute
[2014-02-18 15:36:53,246][TRACE][cluster.service          ] [node_0] cluster state updated:
version [26], source [shard-started ([test][2], node[yFC7Udo4Rmujjh6IVKH0mA], relocating [5y0yKnIhT0SpXiXfsH5mrg], [R], s[INITIALIZING]), reason [after recovery (replica) from node [[node_2][iMrqAb_7RzOiI6A65zlD4g][Bills-MacBook-Pro.local][inet[/10.1.10.75:9305]]]]]
nodes: 
   [node_1][5y0yKnIhT0SpXiXfsH5mrg][Bills-MacBook-Pro.local][inet[/10.1.10.75:9304]]
   [node_3][EWKzYWueR6KVbCvedt0u3w][Bills-MacBook-Pro.local][inet[/10.1.10.75:9306]]
   [node_0][mnkDt7gcTYGKum_TOOzG9g][Bills-MacBook-Pro.local][inet[/10.1.10.75:9303]], local, master
   [node_4][yFC7Udo4Rmujjh6IVKH0mA][Bills-MacBook-Pro.local][inet[/10.1.10.75:9307]]
   [node_2][iMrqAb_7RzOiI6A65zlD4g][Bills-MacBook-Pro.local][inet[/10.1.10.75:9305]]
routing_table:
-- index [test]
----shard_id [test][4]
--------[test][4], node[5y0yKnIhT0SpXiXfsH5mrg], [R], s[STARTED]
--------[test][4], node[mnkDt7gcTYGKum_TOOzG9g], [P], s[STARTED]
----shard_id [test][0]
--------[test][0], node[EWKzYWueR6KVbCvedt0u3w], [R], s[STARTED]
--------[test][0], node[iMrqAb_7RzOiI6A65zlD4g], [P], s[STARTED]
----shard_id [test][3]
--------[test][3], node[5y0yKnIhT0SpXiXfsH5mrg], [R], s[STARTED]
--------[test][3], node[mnkDt7gcTYGKum_TOOzG9g], [P], s[STARTED]
----shard_id [test][1]
--------[test][1], node[yFC7Udo4Rmujjh6IVKH0mA], [R], s[STARTED]
--------[test][1], node[EWKzYWueR6KVbCvedt0u3w], [P], s[STARTED]
----shard_id [test][2]
--------[test][2], node[yFC7Udo4Rmujjh6IVKH0mA], [R], s[STARTED]
--------[test][2], node[iMrqAb_7RzOiI6A65zlD4g], [P], s[STARTED]

routing_nodes:
-----node_id[yFC7Udo4Rmujjh6IVKH0mA][V]
--------[test][1], node[yFC7Udo4Rmujjh6IVKH0mA], [R], s[STARTED]
--------[test][2], node[yFC7Udo4Rmujjh6IVKH0mA], [R], s[STARTED]
-----node_id[5y0yKnIhT0SpXiXfsH5mrg][V]
--------[test][4], node[5y0yKnIhT0SpXiXfsH5mrg], [R], s[STARTED]
--------[test][3], node[5y0yKnIhT0SpXiXfsH5mrg], [R], s[STARTED]
-----node_id[mnkDt7gcTYGKum_TOOzG9g][V]
--------[test][4], node[mnkDt7gcTYGKum_TOOzG9g], [P], s[STARTED]
--------[test][3], node[mnkDt7gcTYGKum_TOOzG9g], [P], s[STARTED]
-----node_id[EWKzYWueR6KVbCvedt0u3w][V]
--------[test][0], node[EWKzYWueR6KVbCvedt0u3w], [R], s[STARTED]
--------[test][1], node[EWKzYWueR6KVbCvedt0u3w], [P], s[STARTED]
-----node_id[iMrqAb_7RzOiI6A65zlD4g][V]
--------[test][0], node[iMrqAb_7RzOiI6A65zlD4g], [P], s[STARTED]
--------[test][2], node[iMrqAb_7RzOiI6A65zlD4g], [P], s[STARTED]
---- unassigned

[2014-02-18 15:36:53,247][DEBUG][cluster.service          ] [node_0] publishing cluster state version 26
[2014-02-18 15:36:53,248][DEBUG][cluster.service          ] [node_1] processing [zen-disco-receive(from master [[node_0][mnkDt7gcTYGKum_TOOzG9g][Bills-MacBook-Pro.local][inet[/10.1.10.75:9303]]])]: execute
[2014-02-18 15:36:53,248][DEBUG][cluster.service          ] [node_2] processing [zen-disco-receive(from master [[node_0][mnkDt7gcTYGKum_TOOzG9g][Bills-MacBook-Pro.local][inet[/10.1.10.75:9303]]])]: execute
[2014-02-18 15:36:53,248][TRACE][cluster.service          ] [node_2] cluster state updated:
version [26], source [zen-disco-receive(from master [[node_0][mnkDt7gcTYGKum_TOOzG9g][Bills-MacBook-Pro.local][inet[/10.1.10.75:9303]]])]
nodes: 
   [node_1][5y0yKnIhT0SpXiXfsH5mrg][Bills-MacBook-Pro.local][inet[/10.1.10.75:9304]]
   [node_3][EWKzYWueR6KVbCvedt0u3w][Bills-MacBook-Pro.local][inet[/10.1.10.75:9306]]
   [node_0][mnkDt7gcTYGKum_TOOzG9g][Bills-MacBook-Pro.local][inet[/10.1.10.75:9303]], master
   [node_4][yFC7Udo4Rmujjh6IVKH0mA][Bills-MacBook-Pro.local][inet[/10.1.10.75:9307]]
   [node_2][iMrqAb_7RzOiI6A65zlD4g][Bills-MacBook-Pro.local][inet[/10.1.10.75:9305]], local
routing_table:
-- index [test]
----shard_id [test][4]
--------[test][4], node[5y0yKnIhT0SpXiXfsH5mrg], [R], s[STARTED]
--------[test][4], node[mnkDt7gcTYGKum_TOOzG9g], [P], s[STARTED]
----shard_id [test][0]
--------[test][0], node[EWKzYWueR6KVbCvedt0u3w], [R], s[STARTED]
--------[test][0], node[iMrqAb_7RzOiI6A65zlD4g], [P], s[STARTED]
----shard_id [test][3]
--------[test][3], node[5y0yKnIhT0SpXiXfsH5mrg], [R], s[STARTED]
--------[test][3], node[mnkDt7gcTYGKum_TOOzG9g], [P], s[STARTED]
----shard_id [test][1]
--------[test][1], node[yFC7Udo4Rmujjh6IVKH0mA], [R], s[STARTED]
--------[test][1], node[EWKzYWueR6KVbCvedt0u3w], [P], s[STARTED]
----shard_id [test][2]
--------[test][2], node[yFC7Udo4Rmujjh6IVKH0mA], [R], s[STARTED]
--------[test][2], node[iMrqAb_7RzOiI6A65zlD4g], [P], s[STARTED]

routing_nodes:
-----node_id[yFC7Udo4Rmujjh6IVKH0mA][V]
--------[test][1], node[yFC7Udo4Rmujjh6IVKH0mA], [R], s[STARTED]
--------[test][2], node[yFC7Udo4Rmujjh6IVKH0mA], [R], s[STARTED]
-----node_id[5y0yKnIhT0SpXiXfsH5mrg][V]
--------[test][4], node[5y0yKnIhT0SpXiXfsH5mrg], [R], s[STARTED]
--------[test][3], node[5y0yKnIhT0SpXiXfsH5mrg], [R], s[STARTED]
-----node_id[mnkDt7gcTYGKum_TOOzG9g][V]
--------[test][4], node[mnkDt7gcTYGKum_TOOzG9g], [P], s[STARTED]
--------[test][3], node[mnkDt7gcTYGKum_TOOzG9g], [P], s[STARTED]
-----node_id[EWKzYWueR6KVbCvedt0u3w][V]
--------[test][0], node[EWKzYWueR6KVbCvedt0u3w], [R], s[STARTED]
--------[test][1], node[EWKzYWueR6KVbCvedt0u3w], [P], s[STARTED]
-----node_id[iMrqAb_7RzOiI6A65zlD4g][V]
--------[test][0], node[iMrqAb_7RzOiI6A65zlD4g], [P], s[STARTED]
--------[test][2], node[iMrqAb_7RzOiI6A65zlD4g], [P], s[STARTED]
---- unassigned

[2014-02-18 15:36:53,248][DEBUG][cluster.service          ] [node_3] processing [zen-disco-receive(from master [[node_0][mnkDt7gcTYGKum_TOOzG9g][Bills-MacBook-Pro.local][inet[/10.1.10.75:9303]]])]: execute
[2014-02-18 15:36:53,248][DEBUG][cluster.service          ] [node_4] processing [zen-disco-receive(from master [[node_0][mnkDt7gcTYGKum_TOOzG9g][Bills-MacBook-Pro.local][inet[/10.1.10.75:9303]]])]: execute
[2014-02-18 15:36:53,249][TRACE][cluster.service          ] [node_3] cluster state updated:
version [26], source [zen-disco-receive(from master [[node_0][mnkDt7gcTYGKum_TOOzG9g][Bills-MacBook-Pro.local][inet[/10.1.10.75:9303]]])]
nodes: 
   [node_1][5y0yKnIhT0SpXiXfsH5mrg][Bills-MacBook-Pro.local][inet[/10.1.10.75:9304]]
   [node_3][EWKzYWueR6KVbCvedt0u3w][Bills-MacBook-Pro.local][inet[/10.1.10.75:9306]], local
   [node_0][mnkDt7gcTYGKum_TOOzG9g][Bills-MacBook-Pro.local][inet[/10.1.10.75:9303]], master
   [node_4][yFC7Udo4Rmujjh6IVKH0mA][Bills-MacBook-Pro.local][inet[/10.1.10.75:9307]]
   [node_2][iMrqAb_7RzOiI6A65zlD4g][Bills-MacBook-Pro.local][inet[/10.1.10.75:9305]]
routing_table:
-- index [test]
----shard_id [test][4]
--------[test][4], node[5y0yKnIhT0SpXiXfsH5mrg], [R], s[STARTED]
--------[test][4], node[mnkDt7gcTYGKum_TOOzG9g], [P], s[STARTED]
----shard_id [test][0]
--------[test][0], node[EWKzYWueR6KVbCvedt0u3w], [R], s[STARTED]
--------[test][0], node[iMrqAb_7RzOiI6A65zlD4g], [P], s[STARTED]
----shard_id [test][3]
--------[test][3], node[5y0yKnIhT0SpXiXfsH5mrg], [R], s[STARTED]
--------[test][3], node[mnkDt7gcTYGKum_TOOzG9g], [P], s[STARTED]
----shard_id [test][1]
--------[test][1], node[yFC7Udo4Rmujjh6IVKH0mA], [R], s[STARTED]
--------[test][1], node[EWKzYWueR6KVbCvedt0u3w], [P], s[STARTED]
----shard_id [test][2]
--------[test][2], node[yFC7Udo4Rmujjh6IVKH0mA], [R], s[STARTED]
--------[test][2], node[iMrqAb_7RzOiI6A65zlD4g], [P], s[STARTED]

routing_nodes:
-----node_id[yFC7Udo4Rmujjh6IVKH0mA][V]
--------[test][1], node[yFC7Udo4Rmujjh6IVKH0mA], [R], s[STARTED]
--------[test][2], node[yFC7Udo4Rmujjh6IVKH0mA], [R], s[STARTED]
-----node_id[5y0yKnIhT0SpXiXfsH5mrg][V]
--------[test][4], node[5y0yKnIhT0SpXiXfsH5mrg], [R], s[STARTED]
--------[test][3], node[5y0yKnIhT0SpXiXfsH5mrg], [R], s[STARTED]
-----node_id[mnkDt7gcTYGKum_TOOzG9g][V]
--------[test][4], node[mnkDt7gcTYGKum_TOOzG9g], [P], s[STARTED]
--------[test][3], node[mnkDt7gcTYGKum_TOOzG9g], [P], s[STARTED]
-----node_id[EWKzYWueR6KVbCvedt0u3w][V]
--------[test][0], node[EWKzYWueR6KVbCvedt0u3w], [R], s[STARTED]
--------[test][1], node[EWKzYWueR6KVbCvedt0u3w], [P], s[STARTED]
-----node_id[iMrqAb_7RzOiI6A65zlD4g][V]
--------[test][0], node[iMrqAb_7RzOiI6A65zlD4g], [P], s[STARTED]
--------[test][2], node[iMrqAb_7RzOiI6A65zlD4g], [P], s[STARTED]
---- unassigned

[2014-02-18 15:36:53,249][DEBUG][cluster.service          ] [node_2] set local cluster state to version 26
[2014-02-18 15:36:53,248][TRACE][cluster.service          ] [node_1] cluster state updated:
version [26], source [zen-disco-receive(from master [[node_0][mnkDt7gcTYGKum_TOOzG9g][Bills-MacBook-Pro.local][inet[/10.1.10.75:9303]]])]
nodes: 
   [node_1][5y0yKnIhT0SpXiXfsH5mrg][Bills-MacBook-Pro.local][inet[/10.1.10.75:9304]], local
   [node_3][EWKzYWueR6KVbCvedt0u3w][Bills-MacBook-Pro.local][inet[/10.1.10.75:9306]]
   [node_0][mnkDt7gcTYGKum_TOOzG9g][Bills-MacBook-Pro.local][inet[/10.1.10.75:9303]], master
   [node_4][yFC7Udo4Rmujjh6IVKH0mA][Bills-MacBook-Pro.local][inet[/10.1.10.75:9307]]
   [node_2][iMrqAb_7RzOiI6A65zlD4g][Bills-MacBook-Pro.local][inet[/10.1.10.75:9305]]
routing_table:
-- index [test]
----shard_id [test][4]
--------[test][4], node[5y0yKnIhT0SpXiXfsH5mrg], [R], s[STARTED]
--------[test][4], node[mnkDt7gcTYGKum_TOOzG9g], [P], s[STARTED]
----shard_id [test][0]
--------[test][0], node[EWKzYWueR6KVbCvedt0u3w], [R], s[STARTED]
--------[test][0], node[iMrqAb_7RzOiI6A65zlD4g], [P], s[STARTED]
----shard_id [test][3]
--------[test][3], node[5y0yKnIhT0SpXiXfsH5mrg], [R], s[STARTED]
--------[test][3], node[mnkDt7gcTYGKum_TOOzG9g], [P], s[STARTED]
----shard_id [test][1]
--------[test][1], node[yFC7Udo4Rmujjh6IVKH0mA], [R], s[STARTED]
--------[test][1], node[EWKzYWueR6KVbCvedt0u3w], [P], s[STARTED]
----shard_id [test][2]
--------[test][2], node[yFC7Udo4Rmujjh6IVKH0mA], [R], s[STARTED]
--------[test][2], node[iMrqAb_7RzOiI6A65zlD4g], [P], s[STARTED]

routing_nodes:
-----node_id[yFC7Udo4Rmujjh6IVKH0mA][V]
--------[test][1], node[yFC7Udo4Rmujjh6IVKH0mA], [R], s[STARTED]
--------[test][2], node[yFC7Udo4Rmujjh6IVKH0mA], [R], s[STARTED]
-----node_id[5y0yKnIhT0SpXiXfsH5mrg][V]
--------[test][4], node[5y0yKnIhT0SpXiXfsH5mrg], [R], s[STARTED]
--------[test][3], node[5y0yKnIhT0SpXiXfsH5mrg], [R], s[STARTED]
-----node_id[mnkDt7gcTYGKum_TOOzG9g][V]
--------[test][4], node[mnkDt7gcTYGKum_TOOzG9g], [P], s[STARTED]
--------[test][3], node[mnkDt7gcTYGKum_TOOzG9g], [P], s[STARTED]
-----node_id[EWKzYWueR6KVbCvedt0u3w][V]
--------[test][0], node[EWKzYWueR6KVbCvedt0u3w], [R], s[STARTED]
--------[test][1], node[EWKzYWueR6KVbCvedt0u3w], [P], s[STARTED]
-----node_id[iMrqAb_7RzOiI6A65zlD4g][V]
--------[test][0], node[iMrqAb_7RzOiI6A65zlD4g], [P], s[STARTED]
--------[test][2], node[iMrqAb_7RzOiI6A65zlD4g], [P], s[STARTED]
---- unassigned

[2014-02-18 15:36:53,251][DEBUG][cluster.service          ] [node_3] set local cluster state to version 26
[2014-02-18 15:36:53,250][TRACE][cluster.service          ] [node_4] cluster state updated:
version [26], source [zen-disco-receive(from master [[node_0][mnkDt7gcTYGKum_TOOzG9g][Bills-MacBook-Pro.local][inet[/10.1.10.75:9303]]])]
nodes: 
   [node_1][5y0yKnIhT0SpXiXfsH5mrg][Bills-MacBook-Pro.local][inet[/10.1.10.75:9304]]
   [node_3][EWKzYWueR6KVbCvedt0u3w][Bills-MacBook-Pro.local][inet[/10.1.10.75:9306]]
   [node_0][mnkDt7gcTYGKum_TOOzG9g][Bills-MacBook-Pro.local][inet[/10.1.10.75:9303]], master
   [node_4][yFC7Udo4Rmujjh6IVKH0mA][Bills-MacBook-Pro.local][inet[/10.1.10.75:9307]], local
   [node_2][iMrqAb_7RzOiI6A65zlD4g][Bills-MacBook-Pro.local][inet[/10.1.10.75:9305]]
routing_table:
-- index [test]
----shard_id [test][4]
--------[test][4], node[5y0yKnIhT0SpXiXfsH5mrg], [R], s[STARTED]
--------[test][4], node[mnkDt7gcTYGKum_TOOzG9g], [P], s[STARTED]
----shard_id [test][0]
--------[test][0], node[EWKzYWueR6KVbCvedt0u3w], [R], s[STARTED]
--------[test][0], node[iMrqAb_7RzOiI6A65zlD4g], [P], s[STARTED]
----shard_id [test][3]
--------[test][3], node[5y0yKnIhT0SpXiXfsH5mrg], [R], s[STARTED]
--------[test][3], node[mnkDt7gcTYGKum_TOOzG9g], [P], s[STARTED]
----shard_id [test][1]
--------[test][1], node[yFC7Udo4Rmujjh6IVKH0mA], [R], s[STARTED]
--------[test][1], node[EWKzYWueR6KVbCvedt0u3w], [P], s[STARTED]
----shard_id [test][2]
--------[test][2], node[yFC7Udo4Rmujjh6IVKH0mA], [R], s[STARTED]
--------[test][2], node[iMrqAb_7RzOiI6A65zlD4g], [P], s[STARTED]

routing_nodes:
-----node_id[yFC7Udo4Rmujjh6IVKH0mA][V]
--------[test][1], node[yFC7Udo4Rmujjh6IVKH0mA], [R], s[STARTED]
--------[test][2], node[yFC7Udo4Rmujjh6IVKH0mA], [R], s[STARTED]
-----node_id[5y0yKnIhT0SpXiXfsH5mrg][V]
--------[test][4], node[5y0yKnIhT0SpXiXfsH5mrg], [R], s[STARTED]
--------[test][3], node[5y0yKnIhT0SpXiXfsH5mrg], [R], s[STARTED]
-----node_id[mnkDt7gcTYGKum_TOOzG9g][V]
--------[test][4], node[mnkDt7gcTYGKum_TOOzG9g], [P], s[STARTED]
--------[test][3], node[mnkDt7gcTYGKum_TOOzG9g], [P], s[STARTED]
-----node_id[EWKzYWueR6KVbCvedt0u3w][V]
--------[test][0], node[EWKzYWueR6KVbCvedt0u3w], [R], s[STARTED]
--------[test][1], node[EWKzYWueR6KVbCvedt0u3w], [P], s[STARTED]
-----node_id[iMrqAb_7RzOiI6A65zlD4g][V]
--------[test][0], node[iMrqAb_7RzOiI6A65zlD4g], [P], s[STARTED]
--------[test][2], node[iMrqAb_7RzOiI6A65zlD4g], [P], s[STARTED]
---- unassigned

[2014-02-18 15:36:53,251][DEBUG][cluster.service          ] [node_2] processing [zen-disco-receive(from master [[node_0][mnkDt7gcTYGKum_TOOzG9g][Bills-MacBook-Pro.local][inet[/10.1.10.75:9303]]])]: done applying updated cluster_state (version: 26)
[2014-02-18 15:36:53,251][DEBUG][cluster.service          ] [node_1] set local cluster state to version 26
[2014-02-18 15:36:53,252][DEBUG][cluster.service          ] [node_4] set local cluster state to version 26
[2014-02-18 15:36:53,252][DEBUG][cluster.service          ] [node_3] processing [zen-disco-receive(from master [[node_0][mnkDt7gcTYGKum_TOOzG9g][Bills-MacBook-Pro.local][inet[/10.1.10.75:9303]]])]: done applying updated cluster_state (version: 26)
[2014-02-18 15:36:53,253][DEBUG][indices.cluster          ] [node_1] [test][2] removing shard (not allocated)
[2014-02-18 15:36:53,253][DEBUG][cluster.service          ] [node_4] processing [zen-disco-receive(from master [[node_0][mnkDt7gcTYGKum_TOOzG9g][Bills-MacBook-Pro.local][inet[/10.1.10.75:9303]]])]: done applying updated cluster_state (version: 26)
[2014-02-18 15:36:53,263][DEBUG][cluster.service          ] [node_1] processing [zen-disco-receive(from master [[node_0][mnkDt7gcTYGKum_TOOzG9g][Bills-MacBook-Pro.local][inet[/10.1.10.75:9303]]])]: done applying updated cluster_state (version: 26)
[2014-02-18 15:36:53,263][DEBUG][cluster.service          ] [node_0] set local cluster state to version 26
[2014-02-18 15:36:53,264][DEBUG][cluster.service          ] [node_0] processing [shard-started ([test][2], node[yFC7Udo4Rmujjh6IVKH0mA], relocating [5y0yKnIhT0SpXiXfsH5mrg], [R], s[INITIALIZING]), reason [after recovery (replica) from node [[node_2][iMrqAb_7RzOiI6A65zlD4g][Bills-MacBook-Pro.local][inet[/10.1.10.75:9305]]]]]: done applying updated cluster_state (version: 26)
[2014-02-18 15:36:53,264][DEBUG][cluster.service          ] [node_0] processing [shard-started ([test][2], node[yFC7Udo4Rmujjh6IVKH0mA], relocating [5y0yKnIhT0SpXiXfsH5mrg], [R], s[INITIALIZING]), reason [master [node_0][mnkDt7gcTYGKum_TOOzG9g][Bills-MacBook-Pro.local][inet[/10.1.10.75:9303]] marked shard as initializing, but shard state is [POST_RECOVERY], mark shard as started]]: execute
[2014-02-18 15:36:53,265][DEBUG][cluster.service          ] [node_0] processing [shard-started ([test][2], node[yFC7Udo4Rmujjh6IVKH0mA], relocating [5y0yKnIhT0SpXiXfsH5mrg], [R], s[INITIALIZING]), reason [master [node_0][mnkDt7gcTYGKum_TOOzG9g][Bills-MacBook-Pro.local][inet[/10.1.10.75:9303]] marked shard as initializing, but shard state is [POST_RECOVERY], mark shard as started]]: no change in cluster_state
[2014-02-18 15:36:53,324][WARN ][discovery.zen.ping.multicast] [node_3] failed to receive packet, throttling...
java.net.SocketException: Socket closed
	at java.net.PlainDatagramSocketImpl.peekData(Native Method)
	at java.net.DatagramSocket.receive(DatagramSocket.java:726)
	at org.elasticsearch.discovery.zen.ping.multicast.MulticastZenPing$Receiver.run(MulticastZenPing.java:366)
	at java.lang.Thread.run(Thread.java:744)
[2014-02-18 15:36:53,376][INFO ][test                     ] Closing random node [node_0] 
[2014-02-18 15:36:53,376][INFO ][node                     ] [node_0] stopping ...
[2014-02-18 15:36:53,388][INFO ][discovery.zen            ] [node_1] master_left [[node_0][mnkDt7gcTYGKum_TOOzG9g][Bills-MacBook-Pro.local][inet[/10.1.10.75:9303]]], reason [shut_down]
[2014-02-18 15:36:53,388][INFO ][discovery.zen            ] [node_2] master_left [[node_0][mnkDt7gcTYGKum_TOOzG9g][Bills-MacBook-Pro.local][inet[/10.1.10.75:9303]]], reason [shut_down]
[2014-02-18 15:36:53,388][INFO ][discovery.zen            ] [node_3] master_left [[node_0][mnkDt7gcTYGKum_TOOzG9g][Bills-MacBook-Pro.local][inet[/10.1.10.75:9303]]], reason [shut_down]
[2014-02-18 15:36:53,389][DEBUG][cluster.service          ] [node_2] processing [zen-disco-master_failed ([node_0][mnkDt7gcTYGKum_TOOzG9g][Bills-MacBook-Pro.local][inet[/10.1.10.75:9303]])]: execute
[2014-02-18 15:36:53,391][TRACE][cluster.service          ] [node_2] cluster state updated:
version [26], source [zen-disco-master_failed ([node_0][mnkDt7gcTYGKum_TOOzG9g][Bills-MacBook-Pro.local][inet[/10.1.10.75:9303]])]
nodes: 
   [node_1][5y0yKnIhT0SpXiXfsH5mrg][Bills-MacBook-Pro.local][inet[/10.1.10.75:9304]], master
   [node_3][EWKzYWueR6KVbCvedt0u3w][Bills-MacBook-Pro.local][inet[/10.1.10.75:9306]]
   [node_4][yFC7Udo4Rmujjh6IVKH0mA][Bills-MacBook-Pro.local][inet[/10.1.10.75:9307]]
   [node_2][iMrqAb_7RzOiI6A65zlD4g][Bills-MacBook-Pro.local][inet[/10.1.10.75:9305]], local
routing_table:
-- index [test]
----shard_id [test][4]
--------[test][4], node[5y0yKnIhT0SpXiXfsH5mrg], [R], s[STARTED]
--------[test][4], node[mnkDt7gcTYGKum_TOOzG9g], [P], s[STARTED]
----shard_id [test][0]
--------[test][0], node[EWKzYWueR6KVbCvedt0u3w], [R], s[STARTED]
--------[test][0], node[iMrqAb_7RzOiI6A65zlD4g], [P], s[STARTED]
----shard_id [test][3]
--------[test][3], node[5y0yKnIhT0SpXiXfsH5mrg], [R], s[STARTED]
--------[test][3], node[mnkDt7gcTYGKum_TOOzG9g], [P], s[STARTED]
----shard_id [test][1]
--------[test][1], node[yFC7Udo4Rmujjh6IVKH0mA], [R], s[STARTED]
--------[test][1], node[EWKzYWueR6KVbCvedt0u3w], [P], s[STARTED]
----shard_id [test][2]
--------[test][2], node[yFC7Udo4Rmujjh6IVKH0mA], [R], s[STARTED]
--------[test][2], node[iMrqAb_7RzOiI6A65zlD4g], [P], s[STARTED]

routing_nodes:
-----node_id[yFC7Udo4Rmujjh6IVKH0mA][V]
--------[test][1], node[yFC7Udo4Rmujjh6IVKH0mA], [R], s[STARTED]
--------[test][2], node[yFC7Udo4Rmujjh6IVKH0mA], [R], s[STARTED]
-----node_id[5y0yKnIhT0SpXiXfsH5mrg][V]
--------[test][4], node[5y0yKnIhT0SpXiXfsH5mrg], [R], s[STARTED]
--------[test][3], node[5y0yKnIhT0SpXiXfsH5mrg], [R], s[STARTED]
-----node_id[mnkDt7gcTYGKum_TOOzG9g][X]
--------[test][4], node[mnkDt7gcTYGKum_TOOzG9g], [P], s[STARTED]
--------[test][3], node[mnkDt7gcTYGKum_TOOzG9g], [P], s[STARTED]
-----node_id[EWKzYWueR6KVbCvedt0u3w][V]
--------[test][0], node[EWKzYWueR6KVbCvedt0u3w], [R], s[STARTED]
--------[test][1], node[EWKzYWueR6KVbCvedt0u3w], [P], s[STARTED]
-----node_id[iMrqAb_7RzOiI6A65zlD4g][V]
--------[test][0], node[iMrqAb_7RzOiI6A65zlD4g], [P], s[STARTED]
--------[test][2], node[iMrqAb_7RzOiI6A65zlD4g], [P], s[STARTED]
---- unassigned

[2014-02-18 15:36:53,391][INFO ][cluster.service          ] [node_2] master {new [node_1][5y0yKnIhT0SpXiXfsH5mrg][Bills-MacBook-Pro.local][inet[/10.1.10.75:9304]], previous [node_0][mnkDt7gcTYGKum_TOOzG9g][Bills-MacBook-Pro.local][inet[/10.1.10.75:9303]]}, removed {[node_0][mnkDt7gcTYGKum_TOOzG9g][Bills-MacBook-Pro.local][inet[/10.1.10.75:9303]],}, reason: zen-disco-master_failed ([node_0][mnkDt7gcTYGKum_TOOzG9g][Bills-MacBook-Pro.local][inet[/10.1.10.75:9303]])
[2014-02-18 15:36:53,392][DEBUG][cluster.service          ] [node_2] set local cluster state to version 26
[2014-02-18 15:36:53,392][DEBUG][cluster.service          ] [node_2] processing [zen-disco-master_failed ([node_0][mnkDt7gcTYGKum_TOOzG9g][Bills-MacBook-Pro.local][inet[/10.1.10.75:9303]])]: done applying updated cluster_state (version: 26)
[2014-02-18 15:36:53,389][DEBUG][cluster.service          ] [node_1] processing [zen-disco-master_failed ([node_0][mnkDt7gcTYGKum_TOOzG9g][Bills-MacBook-Pro.local][inet[/10.1.10.75:9303]])]: execute
[2014-02-18 15:36:53,390][DEBUG][cluster.service          ] [node_3] processing [zen-disco-master_failed ([node_0][mnkDt7gcTYGKum_TOOzG9g][Bills-MacBook-Pro.local][inet[/10.1.10.75:9303]])]: execute
[2014-02-18 15:36:53,400][INFO ][node                     ] [node_0] stopped
[2014-02-18 15:36:53,401][INFO ][node                     ] [node_0] closing ...
[2014-02-18 15:36:53,407][INFO ][discovery.zen            ] [node_3] master_left [[node_0][mnkDt7gcTYGKum_TOOzG9g][Bills-MacBook-Pro.local][inet[/10.1.10.75:9303]]], reason [transport disconnected (with verified connect)]
[2014-02-18 15:36:53,407][TRACE][cluster.service          ] [node_3] cluster state updated:
version [26], source [zen-disco-master_failed ([node_0][mnkDt7gcTYGKum_TOOzG9g][Bills-MacBook-Pro.local][inet[/10.1.10.75:9303]])]
nodes: 
   [node_1][5y0yKnIhT0SpXiXfsH5mrg][Bills-MacBook-Pro.local][inet[/10.1.10.75:9304]], master
   [node_3][EWKzYWueR6KVbCvedt0u3w][Bills-MacBook-Pro.local][inet[/10.1.10.75:9306]], local
   [node_4][yFC7Udo4Rmujjh6IVKH0mA][Bills-MacBook-Pro.local][inet[/10.1.10.75:9307]]
   [node_2][iMrqAb_7RzOiI6A65zlD4g][Bills-MacBook-Pro.local][inet[/10.1.10.75:9305]]
routing_table:
-- index [test]
----shard_id [test][4]
--------[test][4], node[5y0yKnIhT0SpXiXfsH5mrg], [R], s[STARTED]
--------[test][4], node[mnkDt7gcTYGKum_TOOzG9g], [P], s[STARTED]
----shard_id [test][0]
--------[test][0], node[EWKzYWueR6KVbCvedt0u3w], [R], s[STARTED]
--------[test][0], node[iMrqAb_7RzOiI6A65zlD4g], [P], s[STARTED]
----shard_id [test][3]
--------[test][3], node[5y0yKnIhT0SpXiXfsH5mrg], [R], s[STARTED]
--------[test][3], node[mnkDt7gcTYGKum_TOOzG9g], [P], s[STARTED]
----shard_id [test][1]
--------[test][1], node[yFC7Udo4Rmujjh6IVKH0mA], [R], s[STARTED]
--------[test][1], node[EWKzYWueR6KVbCvedt0u3w], [P], s[STARTED]
----shard_id [test][2]
--------[test][2], node[yFC7Udo4Rmujjh6IVKH0mA], [R], s[STARTED]
--------[test][2], node[iMrqAb_7RzOiI6A65zlD4g], [P], s[STARTED]

routing_nodes:
-----node_id[yFC7Udo4Rmujjh6IVKH0mA][V]
--------[test][1], node[yFC7Udo4Rmujjh6IVKH0mA], [R], s[STARTED]
--------[test][2], node[yFC7Udo4Rmujjh6IVKH0mA], [R], s[STARTED]
-----node_id[5y0yKnIhT0SpXiXfsH5mrg][V]
--------[test][4], node[5y0yKnIhT0SpXiXfsH5mrg], [R], s[STARTED]
--------[test][3], node[5y0yKnIhT0SpXiXfsH5mrg], [R], s[STARTED]
-----node_id[mnkDt7gcTYGKum_TOOzG9g][X]
--------[test][4], node[mnkDt7gcTYGKum_TOOzG9g], [P], s[STARTED]
--------[test][3], node[mnkDt7gcTYGKum_TOOzG9g], [P], s[STARTED]
-----node_id[EWKzYWueR6KVbCvedt0u3w][V]
--------[test][0], node[EWKzYWueR6KVbCvedt0u3w], [R], s[STARTED]
--------[test][1], node[EWKzYWueR6KVbCvedt0u3w], [P], s[STARTED]
-----node_id[iMrqAb_7RzOiI6A65zlD4g][V]
--------[test][0], node[iMrqAb_7RzOiI6A65zlD4g], [P], s[STARTED]
--------[test][2], node[iMrqAb_7RzOiI6A65zlD4g], [P], s[STARTED]
---- unassigned

[2014-02-18 15:36:53,412][INFO ][cluster.service          ] [node_3] master {new [node_1][5y0yKnIhT0SpXiXfsH5mrg][Bills-MacBook-Pro.local][inet[/10.1.10.75:9304]], previous [node_0][mnkDt7gcTYGKum_TOOzG9g][Bills-MacBook-Pro.local][inet[/10.1.10.75:9303]]}, removed {[node_0][mnkDt7gcTYGKum_TOOzG9g][Bills-MacBook-Pro.local][inet[/10.1.10.75:9303]],}, reason: zen-disco-master_failed ([node_0][mnkDt7gcTYGKum_TOOzG9g][Bills-MacBook-Pro.local][inet[/10.1.10.75:9303]])
[2014-02-18 15:36:53,412][DEBUG][cluster.service          ] [node_3] set local cluster state to version 26
[2014-02-18 15:36:53,411][INFO ][discovery.zen            ] [node_4] master_left [[node_0][mnkDt7gcTYGKum_TOOzG9g][Bills-MacBook-Pro.local][inet[/10.1.10.75:9303]]], reason [transport disconnected (with verified connect)]
[2014-02-18 15:36:53,413][TRACE][cluster.service          ] [node_1] cluster state updated:
version [27], source [zen-disco-master_failed ([node_0][mnkDt7gcTYGKum_TOOzG9g][Bills-MacBook-Pro.local][inet[/10.1.10.75:9303]])]
nodes: 
   [node_1][5y0yKnIhT0SpXiXfsH5mrg][Bills-MacBook-Pro.local][inet[/10.1.10.75:9304]], local, master
   [node_3][EWKzYWueR6KVbCvedt0u3w][Bills-MacBook-Pro.local][inet[/10.1.10.75:9306]]
   [node_4][yFC7Udo4Rmujjh6IVKH0mA][Bills-MacBook-Pro.local][inet[/10.1.10.75:9307]]
   [node_2][iMrqAb_7RzOiI6A65zlD4g][Bills-MacBook-Pro.local][inet[/10.1.10.75:9305]]
routing_table:
-- index [test]
----shard_id [test][4]
--------[test][4], node[5y0yKnIhT0SpXiXfsH5mrg], [R], s[STARTED]
--------[test][4], node[mnkDt7gcTYGKum_TOOzG9g], [P], s[STARTED]
----shard_id [test][0]
--------[test][0], node[EWKzYWueR6KVbCvedt0u3w], [R], s[STARTED]
--------[test][0], node[iMrqAb_7RzOiI6A65zlD4g], [P], s[STARTED]
----shard_id [test][3]
--------[test][3], node[5y0yKnIhT0SpXiXfsH5mrg], [R], s[STARTED]
--------[test][3], node[mnkDt7gcTYGKum_TOOzG9g], [P], s[STARTED]
----shard_id [test][1]
--------[test][1], node[yFC7Udo4Rmujjh6IVKH0mA], [R], s[STARTED]
--------[test][1], node[EWKzYWueR6KVbCvedt0u3w], [P], s[STARTED]
----shard_id [test][2]
--------[test][2], node[yFC7Udo4Rmujjh6IVKH0mA], [R], s[STARTED]
--------[test][2], node[iMrqAb_7RzOiI6A65zlD4g], [P], s[STARTED]

routing_nodes:
-----node_id[yFC7Udo4Rmujjh6IVKH0mA][V]
--------[test][1], node[yFC7Udo4Rmujjh6IVKH0mA], [R], s[STARTED]
--------[test][2], node[yFC7Udo4Rmujjh6IVKH0mA], [R], s[STARTED]
-----node_id[5y0yKnIhT0SpXiXfsH5mrg][V]
--------[test][4], node[5y0yKnIhT0SpXiXfsH5mrg], [R], s[STARTED]
--------[test][3], node[5y0yKnIhT0SpXiXfsH5mrg], [R], s[STARTED]
-----node_id[mnkDt7gcTYGKum_TOOzG9g][X]
--------[test][4], node[mnkDt7gcTYGKum_TOOzG9g], [P], s[STARTED]
--------[test][3], node[mnkDt7gcTYGKum_TOOzG9g], [P], s[STARTED]
-----node_id[EWKzYWueR6KVbCvedt0u3w][V]
--------[test][0], node[EWKzYWueR6KVbCvedt0u3w], [R], s[STARTED]
--------[test][1], node[EWKzYWueR6KVbCvedt0u3w], [P], s[STARTED]
-----node_id[iMrqAb_7RzOiI6A65zlD4g][V]
--------[test][0], node[iMrqAb_7RzOiI6A65zlD4g], [P], s[STARTED]
--------[test][2], node[iMrqAb_7RzOiI6A65zlD4g], [P], s[STARTED]
---- unassigned

[2014-02-18 15:36:53,413][INFO ][node                     ] [node_0] closed
[2014-02-18 15:36:53,413][DEBUG][cluster.service          ] [node_4] processing [zen-disco-master_failed ([node_0][mnkDt7gcTYGKum_TOOzG9g][Bills-MacBook-Pro.local][inet[/10.1.10.75:9303]])]: execute
[2014-02-18 15:36:53,413][DEBUG][cluster.service          ] [node_3] processing [zen-disco-master_failed ([node_0][mnkDt7gcTYGKum_TOOzG9g][Bills-MacBook-Pro.local][inet[/10.1.10.75:9303]])]: done applying updated cluster_state (version: 26)
[2014-02-18 15:36:53,413][INFO ][cluster.service          ] [node_1] master {new [node_1][5y0yKnIhT0SpXiXfsH5mrg][Bills-MacBook-Pro.local][inet[/10.1.10.75:9304]], previous [node_0][mnkDt7gcTYGKum_TOOzG9g][Bills-MacBook-Pro.local][inet[/10.1.10.75:9303]]}, removed {[node_0][mnkDt7gcTYGKum_TOOzG9g][Bills-MacBook-Pro.local][inet[/10.1.10.75:9303]],}, reason: zen-disco-master_failed ([node_0][mnkDt7gcTYGKum_TOOzG9g][Bills-MacBook-Pro.local][inet[/10.1.10.75:9303]])
[2014-02-18 15:36:53,414][TRACE][cluster.service          ] [node_4] cluster state updated:
version [26], source [zen-disco-master_failed ([node_0][mnkDt7gcTYGKum_TOOzG9g][Bills-MacBook-Pro.local][inet[/10.1.10.75:9303]])]
nodes: 
   [node_1][5y0yKnIhT0SpXiXfsH5mrg][Bills-MacBook-Pro.local][inet[/10.1.10.75:9304]], master
   [node_3][EWKzYWueR6KVbCvedt0u3w][Bills-MacBook-Pro.local][inet[/10.1.10.75:9306]]
   [node_4][yFC7Udo4Rmujjh6IVKH0mA][Bills-MacBook-Pro.local][inet[/10.1.10.75:9307]], local
   [node_2][iMrqAb_7RzOiI6A65zlD4g][Bills-MacBook-Pro.local][inet[/10.1.10.75:9305]]
routing_table:
-- index [test]
----shard_id [test][4]
--------[test][4], node[5y0yKnIhT0SpXiXfsH5mrg], [R], s[STARTED]
--------[test][4], node[mnkDt7gcTYGKum_TOOzG9g], [P], s[STARTED]
----shard_id [test][0]
--------[test][0], node[EWKzYWueR6KVbCvedt0u3w], [R], s[STARTED]
--------[test][0], node[iMrqAb_7RzOiI6A65zlD4g], [P], s[STARTED]
----shard_id [test][3]
--------[test][3], node[5y0yKnIhT0SpXiXfsH5mrg], [R], s[STARTED]
--------[test][3], node[mnkDt7gcTYGKum_TOOzG9g], [P], s[STARTED]
----shard_id [test][1]
--------[test][1], node[yFC7Udo4Rmujjh6IVKH0mA], [R], s[STARTED]
--------[test][1], node[EWKzYWueR6KVbCvedt0u3w], [P], s[STARTED]
----shard_id [test][2]
--------[test][2], node[yFC7Udo4Rmujjh6IVKH0mA], [R], s[STARTED]
--------[test][2], node[iMrqAb_7RzOiI6A65zlD4g], [P], s[STARTED]

routing_nodes:
-----node_id[yFC7Udo4Rmujjh6IVKH0mA][V]
--------[test][1], node[yFC7Udo4Rmujjh6IVKH0mA], [R], s[STARTED]
--------[test][2], node[yFC7Udo4Rmujjh6IVKH0mA], [R], s[STARTED]
-----node_id[5y0yKnIhT0SpXiXfsH5mrg][V]
--------[test][4], node[5y0yKnIhT0SpXiXfsH5mrg], [R], s[STARTED]
--------[test][3], node[5y0yKnIhT0SpXiXfsH5mrg], [R], s[STARTED]
-----node_id[mnkDt7gcTYGKum_TOOzG9g][X]
--------[test][4], node[mnkDt7gcTYGKum_TOOzG9g], [P], s[STARTED]
--------[test][3], node[mnkDt7gcTYGKum_TOOzG9g], [P], s[STARTED]
-----node_id[EWKzYWueR6KVbCvedt0u3w][V]
--------[test][0], node[EWKzYWueR6KVbCvedt0u3w], [R], s[STARTED]
--------[test][1], node[EWKzYWueR6KVbCvedt0u3w], [P], s[STARTED]
-----node_id[iMrqAb_7RzOiI6A65zlD4g][V]
--------[test][0], node[iMrqAb_7RzOiI6A65zlD4g], [P], s[STARTED]
--------[test][2], node[iMrqAb_7RzOiI6A65zlD4g], [P], s[STARTED]
---- unassigned

[2014-02-18 15:36:53,415][INFO ][cluster.service          ] [node_4] master {new [node_1][5y0yKnIhT0SpXiXfsH5mrg][Bills-MacBook-Pro.local][inet[/10.1.10.75:9304]], previous [node_0][mnkDt7gcTYGKum_TOOzG9g][Bills-MacBook-Pro.local][inet[/10.1.10.75:9303]]}, removed {[node_0][mnkDt7gcTYGKum_TOOzG9g][Bills-MacBook-Pro.local][inet[/10.1.10.75:9303]],}, reason: zen-disco-master_failed ([node_0][mnkDt7gcTYGKum_TOOzG9g][Bills-MacBook-Pro.local][inet[/10.1.10.75:9303]])
[2014-02-18 15:36:53,414][DEBUG][cluster.service          ] [node_3] processing [zen-disco-master_failed ([node_0][mnkDt7gcTYGKum_TOOzG9g][Bills-MacBook-Pro.local][inet[/10.1.10.75:9303]])]: execute
[2014-02-18 15:36:53,415][DEBUG][cluster.service          ] [node_4] set local cluster state to version 26
[2014-02-18 15:36:53,414][DEBUG][cluster.service          ] [node_1] publishing cluster state version 27
[2014-02-18 15:36:53,416][DEBUG][cluster.service          ] [node_4] processing [zen-disco-master_failed ([node_0][mnkDt7gcTYGKum_TOOzG9g][Bills-MacBook-Pro.local][inet[/10.1.10.75:9303]])]: done applying updated cluster_state (version: 26)
[2014-02-18 15:36:53,415][DEBUG][cluster.service          ] [node_3] processing [zen-disco-master_failed ([node_0][mnkDt7gcTYGKum_TOOzG9g][Bills-MacBook-Pro.local][inet[/10.1.10.75:9303]])]: no change in cluster_state
[2014-02-18 15:36:53,416][DEBUG][cluster.service          ] [node_3] processing [zen-disco-receive(from master [[node_1][5y0yKnIhT0SpXiXfsH5mrg][Bills-MacBook-Pro.local][inet[/10.1.10.75:9304]]])]: execute
[2014-02-18 15:36:53,417][DEBUG][cluster.service          ] [node_2] processing [zen-disco-receive(from master [[node_1][5y0yKnIhT0SpXiXfsH5mrg][Bills-MacBook-Pro.local][inet[/10.1.10.75:9304]]])]: execute
[2014-02-18 15:36:53,417][DEBUG][cluster.service          ] [node_4] processing [zen-disco-receive(from master [[node_1][5y0yKnIhT0SpXiXfsH5mrg][Bills-MacBook-Pro.local][inet[/10.1.10.75:9304]]])]: execute
[2014-02-18 15:36:53,417][TRACE][cluster.service          ] [node_2] cluster state updated:
version [27], source [zen-disco-receive(from master [[node_1][5y0yKnIhT0SpXiXfsH5mrg][Bills-MacBook-Pro.local][inet[/10.1.10.75:9304]]])]
nodes: 
   [node_1][5y0yKnIhT0SpXiXfsH5mrg][Bills-MacBook-Pro.local][inet[/10.1.10.75:9304]], master
   [node_3][EWKzYWueR6KVbCvedt0u3w][Bills-MacBook-Pro.local][inet[/10.1.10.75:9306]]
   [node_4][yFC7Udo4Rmujjh6IVKH0mA][Bills-MacBook-Pro.local][inet[/10.1.10.75:9307]]
   [node_2][iMrqAb_7RzOiI6A65zlD4g][Bills-MacBook-Pro.local][inet[/10.1.10.75:9305]], local
routing_table:
-- index [test]
----shard_id [test][4]
--------[test][4], node[5y0yKnIhT0SpXiXfsH5mrg], [R], s[STARTED]
--------[test][4], node[mnkDt7gcTYGKum_TOOzG9g], [P], s[STARTED]
----shard_id [test][0]
--------[test][0], node[EWKzYWueR6KVbCvedt0u3w], [R], s[STARTED]
--------[test][0], node[iMrqAb_7RzOiI6A65zlD4g], [P], s[STARTED]
----shard_id [test][3]
--------[test][3], node[5y0yKnIhT0SpXiXfsH5mrg], [R], s[STARTED]
--------[test][3], node[mnkDt7gcTYGKum_TOOzG9g], [P], s[STARTED]
----shard_id [test][1]
--------[test][1], node[yFC7Udo4Rmujjh6IVKH0mA], [R], s[STARTED]
--------[test][1], node[EWKzYWueR6KVbCvedt0u3w], [P], s[STARTED]
----shard_id [test][2]
--------[test][2], node[yFC7Udo4Rmujjh6IVKH0mA], [R], s[STARTED]
--------[test][2], node[iMrqAb_7RzOiI6A65zlD4g], [P], s[STARTED]

routing_nodes:
-----node_id[yFC7Udo4Rmujjh6IVKH0mA][V]
--------[test][1], node[yFC7Udo4Rmujjh6IVKH0mA], [R], s[STARTED]
--------[test][2], node[yFC7Udo4Rmujjh6IVKH0mA], [R], s[STARTED]
-----node_id[5y0yKnIhT0SpXiXfsH5mrg][V]
--------[test][4], node[5y0yKnIhT0SpXiXfsH5mrg], [R], s[STARTED]
--------[test][3], node[5y0yKnIhT0SpXiXfsH5mrg], [R], s[STARTED]
-----node_id[mnkDt7gcTYGKum_TOOzG9g][X]
--------[test][4], node[mnkDt7gcTYGKum_TOOzG9g], [P], s[STARTED]
--------[test][3], node[mnkDt7gcTYGKum_TOOzG9g], [P], s[STARTED]
-----node_id[EWKzYWueR6KVbCvedt0u3w][V]
--------[test][0], node[EWKzYWueR6KVbCvedt0u3w], [R], s[STARTED]
--------[test][1], node[EWKzYWueR6KVbCvedt0u3w], [P], s[STARTED]
-----node_id[iMrqAb_7RzOiI6A65zlD4g][V]
--------[test][0], node[iMrqAb_7RzOiI6A65zlD4g], [P], s[STARTED]
--------[test][2], node[iMrqAb_7RzOiI6A65zlD4g], [P], s[STARTED]
---- unassigned

[2014-02-18 15:36:53,417][TRACE][cluster.service          ] [node_3] cluster state updated:
version [27], source [zen-disco-receive(from master [[node_1][5y0yKnIhT0SpXiXfsH5mrg][Bills-MacBook-Pro.local][inet[/10.1.10.75:9304]]])]
nodes: 
   [node_1][5y0yKnIhT0SpXiXfsH5mrg][Bills-MacBook-Pro.local][inet[/10.1.10.75:9304]], master
   [node_3][EWKzYWueR6KVbCvedt0u3w][Bills-MacBook-Pro.local][inet[/10.1.10.75:9306]], local
   [node_4][yFC7Udo4Rmujjh6IVKH0mA][Bills-MacBook-Pro.local][inet[/10.1.10.75:9307]]
   [node_2][iMrqAb_7RzOiI6A65zlD4g][Bills-MacBook-Pro.local][inet[/10.1.10.75:9305]]
routing_table:
-- index [test]
----shard_id [test][4]
--------[test][4], node[5y0yKnIhT0SpXiXfsH5mrg], [R], s[STARTED]
--------[test][4], node[mnkDt7gcTYGKum_TOOzG9g], [P], s[STARTED]
----shard_id [test][0]
--------[test][0], node[EWKzYWueR6KVbCvedt0u3w], [R], s[STARTED]
--------[test][0], node[iMrqAb_7RzOiI6A65zlD4g], [P], s[STARTED]
----shard_id [test][3]
--------[test][3], node[5y0yKnIhT0SpXiXfsH5mrg], [R], s[STARTED]
--------[test][3], node[mnkDt7gcTYGKum_TOOzG9g], [P], s[STARTED]
----shard_id [test][1]
--------[test][1], node[yFC7Udo4Rmujjh6IVKH0mA], [R], s[STARTED]
--------[test][1], node[EWKzYWueR6KVbCvedt0u3w], [P], s[STARTED]
----shard_id [test][2]
--------[test][2], node[yFC7Udo4Rmujjh6IVKH0mA], [R], s[STARTED]
--------[test][2], node[iMrqAb_7RzOiI6A65zlD4g], [P], s[STARTED]

routing_nodes:
-----node_id[yFC7Udo4Rmujjh6IVKH0mA][V]
--------[test][1], node[yFC7Udo4Rmujjh6IVKH0mA], [R], s[STARTED]
--------[test][2], node[yFC7Udo4Rmujjh6IVKH0mA], [R], s[STARTED]
-----node_id[5y0yKnIhT0SpXiXfsH5mrg][V]
--------[test][4], node[5y0yKnIhT0SpXiXfsH5mrg], [R], s[STARTED]
--------[test][3], node[5y0yKnIhT0SpXiXfsH5mrg], [R], s[STARTED]
-----node_id[mnkDt7gcTYGKum_TOOzG9g][X]
--------[test][4], node[mnkDt7gcTYGKum_TOOzG9g], [P], s[STARTED]
--------[test][3], node[mnkDt7gcTYGKum_TOOzG9g], [P], s[STARTED]
-----node_id[EWKzYWueR6KVbCvedt0u3w][V]
--------[test][0], node[EWKzYWueR6KVbCvedt0u3w], [R], s[STARTED]
--------[test][1], node[EWKzYWueR6KVbCvedt0u3w], [P], s[STARTED]
-----node_id[iMrqAb_7RzOiI6A65zlD4g][V]
--------[test][0], node[iMrqAb_7RzOiI6A65zlD4g], [P], s[STARTED]
--------[test][2], node[iMrqAb_7RzOiI6A65zlD4g], [P], s[STARTED]
---- unassigned

[2014-02-18 15:36:53,417][DEBUG][cluster.service          ] [node_2] set local cluster state to version 27
[2014-02-18 15:36:53,417][TRACE][cluster.service          ] [node_4] cluster state updated:
version [27], source [zen-disco-receive(from master [[node_1][5y0yKnIhT0SpXiXfsH5mrg][Bills-MacBook-Pro.local][inet[/10.1.10.75:9304]]])]
nodes: 
   [node_1][5y0yKnIhT0SpXiXfsH5mrg][Bills-MacBook-Pro.local][inet[/10.1.10.75:9304]], master
   [node_3][EWKzYWueR6KVbCvedt0u3w][Bills-MacBook-Pro.local][inet[/10.1.10.75:9306]]
   [node_4][yFC7Udo4Rmujjh6IVKH0mA][Bills-MacBook-Pro.local][inet[/10.1.10.75:9307]], local
   [node_2][iMrqAb_7RzOiI6A65zlD4g][Bills-MacBook-Pro.local][inet[/10.1.10.75:9305]]
routing_table:
-- index [test]
----shard_id [test][4]
--------[test][4], node[5y0yKnIhT0SpXiXfsH5mrg], [R], s[STARTED]
--------[test][4], node[mnkDt7gcTYGKum_TOOzG9g], [P], s[STARTED]
----shard_id [test][0]
--------[test][0], node[EWKzYWueR6KVbCvedt0u3w], [R], s[STARTED]
--------[test][0], node[iMrqAb_7RzOiI6A65zlD4g], [P], s[STARTED]
----shard_id [test][3]
--------[test][3], node[5y0yKnIhT0SpXiXfsH5mrg], [R], s[STARTED]
--------[test][3], node[mnkDt7gcTYGKum_TOOzG9g], [P], s[STARTED]
----shard_id [test][1]
--------[test][1], node[yFC7Udo4Rmujjh6IVKH0mA], [R], s[STARTED]
--------[test][1], node[EWKzYWueR6KVbCvedt0u3w], [P], s[STARTED]
----shard_id [test][2]
--------[test][2], node[yFC7Udo4Rmujjh6IVKH0mA], [R], s[STARTED]
--------[test][2], node[iMrqAb_7RzOiI6A65zlD4g], [P], s[STARTED]

routing_nodes:
-----node_id[yFC7Udo4Rmujjh6IVKH0mA][V]
--------[test][1], node[yFC7Udo4Rmujjh6IVKH0mA], [R], s[STARTED]
--------[test][2], node[yFC7Udo4Rmujjh6IVKH0mA], [R], s[STARTED]
-----node_id[5y0yKnIhT0SpXiXfsH5mrg][V]
--------[test][4], node[5y0yKnIhT0SpXiXfsH5mrg], [R], s[STARTED]
--------[test][3], node[5y0yKnIhT0SpXiXfsH5mrg], [R], s[STARTED]
-----node_id[mnkDt7gcTYGKum_TOOzG9g][X]
--------[test][4], node[mnkDt7gcTYGKum_TOOzG9g], [P], s[STARTED]
--------[test][3], node[mnkDt7gcTYGKum_TOOzG9g], [P], s[STARTED]
-----node_id[EWKzYWueR6KVbCvedt0u3w][V]
--------[test][0], node[EWKzYWueR6KVbCvedt0u3w], [R], s[STARTED]
--------[test][1], node[EWKzYWueR6KVbCvedt0u3w], [P], s[STARTED]
-----node_id[iMrqAb_7RzOiI6A65zlD4g][V]
--------[test][0], node[iMrqAb_7RzOiI6A65zlD4g], [P], s[STARTED]
--------[test][2], node[iMrqAb_7RzOiI6A65zlD4g], [P], s[STARTED]
---- unassigned

[2014-02-18 15:36:53,418][DEBUG][cluster.service          ] [node_2] processing [zen-disco-receive(from master [[node_1][5y0yKnIhT0SpXiXfsH5mrg][Bills-MacBook-Pro.local][inet[/10.1.10.75:9304]]])]: done applying updated cluster_state (version: 27)
[2014-02-18 15:36:53,418][DEBUG][cluster.service          ] [node_3] set local cluster state to version 27
[2014-02-18 15:36:53,419][DEBUG][cluster.service          ] [node_4] set local cluster state to version 27
[2014-02-18 15:36:53,419][DEBUG][cluster.service          ] [node_3] processing [zen-disco-receive(from master [[node_1][5y0yKnIhT0SpXiXfsH5mrg][Bills-MacBook-Pro.local][inet[/10.1.10.75:9304]]])]: done applying updated cluster_state (version: 27)
[2014-02-18 15:36:53,419][DEBUG][cluster.service          ] [node_4] processing [zen-disco-receive(from master [[node_1][5y0yKnIhT0SpXiXfsH5mrg][Bills-MacBook-Pro.local][inet[/10.1.10.75:9304]]])]: done applying updated cluster_state (version: 27)
[2014-02-18 15:36:53,419][DEBUG][cluster.service          ] [node_1] set local cluster state to version 27
[2014-02-18 15:36:53,420][DEBUG][cluster.service          ] [node_1] processing [zen-disco-master_failed ([node_0][mnkDt7gcTYGKum_TOOzG9g][Bills-MacBook-Pro.local][inet[/10.1.10.75:9303]])]: done applying updated cluster_state (version: 27)
[2014-02-18 15:36:53,420][DEBUG][cluster.service          ] [node_1] processing [routing-table-updater]: execute
[2014-02-18 15:36:53,421][TRACE][cluster.service          ] [node_1] cluster state updated:
version [28], source [routing-table-updater]
nodes: 
   [node_1][5y0yKnIhT0SpXiXfsH5mrg][Bills-MacBook-Pro.local][inet[/10.1.10.75:9304]], local, master
   [node_3][EWKzYWueR6KVbCvedt0u3w][Bills-MacBook-Pro.local][inet[/10.1.10.75:9306]]
   [node_4][yFC7Udo4Rmujjh6IVKH0mA][Bills-MacBook-Pro.local][inet[/10.1.10.75:9307]]
   [node_2][iMrqAb_7RzOiI6A65zlD4g][Bills-MacBook-Pro.local][inet[/10.1.10.75:9305]]
routing_table:
-- index [test]
----shard_id [test][4]
--------[test][4], node[5y0yKnIhT0SpXiXfsH5mrg], [P], s[STARTED]
--------[test][4], node[EWKzYWueR6KVbCvedt0u3w], [R], s[INITIALIZING]
----shard_id [test][0]
--------[test][0], node[EWKzYWueR6KVbCvedt0u3w], [R], s[STARTED]
--------[test][0], node[iMrqAb_7RzOiI6A65zlD4g], [P], s[STARTED]
----shard_id [test][3]
--------[test][3], node[yFC7Udo4Rmujjh6IVKH0mA], [R], s[INITIALIZING]
--------[test][3], node[5y0yKnIhT0SpXiXfsH5mrg], [P], s[STARTED]
----shard_id [test][1]
--------[test][1], node[yFC7Udo4Rmujjh6IVKH0mA], [R], s[STARTED]
--------[test][1], node[EWKzYWueR6KVbCvedt0u3w], [P], s[STARTED]
----shard_id [test][2]
--------[test][2], node[yFC7Udo4Rmujjh6IVKH0mA], [R], s[STARTED]
--------[test][2], node[iMrqAb_7RzOiI6A65zlD4g], [P], s[STARTED]

routing_nodes:
-----node_id[yFC7Udo4Rmujjh6IVKH0mA][V]
--------[test][3], node[yFC7Udo4Rmujjh6IVKH0mA], [R], s[INITIALIZING]
--------[test][1], node[yFC7Udo4Rmujjh6IVKH0mA], [R], s[STARTED]
--------[test][2], node[yFC7Udo4Rmujjh6IVKH0mA], [R], s[STARTED]
-----node_id[5y0yKnIhT0SpXiXfsH5mrg][V]
--------[test][4], node[5y0yKnIhT0SpXiXfsH5mrg], [P], s[STARTED]
--------[test][3], node[5y0yKnIhT0SpXiXfsH5mrg], [P], s[STARTED]
-----node_id[EWKzYWueR6KVbCvedt0u3w][V]
--------[test][4], node[EWKzYWueR6KVbCvedt0u3w], [R], s[INITIALIZING]
--------[test][0], node[EWKzYWueR6KVbCvedt0u3w], [R], s[STARTED]
--------[test][1], node[EWKzYWueR6KVbCvedt0u3w], [P], s[STARTED]
-----node_id[iMrqAb_7RzOiI6A65zlD4g][V]
--------[test][0], node[iMrqAb_7RzOiI6A65zlD4g], [P], s[STARTED]
--------[test][2], node[iMrqAb_7RzOiI6A65zlD4g], [P], s[STARTED]
---- unassigned

[2014-02-18 15:36:53,421][DEBUG][cluster.service          ] [node_1] publishing cluster state version 28
[2014-02-18 15:36:53,422][DEBUG][cluster.service          ] [node_2] processing [zen-disco-receive(from master [[node_1][5y0yKnIhT0SpXiXfsH5mrg][Bills-MacBook-Pro.local][inet[/10.1.10.75:9304]]])]: execute
[2014-02-18 15:36:53,422][DEBUG][cluster.service          ] [node_3] processing [zen-disco-receive(from master [[node_1][5y0yKnIhT0SpXiXfsH5mrg][Bills-MacBook-Pro.local][inet[/10.1.10.75:9304]]])]: execute
[2014-02-18 15:36:53,422][DEBUG][cluster.service          ] [node_4] processing [zen-disco-receive(from master [[node_1][5y0yKnIhT0SpXiXfsH5mrg][Bills-MacBook-Pro.local][inet[/10.1.10.75:9304]]])]: execute
[2014-02-18 15:36:53,422][TRACE][cluster.service          ] [node_3] cluster state updated:
version [28], source [zen-disco-receive(from master [[node_1][5y0yKnIhT0SpXiXfsH5mrg][Bills-MacBook-Pro.local][inet[/10.1.10.75:9304]]])]
nodes: 
   [node_1][5y0yKnIhT0SpXiXfsH5mrg][Bills-MacBook-Pro.local][inet[/10.1.10.75:9304]], master
   [node_3][EWKzYWueR6KVbCvedt0u3w][Bills-MacBook-Pro.local][inet[/10.1.10.75:9306]], local
   [node_4][yFC7Udo4Rmujjh6IVKH0mA][Bills-MacBook-Pro.local][inet[/10.1.10.75:9307]]
   [node_2][iMrqAb_7RzOiI6A65zlD4g][Bills-MacBook-Pro.local][inet[/10.1.10.75:9305]]
routing_table:
-- index [test]
----shard_id [test][4]
--------[test][4], node[5y0yKnIhT0SpXiXfsH5mrg], [P], s[STARTED]
--------[test][4], node[EWKzYWueR6KVbCvedt0u3w], [R], s[INITIALIZING]
----shard_id [test][0]
--------[test][0], node[EWKzYWueR6KVbCvedt0u3w], [R], s[STARTED]
--------[test][0], node[iMrqAb_7RzOiI6A65zlD4g], [P], s[STARTED]
----shard_id [test][3]
--------[test][3], node[yFC7Udo4Rmujjh6IVKH0mA], [R], s[INITIALIZING]
--------[test][3], node[5y0yKnIhT0SpXiXfsH5mrg], [P], s[STARTED]
----shard_id [test][1]
--------[test][1], node[yFC7Udo4Rmujjh6IVKH0mA], [R], s[STARTED]
--------[test][1], node[EWKzYWueR6KVbCvedt0u3w], [P], s[STARTED]
----shard_id [test][2]
--------[test][2], node[yFC7Udo4Rmujjh6IVKH0mA], [R], s[STARTED]
--------[test][2], node[iMrqAb_7RzOiI6A65zlD4g], [P], s[STARTED]

routing_nodes:
-----node_id[yFC7Udo4Rmujjh6IVKH0mA][V]
--------[test][3], node[yFC7Udo4Rmujjh6IVKH0mA], [R], s[INITIALIZING]
--------[test][1], node[yFC7Udo4Rmujjh6IVKH0mA], [R], s[STARTED]
--------[test][2], node[yFC7Udo4Rmujjh6IVKH0mA], [R], s[STARTED]
-----node_id[5y0yKnIhT0SpXiXfsH5mrg][V]
--------[test][4], node[5y0yKnIhT0SpXiXfsH5mrg], [P], s[STARTED]
--------[test][3], node[5y0yKnIhT0SpXiXfsH5mrg], [P], s[STARTED]
-----node_id[EWKzYWueR6KVbCvedt0u3w][V]
--------[test][4], node[EWKzYWueR6KVbCvedt0u3w], [R], s[INITIALIZING]
--------[test][0], node[EWKzYWueR6KVbCvedt0u3w], [R], s[STARTED]
--------[test][1], node[EWKzYWueR6KVbCvedt0u3w], [P], s[STARTED]
-----node_id[iMrqAb_7RzOiI6A65zlD4g][V]
--------[test][0], node[iMrqAb_7RzOiI6A65zlD4g], [P], s[STARTED]
--------[test][2], node[iMrqAb_7RzOiI6A65zlD4g], [P], s[STARTED]
---- unassigned

[2014-02-18 15:36:53,422][TRACE][cluster.service          ] [node_2] cluster state updated:
version [28], source [zen-disco-receive(from master [[node_1][5y0yKnIhT0SpXiXfsH5mrg][Bills-MacBook-Pro.local][inet[/10.1.10.75:9304]]])]
nodes: 
   [node_1][5y0yKnIhT0SpXiXfsH5mrg][Bills-MacBook-Pro.local][inet[/10.1.10.75:9304]], master
   [node_3][EWKzYWueR6KVbCvedt0u3w][Bills-MacBook-Pro.local][inet[/10.1.10.75:9306]]
   [node_4][yFC7Udo4Rmujjh6IVKH0mA][Bills-MacBook-Pro.local][inet[/10.1.10.75:9307]]
   [node_2][iMrqAb_7RzOiI6A65zlD4g][Bills-MacBook-Pro.local][inet[/10.1.10.75:9305]], local
routing_table:
-- index [test]
----shard_id [test][4]
--------[test][4], node[5y0yKnIhT0SpXiXfsH5mrg], [P], s[STARTED]
--------[test][4], node[EWKzYWueR6KVbCvedt0u3w], [R], s[INITIALIZING]
----shard_id [test][0]
--------[test][0], node[EWKzYWueR6KVbCvedt0u3w], [R], s[STARTED]
--------[test][0], node[iMrqAb_7RzOiI6A65zlD4g], [P], s[STARTED]
----shard_id [test][3]
--------[test][3], node[yFC7Udo4Rmujjh6IVKH0mA], [R], s[INITIALIZING]
--------[test][3], node[5y0yKnIhT0SpXiXfsH5mrg], [P], s[STARTED]
----shard_id [test][1]
--------[test][1], node[yFC7Udo4Rmujjh6IVKH0mA], [R], s[STARTED]
--------[test][1], node[EWKzYWueR6KVbCvedt0u3w], [P], s[STARTED]
----shard_id [test][2]
--------[test][2], node[yFC7Udo4Rmujjh6IVKH0mA], [R], s[STARTED]
--------[test][2], node[iMrqAb_7RzOiI6A65zlD4g], [P], s[STARTED]

routing_nodes:
-----node_id[yFC7Udo4Rmujjh6IVKH0mA][V]
--------[test][3], node[yFC7Udo4Rmujjh6IVKH0mA], [R], s[INITIALIZING]
--------[test][1], node[yFC7Udo4Rmujjh6IVKH0mA], [R], s[STARTED]
--------[test][2], node[yFC7Udo4Rmujjh6IVKH0mA], [R], s[STARTED]
-----node_id[5y0yKnIhT0SpXiXfsH5mrg][V]
--------[test][4], node[5y0yKnIhT0SpXiXfsH5mrg], [P], s[STARTED]
--------[test][3], node[5y0yKnIhT0SpXiXfsH5mrg], [P], s[STARTED]
-----node_id[EWKzYWueR6KVbCvedt0u3w][V]
--------[test][4], node[EWKzYWueR6KVbCvedt0u3w], [R], s[INITIALIZING]
--------[test][0], node[EWKzYWueR6KVbCvedt0u3w], [R], s[STARTED]
--------[test][1], node[EWKzYWueR6KVbCvedt0u3w], [P], s[STARTED]
-----node_id[iMrqAb_7RzOiI6A65zlD4g][V]
--------[test][0], node[iMrqAb_7RzOiI6A65zlD4g], [P], s[STARTED]
--------[test][2], node[iMrqAb_7RzOiI6A65zlD4g], [P], s[STARTED]
---- unassigned

[2014-02-18 15:36:53,423][DEBUG][cluster.service          ] [node_3] set local cluster state to version 28
[2014-02-18 15:36:53,423][TRACE][cluster.service          ] [node_4] cluster state updated:
version [28], source [zen-disco-receive(from master [[node_1][5y0yKnIhT0SpXiXfsH5mrg][Bills-MacBook-Pro.local][inet[/10.1.10.75:9304]]])]
nodes: 
   [node_1][5y0yKnIhT0SpXiXfsH5mrg][Bills-MacBook-Pro.local][inet[/10.1.10.75:9304]], master
   [node_3][EWKzYWueR6KVbCvedt0u3w][Bills-MacBook-Pro.local][inet[/10.1.10.75:9306]]
   [node_4][yFC7Udo4Rmujjh6IVKH0mA][Bills-MacBook-Pro.local][inet[/10.1.10.75:9307]], local
   [node_2][iMrqAb_7RzOiI6A65zlD4g][Bills-MacBook-Pro.local][inet[/10.1.10.75:9305]]
routing_table:
-- index [test]
----shard_id [test][4]
--------[test][4], node[5y0yKnIhT0SpXiXfsH5mrg], [P], s[STARTED]
--------[test][4], node[EWKzYWueR6KVbCvedt0u3w], [R], s[INITIALIZING]
----shard_id [test][0]
--------[test][0], node[EWKzYWueR6KVbCvedt0u3w], [R], s[STARTED]
--------[test][0], node[iMrqAb_7RzOiI6A65zlD4g], [P], s[STARTED]
----shard_id [test][3]
--------[test][3], node[yFC7Udo4Rmujjh6IVKH0mA], [R], s[INITIALIZING]
--------[test][3], node[5y0yKnIhT0SpXiXfsH5mrg], [P], s[STARTED]
----shard_id [test][1]
--------[test][1], node[yFC7Udo4Rmujjh6IVKH0mA], [R], s[STARTED]
--------[test][1], node[EWKzYWueR6KVbCvedt0u3w], [P], s[STARTED]
----shard_id [test][2]
--------[test][2], node[yFC7Udo4Rmujjh6IVKH0mA], [R], s[STARTED]
--------[test][2], node[iMrqAb_7RzOiI6A65zlD4g], [P], s[STARTED]

routing_nodes:
-----node_id[yFC7Udo4Rmujjh6IVKH0mA][V]
--------[test][3], node[yFC7Udo4Rmujjh6IVKH0mA], [R], s[INITIALIZING]
--------[test][1], node[yFC7Udo4Rmujjh6IVKH0mA], [R], s[STARTED]
--------[test][2], node[yFC7Udo4Rmujjh6IVKH0mA], [R], s[STARTED]
-----node_id[5y0yKnIhT0SpXiXfsH5mrg][V]
--------[test][4], node[5y0yKnIhT0SpXiXfsH5mrg], [P], s[STARTED]
--------[test][3], node[5y0yKnIhT0SpXiXfsH5mrg], [P], s[STARTED]
-----node_id[EWKzYWueR6KVbCvedt0u3w][V]
--------[test][4], node[EWKzYWueR6KVbCvedt0u3w], [R], s[INITIALIZING]
--------[test][0], node[EWKzYWueR6KVbCvedt0u3w], [R], s[STARTED]
--------[test][1], node[EWKzYWueR6KVbCvedt0u3w], [P], s[STARTED]
-----node_id[iMrqAb_7RzOiI6A65zlD4g][V]
--------[test][0], node[iMrqAb_7RzOiI6A65zlD4g], [P], s[STARTED]
--------[test][2], node[iMrqAb_7RzOiI6A65zlD4g], [P], s[STARTED]
---- unassigned

[2014-02-18 15:36:53,423][DEBUG][indices.cluster          ] [node_3] [test][4] creating shard
[2014-02-18 15:36:53,423][DEBUG][cluster.service          ] [node_2] set local cluster state to version 28
[2014-02-18 15:36:53,423][DEBUG][cluster.service          ] [node_4] set local cluster state to version 28
[2014-02-18 15:36:53,424][DEBUG][indices.cluster          ] [node_4] [test][3] creating shard
[2014-02-18 15:36:53,424][DEBUG][cluster.service          ] [node_2] processing [zen-disco-receive(from master [[node_1][5y0yKnIhT0SpXiXfsH5mrg][Bills-MacBook-Pro.local][inet[/10.1.10.75:9304]]])]: done applying updated cluster_state (version: 28)
[2014-02-18 15:36:53,428][DEBUG][cluster.service          ] [node_3] processing [zen-disco-receive(from master [[node_1][5y0yKnIhT0SpXiXfsH5mrg][Bills-MacBook-Pro.local][inet[/10.1.10.75:9304]]])]: done applying updated cluster_state (version: 28)
[2014-02-18 15:36:53,429][DEBUG][cluster.service          ] [node_4] processing [zen-disco-receive(from master [[node_1][5y0yKnIhT0SpXiXfsH5mrg][Bills-MacBook-Pro.local][inet[/10.1.10.75:9304]]])]: done applying updated cluster_state (version: 28)
[2014-02-18 15:36:53,429][DEBUG][cluster.service          ] [node_1] set local cluster state to version 28
[2014-02-18 15:36:53,430][DEBUG][cluster.service          ] [node_1] processing [routing-table-updater]: done applying updated cluster_state (version: 28)
[2014-02-18 15:36:53,430][DEBUG][cluster.service          ] [node_1] processing [cluster_health (wait_for_events [LANGUID])]: execute
[2014-02-18 15:36:53,431][DEBUG][cluster.service          ] [node_1] processing [cluster_health (wait_for_events [LANGUID])]: no change in cluster_state
[2014-02-18 15:36:53,469][WARN ][discovery.zen.ping.multicast] [node_4] failed to receive packet, throttling...
java.net.SocketException: Socket closed
	at java.net.PlainDatagramSocketImpl.peekData(Native Method)
	at java.net.DatagramSocket.receive(DatagramSocket.java:726)
	at org.elasticsearch.discovery.zen.ping.multicast.MulticastZenPing$Receiver.run(MulticastZenPing.java:366)
	at java.lang.Thread.run(Thread.java:744)
[2014-02-18 15:36:53,568][DEBUG][cluster.service          ] [node_1] processing [shard-started ([test][4], node[EWKzYWueR6KVbCvedt0u3w], [R], s[INITIALIZING]), reason [after recovery (replica) from node [[node_1][5y0yKnIhT0SpXiXfsH5mrg][Bills-MacBook-Pro.local][inet[/10.1.10.75:9304]]]]]: execute
[2014-02-18 15:36:53,569][TRACE][cluster.service          ] [node_1] cluster state updated:
version [29], source [shard-started ([test][4], node[EWKzYWueR6KVbCvedt0u3w], [R], s[INITIALIZING]), reason [after recovery (replica) from node [[node_1][5y0yKnIhT0SpXiXfsH5mrg][Bills-MacBook-Pro.local][inet[/10.1.10.75:9304]]]]]
nodes: 
   [node_1][5y0yKnIhT0SpXiXfsH5mrg][Bills-MacBook-Pro.local][inet[/10.1.10.75:9304]], local, master
   [node_3][EWKzYWueR6KVbCvedt0u3w][Bills-MacBook-Pro.local][inet[/10.1.10.75:9306]]
   [node_4][yFC7Udo4Rmujjh6IVKH0mA][Bills-MacBook-Pro.local][inet[/10.1.10.75:9307]]
   [node_2][iMrqAb_7RzOiI6A65zlD4g][Bills-MacBook-Pro.local][inet[/10.1.10.75:9305]]
routing_table:
-- index [test]
----shard_id [test][4]
--------[test][4], node[5y0yKnIhT0SpXiXfsH5mrg], [P], s[STARTED]
--------[test][4], node[EWKzYWueR6KVbCvedt0u3w], [R], s[STARTED]
----shard_id [test][0]
--------[test][0], node[EWKzYWueR6KVbCvedt0u3w], [R], s[STARTED]
--------[test][0], node[iMrqAb_7RzOiI6A65zlD4g], [P], s[STARTED]
----shard_id [test][3]
--------[test][3], node[yFC7Udo4Rmujjh6IVKH0mA], [R], s[INITIALIZING]
--------[test][3], node[5y0yKnIhT0SpXiXfsH5mrg], [P], s[STARTED]
----shard_id [test][1]
--------[test][1], node[yFC7Udo4Rmujjh6IVKH0mA], [R], s[STARTED]
--------[test][1], node[EWKzYWueR6KVbCvedt0u3w], [P], s[STARTED]
----shard_id [test][2]
--------[test][2], node[yFC7Udo4Rmujjh6IVKH0mA], [R], s[STARTED]
--------[test][2], node[iMrqAb_7RzOiI6A65zlD4g], [P], s[STARTED]

routing_nodes:
-----node_id[yFC7Udo4Rmujjh6IVKH0mA][V]
--------[test][3], node[yFC7Udo4Rmujjh6IVKH0mA], [R], s[INITIALIZING]
--------[test][1], node[yFC7Udo4Rmujjh6IVKH0mA], [R], s[STARTED]
--------[test][2], node[yFC7Udo4Rmujjh6IVKH0mA], [R], s[STARTED]
-----node_id[5y0yKnIhT0SpXiXfsH5mrg][V]
--------[test][4], node[5y0yKnIhT0SpXiXfsH5mrg], [P], s[STARTED]
--------[test][3], node[5y0yKnIhT0SpXiXfsH5mrg], [P], s[STARTED]
-----node_id[EWKzYWueR6KVbCvedt0u3w][V]
--------[test][4], node[EWKzYWueR6KVbCvedt0u3w], [R], s[STARTED]
--------[test][0], node[EWKzYWueR6KVbCvedt0u3w], [R], s[STARTED]
--------[test][1], node[EWKzYWueR6KVbCvedt0u3w], [P], s[STARTED]
-----node_id[iMrqAb_7RzOiI6A65zlD4g][V]
--------[test][0], node[iMrqAb_7RzOiI6A65zlD4g], [P], s[STARTED]
--------[test][2], node[iMrqAb_7RzOiI6A65zlD4g], [P], s[STARTED]
---- unassigned

[2014-02-18 15:36:53,570][DEBUG][cluster.service          ] [node_1] publishing cluster state version 29
[2014-02-18 15:36:53,571][DEBUG][cluster.service          ] [node_3] processing [zen-disco-receive(from master [[node_1][5y0yKnIhT0SpXiXfsH5mrg][Bills-MacBook-Pro.local][inet[/10.1.10.75:9304]]])]: execute
[2014-02-18 15:36:53,572][DEBUG][cluster.service          ] [node_2] processing [zen-disco-receive(from master [[node_1][5y0yKnIhT0SpXiXfsH5mrg][Bills-MacBook-Pro.local][inet[/10.1.10.75:9304]]])]: execute
[2014-02-18 15:36:53,572][TRACE][cluster.service          ] [node_2] cluster state updated:
version [29], source [zen-disco-receive(from master [[node_1][5y0yKnIhT0SpXiXfsH5mrg][Bills-MacBook-Pro.local][inet[/10.1.10.75:9304]]])]
nodes: 
   [node_1][5y0yKnIhT0SpXiXfsH5mrg][Bills-MacBook-Pro.local][inet[/10.1.10.75:9304]], master
   [node_3][EWKzYWueR6KVbCvedt0u3w][Bills-MacBook-Pro.local][inet[/10.1.10.75:9306]]
   [node_4][yFC7Udo4Rmujjh6IVKH0mA][Bills-MacBook-Pro.local][inet[/10.1.10.75:9307]]
   [node_2][iMrqAb_7RzOiI6A65zlD4g][Bills-MacBook-Pro.local][inet[/10.1.10.75:9305]], local
routing_table:
-- index [test]
----shard_id [test][4]
--------[test][4], node[5y0yKnIhT0SpXiXfsH5mrg], [P], s[STARTED]
--------[test][4], node[EWKzYWueR6KVbCvedt0u3w], [R], s[STARTED]
----shard_id [test][0]
--------[test][0], node[EWKzYWueR6KVbCvedt0u3w], [R], s[STARTED]
--------[test][0], node[iMrqAb_7RzOiI6A65zlD4g], [P], s[STARTED]
----shard_id [test][3]
--------[test][3], node[yFC7Udo4Rmujjh6IVKH0mA], [R], s[INITIALIZING]
--------[test][3], node[5y0yKnIhT0SpXiXfsH5mrg], [P], s[STARTED]
----shard_id [test][1]
--------[test][1], node[yFC7Udo4Rmujjh6IVKH0mA], [R], s[STARTED]
--------[test][1], node[EWKzYWueR6KVbCvedt0u3w], [P], s[STARTED]
----shard_id [test][2]
--------[test][2], node[yFC7Udo4Rmujjh6IVKH0mA], [R], s[STARTED]
--------[test][2], node[iMrqAb_7RzOiI6A65zlD4g], [P], s[STARTED]

routing_nodes:
-----node_id[yFC7Udo4Rmujjh6IVKH0mA][V]
--------[test][3], node[yFC7Udo4Rmujjh6IVKH0mA], [R], s[INITIALIZING]
--------[test][1], node[yFC7Udo4Rmujjh6IVKH0mA], [R], s[STARTED]
--------[test][2], node[yFC7Udo4Rmujjh6IVKH0mA], [R], s[STARTED]
-----node_id[5y0yKnIhT0SpXiXfsH5mrg][V]
--------[test][4], node[5y0yKnIhT0SpXiXfsH5mrg], [P], s[STARTED]
--------[test][3], node[5y0yKnIhT0SpXiXfsH5mrg], [P], s[STARTED]
-----node_id[EWKzYWueR6KVbCvedt0u3w][V]
--------[test][4], node[EWKzYWueR6KVbCvedt0u3w], [R], s[STARTED]
--------[test][0], node[EWKzYWueR6KVbCvedt0u3w], [R], s[STARTED]
--------[test][1], node[EWKzYWueR6KVbCvedt0u3w], [P], s[STARTED]
-----node_id[iMrqAb_7RzOiI6A65zlD4g][V]
--------[test][0], node[iMrqAb_7RzOiI6A65zlD4g], [P], s[STARTED]
--------[test][2], node[iMrqAb_7RzOiI6A65zlD4g], [P], s[STARTED]
---- unassigned

[2014-02-18 15:36:53,572][DEBUG][cluster.service          ] [node_2] set local cluster state to version 29
[2014-02-18 15:36:53,573][DEBUG][cluster.service          ] [node_2] processing [zen-disco-receive(from master [[node_1][5y0yKnIhT0SpXiXfsH5mrg][Bills-MacBook-Pro.local][inet[/10.1.10.75:9304]]])]: done applying updated cluster_state (version: 29)
[2014-02-18 15:36:53,571][DEBUG][cluster.service          ] [node_4] processing [zen-disco-receive(from master [[node_1][5y0yKnIhT0SpXiXfsH5mrg][Bills-MacBook-Pro.local][inet[/10.1.10.75:9304]]])]: execute
[2014-02-18 15:36:53,574][TRACE][cluster.service          ] [node_4] cluster state updated:
version [29], source [zen-disco-receive(from master [[node_1][5y0yKnIhT0SpXiXfsH5mrg][Bills-MacBook-Pro.local][inet[/10.1.10.75:9304]]])]
nodes: 
   [node_1][5y0yKnIhT0SpXiXfsH5mrg][Bills-MacBook-Pro.local][inet[/10.1.10.75:9304]], master
   [node_3][EWKzYWueR6KVbCvedt0u3w][Bills-MacBook-Pro.local][inet[/10.1.10.75:9306]]
   [node_4][yFC7Udo4Rmujjh6IVKH0mA][Bills-MacBook-Pro.local][inet[/10.1.10.75:9307]], local
   [node_2][iMrqAb_7RzOiI6A65zlD4g][Bills-MacBook-Pro.local][inet[/10.1.10.75:9305]]
routing_table:
-- index [test]
----shard_id [test][4]
--------[test][4], node[5y0yKnIhT0SpXiXfsH5mrg], [P], s[STARTED]
--------[test][4], node[EWKzYWueR6KVbCvedt0u3w], [R], s[STARTED]
----shard_id [test][0]
--------[test][0], node[EWKzYWueR6KVbCvedt0u3w], [R], s[STARTED]
--------[test][0], node[iMrqAb_7RzOiI6A65zlD4g], [P], s[STARTED]
----shard_id [test][3]
--------[test][3], node[yFC7Udo4Rmujjh6IVKH0mA], [R], s[INITIALIZING]
--------[test][3], node[5y0yKnIhT0SpXiXfsH5mrg], [P], s[STARTED]
----shard_id [test][1]
--------[test][1], node[yFC7Udo4Rmujjh6IVKH0mA], [R], s[STARTED]
--------[test][1], node[EWKzYWueR6KVbCvedt0u3w], [P], s[STARTED]
----shard_id [test][2]
--------[test][2], node[yFC7Udo4Rmujjh6IVKH0mA], [R], s[STARTED]
--------[test][2], node[iMrqAb_7RzOiI6A65zlD4g], [P], s[STARTED]

routing_nodes:
-----node_id[yFC7Udo4Rmujjh6IVKH0mA][V]
--------[test][3], node[yFC7Udo4Rmujjh6IVKH0mA], [R], s[INITIALIZING]
--------[test][1], node[yFC7Udo4Rmujjh6IVKH0mA], [R], s[STARTED]
--------[test][2], node[yFC7Udo4Rmujjh6IVKH0mA], [R], s[STARTED]
-----node_id[5y0yKnIhT0SpXiXfsH5mrg][V]
--------[test][4], node[5y0yKnIhT0SpXiXfsH5mrg], [P], s[STARTED]
--------[test][3], node[5y0yKnIhT0SpXiXfsH5mrg], [P], s[STARTED]
-----node_id[EWKzYWueR6KVbCvedt0u3w][V]
--------[test][4], node[EWKzYWueR6KVbCvedt0u3w], [R], s[STARTED]
--------[test][0], node[EWKzYWueR6KVbCvedt0u3w], [R], s[STARTED]
--------[test][1], node[EWKzYWueR6KVbCvedt0u3w], [P], s[STARTED]
-----node_id[iMrqAb_7RzOiI6A65zlD4g][V]
--------[test][0], node[iMrqAb_7RzOiI6A65zlD4g], [P], s[STARTED]
--------[test][2], node[iMrqAb_7RzOiI6A65zlD4g], [P], s[STARTED]
---- unassigned

[2014-02-18 15:36:53,574][DEBUG][cluster.service          ] [node_4] set local cluster state to version 29
[2014-02-18 15:36:53,572][TRACE][cluster.service          ] [node_3] cluster state updated:
version [29], source [zen-disco-receive(from master [[node_1][5y0yKnIhT0SpXiXfsH5mrg][Bills-MacBook-Pro.local][inet[/10.1.10.75:9304]]])]
nodes: 
   [node_1][5y0yKnIhT0SpXiXfsH5mrg][Bills-MacBook-Pro.local][inet[/10.1.10.75:9304]], master
   [node_3][EWKzYWueR6KVbCvedt0u3w][Bills-MacBook-Pro.local][inet[/10.1.10.75:9306]], local
   [node_4][yFC7Udo4Rmujjh6IVKH0mA][Bills-MacBook-Pro.local][inet[/10.1.10.75:9307]]
   [node_2][iMrqAb_7RzOiI6A65zlD4g][Bills-MacBook-Pro.local][inet[/10.1.10.75:9305]]
routing_table:
-- index [test]
----shard_id [test][4]
--------[test][4], node[5y0yKnIhT0SpXiXfsH5mrg], [P], s[STARTED]
--------[test][4], node[EWKzYWueR6KVbCvedt0u3w], [R], s[STARTED]
----shard_id [test][0]
--------[test][0], node[EWKzYWueR6KVbCvedt0u3w], [R], s[STARTED]
--------[test][0], node[iMrqAb_7RzOiI6A65zlD4g], [P], s[STARTED]
----shard_id [test][3]
--------[test][3], node[yFC7Udo4Rmujjh6IVKH0mA], [R], s[INITIALIZING]
--------[test][3], node[5y0yKnIhT0SpXiXfsH5mrg], [P], s[STARTED]
----shard_id [test][1]
--------[test][1], node[yFC7Udo4Rmujjh6IVKH0mA], [R], s[STARTED]
--------[test][1], node[EWKzYWueR6KVbCvedt0u3w], [P], s[STARTED]
----shard_id [test][2]
--------[test][2], node[yFC7Udo4Rmujjh6IVKH0mA], [R], s[STARTED]
--------[test][2], node[iMrqAb_7RzOiI6A65zlD4g], [P], s[STARTED]

routing_nodes:
-----node_id[yFC7Udo4Rmujjh6IVKH0mA][V]
--------[test][3], node[yFC7Udo4Rmujjh6IVKH0mA], [R], s[INITIALIZING]
--------[test][1], node[yFC7Udo4Rmujjh6IVKH0mA], [R], s[STARTED]
--------[test][2], node[yFC7Udo4Rmujjh6IVKH0mA], [R], s[STARTED]
-----node_id[5y0yKnIhT0SpXiXfsH5mrg][V]
--------[test][4], node[5y0yKnIhT0SpXiXfsH5mrg], [P], s[STARTED]
--------[test][3], node[5y0yKnIhT0SpXiXfsH5mrg], [P], s[STARTED]
-----node_id[EWKzYWueR6KVbCvedt0u3w][V]
--------[test][4], node[EWKzYWueR6KVbCvedt0u3w], [R], s[STARTED]
--------[test][0], node[EWKzYWueR6KVbCvedt0u3w], [R], s[STARTED]
--------[test][1], node[EWKzYWueR6KVbCvedt0u3w], [P], s[STARTED]
-----node_id[iMrqAb_7RzOiI6A65zlD4g][V]
--------[test][0], node[iMrqAb_7RzOiI6A65zlD4g], [P], s[STARTED]
--------[test][2], node[iMrqAb_7RzOiI6A65zlD4g], [P], s[STARTED]
---- unassigned

[2014-02-18 15:36:53,575][DEBUG][cluster.service          ] [node_3] set local cluster state to version 29
[2014-02-18 15:36:53,575][DEBUG][cluster.service          ] [node_4] processing [zen-disco-receive(from master [[node_1][5y0yKnIhT0SpXiXfsH5mrg][Bills-MacBook-Pro.local][inet[/10.1.10.75:9304]]])]: done applying updated cluster_state (version: 29)
[2014-02-18 15:36:53,575][DEBUG][cluster.service          ] [node_3] processing [zen-disco-receive(from master [[node_1][5y0yKnIhT0SpXiXfsH5mrg][Bills-MacBook-Pro.local][inet[/10.1.10.75:9304]]])]: done applying updated cluster_state (version: 29)
[2014-02-18 15:36:53,576][DEBUG][cluster.service          ] [node_1] set local cluster state to version 29
[2014-02-18 15:36:53,576][DEBUG][cluster.service          ] [node_1] processing [shard-started ([test][4], node[EWKzYWueR6KVbCvedt0u3w], [R], s[INITIALIZING]), reason [after recovery (replica) from node [[node_1][5y0yKnIhT0SpXiXfsH5mrg][Bills-MacBook-Pro.local][inet[/10.1.10.75:9304]]]]]: done applying updated cluster_state (version: 29)
[2014-02-18 15:36:53,585][DEBUG][cluster.service          ] [node_1] processing [shard-started ([test][3], node[yFC7Udo4Rmujjh6IVKH0mA], [R], s[INITIALIZING]), reason [after recovery (replica) from node [[node_1][5y0yKnIhT0SpXiXfsH5mrg][Bills-MacBook-Pro.local][inet[/10.1.10.75:9304]]]]]: execute
[2014-02-18 15:36:53,586][TRACE][cluster.service          ] [node_1] cluster state updated:
version [30], source [shard-started ([test][3], node[yFC7Udo4Rmujjh6IVKH0mA], [R], s[INITIALIZING]), reason [after recovery (replica) from node [[node_1][5y0yKnIhT0SpXiXfsH5mrg][Bills-MacBook-Pro.local][inet[/10.1.10.75:9304]]]]]
nodes: 
   [node_1][5y0yKnIhT0SpXiXfsH5mrg][Bills-MacBook-Pro.local][inet[/10.1.10.75:9304]], local, master
   [node_3][EWKzYWueR6KVbCvedt0u3w][Bills-MacBook-Pro.local][inet[/10.1.10.75:9306]]
   [node_4][yFC7Udo4Rmujjh6IVKH0mA][Bills-MacBook-Pro.local][inet[/10.1.10.75:9307]]
   [node_2][iMrqAb_7RzOiI6A65zlD4g][Bills-MacBook-Pro.local][inet[/10.1.10.75:9305]]
routing_table:
-- index [test]
----shard_id [test][4]
--------[test][4], node[5y0yKnIhT0SpXiXfsH5mrg], [P], s[STARTED]
--------[test][4], node[EWKzYWueR6KVbCvedt0u3w], [R], s[STARTED]
----shard_id [test][0]
--------[test][0], node[EWKzYWueR6KVbCvedt0u3w], [R], s[STARTED]
--------[test][0], node[iMrqAb_7RzOiI6A65zlD4g], [P], s[STARTED]
----shard_id [test][3]
--------[test][3], node[yFC7Udo4Rmujjh6IVKH0mA], [R], s[STARTED]
--------[test][3], node[5y0yKnIhT0SpXiXfsH5mrg], [P], s[STARTED]
----shard_id [test][1]
--------[test][1], node[yFC7Udo4Rmujjh6IVKH0mA], [R], s[STARTED]
--------[test][1], node[EWKzYWueR6KVbCvedt0u3w], [P], s[STARTED]
----shard_id [test][2]
--------[test][2], node[yFC7Udo4Rmujjh6IVKH0mA], [R], s[STARTED]
--------[test][2], node[iMrqAb_7RzOiI6A65zlD4g], [P], s[STARTED]

routing_nodes:
-----node_id[yFC7Udo4Rmujjh6IVKH0mA][V]
--------[test][3], node[yFC7Udo4Rmujjh6IVKH0mA], [R], s[STARTED]
--------[test][1], node[yFC7Udo4Rmujjh6IVKH0mA], [R], s[STARTED]
--------[test][2], node[yFC7Udo4Rmujjh6IVKH0mA], [R], s[STARTED]
-----node_id[5y0yKnIhT0SpXiXfsH5mrg][V]
--------[test][4], node[5y0yKnIhT0SpXiXfsH5mrg], [P], s[STARTED]
--------[test][3], node[5y0yKnIhT0SpXiXfsH5mrg], [P], s[STARTED]
-----node_id[EWKzYWueR6KVbCvedt0u3w][V]
--------[test][4], node[EWKzYWueR6KVbCvedt0u3w], [R], s[STARTED]
--------[test][0], node[EWKzYWueR6KVbCvedt0u3w], [R], s[STARTED]
--------[test][1], node[EWKzYWueR6KVbCvedt0u3w], [P], s[STARTED]
-----node_id[iMrqAb_7RzOiI6A65zlD4g][V]
--------[test][0], node[iMrqAb_7RzOiI6A65zlD4g], [P], s[STARTED]
--------[test][2], node[iMrqAb_7RzOiI6A65zlD4g], [P], s[STARTED]
---- unassigned

[2014-02-18 15:36:53,587][DEBUG][cluster.service          ] [node_1] publishing cluster state version 30
[2014-02-18 15:36:53,589][DEBUG][cluster.service          ] [node_4] processing [zen-disco-receive(from master [[node_1][5y0yKnIhT0SpXiXfsH5mrg][Bills-MacBook-Pro.local][inet[/10.1.10.75:9304]]])]: execute
[2014-02-18 15:36:53,589][DEBUG][cluster.service          ] [node_2] processing [zen-disco-receive(from master [[node_1][5y0yKnIhT0SpXiXfsH5mrg][Bills-MacBook-Pro.local][inet[/10.1.10.75:9304]]])]: execute
[2014-02-18 15:36:53,589][DEBUG][cluster.service          ] [node_3] processing [zen-disco-receive(from master [[node_1][5y0yKnIhT0SpXiXfsH5mrg][Bills-MacBook-Pro.local][inet[/10.1.10.75:9304]]])]: execute
[2014-02-18 15:36:53,590][TRACE][cluster.service          ] [node_3] cluster state updated:
version [30], source [zen-disco-receive(from master [[node_1][5y0yKnIhT0SpXiXfsH5mrg][Bills-MacBook-Pro.local][inet[/10.1.10.75:9304]]])]
nodes: 
   [node_1][5y0yKnIhT0SpXiXfsH5mrg][Bills-MacBook-Pro.local][inet[/10.1.10.75:9304]], master
   [node_3][EWKzYWueR6KVbCvedt0u3w][Bills-MacBook-Pro.local][inet[/10.1.10.75:9306]], local
   [node_4][yFC7Udo4Rmujjh6IVKH0mA][Bills-MacBook-Pro.local][inet[/10.1.10.75:9307]]
   [node_2][iMrqAb_7RzOiI6A65zlD4g][Bills-MacBook-Pro.local][inet[/10.1.10.75:9305]]
routing_table:
-- index [test]
----shard_id [test][4]
--------[test][4], node[5y0yKnIhT0SpXiXfsH5mrg], [P], s[STARTED]
--------[test][4], node[EWKzYWueR6KVbCvedt0u3w], [R], s[STARTED]
----shard_id [test][0]
--------[test][0], node[EWKzYWueR6KVbCvedt0u3w], [R], s[STARTED]
--------[test][0], node[iMrqAb_7RzOiI6A65zlD4g], [P], s[STARTED]
----shard_id [test][3]
--------[test][3], node[yFC7Udo4Rmujjh6IVKH0mA], [R], s[STARTED]
--------[test][3], node[5y0yKnIhT0SpXiXfsH5mrg], [P], s[STARTED]
----shard_id [test][1]
--------[test][1], node[yFC7Udo4Rmujjh6IVKH0mA], [R], s[STARTED]
--------[test][1], node[EWKzYWueR6KVbCvedt0u3w], [P], s[STARTED]
----shard_id [test][2]
--------[test][2], node[yFC7Udo4Rmujjh6IVKH0mA], [R], s[STARTED]
--------[test][2], node[iMrqAb_7RzOiI6A65zlD4g], [P], s[STARTED]

routing_nodes:
-----node_id[yFC7Udo4Rmujjh6IVKH0mA][V]
--------[test][3], node[yFC7Udo4Rmujjh6IVKH0mA], [R], s[STARTED]
--------[test][1], node[yFC7Udo4Rmujjh6IVKH0mA], [R], s[STARTED]
--------[test][2], node[yFC7Udo4Rmujjh6IVKH0mA], [R], s[STARTED]
-----node_id[5y0yKnIhT0SpXiXfsH5mrg][V]
--------[test][4], node[5y0yKnIhT0SpXiXfsH5mrg], [P], s[STARTED]
--------[test][3], node[5y0yKnIhT0SpXiXfsH5mrg], [P], s[STARTED]
-----node_id[EWKzYWueR6KVbCvedt0u3w][V]
--------[test][4], node[EWKzYWueR6KVbCvedt0u3w], [R], s[STARTED]
--------[test][0], node[EWKzYWueR6KVbCvedt0u3w], [R], s[STARTED]
--------[test][1], node[EWKzYWueR6KVbCvedt0u3w], [P], s[STARTED]
-----node_id[iMrqAb_7RzOiI6A65zlD4g][V]
--------[test][0], node[iMrqAb_7RzOiI6A65zlD4g], [P], s[STARTED]
--------[test][2], node[iMrqAb_7RzOiI6A65zlD4g], [P], s[STARTED]
---- unassigned

[2014-02-18 15:36:53,590][DEBUG][cluster.service          ] [node_3] set local cluster state to version 30
[2014-02-18 15:36:53,590][TRACE][cluster.service          ] [node_2] cluster state updated:
version [30], source [zen-disco-receive(from master [[node_1][5y0yKnIhT0SpXiXfsH5mrg][Bills-MacBook-Pro.local][inet[/10.1.10.75:9304]]])]
nodes: 
   [node_1][5y0yKnIhT0SpXiXfsH5mrg][Bills-MacBook-Pro.local][inet[/10.1.10.75:9304]], master
   [node_3][EWKzYWueR6KVbCvedt0u3w][Bills-MacBook-Pro.local][inet[/10.1.10.75:9306]]
   [node_4][yFC7Udo4Rmujjh6IVKH0mA][Bills-MacBook-Pro.local][inet[/10.1.10.75:9307]]
   [node_2][iMrqAb_7RzOiI6A65zlD4g][Bills-MacBook-Pro.local][inet[/10.1.10.75:9305]], local
routing_table:
-- index [test]
----shard_id [test][4]
--------[test][4], node[5y0yKnIhT0SpXiXfsH5mrg], [P], s[STARTED]
--------[test][4], node[EWKzYWueR6KVbCvedt0u3w], [R], s[STARTED]
----shard_id [test][0]
--------[test][0], node[EWKzYWueR6KVbCvedt0u3w], [R], s[STARTED]
--------[test][0], node[iMrqAb_7RzOiI6A65zlD4g], [P], s[STARTED]
----shard_id [test][3]
--------[test][3], node[yFC7Udo4Rmujjh6IVKH0mA], [R], s[STARTED]
--------[test][3], node[5y0yKnIhT0SpXiXfsH5mrg], [P], s[STARTED]
----shard_id [test][1]
--------[test][1], node[yFC7Udo4Rmujjh6IVKH0mA], [R], s[STARTED]
--------[test][1], node[EWKzYWueR6KVbCvedt0u3w], [P], s[STARTED]
----shard_id [test][2]
--------[test][2], node[yFC7Udo4Rmujjh6IVKH0mA], [R], s[STARTED]
--------[test][2], node[iMrqAb_7RzOiI6A65zlD4g], [P], s[STARTED]

routing_nodes:
-----node_id[yFC7Udo4Rmujjh6IVKH0mA][V]
--------[test][3], node[yFC7Udo4Rmujjh6IVKH0mA], [R], s[STARTED]
--------[test][1], node[yFC7Udo4Rmujjh6IVKH0mA], [R], s[STARTED]
--------[test][2], node[yFC7Udo4Rmujjh6IVKH0mA], [R], s[STARTED]
-----node_id[5y0yKnIhT0SpXiXfsH5mrg][V]
--------[test][4], node[5y0yKnIhT0SpXiXfsH5mrg], [P], s[STARTED]
--------[test][3], node[5y0yKnIhT0SpXiXfsH5mrg], [P], s[STARTED]
-----node_id[EWKzYWueR6KVbCvedt0u3w][V]
--------[test][4], node[EWKzYWueR6KVbCvedt0u3w], [R], s[STARTED]
--------[test][0], node[EWKzYWueR6KVbCvedt0u3w], [R], s[STARTED]
--------[test][1], node[EWKzYWueR6KVbCvedt0u3w], [P], s[STARTED]
-----node_id[iMrqAb_7RzOiI6A65zlD4g][V]
--------[test][0], node[iMrqAb_7RzOiI6A65zlD4g], [P], s[STARTED]
--------[test][2], node[iMrqAb_7RzOiI6A65zlD4g], [P], s[STARTED]
---- unassigned

[2014-02-18 15:36:53,591][DEBUG][cluster.service          ] [node_2] set local cluster state to version 30
[2014-02-18 15:36:53,589][TRACE][cluster.service          ] [node_4] cluster state updated:
version [30], source [zen-disco-receive(from master [[node_1][5y0yKnIhT0SpXiXfsH5mrg][Bills-MacBook-Pro.local][inet[/10.1.10.75:9304]]])]
nodes: 
   [node_1][5y0yKnIhT0SpXiXfsH5mrg][Bills-MacBook-Pro.local][inet[/10.1.10.75:9304]], master
   [node_3][EWKzYWueR6KVbCvedt0u3w][Bills-MacBook-Pro.local][inet[/10.1.10.75:9306]]
   [node_4][yFC7Udo4Rmujjh6IVKH0mA][Bills-MacBook-Pro.local][inet[/10.1.10.75:9307]], local
   [node_2][iMrqAb_7RzOiI6A65zlD4g][Bills-MacBook-Pro.local][inet[/10.1.10.75:9305]]
routing_table:
-- index [test]
----shard_id [test][4]
--------[test][4], node[5y0yKnIhT0SpXiXfsH5mrg], [P], s[STARTED]
--------[test][4], node[EWKzYWueR6KVbCvedt0u3w], [R], s[STARTED]
----shard_id [test][0]
--------[test][0], node[EWKzYWueR6KVbCvedt0u3w], [R], s[STARTED]
--------[test][0], node[iMrqAb_7RzOiI6A65zlD4g], [P], s[STARTED]
----shard_id [test][3]
--------[test][3], node[yFC7Udo4Rmujjh6IVKH0mA], [R], s[STARTED]
--------[test][3], node[5y0yKnIhT0SpXiXfsH5mrg], [P], s[STARTED]
----shard_id [test][1]
--------[test][1], node[yFC7Udo4Rmujjh6IVKH0mA], [R], s[STARTED]
--------[test][1], node[EWKzYWueR6KVbCvedt0u3w], [P], s[STARTED]
----shard_id [test][2]
--------[test][2], node[yFC7Udo4Rmujjh6IVKH0mA], [R], s[STARTED]
--------[test][2], node[iMrqAb_7RzOiI6A65zlD4g], [P], s[STARTED]

routing_nodes:
-----node_id[yFC7Udo4Rmujjh6IVKH0mA][V]
--------[test][3], node[yFC7Udo4Rmujjh6IVKH0mA], [R], s[STARTED]
--------[test][1], node[yFC7Udo4Rmujjh6IVKH0mA], [R], s[STARTED]
--------[test][2], node[yFC7Udo4Rmujjh6IVKH0mA], [R], s[STARTED]
-----node_id[5y0yKnIhT0SpXiXfsH5mrg][V]
--------[test][4], node[5y0yKnIhT0SpXiXfsH5mrg], [P], s[STARTED]
--------[test][3], node[5y0yKnIhT0SpXiXfsH5mrg], [P], s[STARTED]
-----node_id[EWKzYWueR6KVbCvedt0u3w][V]
--------[test][4], node[EWKzYWueR6KVbCvedt0u3w], [R], s[STARTED]
--------[test][0], node[EWKzYWueR6KVbCvedt0u3w], [R], s[STARTED]
--------[test][1], node[EWKzYWueR6KVbCvedt0u3w], [P], s[STARTED]
-----node_id[iMrqAb_7RzOiI6A65zlD4g][V]
--------[test][0], node[iMrqAb_7RzOiI6A65zlD4g], [P], s[STARTED]
--------[test][2], node[iMrqAb_7RzOiI6A65zlD4g], [P], s[STARTED]
---- unassigned

[2014-02-18 15:36:53,592][DEBUG][cluster.service          ] [node_4] set local cluster state to version 30
[2014-02-18 15:36:53,591][DEBUG][cluster.service          ] [node_3] processing [zen-disco-receive(from master [[node_1][5y0yKnIhT0SpXiXfsH5mrg][Bills-MacBook-Pro.local][inet[/10.1.10.75:9304]]])]: done applying updated cluster_state (version: 30)
[2014-02-18 15:36:53,592][DEBUG][cluster.service          ] [node_2] processing [zen-disco-receive(from master [[node_1][5y0yKnIhT0SpXiXfsH5mrg][Bills-MacBook-Pro.local][inet[/10.1.10.75:9304]]])]: done applying updated cluster_state (version: 30)
[2014-02-18 15:36:53,592][DEBUG][cluster.service          ] [node_4] processing [zen-disco-receive(from master [[node_1][5y0yKnIhT0SpXiXfsH5mrg][Bills-MacBook-Pro.local][inet[/10.1.10.75:9304]]])]: done applying updated cluster_state (version: 30)
[2014-02-18 15:36:53,593][DEBUG][cluster.service          ] [node_1] set local cluster state to version 30
[2014-02-18 15:36:53,593][DEBUG][cluster.service          ] [node_1] processing [shard-started ([test][3], node[yFC7Udo4Rmujjh6IVKH0mA], [R], s[INITIALIZING]), reason [after recovery (replica) from node [[node_1][5y0yKnIhT0SpXiXfsH5mrg][Bills-MacBook-Pro.local][inet[/10.1.10.75:9304]]]]]: done applying updated cluster_state (version: 30)
[2014-02-18 15:36:53,632][INFO ][test                     ] Closing random node [node_4] 
[2014-02-18 15:36:53,633][INFO ][node                     ] [node_4] stopping ...
[2014-02-18 15:36:53,643][DEBUG][cluster.service          ] [node_1] processing [zen-disco-node_left([node_4][yFC7Udo4Rmujjh6IVKH0mA][Bills-MacBook-Pro.local][inet[/10.1.10.75:9307]])]: execute
[2014-02-18 15:36:53,664][TRACE][cluster.service          ] [node_1] cluster state updated:
version [31], source [zen-disco-node_left([node_4][yFC7Udo4Rmujjh6IVKH0mA][Bills-MacBook-Pro.local][inet[/10.1.10.75:9307]])]
nodes: 
   [node_1][5y0yKnIhT0SpXiXfsH5mrg][Bills-MacBook-Pro.local][inet[/10.1.10.75:9304]], local, master
   [node_3][EWKzYWueR6KVbCvedt0u3w][Bills-MacBook-Pro.local][inet[/10.1.10.75:9306]]
   [node_2][iMrqAb_7RzOiI6A65zlD4g][Bills-MacBook-Pro.local][inet[/10.1.10.75:9305]]
routing_table:
-- index [test]
----shard_id [test][2]
--------[test][2], node[5y0yKnIhT0SpXiXfsH5mrg], [R], s[INITIALIZING]
--------[test][2], node[iMrqAb_7RzOiI6A65zlD4g], [P], s[STARTED]
----shard_id [test][0]
--------[test][0], node[EWKzYWueR6KVbCvedt0u3w], [R], s[STARTED]
--------[test][0], node[iMrqAb_7RzOiI6A65zlD4g], [P], s[STARTED]
----shard_id [test][3]
--------[test][3], node[5y0yKnIhT0SpXiXfsH5mrg], [P], s[STARTED]
--------[test][3], node[EWKzYWueR6KVbCvedt0u3w], [R], s[INITIALIZING]
----shard_id [test][1]
--------[test][1], node[EWKzYWueR6KVbCvedt0u3w], [P], s[STARTED]
--------[test][1], node[iMrqAb_7RzOiI6A65zlD4g], [R], s[INITIALIZING]
----shard_id [test][4]
--------[test][4], node[5y0yKnIhT0SpXiXfsH5mrg], [P], s[STARTED]
--------[test][4], node[EWKzYWueR6KVbCvedt0u3w], [R], s[STARTED]

routing_nodes:
-----node_id[5y0yKnIhT0SpXiXfsH5mrg][V]
--------[test][2], node[5y0yKnIhT0SpXiXfsH5mrg], [R], s[INITIALIZING]
--------[test][3], node[5y0yKnIhT0SpXiXfsH5mrg], [P], s[STARTED]
--------[test][4], node[5y0yKnIhT0SpXiXfsH5mrg], [P], s[STARTED]
-----node_id[EWKzYWueR6KVbCvedt0u3w][V]
--------[test][0], node[EWKzYWueR6KVbCvedt0u3w], [R], s[STARTED]
--------[test][3], node[EWKzYWueR6KVbCvedt0u3w], [R], s[INITIALIZING]
--------[test][1], node[EWKzYWueR6KVbCvedt0u3w], [P], s[STARTED]
--------[test][4], node[EWKzYWueR6KVbCvedt0u3w], [R], s[STARTED]
-----node_id[iMrqAb_7RzOiI6A65zlD4g][V]
--------[test][2], node[iMrqAb_7RzOiI6A65zlD4g], [P], s[STARTED]
--------[test][0], node[iMrqAb_7RzOiI6A65zlD4g], [P], s[STARTED]
--------[test][1], node[iMrqAb_7RzOiI6A65zlD4g], [R], s[INITIALIZING]
---- unassigned

[2014-02-18 15:36:53,664][INFO ][cluster.service          ] [node_1] removed {[node_4][yFC7Udo4Rmujjh6IVKH0mA][Bills-MacBook-Pro.local][inet[/10.1.10.75:9307]],}, reason: zen-disco-node_left([node_4][yFC7Udo4Rmujjh6IVKH0mA][Bills-MacBook-Pro.local][inet[/10.1.10.75:9307]])
[2014-02-18 15:36:53,666][DEBUG][cluster.service          ] [node_1] publishing cluster state version 31
[2014-02-18 15:36:53,668][DEBUG][cluster.service          ] [node_2] processing [zen-disco-receive(from master [[node_1][5y0yKnIhT0SpXiXfsH5mrg][Bills-MacBook-Pro.local][inet[/10.1.10.75:9304]]])]: execute
[2014-02-18 15:36:53,668][DEBUG][cluster.service          ] [node_3] processing [zen-disco-receive(from master [[node_1][5y0yKnIhT0SpXiXfsH5mrg][Bills-MacBook-Pro.local][inet[/10.1.10.75:9304]]])]: execute
[2014-02-18 15:36:53,668][TRACE][cluster.service          ] [node_2] cluster state updated:
version [31], source [zen-disco-receive(from master [[node_1][5y0yKnIhT0SpXiXfsH5mrg][Bills-MacBook-Pro.local][inet[/10.1.10.75:9304]]])]
nodes: 
   [node_1][5y0yKnIhT0SpXiXfsH5mrg][Bills-MacBook-Pro.local][inet[/10.1.10.75:9304]], master
   [node_3][EWKzYWueR6KVbCvedt0u3w][Bills-MacBook-Pro.local][inet[/10.1.10.75:9306]]
   [node_2][iMrqAb_7RzOiI6A65zlD4g][Bills-MacBook-Pro.local][inet[/10.1.10.75:9305]], local
routing_table:
-- index [test]
----shard_id [test][2]
--------[test][2], node[5y0yKnIhT0SpXiXfsH5mrg], [R], s[INITIALIZING]
--------[test][2], node[iMrqAb_7RzOiI6A65zlD4g], [P], s[STARTED]
----shard_id [test][0]
--------[test][0], node[EWKzYWueR6KVbCvedt0u3w], [R], s[STARTED]
--------[test][0], node[iMrqAb_7RzOiI6A65zlD4g], [P], s[STARTED]
----shard_id [test][3]
--------[test][3], node[5y0yKnIhT0SpXiXfsH5mrg], [P], s[STARTED]
--------[test][3], node[EWKzYWueR6KVbCvedt0u3w], [R], s[INITIALIZING]
----shard_id [test][1]
--------[test][1], node[EWKzYWueR6KVbCvedt0u3w], [P], s[STARTED]
--------[test][1], node[iMrqAb_7RzOiI6A65zlD4g], [R], s[INITIALIZING]
----shard_id [test][4]
--------[test][4], node[5y0yKnIhT0SpXiXfsH5mrg], [P], s[STARTED]
--------[test][4], node[EWKzYWueR6KVbCvedt0u3w], [R], s[STARTED]

routing_nodes:
-----node_id[5y0yKnIhT0SpXiXfsH5mrg][V]
--------[test][2], node[5y0yKnIhT0SpXiXfsH5mrg], [R], s[INITIALIZING]
--------[test][3], node[5y0yKnIhT0SpXiXfsH5mrg], [P], s[STARTED]
--------[test][4], node[5y0yKnIhT0SpXiXfsH5mrg], [P], s[STARTED]
-----node_id[EWKzYWueR6KVbCvedt0u3w][V]
--------[test][0], node[EWKzYWueR6KVbCvedt0u3w], [R], s[STARTED]
--------[test][3], node[EWKzYWueR6KVbCvedt0u3w], [R], s[INITIALIZING]
--------[test][1], node[EWKzYWueR6KVbCvedt0u3w], [P], s[STARTED]
--------[test][4], node[EWKzYWueR6KVbCvedt0u3w], [R], s[STARTED]
-----node_id[iMrqAb_7RzOiI6A65zlD4g][V]
--------[test][2], node[iMrqAb_7RzOiI6A65zlD4g], [P], s[STARTED]
--------[test][0], node[iMrqAb_7RzOiI6A65zlD4g], [P], s[STARTED]
--------[test][1], node[iMrqAb_7RzOiI6A65zlD4g], [R], s[INITIALIZING]
---- unassigned

[2014-02-18 15:36:53,668][TRACE][cluster.service          ] [node_3] cluster state updated:
version [31], source [zen-disco-receive(from master [[node_1][5y0yKnIhT0SpXiXfsH5mrg][Bills-MacBook-Pro.local][inet[/10.1.10.75:9304]]])]
nodes: 
   [node_1][5y0yKnIhT0SpXiXfsH5mrg][Bills-MacBook-Pro.local][inet[/10.1.10.75:9304]], master
   [node_3][EWKzYWueR6KVbCvedt0u3w][Bills-MacBook-Pro.local][inet[/10.1.10.75:9306]], local
   [node_2][iMrqAb_7RzOiI6A65zlD4g][Bills-MacBook-Pro.local][inet[/10.1.10.75:9305]]
routing_table:
-- index [test]
----shard_id [test][2]
--------[test][2], node[5y0yKnIhT0SpXiXfsH5mrg], [R], s[INITIALIZING]
--------[test][2], node[iMrqAb_7RzOiI6A65zlD4g], [P], s[STARTED]
----shard_id [test][0]
--------[test][0], node[EWKzYWueR6KVbCvedt0u3w], [R], s[STARTED]
--------[test][0], node[iMrqAb_7RzOiI6A65zlD4g], [P], s[STARTED]
----shard_id [test][3]
--------[test][3], node[5y0yKnIhT0SpXiXfsH5mrg], [P], s[STARTED]
--------[test][3], node[EWKzYWueR6KVbCvedt0u3w], [R], s[INITIALIZING]
----shard_id [test][1]
--------[test][1], node[EWKzYWueR6KVbCvedt0u3w], [P], s[STARTED]
--------[test][1], node[iMrqAb_7RzOiI6A65zlD4g], [R], s[INITIALIZING]
----shard_id [test][4]
--------[test][4], node[5y0yKnIhT0SpXiXfsH5mrg], [P], s[STARTED]
--------[test][4], node[EWKzYWueR6KVbCvedt0u3w], [R], s[STARTED]

routing_nodes:
-----node_id[5y0yKnIhT0SpXiXfsH5mrg][V]
--------[test][2], node[5y0yKnIhT0SpXiXfsH5mrg], [R], s[INITIALIZING]
--------[test][3], node[5y0yKnIhT0SpXiXfsH5mrg], [P], s[STARTED]
--------[test][4], node[5y0yKnIhT0SpXiXfsH5mrg], [P], s[STARTED]
-----node_id[EWKzYWueR6KVbCvedt0u3w][V]
--------[test][0], node[EWKzYWueR6KVbCvedt0u3w], [R], s[STARTED]
--------[test][3], node[EWKzYWueR6KVbCvedt0u3w], [R], s[INITIALIZING]
--------[test][1], node[EWKzYWueR6KVbCvedt0u3w], [P], s[STARTED]
--------[test][4], node[EWKzYWueR6KVbCvedt0u3w], [R], s[STARTED]
-----node_id[iMrqAb_7RzOiI6A65zlD4g][V]
--------[test][2], node[iMrqAb_7RzOiI6A65zlD4g], [P], s[STARTED]
--------[test][0], node[iMrqAb_7RzOiI6A65zlD4g], [P], s[STARTED]
--------[test][1], node[iMrqAb_7RzOiI6A65zlD4g], [R], s[INITIALIZING]
---- unassigned

[2014-02-18 15:36:53,669][INFO ][cluster.service          ] [node_3] removed {[node_4][yFC7Udo4Rmujjh6IVKH0mA][Bills-MacBook-Pro.local][inet[/10.1.10.75:9307]],}, reason: zen-disco-receive(from master [[node_1][5y0yKnIhT0SpXiXfsH5mrg][Bills-MacBook-Pro.local][inet[/10.1.10.75:9304]]])
[2014-02-18 15:36:53,669][DEBUG][cluster.service          ] [node_3] set local cluster state to version 31
[2014-02-18 15:36:53,669][INFO ][cluster.service          ] [node_2] removed {[node_4][yFC7Udo4Rmujjh6IVKH0mA][Bills-MacBook-Pro.local][inet[/10.1.10.75:9307]],}, reason: zen-disco-receive(from master [[node_1][5y0yKnIhT0SpXiXfsH5mrg][Bills-MacBook-Pro.local][inet[/10.1.10.75:9304]]])
[2014-02-18 15:36:53,670][DEBUG][indices.cluster          ] [node_3] [test][3] creating shard
[2014-02-18 15:36:53,670][DEBUG][cluster.service          ] [node_2] set local cluster state to version 31
[2014-02-18 15:36:53,670][DEBUG][indices.cluster          ] [node_2] [test][1] creating shard
[2014-02-18 15:36:53,671][INFO ][node                     ] [node_4] stopped
[2014-02-18 15:36:53,672][INFO ][node                     ] [node_4] closing ...
[2014-02-18 15:36:53,676][INFO ][node                     ] [node_4] closed
[2014-02-18 15:36:53,681][DEBUG][cluster.service          ] [node_2] processing [zen-disco-receive(from master [[node_1][5y0yKnIhT0SpXiXfsH5mrg][Bills-MacBook-Pro.local][inet[/10.1.10.75:9304]]])]: done applying updated cluster_state (version: 31)
[2014-02-18 15:36:53,684][DEBUG][cluster.service          ] [node_3] processing [zen-disco-receive(from master [[node_1][5y0yKnIhT0SpXiXfsH5mrg][Bills-MacBook-Pro.local][inet[/10.1.10.75:9304]]])]: done applying updated cluster_state (version: 31)
[2014-02-18 15:36:53,684][DEBUG][cluster.service          ] [node_1] set local cluster state to version 31
[2014-02-18 15:36:53,684][DEBUG][indices.cluster          ] [node_1] [test][2] creating shard
[2014-02-18 15:36:53,694][DEBUG][cluster.service          ] [node_1] processing [zen-disco-node_left([node_4][yFC7Udo4Rmujjh6IVKH0mA][Bills-MacBook-Pro.local][inet[/10.1.10.75:9307]])]: done applying updated cluster_state (version: 31)
[2014-02-18 15:36:53,694][DEBUG][cluster.service          ] [node_1] processing [routing-table-updater]: execute
[2014-02-18 15:36:53,695][DEBUG][cluster.service          ] [node_1] processing [routing-table-updater]: no change in cluster_state
[2014-02-18 15:36:53,695][DEBUG][cluster.service          ] [node_1] processing [cluster_health (wait_for_events [LANGUID])]: execute
[2014-02-18 15:36:53,695][DEBUG][cluster.service          ] [node_1] processing [cluster_health (wait_for_events [LANGUID])]: no change in cluster_state
[2014-02-18 15:36:53,825][WARN ][discovery.zen.ping.multicast] [node_3] failed to receive packet, throttling...
java.net.SocketException: Socket closed
	at java.net.PlainDatagramSocketImpl.peekData(Native Method)
	at java.net.DatagramSocket.receive(DatagramSocket.java:726)
	at org.elasticsearch.discovery.zen.ping.multicast.MulticastZenPing$Receiver.run(MulticastZenPing.java:366)
	at java.lang.Thread.run(Thread.java:744)
[2014-02-18 15:36:53,864][DEBUG][cluster.service          ] [node_1] processing [shard-started ([test][1], node[iMrqAb_7RzOiI6A65zlD4g], [R], s[INITIALIZING]), reason [after recovery (replica) from node [[node_3][EWKzYWueR6KVbCvedt0u3w][Bills-MacBook-Pro.local][inet[/10.1.10.75:9306]]]]]: execute
[2014-02-18 15:36:53,865][TRACE][cluster.service          ] [node_1] cluster state updated:
version [32], source [shard-started ([test][1], node[iMrqAb_7RzOiI6A65zlD4g], [R], s[INITIALIZING]), reason [after recovery (replica) from node [[node_3][EWKzYWueR6KVbCvedt0u3w][Bills-MacBook-Pro.local][inet[/10.1.10.75:9306]]]]]
nodes: 
   [node_1][5y0yKnIhT0SpXiXfsH5mrg][Bills-MacBook-Pro.local][inet[/10.1.10.75:9304]], local, master
   [node_3][EWKzYWueR6KVbCvedt0u3w][Bills-MacBook-Pro.local][inet[/10.1.10.75:9306]]
   [node_2][iMrqAb_7RzOiI6A65zlD4g][Bills-MacBook-Pro.local][inet[/10.1.10.75:9305]]
routing_table:
-- index [test]
----shard_id [test][4]
--------[test][4], node[5y0yKnIhT0SpXiXfsH5mrg], [P], s[STARTED]
--------[test][4], node[EWKzYWueR6KVbCvedt0u3w], [R], s[STARTED]
----shard_id [test][0]
--------[test][0], node[EWKzYWueR6KVbCvedt0u3w], [R], s[STARTED]
--------[test][0], node[iMrqAb_7RzOiI6A65zlD4g], [P], s[STARTED]
----shard_id [test][3]
--------[test][3], node[5y0yKnIhT0SpXiXfsH5mrg], [P], s[STARTED]
--------[test][3], node[EWKzYWueR6KVbCvedt0u3w], [R], s[INITIALIZING]
----shard_id [test][1]
--------[test][1], node[EWKzYWueR6KVbCvedt0u3w], [P], s[STARTED]
--------[test][1], node[iMrqAb_7RzOiI6A65zlD4g], [R], s[STARTED]
----shard_id [test][2]
--------[test][2], node[5y0yKnIhT0SpXiXfsH5mrg], [R], s[INITIALIZING]
--------[test][2], node[iMrqAb_7RzOiI6A65zlD4g], [P], s[STARTED]

routing_nodes:
-----node_id[5y0yKnIhT0SpXiXfsH5mrg][V]
--------[test][4], node[5y0yKnIhT0SpXiXfsH5mrg], [P], s[STARTED]
--------[test][3], node[5y0yKnIhT0SpXiXfsH5mrg], [P], s[STARTED]
--------[test][2], node[5y0yKnIhT0SpXiXfsH5mrg], [R], s[INITIALIZING]
-----node_id[EWKzYWueR6KVbCvedt0u3w][V]
--------[test][4], node[EWKzYWueR6KVbCvedt0u3w], [R], s[STARTED]
--------[test][0], node[EWKzYWueR6KVbCvedt0u3w], [R], s[STARTED]
--------[test][3], node[EWKzYWueR6KVbCvedt0u3w], [R], s[INITIALIZING]
--------[test][1], node[EWKzYWueR6KVbCvedt0u3w], [P], s[STARTED]
-----node_id[iMrqAb_7RzOiI6A65zlD4g][V]
--------[test][0], node[iMrqAb_7RzOiI6A65zlD4g], [P], s[STARTED]
--------[test][1], node[iMrqAb_7RzOiI6A65zlD4g], [R], s[STARTED]
--------[test][2], node[iMrqAb_7RzOiI6A65zlD4g], [P], s[STARTED]
---- unassigned

[2014-02-18 15:36:53,865][DEBUG][cluster.service          ] [node_1] publishing cluster state version 32
[2014-02-18 15:36:53,866][DEBUG][cluster.service          ] [node_2] processing [zen-disco-receive(from master [[node_1][5y0yKnIhT0SpXiXfsH5mrg][Bills-MacBook-Pro.local][inet[/10.1.10.75:9304]]])]: execute
[2014-02-18 15:36:53,866][DEBUG][cluster.service          ] [node_3] processing [zen-disco-receive(from master [[node_1][5y0yKnIhT0SpXiXfsH5mrg][Bills-MacBook-Pro.local][inet[/10.1.10.75:9304]]])]: execute
[2014-02-18 15:36:53,866][TRACE][cluster.service          ] [node_2] cluster state updated:
version [32], source [zen-disco-receive(from master [[node_1][5y0yKnIhT0SpXiXfsH5mrg][Bills-MacBook-Pro.local][inet[/10.1.10.75:9304]]])]
nodes: 
   [node_1][5y0yKnIhT0SpXiXfsH5mrg][Bills-MacBook-Pro.local][inet[/10.1.10.75:9304]], master
   [node_3][EWKzYWueR6KVbCvedt0u3w][Bills-MacBook-Pro.local][inet[/10.1.10.75:9306]]
   [node_2][iMrqAb_7RzOiI6A65zlD4g][Bills-MacBook-Pro.local][inet[/10.1.10.75:9305]], local
routing_table:
-- index [test]
----shard_id [test][4]
--------[test][4], node[5y0yKnIhT0SpXiXfsH5mrg], [P], s[STARTED]
--------[test][4], node[EWKzYWueR6KVbCvedt0u3w], [R], s[STARTED]
----shard_id [test][0]
--------[test][0], node[EWKzYWueR6KVbCvedt0u3w], [R], s[STARTED]
--------[test][0], node[iMrqAb_7RzOiI6A65zlD4g], [P], s[STARTED]
----shard_id [test][3]
--------[test][3], node[5y0yKnIhT0SpXiXfsH5mrg], [P], s[STARTED]
--------[test][3], node[EWKzYWueR6KVbCvedt0u3w], [R], s[INITIALIZING]
----shard_id [test][1]
--------[test][1], node[EWKzYWueR6KVbCvedt0u3w], [P], s[STARTED]
--------[test][1], node[iMrqAb_7RzOiI6A65zlD4g], [R], s[STARTED]
----shard_id [test][2]
--------[test][2], node[5y0yKnIhT0SpXiXfsH5mrg], [R], s[INITIALIZING]
--------[test][2], node[iMrqAb_7RzOiI6A65zlD4g], [P], s[STARTED]

routing_nodes:
-----node_id[5y0yKnIhT0SpXiXfsH5mrg][V]
--------[test][4], node[5y0yKnIhT0SpXiXfsH5mrg], [P], s[STARTED]
--------[test][3], node[5y0yKnIhT0SpXiXfsH5mrg], [P], s[STARTED]
--------[test][2], node[5y0yKnIhT0SpXiXfsH5mrg], [R], s[INITIALIZING]
-----node_id[EWKzYWueR6KVbCvedt0u3w][V]
--------[test][4], node[EWKzYWueR6KVbCvedt0u3w], [R], s[STARTED]
--------[test][0], node[EWKzYWueR6KVbCvedt0u3w], [R], s[STARTED]
--------[test][3], node[EWKzYWueR6KVbCvedt0u3w], [R], s[INITIALIZING]
--------[test][1], node[EWKzYWueR6KVbCvedt0u3w], [P], s[STARTED]
-----node_id[iMrqAb_7RzOiI6A65zlD4g][V]
--------[test][0], node[iMrqAb_7RzOiI6A65zlD4g], [P], s[STARTED]
--------[test][1], node[iMrqAb_7RzOiI6A65zlD4g], [R], s[STARTED]
--------[test][2], node[iMrqAb_7RzOiI6A65zlD4g], [P], s[STARTED]
---- unassigned

[2014-02-18 15:36:53,867][TRACE][cluster.service          ] [node_3] cluster state updated:
version [32], source [zen-disco-receive(from master [[node_1][5y0yKnIhT0SpXiXfsH5mrg][Bills-MacBook-Pro.local][inet[/10.1.10.75:9304]]])]
nodes: 
   [node_1][5y0yKnIhT0SpXiXfsH5mrg][Bills-MacBook-Pro.local][inet[/10.1.10.75:9304]], master
   [node_3][EWKzYWueR6KVbCvedt0u3w][Bills-MacBook-Pro.local][inet[/10.1.10.75:9306]], local
   [node_2][iMrqAb_7RzOiI6A65zlD4g][Bills-MacBook-Pro.local][inet[/10.1.10.75:9305]]
routing_table:
-- index [test]
----shard_id [test][4]
--------[test][4], node[5y0yKnIhT0SpXiXfsH5mrg], [P], s[STARTED]
--------[test][4], node[EWKzYWueR6KVbCvedt0u3w], [R], s[STARTED]
----shard_id [test][0]
--------[test][0], node[EWKzYWueR6KVbCvedt0u3w], [R], s[STARTED]
--------[test][0], node[iMrqAb_7RzOiI6A65zlD4g], [P], s[STARTED]
----shard_id [test][3]
--------[test][3], node[5y0yKnIhT0SpXiXfsH5mrg], [P], s[STARTED]
--------[test][3], node[EWKzYWueR6KVbCvedt0u3w], [R], s[INITIALIZING]
----shard_id [test][1]
--------[test][1], node[EWKzYWueR6KVbCvedt0u3w], [P], s[STARTED]
--------[test][1], node[iMrqAb_7RzOiI6A65zlD4g], [R], s[STARTED]
----shard_id [test][2]
--------[test][2], node[5y0yKnIhT0SpXiXfsH5mrg], [R], s[INITIALIZING]
--------[test][2], node[iMrqAb_7RzOiI6A65zlD4g], [P], s[STARTED]

routing_nodes:
-----node_id[5y0yKnIhT0SpXiXfsH5mrg][V]
--------[test][4], node[5y0yKnIhT0SpXiXfsH5mrg], [P], s[STARTED]
--------[test][3], node[5y0yKnIhT0SpXiXfsH5mrg], [P], s[STARTED]
--------[test][2], node[5y0yKnIhT0SpXiXfsH5mrg], [R], s[INITIALIZING]
-----node_id[EWKzYWueR6KVbCvedt0u3w][V]
--------[test][4], node[EWKzYWueR6KVbCvedt0u3w], [R], s[STARTED]
--------[test][0], node[EWKzYWueR6KVbCvedt0u3w], [R], s[STARTED]
--------[test][3], node[EWKzYWueR6KVbCvedt0u3w], [R], s[INITIALIZING]
--------[test][1], node[EWKzYWueR6KVbCvedt0u3w], [P], s[STARTED]
-----node_id[iMrqAb_7RzOiI6A65zlD4g][V]
--------[test][0], node[iMrqAb_7RzOiI6A65zlD4g], [P], s[STARTED]
--------[test][1], node[iMrqAb_7RzOiI6A65zlD4g], [R], s[STARTED]
--------[test][2], node[iMrqAb_7RzOiI6A65zlD4g], [P], s[STARTED]
---- unassigned

[2014-02-18 15:36:53,867][DEBUG][cluster.service          ] [node_3] set local cluster state to version 32
[2014-02-18 15:36:53,867][DEBUG][cluster.service          ] [node_2] set local cluster state to version 32
[2014-02-18 15:36:53,868][TRACE][indices.cluster          ] [node_3] [test][3] master marked shard as initializing, but shard has state [POST_RECOVERY], resending shard started
[2014-02-18 15:36:53,868][DEBUG][cluster.service          ] [node_3] processing [zen-disco-receive(from master [[node_1][5y0yKnIhT0SpXiXfsH5mrg][Bills-MacBook-Pro.local][inet[/10.1.10.75:9304]]])]: done applying updated cluster_state (version: 32)
[2014-02-18 15:36:53,868][DEBUG][cluster.service          ] [node_2] processing [zen-disco-receive(from master [[node_1][5y0yKnIhT0SpXiXfsH5mrg][Bills-MacBook-Pro.local][inet[/10.1.10.75:9304]]])]: done applying updated cluster_state (version: 32)
[2014-02-18 15:36:53,869][DEBUG][cluster.service          ] [node_1] set local cluster state to version 32
[2014-02-18 15:36:53,869][TRACE][indices.cluster          ] [node_1] [test][2] master marked shard as initializing, but shard has state [POST_RECOVERY], resending shard started
[2014-02-18 15:36:53,870][DEBUG][cluster.service          ] [node_1] processing [shard-started ([test][1], node[iMrqAb_7RzOiI6A65zlD4g], [R], s[INITIALIZING]), reason [after recovery (replica) from node [[node_3][EWKzYWueR6KVbCvedt0u3w][Bills-MacBook-Pro.local][inet[/10.1.10.75:9306]]]]]: done applying updated cluster_state (version: 32)
[2014-02-18 15:36:53,870][DEBUG][cluster.service          ] [node_1] processing [shard-started ([test][2], node[5y0yKnIhT0SpXiXfsH5mrg], [R], s[INITIALIZING]), reason [after recovery (replica) from node [[node_2][iMrqAb_7RzOiI6A65zlD4g][Bills-MacBook-Pro.local][inet[/10.1.10.75:9305]]]]]: execute
[2014-02-18 15:36:53,870][TRACE][cluster.service          ] [node_1] cluster state updated:
version [33], source [shard-started ([test][2], node[5y0yKnIhT0SpXiXfsH5mrg], [R], s[INITIALIZING]), reason [after recovery (replica) from node [[node_2][iMrqAb_7RzOiI6A65zlD4g][Bills-MacBook-Pro.local][inet[/10.1.10.75:9305]]]]]
nodes: 
   [node_1][5y0yKnIhT0SpXiXfsH5mrg][Bills-MacBook-Pro.local][inet[/10.1.10.75:9304]], local, master
   [node_3][EWKzYWueR6KVbCvedt0u3w][Bills-MacBook-Pro.local][inet[/10.1.10.75:9306]]
   [node_2][iMrqAb_7RzOiI6A65zlD4g][Bills-MacBook-Pro.local][inet[/10.1.10.75:9305]]
routing_table:
-- index [test]
----shard_id [test][2]
--------[test][2], node[5y0yKnIhT0SpXiXfsH5mrg], [R], s[STARTED]
--------[test][2], node[iMrqAb_7RzOiI6A65zlD4g], [P], s[STARTED]
----shard_id [test][0]
--------[test][0], node[EWKzYWueR6KVbCvedt0u3w], [R], s[STARTED]
--------[test][0], node[iMrqAb_7RzOiI6A65zlD4g], [P], s[STARTED]
----shard_id [test][3]
--------[test][3], node[5y0yKnIhT0SpXiXfsH5mrg], [P], s[STARTED]
--------[test][3], node[EWKzYWueR6KVbCvedt0u3w], [R], s[STARTED]
----shard_id [test][1]
--------[test][1], node[EWKzYWueR6KVbCvedt0u3w], [P], s[STARTED]
--------[test][1], node[iMrqAb_7RzOiI6A65zlD4g], [R], s[STARTED]
----shard_id [test][4]
--------[test][4], node[5y0yKnIhT0SpXiXfsH5mrg], [P], s[STARTED]
--------[test][4], node[EWKzYWueR6KVbCvedt0u3w], [R], s[STARTED]

routing_nodes:
-----node_id[5y0yKnIhT0SpXiXfsH5mrg][V]
--------[test][2], node[5y0yKnIhT0SpXiXfsH5mrg], [R], s[STARTED]
--------[test][3], node[5y0yKnIhT0SpXiXfsH5mrg], [P], s[STARTED]
--------[test][4], node[5y0yKnIhT0SpXiXfsH5mrg], [P], s[STARTED]
-----node_id[EWKzYWueR6KVbCvedt0u3w][V]
--------[test][0], node[EWKzYWueR6KVbCvedt0u3w], [R], s[STARTED]
--------[test][3], node[EWKzYWueR6KVbCvedt0u3w], [R], s[STARTED]
--------[test][1], node[EWKzYWueR6KVbCvedt0u3w], [P], s[STARTED]
--------[test][4], node[EWKzYWueR6KVbCvedt0u3w], [R], s[STARTED]
-----node_id[iMrqAb_7RzOiI6A65zlD4g][V]
--------[test][2], node[iMrqAb_7RzOiI6A65zlD4g], [P], s[STARTED]
--------[test][0], node[iMrqAb_7RzOiI6A65zlD4g], [P], s[STARTED]
--------[test][1], node[iMrqAb_7RzOiI6A65zlD4g], [R], s[STARTED]
---- unassigned

[2014-02-18 15:36:53,871][DEBUG][cluster.service          ] [node_1] publishing cluster state version 33
[2014-02-18 15:36:53,871][DEBUG][cluster.service          ] [node_3] processing [zen-disco-receive(from master [[node_1][5y0yKnIhT0SpXiXfsH5mrg][Bills-MacBook-Pro.local][inet[/10.1.10.75:9304]]])]: execute
[2014-02-18 15:36:53,871][DEBUG][cluster.service          ] [node_2] processing [zen-disco-receive(from master [[node_1][5y0yKnIhT0SpXiXfsH5mrg][Bills-MacBook-Pro.local][inet[/10.1.10.75:9304]]])]: execute
[2014-02-18 15:36:53,872][TRACE][cluster.service          ] [node_3] cluster state updated:
version [33], source [zen-disco-receive(from master [[node_1][5y0yKnIhT0SpXiXfsH5mrg][Bills-MacBook-Pro.local][inet[/10.1.10.75:9304]]])]
nodes: 
   [node_1][5y0yKnIhT0SpXiXfsH5mrg][Bills-MacBook-Pro.local][inet[/10.1.10.75:9304]], master
   [node_3][EWKzYWueR6KVbCvedt0u3w][Bills-MacBook-Pro.local][inet[/10.1.10.75:9306]], local
   [node_2][iMrqAb_7RzOiI6A65zlD4g][Bills-MacBook-Pro.local][inet[/10.1.10.75:9305]]
routing_table:
-- index [test]
----shard_id [test][2]
--------[test][2], node[5y0yKnIhT0SpXiXfsH5mrg], [R], s[STARTED]
--------[test][2], node[iMrqAb_7RzOiI6A65zlD4g], [P], s[STARTED]
----shard_id [test][0]
--------[test][0], node[EWKzYWueR6KVbCvedt0u3w], [R], s[STARTED]
--------[test][0], node[iMrqAb_7RzOiI6A65zlD4g], [P], s[STARTED]
----shard_id [test][3]
--------[test][3], node[5y0yKnIhT0SpXiXfsH5mrg], [P], s[STARTED]
--------[test][3], node[EWKzYWueR6KVbCvedt0u3w], [R], s[STARTED]
----shard_id [test][1]
--------[test][1], node[EWKzYWueR6KVbCvedt0u3w], [P], s[STARTED]
--------[test][1], node[iMrqAb_7RzOiI6A65zlD4g], [R], s[STARTED]
----shard_id [test][4]
--------[test][4], node[5y0yKnIhT0SpXiXfsH5mrg], [P], s[STARTED]
--------[test][4], node[EWKzYWueR6KVbCvedt0u3w], [R], s[STARTED]

routing_nodes:
-----node_id[5y0yKnIhT0SpXiXfsH5mrg][V]
--------[test][2], node[5y0yKnIhT0SpXiXfsH5mrg], [R], s[STARTED]
--------[test][3], node[5y0yKnIhT0SpXiXfsH5mrg], [P], s[STARTED]
--------[test][4], node[5y0yKnIhT0SpXiXfsH5mrg], [P], s[STARTED]
-----node_id[EWKzYWueR6KVbCvedt0u3w][V]
--------[test][0], node[EWKzYWueR6KVbCvedt0u3w], [R], s[STARTED]
--------[test][3], node[EWKzYWueR6KVbCvedt0u3w], [R], s[STARTED]
--------[test][1], node[EWKzYWueR6KVbCvedt0u3w], [P], s[STARTED]
--------[test][4], node[EWKzYWueR6KVbCvedt0u3w], [R], s[STARTED]
-----node_id[iMrqAb_7RzOiI6A65zlD4g][V]
--------[test][2], node[iMrqAb_7RzOiI6A65zlD4g], [P], s[STARTED]
--------[test][0], node[iMrqAb_7RzOiI6A65zlD4g], [P], s[STARTED]
--------[test][1], node[iMrqAb_7RzOiI6A65zlD4g], [R], s[STARTED]
---- unassigned

[2014-02-18 15:36:53,872][TRACE][cluster.service          ] [node_2] cluster state updated:
version [33], source [zen-disco-receive(from master [[node_1][5y0yKnIhT0SpXiXfsH5mrg][Bills-MacBook-Pro.local][inet[/10.1.10.75:9304]]])]
nodes: 
   [node_1][5y0yKnIhT0SpXiXfsH5mrg][Bills-MacBook-Pro.local][inet[/10.1.10.75:9304]], master
   [node_3][EWKzYWueR6KVbCvedt0u3w][Bills-MacBook-Pro.local][inet[/10.1.10.75:9306]]
   [node_2][iMrqAb_7RzOiI6A65zlD4g][Bills-MacBook-Pro.local][inet[/10.1.10.75:9305]], local
routing_table:
-- index [test]
----shard_id [test][2]
--------[test][2], node[5y0yKnIhT0SpXiXfsH5mrg], [R], s[STARTED]
--------[test][2], node[iMrqAb_7RzOiI6A65zlD4g], [P], s[STARTED]
----shard_id [test][0]
--------[test][0], node[EWKzYWueR6KVbCvedt0u3w], [R], s[STARTED]
--------[test][0], node[iMrqAb_7RzOiI6A65zlD4g], [P], s[STARTED]
----shard_id [test][3]
--------[test][3], node[5y0yKnIhT0SpXiXfsH5mrg], [P], s[STARTED]
--------[test][3], node[EWKzYWueR6KVbCvedt0u3w], [R], s[STARTED]
----shard_id [test][1]
--------[test][1], node[EWKzYWueR6KVbCvedt0u3w], [P], s[STARTED]
--------[test][1], node[iMrqAb_7RzOiI6A65zlD4g], [R], s[STARTED]
----shard_id [test][4]
--------[test][4], node[5y0yKnIhT0SpXiXfsH5mrg], [P], s[STARTED]
--------[test][4], node[EWKzYWueR6KVbCvedt0u3w], [R], s[STARTED]

routing_nodes:
-----node_id[5y0yKnIhT0SpXiXfsH5mrg][V]
--------[test][2], node[5y0yKnIhT0SpXiXfsH5mrg], [R], s[STARTED]
--------[test][3], node[5y0yKnIhT0SpXiXfsH5mrg], [P], s[STARTED]
--------[test][4], node[5y0yKnIhT0SpXiXfsH5mrg], [P], s[STARTED]
-----node_id[EWKzYWueR6KVbCvedt0u3w][V]
--------[test][0], node[EWKzYWueR6KVbCvedt0u3w], [R], s[STARTED]
--------[test][3], node[EWKzYWueR6KVbCvedt0u3w], [R], s[STARTED]
--------[test][1], node[EWKzYWueR6KVbCvedt0u3w], [P], s[STARTED]
--------[test][4], node[EWKzYWueR6KVbCvedt0u3w], [R], s[STARTED]
-----node_id[iMrqAb_7RzOiI6A65zlD4g][V]
--------[test][2], node[iMrqAb_7RzOiI6A65zlD4g], [P], s[STARTED]
--------[test][0], node[iMrqAb_7RzOiI6A65zlD4g], [P], s[STARTED]
--------[test][1], node[iMrqAb_7RzOiI6A65zlD4g], [R], s[STARTED]
---- unassigned

[2014-02-18 15:36:53,872][DEBUG][cluster.service          ] [node_3] set local cluster state to version 33
[2014-02-18 15:36:53,873][DEBUG][cluster.service          ] [node_2] set local cluster state to version 33
[2014-02-18 15:36:53,873][DEBUG][cluster.service          ] [node_3] processing [zen-disco-receive(from master [[node_1][5y0yKnIhT0SpXiXfsH5mrg][Bills-MacBook-Pro.local][inet[/10.1.10.75:9304]]])]: done applying updated cluster_state (version: 33)
[2014-02-18 15:36:53,874][DEBUG][cluster.service          ] [node_1] set local cluster state to version 33
[2014-02-18 15:36:53,873][DEBUG][cluster.service          ] [node_2] processing [zen-disco-receive(from master [[node_1][5y0yKnIhT0SpXiXfsH5mrg][Bills-MacBook-Pro.local][inet[/10.1.10.75:9304]]])]: done applying updated cluster_state (version: 33)
[2014-02-18 15:36:53,874][DEBUG][cluster.service          ] [node_1] processing [shard-started ([test][2], node[5y0yKnIhT0SpXiXfsH5mrg], [R], s[INITIALIZING]), reason [after recovery (replica) from node [[node_2][iMrqAb_7RzOiI6A65zlD4g][Bills-MacBook-Pro.local][inet[/10.1.10.75:9305]]]]]: done applying updated cluster_state (version: 33)
[2014-02-18 15:36:53,874][DEBUG][cluster.service          ] [node_1] processing [shard-started ([test][3], node[EWKzYWueR6KVbCvedt0u3w], [R], s[INITIALIZING]), reason [master [node_1][5y0yKnIhT0SpXiXfsH5mrg][Bills-MacBook-Pro.local][inet[/10.1.10.75:9304]] marked shard as initializing, but shard state is [POST_RECOVERY], mark shard as started]]: execute
[2014-02-18 15:36:53,874][DEBUG][cluster.service          ] [node_1] processing [shard-started ([test][3], node[EWKzYWueR6KVbCvedt0u3w], [R], s[INITIALIZING]), reason [master [node_1][5y0yKnIhT0SpXiXfsH5mrg][Bills-MacBook-Pro.local][inet[/10.1.10.75:9304]] marked shard as initializing, but shard state is [POST_RECOVERY], mark shard as started]]: no change in cluster_state
[2014-02-18 15:36:53,875][DEBUG][cluster.service          ] [node_1] processing [shard-started ([test][3], node[EWKzYWueR6KVbCvedt0u3w], [R], s[INITIALIZING]), reason [after recovery (replica) from node [[node_1][5y0yKnIhT0SpXiXfsH5mrg][Bills-MacBook-Pro.local][inet[/10.1.10.75:9304]]]]]: execute
[2014-02-18 15:36:53,875][DEBUG][cluster.service          ] [node_1] processing [shard-started ([test][3], node[EWKzYWueR6KVbCvedt0u3w], [R], s[INITIALIZING]), reason [after recovery (replica) from node [[node_1][5y0yKnIhT0SpXiXfsH5mrg][Bills-MacBook-Pro.local][inet[/10.1.10.75:9304]]]]]: no change in cluster_state
[2014-02-18 15:36:53,875][DEBUG][cluster.service          ] [node_1] processing [shard-started ([test][2], node[5y0yKnIhT0SpXiXfsH5mrg], [R], s[INITIALIZING]), reason [master [node_1][5y0yKnIhT0SpXiXfsH5mrg][Bills-MacBook-Pro.local][inet[/10.1.10.75:9304]] marked shard as initializing, but shard state is [POST_RECOVERY], mark shard as started]]: execute
[2014-02-18 15:36:53,875][DEBUG][cluster.service          ] [node_1] processing [shard-started ([test][2], node[5y0yKnIhT0SpXiXfsH5mrg], [R], s[INITIALIZING]), reason [master [node_1][5y0yKnIhT0SpXiXfsH5mrg][Bills-MacBook-Pro.local][inet[/10.1.10.75:9304]] marked shard as initializing, but shard state is [POST_RECOVERY], mark shard as started]]: no change in cluster_state
[2014-02-18 15:36:53,910][INFO ][test                     ] Closing random node [node_1] 
[2014-02-18 15:36:53,910][INFO ][node                     ] [node_1] stopping ...
[2014-02-18 15:36:53,924][INFO ][discovery.zen            ] [node_2] master_left [[node_1][5y0yKnIhT0SpXiXfsH5mrg][Bills-MacBook-Pro.local][inet[/10.1.10.75:9304]]], reason [shut_down]
[2014-02-18 15:36:53,924][INFO ][discovery.zen            ] [node_3] master_left [[node_1][5y0yKnIhT0SpXiXfsH5mrg][Bills-MacBook-Pro.local][inet[/10.1.10.75:9304]]], reason [shut_down]
[2014-02-18 15:36:53,925][DEBUG][cluster.service          ] [node_2] processing [zen-disco-master_failed ([node_1][5y0yKnIhT0SpXiXfsH5mrg][Bills-MacBook-Pro.local][inet[/10.1.10.75:9304]])]: execute
[2014-02-18 15:36:53,926][DEBUG][cluster.service          ] [node_3] processing [zen-disco-master_failed ([node_1][5y0yKnIhT0SpXiXfsH5mrg][Bills-MacBook-Pro.local][inet[/10.1.10.75:9304]])]: execute
[2014-02-18 15:36:53,926][TRACE][cluster.service          ] [node_3] cluster state updated:
version [34], source [zen-disco-master_failed ([node_1][5y0yKnIhT0SpXiXfsH5mrg][Bills-MacBook-Pro.local][inet[/10.1.10.75:9304]])]
nodes: 
   [node_3][EWKzYWueR6KVbCvedt0u3w][Bills-MacBook-Pro.local][inet[/10.1.10.75:9306]], local, master
   [node_2][iMrqAb_7RzOiI6A65zlD4g][Bills-MacBook-Pro.local][inet[/10.1.10.75:9305]]
routing_table:
-- index [test]
----shard_id [test][2]
--------[test][2], node[5y0yKnIhT0SpXiXfsH5mrg], [R], s[STARTED]
--------[test][2], node[iMrqAb_7RzOiI6A65zlD4g], [P], s[STARTED]
----shard_id [test][0]
--------[test][0], node[EWKzYWueR6KVbCvedt0u3w], [R], s[STARTED]
--------[test][0], node[iMrqAb_7RzOiI6A65zlD4g], [P], s[STARTED]
----shard_id [test][3]
--------[test][3], node[5y0yKnIhT0SpXiXfsH5mrg], [P], s[STARTED]
--------[test][3], node[EWKzYWueR6KVbCvedt0u3w], [R], s[STARTED]
----shard_id [test][1]
--------[test][1], node[EWKzYWueR6KVbCvedt0u3w], [P], s[STARTED]
--------[test][1], node[iMrqAb_7RzOiI6A65zlD4g], [R], s[STARTED]
----shard_id [test][4]
--------[test][4], node[5y0yKnIhT0SpXiXfsH5mrg], [P], s[STARTED]
--------[test][4], node[EWKzYWueR6KVbCvedt0u3w], [R], s[STARTED]

routing_nodes:
-----node_id[5y0yKnIhT0SpXiXfsH5mrg][X]
--------[test][2], node[5y0yKnIhT0SpXiXfsH5mrg], [R], s[STARTED]
--------[test][3], node[5y0yKnIhT0SpXiXfsH5mrg], [P], s[STARTED]
--------[test][4], node[5y0yKnIhT0SpXiXfsH5mrg], [P], s[STARTED]
-----node_id[EWKzYWueR6KVbCvedt0u3w][V]
--------[test][0], node[EWKzYWueR6KVbCvedt0u3w], [R], s[STARTED]
--------[test][3], node[EWKzYWueR6KVbCvedt0u3w], [R], s[STARTED]
--------[test][1], node[EWKzYWueR6KVbCvedt0u3w], [P], s[STARTED]
--------[test][4], node[EWKzYWueR6KVbCvedt0u3w], [R], s[STARTED]
-----node_id[iMrqAb_7RzOiI6A65zlD4g][V]
--------[test][2], node[iMrqAb_7RzOiI6A65zlD4g], [P], s[STARTED]
--------[test][0], node[iMrqAb_7RzOiI6A65zlD4g], [P], s[STARTED]
--------[test][1], node[iMrqAb_7RzOiI6A65zlD4g], [R], s[STARTED]
---- unassigned

[2014-02-18 15:36:53,927][INFO ][cluster.service          ] [node_3] master {new [node_3][EWKzYWueR6KVbCvedt0u3w][Bills-MacBook-Pro.local][inet[/10.1.10.75:9306]], previous [node_1][5y0yKnIhT0SpXiXfsH5mrg][Bills-MacBook-Pro.local][inet[/10.1.10.75:9304]]}, removed {[node_1][5y0yKnIhT0SpXiXfsH5mrg][Bills-MacBook-Pro.local][inet[/10.1.10.75:9304]],}, reason: zen-disco-master_failed ([node_1][5y0yKnIhT0SpXiXfsH5mrg][Bills-MacBook-Pro.local][inet[/10.1.10.75:9304]])
[2014-02-18 15:36:53,927][DEBUG][cluster.service          ] [node_3] publishing cluster state version 34
[2014-02-18 15:36:53,926][TRACE][cluster.service          ] [node_2] cluster state updated:
version [33], source [zen-disco-master_failed ([node_1][5y0yKnIhT0SpXiXfsH5mrg][Bills-MacBook-Pro.local][inet[/10.1.10.75:9304]])]
nodes: 
   [node_3][EWKzYWueR6KVbCvedt0u3w][Bills-MacBook-Pro.local][inet[/10.1.10.75:9306]], master
   [node_2][iMrqAb_7RzOiI6A65zlD4g][Bills-MacBook-Pro.local][inet[/10.1.10.75:9305]], local
routing_table:
-- index [test]
----shard_id [test][2]
--------[test][2], node[5y0yKnIhT0SpXiXfsH5mrg], [R], s[STARTED]
--------[test][2], node[iMrqAb_7RzOiI6A65zlD4g], [P], s[STARTED]
----shard_id [test][0]
--------[test][0], node[EWKzYWueR6KVbCvedt0u3w], [R], s[STARTED]
--------[test][0], node[iMrqAb_7RzOiI6A65zlD4g], [P], s[STARTED]
----shard_id [test][3]
--------[test][3], node[5y0yKnIhT0SpXiXfsH5mrg], [P], s[STARTED]
--------[test][3], node[EWKzYWueR6KVbCvedt0u3w], [R], s[STARTED]
----shard_id [test][1]
--------[test][1], node[EWKzYWueR6KVbCvedt0u3w], [P], s[STARTED]
--------[test][1], node[iMrqAb_7RzOiI6A65zlD4g], [R], s[STARTED]
----shard_id [test][4]
--------[test][4], node[5y0yKnIhT0SpXiXfsH5mrg], [P], s[STARTED]
--------[test][4], node[EWKzYWueR6KVbCvedt0u3w], [R], s[STARTED]

routing_nodes:
-----node_id[5y0yKnIhT0SpXiXfsH5mrg][X]
--------[test][2], node[5y0yKnIhT0SpXiXfsH5mrg], [R], s[STARTED]
--------[test][3], node[5y0yKnIhT0SpXiXfsH5mrg], [P], s[STARTED]
--------[test][4], node[5y0yKnIhT0SpXiXfsH5mrg], [P], s[STARTED]
-----node_id[EWKzYWueR6KVbCvedt0u3w][V]
--------[test][0], node[EWKzYWueR6KVbCvedt0u3w], [R], s[STARTED]
--------[test][3], node[EWKzYWueR6KVbCvedt0u3w], [R], s[STARTED]
--------[test][1], node[EWKzYWueR6KVbCvedt0u3w], [P], s[STARTED]
--------[test][4], node[EWKzYWueR6KVbCvedt0u3w], [R], s[STARTED]
-----node_id[iMrqAb_7RzOiI6A65zlD4g][V]
--------[test][2], node[iMrqAb_7RzOiI6A65zlD4g], [P], s[STARTED]
--------[test][0], node[iMrqAb_7RzOiI6A65zlD4g], [P], s[STARTED]
--------[test][1], node[iMrqAb_7RzOiI6A65zlD4g], [R], s[STARTED]
---- unassigned

[2014-02-18 15:36:53,928][INFO ][cluster.service          ] [node_2] master {new [node_3][EWKzYWueR6KVbCvedt0u3w][Bills-MacBook-Pro.local][inet[/10.1.10.75:9306]], previous [node_1][5y0yKnIhT0SpXiXfsH5mrg][Bills-MacBook-Pro.local][inet[/10.1.10.75:9304]]}, removed {[node_1][5y0yKnIhT0SpXiXfsH5mrg][Bills-MacBook-Pro.local][inet[/10.1.10.75:9304]],}, reason: zen-disco-master_failed ([node_1][5y0yKnIhT0SpXiXfsH5mrg][Bills-MacBook-Pro.local][inet[/10.1.10.75:9304]])
[2014-02-18 15:36:53,928][DEBUG][cluster.service          ] [node_2] set local cluster state to version 33
[2014-02-18 15:36:53,929][DEBUG][cluster.service          ] [node_2] processing [zen-disco-master_failed ([node_1][5y0yKnIhT0SpXiXfsH5mrg][Bills-MacBook-Pro.local][inet[/10.1.10.75:9304]])]: done applying updated cluster_state (version: 33)
[2014-02-18 15:36:53,929][DEBUG][cluster.service          ] [node_2] processing [zen-disco-receive(from master [[node_3][EWKzYWueR6KVbCvedt0u3w][Bills-MacBook-Pro.local][inet[/10.1.10.75:9306]]])]: execute
[2014-02-18 15:36:53,930][TRACE][cluster.service          ] [node_2] cluster state updated:
version [34], source [zen-disco-receive(from master [[node_3][EWKzYWueR6KVbCvedt0u3w][Bills-MacBook-Pro.local][inet[/10.1.10.75:9306]]])]
nodes: 
   [node_3][EWKzYWueR6KVbCvedt0u3w][Bills-MacBook-Pro.local][inet[/10.1.10.75:9306]], master
   [node_2][iMrqAb_7RzOiI6A65zlD4g][Bills-MacBook-Pro.local][inet[/10.1.10.75:9305]], local
routing_table:
-- index [test]
----shard_id [test][2]
--------[test][2], node[5y0yKnIhT0SpXiXfsH5mrg], [R], s[STARTED]
--------[test][2], node[iMrqAb_7RzOiI6A65zlD4g], [P], s[STARTED]
----shard_id [test][0]
--------[test][0], node[EWKzYWueR6KVbCvedt0u3w], [R], s[STARTED]
--------[test][0], node[iMrqAb_7RzOiI6A65zlD4g], [P], s[STARTED]
----shard_id [test][3]
--------[test][3], node[5y0yKnIhT0SpXiXfsH5mrg], [P], s[STARTED]
--------[test][3], node[EWKzYWueR6KVbCvedt0u3w], [R], s[STARTED]
----shard_id [test][1]
--------[test][1], node[EWKzYWueR6KVbCvedt0u3w], [P], s[STARTED]
--------[test][1], node[iMrqAb_7RzOiI6A65zlD4g], [R], s[STARTED]
----shard_id [test][4]
--------[test][4], node[5y0yKnIhT0SpXiXfsH5mrg], [P], s[STARTED]
--------[test][4], node[EWKzYWueR6KVbCvedt0u3w], [R], s[STARTED]

routing_nodes:
-----node_id[5y0yKnIhT0SpXiXfsH5mrg][X]
--------[test][2], node[5y0yKnIhT0SpXiXfsH5mrg], [R], s[STARTED]
--------[test][3], node[5y0yKnIhT0SpXiXfsH5mrg], [P], s[STARTED]
--------[test][4], node[5y0yKnIhT0SpXiXfsH5mrg], [P], s[STARTED]
-----node_id[EWKzYWueR6KVbCvedt0u3w][V]
--------[test][0], node[EWKzYWueR6KVbCvedt0u3w], [R], s[STARTED]
--------[test][3], node[EWKzYWueR6KVbCvedt0u3w], [R], s[STARTED]
--------[test][1], node[EWKzYWueR6KVbCvedt0u3w], [P], s[STARTED]
--------[test][4], node[EWKzYWueR6KVbCvedt0u3w], [R], s[STARTED]
-----node_id[iMrqAb_7RzOiI6A65zlD4g][V]
--------[test][2], node[iMrqAb_7RzOiI6A65zlD4g], [P], s[STARTED]
--------[test][0], node[iMrqAb_7RzOiI6A65zlD4g], [P], s[STARTED]
--------[test][1], node[iMrqAb_7RzOiI6A65zlD4g], [R], s[STARTED]
---- unassigned

[2014-02-18 15:36:53,930][DEBUG][cluster.service          ] [node_2] set local cluster state to version 34
[2014-02-18 15:36:53,930][DEBUG][cluster.service          ] [node_2] processing [zen-disco-receive(from master [[node_3][EWKzYWueR6KVbCvedt0u3w][Bills-MacBook-Pro.local][inet[/10.1.10.75:9306]]])]: done applying updated cluster_state (version: 34)
[2014-02-18 15:36:53,931][INFO ][node                     ] [node_1] stopped
[2014-02-18 15:36:53,931][INFO ][node                     ] [node_1] closing ...
[2014-02-18 15:36:53,931][DEBUG][cluster.service          ] [node_3] set local cluster state to version 34
[2014-02-18 15:36:53,932][DEBUG][cluster.service          ] [node_3] processing [zen-disco-master_failed ([node_1][5y0yKnIhT0SpXiXfsH5mrg][Bills-MacBook-Pro.local][inet[/10.1.10.75:9304]])]: done applying updated cluster_state (version: 34)
[2014-02-18 15:36:53,932][DEBUG][cluster.service          ] [node_3] processing [routing-table-updater]: execute
[2014-02-18 15:36:53,933][TRACE][cluster.service          ] [node_3] cluster state updated:
version [35], source [routing-table-updater]
nodes: 
   [node_3][EWKzYWueR6KVbCvedt0u3w][Bills-MacBook-Pro.local][inet[/10.1.10.75:9306]], local, master
   [node_2][iMrqAb_7RzOiI6A65zlD4g][Bills-MacBook-Pro.local][inet[/10.1.10.75:9305]]
routing_table:
-- index [test]
----shard_id [test][2]
--------[test][2], node[EWKzYWueR6KVbCvedt0u3w], [R], s[INITIALIZING]
--------[test][2], node[iMrqAb_7RzOiI6A65zlD4g], [P], s[STARTED]
----shard_id [test][0]
--------[test][0], node[EWKzYWueR6KVbCvedt0u3w], [R], s[STARTED]
--------[test][0], node[iMrqAb_7RzOiI6A65zlD4g], [P], s[STARTED]
----shard_id [test][3]
--------[test][3], node[EWKzYWueR6KVbCvedt0u3w], [P], s[STARTED]
--------[test][3], node[iMrqAb_7RzOiI6A65zlD4g], [R], s[INITIALIZING]
----shard_id [test][1]
--------[test][1], node[EWKzYWueR6KVbCvedt0u3w], [P], s[STARTED]
--------[test][1], node[iMrqAb_7RzOiI6A65zlD4g], [R], s[STARTED]
----shard_id [test][4]
--------[test][4], node[EWKzYWueR6KVbCvedt0u3w], [P], s[STARTED]
--------[test][4], node[iMrqAb_7RzOiI6A65zlD4g], [R], s[INITIALIZING]

routing_nodes:
-----node_id[EWKzYWueR6KVbCvedt0u3w][V]
--------[test][2], node[EWKzYWueR6KVbCvedt0u3w], [R], s[INITIALIZING]
--------[test][0], node[EWKzYWueR6KVbCvedt0u3w], [R], s[STARTED]
--------[test][3], node[EWKzYWueR6KVbCvedt0u3w], [P], s[STARTED]
--------[test][1], node[EWKzYWueR6KVbCvedt0u3w], [P], s[STARTED]
--------[test][4], node[EWKzYWueR6KVbCvedt0u3w], [P], s[STARTED]
-----node_id[iMrqAb_7RzOiI6A65zlD4g][V]
--------[test][2], node[iMrqAb_7RzOiI6A65zlD4g], [P], s[STARTED]
--------[test][0], node[iMrqAb_7RzOiI6A65zlD4g], [P], s[STARTED]
--------[test][3], node[iMrqAb_7RzOiI6A65zlD4g], [R], s[INITIALIZING]
--------[test][1], node[iMrqAb_7RzOiI6A65zlD4g], [R], s[STARTED]
--------[test][4], node[iMrqAb_7RzOiI6A65zlD4g], [R], s[INITIALIZING]
---- unassigned

[2014-02-18 15:36:53,934][DEBUG][cluster.service          ] [node_3] publishing cluster state version 35
[2014-02-18 15:36:53,935][DEBUG][cluster.service          ] [node_2] processing [zen-disco-receive(from master [[node_3][EWKzYWueR6KVbCvedt0u3w][Bills-MacBook-Pro.local][inet[/10.1.10.75:9306]]])]: execute
[2014-02-18 15:36:53,935][INFO ][node                     ] [node_1] closed
[2014-02-18 15:36:53,935][TRACE][cluster.service          ] [node_2] cluster state updated:
version [35], source [zen-disco-receive(from master [[node_3][EWKzYWueR6KVbCvedt0u3w][Bills-MacBook-Pro.local][inet[/10.1.10.75:9306]]])]
nodes: 
   [node_3][EWKzYWueR6KVbCvedt0u3w][Bills-MacBook-Pro.local][inet[/10.1.10.75:9306]], master
   [node_2][iMrqAb_7RzOiI6A65zlD4g][Bills-MacBook-Pro.local][inet[/10.1.10.75:9305]], local
routing_table:
-- index [test]
----shard_id [test][2]
--------[test][2], node[EWKzYWueR6KVbCvedt0u3w], [R], s[INITIALIZING]
--------[test][2], node[iMrqAb_7RzOiI6A65zlD4g], [P], s[STARTED]
----shard_id [test][0]
--------[test][0], node[EWKzYWueR6KVbCvedt0u3w], [R], s[STARTED]
--------[test][0], node[iMrqAb_7RzOiI6A65zlD4g], [P], s[STARTED]
----shard_id [test][3]
--------[test][3], node[EWKzYWueR6KVbCvedt0u3w], [P], s[STARTED]
--------[test][3], node[iMrqAb_7RzOiI6A65zlD4g], [R], s[INITIALIZING]
----shard_id [test][1]
--------[test][1], node[EWKzYWueR6KVbCvedt0u3w], [P], s[STARTED]
--------[test][1], node[iMrqAb_7RzOiI6A65zlD4g], [R], s[STARTED]
----shard_id [test][4]
--------[test][4], node[EWKzYWueR6KVbCvedt0u3w], [P], s[STARTED]
--------[test][4], node[iMrqAb_7RzOiI6A65zlD4g], [R], s[INITIALIZING]

routing_nodes:
-----node_id[EWKzYWueR6KVbCvedt0u3w][V]
--------[test][2], node[EWKzYWueR6KVbCvedt0u3w], [R], s[INITIALIZING]
--------[test][0], node[EWKzYWueR6KVbCvedt0u3w], [R], s[STARTED]
--------[test][3], node[EWKzYWueR6KVbCvedt0u3w], [P], s[STARTED]
--------[test][1], node[EWKzYWueR6KVbCvedt0u3w], [P], s[STARTED]
--------[test][4], node[EWKzYWueR6KVbCvedt0u3w], [P], s[STARTED]
-----node_id[iMrqAb_7RzOiI6A65zlD4g][V]
--------[test][2], node[iMrqAb_7RzOiI6A65zlD4g], [P], s[STARTED]
--------[test][0], node[iMrqAb_7RzOiI6A65zlD4g], [P], s[STARTED]
--------[test][3], node[iMrqAb_7RzOiI6A65zlD4g], [R], s[INITIALIZING]
--------[test][1], node[iMrqAb_7RzOiI6A65zlD4g], [R], s[STARTED]
--------[test][4], node[iMrqAb_7RzOiI6A65zlD4g], [R], s[INITIALIZING]
---- unassigned

[2014-02-18 15:36:53,936][DEBUG][cluster.service          ] [node_2] set local cluster state to version 35
[2014-02-18 15:36:53,936][DEBUG][indices.cluster          ] [node_2] [test][3] creating shard
[2014-02-18 15:36:53,940][DEBUG][indices.cluster          ] [node_2] [test][4] creating shard
[2014-02-18 15:36:53,945][DEBUG][cluster.service          ] [node_2] processing [zen-disco-receive(from master [[node_3][EWKzYWueR6KVbCvedt0u3w][Bills-MacBook-Pro.local][inet[/10.1.10.75:9306]]])]: done applying updated cluster_state (version: 35)
[2014-02-18 15:36:53,945][DEBUG][cluster.service          ] [node_3] set local cluster state to version 35
[2014-02-18 15:36:53,945][DEBUG][indices.cluster          ] [node_3] [test][2] creating shard
[2014-02-18 15:36:53,951][DEBUG][cluster.service          ] [node_3] processing [routing-table-updater]: done applying updated cluster_state (version: 35)
[2014-02-18 15:36:53,951][DEBUG][cluster.service          ] [node_3] processing [cluster_health (wait_for_events [LANGUID])]: execute
[2014-02-18 15:36:53,952][DEBUG][cluster.service          ] [node_3] processing [cluster_health (wait_for_events [LANGUID])]: no change in cluster_state
[2014-02-18 15:36:54,187][DEBUG][cluster.service          ] [node_3] processing [shard-started ([test][2], node[EWKzYWueR6KVbCvedt0u3w], [R], s[INITIALIZING]), reason [after recovery (replica) from node [[node_2][iMrqAb_7RzOiI6A65zlD4g][Bills-MacBook-Pro.local][inet[/10.1.10.75:9305]]]]]: execute
[2014-02-18 15:36:54,188][TRACE][cluster.service          ] [node_3] cluster state updated:
version [36], source [shard-started ([test][2], node[EWKzYWueR6KVbCvedt0u3w], [R], s[INITIALIZING]), reason [after recovery (replica) from node [[node_2][iMrqAb_7RzOiI6A65zlD4g][Bills-MacBook-Pro.local][inet[/10.1.10.75:9305]]]]]
nodes: 
   [node_3][EWKzYWueR6KVbCvedt0u3w][Bills-MacBook-Pro.local][inet[/10.1.10.75:9306]], local, master
   [node_2][iMrqAb_7RzOiI6A65zlD4g][Bills-MacBook-Pro.local][inet[/10.1.10.75:9305]]
routing_table:
-- index [test]
----shard_id [test][4]
--------[test][4], node[EWKzYWueR6KVbCvedt0u3w], [P], s[STARTED]
--------[test][4], node[iMrqAb_7RzOiI6A65zlD4g], [R], s[INITIALIZING]
----shard_id [test][0]
--------[test][0], node[EWKzYWueR6KVbCvedt0u3w], [R], s[STARTED]
--------[test][0], node[iMrqAb_7RzOiI6A65zlD4g], [P], s[STARTED]
----shard_id [test][3]
--------[test][3], node[EWKzYWueR6KVbCvedt0u3w], [P], s[STARTED]
--------[test][3], node[iMrqAb_7RzOiI6A65zlD4g], [R], s[STARTED]
----shard_id [test][1]
--------[test][1], node[EWKzYWueR6KVbCvedt0u3w], [P], s[STARTED]
--------[test][1], node[iMrqAb_7RzOiI6A65zlD4g], [R], s[STARTED]
----shard_id [test][2]
--------[test][2], node[EWKzYWueR6KVbCvedt0u3w], [R], s[STARTED]
--------[test][2], node[iMrqAb_7RzOiI6A65zlD4g], [P], s[STARTED]

routing_nodes:
-----node_id[EWKzYWueR6KVbCvedt0u3w][V]
--------[test][4], node[EWKzYWueR6KVbCvedt0u3w], [P], s[STARTED]
--------[test][0], node[EWKzYWueR6KVbCvedt0u3w], [R], s[STARTED]
--------[test][3], node[EWKzYWueR6KVbCvedt0u3w], [P], s[STARTED]
--------[test][1], node[EWKzYWueR6KVbCvedt0u3w], [P], s[STARTED]
--------[test][2], node[EWKzYWueR6KVbCvedt0u3w], [R], s[STARTED]
-----node_id[iMrqAb_7RzOiI6A65zlD4g][V]
--------[test][4], node[iMrqAb_7RzOiI6A65zlD4g], [R], s[INITIALIZING]
--------[test][0], node[iMrqAb_7RzOiI6A65zlD4g], [P], s[STARTED]
--------[test][3], node[iMrqAb_7RzOiI6A65zlD4g], [R], s[STARTED]
--------[test][1], node[iMrqAb_7RzOiI6A65zlD4g], [R], s[STARTED]
--------[test][2], node[iMrqAb_7RzOiI6A65zlD4g], [P], s[STARTED]
---- unassigned

[2014-02-18 15:36:54,188][DEBUG][cluster.service          ] [node_3] publishing cluster state version 36
[2014-02-18 15:36:54,189][DEBUG][cluster.service          ] [node_2] processing [zen-disco-receive(from master [[node_3][EWKzYWueR6KVbCvedt0u3w][Bills-MacBook-Pro.local][inet[/10.1.10.75:9306]]])]: execute
[2014-02-18 15:36:54,189][TRACE][cluster.service          ] [node_2] cluster state updated:
version [36], source [zen-disco-receive(from master [[node_3][EWKzYWueR6KVbCvedt0u3w][Bills-MacBook-Pro.local][inet[/10.1.10.75:9306]]])]
nodes: 
   [node_3][EWKzYWueR6KVbCvedt0u3w][Bills-MacBook-Pro.local][inet[/10.1.10.75:9306]], master
   [node_2][iMrqAb_7RzOiI6A65zlD4g][Bills-MacBook-Pro.local][inet[/10.1.10.75:9305]], local
routing_table:
-- index [test]
----shard_id [test][4]
--------[test][4], node[EWKzYWueR6KVbCvedt0u3w], [P], s[STARTED]
--------[test][4], node[iMrqAb_7RzOiI6A65zlD4g], [R], s[INITIALIZING]
----shard_id [test][0]
--------[test][0], node[EWKzYWueR6KVbCvedt0u3w], [R], s[STARTED]
--------[test][0], node[iMrqAb_7RzOiI6A65zlD4g], [P], s[STARTED]
----shard_id [test][3]
--------[test][3], node[EWKzYWueR6KVbCvedt0u3w], [P], s[STARTED]
--------[test][3], node[iMrqAb_7RzOiI6A65zlD4g], [R], s[STARTED]
----shard_id [test][1]
--------[test][1], node[EWKzYWueR6KVbCvedt0u3w], [P], s[STARTED]
--------[test][1], node[iMrqAb_7RzOiI6A65zlD4g], [R], s[STARTED]
----shard_id [test][2]
--------[test][2], node[EWKzYWueR6KVbCvedt0u3w], [R], s[STARTED]
--------[test][2], node[iMrqAb_7RzOiI6A65zlD4g], [P], s[STARTED]

routing_nodes:
-----node_id[EWKzYWueR6KVbCvedt0u3w][V]
--------[test][4], node[EWKzYWueR6KVbCvedt0u3w], [P], s[STARTED]
--------[test][0], node[EWKzYWueR6KVbCvedt0u3w], [R], s[STARTED]
--------[test][3], node[EWKzYWueR6KVbCvedt0u3w], [P], s[STARTED]
--------[test][1], node[EWKzYWueR6KVbCvedt0u3w], [P], s[STARTED]
--------[test][2], node[EWKzYWueR6KVbCvedt0u3w], [R], s[STARTED]
-----node_id[iMrqAb_7RzOiI6A65zlD4g][V]
--------[test][4], node[iMrqAb_7RzOiI6A65zlD4g], [R], s[INITIALIZING]
--------[test][0], node[iMrqAb_7RzOiI6A65zlD4g], [P], s[STARTED]
--------[test][3], node[iMrqAb_7RzOiI6A65zlD4g], [R], s[STARTED]
--------[test][1], node[iMrqAb_7RzOiI6A65zlD4g], [R], s[STARTED]
--------[test][2], node[iMrqAb_7RzOiI6A65zlD4g], [P], s[STARTED]
---- unassigned

[2014-02-18 15:36:54,190][DEBUG][cluster.service          ] [node_2] set local cluster state to version 36
[2014-02-18 15:36:54,190][TRACE][indices.cluster          ] [node_2] [test][4] master marked shard as initializing, but shard has state [POST_RECOVERY], resending shard started
[2014-02-18 15:36:54,190][DEBUG][cluster.service          ] [node_2] processing [zen-disco-receive(from master [[node_3][EWKzYWueR6KVbCvedt0u3w][Bills-MacBook-Pro.local][inet[/10.1.10.75:9306]]])]: done applying updated cluster_state (version: 36)
[2014-02-18 15:36:54,190][DEBUG][cluster.service          ] [node_3] set local cluster state to version 36
[2014-02-18 15:36:54,191][DEBUG][cluster.service          ] [node_3] processing [shard-started ([test][2], node[EWKzYWueR6KVbCvedt0u3w], [R], s[INITIALIZING]), reason [after recovery (replica) from node [[node_2][iMrqAb_7RzOiI6A65zlD4g][Bills-MacBook-Pro.local][inet[/10.1.10.75:9305]]]]]: done applying updated cluster_state (version: 36)
[2014-02-18 15:36:54,191][DEBUG][cluster.service          ] [node_3] processing [shard-started ([test][3], node[iMrqAb_7RzOiI6A65zlD4g], [R], s[INITIALIZING]), reason [after recovery (replica) from node [[node_3][EWKzYWueR6KVbCvedt0u3w][Bills-MacBook-Pro.local][inet[/10.1.10.75:9306]]]]]: execute
[2014-02-18 15:36:54,191][DEBUG][cluster.service          ] [node_3] processing [shard-started ([test][3], node[iMrqAb_7RzOiI6A65zlD4g], [R], s[INITIALIZING]), reason [after recovery (replica) from node [[node_3][EWKzYWueR6KVbCvedt0u3w][Bills-MacBook-Pro.local][inet[/10.1.10.75:9306]]]]]: no change in cluster_state
[2014-02-18 15:36:54,191][DEBUG][cluster.service          ] [node_3] processing [shard-started ([test][4], node[iMrqAb_7RzOiI6A65zlD4g], [R], s[INITIALIZING]), reason [after recovery (replica) from node [[node_3][EWKzYWueR6KVbCvedt0u3w][Bills-MacBook-Pro.local][inet[/10.1.10.75:9306]]]]]: execute
[2014-02-18 15:36:54,192][TRACE][cluster.service          ] [node_3] cluster state updated:
version [37], source [shard-started ([test][4], node[iMrqAb_7RzOiI6A65zlD4g], [R], s[INITIALIZING]), reason [after recovery (replica) from node [[node_3][EWKzYWueR6KVbCvedt0u3w][Bills-MacBook-Pro.local][inet[/10.1.10.75:9306]]]]]
nodes: 
   [node_3][EWKzYWueR6KVbCvedt0u3w][Bills-MacBook-Pro.local][inet[/10.1.10.75:9306]], local, master
   [node_2][iMrqAb_7RzOiI6A65zlD4g][Bills-MacBook-Pro.local][inet[/10.1.10.75:9305]]
routing_table:
-- index [test]
----shard_id [test][2]
--------[test][2], node[EWKzYWueR6KVbCvedt0u3w], [R], s[STARTED]
--------[test][2], node[iMrqAb_7RzOiI6A65zlD4g], [P], s[STARTED]
----shard_id [test][0]
--------[test][0], node[EWKzYWueR6KVbCvedt0u3w], [R], s[STARTED]
--------[test][0], node[iMrqAb_7RzOiI6A65zlD4g], [P], s[STARTED]
----shard_id [test][3]
--------[test][3], node[EWKzYWueR6KVbCvedt0u3w], [P], s[STARTED]
--------[test][3], node[iMrqAb_7RzOiI6A65zlD4g], [R], s[STARTED]
----shard_id [test][1]
--------[test][1], node[EWKzYWueR6KVbCvedt0u3w], [P], s[STARTED]
--------[test][1], node[iMrqAb_7RzOiI6A65zlD4g], [R], s[STARTED]
----shard_id [test][4]
--------[test][4], node[EWKzYWueR6KVbCvedt0u3w], [P], s[STARTED]
--------[test][4], node[iMrqAb_7RzOiI6A65zlD4g], [R], s[STARTED]

routing_nodes:
-----node_id[EWKzYWueR6KVbCvedt0u3w][V]
--------[test][2], node[EWKzYWueR6KVbCvedt0u3w], [R], s[STARTED]
--------[test][0], node[EWKzYWueR6KVbCvedt0u3w], [R], s[STARTED]
--------[test][3], node[EWKzYWueR6KVbCvedt0u3w], [P], s[STARTED]
--------[test][1], node[EWKzYWueR6KVbCvedt0u3w], [P], s[STARTED]
--------[test][4], node[EWKzYWueR6KVbCvedt0u3w], [P], s[STARTED]
-----node_id[iMrqAb_7RzOiI6A65zlD4g][V]
--------[test][2], node[iMrqAb_7RzOiI6A65zlD4g], [P], s[STARTED]
--------[test][0], node[iMrqAb_7RzOiI6A65zlD4g], [P], s[STARTED]
--------[test][3], node[iMrqAb_7RzOiI6A65zlD4g], [R], s[STARTED]
--------[test][1], node[iMrqAb_7RzOiI6A65zlD4g], [R], s[STARTED]
--------[test][4], node[iMrqAb_7RzOiI6A65zlD4g], [R], s[STARTED]
---- unassigned

[2014-02-18 15:36:54,192][DEBUG][cluster.service          ] [node_3] publishing cluster state version 37
[2014-02-18 15:36:54,192][DEBUG][cluster.service          ] [node_2] processing [zen-disco-receive(from master [[node_3][EWKzYWueR6KVbCvedt0u3w][Bills-MacBook-Pro.local][inet[/10.1.10.75:9306]]])]: execute
[2014-02-18 15:36:54,193][TRACE][cluster.service          ] [node_2] cluster state updated:
version [37], source [zen-disco-receive(from master [[node_3][EWKzYWueR6KVbCvedt0u3w][Bills-MacBook-Pro.local][inet[/10.1.10.75:9306]]])]
nodes: 
   [node_3][EWKzYWueR6KVbCvedt0u3w][Bills-MacBook-Pro.local][inet[/10.1.10.75:9306]], master
   [node_2][iMrqAb_7RzOiI6A65zlD4g][Bills-MacBook-Pro.local][inet[/10.1.10.75:9305]], local
routing_table:
-- index [test]
----shard_id [test][2]
--------[test][2], node[EWKzYWueR6KVbCvedt0u3w], [R], s[STARTED]
--------[test][2], node[iMrqAb_7RzOiI6A65zlD4g], [P], s[STARTED]
----shard_id [test][0]
--------[test][0], node[EWKzYWueR6KVbCvedt0u3w], [R], s[STARTED]
--------[test][0], node[iMrqAb_7RzOiI6A65zlD4g], [P], s[STARTED]
----shard_id [test][3]
--------[test][3], node[EWKzYWueR6KVbCvedt0u3w], [P], s[STARTED]
--------[test][3], node[iMrqAb_7RzOiI6A65zlD4g], [R], s[STARTED]
----shard_id [test][1]
--------[test][1], node[EWKzYWueR6KVbCvedt0u3w], [P], s[STARTED]
--------[test][1], node[iMrqAb_7RzOiI6A65zlD4g], [R], s[STARTED]
----shard_id [test][4]
--------[test][4], node[EWKzYWueR6KVbCvedt0u3w], [P], s[STARTED]
--------[test][4], node[iMrqAb_7RzOiI6A65zlD4g], [R], s[STARTED]

routing_nodes:
-----node_id[EWKzYWueR6KVbCvedt0u3w][V]
--------[test][2], node[EWKzYWueR6KVbCvedt0u3w], [R], s[STARTED]
--------[test][0], node[EWKzYWueR6KVbCvedt0u3w], [R], s[STARTED]
--------[test][3], node[EWKzYWueR6KVbCvedt0u3w], [P], s[STARTED]
--------[test][1], node[EWKzYWueR6KVbCvedt0u3w], [P], s[STARTED]
--------[test][4], node[EWKzYWueR6KVbCvedt0u3w], [P], s[STARTED]
-----node_id[iMrqAb_7RzOiI6A65zlD4g][V]
--------[test][2], node[iMrqAb_7RzOiI6A65zlD4g], [P], s[STARTED]
--------[test][0], node[iMrqAb_7RzOiI6A65zlD4g], [P], s[STARTED]
--------[test][3], node[iMrqAb_7RzOiI6A65zlD4g], [R], s[STARTED]
--------[test][1], node[iMrqAb_7RzOiI6A65zlD4g], [R], s[STARTED]
--------[test][4], node[iMrqAb_7RzOiI6A65zlD4g], [R], s[STARTED]
---- unassigned

[2014-02-18 15:36:54,193][DEBUG][cluster.service          ] [node_2] set local cluster state to version 37
[2014-02-18 15:36:54,194][DEBUG][cluster.service          ] [node_2] processing [zen-disco-receive(from master [[node_3][EWKzYWueR6KVbCvedt0u3w][Bills-MacBook-Pro.local][inet[/10.1.10.75:9306]]])]: done applying updated cluster_state (version: 37)
[2014-02-18 15:36:54,194][DEBUG][cluster.service          ] [node_3] set local cluster state to version 37
[2014-02-18 15:36:54,194][DEBUG][cluster.service          ] [node_3] processing [shard-started ([test][4], node[iMrqAb_7RzOiI6A65zlD4g], [R], s[INITIALIZING]), reason [after recovery (replica) from node [[node_3][EWKzYWueR6KVbCvedt0u3w][Bills-MacBook-Pro.local][inet[/10.1.10.75:9306]]]]]: done applying updated cluster_state (version: 37)
[2014-02-18 15:36:54,194][DEBUG][cluster.service          ] [node_3] processing [shard-started ([test][4], node[iMrqAb_7RzOiI6A65zlD4g], [R], s[INITIALIZING]), reason [master [node_3][EWKzYWueR6KVbCvedt0u3w][Bills-MacBook-Pro.local][inet[/10.1.10.75:9306]] marked shard as initializing, but shard state is [POST_RECOVERY], mark shard as started]]: execute
[2014-02-18 15:36:54,195][DEBUG][cluster.service          ] [node_3] processing [shard-started ([test][4], node[iMrqAb_7RzOiI6A65zlD4g], [R], s[INITIALIZING]), reason [master [node_3][EWKzYWueR6KVbCvedt0u3w][Bills-MacBook-Pro.local][inet[/10.1.10.75:9306]] marked shard as initializing, but shard state is [POST_RECOVERY], mark shard as started]]: no change in cluster_state
[2014-02-18 15:36:54,326][WARN ][discovery.zen.ping.multicast] [node_3] failed to receive packet, throttling...
java.net.SocketException: Socket closed
	at java.net.PlainDatagramSocketImpl.peekData(Native Method)
	at java.net.DatagramSocket.receive(DatagramSocket.java:726)
	at org.elasticsearch.discovery.zen.ping.multicast.MulticastZenPing$Receiver.run(MulticastZenPing.java:366)
	at java.lang.Thread.run(Thread.java:744)
[2014-02-18 15:36:54,353][INFO ][test                     ] Closing random node [node_2] 
[2014-02-18 15:36:54,353][INFO ][node                     ] [node_2] stopping ...
[2014-02-18 15:36:54,366][DEBUG][cluster.service          ] [node_3] processing [zen-disco-node_left([node_2][iMrqAb_7RzOiI6A65zlD4g][Bills-MacBook-Pro.local][inet[/10.1.10.75:9305]])]: execute
[2014-02-18 15:36:54,367][TRACE][cluster.service          ] [node_3] cluster state updated:
version [38], source [zen-disco-node_left([node_2][iMrqAb_7RzOiI6A65zlD4g][Bills-MacBook-Pro.local][inet[/10.1.10.75:9305]])]
nodes: 
   [node_3][EWKzYWueR6KVbCvedt0u3w][Bills-MacBook-Pro.local][inet[/10.1.10.75:9306]], local, master
routing_table:
-- index [test]
----shard_id [test][4]
--------[test][4], node[EWKzYWueR6KVbCvedt0u3w], [P], s[STARTED]
--------[test][4], node[null], [R], s[UNASSIGNED]
----shard_id [test][0]
--------[test][0], node[EWKzYWueR6KVbCvedt0u3w], [P], s[STARTED]
--------[test][0], node[null], [R], s[UNASSIGNED]
----shard_id [test][3]
--------[test][3], node[EWKzYWueR6KVbCvedt0u3w], [P], s[STARTED]
--------[test][3], node[null], [R], s[UNASSIGNED]
----shard_id [test][1]
--------[test][1], node[EWKzYWueR6KVbCvedt0u3w], [P], s[STARTED]
--------[test][1], node[null], [R], s[UNASSIGNED]
----shard_id [test][2]
--------[test][2], node[EWKzYWueR6KVbCvedt0u3w], [P], s[STARTED]
--------[test][2], node[null], [R], s[UNASSIGNED]

routing_nodes:
-----node_id[EWKzYWueR6KVbCvedt0u3w][V]
--------[test][4], node[EWKzYWueR6KVbCvedt0u3w], [P], s[STARTED]
--------[test][0], node[EWKzYWueR6KVbCvedt0u3w], [P], s[STARTED]
--------[test][3], node[EWKzYWueR6KVbCvedt0u3w], [P], s[STARTED]
--------[test][1], node[EWKzYWueR6KVbCvedt0u3w], [P], s[STARTED]
--------[test][2], node[EWKzYWueR6KVbCvedt0u3w], [P], s[STARTED]
---- unassigned
--------[test][4], node[null], [R], s[UNASSIGNED]
--------[test][0], node[null], [R], s[UNASSIGNED]
--------[test][3], node[null], [R], s[UNASSIGNED]
--------[test][1], node[null], [R], s[UNASSIGNED]
--------[test][2], node[null], [R], s[UNASSIGNED]

[2014-02-18 15:36:54,367][INFO ][cluster.service          ] [node_3] removed {[node_2][iMrqAb_7RzOiI6A65zlD4g][Bills-MacBook-Pro.local][inet[/10.1.10.75:9305]],}, reason: zen-disco-node_left([node_2][iMrqAb_7RzOiI6A65zlD4g][Bills-MacBook-Pro.local][inet[/10.1.10.75:9305]])
[2014-02-18 15:36:54,367][DEBUG][cluster.service          ] [node_3] publishing cluster state version 38
[2014-02-18 15:36:54,368][DEBUG][cluster.service          ] [node_3] set local cluster state to version 38
[2014-02-18 15:36:54,368][DEBUG][cluster.service          ] [node_3] processing [zen-disco-node_left([node_2][iMrqAb_7RzOiI6A65zlD4g][Bills-MacBook-Pro.local][inet[/10.1.10.75:9305]])]: done applying updated cluster_state (version: 38)
[2014-02-18 15:36:54,368][DEBUG][cluster.service          ] [node_3] processing [routing-table-updater]: execute
[2014-02-18 15:36:54,369][DEBUG][cluster.service          ] [node_3] processing [routing-table-updater]: no change in cluster_state
[2014-02-18 15:36:54,374][INFO ][node                     ] [node_2] stopped
[2014-02-18 15:36:54,374][INFO ][node                     ] [node_2] closing ...
[2014-02-18 15:36:54,377][INFO ][node                     ] [node_2] closed
[2014-02-18 15:36:54,378][DEBUG][cluster.service          ] [node_3] processing [cluster_health (wait_for_events [LANGUID])]: execute
[2014-02-18 15:36:54,378][DEBUG][cluster.service          ] [node_3] processing [cluster_health (wait_for_events [LANGUID])]: no change in cluster_state
[2014-02-18 15:36:54,384][INFO ][recovery                 ] [FullRollingRestartTests#testFullRollingRestart]: cleaning up after test
[2014-02-18 15:36:54,384][INFO ][node                     ] [node_3] stopping ...
[2014-02-18 15:36:54,419][INFO ][node                     ] [node_3] stopped
[2014-02-18 15:36:54,420][INFO ][node                     ] [node_3] closing ...
[2014-02-18 15:36:54,422][INFO ][node                     ] [node_3] closed
[2014-02-18 15:36:54,422][INFO ][recovery                 ] [FullRollingRestartTests#testFullRollingRestart]: cleaned up after test
[2014-02-18 15:36:54,423][INFO ][test                     ] Wipe data directory for all nodes locations: [/Users/bhwang/elasticsearch/target/J0/data/TEST-Bills-MacBook-Pro.local-CHILD_VM=[0]-CLUSTER_SEED=[1524955850269721296]-HASH=[135419D70D01DD98]/nodes/3, /Users/bhwang/elasticsearch/target/J0/data/TEST-Bills-MacBook-Pro.local-CHILD_VM=[0]-CLUSTER_SEED=[1524955850269721296]-HASH=[135419D70D01DD98]/nodes/2, /Users/bhwang/elasticsearch/target/J0/data/TEST-Bills-MacBook-Pro.local-CHILD_VM=[0]-CLUSTER_SEED=[1524955850269721296]-HASH=[135419D70D01DD98]/nodes/4, /Users/bhwang/elasticsearch/target/J0/data/TEST-Bills-MacBook-Pro.local-CHILD_VM=[0]-CLUSTER_SEED=[1524955850269721296]-HASH=[135419D70D01DD98]/nodes/1, /Users/bhwang/elasticsearch/target/J0/data/TEST-Bills-MacBook-Pro.local-CHILD_VM=[0]-CLUSTER_SEED=[1524955850269721296]-HASH=[135419D70D01DD98]/nodes/0]
[2014-02-18 15:36:54,467][INFO ][test                     ] Test testFullRollingRestart(org.elasticsearch.recovery.FullRollingRestartTests) finished
]]></system-out>
   <system-err><![CDATA[]]></system-err>
</testsuite>