<testsuite errors="0" failures="0" tests="2" skipped="0" name="org.elasticsearch.search.basic.SearchWithRandomExceptionsTests" hostname="nohost.nodomain" time="1.47" timestamp="2014-02-18T16:00:41">
   <properties class="java.util.ArrayList">
      <property name="awt.toolkit" value="sun.lwawt.macosx.LWCToolkit"/>
      <property name="es.logger.level" value="INFO"/>
      <property name="es.logger.prefix" value=""/>
      <property name="es.node.local" value=""/>
      <property name="es.node.mode" value=""/>
      <property name="file.encoding" value="UTF-8"/>
      <property name="file.encoding.pkg" value="sun.io"/>
      <property name="file.separator" value="/"/>
      <property name="ftp.nonProxyHosts" value="local|*.local|169.254/16|*.169.254/16"/>
      <property name="gopherProxySet" value="false"/>
      <property name="http.nonProxyHosts" value="local|*.local|169.254/16|*.169.254/16"/>
      <property name="java.awt.graphicsenv" value="sun.awt.CGraphicsEnvironment"/>
      <property name="java.awt.headless" value="true"/>
      <property name="java.awt.printerjob" value="sun.lwawt.macosx.CPrinterJob"/>
      <property name="java.class.path" value="/Users/bhwang/elasticsearch/target/test-classes:/Users/bhwang/elasticsearch/target/classes:/Users/bhwang/.m2/repository/org/hamcrest/hamcrest-all/1.3/hamcrest-all-1.3.jar:/Users/bhwang/.m2/repository/com/carrotsearch/randomizedtesting/randomizedtesting-runner/2.0.15/randomizedtesting-runner-2.0.15.jar:/Users/bhwang/.m2/repository/junit/junit/4.10/junit-4.10.jar:/Users/bhwang/.m2/repository/org/apache/lucene/lucene-test-framework/4.6.1/lucene-test-framework-4.6.1.jar:/Users/bhwang/.m2/repository/org/apache/lucene/lucene-expressions/4.6.1/lucene-expressions-4.6.1.jar:/Users/bhwang/.m2/repository/org/antlr/antlr-runtime/3.5/antlr-runtime-3.5.jar:/Users/bhwang/.m2/repository/org/ow2/asm/asm/4.1/asm-4.1.jar:/Users/bhwang/.m2/repository/org/ow2/asm/asm-commons/4.1/asm-commons-4.1.jar:/Users/bhwang/.m2/repository/org/apache/httpcomponents/httpclient/4.3.1/httpclient-4.3.1.jar:/Users/bhwang/.m2/repository/org/apache/httpcomponents/httpcore/4.3/httpcore-4.3.jar:/Users/bhwang/.m2/repository/commons-logging/commons-logging/1.1.3/commons-logging-1.1.3.jar:/Users/bhwang/.m2/repository/commons-codec/commons-codec/1.6/commons-codec-1.6.jar:/Users/bhwang/.m2/repository/org/apache/lucene/lucene-core/4.6.1/lucene-core-4.6.1.jar:/Users/bhwang/.m2/repository/org/apache/lucene/lucene-analyzers-common/4.6.1/lucene-analyzers-common-4.6.1.jar:/Users/bhwang/.m2/repository/org/apache/lucene/lucene-codecs/4.6.1/lucene-codecs-4.6.1.jar:/Users/bhwang/.m2/repository/org/apache/lucene/lucene-queries/4.6.1/lucene-queries-4.6.1.jar:/Users/bhwang/.m2/repository/org/apache/lucene/lucene-memory/4.6.1/lucene-memory-4.6.1.jar:/Users/bhwang/.m2/repository/org/apache/lucene/lucene-highlighter/4.6.1/lucene-highlighter-4.6.1.jar:/Users/bhwang/.m2/repository/org/apache/lucene/lucene-queryparser/4.6.1/lucene-queryparser-4.6.1.jar:/Users/bhwang/.m2/repository/org/apache/lucene/lucene-sandbox/4.6.1/lucene-sandbox-4.6.1.jar:/Users/bhwang/.m2/repository/org/apache/lucene/lucene-suggest/4.6.1/lucene-suggest-4.6.1.jar:/Users/bhwang/.m2/repository/org/apache/lucene/lucene-misc/4.6.1/lucene-misc-4.6.1.jar:/Users/bhwang/.m2/repository/org/apache/lucene/lucene-join/4.6.1/lucene-join-4.6.1.jar:/Users/bhwang/.m2/repository/org/apache/lucene/lucene-grouping/4.6.1/lucene-grouping-4.6.1.jar:/Users/bhwang/.m2/repository/org/apache/lucene/lucene-spatial/4.6.1/lucene-spatial-4.6.1.jar:/Users/bhwang/.m2/repository/com/spatial4j/spatial4j/0.3/spatial4j-0.3.jar:/Users/bhwang/.m2/repository/com/vividsolutions/jts/1.12/jts-1.12.jar:/Users/bhwang/.m2/repository/com/google/guava/guava/16.0/guava-16.0.jar:/Users/bhwang/.m2/repository/com/carrotsearch/hppc/0.5.3/hppc-0.5.3.jar:/Users/bhwang/.m2/repository/joda-time/joda-time/2.3/joda-time-2.3.jar:/Users/bhwang/.m2/repository/org/joda/joda-convert/1.2/joda-convert-1.2.jar:/Users/bhwang/.m2/repository/org/mvel/mvel2/2.1.5.Final/mvel2-2.1.5.Final.jar:/Users/bhwang/.m2/repository/com/fasterxml/jackson/core/jackson-core/2.3.0/jackson-core-2.3.0.jar:/Users/bhwang/.m2/repository/com/fasterxml/jackson/dataformat/jackson-dataformat-smile/2.3.0/jackson-dataformat-smile-2.3.0.jar:/Users/bhwang/.m2/repository/com/fasterxml/jackson/dataformat/jackson-dataformat-yaml/2.3.0/jackson-dataformat-yaml-2.3.0.jar:/Users/bhwang/.m2/repository/io/netty/netty/3.9.0.Final/netty-3.9.0.Final.jar:/Users/bhwang/.m2/repository/com/ning/compress-lzf/0.9.6/compress-lzf-0.9.6.jar:/Users/bhwang/.m2/repository/log4j/log4j/1.2.17/log4j-1.2.17.jar:/Users/bhwang/.m2/repository/org/slf4j/slf4j-api/1.6.2/slf4j-api-1.6.2.jar:/Users/bhwang/.m2/repository/net/java/dev/jna/jna/3.3.0/jna-3.3.0.jar:/Users/bhwang/.m2/repository/org/fusesource/sigar/1.6.4/sigar-1.6.4.jar:/Users/bhwang/.m2/repository/com/carrotsearch/randomizedtesting/junit4-ant/2.0.15/junit4-ant-2.0.15.jar"/>
      <property name="java.class.version" value="51.0"/>
      <property name="java.endorsed.dirs" value="/Library/Java/JavaVirtualMachines/jdk1.7.0_45.jdk/Contents/Home/jre/lib/endorsed"/>
      <property name="java.ext.dirs" value="/Users/bhwang/Library/Java/Extensions:/Library/Java/JavaVirtualMachines/jdk1.7.0_45.jdk/Contents/Home/jre/lib/ext:/Library/Java/Extensions:/Network/Library/Java/Extensions:/System/Library/Java/Extensions:/usr/lib/java"/>
      <property name="java.home" value="/Library/Java/JavaVirtualMachines/jdk1.7.0_45.jdk/Contents/Home/jre"/>
      <property name="java.io.tmpdir" value="."/>
      <property name="java.library.path" value="/Users/bhwang/Library/Java/Extensions:/Library/Java/Extensions:/Network/Library/Java/Extensions:/System/Library/Java/Extensions:/usr/lib/java:."/>
      <property name="java.runtime.name" value="Java(TM) SE Runtime Environment"/>
      <property name="java.runtime.version" value="1.7.0_45-b18"/>
      <property name="java.security.policy" value="/Users/bhwang/elasticsearch/dev-tools/tests.policy"/>
      <property name="java.specification.name" value="Java Platform API Specification"/>
      <property name="java.specification.vendor" value="Oracle Corporation"/>
      <property name="java.specification.version" value="1.7"/>
      <property name="java.vendor" value="Oracle Corporation"/>
      <property name="java.vendor.url" value="http://java.oracle.com/"/>
      <property name="java.vendor.url.bug" value="http://bugreport.sun.com/bugreport/"/>
      <property name="java.version" value="1.7.0_45"/>
      <property name="java.vm.info" value="mixed mode"/>
      <property name="java.vm.name" value="Java HotSpot(TM) 64-Bit Server VM"/>
      <property name="java.vm.specification.name" value="Java Virtual Machine Specification"/>
      <property name="java.vm.specification.vendor" value="Oracle Corporation"/>
      <property name="java.vm.specification.version" value="1.7"/>
      <property name="java.vm.vendor" value="Oracle Corporation"/>
      <property name="java.vm.version" value="24.45-b08"/>
      <property name="junit4.childvm.cwd" value="/Users/bhwang/elasticsearch/target/J0"/>
      <property name="junit4.childvm.id" value="0"/>
      <property name="junit4.memory.total" value="128974848"/>
      <property name="junit4.pidString" value="6815@Bills-MacBook-Pro.local"/>
      <property name="junit4.processors" value="4"/>
      <property name="junit4.tempDir" value="/Users/bhwang/elasticsearch/target"/>
      <property name="line.separator" value="
"/>
      <property name="os.arch" value="x86_64"/>
      <property name="os.name" value="Mac OS X"/>
      <property name="os.version" value="10.9.1"/>
      <property name="path.separator" value=":"/>
      <property name="socksNonProxyHosts" value="local|*.local|169.254/16|*.169.254/16"/>
      <property name="sun.arch.data.model" value="64"/>
      <property name="sun.boot.class.path" value="/Library/Java/JavaVirtualMachines/jdk1.7.0_45.jdk/Contents/Home/jre/lib/resources.jar:/Library/Java/JavaVirtualMachines/jdk1.7.0_45.jdk/Contents/Home/jre/lib/rt.jar:/Library/Java/JavaVirtualMachines/jdk1.7.0_45.jdk/Contents/Home/jre/lib/sunrsasign.jar:/Library/Java/JavaVirtualMachines/jdk1.7.0_45.jdk/Contents/Home/jre/lib/jsse.jar:/Library/Java/JavaVirtualMachines/jdk1.7.0_45.jdk/Contents/Home/jre/lib/jce.jar:/Library/Java/JavaVirtualMachines/jdk1.7.0_45.jdk/Contents/Home/jre/lib/charsets.jar:/Library/Java/JavaVirtualMachines/jdk1.7.0_45.jdk/Contents/Home/jre/lib/jfr.jar:/Library/Java/JavaVirtualMachines/jdk1.7.0_45.jdk/Contents/Home/jre/lib/JObjC.jar:/Library/Java/JavaVirtualMachines/jdk1.7.0_45.jdk/Contents/Home/jre/classes"/>
      <property name="sun.boot.library.path" value="/Library/Java/JavaVirtualMachines/jdk1.7.0_45.jdk/Contents/Home/jre/lib"/>
      <property name="sun.cpu.endian" value="little"/>
      <property name="sun.cpu.isalist" value=""/>
      <property name="sun.io.unicode.encoding" value="UnicodeBig"/>
      <property name="sun.java.command" value="com.carrotsearch.ant.tasks.junit4.slave.SlaveMainSafe -flush -eventsfile /Users/bhwang/elasticsearch/target/junit4-J0-20140218_153326_767.events @/Users/bhwang/elasticsearch/target/junit4-J0-20140218_153326_767.suites -stdin"/>
      <property name="sun.java.launcher" value="SUN_STANDARD"/>
      <property name="sun.jnu.encoding" value="UTF-8"/>
      <property name="sun.management.compiler" value="HotSpot 64-Bit Tiered Compilers"/>
      <property name="sun.os.patch.level" value="unknown"/>
      <property name="tests.appendseed" value=""/>
      <property name="tests.assertion.disabled" value=""/>
      <property name="tests.awaitsfix" value=""/>
      <property name="tests.badapples" value=""/>
      <property name="tests.class" value=""/>
      <property name="tests.client.ratio" value=""/>
      <property name="tests.cluster_seed" value=""/>
      <property name="tests.enable_mock_modules" value=""/>
      <property name="tests.failfast" value=""/>
      <property name="tests.integration" value=""/>
      <property name="tests.iters" value=""/>
      <property name="tests.jvm.argline" value=""/>
      <property name="tests.maxfailures" value=""/>
      <property name="tests.method" value=""/>
      <property name="tests.network" value=""/>
      <property name="tests.nightly" value=""/>
      <property name="tests.prefix" value="tests"/>
      <property name="tests.rest" value=""/>
      <property name="tests.rest.spec" value=""/>
      <property name="tests.rest.suite" value=""/>
      <property name="tests.security.manager" value=""/>
      <property name="tests.seed" value="A89B4FF56754358E"/>
      <property name="tests.showSuccess" value=""/>
      <property name="tests.slow" value=""/>
      <property name="tests.timeoutSuite" value=""/>
      <property name="tests.weekly" value=""/>
      <property name="user.country" value="US"/>
      <property name="user.dir" value="/Users/bhwang/elasticsearch/target/J0"/>
      <property name="user.home" value="/Users/bhwang"/>
      <property name="user.language" value="en"/>
      <property name="user.name" value="bhwang"/>
      <property name="user.timezone" value=""/>
   </properties>
   <testcase classname="org.elasticsearch.search.basic.SearchWithRandomExceptionsTests" name="testRandomDirectoryIOExceptions" time="0.438"/>
   <testcase classname="org.elasticsearch.search.basic.SearchWithRandomExceptionsTests" name="testRandomExceptions" time="1.023"/>
   <system-out><![CDATA[[2014-02-18 16:00:41,600][INFO ][test                     ] Test testRandomDirectoryIOExceptions(org.elasticsearch.search.basic.SearchWithRandomExceptionsTests) started
[2014-02-18 16:00:41,603][INFO ][plugins                  ] [transport_client_node_1] loaded [], sites []
[2014-02-18 16:00:41,630][INFO ][search.basic             ] [SearchWithRandomExceptionsTests#testRandomDirectoryIOExceptions]: before test
[2014-02-18 16:00:41,631][INFO ][search.basic             ] creating index: [test] using settings: [{index.number_of_shards=1, index.number_of_replicas=0, index.store.mock.random.io_exception_rate=0.0, index.store.mock.random.io_exception_rate_on_open=0.022727272727272728, index.store.mock.check_index_on_close=true}]
[2014-02-18 16:00:41,639][INFO ][cluster.metadata         ] [node_0] [test] creating index, cause [api], shards [1]/[0], mappings [type]
[2014-02-18 16:00:41,874][INFO ][search.basic             ] Start Refresh
[2014-02-18 16:00:41,988][INFO ][search.basic             ] Refresh failed [false] numShardsFailed: [0], shardFailuresLength: [0], successfulShards: [1], totalShards: [1] 
[2014-02-18 16:00:41,988][INFO ][search.basic             ] Searching for [test:six ]
[2014-02-18 16:00:41,989][INFO ][search.basic             ] Successful shards: [1]  numShards: [1]
[2014-02-18 16:00:41,990][INFO ][search.basic             ] Searching for [test:four ]
[2014-02-18 16:00:41,992][INFO ][search.basic             ] Successful shards: [1]  numShards: [1]
[2014-02-18 16:00:41,993][INFO ][search.basic             ] Searching for [test:sixteen ]
[2014-02-18 16:00:41,994][INFO ][search.basic             ] Successful shards: [1]  numShards: [1]
[2014-02-18 16:00:41,996][INFO ][search.basic             ] Searching for [test:five ]
[2014-02-18 16:00:41,997][INFO ][search.basic             ] Successful shards: [1]  numShards: [1]
[2014-02-18 16:00:41,998][INFO ][search.basic             ] Searching for [test:five ]
[2014-02-18 16:00:42,000][INFO ][search.basic             ] Successful shards: [1]  numShards: [1]
[2014-02-18 16:00:42,001][INFO ][search.basic             ] Searching for [test:eighteen ]
[2014-02-18 16:00:42,002][INFO ][search.basic             ] Successful shards: [1]  numShards: [1]
[2014-02-18 16:00:42,004][INFO ][search.basic             ] Searching for [test:two ]
[2014-02-18 16:00:42,005][INFO ][search.basic             ] Successful shards: [1]  numShards: [1]
[2014-02-18 16:00:42,006][INFO ][search.basic             ] Searching for [test:zero]
[2014-02-18 16:00:42,007][INFO ][search.basic             ] Successful shards: [1]  numShards: [1]
[2014-02-18 16:00:42,008][INFO ][search.basic             ] Searching for [test:three ]
[2014-02-18 16:00:42,010][INFO ][search.basic             ] Successful shards: [1]  numShards: [1]
[2014-02-18 16:00:42,011][INFO ][search.basic             ] Searching for [test:twenty-three ]
[2014-02-18 16:00:42,012][INFO ][search.basic             ] Successful shards: [1]  numShards: [1]
[2014-02-18 16:00:42,013][INFO ][search.basic             ] Searching for [test:five ]
[2014-02-18 16:00:42,014][INFO ][search.basic             ] Successful shards: [1]  numShards: [1]
[2014-02-18 16:00:42,015][INFO ][search.basic             ] Searching for [test:twenty-one ]
[2014-02-18 16:00:42,016][INFO ][search.basic             ] Successful shards: [1]  numShards: [1]
[2014-02-18 16:00:42,017][INFO ][search.basic             ] Searching for [test:six ]
[2014-02-18 16:00:42,018][INFO ][search.basic             ] Successful shards: [1]  numShards: [1]
[2014-02-18 16:00:42,019][INFO ][search.basic             ] Searching for [test:eleven ]
[2014-02-18 16:00:42,020][INFO ][search.basic             ] Successful shards: [1]  numShards: [1]
[2014-02-18 16:00:42,021][INFO ][search.basic             ] Searching for [test:fifteen ]
[2014-02-18 16:00:42,021][INFO ][search.basic             ] Successful shards: [1]  numShards: [1]
[2014-02-18 16:00:42,022][INFO ][search.basic             ] [SearchWithRandomExceptionsTests#testRandomDirectoryIOExceptions]: cleaning up after test
[2014-02-18 16:00:42,023][INFO ][cluster.metadata         ] [node_0] [test] deleting index
[2014-02-18 16:00:42,034][INFO ][search.basic             ] [SearchWithRandomExceptionsTests#testRandomDirectoryIOExceptions]: cleaned up after test
[2014-02-18 16:00:42,038][INFO ][test                     ] Test testRandomDirectoryIOExceptions(org.elasticsearch.search.basic.SearchWithRandomExceptionsTests) finished
[2014-02-18 16:00:42,039][INFO ][test                     ] Test testRandomExceptions(org.elasticsearch.search.basic.SearchWithRandomExceptionsTests) started
[2014-02-18 16:00:42,042][INFO ][plugins                  ] [transport_client_node_2] loaded [], sites []
[2014-02-18 16:00:42,064][INFO ][plugins                  ] [transport_client_node_1] loaded [], sites []
[2014-02-18 16:00:42,088][INFO ][search.basic             ] [SearchWithRandomExceptionsTests#testRandomExceptions]: before test
[2014-02-18 16:00:42,089][INFO ][search.basic             ] creating index: [test] using settings: [{index.number_of_shards=3, index.number_of_replicas=0, index.engine.mock.random.wrapper=org.elasticsearch.search.basic.SearchWithRandomExceptionsTests$RandomExceptionDirectoryReaderWrapper, index.engine.exception.ratio.top=0.1, index.engine.exception.ratio.low=0.16666666666666666, index.engine.mock.random.wrap_reader_ratio=1.0}]
[2014-02-18 16:00:42,097][INFO ][cluster.metadata         ] [node_0] [test] creating index, cause [api], shards [3]/[0], mappings [type]
[2014-02-18 16:00:42,351][INFO ][search.basic             ] Start Refresh
[2014-02-18 16:00:42,460][INFO ][search.basic             ] Refresh failed [false] numShardsFailed: [0], shardFailuresLength: [0], successfulShards: [3], totalShards: [3] 
[2014-02-18 16:00:42,461][INFO ][search.basic             ] Searching for [test:five ]
[2014-02-18 16:00:42,469][INFO ][search.basic             ] expected SearchPhaseException: [Failed to execute phase [query], all shards failed; shardFailures {[t8Mqv-hjRzqYCBodDxtrKQ][test][0]: RemoteTransportException[[node_1][inet[/10.1.10.75:9301]][search/phase/query]]; nested: QueryPhaseExecutionException[[test][0]: query[test:five ],from[0],size[10]: Query Failed [Failed to execute main query]]; nested: RuntimeException[java.io.IOException: Forced top level Exception on [Fields]]; nested: IOException[Forced top level Exception on [Fields]]; }{[q75XUfcITqG3o93Z8EOFnw][test][1]: QueryPhaseExecutionException[[test][1]: query[test:five ],from[0],size[10]: Query Failed [Failed to execute main query]]; nested: RuntimeException[java.io.IOException: Forced top level Exception on [Fields]]; nested: IOException[Forced top level Exception on [Fields]]; }{[tbUF3y2YTPm1TPdTF8YBYw][test][2]: RemoteTransportException[[node_0][inet[/10.1.10.75:9300]][search/phase/query]]; nested: QueryPhaseExecutionException[[test][2]: query[test:five ],from[0],size[10]: Query Failed [Failed to execute main query]]; nested: RuntimeException[java.io.IOException: Forced top level Exception on [Fields]]; nested: IOException[Forced top level Exception on [Fields]]; }]
[2014-02-18 16:00:42,469][INFO ][search.basic             ] Searching for [test:eleven ]
[2014-02-18 16:00:42,475][INFO ][search.basic             ] expected SearchPhaseException: [Failed to execute phase [dfs], all shards failed; shardFailures {[t8Mqv-hjRzqYCBodDxtrKQ][test][0]: RemoteTransportException[[node_1][inet[/10.1.10.75:9301]][search/phase/dfs]]; nested: DfsPhaseExecutionException[[test][0]: query[test:eleven ],from[0],size[10]: Dfs Failed [Exception during dfs phase]]; nested: IOException[Forced top level Exception on [Fields]]; }{[q75XUfcITqG3o93Z8EOFnw][test][1]: DfsPhaseExecutionException[[test][1]: query[test:eleven ],from[0],size[10]: Dfs Failed [Exception during dfs phase]]; nested: IOException[Forced top level Exception on [Fields]]; }{[tbUF3y2YTPm1TPdTF8YBYw][test][2]: RemoteTransportException[[node_0][inet[/10.1.10.75:9300]][search/phase/dfs]]; nested: DfsPhaseExecutionException[[test][2]: query[test:eleven ],from[0],size[10]: Dfs Failed [Exception during dfs phase]]; nested: IOException[Forced top level Exception on [Fields]]; }]
[2014-02-18 16:00:42,476][INFO ][search.basic             ] Searching for [test:four ]
[2014-02-18 16:00:42,484][INFO ][search.basic             ] expected SearchPhaseException: [Failed to execute phase [query], all shards failed; shardFailures {[t8Mqv-hjRzqYCBodDxtrKQ][test][0]: QueryPhaseExecutionException[[test][0]: query[test:four ],from[0],size[10]: Query Failed [Failed to execute main query]]; nested: RuntimeException[java.io.IOException: Forced top level Exception on [Fields]]; nested: IOException[Forced top level Exception on [Fields]]; }{[q75XUfcITqG3o93Z8EOFnw][test][1]: RemoteTransportException[[node_2][inet[/10.1.10.75:9302]][search/phase/query]]; nested: QueryPhaseExecutionException[[test][1]: query[test:four ],from[0],size[10]: Query Failed [Failed to execute main query]]; nested: RuntimeException[java.io.IOException: Forced top level Exception on [Fields]]; nested: IOException[Forced top level Exception on [Fields]]; }{[tbUF3y2YTPm1TPdTF8YBYw][test][2]: RemoteTransportException[[node_0][inet[/10.1.10.75:9300]][search/phase/query]]; nested: QueryPhaseExecutionException[[test][2]: query[test:four ],from[0],size[10]: Query Failed [Failed to execute main query]]; nested: RuntimeException[java.io.IOException: Forced top level Exception on [Fields]]; nested: IOException[Forced top level Exception on [Fields]]; }]
[2014-02-18 16:00:42,485][INFO ][search.basic             ] Searching for [test:zero]
[2014-02-18 16:00:42,489][INFO ][search.basic             ] expected SearchPhaseException: [Failed to execute phase [dfs], all shards failed; shardFailures {[t8Mqv-hjRzqYCBodDxtrKQ][test][0]: DfsPhaseExecutionException[[test][0]: query[test:zero],from[0],size[10]: Dfs Failed [Exception during dfs phase]]; nested: IOException[Forced top level Exception on [Fields]]; }{[q75XUfcITqG3o93Z8EOFnw][test][1]: RemoteTransportException[[node_2][inet[/10.1.10.75:9302]][search/phase/dfs]]; nested: DfsPhaseExecutionException[[test][1]: query[test:zero],from[0],size[10]: Dfs Failed [Exception during dfs phase]]; nested: IOException[Forced top level Exception on [Fields]]; }{[tbUF3y2YTPm1TPdTF8YBYw][test][2]: RemoteTransportException[[node_0][inet[/10.1.10.75:9300]][search/phase/dfs]]; nested: DfsPhaseExecutionException[[test][2]: query[test:zero],from[0],size[10]: Dfs Failed [Exception during dfs phase]]; nested: IOException[Forced top level Exception on [Fields]]; }]
[2014-02-18 16:00:42,489][INFO ][search.basic             ] Searching for [test:one ]
[2014-02-18 16:00:42,492][INFO ][search.basic             ] expected SearchPhaseException: [Failed to execute phase [dfs], all shards failed; shardFailures {[t8Mqv-hjRzqYCBodDxtrKQ][test][0]: RemoteTransportException[[node_1][inet[/10.1.10.75:9301]][search/phase/dfs]]; nested: DfsPhaseExecutionException[[test][0]: query[test:one ],from[0],size[10]: Dfs Failed [Exception during dfs phase]]; nested: IOException[Forced top level Exception on [Fields]]; }{[q75XUfcITqG3o93Z8EOFnw][test][1]: DfsPhaseExecutionException[[test][1]: query[test:one ],from[0],size[10]: Dfs Failed [Exception during dfs phase]]; nested: IOException[Forced top level Exception on [Fields]]; }{[tbUF3y2YTPm1TPdTF8YBYw][test][2]: RemoteTransportException[[node_0][inet[/10.1.10.75:9300]][search/phase/dfs]]; nested: DfsPhaseExecutionException[[test][2]: query[test:one ],from[0],size[10]: Dfs Failed [Exception during dfs phase]]; nested: IOException[Forced top level Exception on [Fields]]; }]
[2014-02-18 16:00:42,493][INFO ][search.basic             ] Searching for [test:zero]
[2014-02-18 16:00:42,495][INFO ][search.basic             ] expected SearchPhaseException: [Failed to execute phase [dfs], all shards failed; shardFailures {[t8Mqv-hjRzqYCBodDxtrKQ][test][0]: RemoteTransportException[[node_1][inet[/10.1.10.75:9301]][search/phase/dfs]]; nested: DfsPhaseExecutionException[[test][0]: query[test:zero],from[0],size[10]: Dfs Failed [Exception during dfs phase]]; nested: IOException[Forced top level Exception on [Fields]]; }{[q75XUfcITqG3o93Z8EOFnw][test][1]: RemoteTransportException[[node_2][inet[/10.1.10.75:9302]][search/phase/dfs]]; nested: DfsPhaseExecutionException[[test][1]: query[test:zero],from[0],size[10]: Dfs Failed [Exception during dfs phase]]; nested: IOException[Forced top level Exception on [Fields]]; }{[tbUF3y2YTPm1TPdTF8YBYw][test][2]: DfsPhaseExecutionException[[test][2]: query[test:zero],from[0],size[10]: Dfs Failed [Exception during dfs phase]]; nested: IOException[Forced top level Exception on [Fields]]; }]
[2014-02-18 16:00:42,495][INFO ][search.basic             ] Searching for [test:thirteen ]
[2014-02-18 16:00:42,498][INFO ][search.basic             ] expected SearchPhaseException: [Failed to execute phase [query], all shards failed; shardFailures {[t8Mqv-hjRzqYCBodDxtrKQ][test][0]: QueryPhaseExecutionException[[test][0]: query[test:thirteen ],from[0],size[10]: Query Failed [Failed to execute main query]]; nested: RuntimeException[java.io.IOException: Forced top level Exception on [Fields]]; nested: IOException[Forced top level Exception on [Fields]]; }{[q75XUfcITqG3o93Z8EOFnw][test][1]: RemoteTransportException[[node_2][inet[/10.1.10.75:9302]][search/phase/query]]; nested: QueryPhaseExecutionException[[test][1]: query[test:thirteen ],from[0],size[10]: Query Failed [Failed to execute main query]]; nested: RuntimeException[java.io.IOException: Forced top level Exception on [Fields]]; nested: IOException[Forced top level Exception on [Fields]]; }{[tbUF3y2YTPm1TPdTF8YBYw][test][2]: RemoteTransportException[[node_0][inet[/10.1.10.75:9300]][search/phase/query]]; nested: QueryPhaseExecutionException[[test][2]: query[test:thirteen ],from[0],size[10]: Query Failed [Failed to execute main query]]; nested: RuntimeException[java.io.IOException: Forced top level Exception on [Fields]]; nested: IOException[Forced top level Exception on [Fields]]; }]
[2014-02-18 16:00:42,499][INFO ][search.basic             ] Searching for [test:eleven ]
[2014-02-18 16:00:42,503][INFO ][search.basic             ] expected SearchPhaseException: [Failed to execute phase [dfs], all shards failed; shardFailures {[t8Mqv-hjRzqYCBodDxtrKQ][test][0]: DfsPhaseExecutionException[[test][0]: query[test:eleven ],from[0],size[10]: Dfs Failed [Exception during dfs phase]]; nested: IOException[Forced top level Exception on [Fields]]; }{[q75XUfcITqG3o93Z8EOFnw][test][1]: RemoteTransportException[[node_2][inet[/10.1.10.75:9302]][search/phase/dfs]]; nested: DfsPhaseExecutionException[[test][1]: query[test:eleven ],from[0],size[10]: Dfs Failed [Exception during dfs phase]]; nested: IOException[Forced top level Exception on [Fields]]; }{[tbUF3y2YTPm1TPdTF8YBYw][test][2]: RemoteTransportException[[node_0][inet[/10.1.10.75:9300]][search/phase/dfs]]; nested: DfsPhaseExecutionException[[test][2]: query[test:eleven ],from[0],size[10]: Dfs Failed [Exception during dfs phase]]; nested: IOException[Forced top level Exception on [Fields]]; }]
[2014-02-18 16:00:42,503][INFO ][search.basic             ] Searching for [test:ten ]
[2014-02-18 16:00:42,507][INFO ][search.basic             ] expected SearchPhaseException: [Failed to execute phase [query], all shards failed; shardFailures {[t8Mqv-hjRzqYCBodDxtrKQ][test][0]: RemoteTransportException[[node_1][inet[/10.1.10.75:9301]][search/phase/query]]; nested: QueryPhaseExecutionException[[test][0]: query[test:ten ],from[0],size[10]: Query Failed [Failed to execute main query]]; nested: RuntimeException[java.io.IOException: Forced top level Exception on [Fields]]; nested: IOException[Forced top level Exception on [Fields]]; }{[q75XUfcITqG3o93Z8EOFnw][test][1]: QueryPhaseExecutionException[[test][1]: query[test:ten ],from[0],size[10]: Query Failed [Failed to execute main query]]; nested: RuntimeException[java.io.IOException: Forced top level Exception on [Fields]]; nested: IOException[Forced top level Exception on [Fields]]; }{[tbUF3y2YTPm1TPdTF8YBYw][test][2]: RemoteTransportException[[node_0][inet[/10.1.10.75:9300]][search/phase/query]]; nested: QueryPhaseExecutionException[[test][2]: query[test:ten ],from[0],size[10]: Query Failed [Failed to execute main query]]; nested: RuntimeException[java.io.IOException: Forced top level Exception on [Fields]]; nested: IOException[Forced top level Exception on [Fields]]; }]
[2014-02-18 16:00:42,507][INFO ][search.basic             ] Searching for [test:eight ]
[2014-02-18 16:00:42,509][INFO ][search.basic             ] expected SearchPhaseException: [Failed to execute phase [query], all shards failed; shardFailures {[t8Mqv-hjRzqYCBodDxtrKQ][test][0]: RemoteTransportException[[node_1][inet[/10.1.10.75:9301]][search/phase/query]]; nested: QueryPhaseExecutionException[[test][0]: query[test:eight ],from[0],size[10]: Query Failed [Failed to execute main query]]; nested: RuntimeException[java.io.IOException: Forced top level Exception on [Fields]]; nested: IOException[Forced top level Exception on [Fields]]; }{[q75XUfcITqG3o93Z8EOFnw][test][1]: RemoteTransportException[[node_2][inet[/10.1.10.75:9302]][search/phase/query]]; nested: QueryPhaseExecutionException[[test][1]: query[test:eight ],from[0],size[10]: Query Failed [Failed to execute main query]]; nested: RuntimeException[java.io.IOException: Forced top level Exception on [Fields]]; nested: IOException[Forced top level Exception on [Fields]]; }{[tbUF3y2YTPm1TPdTF8YBYw][test][2]: QueryPhaseExecutionException[[test][2]: query[test:eight ],from[0],size[10]: Query Failed [Failed to execute main query]]; nested: RuntimeException[java.io.IOException: Forced top level Exception on [Fields]]; nested: IOException[Forced top level Exception on [Fields]]; }]
[2014-02-18 16:00:42,510][INFO ][search.basic             ] Searching for [test:six ]
[2014-02-18 16:00:42,513][INFO ][search.basic             ] expected SearchPhaseException: [Failed to execute phase [dfs], all shards failed; shardFailures {[t8Mqv-hjRzqYCBodDxtrKQ][test][0]: RemoteTransportException[[node_1][inet[/10.1.10.75:9301]][search/phase/dfs]]; nested: DfsPhaseExecutionException[[test][0]: query[test:six ],from[0],size[10]: Dfs Failed [Exception during dfs phase]]; nested: IOException[Forced top level Exception on [Fields]]; }{[q75XUfcITqG3o93Z8EOFnw][test][1]: DfsPhaseExecutionException[[test][1]: query[test:six ],from[0],size[10]: Dfs Failed [Exception during dfs phase]]; nested: IOException[Forced top level Exception on [Fields]]; }{[tbUF3y2YTPm1TPdTF8YBYw][test][2]: RemoteTransportException[[node_0][inet[/10.1.10.75:9300]][search/phase/dfs]]; nested: DfsPhaseExecutionException[[test][2]: query[test:six ],from[0],size[10]: Dfs Failed [Exception during dfs phase]]; nested: IOException[Forced top level Exception on [Fields]]; }]
[2014-02-18 16:00:42,514][INFO ][search.basic             ] Searching for [test:five ]
[2014-02-18 16:00:42,518][INFO ][search.basic             ] expected SearchPhaseException: [Failed to execute phase [dfs], all shards failed; shardFailures {[t8Mqv-hjRzqYCBodDxtrKQ][test][0]: RemoteTransportException[[node_1][inet[/10.1.10.75:9301]][search/phase/dfs]]; nested: DfsPhaseExecutionException[[test][0]: query[test:five ],from[0],size[10]: Dfs Failed [Exception during dfs phase]]; nested: IOException[Forced top level Exception on [Fields]]; }{[q75XUfcITqG3o93Z8EOFnw][test][1]: DfsPhaseExecutionException[[test][1]: query[test:five ],from[0],size[10]: Dfs Failed [Exception during dfs phase]]; nested: IOException[Forced top level Exception on [Fields]]; }{[tbUF3y2YTPm1TPdTF8YBYw][test][2]: RemoteTransportException[[node_0][inet[/10.1.10.75:9300]][search/phase/dfs]]; nested: DfsPhaseExecutionException[[test][2]: query[test:five ],from[0],size[10]: Dfs Failed [Exception during dfs phase]]; nested: IOException[Forced top level Exception on [Fields]]; }]
[2014-02-18 16:00:42,519][INFO ][search.basic             ] Searching for [test:ten ]
[2014-02-18 16:00:42,521][INFO ][search.basic             ] expected SearchPhaseException: [Failed to execute phase [dfs], all shards failed; shardFailures {[t8Mqv-hjRzqYCBodDxtrKQ][test][0]: RemoteTransportException[[node_1][inet[/10.1.10.75:9301]][search/phase/dfs]]; nested: DfsPhaseExecutionException[[test][0]: query[test:ten ],from[0],size[10]: Dfs Failed [Exception during dfs phase]]; nested: IOException[Forced top level Exception on [Fields]]; }{[q75XUfcITqG3o93Z8EOFnw][test][1]: RemoteTransportException[[node_2][inet[/10.1.10.75:9302]][search/phase/dfs]]; nested: DfsPhaseExecutionException[[test][1]: query[test:ten ],from[0],size[10]: Dfs Failed [Exception during dfs phase]]; nested: IOException[Forced top level Exception on [Fields]]; }{[tbUF3y2YTPm1TPdTF8YBYw][test][2]: DfsPhaseExecutionException[[test][2]: query[test:ten ],from[0],size[10]: Dfs Failed [Exception during dfs phase]]; nested: IOException[Forced top level Exception on [Fields]]; }]
[2014-02-18 16:00:42,521][INFO ][search.basic             ] Searching for [test:eleven ]
[2014-02-18 16:00:42,525][INFO ][search.basic             ] expected SearchPhaseException: [Failed to execute phase [query], all shards failed; shardFailures {[t8Mqv-hjRzqYCBodDxtrKQ][test][0]: QueryPhaseExecutionException[[test][0]: query[test:eleven ],from[0],size[10]: Query Failed [Failed to execute main query]]; nested: RuntimeException[java.io.IOException: Forced top level Exception on [Fields]]; nested: IOException[Forced top level Exception on [Fields]]; }{[q75XUfcITqG3o93Z8EOFnw][test][1]: RemoteTransportException[[node_2][inet[/10.1.10.75:9302]][search/phase/query]]; nested: QueryPhaseExecutionException[[test][1]: query[test:eleven ],from[0],size[10]: Query Failed [Failed to execute main query]]; nested: RuntimeException[java.io.IOException: Forced top level Exception on [Fields]]; nested: IOException[Forced top level Exception on [Fields]]; }{[tbUF3y2YTPm1TPdTF8YBYw][test][2]: RemoteTransportException[[node_0][inet[/10.1.10.75:9300]][search/phase/query]]; nested: QueryPhaseExecutionException[[test][2]: query[test:eleven ],from[0],size[10]: Query Failed [Failed to execute main query]]; nested: RuntimeException[java.io.IOException: Forced top level Exception on [Fields]]; nested: IOException[Forced top level Exception on [Fields]]; }]
[2014-02-18 16:00:42,525][INFO ][search.basic             ] Searching for [test:seven ]
[2014-02-18 16:00:42,529][INFO ][search.basic             ] expected SearchPhaseException: [Failed to execute phase [query], all shards failed; shardFailures {[t8Mqv-hjRzqYCBodDxtrKQ][test][0]: QueryPhaseExecutionException[[test][0]: query[test:seven ],from[0],size[10]: Query Failed [Failed to execute main query]]; nested: RuntimeException[java.io.IOException: Forced top level Exception on [Fields]]; nested: IOException[Forced top level Exception on [Fields]]; }{[q75XUfcITqG3o93Z8EOFnw][test][1]: RemoteTransportException[[node_2][inet[/10.1.10.75:9302]][search/phase/query]]; nested: QueryPhaseExecutionException[[test][1]: query[test:seven ],from[0],size[10]: Query Failed [Failed to execute main query]]; nested: RuntimeException[java.io.IOException: Forced top level Exception on [Fields]]; nested: IOException[Forced top level Exception on [Fields]]; }{[tbUF3y2YTPm1TPdTF8YBYw][test][2]: RemoteTransportException[[node_0][inet[/10.1.10.75:9300]][search/phase/query]]; nested: QueryPhaseExecutionException[[test][2]: query[test:seven ],from[0],size[10]: Query Failed [Failed to execute main query]]; nested: RuntimeException[java.io.IOException: Forced top level Exception on [Fields]]; nested: IOException[Forced top level Exception on [Fields]]; }]
[2014-02-18 16:00:42,529][INFO ][search.basic             ] Searching for [test:zero]
[2014-02-18 16:00:42,533][INFO ][search.basic             ] expected SearchPhaseException: [Failed to execute phase [dfs], all shards failed; shardFailures {[t8Mqv-hjRzqYCBodDxtrKQ][test][0]: RemoteTransportException[[node_1][inet[/10.1.10.75:9301]][search/phase/dfs]]; nested: DfsPhaseExecutionException[[test][0]: query[test:zero],from[0],size[10]: Dfs Failed [Exception during dfs phase]]; nested: IOException[Forced top level Exception on [Fields]]; }{[q75XUfcITqG3o93Z8EOFnw][test][1]: DfsPhaseExecutionException[[test][1]: query[test:zero],from[0],size[10]: Dfs Failed [Exception during dfs phase]]; nested: IOException[Forced top level Exception on [Fields]]; }{[tbUF3y2YTPm1TPdTF8YBYw][test][2]: RemoteTransportException[[node_0][inet[/10.1.10.75:9300]][search/phase/dfs]]; nested: DfsPhaseExecutionException[[test][2]: query[test:zero],from[0],size[10]: Dfs Failed [Exception during dfs phase]]; nested: IOException[Forced top level Exception on [Fields]]; }]
[2014-02-18 16:00:42,533][INFO ][search.basic             ] Searching for [test:four ]
[2014-02-18 16:00:42,537][INFO ][search.basic             ] expected SearchPhaseException: [Failed to execute phase [query], all shards failed; shardFailures {[t8Mqv-hjRzqYCBodDxtrKQ][test][0]: RemoteTransportException[[node_1][inet[/10.1.10.75:9301]][search/phase/query]]; nested: QueryPhaseExecutionException[[test][0]: query[test:four ],from[0],size[10]: Query Failed [Failed to execute main query]]; nested: RuntimeException[java.io.IOException: Forced top level Exception on [Fields]]; nested: IOException[Forced top level Exception on [Fields]]; }{[q75XUfcITqG3o93Z8EOFnw][test][1]: QueryPhaseExecutionException[[test][1]: query[test:four ],from[0],size[10]: Query Failed [Failed to execute main query]]; nested: RuntimeException[java.io.IOException: Forced top level Exception on [Fields]]; nested: IOException[Forced top level Exception on [Fields]]; }{[tbUF3y2YTPm1TPdTF8YBYw][test][2]: RemoteTransportException[[node_0][inet[/10.1.10.75:9300]][search/phase/query]]; nested: QueryPhaseExecutionException[[test][2]: query[test:four ],from[0],size[10]: Query Failed [Failed to execute main query]]; nested: RuntimeException[java.io.IOException: Forced top level Exception on [Fields]]; nested: IOException[Forced top level Exception on [Fields]]; }]
[2014-02-18 16:00:42,537][INFO ][search.basic             ] Searching for [test:eleven ]
[2014-02-18 16:00:42,542][INFO ][search.basic             ] expected SearchPhaseException: [Failed to execute phase [dfs], all shards failed; shardFailures {[t8Mqv-hjRzqYCBodDxtrKQ][test][0]: RemoteTransportException[[node_1][inet[/10.1.10.75:9301]][search/phase/dfs]]; nested: DfsPhaseExecutionException[[test][0]: query[test:eleven ],from[0],size[10]: Dfs Failed [Exception during dfs phase]]; nested: IOException[Forced top level Exception on [Fields]]; }{[q75XUfcITqG3o93Z8EOFnw][test][1]: RemoteTransportException[[node_2][inet[/10.1.10.75:9302]][search/phase/dfs]]; nested: DfsPhaseExecutionException[[test][1]: query[test:eleven ],from[0],size[10]: Dfs Failed [Exception during dfs phase]]; nested: IOException[Forced top level Exception on [Fields]]; }{[tbUF3y2YTPm1TPdTF8YBYw][test][2]: DfsPhaseExecutionException[[test][2]: query[test:eleven ],from[0],size[10]: Dfs Failed [Exception during dfs phase]]; nested: IOException[Forced top level Exception on [Fields]]; }]
[2014-02-18 16:00:42,543][INFO ][search.basic             ] Searching for [test:six ]
[2014-02-18 16:00:42,546][INFO ][search.basic             ] expected SearchPhaseException: [Failed to execute phase [query], all shards failed; shardFailures {[t8Mqv-hjRzqYCBodDxtrKQ][test][0]: QueryPhaseExecutionException[[test][0]: query[test:six ],from[0],size[10]: Query Failed [Failed to execute main query]]; nested: RuntimeException[java.io.IOException: Forced top level Exception on [Fields]]; nested: IOException[Forced top level Exception on [Fields]]; }{[q75XUfcITqG3o93Z8EOFnw][test][1]: RemoteTransportException[[node_2][inet[/10.1.10.75:9302]][search/phase/query]]; nested: QueryPhaseExecutionException[[test][1]: query[test:six ],from[0],size[10]: Query Failed [Failed to execute main query]]; nested: RuntimeException[java.io.IOException: Forced top level Exception on [Fields]]; nested: IOException[Forced top level Exception on [Fields]]; }{[tbUF3y2YTPm1TPdTF8YBYw][test][2]: RemoteTransportException[[node_0][inet[/10.1.10.75:9300]][search/phase/query]]; nested: QueryPhaseExecutionException[[test][2]: query[test:six ],from[0],size[10]: Query Failed [Failed to execute main query]]; nested: RuntimeException[java.io.IOException: Forced top level Exception on [Fields]]; nested: IOException[Forced top level Exception on [Fields]]; }]
[2014-02-18 16:00:42,546][INFO ][search.basic             ] Searching for [test:eight ]
[2014-02-18 16:00:42,549][INFO ][search.basic             ] expected SearchPhaseException: [Failed to execute phase [dfs], all shards failed; shardFailures {[t8Mqv-hjRzqYCBodDxtrKQ][test][0]: DfsPhaseExecutionException[[test][0]: query[test:eight ],from[0],size[10]: Dfs Failed [Exception during dfs phase]]; nested: IOException[Forced top level Exception on [Fields]]; }{[q75XUfcITqG3o93Z8EOFnw][test][1]: RemoteTransportException[[node_2][inet[/10.1.10.75:9302]][search/phase/dfs]]; nested: DfsPhaseExecutionException[[test][1]: query[test:eight ],from[0],size[10]: Dfs Failed [Exception during dfs phase]]; nested: IOException[Forced top level Exception on [Fields]]; }{[tbUF3y2YTPm1TPdTF8YBYw][test][2]: RemoteTransportException[[node_0][inet[/10.1.10.75:9300]][search/phase/dfs]]; nested: DfsPhaseExecutionException[[test][2]: query[test:eight ],from[0],size[10]: Dfs Failed [Exception during dfs phase]]; nested: IOException[Forced top level Exception on [Fields]]; }]
[2014-02-18 16:00:42,550][INFO ][search.basic             ] Searching for [test:five ]
[2014-02-18 16:00:42,553][INFO ][search.basic             ] expected SearchPhaseException: [Failed to execute phase [query], all shards failed; shardFailures {[t8Mqv-hjRzqYCBodDxtrKQ][test][0]: RemoteTransportException[[node_1][inet[/10.1.10.75:9301]][search/phase/query]]; nested: QueryPhaseExecutionException[[test][0]: query[test:five ],from[0],size[10]: Query Failed [Failed to execute main query]]; nested: RuntimeException[java.io.IOException: Forced top level Exception on [Fields]]; nested: IOException[Forced top level Exception on [Fields]]; }{[q75XUfcITqG3o93Z8EOFnw][test][1]: QueryPhaseExecutionException[[test][1]: query[test:five ],from[0],size[10]: Query Failed [Failed to execute main query]]; nested: RuntimeException[java.io.IOException: Forced top level Exception on [Fields]]; nested: IOException[Forced top level Exception on [Fields]]; }{[tbUF3y2YTPm1TPdTF8YBYw][test][2]: RemoteTransportException[[node_0][inet[/10.1.10.75:9300]][search/phase/query]]; nested: QueryPhaseExecutionException[[test][2]: query[test:five ],from[0],size[10]: Query Failed [Failed to execute main query]]; nested: RuntimeException[java.io.IOException: Forced top level Exception on [Fields]]; nested: IOException[Forced top level Exception on [Fields]]; }]
[2014-02-18 16:00:42,553][INFO ][search.basic             ] Searching for [test:one ]
[2014-02-18 16:00:42,556][INFO ][search.basic             ] expected SearchPhaseException: [Failed to execute phase [dfs], all shards failed; shardFailures {[t8Mqv-hjRzqYCBodDxtrKQ][test][0]: DfsPhaseExecutionException[[test][0]: query[test:one ],from[0],size[10]: Dfs Failed [Exception during dfs phase]]; nested: IOException[Forced top level Exception on [Fields]]; }{[q75XUfcITqG3o93Z8EOFnw][test][1]: RemoteTransportException[[node_2][inet[/10.1.10.75:9302]][search/phase/dfs]]; nested: DfsPhaseExecutionException[[test][1]: query[test:one ],from[0],size[10]: Dfs Failed [Exception during dfs phase]]; nested: IOException[Forced top level Exception on [Fields]]; }{[tbUF3y2YTPm1TPdTF8YBYw][test][2]: RemoteTransportException[[node_0][inet[/10.1.10.75:9300]][search/phase/dfs]]; nested: DfsPhaseExecutionException[[test][2]: query[test:one ],from[0],size[10]: Dfs Failed [Exception during dfs phase]]; nested: IOException[Forced top level Exception on [Fields]]; }]
[2014-02-18 16:00:42,557][INFO ][search.basic             ] Searching for [test:three ]
[2014-02-18 16:00:42,560][INFO ][search.basic             ] expected SearchPhaseException: [Failed to execute phase [query], all shards failed; shardFailures {[t8Mqv-hjRzqYCBodDxtrKQ][test][0]: RemoteTransportException[[node_1][inet[/10.1.10.75:9301]][search/phase/query]]; nested: QueryPhaseExecutionException[[test][0]: query[test:three ],from[0],size[10]: Query Failed [Failed to execute main query]]; nested: RuntimeException[java.io.IOException: Forced top level Exception on [Fields]]; nested: IOException[Forced top level Exception on [Fields]]; }{[q75XUfcITqG3o93Z8EOFnw][test][1]: QueryPhaseExecutionException[[test][1]: query[test:three ],from[0],size[10]: Query Failed [Failed to execute main query]]; nested: RuntimeException[java.io.IOException: Forced top level Exception on [Fields]]; nested: IOException[Forced top level Exception on [Fields]]; }{[tbUF3y2YTPm1TPdTF8YBYw][test][2]: RemoteTransportException[[node_0][inet[/10.1.10.75:9300]][search/phase/query]]; nested: QueryPhaseExecutionException[[test][2]: query[test:three ],from[0],size[10]: Query Failed [Failed to execute main query]]; nested: RuntimeException[java.io.IOException: Forced top level Exception on [Fields]]; nested: IOException[Forced top level Exception on [Fields]]; }]
[2014-02-18 16:00:42,560][INFO ][search.basic             ] Searching for [test:one ]
[2014-02-18 16:00:42,563][INFO ][search.basic             ] expected SearchPhaseException: [Failed to execute phase [dfs], all shards failed; shardFailures {[t8Mqv-hjRzqYCBodDxtrKQ][test][0]: RemoteTransportException[[node_1][inet[/10.1.10.75:9301]][search/phase/dfs]]; nested: DfsPhaseExecutionException[[test][0]: query[test:one ],from[0],size[10]: Dfs Failed [Exception during dfs phase]]; nested: IOException[Forced top level Exception on [Fields]]; }{[q75XUfcITqG3o93Z8EOFnw][test][1]: DfsPhaseExecutionException[[test][1]: query[test:one ],from[0],size[10]: Dfs Failed [Exception during dfs phase]]; nested: IOException[Forced top level Exception on [Fields]]; }{[tbUF3y2YTPm1TPdTF8YBYw][test][2]: RemoteTransportException[[node_0][inet[/10.1.10.75:9300]][search/phase/dfs]]; nested: DfsPhaseExecutionException[[test][2]: query[test:one ],from[0],size[10]: Dfs Failed [Exception during dfs phase]]; nested: IOException[Forced top level Exception on [Fields]]; }]
[2014-02-18 16:00:42,564][INFO ][search.basic             ] Searching for [test:zero]
[2014-02-18 16:00:42,568][INFO ][search.basic             ] expected SearchPhaseException: [Failed to execute phase [dfs], all shards failed; shardFailures {[t8Mqv-hjRzqYCBodDxtrKQ][test][0]: RemoteTransportException[[node_1][inet[/10.1.10.75:9301]][search/phase/dfs]]; nested: DfsPhaseExecutionException[[test][0]: query[test:zero],from[0],size[10]: Dfs Failed [Exception during dfs phase]]; nested: IOException[Forced top level Exception on [Fields]]; }{[q75XUfcITqG3o93Z8EOFnw][test][1]: DfsPhaseExecutionException[[test][1]: query[test:zero],from[0],size[10]: Dfs Failed [Exception during dfs phase]]; nested: IOException[Forced top level Exception on [Fields]]; }{[tbUF3y2YTPm1TPdTF8YBYw][test][2]: RemoteTransportException[[node_0][inet[/10.1.10.75:9300]][search/phase/dfs]]; nested: DfsPhaseExecutionException[[test][2]: query[test:zero],from[0],size[10]: Dfs Failed [Exception during dfs phase]]; nested: IOException[Forced top level Exception on [Fields]]; }]
[2014-02-18 16:00:42,568][INFO ][search.basic             ] Searching for [test:six ]
[2014-02-18 16:00:42,573][INFO ][search.basic             ] expected SearchPhaseException: [Failed to execute phase [query], all shards failed; shardFailures {[t8Mqv-hjRzqYCBodDxtrKQ][test][0]: RemoteTransportException[[node_1][inet[/10.1.10.75:9301]][search/phase/query]]; nested: QueryPhaseExecutionException[[test][0]: query[test:six ],from[0],size[10]: Query Failed [Failed to execute main query]]; nested: RuntimeException[java.io.IOException: Forced top level Exception on [Fields]]; nested: IOException[Forced top level Exception on [Fields]]; }{[q75XUfcITqG3o93Z8EOFnw][test][1]: RemoteTransportException[[node_2][inet[/10.1.10.75:9302]][search/phase/query]]; nested: QueryPhaseExecutionException[[test][1]: query[test:six ],from[0],size[10]: Query Failed [Failed to execute main query]]; nested: RuntimeException[java.io.IOException: Forced top level Exception on [Fields]]; nested: IOException[Forced top level Exception on [Fields]]; }{[tbUF3y2YTPm1TPdTF8YBYw][test][2]: QueryPhaseExecutionException[[test][2]: query[test:six ],from[0],size[10]: Query Failed [Failed to execute main query]]; nested: RuntimeException[java.io.IOException: Forced top level Exception on [Fields]]; nested: IOException[Forced top level Exception on [Fields]]; }]
[2014-02-18 16:00:42,574][INFO ][search.basic             ] Searching for [test:seven ]
[2014-02-18 16:00:42,576][INFO ][search.basic             ] expected SearchPhaseException: [Failed to execute phase [dfs], all shards failed; shardFailures {[t8Mqv-hjRzqYCBodDxtrKQ][test][0]: RemoteTransportException[[node_1][inet[/10.1.10.75:9301]][search/phase/dfs]]; nested: DfsPhaseExecutionException[[test][0]: query[test:seven ],from[0],size[10]: Dfs Failed [Exception during dfs phase]]; nested: IOException[Forced top level Exception on [Fields]]; }{[q75XUfcITqG3o93Z8EOFnw][test][1]: RemoteTransportException[[node_2][inet[/10.1.10.75:9302]][search/phase/dfs]]; nested: DfsPhaseExecutionException[[test][1]: query[test:seven ],from[0],size[10]: Dfs Failed [Exception during dfs phase]]; nested: IOException[Forced top level Exception on [Fields]]; }{[tbUF3y2YTPm1TPdTF8YBYw][test][2]: DfsPhaseExecutionException[[test][2]: query[test:seven ],from[0],size[10]: Dfs Failed [Exception during dfs phase]]; nested: IOException[Forced top level Exception on [Fields]]; }]
[2014-02-18 16:00:42,576][INFO ][search.basic             ] Searching for [test:four ]
[2014-02-18 16:00:42,580][INFO ][search.basic             ] expected SearchPhaseException: [Failed to execute phase [query], all shards failed; shardFailures {[t8Mqv-hjRzqYCBodDxtrKQ][test][0]: RemoteTransportException[[node_1][inet[/10.1.10.75:9301]][search/phase/query]]; nested: QueryPhaseExecutionException[[test][0]: query[test:four ],from[0],size[10]: Query Failed [Failed to execute main query]]; nested: RuntimeException[java.io.IOException: Forced top level Exception on [Fields]]; nested: IOException[Forced top level Exception on [Fields]]; }{[q75XUfcITqG3o93Z8EOFnw][test][1]: QueryPhaseExecutionException[[test][1]: query[test:four ],from[0],size[10]: Query Failed [Failed to execute main query]]; nested: RuntimeException[java.io.IOException: Forced top level Exception on [Fields]]; nested: IOException[Forced top level Exception on [Fields]]; }{[tbUF3y2YTPm1TPdTF8YBYw][test][2]: RemoteTransportException[[node_0][inet[/10.1.10.75:9300]][search/phase/query]]; nested: QueryPhaseExecutionException[[test][2]: query[test:four ],from[0],size[10]: Query Failed [Failed to execute main query]]; nested: RuntimeException[java.io.IOException: Forced top level Exception on [Fields]]; nested: IOException[Forced top level Exception on [Fields]]; }]
[2014-02-18 16:00:42,580][INFO ][search.basic             ] Searching for [test:four ]
[2014-02-18 16:00:42,582][INFO ][search.basic             ] expected SearchPhaseException: [Failed to execute phase [query], all shards failed; shardFailures {[t8Mqv-hjRzqYCBodDxtrKQ][test][0]: RemoteTransportException[[node_1][inet[/10.1.10.75:9301]][search/phase/query]]; nested: QueryPhaseExecutionException[[test][0]: query[test:four ],from[0],size[10]: Query Failed [Failed to execute main query]]; nested: RuntimeException[java.io.IOException: Forced top level Exception on [Fields]]; nested: IOException[Forced top level Exception on [Fields]]; }{[q75XUfcITqG3o93Z8EOFnw][test][1]: RemoteTransportException[[node_2][inet[/10.1.10.75:9302]][search/phase/query]]; nested: QueryPhaseExecutionException[[test][1]: query[test:four ],from[0],size[10]: Query Failed [Failed to execute main query]]; nested: RuntimeException[java.io.IOException: Forced top level Exception on [Fields]]; nested: IOException[Forced top level Exception on [Fields]]; }{[tbUF3y2YTPm1TPdTF8YBYw][test][2]: QueryPhaseExecutionException[[test][2]: query[test:four ],from[0],size[10]: Query Failed [Failed to execute main query]]; nested: RuntimeException[java.io.IOException: Forced top level Exception on [Fields]]; nested: IOException[Forced top level Exception on [Fields]]; }]
[2014-02-18 16:00:42,583][INFO ][search.basic             ] Searching for [test:nine ]
[2014-02-18 16:00:42,586][INFO ][search.basic             ] expected SearchPhaseException: [Failed to execute phase [query], all shards failed; shardFailures {[t8Mqv-hjRzqYCBodDxtrKQ][test][0]: QueryPhaseExecutionException[[test][0]: query[test:nine ],from[0],size[10]: Query Failed [Failed to execute main query]]; nested: RuntimeException[java.io.IOException: Forced top level Exception on [Fields]]; nested: IOException[Forced top level Exception on [Fields]]; }{[q75XUfcITqG3o93Z8EOFnw][test][1]: RemoteTransportException[[node_2][inet[/10.1.10.75:9302]][search/phase/query]]; nested: QueryPhaseExecutionException[[test][1]: query[test:nine ],from[0],size[10]: Query Failed [Failed to execute main query]]; nested: RuntimeException[java.io.IOException: Forced top level Exception on [Fields]]; nested: IOException[Forced top level Exception on [Fields]]; }{[tbUF3y2YTPm1TPdTF8YBYw][test][2]: RemoteTransportException[[node_0][inet[/10.1.10.75:9300]][search/phase/query]]; nested: QueryPhaseExecutionException[[test][2]: query[test:nine ],from[0],size[10]: Query Failed [Failed to execute main query]]; nested: RuntimeException[java.io.IOException: Forced top level Exception on [Fields]]; nested: IOException[Forced top level Exception on [Fields]]; }]
[2014-02-18 16:00:42,587][INFO ][search.basic             ] Searching for [test:zero]
[2014-02-18 16:00:42,591][INFO ][search.basic             ] expected SearchPhaseException: [Failed to execute phase [query], all shards failed; shardFailures {[t8Mqv-hjRzqYCBodDxtrKQ][test][0]: QueryPhaseExecutionException[[test][0]: query[test:zero],from[0],size[10]: Query Failed [Failed to execute main query]]; nested: RuntimeException[java.io.IOException: Forced top level Exception on [Fields]]; nested: IOException[Forced top level Exception on [Fields]]; }{[q75XUfcITqG3o93Z8EOFnw][test][1]: RemoteTransportException[[node_2][inet[/10.1.10.75:9302]][search/phase/query]]; nested: QueryPhaseExecutionException[[test][1]: query[test:zero],from[0],size[10]: Query Failed [Failed to execute main query]]; nested: RuntimeException[java.io.IOException: Forced top level Exception on [Fields]]; nested: IOException[Forced top level Exception on [Fields]]; }{[tbUF3y2YTPm1TPdTF8YBYw][test][2]: RemoteTransportException[[node_0][inet[/10.1.10.75:9300]][search/phase/query]]; nested: QueryPhaseExecutionException[[test][2]: query[test:zero],from[0],size[10]: Query Failed [Failed to execute main query]]; nested: RuntimeException[java.io.IOException: Forced top level Exception on [Fields]]; nested: IOException[Forced top level Exception on [Fields]]; }]
[2014-02-18 16:00:42,591][INFO ][search.basic             ] Searching for [test:ten ]
[2014-02-18 16:00:42,593][INFO ][search.basic             ] expected SearchPhaseException: [Failed to execute phase [query], all shards failed; shardFailures {[t8Mqv-hjRzqYCBodDxtrKQ][test][0]: RemoteTransportException[[node_1][inet[/10.1.10.75:9301]][search/phase/query]]; nested: QueryPhaseExecutionException[[test][0]: query[test:ten ],from[0],size[10]: Query Failed [Failed to execute main query]]; nested: RuntimeException[java.io.IOException: Forced top level Exception on [Fields]]; nested: IOException[Forced top level Exception on [Fields]]; }{[q75XUfcITqG3o93Z8EOFnw][test][1]: RemoteTransportException[[node_2][inet[/10.1.10.75:9302]][search/phase/query]]; nested: QueryPhaseExecutionException[[test][1]: query[test:ten ],from[0],size[10]: Query Failed [Failed to execute main query]]; nested: RuntimeException[java.io.IOException: Forced top level Exception on [Fields]]; nested: IOException[Forced top level Exception on [Fields]]; }{[tbUF3y2YTPm1TPdTF8YBYw][test][2]: QueryPhaseExecutionException[[test][2]: query[test:ten ],from[0],size[10]: Query Failed [Failed to execute main query]]; nested: RuntimeException[java.io.IOException: Forced top level Exception on [Fields]]; nested: IOException[Forced top level Exception on [Fields]]; }]
[2014-02-18 16:00:42,594][INFO ][search.basic             ] Searching for [test:seven ]
[2014-02-18 16:00:42,597][INFO ][search.basic             ] expected SearchPhaseException: [Failed to execute phase [dfs], all shards failed; shardFailures {[t8Mqv-hjRzqYCBodDxtrKQ][test][0]: RemoteTransportException[[node_1][inet[/10.1.10.75:9301]][search/phase/dfs]]; nested: DfsPhaseExecutionException[[test][0]: query[test:seven ],from[0],size[10]: Dfs Failed [Exception during dfs phase]]; nested: IOException[Forced top level Exception on [Fields]]; }{[q75XUfcITqG3o93Z8EOFnw][test][1]: DfsPhaseExecutionException[[test][1]: query[test:seven ],from[0],size[10]: Dfs Failed [Exception during dfs phase]]; nested: IOException[Forced top level Exception on [Fields]]; }{[tbUF3y2YTPm1TPdTF8YBYw][test][2]: RemoteTransportException[[node_0][inet[/10.1.10.75:9300]][search/phase/dfs]]; nested: DfsPhaseExecutionException[[test][2]: query[test:seven ],from[0],size[10]: Dfs Failed [Exception during dfs phase]]; nested: IOException[Forced top level Exception on [Fields]]; }]
[2014-02-18 16:00:42,597][INFO ][search.basic             ] Searching for [test:six ]
[2014-02-18 16:00:42,601][INFO ][search.basic             ] expected SearchPhaseException: [Failed to execute phase [query], all shards failed; shardFailures {[t8Mqv-hjRzqYCBodDxtrKQ][test][0]: RemoteTransportException[[node_1][inet[/10.1.10.75:9301]][search/phase/query]]; nested: QueryPhaseExecutionException[[test][0]: query[test:six ],from[0],size[10]: Query Failed [Failed to execute main query]]; nested: RuntimeException[java.io.IOException: Forced top level Exception on [Fields]]; nested: IOException[Forced top level Exception on [Fields]]; }{[q75XUfcITqG3o93Z8EOFnw][test][1]: QueryPhaseExecutionException[[test][1]: query[test:six ],from[0],size[10]: Query Failed [Failed to execute main query]]; nested: RuntimeException[java.io.IOException: Forced top level Exception on [Fields]]; nested: IOException[Forced top level Exception on [Fields]]; }{[tbUF3y2YTPm1TPdTF8YBYw][test][2]: RemoteTransportException[[node_0][inet[/10.1.10.75:9300]][search/phase/query]]; nested: QueryPhaseExecutionException[[test][2]: query[test:six ],from[0],size[10]: Query Failed [Failed to execute main query]]; nested: RuntimeException[java.io.IOException: Forced top level Exception on [Fields]]; nested: IOException[Forced top level Exception on [Fields]]; }]
[2014-02-18 16:00:42,601][INFO ][search.basic             ] Searching for [test:one ]
[2014-02-18 16:00:42,605][INFO ][search.basic             ] expected SearchPhaseException: [Failed to execute phase [dfs], all shards failed; shardFailures {[t8Mqv-hjRzqYCBodDxtrKQ][test][0]: DfsPhaseExecutionException[[test][0]: query[test:one ],from[0],size[10]: Dfs Failed [Exception during dfs phase]]; nested: IOException[Forced top level Exception on [Fields]]; }{[q75XUfcITqG3o93Z8EOFnw][test][1]: RemoteTransportException[[node_2][inet[/10.1.10.75:9302]][search/phase/dfs]]; nested: DfsPhaseExecutionException[[test][1]: query[test:one ],from[0],size[10]: Dfs Failed [Exception during dfs phase]]; nested: IOException[Forced top level Exception on [Fields]]; }{[tbUF3y2YTPm1TPdTF8YBYw][test][2]: RemoteTransportException[[node_0][inet[/10.1.10.75:9300]][search/phase/dfs]]; nested: DfsPhaseExecutionException[[test][2]: query[test:one ],from[0],size[10]: Dfs Failed [Exception during dfs phase]]; nested: IOException[Forced top level Exception on [Fields]]; }]
[2014-02-18 16:00:42,606][INFO ][search.basic             ] Searching for [test:two ]
[2014-02-18 16:00:42,609][INFO ][search.basic             ] expected SearchPhaseException: [Failed to execute phase [query], all shards failed; shardFailures {[t8Mqv-hjRzqYCBodDxtrKQ][test][0]: QueryPhaseExecutionException[[test][0]: query[test:two ],from[0],size[10]: Query Failed [Failed to execute main query]]; nested: RuntimeException[java.io.IOException: Forced top level Exception on [Fields]]; nested: IOException[Forced top level Exception on [Fields]]; }{[q75XUfcITqG3o93Z8EOFnw][test][1]: RemoteTransportException[[node_2][inet[/10.1.10.75:9302]][search/phase/query]]; nested: QueryPhaseExecutionException[[test][1]: query[test:two ],from[0],size[10]: Query Failed [Failed to execute main query]]; nested: RuntimeException[java.io.IOException: Forced top level Exception on [Fields]]; nested: IOException[Forced top level Exception on [Fields]]; }{[tbUF3y2YTPm1TPdTF8YBYw][test][2]: RemoteTransportException[[node_0][inet[/10.1.10.75:9300]][search/phase/query]]; nested: QueryPhaseExecutionException[[test][2]: query[test:two ],from[0],size[10]: Query Failed [Failed to execute main query]]; nested: RuntimeException[java.io.IOException: Forced top level Exception on [Fields]]; nested: IOException[Forced top level Exception on [Fields]]; }]
[2014-02-18 16:00:42,609][INFO ][search.basic             ] Searching for [test:five ]
[2014-02-18 16:00:42,611][INFO ][search.basic             ] expected SearchPhaseException: [Failed to execute phase [dfs], all shards failed; shardFailures {[t8Mqv-hjRzqYCBodDxtrKQ][test][0]: RemoteTransportException[[node_1][inet[/10.1.10.75:9301]][search/phase/dfs]]; nested: DfsPhaseExecutionException[[test][0]: query[test:five ],from[0],size[10]: Dfs Failed [Exception during dfs phase]]; nested: IOException[Forced top level Exception on [Fields]]; }{[q75XUfcITqG3o93Z8EOFnw][test][1]: RemoteTransportException[[node_2][inet[/10.1.10.75:9302]][search/phase/dfs]]; nested: DfsPhaseExecutionException[[test][1]: query[test:five ],from[0],size[10]: Dfs Failed [Exception during dfs phase]]; nested: IOException[Forced top level Exception on [Fields]]; }{[tbUF3y2YTPm1TPdTF8YBYw][test][2]: DfsPhaseExecutionException[[test][2]: query[test:five ],from[0],size[10]: Dfs Failed [Exception during dfs phase]]; nested: IOException[Forced top level Exception on [Fields]]; }]
[2014-02-18 16:00:42,612][INFO ][search.basic             ] Searching for [test:nine ]
[2014-02-18 16:00:42,615][INFO ][search.basic             ] expected SearchPhaseException: [Failed to execute phase [dfs], all shards failed; shardFailures {[t8Mqv-hjRzqYCBodDxtrKQ][test][0]: DfsPhaseExecutionException[[test][0]: query[test:nine ],from[0],size[10]: Dfs Failed [Exception during dfs phase]]; nested: IOException[Forced top level Exception on [Fields]]; }{[q75XUfcITqG3o93Z8EOFnw][test][1]: RemoteTransportException[[node_2][inet[/10.1.10.75:9302]][search/phase/dfs]]; nested: DfsPhaseExecutionException[[test][1]: query[test:nine ],from[0],size[10]: Dfs Failed [Exception during dfs phase]]; nested: IOException[Forced top level Exception on [Fields]]; }{[tbUF3y2YTPm1TPdTF8YBYw][test][2]: RemoteTransportException[[node_0][inet[/10.1.10.75:9300]][search/phase/dfs]]; nested: DfsPhaseExecutionException[[test][2]: query[test:nine ],from[0],size[10]: Dfs Failed [Exception during dfs phase]]; nested: IOException[Forced top level Exception on [Fields]]; }]
[2014-02-18 16:00:42,615][INFO ][search.basic             ] Searching for [test:five ]
[2014-02-18 16:00:42,622][INFO ][search.basic             ] expected SearchPhaseException: [Failed to execute phase [dfs], all shards failed; shardFailures {[t8Mqv-hjRzqYCBodDxtrKQ][test][0]: RemoteTransportException[[node_1][inet[/10.1.10.75:9301]][search/phase/dfs]]; nested: DfsPhaseExecutionException[[test][0]: query[test:five ],from[0],size[10]: Dfs Failed [Exception during dfs phase]]; nested: IOException[Forced top level Exception on [Fields]]; }{[q75XUfcITqG3o93Z8EOFnw][test][1]: DfsPhaseExecutionException[[test][1]: query[test:five ],from[0],size[10]: Dfs Failed [Exception during dfs phase]]; nested: IOException[Forced top level Exception on [Fields]]; }{[tbUF3y2YTPm1TPdTF8YBYw][test][2]: RemoteTransportException[[node_0][inet[/10.1.10.75:9300]][search/phase/dfs]]; nested: DfsPhaseExecutionException[[test][2]: query[test:five ],from[0],size[10]: Dfs Failed [Exception during dfs phase]]; nested: IOException[Forced top level Exception on [Fields]]; }]
[2014-02-18 16:00:42,622][INFO ][search.basic             ] Searching for [test:six ]
[2014-02-18 16:00:42,625][INFO ][search.basic             ] expected SearchPhaseException: [Failed to execute phase [dfs], all shards failed; shardFailures {[t8Mqv-hjRzqYCBodDxtrKQ][test][0]: RemoteTransportException[[node_1][inet[/10.1.10.75:9301]][search/phase/dfs]]; nested: DfsPhaseExecutionException[[test][0]: query[test:six ],from[0],size[10]: Dfs Failed [Exception during dfs phase]]; nested: IOException[Forced top level Exception on [Fields]]; }{[q75XUfcITqG3o93Z8EOFnw][test][1]: RemoteTransportException[[node_2][inet[/10.1.10.75:9302]][search/phase/dfs]]; nested: DfsPhaseExecutionException[[test][1]: query[test:six ],from[0],size[10]: Dfs Failed [Exception during dfs phase]]; nested: IOException[Forced top level Exception on [Fields]]; }{[tbUF3y2YTPm1TPdTF8YBYw][test][2]: DfsPhaseExecutionException[[test][2]: query[test:six ],from[0],size[10]: Dfs Failed [Exception during dfs phase]]; nested: IOException[Forced top level Exception on [Fields]]; }]
[2014-02-18 16:00:42,625][INFO ][search.basic             ] Searching for [test:thirteen ]
[2014-02-18 16:00:42,629][INFO ][search.basic             ] expected SearchPhaseException: [Failed to execute phase [query], all shards failed; shardFailures {[t8Mqv-hjRzqYCBodDxtrKQ][test][0]: RemoteTransportException[[node_1][inet[/10.1.10.75:9301]][search/phase/query]]; nested: QueryPhaseExecutionException[[test][0]: query[test:thirteen ],from[0],size[10]: Query Failed [Failed to execute main query]]; nested: RuntimeException[java.io.IOException: Forced top level Exception on [Fields]]; nested: IOException[Forced top level Exception on [Fields]]; }{[q75XUfcITqG3o93Z8EOFnw][test][1]: RemoteTransportException[[node_2][inet[/10.1.10.75:9302]][search/phase/query]]; nested: QueryPhaseExecutionException[[test][1]: query[test:thirteen ],from[0],size[10]: Query Failed [Failed to execute main query]]; nested: RuntimeException[java.io.IOException: Forced top level Exception on [Fields]]; nested: IOException[Forced top level Exception on [Fields]]; }{[tbUF3y2YTPm1TPdTF8YBYw][test][2]: QueryPhaseExecutionException[[test][2]: query[test:thirteen ],from[0],size[10]: Query Failed [Failed to execute main query]]; nested: RuntimeException[java.io.IOException: Forced top level Exception on [Fields]]; nested: IOException[Forced top level Exception on [Fields]]; }]
[2014-02-18 16:00:42,629][INFO ][search.basic             ] Searching for [test:eleven ]
[2014-02-18 16:00:42,632][INFO ][search.basic             ] expected SearchPhaseException: [Failed to execute phase [query], all shards failed; shardFailures {[t8Mqv-hjRzqYCBodDxtrKQ][test][0]: RemoteTransportException[[node_1][inet[/10.1.10.75:9301]][search/phase/query]]; nested: QueryPhaseExecutionException[[test][0]: query[test:eleven ],from[0],size[10]: Query Failed [Failed to execute main query]]; nested: RuntimeException[java.io.IOException: Forced top level Exception on [Fields]]; nested: IOException[Forced top level Exception on [Fields]]; }{[q75XUfcITqG3o93Z8EOFnw][test][1]: RemoteTransportException[[node_2][inet[/10.1.10.75:9302]][search/phase/query]]; nested: QueryPhaseExecutionException[[test][1]: query[test:eleven ],from[0],size[10]: Query Failed [Failed to execute main query]]; nested: RuntimeException[java.io.IOException: Forced top level Exception on [Fields]]; nested: IOException[Forced top level Exception on [Fields]]; }{[tbUF3y2YTPm1TPdTF8YBYw][test][2]: QueryPhaseExecutionException[[test][2]: query[test:eleven ],from[0],size[10]: Query Failed [Failed to execute main query]]; nested: RuntimeException[java.io.IOException: Forced top level Exception on [Fields]]; nested: IOException[Forced top level Exception on [Fields]]; }]
[2014-02-18 16:00:42,632][INFO ][search.basic             ] Searching for [test:thirteen ]
[2014-02-18 16:00:42,636][INFO ][search.basic             ] expected SearchPhaseException: [Failed to execute phase [query], all shards failed; shardFailures {[t8Mqv-hjRzqYCBodDxtrKQ][test][0]: QueryPhaseExecutionException[[test][0]: query[test:thirteen ],from[0],size[10]: Query Failed [Failed to execute main query]]; nested: RuntimeException[java.io.IOException: Forced top level Exception on [Fields]]; nested: IOException[Forced top level Exception on [Fields]]; }{[q75XUfcITqG3o93Z8EOFnw][test][1]: RemoteTransportException[[node_2][inet[/10.1.10.75:9302]][search/phase/query]]; nested: QueryPhaseExecutionException[[test][1]: query[test:thirteen ],from[0],size[10]: Query Failed [Failed to execute main query]]; nested: RuntimeException[java.io.IOException: Forced top level Exception on [Fields]]; nested: IOException[Forced top level Exception on [Fields]]; }{[tbUF3y2YTPm1TPdTF8YBYw][test][2]: RemoteTransportException[[node_0][inet[/10.1.10.75:9300]][search/phase/query]]; nested: QueryPhaseExecutionException[[test][2]: query[test:thirteen ],from[0],size[10]: Query Failed [Failed to execute main query]]; nested: RuntimeException[java.io.IOException: Forced top level Exception on [Fields]]; nested: IOException[Forced top level Exception on [Fields]]; }]
[2014-02-18 16:00:42,637][INFO ][search.basic             ] Searching for [test:ten ]
[2014-02-18 16:00:42,641][INFO ][search.basic             ] expected SearchPhaseException: [Failed to execute phase [dfs], all shards failed; shardFailures {[t8Mqv-hjRzqYCBodDxtrKQ][test][0]: RemoteTransportException[[node_1][inet[/10.1.10.75:9301]][search/phase/dfs]]; nested: DfsPhaseExecutionException[[test][0]: query[test:ten ],from[0],size[10]: Dfs Failed [Exception during dfs phase]]; nested: IOException[Forced top level Exception on [Fields]]; }{[q75XUfcITqG3o93Z8EOFnw][test][1]: DfsPhaseExecutionException[[test][1]: query[test:ten ],from[0],size[10]: Dfs Failed [Exception during dfs phase]]; nested: IOException[Forced top level Exception on [Fields]]; }{[tbUF3y2YTPm1TPdTF8YBYw][test][2]: RemoteTransportException[[node_0][inet[/10.1.10.75:9300]][search/phase/dfs]]; nested: DfsPhaseExecutionException[[test][2]: query[test:ten ],from[0],size[10]: Dfs Failed [Exception during dfs phase]]; nested: IOException[Forced top level Exception on [Fields]]; }]
[2014-02-18 16:00:42,642][INFO ][search.basic             ] Searching for [test:seven ]
[2014-02-18 16:00:42,656][INFO ][search.basic             ] expected SearchPhaseException: [Failed to execute phase [dfs], all shards failed; shardFailures {[t8Mqv-hjRzqYCBodDxtrKQ][test][0]: RemoteTransportException[[node_1][inet[/10.1.10.75:9301]][search/phase/dfs]]; nested: DfsPhaseExecutionException[[test][0]: query[test:seven ],from[0],size[10]: Dfs Failed [Exception during dfs phase]]; nested: IOException[Forced top level Exception on [Fields]]; }{[q75XUfcITqG3o93Z8EOFnw][test][1]: DfsPhaseExecutionException[[test][1]: query[test:seven ],from[0],size[10]: Dfs Failed [Exception during dfs phase]]; nested: IOException[Forced top level Exception on [Fields]]; }{[tbUF3y2YTPm1TPdTF8YBYw][test][2]: RemoteTransportException[[node_0][inet[/10.1.10.75:9300]][search/phase/dfs]]; nested: DfsPhaseExecutionException[[test][2]: query[test:seven ],from[0],size[10]: Dfs Failed [Exception during dfs phase]]; nested: IOException[Forced top level Exception on [Fields]]; }]
[2014-02-18 16:00:42,657][INFO ][search.basic             ] Searching for [test:four ]
[2014-02-18 16:00:42,661][INFO ][search.basic             ] expected SearchPhaseException: [Failed to execute phase [dfs], all shards failed; shardFailures {[t8Mqv-hjRzqYCBodDxtrKQ][test][0]: RemoteTransportException[[node_1][inet[/10.1.10.75:9301]][search/phase/dfs]]; nested: DfsPhaseExecutionException[[test][0]: query[test:four ],from[0],size[10]: Dfs Failed [Exception during dfs phase]]; nested: IOException[Forced top level Exception on [Fields]]; }{[q75XUfcITqG3o93Z8EOFnw][test][1]: DfsPhaseExecutionException[[test][1]: query[test:four ],from[0],size[10]: Dfs Failed [Exception during dfs phase]]; nested: IOException[Forced top level Exception on [Fields]]; }{[tbUF3y2YTPm1TPdTF8YBYw][test][2]: RemoteTransportException[[node_0][inet[/10.1.10.75:9300]][search/phase/dfs]]; nested: DfsPhaseExecutionException[[test][2]: query[test:four ],from[0],size[10]: Dfs Failed [Exception during dfs phase]]; nested: IOException[Forced top level Exception on [Fields]]; }]
[2014-02-18 16:00:42,661][INFO ][search.basic             ] Searching for [test:four ]
[2014-02-18 16:00:42,665][INFO ][search.basic             ] expected SearchPhaseException: [Failed to execute phase [dfs], all shards failed; shardFailures {[t8Mqv-hjRzqYCBodDxtrKQ][test][0]: DfsPhaseExecutionException[[test][0]: query[test:four ],from[0],size[10]: Dfs Failed [Exception during dfs phase]]; nested: IOException[Forced top level Exception on [Fields]]; }{[q75XUfcITqG3o93Z8EOFnw][test][1]: RemoteTransportException[[node_2][inet[/10.1.10.75:9302]][search/phase/dfs]]; nested: DfsPhaseExecutionException[[test][1]: query[test:four ],from[0],size[10]: Dfs Failed [Exception during dfs phase]]; nested: IOException[Forced top level Exception on [Fields]]; }{[tbUF3y2YTPm1TPdTF8YBYw][test][2]: RemoteTransportException[[node_0][inet[/10.1.10.75:9300]][search/phase/dfs]]; nested: DfsPhaseExecutionException[[test][2]: query[test:four ],from[0],size[10]: Dfs Failed [Exception during dfs phase]]; nested: IOException[Forced top level Exception on [Fields]]; }]
[2014-02-18 16:00:42,666][INFO ][search.basic             ] Searching for [test:two ]
[2014-02-18 16:00:42,668][INFO ][search.basic             ] expected SearchPhaseException: [Failed to execute phase [query], all shards failed; shardFailures {[t8Mqv-hjRzqYCBodDxtrKQ][test][0]: RemoteTransportException[[node_1][inet[/10.1.10.75:9301]][search/phase/query]]; nested: QueryPhaseExecutionException[[test][0]: query[test:two ],from[0],size[10]: Query Failed [Failed to execute main query]]; nested: RuntimeException[java.io.IOException: Forced top level Exception on [Fields]]; nested: IOException[Forced top level Exception on [Fields]]; }{[q75XUfcITqG3o93Z8EOFnw][test][1]: RemoteTransportException[[node_2][inet[/10.1.10.75:9302]][search/phase/query]]; nested: QueryPhaseExecutionException[[test][1]: query[test:two ],from[0],size[10]: Query Failed [Failed to execute main query]]; nested: RuntimeException[java.io.IOException: Forced top level Exception on [Fields]]; nested: IOException[Forced top level Exception on [Fields]]; }{[tbUF3y2YTPm1TPdTF8YBYw][test][2]: QueryPhaseExecutionException[[test][2]: query[test:two ],from[0],size[10]: Query Failed [Failed to execute main query]]; nested: RuntimeException[java.io.IOException: Forced top level Exception on [Fields]]; nested: IOException[Forced top level Exception on [Fields]]; }]
[2014-02-18 16:00:42,669][INFO ][search.basic             ] Searching for [test:six ]
[2014-02-18 16:00:42,672][INFO ][search.basic             ] expected SearchPhaseException: [Failed to execute phase [dfs], all shards failed; shardFailures {[t8Mqv-hjRzqYCBodDxtrKQ][test][0]: DfsPhaseExecutionException[[test][0]: query[test:six ],from[0],size[10]: Dfs Failed [Exception during dfs phase]]; nested: IOException[Forced top level Exception on [Fields]]; }{[q75XUfcITqG3o93Z8EOFnw][test][1]: RemoteTransportException[[node_2][inet[/10.1.10.75:9302]][search/phase/dfs]]; nested: DfsPhaseExecutionException[[test][1]: query[test:six ],from[0],size[10]: Dfs Failed [Exception during dfs phase]]; nested: IOException[Forced top level Exception on [Fields]]; }{[tbUF3y2YTPm1TPdTF8YBYw][test][2]: RemoteTransportException[[node_0][inet[/10.1.10.75:9300]][search/phase/dfs]]; nested: DfsPhaseExecutionException[[test][2]: query[test:six ],from[0],size[10]: Dfs Failed [Exception during dfs phase]]; nested: IOException[Forced top level Exception on [Fields]]; }]
[2014-02-18 16:00:42,673][INFO ][search.basic             ] Searching for [test:six ]
[2014-02-18 16:00:42,677][INFO ][search.basic             ] expected SearchPhaseException: [Failed to execute phase [dfs], all shards failed; shardFailures {[t8Mqv-hjRzqYCBodDxtrKQ][test][0]: DfsPhaseExecutionException[[test][0]: query[test:six ],from[0],size[10]: Dfs Failed [Exception during dfs phase]]; nested: IOException[Forced top level Exception on [Fields]]; }{[q75XUfcITqG3o93Z8EOFnw][test][1]: RemoteTransportException[[node_2][inet[/10.1.10.75:9302]][search/phase/dfs]]; nested: DfsPhaseExecutionException[[test][1]: query[test:six ],from[0],size[10]: Dfs Failed [Exception during dfs phase]]; nested: IOException[Forced top level Exception on [Fields]]; }{[tbUF3y2YTPm1TPdTF8YBYw][test][2]: RemoteTransportException[[node_0][inet[/10.1.10.75:9300]][search/phase/dfs]]; nested: DfsPhaseExecutionException[[test][2]: query[test:six ],from[0],size[10]: Dfs Failed [Exception during dfs phase]]; nested: IOException[Forced top level Exception on [Fields]]; }]
[2014-02-18 16:00:42,677][INFO ][search.basic             ] Searching for [test:eleven ]
[2014-02-18 16:00:42,681][INFO ][search.basic             ] expected SearchPhaseException: [Failed to execute phase [query], all shards failed; shardFailures {[t8Mqv-hjRzqYCBodDxtrKQ][test][0]: QueryPhaseExecutionException[[test][0]: query[test:eleven ],from[0],size[10]: Query Failed [Failed to execute main query]]; nested: RuntimeException[java.io.IOException: Forced top level Exception on [Fields]]; nested: IOException[Forced top level Exception on [Fields]]; }{[q75XUfcITqG3o93Z8EOFnw][test][1]: RemoteTransportException[[node_2][inet[/10.1.10.75:9302]][search/phase/query]]; nested: QueryPhaseExecutionException[[test][1]: query[test:eleven ],from[0],size[10]: Query Failed [Failed to execute main query]]; nested: RuntimeException[java.io.IOException: Forced top level Exception on [Fields]]; nested: IOException[Forced top level Exception on [Fields]]; }{[tbUF3y2YTPm1TPdTF8YBYw][test][2]: RemoteTransportException[[node_0][inet[/10.1.10.75:9300]][search/phase/query]]; nested: QueryPhaseExecutionException[[test][2]: query[test:eleven ],from[0],size[10]: Query Failed [Failed to execute main query]]; nested: RuntimeException[java.io.IOException: Forced top level Exception on [Fields]]; nested: IOException[Forced top level Exception on [Fields]]; }]
[2014-02-18 16:00:42,681][INFO ][search.basic             ] Searching for [test:eight ]
[2014-02-18 16:00:42,685][INFO ][search.basic             ] expected SearchPhaseException: [Failed to execute phase [query], all shards failed; shardFailures {[t8Mqv-hjRzqYCBodDxtrKQ][test][0]: QueryPhaseExecutionException[[test][0]: query[test:eight ],from[0],size[10]: Query Failed [Failed to execute main query]]; nested: RuntimeException[java.io.IOException: Forced top level Exception on [Fields]]; nested: IOException[Forced top level Exception on [Fields]]; }{[q75XUfcITqG3o93Z8EOFnw][test][1]: RemoteTransportException[[node_2][inet[/10.1.10.75:9302]][search/phase/query]]; nested: QueryPhaseExecutionException[[test][1]: query[test:eight ],from[0],size[10]: Query Failed [Failed to execute main query]]; nested: RuntimeException[java.io.IOException: Forced top level Exception on [Fields]]; nested: IOException[Forced top level Exception on [Fields]]; }{[tbUF3y2YTPm1TPdTF8YBYw][test][2]: RemoteTransportException[[node_0][inet[/10.1.10.75:9300]][search/phase/query]]; nested: QueryPhaseExecutionException[[test][2]: query[test:eight ],from[0],size[10]: Query Failed [Failed to execute main query]]; nested: RuntimeException[java.io.IOException: Forced top level Exception on [Fields]]; nested: IOException[Forced top level Exception on [Fields]]; }]
[2014-02-18 16:00:42,686][INFO ][search.basic             ] Searching for [test:six ]
[2014-02-18 16:00:42,688][INFO ][search.basic             ] expected SearchPhaseException: [Failed to execute phase [query], all shards failed; shardFailures {[t8Mqv-hjRzqYCBodDxtrKQ][test][0]: RemoteTransportException[[node_1][inet[/10.1.10.75:9301]][search/phase/query]]; nested: QueryPhaseExecutionException[[test][0]: query[test:six ],from[0],size[10]: Query Failed [Failed to execute main query]]; nested: RuntimeException[java.io.IOException: Forced top level Exception on [Fields]]; nested: IOException[Forced top level Exception on [Fields]]; }{[q75XUfcITqG3o93Z8EOFnw][test][1]: RemoteTransportException[[node_2][inet[/10.1.10.75:9302]][search/phase/query]]; nested: QueryPhaseExecutionException[[test][1]: query[test:six ],from[0],size[10]: Query Failed [Failed to execute main query]]; nested: RuntimeException[java.io.IOException: Forced top level Exception on [Fields]]; nested: IOException[Forced top level Exception on [Fields]]; }{[tbUF3y2YTPm1TPdTF8YBYw][test][2]: QueryPhaseExecutionException[[test][2]: query[test:six ],from[0],size[10]: Query Failed [Failed to execute main query]]; nested: RuntimeException[java.io.IOException: Forced top level Exception on [Fields]]; nested: IOException[Forced top level Exception on [Fields]]; }]
[2014-02-18 16:00:42,689][INFO ][search.basic             ] Searching for [test:twelve ]
[2014-02-18 16:00:42,692][INFO ][search.basic             ] expected SearchPhaseException: [Failed to execute phase [query], all shards failed; shardFailures {[t8Mqv-hjRzqYCBodDxtrKQ][test][0]: QueryPhaseExecutionException[[test][0]: query[test:twelve ],from[0],size[10]: Query Failed [Failed to execute main query]]; nested: RuntimeException[java.io.IOException: Forced top level Exception on [Fields]]; nested: IOException[Forced top level Exception on [Fields]]; }{[q75XUfcITqG3o93Z8EOFnw][test][1]: RemoteTransportException[[node_2][inet[/10.1.10.75:9302]][search/phase/query]]; nested: QueryPhaseExecutionException[[test][1]: query[test:twelve ],from[0],size[10]: Query Failed [Failed to execute main query]]; nested: RuntimeException[java.io.IOException: Forced top level Exception on [Fields]]; nested: IOException[Forced top level Exception on [Fields]]; }{[tbUF3y2YTPm1TPdTF8YBYw][test][2]: RemoteTransportException[[node_0][inet[/10.1.10.75:9300]][search/phase/query]]; nested: QueryPhaseExecutionException[[test][2]: query[test:twelve ],from[0],size[10]: Query Failed [Failed to execute main query]]; nested: RuntimeException[java.io.IOException: Forced top level Exception on [Fields]]; nested: IOException[Forced top level Exception on [Fields]]; }]
[2014-02-18 16:00:42,693][INFO ][search.basic             ] Searching for [test:ten ]
[2014-02-18 16:00:42,695][INFO ][search.basic             ] expected SearchPhaseException: [Failed to execute phase [dfs], all shards failed; shardFailures {[t8Mqv-hjRzqYCBodDxtrKQ][test][0]: RemoteTransportException[[node_1][inet[/10.1.10.75:9301]][search/phase/dfs]]; nested: DfsPhaseExecutionException[[test][0]: query[test:ten ],from[0],size[10]: Dfs Failed [Exception during dfs phase]]; nested: IOException[Forced top level Exception on [Fields]]; }{[q75XUfcITqG3o93Z8EOFnw][test][1]: RemoteTransportException[[node_2][inet[/10.1.10.75:9302]][search/phase/dfs]]; nested: DfsPhaseExecutionException[[test][1]: query[test:ten ],from[0],size[10]: Dfs Failed [Exception during dfs phase]]; nested: IOException[Forced top level Exception on [Fields]]; }{[tbUF3y2YTPm1TPdTF8YBYw][test][2]: DfsPhaseExecutionException[[test][2]: query[test:ten ],from[0],size[10]: Dfs Failed [Exception during dfs phase]]; nested: IOException[Forced top level Exception on [Fields]]; }]
[2014-02-18 16:00:42,696][INFO ][search.basic             ] Searching for [test:five ]
[2014-02-18 16:00:42,698][INFO ][search.basic             ] expected SearchPhaseException: [Failed to execute phase [dfs], all shards failed; shardFailures {[t8Mqv-hjRzqYCBodDxtrKQ][test][0]: RemoteTransportException[[node_1][inet[/10.1.10.75:9301]][search/phase/dfs]]; nested: DfsPhaseExecutionException[[test][0]: query[test:five ],from[0],size[10]: Dfs Failed [Exception during dfs phase]]; nested: IOException[Forced top level Exception on [Fields]]; }{[q75XUfcITqG3o93Z8EOFnw][test][1]: RemoteTransportException[[node_2][inet[/10.1.10.75:9302]][search/phase/dfs]]; nested: DfsPhaseExecutionException[[test][1]: query[test:five ],from[0],size[10]: Dfs Failed [Exception during dfs phase]]; nested: IOException[Forced top level Exception on [Fields]]; }{[tbUF3y2YTPm1TPdTF8YBYw][test][2]: DfsPhaseExecutionException[[test][2]: query[test:five ],from[0],size[10]: Dfs Failed [Exception during dfs phase]]; nested: IOException[Forced top level Exception on [Fields]]; }]
[2014-02-18 16:00:42,698][INFO ][search.basic             ] Searching for [test:seven ]
[2014-02-18 16:00:42,702][INFO ][search.basic             ] expected SearchPhaseException: [Failed to execute phase [dfs], all shards failed; shardFailures {[t8Mqv-hjRzqYCBodDxtrKQ][test][0]: DfsPhaseExecutionException[[test][0]: query[test:seven ],from[0],size[10]: Dfs Failed [Exception during dfs phase]]; nested: IOException[Forced top level Exception on [Fields]]; }{[q75XUfcITqG3o93Z8EOFnw][test][1]: RemoteTransportException[[node_2][inet[/10.1.10.75:9302]][search/phase/dfs]]; nested: DfsPhaseExecutionException[[test][1]: query[test:seven ],from[0],size[10]: Dfs Failed [Exception during dfs phase]]; nested: IOException[Forced top level Exception on [Fields]]; }{[tbUF3y2YTPm1TPdTF8YBYw][test][2]: RemoteTransportException[[node_0][inet[/10.1.10.75:9300]][search/phase/dfs]]; nested: DfsPhaseExecutionException[[test][2]: query[test:seven ],from[0],size[10]: Dfs Failed [Exception during dfs phase]]; nested: IOException[Forced top level Exception on [Fields]]; }]
[2014-02-18 16:00:42,702][INFO ][search.basic             ] Searching for [test:one ]
[2014-02-18 16:00:42,706][INFO ][search.basic             ] expected SearchPhaseException: [Failed to execute phase [query], all shards failed; shardFailures {[t8Mqv-hjRzqYCBodDxtrKQ][test][0]: RemoteTransportException[[node_1][inet[/10.1.10.75:9301]][search/phase/query]]; nested: QueryPhaseExecutionException[[test][0]: query[test:one ],from[0],size[10]: Query Failed [Failed to execute main query]]; nested: RuntimeException[java.io.IOException: Forced top level Exception on [Fields]]; nested: IOException[Forced top level Exception on [Fields]]; }{[q75XUfcITqG3o93Z8EOFnw][test][1]: QueryPhaseExecutionException[[test][1]: query[test:one ],from[0],size[10]: Query Failed [Failed to execute main query]]; nested: RuntimeException[java.io.IOException: Forced top level Exception on [Fields]]; nested: IOException[Forced top level Exception on [Fields]]; }{[tbUF3y2YTPm1TPdTF8YBYw][test][2]: RemoteTransportException[[node_0][inet[/10.1.10.75:9300]][search/phase/query]]; nested: QueryPhaseExecutionException[[test][2]: query[test:one ],from[0],size[10]: Query Failed [Failed to execute main query]]; nested: RuntimeException[java.io.IOException: Forced top level Exception on [Fields]]; nested: IOException[Forced top level Exception on [Fields]]; }]
[2014-02-18 16:00:42,706][INFO ][search.basic             ] Searching for [test:thirteen ]
[2014-02-18 16:00:42,710][INFO ][search.basic             ] expected SearchPhaseException: [Failed to execute phase [dfs], all shards failed; shardFailures {[t8Mqv-hjRzqYCBodDxtrKQ][test][0]: DfsPhaseExecutionException[[test][0]: query[test:thirteen ],from[0],size[10]: Dfs Failed [Exception during dfs phase]]; nested: IOException[Forced top level Exception on [Fields]]; }{[q75XUfcITqG3o93Z8EOFnw][test][1]: RemoteTransportException[[node_2][inet[/10.1.10.75:9302]][search/phase/dfs]]; nested: DfsPhaseExecutionException[[test][1]: query[test:thirteen ],from[0],size[10]: Dfs Failed [Exception during dfs phase]]; nested: IOException[Forced top level Exception on [Fields]]; }{[tbUF3y2YTPm1TPdTF8YBYw][test][2]: RemoteTransportException[[node_0][inet[/10.1.10.75:9300]][search/phase/dfs]]; nested: DfsPhaseExecutionException[[test][2]: query[test:thirteen ],from[0],size[10]: Dfs Failed [Exception during dfs phase]]; nested: IOException[Forced top level Exception on [Fields]]; }]
[2014-02-18 16:00:42,710][INFO ][search.basic             ] Searching for [test:five ]
[2014-02-18 16:00:42,714][INFO ][search.basic             ] expected SearchPhaseException: [Failed to execute phase [dfs], all shards failed; shardFailures {[t8Mqv-hjRzqYCBodDxtrKQ][test][0]: DfsPhaseExecutionException[[test][0]: query[test:five ],from[0],size[10]: Dfs Failed [Exception during dfs phase]]; nested: IOException[Forced top level Exception on [Fields]]; }{[q75XUfcITqG3o93Z8EOFnw][test][1]: RemoteTransportException[[node_2][inet[/10.1.10.75:9302]][search/phase/dfs]]; nested: DfsPhaseExecutionException[[test][1]: query[test:five ],from[0],size[10]: Dfs Failed [Exception during dfs phase]]; nested: IOException[Forced top level Exception on [Fields]]; }{[tbUF3y2YTPm1TPdTF8YBYw][test][2]: RemoteTransportException[[node_0][inet[/10.1.10.75:9300]][search/phase/dfs]]; nested: DfsPhaseExecutionException[[test][2]: query[test:five ],from[0],size[10]: Dfs Failed [Exception during dfs phase]]; nested: IOException[Forced top level Exception on [Fields]]; }]
[2014-02-18 16:00:42,714][INFO ][search.basic             ] Searching for [test:ten ]
[2014-02-18 16:00:42,718][INFO ][search.basic             ] expected SearchPhaseException: [Failed to execute phase [query], all shards failed; shardFailures {[t8Mqv-hjRzqYCBodDxtrKQ][test][0]: QueryPhaseExecutionException[[test][0]: query[test:ten ],from[0],size[10]: Query Failed [Failed to execute main query]]; nested: RuntimeException[java.io.IOException: Forced top level Exception on [Fields]]; nested: IOException[Forced top level Exception on [Fields]]; }{[q75XUfcITqG3o93Z8EOFnw][test][1]: RemoteTransportException[[node_2][inet[/10.1.10.75:9302]][search/phase/query]]; nested: QueryPhaseExecutionException[[test][1]: query[test:ten ],from[0],size[10]: Query Failed [Failed to execute main query]]; nested: RuntimeException[java.io.IOException: Forced top level Exception on [Fields]]; nested: IOException[Forced top level Exception on [Fields]]; }{[tbUF3y2YTPm1TPdTF8YBYw][test][2]: RemoteTransportException[[node_0][inet[/10.1.10.75:9300]][search/phase/query]]; nested: QueryPhaseExecutionException[[test][2]: query[test:ten ],from[0],size[10]: Query Failed [Failed to execute main query]]; nested: RuntimeException[java.io.IOException: Forced top level Exception on [Fields]]; nested: IOException[Forced top level Exception on [Fields]]; }]
[2014-02-18 16:00:42,718][INFO ][search.basic             ] Searching for [test:nine ]
[2014-02-18 16:00:42,721][INFO ][search.basic             ] expected SearchPhaseException: [Failed to execute phase [query], all shards failed; shardFailures {[t8Mqv-hjRzqYCBodDxtrKQ][test][0]: RemoteTransportException[[node_1][inet[/10.1.10.75:9301]][search/phase/query]]; nested: QueryPhaseExecutionException[[test][0]: query[test:nine ],from[0],size[10]: Query Failed [Failed to execute main query]]; nested: RuntimeException[java.io.IOException: Forced top level Exception on [Fields]]; nested: IOException[Forced top level Exception on [Fields]]; }{[q75XUfcITqG3o93Z8EOFnw][test][1]: RemoteTransportException[[node_2][inet[/10.1.10.75:9302]][search/phase/query]]; nested: QueryPhaseExecutionException[[test][1]: query[test:nine ],from[0],size[10]: Query Failed [Failed to execute main query]]; nested: RuntimeException[java.io.IOException: Forced top level Exception on [Fields]]; nested: IOException[Forced top level Exception on [Fields]]; }{[tbUF3y2YTPm1TPdTF8YBYw][test][2]: QueryPhaseExecutionException[[test][2]: query[test:nine ],from[0],size[10]: Query Failed [Failed to execute main query]]; nested: RuntimeException[java.io.IOException: Forced top level Exception on [Fields]]; nested: IOException[Forced top level Exception on [Fields]]; }]
[2014-02-18 16:00:42,721][INFO ][search.basic             ] Searching for [test:two ]
[2014-02-18 16:00:42,724][INFO ][search.basic             ] expected SearchPhaseException: [Failed to execute phase [dfs], all shards failed; shardFailures {[t8Mqv-hjRzqYCBodDxtrKQ][test][0]: DfsPhaseExecutionException[[test][0]: query[test:two ],from[0],size[10]: Dfs Failed [Exception during dfs phase]]; nested: IOException[Forced top level Exception on [Fields]]; }{[q75XUfcITqG3o93Z8EOFnw][test][1]: RemoteTransportException[[node_2][inet[/10.1.10.75:9302]][search/phase/dfs]]; nested: DfsPhaseExecutionException[[test][1]: query[test:two ],from[0],size[10]: Dfs Failed [Exception during dfs phase]]; nested: IOException[Forced top level Exception on [Fields]]; }{[tbUF3y2YTPm1TPdTF8YBYw][test][2]: RemoteTransportException[[node_0][inet[/10.1.10.75:9300]][search/phase/dfs]]; nested: DfsPhaseExecutionException[[test][2]: query[test:two ],from[0],size[10]: Dfs Failed [Exception during dfs phase]]; nested: IOException[Forced top level Exception on [Fields]]; }]
[2014-02-18 16:00:42,724][INFO ][search.basic             ] Searching for [test:nine ]
[2014-02-18 16:00:42,728][INFO ][search.basic             ] expected SearchPhaseException: [Failed to execute phase [dfs], all shards failed; shardFailures {[t8Mqv-hjRzqYCBodDxtrKQ][test][0]: DfsPhaseExecutionException[[test][0]: query[test:nine ],from[0],size[10]: Dfs Failed [Exception during dfs phase]]; nested: IOException[Forced top level Exception on [Fields]]; }{[q75XUfcITqG3o93Z8EOFnw][test][1]: RemoteTransportException[[node_2][inet[/10.1.10.75:9302]][search/phase/dfs]]; nested: DfsPhaseExecutionException[[test][1]: query[test:nine ],from[0],size[10]: Dfs Failed [Exception during dfs phase]]; nested: IOException[Forced top level Exception on [Fields]]; }{[tbUF3y2YTPm1TPdTF8YBYw][test][2]: RemoteTransportException[[node_0][inet[/10.1.10.75:9300]][search/phase/dfs]]; nested: DfsPhaseExecutionException[[test][2]: query[test:nine ],from[0],size[10]: Dfs Failed [Exception during dfs phase]]; nested: IOException[Forced top level Exception on [Fields]]; }]
[2014-02-18 16:00:42,728][INFO ][search.basic             ] Searching for [test:twelve ]
[2014-02-18 16:00:42,732][INFO ][search.basic             ] expected SearchPhaseException: [Failed to execute phase [query], all shards failed; shardFailures {[t8Mqv-hjRzqYCBodDxtrKQ][test][0]: QueryPhaseExecutionException[[test][0]: query[test:twelve ],from[0],size[10]: Query Failed [Failed to execute main query]]; nested: RuntimeException[java.io.IOException: Forced top level Exception on [Fields]]; nested: IOException[Forced top level Exception on [Fields]]; }{[q75XUfcITqG3o93Z8EOFnw][test][1]: RemoteTransportException[[node_2][inet[/10.1.10.75:9302]][search/phase/query]]; nested: QueryPhaseExecutionException[[test][1]: query[test:twelve ],from[0],size[10]: Query Failed [Failed to execute main query]]; nested: RuntimeException[java.io.IOException: Forced top level Exception on [Fields]]; nested: IOException[Forced top level Exception on [Fields]]; }{[tbUF3y2YTPm1TPdTF8YBYw][test][2]: RemoteTransportException[[node_0][inet[/10.1.10.75:9300]][search/phase/query]]; nested: QueryPhaseExecutionException[[test][2]: query[test:twelve ],from[0],size[10]: Query Failed [Failed to execute main query]]; nested: RuntimeException[java.io.IOException: Forced top level Exception on [Fields]]; nested: IOException[Forced top level Exception on [Fields]]; }]
[2014-02-18 16:00:42,732][INFO ][search.basic             ] Searching for [test:three ]
[2014-02-18 16:00:42,735][INFO ][search.basic             ] expected SearchPhaseException: [Failed to execute phase [dfs], all shards failed; shardFailures {[t8Mqv-hjRzqYCBodDxtrKQ][test][0]: RemoteTransportException[[node_1][inet[/10.1.10.75:9301]][search/phase/dfs]]; nested: DfsPhaseExecutionException[[test][0]: query[test:three ],from[0],size[10]: Dfs Failed [Exception during dfs phase]]; nested: IOException[Forced top level Exception on [Fields]]; }{[q75XUfcITqG3o93Z8EOFnw][test][1]: DfsPhaseExecutionException[[test][1]: query[test:three ],from[0],size[10]: Dfs Failed [Exception during dfs phase]]; nested: IOException[Forced top level Exception on [Fields]]; }{[tbUF3y2YTPm1TPdTF8YBYw][test][2]: RemoteTransportException[[node_0][inet[/10.1.10.75:9300]][search/phase/dfs]]; nested: DfsPhaseExecutionException[[test][2]: query[test:three ],from[0],size[10]: Dfs Failed [Exception during dfs phase]]; nested: IOException[Forced top level Exception on [Fields]]; }]
[2014-02-18 16:00:42,735][INFO ][search.basic             ] Searching for [test:zero]
[2014-02-18 16:00:42,737][INFO ][search.basic             ] expected SearchPhaseException: [Failed to execute phase [query], all shards failed; shardFailures {[t8Mqv-hjRzqYCBodDxtrKQ][test][0]: RemoteTransportException[[node_1][inet[/10.1.10.75:9301]][search/phase/query]]; nested: QueryPhaseExecutionException[[test][0]: query[test:zero],from[0],size[10]: Query Failed [Failed to execute main query]]; nested: RuntimeException[java.io.IOException: Forced top level Exception on [Fields]]; nested: IOException[Forced top level Exception on [Fields]]; }{[q75XUfcITqG3o93Z8EOFnw][test][1]: RemoteTransportException[[node_2][inet[/10.1.10.75:9302]][search/phase/query]]; nested: QueryPhaseExecutionException[[test][1]: query[test:zero],from[0],size[10]: Query Failed [Failed to execute main query]]; nested: RuntimeException[java.io.IOException: Forced top level Exception on [Fields]]; nested: IOException[Forced top level Exception on [Fields]]; }{[tbUF3y2YTPm1TPdTF8YBYw][test][2]: QueryPhaseExecutionException[[test][2]: query[test:zero],from[0],size[10]: Query Failed [Failed to execute main query]]; nested: RuntimeException[java.io.IOException: Forced top level Exception on [Fields]]; nested: IOException[Forced top level Exception on [Fields]]; }]
[2014-02-18 16:00:42,738][INFO ][search.basic             ] Searching for [test:three ]
[2014-02-18 16:00:42,740][INFO ][search.basic             ] expected SearchPhaseException: [Failed to execute phase [dfs], all shards failed; shardFailures {[t8Mqv-hjRzqYCBodDxtrKQ][test][0]: RemoteTransportException[[node_1][inet[/10.1.10.75:9301]][search/phase/dfs]]; nested: DfsPhaseExecutionException[[test][0]: query[test:three ],from[0],size[10]: Dfs Failed [Exception during dfs phase]]; nested: IOException[Forced top level Exception on [Fields]]; }{[q75XUfcITqG3o93Z8EOFnw][test][1]: RemoteTransportException[[node_2][inet[/10.1.10.75:9302]][search/phase/dfs]]; nested: DfsPhaseExecutionException[[test][1]: query[test:three ],from[0],size[10]: Dfs Failed [Exception during dfs phase]]; nested: IOException[Forced top level Exception on [Fields]]; }{[tbUF3y2YTPm1TPdTF8YBYw][test][2]: DfsPhaseExecutionException[[test][2]: query[test:three ],from[0],size[10]: Dfs Failed [Exception during dfs phase]]; nested: IOException[Forced top level Exception on [Fields]]; }]
[2014-02-18 16:00:42,740][INFO ][search.basic             ] Searching for [test:one ]
[2014-02-18 16:00:42,742][INFO ][search.basic             ] expected SearchPhaseException: [Failed to execute phase [query], all shards failed; shardFailures {[t8Mqv-hjRzqYCBodDxtrKQ][test][0]: RemoteTransportException[[node_1][inet[/10.1.10.75:9301]][search/phase/query]]; nested: QueryPhaseExecutionException[[test][0]: query[test:one ],from[0],size[10]: Query Failed [Failed to execute main query]]; nested: RuntimeException[java.io.IOException: Forced top level Exception on [Fields]]; nested: IOException[Forced top level Exception on [Fields]]; }{[q75XUfcITqG3o93Z8EOFnw][test][1]: RemoteTransportException[[node_2][inet[/10.1.10.75:9302]][search/phase/query]]; nested: QueryPhaseExecutionException[[test][1]: query[test:one ],from[0],size[10]: Query Failed [Failed to execute main query]]; nested: RuntimeException[java.io.IOException: Forced top level Exception on [Fields]]; nested: IOException[Forced top level Exception on [Fields]]; }{[tbUF3y2YTPm1TPdTF8YBYw][test][2]: QueryPhaseExecutionException[[test][2]: query[test:one ],from[0],size[10]: Query Failed [Failed to execute main query]]; nested: RuntimeException[java.io.IOException: Forced top level Exception on [Fields]]; nested: IOException[Forced top level Exception on [Fields]]; }]
[2014-02-18 16:00:42,743][INFO ][search.basic             ] Searching for [test:five ]
[2014-02-18 16:00:42,745][INFO ][search.basic             ] expected SearchPhaseException: [Failed to execute phase [query], all shards failed; shardFailures {[t8Mqv-hjRzqYCBodDxtrKQ][test][0]: RemoteTransportException[[node_1][inet[/10.1.10.75:9301]][search/phase/query]]; nested: QueryPhaseExecutionException[[test][0]: query[test:five ],from[0],size[10]: Query Failed [Failed to execute main query]]; nested: RuntimeException[java.io.IOException: Forced top level Exception on [Fields]]; nested: IOException[Forced top level Exception on [Fields]]; }{[q75XUfcITqG3o93Z8EOFnw][test][1]: RemoteTransportException[[node_2][inet[/10.1.10.75:9302]][search/phase/query]]; nested: QueryPhaseExecutionException[[test][1]: query[test:five ],from[0],size[10]: Query Failed [Failed to execute main query]]; nested: RuntimeException[java.io.IOException: Forced top level Exception on [Fields]]; nested: IOException[Forced top level Exception on [Fields]]; }{[tbUF3y2YTPm1TPdTF8YBYw][test][2]: QueryPhaseExecutionException[[test][2]: query[test:five ],from[0],size[10]: Query Failed [Failed to execute main query]]; nested: RuntimeException[java.io.IOException: Forced top level Exception on [Fields]]; nested: IOException[Forced top level Exception on [Fields]]; }]
[2014-02-18 16:00:42,745][INFO ][search.basic             ] Searching for [test:six ]
[2014-02-18 16:00:42,749][INFO ][search.basic             ] expected SearchPhaseException: [Failed to execute phase [query], all shards failed; shardFailures {[t8Mqv-hjRzqYCBodDxtrKQ][test][0]: QueryPhaseExecutionException[[test][0]: query[test:six ],from[0],size[10]: Query Failed [Failed to execute main query]]; nested: RuntimeException[java.io.IOException: Forced top level Exception on [Fields]]; nested: IOException[Forced top level Exception on [Fields]]; }{[q75XUfcITqG3o93Z8EOFnw][test][1]: RemoteTransportException[[node_2][inet[/10.1.10.75:9302]][search/phase/query]]; nested: QueryPhaseExecutionException[[test][1]: query[test:six ],from[0],size[10]: Query Failed [Failed to execute main query]]; nested: RuntimeException[java.io.IOException: Forced top level Exception on [Fields]]; nested: IOException[Forced top level Exception on [Fields]]; }{[tbUF3y2YTPm1TPdTF8YBYw][test][2]: RemoteTransportException[[node_0][inet[/10.1.10.75:9300]][search/phase/query]]; nested: QueryPhaseExecutionException[[test][2]: query[test:six ],from[0],size[10]: Query Failed [Failed to execute main query]]; nested: RuntimeException[java.io.IOException: Forced top level Exception on [Fields]]; nested: IOException[Forced top level Exception on [Fields]]; }]
[2014-02-18 16:00:42,749][INFO ][search.basic             ] Searching for [test:ten ]
[2014-02-18 16:00:42,753][INFO ][search.basic             ] expected SearchPhaseException: [Failed to execute phase [query], all shards failed; shardFailures {[t8Mqv-hjRzqYCBodDxtrKQ][test][0]: RemoteTransportException[[node_1][inet[/10.1.10.75:9301]][search/phase/query]]; nested: QueryPhaseExecutionException[[test][0]: query[test:ten ],from[0],size[10]: Query Failed [Failed to execute main query]]; nested: RuntimeException[java.io.IOException: Forced top level Exception on [Fields]]; nested: IOException[Forced top level Exception on [Fields]]; }{[q75XUfcITqG3o93Z8EOFnw][test][1]: QueryPhaseExecutionException[[test][1]: query[test:ten ],from[0],size[10]: Query Failed [Failed to execute main query]]; nested: RuntimeException[java.io.IOException: Forced top level Exception on [Fields]]; nested: IOException[Forced top level Exception on [Fields]]; }{[tbUF3y2YTPm1TPdTF8YBYw][test][2]: RemoteTransportException[[node_0][inet[/10.1.10.75:9300]][search/phase/query]]; nested: QueryPhaseExecutionException[[test][2]: query[test:ten ],from[0],size[10]: Query Failed [Failed to execute main query]]; nested: RuntimeException[java.io.IOException: Forced top level Exception on [Fields]]; nested: IOException[Forced top level Exception on [Fields]]; }]
[2014-02-18 16:00:42,753][INFO ][search.basic             ] Searching for [test:ten ]
[2014-02-18 16:00:42,757][INFO ][search.basic             ] expected SearchPhaseException: [Failed to execute phase [dfs], all shards failed; shardFailures {[t8Mqv-hjRzqYCBodDxtrKQ][test][0]: DfsPhaseExecutionException[[test][0]: query[test:ten ],from[0],size[10]: Dfs Failed [Exception during dfs phase]]; nested: IOException[Forced top level Exception on [Fields]]; }{[q75XUfcITqG3o93Z8EOFnw][test][1]: RemoteTransportException[[node_2][inet[/10.1.10.75:9302]][search/phase/dfs]]; nested: DfsPhaseExecutionException[[test][1]: query[test:ten ],from[0],size[10]: Dfs Failed [Exception during dfs phase]]; nested: IOException[Forced top level Exception on [Fields]]; }{[tbUF3y2YTPm1TPdTF8YBYw][test][2]: RemoteTransportException[[node_0][inet[/10.1.10.75:9300]][search/phase/dfs]]; nested: DfsPhaseExecutionException[[test][2]: query[test:ten ],from[0],size[10]: Dfs Failed [Exception during dfs phase]]; nested: IOException[Forced top level Exception on [Fields]]; }]
[2014-02-18 16:00:42,757][INFO ][search.basic             ] Searching for [test:five ]
[2014-02-18 16:00:42,759][INFO ][search.basic             ] expected SearchPhaseException: [Failed to execute phase [query], all shards failed; shardFailures {[t8Mqv-hjRzqYCBodDxtrKQ][test][0]: RemoteTransportException[[node_1][inet[/10.1.10.75:9301]][search/phase/query]]; nested: QueryPhaseExecutionException[[test][0]: query[test:five ],from[0],size[10]: Query Failed [Failed to execute main query]]; nested: RuntimeException[java.io.IOException: Forced top level Exception on [Fields]]; nested: IOException[Forced top level Exception on [Fields]]; }{[q75XUfcITqG3o93Z8EOFnw][test][1]: RemoteTransportException[[node_2][inet[/10.1.10.75:9302]][search/phase/query]]; nested: QueryPhaseExecutionException[[test][1]: query[test:five ],from[0],size[10]: Query Failed [Failed to execute main query]]; nested: RuntimeException[java.io.IOException: Forced top level Exception on [Fields]]; nested: IOException[Forced top level Exception on [Fields]]; }{[tbUF3y2YTPm1TPdTF8YBYw][test][2]: QueryPhaseExecutionException[[test][2]: query[test:five ],from[0],size[10]: Query Failed [Failed to execute main query]]; nested: RuntimeException[java.io.IOException: Forced top level Exception on [Fields]]; nested: IOException[Forced top level Exception on [Fields]]; }]
[2014-02-18 16:00:42,759][INFO ][search.basic             ] Searching for [test:nine ]
[2014-02-18 16:00:42,763][INFO ][search.basic             ] expected SearchPhaseException: [Failed to execute phase [query], all shards failed; shardFailures {[t8Mqv-hjRzqYCBodDxtrKQ][test][0]: RemoteTransportException[[node_1][inet[/10.1.10.75:9301]][search/phase/query]]; nested: QueryPhaseExecutionException[[test][0]: query[test:nine ],from[0],size[10]: Query Failed [Failed to execute main query]]; nested: RuntimeException[java.io.IOException: Forced top level Exception on [Fields]]; nested: IOException[Forced top level Exception on [Fields]]; }{[q75XUfcITqG3o93Z8EOFnw][test][1]: QueryPhaseExecutionException[[test][1]: query[test:nine ],from[0],size[10]: Query Failed [Failed to execute main query]]; nested: RuntimeException[java.io.IOException: Forced top level Exception on [Fields]]; nested: IOException[Forced top level Exception on [Fields]]; }{[tbUF3y2YTPm1TPdTF8YBYw][test][2]: RemoteTransportException[[node_0][inet[/10.1.10.75:9300]][search/phase/query]]; nested: QueryPhaseExecutionException[[test][2]: query[test:nine ],from[0],size[10]: Query Failed [Failed to execute main query]]; nested: RuntimeException[java.io.IOException: Forced top level Exception on [Fields]]; nested: IOException[Forced top level Exception on [Fields]]; }]
[2014-02-18 16:00:42,763][INFO ][search.basic             ] Searching for [test:seven ]
[2014-02-18 16:00:42,766][INFO ][search.basic             ] expected SearchPhaseException: [Failed to execute phase [query], all shards failed; shardFailures {[t8Mqv-hjRzqYCBodDxtrKQ][test][0]: RemoteTransportException[[node_1][inet[/10.1.10.75:9301]][search/phase/query]]; nested: QueryPhaseExecutionException[[test][0]: query[test:seven ],from[0],size[10]: Query Failed [Failed to execute main query]]; nested: RuntimeException[java.io.IOException: Forced top level Exception on [Fields]]; nested: IOException[Forced top level Exception on [Fields]]; }{[q75XUfcITqG3o93Z8EOFnw][test][1]: RemoteTransportException[[node_2][inet[/10.1.10.75:9302]][search/phase/query]]; nested: QueryPhaseExecutionException[[test][1]: query[test:seven ],from[0],size[10]: Query Failed [Failed to execute main query]]; nested: RuntimeException[java.io.IOException: Forced top level Exception on [Fields]]; nested: IOException[Forced top level Exception on [Fields]]; }{[tbUF3y2YTPm1TPdTF8YBYw][test][2]: QueryPhaseExecutionException[[test][2]: query[test:seven ],from[0],size[10]: Query Failed [Failed to execute main query]]; nested: RuntimeException[java.io.IOException: Forced top level Exception on [Fields]]; nested: IOException[Forced top level Exception on [Fields]]; }]
[2014-02-18 16:00:42,766][INFO ][search.basic             ] Searching for [test:thirteen ]
[2014-02-18 16:00:42,770][INFO ][search.basic             ] expected SearchPhaseException: [Failed to execute phase [query], all shards failed; shardFailures {[t8Mqv-hjRzqYCBodDxtrKQ][test][0]: RemoteTransportException[[node_1][inet[/10.1.10.75:9301]][search/phase/query]]; nested: QueryPhaseExecutionException[[test][0]: query[test:thirteen ],from[0],size[10]: Query Failed [Failed to execute main query]]; nested: RuntimeException[java.io.IOException: Forced top level Exception on [Fields]]; nested: IOException[Forced top level Exception on [Fields]]; }{[q75XUfcITqG3o93Z8EOFnw][test][1]: QueryPhaseExecutionException[[test][1]: query[test:thirteen ],from[0],size[10]: Query Failed [Failed to execute main query]]; nested: RuntimeException[java.io.IOException: Forced top level Exception on [Fields]]; nested: IOException[Forced top level Exception on [Fields]]; }{[tbUF3y2YTPm1TPdTF8YBYw][test][2]: RemoteTransportException[[node_0][inet[/10.1.10.75:9300]][search/phase/query]]; nested: QueryPhaseExecutionException[[test][2]: query[test:thirteen ],from[0],size[10]: Query Failed [Failed to execute main query]]; nested: RuntimeException[java.io.IOException: Forced top level Exception on [Fields]]; nested: IOException[Forced top level Exception on [Fields]]; }]
[2014-02-18 16:00:42,770][INFO ][search.basic             ] Searching for [test:twelve ]
[2014-02-18 16:00:42,772][INFO ][search.basic             ] expected SearchPhaseException: [Failed to execute phase [query], all shards failed; shardFailures {[t8Mqv-hjRzqYCBodDxtrKQ][test][0]: RemoteTransportException[[node_1][inet[/10.1.10.75:9301]][search/phase/query]]; nested: QueryPhaseExecutionException[[test][0]: query[test:twelve ],from[0],size[10]: Query Failed [Failed to execute main query]]; nested: RuntimeException[java.io.IOException: Forced top level Exception on [Fields]]; nested: IOException[Forced top level Exception on [Fields]]; }{[q75XUfcITqG3o93Z8EOFnw][test][1]: RemoteTransportException[[node_2][inet[/10.1.10.75:9302]][search/phase/query]]; nested: QueryPhaseExecutionException[[test][1]: query[test:twelve ],from[0],size[10]: Query Failed [Failed to execute main query]]; nested: RuntimeException[java.io.IOException: Forced top level Exception on [Fields]]; nested: IOException[Forced top level Exception on [Fields]]; }{[tbUF3y2YTPm1TPdTF8YBYw][test][2]: QueryPhaseExecutionException[[test][2]: query[test:twelve ],from[0],size[10]: Query Failed [Failed to execute main query]]; nested: RuntimeException[java.io.IOException: Forced top level Exception on [Fields]]; nested: IOException[Forced top level Exception on [Fields]]; }]
[2014-02-18 16:00:42,772][INFO ][search.basic             ] Searching for [test:two ]
[2014-02-18 16:00:42,775][INFO ][search.basic             ] expected SearchPhaseException: [Failed to execute phase [dfs], all shards failed; shardFailures {[t8Mqv-hjRzqYCBodDxtrKQ][test][0]: DfsPhaseExecutionException[[test][0]: query[test:two ],from[0],size[10]: Dfs Failed [Exception during dfs phase]]; nested: IOException[Forced top level Exception on [Fields]]; }{[q75XUfcITqG3o93Z8EOFnw][test][1]: RemoteTransportException[[node_2][inet[/10.1.10.75:9302]][search/phase/dfs]]; nested: DfsPhaseExecutionException[[test][1]: query[test:two ],from[0],size[10]: Dfs Failed [Exception during dfs phase]]; nested: IOException[Forced top level Exception on [Fields]]; }{[tbUF3y2YTPm1TPdTF8YBYw][test][2]: RemoteTransportException[[node_0][inet[/10.1.10.75:9300]][search/phase/dfs]]; nested: DfsPhaseExecutionException[[test][2]: query[test:two ],from[0],size[10]: Dfs Failed [Exception during dfs phase]]; nested: IOException[Forced top level Exception on [Fields]]; }]
[2014-02-18 16:00:42,776][INFO ][search.basic             ] Searching for [test:seven ]
[2014-02-18 16:00:42,779][INFO ][search.basic             ] expected SearchPhaseException: [Failed to execute phase [query], all shards failed; shardFailures {[t8Mqv-hjRzqYCBodDxtrKQ][test][0]: RemoteTransportException[[node_1][inet[/10.1.10.75:9301]][search/phase/query]]; nested: QueryPhaseExecutionException[[test][0]: query[test:seven ],from[0],size[10]: Query Failed [Failed to execute main query]]; nested: RuntimeException[java.io.IOException: Forced top level Exception on [Fields]]; nested: IOException[Forced top level Exception on [Fields]]; }{[q75XUfcITqG3o93Z8EOFnw][test][1]: QueryPhaseExecutionException[[test][1]: query[test:seven ],from[0],size[10]: Query Failed [Failed to execute main query]]; nested: RuntimeException[java.io.IOException: Forced top level Exception on [Fields]]; nested: IOException[Forced top level Exception on [Fields]]; }{[tbUF3y2YTPm1TPdTF8YBYw][test][2]: RemoteTransportException[[node_0][inet[/10.1.10.75:9300]][search/phase/query]]; nested: QueryPhaseExecutionException[[test][2]: query[test:seven ],from[0],size[10]: Query Failed [Failed to execute main query]]; nested: RuntimeException[java.io.IOException: Forced top level Exception on [Fields]]; nested: IOException[Forced top level Exception on [Fields]]; }]
[2014-02-18 16:00:42,779][INFO ][search.basic             ] Searching for [test:five ]
[2014-02-18 16:00:42,783][INFO ][search.basic             ] expected SearchPhaseException: [Failed to execute phase [query], all shards failed; shardFailures {[t8Mqv-hjRzqYCBodDxtrKQ][test][0]: RemoteTransportException[[node_1][inet[/10.1.10.75:9301]][search/phase/query]]; nested: QueryPhaseExecutionException[[test][0]: query[test:five ],from[0],size[10]: Query Failed [Failed to execute main query]]; nested: RuntimeException[java.io.IOException: Forced top level Exception on [Fields]]; nested: IOException[Forced top level Exception on [Fields]]; }{[q75XUfcITqG3o93Z8EOFnw][test][1]: QueryPhaseExecutionException[[test][1]: query[test:five ],from[0],size[10]: Query Failed [Failed to execute main query]]; nested: RuntimeException[java.io.IOException: Forced top level Exception on [Fields]]; nested: IOException[Forced top level Exception on [Fields]]; }{[tbUF3y2YTPm1TPdTF8YBYw][test][2]: RemoteTransportException[[node_0][inet[/10.1.10.75:9300]][search/phase/query]]; nested: QueryPhaseExecutionException[[test][2]: query[test:five ],from[0],size[10]: Query Failed [Failed to execute main query]]; nested: RuntimeException[java.io.IOException: Forced top level Exception on [Fields]]; nested: IOException[Forced top level Exception on [Fields]]; }]
[2014-02-18 16:00:42,783][INFO ][search.basic             ] Searching for [test:eight ]
[2014-02-18 16:00:42,786][INFO ][search.basic             ] expected SearchPhaseException: [Failed to execute phase [dfs], all shards failed; shardFailures {[t8Mqv-hjRzqYCBodDxtrKQ][test][0]: DfsPhaseExecutionException[[test][0]: query[test:eight ],from[0],size[10]: Dfs Failed [Exception during dfs phase]]; nested: IOException[Forced top level Exception on [Fields]]; }{[q75XUfcITqG3o93Z8EOFnw][test][1]: RemoteTransportException[[node_2][inet[/10.1.10.75:9302]][search/phase/dfs]]; nested: DfsPhaseExecutionException[[test][1]: query[test:eight ],from[0],size[10]: Dfs Failed [Exception during dfs phase]]; nested: IOException[Forced top level Exception on [Fields]]; }{[tbUF3y2YTPm1TPdTF8YBYw][test][2]: RemoteTransportException[[node_0][inet[/10.1.10.75:9300]][search/phase/dfs]]; nested: DfsPhaseExecutionException[[test][2]: query[test:eight ],from[0],size[10]: Dfs Failed [Exception during dfs phase]]; nested: IOException[Forced top level Exception on [Fields]]; }]
[2014-02-18 16:00:42,787][INFO ][search.basic             ] Searching for [test:ten ]
[2014-02-18 16:00:42,789][INFO ][search.basic             ] expected SearchPhaseException: [Failed to execute phase [query], all shards failed; shardFailures {[t8Mqv-hjRzqYCBodDxtrKQ][test][0]: RemoteTransportException[[node_1][inet[/10.1.10.75:9301]][search/phase/query]]; nested: QueryPhaseExecutionException[[test][0]: query[test:ten ],from[0],size[10]: Query Failed [Failed to execute main query]]; nested: RuntimeException[java.io.IOException: Forced top level Exception on [Fields]]; nested: IOException[Forced top level Exception on [Fields]]; }{[q75XUfcITqG3o93Z8EOFnw][test][1]: RemoteTransportException[[node_2][inet[/10.1.10.75:9302]][search/phase/query]]; nested: QueryPhaseExecutionException[[test][1]: query[test:ten ],from[0],size[10]: Query Failed [Failed to execute main query]]; nested: RuntimeException[java.io.IOException: Forced top level Exception on [Fields]]; nested: IOException[Forced top level Exception on [Fields]]; }{[tbUF3y2YTPm1TPdTF8YBYw][test][2]: QueryPhaseExecutionException[[test][2]: query[test:ten ],from[0],size[10]: Query Failed [Failed to execute main query]]; nested: RuntimeException[java.io.IOException: Forced top level Exception on [Fields]]; nested: IOException[Forced top level Exception on [Fields]]; }]
[2014-02-18 16:00:42,789][INFO ][search.basic             ] Searching for [test:five ]
[2014-02-18 16:00:42,793][INFO ][search.basic             ] expected SearchPhaseException: [Failed to execute phase [dfs], all shards failed; shardFailures {[t8Mqv-hjRzqYCBodDxtrKQ][test][0]: DfsPhaseExecutionException[[test][0]: query[test:five ],from[0],size[10]: Dfs Failed [Exception during dfs phase]]; nested: IOException[Forced top level Exception on [Fields]]; }{[q75XUfcITqG3o93Z8EOFnw][test][1]: RemoteTransportException[[node_2][inet[/10.1.10.75:9302]][search/phase/dfs]]; nested: DfsPhaseExecutionException[[test][1]: query[test:five ],from[0],size[10]: Dfs Failed [Exception during dfs phase]]; nested: IOException[Forced top level Exception on [Fields]]; }{[tbUF3y2YTPm1TPdTF8YBYw][test][2]: RemoteTransportException[[node_0][inet[/10.1.10.75:9300]][search/phase/dfs]]; nested: DfsPhaseExecutionException[[test][2]: query[test:five ],from[0],size[10]: Dfs Failed [Exception during dfs phase]]; nested: IOException[Forced top level Exception on [Fields]]; }]
[2014-02-18 16:00:42,793][INFO ][search.basic             ] Searching for [test:six ]
[2014-02-18 16:00:42,797][INFO ][search.basic             ] expected SearchPhaseException: [Failed to execute phase [query], all shards failed; shardFailures {[t8Mqv-hjRzqYCBodDxtrKQ][test][0]: QueryPhaseExecutionException[[test][0]: query[test:six ],from[0],size[10]: Query Failed [Failed to execute main query]]; nested: RuntimeException[java.io.IOException: Forced top level Exception on [Fields]]; nested: IOException[Forced top level Exception on [Fields]]; }{[q75XUfcITqG3o93Z8EOFnw][test][1]: RemoteTransportException[[node_2][inet[/10.1.10.75:9302]][search/phase/query]]; nested: QueryPhaseExecutionException[[test][1]: query[test:six ],from[0],size[10]: Query Failed [Failed to execute main query]]; nested: RuntimeException[java.io.IOException: Forced top level Exception on [Fields]]; nested: IOException[Forced top level Exception on [Fields]]; }{[tbUF3y2YTPm1TPdTF8YBYw][test][2]: RemoteTransportException[[node_0][inet[/10.1.10.75:9300]][search/phase/query]]; nested: QueryPhaseExecutionException[[test][2]: query[test:six ],from[0],size[10]: Query Failed [Failed to execute main query]]; nested: RuntimeException[java.io.IOException: Forced top level Exception on [Fields]]; nested: IOException[Forced top level Exception on [Fields]]; }]
[2014-02-18 16:00:42,797][INFO ][search.basic             ] Searching for [test:nine ]
[2014-02-18 16:00:42,801][INFO ][search.basic             ] expected SearchPhaseException: [Failed to execute phase [query], all shards failed; shardFailures {[t8Mqv-hjRzqYCBodDxtrKQ][test][0]: RemoteTransportException[[node_1][inet[/10.1.10.75:9301]][search/phase/query]]; nested: QueryPhaseExecutionException[[test][0]: query[test:nine ],from[0],size[10]: Query Failed [Failed to execute main query]]; nested: RuntimeException[java.io.IOException: Forced top level Exception on [Fields]]; nested: IOException[Forced top level Exception on [Fields]]; }{[q75XUfcITqG3o93Z8EOFnw][test][1]: QueryPhaseExecutionException[[test][1]: query[test:nine ],from[0],size[10]: Query Failed [Failed to execute main query]]; nested: RuntimeException[java.io.IOException: Forced top level Exception on [Fields]]; nested: IOException[Forced top level Exception on [Fields]]; }{[tbUF3y2YTPm1TPdTF8YBYw][test][2]: RemoteTransportException[[node_0][inet[/10.1.10.75:9300]][search/phase/query]]; nested: QueryPhaseExecutionException[[test][2]: query[test:nine ],from[0],size[10]: Query Failed [Failed to execute main query]]; nested: RuntimeException[java.io.IOException: Forced top level Exception on [Fields]]; nested: IOException[Forced top level Exception on [Fields]]; }]
[2014-02-18 16:00:42,801][INFO ][search.basic             ] Searching for [test:zero]
[2014-02-18 16:00:42,804][INFO ][search.basic             ] expected SearchPhaseException: [Failed to execute phase [dfs], all shards failed; shardFailures {[t8Mqv-hjRzqYCBodDxtrKQ][test][0]: DfsPhaseExecutionException[[test][0]: query[test:zero],from[0],size[10]: Dfs Failed [Exception during dfs phase]]; nested: IOException[Forced top level Exception on [Fields]]; }{[q75XUfcITqG3o93Z8EOFnw][test][1]: RemoteTransportException[[node_2][inet[/10.1.10.75:9302]][search/phase/dfs]]; nested: DfsPhaseExecutionException[[test][1]: query[test:zero],from[0],size[10]: Dfs Failed [Exception during dfs phase]]; nested: IOException[Forced top level Exception on [Fields]]; }{[tbUF3y2YTPm1TPdTF8YBYw][test][2]: RemoteTransportException[[node_0][inet[/10.1.10.75:9300]][search/phase/dfs]]; nested: DfsPhaseExecutionException[[test][2]: query[test:zero],from[0],size[10]: Dfs Failed [Exception during dfs phase]]; nested: IOException[Forced top level Exception on [Fields]]; }]
[2014-02-18 16:00:42,804][INFO ][search.basic             ] Searching for [test:twelve ]
[2014-02-18 16:00:42,808][INFO ][search.basic             ] expected SearchPhaseException: [Failed to execute phase [dfs], all shards failed; shardFailures {[t8Mqv-hjRzqYCBodDxtrKQ][test][0]: RemoteTransportException[[node_1][inet[/10.1.10.75:9301]][search/phase/dfs]]; nested: DfsPhaseExecutionException[[test][0]: query[test:twelve ],from[0],size[10]: Dfs Failed [Exception during dfs phase]]; nested: IOException[Forced top level Exception on [Fields]]; }{[q75XUfcITqG3o93Z8EOFnw][test][1]: DfsPhaseExecutionException[[test][1]: query[test:twelve ],from[0],size[10]: Dfs Failed [Exception during dfs phase]]; nested: IOException[Forced top level Exception on [Fields]]; }{[tbUF3y2YTPm1TPdTF8YBYw][test][2]: RemoteTransportException[[node_0][inet[/10.1.10.75:9300]][search/phase/dfs]]; nested: DfsPhaseExecutionException[[test][2]: query[test:twelve ],from[0],size[10]: Dfs Failed [Exception during dfs phase]]; nested: IOException[Forced top level Exception on [Fields]]; }]
[2014-02-18 16:00:42,808][INFO ][search.basic             ] Searching for [test:ten ]
[2014-02-18 16:00:42,811][INFO ][search.basic             ] expected SearchPhaseException: [Failed to execute phase [dfs], all shards failed; shardFailures {[t8Mqv-hjRzqYCBodDxtrKQ][test][0]: RemoteTransportException[[node_1][inet[/10.1.10.75:9301]][search/phase/dfs]]; nested: DfsPhaseExecutionException[[test][0]: query[test:ten ],from[0],size[10]: Dfs Failed [Exception during dfs phase]]; nested: IOException[Forced top level Exception on [Fields]]; }{[q75XUfcITqG3o93Z8EOFnw][test][1]: DfsPhaseExecutionException[[test][1]: query[test:ten ],from[0],size[10]: Dfs Failed [Exception during dfs phase]]; nested: IOException[Forced top level Exception on [Fields]]; }{[tbUF3y2YTPm1TPdTF8YBYw][test][2]: RemoteTransportException[[node_0][inet[/10.1.10.75:9300]][search/phase/dfs]]; nested: DfsPhaseExecutionException[[test][2]: query[test:ten ],from[0],size[10]: Dfs Failed [Exception during dfs phase]]; nested: IOException[Forced top level Exception on [Fields]]; }]
[2014-02-18 16:00:42,811][INFO ][search.basic             ] Searching for [test:zero]
[2014-02-18 16:00:42,813][INFO ][search.basic             ] expected SearchPhaseException: [Failed to execute phase [dfs], all shards failed; shardFailures {[t8Mqv-hjRzqYCBodDxtrKQ][test][0]: RemoteTransportException[[node_1][inet[/10.1.10.75:9301]][search/phase/dfs]]; nested: DfsPhaseExecutionException[[test][0]: query[test:zero],from[0],size[10]: Dfs Failed [Exception during dfs phase]]; nested: IOException[Forced top level Exception on [Fields]]; }{[q75XUfcITqG3o93Z8EOFnw][test][1]: RemoteTransportException[[node_2][inet[/10.1.10.75:9302]][search/phase/dfs]]; nested: DfsPhaseExecutionException[[test][1]: query[test:zero],from[0],size[10]: Dfs Failed [Exception during dfs phase]]; nested: IOException[Forced top level Exception on [Fields]]; }{[tbUF3y2YTPm1TPdTF8YBYw][test][2]: DfsPhaseExecutionException[[test][2]: query[test:zero],from[0],size[10]: Dfs Failed [Exception during dfs phase]]; nested: IOException[Forced top level Exception on [Fields]]; }]
[2014-02-18 16:00:42,814][INFO ][search.basic             ] Searching for [test:three ]
[2014-02-18 16:00:42,817][INFO ][search.basic             ] expected SearchPhaseException: [Failed to execute phase [dfs], all shards failed; shardFailures {[t8Mqv-hjRzqYCBodDxtrKQ][test][0]: RemoteTransportException[[node_1][inet[/10.1.10.75:9301]][search/phase/dfs]]; nested: DfsPhaseExecutionException[[test][0]: query[test:three ],from[0],size[10]: Dfs Failed [Exception during dfs phase]]; nested: IOException[Forced top level Exception on [Fields]]; }{[q75XUfcITqG3o93Z8EOFnw][test][1]: DfsPhaseExecutionException[[test][1]: query[test:three ],from[0],size[10]: Dfs Failed [Exception during dfs phase]]; nested: IOException[Forced top level Exception on [Fields]]; }{[tbUF3y2YTPm1TPdTF8YBYw][test][2]: RemoteTransportException[[node_0][inet[/10.1.10.75:9300]][search/phase/dfs]]; nested: DfsPhaseExecutionException[[test][2]: query[test:three ],from[0],size[10]: Dfs Failed [Exception during dfs phase]]; nested: IOException[Forced top level Exception on [Fields]]; }]
[2014-02-18 16:00:42,817][INFO ][search.basic             ] Searching for [test:one ]
[2014-02-18 16:00:42,820][INFO ][search.basic             ] expected SearchPhaseException: [Failed to execute phase [dfs], all shards failed; shardFailures {[t8Mqv-hjRzqYCBodDxtrKQ][test][0]: DfsPhaseExecutionException[[test][0]: query[test:one ],from[0],size[10]: Dfs Failed [Exception during dfs phase]]; nested: IOException[Forced top level Exception on [Fields]]; }{[q75XUfcITqG3o93Z8EOFnw][test][1]: RemoteTransportException[[node_2][inet[/10.1.10.75:9302]][search/phase/dfs]]; nested: DfsPhaseExecutionException[[test][1]: query[test:one ],from[0],size[10]: Dfs Failed [Exception during dfs phase]]; nested: IOException[Forced top level Exception on [Fields]]; }{[tbUF3y2YTPm1TPdTF8YBYw][test][2]: RemoteTransportException[[node_0][inet[/10.1.10.75:9300]][search/phase/dfs]]; nested: DfsPhaseExecutionException[[test][2]: query[test:one ],from[0],size[10]: Dfs Failed [Exception during dfs phase]]; nested: IOException[Forced top level Exception on [Fields]]; }]
[2014-02-18 16:00:42,821][INFO ][search.basic             ] Searching for [test:zero]
[2014-02-18 16:00:42,823][INFO ][search.basic             ] expected SearchPhaseException: [Failed to execute phase [dfs], all shards failed; shardFailures {[t8Mqv-hjRzqYCBodDxtrKQ][test][0]: RemoteTransportException[[node_1][inet[/10.1.10.75:9301]][search/phase/dfs]]; nested: DfsPhaseExecutionException[[test][0]: query[test:zero],from[0],size[10]: Dfs Failed [Exception during dfs phase]]; nested: IOException[Forced top level Exception on [Fields]]; }{[q75XUfcITqG3o93Z8EOFnw][test][1]: RemoteTransportException[[node_2][inet[/10.1.10.75:9302]][search/phase/dfs]]; nested: DfsPhaseExecutionException[[test][1]: query[test:zero],from[0],size[10]: Dfs Failed [Exception during dfs phase]]; nested: IOException[Forced top level Exception on [Fields]]; }{[tbUF3y2YTPm1TPdTF8YBYw][test][2]: DfsPhaseExecutionException[[test][2]: query[test:zero],from[0],size[10]: Dfs Failed [Exception during dfs phase]]; nested: IOException[Forced top level Exception on [Fields]]; }]
[2014-02-18 16:00:42,823][INFO ][search.basic             ] Searching for [test:one ]
[2014-02-18 16:00:42,826][INFO ][search.basic             ] expected SearchPhaseException: [Failed to execute phase [dfs], all shards failed; shardFailures {[t8Mqv-hjRzqYCBodDxtrKQ][test][0]: DfsPhaseExecutionException[[test][0]: query[test:one ],from[0],size[10]: Dfs Failed [Exception during dfs phase]]; nested: IOException[Forced top level Exception on [Fields]]; }{[q75XUfcITqG3o93Z8EOFnw][test][1]: RemoteTransportException[[node_2][inet[/10.1.10.75:9302]][search/phase/dfs]]; nested: DfsPhaseExecutionException[[test][1]: query[test:one ],from[0],size[10]: Dfs Failed [Exception during dfs phase]]; nested: IOException[Forced top level Exception on [Fields]]; }{[tbUF3y2YTPm1TPdTF8YBYw][test][2]: RemoteTransportException[[node_0][inet[/10.1.10.75:9300]][search/phase/dfs]]; nested: DfsPhaseExecutionException[[test][2]: query[test:one ],from[0],size[10]: Dfs Failed [Exception during dfs phase]]; nested: IOException[Forced top level Exception on [Fields]]; }]
[2014-02-18 16:00:42,826][INFO ][search.basic             ] Searching for [test:two ]
[2014-02-18 16:00:42,830][INFO ][search.basic             ] expected SearchPhaseException: [Failed to execute phase [dfs], all shards failed; shardFailures {[t8Mqv-hjRzqYCBodDxtrKQ][test][0]: RemoteTransportException[[node_1][inet[/10.1.10.75:9301]][search/phase/dfs]]; nested: DfsPhaseExecutionException[[test][0]: query[test:two ],from[0],size[10]: Dfs Failed [Exception during dfs phase]]; nested: IOException[Forced top level Exception on [Fields]]; }{[q75XUfcITqG3o93Z8EOFnw][test][1]: DfsPhaseExecutionException[[test][1]: query[test:two ],from[0],size[10]: Dfs Failed [Exception during dfs phase]]; nested: IOException[Forced top level Exception on [Fields]]; }{[tbUF3y2YTPm1TPdTF8YBYw][test][2]: RemoteTransportException[[node_0][inet[/10.1.10.75:9300]][search/phase/dfs]]; nested: DfsPhaseExecutionException[[test][2]: query[test:two ],from[0],size[10]: Dfs Failed [Exception during dfs phase]]; nested: IOException[Forced top level Exception on [Fields]]; }]
[2014-02-18 16:00:42,830][INFO ][search.basic             ] Searching for [test:five ]
[2014-02-18 16:00:42,833][INFO ][search.basic             ] expected SearchPhaseException: [Failed to execute phase [dfs], all shards failed; shardFailures {[t8Mqv-hjRzqYCBodDxtrKQ][test][0]: DfsPhaseExecutionException[[test][0]: query[test:five ],from[0],size[10]: Dfs Failed [Exception during dfs phase]]; nested: IOException[Forced top level Exception on [Fields]]; }{[q75XUfcITqG3o93Z8EOFnw][test][1]: RemoteTransportException[[node_2][inet[/10.1.10.75:9302]][search/phase/dfs]]; nested: DfsPhaseExecutionException[[test][1]: query[test:five ],from[0],size[10]: Dfs Failed [Exception during dfs phase]]; nested: IOException[Forced top level Exception on [Fields]]; }{[tbUF3y2YTPm1TPdTF8YBYw][test][2]: RemoteTransportException[[node_0][inet[/10.1.10.75:9300]][search/phase/dfs]]; nested: DfsPhaseExecutionException[[test][2]: query[test:five ],from[0],size[10]: Dfs Failed [Exception during dfs phase]]; nested: IOException[Forced top level Exception on [Fields]]; }]
[2014-02-18 16:00:42,833][INFO ][search.basic             ] Searching for [test:six ]
[2014-02-18 16:00:42,837][INFO ][search.basic             ] expected SearchPhaseException: [Failed to execute phase [query], all shards failed; shardFailures {[t8Mqv-hjRzqYCBodDxtrKQ][test][0]: RemoteTransportException[[node_1][inet[/10.1.10.75:9301]][search/phase/query]]; nested: QueryPhaseExecutionException[[test][0]: query[test:six ],from[0],size[10]: Query Failed [Failed to execute main query]]; nested: RuntimeException[java.io.IOException: Forced top level Exception on [Fields]]; nested: IOException[Forced top level Exception on [Fields]]; }{[q75XUfcITqG3o93Z8EOFnw][test][1]: QueryPhaseExecutionException[[test][1]: query[test:six ],from[0],size[10]: Query Failed [Failed to execute main query]]; nested: RuntimeException[java.io.IOException: Forced top level Exception on [Fields]]; nested: IOException[Forced top level Exception on [Fields]]; }{[tbUF3y2YTPm1TPdTF8YBYw][test][2]: RemoteTransportException[[node_0][inet[/10.1.10.75:9300]][search/phase/query]]; nested: QueryPhaseExecutionException[[test][2]: query[test:six ],from[0],size[10]: Query Failed [Failed to execute main query]]; nested: RuntimeException[java.io.IOException: Forced top level Exception on [Fields]]; nested: IOException[Forced top level Exception on [Fields]]; }]
[2014-02-18 16:00:42,837][INFO ][search.basic             ] Searching for [test:five ]
[2014-02-18 16:00:42,840][INFO ][search.basic             ] expected SearchPhaseException: [Failed to execute phase [query], all shards failed; shardFailures {[t8Mqv-hjRzqYCBodDxtrKQ][test][0]: QueryPhaseExecutionException[[test][0]: query[test:five ],from[0],size[10]: Query Failed [Failed to execute main query]]; nested: RuntimeException[java.io.IOException: Forced top level Exception on [Fields]]; nested: IOException[Forced top level Exception on [Fields]]; }{[q75XUfcITqG3o93Z8EOFnw][test][1]: RemoteTransportException[[node_2][inet[/10.1.10.75:9302]][search/phase/query]]; nested: QueryPhaseExecutionException[[test][1]: query[test:five ],from[0],size[10]: Query Failed [Failed to execute main query]]; nested: RuntimeException[java.io.IOException: Forced top level Exception on [Fields]]; nested: IOException[Forced top level Exception on [Fields]]; }{[tbUF3y2YTPm1TPdTF8YBYw][test][2]: RemoteTransportException[[node_0][inet[/10.1.10.75:9300]][search/phase/query]]; nested: QueryPhaseExecutionException[[test][2]: query[test:five ],from[0],size[10]: Query Failed [Failed to execute main query]]; nested: RuntimeException[java.io.IOException: Forced top level Exception on [Fields]]; nested: IOException[Forced top level Exception on [Fields]]; }]
[2014-02-18 16:00:42,841][INFO ][search.basic             ] Searching for [test:zero]
[2014-02-18 16:00:42,843][INFO ][search.basic             ] expected SearchPhaseException: [Failed to execute phase [query], all shards failed; shardFailures {[t8Mqv-hjRzqYCBodDxtrKQ][test][0]: RemoteTransportException[[node_1][inet[/10.1.10.75:9301]][search/phase/query]]; nested: QueryPhaseExecutionException[[test][0]: query[test:zero],from[0],size[10]: Query Failed [Failed to execute main query]]; nested: RuntimeException[java.io.IOException: Forced top level Exception on [Fields]]; nested: IOException[Forced top level Exception on [Fields]]; }{[q75XUfcITqG3o93Z8EOFnw][test][1]: RemoteTransportException[[node_2][inet[/10.1.10.75:9302]][search/phase/query]]; nested: QueryPhaseExecutionException[[test][1]: query[test:zero],from[0],size[10]: Query Failed [Failed to execute main query]]; nested: RuntimeException[java.io.IOException: Forced top level Exception on [Fields]]; nested: IOException[Forced top level Exception on [Fields]]; }{[tbUF3y2YTPm1TPdTF8YBYw][test][2]: QueryPhaseExecutionException[[test][2]: query[test:zero],from[0],size[10]: Query Failed [Failed to execute main query]]; nested: RuntimeException[java.io.IOException: Forced top level Exception on [Fields]]; nested: IOException[Forced top level Exception on [Fields]]; }]
[2014-02-18 16:00:42,843][INFO ][search.basic             ] Searching for [test:two ]
[2014-02-18 16:00:42,845][INFO ][search.basic             ] expected SearchPhaseException: [Failed to execute phase [query], all shards failed; shardFailures {[t8Mqv-hjRzqYCBodDxtrKQ][test][0]: RemoteTransportException[[node_1][inet[/10.1.10.75:9301]][search/phase/query]]; nested: QueryPhaseExecutionException[[test][0]: query[test:two ],from[0],size[10]: Query Failed [Failed to execute main query]]; nested: RuntimeException[java.io.IOException: Forced top level Exception on [Fields]]; nested: IOException[Forced top level Exception on [Fields]]; }{[q75XUfcITqG3o93Z8EOFnw][test][1]: RemoteTransportException[[node_2][inet[/10.1.10.75:9302]][search/phase/query]]; nested: QueryPhaseExecutionException[[test][1]: query[test:two ],from[0],size[10]: Query Failed [Failed to execute main query]]; nested: RuntimeException[java.io.IOException: Forced top level Exception on [Fields]]; nested: IOException[Forced top level Exception on [Fields]]; }{[tbUF3y2YTPm1TPdTF8YBYw][test][2]: QueryPhaseExecutionException[[test][2]: query[test:two ],from[0],size[10]: Query Failed [Failed to execute main query]]; nested: RuntimeException[java.io.IOException: Forced top level Exception on [Fields]]; nested: IOException[Forced top level Exception on [Fields]]; }]
[2014-02-18 16:00:42,845][INFO ][search.basic             ] Searching for [test:one ]
[2014-02-18 16:00:42,849][INFO ][search.basic             ] expected SearchPhaseException: [Failed to execute phase [query], all shards failed; shardFailures {[t8Mqv-hjRzqYCBodDxtrKQ][test][0]: QueryPhaseExecutionException[[test][0]: query[test:one ],from[0],size[10]: Query Failed [Failed to execute main query]]; nested: RuntimeException[java.io.IOException: Forced top level Exception on [Fields]]; nested: IOException[Forced top level Exception on [Fields]]; }{[q75XUfcITqG3o93Z8EOFnw][test][1]: RemoteTransportException[[node_2][inet[/10.1.10.75:9302]][search/phase/query]]; nested: QueryPhaseExecutionException[[test][1]: query[test:one ],from[0],size[10]: Query Failed [Failed to execute main query]]; nested: RuntimeException[java.io.IOException: Forced top level Exception on [Fields]]; nested: IOException[Forced top level Exception on [Fields]]; }{[tbUF3y2YTPm1TPdTF8YBYw][test][2]: RemoteTransportException[[node_0][inet[/10.1.10.75:9300]][search/phase/query]]; nested: QueryPhaseExecutionException[[test][2]: query[test:one ],from[0],size[10]: Query Failed [Failed to execute main query]]; nested: RuntimeException[java.io.IOException: Forced top level Exception on [Fields]]; nested: IOException[Forced top level Exception on [Fields]]; }]
[2014-02-18 16:00:42,849][INFO ][search.basic             ] Searching for [test:three ]
[2014-02-18 16:00:42,851][INFO ][search.basic             ] expected SearchPhaseException: [Failed to execute phase [dfs], all shards failed; shardFailures {[t8Mqv-hjRzqYCBodDxtrKQ][test][0]: RemoteTransportException[[node_1][inet[/10.1.10.75:9301]][search/phase/dfs]]; nested: DfsPhaseExecutionException[[test][0]: query[test:three ],from[0],size[10]: Dfs Failed [Exception during dfs phase]]; nested: IOException[Forced top level Exception on [Fields]]; }{[q75XUfcITqG3o93Z8EOFnw][test][1]: RemoteTransportException[[node_2][inet[/10.1.10.75:9302]][search/phase/dfs]]; nested: DfsPhaseExecutionException[[test][1]: query[test:three ],from[0],size[10]: Dfs Failed [Exception during dfs phase]]; nested: IOException[Forced top level Exception on [Fields]]; }{[tbUF3y2YTPm1TPdTF8YBYw][test][2]: DfsPhaseExecutionException[[test][2]: query[test:three ],from[0],size[10]: Dfs Failed [Exception during dfs phase]]; nested: IOException[Forced top level Exception on [Fields]]; }]
[2014-02-18 16:00:42,851][INFO ][search.basic             ] Searching for [test:two ]
[2014-02-18 16:00:42,854][INFO ][search.basic             ] expected SearchPhaseException: [Failed to execute phase [dfs], all shards failed; shardFailures {[t8Mqv-hjRzqYCBodDxtrKQ][test][0]: RemoteTransportException[[node_1][inet[/10.1.10.75:9301]][search/phase/dfs]]; nested: DfsPhaseExecutionException[[test][0]: query[test:two ],from[0],size[10]: Dfs Failed [Exception during dfs phase]]; nested: IOException[Forced top level Exception on [Fields]]; }{[q75XUfcITqG3o93Z8EOFnw][test][1]: DfsPhaseExecutionException[[test][1]: query[test:two ],from[0],size[10]: Dfs Failed [Exception during dfs phase]]; nested: IOException[Forced top level Exception on [Fields]]; }{[tbUF3y2YTPm1TPdTF8YBYw][test][2]: RemoteTransportException[[node_0][inet[/10.1.10.75:9300]][search/phase/dfs]]; nested: DfsPhaseExecutionException[[test][2]: query[test:two ],from[0],size[10]: Dfs Failed [Exception during dfs phase]]; nested: IOException[Forced top level Exception on [Fields]]; }]
[2014-02-18 16:00:42,854][INFO ][search.basic             ] Searching for [test:zero]
[2014-02-18 16:00:42,858][INFO ][search.basic             ] expected SearchPhaseException: [Failed to execute phase [dfs], all shards failed; shardFailures {[t8Mqv-hjRzqYCBodDxtrKQ][test][0]: RemoteTransportException[[node_1][inet[/10.1.10.75:9301]][search/phase/dfs]]; nested: DfsPhaseExecutionException[[test][0]: query[test:zero],from[0],size[10]: Dfs Failed [Exception during dfs phase]]; nested: IOException[Forced top level Exception on [Fields]]; }{[q75XUfcITqG3o93Z8EOFnw][test][1]: DfsPhaseExecutionException[[test][1]: query[test:zero],from[0],size[10]: Dfs Failed [Exception during dfs phase]]; nested: IOException[Forced top level Exception on [Fields]]; }{[tbUF3y2YTPm1TPdTF8YBYw][test][2]: RemoteTransportException[[node_0][inet[/10.1.10.75:9300]][search/phase/dfs]]; nested: DfsPhaseExecutionException[[test][2]: query[test:zero],from[0],size[10]: Dfs Failed [Exception during dfs phase]]; nested: IOException[Forced top level Exception on [Fields]]; }]
[2014-02-18 16:00:42,858][INFO ][search.basic             ] Searching for [test:zero]
[2014-02-18 16:00:42,861][INFO ][search.basic             ] expected SearchPhaseException: [Failed to execute phase [query], all shards failed; shardFailures {[t8Mqv-hjRzqYCBodDxtrKQ][test][0]: RemoteTransportException[[node_1][inet[/10.1.10.75:9301]][search/phase/query]]; nested: QueryPhaseExecutionException[[test][0]: query[test:zero],from[0],size[10]: Query Failed [Failed to execute main query]]; nested: RuntimeException[java.io.IOException: Forced top level Exception on [Fields]]; nested: IOException[Forced top level Exception on [Fields]]; }{[q75XUfcITqG3o93Z8EOFnw][test][1]: QueryPhaseExecutionException[[test][1]: query[test:zero],from[0],size[10]: Query Failed [Failed to execute main query]]; nested: RuntimeException[java.io.IOException: Forced top level Exception on [Fields]]; nested: IOException[Forced top level Exception on [Fields]]; }{[tbUF3y2YTPm1TPdTF8YBYw][test][2]: RemoteTransportException[[node_0][inet[/10.1.10.75:9300]][search/phase/query]]; nested: QueryPhaseExecutionException[[test][2]: query[test:zero],from[0],size[10]: Query Failed [Failed to execute main query]]; nested: RuntimeException[java.io.IOException: Forced top level Exception on [Fields]]; nested: IOException[Forced top level Exception on [Fields]]; }]
[2014-02-18 16:00:42,862][INFO ][search.basic             ] Searching for [test:twelve ]
[2014-02-18 16:00:42,865][INFO ][search.basic             ] expected SearchPhaseException: [Failed to execute phase [query], all shards failed; shardFailures {[t8Mqv-hjRzqYCBodDxtrKQ][test][0]: QueryPhaseExecutionException[[test][0]: query[test:twelve ],from[0],size[10]: Query Failed [Failed to execute main query]]; nested: RuntimeException[java.io.IOException: Forced top level Exception on [Fields]]; nested: IOException[Forced top level Exception on [Fields]]; }{[q75XUfcITqG3o93Z8EOFnw][test][1]: RemoteTransportException[[node_2][inet[/10.1.10.75:9302]][search/phase/query]]; nested: QueryPhaseExecutionException[[test][1]: query[test:twelve ],from[0],size[10]: Query Failed [Failed to execute main query]]; nested: RuntimeException[java.io.IOException: Forced top level Exception on [Fields]]; nested: IOException[Forced top level Exception on [Fields]]; }{[tbUF3y2YTPm1TPdTF8YBYw][test][2]: RemoteTransportException[[node_0][inet[/10.1.10.75:9300]][search/phase/query]]; nested: QueryPhaseExecutionException[[test][2]: query[test:twelve ],from[0],size[10]: Query Failed [Failed to execute main query]]; nested: RuntimeException[java.io.IOException: Forced top level Exception on [Fields]]; nested: IOException[Forced top level Exception on [Fields]]; }]
[2014-02-18 16:00:42,865][INFO ][search.basic             ] Searching for [test:two ]
[2014-02-18 16:00:42,867][INFO ][search.basic             ] expected SearchPhaseException: [Failed to execute phase [dfs], all shards failed; shardFailures {[t8Mqv-hjRzqYCBodDxtrKQ][test][0]: RemoteTransportException[[node_1][inet[/10.1.10.75:9301]][search/phase/dfs]]; nested: DfsPhaseExecutionException[[test][0]: query[test:two ],from[0],size[10]: Dfs Failed [Exception during dfs phase]]; nested: IOException[Forced top level Exception on [Fields]]; }{[q75XUfcITqG3o93Z8EOFnw][test][1]: RemoteTransportException[[node_2][inet[/10.1.10.75:9302]][search/phase/dfs]]; nested: DfsPhaseExecutionException[[test][1]: query[test:two ],from[0],size[10]: Dfs Failed [Exception during dfs phase]]; nested: IOException[Forced top level Exception on [Fields]]; }{[tbUF3y2YTPm1TPdTF8YBYw][test][2]: DfsPhaseExecutionException[[test][2]: query[test:two ],from[0],size[10]: Dfs Failed [Exception during dfs phase]]; nested: IOException[Forced top level Exception on [Fields]]; }]
[2014-02-18 16:00:42,867][INFO ][search.basic             ] Searching for [test:zero]
[2014-02-18 16:00:42,869][INFO ][search.basic             ] expected SearchPhaseException: [Failed to execute phase [query], all shards failed; shardFailures {[t8Mqv-hjRzqYCBodDxtrKQ][test][0]: RemoteTransportException[[node_1][inet[/10.1.10.75:9301]][search/phase/query]]; nested: QueryPhaseExecutionException[[test][0]: query[test:zero],from[0],size[10]: Query Failed [Failed to execute main query]]; nested: RuntimeException[java.io.IOException: Forced top level Exception on [Fields]]; nested: IOException[Forced top level Exception on [Fields]]; }{[q75XUfcITqG3o93Z8EOFnw][test][1]: RemoteTransportException[[node_2][inet[/10.1.10.75:9302]][search/phase/query]]; nested: QueryPhaseExecutionException[[test][1]: query[test:zero],from[0],size[10]: Query Failed [Failed to execute main query]]; nested: RuntimeException[java.io.IOException: Forced top level Exception on [Fields]]; nested: IOException[Forced top level Exception on [Fields]]; }{[tbUF3y2YTPm1TPdTF8YBYw][test][2]: QueryPhaseExecutionException[[test][2]: query[test:zero],from[0],size[10]: Query Failed [Failed to execute main query]]; nested: RuntimeException[java.io.IOException: Forced top level Exception on [Fields]]; nested: IOException[Forced top level Exception on [Fields]]; }]
[2014-02-18 16:00:42,870][INFO ][search.basic             ] Searching for [test:seven ]
[2014-02-18 16:00:42,872][INFO ][search.basic             ] expected SearchPhaseException: [Failed to execute phase [query], all shards failed; shardFailures {[t8Mqv-hjRzqYCBodDxtrKQ][test][0]: RemoteTransportException[[node_1][inet[/10.1.10.75:9301]][search/phase/query]]; nested: QueryPhaseExecutionException[[test][0]: query[test:seven ],from[0],size[10]: Query Failed [Failed to execute main query]]; nested: RuntimeException[java.io.IOException: Forced top level Exception on [Fields]]; nested: IOException[Forced top level Exception on [Fields]]; }{[q75XUfcITqG3o93Z8EOFnw][test][1]: RemoteTransportException[[node_2][inet[/10.1.10.75:9302]][search/phase/query]]; nested: QueryPhaseExecutionException[[test][1]: query[test:seven ],from[0],size[10]: Query Failed [Failed to execute main query]]; nested: RuntimeException[java.io.IOException: Forced top level Exception on [Fields]]; nested: IOException[Forced top level Exception on [Fields]]; }{[tbUF3y2YTPm1TPdTF8YBYw][test][2]: QueryPhaseExecutionException[[test][2]: query[test:seven ],from[0],size[10]: Query Failed [Failed to execute main query]]; nested: RuntimeException[java.io.IOException: Forced top level Exception on [Fields]]; nested: IOException[Forced top level Exception on [Fields]]; }]
[2014-02-18 16:00:42,872][INFO ][search.basic             ] Searching for [test:thirteen ]
[2014-02-18 16:00:42,877][INFO ][search.basic             ] expected SearchPhaseException: [Failed to execute phase [query], all shards failed; shardFailures {[t8Mqv-hjRzqYCBodDxtrKQ][test][0]: RemoteTransportException[[node_1][inet[/10.1.10.75:9301]][search/phase/query]]; nested: QueryPhaseExecutionException[[test][0]: query[test:thirteen ],from[0],size[10]: Query Failed [Failed to execute main query]]; nested: RuntimeException[java.io.IOException: Forced top level Exception on [Fields]]; nested: IOException[Forced top level Exception on [Fields]]; }{[q75XUfcITqG3o93Z8EOFnw][test][1]: QueryPhaseExecutionException[[test][1]: query[test:thirteen ],from[0],size[10]: Query Failed [Failed to execute main query]]; nested: RuntimeException[java.io.IOException: Forced top level Exception on [Fields]]; nested: IOException[Forced top level Exception on [Fields]]; }{[tbUF3y2YTPm1TPdTF8YBYw][test][2]: RemoteTransportException[[node_0][inet[/10.1.10.75:9300]][search/phase/query]]; nested: QueryPhaseExecutionException[[test][2]: query[test:thirteen ],from[0],size[10]: Query Failed [Failed to execute main query]]; nested: RuntimeException[java.io.IOException: Forced top level Exception on [Fields]]; nested: IOException[Forced top level Exception on [Fields]]; }]
[2014-02-18 16:00:42,877][INFO ][search.basic             ] Searching for [test:eleven ]
[2014-02-18 16:00:42,881][INFO ][search.basic             ] expected SearchPhaseException: [Failed to execute phase [query], all shards failed; shardFailures {[t8Mqv-hjRzqYCBodDxtrKQ][test][0]: RemoteTransportException[[node_1][inet[/10.1.10.75:9301]][search/phase/query]]; nested: QueryPhaseExecutionException[[test][0]: query[test:eleven ],from[0],size[10]: Query Failed [Failed to execute main query]]; nested: RuntimeException[java.io.IOException: Forced top level Exception on [Fields]]; nested: IOException[Forced top level Exception on [Fields]]; }{[q75XUfcITqG3o93Z8EOFnw][test][1]: QueryPhaseExecutionException[[test][1]: query[test:eleven ],from[0],size[10]: Query Failed [Failed to execute main query]]; nested: RuntimeException[java.io.IOException: Forced top level Exception on [Fields]]; nested: IOException[Forced top level Exception on [Fields]]; }{[tbUF3y2YTPm1TPdTF8YBYw][test][2]: RemoteTransportException[[node_0][inet[/10.1.10.75:9300]][search/phase/query]]; nested: QueryPhaseExecutionException[[test][2]: query[test:eleven ],from[0],size[10]: Query Failed [Failed to execute main query]]; nested: RuntimeException[java.io.IOException: Forced top level Exception on [Fields]]; nested: IOException[Forced top level Exception on [Fields]]; }]
[2014-02-18 16:00:42,881][INFO ][search.basic             ] Searching for [test:twelve ]
[2014-02-18 16:00:42,885][INFO ][search.basic             ] expected SearchPhaseException: [Failed to execute phase [query], all shards failed; shardFailures {[t8Mqv-hjRzqYCBodDxtrKQ][test][0]: QueryPhaseExecutionException[[test][0]: query[test:twelve ],from[0],size[10]: Query Failed [Failed to execute main query]]; nested: RuntimeException[java.io.IOException: Forced top level Exception on [Fields]]; nested: IOException[Forced top level Exception on [Fields]]; }{[q75XUfcITqG3o93Z8EOFnw][test][1]: RemoteTransportException[[node_2][inet[/10.1.10.75:9302]][search/phase/query]]; nested: QueryPhaseExecutionException[[test][1]: query[test:twelve ],from[0],size[10]: Query Failed [Failed to execute main query]]; nested: RuntimeException[java.io.IOException: Forced top level Exception on [Fields]]; nested: IOException[Forced top level Exception on [Fields]]; }{[tbUF3y2YTPm1TPdTF8YBYw][test][2]: RemoteTransportException[[node_0][inet[/10.1.10.75:9300]][search/phase/query]]; nested: QueryPhaseExecutionException[[test][2]: query[test:twelve ],from[0],size[10]: Query Failed [Failed to execute main query]]; nested: RuntimeException[java.io.IOException: Forced top level Exception on [Fields]]; nested: IOException[Forced top level Exception on [Fields]]; }]
[2014-02-18 16:00:42,886][INFO ][search.basic             ] Searching for [test:two ]
[2014-02-18 16:00:42,890][INFO ][search.basic             ] expected SearchPhaseException: [Failed to execute phase [query], all shards failed; shardFailures {[t8Mqv-hjRzqYCBodDxtrKQ][test][0]: QueryPhaseExecutionException[[test][0]: query[test:two ],from[0],size[10]: Query Failed [Failed to execute main query]]; nested: RuntimeException[java.io.IOException: Forced top level Exception on [Fields]]; nested: IOException[Forced top level Exception on [Fields]]; }{[q75XUfcITqG3o93Z8EOFnw][test][1]: RemoteTransportException[[node_2][inet[/10.1.10.75:9302]][search/phase/query]]; nested: QueryPhaseExecutionException[[test][1]: query[test:two ],from[0],size[10]: Query Failed [Failed to execute main query]]; nested: RuntimeException[java.io.IOException: Forced top level Exception on [Fields]]; nested: IOException[Forced top level Exception on [Fields]]; }{[tbUF3y2YTPm1TPdTF8YBYw][test][2]: RemoteTransportException[[node_0][inet[/10.1.10.75:9300]][search/phase/query]]; nested: QueryPhaseExecutionException[[test][2]: query[test:two ],from[0],size[10]: Query Failed [Failed to execute main query]]; nested: RuntimeException[java.io.IOException: Forced top level Exception on [Fields]]; nested: IOException[Forced top level Exception on [Fields]]; }]
[2014-02-18 16:00:42,890][INFO ][search.basic             ] Searching for [test:four ]
[2014-02-18 16:00:42,893][INFO ][search.basic             ] expected SearchPhaseException: [Failed to execute phase [dfs], all shards failed; shardFailures {[t8Mqv-hjRzqYCBodDxtrKQ][test][0]: RemoteTransportException[[node_1][inet[/10.1.10.75:9301]][search/phase/dfs]]; nested: DfsPhaseExecutionException[[test][0]: query[test:four ],from[0],size[10]: Dfs Failed [Exception during dfs phase]]; nested: IOException[Forced top level Exception on [Fields]]; }{[q75XUfcITqG3o93Z8EOFnw][test][1]: RemoteTransportException[[node_2][inet[/10.1.10.75:9302]][search/phase/dfs]]; nested: DfsPhaseExecutionException[[test][1]: query[test:four ],from[0],size[10]: Dfs Failed [Exception during dfs phase]]; nested: IOException[Forced top level Exception on [Fields]]; }{[tbUF3y2YTPm1TPdTF8YBYw][test][2]: DfsPhaseExecutionException[[test][2]: query[test:four ],from[0],size[10]: Dfs Failed [Exception during dfs phase]]; nested: IOException[Forced top level Exception on [Fields]]; }]
[2014-02-18 16:00:42,893][INFO ][search.basic             ] Searching for [test:one ]
[2014-02-18 16:00:42,897][INFO ][search.basic             ] expected SearchPhaseException: [Failed to execute phase [query], all shards failed; shardFailures {[t8Mqv-hjRzqYCBodDxtrKQ][test][0]: RemoteTransportException[[node_1][inet[/10.1.10.75:9301]][search/phase/query]]; nested: QueryPhaseExecutionException[[test][0]: query[test:one ],from[0],size[10]: Query Failed [Failed to execute main query]]; nested: RuntimeException[java.io.IOException: Forced top level Exception on [Fields]]; nested: IOException[Forced top level Exception on [Fields]]; }{[q75XUfcITqG3o93Z8EOFnw][test][1]: QueryPhaseExecutionException[[test][1]: query[test:one ],from[0],size[10]: Query Failed [Failed to execute main query]]; nested: RuntimeException[java.io.IOException: Forced top level Exception on [Fields]]; nested: IOException[Forced top level Exception on [Fields]]; }{[tbUF3y2YTPm1TPdTF8YBYw][test][2]: RemoteTransportException[[node_0][inet[/10.1.10.75:9300]][search/phase/query]]; nested: QueryPhaseExecutionException[[test][2]: query[test:one ],from[0],size[10]: Query Failed [Failed to execute main query]]; nested: RuntimeException[java.io.IOException: Forced top level Exception on [Fields]]; nested: IOException[Forced top level Exception on [Fields]]; }]
[2014-02-18 16:00:42,897][INFO ][search.basic             ] Searching for [test:nine ]
[2014-02-18 16:00:42,901][INFO ][search.basic             ] expected SearchPhaseException: [Failed to execute phase [dfs], all shards failed; shardFailures {[t8Mqv-hjRzqYCBodDxtrKQ][test][0]: RemoteTransportException[[node_1][inet[/10.1.10.75:9301]][search/phase/dfs]]; nested: DfsPhaseExecutionException[[test][0]: query[test:nine ],from[0],size[10]: Dfs Failed [Exception during dfs phase]]; nested: IOException[Forced top level Exception on [Fields]]; }{[q75XUfcITqG3o93Z8EOFnw][test][1]: DfsPhaseExecutionException[[test][1]: query[test:nine ],from[0],size[10]: Dfs Failed [Exception during dfs phase]]; nested: IOException[Forced top level Exception on [Fields]]; }{[tbUF3y2YTPm1TPdTF8YBYw][test][2]: RemoteTransportException[[node_0][inet[/10.1.10.75:9300]][search/phase/dfs]]; nested: DfsPhaseExecutionException[[test][2]: query[test:nine ],from[0],size[10]: Dfs Failed [Exception during dfs phase]]; nested: IOException[Forced top level Exception on [Fields]]; }]
[2014-02-18 16:00:42,901][INFO ][search.basic             ] Searching for [test:eleven ]
[2014-02-18 16:00:42,905][INFO ][search.basic             ] expected SearchPhaseException: [Failed to execute phase [query], all shards failed; shardFailures {[t8Mqv-hjRzqYCBodDxtrKQ][test][0]: QueryPhaseExecutionException[[test][0]: query[test:eleven ],from[0],size[10]: Query Failed [Failed to execute main query]]; nested: RuntimeException[java.io.IOException: Forced top level Exception on [Fields]]; nested: IOException[Forced top level Exception on [Fields]]; }{[q75XUfcITqG3o93Z8EOFnw][test][1]: RemoteTransportException[[node_2][inet[/10.1.10.75:9302]][search/phase/query]]; nested: QueryPhaseExecutionException[[test][1]: query[test:eleven ],from[0],size[10]: Query Failed [Failed to execute main query]]; nested: RuntimeException[java.io.IOException: Forced top level Exception on [Fields]]; nested: IOException[Forced top level Exception on [Fields]]; }{[tbUF3y2YTPm1TPdTF8YBYw][test][2]: RemoteTransportException[[node_0][inet[/10.1.10.75:9300]][search/phase/query]]; nested: QueryPhaseExecutionException[[test][2]: query[test:eleven ],from[0],size[10]: Query Failed [Failed to execute main query]]; nested: RuntimeException[java.io.IOException: Forced top level Exception on [Fields]]; nested: IOException[Forced top level Exception on [Fields]]; }]
[2014-02-18 16:00:42,906][INFO ][search.basic             ] Searching for [test:zero]
[2014-02-18 16:00:42,910][INFO ][search.basic             ] expected SearchPhaseException: [Failed to execute phase [dfs], all shards failed; shardFailures {[t8Mqv-hjRzqYCBodDxtrKQ][test][0]: RemoteTransportException[[node_1][inet[/10.1.10.75:9301]][search/phase/dfs]]; nested: DfsPhaseExecutionException[[test][0]: query[test:zero],from[0],size[10]: Dfs Failed [Exception during dfs phase]]; nested: IOException[Forced top level Exception on [Fields]]; }{[q75XUfcITqG3o93Z8EOFnw][test][1]: DfsPhaseExecutionException[[test][1]: query[test:zero],from[0],size[10]: Dfs Failed [Exception during dfs phase]]; nested: IOException[Forced top level Exception on [Fields]]; }{[tbUF3y2YTPm1TPdTF8YBYw][test][2]: RemoteTransportException[[node_0][inet[/10.1.10.75:9300]][search/phase/dfs]]; nested: DfsPhaseExecutionException[[test][2]: query[test:zero],from[0],size[10]: Dfs Failed [Exception during dfs phase]]; nested: IOException[Forced top level Exception on [Fields]]; }]
[2014-02-18 16:00:42,910][INFO ][search.basic             ] Searching for [test:three ]
[2014-02-18 16:00:42,914][INFO ][search.basic             ] expected SearchPhaseException: [Failed to execute phase [query], all shards failed; shardFailures {[t8Mqv-hjRzqYCBodDxtrKQ][test][0]: RemoteTransportException[[node_1][inet[/10.1.10.75:9301]][search/phase/query]]; nested: QueryPhaseExecutionException[[test][0]: query[test:three ],from[0],size[10]: Query Failed [Failed to execute main query]]; nested: RuntimeException[java.io.IOException: Forced top level Exception on [Fields]]; nested: IOException[Forced top level Exception on [Fields]]; }{[q75XUfcITqG3o93Z8EOFnw][test][1]: QueryPhaseExecutionException[[test][1]: query[test:three ],from[0],size[10]: Query Failed [Failed to execute main query]]; nested: RuntimeException[java.io.IOException: Forced top level Exception on [Fields]]; nested: IOException[Forced top level Exception on [Fields]]; }{[tbUF3y2YTPm1TPdTF8YBYw][test][2]: RemoteTransportException[[node_0][inet[/10.1.10.75:9300]][search/phase/query]]; nested: QueryPhaseExecutionException[[test][2]: query[test:three ],from[0],size[10]: Query Failed [Failed to execute main query]]; nested: RuntimeException[java.io.IOException: Forced top level Exception on [Fields]]; nested: IOException[Forced top level Exception on [Fields]]; }]
[2014-02-18 16:00:42,914][INFO ][search.basic             ] Searching for [test:seven ]
[2014-02-18 16:00:42,918][INFO ][search.basic             ] expected SearchPhaseException: [Failed to execute phase [query], all shards failed; shardFailures {[t8Mqv-hjRzqYCBodDxtrKQ][test][0]: QueryPhaseExecutionException[[test][0]: query[test:seven ],from[0],size[10]: Query Failed [Failed to execute main query]]; nested: RuntimeException[java.io.IOException: Forced top level Exception on [Fields]]; nested: IOException[Forced top level Exception on [Fields]]; }{[q75XUfcITqG3o93Z8EOFnw][test][1]: RemoteTransportException[[node_2][inet[/10.1.10.75:9302]][search/phase/query]]; nested: QueryPhaseExecutionException[[test][1]: query[test:seven ],from[0],size[10]: Query Failed [Failed to execute main query]]; nested: RuntimeException[java.io.IOException: Forced top level Exception on [Fields]]; nested: IOException[Forced top level Exception on [Fields]]; }{[tbUF3y2YTPm1TPdTF8YBYw][test][2]: RemoteTransportException[[node_0][inet[/10.1.10.75:9300]][search/phase/query]]; nested: QueryPhaseExecutionException[[test][2]: query[test:seven ],from[0],size[10]: Query Failed [Failed to execute main query]]; nested: RuntimeException[java.io.IOException: Forced top level Exception on [Fields]]; nested: IOException[Forced top level Exception on [Fields]]; }]
[2014-02-18 16:00:42,919][INFO ][search.basic             ] Searching for [test:seven ]
[2014-02-18 16:00:42,923][INFO ][search.basic             ] expected SearchPhaseException: [Failed to execute phase [dfs], all shards failed; shardFailures {[t8Mqv-hjRzqYCBodDxtrKQ][test][0]: RemoteTransportException[[node_1][inet[/10.1.10.75:9301]][search/phase/dfs]]; nested: DfsPhaseExecutionException[[test][0]: query[test:seven ],from[0],size[10]: Dfs Failed [Exception during dfs phase]]; nested: IOException[Forced top level Exception on [Fields]]; }{[q75XUfcITqG3o93Z8EOFnw][test][1]: DfsPhaseExecutionException[[test][1]: query[test:seven ],from[0],size[10]: Dfs Failed [Exception during dfs phase]]; nested: IOException[Forced top level Exception on [Fields]]; }{[tbUF3y2YTPm1TPdTF8YBYw][test][2]: RemoteTransportException[[node_0][inet[/10.1.10.75:9300]][search/phase/dfs]]; nested: DfsPhaseExecutionException[[test][2]: query[test:seven ],from[0],size[10]: Dfs Failed [Exception during dfs phase]]; nested: IOException[Forced top level Exception on [Fields]]; }]
[2014-02-18 16:00:42,923][INFO ][search.basic             ] Searching for [test:two ]
[2014-02-18 16:00:42,927][INFO ][search.basic             ] expected SearchPhaseException: [Failed to execute phase [query], all shards failed; shardFailures {[t8Mqv-hjRzqYCBodDxtrKQ][test][0]: QueryPhaseExecutionException[[test][0]: query[test:two ],from[0],size[10]: Query Failed [Failed to execute main query]]; nested: RuntimeException[java.io.IOException: Forced top level Exception on [Fields]]; nested: IOException[Forced top level Exception on [Fields]]; }{[q75XUfcITqG3o93Z8EOFnw][test][1]: RemoteTransportException[[node_2][inet[/10.1.10.75:9302]][search/phase/query]]; nested: QueryPhaseExecutionException[[test][1]: query[test:two ],from[0],size[10]: Query Failed [Failed to execute main query]]; nested: RuntimeException[java.io.IOException: Forced top level Exception on [Fields]]; nested: IOException[Forced top level Exception on [Fields]]; }{[tbUF3y2YTPm1TPdTF8YBYw][test][2]: RemoteTransportException[[node_0][inet[/10.1.10.75:9300]][search/phase/query]]; nested: QueryPhaseExecutionException[[test][2]: query[test:two ],from[0],size[10]: Query Failed [Failed to execute main query]]; nested: RuntimeException[java.io.IOException: Forced top level Exception on [Fields]]; nested: IOException[Forced top level Exception on [Fields]]; }]
[2014-02-18 16:00:42,927][INFO ][search.basic             ] Searching for [test:four ]
[2014-02-18 16:00:42,931][INFO ][search.basic             ] expected SearchPhaseException: [Failed to execute phase [query], all shards failed; shardFailures {[t8Mqv-hjRzqYCBodDxtrKQ][test][0]: RemoteTransportException[[node_1][inet[/10.1.10.75:9301]][search/phase/query]]; nested: QueryPhaseExecutionException[[test][0]: query[test:four ],from[0],size[10]: Query Failed [Failed to execute main query]]; nested: RuntimeException[java.io.IOException: Forced top level Exception on [Fields]]; nested: IOException[Forced top level Exception on [Fields]]; }{[q75XUfcITqG3o93Z8EOFnw][test][1]: QueryPhaseExecutionException[[test][1]: query[test:four ],from[0],size[10]: Query Failed [Failed to execute main query]]; nested: RuntimeException[java.io.IOException: Forced top level Exception on [Fields]]; nested: IOException[Forced top level Exception on [Fields]]; }{[tbUF3y2YTPm1TPdTF8YBYw][test][2]: RemoteTransportException[[node_0][inet[/10.1.10.75:9300]][search/phase/query]]; nested: QueryPhaseExecutionException[[test][2]: query[test:four ],from[0],size[10]: Query Failed [Failed to execute main query]]; nested: RuntimeException[java.io.IOException: Forced top level Exception on [Fields]]; nested: IOException[Forced top level Exception on [Fields]]; }]
[2014-02-18 16:00:42,932][INFO ][search.basic             ] Searching for [test:two ]
[2014-02-18 16:00:42,935][INFO ][search.basic             ] expected SearchPhaseException: [Failed to execute phase [dfs], all shards failed; shardFailures {[t8Mqv-hjRzqYCBodDxtrKQ][test][0]: DfsPhaseExecutionException[[test][0]: query[test:two ],from[0],size[10]: Dfs Failed [Exception during dfs phase]]; nested: IOException[Forced top level Exception on [Fields]]; }{[q75XUfcITqG3o93Z8EOFnw][test][1]: RemoteTransportException[[node_2][inet[/10.1.10.75:9302]][search/phase/dfs]]; nested: DfsPhaseExecutionException[[test][1]: query[test:two ],from[0],size[10]: Dfs Failed [Exception during dfs phase]]; nested: IOException[Forced top level Exception on [Fields]]; }{[tbUF3y2YTPm1TPdTF8YBYw][test][2]: RemoteTransportException[[node_0][inet[/10.1.10.75:9300]][search/phase/dfs]]; nested: DfsPhaseExecutionException[[test][2]: query[test:two ],from[0],size[10]: Dfs Failed [Exception during dfs phase]]; nested: IOException[Forced top level Exception on [Fields]]; }]
[2014-02-18 16:00:42,936][INFO ][search.basic             ] Searching for [test:one ]
[2014-02-18 16:00:42,940][INFO ][search.basic             ] expected SearchPhaseException: [Failed to execute phase [query], all shards failed; shardFailures {[t8Mqv-hjRzqYCBodDxtrKQ][test][0]: RemoteTransportException[[node_1][inet[/10.1.10.75:9301]][search/phase/query]]; nested: QueryPhaseExecutionException[[test][0]: query[test:one ],from[0],size[10]: Query Failed [Failed to execute main query]]; nested: RuntimeException[java.io.IOException: Forced top level Exception on [Fields]]; nested: IOException[Forced top level Exception on [Fields]]; }{[q75XUfcITqG3o93Z8EOFnw][test][1]: QueryPhaseExecutionException[[test][1]: query[test:one ],from[0],size[10]: Query Failed [Failed to execute main query]]; nested: RuntimeException[java.io.IOException: Forced top level Exception on [Fields]]; nested: IOException[Forced top level Exception on [Fields]]; }{[tbUF3y2YTPm1TPdTF8YBYw][test][2]: RemoteTransportException[[node_0][inet[/10.1.10.75:9300]][search/phase/query]]; nested: QueryPhaseExecutionException[[test][2]: query[test:one ],from[0],size[10]: Query Failed [Failed to execute main query]]; nested: RuntimeException[java.io.IOException: Forced top level Exception on [Fields]]; nested: IOException[Forced top level Exception on [Fields]]; }]
[2014-02-18 16:00:42,941][INFO ][search.basic             ] Searching for [test:twelve ]
[2014-02-18 16:00:42,945][INFO ][search.basic             ] expected SearchPhaseException: [Failed to execute phase [query], all shards failed; shardFailures {[t8Mqv-hjRzqYCBodDxtrKQ][test][0]: QueryPhaseExecutionException[[test][0]: query[test:twelve ],from[0],size[10]: Query Failed [Failed to execute main query]]; nested: RuntimeException[java.io.IOException: Forced top level Exception on [Fields]]; nested: IOException[Forced top level Exception on [Fields]]; }{[q75XUfcITqG3o93Z8EOFnw][test][1]: RemoteTransportException[[node_2][inet[/10.1.10.75:9302]][search/phase/query]]; nested: QueryPhaseExecutionException[[test][1]: query[test:twelve ],from[0],size[10]: Query Failed [Failed to execute main query]]; nested: RuntimeException[java.io.IOException: Forced top level Exception on [Fields]]; nested: IOException[Forced top level Exception on [Fields]]; }{[tbUF3y2YTPm1TPdTF8YBYw][test][2]: RemoteTransportException[[node_0][inet[/10.1.10.75:9300]][search/phase/query]]; nested: QueryPhaseExecutionException[[test][2]: query[test:twelve ],from[0],size[10]: Query Failed [Failed to execute main query]]; nested: RuntimeException[java.io.IOException: Forced top level Exception on [Fields]]; nested: IOException[Forced top level Exception on [Fields]]; }]
[2014-02-18 16:00:42,945][INFO ][search.basic             ] Searching for [test:one ]
[2014-02-18 16:00:42,948][INFO ][search.basic             ] expected SearchPhaseException: [Failed to execute phase [dfs], all shards failed; shardFailures {[t8Mqv-hjRzqYCBodDxtrKQ][test][0]: RemoteTransportException[[node_1][inet[/10.1.10.75:9301]][search/phase/dfs]]; nested: DfsPhaseExecutionException[[test][0]: query[test:one ],from[0],size[10]: Dfs Failed [Exception during dfs phase]]; nested: IOException[Forced top level Exception on [Fields]]; }{[q75XUfcITqG3o93Z8EOFnw][test][1]: RemoteTransportException[[node_2][inet[/10.1.10.75:9302]][search/phase/dfs]]; nested: DfsPhaseExecutionException[[test][1]: query[test:one ],from[0],size[10]: Dfs Failed [Exception during dfs phase]]; nested: IOException[Forced top level Exception on [Fields]]; }{[tbUF3y2YTPm1TPdTF8YBYw][test][2]: DfsPhaseExecutionException[[test][2]: query[test:one ],from[0],size[10]: Dfs Failed [Exception during dfs phase]]; nested: IOException[Forced top level Exception on [Fields]]; }]
[2014-02-18 16:00:42,948][INFO ][search.basic             ] Searching for [test:thirteen ]
[2014-02-18 16:00:42,953][INFO ][search.basic             ] expected SearchPhaseException: [Failed to execute phase [query], all shards failed; shardFailures {[t8Mqv-hjRzqYCBodDxtrKQ][test][0]: QueryPhaseExecutionException[[test][0]: query[test:thirteen ],from[0],size[10]: Query Failed [Failed to execute main query]]; nested: RuntimeException[java.io.IOException: Forced top level Exception on [Fields]]; nested: IOException[Forced top level Exception on [Fields]]; }{[q75XUfcITqG3o93Z8EOFnw][test][1]: RemoteTransportException[[node_2][inet[/10.1.10.75:9302]][search/phase/query]]; nested: QueryPhaseExecutionException[[test][1]: query[test:thirteen ],from[0],size[10]: Query Failed [Failed to execute main query]]; nested: RuntimeException[java.io.IOException: Forced top level Exception on [Fields]]; nested: IOException[Forced top level Exception on [Fields]]; }{[tbUF3y2YTPm1TPdTF8YBYw][test][2]: RemoteTransportException[[node_0][inet[/10.1.10.75:9300]][search/phase/query]]; nested: QueryPhaseExecutionException[[test][2]: query[test:thirteen ],from[0],size[10]: Query Failed [Failed to execute main query]]; nested: RuntimeException[java.io.IOException: Forced top level Exception on [Fields]]; nested: IOException[Forced top level Exception on [Fields]]; }]
[2014-02-18 16:00:42,953][INFO ][search.basic             ] Searching for [test:six ]
[2014-02-18 16:00:42,956][INFO ][search.basic             ] expected SearchPhaseException: [Failed to execute phase [dfs], all shards failed; shardFailures {[t8Mqv-hjRzqYCBodDxtrKQ][test][0]: RemoteTransportException[[node_1][inet[/10.1.10.75:9301]][search/phase/dfs]]; nested: DfsPhaseExecutionException[[test][0]: query[test:six ],from[0],size[10]: Dfs Failed [Exception during dfs phase]]; nested: IOException[Forced top level Exception on [Fields]]; }{[q75XUfcITqG3o93Z8EOFnw][test][1]: RemoteTransportException[[node_2][inet[/10.1.10.75:9302]][search/phase/dfs]]; nested: DfsPhaseExecutionException[[test][1]: query[test:six ],from[0],size[10]: Dfs Failed [Exception during dfs phase]]; nested: IOException[Forced top level Exception on [Fields]]; }{[tbUF3y2YTPm1TPdTF8YBYw][test][2]: DfsPhaseExecutionException[[test][2]: query[test:six ],from[0],size[10]: Dfs Failed [Exception during dfs phase]]; nested: IOException[Forced top level Exception on [Fields]]; }]
[2014-02-18 16:00:42,956][INFO ][search.basic             ] Searching for [test:four ]
[2014-02-18 16:00:42,959][INFO ][search.basic             ] expected SearchPhaseException: [Failed to execute phase [query], all shards failed; shardFailures {[t8Mqv-hjRzqYCBodDxtrKQ][test][0]: RemoteTransportException[[node_1][inet[/10.1.10.75:9301]][search/phase/query]]; nested: QueryPhaseExecutionException[[test][0]: query[test:four ],from[0],size[10]: Query Failed [Failed to execute main query]]; nested: RuntimeException[java.io.IOException: Forced top level Exception on [Fields]]; nested: IOException[Forced top level Exception on [Fields]]; }{[q75XUfcITqG3o93Z8EOFnw][test][1]: RemoteTransportException[[node_2][inet[/10.1.10.75:9302]][search/phase/query]]; nested: QueryPhaseExecutionException[[test][1]: query[test:four ],from[0],size[10]: Query Failed [Failed to execute main query]]; nested: RuntimeException[java.io.IOException: Forced top level Exception on [Fields]]; nested: IOException[Forced top level Exception on [Fields]]; }{[tbUF3y2YTPm1TPdTF8YBYw][test][2]: QueryPhaseExecutionException[[test][2]: query[test:four ],from[0],size[10]: Query Failed [Failed to execute main query]]; nested: RuntimeException[java.io.IOException: Forced top level Exception on [Fields]]; nested: IOException[Forced top level Exception on [Fields]]; }]
[2014-02-18 16:00:42,960][INFO ][search.basic             ] Searching for [test:eight ]
[2014-02-18 16:00:42,965][INFO ][search.basic             ] expected SearchPhaseException: [Failed to execute phase [dfs], all shards failed; shardFailures {[t8Mqv-hjRzqYCBodDxtrKQ][test][0]: RemoteTransportException[[node_1][inet[/10.1.10.75:9301]][search/phase/dfs]]; nested: DfsPhaseExecutionException[[test][0]: query[test:eight ],from[0],size[10]: Dfs Failed [Exception during dfs phase]]; nested: IOException[Forced top level Exception on [Fields]]; }{[q75XUfcITqG3o93Z8EOFnw][test][1]: DfsPhaseExecutionException[[test][1]: query[test:eight ],from[0],size[10]: Dfs Failed [Exception during dfs phase]]; nested: IOException[Forced top level Exception on [Fields]]; }{[tbUF3y2YTPm1TPdTF8YBYw][test][2]: RemoteTransportException[[node_0][inet[/10.1.10.75:9300]][search/phase/dfs]]; nested: DfsPhaseExecutionException[[test][2]: query[test:eight ],from[0],size[10]: Dfs Failed [Exception during dfs phase]]; nested: IOException[Forced top level Exception on [Fields]]; }]
[2014-02-18 16:00:42,965][INFO ][search.basic             ] Searching for [test:eight ]
[2014-02-18 16:00:42,969][INFO ][search.basic             ] expected SearchPhaseException: [Failed to execute phase [query], all shards failed; shardFailures {[t8Mqv-hjRzqYCBodDxtrKQ][test][0]: QueryPhaseExecutionException[[test][0]: query[test:eight ],from[0],size[10]: Query Failed [Failed to execute main query]]; nested: RuntimeException[java.io.IOException: Forced top level Exception on [Fields]]; nested: IOException[Forced top level Exception on [Fields]]; }{[q75XUfcITqG3o93Z8EOFnw][test][1]: RemoteTransportException[[node_2][inet[/10.1.10.75:9302]][search/phase/query]]; nested: QueryPhaseExecutionException[[test][1]: query[test:eight ],from[0],size[10]: Query Failed [Failed to execute main query]]; nested: RuntimeException[java.io.IOException: Forced top level Exception on [Fields]]; nested: IOException[Forced top level Exception on [Fields]]; }{[tbUF3y2YTPm1TPdTF8YBYw][test][2]: RemoteTransportException[[node_0][inet[/10.1.10.75:9300]][search/phase/query]]; nested: QueryPhaseExecutionException[[test][2]: query[test:eight ],from[0],size[10]: Query Failed [Failed to execute main query]]; nested: RuntimeException[java.io.IOException: Forced top level Exception on [Fields]]; nested: IOException[Forced top level Exception on [Fields]]; }]
[2014-02-18 16:00:42,970][INFO ][search.basic             ] Searching for [test:five ]
[2014-02-18 16:00:42,972][INFO ][search.basic             ] expected SearchPhaseException: [Failed to execute phase [dfs], all shards failed; shardFailures {[t8Mqv-hjRzqYCBodDxtrKQ][test][0]: RemoteTransportException[[node_1][inet[/10.1.10.75:9301]][search/phase/dfs]]; nested: DfsPhaseExecutionException[[test][0]: query[test:five ],from[0],size[10]: Dfs Failed [Exception during dfs phase]]; nested: IOException[Forced top level Exception on [Fields]]; }{[q75XUfcITqG3o93Z8EOFnw][test][1]: RemoteTransportException[[node_2][inet[/10.1.10.75:9302]][search/phase/dfs]]; nested: DfsPhaseExecutionException[[test][1]: query[test:five ],from[0],size[10]: Dfs Failed [Exception during dfs phase]]; nested: IOException[Forced top level Exception on [Fields]]; }{[tbUF3y2YTPm1TPdTF8YBYw][test][2]: DfsPhaseExecutionException[[test][2]: query[test:five ],from[0],size[10]: Dfs Failed [Exception during dfs phase]]; nested: IOException[Forced top level Exception on [Fields]]; }]
[2014-02-18 16:00:42,972][INFO ][search.basic             ] Searching for [test:eleven ]
[2014-02-18 16:00:42,976][INFO ][search.basic             ] expected SearchPhaseException: [Failed to execute phase [dfs], all shards failed; shardFailures {[t8Mqv-hjRzqYCBodDxtrKQ][test][0]: RemoteTransportException[[node_1][inet[/10.1.10.75:9301]][search/phase/dfs]]; nested: DfsPhaseExecutionException[[test][0]: query[test:eleven ],from[0],size[10]: Dfs Failed [Exception during dfs phase]]; nested: IOException[Forced top level Exception on [Fields]]; }{[q75XUfcITqG3o93Z8EOFnw][test][1]: DfsPhaseExecutionException[[test][1]: query[test:eleven ],from[0],size[10]: Dfs Failed [Exception during dfs phase]]; nested: IOException[Forced top level Exception on [Fields]]; }{[tbUF3y2YTPm1TPdTF8YBYw][test][2]: RemoteTransportException[[node_0][inet[/10.1.10.75:9300]][search/phase/dfs]]; nested: DfsPhaseExecutionException[[test][2]: query[test:eleven ],from[0],size[10]: Dfs Failed [Exception during dfs phase]]; nested: IOException[Forced top level Exception on [Fields]]; }]
[2014-02-18 16:00:42,976][INFO ][search.basic             ] Searching for [test:two ]
[2014-02-18 16:00:42,980][INFO ][search.basic             ] expected SearchPhaseException: [Failed to execute phase [query], all shards failed; shardFailures {[t8Mqv-hjRzqYCBodDxtrKQ][test][0]: RemoteTransportException[[node_1][inet[/10.1.10.75:9301]][search/phase/query]]; nested: QueryPhaseExecutionException[[test][0]: query[test:two ],from[0],size[10]: Query Failed [Failed to execute main query]]; nested: RuntimeException[java.io.IOException: Forced top level Exception on [Fields]]; nested: IOException[Forced top level Exception on [Fields]]; }{[q75XUfcITqG3o93Z8EOFnw][test][1]: QueryPhaseExecutionException[[test][1]: query[test:two ],from[0],size[10]: Query Failed [Failed to execute main query]]; nested: RuntimeException[java.io.IOException: Forced top level Exception on [Fields]]; nested: IOException[Forced top level Exception on [Fields]]; }{[tbUF3y2YTPm1TPdTF8YBYw][test][2]: RemoteTransportException[[node_0][inet[/10.1.10.75:9300]][search/phase/query]]; nested: QueryPhaseExecutionException[[test][2]: query[test:two ],from[0],size[10]: Query Failed [Failed to execute main query]]; nested: RuntimeException[java.io.IOException: Forced top level Exception on [Fields]]; nested: IOException[Forced top level Exception on [Fields]]; }]
[2014-02-18 16:00:42,980][INFO ][search.basic             ] Searching for [test:eleven ]
[2014-02-18 16:00:42,984][INFO ][search.basic             ] expected SearchPhaseException: [Failed to execute phase [dfs], all shards failed; shardFailures {[t8Mqv-hjRzqYCBodDxtrKQ][test][0]: RemoteTransportException[[node_1][inet[/10.1.10.75:9301]][search/phase/dfs]]; nested: DfsPhaseExecutionException[[test][0]: query[test:eleven ],from[0],size[10]: Dfs Failed [Exception during dfs phase]]; nested: IOException[Forced top level Exception on [Fields]]; }{[q75XUfcITqG3o93Z8EOFnw][test][1]: DfsPhaseExecutionException[[test][1]: query[test:eleven ],from[0],size[10]: Dfs Failed [Exception during dfs phase]]; nested: IOException[Forced top level Exception on [Fields]]; }{[tbUF3y2YTPm1TPdTF8YBYw][test][2]: RemoteTransportException[[node_0][inet[/10.1.10.75:9300]][search/phase/dfs]]; nested: DfsPhaseExecutionException[[test][2]: query[test:eleven ],from[0],size[10]: Dfs Failed [Exception during dfs phase]]; nested: IOException[Forced top level Exception on [Fields]]; }]
[2014-02-18 16:00:42,985][INFO ][search.basic             ] Searching for [test:six ]
[2014-02-18 16:00:42,989][INFO ][search.basic             ] expected SearchPhaseException: [Failed to execute phase [query], all shards failed; shardFailures {[t8Mqv-hjRzqYCBodDxtrKQ][test][0]: QueryPhaseExecutionException[[test][0]: query[test:six ],from[0],size[10]: Query Failed [Failed to execute main query]]; nested: RuntimeException[java.io.IOException: Forced top level Exception on [Fields]]; nested: IOException[Forced top level Exception on [Fields]]; }{[q75XUfcITqG3o93Z8EOFnw][test][1]: RemoteTransportException[[node_2][inet[/10.1.10.75:9302]][search/phase/query]]; nested: QueryPhaseExecutionException[[test][1]: query[test:six ],from[0],size[10]: Query Failed [Failed to execute main query]]; nested: RuntimeException[java.io.IOException: Forced top level Exception on [Fields]]; nested: IOException[Forced top level Exception on [Fields]]; }{[tbUF3y2YTPm1TPdTF8YBYw][test][2]: RemoteTransportException[[node_0][inet[/10.1.10.75:9300]][search/phase/query]]; nested: QueryPhaseExecutionException[[test][2]: query[test:six ],from[0],size[10]: Query Failed [Failed to execute main query]]; nested: RuntimeException[java.io.IOException: Forced top level Exception on [Fields]]; nested: IOException[Forced top level Exception on [Fields]]; }]
[2014-02-18 16:00:42,990][INFO ][search.basic             ] Searching for [test:nine ]
[2014-02-18 16:00:42,992][INFO ][search.basic             ] expected SearchPhaseException: [Failed to execute phase [query], all shards failed; shardFailures {[t8Mqv-hjRzqYCBodDxtrKQ][test][0]: RemoteTransportException[[node_1][inet[/10.1.10.75:9301]][search/phase/query]]; nested: QueryPhaseExecutionException[[test][0]: query[test:nine ],from[0],size[10]: Query Failed [Failed to execute main query]]; nested: RuntimeException[java.io.IOException: Forced top level Exception on [Fields]]; nested: IOException[Forced top level Exception on [Fields]]; }{[q75XUfcITqG3o93Z8EOFnw][test][1]: RemoteTransportException[[node_2][inet[/10.1.10.75:9302]][search/phase/query]]; nested: QueryPhaseExecutionException[[test][1]: query[test:nine ],from[0],size[10]: Query Failed [Failed to execute main query]]; nested: RuntimeException[java.io.IOException: Forced top level Exception on [Fields]]; nested: IOException[Forced top level Exception on [Fields]]; }{[tbUF3y2YTPm1TPdTF8YBYw][test][2]: QueryPhaseExecutionException[[test][2]: query[test:nine ],from[0],size[10]: Query Failed [Failed to execute main query]]; nested: RuntimeException[java.io.IOException: Forced top level Exception on [Fields]]; nested: IOException[Forced top level Exception on [Fields]]; }]
[2014-02-18 16:00:42,993][INFO ][search.basic             ] Searching for [test:eight ]
[2014-02-18 16:00:42,997][INFO ][search.basic             ] expected SearchPhaseException: [Failed to execute phase [query], all shards failed; shardFailures {[t8Mqv-hjRzqYCBodDxtrKQ][test][0]: RemoteTransportException[[node_1][inet[/10.1.10.75:9301]][search/phase/query]]; nested: QueryPhaseExecutionException[[test][0]: query[test:eight ],from[0],size[10]: Query Failed [Failed to execute main query]]; nested: RuntimeException[java.io.IOException: Forced top level Exception on [Fields]]; nested: IOException[Forced top level Exception on [Fields]]; }{[q75XUfcITqG3o93Z8EOFnw][test][1]: QueryPhaseExecutionException[[test][1]: query[test:eight ],from[0],size[10]: Query Failed [Failed to execute main query]]; nested: RuntimeException[java.io.IOException: Forced top level Exception on [Fields]]; nested: IOException[Forced top level Exception on [Fields]]; }{[tbUF3y2YTPm1TPdTF8YBYw][test][2]: RemoteTransportException[[node_0][inet[/10.1.10.75:9300]][search/phase/query]]; nested: QueryPhaseExecutionException[[test][2]: query[test:eight ],from[0],size[10]: Query Failed [Failed to execute main query]]; nested: RuntimeException[java.io.IOException: Forced top level Exception on [Fields]]; nested: IOException[Forced top level Exception on [Fields]]; }]
[2014-02-18 16:00:42,997][INFO ][search.basic             ] Searching for [test:twelve ]
[2014-02-18 16:00:43,002][INFO ][search.basic             ] expected SearchPhaseException: [Failed to execute phase [query], all shards failed; shardFailures {[t8Mqv-hjRzqYCBodDxtrKQ][test][0]: RemoteTransportException[[node_1][inet[/10.1.10.75:9301]][search/phase/query]]; nested: QueryPhaseExecutionException[[test][0]: query[test:twelve ],from[0],size[10]: Query Failed [Failed to execute main query]]; nested: RuntimeException[java.io.IOException: Forced top level Exception on [Fields]]; nested: IOException[Forced top level Exception on [Fields]]; }{[q75XUfcITqG3o93Z8EOFnw][test][1]: QueryPhaseExecutionException[[test][1]: query[test:twelve ],from[0],size[10]: Query Failed [Failed to execute main query]]; nested: RuntimeException[java.io.IOException: Forced top level Exception on [Fields]]; nested: IOException[Forced top level Exception on [Fields]]; }{[tbUF3y2YTPm1TPdTF8YBYw][test][2]: RemoteTransportException[[node_0][inet[/10.1.10.75:9300]][search/phase/query]]; nested: QueryPhaseExecutionException[[test][2]: query[test:twelve ],from[0],size[10]: Query Failed [Failed to execute main query]]; nested: RuntimeException[java.io.IOException: Forced top level Exception on [Fields]]; nested: IOException[Forced top level Exception on [Fields]]; }]
[2014-02-18 16:00:43,002][INFO ][search.basic             ] Searching for [test:zero]
[2014-02-18 16:00:43,005][INFO ][search.basic             ] expected SearchPhaseException: [Failed to execute phase [dfs], all shards failed; shardFailures {[t8Mqv-hjRzqYCBodDxtrKQ][test][0]: RemoteTransportException[[node_1][inet[/10.1.10.75:9301]][search/phase/dfs]]; nested: DfsPhaseExecutionException[[test][0]: query[test:zero],from[0],size[10]: Dfs Failed [Exception during dfs phase]]; nested: IOException[Forced top level Exception on [Fields]]; }{[q75XUfcITqG3o93Z8EOFnw][test][1]: DfsPhaseExecutionException[[test][1]: query[test:zero],from[0],size[10]: Dfs Failed [Exception during dfs phase]]; nested: IOException[Forced top level Exception on [Fields]]; }{[tbUF3y2YTPm1TPdTF8YBYw][test][2]: RemoteTransportException[[node_0][inet[/10.1.10.75:9300]][search/phase/dfs]]; nested: DfsPhaseExecutionException[[test][2]: query[test:zero],from[0],size[10]: Dfs Failed [Exception during dfs phase]]; nested: IOException[Forced top level Exception on [Fields]]; }]
[2014-02-18 16:00:43,006][INFO ][search.basic             ] Searching for [test:one ]
[2014-02-18 16:00:43,008][INFO ][search.basic             ] expected SearchPhaseException: [Failed to execute phase [query], all shards failed; shardFailures {[t8Mqv-hjRzqYCBodDxtrKQ][test][0]: RemoteTransportException[[node_1][inet[/10.1.10.75:9301]][search/phase/query]]; nested: QueryPhaseExecutionException[[test][0]: query[test:one ],from[0],size[10]: Query Failed [Failed to execute main query]]; nested: RuntimeException[java.io.IOException: Forced top level Exception on [Fields]]; nested: IOException[Forced top level Exception on [Fields]]; }{[q75XUfcITqG3o93Z8EOFnw][test][1]: RemoteTransportException[[node_2][inet[/10.1.10.75:9302]][search/phase/query]]; nested: QueryPhaseExecutionException[[test][1]: query[test:one ],from[0],size[10]: Query Failed [Failed to execute main query]]; nested: RuntimeException[java.io.IOException: Forced top level Exception on [Fields]]; nested: IOException[Forced top level Exception on [Fields]]; }{[tbUF3y2YTPm1TPdTF8YBYw][test][2]: QueryPhaseExecutionException[[test][2]: query[test:one ],from[0],size[10]: Query Failed [Failed to execute main query]]; nested: RuntimeException[java.io.IOException: Forced top level Exception on [Fields]]; nested: IOException[Forced top level Exception on [Fields]]; }]
[2014-02-18 16:00:43,008][INFO ][search.basic             ] Searching for [test:three ]
[2014-02-18 16:00:43,012][INFO ][search.basic             ] expected SearchPhaseException: [Failed to execute phase [query], all shards failed; shardFailures {[t8Mqv-hjRzqYCBodDxtrKQ][test][0]: RemoteTransportException[[node_1][inet[/10.1.10.75:9301]][search/phase/query]]; nested: QueryPhaseExecutionException[[test][0]: query[test:three ],from[0],size[10]: Query Failed [Failed to execute main query]]; nested: RuntimeException[java.io.IOException: Forced top level Exception on [Fields]]; nested: IOException[Forced top level Exception on [Fields]]; }{[q75XUfcITqG3o93Z8EOFnw][test][1]: QueryPhaseExecutionException[[test][1]: query[test:three ],from[0],size[10]: Query Failed [Failed to execute main query]]; nested: RuntimeException[java.io.IOException: Forced top level Exception on [Fields]]; nested: IOException[Forced top level Exception on [Fields]]; }{[tbUF3y2YTPm1TPdTF8YBYw][test][2]: RemoteTransportException[[node_0][inet[/10.1.10.75:9300]][search/phase/query]]; nested: QueryPhaseExecutionException[[test][2]: query[test:three ],from[0],size[10]: Query Failed [Failed to execute main query]]; nested: RuntimeException[java.io.IOException: Forced top level Exception on [Fields]]; nested: IOException[Forced top level Exception on [Fields]]; }]
[2014-02-18 16:00:43,012][INFO ][search.basic             ] Searching for [test:seven ]
[2014-02-18 16:00:43,017][INFO ][search.basic             ] expected SearchPhaseException: [Failed to execute phase [query], all shards failed; shardFailures {[t8Mqv-hjRzqYCBodDxtrKQ][test][0]: QueryPhaseExecutionException[[test][0]: query[test:seven ],from[0],size[10]: Query Failed [Failed to execute main query]]; nested: RuntimeException[java.io.IOException: Forced top level Exception on [Fields]]; nested: IOException[Forced top level Exception on [Fields]]; }{[q75XUfcITqG3o93Z8EOFnw][test][1]: RemoteTransportException[[node_2][inet[/10.1.10.75:9302]][search/phase/query]]; nested: QueryPhaseExecutionException[[test][1]: query[test:seven ],from[0],size[10]: Query Failed [Failed to execute main query]]; nested: RuntimeException[java.io.IOException: Forced top level Exception on [Fields]]; nested: IOException[Forced top level Exception on [Fields]]; }{[tbUF3y2YTPm1TPdTF8YBYw][test][2]: RemoteTransportException[[node_0][inet[/10.1.10.75:9300]][search/phase/query]]; nested: QueryPhaseExecutionException[[test][2]: query[test:seven ],from[0],size[10]: Query Failed [Failed to execute main query]]; nested: RuntimeException[java.io.IOException: Forced top level Exception on [Fields]]; nested: IOException[Forced top level Exception on [Fields]]; }]
[2014-02-18 16:00:43,018][INFO ][search.basic             ] Searching for [test:twelve ]
[2014-02-18 16:00:43,021][INFO ][search.basic             ] expected SearchPhaseException: [Failed to execute phase [dfs], all shards failed; shardFailures {[t8Mqv-hjRzqYCBodDxtrKQ][test][0]: RemoteTransportException[[node_1][inet[/10.1.10.75:9301]][search/phase/dfs]]; nested: DfsPhaseExecutionException[[test][0]: query[test:twelve ],from[0],size[10]: Dfs Failed [Exception during dfs phase]]; nested: IOException[Forced top level Exception on [Fields]]; }{[q75XUfcITqG3o93Z8EOFnw][test][1]: RemoteTransportException[[node_2][inet[/10.1.10.75:9302]][search/phase/dfs]]; nested: DfsPhaseExecutionException[[test][1]: query[test:twelve ],from[0],size[10]: Dfs Failed [Exception during dfs phase]]; nested: IOException[Forced top level Exception on [Fields]]; }{[tbUF3y2YTPm1TPdTF8YBYw][test][2]: DfsPhaseExecutionException[[test][2]: query[test:twelve ],from[0],size[10]: Dfs Failed [Exception during dfs phase]]; nested: IOException[Forced top level Exception on [Fields]]; }]
[2014-02-18 16:00:43,022][INFO ][search.basic             ] Searching for [test:one ]
[2014-02-18 16:00:43,026][INFO ][search.basic             ] expected SearchPhaseException: [Failed to execute phase [query], all shards failed; shardFailures {[t8Mqv-hjRzqYCBodDxtrKQ][test][0]: RemoteTransportException[[node_1][inet[/10.1.10.75:9301]][search/phase/query]]; nested: QueryPhaseExecutionException[[test][0]: query[test:one ],from[0],size[10]: Query Failed [Failed to execute main query]]; nested: RuntimeException[java.io.IOException: Forced top level Exception on [Fields]]; nested: IOException[Forced top level Exception on [Fields]]; }{[q75XUfcITqG3o93Z8EOFnw][test][1]: QueryPhaseExecutionException[[test][1]: query[test:one ],from[0],size[10]: Query Failed [Failed to execute main query]]; nested: RuntimeException[java.io.IOException: Forced top level Exception on [Fields]]; nested: IOException[Forced top level Exception on [Fields]]; }{[tbUF3y2YTPm1TPdTF8YBYw][test][2]: RemoteTransportException[[node_0][inet[/10.1.10.75:9300]][search/phase/query]]; nested: QueryPhaseExecutionException[[test][2]: query[test:one ],from[0],size[10]: Query Failed [Failed to execute main query]]; nested: RuntimeException[java.io.IOException: Forced top level Exception on [Fields]]; nested: IOException[Forced top level Exception on [Fields]]; }]
[2014-02-18 16:00:43,026][INFO ][search.basic             ] Searching for [test:four ]
[2014-02-18 16:00:43,029][INFO ][search.basic             ] expected SearchPhaseException: [Failed to execute phase [query], all shards failed; shardFailures {[t8Mqv-hjRzqYCBodDxtrKQ][test][0]: RemoteTransportException[[node_1][inet[/10.1.10.75:9301]][search/phase/query]]; nested: QueryPhaseExecutionException[[test][0]: query[test:four ],from[0],size[10]: Query Failed [Failed to execute main query]]; nested: RuntimeException[java.io.IOException: Forced top level Exception on [Fields]]; nested: IOException[Forced top level Exception on [Fields]]; }{[q75XUfcITqG3o93Z8EOFnw][test][1]: RemoteTransportException[[node_2][inet[/10.1.10.75:9302]][search/phase/query]]; nested: QueryPhaseExecutionException[[test][1]: query[test:four ],from[0],size[10]: Query Failed [Failed to execute main query]]; nested: RuntimeException[java.io.IOException: Forced top level Exception on [Fields]]; nested: IOException[Forced top level Exception on [Fields]]; }{[tbUF3y2YTPm1TPdTF8YBYw][test][2]: QueryPhaseExecutionException[[test][2]: query[test:four ],from[0],size[10]: Query Failed [Failed to execute main query]]; nested: RuntimeException[java.io.IOException: Forced top level Exception on [Fields]]; nested: IOException[Forced top level Exception on [Fields]]; }]
[2014-02-18 16:00:43,029][INFO ][search.basic             ] [SearchWithRandomExceptionsTests#testRandomExceptions]: cleaning up after test
[2014-02-18 16:00:43,031][INFO ][cluster.metadata         ] [node_0] [test] deleting index
[2014-02-18 16:00:43,055][INFO ][search.basic             ] [SearchWithRandomExceptionsTests#testRandomExceptions]: cleaned up after test
[2014-02-18 16:00:43,062][INFO ][test                     ] Test testRandomExceptions(org.elasticsearch.search.basic.SearchWithRandomExceptionsTests) finished
]]></system-out>
   <system-err><![CDATA[]]></system-err>
</testsuite>