<testsuite errors="0" failures="0" tests="36" skipped="0" name="org.elasticsearch.search.aggregations.bucket.MinDocCountTests" hostname="nohost.nodomain" time="33.979" timestamp="2014-02-18T15:35:51">
   <properties class="java.util.ArrayList">
      <property name="awt.toolkit" value="sun.lwawt.macosx.LWCToolkit"/>
      <property name="es.logger.level" value="INFO"/>
      <property name="es.logger.prefix" value=""/>
      <property name="es.node.local" value=""/>
      <property name="es.node.mode" value=""/>
      <property name="file.encoding" value="UTF-8"/>
      <property name="file.encoding.pkg" value="sun.io"/>
      <property name="file.separator" value="/"/>
      <property name="ftp.nonProxyHosts" value="local|*.local|169.254/16|*.169.254/16"/>
      <property name="gopherProxySet" value="false"/>
      <property name="http.nonProxyHosts" value="local|*.local|169.254/16|*.169.254/16"/>
      <property name="java.awt.graphicsenv" value="sun.awt.CGraphicsEnvironment"/>
      <property name="java.awt.headless" value="true"/>
      <property name="java.awt.printerjob" value="sun.lwawt.macosx.CPrinterJob"/>
      <property name="java.class.path" value="/Users/bhwang/elasticsearch/target/test-classes:/Users/bhwang/elasticsearch/target/classes:/Users/bhwang/.m2/repository/org/hamcrest/hamcrest-all/1.3/hamcrest-all-1.3.jar:/Users/bhwang/.m2/repository/com/carrotsearch/randomizedtesting/randomizedtesting-runner/2.0.15/randomizedtesting-runner-2.0.15.jar:/Users/bhwang/.m2/repository/junit/junit/4.10/junit-4.10.jar:/Users/bhwang/.m2/repository/org/apache/lucene/lucene-test-framework/4.6.1/lucene-test-framework-4.6.1.jar:/Users/bhwang/.m2/repository/org/apache/lucene/lucene-expressions/4.6.1/lucene-expressions-4.6.1.jar:/Users/bhwang/.m2/repository/org/antlr/antlr-runtime/3.5/antlr-runtime-3.5.jar:/Users/bhwang/.m2/repository/org/ow2/asm/asm/4.1/asm-4.1.jar:/Users/bhwang/.m2/repository/org/ow2/asm/asm-commons/4.1/asm-commons-4.1.jar:/Users/bhwang/.m2/repository/org/apache/httpcomponents/httpclient/4.3.1/httpclient-4.3.1.jar:/Users/bhwang/.m2/repository/org/apache/httpcomponents/httpcore/4.3/httpcore-4.3.jar:/Users/bhwang/.m2/repository/commons-logging/commons-logging/1.1.3/commons-logging-1.1.3.jar:/Users/bhwang/.m2/repository/commons-codec/commons-codec/1.6/commons-codec-1.6.jar:/Users/bhwang/.m2/repository/org/apache/lucene/lucene-core/4.6.1/lucene-core-4.6.1.jar:/Users/bhwang/.m2/repository/org/apache/lucene/lucene-analyzers-common/4.6.1/lucene-analyzers-common-4.6.1.jar:/Users/bhwang/.m2/repository/org/apache/lucene/lucene-codecs/4.6.1/lucene-codecs-4.6.1.jar:/Users/bhwang/.m2/repository/org/apache/lucene/lucene-queries/4.6.1/lucene-queries-4.6.1.jar:/Users/bhwang/.m2/repository/org/apache/lucene/lucene-memory/4.6.1/lucene-memory-4.6.1.jar:/Users/bhwang/.m2/repository/org/apache/lucene/lucene-highlighter/4.6.1/lucene-highlighter-4.6.1.jar:/Users/bhwang/.m2/repository/org/apache/lucene/lucene-queryparser/4.6.1/lucene-queryparser-4.6.1.jar:/Users/bhwang/.m2/repository/org/apache/lucene/lucene-sandbox/4.6.1/lucene-sandbox-4.6.1.jar:/Users/bhwang/.m2/repository/org/apache/lucene/lucene-suggest/4.6.1/lucene-suggest-4.6.1.jar:/Users/bhwang/.m2/repository/org/apache/lucene/lucene-misc/4.6.1/lucene-misc-4.6.1.jar:/Users/bhwang/.m2/repository/org/apache/lucene/lucene-join/4.6.1/lucene-join-4.6.1.jar:/Users/bhwang/.m2/repository/org/apache/lucene/lucene-grouping/4.6.1/lucene-grouping-4.6.1.jar:/Users/bhwang/.m2/repository/org/apache/lucene/lucene-spatial/4.6.1/lucene-spatial-4.6.1.jar:/Users/bhwang/.m2/repository/com/spatial4j/spatial4j/0.3/spatial4j-0.3.jar:/Users/bhwang/.m2/repository/com/vividsolutions/jts/1.12/jts-1.12.jar:/Users/bhwang/.m2/repository/com/google/guava/guava/16.0/guava-16.0.jar:/Users/bhwang/.m2/repository/com/carrotsearch/hppc/0.5.3/hppc-0.5.3.jar:/Users/bhwang/.m2/repository/joda-time/joda-time/2.3/joda-time-2.3.jar:/Users/bhwang/.m2/repository/org/joda/joda-convert/1.2/joda-convert-1.2.jar:/Users/bhwang/.m2/repository/org/mvel/mvel2/2.1.5.Final/mvel2-2.1.5.Final.jar:/Users/bhwang/.m2/repository/com/fasterxml/jackson/core/jackson-core/2.3.0/jackson-core-2.3.0.jar:/Users/bhwang/.m2/repository/com/fasterxml/jackson/dataformat/jackson-dataformat-smile/2.3.0/jackson-dataformat-smile-2.3.0.jar:/Users/bhwang/.m2/repository/com/fasterxml/jackson/dataformat/jackson-dataformat-yaml/2.3.0/jackson-dataformat-yaml-2.3.0.jar:/Users/bhwang/.m2/repository/io/netty/netty/3.9.0.Final/netty-3.9.0.Final.jar:/Users/bhwang/.m2/repository/com/ning/compress-lzf/0.9.6/compress-lzf-0.9.6.jar:/Users/bhwang/.m2/repository/log4j/log4j/1.2.17/log4j-1.2.17.jar:/Users/bhwang/.m2/repository/org/slf4j/slf4j-api/1.6.2/slf4j-api-1.6.2.jar:/Users/bhwang/.m2/repository/net/java/dev/jna/jna/3.3.0/jna-3.3.0.jar:/Users/bhwang/.m2/repository/org/fusesource/sigar/1.6.4/sigar-1.6.4.jar:/Users/bhwang/.m2/repository/com/carrotsearch/randomizedtesting/junit4-ant/2.0.15/junit4-ant-2.0.15.jar"/>
      <property name="java.class.version" value="51.0"/>
      <property name="java.endorsed.dirs" value="/Library/Java/JavaVirtualMachines/jdk1.7.0_45.jdk/Contents/Home/jre/lib/endorsed"/>
      <property name="java.ext.dirs" value="/Users/bhwang/Library/Java/Extensions:/Library/Java/JavaVirtualMachines/jdk1.7.0_45.jdk/Contents/Home/jre/lib/ext:/Library/Java/Extensions:/Network/Library/Java/Extensions:/System/Library/Java/Extensions:/usr/lib/java"/>
      <property name="java.home" value="/Library/Java/JavaVirtualMachines/jdk1.7.0_45.jdk/Contents/Home/jre"/>
      <property name="java.io.tmpdir" value="."/>
      <property name="java.library.path" value="/Users/bhwang/Library/Java/Extensions:/Library/Java/Extensions:/Network/Library/Java/Extensions:/System/Library/Java/Extensions:/usr/lib/java:."/>
      <property name="java.runtime.name" value="Java(TM) SE Runtime Environment"/>
      <property name="java.runtime.version" value="1.7.0_45-b18"/>
      <property name="java.security.policy" value="/Users/bhwang/elasticsearch/dev-tools/tests.policy"/>
      <property name="java.specification.name" value="Java Platform API Specification"/>
      <property name="java.specification.vendor" value="Oracle Corporation"/>
      <property name="java.specification.version" value="1.7"/>
      <property name="java.vendor" value="Oracle Corporation"/>
      <property name="java.vendor.url" value="http://java.oracle.com/"/>
      <property name="java.vendor.url.bug" value="http://bugreport.sun.com/bugreport/"/>
      <property name="java.version" value="1.7.0_45"/>
      <property name="java.vm.info" value="mixed mode"/>
      <property name="java.vm.name" value="Java HotSpot(TM) 64-Bit Server VM"/>
      <property name="java.vm.specification.name" value="Java Virtual Machine Specification"/>
      <property name="java.vm.specification.vendor" value="Oracle Corporation"/>
      <property name="java.vm.specification.version" value="1.7"/>
      <property name="java.vm.vendor" value="Oracle Corporation"/>
      <property name="java.vm.version" value="24.45-b08"/>
      <property name="junit4.childvm.cwd" value="/Users/bhwang/elasticsearch/target/J0"/>
      <property name="junit4.childvm.id" value="0"/>
      <property name="junit4.memory.total" value="128974848"/>
      <property name="junit4.pidString" value="6815@Bills-MacBook-Pro.local"/>
      <property name="junit4.processors" value="4"/>
      <property name="junit4.tempDir" value="/Users/bhwang/elasticsearch/target"/>
      <property name="line.separator" value="
"/>
      <property name="os.arch" value="x86_64"/>
      <property name="os.name" value="Mac OS X"/>
      <property name="os.version" value="10.9.1"/>
      <property name="path.separator" value=":"/>
      <property name="socksNonProxyHosts" value="local|*.local|169.254/16|*.169.254/16"/>
      <property name="sun.arch.data.model" value="64"/>
      <property name="sun.boot.class.path" value="/Library/Java/JavaVirtualMachines/jdk1.7.0_45.jdk/Contents/Home/jre/lib/resources.jar:/Library/Java/JavaVirtualMachines/jdk1.7.0_45.jdk/Contents/Home/jre/lib/rt.jar:/Library/Java/JavaVirtualMachines/jdk1.7.0_45.jdk/Contents/Home/jre/lib/sunrsasign.jar:/Library/Java/JavaVirtualMachines/jdk1.7.0_45.jdk/Contents/Home/jre/lib/jsse.jar:/Library/Java/JavaVirtualMachines/jdk1.7.0_45.jdk/Contents/Home/jre/lib/jce.jar:/Library/Java/JavaVirtualMachines/jdk1.7.0_45.jdk/Contents/Home/jre/lib/charsets.jar:/Library/Java/JavaVirtualMachines/jdk1.7.0_45.jdk/Contents/Home/jre/lib/jfr.jar:/Library/Java/JavaVirtualMachines/jdk1.7.0_45.jdk/Contents/Home/jre/lib/JObjC.jar:/Library/Java/JavaVirtualMachines/jdk1.7.0_45.jdk/Contents/Home/jre/classes"/>
      <property name="sun.boot.library.path" value="/Library/Java/JavaVirtualMachines/jdk1.7.0_45.jdk/Contents/Home/jre/lib"/>
      <property name="sun.cpu.endian" value="little"/>
      <property name="sun.cpu.isalist" value=""/>
      <property name="sun.io.unicode.encoding" value="UnicodeBig"/>
      <property name="sun.java.command" value="com.carrotsearch.ant.tasks.junit4.slave.SlaveMainSafe -flush -eventsfile /Users/bhwang/elasticsearch/target/junit4-J0-20140218_153326_767.events @/Users/bhwang/elasticsearch/target/junit4-J0-20140218_153326_767.suites -stdin"/>
      <property name="sun.java.launcher" value="SUN_STANDARD"/>
      <property name="sun.jnu.encoding" value="UTF-8"/>
      <property name="sun.management.compiler" value="HotSpot 64-Bit Tiered Compilers"/>
      <property name="sun.os.patch.level" value="unknown"/>
      <property name="tests.appendseed" value=""/>
      <property name="tests.assertion.disabled" value=""/>
      <property name="tests.awaitsfix" value=""/>
      <property name="tests.badapples" value=""/>
      <property name="tests.class" value=""/>
      <property name="tests.client.ratio" value=""/>
      <property name="tests.cluster_seed" value=""/>
      <property name="tests.enable_mock_modules" value=""/>
      <property name="tests.failfast" value=""/>
      <property name="tests.integration" value=""/>
      <property name="tests.iters" value=""/>
      <property name="tests.jvm.argline" value=""/>
      <property name="tests.maxfailures" value=""/>
      <property name="tests.method" value=""/>
      <property name="tests.network" value=""/>
      <property name="tests.nightly" value=""/>
      <property name="tests.prefix" value="tests"/>
      <property name="tests.rest" value=""/>
      <property name="tests.rest.spec" value=""/>
      <property name="tests.rest.suite" value=""/>
      <property name="tests.security.manager" value=""/>
      <property name="tests.seed" value="A89B4FF56754358E"/>
      <property name="tests.showSuccess" value=""/>
      <property name="tests.slow" value=""/>
      <property name="tests.timeoutSuite" value=""/>
      <property name="tests.weekly" value=""/>
      <property name="user.country" value="US"/>
      <property name="user.dir" value="/Users/bhwang/elasticsearch/target/J0"/>
      <property name="user.home" value="/Users/bhwang"/>
      <property name="user.language" value="en"/>
      <property name="user.name" value="bhwang"/>
      <property name="user.timezone" value=""/>
   </properties>
   <testcase classname="org.elasticsearch.search.aggregations.bucket.MinDocCountTests" name="testLongScriptCountDesc" time="1.332"/>
   <testcase classname="org.elasticsearch.search.aggregations.bucket.MinDocCountTests" name="testDoubleScriptTermAsc" time="1.039"/>
   <testcase classname="org.elasticsearch.search.aggregations.bucket.MinDocCountTests" name="testStringScriptCountAscWithInclude" time="0.994"/>
   <testcase classname="org.elasticsearch.search.aggregations.bucket.MinDocCountTests" name="testDoubleCountAsc" time="1.131"/>
   <testcase classname="org.elasticsearch.search.aggregations.bucket.MinDocCountTests" name="testLongScriptCountAsc" time="0.794"/>
   <testcase classname="org.elasticsearch.search.aggregations.bucket.MinDocCountTests" name="testHistogramCountAsc" time="0.626"/>
   <testcase classname="org.elasticsearch.search.aggregations.bucket.MinDocCountTests" name="testDateHistogramKeyDesc" time="0.756"/>
   <testcase classname="org.elasticsearch.search.aggregations.bucket.MinDocCountTests" name="testHistogramKeyAsc" time="0.552"/>
   <testcase classname="org.elasticsearch.search.aggregations.bucket.MinDocCountTests" name="testStringTermDesc" time="1.156"/>
   <testcase classname="org.elasticsearch.search.aggregations.bucket.MinDocCountTests" name="testStringScriptTermDesc" time="0.572"/>
   <testcase classname="org.elasticsearch.search.aggregations.bucket.MinDocCountTests" name="testDateHistogramCountAsc" time="0.691"/>
   <testcase classname="org.elasticsearch.search.aggregations.bucket.MinDocCountTests" name="testStringCountDescWithInclude" time="0.761"/>
   <testcase classname="org.elasticsearch.search.aggregations.bucket.MinDocCountTests" name="testStringScriptCountAsc" time="0.749"/>
   <testcase classname="org.elasticsearch.search.aggregations.bucket.MinDocCountTests" name="testStringCountAsc" time="0.915"/>
   <testcase classname="org.elasticsearch.search.aggregations.bucket.MinDocCountTests" name="testDoubleScriptCountAsc" time="0.923"/>
   <testcase classname="org.elasticsearch.search.aggregations.bucket.MinDocCountTests" name="testStringScriptCountDescWithInclude" time="0.4"/>
   <testcase classname="org.elasticsearch.search.aggregations.bucket.MinDocCountTests" name="testStringCountDesc" time="0.962"/>
   <testcase classname="org.elasticsearch.search.aggregations.bucket.MinDocCountTests" name="testDoubleTermDesc" time="0.944"/>
   <testcase classname="org.elasticsearch.search.aggregations.bucket.MinDocCountTests" name="testLongScriptTermDesc" time="0.966"/>
   <testcase classname="org.elasticsearch.search.aggregations.bucket.MinDocCountTests" name="testLongTermAsc" time="0.991"/>
   <testcase classname="org.elasticsearch.search.aggregations.bucket.MinDocCountTests" name="testDoubleCountDesc" time="0.77"/>
   <testcase classname="org.elasticsearch.search.aggregations.bucket.MinDocCountTests" name="testLongCountAsc" time="0.94"/>
   <testcase classname="org.elasticsearch.search.aggregations.bucket.MinDocCountTests" name="testStringTermAsc" time="0.744"/>
   <testcase classname="org.elasticsearch.search.aggregations.bucket.MinDocCountTests" name="testStringCountAscWithInclude" time="0.518"/>
   <testcase classname="org.elasticsearch.search.aggregations.bucket.MinDocCountTests" name="testHistogramCountDesc" time="1.761"/>
   <testcase classname="org.elasticsearch.search.aggregations.bucket.MinDocCountTests" name="testHistogramKeyDesc" time="1.144"/>
   <testcase classname="org.elasticsearch.search.aggregations.bucket.MinDocCountTests" name="testLongCountDesc" time="1.628"/>
   <testcase classname="org.elasticsearch.search.aggregations.bucket.MinDocCountTests" name="testDoubleScriptTermDesc" time="1.437"/>
   <testcase classname="org.elasticsearch.search.aggregations.bucket.MinDocCountTests" name="testStringScriptTermAsc" time="0.592"/>
   <testcase classname="org.elasticsearch.search.aggregations.bucket.MinDocCountTests" name="testDoubleTermAsc" time="1.145"/>
   <testcase classname="org.elasticsearch.search.aggregations.bucket.MinDocCountTests" name="testDoubleScriptCountDesc" time="0.833"/>
   <testcase classname="org.elasticsearch.search.aggregations.bucket.MinDocCountTests" name="testDateHistogramKeyAsc" time="1.131"/>
   <testcase classname="org.elasticsearch.search.aggregations.bucket.MinDocCountTests" name="testLongTermDesc" time="1.338"/>
   <testcase classname="org.elasticsearch.search.aggregations.bucket.MinDocCountTests" name="testDateHistogramCountDesc" time="0.965"/>
   <testcase classname="org.elasticsearch.search.aggregations.bucket.MinDocCountTests" name="testLongScriptTermAsc" time="0.527"/>
   <testcase classname="org.elasticsearch.search.aggregations.bucket.MinDocCountTests" name="testStringScriptCountDesc" time="1.211"/>
   <system-out><![CDATA[[2014-02-18 15:35:51,801][INFO ][test                     ] Test testLongScriptCountDesc(org.elasticsearch.search.aggregations.bucket.MinDocCountTests) started
[2014-02-18 15:35:51,811][INFO ][plugins                  ] [transport_client_node_1] loaded [], sites []
[2014-02-18 15:35:51,851][INFO ][search.aggregations.bucket] [MinDocCountTests#testLongScriptCountDesc]: before test
[2014-02-18 15:35:51,865][INFO ][cluster.metadata         ] [node_0] [idx] creating index, cause [api], shards [5]/[0], mappings []
[2014-02-18 15:35:51,934][INFO ][search.aggregations.bucket] Index [80] docs async: [true] bulk: [false]
[2014-02-18 15:35:51,971][INFO ][cluster.metadata         ] [node_0] [idx] update_mapping [type] (dynamic)
[2014-02-18 15:35:52,935][TRACE][action.search.type       ] [node_0] Moving to second phase, based on results from: [YDkOVpQ0RLKhdd4JNL-RIg][idx][4],[tbUF3y2YTPm1TPdTF8YBYw][idx][3],[Y-GAf-d9TnWBgKZR_Cw0qw][idx][2],[YDkOVpQ0RLKhdd4JNL-RIg][idx][1],[tbUF3y2YTPm1TPdTF8YBYw][idx][0] (cluster state version: 512)
[2014-02-18 15:35:52,942][TRACE][action.search.type       ] [node_1] Moving to second phase, based on results from: [YDkOVpQ0RLKhdd4JNL-RIg][idx][4],[tbUF3y2YTPm1TPdTF8YBYw][idx][3],[Y-GAf-d9TnWBgKZR_Cw0qw][idx][2],[YDkOVpQ0RLKhdd4JNL-RIg][idx][1],[tbUF3y2YTPm1TPdTF8YBYw][idx][0] (cluster state version: 512)
[2014-02-18 15:35:52,962][TRACE][action.search.type       ] [node_1] Moving to second phase, based on results from: [YDkOVpQ0RLKhdd4JNL-RIg][idx][4],[tbUF3y2YTPm1TPdTF8YBYw][idx][3],[Y-GAf-d9TnWBgKZR_Cw0qw][idx][2],[YDkOVpQ0RLKhdd4JNL-RIg][idx][1],[tbUF3y2YTPm1TPdTF8YBYw][idx][0] (cluster state version: 512)
[2014-02-18 15:35:52,967][TRACE][action.search.type       ] [node_0] Moving to second phase, based on results from: [YDkOVpQ0RLKhdd4JNL-RIg][idx][4],[tbUF3y2YTPm1TPdTF8YBYw][idx][3],[Y-GAf-d9TnWBgKZR_Cw0qw][idx][2],[YDkOVpQ0RLKhdd4JNL-RIg][idx][1],[tbUF3y2YTPm1TPdTF8YBYw][idx][0] (cluster state version: 512)
[2014-02-18 15:35:52,972][TRACE][action.search.type       ] [node_2] Moving to second phase, based on results from: [YDkOVpQ0RLKhdd4JNL-RIg][idx][4],[tbUF3y2YTPm1TPdTF8YBYw][idx][3],[Y-GAf-d9TnWBgKZR_Cw0qw][idx][2],[YDkOVpQ0RLKhdd4JNL-RIg][idx][1],[tbUF3y2YTPm1TPdTF8YBYw][idx][0] (cluster state version: 512)
[2014-02-18 15:35:52,977][TRACE][action.search.type       ] [node_1] Moving to second phase, based on results from: [YDkOVpQ0RLKhdd4JNL-RIg][idx][4],[tbUF3y2YTPm1TPdTF8YBYw][idx][3],[Y-GAf-d9TnWBgKZR_Cw0qw][idx][2],[YDkOVpQ0RLKhdd4JNL-RIg][idx][1],[tbUF3y2YTPm1TPdTF8YBYw][idx][0] (cluster state version: 512)
[2014-02-18 15:35:52,982][TRACE][action.search.type       ] [node_1] Moving to second phase, based on results from: [YDkOVpQ0RLKhdd4JNL-RIg][idx][4],[tbUF3y2YTPm1TPdTF8YBYw][idx][3],[Y-GAf-d9TnWBgKZR_Cw0qw][idx][2],[YDkOVpQ0RLKhdd4JNL-RIg][idx][1],[tbUF3y2YTPm1TPdTF8YBYw][idx][0] (cluster state version: 512)
[2014-02-18 15:35:52,986][TRACE][action.search.type       ] [node_0] Moving to second phase, based on results from: [YDkOVpQ0RLKhdd4JNL-RIg][idx][4],[tbUF3y2YTPm1TPdTF8YBYw][idx][3],[Y-GAf-d9TnWBgKZR_Cw0qw][idx][2],[YDkOVpQ0RLKhdd4JNL-RIg][idx][1],[tbUF3y2YTPm1TPdTF8YBYw][idx][0] (cluster state version: 512)
[2014-02-18 15:35:52,993][TRACE][action.search.type       ] [node_1] Moving to second phase, based on results from: [YDkOVpQ0RLKhdd4JNL-RIg][idx][4],[tbUF3y2YTPm1TPdTF8YBYw][idx][3],[Y-GAf-d9TnWBgKZR_Cw0qw][idx][2],[YDkOVpQ0RLKhdd4JNL-RIg][idx][1],[tbUF3y2YTPm1TPdTF8YBYw][idx][0] (cluster state version: 512)
[2014-02-18 15:35:52,999][TRACE][action.search.type       ] [node_0] Moving to second phase, based on results from: [YDkOVpQ0RLKhdd4JNL-RIg][idx][4],[tbUF3y2YTPm1TPdTF8YBYw][idx][3],[Y-GAf-d9TnWBgKZR_Cw0qw][idx][2],[YDkOVpQ0RLKhdd4JNL-RIg][idx][1],[tbUF3y2YTPm1TPdTF8YBYw][idx][0] (cluster state version: 512)
[2014-02-18 15:35:53,004][TRACE][action.search.type       ] [node_1] Moving to second phase, based on results from: [YDkOVpQ0RLKhdd4JNL-RIg][idx][4],[tbUF3y2YTPm1TPdTF8YBYw][idx][3],[Y-GAf-d9TnWBgKZR_Cw0qw][idx][2],[YDkOVpQ0RLKhdd4JNL-RIg][idx][1],[tbUF3y2YTPm1TPdTF8YBYw][idx][0] (cluster state version: 512)
[2014-02-18 15:35:53,010][TRACE][action.search.type       ] [node_2] Moving to second phase, based on results from: [YDkOVpQ0RLKhdd4JNL-RIg][idx][4],[tbUF3y2YTPm1TPdTF8YBYw][idx][3],[Y-GAf-d9TnWBgKZR_Cw0qw][idx][2],[YDkOVpQ0RLKhdd4JNL-RIg][idx][1],[tbUF3y2YTPm1TPdTF8YBYw][idx][0] (cluster state version: 512)
[2014-02-18 15:35:53,017][TRACE][action.search.type       ] [node_1] Moving to second phase, based on results from: [YDkOVpQ0RLKhdd4JNL-RIg][idx][4],[tbUF3y2YTPm1TPdTF8YBYw][idx][3],[Y-GAf-d9TnWBgKZR_Cw0qw][idx][2],[YDkOVpQ0RLKhdd4JNL-RIg][idx][1],[tbUF3y2YTPm1TPdTF8YBYw][idx][0] (cluster state version: 512)
[2014-02-18 15:35:53,026][TRACE][action.search.type       ] [node_1] Moving to second phase, based on results from: [YDkOVpQ0RLKhdd4JNL-RIg][idx][4],[tbUF3y2YTPm1TPdTF8YBYw][idx][3],[Y-GAf-d9TnWBgKZR_Cw0qw][idx][2],[YDkOVpQ0RLKhdd4JNL-RIg][idx][1],[tbUF3y2YTPm1TPdTF8YBYw][idx][0] (cluster state version: 512)
[2014-02-18 15:35:53,033][TRACE][action.search.type       ] [node_0] Moving to second phase, based on results from: [YDkOVpQ0RLKhdd4JNL-RIg][idx][4],[tbUF3y2YTPm1TPdTF8YBYw][idx][3],[Y-GAf-d9TnWBgKZR_Cw0qw][idx][2],[YDkOVpQ0RLKhdd4JNL-RIg][idx][1],[tbUF3y2YTPm1TPdTF8YBYw][idx][0] (cluster state version: 512)
[2014-02-18 15:35:53,040][TRACE][action.search.type       ] [node_1] Moving to second phase, based on results from: [YDkOVpQ0RLKhdd4JNL-RIg][idx][4],[tbUF3y2YTPm1TPdTF8YBYw][idx][3],[Y-GAf-d9TnWBgKZR_Cw0qw][idx][2],[YDkOVpQ0RLKhdd4JNL-RIg][idx][1],[tbUF3y2YTPm1TPdTF8YBYw][idx][0] (cluster state version: 512)
[2014-02-18 15:35:53,047][TRACE][action.search.type       ] [node_2] Moving to second phase, based on results from: [YDkOVpQ0RLKhdd4JNL-RIg][idx][4],[tbUF3y2YTPm1TPdTF8YBYw][idx][3],[Y-GAf-d9TnWBgKZR_Cw0qw][idx][2],[YDkOVpQ0RLKhdd4JNL-RIg][idx][1],[tbUF3y2YTPm1TPdTF8YBYw][idx][0] (cluster state version: 512)
[2014-02-18 15:35:53,053][TRACE][action.search.type       ] [node_1] Moving to second phase, based on results from: [YDkOVpQ0RLKhdd4JNL-RIg][idx][4],[tbUF3y2YTPm1TPdTF8YBYw][idx][3],[Y-GAf-d9TnWBgKZR_Cw0qw][idx][2],[YDkOVpQ0RLKhdd4JNL-RIg][idx][1],[tbUF3y2YTPm1TPdTF8YBYw][idx][0] (cluster state version: 512)
[2014-02-18 15:35:53,060][TRACE][action.search.type       ] [node_2] Moving to second phase, based on results from: [YDkOVpQ0RLKhdd4JNL-RIg][idx][4],[tbUF3y2YTPm1TPdTF8YBYw][idx][3],[Y-GAf-d9TnWBgKZR_Cw0qw][idx][2],[YDkOVpQ0RLKhdd4JNL-RIg][idx][1],[tbUF3y2YTPm1TPdTF8YBYw][idx][0] (cluster state version: 512)
[2014-02-18 15:35:53,065][TRACE][action.search.type       ] [node_2] Moving to second phase, based on results from: [YDkOVpQ0RLKhdd4JNL-RIg][idx][4],[tbUF3y2YTPm1TPdTF8YBYw][idx][3],[Y-GAf-d9TnWBgKZR_Cw0qw][idx][2],[YDkOVpQ0RLKhdd4JNL-RIg][idx][1],[tbUF3y2YTPm1TPdTF8YBYw][idx][0] (cluster state version: 512)
[2014-02-18 15:35:53,073][TRACE][action.search.type       ] [node_1] Moving to second phase, based on results from: [YDkOVpQ0RLKhdd4JNL-RIg][idx][4],[tbUF3y2YTPm1TPdTF8YBYw][idx][3],[Y-GAf-d9TnWBgKZR_Cw0qw][idx][2],[YDkOVpQ0RLKhdd4JNL-RIg][idx][1],[tbUF3y2YTPm1TPdTF8YBYw][idx][0] (cluster state version: 512)
[2014-02-18 15:35:53,073][INFO ][search.aggregations.bucket] [MinDocCountTests#testLongScriptCountDesc]: cleaning up after test
[2014-02-18 15:35:53,074][INFO ][cluster.metadata         ] [node_0] [idx] deleting index
[2014-02-18 15:35:53,128][INFO ][search.aggregations.bucket] [MinDocCountTests#testLongScriptCountDesc]: cleaned up after test
[2014-02-18 15:35:53,133][INFO ][test                     ] Test testLongScriptCountDesc(org.elasticsearch.search.aggregations.bucket.MinDocCountTests) finished
[2014-02-18 15:35:53,133][INFO ][test                     ] Test testDoubleScriptTermAsc(org.elasticsearch.search.aggregations.bucket.MinDocCountTests) started
[2014-02-18 15:35:53,138][INFO ][plugins                  ] [transport_client_node_2] loaded [], sites []
[2014-02-18 15:35:53,174][INFO ][plugins                  ] [transport_client_node_0] loaded [], sites []
[2014-02-18 15:35:53,200][INFO ][search.aggregations.bucket] [MinDocCountTests#testDoubleScriptTermAsc]: before test
[2014-02-18 15:35:53,212][INFO ][cluster.metadata         ] [node_0] [idx] creating index, cause [api], shards [3]/[1], mappings []
[2014-02-18 15:35:53,267][INFO ][search.aggregations.bucket] Index [70] docs async: [true] bulk: [false]
[2014-02-18 15:35:53,344][INFO ][cluster.metadata         ] [node_0] [idx] update_mapping [type] (dynamic)
[2014-02-18 15:35:54,016][TRACE][action.search.type       ] [node_0] Moving to second phase, based on results from: [tbUF3y2YTPm1TPdTF8YBYw][idx][0],[tbUF3y2YTPm1TPdTF8YBYw][idx][2],[Y-GAf-d9TnWBgKZR_Cw0qw][idx][1] (cluster state version: 520)
[2014-02-18 15:35:54,030][TRACE][action.search.type       ] [node_2] Moving to second phase, based on results from: [YDkOVpQ0RLKhdd4JNL-RIg][idx][0],[tbUF3y2YTPm1TPdTF8YBYw][idx][2],[Y-GAf-d9TnWBgKZR_Cw0qw][idx][1] (cluster state version: 520)
[2014-02-18 15:35:54,039][TRACE][action.search.type       ] [node_0] Moving to second phase, based on results from: [YDkOVpQ0RLKhdd4JNL-RIg][idx][0],[Y-GAf-d9TnWBgKZR_Cw0qw][idx][2],[YDkOVpQ0RLKhdd4JNL-RIg][idx][1] (cluster state version: 520)
[2014-02-18 15:35:54,045][TRACE][action.search.type       ] [node_1] Moving to second phase, based on results from: [YDkOVpQ0RLKhdd4JNL-RIg][idx][0],[Y-GAf-d9TnWBgKZR_Cw0qw][idx][2],[Y-GAf-d9TnWBgKZR_Cw0qw][idx][1] (cluster state version: 520)
[2014-02-18 15:35:54,050][TRACE][action.search.type       ] [node_2] Moving to second phase, based on results from: [tbUF3y2YTPm1TPdTF8YBYw][idx][0],[Y-GAf-d9TnWBgKZR_Cw0qw][idx][2],[YDkOVpQ0RLKhdd4JNL-RIg][idx][1] (cluster state version: 520)
[2014-02-18 15:35:54,060][TRACE][action.search.type       ] [node_2] Moving to second phase, based on results from: [YDkOVpQ0RLKhdd4JNL-RIg][idx][0],[tbUF3y2YTPm1TPdTF8YBYw][idx][2],[Y-GAf-d9TnWBgKZR_Cw0qw][idx][1] (cluster state version: 520)
[2014-02-18 15:35:54,066][TRACE][action.search.type       ] [node_0] Moving to second phase, based on results from: [tbUF3y2YTPm1TPdTF8YBYw][idx][0],[tbUF3y2YTPm1TPdTF8YBYw][idx][2],[Y-GAf-d9TnWBgKZR_Cw0qw][idx][1] (cluster state version: 520)
[2014-02-18 15:35:54,069][TRACE][action.search.type       ] [node_0] Moving to second phase, based on results from: [YDkOVpQ0RLKhdd4JNL-RIg][idx][0],[Y-GAf-d9TnWBgKZR_Cw0qw][idx][2],[YDkOVpQ0RLKhdd4JNL-RIg][idx][1] (cluster state version: 520)
[2014-02-18 15:35:54,074][TRACE][action.search.type       ] [node_1] Moving to second phase, based on results from: [tbUF3y2YTPm1TPdTF8YBYw][idx][0],[tbUF3y2YTPm1TPdTF8YBYw][idx][2],[YDkOVpQ0RLKhdd4JNL-RIg][idx][1] (cluster state version: 520)
[2014-02-18 15:35:54,079][TRACE][action.search.type       ] [node_0] Moving to second phase, based on results from: [tbUF3y2YTPm1TPdTF8YBYw][idx][0],[tbUF3y2YTPm1TPdTF8YBYw][idx][2],[Y-GAf-d9TnWBgKZR_Cw0qw][idx][1] (cluster state version: 520)
[2014-02-18 15:35:54,082][TRACE][action.search.type       ] [node_1] Moving to second phase, based on results from: [YDkOVpQ0RLKhdd4JNL-RIg][idx][0],[Y-GAf-d9TnWBgKZR_Cw0qw][idx][2],[Y-GAf-d9TnWBgKZR_Cw0qw][idx][1] (cluster state version: 520)
[2014-02-18 15:35:54,086][TRACE][action.search.type       ] [node_2] Moving to second phase, based on results from: [tbUF3y2YTPm1TPdTF8YBYw][idx][0],[Y-GAf-d9TnWBgKZR_Cw0qw][idx][2],[YDkOVpQ0RLKhdd4JNL-RIg][idx][1] (cluster state version: 520)
[2014-02-18 15:35:54,090][TRACE][action.search.type       ] [node_1] Moving to second phase, based on results from: [tbUF3y2YTPm1TPdTF8YBYw][idx][0],[tbUF3y2YTPm1TPdTF8YBYw][idx][2],[YDkOVpQ0RLKhdd4JNL-RIg][idx][1] (cluster state version: 520)
[2014-02-18 15:35:54,093][TRACE][action.search.type       ] [node_1] Moving to second phase, based on results from: [YDkOVpQ0RLKhdd4JNL-RIg][idx][0],[Y-GAf-d9TnWBgKZR_Cw0qw][idx][2],[Y-GAf-d9TnWBgKZR_Cw0qw][idx][1] (cluster state version: 520)
[2014-02-18 15:35:54,097][TRACE][action.search.type       ] [node_1] Moving to second phase, based on results from: [tbUF3y2YTPm1TPdTF8YBYw][idx][0],[tbUF3y2YTPm1TPdTF8YBYw][idx][2],[YDkOVpQ0RLKhdd4JNL-RIg][idx][1] (cluster state version: 520)
[2014-02-18 15:35:54,101][TRACE][action.search.type       ] [node_1] Moving to second phase, based on results from: [YDkOVpQ0RLKhdd4JNL-RIg][idx][0],[Y-GAf-d9TnWBgKZR_Cw0qw][idx][2],[Y-GAf-d9TnWBgKZR_Cw0qw][idx][1] (cluster state version: 520)
[2014-02-18 15:35:54,106][TRACE][action.search.type       ] [node_2] Moving to second phase, based on results from: [YDkOVpQ0RLKhdd4JNL-RIg][idx][0],[tbUF3y2YTPm1TPdTF8YBYw][idx][2],[Y-GAf-d9TnWBgKZR_Cw0qw][idx][1] (cluster state version: 520)
[2014-02-18 15:35:54,112][TRACE][action.search.type       ] [node_2] Moving to second phase, based on results from: [tbUF3y2YTPm1TPdTF8YBYw][idx][0],[Y-GAf-d9TnWBgKZR_Cw0qw][idx][2],[YDkOVpQ0RLKhdd4JNL-RIg][idx][1] (cluster state version: 520)
[2014-02-18 15:35:54,116][TRACE][action.search.type       ] [node_2] Moving to second phase, based on results from: [YDkOVpQ0RLKhdd4JNL-RIg][idx][0],[tbUF3y2YTPm1TPdTF8YBYw][idx][2],[Y-GAf-d9TnWBgKZR_Cw0qw][idx][1] (cluster state version: 520)
[2014-02-18 15:35:54,122][TRACE][action.search.type       ] [node_0] Moving to second phase, based on results from: [YDkOVpQ0RLKhdd4JNL-RIg][idx][0],[Y-GAf-d9TnWBgKZR_Cw0qw][idx][2],[YDkOVpQ0RLKhdd4JNL-RIg][idx][1] (cluster state version: 520)
[2014-02-18 15:35:54,127][TRACE][action.search.type       ] [node_2] Moving to second phase, based on results from: [tbUF3y2YTPm1TPdTF8YBYw][idx][0],[Y-GAf-d9TnWBgKZR_Cw0qw][idx][2],[YDkOVpQ0RLKhdd4JNL-RIg][idx][1] (cluster state version: 520)
[2014-02-18 15:35:54,128][INFO ][search.aggregations.bucket] [MinDocCountTests#testDoubleScriptTermAsc]: cleaning up after test
[2014-02-18 15:35:54,129][INFO ][cluster.metadata         ] [node_0] [idx] deleting index
[2014-02-18 15:35:54,163][INFO ][search.aggregations.bucket] [MinDocCountTests#testDoubleScriptTermAsc]: cleaned up after test
[2014-02-18 15:35:54,171][INFO ][test                     ] Test testDoubleScriptTermAsc(org.elasticsearch.search.aggregations.bucket.MinDocCountTests) finished
[2014-02-18 15:35:54,172][INFO ][test                     ] Test testStringScriptCountAscWithInclude(org.elasticsearch.search.aggregations.bucket.MinDocCountTests) started
[2014-02-18 15:35:54,175][INFO ][plugins                  ] [transport_client_node_2] loaded [], sites []
[2014-02-18 15:35:54,209][INFO ][plugins                  ] [transport_client_node_1] loaded [], sites []
[2014-02-18 15:35:54,238][INFO ][search.aggregations.bucket] [MinDocCountTests#testStringScriptCountAscWithInclude]: before test
[2014-02-18 15:35:54,251][INFO ][cluster.metadata         ] [node_0] [idx] creating index, cause [api], shards [4]/[0], mappings []
[2014-02-18 15:35:54,320][INFO ][search.aggregations.bucket] Index [135] docs async: [true] bulk: [false]
[2014-02-18 15:35:54,401][INFO ][cluster.metadata         ] [node_0] [idx] update_mapping [type] (dynamic)
[2014-02-18 15:35:54,962][TRACE][action.search.type       ] [node_2] Moving to second phase, based on results from: [tbUF3y2YTPm1TPdTF8YBYw][idx][0],[tbUF3y2YTPm1TPdTF8YBYw][idx][3],[Y-GAf-d9TnWBgKZR_Cw0qw][idx][2],[YDkOVpQ0RLKhdd4JNL-RIg][idx][1] (cluster state version: 526)
[2014-02-18 15:35:54,971][TRACE][action.search.type       ] [node_0] Moving to second phase, based on results from: [tbUF3y2YTPm1TPdTF8YBYw][idx][0],[tbUF3y2YTPm1TPdTF8YBYw][idx][3],[Y-GAf-d9TnWBgKZR_Cw0qw][idx][2],[YDkOVpQ0RLKhdd4JNL-RIg][idx][1] (cluster state version: 526)
[2014-02-18 15:35:54,978][TRACE][action.search.type       ] [node_1] Moving to second phase, based on results from: [tbUF3y2YTPm1TPdTF8YBYw][idx][0],[tbUF3y2YTPm1TPdTF8YBYw][idx][3],[Y-GAf-d9TnWBgKZR_Cw0qw][idx][2],[YDkOVpQ0RLKhdd4JNL-RIg][idx][1] (cluster state version: 526)
[2014-02-18 15:35:54,984][TRACE][action.search.type       ] [node_2] Moving to second phase, based on results from: [tbUF3y2YTPm1TPdTF8YBYw][idx][0],[tbUF3y2YTPm1TPdTF8YBYw][idx][3],[Y-GAf-d9TnWBgKZR_Cw0qw][idx][2],[YDkOVpQ0RLKhdd4JNL-RIg][idx][1] (cluster state version: 526)
[2014-02-18 15:35:54,990][TRACE][action.search.type       ] [node_1] Moving to second phase, based on results from: [tbUF3y2YTPm1TPdTF8YBYw][idx][0],[tbUF3y2YTPm1TPdTF8YBYw][idx][3],[Y-GAf-d9TnWBgKZR_Cw0qw][idx][2],[YDkOVpQ0RLKhdd4JNL-RIg][idx][1] (cluster state version: 526)
[2014-02-18 15:35:54,995][TRACE][action.search.type       ] [node_2] Moving to second phase, based on results from: [tbUF3y2YTPm1TPdTF8YBYw][idx][0],[tbUF3y2YTPm1TPdTF8YBYw][idx][3],[Y-GAf-d9TnWBgKZR_Cw0qw][idx][2],[YDkOVpQ0RLKhdd4JNL-RIg][idx][1] (cluster state version: 526)
[2014-02-18 15:35:55,001][TRACE][action.search.type       ] [node_0] Moving to second phase, based on results from: [tbUF3y2YTPm1TPdTF8YBYw][idx][0],[tbUF3y2YTPm1TPdTF8YBYw][idx][3],[Y-GAf-d9TnWBgKZR_Cw0qw][idx][2],[YDkOVpQ0RLKhdd4JNL-RIg][idx][1] (cluster state version: 526)
[2014-02-18 15:35:55,025][TRACE][action.search.type       ] [node_0] Moving to second phase, based on results from: [tbUF3y2YTPm1TPdTF8YBYw][idx][0],[tbUF3y2YTPm1TPdTF8YBYw][idx][3],[Y-GAf-d9TnWBgKZR_Cw0qw][idx][2],[YDkOVpQ0RLKhdd4JNL-RIg][idx][1] (cluster state version: 526)
[2014-02-18 15:35:55,033][TRACE][action.search.type       ] [node_2] Moving to second phase, based on results from: [tbUF3y2YTPm1TPdTF8YBYw][idx][0],[tbUF3y2YTPm1TPdTF8YBYw][idx][3],[Y-GAf-d9TnWBgKZR_Cw0qw][idx][2],[YDkOVpQ0RLKhdd4JNL-RIg][idx][1] (cluster state version: 526)
[2014-02-18 15:35:55,043][TRACE][action.search.type       ] [node_2] Moving to second phase, based on results from: [tbUF3y2YTPm1TPdTF8YBYw][idx][0],[tbUF3y2YTPm1TPdTF8YBYw][idx][3],[Y-GAf-d9TnWBgKZR_Cw0qw][idx][2],[YDkOVpQ0RLKhdd4JNL-RIg][idx][1] (cluster state version: 526)
[2014-02-18 15:35:55,051][TRACE][action.search.type       ] [node_1] Moving to second phase, based on results from: [tbUF3y2YTPm1TPdTF8YBYw][idx][0],[tbUF3y2YTPm1TPdTF8YBYw][idx][3],[Y-GAf-d9TnWBgKZR_Cw0qw][idx][2],[YDkOVpQ0RLKhdd4JNL-RIg][idx][1] (cluster state version: 526)
[2014-02-18 15:35:55,061][TRACE][action.search.type       ] [node_2] Moving to second phase, based on results from: [tbUF3y2YTPm1TPdTF8YBYw][idx][0],[tbUF3y2YTPm1TPdTF8YBYw][idx][3],[Y-GAf-d9TnWBgKZR_Cw0qw][idx][2],[YDkOVpQ0RLKhdd4JNL-RIg][idx][1] (cluster state version: 526)
[2014-02-18 15:35:55,068][TRACE][action.search.type       ] [node_0] Moving to second phase, based on results from: [tbUF3y2YTPm1TPdTF8YBYw][idx][0],[tbUF3y2YTPm1TPdTF8YBYw][idx][3],[Y-GAf-d9TnWBgKZR_Cw0qw][idx][2],[YDkOVpQ0RLKhdd4JNL-RIg][idx][1] (cluster state version: 526)
[2014-02-18 15:35:55,075][TRACE][action.search.type       ] [node_0] Moving to second phase, based on results from: [tbUF3y2YTPm1TPdTF8YBYw][idx][0],[tbUF3y2YTPm1TPdTF8YBYw][idx][3],[Y-GAf-d9TnWBgKZR_Cw0qw][idx][2],[YDkOVpQ0RLKhdd4JNL-RIg][idx][1] (cluster state version: 526)
[2014-02-18 15:35:55,081][TRACE][action.search.type       ] [node_2] Moving to second phase, based on results from: [tbUF3y2YTPm1TPdTF8YBYw][idx][0],[tbUF3y2YTPm1TPdTF8YBYw][idx][3],[Y-GAf-d9TnWBgKZR_Cw0qw][idx][2],[YDkOVpQ0RLKhdd4JNL-RIg][idx][1] (cluster state version: 526)
[2014-02-18 15:35:55,087][TRACE][action.search.type       ] [node_2] Moving to second phase, based on results from: [tbUF3y2YTPm1TPdTF8YBYw][idx][0],[tbUF3y2YTPm1TPdTF8YBYw][idx][3],[Y-GAf-d9TnWBgKZR_Cw0qw][idx][2],[YDkOVpQ0RLKhdd4JNL-RIg][idx][1] (cluster state version: 526)
[2014-02-18 15:35:55,093][TRACE][action.search.type       ] [node_2] Moving to second phase, based on results from: [tbUF3y2YTPm1TPdTF8YBYw][idx][0],[tbUF3y2YTPm1TPdTF8YBYw][idx][3],[Y-GAf-d9TnWBgKZR_Cw0qw][idx][2],[YDkOVpQ0RLKhdd4JNL-RIg][idx][1] (cluster state version: 526)
[2014-02-18 15:35:55,100][TRACE][action.search.type       ] [node_2] Moving to second phase, based on results from: [tbUF3y2YTPm1TPdTF8YBYw][idx][0],[tbUF3y2YTPm1TPdTF8YBYw][idx][3],[Y-GAf-d9TnWBgKZR_Cw0qw][idx][2],[YDkOVpQ0RLKhdd4JNL-RIg][idx][1] (cluster state version: 526)
[2014-02-18 15:35:55,105][TRACE][action.search.type       ] [node_1] Moving to second phase, based on results from: [tbUF3y2YTPm1TPdTF8YBYw][idx][0],[tbUF3y2YTPm1TPdTF8YBYw][idx][3],[Y-GAf-d9TnWBgKZR_Cw0qw][idx][2],[YDkOVpQ0RLKhdd4JNL-RIg][idx][1] (cluster state version: 526)
[2014-02-18 15:35:55,112][TRACE][action.search.type       ] [node_0] Moving to second phase, based on results from: [tbUF3y2YTPm1TPdTF8YBYw][idx][0],[tbUF3y2YTPm1TPdTF8YBYw][idx][3],[Y-GAf-d9TnWBgKZR_Cw0qw][idx][2],[YDkOVpQ0RLKhdd4JNL-RIg][idx][1] (cluster state version: 526)
[2014-02-18 15:35:55,117][TRACE][action.search.type       ] [node_1] Moving to second phase, based on results from: [tbUF3y2YTPm1TPdTF8YBYw][idx][0],[tbUF3y2YTPm1TPdTF8YBYw][idx][3],[Y-GAf-d9TnWBgKZR_Cw0qw][idx][2],[YDkOVpQ0RLKhdd4JNL-RIg][idx][1] (cluster state version: 526)
[2014-02-18 15:35:55,118][INFO ][search.aggregations.bucket] [MinDocCountTests#testStringScriptCountAscWithInclude]: cleaning up after test
[2014-02-18 15:35:55,120][INFO ][cluster.metadata         ] [node_0] [idx] deleting index
[2014-02-18 15:35:55,156][INFO ][search.aggregations.bucket] [MinDocCountTests#testStringScriptCountAscWithInclude]: cleaned up after test
[2014-02-18 15:35:55,166][INFO ][test                     ] Test testStringScriptCountAscWithInclude(org.elasticsearch.search.aggregations.bucket.MinDocCountTests) finished
[2014-02-18 15:35:55,167][INFO ][test                     ] Test testDoubleCountAsc(org.elasticsearch.search.aggregations.bucket.MinDocCountTests) started
[2014-02-18 15:35:55,171][INFO ][plugins                  ] [transport_client_node_0] loaded [], sites []
[2014-02-18 15:35:55,199][INFO ][plugins                  ] [transport_client_node_2] loaded [], sites []
[2014-02-18 15:35:55,229][INFO ][search.aggregations.bucket] [MinDocCountTests#testDoubleCountAsc]: before test
[2014-02-18 15:35:55,238][INFO ][cluster.metadata         ] [node_0] [idx] creating index, cause [api], shards [5]/[0], mappings []
[2014-02-18 15:35:55,311][INFO ][search.aggregations.bucket] Index [41] docs async: [true] bulk: [false]
[2014-02-18 15:35:55,319][INFO ][cluster.metadata         ] [node_0] [idx] update_mapping [type] (dynamic)
[2014-02-18 15:35:56,165][TRACE][action.search.type       ] [node_1] Moving to second phase, based on results from: [YDkOVpQ0RLKhdd4JNL-RIg][idx][4],[tbUF3y2YTPm1TPdTF8YBYw][idx][3],[Y-GAf-d9TnWBgKZR_Cw0qw][idx][2],[YDkOVpQ0RLKhdd4JNL-RIg][idx][1],[tbUF3y2YTPm1TPdTF8YBYw][idx][0] (cluster state version: 532)
[2014-02-18 15:35:56,172][TRACE][action.search.type       ] [node_1] Moving to second phase, based on results from: [YDkOVpQ0RLKhdd4JNL-RIg][idx][4],[tbUF3y2YTPm1TPdTF8YBYw][idx][3],[Y-GAf-d9TnWBgKZR_Cw0qw][idx][2],[YDkOVpQ0RLKhdd4JNL-RIg][idx][1],[tbUF3y2YTPm1TPdTF8YBYw][idx][0] (cluster state version: 532)
[2014-02-18 15:35:56,178][TRACE][action.search.type       ] [node_0] Moving to second phase, based on results from: [YDkOVpQ0RLKhdd4JNL-RIg][idx][4],[tbUF3y2YTPm1TPdTF8YBYw][idx][3],[Y-GAf-d9TnWBgKZR_Cw0qw][idx][2],[YDkOVpQ0RLKhdd4JNL-RIg][idx][1],[tbUF3y2YTPm1TPdTF8YBYw][idx][0] (cluster state version: 532)
[2014-02-18 15:35:56,183][TRACE][action.search.type       ] [node_0] Moving to second phase, based on results from: [YDkOVpQ0RLKhdd4JNL-RIg][idx][4],[tbUF3y2YTPm1TPdTF8YBYw][idx][3],[Y-GAf-d9TnWBgKZR_Cw0qw][idx][2],[YDkOVpQ0RLKhdd4JNL-RIg][idx][1],[tbUF3y2YTPm1TPdTF8YBYw][idx][0] (cluster state version: 532)
[2014-02-18 15:35:56,188][TRACE][action.search.type       ] [node_1] Moving to second phase, based on results from: [YDkOVpQ0RLKhdd4JNL-RIg][idx][4],[tbUF3y2YTPm1TPdTF8YBYw][idx][3],[Y-GAf-d9TnWBgKZR_Cw0qw][idx][2],[YDkOVpQ0RLKhdd4JNL-RIg][idx][1],[tbUF3y2YTPm1TPdTF8YBYw][idx][0] (cluster state version: 532)
[2014-02-18 15:35:56,192][TRACE][action.search.type       ] [node_0] Moving to second phase, based on results from: [YDkOVpQ0RLKhdd4JNL-RIg][idx][4],[tbUF3y2YTPm1TPdTF8YBYw][idx][3],[Y-GAf-d9TnWBgKZR_Cw0qw][idx][2],[YDkOVpQ0RLKhdd4JNL-RIg][idx][1],[tbUF3y2YTPm1TPdTF8YBYw][idx][0] (cluster state version: 532)
[2014-02-18 15:35:56,196][TRACE][action.search.type       ] [node_2] Moving to second phase, based on results from: [YDkOVpQ0RLKhdd4JNL-RIg][idx][4],[tbUF3y2YTPm1TPdTF8YBYw][idx][3],[Y-GAf-d9TnWBgKZR_Cw0qw][idx][2],[YDkOVpQ0RLKhdd4JNL-RIg][idx][1],[tbUF3y2YTPm1TPdTF8YBYw][idx][0] (cluster state version: 532)
[2014-02-18 15:35:56,201][TRACE][action.search.type       ] [node_2] Moving to second phase, based on results from: [YDkOVpQ0RLKhdd4JNL-RIg][idx][4],[tbUF3y2YTPm1TPdTF8YBYw][idx][3],[Y-GAf-d9TnWBgKZR_Cw0qw][idx][2],[YDkOVpQ0RLKhdd4JNL-RIg][idx][1],[tbUF3y2YTPm1TPdTF8YBYw][idx][0] (cluster state version: 532)
[2014-02-18 15:35:56,204][TRACE][action.search.type       ] [node_1] Moving to second phase, based on results from: [YDkOVpQ0RLKhdd4JNL-RIg][idx][4],[tbUF3y2YTPm1TPdTF8YBYw][idx][3],[Y-GAf-d9TnWBgKZR_Cw0qw][idx][2],[YDkOVpQ0RLKhdd4JNL-RIg][idx][1],[tbUF3y2YTPm1TPdTF8YBYw][idx][0] (cluster state version: 532)
[2014-02-18 15:35:56,209][TRACE][action.search.type       ] [node_1] Moving to second phase, based on results from: [YDkOVpQ0RLKhdd4JNL-RIg][idx][4],[tbUF3y2YTPm1TPdTF8YBYw][idx][3],[Y-GAf-d9TnWBgKZR_Cw0qw][idx][2],[YDkOVpQ0RLKhdd4JNL-RIg][idx][1],[tbUF3y2YTPm1TPdTF8YBYw][idx][0] (cluster state version: 532)
[2014-02-18 15:35:56,213][TRACE][action.search.type       ] [node_1] Moving to second phase, based on results from: [YDkOVpQ0RLKhdd4JNL-RIg][idx][4],[tbUF3y2YTPm1TPdTF8YBYw][idx][3],[Y-GAf-d9TnWBgKZR_Cw0qw][idx][2],[YDkOVpQ0RLKhdd4JNL-RIg][idx][1],[tbUF3y2YTPm1TPdTF8YBYw][idx][0] (cluster state version: 532)
[2014-02-18 15:35:56,216][TRACE][action.search.type       ] [node_1] Moving to second phase, based on results from: [YDkOVpQ0RLKhdd4JNL-RIg][idx][4],[tbUF3y2YTPm1TPdTF8YBYw][idx][3],[Y-GAf-d9TnWBgKZR_Cw0qw][idx][2],[YDkOVpQ0RLKhdd4JNL-RIg][idx][1],[tbUF3y2YTPm1TPdTF8YBYw][idx][0] (cluster state version: 532)
[2014-02-18 15:35:56,220][TRACE][action.search.type       ] [node_1] Moving to second phase, based on results from: [YDkOVpQ0RLKhdd4JNL-RIg][idx][4],[tbUF3y2YTPm1TPdTF8YBYw][idx][3],[Y-GAf-d9TnWBgKZR_Cw0qw][idx][2],[YDkOVpQ0RLKhdd4JNL-RIg][idx][1],[tbUF3y2YTPm1TPdTF8YBYw][idx][0] (cluster state version: 532)
[2014-02-18 15:35:56,223][TRACE][action.search.type       ] [node_2] Moving to second phase, based on results from: [YDkOVpQ0RLKhdd4JNL-RIg][idx][4],[tbUF3y2YTPm1TPdTF8YBYw][idx][3],[Y-GAf-d9TnWBgKZR_Cw0qw][idx][2],[YDkOVpQ0RLKhdd4JNL-RIg][idx][1],[tbUF3y2YTPm1TPdTF8YBYw][idx][0] (cluster state version: 532)
[2014-02-18 15:35:56,227][TRACE][action.search.type       ] [node_1] Moving to second phase, based on results from: [YDkOVpQ0RLKhdd4JNL-RIg][idx][4],[tbUF3y2YTPm1TPdTF8YBYw][idx][3],[Y-GAf-d9TnWBgKZR_Cw0qw][idx][2],[YDkOVpQ0RLKhdd4JNL-RIg][idx][1],[tbUF3y2YTPm1TPdTF8YBYw][idx][0] (cluster state version: 532)
[2014-02-18 15:35:56,231][TRACE][action.search.type       ] [node_2] Moving to second phase, based on results from: [YDkOVpQ0RLKhdd4JNL-RIg][idx][4],[tbUF3y2YTPm1TPdTF8YBYw][idx][3],[Y-GAf-d9TnWBgKZR_Cw0qw][idx][2],[YDkOVpQ0RLKhdd4JNL-RIg][idx][1],[tbUF3y2YTPm1TPdTF8YBYw][idx][0] (cluster state version: 532)
[2014-02-18 15:35:56,234][TRACE][action.search.type       ] [node_1] Moving to second phase, based on results from: [YDkOVpQ0RLKhdd4JNL-RIg][idx][4],[tbUF3y2YTPm1TPdTF8YBYw][idx][3],[Y-GAf-d9TnWBgKZR_Cw0qw][idx][2],[YDkOVpQ0RLKhdd4JNL-RIg][idx][1],[tbUF3y2YTPm1TPdTF8YBYw][idx][0] (cluster state version: 532)
[2014-02-18 15:35:56,238][TRACE][action.search.type       ] [node_1] Moving to second phase, based on results from: [YDkOVpQ0RLKhdd4JNL-RIg][idx][4],[tbUF3y2YTPm1TPdTF8YBYw][idx][3],[Y-GAf-d9TnWBgKZR_Cw0qw][idx][2],[YDkOVpQ0RLKhdd4JNL-RIg][idx][1],[tbUF3y2YTPm1TPdTF8YBYw][idx][0] (cluster state version: 532)
[2014-02-18 15:35:56,241][TRACE][action.search.type       ] [node_0] Moving to second phase, based on results from: [YDkOVpQ0RLKhdd4JNL-RIg][idx][4],[tbUF3y2YTPm1TPdTF8YBYw][idx][3],[Y-GAf-d9TnWBgKZR_Cw0qw][idx][2],[YDkOVpQ0RLKhdd4JNL-RIg][idx][1],[tbUF3y2YTPm1TPdTF8YBYw][idx][0] (cluster state version: 532)
[2014-02-18 15:35:56,245][TRACE][action.search.type       ] [node_1] Moving to second phase, based on results from: [YDkOVpQ0RLKhdd4JNL-RIg][idx][4],[tbUF3y2YTPm1TPdTF8YBYw][idx][3],[Y-GAf-d9TnWBgKZR_Cw0qw][idx][2],[YDkOVpQ0RLKhdd4JNL-RIg][idx][1],[tbUF3y2YTPm1TPdTF8YBYw][idx][0] (cluster state version: 532)
[2014-02-18 15:35:56,250][TRACE][action.search.type       ] [node_0] Moving to second phase, based on results from: [YDkOVpQ0RLKhdd4JNL-RIg][idx][4],[tbUF3y2YTPm1TPdTF8YBYw][idx][3],[Y-GAf-d9TnWBgKZR_Cw0qw][idx][2],[YDkOVpQ0RLKhdd4JNL-RIg][idx][1],[tbUF3y2YTPm1TPdTF8YBYw][idx][0] (cluster state version: 532)
[2014-02-18 15:35:56,250][INFO ][search.aggregations.bucket] [MinDocCountTests#testDoubleCountAsc]: cleaning up after test
[2014-02-18 15:35:56,251][INFO ][cluster.metadata         ] [node_0] [idx] deleting index
[2014-02-18 15:35:56,289][INFO ][search.aggregations.bucket] [MinDocCountTests#testDoubleCountAsc]: cleaned up after test
[2014-02-18 15:35:56,298][INFO ][test                     ] Test testDoubleCountAsc(org.elasticsearch.search.aggregations.bucket.MinDocCountTests) finished
[2014-02-18 15:35:56,299][INFO ][test                     ] Test testLongScriptCountAsc(org.elasticsearch.search.aggregations.bucket.MinDocCountTests) started
[2014-02-18 15:35:56,303][INFO ][search.aggregations.bucket] [MinDocCountTests#testLongScriptCountAsc]: before test
[2014-02-18 15:35:56,317][INFO ][cluster.metadata         ] [node_0] [idx] creating index, cause [api], shards [1]/[1], mappings []
[2014-02-18 15:35:56,347][INFO ][search.aggregations.bucket] Index [116] docs async: [true] bulk: [false]
[2014-02-18 15:35:56,433][INFO ][cluster.metadata         ] [node_0] [idx] update_mapping [type] (dynamic)
[2014-02-18 15:35:56,950][TRACE][action.search.type       ] [node_2] Moving to second phase, based on results from: [YDkOVpQ0RLKhdd4JNL-RIg][idx][0] (cluster state version: 539)
[2014-02-18 15:35:56,962][TRACE][action.search.type       ] [node_2] Moving to second phase, based on results from: [tbUF3y2YTPm1TPdTF8YBYw][idx][0] (cluster state version: 539)
[2014-02-18 15:35:56,966][TRACE][action.search.type       ] [node_2] Moving to second phase, based on results from: [YDkOVpQ0RLKhdd4JNL-RIg][idx][0] (cluster state version: 539)
[2014-02-18 15:35:56,970][TRACE][action.search.type       ] [node_1] Moving to second phase, based on results from: [YDkOVpQ0RLKhdd4JNL-RIg][idx][0] (cluster state version: 539)
[2014-02-18 15:35:56,974][TRACE][action.search.type       ] [node_1] Moving to second phase, based on results from: [tbUF3y2YTPm1TPdTF8YBYw][idx][0] (cluster state version: 539)
[2014-02-18 15:35:56,978][TRACE][action.search.type       ] [node_0] Moving to second phase, based on results from: [YDkOVpQ0RLKhdd4JNL-RIg][idx][0] (cluster state version: 539)
[2014-02-18 15:35:56,991][TRACE][action.search.type       ] [node_0] Moving to second phase, based on results from: [tbUF3y2YTPm1TPdTF8YBYw][idx][0] (cluster state version: 539)
[2014-02-18 15:35:56,995][TRACE][action.search.type       ] [node_0] Moving to second phase, based on results from: [YDkOVpQ0RLKhdd4JNL-RIg][idx][0] (cluster state version: 539)
[2014-02-18 15:35:56,999][TRACE][action.search.type       ] [node_1] Moving to second phase, based on results from: [YDkOVpQ0RLKhdd4JNL-RIg][idx][0] (cluster state version: 539)
[2014-02-18 15:35:57,003][TRACE][action.search.type       ] [node_0] Moving to second phase, based on results from: [tbUF3y2YTPm1TPdTF8YBYw][idx][0] (cluster state version: 539)
[2014-02-18 15:35:57,008][TRACE][action.search.type       ] [node_2] Moving to second phase, based on results from: [tbUF3y2YTPm1TPdTF8YBYw][idx][0] (cluster state version: 539)
[2014-02-18 15:35:57,012][TRACE][action.search.type       ] [node_2] Moving to second phase, based on results from: [YDkOVpQ0RLKhdd4JNL-RIg][idx][0] (cluster state version: 539)
[2014-02-18 15:35:57,022][TRACE][action.search.type       ] [node_1] Moving to second phase, based on results from: [tbUF3y2YTPm1TPdTF8YBYw][idx][0] (cluster state version: 539)
[2014-02-18 15:35:57,028][TRACE][action.search.type       ] [node_0] Moving to second phase, based on results from: [YDkOVpQ0RLKhdd4JNL-RIg][idx][0] (cluster state version: 539)
[2014-02-18 15:35:57,035][TRACE][action.search.type       ] [node_2] Moving to second phase, based on results from: [tbUF3y2YTPm1TPdTF8YBYw][idx][0] (cluster state version: 539)
[2014-02-18 15:35:57,040][TRACE][action.search.type       ] [node_2] Moving to second phase, based on results from: [YDkOVpQ0RLKhdd4JNL-RIg][idx][0] (cluster state version: 539)
[2014-02-18 15:35:57,047][TRACE][action.search.type       ] [node_0] Moving to second phase, based on results from: [tbUF3y2YTPm1TPdTF8YBYw][idx][0] (cluster state version: 539)
[2014-02-18 15:35:57,052][TRACE][action.search.type       ] [node_0] Moving to second phase, based on results from: [YDkOVpQ0RLKhdd4JNL-RIg][idx][0] (cluster state version: 539)
[2014-02-18 15:35:57,058][TRACE][action.search.type       ] [node_0] Moving to second phase, based on results from: [tbUF3y2YTPm1TPdTF8YBYw][idx][0] (cluster state version: 539)
[2014-02-18 15:35:57,063][TRACE][action.search.type       ] [node_0] Moving to second phase, based on results from: [YDkOVpQ0RLKhdd4JNL-RIg][idx][0] (cluster state version: 539)
[2014-02-18 15:35:57,068][TRACE][action.search.type       ] [node_0] Moving to second phase, based on results from: [tbUF3y2YTPm1TPdTF8YBYw][idx][0] (cluster state version: 539)
[2014-02-18 15:35:57,068][INFO ][search.aggregations.bucket] [MinDocCountTests#testLongScriptCountAsc]: cleaning up after test
[2014-02-18 15:35:57,070][INFO ][cluster.metadata         ] [node_0] [idx] deleting index
[2014-02-18 15:35:57,092][INFO ][search.aggregations.bucket] [MinDocCountTests#testLongScriptCountAsc]: cleaned up after test
[2014-02-18 15:35:57,093][INFO ][test                     ] Test testLongScriptCountAsc(org.elasticsearch.search.aggregations.bucket.MinDocCountTests) finished
[2014-02-18 15:35:57,093][INFO ][test                     ] Test testHistogramCountAsc(org.elasticsearch.search.aggregations.bucket.MinDocCountTests) started
[2014-02-18 15:35:57,098][INFO ][search.aggregations.bucket] [MinDocCountTests#testHistogramCountAsc]: before test
[2014-02-18 15:35:57,110][INFO ][cluster.metadata         ] [node_0] [idx] creating index, cause [api], shards [1]/[1], mappings []
[2014-02-18 15:35:57,133][INFO ][search.aggregations.bucket] Index [37] docs async: [true] bulk: [false]
[2014-02-18 15:35:57,155][INFO ][cluster.metadata         ] [node_0] [idx] update_mapping [type] (dynamic)
[2014-02-18 15:35:57,572][TRACE][action.search.type       ] [node_1] Moving to second phase, based on results from: [tbUF3y2YTPm1TPdTF8YBYw][idx][0] (cluster state version: 546)
[2014-02-18 15:35:57,576][TRACE][action.search.type       ] [node_0] Moving to second phase, based on results from: [tbUF3y2YTPm1TPdTF8YBYw][idx][0] (cluster state version: 546)
[2014-02-18 15:35:57,579][TRACE][action.search.type       ] [node_1] Moving to second phase, based on results from: [YDkOVpQ0RLKhdd4JNL-RIg][idx][0] (cluster state version: 546)
[2014-02-18 15:35:57,582][TRACE][action.search.type       ] [node_0] Moving to second phase, based on results from: [YDkOVpQ0RLKhdd4JNL-RIg][idx][0] (cluster state version: 546)
[2014-02-18 15:35:57,585][TRACE][action.search.type       ] [node_1] Moving to second phase, based on results from: [tbUF3y2YTPm1TPdTF8YBYw][idx][0] (cluster state version: 546)
[2014-02-18 15:35:57,588][TRACE][action.search.type       ] [node_0] Moving to second phase, based on results from: [tbUF3y2YTPm1TPdTF8YBYw][idx][0] (cluster state version: 546)
[2014-02-18 15:35:57,590][TRACE][action.search.type       ] [node_1] Moving to second phase, based on results from: [YDkOVpQ0RLKhdd4JNL-RIg][idx][0] (cluster state version: 546)
[2014-02-18 15:35:57,593][TRACE][action.search.type       ] [node_0] Moving to second phase, based on results from: [YDkOVpQ0RLKhdd4JNL-RIg][idx][0] (cluster state version: 546)
[2014-02-18 15:35:57,596][TRACE][action.search.type       ] [node_0] Moving to second phase, based on results from: [tbUF3y2YTPm1TPdTF8YBYw][idx][0] (cluster state version: 546)
[2014-02-18 15:35:57,600][TRACE][action.search.type       ] [node_2] Moving to second phase, based on results from: [tbUF3y2YTPm1TPdTF8YBYw][idx][0] (cluster state version: 546)
[2014-02-18 15:35:57,603][TRACE][action.search.type       ] [node_1] Moving to second phase, based on results from: [tbUF3y2YTPm1TPdTF8YBYw][idx][0] (cluster state version: 546)
[2014-02-18 15:35:57,606][TRACE][action.search.type       ] [node_0] Moving to second phase, based on results from: [YDkOVpQ0RLKhdd4JNL-RIg][idx][0] (cluster state version: 546)
[2014-02-18 15:35:57,611][TRACE][action.search.type       ] [node_0] Moving to second phase, based on results from: [tbUF3y2YTPm1TPdTF8YBYw][idx][0] (cluster state version: 546)
[2014-02-18 15:35:57,614][TRACE][action.search.type       ] [node_1] Moving to second phase, based on results from: [YDkOVpQ0RLKhdd4JNL-RIg][idx][0] (cluster state version: 546)
[2014-02-18 15:35:57,616][TRACE][action.search.type       ] [node_2] Moving to second phase, based on results from: [YDkOVpQ0RLKhdd4JNL-RIg][idx][0] (cluster state version: 546)
[2014-02-18 15:35:57,620][TRACE][action.search.type       ] [node_1] Moving to second phase, based on results from: [tbUF3y2YTPm1TPdTF8YBYw][idx][0] (cluster state version: 546)
[2014-02-18 15:35:57,623][TRACE][action.search.type       ] [node_2] Moving to second phase, based on results from: [tbUF3y2YTPm1TPdTF8YBYw][idx][0] (cluster state version: 546)
[2014-02-18 15:35:57,626][TRACE][action.search.type       ] [node_1] Moving to second phase, based on results from: [YDkOVpQ0RLKhdd4JNL-RIg][idx][0] (cluster state version: 546)
[2014-02-18 15:35:57,628][TRACE][action.search.type       ] [node_0] Moving to second phase, based on results from: [YDkOVpQ0RLKhdd4JNL-RIg][idx][0] (cluster state version: 546)
[2014-02-18 15:35:57,631][TRACE][action.search.type       ] [node_1] Moving to second phase, based on results from: [tbUF3y2YTPm1TPdTF8YBYw][idx][0] (cluster state version: 546)
[2014-02-18 15:35:57,633][TRACE][action.search.type       ] [node_0] Moving to second phase, based on results from: [tbUF3y2YTPm1TPdTF8YBYw][idx][0] (cluster state version: 546)
[2014-02-18 15:35:57,635][TRACE][action.search.type       ] [node_2] Moving to second phase, based on results from: [YDkOVpQ0RLKhdd4JNL-RIg][idx][0] (cluster state version: 546)
[2014-02-18 15:35:57,638][TRACE][action.search.type       ] [node_0] Moving to second phase, based on results from: [YDkOVpQ0RLKhdd4JNL-RIg][idx][0] (cluster state version: 546)
[2014-02-18 15:35:57,642][TRACE][action.search.type       ] [node_2] Moving to second phase, based on results from: [tbUF3y2YTPm1TPdTF8YBYw][idx][0] (cluster state version: 546)
[2014-02-18 15:35:57,645][TRACE][action.search.type       ] [node_0] Moving to second phase, based on results from: [tbUF3y2YTPm1TPdTF8YBYw][idx][0] (cluster state version: 546)
[2014-02-18 15:35:57,647][TRACE][action.search.type       ] [node_0] Moving to second phase, based on results from: [YDkOVpQ0RLKhdd4JNL-RIg][idx][0] (cluster state version: 546)
[2014-02-18 15:35:57,649][TRACE][action.search.type       ] [node_1] Moving to second phase, based on results from: [YDkOVpQ0RLKhdd4JNL-RIg][idx][0] (cluster state version: 546)
[2014-02-18 15:35:57,651][TRACE][action.search.type       ] [node_2] Moving to second phase, based on results from: [YDkOVpQ0RLKhdd4JNL-RIg][idx][0] (cluster state version: 546)
[2014-02-18 15:35:57,654][TRACE][action.search.type       ] [node_2] Moving to second phase, based on results from: [tbUF3y2YTPm1TPdTF8YBYw][idx][0] (cluster state version: 546)
[2014-02-18 15:35:57,655][TRACE][action.search.type       ] [node_2] Moving to second phase, based on results from: [YDkOVpQ0RLKhdd4JNL-RIg][idx][0] (cluster state version: 546)
[2014-02-18 15:35:57,657][TRACE][action.search.type       ] [node_2] Moving to second phase, based on results from: [tbUF3y2YTPm1TPdTF8YBYw][idx][0] (cluster state version: 546)
[2014-02-18 15:35:57,660][TRACE][action.search.type       ] [node_1] Moving to second phase, based on results from: [tbUF3y2YTPm1TPdTF8YBYw][idx][0] (cluster state version: 546)
[2014-02-18 15:35:57,662][TRACE][action.search.type       ] [node_1] Moving to second phase, based on results from: [YDkOVpQ0RLKhdd4JNL-RIg][idx][0] (cluster state version: 546)
[2014-02-18 15:35:57,664][TRACE][action.search.type       ] [node_1] Moving to second phase, based on results from: [tbUF3y2YTPm1TPdTF8YBYw][idx][0] (cluster state version: 546)
[2014-02-18 15:35:57,666][TRACE][action.search.type       ] [node_1] Moving to second phase, based on results from: [YDkOVpQ0RLKhdd4JNL-RIg][idx][0] (cluster state version: 546)
[2014-02-18 15:35:57,668][TRACE][action.search.type       ] [node_1] Moving to second phase, based on results from: [tbUF3y2YTPm1TPdTF8YBYw][idx][0] (cluster state version: 546)
[2014-02-18 15:35:57,670][TRACE][action.search.type       ] [node_1] Moving to second phase, based on results from: [YDkOVpQ0RLKhdd4JNL-RIg][idx][0] (cluster state version: 546)
[2014-02-18 15:35:57,672][TRACE][action.search.type       ] [node_0] Moving to second phase, based on results from: [tbUF3y2YTPm1TPdTF8YBYw][idx][0] (cluster state version: 546)
[2014-02-18 15:35:57,673][TRACE][action.search.type       ] [node_0] Moving to second phase, based on results from: [YDkOVpQ0RLKhdd4JNL-RIg][idx][0] (cluster state version: 546)
[2014-02-18 15:35:57,676][TRACE][action.search.type       ] [node_1] Moving to second phase, based on results from: [tbUF3y2YTPm1TPdTF8YBYw][idx][0] (cluster state version: 546)
[2014-02-18 15:35:57,678][TRACE][action.search.type       ] [node_0] Moving to second phase, based on results from: [tbUF3y2YTPm1TPdTF8YBYw][idx][0] (cluster state version: 546)
[2014-02-18 15:35:57,679][TRACE][action.search.type       ] [node_1] Moving to second phase, based on results from: [YDkOVpQ0RLKhdd4JNL-RIg][idx][0] (cluster state version: 546)
[2014-02-18 15:35:57,680][TRACE][action.search.type       ] [node_0] Moving to second phase, based on results from: [YDkOVpQ0RLKhdd4JNL-RIg][idx][0] (cluster state version: 546)
[2014-02-18 15:35:57,682][TRACE][action.search.type       ] [node_2] Moving to second phase, based on results from: [YDkOVpQ0RLKhdd4JNL-RIg][idx][0] (cluster state version: 546)
[2014-02-18 15:35:57,684][TRACE][action.search.type       ] [node_0] Moving to second phase, based on results from: [tbUF3y2YTPm1TPdTF8YBYw][idx][0] (cluster state version: 546)
[2014-02-18 15:35:57,686][TRACE][action.search.type       ] [node_0] Moving to second phase, based on results from: [YDkOVpQ0RLKhdd4JNL-RIg][idx][0] (cluster state version: 546)
[2014-02-18 15:35:57,688][TRACE][action.search.type       ] [node_0] Moving to second phase, based on results from: [tbUF3y2YTPm1TPdTF8YBYw][idx][0] (cluster state version: 546)
[2014-02-18 15:35:57,690][TRACE][action.search.type       ] [node_0] Moving to second phase, based on results from: [YDkOVpQ0RLKhdd4JNL-RIg][idx][0] (cluster state version: 546)
[2014-02-18 15:35:57,693][TRACE][action.search.type       ] [node_1] Moving to second phase, based on results from: [tbUF3y2YTPm1TPdTF8YBYw][idx][0] (cluster state version: 546)
[2014-02-18 15:35:57,695][TRACE][action.search.type       ] [node_2] Moving to second phase, based on results from: [tbUF3y2YTPm1TPdTF8YBYw][idx][0] (cluster state version: 546)
[2014-02-18 15:35:57,697][TRACE][action.search.type       ] [node_2] Moving to second phase, based on results from: [YDkOVpQ0RLKhdd4JNL-RIg][idx][0] (cluster state version: 546)
[2014-02-18 15:35:57,697][INFO ][search.aggregations.bucket] [MinDocCountTests#testHistogramCountAsc]: cleaning up after test
[2014-02-18 15:35:57,698][INFO ][cluster.metadata         ] [node_0] [idx] deleting index
[2014-02-18 15:35:57,718][INFO ][search.aggregations.bucket] [MinDocCountTests#testHistogramCountAsc]: cleaned up after test
[2014-02-18 15:35:57,719][INFO ][test                     ] Test testHistogramCountAsc(org.elasticsearch.search.aggregations.bucket.MinDocCountTests) finished
[2014-02-18 15:35:57,719][INFO ][test                     ] Test testDateHistogramKeyDesc(org.elasticsearch.search.aggregations.bucket.MinDocCountTests) started
[2014-02-18 15:35:57,723][INFO ][plugins                  ] [transport_client_node_0] loaded [], sites []
[2014-02-18 15:35:57,748][INFO ][plugins                  ] [transport_client_node_2] loaded [], sites []
[2014-02-18 15:35:57,776][INFO ][search.aggregations.bucket] [MinDocCountTests#testDateHistogramKeyDesc]: before test
[2014-02-18 15:35:57,785][INFO ][cluster.metadata         ] [node_0] [idx] creating index, cause [api], shards [1]/[1], mappings []
[2014-02-18 15:35:57,814][INFO ][search.aggregations.bucket] Index [106] docs async: [false] bulk: [false]
[2014-02-18 15:35:57,841][INFO ][cluster.metadata         ] [node_0] [idx] update_mapping [type] (dynamic)
[2014-02-18 15:35:58,284][TRACE][action.search.type       ] [node_0] Moving to second phase, based on results from: [YDkOVpQ0RLKhdd4JNL-RIg][idx][0] (cluster state version: 553)
[2014-02-18 15:35:58,291][TRACE][action.search.type       ] [node_1] Moving to second phase, based on results from: [tbUF3y2YTPm1TPdTF8YBYw][idx][0] (cluster state version: 553)
[2014-02-18 15:35:58,294][TRACE][action.search.type       ] [node_0] Moving to second phase, based on results from: [tbUF3y2YTPm1TPdTF8YBYw][idx][0] (cluster state version: 553)
[2014-02-18 15:35:58,297][TRACE][action.search.type       ] [node_2] Moving to second phase, based on results from: [YDkOVpQ0RLKhdd4JNL-RIg][idx][0] (cluster state version: 553)
[2014-02-18 15:35:58,300][TRACE][action.search.type       ] [node_2] Moving to second phase, based on results from: [tbUF3y2YTPm1TPdTF8YBYw][idx][0] (cluster state version: 553)
[2014-02-18 15:35:58,303][TRACE][action.search.type       ] [node_2] Moving to second phase, based on results from: [YDkOVpQ0RLKhdd4JNL-RIg][idx][0] (cluster state version: 553)
[2014-02-18 15:35:58,306][TRACE][action.search.type       ] [node_1] Moving to second phase, based on results from: [YDkOVpQ0RLKhdd4JNL-RIg][idx][0] (cluster state version: 553)
[2014-02-18 15:35:58,309][TRACE][action.search.type       ] [node_2] Moving to second phase, based on results from: [tbUF3y2YTPm1TPdTF8YBYw][idx][0] (cluster state version: 553)
[2014-02-18 15:35:58,312][TRACE][action.search.type       ] [node_2] Moving to second phase, based on results from: [YDkOVpQ0RLKhdd4JNL-RIg][idx][0] (cluster state version: 553)
[2014-02-18 15:35:58,315][TRACE][action.search.type       ] [node_0] Moving to second phase, based on results from: [YDkOVpQ0RLKhdd4JNL-RIg][idx][0] (cluster state version: 553)
[2014-02-18 15:35:58,318][TRACE][action.search.type       ] [node_0] Moving to second phase, based on results from: [tbUF3y2YTPm1TPdTF8YBYw][idx][0] (cluster state version: 553)
[2014-02-18 15:35:58,321][TRACE][action.search.type       ] [node_0] Moving to second phase, based on results from: [YDkOVpQ0RLKhdd4JNL-RIg][idx][0] (cluster state version: 553)
[2014-02-18 15:35:58,324][TRACE][action.search.type       ] [node_2] Moving to second phase, based on results from: [tbUF3y2YTPm1TPdTF8YBYw][idx][0] (cluster state version: 553)
[2014-02-18 15:35:58,327][TRACE][action.search.type       ] [node_0] Moving to second phase, based on results from: [tbUF3y2YTPm1TPdTF8YBYw][idx][0] (cluster state version: 553)
[2014-02-18 15:35:58,331][TRACE][action.search.type       ] [node_0] Moving to second phase, based on results from: [YDkOVpQ0RLKhdd4JNL-RIg][idx][0] (cluster state version: 553)
[2014-02-18 15:35:58,334][TRACE][action.search.type       ] [node_0] Moving to second phase, based on results from: [tbUF3y2YTPm1TPdTF8YBYw][idx][0] (cluster state version: 553)
[2014-02-18 15:35:58,337][TRACE][action.search.type       ] [node_2] Moving to second phase, based on results from: [YDkOVpQ0RLKhdd4JNL-RIg][idx][0] (cluster state version: 553)
[2014-02-18 15:35:58,341][TRACE][action.search.type       ] [node_0] Moving to second phase, based on results from: [YDkOVpQ0RLKhdd4JNL-RIg][idx][0] (cluster state version: 553)
[2014-02-18 15:35:58,345][TRACE][action.search.type       ] [node_1] Moving to second phase, based on results from: [tbUF3y2YTPm1TPdTF8YBYw][idx][0] (cluster state version: 553)
[2014-02-18 15:35:58,349][TRACE][action.search.type       ] [node_2] Moving to second phase, based on results from: [tbUF3y2YTPm1TPdTF8YBYw][idx][0] (cluster state version: 553)
[2014-02-18 15:35:58,352][TRACE][action.search.type       ] [node_2] Moving to second phase, based on results from: [YDkOVpQ0RLKhdd4JNL-RIg][idx][0] (cluster state version: 553)
[2014-02-18 15:35:58,359][TRACE][action.search.type       ] [node_2] Moving to second phase, based on results from: [tbUF3y2YTPm1TPdTF8YBYw][idx][0] (cluster state version: 553)
[2014-02-18 15:35:58,365][TRACE][action.search.type       ] [node_1] Moving to second phase, based on results from: [YDkOVpQ0RLKhdd4JNL-RIg][idx][0] (cluster state version: 553)
[2014-02-18 15:35:58,369][TRACE][action.search.type       ] [node_2] Moving to second phase, based on results from: [YDkOVpQ0RLKhdd4JNL-RIg][idx][0] (cluster state version: 553)
[2014-02-18 15:35:58,371][TRACE][action.search.type       ] [node_0] Moving to second phase, based on results from: [tbUF3y2YTPm1TPdTF8YBYw][idx][0] (cluster state version: 553)
[2014-02-18 15:35:58,376][TRACE][action.search.type       ] [node_1] Moving to second phase, based on results from: [tbUF3y2YTPm1TPdTF8YBYw][idx][0] (cluster state version: 553)
[2014-02-18 15:35:58,381][TRACE][action.search.type       ] [node_0] Moving to second phase, based on results from: [YDkOVpQ0RLKhdd4JNL-RIg][idx][0] (cluster state version: 553)
[2014-02-18 15:35:58,384][TRACE][action.search.type       ] [node_0] Moving to second phase, based on results from: [tbUF3y2YTPm1TPdTF8YBYw][idx][0] (cluster state version: 553)
[2014-02-18 15:35:58,387][TRACE][action.search.type       ] [node_1] Moving to second phase, based on results from: [YDkOVpQ0RLKhdd4JNL-RIg][idx][0] (cluster state version: 553)
[2014-02-18 15:35:58,389][TRACE][action.search.type       ] [node_1] Moving to second phase, based on results from: [tbUF3y2YTPm1TPdTF8YBYw][idx][0] (cluster state version: 553)
[2014-02-18 15:35:58,392][TRACE][action.search.type       ] [node_2] Moving to second phase, based on results from: [tbUF3y2YTPm1TPdTF8YBYw][idx][0] (cluster state version: 553)
[2014-02-18 15:35:58,395][TRACE][action.search.type       ] [node_1] Moving to second phase, based on results from: [YDkOVpQ0RLKhdd4JNL-RIg][idx][0] (cluster state version: 553)
[2014-02-18 15:35:58,397][TRACE][action.search.type       ] [node_2] Moving to second phase, based on results from: [YDkOVpQ0RLKhdd4JNL-RIg][idx][0] (cluster state version: 553)
[2014-02-18 15:35:58,400][TRACE][action.search.type       ] [node_1] Moving to second phase, based on results from: [tbUF3y2YTPm1TPdTF8YBYw][idx][0] (cluster state version: 553)
[2014-02-18 15:35:58,403][TRACE][action.search.type       ] [node_2] Moving to second phase, based on results from: [tbUF3y2YTPm1TPdTF8YBYw][idx][0] (cluster state version: 553)
[2014-02-18 15:35:58,406][TRACE][action.search.type       ] [node_0] Moving to second phase, based on results from: [YDkOVpQ0RLKhdd4JNL-RIg][idx][0] (cluster state version: 553)
[2014-02-18 15:35:58,410][TRACE][action.search.type       ] [node_1] Moving to second phase, based on results from: [YDkOVpQ0RLKhdd4JNL-RIg][idx][0] (cluster state version: 553)
[2014-02-18 15:35:58,412][TRACE][action.search.type       ] [node_0] Moving to second phase, based on results from: [tbUF3y2YTPm1TPdTF8YBYw][idx][0] (cluster state version: 553)
[2014-02-18 15:35:58,415][TRACE][action.search.type       ] [node_0] Moving to second phase, based on results from: [YDkOVpQ0RLKhdd4JNL-RIg][idx][0] (cluster state version: 553)
[2014-02-18 15:35:58,417][TRACE][action.search.type       ] [node_2] Moving to second phase, based on results from: [YDkOVpQ0RLKhdd4JNL-RIg][idx][0] (cluster state version: 553)
[2014-02-18 15:35:58,420][TRACE][action.search.type       ] [node_0] Moving to second phase, based on results from: [tbUF3y2YTPm1TPdTF8YBYw][idx][0] (cluster state version: 553)
[2014-02-18 15:35:58,422][TRACE][action.search.type       ] [node_0] Moving to second phase, based on results from: [YDkOVpQ0RLKhdd4JNL-RIg][idx][0] (cluster state version: 553)
[2014-02-18 15:35:58,425][TRACE][action.search.type       ] [node_0] Moving to second phase, based on results from: [tbUF3y2YTPm1TPdTF8YBYw][idx][0] (cluster state version: 553)
[2014-02-18 15:35:58,428][TRACE][action.search.type       ] [node_0] Moving to second phase, based on results from: [YDkOVpQ0RLKhdd4JNL-RIg][idx][0] (cluster state version: 553)
[2014-02-18 15:35:58,430][TRACE][action.search.type       ] [node_0] Moving to second phase, based on results from: [tbUF3y2YTPm1TPdTF8YBYw][idx][0] (cluster state version: 553)
[2014-02-18 15:35:58,433][TRACE][action.search.type       ] [node_0] Moving to second phase, based on results from: [YDkOVpQ0RLKhdd4JNL-RIg][idx][0] (cluster state version: 553)
[2014-02-18 15:35:58,435][TRACE][action.search.type       ] [node_1] Moving to second phase, based on results from: [tbUF3y2YTPm1TPdTF8YBYw][idx][0] (cluster state version: 553)
[2014-02-18 15:35:58,437][TRACE][action.search.type       ] [node_0] Moving to second phase, based on results from: [tbUF3y2YTPm1TPdTF8YBYw][idx][0] (cluster state version: 553)
[2014-02-18 15:35:58,439][TRACE][action.search.type       ] [node_2] Moving to second phase, based on results from: [tbUF3y2YTPm1TPdTF8YBYw][idx][0] (cluster state version: 553)
[2014-02-18 15:35:58,441][TRACE][action.search.type       ] [node_1] Moving to second phase, based on results from: [YDkOVpQ0RLKhdd4JNL-RIg][idx][0] (cluster state version: 553)
[2014-02-18 15:35:58,442][TRACE][action.search.type       ] [node_1] Moving to second phase, based on results from: [tbUF3y2YTPm1TPdTF8YBYw][idx][0] (cluster state version: 553)
[2014-02-18 15:35:58,443][INFO ][search.aggregations.bucket] [MinDocCountTests#testDateHistogramKeyDesc]: cleaning up after test
[2014-02-18 15:35:58,444][INFO ][cluster.metadata         ] [node_0] [idx] deleting index
[2014-02-18 15:35:58,465][INFO ][search.aggregations.bucket] [MinDocCountTests#testDateHistogramKeyDesc]: cleaned up after test
[2014-02-18 15:35:58,475][INFO ][test                     ] Test testDateHistogramKeyDesc(org.elasticsearch.search.aggregations.bucket.MinDocCountTests) finished
[2014-02-18 15:35:58,475][INFO ][test                     ] Test testHistogramKeyAsc(org.elasticsearch.search.aggregations.bucket.MinDocCountTests) started
[2014-02-18 15:35:58,479][INFO ][plugins                  ] [transport_client_node_0] loaded [], sites []
[2014-02-18 15:35:58,504][INFO ][plugins                  ] [transport_client_node_1] loaded [], sites []
[2014-02-18 15:35:58,534][INFO ][search.aggregations.bucket] [MinDocCountTests#testHistogramKeyAsc]: before test
[2014-02-18 15:35:58,545][INFO ][cluster.metadata         ] [node_0] [idx] creating index, cause [api], shards [1]/[1], mappings []
[2014-02-18 15:35:58,584][INFO ][search.aggregations.bucket] Index [205] docs async: [false] bulk: [true]
[2014-02-18 15:35:58,734][INFO ][cluster.metadata         ] [node_0] [idx] update_mapping [type] (dynamic)
[2014-02-18 15:35:58,889][TRACE][action.search.type       ] [node_0] Moving to second phase, based on results from: [tbUF3y2YTPm1TPdTF8YBYw][idx][0] (cluster state version: 560)
[2014-02-18 15:35:58,894][TRACE][action.search.type       ] [node_1] Moving to second phase, based on results from: [YDkOVpQ0RLKhdd4JNL-RIg][idx][0] (cluster state version: 560)
[2014-02-18 15:35:58,897][TRACE][action.search.type       ] [node_2] Moving to second phase, based on results from: [tbUF3y2YTPm1TPdTF8YBYw][idx][0] (cluster state version: 560)
[2014-02-18 15:35:58,899][TRACE][action.search.type       ] [node_0] Moving to second phase, based on results from: [YDkOVpQ0RLKhdd4JNL-RIg][idx][0] (cluster state version: 560)
[2014-02-18 15:35:58,902][TRACE][action.search.type       ] [node_0] Moving to second phase, based on results from: [tbUF3y2YTPm1TPdTF8YBYw][idx][0] (cluster state version: 560)
[2014-02-18 15:35:58,904][TRACE][action.search.type       ] [node_2] Moving to second phase, based on results from: [YDkOVpQ0RLKhdd4JNL-RIg][idx][0] (cluster state version: 560)
[2014-02-18 15:35:58,907][TRACE][action.search.type       ] [node_0] Moving to second phase, based on results from: [YDkOVpQ0RLKhdd4JNL-RIg][idx][0] (cluster state version: 560)
[2014-02-18 15:35:58,910][TRACE][action.search.type       ] [node_1] Moving to second phase, based on results from: [tbUF3y2YTPm1TPdTF8YBYw][idx][0] (cluster state version: 560)
[2014-02-18 15:35:58,912][TRACE][action.search.type       ] [node_0] Moving to second phase, based on results from: [tbUF3y2YTPm1TPdTF8YBYw][idx][0] (cluster state version: 560)
[2014-02-18 15:35:58,916][TRACE][action.search.type       ] [node_1] Moving to second phase, based on results from: [YDkOVpQ0RLKhdd4JNL-RIg][idx][0] (cluster state version: 560)
[2014-02-18 15:35:58,919][TRACE][action.search.type       ] [node_1] Moving to second phase, based on results from: [tbUF3y2YTPm1TPdTF8YBYw][idx][0] (cluster state version: 560)
[2014-02-18 15:35:58,922][TRACE][action.search.type       ] [node_0] Moving to second phase, based on results from: [YDkOVpQ0RLKhdd4JNL-RIg][idx][0] (cluster state version: 560)
[2014-02-18 15:35:58,925][TRACE][action.search.type       ] [node_0] Moving to second phase, based on results from: [tbUF3y2YTPm1TPdTF8YBYw][idx][0] (cluster state version: 560)
[2014-02-18 15:35:58,927][TRACE][action.search.type       ] [node_2] Moving to second phase, based on results from: [tbUF3y2YTPm1TPdTF8YBYw][idx][0] (cluster state version: 560)
[2014-02-18 15:35:58,930][TRACE][action.search.type       ] [node_0] Moving to second phase, based on results from: [YDkOVpQ0RLKhdd4JNL-RIg][idx][0] (cluster state version: 560)
[2014-02-18 15:35:58,933][TRACE][action.search.type       ] [node_1] Moving to second phase, based on results from: [YDkOVpQ0RLKhdd4JNL-RIg][idx][0] (cluster state version: 560)
[2014-02-18 15:35:58,935][TRACE][action.search.type       ] [node_1] Moving to second phase, based on results from: [tbUF3y2YTPm1TPdTF8YBYw][idx][0] (cluster state version: 560)
[2014-02-18 15:35:58,937][TRACE][action.search.type       ] [node_2] Moving to second phase, based on results from: [YDkOVpQ0RLKhdd4JNL-RIg][idx][0] (cluster state version: 560)
[2014-02-18 15:35:58,940][TRACE][action.search.type       ] [node_1] Moving to second phase, based on results from: [YDkOVpQ0RLKhdd4JNL-RIg][idx][0] (cluster state version: 560)
[2014-02-18 15:35:58,942][TRACE][action.search.type       ] [node_1] Moving to second phase, based on results from: [tbUF3y2YTPm1TPdTF8YBYw][idx][0] (cluster state version: 560)
[2014-02-18 15:35:58,944][TRACE][action.search.type       ] [node_0] Moving to second phase, based on results from: [tbUF3y2YTPm1TPdTF8YBYw][idx][0] (cluster state version: 560)
[2014-02-18 15:35:58,945][TRACE][action.search.type       ] [node_2] Moving to second phase, based on results from: [tbUF3y2YTPm1TPdTF8YBYw][idx][0] (cluster state version: 560)
[2014-02-18 15:35:58,947][TRACE][action.search.type       ] [node_1] Moving to second phase, based on results from: [YDkOVpQ0RLKhdd4JNL-RIg][idx][0] (cluster state version: 560)
[2014-02-18 15:35:58,948][TRACE][action.search.type       ] [node_2] Moving to second phase, based on results from: [YDkOVpQ0RLKhdd4JNL-RIg][idx][0] (cluster state version: 560)
[2014-02-18 15:35:58,950][TRACE][action.search.type       ] [node_0] Moving to second phase, based on results from: [YDkOVpQ0RLKhdd4JNL-RIg][idx][0] (cluster state version: 560)
[2014-02-18 15:35:58,951][TRACE][action.search.type       ] [node_0] Moving to second phase, based on results from: [tbUF3y2YTPm1TPdTF8YBYw][idx][0] (cluster state version: 560)
[2014-02-18 15:35:58,953][TRACE][action.search.type       ] [node_2] Moving to second phase, based on results from: [tbUF3y2YTPm1TPdTF8YBYw][idx][0] (cluster state version: 560)
[2014-02-18 15:35:58,954][TRACE][action.search.type       ] [node_2] Moving to second phase, based on results from: [YDkOVpQ0RLKhdd4JNL-RIg][idx][0] (cluster state version: 560)
[2014-02-18 15:35:58,957][TRACE][action.search.type       ] [node_1] Moving to second phase, based on results from: [tbUF3y2YTPm1TPdTF8YBYw][idx][0] (cluster state version: 560)
[2014-02-18 15:35:58,959][TRACE][action.search.type       ] [node_1] Moving to second phase, based on results from: [YDkOVpQ0RLKhdd4JNL-RIg][idx][0] (cluster state version: 560)
[2014-02-18 15:35:58,962][TRACE][action.search.type       ] [node_1] Moving to second phase, based on results from: [tbUF3y2YTPm1TPdTF8YBYw][idx][0] (cluster state version: 560)
[2014-02-18 15:35:58,964][TRACE][action.search.type       ] [node_2] Moving to second phase, based on results from: [tbUF3y2YTPm1TPdTF8YBYw][idx][0] (cluster state version: 560)
[2014-02-18 15:35:58,966][TRACE][action.search.type       ] [node_0] Moving to second phase, based on results from: [YDkOVpQ0RLKhdd4JNL-RIg][idx][0] (cluster state version: 560)
[2014-02-18 15:35:58,967][TRACE][action.search.type       ] [node_0] Moving to second phase, based on results from: [tbUF3y2YTPm1TPdTF8YBYw][idx][0] (cluster state version: 560)
[2014-02-18 15:35:58,969][TRACE][action.search.type       ] [node_1] Moving to second phase, based on results from: [YDkOVpQ0RLKhdd4JNL-RIg][idx][0] (cluster state version: 560)
[2014-02-18 15:35:58,971][TRACE][action.search.type       ] [node_1] Moving to second phase, based on results from: [tbUF3y2YTPm1TPdTF8YBYw][idx][0] (cluster state version: 560)
[2014-02-18 15:35:58,972][TRACE][action.search.type       ] [node_0] Moving to second phase, based on results from: [YDkOVpQ0RLKhdd4JNL-RIg][idx][0] (cluster state version: 560)
[2014-02-18 15:35:58,974][TRACE][action.search.type       ] [node_0] Moving to second phase, based on results from: [tbUF3y2YTPm1TPdTF8YBYw][idx][0] (cluster state version: 560)
[2014-02-18 15:35:58,975][TRACE][action.search.type       ] [node_1] Moving to second phase, based on results from: [YDkOVpQ0RLKhdd4JNL-RIg][idx][0] (cluster state version: 560)
[2014-02-18 15:35:58,977][TRACE][action.search.type       ] [node_1] Moving to second phase, based on results from: [tbUF3y2YTPm1TPdTF8YBYw][idx][0] (cluster state version: 560)
[2014-02-18 15:35:58,978][TRACE][action.search.type       ] [node_1] Moving to second phase, based on results from: [YDkOVpQ0RLKhdd4JNL-RIg][idx][0] (cluster state version: 560)
[2014-02-18 15:35:58,980][TRACE][action.search.type       ] [node_1] Moving to second phase, based on results from: [tbUF3y2YTPm1TPdTF8YBYw][idx][0] (cluster state version: 560)
[2014-02-18 15:35:58,982][TRACE][action.search.type       ] [node_0] Moving to second phase, based on results from: [YDkOVpQ0RLKhdd4JNL-RIg][idx][0] (cluster state version: 560)
[2014-02-18 15:35:58,983][TRACE][action.search.type       ] [node_2] Moving to second phase, based on results from: [YDkOVpQ0RLKhdd4JNL-RIg][idx][0] (cluster state version: 560)
[2014-02-18 15:35:58,985][TRACE][action.search.type       ] [node_2] Moving to second phase, based on results from: [tbUF3y2YTPm1TPdTF8YBYw][idx][0] (cluster state version: 560)
[2014-02-18 15:35:58,987][TRACE][action.search.type       ] [node_1] Moving to second phase, based on results from: [YDkOVpQ0RLKhdd4JNL-RIg][idx][0] (cluster state version: 560)
[2014-02-18 15:35:58,988][TRACE][action.search.type       ] [node_2] Moving to second phase, based on results from: [YDkOVpQ0RLKhdd4JNL-RIg][idx][0] (cluster state version: 560)
[2014-02-18 15:35:58,990][TRACE][action.search.type       ] [node_1] Moving to second phase, based on results from: [tbUF3y2YTPm1TPdTF8YBYw][idx][0] (cluster state version: 560)
[2014-02-18 15:35:58,991][TRACE][action.search.type       ] [node_2] Moving to second phase, based on results from: [tbUF3y2YTPm1TPdTF8YBYw][idx][0] (cluster state version: 560)
[2014-02-18 15:35:58,993][TRACE][action.search.type       ] [node_0] Moving to second phase, based on results from: [tbUF3y2YTPm1TPdTF8YBYw][idx][0] (cluster state version: 560)
[2014-02-18 15:35:58,995][TRACE][action.search.type       ] [node_2] Moving to second phase, based on results from: [YDkOVpQ0RLKhdd4JNL-RIg][idx][0] (cluster state version: 560)
[2014-02-18 15:35:58,995][INFO ][search.aggregations.bucket] [MinDocCountTests#testHistogramKeyAsc]: cleaning up after test
[2014-02-18 15:35:58,997][INFO ][cluster.metadata         ] [node_0] [idx] deleting index
[2014-02-18 15:35:59,014][INFO ][search.aggregations.bucket] [MinDocCountTests#testHistogramKeyAsc]: cleaned up after test
[2014-02-18 15:35:59,027][INFO ][test                     ] Test testHistogramKeyAsc(org.elasticsearch.search.aggregations.bucket.MinDocCountTests) finished
[2014-02-18 15:35:59,028][INFO ][test                     ] Test testStringTermDesc(org.elasticsearch.search.aggregations.bucket.MinDocCountTests) started
[2014-02-18 15:35:59,035][INFO ][plugins                  ] [transport_client_node_0] loaded [], sites []
[2014-02-18 15:35:59,078][INFO ][search.aggregations.bucket] [MinDocCountTests#testStringTermDesc]: before test
[2014-02-18 15:35:59,089][INFO ][cluster.metadata         ] [node_0] [idx] creating index, cause [api], shards [4]/[1], mappings []
[2014-02-18 15:35:59,160][INFO ][search.aggregations.bucket] Index [58] docs async: [true] bulk: [false]
[2014-02-18 15:35:59,207][INFO ][cluster.metadata         ] [node_0] [idx] update_mapping [type] (dynamic)
[2014-02-18 15:36:00,002][TRACE][action.search.type       ] [node_1] Moving to second phase, based on results from: [YDkOVpQ0RLKhdd4JNL-RIg][idx][0],[Y-GAf-d9TnWBgKZR_Cw0qw][idx][3],[Y-GAf-d9TnWBgKZR_Cw0qw][idx][2],[Y-GAf-d9TnWBgKZR_Cw0qw][idx][1] (cluster state version: 570)
[2014-02-18 15:36:00,008][TRACE][action.search.type       ] [node_1] Moving to second phase, based on results from: [tbUF3y2YTPm1TPdTF8YBYw][idx][0],[tbUF3y2YTPm1TPdTF8YBYw][idx][3],[YDkOVpQ0RLKhdd4JNL-RIg][idx][2],[YDkOVpQ0RLKhdd4JNL-RIg][idx][1] (cluster state version: 570)
[2014-02-18 15:36:00,010][TRACE][action.search.type       ] [node_1] Moving to second phase, based on results from: [YDkOVpQ0RLKhdd4JNL-RIg][idx][0],[Y-GAf-d9TnWBgKZR_Cw0qw][idx][3],[Y-GAf-d9TnWBgKZR_Cw0qw][idx][2],[Y-GAf-d9TnWBgKZR_Cw0qw][idx][1] (cluster state version: 570)
[2014-02-18 15:36:00,018][TRACE][action.search.type       ] [node_0] Moving to second phase, based on results from: [YDkOVpQ0RLKhdd4JNL-RIg][idx][0],[Y-GAf-d9TnWBgKZR_Cw0qw][idx][3],[YDkOVpQ0RLKhdd4JNL-RIg][idx][2],[Y-GAf-d9TnWBgKZR_Cw0qw][idx][1] (cluster state version: 570)
[2014-02-18 15:36:00,022][TRACE][action.search.type       ] [node_0] Moving to second phase, based on results from: [tbUF3y2YTPm1TPdTF8YBYw][idx][0],[tbUF3y2YTPm1TPdTF8YBYw][idx][3],[Y-GAf-d9TnWBgKZR_Cw0qw][idx][2],[YDkOVpQ0RLKhdd4JNL-RIg][idx][1] (cluster state version: 570)
[2014-02-18 15:36:00,029][TRACE][action.search.type       ] [node_0] Moving to second phase, based on results from: [YDkOVpQ0RLKhdd4JNL-RIg][idx][0],[Y-GAf-d9TnWBgKZR_Cw0qw][idx][3],[YDkOVpQ0RLKhdd4JNL-RIg][idx][2],[Y-GAf-d9TnWBgKZR_Cw0qw][idx][1] (cluster state version: 570)
[2014-02-18 15:36:00,034][TRACE][action.search.type       ] [node_1] Moving to second phase, based on results from: [tbUF3y2YTPm1TPdTF8YBYw][idx][0],[tbUF3y2YTPm1TPdTF8YBYw][idx][3],[YDkOVpQ0RLKhdd4JNL-RIg][idx][2],[YDkOVpQ0RLKhdd4JNL-RIg][idx][1] (cluster state version: 570)
[2014-02-18 15:36:00,038][TRACE][action.search.type       ] [node_2] Moving to second phase, based on results from: [tbUF3y2YTPm1TPdTF8YBYw][idx][0],[tbUF3y2YTPm1TPdTF8YBYw][idx][3],[Y-GAf-d9TnWBgKZR_Cw0qw][idx][2],[Y-GAf-d9TnWBgKZR_Cw0qw][idx][1] (cluster state version: 570)
[2014-02-18 15:36:00,042][TRACE][action.search.type       ] [node_2] Moving to second phase, based on results from: [YDkOVpQ0RLKhdd4JNL-RIg][idx][0],[Y-GAf-d9TnWBgKZR_Cw0qw][idx][3],[YDkOVpQ0RLKhdd4JNL-RIg][idx][2],[YDkOVpQ0RLKhdd4JNL-RIg][idx][1] (cluster state version: 570)
[2014-02-18 15:36:00,045][TRACE][action.search.type       ] [node_2] Moving to second phase, based on results from: [tbUF3y2YTPm1TPdTF8YBYw][idx][0],[tbUF3y2YTPm1TPdTF8YBYw][idx][3],[Y-GAf-d9TnWBgKZR_Cw0qw][idx][2],[Y-GAf-d9TnWBgKZR_Cw0qw][idx][1] (cluster state version: 570)
[2014-02-18 15:36:00,054][TRACE][action.search.type       ] [node_0] Moving to second phase, based on results from: [tbUF3y2YTPm1TPdTF8YBYw][idx][0],[tbUF3y2YTPm1TPdTF8YBYw][idx][3],[Y-GAf-d9TnWBgKZR_Cw0qw][idx][2],[YDkOVpQ0RLKhdd4JNL-RIg][idx][1] (cluster state version: 570)
[2014-02-18 15:36:00,059][TRACE][action.search.type       ] [node_0] Moving to second phase, based on results from: [YDkOVpQ0RLKhdd4JNL-RIg][idx][0],[Y-GAf-d9TnWBgKZR_Cw0qw][idx][3],[YDkOVpQ0RLKhdd4JNL-RIg][idx][2],[Y-GAf-d9TnWBgKZR_Cw0qw][idx][1] (cluster state version: 570)
[2014-02-18 15:36:00,062][TRACE][action.search.type       ] [node_0] Moving to second phase, based on results from: [tbUF3y2YTPm1TPdTF8YBYw][idx][0],[tbUF3y2YTPm1TPdTF8YBYw][idx][3],[Y-GAf-d9TnWBgKZR_Cw0qw][idx][2],[YDkOVpQ0RLKhdd4JNL-RIg][idx][1] (cluster state version: 570)
[2014-02-18 15:36:00,067][TRACE][action.search.type       ] [node_0] Moving to second phase, based on results from: [YDkOVpQ0RLKhdd4JNL-RIg][idx][0],[Y-GAf-d9TnWBgKZR_Cw0qw][idx][3],[YDkOVpQ0RLKhdd4JNL-RIg][idx][2],[Y-GAf-d9TnWBgKZR_Cw0qw][idx][1] (cluster state version: 570)
[2014-02-18 15:36:00,071][TRACE][action.search.type       ] [node_0] Moving to second phase, based on results from: [tbUF3y2YTPm1TPdTF8YBYw][idx][0],[tbUF3y2YTPm1TPdTF8YBYw][idx][3],[Y-GAf-d9TnWBgKZR_Cw0qw][idx][2],[YDkOVpQ0RLKhdd4JNL-RIg][idx][1] (cluster state version: 570)
[2014-02-18 15:36:00,075][TRACE][action.search.type       ] [node_1] Moving to second phase, based on results from: [YDkOVpQ0RLKhdd4JNL-RIg][idx][0],[Y-GAf-d9TnWBgKZR_Cw0qw][idx][3],[Y-GAf-d9TnWBgKZR_Cw0qw][idx][2],[Y-GAf-d9TnWBgKZR_Cw0qw][idx][1] (cluster state version: 570)
[2014-02-18 15:36:00,079][TRACE][action.search.type       ] [node_1] Moving to second phase, based on results from: [tbUF3y2YTPm1TPdTF8YBYw][idx][0],[tbUF3y2YTPm1TPdTF8YBYw][idx][3],[YDkOVpQ0RLKhdd4JNL-RIg][idx][2],[YDkOVpQ0RLKhdd4JNL-RIg][idx][1] (cluster state version: 570)
[2014-02-18 15:36:00,082][TRACE][action.search.type       ] [node_0] Moving to second phase, based on results from: [YDkOVpQ0RLKhdd4JNL-RIg][idx][0],[Y-GAf-d9TnWBgKZR_Cw0qw][idx][3],[YDkOVpQ0RLKhdd4JNL-RIg][idx][2],[Y-GAf-d9TnWBgKZR_Cw0qw][idx][1] (cluster state version: 570)
[2014-02-18 15:36:00,086][TRACE][action.search.type       ] [node_0] Moving to second phase, based on results from: [tbUF3y2YTPm1TPdTF8YBYw][idx][0],[tbUF3y2YTPm1TPdTF8YBYw][idx][3],[Y-GAf-d9TnWBgKZR_Cw0qw][idx][2],[YDkOVpQ0RLKhdd4JNL-RIg][idx][1] (cluster state version: 570)
[2014-02-18 15:36:00,089][TRACE][action.search.type       ] [node_1] Moving to second phase, based on results from: [YDkOVpQ0RLKhdd4JNL-RIg][idx][0],[Y-GAf-d9TnWBgKZR_Cw0qw][idx][3],[Y-GAf-d9TnWBgKZR_Cw0qw][idx][2],[Y-GAf-d9TnWBgKZR_Cw0qw][idx][1] (cluster state version: 570)
[2014-02-18 15:36:00,093][TRACE][action.search.type       ] [node_1] Moving to second phase, based on results from: [tbUF3y2YTPm1TPdTF8YBYw][idx][0],[tbUF3y2YTPm1TPdTF8YBYw][idx][3],[YDkOVpQ0RLKhdd4JNL-RIg][idx][2],[YDkOVpQ0RLKhdd4JNL-RIg][idx][1] (cluster state version: 570)
[2014-02-18 15:36:00,093][INFO ][search.aggregations.bucket] [MinDocCountTests#testStringTermDesc]: cleaning up after test
[2014-02-18 15:36:00,095][INFO ][cluster.metadata         ] [node_0] [idx] deleting index
[2014-02-18 15:36:00,178][INFO ][search.aggregations.bucket] [MinDocCountTests#testStringTermDesc]: cleaned up after test
[2014-02-18 15:36:00,183][INFO ][test                     ] Test testStringTermDesc(org.elasticsearch.search.aggregations.bucket.MinDocCountTests) finished
[2014-02-18 15:36:00,184][INFO ][test                     ] Test testStringScriptTermDesc(org.elasticsearch.search.aggregations.bucket.MinDocCountTests) started
[2014-02-18 15:36:00,190][INFO ][search.aggregations.bucket] [MinDocCountTests#testStringScriptTermDesc]: before test
[2014-02-18 15:36:00,200][INFO ][cluster.metadata         ] [node_0] [idx] creating index, cause [api], shards [1]/[0], mappings []
[2014-02-18 15:36:00,229][INFO ][search.aggregations.bucket] Index [53] docs async: [true] bulk: [false]
[2014-02-18 15:36:00,240][INFO ][cluster.metadata         ] [node_0] [idx] update_mapping [type] (dynamic)
[2014-02-18 15:36:00,640][TRACE][action.search.type       ] [node_2] Moving to second phase, based on results from: [tbUF3y2YTPm1TPdTF8YBYw][idx][0] (cluster state version: 576)
[2014-02-18 15:36:00,648][TRACE][action.search.type       ] [node_1] Moving to second phase, based on results from: [tbUF3y2YTPm1TPdTF8YBYw][idx][0] (cluster state version: 576)
[2014-02-18 15:36:00,653][TRACE][action.search.type       ] [node_0] Moving to second phase, based on results from: [tbUF3y2YTPm1TPdTF8YBYw][idx][0] (cluster state version: 576)
[2014-02-18 15:36:00,659][TRACE][action.search.type       ] [node_2] Moving to second phase, based on results from: [tbUF3y2YTPm1TPdTF8YBYw][idx][0] (cluster state version: 576)
[2014-02-18 15:36:00,664][TRACE][action.search.type       ] [node_2] Moving to second phase, based on results from: [tbUF3y2YTPm1TPdTF8YBYw][idx][0] (cluster state version: 576)
[2014-02-18 15:36:00,669][TRACE][action.search.type       ] [node_0] Moving to second phase, based on results from: [tbUF3y2YTPm1TPdTF8YBYw][idx][0] (cluster state version: 576)
[2014-02-18 15:36:00,675][TRACE][action.search.type       ] [node_1] Moving to second phase, based on results from: [tbUF3y2YTPm1TPdTF8YBYw][idx][0] (cluster state version: 576)
[2014-02-18 15:36:00,680][TRACE][action.search.type       ] [node_2] Moving to second phase, based on results from: [tbUF3y2YTPm1TPdTF8YBYw][idx][0] (cluster state version: 576)
[2014-02-18 15:36:00,684][TRACE][action.search.type       ] [node_1] Moving to second phase, based on results from: [tbUF3y2YTPm1TPdTF8YBYw][idx][0] (cluster state version: 576)
[2014-02-18 15:36:00,689][TRACE][action.search.type       ] [node_2] Moving to second phase, based on results from: [tbUF3y2YTPm1TPdTF8YBYw][idx][0] (cluster state version: 576)
[2014-02-18 15:36:00,693][TRACE][action.search.type       ] [node_1] Moving to second phase, based on results from: [tbUF3y2YTPm1TPdTF8YBYw][idx][0] (cluster state version: 576)
[2014-02-18 15:36:00,696][TRACE][action.search.type       ] [node_1] Moving to second phase, based on results from: [tbUF3y2YTPm1TPdTF8YBYw][idx][0] (cluster state version: 576)
[2014-02-18 15:36:00,699][TRACE][action.search.type       ] [node_2] Moving to second phase, based on results from: [tbUF3y2YTPm1TPdTF8YBYw][idx][0] (cluster state version: 576)
[2014-02-18 15:36:00,704][TRACE][action.search.type       ] [node_1] Moving to second phase, based on results from: [tbUF3y2YTPm1TPdTF8YBYw][idx][0] (cluster state version: 576)
[2014-02-18 15:36:00,708][TRACE][action.search.type       ] [node_1] Moving to second phase, based on results from: [tbUF3y2YTPm1TPdTF8YBYw][idx][0] (cluster state version: 576)
[2014-02-18 15:36:00,713][TRACE][action.search.type       ] [node_2] Moving to second phase, based on results from: [tbUF3y2YTPm1TPdTF8YBYw][idx][0] (cluster state version: 576)
[2014-02-18 15:36:00,717][TRACE][action.search.type       ] [node_0] Moving to second phase, based on results from: [tbUF3y2YTPm1TPdTF8YBYw][idx][0] (cluster state version: 576)
[2014-02-18 15:36:00,720][TRACE][action.search.type       ] [node_1] Moving to second phase, based on results from: [tbUF3y2YTPm1TPdTF8YBYw][idx][0] (cluster state version: 576)
[2014-02-18 15:36:00,724][TRACE][action.search.type       ] [node_2] Moving to second phase, based on results from: [tbUF3y2YTPm1TPdTF8YBYw][idx][0] (cluster state version: 576)
[2014-02-18 15:36:00,728][TRACE][action.search.type       ] [node_2] Moving to second phase, based on results from: [tbUF3y2YTPm1TPdTF8YBYw][idx][0] (cluster state version: 576)
[2014-02-18 15:36:00,732][TRACE][action.search.type       ] [node_2] Moving to second phase, based on results from: [tbUF3y2YTPm1TPdTF8YBYw][idx][0] (cluster state version: 576)
[2014-02-18 15:36:00,732][INFO ][search.aggregations.bucket] [MinDocCountTests#testStringScriptTermDesc]: cleaning up after test
[2014-02-18 15:36:00,733][INFO ][cluster.metadata         ] [node_0] [idx] deleting index
[2014-02-18 15:36:00,755][INFO ][search.aggregations.bucket] [MinDocCountTests#testStringScriptTermDesc]: cleaned up after test
[2014-02-18 15:36:00,755][INFO ][test                     ] Test testStringScriptTermDesc(org.elasticsearch.search.aggregations.bucket.MinDocCountTests) finished
[2014-02-18 15:36:00,756][INFO ][test                     ] Test testDateHistogramCountAsc(org.elasticsearch.search.aggregations.bucket.MinDocCountTests) started
[2014-02-18 15:36:00,762][INFO ][search.aggregations.bucket] [MinDocCountTests#testDateHistogramCountAsc]: before test
[2014-02-18 15:36:00,773][INFO ][cluster.metadata         ] [node_0] [idx] creating index, cause [api], shards [1]/[0], mappings []
[2014-02-18 15:36:00,795][INFO ][plugins                  ] [transport_client_node_0] loaded [], sites []
[2014-02-18 15:36:00,833][INFO ][search.aggregations.bucket] Index [149] docs async: [true] bulk: [false]
[2014-02-18 15:36:00,842][INFO ][cluster.metadata         ] [node_0] [idx] update_mapping [type] (dynamic)
[2014-02-18 15:36:01,271][TRACE][action.search.type       ] [node_2] Moving to second phase, based on results from: [tbUF3y2YTPm1TPdTF8YBYw][idx][0] (cluster state version: 582)
[2014-02-18 15:36:01,275][TRACE][action.search.type       ] [node_2] Moving to second phase, based on results from: [tbUF3y2YTPm1TPdTF8YBYw][idx][0] (cluster state version: 582)
[2014-02-18 15:36:01,278][TRACE][action.search.type       ] [node_2] Moving to second phase, based on results from: [tbUF3y2YTPm1TPdTF8YBYw][idx][0] (cluster state version: 582)
[2014-02-18 15:36:01,288][TRACE][action.search.type       ] [node_0] Moving to second phase, based on results from: [tbUF3y2YTPm1TPdTF8YBYw][idx][0] (cluster state version: 582)
[2014-02-18 15:36:01,292][TRACE][action.search.type       ] [node_2] Moving to second phase, based on results from: [tbUF3y2YTPm1TPdTF8YBYw][idx][0] (cluster state version: 582)
[2014-02-18 15:36:01,296][TRACE][action.search.type       ] [node_1] Moving to second phase, based on results from: [tbUF3y2YTPm1TPdTF8YBYw][idx][0] (cluster state version: 582)
[2014-02-18 15:36:01,299][TRACE][action.search.type       ] [node_1] Moving to second phase, based on results from: [tbUF3y2YTPm1TPdTF8YBYw][idx][0] (cluster state version: 582)
[2014-02-18 15:36:01,302][TRACE][action.search.type       ] [node_1] Moving to second phase, based on results from: [tbUF3y2YTPm1TPdTF8YBYw][idx][0] (cluster state version: 582)
[2014-02-18 15:36:01,305][TRACE][action.search.type       ] [node_0] Moving to second phase, based on results from: [tbUF3y2YTPm1TPdTF8YBYw][idx][0] (cluster state version: 582)
[2014-02-18 15:36:01,311][TRACE][action.search.type       ] [node_1] Moving to second phase, based on results from: [tbUF3y2YTPm1TPdTF8YBYw][idx][0] (cluster state version: 582)
[2014-02-18 15:36:01,313][TRACE][action.search.type       ] [node_2] Moving to second phase, based on results from: [tbUF3y2YTPm1TPdTF8YBYw][idx][0] (cluster state version: 582)
[2014-02-18 15:36:01,316][TRACE][action.search.type       ] [node_0] Moving to second phase, based on results from: [tbUF3y2YTPm1TPdTF8YBYw][idx][0] (cluster state version: 582)
[2014-02-18 15:36:01,318][TRACE][action.search.type       ] [node_0] Moving to second phase, based on results from: [tbUF3y2YTPm1TPdTF8YBYw][idx][0] (cluster state version: 582)
[2014-02-18 15:36:01,320][TRACE][action.search.type       ] [node_0] Moving to second phase, based on results from: [tbUF3y2YTPm1TPdTF8YBYw][idx][0] (cluster state version: 582)
[2014-02-18 15:36:01,323][TRACE][action.search.type       ] [node_0] Moving to second phase, based on results from: [tbUF3y2YTPm1TPdTF8YBYw][idx][0] (cluster state version: 582)
[2014-02-18 15:36:01,326][TRACE][action.search.type       ] [node_0] Moving to second phase, based on results from: [tbUF3y2YTPm1TPdTF8YBYw][idx][0] (cluster state version: 582)
[2014-02-18 15:36:01,328][TRACE][action.search.type       ] [node_1] Moving to second phase, based on results from: [tbUF3y2YTPm1TPdTF8YBYw][idx][0] (cluster state version: 582)
[2014-02-18 15:36:01,331][TRACE][action.search.type       ] [node_0] Moving to second phase, based on results from: [tbUF3y2YTPm1TPdTF8YBYw][idx][0] (cluster state version: 582)
[2014-02-18 15:36:01,334][TRACE][action.search.type       ] [node_1] Moving to second phase, based on results from: [tbUF3y2YTPm1TPdTF8YBYw][idx][0] (cluster state version: 582)
[2014-02-18 15:36:01,337][TRACE][action.search.type       ] [node_1] Moving to second phase, based on results from: [tbUF3y2YTPm1TPdTF8YBYw][idx][0] (cluster state version: 582)
[2014-02-18 15:36:01,340][TRACE][action.search.type       ] [node_0] Moving to second phase, based on results from: [tbUF3y2YTPm1TPdTF8YBYw][idx][0] (cluster state version: 582)
[2014-02-18 15:36:01,342][TRACE][action.search.type       ] [node_2] Moving to second phase, based on results from: [tbUF3y2YTPm1TPdTF8YBYw][idx][0] (cluster state version: 582)
[2014-02-18 15:36:01,345][TRACE][action.search.type       ] [node_0] Moving to second phase, based on results from: [tbUF3y2YTPm1TPdTF8YBYw][idx][0] (cluster state version: 582)
[2014-02-18 15:36:01,347][TRACE][action.search.type       ] [node_1] Moving to second phase, based on results from: [tbUF3y2YTPm1TPdTF8YBYw][idx][0] (cluster state version: 582)
[2014-02-18 15:36:01,350][TRACE][action.search.type       ] [node_0] Moving to second phase, based on results from: [tbUF3y2YTPm1TPdTF8YBYw][idx][0] (cluster state version: 582)
[2014-02-18 15:36:01,352][TRACE][action.search.type       ] [node_0] Moving to second phase, based on results from: [tbUF3y2YTPm1TPdTF8YBYw][idx][0] (cluster state version: 582)
[2014-02-18 15:36:01,355][TRACE][action.search.type       ] [node_0] Moving to second phase, based on results from: [tbUF3y2YTPm1TPdTF8YBYw][idx][0] (cluster state version: 582)
[2014-02-18 15:36:01,358][TRACE][action.search.type       ] [node_2] Moving to second phase, based on results from: [tbUF3y2YTPm1TPdTF8YBYw][idx][0] (cluster state version: 582)
[2014-02-18 15:36:01,361][TRACE][action.search.type       ] [node_2] Moving to second phase, based on results from: [tbUF3y2YTPm1TPdTF8YBYw][idx][0] (cluster state version: 582)
[2014-02-18 15:36:01,364][TRACE][action.search.type       ] [node_2] Moving to second phase, based on results from: [tbUF3y2YTPm1TPdTF8YBYw][idx][0] (cluster state version: 582)
[2014-02-18 15:36:01,367][TRACE][action.search.type       ] [node_1] Moving to second phase, based on results from: [tbUF3y2YTPm1TPdTF8YBYw][idx][0] (cluster state version: 582)
[2014-02-18 15:36:01,370][TRACE][action.search.type       ] [node_0] Moving to second phase, based on results from: [tbUF3y2YTPm1TPdTF8YBYw][idx][0] (cluster state version: 582)
[2014-02-18 15:36:01,373][TRACE][action.search.type       ] [node_1] Moving to second phase, based on results from: [tbUF3y2YTPm1TPdTF8YBYw][idx][0] (cluster state version: 582)
[2014-02-18 15:36:01,375][TRACE][action.search.type       ] [node_2] Moving to second phase, based on results from: [tbUF3y2YTPm1TPdTF8YBYw][idx][0] (cluster state version: 582)
[2014-02-18 15:36:01,378][TRACE][action.search.type       ] [node_2] Moving to second phase, based on results from: [tbUF3y2YTPm1TPdTF8YBYw][idx][0] (cluster state version: 582)
[2014-02-18 15:36:01,380][TRACE][action.search.type       ] [node_1] Moving to second phase, based on results from: [tbUF3y2YTPm1TPdTF8YBYw][idx][0] (cluster state version: 582)
[2014-02-18 15:36:01,382][TRACE][action.search.type       ] [node_0] Moving to second phase, based on results from: [tbUF3y2YTPm1TPdTF8YBYw][idx][0] (cluster state version: 582)
[2014-02-18 15:36:01,385][TRACE][action.search.type       ] [node_2] Moving to second phase, based on results from: [tbUF3y2YTPm1TPdTF8YBYw][idx][0] (cluster state version: 582)
[2014-02-18 15:36:01,387][TRACE][action.search.type       ] [node_0] Moving to second phase, based on results from: [tbUF3y2YTPm1TPdTF8YBYw][idx][0] (cluster state version: 582)
[2014-02-18 15:36:01,390][TRACE][action.search.type       ] [node_1] Moving to second phase, based on results from: [tbUF3y2YTPm1TPdTF8YBYw][idx][0] (cluster state version: 582)
[2014-02-18 15:36:01,392][TRACE][action.search.type       ] [node_0] Moving to second phase, based on results from: [tbUF3y2YTPm1TPdTF8YBYw][idx][0] (cluster state version: 582)
[2014-02-18 15:36:01,395][TRACE][action.search.type       ] [node_0] Moving to second phase, based on results from: [tbUF3y2YTPm1TPdTF8YBYw][idx][0] (cluster state version: 582)
[2014-02-18 15:36:01,397][TRACE][action.search.type       ] [node_1] Moving to second phase, based on results from: [tbUF3y2YTPm1TPdTF8YBYw][idx][0] (cluster state version: 582)
[2014-02-18 15:36:01,399][TRACE][action.search.type       ] [node_1] Moving to second phase, based on results from: [tbUF3y2YTPm1TPdTF8YBYw][idx][0] (cluster state version: 582)
[2014-02-18 15:36:01,401][TRACE][action.search.type       ] [node_1] Moving to second phase, based on results from: [tbUF3y2YTPm1TPdTF8YBYw][idx][0] (cluster state version: 582)
[2014-02-18 15:36:01,403][TRACE][action.search.type       ] [node_1] Moving to second phase, based on results from: [tbUF3y2YTPm1TPdTF8YBYw][idx][0] (cluster state version: 582)
[2014-02-18 15:36:01,405][TRACE][action.search.type       ] [node_0] Moving to second phase, based on results from: [tbUF3y2YTPm1TPdTF8YBYw][idx][0] (cluster state version: 582)
[2014-02-18 15:36:01,408][TRACE][action.search.type       ] [node_2] Moving to second phase, based on results from: [tbUF3y2YTPm1TPdTF8YBYw][idx][0] (cluster state version: 582)
[2014-02-18 15:36:01,410][TRACE][action.search.type       ] [node_2] Moving to second phase, based on results from: [tbUF3y2YTPm1TPdTF8YBYw][idx][0] (cluster state version: 582)
[2014-02-18 15:36:01,413][TRACE][action.search.type       ] [node_2] Moving to second phase, based on results from: [tbUF3y2YTPm1TPdTF8YBYw][idx][0] (cluster state version: 582)
[2014-02-18 15:36:01,415][TRACE][action.search.type       ] [node_2] Moving to second phase, based on results from: [tbUF3y2YTPm1TPdTF8YBYw][idx][0] (cluster state version: 582)
[2014-02-18 15:36:01,415][INFO ][search.aggregations.bucket] [MinDocCountTests#testDateHistogramCountAsc]: cleaning up after test
[2014-02-18 15:36:01,417][INFO ][cluster.metadata         ] [node_0] [idx] deleting index
[2014-02-18 15:36:01,441][INFO ][search.aggregations.bucket] [MinDocCountTests#testDateHistogramCountAsc]: cleaned up after test
[2014-02-18 15:36:01,446][INFO ][test                     ] Test testDateHistogramCountAsc(org.elasticsearch.search.aggregations.bucket.MinDocCountTests) finished
[2014-02-18 15:36:01,447][INFO ][test                     ] Test testStringCountDescWithInclude(org.elasticsearch.search.aggregations.bucket.MinDocCountTests) started
[2014-02-18 15:36:01,450][INFO ][plugins                  ] [transport_client_node_2] loaded [], sites []
[2014-02-18 15:36:01,477][INFO ][search.aggregations.bucket] [MinDocCountTests#testStringCountDescWithInclude]: before test
[2014-02-18 15:36:01,494][INFO ][cluster.metadata         ] [node_0] [idx] creating index, cause [api], shards [3]/[0], mappings []
[2014-02-18 15:36:01,553][INFO ][search.aggregations.bucket] Index [145] docs async: [true] bulk: [false]
[2014-02-18 15:36:01,560][INFO ][cluster.metadata         ] [node_0] [idx] update_mapping [type] (dynamic)
[2014-02-18 15:36:02,109][TRACE][action.search.type       ] [node_1] Moving to second phase, based on results from: [tbUF3y2YTPm1TPdTF8YBYw][idx][0],[Y-GAf-d9TnWBgKZR_Cw0qw][idx][2],[YDkOVpQ0RLKhdd4JNL-RIg][idx][1] (cluster state version: 588)
[2014-02-18 15:36:02,113][TRACE][action.search.type       ] [node_0] Moving to second phase, based on results from: [tbUF3y2YTPm1TPdTF8YBYw][idx][0],[Y-GAf-d9TnWBgKZR_Cw0qw][idx][2],[YDkOVpQ0RLKhdd4JNL-RIg][idx][1] (cluster state version: 588)
[2014-02-18 15:36:02,116][TRACE][action.search.type       ] [node_2] Moving to second phase, based on results from: [tbUF3y2YTPm1TPdTF8YBYw][idx][0],[Y-GAf-d9TnWBgKZR_Cw0qw][idx][2],[YDkOVpQ0RLKhdd4JNL-RIg][idx][1] (cluster state version: 588)
[2014-02-18 15:36:02,118][TRACE][action.search.type       ] [node_0] Moving to second phase, based on results from: [tbUF3y2YTPm1TPdTF8YBYw][idx][0],[Y-GAf-d9TnWBgKZR_Cw0qw][idx][2],[YDkOVpQ0RLKhdd4JNL-RIg][idx][1] (cluster state version: 588)
[2014-02-18 15:36:02,121][TRACE][action.search.type       ] [node_0] Moving to second phase, based on results from: [tbUF3y2YTPm1TPdTF8YBYw][idx][0],[Y-GAf-d9TnWBgKZR_Cw0qw][idx][2],[YDkOVpQ0RLKhdd4JNL-RIg][idx][1] (cluster state version: 588)
[2014-02-18 15:36:02,124][TRACE][action.search.type       ] [node_0] Moving to second phase, based on results from: [tbUF3y2YTPm1TPdTF8YBYw][idx][0],[Y-GAf-d9TnWBgKZR_Cw0qw][idx][2],[YDkOVpQ0RLKhdd4JNL-RIg][idx][1] (cluster state version: 588)
[2014-02-18 15:36:02,128][TRACE][action.search.type       ] [node_2] Moving to second phase, based on results from: [tbUF3y2YTPm1TPdTF8YBYw][idx][0],[Y-GAf-d9TnWBgKZR_Cw0qw][idx][2],[YDkOVpQ0RLKhdd4JNL-RIg][idx][1] (cluster state version: 588)
[2014-02-18 15:36:02,132][TRACE][action.search.type       ] [node_1] Moving to second phase, based on results from: [tbUF3y2YTPm1TPdTF8YBYw][idx][0],[Y-GAf-d9TnWBgKZR_Cw0qw][idx][2],[YDkOVpQ0RLKhdd4JNL-RIg][idx][1] (cluster state version: 588)
[2014-02-18 15:36:02,135][TRACE][action.search.type       ] [node_1] Moving to second phase, based on results from: [tbUF3y2YTPm1TPdTF8YBYw][idx][0],[Y-GAf-d9TnWBgKZR_Cw0qw][idx][2],[YDkOVpQ0RLKhdd4JNL-RIg][idx][1] (cluster state version: 588)
[2014-02-18 15:36:02,138][TRACE][action.search.type       ] [node_1] Moving to second phase, based on results from: [tbUF3y2YTPm1TPdTF8YBYw][idx][0],[Y-GAf-d9TnWBgKZR_Cw0qw][idx][2],[YDkOVpQ0RLKhdd4JNL-RIg][idx][1] (cluster state version: 588)
[2014-02-18 15:36:02,140][TRACE][action.search.type       ] [node_1] Moving to second phase, based on results from: [tbUF3y2YTPm1TPdTF8YBYw][idx][0],[Y-GAf-d9TnWBgKZR_Cw0qw][idx][2],[YDkOVpQ0RLKhdd4JNL-RIg][idx][1] (cluster state version: 588)
[2014-02-18 15:36:02,144][TRACE][action.search.type       ] [node_1] Moving to second phase, based on results from: [tbUF3y2YTPm1TPdTF8YBYw][idx][0],[Y-GAf-d9TnWBgKZR_Cw0qw][idx][2],[YDkOVpQ0RLKhdd4JNL-RIg][idx][1] (cluster state version: 588)
[2014-02-18 15:36:02,146][TRACE][action.search.type       ] [node_1] Moving to second phase, based on results from: [tbUF3y2YTPm1TPdTF8YBYw][idx][0],[Y-GAf-d9TnWBgKZR_Cw0qw][idx][2],[YDkOVpQ0RLKhdd4JNL-RIg][idx][1] (cluster state version: 588)
[2014-02-18 15:36:02,149][TRACE][action.search.type       ] [node_2] Moving to second phase, based on results from: [tbUF3y2YTPm1TPdTF8YBYw][idx][0],[Y-GAf-d9TnWBgKZR_Cw0qw][idx][2],[YDkOVpQ0RLKhdd4JNL-RIg][idx][1] (cluster state version: 588)
[2014-02-18 15:36:02,151][TRACE][action.search.type       ] [node_0] Moving to second phase, based on results from: [tbUF3y2YTPm1TPdTF8YBYw][idx][0],[Y-GAf-d9TnWBgKZR_Cw0qw][idx][2],[YDkOVpQ0RLKhdd4JNL-RIg][idx][1] (cluster state version: 588)
[2014-02-18 15:36:02,153][TRACE][action.search.type       ] [node_0] Moving to second phase, based on results from: [tbUF3y2YTPm1TPdTF8YBYw][idx][0],[Y-GAf-d9TnWBgKZR_Cw0qw][idx][2],[YDkOVpQ0RLKhdd4JNL-RIg][idx][1] (cluster state version: 588)
[2014-02-18 15:36:02,155][TRACE][action.search.type       ] [node_2] Moving to second phase, based on results from: [tbUF3y2YTPm1TPdTF8YBYw][idx][0],[Y-GAf-d9TnWBgKZR_Cw0qw][idx][2],[YDkOVpQ0RLKhdd4JNL-RIg][idx][1] (cluster state version: 588)
[2014-02-18 15:36:02,157][TRACE][action.search.type       ] [node_2] Moving to second phase, based on results from: [tbUF3y2YTPm1TPdTF8YBYw][idx][0],[Y-GAf-d9TnWBgKZR_Cw0qw][idx][2],[YDkOVpQ0RLKhdd4JNL-RIg][idx][1] (cluster state version: 588)
[2014-02-18 15:36:02,159][TRACE][action.search.type       ] [node_2] Moving to second phase, based on results from: [tbUF3y2YTPm1TPdTF8YBYw][idx][0],[Y-GAf-d9TnWBgKZR_Cw0qw][idx][2],[YDkOVpQ0RLKhdd4JNL-RIg][idx][1] (cluster state version: 588)
[2014-02-18 15:36:02,162][TRACE][action.search.type       ] [node_0] Moving to second phase, based on results from: [tbUF3y2YTPm1TPdTF8YBYw][idx][0],[Y-GAf-d9TnWBgKZR_Cw0qw][idx][2],[YDkOVpQ0RLKhdd4JNL-RIg][idx][1] (cluster state version: 588)
[2014-02-18 15:36:02,164][TRACE][action.search.type       ] [node_1] Moving to second phase, based on results from: [tbUF3y2YTPm1TPdTF8YBYw][idx][0],[Y-GAf-d9TnWBgKZR_Cw0qw][idx][2],[YDkOVpQ0RLKhdd4JNL-RIg][idx][1] (cluster state version: 588)
[2014-02-18 15:36:02,165][INFO ][search.aggregations.bucket] [MinDocCountTests#testStringCountDescWithInclude]: cleaning up after test
[2014-02-18 15:36:02,166][INFO ][cluster.metadata         ] [node_0] [idx] deleting index
[2014-02-18 15:36:02,203][INFO ][search.aggregations.bucket] [MinDocCountTests#testStringCountDescWithInclude]: cleaned up after test
[2014-02-18 15:36:02,208][INFO ][test                     ] Test testStringCountDescWithInclude(org.elasticsearch.search.aggregations.bucket.MinDocCountTests) finished
[2014-02-18 15:36:02,209][INFO ][test                     ] Test testStringScriptCountAsc(org.elasticsearch.search.aggregations.bucket.MinDocCountTests) started
[2014-02-18 15:36:02,212][INFO ][plugins                  ] [transport_client_node_2] loaded [], sites []
[2014-02-18 15:36:02,243][INFO ][plugins                  ] [transport_client_node_0] loaded [], sites []
[2014-02-18 15:36:02,269][INFO ][search.aggregations.bucket] [MinDocCountTests#testStringScriptCountAsc]: before test
[2014-02-18 15:36:02,279][INFO ][cluster.metadata         ] [node_0] [idx] creating index, cause [api], shards [2]/[0], mappings []
[2014-02-18 15:36:02,327][INFO ][search.aggregations.bucket] Index [174] docs async: [true] bulk: [false]
[2014-02-18 15:36:02,334][INFO ][cluster.metadata         ] [node_0] [idx] update_mapping [type] (dynamic)
[2014-02-18 15:36:02,833][TRACE][action.search.type       ] [node_0] Moving to second phase, based on results from: [tbUF3y2YTPm1TPdTF8YBYw][idx][0],[YDkOVpQ0RLKhdd4JNL-RIg][idx][1] (cluster state version: 594)
[2014-02-18 15:36:02,841][TRACE][action.search.type       ] [node_1] Moving to second phase, based on results from: [tbUF3y2YTPm1TPdTF8YBYw][idx][0],[YDkOVpQ0RLKhdd4JNL-RIg][idx][1] (cluster state version: 594)
[2014-02-18 15:36:02,845][TRACE][action.search.type       ] [node_2] Moving to second phase, based on results from: [tbUF3y2YTPm1TPdTF8YBYw][idx][0],[YDkOVpQ0RLKhdd4JNL-RIg][idx][1] (cluster state version: 594)
[2014-02-18 15:36:02,849][TRACE][action.search.type       ] [node_2] Moving to second phase, based on results from: [tbUF3y2YTPm1TPdTF8YBYw][idx][0],[YDkOVpQ0RLKhdd4JNL-RIg][idx][1] (cluster state version: 594)
[2014-02-18 15:36:02,853][TRACE][action.search.type       ] [node_2] Moving to second phase, based on results from: [tbUF3y2YTPm1TPdTF8YBYw][idx][0],[YDkOVpQ0RLKhdd4JNL-RIg][idx][1] (cluster state version: 594)
[2014-02-18 15:36:02,857][TRACE][action.search.type       ] [node_0] Moving to second phase, based on results from: [tbUF3y2YTPm1TPdTF8YBYw][idx][0],[YDkOVpQ0RLKhdd4JNL-RIg][idx][1] (cluster state version: 594)
[2014-02-18 15:36:02,861][TRACE][action.search.type       ] [node_2] Moving to second phase, based on results from: [tbUF3y2YTPm1TPdTF8YBYw][idx][0],[YDkOVpQ0RLKhdd4JNL-RIg][idx][1] (cluster state version: 594)
[2014-02-18 15:36:02,866][TRACE][action.search.type       ] [node_2] Moving to second phase, based on results from: [tbUF3y2YTPm1TPdTF8YBYw][idx][0],[YDkOVpQ0RLKhdd4JNL-RIg][idx][1] (cluster state version: 594)
[2014-02-18 15:36:02,870][TRACE][action.search.type       ] [node_2] Moving to second phase, based on results from: [tbUF3y2YTPm1TPdTF8YBYw][idx][0],[YDkOVpQ0RLKhdd4JNL-RIg][idx][1] (cluster state version: 594)
[2014-02-18 15:36:02,874][TRACE][action.search.type       ] [node_1] Moving to second phase, based on results from: [tbUF3y2YTPm1TPdTF8YBYw][idx][0],[YDkOVpQ0RLKhdd4JNL-RIg][idx][1] (cluster state version: 594)
[2014-02-18 15:36:02,878][TRACE][action.search.type       ] [node_1] Moving to second phase, based on results from: [tbUF3y2YTPm1TPdTF8YBYw][idx][0],[YDkOVpQ0RLKhdd4JNL-RIg][idx][1] (cluster state version: 594)
[2014-02-18 15:36:02,881][TRACE][action.search.type       ] [node_2] Moving to second phase, based on results from: [tbUF3y2YTPm1TPdTF8YBYw][idx][0],[YDkOVpQ0RLKhdd4JNL-RIg][idx][1] (cluster state version: 594)
[2014-02-18 15:36:02,886][TRACE][action.search.type       ] [node_2] Moving to second phase, based on results from: [tbUF3y2YTPm1TPdTF8YBYw][idx][0],[YDkOVpQ0RLKhdd4JNL-RIg][idx][1] (cluster state version: 594)
[2014-02-18 15:36:02,890][TRACE][action.search.type       ] [node_1] Moving to second phase, based on results from: [tbUF3y2YTPm1TPdTF8YBYw][idx][0],[YDkOVpQ0RLKhdd4JNL-RIg][idx][1] (cluster state version: 594)
[2014-02-18 15:36:02,893][TRACE][action.search.type       ] [node_1] Moving to second phase, based on results from: [tbUF3y2YTPm1TPdTF8YBYw][idx][0],[YDkOVpQ0RLKhdd4JNL-RIg][idx][1] (cluster state version: 594)
[2014-02-18 15:36:02,897][TRACE][action.search.type       ] [node_0] Moving to second phase, based on results from: [tbUF3y2YTPm1TPdTF8YBYw][idx][0],[YDkOVpQ0RLKhdd4JNL-RIg][idx][1] (cluster state version: 594)
[2014-02-18 15:36:02,901][TRACE][action.search.type       ] [node_2] Moving to second phase, based on results from: [tbUF3y2YTPm1TPdTF8YBYw][idx][0],[YDkOVpQ0RLKhdd4JNL-RIg][idx][1] (cluster state version: 594)
[2014-02-18 15:36:02,905][TRACE][action.search.type       ] [node_1] Moving to second phase, based on results from: [tbUF3y2YTPm1TPdTF8YBYw][idx][0],[YDkOVpQ0RLKhdd4JNL-RIg][idx][1] (cluster state version: 594)
[2014-02-18 15:36:02,909][TRACE][action.search.type       ] [node_0] Moving to second phase, based on results from: [tbUF3y2YTPm1TPdTF8YBYw][idx][0],[YDkOVpQ0RLKhdd4JNL-RIg][idx][1] (cluster state version: 594)
[2014-02-18 15:36:02,913][TRACE][action.search.type       ] [node_0] Moving to second phase, based on results from: [tbUF3y2YTPm1TPdTF8YBYw][idx][0],[YDkOVpQ0RLKhdd4JNL-RIg][idx][1] (cluster state version: 594)
[2014-02-18 15:36:02,917][TRACE][action.search.type       ] [node_0] Moving to second phase, based on results from: [tbUF3y2YTPm1TPdTF8YBYw][idx][0],[YDkOVpQ0RLKhdd4JNL-RIg][idx][1] (cluster state version: 594)
[2014-02-18 15:36:02,918][INFO ][search.aggregations.bucket] [MinDocCountTests#testStringScriptCountAsc]: cleaning up after test
[2014-02-18 15:36:02,919][INFO ][cluster.metadata         ] [node_0] [idx] deleting index
[2014-02-18 15:36:02,947][INFO ][search.aggregations.bucket] [MinDocCountTests#testStringScriptCountAsc]: cleaned up after test
[2014-02-18 15:36:02,957][INFO ][test                     ] Test testStringScriptCountAsc(org.elasticsearch.search.aggregations.bucket.MinDocCountTests) finished
[2014-02-18 15:36:02,958][INFO ][test                     ] Test testStringCountAsc(org.elasticsearch.search.aggregations.bucket.MinDocCountTests) started
[2014-02-18 15:36:02,963][INFO ][search.aggregations.bucket] [MinDocCountTests#testStringCountAsc]: before test
[2014-02-18 15:36:02,975][INFO ][cluster.metadata         ] [node_0] [idx] creating index, cause [api], shards [4]/[1], mappings []
[2014-02-18 15:36:03,045][INFO ][plugins                  ] [transport_client_node_2] loaded [], sites []
[2014-02-18 15:36:03,100][INFO ][plugins                  ] [transport_client_node_0] loaded [], sites []
[2014-02-18 15:36:03,163][INFO ][search.aggregations.bucket] Index [66] docs async: [true] bulk: [false]
[2014-02-18 15:36:03,239][INFO ][cluster.metadata         ] [node_0] [idx] update_mapping [type] (dynamic)
[2014-02-18 15:36:03,733][TRACE][action.search.type       ] [node_0] Moving to second phase, based on results from: [YDkOVpQ0RLKhdd4JNL-RIg][idx][0],[Y-GAf-d9TnWBgKZR_Cw0qw][idx][3],[Y-GAf-d9TnWBgKZR_Cw0qw][idx][2],[YDkOVpQ0RLKhdd4JNL-RIg][idx][1] (cluster state version: 604)
[2014-02-18 15:36:03,740][TRACE][action.search.type       ] [node_2] Moving to second phase, based on results from: [tbUF3y2YTPm1TPdTF8YBYw][idx][0],[tbUF3y2YTPm1TPdTF8YBYw][idx][3],[Y-GAf-d9TnWBgKZR_Cw0qw][idx][2],[Y-GAf-d9TnWBgKZR_Cw0qw][idx][1] (cluster state version: 604)
[2014-02-18 15:36:03,743][TRACE][action.search.type       ] [node_1] Moving to second phase, based on results from: [YDkOVpQ0RLKhdd4JNL-RIg][idx][0],[Y-GAf-d9TnWBgKZR_Cw0qw][idx][3],[Y-GAf-d9TnWBgKZR_Cw0qw][idx][2],[YDkOVpQ0RLKhdd4JNL-RIg][idx][1] (cluster state version: 604)
[2014-02-18 15:36:03,748][TRACE][action.search.type       ] [node_1] Moving to second phase, based on results from: [tbUF3y2YTPm1TPdTF8YBYw][idx][0],[tbUF3y2YTPm1TPdTF8YBYw][idx][3],[YDkOVpQ0RLKhdd4JNL-RIg][idx][2],[Y-GAf-d9TnWBgKZR_Cw0qw][idx][1] (cluster state version: 604)
[2014-02-18 15:36:03,751][TRACE][action.search.type       ] [node_0] Moving to second phase, based on results from: [tbUF3y2YTPm1TPdTF8YBYw][idx][0],[tbUF3y2YTPm1TPdTF8YBYw][idx][3],[YDkOVpQ0RLKhdd4JNL-RIg][idx][2],[Y-GAf-d9TnWBgKZR_Cw0qw][idx][1] (cluster state version: 604)
[2014-02-18 15:36:03,753][TRACE][action.search.type       ] [node_0] Moving to second phase, based on results from: [YDkOVpQ0RLKhdd4JNL-RIg][idx][0],[Y-GAf-d9TnWBgKZR_Cw0qw][idx][3],[Y-GAf-d9TnWBgKZR_Cw0qw][idx][2],[YDkOVpQ0RLKhdd4JNL-RIg][idx][1] (cluster state version: 604)
[2014-02-18 15:36:03,756][TRACE][action.search.type       ] [node_2] Moving to second phase, based on results from: [YDkOVpQ0RLKhdd4JNL-RIg][idx][0],[Y-GAf-d9TnWBgKZR_Cw0qw][idx][3],[YDkOVpQ0RLKhdd4JNL-RIg][idx][2],[YDkOVpQ0RLKhdd4JNL-RIg][idx][1] (cluster state version: 604)
[2014-02-18 15:36:03,758][TRACE][action.search.type       ] [node_0] Moving to second phase, based on results from: [tbUF3y2YTPm1TPdTF8YBYw][idx][0],[tbUF3y2YTPm1TPdTF8YBYw][idx][3],[YDkOVpQ0RLKhdd4JNL-RIg][idx][2],[Y-GAf-d9TnWBgKZR_Cw0qw][idx][1] (cluster state version: 604)
[2014-02-18 15:36:03,762][TRACE][action.search.type       ] [node_0] Moving to second phase, based on results from: [YDkOVpQ0RLKhdd4JNL-RIg][idx][0],[Y-GAf-d9TnWBgKZR_Cw0qw][idx][3],[Y-GAf-d9TnWBgKZR_Cw0qw][idx][2],[YDkOVpQ0RLKhdd4JNL-RIg][idx][1] (cluster state version: 604)
[2014-02-18 15:36:03,766][TRACE][action.search.type       ] [node_2] Moving to second phase, based on results from: [tbUF3y2YTPm1TPdTF8YBYw][idx][0],[tbUF3y2YTPm1TPdTF8YBYw][idx][3],[Y-GAf-d9TnWBgKZR_Cw0qw][idx][2],[Y-GAf-d9TnWBgKZR_Cw0qw][idx][1] (cluster state version: 604)
[2014-02-18 15:36:03,770][TRACE][action.search.type       ] [node_2] Moving to second phase, based on results from: [YDkOVpQ0RLKhdd4JNL-RIg][idx][0],[Y-GAf-d9TnWBgKZR_Cw0qw][idx][3],[YDkOVpQ0RLKhdd4JNL-RIg][idx][2],[YDkOVpQ0RLKhdd4JNL-RIg][idx][1] (cluster state version: 604)
[2014-02-18 15:36:03,774][TRACE][action.search.type       ] [node_2] Moving to second phase, based on results from: [tbUF3y2YTPm1TPdTF8YBYw][idx][0],[tbUF3y2YTPm1TPdTF8YBYw][idx][3],[Y-GAf-d9TnWBgKZR_Cw0qw][idx][2],[Y-GAf-d9TnWBgKZR_Cw0qw][idx][1] (cluster state version: 604)
[2014-02-18 15:36:03,776][TRACE][action.search.type       ] [node_2] Moving to second phase, based on results from: [YDkOVpQ0RLKhdd4JNL-RIg][idx][0],[Y-GAf-d9TnWBgKZR_Cw0qw][idx][3],[YDkOVpQ0RLKhdd4JNL-RIg][idx][2],[YDkOVpQ0RLKhdd4JNL-RIg][idx][1] (cluster state version: 604)
[2014-02-18 15:36:03,779][TRACE][action.search.type       ] [node_1] Moving to second phase, based on results from: [YDkOVpQ0RLKhdd4JNL-RIg][idx][0],[Y-GAf-d9TnWBgKZR_Cw0qw][idx][3],[Y-GAf-d9TnWBgKZR_Cw0qw][idx][2],[YDkOVpQ0RLKhdd4JNL-RIg][idx][1] (cluster state version: 604)
[2014-02-18 15:36:03,782][TRACE][action.search.type       ] [node_1] Moving to second phase, based on results from: [tbUF3y2YTPm1TPdTF8YBYw][idx][0],[tbUF3y2YTPm1TPdTF8YBYw][idx][3],[YDkOVpQ0RLKhdd4JNL-RIg][idx][2],[Y-GAf-d9TnWBgKZR_Cw0qw][idx][1] (cluster state version: 604)
[2014-02-18 15:36:03,785][TRACE][action.search.type       ] [node_1] Moving to second phase, based on results from: [YDkOVpQ0RLKhdd4JNL-RIg][idx][0],[Y-GAf-d9TnWBgKZR_Cw0qw][idx][3],[Y-GAf-d9TnWBgKZR_Cw0qw][idx][2],[YDkOVpQ0RLKhdd4JNL-RIg][idx][1] (cluster state version: 604)
[2014-02-18 15:36:03,788][TRACE][action.search.type       ] [node_1] Moving to second phase, based on results from: [tbUF3y2YTPm1TPdTF8YBYw][idx][0],[tbUF3y2YTPm1TPdTF8YBYw][idx][3],[YDkOVpQ0RLKhdd4JNL-RIg][idx][2],[Y-GAf-d9TnWBgKZR_Cw0qw][idx][1] (cluster state version: 604)
[2014-02-18 15:36:03,790][TRACE][action.search.type       ] [node_0] Moving to second phase, based on results from: [tbUF3y2YTPm1TPdTF8YBYw][idx][0],[tbUF3y2YTPm1TPdTF8YBYw][idx][3],[YDkOVpQ0RLKhdd4JNL-RIg][idx][2],[Y-GAf-d9TnWBgKZR_Cw0qw][idx][1] (cluster state version: 604)
[2014-02-18 15:36:03,793][TRACE][action.search.type       ] [node_1] Moving to second phase, based on results from: [YDkOVpQ0RLKhdd4JNL-RIg][idx][0],[Y-GAf-d9TnWBgKZR_Cw0qw][idx][3],[Y-GAf-d9TnWBgKZR_Cw0qw][idx][2],[YDkOVpQ0RLKhdd4JNL-RIg][idx][1] (cluster state version: 604)
[2014-02-18 15:36:03,797][TRACE][action.search.type       ] [node_2] Moving to second phase, based on results from: [tbUF3y2YTPm1TPdTF8YBYw][idx][0],[tbUF3y2YTPm1TPdTF8YBYw][idx][3],[Y-GAf-d9TnWBgKZR_Cw0qw][idx][2],[Y-GAf-d9TnWBgKZR_Cw0qw][idx][1] (cluster state version: 604)
[2014-02-18 15:36:03,801][TRACE][action.search.type       ] [node_1] Moving to second phase, based on results from: [tbUF3y2YTPm1TPdTF8YBYw][idx][0],[tbUF3y2YTPm1TPdTF8YBYw][idx][3],[YDkOVpQ0RLKhdd4JNL-RIg][idx][2],[Y-GAf-d9TnWBgKZR_Cw0qw][idx][1] (cluster state version: 604)
[2014-02-18 15:36:03,801][INFO ][search.aggregations.bucket] [MinDocCountTests#testStringCountAsc]: cleaning up after test
[2014-02-18 15:36:03,803][INFO ][cluster.metadata         ] [node_0] [idx] deleting index
[2014-02-18 15:36:03,861][INFO ][search.aggregations.bucket] [MinDocCountTests#testStringCountAsc]: cleaned up after test
[2014-02-18 15:36:03,872][INFO ][test                     ] Test testStringCountAsc(org.elasticsearch.search.aggregations.bucket.MinDocCountTests) finished
[2014-02-18 15:36:03,873][INFO ][test                     ] Test testDoubleScriptCountAsc(org.elasticsearch.search.aggregations.bucket.MinDocCountTests) started
[2014-02-18 15:36:03,876][INFO ][plugins                  ] [transport_client_node_2] loaded [], sites []
[2014-02-18 15:36:03,910][INFO ][plugins                  ] [transport_client_node_0] loaded [], sites []
[2014-02-18 15:36:03,942][INFO ][search.aggregations.bucket] [MinDocCountTests#testDoubleScriptCountAsc]: before test
[2014-02-18 15:36:03,953][INFO ][cluster.metadata         ] [node_0] [idx] creating index, cause [api], shards [2]/[0], mappings []
[2014-02-18 15:36:04,005][INFO ][search.aggregations.bucket] Index [116] docs async: [true] bulk: [false]
[2014-02-18 15:36:04,011][INFO ][cluster.metadata         ] [node_0] [idx] update_mapping [type] (dynamic)
[2014-02-18 15:36:04,575][TRACE][action.search.type       ] [node_0] Moving to second phase, based on results from: [tbUF3y2YTPm1TPdTF8YBYw][idx][0],[YDkOVpQ0RLKhdd4JNL-RIg][idx][1] (cluster state version: 610)
[2014-02-18 15:36:04,581][TRACE][action.search.type       ] [node_1] Moving to second phase, based on results from: [tbUF3y2YTPm1TPdTF8YBYw][idx][0],[YDkOVpQ0RLKhdd4JNL-RIg][idx][1] (cluster state version: 610)
[2014-02-18 15:36:04,586][TRACE][action.search.type       ] [node_1] Moving to second phase, based on results from: [tbUF3y2YTPm1TPdTF8YBYw][idx][0],[YDkOVpQ0RLKhdd4JNL-RIg][idx][1] (cluster state version: 610)
[2014-02-18 15:36:04,605][TRACE][action.search.type       ] [node_1] Moving to second phase, based on results from: [tbUF3y2YTPm1TPdTF8YBYw][idx][0],[YDkOVpQ0RLKhdd4JNL-RIg][idx][1] (cluster state version: 610)
[2014-02-18 15:36:04,609][TRACE][action.search.type       ] [node_0] Moving to second phase, based on results from: [tbUF3y2YTPm1TPdTF8YBYw][idx][0],[YDkOVpQ0RLKhdd4JNL-RIg][idx][1] (cluster state version: 610)
[2014-02-18 15:36:04,613][TRACE][action.search.type       ] [node_1] Moving to second phase, based on results from: [tbUF3y2YTPm1TPdTF8YBYw][idx][0],[YDkOVpQ0RLKhdd4JNL-RIg][idx][1] (cluster state version: 610)
[2014-02-18 15:36:04,618][TRACE][action.search.type       ] [node_1] Moving to second phase, based on results from: [tbUF3y2YTPm1TPdTF8YBYw][idx][0],[YDkOVpQ0RLKhdd4JNL-RIg][idx][1] (cluster state version: 610)
[2014-02-18 15:36:04,622][TRACE][action.search.type       ] [node_2] Moving to second phase, based on results from: [tbUF3y2YTPm1TPdTF8YBYw][idx][0],[YDkOVpQ0RLKhdd4JNL-RIg][idx][1] (cluster state version: 610)
[2014-02-18 15:36:04,626][TRACE][action.search.type       ] [node_0] Moving to second phase, based on results from: [tbUF3y2YTPm1TPdTF8YBYw][idx][0],[YDkOVpQ0RLKhdd4JNL-RIg][idx][1] (cluster state version: 610)
[2014-02-18 15:36:04,630][TRACE][action.search.type       ] [node_2] Moving to second phase, based on results from: [tbUF3y2YTPm1TPdTF8YBYw][idx][0],[YDkOVpQ0RLKhdd4JNL-RIg][idx][1] (cluster state version: 610)
[2014-02-18 15:36:04,635][TRACE][action.search.type       ] [node_2] Moving to second phase, based on results from: [tbUF3y2YTPm1TPdTF8YBYw][idx][0],[YDkOVpQ0RLKhdd4JNL-RIg][idx][1] (cluster state version: 610)
[2014-02-18 15:36:04,639][TRACE][action.search.type       ] [node_0] Moving to second phase, based on results from: [tbUF3y2YTPm1TPdTF8YBYw][idx][0],[YDkOVpQ0RLKhdd4JNL-RIg][idx][1] (cluster state version: 610)
[2014-02-18 15:36:04,644][TRACE][action.search.type       ] [node_1] Moving to second phase, based on results from: [tbUF3y2YTPm1TPdTF8YBYw][idx][0],[YDkOVpQ0RLKhdd4JNL-RIg][idx][1] (cluster state version: 610)
[2014-02-18 15:36:04,648][TRACE][action.search.type       ] [node_2] Moving to second phase, based on results from: [tbUF3y2YTPm1TPdTF8YBYw][idx][0],[YDkOVpQ0RLKhdd4JNL-RIg][idx][1] (cluster state version: 610)
[2014-02-18 15:36:04,652][TRACE][action.search.type       ] [node_0] Moving to second phase, based on results from: [tbUF3y2YTPm1TPdTF8YBYw][idx][0],[YDkOVpQ0RLKhdd4JNL-RIg][idx][1] (cluster state version: 610)
[2014-02-18 15:36:04,657][TRACE][action.search.type       ] [node_1] Moving to second phase, based on results from: [tbUF3y2YTPm1TPdTF8YBYw][idx][0],[YDkOVpQ0RLKhdd4JNL-RIg][idx][1] (cluster state version: 610)
[2014-02-18 15:36:04,661][TRACE][action.search.type       ] [node_0] Moving to second phase, based on results from: [tbUF3y2YTPm1TPdTF8YBYw][idx][0],[YDkOVpQ0RLKhdd4JNL-RIg][idx][1] (cluster state version: 610)
[2014-02-18 15:36:04,665][TRACE][action.search.type       ] [node_2] Moving to second phase, based on results from: [tbUF3y2YTPm1TPdTF8YBYw][idx][0],[YDkOVpQ0RLKhdd4JNL-RIg][idx][1] (cluster state version: 610)
[2014-02-18 15:36:04,670][TRACE][action.search.type       ] [node_1] Moving to second phase, based on results from: [tbUF3y2YTPm1TPdTF8YBYw][idx][0],[YDkOVpQ0RLKhdd4JNL-RIg][idx][1] (cluster state version: 610)
[2014-02-18 15:36:04,675][TRACE][action.search.type       ] [node_1] Moving to second phase, based on results from: [tbUF3y2YTPm1TPdTF8YBYw][idx][0],[YDkOVpQ0RLKhdd4JNL-RIg][idx][1] (cluster state version: 610)
[2014-02-18 15:36:04,679][TRACE][action.search.type       ] [node_2] Moving to second phase, based on results from: [tbUF3y2YTPm1TPdTF8YBYw][idx][0],[YDkOVpQ0RLKhdd4JNL-RIg][idx][1] (cluster state version: 610)
[2014-02-18 15:36:04,680][INFO ][search.aggregations.bucket] [MinDocCountTests#testDoubleScriptCountAsc]: cleaning up after test
[2014-02-18 15:36:04,681][INFO ][cluster.metadata         ] [node_0] [idx] deleting index
[2014-02-18 15:36:04,781][INFO ][search.aggregations.bucket] [MinDocCountTests#testDoubleScriptCountAsc]: cleaned up after test
[2014-02-18 15:36:04,796][INFO ][test                     ] Test testDoubleScriptCountAsc(org.elasticsearch.search.aggregations.bucket.MinDocCountTests) finished
[2014-02-18 15:36:04,797][INFO ][test                     ] Test testStringScriptCountDescWithInclude(org.elasticsearch.search.aggregations.bucket.MinDocCountTests) started
[2014-02-18 15:36:04,802][INFO ][plugins                  ] [transport_client_node_2] loaded [], sites []
[2014-02-18 15:36:04,842][INFO ][search.aggregations.bucket] [MinDocCountTests#testStringScriptCountDescWithInclude]: before test
[2014-02-18 15:36:04,844][INFO ][plugins                  ] [transport_client_node_1] loaded [], sites []
[2014-02-18 15:36:04,887][INFO ][cluster.metadata         ] [node_0] [idx] creating index, cause [api], shards [3]/[0], mappings []
[2014-02-18 15:36:04,948][INFO ][search.aggregations.bucket] Index [53] docs async: [false] bulk: [true]
[2014-02-18 15:36:04,962][INFO ][cluster.metadata         ] [node_0] [idx] update_mapping [type] (dynamic)
[2014-02-18 15:36:05,085][TRACE][action.search.type       ] [node_2] Moving to second phase, based on results from: [tbUF3y2YTPm1TPdTF8YBYw][idx][0],[Y-GAf-d9TnWBgKZR_Cw0qw][idx][2],[YDkOVpQ0RLKhdd4JNL-RIg][idx][1] (cluster state version: 616)
[2014-02-18 15:36:05,089][TRACE][action.search.type       ] [node_0] Moving to second phase, based on results from: [tbUF3y2YTPm1TPdTF8YBYw][idx][0],[Y-GAf-d9TnWBgKZR_Cw0qw][idx][2],[YDkOVpQ0RLKhdd4JNL-RIg][idx][1] (cluster state version: 616)
[2014-02-18 15:36:05,091][TRACE][action.search.type       ] [node_0] Moving to second phase, based on results from: [tbUF3y2YTPm1TPdTF8YBYw][idx][0],[Y-GAf-d9TnWBgKZR_Cw0qw][idx][2],[YDkOVpQ0RLKhdd4JNL-RIg][idx][1] (cluster state version: 616)
[2014-02-18 15:36:05,094][TRACE][action.search.type       ] [node_0] Moving to second phase, based on results from: [tbUF3y2YTPm1TPdTF8YBYw][idx][0],[Y-GAf-d9TnWBgKZR_Cw0qw][idx][2],[YDkOVpQ0RLKhdd4JNL-RIg][idx][1] (cluster state version: 616)
[2014-02-18 15:36:05,096][TRACE][action.search.type       ] [node_2] Moving to second phase, based on results from: [tbUF3y2YTPm1TPdTF8YBYw][idx][0],[Y-GAf-d9TnWBgKZR_Cw0qw][idx][2],[YDkOVpQ0RLKhdd4JNL-RIg][idx][1] (cluster state version: 616)
[2014-02-18 15:36:05,100][TRACE][action.search.type       ] [node_2] Moving to second phase, based on results from: [tbUF3y2YTPm1TPdTF8YBYw][idx][0],[Y-GAf-d9TnWBgKZR_Cw0qw][idx][2],[YDkOVpQ0RLKhdd4JNL-RIg][idx][1] (cluster state version: 616)
[2014-02-18 15:36:05,103][TRACE][action.search.type       ] [node_2] Moving to second phase, based on results from: [tbUF3y2YTPm1TPdTF8YBYw][idx][0],[Y-GAf-d9TnWBgKZR_Cw0qw][idx][2],[YDkOVpQ0RLKhdd4JNL-RIg][idx][1] (cluster state version: 616)
[2014-02-18 15:36:05,107][TRACE][action.search.type       ] [node_2] Moving to second phase, based on results from: [tbUF3y2YTPm1TPdTF8YBYw][idx][0],[Y-GAf-d9TnWBgKZR_Cw0qw][idx][2],[YDkOVpQ0RLKhdd4JNL-RIg][idx][1] (cluster state version: 616)
[2014-02-18 15:36:05,110][TRACE][action.search.type       ] [node_1] Moving to second phase, based on results from: [tbUF3y2YTPm1TPdTF8YBYw][idx][0],[Y-GAf-d9TnWBgKZR_Cw0qw][idx][2],[YDkOVpQ0RLKhdd4JNL-RIg][idx][1] (cluster state version: 616)
[2014-02-18 15:36:05,114][TRACE][action.search.type       ] [node_0] Moving to second phase, based on results from: [tbUF3y2YTPm1TPdTF8YBYw][idx][0],[Y-GAf-d9TnWBgKZR_Cw0qw][idx][2],[YDkOVpQ0RLKhdd4JNL-RIg][idx][1] (cluster state version: 616)
[2014-02-18 15:36:05,117][TRACE][action.search.type       ] [node_1] Moving to second phase, based on results from: [tbUF3y2YTPm1TPdTF8YBYw][idx][0],[Y-GAf-d9TnWBgKZR_Cw0qw][idx][2],[YDkOVpQ0RLKhdd4JNL-RIg][idx][1] (cluster state version: 616)
[2014-02-18 15:36:05,120][TRACE][action.search.type       ] [node_0] Moving to second phase, based on results from: [tbUF3y2YTPm1TPdTF8YBYw][idx][0],[Y-GAf-d9TnWBgKZR_Cw0qw][idx][2],[YDkOVpQ0RLKhdd4JNL-RIg][idx][1] (cluster state version: 616)
[2014-02-18 15:36:05,123][TRACE][action.search.type       ] [node_0] Moving to second phase, based on results from: [tbUF3y2YTPm1TPdTF8YBYw][idx][0],[Y-GAf-d9TnWBgKZR_Cw0qw][idx][2],[YDkOVpQ0RLKhdd4JNL-RIg][idx][1] (cluster state version: 616)
[2014-02-18 15:36:05,125][TRACE][action.search.type       ] [node_2] Moving to second phase, based on results from: [tbUF3y2YTPm1TPdTF8YBYw][idx][0],[Y-GAf-d9TnWBgKZR_Cw0qw][idx][2],[YDkOVpQ0RLKhdd4JNL-RIg][idx][1] (cluster state version: 616)
[2014-02-18 15:36:05,128][TRACE][action.search.type       ] [node_1] Moving to second phase, based on results from: [tbUF3y2YTPm1TPdTF8YBYw][idx][0],[Y-GAf-d9TnWBgKZR_Cw0qw][idx][2],[YDkOVpQ0RLKhdd4JNL-RIg][idx][1] (cluster state version: 616)
[2014-02-18 15:36:05,131][TRACE][action.search.type       ] [node_1] Moving to second phase, based on results from: [tbUF3y2YTPm1TPdTF8YBYw][idx][0],[Y-GAf-d9TnWBgKZR_Cw0qw][idx][2],[YDkOVpQ0RLKhdd4JNL-RIg][idx][1] (cluster state version: 616)
[2014-02-18 15:36:05,135][TRACE][action.search.type       ] [node_0] Moving to second phase, based on results from: [tbUF3y2YTPm1TPdTF8YBYw][idx][0],[Y-GAf-d9TnWBgKZR_Cw0qw][idx][2],[YDkOVpQ0RLKhdd4JNL-RIg][idx][1] (cluster state version: 616)
[2014-02-18 15:36:05,137][TRACE][action.search.type       ] [node_2] Moving to second phase, based on results from: [tbUF3y2YTPm1TPdTF8YBYw][idx][0],[Y-GAf-d9TnWBgKZR_Cw0qw][idx][2],[YDkOVpQ0RLKhdd4JNL-RIg][idx][1] (cluster state version: 616)
[2014-02-18 15:36:05,140][TRACE][action.search.type       ] [node_2] Moving to second phase, based on results from: [tbUF3y2YTPm1TPdTF8YBYw][idx][0],[Y-GAf-d9TnWBgKZR_Cw0qw][idx][2],[YDkOVpQ0RLKhdd4JNL-RIg][idx][1] (cluster state version: 616)
[2014-02-18 15:36:05,143][TRACE][action.search.type       ] [node_1] Moving to second phase, based on results from: [tbUF3y2YTPm1TPdTF8YBYw][idx][0],[Y-GAf-d9TnWBgKZR_Cw0qw][idx][2],[YDkOVpQ0RLKhdd4JNL-RIg][idx][1] (cluster state version: 616)
[2014-02-18 15:36:05,146][TRACE][action.search.type       ] [node_1] Moving to second phase, based on results from: [tbUF3y2YTPm1TPdTF8YBYw][idx][0],[Y-GAf-d9TnWBgKZR_Cw0qw][idx][2],[YDkOVpQ0RLKhdd4JNL-RIg][idx][1] (cluster state version: 616)
[2014-02-18 15:36:05,147][INFO ][search.aggregations.bucket] [MinDocCountTests#testStringScriptCountDescWithInclude]: cleaning up after test
[2014-02-18 15:36:05,149][INFO ][cluster.metadata         ] [node_0] [idx] deleting index
[2014-02-18 15:36:05,185][INFO ][search.aggregations.bucket] [MinDocCountTests#testStringScriptCountDescWithInclude]: cleaned up after test
[2014-02-18 15:36:05,196][INFO ][test                     ] Test testStringScriptCountDescWithInclude(org.elasticsearch.search.aggregations.bucket.MinDocCountTests) finished
[2014-02-18 15:36:05,197][INFO ][test                     ] Test testStringCountDesc(org.elasticsearch.search.aggregations.bucket.MinDocCountTests) started
[2014-02-18 15:36:05,202][INFO ][plugins                  ] [transport_client_node_2] loaded [], sites []
[2014-02-18 15:36:05,242][INFO ][plugins                  ] [transport_client_node_0] loaded [], sites []
[2014-02-18 15:36:05,283][INFO ][search.aggregations.bucket] [MinDocCountTests#testStringCountDesc]: before test
[2014-02-18 15:36:05,285][INFO ][plugins                  ] [transport_client_node_1] loaded [], sites []
[2014-02-18 15:36:05,320][INFO ][cluster.metadata         ] [node_0] [idx] creating index, cause [api], shards [1]/[1], mappings []
[2014-02-18 15:36:05,350][INFO ][search.aggregations.bucket] Index [84] docs async: [true] bulk: [false]
[2014-02-18 15:36:05,375][INFO ][cluster.metadata         ] [node_0] [idx] update_mapping [type] (dynamic)
[2014-02-18 15:36:06,068][TRACE][action.search.type       ] [node_2] Moving to second phase, based on results from: [YDkOVpQ0RLKhdd4JNL-RIg][idx][0] (cluster state version: 623)
[2014-02-18 15:36:06,072][TRACE][action.search.type       ] [node_2] Moving to second phase, based on results from: [tbUF3y2YTPm1TPdTF8YBYw][idx][0] (cluster state version: 623)
[2014-02-18 15:36:06,074][TRACE][action.search.type       ] [node_1] Moving to second phase, based on results from: [YDkOVpQ0RLKhdd4JNL-RIg][idx][0] (cluster state version: 623)
[2014-02-18 15:36:06,075][TRACE][action.search.type       ] [node_2] Moving to second phase, based on results from: [YDkOVpQ0RLKhdd4JNL-RIg][idx][0] (cluster state version: 623)
[2014-02-18 15:36:06,078][TRACE][action.search.type       ] [node_1] Moving to second phase, based on results from: [tbUF3y2YTPm1TPdTF8YBYw][idx][0] (cluster state version: 623)
[2014-02-18 15:36:06,082][TRACE][action.search.type       ] [node_0] Moving to second phase, based on results from: [tbUF3y2YTPm1TPdTF8YBYw][idx][0] (cluster state version: 623)
[2014-02-18 15:36:06,085][TRACE][action.search.type       ] [node_2] Moving to second phase, based on results from: [tbUF3y2YTPm1TPdTF8YBYw][idx][0] (cluster state version: 623)
[2014-02-18 15:36:06,087][TRACE][action.search.type       ] [node_1] Moving to second phase, based on results from: [YDkOVpQ0RLKhdd4JNL-RIg][idx][0] (cluster state version: 623)
[2014-02-18 15:36:06,089][TRACE][action.search.type       ] [node_0] Moving to second phase, based on results from: [YDkOVpQ0RLKhdd4JNL-RIg][idx][0] (cluster state version: 623)
[2014-02-18 15:36:06,091][TRACE][action.search.type       ] [node_2] Moving to second phase, based on results from: [YDkOVpQ0RLKhdd4JNL-RIg][idx][0] (cluster state version: 623)
[2014-02-18 15:36:06,093][TRACE][action.search.type       ] [node_2] Moving to second phase, based on results from: [tbUF3y2YTPm1TPdTF8YBYw][idx][0] (cluster state version: 623)
[2014-02-18 15:36:06,096][TRACE][action.search.type       ] [node_1] Moving to second phase, based on results from: [tbUF3y2YTPm1TPdTF8YBYw][idx][0] (cluster state version: 623)
[2014-02-18 15:36:06,098][TRACE][action.search.type       ] [node_2] Moving to second phase, based on results from: [YDkOVpQ0RLKhdd4JNL-RIg][idx][0] (cluster state version: 623)
[2014-02-18 15:36:06,100][TRACE][action.search.type       ] [node_2] Moving to second phase, based on results from: [tbUF3y2YTPm1TPdTF8YBYw][idx][0] (cluster state version: 623)
[2014-02-18 15:36:06,102][TRACE][action.search.type       ] [node_2] Moving to second phase, based on results from: [YDkOVpQ0RLKhdd4JNL-RIg][idx][0] (cluster state version: 623)
[2014-02-18 15:36:06,104][TRACE][action.search.type       ] [node_1] Moving to second phase, based on results from: [YDkOVpQ0RLKhdd4JNL-RIg][idx][0] (cluster state version: 623)
[2014-02-18 15:36:06,107][TRACE][action.search.type       ] [node_2] Moving to second phase, based on results from: [tbUF3y2YTPm1TPdTF8YBYw][idx][0] (cluster state version: 623)
[2014-02-18 15:36:06,109][TRACE][action.search.type       ] [node_1] Moving to second phase, based on results from: [tbUF3y2YTPm1TPdTF8YBYw][idx][0] (cluster state version: 623)
[2014-02-18 15:36:06,111][TRACE][action.search.type       ] [node_1] Moving to second phase, based on results from: [YDkOVpQ0RLKhdd4JNL-RIg][idx][0] (cluster state version: 623)
[2014-02-18 15:36:06,113][TRACE][action.search.type       ] [node_0] Moving to second phase, based on results from: [tbUF3y2YTPm1TPdTF8YBYw][idx][0] (cluster state version: 623)
[2014-02-18 15:36:06,116][TRACE][action.search.type       ] [node_0] Moving to second phase, based on results from: [YDkOVpQ0RLKhdd4JNL-RIg][idx][0] (cluster state version: 623)
[2014-02-18 15:36:06,116][INFO ][search.aggregations.bucket] [MinDocCountTests#testStringCountDesc]: cleaning up after test
[2014-02-18 15:36:06,117][INFO ][cluster.metadata         ] [node_0] [idx] deleting index
[2014-02-18 15:36:06,143][INFO ][search.aggregations.bucket] [MinDocCountTests#testStringCountDesc]: cleaned up after test
[2014-02-18 15:36:06,158][INFO ][test                     ] Test testStringCountDesc(org.elasticsearch.search.aggregations.bucket.MinDocCountTests) finished
[2014-02-18 15:36:06,159][INFO ][test                     ] Test testDoubleTermDesc(org.elasticsearch.search.aggregations.bucket.MinDocCountTests) started
[2014-02-18 15:36:06,163][INFO ][plugins                  ] [transport_client_node_1] loaded [], sites []
[2014-02-18 15:36:06,187][INFO ][plugins                  ] [transport_client_node_0] loaded [], sites []
[2014-02-18 15:36:06,211][INFO ][plugins                  ] [transport_client_node_2] loaded [], sites []
[2014-02-18 15:36:06,239][INFO ][search.aggregations.bucket] [MinDocCountTests#testDoubleTermDesc]: before test
[2014-02-18 15:36:06,248][INFO ][cluster.metadata         ] [node_0] [idx] creating index, cause [api], shards [3]/[1], mappings []
[2014-02-18 15:36:06,305][INFO ][search.aggregations.bucket] Index [80] docs async: [true] bulk: [false]
[2014-02-18 15:36:06,345][INFO ][cluster.metadata         ] [node_0] [idx] update_mapping [type] (dynamic)
[2014-02-18 15:36:06,959][TRACE][action.search.type       ] [node_2] Moving to second phase, based on results from: [tbUF3y2YTPm1TPdTF8YBYw][idx][0],[Y-GAf-d9TnWBgKZR_Cw0qw][idx][2],[YDkOVpQ0RLKhdd4JNL-RIg][idx][1] (cluster state version: 632)
[2014-02-18 15:36:06,962][TRACE][action.search.type       ] [node_0] Moving to second phase, based on results from: [tbUF3y2YTPm1TPdTF8YBYw][idx][0],[Y-GAf-d9TnWBgKZR_Cw0qw][idx][2],[YDkOVpQ0RLKhdd4JNL-RIg][idx][1] (cluster state version: 632)
[2014-02-18 15:36:06,968][TRACE][action.search.type       ] [node_2] Moving to second phase, based on results from: [YDkOVpQ0RLKhdd4JNL-RIg][idx][0],[tbUF3y2YTPm1TPdTF8YBYw][idx][2],[Y-GAf-d9TnWBgKZR_Cw0qw][idx][1] (cluster state version: 632)
[2014-02-18 15:36:06,971][TRACE][action.search.type       ] [node_1] Moving to second phase, based on results from: [tbUF3y2YTPm1TPdTF8YBYw][idx][0],[tbUF3y2YTPm1TPdTF8YBYw][idx][2],[YDkOVpQ0RLKhdd4JNL-RIg][idx][1] (cluster state version: 632)
[2014-02-18 15:36:06,975][TRACE][action.search.type       ] [node_1] Moving to second phase, based on results from: [YDkOVpQ0RLKhdd4JNL-RIg][idx][0],[Y-GAf-d9TnWBgKZR_Cw0qw][idx][2],[Y-GAf-d9TnWBgKZR_Cw0qw][idx][1] (cluster state version: 632)
[2014-02-18 15:36:06,978][TRACE][action.search.type       ] [node_0] Moving to second phase, based on results from: [YDkOVpQ0RLKhdd4JNL-RIg][idx][0],[tbUF3y2YTPm1TPdTF8YBYw][idx][2],[Y-GAf-d9TnWBgKZR_Cw0qw][idx][1] (cluster state version: 632)
[2014-02-18 15:36:06,981][TRACE][action.search.type       ] [node_0] Moving to second phase, based on results from: [tbUF3y2YTPm1TPdTF8YBYw][idx][0],[Y-GAf-d9TnWBgKZR_Cw0qw][idx][2],[YDkOVpQ0RLKhdd4JNL-RIg][idx][1] (cluster state version: 632)
[2014-02-18 15:36:06,985][TRACE][action.search.type       ] [node_2] Moving to second phase, based on results from: [tbUF3y2YTPm1TPdTF8YBYw][idx][0],[Y-GAf-d9TnWBgKZR_Cw0qw][idx][2],[YDkOVpQ0RLKhdd4JNL-RIg][idx][1] (cluster state version: 632)
[2014-02-18 15:36:06,988][TRACE][action.search.type       ] [node_0] Moving to second phase, based on results from: [YDkOVpQ0RLKhdd4JNL-RIg][idx][0],[tbUF3y2YTPm1TPdTF8YBYw][idx][2],[Y-GAf-d9TnWBgKZR_Cw0qw][idx][1] (cluster state version: 632)
[2014-02-18 15:36:06,991][TRACE][action.search.type       ] [node_1] Moving to second phase, based on results from: [tbUF3y2YTPm1TPdTF8YBYw][idx][0],[tbUF3y2YTPm1TPdTF8YBYw][idx][2],[YDkOVpQ0RLKhdd4JNL-RIg][idx][1] (cluster state version: 632)
[2014-02-18 15:36:06,994][TRACE][action.search.type       ] [node_1] Moving to second phase, based on results from: [YDkOVpQ0RLKhdd4JNL-RIg][idx][0],[Y-GAf-d9TnWBgKZR_Cw0qw][idx][2],[Y-GAf-d9TnWBgKZR_Cw0qw][idx][1] (cluster state version: 632)
[2014-02-18 15:36:06,997][TRACE][action.search.type       ] [node_1] Moving to second phase, based on results from: [tbUF3y2YTPm1TPdTF8YBYw][idx][0],[tbUF3y2YTPm1TPdTF8YBYw][idx][2],[YDkOVpQ0RLKhdd4JNL-RIg][idx][1] (cluster state version: 632)
[2014-02-18 15:36:07,000][TRACE][action.search.type       ] [node_2] Moving to second phase, based on results from: [YDkOVpQ0RLKhdd4JNL-RIg][idx][0],[tbUF3y2YTPm1TPdTF8YBYw][idx][2],[Y-GAf-d9TnWBgKZR_Cw0qw][idx][1] (cluster state version: 632)
[2014-02-18 15:36:07,003][TRACE][action.search.type       ] [node_0] Moving to second phase, based on results from: [tbUF3y2YTPm1TPdTF8YBYw][idx][0],[Y-GAf-d9TnWBgKZR_Cw0qw][idx][2],[YDkOVpQ0RLKhdd4JNL-RIg][idx][1] (cluster state version: 632)
[2014-02-18 15:36:07,005][TRACE][action.search.type       ] [node_1] Moving to second phase, based on results from: [YDkOVpQ0RLKhdd4JNL-RIg][idx][0],[Y-GAf-d9TnWBgKZR_Cw0qw][idx][2],[Y-GAf-d9TnWBgKZR_Cw0qw][idx][1] (cluster state version: 632)
[2014-02-18 15:36:07,009][TRACE][action.search.type       ] [node_1] Moving to second phase, based on results from: [tbUF3y2YTPm1TPdTF8YBYw][idx][0],[tbUF3y2YTPm1TPdTF8YBYw][idx][2],[YDkOVpQ0RLKhdd4JNL-RIg][idx][1] (cluster state version: 632)
[2014-02-18 15:36:07,013][TRACE][action.search.type       ] [node_0] Moving to second phase, based on results from: [YDkOVpQ0RLKhdd4JNL-RIg][idx][0],[tbUF3y2YTPm1TPdTF8YBYw][idx][2],[Y-GAf-d9TnWBgKZR_Cw0qw][idx][1] (cluster state version: 632)
[2014-02-18 15:36:07,017][TRACE][action.search.type       ] [node_2] Moving to second phase, based on results from: [tbUF3y2YTPm1TPdTF8YBYw][idx][0],[Y-GAf-d9TnWBgKZR_Cw0qw][idx][2],[YDkOVpQ0RLKhdd4JNL-RIg][idx][1] (cluster state version: 632)
[2014-02-18 15:36:07,021][TRACE][action.search.type       ] [node_2] Moving to second phase, based on results from: [YDkOVpQ0RLKhdd4JNL-RIg][idx][0],[tbUF3y2YTPm1TPdTF8YBYw][idx][2],[Y-GAf-d9TnWBgKZR_Cw0qw][idx][1] (cluster state version: 632)
[2014-02-18 15:36:07,025][TRACE][action.search.type       ] [node_1] Moving to second phase, based on results from: [YDkOVpQ0RLKhdd4JNL-RIg][idx][0],[Y-GAf-d9TnWBgKZR_Cw0qw][idx][2],[Y-GAf-d9TnWBgKZR_Cw0qw][idx][1] (cluster state version: 632)
[2014-02-18 15:36:07,028][TRACE][action.search.type       ] [node_1] Moving to second phase, based on results from: [tbUF3y2YTPm1TPdTF8YBYw][idx][0],[tbUF3y2YTPm1TPdTF8YBYw][idx][2],[YDkOVpQ0RLKhdd4JNL-RIg][idx][1] (cluster state version: 632)
[2014-02-18 15:36:07,029][INFO ][search.aggregations.bucket] [MinDocCountTests#testDoubleTermDesc]: cleaning up after test
[2014-02-18 15:36:07,032][INFO ][cluster.metadata         ] [node_0] [idx] deleting index
[2014-02-18 15:36:07,089][INFO ][search.aggregations.bucket] [MinDocCountTests#testDoubleTermDesc]: cleaned up after test
[2014-02-18 15:36:07,103][INFO ][test                     ] Test testDoubleTermDesc(org.elasticsearch.search.aggregations.bucket.MinDocCountTests) finished
[2014-02-18 15:36:07,104][INFO ][test                     ] Test testLongScriptTermDesc(org.elasticsearch.search.aggregations.bucket.MinDocCountTests) started
[2014-02-18 15:36:07,108][INFO ][plugins                  ] [transport_client_node_0] loaded [], sites []
[2014-02-18 15:36:07,136][INFO ][plugins                  ] [transport_client_node_1] loaded [], sites []
[2014-02-18 15:36:07,164][INFO ][plugins                  ] [transport_client_node_2] loaded [], sites []
[2014-02-18 15:36:07,197][INFO ][search.aggregations.bucket] [MinDocCountTests#testLongScriptTermDesc]: before test
[2014-02-18 15:36:07,208][INFO ][cluster.metadata         ] [node_0] [idx] creating index, cause [api], shards [5]/[1], mappings []
[2014-02-18 15:36:07,285][INFO ][search.aggregations.bucket] Index [38] docs async: [true] bulk: [false]
[2014-02-18 15:36:07,355][INFO ][cluster.metadata         ] [node_0] [idx] update_mapping [type] (dynamic)
[2014-02-18 15:36:07,907][TRACE][action.search.type       ] [node_0] Moving to second phase, based on results from: [YDkOVpQ0RLKhdd4JNL-RIg][idx][4],[YDkOVpQ0RLKhdd4JNL-RIg][idx][3],[tbUF3y2YTPm1TPdTF8YBYw][idx][2],[YDkOVpQ0RLKhdd4JNL-RIg][idx][1],[Y-GAf-d9TnWBgKZR_Cw0qw][idx][0] (cluster state version: 643)
[2014-02-18 15:36:07,912][TRACE][action.search.type       ] [node_2] Moving to second phase, based on results from: [YDkOVpQ0RLKhdd4JNL-RIg][idx][4],[tbUF3y2YTPm1TPdTF8YBYw][idx][3],[Y-GAf-d9TnWBgKZR_Cw0qw][idx][2],[Y-GAf-d9TnWBgKZR_Cw0qw][idx][1],[tbUF3y2YTPm1TPdTF8YBYw][idx][0] (cluster state version: 643)
[2014-02-18 15:36:07,916][TRACE][action.search.type       ] [node_2] Moving to second phase, based on results from: [Y-GAf-d9TnWBgKZR_Cw0qw][idx][4],[YDkOVpQ0RLKhdd4JNL-RIg][idx][3],[tbUF3y2YTPm1TPdTF8YBYw][idx][2],[YDkOVpQ0RLKhdd4JNL-RIg][idx][1],[Y-GAf-d9TnWBgKZR_Cw0qw][idx][0] (cluster state version: 643)
[2014-02-18 15:36:07,920][TRACE][action.search.type       ] [node_0] Moving to second phase, based on results from: [Y-GAf-d9TnWBgKZR_Cw0qw][idx][4],[tbUF3y2YTPm1TPdTF8YBYw][idx][3],[Y-GAf-d9TnWBgKZR_Cw0qw][idx][2],[Y-GAf-d9TnWBgKZR_Cw0qw][idx][1],[tbUF3y2YTPm1TPdTF8YBYw][idx][0] (cluster state version: 643)
[2014-02-18 15:36:07,924][TRACE][action.search.type       ] [node_0] Moving to second phase, based on results from: [YDkOVpQ0RLKhdd4JNL-RIg][idx][4],[YDkOVpQ0RLKhdd4JNL-RIg][idx][3],[tbUF3y2YTPm1TPdTF8YBYw][idx][2],[YDkOVpQ0RLKhdd4JNL-RIg][idx][1],[Y-GAf-d9TnWBgKZR_Cw0qw][idx][0] (cluster state version: 643)
[2014-02-18 15:36:07,927][TRACE][action.search.type       ] [node_2] Moving to second phase, based on results from: [YDkOVpQ0RLKhdd4JNL-RIg][idx][4],[tbUF3y2YTPm1TPdTF8YBYw][idx][3],[Y-GAf-d9TnWBgKZR_Cw0qw][idx][2],[Y-GAf-d9TnWBgKZR_Cw0qw][idx][1],[tbUF3y2YTPm1TPdTF8YBYw][idx][0] (cluster state version: 643)
[2014-02-18 15:36:07,932][TRACE][action.search.type       ] [node_1] Moving to second phase, based on results from: [YDkOVpQ0RLKhdd4JNL-RIg][idx][4],[YDkOVpQ0RLKhdd4JNL-RIg][idx][3],[Y-GAf-d9TnWBgKZR_Cw0qw][idx][2],[YDkOVpQ0RLKhdd4JNL-RIg][idx][1],[tbUF3y2YTPm1TPdTF8YBYw][idx][0] (cluster state version: 643)
[2014-02-18 15:36:07,936][TRACE][action.search.type       ] [node_0] Moving to second phase, based on results from: [Y-GAf-d9TnWBgKZR_Cw0qw][idx][4],[tbUF3y2YTPm1TPdTF8YBYw][idx][3],[Y-GAf-d9TnWBgKZR_Cw0qw][idx][2],[Y-GAf-d9TnWBgKZR_Cw0qw][idx][1],[tbUF3y2YTPm1TPdTF8YBYw][idx][0] (cluster state version: 643)
[2014-02-18 15:36:07,939][TRACE][action.search.type       ] [node_2] Moving to second phase, based on results from: [Y-GAf-d9TnWBgKZR_Cw0qw][idx][4],[YDkOVpQ0RLKhdd4JNL-RIg][idx][3],[tbUF3y2YTPm1TPdTF8YBYw][idx][2],[YDkOVpQ0RLKhdd4JNL-RIg][idx][1],[Y-GAf-d9TnWBgKZR_Cw0qw][idx][0] (cluster state version: 643)
[2014-02-18 15:36:07,942][TRACE][action.search.type       ] [node_0] Moving to second phase, based on results from: [YDkOVpQ0RLKhdd4JNL-RIg][idx][4],[YDkOVpQ0RLKhdd4JNL-RIg][idx][3],[tbUF3y2YTPm1TPdTF8YBYw][idx][2],[YDkOVpQ0RLKhdd4JNL-RIg][idx][1],[Y-GAf-d9TnWBgKZR_Cw0qw][idx][0] (cluster state version: 643)
[2014-02-18 15:36:07,946][TRACE][action.search.type       ] [node_2] Moving to second phase, based on results from: [YDkOVpQ0RLKhdd4JNL-RIg][idx][4],[tbUF3y2YTPm1TPdTF8YBYw][idx][3],[Y-GAf-d9TnWBgKZR_Cw0qw][idx][2],[Y-GAf-d9TnWBgKZR_Cw0qw][idx][1],[tbUF3y2YTPm1TPdTF8YBYw][idx][0] (cluster state version: 643)
[2014-02-18 15:36:07,950][TRACE][action.search.type       ] [node_2] Moving to second phase, based on results from: [Y-GAf-d9TnWBgKZR_Cw0qw][idx][4],[YDkOVpQ0RLKhdd4JNL-RIg][idx][3],[tbUF3y2YTPm1TPdTF8YBYw][idx][2],[YDkOVpQ0RLKhdd4JNL-RIg][idx][1],[Y-GAf-d9TnWBgKZR_Cw0qw][idx][0] (cluster state version: 643)
[2014-02-18 15:36:07,954][TRACE][action.search.type       ] [node_0] Moving to second phase, based on results from: [Y-GAf-d9TnWBgKZR_Cw0qw][idx][4],[tbUF3y2YTPm1TPdTF8YBYw][idx][3],[Y-GAf-d9TnWBgKZR_Cw0qw][idx][2],[Y-GAf-d9TnWBgKZR_Cw0qw][idx][1],[tbUF3y2YTPm1TPdTF8YBYw][idx][0] (cluster state version: 643)
[2014-02-18 15:36:07,957][TRACE][action.search.type       ] [node_0] Moving to second phase, based on results from: [YDkOVpQ0RLKhdd4JNL-RIg][idx][4],[YDkOVpQ0RLKhdd4JNL-RIg][idx][3],[tbUF3y2YTPm1TPdTF8YBYw][idx][2],[YDkOVpQ0RLKhdd4JNL-RIg][idx][1],[Y-GAf-d9TnWBgKZR_Cw0qw][idx][0] (cluster state version: 643)
[2014-02-18 15:36:07,961][TRACE][action.search.type       ] [node_1] Moving to second phase, based on results from: [Y-GAf-d9TnWBgKZR_Cw0qw][idx][4],[tbUF3y2YTPm1TPdTF8YBYw][idx][3],[tbUF3y2YTPm1TPdTF8YBYw][idx][2],[Y-GAf-d9TnWBgKZR_Cw0qw][idx][1],[Y-GAf-d9TnWBgKZR_Cw0qw][idx][0] (cluster state version: 643)
[2014-02-18 15:36:07,964][TRACE][action.search.type       ] [node_2] Moving to second phase, based on results from: [YDkOVpQ0RLKhdd4JNL-RIg][idx][4],[tbUF3y2YTPm1TPdTF8YBYw][idx][3],[Y-GAf-d9TnWBgKZR_Cw0qw][idx][2],[Y-GAf-d9TnWBgKZR_Cw0qw][idx][1],[tbUF3y2YTPm1TPdTF8YBYw][idx][0] (cluster state version: 643)
[2014-02-18 15:36:07,967][TRACE][action.search.type       ] [node_2] Moving to second phase, based on results from: [Y-GAf-d9TnWBgKZR_Cw0qw][idx][4],[YDkOVpQ0RLKhdd4JNL-RIg][idx][3],[tbUF3y2YTPm1TPdTF8YBYw][idx][2],[YDkOVpQ0RLKhdd4JNL-RIg][idx][1],[Y-GAf-d9TnWBgKZR_Cw0qw][idx][0] (cluster state version: 643)
[2014-02-18 15:36:07,970][TRACE][action.search.type       ] [node_0] Moving to second phase, based on results from: [Y-GAf-d9TnWBgKZR_Cw0qw][idx][4],[tbUF3y2YTPm1TPdTF8YBYw][idx][3],[Y-GAf-d9TnWBgKZR_Cw0qw][idx][2],[Y-GAf-d9TnWBgKZR_Cw0qw][idx][1],[tbUF3y2YTPm1TPdTF8YBYw][idx][0] (cluster state version: 643)
[2014-02-18 15:36:07,973][TRACE][action.search.type       ] [node_1] Moving to second phase, based on results from: [YDkOVpQ0RLKhdd4JNL-RIg][idx][4],[YDkOVpQ0RLKhdd4JNL-RIg][idx][3],[Y-GAf-d9TnWBgKZR_Cw0qw][idx][2],[YDkOVpQ0RLKhdd4JNL-RIg][idx][1],[tbUF3y2YTPm1TPdTF8YBYw][idx][0] (cluster state version: 643)
[2014-02-18 15:36:07,978][TRACE][action.search.type       ] [node_1] Moving to second phase, based on results from: [Y-GAf-d9TnWBgKZR_Cw0qw][idx][4],[tbUF3y2YTPm1TPdTF8YBYw][idx][3],[tbUF3y2YTPm1TPdTF8YBYw][idx][2],[Y-GAf-d9TnWBgKZR_Cw0qw][idx][1],[Y-GAf-d9TnWBgKZR_Cw0qw][idx][0] (cluster state version: 643)
[2014-02-18 15:36:07,984][TRACE][action.search.type       ] [node_2] Moving to second phase, based on results from: [YDkOVpQ0RLKhdd4JNL-RIg][idx][4],[tbUF3y2YTPm1TPdTF8YBYw][idx][3],[Y-GAf-d9TnWBgKZR_Cw0qw][idx][2],[Y-GAf-d9TnWBgKZR_Cw0qw][idx][1],[tbUF3y2YTPm1TPdTF8YBYw][idx][0] (cluster state version: 643)
[2014-02-18 15:36:07,984][INFO ][search.aggregations.bucket] [MinDocCountTests#testLongScriptTermDesc]: cleaning up after test
[2014-02-18 15:36:07,988][INFO ][cluster.metadata         ] [node_0] [idx] deleting index
[2014-02-18 15:36:08,056][INFO ][search.aggregations.bucket] [MinDocCountTests#testLongScriptTermDesc]: cleaned up after test
[2014-02-18 15:36:08,070][INFO ][test                     ] Test testLongScriptTermDesc(org.elasticsearch.search.aggregations.bucket.MinDocCountTests) finished
[2014-02-18 15:36:08,070][INFO ][test                     ] Test testLongTermAsc(org.elasticsearch.search.aggregations.bucket.MinDocCountTests) started
[2014-02-18 15:36:08,073][INFO ][plugins                  ] [transport_client_node_1] loaded [], sites []
[2014-02-18 15:36:08,105][INFO ][plugins                  ] [transport_client_node_0] loaded [], sites []
[2014-02-18 15:36:08,131][INFO ][search.aggregations.bucket] [MinDocCountTests#testLongTermAsc]: before test
[2014-02-18 15:36:08,144][INFO ][cluster.metadata         ] [node_0] [idx] creating index, cause [api], shards [4]/[1], mappings []
[2014-02-18 15:36:08,203][INFO ][search.aggregations.bucket] Index [92] docs async: [true] bulk: [false]
[2014-02-18 15:36:08,237][INFO ][cluster.metadata         ] [node_0] [idx] update_mapping [type] (dynamic)
[2014-02-18 15:36:08,928][TRACE][action.search.type       ] [node_0] Moving to second phase, based on results from: [YDkOVpQ0RLKhdd4JNL-RIg][idx][0],[Y-GAf-d9TnWBgKZR_Cw0qw][idx][3],[Y-GAf-d9TnWBgKZR_Cw0qw][idx][2],[Y-GAf-d9TnWBgKZR_Cw0qw][idx][1] (cluster state version: 652)
[2014-02-18 15:36:08,932][TRACE][action.search.type       ] [node_1] Moving to second phase, based on results from: [tbUF3y2YTPm1TPdTF8YBYw][idx][0],[Y-GAf-d9TnWBgKZR_Cw0qw][idx][3],[YDkOVpQ0RLKhdd4JNL-RIg][idx][2],[YDkOVpQ0RLKhdd4JNL-RIg][idx][1] (cluster state version: 652)
[2014-02-18 15:36:08,936][TRACE][action.search.type       ] [node_2] Moving to second phase, based on results from: [YDkOVpQ0RLKhdd4JNL-RIg][idx][0],[tbUF3y2YTPm1TPdTF8YBYw][idx][3],[Y-GAf-d9TnWBgKZR_Cw0qw][idx][2],[Y-GAf-d9TnWBgKZR_Cw0qw][idx][1] (cluster state version: 652)
[2014-02-18 15:36:08,938][TRACE][action.search.type       ] [node_2] Moving to second phase, based on results from: [tbUF3y2YTPm1TPdTF8YBYw][idx][0],[Y-GAf-d9TnWBgKZR_Cw0qw][idx][3],[YDkOVpQ0RLKhdd4JNL-RIg][idx][2],[YDkOVpQ0RLKhdd4JNL-RIg][idx][1] (cluster state version: 652)
[2014-02-18 15:36:08,940][TRACE][action.search.type       ] [node_0] Moving to second phase, based on results from: [tbUF3y2YTPm1TPdTF8YBYw][idx][0],[tbUF3y2YTPm1TPdTF8YBYw][idx][3],[YDkOVpQ0RLKhdd4JNL-RIg][idx][2],[YDkOVpQ0RLKhdd4JNL-RIg][idx][1] (cluster state version: 652)
[2014-02-18 15:36:08,942][TRACE][action.search.type       ] [node_1] Moving to second phase, based on results from: [YDkOVpQ0RLKhdd4JNL-RIg][idx][0],[tbUF3y2YTPm1TPdTF8YBYw][idx][3],[Y-GAf-d9TnWBgKZR_Cw0qw][idx][2],[Y-GAf-d9TnWBgKZR_Cw0qw][idx][1] (cluster state version: 652)
[2014-02-18 15:36:08,944][TRACE][action.search.type       ] [node_1] Moving to second phase, based on results from: [tbUF3y2YTPm1TPdTF8YBYw][idx][0],[Y-GAf-d9TnWBgKZR_Cw0qw][idx][3],[YDkOVpQ0RLKhdd4JNL-RIg][idx][2],[YDkOVpQ0RLKhdd4JNL-RIg][idx][1] (cluster state version: 652)
[2014-02-18 15:36:08,946][TRACE][action.search.type       ] [node_2] Moving to second phase, based on results from: [YDkOVpQ0RLKhdd4JNL-RIg][idx][0],[tbUF3y2YTPm1TPdTF8YBYw][idx][3],[Y-GAf-d9TnWBgKZR_Cw0qw][idx][2],[Y-GAf-d9TnWBgKZR_Cw0qw][idx][1] (cluster state version: 652)
[2014-02-18 15:36:08,948][TRACE][action.search.type       ] [node_1] Moving to second phase, based on results from: [YDkOVpQ0RLKhdd4JNL-RIg][idx][0],[tbUF3y2YTPm1TPdTF8YBYw][idx][3],[Y-GAf-d9TnWBgKZR_Cw0qw][idx][2],[Y-GAf-d9TnWBgKZR_Cw0qw][idx][1] (cluster state version: 652)
[2014-02-18 15:36:08,950][TRACE][action.search.type       ] [node_0] Moving to second phase, based on results from: [YDkOVpQ0RLKhdd4JNL-RIg][idx][0],[Y-GAf-d9TnWBgKZR_Cw0qw][idx][3],[Y-GAf-d9TnWBgKZR_Cw0qw][idx][2],[Y-GAf-d9TnWBgKZR_Cw0qw][idx][1] (cluster state version: 652)
[2014-02-18 15:36:08,953][TRACE][action.search.type       ] [node_2] Moving to second phase, based on results from: [tbUF3y2YTPm1TPdTF8YBYw][idx][0],[Y-GAf-d9TnWBgKZR_Cw0qw][idx][3],[YDkOVpQ0RLKhdd4JNL-RIg][idx][2],[YDkOVpQ0RLKhdd4JNL-RIg][idx][1] (cluster state version: 652)
[2014-02-18 15:36:08,954][TRACE][action.search.type       ] [node_0] Moving to second phase, based on results from: [tbUF3y2YTPm1TPdTF8YBYw][idx][0],[tbUF3y2YTPm1TPdTF8YBYw][idx][3],[YDkOVpQ0RLKhdd4JNL-RIg][idx][2],[YDkOVpQ0RLKhdd4JNL-RIg][idx][1] (cluster state version: 652)
[2014-02-18 15:36:08,957][TRACE][action.search.type       ] [node_0] Moving to second phase, based on results from: [YDkOVpQ0RLKhdd4JNL-RIg][idx][0],[Y-GAf-d9TnWBgKZR_Cw0qw][idx][3],[Y-GAf-d9TnWBgKZR_Cw0qw][idx][2],[Y-GAf-d9TnWBgKZR_Cw0qw][idx][1] (cluster state version: 652)
[2014-02-18 15:36:08,959][TRACE][action.search.type       ] [node_1] Moving to second phase, based on results from: [tbUF3y2YTPm1TPdTF8YBYw][idx][0],[Y-GAf-d9TnWBgKZR_Cw0qw][idx][3],[YDkOVpQ0RLKhdd4JNL-RIg][idx][2],[YDkOVpQ0RLKhdd4JNL-RIg][idx][1] (cluster state version: 652)
[2014-02-18 15:36:08,961][TRACE][action.search.type       ] [node_2] Moving to second phase, based on results from: [YDkOVpQ0RLKhdd4JNL-RIg][idx][0],[tbUF3y2YTPm1TPdTF8YBYw][idx][3],[Y-GAf-d9TnWBgKZR_Cw0qw][idx][2],[Y-GAf-d9TnWBgKZR_Cw0qw][idx][1] (cluster state version: 652)
[2014-02-18 15:36:08,963][TRACE][action.search.type       ] [node_2] Moving to second phase, based on results from: [tbUF3y2YTPm1TPdTF8YBYw][idx][0],[Y-GAf-d9TnWBgKZR_Cw0qw][idx][3],[YDkOVpQ0RLKhdd4JNL-RIg][idx][2],[YDkOVpQ0RLKhdd4JNL-RIg][idx][1] (cluster state version: 652)
[2014-02-18 15:36:08,965][TRACE][action.search.type       ] [node_1] Moving to second phase, based on results from: [YDkOVpQ0RLKhdd4JNL-RIg][idx][0],[tbUF3y2YTPm1TPdTF8YBYw][idx][3],[Y-GAf-d9TnWBgKZR_Cw0qw][idx][2],[Y-GAf-d9TnWBgKZR_Cw0qw][idx][1] (cluster state version: 652)
[2014-02-18 15:36:08,967][TRACE][action.search.type       ] [node_1] Moving to second phase, based on results from: [tbUF3y2YTPm1TPdTF8YBYw][idx][0],[Y-GAf-d9TnWBgKZR_Cw0qw][idx][3],[YDkOVpQ0RLKhdd4JNL-RIg][idx][2],[YDkOVpQ0RLKhdd4JNL-RIg][idx][1] (cluster state version: 652)
[2014-02-18 15:36:08,970][TRACE][action.search.type       ] [node_2] Moving to second phase, based on results from: [YDkOVpQ0RLKhdd4JNL-RIg][idx][0],[tbUF3y2YTPm1TPdTF8YBYw][idx][3],[Y-GAf-d9TnWBgKZR_Cw0qw][idx][2],[Y-GAf-d9TnWBgKZR_Cw0qw][idx][1] (cluster state version: 652)
[2014-02-18 15:36:08,973][TRACE][action.search.type       ] [node_0] Moving to second phase, based on results from: [tbUF3y2YTPm1TPdTF8YBYw][idx][0],[tbUF3y2YTPm1TPdTF8YBYw][idx][3],[YDkOVpQ0RLKhdd4JNL-RIg][idx][2],[YDkOVpQ0RLKhdd4JNL-RIg][idx][1] (cluster state version: 652)
[2014-02-18 15:36:08,977][TRACE][action.search.type       ] [node_2] Moving to second phase, based on results from: [tbUF3y2YTPm1TPdTF8YBYw][idx][0],[Y-GAf-d9TnWBgKZR_Cw0qw][idx][3],[YDkOVpQ0RLKhdd4JNL-RIg][idx][2],[YDkOVpQ0RLKhdd4JNL-RIg][idx][1] (cluster state version: 652)
[2014-02-18 15:36:08,978][INFO ][search.aggregations.bucket] [MinDocCountTests#testLongTermAsc]: cleaning up after test
[2014-02-18 15:36:08,980][INFO ][cluster.metadata         ] [node_0] [idx] deleting index
[2014-02-18 15:36:09,050][INFO ][search.aggregations.bucket] [MinDocCountTests#testLongTermAsc]: cleaned up after test
[2014-02-18 15:36:09,061][INFO ][test                     ] Test testLongTermAsc(org.elasticsearch.search.aggregations.bucket.MinDocCountTests) finished
[2014-02-18 15:36:09,062][INFO ][test                     ] Test testDoubleCountDesc(org.elasticsearch.search.aggregations.bucket.MinDocCountTests) started
[2014-02-18 15:36:09,066][INFO ][plugins                  ] [transport_client_node_2] loaded [], sites []
[2014-02-18 15:36:09,094][INFO ][search.aggregations.bucket] [MinDocCountTests#testDoubleCountDesc]: before test
[2014-02-18 15:36:09,105][INFO ][cluster.metadata         ] [node_0] [idx] creating index, cause [api], shards [3]/[1], mappings []
[2014-02-18 15:36:09,161][INFO ][search.aggregations.bucket] Index [173] docs async: [true] bulk: [false]
[2014-02-18 15:36:09,206][INFO ][cluster.metadata         ] [node_0] [idx] update_mapping [type] (dynamic)
[2014-02-18 15:36:09,703][TRACE][action.search.type       ] [node_2] Moving to second phase, based on results from: [tbUF3y2YTPm1TPdTF8YBYw][idx][0],[Y-GAf-d9TnWBgKZR_Cw0qw][idx][2],[YDkOVpQ0RLKhdd4JNL-RIg][idx][1] (cluster state version: 661)
[2014-02-18 15:36:09,707][TRACE][action.search.type       ] [node_1] Moving to second phase, based on results from: [YDkOVpQ0RLKhdd4JNL-RIg][idx][0],[Y-GAf-d9TnWBgKZR_Cw0qw][idx][2],[Y-GAf-d9TnWBgKZR_Cw0qw][idx][1] (cluster state version: 661)
[2014-02-18 15:36:09,712][TRACE][action.search.type       ] [node_2] Moving to second phase, based on results from: [YDkOVpQ0RLKhdd4JNL-RIg][idx][0],[tbUF3y2YTPm1TPdTF8YBYw][idx][2],[Y-GAf-d9TnWBgKZR_Cw0qw][idx][1] (cluster state version: 661)
[2014-02-18 15:36:09,714][TRACE][action.search.type       ] [node_0] Moving to second phase, based on results from: [YDkOVpQ0RLKhdd4JNL-RIg][idx][0],[tbUF3y2YTPm1TPdTF8YBYw][idx][2],[YDkOVpQ0RLKhdd4JNL-RIg][idx][1] (cluster state version: 661)
[2014-02-18 15:36:09,717][TRACE][action.search.type       ] [node_2] Moving to second phase, based on results from: [tbUF3y2YTPm1TPdTF8YBYw][idx][0],[Y-GAf-d9TnWBgKZR_Cw0qw][idx][2],[YDkOVpQ0RLKhdd4JNL-RIg][idx][1] (cluster state version: 661)
[2014-02-18 15:36:09,719][TRACE][action.search.type       ] [node_2] Moving to second phase, based on results from: [YDkOVpQ0RLKhdd4JNL-RIg][idx][0],[tbUF3y2YTPm1TPdTF8YBYw][idx][2],[Y-GAf-d9TnWBgKZR_Cw0qw][idx][1] (cluster state version: 661)
[2014-02-18 15:36:09,722][TRACE][action.search.type       ] [node_2] Moving to second phase, based on results from: [tbUF3y2YTPm1TPdTF8YBYw][idx][0],[Y-GAf-d9TnWBgKZR_Cw0qw][idx][2],[YDkOVpQ0RLKhdd4JNL-RIg][idx][1] (cluster state version: 661)
[2014-02-18 15:36:09,724][TRACE][action.search.type       ] [node_2] Moving to second phase, based on results from: [YDkOVpQ0RLKhdd4JNL-RIg][idx][0],[tbUF3y2YTPm1TPdTF8YBYw][idx][2],[Y-GAf-d9TnWBgKZR_Cw0qw][idx][1] (cluster state version: 661)
[2014-02-18 15:36:09,727][TRACE][action.search.type       ] [node_1] Moving to second phase, based on results from: [tbUF3y2YTPm1TPdTF8YBYw][idx][0],[tbUF3y2YTPm1TPdTF8YBYw][idx][2],[YDkOVpQ0RLKhdd4JNL-RIg][idx][1] (cluster state version: 661)
[2014-02-18 15:36:09,729][TRACE][action.search.type       ] [node_0] Moving to second phase, based on results from: [tbUF3y2YTPm1TPdTF8YBYw][idx][0],[Y-GAf-d9TnWBgKZR_Cw0qw][idx][2],[Y-GAf-d9TnWBgKZR_Cw0qw][idx][1] (cluster state version: 661)
[2014-02-18 15:36:09,731][TRACE][action.search.type       ] [node_1] Moving to second phase, based on results from: [YDkOVpQ0RLKhdd4JNL-RIg][idx][0],[Y-GAf-d9TnWBgKZR_Cw0qw][idx][2],[Y-GAf-d9TnWBgKZR_Cw0qw][idx][1] (cluster state version: 661)
[2014-02-18 15:36:09,733][TRACE][action.search.type       ] [node_1] Moving to second phase, based on results from: [tbUF3y2YTPm1TPdTF8YBYw][idx][0],[tbUF3y2YTPm1TPdTF8YBYw][idx][2],[YDkOVpQ0RLKhdd4JNL-RIg][idx][1] (cluster state version: 661)
[2014-02-18 15:36:09,735][TRACE][action.search.type       ] [node_1] Moving to second phase, based on results from: [YDkOVpQ0RLKhdd4JNL-RIg][idx][0],[Y-GAf-d9TnWBgKZR_Cw0qw][idx][2],[Y-GAf-d9TnWBgKZR_Cw0qw][idx][1] (cluster state version: 661)
[2014-02-18 15:36:09,737][TRACE][action.search.type       ] [node_0] Moving to second phase, based on results from: [YDkOVpQ0RLKhdd4JNL-RIg][idx][0],[tbUF3y2YTPm1TPdTF8YBYw][idx][2],[YDkOVpQ0RLKhdd4JNL-RIg][idx][1] (cluster state version: 661)
[2014-02-18 15:36:09,739][TRACE][action.search.type       ] [node_1] Moving to second phase, based on results from: [tbUF3y2YTPm1TPdTF8YBYw][idx][0],[tbUF3y2YTPm1TPdTF8YBYw][idx][2],[YDkOVpQ0RLKhdd4JNL-RIg][idx][1] (cluster state version: 661)
[2014-02-18 15:36:09,741][TRACE][action.search.type       ] [node_1] Moving to second phase, based on results from: [YDkOVpQ0RLKhdd4JNL-RIg][idx][0],[Y-GAf-d9TnWBgKZR_Cw0qw][idx][2],[Y-GAf-d9TnWBgKZR_Cw0qw][idx][1] (cluster state version: 661)
[2014-02-18 15:36:09,745][TRACE][action.search.type       ] [node_2] Moving to second phase, based on results from: [tbUF3y2YTPm1TPdTF8YBYw][idx][0],[Y-GAf-d9TnWBgKZR_Cw0qw][idx][2],[YDkOVpQ0RLKhdd4JNL-RIg][idx][1] (cluster state version: 661)
[2014-02-18 15:36:09,747][TRACE][action.search.type       ] [node_2] Moving to second phase, based on results from: [YDkOVpQ0RLKhdd4JNL-RIg][idx][0],[tbUF3y2YTPm1TPdTF8YBYw][idx][2],[Y-GAf-d9TnWBgKZR_Cw0qw][idx][1] (cluster state version: 661)
[2014-02-18 15:36:09,749][TRACE][action.search.type       ] [node_2] Moving to second phase, based on results from: [tbUF3y2YTPm1TPdTF8YBYw][idx][0],[Y-GAf-d9TnWBgKZR_Cw0qw][idx][2],[YDkOVpQ0RLKhdd4JNL-RIg][idx][1] (cluster state version: 661)
[2014-02-18 15:36:09,753][TRACE][action.search.type       ] [node_2] Moving to second phase, based on results from: [YDkOVpQ0RLKhdd4JNL-RIg][idx][0],[tbUF3y2YTPm1TPdTF8YBYw][idx][2],[Y-GAf-d9TnWBgKZR_Cw0qw][idx][1] (cluster state version: 661)
[2014-02-18 15:36:09,758][TRACE][action.search.type       ] [node_0] Moving to second phase, based on results from: [tbUF3y2YTPm1TPdTF8YBYw][idx][0],[Y-GAf-d9TnWBgKZR_Cw0qw][idx][2],[Y-GAf-d9TnWBgKZR_Cw0qw][idx][1] (cluster state version: 661)
[2014-02-18 15:36:09,759][INFO ][search.aggregations.bucket] [MinDocCountTests#testDoubleCountDesc]: cleaning up after test
[2014-02-18 15:36:09,760][INFO ][cluster.metadata         ] [node_0] [idx] deleting index
[2014-02-18 15:36:09,825][INFO ][search.aggregations.bucket] [MinDocCountTests#testDoubleCountDesc]: cleaned up after test
[2014-02-18 15:36:09,832][INFO ][test                     ] Test testDoubleCountDesc(org.elasticsearch.search.aggregations.bucket.MinDocCountTests) finished
[2014-02-18 15:36:09,833][INFO ][test                     ] Test testLongCountAsc(org.elasticsearch.search.aggregations.bucket.MinDocCountTests) started
[2014-02-18 15:36:09,836][INFO ][plugins                  ] [transport_client_node_2] loaded [], sites []
[2014-02-18 15:36:09,873][INFO ][plugins                  ] [transport_client_node_1] loaded [], sites []
[2014-02-18 15:36:09,910][INFO ][plugins                  ] [transport_client_node_0] loaded [], sites []
[2014-02-18 15:36:09,944][INFO ][search.aggregations.bucket] [MinDocCountTests#testLongCountAsc]: before test
[2014-02-18 15:36:09,953][INFO ][cluster.metadata         ] [node_0] [idx] creating index, cause [api], shards [5]/[0], mappings []
[2014-02-18 15:36:10,016][INFO ][search.aggregations.bucket] Index [127] docs async: [true] bulk: [false]
[2014-02-18 15:36:10,038][INFO ][cluster.metadata         ] [node_0] [idx] update_mapping [type] (dynamic)
[2014-02-18 15:36:10,655][TRACE][action.search.type       ] [node_0] Moving to second phase, based on results from: [YDkOVpQ0RLKhdd4JNL-RIg][idx][4],[tbUF3y2YTPm1TPdTF8YBYw][idx][3],[Y-GAf-d9TnWBgKZR_Cw0qw][idx][2],[YDkOVpQ0RLKhdd4JNL-RIg][idx][1],[tbUF3y2YTPm1TPdTF8YBYw][idx][0] (cluster state version: 667)
[2014-02-18 15:36:10,659][TRACE][action.search.type       ] [node_0] Moving to second phase, based on results from: [YDkOVpQ0RLKhdd4JNL-RIg][idx][4],[tbUF3y2YTPm1TPdTF8YBYw][idx][3],[Y-GAf-d9TnWBgKZR_Cw0qw][idx][2],[YDkOVpQ0RLKhdd4JNL-RIg][idx][1],[tbUF3y2YTPm1TPdTF8YBYw][idx][0] (cluster state version: 667)
[2014-02-18 15:36:10,663][TRACE][action.search.type       ] [node_1] Moving to second phase, based on results from: [YDkOVpQ0RLKhdd4JNL-RIg][idx][4],[tbUF3y2YTPm1TPdTF8YBYw][idx][3],[Y-GAf-d9TnWBgKZR_Cw0qw][idx][2],[YDkOVpQ0RLKhdd4JNL-RIg][idx][1],[tbUF3y2YTPm1TPdTF8YBYw][idx][0] (cluster state version: 667)
[2014-02-18 15:36:10,667][TRACE][action.search.type       ] [node_0] Moving to second phase, based on results from: [YDkOVpQ0RLKhdd4JNL-RIg][idx][4],[tbUF3y2YTPm1TPdTF8YBYw][idx][3],[Y-GAf-d9TnWBgKZR_Cw0qw][idx][2],[YDkOVpQ0RLKhdd4JNL-RIg][idx][1],[tbUF3y2YTPm1TPdTF8YBYw][idx][0] (cluster state version: 667)
[2014-02-18 15:36:10,670][TRACE][action.search.type       ] [node_2] Moving to second phase, based on results from: [YDkOVpQ0RLKhdd4JNL-RIg][idx][4],[tbUF3y2YTPm1TPdTF8YBYw][idx][3],[Y-GAf-d9TnWBgKZR_Cw0qw][idx][2],[YDkOVpQ0RLKhdd4JNL-RIg][idx][1],[tbUF3y2YTPm1TPdTF8YBYw][idx][0] (cluster state version: 667)
[2014-02-18 15:36:10,674][TRACE][action.search.type       ] [node_2] Moving to second phase, based on results from: [YDkOVpQ0RLKhdd4JNL-RIg][idx][4],[tbUF3y2YTPm1TPdTF8YBYw][idx][3],[Y-GAf-d9TnWBgKZR_Cw0qw][idx][2],[YDkOVpQ0RLKhdd4JNL-RIg][idx][1],[tbUF3y2YTPm1TPdTF8YBYw][idx][0] (cluster state version: 667)
[2014-02-18 15:36:10,677][TRACE][action.search.type       ] [node_0] Moving to second phase, based on results from: [YDkOVpQ0RLKhdd4JNL-RIg][idx][4],[tbUF3y2YTPm1TPdTF8YBYw][idx][3],[Y-GAf-d9TnWBgKZR_Cw0qw][idx][2],[YDkOVpQ0RLKhdd4JNL-RIg][idx][1],[tbUF3y2YTPm1TPdTF8YBYw][idx][0] (cluster state version: 667)
[2014-02-18 15:36:10,680][TRACE][action.search.type       ] [node_1] Moving to second phase, based on results from: [YDkOVpQ0RLKhdd4JNL-RIg][idx][4],[tbUF3y2YTPm1TPdTF8YBYw][idx][3],[Y-GAf-d9TnWBgKZR_Cw0qw][idx][2],[YDkOVpQ0RLKhdd4JNL-RIg][idx][1],[tbUF3y2YTPm1TPdTF8YBYw][idx][0] (cluster state version: 667)
[2014-02-18 15:36:10,685][TRACE][action.search.type       ] [node_1] Moving to second phase, based on results from: [YDkOVpQ0RLKhdd4JNL-RIg][idx][4],[tbUF3y2YTPm1TPdTF8YBYw][idx][3],[Y-GAf-d9TnWBgKZR_Cw0qw][idx][2],[YDkOVpQ0RLKhdd4JNL-RIg][idx][1],[tbUF3y2YTPm1TPdTF8YBYw][idx][0] (cluster state version: 667)
[2014-02-18 15:36:10,689][TRACE][action.search.type       ] [node_1] Moving to second phase, based on results from: [YDkOVpQ0RLKhdd4JNL-RIg][idx][4],[tbUF3y2YTPm1TPdTF8YBYw][idx][3],[Y-GAf-d9TnWBgKZR_Cw0qw][idx][2],[YDkOVpQ0RLKhdd4JNL-RIg][idx][1],[tbUF3y2YTPm1TPdTF8YBYw][idx][0] (cluster state version: 667)
[2014-02-18 15:36:10,693][TRACE][action.search.type       ] [node_1] Moving to second phase, based on results from: [YDkOVpQ0RLKhdd4JNL-RIg][idx][4],[tbUF3y2YTPm1TPdTF8YBYw][idx][3],[Y-GAf-d9TnWBgKZR_Cw0qw][idx][2],[YDkOVpQ0RLKhdd4JNL-RIg][idx][1],[tbUF3y2YTPm1TPdTF8YBYw][idx][0] (cluster state version: 667)
[2014-02-18 15:36:10,696][TRACE][action.search.type       ] [node_1] Moving to second phase, based on results from: [YDkOVpQ0RLKhdd4JNL-RIg][idx][4],[tbUF3y2YTPm1TPdTF8YBYw][idx][3],[Y-GAf-d9TnWBgKZR_Cw0qw][idx][2],[YDkOVpQ0RLKhdd4JNL-RIg][idx][1],[tbUF3y2YTPm1TPdTF8YBYw][idx][0] (cluster state version: 667)
[2014-02-18 15:36:10,700][TRACE][action.search.type       ] [node_0] Moving to second phase, based on results from: [YDkOVpQ0RLKhdd4JNL-RIg][idx][4],[tbUF3y2YTPm1TPdTF8YBYw][idx][3],[Y-GAf-d9TnWBgKZR_Cw0qw][idx][2],[YDkOVpQ0RLKhdd4JNL-RIg][idx][1],[tbUF3y2YTPm1TPdTF8YBYw][idx][0] (cluster state version: 667)
[2014-02-18 15:36:10,703][TRACE][action.search.type       ] [node_2] Moving to second phase, based on results from: [YDkOVpQ0RLKhdd4JNL-RIg][idx][4],[tbUF3y2YTPm1TPdTF8YBYw][idx][3],[Y-GAf-d9TnWBgKZR_Cw0qw][idx][2],[YDkOVpQ0RLKhdd4JNL-RIg][idx][1],[tbUF3y2YTPm1TPdTF8YBYw][idx][0] (cluster state version: 667)
[2014-02-18 15:36:10,705][TRACE][action.search.type       ] [node_1] Moving to second phase, based on results from: [YDkOVpQ0RLKhdd4JNL-RIg][idx][4],[tbUF3y2YTPm1TPdTF8YBYw][idx][3],[Y-GAf-d9TnWBgKZR_Cw0qw][idx][2],[YDkOVpQ0RLKhdd4JNL-RIg][idx][1],[tbUF3y2YTPm1TPdTF8YBYw][idx][0] (cluster state version: 667)
[2014-02-18 15:36:10,709][TRACE][action.search.type       ] [node_0] Moving to second phase, based on results from: [YDkOVpQ0RLKhdd4JNL-RIg][idx][4],[tbUF3y2YTPm1TPdTF8YBYw][idx][3],[Y-GAf-d9TnWBgKZR_Cw0qw][idx][2],[YDkOVpQ0RLKhdd4JNL-RIg][idx][1],[tbUF3y2YTPm1TPdTF8YBYw][idx][0] (cluster state version: 667)
[2014-02-18 15:36:10,712][TRACE][action.search.type       ] [node_1] Moving to second phase, based on results from: [YDkOVpQ0RLKhdd4JNL-RIg][idx][4],[tbUF3y2YTPm1TPdTF8YBYw][idx][3],[Y-GAf-d9TnWBgKZR_Cw0qw][idx][2],[YDkOVpQ0RLKhdd4JNL-RIg][idx][1],[tbUF3y2YTPm1TPdTF8YBYw][idx][0] (cluster state version: 667)
[2014-02-18 15:36:10,714][TRACE][action.search.type       ] [node_0] Moving to second phase, based on results from: [YDkOVpQ0RLKhdd4JNL-RIg][idx][4],[tbUF3y2YTPm1TPdTF8YBYw][idx][3],[Y-GAf-d9TnWBgKZR_Cw0qw][idx][2],[YDkOVpQ0RLKhdd4JNL-RIg][idx][1],[tbUF3y2YTPm1TPdTF8YBYw][idx][0] (cluster state version: 667)
[2014-02-18 15:36:10,716][TRACE][action.search.type       ] [node_2] Moving to second phase, based on results from: [YDkOVpQ0RLKhdd4JNL-RIg][idx][4],[tbUF3y2YTPm1TPdTF8YBYw][idx][3],[Y-GAf-d9TnWBgKZR_Cw0qw][idx][2],[YDkOVpQ0RLKhdd4JNL-RIg][idx][1],[tbUF3y2YTPm1TPdTF8YBYw][idx][0] (cluster state version: 667)
[2014-02-18 15:36:10,719][TRACE][action.search.type       ] [node_0] Moving to second phase, based on results from: [YDkOVpQ0RLKhdd4JNL-RIg][idx][4],[tbUF3y2YTPm1TPdTF8YBYw][idx][3],[Y-GAf-d9TnWBgKZR_Cw0qw][idx][2],[YDkOVpQ0RLKhdd4JNL-RIg][idx][1],[tbUF3y2YTPm1TPdTF8YBYw][idx][0] (cluster state version: 667)
[2014-02-18 15:36:10,722][TRACE][action.search.type       ] [node_2] Moving to second phase, based on results from: [YDkOVpQ0RLKhdd4JNL-RIg][idx][4],[tbUF3y2YTPm1TPdTF8YBYw][idx][3],[Y-GAf-d9TnWBgKZR_Cw0qw][idx][2],[YDkOVpQ0RLKhdd4JNL-RIg][idx][1],[tbUF3y2YTPm1TPdTF8YBYw][idx][0] (cluster state version: 667)
[2014-02-18 15:36:10,722][INFO ][search.aggregations.bucket] [MinDocCountTests#testLongCountAsc]: cleaning up after test
[2014-02-18 15:36:10,723][INFO ][cluster.metadata         ] [node_0] [idx] deleting index
[2014-02-18 15:36:10,759][INFO ][search.aggregations.bucket] [MinDocCountTests#testLongCountAsc]: cleaned up after test
[2014-02-18 15:36:10,773][INFO ][test                     ] Test testLongCountAsc(org.elasticsearch.search.aggregations.bucket.MinDocCountTests) finished
[2014-02-18 15:36:10,773][INFO ][test                     ] Test testStringTermAsc(org.elasticsearch.search.aggregations.bucket.MinDocCountTests) started
[2014-02-18 15:36:10,776][INFO ][plugins                  ] [transport_client_node_2] loaded [], sites []
[2014-02-18 15:36:10,802][INFO ][plugins                  ] [transport_client_node_0] loaded [], sites []
[2014-02-18 15:36:10,826][INFO ][plugins                  ] [transport_client_node_1] loaded [], sites []
[2014-02-18 15:36:10,866][INFO ][search.aggregations.bucket] [MinDocCountTests#testStringTermAsc]: before test
[2014-02-18 15:36:10,877][INFO ][cluster.metadata         ] [node_0] [idx] creating index, cause [api], shards [4]/[0], mappings []
[2014-02-18 15:36:10,942][INFO ][search.aggregations.bucket] Index [62] docs async: [true] bulk: [false]
[2014-02-18 15:36:10,961][INFO ][cluster.metadata         ] [node_0] [idx] update_mapping [type] (dynamic)
[2014-02-18 15:36:11,390][TRACE][action.search.type       ] [node_1] Moving to second phase, based on results from: [tbUF3y2YTPm1TPdTF8YBYw][idx][0],[tbUF3y2YTPm1TPdTF8YBYw][idx][3],[Y-GAf-d9TnWBgKZR_Cw0qw][idx][2],[YDkOVpQ0RLKhdd4JNL-RIg][idx][1] (cluster state version: 673)
[2014-02-18 15:36:11,394][TRACE][action.search.type       ] [node_2] Moving to second phase, based on results from: [tbUF3y2YTPm1TPdTF8YBYw][idx][0],[tbUF3y2YTPm1TPdTF8YBYw][idx][3],[Y-GAf-d9TnWBgKZR_Cw0qw][idx][2],[YDkOVpQ0RLKhdd4JNL-RIg][idx][1] (cluster state version: 673)
[2014-02-18 15:36:11,399][TRACE][action.search.type       ] [node_0] Moving to second phase, based on results from: [tbUF3y2YTPm1TPdTF8YBYw][idx][0],[tbUF3y2YTPm1TPdTF8YBYw][idx][3],[Y-GAf-d9TnWBgKZR_Cw0qw][idx][2],[YDkOVpQ0RLKhdd4JNL-RIg][idx][1] (cluster state version: 673)
[2014-02-18 15:36:11,402][TRACE][action.search.type       ] [node_1] Moving to second phase, based on results from: [tbUF3y2YTPm1TPdTF8YBYw][idx][0],[tbUF3y2YTPm1TPdTF8YBYw][idx][3],[Y-GAf-d9TnWBgKZR_Cw0qw][idx][2],[YDkOVpQ0RLKhdd4JNL-RIg][idx][1] (cluster state version: 673)
[2014-02-18 15:36:11,406][TRACE][action.search.type       ] [node_0] Moving to second phase, based on results from: [tbUF3y2YTPm1TPdTF8YBYw][idx][0],[tbUF3y2YTPm1TPdTF8YBYw][idx][3],[Y-GAf-d9TnWBgKZR_Cw0qw][idx][2],[YDkOVpQ0RLKhdd4JNL-RIg][idx][1] (cluster state version: 673)
[2014-02-18 15:36:11,412][TRACE][action.search.type       ] [node_2] Moving to second phase, based on results from: [tbUF3y2YTPm1TPdTF8YBYw][idx][0],[tbUF3y2YTPm1TPdTF8YBYw][idx][3],[Y-GAf-d9TnWBgKZR_Cw0qw][idx][2],[YDkOVpQ0RLKhdd4JNL-RIg][idx][1] (cluster state version: 673)
[2014-02-18 15:36:11,416][TRACE][action.search.type       ] [node_1] Moving to second phase, based on results from: [tbUF3y2YTPm1TPdTF8YBYw][idx][0],[tbUF3y2YTPm1TPdTF8YBYw][idx][3],[Y-GAf-d9TnWBgKZR_Cw0qw][idx][2],[YDkOVpQ0RLKhdd4JNL-RIg][idx][1] (cluster state version: 673)
[2014-02-18 15:36:11,420][TRACE][action.search.type       ] [node_0] Moving to second phase, based on results from: [tbUF3y2YTPm1TPdTF8YBYw][idx][0],[tbUF3y2YTPm1TPdTF8YBYw][idx][3],[Y-GAf-d9TnWBgKZR_Cw0qw][idx][2],[YDkOVpQ0RLKhdd4JNL-RIg][idx][1] (cluster state version: 673)
[2014-02-18 15:36:11,424][TRACE][action.search.type       ] [node_1] Moving to second phase, based on results from: [tbUF3y2YTPm1TPdTF8YBYw][idx][0],[tbUF3y2YTPm1TPdTF8YBYw][idx][3],[Y-GAf-d9TnWBgKZR_Cw0qw][idx][2],[YDkOVpQ0RLKhdd4JNL-RIg][idx][1] (cluster state version: 673)
[2014-02-18 15:36:11,428][TRACE][action.search.type       ] [node_1] Moving to second phase, based on results from: [tbUF3y2YTPm1TPdTF8YBYw][idx][0],[tbUF3y2YTPm1TPdTF8YBYw][idx][3],[Y-GAf-d9TnWBgKZR_Cw0qw][idx][2],[YDkOVpQ0RLKhdd4JNL-RIg][idx][1] (cluster state version: 673)
[2014-02-18 15:36:11,432][TRACE][action.search.type       ] [node_1] Moving to second phase, based on results from: [tbUF3y2YTPm1TPdTF8YBYw][idx][0],[tbUF3y2YTPm1TPdTF8YBYw][idx][3],[Y-GAf-d9TnWBgKZR_Cw0qw][idx][2],[YDkOVpQ0RLKhdd4JNL-RIg][idx][1] (cluster state version: 673)
[2014-02-18 15:36:11,435][TRACE][action.search.type       ] [node_2] Moving to second phase, based on results from: [tbUF3y2YTPm1TPdTF8YBYw][idx][0],[tbUF3y2YTPm1TPdTF8YBYw][idx][3],[Y-GAf-d9TnWBgKZR_Cw0qw][idx][2],[YDkOVpQ0RLKhdd4JNL-RIg][idx][1] (cluster state version: 673)
[2014-02-18 15:36:11,438][TRACE][action.search.type       ] [node_2] Moving to second phase, based on results from: [tbUF3y2YTPm1TPdTF8YBYw][idx][0],[tbUF3y2YTPm1TPdTF8YBYw][idx][3],[Y-GAf-d9TnWBgKZR_Cw0qw][idx][2],[YDkOVpQ0RLKhdd4JNL-RIg][idx][1] (cluster state version: 673)
[2014-02-18 15:36:11,441][TRACE][action.search.type       ] [node_1] Moving to second phase, based on results from: [tbUF3y2YTPm1TPdTF8YBYw][idx][0],[tbUF3y2YTPm1TPdTF8YBYw][idx][3],[Y-GAf-d9TnWBgKZR_Cw0qw][idx][2],[YDkOVpQ0RLKhdd4JNL-RIg][idx][1] (cluster state version: 673)
[2014-02-18 15:36:11,444][TRACE][action.search.type       ] [node_2] Moving to second phase, based on results from: [tbUF3y2YTPm1TPdTF8YBYw][idx][0],[tbUF3y2YTPm1TPdTF8YBYw][idx][3],[Y-GAf-d9TnWBgKZR_Cw0qw][idx][2],[YDkOVpQ0RLKhdd4JNL-RIg][idx][1] (cluster state version: 673)
[2014-02-18 15:36:11,448][TRACE][action.search.type       ] [node_1] Moving to second phase, based on results from: [tbUF3y2YTPm1TPdTF8YBYw][idx][0],[tbUF3y2YTPm1TPdTF8YBYw][idx][3],[Y-GAf-d9TnWBgKZR_Cw0qw][idx][2],[YDkOVpQ0RLKhdd4JNL-RIg][idx][1] (cluster state version: 673)
[2014-02-18 15:36:11,452][TRACE][action.search.type       ] [node_1] Moving to second phase, based on results from: [tbUF3y2YTPm1TPdTF8YBYw][idx][0],[tbUF3y2YTPm1TPdTF8YBYw][idx][3],[Y-GAf-d9TnWBgKZR_Cw0qw][idx][2],[YDkOVpQ0RLKhdd4JNL-RIg][idx][1] (cluster state version: 673)
[2014-02-18 15:36:11,455][TRACE][action.search.type       ] [node_1] Moving to second phase, based on results from: [tbUF3y2YTPm1TPdTF8YBYw][idx][0],[tbUF3y2YTPm1TPdTF8YBYw][idx][3],[Y-GAf-d9TnWBgKZR_Cw0qw][idx][2],[YDkOVpQ0RLKhdd4JNL-RIg][idx][1] (cluster state version: 673)
[2014-02-18 15:36:11,457][TRACE][action.search.type       ] [node_2] Moving to second phase, based on results from: [tbUF3y2YTPm1TPdTF8YBYw][idx][0],[tbUF3y2YTPm1TPdTF8YBYw][idx][3],[Y-GAf-d9TnWBgKZR_Cw0qw][idx][2],[YDkOVpQ0RLKhdd4JNL-RIg][idx][1] (cluster state version: 673)
[2014-02-18 15:36:11,459][TRACE][action.search.type       ] [node_0] Moving to second phase, based on results from: [tbUF3y2YTPm1TPdTF8YBYw][idx][0],[tbUF3y2YTPm1TPdTF8YBYw][idx][3],[Y-GAf-d9TnWBgKZR_Cw0qw][idx][2],[YDkOVpQ0RLKhdd4JNL-RIg][idx][1] (cluster state version: 673)
[2014-02-18 15:36:11,462][TRACE][action.search.type       ] [node_1] Moving to second phase, based on results from: [tbUF3y2YTPm1TPdTF8YBYw][idx][0],[tbUF3y2YTPm1TPdTF8YBYw][idx][3],[Y-GAf-d9TnWBgKZR_Cw0qw][idx][2],[YDkOVpQ0RLKhdd4JNL-RIg][idx][1] (cluster state version: 673)
[2014-02-18 15:36:11,463][INFO ][search.aggregations.bucket] [MinDocCountTests#testStringTermAsc]: cleaning up after test
[2014-02-18 15:36:11,464][INFO ][cluster.metadata         ] [node_0] [idx] deleting index
[2014-02-18 15:36:11,499][INFO ][search.aggregations.bucket] [MinDocCountTests#testStringTermAsc]: cleaned up after test
[2014-02-18 15:36:11,517][INFO ][test                     ] Test testStringTermAsc(org.elasticsearch.search.aggregations.bucket.MinDocCountTests) finished
[2014-02-18 15:36:11,517][INFO ][test                     ] Test testStringCountAscWithInclude(org.elasticsearch.search.aggregations.bucket.MinDocCountTests) started
[2014-02-18 15:36:11,522][INFO ][search.aggregations.bucket] [MinDocCountTests#testStringCountAscWithInclude]: before test
[2014-02-18 15:36:11,533][INFO ][cluster.metadata         ] [node_0] [idx] creating index, cause [api], shards [3]/[1], mappings []
[2014-02-18 15:36:11,597][INFO ][search.aggregations.bucket] Index [122] docs async: [true] bulk: [false]
[2014-02-18 15:36:11,643][INFO ][cluster.metadata         ] [node_0] [idx] update_mapping [type] (dynamic)
[2014-02-18 15:36:11,963][TRACE][action.search.type       ] [node_0] Moving to second phase, based on results from: [YDkOVpQ0RLKhdd4JNL-RIg][idx][0],[tbUF3y2YTPm1TPdTF8YBYw][idx][2],[Y-GAf-d9TnWBgKZR_Cw0qw][idx][1] (cluster state version: 682)
[2014-02-18 15:36:11,967][TRACE][action.search.type       ] [node_0] Moving to second phase, based on results from: [tbUF3y2YTPm1TPdTF8YBYw][idx][0],[Y-GAf-d9TnWBgKZR_Cw0qw][idx][2],[YDkOVpQ0RLKhdd4JNL-RIg][idx][1] (cluster state version: 682)
[2014-02-18 15:36:11,969][TRACE][action.search.type       ] [node_2] Moving to second phase, based on results from: [YDkOVpQ0RLKhdd4JNL-RIg][idx][0],[Y-GAf-d9TnWBgKZR_Cw0qw][idx][2],[YDkOVpQ0RLKhdd4JNL-RIg][idx][1] (cluster state version: 682)
[2014-02-18 15:36:11,971][TRACE][action.search.type       ] [node_2] Moving to second phase, based on results from: [tbUF3y2YTPm1TPdTF8YBYw][idx][0],[tbUF3y2YTPm1TPdTF8YBYw][idx][2],[Y-GAf-d9TnWBgKZR_Cw0qw][idx][1] (cluster state version: 682)
[2014-02-18 15:36:11,972][TRACE][action.search.type       ] [node_2] Moving to second phase, based on results from: [YDkOVpQ0RLKhdd4JNL-RIg][idx][0],[Y-GAf-d9TnWBgKZR_Cw0qw][idx][2],[YDkOVpQ0RLKhdd4JNL-RIg][idx][1] (cluster state version: 682)
[2014-02-18 15:36:11,974][TRACE][action.search.type       ] [node_2] Moving to second phase, based on results from: [tbUF3y2YTPm1TPdTF8YBYw][idx][0],[tbUF3y2YTPm1TPdTF8YBYw][idx][2],[Y-GAf-d9TnWBgKZR_Cw0qw][idx][1] (cluster state version: 682)
[2014-02-18 15:36:11,975][TRACE][action.search.type       ] [node_1] Moving to second phase, based on results from: [tbUF3y2YTPm1TPdTF8YBYw][idx][0],[tbUF3y2YTPm1TPdTF8YBYw][idx][2],[YDkOVpQ0RLKhdd4JNL-RIg][idx][1] (cluster state version: 682)
[2014-02-18 15:36:11,977][TRACE][action.search.type       ] [node_2] Moving to second phase, based on results from: [YDkOVpQ0RLKhdd4JNL-RIg][idx][0],[Y-GAf-d9TnWBgKZR_Cw0qw][idx][2],[YDkOVpQ0RLKhdd4JNL-RIg][idx][1] (cluster state version: 682)
[2014-02-18 15:36:11,978][TRACE][action.search.type       ] [node_1] Moving to second phase, based on results from: [YDkOVpQ0RLKhdd4JNL-RIg][idx][0],[Y-GAf-d9TnWBgKZR_Cw0qw][idx][2],[Y-GAf-d9TnWBgKZR_Cw0qw][idx][1] (cluster state version: 682)
[2014-02-18 15:36:11,980][TRACE][action.search.type       ] [node_2] Moving to second phase, based on results from: [tbUF3y2YTPm1TPdTF8YBYw][idx][0],[tbUF3y2YTPm1TPdTF8YBYw][idx][2],[Y-GAf-d9TnWBgKZR_Cw0qw][idx][1] (cluster state version: 682)
[2014-02-18 15:36:11,982][TRACE][action.search.type       ] [node_1] Moving to second phase, based on results from: [tbUF3y2YTPm1TPdTF8YBYw][idx][0],[tbUF3y2YTPm1TPdTF8YBYw][idx][2],[YDkOVpQ0RLKhdd4JNL-RIg][idx][1] (cluster state version: 682)
[2014-02-18 15:36:11,984][TRACE][action.search.type       ] [node_1] Moving to second phase, based on results from: [YDkOVpQ0RLKhdd4JNL-RIg][idx][0],[Y-GAf-d9TnWBgKZR_Cw0qw][idx][2],[Y-GAf-d9TnWBgKZR_Cw0qw][idx][1] (cluster state version: 682)
[2014-02-18 15:36:11,986][TRACE][action.search.type       ] [node_0] Moving to second phase, based on results from: [YDkOVpQ0RLKhdd4JNL-RIg][idx][0],[tbUF3y2YTPm1TPdTF8YBYw][idx][2],[Y-GAf-d9TnWBgKZR_Cw0qw][idx][1] (cluster state version: 682)
[2014-02-18 15:36:11,988][TRACE][action.search.type       ] [node_0] Moving to second phase, based on results from: [tbUF3y2YTPm1TPdTF8YBYw][idx][0],[Y-GAf-d9TnWBgKZR_Cw0qw][idx][2],[YDkOVpQ0RLKhdd4JNL-RIg][idx][1] (cluster state version: 682)
[2014-02-18 15:36:11,989][TRACE][action.search.type       ] [node_0] Moving to second phase, based on results from: [YDkOVpQ0RLKhdd4JNL-RIg][idx][0],[tbUF3y2YTPm1TPdTF8YBYw][idx][2],[Y-GAf-d9TnWBgKZR_Cw0qw][idx][1] (cluster state version: 682)
[2014-02-18 15:36:11,991][TRACE][action.search.type       ] [node_1] Moving to second phase, based on results from: [tbUF3y2YTPm1TPdTF8YBYw][idx][0],[tbUF3y2YTPm1TPdTF8YBYw][idx][2],[YDkOVpQ0RLKhdd4JNL-RIg][idx][1] (cluster state version: 682)
[2014-02-18 15:36:11,992][TRACE][action.search.type       ] [node_1] Moving to second phase, based on results from: [YDkOVpQ0RLKhdd4JNL-RIg][idx][0],[Y-GAf-d9TnWBgKZR_Cw0qw][idx][2],[Y-GAf-d9TnWBgKZR_Cw0qw][idx][1] (cluster state version: 682)
[2014-02-18 15:36:11,993][TRACE][action.search.type       ] [node_2] Moving to second phase, based on results from: [YDkOVpQ0RLKhdd4JNL-RIg][idx][0],[Y-GAf-d9TnWBgKZR_Cw0qw][idx][2],[YDkOVpQ0RLKhdd4JNL-RIg][idx][1] (cluster state version: 682)
[2014-02-18 15:36:11,995][TRACE][action.search.type       ] [node_0] Moving to second phase, based on results from: [tbUF3y2YTPm1TPdTF8YBYw][idx][0],[Y-GAf-d9TnWBgKZR_Cw0qw][idx][2],[YDkOVpQ0RLKhdd4JNL-RIg][idx][1] (cluster state version: 682)
[2014-02-18 15:36:11,997][TRACE][action.search.type       ] [node_0] Moving to second phase, based on results from: [YDkOVpQ0RLKhdd4JNL-RIg][idx][0],[tbUF3y2YTPm1TPdTF8YBYw][idx][2],[Y-GAf-d9TnWBgKZR_Cw0qw][idx][1] (cluster state version: 682)
[2014-02-18 15:36:11,998][TRACE][action.search.type       ] [node_0] Moving to second phase, based on results from: [tbUF3y2YTPm1TPdTF8YBYw][idx][0],[Y-GAf-d9TnWBgKZR_Cw0qw][idx][2],[YDkOVpQ0RLKhdd4JNL-RIg][idx][1] (cluster state version: 682)
[2014-02-18 15:36:11,999][INFO ][search.aggregations.bucket] [MinDocCountTests#testStringCountAscWithInclude]: cleaning up after test
[2014-02-18 15:36:12,000][INFO ][cluster.metadata         ] [node_0] [idx] deleting index
[2014-02-18 15:36:12,033][INFO ][search.aggregations.bucket] [MinDocCountTests#testStringCountAscWithInclude]: cleaned up after test
[2014-02-18 15:36:12,034][INFO ][test                     ] Test testStringCountAscWithInclude(org.elasticsearch.search.aggregations.bucket.MinDocCountTests) finished
[2014-02-18 15:36:12,035][INFO ][test                     ] Test testHistogramCountDesc(org.elasticsearch.search.aggregations.bucket.MinDocCountTests) started
[2014-02-18 15:36:12,040][INFO ][plugins                  ] [transport_client_node_1] loaded [], sites []
[2014-02-18 15:36:12,074][INFO ][plugins                  ] [transport_client_node_2] loaded [], sites []
[2014-02-18 15:36:12,097][INFO ][plugins                  ] [transport_client_node_0] loaded [], sites []
[2014-02-18 15:36:12,127][INFO ][search.aggregations.bucket] [MinDocCountTests#testHistogramCountDesc]: before test
[2014-02-18 15:36:12,139][INFO ][cluster.metadata         ] [node_0] [idx] creating index, cause [api], shards [5]/[1], mappings []
[2014-02-18 15:36:12,208][INFO ][search.aggregations.bucket] Index [148] docs async: [true] bulk: [false]
[2014-02-18 15:36:12,401][INFO ][cluster.metadata         ] [node_0] [idx] update_mapping [type] (dynamic)
[2014-02-18 15:36:13,472][TRACE][action.search.type       ] [node_2] Moving to second phase, based on results from: [YDkOVpQ0RLKhdd4JNL-RIg][idx][4],[YDkOVpQ0RLKhdd4JNL-RIg][idx][3],[Y-GAf-d9TnWBgKZR_Cw0qw][idx][2],[Y-GAf-d9TnWBgKZR_Cw0qw][idx][1],[Y-GAf-d9TnWBgKZR_Cw0qw][idx][0] (cluster state version: 693)
[2014-02-18 15:36:13,478][TRACE][action.search.type       ] [node_2] Moving to second phase, based on results from: [Y-GAf-d9TnWBgKZR_Cw0qw][idx][4],[tbUF3y2YTPm1TPdTF8YBYw][idx][3],[tbUF3y2YTPm1TPdTF8YBYw][idx][2],[YDkOVpQ0RLKhdd4JNL-RIg][idx][1],[tbUF3y2YTPm1TPdTF8YBYw][idx][0] (cluster state version: 693)
[2014-02-18 15:36:13,483][TRACE][action.search.type       ] [node_1] Moving to second phase, based on results from: [Y-GAf-d9TnWBgKZR_Cw0qw][idx][4],[YDkOVpQ0RLKhdd4JNL-RIg][idx][3],[Y-GAf-d9TnWBgKZR_Cw0qw][idx][2],[YDkOVpQ0RLKhdd4JNL-RIg][idx][1],[Y-GAf-d9TnWBgKZR_Cw0qw][idx][0] (cluster state version: 693)
[2014-02-18 15:36:13,486][TRACE][action.search.type       ] [node_0] Moving to second phase, based on results from: [YDkOVpQ0RLKhdd4JNL-RIg][idx][4],[tbUF3y2YTPm1TPdTF8YBYw][idx][3],[tbUF3y2YTPm1TPdTF8YBYw][idx][2],[YDkOVpQ0RLKhdd4JNL-RIg][idx][1],[tbUF3y2YTPm1TPdTF8YBYw][idx][0] (cluster state version: 693)
[2014-02-18 15:36:13,490][TRACE][action.search.type       ] [node_0] Moving to second phase, based on results from: [Y-GAf-d9TnWBgKZR_Cw0qw][idx][4],[YDkOVpQ0RLKhdd4JNL-RIg][idx][3],[Y-GAf-d9TnWBgKZR_Cw0qw][idx][2],[Y-GAf-d9TnWBgKZR_Cw0qw][idx][1],[Y-GAf-d9TnWBgKZR_Cw0qw][idx][0] (cluster state version: 693)
[2014-02-18 15:36:13,493][TRACE][action.search.type       ] [node_2] Moving to second phase, based on results from: [YDkOVpQ0RLKhdd4JNL-RIg][idx][4],[YDkOVpQ0RLKhdd4JNL-RIg][idx][3],[Y-GAf-d9TnWBgKZR_Cw0qw][idx][2],[Y-GAf-d9TnWBgKZR_Cw0qw][idx][1],[Y-GAf-d9TnWBgKZR_Cw0qw][idx][0] (cluster state version: 693)
[2014-02-18 15:36:13,498][TRACE][action.search.type       ] [node_0] Moving to second phase, based on results from: [YDkOVpQ0RLKhdd4JNL-RIg][idx][4],[tbUF3y2YTPm1TPdTF8YBYw][idx][3],[tbUF3y2YTPm1TPdTF8YBYw][idx][2],[YDkOVpQ0RLKhdd4JNL-RIg][idx][1],[tbUF3y2YTPm1TPdTF8YBYw][idx][0] (cluster state version: 693)
[2014-02-18 15:36:13,504][TRACE][action.search.type       ] [node_0] Moving to second phase, based on results from: [Y-GAf-d9TnWBgKZR_Cw0qw][idx][4],[YDkOVpQ0RLKhdd4JNL-RIg][idx][3],[Y-GAf-d9TnWBgKZR_Cw0qw][idx][2],[Y-GAf-d9TnWBgKZR_Cw0qw][idx][1],[Y-GAf-d9TnWBgKZR_Cw0qw][idx][0] (cluster state version: 693)
[2014-02-18 15:36:13,510][TRACE][action.search.type       ] [node_2] Moving to second phase, based on results from: [Y-GAf-d9TnWBgKZR_Cw0qw][idx][4],[tbUF3y2YTPm1TPdTF8YBYw][idx][3],[tbUF3y2YTPm1TPdTF8YBYw][idx][2],[YDkOVpQ0RLKhdd4JNL-RIg][idx][1],[tbUF3y2YTPm1TPdTF8YBYw][idx][0] (cluster state version: 693)
[2014-02-18 15:36:13,513][TRACE][action.search.type       ] [node_2] Moving to second phase, based on results from: [YDkOVpQ0RLKhdd4JNL-RIg][idx][4],[YDkOVpQ0RLKhdd4JNL-RIg][idx][3],[Y-GAf-d9TnWBgKZR_Cw0qw][idx][2],[Y-GAf-d9TnWBgKZR_Cw0qw][idx][1],[Y-GAf-d9TnWBgKZR_Cw0qw][idx][0] (cluster state version: 693)
[2014-02-18 15:36:13,519][TRACE][action.search.type       ] [node_2] Moving to second phase, based on results from: [Y-GAf-d9TnWBgKZR_Cw0qw][idx][4],[tbUF3y2YTPm1TPdTF8YBYw][idx][3],[tbUF3y2YTPm1TPdTF8YBYw][idx][2],[YDkOVpQ0RLKhdd4JNL-RIg][idx][1],[tbUF3y2YTPm1TPdTF8YBYw][idx][0] (cluster state version: 693)
[2014-02-18 15:36:13,522][TRACE][action.search.type       ] [node_0] Moving to second phase, based on results from: [YDkOVpQ0RLKhdd4JNL-RIg][idx][4],[tbUF3y2YTPm1TPdTF8YBYw][idx][3],[tbUF3y2YTPm1TPdTF8YBYw][idx][2],[YDkOVpQ0RLKhdd4JNL-RIg][idx][1],[tbUF3y2YTPm1TPdTF8YBYw][idx][0] (cluster state version: 693)
[2014-02-18 15:36:13,526][TRACE][action.search.type       ] [node_0] Moving to second phase, based on results from: [Y-GAf-d9TnWBgKZR_Cw0qw][idx][4],[YDkOVpQ0RLKhdd4JNL-RIg][idx][3],[Y-GAf-d9TnWBgKZR_Cw0qw][idx][2],[Y-GAf-d9TnWBgKZR_Cw0qw][idx][1],[Y-GAf-d9TnWBgKZR_Cw0qw][idx][0] (cluster state version: 693)
[2014-02-18 15:36:13,529][TRACE][action.search.type       ] [node_2] Moving to second phase, based on results from: [YDkOVpQ0RLKhdd4JNL-RIg][idx][4],[YDkOVpQ0RLKhdd4JNL-RIg][idx][3],[Y-GAf-d9TnWBgKZR_Cw0qw][idx][2],[Y-GAf-d9TnWBgKZR_Cw0qw][idx][1],[Y-GAf-d9TnWBgKZR_Cw0qw][idx][0] (cluster state version: 693)
[2014-02-18 15:36:13,533][TRACE][action.search.type       ] [node_1] Moving to second phase, based on results from: [YDkOVpQ0RLKhdd4JNL-RIg][idx][4],[tbUF3y2YTPm1TPdTF8YBYw][idx][3],[tbUF3y2YTPm1TPdTF8YBYw][idx][2],[Y-GAf-d9TnWBgKZR_Cw0qw][idx][1],[tbUF3y2YTPm1TPdTF8YBYw][idx][0] (cluster state version: 693)
[2014-02-18 15:36:13,536][TRACE][action.search.type       ] [node_0] Moving to second phase, based on results from: [YDkOVpQ0RLKhdd4JNL-RIg][idx][4],[tbUF3y2YTPm1TPdTF8YBYw][idx][3],[tbUF3y2YTPm1TPdTF8YBYw][idx][2],[YDkOVpQ0RLKhdd4JNL-RIg][idx][1],[tbUF3y2YTPm1TPdTF8YBYw][idx][0] (cluster state version: 693)
[2014-02-18 15:36:13,540][TRACE][action.search.type       ] [node_1] Moving to second phase, based on results from: [Y-GAf-d9TnWBgKZR_Cw0qw][idx][4],[YDkOVpQ0RLKhdd4JNL-RIg][idx][3],[Y-GAf-d9TnWBgKZR_Cw0qw][idx][2],[YDkOVpQ0RLKhdd4JNL-RIg][idx][1],[Y-GAf-d9TnWBgKZR_Cw0qw][idx][0] (cluster state version: 693)
[2014-02-18 15:36:13,543][TRACE][action.search.type       ] [node_2] Moving to second phase, based on results from: [Y-GAf-d9TnWBgKZR_Cw0qw][idx][4],[tbUF3y2YTPm1TPdTF8YBYw][idx][3],[tbUF3y2YTPm1TPdTF8YBYw][idx][2],[YDkOVpQ0RLKhdd4JNL-RIg][idx][1],[tbUF3y2YTPm1TPdTF8YBYw][idx][0] (cluster state version: 693)
[2014-02-18 15:36:13,547][TRACE][action.search.type       ] [node_2] Moving to second phase, based on results from: [YDkOVpQ0RLKhdd4JNL-RIg][idx][4],[YDkOVpQ0RLKhdd4JNL-RIg][idx][3],[Y-GAf-d9TnWBgKZR_Cw0qw][idx][2],[Y-GAf-d9TnWBgKZR_Cw0qw][idx][1],[Y-GAf-d9TnWBgKZR_Cw0qw][idx][0] (cluster state version: 693)
[2014-02-18 15:36:13,551][TRACE][action.search.type       ] [node_0] Moving to second phase, based on results from: [Y-GAf-d9TnWBgKZR_Cw0qw][idx][4],[YDkOVpQ0RLKhdd4JNL-RIg][idx][3],[Y-GAf-d9TnWBgKZR_Cw0qw][idx][2],[Y-GAf-d9TnWBgKZR_Cw0qw][idx][1],[Y-GAf-d9TnWBgKZR_Cw0qw][idx][0] (cluster state version: 693)
[2014-02-18 15:36:13,554][TRACE][action.search.type       ] [node_2] Moving to second phase, based on results from: [Y-GAf-d9TnWBgKZR_Cw0qw][idx][4],[tbUF3y2YTPm1TPdTF8YBYw][idx][3],[tbUF3y2YTPm1TPdTF8YBYw][idx][2],[YDkOVpQ0RLKhdd4JNL-RIg][idx][1],[tbUF3y2YTPm1TPdTF8YBYw][idx][0] (cluster state version: 693)
[2014-02-18 15:36:13,557][TRACE][action.search.type       ] [node_0] Moving to second phase, based on results from: [YDkOVpQ0RLKhdd4JNL-RIg][idx][4],[tbUF3y2YTPm1TPdTF8YBYw][idx][3],[tbUF3y2YTPm1TPdTF8YBYw][idx][2],[YDkOVpQ0RLKhdd4JNL-RIg][idx][1],[tbUF3y2YTPm1TPdTF8YBYw][idx][0] (cluster state version: 693)
[2014-02-18 15:36:13,561][TRACE][action.search.type       ] [node_2] Moving to second phase, based on results from: [YDkOVpQ0RLKhdd4JNL-RIg][idx][4],[YDkOVpQ0RLKhdd4JNL-RIg][idx][3],[Y-GAf-d9TnWBgKZR_Cw0qw][idx][2],[Y-GAf-d9TnWBgKZR_Cw0qw][idx][1],[Y-GAf-d9TnWBgKZR_Cw0qw][idx][0] (cluster state version: 693)
[2014-02-18 15:36:13,563][TRACE][action.search.type       ] [node_0] Moving to second phase, based on results from: [Y-GAf-d9TnWBgKZR_Cw0qw][idx][4],[YDkOVpQ0RLKhdd4JNL-RIg][idx][3],[Y-GAf-d9TnWBgKZR_Cw0qw][idx][2],[Y-GAf-d9TnWBgKZR_Cw0qw][idx][1],[Y-GAf-d9TnWBgKZR_Cw0qw][idx][0] (cluster state version: 693)
[2014-02-18 15:36:13,567][TRACE][action.search.type       ] [node_2] Moving to second phase, based on results from: [Y-GAf-d9TnWBgKZR_Cw0qw][idx][4],[tbUF3y2YTPm1TPdTF8YBYw][idx][3],[tbUF3y2YTPm1TPdTF8YBYw][idx][2],[YDkOVpQ0RLKhdd4JNL-RIg][idx][1],[tbUF3y2YTPm1TPdTF8YBYw][idx][0] (cluster state version: 693)
[2014-02-18 15:36:13,569][TRACE][action.search.type       ] [node_2] Moving to second phase, based on results from: [YDkOVpQ0RLKhdd4JNL-RIg][idx][4],[YDkOVpQ0RLKhdd4JNL-RIg][idx][3],[Y-GAf-d9TnWBgKZR_Cw0qw][idx][2],[Y-GAf-d9TnWBgKZR_Cw0qw][idx][1],[Y-GAf-d9TnWBgKZR_Cw0qw][idx][0] (cluster state version: 693)
[2014-02-18 15:36:13,572][TRACE][action.search.type       ] [node_2] Moving to second phase, based on results from: [Y-GAf-d9TnWBgKZR_Cw0qw][idx][4],[tbUF3y2YTPm1TPdTF8YBYw][idx][3],[tbUF3y2YTPm1TPdTF8YBYw][idx][2],[YDkOVpQ0RLKhdd4JNL-RIg][idx][1],[tbUF3y2YTPm1TPdTF8YBYw][idx][0] (cluster state version: 693)
[2014-02-18 15:36:13,575][TRACE][action.search.type       ] [node_2] Moving to second phase, based on results from: [YDkOVpQ0RLKhdd4JNL-RIg][idx][4],[YDkOVpQ0RLKhdd4JNL-RIg][idx][3],[Y-GAf-d9TnWBgKZR_Cw0qw][idx][2],[Y-GAf-d9TnWBgKZR_Cw0qw][idx][1],[Y-GAf-d9TnWBgKZR_Cw0qw][idx][0] (cluster state version: 693)
[2014-02-18 15:36:13,578][TRACE][action.search.type       ] [node_1] Moving to second phase, based on results from: [YDkOVpQ0RLKhdd4JNL-RIg][idx][4],[tbUF3y2YTPm1TPdTF8YBYw][idx][3],[tbUF3y2YTPm1TPdTF8YBYw][idx][2],[Y-GAf-d9TnWBgKZR_Cw0qw][idx][1],[tbUF3y2YTPm1TPdTF8YBYw][idx][0] (cluster state version: 693)
[2014-02-18 15:36:13,581][TRACE][action.search.type       ] [node_2] Moving to second phase, based on results from: [Y-GAf-d9TnWBgKZR_Cw0qw][idx][4],[tbUF3y2YTPm1TPdTF8YBYw][idx][3],[tbUF3y2YTPm1TPdTF8YBYw][idx][2],[YDkOVpQ0RLKhdd4JNL-RIg][idx][1],[tbUF3y2YTPm1TPdTF8YBYw][idx][0] (cluster state version: 693)
[2014-02-18 15:36:13,585][TRACE][action.search.type       ] [node_2] Moving to second phase, based on results from: [YDkOVpQ0RLKhdd4JNL-RIg][idx][4],[YDkOVpQ0RLKhdd4JNL-RIg][idx][3],[Y-GAf-d9TnWBgKZR_Cw0qw][idx][2],[Y-GAf-d9TnWBgKZR_Cw0qw][idx][1],[Y-GAf-d9TnWBgKZR_Cw0qw][idx][0] (cluster state version: 693)
[2014-02-18 15:36:13,589][TRACE][action.search.type       ] [node_1] Moving to second phase, based on results from: [Y-GAf-d9TnWBgKZR_Cw0qw][idx][4],[YDkOVpQ0RLKhdd4JNL-RIg][idx][3],[Y-GAf-d9TnWBgKZR_Cw0qw][idx][2],[YDkOVpQ0RLKhdd4JNL-RIg][idx][1],[Y-GAf-d9TnWBgKZR_Cw0qw][idx][0] (cluster state version: 693)
[2014-02-18 15:36:13,592][TRACE][action.search.type       ] [node_2] Moving to second phase, based on results from: [Y-GAf-d9TnWBgKZR_Cw0qw][idx][4],[tbUF3y2YTPm1TPdTF8YBYw][idx][3],[tbUF3y2YTPm1TPdTF8YBYw][idx][2],[YDkOVpQ0RLKhdd4JNL-RIg][idx][1],[tbUF3y2YTPm1TPdTF8YBYw][idx][0] (cluster state version: 693)
[2014-02-18 15:36:13,595][TRACE][action.search.type       ] [node_1] Moving to second phase, based on results from: [YDkOVpQ0RLKhdd4JNL-RIg][idx][4],[tbUF3y2YTPm1TPdTF8YBYw][idx][3],[tbUF3y2YTPm1TPdTF8YBYw][idx][2],[Y-GAf-d9TnWBgKZR_Cw0qw][idx][1],[tbUF3y2YTPm1TPdTF8YBYw][idx][0] (cluster state version: 693)
[2014-02-18 15:36:13,598][TRACE][action.search.type       ] [node_2] Moving to second phase, based on results from: [YDkOVpQ0RLKhdd4JNL-RIg][idx][4],[YDkOVpQ0RLKhdd4JNL-RIg][idx][3],[Y-GAf-d9TnWBgKZR_Cw0qw][idx][2],[Y-GAf-d9TnWBgKZR_Cw0qw][idx][1],[Y-GAf-d9TnWBgKZR_Cw0qw][idx][0] (cluster state version: 693)
[2014-02-18 15:36:13,601][TRACE][action.search.type       ] [node_2] Moving to second phase, based on results from: [Y-GAf-d9TnWBgKZR_Cw0qw][idx][4],[tbUF3y2YTPm1TPdTF8YBYw][idx][3],[tbUF3y2YTPm1TPdTF8YBYw][idx][2],[YDkOVpQ0RLKhdd4JNL-RIg][idx][1],[tbUF3y2YTPm1TPdTF8YBYw][idx][0] (cluster state version: 693)
[2014-02-18 15:36:13,604][TRACE][action.search.type       ] [node_0] Moving to second phase, based on results from: [YDkOVpQ0RLKhdd4JNL-RIg][idx][4],[tbUF3y2YTPm1TPdTF8YBYw][idx][3],[tbUF3y2YTPm1TPdTF8YBYw][idx][2],[YDkOVpQ0RLKhdd4JNL-RIg][idx][1],[tbUF3y2YTPm1TPdTF8YBYw][idx][0] (cluster state version: 693)
[2014-02-18 15:36:13,607][TRACE][action.search.type       ] [node_0] Moving to second phase, based on results from: [Y-GAf-d9TnWBgKZR_Cw0qw][idx][4],[YDkOVpQ0RLKhdd4JNL-RIg][idx][3],[Y-GAf-d9TnWBgKZR_Cw0qw][idx][2],[Y-GAf-d9TnWBgKZR_Cw0qw][idx][1],[Y-GAf-d9TnWBgKZR_Cw0qw][idx][0] (cluster state version: 693)
[2014-02-18 15:36:13,612][TRACE][action.search.type       ] [node_2] Moving to second phase, based on results from: [YDkOVpQ0RLKhdd4JNL-RIg][idx][4],[YDkOVpQ0RLKhdd4JNL-RIg][idx][3],[Y-GAf-d9TnWBgKZR_Cw0qw][idx][2],[Y-GAf-d9TnWBgKZR_Cw0qw][idx][1],[Y-GAf-d9TnWBgKZR_Cw0qw][idx][0] (cluster state version: 693)
[2014-02-18 15:36:13,616][TRACE][action.search.type       ] [node_1] Moving to second phase, based on results from: [Y-GAf-d9TnWBgKZR_Cw0qw][idx][4],[YDkOVpQ0RLKhdd4JNL-RIg][idx][3],[Y-GAf-d9TnWBgKZR_Cw0qw][idx][2],[YDkOVpQ0RLKhdd4JNL-RIg][idx][1],[Y-GAf-d9TnWBgKZR_Cw0qw][idx][0] (cluster state version: 693)
[2014-02-18 15:36:13,619][TRACE][action.search.type       ] [node_0] Moving to second phase, based on results from: [YDkOVpQ0RLKhdd4JNL-RIg][idx][4],[tbUF3y2YTPm1TPdTF8YBYw][idx][3],[tbUF3y2YTPm1TPdTF8YBYw][idx][2],[YDkOVpQ0RLKhdd4JNL-RIg][idx][1],[tbUF3y2YTPm1TPdTF8YBYw][idx][0] (cluster state version: 693)
[2014-02-18 15:36:13,622][TRACE][action.search.type       ] [node_2] Moving to second phase, based on results from: [Y-GAf-d9TnWBgKZR_Cw0qw][idx][4],[tbUF3y2YTPm1TPdTF8YBYw][idx][3],[tbUF3y2YTPm1TPdTF8YBYw][idx][2],[YDkOVpQ0RLKhdd4JNL-RIg][idx][1],[tbUF3y2YTPm1TPdTF8YBYw][idx][0] (cluster state version: 693)
[2014-02-18 15:36:13,628][TRACE][action.search.type       ] [node_0] Moving to second phase, based on results from: [Y-GAf-d9TnWBgKZR_Cw0qw][idx][4],[YDkOVpQ0RLKhdd4JNL-RIg][idx][3],[Y-GAf-d9TnWBgKZR_Cw0qw][idx][2],[Y-GAf-d9TnWBgKZR_Cw0qw][idx][1],[Y-GAf-d9TnWBgKZR_Cw0qw][idx][0] (cluster state version: 693)
[2014-02-18 15:36:13,638][TRACE][action.search.type       ] [node_2] Moving to second phase, based on results from: [YDkOVpQ0RLKhdd4JNL-RIg][idx][4],[YDkOVpQ0RLKhdd4JNL-RIg][idx][3],[Y-GAf-d9TnWBgKZR_Cw0qw][idx][2],[Y-GAf-d9TnWBgKZR_Cw0qw][idx][1],[Y-GAf-d9TnWBgKZR_Cw0qw][idx][0] (cluster state version: 693)
[2014-02-18 15:36:13,641][TRACE][action.search.type       ] [node_1] Moving to second phase, based on results from: [YDkOVpQ0RLKhdd4JNL-RIg][idx][4],[tbUF3y2YTPm1TPdTF8YBYw][idx][3],[tbUF3y2YTPm1TPdTF8YBYw][idx][2],[Y-GAf-d9TnWBgKZR_Cw0qw][idx][1],[tbUF3y2YTPm1TPdTF8YBYw][idx][0] (cluster state version: 693)
[2014-02-18 15:36:13,644][TRACE][action.search.type       ] [node_0] Moving to second phase, based on results from: [YDkOVpQ0RLKhdd4JNL-RIg][idx][4],[tbUF3y2YTPm1TPdTF8YBYw][idx][3],[tbUF3y2YTPm1TPdTF8YBYw][idx][2],[YDkOVpQ0RLKhdd4JNL-RIg][idx][1],[tbUF3y2YTPm1TPdTF8YBYw][idx][0] (cluster state version: 693)
[2014-02-18 15:36:13,647][TRACE][action.search.type       ] [node_1] Moving to second phase, based on results from: [Y-GAf-d9TnWBgKZR_Cw0qw][idx][4],[YDkOVpQ0RLKhdd4JNL-RIg][idx][3],[Y-GAf-d9TnWBgKZR_Cw0qw][idx][2],[YDkOVpQ0RLKhdd4JNL-RIg][idx][1],[Y-GAf-d9TnWBgKZR_Cw0qw][idx][0] (cluster state version: 693)
[2014-02-18 15:36:13,651][TRACE][action.search.type       ] [node_2] Moving to second phase, based on results from: [Y-GAf-d9TnWBgKZR_Cw0qw][idx][4],[tbUF3y2YTPm1TPdTF8YBYw][idx][3],[tbUF3y2YTPm1TPdTF8YBYw][idx][2],[YDkOVpQ0RLKhdd4JNL-RIg][idx][1],[tbUF3y2YTPm1TPdTF8YBYw][idx][0] (cluster state version: 693)
[2014-02-18 15:36:13,654][TRACE][action.search.type       ] [node_0] Moving to second phase, based on results from: [Y-GAf-d9TnWBgKZR_Cw0qw][idx][4],[YDkOVpQ0RLKhdd4JNL-RIg][idx][3],[Y-GAf-d9TnWBgKZR_Cw0qw][idx][2],[Y-GAf-d9TnWBgKZR_Cw0qw][idx][1],[Y-GAf-d9TnWBgKZR_Cw0qw][idx][0] (cluster state version: 693)
[2014-02-18 15:36:13,658][TRACE][action.search.type       ] [node_0] Moving to second phase, based on results from: [YDkOVpQ0RLKhdd4JNL-RIg][idx][4],[tbUF3y2YTPm1TPdTF8YBYw][idx][3],[tbUF3y2YTPm1TPdTF8YBYw][idx][2],[YDkOVpQ0RLKhdd4JNL-RIg][idx][1],[tbUF3y2YTPm1TPdTF8YBYw][idx][0] (cluster state version: 693)
[2014-02-18 15:36:13,661][TRACE][action.search.type       ] [node_0] Moving to second phase, based on results from: [Y-GAf-d9TnWBgKZR_Cw0qw][idx][4],[YDkOVpQ0RLKhdd4JNL-RIg][idx][3],[Y-GAf-d9TnWBgKZR_Cw0qw][idx][2],[Y-GAf-d9TnWBgKZR_Cw0qw][idx][1],[Y-GAf-d9TnWBgKZR_Cw0qw][idx][0] (cluster state version: 693)
[2014-02-18 15:36:13,662][INFO ][search.aggregations.bucket] [MinDocCountTests#testHistogramCountDesc]: cleaning up after test
[2014-02-18 15:36:13,663][INFO ][cluster.metadata         ] [node_0] [idx] deleting index
[2014-02-18 15:36:13,783][INFO ][search.aggregations.bucket] [MinDocCountTests#testHistogramCountDesc]: cleaned up after test
[2014-02-18 15:36:13,795][INFO ][test                     ] Test testHistogramCountDesc(org.elasticsearch.search.aggregations.bucket.MinDocCountTests) finished
[2014-02-18 15:36:13,796][INFO ][test                     ] Test testHistogramKeyDesc(org.elasticsearch.search.aggregations.bucket.MinDocCountTests) started
[2014-02-18 15:36:13,801][INFO ][plugins                  ] [transport_client_node_2] loaded [], sites []
[2014-02-18 15:36:13,834][INFO ][plugins                  ] [transport_client_node_0] loaded [], sites []
[2014-02-18 15:36:13,887][INFO ][plugins                  ] [transport_client_node_1] loaded [], sites []
[2014-02-18 15:36:13,945][INFO ][search.aggregations.bucket] [MinDocCountTests#testHistogramKeyDesc]: before test
[2014-02-18 15:36:13,958][INFO ][cluster.metadata         ] [node_0] [idx] creating index, cause [api], shards [2]/[1], mappings []
[2014-02-18 15:36:14,016][INFO ][search.aggregations.bucket] Index [108] docs async: [true] bulk: [false]
[2014-02-18 15:36:14,091][INFO ][cluster.metadata         ] [node_0] [idx] update_mapping [type] (dynamic)
[2014-02-18 15:36:14,731][TRACE][action.search.type       ] [node_2] Moving to second phase, based on results from: [Y-GAf-d9TnWBgKZR_Cw0qw][idx][0],[Y-GAf-d9TnWBgKZR_Cw0qw][idx][1] (cluster state version: 701)
[2014-02-18 15:36:14,735][TRACE][action.search.type       ] [node_2] Moving to second phase, based on results from: [tbUF3y2YTPm1TPdTF8YBYw][idx][0],[YDkOVpQ0RLKhdd4JNL-RIg][idx][1] (cluster state version: 701)
[2014-02-18 15:36:14,737][TRACE][action.search.type       ] [node_2] Moving to second phase, based on results from: [Y-GAf-d9TnWBgKZR_Cw0qw][idx][0],[Y-GAf-d9TnWBgKZR_Cw0qw][idx][1] (cluster state version: 701)
[2014-02-18 15:36:14,740][TRACE][action.search.type       ] [node_1] Moving to second phase, based on results from: [tbUF3y2YTPm1TPdTF8YBYw][idx][0],[YDkOVpQ0RLKhdd4JNL-RIg][idx][1] (cluster state version: 701)
[2014-02-18 15:36:14,742][TRACE][action.search.type       ] [node_0] Moving to second phase, based on results from: [Y-GAf-d9TnWBgKZR_Cw0qw][idx][0],[Y-GAf-d9TnWBgKZR_Cw0qw][idx][1] (cluster state version: 701)
[2014-02-18 15:36:14,744][TRACE][action.search.type       ] [node_1] Moving to second phase, based on results from: [Y-GAf-d9TnWBgKZR_Cw0qw][idx][0],[Y-GAf-d9TnWBgKZR_Cw0qw][idx][1] (cluster state version: 701)
[2014-02-18 15:36:14,746][TRACE][action.search.type       ] [node_2] Moving to second phase, based on results from: [tbUF3y2YTPm1TPdTF8YBYw][idx][0],[YDkOVpQ0RLKhdd4JNL-RIg][idx][1] (cluster state version: 701)
[2014-02-18 15:36:14,748][TRACE][action.search.type       ] [node_2] Moving to second phase, based on results from: [Y-GAf-d9TnWBgKZR_Cw0qw][idx][0],[Y-GAf-d9TnWBgKZR_Cw0qw][idx][1] (cluster state version: 701)
[2014-02-18 15:36:14,751][TRACE][action.search.type       ] [node_2] Moving to second phase, based on results from: [tbUF3y2YTPm1TPdTF8YBYw][idx][0],[YDkOVpQ0RLKhdd4JNL-RIg][idx][1] (cluster state version: 701)
[2014-02-18 15:36:14,753][TRACE][action.search.type       ] [node_0] Moving to second phase, based on results from: [tbUF3y2YTPm1TPdTF8YBYw][idx][0],[YDkOVpQ0RLKhdd4JNL-RIg][idx][1] (cluster state version: 701)
[2014-02-18 15:36:14,755][TRACE][action.search.type       ] [node_1] Moving to second phase, based on results from: [tbUF3y2YTPm1TPdTF8YBYw][idx][0],[YDkOVpQ0RLKhdd4JNL-RIg][idx][1] (cluster state version: 701)
[2014-02-18 15:36:14,757][TRACE][action.search.type       ] [node_1] Moving to second phase, based on results from: [Y-GAf-d9TnWBgKZR_Cw0qw][idx][0],[Y-GAf-d9TnWBgKZR_Cw0qw][idx][1] (cluster state version: 701)
[2014-02-18 15:36:14,760][TRACE][action.search.type       ] [node_2] Moving to second phase, based on results from: [Y-GAf-d9TnWBgKZR_Cw0qw][idx][0],[Y-GAf-d9TnWBgKZR_Cw0qw][idx][1] (cluster state version: 701)
[2014-02-18 15:36:14,762][TRACE][action.search.type       ] [node_0] Moving to second phase, based on results from: [Y-GAf-d9TnWBgKZR_Cw0qw][idx][0],[Y-GAf-d9TnWBgKZR_Cw0qw][idx][1] (cluster state version: 701)
[2014-02-18 15:36:14,765][TRACE][action.search.type       ] [node_0] Moving to second phase, based on results from: [tbUF3y2YTPm1TPdTF8YBYw][idx][0],[YDkOVpQ0RLKhdd4JNL-RIg][idx][1] (cluster state version: 701)
[2014-02-18 15:36:14,768][TRACE][action.search.type       ] [node_0] Moving to second phase, based on results from: [Y-GAf-d9TnWBgKZR_Cw0qw][idx][0],[Y-GAf-d9TnWBgKZR_Cw0qw][idx][1] (cluster state version: 701)
[2014-02-18 15:36:14,771][TRACE][action.search.type       ] [node_2] Moving to second phase, based on results from: [tbUF3y2YTPm1TPdTF8YBYw][idx][0],[YDkOVpQ0RLKhdd4JNL-RIg][idx][1] (cluster state version: 701)
[2014-02-18 15:36:14,773][TRACE][action.search.type       ] [node_2] Moving to second phase, based on results from: [Y-GAf-d9TnWBgKZR_Cw0qw][idx][0],[Y-GAf-d9TnWBgKZR_Cw0qw][idx][1] (cluster state version: 701)
[2014-02-18 15:36:14,776][TRACE][action.search.type       ] [node_0] Moving to second phase, based on results from: [tbUF3y2YTPm1TPdTF8YBYw][idx][0],[YDkOVpQ0RLKhdd4JNL-RIg][idx][1] (cluster state version: 701)
[2014-02-18 15:36:14,778][TRACE][action.search.type       ] [node_1] Moving to second phase, based on results from: [tbUF3y2YTPm1TPdTF8YBYw][idx][0],[YDkOVpQ0RLKhdd4JNL-RIg][idx][1] (cluster state version: 701)
[2014-02-18 15:36:14,780][TRACE][action.search.type       ] [node_0] Moving to second phase, based on results from: [Y-GAf-d9TnWBgKZR_Cw0qw][idx][0],[Y-GAf-d9TnWBgKZR_Cw0qw][idx][1] (cluster state version: 701)
[2014-02-18 15:36:14,784][TRACE][action.search.type       ] [node_0] Moving to second phase, based on results from: [tbUF3y2YTPm1TPdTF8YBYw][idx][0],[YDkOVpQ0RLKhdd4JNL-RIg][idx][1] (cluster state version: 701)
[2014-02-18 15:36:14,787][TRACE][action.search.type       ] [node_1] Moving to second phase, based on results from: [Y-GAf-d9TnWBgKZR_Cw0qw][idx][0],[Y-GAf-d9TnWBgKZR_Cw0qw][idx][1] (cluster state version: 701)
[2014-02-18 15:36:14,789][TRACE][action.search.type       ] [node_0] Moving to second phase, based on results from: [Y-GAf-d9TnWBgKZR_Cw0qw][idx][0],[Y-GAf-d9TnWBgKZR_Cw0qw][idx][1] (cluster state version: 701)
[2014-02-18 15:36:14,791][TRACE][action.search.type       ] [node_0] Moving to second phase, based on results from: [tbUF3y2YTPm1TPdTF8YBYw][idx][0],[YDkOVpQ0RLKhdd4JNL-RIg][idx][1] (cluster state version: 701)
[2014-02-18 15:36:14,794][TRACE][action.search.type       ] [node_2] Moving to second phase, based on results from: [tbUF3y2YTPm1TPdTF8YBYw][idx][0],[YDkOVpQ0RLKhdd4JNL-RIg][idx][1] (cluster state version: 701)
[2014-02-18 15:36:14,796][TRACE][action.search.type       ] [node_1] Moving to second phase, based on results from: [tbUF3y2YTPm1TPdTF8YBYw][idx][0],[YDkOVpQ0RLKhdd4JNL-RIg][idx][1] (cluster state version: 701)
[2014-02-18 15:36:14,798][TRACE][action.search.type       ] [node_1] Moving to second phase, based on results from: [Y-GAf-d9TnWBgKZR_Cw0qw][idx][0],[Y-GAf-d9TnWBgKZR_Cw0qw][idx][1] (cluster state version: 701)
[2014-02-18 15:36:14,803][TRACE][action.search.type       ] [node_2] Moving to second phase, based on results from: [Y-GAf-d9TnWBgKZR_Cw0qw][idx][0],[Y-GAf-d9TnWBgKZR_Cw0qw][idx][1] (cluster state version: 701)
[2014-02-18 15:36:14,805][TRACE][action.search.type       ] [node_1] Moving to second phase, based on results from: [tbUF3y2YTPm1TPdTF8YBYw][idx][0],[YDkOVpQ0RLKhdd4JNL-RIg][idx][1] (cluster state version: 701)
[2014-02-18 15:36:14,808][TRACE][action.search.type       ] [node_1] Moving to second phase, based on results from: [Y-GAf-d9TnWBgKZR_Cw0qw][idx][0],[Y-GAf-d9TnWBgKZR_Cw0qw][idx][1] (cluster state version: 701)
[2014-02-18 15:36:14,812][TRACE][action.search.type       ] [node_0] Moving to second phase, based on results from: [Y-GAf-d9TnWBgKZR_Cw0qw][idx][0],[Y-GAf-d9TnWBgKZR_Cw0qw][idx][1] (cluster state version: 701)
[2014-02-18 15:36:14,815][TRACE][action.search.type       ] [node_2] Moving to second phase, based on results from: [tbUF3y2YTPm1TPdTF8YBYw][idx][0],[YDkOVpQ0RLKhdd4JNL-RIg][idx][1] (cluster state version: 701)
[2014-02-18 15:36:14,818][TRACE][action.search.type       ] [node_1] Moving to second phase, based on results from: [tbUF3y2YTPm1TPdTF8YBYw][idx][0],[YDkOVpQ0RLKhdd4JNL-RIg][idx][1] (cluster state version: 701)
[2014-02-18 15:36:14,821][TRACE][action.search.type       ] [node_0] Moving to second phase, based on results from: [tbUF3y2YTPm1TPdTF8YBYw][idx][0],[YDkOVpQ0RLKhdd4JNL-RIg][idx][1] (cluster state version: 701)
[2014-02-18 15:36:14,823][TRACE][action.search.type       ] [node_1] Moving to second phase, based on results from: [Y-GAf-d9TnWBgKZR_Cw0qw][idx][0],[Y-GAf-d9TnWBgKZR_Cw0qw][idx][1] (cluster state version: 701)
[2014-02-18 15:36:14,825][TRACE][action.search.type       ] [node_0] Moving to second phase, based on results from: [Y-GAf-d9TnWBgKZR_Cw0qw][idx][0],[Y-GAf-d9TnWBgKZR_Cw0qw][idx][1] (cluster state version: 701)
[2014-02-18 15:36:14,827][TRACE][action.search.type       ] [node_1] Moving to second phase, based on results from: [tbUF3y2YTPm1TPdTF8YBYw][idx][0],[YDkOVpQ0RLKhdd4JNL-RIg][idx][1] (cluster state version: 701)
[2014-02-18 15:36:14,829][TRACE][action.search.type       ] [node_1] Moving to second phase, based on results from: [Y-GAf-d9TnWBgKZR_Cw0qw][idx][0],[Y-GAf-d9TnWBgKZR_Cw0qw][idx][1] (cluster state version: 701)
[2014-02-18 15:36:14,831][TRACE][action.search.type       ] [node_2] Moving to second phase, based on results from: [Y-GAf-d9TnWBgKZR_Cw0qw][idx][0],[Y-GAf-d9TnWBgKZR_Cw0qw][idx][1] (cluster state version: 701)
[2014-02-18 15:36:14,833][TRACE][action.search.type       ] [node_0] Moving to second phase, based on results from: [tbUF3y2YTPm1TPdTF8YBYw][idx][0],[YDkOVpQ0RLKhdd4JNL-RIg][idx][1] (cluster state version: 701)
[2014-02-18 15:36:14,836][TRACE][action.search.type       ] [node_0] Moving to second phase, based on results from: [Y-GAf-d9TnWBgKZR_Cw0qw][idx][0],[Y-GAf-d9TnWBgKZR_Cw0qw][idx][1] (cluster state version: 701)
[2014-02-18 15:36:14,838][TRACE][action.search.type       ] [node_1] Moving to second phase, based on results from: [tbUF3y2YTPm1TPdTF8YBYw][idx][0],[YDkOVpQ0RLKhdd4JNL-RIg][idx][1] (cluster state version: 701)
[2014-02-18 15:36:14,841][TRACE][action.search.type       ] [node_2] Moving to second phase, based on results from: [tbUF3y2YTPm1TPdTF8YBYw][idx][0],[YDkOVpQ0RLKhdd4JNL-RIg][idx][1] (cluster state version: 701)
[2014-02-18 15:36:14,843][TRACE][action.search.type       ] [node_0] Moving to second phase, based on results from: [tbUF3y2YTPm1TPdTF8YBYw][idx][0],[YDkOVpQ0RLKhdd4JNL-RIg][idx][1] (cluster state version: 701)
[2014-02-18 15:36:14,845][TRACE][action.search.type       ] [node_2] Moving to second phase, based on results from: [Y-GAf-d9TnWBgKZR_Cw0qw][idx][0],[Y-GAf-d9TnWBgKZR_Cw0qw][idx][1] (cluster state version: 701)
[2014-02-18 15:36:14,847][TRACE][action.search.type       ] [node_2] Moving to second phase, based on results from: [tbUF3y2YTPm1TPdTF8YBYw][idx][0],[YDkOVpQ0RLKhdd4JNL-RIg][idx][1] (cluster state version: 701)
[2014-02-18 15:36:14,849][TRACE][action.search.type       ] [node_0] Moving to second phase, based on results from: [Y-GAf-d9TnWBgKZR_Cw0qw][idx][0],[Y-GAf-d9TnWBgKZR_Cw0qw][idx][1] (cluster state version: 701)
[2014-02-18 15:36:14,851][TRACE][action.search.type       ] [node_2] Moving to second phase, based on results from: [Y-GAf-d9TnWBgKZR_Cw0qw][idx][0],[Y-GAf-d9TnWBgKZR_Cw0qw][idx][1] (cluster state version: 701)
[2014-02-18 15:36:14,853][TRACE][action.search.type       ] [node_1] Moving to second phase, based on results from: [Y-GAf-d9TnWBgKZR_Cw0qw][idx][0],[Y-GAf-d9TnWBgKZR_Cw0qw][idx][1] (cluster state version: 701)
[2014-02-18 15:36:14,856][TRACE][action.search.type       ] [node_1] Moving to second phase, based on results from: [tbUF3y2YTPm1TPdTF8YBYw][idx][0],[YDkOVpQ0RLKhdd4JNL-RIg][idx][1] (cluster state version: 701)
[2014-02-18 15:36:14,857][INFO ][search.aggregations.bucket] [MinDocCountTests#testHistogramKeyDesc]: cleaning up after test
[2014-02-18 15:36:14,859][INFO ][cluster.metadata         ] [node_0] [idx] deleting index
[2014-02-18 15:36:14,925][INFO ][search.aggregations.bucket] [MinDocCountTests#testHistogramKeyDesc]: cleaned up after test
[2014-02-18 15:36:14,940][INFO ][test                     ] Test testHistogramKeyDesc(org.elasticsearch.search.aggregations.bucket.MinDocCountTests) finished
[2014-02-18 15:36:14,941][INFO ][test                     ] Test testLongCountDesc(org.elasticsearch.search.aggregations.bucket.MinDocCountTests) started
[2014-02-18 15:36:14,947][INFO ][search.aggregations.bucket] [MinDocCountTests#testLongCountDesc]: before test
[2014-02-18 15:36:14,962][INFO ][cluster.metadata         ] [node_0] [idx] creating index, cause [api], shards [2]/[1], mappings []
[2014-02-18 15:36:15,041][INFO ][search.aggregations.bucket] Index [168] docs async: [true] bulk: [false]
[2014-02-18 15:36:15,078][INFO ][cluster.metadata         ] [node_0] [idx] update_mapping [type] (dynamic)
[2014-02-18 15:36:16,469][TRACE][action.search.type       ] [node_2] Moving to second phase, based on results from: [tbUF3y2YTPm1TPdTF8YBYw][idx][0],[Y-GAf-d9TnWBgKZR_Cw0qw][idx][1] (cluster state version: 710)
[2014-02-18 15:36:16,471][TRACE][action.search.type       ] [node_0] Moving to second phase, based on results from: [tbUF3y2YTPm1TPdTF8YBYw][idx][0],[Y-GAf-d9TnWBgKZR_Cw0qw][idx][1] (cluster state version: 710)
[2014-02-18 15:36:16,474][TRACE][action.search.type       ] [node_1] Moving to second phase, based on results from: [Y-GAf-d9TnWBgKZR_Cw0qw][idx][0],[YDkOVpQ0RLKhdd4JNL-RIg][idx][1] (cluster state version: 710)
[2014-02-18 15:36:16,476][TRACE][action.search.type       ] [node_0] Moving to second phase, based on results from: [Y-GAf-d9TnWBgKZR_Cw0qw][idx][0],[YDkOVpQ0RLKhdd4JNL-RIg][idx][1] (cluster state version: 710)
[2014-02-18 15:36:16,477][TRACE][action.search.type       ] [node_0] Moving to second phase, based on results from: [tbUF3y2YTPm1TPdTF8YBYw][idx][0],[Y-GAf-d9TnWBgKZR_Cw0qw][idx][1] (cluster state version: 710)
[2014-02-18 15:36:16,479][TRACE][action.search.type       ] [node_0] Moving to second phase, based on results from: [Y-GAf-d9TnWBgKZR_Cw0qw][idx][0],[YDkOVpQ0RLKhdd4JNL-RIg][idx][1] (cluster state version: 710)
[2014-02-18 15:36:16,482][TRACE][action.search.type       ] [node_1] Moving to second phase, based on results from: [tbUF3y2YTPm1TPdTF8YBYw][idx][0],[Y-GAf-d9TnWBgKZR_Cw0qw][idx][1] (cluster state version: 710)
[2014-02-18 15:36:16,484][TRACE][action.search.type       ] [node_2] Moving to second phase, based on results from: [Y-GAf-d9TnWBgKZR_Cw0qw][idx][0],[YDkOVpQ0RLKhdd4JNL-RIg][idx][1] (cluster state version: 710)
[2014-02-18 15:36:16,486][TRACE][action.search.type       ] [node_0] Moving to second phase, based on results from: [tbUF3y2YTPm1TPdTF8YBYw][idx][0],[Y-GAf-d9TnWBgKZR_Cw0qw][idx][1] (cluster state version: 710)
[2014-02-18 15:36:16,489][TRACE][action.search.type       ] [node_1] Moving to second phase, based on results from: [Y-GAf-d9TnWBgKZR_Cw0qw][idx][0],[YDkOVpQ0RLKhdd4JNL-RIg][idx][1] (cluster state version: 710)
[2014-02-18 15:36:16,491][TRACE][action.search.type       ] [node_1] Moving to second phase, based on results from: [tbUF3y2YTPm1TPdTF8YBYw][idx][0],[Y-GAf-d9TnWBgKZR_Cw0qw][idx][1] (cluster state version: 710)
[2014-02-18 15:36:16,493][TRACE][action.search.type       ] [node_1] Moving to second phase, based on results from: [Y-GAf-d9TnWBgKZR_Cw0qw][idx][0],[YDkOVpQ0RLKhdd4JNL-RIg][idx][1] (cluster state version: 710)
[2014-02-18 15:36:16,496][TRACE][action.search.type       ] [node_2] Moving to second phase, based on results from: [tbUF3y2YTPm1TPdTF8YBYw][idx][0],[Y-GAf-d9TnWBgKZR_Cw0qw][idx][1] (cluster state version: 710)
[2014-02-18 15:36:16,498][TRACE][action.search.type       ] [node_2] Moving to second phase, based on results from: [Y-GAf-d9TnWBgKZR_Cw0qw][idx][0],[YDkOVpQ0RLKhdd4JNL-RIg][idx][1] (cluster state version: 710)
[2014-02-18 15:36:16,500][TRACE][action.search.type       ] [node_0] Moving to second phase, based on results from: [Y-GAf-d9TnWBgKZR_Cw0qw][idx][0],[YDkOVpQ0RLKhdd4JNL-RIg][idx][1] (cluster state version: 710)
[2014-02-18 15:36:16,502][TRACE][action.search.type       ] [node_1] Moving to second phase, based on results from: [tbUF3y2YTPm1TPdTF8YBYw][idx][0],[Y-GAf-d9TnWBgKZR_Cw0qw][idx][1] (cluster state version: 710)
[2014-02-18 15:36:16,505][TRACE][action.search.type       ] [node_2] Moving to second phase, based on results from: [tbUF3y2YTPm1TPdTF8YBYw][idx][0],[Y-GAf-d9TnWBgKZR_Cw0qw][idx][1] (cluster state version: 710)
[2014-02-18 15:36:16,507][TRACE][action.search.type       ] [node_1] Moving to second phase, based on results from: [Y-GAf-d9TnWBgKZR_Cw0qw][idx][0],[YDkOVpQ0RLKhdd4JNL-RIg][idx][1] (cluster state version: 710)
[2014-02-18 15:36:16,509][TRACE][action.search.type       ] [node_0] Moving to second phase, based on results from: [tbUF3y2YTPm1TPdTF8YBYw][idx][0],[Y-GAf-d9TnWBgKZR_Cw0qw][idx][1] (cluster state version: 710)
[2014-02-18 15:36:16,511][TRACE][action.search.type       ] [node_0] Moving to second phase, based on results from: [Y-GAf-d9TnWBgKZR_Cw0qw][idx][0],[YDkOVpQ0RLKhdd4JNL-RIg][idx][1] (cluster state version: 710)
[2014-02-18 15:36:16,512][TRACE][action.search.type       ] [node_0] Moving to second phase, based on results from: [tbUF3y2YTPm1TPdTF8YBYw][idx][0],[Y-GAf-d9TnWBgKZR_Cw0qw][idx][1] (cluster state version: 710)
[2014-02-18 15:36:16,513][INFO ][search.aggregations.bucket] [MinDocCountTests#testLongCountDesc]: cleaning up after test
[2014-02-18 15:36:16,514][INFO ][cluster.metadata         ] [node_0] [idx] deleting index
[2014-02-18 15:36:16,568][INFO ][search.aggregations.bucket] [MinDocCountTests#testLongCountDesc]: cleaned up after test
[2014-02-18 15:36:16,568][INFO ][test                     ] Test testLongCountDesc(org.elasticsearch.search.aggregations.bucket.MinDocCountTests) finished
[2014-02-18 15:36:16,569][INFO ][test                     ] Test testDoubleScriptTermDesc(org.elasticsearch.search.aggregations.bucket.MinDocCountTests) started
[2014-02-18 15:36:16,574][INFO ][plugins                  ] [transport_client_node_2] loaded [], sites []
[2014-02-18 15:36:16,606][INFO ][plugins                  ] [transport_client_node_0] loaded [], sites []
[2014-02-18 15:36:16,647][INFO ][search.aggregations.bucket] [MinDocCountTests#testDoubleScriptTermDesc]: before test
[2014-02-18 15:36:16,661][INFO ][cluster.metadata         ] [node_0] [idx] creating index, cause [api], shards [2]/[0], mappings []
[2014-02-18 15:36:16,718][INFO ][plugins                  ] [transport_client_node_1] loaded [], sites []
[2014-02-18 15:36:16,750][INFO ][search.aggregations.bucket] Index [88] docs async: [true] bulk: [false]
[2014-02-18 15:36:16,762][INFO ][cluster.metadata         ] [node_0] [idx] update_mapping [type] (dynamic)
[2014-02-18 15:36:17,848][TRACE][action.search.type       ] [node_1] Moving to second phase, based on results from: [tbUF3y2YTPm1TPdTF8YBYw][idx][0],[YDkOVpQ0RLKhdd4JNL-RIg][idx][1] (cluster state version: 716)
[2014-02-18 15:36:17,861][TRACE][action.search.type       ] [node_2] Moving to second phase, based on results from: [tbUF3y2YTPm1TPdTF8YBYw][idx][0],[YDkOVpQ0RLKhdd4JNL-RIg][idx][1] (cluster state version: 716)
[2014-02-18 15:36:17,865][TRACE][action.search.type       ] [node_0] Moving to second phase, based on results from: [tbUF3y2YTPm1TPdTF8YBYw][idx][0],[YDkOVpQ0RLKhdd4JNL-RIg][idx][1] (cluster state version: 716)
[2014-02-18 15:36:17,870][TRACE][action.search.type       ] [node_0] Moving to second phase, based on results from: [tbUF3y2YTPm1TPdTF8YBYw][idx][0],[YDkOVpQ0RLKhdd4JNL-RIg][idx][1] (cluster state version: 716)
[2014-02-18 15:36:17,874][TRACE][action.search.type       ] [node_1] Moving to second phase, based on results from: [tbUF3y2YTPm1TPdTF8YBYw][idx][0],[YDkOVpQ0RLKhdd4JNL-RIg][idx][1] (cluster state version: 716)
[2014-02-18 15:36:17,882][TRACE][action.search.type       ] [node_1] Moving to second phase, based on results from: [tbUF3y2YTPm1TPdTF8YBYw][idx][0],[YDkOVpQ0RLKhdd4JNL-RIg][idx][1] (cluster state version: 716)
[2014-02-18 15:36:17,886][TRACE][action.search.type       ] [node_2] Moving to second phase, based on results from: [tbUF3y2YTPm1TPdTF8YBYw][idx][0],[YDkOVpQ0RLKhdd4JNL-RIg][idx][1] (cluster state version: 716)
[2014-02-18 15:36:17,891][TRACE][action.search.type       ] [node_0] Moving to second phase, based on results from: [tbUF3y2YTPm1TPdTF8YBYw][idx][0],[YDkOVpQ0RLKhdd4JNL-RIg][idx][1] (cluster state version: 716)
[2014-02-18 15:36:17,894][TRACE][action.search.type       ] [node_1] Moving to second phase, based on results from: [tbUF3y2YTPm1TPdTF8YBYw][idx][0],[YDkOVpQ0RLKhdd4JNL-RIg][idx][1] (cluster state version: 716)
[2014-02-18 15:36:17,897][TRACE][action.search.type       ] [node_0] Moving to second phase, based on results from: [tbUF3y2YTPm1TPdTF8YBYw][idx][0],[YDkOVpQ0RLKhdd4JNL-RIg][idx][1] (cluster state version: 716)
[2014-02-18 15:36:17,900][TRACE][action.search.type       ] [node_0] Moving to second phase, based on results from: [tbUF3y2YTPm1TPdTF8YBYw][idx][0],[YDkOVpQ0RLKhdd4JNL-RIg][idx][1] (cluster state version: 716)
[2014-02-18 15:36:17,903][TRACE][action.search.type       ] [node_2] Moving to second phase, based on results from: [tbUF3y2YTPm1TPdTF8YBYw][idx][0],[YDkOVpQ0RLKhdd4JNL-RIg][idx][1] (cluster state version: 716)
[2014-02-18 15:36:17,906][TRACE][action.search.type       ] [node_1] Moving to second phase, based on results from: [tbUF3y2YTPm1TPdTF8YBYw][idx][0],[YDkOVpQ0RLKhdd4JNL-RIg][idx][1] (cluster state version: 716)
[2014-02-18 15:36:17,909][TRACE][action.search.type       ] [node_1] Moving to second phase, based on results from: [tbUF3y2YTPm1TPdTF8YBYw][idx][0],[YDkOVpQ0RLKhdd4JNL-RIg][idx][1] (cluster state version: 716)
[2014-02-18 15:36:17,912][TRACE][action.search.type       ] [node_0] Moving to second phase, based on results from: [tbUF3y2YTPm1TPdTF8YBYw][idx][0],[YDkOVpQ0RLKhdd4JNL-RIg][idx][1] (cluster state version: 716)
[2014-02-18 15:36:17,915][TRACE][action.search.type       ] [node_2] Moving to second phase, based on results from: [tbUF3y2YTPm1TPdTF8YBYw][idx][0],[YDkOVpQ0RLKhdd4JNL-RIg][idx][1] (cluster state version: 716)
[2014-02-18 15:36:17,918][TRACE][action.search.type       ] [node_1] Moving to second phase, based on results from: [tbUF3y2YTPm1TPdTF8YBYw][idx][0],[YDkOVpQ0RLKhdd4JNL-RIg][idx][1] (cluster state version: 716)
[2014-02-18 15:36:17,925][TRACE][action.search.type       ] [node_1] Moving to second phase, based on results from: [tbUF3y2YTPm1TPdTF8YBYw][idx][0],[YDkOVpQ0RLKhdd4JNL-RIg][idx][1] (cluster state version: 716)
[2014-02-18 15:36:17,930][TRACE][action.search.type       ] [node_1] Moving to second phase, based on results from: [tbUF3y2YTPm1TPdTF8YBYw][idx][0],[YDkOVpQ0RLKhdd4JNL-RIg][idx][1] (cluster state version: 716)
[2014-02-18 15:36:17,937][TRACE][action.search.type       ] [node_1] Moving to second phase, based on results from: [tbUF3y2YTPm1TPdTF8YBYw][idx][0],[YDkOVpQ0RLKhdd4JNL-RIg][idx][1] (cluster state version: 716)
[2014-02-18 15:36:17,942][TRACE][action.search.type       ] [node_0] Moving to second phase, based on results from: [tbUF3y2YTPm1TPdTF8YBYw][idx][0],[YDkOVpQ0RLKhdd4JNL-RIg][idx][1] (cluster state version: 716)
[2014-02-18 15:36:17,944][INFO ][search.aggregations.bucket] [MinDocCountTests#testDoubleScriptTermDesc]: cleaning up after test
[2014-02-18 15:36:17,947][INFO ][cluster.metadata         ] [node_0] [idx] deleting index
[2014-02-18 15:36:17,985][INFO ][search.aggregations.bucket] [MinDocCountTests#testDoubleScriptTermDesc]: cleaned up after test
[2014-02-18 15:36:18,005][INFO ][test                     ] Test testDoubleScriptTermDesc(org.elasticsearch.search.aggregations.bucket.MinDocCountTests) finished
[2014-02-18 15:36:18,006][INFO ][test                     ] Test testStringScriptTermAsc(org.elasticsearch.search.aggregations.bucket.MinDocCountTests) started
[2014-02-18 15:36:18,009][INFO ][plugins                  ] [transport_client_node_1] loaded [], sites []
[2014-02-18 15:36:18,043][INFO ][plugins                  ] [transport_client_node_2] loaded [], sites []
[2014-02-18 15:36:18,089][INFO ][search.aggregations.bucket] [MinDocCountTests#testStringScriptTermAsc]: before test
[2014-02-18 15:36:18,101][INFO ][cluster.metadata         ] [node_0] [idx] creating index, cause [api], shards [3]/[1], mappings []
[2014-02-18 15:36:18,170][INFO ][search.aggregations.bucket] Index [154] docs async: [false] bulk: [true]
[2014-02-18 15:36:18,213][INFO ][cluster.metadata         ] [node_0] [idx] update_mapping [type] (dynamic)
[2014-02-18 15:36:18,419][TRACE][action.search.type       ] [node_1] Moving to second phase, based on results from: [tbUF3y2YTPm1TPdTF8YBYw][idx][0],[Y-GAf-d9TnWBgKZR_Cw0qw][idx][2],[YDkOVpQ0RLKhdd4JNL-RIg][idx][1] (cluster state version: 725)
[2014-02-18 15:36:18,454][TRACE][action.search.type       ] [node_1] Moving to second phase, based on results from: [YDkOVpQ0RLKhdd4JNL-RIg][idx][0],[tbUF3y2YTPm1TPdTF8YBYw][idx][2],[Y-GAf-d9TnWBgKZR_Cw0qw][idx][1] (cluster state version: 725)
[2014-02-18 15:36:18,465][TRACE][action.search.type       ] [node_0] Moving to second phase, based on results from: [YDkOVpQ0RLKhdd4JNL-RIg][idx][0],[Y-GAf-d9TnWBgKZR_Cw0qw][idx][2],[Y-GAf-d9TnWBgKZR_Cw0qw][idx][1] (cluster state version: 725)
[2014-02-18 15:36:18,475][TRACE][action.search.type       ] [node_1] Moving to second phase, based on results from: [tbUF3y2YTPm1TPdTF8YBYw][idx][0],[Y-GAf-d9TnWBgKZR_Cw0qw][idx][2],[YDkOVpQ0RLKhdd4JNL-RIg][idx][1] (cluster state version: 725)
[2014-02-18 15:36:18,481][TRACE][action.search.type       ] [node_1] Moving to second phase, based on results from: [YDkOVpQ0RLKhdd4JNL-RIg][idx][0],[tbUF3y2YTPm1TPdTF8YBYw][idx][2],[Y-GAf-d9TnWBgKZR_Cw0qw][idx][1] (cluster state version: 725)
[2014-02-18 15:36:18,490][TRACE][action.search.type       ] [node_0] Moving to second phase, based on results from: [tbUF3y2YTPm1TPdTF8YBYw][idx][0],[tbUF3y2YTPm1TPdTF8YBYw][idx][2],[YDkOVpQ0RLKhdd4JNL-RIg][idx][1] (cluster state version: 725)
[2014-02-18 15:36:18,493][TRACE][action.search.type       ] [node_2] Moving to second phase, based on results from: [tbUF3y2YTPm1TPdTF8YBYw][idx][0],[tbUF3y2YTPm1TPdTF8YBYw][idx][2],[Y-GAf-d9TnWBgKZR_Cw0qw][idx][1] (cluster state version: 725)
[2014-02-18 15:36:18,497][TRACE][action.search.type       ] [node_1] Moving to second phase, based on results from: [tbUF3y2YTPm1TPdTF8YBYw][idx][0],[Y-GAf-d9TnWBgKZR_Cw0qw][idx][2],[YDkOVpQ0RLKhdd4JNL-RIg][idx][1] (cluster state version: 725)
[2014-02-18 15:36:18,500][TRACE][action.search.type       ] [node_0] Moving to second phase, based on results from: [YDkOVpQ0RLKhdd4JNL-RIg][idx][0],[Y-GAf-d9TnWBgKZR_Cw0qw][idx][2],[Y-GAf-d9TnWBgKZR_Cw0qw][idx][1] (cluster state version: 725)
[2014-02-18 15:36:18,502][TRACE][action.search.type       ] [node_0] Moving to second phase, based on results from: [tbUF3y2YTPm1TPdTF8YBYw][idx][0],[tbUF3y2YTPm1TPdTF8YBYw][idx][2],[YDkOVpQ0RLKhdd4JNL-RIg][idx][1] (cluster state version: 725)
[2014-02-18 15:36:18,507][TRACE][action.search.type       ] [node_2] Moving to second phase, based on results from: [YDkOVpQ0RLKhdd4JNL-RIg][idx][0],[Y-GAf-d9TnWBgKZR_Cw0qw][idx][2],[YDkOVpQ0RLKhdd4JNL-RIg][idx][1] (cluster state version: 725)
[2014-02-18 15:36:18,511][TRACE][action.search.type       ] [node_0] Moving to second phase, based on results from: [YDkOVpQ0RLKhdd4JNL-RIg][idx][0],[Y-GAf-d9TnWBgKZR_Cw0qw][idx][2],[Y-GAf-d9TnWBgKZR_Cw0qw][idx][1] (cluster state version: 725)
[2014-02-18 15:36:18,515][TRACE][action.search.type       ] [node_1] Moving to second phase, based on results from: [YDkOVpQ0RLKhdd4JNL-RIg][idx][0],[tbUF3y2YTPm1TPdTF8YBYw][idx][2],[Y-GAf-d9TnWBgKZR_Cw0qw][idx][1] (cluster state version: 725)
[2014-02-18 15:36:18,518][TRACE][action.search.type       ] [node_0] Moving to second phase, based on results from: [tbUF3y2YTPm1TPdTF8YBYw][idx][0],[tbUF3y2YTPm1TPdTF8YBYw][idx][2],[YDkOVpQ0RLKhdd4JNL-RIg][idx][1] (cluster state version: 725)
[2014-02-18 15:36:18,522][TRACE][action.search.type       ] [node_2] Moving to second phase, based on results from: [tbUF3y2YTPm1TPdTF8YBYw][idx][0],[tbUF3y2YTPm1TPdTF8YBYw][idx][2],[Y-GAf-d9TnWBgKZR_Cw0qw][idx][1] (cluster state version: 725)
[2014-02-18 15:36:18,527][TRACE][action.search.type       ] [node_1] Moving to second phase, based on results from: [tbUF3y2YTPm1TPdTF8YBYw][idx][0],[Y-GAf-d9TnWBgKZR_Cw0qw][idx][2],[YDkOVpQ0RLKhdd4JNL-RIg][idx][1] (cluster state version: 725)
[2014-02-18 15:36:18,530][TRACE][action.search.type       ] [node_0] Moving to second phase, based on results from: [YDkOVpQ0RLKhdd4JNL-RIg][idx][0],[Y-GAf-d9TnWBgKZR_Cw0qw][idx][2],[Y-GAf-d9TnWBgKZR_Cw0qw][idx][1] (cluster state version: 725)
[2014-02-18 15:36:18,533][TRACE][action.search.type       ] [node_1] Moving to second phase, based on results from: [YDkOVpQ0RLKhdd4JNL-RIg][idx][0],[tbUF3y2YTPm1TPdTF8YBYw][idx][2],[Y-GAf-d9TnWBgKZR_Cw0qw][idx][1] (cluster state version: 725)
[2014-02-18 15:36:18,536][TRACE][action.search.type       ] [node_1] Moving to second phase, based on results from: [tbUF3y2YTPm1TPdTF8YBYw][idx][0],[Y-GAf-d9TnWBgKZR_Cw0qw][idx][2],[YDkOVpQ0RLKhdd4JNL-RIg][idx][1] (cluster state version: 725)
[2014-02-18 15:36:18,539][TRACE][action.search.type       ] [node_0] Moving to second phase, based on results from: [tbUF3y2YTPm1TPdTF8YBYw][idx][0],[tbUF3y2YTPm1TPdTF8YBYw][idx][2],[YDkOVpQ0RLKhdd4JNL-RIg][idx][1] (cluster state version: 725)
[2014-02-18 15:36:18,541][TRACE][action.search.type       ] [node_2] Moving to second phase, based on results from: [YDkOVpQ0RLKhdd4JNL-RIg][idx][0],[Y-GAf-d9TnWBgKZR_Cw0qw][idx][2],[YDkOVpQ0RLKhdd4JNL-RIg][idx][1] (cluster state version: 725)
[2014-02-18 15:36:18,542][INFO ][search.aggregations.bucket] [MinDocCountTests#testStringScriptTermAsc]: cleaning up after test
[2014-02-18 15:36:18,543][INFO ][cluster.metadata         ] [node_0] [idx] deleting index
[2014-02-18 15:36:18,589][INFO ][search.aggregations.bucket] [MinDocCountTests#testStringScriptTermAsc]: cleaned up after test
[2014-02-18 15:36:18,598][INFO ][test                     ] Test testStringScriptTermAsc(org.elasticsearch.search.aggregations.bucket.MinDocCountTests) finished
[2014-02-18 15:36:18,599][INFO ][test                     ] Test testDoubleTermAsc(org.elasticsearch.search.aggregations.bucket.MinDocCountTests) started
[2014-02-18 15:36:18,603][INFO ][plugins                  ] [transport_client_node_1] loaded [], sites []
[2014-02-18 15:36:18,635][INFO ][plugins                  ] [transport_client_node_2] loaded [], sites []
[2014-02-18 15:36:18,662][INFO ][search.aggregations.bucket] [MinDocCountTests#testDoubleTermAsc]: before test
[2014-02-18 15:36:18,674][INFO ][cluster.metadata         ] [node_0] [idx] creating index, cause [api], shards [5]/[1], mappings []
[2014-02-18 15:36:18,768][INFO ][plugins                  ] [transport_client_node_0] loaded [], sites []
[2014-02-18 15:36:18,865][INFO ][search.aggregations.bucket] Index [84] docs async: [true] bulk: [false]
[2014-02-18 15:36:18,934][INFO ][cluster.metadata         ] [node_0] [idx] update_mapping [type] (dynamic)
[2014-02-18 15:36:19,557][TRACE][action.search.type       ] [node_2] Moving to second phase, based on results from: [Y-GAf-d9TnWBgKZR_Cw0qw][idx][4],[tbUF3y2YTPm1TPdTF8YBYw][idx][3],[Y-GAf-d9TnWBgKZR_Cw0qw][idx][2],[YDkOVpQ0RLKhdd4JNL-RIg][idx][1],[Y-GAf-d9TnWBgKZR_Cw0qw][idx][0] (cluster state version: 736)
[2014-02-18 15:36:19,561][TRACE][action.search.type       ] [node_2] Moving to second phase, based on results from: [YDkOVpQ0RLKhdd4JNL-RIg][idx][4],[YDkOVpQ0RLKhdd4JNL-RIg][idx][3],[tbUF3y2YTPm1TPdTF8YBYw][idx][2],[Y-GAf-d9TnWBgKZR_Cw0qw][idx][1],[tbUF3y2YTPm1TPdTF8YBYw][idx][0] (cluster state version: 736)
[2014-02-18 15:36:19,565][TRACE][action.search.type       ] [node_1] Moving to second phase, based on results from: [YDkOVpQ0RLKhdd4JNL-RIg][idx][4],[YDkOVpQ0RLKhdd4JNL-RIg][idx][3],[tbUF3y2YTPm1TPdTF8YBYw][idx][2],[Y-GAf-d9TnWBgKZR_Cw0qw][idx][1],[Y-GAf-d9TnWBgKZR_Cw0qw][idx][0] (cluster state version: 736)
[2014-02-18 15:36:19,567][TRACE][action.search.type       ] [node_0] Moving to second phase, based on results from: [YDkOVpQ0RLKhdd4JNL-RIg][idx][4],[tbUF3y2YTPm1TPdTF8YBYw][idx][3],[tbUF3y2YTPm1TPdTF8YBYw][idx][2],[Y-GAf-d9TnWBgKZR_Cw0qw][idx][1],[Y-GAf-d9TnWBgKZR_Cw0qw][idx][0] (cluster state version: 736)
[2014-02-18 15:36:19,570][TRACE][action.search.type       ] [node_0] Moving to second phase, based on results from: [Y-GAf-d9TnWBgKZR_Cw0qw][idx][4],[YDkOVpQ0RLKhdd4JNL-RIg][idx][3],[Y-GAf-d9TnWBgKZR_Cw0qw][idx][2],[YDkOVpQ0RLKhdd4JNL-RIg][idx][1],[tbUF3y2YTPm1TPdTF8YBYw][idx][0] (cluster state version: 736)
[2014-02-18 15:36:19,572][TRACE][action.search.type       ] [node_1] Moving to second phase, based on results from: [Y-GAf-d9TnWBgKZR_Cw0qw][idx][4],[tbUF3y2YTPm1TPdTF8YBYw][idx][3],[Y-GAf-d9TnWBgKZR_Cw0qw][idx][2],[YDkOVpQ0RLKhdd4JNL-RIg][idx][1],[tbUF3y2YTPm1TPdTF8YBYw][idx][0] (cluster state version: 736)
[2014-02-18 15:36:19,575][TRACE][action.search.type       ] [node_1] Moving to second phase, based on results from: [YDkOVpQ0RLKhdd4JNL-RIg][idx][4],[YDkOVpQ0RLKhdd4JNL-RIg][idx][3],[tbUF3y2YTPm1TPdTF8YBYw][idx][2],[Y-GAf-d9TnWBgKZR_Cw0qw][idx][1],[Y-GAf-d9TnWBgKZR_Cw0qw][idx][0] (cluster state version: 736)
[2014-02-18 15:36:19,578][TRACE][action.search.type       ] [node_2] Moving to second phase, based on results from: [Y-GAf-d9TnWBgKZR_Cw0qw][idx][4],[tbUF3y2YTPm1TPdTF8YBYw][idx][3],[Y-GAf-d9TnWBgKZR_Cw0qw][idx][2],[YDkOVpQ0RLKhdd4JNL-RIg][idx][1],[Y-GAf-d9TnWBgKZR_Cw0qw][idx][0] (cluster state version: 736)
[2014-02-18 15:36:19,580][TRACE][action.search.type       ] [node_2] Moving to second phase, based on results from: [YDkOVpQ0RLKhdd4JNL-RIg][idx][4],[YDkOVpQ0RLKhdd4JNL-RIg][idx][3],[tbUF3y2YTPm1TPdTF8YBYw][idx][2],[Y-GAf-d9TnWBgKZR_Cw0qw][idx][1],[tbUF3y2YTPm1TPdTF8YBYw][idx][0] (cluster state version: 736)
[2014-02-18 15:36:19,583][TRACE][action.search.type       ] [node_1] Moving to second phase, based on results from: [Y-GAf-d9TnWBgKZR_Cw0qw][idx][4],[tbUF3y2YTPm1TPdTF8YBYw][idx][3],[Y-GAf-d9TnWBgKZR_Cw0qw][idx][2],[YDkOVpQ0RLKhdd4JNL-RIg][idx][1],[tbUF3y2YTPm1TPdTF8YBYw][idx][0] (cluster state version: 736)
[2014-02-18 15:36:19,585][TRACE][action.search.type       ] [node_2] Moving to second phase, based on results from: [Y-GAf-d9TnWBgKZR_Cw0qw][idx][4],[tbUF3y2YTPm1TPdTF8YBYw][idx][3],[Y-GAf-d9TnWBgKZR_Cw0qw][idx][2],[YDkOVpQ0RLKhdd4JNL-RIg][idx][1],[Y-GAf-d9TnWBgKZR_Cw0qw][idx][0] (cluster state version: 736)
[2014-02-18 15:36:19,588][TRACE][action.search.type       ] [node_1] Moving to second phase, based on results from: [YDkOVpQ0RLKhdd4JNL-RIg][idx][4],[YDkOVpQ0RLKhdd4JNL-RIg][idx][3],[tbUF3y2YTPm1TPdTF8YBYw][idx][2],[Y-GAf-d9TnWBgKZR_Cw0qw][idx][1],[Y-GAf-d9TnWBgKZR_Cw0qw][idx][0] (cluster state version: 736)
[2014-02-18 15:36:19,591][TRACE][action.search.type       ] [node_1] Moving to second phase, based on results from: [Y-GAf-d9TnWBgKZR_Cw0qw][idx][4],[tbUF3y2YTPm1TPdTF8YBYw][idx][3],[Y-GAf-d9TnWBgKZR_Cw0qw][idx][2],[YDkOVpQ0RLKhdd4JNL-RIg][idx][1],[tbUF3y2YTPm1TPdTF8YBYw][idx][0] (cluster state version: 736)
[2014-02-18 15:36:19,593][TRACE][action.search.type       ] [node_1] Moving to second phase, based on results from: [YDkOVpQ0RLKhdd4JNL-RIg][idx][4],[YDkOVpQ0RLKhdd4JNL-RIg][idx][3],[tbUF3y2YTPm1TPdTF8YBYw][idx][2],[Y-GAf-d9TnWBgKZR_Cw0qw][idx][1],[Y-GAf-d9TnWBgKZR_Cw0qw][idx][0] (cluster state version: 736)
[2014-02-18 15:36:19,596][TRACE][action.search.type       ] [node_2] Moving to second phase, based on results from: [YDkOVpQ0RLKhdd4JNL-RIg][idx][4],[YDkOVpQ0RLKhdd4JNL-RIg][idx][3],[tbUF3y2YTPm1TPdTF8YBYw][idx][2],[Y-GAf-d9TnWBgKZR_Cw0qw][idx][1],[tbUF3y2YTPm1TPdTF8YBYw][idx][0] (cluster state version: 736)
[2014-02-18 15:36:19,600][TRACE][action.search.type       ] [node_1] Moving to second phase, based on results from: [Y-GAf-d9TnWBgKZR_Cw0qw][idx][4],[tbUF3y2YTPm1TPdTF8YBYw][idx][3],[Y-GAf-d9TnWBgKZR_Cw0qw][idx][2],[YDkOVpQ0RLKhdd4JNL-RIg][idx][1],[tbUF3y2YTPm1TPdTF8YBYw][idx][0] (cluster state version: 736)
[2014-02-18 15:36:19,603][TRACE][action.search.type       ] [node_1] Moving to second phase, based on results from: [YDkOVpQ0RLKhdd4JNL-RIg][idx][4],[YDkOVpQ0RLKhdd4JNL-RIg][idx][3],[tbUF3y2YTPm1TPdTF8YBYw][idx][2],[Y-GAf-d9TnWBgKZR_Cw0qw][idx][1],[Y-GAf-d9TnWBgKZR_Cw0qw][idx][0] (cluster state version: 736)
[2014-02-18 15:36:19,606][TRACE][action.search.type       ] [node_0] Moving to second phase, based on results from: [YDkOVpQ0RLKhdd4JNL-RIg][idx][4],[tbUF3y2YTPm1TPdTF8YBYw][idx][3],[tbUF3y2YTPm1TPdTF8YBYw][idx][2],[Y-GAf-d9TnWBgKZR_Cw0qw][idx][1],[Y-GAf-d9TnWBgKZR_Cw0qw][idx][0] (cluster state version: 736)
[2014-02-18 15:36:19,608][TRACE][action.search.type       ] [node_0] Moving to second phase, based on results from: [Y-GAf-d9TnWBgKZR_Cw0qw][idx][4],[YDkOVpQ0RLKhdd4JNL-RIg][idx][3],[Y-GAf-d9TnWBgKZR_Cw0qw][idx][2],[YDkOVpQ0RLKhdd4JNL-RIg][idx][1],[tbUF3y2YTPm1TPdTF8YBYw][idx][0] (cluster state version: 736)
[2014-02-18 15:36:19,611][TRACE][action.search.type       ] [node_1] Moving to second phase, based on results from: [Y-GAf-d9TnWBgKZR_Cw0qw][idx][4],[tbUF3y2YTPm1TPdTF8YBYw][idx][3],[Y-GAf-d9TnWBgKZR_Cw0qw][idx][2],[YDkOVpQ0RLKhdd4JNL-RIg][idx][1],[tbUF3y2YTPm1TPdTF8YBYw][idx][0] (cluster state version: 736)
[2014-02-18 15:36:19,616][TRACE][action.search.type       ] [node_0] Moving to second phase, based on results from: [YDkOVpQ0RLKhdd4JNL-RIg][idx][4],[tbUF3y2YTPm1TPdTF8YBYw][idx][3],[tbUF3y2YTPm1TPdTF8YBYw][idx][2],[Y-GAf-d9TnWBgKZR_Cw0qw][idx][1],[Y-GAf-d9TnWBgKZR_Cw0qw][idx][0] (cluster state version: 736)
[2014-02-18 15:36:19,617][INFO ][search.aggregations.bucket] [MinDocCountTests#testDoubleTermAsc]: cleaning up after test
[2014-02-18 15:36:19,619][INFO ][cluster.metadata         ] [node_0] [idx] deleting index
[2014-02-18 15:36:19,734][INFO ][search.aggregations.bucket] [MinDocCountTests#testDoubleTermAsc]: cleaned up after test
[2014-02-18 15:36:19,744][INFO ][test                     ] Test testDoubleTermAsc(org.elasticsearch.search.aggregations.bucket.MinDocCountTests) finished
[2014-02-18 15:36:19,745][INFO ][test                     ] Test testDoubleScriptCountDesc(org.elasticsearch.search.aggregations.bucket.MinDocCountTests) started
[2014-02-18 15:36:19,749][INFO ][plugins                  ] [transport_client_node_2] loaded [], sites []
[2014-02-18 15:36:19,773][INFO ][search.aggregations.bucket] [MinDocCountTests#testDoubleScriptCountDesc]: before test
[2014-02-18 15:36:19,782][INFO ][cluster.metadata         ] [node_0] [idx] creating index, cause [api], shards [5]/[0], mappings []
[2014-02-18 15:36:19,845][INFO ][search.aggregations.bucket] Index [152] docs async: [true] bulk: [false]
[2014-02-18 15:36:19,852][INFO ][cluster.metadata         ] [node_0] [idx] update_mapping [type] (dynamic)
[2014-02-18 15:36:20,372][TRACE][action.search.type       ] [node_1] Moving to second phase, based on results from: [YDkOVpQ0RLKhdd4JNL-RIg][idx][4],[tbUF3y2YTPm1TPdTF8YBYw][idx][3],[Y-GAf-d9TnWBgKZR_Cw0qw][idx][2],[YDkOVpQ0RLKhdd4JNL-RIg][idx][1],[tbUF3y2YTPm1TPdTF8YBYw][idx][0] (cluster state version: 742)
[2014-02-18 15:36:20,376][TRACE][action.search.type       ] [node_0] Moving to second phase, based on results from: [YDkOVpQ0RLKhdd4JNL-RIg][idx][4],[tbUF3y2YTPm1TPdTF8YBYw][idx][3],[Y-GAf-d9TnWBgKZR_Cw0qw][idx][2],[YDkOVpQ0RLKhdd4JNL-RIg][idx][1],[tbUF3y2YTPm1TPdTF8YBYw][idx][0] (cluster state version: 742)
[2014-02-18 15:36:20,381][TRACE][action.search.type       ] [node_2] Moving to second phase, based on results from: [YDkOVpQ0RLKhdd4JNL-RIg][idx][4],[tbUF3y2YTPm1TPdTF8YBYw][idx][3],[Y-GAf-d9TnWBgKZR_Cw0qw][idx][2],[YDkOVpQ0RLKhdd4JNL-RIg][idx][1],[tbUF3y2YTPm1TPdTF8YBYw][idx][0] (cluster state version: 742)
[2014-02-18 15:36:20,399][TRACE][action.search.type       ] [node_2] Moving to second phase, based on results from: [YDkOVpQ0RLKhdd4JNL-RIg][idx][4],[tbUF3y2YTPm1TPdTF8YBYw][idx][3],[Y-GAf-d9TnWBgKZR_Cw0qw][idx][2],[YDkOVpQ0RLKhdd4JNL-RIg][idx][1],[tbUF3y2YTPm1TPdTF8YBYw][idx][0] (cluster state version: 742)
[2014-02-18 15:36:20,411][TRACE][action.search.type       ] [node_0] Moving to second phase, based on results from: [YDkOVpQ0RLKhdd4JNL-RIg][idx][4],[tbUF3y2YTPm1TPdTF8YBYw][idx][3],[Y-GAf-d9TnWBgKZR_Cw0qw][idx][2],[YDkOVpQ0RLKhdd4JNL-RIg][idx][1],[tbUF3y2YTPm1TPdTF8YBYw][idx][0] (cluster state version: 742)
[2014-02-18 15:36:20,430][TRACE][action.search.type       ] [node_0] Moving to second phase, based on results from: [YDkOVpQ0RLKhdd4JNL-RIg][idx][4],[tbUF3y2YTPm1TPdTF8YBYw][idx][3],[Y-GAf-d9TnWBgKZR_Cw0qw][idx][2],[YDkOVpQ0RLKhdd4JNL-RIg][idx][1],[tbUF3y2YTPm1TPdTF8YBYw][idx][0] (cluster state version: 742)
[2014-02-18 15:36:20,437][TRACE][action.search.type       ] [node_0] Moving to second phase, based on results from: [YDkOVpQ0RLKhdd4JNL-RIg][idx][4],[tbUF3y2YTPm1TPdTF8YBYw][idx][3],[Y-GAf-d9TnWBgKZR_Cw0qw][idx][2],[YDkOVpQ0RLKhdd4JNL-RIg][idx][1],[tbUF3y2YTPm1TPdTF8YBYw][idx][0] (cluster state version: 742)
[2014-02-18 15:36:20,452][TRACE][action.search.type       ] [node_1] Moving to second phase, based on results from: [YDkOVpQ0RLKhdd4JNL-RIg][idx][4],[tbUF3y2YTPm1TPdTF8YBYw][idx][3],[Y-GAf-d9TnWBgKZR_Cw0qw][idx][2],[YDkOVpQ0RLKhdd4JNL-RIg][idx][1],[tbUF3y2YTPm1TPdTF8YBYw][idx][0] (cluster state version: 742)
[2014-02-18 15:36:20,461][TRACE][action.search.type       ] [node_2] Moving to second phase, based on results from: [YDkOVpQ0RLKhdd4JNL-RIg][idx][4],[tbUF3y2YTPm1TPdTF8YBYw][idx][3],[Y-GAf-d9TnWBgKZR_Cw0qw][idx][2],[YDkOVpQ0RLKhdd4JNL-RIg][idx][1],[tbUF3y2YTPm1TPdTF8YBYw][idx][0] (cluster state version: 742)
[2014-02-18 15:36:20,468][TRACE][action.search.type       ] [node_0] Moving to second phase, based on results from: [YDkOVpQ0RLKhdd4JNL-RIg][idx][4],[tbUF3y2YTPm1TPdTF8YBYw][idx][3],[Y-GAf-d9TnWBgKZR_Cw0qw][idx][2],[YDkOVpQ0RLKhdd4JNL-RIg][idx][1],[tbUF3y2YTPm1TPdTF8YBYw][idx][0] (cluster state version: 742)
[2014-02-18 15:36:20,474][TRACE][action.search.type       ] [node_2] Moving to second phase, based on results from: [YDkOVpQ0RLKhdd4JNL-RIg][idx][4],[tbUF3y2YTPm1TPdTF8YBYw][idx][3],[Y-GAf-d9TnWBgKZR_Cw0qw][idx][2],[YDkOVpQ0RLKhdd4JNL-RIg][idx][1],[tbUF3y2YTPm1TPdTF8YBYw][idx][0] (cluster state version: 742)
[2014-02-18 15:36:20,479][TRACE][action.search.type       ] [node_0] Moving to second phase, based on results from: [YDkOVpQ0RLKhdd4JNL-RIg][idx][4],[tbUF3y2YTPm1TPdTF8YBYw][idx][3],[Y-GAf-d9TnWBgKZR_Cw0qw][idx][2],[YDkOVpQ0RLKhdd4JNL-RIg][idx][1],[tbUF3y2YTPm1TPdTF8YBYw][idx][0] (cluster state version: 742)
[2014-02-18 15:36:20,488][TRACE][action.search.type       ] [node_0] Moving to second phase, based on results from: [YDkOVpQ0RLKhdd4JNL-RIg][idx][4],[tbUF3y2YTPm1TPdTF8YBYw][idx][3],[Y-GAf-d9TnWBgKZR_Cw0qw][idx][2],[YDkOVpQ0RLKhdd4JNL-RIg][idx][1],[tbUF3y2YTPm1TPdTF8YBYw][idx][0] (cluster state version: 742)
[2014-02-18 15:36:20,494][TRACE][action.search.type       ] [node_1] Moving to second phase, based on results from: [YDkOVpQ0RLKhdd4JNL-RIg][idx][4],[tbUF3y2YTPm1TPdTF8YBYw][idx][3],[Y-GAf-d9TnWBgKZR_Cw0qw][idx][2],[YDkOVpQ0RLKhdd4JNL-RIg][idx][1],[tbUF3y2YTPm1TPdTF8YBYw][idx][0] (cluster state version: 742)
[2014-02-18 15:36:20,499][TRACE][action.search.type       ] [node_0] Moving to second phase, based on results from: [YDkOVpQ0RLKhdd4JNL-RIg][idx][4],[tbUF3y2YTPm1TPdTF8YBYw][idx][3],[Y-GAf-d9TnWBgKZR_Cw0qw][idx][2],[YDkOVpQ0RLKhdd4JNL-RIg][idx][1],[tbUF3y2YTPm1TPdTF8YBYw][idx][0] (cluster state version: 742)
[2014-02-18 15:36:20,502][TRACE][action.search.type       ] [node_1] Moving to second phase, based on results from: [YDkOVpQ0RLKhdd4JNL-RIg][idx][4],[tbUF3y2YTPm1TPdTF8YBYw][idx][3],[Y-GAf-d9TnWBgKZR_Cw0qw][idx][2],[YDkOVpQ0RLKhdd4JNL-RIg][idx][1],[tbUF3y2YTPm1TPdTF8YBYw][idx][0] (cluster state version: 742)
[2014-02-18 15:36:20,506][TRACE][action.search.type       ] [node_2] Moving to second phase, based on results from: [YDkOVpQ0RLKhdd4JNL-RIg][idx][4],[tbUF3y2YTPm1TPdTF8YBYw][idx][3],[Y-GAf-d9TnWBgKZR_Cw0qw][idx][2],[YDkOVpQ0RLKhdd4JNL-RIg][idx][1],[tbUF3y2YTPm1TPdTF8YBYw][idx][0] (cluster state version: 742)
[2014-02-18 15:36:20,510][TRACE][action.search.type       ] [node_1] Moving to second phase, based on results from: [YDkOVpQ0RLKhdd4JNL-RIg][idx][4],[tbUF3y2YTPm1TPdTF8YBYw][idx][3],[Y-GAf-d9TnWBgKZR_Cw0qw][idx][2],[YDkOVpQ0RLKhdd4JNL-RIg][idx][1],[tbUF3y2YTPm1TPdTF8YBYw][idx][0] (cluster state version: 742)
[2014-02-18 15:36:20,515][TRACE][action.search.type       ] [node_0] Moving to second phase, based on results from: [YDkOVpQ0RLKhdd4JNL-RIg][idx][4],[tbUF3y2YTPm1TPdTF8YBYw][idx][3],[Y-GAf-d9TnWBgKZR_Cw0qw][idx][2],[YDkOVpQ0RLKhdd4JNL-RIg][idx][1],[tbUF3y2YTPm1TPdTF8YBYw][idx][0] (cluster state version: 742)
[2014-02-18 15:36:20,522][TRACE][action.search.type       ] [node_1] Moving to second phase, based on results from: [YDkOVpQ0RLKhdd4JNL-RIg][idx][4],[tbUF3y2YTPm1TPdTF8YBYw][idx][3],[Y-GAf-d9TnWBgKZR_Cw0qw][idx][2],[YDkOVpQ0RLKhdd4JNL-RIg][idx][1],[tbUF3y2YTPm1TPdTF8YBYw][idx][0] (cluster state version: 742)
[2014-02-18 15:36:20,528][TRACE][action.search.type       ] [node_0] Moving to second phase, based on results from: [YDkOVpQ0RLKhdd4JNL-RIg][idx][4],[tbUF3y2YTPm1TPdTF8YBYw][idx][3],[Y-GAf-d9TnWBgKZR_Cw0qw][idx][2],[YDkOVpQ0RLKhdd4JNL-RIg][idx][1],[tbUF3y2YTPm1TPdTF8YBYw][idx][0] (cluster state version: 742)
[2014-02-18 15:36:20,528][INFO ][search.aggregations.bucket] [MinDocCountTests#testDoubleScriptCountDesc]: cleaning up after test
[2014-02-18 15:36:20,530][INFO ][cluster.metadata         ] [node_0] [idx] deleting index
[2014-02-18 15:36:20,572][INFO ][search.aggregations.bucket] [MinDocCountTests#testDoubleScriptCountDesc]: cleaned up after test
[2014-02-18 15:36:20,578][INFO ][test                     ] Test testDoubleScriptCountDesc(org.elasticsearch.search.aggregations.bucket.MinDocCountTests) finished
[2014-02-18 15:36:20,579][INFO ][test                     ] Test testDateHistogramKeyAsc(org.elasticsearch.search.aggregations.bucket.MinDocCountTests) started
[2014-02-18 15:36:20,583][INFO ][plugins                  ] [transport_client_node_1] loaded [], sites []
[2014-02-18 15:36:20,615][INFO ][plugins                  ] [transport_client_node_0] loaded [], sites []
[2014-02-18 15:36:20,652][INFO ][search.aggregations.bucket] [MinDocCountTests#testDateHistogramKeyAsc]: before test
[2014-02-18 15:36:20,655][INFO ][plugins                  ] [transport_client_node_2] loaded [], sites []
[2014-02-18 15:36:20,698][INFO ][cluster.metadata         ] [node_0] [idx] creating index, cause [api], shards [5]/[1], mappings []
[2014-02-18 15:36:20,767][INFO ][search.aggregations.bucket] Index [122] docs async: [true] bulk: [false]
[2014-02-18 15:36:20,828][INFO ][cluster.metadata         ] [node_0] [idx] update_mapping [type] (dynamic)
[2014-02-18 15:36:21,474][TRACE][action.search.type       ] [node_2] Moving to second phase, based on results from: [YDkOVpQ0RLKhdd4JNL-RIg][idx][4],[tbUF3y2YTPm1TPdTF8YBYw][idx][3],[tbUF3y2YTPm1TPdTF8YBYw][idx][2],[YDkOVpQ0RLKhdd4JNL-RIg][idx][1],[tbUF3y2YTPm1TPdTF8YBYw][idx][0] (cluster state version: 753)
[2014-02-18 15:36:21,477][TRACE][action.search.type       ] [node_0] Moving to second phase, based on results from: [Y-GAf-d9TnWBgKZR_Cw0qw][idx][4],[tbUF3y2YTPm1TPdTF8YBYw][idx][3],[tbUF3y2YTPm1TPdTF8YBYw][idx][2],[YDkOVpQ0RLKhdd4JNL-RIg][idx][1],[tbUF3y2YTPm1TPdTF8YBYw][idx][0] (cluster state version: 753)
[2014-02-18 15:36:21,481][TRACE][action.search.type       ] [node_2] Moving to second phase, based on results from: [Y-GAf-d9TnWBgKZR_Cw0qw][idx][4],[YDkOVpQ0RLKhdd4JNL-RIg][idx][3],[Y-GAf-d9TnWBgKZR_Cw0qw][idx][2],[Y-GAf-d9TnWBgKZR_Cw0qw][idx][1],[Y-GAf-d9TnWBgKZR_Cw0qw][idx][0] (cluster state version: 753)
[2014-02-18 15:36:21,483][TRACE][action.search.type       ] [node_2] Moving to second phase, based on results from: [YDkOVpQ0RLKhdd4JNL-RIg][idx][4],[tbUF3y2YTPm1TPdTF8YBYw][idx][3],[tbUF3y2YTPm1TPdTF8YBYw][idx][2],[YDkOVpQ0RLKhdd4JNL-RIg][idx][1],[tbUF3y2YTPm1TPdTF8YBYw][idx][0] (cluster state version: 753)
[2014-02-18 15:36:21,486][TRACE][action.search.type       ] [node_1] Moving to second phase, based on results from: [Y-GAf-d9TnWBgKZR_Cw0qw][idx][4],[tbUF3y2YTPm1TPdTF8YBYw][idx][3],[tbUF3y2YTPm1TPdTF8YBYw][idx][2],[Y-GAf-d9TnWBgKZR_Cw0qw][idx][1],[Y-GAf-d9TnWBgKZR_Cw0qw][idx][0] (cluster state version: 753)
[2014-02-18 15:36:21,489][TRACE][action.search.type       ] [node_0] Moving to second phase, based on results from: [YDkOVpQ0RLKhdd4JNL-RIg][idx][4],[YDkOVpQ0RLKhdd4JNL-RIg][idx][3],[Y-GAf-d9TnWBgKZR_Cw0qw][idx][2],[Y-GAf-d9TnWBgKZR_Cw0qw][idx][1],[Y-GAf-d9TnWBgKZR_Cw0qw][idx][0] (cluster state version: 753)
[2014-02-18 15:36:21,492][TRACE][action.search.type       ] [node_1] Moving to second phase, based on results from: [YDkOVpQ0RLKhdd4JNL-RIg][idx][4],[YDkOVpQ0RLKhdd4JNL-RIg][idx][3],[Y-GAf-d9TnWBgKZR_Cw0qw][idx][2],[YDkOVpQ0RLKhdd4JNL-RIg][idx][1],[tbUF3y2YTPm1TPdTF8YBYw][idx][0] (cluster state version: 753)
[2014-02-18 15:36:21,494][TRACE][action.search.type       ] [node_1] Moving to second phase, based on results from: [Y-GAf-d9TnWBgKZR_Cw0qw][idx][4],[tbUF3y2YTPm1TPdTF8YBYw][idx][3],[tbUF3y2YTPm1TPdTF8YBYw][idx][2],[Y-GAf-d9TnWBgKZR_Cw0qw][idx][1],[Y-GAf-d9TnWBgKZR_Cw0qw][idx][0] (cluster state version: 753)
[2014-02-18 15:36:21,497][TRACE][action.search.type       ] [node_0] Moving to second phase, based on results from: [Y-GAf-d9TnWBgKZR_Cw0qw][idx][4],[tbUF3y2YTPm1TPdTF8YBYw][idx][3],[tbUF3y2YTPm1TPdTF8YBYw][idx][2],[YDkOVpQ0RLKhdd4JNL-RIg][idx][1],[tbUF3y2YTPm1TPdTF8YBYw][idx][0] (cluster state version: 753)
[2014-02-18 15:36:21,501][TRACE][action.search.type       ] [node_0] Moving to second phase, based on results from: [YDkOVpQ0RLKhdd4JNL-RIg][idx][4],[YDkOVpQ0RLKhdd4JNL-RIg][idx][3],[Y-GAf-d9TnWBgKZR_Cw0qw][idx][2],[Y-GAf-d9TnWBgKZR_Cw0qw][idx][1],[Y-GAf-d9TnWBgKZR_Cw0qw][idx][0] (cluster state version: 753)
[2014-02-18 15:36:21,504][TRACE][action.search.type       ] [node_2] Moving to second phase, based on results from: [Y-GAf-d9TnWBgKZR_Cw0qw][idx][4],[YDkOVpQ0RLKhdd4JNL-RIg][idx][3],[Y-GAf-d9TnWBgKZR_Cw0qw][idx][2],[Y-GAf-d9TnWBgKZR_Cw0qw][idx][1],[Y-GAf-d9TnWBgKZR_Cw0qw][idx][0] (cluster state version: 753)
[2014-02-18 15:36:21,507][TRACE][action.search.type       ] [node_1] Moving to second phase, based on results from: [YDkOVpQ0RLKhdd4JNL-RIg][idx][4],[YDkOVpQ0RLKhdd4JNL-RIg][idx][3],[Y-GAf-d9TnWBgKZR_Cw0qw][idx][2],[YDkOVpQ0RLKhdd4JNL-RIg][idx][1],[tbUF3y2YTPm1TPdTF8YBYw][idx][0] (cluster state version: 753)
[2014-02-18 15:36:21,510][TRACE][action.search.type       ] [node_0] Moving to second phase, based on results from: [Y-GAf-d9TnWBgKZR_Cw0qw][idx][4],[tbUF3y2YTPm1TPdTF8YBYw][idx][3],[tbUF3y2YTPm1TPdTF8YBYw][idx][2],[YDkOVpQ0RLKhdd4JNL-RIg][idx][1],[tbUF3y2YTPm1TPdTF8YBYw][idx][0] (cluster state version: 753)
[2014-02-18 15:36:21,512][TRACE][action.search.type       ] [node_0] Moving to second phase, based on results from: [YDkOVpQ0RLKhdd4JNL-RIg][idx][4],[YDkOVpQ0RLKhdd4JNL-RIg][idx][3],[Y-GAf-d9TnWBgKZR_Cw0qw][idx][2],[Y-GAf-d9TnWBgKZR_Cw0qw][idx][1],[Y-GAf-d9TnWBgKZR_Cw0qw][idx][0] (cluster state version: 753)
[2014-02-18 15:36:21,515][TRACE][action.search.type       ] [node_0] Moving to second phase, based on results from: [Y-GAf-d9TnWBgKZR_Cw0qw][idx][4],[tbUF3y2YTPm1TPdTF8YBYw][idx][3],[tbUF3y2YTPm1TPdTF8YBYw][idx][2],[YDkOVpQ0RLKhdd4JNL-RIg][idx][1],[tbUF3y2YTPm1TPdTF8YBYw][idx][0] (cluster state version: 753)
[2014-02-18 15:36:21,518][TRACE][action.search.type       ] [node_1] Moving to second phase, based on results from: [Y-GAf-d9TnWBgKZR_Cw0qw][idx][4],[tbUF3y2YTPm1TPdTF8YBYw][idx][3],[tbUF3y2YTPm1TPdTF8YBYw][idx][2],[Y-GAf-d9TnWBgKZR_Cw0qw][idx][1],[Y-GAf-d9TnWBgKZR_Cw0qw][idx][0] (cluster state version: 753)
[2014-02-18 15:36:21,521][TRACE][action.search.type       ] [node_2] Moving to second phase, based on results from: [YDkOVpQ0RLKhdd4JNL-RIg][idx][4],[tbUF3y2YTPm1TPdTF8YBYw][idx][3],[tbUF3y2YTPm1TPdTF8YBYw][idx][2],[YDkOVpQ0RLKhdd4JNL-RIg][idx][1],[tbUF3y2YTPm1TPdTF8YBYw][idx][0] (cluster state version: 753)
[2014-02-18 15:36:21,524][TRACE][action.search.type       ] [node_1] Moving to second phase, based on results from: [YDkOVpQ0RLKhdd4JNL-RIg][idx][4],[YDkOVpQ0RLKhdd4JNL-RIg][idx][3],[Y-GAf-d9TnWBgKZR_Cw0qw][idx][2],[YDkOVpQ0RLKhdd4JNL-RIg][idx][1],[tbUF3y2YTPm1TPdTF8YBYw][idx][0] (cluster state version: 753)
[2014-02-18 15:36:21,527][TRACE][action.search.type       ] [node_1] Moving to second phase, based on results from: [Y-GAf-d9TnWBgKZR_Cw0qw][idx][4],[tbUF3y2YTPm1TPdTF8YBYw][idx][3],[tbUF3y2YTPm1TPdTF8YBYw][idx][2],[Y-GAf-d9TnWBgKZR_Cw0qw][idx][1],[Y-GAf-d9TnWBgKZR_Cw0qw][idx][0] (cluster state version: 753)
[2014-02-18 15:36:21,530][TRACE][action.search.type       ] [node_0] Moving to second phase, based on results from: [YDkOVpQ0RLKhdd4JNL-RIg][idx][4],[YDkOVpQ0RLKhdd4JNL-RIg][idx][3],[Y-GAf-d9TnWBgKZR_Cw0qw][idx][2],[Y-GAf-d9TnWBgKZR_Cw0qw][idx][1],[Y-GAf-d9TnWBgKZR_Cw0qw][idx][0] (cluster state version: 753)
[2014-02-18 15:36:21,532][TRACE][action.search.type       ] [node_2] Moving to second phase, based on results from: [Y-GAf-d9TnWBgKZR_Cw0qw][idx][4],[YDkOVpQ0RLKhdd4JNL-RIg][idx][3],[Y-GAf-d9TnWBgKZR_Cw0qw][idx][2],[Y-GAf-d9TnWBgKZR_Cw0qw][idx][1],[Y-GAf-d9TnWBgKZR_Cw0qw][idx][0] (cluster state version: 753)
[2014-02-18 15:36:21,534][TRACE][action.search.type       ] [node_0] Moving to second phase, based on results from: [Y-GAf-d9TnWBgKZR_Cw0qw][idx][4],[tbUF3y2YTPm1TPdTF8YBYw][idx][3],[tbUF3y2YTPm1TPdTF8YBYw][idx][2],[YDkOVpQ0RLKhdd4JNL-RIg][idx][1],[tbUF3y2YTPm1TPdTF8YBYw][idx][0] (cluster state version: 753)
[2014-02-18 15:36:21,537][TRACE][action.search.type       ] [node_2] Moving to second phase, based on results from: [YDkOVpQ0RLKhdd4JNL-RIg][idx][4],[tbUF3y2YTPm1TPdTF8YBYw][idx][3],[tbUF3y2YTPm1TPdTF8YBYw][idx][2],[YDkOVpQ0RLKhdd4JNL-RIg][idx][1],[tbUF3y2YTPm1TPdTF8YBYw][idx][0] (cluster state version: 753)
[2014-02-18 15:36:21,540][TRACE][action.search.type       ] [node_1] Moving to second phase, based on results from: [YDkOVpQ0RLKhdd4JNL-RIg][idx][4],[YDkOVpQ0RLKhdd4JNL-RIg][idx][3],[Y-GAf-d9TnWBgKZR_Cw0qw][idx][2],[YDkOVpQ0RLKhdd4JNL-RIg][idx][1],[tbUF3y2YTPm1TPdTF8YBYw][idx][0] (cluster state version: 753)
[2014-02-18 15:36:21,542][TRACE][action.search.type       ] [node_2] Moving to second phase, based on results from: [Y-GAf-d9TnWBgKZR_Cw0qw][idx][4],[YDkOVpQ0RLKhdd4JNL-RIg][idx][3],[Y-GAf-d9TnWBgKZR_Cw0qw][idx][2],[Y-GAf-d9TnWBgKZR_Cw0qw][idx][1],[Y-GAf-d9TnWBgKZR_Cw0qw][idx][0] (cluster state version: 753)
[2014-02-18 15:36:21,545][TRACE][action.search.type       ] [node_1] Moving to second phase, based on results from: [Y-GAf-d9TnWBgKZR_Cw0qw][idx][4],[tbUF3y2YTPm1TPdTF8YBYw][idx][3],[tbUF3y2YTPm1TPdTF8YBYw][idx][2],[Y-GAf-d9TnWBgKZR_Cw0qw][idx][1],[Y-GAf-d9TnWBgKZR_Cw0qw][idx][0] (cluster state version: 753)
[2014-02-18 15:36:21,547][TRACE][action.search.type       ] [node_0] Moving to second phase, based on results from: [YDkOVpQ0RLKhdd4JNL-RIg][idx][4],[YDkOVpQ0RLKhdd4JNL-RIg][idx][3],[Y-GAf-d9TnWBgKZR_Cw0qw][idx][2],[Y-GAf-d9TnWBgKZR_Cw0qw][idx][1],[Y-GAf-d9TnWBgKZR_Cw0qw][idx][0] (cluster state version: 753)
[2014-02-18 15:36:21,550][TRACE][action.search.type       ] [node_2] Moving to second phase, based on results from: [YDkOVpQ0RLKhdd4JNL-RIg][idx][4],[tbUF3y2YTPm1TPdTF8YBYw][idx][3],[tbUF3y2YTPm1TPdTF8YBYw][idx][2],[YDkOVpQ0RLKhdd4JNL-RIg][idx][1],[tbUF3y2YTPm1TPdTF8YBYw][idx][0] (cluster state version: 753)
[2014-02-18 15:36:21,553][TRACE][action.search.type       ] [node_2] Moving to second phase, based on results from: [Y-GAf-d9TnWBgKZR_Cw0qw][idx][4],[YDkOVpQ0RLKhdd4JNL-RIg][idx][3],[Y-GAf-d9TnWBgKZR_Cw0qw][idx][2],[Y-GAf-d9TnWBgKZR_Cw0qw][idx][1],[Y-GAf-d9TnWBgKZR_Cw0qw][idx][0] (cluster state version: 753)
[2014-02-18 15:36:21,556][TRACE][action.search.type       ] [node_2] Moving to second phase, based on results from: [YDkOVpQ0RLKhdd4JNL-RIg][idx][4],[tbUF3y2YTPm1TPdTF8YBYw][idx][3],[tbUF3y2YTPm1TPdTF8YBYw][idx][2],[YDkOVpQ0RLKhdd4JNL-RIg][idx][1],[tbUF3y2YTPm1TPdTF8YBYw][idx][0] (cluster state version: 753)
[2014-02-18 15:36:21,558][TRACE][action.search.type       ] [node_2] Moving to second phase, based on results from: [Y-GAf-d9TnWBgKZR_Cw0qw][idx][4],[YDkOVpQ0RLKhdd4JNL-RIg][idx][3],[Y-GAf-d9TnWBgKZR_Cw0qw][idx][2],[Y-GAf-d9TnWBgKZR_Cw0qw][idx][1],[Y-GAf-d9TnWBgKZR_Cw0qw][idx][0] (cluster state version: 753)
[2014-02-18 15:36:21,561][TRACE][action.search.type       ] [node_2] Moving to second phase, based on results from: [YDkOVpQ0RLKhdd4JNL-RIg][idx][4],[tbUF3y2YTPm1TPdTF8YBYw][idx][3],[tbUF3y2YTPm1TPdTF8YBYw][idx][2],[YDkOVpQ0RLKhdd4JNL-RIg][idx][1],[tbUF3y2YTPm1TPdTF8YBYw][idx][0] (cluster state version: 753)
[2014-02-18 15:36:21,565][TRACE][action.search.type       ] [node_2] Moving to second phase, based on results from: [Y-GAf-d9TnWBgKZR_Cw0qw][idx][4],[YDkOVpQ0RLKhdd4JNL-RIg][idx][3],[Y-GAf-d9TnWBgKZR_Cw0qw][idx][2],[Y-GAf-d9TnWBgKZR_Cw0qw][idx][1],[Y-GAf-d9TnWBgKZR_Cw0qw][idx][0] (cluster state version: 753)
[2014-02-18 15:36:21,567][TRACE][action.search.type       ] [node_1] Moving to second phase, based on results from: [YDkOVpQ0RLKhdd4JNL-RIg][idx][4],[YDkOVpQ0RLKhdd4JNL-RIg][idx][3],[Y-GAf-d9TnWBgKZR_Cw0qw][idx][2],[YDkOVpQ0RLKhdd4JNL-RIg][idx][1],[tbUF3y2YTPm1TPdTF8YBYw][idx][0] (cluster state version: 753)
[2014-02-18 15:36:21,570][TRACE][action.search.type       ] [node_2] Moving to second phase, based on results from: [YDkOVpQ0RLKhdd4JNL-RIg][idx][4],[tbUF3y2YTPm1TPdTF8YBYw][idx][3],[tbUF3y2YTPm1TPdTF8YBYw][idx][2],[YDkOVpQ0RLKhdd4JNL-RIg][idx][1],[tbUF3y2YTPm1TPdTF8YBYw][idx][0] (cluster state version: 753)
[2014-02-18 15:36:21,572][TRACE][action.search.type       ] [node_2] Moving to second phase, based on results from: [Y-GAf-d9TnWBgKZR_Cw0qw][idx][4],[YDkOVpQ0RLKhdd4JNL-RIg][idx][3],[Y-GAf-d9TnWBgKZR_Cw0qw][idx][2],[Y-GAf-d9TnWBgKZR_Cw0qw][idx][1],[Y-GAf-d9TnWBgKZR_Cw0qw][idx][0] (cluster state version: 753)
[2014-02-18 15:36:21,576][TRACE][action.search.type       ] [node_0] Moving to second phase, based on results from: [Y-GAf-d9TnWBgKZR_Cw0qw][idx][4],[tbUF3y2YTPm1TPdTF8YBYw][idx][3],[tbUF3y2YTPm1TPdTF8YBYw][idx][2],[YDkOVpQ0RLKhdd4JNL-RIg][idx][1],[tbUF3y2YTPm1TPdTF8YBYw][idx][0] (cluster state version: 753)
[2014-02-18 15:36:21,579][TRACE][action.search.type       ] [node_0] Moving to second phase, based on results from: [YDkOVpQ0RLKhdd4JNL-RIg][idx][4],[YDkOVpQ0RLKhdd4JNL-RIg][idx][3],[Y-GAf-d9TnWBgKZR_Cw0qw][idx][2],[Y-GAf-d9TnWBgKZR_Cw0qw][idx][1],[Y-GAf-d9TnWBgKZR_Cw0qw][idx][0] (cluster state version: 753)
[2014-02-18 15:36:21,582][TRACE][action.search.type       ] [node_0] Moving to second phase, based on results from: [Y-GAf-d9TnWBgKZR_Cw0qw][idx][4],[tbUF3y2YTPm1TPdTF8YBYw][idx][3],[tbUF3y2YTPm1TPdTF8YBYw][idx][2],[YDkOVpQ0RLKhdd4JNL-RIg][idx][1],[tbUF3y2YTPm1TPdTF8YBYw][idx][0] (cluster state version: 753)
[2014-02-18 15:36:21,585][TRACE][action.search.type       ] [node_2] Moving to second phase, based on results from: [YDkOVpQ0RLKhdd4JNL-RIg][idx][4],[tbUF3y2YTPm1TPdTF8YBYw][idx][3],[tbUF3y2YTPm1TPdTF8YBYw][idx][2],[YDkOVpQ0RLKhdd4JNL-RIg][idx][1],[tbUF3y2YTPm1TPdTF8YBYw][idx][0] (cluster state version: 753)
[2014-02-18 15:36:21,588][TRACE][action.search.type       ] [node_0] Moving to second phase, based on results from: [YDkOVpQ0RLKhdd4JNL-RIg][idx][4],[YDkOVpQ0RLKhdd4JNL-RIg][idx][3],[Y-GAf-d9TnWBgKZR_Cw0qw][idx][2],[Y-GAf-d9TnWBgKZR_Cw0qw][idx][1],[Y-GAf-d9TnWBgKZR_Cw0qw][idx][0] (cluster state version: 753)
[2014-02-18 15:36:21,591][TRACE][action.search.type       ] [node_1] Moving to second phase, based on results from: [Y-GAf-d9TnWBgKZR_Cw0qw][idx][4],[tbUF3y2YTPm1TPdTF8YBYw][idx][3],[tbUF3y2YTPm1TPdTF8YBYw][idx][2],[Y-GAf-d9TnWBgKZR_Cw0qw][idx][1],[Y-GAf-d9TnWBgKZR_Cw0qw][idx][0] (cluster state version: 753)
[2014-02-18 15:36:21,594][TRACE][action.search.type       ] [node_2] Moving to second phase, based on results from: [Y-GAf-d9TnWBgKZR_Cw0qw][idx][4],[YDkOVpQ0RLKhdd4JNL-RIg][idx][3],[Y-GAf-d9TnWBgKZR_Cw0qw][idx][2],[Y-GAf-d9TnWBgKZR_Cw0qw][idx][1],[Y-GAf-d9TnWBgKZR_Cw0qw][idx][0] (cluster state version: 753)
[2014-02-18 15:36:21,597][TRACE][action.search.type       ] [node_2] Moving to second phase, based on results from: [YDkOVpQ0RLKhdd4JNL-RIg][idx][4],[tbUF3y2YTPm1TPdTF8YBYw][idx][3],[tbUF3y2YTPm1TPdTF8YBYw][idx][2],[YDkOVpQ0RLKhdd4JNL-RIg][idx][1],[tbUF3y2YTPm1TPdTF8YBYw][idx][0] (cluster state version: 753)
[2014-02-18 15:36:21,600][TRACE][action.search.type       ] [node_2] Moving to second phase, based on results from: [Y-GAf-d9TnWBgKZR_Cw0qw][idx][4],[YDkOVpQ0RLKhdd4JNL-RIg][idx][3],[Y-GAf-d9TnWBgKZR_Cw0qw][idx][2],[Y-GAf-d9TnWBgKZR_Cw0qw][idx][1],[Y-GAf-d9TnWBgKZR_Cw0qw][idx][0] (cluster state version: 753)
[2014-02-18 15:36:21,603][TRACE][action.search.type       ] [node_1] Moving to second phase, based on results from: [YDkOVpQ0RLKhdd4JNL-RIg][idx][4],[YDkOVpQ0RLKhdd4JNL-RIg][idx][3],[Y-GAf-d9TnWBgKZR_Cw0qw][idx][2],[YDkOVpQ0RLKhdd4JNL-RIg][idx][1],[tbUF3y2YTPm1TPdTF8YBYw][idx][0] (cluster state version: 753)
[2014-02-18 15:36:21,606][TRACE][action.search.type       ] [node_0] Moving to second phase, based on results from: [Y-GAf-d9TnWBgKZR_Cw0qw][idx][4],[tbUF3y2YTPm1TPdTF8YBYw][idx][3],[tbUF3y2YTPm1TPdTF8YBYw][idx][2],[YDkOVpQ0RLKhdd4JNL-RIg][idx][1],[tbUF3y2YTPm1TPdTF8YBYw][idx][0] (cluster state version: 753)
[2014-02-18 15:36:21,609][TRACE][action.search.type       ] [node_0] Moving to second phase, based on results from: [YDkOVpQ0RLKhdd4JNL-RIg][idx][4],[YDkOVpQ0RLKhdd4JNL-RIg][idx][3],[Y-GAf-d9TnWBgKZR_Cw0qw][idx][2],[Y-GAf-d9TnWBgKZR_Cw0qw][idx][1],[Y-GAf-d9TnWBgKZR_Cw0qw][idx][0] (cluster state version: 753)
[2014-02-18 15:36:21,611][TRACE][action.search.type       ] [node_0] Moving to second phase, based on results from: [Y-GAf-d9TnWBgKZR_Cw0qw][idx][4],[tbUF3y2YTPm1TPdTF8YBYw][idx][3],[tbUF3y2YTPm1TPdTF8YBYw][idx][2],[YDkOVpQ0RLKhdd4JNL-RIg][idx][1],[tbUF3y2YTPm1TPdTF8YBYw][idx][0] (cluster state version: 753)
[2014-02-18 15:36:21,614][TRACE][action.search.type       ] [node_2] Moving to second phase, based on results from: [YDkOVpQ0RLKhdd4JNL-RIg][idx][4],[tbUF3y2YTPm1TPdTF8YBYw][idx][3],[tbUF3y2YTPm1TPdTF8YBYw][idx][2],[YDkOVpQ0RLKhdd4JNL-RIg][idx][1],[tbUF3y2YTPm1TPdTF8YBYw][idx][0] (cluster state version: 753)
[2014-02-18 15:36:21,617][TRACE][action.search.type       ] [node_1] Moving to second phase, based on results from: [Y-GAf-d9TnWBgKZR_Cw0qw][idx][4],[tbUF3y2YTPm1TPdTF8YBYw][idx][3],[tbUF3y2YTPm1TPdTF8YBYw][idx][2],[Y-GAf-d9TnWBgKZR_Cw0qw][idx][1],[Y-GAf-d9TnWBgKZR_Cw0qw][idx][0] (cluster state version: 753)
[2014-02-18 15:36:21,618][INFO ][search.aggregations.bucket] [MinDocCountTests#testDateHistogramKeyAsc]: cleaning up after test
[2014-02-18 15:36:21,620][INFO ][cluster.metadata         ] [node_0] [idx] deleting index
[2014-02-18 15:36:21,698][INFO ][search.aggregations.bucket] [MinDocCountTests#testDateHistogramKeyAsc]: cleaned up after test
[2014-02-18 15:36:21,710][INFO ][test                     ] Test testDateHistogramKeyAsc(org.elasticsearch.search.aggregations.bucket.MinDocCountTests) finished
[2014-02-18 15:36:21,711][INFO ][test                     ] Test testLongTermDesc(org.elasticsearch.search.aggregations.bucket.MinDocCountTests) started
[2014-02-18 15:36:21,714][INFO ][plugins                  ] [transport_client_node_2] loaded [], sites []
[2014-02-18 15:36:21,750][INFO ][search.aggregations.bucket] [MinDocCountTests#testLongTermDesc]: before test
[2014-02-18 15:36:21,762][INFO ][cluster.metadata         ] [node_0] [idx] creating index, cause [api], shards [3]/[0], mappings []
[2014-02-18 15:36:21,822][INFO ][plugins                  ] [transport_client_node_0] loaded [], sites []
[2014-02-18 15:36:21,852][INFO ][search.aggregations.bucket] Index [146] docs async: [true] bulk: [false]
[2014-02-18 15:36:21,869][INFO ][cluster.metadata         ] [node_0] [idx] update_mapping [type] (dynamic)
[2014-02-18 15:36:22,919][TRACE][action.search.type       ] [node_2] Moving to second phase, based on results from: [tbUF3y2YTPm1TPdTF8YBYw][idx][0],[Y-GAf-d9TnWBgKZR_Cw0qw][idx][2],[YDkOVpQ0RLKhdd4JNL-RIg][idx][1] (cluster state version: 759)
[2014-02-18 15:36:22,923][TRACE][action.search.type       ] [node_0] Moving to second phase, based on results from: [tbUF3y2YTPm1TPdTF8YBYw][idx][0],[Y-GAf-d9TnWBgKZR_Cw0qw][idx][2],[YDkOVpQ0RLKhdd4JNL-RIg][idx][1] (cluster state version: 759)
[2014-02-18 15:36:22,928][TRACE][action.search.type       ] [node_2] Moving to second phase, based on results from: [tbUF3y2YTPm1TPdTF8YBYw][idx][0],[Y-GAf-d9TnWBgKZR_Cw0qw][idx][2],[YDkOVpQ0RLKhdd4JNL-RIg][idx][1] (cluster state version: 759)
[2014-02-18 15:36:22,932][TRACE][action.search.type       ] [node_1] Moving to second phase, based on results from: [tbUF3y2YTPm1TPdTF8YBYw][idx][0],[Y-GAf-d9TnWBgKZR_Cw0qw][idx][2],[YDkOVpQ0RLKhdd4JNL-RIg][idx][1] (cluster state version: 759)
[2014-02-18 15:36:22,935][TRACE][action.search.type       ] [node_2] Moving to second phase, based on results from: [tbUF3y2YTPm1TPdTF8YBYw][idx][0],[Y-GAf-d9TnWBgKZR_Cw0qw][idx][2],[YDkOVpQ0RLKhdd4JNL-RIg][idx][1] (cluster state version: 759)
[2014-02-18 15:36:22,938][TRACE][action.search.type       ] [node_0] Moving to second phase, based on results from: [tbUF3y2YTPm1TPdTF8YBYw][idx][0],[Y-GAf-d9TnWBgKZR_Cw0qw][idx][2],[YDkOVpQ0RLKhdd4JNL-RIg][idx][1] (cluster state version: 759)
[2014-02-18 15:36:22,943][TRACE][action.search.type       ] [node_2] Moving to second phase, based on results from: [tbUF3y2YTPm1TPdTF8YBYw][idx][0],[Y-GAf-d9TnWBgKZR_Cw0qw][idx][2],[YDkOVpQ0RLKhdd4JNL-RIg][idx][1] (cluster state version: 759)
[2014-02-18 15:36:22,946][TRACE][action.search.type       ] [node_1] Moving to second phase, based on results from: [tbUF3y2YTPm1TPdTF8YBYw][idx][0],[Y-GAf-d9TnWBgKZR_Cw0qw][idx][2],[YDkOVpQ0RLKhdd4JNL-RIg][idx][1] (cluster state version: 759)
[2014-02-18 15:36:22,950][TRACE][action.search.type       ] [node_0] Moving to second phase, based on results from: [tbUF3y2YTPm1TPdTF8YBYw][idx][0],[Y-GAf-d9TnWBgKZR_Cw0qw][idx][2],[YDkOVpQ0RLKhdd4JNL-RIg][idx][1] (cluster state version: 759)
[2014-02-18 15:36:22,953][TRACE][action.search.type       ] [node_0] Moving to second phase, based on results from: [tbUF3y2YTPm1TPdTF8YBYw][idx][0],[Y-GAf-d9TnWBgKZR_Cw0qw][idx][2],[YDkOVpQ0RLKhdd4JNL-RIg][idx][1] (cluster state version: 759)
[2014-02-18 15:36:22,956][TRACE][action.search.type       ] [node_2] Moving to second phase, based on results from: [tbUF3y2YTPm1TPdTF8YBYw][idx][0],[Y-GAf-d9TnWBgKZR_Cw0qw][idx][2],[YDkOVpQ0RLKhdd4JNL-RIg][idx][1] (cluster state version: 759)
[2014-02-18 15:36:22,963][TRACE][action.search.type       ] [node_1] Moving to second phase, based on results from: [tbUF3y2YTPm1TPdTF8YBYw][idx][0],[Y-GAf-d9TnWBgKZR_Cw0qw][idx][2],[YDkOVpQ0RLKhdd4JNL-RIg][idx][1] (cluster state version: 759)
[2014-02-18 15:36:22,967][TRACE][action.search.type       ] [node_0] Moving to second phase, based on results from: [tbUF3y2YTPm1TPdTF8YBYw][idx][0],[Y-GAf-d9TnWBgKZR_Cw0qw][idx][2],[YDkOVpQ0RLKhdd4JNL-RIg][idx][1] (cluster state version: 759)
[2014-02-18 15:36:22,970][TRACE][action.search.type       ] [node_1] Moving to second phase, based on results from: [tbUF3y2YTPm1TPdTF8YBYw][idx][0],[Y-GAf-d9TnWBgKZR_Cw0qw][idx][2],[YDkOVpQ0RLKhdd4JNL-RIg][idx][1] (cluster state version: 759)
[2014-02-18 15:36:22,973][TRACE][action.search.type       ] [node_1] Moving to second phase, based on results from: [tbUF3y2YTPm1TPdTF8YBYw][idx][0],[Y-GAf-d9TnWBgKZR_Cw0qw][idx][2],[YDkOVpQ0RLKhdd4JNL-RIg][idx][1] (cluster state version: 759)
[2014-02-18 15:36:22,977][TRACE][action.search.type       ] [node_2] Moving to second phase, based on results from: [tbUF3y2YTPm1TPdTF8YBYw][idx][0],[Y-GAf-d9TnWBgKZR_Cw0qw][idx][2],[YDkOVpQ0RLKhdd4JNL-RIg][idx][1] (cluster state version: 759)
[2014-02-18 15:36:22,981][TRACE][action.search.type       ] [node_1] Moving to second phase, based on results from: [tbUF3y2YTPm1TPdTF8YBYw][idx][0],[Y-GAf-d9TnWBgKZR_Cw0qw][idx][2],[YDkOVpQ0RLKhdd4JNL-RIg][idx][1] (cluster state version: 759)
[2014-02-18 15:36:22,984][TRACE][action.search.type       ] [node_1] Moving to second phase, based on results from: [tbUF3y2YTPm1TPdTF8YBYw][idx][0],[Y-GAf-d9TnWBgKZR_Cw0qw][idx][2],[YDkOVpQ0RLKhdd4JNL-RIg][idx][1] (cluster state version: 759)
[2014-02-18 15:36:22,987][TRACE][action.search.type       ] [node_0] Moving to second phase, based on results from: [tbUF3y2YTPm1TPdTF8YBYw][idx][0],[Y-GAf-d9TnWBgKZR_Cw0qw][idx][2],[YDkOVpQ0RLKhdd4JNL-RIg][idx][1] (cluster state version: 759)
[2014-02-18 15:36:22,989][TRACE][action.search.type       ] [node_2] Moving to second phase, based on results from: [tbUF3y2YTPm1TPdTF8YBYw][idx][0],[Y-GAf-d9TnWBgKZR_Cw0qw][idx][2],[YDkOVpQ0RLKhdd4JNL-RIg][idx][1] (cluster state version: 759)
[2014-02-18 15:36:22,993][TRACE][action.search.type       ] [node_0] Moving to second phase, based on results from: [tbUF3y2YTPm1TPdTF8YBYw][idx][0],[Y-GAf-d9TnWBgKZR_Cw0qw][idx][2],[YDkOVpQ0RLKhdd4JNL-RIg][idx][1] (cluster state version: 759)
[2014-02-18 15:36:22,995][INFO ][search.aggregations.bucket] [MinDocCountTests#testLongTermDesc]: cleaning up after test
[2014-02-18 15:36:22,997][INFO ][cluster.metadata         ] [node_0] [idx] deleting index
[2014-02-18 15:36:23,040][INFO ][search.aggregations.bucket] [MinDocCountTests#testLongTermDesc]: cleaned up after test
[2014-02-18 15:36:23,049][INFO ][test                     ] Test testLongTermDesc(org.elasticsearch.search.aggregations.bucket.MinDocCountTests) finished
[2014-02-18 15:36:23,049][INFO ][test                     ] Test testDateHistogramCountDesc(org.elasticsearch.search.aggregations.bucket.MinDocCountTests) started
[2014-02-18 15:36:23,052][INFO ][plugins                  ] [transport_client_node_0] loaded [], sites []
[2014-02-18 15:36:23,077][INFO ][search.aggregations.bucket] [MinDocCountTests#testDateHistogramCountDesc]: before test
[2014-02-18 15:36:23,086][INFO ][cluster.metadata         ] [node_0] [idx] creating index, cause [api], shards [3]/[0], mappings []
[2014-02-18 15:36:23,146][INFO ][search.aggregations.bucket] Index [119] docs async: [true] bulk: [false]
[2014-02-18 15:36:23,157][INFO ][cluster.metadata         ] [node_0] [idx] update_mapping [type] (dynamic)
[2014-02-18 15:36:23,884][TRACE][action.search.type       ] [node_1] Moving to second phase, based on results from: [tbUF3y2YTPm1TPdTF8YBYw][idx][0],[Y-GAf-d9TnWBgKZR_Cw0qw][idx][2],[YDkOVpQ0RLKhdd4JNL-RIg][idx][1] (cluster state version: 765)
[2014-02-18 15:36:23,886][TRACE][action.search.type       ] [node_2] Moving to second phase, based on results from: [tbUF3y2YTPm1TPdTF8YBYw][idx][0],[Y-GAf-d9TnWBgKZR_Cw0qw][idx][2],[YDkOVpQ0RLKhdd4JNL-RIg][idx][1] (cluster state version: 765)
[2014-02-18 15:36:23,888][TRACE][action.search.type       ] [node_1] Moving to second phase, based on results from: [tbUF3y2YTPm1TPdTF8YBYw][idx][0],[Y-GAf-d9TnWBgKZR_Cw0qw][idx][2],[YDkOVpQ0RLKhdd4JNL-RIg][idx][1] (cluster state version: 765)
[2014-02-18 15:36:23,890][TRACE][action.search.type       ] [node_2] Moving to second phase, based on results from: [tbUF3y2YTPm1TPdTF8YBYw][idx][0],[Y-GAf-d9TnWBgKZR_Cw0qw][idx][2],[YDkOVpQ0RLKhdd4JNL-RIg][idx][1] (cluster state version: 765)
[2014-02-18 15:36:23,891][TRACE][action.search.type       ] [node_1] Moving to second phase, based on results from: [tbUF3y2YTPm1TPdTF8YBYw][idx][0],[Y-GAf-d9TnWBgKZR_Cw0qw][idx][2],[YDkOVpQ0RLKhdd4JNL-RIg][idx][1] (cluster state version: 765)
[2014-02-18 15:36:23,892][TRACE][action.search.type       ] [node_2] Moving to second phase, based on results from: [tbUF3y2YTPm1TPdTF8YBYw][idx][0],[Y-GAf-d9TnWBgKZR_Cw0qw][idx][2],[YDkOVpQ0RLKhdd4JNL-RIg][idx][1] (cluster state version: 765)
[2014-02-18 15:36:23,894][TRACE][action.search.type       ] [node_0] Moving to second phase, based on results from: [tbUF3y2YTPm1TPdTF8YBYw][idx][0],[Y-GAf-d9TnWBgKZR_Cw0qw][idx][2],[YDkOVpQ0RLKhdd4JNL-RIg][idx][1] (cluster state version: 765)
[2014-02-18 15:36:23,895][TRACE][action.search.type       ] [node_0] Moving to second phase, based on results from: [tbUF3y2YTPm1TPdTF8YBYw][idx][0],[Y-GAf-d9TnWBgKZR_Cw0qw][idx][2],[YDkOVpQ0RLKhdd4JNL-RIg][idx][1] (cluster state version: 765)
[2014-02-18 15:36:23,899][TRACE][action.search.type       ] [node_1] Moving to second phase, based on results from: [tbUF3y2YTPm1TPdTF8YBYw][idx][0],[Y-GAf-d9TnWBgKZR_Cw0qw][idx][2],[YDkOVpQ0RLKhdd4JNL-RIg][idx][1] (cluster state version: 765)
[2014-02-18 15:36:23,900][TRACE][action.search.type       ] [node_2] Moving to second phase, based on results from: [tbUF3y2YTPm1TPdTF8YBYw][idx][0],[Y-GAf-d9TnWBgKZR_Cw0qw][idx][2],[YDkOVpQ0RLKhdd4JNL-RIg][idx][1] (cluster state version: 765)
[2014-02-18 15:36:23,902][TRACE][action.search.type       ] [node_0] Moving to second phase, based on results from: [tbUF3y2YTPm1TPdTF8YBYw][idx][0],[Y-GAf-d9TnWBgKZR_Cw0qw][idx][2],[YDkOVpQ0RLKhdd4JNL-RIg][idx][1] (cluster state version: 765)
[2014-02-18 15:36:23,903][TRACE][action.search.type       ] [node_2] Moving to second phase, based on results from: [tbUF3y2YTPm1TPdTF8YBYw][idx][0],[Y-GAf-d9TnWBgKZR_Cw0qw][idx][2],[YDkOVpQ0RLKhdd4JNL-RIg][idx][1] (cluster state version: 765)
[2014-02-18 15:36:23,905][TRACE][action.search.type       ] [node_1] Moving to second phase, based on results from: [tbUF3y2YTPm1TPdTF8YBYw][idx][0],[Y-GAf-d9TnWBgKZR_Cw0qw][idx][2],[YDkOVpQ0RLKhdd4JNL-RIg][idx][1] (cluster state version: 765)
[2014-02-18 15:36:23,907][TRACE][action.search.type       ] [node_0] Moving to second phase, based on results from: [tbUF3y2YTPm1TPdTF8YBYw][idx][0],[Y-GAf-d9TnWBgKZR_Cw0qw][idx][2],[YDkOVpQ0RLKhdd4JNL-RIg][idx][1] (cluster state version: 765)
[2014-02-18 15:36:23,909][TRACE][action.search.type       ] [node_1] Moving to second phase, based on results from: [tbUF3y2YTPm1TPdTF8YBYw][idx][0],[Y-GAf-d9TnWBgKZR_Cw0qw][idx][2],[YDkOVpQ0RLKhdd4JNL-RIg][idx][1] (cluster state version: 765)
[2014-02-18 15:36:23,910][TRACE][action.search.type       ] [node_1] Moving to second phase, based on results from: [tbUF3y2YTPm1TPdTF8YBYw][idx][0],[Y-GAf-d9TnWBgKZR_Cw0qw][idx][2],[YDkOVpQ0RLKhdd4JNL-RIg][idx][1] (cluster state version: 765)
[2014-02-18 15:36:23,911][TRACE][action.search.type       ] [node_1] Moving to second phase, based on results from: [tbUF3y2YTPm1TPdTF8YBYw][idx][0],[Y-GAf-d9TnWBgKZR_Cw0qw][idx][2],[YDkOVpQ0RLKhdd4JNL-RIg][idx][1] (cluster state version: 765)
[2014-02-18 15:36:23,913][TRACE][action.search.type       ] [node_1] Moving to second phase, based on results from: [tbUF3y2YTPm1TPdTF8YBYw][idx][0],[Y-GAf-d9TnWBgKZR_Cw0qw][idx][2],[YDkOVpQ0RLKhdd4JNL-RIg][idx][1] (cluster state version: 765)
[2014-02-18 15:36:23,915][TRACE][action.search.type       ] [node_0] Moving to second phase, based on results from: [tbUF3y2YTPm1TPdTF8YBYw][idx][0],[Y-GAf-d9TnWBgKZR_Cw0qw][idx][2],[YDkOVpQ0RLKhdd4JNL-RIg][idx][1] (cluster state version: 765)
[2014-02-18 15:36:23,916][TRACE][action.search.type       ] [node_1] Moving to second phase, based on results from: [tbUF3y2YTPm1TPdTF8YBYw][idx][0],[Y-GAf-d9TnWBgKZR_Cw0qw][idx][2],[YDkOVpQ0RLKhdd4JNL-RIg][idx][1] (cluster state version: 765)
[2014-02-18 15:36:23,918][TRACE][action.search.type       ] [node_1] Moving to second phase, based on results from: [tbUF3y2YTPm1TPdTF8YBYw][idx][0],[Y-GAf-d9TnWBgKZR_Cw0qw][idx][2],[YDkOVpQ0RLKhdd4JNL-RIg][idx][1] (cluster state version: 765)
[2014-02-18 15:36:23,919][TRACE][action.search.type       ] [node_2] Moving to second phase, based on results from: [tbUF3y2YTPm1TPdTF8YBYw][idx][0],[Y-GAf-d9TnWBgKZR_Cw0qw][idx][2],[YDkOVpQ0RLKhdd4JNL-RIg][idx][1] (cluster state version: 765)
[2014-02-18 15:36:23,921][TRACE][action.search.type       ] [node_0] Moving to second phase, based on results from: [tbUF3y2YTPm1TPdTF8YBYw][idx][0],[Y-GAf-d9TnWBgKZR_Cw0qw][idx][2],[YDkOVpQ0RLKhdd4JNL-RIg][idx][1] (cluster state version: 765)
[2014-02-18 15:36:23,922][TRACE][action.search.type       ] [node_0] Moving to second phase, based on results from: [tbUF3y2YTPm1TPdTF8YBYw][idx][0],[Y-GAf-d9TnWBgKZR_Cw0qw][idx][2],[YDkOVpQ0RLKhdd4JNL-RIg][idx][1] (cluster state version: 765)
[2014-02-18 15:36:23,924][TRACE][action.search.type       ] [node_1] Moving to second phase, based on results from: [tbUF3y2YTPm1TPdTF8YBYw][idx][0],[Y-GAf-d9TnWBgKZR_Cw0qw][idx][2],[YDkOVpQ0RLKhdd4JNL-RIg][idx][1] (cluster state version: 765)
[2014-02-18 15:36:23,925][TRACE][action.search.type       ] [node_1] Moving to second phase, based on results from: [tbUF3y2YTPm1TPdTF8YBYw][idx][0],[Y-GAf-d9TnWBgKZR_Cw0qw][idx][2],[YDkOVpQ0RLKhdd4JNL-RIg][idx][1] (cluster state version: 765)
[2014-02-18 15:36:23,927][TRACE][action.search.type       ] [node_2] Moving to second phase, based on results from: [tbUF3y2YTPm1TPdTF8YBYw][idx][0],[Y-GAf-d9TnWBgKZR_Cw0qw][idx][2],[YDkOVpQ0RLKhdd4JNL-RIg][idx][1] (cluster state version: 765)
[2014-02-18 15:36:23,928][TRACE][action.search.type       ] [node_2] Moving to second phase, based on results from: [tbUF3y2YTPm1TPdTF8YBYw][idx][0],[Y-GAf-d9TnWBgKZR_Cw0qw][idx][2],[YDkOVpQ0RLKhdd4JNL-RIg][idx][1] (cluster state version: 765)
[2014-02-18 15:36:23,930][TRACE][action.search.type       ] [node_1] Moving to second phase, based on results from: [tbUF3y2YTPm1TPdTF8YBYw][idx][0],[Y-GAf-d9TnWBgKZR_Cw0qw][idx][2],[YDkOVpQ0RLKhdd4JNL-RIg][idx][1] (cluster state version: 765)
[2014-02-18 15:36:23,931][TRACE][action.search.type       ] [node_2] Moving to second phase, based on results from: [tbUF3y2YTPm1TPdTF8YBYw][idx][0],[Y-GAf-d9TnWBgKZR_Cw0qw][idx][2],[YDkOVpQ0RLKhdd4JNL-RIg][idx][1] (cluster state version: 765)
[2014-02-18 15:36:23,933][TRACE][action.search.type       ] [node_0] Moving to second phase, based on results from: [tbUF3y2YTPm1TPdTF8YBYw][idx][0],[Y-GAf-d9TnWBgKZR_Cw0qw][idx][2],[YDkOVpQ0RLKhdd4JNL-RIg][idx][1] (cluster state version: 765)
[2014-02-18 15:36:23,934][TRACE][action.search.type       ] [node_0] Moving to second phase, based on results from: [tbUF3y2YTPm1TPdTF8YBYw][idx][0],[Y-GAf-d9TnWBgKZR_Cw0qw][idx][2],[YDkOVpQ0RLKhdd4JNL-RIg][idx][1] (cluster state version: 765)
[2014-02-18 15:36:23,936][TRACE][action.search.type       ] [node_2] Moving to second phase, based on results from: [tbUF3y2YTPm1TPdTF8YBYw][idx][0],[Y-GAf-d9TnWBgKZR_Cw0qw][idx][2],[YDkOVpQ0RLKhdd4JNL-RIg][idx][1] (cluster state version: 765)
[2014-02-18 15:36:23,937][TRACE][action.search.type       ] [node_1] Moving to second phase, based on results from: [tbUF3y2YTPm1TPdTF8YBYw][idx][0],[Y-GAf-d9TnWBgKZR_Cw0qw][idx][2],[YDkOVpQ0RLKhdd4JNL-RIg][idx][1] (cluster state version: 765)
[2014-02-18 15:36:23,939][TRACE][action.search.type       ] [node_2] Moving to second phase, based on results from: [tbUF3y2YTPm1TPdTF8YBYw][idx][0],[Y-GAf-d9TnWBgKZR_Cw0qw][idx][2],[YDkOVpQ0RLKhdd4JNL-RIg][idx][1] (cluster state version: 765)
[2014-02-18 15:36:23,940][TRACE][action.search.type       ] [node_1] Moving to second phase, based on results from: [tbUF3y2YTPm1TPdTF8YBYw][idx][0],[Y-GAf-d9TnWBgKZR_Cw0qw][idx][2],[YDkOVpQ0RLKhdd4JNL-RIg][idx][1] (cluster state version: 765)
[2014-02-18 15:36:23,942][TRACE][action.search.type       ] [node_0] Moving to second phase, based on results from: [tbUF3y2YTPm1TPdTF8YBYw][idx][0],[Y-GAf-d9TnWBgKZR_Cw0qw][idx][2],[YDkOVpQ0RLKhdd4JNL-RIg][idx][1] (cluster state version: 765)
[2014-02-18 15:36:23,943][TRACE][action.search.type       ] [node_2] Moving to second phase, based on results from: [tbUF3y2YTPm1TPdTF8YBYw][idx][0],[Y-GAf-d9TnWBgKZR_Cw0qw][idx][2],[YDkOVpQ0RLKhdd4JNL-RIg][idx][1] (cluster state version: 765)
[2014-02-18 15:36:23,945][TRACE][action.search.type       ] [node_0] Moving to second phase, based on results from: [tbUF3y2YTPm1TPdTF8YBYw][idx][0],[Y-GAf-d9TnWBgKZR_Cw0qw][idx][2],[YDkOVpQ0RLKhdd4JNL-RIg][idx][1] (cluster state version: 765)
[2014-02-18 15:36:23,947][TRACE][action.search.type       ] [node_2] Moving to second phase, based on results from: [tbUF3y2YTPm1TPdTF8YBYw][idx][0],[Y-GAf-d9TnWBgKZR_Cw0qw][idx][2],[YDkOVpQ0RLKhdd4JNL-RIg][idx][1] (cluster state version: 765)
[2014-02-18 15:36:23,948][TRACE][action.search.type       ] [node_2] Moving to second phase, based on results from: [tbUF3y2YTPm1TPdTF8YBYw][idx][0],[Y-GAf-d9TnWBgKZR_Cw0qw][idx][2],[YDkOVpQ0RLKhdd4JNL-RIg][idx][1] (cluster state version: 765)
[2014-02-18 15:36:23,949][TRACE][action.search.type       ] [node_2] Moving to second phase, based on results from: [tbUF3y2YTPm1TPdTF8YBYw][idx][0],[Y-GAf-d9TnWBgKZR_Cw0qw][idx][2],[YDkOVpQ0RLKhdd4JNL-RIg][idx][1] (cluster state version: 765)
[2014-02-18 15:36:23,951][TRACE][action.search.type       ] [node_0] Moving to second phase, based on results from: [tbUF3y2YTPm1TPdTF8YBYw][idx][0],[Y-GAf-d9TnWBgKZR_Cw0qw][idx][2],[YDkOVpQ0RLKhdd4JNL-RIg][idx][1] (cluster state version: 765)
[2014-02-18 15:36:23,952][TRACE][action.search.type       ] [node_2] Moving to second phase, based on results from: [tbUF3y2YTPm1TPdTF8YBYw][idx][0],[Y-GAf-d9TnWBgKZR_Cw0qw][idx][2],[YDkOVpQ0RLKhdd4JNL-RIg][idx][1] (cluster state version: 765)
[2014-02-18 15:36:23,954][TRACE][action.search.type       ] [node_1] Moving to second phase, based on results from: [tbUF3y2YTPm1TPdTF8YBYw][idx][0],[Y-GAf-d9TnWBgKZR_Cw0qw][idx][2],[YDkOVpQ0RLKhdd4JNL-RIg][idx][1] (cluster state version: 765)
[2014-02-18 15:36:23,958][TRACE][action.search.type       ] [node_1] Moving to second phase, based on results from: [tbUF3y2YTPm1TPdTF8YBYw][idx][0],[Y-GAf-d9TnWBgKZR_Cw0qw][idx][2],[YDkOVpQ0RLKhdd4JNL-RIg][idx][1] (cluster state version: 765)
[2014-02-18 15:36:23,959][TRACE][action.search.type       ] [node_0] Moving to second phase, based on results from: [tbUF3y2YTPm1TPdTF8YBYw][idx][0],[Y-GAf-d9TnWBgKZR_Cw0qw][idx][2],[YDkOVpQ0RLKhdd4JNL-RIg][idx][1] (cluster state version: 765)
[2014-02-18 15:36:23,961][TRACE][action.search.type       ] [node_2] Moving to second phase, based on results from: [tbUF3y2YTPm1TPdTF8YBYw][idx][0],[Y-GAf-d9TnWBgKZR_Cw0qw][idx][2],[YDkOVpQ0RLKhdd4JNL-RIg][idx][1] (cluster state version: 765)
[2014-02-18 15:36:23,962][TRACE][action.search.type       ] [node_2] Moving to second phase, based on results from: [tbUF3y2YTPm1TPdTF8YBYw][idx][0],[Y-GAf-d9TnWBgKZR_Cw0qw][idx][2],[YDkOVpQ0RLKhdd4JNL-RIg][idx][1] (cluster state version: 765)
[2014-02-18 15:36:23,964][TRACE][action.search.type       ] [node_2] Moving to second phase, based on results from: [tbUF3y2YTPm1TPdTF8YBYw][idx][0],[Y-GAf-d9TnWBgKZR_Cw0qw][idx][2],[YDkOVpQ0RLKhdd4JNL-RIg][idx][1] (cluster state version: 765)
[2014-02-18 15:36:23,965][TRACE][action.search.type       ] [node_2] Moving to second phase, based on results from: [tbUF3y2YTPm1TPdTF8YBYw][idx][0],[Y-GAf-d9TnWBgKZR_Cw0qw][idx][2],[YDkOVpQ0RLKhdd4JNL-RIg][idx][1] (cluster state version: 765)
[2014-02-18 15:36:23,966][INFO ][search.aggregations.bucket] [MinDocCountTests#testDateHistogramCountDesc]: cleaning up after test
[2014-02-18 15:36:23,967][INFO ][cluster.metadata         ] [node_0] [idx] deleting index
[2014-02-18 15:36:24,007][INFO ][search.aggregations.bucket] [MinDocCountTests#testDateHistogramCountDesc]: cleaned up after test
[2014-02-18 15:36:24,013][INFO ][test                     ] Test testDateHistogramCountDesc(org.elasticsearch.search.aggregations.bucket.MinDocCountTests) finished
[2014-02-18 15:36:24,014][INFO ][test                     ] Test testLongScriptTermAsc(org.elasticsearch.search.aggregations.bucket.MinDocCountTests) started
[2014-02-18 15:36:24,018][INFO ][plugins                  ] [transport_client_node_0] loaded [], sites []
[2014-02-18 15:36:24,047][INFO ][plugins                  ] [transport_client_node_1] loaded [], sites []
[2014-02-18 15:36:24,074][INFO ][search.aggregations.bucket] [MinDocCountTests#testLongScriptTermAsc]: before test
[2014-02-18 15:36:24,083][INFO ][cluster.metadata         ] [node_0] [idx] creating index, cause [api], shards [5]/[0], mappings []
[2014-02-18 15:36:24,140][INFO ][plugins                  ] [transport_client_node_2] loaded [], sites []
[2014-02-18 15:36:24,176][INFO ][search.aggregations.bucket] Index [44] docs async: [true] bulk: [false]
[2014-02-18 15:36:24,182][INFO ][cluster.metadata         ] [node_0] [idx] update_mapping [type] (dynamic)
[2014-02-18 15:36:24,371][TRACE][action.search.type       ] [node_1] Moving to second phase, based on results from: [YDkOVpQ0RLKhdd4JNL-RIg][idx][4],[tbUF3y2YTPm1TPdTF8YBYw][idx][3],[Y-GAf-d9TnWBgKZR_Cw0qw][idx][2],[YDkOVpQ0RLKhdd4JNL-RIg][idx][1],[tbUF3y2YTPm1TPdTF8YBYw][idx][0] (cluster state version: 771)
[2014-02-18 15:36:24,375][TRACE][action.search.type       ] [node_1] Moving to second phase, based on results from: [YDkOVpQ0RLKhdd4JNL-RIg][idx][4],[tbUF3y2YTPm1TPdTF8YBYw][idx][3],[Y-GAf-d9TnWBgKZR_Cw0qw][idx][2],[YDkOVpQ0RLKhdd4JNL-RIg][idx][1],[tbUF3y2YTPm1TPdTF8YBYw][idx][0] (cluster state version: 771)
[2014-02-18 15:36:24,379][TRACE][action.search.type       ] [node_2] Moving to second phase, based on results from: [YDkOVpQ0RLKhdd4JNL-RIg][idx][4],[tbUF3y2YTPm1TPdTF8YBYw][idx][3],[Y-GAf-d9TnWBgKZR_Cw0qw][idx][2],[YDkOVpQ0RLKhdd4JNL-RIg][idx][1],[tbUF3y2YTPm1TPdTF8YBYw][idx][0] (cluster state version: 771)
[2014-02-18 15:36:24,384][TRACE][action.search.type       ] [node_1] Moving to second phase, based on results from: [YDkOVpQ0RLKhdd4JNL-RIg][idx][4],[tbUF3y2YTPm1TPdTF8YBYw][idx][3],[Y-GAf-d9TnWBgKZR_Cw0qw][idx][2],[YDkOVpQ0RLKhdd4JNL-RIg][idx][1],[tbUF3y2YTPm1TPdTF8YBYw][idx][0] (cluster state version: 771)
[2014-02-18 15:36:24,388][TRACE][action.search.type       ] [node_1] Moving to second phase, based on results from: [YDkOVpQ0RLKhdd4JNL-RIg][idx][4],[tbUF3y2YTPm1TPdTF8YBYw][idx][3],[Y-GAf-d9TnWBgKZR_Cw0qw][idx][2],[YDkOVpQ0RLKhdd4JNL-RIg][idx][1],[tbUF3y2YTPm1TPdTF8YBYw][idx][0] (cluster state version: 771)
[2014-02-18 15:36:24,392][TRACE][action.search.type       ] [node_2] Moving to second phase, based on results from: [YDkOVpQ0RLKhdd4JNL-RIg][idx][4],[tbUF3y2YTPm1TPdTF8YBYw][idx][3],[Y-GAf-d9TnWBgKZR_Cw0qw][idx][2],[YDkOVpQ0RLKhdd4JNL-RIg][idx][1],[tbUF3y2YTPm1TPdTF8YBYw][idx][0] (cluster state version: 771)
[2014-02-18 15:36:24,395][TRACE][action.search.type       ] [node_0] Moving to second phase, based on results from: [YDkOVpQ0RLKhdd4JNL-RIg][idx][4],[tbUF3y2YTPm1TPdTF8YBYw][idx][3],[Y-GAf-d9TnWBgKZR_Cw0qw][idx][2],[YDkOVpQ0RLKhdd4JNL-RIg][idx][1],[tbUF3y2YTPm1TPdTF8YBYw][idx][0] (cluster state version: 771)
[2014-02-18 15:36:24,398][TRACE][action.search.type       ] [node_2] Moving to second phase, based on results from: [YDkOVpQ0RLKhdd4JNL-RIg][idx][4],[tbUF3y2YTPm1TPdTF8YBYw][idx][3],[Y-GAf-d9TnWBgKZR_Cw0qw][idx][2],[YDkOVpQ0RLKhdd4JNL-RIg][idx][1],[tbUF3y2YTPm1TPdTF8YBYw][idx][0] (cluster state version: 771)
[2014-02-18 15:36:24,405][TRACE][action.search.type       ] [node_1] Moving to second phase, based on results from: [YDkOVpQ0RLKhdd4JNL-RIg][idx][4],[tbUF3y2YTPm1TPdTF8YBYw][idx][3],[Y-GAf-d9TnWBgKZR_Cw0qw][idx][2],[YDkOVpQ0RLKhdd4JNL-RIg][idx][1],[tbUF3y2YTPm1TPdTF8YBYw][idx][0] (cluster state version: 771)
[2014-02-18 15:36:24,410][TRACE][action.search.type       ] [node_1] Moving to second phase, based on results from: [YDkOVpQ0RLKhdd4JNL-RIg][idx][4],[tbUF3y2YTPm1TPdTF8YBYw][idx][3],[Y-GAf-d9TnWBgKZR_Cw0qw][idx][2],[YDkOVpQ0RLKhdd4JNL-RIg][idx][1],[tbUF3y2YTPm1TPdTF8YBYw][idx][0] (cluster state version: 771)
[2014-02-18 15:36:24,413][TRACE][action.search.type       ] [node_0] Moving to second phase, based on results from: [YDkOVpQ0RLKhdd4JNL-RIg][idx][4],[tbUF3y2YTPm1TPdTF8YBYw][idx][3],[Y-GAf-d9TnWBgKZR_Cw0qw][idx][2],[YDkOVpQ0RLKhdd4JNL-RIg][idx][1],[tbUF3y2YTPm1TPdTF8YBYw][idx][0] (cluster state version: 771)
[2014-02-18 15:36:24,417][TRACE][action.search.type       ] [node_1] Moving to second phase, based on results from: [YDkOVpQ0RLKhdd4JNL-RIg][idx][4],[tbUF3y2YTPm1TPdTF8YBYw][idx][3],[Y-GAf-d9TnWBgKZR_Cw0qw][idx][2],[YDkOVpQ0RLKhdd4JNL-RIg][idx][1],[tbUF3y2YTPm1TPdTF8YBYw][idx][0] (cluster state version: 771)
[2014-02-18 15:36:24,421][TRACE][action.search.type       ] [node_2] Moving to second phase, based on results from: [YDkOVpQ0RLKhdd4JNL-RIg][idx][4],[tbUF3y2YTPm1TPdTF8YBYw][idx][3],[Y-GAf-d9TnWBgKZR_Cw0qw][idx][2],[YDkOVpQ0RLKhdd4JNL-RIg][idx][1],[tbUF3y2YTPm1TPdTF8YBYw][idx][0] (cluster state version: 771)
[2014-02-18 15:36:24,424][TRACE][action.search.type       ] [node_0] Moving to second phase, based on results from: [YDkOVpQ0RLKhdd4JNL-RIg][idx][4],[tbUF3y2YTPm1TPdTF8YBYw][idx][3],[Y-GAf-d9TnWBgKZR_Cw0qw][idx][2],[YDkOVpQ0RLKhdd4JNL-RIg][idx][1],[tbUF3y2YTPm1TPdTF8YBYw][idx][0] (cluster state version: 771)
[2014-02-18 15:36:24,427][TRACE][action.search.type       ] [node_2] Moving to second phase, based on results from: [YDkOVpQ0RLKhdd4JNL-RIg][idx][4],[tbUF3y2YTPm1TPdTF8YBYw][idx][3],[Y-GAf-d9TnWBgKZR_Cw0qw][idx][2],[YDkOVpQ0RLKhdd4JNL-RIg][idx][1],[tbUF3y2YTPm1TPdTF8YBYw][idx][0] (cluster state version: 771)
[2014-02-18 15:36:24,430][TRACE][action.search.type       ] [node_1] Moving to second phase, based on results from: [YDkOVpQ0RLKhdd4JNL-RIg][idx][4],[tbUF3y2YTPm1TPdTF8YBYw][idx][3],[Y-GAf-d9TnWBgKZR_Cw0qw][idx][2],[YDkOVpQ0RLKhdd4JNL-RIg][idx][1],[tbUF3y2YTPm1TPdTF8YBYw][idx][0] (cluster state version: 771)
[2014-02-18 15:36:24,433][TRACE][action.search.type       ] [node_1] Moving to second phase, based on results from: [YDkOVpQ0RLKhdd4JNL-RIg][idx][4],[tbUF3y2YTPm1TPdTF8YBYw][idx][3],[Y-GAf-d9TnWBgKZR_Cw0qw][idx][2],[YDkOVpQ0RLKhdd4JNL-RIg][idx][1],[tbUF3y2YTPm1TPdTF8YBYw][idx][0] (cluster state version: 771)
[2014-02-18 15:36:24,437][TRACE][action.search.type       ] [node_2] Moving to second phase, based on results from: [YDkOVpQ0RLKhdd4JNL-RIg][idx][4],[tbUF3y2YTPm1TPdTF8YBYw][idx][3],[Y-GAf-d9TnWBgKZR_Cw0qw][idx][2],[YDkOVpQ0RLKhdd4JNL-RIg][idx][1],[tbUF3y2YTPm1TPdTF8YBYw][idx][0] (cluster state version: 771)
[2014-02-18 15:36:24,440][TRACE][action.search.type       ] [node_1] Moving to second phase, based on results from: [YDkOVpQ0RLKhdd4JNL-RIg][idx][4],[tbUF3y2YTPm1TPdTF8YBYw][idx][3],[Y-GAf-d9TnWBgKZR_Cw0qw][idx][2],[YDkOVpQ0RLKhdd4JNL-RIg][idx][1],[tbUF3y2YTPm1TPdTF8YBYw][idx][0] (cluster state version: 771)
[2014-02-18 15:36:24,454][TRACE][action.search.type       ] [node_2] Moving to second phase, based on results from: [YDkOVpQ0RLKhdd4JNL-RIg][idx][4],[tbUF3y2YTPm1TPdTF8YBYw][idx][3],[Y-GAf-d9TnWBgKZR_Cw0qw][idx][2],[YDkOVpQ0RLKhdd4JNL-RIg][idx][1],[tbUF3y2YTPm1TPdTF8YBYw][idx][0] (cluster state version: 771)
[2014-02-18 15:36:24,457][TRACE][action.search.type       ] [node_0] Moving to second phase, based on results from: [YDkOVpQ0RLKhdd4JNL-RIg][idx][4],[tbUF3y2YTPm1TPdTF8YBYw][idx][3],[Y-GAf-d9TnWBgKZR_Cw0qw][idx][2],[YDkOVpQ0RLKhdd4JNL-RIg][idx][1],[tbUF3y2YTPm1TPdTF8YBYw][idx][0] (cluster state version: 771)
[2014-02-18 15:36:24,458][INFO ][search.aggregations.bucket] [MinDocCountTests#testLongScriptTermAsc]: cleaning up after test
[2014-02-18 15:36:24,460][INFO ][cluster.metadata         ] [node_0] [idx] deleting index
[2014-02-18 15:36:24,525][INFO ][search.aggregations.bucket] [MinDocCountTests#testLongScriptTermAsc]: cleaned up after test
[2014-02-18 15:36:24,540][INFO ][test                     ] Test testLongScriptTermAsc(org.elasticsearch.search.aggregations.bucket.MinDocCountTests) finished
[2014-02-18 15:36:24,541][INFO ][test                     ] Test testStringScriptCountDesc(org.elasticsearch.search.aggregations.bucket.MinDocCountTests) started
[2014-02-18 15:36:24,544][INFO ][plugins                  ] [transport_client_node_2] loaded [], sites []
[2014-02-18 15:36:24,578][INFO ][plugins                  ] [transport_client_node_1] loaded [], sites []
[2014-02-18 15:36:24,619][INFO ][search.aggregations.bucket] [MinDocCountTests#testStringScriptCountDesc]: before test
[2014-02-18 15:36:24,620][INFO ][plugins                  ] [transport_client_node_0] loaded [], sites []
[2014-02-18 15:36:24,666][INFO ][cluster.metadata         ] [node_0] [idx] creating index, cause [api], shards [5]/[0], mappings []
[2014-02-18 15:36:24,776][INFO ][search.aggregations.bucket] Index [198] docs async: [false] bulk: [false]
[2014-02-18 15:36:24,779][INFO ][cluster.metadata         ] [node_0] [idx] update_mapping [type] (dynamic)
[2014-02-18 15:36:25,610][TRACE][action.search.type       ] [node_0] Moving to second phase, based on results from: [YDkOVpQ0RLKhdd4JNL-RIg][idx][4],[tbUF3y2YTPm1TPdTF8YBYw][idx][3],[Y-GAf-d9TnWBgKZR_Cw0qw][idx][2],[YDkOVpQ0RLKhdd4JNL-RIg][idx][1],[tbUF3y2YTPm1TPdTF8YBYw][idx][0] (cluster state version: 777)
[2014-02-18 15:36:25,614][TRACE][action.search.type       ] [node_2] Moving to second phase, based on results from: [YDkOVpQ0RLKhdd4JNL-RIg][idx][4],[tbUF3y2YTPm1TPdTF8YBYw][idx][3],[Y-GAf-d9TnWBgKZR_Cw0qw][idx][2],[YDkOVpQ0RLKhdd4JNL-RIg][idx][1],[tbUF3y2YTPm1TPdTF8YBYw][idx][0] (cluster state version: 777)
[2014-02-18 15:36:25,618][TRACE][action.search.type       ] [node_2] Moving to second phase, based on results from: [YDkOVpQ0RLKhdd4JNL-RIg][idx][4],[tbUF3y2YTPm1TPdTF8YBYw][idx][3],[Y-GAf-d9TnWBgKZR_Cw0qw][idx][2],[YDkOVpQ0RLKhdd4JNL-RIg][idx][1],[tbUF3y2YTPm1TPdTF8YBYw][idx][0] (cluster state version: 777)
[2014-02-18 15:36:25,620][TRACE][action.search.type       ] [node_0] Moving to second phase, based on results from: [YDkOVpQ0RLKhdd4JNL-RIg][idx][4],[tbUF3y2YTPm1TPdTF8YBYw][idx][3],[Y-GAf-d9TnWBgKZR_Cw0qw][idx][2],[YDkOVpQ0RLKhdd4JNL-RIg][idx][1],[tbUF3y2YTPm1TPdTF8YBYw][idx][0] (cluster state version: 777)
[2014-02-18 15:36:25,624][TRACE][action.search.type       ] [node_0] Moving to second phase, based on results from: [YDkOVpQ0RLKhdd4JNL-RIg][idx][4],[tbUF3y2YTPm1TPdTF8YBYw][idx][3],[Y-GAf-d9TnWBgKZR_Cw0qw][idx][2],[YDkOVpQ0RLKhdd4JNL-RIg][idx][1],[tbUF3y2YTPm1TPdTF8YBYw][idx][0] (cluster state version: 777)
[2014-02-18 15:36:25,628][TRACE][action.search.type       ] [node_2] Moving to second phase, based on results from: [YDkOVpQ0RLKhdd4JNL-RIg][idx][4],[tbUF3y2YTPm1TPdTF8YBYw][idx][3],[Y-GAf-d9TnWBgKZR_Cw0qw][idx][2],[YDkOVpQ0RLKhdd4JNL-RIg][idx][1],[tbUF3y2YTPm1TPdTF8YBYw][idx][0] (cluster state version: 777)
[2014-02-18 15:36:25,632][TRACE][action.search.type       ] [node_0] Moving to second phase, based on results from: [YDkOVpQ0RLKhdd4JNL-RIg][idx][4],[tbUF3y2YTPm1TPdTF8YBYw][idx][3],[Y-GAf-d9TnWBgKZR_Cw0qw][idx][2],[YDkOVpQ0RLKhdd4JNL-RIg][idx][1],[tbUF3y2YTPm1TPdTF8YBYw][idx][0] (cluster state version: 777)
[2014-02-18 15:36:25,635][TRACE][action.search.type       ] [node_0] Moving to second phase, based on results from: [YDkOVpQ0RLKhdd4JNL-RIg][idx][4],[tbUF3y2YTPm1TPdTF8YBYw][idx][3],[Y-GAf-d9TnWBgKZR_Cw0qw][idx][2],[YDkOVpQ0RLKhdd4JNL-RIg][idx][1],[tbUF3y2YTPm1TPdTF8YBYw][idx][0] (cluster state version: 777)
[2014-02-18 15:36:25,638][TRACE][action.search.type       ] [node_2] Moving to second phase, based on results from: [YDkOVpQ0RLKhdd4JNL-RIg][idx][4],[tbUF3y2YTPm1TPdTF8YBYw][idx][3],[Y-GAf-d9TnWBgKZR_Cw0qw][idx][2],[YDkOVpQ0RLKhdd4JNL-RIg][idx][1],[tbUF3y2YTPm1TPdTF8YBYw][idx][0] (cluster state version: 777)
[2014-02-18 15:36:25,641][TRACE][action.search.type       ] [node_1] Moving to second phase, based on results from: [YDkOVpQ0RLKhdd4JNL-RIg][idx][4],[tbUF3y2YTPm1TPdTF8YBYw][idx][3],[Y-GAf-d9TnWBgKZR_Cw0qw][idx][2],[YDkOVpQ0RLKhdd4JNL-RIg][idx][1],[tbUF3y2YTPm1TPdTF8YBYw][idx][0] (cluster state version: 777)
[2014-02-18 15:36:25,644][TRACE][action.search.type       ] [node_2] Moving to second phase, based on results from: [YDkOVpQ0RLKhdd4JNL-RIg][idx][4],[tbUF3y2YTPm1TPdTF8YBYw][idx][3],[Y-GAf-d9TnWBgKZR_Cw0qw][idx][2],[YDkOVpQ0RLKhdd4JNL-RIg][idx][1],[tbUF3y2YTPm1TPdTF8YBYw][idx][0] (cluster state version: 777)
[2014-02-18 15:36:25,648][TRACE][action.search.type       ] [node_2] Moving to second phase, based on results from: [YDkOVpQ0RLKhdd4JNL-RIg][idx][4],[tbUF3y2YTPm1TPdTF8YBYw][idx][3],[Y-GAf-d9TnWBgKZR_Cw0qw][idx][2],[YDkOVpQ0RLKhdd4JNL-RIg][idx][1],[tbUF3y2YTPm1TPdTF8YBYw][idx][0] (cluster state version: 777)
[2014-02-18 15:36:25,652][TRACE][action.search.type       ] [node_1] Moving to second phase, based on results from: [YDkOVpQ0RLKhdd4JNL-RIg][idx][4],[tbUF3y2YTPm1TPdTF8YBYw][idx][3],[Y-GAf-d9TnWBgKZR_Cw0qw][idx][2],[YDkOVpQ0RLKhdd4JNL-RIg][idx][1],[tbUF3y2YTPm1TPdTF8YBYw][idx][0] (cluster state version: 777)
[2014-02-18 15:36:25,669][TRACE][action.search.type       ] [node_2] Moving to second phase, based on results from: [YDkOVpQ0RLKhdd4JNL-RIg][idx][4],[tbUF3y2YTPm1TPdTF8YBYw][idx][3],[Y-GAf-d9TnWBgKZR_Cw0qw][idx][2],[YDkOVpQ0RLKhdd4JNL-RIg][idx][1],[tbUF3y2YTPm1TPdTF8YBYw][idx][0] (cluster state version: 777)
[2014-02-18 15:36:25,673][TRACE][action.search.type       ] [node_0] Moving to second phase, based on results from: [YDkOVpQ0RLKhdd4JNL-RIg][idx][4],[tbUF3y2YTPm1TPdTF8YBYw][idx][3],[Y-GAf-d9TnWBgKZR_Cw0qw][idx][2],[YDkOVpQ0RLKhdd4JNL-RIg][idx][1],[tbUF3y2YTPm1TPdTF8YBYw][idx][0] (cluster state version: 777)
[2014-02-18 15:36:25,677][TRACE][action.search.type       ] [node_0] Moving to second phase, based on results from: [YDkOVpQ0RLKhdd4JNL-RIg][idx][4],[tbUF3y2YTPm1TPdTF8YBYw][idx][3],[Y-GAf-d9TnWBgKZR_Cw0qw][idx][2],[YDkOVpQ0RLKhdd4JNL-RIg][idx][1],[tbUF3y2YTPm1TPdTF8YBYw][idx][0] (cluster state version: 777)
[2014-02-18 15:36:25,680][TRACE][action.search.type       ] [node_0] Moving to second phase, based on results from: [YDkOVpQ0RLKhdd4JNL-RIg][idx][4],[tbUF3y2YTPm1TPdTF8YBYw][idx][3],[Y-GAf-d9TnWBgKZR_Cw0qw][idx][2],[YDkOVpQ0RLKhdd4JNL-RIg][idx][1],[tbUF3y2YTPm1TPdTF8YBYw][idx][0] (cluster state version: 777)
[2014-02-18 15:36:25,683][TRACE][action.search.type       ] [node_1] Moving to second phase, based on results from: [YDkOVpQ0RLKhdd4JNL-RIg][idx][4],[tbUF3y2YTPm1TPdTF8YBYw][idx][3],[Y-GAf-d9TnWBgKZR_Cw0qw][idx][2],[YDkOVpQ0RLKhdd4JNL-RIg][idx][1],[tbUF3y2YTPm1TPdTF8YBYw][idx][0] (cluster state version: 777)
[2014-02-18 15:36:25,686][TRACE][action.search.type       ] [node_0] Moving to second phase, based on results from: [YDkOVpQ0RLKhdd4JNL-RIg][idx][4],[tbUF3y2YTPm1TPdTF8YBYw][idx][3],[Y-GAf-d9TnWBgKZR_Cw0qw][idx][2],[YDkOVpQ0RLKhdd4JNL-RIg][idx][1],[tbUF3y2YTPm1TPdTF8YBYw][idx][0] (cluster state version: 777)
[2014-02-18 15:36:25,690][TRACE][action.search.type       ] [node_1] Moving to second phase, based on results from: [YDkOVpQ0RLKhdd4JNL-RIg][idx][4],[tbUF3y2YTPm1TPdTF8YBYw][idx][3],[Y-GAf-d9TnWBgKZR_Cw0qw][idx][2],[YDkOVpQ0RLKhdd4JNL-RIg][idx][1],[tbUF3y2YTPm1TPdTF8YBYw][idx][0] (cluster state version: 777)
[2014-02-18 15:36:25,692][TRACE][action.search.type       ] [node_0] Moving to second phase, based on results from: [YDkOVpQ0RLKhdd4JNL-RIg][idx][4],[tbUF3y2YTPm1TPdTF8YBYw][idx][3],[Y-GAf-d9TnWBgKZR_Cw0qw][idx][2],[YDkOVpQ0RLKhdd4JNL-RIg][idx][1],[tbUF3y2YTPm1TPdTF8YBYw][idx][0] (cluster state version: 777)
[2014-02-18 15:36:25,693][INFO ][search.aggregations.bucket] [MinDocCountTests#testStringScriptCountDesc]: cleaning up after test
[2014-02-18 15:36:25,695][INFO ][cluster.metadata         ] [node_0] [idx] deleting index
[2014-02-18 15:36:25,741][INFO ][search.aggregations.bucket] [MinDocCountTests#testStringScriptCountDesc]: cleaned up after test
[2014-02-18 15:36:25,751][INFO ][test                     ] Test testStringScriptCountDesc(org.elasticsearch.search.aggregations.bucket.MinDocCountTests) finished
]]></system-out>
   <system-err><![CDATA[]]></system-err>
</testsuite>