<testsuite errors="0" failures="0" tests="2" skipped="0" name="org.elasticsearch.search.aggregations.bucket.GlobalTests" hostname="nohost.nodomain" time="0.979" timestamp="2014-02-18T15:49:24">
   <properties class="java.util.ArrayList">
      <property name="awt.toolkit" value="sun.lwawt.macosx.LWCToolkit"/>
      <property name="es.logger.level" value="INFO"/>
      <property name="es.logger.prefix" value=""/>
      <property name="es.node.local" value=""/>
      <property name="es.node.mode" value=""/>
      <property name="file.encoding" value="UTF-8"/>
      <property name="file.encoding.pkg" value="sun.io"/>
      <property name="file.separator" value="/"/>
      <property name="ftp.nonProxyHosts" value="local|*.local|169.254/16|*.169.254/16"/>
      <property name="gopherProxySet" value="false"/>
      <property name="http.nonProxyHosts" value="local|*.local|169.254/16|*.169.254/16"/>
      <property name="java.awt.graphicsenv" value="sun.awt.CGraphicsEnvironment"/>
      <property name="java.awt.headless" value="true"/>
      <property name="java.awt.printerjob" value="sun.lwawt.macosx.CPrinterJob"/>
      <property name="java.class.path" value="/Users/bhwang/elasticsearch/target/test-classes:/Users/bhwang/elasticsearch/target/classes:/Users/bhwang/.m2/repository/org/hamcrest/hamcrest-all/1.3/hamcrest-all-1.3.jar:/Users/bhwang/.m2/repository/com/carrotsearch/randomizedtesting/randomizedtesting-runner/2.0.15/randomizedtesting-runner-2.0.15.jar:/Users/bhwang/.m2/repository/junit/junit/4.10/junit-4.10.jar:/Users/bhwang/.m2/repository/org/apache/lucene/lucene-test-framework/4.6.1/lucene-test-framework-4.6.1.jar:/Users/bhwang/.m2/repository/org/apache/lucene/lucene-expressions/4.6.1/lucene-expressions-4.6.1.jar:/Users/bhwang/.m2/repository/org/antlr/antlr-runtime/3.5/antlr-runtime-3.5.jar:/Users/bhwang/.m2/repository/org/ow2/asm/asm/4.1/asm-4.1.jar:/Users/bhwang/.m2/repository/org/ow2/asm/asm-commons/4.1/asm-commons-4.1.jar:/Users/bhwang/.m2/repository/org/apache/httpcomponents/httpclient/4.3.1/httpclient-4.3.1.jar:/Users/bhwang/.m2/repository/org/apache/httpcomponents/httpcore/4.3/httpcore-4.3.jar:/Users/bhwang/.m2/repository/commons-logging/commons-logging/1.1.3/commons-logging-1.1.3.jar:/Users/bhwang/.m2/repository/commons-codec/commons-codec/1.6/commons-codec-1.6.jar:/Users/bhwang/.m2/repository/org/apache/lucene/lucene-core/4.6.1/lucene-core-4.6.1.jar:/Users/bhwang/.m2/repository/org/apache/lucene/lucene-analyzers-common/4.6.1/lucene-analyzers-common-4.6.1.jar:/Users/bhwang/.m2/repository/org/apache/lucene/lucene-codecs/4.6.1/lucene-codecs-4.6.1.jar:/Users/bhwang/.m2/repository/org/apache/lucene/lucene-queries/4.6.1/lucene-queries-4.6.1.jar:/Users/bhwang/.m2/repository/org/apache/lucene/lucene-memory/4.6.1/lucene-memory-4.6.1.jar:/Users/bhwang/.m2/repository/org/apache/lucene/lucene-highlighter/4.6.1/lucene-highlighter-4.6.1.jar:/Users/bhwang/.m2/repository/org/apache/lucene/lucene-queryparser/4.6.1/lucene-queryparser-4.6.1.jar:/Users/bhwang/.m2/repository/org/apache/lucene/lucene-sandbox/4.6.1/lucene-sandbox-4.6.1.jar:/Users/bhwang/.m2/repository/org/apache/lucene/lucene-suggest/4.6.1/lucene-suggest-4.6.1.jar:/Users/bhwang/.m2/repository/org/apache/lucene/lucene-misc/4.6.1/lucene-misc-4.6.1.jar:/Users/bhwang/.m2/repository/org/apache/lucene/lucene-join/4.6.1/lucene-join-4.6.1.jar:/Users/bhwang/.m2/repository/org/apache/lucene/lucene-grouping/4.6.1/lucene-grouping-4.6.1.jar:/Users/bhwang/.m2/repository/org/apache/lucene/lucene-spatial/4.6.1/lucene-spatial-4.6.1.jar:/Users/bhwang/.m2/repository/com/spatial4j/spatial4j/0.3/spatial4j-0.3.jar:/Users/bhwang/.m2/repository/com/vividsolutions/jts/1.12/jts-1.12.jar:/Users/bhwang/.m2/repository/com/google/guava/guava/16.0/guava-16.0.jar:/Users/bhwang/.m2/repository/com/carrotsearch/hppc/0.5.3/hppc-0.5.3.jar:/Users/bhwang/.m2/repository/joda-time/joda-time/2.3/joda-time-2.3.jar:/Users/bhwang/.m2/repository/org/joda/joda-convert/1.2/joda-convert-1.2.jar:/Users/bhwang/.m2/repository/org/mvel/mvel2/2.1.5.Final/mvel2-2.1.5.Final.jar:/Users/bhwang/.m2/repository/com/fasterxml/jackson/core/jackson-core/2.3.0/jackson-core-2.3.0.jar:/Users/bhwang/.m2/repository/com/fasterxml/jackson/dataformat/jackson-dataformat-smile/2.3.0/jackson-dataformat-smile-2.3.0.jar:/Users/bhwang/.m2/repository/com/fasterxml/jackson/dataformat/jackson-dataformat-yaml/2.3.0/jackson-dataformat-yaml-2.3.0.jar:/Users/bhwang/.m2/repository/io/netty/netty/3.9.0.Final/netty-3.9.0.Final.jar:/Users/bhwang/.m2/repository/com/ning/compress-lzf/0.9.6/compress-lzf-0.9.6.jar:/Users/bhwang/.m2/repository/log4j/log4j/1.2.17/log4j-1.2.17.jar:/Users/bhwang/.m2/repository/org/slf4j/slf4j-api/1.6.2/slf4j-api-1.6.2.jar:/Users/bhwang/.m2/repository/net/java/dev/jna/jna/3.3.0/jna-3.3.0.jar:/Users/bhwang/.m2/repository/org/fusesource/sigar/1.6.4/sigar-1.6.4.jar:/Users/bhwang/.m2/repository/com/carrotsearch/randomizedtesting/junit4-ant/2.0.15/junit4-ant-2.0.15.jar"/>
      <property name="java.class.version" value="51.0"/>
      <property name="java.endorsed.dirs" value="/Library/Java/JavaVirtualMachines/jdk1.7.0_45.jdk/Contents/Home/jre/lib/endorsed"/>
      <property name="java.ext.dirs" value="/Users/bhwang/Library/Java/Extensions:/Library/Java/JavaVirtualMachines/jdk1.7.0_45.jdk/Contents/Home/jre/lib/ext:/Library/Java/Extensions:/Network/Library/Java/Extensions:/System/Library/Java/Extensions:/usr/lib/java"/>
      <property name="java.home" value="/Library/Java/JavaVirtualMachines/jdk1.7.0_45.jdk/Contents/Home/jre"/>
      <property name="java.io.tmpdir" value="."/>
      <property name="java.library.path" value="/Users/bhwang/Library/Java/Extensions:/Library/Java/Extensions:/Network/Library/Java/Extensions:/System/Library/Java/Extensions:/usr/lib/java:."/>
      <property name="java.runtime.name" value="Java(TM) SE Runtime Environment"/>
      <property name="java.runtime.version" value="1.7.0_45-b18"/>
      <property name="java.security.policy" value="/Users/bhwang/elasticsearch/dev-tools/tests.policy"/>
      <property name="java.specification.name" value="Java Platform API Specification"/>
      <property name="java.specification.vendor" value="Oracle Corporation"/>
      <property name="java.specification.version" value="1.7"/>
      <property name="java.vendor" value="Oracle Corporation"/>
      <property name="java.vendor.url" value="http://java.oracle.com/"/>
      <property name="java.vendor.url.bug" value="http://bugreport.sun.com/bugreport/"/>
      <property name="java.version" value="1.7.0_45"/>
      <property name="java.vm.info" value="mixed mode"/>
      <property name="java.vm.name" value="Java HotSpot(TM) 64-Bit Server VM"/>
      <property name="java.vm.specification.name" value="Java Virtual Machine Specification"/>
      <property name="java.vm.specification.vendor" value="Oracle Corporation"/>
      <property name="java.vm.specification.version" value="1.7"/>
      <property name="java.vm.vendor" value="Oracle Corporation"/>
      <property name="java.vm.version" value="24.45-b08"/>
      <property name="junit4.childvm.cwd" value="/Users/bhwang/elasticsearch/target/J0"/>
      <property name="junit4.childvm.id" value="0"/>
      <property name="junit4.memory.total" value="128974848"/>
      <property name="junit4.pidString" value="6815@Bills-MacBook-Pro.local"/>
      <property name="junit4.processors" value="4"/>
      <property name="junit4.tempDir" value="/Users/bhwang/elasticsearch/target"/>
      <property name="line.separator" value="
"/>
      <property name="os.arch" value="x86_64"/>
      <property name="os.name" value="Mac OS X"/>
      <property name="os.version" value="10.9.1"/>
      <property name="path.separator" value=":"/>
      <property name="socksNonProxyHosts" value="local|*.local|169.254/16|*.169.254/16"/>
      <property name="sun.arch.data.model" value="64"/>
      <property name="sun.boot.class.path" value="/Library/Java/JavaVirtualMachines/jdk1.7.0_45.jdk/Contents/Home/jre/lib/resources.jar:/Library/Java/JavaVirtualMachines/jdk1.7.0_45.jdk/Contents/Home/jre/lib/rt.jar:/Library/Java/JavaVirtualMachines/jdk1.7.0_45.jdk/Contents/Home/jre/lib/sunrsasign.jar:/Library/Java/JavaVirtualMachines/jdk1.7.0_45.jdk/Contents/Home/jre/lib/jsse.jar:/Library/Java/JavaVirtualMachines/jdk1.7.0_45.jdk/Contents/Home/jre/lib/jce.jar:/Library/Java/JavaVirtualMachines/jdk1.7.0_45.jdk/Contents/Home/jre/lib/charsets.jar:/Library/Java/JavaVirtualMachines/jdk1.7.0_45.jdk/Contents/Home/jre/lib/jfr.jar:/Library/Java/JavaVirtualMachines/jdk1.7.0_45.jdk/Contents/Home/jre/lib/JObjC.jar:/Library/Java/JavaVirtualMachines/jdk1.7.0_45.jdk/Contents/Home/jre/classes"/>
      <property name="sun.boot.library.path" value="/Library/Java/JavaVirtualMachines/jdk1.7.0_45.jdk/Contents/Home/jre/lib"/>
      <property name="sun.cpu.endian" value="little"/>
      <property name="sun.cpu.isalist" value=""/>
      <property name="sun.io.unicode.encoding" value="UnicodeBig"/>
      <property name="sun.java.command" value="com.carrotsearch.ant.tasks.junit4.slave.SlaveMainSafe -flush -eventsfile /Users/bhwang/elasticsearch/target/junit4-J0-20140218_153326_767.events @/Users/bhwang/elasticsearch/target/junit4-J0-20140218_153326_767.suites -stdin"/>
      <property name="sun.java.launcher" value="SUN_STANDARD"/>
      <property name="sun.jnu.encoding" value="UTF-8"/>
      <property name="sun.management.compiler" value="HotSpot 64-Bit Tiered Compilers"/>
      <property name="sun.os.patch.level" value="unknown"/>
      <property name="tests.appendseed" value=""/>
      <property name="tests.assertion.disabled" value=""/>
      <property name="tests.awaitsfix" value=""/>
      <property name="tests.badapples" value=""/>
      <property name="tests.class" value=""/>
      <property name="tests.client.ratio" value=""/>
      <property name="tests.cluster_seed" value=""/>
      <property name="tests.enable_mock_modules" value=""/>
      <property name="tests.failfast" value=""/>
      <property name="tests.integration" value=""/>
      <property name="tests.iters" value=""/>
      <property name="tests.jvm.argline" value=""/>
      <property name="tests.maxfailures" value=""/>
      <property name="tests.method" value=""/>
      <property name="tests.network" value=""/>
      <property name="tests.nightly" value=""/>
      <property name="tests.prefix" value="tests"/>
      <property name="tests.rest" value=""/>
      <property name="tests.rest.spec" value=""/>
      <property name="tests.rest.suite" value=""/>
      <property name="tests.security.manager" value=""/>
      <property name="tests.seed" value="A89B4FF56754358E"/>
      <property name="tests.showSuccess" value=""/>
      <property name="tests.slow" value=""/>
      <property name="tests.timeoutSuite" value=""/>
      <property name="tests.weekly" value=""/>
      <property name="user.country" value="US"/>
      <property name="user.dir" value="/Users/bhwang/elasticsearch/target/J0"/>
      <property name="user.home" value="/Users/bhwang"/>
      <property name="user.language" value="en"/>
      <property name="user.name" value="bhwang"/>
      <property name="user.timezone" value=""/>
   </properties>
   <testcase classname="org.elasticsearch.search.aggregations.bucket.GlobalTests" name="nonTopLevel" time="0.448"/>
   <testcase classname="org.elasticsearch.search.aggregations.bucket.GlobalTests" name="withStatsSubAggregator" time="0.517"/>
   <system-out><![CDATA[[2014-02-18 15:49:24,355][INFO ][test                     ] Test nonTopLevel(org.elasticsearch.search.aggregations.bucket.GlobalTests) started
[2014-02-18 15:49:24,357][INFO ][node                     ] [node_3] stopping ...
[2014-02-18 15:49:24,359][INFO ][cluster.service          ] [node_0] removed {[node_3][OqrESe3SSWa55-v7CaSHOQ][Bills-MacBook-Pro.local][inet[/10.1.10.75:9303]],}, reason: zen-disco-node_left([node_3][OqrESe3SSWa55-v7CaSHOQ][Bills-MacBook-Pro.local][inet[/10.1.10.75:9303]])
[2014-02-18 15:49:24,364][INFO ][cluster.service          ] [node_1] removed {[node_3][OqrESe3SSWa55-v7CaSHOQ][Bills-MacBook-Pro.local][inet[/10.1.10.75:9303]],}, reason: zen-disco-receive(from master [[node_0][tbUF3y2YTPm1TPdTF8YBYw][Bills-MacBook-Pro.local][inet[/10.1.10.75:9300]]])
[2014-02-18 15:49:24,365][INFO ][cluster.service          ] [node_2] removed {[node_3][OqrESe3SSWa55-v7CaSHOQ][Bills-MacBook-Pro.local][inet[/10.1.10.75:9303]],}, reason: zen-disco-receive(from master [[node_0][tbUF3y2YTPm1TPdTF8YBYw][Bills-MacBook-Pro.local][inet[/10.1.10.75:9300]]])
[2014-02-18 15:49:24,365][INFO ][cluster.service          ] [node_4] removed {[node_3][OqrESe3SSWa55-v7CaSHOQ][Bills-MacBook-Pro.local][inet[/10.1.10.75:9303]],}, reason: zen-disco-receive(from master [[node_0][tbUF3y2YTPm1TPdTF8YBYw][Bills-MacBook-Pro.local][inet[/10.1.10.75:9300]]])
[2014-02-18 15:49:24,367][INFO ][node                     ] [node_3] stopped
[2014-02-18 15:49:24,367][INFO ][node                     ] [node_3] closing ...
[2014-02-18 15:49:24,369][INFO ][node                     ] [node_3] closed
[2014-02-18 15:49:24,369][INFO ][node                     ] [node_4] stopping ...
[2014-02-18 15:49:24,372][INFO ][cluster.service          ] [node_0] removed {[node_4][9Y1bxuQKQ5qYC1o_TLIkQg][Bills-MacBook-Pro.local][inet[/10.1.10.75:9304]],}, reason: zen-disco-node_left([node_4][9Y1bxuQKQ5qYC1o_TLIkQg][Bills-MacBook-Pro.local][inet[/10.1.10.75:9304]])
[2014-02-18 15:49:24,375][INFO ][cluster.service          ] [node_2] removed {[node_4][9Y1bxuQKQ5qYC1o_TLIkQg][Bills-MacBook-Pro.local][inet[/10.1.10.75:9304]],}, reason: zen-disco-receive(from master [[node_0][tbUF3y2YTPm1TPdTF8YBYw][Bills-MacBook-Pro.local][inet[/10.1.10.75:9300]]])
[2014-02-18 15:49:24,375][INFO ][cluster.service          ] [node_1] removed {[node_4][9Y1bxuQKQ5qYC1o_TLIkQg][Bills-MacBook-Pro.local][inet[/10.1.10.75:9304]],}, reason: zen-disco-receive(from master [[node_0][tbUF3y2YTPm1TPdTF8YBYw][Bills-MacBook-Pro.local][inet[/10.1.10.75:9300]]])
[2014-02-18 15:49:24,377][INFO ][node                     ] [node_4] stopped
[2014-02-18 15:49:24,378][INFO ][node                     ] [node_4] closing ...
[2014-02-18 15:49:24,379][INFO ][node                     ] [node_4] closed
[2014-02-18 15:49:24,382][INFO ][plugins                  ] [transport_client_node_1] loaded [], sites []
[2014-02-18 15:49:24,417][INFO ][search.aggregations.bucket] [GlobalTests#nonTopLevel]: before test
[2014-02-18 15:49:24,427][INFO ][cluster.metadata         ] [node_0] [idx] creating index, cause [api], shards [4]/[0], mappings []
[2014-02-18 15:49:24,513][INFO ][cluster.metadata         ] [node_0] [idx2] creating index, cause [api], shards [3]/[0], mappings []
[2014-02-18 15:49:24,582][INFO ][search.aggregations.bucket] Index [3] docs async: [false] bulk: [false]
[2014-02-18 15:49:24,585][INFO ][cluster.metadata         ] [node_0] [idx] update_mapping [type] (dynamic)
[2014-02-18 15:49:24,758][TRACE][action.search.type       ] [node_1] [idx][0], node[YhvSpkX-RFGNafHqA5ra1w], [P], s[STARTED]: Failed to execute [org.elasticsearch.action.search.SearchRequest@75ba8d53] lastShard [true]
org.elasticsearch.search.aggregations.AggregationExecutionException: Aggregation [global] cannot have a global sub-aggregation [inner_global]. Global aggregations can only be defined as top level aggregations
	at org.elasticsearch.search.aggregations.bucket.global.GlobalAggregator$Factory.create(GlobalAggregator.java:66)
	at org.elasticsearch.search.aggregations.AggregatorFactories.createSubAggregators(AggregatorFactories.java:55)
	at org.elasticsearch.search.aggregations.Aggregator.<init>(Aggregator.java:78)
	at org.elasticsearch.search.aggregations.bucket.BucketsAggregator.<init>(BucketsAggregator.java:46)
	at org.elasticsearch.search.aggregations.bucket.SingleBucketAggregator.<init>(SingleBucketAggregator.java:32)
	at org.elasticsearch.search.aggregations.bucket.global.GlobalAggregator.<init>(GlobalAggregator.java:37)
	at org.elasticsearch.search.aggregations.bucket.global.GlobalAggregator$Factory.create(GlobalAggregator.java:69)
	at org.elasticsearch.search.aggregations.AggregatorFactories.createTopLevelAggregators(AggregatorFactories.java:123)
	at org.elasticsearch.search.aggregations.AggregationPhase.preProcess(AggregationPhase.java:79)
	at org.elasticsearch.search.query.QueryPhase.preProcess(QueryPhase.java:91)
	at org.elasticsearch.search.SearchService.createContext(SearchService.java:502)
	at org.elasticsearch.search.SearchService.createContext(SearchService.java:474)
	at org.elasticsearch.search.SearchService.createAndPutContext(SearchService.java:467)
	at org.elasticsearch.search.SearchService.executeDfsPhase(SearchService.java:173)
	at org.elasticsearch.search.action.SearchServiceTransportAction.sendExecuteDfs(SearchServiceTransportAction.java:168)
	at org.elasticsearch.action.search.type.TransportSearchDfsQueryThenFetchAction$AsyncAction.sendExecuteFirstPhase(TransportSearchDfsQueryThenFetchAction.java:85)
	at org.elasticsearch.action.search.type.TransportSearchTypeAction$BaseAsyncAction.performFirstPhase(TransportSearchTypeAction.java:216)
	at org.elasticsearch.action.search.type.TransportSearchTypeAction$BaseAsyncAction.performFirstPhase(TransportSearchTypeAction.java:203)
	at org.elasticsearch.action.search.type.TransportSearchTypeAction$BaseAsyncAction$2.run(TransportSearchTypeAction.java:186)
	at java.util.concurrent.ThreadPoolExecutor.runWorker(ThreadPoolExecutor.java:1145)
	at java.util.concurrent.ThreadPoolExecutor$Worker.run(ThreadPoolExecutor.java:615)
	at java.lang.Thread.run(Thread.java:744)
[2014-02-18 15:49:24,758][TRACE][action.search.type       ] [node_1] [idx][3], node[YhvSpkX-RFGNafHqA5ra1w], [P], s[STARTED]: Failed to execute [org.elasticsearch.action.search.SearchRequest@75ba8d53] lastShard [true]
org.elasticsearch.search.aggregations.AggregationExecutionException: Aggregation [global] cannot have a global sub-aggregation [inner_global]. Global aggregations can only be defined as top level aggregations
	at org.elasticsearch.search.aggregations.bucket.global.GlobalAggregator$Factory.create(GlobalAggregator.java:66)
	at org.elasticsearch.search.aggregations.AggregatorFactories.createSubAggregators(AggregatorFactories.java:55)
	at org.elasticsearch.search.aggregations.Aggregator.<init>(Aggregator.java:78)
	at org.elasticsearch.search.aggregations.bucket.BucketsAggregator.<init>(BucketsAggregator.java:46)
	at org.elasticsearch.search.aggregations.bucket.SingleBucketAggregator.<init>(SingleBucketAggregator.java:32)
	at org.elasticsearch.search.aggregations.bucket.global.GlobalAggregator.<init>(GlobalAggregator.java:37)
	at org.elasticsearch.search.aggregations.bucket.global.GlobalAggregator$Factory.create(GlobalAggregator.java:69)
	at org.elasticsearch.search.aggregations.AggregatorFactories.createTopLevelAggregators(AggregatorFactories.java:123)
	at org.elasticsearch.search.aggregations.AggregationPhase.preProcess(AggregationPhase.java:79)
	at org.elasticsearch.search.query.QueryPhase.preProcess(QueryPhase.java:91)
	at org.elasticsearch.search.SearchService.createContext(SearchService.java:502)
	at org.elasticsearch.search.SearchService.createContext(SearchService.java:474)
	at org.elasticsearch.search.SearchService.createAndPutContext(SearchService.java:467)
	at org.elasticsearch.search.SearchService.executeDfsPhase(SearchService.java:173)
	at org.elasticsearch.search.action.SearchServiceTransportAction.sendExecuteDfs(SearchServiceTransportAction.java:168)
	at org.elasticsearch.action.search.type.TransportSearchDfsQueryThenFetchAction$AsyncAction.sendExecuteFirstPhase(TransportSearchDfsQueryThenFetchAction.java:85)
	at org.elasticsearch.action.search.type.TransportSearchTypeAction$BaseAsyncAction.performFirstPhase(TransportSearchTypeAction.java:216)
	at org.elasticsearch.action.search.type.TransportSearchTypeAction$BaseAsyncAction.performFirstPhase(TransportSearchTypeAction.java:203)
	at org.elasticsearch.action.search.type.TransportSearchTypeAction$BaseAsyncAction$2.run(TransportSearchTypeAction.java:186)
	at java.util.concurrent.ThreadPoolExecutor.runWorker(ThreadPoolExecutor.java:1145)
	at java.util.concurrent.ThreadPoolExecutor$Worker.run(ThreadPoolExecutor.java:615)
	at java.lang.Thread.run(Thread.java:744)
[2014-02-18 15:49:24,760][DEBUG][action.search.type       ] [node_1] [idx][2], node[FMinfbhkR0qkv0gqZ8eWZw], [P], s[STARTED]: Failed to execute [org.elasticsearch.action.search.SearchRequest@75ba8d53]
org.elasticsearch.transport.RemoteTransportException: [node_2][inet[/10.1.10.75:9302]][search/phase/dfs]
Caused by: org.elasticsearch.search.aggregations.AggregationExecutionException: Aggregation [global] cannot have a global sub-aggregation [inner_global]. Global aggregations can only be defined as top level aggregations
	at org.elasticsearch.search.aggregations.bucket.global.GlobalAggregator$Factory.create(GlobalAggregator.java:66)
	at org.elasticsearch.search.aggregations.AggregatorFactories.createSubAggregators(AggregatorFactories.java:55)
	at org.elasticsearch.search.aggregations.Aggregator.<init>(Aggregator.java:78)
	at org.elasticsearch.search.aggregations.bucket.BucketsAggregator.<init>(BucketsAggregator.java:46)
	at org.elasticsearch.search.aggregations.bucket.SingleBucketAggregator.<init>(SingleBucketAggregator.java:32)
	at org.elasticsearch.search.aggregations.bucket.global.GlobalAggregator.<init>(GlobalAggregator.java:37)
	at org.elasticsearch.search.aggregations.bucket.global.GlobalAggregator$Factory.create(GlobalAggregator.java:69)
	at org.elasticsearch.search.aggregations.AggregatorFactories.createTopLevelAggregators(AggregatorFactories.java:123)
	at org.elasticsearch.search.aggregations.AggregationPhase.preProcess(AggregationPhase.java:79)
	at org.elasticsearch.search.query.QueryPhase.preProcess(QueryPhase.java:91)
	at org.elasticsearch.search.SearchService.createContext(SearchService.java:502)
	at org.elasticsearch.search.SearchService.createContext(SearchService.java:474)
	at org.elasticsearch.search.SearchService.createAndPutContext(SearchService.java:467)
	at org.elasticsearch.search.SearchService.executeDfsPhase(SearchService.java:173)
	at org.elasticsearch.search.action.SearchServiceTransportAction$SearchDfsTransportHandler.messageReceived(SearchServiceTransportAction.java:602)
	at org.elasticsearch.search.action.SearchServiceTransportAction$SearchDfsTransportHandler.messageReceived(SearchServiceTransportAction.java:591)
	at org.elasticsearch.transport.netty.MessageChannelHandler$RequestHandler.run(MessageChannelHandler.java:270)
	at java.util.concurrent.ThreadPoolExecutor.runWorker(ThreadPoolExecutor.java:1145)
	at java.util.concurrent.ThreadPoolExecutor$Worker.run(ThreadPoolExecutor.java:615)
	at java.lang.Thread.run(Thread.java:744)
[2014-02-18 15:49:24,760][TRACE][action.search.type       ] [node_1] [idx][1], node[tbUF3y2YTPm1TPdTF8YBYw], [P], s[STARTED]: Failed to execute [org.elasticsearch.action.search.SearchRequest@75ba8d53] lastShard [true]
org.elasticsearch.transport.RemoteTransportException: [node_0][inet[/10.1.10.75:9300]][search/phase/dfs]
Caused by: org.elasticsearch.search.aggregations.AggregationExecutionException: Aggregation [global] cannot have a global sub-aggregation [inner_global]. Global aggregations can only be defined as top level aggregations
	at org.elasticsearch.search.aggregations.bucket.global.GlobalAggregator$Factory.create(GlobalAggregator.java:66)
	at org.elasticsearch.search.aggregations.AggregatorFactories.createSubAggregators(AggregatorFactories.java:55)
	at org.elasticsearch.search.aggregations.Aggregator.<init>(Aggregator.java:78)
	at org.elasticsearch.search.aggregations.bucket.BucketsAggregator.<init>(BucketsAggregator.java:46)
	at org.elasticsearch.search.aggregations.bucket.SingleBucketAggregator.<init>(SingleBucketAggregator.java:32)
	at org.elasticsearch.search.aggregations.bucket.global.GlobalAggregator.<init>(GlobalAggregator.java:37)
	at org.elasticsearch.search.aggregations.bucket.global.GlobalAggregator$Factory.create(GlobalAggregator.java:69)
	at org.elasticsearch.search.aggregations.AggregatorFactories.createTopLevelAggregators(AggregatorFactories.java:123)
	at org.elasticsearch.search.aggregations.AggregationPhase.preProcess(AggregationPhase.java:79)
	at org.elasticsearch.search.query.QueryPhase.preProcess(QueryPhase.java:91)
	at org.elasticsearch.search.SearchService.createContext(SearchService.java:502)
	at org.elasticsearch.search.SearchService.createContext(SearchService.java:474)
	at org.elasticsearch.search.SearchService.createAndPutContext(SearchService.java:467)
	at org.elasticsearch.search.SearchService.executeDfsPhase(SearchService.java:173)
	at org.elasticsearch.search.action.SearchServiceTransportAction$SearchDfsTransportHandler.messageReceived(SearchServiceTransportAction.java:602)
	at org.elasticsearch.search.action.SearchServiceTransportAction$SearchDfsTransportHandler.messageReceived(SearchServiceTransportAction.java:591)
	at org.elasticsearch.transport.netty.MessageChannelHandler$RequestHandler.run(MessageChannelHandler.java:270)
	at java.util.concurrent.ThreadPoolExecutor.runWorker(ThreadPoolExecutor.java:1145)
	at java.util.concurrent.ThreadPoolExecutor$Worker.run(ThreadPoolExecutor.java:615)
	at java.lang.Thread.run(Thread.java:744)
[2014-02-18 15:49:24,761][DEBUG][action.search.type       ] [node_1] All shards failed for phase: [dfs]
[2014-02-18 15:49:24,764][INFO ][search.aggregations.bucket] [GlobalTests#nonTopLevel]: cleaning up after test
[2014-02-18 15:49:24,765][INFO ][cluster.metadata         ] [node_0] [idx2] deleting index
[2014-02-18 15:49:24,778][INFO ][cluster.metadata         ] [node_0] [idx] deleting index
[2014-02-18 15:49:24,795][INFO ][search.aggregations.bucket] [GlobalTests#nonTopLevel]: cleaned up after test
[2014-02-18 15:49:24,796][INFO ][test                     ] Wipe data directory for all nodes locations: [data/d2/shared-Bills-MacBook-Pro.local-CHILD_VM=[0]-CLUSTER_SEED=[1392766407945050000]-HASH=[135419AB41B95588]/nodes/1, data/d2/shared-Bills-MacBook-Pro.local-CHILD_VM=[0]-CLUSTER_SEED=[1392766407945050000]-HASH=[135419AB41B95588]/nodes/2, data/d2/shared-Bills-MacBook-Pro.local-CHILD_VM=[0]-CLUSTER_SEED=[1392766407945050000]-HASH=[135419AB41B95588]/nodes/0, data/d0/shared-Bills-MacBook-Pro.local-CHILD_VM=[0]-CLUSTER_SEED=[1392766407945050000]-HASH=[135419AB41B95588]/nodes/1, data/d1/shared-Bills-MacBook-Pro.local-CHILD_VM=[0]-CLUSTER_SEED=[1392766407945050000]-HASH=[135419AB41B95588]/nodes/0, data/d1/shared-Bills-MacBook-Pro.local-CHILD_VM=[0]-CLUSTER_SEED=[1392766407945050000]-HASH=[135419AB41B95588]/nodes/1, data/d0/shared-Bills-MacBook-Pro.local-CHILD_VM=[0]-CLUSTER_SEED=[1392766407945050000]-HASH=[135419AB41B95588]/nodes/2, data/d1/shared-Bills-MacBook-Pro.local-CHILD_VM=[0]-CLUSTER_SEED=[1392766407945050000]-HASH=[135419AB41B95588]/nodes/2, data/d0/shared-Bills-MacBook-Pro.local-CHILD_VM=[0]-CLUSTER_SEED=[1392766407945050000]-HASH=[135419AB41B95588]/nodes/0]
[2014-02-18 15:49:24,803][INFO ][test                     ] Test nonTopLevel(org.elasticsearch.search.aggregations.bucket.GlobalTests) finished
[2014-02-18 15:49:24,803][INFO ][test                     ] Test withStatsSubAggregator(org.elasticsearch.search.aggregations.bucket.GlobalTests) started
[2014-02-18 15:49:24,808][INFO ][search.aggregations.bucket] [GlobalTests#withStatsSubAggregator]: before test
[2014-02-18 15:49:24,817][INFO ][cluster.metadata         ] [node_0] [idx] creating index, cause [api], shards [3]/[0], mappings []
[2014-02-18 15:49:24,876][INFO ][cluster.metadata         ] [node_0] [idx2] creating index, cause [api], shards [4]/[0], mappings []
[2014-02-18 15:49:25,043][INFO ][search.aggregations.bucket] Index [12] docs async: [true] bulk: [false]
[2014-02-18 15:49:25,049][INFO ][cluster.metadata         ] [node_0] [idx] update_mapping [type] (dynamic)
[2014-02-18 15:49:25,286][TRACE][action.search.type       ] [node_0] Moving to second phase, based on results from: [YhvSpkX-RFGNafHqA5ra1w][idx][0],[FMinfbhkR0qkv0gqZ8eWZw][idx][2],[tbUF3y2YTPm1TPdTF8YBYw][idx][1] (cluster state version: 4218)
[2014-02-18 15:49:25,287][INFO ][search.aggregations.bucket] [GlobalTests#withStatsSubAggregator]: cleaning up after test
[2014-02-18 15:49:25,288][INFO ][cluster.metadata         ] [node_0] [idx2] deleting index
[2014-02-18 15:49:25,302][INFO ][cluster.metadata         ] [node_0] [idx] deleting index
[2014-02-18 15:49:25,319][INFO ][search.aggregations.bucket] [GlobalTests#withStatsSubAggregator]: cleaned up after test
[2014-02-18 15:49:25,319][INFO ][test                     ] Test withStatsSubAggregator(org.elasticsearch.search.aggregations.bucket.GlobalTests) finished
]]></system-out>
   <system-err><![CDATA[]]></system-err>
</testsuite>