<testsuite errors="0" failures="0" tests="1001" skipped="0" name="org.elasticsearch.common.util.concurrent.CountDownTest" hostname="nohost.nodomain" time="3.957" timestamp="2014-02-18T15:38:30">
   <properties class="java.util.ArrayList">
      <property name="awt.toolkit" value="sun.lwawt.macosx.LWCToolkit"/>
      <property name="es.logger.level" value="INFO"/>
      <property name="es.logger.prefix" value=""/>
      <property name="es.node.local" value=""/>
      <property name="es.node.mode" value=""/>
      <property name="file.encoding" value="UTF-8"/>
      <property name="file.encoding.pkg" value="sun.io"/>
      <property name="file.separator" value="/"/>
      <property name="ftp.nonProxyHosts" value="local|*.local|169.254/16|*.169.254/16"/>
      <property name="gopherProxySet" value="false"/>
      <property name="http.nonProxyHosts" value="local|*.local|169.254/16|*.169.254/16"/>
      <property name="java.awt.graphicsenv" value="sun.awt.CGraphicsEnvironment"/>
      <property name="java.awt.headless" value="true"/>
      <property name="java.awt.printerjob" value="sun.lwawt.macosx.CPrinterJob"/>
      <property name="java.class.path" value="/Users/bhwang/elasticsearch/target/test-classes:/Users/bhwang/elasticsearch/target/classes:/Users/bhwang/.m2/repository/org/hamcrest/hamcrest-all/1.3/hamcrest-all-1.3.jar:/Users/bhwang/.m2/repository/com/carrotsearch/randomizedtesting/randomizedtesting-runner/2.0.15/randomizedtesting-runner-2.0.15.jar:/Users/bhwang/.m2/repository/junit/junit/4.10/junit-4.10.jar:/Users/bhwang/.m2/repository/org/apache/lucene/lucene-test-framework/4.6.1/lucene-test-framework-4.6.1.jar:/Users/bhwang/.m2/repository/org/apache/lucene/lucene-expressions/4.6.1/lucene-expressions-4.6.1.jar:/Users/bhwang/.m2/repository/org/antlr/antlr-runtime/3.5/antlr-runtime-3.5.jar:/Users/bhwang/.m2/repository/org/ow2/asm/asm/4.1/asm-4.1.jar:/Users/bhwang/.m2/repository/org/ow2/asm/asm-commons/4.1/asm-commons-4.1.jar:/Users/bhwang/.m2/repository/org/apache/httpcomponents/httpclient/4.3.1/httpclient-4.3.1.jar:/Users/bhwang/.m2/repository/org/apache/httpcomponents/httpcore/4.3/httpcore-4.3.jar:/Users/bhwang/.m2/repository/commons-logging/commons-logging/1.1.3/commons-logging-1.1.3.jar:/Users/bhwang/.m2/repository/commons-codec/commons-codec/1.6/commons-codec-1.6.jar:/Users/bhwang/.m2/repository/org/apache/lucene/lucene-core/4.6.1/lucene-core-4.6.1.jar:/Users/bhwang/.m2/repository/org/apache/lucene/lucene-analyzers-common/4.6.1/lucene-analyzers-common-4.6.1.jar:/Users/bhwang/.m2/repository/org/apache/lucene/lucene-codecs/4.6.1/lucene-codecs-4.6.1.jar:/Users/bhwang/.m2/repository/org/apache/lucene/lucene-queries/4.6.1/lucene-queries-4.6.1.jar:/Users/bhwang/.m2/repository/org/apache/lucene/lucene-memory/4.6.1/lucene-memory-4.6.1.jar:/Users/bhwang/.m2/repository/org/apache/lucene/lucene-highlighter/4.6.1/lucene-highlighter-4.6.1.jar:/Users/bhwang/.m2/repository/org/apache/lucene/lucene-queryparser/4.6.1/lucene-queryparser-4.6.1.jar:/Users/bhwang/.m2/repository/org/apache/lucene/lucene-sandbox/4.6.1/lucene-sandbox-4.6.1.jar:/Users/bhwang/.m2/repository/org/apache/lucene/lucene-suggest/4.6.1/lucene-suggest-4.6.1.jar:/Users/bhwang/.m2/repository/org/apache/lucene/lucene-misc/4.6.1/lucene-misc-4.6.1.jar:/Users/bhwang/.m2/repository/org/apache/lucene/lucene-join/4.6.1/lucene-join-4.6.1.jar:/Users/bhwang/.m2/repository/org/apache/lucene/lucene-grouping/4.6.1/lucene-grouping-4.6.1.jar:/Users/bhwang/.m2/repository/org/apache/lucene/lucene-spatial/4.6.1/lucene-spatial-4.6.1.jar:/Users/bhwang/.m2/repository/com/spatial4j/spatial4j/0.3/spatial4j-0.3.jar:/Users/bhwang/.m2/repository/com/vividsolutions/jts/1.12/jts-1.12.jar:/Users/bhwang/.m2/repository/com/google/guava/guava/16.0/guava-16.0.jar:/Users/bhwang/.m2/repository/com/carrotsearch/hppc/0.5.3/hppc-0.5.3.jar:/Users/bhwang/.m2/repository/joda-time/joda-time/2.3/joda-time-2.3.jar:/Users/bhwang/.m2/repository/org/joda/joda-convert/1.2/joda-convert-1.2.jar:/Users/bhwang/.m2/repository/org/mvel/mvel2/2.1.5.Final/mvel2-2.1.5.Final.jar:/Users/bhwang/.m2/repository/com/fasterxml/jackson/core/jackson-core/2.3.0/jackson-core-2.3.0.jar:/Users/bhwang/.m2/repository/com/fasterxml/jackson/dataformat/jackson-dataformat-smile/2.3.0/jackson-dataformat-smile-2.3.0.jar:/Users/bhwang/.m2/repository/com/fasterxml/jackson/dataformat/jackson-dataformat-yaml/2.3.0/jackson-dataformat-yaml-2.3.0.jar:/Users/bhwang/.m2/repository/io/netty/netty/3.9.0.Final/netty-3.9.0.Final.jar:/Users/bhwang/.m2/repository/com/ning/compress-lzf/0.9.6/compress-lzf-0.9.6.jar:/Users/bhwang/.m2/repository/log4j/log4j/1.2.17/log4j-1.2.17.jar:/Users/bhwang/.m2/repository/org/slf4j/slf4j-api/1.6.2/slf4j-api-1.6.2.jar:/Users/bhwang/.m2/repository/net/java/dev/jna/jna/3.3.0/jna-3.3.0.jar:/Users/bhwang/.m2/repository/org/fusesource/sigar/1.6.4/sigar-1.6.4.jar:/Users/bhwang/.m2/repository/com/carrotsearch/randomizedtesting/junit4-ant/2.0.15/junit4-ant-2.0.15.jar"/>
      <property name="java.class.version" value="51.0"/>
      <property name="java.endorsed.dirs" value="/Library/Java/JavaVirtualMachines/jdk1.7.0_45.jdk/Contents/Home/jre/lib/endorsed"/>
      <property name="java.ext.dirs" value="/Users/bhwang/Library/Java/Extensions:/Library/Java/JavaVirtualMachines/jdk1.7.0_45.jdk/Contents/Home/jre/lib/ext:/Library/Java/Extensions:/Network/Library/Java/Extensions:/System/Library/Java/Extensions:/usr/lib/java"/>
      <property name="java.home" value="/Library/Java/JavaVirtualMachines/jdk1.7.0_45.jdk/Contents/Home/jre"/>
      <property name="java.io.tmpdir" value="."/>
      <property name="java.library.path" value="/Users/bhwang/Library/Java/Extensions:/Library/Java/Extensions:/Network/Library/Java/Extensions:/System/Library/Java/Extensions:/usr/lib/java:."/>
      <property name="java.runtime.name" value="Java(TM) SE Runtime Environment"/>
      <property name="java.runtime.version" value="1.7.0_45-b18"/>
      <property name="java.security.policy" value="/Users/bhwang/elasticsearch/dev-tools/tests.policy"/>
      <property name="java.specification.name" value="Java Platform API Specification"/>
      <property name="java.specification.vendor" value="Oracle Corporation"/>
      <property name="java.specification.version" value="1.7"/>
      <property name="java.vendor" value="Oracle Corporation"/>
      <property name="java.vendor.url" value="http://java.oracle.com/"/>
      <property name="java.vendor.url.bug" value="http://bugreport.sun.com/bugreport/"/>
      <property name="java.version" value="1.7.0_45"/>
      <property name="java.vm.info" value="mixed mode"/>
      <property name="java.vm.name" value="Java HotSpot(TM) 64-Bit Server VM"/>
      <property name="java.vm.specification.name" value="Java Virtual Machine Specification"/>
      <property name="java.vm.specification.vendor" value="Oracle Corporation"/>
      <property name="java.vm.specification.version" value="1.7"/>
      <property name="java.vm.vendor" value="Oracle Corporation"/>
      <property name="java.vm.version" value="24.45-b08"/>
      <property name="junit4.childvm.cwd" value="/Users/bhwang/elasticsearch/target/J0"/>
      <property name="junit4.childvm.id" value="0"/>
      <property name="junit4.memory.total" value="128974848"/>
      <property name="junit4.pidString" value="6815@Bills-MacBook-Pro.local"/>
      <property name="junit4.processors" value="4"/>
      <property name="junit4.tempDir" value="/Users/bhwang/elasticsearch/target"/>
      <property name="line.separator" value="
"/>
      <property name="os.arch" value="x86_64"/>
      <property name="os.name" value="Mac OS X"/>
      <property name="os.version" value="10.9.1"/>
      <property name="path.separator" value=":"/>
      <property name="socksNonProxyHosts" value="local|*.local|169.254/16|*.169.254/16"/>
      <property name="sun.arch.data.model" value="64"/>
      <property name="sun.boot.class.path" value="/Library/Java/JavaVirtualMachines/jdk1.7.0_45.jdk/Contents/Home/jre/lib/resources.jar:/Library/Java/JavaVirtualMachines/jdk1.7.0_45.jdk/Contents/Home/jre/lib/rt.jar:/Library/Java/JavaVirtualMachines/jdk1.7.0_45.jdk/Contents/Home/jre/lib/sunrsasign.jar:/Library/Java/JavaVirtualMachines/jdk1.7.0_45.jdk/Contents/Home/jre/lib/jsse.jar:/Library/Java/JavaVirtualMachines/jdk1.7.0_45.jdk/Contents/Home/jre/lib/jce.jar:/Library/Java/JavaVirtualMachines/jdk1.7.0_45.jdk/Contents/Home/jre/lib/charsets.jar:/Library/Java/JavaVirtualMachines/jdk1.7.0_45.jdk/Contents/Home/jre/lib/jfr.jar:/Library/Java/JavaVirtualMachines/jdk1.7.0_45.jdk/Contents/Home/jre/lib/JObjC.jar:/Library/Java/JavaVirtualMachines/jdk1.7.0_45.jdk/Contents/Home/jre/classes"/>
      <property name="sun.boot.library.path" value="/Library/Java/JavaVirtualMachines/jdk1.7.0_45.jdk/Contents/Home/jre/lib"/>
      <property name="sun.cpu.endian" value="little"/>
      <property name="sun.cpu.isalist" value=""/>
      <property name="sun.io.unicode.encoding" value="UnicodeBig"/>
      <property name="sun.java.command" value="com.carrotsearch.ant.tasks.junit4.slave.SlaveMainSafe -flush -eventsfile /Users/bhwang/elasticsearch/target/junit4-J0-20140218_153326_767.events @/Users/bhwang/elasticsearch/target/junit4-J0-20140218_153326_767.suites -stdin"/>
      <property name="sun.java.launcher" value="SUN_STANDARD"/>
      <property name="sun.jnu.encoding" value="UTF-8"/>
      <property name="sun.management.compiler" value="HotSpot 64-Bit Tiered Compilers"/>
      <property name="sun.os.patch.level" value="unknown"/>
      <property name="tests.appendseed" value=""/>
      <property name="tests.assertion.disabled" value=""/>
      <property name="tests.awaitsfix" value=""/>
      <property name="tests.badapples" value=""/>
      <property name="tests.class" value=""/>
      <property name="tests.client.ratio" value=""/>
      <property name="tests.cluster_seed" value=""/>
      <property name="tests.enable_mock_modules" value=""/>
      <property name="tests.failfast" value=""/>
      <property name="tests.integration" value=""/>
      <property name="tests.iters" value=""/>
      <property name="tests.jvm.argline" value=""/>
      <property name="tests.maxfailures" value=""/>
      <property name="tests.method" value=""/>
      <property name="tests.network" value=""/>
      <property name="tests.nightly" value=""/>
      <property name="tests.prefix" value="tests"/>
      <property name="tests.rest" value=""/>
      <property name="tests.rest.spec" value=""/>
      <property name="tests.rest.suite" value=""/>
      <property name="tests.security.manager" value=""/>
      <property name="tests.seed" value="A89B4FF56754358E"/>
      <property name="tests.showSuccess" value=""/>
      <property name="tests.slow" value=""/>
      <property name="tests.timeoutSuite" value=""/>
      <property name="tests.weekly" value=""/>
      <property name="user.country" value="US"/>
      <property name="user.dir" value="/Users/bhwang/elasticsearch/target/J0"/>
      <property name="user.home" value="/Users/bhwang"/>
      <property name="user.language" value="en"/>
      <property name="user.name" value="bhwang"/>
      <property name="user.timezone" value=""/>
   </properties>
   <testcase classname="org.elasticsearch.common.util.concurrent.CountDownTest" name="testConcurrent {#0 seed=[A89B4FF56754358E:88E8C0EFA0FF5D27]}" time="0.006"/>
   <testcase classname="org.elasticsearch.common.util.concurrent.CountDownTest" name="testConcurrent {#1 seed=[A89B4FF56754358E:3CBE7C13943D960B]}" time="0.005"/>
   <testcase classname="org.elasticsearch.common.util.concurrent.CountDownTest" name="testConcurrent {#2 seed=[A89B4FF56754358E:B257EACFC5F9DEC0]}" time="0.005"/>
   <testcase classname="org.elasticsearch.common.util.concurrent.CountDownTest" name="testConcurrent {#3 seed=[A89B4FF56754358E:83B9412AA90785E9]}" time="0.007"/>
   <testcase classname="org.elasticsearch.common.util.concurrent.CountDownTest" name="testConcurrent {#4 seed=[A89B4FF56754358E:CF78C487080F4552]}" time="0.007"/>
   <testcase classname="org.elasticsearch.common.util.concurrent.CountDownTest" name="testConcurrent {#5 seed=[A89B4FF56754358E:5E8217D875B30852]}" time="0.005"/>
   <testcase classname="org.elasticsearch.common.util.concurrent.CountDownTest" name="testConcurrent {#6 seed=[A89B4FF56754358E:605C735E67831854]}" time="0.005"/>
   <testcase classname="org.elasticsearch.common.util.concurrent.CountDownTest" name="testConcurrent {#7 seed=[A89B4FF56754358E:FCEFE92444978CFA]}" time="0.005"/>
   <testcase classname="org.elasticsearch.common.util.concurrent.CountDownTest" name="testConcurrent {#8 seed=[A89B4FF56754358E:CE430C4A335C9BA0]}" time="0.005"/>
   <testcase classname="org.elasticsearch.common.util.concurrent.CountDownTest" name="testConcurrent {#9 seed=[A89B4FF56754358E:19C85AF0570BACF2]}" time="0.007"/>
   <testcase classname="org.elasticsearch.common.util.concurrent.CountDownTest" name="testConcurrent {#10 seed=[A89B4FF56754358E:EC89B2AB85B78E2A]}" time="0.004"/>
   <testcase classname="org.elasticsearch.common.util.concurrent.CountDownTest" name="testConcurrent {#11 seed=[A89B4FF56754358E:672E7E6E012A2FE3]}" time="0.003"/>
   <testcase classname="org.elasticsearch.common.util.concurrent.CountDownTest" name="testConcurrent {#12 seed=[A89B4FF56754358E:1DEBD7E457ED12]}" time="0.003"/>
   <testcase classname="org.elasticsearch.common.util.concurrent.CountDownTest" name="testConcurrent {#13 seed=[A89B4FF56754358E:6F56CCC878C26C62]}" time="0.003"/>
   <testcase classname="org.elasticsearch.common.util.concurrent.CountDownTest" name="testConcurrent {#14 seed=[A89B4FF56754358E:32C8C350AAB32A3B]}" time="0.003"/>
   <testcase classname="org.elasticsearch.common.util.concurrent.CountDownTest" name="testConcurrent {#15 seed=[A89B4FF56754358E:517A2E54B831BF0A]}" time="0.003"/>
   <testcase classname="org.elasticsearch.common.util.concurrent.CountDownTest" name="testConcurrent {#16 seed=[A89B4FF56754358E:D781899D7339D463]}" time="0.003"/>
   <testcase classname="org.elasticsearch.common.util.concurrent.CountDownTest" name="testConcurrent {#17 seed=[A89B4FF56754358E:63CE5B86BF0CA611]}" time="0.003"/>
   <testcase classname="org.elasticsearch.common.util.concurrent.CountDownTest" name="testConcurrent {#18 seed=[A89B4FF56754358E:7CBA2488C3994913]}" time="0.002"/>
   <testcase classname="org.elasticsearch.common.util.concurrent.CountDownTest" name="testConcurrent {#19 seed=[A89B4FF56754358E:762A576469710FBE]}" time="0.004"/>
   <testcase classname="org.elasticsearch.common.util.concurrent.CountDownTest" name="testConcurrent {#20 seed=[A89B4FF56754358E:123C544024E3D7C1]}" time="0.003"/>
   <testcase classname="org.elasticsearch.common.util.concurrent.CountDownTest" name="testConcurrent {#21 seed=[A89B4FF56754358E:B10A01741B6D0F54]}" time="0.002"/>
   <testcase classname="org.elasticsearch.common.util.concurrent.CountDownTest" name="testConcurrent {#22 seed=[A89B4FF56754358E:1FF18037AD81BA10]}" time="0.002"/>
   <testcase classname="org.elasticsearch.common.util.concurrent.CountDownTest" name="testConcurrent {#23 seed=[A89B4FF56754358E:4F96B6CCCB531ABE]}" time="0.002"/>
   <testcase classname="org.elasticsearch.common.util.concurrent.CountDownTest" name="testConcurrent {#24 seed=[A89B4FF56754358E:419EDAAB586E67A0]}" time="0.002"/>
   <testcase classname="org.elasticsearch.common.util.concurrent.CountDownTest" name="testConcurrent {#25 seed=[A89B4FF56754358E:F5E888400BFA37FA]}" time="0.003"/>
   <testcase classname="org.elasticsearch.common.util.concurrent.CountDownTest" name="testConcurrent {#26 seed=[A89B4FF56754358E:FEF1CCC1136E9C9]}" time="0.003"/>
   <testcase classname="org.elasticsearch.common.util.concurrent.CountDownTest" name="testConcurrent {#27 seed=[A89B4FF56754358E:F63B6D5F211E07CB]}" time="0.002"/>
   <testcase classname="org.elasticsearch.common.util.concurrent.CountDownTest" name="testConcurrent {#28 seed=[A89B4FF56754358E:96A3D47CE86CE75]}" time="0.002"/>
   <testcase classname="org.elasticsearch.common.util.concurrent.CountDownTest" name="testConcurrent {#29 seed=[A89B4FF56754358E:91A579223AB2E1B8]}" time="0.003"/>
   <testcase classname="org.elasticsearch.common.util.concurrent.CountDownTest" name="testConcurrent {#30 seed=[A89B4FF56754358E:4880134FA8C41E17]}" time="0.003"/>
   <testcase classname="org.elasticsearch.common.util.concurrent.CountDownTest" name="testConcurrent {#31 seed=[A89B4FF56754358E:E6C3099BEA2EF58E]}" time="0.002"/>
   <testcase classname="org.elasticsearch.common.util.concurrent.CountDownTest" name="testConcurrent {#32 seed=[A89B4FF56754358E:44FD49E0BE11C25A]}" time="0.002"/>
   <testcase classname="org.elasticsearch.common.util.concurrent.CountDownTest" name="testConcurrent {#33 seed=[A89B4FF56754358E:E6BC0C7BDB5D0428]}" time="0.002"/>
   <testcase classname="org.elasticsearch.common.util.concurrent.CountDownTest" name="testConcurrent {#34 seed=[A89B4FF56754358E:6B78EC1385F6265D]}" time="0.002"/>
   <testcase classname="org.elasticsearch.common.util.concurrent.CountDownTest" name="testConcurrent {#35 seed=[A89B4FF56754358E:DE13E103DA9B5C8E]}" time="0.002"/>
   <testcase classname="org.elasticsearch.common.util.concurrent.CountDownTest" name="testConcurrent {#36 seed=[A89B4FF56754358E:538A124B7FD0F87B]}" time="0.002"/>
   <testcase classname="org.elasticsearch.common.util.concurrent.CountDownTest" name="testConcurrent {#37 seed=[A89B4FF56754358E:DD3D0C7F0E411FCE]}" time="0.004"/>
   <testcase classname="org.elasticsearch.common.util.concurrent.CountDownTest" name="testConcurrent {#38 seed=[A89B4FF56754358E:78AAF802350073E9]}" time="0.003"/>
   <testcase classname="org.elasticsearch.common.util.concurrent.CountDownTest" name="testConcurrent {#39 seed=[A89B4FF56754358E:92EE0C61D567B94B]}" time="0.002"/>
   <testcase classname="org.elasticsearch.common.util.concurrent.CountDownTest" name="testConcurrent {#40 seed=[A89B4FF56754358E:A08EF3D9A621C5DE]}" time="0.002"/>
   <testcase classname="org.elasticsearch.common.util.concurrent.CountDownTest" name="testConcurrent {#41 seed=[A89B4FF56754358E:74A63153028243F4]}" time="0.003"/>
   <testcase classname="org.elasticsearch.common.util.concurrent.CountDownTest" name="testConcurrent {#42 seed=[A89B4FF56754358E:9E0B98F2EBD04EB]}" time="0.003"/>
   <testcase classname="org.elasticsearch.common.util.concurrent.CountDownTest" name="testConcurrent {#43 seed=[A89B4FF56754358E:A8D6642AA4658B32]}" time="0.004"/>
   <testcase classname="org.elasticsearch.common.util.concurrent.CountDownTest" name="testConcurrent {#44 seed=[A89B4FF56754358E:B39DB735B0A1687C]}" time="0.003"/>
   <testcase classname="org.elasticsearch.common.util.concurrent.CountDownTest" name="testConcurrent {#45 seed=[A89B4FF56754358E:249080FEAD957866]}" time="0.003"/>
   <testcase classname="org.elasticsearch.common.util.concurrent.CountDownTest" name="testConcurrent {#46 seed=[A89B4FF56754358E:14D722807EC65500]}" time="0.004"/>
   <testcase classname="org.elasticsearch.common.util.concurrent.CountDownTest" name="testConcurrent {#47 seed=[A89B4FF56754358E:B9EEC8CF27B55814]}" time="0.003"/>
   <testcase classname="org.elasticsearch.common.util.concurrent.CountDownTest" name="testConcurrent {#48 seed=[A89B4FF56754358E:28C7EA5D48BCA734]}" time="0.003"/>
   <testcase classname="org.elasticsearch.common.util.concurrent.CountDownTest" name="testConcurrent {#49 seed=[A89B4FF56754358E:47673B669684C096]}" time="0.003"/>
   <testcase classname="org.elasticsearch.common.util.concurrent.CountDownTest" name="testConcurrent {#50 seed=[A89B4FF56754358E:64555BDA7DAB0DA9]}" time="0.003"/>
   <testcase classname="org.elasticsearch.common.util.concurrent.CountDownTest" name="testConcurrent {#51 seed=[A89B4FF56754358E:5346836C646045E9]}" time="0.014"/>
   <testcase classname="org.elasticsearch.common.util.concurrent.CountDownTest" name="testConcurrent {#52 seed=[A89B4FF56754358E:882402F1C40D89D6]}" time="0.005"/>
   <testcase classname="org.elasticsearch.common.util.concurrent.CountDownTest" name="testConcurrent {#53 seed=[A89B4FF56754358E:4E3B1B13F7F19AA8]}" time="0.003"/>
   <testcase classname="org.elasticsearch.common.util.concurrent.CountDownTest" name="testConcurrent {#54 seed=[A89B4FF56754358E:788CA5D825DC77D4]}" time="0.004"/>
   <testcase classname="org.elasticsearch.common.util.concurrent.CountDownTest" name="testConcurrent {#55 seed=[A89B4FF56754358E:46CDE84182AFC43E]}" time="0.004"/>
   <testcase classname="org.elasticsearch.common.util.concurrent.CountDownTest" name="testConcurrent {#56 seed=[A89B4FF56754358E:5DFF6B983D834FC3]}" time="0.004"/>
   <testcase classname="org.elasticsearch.common.util.concurrent.CountDownTest" name="testConcurrent {#57 seed=[A89B4FF56754358E:58B2DAF88982CC68]}" time="0.004"/>
   <testcase classname="org.elasticsearch.common.util.concurrent.CountDownTest" name="testConcurrent {#58 seed=[A89B4FF56754358E:8C45E32D6AF56183]}" time="0.003"/>
   <testcase classname="org.elasticsearch.common.util.concurrent.CountDownTest" name="testConcurrent {#59 seed=[A89B4FF56754358E:564775AE3EB751FD]}" time="0.004"/>
   <testcase classname="org.elasticsearch.common.util.concurrent.CountDownTest" name="testConcurrent {#60 seed=[A89B4FF56754358E:DA0B9787E32AB480]}" time="0.003"/>
   <testcase classname="org.elasticsearch.common.util.concurrent.CountDownTest" name="testConcurrent {#61 seed=[A89B4FF56754358E:2AF8E002A78738F1]}" time="0.003"/>
   <testcase classname="org.elasticsearch.common.util.concurrent.CountDownTest" name="testConcurrent {#62 seed=[A89B4FF56754358E:1B0B96527F007200]}" time="0.003"/>
   <testcase classname="org.elasticsearch.common.util.concurrent.CountDownTest" name="testConcurrent {#63 seed=[A89B4FF56754358E:8F8A47DA29C5887B]}" time="0.003"/>
   <testcase classname="org.elasticsearch.common.util.concurrent.CountDownTest" name="testConcurrent {#64 seed=[A89B4FF56754358E:C75E151C0B6A9399]}" time="0.003"/>
   <testcase classname="org.elasticsearch.common.util.concurrent.CountDownTest" name="testConcurrent {#65 seed=[A89B4FF56754358E:22361B4BD6667F19]}" time="0.003"/>
   <testcase classname="org.elasticsearch.common.util.concurrent.CountDownTest" name="testConcurrent {#66 seed=[A89B4FF56754358E:1CDD9C12D9739984]}" time="0.003"/>
   <testcase classname="org.elasticsearch.common.util.concurrent.CountDownTest" name="testConcurrent {#67 seed=[A89B4FF56754358E:A1938449D3045566]}" time="0.003"/>
   <testcase classname="org.elasticsearch.common.util.concurrent.CountDownTest" name="testConcurrent {#68 seed=[A89B4FF56754358E:F644DD22DBA1959A]}" time="0.005"/>
   <testcase classname="org.elasticsearch.common.util.concurrent.CountDownTest" name="testConcurrent {#69 seed=[A89B4FF56754358E:8FD0FD28E6EEBACC]}" time="0.005"/>
   <testcase classname="org.elasticsearch.common.util.concurrent.CountDownTest" name="testConcurrent {#70 seed=[A89B4FF56754358E:8EF34EFDC45A836]}" time="0.003"/>
   <testcase classname="org.elasticsearch.common.util.concurrent.CountDownTest" name="testConcurrent {#71 seed=[A89B4FF56754358E:8692BD5F1C6D7AE1]}" time="0.002"/>
   <testcase classname="org.elasticsearch.common.util.concurrent.CountDownTest" name="testConcurrent {#72 seed=[A89B4FF56754358E:3F959F1B5773F0]}" time="0.003"/>
   <testcase classname="org.elasticsearch.common.util.concurrent.CountDownTest" name="testConcurrent {#73 seed=[A89B4FF56754358E:FF74C3916F7CE3EC]}" time="0.004"/>
   <testcase classname="org.elasticsearch.common.util.concurrent.CountDownTest" name="testConcurrent {#74 seed=[A89B4FF56754358E:F55589A73D0ECC16]}" time="0.004"/>
   <testcase classname="org.elasticsearch.common.util.concurrent.CountDownTest" name="testConcurrent {#75 seed=[A89B4FF56754358E:42E28E34CAB466A0]}" time="0.005"/>
   <testcase classname="org.elasticsearch.common.util.concurrent.CountDownTest" name="testConcurrent {#76 seed=[A89B4FF56754358E:10F8F55F9AB5163C]}" time="0.037"/>
   <testcase classname="org.elasticsearch.common.util.concurrent.CountDownTest" name="testConcurrent {#77 seed=[A89B4FF56754358E:A15AB30A2F1F3525]}" time="0.025"/>
   <testcase classname="org.elasticsearch.common.util.concurrent.CountDownTest" name="testConcurrent {#78 seed=[A89B4FF56754358E:63719C1E5E8F03F6]}" time="0.016"/>
   <testcase classname="org.elasticsearch.common.util.concurrent.CountDownTest" name="testConcurrent {#79 seed=[A89B4FF56754358E:B9B6CA21D365657]}" time="0.021"/>
   <testcase classname="org.elasticsearch.common.util.concurrent.CountDownTest" name="testConcurrent {#80 seed=[A89B4FF56754358E:80B0EAAF64B3A710]}" time="0.02"/>
   <testcase classname="org.elasticsearch.common.util.concurrent.CountDownTest" name="testConcurrent {#81 seed=[A89B4FF56754358E:467C193DC816105]}" time="0.005"/>
   <testcase classname="org.elasticsearch.common.util.concurrent.CountDownTest" name="testConcurrent {#82 seed=[A89B4FF56754358E:38C167A1ABD136ED]}" time="0.006"/>
   <testcase classname="org.elasticsearch.common.util.concurrent.CountDownTest" name="testConcurrent {#83 seed=[A89B4FF56754358E:41A3EC5D145DE26B]}" time="0.005"/>
   <testcase classname="org.elasticsearch.common.util.concurrent.CountDownTest" name="testConcurrent {#84 seed=[A89B4FF56754358E:87BB2804BADA63AA]}" time="0.011"/>
   <testcase classname="org.elasticsearch.common.util.concurrent.CountDownTest" name="testConcurrent {#85 seed=[A89B4FF56754358E:8783EB79BE73CE47]}" time="0.007"/>
   <testcase classname="org.elasticsearch.common.util.concurrent.CountDownTest" name="testConcurrent {#86 seed=[A89B4FF56754358E:C528FF5C2F144A10]}" time="0.005"/>
   <testcase classname="org.elasticsearch.common.util.concurrent.CountDownTest" name="testConcurrent {#87 seed=[A89B4FF56754358E:714087102411C099]}" time="0.005"/>
   <testcase classname="org.elasticsearch.common.util.concurrent.CountDownTest" name="testConcurrent {#88 seed=[A89B4FF56754358E:CC525327920B2A5]}" time="0.006"/>
   <testcase classname="org.elasticsearch.common.util.concurrent.CountDownTest" name="testConcurrent {#89 seed=[A89B4FF56754358E:96CCF0D4159E1FCD]}" time="0.006"/>
   <testcase classname="org.elasticsearch.common.util.concurrent.CountDownTest" name="testConcurrent {#90 seed=[A89B4FF56754358E:C3454916B3859349]}" time="0.012"/>
   <testcase classname="org.elasticsearch.common.util.concurrent.CountDownTest" name="testConcurrent {#91 seed=[A89B4FF56754358E:129E2E48BF5A6619]}" time="0.006"/>
   <testcase classname="org.elasticsearch.common.util.concurrent.CountDownTest" name="testConcurrent {#92 seed=[A89B4FF56754358E:A3D40E5A152CC85D]}" time="0.005"/>
   <testcase classname="org.elasticsearch.common.util.concurrent.CountDownTest" name="testConcurrent {#93 seed=[A89B4FF56754358E:1864780E99780DC4]}" time="0.005"/>
   <testcase classname="org.elasticsearch.common.util.concurrent.CountDownTest" name="testConcurrent {#94 seed=[A89B4FF56754358E:DC21DAF83509D26A]}" time="0.005"/>
   <testcase classname="org.elasticsearch.common.util.concurrent.CountDownTest" name="testConcurrent {#95 seed=[A89B4FF56754358E:1A636A261426863A]}" time="0.007"/>
   <testcase classname="org.elasticsearch.common.util.concurrent.CountDownTest" name="testConcurrent {#96 seed=[A89B4FF56754358E:BBF39FD449DA2C2E]}" time="0.008"/>
   <testcase classname="org.elasticsearch.common.util.concurrent.CountDownTest" name="testConcurrent {#97 seed=[A89B4FF56754358E:E0B71FBF45E0F450]}" time="0.008"/>
   <testcase classname="org.elasticsearch.common.util.concurrent.CountDownTest" name="testConcurrent {#98 seed=[A89B4FF56754358E:248A2DD3D5B6EB53]}" time="0.007"/>
   <testcase classname="org.elasticsearch.common.util.concurrent.CountDownTest" name="testConcurrent {#99 seed=[A89B4FF56754358E:EE1E68AAD2F23640]}" time="0.006"/>
   <testcase classname="org.elasticsearch.common.util.concurrent.CountDownTest" name="testConcurrent {#100 seed=[A89B4FF56754358E:6E56EC7B05B57145]}" time="0.006"/>
   <testcase classname="org.elasticsearch.common.util.concurrent.CountDownTest" name="testConcurrent {#101 seed=[A89B4FF56754358E:C0053CD0287F7383]}" time="0.007"/>
   <testcase classname="org.elasticsearch.common.util.concurrent.CountDownTest" name="testConcurrent {#102 seed=[A89B4FF56754358E:4C77BDDF102091A1]}" time="0.008"/>
   <testcase classname="org.elasticsearch.common.util.concurrent.CountDownTest" name="testConcurrent {#103 seed=[A89B4FF56754358E:9B5618C384A9BD20]}" time="0.007"/>
   <testcase classname="org.elasticsearch.common.util.concurrent.CountDownTest" name="testConcurrent {#104 seed=[A89B4FF56754358E:7CBE4EFC93FD71D2]}" time="0.007"/>
   <testcase classname="org.elasticsearch.common.util.concurrent.CountDownTest" name="testConcurrent {#105 seed=[A89B4FF56754358E:8E8036054AA786F5]}" time="0.007"/>
   <testcase classname="org.elasticsearch.common.util.concurrent.CountDownTest" name="testConcurrent {#106 seed=[A89B4FF56754358E:88C012108036922]}" time="0.006"/>
   <testcase classname="org.elasticsearch.common.util.concurrent.CountDownTest" name="testConcurrent {#107 seed=[A89B4FF56754358E:E3363A3E1F044A92]}" time="0.004"/>
   <testcase classname="org.elasticsearch.common.util.concurrent.CountDownTest" name="testConcurrent {#108 seed=[A89B4FF56754358E:5B6D14A9B31F87D4]}" time="0.004"/>
   <testcase classname="org.elasticsearch.common.util.concurrent.CountDownTest" name="testConcurrent {#109 seed=[A89B4FF56754358E:6308809725D732F8]}" time="0.004"/>
   <testcase classname="org.elasticsearch.common.util.concurrent.CountDownTest" name="testConcurrent {#110 seed=[A89B4FF56754358E:E6B4C16BB2DB5B0A]}" time="0.004"/>
   <testcase classname="org.elasticsearch.common.util.concurrent.CountDownTest" name="testConcurrent {#111 seed=[A89B4FF56754358E:D20049B274CE694D]}" time="0.005"/>
   <testcase classname="org.elasticsearch.common.util.concurrent.CountDownTest" name="testConcurrent {#112 seed=[A89B4FF56754358E:F4A9C7F814AAA5BD]}" time="0.004"/>
   <testcase classname="org.elasticsearch.common.util.concurrent.CountDownTest" name="testConcurrent {#113 seed=[A89B4FF56754358E:81D52593EC6E8FB7]}" time="0.004"/>
   <testcase classname="org.elasticsearch.common.util.concurrent.CountDownTest" name="testConcurrent {#114 seed=[A89B4FF56754358E:FA2D24B984BA8BD7]}" time="0.004"/>
   <testcase classname="org.elasticsearch.common.util.concurrent.CountDownTest" name="testConcurrent {#115 seed=[A89B4FF56754358E:9422BD59FE5FA6C4]}" time="0.004"/>
   <testcase classname="org.elasticsearch.common.util.concurrent.CountDownTest" name="testConcurrent {#116 seed=[A89B4FF56754358E:53833742E675E02C]}" time="0.004"/>
   <testcase classname="org.elasticsearch.common.util.concurrent.CountDownTest" name="testConcurrent {#117 seed=[A89B4FF56754358E:8850C0249C4A6350]}" time="0.004"/>
   <testcase classname="org.elasticsearch.common.util.concurrent.CountDownTest" name="testConcurrent {#118 seed=[A89B4FF56754358E:FC03EEB7E64F534C]}" time="0.004"/>
   <testcase classname="org.elasticsearch.common.util.concurrent.CountDownTest" name="testConcurrent {#119 seed=[A89B4FF56754358E:DD62384A2E433199]}" time="0.004"/>
   <testcase classname="org.elasticsearch.common.util.concurrent.CountDownTest" name="testConcurrent {#120 seed=[A89B4FF56754358E:D5BAB24AE198140C]}" time="0.004"/>
   <testcase classname="org.elasticsearch.common.util.concurrent.CountDownTest" name="testConcurrent {#121 seed=[A89B4FF56754358E:BCBD438F10AC0151]}" time="0.005"/>
   <testcase classname="org.elasticsearch.common.util.concurrent.CountDownTest" name="testConcurrent {#122 seed=[A89B4FF56754358E:7344C5409A4F8863]}" time="0.004"/>
   <testcase classname="org.elasticsearch.common.util.concurrent.CountDownTest" name="testConcurrent {#123 seed=[A89B4FF56754358E:F723897F699EAB8F]}" time="0.004"/>
   <testcase classname="org.elasticsearch.common.util.concurrent.CountDownTest" name="testConcurrent {#124 seed=[A89B4FF56754358E:71309D4D1AB186B3]}" time="0.004"/>
   <testcase classname="org.elasticsearch.common.util.concurrent.CountDownTest" name="testConcurrent {#125 seed=[A89B4FF56754358E:FF1A39CA97F0C74]}" time="0.003"/>
   <testcase classname="org.elasticsearch.common.util.concurrent.CountDownTest" name="testConcurrent {#126 seed=[A89B4FF56754358E:683E7E7D7F091BB1]}" time="0.004"/>
   <testcase classname="org.elasticsearch.common.util.concurrent.CountDownTest" name="testConcurrent {#127 seed=[A89B4FF56754358E:2547240BBB61584]}" time="0.004"/>
   <testcase classname="org.elasticsearch.common.util.concurrent.CountDownTest" name="testConcurrent {#128 seed=[A89B4FF56754358E:F9979CE12B63C7C1]}" time="0.005"/>
   <testcase classname="org.elasticsearch.common.util.concurrent.CountDownTest" name="testConcurrent {#129 seed=[A89B4FF56754358E:6C967FF0DBC80BB6]}" time="0.007"/>
   <testcase classname="org.elasticsearch.common.util.concurrent.CountDownTest" name="testConcurrent {#130 seed=[A89B4FF56754358E:AF27A780516A62BB]}" time="0.007"/>
   <testcase classname="org.elasticsearch.common.util.concurrent.CountDownTest" name="testConcurrent {#131 seed=[A89B4FF56754358E:AACE7C773F60DCE3]}" time="0.007"/>
   <testcase classname="org.elasticsearch.common.util.concurrent.CountDownTest" name="testConcurrent {#132 seed=[A89B4FF56754358E:571EBD20CEB6A1CD]}" time="0.004"/>
   <testcase classname="org.elasticsearch.common.util.concurrent.CountDownTest" name="testConcurrent {#133 seed=[A89B4FF56754358E:1D33C4C165353F12]}" time="0.005"/>
   <testcase classname="org.elasticsearch.common.util.concurrent.CountDownTest" name="testConcurrent {#134 seed=[A89B4FF56754358E:826A8DCECCAD3BC0]}" time="0.004"/>
   <testcase classname="org.elasticsearch.common.util.concurrent.CountDownTest" name="testConcurrent {#135 seed=[A89B4FF56754358E:12D38097C6FB0187]}" time="0.004"/>
   <testcase classname="org.elasticsearch.common.util.concurrent.CountDownTest" name="testConcurrent {#136 seed=[A89B4FF56754358E:3C0B3F80D819DB99]}" time="0.003"/>
   <testcase classname="org.elasticsearch.common.util.concurrent.CountDownTest" name="testConcurrent {#137 seed=[A89B4FF56754358E:BA7BAA542F41CA0C]}" time="0.003"/>
   <testcase classname="org.elasticsearch.common.util.concurrent.CountDownTest" name="testConcurrent {#138 seed=[A89B4FF56754358E:935BB157A63D17EB]}" time="0.003"/>
   <testcase classname="org.elasticsearch.common.util.concurrent.CountDownTest" name="testConcurrent {#139 seed=[A89B4FF56754358E:652926610F44BE23]}" time="0.002"/>
   <testcase classname="org.elasticsearch.common.util.concurrent.CountDownTest" name="testConcurrent {#140 seed=[A89B4FF56754358E:85BA1EC65F242C11]}" time="0.003"/>
   <testcase classname="org.elasticsearch.common.util.concurrent.CountDownTest" name="testConcurrent {#141 seed=[A89B4FF56754358E:FBE39F2ED50C4CCA]}" time="0.009"/>
   <testcase classname="org.elasticsearch.common.util.concurrent.CountDownTest" name="testConcurrent {#142 seed=[A89B4FF56754358E:A2DF316542BA97DE]}" time="0.012"/>
   <testcase classname="org.elasticsearch.common.util.concurrent.CountDownTest" name="testConcurrent {#143 seed=[A89B4FF56754358E:F6E0A48AA9968DE2]}" time="0.004"/>
   <testcase classname="org.elasticsearch.common.util.concurrent.CountDownTest" name="testConcurrent {#144 seed=[A89B4FF56754358E:961961E4D000857C]}" time="0.004"/>
   <testcase classname="org.elasticsearch.common.util.concurrent.CountDownTest" name="testConcurrent {#145 seed=[A89B4FF56754358E:32BC3EB77EA626AA]}" time="0.005"/>
   <testcase classname="org.elasticsearch.common.util.concurrent.CountDownTest" name="testConcurrent {#146 seed=[A89B4FF56754358E:691DD03BB89EABA5]}" time="0.003"/>
   <testcase classname="org.elasticsearch.common.util.concurrent.CountDownTest" name="testConcurrent {#147 seed=[A89B4FF56754358E:CFCE099D2ABEB5B5]}" time="0.003"/>
   <testcase classname="org.elasticsearch.common.util.concurrent.CountDownTest" name="testConcurrent {#148 seed=[A89B4FF56754358E:66DF5C8811BAF83E]}" time="0.003"/>
   <testcase classname="org.elasticsearch.common.util.concurrent.CountDownTest" name="testConcurrent {#149 seed=[A89B4FF56754358E:D70340C7E4B3DE76]}" time="0.003"/>
   <testcase classname="org.elasticsearch.common.util.concurrent.CountDownTest" name="testConcurrent {#150 seed=[A89B4FF56754358E:E3967637D0BB735]}" time="0.003"/>
   <testcase classname="org.elasticsearch.common.util.concurrent.CountDownTest" name="testConcurrent {#151 seed=[A89B4FF56754358E:992FC62DF2C71599]}" time="0.004"/>
   <testcase classname="org.elasticsearch.common.util.concurrent.CountDownTest" name="testConcurrent {#152 seed=[A89B4FF56754358E:B58BA165D2CA4E64]}" time="0.004"/>
   <testcase classname="org.elasticsearch.common.util.concurrent.CountDownTest" name="testConcurrent {#153 seed=[A89B4FF56754358E:FD7998764F127D12]}" time="0.004"/>
   <testcase classname="org.elasticsearch.common.util.concurrent.CountDownTest" name="testConcurrent {#154 seed=[A89B4FF56754358E:E84F1D1B26DE103D]}" time="0.003"/>
   <testcase classname="org.elasticsearch.common.util.concurrent.CountDownTest" name="testConcurrent {#155 seed=[A89B4FF56754358E:D9BBFEFAA83849BE]}" time="0.004"/>
   <testcase classname="org.elasticsearch.common.util.concurrent.CountDownTest" name="testConcurrent {#156 seed=[A89B4FF56754358E:6C9D70E345BC6473]}" time="0.004"/>
   <testcase classname="org.elasticsearch.common.util.concurrent.CountDownTest" name="testConcurrent {#157 seed=[A89B4FF56754358E:631CCBF725675676]}" time="0.003"/>
   <testcase classname="org.elasticsearch.common.util.concurrent.CountDownTest" name="testConcurrent {#158 seed=[A89B4FF56754358E:714CA29DA4CCD6B2]}" time="0.003"/>
   <testcase classname="org.elasticsearch.common.util.concurrent.CountDownTest" name="testConcurrent {#159 seed=[A89B4FF56754358E:131A186D4F548AC1]}" time="0.003"/>
   <testcase classname="org.elasticsearch.common.util.concurrent.CountDownTest" name="testConcurrent {#160 seed=[A89B4FF56754358E:8B859EB7A1882C25]}" time="0.004"/>
   <testcase classname="org.elasticsearch.common.util.concurrent.CountDownTest" name="testConcurrent {#161 seed=[A89B4FF56754358E:7BA1553664D3C1DA]}" time="0.004"/>
   <testcase classname="org.elasticsearch.common.util.concurrent.CountDownTest" name="testConcurrent {#162 seed=[A89B4FF56754358E:8333CC215161A278]}" time="0.004"/>
   <testcase classname="org.elasticsearch.common.util.concurrent.CountDownTest" name="testConcurrent {#163 seed=[A89B4FF56754358E:D46F839ABD3A9266]}" time="0.004"/>
   <testcase classname="org.elasticsearch.common.util.concurrent.CountDownTest" name="testConcurrent {#164 seed=[A89B4FF56754358E:DBF8989CAF0201C4]}" time="0.005"/>
   <testcase classname="org.elasticsearch.common.util.concurrent.CountDownTest" name="testConcurrent {#165 seed=[A89B4FF56754358E:3799A62932B3DF98]}" time="0.005"/>
   <testcase classname="org.elasticsearch.common.util.concurrent.CountDownTest" name="testConcurrent {#166 seed=[A89B4FF56754358E:EC40C962A83F679C]}" time="0.004"/>
   <testcase classname="org.elasticsearch.common.util.concurrent.CountDownTest" name="testConcurrent {#167 seed=[A89B4FF56754358E:B74F404C728CC194]}" time="0.004"/>
   <testcase classname="org.elasticsearch.common.util.concurrent.CountDownTest" name="testConcurrent {#168 seed=[A89B4FF56754358E:785141120D3C1F9A]}" time="0.005"/>
   <testcase classname="org.elasticsearch.common.util.concurrent.CountDownTest" name="testConcurrent {#169 seed=[A89B4FF56754358E:AAB797BDF035DF3E]}" time="0.004"/>
   <testcase classname="org.elasticsearch.common.util.concurrent.CountDownTest" name="testConcurrent {#170 seed=[A89B4FF56754358E:7800C7BC147CA727]}" time="0.004"/>
   <testcase classname="org.elasticsearch.common.util.concurrent.CountDownTest" name="testConcurrent {#171 seed=[A89B4FF56754358E:B4BD5FF4F1862C5C]}" time="0.004"/>
   <testcase classname="org.elasticsearch.common.util.concurrent.CountDownTest" name="testConcurrent {#172 seed=[A89B4FF56754358E:DBE483D465E28295]}" time="0.003"/>
   <testcase classname="org.elasticsearch.common.util.concurrent.CountDownTest" name="testConcurrent {#173 seed=[A89B4FF56754358E:C198B9728216A45D]}" time="0.003"/>
   <testcase classname="org.elasticsearch.common.util.concurrent.CountDownTest" name="testConcurrent {#174 seed=[A89B4FF56754358E:2234933B7F6A1C18]}" time="0.004"/>
   <testcase classname="org.elasticsearch.common.util.concurrent.CountDownTest" name="testConcurrent {#175 seed=[A89B4FF56754358E:A285F5F7C533FE01]}" time="0.004"/>
   <testcase classname="org.elasticsearch.common.util.concurrent.CountDownTest" name="testConcurrent {#176 seed=[A89B4FF56754358E:370F4F602D14BDCB]}" time="0.002"/>
   <testcase classname="org.elasticsearch.common.util.concurrent.CountDownTest" name="testConcurrent {#177 seed=[A89B4FF56754358E:31D6EDAFBB2F31CF]}" time="0.002"/>
   <testcase classname="org.elasticsearch.common.util.concurrent.CountDownTest" name="testConcurrent {#178 seed=[A89B4FF56754358E:7B3CE4A3D679ED40]}" time="0.002"/>
   <testcase classname="org.elasticsearch.common.util.concurrent.CountDownTest" name="testConcurrent {#179 seed=[A89B4FF56754358E:9B5402C9A481912A]}" time="0.003"/>
   <testcase classname="org.elasticsearch.common.util.concurrent.CountDownTest" name="testConcurrent {#180 seed=[A89B4FF56754358E:E18404F593973E5D]}" time="0.003"/>
   <testcase classname="org.elasticsearch.common.util.concurrent.CountDownTest" name="testConcurrent {#181 seed=[A89B4FF56754358E:5D58AFB886365020]}" time="0.003"/>
   <testcase classname="org.elasticsearch.common.util.concurrent.CountDownTest" name="testConcurrent {#182 seed=[A89B4FF56754358E:8E174D999C421EB1]}" time="0.003"/>
   <testcase classname="org.elasticsearch.common.util.concurrent.CountDownTest" name="testConcurrent {#183 seed=[A89B4FF56754358E:E154EAB4F9B78958]}" time="0.003"/>
   <testcase classname="org.elasticsearch.common.util.concurrent.CountDownTest" name="testConcurrent {#184 seed=[A89B4FF56754358E:A0638D7D6F9B2B7D]}" time="0.003"/>
   <testcase classname="org.elasticsearch.common.util.concurrent.CountDownTest" name="testConcurrent {#185 seed=[A89B4FF56754358E:54D094374E41A9AB]}" time="0.003"/>
   <testcase classname="org.elasticsearch.common.util.concurrent.CountDownTest" name="testConcurrent {#186 seed=[A89B4FF56754358E:504DF578B2A5C295]}" time="0.002"/>
   <testcase classname="org.elasticsearch.common.util.concurrent.CountDownTest" name="testConcurrent {#187 seed=[A89B4FF56754358E:E818B7AA6656A7C3]}" time="0.003"/>
   <testcase classname="org.elasticsearch.common.util.concurrent.CountDownTest" name="testConcurrent {#188 seed=[A89B4FF56754358E:E9F538EB89D851FA]}" time="0.003"/>
   <testcase classname="org.elasticsearch.common.util.concurrent.CountDownTest" name="testConcurrent {#189 seed=[A89B4FF56754358E:C8B57D2488D722C6]}" time="0.003"/>
   <testcase classname="org.elasticsearch.common.util.concurrent.CountDownTest" name="testConcurrent {#190 seed=[A89B4FF56754358E:544BD9875B10D8D6]}" time="0.003"/>
   <testcase classname="org.elasticsearch.common.util.concurrent.CountDownTest" name="testConcurrent {#191 seed=[A89B4FF56754358E:D738860D94CD370C]}" time="0.004"/>
   <testcase classname="org.elasticsearch.common.util.concurrent.CountDownTest" name="testConcurrent {#192 seed=[A89B4FF56754358E:952A42A3D5C9B57A]}" time="0.004"/>
   <testcase classname="org.elasticsearch.common.util.concurrent.CountDownTest" name="testConcurrent {#193 seed=[A89B4FF56754358E:C19435613C933FEB]}" time="0.003"/>
   <testcase classname="org.elasticsearch.common.util.concurrent.CountDownTest" name="testConcurrent {#194 seed=[A89B4FF56754358E:56EA7424ED9E8AFC]}" time="0.002"/>
   <testcase classname="org.elasticsearch.common.util.concurrent.CountDownTest" name="testConcurrent {#195 seed=[A89B4FF56754358E:733ACFAC11DC64C7]}" time="0.003"/>
   <testcase classname="org.elasticsearch.common.util.concurrent.CountDownTest" name="testConcurrent {#196 seed=[A89B4FF56754358E:EEE0104E550AB4A3]}" time="0.003"/>
   <testcase classname="org.elasticsearch.common.util.concurrent.CountDownTest" name="testConcurrent {#197 seed=[A89B4FF56754358E:B4D00CF8220A21A3]}" time="0.004"/>
   <testcase classname="org.elasticsearch.common.util.concurrent.CountDownTest" name="testConcurrent {#198 seed=[A89B4FF56754358E:53D8865BCF8B00F7]}" time="0.004"/>
   <testcase classname="org.elasticsearch.common.util.concurrent.CountDownTest" name="testConcurrent {#199 seed=[A89B4FF56754358E:D3CB1E7901E084B9]}" time="0.004"/>
   <testcase classname="org.elasticsearch.common.util.concurrent.CountDownTest" name="testConcurrent {#200 seed=[A89B4FF56754358E:48D1A3EFECC998F7]}" time="0.003"/>
   <testcase classname="org.elasticsearch.common.util.concurrent.CountDownTest" name="testConcurrent {#201 seed=[A89B4FF56754358E:A16989D88FA848DF]}" time="0.003"/>
   <testcase classname="org.elasticsearch.common.util.concurrent.CountDownTest" name="testConcurrent {#202 seed=[A89B4FF56754358E:C71C2BA3B5E7D7B]}" time="0.004"/>
   <testcase classname="org.elasticsearch.common.util.concurrent.CountDownTest" name="testConcurrent {#203 seed=[A89B4FF56754358E:CABFFC30E6242EE1]}" time="0.007"/>
   <testcase classname="org.elasticsearch.common.util.concurrent.CountDownTest" name="testConcurrent {#204 seed=[A89B4FF56754358E:F314C4D7B821BB07]}" time="0.004"/>
   <testcase classname="org.elasticsearch.common.util.concurrent.CountDownTest" name="testConcurrent {#205 seed=[A89B4FF56754358E:FDC6C187A224F534]}" time="0.004"/>
   <testcase classname="org.elasticsearch.common.util.concurrent.CountDownTest" name="testConcurrent {#206 seed=[A89B4FF56754358E:BC28666E618C1645]}" time="0.003"/>
   <testcase classname="org.elasticsearch.common.util.concurrent.CountDownTest" name="testConcurrent {#207 seed=[A89B4FF56754358E:92A313F0A0229675]}" time="0.004"/>
   <testcase classname="org.elasticsearch.common.util.concurrent.CountDownTest" name="testConcurrent {#208 seed=[A89B4FF56754358E:7D18D2BFC85583F7]}" time="0.005"/>
   <testcase classname="org.elasticsearch.common.util.concurrent.CountDownTest" name="testConcurrent {#209 seed=[A89B4FF56754358E:BC887D2867853B7F]}" time="0.005"/>
   <testcase classname="org.elasticsearch.common.util.concurrent.CountDownTest" name="testConcurrent {#210 seed=[A89B4FF56754358E:92FC2310FF2C6D96]}" time="0.004"/>
   <testcase classname="org.elasticsearch.common.util.concurrent.CountDownTest" name="testConcurrent {#211 seed=[A89B4FF56754358E:7024E94DFF13FBE7]}" time="0.003"/>
   <testcase classname="org.elasticsearch.common.util.concurrent.CountDownTest" name="testConcurrent {#212 seed=[A89B4FF56754358E:86E4B928F665C800]}" time="0.003"/>
   <testcase classname="org.elasticsearch.common.util.concurrent.CountDownTest" name="testConcurrent {#213 seed=[A89B4FF56754358E:26BD6E2B0E66249A]}" time="0.003"/>
   <testcase classname="org.elasticsearch.common.util.concurrent.CountDownTest" name="testConcurrent {#214 seed=[A89B4FF56754358E:42923F9651EAF721]}" time="0.003"/>
   <testcase classname="org.elasticsearch.common.util.concurrent.CountDownTest" name="testConcurrent {#215 seed=[A89B4FF56754358E:ECC2334C368ACFB3]}" time="0.004"/>
   <testcase classname="org.elasticsearch.common.util.concurrent.CountDownTest" name="testConcurrent {#216 seed=[A89B4FF56754358E:1120728C985F65B6]}" time="0.004"/>
   <testcase classname="org.elasticsearch.common.util.concurrent.CountDownTest" name="testConcurrent {#217 seed=[A89B4FF56754358E:91E96105AE812941]}" time="0.003"/>
   <testcase classname="org.elasticsearch.common.util.concurrent.CountDownTest" name="testConcurrent {#218 seed=[A89B4FF56754358E:42954A27A4710785]}" time="0.003"/>
   <testcase classname="org.elasticsearch.common.util.concurrent.CountDownTest" name="testConcurrent {#219 seed=[A89B4FF56754358E:DB36BF4F96245D3]}" time="0.004"/>
   <testcase classname="org.elasticsearch.common.util.concurrent.CountDownTest" name="testConcurrent {#220 seed=[A89B4FF56754358E:262173C013027E81]}" time="0.003"/>
   <testcase classname="org.elasticsearch.common.util.concurrent.CountDownTest" name="testConcurrent {#221 seed=[A89B4FF56754358E:B47C4DD7FAAF2C0]}" time="0.005"/>
   <testcase classname="org.elasticsearch.common.util.concurrent.CountDownTest" name="testConcurrent {#222 seed=[A89B4FF56754358E:F0A020C6E1EF18D]}" time="0.005"/>
   <testcase classname="org.elasticsearch.common.util.concurrent.CountDownTest" name="testConcurrent {#223 seed=[A89B4FF56754358E:F10165394901B804]}" time="0.003"/>
   <testcase classname="org.elasticsearch.common.util.concurrent.CountDownTest" name="testConcurrent {#224 seed=[A89B4FF56754358E:427B7EB96AC66079]}" time="0.004"/>
   <testcase classname="org.elasticsearch.common.util.concurrent.CountDownTest" name="testConcurrent {#225 seed=[A89B4FF56754358E:177F3B0CCFD2539C]}" time="0.004"/>
   <testcase classname="org.elasticsearch.common.util.concurrent.CountDownTest" name="testConcurrent {#226 seed=[A89B4FF56754358E:6C65BBCFF81DCC18]}" time="0.003"/>
   <testcase classname="org.elasticsearch.common.util.concurrent.CountDownTest" name="testConcurrent {#227 seed=[A89B4FF56754358E:97D71482B405E9A5]}" time="0.002"/>
   <testcase classname="org.elasticsearch.common.util.concurrent.CountDownTest" name="testConcurrent {#228 seed=[A89B4FF56754358E:15FF4C6F3AA0AD6E]}" time="0.002"/>
   <testcase classname="org.elasticsearch.common.util.concurrent.CountDownTest" name="testConcurrent {#229 seed=[A89B4FF56754358E:E7A6E405FBF904A4]}" time="0.002"/>
   <testcase classname="org.elasticsearch.common.util.concurrent.CountDownTest" name="testConcurrent {#230 seed=[A89B4FF56754358E:79C87FAEE47E7444]}" time="0.003"/>
   <testcase classname="org.elasticsearch.common.util.concurrent.CountDownTest" name="testConcurrent {#231 seed=[A89B4FF56754358E:8810961AAA299D0]}" time="0.002"/>
   <testcase classname="org.elasticsearch.common.util.concurrent.CountDownTest" name="testConcurrent {#232 seed=[A89B4FF56754358E:E68B73C166CAFEBD]}" time="0.002"/>
   <testcase classname="org.elasticsearch.common.util.concurrent.CountDownTest" name="testConcurrent {#233 seed=[A89B4FF56754358E:593194A57D0ACBE0]}" time="0.002"/>
   <testcase classname="org.elasticsearch.common.util.concurrent.CountDownTest" name="testConcurrent {#234 seed=[A89B4FF56754358E:5B697151DD67ED8F]}" time="0.002"/>
   <testcase classname="org.elasticsearch.common.util.concurrent.CountDownTest" name="testConcurrent {#235 seed=[A89B4FF56754358E:45A18682F935E74D]}" time="0.003"/>
   <testcase classname="org.elasticsearch.common.util.concurrent.CountDownTest" name="testConcurrent {#236 seed=[A89B4FF56754358E:3300CC37691A45AA]}" time="0.003"/>
   <testcase classname="org.elasticsearch.common.util.concurrent.CountDownTest" name="testConcurrent {#237 seed=[A89B4FF56754358E:134A500E81FC79E]}" time="0.002"/>
   <testcase classname="org.elasticsearch.common.util.concurrent.CountDownTest" name="testConcurrent {#238 seed=[A89B4FF56754358E:F5CF619D7D1483B5]}" time="0.002"/>
   <testcase classname="org.elasticsearch.common.util.concurrent.CountDownTest" name="testConcurrent {#239 seed=[A89B4FF56754358E:570F34C86760D9CC]}" time="0.003"/>
   <testcase classname="org.elasticsearch.common.util.concurrent.CountDownTest" name="testConcurrent {#240 seed=[A89B4FF56754358E:45E559D9C86DADB]}" time="0.002"/>
   <testcase classname="org.elasticsearch.common.util.concurrent.CountDownTest" name="testConcurrent {#241 seed=[A89B4FF56754358E:E2758828138FE3BE]}" time="0.002"/>
   <testcase classname="org.elasticsearch.common.util.concurrent.CountDownTest" name="testConcurrent {#242 seed=[A89B4FF56754358E:A8DE0A7A5F9D1FB2]}" time="0.003"/>
   <testcase classname="org.elasticsearch.common.util.concurrent.CountDownTest" name="testConcurrent {#243 seed=[A89B4FF56754358E:6D772FA7EBB2E387]}" time="0.003"/>
   <testcase classname="org.elasticsearch.common.util.concurrent.CountDownTest" name="testConcurrent {#244 seed=[A89B4FF56754358E:260B0FDCDEDD21C7]}" time="0.003"/>
   <testcase classname="org.elasticsearch.common.util.concurrent.CountDownTest" name="testConcurrent {#245 seed=[A89B4FF56754358E:BE0A807113B8702E]}" time="0.002"/>
   <testcase classname="org.elasticsearch.common.util.concurrent.CountDownTest" name="testConcurrent {#246 seed=[A89B4FF56754358E:3FCA96197CE0E74F]}" time="0.003"/>
   <testcase classname="org.elasticsearch.common.util.concurrent.CountDownTest" name="testConcurrent {#247 seed=[A89B4FF56754358E:F4C90BAB3741FAF6]}" time="0.002"/>
   <testcase classname="org.elasticsearch.common.util.concurrent.CountDownTest" name="testConcurrent {#248 seed=[A89B4FF56754358E:881B7180ADC36F1A]}" time="0.002"/>
   <testcase classname="org.elasticsearch.common.util.concurrent.CountDownTest" name="testConcurrent {#249 seed=[A89B4FF56754358E:DE7FF5444C0D9417]}" time="0.003"/>
   <testcase classname="org.elasticsearch.common.util.concurrent.CountDownTest" name="testConcurrent {#250 seed=[A89B4FF56754358E:939D7DFFB95C427B]}" time="0.002"/>
   <testcase classname="org.elasticsearch.common.util.concurrent.CountDownTest" name="testConcurrent {#251 seed=[A89B4FF56754358E:CDE112A4FEF14D7D]}" time="0.004"/>
   <testcase classname="org.elasticsearch.common.util.concurrent.CountDownTest" name="testConcurrent {#252 seed=[A89B4FF56754358E:4618B3A118BD573E]}" time="0.003"/>
   <testcase classname="org.elasticsearch.common.util.concurrent.CountDownTest" name="testConcurrent {#253 seed=[A89B4FF56754358E:91DBC4F99CC39E5D]}" time="0.003"/>
   <testcase classname="org.elasticsearch.common.util.concurrent.CountDownTest" name="testConcurrent {#254 seed=[A89B4FF56754358E:80DEAFDA98CA4955]}" time="0.003"/>
   <testcase classname="org.elasticsearch.common.util.concurrent.CountDownTest" name="testConcurrent {#255 seed=[A89B4FF56754358E:9AE86249BDDBD60F]}" time="0.004"/>
   <testcase classname="org.elasticsearch.common.util.concurrent.CountDownTest" name="testConcurrent {#256 seed=[A89B4FF56754358E:5D53011C2C64D41C]}" time="0.003"/>
   <testcase classname="org.elasticsearch.common.util.concurrent.CountDownTest" name="testConcurrent {#257 seed=[A89B4FF56754358E:A8F2FD76F47412D6]}" time="0.004"/>
   <testcase classname="org.elasticsearch.common.util.concurrent.CountDownTest" name="testConcurrent {#258 seed=[A89B4FF56754358E:335248FB6F320B11]}" time="0.003"/>
   <testcase classname="org.elasticsearch.common.util.concurrent.CountDownTest" name="testConcurrent {#259 seed=[A89B4FF56754358E:FF8C6666FD270DC4]}" time="0.003"/>
   <testcase classname="org.elasticsearch.common.util.concurrent.CountDownTest" name="testConcurrent {#260 seed=[A89B4FF56754358E:CAB31859C537A92A]}" time="0.002"/>
   <testcase classname="org.elasticsearch.common.util.concurrent.CountDownTest" name="testConcurrent {#261 seed=[A89B4FF56754358E:5E5593F1AC3AE901]}" time="0.002"/>
   <testcase classname="org.elasticsearch.common.util.concurrent.CountDownTest" name="testConcurrent {#262 seed=[A89B4FF56754358E:D978AFB5152ED59A]}" time="0.003"/>
   <testcase classname="org.elasticsearch.common.util.concurrent.CountDownTest" name="testConcurrent {#263 seed=[A89B4FF56754358E:D8F730264947CC60]}" time="0.004"/>
   <testcase classname="org.elasticsearch.common.util.concurrent.CountDownTest" name="testConcurrent {#264 seed=[A89B4FF56754358E:45C73128450D21DE]}" time="0.004"/>
   <testcase classname="org.elasticsearch.common.util.concurrent.CountDownTest" name="testConcurrent {#265 seed=[A89B4FF56754358E:4AAFB8781D1972F9]}" time="0.003"/>
   <testcase classname="org.elasticsearch.common.util.concurrent.CountDownTest" name="testConcurrent {#266 seed=[A89B4FF56754358E:B0103E6922CCE220]}" time="0.004"/>
   <testcase classname="org.elasticsearch.common.util.concurrent.CountDownTest" name="testConcurrent {#267 seed=[A89B4FF56754358E:1BAD2817F58CD654]}" time="0.003"/>
   <testcase classname="org.elasticsearch.common.util.concurrent.CountDownTest" name="testConcurrent {#268 seed=[A89B4FF56754358E:8F2964F6F1390FC5]}" time="0.003"/>
   <testcase classname="org.elasticsearch.common.util.concurrent.CountDownTest" name="testConcurrent {#269 seed=[A89B4FF56754358E:B801EA9F035A515E]}" time="0.004"/>
   <testcase classname="org.elasticsearch.common.util.concurrent.CountDownTest" name="testConcurrent {#270 seed=[A89B4FF56754358E:AFDB4A296555617C]}" time="0.004"/>
   <testcase classname="org.elasticsearch.common.util.concurrent.CountDownTest" name="testConcurrent {#271 seed=[A89B4FF56754358E:9B847A41F07B1A5B]}" time="0.003"/>
   <testcase classname="org.elasticsearch.common.util.concurrent.CountDownTest" name="testConcurrent {#272 seed=[A89B4FF56754358E:D46DC85B4B932B6F]}" time="0.004"/>
   <testcase classname="org.elasticsearch.common.util.concurrent.CountDownTest" name="testConcurrent {#273 seed=[A89B4FF56754358E:E34588CE705D6D5A]}" time="0.004"/>
   <testcase classname="org.elasticsearch.common.util.concurrent.CountDownTest" name="testConcurrent {#274 seed=[A89B4FF56754358E:DF0B1FA226E0F66D]}" time="0.003"/>
   <testcase classname="org.elasticsearch.common.util.concurrent.CountDownTest" name="testConcurrent {#275 seed=[A89B4FF56754358E:ECEB539EF9E423D5]}" time="0.004"/>
   <testcase classname="org.elasticsearch.common.util.concurrent.CountDownTest" name="testConcurrent {#276 seed=[A89B4FF56754358E:8190537814FEC49F]}" time="0.003"/>
   <testcase classname="org.elasticsearch.common.util.concurrent.CountDownTest" name="testConcurrent {#277 seed=[A89B4FF56754358E:A3FCAE6E157EE0E7]}" time="0.003"/>
   <testcase classname="org.elasticsearch.common.util.concurrent.CountDownTest" name="testConcurrent {#278 seed=[A89B4FF56754358E:257DBDAABB09EF5C]}" time="0.004"/>
   <testcase classname="org.elasticsearch.common.util.concurrent.CountDownTest" name="testConcurrent {#279 seed=[A89B4FF56754358E:F12A72AB3174A463]}" time="0.004"/>
   <testcase classname="org.elasticsearch.common.util.concurrent.CountDownTest" name="testConcurrent {#280 seed=[A89B4FF56754358E:645FAC945BCEC38D]}" time="0.004"/>
   <testcase classname="org.elasticsearch.common.util.concurrent.CountDownTest" name="testConcurrent {#281 seed=[A89B4FF56754358E:4A10DA82D1535E5D]}" time="0.004"/>
   <testcase classname="org.elasticsearch.common.util.concurrent.CountDownTest" name="testConcurrent {#282 seed=[A89B4FF56754358E:154A43B8DD5D74E1]}" time="0.004"/>
   <testcase classname="org.elasticsearch.common.util.concurrent.CountDownTest" name="testConcurrent {#283 seed=[A89B4FF56754358E:D4731E84D9EB616]}" time="0.004"/>
   <testcase classname="org.elasticsearch.common.util.concurrent.CountDownTest" name="testConcurrent {#284 seed=[A89B4FF56754358E:831366052C40DE99]}" time="0.004"/>
   <testcase classname="org.elasticsearch.common.util.concurrent.CountDownTest" name="testConcurrent {#285 seed=[A89B4FF56754358E:8A0B4407DF2A204B]}" time="0.005"/>
   <testcase classname="org.elasticsearch.common.util.concurrent.CountDownTest" name="testConcurrent {#286 seed=[A89B4FF56754358E:3B744C70FE50A929]}" time="0.005"/>
   <testcase classname="org.elasticsearch.common.util.concurrent.CountDownTest" name="testConcurrent {#287 seed=[A89B4FF56754358E:21AA1BE59065DD8C]}" time="0.006"/>
   <testcase classname="org.elasticsearch.common.util.concurrent.CountDownTest" name="testConcurrent {#288 seed=[A89B4FF56754358E:7D87C50443DB21DD]}" time="0.004"/>
   <testcase classname="org.elasticsearch.common.util.concurrent.CountDownTest" name="testConcurrent {#289 seed=[A89B4FF56754358E:2DCE37556B6B6F1E]}" time="0.004"/>
   <testcase classname="org.elasticsearch.common.util.concurrent.CountDownTest" name="testConcurrent {#290 seed=[A89B4FF56754358E:CE536C3722C97EDE]}" time="0.004"/>
   <testcase classname="org.elasticsearch.common.util.concurrent.CountDownTest" name="testConcurrent {#291 seed=[A89B4FF56754358E:186B8C060A438B49]}" time="0.004"/>
   <testcase classname="org.elasticsearch.common.util.concurrent.CountDownTest" name="testConcurrent {#292 seed=[A89B4FF56754358E:1D13113F81BE5FEC]}" time="0.003"/>
   <testcase classname="org.elasticsearch.common.util.concurrent.CountDownTest" name="testConcurrent {#293 seed=[A89B4FF56754358E:5A0AD1AAE919EB95]}" time="0.004"/>
   <testcase classname="org.elasticsearch.common.util.concurrent.CountDownTest" name="testConcurrent {#294 seed=[A89B4FF56754358E:E8B783E37EFBF808]}" time="0.004"/>
   <testcase classname="org.elasticsearch.common.util.concurrent.CountDownTest" name="testConcurrent {#295 seed=[A89B4FF56754358E:6902B1D61663E9AD]}" time="0.004"/>
   <testcase classname="org.elasticsearch.common.util.concurrent.CountDownTest" name="testConcurrent {#296 seed=[A89B4FF56754358E:1B123C4BCE40E1D2]}" time="0.004"/>
   <testcase classname="org.elasticsearch.common.util.concurrent.CountDownTest" name="testConcurrent {#297 seed=[A89B4FF56754358E:52D751C747AE44CF]}" time="0.004"/>
   <testcase classname="org.elasticsearch.common.util.concurrent.CountDownTest" name="testConcurrent {#298 seed=[A89B4FF56754358E:FF8A04CAEAB64DE8]}" time="0.003"/>
   <testcase classname="org.elasticsearch.common.util.concurrent.CountDownTest" name="testConcurrent {#299 seed=[A89B4FF56754358E:34D51D05A3366310]}" time="0.004"/>
   <testcase classname="org.elasticsearch.common.util.concurrent.CountDownTest" name="testConcurrent {#300 seed=[A89B4FF56754358E:4DC7D20215D68BAA]}" time="0.003"/>
   <testcase classname="org.elasticsearch.common.util.concurrent.CountDownTest" name="testConcurrent {#301 seed=[A89B4FF56754358E:F2F870FBE77818C5]}" time="0.003"/>
   <testcase classname="org.elasticsearch.common.util.concurrent.CountDownTest" name="testConcurrent {#302 seed=[A89B4FF56754358E:B839C3418D204B4E]}" time="0.003"/>
   <testcase classname="org.elasticsearch.common.util.concurrent.CountDownTest" name="testConcurrent {#303 seed=[A89B4FF56754358E:230B680C1465FB67]}" time="0.004"/>
   <testcase classname="org.elasticsearch.common.util.concurrent.CountDownTest" name="testConcurrent {#304 seed=[A89B4FF56754358E:E179D1BDF2C6B4]}" time="0.004"/>
   <testcase classname="org.elasticsearch.common.util.concurrent.CountDownTest" name="testConcurrent {#305 seed=[A89B4FF56754358E:A8A3D48331EE9276]}" time="0.003"/>
   <testcase classname="org.elasticsearch.common.util.concurrent.CountDownTest" name="testConcurrent {#306 seed=[A89B4FF56754358E:708D67B2F686967B]}" time="0.003"/>
   <testcase classname="org.elasticsearch.common.util.concurrent.CountDownTest" name="testConcurrent {#307 seed=[A89B4FF56754358E:16F1852D4AB51AFB]}" time="0.003"/>
   <testcase classname="org.elasticsearch.common.util.concurrent.CountDownTest" name="testConcurrent {#308 seed=[A89B4FF56754358E:467A72FD2B5343EE]}" time="0.003"/>
   <testcase classname="org.elasticsearch.common.util.concurrent.CountDownTest" name="testConcurrent {#309 seed=[A89B4FF56754358E:4627BBE92A6E4497]}" time="0.003"/>
   <testcase classname="org.elasticsearch.common.util.concurrent.CountDownTest" name="testConcurrent {#310 seed=[A89B4FF56754358E:1D8B46EF2A938901]}" time="0.004"/>
   <testcase classname="org.elasticsearch.common.util.concurrent.CountDownTest" name="testConcurrent {#311 seed=[A89B4FF56754358E:3A9B73D7FDC45A62]}" time="0.003"/>
   <testcase classname="org.elasticsearch.common.util.concurrent.CountDownTest" name="testConcurrent {#312 seed=[A89B4FF56754358E:3340A90053D8AB74]}" time="0.003"/>
   <testcase classname="org.elasticsearch.common.util.concurrent.CountDownTest" name="testConcurrent {#313 seed=[A89B4FF56754358E:7055670446CE0C2D]}" time="0.004"/>
   <testcase classname="org.elasticsearch.common.util.concurrent.CountDownTest" name="testConcurrent {#314 seed=[A89B4FF56754358E:424DE0E7A569D099]}" time="0.003"/>
   <testcase classname="org.elasticsearch.common.util.concurrent.CountDownTest" name="testConcurrent {#315 seed=[A89B4FF56754358E:DF7B9C2005946125]}" time="0.002"/>
   <testcase classname="org.elasticsearch.common.util.concurrent.CountDownTest" name="testConcurrent {#316 seed=[A89B4FF56754358E:88637BE1D179F5F8]}" time="0.003"/>
   <testcase classname="org.elasticsearch.common.util.concurrent.CountDownTest" name="testConcurrent {#317 seed=[A89B4FF56754358E:28FA821E5BD475D4]}" time="0.003"/>
   <testcase classname="org.elasticsearch.common.util.concurrent.CountDownTest" name="testConcurrent {#318 seed=[A89B4FF56754358E:CDC067C146CE79FE]}" time="0.003"/>
   <testcase classname="org.elasticsearch.common.util.concurrent.CountDownTest" name="testConcurrent {#319 seed=[A89B4FF56754358E:59F4A3C9A50CD355]}" time="0.002"/>
   <testcase classname="org.elasticsearch.common.util.concurrent.CountDownTest" name="testConcurrent {#320 seed=[A89B4FF56754358E:9CF572362B723817]}" time="0.002"/>
   <testcase classname="org.elasticsearch.common.util.concurrent.CountDownTest" name="testConcurrent {#321 seed=[A89B4FF56754358E:58F333A4842BF555]}" time="0.003"/>
   <testcase classname="org.elasticsearch.common.util.concurrent.CountDownTest" name="testConcurrent {#322 seed=[A89B4FF56754358E:7B3EE1332204E1EB]}" time="0.002"/>
   <testcase classname="org.elasticsearch.common.util.concurrent.CountDownTest" name="testConcurrent {#323 seed=[A89B4FF56754358E:FFD6C0C67C202B3E]}" time="0.002"/>
   <testcase classname="org.elasticsearch.common.util.concurrent.CountDownTest" name="testConcurrent {#324 seed=[A89B4FF56754358E:829BE39BCD203EED]}" time="0.003"/>
   <testcase classname="org.elasticsearch.common.util.concurrent.CountDownTest" name="testConcurrent {#325 seed=[A89B4FF56754358E:6E7B64571B6E66B8]}" time="0.003"/>
   <testcase classname="org.elasticsearch.common.util.concurrent.CountDownTest" name="testConcurrent {#326 seed=[A89B4FF56754358E:2323502F121648B1]}" time="0.002"/>
   <testcase classname="org.elasticsearch.common.util.concurrent.CountDownTest" name="testConcurrent {#327 seed=[A89B4FF56754358E:A9BD92C334E34738]}" time="0.002"/>
   <testcase classname="org.elasticsearch.common.util.concurrent.CountDownTest" name="testConcurrent {#328 seed=[A89B4FF56754358E:10357A53207B61CD]}" time="0.003"/>
   <testcase classname="org.elasticsearch.common.util.concurrent.CountDownTest" name="testConcurrent {#329 seed=[A89B4FF56754358E:A0CD9E113F2A5677]}" time="0.002"/>
   <testcase classname="org.elasticsearch.common.util.concurrent.CountDownTest" name="testConcurrent {#330 seed=[A89B4FF56754358E:D81CBD5ABEEB33F6]}" time="0.002"/>
   <testcase classname="org.elasticsearch.common.util.concurrent.CountDownTest" name="testConcurrent {#331 seed=[A89B4FF56754358E:C729C2883AEC5CDC]}" time="0.003"/>
   <testcase classname="org.elasticsearch.common.util.concurrent.CountDownTest" name="testConcurrent {#332 seed=[A89B4FF56754358E:138903ADE2E1D5CB]}" time="0.002"/>
   <testcase classname="org.elasticsearch.common.util.concurrent.CountDownTest" name="testConcurrent {#333 seed=[A89B4FF56754358E:848A7CC51A45FC80]}" time="0.002"/>
   <testcase classname="org.elasticsearch.common.util.concurrent.CountDownTest" name="testConcurrent {#334 seed=[A89B4FF56754358E:D9887180BD89A387]}" time="0.003"/>
   <testcase classname="org.elasticsearch.common.util.concurrent.CountDownTest" name="testConcurrent {#335 seed=[A89B4FF56754358E:2112AD02909D3A1D]}" time="0.003"/>
   <testcase classname="org.elasticsearch.common.util.concurrent.CountDownTest" name="testConcurrent {#336 seed=[A89B4FF56754358E:3B6C74CCBCF9F7EF]}" time="0.002"/>
   <testcase classname="org.elasticsearch.common.util.concurrent.CountDownTest" name="testConcurrent {#337 seed=[A89B4FF56754358E:8B09CD19248A82BA]}" time="0.002"/>
   <testcase classname="org.elasticsearch.common.util.concurrent.CountDownTest" name="testConcurrent {#338 seed=[A89B4FF56754358E:74A2B296C08A5BA8]}" time="0.002"/>
   <testcase classname="org.elasticsearch.common.util.concurrent.CountDownTest" name="testConcurrent {#339 seed=[A89B4FF56754358E:F844157286627FB]}" time="0.004"/>
   <testcase classname="org.elasticsearch.common.util.concurrent.CountDownTest" name="testConcurrent {#340 seed=[A89B4FF56754358E:11B31293D8276BBC]}" time="0.003"/>
   <testcase classname="org.elasticsearch.common.util.concurrent.CountDownTest" name="testConcurrent {#341 seed=[A89B4FF56754358E:8491EDA357D93DFB]}" time="0.003"/>
   <testcase classname="org.elasticsearch.common.util.concurrent.CountDownTest" name="testConcurrent {#342 seed=[A89B4FF56754358E:B8DFC2E481C9B61D]}" time="0.003"/>
   <testcase classname="org.elasticsearch.common.util.concurrent.CountDownTest" name="testConcurrent {#343 seed=[A89B4FF56754358E:B9110C67C8FCD507]}" time="0.004"/>
   <testcase classname="org.elasticsearch.common.util.concurrent.CountDownTest" name="testConcurrent {#344 seed=[A89B4FF56754358E:F0C2F670EF57AED9]}" time="0.005"/>
   <testcase classname="org.elasticsearch.common.util.concurrent.CountDownTest" name="testConcurrent {#345 seed=[A89B4FF56754358E:AF4466924FD82657]}" time="0.003"/>
   <testcase classname="org.elasticsearch.common.util.concurrent.CountDownTest" name="testConcurrent {#346 seed=[A89B4FF56754358E:EC1A638E35AF7B2C]}" time="0.002"/>
   <testcase classname="org.elasticsearch.common.util.concurrent.CountDownTest" name="testConcurrent {#347 seed=[A89B4FF56754358E:75B4062645ACCF9]}" time="0.003"/>
   <testcase classname="org.elasticsearch.common.util.concurrent.CountDownTest" name="testConcurrent {#348 seed=[A89B4FF56754358E:AF22973F0366CB32]}" time="0.003"/>
   <testcase classname="org.elasticsearch.common.util.concurrent.CountDownTest" name="testConcurrent {#349 seed=[A89B4FF56754358E:C7B474C61DDB4D51]}" time="0.003"/>
   <testcase classname="org.elasticsearch.common.util.concurrent.CountDownTest" name="testConcurrent {#350 seed=[A89B4FF56754358E:848EEEEADAB61582]}" time="0.003"/>
   <testcase classname="org.elasticsearch.common.util.concurrent.CountDownTest" name="testConcurrent {#351 seed=[A89B4FF56754358E:A9FB270CFD0A5C2A]}" time="0.003"/>
   <testcase classname="org.elasticsearch.common.util.concurrent.CountDownTest" name="testConcurrent {#352 seed=[A89B4FF56754358E:BFB2221B85E416F4]}" time="0.003"/>
   <testcase classname="org.elasticsearch.common.util.concurrent.CountDownTest" name="testConcurrent {#353 seed=[A89B4FF56754358E:C4DAC4B890F30B7A]}" time="0.003"/>
   <testcase classname="org.elasticsearch.common.util.concurrent.CountDownTest" name="testConcurrent {#354 seed=[A89B4FF56754358E:A2E0DEBA9CDFB2EE]}" time="0.002"/>
   <testcase classname="org.elasticsearch.common.util.concurrent.CountDownTest" name="testConcurrent {#355 seed=[A89B4FF56754358E:3F21560ED8133E07]}" time="0.003"/>
   <testcase classname="org.elasticsearch.common.util.concurrent.CountDownTest" name="testConcurrent {#356 seed=[A89B4FF56754358E:17DCCC83563A6BC4]}" time="0.003"/>
   <testcase classname="org.elasticsearch.common.util.concurrent.CountDownTest" name="testConcurrent {#357 seed=[A89B4FF56754358E:FF2B7C627CFC831C]}" time="0.003"/>
   <testcase classname="org.elasticsearch.common.util.concurrent.CountDownTest" name="testConcurrent {#358 seed=[A89B4FF56754358E:BC54BA9A21E03A21]}" time="0.003"/>
   <testcase classname="org.elasticsearch.common.util.concurrent.CountDownTest" name="testConcurrent {#359 seed=[A89B4FF56754358E:3A490DA98EB82D63]}" time="0.003"/>
   <testcase classname="org.elasticsearch.common.util.concurrent.CountDownTest" name="testConcurrent {#360 seed=[A89B4FF56754358E:68F4BEB25F4D60E7]}" time="0.003"/>
   <testcase classname="org.elasticsearch.common.util.concurrent.CountDownTest" name="testConcurrent {#361 seed=[A89B4FF56754358E:FA26E64618B5D302]}" time="0.003"/>
   <testcase classname="org.elasticsearch.common.util.concurrent.CountDownTest" name="testConcurrent {#362 seed=[A89B4FF56754358E:304B1437E48CC213]}" time="0.003"/>
   <testcase classname="org.elasticsearch.common.util.concurrent.CountDownTest" name="testConcurrent {#363 seed=[A89B4FF56754358E:CEA4D536C97E02B0]}" time="0.003"/>
   <testcase classname="org.elasticsearch.common.util.concurrent.CountDownTest" name="testConcurrent {#364 seed=[A89B4FF56754358E:8854E42D5F24451C]}" time="0.003"/>
   <testcase classname="org.elasticsearch.common.util.concurrent.CountDownTest" name="testConcurrent {#365 seed=[A89B4FF56754358E:B7087DD435B6C21F]}" time="0.003"/>
   <testcase classname="org.elasticsearch.common.util.concurrent.CountDownTest" name="testConcurrent {#366 seed=[A89B4FF56754358E:4EDD9E6298C870C5]}" time="0.003"/>
   <testcase classname="org.elasticsearch.common.util.concurrent.CountDownTest" name="testConcurrent {#367 seed=[A89B4FF56754358E:E838424D8A59FB09]}" time="0.004"/>
   <testcase classname="org.elasticsearch.common.util.concurrent.CountDownTest" name="testConcurrent {#368 seed=[A89B4FF56754358E:CB3B6413B7552E7F]}" time="0.003"/>
   <testcase classname="org.elasticsearch.common.util.concurrent.CountDownTest" name="testConcurrent {#369 seed=[A89B4FF56754358E:42AD86CCD046C22F]}" time="0.002"/>
   <testcase classname="org.elasticsearch.common.util.concurrent.CountDownTest" name="testConcurrent {#370 seed=[A89B4FF56754358E:23C57368742C3924]}" time="0.003"/>
   <testcase classname="org.elasticsearch.common.util.concurrent.CountDownTest" name="testConcurrent {#371 seed=[A89B4FF56754358E:114652B8C16C8DFF]}" time="0.004"/>
   <testcase classname="org.elasticsearch.common.util.concurrent.CountDownTest" name="testConcurrent {#372 seed=[A89B4FF56754358E:3665A1B783A9E779]}" time="0.003"/>
   <testcase classname="org.elasticsearch.common.util.concurrent.CountDownTest" name="testConcurrent {#373 seed=[A89B4FF56754358E:B6D008D4B4CA0817]}" time="0.002"/>
   <testcase classname="org.elasticsearch.common.util.concurrent.CountDownTest" name="testConcurrent {#374 seed=[A89B4FF56754358E:47CB245AAACD2DF1]}" time="0.002"/>
   <testcase classname="org.elasticsearch.common.util.concurrent.CountDownTest" name="testConcurrent {#375 seed=[A89B4FF56754358E:1A223C70374C25BF]}" time="0.003"/>
   <testcase classname="org.elasticsearch.common.util.concurrent.CountDownTest" name="testConcurrent {#376 seed=[A89B4FF56754358E:4AD330E7F2B1449D]}" time="0.003"/>
   <testcase classname="org.elasticsearch.common.util.concurrent.CountDownTest" name="testConcurrent {#377 seed=[A89B4FF56754358E:B56178613A526E21]}" time="0.002"/>
   <testcase classname="org.elasticsearch.common.util.concurrent.CountDownTest" name="testConcurrent {#378 seed=[A89B4FF56754358E:853BB79F0AFA2E4]}" time="0.002"/>
   <testcase classname="org.elasticsearch.common.util.concurrent.CountDownTest" name="testConcurrent {#379 seed=[A89B4FF56754358E:81270BF553AD8CE1]}" time="0.003"/>
   <testcase classname="org.elasticsearch.common.util.concurrent.CountDownTest" name="testConcurrent {#380 seed=[A89B4FF56754358E:31AEF23ED72056C5]}" time="0.002"/>
   <testcase classname="org.elasticsearch.common.util.concurrent.CountDownTest" name="testConcurrent {#381 seed=[A89B4FF56754358E:A5A5D29F7D59AECA]}" time="0.002"/>
   <testcase classname="org.elasticsearch.common.util.concurrent.CountDownTest" name="testConcurrent {#382 seed=[A89B4FF56754358E:37484D2BC89B8971]}" time="0.002"/>
   <testcase classname="org.elasticsearch.common.util.concurrent.CountDownTest" name="testConcurrent {#383 seed=[A89B4FF56754358E:CBF6ADDD60F9B111]}" time="0.002"/>
   <testcase classname="org.elasticsearch.common.util.concurrent.CountDownTest" name="testConcurrent {#384 seed=[A89B4FF56754358E:B36DC4774A928D9D]}" time="0.002"/>
   <testcase classname="org.elasticsearch.common.util.concurrent.CountDownTest" name="testConcurrent {#385 seed=[A89B4FF56754358E:DDE649688B6C3054]}" time="0.002"/>
   <testcase classname="org.elasticsearch.common.util.concurrent.CountDownTest" name="testConcurrent {#386 seed=[A89B4FF56754358E:DF2065F4073113C3]}" time="0.003"/>
   <testcase classname="org.elasticsearch.common.util.concurrent.CountDownTest" name="testConcurrent {#387 seed=[A89B4FF56754358E:D50B2A6E02BB6AF1]}" time="0.004"/>
   <testcase classname="org.elasticsearch.common.util.concurrent.CountDownTest" name="testConcurrent {#388 seed=[A89B4FF56754358E:83CE37BBFD24B22]}" time="0.002"/>
   <testcase classname="org.elasticsearch.common.util.concurrent.CountDownTest" name="testConcurrent {#389 seed=[A89B4FF56754358E:101A9C29627282A0]}" time="0.002"/>
   <testcase classname="org.elasticsearch.common.util.concurrent.CountDownTest" name="testConcurrent {#390 seed=[A89B4FF56754358E:349A186A4ADC59B0]}" time="0.002"/>
   <testcase classname="org.elasticsearch.common.util.concurrent.CountDownTest" name="testConcurrent {#391 seed=[A89B4FF56754358E:E76C810C8F17A10C]}" time="0.003"/>
   <testcase classname="org.elasticsearch.common.util.concurrent.CountDownTest" name="testConcurrent {#392 seed=[A89B4FF56754358E:18089BAE40E79F7C]}" time="0.002"/>
   <testcase classname="org.elasticsearch.common.util.concurrent.CountDownTest" name="testConcurrent {#393 seed=[A89B4FF56754358E:3485B79A0623BF85]}" time="0.002"/>
   <testcase classname="org.elasticsearch.common.util.concurrent.CountDownTest" name="testConcurrent {#394 seed=[A89B4FF56754358E:B5A892C2EA075540]}" time="0.003"/>
   <testcase classname="org.elasticsearch.common.util.concurrent.CountDownTest" name="testConcurrent {#395 seed=[A89B4FF56754358E:E6FCA2E491D74C0C]}" time="0.002"/>
   <testcase classname="org.elasticsearch.common.util.concurrent.CountDownTest" name="testConcurrent {#396 seed=[A89B4FF56754358E:F3C78789BD3617F3]}" time="0.002"/>
   <testcase classname="org.elasticsearch.common.util.concurrent.CountDownTest" name="testConcurrent {#397 seed=[A89B4FF56754358E:DADB6952B0520DB5]}" time="0.003"/>
   <testcase classname="org.elasticsearch.common.util.concurrent.CountDownTest" name="testConcurrent {#398 seed=[A89B4FF56754358E:F3FEB7C4AED63F4F]}" time="0.002"/>
   <testcase classname="org.elasticsearch.common.util.concurrent.CountDownTest" name="testConcurrent {#399 seed=[A89B4FF56754358E:4AED8AFC51D0079C]}" time="0.002"/>
   <testcase classname="org.elasticsearch.common.util.concurrent.CountDownTest" name="testConcurrent {#400 seed=[A89B4FF56754358E:CDA9BF11F085362B]}" time="0.002"/>
   <testcase classname="org.elasticsearch.common.util.concurrent.CountDownTest" name="testConcurrent {#401 seed=[A89B4FF56754358E:A9B67EF16ABDDAA8]}" time="0.003"/>
   <testcase classname="org.elasticsearch.common.util.concurrent.CountDownTest" name="testConcurrent {#402 seed=[A89B4FF56754358E:9F398C833AA2B408]}" time="0.002"/>
   <testcase classname="org.elasticsearch.common.util.concurrent.CountDownTest" name="testConcurrent {#403 seed=[A89B4FF56754358E:BA4AEBACCBA0AEB]}" time="0.002"/>
   <testcase classname="org.elasticsearch.common.util.concurrent.CountDownTest" name="testConcurrent {#404 seed=[A89B4FF56754358E:46E87E46099E2D4C]}" time="0.002"/>
   <testcase classname="org.elasticsearch.common.util.concurrent.CountDownTest" name="testConcurrent {#405 seed=[A89B4FF56754358E:C39BA8964CA6880F]}" time="0.003"/>
   <testcase classname="org.elasticsearch.common.util.concurrent.CountDownTest" name="testConcurrent {#406 seed=[A89B4FF56754358E:C195F3536E26035C]}" time="0.003"/>
   <testcase classname="org.elasticsearch.common.util.concurrent.CountDownTest" name="testConcurrent {#407 seed=[A89B4FF56754358E:A49A037895301126]}" time="0.003"/>
   <testcase classname="org.elasticsearch.common.util.concurrent.CountDownTest" name="testConcurrent {#408 seed=[A89B4FF56754358E:342E02819A5B88DB]}" time="0.003"/>
   <testcase classname="org.elasticsearch.common.util.concurrent.CountDownTest" name="testConcurrent {#409 seed=[A89B4FF56754358E:1B9E872CE98B6C2E]}" time="0.003"/>
   <testcase classname="org.elasticsearch.common.util.concurrent.CountDownTest" name="testConcurrent {#410 seed=[A89B4FF56754358E:27C27C217C753EE1]}" time="0.002"/>
   <testcase classname="org.elasticsearch.common.util.concurrent.CountDownTest" name="testConcurrent {#411 seed=[A89B4FF56754358E:FD2F6F1FD6F01DA1]}" time="0.002"/>
   <testcase classname="org.elasticsearch.common.util.concurrent.CountDownTest" name="testConcurrent {#412 seed=[A89B4FF56754358E:E1698DEC2219CBE2]}" time="0.002"/>
   <testcase classname="org.elasticsearch.common.util.concurrent.CountDownTest" name="testConcurrent {#413 seed=[A89B4FF56754358E:83DF58603C0994AF]}" time="0.003"/>
   <testcase classname="org.elasticsearch.common.util.concurrent.CountDownTest" name="testConcurrent {#414 seed=[A89B4FF56754358E:BC7F66D1A144CB82]}" time="0.003"/>
   <testcase classname="org.elasticsearch.common.util.concurrent.CountDownTest" name="testConcurrent {#415 seed=[A89B4FF56754358E:72E07A3641E47EFE]}" time="0.003"/>
   <testcase classname="org.elasticsearch.common.util.concurrent.CountDownTest" name="testConcurrent {#416 seed=[A89B4FF56754358E:6308E44FF1AAE087]}" time="0.002"/>
   <testcase classname="org.elasticsearch.common.util.concurrent.CountDownTest" name="testConcurrent {#417 seed=[A89B4FF56754358E:1C7F93117AC07BBB]}" time="0.002"/>
   <testcase classname="org.elasticsearch.common.util.concurrent.CountDownTest" name="testConcurrent {#418 seed=[A89B4FF56754358E:E029BB602E0B9196]}" time="0.003"/>
   <testcase classname="org.elasticsearch.common.util.concurrent.CountDownTest" name="testConcurrent {#419 seed=[A89B4FF56754358E:5B81F22C5CA57E4F]}" time="0.003"/>
   <testcase classname="org.elasticsearch.common.util.concurrent.CountDownTest" name="testConcurrent {#420 seed=[A89B4FF56754358E:BCC107111F593C44]}" time="0.003"/>
   <testcase classname="org.elasticsearch.common.util.concurrent.CountDownTest" name="testConcurrent {#421 seed=[A89B4FF56754358E:942D81C643E88524]}" time="0.003"/>
   <testcase classname="org.elasticsearch.common.util.concurrent.CountDownTest" name="testConcurrent {#422 seed=[A89B4FF56754358E:797093AB9F2610A7]}" time="0.002"/>
   <testcase classname="org.elasticsearch.common.util.concurrent.CountDownTest" name="testConcurrent {#423 seed=[A89B4FF56754358E:9448C5BE91D98D42]}" time="0.003"/>
   <testcase classname="org.elasticsearch.common.util.concurrent.CountDownTest" name="testConcurrent {#424 seed=[A89B4FF56754358E:94F033610DCA7768]}" time="0.003"/>
   <testcase classname="org.elasticsearch.common.util.concurrent.CountDownTest" name="testConcurrent {#425 seed=[A89B4FF56754358E:945BAE567B99F3F0]}" time="0.002"/>
   <testcase classname="org.elasticsearch.common.util.concurrent.CountDownTest" name="testConcurrent {#426 seed=[A89B4FF56754358E:D4439D667DCDAE5D]}" time="0.003"/>
   <testcase classname="org.elasticsearch.common.util.concurrent.CountDownTest" name="testConcurrent {#427 seed=[A89B4FF56754358E:212C04732B5F0788]}" time="0.003"/>
   <testcase classname="org.elasticsearch.common.util.concurrent.CountDownTest" name="testConcurrent {#428 seed=[A89B4FF56754358E:1C1D3E1CC2D4092A]}" time="0.004"/>
   <testcase classname="org.elasticsearch.common.util.concurrent.CountDownTest" name="testConcurrent {#429 seed=[A89B4FF56754358E:7C1F5EA3028FF73E]}" time="0.003"/>
   <testcase classname="org.elasticsearch.common.util.concurrent.CountDownTest" name="testConcurrent {#430 seed=[A89B4FF56754358E:40BD27A88C14780E]}" time="0.003"/>
   <testcase classname="org.elasticsearch.common.util.concurrent.CountDownTest" name="testConcurrent {#431 seed=[A89B4FF56754358E:3D02239E038E0AFA]}" time="0.003"/>
   <testcase classname="org.elasticsearch.common.util.concurrent.CountDownTest" name="testConcurrent {#432 seed=[A89B4FF56754358E:BB79A42951BF2C04]}" time="0.003"/>
   <testcase classname="org.elasticsearch.common.util.concurrent.CountDownTest" name="testConcurrent {#433 seed=[A89B4FF56754358E:31FAC68388268E22]}" time="0.003"/>
   <testcase classname="org.elasticsearch.common.util.concurrent.CountDownTest" name="testConcurrent {#434 seed=[A89B4FF56754358E:BAEB833BBC03B5EB]}" time="0.004"/>
   <testcase classname="org.elasticsearch.common.util.concurrent.CountDownTest" name="testConcurrent {#435 seed=[A89B4FF56754358E:A0174F43DDBE6D28]}" time="0.003"/>
   <testcase classname="org.elasticsearch.common.util.concurrent.CountDownTest" name="testConcurrent {#436 seed=[A89B4FF56754358E:1C13D57F29E3E863]}" time="0.003"/>
   <testcase classname="org.elasticsearch.common.util.concurrent.CountDownTest" name="testConcurrent {#437 seed=[A89B4FF56754358E:2B820FFF6F544968]}" time="0.003"/>
   <testcase classname="org.elasticsearch.common.util.concurrent.CountDownTest" name="testConcurrent {#438 seed=[A89B4FF56754358E:825F96D993C56CCE]}" time="0.003"/>
   <testcase classname="org.elasticsearch.common.util.concurrent.CountDownTest" name="testConcurrent {#439 seed=[A89B4FF56754358E:684170CA454BEBCD]}" time="0.003"/>
   <testcase classname="org.elasticsearch.common.util.concurrent.CountDownTest" name="testConcurrent {#440 seed=[A89B4FF56754358E:AA8AE0B25277ADBC]}" time="0.003"/>
   <testcase classname="org.elasticsearch.common.util.concurrent.CountDownTest" name="testConcurrent {#441 seed=[A89B4FF56754358E:94EB4FAB6F4134FF]}" time="0.004"/>
   <testcase classname="org.elasticsearch.common.util.concurrent.CountDownTest" name="testConcurrent {#442 seed=[A89B4FF56754358E:44C4028C91637459]}" time="0.003"/>
   <testcase classname="org.elasticsearch.common.util.concurrent.CountDownTest" name="testConcurrent {#443 seed=[A89B4FF56754358E:26D36EB5443D5F8E]}" time="0.004"/>
   <testcase classname="org.elasticsearch.common.util.concurrent.CountDownTest" name="testConcurrent {#444 seed=[A89B4FF56754358E:5C7CFF2AFE12CACC]}" time="0.003"/>
   <testcase classname="org.elasticsearch.common.util.concurrent.CountDownTest" name="testConcurrent {#445 seed=[A89B4FF56754358E:6BBE2030ABF9A6BE]}" time="0.003"/>
   <testcase classname="org.elasticsearch.common.util.concurrent.CountDownTest" name="testConcurrent {#446 seed=[A89B4FF56754358E:304AC54438340411]}" time="0.004"/>
   <testcase classname="org.elasticsearch.common.util.concurrent.CountDownTest" name="testConcurrent {#447 seed=[A89B4FF56754358E:CCA56055B5DE6CAA]}" time="0.003"/>
   <testcase classname="org.elasticsearch.common.util.concurrent.CountDownTest" name="testConcurrent {#448 seed=[A89B4FF56754358E:D11EF644F563F74F]}" time="0.003"/>
   <testcase classname="org.elasticsearch.common.util.concurrent.CountDownTest" name="testConcurrent {#449 seed=[A89B4FF56754358E:D096C3541E133418]}" time="0.002"/>
   <testcase classname="org.elasticsearch.common.util.concurrent.CountDownTest" name="testConcurrent {#450 seed=[A89B4FF56754358E:8B16712BFD53D722]}" time="0.003"/>
   <testcase classname="org.elasticsearch.common.util.concurrent.CountDownTest" name="testConcurrent {#451 seed=[A89B4FF56754358E:FE284C53BC0CB185]}" time="0.003"/>
   <testcase classname="org.elasticsearch.common.util.concurrent.CountDownTest" name="testConcurrent {#452 seed=[A89B4FF56754358E:50170D189C5C089]}" time="0.003"/>
   <testcase classname="org.elasticsearch.common.util.concurrent.CountDownTest" name="testConcurrent {#453 seed=[A89B4FF56754358E:810ADE91BB04D7E6]}" time="0.002"/>
   <testcase classname="org.elasticsearch.common.util.concurrent.CountDownTest" name="testConcurrent {#454 seed=[A89B4FF56754358E:8BA6A237F008C5F0]}" time="0.002"/>
   <testcase classname="org.elasticsearch.common.util.concurrent.CountDownTest" name="testConcurrent {#455 seed=[A89B4FF56754358E:32CFBDFE20789D87]}" time="0.003"/>
   <testcase classname="org.elasticsearch.common.util.concurrent.CountDownTest" name="testConcurrent {#456 seed=[A89B4FF56754358E:761512101BAFEC3D]}" time="0.003"/>
   <testcase classname="org.elasticsearch.common.util.concurrent.CountDownTest" name="testConcurrent {#457 seed=[A89B4FF56754358E:D4A689A873C9B84E]}" time="0.004"/>
   <testcase classname="org.elasticsearch.common.util.concurrent.CountDownTest" name="testConcurrent {#458 seed=[A89B4FF56754358E:2B83C33D028258F1]}" time="0.007"/>
   <testcase classname="org.elasticsearch.common.util.concurrent.CountDownTest" name="testConcurrent {#459 seed=[A89B4FF56754358E:E560AFF2D5CF5D3D]}" time="0.005"/>
   <testcase classname="org.elasticsearch.common.util.concurrent.CountDownTest" name="testConcurrent {#460 seed=[A89B4FF56754358E:2FF8F86F61DF98BE]}" time="0.005"/>
   <testcase classname="org.elasticsearch.common.util.concurrent.CountDownTest" name="testConcurrent {#461 seed=[A89B4FF56754358E:D8C1E75496025E1C]}" time="0.013"/>
   <testcase classname="org.elasticsearch.common.util.concurrent.CountDownTest" name="testConcurrent {#462 seed=[A89B4FF56754358E:4D4A8DF56D765719]}" time="0.003"/>
   <testcase classname="org.elasticsearch.common.util.concurrent.CountDownTest" name="testConcurrent {#463 seed=[A89B4FF56754358E:1932933D8F1E8BCE]}" time="0.003"/>
   <testcase classname="org.elasticsearch.common.util.concurrent.CountDownTest" name="testConcurrent {#464 seed=[A89B4FF56754358E:297EE0B40CBAAD67]}" time="0.004"/>
   <testcase classname="org.elasticsearch.common.util.concurrent.CountDownTest" name="testConcurrent {#465 seed=[A89B4FF56754358E:6D344F3D40B28BFC]}" time="0.003"/>
   <testcase classname="org.elasticsearch.common.util.concurrent.CountDownTest" name="testConcurrent {#466 seed=[A89B4FF56754358E:E069A27C10078A79]}" time="0.003"/>
   <testcase classname="org.elasticsearch.common.util.concurrent.CountDownTest" name="testConcurrent {#467 seed=[A89B4FF56754358E:AEF55FB0D2590797]}" time="0.004"/>
   <testcase classname="org.elasticsearch.common.util.concurrent.CountDownTest" name="testConcurrent {#468 seed=[A89B4FF56754358E:2FEBA393DBCE3C77]}" time="0.003"/>
   <testcase classname="org.elasticsearch.common.util.concurrent.CountDownTest" name="testConcurrent {#469 seed=[A89B4FF56754358E:151E29D5F9BF62BB]}" time="0.003"/>
   <testcase classname="org.elasticsearch.common.util.concurrent.CountDownTest" name="testConcurrent {#470 seed=[A89B4FF56754358E:127A4C35936A29F2]}" time="0.002"/>
   <testcase classname="org.elasticsearch.common.util.concurrent.CountDownTest" name="testConcurrent {#471 seed=[A89B4FF56754358E:B43745866A7F0778]}" time="0.002"/>
   <testcase classname="org.elasticsearch.common.util.concurrent.CountDownTest" name="testConcurrent {#472 seed=[A89B4FF56754358E:FF38D95EB3356C3D]}" time="0.003"/>
   <testcase classname="org.elasticsearch.common.util.concurrent.CountDownTest" name="testConcurrent {#473 seed=[A89B4FF56754358E:9896E925FC4EADAF]}" time="0.003"/>
   <testcase classname="org.elasticsearch.common.util.concurrent.CountDownTest" name="testConcurrent {#474 seed=[A89B4FF56754358E:9B500B31B13E6854]}" time="0.002"/>
   <testcase classname="org.elasticsearch.common.util.concurrent.CountDownTest" name="testConcurrent {#475 seed=[A89B4FF56754358E:AE7E8EA7BD3415B4]}" time="0.003"/>
   <testcase classname="org.elasticsearch.common.util.concurrent.CountDownTest" name="testConcurrent {#476 seed=[A89B4FF56754358E:72A7820A1B28E003]}" time="0.003"/>
   <testcase classname="org.elasticsearch.common.util.concurrent.CountDownTest" name="testConcurrent {#477 seed=[A89B4FF56754358E:BA8FB4346C56F18]}" time="0.004"/>
   <testcase classname="org.elasticsearch.common.util.concurrent.CountDownTest" name="testConcurrent {#478 seed=[A89B4FF56754358E:372728A0AFC054F0]}" time="0.004"/>
   <testcase classname="org.elasticsearch.common.util.concurrent.CountDownTest" name="testConcurrent {#479 seed=[A89B4FF56754358E:418CA5EE33C23B24]}" time="0.003"/>
   <testcase classname="org.elasticsearch.common.util.concurrent.CountDownTest" name="testConcurrent {#480 seed=[A89B4FF56754358E:9185EA0B580C52DF]}" time="0.003"/>
   <testcase classname="org.elasticsearch.common.util.concurrent.CountDownTest" name="testConcurrent {#481 seed=[A89B4FF56754358E:BD75AFB36FD8AD1C]}" time="0.003"/>
   <testcase classname="org.elasticsearch.common.util.concurrent.CountDownTest" name="testConcurrent {#482 seed=[A89B4FF56754358E:5DD25160C61E2014]}" time="0.003"/>
   <testcase classname="org.elasticsearch.common.util.concurrent.CountDownTest" name="testConcurrent {#483 seed=[A89B4FF56754358E:C155FE9A56DE7572]}" time="0.002"/>
   <testcase classname="org.elasticsearch.common.util.concurrent.CountDownTest" name="testConcurrent {#484 seed=[A89B4FF56754358E:C88555C45E3BD80C]}" time="0.002"/>
   <testcase classname="org.elasticsearch.common.util.concurrent.CountDownTest" name="testConcurrent {#485 seed=[A89B4FF56754358E:F67B66068CFD52E2]}" time="0.003"/>
   <testcase classname="org.elasticsearch.common.util.concurrent.CountDownTest" name="testConcurrent {#486 seed=[A89B4FF56754358E:43D71E7FB6642067]}" time="0.002"/>
   <testcase classname="org.elasticsearch.common.util.concurrent.CountDownTest" name="testConcurrent {#487 seed=[A89B4FF56754358E:FD3F8DF89D8B27B7]}" time="0.01"/>
   <testcase classname="org.elasticsearch.common.util.concurrent.CountDownTest" name="testConcurrent {#488 seed=[A89B4FF56754358E:D52F5E89DCBBA4E6]}" time="0.002"/>
   <testcase classname="org.elasticsearch.common.util.concurrent.CountDownTest" name="testConcurrent {#489 seed=[A89B4FF56754358E:F37C314D615AACCB]}" time="0.002"/>
   <testcase classname="org.elasticsearch.common.util.concurrent.CountDownTest" name="testConcurrent {#490 seed=[A89B4FF56754358E:E52C41D2C6710735]}" time="0.003"/>
   <testcase classname="org.elasticsearch.common.util.concurrent.CountDownTest" name="testConcurrent {#491 seed=[A89B4FF56754358E:2046DF71B91EEFAF]}" time="0.002"/>
   <testcase classname="org.elasticsearch.common.util.concurrent.CountDownTest" name="testConcurrent {#492 seed=[A89B4FF56754358E:E6AC6D0298C029F7]}" time="0.003"/>
   <testcase classname="org.elasticsearch.common.util.concurrent.CountDownTest" name="testConcurrent {#493 seed=[A89B4FF56754358E:24D6F9821ECECC48]}" time="0.002"/>
   <testcase classname="org.elasticsearch.common.util.concurrent.CountDownTest" name="testConcurrent {#494 seed=[A89B4FF56754358E:35FA90689394045D]}" time="0.002"/>
   <testcase classname="org.elasticsearch.common.util.concurrent.CountDownTest" name="testConcurrent {#495 seed=[A89B4FF56754358E:8A96621BA609FA5B]}" time="0.003"/>
   <testcase classname="org.elasticsearch.common.util.concurrent.CountDownTest" name="testConcurrent {#496 seed=[A89B4FF56754358E:4E5EDC33F6B5922E]}" time="0.003"/>
   <testcase classname="org.elasticsearch.common.util.concurrent.CountDownTest" name="testConcurrent {#497 seed=[A89B4FF56754358E:5EA953279230A52F]}" time="0.003"/>
   <testcase classname="org.elasticsearch.common.util.concurrent.CountDownTest" name="testConcurrent {#498 seed=[A89B4FF56754358E:F915E5BA31F95B90]}" time="0.002"/>
   <testcase classname="org.elasticsearch.common.util.concurrent.CountDownTest" name="testConcurrent {#499 seed=[A89B4FF56754358E:841EFDFAEA3291BF]}" time="0.005"/>
   <testcase classname="org.elasticsearch.common.util.concurrent.CountDownTest" name="testConcurrent {#500 seed=[A89B4FF56754358E:7352F4F19F9B28D3]}" time="0.003"/>
   <testcase classname="org.elasticsearch.common.util.concurrent.CountDownTest" name="testConcurrent {#501 seed=[A89B4FF56754358E:5AE8DD8584D704FA]}" time="0.003"/>
   <testcase classname="org.elasticsearch.common.util.concurrent.CountDownTest" name="testConcurrent {#502 seed=[A89B4FF56754358E:C60A9E7A9415AD3C]}" time="0.003"/>
   <testcase classname="org.elasticsearch.common.util.concurrent.CountDownTest" name="testConcurrent {#503 seed=[A89B4FF56754358E:499F2B5BCC3FC4A3]}" time="0.003"/>
   <testcase classname="org.elasticsearch.common.util.concurrent.CountDownTest" name="testConcurrent {#504 seed=[A89B4FF56754358E:EA4760744952DEA5]}" time="0.003"/>
   <testcase classname="org.elasticsearch.common.util.concurrent.CountDownTest" name="testConcurrent {#505 seed=[A89B4FF56754358E:5B5ED84DCF7A3862]}" time="0.003"/>
   <testcase classname="org.elasticsearch.common.util.concurrent.CountDownTest" name="testConcurrent {#506 seed=[A89B4FF56754358E:7FDC02C5A0B55307]}" time="0.003"/>
   <testcase classname="org.elasticsearch.common.util.concurrent.CountDownTest" name="testConcurrent {#507 seed=[A89B4FF56754358E:56750C830EF2607B]}" time="0.003"/>
   <testcase classname="org.elasticsearch.common.util.concurrent.CountDownTest" name="testConcurrent {#508 seed=[A89B4FF56754358E:5DD358875880A530]}" time="0.003"/>
   <testcase classname="org.elasticsearch.common.util.concurrent.CountDownTest" name="testConcurrent {#509 seed=[A89B4FF56754358E:537A01FE55946FBF]}" time="0.002"/>
   <testcase classname="org.elasticsearch.common.util.concurrent.CountDownTest" name="testConcurrent {#510 seed=[A89B4FF56754358E:60273FA5965703CB]}" time="0.003"/>
   <testcase classname="org.elasticsearch.common.util.concurrent.CountDownTest" name="testConcurrent {#511 seed=[A89B4FF56754358E:AC518FABC9C2A5B3]}" time="0.003"/>
   <testcase classname="org.elasticsearch.common.util.concurrent.CountDownTest" name="testConcurrent {#512 seed=[A89B4FF56754358E:F8AEFD0A7FCEFC02]}" time="0.003"/>
   <testcase classname="org.elasticsearch.common.util.concurrent.CountDownTest" name="testConcurrent {#513 seed=[A89B4FF56754358E:1A6BCFB4A9B8251]}" time="0.003"/>
   <testcase classname="org.elasticsearch.common.util.concurrent.CountDownTest" name="testConcurrent {#514 seed=[A89B4FF56754358E:8DEBF5DF01EC4972]}" time="0.003"/>
   <testcase classname="org.elasticsearch.common.util.concurrent.CountDownTest" name="testConcurrent {#515 seed=[A89B4FF56754358E:7292EF27E863D0A1]}" time="0.003"/>
   <testcase classname="org.elasticsearch.common.util.concurrent.CountDownTest" name="testConcurrent {#516 seed=[A89B4FF56754358E:B4AB0AC88078A8FF]}" time="0.003"/>
   <testcase classname="org.elasticsearch.common.util.concurrent.CountDownTest" name="testConcurrent {#517 seed=[A89B4FF56754358E:A1250CA36701A019]}" time="0.002"/>
   <testcase classname="org.elasticsearch.common.util.concurrent.CountDownTest" name="testConcurrent {#518 seed=[A89B4FF56754358E:3B70C7FF1E6AAD0E]}" time="0.003"/>
   <testcase classname="org.elasticsearch.common.util.concurrent.CountDownTest" name="testConcurrent {#519 seed=[A89B4FF56754358E:58B784C29B31123F]}" time="0.003"/>
   <testcase classname="org.elasticsearch.common.util.concurrent.CountDownTest" name="testConcurrent {#520 seed=[A89B4FF56754358E:C16EAB85206C746D]}" time="0.003"/>
   <testcase classname="org.elasticsearch.common.util.concurrent.CountDownTest" name="testConcurrent {#521 seed=[A89B4FF56754358E:AC78F783F8031F75]}" time="0.003"/>
   <testcase classname="org.elasticsearch.common.util.concurrent.CountDownTest" name="testConcurrent {#522 seed=[A89B4FF56754358E:259266D33974356B]}" time="0.002"/>
   <testcase classname="org.elasticsearch.common.util.concurrent.CountDownTest" name="testConcurrent {#523 seed=[A89B4FF56754358E:FD2DFD04C258149F]}" time="0.002"/>
   <testcase classname="org.elasticsearch.common.util.concurrent.CountDownTest" name="testConcurrent {#524 seed=[A89B4FF56754358E:2BC81E5ACB5C4C5D]}" time="0.003"/>
   <testcase classname="org.elasticsearch.common.util.concurrent.CountDownTest" name="testConcurrent {#525 seed=[A89B4FF56754358E:BD5429F489D0B679]}" time="0.002"/>
   <testcase classname="org.elasticsearch.common.util.concurrent.CountDownTest" name="testConcurrent {#526 seed=[A89B4FF56754358E:28D7217C738E7FA8]}" time="0.002"/>
   <testcase classname="org.elasticsearch.common.util.concurrent.CountDownTest" name="testConcurrent {#527 seed=[A89B4FF56754358E:4851928F1823DB2E]}" time="0.003"/>
   <testcase classname="org.elasticsearch.common.util.concurrent.CountDownTest" name="testConcurrent {#528 seed=[A89B4FF56754358E:12B72360EB1BA4D4]}" time="0.002"/>
   <testcase classname="org.elasticsearch.common.util.concurrent.CountDownTest" name="testConcurrent {#529 seed=[A89B4FF56754358E:89036EF94A5ECEB3]}" time="0.002"/>
   <testcase classname="org.elasticsearch.common.util.concurrent.CountDownTest" name="testConcurrent {#530 seed=[A89B4FF56754358E:C6631C05B33029A]}" time="0.002"/>
   <testcase classname="org.elasticsearch.common.util.concurrent.CountDownTest" name="testConcurrent {#531 seed=[A89B4FF56754358E:95478B4FD5D00CF2]}" time="0.003"/>
   <testcase classname="org.elasticsearch.common.util.concurrent.CountDownTest" name="testConcurrent {#532 seed=[A89B4FF56754358E:F9193DE2A4982329]}" time="0.003"/>
   <testcase classname="org.elasticsearch.common.util.concurrent.CountDownTest" name="testConcurrent {#533 seed=[A89B4FF56754358E:34D3ACDAD3F75EA6]}" time="0.003"/>
   <testcase classname="org.elasticsearch.common.util.concurrent.CountDownTest" name="testConcurrent {#534 seed=[A89B4FF56754358E:AE63111F8A184BC1]}" time="0.003"/>
   <testcase classname="org.elasticsearch.common.util.concurrent.CountDownTest" name="testConcurrent {#535 seed=[A89B4FF56754358E:DA7C1E3B20D6241C]}" time="0.002"/>
   <testcase classname="org.elasticsearch.common.util.concurrent.CountDownTest" name="testConcurrent {#536 seed=[A89B4FF56754358E:876B88DD0373F8E2]}" time="0.003"/>
   <testcase classname="org.elasticsearch.common.util.concurrent.CountDownTest" name="testConcurrent {#537 seed=[A89B4FF56754358E:99DC3C2599B4C045]}" time="0.003"/>
   <testcase classname="org.elasticsearch.common.util.concurrent.CountDownTest" name="testConcurrent {#538 seed=[A89B4FF56754358E:E93A940EE7B545D5]}" time="0.003"/>
   <testcase classname="org.elasticsearch.common.util.concurrent.CountDownTest" name="testConcurrent {#539 seed=[A89B4FF56754358E:B1D81289211B2389]}" time="0.003"/>
   <testcase classname="org.elasticsearch.common.util.concurrent.CountDownTest" name="testConcurrent {#540 seed=[A89B4FF56754358E:C68FD5622BAB2591]}" time="0.003"/>
   <testcase classname="org.elasticsearch.common.util.concurrent.CountDownTest" name="testConcurrent {#541 seed=[A89B4FF56754358E:D2CAA53B786974CE]}" time="0.003"/>
   <testcase classname="org.elasticsearch.common.util.concurrent.CountDownTest" name="testConcurrent {#542 seed=[A89B4FF56754358E:AE31B5B301F7D3DF]}" time="0.003"/>
   <testcase classname="org.elasticsearch.common.util.concurrent.CountDownTest" name="testConcurrent {#543 seed=[A89B4FF56754358E:A3398CCB49BEE4DC]}" time="0.002"/>
   <testcase classname="org.elasticsearch.common.util.concurrent.CountDownTest" name="testConcurrent {#544 seed=[A89B4FF56754358E:31E2D1867627B1B7]}" time="0.003"/>
   <testcase classname="org.elasticsearch.common.util.concurrent.CountDownTest" name="testConcurrent {#545 seed=[A89B4FF56754358E:731950101C45D177]}" time="0.004"/>
   <testcase classname="org.elasticsearch.common.util.concurrent.CountDownTest" name="testConcurrent {#546 seed=[A89B4FF56754358E:5FB250AC01BB3DDC]}" time="0.003"/>
   <testcase classname="org.elasticsearch.common.util.concurrent.CountDownTest" name="testConcurrent {#547 seed=[A89B4FF56754358E:FC59FAC25867853]}" time="0.003"/>
   <testcase classname="org.elasticsearch.common.util.concurrent.CountDownTest" name="testConcurrent {#548 seed=[A89B4FF56754358E:272F7E74ACC00BB2]}" time="0.003"/>
   <testcase classname="org.elasticsearch.common.util.concurrent.CountDownTest" name="testConcurrent {#549 seed=[A89B4FF56754358E:A2DE2CC55020BCE0]}" time="0.003"/>
   <testcase classname="org.elasticsearch.common.util.concurrent.CountDownTest" name="testConcurrent {#550 seed=[A89B4FF56754358E:43D200F162EF7B0]}" time="0.003"/>
   <testcase classname="org.elasticsearch.common.util.concurrent.CountDownTest" name="testConcurrent {#551 seed=[A89B4FF56754358E:72D84C41A14EC79C]}" time="0.003"/>
   <testcase classname="org.elasticsearch.common.util.concurrent.CountDownTest" name="testConcurrent {#552 seed=[A89B4FF56754358E:5F5721C2B7212088]}" time="0.003"/>
   <testcase classname="org.elasticsearch.common.util.concurrent.CountDownTest" name="testConcurrent {#553 seed=[A89B4FF56754358E:22458F0C17808F10]}" time="0.004"/>
   <testcase classname="org.elasticsearch.common.util.concurrent.CountDownTest" name="testConcurrent {#554 seed=[A89B4FF56754358E:921F57EEF71997F4]}" time="0.004"/>
   <testcase classname="org.elasticsearch.common.util.concurrent.CountDownTest" name="testConcurrent {#555 seed=[A89B4FF56754358E:6F6CA0EEEF85F187]}" time="0.004"/>
   <testcase classname="org.elasticsearch.common.util.concurrent.CountDownTest" name="testConcurrent {#556 seed=[A89B4FF56754358E:971174671BFD8166]}" time="0.003"/>
   <testcase classname="org.elasticsearch.common.util.concurrent.CountDownTest" name="testConcurrent {#557 seed=[A89B4FF56754358E:E96FBFD871E2CF16]}" time="0.003"/>
   <testcase classname="org.elasticsearch.common.util.concurrent.CountDownTest" name="testConcurrent {#558 seed=[A89B4FF56754358E:30BCDE68898E7F7B]}" time="0.003"/>
   <testcase classname="org.elasticsearch.common.util.concurrent.CountDownTest" name="testConcurrent {#559 seed=[A89B4FF56754358E:35320A263FF5E7D7]}" time="0.004"/>
   <testcase classname="org.elasticsearch.common.util.concurrent.CountDownTest" name="testConcurrent {#560 seed=[A89B4FF56754358E:16D5521ADABBA9DC]}" time="0.004"/>
   <testcase classname="org.elasticsearch.common.util.concurrent.CountDownTest" name="testConcurrent {#561 seed=[A89B4FF56754358E:3159FB64C9A7387C]}" time="0.003"/>
   <testcase classname="org.elasticsearch.common.util.concurrent.CountDownTest" name="testConcurrent {#562 seed=[A89B4FF56754358E:C2562E37B98622A0]}" time="0.003"/>
   <testcase classname="org.elasticsearch.common.util.concurrent.CountDownTest" name="testConcurrent {#563 seed=[A89B4FF56754358E:7BAE2593F1AE16B1]}" time="0.004"/>
   <testcase classname="org.elasticsearch.common.util.concurrent.CountDownTest" name="testConcurrent {#564 seed=[A89B4FF56754358E:88FB0043219A005C]}" time="0.004"/>
   <testcase classname="org.elasticsearch.common.util.concurrent.CountDownTest" name="testConcurrent {#565 seed=[A89B4FF56754358E:34042639AAAA7A4E]}" time="0.003"/>
   <testcase classname="org.elasticsearch.common.util.concurrent.CountDownTest" name="testConcurrent {#566 seed=[A89B4FF56754358E:58C65CE2B11A0096]}" time="0.004"/>
   <testcase classname="org.elasticsearch.common.util.concurrent.CountDownTest" name="testConcurrent {#567 seed=[A89B4FF56754358E:ACA267E95B5F9C58]}" time="0.004"/>
   <testcase classname="org.elasticsearch.common.util.concurrent.CountDownTest" name="testConcurrent {#568 seed=[A89B4FF56754358E:542EC73CE396D327]}" time="0.003"/>
   <testcase classname="org.elasticsearch.common.util.concurrent.CountDownTest" name="testConcurrent {#569 seed=[A89B4FF56754358E:FAA342399713385A]}" time="0.002"/>
   <testcase classname="org.elasticsearch.common.util.concurrent.CountDownTest" name="testConcurrent {#570 seed=[A89B4FF56754358E:427D0320D27AD643]}" time="0.003"/>
   <testcase classname="org.elasticsearch.common.util.concurrent.CountDownTest" name="testConcurrent {#571 seed=[A89B4FF56754358E:E0088ED63EE77C6B]}" time="0.004"/>
   <testcase classname="org.elasticsearch.common.util.concurrent.CountDownTest" name="testConcurrent {#572 seed=[A89B4FF56754358E:A4EF13D39FB5E46C]}" time="0.003"/>
   <testcase classname="org.elasticsearch.common.util.concurrent.CountDownTest" name="testConcurrent {#573 seed=[A89B4FF56754358E:C5AADB8C812A81CC]}" time="0.004"/>
   <testcase classname="org.elasticsearch.common.util.concurrent.CountDownTest" name="testConcurrent {#574 seed=[A89B4FF56754358E:9FBCB0FD49A8A381]}" time="0.003"/>
   <testcase classname="org.elasticsearch.common.util.concurrent.CountDownTest" name="testConcurrent {#575 seed=[A89B4FF56754358E:B8CA62F7405C874F]}" time="0.005"/>
   <testcase classname="org.elasticsearch.common.util.concurrent.CountDownTest" name="testConcurrent {#576 seed=[A89B4FF56754358E:2744053ABA84D7BC]}" time="0.004"/>
   <testcase classname="org.elasticsearch.common.util.concurrent.CountDownTest" name="testConcurrent {#577 seed=[A89B4FF56754358E:A3FCD4EC3887AC27]}" time="0.003"/>
   <testcase classname="org.elasticsearch.common.util.concurrent.CountDownTest" name="testConcurrent {#578 seed=[A89B4FF56754358E:C2A52F9AB7D73955]}" time="0.003"/>
   <testcase classname="org.elasticsearch.common.util.concurrent.CountDownTest" name="testConcurrent {#579 seed=[A89B4FF56754358E:441C623200F095A2]}" time="0.003"/>
   <testcase classname="org.elasticsearch.common.util.concurrent.CountDownTest" name="testConcurrent {#580 seed=[A89B4FF56754358E:59F995EA4931AD5]}" time="0.003"/>
   <testcase classname="org.elasticsearch.common.util.concurrent.CountDownTest" name="testConcurrent {#581 seed=[A89B4FF56754358E:8CE4DF7E7BD12B6A]}" time="0.003"/>
   <testcase classname="org.elasticsearch.common.util.concurrent.CountDownTest" name="testConcurrent {#582 seed=[A89B4FF56754358E:A9EE593C7586F1FA]}" time="0.003"/>
   <testcase classname="org.elasticsearch.common.util.concurrent.CountDownTest" name="testConcurrent {#583 seed=[A89B4FF56754358E:F5849D3ECD15A8D0]}" time="0.003"/>
   <testcase classname="org.elasticsearch.common.util.concurrent.CountDownTest" name="testConcurrent {#584 seed=[A89B4FF56754358E:A31F634F627D58B1]}" time="0.003"/>
   <testcase classname="org.elasticsearch.common.util.concurrent.CountDownTest" name="testConcurrent {#585 seed=[A89B4FF56754358E:9DCB7667710271DA]}" time="0.003"/>
   <testcase classname="org.elasticsearch.common.util.concurrent.CountDownTest" name="testConcurrent {#586 seed=[A89B4FF56754358E:2D2CE265B3323042]}" time="0.004"/>
   <testcase classname="org.elasticsearch.common.util.concurrent.CountDownTest" name="testConcurrent {#587 seed=[A89B4FF56754358E:E525E32B9F57E096]}" time="0.003"/>
   <testcase classname="org.elasticsearch.common.util.concurrent.CountDownTest" name="testConcurrent {#588 seed=[A89B4FF56754358E:485646F61CF61779]}" time="0.003"/>
   <testcase classname="org.elasticsearch.common.util.concurrent.CountDownTest" name="testConcurrent {#589 seed=[A89B4FF56754358E:EA28C8868D3DE28E]}" time="0.003"/>
   <testcase classname="org.elasticsearch.common.util.concurrent.CountDownTest" name="testConcurrent {#590 seed=[A89B4FF56754358E:4B3C229C4DC63432]}" time="0.004"/>
   <testcase classname="org.elasticsearch.common.util.concurrent.CountDownTest" name="testConcurrent {#591 seed=[A89B4FF56754358E:B2DEC210928A765F]}" time="0.003"/>
   <testcase classname="org.elasticsearch.common.util.concurrent.CountDownTest" name="testConcurrent {#592 seed=[A89B4FF56754358E:AF1D39A7FD8024CD]}" time="0.004"/>
   <testcase classname="org.elasticsearch.common.util.concurrent.CountDownTest" name="testConcurrent {#593 seed=[A89B4FF56754358E:13D306DB3F88A76C]}" time="0.003"/>
   <testcase classname="org.elasticsearch.common.util.concurrent.CountDownTest" name="testConcurrent {#594 seed=[A89B4FF56754358E:3C97E2BEEE5D6EF7]}" time="0.003"/>
   <testcase classname="org.elasticsearch.common.util.concurrent.CountDownTest" name="testConcurrent {#595 seed=[A89B4FF56754358E:5D20D70773E9F9C8]}" time="0.003"/>
   <testcase classname="org.elasticsearch.common.util.concurrent.CountDownTest" name="testConcurrent {#596 seed=[A89B4FF56754358E:662D48A5346D7CB8]}" time="0.004"/>
   <testcase classname="org.elasticsearch.common.util.concurrent.CountDownTest" name="testConcurrent {#597 seed=[A89B4FF56754358E:7C1727DC9FE5178B]}" time="0.003"/>
   <testcase classname="org.elasticsearch.common.util.concurrent.CountDownTest" name="testConcurrent {#598 seed=[A89B4FF56754358E:F0937B3B276D2149]}" time="0.003"/>
   <testcase classname="org.elasticsearch.common.util.concurrent.CountDownTest" name="testConcurrent {#599 seed=[A89B4FF56754358E:E3234129BEDD896B]}" time="0.003"/>
   <testcase classname="org.elasticsearch.common.util.concurrent.CountDownTest" name="testConcurrent {#600 seed=[A89B4FF56754358E:2B6E5344AACF03C]}" time="0.003"/>
   <testcase classname="org.elasticsearch.common.util.concurrent.CountDownTest" name="testConcurrent {#601 seed=[A89B4FF56754358E:A21E9FE6870B8FAA]}" time="0.002"/>
   <testcase classname="org.elasticsearch.common.util.concurrent.CountDownTest" name="testConcurrent {#602 seed=[A89B4FF56754358E:7CC9A0C72FF1D6E3]}" time="0.002"/>
   <testcase classname="org.elasticsearch.common.util.concurrent.CountDownTest" name="testConcurrent {#603 seed=[A89B4FF56754358E:E1AC79454DFFCA71]}" time="0.003"/>
   <testcase classname="org.elasticsearch.common.util.concurrent.CountDownTest" name="testConcurrent {#604 seed=[A89B4FF56754358E:AE9801B536322645]}" time="0.003"/>
   <testcase classname="org.elasticsearch.common.util.concurrent.CountDownTest" name="testConcurrent {#605 seed=[A89B4FF56754358E:4D2F1EDAA7889D69]}" time="0.002"/>
   <testcase classname="org.elasticsearch.common.util.concurrent.CountDownTest" name="testConcurrent {#606 seed=[A89B4FF56754358E:947ECB2A73E88870]}" time="0.002"/>
   <testcase classname="org.elasticsearch.common.util.concurrent.CountDownTest" name="testConcurrent {#607 seed=[A89B4FF56754358E:4A7BFECD54FD539C]}" time="0.003"/>
   <testcase classname="org.elasticsearch.common.util.concurrent.CountDownTest" name="testConcurrent {#608 seed=[A89B4FF56754358E:5C0AEC9506163171]}" time="0.002"/>
   <testcase classname="org.elasticsearch.common.util.concurrent.CountDownTest" name="testConcurrent {#609 seed=[A89B4FF56754358E:84594AF82CFBE944]}" time="0.003"/>
   <testcase classname="org.elasticsearch.common.util.concurrent.CountDownTest" name="testConcurrent {#610 seed=[A89B4FF56754358E:8D8C2238BEA35B6D]}" time="0.002"/>
   <testcase classname="org.elasticsearch.common.util.concurrent.CountDownTest" name="testConcurrent {#611 seed=[A89B4FF56754358E:56CE4BB4344B71D4]}" time="0.002"/>
   <testcase classname="org.elasticsearch.common.util.concurrent.CountDownTest" name="testConcurrent {#612 seed=[A89B4FF56754358E:3D72C857952E474C]}" time="0.003"/>
   <testcase classname="org.elasticsearch.common.util.concurrent.CountDownTest" name="testConcurrent {#613 seed=[A89B4FF56754358E:7EE50F53DCE76C6]}" time="0.003"/>
   <testcase classname="org.elasticsearch.common.util.concurrent.CountDownTest" name="testConcurrent {#614 seed=[A89B4FF56754358E:89E9856CC56C492B]}" time="0.003"/>
   <testcase classname="org.elasticsearch.common.util.concurrent.CountDownTest" name="testConcurrent {#615 seed=[A89B4FF56754358E:5179348AE9CA626]}" time="0.003"/>
   <testcase classname="org.elasticsearch.common.util.concurrent.CountDownTest" name="testConcurrent {#616 seed=[A89B4FF56754358E:E91CDECC645529E5]}" time="0.003"/>
   <testcase classname="org.elasticsearch.common.util.concurrent.CountDownTest" name="testConcurrent {#617 seed=[A89B4FF56754358E:9C6663540FFB761A]}" time="0.003"/>
   <testcase classname="org.elasticsearch.common.util.concurrent.CountDownTest" name="testConcurrent {#618 seed=[A89B4FF56754358E:EA8570E467BAB19B]}" time="0.003"/>
   <testcase classname="org.elasticsearch.common.util.concurrent.CountDownTest" name="testConcurrent {#619 seed=[A89B4FF56754358E:1E485BCE081BDFB1]}" time="0.004"/>
   <testcase classname="org.elasticsearch.common.util.concurrent.CountDownTest" name="testConcurrent {#620 seed=[A89B4FF56754358E:677D05104B75A547]}" time="0.003"/>
   <testcase classname="org.elasticsearch.common.util.concurrent.CountDownTest" name="testConcurrent {#621 seed=[A89B4FF56754358E:5808489E6CAC855B]}" time="0.002"/>
   <testcase classname="org.elasticsearch.common.util.concurrent.CountDownTest" name="testConcurrent {#622 seed=[A89B4FF56754358E:A15EE08196AFE715]}" time="0.002"/>
   <testcase classname="org.elasticsearch.common.util.concurrent.CountDownTest" name="testConcurrent {#623 seed=[A89B4FF56754358E:664900BC65610FF4]}" time="0.003"/>
   <testcase classname="org.elasticsearch.common.util.concurrent.CountDownTest" name="testConcurrent {#624 seed=[A89B4FF56754358E:B4F74D32C69DEA52]}" time="0.004"/>
   <testcase classname="org.elasticsearch.common.util.concurrent.CountDownTest" name="testConcurrent {#625 seed=[A89B4FF56754358E:C21E20B9C553CBB4]}" time="0.003"/>
   <testcase classname="org.elasticsearch.common.util.concurrent.CountDownTest" name="testConcurrent {#626 seed=[A89B4FF56754358E:3EA2C93AB4BEAB9C]}" time="0.003"/>
   <testcase classname="org.elasticsearch.common.util.concurrent.CountDownTest" name="testConcurrent {#627 seed=[A89B4FF56754358E:ED0E738D5EB5A998]}" time="0.004"/>
   <testcase classname="org.elasticsearch.common.util.concurrent.CountDownTest" name="testConcurrent {#628 seed=[A89B4FF56754358E:D2F03AE151FD07E7]}" time="0.003"/>
   <testcase classname="org.elasticsearch.common.util.concurrent.CountDownTest" name="testConcurrent {#629 seed=[A89B4FF56754358E:B43789751C79FD76]}" time="0.004"/>
   <testcase classname="org.elasticsearch.common.util.concurrent.CountDownTest" name="testConcurrent {#630 seed=[A89B4FF56754358E:FB1DB372AECEF5F4]}" time="0.003"/>
   <testcase classname="org.elasticsearch.common.util.concurrent.CountDownTest" name="testConcurrent {#631 seed=[A89B4FF56754358E:664874A191C99DB5]}" time="0.003"/>
   <testcase classname="org.elasticsearch.common.util.concurrent.CountDownTest" name="testConcurrent {#632 seed=[A89B4FF56754358E:89FFB6F343F20C99]}" time="0.003"/>
   <testcase classname="org.elasticsearch.common.util.concurrent.CountDownTest" name="testConcurrent {#633 seed=[A89B4FF56754358E:DD33D606457B8E3]}" time="0.002"/>
   <testcase classname="org.elasticsearch.common.util.concurrent.CountDownTest" name="testConcurrent {#634 seed=[A89B4FF56754358E:C8CC450CD6A90CC0]}" time="0.002"/>
   <testcase classname="org.elasticsearch.common.util.concurrent.CountDownTest" name="testConcurrent {#635 seed=[A89B4FF56754358E:3B0A7BB08CF1804]}" time="0.002"/>
   <testcase classname="org.elasticsearch.common.util.concurrent.CountDownTest" name="testConcurrent {#636 seed=[A89B4FF56754358E:2B98EB26C9D1495]}" time="0.003"/>
   <testcase classname="org.elasticsearch.common.util.concurrent.CountDownTest" name="testConcurrent {#637 seed=[A89B4FF56754358E:46C1E30257F7AF16]}" time="0.002"/>
   <testcase classname="org.elasticsearch.common.util.concurrent.CountDownTest" name="testConcurrent {#638 seed=[A89B4FF56754358E:2AD006A32B1841C3]}" time="0.003"/>
   <testcase classname="org.elasticsearch.common.util.concurrent.CountDownTest" name="testConcurrent {#639 seed=[A89B4FF56754358E:D93E342A0B7B78D8]}" time="0.003"/>
   <testcase classname="org.elasticsearch.common.util.concurrent.CountDownTest" name="testConcurrent {#640 seed=[A89B4FF56754358E:A0D3A55CB7E59746]}" time="0.002"/>
   <testcase classname="org.elasticsearch.common.util.concurrent.CountDownTest" name="testConcurrent {#641 seed=[A89B4FF56754358E:439D45E5965FAA39]}" time="0.002"/>
   <testcase classname="org.elasticsearch.common.util.concurrent.CountDownTest" name="testConcurrent {#642 seed=[A89B4FF56754358E:28DF267969560DC2]}" time="0.003"/>
   <testcase classname="org.elasticsearch.common.util.concurrent.CountDownTest" name="testConcurrent {#643 seed=[A89B4FF56754358E:F42ED232BACD5118]}" time="0.002"/>
   <testcase classname="org.elasticsearch.common.util.concurrent.CountDownTest" name="testConcurrent {#644 seed=[A89B4FF56754358E:6F448356250824BF]}" time="0.003"/>
   <testcase classname="org.elasticsearch.common.util.concurrent.CountDownTest" name="testConcurrent {#645 seed=[A89B4FF56754358E:A1E57B20C16BFC5F]}" time="0.002"/>
   <testcase classname="org.elasticsearch.common.util.concurrent.CountDownTest" name="testConcurrent {#646 seed=[A89B4FF56754358E:6694C0BC1941B114]}" time="0.003"/>
   <testcase classname="org.elasticsearch.common.util.concurrent.CountDownTest" name="testConcurrent {#647 seed=[A89B4FF56754358E:80C69A119A11F85D]}" time="0.003"/>
   <testcase classname="org.elasticsearch.common.util.concurrent.CountDownTest" name="testConcurrent {#648 seed=[A89B4FF56754358E:9C0E86077B419AB3]}" time="0.003"/>
   <testcase classname="org.elasticsearch.common.util.concurrent.CountDownTest" name="testConcurrent {#649 seed=[A89B4FF56754358E:3ECC6322183FBB12]}" time="0.002"/>
   <testcase classname="org.elasticsearch.common.util.concurrent.CountDownTest" name="testConcurrent {#650 seed=[A89B4FF56754358E:45CF899E57DD2A19]}" time="0.003"/>
   <testcase classname="org.elasticsearch.common.util.concurrent.CountDownTest" name="testConcurrent {#651 seed=[A89B4FF56754358E:7DD6016B7AC49C5C]}" time="0.003"/>
   <testcase classname="org.elasticsearch.common.util.concurrent.CountDownTest" name="testConcurrent {#652 seed=[A89B4FF56754358E:DF7FE16E452D760B]}" time="0.003"/>
   <testcase classname="org.elasticsearch.common.util.concurrent.CountDownTest" name="testConcurrent {#653 seed=[A89B4FF56754358E:7B432260AB3AEA57]}" time="0.003"/>
   <testcase classname="org.elasticsearch.common.util.concurrent.CountDownTest" name="testConcurrent {#654 seed=[A89B4FF56754358E:CA4264B688C76919]}" time="0.003"/>
   <testcase classname="org.elasticsearch.common.util.concurrent.CountDownTest" name="testConcurrent {#655 seed=[A89B4FF56754358E:54551F82922EB6FC]}" time="0.003"/>
   <testcase classname="org.elasticsearch.common.util.concurrent.CountDownTest" name="testConcurrent {#656 seed=[A89B4FF56754358E:B953B59621F724F3]}" time="0.003"/>
   <testcase classname="org.elasticsearch.common.util.concurrent.CountDownTest" name="testConcurrent {#657 seed=[A89B4FF56754358E:703D882487C5AB29]}" time="0.003"/>
   <testcase classname="org.elasticsearch.common.util.concurrent.CountDownTest" name="testConcurrent {#658 seed=[A89B4FF56754358E:D8A27D129F554B87]}" time="0.003"/>
   <testcase classname="org.elasticsearch.common.util.concurrent.CountDownTest" name="testConcurrent {#659 seed=[A89B4FF56754358E:C908352256201B95]}" time="0.003"/>
   <testcase classname="org.elasticsearch.common.util.concurrent.CountDownTest" name="testConcurrent {#660 seed=[A89B4FF56754358E:EE5F758714C60BFA]}" time="0.003"/>
   <testcase classname="org.elasticsearch.common.util.concurrent.CountDownTest" name="testConcurrent {#661 seed=[A89B4FF56754358E:40EA9FD169C2FA6E]}" time="0.003"/>
   <testcase classname="org.elasticsearch.common.util.concurrent.CountDownTest" name="testConcurrent {#662 seed=[A89B4FF56754358E:ECB87E2204BBEFA2]}" time="0.003"/>
   <testcase classname="org.elasticsearch.common.util.concurrent.CountDownTest" name="testConcurrent {#663 seed=[A89B4FF56754358E:8AFA753E40DAE41F]}" time="0.003"/>
   <testcase classname="org.elasticsearch.common.util.concurrent.CountDownTest" name="testConcurrent {#664 seed=[A89B4FF56754358E:737A806DE4D4C38B]}" time="0.004"/>
   <testcase classname="org.elasticsearch.common.util.concurrent.CountDownTest" name="testConcurrent {#665 seed=[A89B4FF56754358E:60BA6DAF9B464CC5]}" time="0.003"/>
   <testcase classname="org.elasticsearch.common.util.concurrent.CountDownTest" name="testConcurrent {#666 seed=[A89B4FF56754358E:557CF2BC5DA8AFB9]}" time="0.003"/>
   <testcase classname="org.elasticsearch.common.util.concurrent.CountDownTest" name="testConcurrent {#667 seed=[A89B4FF56754358E:801D422F3A388FD]}" time="0.003"/>
   <testcase classname="org.elasticsearch.common.util.concurrent.CountDownTest" name="testConcurrent {#668 seed=[A89B4FF56754358E:EF78DC3315246BC8]}" time="0.003"/>
   <testcase classname="org.elasticsearch.common.util.concurrent.CountDownTest" name="testConcurrent {#669 seed=[A89B4FF56754358E:30164DA9CB570BEA]}" time="0.003"/>
   <testcase classname="org.elasticsearch.common.util.concurrent.CountDownTest" name="testConcurrent {#670 seed=[A89B4FF56754358E:902B55374F5A1820]}" time="0.003"/>
   <testcase classname="org.elasticsearch.common.util.concurrent.CountDownTest" name="testConcurrent {#671 seed=[A89B4FF56754358E:994E8AFAAAE63ED5]}" time="0.003"/>
   <testcase classname="org.elasticsearch.common.util.concurrent.CountDownTest" name="testConcurrent {#672 seed=[A89B4FF56754358E:A330E2AB131C8200]}" time="0.003"/>
   <testcase classname="org.elasticsearch.common.util.concurrent.CountDownTest" name="testConcurrent {#673 seed=[A89B4FF56754358E:2D77C26EF86458FD]}" time="0.003"/>
   <testcase classname="org.elasticsearch.common.util.concurrent.CountDownTest" name="testConcurrent {#674 seed=[A89B4FF56754358E:44781504E327A8CD]}" time="0.003"/>
   <testcase classname="org.elasticsearch.common.util.concurrent.CountDownTest" name="testConcurrent {#675 seed=[A89B4FF56754358E:DA8075AB302CE39]}" time="0.003"/>
   <testcase classname="org.elasticsearch.common.util.concurrent.CountDownTest" name="testConcurrent {#676 seed=[A89B4FF56754358E:358B5E1FA968F9E6]}" time="0.003"/>
   <testcase classname="org.elasticsearch.common.util.concurrent.CountDownTest" name="testConcurrent {#677 seed=[A89B4FF56754358E:97244EC28BE2120]}" time="0.003"/>
   <testcase classname="org.elasticsearch.common.util.concurrent.CountDownTest" name="testConcurrent {#678 seed=[A89B4FF56754358E:5B4F7D8079C8E3C3]}" time="0.002"/>
   <testcase classname="org.elasticsearch.common.util.concurrent.CountDownTest" name="testConcurrent {#679 seed=[A89B4FF56754358E:9FE9E004A0A8FF72]}" time="0.003"/>
   <testcase classname="org.elasticsearch.common.util.concurrent.CountDownTest" name="testConcurrent {#680 seed=[A89B4FF56754358E:7F6E9E19584DD9C1]}" time="0.003"/>
   <testcase classname="org.elasticsearch.common.util.concurrent.CountDownTest" name="testConcurrent {#681 seed=[A89B4FF56754358E:B96D580A0A9F5EC7]}" time="0.002"/>
   <testcase classname="org.elasticsearch.common.util.concurrent.CountDownTest" name="testConcurrent {#682 seed=[A89B4FF56754358E:5529D47832A40E2B]}" time="0.003"/>
   <testcase classname="org.elasticsearch.common.util.concurrent.CountDownTest" name="testConcurrent {#683 seed=[A89B4FF56754358E:65DF750B07482BB9]}" time="0.002"/>
   <testcase classname="org.elasticsearch.common.util.concurrent.CountDownTest" name="testConcurrent {#684 seed=[A89B4FF56754358E:ADD47EFB3E81C2FC]}" time="0.002"/>
   <testcase classname="org.elasticsearch.common.util.concurrent.CountDownTest" name="testConcurrent {#685 seed=[A89B4FF56754358E:E3FAC3BA00D4F553]}" time="0.002"/>
   <testcase classname="org.elasticsearch.common.util.concurrent.CountDownTest" name="testConcurrent {#686 seed=[A89B4FF56754358E:EB1B59FF70F84D67]}" time="0.002"/>
   <testcase classname="org.elasticsearch.common.util.concurrent.CountDownTest" name="testConcurrent {#687 seed=[A89B4FF56754358E:E0594A9F42201404]}" time="0.003"/>
   <testcase classname="org.elasticsearch.common.util.concurrent.CountDownTest" name="testConcurrent {#688 seed=[A89B4FF56754358E:78BCADD13FAEBADA]}" time="0.002"/>
   <testcase classname="org.elasticsearch.common.util.concurrent.CountDownTest" name="testConcurrent {#689 seed=[A89B4FF56754358E:1961FE2264298DFC]}" time="0.002"/>
   <testcase classname="org.elasticsearch.common.util.concurrent.CountDownTest" name="testConcurrent {#690 seed=[A89B4FF56754358E:C7B18C147EB1ABC6]}" time="0.003"/>
   <testcase classname="org.elasticsearch.common.util.concurrent.CountDownTest" name="testConcurrent {#691 seed=[A89B4FF56754358E:309B638C724341D1]}" time="0.002"/>
   <testcase classname="org.elasticsearch.common.util.concurrent.CountDownTest" name="testConcurrent {#692 seed=[A89B4FF56754358E:410D862C8A5F1130]}" time="0.002"/>
   <testcase classname="org.elasticsearch.common.util.concurrent.CountDownTest" name="testConcurrent {#693 seed=[A89B4FF56754358E:EE293237CED59DC2]}" time="0.003"/>
   <testcase classname="org.elasticsearch.common.util.concurrent.CountDownTest" name="testConcurrent {#694 seed=[A89B4FF56754358E:978FC1F4A9B47E9A]}" time="0.002"/>
   <testcase classname="org.elasticsearch.common.util.concurrent.CountDownTest" name="testConcurrent {#695 seed=[A89B4FF56754358E:473465C8289F5B37]}" time="0.002"/>
   <testcase classname="org.elasticsearch.common.util.concurrent.CountDownTest" name="testConcurrent {#696 seed=[A89B4FF56754358E:C77C6F4EE7CC710D]}" time="0.003"/>
   <testcase classname="org.elasticsearch.common.util.concurrent.CountDownTest" name="testConcurrent {#697 seed=[A89B4FF56754358E:35D02B3B0893D9F8]}" time="0.003"/>
   <testcase classname="org.elasticsearch.common.util.concurrent.CountDownTest" name="testConcurrent {#698 seed=[A89B4FF56754358E:1651A8BCDAB77DCA]}" time="0.003"/>
   <testcase classname="org.elasticsearch.common.util.concurrent.CountDownTest" name="testConcurrent {#699 seed=[A89B4FF56754358E:406560A6169BFC6C]}" time="0.003"/>
   <testcase classname="org.elasticsearch.common.util.concurrent.CountDownTest" name="testConcurrent {#700 seed=[A89B4FF56754358E:90249CE5546DCC6C]}" time="0.003"/>
   <testcase classname="org.elasticsearch.common.util.concurrent.CountDownTest" name="testConcurrent {#701 seed=[A89B4FF56754358E:FE9B4C47D4BF3492]}" time="0.003"/>
   <testcase classname="org.elasticsearch.common.util.concurrent.CountDownTest" name="testConcurrent {#702 seed=[A89B4FF56754358E:CACF0F291B155F3C]}" time="0.003"/>
   <testcase classname="org.elasticsearch.common.util.concurrent.CountDownTest" name="testConcurrent {#703 seed=[A89B4FF56754358E:242E7F2F43E4322C]}" time="0.003"/>
   <testcase classname="org.elasticsearch.common.util.concurrent.CountDownTest" name="testConcurrent {#704 seed=[A89B4FF56754358E:E65D0507EAC9CA81]}" time="0.002"/>
   <testcase classname="org.elasticsearch.common.util.concurrent.CountDownTest" name="testConcurrent {#705 seed=[A89B4FF56754358E:52742DFCB0A6F963]}" time="0.002"/>
   <testcase classname="org.elasticsearch.common.util.concurrent.CountDownTest" name="testConcurrent {#706 seed=[A89B4FF56754358E:108CC841C0E7F19C]}" time="0.003"/>
   <testcase classname="org.elasticsearch.common.util.concurrent.CountDownTest" name="testConcurrent {#707 seed=[A89B4FF56754358E:415D55221E217076]}" time="0.003"/>
   <testcase classname="org.elasticsearch.common.util.concurrent.CountDownTest" name="testConcurrent {#708 seed=[A89B4FF56754358E:DCF8FC45D8BE82B4]}" time="0.002"/>
   <testcase classname="org.elasticsearch.common.util.concurrent.CountDownTest" name="testConcurrent {#709 seed=[A89B4FF56754358E:DFD34C84A6CD39AB]}" time="0.003"/>
   <testcase classname="org.elasticsearch.common.util.concurrent.CountDownTest" name="testConcurrent {#710 seed=[A89B4FF56754358E:E77BED2DD1279B66]}" time="0.003"/>
   <testcase classname="org.elasticsearch.common.util.concurrent.CountDownTest" name="testConcurrent {#711 seed=[A89B4FF56754358E:13C5D8A41787E251]}" time="0.003"/>
   <testcase classname="org.elasticsearch.common.util.concurrent.CountDownTest" name="testConcurrent {#712 seed=[A89B4FF56754358E:B680D836CD7530E1]}" time="0.002"/>
   <testcase classname="org.elasticsearch.common.util.concurrent.CountDownTest" name="testConcurrent {#713 seed=[A89B4FF56754358E:6469DD89FAD1539]}" time="0.002"/>
   <testcase classname="org.elasticsearch.common.util.concurrent.CountDownTest" name="testConcurrent {#714 seed=[A89B4FF56754358E:3CBEF3F6109DA9E6]}" time="0.003"/>
   <testcase classname="org.elasticsearch.common.util.concurrent.CountDownTest" name="testConcurrent {#715 seed=[A89B4FF56754358E:6CE585C131F55CC2]}" time="0.003"/>
   <testcase classname="org.elasticsearch.common.util.concurrent.CountDownTest" name="testConcurrent {#716 seed=[A89B4FF56754358E:A6AF6E06E6D42A98]}" time="0.002"/>
   <testcase classname="org.elasticsearch.common.util.concurrent.CountDownTest" name="testConcurrent {#717 seed=[A89B4FF56754358E:CD0F59CA493F4E6D]}" time="0.002"/>
   <testcase classname="org.elasticsearch.common.util.concurrent.CountDownTest" name="testConcurrent {#718 seed=[A89B4FF56754358E:A2FA9464BD436D43]}" time="0.003"/>
   <testcase classname="org.elasticsearch.common.util.concurrent.CountDownTest" name="testConcurrent {#719 seed=[A89B4FF56754358E:8539C3DF53EC6F31]}" time="0.003"/>
   <testcase classname="org.elasticsearch.common.util.concurrent.CountDownTest" name="testConcurrent {#720 seed=[A89B4FF56754358E:DEF7656DB817454]}" time="0.003"/>
   <testcase classname="org.elasticsearch.common.util.concurrent.CountDownTest" name="testConcurrent {#721 seed=[A89B4FF56754358E:82D589B73E5B51AF]}" time="0.005"/>
   <testcase classname="org.elasticsearch.common.util.concurrent.CountDownTest" name="testConcurrent {#722 seed=[A89B4FF56754358E:2283C7BEE92BF9BA]}" time="0.004"/>
   <testcase classname="org.elasticsearch.common.util.concurrent.CountDownTest" name="testConcurrent {#723 seed=[A89B4FF56754358E:5BB7EDD7D8A42D81]}" time="0.004"/>
   <testcase classname="org.elasticsearch.common.util.concurrent.CountDownTest" name="testConcurrent {#724 seed=[A89B4FF56754358E:BEFEA341F13EBBF3]}" time="0.003"/>
   <testcase classname="org.elasticsearch.common.util.concurrent.CountDownTest" name="testConcurrent {#725 seed=[A89B4FF56754358E:71C5E512154C3FA9]}" time="0.003"/>
   <testcase classname="org.elasticsearch.common.util.concurrent.CountDownTest" name="testConcurrent {#726 seed=[A89B4FF56754358E:D98E255F2798B8B6]}" time="0.002"/>
   <testcase classname="org.elasticsearch.common.util.concurrent.CountDownTest" name="testConcurrent {#727 seed=[A89B4FF56754358E:3858E1DC3217DA88]}" time="0.003"/>
   <testcase classname="org.elasticsearch.common.util.concurrent.CountDownTest" name="testConcurrent {#728 seed=[A89B4FF56754358E:4EAFC36BDA4CDDE2]}" time="0.003"/>
   <testcase classname="org.elasticsearch.common.util.concurrent.CountDownTest" name="testConcurrent {#729 seed=[A89B4FF56754358E:842F5C3B7F3B0491]}" time="0.002"/>
   <testcase classname="org.elasticsearch.common.util.concurrent.CountDownTest" name="testConcurrent {#730 seed=[A89B4FF56754358E:CC78F49AAD4E2880]}" time="0.002"/>
   <testcase classname="org.elasticsearch.common.util.concurrent.CountDownTest" name="testConcurrent {#731 seed=[A89B4FF56754358E:6D8EFB0B8E3DB177]}" time="0.003"/>
   <testcase classname="org.elasticsearch.common.util.concurrent.CountDownTest" name="testConcurrent {#732 seed=[A89B4FF56754358E:D9D1B7F758831730]}" time="0.003"/>
   <testcase classname="org.elasticsearch.common.util.concurrent.CountDownTest" name="testConcurrent {#733 seed=[A89B4FF56754358E:7C570F49AA03BE7C]}" time="0.003"/>
   <testcase classname="org.elasticsearch.common.util.concurrent.CountDownTest" name="testConcurrent {#734 seed=[A89B4FF56754358E:E877FADB3EB39D7]}" time="0.002"/>
   <testcase classname="org.elasticsearch.common.util.concurrent.CountDownTest" name="testConcurrent {#735 seed=[A89B4FF56754358E:429BC06E4C18B0B9]}" time="0.002"/>
   <testcase classname="org.elasticsearch.common.util.concurrent.CountDownTest" name="testConcurrent {#736 seed=[A89B4FF56754358E:C49EC31901C97243]}" time="0.003"/>
   <testcase classname="org.elasticsearch.common.util.concurrent.CountDownTest" name="testConcurrent {#737 seed=[A89B4FF56754358E:BFC1DAD57DF0D40E]}" time="0.003"/>
   <testcase classname="org.elasticsearch.common.util.concurrent.CountDownTest" name="testConcurrent {#738 seed=[A89B4FF56754358E:D1B186ABC9EF9A80]}" time="0.003"/>
   <testcase classname="org.elasticsearch.common.util.concurrent.CountDownTest" name="testConcurrent {#739 seed=[A89B4FF56754358E:735E3176A90359C1]}" time="0.005"/>
   <testcase classname="org.elasticsearch.common.util.concurrent.CountDownTest" name="testConcurrent {#740 seed=[A89B4FF56754358E:93C2E1E2B07B2A72]}" time="0.003"/>
   <testcase classname="org.elasticsearch.common.util.concurrent.CountDownTest" name="testConcurrent {#741 seed=[A89B4FF56754358E:68CA275A108C30]}" time="0.003"/>
   <testcase classname="org.elasticsearch.common.util.concurrent.CountDownTest" name="testConcurrent {#742 seed=[A89B4FF56754358E:BBB5E441E3D8FC96]}" time="0.003"/>
   <testcase classname="org.elasticsearch.common.util.concurrent.CountDownTest" name="testConcurrent {#743 seed=[A89B4FF56754358E:37530BA72DAB58DA]}" time="0.004"/>
   <testcase classname="org.elasticsearch.common.util.concurrent.CountDownTest" name="testConcurrent {#744 seed=[A89B4FF56754358E:F5F2025F6652299B]}" time="0.003"/>
   <testcase classname="org.elasticsearch.common.util.concurrent.CountDownTest" name="testConcurrent {#745 seed=[A89B4FF56754358E:F030CD033FFB552E]}" time="0.003"/>
   <testcase classname="org.elasticsearch.common.util.concurrent.CountDownTest" name="testConcurrent {#746 seed=[A89B4FF56754358E:F49950998895F746]}" time="0.003"/>
   <testcase classname="org.elasticsearch.common.util.concurrent.CountDownTest" name="testConcurrent {#747 seed=[A89B4FF56754358E:2422A831FC29B66D]}" time="0.003"/>
   <testcase classname="org.elasticsearch.common.util.concurrent.CountDownTest" name="testConcurrent {#748 seed=[A89B4FF56754358E:16AF0985349BBC8A]}" time="0.004"/>
   <testcase classname="org.elasticsearch.common.util.concurrent.CountDownTest" name="testConcurrent {#749 seed=[A89B4FF56754358E:4DBE83806527305B]}" time="0.003"/>
   <testcase classname="org.elasticsearch.common.util.concurrent.CountDownTest" name="testConcurrent {#750 seed=[A89B4FF56754358E:AD7D39D00F99AC16]}" time="0.003"/>
   <testcase classname="org.elasticsearch.common.util.concurrent.CountDownTest" name="testConcurrent {#751 seed=[A89B4FF56754358E:95C6114EDE6D1476]}" time="0.003"/>
   <testcase classname="org.elasticsearch.common.util.concurrent.CountDownTest" name="testConcurrent {#752 seed=[A89B4FF56754358E:FFDC29097DC2EAA8]}" time="0.003"/>
   <testcase classname="org.elasticsearch.common.util.concurrent.CountDownTest" name="testConcurrent {#753 seed=[A89B4FF56754358E:AB8327CC61384761]}" time="0.004"/>
   <testcase classname="org.elasticsearch.common.util.concurrent.CountDownTest" name="testConcurrent {#754 seed=[A89B4FF56754358E:E538BA1C1EC4BEDC]}" time="0.003"/>
   <testcase classname="org.elasticsearch.common.util.concurrent.CountDownTest" name="testConcurrent {#755 seed=[A89B4FF56754358E:F5F022984E888D31]}" time="0.003"/>
   <testcase classname="org.elasticsearch.common.util.concurrent.CountDownTest" name="testConcurrent {#756 seed=[A89B4FF56754358E:86512DBA07B92F9D]}" time="0.004"/>
   <testcase classname="org.elasticsearch.common.util.concurrent.CountDownTest" name="testConcurrent {#757 seed=[A89B4FF56754358E:5679E23FFBA3006C]}" time="0.003"/>
   <testcase classname="org.elasticsearch.common.util.concurrent.CountDownTest" name="testConcurrent {#758 seed=[A89B4FF56754358E:A80A4CB0DFE4739E]}" time="0.004"/>
   <testcase classname="org.elasticsearch.common.util.concurrent.CountDownTest" name="testConcurrent {#759 seed=[A89B4FF56754358E:4A68A8217F2D02A9]}" time="0.004"/>
   <testcase classname="org.elasticsearch.common.util.concurrent.CountDownTest" name="testConcurrent {#760 seed=[A89B4FF56754358E:F7279B2449E0D5D6]}" time="0.003"/>
   <testcase classname="org.elasticsearch.common.util.concurrent.CountDownTest" name="testConcurrent {#761 seed=[A89B4FF56754358E:B79A72F5C8D2A1E5]}" time="0.003"/>
   <testcase classname="org.elasticsearch.common.util.concurrent.CountDownTest" name="testConcurrent {#762 seed=[A89B4FF56754358E:C5BFEE5790543FD1]}" time="0.002"/>
   <testcase classname="org.elasticsearch.common.util.concurrent.CountDownTest" name="testConcurrent {#763 seed=[A89B4FF56754358E:D8B15EF344C71F7C]}" time="0.003"/>
   <testcase classname="org.elasticsearch.common.util.concurrent.CountDownTest" name="testConcurrent {#764 seed=[A89B4FF56754358E:F916E5B177696AE0]}" time="0.003"/>
   <testcase classname="org.elasticsearch.common.util.concurrent.CountDownTest" name="testConcurrent {#765 seed=[A89B4FF56754358E:4E2779AC66F9FA7D]}" time="0.002"/>
   <testcase classname="org.elasticsearch.common.util.concurrent.CountDownTest" name="testConcurrent {#766 seed=[A89B4FF56754358E:F01124D3DF901A67]}" time="0.002"/>
   <testcase classname="org.elasticsearch.common.util.concurrent.CountDownTest" name="testConcurrent {#767 seed=[A89B4FF56754358E:CC41C67649D396BA]}" time="0.003"/>
   <testcase classname="org.elasticsearch.common.util.concurrent.CountDownTest" name="testConcurrent {#768 seed=[A89B4FF56754358E:E12FD3E7FB42714F]}" time="0.005"/>
   <testcase classname="org.elasticsearch.common.util.concurrent.CountDownTest" name="testConcurrent {#769 seed=[A89B4FF56754358E:415F910933FA6572]}" time="0.003"/>
   <testcase classname="org.elasticsearch.common.util.concurrent.CountDownTest" name="testConcurrent {#770 seed=[A89B4FF56754358E:F4C603DA0246030E]}" time="0.003"/>
   <testcase classname="org.elasticsearch.common.util.concurrent.CountDownTest" name="testConcurrent {#771 seed=[A89B4FF56754358E:D3148ADD830F887E]}" time="0.004"/>
   <testcase classname="org.elasticsearch.common.util.concurrent.CountDownTest" name="testConcurrent {#772 seed=[A89B4FF56754358E:94A3AB152F4052D]}" time="0.004"/>
   <testcase classname="org.elasticsearch.common.util.concurrent.CountDownTest" name="testConcurrent {#773 seed=[A89B4FF56754358E:801DC1DF9F517965]}" time="0.003"/>
   <testcase classname="org.elasticsearch.common.util.concurrent.CountDownTest" name="testConcurrent {#774 seed=[A89B4FF56754358E:53145C555E2EECD]}" time="0.003"/>
   <testcase classname="org.elasticsearch.common.util.concurrent.CountDownTest" name="testConcurrent {#775 seed=[A89B4FF56754358E:214C26DFE39DAD1B]}" time="0.003"/>
   <testcase classname="org.elasticsearch.common.util.concurrent.CountDownTest" name="testConcurrent {#776 seed=[A89B4FF56754358E:31DCCA12A576A3A8]}" time="0.002"/>
   <testcase classname="org.elasticsearch.common.util.concurrent.CountDownTest" name="testConcurrent {#777 seed=[A89B4FF56754358E:EB38872DC1C42DA8]}" time="0.003"/>
   <testcase classname="org.elasticsearch.common.util.concurrent.CountDownTest" name="testConcurrent {#778 seed=[A89B4FF56754358E:6198BD8E6C28B38C]}" time="0.003"/>
   <testcase classname="org.elasticsearch.common.util.concurrent.CountDownTest" name="testConcurrent {#779 seed=[A89B4FF56754358E:3FD8B3FCF332EC76]}" time="0.003"/>
   <testcase classname="org.elasticsearch.common.util.concurrent.CountDownTest" name="testConcurrent {#780 seed=[A89B4FF56754358E:B899B40FBA7D5AAA]}" time="0.003"/>
   <testcase classname="org.elasticsearch.common.util.concurrent.CountDownTest" name="testConcurrent {#781 seed=[A89B4FF56754358E:AF0CBF71A1480A9]}" time="0.003"/>
   <testcase classname="org.elasticsearch.common.util.concurrent.CountDownTest" name="testConcurrent {#782 seed=[A89B4FF56754358E:39F2F30232A9E2D6]}" time="0.003"/>
   <testcase classname="org.elasticsearch.common.util.concurrent.CountDownTest" name="testConcurrent {#783 seed=[A89B4FF56754358E:72A6A7607A9FCFBC]}" time="0.002"/>
   <testcase classname="org.elasticsearch.common.util.concurrent.CountDownTest" name="testConcurrent {#784 seed=[A89B4FF56754358E:7B3AA6453241A23B]}" time="0.003"/>
   <testcase classname="org.elasticsearch.common.util.concurrent.CountDownTest" name="testConcurrent {#785 seed=[A89B4FF56754358E:E8109168D1043E32]}" time="0.002"/>
   <testcase classname="org.elasticsearch.common.util.concurrent.CountDownTest" name="testConcurrent {#786 seed=[A89B4FF56754358E:C2045FFC09D38C2D]}" time="0.002"/>
   <testcase classname="org.elasticsearch.common.util.concurrent.CountDownTest" name="testConcurrent {#787 seed=[A89B4FF56754358E:23EF29903413A068]}" time="0.003"/>
   <testcase classname="org.elasticsearch.common.util.concurrent.CountDownTest" name="testConcurrent {#788 seed=[A89B4FF56754358E:C47A946DC5805853]}" time="0.003"/>
   <testcase classname="org.elasticsearch.common.util.concurrent.CountDownTest" name="testConcurrent {#789 seed=[A89B4FF56754358E:D584DC4DC482735C]}" time="0.002"/>
   <testcase classname="org.elasticsearch.common.util.concurrent.CountDownTest" name="testConcurrent {#790 seed=[A89B4FF56754358E:1B5C47054FEF327D]}" time="0.003"/>
   <testcase classname="org.elasticsearch.common.util.concurrent.CountDownTest" name="testConcurrent {#791 seed=[A89B4FF56754358E:9936BDA3F10E7EB5]}" time="0.002"/>
   <testcase classname="org.elasticsearch.common.util.concurrent.CountDownTest" name="testConcurrent {#792 seed=[A89B4FF56754358E:2502924F2D49CB56]}" time="0.002"/>
   <testcase classname="org.elasticsearch.common.util.concurrent.CountDownTest" name="testConcurrent {#793 seed=[A89B4FF56754358E:5CA27FF55A595F74]}" time="0.003"/>
   <testcase classname="org.elasticsearch.common.util.concurrent.CountDownTest" name="testConcurrent {#794 seed=[A89B4FF56754358E:D31BD7A080E8226B]}" time="0.002"/>
   <testcase classname="org.elasticsearch.common.util.concurrent.CountDownTest" name="testConcurrent {#795 seed=[A89B4FF56754358E:DC59245DC203C8F6]}" time="0.002"/>
   <testcase classname="org.elasticsearch.common.util.concurrent.CountDownTest" name="testConcurrent {#796 seed=[A89B4FF56754358E:8B872490460C1CE2]}" time="0.003"/>
   <testcase classname="org.elasticsearch.common.util.concurrent.CountDownTest" name="testConcurrent {#797 seed=[A89B4FF56754358E:42CA4309E2805FF1]}" time="0.003"/>
   <testcase classname="org.elasticsearch.common.util.concurrent.CountDownTest" name="testConcurrent {#798 seed=[A89B4FF56754358E:19A54ABF4802676B]}" time="0.003"/>
   <testcase classname="org.elasticsearch.common.util.concurrent.CountDownTest" name="testConcurrent {#799 seed=[A89B4FF56754358E:8664323E87651B30]}" time="0.003"/>
   <testcase classname="org.elasticsearch.common.util.concurrent.CountDownTest" name="testConcurrent {#800 seed=[A89B4FF56754358E:1F2D36C98EA80FD2]}" time="0.002"/>
   <testcase classname="org.elasticsearch.common.util.concurrent.CountDownTest" name="testConcurrent {#801 seed=[A89B4FF56754358E:9705B8E2D15E2A78]}" time="0.002"/>
   <testcase classname="org.elasticsearch.common.util.concurrent.CountDownTest" name="testConcurrent {#802 seed=[A89B4FF56754358E:D8E8B288BD24D514]}" time="0.003"/>
   <testcase classname="org.elasticsearch.common.util.concurrent.CountDownTest" name="testConcurrent {#803 seed=[A89B4FF56754358E:8D11F6DA8DD4668E]}" time="0.003"/>
   <testcase classname="org.elasticsearch.common.util.concurrent.CountDownTest" name="testConcurrent {#804 seed=[A89B4FF56754358E:AAB7624012BA1242]}" time="0.003"/>
   <testcase classname="org.elasticsearch.common.util.concurrent.CountDownTest" name="testConcurrent {#805 seed=[A89B4FF56754358E:F529E984DB24135F]}" time="0.004"/>
   <testcase classname="org.elasticsearch.common.util.concurrent.CountDownTest" name="testConcurrent {#806 seed=[A89B4FF56754358E:71BD266F07936FAB]}" time="0.005"/>
   <testcase classname="org.elasticsearch.common.util.concurrent.CountDownTest" name="testConcurrent {#807 seed=[A89B4FF56754358E:315AD0B6B944EBDC]}" time="0.004"/>
   <testcase classname="org.elasticsearch.common.util.concurrent.CountDownTest" name="testConcurrent {#808 seed=[A89B4FF56754358E:65647C5FB6240CC]}" time="0.004"/>
   <testcase classname="org.elasticsearch.common.util.concurrent.CountDownTest" name="testConcurrent {#809 seed=[A89B4FF56754358E:A9AFAF7026581609]}" time="0.003"/>
   <testcase classname="org.elasticsearch.common.util.concurrent.CountDownTest" name="testConcurrent {#810 seed=[A89B4FF56754358E:2CC107F2E12B7C81]}" time="0.003"/>
   <testcase classname="org.elasticsearch.common.util.concurrent.CountDownTest" name="testConcurrent {#811 seed=[A89B4FF56754358E:4B471595E45C0111]}" time="0.003"/>
   <testcase classname="org.elasticsearch.common.util.concurrent.CountDownTest" name="testConcurrent {#812 seed=[A89B4FF56754358E:28D59D4CA42E7CBC]}" time="0.002"/>
   <testcase classname="org.elasticsearch.common.util.concurrent.CountDownTest" name="testConcurrent {#813 seed=[A89B4FF56754358E:1BFDCECB881C0700]}" time="0.004"/>
   <testcase classname="org.elasticsearch.common.util.concurrent.CountDownTest" name="testConcurrent {#814 seed=[A89B4FF56754358E:EEC0BDB854073818]}" time="0.003"/>
   <testcase classname="org.elasticsearch.common.util.concurrent.CountDownTest" name="testConcurrent {#815 seed=[A89B4FF56754358E:5B72E6EDE601CA69]}" time="0.003"/>
   <testcase classname="org.elasticsearch.common.util.concurrent.CountDownTest" name="testConcurrent {#816 seed=[A89B4FF56754358E:E38BBE9AA180932]}" time="0.005"/>
   <testcase classname="org.elasticsearch.common.util.concurrent.CountDownTest" name="testConcurrent {#817 seed=[A89B4FF56754358E:BD087D474AE7797A]}" time="0.003"/>
   <testcase classname="org.elasticsearch.common.util.concurrent.CountDownTest" name="testConcurrent {#818 seed=[A89B4FF56754358E:914159B32DB5B459]}" time="0.003"/>
   <testcase classname="org.elasticsearch.common.util.concurrent.CountDownTest" name="testConcurrent {#819 seed=[A89B4FF56754358E:6B0F8515D6016839]}" time="0.003"/>
   <testcase classname="org.elasticsearch.common.util.concurrent.CountDownTest" name="testConcurrent {#820 seed=[A89B4FF56754358E:D9FA439C1E4867DC]}" time="0.003"/>
   <testcase classname="org.elasticsearch.common.util.concurrent.CountDownTest" name="testConcurrent {#821 seed=[A89B4FF56754358E:7FD3CC63CD11FE7C]}" time="0.003"/>
   <testcase classname="org.elasticsearch.common.util.concurrent.CountDownTest" name="testConcurrent {#822 seed=[A89B4FF56754358E:56A4A958D6004700]}" time="0.003"/>
   <testcase classname="org.elasticsearch.common.util.concurrent.CountDownTest" name="testConcurrent {#823 seed=[A89B4FF56754358E:2A1BC4838D7A842B]}" time="0.002"/>
   <testcase classname="org.elasticsearch.common.util.concurrent.CountDownTest" name="testConcurrent {#824 seed=[A89B4FF56754358E:2DFC8AC0F4A734EB]}" time="0.003"/>
   <testcase classname="org.elasticsearch.common.util.concurrent.CountDownTest" name="testConcurrent {#825 seed=[A89B4FF56754358E:CCBF4F55E3278F22]}" time="0.004"/>
   <testcase classname="org.elasticsearch.common.util.concurrent.CountDownTest" name="testConcurrent {#826 seed=[A89B4FF56754358E:606821A919E0DA75]}" time="0.004"/>
   <testcase classname="org.elasticsearch.common.util.concurrent.CountDownTest" name="testConcurrent {#827 seed=[A89B4FF56754358E:3BF80A9E0E87FE91]}" time="0.003"/>
   <testcase classname="org.elasticsearch.common.util.concurrent.CountDownTest" name="testConcurrent {#828 seed=[A89B4FF56754358E:B3A83C4C6F3954B1]}" time="0.003"/>
   <testcase classname="org.elasticsearch.common.util.concurrent.CountDownTest" name="testConcurrent {#829 seed=[A89B4FF56754358E:6888CCF1BE8620A4]}" time="0.003"/>
   <testcase classname="org.elasticsearch.common.util.concurrent.CountDownTest" name="testConcurrent {#830 seed=[A89B4FF56754358E:2375F96827F52859]}" time="0.003"/>
   <testcase classname="org.elasticsearch.common.util.concurrent.CountDownTest" name="testConcurrent {#831 seed=[A89B4FF56754358E:557CA5D072DC8BCA]}" time="0.003"/>
   <testcase classname="org.elasticsearch.common.util.concurrent.CountDownTest" name="testConcurrent {#832 seed=[A89B4FF56754358E:7A4CDFB0488179E]}" time="0.003"/>
   <testcase classname="org.elasticsearch.common.util.concurrent.CountDownTest" name="testConcurrent {#833 seed=[A89B4FF56754358E:D1B2EA124C03E919]}" time="0.003"/>
   <testcase classname="org.elasticsearch.common.util.concurrent.CountDownTest" name="testConcurrent {#834 seed=[A89B4FF56754358E:6852AB3E6BCD63D6]}" time="0.003"/>
   <testcase classname="org.elasticsearch.common.util.concurrent.CountDownTest" name="testConcurrent {#835 seed=[A89B4FF56754358E:B1B9F1808D1C0F36]}" time="0.003"/>
   <testcase classname="org.elasticsearch.common.util.concurrent.CountDownTest" name="testConcurrent {#836 seed=[A89B4FF56754358E:1E67A1BEBD6CF62]}" time="0.003"/>
   <testcase classname="org.elasticsearch.common.util.concurrent.CountDownTest" name="testConcurrent {#837 seed=[A89B4FF56754358E:60BEE31E791ED3C]}" time="0.003"/>
   <testcase classname="org.elasticsearch.common.util.concurrent.CountDownTest" name="testConcurrent {#838 seed=[A89B4FF56754358E:F00CD5415AEE3795]}" time="0.002"/>
   <testcase classname="org.elasticsearch.common.util.concurrent.CountDownTest" name="testConcurrent {#839 seed=[A89B4FF56754358E:1B561F8B172B179F]}" time="0.002"/>
   <testcase classname="org.elasticsearch.common.util.concurrent.CountDownTest" name="testConcurrent {#840 seed=[A89B4FF56754358E:B28D80CB58270CBE]}" time="0.003"/>
   <testcase classname="org.elasticsearch.common.util.concurrent.CountDownTest" name="testConcurrent {#841 seed=[A89B4FF56754358E:A68666C9BDCE33BC]}" time="0.002"/>
   <testcase classname="org.elasticsearch.common.util.concurrent.CountDownTest" name="testConcurrent {#842 seed=[A89B4FF56754358E:8374F294D041999B]}" time="0.003"/>
   <testcase classname="org.elasticsearch.common.util.concurrent.CountDownTest" name="testConcurrent {#843 seed=[A89B4FF56754358E:EADCE0DB4F632303]}" time="0.004"/>
   <testcase classname="org.elasticsearch.common.util.concurrent.CountDownTest" name="testConcurrent {#844 seed=[A89B4FF56754358E:1254AAB2C511DC9E]}" time="0.003"/>
   <testcase classname="org.elasticsearch.common.util.concurrent.CountDownTest" name="testConcurrent {#845 seed=[A89B4FF56754358E:D30FB317E398E047]}" time="0.002"/>
   <testcase classname="org.elasticsearch.common.util.concurrent.CountDownTest" name="testConcurrent {#846 seed=[A89B4FF56754358E:78230E98C1E92BF1]}" time="0.003"/>
   <testcase classname="org.elasticsearch.common.util.concurrent.CountDownTest" name="testConcurrent {#847 seed=[A89B4FF56754358E:67FB0008AC1BB996]}" time="0.003"/>
   <testcase classname="org.elasticsearch.common.util.concurrent.CountDownTest" name="testConcurrent {#848 seed=[A89B4FF56754358E:67556A1E37D91B3C]}" time="0.002"/>
   <testcase classname="org.elasticsearch.common.util.concurrent.CountDownTest" name="testConcurrent {#849 seed=[A89B4FF56754358E:8E112CB98466C0FC]}" time="0.002"/>
   <testcase classname="org.elasticsearch.common.util.concurrent.CountDownTest" name="testConcurrent {#850 seed=[A89B4FF56754358E:781A61A79D8212EA]}" time="0.003"/>
   <testcase classname="org.elasticsearch.common.util.concurrent.CountDownTest" name="testConcurrent {#851 seed=[A89B4FF56754358E:310FCEBB3FEFB824]}" time="0.002"/>
   <testcase classname="org.elasticsearch.common.util.concurrent.CountDownTest" name="testConcurrent {#852 seed=[A89B4FF56754358E:4E7171D2A57D3EC5]}" time="0.002"/>
   <testcase classname="org.elasticsearch.common.util.concurrent.CountDownTest" name="testConcurrent {#853 seed=[A89B4FF56754358E:65D5A8CDA3B9C9A1]}" time="0.002"/>
   <testcase classname="org.elasticsearch.common.util.concurrent.CountDownTest" name="testConcurrent {#854 seed=[A89B4FF56754358E:E824BF8CAE1D1354]}" time="0.003"/>
   <testcase classname="org.elasticsearch.common.util.concurrent.CountDownTest" name="testConcurrent {#855 seed=[A89B4FF56754358E:BCE0B9F77742872]}" time="0.002"/>
   <testcase classname="org.elasticsearch.common.util.concurrent.CountDownTest" name="testConcurrent {#856 seed=[A89B4FF56754358E:BFC634E06BCB71C8]}" time="0.002"/>
   <testcase classname="org.elasticsearch.common.util.concurrent.CountDownTest" name="testConcurrent {#857 seed=[A89B4FF56754358E:426BFE361B47CE80]}" time="0.004"/>
   <testcase classname="org.elasticsearch.common.util.concurrent.CountDownTest" name="testConcurrent {#858 seed=[A89B4FF56754358E:5444869FFEBFB461]}" time="0.002"/>
   <testcase classname="org.elasticsearch.common.util.concurrent.CountDownTest" name="testConcurrent {#859 seed=[A89B4FF56754358E:220B9C1B6513F29C]}" time="0.002"/>
   <testcase classname="org.elasticsearch.common.util.concurrent.CountDownTest" name="testConcurrent {#860 seed=[A89B4FF56754358E:B80188AF0C89C01]}" time="0.003"/>
   <testcase classname="org.elasticsearch.common.util.concurrent.CountDownTest" name="testConcurrent {#861 seed=[A89B4FF56754358E:F89A8B5400C619C5]}" time="0.003"/>
   <testcase classname="org.elasticsearch.common.util.concurrent.CountDownTest" name="testConcurrent {#862 seed=[A89B4FF56754358E:D67A1055FCBE79B0]}" time="0.003"/>
   <testcase classname="org.elasticsearch.common.util.concurrent.CountDownTest" name="testConcurrent {#863 seed=[A89B4FF56754358E:DED8E03D385E832B]}" time="0.002"/>
   <testcase classname="org.elasticsearch.common.util.concurrent.CountDownTest" name="testConcurrent {#864 seed=[A89B4FF56754358E:D137138BDD013215]}" time="0.002"/>
   <testcase classname="org.elasticsearch.common.util.concurrent.CountDownTest" name="testConcurrent {#865 seed=[A89B4FF56754358E:CFED24F4F23F5FD9]}" time="0.003"/>
   <testcase classname="org.elasticsearch.common.util.concurrent.CountDownTest" name="testConcurrent {#866 seed=[A89B4FF56754358E:F78FC3EDF7ED7CC0]}" time="0.003"/>
   <testcase classname="org.elasticsearch.common.util.concurrent.CountDownTest" name="testConcurrent {#867 seed=[A89B4FF56754358E:E403ACBE0DD77516]}" time="0.002"/>
   <testcase classname="org.elasticsearch.common.util.concurrent.CountDownTest" name="testConcurrent {#868 seed=[A89B4FF56754358E:F9A1BD3E13A17183]}" time="0.003"/>
   <testcase classname="org.elasticsearch.common.util.concurrent.CountDownTest" name="testConcurrent {#869 seed=[A89B4FF56754358E:E87ECC82DF259E76]}" time="0.002"/>
   <testcase classname="org.elasticsearch.common.util.concurrent.CountDownTest" name="testConcurrent {#870 seed=[A89B4FF56754358E:D7AAD56DDD23B854]}" time="0.003"/>
   <testcase classname="org.elasticsearch.common.util.concurrent.CountDownTest" name="testConcurrent {#871 seed=[A89B4FF56754358E:AC6A05B37126C934]}" time="0.002"/>
   <testcase classname="org.elasticsearch.common.util.concurrent.CountDownTest" name="testConcurrent {#872 seed=[A89B4FF56754358E:945BF417A864B843]}" time="0.003"/>
   <testcase classname="org.elasticsearch.common.util.concurrent.CountDownTest" name="testConcurrent {#873 seed=[A89B4FF56754358E:C5CCA0A0E3A10EFB]}" time="0.003"/>
   <testcase classname="org.elasticsearch.common.util.concurrent.CountDownTest" name="testConcurrent {#874 seed=[A89B4FF56754358E:B17A6718000AE952]}" time="0.002"/>
   <testcase classname="org.elasticsearch.common.util.concurrent.CountDownTest" name="testConcurrent {#875 seed=[A89B4FF56754358E:F76FCCF8E272B1DD]}" time="0.002"/>
   <testcase classname="org.elasticsearch.common.util.concurrent.CountDownTest" name="testConcurrent {#876 seed=[A89B4FF56754358E:80C376AD4829B3E2]}" time="0.003"/>
   <testcase classname="org.elasticsearch.common.util.concurrent.CountDownTest" name="testConcurrent {#877 seed=[A89B4FF56754358E:5A0FBF8391770F5E]}" time="0.003"/>
   <testcase classname="org.elasticsearch.common.util.concurrent.CountDownTest" name="testConcurrent {#878 seed=[A89B4FF56754358E:1B8DD09D2F0B1F5D]}" time="0.002"/>
   <testcase classname="org.elasticsearch.common.util.concurrent.CountDownTest" name="testConcurrent {#879 seed=[A89B4FF56754358E:C0AB304E20509607]}" time="0.003"/>
   <testcase classname="org.elasticsearch.common.util.concurrent.CountDownTest" name="testConcurrent {#880 seed=[A89B4FF56754358E:9E3D300CCA6C08EB]}" time="0.002"/>
   <testcase classname="org.elasticsearch.common.util.concurrent.CountDownTest" name="testConcurrent {#881 seed=[A89B4FF56754358E:3F266C5B04B0233F]}" time="0.002"/>
   <testcase classname="org.elasticsearch.common.util.concurrent.CountDownTest" name="testConcurrent {#882 seed=[A89B4FF56754358E:82F00E5EBBF67338]}" time="0.003"/>
   <testcase classname="org.elasticsearch.common.util.concurrent.CountDownTest" name="testConcurrent {#883 seed=[A89B4FF56754358E:9DA85DF50022EDB6]}" time="0.002"/>
   <testcase classname="org.elasticsearch.common.util.concurrent.CountDownTest" name="testConcurrent {#884 seed=[A89B4FF56754358E:E283F401DC50BBA1]}" time="0.002"/>
   <testcase classname="org.elasticsearch.common.util.concurrent.CountDownTest" name="testConcurrent {#885 seed=[A89B4FF56754358E:F7529D6A5AE182DB]}" time="0.003"/>
   <testcase classname="org.elasticsearch.common.util.concurrent.CountDownTest" name="testConcurrent {#886 seed=[A89B4FF56754358E:9CEBE065A8BB5A39]}" time="0.002"/>
   <testcase classname="org.elasticsearch.common.util.concurrent.CountDownTest" name="testConcurrent {#887 seed=[A89B4FF56754358E:657EA3DB2AADA2B5]}" time="0.009"/>
   <testcase classname="org.elasticsearch.common.util.concurrent.CountDownTest" name="testConcurrent {#888 seed=[A89B4FF56754358E:E85C83B0937180ED]}" time="0.003"/>
   <testcase classname="org.elasticsearch.common.util.concurrent.CountDownTest" name="testConcurrent {#889 seed=[A89B4FF56754358E:5A4B6324F2D145C8]}" time="0.002"/>
   <testcase classname="org.elasticsearch.common.util.concurrent.CountDownTest" name="testConcurrent {#890 seed=[A89B4FF56754358E:F6D1457C10029BD1]}" time="0.002"/>
   <testcase classname="org.elasticsearch.common.util.concurrent.CountDownTest" name="testConcurrent {#891 seed=[A89B4FF56754358E:CB4BCE5336591A0D]}" time="0.005"/>
   <testcase classname="org.elasticsearch.common.util.concurrent.CountDownTest" name="testConcurrent {#892 seed=[A89B4FF56754358E:CBBD7B90A2EF2481]}" time="0.003"/>
   <testcase classname="org.elasticsearch.common.util.concurrent.CountDownTest" name="testConcurrent {#893 seed=[A89B4FF56754358E:DD743C8A0B8C84B3]}" time="0.002"/>
   <testcase classname="org.elasticsearch.common.util.concurrent.CountDownTest" name="testConcurrent {#894 seed=[A89B4FF56754358E:D2443173853C8A1A]}" time="0.002"/>
   <testcase classname="org.elasticsearch.common.util.concurrent.CountDownTest" name="testConcurrent {#895 seed=[A89B4FF56754358E:147B4F0836F4DD14]}" time="0.003"/>
   <testcase classname="org.elasticsearch.common.util.concurrent.CountDownTest" name="testConcurrent {#896 seed=[A89B4FF56754358E:D16DD916F551D55]}" time="0.004"/>
   <testcase classname="org.elasticsearch.common.util.concurrent.CountDownTest" name="testConcurrent {#897 seed=[A89B4FF56754358E:8E869C899F31F766]}" time="0.008"/>
   <testcase classname="org.elasticsearch.common.util.concurrent.CountDownTest" name="testConcurrent {#898 seed=[A89B4FF56754358E:BE57771215538FF]}" time="0.004"/>
   <testcase classname="org.elasticsearch.common.util.concurrent.CountDownTest" name="testConcurrent {#899 seed=[A89B4FF56754358E:F77AE2CCA305B03A]}" time="0.004"/>
   <testcase classname="org.elasticsearch.common.util.concurrent.CountDownTest" name="testConcurrent {#900 seed=[A89B4FF56754358E:3761E7B2AC165CA8]}" time="0.005"/>
   <testcase classname="org.elasticsearch.common.util.concurrent.CountDownTest" name="testConcurrent {#901 seed=[A89B4FF56754358E:E9570035D24785F]}" time="0.005"/>
   <testcase classname="org.elasticsearch.common.util.concurrent.CountDownTest" name="testConcurrent {#902 seed=[A89B4FF56754358E:2DE41DA31BD471CA]}" time="0.004"/>
   <testcase classname="org.elasticsearch.common.util.concurrent.CountDownTest" name="testConcurrent {#903 seed=[A89B4FF56754358E:24B677F1411A6FF0]}" time="0.005"/>
   <testcase classname="org.elasticsearch.common.util.concurrent.CountDownTest" name="testConcurrent {#904 seed=[A89B4FF56754358E:5BB7E4BEB372B8BA]}" time="0.004"/>
   <testcase classname="org.elasticsearch.common.util.concurrent.CountDownTest" name="testConcurrent {#905 seed=[A89B4FF56754358E:55FD2719754C70E6]}" time="0.005"/>
   <testcase classname="org.elasticsearch.common.util.concurrent.CountDownTest" name="testConcurrent {#906 seed=[A89B4FF56754358E:A9EFF3CA0E69CF49]}" time="0.003"/>
   <testcase classname="org.elasticsearch.common.util.concurrent.CountDownTest" name="testConcurrent {#907 seed=[A89B4FF56754358E:7DD3D7A1A2D5C377]}" time="0.003"/>
   <testcase classname="org.elasticsearch.common.util.concurrent.CountDownTest" name="testConcurrent {#908 seed=[A89B4FF56754358E:9B377B358BB1D3BC]}" time="0.004"/>
   <testcase classname="org.elasticsearch.common.util.concurrent.CountDownTest" name="testConcurrent {#909 seed=[A89B4FF56754358E:CE0C48C33B60D4B8]}" time="0.003"/>
   <testcase classname="org.elasticsearch.common.util.concurrent.CountDownTest" name="testConcurrent {#910 seed=[A89B4FF56754358E:97930A2DB1F5951]}" time="0.003"/>
   <testcase classname="org.elasticsearch.common.util.concurrent.CountDownTest" name="testConcurrent {#911 seed=[A89B4FF56754358E:3AC3CD2124534923]}" time="0.003"/>
   <testcase classname="org.elasticsearch.common.util.concurrent.CountDownTest" name="testConcurrent {#912 seed=[A89B4FF56754358E:83D65CC6AD3CA3F9]}" time="0.004"/>
   <testcase classname="org.elasticsearch.common.util.concurrent.CountDownTest" name="testConcurrent {#913 seed=[A89B4FF56754358E:A9A91DE9FBF88A51]}" time="0.003"/>
   <testcase classname="org.elasticsearch.common.util.concurrent.CountDownTest" name="testConcurrent {#914 seed=[A89B4FF56754358E:23B15C898F701080]}" time="0.003"/>
   <testcase classname="org.elasticsearch.common.util.concurrent.CountDownTest" name="testConcurrent {#915 seed=[A89B4FF56754358E:80E7E826052231E]}" time="0.003"/>
   <testcase classname="org.elasticsearch.common.util.concurrent.CountDownTest" name="testConcurrent {#916 seed=[A89B4FF56754358E:B17BD193DBA7DDE7]}" time="0.004"/>
   <testcase classname="org.elasticsearch.common.util.concurrent.CountDownTest" name="testConcurrent {#917 seed=[A89B4FF56754358E:52261AC7CA2B5482]}" time="0.003"/>
   <testcase classname="org.elasticsearch.common.util.concurrent.CountDownTest" name="testConcurrent {#918 seed=[A89B4FF56754358E:452528FEC1F1C607]}" time="0.003"/>
   <testcase classname="org.elasticsearch.common.util.concurrent.CountDownTest" name="testConcurrent {#919 seed=[A89B4FF56754358E:36619D290861367F]}" time="0.003"/>
   <testcase classname="org.elasticsearch.common.util.concurrent.CountDownTest" name="testConcurrent {#920 seed=[A89B4FF56754358E:D38BA7C5281F5D00]}" time="0.002"/>
   <testcase classname="org.elasticsearch.common.util.concurrent.CountDownTest" name="testConcurrent {#921 seed=[A89B4FF56754358E:20D4C7B8C4B28371]}" time="0.002"/>
   <testcase classname="org.elasticsearch.common.util.concurrent.CountDownTest" name="testConcurrent {#922 seed=[A89B4FF56754358E:257D85704BE6DE24]}" time="0.003"/>
   <testcase classname="org.elasticsearch.common.util.concurrent.CountDownTest" name="testConcurrent {#923 seed=[A89B4FF56754358E:D63CAB5BAF86635A]}" time="0.003"/>
   <testcase classname="org.elasticsearch.common.util.concurrent.CountDownTest" name="testConcurrent {#924 seed=[A89B4FF56754358E:106F50B1320CCC6E]}" time="0.003"/>
   <testcase classname="org.elasticsearch.common.util.concurrent.CountDownTest" name="testConcurrent {#925 seed=[A89B4FF56754358E:395557983FFA5AC5]}" time="0.003"/>
   <testcase classname="org.elasticsearch.common.util.concurrent.CountDownTest" name="testConcurrent {#926 seed=[A89B4FF56754358E:9E997194E5DE7B9A]}" time="0.003"/>
   <testcase classname="org.elasticsearch.common.util.concurrent.CountDownTest" name="testConcurrent {#927 seed=[A89B4FF56754358E:C0E335BE8402B23C]}" time="0.003"/>
   <testcase classname="org.elasticsearch.common.util.concurrent.CountDownTest" name="testConcurrent {#928 seed=[A89B4FF56754358E:BD018A61C31638BA]}" time="0.002"/>
   <testcase classname="org.elasticsearch.common.util.concurrent.CountDownTest" name="testConcurrent {#929 seed=[A89B4FF56754358E:A772D2CEAC530A12]}" time="0.002"/>
   <testcase classname="org.elasticsearch.common.util.concurrent.CountDownTest" name="testConcurrent {#930 seed=[A89B4FF56754358E:369EE9945A836BFE]}" time="0.002"/>
   <testcase classname="org.elasticsearch.common.util.concurrent.CountDownTest" name="testConcurrent {#931 seed=[A89B4FF56754358E:22CD0B25306D276]}" time="0.003"/>
   <testcase classname="org.elasticsearch.common.util.concurrent.CountDownTest" name="testConcurrent {#932 seed=[A89B4FF56754358E:4B570E1248507677]}" time="0.002"/>
   <testcase classname="org.elasticsearch.common.util.concurrent.CountDownTest" name="testConcurrent {#933 seed=[A89B4FF56754358E:C19364E4407E1E2A]}" time="0.003"/>
   <testcase classname="org.elasticsearch.common.util.concurrent.CountDownTest" name="testConcurrent {#934 seed=[A89B4FF56754358E:96A42E09F20E3CC5]}" time="0.003"/>
   <testcase classname="org.elasticsearch.common.util.concurrent.CountDownTest" name="testConcurrent {#935 seed=[A89B4FF56754358E:4C30BAB3042DB457]}" time="0.002"/>
   <testcase classname="org.elasticsearch.common.util.concurrent.CountDownTest" name="testConcurrent {#936 seed=[A89B4FF56754358E:A8F0B7F05B14E887]}" time="0.002"/>
   <testcase classname="org.elasticsearch.common.util.concurrent.CountDownTest" name="testConcurrent {#937 seed=[A89B4FF56754358E:11F0371A40363B69]}" time="0.003"/>
   <testcase classname="org.elasticsearch.common.util.concurrent.CountDownTest" name="testConcurrent {#938 seed=[A89B4FF56754358E:851742746FFC1E3F]}" time="0.003"/>
   <testcase classname="org.elasticsearch.common.util.concurrent.CountDownTest" name="testConcurrent {#939 seed=[A89B4FF56754358E:4247399D1E29E334]}" time="0.002"/>
   <testcase classname="org.elasticsearch.common.util.concurrent.CountDownTest" name="testConcurrent {#940 seed=[A89B4FF56754358E:64581D664E996220]}" time="0.003"/>
   <testcase classname="org.elasticsearch.common.util.concurrent.CountDownTest" name="testConcurrent {#941 seed=[A89B4FF56754358E:EC489569BB7B2B94]}" time="0.003"/>
   <testcase classname="org.elasticsearch.common.util.concurrent.CountDownTest" name="testConcurrent {#942 seed=[A89B4FF56754358E:B9A20E47FC3F245A]}" time="0.002"/>
   <testcase classname="org.elasticsearch.common.util.concurrent.CountDownTest" name="testConcurrent {#943 seed=[A89B4FF56754358E:7824957124C42F3E]}" time="0.002"/>
   <testcase classname="org.elasticsearch.common.util.concurrent.CountDownTest" name="testConcurrent {#944 seed=[A89B4FF56754358E:2FC337D919A0C16B]}" time="0.002"/>
   <testcase classname="org.elasticsearch.common.util.concurrent.CountDownTest" name="testConcurrent {#945 seed=[A89B4FF56754358E:BA9030048D7CD10E]}" time="0.002"/>
   <testcase classname="org.elasticsearch.common.util.concurrent.CountDownTest" name="testConcurrent {#946 seed=[A89B4FF56754358E:5060D7868F18E3BE]}" time="0.003"/>
   <testcase classname="org.elasticsearch.common.util.concurrent.CountDownTest" name="testConcurrent {#947 seed=[A89B4FF56754358E:6FF243F7EF4C74A9]}" time="0.003"/>
   <testcase classname="org.elasticsearch.common.util.concurrent.CountDownTest" name="testConcurrent {#948 seed=[A89B4FF56754358E:716B870C16FE735D]}" time="0.002"/>
   <testcase classname="org.elasticsearch.common.util.concurrent.CountDownTest" name="testConcurrent {#949 seed=[A89B4FF56754358E:F282830EE1C9810]}" time="0.002"/>
   <testcase classname="org.elasticsearch.common.util.concurrent.CountDownTest" name="testConcurrent {#950 seed=[A89B4FF56754358E:97D68C5818E6B0BD]}" time="0.003"/>
   <testcase classname="org.elasticsearch.common.util.concurrent.CountDownTest" name="testConcurrent {#951 seed=[A89B4FF56754358E:FFE93D2DD00493A8]}" time="0.003"/>
   <testcase classname="org.elasticsearch.common.util.concurrent.CountDownTest" name="testConcurrent {#952 seed=[A89B4FF56754358E:4E58F51CEBC16321]}" time="0.003"/>
   <testcase classname="org.elasticsearch.common.util.concurrent.CountDownTest" name="testConcurrent {#953 seed=[A89B4FF56754358E:73C95AD68553969F]}" time="0.002"/>
   <testcase classname="org.elasticsearch.common.util.concurrent.CountDownTest" name="testConcurrent {#954 seed=[A89B4FF56754358E:36E4FBC216430C94]}" time="0.003"/>
   <testcase classname="org.elasticsearch.common.util.concurrent.CountDownTest" name="testConcurrent {#955 seed=[A89B4FF56754358E:1EE383C66911BDE9]}" time="0.002"/>
   <testcase classname="org.elasticsearch.common.util.concurrent.CountDownTest" name="testConcurrent {#956 seed=[A89B4FF56754358E:BFC3549C875D7F2D]}" time="0.002"/>
   <testcase classname="org.elasticsearch.common.util.concurrent.CountDownTest" name="testConcurrent {#957 seed=[A89B4FF56754358E:248FF5F7A6396E6B]}" time="0.003"/>
   <testcase classname="org.elasticsearch.common.util.concurrent.CountDownTest" name="testConcurrent {#958 seed=[A89B4FF56754358E:C2BC4D370C718E92]}" time="0.004"/>
   <testcase classname="org.elasticsearch.common.util.concurrent.CountDownTest" name="testConcurrent {#959 seed=[A89B4FF56754358E:1C7F631DC2121978]}" time="0.002"/>
   <testcase classname="org.elasticsearch.common.util.concurrent.CountDownTest" name="testConcurrent {#960 seed=[A89B4FF56754358E:628ED97156DD708F]}" time="0.003"/>
   <testcase classname="org.elasticsearch.common.util.concurrent.CountDownTest" name="testConcurrent {#961 seed=[A89B4FF56754358E:4FDF60B0D17E8857]}" time="0.003"/>
   <testcase classname="org.elasticsearch.common.util.concurrent.CountDownTest" name="testConcurrent {#962 seed=[A89B4FF56754358E:F095140CB713387C]}" time="0.002"/>
   <testcase classname="org.elasticsearch.common.util.concurrent.CountDownTest" name="testConcurrent {#963 seed=[A89B4FF56754358E:CA54C0BAA070BDC8]}" time="0.003"/>
   <testcase classname="org.elasticsearch.common.util.concurrent.CountDownTest" name="testConcurrent {#964 seed=[A89B4FF56754358E:3F50D9A863DB3A6C]}" time="0.003"/>
   <testcase classname="org.elasticsearch.common.util.concurrent.CountDownTest" name="testConcurrent {#965 seed=[A89B4FF56754358E:EEA9B7A9842FED7F]}" time="0.003"/>
   <testcase classname="org.elasticsearch.common.util.concurrent.CountDownTest" name="testConcurrent {#966 seed=[A89B4FF56754358E:2855B3FAD55E8A73]}" time="0.002"/>
   <testcase classname="org.elasticsearch.common.util.concurrent.CountDownTest" name="testConcurrent {#967 seed=[A89B4FF56754358E:B639FB6570C51973]}" time="0.003"/>
   <testcase classname="org.elasticsearch.common.util.concurrent.CountDownTest" name="testConcurrent {#968 seed=[A89B4FF56754358E:FB70F4C1A4D7D84C]}" time="0.003"/>
   <testcase classname="org.elasticsearch.common.util.concurrent.CountDownTest" name="testConcurrent {#969 seed=[A89B4FF56754358E:3EE4B879E03F91CB]}" time="0.002"/>
   <testcase classname="org.elasticsearch.common.util.concurrent.CountDownTest" name="testConcurrent {#970 seed=[A89B4FF56754358E:670C9747719ACF91]}" time="0.002"/>
   <testcase classname="org.elasticsearch.common.util.concurrent.CountDownTest" name="testConcurrent {#971 seed=[A89B4FF56754358E:85623521B784029D]}" time="0.003"/>
   <testcase classname="org.elasticsearch.common.util.concurrent.CountDownTest" name="testConcurrent {#972 seed=[A89B4FF56754358E:1D4061882681A4C]}" time="0.002"/>
   <testcase classname="org.elasticsearch.common.util.concurrent.CountDownTest" name="testConcurrent {#973 seed=[A89B4FF56754358E:8D8996FD0103280D]}" time="0.002"/>
   <testcase classname="org.elasticsearch.common.util.concurrent.CountDownTest" name="testConcurrent {#974 seed=[A89B4FF56754358E:701950B853B82D3A]}" time="0.002"/>
   <testcase classname="org.elasticsearch.common.util.concurrent.CountDownTest" name="testConcurrent {#975 seed=[A89B4FF56754358E:EC378A29F32C120D]}" time="0.005"/>
   <testcase classname="org.elasticsearch.common.util.concurrent.CountDownTest" name="testConcurrent {#976 seed=[A89B4FF56754358E:403AF219E1D829B8]}" time="0.003"/>
   <testcase classname="org.elasticsearch.common.util.concurrent.CountDownTest" name="testConcurrent {#977 seed=[A89B4FF56754358E:A6B1CAD0453E3C37]}" time="0.003"/>
   <testcase classname="org.elasticsearch.common.util.concurrent.CountDownTest" name="testConcurrent {#978 seed=[A89B4FF56754358E:8C841980DA1623EA]}" time="0.003"/>
   <testcase classname="org.elasticsearch.common.util.concurrent.CountDownTest" name="testConcurrent {#979 seed=[A89B4FF56754358E:A80B4C9BB2C5BC1]}" time="0.003"/>
   <testcase classname="org.elasticsearch.common.util.concurrent.CountDownTest" name="testConcurrent {#980 seed=[A89B4FF56754358E:6023384BF442946D]}" time="0.004"/>
   <testcase classname="org.elasticsearch.common.util.concurrent.CountDownTest" name="testConcurrent {#981 seed=[A89B4FF56754358E:5B5417428551A23A]}" time="0.004"/>
   <testcase classname="org.elasticsearch.common.util.concurrent.CountDownTest" name="testConcurrent {#982 seed=[A89B4FF56754358E:CCF189FC999E8320]}" time="0.003"/>
   <testcase classname="org.elasticsearch.common.util.concurrent.CountDownTest" name="testConcurrent {#983 seed=[A89B4FF56754358E:B320E334BF1327EB]}" time="0.004"/>
   <testcase classname="org.elasticsearch.common.util.concurrent.CountDownTest" name="testConcurrent {#984 seed=[A89B4FF56754358E:47AEA55F59662BB3]}" time="0.004"/>
   <testcase classname="org.elasticsearch.common.util.concurrent.CountDownTest" name="testConcurrent {#985 seed=[A89B4FF56754358E:B9E8E4FD645687B9]}" time="0.004"/>
   <testcase classname="org.elasticsearch.common.util.concurrent.CountDownTest" name="testConcurrent {#986 seed=[A89B4FF56754358E:C3D1BC5DD53EF8CC]}" time="0.003"/>
   <testcase classname="org.elasticsearch.common.util.concurrent.CountDownTest" name="testConcurrent {#987 seed=[A89B4FF56754358E:29A23E9EAC228592]}" time="0.005"/>
   <testcase classname="org.elasticsearch.common.util.concurrent.CountDownTest" name="testConcurrent {#988 seed=[A89B4FF56754358E:C4DE91D9F0AEBB79]}" time="0.004"/>
   <testcase classname="org.elasticsearch.common.util.concurrent.CountDownTest" name="testConcurrent {#989 seed=[A89B4FF56754358E:F4C1270916B0487E]}" time="0.003"/>
   <testcase classname="org.elasticsearch.common.util.concurrent.CountDownTest" name="testConcurrent {#990 seed=[A89B4FF56754358E:5FE636E06161FE7F]}" time="0.003"/>
   <testcase classname="org.elasticsearch.common.util.concurrent.CountDownTest" name="testConcurrent {#991 seed=[A89B4FF56754358E:E604C18FA32A0B23]}" time="0.003"/>
   <testcase classname="org.elasticsearch.common.util.concurrent.CountDownTest" name="testConcurrent {#992 seed=[A89B4FF56754358E:D795290F8BE8C6F6]}" time="0.004"/>
   <testcase classname="org.elasticsearch.common.util.concurrent.CountDownTest" name="testConcurrent {#993 seed=[A89B4FF56754358E:780A2B016D7BD98E]}" time="0.004"/>
   <testcase classname="org.elasticsearch.common.util.concurrent.CountDownTest" name="testConcurrent {#994 seed=[A89B4FF56754358E:F67C1757D1D166D0]}" time="0.004"/>
   <testcase classname="org.elasticsearch.common.util.concurrent.CountDownTest" name="testConcurrent {#995 seed=[A89B4FF56754358E:6EA34DF2F53F6FA1]}" time="0.003"/>
   <testcase classname="org.elasticsearch.common.util.concurrent.CountDownTest" name="testConcurrent {#996 seed=[A89B4FF56754358E:136ECE90034B4E95]}" time="0.003"/>
   <testcase classname="org.elasticsearch.common.util.concurrent.CountDownTest" name="testConcurrent {#997 seed=[A89B4FF56754358E:62994BACB83A1924]}" time="0.004"/>
   <testcase classname="org.elasticsearch.common.util.concurrent.CountDownTest" name="testConcurrent {#998 seed=[A89B4FF56754358E:5990FD10FBB0D3AF]}" time="0.003"/>
   <testcase classname="org.elasticsearch.common.util.concurrent.CountDownTest" name="testConcurrent {#999 seed=[A89B4FF56754358E:CEEA306AD2FBFBB9]}" time="0.002"/>
   <testcase classname="org.elasticsearch.common.util.concurrent.CountDownTest" name="testSingleThreaded" time="0.001"/>
   <system-out><![CDATA[[2014-02-18 15:38:31,130][INFO ][test                     ] Test testConcurrent {#0 seed=[A89B4FF56754358E:88E8C0EFA0FF5D27]}(org.elasticsearch.common.util.concurrent.CountDownTest) started
[2014-02-18 15:38:31,136][INFO ][test                     ] Test testConcurrent {#0 seed=[A89B4FF56754358E:88E8C0EFA0FF5D27]}(org.elasticsearch.common.util.concurrent.CountDownTest) finished
[2014-02-18 15:38:31,136][INFO ][test                     ] Test testConcurrent {#1 seed=[A89B4FF56754358E:3CBE7C13943D960B]}(org.elasticsearch.common.util.concurrent.CountDownTest) started
[2014-02-18 15:38:31,141][INFO ][test                     ] Test testConcurrent {#1 seed=[A89B4FF56754358E:3CBE7C13943D960B]}(org.elasticsearch.common.util.concurrent.CountDownTest) finished
[2014-02-18 15:38:31,141][INFO ][test                     ] Test testConcurrent {#2 seed=[A89B4FF56754358E:B257EACFC5F9DEC0]}(org.elasticsearch.common.util.concurrent.CountDownTest) started
[2014-02-18 15:38:31,146][INFO ][test                     ] Test testConcurrent {#2 seed=[A89B4FF56754358E:B257EACFC5F9DEC0]}(org.elasticsearch.common.util.concurrent.CountDownTest) finished
[2014-02-18 15:38:31,147][INFO ][test                     ] Test testConcurrent {#3 seed=[A89B4FF56754358E:83B9412AA90785E9]}(org.elasticsearch.common.util.concurrent.CountDownTest) started
[2014-02-18 15:38:31,153][INFO ][test                     ] Test testConcurrent {#3 seed=[A89B4FF56754358E:83B9412AA90785E9]}(org.elasticsearch.common.util.concurrent.CountDownTest) finished
[2014-02-18 15:38:31,154][INFO ][test                     ] Test testConcurrent {#4 seed=[A89B4FF56754358E:CF78C487080F4552]}(org.elasticsearch.common.util.concurrent.CountDownTest) started
[2014-02-18 15:38:31,161][INFO ][test                     ] Test testConcurrent {#4 seed=[A89B4FF56754358E:CF78C487080F4552]}(org.elasticsearch.common.util.concurrent.CountDownTest) finished
[2014-02-18 15:38:31,162][INFO ][test                     ] Test testConcurrent {#5 seed=[A89B4FF56754358E:5E8217D875B30852]}(org.elasticsearch.common.util.concurrent.CountDownTest) started
[2014-02-18 15:38:31,167][INFO ][test                     ] Test testConcurrent {#5 seed=[A89B4FF56754358E:5E8217D875B30852]}(org.elasticsearch.common.util.concurrent.CountDownTest) finished
[2014-02-18 15:38:31,168][INFO ][test                     ] Test testConcurrent {#6 seed=[A89B4FF56754358E:605C735E67831854]}(org.elasticsearch.common.util.concurrent.CountDownTest) started
[2014-02-18 15:38:31,173][INFO ][test                     ] Test testConcurrent {#6 seed=[A89B4FF56754358E:605C735E67831854]}(org.elasticsearch.common.util.concurrent.CountDownTest) finished
[2014-02-18 15:38:31,173][INFO ][test                     ] Test testConcurrent {#7 seed=[A89B4FF56754358E:FCEFE92444978CFA]}(org.elasticsearch.common.util.concurrent.CountDownTest) started
[2014-02-18 15:38:31,178][INFO ][test                     ] Test testConcurrent {#7 seed=[A89B4FF56754358E:FCEFE92444978CFA]}(org.elasticsearch.common.util.concurrent.CountDownTest) finished
[2014-02-18 15:38:31,179][INFO ][test                     ] Test testConcurrent {#8 seed=[A89B4FF56754358E:CE430C4A335C9BA0]}(org.elasticsearch.common.util.concurrent.CountDownTest) started
[2014-02-18 15:38:31,184][INFO ][test                     ] Test testConcurrent {#8 seed=[A89B4FF56754358E:CE430C4A335C9BA0]}(org.elasticsearch.common.util.concurrent.CountDownTest) finished
[2014-02-18 15:38:31,184][INFO ][test                     ] Test testConcurrent {#9 seed=[A89B4FF56754358E:19C85AF0570BACF2]}(org.elasticsearch.common.util.concurrent.CountDownTest) started
[2014-02-18 15:38:31,191][INFO ][test                     ] Test testConcurrent {#9 seed=[A89B4FF56754358E:19C85AF0570BACF2]}(org.elasticsearch.common.util.concurrent.CountDownTest) finished
[2014-02-18 15:38:31,191][INFO ][test                     ] Test testConcurrent {#10 seed=[A89B4FF56754358E:EC89B2AB85B78E2A]}(org.elasticsearch.common.util.concurrent.CountDownTest) started
[2014-02-18 15:38:31,194][INFO ][test                     ] Test testConcurrent {#10 seed=[A89B4FF56754358E:EC89B2AB85B78E2A]}(org.elasticsearch.common.util.concurrent.CountDownTest) finished
[2014-02-18 15:38:31,195][INFO ][test                     ] Test testConcurrent {#11 seed=[A89B4FF56754358E:672E7E6E012A2FE3]}(org.elasticsearch.common.util.concurrent.CountDownTest) started
[2014-02-18 15:38:31,198][INFO ][test                     ] Test testConcurrent {#11 seed=[A89B4FF56754358E:672E7E6E012A2FE3]}(org.elasticsearch.common.util.concurrent.CountDownTest) finished
[2014-02-18 15:38:31,198][INFO ][test                     ] Test testConcurrent {#12 seed=[A89B4FF56754358E:1DEBD7E457ED12]}(org.elasticsearch.common.util.concurrent.CountDownTest) started
[2014-02-18 15:38:31,201][INFO ][test                     ] Test testConcurrent {#12 seed=[A89B4FF56754358E:1DEBD7E457ED12]}(org.elasticsearch.common.util.concurrent.CountDownTest) finished
[2014-02-18 15:38:31,202][INFO ][test                     ] Test testConcurrent {#13 seed=[A89B4FF56754358E:6F56CCC878C26C62]}(org.elasticsearch.common.util.concurrent.CountDownTest) started
[2014-02-18 15:38:31,204][INFO ][test                     ] Test testConcurrent {#13 seed=[A89B4FF56754358E:6F56CCC878C26C62]}(org.elasticsearch.common.util.concurrent.CountDownTest) finished
[2014-02-18 15:38:31,205][INFO ][test                     ] Test testConcurrent {#14 seed=[A89B4FF56754358E:32C8C350AAB32A3B]}(org.elasticsearch.common.util.concurrent.CountDownTest) started
[2014-02-18 15:38:31,208][INFO ][test                     ] Test testConcurrent {#14 seed=[A89B4FF56754358E:32C8C350AAB32A3B]}(org.elasticsearch.common.util.concurrent.CountDownTest) finished
[2014-02-18 15:38:31,209][INFO ][test                     ] Test testConcurrent {#15 seed=[A89B4FF56754358E:517A2E54B831BF0A]}(org.elasticsearch.common.util.concurrent.CountDownTest) started
[2014-02-18 15:38:31,212][INFO ][test                     ] Test testConcurrent {#15 seed=[A89B4FF56754358E:517A2E54B831BF0A]}(org.elasticsearch.common.util.concurrent.CountDownTest) finished
[2014-02-18 15:38:31,213][INFO ][test                     ] Test testConcurrent {#16 seed=[A89B4FF56754358E:D781899D7339D463]}(org.elasticsearch.common.util.concurrent.CountDownTest) started
[2014-02-18 15:38:31,216][INFO ][test                     ] Test testConcurrent {#16 seed=[A89B4FF56754358E:D781899D7339D463]}(org.elasticsearch.common.util.concurrent.CountDownTest) finished
[2014-02-18 15:38:31,216][INFO ][test                     ] Test testConcurrent {#17 seed=[A89B4FF56754358E:63CE5B86BF0CA611]}(org.elasticsearch.common.util.concurrent.CountDownTest) started
[2014-02-18 15:38:31,219][INFO ][test                     ] Test testConcurrent {#17 seed=[A89B4FF56754358E:63CE5B86BF0CA611]}(org.elasticsearch.common.util.concurrent.CountDownTest) finished
[2014-02-18 15:38:31,220][INFO ][test                     ] Test testConcurrent {#18 seed=[A89B4FF56754358E:7CBA2488C3994913]}(org.elasticsearch.common.util.concurrent.CountDownTest) started
[2014-02-18 15:38:31,222][INFO ][test                     ] Test testConcurrent {#18 seed=[A89B4FF56754358E:7CBA2488C3994913]}(org.elasticsearch.common.util.concurrent.CountDownTest) finished
[2014-02-18 15:38:31,223][INFO ][test                     ] Test testConcurrent {#19 seed=[A89B4FF56754358E:762A576469710FBE]}(org.elasticsearch.common.util.concurrent.CountDownTest) started
[2014-02-18 15:38:31,226][INFO ][test                     ] Test testConcurrent {#19 seed=[A89B4FF56754358E:762A576469710FBE]}(org.elasticsearch.common.util.concurrent.CountDownTest) finished
[2014-02-18 15:38:31,227][INFO ][test                     ] Test testConcurrent {#20 seed=[A89B4FF56754358E:123C544024E3D7C1]}(org.elasticsearch.common.util.concurrent.CountDownTest) started
[2014-02-18 15:38:31,230][INFO ][test                     ] Test testConcurrent {#20 seed=[A89B4FF56754358E:123C544024E3D7C1]}(org.elasticsearch.common.util.concurrent.CountDownTest) finished
[2014-02-18 15:38:31,230][INFO ][test                     ] Test testConcurrent {#21 seed=[A89B4FF56754358E:B10A01741B6D0F54]}(org.elasticsearch.common.util.concurrent.CountDownTest) started
[2014-02-18 15:38:31,232][INFO ][test                     ] Test testConcurrent {#21 seed=[A89B4FF56754358E:B10A01741B6D0F54]}(org.elasticsearch.common.util.concurrent.CountDownTest) finished
[2014-02-18 15:38:31,233][INFO ][test                     ] Test testConcurrent {#22 seed=[A89B4FF56754358E:1FF18037AD81BA10]}(org.elasticsearch.common.util.concurrent.CountDownTest) started
[2014-02-18 15:38:31,235][INFO ][test                     ] Test testConcurrent {#22 seed=[A89B4FF56754358E:1FF18037AD81BA10]}(org.elasticsearch.common.util.concurrent.CountDownTest) finished
[2014-02-18 15:38:31,236][INFO ][test                     ] Test testConcurrent {#23 seed=[A89B4FF56754358E:4F96B6CCCB531ABE]}(org.elasticsearch.common.util.concurrent.CountDownTest) started
[2014-02-18 15:38:31,238][INFO ][test                     ] Test testConcurrent {#23 seed=[A89B4FF56754358E:4F96B6CCCB531ABE]}(org.elasticsearch.common.util.concurrent.CountDownTest) finished
[2014-02-18 15:38:31,239][INFO ][test                     ] Test testConcurrent {#24 seed=[A89B4FF56754358E:419EDAAB586E67A0]}(org.elasticsearch.common.util.concurrent.CountDownTest) started
[2014-02-18 15:38:31,241][INFO ][test                     ] Test testConcurrent {#24 seed=[A89B4FF56754358E:419EDAAB586E67A0]}(org.elasticsearch.common.util.concurrent.CountDownTest) finished
[2014-02-18 15:38:31,241][INFO ][test                     ] Test testConcurrent {#25 seed=[A89B4FF56754358E:F5E888400BFA37FA]}(org.elasticsearch.common.util.concurrent.CountDownTest) started
[2014-02-18 15:38:31,244][INFO ][test                     ] Test testConcurrent {#25 seed=[A89B4FF56754358E:F5E888400BFA37FA]}(org.elasticsearch.common.util.concurrent.CountDownTest) finished
[2014-02-18 15:38:31,244][INFO ][test                     ] Test testConcurrent {#26 seed=[A89B4FF56754358E:FEF1CCC1136E9C9]}(org.elasticsearch.common.util.concurrent.CountDownTest) started
[2014-02-18 15:38:31,246][INFO ][test                     ] Test testConcurrent {#26 seed=[A89B4FF56754358E:FEF1CCC1136E9C9]}(org.elasticsearch.common.util.concurrent.CountDownTest) finished
[2014-02-18 15:38:31,247][INFO ][test                     ] Test testConcurrent {#27 seed=[A89B4FF56754358E:F63B6D5F211E07CB]}(org.elasticsearch.common.util.concurrent.CountDownTest) started
[2014-02-18 15:38:31,249][INFO ][test                     ] Test testConcurrent {#27 seed=[A89B4FF56754358E:F63B6D5F211E07CB]}(org.elasticsearch.common.util.concurrent.CountDownTest) finished
[2014-02-18 15:38:31,250][INFO ][test                     ] Test testConcurrent {#28 seed=[A89B4FF56754358E:96A3D47CE86CE75]}(org.elasticsearch.common.util.concurrent.CountDownTest) started
[2014-02-18 15:38:31,252][INFO ][test                     ] Test testConcurrent {#28 seed=[A89B4FF56754358E:96A3D47CE86CE75]}(org.elasticsearch.common.util.concurrent.CountDownTest) finished
[2014-02-18 15:38:31,252][INFO ][test                     ] Test testConcurrent {#29 seed=[A89B4FF56754358E:91A579223AB2E1B8]}(org.elasticsearch.common.util.concurrent.CountDownTest) started
[2014-02-18 15:38:31,255][INFO ][test                     ] Test testConcurrent {#29 seed=[A89B4FF56754358E:91A579223AB2E1B8]}(org.elasticsearch.common.util.concurrent.CountDownTest) finished
[2014-02-18 15:38:31,255][INFO ][test                     ] Test testConcurrent {#30 seed=[A89B4FF56754358E:4880134FA8C41E17]}(org.elasticsearch.common.util.concurrent.CountDownTest) started
[2014-02-18 15:38:31,258][INFO ][test                     ] Test testConcurrent {#30 seed=[A89B4FF56754358E:4880134FA8C41E17]}(org.elasticsearch.common.util.concurrent.CountDownTest) finished
[2014-02-18 15:38:31,258][INFO ][test                     ] Test testConcurrent {#31 seed=[A89B4FF56754358E:E6C3099BEA2EF58E]}(org.elasticsearch.common.util.concurrent.CountDownTest) started
[2014-02-18 15:38:31,260][INFO ][test                     ] Test testConcurrent {#31 seed=[A89B4FF56754358E:E6C3099BEA2EF58E]}(org.elasticsearch.common.util.concurrent.CountDownTest) finished
[2014-02-18 15:38:31,261][INFO ][test                     ] Test testConcurrent {#32 seed=[A89B4FF56754358E:44FD49E0BE11C25A]}(org.elasticsearch.common.util.concurrent.CountDownTest) started
[2014-02-18 15:38:31,263][INFO ][test                     ] Test testConcurrent {#32 seed=[A89B4FF56754358E:44FD49E0BE11C25A]}(org.elasticsearch.common.util.concurrent.CountDownTest) finished
[2014-02-18 15:38:31,264][INFO ][test                     ] Test testConcurrent {#33 seed=[A89B4FF56754358E:E6BC0C7BDB5D0428]}(org.elasticsearch.common.util.concurrent.CountDownTest) started
[2014-02-18 15:38:31,266][INFO ][test                     ] Test testConcurrent {#33 seed=[A89B4FF56754358E:E6BC0C7BDB5D0428]}(org.elasticsearch.common.util.concurrent.CountDownTest) finished
[2014-02-18 15:38:31,267][INFO ][test                     ] Test testConcurrent {#34 seed=[A89B4FF56754358E:6B78EC1385F6265D]}(org.elasticsearch.common.util.concurrent.CountDownTest) started
[2014-02-18 15:38:31,269][INFO ][test                     ] Test testConcurrent {#34 seed=[A89B4FF56754358E:6B78EC1385F6265D]}(org.elasticsearch.common.util.concurrent.CountDownTest) finished
[2014-02-18 15:38:31,270][INFO ][test                     ] Test testConcurrent {#35 seed=[A89B4FF56754358E:DE13E103DA9B5C8E]}(org.elasticsearch.common.util.concurrent.CountDownTest) started
[2014-02-18 15:38:31,272][INFO ][test                     ] Test testConcurrent {#35 seed=[A89B4FF56754358E:DE13E103DA9B5C8E]}(org.elasticsearch.common.util.concurrent.CountDownTest) finished
[2014-02-18 15:38:31,273][INFO ][test                     ] Test testConcurrent {#36 seed=[A89B4FF56754358E:538A124B7FD0F87B]}(org.elasticsearch.common.util.concurrent.CountDownTest) started
[2014-02-18 15:38:31,275][INFO ][test                     ] Test testConcurrent {#36 seed=[A89B4FF56754358E:538A124B7FD0F87B]}(org.elasticsearch.common.util.concurrent.CountDownTest) finished
[2014-02-18 15:38:31,275][INFO ][test                     ] Test testConcurrent {#37 seed=[A89B4FF56754358E:DD3D0C7F0E411FCE]}(org.elasticsearch.common.util.concurrent.CountDownTest) started
[2014-02-18 15:38:31,278][INFO ][test                     ] Test testConcurrent {#37 seed=[A89B4FF56754358E:DD3D0C7F0E411FCE]}(org.elasticsearch.common.util.concurrent.CountDownTest) finished
[2014-02-18 15:38:31,279][INFO ][test                     ] Test testConcurrent {#38 seed=[A89B4FF56754358E:78AAF802350073E9]}(org.elasticsearch.common.util.concurrent.CountDownTest) started
[2014-02-18 15:38:31,281][INFO ][test                     ] Test testConcurrent {#38 seed=[A89B4FF56754358E:78AAF802350073E9]}(org.elasticsearch.common.util.concurrent.CountDownTest) finished
[2014-02-18 15:38:31,282][INFO ][test                     ] Test testConcurrent {#39 seed=[A89B4FF56754358E:92EE0C61D567B94B]}(org.elasticsearch.common.util.concurrent.CountDownTest) started
[2014-02-18 15:38:31,284][INFO ][test                     ] Test testConcurrent {#39 seed=[A89B4FF56754358E:92EE0C61D567B94B]}(org.elasticsearch.common.util.concurrent.CountDownTest) finished
[2014-02-18 15:38:31,285][INFO ][test                     ] Test testConcurrent {#40 seed=[A89B4FF56754358E:A08EF3D9A621C5DE]}(org.elasticsearch.common.util.concurrent.CountDownTest) started
[2014-02-18 15:38:31,287][INFO ][test                     ] Test testConcurrent {#40 seed=[A89B4FF56754358E:A08EF3D9A621C5DE]}(org.elasticsearch.common.util.concurrent.CountDownTest) finished
[2014-02-18 15:38:31,287][INFO ][test                     ] Test testConcurrent {#41 seed=[A89B4FF56754358E:74A63153028243F4]}(org.elasticsearch.common.util.concurrent.CountDownTest) started
[2014-02-18 15:38:31,290][INFO ][test                     ] Test testConcurrent {#41 seed=[A89B4FF56754358E:74A63153028243F4]}(org.elasticsearch.common.util.concurrent.CountDownTest) finished
[2014-02-18 15:38:31,290][INFO ][test                     ] Test testConcurrent {#42 seed=[A89B4FF56754358E:9E0B98F2EBD04EB]}(org.elasticsearch.common.util.concurrent.CountDownTest) started
[2014-02-18 15:38:31,293][INFO ][test                     ] Test testConcurrent {#42 seed=[A89B4FF56754358E:9E0B98F2EBD04EB]}(org.elasticsearch.common.util.concurrent.CountDownTest) finished
[2014-02-18 15:38:31,293][INFO ][test                     ] Test testConcurrent {#43 seed=[A89B4FF56754358E:A8D6642AA4658B32]}(org.elasticsearch.common.util.concurrent.CountDownTest) started
[2014-02-18 15:38:31,296][INFO ][test                     ] Test testConcurrent {#43 seed=[A89B4FF56754358E:A8D6642AA4658B32]}(org.elasticsearch.common.util.concurrent.CountDownTest) finished
[2014-02-18 15:38:31,297][INFO ][test                     ] Test testConcurrent {#44 seed=[A89B4FF56754358E:B39DB735B0A1687C]}(org.elasticsearch.common.util.concurrent.CountDownTest) started
[2014-02-18 15:38:31,300][INFO ][test                     ] Test testConcurrent {#44 seed=[A89B4FF56754358E:B39DB735B0A1687C]}(org.elasticsearch.common.util.concurrent.CountDownTest) finished
[2014-02-18 15:38:31,301][INFO ][test                     ] Test testConcurrent {#45 seed=[A89B4FF56754358E:249080FEAD957866]}(org.elasticsearch.common.util.concurrent.CountDownTest) started
[2014-02-18 15:38:31,303][INFO ][test                     ] Test testConcurrent {#45 seed=[A89B4FF56754358E:249080FEAD957866]}(org.elasticsearch.common.util.concurrent.CountDownTest) finished
[2014-02-18 15:38:31,304][INFO ][test                     ] Test testConcurrent {#46 seed=[A89B4FF56754358E:14D722807EC65500]}(org.elasticsearch.common.util.concurrent.CountDownTest) started
[2014-02-18 15:38:31,308][INFO ][test                     ] Test testConcurrent {#46 seed=[A89B4FF56754358E:14D722807EC65500]}(org.elasticsearch.common.util.concurrent.CountDownTest) finished
[2014-02-18 15:38:31,308][INFO ][test                     ] Test testConcurrent {#47 seed=[A89B4FF56754358E:B9EEC8CF27B55814]}(org.elasticsearch.common.util.concurrent.CountDownTest) started
[2014-02-18 15:38:31,310][INFO ][test                     ] Test testConcurrent {#47 seed=[A89B4FF56754358E:B9EEC8CF27B55814]}(org.elasticsearch.common.util.concurrent.CountDownTest) finished
[2014-02-18 15:38:31,311][INFO ][test                     ] Test testConcurrent {#48 seed=[A89B4FF56754358E:28C7EA5D48BCA734]}(org.elasticsearch.common.util.concurrent.CountDownTest) started
[2014-02-18 15:38:31,313][INFO ][test                     ] Test testConcurrent {#48 seed=[A89B4FF56754358E:28C7EA5D48BCA734]}(org.elasticsearch.common.util.concurrent.CountDownTest) finished
[2014-02-18 15:38:31,314][INFO ][test                     ] Test testConcurrent {#49 seed=[A89B4FF56754358E:47673B669684C096]}(org.elasticsearch.common.util.concurrent.CountDownTest) started
[2014-02-18 15:38:31,317][INFO ][test                     ] Test testConcurrent {#49 seed=[A89B4FF56754358E:47673B669684C096]}(org.elasticsearch.common.util.concurrent.CountDownTest) finished
[2014-02-18 15:38:31,317][INFO ][test                     ] Test testConcurrent {#50 seed=[A89B4FF56754358E:64555BDA7DAB0DA9]}(org.elasticsearch.common.util.concurrent.CountDownTest) started
[2014-02-18 15:38:31,320][INFO ][test                     ] Test testConcurrent {#50 seed=[A89B4FF56754358E:64555BDA7DAB0DA9]}(org.elasticsearch.common.util.concurrent.CountDownTest) finished
[2014-02-18 15:38:31,321][INFO ][test                     ] Test testConcurrent {#51 seed=[A89B4FF56754358E:5346836C646045E9]}(org.elasticsearch.common.util.concurrent.CountDownTest) started
[2014-02-18 15:38:31,334][INFO ][test                     ] Test testConcurrent {#51 seed=[A89B4FF56754358E:5346836C646045E9]}(org.elasticsearch.common.util.concurrent.CountDownTest) finished
[2014-02-18 15:38:31,335][INFO ][test                     ] Test testConcurrent {#52 seed=[A89B4FF56754358E:882402F1C40D89D6]}(org.elasticsearch.common.util.concurrent.CountDownTest) started
[2014-02-18 15:38:31,339][INFO ][test                     ] Test testConcurrent {#52 seed=[A89B4FF56754358E:882402F1C40D89D6]}(org.elasticsearch.common.util.concurrent.CountDownTest) finished
[2014-02-18 15:38:31,340][INFO ][test                     ] Test testConcurrent {#53 seed=[A89B4FF56754358E:4E3B1B13F7F19AA8]}(org.elasticsearch.common.util.concurrent.CountDownTest) started
[2014-02-18 15:38:31,343][INFO ][test                     ] Test testConcurrent {#53 seed=[A89B4FF56754358E:4E3B1B13F7F19AA8]}(org.elasticsearch.common.util.concurrent.CountDownTest) finished
[2014-02-18 15:38:31,344][INFO ][test                     ] Test testConcurrent {#54 seed=[A89B4FF56754358E:788CA5D825DC77D4]}(org.elasticsearch.common.util.concurrent.CountDownTest) started
[2014-02-18 15:38:31,347][INFO ][test                     ] Test testConcurrent {#54 seed=[A89B4FF56754358E:788CA5D825DC77D4]}(org.elasticsearch.common.util.concurrent.CountDownTest) finished
[2014-02-18 15:38:31,348][INFO ][test                     ] Test testConcurrent {#55 seed=[A89B4FF56754358E:46CDE84182AFC43E]}(org.elasticsearch.common.util.concurrent.CountDownTest) started
[2014-02-18 15:38:31,351][INFO ][test                     ] Test testConcurrent {#55 seed=[A89B4FF56754358E:46CDE84182AFC43E]}(org.elasticsearch.common.util.concurrent.CountDownTest) finished
[2014-02-18 15:38:31,352][INFO ][test                     ] Test testConcurrent {#56 seed=[A89B4FF56754358E:5DFF6B983D834FC3]}(org.elasticsearch.common.util.concurrent.CountDownTest) started
[2014-02-18 15:38:31,356][INFO ][test                     ] Test testConcurrent {#56 seed=[A89B4FF56754358E:5DFF6B983D834FC3]}(org.elasticsearch.common.util.concurrent.CountDownTest) finished
[2014-02-18 15:38:31,357][INFO ][test                     ] Test testConcurrent {#57 seed=[A89B4FF56754358E:58B2DAF88982CC68]}(org.elasticsearch.common.util.concurrent.CountDownTest) started
[2014-02-18 15:38:31,360][INFO ][test                     ] Test testConcurrent {#57 seed=[A89B4FF56754358E:58B2DAF88982CC68]}(org.elasticsearch.common.util.concurrent.CountDownTest) finished
[2014-02-18 15:38:31,361][INFO ][test                     ] Test testConcurrent {#58 seed=[A89B4FF56754358E:8C45E32D6AF56183]}(org.elasticsearch.common.util.concurrent.CountDownTest) started
[2014-02-18 15:38:31,364][INFO ][test                     ] Test testConcurrent {#58 seed=[A89B4FF56754358E:8C45E32D6AF56183]}(org.elasticsearch.common.util.concurrent.CountDownTest) finished
[2014-02-18 15:38:31,364][INFO ][test                     ] Test testConcurrent {#59 seed=[A89B4FF56754358E:564775AE3EB751FD]}(org.elasticsearch.common.util.concurrent.CountDownTest) started
[2014-02-18 15:38:31,368][INFO ][test                     ] Test testConcurrent {#59 seed=[A89B4FF56754358E:564775AE3EB751FD]}(org.elasticsearch.common.util.concurrent.CountDownTest) finished
[2014-02-18 15:38:31,369][INFO ][test                     ] Test testConcurrent {#60 seed=[A89B4FF56754358E:DA0B9787E32AB480]}(org.elasticsearch.common.util.concurrent.CountDownTest) started
[2014-02-18 15:38:31,372][INFO ][test                     ] Test testConcurrent {#60 seed=[A89B4FF56754358E:DA0B9787E32AB480]}(org.elasticsearch.common.util.concurrent.CountDownTest) finished
[2014-02-18 15:38:31,373][INFO ][test                     ] Test testConcurrent {#61 seed=[A89B4FF56754358E:2AF8E002A78738F1]}(org.elasticsearch.common.util.concurrent.CountDownTest) started
[2014-02-18 15:38:31,375][INFO ][test                     ] Test testConcurrent {#61 seed=[A89B4FF56754358E:2AF8E002A78738F1]}(org.elasticsearch.common.util.concurrent.CountDownTest) finished
[2014-02-18 15:38:31,376][INFO ][test                     ] Test testConcurrent {#62 seed=[A89B4FF56754358E:1B0B96527F007200]}(org.elasticsearch.common.util.concurrent.CountDownTest) started
[2014-02-18 15:38:31,379][INFO ][test                     ] Test testConcurrent {#62 seed=[A89B4FF56754358E:1B0B96527F007200]}(org.elasticsearch.common.util.concurrent.CountDownTest) finished
[2014-02-18 15:38:31,380][INFO ][test                     ] Test testConcurrent {#63 seed=[A89B4FF56754358E:8F8A47DA29C5887B]}(org.elasticsearch.common.util.concurrent.CountDownTest) started
[2014-02-18 15:38:31,383][INFO ][test                     ] Test testConcurrent {#63 seed=[A89B4FF56754358E:8F8A47DA29C5887B]}(org.elasticsearch.common.util.concurrent.CountDownTest) finished
[2014-02-18 15:38:31,383][INFO ][test                     ] Test testConcurrent {#64 seed=[A89B4FF56754358E:C75E151C0B6A9399]}(org.elasticsearch.common.util.concurrent.CountDownTest) started
[2014-02-18 15:38:31,386][INFO ][test                     ] Test testConcurrent {#64 seed=[A89B4FF56754358E:C75E151C0B6A9399]}(org.elasticsearch.common.util.concurrent.CountDownTest) finished
[2014-02-18 15:38:31,386][INFO ][test                     ] Test testConcurrent {#65 seed=[A89B4FF56754358E:22361B4BD6667F19]}(org.elasticsearch.common.util.concurrent.CountDownTest) started
[2014-02-18 15:38:31,389][INFO ][test                     ] Test testConcurrent {#65 seed=[A89B4FF56754358E:22361B4BD6667F19]}(org.elasticsearch.common.util.concurrent.CountDownTest) finished
[2014-02-18 15:38:31,389][INFO ][test                     ] Test testConcurrent {#66 seed=[A89B4FF56754358E:1CDD9C12D9739984]}(org.elasticsearch.common.util.concurrent.CountDownTest) started
[2014-02-18 15:38:31,392][INFO ][test                     ] Test testConcurrent {#66 seed=[A89B4FF56754358E:1CDD9C12D9739984]}(org.elasticsearch.common.util.concurrent.CountDownTest) finished
[2014-02-18 15:38:31,392][INFO ][test                     ] Test testConcurrent {#67 seed=[A89B4FF56754358E:A1938449D3045566]}(org.elasticsearch.common.util.concurrent.CountDownTest) started
[2014-02-18 15:38:31,395][INFO ][test                     ] Test testConcurrent {#67 seed=[A89B4FF56754358E:A1938449D3045566]}(org.elasticsearch.common.util.concurrent.CountDownTest) finished
[2014-02-18 15:38:31,395][INFO ][test                     ] Test testConcurrent {#68 seed=[A89B4FF56754358E:F644DD22DBA1959A]}(org.elasticsearch.common.util.concurrent.CountDownTest) started
[2014-02-18 15:38:31,399][INFO ][test                     ] Test testConcurrent {#68 seed=[A89B4FF56754358E:F644DD22DBA1959A]}(org.elasticsearch.common.util.concurrent.CountDownTest) finished
[2014-02-18 15:38:31,400][INFO ][test                     ] Test testConcurrent {#69 seed=[A89B4FF56754358E:8FD0FD28E6EEBACC]}(org.elasticsearch.common.util.concurrent.CountDownTest) started
[2014-02-18 15:38:31,405][INFO ][test                     ] Test testConcurrent {#69 seed=[A89B4FF56754358E:8FD0FD28E6EEBACC]}(org.elasticsearch.common.util.concurrent.CountDownTest) finished
[2014-02-18 15:38:31,405][INFO ][test                     ] Test testConcurrent {#70 seed=[A89B4FF56754358E:8EF34EFDC45A836]}(org.elasticsearch.common.util.concurrent.CountDownTest) started
[2014-02-18 15:38:31,408][INFO ][test                     ] Test testConcurrent {#70 seed=[A89B4FF56754358E:8EF34EFDC45A836]}(org.elasticsearch.common.util.concurrent.CountDownTest) finished
[2014-02-18 15:38:31,409][INFO ][test                     ] Test testConcurrent {#71 seed=[A89B4FF56754358E:8692BD5F1C6D7AE1]}(org.elasticsearch.common.util.concurrent.CountDownTest) started
[2014-02-18 15:38:31,411][INFO ][test                     ] Test testConcurrent {#71 seed=[A89B4FF56754358E:8692BD5F1C6D7AE1]}(org.elasticsearch.common.util.concurrent.CountDownTest) finished
[2014-02-18 15:38:31,412][INFO ][test                     ] Test testConcurrent {#72 seed=[A89B4FF56754358E:3F959F1B5773F0]}(org.elasticsearch.common.util.concurrent.CountDownTest) started
[2014-02-18 15:38:31,414][INFO ][test                     ] Test testConcurrent {#72 seed=[A89B4FF56754358E:3F959F1B5773F0]}(org.elasticsearch.common.util.concurrent.CountDownTest) finished
[2014-02-18 15:38:31,415][INFO ][test                     ] Test testConcurrent {#73 seed=[A89B4FF56754358E:FF74C3916F7CE3EC]}(org.elasticsearch.common.util.concurrent.CountDownTest) started
[2014-02-18 15:38:31,419][INFO ][test                     ] Test testConcurrent {#73 seed=[A89B4FF56754358E:FF74C3916F7CE3EC]}(org.elasticsearch.common.util.concurrent.CountDownTest) finished
[2014-02-18 15:38:31,420][INFO ][test                     ] Test testConcurrent {#74 seed=[A89B4FF56754358E:F55589A73D0ECC16]}(org.elasticsearch.common.util.concurrent.CountDownTest) started
[2014-02-18 15:38:31,424][INFO ][test                     ] Test testConcurrent {#74 seed=[A89B4FF56754358E:F55589A73D0ECC16]}(org.elasticsearch.common.util.concurrent.CountDownTest) finished
[2014-02-18 15:38:31,425][INFO ][test                     ] Test testConcurrent {#75 seed=[A89B4FF56754358E:42E28E34CAB466A0]}(org.elasticsearch.common.util.concurrent.CountDownTest) started
[2014-02-18 15:38:31,430][INFO ][test                     ] Test testConcurrent {#75 seed=[A89B4FF56754358E:42E28E34CAB466A0]}(org.elasticsearch.common.util.concurrent.CountDownTest) finished
[2014-02-18 15:38:31,431][INFO ][test                     ] Test testConcurrent {#76 seed=[A89B4FF56754358E:10F8F55F9AB5163C]}(org.elasticsearch.common.util.concurrent.CountDownTest) started
[2014-02-18 15:38:31,468][INFO ][test                     ] Test testConcurrent {#76 seed=[A89B4FF56754358E:10F8F55F9AB5163C]}(org.elasticsearch.common.util.concurrent.CountDownTest) finished
[2014-02-18 15:38:31,469][INFO ][test                     ] Test testConcurrent {#77 seed=[A89B4FF56754358E:A15AB30A2F1F3525]}(org.elasticsearch.common.util.concurrent.CountDownTest) started
[2014-02-18 15:38:31,493][INFO ][test                     ] Test testConcurrent {#77 seed=[A89B4FF56754358E:A15AB30A2F1F3525]}(org.elasticsearch.common.util.concurrent.CountDownTest) finished
[2014-02-18 15:38:31,494][INFO ][test                     ] Test testConcurrent {#78 seed=[A89B4FF56754358E:63719C1E5E8F03F6]}(org.elasticsearch.common.util.concurrent.CountDownTest) started
[2014-02-18 15:38:31,510][INFO ][test                     ] Test testConcurrent {#78 seed=[A89B4FF56754358E:63719C1E5E8F03F6]}(org.elasticsearch.common.util.concurrent.CountDownTest) finished
[2014-02-18 15:38:31,511][INFO ][test                     ] Test testConcurrent {#79 seed=[A89B4FF56754358E:B9B6CA21D365657]}(org.elasticsearch.common.util.concurrent.CountDownTest) started
[2014-02-18 15:38:31,531][INFO ][test                     ] Test testConcurrent {#79 seed=[A89B4FF56754358E:B9B6CA21D365657]}(org.elasticsearch.common.util.concurrent.CountDownTest) finished
[2014-02-18 15:38:31,532][INFO ][test                     ] Test testConcurrent {#80 seed=[A89B4FF56754358E:80B0EAAF64B3A710]}(org.elasticsearch.common.util.concurrent.CountDownTest) started
[2014-02-18 15:38:31,552][INFO ][test                     ] Test testConcurrent {#80 seed=[A89B4FF56754358E:80B0EAAF64B3A710]}(org.elasticsearch.common.util.concurrent.CountDownTest) finished
[2014-02-18 15:38:31,553][INFO ][test                     ] Test testConcurrent {#81 seed=[A89B4FF56754358E:467C193DC816105]}(org.elasticsearch.common.util.concurrent.CountDownTest) started
[2014-02-18 15:38:31,558][INFO ][test                     ] Test testConcurrent {#81 seed=[A89B4FF56754358E:467C193DC816105]}(org.elasticsearch.common.util.concurrent.CountDownTest) finished
[2014-02-18 15:38:31,559][INFO ][test                     ] Test testConcurrent {#82 seed=[A89B4FF56754358E:38C167A1ABD136ED]}(org.elasticsearch.common.util.concurrent.CountDownTest) started
[2014-02-18 15:38:31,565][INFO ][test                     ] Test testConcurrent {#82 seed=[A89B4FF56754358E:38C167A1ABD136ED]}(org.elasticsearch.common.util.concurrent.CountDownTest) finished
[2014-02-18 15:38:31,566][INFO ][test                     ] Test testConcurrent {#83 seed=[A89B4FF56754358E:41A3EC5D145DE26B]}(org.elasticsearch.common.util.concurrent.CountDownTest) started
[2014-02-18 15:38:31,570][INFO ][test                     ] Test testConcurrent {#83 seed=[A89B4FF56754358E:41A3EC5D145DE26B]}(org.elasticsearch.common.util.concurrent.CountDownTest) finished
[2014-02-18 15:38:31,571][INFO ][test                     ] Test testConcurrent {#84 seed=[A89B4FF56754358E:87BB2804BADA63AA]}(org.elasticsearch.common.util.concurrent.CountDownTest) started
[2014-02-18 15:38:31,582][INFO ][test                     ] Test testConcurrent {#84 seed=[A89B4FF56754358E:87BB2804BADA63AA]}(org.elasticsearch.common.util.concurrent.CountDownTest) finished
[2014-02-18 15:38:31,583][INFO ][test                     ] Test testConcurrent {#85 seed=[A89B4FF56754358E:8783EB79BE73CE47]}(org.elasticsearch.common.util.concurrent.CountDownTest) started
[2014-02-18 15:38:31,590][INFO ][test                     ] Test testConcurrent {#85 seed=[A89B4FF56754358E:8783EB79BE73CE47]}(org.elasticsearch.common.util.concurrent.CountDownTest) finished
[2014-02-18 15:38:31,591][INFO ][test                     ] Test testConcurrent {#86 seed=[A89B4FF56754358E:C528FF5C2F144A10]}(org.elasticsearch.common.util.concurrent.CountDownTest) started
[2014-02-18 15:38:31,596][INFO ][test                     ] Test testConcurrent {#86 seed=[A89B4FF56754358E:C528FF5C2F144A10]}(org.elasticsearch.common.util.concurrent.CountDownTest) finished
[2014-02-18 15:38:31,596][INFO ][test                     ] Test testConcurrent {#87 seed=[A89B4FF56754358E:714087102411C099]}(org.elasticsearch.common.util.concurrent.CountDownTest) started
[2014-02-18 15:38:31,601][INFO ][test                     ] Test testConcurrent {#87 seed=[A89B4FF56754358E:714087102411C099]}(org.elasticsearch.common.util.concurrent.CountDownTest) finished
[2014-02-18 15:38:31,601][INFO ][test                     ] Test testConcurrent {#88 seed=[A89B4FF56754358E:CC525327920B2A5]}(org.elasticsearch.common.util.concurrent.CountDownTest) started
[2014-02-18 15:38:31,607][INFO ][test                     ] Test testConcurrent {#88 seed=[A89B4FF56754358E:CC525327920B2A5]}(org.elasticsearch.common.util.concurrent.CountDownTest) finished
[2014-02-18 15:38:31,608][INFO ][test                     ] Test testConcurrent {#89 seed=[A89B4FF56754358E:96CCF0D4159E1FCD]}(org.elasticsearch.common.util.concurrent.CountDownTest) started
[2014-02-18 15:38:31,613][INFO ][test                     ] Test testConcurrent {#89 seed=[A89B4FF56754358E:96CCF0D4159E1FCD]}(org.elasticsearch.common.util.concurrent.CountDownTest) finished
[2014-02-18 15:38:31,614][INFO ][test                     ] Test testConcurrent {#90 seed=[A89B4FF56754358E:C3454916B3859349]}(org.elasticsearch.common.util.concurrent.CountDownTest) started
[2014-02-18 15:38:31,626][INFO ][test                     ] Test testConcurrent {#90 seed=[A89B4FF56754358E:C3454916B3859349]}(org.elasticsearch.common.util.concurrent.CountDownTest) finished
[2014-02-18 15:38:31,626][INFO ][test                     ] Test testConcurrent {#91 seed=[A89B4FF56754358E:129E2E48BF5A6619]}(org.elasticsearch.common.util.concurrent.CountDownTest) started
[2014-02-18 15:38:31,631][INFO ][test                     ] Test testConcurrent {#91 seed=[A89B4FF56754358E:129E2E48BF5A6619]}(org.elasticsearch.common.util.concurrent.CountDownTest) finished
[2014-02-18 15:38:31,632][INFO ][test                     ] Test testConcurrent {#92 seed=[A89B4FF56754358E:A3D40E5A152CC85D]}(org.elasticsearch.common.util.concurrent.CountDownTest) started
[2014-02-18 15:38:31,637][INFO ][test                     ] Test testConcurrent {#92 seed=[A89B4FF56754358E:A3D40E5A152CC85D]}(org.elasticsearch.common.util.concurrent.CountDownTest) finished
[2014-02-18 15:38:31,638][INFO ][test                     ] Test testConcurrent {#93 seed=[A89B4FF56754358E:1864780E99780DC4]}(org.elasticsearch.common.util.concurrent.CountDownTest) started
[2014-02-18 15:38:31,643][INFO ][test                     ] Test testConcurrent {#93 seed=[A89B4FF56754358E:1864780E99780DC4]}(org.elasticsearch.common.util.concurrent.CountDownTest) finished
[2014-02-18 15:38:31,643][INFO ][test                     ] Test testConcurrent {#94 seed=[A89B4FF56754358E:DC21DAF83509D26A]}(org.elasticsearch.common.util.concurrent.CountDownTest) started
[2014-02-18 15:38:31,648][INFO ][test                     ] Test testConcurrent {#94 seed=[A89B4FF56754358E:DC21DAF83509D26A]}(org.elasticsearch.common.util.concurrent.CountDownTest) finished
[2014-02-18 15:38:31,649][INFO ][test                     ] Test testConcurrent {#95 seed=[A89B4FF56754358E:1A636A261426863A]}(org.elasticsearch.common.util.concurrent.CountDownTest) started
[2014-02-18 15:38:31,656][INFO ][test                     ] Test testConcurrent {#95 seed=[A89B4FF56754358E:1A636A261426863A]}(org.elasticsearch.common.util.concurrent.CountDownTest) finished
[2014-02-18 15:38:31,656][INFO ][test                     ] Test testConcurrent {#96 seed=[A89B4FF56754358E:BBF39FD449DA2C2E]}(org.elasticsearch.common.util.concurrent.CountDownTest) started
[2014-02-18 15:38:31,664][INFO ][test                     ] Test testConcurrent {#96 seed=[A89B4FF56754358E:BBF39FD449DA2C2E]}(org.elasticsearch.common.util.concurrent.CountDownTest) finished
[2014-02-18 15:38:31,665][INFO ][test                     ] Test testConcurrent {#97 seed=[A89B4FF56754358E:E0B71FBF45E0F450]}(org.elasticsearch.common.util.concurrent.CountDownTest) started
[2014-02-18 15:38:31,672][INFO ][test                     ] Test testConcurrent {#97 seed=[A89B4FF56754358E:E0B71FBF45E0F450]}(org.elasticsearch.common.util.concurrent.CountDownTest) finished
[2014-02-18 15:38:31,672][INFO ][test                     ] Test testConcurrent {#98 seed=[A89B4FF56754358E:248A2DD3D5B6EB53]}(org.elasticsearch.common.util.concurrent.CountDownTest) started
[2014-02-18 15:38:31,678][INFO ][test                     ] Test testConcurrent {#98 seed=[A89B4FF56754358E:248A2DD3D5B6EB53]}(org.elasticsearch.common.util.concurrent.CountDownTest) finished
[2014-02-18 15:38:31,679][INFO ][test                     ] Test testConcurrent {#99 seed=[A89B4FF56754358E:EE1E68AAD2F23640]}(org.elasticsearch.common.util.concurrent.CountDownTest) started
[2014-02-18 15:38:31,685][INFO ][test                     ] Test testConcurrent {#99 seed=[A89B4FF56754358E:EE1E68AAD2F23640]}(org.elasticsearch.common.util.concurrent.CountDownTest) finished
[2014-02-18 15:38:31,686][INFO ][test                     ] Test testConcurrent {#100 seed=[A89B4FF56754358E:6E56EC7B05B57145]}(org.elasticsearch.common.util.concurrent.CountDownTest) started
[2014-02-18 15:38:31,692][INFO ][test                     ] Test testConcurrent {#100 seed=[A89B4FF56754358E:6E56EC7B05B57145]}(org.elasticsearch.common.util.concurrent.CountDownTest) finished
[2014-02-18 15:38:31,692][INFO ][test                     ] Test testConcurrent {#101 seed=[A89B4FF56754358E:C0053CD0287F7383]}(org.elasticsearch.common.util.concurrent.CountDownTest) started
[2014-02-18 15:38:31,698][INFO ][test                     ] Test testConcurrent {#101 seed=[A89B4FF56754358E:C0053CD0287F7383]}(org.elasticsearch.common.util.concurrent.CountDownTest) finished
[2014-02-18 15:38:31,699][INFO ][test                     ] Test testConcurrent {#102 seed=[A89B4FF56754358E:4C77BDDF102091A1]}(org.elasticsearch.common.util.concurrent.CountDownTest) started
[2014-02-18 15:38:31,707][INFO ][test                     ] Test testConcurrent {#102 seed=[A89B4FF56754358E:4C77BDDF102091A1]}(org.elasticsearch.common.util.concurrent.CountDownTest) finished
[2014-02-18 15:38:31,707][INFO ][test                     ] Test testConcurrent {#103 seed=[A89B4FF56754358E:9B5618C384A9BD20]}(org.elasticsearch.common.util.concurrent.CountDownTest) started
[2014-02-18 15:38:31,714][INFO ][test                     ] Test testConcurrent {#103 seed=[A89B4FF56754358E:9B5618C384A9BD20]}(org.elasticsearch.common.util.concurrent.CountDownTest) finished
[2014-02-18 15:38:31,714][INFO ][test                     ] Test testConcurrent {#104 seed=[A89B4FF56754358E:7CBE4EFC93FD71D2]}(org.elasticsearch.common.util.concurrent.CountDownTest) started
[2014-02-18 15:38:31,721][INFO ][test                     ] Test testConcurrent {#104 seed=[A89B4FF56754358E:7CBE4EFC93FD71D2]}(org.elasticsearch.common.util.concurrent.CountDownTest) finished
[2014-02-18 15:38:31,722][INFO ][test                     ] Test testConcurrent {#105 seed=[A89B4FF56754358E:8E8036054AA786F5]}(org.elasticsearch.common.util.concurrent.CountDownTest) started
[2014-02-18 15:38:31,729][INFO ][test                     ] Test testConcurrent {#105 seed=[A89B4FF56754358E:8E8036054AA786F5]}(org.elasticsearch.common.util.concurrent.CountDownTest) finished
[2014-02-18 15:38:31,730][INFO ][test                     ] Test testConcurrent {#106 seed=[A89B4FF56754358E:88C012108036922]}(org.elasticsearch.common.util.concurrent.CountDownTest) started
[2014-02-18 15:38:31,735][INFO ][test                     ] Test testConcurrent {#106 seed=[A89B4FF56754358E:88C012108036922]}(org.elasticsearch.common.util.concurrent.CountDownTest) finished
[2014-02-18 15:38:31,736][INFO ][test                     ] Test testConcurrent {#107 seed=[A89B4FF56754358E:E3363A3E1F044A92]}(org.elasticsearch.common.util.concurrent.CountDownTest) started
[2014-02-18 15:38:31,740][INFO ][test                     ] Test testConcurrent {#107 seed=[A89B4FF56754358E:E3363A3E1F044A92]}(org.elasticsearch.common.util.concurrent.CountDownTest) finished
[2014-02-18 15:38:31,741][INFO ][test                     ] Test testConcurrent {#108 seed=[A89B4FF56754358E:5B6D14A9B31F87D4]}(org.elasticsearch.common.util.concurrent.CountDownTest) started
[2014-02-18 15:38:31,745][INFO ][test                     ] Test testConcurrent {#108 seed=[A89B4FF56754358E:5B6D14A9B31F87D4]}(org.elasticsearch.common.util.concurrent.CountDownTest) finished
[2014-02-18 15:38:31,745][INFO ][test                     ] Test testConcurrent {#109 seed=[A89B4FF56754358E:6308809725D732F8]}(org.elasticsearch.common.util.concurrent.CountDownTest) started
[2014-02-18 15:38:31,749][INFO ][test                     ] Test testConcurrent {#109 seed=[A89B4FF56754358E:6308809725D732F8]}(org.elasticsearch.common.util.concurrent.CountDownTest) finished
[2014-02-18 15:38:31,750][INFO ][test                     ] Test testConcurrent {#110 seed=[A89B4FF56754358E:E6B4C16BB2DB5B0A]}(org.elasticsearch.common.util.concurrent.CountDownTest) started
[2014-02-18 15:38:31,754][INFO ][test                     ] Test testConcurrent {#110 seed=[A89B4FF56754358E:E6B4C16BB2DB5B0A]}(org.elasticsearch.common.util.concurrent.CountDownTest) finished
[2014-02-18 15:38:31,754][INFO ][test                     ] Test testConcurrent {#111 seed=[A89B4FF56754358E:D20049B274CE694D]}(org.elasticsearch.common.util.concurrent.CountDownTest) started
[2014-02-18 15:38:31,758][INFO ][test                     ] Test testConcurrent {#111 seed=[A89B4FF56754358E:D20049B274CE694D]}(org.elasticsearch.common.util.concurrent.CountDownTest) finished
[2014-02-18 15:38:31,759][INFO ][test                     ] Test testConcurrent {#112 seed=[A89B4FF56754358E:F4A9C7F814AAA5BD]}(org.elasticsearch.common.util.concurrent.CountDownTest) started
[2014-02-18 15:38:31,763][INFO ][test                     ] Test testConcurrent {#112 seed=[A89B4FF56754358E:F4A9C7F814AAA5BD]}(org.elasticsearch.common.util.concurrent.CountDownTest) finished
[2014-02-18 15:38:31,764][INFO ][test                     ] Test testConcurrent {#113 seed=[A89B4FF56754358E:81D52593EC6E8FB7]}(org.elasticsearch.common.util.concurrent.CountDownTest) started
[2014-02-18 15:38:31,767][INFO ][test                     ] Test testConcurrent {#113 seed=[A89B4FF56754358E:81D52593EC6E8FB7]}(org.elasticsearch.common.util.concurrent.CountDownTest) finished
[2014-02-18 15:38:31,768][INFO ][test                     ] Test testConcurrent {#114 seed=[A89B4FF56754358E:FA2D24B984BA8BD7]}(org.elasticsearch.common.util.concurrent.CountDownTest) started
[2014-02-18 15:38:31,772][INFO ][test                     ] Test testConcurrent {#114 seed=[A89B4FF56754358E:FA2D24B984BA8BD7]}(org.elasticsearch.common.util.concurrent.CountDownTest) finished
[2014-02-18 15:38:31,772][INFO ][test                     ] Test testConcurrent {#115 seed=[A89B4FF56754358E:9422BD59FE5FA6C4]}(org.elasticsearch.common.util.concurrent.CountDownTest) started
[2014-02-18 15:38:31,776][INFO ][test                     ] Test testConcurrent {#115 seed=[A89B4FF56754358E:9422BD59FE5FA6C4]}(org.elasticsearch.common.util.concurrent.CountDownTest) finished
[2014-02-18 15:38:31,777][INFO ][test                     ] Test testConcurrent {#116 seed=[A89B4FF56754358E:53833742E675E02C]}(org.elasticsearch.common.util.concurrent.CountDownTest) started
[2014-02-18 15:38:31,781][INFO ][test                     ] Test testConcurrent {#116 seed=[A89B4FF56754358E:53833742E675E02C]}(org.elasticsearch.common.util.concurrent.CountDownTest) finished
[2014-02-18 15:38:31,781][INFO ][test                     ] Test testConcurrent {#117 seed=[A89B4FF56754358E:8850C0249C4A6350]}(org.elasticsearch.common.util.concurrent.CountDownTest) started
[2014-02-18 15:38:31,785][INFO ][test                     ] Test testConcurrent {#117 seed=[A89B4FF56754358E:8850C0249C4A6350]}(org.elasticsearch.common.util.concurrent.CountDownTest) finished
[2014-02-18 15:38:31,786][INFO ][test                     ] Test testConcurrent {#118 seed=[A89B4FF56754358E:FC03EEB7E64F534C]}(org.elasticsearch.common.util.concurrent.CountDownTest) started
[2014-02-18 15:38:31,790][INFO ][test                     ] Test testConcurrent {#118 seed=[A89B4FF56754358E:FC03EEB7E64F534C]}(org.elasticsearch.common.util.concurrent.CountDownTest) finished
[2014-02-18 15:38:31,790][INFO ][test                     ] Test testConcurrent {#119 seed=[A89B4FF56754358E:DD62384A2E433199]}(org.elasticsearch.common.util.concurrent.CountDownTest) started
[2014-02-18 15:38:31,794][INFO ][test                     ] Test testConcurrent {#119 seed=[A89B4FF56754358E:DD62384A2E433199]}(org.elasticsearch.common.util.concurrent.CountDownTest) finished
[2014-02-18 15:38:31,795][INFO ][test                     ] Test testConcurrent {#120 seed=[A89B4FF56754358E:D5BAB24AE198140C]}(org.elasticsearch.common.util.concurrent.CountDownTest) started
[2014-02-18 15:38:31,798][INFO ][test                     ] Test testConcurrent {#120 seed=[A89B4FF56754358E:D5BAB24AE198140C]}(org.elasticsearch.common.util.concurrent.CountDownTest) finished
[2014-02-18 15:38:31,799][INFO ][test                     ] Test testConcurrent {#121 seed=[A89B4FF56754358E:BCBD438F10AC0151]}(org.elasticsearch.common.util.concurrent.CountDownTest) started
[2014-02-18 15:38:31,803][INFO ][test                     ] Test testConcurrent {#121 seed=[A89B4FF56754358E:BCBD438F10AC0151]}(org.elasticsearch.common.util.concurrent.CountDownTest) finished
[2014-02-18 15:38:31,804][INFO ][test                     ] Test testConcurrent {#122 seed=[A89B4FF56754358E:7344C5409A4F8863]}(org.elasticsearch.common.util.concurrent.CountDownTest) started
[2014-02-18 15:38:31,808][INFO ][test                     ] Test testConcurrent {#122 seed=[A89B4FF56754358E:7344C5409A4F8863]}(org.elasticsearch.common.util.concurrent.CountDownTest) finished
[2014-02-18 15:38:31,809][INFO ][test                     ] Test testConcurrent {#123 seed=[A89B4FF56754358E:F723897F699EAB8F]}(org.elasticsearch.common.util.concurrent.CountDownTest) started
[2014-02-18 15:38:31,813][INFO ][test                     ] Test testConcurrent {#123 seed=[A89B4FF56754358E:F723897F699EAB8F]}(org.elasticsearch.common.util.concurrent.CountDownTest) finished
[2014-02-18 15:38:31,814][INFO ][test                     ] Test testConcurrent {#124 seed=[A89B4FF56754358E:71309D4D1AB186B3]}(org.elasticsearch.common.util.concurrent.CountDownTest) started
[2014-02-18 15:38:31,818][INFO ][test                     ] Test testConcurrent {#124 seed=[A89B4FF56754358E:71309D4D1AB186B3]}(org.elasticsearch.common.util.concurrent.CountDownTest) finished
[2014-02-18 15:38:31,819][INFO ][test                     ] Test testConcurrent {#125 seed=[A89B4FF56754358E:FF1A39CA97F0C74]}(org.elasticsearch.common.util.concurrent.CountDownTest) started
[2014-02-18 15:38:31,822][INFO ][test                     ] Test testConcurrent {#125 seed=[A89B4FF56754358E:FF1A39CA97F0C74]}(org.elasticsearch.common.util.concurrent.CountDownTest) finished
[2014-02-18 15:38:31,823][INFO ][test                     ] Test testConcurrent {#126 seed=[A89B4FF56754358E:683E7E7D7F091BB1]}(org.elasticsearch.common.util.concurrent.CountDownTest) started
[2014-02-18 15:38:31,827][INFO ][test                     ] Test testConcurrent {#126 seed=[A89B4FF56754358E:683E7E7D7F091BB1]}(org.elasticsearch.common.util.concurrent.CountDownTest) finished
[2014-02-18 15:38:31,828][INFO ][test                     ] Test testConcurrent {#127 seed=[A89B4FF56754358E:2547240BBB61584]}(org.elasticsearch.common.util.concurrent.CountDownTest) started
[2014-02-18 15:38:31,832][INFO ][test                     ] Test testConcurrent {#127 seed=[A89B4FF56754358E:2547240BBB61584]}(org.elasticsearch.common.util.concurrent.CountDownTest) finished
[2014-02-18 15:38:31,833][INFO ][test                     ] Test testConcurrent {#128 seed=[A89B4FF56754358E:F9979CE12B63C7C1]}(org.elasticsearch.common.util.concurrent.CountDownTest) started
[2014-02-18 15:38:31,838][INFO ][test                     ] Test testConcurrent {#128 seed=[A89B4FF56754358E:F9979CE12B63C7C1]}(org.elasticsearch.common.util.concurrent.CountDownTest) finished
[2014-02-18 15:38:31,839][INFO ][test                     ] Test testConcurrent {#129 seed=[A89B4FF56754358E:6C967FF0DBC80BB6]}(org.elasticsearch.common.util.concurrent.CountDownTest) started
[2014-02-18 15:38:31,846][INFO ][test                     ] Test testConcurrent {#129 seed=[A89B4FF56754358E:6C967FF0DBC80BB6]}(org.elasticsearch.common.util.concurrent.CountDownTest) finished
[2014-02-18 15:38:31,847][INFO ][test                     ] Test testConcurrent {#130 seed=[A89B4FF56754358E:AF27A780516A62BB]}(org.elasticsearch.common.util.concurrent.CountDownTest) started
[2014-02-18 15:38:31,854][INFO ][test                     ] Test testConcurrent {#130 seed=[A89B4FF56754358E:AF27A780516A62BB]}(org.elasticsearch.common.util.concurrent.CountDownTest) finished
[2014-02-18 15:38:31,855][INFO ][test                     ] Test testConcurrent {#131 seed=[A89B4FF56754358E:AACE7C773F60DCE3]}(org.elasticsearch.common.util.concurrent.CountDownTest) started
[2014-02-18 15:38:31,862][INFO ][test                     ] Test testConcurrent {#131 seed=[A89B4FF56754358E:AACE7C773F60DCE3]}(org.elasticsearch.common.util.concurrent.CountDownTest) finished
[2014-02-18 15:38:31,863][INFO ][test                     ] Test testConcurrent {#132 seed=[A89B4FF56754358E:571EBD20CEB6A1CD]}(org.elasticsearch.common.util.concurrent.CountDownTest) started
[2014-02-18 15:38:31,867][INFO ][test                     ] Test testConcurrent {#132 seed=[A89B4FF56754358E:571EBD20CEB6A1CD]}(org.elasticsearch.common.util.concurrent.CountDownTest) finished
[2014-02-18 15:38:31,868][INFO ][test                     ] Test testConcurrent {#133 seed=[A89B4FF56754358E:1D33C4C165353F12]}(org.elasticsearch.common.util.concurrent.CountDownTest) started
[2014-02-18 15:38:31,872][INFO ][test                     ] Test testConcurrent {#133 seed=[A89B4FF56754358E:1D33C4C165353F12]}(org.elasticsearch.common.util.concurrent.CountDownTest) finished
[2014-02-18 15:38:31,873][INFO ][test                     ] Test testConcurrent {#134 seed=[A89B4FF56754358E:826A8DCECCAD3BC0]}(org.elasticsearch.common.util.concurrent.CountDownTest) started
[2014-02-18 15:38:31,877][INFO ][test                     ] Test testConcurrent {#134 seed=[A89B4FF56754358E:826A8DCECCAD3BC0]}(org.elasticsearch.common.util.concurrent.CountDownTest) finished
[2014-02-18 15:38:31,878][INFO ][test                     ] Test testConcurrent {#135 seed=[A89B4FF56754358E:12D38097C6FB0187]}(org.elasticsearch.common.util.concurrent.CountDownTest) started
[2014-02-18 15:38:31,882][INFO ][test                     ] Test testConcurrent {#135 seed=[A89B4FF56754358E:12D38097C6FB0187]}(org.elasticsearch.common.util.concurrent.CountDownTest) finished
[2014-02-18 15:38:31,882][INFO ][test                     ] Test testConcurrent {#136 seed=[A89B4FF56754358E:3C0B3F80D819DB99]}(org.elasticsearch.common.util.concurrent.CountDownTest) started
[2014-02-18 15:38:31,884][INFO ][test                     ] Test testConcurrent {#136 seed=[A89B4FF56754358E:3C0B3F80D819DB99]}(org.elasticsearch.common.util.concurrent.CountDownTest) finished
[2014-02-18 15:38:31,885][INFO ][test                     ] Test testConcurrent {#137 seed=[A89B4FF56754358E:BA7BAA542F41CA0C]}(org.elasticsearch.common.util.concurrent.CountDownTest) started
[2014-02-18 15:38:31,888][INFO ][test                     ] Test testConcurrent {#137 seed=[A89B4FF56754358E:BA7BAA542F41CA0C]}(org.elasticsearch.common.util.concurrent.CountDownTest) finished
[2014-02-18 15:38:31,888][INFO ][test                     ] Test testConcurrent {#138 seed=[A89B4FF56754358E:935BB157A63D17EB]}(org.elasticsearch.common.util.concurrent.CountDownTest) started
[2014-02-18 15:38:31,891][INFO ][test                     ] Test testConcurrent {#138 seed=[A89B4FF56754358E:935BB157A63D17EB]}(org.elasticsearch.common.util.concurrent.CountDownTest) finished
[2014-02-18 15:38:31,892][INFO ][test                     ] Test testConcurrent {#139 seed=[A89B4FF56754358E:652926610F44BE23]}(org.elasticsearch.common.util.concurrent.CountDownTest) started
[2014-02-18 15:38:31,894][INFO ][test                     ] Test testConcurrent {#139 seed=[A89B4FF56754358E:652926610F44BE23]}(org.elasticsearch.common.util.concurrent.CountDownTest) finished
[2014-02-18 15:38:31,895][INFO ][test                     ] Test testConcurrent {#140 seed=[A89B4FF56754358E:85BA1EC65F242C11]}(org.elasticsearch.common.util.concurrent.CountDownTest) started
[2014-02-18 15:38:31,898][INFO ][test                     ] Test testConcurrent {#140 seed=[A89B4FF56754358E:85BA1EC65F242C11]}(org.elasticsearch.common.util.concurrent.CountDownTest) finished
[2014-02-18 15:38:31,898][INFO ][test                     ] Test testConcurrent {#141 seed=[A89B4FF56754358E:FBE39F2ED50C4CCA]}(org.elasticsearch.common.util.concurrent.CountDownTest) started
[2014-02-18 15:38:31,907][INFO ][test                     ] Test testConcurrent {#141 seed=[A89B4FF56754358E:FBE39F2ED50C4CCA]}(org.elasticsearch.common.util.concurrent.CountDownTest) finished
[2014-02-18 15:38:31,908][INFO ][test                     ] Test testConcurrent {#142 seed=[A89B4FF56754358E:A2DF316542BA97DE]}(org.elasticsearch.common.util.concurrent.CountDownTest) started
[2014-02-18 15:38:31,920][INFO ][test                     ] Test testConcurrent {#142 seed=[A89B4FF56754358E:A2DF316542BA97DE]}(org.elasticsearch.common.util.concurrent.CountDownTest) finished
[2014-02-18 15:38:31,920][INFO ][test                     ] Test testConcurrent {#143 seed=[A89B4FF56754358E:F6E0A48AA9968DE2]}(org.elasticsearch.common.util.concurrent.CountDownTest) started
[2014-02-18 15:38:31,924][INFO ][test                     ] Test testConcurrent {#143 seed=[A89B4FF56754358E:F6E0A48AA9968DE2]}(org.elasticsearch.common.util.concurrent.CountDownTest) finished
[2014-02-18 15:38:31,925][INFO ][test                     ] Test testConcurrent {#144 seed=[A89B4FF56754358E:961961E4D000857C]}(org.elasticsearch.common.util.concurrent.CountDownTest) started
[2014-02-18 15:38:31,929][INFO ][test                     ] Test testConcurrent {#144 seed=[A89B4FF56754358E:961961E4D000857C]}(org.elasticsearch.common.util.concurrent.CountDownTest) finished
[2014-02-18 15:38:31,930][INFO ][test                     ] Test testConcurrent {#145 seed=[A89B4FF56754358E:32BC3EB77EA626AA]}(org.elasticsearch.common.util.concurrent.CountDownTest) started
[2014-02-18 15:38:31,933][INFO ][test                     ] Test testConcurrent {#145 seed=[A89B4FF56754358E:32BC3EB77EA626AA]}(org.elasticsearch.common.util.concurrent.CountDownTest) finished
[2014-02-18 15:38:31,934][INFO ][test                     ] Test testConcurrent {#146 seed=[A89B4FF56754358E:691DD03BB89EABA5]}(org.elasticsearch.common.util.concurrent.CountDownTest) started
[2014-02-18 15:38:31,937][INFO ][test                     ] Test testConcurrent {#146 seed=[A89B4FF56754358E:691DD03BB89EABA5]}(org.elasticsearch.common.util.concurrent.CountDownTest) finished
[2014-02-18 15:38:31,938][INFO ][test                     ] Test testConcurrent {#147 seed=[A89B4FF56754358E:CFCE099D2ABEB5B5]}(org.elasticsearch.common.util.concurrent.CountDownTest) started
[2014-02-18 15:38:31,940][INFO ][test                     ] Test testConcurrent {#147 seed=[A89B4FF56754358E:CFCE099D2ABEB5B5]}(org.elasticsearch.common.util.concurrent.CountDownTest) finished
[2014-02-18 15:38:31,941][INFO ][test                     ] Test testConcurrent {#148 seed=[A89B4FF56754358E:66DF5C8811BAF83E]}(org.elasticsearch.common.util.concurrent.CountDownTest) started
[2014-02-18 15:38:31,944][INFO ][test                     ] Test testConcurrent {#148 seed=[A89B4FF56754358E:66DF5C8811BAF83E]}(org.elasticsearch.common.util.concurrent.CountDownTest) finished
[2014-02-18 15:38:31,944][INFO ][test                     ] Test testConcurrent {#149 seed=[A89B4FF56754358E:D70340C7E4B3DE76]}(org.elasticsearch.common.util.concurrent.CountDownTest) started
[2014-02-18 15:38:31,947][INFO ][test                     ] Test testConcurrent {#149 seed=[A89B4FF56754358E:D70340C7E4B3DE76]}(org.elasticsearch.common.util.concurrent.CountDownTest) finished
[2014-02-18 15:38:31,948][INFO ][test                     ] Test testConcurrent {#150 seed=[A89B4FF56754358E:E3967637D0BB735]}(org.elasticsearch.common.util.concurrent.CountDownTest) started
[2014-02-18 15:38:31,951][INFO ][test                     ] Test testConcurrent {#150 seed=[A89B4FF56754358E:E3967637D0BB735]}(org.elasticsearch.common.util.concurrent.CountDownTest) finished
[2014-02-18 15:38:31,952][INFO ][test                     ] Test testConcurrent {#151 seed=[A89B4FF56754358E:992FC62DF2C71599]}(org.elasticsearch.common.util.concurrent.CountDownTest) started
[2014-02-18 15:38:31,955][INFO ][test                     ] Test testConcurrent {#151 seed=[A89B4FF56754358E:992FC62DF2C71599]}(org.elasticsearch.common.util.concurrent.CountDownTest) finished
[2014-02-18 15:38:31,957][INFO ][test                     ] Test testConcurrent {#152 seed=[A89B4FF56754358E:B58BA165D2CA4E64]}(org.elasticsearch.common.util.concurrent.CountDownTest) started
[2014-02-18 15:38:31,960][INFO ][test                     ] Test testConcurrent {#152 seed=[A89B4FF56754358E:B58BA165D2CA4E64]}(org.elasticsearch.common.util.concurrent.CountDownTest) finished
[2014-02-18 15:38:31,961][INFO ][test                     ] Test testConcurrent {#153 seed=[A89B4FF56754358E:FD7998764F127D12]}(org.elasticsearch.common.util.concurrent.CountDownTest) started
[2014-02-18 15:38:31,965][INFO ][test                     ] Test testConcurrent {#153 seed=[A89B4FF56754358E:FD7998764F127D12]}(org.elasticsearch.common.util.concurrent.CountDownTest) finished
[2014-02-18 15:38:31,966][INFO ][test                     ] Test testConcurrent {#154 seed=[A89B4FF56754358E:E84F1D1B26DE103D]}(org.elasticsearch.common.util.concurrent.CountDownTest) started
[2014-02-18 15:38:31,969][INFO ][test                     ] Test testConcurrent {#154 seed=[A89B4FF56754358E:E84F1D1B26DE103D]}(org.elasticsearch.common.util.concurrent.CountDownTest) finished
[2014-02-18 15:38:31,970][INFO ][test                     ] Test testConcurrent {#155 seed=[A89B4FF56754358E:D9BBFEFAA83849BE]}(org.elasticsearch.common.util.concurrent.CountDownTest) started
[2014-02-18 15:38:31,973][INFO ][test                     ] Test testConcurrent {#155 seed=[A89B4FF56754358E:D9BBFEFAA83849BE]}(org.elasticsearch.common.util.concurrent.CountDownTest) finished
[2014-02-18 15:38:31,974][INFO ][test                     ] Test testConcurrent {#156 seed=[A89B4FF56754358E:6C9D70E345BC6473]}(org.elasticsearch.common.util.concurrent.CountDownTest) started
[2014-02-18 15:38:31,978][INFO ][test                     ] Test testConcurrent {#156 seed=[A89B4FF56754358E:6C9D70E345BC6473]}(org.elasticsearch.common.util.concurrent.CountDownTest) finished
[2014-02-18 15:38:31,979][INFO ][test                     ] Test testConcurrent {#157 seed=[A89B4FF56754358E:631CCBF725675676]}(org.elasticsearch.common.util.concurrent.CountDownTest) started
[2014-02-18 15:38:31,982][INFO ][test                     ] Test testConcurrent {#157 seed=[A89B4FF56754358E:631CCBF725675676]}(org.elasticsearch.common.util.concurrent.CountDownTest) finished
[2014-02-18 15:38:31,983][INFO ][test                     ] Test testConcurrent {#158 seed=[A89B4FF56754358E:714CA29DA4CCD6B2]}(org.elasticsearch.common.util.concurrent.CountDownTest) started
[2014-02-18 15:38:31,986][INFO ][test                     ] Test testConcurrent {#158 seed=[A89B4FF56754358E:714CA29DA4CCD6B2]}(org.elasticsearch.common.util.concurrent.CountDownTest) finished
[2014-02-18 15:38:31,987][INFO ][test                     ] Test testConcurrent {#159 seed=[A89B4FF56754358E:131A186D4F548AC1]}(org.elasticsearch.common.util.concurrent.CountDownTest) started
[2014-02-18 15:38:31,990][INFO ][test                     ] Test testConcurrent {#159 seed=[A89B4FF56754358E:131A186D4F548AC1]}(org.elasticsearch.common.util.concurrent.CountDownTest) finished
[2014-02-18 15:38:31,991][INFO ][test                     ] Test testConcurrent {#160 seed=[A89B4FF56754358E:8B859EB7A1882C25]}(org.elasticsearch.common.util.concurrent.CountDownTest) started
[2014-02-18 15:38:31,994][INFO ][test                     ] Test testConcurrent {#160 seed=[A89B4FF56754358E:8B859EB7A1882C25]}(org.elasticsearch.common.util.concurrent.CountDownTest) finished
[2014-02-18 15:38:31,995][INFO ][test                     ] Test testConcurrent {#161 seed=[A89B4FF56754358E:7BA1553664D3C1DA]}(org.elasticsearch.common.util.concurrent.CountDownTest) started
[2014-02-18 15:38:31,999][INFO ][test                     ] Test testConcurrent {#161 seed=[A89B4FF56754358E:7BA1553664D3C1DA]}(org.elasticsearch.common.util.concurrent.CountDownTest) finished
[2014-02-18 15:38:31,999][INFO ][test                     ] Test testConcurrent {#162 seed=[A89B4FF56754358E:8333CC215161A278]}(org.elasticsearch.common.util.concurrent.CountDownTest) started
[2014-02-18 15:38:32,003][INFO ][test                     ] Test testConcurrent {#162 seed=[A89B4FF56754358E:8333CC215161A278]}(org.elasticsearch.common.util.concurrent.CountDownTest) finished
[2014-02-18 15:38:32,003][INFO ][test                     ] Test testConcurrent {#163 seed=[A89B4FF56754358E:D46F839ABD3A9266]}(org.elasticsearch.common.util.concurrent.CountDownTest) started
[2014-02-18 15:38:32,007][INFO ][test                     ] Test testConcurrent {#163 seed=[A89B4FF56754358E:D46F839ABD3A9266]}(org.elasticsearch.common.util.concurrent.CountDownTest) finished
[2014-02-18 15:38:32,008][INFO ][test                     ] Test testConcurrent {#164 seed=[A89B4FF56754358E:DBF8989CAF0201C4]}(org.elasticsearch.common.util.concurrent.CountDownTest) started
[2014-02-18 15:38:32,012][INFO ][test                     ] Test testConcurrent {#164 seed=[A89B4FF56754358E:DBF8989CAF0201C4]}(org.elasticsearch.common.util.concurrent.CountDownTest) finished
[2014-02-18 15:38:32,012][INFO ][test                     ] Test testConcurrent {#165 seed=[A89B4FF56754358E:3799A62932B3DF98]}(org.elasticsearch.common.util.concurrent.CountDownTest) started
[2014-02-18 15:38:32,017][INFO ][test                     ] Test testConcurrent {#165 seed=[A89B4FF56754358E:3799A62932B3DF98]}(org.elasticsearch.common.util.concurrent.CountDownTest) finished
[2014-02-18 15:38:32,017][INFO ][test                     ] Test testConcurrent {#166 seed=[A89B4FF56754358E:EC40C962A83F679C]}(org.elasticsearch.common.util.concurrent.CountDownTest) started
[2014-02-18 15:38:32,021][INFO ][test                     ] Test testConcurrent {#166 seed=[A89B4FF56754358E:EC40C962A83F679C]}(org.elasticsearch.common.util.concurrent.CountDownTest) finished
[2014-02-18 15:38:32,022][INFO ][test                     ] Test testConcurrent {#167 seed=[A89B4FF56754358E:B74F404C728CC194]}(org.elasticsearch.common.util.concurrent.CountDownTest) started
[2014-02-18 15:38:32,025][INFO ][test                     ] Test testConcurrent {#167 seed=[A89B4FF56754358E:B74F404C728CC194]}(org.elasticsearch.common.util.concurrent.CountDownTest) finished
[2014-02-18 15:38:32,026][INFO ][test                     ] Test testConcurrent {#168 seed=[A89B4FF56754358E:785141120D3C1F9A]}(org.elasticsearch.common.util.concurrent.CountDownTest) started
[2014-02-18 15:38:32,031][INFO ][test                     ] Test testConcurrent {#168 seed=[A89B4FF56754358E:785141120D3C1F9A]}(org.elasticsearch.common.util.concurrent.CountDownTest) finished
[2014-02-18 15:38:32,031][INFO ][test                     ] Test testConcurrent {#169 seed=[A89B4FF56754358E:AAB797BDF035DF3E]}(org.elasticsearch.common.util.concurrent.CountDownTest) started
[2014-02-18 15:38:32,035][INFO ][test                     ] Test testConcurrent {#169 seed=[A89B4FF56754358E:AAB797BDF035DF3E]}(org.elasticsearch.common.util.concurrent.CountDownTest) finished
[2014-02-18 15:38:32,036][INFO ][test                     ] Test testConcurrent {#170 seed=[A89B4FF56754358E:7800C7BC147CA727]}(org.elasticsearch.common.util.concurrent.CountDownTest) started
[2014-02-18 15:38:32,039][INFO ][test                     ] Test testConcurrent {#170 seed=[A89B4FF56754358E:7800C7BC147CA727]}(org.elasticsearch.common.util.concurrent.CountDownTest) finished
[2014-02-18 15:38:32,040][INFO ][test                     ] Test testConcurrent {#171 seed=[A89B4FF56754358E:B4BD5FF4F1862C5C]}(org.elasticsearch.common.util.concurrent.CountDownTest) started
[2014-02-18 15:38:32,043][INFO ][test                     ] Test testConcurrent {#171 seed=[A89B4FF56754358E:B4BD5FF4F1862C5C]}(org.elasticsearch.common.util.concurrent.CountDownTest) finished
[2014-02-18 15:38:32,044][INFO ][test                     ] Test testConcurrent {#172 seed=[A89B4FF56754358E:DBE483D465E28295]}(org.elasticsearch.common.util.concurrent.CountDownTest) started
[2014-02-18 15:38:32,047][INFO ][test                     ] Test testConcurrent {#172 seed=[A89B4FF56754358E:DBE483D465E28295]}(org.elasticsearch.common.util.concurrent.CountDownTest) finished
[2014-02-18 15:38:32,048][INFO ][test                     ] Test testConcurrent {#173 seed=[A89B4FF56754358E:C198B9728216A45D]}(org.elasticsearch.common.util.concurrent.CountDownTest) started
[2014-02-18 15:38:32,051][INFO ][test                     ] Test testConcurrent {#173 seed=[A89B4FF56754358E:C198B9728216A45D]}(org.elasticsearch.common.util.concurrent.CountDownTest) finished
[2014-02-18 15:38:32,051][INFO ][test                     ] Test testConcurrent {#174 seed=[A89B4FF56754358E:2234933B7F6A1C18]}(org.elasticsearch.common.util.concurrent.CountDownTest) started
[2014-02-18 15:38:32,055][INFO ][test                     ] Test testConcurrent {#174 seed=[A89B4FF56754358E:2234933B7F6A1C18]}(org.elasticsearch.common.util.concurrent.CountDownTest) finished
[2014-02-18 15:38:32,055][INFO ][test                     ] Test testConcurrent {#175 seed=[A89B4FF56754358E:A285F5F7C533FE01]}(org.elasticsearch.common.util.concurrent.CountDownTest) started
[2014-02-18 15:38:32,059][INFO ][test                     ] Test testConcurrent {#175 seed=[A89B4FF56754358E:A285F5F7C533FE01]}(org.elasticsearch.common.util.concurrent.CountDownTest) finished
[2014-02-18 15:38:32,060][INFO ][test                     ] Test testConcurrent {#176 seed=[A89B4FF56754358E:370F4F602D14BDCB]}(org.elasticsearch.common.util.concurrent.CountDownTest) started
[2014-02-18 15:38:32,062][INFO ][test                     ] Test testConcurrent {#176 seed=[A89B4FF56754358E:370F4F602D14BDCB]}(org.elasticsearch.common.util.concurrent.CountDownTest) finished
[2014-02-18 15:38:32,063][INFO ][test                     ] Test testConcurrent {#177 seed=[A89B4FF56754358E:31D6EDAFBB2F31CF]}(org.elasticsearch.common.util.concurrent.CountDownTest) started
[2014-02-18 15:38:32,065][INFO ][test                     ] Test testConcurrent {#177 seed=[A89B4FF56754358E:31D6EDAFBB2F31CF]}(org.elasticsearch.common.util.concurrent.CountDownTest) finished
[2014-02-18 15:38:32,066][INFO ][test                     ] Test testConcurrent {#178 seed=[A89B4FF56754358E:7B3CE4A3D679ED40]}(org.elasticsearch.common.util.concurrent.CountDownTest) started
[2014-02-18 15:38:32,068][INFO ][test                     ] Test testConcurrent {#178 seed=[A89B4FF56754358E:7B3CE4A3D679ED40]}(org.elasticsearch.common.util.concurrent.CountDownTest) finished
[2014-02-18 15:38:32,069][INFO ][test                     ] Test testConcurrent {#179 seed=[A89B4FF56754358E:9B5402C9A481912A]}(org.elasticsearch.common.util.concurrent.CountDownTest) started
[2014-02-18 15:38:32,071][INFO ][test                     ] Test testConcurrent {#179 seed=[A89B4FF56754358E:9B5402C9A481912A]}(org.elasticsearch.common.util.concurrent.CountDownTest) finished
[2014-02-18 15:38:32,071][INFO ][test                     ] Test testConcurrent {#180 seed=[A89B4FF56754358E:E18404F593973E5D]}(org.elasticsearch.common.util.concurrent.CountDownTest) started
[2014-02-18 15:38:32,074][INFO ][test                     ] Test testConcurrent {#180 seed=[A89B4FF56754358E:E18404F593973E5D]}(org.elasticsearch.common.util.concurrent.CountDownTest) finished
[2014-02-18 15:38:32,074][INFO ][test                     ] Test testConcurrent {#181 seed=[A89B4FF56754358E:5D58AFB886365020]}(org.elasticsearch.common.util.concurrent.CountDownTest) started
[2014-02-18 15:38:32,077][INFO ][test                     ] Test testConcurrent {#181 seed=[A89B4FF56754358E:5D58AFB886365020]}(org.elasticsearch.common.util.concurrent.CountDownTest) finished
[2014-02-18 15:38:32,077][INFO ][test                     ] Test testConcurrent {#182 seed=[A89B4FF56754358E:8E174D999C421EB1]}(org.elasticsearch.common.util.concurrent.CountDownTest) started
[2014-02-18 15:38:32,080][INFO ][test                     ] Test testConcurrent {#182 seed=[A89B4FF56754358E:8E174D999C421EB1]}(org.elasticsearch.common.util.concurrent.CountDownTest) finished
[2014-02-18 15:38:32,080][INFO ][test                     ] Test testConcurrent {#183 seed=[A89B4FF56754358E:E154EAB4F9B78958]}(org.elasticsearch.common.util.concurrent.CountDownTest) started
[2014-02-18 15:38:32,083][INFO ][test                     ] Test testConcurrent {#183 seed=[A89B4FF56754358E:E154EAB4F9B78958]}(org.elasticsearch.common.util.concurrent.CountDownTest) finished
[2014-02-18 15:38:32,083][INFO ][test                     ] Test testConcurrent {#184 seed=[A89B4FF56754358E:A0638D7D6F9B2B7D]}(org.elasticsearch.common.util.concurrent.CountDownTest) started
[2014-02-18 15:38:32,086][INFO ][test                     ] Test testConcurrent {#184 seed=[A89B4FF56754358E:A0638D7D6F9B2B7D]}(org.elasticsearch.common.util.concurrent.CountDownTest) finished
[2014-02-18 15:38:32,086][INFO ][test                     ] Test testConcurrent {#185 seed=[A89B4FF56754358E:54D094374E41A9AB]}(org.elasticsearch.common.util.concurrent.CountDownTest) started
[2014-02-18 15:38:32,088][INFO ][test                     ] Test testConcurrent {#185 seed=[A89B4FF56754358E:54D094374E41A9AB]}(org.elasticsearch.common.util.concurrent.CountDownTest) finished
[2014-02-18 15:38:32,089][INFO ][test                     ] Test testConcurrent {#186 seed=[A89B4FF56754358E:504DF578B2A5C295]}(org.elasticsearch.common.util.concurrent.CountDownTest) started
[2014-02-18 15:38:32,091][INFO ][test                     ] Test testConcurrent {#186 seed=[A89B4FF56754358E:504DF578B2A5C295]}(org.elasticsearch.common.util.concurrent.CountDownTest) finished
[2014-02-18 15:38:32,091][INFO ][test                     ] Test testConcurrent {#187 seed=[A89B4FF56754358E:E818B7AA6656A7C3]}(org.elasticsearch.common.util.concurrent.CountDownTest) started
[2014-02-18 15:38:32,094][INFO ][test                     ] Test testConcurrent {#187 seed=[A89B4FF56754358E:E818B7AA6656A7C3]}(org.elasticsearch.common.util.concurrent.CountDownTest) finished
[2014-02-18 15:38:32,094][INFO ][test                     ] Test testConcurrent {#188 seed=[A89B4FF56754358E:E9F538EB89D851FA]}(org.elasticsearch.common.util.concurrent.CountDownTest) started
[2014-02-18 15:38:32,097][INFO ][test                     ] Test testConcurrent {#188 seed=[A89B4FF56754358E:E9F538EB89D851FA]}(org.elasticsearch.common.util.concurrent.CountDownTest) finished
[2014-02-18 15:38:32,097][INFO ][test                     ] Test testConcurrent {#189 seed=[A89B4FF56754358E:C8B57D2488D722C6]}(org.elasticsearch.common.util.concurrent.CountDownTest) started
[2014-02-18 15:38:32,099][INFO ][test                     ] Test testConcurrent {#189 seed=[A89B4FF56754358E:C8B57D2488D722C6]}(org.elasticsearch.common.util.concurrent.CountDownTest) finished
[2014-02-18 15:38:32,100][INFO ][test                     ] Test testConcurrent {#190 seed=[A89B4FF56754358E:544BD9875B10D8D6]}(org.elasticsearch.common.util.concurrent.CountDownTest) started
[2014-02-18 15:38:32,103][INFO ][test                     ] Test testConcurrent {#190 seed=[A89B4FF56754358E:544BD9875B10D8D6]}(org.elasticsearch.common.util.concurrent.CountDownTest) finished
[2014-02-18 15:38:32,104][INFO ][test                     ] Test testConcurrent {#191 seed=[A89B4FF56754358E:D738860D94CD370C]}(org.elasticsearch.common.util.concurrent.CountDownTest) started
[2014-02-18 15:38:32,108][INFO ][test                     ] Test testConcurrent {#191 seed=[A89B4FF56754358E:D738860D94CD370C]}(org.elasticsearch.common.util.concurrent.CountDownTest) finished
[2014-02-18 15:38:32,108][INFO ][test                     ] Test testConcurrent {#192 seed=[A89B4FF56754358E:952A42A3D5C9B57A]}(org.elasticsearch.common.util.concurrent.CountDownTest) started
[2014-02-18 15:38:32,112][INFO ][test                     ] Test testConcurrent {#192 seed=[A89B4FF56754358E:952A42A3D5C9B57A]}(org.elasticsearch.common.util.concurrent.CountDownTest) finished
[2014-02-18 15:38:32,112][INFO ][test                     ] Test testConcurrent {#193 seed=[A89B4FF56754358E:C19435613C933FEB]}(org.elasticsearch.common.util.concurrent.CountDownTest) started
[2014-02-18 15:38:32,115][INFO ][test                     ] Test testConcurrent {#193 seed=[A89B4FF56754358E:C19435613C933FEB]}(org.elasticsearch.common.util.concurrent.CountDownTest) finished
[2014-02-18 15:38:32,116][INFO ][test                     ] Test testConcurrent {#194 seed=[A89B4FF56754358E:56EA7424ED9E8AFC]}(org.elasticsearch.common.util.concurrent.CountDownTest) started
[2014-02-18 15:38:32,118][INFO ][test                     ] Test testConcurrent {#194 seed=[A89B4FF56754358E:56EA7424ED9E8AFC]}(org.elasticsearch.common.util.concurrent.CountDownTest) finished
[2014-02-18 15:38:32,119][INFO ][test                     ] Test testConcurrent {#195 seed=[A89B4FF56754358E:733ACFAC11DC64C7]}(org.elasticsearch.common.util.concurrent.CountDownTest) started
[2014-02-18 15:38:32,121][INFO ][test                     ] Test testConcurrent {#195 seed=[A89B4FF56754358E:733ACFAC11DC64C7]}(org.elasticsearch.common.util.concurrent.CountDownTest) finished
[2014-02-18 15:38:32,122][INFO ][test                     ] Test testConcurrent {#196 seed=[A89B4FF56754358E:EEE0104E550AB4A3]}(org.elasticsearch.common.util.concurrent.CountDownTest) started
[2014-02-18 15:38:32,125][INFO ][test                     ] Test testConcurrent {#196 seed=[A89B4FF56754358E:EEE0104E550AB4A3]}(org.elasticsearch.common.util.concurrent.CountDownTest) finished
[2014-02-18 15:38:32,125][INFO ][test                     ] Test testConcurrent {#197 seed=[A89B4FF56754358E:B4D00CF8220A21A3]}(org.elasticsearch.common.util.concurrent.CountDownTest) started
[2014-02-18 15:38:32,129][INFO ][test                     ] Test testConcurrent {#197 seed=[A89B4FF56754358E:B4D00CF8220A21A3]}(org.elasticsearch.common.util.concurrent.CountDownTest) finished
[2014-02-18 15:38:32,129][INFO ][test                     ] Test testConcurrent {#198 seed=[A89B4FF56754358E:53D8865BCF8B00F7]}(org.elasticsearch.common.util.concurrent.CountDownTest) started
[2014-02-18 15:38:32,133][INFO ][test                     ] Test testConcurrent {#198 seed=[A89B4FF56754358E:53D8865BCF8B00F7]}(org.elasticsearch.common.util.concurrent.CountDownTest) finished
[2014-02-18 15:38:32,133][INFO ][test                     ] Test testConcurrent {#199 seed=[A89B4FF56754358E:D3CB1E7901E084B9]}(org.elasticsearch.common.util.concurrent.CountDownTest) started
[2014-02-18 15:38:32,137][INFO ][test                     ] Test testConcurrent {#199 seed=[A89B4FF56754358E:D3CB1E7901E084B9]}(org.elasticsearch.common.util.concurrent.CountDownTest) finished
[2014-02-18 15:38:32,137][INFO ][test                     ] Test testConcurrent {#200 seed=[A89B4FF56754358E:48D1A3EFECC998F7]}(org.elasticsearch.common.util.concurrent.CountDownTest) started
[2014-02-18 15:38:32,140][INFO ][test                     ] Test testConcurrent {#200 seed=[A89B4FF56754358E:48D1A3EFECC998F7]}(org.elasticsearch.common.util.concurrent.CountDownTest) finished
[2014-02-18 15:38:32,140][INFO ][test                     ] Test testConcurrent {#201 seed=[A89B4FF56754358E:A16989D88FA848DF]}(org.elasticsearch.common.util.concurrent.CountDownTest) started
[2014-02-18 15:38:32,143][INFO ][test                     ] Test testConcurrent {#201 seed=[A89B4FF56754358E:A16989D88FA848DF]}(org.elasticsearch.common.util.concurrent.CountDownTest) finished
[2014-02-18 15:38:32,143][INFO ][test                     ] Test testConcurrent {#202 seed=[A89B4FF56754358E:C71C2BA3B5E7D7B]}(org.elasticsearch.common.util.concurrent.CountDownTest) started
[2014-02-18 15:38:32,146][INFO ][test                     ] Test testConcurrent {#202 seed=[A89B4FF56754358E:C71C2BA3B5E7D7B]}(org.elasticsearch.common.util.concurrent.CountDownTest) finished
[2014-02-18 15:38:32,147][INFO ][test                     ] Test testConcurrent {#203 seed=[A89B4FF56754358E:CABFFC30E6242EE1]}(org.elasticsearch.common.util.concurrent.CountDownTest) started
[2014-02-18 15:38:32,154][INFO ][test                     ] Test testConcurrent {#203 seed=[A89B4FF56754358E:CABFFC30E6242EE1]}(org.elasticsearch.common.util.concurrent.CountDownTest) finished
[2014-02-18 15:38:32,155][INFO ][test                     ] Test testConcurrent {#204 seed=[A89B4FF56754358E:F314C4D7B821BB07]}(org.elasticsearch.common.util.concurrent.CountDownTest) started
[2014-02-18 15:38:32,159][INFO ][test                     ] Test testConcurrent {#204 seed=[A89B4FF56754358E:F314C4D7B821BB07]}(org.elasticsearch.common.util.concurrent.CountDownTest) finished
[2014-02-18 15:38:32,160][INFO ][test                     ] Test testConcurrent {#205 seed=[A89B4FF56754358E:FDC6C187A224F534]}(org.elasticsearch.common.util.concurrent.CountDownTest) started
[2014-02-18 15:38:32,164][INFO ][test                     ] Test testConcurrent {#205 seed=[A89B4FF56754358E:FDC6C187A224F534]}(org.elasticsearch.common.util.concurrent.CountDownTest) finished
[2014-02-18 15:38:32,165][INFO ][test                     ] Test testConcurrent {#206 seed=[A89B4FF56754358E:BC28666E618C1645]}(org.elasticsearch.common.util.concurrent.CountDownTest) started
[2014-02-18 15:38:32,167][INFO ][test                     ] Test testConcurrent {#206 seed=[A89B4FF56754358E:BC28666E618C1645]}(org.elasticsearch.common.util.concurrent.CountDownTest) finished
[2014-02-18 15:38:32,168][INFO ][test                     ] Test testConcurrent {#207 seed=[A89B4FF56754358E:92A313F0A0229675]}(org.elasticsearch.common.util.concurrent.CountDownTest) started
[2014-02-18 15:38:32,172][INFO ][test                     ] Test testConcurrent {#207 seed=[A89B4FF56754358E:92A313F0A0229675]}(org.elasticsearch.common.util.concurrent.CountDownTest) finished
[2014-02-18 15:38:32,172][INFO ][test                     ] Test testConcurrent {#208 seed=[A89B4FF56754358E:7D18D2BFC85583F7]}(org.elasticsearch.common.util.concurrent.CountDownTest) started
[2014-02-18 15:38:32,177][INFO ][test                     ] Test testConcurrent {#208 seed=[A89B4FF56754358E:7D18D2BFC85583F7]}(org.elasticsearch.common.util.concurrent.CountDownTest) finished
[2014-02-18 15:38:32,178][INFO ][test                     ] Test testConcurrent {#209 seed=[A89B4FF56754358E:BC887D2867853B7F]}(org.elasticsearch.common.util.concurrent.CountDownTest) started
[2014-02-18 15:38:32,182][INFO ][test                     ] Test testConcurrent {#209 seed=[A89B4FF56754358E:BC887D2867853B7F]}(org.elasticsearch.common.util.concurrent.CountDownTest) finished
[2014-02-18 15:38:32,183][INFO ][test                     ] Test testConcurrent {#210 seed=[A89B4FF56754358E:92FC2310FF2C6D96]}(org.elasticsearch.common.util.concurrent.CountDownTest) started
[2014-02-18 15:38:32,186][INFO ][test                     ] Test testConcurrent {#210 seed=[A89B4FF56754358E:92FC2310FF2C6D96]}(org.elasticsearch.common.util.concurrent.CountDownTest) finished
[2014-02-18 15:38:32,187][INFO ][test                     ] Test testConcurrent {#211 seed=[A89B4FF56754358E:7024E94DFF13FBE7]}(org.elasticsearch.common.util.concurrent.CountDownTest) started
[2014-02-18 15:38:32,189][INFO ][test                     ] Test testConcurrent {#211 seed=[A89B4FF56754358E:7024E94DFF13FBE7]}(org.elasticsearch.common.util.concurrent.CountDownTest) finished
[2014-02-18 15:38:32,190][INFO ][test                     ] Test testConcurrent {#212 seed=[A89B4FF56754358E:86E4B928F665C800]}(org.elasticsearch.common.util.concurrent.CountDownTest) started
[2014-02-18 15:38:32,193][INFO ][test                     ] Test testConcurrent {#212 seed=[A89B4FF56754358E:86E4B928F665C800]}(org.elasticsearch.common.util.concurrent.CountDownTest) finished
[2014-02-18 15:38:32,194][INFO ][test                     ] Test testConcurrent {#213 seed=[A89B4FF56754358E:26BD6E2B0E66249A]}(org.elasticsearch.common.util.concurrent.CountDownTest) started
[2014-02-18 15:38:32,196][INFO ][test                     ] Test testConcurrent {#213 seed=[A89B4FF56754358E:26BD6E2B0E66249A]}(org.elasticsearch.common.util.concurrent.CountDownTest) finished
[2014-02-18 15:38:32,197][INFO ][test                     ] Test testConcurrent {#214 seed=[A89B4FF56754358E:42923F9651EAF721]}(org.elasticsearch.common.util.concurrent.CountDownTest) started
[2014-02-18 15:38:32,200][INFO ][test                     ] Test testConcurrent {#214 seed=[A89B4FF56754358E:42923F9651EAF721]}(org.elasticsearch.common.util.concurrent.CountDownTest) finished
[2014-02-18 15:38:32,201][INFO ][test                     ] Test testConcurrent {#215 seed=[A89B4FF56754358E:ECC2334C368ACFB3]}(org.elasticsearch.common.util.concurrent.CountDownTest) started
[2014-02-18 15:38:32,205][INFO ][test                     ] Test testConcurrent {#215 seed=[A89B4FF56754358E:ECC2334C368ACFB3]}(org.elasticsearch.common.util.concurrent.CountDownTest) finished
[2014-02-18 15:38:32,205][INFO ][test                     ] Test testConcurrent {#216 seed=[A89B4FF56754358E:1120728C985F65B6]}(org.elasticsearch.common.util.concurrent.CountDownTest) started
[2014-02-18 15:38:32,208][INFO ][test                     ] Test testConcurrent {#216 seed=[A89B4FF56754358E:1120728C985F65B6]}(org.elasticsearch.common.util.concurrent.CountDownTest) finished
[2014-02-18 15:38:32,209][INFO ][test                     ] Test testConcurrent {#217 seed=[A89B4FF56754358E:91E96105AE812941]}(org.elasticsearch.common.util.concurrent.CountDownTest) started
[2014-02-18 15:38:32,212][INFO ][test                     ] Test testConcurrent {#217 seed=[A89B4FF56754358E:91E96105AE812941]}(org.elasticsearch.common.util.concurrent.CountDownTest) finished
[2014-02-18 15:38:32,212][INFO ][test                     ] Test testConcurrent {#218 seed=[A89B4FF56754358E:42954A27A4710785]}(org.elasticsearch.common.util.concurrent.CountDownTest) started
[2014-02-18 15:38:32,215][INFO ][test                     ] Test testConcurrent {#218 seed=[A89B4FF56754358E:42954A27A4710785]}(org.elasticsearch.common.util.concurrent.CountDownTest) finished
[2014-02-18 15:38:32,216][INFO ][test                     ] Test testConcurrent {#219 seed=[A89B4FF56754358E:DB36BF4F96245D3]}(org.elasticsearch.common.util.concurrent.CountDownTest) started
[2014-02-18 15:38:32,219][INFO ][test                     ] Test testConcurrent {#219 seed=[A89B4FF56754358E:DB36BF4F96245D3]}(org.elasticsearch.common.util.concurrent.CountDownTest) finished
[2014-02-18 15:38:32,220][INFO ][test                     ] Test testConcurrent {#220 seed=[A89B4FF56754358E:262173C013027E81]}(org.elasticsearch.common.util.concurrent.CountDownTest) started
[2014-02-18 15:38:32,223][INFO ][test                     ] Test testConcurrent {#220 seed=[A89B4FF56754358E:262173C013027E81]}(org.elasticsearch.common.util.concurrent.CountDownTest) finished
[2014-02-18 15:38:32,224][INFO ][test                     ] Test testConcurrent {#221 seed=[A89B4FF56754358E:B47C4DD7FAAF2C0]}(org.elasticsearch.common.util.concurrent.CountDownTest) started
[2014-02-18 15:38:32,228][INFO ][test                     ] Test testConcurrent {#221 seed=[A89B4FF56754358E:B47C4DD7FAAF2C0]}(org.elasticsearch.common.util.concurrent.CountDownTest) finished
[2014-02-18 15:38:32,229][INFO ][test                     ] Test testConcurrent {#222 seed=[A89B4FF56754358E:F0A020C6E1EF18D]}(org.elasticsearch.common.util.concurrent.CountDownTest) started
[2014-02-18 15:38:32,234][INFO ][test                     ] Test testConcurrent {#222 seed=[A89B4FF56754358E:F0A020C6E1EF18D]}(org.elasticsearch.common.util.concurrent.CountDownTest) finished
[2014-02-18 15:38:32,235][INFO ][test                     ] Test testConcurrent {#223 seed=[A89B4FF56754358E:F10165394901B804]}(org.elasticsearch.common.util.concurrent.CountDownTest) started
[2014-02-18 15:38:32,238][INFO ][test                     ] Test testConcurrent {#223 seed=[A89B4FF56754358E:F10165394901B804]}(org.elasticsearch.common.util.concurrent.CountDownTest) finished
[2014-02-18 15:38:32,238][INFO ][test                     ] Test testConcurrent {#224 seed=[A89B4FF56754358E:427B7EB96AC66079]}(org.elasticsearch.common.util.concurrent.CountDownTest) started
[2014-02-18 15:38:32,242][INFO ][test                     ] Test testConcurrent {#224 seed=[A89B4FF56754358E:427B7EB96AC66079]}(org.elasticsearch.common.util.concurrent.CountDownTest) finished
[2014-02-18 15:38:32,242][INFO ][test                     ] Test testConcurrent {#225 seed=[A89B4FF56754358E:177F3B0CCFD2539C]}(org.elasticsearch.common.util.concurrent.CountDownTest) started
[2014-02-18 15:38:32,246][INFO ][test                     ] Test testConcurrent {#225 seed=[A89B4FF56754358E:177F3B0CCFD2539C]}(org.elasticsearch.common.util.concurrent.CountDownTest) finished
[2014-02-18 15:38:32,246][INFO ][test                     ] Test testConcurrent {#226 seed=[A89B4FF56754358E:6C65BBCFF81DCC18]}(org.elasticsearch.common.util.concurrent.CountDownTest) started
[2014-02-18 15:38:32,249][INFO ][test                     ] Test testConcurrent {#226 seed=[A89B4FF56754358E:6C65BBCFF81DCC18]}(org.elasticsearch.common.util.concurrent.CountDownTest) finished
[2014-02-18 15:38:32,250][INFO ][test                     ] Test testConcurrent {#227 seed=[A89B4FF56754358E:97D71482B405E9A5]}(org.elasticsearch.common.util.concurrent.CountDownTest) started
[2014-02-18 15:38:32,252][INFO ][test                     ] Test testConcurrent {#227 seed=[A89B4FF56754358E:97D71482B405E9A5]}(org.elasticsearch.common.util.concurrent.CountDownTest) finished
[2014-02-18 15:38:32,253][INFO ][test                     ] Test testConcurrent {#228 seed=[A89B4FF56754358E:15FF4C6F3AA0AD6E]}(org.elasticsearch.common.util.concurrent.CountDownTest) started
[2014-02-18 15:38:32,255][INFO ][test                     ] Test testConcurrent {#228 seed=[A89B4FF56754358E:15FF4C6F3AA0AD6E]}(org.elasticsearch.common.util.concurrent.CountDownTest) finished
[2014-02-18 15:38:32,256][INFO ][test                     ] Test testConcurrent {#229 seed=[A89B4FF56754358E:E7A6E405FBF904A4]}(org.elasticsearch.common.util.concurrent.CountDownTest) started
[2014-02-18 15:38:32,258][INFO ][test                     ] Test testConcurrent {#229 seed=[A89B4FF56754358E:E7A6E405FBF904A4]}(org.elasticsearch.common.util.concurrent.CountDownTest) finished
[2014-02-18 15:38:32,258][INFO ][test                     ] Test testConcurrent {#230 seed=[A89B4FF56754358E:79C87FAEE47E7444]}(org.elasticsearch.common.util.concurrent.CountDownTest) started
[2014-02-18 15:38:32,260][INFO ][test                     ] Test testConcurrent {#230 seed=[A89B4FF56754358E:79C87FAEE47E7444]}(org.elasticsearch.common.util.concurrent.CountDownTest) finished
[2014-02-18 15:38:32,261][INFO ][test                     ] Test testConcurrent {#231 seed=[A89B4FF56754358E:8810961AAA299D0]}(org.elasticsearch.common.util.concurrent.CountDownTest) started
[2014-02-18 15:38:32,263][INFO ][test                     ] Test testConcurrent {#231 seed=[A89B4FF56754358E:8810961AAA299D0]}(org.elasticsearch.common.util.concurrent.CountDownTest) finished
[2014-02-18 15:38:32,264][INFO ][test                     ] Test testConcurrent {#232 seed=[A89B4FF56754358E:E68B73C166CAFEBD]}(org.elasticsearch.common.util.concurrent.CountDownTest) started
[2014-02-18 15:38:32,266][INFO ][test                     ] Test testConcurrent {#232 seed=[A89B4FF56754358E:E68B73C166CAFEBD]}(org.elasticsearch.common.util.concurrent.CountDownTest) finished
[2014-02-18 15:38:32,266][INFO ][test                     ] Test testConcurrent {#233 seed=[A89B4FF56754358E:593194A57D0ACBE0]}(org.elasticsearch.common.util.concurrent.CountDownTest) started
[2014-02-18 15:38:32,268][INFO ][test                     ] Test testConcurrent {#233 seed=[A89B4FF56754358E:593194A57D0ACBE0]}(org.elasticsearch.common.util.concurrent.CountDownTest) finished
[2014-02-18 15:38:32,269][INFO ][test                     ] Test testConcurrent {#234 seed=[A89B4FF56754358E:5B697151DD67ED8F]}(org.elasticsearch.common.util.concurrent.CountDownTest) started
[2014-02-18 15:38:32,271][INFO ][test                     ] Test testConcurrent {#234 seed=[A89B4FF56754358E:5B697151DD67ED8F]}(org.elasticsearch.common.util.concurrent.CountDownTest) finished
[2014-02-18 15:38:32,271][INFO ][test                     ] Test testConcurrent {#235 seed=[A89B4FF56754358E:45A18682F935E74D]}(org.elasticsearch.common.util.concurrent.CountDownTest) started
[2014-02-18 15:38:32,274][INFO ][test                     ] Test testConcurrent {#235 seed=[A89B4FF56754358E:45A18682F935E74D]}(org.elasticsearch.common.util.concurrent.CountDownTest) finished
[2014-02-18 15:38:32,274][INFO ][test                     ] Test testConcurrent {#236 seed=[A89B4FF56754358E:3300CC37691A45AA]}(org.elasticsearch.common.util.concurrent.CountDownTest) started
[2014-02-18 15:38:32,277][INFO ][test                     ] Test testConcurrent {#236 seed=[A89B4FF56754358E:3300CC37691A45AA]}(org.elasticsearch.common.util.concurrent.CountDownTest) finished
[2014-02-18 15:38:32,277][INFO ][test                     ] Test testConcurrent {#237 seed=[A89B4FF56754358E:134A500E81FC79E]}(org.elasticsearch.common.util.concurrent.CountDownTest) started
[2014-02-18 15:38:32,279][INFO ][test                     ] Test testConcurrent {#237 seed=[A89B4FF56754358E:134A500E81FC79E]}(org.elasticsearch.common.util.concurrent.CountDownTest) finished
[2014-02-18 15:38:32,280][INFO ][test                     ] Test testConcurrent {#238 seed=[A89B4FF56754358E:F5CF619D7D1483B5]}(org.elasticsearch.common.util.concurrent.CountDownTest) started
[2014-02-18 15:38:32,282][INFO ][test                     ] Test testConcurrent {#238 seed=[A89B4FF56754358E:F5CF619D7D1483B5]}(org.elasticsearch.common.util.concurrent.CountDownTest) finished
[2014-02-18 15:38:32,282][INFO ][test                     ] Test testConcurrent {#239 seed=[A89B4FF56754358E:570F34C86760D9CC]}(org.elasticsearch.common.util.concurrent.CountDownTest) started
[2014-02-18 15:38:32,285][INFO ][test                     ] Test testConcurrent {#239 seed=[A89B4FF56754358E:570F34C86760D9CC]}(org.elasticsearch.common.util.concurrent.CountDownTest) finished
[2014-02-18 15:38:32,285][INFO ][test                     ] Test testConcurrent {#240 seed=[A89B4FF56754358E:45E559D9C86DADB]}(org.elasticsearch.common.util.concurrent.CountDownTest) started
[2014-02-18 15:38:32,287][INFO ][test                     ] Test testConcurrent {#240 seed=[A89B4FF56754358E:45E559D9C86DADB]}(org.elasticsearch.common.util.concurrent.CountDownTest) finished
[2014-02-18 15:38:32,288][INFO ][test                     ] Test testConcurrent {#241 seed=[A89B4FF56754358E:E2758828138FE3BE]}(org.elasticsearch.common.util.concurrent.CountDownTest) started
[2014-02-18 15:38:32,290][INFO ][test                     ] Test testConcurrent {#241 seed=[A89B4FF56754358E:E2758828138FE3BE]}(org.elasticsearch.common.util.concurrent.CountDownTest) finished
[2014-02-18 15:38:32,290][INFO ][test                     ] Test testConcurrent {#242 seed=[A89B4FF56754358E:A8DE0A7A5F9D1FB2]}(org.elasticsearch.common.util.concurrent.CountDownTest) started
[2014-02-18 15:38:32,293][INFO ][test                     ] Test testConcurrent {#242 seed=[A89B4FF56754358E:A8DE0A7A5F9D1FB2]}(org.elasticsearch.common.util.concurrent.CountDownTest) finished
[2014-02-18 15:38:32,293][INFO ][test                     ] Test testConcurrent {#243 seed=[A89B4FF56754358E:6D772FA7EBB2E387]}(org.elasticsearch.common.util.concurrent.CountDownTest) started
[2014-02-18 15:38:32,295][INFO ][test                     ] Test testConcurrent {#243 seed=[A89B4FF56754358E:6D772FA7EBB2E387]}(org.elasticsearch.common.util.concurrent.CountDownTest) finished
[2014-02-18 15:38:32,296][INFO ][test                     ] Test testConcurrent {#244 seed=[A89B4FF56754358E:260B0FDCDEDD21C7]}(org.elasticsearch.common.util.concurrent.CountDownTest) started
[2014-02-18 15:38:32,299][INFO ][test                     ] Test testConcurrent {#244 seed=[A89B4FF56754358E:260B0FDCDEDD21C7]}(org.elasticsearch.common.util.concurrent.CountDownTest) finished
[2014-02-18 15:38:32,300][INFO ][test                     ] Test testConcurrent {#245 seed=[A89B4FF56754358E:BE0A807113B8702E]}(org.elasticsearch.common.util.concurrent.CountDownTest) started
[2014-02-18 15:38:32,302][INFO ][test                     ] Test testConcurrent {#245 seed=[A89B4FF56754358E:BE0A807113B8702E]}(org.elasticsearch.common.util.concurrent.CountDownTest) finished
[2014-02-18 15:38:32,302][INFO ][test                     ] Test testConcurrent {#246 seed=[A89B4FF56754358E:3FCA96197CE0E74F]}(org.elasticsearch.common.util.concurrent.CountDownTest) started
[2014-02-18 15:38:32,304][INFO ][test                     ] Test testConcurrent {#246 seed=[A89B4FF56754358E:3FCA96197CE0E74F]}(org.elasticsearch.common.util.concurrent.CountDownTest) finished
[2014-02-18 15:38:32,305][INFO ][test                     ] Test testConcurrent {#247 seed=[A89B4FF56754358E:F4C90BAB3741FAF6]}(org.elasticsearch.common.util.concurrent.CountDownTest) started
[2014-02-18 15:38:32,307][INFO ][test                     ] Test testConcurrent {#247 seed=[A89B4FF56754358E:F4C90BAB3741FAF6]}(org.elasticsearch.common.util.concurrent.CountDownTest) finished
[2014-02-18 15:38:32,308][INFO ][test                     ] Test testConcurrent {#248 seed=[A89B4FF56754358E:881B7180ADC36F1A]}(org.elasticsearch.common.util.concurrent.CountDownTest) started
[2014-02-18 15:38:32,310][INFO ][test                     ] Test testConcurrent {#248 seed=[A89B4FF56754358E:881B7180ADC36F1A]}(org.elasticsearch.common.util.concurrent.CountDownTest) finished
[2014-02-18 15:38:32,310][INFO ][test                     ] Test testConcurrent {#249 seed=[A89B4FF56754358E:DE7FF5444C0D9417]}(org.elasticsearch.common.util.concurrent.CountDownTest) started
[2014-02-18 15:38:32,312][INFO ][test                     ] Test testConcurrent {#249 seed=[A89B4FF56754358E:DE7FF5444C0D9417]}(org.elasticsearch.common.util.concurrent.CountDownTest) finished
[2014-02-18 15:38:32,313][INFO ][test                     ] Test testConcurrent {#250 seed=[A89B4FF56754358E:939D7DFFB95C427B]}(org.elasticsearch.common.util.concurrent.CountDownTest) started
[2014-02-18 15:38:32,315][INFO ][test                     ] Test testConcurrent {#250 seed=[A89B4FF56754358E:939D7DFFB95C427B]}(org.elasticsearch.common.util.concurrent.CountDownTest) finished
[2014-02-18 15:38:32,316][INFO ][test                     ] Test testConcurrent {#251 seed=[A89B4FF56754358E:CDE112A4FEF14D7D]}(org.elasticsearch.common.util.concurrent.CountDownTest) started
[2014-02-18 15:38:32,319][INFO ][test                     ] Test testConcurrent {#251 seed=[A89B4FF56754358E:CDE112A4FEF14D7D]}(org.elasticsearch.common.util.concurrent.CountDownTest) finished
[2014-02-18 15:38:32,320][INFO ][test                     ] Test testConcurrent {#252 seed=[A89B4FF56754358E:4618B3A118BD573E]}(org.elasticsearch.common.util.concurrent.CountDownTest) started
[2014-02-18 15:38:32,323][INFO ][test                     ] Test testConcurrent {#252 seed=[A89B4FF56754358E:4618B3A118BD573E]}(org.elasticsearch.common.util.concurrent.CountDownTest) finished
[2014-02-18 15:38:32,324][INFO ][test                     ] Test testConcurrent {#253 seed=[A89B4FF56754358E:91DBC4F99CC39E5D]}(org.elasticsearch.common.util.concurrent.CountDownTest) started
[2014-02-18 15:38:32,327][INFO ][test                     ] Test testConcurrent {#253 seed=[A89B4FF56754358E:91DBC4F99CC39E5D]}(org.elasticsearch.common.util.concurrent.CountDownTest) finished
[2014-02-18 15:38:32,327][INFO ][test                     ] Test testConcurrent {#254 seed=[A89B4FF56754358E:80DEAFDA98CA4955]}(org.elasticsearch.common.util.concurrent.CountDownTest) started
[2014-02-18 15:38:32,330][INFO ][test                     ] Test testConcurrent {#254 seed=[A89B4FF56754358E:80DEAFDA98CA4955]}(org.elasticsearch.common.util.concurrent.CountDownTest) finished
[2014-02-18 15:38:32,330][INFO ][test                     ] Test testConcurrent {#255 seed=[A89B4FF56754358E:9AE86249BDDBD60F]}(org.elasticsearch.common.util.concurrent.CountDownTest) started
[2014-02-18 15:38:32,334][INFO ][test                     ] Test testConcurrent {#255 seed=[A89B4FF56754358E:9AE86249BDDBD60F]}(org.elasticsearch.common.util.concurrent.CountDownTest) finished
[2014-02-18 15:38:32,334][INFO ][test                     ] Test testConcurrent {#256 seed=[A89B4FF56754358E:5D53011C2C64D41C]}(org.elasticsearch.common.util.concurrent.CountDownTest) started
[2014-02-18 15:38:32,337][INFO ][test                     ] Test testConcurrent {#256 seed=[A89B4FF56754358E:5D53011C2C64D41C]}(org.elasticsearch.common.util.concurrent.CountDownTest) finished
[2014-02-18 15:38:32,337][INFO ][test                     ] Test testConcurrent {#257 seed=[A89B4FF56754358E:A8F2FD76F47412D6]}(org.elasticsearch.common.util.concurrent.CountDownTest) started
[2014-02-18 15:38:32,341][INFO ][test                     ] Test testConcurrent {#257 seed=[A89B4FF56754358E:A8F2FD76F47412D6]}(org.elasticsearch.common.util.concurrent.CountDownTest) finished
[2014-02-18 15:38:32,341][INFO ][test                     ] Test testConcurrent {#258 seed=[A89B4FF56754358E:335248FB6F320B11]}(org.elasticsearch.common.util.concurrent.CountDownTest) started
[2014-02-18 15:38:32,343][INFO ][test                     ] Test testConcurrent {#258 seed=[A89B4FF56754358E:335248FB6F320B11]}(org.elasticsearch.common.util.concurrent.CountDownTest) finished
[2014-02-18 15:38:32,344][INFO ][test                     ] Test testConcurrent {#259 seed=[A89B4FF56754358E:FF8C6666FD270DC4]}(org.elasticsearch.common.util.concurrent.CountDownTest) started
[2014-02-18 15:38:32,346][INFO ][test                     ] Test testConcurrent {#259 seed=[A89B4FF56754358E:FF8C6666FD270DC4]}(org.elasticsearch.common.util.concurrent.CountDownTest) finished
[2014-02-18 15:38:32,347][INFO ][test                     ] Test testConcurrent {#260 seed=[A89B4FF56754358E:CAB31859C537A92A]}(org.elasticsearch.common.util.concurrent.CountDownTest) started
[2014-02-18 15:38:32,349][INFO ][test                     ] Test testConcurrent {#260 seed=[A89B4FF56754358E:CAB31859C537A92A]}(org.elasticsearch.common.util.concurrent.CountDownTest) finished
[2014-02-18 15:38:32,350][INFO ][test                     ] Test testConcurrent {#261 seed=[A89B4FF56754358E:5E5593F1AC3AE901]}(org.elasticsearch.common.util.concurrent.CountDownTest) started
[2014-02-18 15:38:32,352][INFO ][test                     ] Test testConcurrent {#261 seed=[A89B4FF56754358E:5E5593F1AC3AE901]}(org.elasticsearch.common.util.concurrent.CountDownTest) finished
[2014-02-18 15:38:32,353][INFO ][test                     ] Test testConcurrent {#262 seed=[A89B4FF56754358E:D978AFB5152ED59A]}(org.elasticsearch.common.util.concurrent.CountDownTest) started
[2014-02-18 15:38:32,356][INFO ][test                     ] Test testConcurrent {#262 seed=[A89B4FF56754358E:D978AFB5152ED59A]}(org.elasticsearch.common.util.concurrent.CountDownTest) finished
[2014-02-18 15:38:32,357][INFO ][test                     ] Test testConcurrent {#263 seed=[A89B4FF56754358E:D8F730264947CC60]}(org.elasticsearch.common.util.concurrent.CountDownTest) started
[2014-02-18 15:38:32,360][INFO ][test                     ] Test testConcurrent {#263 seed=[A89B4FF56754358E:D8F730264947CC60]}(org.elasticsearch.common.util.concurrent.CountDownTest) finished
[2014-02-18 15:38:32,360][INFO ][test                     ] Test testConcurrent {#264 seed=[A89B4FF56754358E:45C73128450D21DE]}(org.elasticsearch.common.util.concurrent.CountDownTest) started
[2014-02-18 15:38:32,364][INFO ][test                     ] Test testConcurrent {#264 seed=[A89B4FF56754358E:45C73128450D21DE]}(org.elasticsearch.common.util.concurrent.CountDownTest) finished
[2014-02-18 15:38:32,364][INFO ][test                     ] Test testConcurrent {#265 seed=[A89B4FF56754358E:4AAFB8781D1972F9]}(org.elasticsearch.common.util.concurrent.CountDownTest) started
[2014-02-18 15:38:32,367][INFO ][test                     ] Test testConcurrent {#265 seed=[A89B4FF56754358E:4AAFB8781D1972F9]}(org.elasticsearch.common.util.concurrent.CountDownTest) finished
[2014-02-18 15:38:32,367][INFO ][test                     ] Test testConcurrent {#266 seed=[A89B4FF56754358E:B0103E6922CCE220]}(org.elasticsearch.common.util.concurrent.CountDownTest) started
[2014-02-18 15:38:32,371][INFO ][test                     ] Test testConcurrent {#266 seed=[A89B4FF56754358E:B0103E6922CCE220]}(org.elasticsearch.common.util.concurrent.CountDownTest) finished
[2014-02-18 15:38:32,371][INFO ][test                     ] Test testConcurrent {#267 seed=[A89B4FF56754358E:1BAD2817F58CD654]}(org.elasticsearch.common.util.concurrent.CountDownTest) started
[2014-02-18 15:38:32,374][INFO ][test                     ] Test testConcurrent {#267 seed=[A89B4FF56754358E:1BAD2817F58CD654]}(org.elasticsearch.common.util.concurrent.CountDownTest) finished
[2014-02-18 15:38:32,375][INFO ][test                     ] Test testConcurrent {#268 seed=[A89B4FF56754358E:8F2964F6F1390FC5]}(org.elasticsearch.common.util.concurrent.CountDownTest) started
[2014-02-18 15:38:32,378][INFO ][test                     ] Test testConcurrent {#268 seed=[A89B4FF56754358E:8F2964F6F1390FC5]}(org.elasticsearch.common.util.concurrent.CountDownTest) finished
[2014-02-18 15:38:32,378][INFO ][test                     ] Test testConcurrent {#269 seed=[A89B4FF56754358E:B801EA9F035A515E]}(org.elasticsearch.common.util.concurrent.CountDownTest) started
[2014-02-18 15:38:32,381][INFO ][test                     ] Test testConcurrent {#269 seed=[A89B4FF56754358E:B801EA9F035A515E]}(org.elasticsearch.common.util.concurrent.CountDownTest) finished
[2014-02-18 15:38:32,382][INFO ][test                     ] Test testConcurrent {#270 seed=[A89B4FF56754358E:AFDB4A296555617C]}(org.elasticsearch.common.util.concurrent.CountDownTest) started
[2014-02-18 15:38:32,385][INFO ][test                     ] Test testConcurrent {#270 seed=[A89B4FF56754358E:AFDB4A296555617C]}(org.elasticsearch.common.util.concurrent.CountDownTest) finished
[2014-02-18 15:38:32,386][INFO ][test                     ] Test testConcurrent {#271 seed=[A89B4FF56754358E:9B847A41F07B1A5B]}(org.elasticsearch.common.util.concurrent.CountDownTest) started
[2014-02-18 15:38:32,389][INFO ][test                     ] Test testConcurrent {#271 seed=[A89B4FF56754358E:9B847A41F07B1A5B]}(org.elasticsearch.common.util.concurrent.CountDownTest) finished
[2014-02-18 15:38:32,389][INFO ][test                     ] Test testConcurrent {#272 seed=[A89B4FF56754358E:D46DC85B4B932B6F]}(org.elasticsearch.common.util.concurrent.CountDownTest) started
[2014-02-18 15:38:32,393][INFO ][test                     ] Test testConcurrent {#272 seed=[A89B4FF56754358E:D46DC85B4B932B6F]}(org.elasticsearch.common.util.concurrent.CountDownTest) finished
[2014-02-18 15:38:32,393][INFO ][test                     ] Test testConcurrent {#273 seed=[A89B4FF56754358E:E34588CE705D6D5A]}(org.elasticsearch.common.util.concurrent.CountDownTest) started
[2014-02-18 15:38:32,397][INFO ][test                     ] Test testConcurrent {#273 seed=[A89B4FF56754358E:E34588CE705D6D5A]}(org.elasticsearch.common.util.concurrent.CountDownTest) finished
[2014-02-18 15:38:32,397][INFO ][test                     ] Test testConcurrent {#274 seed=[A89B4FF56754358E:DF0B1FA226E0F66D]}(org.elasticsearch.common.util.concurrent.CountDownTest) started
[2014-02-18 15:38:32,400][INFO ][test                     ] Test testConcurrent {#274 seed=[A89B4FF56754358E:DF0B1FA226E0F66D]}(org.elasticsearch.common.util.concurrent.CountDownTest) finished
[2014-02-18 15:38:32,401][INFO ][test                     ] Test testConcurrent {#275 seed=[A89B4FF56754358E:ECEB539EF9E423D5]}(org.elasticsearch.common.util.concurrent.CountDownTest) started
[2014-02-18 15:38:32,405][INFO ][test                     ] Test testConcurrent {#275 seed=[A89B4FF56754358E:ECEB539EF9E423D5]}(org.elasticsearch.common.util.concurrent.CountDownTest) finished
[2014-02-18 15:38:32,406][INFO ][test                     ] Test testConcurrent {#276 seed=[A89B4FF56754358E:8190537814FEC49F]}(org.elasticsearch.common.util.concurrent.CountDownTest) started
[2014-02-18 15:38:32,409][INFO ][test                     ] Test testConcurrent {#276 seed=[A89B4FF56754358E:8190537814FEC49F]}(org.elasticsearch.common.util.concurrent.CountDownTest) finished
[2014-02-18 15:38:32,410][INFO ][test                     ] Test testConcurrent {#277 seed=[A89B4FF56754358E:A3FCAE6E157EE0E7]}(org.elasticsearch.common.util.concurrent.CountDownTest) started
[2014-02-18 15:38:32,413][INFO ][test                     ] Test testConcurrent {#277 seed=[A89B4FF56754358E:A3FCAE6E157EE0E7]}(org.elasticsearch.common.util.concurrent.CountDownTest) finished
[2014-02-18 15:38:32,414][INFO ][test                     ] Test testConcurrent {#278 seed=[A89B4FF56754358E:257DBDAABB09EF5C]}(org.elasticsearch.common.util.concurrent.CountDownTest) started
[2014-02-18 15:38:32,418][INFO ][test                     ] Test testConcurrent {#278 seed=[A89B4FF56754358E:257DBDAABB09EF5C]}(org.elasticsearch.common.util.concurrent.CountDownTest) finished
[2014-02-18 15:38:32,418][INFO ][test                     ] Test testConcurrent {#279 seed=[A89B4FF56754358E:F12A72AB3174A463]}(org.elasticsearch.common.util.concurrent.CountDownTest) started
[2014-02-18 15:38:32,422][INFO ][test                     ] Test testConcurrent {#279 seed=[A89B4FF56754358E:F12A72AB3174A463]}(org.elasticsearch.common.util.concurrent.CountDownTest) finished
[2014-02-18 15:38:32,423][INFO ][test                     ] Test testConcurrent {#280 seed=[A89B4FF56754358E:645FAC945BCEC38D]}(org.elasticsearch.common.util.concurrent.CountDownTest) started
[2014-02-18 15:38:32,427][INFO ][test                     ] Test testConcurrent {#280 seed=[A89B4FF56754358E:645FAC945BCEC38D]}(org.elasticsearch.common.util.concurrent.CountDownTest) finished
[2014-02-18 15:38:32,427][INFO ][test                     ] Test testConcurrent {#281 seed=[A89B4FF56754358E:4A10DA82D1535E5D]}(org.elasticsearch.common.util.concurrent.CountDownTest) started
[2014-02-18 15:38:32,431][INFO ][test                     ] Test testConcurrent {#281 seed=[A89B4FF56754358E:4A10DA82D1535E5D]}(org.elasticsearch.common.util.concurrent.CountDownTest) finished
[2014-02-18 15:38:32,432][INFO ][test                     ] Test testConcurrent {#282 seed=[A89B4FF56754358E:154A43B8DD5D74E1]}(org.elasticsearch.common.util.concurrent.CountDownTest) started
[2014-02-18 15:38:32,436][INFO ][test                     ] Test testConcurrent {#282 seed=[A89B4FF56754358E:154A43B8DD5D74E1]}(org.elasticsearch.common.util.concurrent.CountDownTest) finished
[2014-02-18 15:38:32,436][INFO ][test                     ] Test testConcurrent {#283 seed=[A89B4FF56754358E:D4731E84D9EB616]}(org.elasticsearch.common.util.concurrent.CountDownTest) started
[2014-02-18 15:38:32,440][INFO ][test                     ] Test testConcurrent {#283 seed=[A89B4FF56754358E:D4731E84D9EB616]}(org.elasticsearch.common.util.concurrent.CountDownTest) finished
[2014-02-18 15:38:32,441][INFO ][test                     ] Test testConcurrent {#284 seed=[A89B4FF56754358E:831366052C40DE99]}(org.elasticsearch.common.util.concurrent.CountDownTest) started
[2014-02-18 15:38:32,444][INFO ][test                     ] Test testConcurrent {#284 seed=[A89B4FF56754358E:831366052C40DE99]}(org.elasticsearch.common.util.concurrent.CountDownTest) finished
[2014-02-18 15:38:32,445][INFO ][test                     ] Test testConcurrent {#285 seed=[A89B4FF56754358E:8A0B4407DF2A204B]}(org.elasticsearch.common.util.concurrent.CountDownTest) started
[2014-02-18 15:38:32,449][INFO ][test                     ] Test testConcurrent {#285 seed=[A89B4FF56754358E:8A0B4407DF2A204B]}(org.elasticsearch.common.util.concurrent.CountDownTest) finished
[2014-02-18 15:38:32,450][INFO ][test                     ] Test testConcurrent {#286 seed=[A89B4FF56754358E:3B744C70FE50A929]}(org.elasticsearch.common.util.concurrent.CountDownTest) started
[2014-02-18 15:38:32,455][INFO ][test                     ] Test testConcurrent {#286 seed=[A89B4FF56754358E:3B744C70FE50A929]}(org.elasticsearch.common.util.concurrent.CountDownTest) finished
[2014-02-18 15:38:32,455][INFO ][test                     ] Test testConcurrent {#287 seed=[A89B4FF56754358E:21AA1BE59065DD8C]}(org.elasticsearch.common.util.concurrent.CountDownTest) started
[2014-02-18 15:38:32,460][INFO ][test                     ] Test testConcurrent {#287 seed=[A89B4FF56754358E:21AA1BE59065DD8C]}(org.elasticsearch.common.util.concurrent.CountDownTest) finished
[2014-02-18 15:38:32,461][INFO ][test                     ] Test testConcurrent {#288 seed=[A89B4FF56754358E:7D87C50443DB21DD]}(org.elasticsearch.common.util.concurrent.CountDownTest) started
[2014-02-18 15:38:32,465][INFO ][test                     ] Test testConcurrent {#288 seed=[A89B4FF56754358E:7D87C50443DB21DD]}(org.elasticsearch.common.util.concurrent.CountDownTest) finished
[2014-02-18 15:38:32,466][INFO ][test                     ] Test testConcurrent {#289 seed=[A89B4FF56754358E:2DCE37556B6B6F1E]}(org.elasticsearch.common.util.concurrent.CountDownTest) started
[2014-02-18 15:38:32,470][INFO ][test                     ] Test testConcurrent {#289 seed=[A89B4FF56754358E:2DCE37556B6B6F1E]}(org.elasticsearch.common.util.concurrent.CountDownTest) finished
[2014-02-18 15:38:32,471][INFO ][test                     ] Test testConcurrent {#290 seed=[A89B4FF56754358E:CE536C3722C97EDE]}(org.elasticsearch.common.util.concurrent.CountDownTest) started
[2014-02-18 15:38:32,475][INFO ][test                     ] Test testConcurrent {#290 seed=[A89B4FF56754358E:CE536C3722C97EDE]}(org.elasticsearch.common.util.concurrent.CountDownTest) finished
[2014-02-18 15:38:32,476][INFO ][test                     ] Test testConcurrent {#291 seed=[A89B4FF56754358E:186B8C060A438B49]}(org.elasticsearch.common.util.concurrent.CountDownTest) started
[2014-02-18 15:38:32,480][INFO ][test                     ] Test testConcurrent {#291 seed=[A89B4FF56754358E:186B8C060A438B49]}(org.elasticsearch.common.util.concurrent.CountDownTest) finished
[2014-02-18 15:38:32,481][INFO ][test                     ] Test testConcurrent {#292 seed=[A89B4FF56754358E:1D13113F81BE5FEC]}(org.elasticsearch.common.util.concurrent.CountDownTest) started
[2014-02-18 15:38:32,484][INFO ][test                     ] Test testConcurrent {#292 seed=[A89B4FF56754358E:1D13113F81BE5FEC]}(org.elasticsearch.common.util.concurrent.CountDownTest) finished
[2014-02-18 15:38:32,485][INFO ][test                     ] Test testConcurrent {#293 seed=[A89B4FF56754358E:5A0AD1AAE919EB95]}(org.elasticsearch.common.util.concurrent.CountDownTest) started
[2014-02-18 15:38:32,489][INFO ][test                     ] Test testConcurrent {#293 seed=[A89B4FF56754358E:5A0AD1AAE919EB95]}(org.elasticsearch.common.util.concurrent.CountDownTest) finished
[2014-02-18 15:38:32,489][INFO ][test                     ] Test testConcurrent {#294 seed=[A89B4FF56754358E:E8B783E37EFBF808]}(org.elasticsearch.common.util.concurrent.CountDownTest) started
[2014-02-18 15:38:32,493][INFO ][test                     ] Test testConcurrent {#294 seed=[A89B4FF56754358E:E8B783E37EFBF808]}(org.elasticsearch.common.util.concurrent.CountDownTest) finished
[2014-02-18 15:38:32,493][INFO ][test                     ] Test testConcurrent {#295 seed=[A89B4FF56754358E:6902B1D61663E9AD]}(org.elasticsearch.common.util.concurrent.CountDownTest) started
[2014-02-18 15:38:32,497][INFO ][test                     ] Test testConcurrent {#295 seed=[A89B4FF56754358E:6902B1D61663E9AD]}(org.elasticsearch.common.util.concurrent.CountDownTest) finished
[2014-02-18 15:38:32,497][INFO ][test                     ] Test testConcurrent {#296 seed=[A89B4FF56754358E:1B123C4BCE40E1D2]}(org.elasticsearch.common.util.concurrent.CountDownTest) started
[2014-02-18 15:38:32,501][INFO ][test                     ] Test testConcurrent {#296 seed=[A89B4FF56754358E:1B123C4BCE40E1D2]}(org.elasticsearch.common.util.concurrent.CountDownTest) finished
[2014-02-18 15:38:32,501][INFO ][test                     ] Test testConcurrent {#297 seed=[A89B4FF56754358E:52D751C747AE44CF]}(org.elasticsearch.common.util.concurrent.CountDownTest) started
[2014-02-18 15:38:32,505][INFO ][test                     ] Test testConcurrent {#297 seed=[A89B4FF56754358E:52D751C747AE44CF]}(org.elasticsearch.common.util.concurrent.CountDownTest) finished
[2014-02-18 15:38:32,506][INFO ][test                     ] Test testConcurrent {#298 seed=[A89B4FF56754358E:FF8A04CAEAB64DE8]}(org.elasticsearch.common.util.concurrent.CountDownTest) started
[2014-02-18 15:38:32,509][INFO ][test                     ] Test testConcurrent {#298 seed=[A89B4FF56754358E:FF8A04CAEAB64DE8]}(org.elasticsearch.common.util.concurrent.CountDownTest) finished
[2014-02-18 15:38:32,510][INFO ][test                     ] Test testConcurrent {#299 seed=[A89B4FF56754358E:34D51D05A3366310]}(org.elasticsearch.common.util.concurrent.CountDownTest) started
[2014-02-18 15:38:32,512][INFO ][test                     ] Test testConcurrent {#299 seed=[A89B4FF56754358E:34D51D05A3366310]}(org.elasticsearch.common.util.concurrent.CountDownTest) finished
[2014-02-18 15:38:32,513][INFO ][test                     ] Test testConcurrent {#300 seed=[A89B4FF56754358E:4DC7D20215D68BAA]}(org.elasticsearch.common.util.concurrent.CountDownTest) started
[2014-02-18 15:38:32,516][INFO ][test                     ] Test testConcurrent {#300 seed=[A89B4FF56754358E:4DC7D20215D68BAA]}(org.elasticsearch.common.util.concurrent.CountDownTest) finished
[2014-02-18 15:38:32,517][INFO ][test                     ] Test testConcurrent {#301 seed=[A89B4FF56754358E:F2F870FBE77818C5]}(org.elasticsearch.common.util.concurrent.CountDownTest) started
[2014-02-18 15:38:32,520][INFO ][test                     ] Test testConcurrent {#301 seed=[A89B4FF56754358E:F2F870FBE77818C5]}(org.elasticsearch.common.util.concurrent.CountDownTest) finished
[2014-02-18 15:38:32,521][INFO ][test                     ] Test testConcurrent {#302 seed=[A89B4FF56754358E:B839C3418D204B4E]}(org.elasticsearch.common.util.concurrent.CountDownTest) started
[2014-02-18 15:38:32,523][INFO ][test                     ] Test testConcurrent {#302 seed=[A89B4FF56754358E:B839C3418D204B4E]}(org.elasticsearch.common.util.concurrent.CountDownTest) finished
[2014-02-18 15:38:32,524][INFO ][test                     ] Test testConcurrent {#303 seed=[A89B4FF56754358E:230B680C1465FB67]}(org.elasticsearch.common.util.concurrent.CountDownTest) started
[2014-02-18 15:38:32,527][INFO ][test                     ] Test testConcurrent {#303 seed=[A89B4FF56754358E:230B680C1465FB67]}(org.elasticsearch.common.util.concurrent.CountDownTest) finished
[2014-02-18 15:38:32,528][INFO ][test                     ] Test testConcurrent {#304 seed=[A89B4FF56754358E:E179D1BDF2C6B4]}(org.elasticsearch.common.util.concurrent.CountDownTest) started
[2014-02-18 15:38:32,532][INFO ][test                     ] Test testConcurrent {#304 seed=[A89B4FF56754358E:E179D1BDF2C6B4]}(org.elasticsearch.common.util.concurrent.CountDownTest) finished
[2014-02-18 15:38:32,532][INFO ][test                     ] Test testConcurrent {#305 seed=[A89B4FF56754358E:A8A3D48331EE9276]}(org.elasticsearch.common.util.concurrent.CountDownTest) started
[2014-02-18 15:38:32,535][INFO ][test                     ] Test testConcurrent {#305 seed=[A89B4FF56754358E:A8A3D48331EE9276]}(org.elasticsearch.common.util.concurrent.CountDownTest) finished
[2014-02-18 15:38:32,536][INFO ][test                     ] Test testConcurrent {#306 seed=[A89B4FF56754358E:708D67B2F686967B]}(org.elasticsearch.common.util.concurrent.CountDownTest) started
[2014-02-18 15:38:32,539][INFO ][test                     ] Test testConcurrent {#306 seed=[A89B4FF56754358E:708D67B2F686967B]}(org.elasticsearch.common.util.concurrent.CountDownTest) finished
[2014-02-18 15:38:32,540][INFO ][test                     ] Test testConcurrent {#307 seed=[A89B4FF56754358E:16F1852D4AB51AFB]}(org.elasticsearch.common.util.concurrent.CountDownTest) started
[2014-02-18 15:38:32,543][INFO ][test                     ] Test testConcurrent {#307 seed=[A89B4FF56754358E:16F1852D4AB51AFB]}(org.elasticsearch.common.util.concurrent.CountDownTest) finished
[2014-02-18 15:38:32,544][INFO ][test                     ] Test testConcurrent {#308 seed=[A89B4FF56754358E:467A72FD2B5343EE]}(org.elasticsearch.common.util.concurrent.CountDownTest) started
[2014-02-18 15:38:32,546][INFO ][test                     ] Test testConcurrent {#308 seed=[A89B4FF56754358E:467A72FD2B5343EE]}(org.elasticsearch.common.util.concurrent.CountDownTest) finished
[2014-02-18 15:38:32,547][INFO ][test                     ] Test testConcurrent {#309 seed=[A89B4FF56754358E:4627BBE92A6E4497]}(org.elasticsearch.common.util.concurrent.CountDownTest) started
[2014-02-18 15:38:32,550][INFO ][test                     ] Test testConcurrent {#309 seed=[A89B4FF56754358E:4627BBE92A6E4497]}(org.elasticsearch.common.util.concurrent.CountDownTest) finished
[2014-02-18 15:38:32,550][INFO ][test                     ] Test testConcurrent {#310 seed=[A89B4FF56754358E:1D8B46EF2A938901]}(org.elasticsearch.common.util.concurrent.CountDownTest) started
[2014-02-18 15:38:32,553][INFO ][test                     ] Test testConcurrent {#310 seed=[A89B4FF56754358E:1D8B46EF2A938901]}(org.elasticsearch.common.util.concurrent.CountDownTest) finished
[2014-02-18 15:38:32,554][INFO ][test                     ] Test testConcurrent {#311 seed=[A89B4FF56754358E:3A9B73D7FDC45A62]}(org.elasticsearch.common.util.concurrent.CountDownTest) started
[2014-02-18 15:38:32,557][INFO ][test                     ] Test testConcurrent {#311 seed=[A89B4FF56754358E:3A9B73D7FDC45A62]}(org.elasticsearch.common.util.concurrent.CountDownTest) finished
[2014-02-18 15:38:32,558][INFO ][test                     ] Test testConcurrent {#312 seed=[A89B4FF56754358E:3340A90053D8AB74]}(org.elasticsearch.common.util.concurrent.CountDownTest) started
[2014-02-18 15:38:32,560][INFO ][test                     ] Test testConcurrent {#312 seed=[A89B4FF56754358E:3340A90053D8AB74]}(org.elasticsearch.common.util.concurrent.CountDownTest) finished
[2014-02-18 15:38:32,561][INFO ][test                     ] Test testConcurrent {#313 seed=[A89B4FF56754358E:7055670446CE0C2D]}(org.elasticsearch.common.util.concurrent.CountDownTest) started
[2014-02-18 15:38:32,564][INFO ][test                     ] Test testConcurrent {#313 seed=[A89B4FF56754358E:7055670446CE0C2D]}(org.elasticsearch.common.util.concurrent.CountDownTest) finished
[2014-02-18 15:38:32,565][INFO ][test                     ] Test testConcurrent {#314 seed=[A89B4FF56754358E:424DE0E7A569D099]}(org.elasticsearch.common.util.concurrent.CountDownTest) started
[2014-02-18 15:38:32,567][INFO ][test                     ] Test testConcurrent {#314 seed=[A89B4FF56754358E:424DE0E7A569D099]}(org.elasticsearch.common.util.concurrent.CountDownTest) finished
[2014-02-18 15:38:32,568][INFO ][test                     ] Test testConcurrent {#315 seed=[A89B4FF56754358E:DF7B9C2005946125]}(org.elasticsearch.common.util.concurrent.CountDownTest) started
[2014-02-18 15:38:32,570][INFO ][test                     ] Test testConcurrent {#315 seed=[A89B4FF56754358E:DF7B9C2005946125]}(org.elasticsearch.common.util.concurrent.CountDownTest) finished
[2014-02-18 15:38:32,570][INFO ][test                     ] Test testConcurrent {#316 seed=[A89B4FF56754358E:88637BE1D179F5F8]}(org.elasticsearch.common.util.concurrent.CountDownTest) started
[2014-02-18 15:38:32,573][INFO ][test                     ] Test testConcurrent {#316 seed=[A89B4FF56754358E:88637BE1D179F5F8]}(org.elasticsearch.common.util.concurrent.CountDownTest) finished
[2014-02-18 15:38:32,573][INFO ][test                     ] Test testConcurrent {#317 seed=[A89B4FF56754358E:28FA821E5BD475D4]}(org.elasticsearch.common.util.concurrent.CountDownTest) started
[2014-02-18 15:38:32,576][INFO ][test                     ] Test testConcurrent {#317 seed=[A89B4FF56754358E:28FA821E5BD475D4]}(org.elasticsearch.common.util.concurrent.CountDownTest) finished
[2014-02-18 15:38:32,576][INFO ][test                     ] Test testConcurrent {#318 seed=[A89B4FF56754358E:CDC067C146CE79FE]}(org.elasticsearch.common.util.concurrent.CountDownTest) started
[2014-02-18 15:38:32,578][INFO ][test                     ] Test testConcurrent {#318 seed=[A89B4FF56754358E:CDC067C146CE79FE]}(org.elasticsearch.common.util.concurrent.CountDownTest) finished
[2014-02-18 15:38:32,579][INFO ][test                     ] Test testConcurrent {#319 seed=[A89B4FF56754358E:59F4A3C9A50CD355]}(org.elasticsearch.common.util.concurrent.CountDownTest) started
[2014-02-18 15:38:32,581][INFO ][test                     ] Test testConcurrent {#319 seed=[A89B4FF56754358E:59F4A3C9A50CD355]}(org.elasticsearch.common.util.concurrent.CountDownTest) finished
[2014-02-18 15:38:32,582][INFO ][test                     ] Test testConcurrent {#320 seed=[A89B4FF56754358E:9CF572362B723817]}(org.elasticsearch.common.util.concurrent.CountDownTest) started
[2014-02-18 15:38:32,584][INFO ][test                     ] Test testConcurrent {#320 seed=[A89B4FF56754358E:9CF572362B723817]}(org.elasticsearch.common.util.concurrent.CountDownTest) finished
[2014-02-18 15:38:32,584][INFO ][test                     ] Test testConcurrent {#321 seed=[A89B4FF56754358E:58F333A4842BF555]}(org.elasticsearch.common.util.concurrent.CountDownTest) started
[2014-02-18 15:38:32,587][INFO ][test                     ] Test testConcurrent {#321 seed=[A89B4FF56754358E:58F333A4842BF555]}(org.elasticsearch.common.util.concurrent.CountDownTest) finished
[2014-02-18 15:38:32,587][INFO ][test                     ] Test testConcurrent {#322 seed=[A89B4FF56754358E:7B3EE1332204E1EB]}(org.elasticsearch.common.util.concurrent.CountDownTest) started
[2014-02-18 15:38:32,589][INFO ][test                     ] Test testConcurrent {#322 seed=[A89B4FF56754358E:7B3EE1332204E1EB]}(org.elasticsearch.common.util.concurrent.CountDownTest) finished
[2014-02-18 15:38:32,590][INFO ][test                     ] Test testConcurrent {#323 seed=[A89B4FF56754358E:FFD6C0C67C202B3E]}(org.elasticsearch.common.util.concurrent.CountDownTest) started
[2014-02-18 15:38:32,592][INFO ][test                     ] Test testConcurrent {#323 seed=[A89B4FF56754358E:FFD6C0C67C202B3E]}(org.elasticsearch.common.util.concurrent.CountDownTest) finished
[2014-02-18 15:38:32,592][INFO ][test                     ] Test testConcurrent {#324 seed=[A89B4FF56754358E:829BE39BCD203EED]}(org.elasticsearch.common.util.concurrent.CountDownTest) started
[2014-02-18 15:38:32,595][INFO ][test                     ] Test testConcurrent {#324 seed=[A89B4FF56754358E:829BE39BCD203EED]}(org.elasticsearch.common.util.concurrent.CountDownTest) finished
[2014-02-18 15:38:32,595][INFO ][test                     ] Test testConcurrent {#325 seed=[A89B4FF56754358E:6E7B64571B6E66B8]}(org.elasticsearch.common.util.concurrent.CountDownTest) started
[2014-02-18 15:38:32,597][INFO ][test                     ] Test testConcurrent {#325 seed=[A89B4FF56754358E:6E7B64571B6E66B8]}(org.elasticsearch.common.util.concurrent.CountDownTest) finished
[2014-02-18 15:38:32,598][INFO ][test                     ] Test testConcurrent {#326 seed=[A89B4FF56754358E:2323502F121648B1]}(org.elasticsearch.common.util.concurrent.CountDownTest) started
[2014-02-18 15:38:32,600][INFO ][test                     ] Test testConcurrent {#326 seed=[A89B4FF56754358E:2323502F121648B1]}(org.elasticsearch.common.util.concurrent.CountDownTest) finished
[2014-02-18 15:38:32,601][INFO ][test                     ] Test testConcurrent {#327 seed=[A89B4FF56754358E:A9BD92C334E34738]}(org.elasticsearch.common.util.concurrent.CountDownTest) started
[2014-02-18 15:38:32,603][INFO ][test                     ] Test testConcurrent {#327 seed=[A89B4FF56754358E:A9BD92C334E34738]}(org.elasticsearch.common.util.concurrent.CountDownTest) finished
[2014-02-18 15:38:32,603][INFO ][test                     ] Test testConcurrent {#328 seed=[A89B4FF56754358E:10357A53207B61CD]}(org.elasticsearch.common.util.concurrent.CountDownTest) started
[2014-02-18 15:38:32,605][INFO ][test                     ] Test testConcurrent {#328 seed=[A89B4FF56754358E:10357A53207B61CD]}(org.elasticsearch.common.util.concurrent.CountDownTest) finished
[2014-02-18 15:38:32,606][INFO ][test                     ] Test testConcurrent {#329 seed=[A89B4FF56754358E:A0CD9E113F2A5677]}(org.elasticsearch.common.util.concurrent.CountDownTest) started
[2014-02-18 15:38:32,608][INFO ][test                     ] Test testConcurrent {#329 seed=[A89B4FF56754358E:A0CD9E113F2A5677]}(org.elasticsearch.common.util.concurrent.CountDownTest) finished
[2014-02-18 15:38:32,609][INFO ][test                     ] Test testConcurrent {#330 seed=[A89B4FF56754358E:D81CBD5ABEEB33F6]}(org.elasticsearch.common.util.concurrent.CountDownTest) started
[2014-02-18 15:38:32,611][INFO ][test                     ] Test testConcurrent {#330 seed=[A89B4FF56754358E:D81CBD5ABEEB33F6]}(org.elasticsearch.common.util.concurrent.CountDownTest) finished
[2014-02-18 15:38:32,611][INFO ][test                     ] Test testConcurrent {#331 seed=[A89B4FF56754358E:C729C2883AEC5CDC]}(org.elasticsearch.common.util.concurrent.CountDownTest) started
[2014-02-18 15:38:32,614][INFO ][test                     ] Test testConcurrent {#331 seed=[A89B4FF56754358E:C729C2883AEC5CDC]}(org.elasticsearch.common.util.concurrent.CountDownTest) finished
[2014-02-18 15:38:32,614][INFO ][test                     ] Test testConcurrent {#332 seed=[A89B4FF56754358E:138903ADE2E1D5CB]}(org.elasticsearch.common.util.concurrent.CountDownTest) started
[2014-02-18 15:38:32,616][INFO ][test                     ] Test testConcurrent {#332 seed=[A89B4FF56754358E:138903ADE2E1D5CB]}(org.elasticsearch.common.util.concurrent.CountDownTest) finished
[2014-02-18 15:38:32,617][INFO ][test                     ] Test testConcurrent {#333 seed=[A89B4FF56754358E:848A7CC51A45FC80]}(org.elasticsearch.common.util.concurrent.CountDownTest) started
[2014-02-18 15:38:32,619][INFO ][test                     ] Test testConcurrent {#333 seed=[A89B4FF56754358E:848A7CC51A45FC80]}(org.elasticsearch.common.util.concurrent.CountDownTest) finished
[2014-02-18 15:38:32,619][INFO ][test                     ] Test testConcurrent {#334 seed=[A89B4FF56754358E:D9887180BD89A387]}(org.elasticsearch.common.util.concurrent.CountDownTest) started
[2014-02-18 15:38:32,622][INFO ][test                     ] Test testConcurrent {#334 seed=[A89B4FF56754358E:D9887180BD89A387]}(org.elasticsearch.common.util.concurrent.CountDownTest) finished
[2014-02-18 15:38:32,622][INFO ][test                     ] Test testConcurrent {#335 seed=[A89B4FF56754358E:2112AD02909D3A1D]}(org.elasticsearch.common.util.concurrent.CountDownTest) started
[2014-02-18 15:38:32,625][INFO ][test                     ] Test testConcurrent {#335 seed=[A89B4FF56754358E:2112AD02909D3A1D]}(org.elasticsearch.common.util.concurrent.CountDownTest) finished
[2014-02-18 15:38:32,625][INFO ][test                     ] Test testConcurrent {#336 seed=[A89B4FF56754358E:3B6C74CCBCF9F7EF]}(org.elasticsearch.common.util.concurrent.CountDownTest) started
[2014-02-18 15:38:32,627][INFO ][test                     ] Test testConcurrent {#336 seed=[A89B4FF56754358E:3B6C74CCBCF9F7EF]}(org.elasticsearch.common.util.concurrent.CountDownTest) finished
[2014-02-18 15:38:32,628][INFO ][test                     ] Test testConcurrent {#337 seed=[A89B4FF56754358E:8B09CD19248A82BA]}(org.elasticsearch.common.util.concurrent.CountDownTest) started
[2014-02-18 15:38:32,630][INFO ][test                     ] Test testConcurrent {#337 seed=[A89B4FF56754358E:8B09CD19248A82BA]}(org.elasticsearch.common.util.concurrent.CountDownTest) finished
[2014-02-18 15:38:32,631][INFO ][test                     ] Test testConcurrent {#338 seed=[A89B4FF56754358E:74A2B296C08A5BA8]}(org.elasticsearch.common.util.concurrent.CountDownTest) started
[2014-02-18 15:38:32,633][INFO ][test                     ] Test testConcurrent {#338 seed=[A89B4FF56754358E:74A2B296C08A5BA8]}(org.elasticsearch.common.util.concurrent.CountDownTest) finished
[2014-02-18 15:38:32,633][INFO ][test                     ] Test testConcurrent {#339 seed=[A89B4FF56754358E:F844157286627FB]}(org.elasticsearch.common.util.concurrent.CountDownTest) started
[2014-02-18 15:38:32,637][INFO ][test                     ] Test testConcurrent {#339 seed=[A89B4FF56754358E:F844157286627FB]}(org.elasticsearch.common.util.concurrent.CountDownTest) finished
[2014-02-18 15:38:32,638][INFO ][test                     ] Test testConcurrent {#340 seed=[A89B4FF56754358E:11B31293D8276BBC]}(org.elasticsearch.common.util.concurrent.CountDownTest) started
[2014-02-18 15:38:32,641][INFO ][test                     ] Test testConcurrent {#340 seed=[A89B4FF56754358E:11B31293D8276BBC]}(org.elasticsearch.common.util.concurrent.CountDownTest) finished
[2014-02-18 15:38:32,641][INFO ][test                     ] Test testConcurrent {#341 seed=[A89B4FF56754358E:8491EDA357D93DFB]}(org.elasticsearch.common.util.concurrent.CountDownTest) started
[2014-02-18 15:38:32,644][INFO ][test                     ] Test testConcurrent {#341 seed=[A89B4FF56754358E:8491EDA357D93DFB]}(org.elasticsearch.common.util.concurrent.CountDownTest) finished
[2014-02-18 15:38:32,644][INFO ][test                     ] Test testConcurrent {#342 seed=[A89B4FF56754358E:B8DFC2E481C9B61D]}(org.elasticsearch.common.util.concurrent.CountDownTest) started
[2014-02-18 15:38:32,647][INFO ][test                     ] Test testConcurrent {#342 seed=[A89B4FF56754358E:B8DFC2E481C9B61D]}(org.elasticsearch.common.util.concurrent.CountDownTest) finished
[2014-02-18 15:38:32,647][INFO ][test                     ] Test testConcurrent {#343 seed=[A89B4FF56754358E:B9110C67C8FCD507]}(org.elasticsearch.common.util.concurrent.CountDownTest) started
[2014-02-18 15:38:32,651][INFO ][test                     ] Test testConcurrent {#343 seed=[A89B4FF56754358E:B9110C67C8FCD507]}(org.elasticsearch.common.util.concurrent.CountDownTest) finished
[2014-02-18 15:38:32,651][INFO ][test                     ] Test testConcurrent {#344 seed=[A89B4FF56754358E:F0C2F670EF57AED9]}(org.elasticsearch.common.util.concurrent.CountDownTest) started
[2014-02-18 15:38:32,656][INFO ][test                     ] Test testConcurrent {#344 seed=[A89B4FF56754358E:F0C2F670EF57AED9]}(org.elasticsearch.common.util.concurrent.CountDownTest) finished
[2014-02-18 15:38:32,656][INFO ][test                     ] Test testConcurrent {#345 seed=[A89B4FF56754358E:AF4466924FD82657]}(org.elasticsearch.common.util.concurrent.CountDownTest) started
[2014-02-18 15:38:32,659][INFO ][test                     ] Test testConcurrent {#345 seed=[A89B4FF56754358E:AF4466924FD82657]}(org.elasticsearch.common.util.concurrent.CountDownTest) finished
[2014-02-18 15:38:32,660][INFO ][test                     ] Test testConcurrent {#346 seed=[A89B4FF56754358E:EC1A638E35AF7B2C]}(org.elasticsearch.common.util.concurrent.CountDownTest) started
[2014-02-18 15:38:32,662][INFO ][test                     ] Test testConcurrent {#346 seed=[A89B4FF56754358E:EC1A638E35AF7B2C]}(org.elasticsearch.common.util.concurrent.CountDownTest) finished
[2014-02-18 15:38:32,663][INFO ][test                     ] Test testConcurrent {#347 seed=[A89B4FF56754358E:75B4062645ACCF9]}(org.elasticsearch.common.util.concurrent.CountDownTest) started
[2014-02-18 15:38:32,666][INFO ][test                     ] Test testConcurrent {#347 seed=[A89B4FF56754358E:75B4062645ACCF9]}(org.elasticsearch.common.util.concurrent.CountDownTest) finished
[2014-02-18 15:38:32,666][INFO ][test                     ] Test testConcurrent {#348 seed=[A89B4FF56754358E:AF22973F0366CB32]}(org.elasticsearch.common.util.concurrent.CountDownTest) started
[2014-02-18 15:38:32,669][INFO ][test                     ] Test testConcurrent {#348 seed=[A89B4FF56754358E:AF22973F0366CB32]}(org.elasticsearch.common.util.concurrent.CountDownTest) finished
[2014-02-18 15:38:32,669][INFO ][test                     ] Test testConcurrent {#349 seed=[A89B4FF56754358E:C7B474C61DDB4D51]}(org.elasticsearch.common.util.concurrent.CountDownTest) started
[2014-02-18 15:38:32,672][INFO ][test                     ] Test testConcurrent {#349 seed=[A89B4FF56754358E:C7B474C61DDB4D51]}(org.elasticsearch.common.util.concurrent.CountDownTest) finished
[2014-02-18 15:38:32,672][INFO ][test                     ] Test testConcurrent {#350 seed=[A89B4FF56754358E:848EEEEADAB61582]}(org.elasticsearch.common.util.concurrent.CountDownTest) started
[2014-02-18 15:38:32,675][INFO ][test                     ] Test testConcurrent {#350 seed=[A89B4FF56754358E:848EEEEADAB61582]}(org.elasticsearch.common.util.concurrent.CountDownTest) finished
[2014-02-18 15:38:32,675][INFO ][test                     ] Test testConcurrent {#351 seed=[A89B4FF56754358E:A9FB270CFD0A5C2A]}(org.elasticsearch.common.util.concurrent.CountDownTest) started
[2014-02-18 15:38:32,678][INFO ][test                     ] Test testConcurrent {#351 seed=[A89B4FF56754358E:A9FB270CFD0A5C2A]}(org.elasticsearch.common.util.concurrent.CountDownTest) finished
[2014-02-18 15:38:32,679][INFO ][test                     ] Test testConcurrent {#352 seed=[A89B4FF56754358E:BFB2221B85E416F4]}(org.elasticsearch.common.util.concurrent.CountDownTest) started
[2014-02-18 15:38:32,681][INFO ][test                     ] Test testConcurrent {#352 seed=[A89B4FF56754358E:BFB2221B85E416F4]}(org.elasticsearch.common.util.concurrent.CountDownTest) finished
[2014-02-18 15:38:32,682][INFO ][test                     ] Test testConcurrent {#353 seed=[A89B4FF56754358E:C4DAC4B890F30B7A]}(org.elasticsearch.common.util.concurrent.CountDownTest) started
[2014-02-18 15:38:32,684][INFO ][test                     ] Test testConcurrent {#353 seed=[A89B4FF56754358E:C4DAC4B890F30B7A]}(org.elasticsearch.common.util.concurrent.CountDownTest) finished
[2014-02-18 15:38:32,685][INFO ][test                     ] Test testConcurrent {#354 seed=[A89B4FF56754358E:A2E0DEBA9CDFB2EE]}(org.elasticsearch.common.util.concurrent.CountDownTest) started
[2014-02-18 15:38:32,687][INFO ][test                     ] Test testConcurrent {#354 seed=[A89B4FF56754358E:A2E0DEBA9CDFB2EE]}(org.elasticsearch.common.util.concurrent.CountDownTest) finished
[2014-02-18 15:38:32,688][INFO ][test                     ] Test testConcurrent {#355 seed=[A89B4FF56754358E:3F21560ED8133E07]}(org.elasticsearch.common.util.concurrent.CountDownTest) started
[2014-02-18 15:38:32,690][INFO ][test                     ] Test testConcurrent {#355 seed=[A89B4FF56754358E:3F21560ED8133E07]}(org.elasticsearch.common.util.concurrent.CountDownTest) finished
[2014-02-18 15:38:32,691][INFO ][test                     ] Test testConcurrent {#356 seed=[A89B4FF56754358E:17DCCC83563A6BC4]}(org.elasticsearch.common.util.concurrent.CountDownTest) started
[2014-02-18 15:38:32,694][INFO ][test                     ] Test testConcurrent {#356 seed=[A89B4FF56754358E:17DCCC83563A6BC4]}(org.elasticsearch.common.util.concurrent.CountDownTest) finished
[2014-02-18 15:38:32,694][INFO ][test                     ] Test testConcurrent {#357 seed=[A89B4FF56754358E:FF2B7C627CFC831C]}(org.elasticsearch.common.util.concurrent.CountDownTest) started
[2014-02-18 15:38:32,697][INFO ][test                     ] Test testConcurrent {#357 seed=[A89B4FF56754358E:FF2B7C627CFC831C]}(org.elasticsearch.common.util.concurrent.CountDownTest) finished
[2014-02-18 15:38:32,698][INFO ][test                     ] Test testConcurrent {#358 seed=[A89B4FF56754358E:BC54BA9A21E03A21]}(org.elasticsearch.common.util.concurrent.CountDownTest) started
[2014-02-18 15:38:32,701][INFO ][test                     ] Test testConcurrent {#358 seed=[A89B4FF56754358E:BC54BA9A21E03A21]}(org.elasticsearch.common.util.concurrent.CountDownTest) finished
[2014-02-18 15:38:32,702][INFO ][test                     ] Test testConcurrent {#359 seed=[A89B4FF56754358E:3A490DA98EB82D63]}(org.elasticsearch.common.util.concurrent.CountDownTest) started
[2014-02-18 15:38:32,705][INFO ][test                     ] Test testConcurrent {#359 seed=[A89B4FF56754358E:3A490DA98EB82D63]}(org.elasticsearch.common.util.concurrent.CountDownTest) finished
[2014-02-18 15:38:32,705][INFO ][test                     ] Test testConcurrent {#360 seed=[A89B4FF56754358E:68F4BEB25F4D60E7]}(org.elasticsearch.common.util.concurrent.CountDownTest) started
[2014-02-18 15:38:32,707][INFO ][test                     ] Test testConcurrent {#360 seed=[A89B4FF56754358E:68F4BEB25F4D60E7]}(org.elasticsearch.common.util.concurrent.CountDownTest) finished
[2014-02-18 15:38:32,708][INFO ][test                     ] Test testConcurrent {#361 seed=[A89B4FF56754358E:FA26E64618B5D302]}(org.elasticsearch.common.util.concurrent.CountDownTest) started
[2014-02-18 15:38:32,710][INFO ][test                     ] Test testConcurrent {#361 seed=[A89B4FF56754358E:FA26E64618B5D302]}(org.elasticsearch.common.util.concurrent.CountDownTest) finished
[2014-02-18 15:38:32,711][INFO ][test                     ] Test testConcurrent {#362 seed=[A89B4FF56754358E:304B1437E48CC213]}(org.elasticsearch.common.util.concurrent.CountDownTest) started
[2014-02-18 15:38:32,713][INFO ][test                     ] Test testConcurrent {#362 seed=[A89B4FF56754358E:304B1437E48CC213]}(org.elasticsearch.common.util.concurrent.CountDownTest) finished
[2014-02-18 15:38:32,714][INFO ][test                     ] Test testConcurrent {#363 seed=[A89B4FF56754358E:CEA4D536C97E02B0]}(org.elasticsearch.common.util.concurrent.CountDownTest) started
[2014-02-18 15:38:32,716][INFO ][test                     ] Test testConcurrent {#363 seed=[A89B4FF56754358E:CEA4D536C97E02B0]}(org.elasticsearch.common.util.concurrent.CountDownTest) finished
[2014-02-18 15:38:32,717][INFO ][test                     ] Test testConcurrent {#364 seed=[A89B4FF56754358E:8854E42D5F24451C]}(org.elasticsearch.common.util.concurrent.CountDownTest) started
[2014-02-18 15:38:32,720][INFO ][test                     ] Test testConcurrent {#364 seed=[A89B4FF56754358E:8854E42D5F24451C]}(org.elasticsearch.common.util.concurrent.CountDownTest) finished
[2014-02-18 15:38:32,720][INFO ][test                     ] Test testConcurrent {#365 seed=[A89B4FF56754358E:B7087DD435B6C21F]}(org.elasticsearch.common.util.concurrent.CountDownTest) started
[2014-02-18 15:38:32,723][INFO ][test                     ] Test testConcurrent {#365 seed=[A89B4FF56754358E:B7087DD435B6C21F]}(org.elasticsearch.common.util.concurrent.CountDownTest) finished
[2014-02-18 15:38:32,723][INFO ][test                     ] Test testConcurrent {#366 seed=[A89B4FF56754358E:4EDD9E6298C870C5]}(org.elasticsearch.common.util.concurrent.CountDownTest) started
[2014-02-18 15:38:32,726][INFO ][test                     ] Test testConcurrent {#366 seed=[A89B4FF56754358E:4EDD9E6298C870C5]}(org.elasticsearch.common.util.concurrent.CountDownTest) finished
[2014-02-18 15:38:32,726][INFO ][test                     ] Test testConcurrent {#367 seed=[A89B4FF56754358E:E838424D8A59FB09]}(org.elasticsearch.common.util.concurrent.CountDownTest) started
[2014-02-18 15:38:32,730][INFO ][test                     ] Test testConcurrent {#367 seed=[A89B4FF56754358E:E838424D8A59FB09]}(org.elasticsearch.common.util.concurrent.CountDownTest) finished
[2014-02-18 15:38:32,730][INFO ][test                     ] Test testConcurrent {#368 seed=[A89B4FF56754358E:CB3B6413B7552E7F]}(org.elasticsearch.common.util.concurrent.CountDownTest) started
[2014-02-18 15:38:32,732][INFO ][test                     ] Test testConcurrent {#368 seed=[A89B4FF56754358E:CB3B6413B7552E7F]}(org.elasticsearch.common.util.concurrent.CountDownTest) finished
[2014-02-18 15:38:32,733][INFO ][test                     ] Test testConcurrent {#369 seed=[A89B4FF56754358E:42AD86CCD046C22F]}(org.elasticsearch.common.util.concurrent.CountDownTest) started
[2014-02-18 15:38:32,735][INFO ][test                     ] Test testConcurrent {#369 seed=[A89B4FF56754358E:42AD86CCD046C22F]}(org.elasticsearch.common.util.concurrent.CountDownTest) finished
[2014-02-18 15:38:32,736][INFO ][test                     ] Test testConcurrent {#370 seed=[A89B4FF56754358E:23C57368742C3924]}(org.elasticsearch.common.util.concurrent.CountDownTest) started
[2014-02-18 15:38:32,739][INFO ][test                     ] Test testConcurrent {#370 seed=[A89B4FF56754358E:23C57368742C3924]}(org.elasticsearch.common.util.concurrent.CountDownTest) finished
[2014-02-18 15:38:32,740][INFO ][test                     ] Test testConcurrent {#371 seed=[A89B4FF56754358E:114652B8C16C8DFF]}(org.elasticsearch.common.util.concurrent.CountDownTest) started
[2014-02-18 15:38:32,743][INFO ][test                     ] Test testConcurrent {#371 seed=[A89B4FF56754358E:114652B8C16C8DFF]}(org.elasticsearch.common.util.concurrent.CountDownTest) finished
[2014-02-18 15:38:32,744][INFO ][test                     ] Test testConcurrent {#372 seed=[A89B4FF56754358E:3665A1B783A9E779]}(org.elasticsearch.common.util.concurrent.CountDownTest) started
[2014-02-18 15:38:32,747][INFO ][test                     ] Test testConcurrent {#372 seed=[A89B4FF56754358E:3665A1B783A9E779]}(org.elasticsearch.common.util.concurrent.CountDownTest) finished
[2014-02-18 15:38:32,748][INFO ][test                     ] Test testConcurrent {#373 seed=[A89B4FF56754358E:B6D008D4B4CA0817]}(org.elasticsearch.common.util.concurrent.CountDownTest) started
[2014-02-18 15:38:32,750][INFO ][test                     ] Test testConcurrent {#373 seed=[A89B4FF56754358E:B6D008D4B4CA0817]}(org.elasticsearch.common.util.concurrent.CountDownTest) finished
[2014-02-18 15:38:32,751][INFO ][test                     ] Test testConcurrent {#374 seed=[A89B4FF56754358E:47CB245AAACD2DF1]}(org.elasticsearch.common.util.concurrent.CountDownTest) started
[2014-02-18 15:38:32,753][INFO ][test                     ] Test testConcurrent {#374 seed=[A89B4FF56754358E:47CB245AAACD2DF1]}(org.elasticsearch.common.util.concurrent.CountDownTest) finished
[2014-02-18 15:38:32,753][INFO ][test                     ] Test testConcurrent {#375 seed=[A89B4FF56754358E:1A223C70374C25BF]}(org.elasticsearch.common.util.concurrent.CountDownTest) started
[2014-02-18 15:38:32,756][INFO ][test                     ] Test testConcurrent {#375 seed=[A89B4FF56754358E:1A223C70374C25BF]}(org.elasticsearch.common.util.concurrent.CountDownTest) finished
[2014-02-18 15:38:32,756][INFO ][test                     ] Test testConcurrent {#376 seed=[A89B4FF56754358E:4AD330E7F2B1449D]}(org.elasticsearch.common.util.concurrent.CountDownTest) started
[2014-02-18 15:38:32,758][INFO ][test                     ] Test testConcurrent {#376 seed=[A89B4FF56754358E:4AD330E7F2B1449D]}(org.elasticsearch.common.util.concurrent.CountDownTest) finished
[2014-02-18 15:38:32,759][INFO ][test                     ] Test testConcurrent {#377 seed=[A89B4FF56754358E:B56178613A526E21]}(org.elasticsearch.common.util.concurrent.CountDownTest) started
[2014-02-18 15:38:32,761][INFO ][test                     ] Test testConcurrent {#377 seed=[A89B4FF56754358E:B56178613A526E21]}(org.elasticsearch.common.util.concurrent.CountDownTest) finished
[2014-02-18 15:38:32,762][INFO ][test                     ] Test testConcurrent {#378 seed=[A89B4FF56754358E:853BB79F0AFA2E4]}(org.elasticsearch.common.util.concurrent.CountDownTest) started
[2014-02-18 15:38:32,764][INFO ][test                     ] Test testConcurrent {#378 seed=[A89B4FF56754358E:853BB79F0AFA2E4]}(org.elasticsearch.common.util.concurrent.CountDownTest) finished
[2014-02-18 15:38:32,764][INFO ][test                     ] Test testConcurrent {#379 seed=[A89B4FF56754358E:81270BF553AD8CE1]}(org.elasticsearch.common.util.concurrent.CountDownTest) started
[2014-02-18 15:38:32,767][INFO ][test                     ] Test testConcurrent {#379 seed=[A89B4FF56754358E:81270BF553AD8CE1]}(org.elasticsearch.common.util.concurrent.CountDownTest) finished
[2014-02-18 15:38:32,767][INFO ][test                     ] Test testConcurrent {#380 seed=[A89B4FF56754358E:31AEF23ED72056C5]}(org.elasticsearch.common.util.concurrent.CountDownTest) started
[2014-02-18 15:38:32,769][INFO ][test                     ] Test testConcurrent {#380 seed=[A89B4FF56754358E:31AEF23ED72056C5]}(org.elasticsearch.common.util.concurrent.CountDownTest) finished
[2014-02-18 15:38:32,770][INFO ][test                     ] Test testConcurrent {#381 seed=[A89B4FF56754358E:A5A5D29F7D59AECA]}(org.elasticsearch.common.util.concurrent.CountDownTest) started
[2014-02-18 15:38:32,772][INFO ][test                     ] Test testConcurrent {#381 seed=[A89B4FF56754358E:A5A5D29F7D59AECA]}(org.elasticsearch.common.util.concurrent.CountDownTest) finished
[2014-02-18 15:38:32,772][INFO ][test                     ] Test testConcurrent {#382 seed=[A89B4FF56754358E:37484D2BC89B8971]}(org.elasticsearch.common.util.concurrent.CountDownTest) started
[2014-02-18 15:38:32,774][INFO ][test                     ] Test testConcurrent {#382 seed=[A89B4FF56754358E:37484D2BC89B8971]}(org.elasticsearch.common.util.concurrent.CountDownTest) finished
[2014-02-18 15:38:32,775][INFO ][test                     ] Test testConcurrent {#383 seed=[A89B4FF56754358E:CBF6ADDD60F9B111]}(org.elasticsearch.common.util.concurrent.CountDownTest) started
[2014-02-18 15:38:32,777][INFO ][test                     ] Test testConcurrent {#383 seed=[A89B4FF56754358E:CBF6ADDD60F9B111]}(org.elasticsearch.common.util.concurrent.CountDownTest) finished
[2014-02-18 15:38:32,778][INFO ][test                     ] Test testConcurrent {#384 seed=[A89B4FF56754358E:B36DC4774A928D9D]}(org.elasticsearch.common.util.concurrent.CountDownTest) started
[2014-02-18 15:38:32,780][INFO ][test                     ] Test testConcurrent {#384 seed=[A89B4FF56754358E:B36DC4774A928D9D]}(org.elasticsearch.common.util.concurrent.CountDownTest) finished
[2014-02-18 15:38:32,781][INFO ][test                     ] Test testConcurrent {#385 seed=[A89B4FF56754358E:DDE649688B6C3054]}(org.elasticsearch.common.util.concurrent.CountDownTest) started
[2014-02-18 15:38:32,783][INFO ][test                     ] Test testConcurrent {#385 seed=[A89B4FF56754358E:DDE649688B6C3054]}(org.elasticsearch.common.util.concurrent.CountDownTest) finished
[2014-02-18 15:38:32,783][INFO ][test                     ] Test testConcurrent {#386 seed=[A89B4FF56754358E:DF2065F4073113C3]}(org.elasticsearch.common.util.concurrent.CountDownTest) started
[2014-02-18 15:38:32,786][INFO ][test                     ] Test testConcurrent {#386 seed=[A89B4FF56754358E:DF2065F4073113C3]}(org.elasticsearch.common.util.concurrent.CountDownTest) finished
[2014-02-18 15:38:32,786][INFO ][test                     ] Test testConcurrent {#387 seed=[A89B4FF56754358E:D50B2A6E02BB6AF1]}(org.elasticsearch.common.util.concurrent.CountDownTest) started
[2014-02-18 15:38:32,789][INFO ][test                     ] Test testConcurrent {#387 seed=[A89B4FF56754358E:D50B2A6E02BB6AF1]}(org.elasticsearch.common.util.concurrent.CountDownTest) finished
[2014-02-18 15:38:32,790][INFO ][test                     ] Test testConcurrent {#388 seed=[A89B4FF56754358E:83CE37BBFD24B22]}(org.elasticsearch.common.util.concurrent.CountDownTest) started
[2014-02-18 15:38:32,792][INFO ][test                     ] Test testConcurrent {#388 seed=[A89B4FF56754358E:83CE37BBFD24B22]}(org.elasticsearch.common.util.concurrent.CountDownTest) finished
[2014-02-18 15:38:32,793][INFO ][test                     ] Test testConcurrent {#389 seed=[A89B4FF56754358E:101A9C29627282A0]}(org.elasticsearch.common.util.concurrent.CountDownTest) started
[2014-02-18 15:38:32,795][INFO ][test                     ] Test testConcurrent {#389 seed=[A89B4FF56754358E:101A9C29627282A0]}(org.elasticsearch.common.util.concurrent.CountDownTest) finished
[2014-02-18 15:38:32,796][INFO ][test                     ] Test testConcurrent {#390 seed=[A89B4FF56754358E:349A186A4ADC59B0]}(org.elasticsearch.common.util.concurrent.CountDownTest) started
[2014-02-18 15:38:32,798][INFO ][test                     ] Test testConcurrent {#390 seed=[A89B4FF56754358E:349A186A4ADC59B0]}(org.elasticsearch.common.util.concurrent.CountDownTest) finished
[2014-02-18 15:38:32,798][INFO ][test                     ] Test testConcurrent {#391 seed=[A89B4FF56754358E:E76C810C8F17A10C]}(org.elasticsearch.common.util.concurrent.CountDownTest) started
[2014-02-18 15:38:32,801][INFO ][test                     ] Test testConcurrent {#391 seed=[A89B4FF56754358E:E76C810C8F17A10C]}(org.elasticsearch.common.util.concurrent.CountDownTest) finished
[2014-02-18 15:38:32,801][INFO ][test                     ] Test testConcurrent {#392 seed=[A89B4FF56754358E:18089BAE40E79F7C]}(org.elasticsearch.common.util.concurrent.CountDownTest) started
[2014-02-18 15:38:32,803][INFO ][test                     ] Test testConcurrent {#392 seed=[A89B4FF56754358E:18089BAE40E79F7C]}(org.elasticsearch.common.util.concurrent.CountDownTest) finished
[2014-02-18 15:38:32,804][INFO ][test                     ] Test testConcurrent {#393 seed=[A89B4FF56754358E:3485B79A0623BF85]}(org.elasticsearch.common.util.concurrent.CountDownTest) started
[2014-02-18 15:38:32,806][INFO ][test                     ] Test testConcurrent {#393 seed=[A89B4FF56754358E:3485B79A0623BF85]}(org.elasticsearch.common.util.concurrent.CountDownTest) finished
[2014-02-18 15:38:32,806][INFO ][test                     ] Test testConcurrent {#394 seed=[A89B4FF56754358E:B5A892C2EA075540]}(org.elasticsearch.common.util.concurrent.CountDownTest) started
[2014-02-18 15:38:32,809][INFO ][test                     ] Test testConcurrent {#394 seed=[A89B4FF56754358E:B5A892C2EA075540]}(org.elasticsearch.common.util.concurrent.CountDownTest) finished
[2014-02-18 15:38:32,809][INFO ][test                     ] Test testConcurrent {#395 seed=[A89B4FF56754358E:E6FCA2E491D74C0C]}(org.elasticsearch.common.util.concurrent.CountDownTest) started
[2014-02-18 15:38:32,811][INFO ][test                     ] Test testConcurrent {#395 seed=[A89B4FF56754358E:E6FCA2E491D74C0C]}(org.elasticsearch.common.util.concurrent.CountDownTest) finished
[2014-02-18 15:38:32,812][INFO ][test                     ] Test testConcurrent {#396 seed=[A89B4FF56754358E:F3C78789BD3617F3]}(org.elasticsearch.common.util.concurrent.CountDownTest) started
[2014-02-18 15:38:32,814][INFO ][test                     ] Test testConcurrent {#396 seed=[A89B4FF56754358E:F3C78789BD3617F3]}(org.elasticsearch.common.util.concurrent.CountDownTest) finished
[2014-02-18 15:38:32,814][INFO ][test                     ] Test testConcurrent {#397 seed=[A89B4FF56754358E:DADB6952B0520DB5]}(org.elasticsearch.common.util.concurrent.CountDownTest) started
[2014-02-18 15:38:32,817][INFO ][test                     ] Test testConcurrent {#397 seed=[A89B4FF56754358E:DADB6952B0520DB5]}(org.elasticsearch.common.util.concurrent.CountDownTest) finished
[2014-02-18 15:38:32,817][INFO ][test                     ] Test testConcurrent {#398 seed=[A89B4FF56754358E:F3FEB7C4AED63F4F]}(org.elasticsearch.common.util.concurrent.CountDownTest) started
[2014-02-18 15:38:32,819][INFO ][test                     ] Test testConcurrent {#398 seed=[A89B4FF56754358E:F3FEB7C4AED63F4F]}(org.elasticsearch.common.util.concurrent.CountDownTest) finished
[2014-02-18 15:38:32,820][INFO ][test                     ] Test testConcurrent {#399 seed=[A89B4FF56754358E:4AED8AFC51D0079C]}(org.elasticsearch.common.util.concurrent.CountDownTest) started
[2014-02-18 15:38:32,822][INFO ][test                     ] Test testConcurrent {#399 seed=[A89B4FF56754358E:4AED8AFC51D0079C]}(org.elasticsearch.common.util.concurrent.CountDownTest) finished
[2014-02-18 15:38:32,823][INFO ][test                     ] Test testConcurrent {#400 seed=[A89B4FF56754358E:CDA9BF11F085362B]}(org.elasticsearch.common.util.concurrent.CountDownTest) started
[2014-02-18 15:38:32,825][INFO ][test                     ] Test testConcurrent {#400 seed=[A89B4FF56754358E:CDA9BF11F085362B]}(org.elasticsearch.common.util.concurrent.CountDownTest) finished
[2014-02-18 15:38:32,825][INFO ][test                     ] Test testConcurrent {#401 seed=[A89B4FF56754358E:A9B67EF16ABDDAA8]}(org.elasticsearch.common.util.concurrent.CountDownTest) started
[2014-02-18 15:38:32,828][INFO ][test                     ] Test testConcurrent {#401 seed=[A89B4FF56754358E:A9B67EF16ABDDAA8]}(org.elasticsearch.common.util.concurrent.CountDownTest) finished
[2014-02-18 15:38:32,828][INFO ][test                     ] Test testConcurrent {#402 seed=[A89B4FF56754358E:9F398C833AA2B408]}(org.elasticsearch.common.util.concurrent.CountDownTest) started
[2014-02-18 15:38:32,830][INFO ][test                     ] Test testConcurrent {#402 seed=[A89B4FF56754358E:9F398C833AA2B408]}(org.elasticsearch.common.util.concurrent.CountDownTest) finished
[2014-02-18 15:38:32,831][INFO ][test                     ] Test testConcurrent {#403 seed=[A89B4FF56754358E:BA4AEBACCBA0AEB]}(org.elasticsearch.common.util.concurrent.CountDownTest) started
[2014-02-18 15:38:32,833][INFO ][test                     ] Test testConcurrent {#403 seed=[A89B4FF56754358E:BA4AEBACCBA0AEB]}(org.elasticsearch.common.util.concurrent.CountDownTest) finished
[2014-02-18 15:38:32,834][INFO ][test                     ] Test testConcurrent {#404 seed=[A89B4FF56754358E:46E87E46099E2D4C]}(org.elasticsearch.common.util.concurrent.CountDownTest) started
[2014-02-18 15:38:32,836][INFO ][test                     ] Test testConcurrent {#404 seed=[A89B4FF56754358E:46E87E46099E2D4C]}(org.elasticsearch.common.util.concurrent.CountDownTest) finished
[2014-02-18 15:38:32,836][INFO ][test                     ] Test testConcurrent {#405 seed=[A89B4FF56754358E:C39BA8964CA6880F]}(org.elasticsearch.common.util.concurrent.CountDownTest) started
[2014-02-18 15:38:32,839][INFO ][test                     ] Test testConcurrent {#405 seed=[A89B4FF56754358E:C39BA8964CA6880F]}(org.elasticsearch.common.util.concurrent.CountDownTest) finished
[2014-02-18 15:38:32,839][INFO ][test                     ] Test testConcurrent {#406 seed=[A89B4FF56754358E:C195F3536E26035C]}(org.elasticsearch.common.util.concurrent.CountDownTest) started
[2014-02-18 15:38:32,842][INFO ][test                     ] Test testConcurrent {#406 seed=[A89B4FF56754358E:C195F3536E26035C]}(org.elasticsearch.common.util.concurrent.CountDownTest) finished
[2014-02-18 15:38:32,842][INFO ][test                     ] Test testConcurrent {#407 seed=[A89B4FF56754358E:A49A037895301126]}(org.elasticsearch.common.util.concurrent.CountDownTest) started
[2014-02-18 15:38:32,845][INFO ][test                     ] Test testConcurrent {#407 seed=[A89B4FF56754358E:A49A037895301126]}(org.elasticsearch.common.util.concurrent.CountDownTest) finished
[2014-02-18 15:38:32,845][INFO ][test                     ] Test testConcurrent {#408 seed=[A89B4FF56754358E:342E02819A5B88DB]}(org.elasticsearch.common.util.concurrent.CountDownTest) started
[2014-02-18 15:38:32,848][INFO ][test                     ] Test testConcurrent {#408 seed=[A89B4FF56754358E:342E02819A5B88DB]}(org.elasticsearch.common.util.concurrent.CountDownTest) finished
[2014-02-18 15:38:32,848][INFO ][test                     ] Test testConcurrent {#409 seed=[A89B4FF56754358E:1B9E872CE98B6C2E]}(org.elasticsearch.common.util.concurrent.CountDownTest) started
[2014-02-18 15:38:32,850][INFO ][test                     ] Test testConcurrent {#409 seed=[A89B4FF56754358E:1B9E872CE98B6C2E]}(org.elasticsearch.common.util.concurrent.CountDownTest) finished
[2014-02-18 15:38:32,851][INFO ][test                     ] Test testConcurrent {#410 seed=[A89B4FF56754358E:27C27C217C753EE1]}(org.elasticsearch.common.util.concurrent.CountDownTest) started
[2014-02-18 15:38:32,853][INFO ][test                     ] Test testConcurrent {#410 seed=[A89B4FF56754358E:27C27C217C753EE1]}(org.elasticsearch.common.util.concurrent.CountDownTest) finished
[2014-02-18 15:38:32,854][INFO ][test                     ] Test testConcurrent {#411 seed=[A89B4FF56754358E:FD2F6F1FD6F01DA1]}(org.elasticsearch.common.util.concurrent.CountDownTest) started
[2014-02-18 15:38:32,856][INFO ][test                     ] Test testConcurrent {#411 seed=[A89B4FF56754358E:FD2F6F1FD6F01DA1]}(org.elasticsearch.common.util.concurrent.CountDownTest) finished
[2014-02-18 15:38:32,857][INFO ][test                     ] Test testConcurrent {#412 seed=[A89B4FF56754358E:E1698DEC2219CBE2]}(org.elasticsearch.common.util.concurrent.CountDownTest) started
[2014-02-18 15:38:32,859][INFO ][test                     ] Test testConcurrent {#412 seed=[A89B4FF56754358E:E1698DEC2219CBE2]}(org.elasticsearch.common.util.concurrent.CountDownTest) finished
[2014-02-18 15:38:32,860][INFO ][test                     ] Test testConcurrent {#413 seed=[A89B4FF56754358E:83DF58603C0994AF]}(org.elasticsearch.common.util.concurrent.CountDownTest) started
[2014-02-18 15:38:32,862][INFO ][test                     ] Test testConcurrent {#413 seed=[A89B4FF56754358E:83DF58603C0994AF]}(org.elasticsearch.common.util.concurrent.CountDownTest) finished
[2014-02-18 15:38:32,862][INFO ][test                     ] Test testConcurrent {#414 seed=[A89B4FF56754358E:BC7F66D1A144CB82]}(org.elasticsearch.common.util.concurrent.CountDownTest) started
[2014-02-18 15:38:32,865][INFO ][test                     ] Test testConcurrent {#414 seed=[A89B4FF56754358E:BC7F66D1A144CB82]}(org.elasticsearch.common.util.concurrent.CountDownTest) finished
[2014-02-18 15:38:32,865][INFO ][test                     ] Test testConcurrent {#415 seed=[A89B4FF56754358E:72E07A3641E47EFE]}(org.elasticsearch.common.util.concurrent.CountDownTest) started
[2014-02-18 15:38:32,867][INFO ][test                     ] Test testConcurrent {#415 seed=[A89B4FF56754358E:72E07A3641E47EFE]}(org.elasticsearch.common.util.concurrent.CountDownTest) finished
[2014-02-18 15:38:32,868][INFO ][test                     ] Test testConcurrent {#416 seed=[A89B4FF56754358E:6308E44FF1AAE087]}(org.elasticsearch.common.util.concurrent.CountDownTest) started
[2014-02-18 15:38:32,870][INFO ][test                     ] Test testConcurrent {#416 seed=[A89B4FF56754358E:6308E44FF1AAE087]}(org.elasticsearch.common.util.concurrent.CountDownTest) finished
[2014-02-18 15:38:32,871][INFO ][test                     ] Test testConcurrent {#417 seed=[A89B4FF56754358E:1C7F93117AC07BBB]}(org.elasticsearch.common.util.concurrent.CountDownTest) started
[2014-02-18 15:38:32,873][INFO ][test                     ] Test testConcurrent {#417 seed=[A89B4FF56754358E:1C7F93117AC07BBB]}(org.elasticsearch.common.util.concurrent.CountDownTest) finished
[2014-02-18 15:38:32,873][INFO ][test                     ] Test testConcurrent {#418 seed=[A89B4FF56754358E:E029BB602E0B9196]}(org.elasticsearch.common.util.concurrent.CountDownTest) started
[2014-02-18 15:38:32,875][INFO ][test                     ] Test testConcurrent {#418 seed=[A89B4FF56754358E:E029BB602E0B9196]}(org.elasticsearch.common.util.concurrent.CountDownTest) finished
[2014-02-18 15:38:32,876][INFO ][test                     ] Test testConcurrent {#419 seed=[A89B4FF56754358E:5B81F22C5CA57E4F]}(org.elasticsearch.common.util.concurrent.CountDownTest) started
[2014-02-18 15:38:32,878][INFO ][test                     ] Test testConcurrent {#419 seed=[A89B4FF56754358E:5B81F22C5CA57E4F]}(org.elasticsearch.common.util.concurrent.CountDownTest) finished
[2014-02-18 15:38:32,879][INFO ][test                     ] Test testConcurrent {#420 seed=[A89B4FF56754358E:BCC107111F593C44]}(org.elasticsearch.common.util.concurrent.CountDownTest) started
[2014-02-18 15:38:32,882][INFO ][test                     ] Test testConcurrent {#420 seed=[A89B4FF56754358E:BCC107111F593C44]}(org.elasticsearch.common.util.concurrent.CountDownTest) finished
[2014-02-18 15:38:32,882][INFO ][test                     ] Test testConcurrent {#421 seed=[A89B4FF56754358E:942D81C643E88524]}(org.elasticsearch.common.util.concurrent.CountDownTest) started
[2014-02-18 15:38:32,885][INFO ][test                     ] Test testConcurrent {#421 seed=[A89B4FF56754358E:942D81C643E88524]}(org.elasticsearch.common.util.concurrent.CountDownTest) finished
[2014-02-18 15:38:32,886][INFO ][test                     ] Test testConcurrent {#422 seed=[A89B4FF56754358E:797093AB9F2610A7]}(org.elasticsearch.common.util.concurrent.CountDownTest) started
[2014-02-18 15:38:32,888][INFO ][test                     ] Test testConcurrent {#422 seed=[A89B4FF56754358E:797093AB9F2610A7]}(org.elasticsearch.common.util.concurrent.CountDownTest) finished
[2014-02-18 15:38:32,889][INFO ][test                     ] Test testConcurrent {#423 seed=[A89B4FF56754358E:9448C5BE91D98D42]}(org.elasticsearch.common.util.concurrent.CountDownTest) started
[2014-02-18 15:38:32,891][INFO ][test                     ] Test testConcurrent {#423 seed=[A89B4FF56754358E:9448C5BE91D98D42]}(org.elasticsearch.common.util.concurrent.CountDownTest) finished
[2014-02-18 15:38:32,891][INFO ][test                     ] Test testConcurrent {#424 seed=[A89B4FF56754358E:94F033610DCA7768]}(org.elasticsearch.common.util.concurrent.CountDownTest) started
[2014-02-18 15:38:32,893][INFO ][test                     ] Test testConcurrent {#424 seed=[A89B4FF56754358E:94F033610DCA7768]}(org.elasticsearch.common.util.concurrent.CountDownTest) finished
[2014-02-18 15:38:32,894][INFO ][test                     ] Test testConcurrent {#425 seed=[A89B4FF56754358E:945BAE567B99F3F0]}(org.elasticsearch.common.util.concurrent.CountDownTest) started
[2014-02-18 15:38:32,896][INFO ][test                     ] Test testConcurrent {#425 seed=[A89B4FF56754358E:945BAE567B99F3F0]}(org.elasticsearch.common.util.concurrent.CountDownTest) finished
[2014-02-18 15:38:32,897][INFO ][test                     ] Test testConcurrent {#426 seed=[A89B4FF56754358E:D4439D667DCDAE5D]}(org.elasticsearch.common.util.concurrent.CountDownTest) started
[2014-02-18 15:38:32,899][INFO ][test                     ] Test testConcurrent {#426 seed=[A89B4FF56754358E:D4439D667DCDAE5D]}(org.elasticsearch.common.util.concurrent.CountDownTest) finished
[2014-02-18 15:38:32,899][INFO ][test                     ] Test testConcurrent {#427 seed=[A89B4FF56754358E:212C04732B5F0788]}(org.elasticsearch.common.util.concurrent.CountDownTest) started
[2014-02-18 15:38:32,901][INFO ][test                     ] Test testConcurrent {#427 seed=[A89B4FF56754358E:212C04732B5F0788]}(org.elasticsearch.common.util.concurrent.CountDownTest) finished
[2014-02-18 15:38:32,902][INFO ][test                     ] Test testConcurrent {#428 seed=[A89B4FF56754358E:1C1D3E1CC2D4092A]}(org.elasticsearch.common.util.concurrent.CountDownTest) started
[2014-02-18 15:38:32,906][INFO ][test                     ] Test testConcurrent {#428 seed=[A89B4FF56754358E:1C1D3E1CC2D4092A]}(org.elasticsearch.common.util.concurrent.CountDownTest) finished
[2014-02-18 15:38:32,907][INFO ][test                     ] Test testConcurrent {#429 seed=[A89B4FF56754358E:7C1F5EA3028FF73E]}(org.elasticsearch.common.util.concurrent.CountDownTest) started
[2014-02-18 15:38:32,909][INFO ][test                     ] Test testConcurrent {#429 seed=[A89B4FF56754358E:7C1F5EA3028FF73E]}(org.elasticsearch.common.util.concurrent.CountDownTest) finished
[2014-02-18 15:38:32,910][INFO ][test                     ] Test testConcurrent {#430 seed=[A89B4FF56754358E:40BD27A88C14780E]}(org.elasticsearch.common.util.concurrent.CountDownTest) started
[2014-02-18 15:38:32,913][INFO ][test                     ] Test testConcurrent {#430 seed=[A89B4FF56754358E:40BD27A88C14780E]}(org.elasticsearch.common.util.concurrent.CountDownTest) finished
[2014-02-18 15:38:32,913][INFO ][test                     ] Test testConcurrent {#431 seed=[A89B4FF56754358E:3D02239E038E0AFA]}(org.elasticsearch.common.util.concurrent.CountDownTest) started
[2014-02-18 15:38:32,916][INFO ][test                     ] Test testConcurrent {#431 seed=[A89B4FF56754358E:3D02239E038E0AFA]}(org.elasticsearch.common.util.concurrent.CountDownTest) finished
[2014-02-18 15:38:32,917][INFO ][test                     ] Test testConcurrent {#432 seed=[A89B4FF56754358E:BB79A42951BF2C04]}(org.elasticsearch.common.util.concurrent.CountDownTest) started
[2014-02-18 15:38:32,920][INFO ][test                     ] Test testConcurrent {#432 seed=[A89B4FF56754358E:BB79A42951BF2C04]}(org.elasticsearch.common.util.concurrent.CountDownTest) finished
[2014-02-18 15:38:32,921][INFO ][test                     ] Test testConcurrent {#433 seed=[A89B4FF56754358E:31FAC68388268E22]}(org.elasticsearch.common.util.concurrent.CountDownTest) started
[2014-02-18 15:38:32,924][INFO ][test                     ] Test testConcurrent {#433 seed=[A89B4FF56754358E:31FAC68388268E22]}(org.elasticsearch.common.util.concurrent.CountDownTest) finished
[2014-02-18 15:38:32,924][INFO ][test                     ] Test testConcurrent {#434 seed=[A89B4FF56754358E:BAEB833BBC03B5EB]}(org.elasticsearch.common.util.concurrent.CountDownTest) started
[2014-02-18 15:38:32,927][INFO ][test                     ] Test testConcurrent {#434 seed=[A89B4FF56754358E:BAEB833BBC03B5EB]}(org.elasticsearch.common.util.concurrent.CountDownTest) finished
[2014-02-18 15:38:32,928][INFO ][test                     ] Test testConcurrent {#435 seed=[A89B4FF56754358E:A0174F43DDBE6D28]}(org.elasticsearch.common.util.concurrent.CountDownTest) started
[2014-02-18 15:38:32,931][INFO ][test                     ] Test testConcurrent {#435 seed=[A89B4FF56754358E:A0174F43DDBE6D28]}(org.elasticsearch.common.util.concurrent.CountDownTest) finished
[2014-02-18 15:38:32,931][INFO ][test                     ] Test testConcurrent {#436 seed=[A89B4FF56754358E:1C13D57F29E3E863]}(org.elasticsearch.common.util.concurrent.CountDownTest) started
[2014-02-18 15:38:32,934][INFO ][test                     ] Test testConcurrent {#436 seed=[A89B4FF56754358E:1C13D57F29E3E863]}(org.elasticsearch.common.util.concurrent.CountDownTest) finished
[2014-02-18 15:38:32,935][INFO ][test                     ] Test testConcurrent {#437 seed=[A89B4FF56754358E:2B820FFF6F544968]}(org.elasticsearch.common.util.concurrent.CountDownTest) started
[2014-02-18 15:38:32,937][INFO ][test                     ] Test testConcurrent {#437 seed=[A89B4FF56754358E:2B820FFF6F544968]}(org.elasticsearch.common.util.concurrent.CountDownTest) finished
[2014-02-18 15:38:32,938][INFO ][test                     ] Test testConcurrent {#438 seed=[A89B4FF56754358E:825F96D993C56CCE]}(org.elasticsearch.common.util.concurrent.CountDownTest) started
[2014-02-18 15:38:32,941][INFO ][test                     ] Test testConcurrent {#438 seed=[A89B4FF56754358E:825F96D993C56CCE]}(org.elasticsearch.common.util.concurrent.CountDownTest) finished
[2014-02-18 15:38:32,941][INFO ][test                     ] Test testConcurrent {#439 seed=[A89B4FF56754358E:684170CA454BEBCD]}(org.elasticsearch.common.util.concurrent.CountDownTest) started
[2014-02-18 15:38:32,944][INFO ][test                     ] Test testConcurrent {#439 seed=[A89B4FF56754358E:684170CA454BEBCD]}(org.elasticsearch.common.util.concurrent.CountDownTest) finished
[2014-02-18 15:38:32,945][INFO ][test                     ] Test testConcurrent {#440 seed=[A89B4FF56754358E:AA8AE0B25277ADBC]}(org.elasticsearch.common.util.concurrent.CountDownTest) started
[2014-02-18 15:38:32,947][INFO ][test                     ] Test testConcurrent {#440 seed=[A89B4FF56754358E:AA8AE0B25277ADBC]}(org.elasticsearch.common.util.concurrent.CountDownTest) finished
[2014-02-18 15:38:32,948][INFO ][test                     ] Test testConcurrent {#441 seed=[A89B4FF56754358E:94EB4FAB6F4134FF]}(org.elasticsearch.common.util.concurrent.CountDownTest) started
[2014-02-18 15:38:32,951][INFO ][test                     ] Test testConcurrent {#441 seed=[A89B4FF56754358E:94EB4FAB6F4134FF]}(org.elasticsearch.common.util.concurrent.CountDownTest) finished
[2014-02-18 15:38:32,952][INFO ][test                     ] Test testConcurrent {#442 seed=[A89B4FF56754358E:44C4028C91637459]}(org.elasticsearch.common.util.concurrent.CountDownTest) started
[2014-02-18 15:38:32,955][INFO ][test                     ] Test testConcurrent {#442 seed=[A89B4FF56754358E:44C4028C91637459]}(org.elasticsearch.common.util.concurrent.CountDownTest) finished
[2014-02-18 15:38:32,956][INFO ][test                     ] Test testConcurrent {#443 seed=[A89B4FF56754358E:26D36EB5443D5F8E]}(org.elasticsearch.common.util.concurrent.CountDownTest) started
[2014-02-18 15:38:32,959][INFO ][test                     ] Test testConcurrent {#443 seed=[A89B4FF56754358E:26D36EB5443D5F8E]}(org.elasticsearch.common.util.concurrent.CountDownTest) finished
[2014-02-18 15:38:32,959][INFO ][test                     ] Test testConcurrent {#444 seed=[A89B4FF56754358E:5C7CFF2AFE12CACC]}(org.elasticsearch.common.util.concurrent.CountDownTest) started
[2014-02-18 15:38:32,962][INFO ][test                     ] Test testConcurrent {#444 seed=[A89B4FF56754358E:5C7CFF2AFE12CACC]}(org.elasticsearch.common.util.concurrent.CountDownTest) finished
[2014-02-18 15:38:32,963][INFO ][test                     ] Test testConcurrent {#445 seed=[A89B4FF56754358E:6BBE2030ABF9A6BE]}(org.elasticsearch.common.util.concurrent.CountDownTest) started
[2014-02-18 15:38:32,966][INFO ][test                     ] Test testConcurrent {#445 seed=[A89B4FF56754358E:6BBE2030ABF9A6BE]}(org.elasticsearch.common.util.concurrent.CountDownTest) finished
[2014-02-18 15:38:32,966][INFO ][test                     ] Test testConcurrent {#446 seed=[A89B4FF56754358E:304AC54438340411]}(org.elasticsearch.common.util.concurrent.CountDownTest) started
[2014-02-18 15:38:32,969][INFO ][test                     ] Test testConcurrent {#446 seed=[A89B4FF56754358E:304AC54438340411]}(org.elasticsearch.common.util.concurrent.CountDownTest) finished
[2014-02-18 15:38:32,970][INFO ][test                     ] Test testConcurrent {#447 seed=[A89B4FF56754358E:CCA56055B5DE6CAA]}(org.elasticsearch.common.util.concurrent.CountDownTest) started
[2014-02-18 15:38:32,973][INFO ][test                     ] Test testConcurrent {#447 seed=[A89B4FF56754358E:CCA56055B5DE6CAA]}(org.elasticsearch.common.util.concurrent.CountDownTest) finished
[2014-02-18 15:38:32,973][INFO ][test                     ] Test testConcurrent {#448 seed=[A89B4FF56754358E:D11EF644F563F74F]}(org.elasticsearch.common.util.concurrent.CountDownTest) started
[2014-02-18 15:38:32,976][INFO ][test                     ] Test testConcurrent {#448 seed=[A89B4FF56754358E:D11EF644F563F74F]}(org.elasticsearch.common.util.concurrent.CountDownTest) finished
[2014-02-18 15:38:32,977][INFO ][test                     ] Test testConcurrent {#449 seed=[A89B4FF56754358E:D096C3541E133418]}(org.elasticsearch.common.util.concurrent.CountDownTest) started
[2014-02-18 15:38:32,979][INFO ][test                     ] Test testConcurrent {#449 seed=[A89B4FF56754358E:D096C3541E133418]}(org.elasticsearch.common.util.concurrent.CountDownTest) finished
[2014-02-18 15:38:32,980][INFO ][test                     ] Test testConcurrent {#450 seed=[A89B4FF56754358E:8B16712BFD53D722]}(org.elasticsearch.common.util.concurrent.CountDownTest) started
[2014-02-18 15:38:32,982][INFO ][test                     ] Test testConcurrent {#450 seed=[A89B4FF56754358E:8B16712BFD53D722]}(org.elasticsearch.common.util.concurrent.CountDownTest) finished
[2014-02-18 15:38:32,983][INFO ][test                     ] Test testConcurrent {#451 seed=[A89B4FF56754358E:FE284C53BC0CB185]}(org.elasticsearch.common.util.concurrent.CountDownTest) started
[2014-02-18 15:38:32,986][INFO ][test                     ] Test testConcurrent {#451 seed=[A89B4FF56754358E:FE284C53BC0CB185]}(org.elasticsearch.common.util.concurrent.CountDownTest) finished
[2014-02-18 15:38:32,986][INFO ][test                     ] Test testConcurrent {#452 seed=[A89B4FF56754358E:50170D189C5C089]}(org.elasticsearch.common.util.concurrent.CountDownTest) started
[2014-02-18 15:38:32,988][INFO ][test                     ] Test testConcurrent {#452 seed=[A89B4FF56754358E:50170D189C5C089]}(org.elasticsearch.common.util.concurrent.CountDownTest) finished
[2014-02-18 15:38:32,989][INFO ][test                     ] Test testConcurrent {#453 seed=[A89B4FF56754358E:810ADE91BB04D7E6]}(org.elasticsearch.common.util.concurrent.CountDownTest) started
[2014-02-18 15:38:32,991][INFO ][test                     ] Test testConcurrent {#453 seed=[A89B4FF56754358E:810ADE91BB04D7E6]}(org.elasticsearch.common.util.concurrent.CountDownTest) finished
[2014-02-18 15:38:32,992][INFO ][test                     ] Test testConcurrent {#454 seed=[A89B4FF56754358E:8BA6A237F008C5F0]}(org.elasticsearch.common.util.concurrent.CountDownTest) started
[2014-02-18 15:38:32,994][INFO ][test                     ] Test testConcurrent {#454 seed=[A89B4FF56754358E:8BA6A237F008C5F0]}(org.elasticsearch.common.util.concurrent.CountDownTest) finished
[2014-02-18 15:38:32,994][INFO ][test                     ] Test testConcurrent {#455 seed=[A89B4FF56754358E:32CFBDFE20789D87]}(org.elasticsearch.common.util.concurrent.CountDownTest) started
[2014-02-18 15:38:32,997][INFO ][test                     ] Test testConcurrent {#455 seed=[A89B4FF56754358E:32CFBDFE20789D87]}(org.elasticsearch.common.util.concurrent.CountDownTest) finished
[2014-02-18 15:38:32,997][INFO ][test                     ] Test testConcurrent {#456 seed=[A89B4FF56754358E:761512101BAFEC3D]}(org.elasticsearch.common.util.concurrent.CountDownTest) started
[2014-02-18 15:38:33,000][INFO ][test                     ] Test testConcurrent {#456 seed=[A89B4FF56754358E:761512101BAFEC3D]}(org.elasticsearch.common.util.concurrent.CountDownTest) finished
[2014-02-18 15:38:33,000][INFO ][test                     ] Test testConcurrent {#457 seed=[A89B4FF56754358E:D4A689A873C9B84E]}(org.elasticsearch.common.util.concurrent.CountDownTest) started
[2014-02-18 15:38:33,004][INFO ][test                     ] Test testConcurrent {#457 seed=[A89B4FF56754358E:D4A689A873C9B84E]}(org.elasticsearch.common.util.concurrent.CountDownTest) finished
[2014-02-18 15:38:33,005][INFO ][test                     ] Test testConcurrent {#458 seed=[A89B4FF56754358E:2B83C33D028258F1]}(org.elasticsearch.common.util.concurrent.CountDownTest) started
[2014-02-18 15:38:33,011][INFO ][test                     ] Test testConcurrent {#458 seed=[A89B4FF56754358E:2B83C33D028258F1]}(org.elasticsearch.common.util.concurrent.CountDownTest) finished
[2014-02-18 15:38:33,011][INFO ][test                     ] Test testConcurrent {#459 seed=[A89B4FF56754358E:E560AFF2D5CF5D3D]}(org.elasticsearch.common.util.concurrent.CountDownTest) started
[2014-02-18 15:38:33,015][INFO ][test                     ] Test testConcurrent {#459 seed=[A89B4FF56754358E:E560AFF2D5CF5D3D]}(org.elasticsearch.common.util.concurrent.CountDownTest) finished
[2014-02-18 15:38:33,016][INFO ][test                     ] Test testConcurrent {#460 seed=[A89B4FF56754358E:2FF8F86F61DF98BE]}(org.elasticsearch.common.util.concurrent.CountDownTest) started
[2014-02-18 15:38:33,021][INFO ][test                     ] Test testConcurrent {#460 seed=[A89B4FF56754358E:2FF8F86F61DF98BE]}(org.elasticsearch.common.util.concurrent.CountDownTest) finished
[2014-02-18 15:38:33,022][INFO ][test                     ] Test testConcurrent {#461 seed=[A89B4FF56754358E:D8C1E75496025E1C]}(org.elasticsearch.common.util.concurrent.CountDownTest) started
[2014-02-18 15:38:33,034][INFO ][test                     ] Test testConcurrent {#461 seed=[A89B4FF56754358E:D8C1E75496025E1C]}(org.elasticsearch.common.util.concurrent.CountDownTest) finished
[2014-02-18 15:38:33,035][INFO ][test                     ] Test testConcurrent {#462 seed=[A89B4FF56754358E:4D4A8DF56D765719]}(org.elasticsearch.common.util.concurrent.CountDownTest) started
[2014-02-18 15:38:33,038][INFO ][test                     ] Test testConcurrent {#462 seed=[A89B4FF56754358E:4D4A8DF56D765719]}(org.elasticsearch.common.util.concurrent.CountDownTest) finished
[2014-02-18 15:38:33,039][INFO ][test                     ] Test testConcurrent {#463 seed=[A89B4FF56754358E:1932933D8F1E8BCE]}(org.elasticsearch.common.util.concurrent.CountDownTest) started
[2014-02-18 15:38:33,042][INFO ][test                     ] Test testConcurrent {#463 seed=[A89B4FF56754358E:1932933D8F1E8BCE]}(org.elasticsearch.common.util.concurrent.CountDownTest) finished
[2014-02-18 15:38:33,042][INFO ][test                     ] Test testConcurrent {#464 seed=[A89B4FF56754358E:297EE0B40CBAAD67]}(org.elasticsearch.common.util.concurrent.CountDownTest) started
[2014-02-18 15:38:33,045][INFO ][test                     ] Test testConcurrent {#464 seed=[A89B4FF56754358E:297EE0B40CBAAD67]}(org.elasticsearch.common.util.concurrent.CountDownTest) finished
[2014-02-18 15:38:33,046][INFO ][test                     ] Test testConcurrent {#465 seed=[A89B4FF56754358E:6D344F3D40B28BFC]}(org.elasticsearch.common.util.concurrent.CountDownTest) started
[2014-02-18 15:38:33,049][INFO ][test                     ] Test testConcurrent {#465 seed=[A89B4FF56754358E:6D344F3D40B28BFC]}(org.elasticsearch.common.util.concurrent.CountDownTest) finished
[2014-02-18 15:38:33,049][INFO ][test                     ] Test testConcurrent {#466 seed=[A89B4FF56754358E:E069A27C10078A79]}(org.elasticsearch.common.util.concurrent.CountDownTest) started
[2014-02-18 15:38:33,052][INFO ][test                     ] Test testConcurrent {#466 seed=[A89B4FF56754358E:E069A27C10078A79]}(org.elasticsearch.common.util.concurrent.CountDownTest) finished
[2014-02-18 15:38:33,053][INFO ][test                     ] Test testConcurrent {#467 seed=[A89B4FF56754358E:AEF55FB0D2590797]}(org.elasticsearch.common.util.concurrent.CountDownTest) started
[2014-02-18 15:38:33,056][INFO ][test                     ] Test testConcurrent {#467 seed=[A89B4FF56754358E:AEF55FB0D2590797]}(org.elasticsearch.common.util.concurrent.CountDownTest) finished
[2014-02-18 15:38:33,056][INFO ][test                     ] Test testConcurrent {#468 seed=[A89B4FF56754358E:2FEBA393DBCE3C77]}(org.elasticsearch.common.util.concurrent.CountDownTest) started
[2014-02-18 15:38:33,059][INFO ][test                     ] Test testConcurrent {#468 seed=[A89B4FF56754358E:2FEBA393DBCE3C77]}(org.elasticsearch.common.util.concurrent.CountDownTest) finished
[2014-02-18 15:38:33,059][INFO ][test                     ] Test testConcurrent {#469 seed=[A89B4FF56754358E:151E29D5F9BF62BB]}(org.elasticsearch.common.util.concurrent.CountDownTest) started
[2014-02-18 15:38:33,062][INFO ][test                     ] Test testConcurrent {#469 seed=[A89B4FF56754358E:151E29D5F9BF62BB]}(org.elasticsearch.common.util.concurrent.CountDownTest) finished
[2014-02-18 15:38:33,062][INFO ][test                     ] Test testConcurrent {#470 seed=[A89B4FF56754358E:127A4C35936A29F2]}(org.elasticsearch.common.util.concurrent.CountDownTest) started
[2014-02-18 15:38:33,064][INFO ][test                     ] Test testConcurrent {#470 seed=[A89B4FF56754358E:127A4C35936A29F2]}(org.elasticsearch.common.util.concurrent.CountDownTest) finished
[2014-02-18 15:38:33,065][INFO ][test                     ] Test testConcurrent {#471 seed=[A89B4FF56754358E:B43745866A7F0778]}(org.elasticsearch.common.util.concurrent.CountDownTest) started
[2014-02-18 15:38:33,067][INFO ][test                     ] Test testConcurrent {#471 seed=[A89B4FF56754358E:B43745866A7F0778]}(org.elasticsearch.common.util.concurrent.CountDownTest) finished
[2014-02-18 15:38:33,067][INFO ][test                     ] Test testConcurrent {#472 seed=[A89B4FF56754358E:FF38D95EB3356C3D]}(org.elasticsearch.common.util.concurrent.CountDownTest) started
[2014-02-18 15:38:33,070][INFO ][test                     ] Test testConcurrent {#472 seed=[A89B4FF56754358E:FF38D95EB3356C3D]}(org.elasticsearch.common.util.concurrent.CountDownTest) finished
[2014-02-18 15:38:33,070][INFO ][test                     ] Test testConcurrent {#473 seed=[A89B4FF56754358E:9896E925FC4EADAF]}(org.elasticsearch.common.util.concurrent.CountDownTest) started
[2014-02-18 15:38:33,072][INFO ][test                     ] Test testConcurrent {#473 seed=[A89B4FF56754358E:9896E925FC4EADAF]}(org.elasticsearch.common.util.concurrent.CountDownTest) finished
[2014-02-18 15:38:33,073][INFO ][test                     ] Test testConcurrent {#474 seed=[A89B4FF56754358E:9B500B31B13E6854]}(org.elasticsearch.common.util.concurrent.CountDownTest) started
[2014-02-18 15:38:33,075][INFO ][test                     ] Test testConcurrent {#474 seed=[A89B4FF56754358E:9B500B31B13E6854]}(org.elasticsearch.common.util.concurrent.CountDownTest) finished
[2014-02-18 15:38:33,075][INFO ][test                     ] Test testConcurrent {#475 seed=[A89B4FF56754358E:AE7E8EA7BD3415B4]}(org.elasticsearch.common.util.concurrent.CountDownTest) started
[2014-02-18 15:38:33,078][INFO ][test                     ] Test testConcurrent {#475 seed=[A89B4FF56754358E:AE7E8EA7BD3415B4]}(org.elasticsearch.common.util.concurrent.CountDownTest) finished
[2014-02-18 15:38:33,078][INFO ][test                     ] Test testConcurrent {#476 seed=[A89B4FF56754358E:72A7820A1B28E003]}(org.elasticsearch.common.util.concurrent.CountDownTest) started
[2014-02-18 15:38:33,080][INFO ][test                     ] Test testConcurrent {#476 seed=[A89B4FF56754358E:72A7820A1B28E003]}(org.elasticsearch.common.util.concurrent.CountDownTest) finished
[2014-02-18 15:38:33,081][INFO ][test                     ] Test testConcurrent {#477 seed=[A89B4FF56754358E:BA8FB4346C56F18]}(org.elasticsearch.common.util.concurrent.CountDownTest) started
[2014-02-18 15:38:33,085][INFO ][test                     ] Test testConcurrent {#477 seed=[A89B4FF56754358E:BA8FB4346C56F18]}(org.elasticsearch.common.util.concurrent.CountDownTest) finished
[2014-02-18 15:38:33,085][INFO ][test                     ] Test testConcurrent {#478 seed=[A89B4FF56754358E:372728A0AFC054F0]}(org.elasticsearch.common.util.concurrent.CountDownTest) started
[2014-02-18 15:38:33,088][INFO ][test                     ] Test testConcurrent {#478 seed=[A89B4FF56754358E:372728A0AFC054F0]}(org.elasticsearch.common.util.concurrent.CountDownTest) finished
[2014-02-18 15:38:33,089][INFO ][test                     ] Test testConcurrent {#479 seed=[A89B4FF56754358E:418CA5EE33C23B24]}(org.elasticsearch.common.util.concurrent.CountDownTest) started
[2014-02-18 15:38:33,092][INFO ][test                     ] Test testConcurrent {#479 seed=[A89B4FF56754358E:418CA5EE33C23B24]}(org.elasticsearch.common.util.concurrent.CountDownTest) finished
[2014-02-18 15:38:33,092][INFO ][test                     ] Test testConcurrent {#480 seed=[A89B4FF56754358E:9185EA0B580C52DF]}(org.elasticsearch.common.util.concurrent.CountDownTest) started
[2014-02-18 15:38:33,095][INFO ][test                     ] Test testConcurrent {#480 seed=[A89B4FF56754358E:9185EA0B580C52DF]}(org.elasticsearch.common.util.concurrent.CountDownTest) finished
[2014-02-18 15:38:33,096][INFO ][test                     ] Test testConcurrent {#481 seed=[A89B4FF56754358E:BD75AFB36FD8AD1C]}(org.elasticsearch.common.util.concurrent.CountDownTest) started
[2014-02-18 15:38:33,099][INFO ][test                     ] Test testConcurrent {#481 seed=[A89B4FF56754358E:BD75AFB36FD8AD1C]}(org.elasticsearch.common.util.concurrent.CountDownTest) finished
[2014-02-18 15:38:33,099][INFO ][test                     ] Test testConcurrent {#482 seed=[A89B4FF56754358E:5DD25160C61E2014]}(org.elasticsearch.common.util.concurrent.CountDownTest) started
[2014-02-18 15:38:33,101][INFO ][test                     ] Test testConcurrent {#482 seed=[A89B4FF56754358E:5DD25160C61E2014]}(org.elasticsearch.common.util.concurrent.CountDownTest) finished
[2014-02-18 15:38:33,102][INFO ][test                     ] Test testConcurrent {#483 seed=[A89B4FF56754358E:C155FE9A56DE7572]}(org.elasticsearch.common.util.concurrent.CountDownTest) started
[2014-02-18 15:38:33,104][INFO ][test                     ] Test testConcurrent {#483 seed=[A89B4FF56754358E:C155FE9A56DE7572]}(org.elasticsearch.common.util.concurrent.CountDownTest) finished
[2014-02-18 15:38:33,105][INFO ][test                     ] Test testConcurrent {#484 seed=[A89B4FF56754358E:C88555C45E3BD80C]}(org.elasticsearch.common.util.concurrent.CountDownTest) started
[2014-02-18 15:38:33,107][INFO ][test                     ] Test testConcurrent {#484 seed=[A89B4FF56754358E:C88555C45E3BD80C]}(org.elasticsearch.common.util.concurrent.CountDownTest) finished
[2014-02-18 15:38:33,107][INFO ][test                     ] Test testConcurrent {#485 seed=[A89B4FF56754358E:F67B66068CFD52E2]}(org.elasticsearch.common.util.concurrent.CountDownTest) started
[2014-02-18 15:38:33,109][INFO ][test                     ] Test testConcurrent {#485 seed=[A89B4FF56754358E:F67B66068CFD52E2]}(org.elasticsearch.common.util.concurrent.CountDownTest) finished
[2014-02-18 15:38:33,110][INFO ][test                     ] Test testConcurrent {#486 seed=[A89B4FF56754358E:43D71E7FB6642067]}(org.elasticsearch.common.util.concurrent.CountDownTest) started
[2014-02-18 15:38:33,112][INFO ][test                     ] Test testConcurrent {#486 seed=[A89B4FF56754358E:43D71E7FB6642067]}(org.elasticsearch.common.util.concurrent.CountDownTest) finished
[2014-02-18 15:38:33,113][INFO ][test                     ] Test testConcurrent {#487 seed=[A89B4FF56754358E:FD3F8DF89D8B27B7]}(org.elasticsearch.common.util.concurrent.CountDownTest) started
[2014-02-18 15:38:33,122][INFO ][test                     ] Test testConcurrent {#487 seed=[A89B4FF56754358E:FD3F8DF89D8B27B7]}(org.elasticsearch.common.util.concurrent.CountDownTest) finished
[2014-02-18 15:38:33,123][INFO ][test                     ] Test testConcurrent {#488 seed=[A89B4FF56754358E:D52F5E89DCBBA4E6]}(org.elasticsearch.common.util.concurrent.CountDownTest) started
[2014-02-18 15:38:33,125][INFO ][test                     ] Test testConcurrent {#488 seed=[A89B4FF56754358E:D52F5E89DCBBA4E6]}(org.elasticsearch.common.util.concurrent.CountDownTest) finished
[2014-02-18 15:38:33,126][INFO ][test                     ] Test testConcurrent {#489 seed=[A89B4FF56754358E:F37C314D615AACCB]}(org.elasticsearch.common.util.concurrent.CountDownTest) started
[2014-02-18 15:38:33,128][INFO ][test                     ] Test testConcurrent {#489 seed=[A89B4FF56754358E:F37C314D615AACCB]}(org.elasticsearch.common.util.concurrent.CountDownTest) finished
[2014-02-18 15:38:33,128][INFO ][test                     ] Test testConcurrent {#490 seed=[A89B4FF56754358E:E52C41D2C6710735]}(org.elasticsearch.common.util.concurrent.CountDownTest) started
[2014-02-18 15:38:33,130][INFO ][test                     ] Test testConcurrent {#490 seed=[A89B4FF56754358E:E52C41D2C6710735]}(org.elasticsearch.common.util.concurrent.CountDownTest) finished
[2014-02-18 15:38:33,131][INFO ][test                     ] Test testConcurrent {#491 seed=[A89B4FF56754358E:2046DF71B91EEFAF]}(org.elasticsearch.common.util.concurrent.CountDownTest) started
[2014-02-18 15:38:33,133][INFO ][test                     ] Test testConcurrent {#491 seed=[A89B4FF56754358E:2046DF71B91EEFAF]}(org.elasticsearch.common.util.concurrent.CountDownTest) finished
[2014-02-18 15:38:33,133][INFO ][test                     ] Test testConcurrent {#492 seed=[A89B4FF56754358E:E6AC6D0298C029F7]}(org.elasticsearch.common.util.concurrent.CountDownTest) started
[2014-02-18 15:38:33,136][INFO ][test                     ] Test testConcurrent {#492 seed=[A89B4FF56754358E:E6AC6D0298C029F7]}(org.elasticsearch.common.util.concurrent.CountDownTest) finished
[2014-02-18 15:38:33,136][INFO ][test                     ] Test testConcurrent {#493 seed=[A89B4FF56754358E:24D6F9821ECECC48]}(org.elasticsearch.common.util.concurrent.CountDownTest) started
[2014-02-18 15:38:33,138][INFO ][test                     ] Test testConcurrent {#493 seed=[A89B4FF56754358E:24D6F9821ECECC48]}(org.elasticsearch.common.util.concurrent.CountDownTest) finished
[2014-02-18 15:38:33,139][INFO ][test                     ] Test testConcurrent {#494 seed=[A89B4FF56754358E:35FA90689394045D]}(org.elasticsearch.common.util.concurrent.CountDownTest) started
[2014-02-18 15:38:33,141][INFO ][test                     ] Test testConcurrent {#494 seed=[A89B4FF56754358E:35FA90689394045D]}(org.elasticsearch.common.util.concurrent.CountDownTest) finished
[2014-02-18 15:38:33,141][INFO ][test                     ] Test testConcurrent {#495 seed=[A89B4FF56754358E:8A96621BA609FA5B]}(org.elasticsearch.common.util.concurrent.CountDownTest) started
[2014-02-18 15:38:33,144][INFO ][test                     ] Test testConcurrent {#495 seed=[A89B4FF56754358E:8A96621BA609FA5B]}(org.elasticsearch.common.util.concurrent.CountDownTest) finished
[2014-02-18 15:38:33,144][INFO ][test                     ] Test testConcurrent {#496 seed=[A89B4FF56754358E:4E5EDC33F6B5922E]}(org.elasticsearch.common.util.concurrent.CountDownTest) started
[2014-02-18 15:38:33,146][INFO ][test                     ] Test testConcurrent {#496 seed=[A89B4FF56754358E:4E5EDC33F6B5922E]}(org.elasticsearch.common.util.concurrent.CountDownTest) finished
[2014-02-18 15:38:33,147][INFO ][test                     ] Test testConcurrent {#497 seed=[A89B4FF56754358E:5EA953279230A52F]}(org.elasticsearch.common.util.concurrent.CountDownTest) started
[2014-02-18 15:38:33,149][INFO ][test                     ] Test testConcurrent {#497 seed=[A89B4FF56754358E:5EA953279230A52F]}(org.elasticsearch.common.util.concurrent.CountDownTest) finished
[2014-02-18 15:38:33,150][INFO ][test                     ] Test testConcurrent {#498 seed=[A89B4FF56754358E:F915E5BA31F95B90]}(org.elasticsearch.common.util.concurrent.CountDownTest) started
[2014-02-18 15:38:33,152][INFO ][test                     ] Test testConcurrent {#498 seed=[A89B4FF56754358E:F915E5BA31F95B90]}(org.elasticsearch.common.util.concurrent.CountDownTest) finished
[2014-02-18 15:38:33,152][INFO ][test                     ] Test testConcurrent {#499 seed=[A89B4FF56754358E:841EFDFAEA3291BF]}(org.elasticsearch.common.util.concurrent.CountDownTest) started
[2014-02-18 15:38:33,157][INFO ][test                     ] Test testConcurrent {#499 seed=[A89B4FF56754358E:841EFDFAEA3291BF]}(org.elasticsearch.common.util.concurrent.CountDownTest) finished
[2014-02-18 15:38:33,157][INFO ][test                     ] Test testConcurrent {#500 seed=[A89B4FF56754358E:7352F4F19F9B28D3]}(org.elasticsearch.common.util.concurrent.CountDownTest) started
[2014-02-18 15:38:33,160][INFO ][test                     ] Test testConcurrent {#500 seed=[A89B4FF56754358E:7352F4F19F9B28D3]}(org.elasticsearch.common.util.concurrent.CountDownTest) finished
[2014-02-18 15:38:33,160][INFO ][test                     ] Test testConcurrent {#501 seed=[A89B4FF56754358E:5AE8DD8584D704FA]}(org.elasticsearch.common.util.concurrent.CountDownTest) started
[2014-02-18 15:38:33,163][INFO ][test                     ] Test testConcurrent {#501 seed=[A89B4FF56754358E:5AE8DD8584D704FA]}(org.elasticsearch.common.util.concurrent.CountDownTest) finished
[2014-02-18 15:38:33,164][INFO ][test                     ] Test testConcurrent {#502 seed=[A89B4FF56754358E:C60A9E7A9415AD3C]}(org.elasticsearch.common.util.concurrent.CountDownTest) started
[2014-02-18 15:38:33,166][INFO ][test                     ] Test testConcurrent {#502 seed=[A89B4FF56754358E:C60A9E7A9415AD3C]}(org.elasticsearch.common.util.concurrent.CountDownTest) finished
[2014-02-18 15:38:33,167][INFO ][test                     ] Test testConcurrent {#503 seed=[A89B4FF56754358E:499F2B5BCC3FC4A3]}(org.elasticsearch.common.util.concurrent.CountDownTest) started
[2014-02-18 15:38:33,170][INFO ][test                     ] Test testConcurrent {#503 seed=[A89B4FF56754358E:499F2B5BCC3FC4A3]}(org.elasticsearch.common.util.concurrent.CountDownTest) finished
[2014-02-18 15:38:33,170][INFO ][test                     ] Test testConcurrent {#504 seed=[A89B4FF56754358E:EA4760744952DEA5]}(org.elasticsearch.common.util.concurrent.CountDownTest) started
[2014-02-18 15:38:33,173][INFO ][test                     ] Test testConcurrent {#504 seed=[A89B4FF56754358E:EA4760744952DEA5]}(org.elasticsearch.common.util.concurrent.CountDownTest) finished
[2014-02-18 15:38:33,174][INFO ][test                     ] Test testConcurrent {#505 seed=[A89B4FF56754358E:5B5ED84DCF7A3862]}(org.elasticsearch.common.util.concurrent.CountDownTest) started
[2014-02-18 15:38:33,177][INFO ][test                     ] Test testConcurrent {#505 seed=[A89B4FF56754358E:5B5ED84DCF7A3862]}(org.elasticsearch.common.util.concurrent.CountDownTest) finished
[2014-02-18 15:38:33,177][INFO ][test                     ] Test testConcurrent {#506 seed=[A89B4FF56754358E:7FDC02C5A0B55307]}(org.elasticsearch.common.util.concurrent.CountDownTest) started
[2014-02-18 15:38:33,180][INFO ][test                     ] Test testConcurrent {#506 seed=[A89B4FF56754358E:7FDC02C5A0B55307]}(org.elasticsearch.common.util.concurrent.CountDownTest) finished
[2014-02-18 15:38:33,180][INFO ][test                     ] Test testConcurrent {#507 seed=[A89B4FF56754358E:56750C830EF2607B]}(org.elasticsearch.common.util.concurrent.CountDownTest) started
[2014-02-18 15:38:33,183][INFO ][test                     ] Test testConcurrent {#507 seed=[A89B4FF56754358E:56750C830EF2607B]}(org.elasticsearch.common.util.concurrent.CountDownTest) finished
[2014-02-18 15:38:33,183][INFO ][test                     ] Test testConcurrent {#508 seed=[A89B4FF56754358E:5DD358875880A530]}(org.elasticsearch.common.util.concurrent.CountDownTest) started
[2014-02-18 15:38:33,186][INFO ][test                     ] Test testConcurrent {#508 seed=[A89B4FF56754358E:5DD358875880A530]}(org.elasticsearch.common.util.concurrent.CountDownTest) finished
[2014-02-18 15:38:33,187][INFO ][test                     ] Test testConcurrent {#509 seed=[A89B4FF56754358E:537A01FE55946FBF]}(org.elasticsearch.common.util.concurrent.CountDownTest) started
[2014-02-18 15:38:33,189][INFO ][test                     ] Test testConcurrent {#509 seed=[A89B4FF56754358E:537A01FE55946FBF]}(org.elasticsearch.common.util.concurrent.CountDownTest) finished
[2014-02-18 15:38:33,190][INFO ][test                     ] Test testConcurrent {#510 seed=[A89B4FF56754358E:60273FA5965703CB]}(org.elasticsearch.common.util.concurrent.CountDownTest) started
[2014-02-18 15:38:33,192][INFO ][test                     ] Test testConcurrent {#510 seed=[A89B4FF56754358E:60273FA5965703CB]}(org.elasticsearch.common.util.concurrent.CountDownTest) finished
[2014-02-18 15:38:33,193][INFO ][test                     ] Test testConcurrent {#511 seed=[A89B4FF56754358E:AC518FABC9C2A5B3]}(org.elasticsearch.common.util.concurrent.CountDownTest) started
[2014-02-18 15:38:33,195][INFO ][test                     ] Test testConcurrent {#511 seed=[A89B4FF56754358E:AC518FABC9C2A5B3]}(org.elasticsearch.common.util.concurrent.CountDownTest) finished
[2014-02-18 15:38:33,196][INFO ][test                     ] Test testConcurrent {#512 seed=[A89B4FF56754358E:F8AEFD0A7FCEFC02]}(org.elasticsearch.common.util.concurrent.CountDownTest) started
[2014-02-18 15:38:33,198][INFO ][test                     ] Test testConcurrent {#512 seed=[A89B4FF56754358E:F8AEFD0A7FCEFC02]}(org.elasticsearch.common.util.concurrent.CountDownTest) finished
[2014-02-18 15:38:33,199][INFO ][test                     ] Test testConcurrent {#513 seed=[A89B4FF56754358E:1A6BCFB4A9B8251]}(org.elasticsearch.common.util.concurrent.CountDownTest) started
[2014-02-18 15:38:33,202][INFO ][test                     ] Test testConcurrent {#513 seed=[A89B4FF56754358E:1A6BCFB4A9B8251]}(org.elasticsearch.common.util.concurrent.CountDownTest) finished
[2014-02-18 15:38:33,202][INFO ][test                     ] Test testConcurrent {#514 seed=[A89B4FF56754358E:8DEBF5DF01EC4972]}(org.elasticsearch.common.util.concurrent.CountDownTest) started
[2014-02-18 15:38:33,205][INFO ][test                     ] Test testConcurrent {#514 seed=[A89B4FF56754358E:8DEBF5DF01EC4972]}(org.elasticsearch.common.util.concurrent.CountDownTest) finished
[2014-02-18 15:38:33,206][INFO ][test                     ] Test testConcurrent {#515 seed=[A89B4FF56754358E:7292EF27E863D0A1]}(org.elasticsearch.common.util.concurrent.CountDownTest) started
[2014-02-18 15:38:33,208][INFO ][test                     ] Test testConcurrent {#515 seed=[A89B4FF56754358E:7292EF27E863D0A1]}(org.elasticsearch.common.util.concurrent.CountDownTest) finished
[2014-02-18 15:38:33,209][INFO ][test                     ] Test testConcurrent {#516 seed=[A89B4FF56754358E:B4AB0AC88078A8FF]}(org.elasticsearch.common.util.concurrent.CountDownTest) started
[2014-02-18 15:38:33,212][INFO ][test                     ] Test testConcurrent {#516 seed=[A89B4FF56754358E:B4AB0AC88078A8FF]}(org.elasticsearch.common.util.concurrent.CountDownTest) finished
[2014-02-18 15:38:33,213][INFO ][test                     ] Test testConcurrent {#517 seed=[A89B4FF56754358E:A1250CA36701A019]}(org.elasticsearch.common.util.concurrent.CountDownTest) started
[2014-02-18 15:38:33,215][INFO ][test                     ] Test testConcurrent {#517 seed=[A89B4FF56754358E:A1250CA36701A019]}(org.elasticsearch.common.util.concurrent.CountDownTest) finished
[2014-02-18 15:38:33,216][INFO ][test                     ] Test testConcurrent {#518 seed=[A89B4FF56754358E:3B70C7FF1E6AAD0E]}(org.elasticsearch.common.util.concurrent.CountDownTest) started
[2014-02-18 15:38:33,218][INFO ][test                     ] Test testConcurrent {#518 seed=[A89B4FF56754358E:3B70C7FF1E6AAD0E]}(org.elasticsearch.common.util.concurrent.CountDownTest) finished
[2014-02-18 15:38:33,219][INFO ][test                     ] Test testConcurrent {#519 seed=[A89B4FF56754358E:58B784C29B31123F]}(org.elasticsearch.common.util.concurrent.CountDownTest) started
[2014-02-18 15:38:33,222][INFO ][test                     ] Test testConcurrent {#519 seed=[A89B4FF56754358E:58B784C29B31123F]}(org.elasticsearch.common.util.concurrent.CountDownTest) finished
[2014-02-18 15:38:33,223][INFO ][test                     ] Test testConcurrent {#520 seed=[A89B4FF56754358E:C16EAB85206C746D]}(org.elasticsearch.common.util.concurrent.CountDownTest) started
[2014-02-18 15:38:33,226][INFO ][test                     ] Test testConcurrent {#520 seed=[A89B4FF56754358E:C16EAB85206C746D]}(org.elasticsearch.common.util.concurrent.CountDownTest) finished
[2014-02-18 15:38:33,226][INFO ][test                     ] Test testConcurrent {#521 seed=[A89B4FF56754358E:AC78F783F8031F75]}(org.elasticsearch.common.util.concurrent.CountDownTest) started
[2014-02-18 15:38:33,229][INFO ][test                     ] Test testConcurrent {#521 seed=[A89B4FF56754358E:AC78F783F8031F75]}(org.elasticsearch.common.util.concurrent.CountDownTest) finished
[2014-02-18 15:38:33,230][INFO ][test                     ] Test testConcurrent {#522 seed=[A89B4FF56754358E:259266D33974356B]}(org.elasticsearch.common.util.concurrent.CountDownTest) started
[2014-02-18 15:38:33,232][INFO ][test                     ] Test testConcurrent {#522 seed=[A89B4FF56754358E:259266D33974356B]}(org.elasticsearch.common.util.concurrent.CountDownTest) finished
[2014-02-18 15:38:33,233][INFO ][test                     ] Test testConcurrent {#523 seed=[A89B4FF56754358E:FD2DFD04C258149F]}(org.elasticsearch.common.util.concurrent.CountDownTest) started
[2014-02-18 15:38:33,235][INFO ][test                     ] Test testConcurrent {#523 seed=[A89B4FF56754358E:FD2DFD04C258149F]}(org.elasticsearch.common.util.concurrent.CountDownTest) finished
[2014-02-18 15:38:33,235][INFO ][test                     ] Test testConcurrent {#524 seed=[A89B4FF56754358E:2BC81E5ACB5C4C5D]}(org.elasticsearch.common.util.concurrent.CountDownTest) started
[2014-02-18 15:38:33,238][INFO ][test                     ] Test testConcurrent {#524 seed=[A89B4FF56754358E:2BC81E5ACB5C4C5D]}(org.elasticsearch.common.util.concurrent.CountDownTest) finished
[2014-02-18 15:38:33,238][INFO ][test                     ] Test testConcurrent {#525 seed=[A89B4FF56754358E:BD5429F489D0B679]}(org.elasticsearch.common.util.concurrent.CountDownTest) started
[2014-02-18 15:38:33,240][INFO ][test                     ] Test testConcurrent {#525 seed=[A89B4FF56754358E:BD5429F489D0B679]}(org.elasticsearch.common.util.concurrent.CountDownTest) finished
[2014-02-18 15:38:33,241][INFO ][test                     ] Test testConcurrent {#526 seed=[A89B4FF56754358E:28D7217C738E7FA8]}(org.elasticsearch.common.util.concurrent.CountDownTest) started
[2014-02-18 15:38:33,243][INFO ][test                     ] Test testConcurrent {#526 seed=[A89B4FF56754358E:28D7217C738E7FA8]}(org.elasticsearch.common.util.concurrent.CountDownTest) finished
[2014-02-18 15:38:33,243][INFO ][test                     ] Test testConcurrent {#527 seed=[A89B4FF56754358E:4851928F1823DB2E]}(org.elasticsearch.common.util.concurrent.CountDownTest) started
[2014-02-18 15:38:33,246][INFO ][test                     ] Test testConcurrent {#527 seed=[A89B4FF56754358E:4851928F1823DB2E]}(org.elasticsearch.common.util.concurrent.CountDownTest) finished
[2014-02-18 15:38:33,246][INFO ][test                     ] Test testConcurrent {#528 seed=[A89B4FF56754358E:12B72360EB1BA4D4]}(org.elasticsearch.common.util.concurrent.CountDownTest) started
[2014-02-18 15:38:33,248][INFO ][test                     ] Test testConcurrent {#528 seed=[A89B4FF56754358E:12B72360EB1BA4D4]}(org.elasticsearch.common.util.concurrent.CountDownTest) finished
[2014-02-18 15:38:33,249][INFO ][test                     ] Test testConcurrent {#529 seed=[A89B4FF56754358E:89036EF94A5ECEB3]}(org.elasticsearch.common.util.concurrent.CountDownTest) started
[2014-02-18 15:38:33,251][INFO ][test                     ] Test testConcurrent {#529 seed=[A89B4FF56754358E:89036EF94A5ECEB3]}(org.elasticsearch.common.util.concurrent.CountDownTest) finished
[2014-02-18 15:38:33,252][INFO ][test                     ] Test testConcurrent {#530 seed=[A89B4FF56754358E:C6631C05B33029A]}(org.elasticsearch.common.util.concurrent.CountDownTest) started
[2014-02-18 15:38:33,254][INFO ][test                     ] Test testConcurrent {#530 seed=[A89B4FF56754358E:C6631C05B33029A]}(org.elasticsearch.common.util.concurrent.CountDownTest) finished
[2014-02-18 15:38:33,254][INFO ][test                     ] Test testConcurrent {#531 seed=[A89B4FF56754358E:95478B4FD5D00CF2]}(org.elasticsearch.common.util.concurrent.CountDownTest) started
[2014-02-18 15:38:33,257][INFO ][test                     ] Test testConcurrent {#531 seed=[A89B4FF56754358E:95478B4FD5D00CF2]}(org.elasticsearch.common.util.concurrent.CountDownTest) finished
[2014-02-18 15:38:33,257][INFO ][test                     ] Test testConcurrent {#532 seed=[A89B4FF56754358E:F9193DE2A4982329]}(org.elasticsearch.common.util.concurrent.CountDownTest) started
[2014-02-18 15:38:33,259][INFO ][test                     ] Test testConcurrent {#532 seed=[A89B4FF56754358E:F9193DE2A4982329]}(org.elasticsearch.common.util.concurrent.CountDownTest) finished
[2014-02-18 15:38:33,260][INFO ][test                     ] Test testConcurrent {#533 seed=[A89B4FF56754358E:34D3ACDAD3F75EA6]}(org.elasticsearch.common.util.concurrent.CountDownTest) started
[2014-02-18 15:38:33,263][INFO ][test                     ] Test testConcurrent {#533 seed=[A89B4FF56754358E:34D3ACDAD3F75EA6]}(org.elasticsearch.common.util.concurrent.CountDownTest) finished
[2014-02-18 15:38:33,263][INFO ][test                     ] Test testConcurrent {#534 seed=[A89B4FF56754358E:AE63111F8A184BC1]}(org.elasticsearch.common.util.concurrent.CountDownTest) started
[2014-02-18 15:38:33,266][INFO ][test                     ] Test testConcurrent {#534 seed=[A89B4FF56754358E:AE63111F8A184BC1]}(org.elasticsearch.common.util.concurrent.CountDownTest) finished
[2014-02-18 15:38:33,267][INFO ][test                     ] Test testConcurrent {#535 seed=[A89B4FF56754358E:DA7C1E3B20D6241C]}(org.elasticsearch.common.util.concurrent.CountDownTest) started
[2014-02-18 15:38:33,269][INFO ][test                     ] Test testConcurrent {#535 seed=[A89B4FF56754358E:DA7C1E3B20D6241C]}(org.elasticsearch.common.util.concurrent.CountDownTest) finished
[2014-02-18 15:38:33,270][INFO ][test                     ] Test testConcurrent {#536 seed=[A89B4FF56754358E:876B88DD0373F8E2]}(org.elasticsearch.common.util.concurrent.CountDownTest) started
[2014-02-18 15:38:33,273][INFO ][test                     ] Test testConcurrent {#536 seed=[A89B4FF56754358E:876B88DD0373F8E2]}(org.elasticsearch.common.util.concurrent.CountDownTest) finished
[2014-02-18 15:38:33,273][INFO ][test                     ] Test testConcurrent {#537 seed=[A89B4FF56754358E:99DC3C2599B4C045]}(org.elasticsearch.common.util.concurrent.CountDownTest) started
[2014-02-18 15:38:33,276][INFO ][test                     ] Test testConcurrent {#537 seed=[A89B4FF56754358E:99DC3C2599B4C045]}(org.elasticsearch.common.util.concurrent.CountDownTest) finished
[2014-02-18 15:38:33,276][INFO ][test                     ] Test testConcurrent {#538 seed=[A89B4FF56754358E:E93A940EE7B545D5]}(org.elasticsearch.common.util.concurrent.CountDownTest) started
[2014-02-18 15:38:33,279][INFO ][test                     ] Test testConcurrent {#538 seed=[A89B4FF56754358E:E93A940EE7B545D5]}(org.elasticsearch.common.util.concurrent.CountDownTest) finished
[2014-02-18 15:38:33,279][INFO ][test                     ] Test testConcurrent {#539 seed=[A89B4FF56754358E:B1D81289211B2389]}(org.elasticsearch.common.util.concurrent.CountDownTest) started
[2014-02-18 15:38:33,282][INFO ][test                     ] Test testConcurrent {#539 seed=[A89B4FF56754358E:B1D81289211B2389]}(org.elasticsearch.common.util.concurrent.CountDownTest) finished
[2014-02-18 15:38:33,282][INFO ][test                     ] Test testConcurrent {#540 seed=[A89B4FF56754358E:C68FD5622BAB2591]}(org.elasticsearch.common.util.concurrent.CountDownTest) started
[2014-02-18 15:38:33,284][INFO ][test                     ] Test testConcurrent {#540 seed=[A89B4FF56754358E:C68FD5622BAB2591]}(org.elasticsearch.common.util.concurrent.CountDownTest) finished
[2014-02-18 15:38:33,285][INFO ][test                     ] Test testConcurrent {#541 seed=[A89B4FF56754358E:D2CAA53B786974CE]}(org.elasticsearch.common.util.concurrent.CountDownTest) started
[2014-02-18 15:38:33,288][INFO ][test                     ] Test testConcurrent {#541 seed=[A89B4FF56754358E:D2CAA53B786974CE]}(org.elasticsearch.common.util.concurrent.CountDownTest) finished
[2014-02-18 15:38:33,288][INFO ][test                     ] Test testConcurrent {#542 seed=[A89B4FF56754358E:AE31B5B301F7D3DF]}(org.elasticsearch.common.util.concurrent.CountDownTest) started
[2014-02-18 15:38:33,291][INFO ][test                     ] Test testConcurrent {#542 seed=[A89B4FF56754358E:AE31B5B301F7D3DF]}(org.elasticsearch.common.util.concurrent.CountDownTest) finished
[2014-02-18 15:38:33,292][INFO ][test                     ] Test testConcurrent {#543 seed=[A89B4FF56754358E:A3398CCB49BEE4DC]}(org.elasticsearch.common.util.concurrent.CountDownTest) started
[2014-02-18 15:38:33,294][INFO ][test                     ] Test testConcurrent {#543 seed=[A89B4FF56754358E:A3398CCB49BEE4DC]}(org.elasticsearch.common.util.concurrent.CountDownTest) finished
[2014-02-18 15:38:33,295][INFO ][test                     ] Test testConcurrent {#544 seed=[A89B4FF56754358E:31E2D1867627B1B7]}(org.elasticsearch.common.util.concurrent.CountDownTest) started
[2014-02-18 15:38:33,298][INFO ][test                     ] Test testConcurrent {#544 seed=[A89B4FF56754358E:31E2D1867627B1B7]}(org.elasticsearch.common.util.concurrent.CountDownTest) finished
[2014-02-18 15:38:33,298][INFO ][test                     ] Test testConcurrent {#545 seed=[A89B4FF56754358E:731950101C45D177]}(org.elasticsearch.common.util.concurrent.CountDownTest) started
[2014-02-18 15:38:33,302][INFO ][test                     ] Test testConcurrent {#545 seed=[A89B4FF56754358E:731950101C45D177]}(org.elasticsearch.common.util.concurrent.CountDownTest) finished
[2014-02-18 15:38:33,303][INFO ][test                     ] Test testConcurrent {#546 seed=[A89B4FF56754358E:5FB250AC01BB3DDC]}(org.elasticsearch.common.util.concurrent.CountDownTest) started
[2014-02-18 15:38:33,306][INFO ][test                     ] Test testConcurrent {#546 seed=[A89B4FF56754358E:5FB250AC01BB3DDC]}(org.elasticsearch.common.util.concurrent.CountDownTest) finished
[2014-02-18 15:38:33,306][INFO ][test                     ] Test testConcurrent {#547 seed=[A89B4FF56754358E:FC59FAC25867853]}(org.elasticsearch.common.util.concurrent.CountDownTest) started
[2014-02-18 15:38:33,309][INFO ][test                     ] Test testConcurrent {#547 seed=[A89B4FF56754358E:FC59FAC25867853]}(org.elasticsearch.common.util.concurrent.CountDownTest) finished
[2014-02-18 15:38:33,309][INFO ][test                     ] Test testConcurrent {#548 seed=[A89B4FF56754358E:272F7E74ACC00BB2]}(org.elasticsearch.common.util.concurrent.CountDownTest) started
[2014-02-18 15:38:33,312][INFO ][test                     ] Test testConcurrent {#548 seed=[A89B4FF56754358E:272F7E74ACC00BB2]}(org.elasticsearch.common.util.concurrent.CountDownTest) finished
[2014-02-18 15:38:33,312][INFO ][test                     ] Test testConcurrent {#549 seed=[A89B4FF56754358E:A2DE2CC55020BCE0]}(org.elasticsearch.common.util.concurrent.CountDownTest) started
[2014-02-18 15:38:33,314][INFO ][test                     ] Test testConcurrent {#549 seed=[A89B4FF56754358E:A2DE2CC55020BCE0]}(org.elasticsearch.common.util.concurrent.CountDownTest) finished
[2014-02-18 15:38:33,315][INFO ][test                     ] Test testConcurrent {#550 seed=[A89B4FF56754358E:43D200F162EF7B0]}(org.elasticsearch.common.util.concurrent.CountDownTest) started
[2014-02-18 15:38:33,318][INFO ][test                     ] Test testConcurrent {#550 seed=[A89B4FF56754358E:43D200F162EF7B0]}(org.elasticsearch.common.util.concurrent.CountDownTest) finished
[2014-02-18 15:38:33,318][INFO ][test                     ] Test testConcurrent {#551 seed=[A89B4FF56754358E:72D84C41A14EC79C]}(org.elasticsearch.common.util.concurrent.CountDownTest) started
[2014-02-18 15:38:33,321][INFO ][test                     ] Test testConcurrent {#551 seed=[A89B4FF56754358E:72D84C41A14EC79C]}(org.elasticsearch.common.util.concurrent.CountDownTest) finished
[2014-02-18 15:38:33,321][INFO ][test                     ] Test testConcurrent {#552 seed=[A89B4FF56754358E:5F5721C2B7212088]}(org.elasticsearch.common.util.concurrent.CountDownTest) started
[2014-02-18 15:38:33,324][INFO ][test                     ] Test testConcurrent {#552 seed=[A89B4FF56754358E:5F5721C2B7212088]}(org.elasticsearch.common.util.concurrent.CountDownTest) finished
[2014-02-18 15:38:33,324][INFO ][test                     ] Test testConcurrent {#553 seed=[A89B4FF56754358E:22458F0C17808F10]}(org.elasticsearch.common.util.concurrent.CountDownTest) started
[2014-02-18 15:38:33,327][INFO ][test                     ] Test testConcurrent {#553 seed=[A89B4FF56754358E:22458F0C17808F10]}(org.elasticsearch.common.util.concurrent.CountDownTest) finished
[2014-02-18 15:38:33,328][INFO ][test                     ] Test testConcurrent {#554 seed=[A89B4FF56754358E:921F57EEF71997F4]}(org.elasticsearch.common.util.concurrent.CountDownTest) started
[2014-02-18 15:38:33,331][INFO ][test                     ] Test testConcurrent {#554 seed=[A89B4FF56754358E:921F57EEF71997F4]}(org.elasticsearch.common.util.concurrent.CountDownTest) finished
[2014-02-18 15:38:33,332][INFO ][test                     ] Test testConcurrent {#555 seed=[A89B4FF56754358E:6F6CA0EEEF85F187]}(org.elasticsearch.common.util.concurrent.CountDownTest) started
[2014-02-18 15:38:33,335][INFO ][test                     ] Test testConcurrent {#555 seed=[A89B4FF56754358E:6F6CA0EEEF85F187]}(org.elasticsearch.common.util.concurrent.CountDownTest) finished
[2014-02-18 15:38:33,336][INFO ][test                     ] Test testConcurrent {#556 seed=[A89B4FF56754358E:971174671BFD8166]}(org.elasticsearch.common.util.concurrent.CountDownTest) started
[2014-02-18 15:38:33,339][INFO ][test                     ] Test testConcurrent {#556 seed=[A89B4FF56754358E:971174671BFD8166]}(org.elasticsearch.common.util.concurrent.CountDownTest) finished
[2014-02-18 15:38:33,339][INFO ][test                     ] Test testConcurrent {#557 seed=[A89B4FF56754358E:E96FBFD871E2CF16]}(org.elasticsearch.common.util.concurrent.CountDownTest) started
[2014-02-18 15:38:33,342][INFO ][test                     ] Test testConcurrent {#557 seed=[A89B4FF56754358E:E96FBFD871E2CF16]}(org.elasticsearch.common.util.concurrent.CountDownTest) finished
[2014-02-18 15:38:33,343][INFO ][test                     ] Test testConcurrent {#558 seed=[A89B4FF56754358E:30BCDE68898E7F7B]}(org.elasticsearch.common.util.concurrent.CountDownTest) started
[2014-02-18 15:38:33,346][INFO ][test                     ] Test testConcurrent {#558 seed=[A89B4FF56754358E:30BCDE68898E7F7B]}(org.elasticsearch.common.util.concurrent.CountDownTest) finished
[2014-02-18 15:38:33,347][INFO ][test                     ] Test testConcurrent {#559 seed=[A89B4FF56754358E:35320A263FF5E7D7]}(org.elasticsearch.common.util.concurrent.CountDownTest) started
[2014-02-18 15:38:33,351][INFO ][test                     ] Test testConcurrent {#559 seed=[A89B4FF56754358E:35320A263FF5E7D7]}(org.elasticsearch.common.util.concurrent.CountDownTest) finished
[2014-02-18 15:38:33,351][INFO ][test                     ] Test testConcurrent {#560 seed=[A89B4FF56754358E:16D5521ADABBA9DC]}(org.elasticsearch.common.util.concurrent.CountDownTest) started
[2014-02-18 15:38:33,355][INFO ][test                     ] Test testConcurrent {#560 seed=[A89B4FF56754358E:16D5521ADABBA9DC]}(org.elasticsearch.common.util.concurrent.CountDownTest) finished
[2014-02-18 15:38:33,355][INFO ][test                     ] Test testConcurrent {#561 seed=[A89B4FF56754358E:3159FB64C9A7387C]}(org.elasticsearch.common.util.concurrent.CountDownTest) started
[2014-02-18 15:38:33,357][INFO ][test                     ] Test testConcurrent {#561 seed=[A89B4FF56754358E:3159FB64C9A7387C]}(org.elasticsearch.common.util.concurrent.CountDownTest) finished
[2014-02-18 15:38:33,358][INFO ][test                     ] Test testConcurrent {#562 seed=[A89B4FF56754358E:C2562E37B98622A0]}(org.elasticsearch.common.util.concurrent.CountDownTest) started
[2014-02-18 15:38:33,361][INFO ][test                     ] Test testConcurrent {#562 seed=[A89B4FF56754358E:C2562E37B98622A0]}(org.elasticsearch.common.util.concurrent.CountDownTest) finished
[2014-02-18 15:38:33,361][INFO ][test                     ] Test testConcurrent {#563 seed=[A89B4FF56754358E:7BAE2593F1AE16B1]}(org.elasticsearch.common.util.concurrent.CountDownTest) started
[2014-02-18 15:38:33,364][INFO ][test                     ] Test testConcurrent {#563 seed=[A89B4FF56754358E:7BAE2593F1AE16B1]}(org.elasticsearch.common.util.concurrent.CountDownTest) finished
[2014-02-18 15:38:33,365][INFO ][test                     ] Test testConcurrent {#564 seed=[A89B4FF56754358E:88FB0043219A005C]}(org.elasticsearch.common.util.concurrent.CountDownTest) started
[2014-02-18 15:38:33,368][INFO ][test                     ] Test testConcurrent {#564 seed=[A89B4FF56754358E:88FB0043219A005C]}(org.elasticsearch.common.util.concurrent.CountDownTest) finished
[2014-02-18 15:38:33,369][INFO ][test                     ] Test testConcurrent {#565 seed=[A89B4FF56754358E:34042639AAAA7A4E]}(org.elasticsearch.common.util.concurrent.CountDownTest) started
[2014-02-18 15:38:33,372][INFO ][test                     ] Test testConcurrent {#565 seed=[A89B4FF56754358E:34042639AAAA7A4E]}(org.elasticsearch.common.util.concurrent.CountDownTest) finished
[2014-02-18 15:38:33,372][INFO ][test                     ] Test testConcurrent {#566 seed=[A89B4FF56754358E:58C65CE2B11A0096]}(org.elasticsearch.common.util.concurrent.CountDownTest) started
[2014-02-18 15:38:33,376][INFO ][test                     ] Test testConcurrent {#566 seed=[A89B4FF56754358E:58C65CE2B11A0096]}(org.elasticsearch.common.util.concurrent.CountDownTest) finished
[2014-02-18 15:38:33,376][INFO ][test                     ] Test testConcurrent {#567 seed=[A89B4FF56754358E:ACA267E95B5F9C58]}(org.elasticsearch.common.util.concurrent.CountDownTest) started
[2014-02-18 15:38:33,379][INFO ][test                     ] Test testConcurrent {#567 seed=[A89B4FF56754358E:ACA267E95B5F9C58]}(org.elasticsearch.common.util.concurrent.CountDownTest) finished
[2014-02-18 15:38:33,380][INFO ][test                     ] Test testConcurrent {#568 seed=[A89B4FF56754358E:542EC73CE396D327]}(org.elasticsearch.common.util.concurrent.CountDownTest) started
[2014-02-18 15:38:33,383][INFO ][test                     ] Test testConcurrent {#568 seed=[A89B4FF56754358E:542EC73CE396D327]}(org.elasticsearch.common.util.concurrent.CountDownTest) finished
[2014-02-18 15:38:33,384][INFO ][test                     ] Test testConcurrent {#569 seed=[A89B4FF56754358E:FAA342399713385A]}(org.elasticsearch.common.util.concurrent.CountDownTest) started
[2014-02-18 15:38:33,386][INFO ][test                     ] Test testConcurrent {#569 seed=[A89B4FF56754358E:FAA342399713385A]}(org.elasticsearch.common.util.concurrent.CountDownTest) finished
[2014-02-18 15:38:33,387][INFO ][test                     ] Test testConcurrent {#570 seed=[A89B4FF56754358E:427D0320D27AD643]}(org.elasticsearch.common.util.concurrent.CountDownTest) started
[2014-02-18 15:38:33,390][INFO ][test                     ] Test testConcurrent {#570 seed=[A89B4FF56754358E:427D0320D27AD643]}(org.elasticsearch.common.util.concurrent.CountDownTest) finished
[2014-02-18 15:38:33,390][INFO ][test                     ] Test testConcurrent {#571 seed=[A89B4FF56754358E:E0088ED63EE77C6B]}(org.elasticsearch.common.util.concurrent.CountDownTest) started
[2014-02-18 15:38:33,393][INFO ][test                     ] Test testConcurrent {#571 seed=[A89B4FF56754358E:E0088ED63EE77C6B]}(org.elasticsearch.common.util.concurrent.CountDownTest) finished
[2014-02-18 15:38:33,394][INFO ][test                     ] Test testConcurrent {#572 seed=[A89B4FF56754358E:A4EF13D39FB5E46C]}(org.elasticsearch.common.util.concurrent.CountDownTest) started
[2014-02-18 15:38:33,397][INFO ][test                     ] Test testConcurrent {#572 seed=[A89B4FF56754358E:A4EF13D39FB5E46C]}(org.elasticsearch.common.util.concurrent.CountDownTest) finished
[2014-02-18 15:38:33,397][INFO ][test                     ] Test testConcurrent {#573 seed=[A89B4FF56754358E:C5AADB8C812A81CC]}(org.elasticsearch.common.util.concurrent.CountDownTest) started
[2014-02-18 15:38:33,400][INFO ][test                     ] Test testConcurrent {#573 seed=[A89B4FF56754358E:C5AADB8C812A81CC]}(org.elasticsearch.common.util.concurrent.CountDownTest) finished
[2014-02-18 15:38:33,401][INFO ][test                     ] Test testConcurrent {#574 seed=[A89B4FF56754358E:9FBCB0FD49A8A381]}(org.elasticsearch.common.util.concurrent.CountDownTest) started
[2014-02-18 15:38:33,404][INFO ][test                     ] Test testConcurrent {#574 seed=[A89B4FF56754358E:9FBCB0FD49A8A381]}(org.elasticsearch.common.util.concurrent.CountDownTest) finished
[2014-02-18 15:38:33,404][INFO ][test                     ] Test testConcurrent {#575 seed=[A89B4FF56754358E:B8CA62F7405C874F]}(org.elasticsearch.common.util.concurrent.CountDownTest) started
[2014-02-18 15:38:33,409][INFO ][test                     ] Test testConcurrent {#575 seed=[A89B4FF56754358E:B8CA62F7405C874F]}(org.elasticsearch.common.util.concurrent.CountDownTest) finished
[2014-02-18 15:38:33,409][INFO ][test                     ] Test testConcurrent {#576 seed=[A89B4FF56754358E:2744053ABA84D7BC]}(org.elasticsearch.common.util.concurrent.CountDownTest) started
[2014-02-18 15:38:33,412][INFO ][test                     ] Test testConcurrent {#576 seed=[A89B4FF56754358E:2744053ABA84D7BC]}(org.elasticsearch.common.util.concurrent.CountDownTest) finished
[2014-02-18 15:38:33,413][INFO ][test                     ] Test testConcurrent {#577 seed=[A89B4FF56754358E:A3FCD4EC3887AC27]}(org.elasticsearch.common.util.concurrent.CountDownTest) started
[2014-02-18 15:38:33,416][INFO ][test                     ] Test testConcurrent {#577 seed=[A89B4FF56754358E:A3FCD4EC3887AC27]}(org.elasticsearch.common.util.concurrent.CountDownTest) finished
[2014-02-18 15:38:33,417][INFO ][test                     ] Test testConcurrent {#578 seed=[A89B4FF56754358E:C2A52F9AB7D73955]}(org.elasticsearch.common.util.concurrent.CountDownTest) started
[2014-02-18 15:38:33,420][INFO ][test                     ] Test testConcurrent {#578 seed=[A89B4FF56754358E:C2A52F9AB7D73955]}(org.elasticsearch.common.util.concurrent.CountDownTest) finished
[2014-02-18 15:38:33,420][INFO ][test                     ] Test testConcurrent {#579 seed=[A89B4FF56754358E:441C623200F095A2]}(org.elasticsearch.common.util.concurrent.CountDownTest) started
[2014-02-18 15:38:33,423][INFO ][test                     ] Test testConcurrent {#579 seed=[A89B4FF56754358E:441C623200F095A2]}(org.elasticsearch.common.util.concurrent.CountDownTest) finished
[2014-02-18 15:38:33,423][INFO ][test                     ] Test testConcurrent {#580 seed=[A89B4FF56754358E:59F995EA4931AD5]}(org.elasticsearch.common.util.concurrent.CountDownTest) started
[2014-02-18 15:38:33,426][INFO ][test                     ] Test testConcurrent {#580 seed=[A89B4FF56754358E:59F995EA4931AD5]}(org.elasticsearch.common.util.concurrent.CountDownTest) finished
[2014-02-18 15:38:33,427][INFO ][test                     ] Test testConcurrent {#581 seed=[A89B4FF56754358E:8CE4DF7E7BD12B6A]}(org.elasticsearch.common.util.concurrent.CountDownTest) started
[2014-02-18 15:38:33,429][INFO ][test                     ] Test testConcurrent {#581 seed=[A89B4FF56754358E:8CE4DF7E7BD12B6A]}(org.elasticsearch.common.util.concurrent.CountDownTest) finished
[2014-02-18 15:38:33,430][INFO ][test                     ] Test testConcurrent {#582 seed=[A89B4FF56754358E:A9EE593C7586F1FA]}(org.elasticsearch.common.util.concurrent.CountDownTest) started
[2014-02-18 15:38:33,433][INFO ][test                     ] Test testConcurrent {#582 seed=[A89B4FF56754358E:A9EE593C7586F1FA]}(org.elasticsearch.common.util.concurrent.CountDownTest) finished
[2014-02-18 15:38:33,434][INFO ][test                     ] Test testConcurrent {#583 seed=[A89B4FF56754358E:F5849D3ECD15A8D0]}(org.elasticsearch.common.util.concurrent.CountDownTest) started
[2014-02-18 15:38:33,437][INFO ][test                     ] Test testConcurrent {#583 seed=[A89B4FF56754358E:F5849D3ECD15A8D0]}(org.elasticsearch.common.util.concurrent.CountDownTest) finished
[2014-02-18 15:38:33,437][INFO ][test                     ] Test testConcurrent {#584 seed=[A89B4FF56754358E:A31F634F627D58B1]}(org.elasticsearch.common.util.concurrent.CountDownTest) started
[2014-02-18 15:38:33,440][INFO ][test                     ] Test testConcurrent {#584 seed=[A89B4FF56754358E:A31F634F627D58B1]}(org.elasticsearch.common.util.concurrent.CountDownTest) finished
[2014-02-18 15:38:33,441][INFO ][test                     ] Test testConcurrent {#585 seed=[A89B4FF56754358E:9DCB7667710271DA]}(org.elasticsearch.common.util.concurrent.CountDownTest) started
[2014-02-18 15:38:33,444][INFO ][test                     ] Test testConcurrent {#585 seed=[A89B4FF56754358E:9DCB7667710271DA]}(org.elasticsearch.common.util.concurrent.CountDownTest) finished
[2014-02-18 15:38:33,444][INFO ][test                     ] Test testConcurrent {#586 seed=[A89B4FF56754358E:2D2CE265B3323042]}(org.elasticsearch.common.util.concurrent.CountDownTest) started
[2014-02-18 15:38:33,447][INFO ][test                     ] Test testConcurrent {#586 seed=[A89B4FF56754358E:2D2CE265B3323042]}(org.elasticsearch.common.util.concurrent.CountDownTest) finished
[2014-02-18 15:38:33,448][INFO ][test                     ] Test testConcurrent {#587 seed=[A89B4FF56754358E:E525E32B9F57E096]}(org.elasticsearch.common.util.concurrent.CountDownTest) started
[2014-02-18 15:38:33,450][INFO ][test                     ] Test testConcurrent {#587 seed=[A89B4FF56754358E:E525E32B9F57E096]}(org.elasticsearch.common.util.concurrent.CountDownTest) finished
[2014-02-18 15:38:33,451][INFO ][test                     ] Test testConcurrent {#588 seed=[A89B4FF56754358E:485646F61CF61779]}(org.elasticsearch.common.util.concurrent.CountDownTest) started
[2014-02-18 15:38:33,453][INFO ][test                     ] Test testConcurrent {#588 seed=[A89B4FF56754358E:485646F61CF61779]}(org.elasticsearch.common.util.concurrent.CountDownTest) finished
[2014-02-18 15:38:33,454][INFO ][test                     ] Test testConcurrent {#589 seed=[A89B4FF56754358E:EA28C8868D3DE28E]}(org.elasticsearch.common.util.concurrent.CountDownTest) started
[2014-02-18 15:38:33,457][INFO ][test                     ] Test testConcurrent {#589 seed=[A89B4FF56754358E:EA28C8868D3DE28E]}(org.elasticsearch.common.util.concurrent.CountDownTest) finished
[2014-02-18 15:38:33,457][INFO ][test                     ] Test testConcurrent {#590 seed=[A89B4FF56754358E:4B3C229C4DC63432]}(org.elasticsearch.common.util.concurrent.CountDownTest) started
[2014-02-18 15:38:33,460][INFO ][test                     ] Test testConcurrent {#590 seed=[A89B4FF56754358E:4B3C229C4DC63432]}(org.elasticsearch.common.util.concurrent.CountDownTest) finished
[2014-02-18 15:38:33,461][INFO ][test                     ] Test testConcurrent {#591 seed=[A89B4FF56754358E:B2DEC210928A765F]}(org.elasticsearch.common.util.concurrent.CountDownTest) started
[2014-02-18 15:38:33,464][INFO ][test                     ] Test testConcurrent {#591 seed=[A89B4FF56754358E:B2DEC210928A765F]}(org.elasticsearch.common.util.concurrent.CountDownTest) finished
[2014-02-18 15:38:33,464][INFO ][test                     ] Test testConcurrent {#592 seed=[A89B4FF56754358E:AF1D39A7FD8024CD]}(org.elasticsearch.common.util.concurrent.CountDownTest) started
[2014-02-18 15:38:33,467][INFO ][test                     ] Test testConcurrent {#592 seed=[A89B4FF56754358E:AF1D39A7FD8024CD]}(org.elasticsearch.common.util.concurrent.CountDownTest) finished
[2014-02-18 15:38:33,468][INFO ][test                     ] Test testConcurrent {#593 seed=[A89B4FF56754358E:13D306DB3F88A76C]}(org.elasticsearch.common.util.concurrent.CountDownTest) started
[2014-02-18 15:38:33,471][INFO ][test                     ] Test testConcurrent {#593 seed=[A89B4FF56754358E:13D306DB3F88A76C]}(org.elasticsearch.common.util.concurrent.CountDownTest) finished
[2014-02-18 15:38:33,471][INFO ][test                     ] Test testConcurrent {#594 seed=[A89B4FF56754358E:3C97E2BEEE5D6EF7]}(org.elasticsearch.common.util.concurrent.CountDownTest) started
[2014-02-18 15:38:33,474][INFO ][test                     ] Test testConcurrent {#594 seed=[A89B4FF56754358E:3C97E2BEEE5D6EF7]}(org.elasticsearch.common.util.concurrent.CountDownTest) finished
[2014-02-18 15:38:33,475][INFO ][test                     ] Test testConcurrent {#595 seed=[A89B4FF56754358E:5D20D70773E9F9C8]}(org.elasticsearch.common.util.concurrent.CountDownTest) started
[2014-02-18 15:38:33,478][INFO ][test                     ] Test testConcurrent {#595 seed=[A89B4FF56754358E:5D20D70773E9F9C8]}(org.elasticsearch.common.util.concurrent.CountDownTest) finished
[2014-02-18 15:38:33,478][INFO ][test                     ] Test testConcurrent {#596 seed=[A89B4FF56754358E:662D48A5346D7CB8]}(org.elasticsearch.common.util.concurrent.CountDownTest) started
[2014-02-18 15:38:33,482][INFO ][test                     ] Test testConcurrent {#596 seed=[A89B4FF56754358E:662D48A5346D7CB8]}(org.elasticsearch.common.util.concurrent.CountDownTest) finished
[2014-02-18 15:38:33,482][INFO ][test                     ] Test testConcurrent {#597 seed=[A89B4FF56754358E:7C1727DC9FE5178B]}(org.elasticsearch.common.util.concurrent.CountDownTest) started
[2014-02-18 15:38:33,485][INFO ][test                     ] Test testConcurrent {#597 seed=[A89B4FF56754358E:7C1727DC9FE5178B]}(org.elasticsearch.common.util.concurrent.CountDownTest) finished
[2014-02-18 15:38:33,485][INFO ][test                     ] Test testConcurrent {#598 seed=[A89B4FF56754358E:F0937B3B276D2149]}(org.elasticsearch.common.util.concurrent.CountDownTest) started
[2014-02-18 15:38:33,488][INFO ][test                     ] Test testConcurrent {#598 seed=[A89B4FF56754358E:F0937B3B276D2149]}(org.elasticsearch.common.util.concurrent.CountDownTest) finished
[2014-02-18 15:38:33,488][INFO ][test                     ] Test testConcurrent {#599 seed=[A89B4FF56754358E:E3234129BEDD896B]}(org.elasticsearch.common.util.concurrent.CountDownTest) started
[2014-02-18 15:38:33,491][INFO ][test                     ] Test testConcurrent {#599 seed=[A89B4FF56754358E:E3234129BEDD896B]}(org.elasticsearch.common.util.concurrent.CountDownTest) finished
[2014-02-18 15:38:33,491][INFO ][test                     ] Test testConcurrent {#600 seed=[A89B4FF56754358E:2B6E5344AACF03C]}(org.elasticsearch.common.util.concurrent.CountDownTest) started
[2014-02-18 15:38:33,494][INFO ][test                     ] Test testConcurrent {#600 seed=[A89B4FF56754358E:2B6E5344AACF03C]}(org.elasticsearch.common.util.concurrent.CountDownTest) finished
[2014-02-18 15:38:33,494][INFO ][test                     ] Test testConcurrent {#601 seed=[A89B4FF56754358E:A21E9FE6870B8FAA]}(org.elasticsearch.common.util.concurrent.CountDownTest) started
[2014-02-18 15:38:33,496][INFO ][test                     ] Test testConcurrent {#601 seed=[A89B4FF56754358E:A21E9FE6870B8FAA]}(org.elasticsearch.common.util.concurrent.CountDownTest) finished
[2014-02-18 15:38:33,497][INFO ][test                     ] Test testConcurrent {#602 seed=[A89B4FF56754358E:7CC9A0C72FF1D6E3]}(org.elasticsearch.common.util.concurrent.CountDownTest) started
[2014-02-18 15:38:33,499][INFO ][test                     ] Test testConcurrent {#602 seed=[A89B4FF56754358E:7CC9A0C72FF1D6E3]}(org.elasticsearch.common.util.concurrent.CountDownTest) finished
[2014-02-18 15:38:33,499][INFO ][test                     ] Test testConcurrent {#603 seed=[A89B4FF56754358E:E1AC79454DFFCA71]}(org.elasticsearch.common.util.concurrent.CountDownTest) started
[2014-02-18 15:38:33,502][INFO ][test                     ] Test testConcurrent {#603 seed=[A89B4FF56754358E:E1AC79454DFFCA71]}(org.elasticsearch.common.util.concurrent.CountDownTest) finished
[2014-02-18 15:38:33,502][INFO ][test                     ] Test testConcurrent {#604 seed=[A89B4FF56754358E:AE9801B536322645]}(org.elasticsearch.common.util.concurrent.CountDownTest) started
[2014-02-18 15:38:33,504][INFO ][test                     ] Test testConcurrent {#604 seed=[A89B4FF56754358E:AE9801B536322645]}(org.elasticsearch.common.util.concurrent.CountDownTest) finished
[2014-02-18 15:38:33,505][INFO ][test                     ] Test testConcurrent {#605 seed=[A89B4FF56754358E:4D2F1EDAA7889D69]}(org.elasticsearch.common.util.concurrent.CountDownTest) started
[2014-02-18 15:38:33,507][INFO ][test                     ] Test testConcurrent {#605 seed=[A89B4FF56754358E:4D2F1EDAA7889D69]}(org.elasticsearch.common.util.concurrent.CountDownTest) finished
[2014-02-18 15:38:33,508][INFO ][test                     ] Test testConcurrent {#606 seed=[A89B4FF56754358E:947ECB2A73E88870]}(org.elasticsearch.common.util.concurrent.CountDownTest) started
[2014-02-18 15:38:33,510][INFO ][test                     ] Test testConcurrent {#606 seed=[A89B4FF56754358E:947ECB2A73E88870]}(org.elasticsearch.common.util.concurrent.CountDownTest) finished
[2014-02-18 15:38:33,510][INFO ][test                     ] Test testConcurrent {#607 seed=[A89B4FF56754358E:4A7BFECD54FD539C]}(org.elasticsearch.common.util.concurrent.CountDownTest) started
[2014-02-18 15:38:33,512][INFO ][test                     ] Test testConcurrent {#607 seed=[A89B4FF56754358E:4A7BFECD54FD539C]}(org.elasticsearch.common.util.concurrent.CountDownTest) finished
[2014-02-18 15:38:33,513][INFO ][test                     ] Test testConcurrent {#608 seed=[A89B4FF56754358E:5C0AEC9506163171]}(org.elasticsearch.common.util.concurrent.CountDownTest) started
[2014-02-18 15:38:33,515][INFO ][test                     ] Test testConcurrent {#608 seed=[A89B4FF56754358E:5C0AEC9506163171]}(org.elasticsearch.common.util.concurrent.CountDownTest) finished
[2014-02-18 15:38:33,516][INFO ][test                     ] Test testConcurrent {#609 seed=[A89B4FF56754358E:84594AF82CFBE944]}(org.elasticsearch.common.util.concurrent.CountDownTest) started
[2014-02-18 15:38:33,518][INFO ][test                     ] Test testConcurrent {#609 seed=[A89B4FF56754358E:84594AF82CFBE944]}(org.elasticsearch.common.util.concurrent.CountDownTest) finished
[2014-02-18 15:38:33,519][INFO ][test                     ] Test testConcurrent {#610 seed=[A89B4FF56754358E:8D8C2238BEA35B6D]}(org.elasticsearch.common.util.concurrent.CountDownTest) started
[2014-02-18 15:38:33,521][INFO ][test                     ] Test testConcurrent {#610 seed=[A89B4FF56754358E:8D8C2238BEA35B6D]}(org.elasticsearch.common.util.concurrent.CountDownTest) finished
[2014-02-18 15:38:33,522][INFO ][test                     ] Test testConcurrent {#611 seed=[A89B4FF56754358E:56CE4BB4344B71D4]}(org.elasticsearch.common.util.concurrent.CountDownTest) started
[2014-02-18 15:38:33,524][INFO ][test                     ] Test testConcurrent {#611 seed=[A89B4FF56754358E:56CE4BB4344B71D4]}(org.elasticsearch.common.util.concurrent.CountDownTest) finished
[2014-02-18 15:38:33,525][INFO ][test                     ] Test testConcurrent {#612 seed=[A89B4FF56754358E:3D72C857952E474C]}(org.elasticsearch.common.util.concurrent.CountDownTest) started
[2014-02-18 15:38:33,527][INFO ][test                     ] Test testConcurrent {#612 seed=[A89B4FF56754358E:3D72C857952E474C]}(org.elasticsearch.common.util.concurrent.CountDownTest) finished
[2014-02-18 15:38:33,528][INFO ][test                     ] Test testConcurrent {#613 seed=[A89B4FF56754358E:7EE50F53DCE76C6]}(org.elasticsearch.common.util.concurrent.CountDownTest) started
[2014-02-18 15:38:33,531][INFO ][test                     ] Test testConcurrent {#613 seed=[A89B4FF56754358E:7EE50F53DCE76C6]}(org.elasticsearch.common.util.concurrent.CountDownTest) finished
[2014-02-18 15:38:33,531][INFO ][test                     ] Test testConcurrent {#614 seed=[A89B4FF56754358E:89E9856CC56C492B]}(org.elasticsearch.common.util.concurrent.CountDownTest) started
[2014-02-18 15:38:33,534][INFO ][test                     ] Test testConcurrent {#614 seed=[A89B4FF56754358E:89E9856CC56C492B]}(org.elasticsearch.common.util.concurrent.CountDownTest) finished
[2014-02-18 15:38:33,534][INFO ][test                     ] Test testConcurrent {#615 seed=[A89B4FF56754358E:5179348AE9CA626]}(org.elasticsearch.common.util.concurrent.CountDownTest) started
[2014-02-18 15:38:33,537][INFO ][test                     ] Test testConcurrent {#615 seed=[A89B4FF56754358E:5179348AE9CA626]}(org.elasticsearch.common.util.concurrent.CountDownTest) finished
[2014-02-18 15:38:33,538][INFO ][test                     ] Test testConcurrent {#616 seed=[A89B4FF56754358E:E91CDECC645529E5]}(org.elasticsearch.common.util.concurrent.CountDownTest) started
[2014-02-18 15:38:33,540][INFO ][test                     ] Test testConcurrent {#616 seed=[A89B4FF56754358E:E91CDECC645529E5]}(org.elasticsearch.common.util.concurrent.CountDownTest) finished
[2014-02-18 15:38:33,541][INFO ][test                     ] Test testConcurrent {#617 seed=[A89B4FF56754358E:9C6663540FFB761A]}(org.elasticsearch.common.util.concurrent.CountDownTest) started
[2014-02-18 15:38:33,544][INFO ][test                     ] Test testConcurrent {#617 seed=[A89B4FF56754358E:9C6663540FFB761A]}(org.elasticsearch.common.util.concurrent.CountDownTest) finished
[2014-02-18 15:38:33,544][INFO ][test                     ] Test testConcurrent {#618 seed=[A89B4FF56754358E:EA8570E467BAB19B]}(org.elasticsearch.common.util.concurrent.CountDownTest) started
[2014-02-18 15:38:33,547][INFO ][test                     ] Test testConcurrent {#618 seed=[A89B4FF56754358E:EA8570E467BAB19B]}(org.elasticsearch.common.util.concurrent.CountDownTest) finished
[2014-02-18 15:38:33,547][INFO ][test                     ] Test testConcurrent {#619 seed=[A89B4FF56754358E:1E485BCE081BDFB1]}(org.elasticsearch.common.util.concurrent.CountDownTest) started
[2014-02-18 15:38:33,550][INFO ][test                     ] Test testConcurrent {#619 seed=[A89B4FF56754358E:1E485BCE081BDFB1]}(org.elasticsearch.common.util.concurrent.CountDownTest) finished
[2014-02-18 15:38:33,551][INFO ][test                     ] Test testConcurrent {#620 seed=[A89B4FF56754358E:677D05104B75A547]}(org.elasticsearch.common.util.concurrent.CountDownTest) started
[2014-02-18 15:38:33,553][INFO ][test                     ] Test testConcurrent {#620 seed=[A89B4FF56754358E:677D05104B75A547]}(org.elasticsearch.common.util.concurrent.CountDownTest) finished
[2014-02-18 15:38:33,554][INFO ][test                     ] Test testConcurrent {#621 seed=[A89B4FF56754358E:5808489E6CAC855B]}(org.elasticsearch.common.util.concurrent.CountDownTest) started
[2014-02-18 15:38:33,556][INFO ][test                     ] Test testConcurrent {#621 seed=[A89B4FF56754358E:5808489E6CAC855B]}(org.elasticsearch.common.util.concurrent.CountDownTest) finished
[2014-02-18 15:38:33,557][INFO ][test                     ] Test testConcurrent {#622 seed=[A89B4FF56754358E:A15EE08196AFE715]}(org.elasticsearch.common.util.concurrent.CountDownTest) started
[2014-02-18 15:38:33,559][INFO ][test                     ] Test testConcurrent {#622 seed=[A89B4FF56754358E:A15EE08196AFE715]}(org.elasticsearch.common.util.concurrent.CountDownTest) finished
[2014-02-18 15:38:33,559][INFO ][test                     ] Test testConcurrent {#623 seed=[A89B4FF56754358E:664900BC65610FF4]}(org.elasticsearch.common.util.concurrent.CountDownTest) started
[2014-02-18 15:38:33,561][INFO ][test                     ] Test testConcurrent {#623 seed=[A89B4FF56754358E:664900BC65610FF4]}(org.elasticsearch.common.util.concurrent.CountDownTest) finished
[2014-02-18 15:38:33,562][INFO ][test                     ] Test testConcurrent {#624 seed=[A89B4FF56754358E:B4F74D32C69DEA52]}(org.elasticsearch.common.util.concurrent.CountDownTest) started
[2014-02-18 15:38:33,566][INFO ][test                     ] Test testConcurrent {#624 seed=[A89B4FF56754358E:B4F74D32C69DEA52]}(org.elasticsearch.common.util.concurrent.CountDownTest) finished
[2014-02-18 15:38:33,567][INFO ][test                     ] Test testConcurrent {#625 seed=[A89B4FF56754358E:C21E20B9C553CBB4]}(org.elasticsearch.common.util.concurrent.CountDownTest) started
[2014-02-18 15:38:33,570][INFO ][test                     ] Test testConcurrent {#625 seed=[A89B4FF56754358E:C21E20B9C553CBB4]}(org.elasticsearch.common.util.concurrent.CountDownTest) finished
[2014-02-18 15:38:33,570][INFO ][test                     ] Test testConcurrent {#626 seed=[A89B4FF56754358E:3EA2C93AB4BEAB9C]}(org.elasticsearch.common.util.concurrent.CountDownTest) started
[2014-02-18 15:38:33,573][INFO ][test                     ] Test testConcurrent {#626 seed=[A89B4FF56754358E:3EA2C93AB4BEAB9C]}(org.elasticsearch.common.util.concurrent.CountDownTest) finished
[2014-02-18 15:38:33,573][INFO ][test                     ] Test testConcurrent {#627 seed=[A89B4FF56754358E:ED0E738D5EB5A998]}(org.elasticsearch.common.util.concurrent.CountDownTest) started
[2014-02-18 15:38:33,577][INFO ][test                     ] Test testConcurrent {#627 seed=[A89B4FF56754358E:ED0E738D5EB5A998]}(org.elasticsearch.common.util.concurrent.CountDownTest) finished
[2014-02-18 15:38:33,578][INFO ][test                     ] Test testConcurrent {#628 seed=[A89B4FF56754358E:D2F03AE151FD07E7]}(org.elasticsearch.common.util.concurrent.CountDownTest) started
[2014-02-18 15:38:33,580][INFO ][test                     ] Test testConcurrent {#628 seed=[A89B4FF56754358E:D2F03AE151FD07E7]}(org.elasticsearch.common.util.concurrent.CountDownTest) finished
[2014-02-18 15:38:33,581][INFO ][test                     ] Test testConcurrent {#629 seed=[A89B4FF56754358E:B43789751C79FD76]}(org.elasticsearch.common.util.concurrent.CountDownTest) started
[2014-02-18 15:38:33,585][INFO ][test                     ] Test testConcurrent {#629 seed=[A89B4FF56754358E:B43789751C79FD76]}(org.elasticsearch.common.util.concurrent.CountDownTest) finished
[2014-02-18 15:38:33,585][INFO ][test                     ] Test testConcurrent {#630 seed=[A89B4FF56754358E:FB1DB372AECEF5F4]}(org.elasticsearch.common.util.concurrent.CountDownTest) started
[2014-02-18 15:38:33,588][INFO ][test                     ] Test testConcurrent {#630 seed=[A89B4FF56754358E:FB1DB372AECEF5F4]}(org.elasticsearch.common.util.concurrent.CountDownTest) finished
[2014-02-18 15:38:33,588][INFO ][test                     ] Test testConcurrent {#631 seed=[A89B4FF56754358E:664874A191C99DB5]}(org.elasticsearch.common.util.concurrent.CountDownTest) started
[2014-02-18 15:38:33,591][INFO ][test                     ] Test testConcurrent {#631 seed=[A89B4FF56754358E:664874A191C99DB5]}(org.elasticsearch.common.util.concurrent.CountDownTest) finished
[2014-02-18 15:38:33,591][INFO ][test                     ] Test testConcurrent {#632 seed=[A89B4FF56754358E:89FFB6F343F20C99]}(org.elasticsearch.common.util.concurrent.CountDownTest) started
[2014-02-18 15:38:33,594][INFO ][test                     ] Test testConcurrent {#632 seed=[A89B4FF56754358E:89FFB6F343F20C99]}(org.elasticsearch.common.util.concurrent.CountDownTest) finished
[2014-02-18 15:38:33,594][INFO ][test                     ] Test testConcurrent {#633 seed=[A89B4FF56754358E:DD33D606457B8E3]}(org.elasticsearch.common.util.concurrent.CountDownTest) started
[2014-02-18 15:38:33,596][INFO ][test                     ] Test testConcurrent {#633 seed=[A89B4FF56754358E:DD33D606457B8E3]}(org.elasticsearch.common.util.concurrent.CountDownTest) finished
[2014-02-18 15:38:33,597][INFO ][test                     ] Test testConcurrent {#634 seed=[A89B4FF56754358E:C8CC450CD6A90CC0]}(org.elasticsearch.common.util.concurrent.CountDownTest) started
[2014-02-18 15:38:33,599][INFO ][test                     ] Test testConcurrent {#634 seed=[A89B4FF56754358E:C8CC450CD6A90CC0]}(org.elasticsearch.common.util.concurrent.CountDownTest) finished
[2014-02-18 15:38:33,600][INFO ][test                     ] Test testConcurrent {#635 seed=[A89B4FF56754358E:3B0A7BB08CF1804]}(org.elasticsearch.common.util.concurrent.CountDownTest) started
[2014-02-18 15:38:33,602][INFO ][test                     ] Test testConcurrent {#635 seed=[A89B4FF56754358E:3B0A7BB08CF1804]}(org.elasticsearch.common.util.concurrent.CountDownTest) finished
[2014-02-18 15:38:33,602][INFO ][test                     ] Test testConcurrent {#636 seed=[A89B4FF56754358E:2B98EB26C9D1495]}(org.elasticsearch.common.util.concurrent.CountDownTest) started
[2014-02-18 15:38:33,604][INFO ][test                     ] Test testConcurrent {#636 seed=[A89B4FF56754358E:2B98EB26C9D1495]}(org.elasticsearch.common.util.concurrent.CountDownTest) finished
[2014-02-18 15:38:33,605][INFO ][test                     ] Test testConcurrent {#637 seed=[A89B4FF56754358E:46C1E30257F7AF16]}(org.elasticsearch.common.util.concurrent.CountDownTest) started
[2014-02-18 15:38:33,607][INFO ][test                     ] Test testConcurrent {#637 seed=[A89B4FF56754358E:46C1E30257F7AF16]}(org.elasticsearch.common.util.concurrent.CountDownTest) finished
[2014-02-18 15:38:33,607][INFO ][test                     ] Test testConcurrent {#638 seed=[A89B4FF56754358E:2AD006A32B1841C3]}(org.elasticsearch.common.util.concurrent.CountDownTest) started
[2014-02-18 15:38:33,610][INFO ][test                     ] Test testConcurrent {#638 seed=[A89B4FF56754358E:2AD006A32B1841C3]}(org.elasticsearch.common.util.concurrent.CountDownTest) finished
[2014-02-18 15:38:33,610][INFO ][test                     ] Test testConcurrent {#639 seed=[A89B4FF56754358E:D93E342A0B7B78D8]}(org.elasticsearch.common.util.concurrent.CountDownTest) started
[2014-02-18 15:38:33,612][INFO ][test                     ] Test testConcurrent {#639 seed=[A89B4FF56754358E:D93E342A0B7B78D8]}(org.elasticsearch.common.util.concurrent.CountDownTest) finished
[2014-02-18 15:38:33,613][INFO ][test                     ] Test testConcurrent {#640 seed=[A89B4FF56754358E:A0D3A55CB7E59746]}(org.elasticsearch.common.util.concurrent.CountDownTest) started
[2014-02-18 15:38:33,615][INFO ][test                     ] Test testConcurrent {#640 seed=[A89B4FF56754358E:A0D3A55CB7E59746]}(org.elasticsearch.common.util.concurrent.CountDownTest) finished
[2014-02-18 15:38:33,616][INFO ][test                     ] Test testConcurrent {#641 seed=[A89B4FF56754358E:439D45E5965FAA39]}(org.elasticsearch.common.util.concurrent.CountDownTest) started
[2014-02-18 15:38:33,618][INFO ][test                     ] Test testConcurrent {#641 seed=[A89B4FF56754358E:439D45E5965FAA39]}(org.elasticsearch.common.util.concurrent.CountDownTest) finished
[2014-02-18 15:38:33,618][INFO ][test                     ] Test testConcurrent {#642 seed=[A89B4FF56754358E:28DF267969560DC2]}(org.elasticsearch.common.util.concurrent.CountDownTest) started
[2014-02-18 15:38:33,620][INFO ][test                     ] Test testConcurrent {#642 seed=[A89B4FF56754358E:28DF267969560DC2]}(org.elasticsearch.common.util.concurrent.CountDownTest) finished
[2014-02-18 15:38:33,621][INFO ][test                     ] Test testConcurrent {#643 seed=[A89B4FF56754358E:F42ED232BACD5118]}(org.elasticsearch.common.util.concurrent.CountDownTest) started
[2014-02-18 15:38:33,623][INFO ][test                     ] Test testConcurrent {#643 seed=[A89B4FF56754358E:F42ED232BACD5118]}(org.elasticsearch.common.util.concurrent.CountDownTest) finished
[2014-02-18 15:38:33,623][INFO ][test                     ] Test testConcurrent {#644 seed=[A89B4FF56754358E:6F448356250824BF]}(org.elasticsearch.common.util.concurrent.CountDownTest) started
[2014-02-18 15:38:33,625][INFO ][test                     ] Test testConcurrent {#644 seed=[A89B4FF56754358E:6F448356250824BF]}(org.elasticsearch.common.util.concurrent.CountDownTest) finished
[2014-02-18 15:38:33,626][INFO ][test                     ] Test testConcurrent {#645 seed=[A89B4FF56754358E:A1E57B20C16BFC5F]}(org.elasticsearch.common.util.concurrent.CountDownTest) started
[2014-02-18 15:38:33,628][INFO ][test                     ] Test testConcurrent {#645 seed=[A89B4FF56754358E:A1E57B20C16BFC5F]}(org.elasticsearch.common.util.concurrent.CountDownTest) finished
[2014-02-18 15:38:33,629][INFO ][test                     ] Test testConcurrent {#646 seed=[A89B4FF56754358E:6694C0BC1941B114]}(org.elasticsearch.common.util.concurrent.CountDownTest) started
[2014-02-18 15:38:33,631][INFO ][test                     ] Test testConcurrent {#646 seed=[A89B4FF56754358E:6694C0BC1941B114]}(org.elasticsearch.common.util.concurrent.CountDownTest) finished
[2014-02-18 15:38:33,631][INFO ][test                     ] Test testConcurrent {#647 seed=[A89B4FF56754358E:80C69A119A11F85D]}(org.elasticsearch.common.util.concurrent.CountDownTest) started
[2014-02-18 15:38:33,634][INFO ][test                     ] Test testConcurrent {#647 seed=[A89B4FF56754358E:80C69A119A11F85D]}(org.elasticsearch.common.util.concurrent.CountDownTest) finished
[2014-02-18 15:38:33,634][INFO ][test                     ] Test testConcurrent {#648 seed=[A89B4FF56754358E:9C0E86077B419AB3]}(org.elasticsearch.common.util.concurrent.CountDownTest) started
[2014-02-18 15:38:33,636][INFO ][test                     ] Test testConcurrent {#648 seed=[A89B4FF56754358E:9C0E86077B419AB3]}(org.elasticsearch.common.util.concurrent.CountDownTest) finished
[2014-02-18 15:38:33,637][INFO ][test                     ] Test testConcurrent {#649 seed=[A89B4FF56754358E:3ECC6322183FBB12]}(org.elasticsearch.common.util.concurrent.CountDownTest) started
[2014-02-18 15:38:33,639][INFO ][test                     ] Test testConcurrent {#649 seed=[A89B4FF56754358E:3ECC6322183FBB12]}(org.elasticsearch.common.util.concurrent.CountDownTest) finished
[2014-02-18 15:38:33,640][INFO ][test                     ] Test testConcurrent {#650 seed=[A89B4FF56754358E:45CF899E57DD2A19]}(org.elasticsearch.common.util.concurrent.CountDownTest) started
[2014-02-18 15:38:33,642][INFO ][test                     ] Test testConcurrent {#650 seed=[A89B4FF56754358E:45CF899E57DD2A19]}(org.elasticsearch.common.util.concurrent.CountDownTest) finished
[2014-02-18 15:38:33,643][INFO ][test                     ] Test testConcurrent {#651 seed=[A89B4FF56754358E:7DD6016B7AC49C5C]}(org.elasticsearch.common.util.concurrent.CountDownTest) started
[2014-02-18 15:38:33,646][INFO ][test                     ] Test testConcurrent {#651 seed=[A89B4FF56754358E:7DD6016B7AC49C5C]}(org.elasticsearch.common.util.concurrent.CountDownTest) finished
[2014-02-18 15:38:33,646][INFO ][test                     ] Test testConcurrent {#652 seed=[A89B4FF56754358E:DF7FE16E452D760B]}(org.elasticsearch.common.util.concurrent.CountDownTest) started
[2014-02-18 15:38:33,649][INFO ][test                     ] Test testConcurrent {#652 seed=[A89B4FF56754358E:DF7FE16E452D760B]}(org.elasticsearch.common.util.concurrent.CountDownTest) finished
[2014-02-18 15:38:33,649][INFO ][test                     ] Test testConcurrent {#653 seed=[A89B4FF56754358E:7B432260AB3AEA57]}(org.elasticsearch.common.util.concurrent.CountDownTest) started
[2014-02-18 15:38:33,652][INFO ][test                     ] Test testConcurrent {#653 seed=[A89B4FF56754358E:7B432260AB3AEA57]}(org.elasticsearch.common.util.concurrent.CountDownTest) finished
[2014-02-18 15:38:33,652][INFO ][test                     ] Test testConcurrent {#654 seed=[A89B4FF56754358E:CA4264B688C76919]}(org.elasticsearch.common.util.concurrent.CountDownTest) started
[2014-02-18 15:38:33,654][INFO ][test                     ] Test testConcurrent {#654 seed=[A89B4FF56754358E:CA4264B688C76919]}(org.elasticsearch.common.util.concurrent.CountDownTest) finished
[2014-02-18 15:38:33,655][INFO ][test                     ] Test testConcurrent {#655 seed=[A89B4FF56754358E:54551F82922EB6FC]}(org.elasticsearch.common.util.concurrent.CountDownTest) started
[2014-02-18 15:38:33,658][INFO ][test                     ] Test testConcurrent {#655 seed=[A89B4FF56754358E:54551F82922EB6FC]}(org.elasticsearch.common.util.concurrent.CountDownTest) finished
[2014-02-18 15:38:33,659][INFO ][test                     ] Test testConcurrent {#656 seed=[A89B4FF56754358E:B953B59621F724F3]}(org.elasticsearch.common.util.concurrent.CountDownTest) started
[2014-02-18 15:38:33,661][INFO ][test                     ] Test testConcurrent {#656 seed=[A89B4FF56754358E:B953B59621F724F3]}(org.elasticsearch.common.util.concurrent.CountDownTest) finished
[2014-02-18 15:38:33,662][INFO ][test                     ] Test testConcurrent {#657 seed=[A89B4FF56754358E:703D882487C5AB29]}(org.elasticsearch.common.util.concurrent.CountDownTest) started
[2014-02-18 15:38:33,665][INFO ][test                     ] Test testConcurrent {#657 seed=[A89B4FF56754358E:703D882487C5AB29]}(org.elasticsearch.common.util.concurrent.CountDownTest) finished
[2014-02-18 15:38:33,665][INFO ][test                     ] Test testConcurrent {#658 seed=[A89B4FF56754358E:D8A27D129F554B87]}(org.elasticsearch.common.util.concurrent.CountDownTest) started
[2014-02-18 15:38:33,667][INFO ][test                     ] Test testConcurrent {#658 seed=[A89B4FF56754358E:D8A27D129F554B87]}(org.elasticsearch.common.util.concurrent.CountDownTest) finished
[2014-02-18 15:38:33,668][INFO ][test                     ] Test testConcurrent {#659 seed=[A89B4FF56754358E:C908352256201B95]}(org.elasticsearch.common.util.concurrent.CountDownTest) started
[2014-02-18 15:38:33,671][INFO ][test                     ] Test testConcurrent {#659 seed=[A89B4FF56754358E:C908352256201B95]}(org.elasticsearch.common.util.concurrent.CountDownTest) finished
[2014-02-18 15:38:33,671][INFO ][test                     ] Test testConcurrent {#660 seed=[A89B4FF56754358E:EE5F758714C60BFA]}(org.elasticsearch.common.util.concurrent.CountDownTest) started
[2014-02-18 15:38:33,673][INFO ][test                     ] Test testConcurrent {#660 seed=[A89B4FF56754358E:EE5F758714C60BFA]}(org.elasticsearch.common.util.concurrent.CountDownTest) finished
[2014-02-18 15:38:33,674][INFO ][test                     ] Test testConcurrent {#661 seed=[A89B4FF56754358E:40EA9FD169C2FA6E]}(org.elasticsearch.common.util.concurrent.CountDownTest) started
[2014-02-18 15:38:33,676][INFO ][test                     ] Test testConcurrent {#661 seed=[A89B4FF56754358E:40EA9FD169C2FA6E]}(org.elasticsearch.common.util.concurrent.CountDownTest) finished
[2014-02-18 15:38:33,677][INFO ][test                     ] Test testConcurrent {#662 seed=[A89B4FF56754358E:ECB87E2204BBEFA2]}(org.elasticsearch.common.util.concurrent.CountDownTest) started
[2014-02-18 15:38:33,680][INFO ][test                     ] Test testConcurrent {#662 seed=[A89B4FF56754358E:ECB87E2204BBEFA2]}(org.elasticsearch.common.util.concurrent.CountDownTest) finished
[2014-02-18 15:38:33,681][INFO ][test                     ] Test testConcurrent {#663 seed=[A89B4FF56754358E:8AFA753E40DAE41F]}(org.elasticsearch.common.util.concurrent.CountDownTest) started
[2014-02-18 15:38:33,684][INFO ][test                     ] Test testConcurrent {#663 seed=[A89B4FF56754358E:8AFA753E40DAE41F]}(org.elasticsearch.common.util.concurrent.CountDownTest) finished
[2014-02-18 15:38:33,684][INFO ][test                     ] Test testConcurrent {#664 seed=[A89B4FF56754358E:737A806DE4D4C38B]}(org.elasticsearch.common.util.concurrent.CountDownTest) started
[2014-02-18 15:38:33,687][INFO ][test                     ] Test testConcurrent {#664 seed=[A89B4FF56754358E:737A806DE4D4C38B]}(org.elasticsearch.common.util.concurrent.CountDownTest) finished
[2014-02-18 15:38:33,688][INFO ][test                     ] Test testConcurrent {#665 seed=[A89B4FF56754358E:60BA6DAF9B464CC5]}(org.elasticsearch.common.util.concurrent.CountDownTest) started
[2014-02-18 15:38:33,691][INFO ][test                     ] Test testConcurrent {#665 seed=[A89B4FF56754358E:60BA6DAF9B464CC5]}(org.elasticsearch.common.util.concurrent.CountDownTest) finished
[2014-02-18 15:38:33,691][INFO ][test                     ] Test testConcurrent {#666 seed=[A89B4FF56754358E:557CF2BC5DA8AFB9]}(org.elasticsearch.common.util.concurrent.CountDownTest) started
[2014-02-18 15:38:33,694][INFO ][test                     ] Test testConcurrent {#666 seed=[A89B4FF56754358E:557CF2BC5DA8AFB9]}(org.elasticsearch.common.util.concurrent.CountDownTest) finished
[2014-02-18 15:38:33,694][INFO ][test                     ] Test testConcurrent {#667 seed=[A89B4FF56754358E:801D422F3A388FD]}(org.elasticsearch.common.util.concurrent.CountDownTest) started
[2014-02-18 15:38:33,697][INFO ][test                     ] Test testConcurrent {#667 seed=[A89B4FF56754358E:801D422F3A388FD]}(org.elasticsearch.common.util.concurrent.CountDownTest) finished
[2014-02-18 15:38:33,698][INFO ][test                     ] Test testConcurrent {#668 seed=[A89B4FF56754358E:EF78DC3315246BC8]}(org.elasticsearch.common.util.concurrent.CountDownTest) started
[2014-02-18 15:38:33,701][INFO ][test                     ] Test testConcurrent {#668 seed=[A89B4FF56754358E:EF78DC3315246BC8]}(org.elasticsearch.common.util.concurrent.CountDownTest) finished
[2014-02-18 15:38:33,701][INFO ][test                     ] Test testConcurrent {#669 seed=[A89B4FF56754358E:30164DA9CB570BEA]}(org.elasticsearch.common.util.concurrent.CountDownTest) started
[2014-02-18 15:38:33,704][INFO ][test                     ] Test testConcurrent {#669 seed=[A89B4FF56754358E:30164DA9CB570BEA]}(org.elasticsearch.common.util.concurrent.CountDownTest) finished
[2014-02-18 15:38:33,704][INFO ][test                     ] Test testConcurrent {#670 seed=[A89B4FF56754358E:902B55374F5A1820]}(org.elasticsearch.common.util.concurrent.CountDownTest) started
[2014-02-18 15:38:33,707][INFO ][test                     ] Test testConcurrent {#670 seed=[A89B4FF56754358E:902B55374F5A1820]}(org.elasticsearch.common.util.concurrent.CountDownTest) finished
[2014-02-18 15:38:33,708][INFO ][test                     ] Test testConcurrent {#671 seed=[A89B4FF56754358E:994E8AFAAAE63ED5]}(org.elasticsearch.common.util.concurrent.CountDownTest) started
[2014-02-18 15:38:33,710][INFO ][test                     ] Test testConcurrent {#671 seed=[A89B4FF56754358E:994E8AFAAAE63ED5]}(org.elasticsearch.common.util.concurrent.CountDownTest) finished
[2014-02-18 15:38:33,711][INFO ][test                     ] Test testConcurrent {#672 seed=[A89B4FF56754358E:A330E2AB131C8200]}(org.elasticsearch.common.util.concurrent.CountDownTest) started
[2014-02-18 15:38:33,714][INFO ][test                     ] Test testConcurrent {#672 seed=[A89B4FF56754358E:A330E2AB131C8200]}(org.elasticsearch.common.util.concurrent.CountDownTest) finished
[2014-02-18 15:38:33,715][INFO ][test                     ] Test testConcurrent {#673 seed=[A89B4FF56754358E:2D77C26EF86458FD]}(org.elasticsearch.common.util.concurrent.CountDownTest) started
[2014-02-18 15:38:33,718][INFO ][test                     ] Test testConcurrent {#673 seed=[A89B4FF56754358E:2D77C26EF86458FD]}(org.elasticsearch.common.util.concurrent.CountDownTest) finished
[2014-02-18 15:38:33,718][INFO ][test                     ] Test testConcurrent {#674 seed=[A89B4FF56754358E:44781504E327A8CD]}(org.elasticsearch.common.util.concurrent.CountDownTest) started
[2014-02-18 15:38:33,721][INFO ][test                     ] Test testConcurrent {#674 seed=[A89B4FF56754358E:44781504E327A8CD]}(org.elasticsearch.common.util.concurrent.CountDownTest) finished
[2014-02-18 15:38:33,721][INFO ][test                     ] Test testConcurrent {#675 seed=[A89B4FF56754358E:DA8075AB302CE39]}(org.elasticsearch.common.util.concurrent.CountDownTest) started
[2014-02-18 15:38:33,724][INFO ][test                     ] Test testConcurrent {#675 seed=[A89B4FF56754358E:DA8075AB302CE39]}(org.elasticsearch.common.util.concurrent.CountDownTest) finished
[2014-02-18 15:38:33,725][INFO ][test                     ] Test testConcurrent {#676 seed=[A89B4FF56754358E:358B5E1FA968F9E6]}(org.elasticsearch.common.util.concurrent.CountDownTest) started
[2014-02-18 15:38:33,728][INFO ][test                     ] Test testConcurrent {#676 seed=[A89B4FF56754358E:358B5E1FA968F9E6]}(org.elasticsearch.common.util.concurrent.CountDownTest) finished
[2014-02-18 15:38:33,728][INFO ][test                     ] Test testConcurrent {#677 seed=[A89B4FF56754358E:97244EC28BE2120]}(org.elasticsearch.common.util.concurrent.CountDownTest) started
[2014-02-18 15:38:33,731][INFO ][test                     ] Test testConcurrent {#677 seed=[A89B4FF56754358E:97244EC28BE2120]}(org.elasticsearch.common.util.concurrent.CountDownTest) finished
[2014-02-18 15:38:33,732][INFO ][test                     ] Test testConcurrent {#678 seed=[A89B4FF56754358E:5B4F7D8079C8E3C3]}(org.elasticsearch.common.util.concurrent.CountDownTest) started
[2014-02-18 15:38:33,734][INFO ][test                     ] Test testConcurrent {#678 seed=[A89B4FF56754358E:5B4F7D8079C8E3C3]}(org.elasticsearch.common.util.concurrent.CountDownTest) finished
[2014-02-18 15:38:33,734][INFO ][test                     ] Test testConcurrent {#679 seed=[A89B4FF56754358E:9FE9E004A0A8FF72]}(org.elasticsearch.common.util.concurrent.CountDownTest) started
[2014-02-18 15:38:33,737][INFO ][test                     ] Test testConcurrent {#679 seed=[A89B4FF56754358E:9FE9E004A0A8FF72]}(org.elasticsearch.common.util.concurrent.CountDownTest) finished
[2014-02-18 15:38:33,737][INFO ][test                     ] Test testConcurrent {#680 seed=[A89B4FF56754358E:7F6E9E19584DD9C1]}(org.elasticsearch.common.util.concurrent.CountDownTest) started
[2014-02-18 15:38:33,739][INFO ][test                     ] Test testConcurrent {#680 seed=[A89B4FF56754358E:7F6E9E19584DD9C1]}(org.elasticsearch.common.util.concurrent.CountDownTest) finished
[2014-02-18 15:38:33,740][INFO ][test                     ] Test testConcurrent {#681 seed=[A89B4FF56754358E:B96D580A0A9F5EC7]}(org.elasticsearch.common.util.concurrent.CountDownTest) started
[2014-02-18 15:38:33,742][INFO ][test                     ] Test testConcurrent {#681 seed=[A89B4FF56754358E:B96D580A0A9F5EC7]}(org.elasticsearch.common.util.concurrent.CountDownTest) finished
[2014-02-18 15:38:33,742][INFO ][test                     ] Test testConcurrent {#682 seed=[A89B4FF56754358E:5529D47832A40E2B]}(org.elasticsearch.common.util.concurrent.CountDownTest) started
[2014-02-18 15:38:33,744][INFO ][test                     ] Test testConcurrent {#682 seed=[A89B4FF56754358E:5529D47832A40E2B]}(org.elasticsearch.common.util.concurrent.CountDownTest) finished
[2014-02-18 15:38:33,745][INFO ][test                     ] Test testConcurrent {#683 seed=[A89B4FF56754358E:65DF750B07482BB9]}(org.elasticsearch.common.util.concurrent.CountDownTest) started
[2014-02-18 15:38:33,747][INFO ][test                     ] Test testConcurrent {#683 seed=[A89B4FF56754358E:65DF750B07482BB9]}(org.elasticsearch.common.util.concurrent.CountDownTest) finished
[2014-02-18 15:38:33,748][INFO ][test                     ] Test testConcurrent {#684 seed=[A89B4FF56754358E:ADD47EFB3E81C2FC]}(org.elasticsearch.common.util.concurrent.CountDownTest) started
[2014-02-18 15:38:33,750][INFO ][test                     ] Test testConcurrent {#684 seed=[A89B4FF56754358E:ADD47EFB3E81C2FC]}(org.elasticsearch.common.util.concurrent.CountDownTest) finished
[2014-02-18 15:38:33,750][INFO ][test                     ] Test testConcurrent {#685 seed=[A89B4FF56754358E:E3FAC3BA00D4F553]}(org.elasticsearch.common.util.concurrent.CountDownTest) started
[2014-02-18 15:38:33,752][INFO ][test                     ] Test testConcurrent {#685 seed=[A89B4FF56754358E:E3FAC3BA00D4F553]}(org.elasticsearch.common.util.concurrent.CountDownTest) finished
[2014-02-18 15:38:33,753][INFO ][test                     ] Test testConcurrent {#686 seed=[A89B4FF56754358E:EB1B59FF70F84D67]}(org.elasticsearch.common.util.concurrent.CountDownTest) started
[2014-02-18 15:38:33,755][INFO ][test                     ] Test testConcurrent {#686 seed=[A89B4FF56754358E:EB1B59FF70F84D67]}(org.elasticsearch.common.util.concurrent.CountDownTest) finished
[2014-02-18 15:38:33,755][INFO ][test                     ] Test testConcurrent {#687 seed=[A89B4FF56754358E:E0594A9F42201404]}(org.elasticsearch.common.util.concurrent.CountDownTest) started
[2014-02-18 15:38:33,758][INFO ][test                     ] Test testConcurrent {#687 seed=[A89B4FF56754358E:E0594A9F42201404]}(org.elasticsearch.common.util.concurrent.CountDownTest) finished
[2014-02-18 15:38:33,758][INFO ][test                     ] Test testConcurrent {#688 seed=[A89B4FF56754358E:78BCADD13FAEBADA]}(org.elasticsearch.common.util.concurrent.CountDownTest) started
[2014-02-18 15:38:33,760][INFO ][test                     ] Test testConcurrent {#688 seed=[A89B4FF56754358E:78BCADD13FAEBADA]}(org.elasticsearch.common.util.concurrent.CountDownTest) finished
[2014-02-18 15:38:33,761][INFO ][test                     ] Test testConcurrent {#689 seed=[A89B4FF56754358E:1961FE2264298DFC]}(org.elasticsearch.common.util.concurrent.CountDownTest) started
[2014-02-18 15:38:33,763][INFO ][test                     ] Test testConcurrent {#689 seed=[A89B4FF56754358E:1961FE2264298DFC]}(org.elasticsearch.common.util.concurrent.CountDownTest) finished
[2014-02-18 15:38:33,763][INFO ][test                     ] Test testConcurrent {#690 seed=[A89B4FF56754358E:C7B18C147EB1ABC6]}(org.elasticsearch.common.util.concurrent.CountDownTest) started
[2014-02-18 15:38:33,766][INFO ][test                     ] Test testConcurrent {#690 seed=[A89B4FF56754358E:C7B18C147EB1ABC6]}(org.elasticsearch.common.util.concurrent.CountDownTest) finished
[2014-02-18 15:38:33,766][INFO ][test                     ] Test testConcurrent {#691 seed=[A89B4FF56754358E:309B638C724341D1]}(org.elasticsearch.common.util.concurrent.CountDownTest) started
[2014-02-18 15:38:33,768][INFO ][test                     ] Test testConcurrent {#691 seed=[A89B4FF56754358E:309B638C724341D1]}(org.elasticsearch.common.util.concurrent.CountDownTest) finished
[2014-02-18 15:38:33,769][INFO ][test                     ] Test testConcurrent {#692 seed=[A89B4FF56754358E:410D862C8A5F1130]}(org.elasticsearch.common.util.concurrent.CountDownTest) started
[2014-02-18 15:38:33,771][INFO ][test                     ] Test testConcurrent {#692 seed=[A89B4FF56754358E:410D862C8A5F1130]}(org.elasticsearch.common.util.concurrent.CountDownTest) finished
[2014-02-18 15:38:33,771][INFO ][test                     ] Test testConcurrent {#693 seed=[A89B4FF56754358E:EE293237CED59DC2]}(org.elasticsearch.common.util.concurrent.CountDownTest) started
[2014-02-18 15:38:33,774][INFO ][test                     ] Test testConcurrent {#693 seed=[A89B4FF56754358E:EE293237CED59DC2]}(org.elasticsearch.common.util.concurrent.CountDownTest) finished
[2014-02-18 15:38:33,774][INFO ][test                     ] Test testConcurrent {#694 seed=[A89B4FF56754358E:978FC1F4A9B47E9A]}(org.elasticsearch.common.util.concurrent.CountDownTest) started
[2014-02-18 15:38:33,776][INFO ][test                     ] Test testConcurrent {#694 seed=[A89B4FF56754358E:978FC1F4A9B47E9A]}(org.elasticsearch.common.util.concurrent.CountDownTest) finished
[2014-02-18 15:38:33,777][INFO ][test                     ] Test testConcurrent {#695 seed=[A89B4FF56754358E:473465C8289F5B37]}(org.elasticsearch.common.util.concurrent.CountDownTest) started
[2014-02-18 15:38:33,779][INFO ][test                     ] Test testConcurrent {#695 seed=[A89B4FF56754358E:473465C8289F5B37]}(org.elasticsearch.common.util.concurrent.CountDownTest) finished
[2014-02-18 15:38:33,779][INFO ][test                     ] Test testConcurrent {#696 seed=[A89B4FF56754358E:C77C6F4EE7CC710D]}(org.elasticsearch.common.util.concurrent.CountDownTest) started
[2014-02-18 15:38:33,782][INFO ][test                     ] Test testConcurrent {#696 seed=[A89B4FF56754358E:C77C6F4EE7CC710D]}(org.elasticsearch.common.util.concurrent.CountDownTest) finished
[2014-02-18 15:38:33,782][INFO ][test                     ] Test testConcurrent {#697 seed=[A89B4FF56754358E:35D02B3B0893D9F8]}(org.elasticsearch.common.util.concurrent.CountDownTest) started
[2014-02-18 15:38:33,785][INFO ][test                     ] Test testConcurrent {#697 seed=[A89B4FF56754358E:35D02B3B0893D9F8]}(org.elasticsearch.common.util.concurrent.CountDownTest) finished
[2014-02-18 15:38:33,785][INFO ][test                     ] Test testConcurrent {#698 seed=[A89B4FF56754358E:1651A8BCDAB77DCA]}(org.elasticsearch.common.util.concurrent.CountDownTest) started
[2014-02-18 15:38:33,788][INFO ][test                     ] Test testConcurrent {#698 seed=[A89B4FF56754358E:1651A8BCDAB77DCA]}(org.elasticsearch.common.util.concurrent.CountDownTest) finished
[2014-02-18 15:38:33,788][INFO ][test                     ] Test testConcurrent {#699 seed=[A89B4FF56754358E:406560A6169BFC6C]}(org.elasticsearch.common.util.concurrent.CountDownTest) started
[2014-02-18 15:38:33,791][INFO ][test                     ] Test testConcurrent {#699 seed=[A89B4FF56754358E:406560A6169BFC6C]}(org.elasticsearch.common.util.concurrent.CountDownTest) finished
[2014-02-18 15:38:33,791][INFO ][test                     ] Test testConcurrent {#700 seed=[A89B4FF56754358E:90249CE5546DCC6C]}(org.elasticsearch.common.util.concurrent.CountDownTest) started
[2014-02-18 15:38:33,794][INFO ][test                     ] Test testConcurrent {#700 seed=[A89B4FF56754358E:90249CE5546DCC6C]}(org.elasticsearch.common.util.concurrent.CountDownTest) finished
[2014-02-18 15:38:33,794][INFO ][test                     ] Test testConcurrent {#701 seed=[A89B4FF56754358E:FE9B4C47D4BF3492]}(org.elasticsearch.common.util.concurrent.CountDownTest) started
[2014-02-18 15:38:33,797][INFO ][test                     ] Test testConcurrent {#701 seed=[A89B4FF56754358E:FE9B4C47D4BF3492]}(org.elasticsearch.common.util.concurrent.CountDownTest) finished
[2014-02-18 15:38:33,797][INFO ][test                     ] Test testConcurrent {#702 seed=[A89B4FF56754358E:CACF0F291B155F3C]}(org.elasticsearch.common.util.concurrent.CountDownTest) started
[2014-02-18 15:38:33,800][INFO ][test                     ] Test testConcurrent {#702 seed=[A89B4FF56754358E:CACF0F291B155F3C]}(org.elasticsearch.common.util.concurrent.CountDownTest) finished
[2014-02-18 15:38:33,800][INFO ][test                     ] Test testConcurrent {#703 seed=[A89B4FF56754358E:242E7F2F43E4322C]}(org.elasticsearch.common.util.concurrent.CountDownTest) started
[2014-02-18 15:38:33,803][INFO ][test                     ] Test testConcurrent {#703 seed=[A89B4FF56754358E:242E7F2F43E4322C]}(org.elasticsearch.common.util.concurrent.CountDownTest) finished
[2014-02-18 15:38:33,803][INFO ][test                     ] Test testConcurrent {#704 seed=[A89B4FF56754358E:E65D0507EAC9CA81]}(org.elasticsearch.common.util.concurrent.CountDownTest) started
[2014-02-18 15:38:33,805][INFO ][test                     ] Test testConcurrent {#704 seed=[A89B4FF56754358E:E65D0507EAC9CA81]}(org.elasticsearch.common.util.concurrent.CountDownTest) finished
[2014-02-18 15:38:33,806][INFO ][test                     ] Test testConcurrent {#705 seed=[A89B4FF56754358E:52742DFCB0A6F963]}(org.elasticsearch.common.util.concurrent.CountDownTest) started
[2014-02-18 15:38:33,808][INFO ][test                     ] Test testConcurrent {#705 seed=[A89B4FF56754358E:52742DFCB0A6F963]}(org.elasticsearch.common.util.concurrent.CountDownTest) finished
[2014-02-18 15:38:33,808][INFO ][test                     ] Test testConcurrent {#706 seed=[A89B4FF56754358E:108CC841C0E7F19C]}(org.elasticsearch.common.util.concurrent.CountDownTest) started
[2014-02-18 15:38:33,811][INFO ][test                     ] Test testConcurrent {#706 seed=[A89B4FF56754358E:108CC841C0E7F19C]}(org.elasticsearch.common.util.concurrent.CountDownTest) finished
[2014-02-18 15:38:33,811][INFO ][test                     ] Test testConcurrent {#707 seed=[A89B4FF56754358E:415D55221E217076]}(org.elasticsearch.common.util.concurrent.CountDownTest) started
[2014-02-18 15:38:33,813][INFO ][test                     ] Test testConcurrent {#707 seed=[A89B4FF56754358E:415D55221E217076]}(org.elasticsearch.common.util.concurrent.CountDownTest) finished
[2014-02-18 15:38:33,814][INFO ][test                     ] Test testConcurrent {#708 seed=[A89B4FF56754358E:DCF8FC45D8BE82B4]}(org.elasticsearch.common.util.concurrent.CountDownTest) started
[2014-02-18 15:38:33,816][INFO ][test                     ] Test testConcurrent {#708 seed=[A89B4FF56754358E:DCF8FC45D8BE82B4]}(org.elasticsearch.common.util.concurrent.CountDownTest) finished
[2014-02-18 15:38:33,816][INFO ][test                     ] Test testConcurrent {#709 seed=[A89B4FF56754358E:DFD34C84A6CD39AB]}(org.elasticsearch.common.util.concurrent.CountDownTest) started
[2014-02-18 15:38:33,819][INFO ][test                     ] Test testConcurrent {#709 seed=[A89B4FF56754358E:DFD34C84A6CD39AB]}(org.elasticsearch.common.util.concurrent.CountDownTest) finished
[2014-02-18 15:38:33,819][INFO ][test                     ] Test testConcurrent {#710 seed=[A89B4FF56754358E:E77BED2DD1279B66]}(org.elasticsearch.common.util.concurrent.CountDownTest) started
[2014-02-18 15:38:33,821][INFO ][test                     ] Test testConcurrent {#710 seed=[A89B4FF56754358E:E77BED2DD1279B66]}(org.elasticsearch.common.util.concurrent.CountDownTest) finished
[2014-02-18 15:38:33,822][INFO ][test                     ] Test testConcurrent {#711 seed=[A89B4FF56754358E:13C5D8A41787E251]}(org.elasticsearch.common.util.concurrent.CountDownTest) started
[2014-02-18 15:38:33,824][INFO ][test                     ] Test testConcurrent {#711 seed=[A89B4FF56754358E:13C5D8A41787E251]}(org.elasticsearch.common.util.concurrent.CountDownTest) finished
[2014-02-18 15:38:33,825][INFO ][test                     ] Test testConcurrent {#712 seed=[A89B4FF56754358E:B680D836CD7530E1]}(org.elasticsearch.common.util.concurrent.CountDownTest) started
[2014-02-18 15:38:33,827][INFO ][test                     ] Test testConcurrent {#712 seed=[A89B4FF56754358E:B680D836CD7530E1]}(org.elasticsearch.common.util.concurrent.CountDownTest) finished
[2014-02-18 15:38:33,828][INFO ][test                     ] Test testConcurrent {#713 seed=[A89B4FF56754358E:6469DD89FAD1539]}(org.elasticsearch.common.util.concurrent.CountDownTest) started
[2014-02-18 15:38:33,830][INFO ][test                     ] Test testConcurrent {#713 seed=[A89B4FF56754358E:6469DD89FAD1539]}(org.elasticsearch.common.util.concurrent.CountDownTest) finished
[2014-02-18 15:38:33,830][INFO ][test                     ] Test testConcurrent {#714 seed=[A89B4FF56754358E:3CBEF3F6109DA9E6]}(org.elasticsearch.common.util.concurrent.CountDownTest) started
[2014-02-18 15:38:33,833][INFO ][test                     ] Test testConcurrent {#714 seed=[A89B4FF56754358E:3CBEF3F6109DA9E6]}(org.elasticsearch.common.util.concurrent.CountDownTest) finished
[2014-02-18 15:38:33,833][INFO ][test                     ] Test testConcurrent {#715 seed=[A89B4FF56754358E:6CE585C131F55CC2]}(org.elasticsearch.common.util.concurrent.CountDownTest) started
[2014-02-18 15:38:33,835][INFO ][test                     ] Test testConcurrent {#715 seed=[A89B4FF56754358E:6CE585C131F55CC2]}(org.elasticsearch.common.util.concurrent.CountDownTest) finished
[2014-02-18 15:38:33,836][INFO ][test                     ] Test testConcurrent {#716 seed=[A89B4FF56754358E:A6AF6E06E6D42A98]}(org.elasticsearch.common.util.concurrent.CountDownTest) started
[2014-02-18 15:38:33,838][INFO ][test                     ] Test testConcurrent {#716 seed=[A89B4FF56754358E:A6AF6E06E6D42A98]}(org.elasticsearch.common.util.concurrent.CountDownTest) finished
[2014-02-18 15:38:33,839][INFO ][test                     ] Test testConcurrent {#717 seed=[A89B4FF56754358E:CD0F59CA493F4E6D]}(org.elasticsearch.common.util.concurrent.CountDownTest) started
[2014-02-18 15:38:33,841][INFO ][test                     ] Test testConcurrent {#717 seed=[A89B4FF56754358E:CD0F59CA493F4E6D]}(org.elasticsearch.common.util.concurrent.CountDownTest) finished
[2014-02-18 15:38:33,842][INFO ][test                     ] Test testConcurrent {#718 seed=[A89B4FF56754358E:A2FA9464BD436D43]}(org.elasticsearch.common.util.concurrent.CountDownTest) started
[2014-02-18 15:38:33,845][INFO ][test                     ] Test testConcurrent {#718 seed=[A89B4FF56754358E:A2FA9464BD436D43]}(org.elasticsearch.common.util.concurrent.CountDownTest) finished
[2014-02-18 15:38:33,845][INFO ][test                     ] Test testConcurrent {#719 seed=[A89B4FF56754358E:8539C3DF53EC6F31]}(org.elasticsearch.common.util.concurrent.CountDownTest) started
[2014-02-18 15:38:33,848][INFO ][test                     ] Test testConcurrent {#719 seed=[A89B4FF56754358E:8539C3DF53EC6F31]}(org.elasticsearch.common.util.concurrent.CountDownTest) finished
[2014-02-18 15:38:33,849][INFO ][test                     ] Test testConcurrent {#720 seed=[A89B4FF56754358E:DEF7656DB817454]}(org.elasticsearch.common.util.concurrent.CountDownTest) started
[2014-02-18 15:38:33,852][INFO ][test                     ] Test testConcurrent {#720 seed=[A89B4FF56754358E:DEF7656DB817454]}(org.elasticsearch.common.util.concurrent.CountDownTest) finished
[2014-02-18 15:38:33,853][INFO ][test                     ] Test testConcurrent {#721 seed=[A89B4FF56754358E:82D589B73E5B51AF]}(org.elasticsearch.common.util.concurrent.CountDownTest) started
[2014-02-18 15:38:33,856][INFO ][test                     ] Test testConcurrent {#721 seed=[A89B4FF56754358E:82D589B73E5B51AF]}(org.elasticsearch.common.util.concurrent.CountDownTest) finished
[2014-02-18 15:38:33,857][INFO ][test                     ] Test testConcurrent {#722 seed=[A89B4FF56754358E:2283C7BEE92BF9BA]}(org.elasticsearch.common.util.concurrent.CountDownTest) started
[2014-02-18 15:38:33,861][INFO ][test                     ] Test testConcurrent {#722 seed=[A89B4FF56754358E:2283C7BEE92BF9BA]}(org.elasticsearch.common.util.concurrent.CountDownTest) finished
[2014-02-18 15:38:33,861][INFO ][test                     ] Test testConcurrent {#723 seed=[A89B4FF56754358E:5BB7EDD7D8A42D81]}(org.elasticsearch.common.util.concurrent.CountDownTest) started
[2014-02-18 15:38:33,865][INFO ][test                     ] Test testConcurrent {#723 seed=[A89B4FF56754358E:5BB7EDD7D8A42D81]}(org.elasticsearch.common.util.concurrent.CountDownTest) finished
[2014-02-18 15:38:33,865][INFO ][test                     ] Test testConcurrent {#724 seed=[A89B4FF56754358E:BEFEA341F13EBBF3]}(org.elasticsearch.common.util.concurrent.CountDownTest) started
[2014-02-18 15:38:33,867][INFO ][test                     ] Test testConcurrent {#724 seed=[A89B4FF56754358E:BEFEA341F13EBBF3]}(org.elasticsearch.common.util.concurrent.CountDownTest) finished
[2014-02-18 15:38:33,868][INFO ][test                     ] Test testConcurrent {#725 seed=[A89B4FF56754358E:71C5E512154C3FA9]}(org.elasticsearch.common.util.concurrent.CountDownTest) started
[2014-02-18 15:38:33,870][INFO ][test                     ] Test testConcurrent {#725 seed=[A89B4FF56754358E:71C5E512154C3FA9]}(org.elasticsearch.common.util.concurrent.CountDownTest) finished
[2014-02-18 15:38:33,871][INFO ][test                     ] Test testConcurrent {#726 seed=[A89B4FF56754358E:D98E255F2798B8B6]}(org.elasticsearch.common.util.concurrent.CountDownTest) started
[2014-02-18 15:38:33,873][INFO ][test                     ] Test testConcurrent {#726 seed=[A89B4FF56754358E:D98E255F2798B8B6]}(org.elasticsearch.common.util.concurrent.CountDownTest) finished
[2014-02-18 15:38:33,873][INFO ][test                     ] Test testConcurrent {#727 seed=[A89B4FF56754358E:3858E1DC3217DA88]}(org.elasticsearch.common.util.concurrent.CountDownTest) started
[2014-02-18 15:38:33,876][INFO ][test                     ] Test testConcurrent {#727 seed=[A89B4FF56754358E:3858E1DC3217DA88]}(org.elasticsearch.common.util.concurrent.CountDownTest) finished
[2014-02-18 15:38:33,876][INFO ][test                     ] Test testConcurrent {#728 seed=[A89B4FF56754358E:4EAFC36BDA4CDDE2]}(org.elasticsearch.common.util.concurrent.CountDownTest) started
[2014-02-18 15:38:33,878][INFO ][test                     ] Test testConcurrent {#728 seed=[A89B4FF56754358E:4EAFC36BDA4CDDE2]}(org.elasticsearch.common.util.concurrent.CountDownTest) finished
[2014-02-18 15:38:33,879][INFO ][test                     ] Test testConcurrent {#729 seed=[A89B4FF56754358E:842F5C3B7F3B0491]}(org.elasticsearch.common.util.concurrent.CountDownTest) started
[2014-02-18 15:38:33,881][INFO ][test                     ] Test testConcurrent {#729 seed=[A89B4FF56754358E:842F5C3B7F3B0491]}(org.elasticsearch.common.util.concurrent.CountDownTest) finished
[2014-02-18 15:38:33,882][INFO ][test                     ] Test testConcurrent {#730 seed=[A89B4FF56754358E:CC78F49AAD4E2880]}(org.elasticsearch.common.util.concurrent.CountDownTest) started
[2014-02-18 15:38:33,884][INFO ][test                     ] Test testConcurrent {#730 seed=[A89B4FF56754358E:CC78F49AAD4E2880]}(org.elasticsearch.common.util.concurrent.CountDownTest) finished
[2014-02-18 15:38:33,884][INFO ][test                     ] Test testConcurrent {#731 seed=[A89B4FF56754358E:6D8EFB0B8E3DB177]}(org.elasticsearch.common.util.concurrent.CountDownTest) started
[2014-02-18 15:38:33,886][INFO ][test                     ] Test testConcurrent {#731 seed=[A89B4FF56754358E:6D8EFB0B8E3DB177]}(org.elasticsearch.common.util.concurrent.CountDownTest) finished
[2014-02-18 15:38:33,887][INFO ][test                     ] Test testConcurrent {#732 seed=[A89B4FF56754358E:D9D1B7F758831730]}(org.elasticsearch.common.util.concurrent.CountDownTest) started
[2014-02-18 15:38:33,889][INFO ][test                     ] Test testConcurrent {#732 seed=[A89B4FF56754358E:D9D1B7F758831730]}(org.elasticsearch.common.util.concurrent.CountDownTest) finished
[2014-02-18 15:38:33,890][INFO ][test                     ] Test testConcurrent {#733 seed=[A89B4FF56754358E:7C570F49AA03BE7C]}(org.elasticsearch.common.util.concurrent.CountDownTest) started
[2014-02-18 15:38:33,892][INFO ][test                     ] Test testConcurrent {#733 seed=[A89B4FF56754358E:7C570F49AA03BE7C]}(org.elasticsearch.common.util.concurrent.CountDownTest) finished
[2014-02-18 15:38:33,893][INFO ][test                     ] Test testConcurrent {#734 seed=[A89B4FF56754358E:E877FADB3EB39D7]}(org.elasticsearch.common.util.concurrent.CountDownTest) started
[2014-02-18 15:38:33,895][INFO ][test                     ] Test testConcurrent {#734 seed=[A89B4FF56754358E:E877FADB3EB39D7]}(org.elasticsearch.common.util.concurrent.CountDownTest) finished
[2014-02-18 15:38:33,896][INFO ][test                     ] Test testConcurrent {#735 seed=[A89B4FF56754358E:429BC06E4C18B0B9]}(org.elasticsearch.common.util.concurrent.CountDownTest) started
[2014-02-18 15:38:33,898][INFO ][test                     ] Test testConcurrent {#735 seed=[A89B4FF56754358E:429BC06E4C18B0B9]}(org.elasticsearch.common.util.concurrent.CountDownTest) finished
[2014-02-18 15:38:33,898][INFO ][test                     ] Test testConcurrent {#736 seed=[A89B4FF56754358E:C49EC31901C97243]}(org.elasticsearch.common.util.concurrent.CountDownTest) started
[2014-02-18 15:38:33,901][INFO ][test                     ] Test testConcurrent {#736 seed=[A89B4FF56754358E:C49EC31901C97243]}(org.elasticsearch.common.util.concurrent.CountDownTest) finished
[2014-02-18 15:38:33,901][INFO ][test                     ] Test testConcurrent {#737 seed=[A89B4FF56754358E:BFC1DAD57DF0D40E]}(org.elasticsearch.common.util.concurrent.CountDownTest) started
[2014-02-18 15:38:33,904][INFO ][test                     ] Test testConcurrent {#737 seed=[A89B4FF56754358E:BFC1DAD57DF0D40E]}(org.elasticsearch.common.util.concurrent.CountDownTest) finished
[2014-02-18 15:38:33,904][INFO ][test                     ] Test testConcurrent {#738 seed=[A89B4FF56754358E:D1B186ABC9EF9A80]}(org.elasticsearch.common.util.concurrent.CountDownTest) started
[2014-02-18 15:38:33,906][INFO ][test                     ] Test testConcurrent {#738 seed=[A89B4FF56754358E:D1B186ABC9EF9A80]}(org.elasticsearch.common.util.concurrent.CountDownTest) finished
[2014-02-18 15:38:33,907][INFO ][test                     ] Test testConcurrent {#739 seed=[A89B4FF56754358E:735E3176A90359C1]}(org.elasticsearch.common.util.concurrent.CountDownTest) started
[2014-02-18 15:38:33,912][INFO ][test                     ] Test testConcurrent {#739 seed=[A89B4FF56754358E:735E3176A90359C1]}(org.elasticsearch.common.util.concurrent.CountDownTest) finished
[2014-02-18 15:38:33,912][INFO ][test                     ] Test testConcurrent {#740 seed=[A89B4FF56754358E:93C2E1E2B07B2A72]}(org.elasticsearch.common.util.concurrent.CountDownTest) started
[2014-02-18 15:38:33,915][INFO ][test                     ] Test testConcurrent {#740 seed=[A89B4FF56754358E:93C2E1E2B07B2A72]}(org.elasticsearch.common.util.concurrent.CountDownTest) finished
[2014-02-18 15:38:33,915][INFO ][test                     ] Test testConcurrent {#741 seed=[A89B4FF56754358E:68CA275A108C30]}(org.elasticsearch.common.util.concurrent.CountDownTest) started
[2014-02-18 15:38:33,918][INFO ][test                     ] Test testConcurrent {#741 seed=[A89B4FF56754358E:68CA275A108C30]}(org.elasticsearch.common.util.concurrent.CountDownTest) finished
[2014-02-18 15:38:33,919][INFO ][test                     ] Test testConcurrent {#742 seed=[A89B4FF56754358E:BBB5E441E3D8FC96]}(org.elasticsearch.common.util.concurrent.CountDownTest) started
[2014-02-18 15:38:33,922][INFO ][test                     ] Test testConcurrent {#742 seed=[A89B4FF56754358E:BBB5E441E3D8FC96]}(org.elasticsearch.common.util.concurrent.CountDownTest) finished
[2014-02-18 15:38:33,922][INFO ][test                     ] Test testConcurrent {#743 seed=[A89B4FF56754358E:37530BA72DAB58DA]}(org.elasticsearch.common.util.concurrent.CountDownTest) started
[2014-02-18 15:38:33,925][INFO ][test                     ] Test testConcurrent {#743 seed=[A89B4FF56754358E:37530BA72DAB58DA]}(org.elasticsearch.common.util.concurrent.CountDownTest) finished
[2014-02-18 15:38:33,926][INFO ][test                     ] Test testConcurrent {#744 seed=[A89B4FF56754358E:F5F2025F6652299B]}(org.elasticsearch.common.util.concurrent.CountDownTest) started
[2014-02-18 15:38:33,929][INFO ][test                     ] Test testConcurrent {#744 seed=[A89B4FF56754358E:F5F2025F6652299B]}(org.elasticsearch.common.util.concurrent.CountDownTest) finished
[2014-02-18 15:38:33,929][INFO ][test                     ] Test testConcurrent {#745 seed=[A89B4FF56754358E:F030CD033FFB552E]}(org.elasticsearch.common.util.concurrent.CountDownTest) started
[2014-02-18 15:38:33,932][INFO ][test                     ] Test testConcurrent {#745 seed=[A89B4FF56754358E:F030CD033FFB552E]}(org.elasticsearch.common.util.concurrent.CountDownTest) finished
[2014-02-18 15:38:33,933][INFO ][test                     ] Test testConcurrent {#746 seed=[A89B4FF56754358E:F49950998895F746]}(org.elasticsearch.common.util.concurrent.CountDownTest) started
[2014-02-18 15:38:33,935][INFO ][test                     ] Test testConcurrent {#746 seed=[A89B4FF56754358E:F49950998895F746]}(org.elasticsearch.common.util.concurrent.CountDownTest) finished
[2014-02-18 15:38:33,936][INFO ][test                     ] Test testConcurrent {#747 seed=[A89B4FF56754358E:2422A831FC29B66D]}(org.elasticsearch.common.util.concurrent.CountDownTest) started
[2014-02-18 15:38:33,939][INFO ][test                     ] Test testConcurrent {#747 seed=[A89B4FF56754358E:2422A831FC29B66D]}(org.elasticsearch.common.util.concurrent.CountDownTest) finished
[2014-02-18 15:38:33,939][INFO ][test                     ] Test testConcurrent {#748 seed=[A89B4FF56754358E:16AF0985349BBC8A]}(org.elasticsearch.common.util.concurrent.CountDownTest) started
[2014-02-18 15:38:33,943][INFO ][test                     ] Test testConcurrent {#748 seed=[A89B4FF56754358E:16AF0985349BBC8A]}(org.elasticsearch.common.util.concurrent.CountDownTest) finished
[2014-02-18 15:38:33,943][INFO ][test                     ] Test testConcurrent {#749 seed=[A89B4FF56754358E:4DBE83806527305B]}(org.elasticsearch.common.util.concurrent.CountDownTest) started
[2014-02-18 15:38:33,946][INFO ][test                     ] Test testConcurrent {#749 seed=[A89B4FF56754358E:4DBE83806527305B]}(org.elasticsearch.common.util.concurrent.CountDownTest) finished
[2014-02-18 15:38:33,946][INFO ][test                     ] Test testConcurrent {#750 seed=[A89B4FF56754358E:AD7D39D00F99AC16]}(org.elasticsearch.common.util.concurrent.CountDownTest) started
[2014-02-18 15:38:33,949][INFO ][test                     ] Test testConcurrent {#750 seed=[A89B4FF56754358E:AD7D39D00F99AC16]}(org.elasticsearch.common.util.concurrent.CountDownTest) finished
[2014-02-18 15:38:33,949][INFO ][test                     ] Test testConcurrent {#751 seed=[A89B4FF56754358E:95C6114EDE6D1476]}(org.elasticsearch.common.util.concurrent.CountDownTest) started
[2014-02-18 15:38:33,952][INFO ][test                     ] Test testConcurrent {#751 seed=[A89B4FF56754358E:95C6114EDE6D1476]}(org.elasticsearch.common.util.concurrent.CountDownTest) finished
[2014-02-18 15:38:33,952][INFO ][test                     ] Test testConcurrent {#752 seed=[A89B4FF56754358E:FFDC29097DC2EAA8]}(org.elasticsearch.common.util.concurrent.CountDownTest) started
[2014-02-18 15:38:33,955][INFO ][test                     ] Test testConcurrent {#752 seed=[A89B4FF56754358E:FFDC29097DC2EAA8]}(org.elasticsearch.common.util.concurrent.CountDownTest) finished
[2014-02-18 15:38:33,955][INFO ][test                     ] Test testConcurrent {#753 seed=[A89B4FF56754358E:AB8327CC61384761]}(org.elasticsearch.common.util.concurrent.CountDownTest) started
[2014-02-18 15:38:33,958][INFO ][test                     ] Test testConcurrent {#753 seed=[A89B4FF56754358E:AB8327CC61384761]}(org.elasticsearch.common.util.concurrent.CountDownTest) finished
[2014-02-18 15:38:33,959][INFO ][test                     ] Test testConcurrent {#754 seed=[A89B4FF56754358E:E538BA1C1EC4BEDC]}(org.elasticsearch.common.util.concurrent.CountDownTest) started
[2014-02-18 15:38:33,962][INFO ][test                     ] Test testConcurrent {#754 seed=[A89B4FF56754358E:E538BA1C1EC4BEDC]}(org.elasticsearch.common.util.concurrent.CountDownTest) finished
[2014-02-18 15:38:33,962][INFO ][test                     ] Test testConcurrent {#755 seed=[A89B4FF56754358E:F5F022984E888D31]}(org.elasticsearch.common.util.concurrent.CountDownTest) started
[2014-02-18 15:38:33,965][INFO ][test                     ] Test testConcurrent {#755 seed=[A89B4FF56754358E:F5F022984E888D31]}(org.elasticsearch.common.util.concurrent.CountDownTest) finished
[2014-02-18 15:38:33,966][INFO ][test                     ] Test testConcurrent {#756 seed=[A89B4FF56754358E:86512DBA07B92F9D]}(org.elasticsearch.common.util.concurrent.CountDownTest) started
[2014-02-18 15:38:33,969][INFO ][test                     ] Test testConcurrent {#756 seed=[A89B4FF56754358E:86512DBA07B92F9D]}(org.elasticsearch.common.util.concurrent.CountDownTest) finished
[2014-02-18 15:38:33,970][INFO ][test                     ] Test testConcurrent {#757 seed=[A89B4FF56754358E:5679E23FFBA3006C]}(org.elasticsearch.common.util.concurrent.CountDownTest) started
[2014-02-18 15:38:33,973][INFO ][test                     ] Test testConcurrent {#757 seed=[A89B4FF56754358E:5679E23FFBA3006C]}(org.elasticsearch.common.util.concurrent.CountDownTest) finished
[2014-02-18 15:38:33,973][INFO ][test                     ] Test testConcurrent {#758 seed=[A89B4FF56754358E:A80A4CB0DFE4739E]}(org.elasticsearch.common.util.concurrent.CountDownTest) started
[2014-02-18 15:38:33,976][INFO ][test                     ] Test testConcurrent {#758 seed=[A89B4FF56754358E:A80A4CB0DFE4739E]}(org.elasticsearch.common.util.concurrent.CountDownTest) finished
[2014-02-18 15:38:33,977][INFO ][test                     ] Test testConcurrent {#759 seed=[A89B4FF56754358E:4A68A8217F2D02A9]}(org.elasticsearch.common.util.concurrent.CountDownTest) started
[2014-02-18 15:38:33,981][INFO ][test                     ] Test testConcurrent {#759 seed=[A89B4FF56754358E:4A68A8217F2D02A9]}(org.elasticsearch.common.util.concurrent.CountDownTest) finished
[2014-02-18 15:38:33,982][INFO ][test                     ] Test testConcurrent {#760 seed=[A89B4FF56754358E:F7279B2449E0D5D6]}(org.elasticsearch.common.util.concurrent.CountDownTest) started
[2014-02-18 15:38:33,985][INFO ][test                     ] Test testConcurrent {#760 seed=[A89B4FF56754358E:F7279B2449E0D5D6]}(org.elasticsearch.common.util.concurrent.CountDownTest) finished
[2014-02-18 15:38:33,985][INFO ][test                     ] Test testConcurrent {#761 seed=[A89B4FF56754358E:B79A72F5C8D2A1E5]}(org.elasticsearch.common.util.concurrent.CountDownTest) started
[2014-02-18 15:38:33,987][INFO ][test                     ] Test testConcurrent {#761 seed=[A89B4FF56754358E:B79A72F5C8D2A1E5]}(org.elasticsearch.common.util.concurrent.CountDownTest) finished
[2014-02-18 15:38:33,988][INFO ][test                     ] Test testConcurrent {#762 seed=[A89B4FF56754358E:C5BFEE5790543FD1]}(org.elasticsearch.common.util.concurrent.CountDownTest) started
[2014-02-18 15:38:33,990][INFO ][test                     ] Test testConcurrent {#762 seed=[A89B4FF56754358E:C5BFEE5790543FD1]}(org.elasticsearch.common.util.concurrent.CountDownTest) finished
[2014-02-18 15:38:33,991][INFO ][test                     ] Test testConcurrent {#763 seed=[A89B4FF56754358E:D8B15EF344C71F7C]}(org.elasticsearch.common.util.concurrent.CountDownTest) started
[2014-02-18 15:38:33,993][INFO ][test                     ] Test testConcurrent {#763 seed=[A89B4FF56754358E:D8B15EF344C71F7C]}(org.elasticsearch.common.util.concurrent.CountDownTest) finished
[2014-02-18 15:38:33,994][INFO ][test                     ] Test testConcurrent {#764 seed=[A89B4FF56754358E:F916E5B177696AE0]}(org.elasticsearch.common.util.concurrent.CountDownTest) started
[2014-02-18 15:38:33,996][INFO ][test                     ] Test testConcurrent {#764 seed=[A89B4FF56754358E:F916E5B177696AE0]}(org.elasticsearch.common.util.concurrent.CountDownTest) finished
[2014-02-18 15:38:33,997][INFO ][test                     ] Test testConcurrent {#765 seed=[A89B4FF56754358E:4E2779AC66F9FA7D]}(org.elasticsearch.common.util.concurrent.CountDownTest) started
[2014-02-18 15:38:33,999][INFO ][test                     ] Test testConcurrent {#765 seed=[A89B4FF56754358E:4E2779AC66F9FA7D]}(org.elasticsearch.common.util.concurrent.CountDownTest) finished
[2014-02-18 15:38:34,000][INFO ][test                     ] Test testConcurrent {#766 seed=[A89B4FF56754358E:F01124D3DF901A67]}(org.elasticsearch.common.util.concurrent.CountDownTest) started
[2014-02-18 15:38:34,002][INFO ][test                     ] Test testConcurrent {#766 seed=[A89B4FF56754358E:F01124D3DF901A67]}(org.elasticsearch.common.util.concurrent.CountDownTest) finished
[2014-02-18 15:38:34,002][INFO ][test                     ] Test testConcurrent {#767 seed=[A89B4FF56754358E:CC41C67649D396BA]}(org.elasticsearch.common.util.concurrent.CountDownTest) started
[2014-02-18 15:38:34,005][INFO ][test                     ] Test testConcurrent {#767 seed=[A89B4FF56754358E:CC41C67649D396BA]}(org.elasticsearch.common.util.concurrent.CountDownTest) finished
[2014-02-18 15:38:34,005][INFO ][test                     ] Test testConcurrent {#768 seed=[A89B4FF56754358E:E12FD3E7FB42714F]}(org.elasticsearch.common.util.concurrent.CountDownTest) started
[2014-02-18 15:38:34,010][INFO ][test                     ] Test testConcurrent {#768 seed=[A89B4FF56754358E:E12FD3E7FB42714F]}(org.elasticsearch.common.util.concurrent.CountDownTest) finished
[2014-02-18 15:38:34,011][INFO ][test                     ] Test testConcurrent {#769 seed=[A89B4FF56754358E:415F910933FA6572]}(org.elasticsearch.common.util.concurrent.CountDownTest) started
[2014-02-18 15:38:34,014][INFO ][test                     ] Test testConcurrent {#769 seed=[A89B4FF56754358E:415F910933FA6572]}(org.elasticsearch.common.util.concurrent.CountDownTest) finished
[2014-02-18 15:38:34,014][INFO ][test                     ] Test testConcurrent {#770 seed=[A89B4FF56754358E:F4C603DA0246030E]}(org.elasticsearch.common.util.concurrent.CountDownTest) started
[2014-02-18 15:38:34,017][INFO ][test                     ] Test testConcurrent {#770 seed=[A89B4FF56754358E:F4C603DA0246030E]}(org.elasticsearch.common.util.concurrent.CountDownTest) finished
[2014-02-18 15:38:34,018][INFO ][test                     ] Test testConcurrent {#771 seed=[A89B4FF56754358E:D3148ADD830F887E]}(org.elasticsearch.common.util.concurrent.CountDownTest) started
[2014-02-18 15:38:34,021][INFO ][test                     ] Test testConcurrent {#771 seed=[A89B4FF56754358E:D3148ADD830F887E]}(org.elasticsearch.common.util.concurrent.CountDownTest) finished
[2014-02-18 15:38:34,021][INFO ][test                     ] Test testConcurrent {#772 seed=[A89B4FF56754358E:94A3AB152F4052D]}(org.elasticsearch.common.util.concurrent.CountDownTest) started
[2014-02-18 15:38:34,024][INFO ][test                     ] Test testConcurrent {#772 seed=[A89B4FF56754358E:94A3AB152F4052D]}(org.elasticsearch.common.util.concurrent.CountDownTest) finished
[2014-02-18 15:38:34,025][INFO ][test                     ] Test testConcurrent {#773 seed=[A89B4FF56754358E:801DC1DF9F517965]}(org.elasticsearch.common.util.concurrent.CountDownTest) started
[2014-02-18 15:38:34,028][INFO ][test                     ] Test testConcurrent {#773 seed=[A89B4FF56754358E:801DC1DF9F517965]}(org.elasticsearch.common.util.concurrent.CountDownTest) finished
[2014-02-18 15:38:34,028][INFO ][test                     ] Test testConcurrent {#774 seed=[A89B4FF56754358E:53145C555E2EECD]}(org.elasticsearch.common.util.concurrent.CountDownTest) started
[2014-02-18 15:38:34,031][INFO ][test                     ] Test testConcurrent {#774 seed=[A89B4FF56754358E:53145C555E2EECD]}(org.elasticsearch.common.util.concurrent.CountDownTest) finished
[2014-02-18 15:38:34,032][INFO ][test                     ] Test testConcurrent {#775 seed=[A89B4FF56754358E:214C26DFE39DAD1B]}(org.elasticsearch.common.util.concurrent.CountDownTest) started
[2014-02-18 15:38:34,035][INFO ][test                     ] Test testConcurrent {#775 seed=[A89B4FF56754358E:214C26DFE39DAD1B]}(org.elasticsearch.common.util.concurrent.CountDownTest) finished
[2014-02-18 15:38:34,036][INFO ][test                     ] Test testConcurrent {#776 seed=[A89B4FF56754358E:31DCCA12A576A3A8]}(org.elasticsearch.common.util.concurrent.CountDownTest) started
[2014-02-18 15:38:34,038][INFO ][test                     ] Test testConcurrent {#776 seed=[A89B4FF56754358E:31DCCA12A576A3A8]}(org.elasticsearch.common.util.concurrent.CountDownTest) finished
[2014-02-18 15:38:34,039][INFO ][test                     ] Test testConcurrent {#777 seed=[A89B4FF56754358E:EB38872DC1C42DA8]}(org.elasticsearch.common.util.concurrent.CountDownTest) started
[2014-02-18 15:38:34,041][INFO ][test                     ] Test testConcurrent {#777 seed=[A89B4FF56754358E:EB38872DC1C42DA8]}(org.elasticsearch.common.util.concurrent.CountDownTest) finished
[2014-02-18 15:38:34,042][INFO ][test                     ] Test testConcurrent {#778 seed=[A89B4FF56754358E:6198BD8E6C28B38C]}(org.elasticsearch.common.util.concurrent.CountDownTest) started
[2014-02-18 15:38:34,045][INFO ][test                     ] Test testConcurrent {#778 seed=[A89B4FF56754358E:6198BD8E6C28B38C]}(org.elasticsearch.common.util.concurrent.CountDownTest) finished
[2014-02-18 15:38:34,046][INFO ][test                     ] Test testConcurrent {#779 seed=[A89B4FF56754358E:3FD8B3FCF332EC76]}(org.elasticsearch.common.util.concurrent.CountDownTest) started
[2014-02-18 15:38:34,048][INFO ][test                     ] Test testConcurrent {#779 seed=[A89B4FF56754358E:3FD8B3FCF332EC76]}(org.elasticsearch.common.util.concurrent.CountDownTest) finished
[2014-02-18 15:38:34,049][INFO ][test                     ] Test testConcurrent {#780 seed=[A89B4FF56754358E:B899B40FBA7D5AAA]}(org.elasticsearch.common.util.concurrent.CountDownTest) started
[2014-02-18 15:38:34,052][INFO ][test                     ] Test testConcurrent {#780 seed=[A89B4FF56754358E:B899B40FBA7D5AAA]}(org.elasticsearch.common.util.concurrent.CountDownTest) finished
[2014-02-18 15:38:34,052][INFO ][test                     ] Test testConcurrent {#781 seed=[A89B4FF56754358E:AF0CBF71A1480A9]}(org.elasticsearch.common.util.concurrent.CountDownTest) started
[2014-02-18 15:38:34,054][INFO ][test                     ] Test testConcurrent {#781 seed=[A89B4FF56754358E:AF0CBF71A1480A9]}(org.elasticsearch.common.util.concurrent.CountDownTest) finished
[2014-02-18 15:38:34,055][INFO ][test                     ] Test testConcurrent {#782 seed=[A89B4FF56754358E:39F2F30232A9E2D6]}(org.elasticsearch.common.util.concurrent.CountDownTest) started
[2014-02-18 15:38:34,057][INFO ][test                     ] Test testConcurrent {#782 seed=[A89B4FF56754358E:39F2F30232A9E2D6]}(org.elasticsearch.common.util.concurrent.CountDownTest) finished
[2014-02-18 15:38:34,058][INFO ][test                     ] Test testConcurrent {#783 seed=[A89B4FF56754358E:72A6A7607A9FCFBC]}(org.elasticsearch.common.util.concurrent.CountDownTest) started
[2014-02-18 15:38:34,060][INFO ][test                     ] Test testConcurrent {#783 seed=[A89B4FF56754358E:72A6A7607A9FCFBC]}(org.elasticsearch.common.util.concurrent.CountDownTest) finished
[2014-02-18 15:38:34,060][INFO ][test                     ] Test testConcurrent {#784 seed=[A89B4FF56754358E:7B3AA6453241A23B]}(org.elasticsearch.common.util.concurrent.CountDownTest) started
[2014-02-18 15:38:34,063][INFO ][test                     ] Test testConcurrent {#784 seed=[A89B4FF56754358E:7B3AA6453241A23B]}(org.elasticsearch.common.util.concurrent.CountDownTest) finished
[2014-02-18 15:38:34,063][INFO ][test                     ] Test testConcurrent {#785 seed=[A89B4FF56754358E:E8109168D1043E32]}(org.elasticsearch.common.util.concurrent.CountDownTest) started
[2014-02-18 15:38:34,065][INFO ][test                     ] Test testConcurrent {#785 seed=[A89B4FF56754358E:E8109168D1043E32]}(org.elasticsearch.common.util.concurrent.CountDownTest) finished
[2014-02-18 15:38:34,066][INFO ][test                     ] Test testConcurrent {#786 seed=[A89B4FF56754358E:C2045FFC09D38C2D]}(org.elasticsearch.common.util.concurrent.CountDownTest) started
[2014-02-18 15:38:34,068][INFO ][test                     ] Test testConcurrent {#786 seed=[A89B4FF56754358E:C2045FFC09D38C2D]}(org.elasticsearch.common.util.concurrent.CountDownTest) finished
[2014-02-18 15:38:34,068][INFO ][test                     ] Test testConcurrent {#787 seed=[A89B4FF56754358E:23EF29903413A068]}(org.elasticsearch.common.util.concurrent.CountDownTest) started
[2014-02-18 15:38:34,071][INFO ][test                     ] Test testConcurrent {#787 seed=[A89B4FF56754358E:23EF29903413A068]}(org.elasticsearch.common.util.concurrent.CountDownTest) finished
[2014-02-18 15:38:34,071][INFO ][test                     ] Test testConcurrent {#788 seed=[A89B4FF56754358E:C47A946DC5805853]}(org.elasticsearch.common.util.concurrent.CountDownTest) started
[2014-02-18 15:38:34,073][INFO ][test                     ] Test testConcurrent {#788 seed=[A89B4FF56754358E:C47A946DC5805853]}(org.elasticsearch.common.util.concurrent.CountDownTest) finished
[2014-02-18 15:38:34,074][INFO ][test                     ] Test testConcurrent {#789 seed=[A89B4FF56754358E:D584DC4DC482735C]}(org.elasticsearch.common.util.concurrent.CountDownTest) started
[2014-02-18 15:38:34,076][INFO ][test                     ] Test testConcurrent {#789 seed=[A89B4FF56754358E:D584DC4DC482735C]}(org.elasticsearch.common.util.concurrent.CountDownTest) finished
[2014-02-18 15:38:34,076][INFO ][test                     ] Test testConcurrent {#790 seed=[A89B4FF56754358E:1B5C47054FEF327D]}(org.elasticsearch.common.util.concurrent.CountDownTest) started
[2014-02-18 15:38:34,079][INFO ][test                     ] Test testConcurrent {#790 seed=[A89B4FF56754358E:1B5C47054FEF327D]}(org.elasticsearch.common.util.concurrent.CountDownTest) finished
[2014-02-18 15:38:34,079][INFO ][test                     ] Test testConcurrent {#791 seed=[A89B4FF56754358E:9936BDA3F10E7EB5]}(org.elasticsearch.common.util.concurrent.CountDownTest) started
[2014-02-18 15:38:34,081][INFO ][test                     ] Test testConcurrent {#791 seed=[A89B4FF56754358E:9936BDA3F10E7EB5]}(org.elasticsearch.common.util.concurrent.CountDownTest) finished
[2014-02-18 15:38:34,082][INFO ][test                     ] Test testConcurrent {#792 seed=[A89B4FF56754358E:2502924F2D49CB56]}(org.elasticsearch.common.util.concurrent.CountDownTest) started
[2014-02-18 15:38:34,084][INFO ][test                     ] Test testConcurrent {#792 seed=[A89B4FF56754358E:2502924F2D49CB56]}(org.elasticsearch.common.util.concurrent.CountDownTest) finished
[2014-02-18 15:38:34,084][INFO ][test                     ] Test testConcurrent {#793 seed=[A89B4FF56754358E:5CA27FF55A595F74]}(org.elasticsearch.common.util.concurrent.CountDownTest) started
[2014-02-18 15:38:34,087][INFO ][test                     ] Test testConcurrent {#793 seed=[A89B4FF56754358E:5CA27FF55A595F74]}(org.elasticsearch.common.util.concurrent.CountDownTest) finished
[2014-02-18 15:38:34,087][INFO ][test                     ] Test testConcurrent {#794 seed=[A89B4FF56754358E:D31BD7A080E8226B]}(org.elasticsearch.common.util.concurrent.CountDownTest) started
[2014-02-18 15:38:34,089][INFO ][test                     ] Test testConcurrent {#794 seed=[A89B4FF56754358E:D31BD7A080E8226B]}(org.elasticsearch.common.util.concurrent.CountDownTest) finished
[2014-02-18 15:38:34,090][INFO ][test                     ] Test testConcurrent {#795 seed=[A89B4FF56754358E:DC59245DC203C8F6]}(org.elasticsearch.common.util.concurrent.CountDownTest) started
[2014-02-18 15:38:34,092][INFO ][test                     ] Test testConcurrent {#795 seed=[A89B4FF56754358E:DC59245DC203C8F6]}(org.elasticsearch.common.util.concurrent.CountDownTest) finished
[2014-02-18 15:38:34,092][INFO ][test                     ] Test testConcurrent {#796 seed=[A89B4FF56754358E:8B872490460C1CE2]}(org.elasticsearch.common.util.concurrent.CountDownTest) started
[2014-02-18 15:38:34,095][INFO ][test                     ] Test testConcurrent {#796 seed=[A89B4FF56754358E:8B872490460C1CE2]}(org.elasticsearch.common.util.concurrent.CountDownTest) finished
[2014-02-18 15:38:34,095][INFO ][test                     ] Test testConcurrent {#797 seed=[A89B4FF56754358E:42CA4309E2805FF1]}(org.elasticsearch.common.util.concurrent.CountDownTest) started
[2014-02-18 15:38:34,098][INFO ][test                     ] Test testConcurrent {#797 seed=[A89B4FF56754358E:42CA4309E2805FF1]}(org.elasticsearch.common.util.concurrent.CountDownTest) finished
[2014-02-18 15:38:34,098][INFO ][test                     ] Test testConcurrent {#798 seed=[A89B4FF56754358E:19A54ABF4802676B]}(org.elasticsearch.common.util.concurrent.CountDownTest) started
[2014-02-18 15:38:34,101][INFO ][test                     ] Test testConcurrent {#798 seed=[A89B4FF56754358E:19A54ABF4802676B]}(org.elasticsearch.common.util.concurrent.CountDownTest) finished
[2014-02-18 15:38:34,101][INFO ][test                     ] Test testConcurrent {#799 seed=[A89B4FF56754358E:8664323E87651B30]}(org.elasticsearch.common.util.concurrent.CountDownTest) started
[2014-02-18 15:38:34,103][INFO ][test                     ] Test testConcurrent {#799 seed=[A89B4FF56754358E:8664323E87651B30]}(org.elasticsearch.common.util.concurrent.CountDownTest) finished
[2014-02-18 15:38:34,104][INFO ][test                     ] Test testConcurrent {#800 seed=[A89B4FF56754358E:1F2D36C98EA80FD2]}(org.elasticsearch.common.util.concurrent.CountDownTest) started
[2014-02-18 15:38:34,106][INFO ][test                     ] Test testConcurrent {#800 seed=[A89B4FF56754358E:1F2D36C98EA80FD2]}(org.elasticsearch.common.util.concurrent.CountDownTest) finished
[2014-02-18 15:38:34,107][INFO ][test                     ] Test testConcurrent {#801 seed=[A89B4FF56754358E:9705B8E2D15E2A78]}(org.elasticsearch.common.util.concurrent.CountDownTest) started
[2014-02-18 15:38:34,109][INFO ][test                     ] Test testConcurrent {#801 seed=[A89B4FF56754358E:9705B8E2D15E2A78]}(org.elasticsearch.common.util.concurrent.CountDownTest) finished
[2014-02-18 15:38:34,109][INFO ][test                     ] Test testConcurrent {#802 seed=[A89B4FF56754358E:D8E8B288BD24D514]}(org.elasticsearch.common.util.concurrent.CountDownTest) started
[2014-02-18 15:38:34,112][INFO ][test                     ] Test testConcurrent {#802 seed=[A89B4FF56754358E:D8E8B288BD24D514]}(org.elasticsearch.common.util.concurrent.CountDownTest) finished
[2014-02-18 15:38:34,112][INFO ][test                     ] Test testConcurrent {#803 seed=[A89B4FF56754358E:8D11F6DA8DD4668E]}(org.elasticsearch.common.util.concurrent.CountDownTest) started
[2014-02-18 15:38:34,114][INFO ][test                     ] Test testConcurrent {#803 seed=[A89B4FF56754358E:8D11F6DA8DD4668E]}(org.elasticsearch.common.util.concurrent.CountDownTest) finished
[2014-02-18 15:38:34,115][INFO ][test                     ] Test testConcurrent {#804 seed=[A89B4FF56754358E:AAB7624012BA1242]}(org.elasticsearch.common.util.concurrent.CountDownTest) started
[2014-02-18 15:38:34,117][INFO ][test                     ] Test testConcurrent {#804 seed=[A89B4FF56754358E:AAB7624012BA1242]}(org.elasticsearch.common.util.concurrent.CountDownTest) finished
[2014-02-18 15:38:34,118][INFO ][test                     ] Test testConcurrent {#805 seed=[A89B4FF56754358E:F529E984DB24135F]}(org.elasticsearch.common.util.concurrent.CountDownTest) started
[2014-02-18 15:38:34,121][INFO ][test                     ] Test testConcurrent {#805 seed=[A89B4FF56754358E:F529E984DB24135F]}(org.elasticsearch.common.util.concurrent.CountDownTest) finished
[2014-02-18 15:38:34,122][INFO ][test                     ] Test testConcurrent {#806 seed=[A89B4FF56754358E:71BD266F07936FAB]}(org.elasticsearch.common.util.concurrent.CountDownTest) started
[2014-02-18 15:38:34,127][INFO ][test                     ] Test testConcurrent {#806 seed=[A89B4FF56754358E:71BD266F07936FAB]}(org.elasticsearch.common.util.concurrent.CountDownTest) finished
[2014-02-18 15:38:34,127][INFO ][test                     ] Test testConcurrent {#807 seed=[A89B4FF56754358E:315AD0B6B944EBDC]}(org.elasticsearch.common.util.concurrent.CountDownTest) started
[2014-02-18 15:38:34,130][INFO ][test                     ] Test testConcurrent {#807 seed=[A89B4FF56754358E:315AD0B6B944EBDC]}(org.elasticsearch.common.util.concurrent.CountDownTest) finished
[2014-02-18 15:38:34,131][INFO ][test                     ] Test testConcurrent {#808 seed=[A89B4FF56754358E:65647C5FB6240CC]}(org.elasticsearch.common.util.concurrent.CountDownTest) started
[2014-02-18 15:38:34,134][INFO ][test                     ] Test testConcurrent {#808 seed=[A89B4FF56754358E:65647C5FB6240CC]}(org.elasticsearch.common.util.concurrent.CountDownTest) finished
[2014-02-18 15:38:34,135][INFO ][test                     ] Test testConcurrent {#809 seed=[A89B4FF56754358E:A9AFAF7026581609]}(org.elasticsearch.common.util.concurrent.CountDownTest) started
[2014-02-18 15:38:34,138][INFO ][test                     ] Test testConcurrent {#809 seed=[A89B4FF56754358E:A9AFAF7026581609]}(org.elasticsearch.common.util.concurrent.CountDownTest) finished
[2014-02-18 15:38:34,138][INFO ][test                     ] Test testConcurrent {#810 seed=[A89B4FF56754358E:2CC107F2E12B7C81]}(org.elasticsearch.common.util.concurrent.CountDownTest) started
[2014-02-18 15:38:34,141][INFO ][test                     ] Test testConcurrent {#810 seed=[A89B4FF56754358E:2CC107F2E12B7C81]}(org.elasticsearch.common.util.concurrent.CountDownTest) finished
[2014-02-18 15:38:34,141][INFO ][test                     ] Test testConcurrent {#811 seed=[A89B4FF56754358E:4B471595E45C0111]}(org.elasticsearch.common.util.concurrent.CountDownTest) started
[2014-02-18 15:38:34,144][INFO ][test                     ] Test testConcurrent {#811 seed=[A89B4FF56754358E:4B471595E45C0111]}(org.elasticsearch.common.util.concurrent.CountDownTest) finished
[2014-02-18 15:38:34,145][INFO ][test                     ] Test testConcurrent {#812 seed=[A89B4FF56754358E:28D59D4CA42E7CBC]}(org.elasticsearch.common.util.concurrent.CountDownTest) started
[2014-02-18 15:38:34,147][INFO ][test                     ] Test testConcurrent {#812 seed=[A89B4FF56754358E:28D59D4CA42E7CBC]}(org.elasticsearch.common.util.concurrent.CountDownTest) finished
[2014-02-18 15:38:34,148][INFO ][test                     ] Test testConcurrent {#813 seed=[A89B4FF56754358E:1BFDCECB881C0700]}(org.elasticsearch.common.util.concurrent.CountDownTest) started
[2014-02-18 15:38:34,150][INFO ][test                     ] Test testConcurrent {#813 seed=[A89B4FF56754358E:1BFDCECB881C0700]}(org.elasticsearch.common.util.concurrent.CountDownTest) finished
[2014-02-18 15:38:34,151][INFO ][test                     ] Test testConcurrent {#814 seed=[A89B4FF56754358E:EEC0BDB854073818]}(org.elasticsearch.common.util.concurrent.CountDownTest) started
[2014-02-18 15:38:34,154][INFO ][test                     ] Test testConcurrent {#814 seed=[A89B4FF56754358E:EEC0BDB854073818]}(org.elasticsearch.common.util.concurrent.CountDownTest) finished
[2014-02-18 15:38:34,154][INFO ][test                     ] Test testConcurrent {#815 seed=[A89B4FF56754358E:5B72E6EDE601CA69]}(org.elasticsearch.common.util.concurrent.CountDownTest) started
[2014-02-18 15:38:34,157][INFO ][test                     ] Test testConcurrent {#815 seed=[A89B4FF56754358E:5B72E6EDE601CA69]}(org.elasticsearch.common.util.concurrent.CountDownTest) finished
[2014-02-18 15:38:34,157][INFO ][test                     ] Test testConcurrent {#816 seed=[A89B4FF56754358E:E38BBE9AA180932]}(org.elasticsearch.common.util.concurrent.CountDownTest) started
[2014-02-18 15:38:34,162][INFO ][test                     ] Test testConcurrent {#816 seed=[A89B4FF56754358E:E38BBE9AA180932]}(org.elasticsearch.common.util.concurrent.CountDownTest) finished
[2014-02-18 15:38:34,162][INFO ][test                     ] Test testConcurrent {#817 seed=[A89B4FF56754358E:BD087D474AE7797A]}(org.elasticsearch.common.util.concurrent.CountDownTest) started
[2014-02-18 15:38:34,165][INFO ][test                     ] Test testConcurrent {#817 seed=[A89B4FF56754358E:BD087D474AE7797A]}(org.elasticsearch.common.util.concurrent.CountDownTest) finished
[2014-02-18 15:38:34,165][INFO ][test                     ] Test testConcurrent {#818 seed=[A89B4FF56754358E:914159B32DB5B459]}(org.elasticsearch.common.util.concurrent.CountDownTest) started
[2014-02-18 15:38:34,168][INFO ][test                     ] Test testConcurrent {#818 seed=[A89B4FF56754358E:914159B32DB5B459]}(org.elasticsearch.common.util.concurrent.CountDownTest) finished
[2014-02-18 15:38:34,169][INFO ][test                     ] Test testConcurrent {#819 seed=[A89B4FF56754358E:6B0F8515D6016839]}(org.elasticsearch.common.util.concurrent.CountDownTest) started
[2014-02-18 15:38:34,172][INFO ][test                     ] Test testConcurrent {#819 seed=[A89B4FF56754358E:6B0F8515D6016839]}(org.elasticsearch.common.util.concurrent.CountDownTest) finished
[2014-02-18 15:38:34,172][INFO ][test                     ] Test testConcurrent {#820 seed=[A89B4FF56754358E:D9FA439C1E4867DC]}(org.elasticsearch.common.util.concurrent.CountDownTest) started
[2014-02-18 15:38:34,175][INFO ][test                     ] Test testConcurrent {#820 seed=[A89B4FF56754358E:D9FA439C1E4867DC]}(org.elasticsearch.common.util.concurrent.CountDownTest) finished
[2014-02-18 15:38:34,176][INFO ][test                     ] Test testConcurrent {#821 seed=[A89B4FF56754358E:7FD3CC63CD11FE7C]}(org.elasticsearch.common.util.concurrent.CountDownTest) started
[2014-02-18 15:38:34,179][INFO ][test                     ] Test testConcurrent {#821 seed=[A89B4FF56754358E:7FD3CC63CD11FE7C]}(org.elasticsearch.common.util.concurrent.CountDownTest) finished
[2014-02-18 15:38:34,179][INFO ][test                     ] Test testConcurrent {#822 seed=[A89B4FF56754358E:56A4A958D6004700]}(org.elasticsearch.common.util.concurrent.CountDownTest) started
[2014-02-18 15:38:34,182][INFO ][test                     ] Test testConcurrent {#822 seed=[A89B4FF56754358E:56A4A958D6004700]}(org.elasticsearch.common.util.concurrent.CountDownTest) finished
[2014-02-18 15:38:34,183][INFO ][test                     ] Test testConcurrent {#823 seed=[A89B4FF56754358E:2A1BC4838D7A842B]}(org.elasticsearch.common.util.concurrent.CountDownTest) started
[2014-02-18 15:38:34,185][INFO ][test                     ] Test testConcurrent {#823 seed=[A89B4FF56754358E:2A1BC4838D7A842B]}(org.elasticsearch.common.util.concurrent.CountDownTest) finished
[2014-02-18 15:38:34,186][INFO ][test                     ] Test testConcurrent {#824 seed=[A89B4FF56754358E:2DFC8AC0F4A734EB]}(org.elasticsearch.common.util.concurrent.CountDownTest) started
[2014-02-18 15:38:34,189][INFO ][test                     ] Test testConcurrent {#824 seed=[A89B4FF56754358E:2DFC8AC0F4A734EB]}(org.elasticsearch.common.util.concurrent.CountDownTest) finished
[2014-02-18 15:38:34,189][INFO ][test                     ] Test testConcurrent {#825 seed=[A89B4FF56754358E:CCBF4F55E3278F22]}(org.elasticsearch.common.util.concurrent.CountDownTest) started
[2014-02-18 15:38:34,193][INFO ][test                     ] Test testConcurrent {#825 seed=[A89B4FF56754358E:CCBF4F55E3278F22]}(org.elasticsearch.common.util.concurrent.CountDownTest) finished
[2014-02-18 15:38:34,193][INFO ][test                     ] Test testConcurrent {#826 seed=[A89B4FF56754358E:606821A919E0DA75]}(org.elasticsearch.common.util.concurrent.CountDownTest) started
[2014-02-18 15:38:34,196][INFO ][test                     ] Test testConcurrent {#826 seed=[A89B4FF56754358E:606821A919E0DA75]}(org.elasticsearch.common.util.concurrent.CountDownTest) finished
[2014-02-18 15:38:34,197][INFO ][test                     ] Test testConcurrent {#827 seed=[A89B4FF56754358E:3BF80A9E0E87FE91]}(org.elasticsearch.common.util.concurrent.CountDownTest) started
[2014-02-18 15:38:34,200][INFO ][test                     ] Test testConcurrent {#827 seed=[A89B4FF56754358E:3BF80A9E0E87FE91]}(org.elasticsearch.common.util.concurrent.CountDownTest) finished
[2014-02-18 15:38:34,200][INFO ][test                     ] Test testConcurrent {#828 seed=[A89B4FF56754358E:B3A83C4C6F3954B1]}(org.elasticsearch.common.util.concurrent.CountDownTest) started
[2014-02-18 15:38:34,203][INFO ][test                     ] Test testConcurrent {#828 seed=[A89B4FF56754358E:B3A83C4C6F3954B1]}(org.elasticsearch.common.util.concurrent.CountDownTest) finished
[2014-02-18 15:38:34,204][INFO ][test                     ] Test testConcurrent {#829 seed=[A89B4FF56754358E:6888CCF1BE8620A4]}(org.elasticsearch.common.util.concurrent.CountDownTest) started
[2014-02-18 15:38:34,207][INFO ][test                     ] Test testConcurrent {#829 seed=[A89B4FF56754358E:6888CCF1BE8620A4]}(org.elasticsearch.common.util.concurrent.CountDownTest) finished
[2014-02-18 15:38:34,208][INFO ][test                     ] Test testConcurrent {#830 seed=[A89B4FF56754358E:2375F96827F52859]}(org.elasticsearch.common.util.concurrent.CountDownTest) started
[2014-02-18 15:38:34,211][INFO ][test                     ] Test testConcurrent {#830 seed=[A89B4FF56754358E:2375F96827F52859]}(org.elasticsearch.common.util.concurrent.CountDownTest) finished
[2014-02-18 15:38:34,212][INFO ][test                     ] Test testConcurrent {#831 seed=[A89B4FF56754358E:557CA5D072DC8BCA]}(org.elasticsearch.common.util.concurrent.CountDownTest) started
[2014-02-18 15:38:34,215][INFO ][test                     ] Test testConcurrent {#831 seed=[A89B4FF56754358E:557CA5D072DC8BCA]}(org.elasticsearch.common.util.concurrent.CountDownTest) finished
[2014-02-18 15:38:34,215][INFO ][test                     ] Test testConcurrent {#832 seed=[A89B4FF56754358E:7A4CDFB0488179E]}(org.elasticsearch.common.util.concurrent.CountDownTest) started
[2014-02-18 15:38:34,217][INFO ][test                     ] Test testConcurrent {#832 seed=[A89B4FF56754358E:7A4CDFB0488179E]}(org.elasticsearch.common.util.concurrent.CountDownTest) finished
[2014-02-18 15:38:34,218][INFO ][test                     ] Test testConcurrent {#833 seed=[A89B4FF56754358E:D1B2EA124C03E919]}(org.elasticsearch.common.util.concurrent.CountDownTest) started
[2014-02-18 15:38:34,221][INFO ][test                     ] Test testConcurrent {#833 seed=[A89B4FF56754358E:D1B2EA124C03E919]}(org.elasticsearch.common.util.concurrent.CountDownTest) finished
[2014-02-18 15:38:34,221][INFO ][test                     ] Test testConcurrent {#834 seed=[A89B4FF56754358E:6852AB3E6BCD63D6]}(org.elasticsearch.common.util.concurrent.CountDownTest) started
[2014-02-18 15:38:34,224][INFO ][test                     ] Test testConcurrent {#834 seed=[A89B4FF56754358E:6852AB3E6BCD63D6]}(org.elasticsearch.common.util.concurrent.CountDownTest) finished
[2014-02-18 15:38:34,225][INFO ][test                     ] Test testConcurrent {#835 seed=[A89B4FF56754358E:B1B9F1808D1C0F36]}(org.elasticsearch.common.util.concurrent.CountDownTest) started
[2014-02-18 15:38:34,227][INFO ][test                     ] Test testConcurrent {#835 seed=[A89B4FF56754358E:B1B9F1808D1C0F36]}(org.elasticsearch.common.util.concurrent.CountDownTest) finished
[2014-02-18 15:38:34,228][INFO ][test                     ] Test testConcurrent {#836 seed=[A89B4FF56754358E:1E67A1BEBD6CF62]}(org.elasticsearch.common.util.concurrent.CountDownTest) started
[2014-02-18 15:38:34,231][INFO ][test                     ] Test testConcurrent {#836 seed=[A89B4FF56754358E:1E67A1BEBD6CF62]}(org.elasticsearch.common.util.concurrent.CountDownTest) finished
[2014-02-18 15:38:34,232][INFO ][test                     ] Test testConcurrent {#837 seed=[A89B4FF56754358E:60BEE31E791ED3C]}(org.elasticsearch.common.util.concurrent.CountDownTest) started
[2014-02-18 15:38:34,235][INFO ][test                     ] Test testConcurrent {#837 seed=[A89B4FF56754358E:60BEE31E791ED3C]}(org.elasticsearch.common.util.concurrent.CountDownTest) finished
[2014-02-18 15:38:34,235][INFO ][test                     ] Test testConcurrent {#838 seed=[A89B4FF56754358E:F00CD5415AEE3795]}(org.elasticsearch.common.util.concurrent.CountDownTest) started
[2014-02-18 15:38:34,237][INFO ][test                     ] Test testConcurrent {#838 seed=[A89B4FF56754358E:F00CD5415AEE3795]}(org.elasticsearch.common.util.concurrent.CountDownTest) finished
[2014-02-18 15:38:34,238][INFO ][test                     ] Test testConcurrent {#839 seed=[A89B4FF56754358E:1B561F8B172B179F]}(org.elasticsearch.common.util.concurrent.CountDownTest) started
[2014-02-18 15:38:34,240][INFO ][test                     ] Test testConcurrent {#839 seed=[A89B4FF56754358E:1B561F8B172B179F]}(org.elasticsearch.common.util.concurrent.CountDownTest) finished
[2014-02-18 15:38:34,240][INFO ][test                     ] Test testConcurrent {#840 seed=[A89B4FF56754358E:B28D80CB58270CBE]}(org.elasticsearch.common.util.concurrent.CountDownTest) started
[2014-02-18 15:38:34,243][INFO ][test                     ] Test testConcurrent {#840 seed=[A89B4FF56754358E:B28D80CB58270CBE]}(org.elasticsearch.common.util.concurrent.CountDownTest) finished
[2014-02-18 15:38:34,244][INFO ][test                     ] Test testConcurrent {#841 seed=[A89B4FF56754358E:A68666C9BDCE33BC]}(org.elasticsearch.common.util.concurrent.CountDownTest) started
[2014-02-18 15:38:34,246][INFO ][test                     ] Test testConcurrent {#841 seed=[A89B4FF56754358E:A68666C9BDCE33BC]}(org.elasticsearch.common.util.concurrent.CountDownTest) finished
[2014-02-18 15:38:34,246][INFO ][test                     ] Test testConcurrent {#842 seed=[A89B4FF56754358E:8374F294D041999B]}(org.elasticsearch.common.util.concurrent.CountDownTest) started
[2014-02-18 15:38:34,249][INFO ][test                     ] Test testConcurrent {#842 seed=[A89B4FF56754358E:8374F294D041999B]}(org.elasticsearch.common.util.concurrent.CountDownTest) finished
[2014-02-18 15:38:34,249][INFO ][test                     ] Test testConcurrent {#843 seed=[A89B4FF56754358E:EADCE0DB4F632303]}(org.elasticsearch.common.util.concurrent.CountDownTest) started
[2014-02-18 15:38:34,252][INFO ][test                     ] Test testConcurrent {#843 seed=[A89B4FF56754358E:EADCE0DB4F632303]}(org.elasticsearch.common.util.concurrent.CountDownTest) finished
[2014-02-18 15:38:34,253][INFO ][test                     ] Test testConcurrent {#844 seed=[A89B4FF56754358E:1254AAB2C511DC9E]}(org.elasticsearch.common.util.concurrent.CountDownTest) started
[2014-02-18 15:38:34,255][INFO ][test                     ] Test testConcurrent {#844 seed=[A89B4FF56754358E:1254AAB2C511DC9E]}(org.elasticsearch.common.util.concurrent.CountDownTest) finished
[2014-02-18 15:38:34,256][INFO ][test                     ] Test testConcurrent {#845 seed=[A89B4FF56754358E:D30FB317E398E047]}(org.elasticsearch.common.util.concurrent.CountDownTest) started
[2014-02-18 15:38:34,258][INFO ][test                     ] Test testConcurrent {#845 seed=[A89B4FF56754358E:D30FB317E398E047]}(org.elasticsearch.common.util.concurrent.CountDownTest) finished
[2014-02-18 15:38:34,258][INFO ][test                     ] Test testConcurrent {#846 seed=[A89B4FF56754358E:78230E98C1E92BF1]}(org.elasticsearch.common.util.concurrent.CountDownTest) started
[2014-02-18 15:38:34,261][INFO ][test                     ] Test testConcurrent {#846 seed=[A89B4FF56754358E:78230E98C1E92BF1]}(org.elasticsearch.common.util.concurrent.CountDownTest) finished
[2014-02-18 15:38:34,261][INFO ][test                     ] Test testConcurrent {#847 seed=[A89B4FF56754358E:67FB0008AC1BB996]}(org.elasticsearch.common.util.concurrent.CountDownTest) started
[2014-02-18 15:38:34,264][INFO ][test                     ] Test testConcurrent {#847 seed=[A89B4FF56754358E:67FB0008AC1BB996]}(org.elasticsearch.common.util.concurrent.CountDownTest) finished
[2014-02-18 15:38:34,264][INFO ][test                     ] Test testConcurrent {#848 seed=[A89B4FF56754358E:67556A1E37D91B3C]}(org.elasticsearch.common.util.concurrent.CountDownTest) started
[2014-02-18 15:38:34,266][INFO ][test                     ] Test testConcurrent {#848 seed=[A89B4FF56754358E:67556A1E37D91B3C]}(org.elasticsearch.common.util.concurrent.CountDownTest) finished
[2014-02-18 15:38:34,267][INFO ][test                     ] Test testConcurrent {#849 seed=[A89B4FF56754358E:8E112CB98466C0FC]}(org.elasticsearch.common.util.concurrent.CountDownTest) started
[2014-02-18 15:38:34,269][INFO ][test                     ] Test testConcurrent {#849 seed=[A89B4FF56754358E:8E112CB98466C0FC]}(org.elasticsearch.common.util.concurrent.CountDownTest) finished
[2014-02-18 15:38:34,269][INFO ][test                     ] Test testConcurrent {#850 seed=[A89B4FF56754358E:781A61A79D8212EA]}(org.elasticsearch.common.util.concurrent.CountDownTest) started
[2014-02-18 15:38:34,272][INFO ][test                     ] Test testConcurrent {#850 seed=[A89B4FF56754358E:781A61A79D8212EA]}(org.elasticsearch.common.util.concurrent.CountDownTest) finished
[2014-02-18 15:38:34,272][INFO ][test                     ] Test testConcurrent {#851 seed=[A89B4FF56754358E:310FCEBB3FEFB824]}(org.elasticsearch.common.util.concurrent.CountDownTest) started
[2014-02-18 15:38:34,274][INFO ][test                     ] Test testConcurrent {#851 seed=[A89B4FF56754358E:310FCEBB3FEFB824]}(org.elasticsearch.common.util.concurrent.CountDownTest) finished
[2014-02-18 15:38:34,275][INFO ][test                     ] Test testConcurrent {#852 seed=[A89B4FF56754358E:4E7171D2A57D3EC5]}(org.elasticsearch.common.util.concurrent.CountDownTest) started
[2014-02-18 15:38:34,277][INFO ][test                     ] Test testConcurrent {#852 seed=[A89B4FF56754358E:4E7171D2A57D3EC5]}(org.elasticsearch.common.util.concurrent.CountDownTest) finished
[2014-02-18 15:38:34,278][INFO ][test                     ] Test testConcurrent {#853 seed=[A89B4FF56754358E:65D5A8CDA3B9C9A1]}(org.elasticsearch.common.util.concurrent.CountDownTest) started
[2014-02-18 15:38:34,280][INFO ][test                     ] Test testConcurrent {#853 seed=[A89B4FF56754358E:65D5A8CDA3B9C9A1]}(org.elasticsearch.common.util.concurrent.CountDownTest) finished
[2014-02-18 15:38:34,280][INFO ][test                     ] Test testConcurrent {#854 seed=[A89B4FF56754358E:E824BF8CAE1D1354]}(org.elasticsearch.common.util.concurrent.CountDownTest) started
[2014-02-18 15:38:34,283][INFO ][test                     ] Test testConcurrent {#854 seed=[A89B4FF56754358E:E824BF8CAE1D1354]}(org.elasticsearch.common.util.concurrent.CountDownTest) finished
[2014-02-18 15:38:34,283][INFO ][test                     ] Test testConcurrent {#855 seed=[A89B4FF56754358E:BCE0B9F77742872]}(org.elasticsearch.common.util.concurrent.CountDownTest) started
[2014-02-18 15:38:34,285][INFO ][test                     ] Test testConcurrent {#855 seed=[A89B4FF56754358E:BCE0B9F77742872]}(org.elasticsearch.common.util.concurrent.CountDownTest) finished
[2014-02-18 15:38:34,286][INFO ][test                     ] Test testConcurrent {#856 seed=[A89B4FF56754358E:BFC634E06BCB71C8]}(org.elasticsearch.common.util.concurrent.CountDownTest) started
[2014-02-18 15:38:34,288][INFO ][test                     ] Test testConcurrent {#856 seed=[A89B4FF56754358E:BFC634E06BCB71C8]}(org.elasticsearch.common.util.concurrent.CountDownTest) finished
[2014-02-18 15:38:34,289][INFO ][test                     ] Test testConcurrent {#857 seed=[A89B4FF56754358E:426BFE361B47CE80]}(org.elasticsearch.common.util.concurrent.CountDownTest) started
[2014-02-18 15:38:34,292][INFO ][test                     ] Test testConcurrent {#857 seed=[A89B4FF56754358E:426BFE361B47CE80]}(org.elasticsearch.common.util.concurrent.CountDownTest) finished
[2014-02-18 15:38:34,293][INFO ][test                     ] Test testConcurrent {#858 seed=[A89B4FF56754358E:5444869FFEBFB461]}(org.elasticsearch.common.util.concurrent.CountDownTest) started
[2014-02-18 15:38:34,295][INFO ][test                     ] Test testConcurrent {#858 seed=[A89B4FF56754358E:5444869FFEBFB461]}(org.elasticsearch.common.util.concurrent.CountDownTest) finished
[2014-02-18 15:38:34,296][INFO ][test                     ] Test testConcurrent {#859 seed=[A89B4FF56754358E:220B9C1B6513F29C]}(org.elasticsearch.common.util.concurrent.CountDownTest) started
[2014-02-18 15:38:34,298][INFO ][test                     ] Test testConcurrent {#859 seed=[A89B4FF56754358E:220B9C1B6513F29C]}(org.elasticsearch.common.util.concurrent.CountDownTest) finished
[2014-02-18 15:38:34,298][INFO ][test                     ] Test testConcurrent {#860 seed=[A89B4FF56754358E:B80188AF0C89C01]}(org.elasticsearch.common.util.concurrent.CountDownTest) started
[2014-02-18 15:38:34,301][INFO ][test                     ] Test testConcurrent {#860 seed=[A89B4FF56754358E:B80188AF0C89C01]}(org.elasticsearch.common.util.concurrent.CountDownTest) finished
[2014-02-18 15:38:34,301][INFO ][test                     ] Test testConcurrent {#861 seed=[A89B4FF56754358E:F89A8B5400C619C5]}(org.elasticsearch.common.util.concurrent.CountDownTest) started
[2014-02-18 15:38:34,304][INFO ][test                     ] Test testConcurrent {#861 seed=[A89B4FF56754358E:F89A8B5400C619C5]}(org.elasticsearch.common.util.concurrent.CountDownTest) finished
[2014-02-18 15:38:34,304][INFO ][test                     ] Test testConcurrent {#862 seed=[A89B4FF56754358E:D67A1055FCBE79B0]}(org.elasticsearch.common.util.concurrent.CountDownTest) started
[2014-02-18 15:38:34,306][INFO ][test                     ] Test testConcurrent {#862 seed=[A89B4FF56754358E:D67A1055FCBE79B0]}(org.elasticsearch.common.util.concurrent.CountDownTest) finished
[2014-02-18 15:38:34,307][INFO ][test                     ] Test testConcurrent {#863 seed=[A89B4FF56754358E:DED8E03D385E832B]}(org.elasticsearch.common.util.concurrent.CountDownTest) started
[2014-02-18 15:38:34,309][INFO ][test                     ] Test testConcurrent {#863 seed=[A89B4FF56754358E:DED8E03D385E832B]}(org.elasticsearch.common.util.concurrent.CountDownTest) finished
[2014-02-18 15:38:34,310][INFO ][test                     ] Test testConcurrent {#864 seed=[A89B4FF56754358E:D137138BDD013215]}(org.elasticsearch.common.util.concurrent.CountDownTest) started
[2014-02-18 15:38:34,312][INFO ][test                     ] Test testConcurrent {#864 seed=[A89B4FF56754358E:D137138BDD013215]}(org.elasticsearch.common.util.concurrent.CountDownTest) finished
[2014-02-18 15:38:34,312][INFO ][test                     ] Test testConcurrent {#865 seed=[A89B4FF56754358E:CFED24F4F23F5FD9]}(org.elasticsearch.common.util.concurrent.CountDownTest) started
[2014-02-18 15:38:34,314][INFO ][test                     ] Test testConcurrent {#865 seed=[A89B4FF56754358E:CFED24F4F23F5FD9]}(org.elasticsearch.common.util.concurrent.CountDownTest) finished
[2014-02-18 15:38:34,315][INFO ][test                     ] Test testConcurrent {#866 seed=[A89B4FF56754358E:F78FC3EDF7ED7CC0]}(org.elasticsearch.common.util.concurrent.CountDownTest) started
[2014-02-18 15:38:34,318][INFO ][test                     ] Test testConcurrent {#866 seed=[A89B4FF56754358E:F78FC3EDF7ED7CC0]}(org.elasticsearch.common.util.concurrent.CountDownTest) finished
[2014-02-18 15:38:34,319][INFO ][test                     ] Test testConcurrent {#867 seed=[A89B4FF56754358E:E403ACBE0DD77516]}(org.elasticsearch.common.util.concurrent.CountDownTest) started
[2014-02-18 15:38:34,321][INFO ][test                     ] Test testConcurrent {#867 seed=[A89B4FF56754358E:E403ACBE0DD77516]}(org.elasticsearch.common.util.concurrent.CountDownTest) finished
[2014-02-18 15:38:34,321][INFO ][test                     ] Test testConcurrent {#868 seed=[A89B4FF56754358E:F9A1BD3E13A17183]}(org.elasticsearch.common.util.concurrent.CountDownTest) started
[2014-02-18 15:38:34,324][INFO ][test                     ] Test testConcurrent {#868 seed=[A89B4FF56754358E:F9A1BD3E13A17183]}(org.elasticsearch.common.util.concurrent.CountDownTest) finished
[2014-02-18 15:38:34,324][INFO ][test                     ] Test testConcurrent {#869 seed=[A89B4FF56754358E:E87ECC82DF259E76]}(org.elasticsearch.common.util.concurrent.CountDownTest) started
[2014-02-18 15:38:34,326][INFO ][test                     ] Test testConcurrent {#869 seed=[A89B4FF56754358E:E87ECC82DF259E76]}(org.elasticsearch.common.util.concurrent.CountDownTest) finished
[2014-02-18 15:38:34,326][INFO ][test                     ] Test testConcurrent {#870 seed=[A89B4FF56754358E:D7AAD56DDD23B854]}(org.elasticsearch.common.util.concurrent.CountDownTest) started
[2014-02-18 15:38:34,329][INFO ][test                     ] Test testConcurrent {#870 seed=[A89B4FF56754358E:D7AAD56DDD23B854]}(org.elasticsearch.common.util.concurrent.CountDownTest) finished
[2014-02-18 15:38:34,329][INFO ][test                     ] Test testConcurrent {#871 seed=[A89B4FF56754358E:AC6A05B37126C934]}(org.elasticsearch.common.util.concurrent.CountDownTest) started
[2014-02-18 15:38:34,331][INFO ][test                     ] Test testConcurrent {#871 seed=[A89B4FF56754358E:AC6A05B37126C934]}(org.elasticsearch.common.util.concurrent.CountDownTest) finished
[2014-02-18 15:38:34,331][INFO ][test                     ] Test testConcurrent {#872 seed=[A89B4FF56754358E:945BF417A864B843]}(org.elasticsearch.common.util.concurrent.CountDownTest) started
[2014-02-18 15:38:34,334][INFO ][test                     ] Test testConcurrent {#872 seed=[A89B4FF56754358E:945BF417A864B843]}(org.elasticsearch.common.util.concurrent.CountDownTest) finished
[2014-02-18 15:38:34,334][INFO ][test                     ] Test testConcurrent {#873 seed=[A89B4FF56754358E:C5CCA0A0E3A10EFB]}(org.elasticsearch.common.util.concurrent.CountDownTest) started
[2014-02-18 15:38:34,336][INFO ][test                     ] Test testConcurrent {#873 seed=[A89B4FF56754358E:C5CCA0A0E3A10EFB]}(org.elasticsearch.common.util.concurrent.CountDownTest) finished
[2014-02-18 15:38:34,337][INFO ][test                     ] Test testConcurrent {#874 seed=[A89B4FF56754358E:B17A6718000AE952]}(org.elasticsearch.common.util.concurrent.CountDownTest) started
[2014-02-18 15:38:34,339][INFO ][test                     ] Test testConcurrent {#874 seed=[A89B4FF56754358E:B17A6718000AE952]}(org.elasticsearch.common.util.concurrent.CountDownTest) finished
[2014-02-18 15:38:34,340][INFO ][test                     ] Test testConcurrent {#875 seed=[A89B4FF56754358E:F76FCCF8E272B1DD]}(org.elasticsearch.common.util.concurrent.CountDownTest) started
[2014-02-18 15:38:34,342][INFO ][test                     ] Test testConcurrent {#875 seed=[A89B4FF56754358E:F76FCCF8E272B1DD]}(org.elasticsearch.common.util.concurrent.CountDownTest) finished
[2014-02-18 15:38:34,342][INFO ][test                     ] Test testConcurrent {#876 seed=[A89B4FF56754358E:80C376AD4829B3E2]}(org.elasticsearch.common.util.concurrent.CountDownTest) started
[2014-02-18 15:38:34,345][INFO ][test                     ] Test testConcurrent {#876 seed=[A89B4FF56754358E:80C376AD4829B3E2]}(org.elasticsearch.common.util.concurrent.CountDownTest) finished
[2014-02-18 15:38:34,345][INFO ][test                     ] Test testConcurrent {#877 seed=[A89B4FF56754358E:5A0FBF8391770F5E]}(org.elasticsearch.common.util.concurrent.CountDownTest) started
[2014-02-18 15:38:34,347][INFO ][test                     ] Test testConcurrent {#877 seed=[A89B4FF56754358E:5A0FBF8391770F5E]}(org.elasticsearch.common.util.concurrent.CountDownTest) finished
[2014-02-18 15:38:34,348][INFO ][test                     ] Test testConcurrent {#878 seed=[A89B4FF56754358E:1B8DD09D2F0B1F5D]}(org.elasticsearch.common.util.concurrent.CountDownTest) started
[2014-02-18 15:38:34,350][INFO ][test                     ] Test testConcurrent {#878 seed=[A89B4FF56754358E:1B8DD09D2F0B1F5D]}(org.elasticsearch.common.util.concurrent.CountDownTest) finished
[2014-02-18 15:38:34,351][INFO ][test                     ] Test testConcurrent {#879 seed=[A89B4FF56754358E:C0AB304E20509607]}(org.elasticsearch.common.util.concurrent.CountDownTest) started
[2014-02-18 15:38:34,353][INFO ][test                     ] Test testConcurrent {#879 seed=[A89B4FF56754358E:C0AB304E20509607]}(org.elasticsearch.common.util.concurrent.CountDownTest) finished
[2014-02-18 15:38:34,353][INFO ][test                     ] Test testConcurrent {#880 seed=[A89B4FF56754358E:9E3D300CCA6C08EB]}(org.elasticsearch.common.util.concurrent.CountDownTest) started
[2014-02-18 15:38:34,355][INFO ][test                     ] Test testConcurrent {#880 seed=[A89B4FF56754358E:9E3D300CCA6C08EB]}(org.elasticsearch.common.util.concurrent.CountDownTest) finished
[2014-02-18 15:38:34,356][INFO ][test                     ] Test testConcurrent {#881 seed=[A89B4FF56754358E:3F266C5B04B0233F]}(org.elasticsearch.common.util.concurrent.CountDownTest) started
[2014-02-18 15:38:34,358][INFO ][test                     ] Test testConcurrent {#881 seed=[A89B4FF56754358E:3F266C5B04B0233F]}(org.elasticsearch.common.util.concurrent.CountDownTest) finished
[2014-02-18 15:38:34,358][INFO ][test                     ] Test testConcurrent {#882 seed=[A89B4FF56754358E:82F00E5EBBF67338]}(org.elasticsearch.common.util.concurrent.CountDownTest) started
[2014-02-18 15:38:34,361][INFO ][test                     ] Test testConcurrent {#882 seed=[A89B4FF56754358E:82F00E5EBBF67338]}(org.elasticsearch.common.util.concurrent.CountDownTest) finished
[2014-02-18 15:38:34,361][INFO ][test                     ] Test testConcurrent {#883 seed=[A89B4FF56754358E:9DA85DF50022EDB6]}(org.elasticsearch.common.util.concurrent.CountDownTest) started
[2014-02-18 15:38:34,363][INFO ][test                     ] Test testConcurrent {#883 seed=[A89B4FF56754358E:9DA85DF50022EDB6]}(org.elasticsearch.common.util.concurrent.CountDownTest) finished
[2014-02-18 15:38:34,364][INFO ][test                     ] Test testConcurrent {#884 seed=[A89B4FF56754358E:E283F401DC50BBA1]}(org.elasticsearch.common.util.concurrent.CountDownTest) started
[2014-02-18 15:38:34,366][INFO ][test                     ] Test testConcurrent {#884 seed=[A89B4FF56754358E:E283F401DC50BBA1]}(org.elasticsearch.common.util.concurrent.CountDownTest) finished
[2014-02-18 15:38:34,366][INFO ][test                     ] Test testConcurrent {#885 seed=[A89B4FF56754358E:F7529D6A5AE182DB]}(org.elasticsearch.common.util.concurrent.CountDownTest) started
[2014-02-18 15:38:34,368][INFO ][test                     ] Test testConcurrent {#885 seed=[A89B4FF56754358E:F7529D6A5AE182DB]}(org.elasticsearch.common.util.concurrent.CountDownTest) finished
[2014-02-18 15:38:34,369][INFO ][test                     ] Test testConcurrent {#886 seed=[A89B4FF56754358E:9CEBE065A8BB5A39]}(org.elasticsearch.common.util.concurrent.CountDownTest) started
[2014-02-18 15:38:34,371][INFO ][test                     ] Test testConcurrent {#886 seed=[A89B4FF56754358E:9CEBE065A8BB5A39]}(org.elasticsearch.common.util.concurrent.CountDownTest) finished
[2014-02-18 15:38:34,371][INFO ][test                     ] Test testConcurrent {#887 seed=[A89B4FF56754358E:657EA3DB2AADA2B5]}(org.elasticsearch.common.util.concurrent.CountDownTest) started
[2014-02-18 15:38:34,380][INFO ][test                     ] Test testConcurrent {#887 seed=[A89B4FF56754358E:657EA3DB2AADA2B5]}(org.elasticsearch.common.util.concurrent.CountDownTest) finished
[2014-02-18 15:38:34,380][INFO ][test                     ] Test testConcurrent {#888 seed=[A89B4FF56754358E:E85C83B0937180ED]}(org.elasticsearch.common.util.concurrent.CountDownTest) started
[2014-02-18 15:38:34,383][INFO ][test                     ] Test testConcurrent {#888 seed=[A89B4FF56754358E:E85C83B0937180ED]}(org.elasticsearch.common.util.concurrent.CountDownTest) finished
[2014-02-18 15:38:34,383][INFO ][test                     ] Test testConcurrent {#889 seed=[A89B4FF56754358E:5A4B6324F2D145C8]}(org.elasticsearch.common.util.concurrent.CountDownTest) started
[2014-02-18 15:38:34,385][INFO ][test                     ] Test testConcurrent {#889 seed=[A89B4FF56754358E:5A4B6324F2D145C8]}(org.elasticsearch.common.util.concurrent.CountDownTest) finished
[2014-02-18 15:38:34,386][INFO ][test                     ] Test testConcurrent {#890 seed=[A89B4FF56754358E:F6D1457C10029BD1]}(org.elasticsearch.common.util.concurrent.CountDownTest) started
[2014-02-18 15:38:34,388][INFO ][test                     ] Test testConcurrent {#890 seed=[A89B4FF56754358E:F6D1457C10029BD1]}(org.elasticsearch.common.util.concurrent.CountDownTest) finished
[2014-02-18 15:38:34,388][INFO ][test                     ] Test testConcurrent {#891 seed=[A89B4FF56754358E:CB4BCE5336591A0D]}(org.elasticsearch.common.util.concurrent.CountDownTest) started
[2014-02-18 15:38:34,392][INFO ][test                     ] Test testConcurrent {#891 seed=[A89B4FF56754358E:CB4BCE5336591A0D]}(org.elasticsearch.common.util.concurrent.CountDownTest) finished
[2014-02-18 15:38:34,393][INFO ][test                     ] Test testConcurrent {#892 seed=[A89B4FF56754358E:CBBD7B90A2EF2481]}(org.elasticsearch.common.util.concurrent.CountDownTest) started
[2014-02-18 15:38:34,396][INFO ][test                     ] Test testConcurrent {#892 seed=[A89B4FF56754358E:CBBD7B90A2EF2481]}(org.elasticsearch.common.util.concurrent.CountDownTest) finished
[2014-02-18 15:38:34,397][INFO ][test                     ] Test testConcurrent {#893 seed=[A89B4FF56754358E:DD743C8A0B8C84B3]}(org.elasticsearch.common.util.concurrent.CountDownTest) started
[2014-02-18 15:38:34,399][INFO ][test                     ] Test testConcurrent {#893 seed=[A89B4FF56754358E:DD743C8A0B8C84B3]}(org.elasticsearch.common.util.concurrent.CountDownTest) finished
[2014-02-18 15:38:34,400][INFO ][test                     ] Test testConcurrent {#894 seed=[A89B4FF56754358E:D2443173853C8A1A]}(org.elasticsearch.common.util.concurrent.CountDownTest) started
[2014-02-18 15:38:34,402][INFO ][test                     ] Test testConcurrent {#894 seed=[A89B4FF56754358E:D2443173853C8A1A]}(org.elasticsearch.common.util.concurrent.CountDownTest) finished
[2014-02-18 15:38:34,403][INFO ][test                     ] Test testConcurrent {#895 seed=[A89B4FF56754358E:147B4F0836F4DD14]}(org.elasticsearch.common.util.concurrent.CountDownTest) started
[2014-02-18 15:38:34,406][INFO ][test                     ] Test testConcurrent {#895 seed=[A89B4FF56754358E:147B4F0836F4DD14]}(org.elasticsearch.common.util.concurrent.CountDownTest) finished
[2014-02-18 15:38:34,406][INFO ][test                     ] Test testConcurrent {#896 seed=[A89B4FF56754358E:D16DD916F551D55]}(org.elasticsearch.common.util.concurrent.CountDownTest) started
[2014-02-18 15:38:34,409][INFO ][test                     ] Test testConcurrent {#896 seed=[A89B4FF56754358E:D16DD916F551D55]}(org.elasticsearch.common.util.concurrent.CountDownTest) finished
[2014-02-18 15:38:34,410][INFO ][test                     ] Test testConcurrent {#897 seed=[A89B4FF56754358E:8E869C899F31F766]}(org.elasticsearch.common.util.concurrent.CountDownTest) started
[2014-02-18 15:38:34,417][INFO ][test                     ] Test testConcurrent {#897 seed=[A89B4FF56754358E:8E869C899F31F766]}(org.elasticsearch.common.util.concurrent.CountDownTest) finished
[2014-02-18 15:38:34,418][INFO ][test                     ] Test testConcurrent {#898 seed=[A89B4FF56754358E:BE57771215538FF]}(org.elasticsearch.common.util.concurrent.CountDownTest) started
[2014-02-18 15:38:34,422][INFO ][test                     ] Test testConcurrent {#898 seed=[A89B4FF56754358E:BE57771215538FF]}(org.elasticsearch.common.util.concurrent.CountDownTest) finished
[2014-02-18 15:38:34,423][INFO ][test                     ] Test testConcurrent {#899 seed=[A89B4FF56754358E:F77AE2CCA305B03A]}(org.elasticsearch.common.util.concurrent.CountDownTest) started
[2014-02-18 15:38:34,427][INFO ][test                     ] Test testConcurrent {#899 seed=[A89B4FF56754358E:F77AE2CCA305B03A]}(org.elasticsearch.common.util.concurrent.CountDownTest) finished
[2014-02-18 15:38:34,427][INFO ][test                     ] Test testConcurrent {#900 seed=[A89B4FF56754358E:3761E7B2AC165CA8]}(org.elasticsearch.common.util.concurrent.CountDownTest) started
[2014-02-18 15:38:34,432][INFO ][test                     ] Test testConcurrent {#900 seed=[A89B4FF56754358E:3761E7B2AC165CA8]}(org.elasticsearch.common.util.concurrent.CountDownTest) finished
[2014-02-18 15:38:34,432][INFO ][test                     ] Test testConcurrent {#901 seed=[A89B4FF56754358E:E9570035D24785F]}(org.elasticsearch.common.util.concurrent.CountDownTest) started
[2014-02-18 15:38:34,437][INFO ][test                     ] Test testConcurrent {#901 seed=[A89B4FF56754358E:E9570035D24785F]}(org.elasticsearch.common.util.concurrent.CountDownTest) finished
[2014-02-18 15:38:34,437][INFO ][test                     ] Test testConcurrent {#902 seed=[A89B4FF56754358E:2DE41DA31BD471CA]}(org.elasticsearch.common.util.concurrent.CountDownTest) started
[2014-02-18 15:38:34,441][INFO ][test                     ] Test testConcurrent {#902 seed=[A89B4FF56754358E:2DE41DA31BD471CA]}(org.elasticsearch.common.util.concurrent.CountDownTest) finished
[2014-02-18 15:38:34,442][INFO ][test                     ] Test testConcurrent {#903 seed=[A89B4FF56754358E:24B677F1411A6FF0]}(org.elasticsearch.common.util.concurrent.CountDownTest) started
[2014-02-18 15:38:34,447][INFO ][test                     ] Test testConcurrent {#903 seed=[A89B4FF56754358E:24B677F1411A6FF0]}(org.elasticsearch.common.util.concurrent.CountDownTest) finished
[2014-02-18 15:38:34,448][INFO ][test                     ] Test testConcurrent {#904 seed=[A89B4FF56754358E:5BB7E4BEB372B8BA]}(org.elasticsearch.common.util.concurrent.CountDownTest) started
[2014-02-18 15:38:34,452][INFO ][test                     ] Test testConcurrent {#904 seed=[A89B4FF56754358E:5BB7E4BEB372B8BA]}(org.elasticsearch.common.util.concurrent.CountDownTest) finished
[2014-02-18 15:38:34,453][INFO ][test                     ] Test testConcurrent {#905 seed=[A89B4FF56754358E:55FD2719754C70E6]}(org.elasticsearch.common.util.concurrent.CountDownTest) started
[2014-02-18 15:38:34,457][INFO ][test                     ] Test testConcurrent {#905 seed=[A89B4FF56754358E:55FD2719754C70E6]}(org.elasticsearch.common.util.concurrent.CountDownTest) finished
[2014-02-18 15:38:34,459][INFO ][test                     ] Test testConcurrent {#906 seed=[A89B4FF56754358E:A9EFF3CA0E69CF49]}(org.elasticsearch.common.util.concurrent.CountDownTest) started
[2014-02-18 15:38:34,462][INFO ][test                     ] Test testConcurrent {#906 seed=[A89B4FF56754358E:A9EFF3CA0E69CF49]}(org.elasticsearch.common.util.concurrent.CountDownTest) finished
[2014-02-18 15:38:34,463][INFO ][test                     ] Test testConcurrent {#907 seed=[A89B4FF56754358E:7DD3D7A1A2D5C377]}(org.elasticsearch.common.util.concurrent.CountDownTest) started
[2014-02-18 15:38:34,466][INFO ][test                     ] Test testConcurrent {#907 seed=[A89B4FF56754358E:7DD3D7A1A2D5C377]}(org.elasticsearch.common.util.concurrent.CountDownTest) finished
[2014-02-18 15:38:34,466][INFO ][test                     ] Test testConcurrent {#908 seed=[A89B4FF56754358E:9B377B358BB1D3BC]}(org.elasticsearch.common.util.concurrent.CountDownTest) started
[2014-02-18 15:38:34,470][INFO ][test                     ] Test testConcurrent {#908 seed=[A89B4FF56754358E:9B377B358BB1D3BC]}(org.elasticsearch.common.util.concurrent.CountDownTest) finished
[2014-02-18 15:38:34,470][INFO ][test                     ] Test testConcurrent {#909 seed=[A89B4FF56754358E:CE0C48C33B60D4B8]}(org.elasticsearch.common.util.concurrent.CountDownTest) started
[2014-02-18 15:38:34,473][INFO ][test                     ] Test testConcurrent {#909 seed=[A89B4FF56754358E:CE0C48C33B60D4B8]}(org.elasticsearch.common.util.concurrent.CountDownTest) finished
[2014-02-18 15:38:34,474][INFO ][test                     ] Test testConcurrent {#910 seed=[A89B4FF56754358E:97930A2DB1F5951]}(org.elasticsearch.common.util.concurrent.CountDownTest) started
[2014-02-18 15:38:34,476][INFO ][test                     ] Test testConcurrent {#910 seed=[A89B4FF56754358E:97930A2DB1F5951]}(org.elasticsearch.common.util.concurrent.CountDownTest) finished
[2014-02-18 15:38:34,477][INFO ][test                     ] Test testConcurrent {#911 seed=[A89B4FF56754358E:3AC3CD2124534923]}(org.elasticsearch.common.util.concurrent.CountDownTest) started
[2014-02-18 15:38:34,480][INFO ][test                     ] Test testConcurrent {#911 seed=[A89B4FF56754358E:3AC3CD2124534923]}(org.elasticsearch.common.util.concurrent.CountDownTest) finished
[2014-02-18 15:38:34,481][INFO ][test                     ] Test testConcurrent {#912 seed=[A89B4FF56754358E:83D65CC6AD3CA3F9]}(org.elasticsearch.common.util.concurrent.CountDownTest) started
[2014-02-18 15:38:34,484][INFO ][test                     ] Test testConcurrent {#912 seed=[A89B4FF56754358E:83D65CC6AD3CA3F9]}(org.elasticsearch.common.util.concurrent.CountDownTest) finished
[2014-02-18 15:38:34,484][INFO ][test                     ] Test testConcurrent {#913 seed=[A89B4FF56754358E:A9A91DE9FBF88A51]}(org.elasticsearch.common.util.concurrent.CountDownTest) started
[2014-02-18 15:38:34,487][INFO ][test                     ] Test testConcurrent {#913 seed=[A89B4FF56754358E:A9A91DE9FBF88A51]}(org.elasticsearch.common.util.concurrent.CountDownTest) finished
[2014-02-18 15:38:34,487][INFO ][test                     ] Test testConcurrent {#914 seed=[A89B4FF56754358E:23B15C898F701080]}(org.elasticsearch.common.util.concurrent.CountDownTest) started
[2014-02-18 15:38:34,490][INFO ][test                     ] Test testConcurrent {#914 seed=[A89B4FF56754358E:23B15C898F701080]}(org.elasticsearch.common.util.concurrent.CountDownTest) finished
[2014-02-18 15:38:34,490][INFO ][test                     ] Test testConcurrent {#915 seed=[A89B4FF56754358E:80E7E826052231E]}(org.elasticsearch.common.util.concurrent.CountDownTest) started
[2014-02-18 15:38:34,493][INFO ][test                     ] Test testConcurrent {#915 seed=[A89B4FF56754358E:80E7E826052231E]}(org.elasticsearch.common.util.concurrent.CountDownTest) finished
[2014-02-18 15:38:34,493][INFO ][test                     ] Test testConcurrent {#916 seed=[A89B4FF56754358E:B17BD193DBA7DDE7]}(org.elasticsearch.common.util.concurrent.CountDownTest) started
[2014-02-18 15:38:34,496][INFO ][test                     ] Test testConcurrent {#916 seed=[A89B4FF56754358E:B17BD193DBA7DDE7]}(org.elasticsearch.common.util.concurrent.CountDownTest) finished
[2014-02-18 15:38:34,497][INFO ][test                     ] Test testConcurrent {#917 seed=[A89B4FF56754358E:52261AC7CA2B5482]}(org.elasticsearch.common.util.concurrent.CountDownTest) started
[2014-02-18 15:38:34,500][INFO ][test                     ] Test testConcurrent {#917 seed=[A89B4FF56754358E:52261AC7CA2B5482]}(org.elasticsearch.common.util.concurrent.CountDownTest) finished
[2014-02-18 15:38:34,501][INFO ][test                     ] Test testConcurrent {#918 seed=[A89B4FF56754358E:452528FEC1F1C607]}(org.elasticsearch.common.util.concurrent.CountDownTest) started
[2014-02-18 15:38:34,504][INFO ][test                     ] Test testConcurrent {#918 seed=[A89B4FF56754358E:452528FEC1F1C607]}(org.elasticsearch.common.util.concurrent.CountDownTest) finished
[2014-02-18 15:38:34,504][INFO ][test                     ] Test testConcurrent {#919 seed=[A89B4FF56754358E:36619D290861367F]}(org.elasticsearch.common.util.concurrent.CountDownTest) started
[2014-02-18 15:38:34,507][INFO ][test                     ] Test testConcurrent {#919 seed=[A89B4FF56754358E:36619D290861367F]}(org.elasticsearch.common.util.concurrent.CountDownTest) finished
[2014-02-18 15:38:34,507][INFO ][test                     ] Test testConcurrent {#920 seed=[A89B4FF56754358E:D38BA7C5281F5D00]}(org.elasticsearch.common.util.concurrent.CountDownTest) started
[2014-02-18 15:38:34,509][INFO ][test                     ] Test testConcurrent {#920 seed=[A89B4FF56754358E:D38BA7C5281F5D00]}(org.elasticsearch.common.util.concurrent.CountDownTest) finished
[2014-02-18 15:38:34,510][INFO ][test                     ] Test testConcurrent {#921 seed=[A89B4FF56754358E:20D4C7B8C4B28371]}(org.elasticsearch.common.util.concurrent.CountDownTest) started
[2014-02-18 15:38:34,512][INFO ][test                     ] Test testConcurrent {#921 seed=[A89B4FF56754358E:20D4C7B8C4B28371]}(org.elasticsearch.common.util.concurrent.CountDownTest) finished
[2014-02-18 15:38:34,512][INFO ][test                     ] Test testConcurrent {#922 seed=[A89B4FF56754358E:257D85704BE6DE24]}(org.elasticsearch.common.util.concurrent.CountDownTest) started
[2014-02-18 15:38:34,515][INFO ][test                     ] Test testConcurrent {#922 seed=[A89B4FF56754358E:257D85704BE6DE24]}(org.elasticsearch.common.util.concurrent.CountDownTest) finished
[2014-02-18 15:38:34,515][INFO ][test                     ] Test testConcurrent {#923 seed=[A89B4FF56754358E:D63CAB5BAF86635A]}(org.elasticsearch.common.util.concurrent.CountDownTest) started
[2014-02-18 15:38:34,518][INFO ][test                     ] Test testConcurrent {#923 seed=[A89B4FF56754358E:D63CAB5BAF86635A]}(org.elasticsearch.common.util.concurrent.CountDownTest) finished
[2014-02-18 15:38:34,518][INFO ][test                     ] Test testConcurrent {#924 seed=[A89B4FF56754358E:106F50B1320CCC6E]}(org.elasticsearch.common.util.concurrent.CountDownTest) started
[2014-02-18 15:38:34,521][INFO ][test                     ] Test testConcurrent {#924 seed=[A89B4FF56754358E:106F50B1320CCC6E]}(org.elasticsearch.common.util.concurrent.CountDownTest) finished
[2014-02-18 15:38:34,521][INFO ][test                     ] Test testConcurrent {#925 seed=[A89B4FF56754358E:395557983FFA5AC5]}(org.elasticsearch.common.util.concurrent.CountDownTest) started
[2014-02-18 15:38:34,524][INFO ][test                     ] Test testConcurrent {#925 seed=[A89B4FF56754358E:395557983FFA5AC5]}(org.elasticsearch.common.util.concurrent.CountDownTest) finished
[2014-02-18 15:38:34,524][INFO ][test                     ] Test testConcurrent {#926 seed=[A89B4FF56754358E:9E997194E5DE7B9A]}(org.elasticsearch.common.util.concurrent.CountDownTest) started
[2014-02-18 15:38:34,527][INFO ][test                     ] Test testConcurrent {#926 seed=[A89B4FF56754358E:9E997194E5DE7B9A]}(org.elasticsearch.common.util.concurrent.CountDownTest) finished
[2014-02-18 15:38:34,527][INFO ][test                     ] Test testConcurrent {#927 seed=[A89B4FF56754358E:C0E335BE8402B23C]}(org.elasticsearch.common.util.concurrent.CountDownTest) started
[2014-02-18 15:38:34,530][INFO ][test                     ] Test testConcurrent {#927 seed=[A89B4FF56754358E:C0E335BE8402B23C]}(org.elasticsearch.common.util.concurrent.CountDownTest) finished
[2014-02-18 15:38:34,530][INFO ][test                     ] Test testConcurrent {#928 seed=[A89B4FF56754358E:BD018A61C31638BA]}(org.elasticsearch.common.util.concurrent.CountDownTest) started
[2014-02-18 15:38:34,532][INFO ][test                     ] Test testConcurrent {#928 seed=[A89B4FF56754358E:BD018A61C31638BA]}(org.elasticsearch.common.util.concurrent.CountDownTest) finished
[2014-02-18 15:38:34,533][INFO ][test                     ] Test testConcurrent {#929 seed=[A89B4FF56754358E:A772D2CEAC530A12]}(org.elasticsearch.common.util.concurrent.CountDownTest) started
[2014-02-18 15:38:34,535][INFO ][test                     ] Test testConcurrent {#929 seed=[A89B4FF56754358E:A772D2CEAC530A12]}(org.elasticsearch.common.util.concurrent.CountDownTest) finished
[2014-02-18 15:38:34,536][INFO ][test                     ] Test testConcurrent {#930 seed=[A89B4FF56754358E:369EE9945A836BFE]}(org.elasticsearch.common.util.concurrent.CountDownTest) started
[2014-02-18 15:38:34,538][INFO ][test                     ] Test testConcurrent {#930 seed=[A89B4FF56754358E:369EE9945A836BFE]}(org.elasticsearch.common.util.concurrent.CountDownTest) finished
[2014-02-18 15:38:34,538][INFO ][test                     ] Test testConcurrent {#931 seed=[A89B4FF56754358E:22CD0B25306D276]}(org.elasticsearch.common.util.concurrent.CountDownTest) started
[2014-02-18 15:38:34,541][INFO ][test                     ] Test testConcurrent {#931 seed=[A89B4FF56754358E:22CD0B25306D276]}(org.elasticsearch.common.util.concurrent.CountDownTest) finished
[2014-02-18 15:38:34,541][INFO ][test                     ] Test testConcurrent {#932 seed=[A89B4FF56754358E:4B570E1248507677]}(org.elasticsearch.common.util.concurrent.CountDownTest) started
[2014-02-18 15:38:34,543][INFO ][test                     ] Test testConcurrent {#932 seed=[A89B4FF56754358E:4B570E1248507677]}(org.elasticsearch.common.util.concurrent.CountDownTest) finished
[2014-02-18 15:38:34,544][INFO ][test                     ] Test testConcurrent {#933 seed=[A89B4FF56754358E:C19364E4407E1E2A]}(org.elasticsearch.common.util.concurrent.CountDownTest) started
[2014-02-18 15:38:34,546][INFO ][test                     ] Test testConcurrent {#933 seed=[A89B4FF56754358E:C19364E4407E1E2A]}(org.elasticsearch.common.util.concurrent.CountDownTest) finished
[2014-02-18 15:38:34,546][INFO ][test                     ] Test testConcurrent {#934 seed=[A89B4FF56754358E:96A42E09F20E3CC5]}(org.elasticsearch.common.util.concurrent.CountDownTest) started
[2014-02-18 15:38:34,549][INFO ][test                     ] Test testConcurrent {#934 seed=[A89B4FF56754358E:96A42E09F20E3CC5]}(org.elasticsearch.common.util.concurrent.CountDownTest) finished
[2014-02-18 15:38:34,549][INFO ][test                     ] Test testConcurrent {#935 seed=[A89B4FF56754358E:4C30BAB3042DB457]}(org.elasticsearch.common.util.concurrent.CountDownTest) started
[2014-02-18 15:38:34,551][INFO ][test                     ] Test testConcurrent {#935 seed=[A89B4FF56754358E:4C30BAB3042DB457]}(org.elasticsearch.common.util.concurrent.CountDownTest) finished
[2014-02-18 15:38:34,552][INFO ][test                     ] Test testConcurrent {#936 seed=[A89B4FF56754358E:A8F0B7F05B14E887]}(org.elasticsearch.common.util.concurrent.CountDownTest) started
[2014-02-18 15:38:34,554][INFO ][test                     ] Test testConcurrent {#936 seed=[A89B4FF56754358E:A8F0B7F05B14E887]}(org.elasticsearch.common.util.concurrent.CountDownTest) finished
[2014-02-18 15:38:34,554][INFO ][test                     ] Test testConcurrent {#937 seed=[A89B4FF56754358E:11F0371A40363B69]}(org.elasticsearch.common.util.concurrent.CountDownTest) started
[2014-02-18 15:38:34,557][INFO ][test                     ] Test testConcurrent {#937 seed=[A89B4FF56754358E:11F0371A40363B69]}(org.elasticsearch.common.util.concurrent.CountDownTest) finished
[2014-02-18 15:38:34,557][INFO ][test                     ] Test testConcurrent {#938 seed=[A89B4FF56754358E:851742746FFC1E3F]}(org.elasticsearch.common.util.concurrent.CountDownTest) started
[2014-02-18 15:38:34,559][INFO ][test                     ] Test testConcurrent {#938 seed=[A89B4FF56754358E:851742746FFC1E3F]}(org.elasticsearch.common.util.concurrent.CountDownTest) finished
[2014-02-18 15:38:34,560][INFO ][test                     ] Test testConcurrent {#939 seed=[A89B4FF56754358E:4247399D1E29E334]}(org.elasticsearch.common.util.concurrent.CountDownTest) started
[2014-02-18 15:38:34,562][INFO ][test                     ] Test testConcurrent {#939 seed=[A89B4FF56754358E:4247399D1E29E334]}(org.elasticsearch.common.util.concurrent.CountDownTest) finished
[2014-02-18 15:38:34,562][INFO ][test                     ] Test testConcurrent {#940 seed=[A89B4FF56754358E:64581D664E996220]}(org.elasticsearch.common.util.concurrent.CountDownTest) started
[2014-02-18 15:38:34,565][INFO ][test                     ] Test testConcurrent {#940 seed=[A89B4FF56754358E:64581D664E996220]}(org.elasticsearch.common.util.concurrent.CountDownTest) finished
[2014-02-18 15:38:34,565][INFO ][test                     ] Test testConcurrent {#941 seed=[A89B4FF56754358E:EC489569BB7B2B94]}(org.elasticsearch.common.util.concurrent.CountDownTest) started
[2014-02-18 15:38:34,567][INFO ][test                     ] Test testConcurrent {#941 seed=[A89B4FF56754358E:EC489569BB7B2B94]}(org.elasticsearch.common.util.concurrent.CountDownTest) finished
[2014-02-18 15:38:34,568][INFO ][test                     ] Test testConcurrent {#942 seed=[A89B4FF56754358E:B9A20E47FC3F245A]}(org.elasticsearch.common.util.concurrent.CountDownTest) started
[2014-02-18 15:38:34,570][INFO ][test                     ] Test testConcurrent {#942 seed=[A89B4FF56754358E:B9A20E47FC3F245A]}(org.elasticsearch.common.util.concurrent.CountDownTest) finished
[2014-02-18 15:38:34,571][INFO ][test                     ] Test testConcurrent {#943 seed=[A89B4FF56754358E:7824957124C42F3E]}(org.elasticsearch.common.util.concurrent.CountDownTest) started
[2014-02-18 15:38:34,573][INFO ][test                     ] Test testConcurrent {#943 seed=[A89B4FF56754358E:7824957124C42F3E]}(org.elasticsearch.common.util.concurrent.CountDownTest) finished
[2014-02-18 15:38:34,573][INFO ][test                     ] Test testConcurrent {#944 seed=[A89B4FF56754358E:2FC337D919A0C16B]}(org.elasticsearch.common.util.concurrent.CountDownTest) started
[2014-02-18 15:38:34,575][INFO ][test                     ] Test testConcurrent {#944 seed=[A89B4FF56754358E:2FC337D919A0C16B]}(org.elasticsearch.common.util.concurrent.CountDownTest) finished
[2014-02-18 15:38:34,576][INFO ][test                     ] Test testConcurrent {#945 seed=[A89B4FF56754358E:BA9030048D7CD10E]}(org.elasticsearch.common.util.concurrent.CountDownTest) started
[2014-02-18 15:38:34,578][INFO ][test                     ] Test testConcurrent {#945 seed=[A89B4FF56754358E:BA9030048D7CD10E]}(org.elasticsearch.common.util.concurrent.CountDownTest) finished
[2014-02-18 15:38:34,578][INFO ][test                     ] Test testConcurrent {#946 seed=[A89B4FF56754358E:5060D7868F18E3BE]}(org.elasticsearch.common.util.concurrent.CountDownTest) started
[2014-02-18 15:38:34,581][INFO ][test                     ] Test testConcurrent {#946 seed=[A89B4FF56754358E:5060D7868F18E3BE]}(org.elasticsearch.common.util.concurrent.CountDownTest) finished
[2014-02-18 15:38:34,581][INFO ][test                     ] Test testConcurrent {#947 seed=[A89B4FF56754358E:6FF243F7EF4C74A9]}(org.elasticsearch.common.util.concurrent.CountDownTest) started
[2014-02-18 15:38:34,583][INFO ][test                     ] Test testConcurrent {#947 seed=[A89B4FF56754358E:6FF243F7EF4C74A9]}(org.elasticsearch.common.util.concurrent.CountDownTest) finished
[2014-02-18 15:38:34,584][INFO ][test                     ] Test testConcurrent {#948 seed=[A89B4FF56754358E:716B870C16FE735D]}(org.elasticsearch.common.util.concurrent.CountDownTest) started
[2014-02-18 15:38:34,586][INFO ][test                     ] Test testConcurrent {#948 seed=[A89B4FF56754358E:716B870C16FE735D]}(org.elasticsearch.common.util.concurrent.CountDownTest) finished
[2014-02-18 15:38:34,587][INFO ][test                     ] Test testConcurrent {#949 seed=[A89B4FF56754358E:F282830EE1C9810]}(org.elasticsearch.common.util.concurrent.CountDownTest) started
[2014-02-18 15:38:34,589][INFO ][test                     ] Test testConcurrent {#949 seed=[A89B4FF56754358E:F282830EE1C9810]}(org.elasticsearch.common.util.concurrent.CountDownTest) finished
[2014-02-18 15:38:34,589][INFO ][test                     ] Test testConcurrent {#950 seed=[A89B4FF56754358E:97D68C5818E6B0BD]}(org.elasticsearch.common.util.concurrent.CountDownTest) started
[2014-02-18 15:38:34,592][INFO ][test                     ] Test testConcurrent {#950 seed=[A89B4FF56754358E:97D68C5818E6B0BD]}(org.elasticsearch.common.util.concurrent.CountDownTest) finished
[2014-02-18 15:38:34,592][INFO ][test                     ] Test testConcurrent {#951 seed=[A89B4FF56754358E:FFE93D2DD00493A8]}(org.elasticsearch.common.util.concurrent.CountDownTest) started
[2014-02-18 15:38:34,594][INFO ][test                     ] Test testConcurrent {#951 seed=[A89B4FF56754358E:FFE93D2DD00493A8]}(org.elasticsearch.common.util.concurrent.CountDownTest) finished
[2014-02-18 15:38:34,595][INFO ][test                     ] Test testConcurrent {#952 seed=[A89B4FF56754358E:4E58F51CEBC16321]}(org.elasticsearch.common.util.concurrent.CountDownTest) started
[2014-02-18 15:38:34,597][INFO ][test                     ] Test testConcurrent {#952 seed=[A89B4FF56754358E:4E58F51CEBC16321]}(org.elasticsearch.common.util.concurrent.CountDownTest) finished
[2014-02-18 15:38:34,598][INFO ][test                     ] Test testConcurrent {#953 seed=[A89B4FF56754358E:73C95AD68553969F]}(org.elasticsearch.common.util.concurrent.CountDownTest) started
[2014-02-18 15:38:34,600][INFO ][test                     ] Test testConcurrent {#953 seed=[A89B4FF56754358E:73C95AD68553969F]}(org.elasticsearch.common.util.concurrent.CountDownTest) finished
[2014-02-18 15:38:34,600][INFO ][test                     ] Test testConcurrent {#954 seed=[A89B4FF56754358E:36E4FBC216430C94]}(org.elasticsearch.common.util.concurrent.CountDownTest) started
[2014-02-18 15:38:34,603][INFO ][test                     ] Test testConcurrent {#954 seed=[A89B4FF56754358E:36E4FBC216430C94]}(org.elasticsearch.common.util.concurrent.CountDownTest) finished
[2014-02-18 15:38:34,603][INFO ][test                     ] Test testConcurrent {#955 seed=[A89B4FF56754358E:1EE383C66911BDE9]}(org.elasticsearch.common.util.concurrent.CountDownTest) started
[2014-02-18 15:38:34,605][INFO ][test                     ] Test testConcurrent {#955 seed=[A89B4FF56754358E:1EE383C66911BDE9]}(org.elasticsearch.common.util.concurrent.CountDownTest) finished
[2014-02-18 15:38:34,606][INFO ][test                     ] Test testConcurrent {#956 seed=[A89B4FF56754358E:BFC3549C875D7F2D]}(org.elasticsearch.common.util.concurrent.CountDownTest) started
[2014-02-18 15:38:34,608][INFO ][test                     ] Test testConcurrent {#956 seed=[A89B4FF56754358E:BFC3549C875D7F2D]}(org.elasticsearch.common.util.concurrent.CountDownTest) finished
[2014-02-18 15:38:34,608][INFO ][test                     ] Test testConcurrent {#957 seed=[A89B4FF56754358E:248FF5F7A6396E6B]}(org.elasticsearch.common.util.concurrent.CountDownTest) started
[2014-02-18 15:38:34,611][INFO ][test                     ] Test testConcurrent {#957 seed=[A89B4FF56754358E:248FF5F7A6396E6B]}(org.elasticsearch.common.util.concurrent.CountDownTest) finished
[2014-02-18 15:38:34,611][INFO ][test                     ] Test testConcurrent {#958 seed=[A89B4FF56754358E:C2BC4D370C718E92]}(org.elasticsearch.common.util.concurrent.CountDownTest) started
[2014-02-18 15:38:34,615][INFO ][test                     ] Test testConcurrent {#958 seed=[A89B4FF56754358E:C2BC4D370C718E92]}(org.elasticsearch.common.util.concurrent.CountDownTest) finished
[2014-02-18 15:38:34,616][INFO ][test                     ] Test testConcurrent {#959 seed=[A89B4FF56754358E:1C7F631DC2121978]}(org.elasticsearch.common.util.concurrent.CountDownTest) started
[2014-02-18 15:38:34,618][INFO ][test                     ] Test testConcurrent {#959 seed=[A89B4FF56754358E:1C7F631DC2121978]}(org.elasticsearch.common.util.concurrent.CountDownTest) finished
[2014-02-18 15:38:34,619][INFO ][test                     ] Test testConcurrent {#960 seed=[A89B4FF56754358E:628ED97156DD708F]}(org.elasticsearch.common.util.concurrent.CountDownTest) started
[2014-02-18 15:38:34,622][INFO ][test                     ] Test testConcurrent {#960 seed=[A89B4FF56754358E:628ED97156DD708F]}(org.elasticsearch.common.util.concurrent.CountDownTest) finished
[2014-02-18 15:38:34,622][INFO ][test                     ] Test testConcurrent {#961 seed=[A89B4FF56754358E:4FDF60B0D17E8857]}(org.elasticsearch.common.util.concurrent.CountDownTest) started
[2014-02-18 15:38:34,624][INFO ][test                     ] Test testConcurrent {#961 seed=[A89B4FF56754358E:4FDF60B0D17E8857]}(org.elasticsearch.common.util.concurrent.CountDownTest) finished
[2014-02-18 15:38:34,625][INFO ][test                     ] Test testConcurrent {#962 seed=[A89B4FF56754358E:F095140CB713387C]}(org.elasticsearch.common.util.concurrent.CountDownTest) started
[2014-02-18 15:38:34,627][INFO ][test                     ] Test testConcurrent {#962 seed=[A89B4FF56754358E:F095140CB713387C]}(org.elasticsearch.common.util.concurrent.CountDownTest) finished
[2014-02-18 15:38:34,627][INFO ][test                     ] Test testConcurrent {#963 seed=[A89B4FF56754358E:CA54C0BAA070BDC8]}(org.elasticsearch.common.util.concurrent.CountDownTest) started
[2014-02-18 15:38:34,630][INFO ][test                     ] Test testConcurrent {#963 seed=[A89B4FF56754358E:CA54C0BAA070BDC8]}(org.elasticsearch.common.util.concurrent.CountDownTest) finished
[2014-02-18 15:38:34,630][INFO ][test                     ] Test testConcurrent {#964 seed=[A89B4FF56754358E:3F50D9A863DB3A6C]}(org.elasticsearch.common.util.concurrent.CountDownTest) started
[2014-02-18 15:38:34,633][INFO ][test                     ] Test testConcurrent {#964 seed=[A89B4FF56754358E:3F50D9A863DB3A6C]}(org.elasticsearch.common.util.concurrent.CountDownTest) finished
[2014-02-18 15:38:34,633][INFO ][test                     ] Test testConcurrent {#965 seed=[A89B4FF56754358E:EEA9B7A9842FED7F]}(org.elasticsearch.common.util.concurrent.CountDownTest) started
[2014-02-18 15:38:34,635][INFO ][test                     ] Test testConcurrent {#965 seed=[A89B4FF56754358E:EEA9B7A9842FED7F]}(org.elasticsearch.common.util.concurrent.CountDownTest) finished
[2014-02-18 15:38:34,636][INFO ][test                     ] Test testConcurrent {#966 seed=[A89B4FF56754358E:2855B3FAD55E8A73]}(org.elasticsearch.common.util.concurrent.CountDownTest) started
[2014-02-18 15:38:34,638][INFO ][test                     ] Test testConcurrent {#966 seed=[A89B4FF56754358E:2855B3FAD55E8A73]}(org.elasticsearch.common.util.concurrent.CountDownTest) finished
[2014-02-18 15:38:34,638][INFO ][test                     ] Test testConcurrent {#967 seed=[A89B4FF56754358E:B639FB6570C51973]}(org.elasticsearch.common.util.concurrent.CountDownTest) started
[2014-02-18 15:38:34,641][INFO ][test                     ] Test testConcurrent {#967 seed=[A89B4FF56754358E:B639FB6570C51973]}(org.elasticsearch.common.util.concurrent.CountDownTest) finished
[2014-02-18 15:38:34,641][INFO ][test                     ] Test testConcurrent {#968 seed=[A89B4FF56754358E:FB70F4C1A4D7D84C]}(org.elasticsearch.common.util.concurrent.CountDownTest) started
[2014-02-18 15:38:34,643][INFO ][test                     ] Test testConcurrent {#968 seed=[A89B4FF56754358E:FB70F4C1A4D7D84C]}(org.elasticsearch.common.util.concurrent.CountDownTest) finished
[2014-02-18 15:38:34,644][INFO ][test                     ] Test testConcurrent {#969 seed=[A89B4FF56754358E:3EE4B879E03F91CB]}(org.elasticsearch.common.util.concurrent.CountDownTest) started
[2014-02-18 15:38:34,646][INFO ][test                     ] Test testConcurrent {#969 seed=[A89B4FF56754358E:3EE4B879E03F91CB]}(org.elasticsearch.common.util.concurrent.CountDownTest) finished
[2014-02-18 15:38:34,647][INFO ][test                     ] Test testConcurrent {#970 seed=[A89B4FF56754358E:670C9747719ACF91]}(org.elasticsearch.common.util.concurrent.CountDownTest) started
[2014-02-18 15:38:34,649][INFO ][test                     ] Test testConcurrent {#970 seed=[A89B4FF56754358E:670C9747719ACF91]}(org.elasticsearch.common.util.concurrent.CountDownTest) finished
[2014-02-18 15:38:34,649][INFO ][test                     ] Test testConcurrent {#971 seed=[A89B4FF56754358E:85623521B784029D]}(org.elasticsearch.common.util.concurrent.CountDownTest) started
[2014-02-18 15:38:34,651][INFO ][test                     ] Test testConcurrent {#971 seed=[A89B4FF56754358E:85623521B784029D]}(org.elasticsearch.common.util.concurrent.CountDownTest) finished
[2014-02-18 15:38:34,652][INFO ][test                     ] Test testConcurrent {#972 seed=[A89B4FF56754358E:1D4061882681A4C]}(org.elasticsearch.common.util.concurrent.CountDownTest) started
[2014-02-18 15:38:34,654][INFO ][test                     ] Test testConcurrent {#972 seed=[A89B4FF56754358E:1D4061882681A4C]}(org.elasticsearch.common.util.concurrent.CountDownTest) finished
[2014-02-18 15:38:34,654][INFO ][test                     ] Test testConcurrent {#973 seed=[A89B4FF56754358E:8D8996FD0103280D]}(org.elasticsearch.common.util.concurrent.CountDownTest) started
[2014-02-18 15:38:34,656][INFO ][test                     ] Test testConcurrent {#973 seed=[A89B4FF56754358E:8D8996FD0103280D]}(org.elasticsearch.common.util.concurrent.CountDownTest) finished
[2014-02-18 15:38:34,657][INFO ][test                     ] Test testConcurrent {#974 seed=[A89B4FF56754358E:701950B853B82D3A]}(org.elasticsearch.common.util.concurrent.CountDownTest) started
[2014-02-18 15:38:34,659][INFO ][test                     ] Test testConcurrent {#974 seed=[A89B4FF56754358E:701950B853B82D3A]}(org.elasticsearch.common.util.concurrent.CountDownTest) finished
[2014-02-18 15:38:34,660][INFO ][test                     ] Test testConcurrent {#975 seed=[A89B4FF56754358E:EC378A29F32C120D]}(org.elasticsearch.common.util.concurrent.CountDownTest) started
[2014-02-18 15:38:34,664][INFO ][test                     ] Test testConcurrent {#975 seed=[A89B4FF56754358E:EC378A29F32C120D]}(org.elasticsearch.common.util.concurrent.CountDownTest) finished
[2014-02-18 15:38:34,665][INFO ][test                     ] Test testConcurrent {#976 seed=[A89B4FF56754358E:403AF219E1D829B8]}(org.elasticsearch.common.util.concurrent.CountDownTest) started
[2014-02-18 15:38:34,668][INFO ][test                     ] Test testConcurrent {#976 seed=[A89B4FF56754358E:403AF219E1D829B8]}(org.elasticsearch.common.util.concurrent.CountDownTest) finished
[2014-02-18 15:38:34,669][INFO ][test                     ] Test testConcurrent {#977 seed=[A89B4FF56754358E:A6B1CAD0453E3C37]}(org.elasticsearch.common.util.concurrent.CountDownTest) started
[2014-02-18 15:38:34,672][INFO ][test                     ] Test testConcurrent {#977 seed=[A89B4FF56754358E:A6B1CAD0453E3C37]}(org.elasticsearch.common.util.concurrent.CountDownTest) finished
[2014-02-18 15:38:34,672][INFO ][test                     ] Test testConcurrent {#978 seed=[A89B4FF56754358E:8C841980DA1623EA]}(org.elasticsearch.common.util.concurrent.CountDownTest) started
[2014-02-18 15:38:34,675][INFO ][test                     ] Test testConcurrent {#978 seed=[A89B4FF56754358E:8C841980DA1623EA]}(org.elasticsearch.common.util.concurrent.CountDownTest) finished
[2014-02-18 15:38:34,675][INFO ][test                     ] Test testConcurrent {#979 seed=[A89B4FF56754358E:A80B4C9BB2C5BC1]}(org.elasticsearch.common.util.concurrent.CountDownTest) started
[2014-02-18 15:38:34,678][INFO ][test                     ] Test testConcurrent {#979 seed=[A89B4FF56754358E:A80B4C9BB2C5BC1]}(org.elasticsearch.common.util.concurrent.CountDownTest) finished
[2014-02-18 15:38:34,678][INFO ][test                     ] Test testConcurrent {#980 seed=[A89B4FF56754358E:6023384BF442946D]}(org.elasticsearch.common.util.concurrent.CountDownTest) started
[2014-02-18 15:38:34,682][INFO ][test                     ] Test testConcurrent {#980 seed=[A89B4FF56754358E:6023384BF442946D]}(org.elasticsearch.common.util.concurrent.CountDownTest) finished
[2014-02-18 15:38:34,682][INFO ][test                     ] Test testConcurrent {#981 seed=[A89B4FF56754358E:5B5417428551A23A]}(org.elasticsearch.common.util.concurrent.CountDownTest) started
[2014-02-18 15:38:34,686][INFO ][test                     ] Test testConcurrent {#981 seed=[A89B4FF56754358E:5B5417428551A23A]}(org.elasticsearch.common.util.concurrent.CountDownTest) finished
[2014-02-18 15:38:34,687][INFO ][test                     ] Test testConcurrent {#982 seed=[A89B4FF56754358E:CCF189FC999E8320]}(org.elasticsearch.common.util.concurrent.CountDownTest) started
[2014-02-18 15:38:34,690][INFO ][test                     ] Test testConcurrent {#982 seed=[A89B4FF56754358E:CCF189FC999E8320]}(org.elasticsearch.common.util.concurrent.CountDownTest) finished
[2014-02-18 15:38:34,690][INFO ][test                     ] Test testConcurrent {#983 seed=[A89B4FF56754358E:B320E334BF1327EB]}(org.elasticsearch.common.util.concurrent.CountDownTest) started
[2014-02-18 15:38:34,694][INFO ][test                     ] Test testConcurrent {#983 seed=[A89B4FF56754358E:B320E334BF1327EB]}(org.elasticsearch.common.util.concurrent.CountDownTest) finished
[2014-02-18 15:38:34,694][INFO ][test                     ] Test testConcurrent {#984 seed=[A89B4FF56754358E:47AEA55F59662BB3]}(org.elasticsearch.common.util.concurrent.CountDownTest) started
[2014-02-18 15:38:34,698][INFO ][test                     ] Test testConcurrent {#984 seed=[A89B4FF56754358E:47AEA55F59662BB3]}(org.elasticsearch.common.util.concurrent.CountDownTest) finished
[2014-02-18 15:38:34,698][INFO ][test                     ] Test testConcurrent {#985 seed=[A89B4FF56754358E:B9E8E4FD645687B9]}(org.elasticsearch.common.util.concurrent.CountDownTest) started
[2014-02-18 15:38:34,701][INFO ][test                     ] Test testConcurrent {#985 seed=[A89B4FF56754358E:B9E8E4FD645687B9]}(org.elasticsearch.common.util.concurrent.CountDownTest) finished
[2014-02-18 15:38:34,702][INFO ][test                     ] Test testConcurrent {#986 seed=[A89B4FF56754358E:C3D1BC5DD53EF8CC]}(org.elasticsearch.common.util.concurrent.CountDownTest) started
[2014-02-18 15:38:34,705][INFO ][test                     ] Test testConcurrent {#986 seed=[A89B4FF56754358E:C3D1BC5DD53EF8CC]}(org.elasticsearch.common.util.concurrent.CountDownTest) finished
[2014-02-18 15:38:34,705][INFO ][test                     ] Test testConcurrent {#987 seed=[A89B4FF56754358E:29A23E9EAC228592]}(org.elasticsearch.common.util.concurrent.CountDownTest) started
[2014-02-18 15:38:34,710][INFO ][test                     ] Test testConcurrent {#987 seed=[A89B4FF56754358E:29A23E9EAC228592]}(org.elasticsearch.common.util.concurrent.CountDownTest) finished
[2014-02-18 15:38:34,710][INFO ][test                     ] Test testConcurrent {#988 seed=[A89B4FF56754358E:C4DE91D9F0AEBB79]}(org.elasticsearch.common.util.concurrent.CountDownTest) started
[2014-02-18 15:38:34,714][INFO ][test                     ] Test testConcurrent {#988 seed=[A89B4FF56754358E:C4DE91D9F0AEBB79]}(org.elasticsearch.common.util.concurrent.CountDownTest) finished
[2014-02-18 15:38:34,715][INFO ][test                     ] Test testConcurrent {#989 seed=[A89B4FF56754358E:F4C1270916B0487E]}(org.elasticsearch.common.util.concurrent.CountDownTest) started
[2014-02-18 15:38:34,718][INFO ][test                     ] Test testConcurrent {#989 seed=[A89B4FF56754358E:F4C1270916B0487E]}(org.elasticsearch.common.util.concurrent.CountDownTest) finished
[2014-02-18 15:38:34,719][INFO ][test                     ] Test testConcurrent {#990 seed=[A89B4FF56754358E:5FE636E06161FE7F]}(org.elasticsearch.common.util.concurrent.CountDownTest) started
[2014-02-18 15:38:34,721][INFO ][test                     ] Test testConcurrent {#990 seed=[A89B4FF56754358E:5FE636E06161FE7F]}(org.elasticsearch.common.util.concurrent.CountDownTest) finished
[2014-02-18 15:38:34,722][INFO ][test                     ] Test testConcurrent {#991 seed=[A89B4FF56754358E:E604C18FA32A0B23]}(org.elasticsearch.common.util.concurrent.CountDownTest) started
[2014-02-18 15:38:34,725][INFO ][test                     ] Test testConcurrent {#991 seed=[A89B4FF56754358E:E604C18FA32A0B23]}(org.elasticsearch.common.util.concurrent.CountDownTest) finished
[2014-02-18 15:38:34,726][INFO ][test                     ] Test testConcurrent {#992 seed=[A89B4FF56754358E:D795290F8BE8C6F6]}(org.elasticsearch.common.util.concurrent.CountDownTest) started
[2014-02-18 15:38:34,730][INFO ][test                     ] Test testConcurrent {#992 seed=[A89B4FF56754358E:D795290F8BE8C6F6]}(org.elasticsearch.common.util.concurrent.CountDownTest) finished
[2014-02-18 15:38:34,731][INFO ][test                     ] Test testConcurrent {#993 seed=[A89B4FF56754358E:780A2B016D7BD98E]}(org.elasticsearch.common.util.concurrent.CountDownTest) started
[2014-02-18 15:38:34,735][INFO ][test                     ] Test testConcurrent {#993 seed=[A89B4FF56754358E:780A2B016D7BD98E]}(org.elasticsearch.common.util.concurrent.CountDownTest) finished
[2014-02-18 15:38:34,735][INFO ][test                     ] Test testConcurrent {#994 seed=[A89B4FF56754358E:F67C1757D1D166D0]}(org.elasticsearch.common.util.concurrent.CountDownTest) started
[2014-02-18 15:38:34,739][INFO ][test                     ] Test testConcurrent {#994 seed=[A89B4FF56754358E:F67C1757D1D166D0]}(org.elasticsearch.common.util.concurrent.CountDownTest) finished
[2014-02-18 15:38:34,740][INFO ][test                     ] Test testConcurrent {#995 seed=[A89B4FF56754358E:6EA34DF2F53F6FA1]}(org.elasticsearch.common.util.concurrent.CountDownTest) started
[2014-02-18 15:38:34,743][INFO ][test                     ] Test testConcurrent {#995 seed=[A89B4FF56754358E:6EA34DF2F53F6FA1]}(org.elasticsearch.common.util.concurrent.CountDownTest) finished
[2014-02-18 15:38:34,744][INFO ][test                     ] Test testConcurrent {#996 seed=[A89B4FF56754358E:136ECE90034B4E95]}(org.elasticsearch.common.util.concurrent.CountDownTest) started
[2014-02-18 15:38:34,747][INFO ][test                     ] Test testConcurrent {#996 seed=[A89B4FF56754358E:136ECE90034B4E95]}(org.elasticsearch.common.util.concurrent.CountDownTest) finished
[2014-02-18 15:38:34,747][INFO ][test                     ] Test testConcurrent {#997 seed=[A89B4FF56754358E:62994BACB83A1924]}(org.elasticsearch.common.util.concurrent.CountDownTest) started
[2014-02-18 15:38:34,750][INFO ][test                     ] Test testConcurrent {#997 seed=[A89B4FF56754358E:62994BACB83A1924]}(org.elasticsearch.common.util.concurrent.CountDownTest) finished
[2014-02-18 15:38:34,751][INFO ][test                     ] Test testConcurrent {#998 seed=[A89B4FF56754358E:5990FD10FBB0D3AF]}(org.elasticsearch.common.util.concurrent.CountDownTest) started
[2014-02-18 15:38:34,753][INFO ][test                     ] Test testConcurrent {#998 seed=[A89B4FF56754358E:5990FD10FBB0D3AF]}(org.elasticsearch.common.util.concurrent.CountDownTest) finished
[2014-02-18 15:38:34,754][INFO ][test                     ] Test testConcurrent {#999 seed=[A89B4FF56754358E:CEEA306AD2FBFBB9]}(org.elasticsearch.common.util.concurrent.CountDownTest) started
[2014-02-18 15:38:34,756][INFO ][test                     ] Test testConcurrent {#999 seed=[A89B4FF56754358E:CEEA306AD2FBFBB9]}(org.elasticsearch.common.util.concurrent.CountDownTest) finished
[2014-02-18 15:38:34,757][INFO ][test                     ] Test testSingleThreaded(org.elasticsearch.common.util.concurrent.CountDownTest) started
[2014-02-18 15:38:34,758][INFO ][test                     ] Test testSingleThreaded(org.elasticsearch.common.util.concurrent.CountDownTest) finished
]]></system-out>
   <system-err><![CDATA[]]></system-err>
</testsuite>