<testsuite errors="0" failures="0" tests="1" skipped="0" name="org.elasticsearch.tribe.TribeTests" hostname="nohost.nodomain" time="23.696" timestamp="2014-02-18T15:53:36">
   <properties class="java.util.ArrayList">
      <property name="awt.toolkit" value="sun.lwawt.macosx.LWCToolkit"/>
      <property name="es.logger.level" value="INFO"/>
      <property name="es.logger.prefix" value=""/>
      <property name="es.node.local" value=""/>
      <property name="es.node.mode" value=""/>
      <property name="file.encoding" value="UTF-8"/>
      <property name="file.encoding.pkg" value="sun.io"/>
      <property name="file.separator" value="/"/>
      <property name="ftp.nonProxyHosts" value="local|*.local|169.254/16|*.169.254/16"/>
      <property name="gopherProxySet" value="false"/>
      <property name="http.nonProxyHosts" value="local|*.local|169.254/16|*.169.254/16"/>
      <property name="java.awt.graphicsenv" value="sun.awt.CGraphicsEnvironment"/>
      <property name="java.awt.headless" value="true"/>
      <property name="java.awt.printerjob" value="sun.lwawt.macosx.CPrinterJob"/>
      <property name="java.class.path" value="/Users/bhwang/elasticsearch/target/test-classes:/Users/bhwang/elasticsearch/target/classes:/Users/bhwang/.m2/repository/org/hamcrest/hamcrest-all/1.3/hamcrest-all-1.3.jar:/Users/bhwang/.m2/repository/com/carrotsearch/randomizedtesting/randomizedtesting-runner/2.0.15/randomizedtesting-runner-2.0.15.jar:/Users/bhwang/.m2/repository/junit/junit/4.10/junit-4.10.jar:/Users/bhwang/.m2/repository/org/apache/lucene/lucene-test-framework/4.6.1/lucene-test-framework-4.6.1.jar:/Users/bhwang/.m2/repository/org/apache/lucene/lucene-expressions/4.6.1/lucene-expressions-4.6.1.jar:/Users/bhwang/.m2/repository/org/antlr/antlr-runtime/3.5/antlr-runtime-3.5.jar:/Users/bhwang/.m2/repository/org/ow2/asm/asm/4.1/asm-4.1.jar:/Users/bhwang/.m2/repository/org/ow2/asm/asm-commons/4.1/asm-commons-4.1.jar:/Users/bhwang/.m2/repository/org/apache/httpcomponents/httpclient/4.3.1/httpclient-4.3.1.jar:/Users/bhwang/.m2/repository/org/apache/httpcomponents/httpcore/4.3/httpcore-4.3.jar:/Users/bhwang/.m2/repository/commons-logging/commons-logging/1.1.3/commons-logging-1.1.3.jar:/Users/bhwang/.m2/repository/commons-codec/commons-codec/1.6/commons-codec-1.6.jar:/Users/bhwang/.m2/repository/org/apache/lucene/lucene-core/4.6.1/lucene-core-4.6.1.jar:/Users/bhwang/.m2/repository/org/apache/lucene/lucene-analyzers-common/4.6.1/lucene-analyzers-common-4.6.1.jar:/Users/bhwang/.m2/repository/org/apache/lucene/lucene-codecs/4.6.1/lucene-codecs-4.6.1.jar:/Users/bhwang/.m2/repository/org/apache/lucene/lucene-queries/4.6.1/lucene-queries-4.6.1.jar:/Users/bhwang/.m2/repository/org/apache/lucene/lucene-memory/4.6.1/lucene-memory-4.6.1.jar:/Users/bhwang/.m2/repository/org/apache/lucene/lucene-highlighter/4.6.1/lucene-highlighter-4.6.1.jar:/Users/bhwang/.m2/repository/org/apache/lucene/lucene-queryparser/4.6.1/lucene-queryparser-4.6.1.jar:/Users/bhwang/.m2/repository/org/apache/lucene/lucene-sandbox/4.6.1/lucene-sandbox-4.6.1.jar:/Users/bhwang/.m2/repository/org/apache/lucene/lucene-suggest/4.6.1/lucene-suggest-4.6.1.jar:/Users/bhwang/.m2/repository/org/apache/lucene/lucene-misc/4.6.1/lucene-misc-4.6.1.jar:/Users/bhwang/.m2/repository/org/apache/lucene/lucene-join/4.6.1/lucene-join-4.6.1.jar:/Users/bhwang/.m2/repository/org/apache/lucene/lucene-grouping/4.6.1/lucene-grouping-4.6.1.jar:/Users/bhwang/.m2/repository/org/apache/lucene/lucene-spatial/4.6.1/lucene-spatial-4.6.1.jar:/Users/bhwang/.m2/repository/com/spatial4j/spatial4j/0.3/spatial4j-0.3.jar:/Users/bhwang/.m2/repository/com/vividsolutions/jts/1.12/jts-1.12.jar:/Users/bhwang/.m2/repository/com/google/guava/guava/16.0/guava-16.0.jar:/Users/bhwang/.m2/repository/com/carrotsearch/hppc/0.5.3/hppc-0.5.3.jar:/Users/bhwang/.m2/repository/joda-time/joda-time/2.3/joda-time-2.3.jar:/Users/bhwang/.m2/repository/org/joda/joda-convert/1.2/joda-convert-1.2.jar:/Users/bhwang/.m2/repository/org/mvel/mvel2/2.1.5.Final/mvel2-2.1.5.Final.jar:/Users/bhwang/.m2/repository/com/fasterxml/jackson/core/jackson-core/2.3.0/jackson-core-2.3.0.jar:/Users/bhwang/.m2/repository/com/fasterxml/jackson/dataformat/jackson-dataformat-smile/2.3.0/jackson-dataformat-smile-2.3.0.jar:/Users/bhwang/.m2/repository/com/fasterxml/jackson/dataformat/jackson-dataformat-yaml/2.3.0/jackson-dataformat-yaml-2.3.0.jar:/Users/bhwang/.m2/repository/io/netty/netty/3.9.0.Final/netty-3.9.0.Final.jar:/Users/bhwang/.m2/repository/com/ning/compress-lzf/0.9.6/compress-lzf-0.9.6.jar:/Users/bhwang/.m2/repository/log4j/log4j/1.2.17/log4j-1.2.17.jar:/Users/bhwang/.m2/repository/org/slf4j/slf4j-api/1.6.2/slf4j-api-1.6.2.jar:/Users/bhwang/.m2/repository/net/java/dev/jna/jna/3.3.0/jna-3.3.0.jar:/Users/bhwang/.m2/repository/org/fusesource/sigar/1.6.4/sigar-1.6.4.jar:/Users/bhwang/.m2/repository/com/carrotsearch/randomizedtesting/junit4-ant/2.0.15/junit4-ant-2.0.15.jar"/>
      <property name="java.class.version" value="51.0"/>
      <property name="java.endorsed.dirs" value="/Library/Java/JavaVirtualMachines/jdk1.7.0_45.jdk/Contents/Home/jre/lib/endorsed"/>
      <property name="java.ext.dirs" value="/Users/bhwang/Library/Java/Extensions:/Library/Java/JavaVirtualMachines/jdk1.7.0_45.jdk/Contents/Home/jre/lib/ext:/Library/Java/Extensions:/Network/Library/Java/Extensions:/System/Library/Java/Extensions:/usr/lib/java"/>
      <property name="java.home" value="/Library/Java/JavaVirtualMachines/jdk1.7.0_45.jdk/Contents/Home/jre"/>
      <property name="java.io.tmpdir" value="."/>
      <property name="java.library.path" value="/Users/bhwang/Library/Java/Extensions:/Library/Java/Extensions:/Network/Library/Java/Extensions:/System/Library/Java/Extensions:/usr/lib/java:."/>
      <property name="java.runtime.name" value="Java(TM) SE Runtime Environment"/>
      <property name="java.runtime.version" value="1.7.0_45-b18"/>
      <property name="java.security.policy" value="/Users/bhwang/elasticsearch/dev-tools/tests.policy"/>
      <property name="java.specification.name" value="Java Platform API Specification"/>
      <property name="java.specification.vendor" value="Oracle Corporation"/>
      <property name="java.specification.version" value="1.7"/>
      <property name="java.vendor" value="Oracle Corporation"/>
      <property name="java.vendor.url" value="http://java.oracle.com/"/>
      <property name="java.vendor.url.bug" value="http://bugreport.sun.com/bugreport/"/>
      <property name="java.version" value="1.7.0_45"/>
      <property name="java.vm.info" value="mixed mode"/>
      <property name="java.vm.name" value="Java HotSpot(TM) 64-Bit Server VM"/>
      <property name="java.vm.specification.name" value="Java Virtual Machine Specification"/>
      <property name="java.vm.specification.vendor" value="Oracle Corporation"/>
      <property name="java.vm.specification.version" value="1.7"/>
      <property name="java.vm.vendor" value="Oracle Corporation"/>
      <property name="java.vm.version" value="24.45-b08"/>
      <property name="junit4.childvm.cwd" value="/Users/bhwang/elasticsearch/target/J0"/>
      <property name="junit4.childvm.id" value="0"/>
      <property name="junit4.memory.total" value="128974848"/>
      <property name="junit4.pidString" value="6815@Bills-MacBook-Pro.local"/>
      <property name="junit4.processors" value="4"/>
      <property name="junit4.tempDir" value="/Users/bhwang/elasticsearch/target"/>
      <property name="line.separator" value="
"/>
      <property name="os.arch" value="x86_64"/>
      <property name="os.name" value="Mac OS X"/>
      <property name="os.version" value="10.9.1"/>
      <property name="path.separator" value=":"/>
      <property name="socksNonProxyHosts" value="local|*.local|169.254/16|*.169.254/16"/>
      <property name="sun.arch.data.model" value="64"/>
      <property name="sun.boot.class.path" value="/Library/Java/JavaVirtualMachines/jdk1.7.0_45.jdk/Contents/Home/jre/lib/resources.jar:/Library/Java/JavaVirtualMachines/jdk1.7.0_45.jdk/Contents/Home/jre/lib/rt.jar:/Library/Java/JavaVirtualMachines/jdk1.7.0_45.jdk/Contents/Home/jre/lib/sunrsasign.jar:/Library/Java/JavaVirtualMachines/jdk1.7.0_45.jdk/Contents/Home/jre/lib/jsse.jar:/Library/Java/JavaVirtualMachines/jdk1.7.0_45.jdk/Contents/Home/jre/lib/jce.jar:/Library/Java/JavaVirtualMachines/jdk1.7.0_45.jdk/Contents/Home/jre/lib/charsets.jar:/Library/Java/JavaVirtualMachines/jdk1.7.0_45.jdk/Contents/Home/jre/lib/jfr.jar:/Library/Java/JavaVirtualMachines/jdk1.7.0_45.jdk/Contents/Home/jre/lib/JObjC.jar:/Library/Java/JavaVirtualMachines/jdk1.7.0_45.jdk/Contents/Home/jre/classes"/>
      <property name="sun.boot.library.path" value="/Library/Java/JavaVirtualMachines/jdk1.7.0_45.jdk/Contents/Home/jre/lib"/>
      <property name="sun.cpu.endian" value="little"/>
      <property name="sun.cpu.isalist" value=""/>
      <property name="sun.io.unicode.encoding" value="UnicodeBig"/>
      <property name="sun.java.command" value="com.carrotsearch.ant.tasks.junit4.slave.SlaveMainSafe -flush -eventsfile /Users/bhwang/elasticsearch/target/junit4-J0-20140218_153326_767.events @/Users/bhwang/elasticsearch/target/junit4-J0-20140218_153326_767.suites -stdin"/>
      <property name="sun.java.launcher" value="SUN_STANDARD"/>
      <property name="sun.jnu.encoding" value="UTF-8"/>
      <property name="sun.management.compiler" value="HotSpot 64-Bit Tiered Compilers"/>
      <property name="sun.os.patch.level" value="unknown"/>
      <property name="tests.appendseed" value=""/>
      <property name="tests.assertion.disabled" value=""/>
      <property name="tests.awaitsfix" value=""/>
      <property name="tests.badapples" value=""/>
      <property name="tests.class" value=""/>
      <property name="tests.client.ratio" value=""/>
      <property name="tests.cluster_seed" value=""/>
      <property name="tests.enable_mock_modules" value=""/>
      <property name="tests.failfast" value=""/>
      <property name="tests.integration" value=""/>
      <property name="tests.iters" value=""/>
      <property name="tests.jvm.argline" value=""/>
      <property name="tests.maxfailures" value=""/>
      <property name="tests.method" value=""/>
      <property name="tests.network" value=""/>
      <property name="tests.nightly" value=""/>
      <property name="tests.prefix" value="tests"/>
      <property name="tests.rest" value=""/>
      <property name="tests.rest.spec" value=""/>
      <property name="tests.rest.suite" value=""/>
      <property name="tests.security.manager" value=""/>
      <property name="tests.seed" value="A89B4FF56754358E"/>
      <property name="tests.showSuccess" value=""/>
      <property name="tests.slow" value=""/>
      <property name="tests.timeoutSuite" value=""/>
      <property name="tests.weekly" value=""/>
      <property name="user.country" value="US"/>
      <property name="user.dir" value="/Users/bhwang/elasticsearch/target/J0"/>
      <property name="user.home" value="/Users/bhwang"/>
      <property name="user.language" value="en"/>
      <property name="user.name" value="bhwang"/>
      <property name="user.timezone" value=""/>
   </properties>
   <testcase classname="org.elasticsearch.tribe.TribeTests" name="testTribeOnOneCluster" time="23.684"/>
   <system-out><![CDATA[[2014-02-18 15:53:36,888][INFO ][test                     ] Test testTribeOnOneCluster(org.elasticsearch.tribe.TribeTests) started
[2014-02-18 15:53:36,889][INFO ][node                     ] [node_0] stopping ...
[2014-02-18 15:53:36,894][INFO ][node                     ] [node_0] stopped
[2014-02-18 15:53:36,894][INFO ][node                     ] [node_0] closing ...
[2014-02-18 15:53:36,896][INFO ][node                     ] [node_0] closed
[2014-02-18 15:53:36,898][INFO ][plugins                  ] [transport_client_node_0] loaded [], sites []
[2014-02-18 15:53:36,921][INFO ][plugins                  ] [transport_client_node_1] loaded [], sites []
[2014-02-18 15:53:36,946][INFO ][tribe                    ] [TribeTests#testTribeOnOneCluster]: before test
[2014-02-18 15:53:36,946][INFO ][test                     ] Setup TestCluster [shared-Bills-MacBook-Pro.local-CHILD_VM=[0]-CLUSTER_SEED=[1392766407945050000]-HASH=[135419AB41B95588]-2] with seed [AD536660812F41F9] using [2] nodes
[2014-02-18 15:53:36,948][INFO ][node                     ] [node_0] version[1.0.0], pid[6815], build[a46900e/2014-02-18T23:32:25Z]
[2014-02-18 15:53:36,948][INFO ][node                     ] [node_0] initializing ...
[2014-02-18 15:53:36,948][INFO ][plugins                  ] [node_0] loaded [], sites []
[2014-02-18 15:53:36,988][INFO ][node                     ] [node_0] initialized
[2014-02-18 15:53:36,988][INFO ][node                     ] [node_0] starting ...
[2014-02-18 15:53:36,996][INFO ][transport                ] [node_0] bound_address {inet[/0:0:0:0:0:0:0:0:9303]}, publish_address {inet[/10.1.10.75:9303]}
[2014-02-18 15:53:40,001][INFO ][cluster.service          ] [node_0] new_master [node_0][zZFiqJYXShy9UEDI2dl6lg][Bills-MacBook-Pro.local][inet[/10.1.10.75:9303]], reason: zen-disco-join (elected_as_master)
[2014-02-18 15:53:40,015][INFO ][discovery                ] [node_0] shared-Bills-MacBook-Pro.local-CHILD_VM=[0]-CLUSTER_SEED=[1392766407945050000]-HASH=[135419AB41B95588]-2/zZFiqJYXShy9UEDI2dl6lg
[2014-02-18 15:53:40,015][INFO ][gateway                  ] [node_0] recovered [0] indices into cluster_state
[2014-02-18 15:53:40,018][INFO ][http                     ] [node_0] bound_address {inet[/0:0:0:0:0:0:0:0:9203]}, publish_address {inet[/10.1.10.75:9203]}
[2014-02-18 15:53:40,019][INFO ][node                     ] [node_0] started
[2014-02-18 15:53:40,019][INFO ][test                     ] Start Shared Node [node_0] not shared
[2014-02-18 15:53:40,020][INFO ][node                     ] [node_1] version[1.0.0], pid[6815], build[a46900e/2014-02-18T23:32:25Z]
[2014-02-18 15:53:40,020][INFO ][node                     ] [node_1] initializing ...
[2014-02-18 15:53:40,020][INFO ][plugins                  ] [node_1] loaded [], sites []
[2014-02-18 15:53:40,061][INFO ][node                     ] [node_1] initialized
[2014-02-18 15:53:40,061][INFO ][node                     ] [node_1] starting ...
[2014-02-18 15:53:40,068][INFO ][transport                ] [node_1] bound_address {inet[/0:0:0:0:0:0:0:0:9304]}, publish_address {inet[/10.1.10.75:9304]}
[2014-02-18 15:53:43,087][INFO ][cluster.service          ] [node_0] added {[node_1][fOIgHYC1Q9K1C0TDJCoXUQ][Bills-MacBook-Pro.local][inet[/10.1.10.75:9304]],}, reason: zen-disco-receive(join from node[[node_1][fOIgHYC1Q9K1C0TDJCoXUQ][Bills-MacBook-Pro.local][inet[/10.1.10.75:9304]]])
[2014-02-18 15:53:43,089][INFO ][cluster.service          ] [node_1] detected_master [node_0][zZFiqJYXShy9UEDI2dl6lg][Bills-MacBook-Pro.local][inet[/10.1.10.75:9303]], added {[node_0][zZFiqJYXShy9UEDI2dl6lg][Bills-MacBook-Pro.local][inet[/10.1.10.75:9303]],}, reason: zen-disco-receive(from master [[node_0][zZFiqJYXShy9UEDI2dl6lg][Bills-MacBook-Pro.local][inet[/10.1.10.75:9303]]])
[2014-02-18 15:53:43,104][INFO ][discovery                ] [node_1] shared-Bills-MacBook-Pro.local-CHILD_VM=[0]-CLUSTER_SEED=[1392766407945050000]-HASH=[135419AB41B95588]-2/fOIgHYC1Q9K1C0TDJCoXUQ
[2014-02-18 15:53:43,108][INFO ][http                     ] [node_1] bound_address {inet[/0:0:0:0:0:0:0:0:9204]}, publish_address {inet[/10.1.10.75:9204]}
[2014-02-18 15:53:43,108][INFO ][node                     ] [node_1] started
[2014-02-18 15:53:43,108][INFO ][test                     ] Start Shared Node [node_1] not shared
[2014-02-18 15:53:43,110][INFO ][plugins                  ] [transport_client_node_0] loaded [], sites []
[2014-02-18 15:53:43,146][INFO ][node                     ] [Madame Hydra] version[1.0.0], pid[6815], build[a46900e/2014-02-18T23:32:25Z]
[2014-02-18 15:53:43,146][INFO ][node                     ] [Madame Hydra] initializing ...
[2014-02-18 15:53:43,147][INFO ][plugins                  ] [Madame Hydra] loaded [], sites []
[2014-02-18 15:53:43,185][INFO ][node                     ] [Madame Hydra/t1] version[1.0.0], pid[6815], build[a46900e/2014-02-18T23:32:25Z]
[2014-02-18 15:53:43,186][INFO ][node                     ] [Madame Hydra/t1] initializing ...
[2014-02-18 15:53:43,186][INFO ][plugins                  ] [Madame Hydra/t1] loaded [], sites []
[2014-02-18 15:53:43,461][INFO ][node                     ] [Madame Hydra/t1] initialized
[2014-02-18 15:53:43,462][INFO ][node                     ] [Madame Hydra/t2] version[1.0.0], pid[6815], build[a46900e/2014-02-18T23:32:25Z]
[2014-02-18 15:53:43,462][INFO ][node                     ] [Madame Hydra/t2] initializing ...
[2014-02-18 15:53:43,463][INFO ][plugins                  ] [Madame Hydra/t2] loaded [], sites []
[2014-02-18 15:53:43,499][INFO ][node                     ] [Madame Hydra/t2] initialized
[2014-02-18 15:53:43,508][INFO ][node                     ] [Madame Hydra] initialized
[2014-02-18 15:53:43,508][INFO ][node                     ] [Madame Hydra] starting ...
[2014-02-18 15:53:43,516][INFO ][transport                ] [Madame Hydra] bound_address {inet[/0:0:0:0:0:0:0:0:9305]}, publish_address {inet[/10.1.10.75:9305]}
[2014-02-18 15:53:43,517][INFO ][discovery                ] [Madame Hydra] elasticsearch/jrv2xFkYQo-IXhdkEOphzA
[2014-02-18 15:53:43,521][INFO ][http                     ] [Madame Hydra] bound_address {inet[/0:0:0:0:0:0:0:0:9205]}, publish_address {inet[/10.1.10.75:9205]}
[2014-02-18 15:53:43,522][INFO ][node                     ] [Madame Hydra/t1] starting ...
[2014-02-18 15:53:43,528][INFO ][transport                ] [Madame Hydra/t1] bound_address {inet[/0:0:0:0:0:0:0:0:9306]}, publish_address {inet[/10.1.10.75:9306]}
[2014-02-18 15:53:43,531][WARN ][discovery.zen.ping.multicast] [Madame Hydra/t1] failed to receive packet, throttling...
java.net.SocketException: Socket closed
	at java.net.PlainDatagramSocketImpl.peekData(Native Method)
	at java.net.DatagramSocket.receive(DatagramSocket.java:726)
	at org.elasticsearch.discovery.zen.ping.multicast.MulticastZenPing$Receiver.run(MulticastZenPing.java:366)
	at java.lang.Thread.run(Thread.java:744)
[2014-02-18 15:53:44,033][WARN ][discovery.zen.ping.multicast] [Madame Hydra/t1] failed to receive packet, throttling...
java.net.SocketException: Socket closed
	at java.net.PlainDatagramSocketImpl.peekData(Native Method)
	at java.net.DatagramSocket.receive(DatagramSocket.java:726)
	at org.elasticsearch.discovery.zen.ping.multicast.MulticastZenPing$Receiver.run(MulticastZenPing.java:366)
	at java.lang.Thread.run(Thread.java:744)
[2014-02-18 15:53:44,534][WARN ][discovery.zen.ping.multicast] [Madame Hydra/t1] failed to receive packet, throttling...
java.net.SocketException: Socket closed
	at java.net.PlainDatagramSocketImpl.peekData(Native Method)
	at java.net.DatagramSocket.receive(DatagramSocket.java:726)
	at org.elasticsearch.discovery.zen.ping.multicast.MulticastZenPing$Receiver.run(MulticastZenPing.java:366)
	at java.lang.Thread.run(Thread.java:744)
[2014-02-18 15:53:45,035][WARN ][discovery.zen.ping.multicast] [Madame Hydra/t1] failed to receive packet, throttling...
java.net.SocketException: Socket closed
	at java.net.PlainDatagramSocketImpl.peekData(Native Method)
	at java.net.DatagramSocket.receive(DatagramSocket.java:726)
	at org.elasticsearch.discovery.zen.ping.multicast.MulticastZenPing$Receiver.run(MulticastZenPing.java:366)
	at java.lang.Thread.run(Thread.java:744)
[2014-02-18 15:53:45,536][WARN ][discovery.zen.ping.multicast] [Madame Hydra/t1] failed to receive packet, throttling...
java.net.SocketException: Socket closed
	at java.net.PlainDatagramSocketImpl.peekData(Native Method)
	at java.net.DatagramSocket.receive(DatagramSocket.java:726)
	at org.elasticsearch.discovery.zen.ping.multicast.MulticastZenPing$Receiver.run(MulticastZenPing.java:366)
	at java.lang.Thread.run(Thread.java:744)
[2014-02-18 15:53:46,037][WARN ][discovery.zen.ping.multicast] [Madame Hydra/t1] failed to receive packet, throttling...
java.net.SocketException: Socket closed
	at java.net.PlainDatagramSocketImpl.peekData(Native Method)
	at java.net.DatagramSocket.receive(DatagramSocket.java:726)
	at org.elasticsearch.discovery.zen.ping.multicast.MulticastZenPing$Receiver.run(MulticastZenPing.java:366)
	at java.lang.Thread.run(Thread.java:744)
[2014-02-18 15:53:46,538][WARN ][discovery.zen.ping.multicast] [Madame Hydra/t1] failed to receive packet, throttling...
java.net.SocketException: Socket closed
	at java.net.PlainDatagramSocketImpl.peekData(Native Method)
	at java.net.DatagramSocket.receive(DatagramSocket.java:726)
	at org.elasticsearch.discovery.zen.ping.multicast.MulticastZenPing$Receiver.run(MulticastZenPing.java:366)
	at java.lang.Thread.run(Thread.java:744)
[2014-02-18 15:53:46,548][INFO ][cluster.service          ] [node_0] added {[Madame Hydra/t1][DNbEZJ5DQiejaRdhoonsAA][Bills-MacBook-Pro.local][inet[/10.1.10.75:9306]]{client=true, data=false},}, reason: zen-disco-receive(join from node[[Madame Hydra/t1][DNbEZJ5DQiejaRdhoonsAA][Bills-MacBook-Pro.local][inet[/10.1.10.75:9306]]{client=true, data=false}])
[2014-02-18 15:53:46,548][INFO ][cluster.service          ] [node_1] added {[Madame Hydra/t1][DNbEZJ5DQiejaRdhoonsAA][Bills-MacBook-Pro.local][inet[/10.1.10.75:9306]]{client=true, data=false},}, reason: zen-disco-receive(from master [[node_0][tbUF3y2YTPm1TPdTF8YBYw][Bills-MacBook-Pro.local][inet[/10.1.10.75:9300]]])
[2014-02-18 15:53:46,548][INFO ][cluster.service          ] [node_2] added {[Madame Hydra/t1][DNbEZJ5DQiejaRdhoonsAA][Bills-MacBook-Pro.local][inet[/10.1.10.75:9306]]{client=true, data=false},}, reason: zen-disco-receive(from master [[node_0][tbUF3y2YTPm1TPdTF8YBYw][Bills-MacBook-Pro.local][inet[/10.1.10.75:9300]]])
[2014-02-18 15:53:46,549][INFO ][cluster.service          ] [Madame Hydra/t1] detected_master [node_0][tbUF3y2YTPm1TPdTF8YBYw][Bills-MacBook-Pro.local][inet[/10.1.10.75:9300]], added {[node_2][FMinfbhkR0qkv0gqZ8eWZw][Bills-MacBook-Pro.local][inet[/10.1.10.75:9302]],[node_0][tbUF3y2YTPm1TPdTF8YBYw][Bills-MacBook-Pro.local][inet[/10.1.10.75:9300]],[node_1][YhvSpkX-RFGNafHqA5ra1w][Bills-MacBook-Pro.local][inet[/10.1.10.75:9301]],}, reason: zen-disco-receive(from master [[node_0][tbUF3y2YTPm1TPdTF8YBYw][Bills-MacBook-Pro.local][inet[/10.1.10.75:9300]]])
[2014-02-18 15:53:46,587][INFO ][discovery                ] [Madame Hydra/t1] shared-Bills-MacBook-Pro.local-CHILD_VM=[0]-CLUSTER_SEED=[1392766407945050000]-HASH=[135419AB41B95588]/DNbEZJ5DQiejaRdhoonsAA
[2014-02-18 15:53:46,587][INFO ][tribe                    ] [Madame Hydra] [t1] adding node [[node_2][FMinfbhkR0qkv0gqZ8eWZw][Bills-MacBook-Pro.local][inet[/10.1.10.75:9302]]{tribe.name=t1}]
[2014-02-18 15:53:46,588][INFO ][node                     ] [Madame Hydra/t1] started
[2014-02-18 15:53:46,588][INFO ][tribe                    ] [Madame Hydra] [t1] adding node [[Madame Hydra/t1][DNbEZJ5DQiejaRdhoonsAA][Bills-MacBook-Pro.local][inet[/10.1.10.75:9306]]{tribe.name=t1, client=true, data=false}]
[2014-02-18 15:53:46,588][INFO ][node                     ] [Madame Hydra/t2] starting ...
[2014-02-18 15:53:46,588][INFO ][tribe                    ] [Madame Hydra] [t1] adding node [[node_0][tbUF3y2YTPm1TPdTF8YBYw][Bills-MacBook-Pro.local][inet[/10.1.10.75:9300]]{tribe.name=t1}]
[2014-02-18 15:53:46,588][INFO ][tribe                    ] [Madame Hydra] [t1] adding node [[node_1][YhvSpkX-RFGNafHqA5ra1w][Bills-MacBook-Pro.local][inet[/10.1.10.75:9301]]{tribe.name=t1}]
[2014-02-18 15:53:46,589][INFO ][cluster.service          ] [Madame Hydra] added {[node_2][FMinfbhkR0qkv0gqZ8eWZw][Bills-MacBook-Pro.local][inet[/10.1.10.75:9302]]{tribe.name=t1},[Madame Hydra/t1][DNbEZJ5DQiejaRdhoonsAA][Bills-MacBook-Pro.local][inet[/10.1.10.75:9306]]{tribe.name=t1, client=true, data=false},[node_0][tbUF3y2YTPm1TPdTF8YBYw][Bills-MacBook-Pro.local][inet[/10.1.10.75:9300]]{tribe.name=t1},[node_1][YhvSpkX-RFGNafHqA5ra1w][Bills-MacBook-Pro.local][inet[/10.1.10.75:9301]]{tribe.name=t1},}, reason: cluster event from t1, zen-disco-receive(from master [[node_0][tbUF3y2YTPm1TPdTF8YBYw][Bills-MacBook-Pro.local][inet[/10.1.10.75:9300]]])
[2014-02-18 15:53:46,609][INFO ][transport                ] [Madame Hydra/t2] bound_address {inet[/0:0:0:0:0:0:0:0:9307]}, publish_address {inet[/10.1.10.75:9307]}
[2014-02-18 15:53:46,617][WARN ][discovery.zen.ping.multicast] [Madame Hydra/t2] failed to receive packet, throttling...
java.net.SocketException: Socket closed
	at java.net.PlainDatagramSocketImpl.peekData(Native Method)
	at java.net.DatagramSocket.receive(DatagramSocket.java:726)
	at org.elasticsearch.discovery.zen.ping.multicast.MulticastZenPing$Receiver.run(MulticastZenPing.java:366)
	at java.lang.Thread.run(Thread.java:744)
[2014-02-18 15:53:47,042][WARN ][discovery.zen.ping.multicast] [Madame Hydra/t1] failed to receive packet, throttling...
java.net.SocketException: Socket closed
	at java.net.PlainDatagramSocketImpl.peekData(Native Method)
	at java.net.DatagramSocket.receive(DatagramSocket.java:726)
	at org.elasticsearch.discovery.zen.ping.multicast.MulticastZenPing$Receiver.run(MulticastZenPing.java:366)
	at java.lang.Thread.run(Thread.java:744)
[2014-02-18 15:53:47,120][WARN ][discovery.zen.ping.multicast] [Madame Hydra/t2] failed to receive packet, throttling...
java.net.SocketException: Socket closed
	at java.net.PlainDatagramSocketImpl.peekData(Native Method)
	at java.net.DatagramSocket.receive(DatagramSocket.java:726)
	at org.elasticsearch.discovery.zen.ping.multicast.MulticastZenPing$Receiver.run(MulticastZenPing.java:366)
	at java.lang.Thread.run(Thread.java:744)
[2014-02-18 15:53:47,543][WARN ][discovery.zen.ping.multicast] [Madame Hydra/t1] failed to receive packet, throttling...
java.net.SocketException: Socket closed
	at java.net.PlainDatagramSocketImpl.peekData(Native Method)
	at java.net.DatagramSocket.receive(DatagramSocket.java:726)
	at org.elasticsearch.discovery.zen.ping.multicast.MulticastZenPing$Receiver.run(MulticastZenPing.java:366)
	at java.lang.Thread.run(Thread.java:744)
[2014-02-18 15:53:47,621][WARN ][discovery.zen.ping.multicast] [Madame Hydra/t2] failed to receive packet, throttling...
java.net.SocketException: Socket closed
	at java.net.PlainDatagramSocketImpl.peekData(Native Method)
	at java.net.DatagramSocket.receive(DatagramSocket.java:726)
	at org.elasticsearch.discovery.zen.ping.multicast.MulticastZenPing$Receiver.run(MulticastZenPing.java:366)
	at java.lang.Thread.run(Thread.java:744)
[2014-02-18 15:53:48,044][WARN ][discovery.zen.ping.multicast] [Madame Hydra/t1] failed to receive packet, throttling...
java.net.SocketException: Socket closed
	at java.net.PlainDatagramSocketImpl.peekData(Native Method)
	at java.net.DatagramSocket.receive(DatagramSocket.java:726)
	at org.elasticsearch.discovery.zen.ping.multicast.MulticastZenPing$Receiver.run(MulticastZenPing.java:366)
	at java.lang.Thread.run(Thread.java:744)
[2014-02-18 15:53:48,123][WARN ][discovery.zen.ping.multicast] [Madame Hydra/t2] failed to receive packet, throttling...
java.net.SocketException: Socket closed
	at java.net.PlainDatagramSocketImpl.peekData(Native Method)
	at java.net.DatagramSocket.receive(DatagramSocket.java:726)
	at org.elasticsearch.discovery.zen.ping.multicast.MulticastZenPing$Receiver.run(MulticastZenPing.java:366)
	at java.lang.Thread.run(Thread.java:744)
[2014-02-18 15:53:48,546][WARN ][discovery.zen.ping.multicast] [Madame Hydra/t1] failed to receive packet, throttling...
java.net.SocketException: Socket closed
	at java.net.PlainDatagramSocketImpl.peekData(Native Method)
	at java.net.DatagramSocket.receive(DatagramSocket.java:726)
	at org.elasticsearch.discovery.zen.ping.multicast.MulticastZenPing$Receiver.run(MulticastZenPing.java:366)
	at java.lang.Thread.run(Thread.java:744)
[2014-02-18 15:53:48,624][WARN ][discovery.zen.ping.multicast] [Madame Hydra/t2] failed to receive packet, throttling...
java.net.SocketException: Socket closed
	at java.net.PlainDatagramSocketImpl.peekData(Native Method)
	at java.net.DatagramSocket.receive(DatagramSocket.java:726)
	at org.elasticsearch.discovery.zen.ping.multicast.MulticastZenPing$Receiver.run(MulticastZenPing.java:366)
	at java.lang.Thread.run(Thread.java:744)
[2014-02-18 15:53:49,047][WARN ][discovery.zen.ping.multicast] [Madame Hydra/t1] failed to receive packet, throttling...
java.net.SocketException: Socket closed
	at java.net.PlainDatagramSocketImpl.peekData(Native Method)
	at java.net.DatagramSocket.receive(DatagramSocket.java:726)
	at org.elasticsearch.discovery.zen.ping.multicast.MulticastZenPing$Receiver.run(MulticastZenPing.java:366)
	at java.lang.Thread.run(Thread.java:744)
[2014-02-18 15:53:49,124][WARN ][discovery.zen.ping.multicast] [Madame Hydra/t2] failed to receive packet, throttling...
java.net.SocketException: Socket closed
	at java.net.PlainDatagramSocketImpl.peekData(Native Method)
	at java.net.DatagramSocket.receive(DatagramSocket.java:726)
	at org.elasticsearch.discovery.zen.ping.multicast.MulticastZenPing$Receiver.run(MulticastZenPing.java:366)
	at java.lang.Thread.run(Thread.java:744)
[2014-02-18 15:53:49,548][WARN ][discovery.zen.ping.multicast] [Madame Hydra/t1] failed to receive packet, throttling...
java.net.SocketException: Socket closed
	at java.net.PlainDatagramSocketImpl.peekData(Native Method)
	at java.net.DatagramSocket.receive(DatagramSocket.java:726)
	at org.elasticsearch.discovery.zen.ping.multicast.MulticastZenPing$Receiver.run(MulticastZenPing.java:366)
	at java.lang.Thread.run(Thread.java:744)
[2014-02-18 15:53:49,625][WARN ][discovery.zen.ping.multicast] [Madame Hydra/t2] failed to receive packet, throttling...
java.net.SocketException: Socket closed
	at java.net.PlainDatagramSocketImpl.peekData(Native Method)
	at java.net.DatagramSocket.receive(DatagramSocket.java:726)
	at org.elasticsearch.discovery.zen.ping.multicast.MulticastZenPing$Receiver.run(MulticastZenPing.java:366)
	at java.lang.Thread.run(Thread.java:744)
[2014-02-18 15:53:49,635][INFO ][cluster.service          ] [node_0] added {[Madame Hydra/t2][u7e90KwgQlakkVBGqxQ7RQ][Bills-MacBook-Pro.local][inet[/10.1.10.75:9307]]{client=true, data=false},}, reason: zen-disco-receive(join from node[[Madame Hydra/t2][u7e90KwgQlakkVBGqxQ7RQ][Bills-MacBook-Pro.local][inet[/10.1.10.75:9307]]{client=true, data=false}])
[2014-02-18 15:53:49,636][INFO ][cluster.service          ] [node_1] added {[Madame Hydra/t2][u7e90KwgQlakkVBGqxQ7RQ][Bills-MacBook-Pro.local][inet[/10.1.10.75:9307]]{client=true, data=false},}, reason: zen-disco-receive(from master [[node_0][zZFiqJYXShy9UEDI2dl6lg][Bills-MacBook-Pro.local][inet[/10.1.10.75:9303]]])
[2014-02-18 15:53:49,637][INFO ][cluster.service          ] [Madame Hydra/t2] detected_master [node_0][zZFiqJYXShy9UEDI2dl6lg][Bills-MacBook-Pro.local][inet[/10.1.10.75:9303]], added {[node_1][fOIgHYC1Q9K1C0TDJCoXUQ][Bills-MacBook-Pro.local][inet[/10.1.10.75:9304]],[node_0][zZFiqJYXShy9UEDI2dl6lg][Bills-MacBook-Pro.local][inet[/10.1.10.75:9303]],}, reason: zen-disco-receive(from master [[node_0][zZFiqJYXShy9UEDI2dl6lg][Bills-MacBook-Pro.local][inet[/10.1.10.75:9303]]])
[2014-02-18 15:53:49,650][INFO ][discovery                ] [Madame Hydra/t2] shared-Bills-MacBook-Pro.local-CHILD_VM=[0]-CLUSTER_SEED=[1392766407945050000]-HASH=[135419AB41B95588]-2/u7e90KwgQlakkVBGqxQ7RQ
[2014-02-18 15:53:49,650][INFO ][tribe                    ] [Madame Hydra] [t2] adding node [[node_1][fOIgHYC1Q9K1C0TDJCoXUQ][Bills-MacBook-Pro.local][inet[/10.1.10.75:9304]]{tribe.name=t2}]
[2014-02-18 15:53:49,650][INFO ][node                     ] [Madame Hydra/t2] started
[2014-02-18 15:53:49,650][INFO ][tribe                    ] [Madame Hydra] [t2] adding node [[node_0][zZFiqJYXShy9UEDI2dl6lg][Bills-MacBook-Pro.local][inet[/10.1.10.75:9303]]{tribe.name=t2}]
[2014-02-18 15:53:49,650][INFO ][node                     ] [Madame Hydra] started
[2014-02-18 15:53:49,650][INFO ][tribe                    ] [Madame Hydra] [t2] adding node [[Madame Hydra/t2][u7e90KwgQlakkVBGqxQ7RQ][Bills-MacBook-Pro.local][inet[/10.1.10.75:9307]]{tribe.name=t2, client=true, data=false}]
[2014-02-18 15:53:49,650][INFO ][tribe                    ] create 2 indices, test1 on t1, and test2 on t2
[2014-02-18 15:53:49,651][INFO ][cluster.service          ] [Madame Hydra] added {[node_1][fOIgHYC1Q9K1C0TDJCoXUQ][Bills-MacBook-Pro.local][inet[/10.1.10.75:9304]]{tribe.name=t2},[node_0][zZFiqJYXShy9UEDI2dl6lg][Bills-MacBook-Pro.local][inet[/10.1.10.75:9303]]{tribe.name=t2},[Madame Hydra/t2][u7e90KwgQlakkVBGqxQ7RQ][Bills-MacBook-Pro.local][inet[/10.1.10.75:9307]]{tribe.name=t2, client=true, data=false},}, reason: cluster event from t2, zen-disco-receive(from master [[node_0][zZFiqJYXShy9UEDI2dl6lg][Bills-MacBook-Pro.local][inet[/10.1.10.75:9303]]])
[2014-02-18 15:53:49,675][INFO ][cluster.metadata         ] [node_0] [test1] creating index, cause [api], shards [5]/[1], mappings []
[2014-02-18 15:53:49,682][INFO ][tribe                    ] [Madame Hydra] [t1] adding index [test1]
[2014-02-18 15:53:49,753][INFO ][cluster.metadata         ] [node_0] [test2] creating index, cause [api], shards [5]/[1], mappings []
[2014-02-18 15:53:49,755][INFO ][tribe                    ] [Madame Hydra] [t2] adding index [test2]
[2014-02-18 15:53:49,939][INFO ][tribe                    ] wait till test1 and test2 exists in the tribe node state
[2014-02-18 15:53:49,941][INFO ][tribe                    ] wait till tribe has the same nodes as the 2 clusters
[2014-02-18 15:53:49,948][INFO ][plugins                  ] [transport_client_node_1] loaded [], sites []
[2014-02-18 15:53:50,049][WARN ][discovery.zen.ping.multicast] [Madame Hydra/t1] failed to receive packet, throttling...
java.net.SocketException: Socket closed
	at java.net.PlainDatagramSocketImpl.peekData(Native Method)
	at java.net.DatagramSocket.receive(DatagramSocket.java:726)
	at org.elasticsearch.discovery.zen.ping.multicast.MulticastZenPing$Receiver.run(MulticastZenPing.java:366)
	at java.lang.Thread.run(Thread.java:744)
[2014-02-18 15:53:50,128][WARN ][discovery.zen.ping.multicast] [Madame Hydra/t2] failed to receive packet, throttling...
java.net.SocketException: Socket closed
	at java.net.PlainDatagramSocketImpl.peekData(Native Method)
	at java.net.DatagramSocket.receive(DatagramSocket.java:726)
	at org.elasticsearch.discovery.zen.ping.multicast.MulticastZenPing$Receiver.run(MulticastZenPing.java:366)
	at java.lang.Thread.run(Thread.java:744)
[2014-02-18 15:53:50,221][INFO ][tribe                    ] create 2 docs through the tribe node
[2014-02-18 15:53:50,223][INFO ][cluster.metadata         ] [node_0] [test1] update_mapping [type1] (dynamic)
[2014-02-18 15:53:50,229][INFO ][cluster.metadata         ] [node_0] [test2] update_mapping [type1] (dynamic)
[2014-02-18 15:53:50,327][INFO ][tribe                    ] verify they are there
[2014-02-18 15:53:50,551][WARN ][discovery.zen.ping.multicast] [Madame Hydra/t1] failed to receive packet, throttling...
java.net.SocketException: Socket closed
	at java.net.PlainDatagramSocketImpl.peekData(Native Method)
	at java.net.DatagramSocket.receive(DatagramSocket.java:726)
	at org.elasticsearch.discovery.zen.ping.multicast.MulticastZenPing$Receiver.run(MulticastZenPing.java:366)
	at java.lang.Thread.run(Thread.java:744)
[2014-02-18 15:53:50,630][WARN ][discovery.zen.ping.multicast] [Madame Hydra/t2] failed to receive packet, throttling...
java.net.SocketException: Socket closed
	at java.net.PlainDatagramSocketImpl.peekData(Native Method)
	at java.net.DatagramSocket.receive(DatagramSocket.java:726)
	at org.elasticsearch.discovery.zen.ping.multicast.MulticastZenPing$Receiver.run(MulticastZenPing.java:366)
	at java.lang.Thread.run(Thread.java:744)
[2014-02-18 15:53:51,053][WARN ][discovery.zen.ping.multicast] [Madame Hydra/t1] failed to receive packet, throttling...
java.net.SocketException: Socket closed
	at java.net.PlainDatagramSocketImpl.peekData(Native Method)
	at java.net.DatagramSocket.receive(DatagramSocket.java:726)
	at org.elasticsearch.discovery.zen.ping.multicast.MulticastZenPing$Receiver.run(MulticastZenPing.java:366)
	at java.lang.Thread.run(Thread.java:744)
[2014-02-18 15:53:51,131][WARN ][discovery.zen.ping.multicast] [Madame Hydra/t2] failed to receive packet, throttling...
java.net.SocketException: Socket closed
	at java.net.PlainDatagramSocketImpl.peekData(Native Method)
	at java.net.DatagramSocket.receive(DatagramSocket.java:726)
	at org.elasticsearch.discovery.zen.ping.multicast.MulticastZenPing$Receiver.run(MulticastZenPing.java:366)
	at java.lang.Thread.run(Thread.java:744)
[2014-02-18 15:53:51,554][WARN ][discovery.zen.ping.multicast] [Madame Hydra/t1] failed to receive packet, throttling...
java.net.SocketException: Socket closed
	at java.net.PlainDatagramSocketImpl.peekData(Native Method)
	at java.net.DatagramSocket.receive(DatagramSocket.java:726)
	at org.elasticsearch.discovery.zen.ping.multicast.MulticastZenPing$Receiver.run(MulticastZenPing.java:366)
	at java.lang.Thread.run(Thread.java:744)
[2014-02-18 15:53:51,632][WARN ][discovery.zen.ping.multicast] [Madame Hydra/t2] failed to receive packet, throttling...
java.net.SocketException: Socket closed
	at java.net.PlainDatagramSocketImpl.peekData(Native Method)
	at java.net.DatagramSocket.receive(DatagramSocket.java:726)
	at org.elasticsearch.discovery.zen.ping.multicast.MulticastZenPing$Receiver.run(MulticastZenPing.java:366)
	at java.lang.Thread.run(Thread.java:744)
[2014-02-18 15:53:52,055][WARN ][discovery.zen.ping.multicast] [Madame Hydra/t1] failed to receive packet, throttling...
java.net.SocketException: Socket closed
	at java.net.PlainDatagramSocketImpl.peekData(Native Method)
	at java.net.DatagramSocket.receive(DatagramSocket.java:726)
	at org.elasticsearch.discovery.zen.ping.multicast.MulticastZenPing$Receiver.run(MulticastZenPing.java:366)
	at java.lang.Thread.run(Thread.java:744)
[2014-02-18 15:53:52,133][WARN ][discovery.zen.ping.multicast] [Madame Hydra/t2] failed to receive packet, throttling...
java.net.SocketException: Socket closed
	at java.net.PlainDatagramSocketImpl.peekData(Native Method)
	at java.net.DatagramSocket.receive(DatagramSocket.java:726)
	at org.elasticsearch.discovery.zen.ping.multicast.MulticastZenPing$Receiver.run(MulticastZenPing.java:366)
	at java.lang.Thread.run(Thread.java:744)
[2014-02-18 15:53:52,555][WARN ][discovery.zen.ping.multicast] [Madame Hydra/t1] failed to receive packet, throttling...
java.net.SocketException: Socket closed
	at java.net.PlainDatagramSocketImpl.peekData(Native Method)
	at java.net.DatagramSocket.receive(DatagramSocket.java:726)
	at org.elasticsearch.discovery.zen.ping.multicast.MulticastZenPing$Receiver.run(MulticastZenPing.java:366)
	at java.lang.Thread.run(Thread.java:744)
[2014-02-18 15:53:52,634][WARN ][discovery.zen.ping.multicast] [Madame Hydra/t2] failed to receive packet, throttling...
java.net.SocketException: Socket closed
	at java.net.PlainDatagramSocketImpl.peekData(Native Method)
	at java.net.DatagramSocket.receive(DatagramSocket.java:726)
	at org.elasticsearch.discovery.zen.ping.multicast.MulticastZenPing$Receiver.run(MulticastZenPing.java:366)
	at java.lang.Thread.run(Thread.java:744)
[2014-02-18 15:53:53,056][WARN ][discovery.zen.ping.multicast] [Madame Hydra/t1] failed to receive packet, throttling...
java.net.SocketException: Socket closed
	at java.net.PlainDatagramSocketImpl.peekData(Native Method)
	at java.net.DatagramSocket.receive(DatagramSocket.java:726)
	at org.elasticsearch.discovery.zen.ping.multicast.MulticastZenPing$Receiver.run(MulticastZenPing.java:366)
	at java.lang.Thread.run(Thread.java:744)
[2014-02-18 15:53:53,135][WARN ][discovery.zen.ping.multicast] [Madame Hydra/t2] failed to receive packet, throttling...
java.net.SocketException: Socket closed
	at java.net.PlainDatagramSocketImpl.peekData(Native Method)
	at java.net.DatagramSocket.receive(DatagramSocket.java:726)
	at org.elasticsearch.discovery.zen.ping.multicast.MulticastZenPing$Receiver.run(MulticastZenPing.java:366)
	at java.lang.Thread.run(Thread.java:744)
[2014-02-18 15:53:53,556][WARN ][discovery.zen.ping.multicast] [Madame Hydra/t1] failed to receive packet, throttling...
java.net.SocketException: Socket closed
	at java.net.PlainDatagramSocketImpl.peekData(Native Method)
	at java.net.DatagramSocket.receive(DatagramSocket.java:726)
	at org.elasticsearch.discovery.zen.ping.multicast.MulticastZenPing$Receiver.run(MulticastZenPing.java:366)
	at java.lang.Thread.run(Thread.java:744)
[2014-02-18 15:53:53,636][WARN ][discovery.zen.ping.multicast] [Madame Hydra/t2] failed to receive packet, throttling...
java.net.SocketException: Socket closed
	at java.net.PlainDatagramSocketImpl.peekData(Native Method)
	at java.net.DatagramSocket.receive(DatagramSocket.java:726)
	at org.elasticsearch.discovery.zen.ping.multicast.MulticastZenPing$Receiver.run(MulticastZenPing.java:366)
	at java.lang.Thread.run(Thread.java:744)
[2014-02-18 15:53:54,057][WARN ][discovery.zen.ping.multicast] [Madame Hydra/t1] failed to receive packet, throttling...
java.net.SocketException: Socket closed
	at java.net.PlainDatagramSocketImpl.peekData(Native Method)
	at java.net.DatagramSocket.receive(DatagramSocket.java:726)
	at org.elasticsearch.discovery.zen.ping.multicast.MulticastZenPing$Receiver.run(MulticastZenPing.java:366)
	at java.lang.Thread.run(Thread.java:744)
[2014-02-18 15:53:54,137][WARN ][discovery.zen.ping.multicast] [Madame Hydra/t2] failed to receive packet, throttling...
java.net.SocketException: Socket closed
	at java.net.PlainDatagramSocketImpl.peekData(Native Method)
	at java.net.DatagramSocket.receive(DatagramSocket.java:726)
	at org.elasticsearch.discovery.zen.ping.multicast.MulticastZenPing$Receiver.run(MulticastZenPing.java:366)
	at java.lang.Thread.run(Thread.java:744)
[2014-02-18 15:53:54,557][WARN ][discovery.zen.ping.multicast] [Madame Hydra/t1] failed to receive packet, throttling...
java.net.SocketException: Socket closed
	at java.net.PlainDatagramSocketImpl.peekData(Native Method)
	at java.net.DatagramSocket.receive(DatagramSocket.java:726)
	at org.elasticsearch.discovery.zen.ping.multicast.MulticastZenPing$Receiver.run(MulticastZenPing.java:366)
	at java.lang.Thread.run(Thread.java:744)
[2014-02-18 15:53:54,638][WARN ][discovery.zen.ping.multicast] [Madame Hydra/t2] failed to receive packet, throttling...
java.net.SocketException: Socket closed
	at java.net.PlainDatagramSocketImpl.peekData(Native Method)
	at java.net.DatagramSocket.receive(DatagramSocket.java:726)
	at org.elasticsearch.discovery.zen.ping.multicast.MulticastZenPing$Receiver.run(MulticastZenPing.java:366)
	at java.lang.Thread.run(Thread.java:744)
[2014-02-18 15:53:55,058][WARN ][discovery.zen.ping.multicast] [Madame Hydra/t1] failed to receive packet, throttling...
java.net.SocketException: Socket closed
	at java.net.PlainDatagramSocketImpl.peekData(Native Method)
	at java.net.DatagramSocket.receive(DatagramSocket.java:726)
	at org.elasticsearch.discovery.zen.ping.multicast.MulticastZenPing$Receiver.run(MulticastZenPing.java:366)
	at java.lang.Thread.run(Thread.java:744)
[2014-02-18 15:53:55,139][WARN ][discovery.zen.ping.multicast] [Madame Hydra/t2] failed to receive packet, throttling...
java.net.SocketException: Socket closed
	at java.net.PlainDatagramSocketImpl.peekData(Native Method)
	at java.net.DatagramSocket.receive(DatagramSocket.java:726)
	at org.elasticsearch.discovery.zen.ping.multicast.MulticastZenPing$Receiver.run(MulticastZenPing.java:366)
	at java.lang.Thread.run(Thread.java:744)
[2014-02-18 15:53:55,559][WARN ][discovery.zen.ping.multicast] [Madame Hydra/t1] failed to receive packet, throttling...
java.net.SocketException: Socket closed
	at java.net.PlainDatagramSocketImpl.peekData(Native Method)
	at java.net.DatagramSocket.receive(DatagramSocket.java:726)
	at org.elasticsearch.discovery.zen.ping.multicast.MulticastZenPing$Receiver.run(MulticastZenPing.java:366)
	at java.lang.Thread.run(Thread.java:744)
[2014-02-18 15:53:55,640][WARN ][discovery.zen.ping.multicast] [Madame Hydra/t2] failed to receive packet, throttling...
java.net.SocketException: Socket closed
	at java.net.PlainDatagramSocketImpl.peekData(Native Method)
	at java.net.DatagramSocket.receive(DatagramSocket.java:726)
	at org.elasticsearch.discovery.zen.ping.multicast.MulticastZenPing$Receiver.run(MulticastZenPing.java:366)
	at java.lang.Thread.run(Thread.java:744)
[2014-02-18 15:53:56,060][WARN ][discovery.zen.ping.multicast] [Madame Hydra/t1] failed to receive packet, throttling...
java.net.SocketException: Socket closed
	at java.net.PlainDatagramSocketImpl.peekData(Native Method)
	at java.net.DatagramSocket.receive(DatagramSocket.java:726)
	at org.elasticsearch.discovery.zen.ping.multicast.MulticastZenPing$Receiver.run(MulticastZenPing.java:366)
	at java.lang.Thread.run(Thread.java:744)
[2014-02-18 15:53:56,142][WARN ][discovery.zen.ping.multicast] [Madame Hydra/t2] failed to receive packet, throttling...
java.net.SocketException: Socket closed
	at java.net.PlainDatagramSocketImpl.peekData(Native Method)
	at java.net.DatagramSocket.receive(DatagramSocket.java:726)
	at org.elasticsearch.discovery.zen.ping.multicast.MulticastZenPing$Receiver.run(MulticastZenPing.java:366)
	at java.lang.Thread.run(Thread.java:744)
[2014-02-18 15:53:56,562][WARN ][discovery.zen.ping.multicast] [Madame Hydra/t1] failed to receive packet, throttling...
java.net.SocketException: Socket closed
	at java.net.PlainDatagramSocketImpl.peekData(Native Method)
	at java.net.DatagramSocket.receive(DatagramSocket.java:726)
	at org.elasticsearch.discovery.zen.ping.multicast.MulticastZenPing$Receiver.run(MulticastZenPing.java:366)
	at java.lang.Thread.run(Thread.java:744)
[2014-02-18 15:53:56,643][WARN ][discovery.zen.ping.multicast] [Madame Hydra/t2] failed to receive packet, throttling...
java.net.SocketException: Socket closed
	at java.net.PlainDatagramSocketImpl.peekData(Native Method)
	at java.net.DatagramSocket.receive(DatagramSocket.java:726)
	at org.elasticsearch.discovery.zen.ping.multicast.MulticastZenPing$Receiver.run(MulticastZenPing.java:366)
	at java.lang.Thread.run(Thread.java:744)
[2014-02-18 15:53:57,063][WARN ][discovery.zen.ping.multicast] [Madame Hydra/t1] failed to receive packet, throttling...
java.net.SocketException: Socket closed
	at java.net.PlainDatagramSocketImpl.peekData(Native Method)
	at java.net.DatagramSocket.receive(DatagramSocket.java:726)
	at org.elasticsearch.discovery.zen.ping.multicast.MulticastZenPing$Receiver.run(MulticastZenPing.java:366)
	at java.lang.Thread.run(Thread.java:744)
[2014-02-18 15:53:57,143][WARN ][discovery.zen.ping.multicast] [Madame Hydra/t2] failed to receive packet, throttling...
java.net.SocketException: Socket closed
	at java.net.PlainDatagramSocketImpl.peekData(Native Method)
	at java.net.DatagramSocket.receive(DatagramSocket.java:726)
	at org.elasticsearch.discovery.zen.ping.multicast.MulticastZenPing$Receiver.run(MulticastZenPing.java:366)
	at java.lang.Thread.run(Thread.java:744)
[2014-02-18 15:53:57,564][WARN ][discovery.zen.ping.multicast] [Madame Hydra/t1] failed to receive packet, throttling...
java.net.SocketException: Socket closed
	at java.net.PlainDatagramSocketImpl.peekData(Native Method)
	at java.net.DatagramSocket.receive(DatagramSocket.java:726)
	at org.elasticsearch.discovery.zen.ping.multicast.MulticastZenPing$Receiver.run(MulticastZenPing.java:366)
	at java.lang.Thread.run(Thread.java:744)
[2014-02-18 15:53:57,644][WARN ][discovery.zen.ping.multicast] [Madame Hydra/t2] failed to receive packet, throttling...
java.net.SocketException: Socket closed
	at java.net.PlainDatagramSocketImpl.peekData(Native Method)
	at java.net.DatagramSocket.receive(DatagramSocket.java:726)
	at org.elasticsearch.discovery.zen.ping.multicast.MulticastZenPing$Receiver.run(MulticastZenPing.java:366)
	at java.lang.Thread.run(Thread.java:744)
[2014-02-18 15:53:58,066][WARN ][discovery.zen.ping.multicast] [Madame Hydra/t1] failed to receive packet, throttling...
java.net.SocketException: Socket closed
	at java.net.PlainDatagramSocketImpl.peekData(Native Method)
	at java.net.DatagramSocket.receive(DatagramSocket.java:726)
	at org.elasticsearch.discovery.zen.ping.multicast.MulticastZenPing$Receiver.run(MulticastZenPing.java:366)
	at java.lang.Thread.run(Thread.java:744)
[2014-02-18 15:53:58,145][WARN ][discovery.zen.ping.multicast] [Madame Hydra/t2] failed to receive packet, throttling...
java.net.SocketException: Socket closed
	at java.net.PlainDatagramSocketImpl.peekData(Native Method)
	at java.net.DatagramSocket.receive(DatagramSocket.java:726)
	at org.elasticsearch.discovery.zen.ping.multicast.MulticastZenPing$Receiver.run(MulticastZenPing.java:366)
	at java.lang.Thread.run(Thread.java:744)
[2014-02-18 15:53:58,567][WARN ][discovery.zen.ping.multicast] [Madame Hydra/t1] failed to receive packet, throttling...
java.net.SocketException: Socket closed
	at java.net.PlainDatagramSocketImpl.peekData(Native Method)
	at java.net.DatagramSocket.receive(DatagramSocket.java:726)
	at org.elasticsearch.discovery.zen.ping.multicast.MulticastZenPing$Receiver.run(MulticastZenPing.java:366)
	at java.lang.Thread.run(Thread.java:744)
[2014-02-18 15:53:58,646][WARN ][discovery.zen.ping.multicast] [Madame Hydra/t2] failed to receive packet, throttling...
java.net.SocketException: Socket closed
	at java.net.PlainDatagramSocketImpl.peekData(Native Method)
	at java.net.DatagramSocket.receive(DatagramSocket.java:726)
	at org.elasticsearch.discovery.zen.ping.multicast.MulticastZenPing$Receiver.run(MulticastZenPing.java:366)
	at java.lang.Thread.run(Thread.java:744)
[2014-02-18 15:53:59,068][WARN ][discovery.zen.ping.multicast] [Madame Hydra/t1] failed to receive packet, throttling...
java.net.SocketException: Socket closed
	at java.net.PlainDatagramSocketImpl.peekData(Native Method)
	at java.net.DatagramSocket.receive(DatagramSocket.java:726)
	at org.elasticsearch.discovery.zen.ping.multicast.MulticastZenPing$Receiver.run(MulticastZenPing.java:366)
	at java.lang.Thread.run(Thread.java:744)
[2014-02-18 15:53:59,147][WARN ][discovery.zen.ping.multicast] [Madame Hydra/t2] failed to receive packet, throttling...
java.net.SocketException: Socket closed
	at java.net.PlainDatagramSocketImpl.peekData(Native Method)
	at java.net.DatagramSocket.receive(DatagramSocket.java:726)
	at org.elasticsearch.discovery.zen.ping.multicast.MulticastZenPing$Receiver.run(MulticastZenPing.java:366)
	at java.lang.Thread.run(Thread.java:744)
[2014-02-18 15:53:59,569][WARN ][discovery.zen.ping.multicast] [Madame Hydra/t1] failed to receive packet, throttling...
java.net.SocketException: Socket closed
	at java.net.PlainDatagramSocketImpl.peekData(Native Method)
	at java.net.DatagramSocket.receive(DatagramSocket.java:726)
	at org.elasticsearch.discovery.zen.ping.multicast.MulticastZenPing$Receiver.run(MulticastZenPing.java:366)
	at java.lang.Thread.run(Thread.java:744)
[2014-02-18 15:53:59,648][WARN ][discovery.zen.ping.multicast] [Madame Hydra/t2] failed to receive packet, throttling...
java.net.SocketException: Socket closed
	at java.net.PlainDatagramSocketImpl.peekData(Native Method)
	at java.net.DatagramSocket.receive(DatagramSocket.java:726)
	at org.elasticsearch.discovery.zen.ping.multicast.MulticastZenPing$Receiver.run(MulticastZenPing.java:366)
	at java.lang.Thread.run(Thread.java:744)
[2014-02-18 15:54:00,071][WARN ][discovery.zen.ping.multicast] [Madame Hydra/t1] failed to receive packet, throttling...
java.net.SocketException: Socket closed
	at java.net.PlainDatagramSocketImpl.peekData(Native Method)
	at java.net.DatagramSocket.receive(DatagramSocket.java:726)
	at org.elasticsearch.discovery.zen.ping.multicast.MulticastZenPing$Receiver.run(MulticastZenPing.java:366)
	at java.lang.Thread.run(Thread.java:744)
[2014-02-18 15:54:00,150][WARN ][discovery.zen.ping.multicast] [Madame Hydra/t2] failed to receive packet, throttling...
java.net.SocketException: Socket closed
	at java.net.PlainDatagramSocketImpl.peekData(Native Method)
	at java.net.DatagramSocket.receive(DatagramSocket.java:726)
	at org.elasticsearch.discovery.zen.ping.multicast.MulticastZenPing$Receiver.run(MulticastZenPing.java:366)
	at java.lang.Thread.run(Thread.java:744)
[2014-02-18 15:54:00,345][INFO ][tribe                    ] write to another type
[2014-02-18 15:54:00,348][INFO ][cluster.metadata         ] [node_0] [test1] update_mapping [type2] (dynamic)
[2014-02-18 15:54:00,356][INFO ][cluster.metadata         ] [node_0] [test2] update_mapping [type2] (dynamic)
[2014-02-18 15:54:00,445][INFO ][tribe                    ] verify they are there
[2014-02-18 15:54:00,453][INFO ][tribe                    ] make sure master level write operations fail... (we don't really have a master)
[2014-02-18 15:54:00,463][INFO ][tribe                    ] delete an index, and make sure its reflected
[2014-02-18 15:54:00,464][INFO ][cluster.metadata         ] [node_0] [test2] deleting index
[2014-02-18 15:54:00,465][INFO ][tribe                    ] [Madame Hydra] [t2] removing index [test2]
[2014-02-18 15:54:00,486][INFO ][tribe                    ] stop a node, make sure its reflected
[2014-02-18 15:54:00,487][INFO ][test                     ] Closing random node [node_1] 
[2014-02-18 15:54:00,491][INFO ][node                     ] [node_1] stopping ...
[2014-02-18 15:54:00,495][INFO ][cluster.service          ] [node_0] removed {[node_1][fOIgHYC1Q9K1C0TDJCoXUQ][Bills-MacBook-Pro.local][inet[/10.1.10.75:9304]],}, reason: zen-disco-node_left([node_1][fOIgHYC1Q9K1C0TDJCoXUQ][Bills-MacBook-Pro.local][inet[/10.1.10.75:9304]])
[2014-02-18 15:54:00,497][INFO ][cluster.service          ] [Madame Hydra/t2] removed {[node_1][fOIgHYC1Q9K1C0TDJCoXUQ][Bills-MacBook-Pro.local][inet[/10.1.10.75:9304]],}, reason: zen-disco-receive(from master [[node_0][zZFiqJYXShy9UEDI2dl6lg][Bills-MacBook-Pro.local][inet[/10.1.10.75:9303]]])
[2014-02-18 15:54:00,498][INFO ][tribe                    ] [Madame Hydra] [t2] removing node [[node_1][fOIgHYC1Q9K1C0TDJCoXUQ][Bills-MacBook-Pro.local][inet[/10.1.10.75:9304]]{tribe.name=t2}]
[2014-02-18 15:54:00,498][INFO ][cluster.service          ] [Madame Hydra] removed {[node_1][fOIgHYC1Q9K1C0TDJCoXUQ][Bills-MacBook-Pro.local][inet[/10.1.10.75:9304]]{tribe.name=t2},}, reason: cluster event from t2, zen-disco-receive(from master [[node_0][zZFiqJYXShy9UEDI2dl6lg][Bills-MacBook-Pro.local][inet[/10.1.10.75:9303]]])
[2014-02-18 15:54:00,499][INFO ][node                     ] [node_1] stopped
[2014-02-18 15:54:00,500][INFO ][node                     ] [node_1] closing ...
[2014-02-18 15:54:00,501][INFO ][node                     ] [node_1] closed
[2014-02-18 15:54:00,502][INFO ][node                     ] [Madame Hydra] stopping ...
[2014-02-18 15:54:00,503][INFO ][node                     ] [Madame Hydra/t1] stopping ...
[2014-02-18 15:54:00,504][INFO ][cluster.service          ] [node_0] removed {[Madame Hydra/t1][DNbEZJ5DQiejaRdhoonsAA][Bills-MacBook-Pro.local][inet[/10.1.10.75:9306]]{client=true, data=false},}, reason: zen-disco-node_left([Madame Hydra/t1][DNbEZJ5DQiejaRdhoonsAA][Bills-MacBook-Pro.local][inet[/10.1.10.75:9306]]{client=true, data=false})
[2014-02-18 15:54:00,507][INFO ][cluster.service          ] [node_2] removed {[Madame Hydra/t1][DNbEZJ5DQiejaRdhoonsAA][Bills-MacBook-Pro.local][inet[/10.1.10.75:9306]]{client=true, data=false},}, reason: zen-disco-receive(from master [[node_0][tbUF3y2YTPm1TPdTF8YBYw][Bills-MacBook-Pro.local][inet[/10.1.10.75:9300]]])
[2014-02-18 15:54:00,507][INFO ][cluster.service          ] [node_1] removed {[Madame Hydra/t1][DNbEZJ5DQiejaRdhoonsAA][Bills-MacBook-Pro.local][inet[/10.1.10.75:9306]]{client=true, data=false},}, reason: zen-disco-receive(from master [[node_0][tbUF3y2YTPm1TPdTF8YBYw][Bills-MacBook-Pro.local][inet[/10.1.10.75:9300]]])
[2014-02-18 15:54:00,509][INFO ][node                     ] [Madame Hydra/t1] stopped
[2014-02-18 15:54:00,509][INFO ][node                     ] [Madame Hydra/t2] stopping ...
[2014-02-18 15:54:00,511][INFO ][cluster.service          ] [node_0] removed {[Madame Hydra/t2][u7e90KwgQlakkVBGqxQ7RQ][Bills-MacBook-Pro.local][inet[/10.1.10.75:9307]]{client=true, data=false},}, reason: zen-disco-node_left([Madame Hydra/t2][u7e90KwgQlakkVBGqxQ7RQ][Bills-MacBook-Pro.local][inet[/10.1.10.75:9307]]{client=true, data=false})
[2014-02-18 15:54:00,514][INFO ][node                     ] [Madame Hydra/t2] stopped
[2014-02-18 15:54:00,519][INFO ][node                     ] [Madame Hydra] stopped
[2014-02-18 15:54:00,520][INFO ][node                     ] [Madame Hydra] closing ...
[2014-02-18 15:54:00,520][INFO ][node                     ] [Madame Hydra/t1] closing ...
[2014-02-18 15:54:00,521][INFO ][node                     ] [Madame Hydra/t1] closed
[2014-02-18 15:54:00,521][INFO ][node                     ] [Madame Hydra/t2] closing ...
[2014-02-18 15:54:00,521][INFO ][node                     ] [Madame Hydra/t2] closed
[2014-02-18 15:54:00,522][INFO ][node                     ] [Madame Hydra] closed
[2014-02-18 15:54:00,522][INFO ][test                     ] Wipe data directory for all nodes locations: [data/d0/shared-Bills-MacBook-Pro.local-CHILD_VM=[0]-CLUSTER_SEED=[1392766407945050000]-HASH=[135419AB41B95588]-2/nodes/0, data/d0/shared-Bills-MacBook-Pro.local-CHILD_VM=[0]-CLUSTER_SEED=[1392766407945050000]-HASH=[135419AB41B95588]-2/nodes/1]
[2014-02-18 15:54:00,526][INFO ][node                     ] [node_0] stopping ...
[2014-02-18 15:54:00,531][INFO ][node                     ] [node_0] stopped
[2014-02-18 15:54:00,532][INFO ][node                     ] [node_0] closing ...
[2014-02-18 15:54:00,533][INFO ][node                     ] [node_0] closed
[2014-02-18 15:54:00,534][INFO ][tribe                    ] [TribeTests#testTribeOnOneCluster]: cleaning up after test
[2014-02-18 15:54:00,535][INFO ][cluster.metadata         ] [node_0] [test1] deleting index
[2014-02-18 15:54:00,566][INFO ][tribe                    ] [TribeTests#testTribeOnOneCluster]: cleaned up after test
[2014-02-18 15:54:00,572][INFO ][test                     ] Test testTribeOnOneCluster(org.elasticsearch.tribe.TribeTests) finished
]]></system-out>
   <system-err><![CDATA[]]></system-err>
</testsuite>