<testsuite errors="0" failures="0" tests="12" skipped="0" name="org.elasticsearch.search.basic.TransportTwoNodesSearchTests" hostname="nohost.nodomain" time="4.023" timestamp="2014-02-18T16:02:04">
   <properties class="java.util.ArrayList">
      <property name="awt.toolkit" value="sun.lwawt.macosx.LWCToolkit"/>
      <property name="es.logger.level" value="INFO"/>
      <property name="es.logger.prefix" value=""/>
      <property name="es.node.local" value=""/>
      <property name="es.node.mode" value=""/>
      <property name="file.encoding" value="UTF-8"/>
      <property name="file.encoding.pkg" value="sun.io"/>
      <property name="file.separator" value="/"/>
      <property name="ftp.nonProxyHosts" value="local|*.local|169.254/16|*.169.254/16"/>
      <property name="gopherProxySet" value="false"/>
      <property name="http.nonProxyHosts" value="local|*.local|169.254/16|*.169.254/16"/>
      <property name="java.awt.graphicsenv" value="sun.awt.CGraphicsEnvironment"/>
      <property name="java.awt.headless" value="true"/>
      <property name="java.awt.printerjob" value="sun.lwawt.macosx.CPrinterJob"/>
      <property name="java.class.path" value="/Users/bhwang/elasticsearch/target/test-classes:/Users/bhwang/elasticsearch/target/classes:/Users/bhwang/.m2/repository/org/hamcrest/hamcrest-all/1.3/hamcrest-all-1.3.jar:/Users/bhwang/.m2/repository/com/carrotsearch/randomizedtesting/randomizedtesting-runner/2.0.15/randomizedtesting-runner-2.0.15.jar:/Users/bhwang/.m2/repository/junit/junit/4.10/junit-4.10.jar:/Users/bhwang/.m2/repository/org/apache/lucene/lucene-test-framework/4.6.1/lucene-test-framework-4.6.1.jar:/Users/bhwang/.m2/repository/org/apache/lucene/lucene-expressions/4.6.1/lucene-expressions-4.6.1.jar:/Users/bhwang/.m2/repository/org/antlr/antlr-runtime/3.5/antlr-runtime-3.5.jar:/Users/bhwang/.m2/repository/org/ow2/asm/asm/4.1/asm-4.1.jar:/Users/bhwang/.m2/repository/org/ow2/asm/asm-commons/4.1/asm-commons-4.1.jar:/Users/bhwang/.m2/repository/org/apache/httpcomponents/httpclient/4.3.1/httpclient-4.3.1.jar:/Users/bhwang/.m2/repository/org/apache/httpcomponents/httpcore/4.3/httpcore-4.3.jar:/Users/bhwang/.m2/repository/commons-logging/commons-logging/1.1.3/commons-logging-1.1.3.jar:/Users/bhwang/.m2/repository/commons-codec/commons-codec/1.6/commons-codec-1.6.jar:/Users/bhwang/.m2/repository/org/apache/lucene/lucene-core/4.6.1/lucene-core-4.6.1.jar:/Users/bhwang/.m2/repository/org/apache/lucene/lucene-analyzers-common/4.6.1/lucene-analyzers-common-4.6.1.jar:/Users/bhwang/.m2/repository/org/apache/lucene/lucene-codecs/4.6.1/lucene-codecs-4.6.1.jar:/Users/bhwang/.m2/repository/org/apache/lucene/lucene-queries/4.6.1/lucene-queries-4.6.1.jar:/Users/bhwang/.m2/repository/org/apache/lucene/lucene-memory/4.6.1/lucene-memory-4.6.1.jar:/Users/bhwang/.m2/repository/org/apache/lucene/lucene-highlighter/4.6.1/lucene-highlighter-4.6.1.jar:/Users/bhwang/.m2/repository/org/apache/lucene/lucene-queryparser/4.6.1/lucene-queryparser-4.6.1.jar:/Users/bhwang/.m2/repository/org/apache/lucene/lucene-sandbox/4.6.1/lucene-sandbox-4.6.1.jar:/Users/bhwang/.m2/repository/org/apache/lucene/lucene-suggest/4.6.1/lucene-suggest-4.6.1.jar:/Users/bhwang/.m2/repository/org/apache/lucene/lucene-misc/4.6.1/lucene-misc-4.6.1.jar:/Users/bhwang/.m2/repository/org/apache/lucene/lucene-join/4.6.1/lucene-join-4.6.1.jar:/Users/bhwang/.m2/repository/org/apache/lucene/lucene-grouping/4.6.1/lucene-grouping-4.6.1.jar:/Users/bhwang/.m2/repository/org/apache/lucene/lucene-spatial/4.6.1/lucene-spatial-4.6.1.jar:/Users/bhwang/.m2/repository/com/spatial4j/spatial4j/0.3/spatial4j-0.3.jar:/Users/bhwang/.m2/repository/com/vividsolutions/jts/1.12/jts-1.12.jar:/Users/bhwang/.m2/repository/com/google/guava/guava/16.0/guava-16.0.jar:/Users/bhwang/.m2/repository/com/carrotsearch/hppc/0.5.3/hppc-0.5.3.jar:/Users/bhwang/.m2/repository/joda-time/joda-time/2.3/joda-time-2.3.jar:/Users/bhwang/.m2/repository/org/joda/joda-convert/1.2/joda-convert-1.2.jar:/Users/bhwang/.m2/repository/org/mvel/mvel2/2.1.5.Final/mvel2-2.1.5.Final.jar:/Users/bhwang/.m2/repository/com/fasterxml/jackson/core/jackson-core/2.3.0/jackson-core-2.3.0.jar:/Users/bhwang/.m2/repository/com/fasterxml/jackson/dataformat/jackson-dataformat-smile/2.3.0/jackson-dataformat-smile-2.3.0.jar:/Users/bhwang/.m2/repository/com/fasterxml/jackson/dataformat/jackson-dataformat-yaml/2.3.0/jackson-dataformat-yaml-2.3.0.jar:/Users/bhwang/.m2/repository/io/netty/netty/3.9.0.Final/netty-3.9.0.Final.jar:/Users/bhwang/.m2/repository/com/ning/compress-lzf/0.9.6/compress-lzf-0.9.6.jar:/Users/bhwang/.m2/repository/log4j/log4j/1.2.17/log4j-1.2.17.jar:/Users/bhwang/.m2/repository/org/slf4j/slf4j-api/1.6.2/slf4j-api-1.6.2.jar:/Users/bhwang/.m2/repository/net/java/dev/jna/jna/3.3.0/jna-3.3.0.jar:/Users/bhwang/.m2/repository/org/fusesource/sigar/1.6.4/sigar-1.6.4.jar:/Users/bhwang/.m2/repository/com/carrotsearch/randomizedtesting/junit4-ant/2.0.15/junit4-ant-2.0.15.jar"/>
      <property name="java.class.version" value="51.0"/>
      <property name="java.endorsed.dirs" value="/Library/Java/JavaVirtualMachines/jdk1.7.0_45.jdk/Contents/Home/jre/lib/endorsed"/>
      <property name="java.ext.dirs" value="/Users/bhwang/Library/Java/Extensions:/Library/Java/JavaVirtualMachines/jdk1.7.0_45.jdk/Contents/Home/jre/lib/ext:/Library/Java/Extensions:/Network/Library/Java/Extensions:/System/Library/Java/Extensions:/usr/lib/java"/>
      <property name="java.home" value="/Library/Java/JavaVirtualMachines/jdk1.7.0_45.jdk/Contents/Home/jre"/>
      <property name="java.io.tmpdir" value="."/>
      <property name="java.library.path" value="/Users/bhwang/Library/Java/Extensions:/Library/Java/Extensions:/Network/Library/Java/Extensions:/System/Library/Java/Extensions:/usr/lib/java:."/>
      <property name="java.runtime.name" value="Java(TM) SE Runtime Environment"/>
      <property name="java.runtime.version" value="1.7.0_45-b18"/>
      <property name="java.security.policy" value="/Users/bhwang/elasticsearch/dev-tools/tests.policy"/>
      <property name="java.specification.name" value="Java Platform API Specification"/>
      <property name="java.specification.vendor" value="Oracle Corporation"/>
      <property name="java.specification.version" value="1.7"/>
      <property name="java.vendor" value="Oracle Corporation"/>
      <property name="java.vendor.url" value="http://java.oracle.com/"/>
      <property name="java.vendor.url.bug" value="http://bugreport.sun.com/bugreport/"/>
      <property name="java.version" value="1.7.0_45"/>
      <property name="java.vm.info" value="mixed mode"/>
      <property name="java.vm.name" value="Java HotSpot(TM) 64-Bit Server VM"/>
      <property name="java.vm.specification.name" value="Java Virtual Machine Specification"/>
      <property name="java.vm.specification.vendor" value="Oracle Corporation"/>
      <property name="java.vm.specification.version" value="1.7"/>
      <property name="java.vm.vendor" value="Oracle Corporation"/>
      <property name="java.vm.version" value="24.45-b08"/>
      <property name="junit4.childvm.cwd" value="/Users/bhwang/elasticsearch/target/J0"/>
      <property name="junit4.childvm.id" value="0"/>
      <property name="junit4.memory.total" value="128974848"/>
      <property name="junit4.pidString" value="6815@Bills-MacBook-Pro.local"/>
      <property name="junit4.processors" value="4"/>
      <property name="junit4.tempDir" value="/Users/bhwang/elasticsearch/target"/>
      <property name="line.separator" value="
"/>
      <property name="os.arch" value="x86_64"/>
      <property name="os.name" value="Mac OS X"/>
      <property name="os.version" value="10.9.1"/>
      <property name="path.separator" value=":"/>
      <property name="socksNonProxyHosts" value="local|*.local|169.254/16|*.169.254/16"/>
      <property name="sun.arch.data.model" value="64"/>
      <property name="sun.boot.class.path" value="/Library/Java/JavaVirtualMachines/jdk1.7.0_45.jdk/Contents/Home/jre/lib/resources.jar:/Library/Java/JavaVirtualMachines/jdk1.7.0_45.jdk/Contents/Home/jre/lib/rt.jar:/Library/Java/JavaVirtualMachines/jdk1.7.0_45.jdk/Contents/Home/jre/lib/sunrsasign.jar:/Library/Java/JavaVirtualMachines/jdk1.7.0_45.jdk/Contents/Home/jre/lib/jsse.jar:/Library/Java/JavaVirtualMachines/jdk1.7.0_45.jdk/Contents/Home/jre/lib/jce.jar:/Library/Java/JavaVirtualMachines/jdk1.7.0_45.jdk/Contents/Home/jre/lib/charsets.jar:/Library/Java/JavaVirtualMachines/jdk1.7.0_45.jdk/Contents/Home/jre/lib/jfr.jar:/Library/Java/JavaVirtualMachines/jdk1.7.0_45.jdk/Contents/Home/jre/lib/JObjC.jar:/Library/Java/JavaVirtualMachines/jdk1.7.0_45.jdk/Contents/Home/jre/classes"/>
      <property name="sun.boot.library.path" value="/Library/Java/JavaVirtualMachines/jdk1.7.0_45.jdk/Contents/Home/jre/lib"/>
      <property name="sun.cpu.endian" value="little"/>
      <property name="sun.cpu.isalist" value=""/>
      <property name="sun.io.unicode.encoding" value="UnicodeBig"/>
      <property name="sun.java.command" value="com.carrotsearch.ant.tasks.junit4.slave.SlaveMainSafe -flush -eventsfile /Users/bhwang/elasticsearch/target/junit4-J0-20140218_153326_767.events @/Users/bhwang/elasticsearch/target/junit4-J0-20140218_153326_767.suites -stdin"/>
      <property name="sun.java.launcher" value="SUN_STANDARD"/>
      <property name="sun.jnu.encoding" value="UTF-8"/>
      <property name="sun.management.compiler" value="HotSpot 64-Bit Tiered Compilers"/>
      <property name="sun.os.patch.level" value="unknown"/>
      <property name="tests.appendseed" value=""/>
      <property name="tests.assertion.disabled" value=""/>
      <property name="tests.awaitsfix" value=""/>
      <property name="tests.badapples" value=""/>
      <property name="tests.class" value=""/>
      <property name="tests.client.ratio" value=""/>
      <property name="tests.cluster_seed" value=""/>
      <property name="tests.enable_mock_modules" value=""/>
      <property name="tests.failfast" value=""/>
      <property name="tests.integration" value=""/>
      <property name="tests.iters" value=""/>
      <property name="tests.jvm.argline" value=""/>
      <property name="tests.maxfailures" value=""/>
      <property name="tests.method" value=""/>
      <property name="tests.network" value=""/>
      <property name="tests.nightly" value=""/>
      <property name="tests.prefix" value="tests"/>
      <property name="tests.rest" value=""/>
      <property name="tests.rest.spec" value=""/>
      <property name="tests.rest.suite" value=""/>
      <property name="tests.security.manager" value=""/>
      <property name="tests.seed" value="A89B4FF56754358E"/>
      <property name="tests.showSuccess" value=""/>
      <property name="tests.slow" value=""/>
      <property name="tests.timeoutSuite" value=""/>
      <property name="tests.weekly" value=""/>
      <property name="user.country" value="US"/>
      <property name="user.dir" value="/Users/bhwang/elasticsearch/target/J0"/>
      <property name="user.home" value="/Users/bhwang"/>
      <property name="user.language" value="en"/>
      <property name="user.name" value="bhwang"/>
      <property name="user.timezone" value=""/>
   </properties>
   <testcase classname="org.elasticsearch.search.basic.TransportTwoNodesSearchTests" name="testQueryThenFetchWithSort" time="0.21"/>
   <testcase classname="org.elasticsearch.search.basic.TransportTwoNodesSearchTests" name="testQueryAndFetch" time="0.498"/>
   <testcase classname="org.elasticsearch.search.basic.TransportTwoNodesSearchTests" name="testQueryThenFetch" time="0.348"/>
   <testcase classname="org.elasticsearch.search.basic.TransportTwoNodesSearchTests" name="testDfsQueryThenFetchWithSort" time="0.288"/>
   <testcase classname="org.elasticsearch.search.basic.TransportTwoNodesSearchTests" name="testSimpleFacets" time="0.295"/>
   <testcase classname="org.elasticsearch.search.basic.TransportTwoNodesSearchTests" name="testFailedMultiSearchWithWrongQuery_withFunctionScore" time="0.346"/>
   <testcase classname="org.elasticsearch.search.basic.TransportTwoNodesSearchTests" name="testFailedMultiSearchWithWrongQuery" time="0.35"/>
   <testcase classname="org.elasticsearch.search.basic.TransportTwoNodesSearchTests" name="testDfsQueryAndFetch" time="0.286"/>
   <testcase classname="org.elasticsearch.search.basic.TransportTwoNodesSearchTests" name="testQueryThenFetchWithFrom" time="0.27"/>
   <testcase classname="org.elasticsearch.search.basic.TransportTwoNodesSearchTests" name="testFailedSearchWithWrongFrom" time="0.233"/>
   <testcase classname="org.elasticsearch.search.basic.TransportTwoNodesSearchTests" name="testDfsQueryThenFetch" time="0.415"/>
   <testcase classname="org.elasticsearch.search.basic.TransportTwoNodesSearchTests" name="testFailedSearchWithWrongQuery" time="0.469"/>
   <system-out><![CDATA[[2014-02-18 16:02:04,194][INFO ][test                     ] Test testQueryThenFetchWithSort(org.elasticsearch.search.basic.TransportTwoNodesSearchTests) started
[2014-02-18 16:02:04,198][INFO ][plugins                  ] [transport_client_node_1] loaded [], sites []
[2014-02-18 16:02:04,224][INFO ][search.basic             ] [TransportTwoNodesSearchTests#testQueryThenFetchWithSort]: before test
[2014-02-18 16:02:04,233][INFO ][cluster.metadata         ] [node_0] [test] creating index, cause [api], shards [3]/[0], mappings []
[2014-02-18 16:02:04,285][INFO ][cluster.metadata         ] [node_0] [test] update_mapping [type1] (dynamic)
[2014-02-18 16:02:04,380][INFO ][search.basic             ] [TransportTwoNodesSearchTests#testQueryThenFetchWithSort]: cleaning up after test
[2014-02-18 16:02:04,381][INFO ][cluster.metadata         ] [node_0] [test] deleting index
[2014-02-18 16:02:04,400][INFO ][search.basic             ] [TransportTwoNodesSearchTests#testQueryThenFetchWithSort]: cleaned up after test
[2014-02-18 16:02:04,404][INFO ][test                     ] Test testQueryThenFetchWithSort(org.elasticsearch.search.basic.TransportTwoNodesSearchTests) finished
[2014-02-18 16:02:04,405][INFO ][test                     ] Test testQueryAndFetch(org.elasticsearch.search.basic.TransportTwoNodesSearchTests) started
[2014-02-18 16:02:04,412][INFO ][plugins                  ] [transport_client_node_0] loaded [], sites []
[2014-02-18 16:02:04,442][INFO ][search.basic             ] [TransportTwoNodesSearchTests#testQueryAndFetch]: before test
[2014-02-18 16:02:04,444][INFO ][plugins                  ] [transport_client_node_2] loaded [], sites []
[2014-02-18 16:02:04,479][INFO ][cluster.metadata         ] [node_0] [test] creating index, cause [api], shards [3]/[0], mappings []
[2014-02-18 16:02:04,621][INFO ][cluster.metadata         ] [node_0] [test] update_mapping [type1] (dynamic)
[2014-02-18 16:02:04,874][INFO ][search.basic             ] [TransportTwoNodesSearchTests#testQueryAndFetch]: cleaning up after test
[2014-02-18 16:02:04,876][INFO ][cluster.metadata         ] [node_0] [test] deleting index
[2014-02-18 16:02:04,894][INFO ][search.basic             ] [TransportTwoNodesSearchTests#testQueryAndFetch]: cleaned up after test
[2014-02-18 16:02:04,903][INFO ][test                     ] Test testQueryAndFetch(org.elasticsearch.search.basic.TransportTwoNodesSearchTests) finished
[2014-02-18 16:02:04,903][INFO ][test                     ] Test testQueryThenFetch(org.elasticsearch.search.basic.TransportTwoNodesSearchTests) started
[2014-02-18 16:02:04,907][INFO ][plugins                  ] [transport_client_node_0] loaded [], sites []
[2014-02-18 16:02:04,933][INFO ][plugins                  ] [transport_client_node_2] loaded [], sites []
[2014-02-18 16:02:04,964][INFO ][search.basic             ] [TransportTwoNodesSearchTests#testQueryThenFetch]: before test
[2014-02-18 16:02:04,976][INFO ][cluster.metadata         ] [node_0] [test] creating index, cause [api], shards [3]/[0], mappings []
[2014-02-18 16:02:05,031][INFO ][plugins                  ] [transport_client_node_1] loaded [], sites []
[2014-02-18 16:02:05,057][INFO ][cluster.metadata         ] [node_0] [test] update_mapping [type1] (dynamic)
[2014-02-18 16:02:05,220][INFO ][search.basic             ] [TransportTwoNodesSearchTests#testQueryThenFetch]: cleaning up after test
[2014-02-18 16:02:05,222][INFO ][cluster.metadata         ] [node_0] [test] deleting index
[2014-02-18 16:02:05,239][INFO ][search.basic             ] [TransportTwoNodesSearchTests#testQueryThenFetch]: cleaned up after test
[2014-02-18 16:02:05,250][INFO ][test                     ] Test testQueryThenFetch(org.elasticsearch.search.basic.TransportTwoNodesSearchTests) finished
[2014-02-18 16:02:05,251][INFO ][test                     ] Test testDfsQueryThenFetchWithSort(org.elasticsearch.search.basic.TransportTwoNodesSearchTests) started
[2014-02-18 16:02:05,254][INFO ][plugins                  ] [transport_client_node_2] loaded [], sites []
[2014-02-18 16:02:05,280][INFO ][plugins                  ] [transport_client_node_0] loaded [], sites []
[2014-02-18 16:02:05,303][INFO ][search.basic             ] [TransportTwoNodesSearchTests#testDfsQueryThenFetchWithSort]: before test
[2014-02-18 16:02:05,311][INFO ][cluster.metadata         ] [node_0] [test] creating index, cause [api], shards [3]/[0], mappings []
[2014-02-18 16:02:05,358][INFO ][cluster.metadata         ] [node_0] [test] update_mapping [type1] (dynamic)
[2014-02-18 16:02:05,506][INFO ][search.basic             ] [TransportTwoNodesSearchTests#testDfsQueryThenFetchWithSort]: cleaning up after test
[2014-02-18 16:02:05,507][INFO ][cluster.metadata         ] [node_0] [test] deleting index
[2014-02-18 16:02:05,527][INFO ][search.basic             ] [TransportTwoNodesSearchTests#testDfsQueryThenFetchWithSort]: cleaned up after test
[2014-02-18 16:02:05,539][INFO ][test                     ] Test testDfsQueryThenFetchWithSort(org.elasticsearch.search.basic.TransportTwoNodesSearchTests) finished
[2014-02-18 16:02:05,539][INFO ][test                     ] Test testSimpleFacets(org.elasticsearch.search.basic.TransportTwoNodesSearchTests) started
[2014-02-18 16:02:05,543][INFO ][plugins                  ] [transport_client_node_1] loaded [], sites []
[2014-02-18 16:02:05,576][INFO ][plugins                  ] [transport_client_node_2] loaded [], sites []
[2014-02-18 16:02:05,599][INFO ][search.basic             ] [TransportTwoNodesSearchTests#testSimpleFacets]: before test
[2014-02-18 16:02:05,609][INFO ][cluster.metadata         ] [node_0] [test] creating index, cause [api], shards [3]/[0], mappings []
[2014-02-18 16:02:05,651][INFO ][cluster.metadata         ] [node_0] [test] update_mapping [type1] (dynamic)
[2014-02-18 16:02:05,807][INFO ][search.basic             ] [TransportTwoNodesSearchTests#testSimpleFacets]: cleaning up after test
[2014-02-18 16:02:05,809][INFO ][cluster.metadata         ] [node_0] [test] deleting index
[2014-02-18 16:02:05,826][INFO ][search.basic             ] [TransportTwoNodesSearchTests#testSimpleFacets]: cleaned up after test
[2014-02-18 16:02:05,834][INFO ][test                     ] Test testSimpleFacets(org.elasticsearch.search.basic.TransportTwoNodesSearchTests) finished
[2014-02-18 16:02:05,834][INFO ][test                     ] Test testFailedMultiSearchWithWrongQuery_withFunctionScore(org.elasticsearch.search.basic.TransportTwoNodesSearchTests) started
[2014-02-18 16:02:05,838][INFO ][plugins                  ] [transport_client_node_0] loaded [], sites []
[2014-02-18 16:02:05,864][INFO ][plugins                  ] [transport_client_node_1] loaded [], sites []
[2014-02-18 16:02:05,887][INFO ][search.basic             ] [TransportTwoNodesSearchTests#testFailedMultiSearchWithWrongQuery_withFunctionScore]: before test
[2014-02-18 16:02:05,895][INFO ][cluster.metadata         ] [node_0] [test] creating index, cause [api], shards [3]/[0], mappings []
[2014-02-18 16:02:05,938][INFO ][cluster.metadata         ] [node_0] [test] update_mapping [type1] (dynamic)
[2014-02-18 16:02:05,964][INFO ][plugins                  ] [transport_client_node_2] loaded [], sites []
[2014-02-18 16:02:06,148][INFO ][search.basic             ] Start Testing failed multi search with a wrong query
[2014-02-18 16:02:06,154][INFO ][search.basic             ] Done Testing failed search
[2014-02-18 16:02:06,154][INFO ][search.basic             ] [TransportTwoNodesSearchTests#testFailedMultiSearchWithWrongQuery_withFunctionScore]: cleaning up after test
[2014-02-18 16:02:06,155][INFO ][cluster.metadata         ] [node_0] [test] deleting index
[2014-02-18 16:02:06,171][INFO ][search.basic             ] [TransportTwoNodesSearchTests#testFailedMultiSearchWithWrongQuery_withFunctionScore]: cleaned up after test
[2014-02-18 16:02:06,180][INFO ][test                     ] Test testFailedMultiSearchWithWrongQuery_withFunctionScore(org.elasticsearch.search.basic.TransportTwoNodesSearchTests) finished
[2014-02-18 16:02:06,180][INFO ][test                     ] Test testFailedMultiSearchWithWrongQuery(org.elasticsearch.search.basic.TransportTwoNodesSearchTests) started
[2014-02-18 16:02:06,183][INFO ][plugins                  ] [transport_client_node_1] loaded [], sites []
[2014-02-18 16:02:06,211][INFO ][plugins                  ] [transport_client_node_0] loaded [], sites []
[2014-02-18 16:02:06,238][INFO ][search.basic             ] [TransportTwoNodesSearchTests#testFailedMultiSearchWithWrongQuery]: before test
[2014-02-18 16:02:06,249][INFO ][cluster.metadata         ] [node_0] [test] creating index, cause [api], shards [3]/[0], mappings []
[2014-02-18 16:02:06,345][INFO ][cluster.metadata         ] [node_0] [test] update_mapping [type1] (dynamic)
[2014-02-18 16:02:06,494][INFO ][search.basic             ] Start Testing failed multi search with a wrong query
[2014-02-18 16:02:06,498][INFO ][search.basic             ] Done Testing failed search
[2014-02-18 16:02:06,499][INFO ][search.basic             ] [TransportTwoNodesSearchTests#testFailedMultiSearchWithWrongQuery]: cleaning up after test
[2014-02-18 16:02:06,500][INFO ][cluster.metadata         ] [node_0] [test] deleting index
[2014-02-18 16:02:06,521][INFO ][search.basic             ] [TransportTwoNodesSearchTests#testFailedMultiSearchWithWrongQuery]: cleaned up after test
[2014-02-18 16:02:06,530][INFO ][test                     ] Test testFailedMultiSearchWithWrongQuery(org.elasticsearch.search.basic.TransportTwoNodesSearchTests) finished
[2014-02-18 16:02:06,530][INFO ][test                     ] Test testDfsQueryAndFetch(org.elasticsearch.search.basic.TransportTwoNodesSearchTests) started
[2014-02-18 16:02:06,536][INFO ][plugins                  ] [transport_client_node_0] loaded [], sites []
[2014-02-18 16:02:06,561][INFO ][search.basic             ] [TransportTwoNodesSearchTests#testDfsQueryAndFetch]: before test
[2014-02-18 16:02:06,569][INFO ][cluster.metadata         ] [node_0] [test] creating index, cause [api], shards [3]/[0], mappings []
[2014-02-18 16:02:06,613][INFO ][plugins                  ] [transport_client_node_2] loaded [], sites []
[2014-02-18 16:02:06,649][INFO ][cluster.metadata         ] [node_0] [test] update_mapping [type1] (dynamic)
[2014-02-18 16:02:06,791][INFO ][search.basic             ] [TransportTwoNodesSearchTests#testDfsQueryAndFetch]: cleaning up after test
[2014-02-18 16:02:06,792][INFO ][cluster.metadata         ] [node_0] [test] deleting index
[2014-02-18 16:02:06,809][INFO ][search.basic             ] [TransportTwoNodesSearchTests#testDfsQueryAndFetch]: cleaned up after test
[2014-02-18 16:02:06,816][INFO ][test                     ] Test testDfsQueryAndFetch(org.elasticsearch.search.basic.TransportTwoNodesSearchTests) finished
[2014-02-18 16:02:06,816][INFO ][test                     ] Test testQueryThenFetchWithFrom(org.elasticsearch.search.basic.TransportTwoNodesSearchTests) started
[2014-02-18 16:02:06,821][INFO ][plugins                  ] [transport_client_node_0] loaded [], sites []
[2014-02-18 16:02:06,844][INFO ][search.basic             ] [TransportTwoNodesSearchTests#testQueryThenFetchWithFrom]: before test
[2014-02-18 16:02:06,852][INFO ][cluster.metadata         ] [node_0] [test] creating index, cause [api], shards [3]/[0], mappings []
[2014-02-18 16:02:06,897][INFO ][cluster.metadata         ] [node_0] [test] update_mapping [type1] (dynamic)
[2014-02-18 16:02:07,064][INFO ][search.basic             ] [TransportTwoNodesSearchTests#testQueryThenFetchWithFrom]: cleaning up after test
[2014-02-18 16:02:07,065][INFO ][cluster.metadata         ] [node_0] [test] deleting index
[2014-02-18 16:02:07,082][INFO ][search.basic             ] [TransportTwoNodesSearchTests#testQueryThenFetchWithFrom]: cleaned up after test
[2014-02-18 16:02:07,086][INFO ][test                     ] Test testQueryThenFetchWithFrom(org.elasticsearch.search.basic.TransportTwoNodesSearchTests) finished
[2014-02-18 16:02:07,086][INFO ][test                     ] Test testFailedSearchWithWrongFrom(org.elasticsearch.search.basic.TransportTwoNodesSearchTests) started
[2014-02-18 16:02:07,090][INFO ][search.basic             ] [TransportTwoNodesSearchTests#testFailedSearchWithWrongFrom]: before test
[2014-02-18 16:02:07,106][INFO ][cluster.metadata         ] [node_0] [test] creating index, cause [api], shards [3]/[0], mappings []
[2014-02-18 16:02:07,149][INFO ][cluster.metadata         ] [node_0] [test] update_mapping [type1] (dynamic)
[2014-02-18 16:02:07,283][INFO ][search.basic             ] Start Testing failed search with wrong from
[2014-02-18 16:02:07,289][INFO ][search.basic             ] Done Testing failed search
[2014-02-18 16:02:07,289][INFO ][search.basic             ] [TransportTwoNodesSearchTests#testFailedSearchWithWrongFrom]: cleaning up after test
[2014-02-18 16:02:07,290][INFO ][cluster.metadata         ] [node_0] [test] deleting index
[2014-02-18 16:02:07,319][INFO ][search.basic             ] [TransportTwoNodesSearchTests#testFailedSearchWithWrongFrom]: cleaned up after test
[2014-02-18 16:02:07,319][INFO ][test                     ] Test testFailedSearchWithWrongFrom(org.elasticsearch.search.basic.TransportTwoNodesSearchTests) finished
[2014-02-18 16:02:07,320][INFO ][test                     ] Test testDfsQueryThenFetch(org.elasticsearch.search.basic.TransportTwoNodesSearchTests) started
[2014-02-18 16:02:07,323][INFO ][plugins                  ] [transport_client_node_0] loaded [], sites []
[2014-02-18 16:02:07,351][INFO ][plugins                  ] [transport_client_node_1] loaded [], sites []
[2014-02-18 16:02:07,381][INFO ][search.basic             ] [TransportTwoNodesSearchTests#testDfsQueryThenFetch]: before test
[2014-02-18 16:02:07,391][INFO ][cluster.metadata         ] [node_0] [test] creating index, cause [api], shards [3]/[0], mappings []
[2014-02-18 16:02:07,440][INFO ][plugins                  ] [transport_client_node_2] loaded [], sites []
[2014-02-18 16:02:07,472][INFO ][cluster.metadata         ] [node_0] [test] update_mapping [type1] (dynamic)
[2014-02-18 16:02:07,681][INFO ][search.basic             ] [TransportTwoNodesSearchTests#testDfsQueryThenFetch]: cleaning up after test
[2014-02-18 16:02:07,683][INFO ][cluster.metadata         ] [node_0] [test] deleting index
[2014-02-18 16:02:07,721][INFO ][search.basic             ] [TransportTwoNodesSearchTests#testDfsQueryThenFetch]: cleaned up after test
[2014-02-18 16:02:07,735][INFO ][test                     ] Test testDfsQueryThenFetch(org.elasticsearch.search.basic.TransportTwoNodesSearchTests) finished
[2014-02-18 16:02:07,736][INFO ][test                     ] Test testFailedSearchWithWrongQuery(org.elasticsearch.search.basic.TransportTwoNodesSearchTests) started
[2014-02-18 16:02:07,741][INFO ][plugins                  ] [transport_client_node_0] loaded [], sites []
[2014-02-18 16:02:07,782][INFO ][plugins                  ] [transport_client_node_2] loaded [], sites []
[2014-02-18 16:02:07,823][INFO ][search.basic             ] [TransportTwoNodesSearchTests#testFailedSearchWithWrongQuery]: before test
[2014-02-18 16:02:07,837][INFO ][cluster.metadata         ] [node_0] [test] creating index, cause [api], shards [3]/[0], mappings []
[2014-02-18 16:02:07,893][INFO ][plugins                  ] [transport_client_node_1] loaded [], sites []
[2014-02-18 16:02:07,927][INFO ][cluster.metadata         ] [node_0] [test] update_mapping [type1] (dynamic)
[2014-02-18 16:02:08,167][INFO ][search.basic             ] Start Testing failed search with wrong query
[2014-02-18 16:02:08,173][INFO ][search.basic             ] Done Testing failed search
[2014-02-18 16:02:08,173][INFO ][search.basic             ] [TransportTwoNodesSearchTests#testFailedSearchWithWrongQuery]: cleaning up after test
[2014-02-18 16:02:08,174][INFO ][cluster.metadata         ] [node_0] [test] deleting index
[2014-02-18 16:02:08,190][INFO ][search.basic             ] [TransportTwoNodesSearchTests#testFailedSearchWithWrongQuery]: cleaned up after test
[2014-02-18 16:02:08,204][INFO ][test                     ] Test testFailedSearchWithWrongQuery(org.elasticsearch.search.basic.TransportTwoNodesSearchTests) finished
]]></system-out>
   <system-err><![CDATA[]]></system-err>
</testsuite>