<testsuite errors="0" failures="0" tests="11" skipped="0" name="org.elasticsearch.search.facet.terms.ShardSizeTermsFacetTests" hostname="nohost.nodomain" time="18.052" timestamp="2014-02-18T15:48:37">
   <properties class="java.util.ArrayList">
      <property name="awt.toolkit" value="sun.lwawt.macosx.LWCToolkit"/>
      <property name="es.logger.level" value="INFO"/>
      <property name="es.logger.prefix" value=""/>
      <property name="es.node.local" value=""/>
      <property name="es.node.mode" value=""/>
      <property name="file.encoding" value="UTF-8"/>
      <property name="file.encoding.pkg" value="sun.io"/>
      <property name="file.separator" value="/"/>
      <property name="ftp.nonProxyHosts" value="local|*.local|169.254/16|*.169.254/16"/>
      <property name="gopherProxySet" value="false"/>
      <property name="http.nonProxyHosts" value="local|*.local|169.254/16|*.169.254/16"/>
      <property name="java.awt.graphicsenv" value="sun.awt.CGraphicsEnvironment"/>
      <property name="java.awt.headless" value="true"/>
      <property name="java.awt.printerjob" value="sun.lwawt.macosx.CPrinterJob"/>
      <property name="java.class.path" value="/Users/bhwang/elasticsearch/target/test-classes:/Users/bhwang/elasticsearch/target/classes:/Users/bhwang/.m2/repository/org/hamcrest/hamcrest-all/1.3/hamcrest-all-1.3.jar:/Users/bhwang/.m2/repository/com/carrotsearch/randomizedtesting/randomizedtesting-runner/2.0.15/randomizedtesting-runner-2.0.15.jar:/Users/bhwang/.m2/repository/junit/junit/4.10/junit-4.10.jar:/Users/bhwang/.m2/repository/org/apache/lucene/lucene-test-framework/4.6.1/lucene-test-framework-4.6.1.jar:/Users/bhwang/.m2/repository/org/apache/lucene/lucene-expressions/4.6.1/lucene-expressions-4.6.1.jar:/Users/bhwang/.m2/repository/org/antlr/antlr-runtime/3.5/antlr-runtime-3.5.jar:/Users/bhwang/.m2/repository/org/ow2/asm/asm/4.1/asm-4.1.jar:/Users/bhwang/.m2/repository/org/ow2/asm/asm-commons/4.1/asm-commons-4.1.jar:/Users/bhwang/.m2/repository/org/apache/httpcomponents/httpclient/4.3.1/httpclient-4.3.1.jar:/Users/bhwang/.m2/repository/org/apache/httpcomponents/httpcore/4.3/httpcore-4.3.jar:/Users/bhwang/.m2/repository/commons-logging/commons-logging/1.1.3/commons-logging-1.1.3.jar:/Users/bhwang/.m2/repository/commons-codec/commons-codec/1.6/commons-codec-1.6.jar:/Users/bhwang/.m2/repository/org/apache/lucene/lucene-core/4.6.1/lucene-core-4.6.1.jar:/Users/bhwang/.m2/repository/org/apache/lucene/lucene-analyzers-common/4.6.1/lucene-analyzers-common-4.6.1.jar:/Users/bhwang/.m2/repository/org/apache/lucene/lucene-codecs/4.6.1/lucene-codecs-4.6.1.jar:/Users/bhwang/.m2/repository/org/apache/lucene/lucene-queries/4.6.1/lucene-queries-4.6.1.jar:/Users/bhwang/.m2/repository/org/apache/lucene/lucene-memory/4.6.1/lucene-memory-4.6.1.jar:/Users/bhwang/.m2/repository/org/apache/lucene/lucene-highlighter/4.6.1/lucene-highlighter-4.6.1.jar:/Users/bhwang/.m2/repository/org/apache/lucene/lucene-queryparser/4.6.1/lucene-queryparser-4.6.1.jar:/Users/bhwang/.m2/repository/org/apache/lucene/lucene-sandbox/4.6.1/lucene-sandbox-4.6.1.jar:/Users/bhwang/.m2/repository/org/apache/lucene/lucene-suggest/4.6.1/lucene-suggest-4.6.1.jar:/Users/bhwang/.m2/repository/org/apache/lucene/lucene-misc/4.6.1/lucene-misc-4.6.1.jar:/Users/bhwang/.m2/repository/org/apache/lucene/lucene-join/4.6.1/lucene-join-4.6.1.jar:/Users/bhwang/.m2/repository/org/apache/lucene/lucene-grouping/4.6.1/lucene-grouping-4.6.1.jar:/Users/bhwang/.m2/repository/org/apache/lucene/lucene-spatial/4.6.1/lucene-spatial-4.6.1.jar:/Users/bhwang/.m2/repository/com/spatial4j/spatial4j/0.3/spatial4j-0.3.jar:/Users/bhwang/.m2/repository/com/vividsolutions/jts/1.12/jts-1.12.jar:/Users/bhwang/.m2/repository/com/google/guava/guava/16.0/guava-16.0.jar:/Users/bhwang/.m2/repository/com/carrotsearch/hppc/0.5.3/hppc-0.5.3.jar:/Users/bhwang/.m2/repository/joda-time/joda-time/2.3/joda-time-2.3.jar:/Users/bhwang/.m2/repository/org/joda/joda-convert/1.2/joda-convert-1.2.jar:/Users/bhwang/.m2/repository/org/mvel/mvel2/2.1.5.Final/mvel2-2.1.5.Final.jar:/Users/bhwang/.m2/repository/com/fasterxml/jackson/core/jackson-core/2.3.0/jackson-core-2.3.0.jar:/Users/bhwang/.m2/repository/com/fasterxml/jackson/dataformat/jackson-dataformat-smile/2.3.0/jackson-dataformat-smile-2.3.0.jar:/Users/bhwang/.m2/repository/com/fasterxml/jackson/dataformat/jackson-dataformat-yaml/2.3.0/jackson-dataformat-yaml-2.3.0.jar:/Users/bhwang/.m2/repository/io/netty/netty/3.9.0.Final/netty-3.9.0.Final.jar:/Users/bhwang/.m2/repository/com/ning/compress-lzf/0.9.6/compress-lzf-0.9.6.jar:/Users/bhwang/.m2/repository/log4j/log4j/1.2.17/log4j-1.2.17.jar:/Users/bhwang/.m2/repository/org/slf4j/slf4j-api/1.6.2/slf4j-api-1.6.2.jar:/Users/bhwang/.m2/repository/net/java/dev/jna/jna/3.3.0/jna-3.3.0.jar:/Users/bhwang/.m2/repository/org/fusesource/sigar/1.6.4/sigar-1.6.4.jar:/Users/bhwang/.m2/repository/com/carrotsearch/randomizedtesting/junit4-ant/2.0.15/junit4-ant-2.0.15.jar"/>
      <property name="java.class.version" value="51.0"/>
      <property name="java.endorsed.dirs" value="/Library/Java/JavaVirtualMachines/jdk1.7.0_45.jdk/Contents/Home/jre/lib/endorsed"/>
      <property name="java.ext.dirs" value="/Users/bhwang/Library/Java/Extensions:/Library/Java/JavaVirtualMachines/jdk1.7.0_45.jdk/Contents/Home/jre/lib/ext:/Library/Java/Extensions:/Network/Library/Java/Extensions:/System/Library/Java/Extensions:/usr/lib/java"/>
      <property name="java.home" value="/Library/Java/JavaVirtualMachines/jdk1.7.0_45.jdk/Contents/Home/jre"/>
      <property name="java.io.tmpdir" value="."/>
      <property name="java.library.path" value="/Users/bhwang/Library/Java/Extensions:/Library/Java/Extensions:/Network/Library/Java/Extensions:/System/Library/Java/Extensions:/usr/lib/java:."/>
      <property name="java.runtime.name" value="Java(TM) SE Runtime Environment"/>
      <property name="java.runtime.version" value="1.7.0_45-b18"/>
      <property name="java.security.policy" value="/Users/bhwang/elasticsearch/dev-tools/tests.policy"/>
      <property name="java.specification.name" value="Java Platform API Specification"/>
      <property name="java.specification.vendor" value="Oracle Corporation"/>
      <property name="java.specification.version" value="1.7"/>
      <property name="java.vendor" value="Oracle Corporation"/>
      <property name="java.vendor.url" value="http://java.oracle.com/"/>
      <property name="java.vendor.url.bug" value="http://bugreport.sun.com/bugreport/"/>
      <property name="java.version" value="1.7.0_45"/>
      <property name="java.vm.info" value="mixed mode"/>
      <property name="java.vm.name" value="Java HotSpot(TM) 64-Bit Server VM"/>
      <property name="java.vm.specification.name" value="Java Virtual Machine Specification"/>
      <property name="java.vm.specification.vendor" value="Oracle Corporation"/>
      <property name="java.vm.specification.version" value="1.7"/>
      <property name="java.vm.vendor" value="Oracle Corporation"/>
      <property name="java.vm.version" value="24.45-b08"/>
      <property name="junit4.childvm.cwd" value="/Users/bhwang/elasticsearch/target/J0"/>
      <property name="junit4.childvm.id" value="0"/>
      <property name="junit4.memory.total" value="128974848"/>
      <property name="junit4.pidString" value="6815@Bills-MacBook-Pro.local"/>
      <property name="junit4.processors" value="4"/>
      <property name="junit4.tempDir" value="/Users/bhwang/elasticsearch/target"/>
      <property name="line.separator" value="
"/>
      <property name="os.arch" value="x86_64"/>
      <property name="os.name" value="Mac OS X"/>
      <property name="os.version" value="10.9.1"/>
      <property name="path.separator" value=":"/>
      <property name="socksNonProxyHosts" value="local|*.local|169.254/16|*.169.254/16"/>
      <property name="sun.arch.data.model" value="64"/>
      <property name="sun.boot.class.path" value="/Library/Java/JavaVirtualMachines/jdk1.7.0_45.jdk/Contents/Home/jre/lib/resources.jar:/Library/Java/JavaVirtualMachines/jdk1.7.0_45.jdk/Contents/Home/jre/lib/rt.jar:/Library/Java/JavaVirtualMachines/jdk1.7.0_45.jdk/Contents/Home/jre/lib/sunrsasign.jar:/Library/Java/JavaVirtualMachines/jdk1.7.0_45.jdk/Contents/Home/jre/lib/jsse.jar:/Library/Java/JavaVirtualMachines/jdk1.7.0_45.jdk/Contents/Home/jre/lib/jce.jar:/Library/Java/JavaVirtualMachines/jdk1.7.0_45.jdk/Contents/Home/jre/lib/charsets.jar:/Library/Java/JavaVirtualMachines/jdk1.7.0_45.jdk/Contents/Home/jre/lib/jfr.jar:/Library/Java/JavaVirtualMachines/jdk1.7.0_45.jdk/Contents/Home/jre/lib/JObjC.jar:/Library/Java/JavaVirtualMachines/jdk1.7.0_45.jdk/Contents/Home/jre/classes"/>
      <property name="sun.boot.library.path" value="/Library/Java/JavaVirtualMachines/jdk1.7.0_45.jdk/Contents/Home/jre/lib"/>
      <property name="sun.cpu.endian" value="little"/>
      <property name="sun.cpu.isalist" value=""/>
      <property name="sun.io.unicode.encoding" value="UnicodeBig"/>
      <property name="sun.java.command" value="com.carrotsearch.ant.tasks.junit4.slave.SlaveMainSafe -flush -eventsfile /Users/bhwang/elasticsearch/target/junit4-J0-20140218_153326_767.events @/Users/bhwang/elasticsearch/target/junit4-J0-20140218_153326_767.suites -stdin"/>
      <property name="sun.java.launcher" value="SUN_STANDARD"/>
      <property name="sun.jnu.encoding" value="UTF-8"/>
      <property name="sun.management.compiler" value="HotSpot 64-Bit Tiered Compilers"/>
      <property name="sun.os.patch.level" value="unknown"/>
      <property name="tests.appendseed" value=""/>
      <property name="tests.assertion.disabled" value=""/>
      <property name="tests.awaitsfix" value=""/>
      <property name="tests.badapples" value=""/>
      <property name="tests.class" value=""/>
      <property name="tests.client.ratio" value=""/>
      <property name="tests.cluster_seed" value=""/>
      <property name="tests.enable_mock_modules" value=""/>
      <property name="tests.failfast" value=""/>
      <property name="tests.integration" value=""/>
      <property name="tests.iters" value=""/>
      <property name="tests.jvm.argline" value=""/>
      <property name="tests.maxfailures" value=""/>
      <property name="tests.method" value=""/>
      <property name="tests.network" value=""/>
      <property name="tests.nightly" value=""/>
      <property name="tests.prefix" value="tests"/>
      <property name="tests.rest" value=""/>
      <property name="tests.rest.spec" value=""/>
      <property name="tests.rest.suite" value=""/>
      <property name="tests.security.manager" value=""/>
      <property name="tests.seed" value="A89B4FF56754358E"/>
      <property name="tests.showSuccess" value=""/>
      <property name="tests.slow" value=""/>
      <property name="tests.timeoutSuite" value=""/>
      <property name="tests.weekly" value=""/>
      <property name="user.country" value="US"/>
      <property name="user.dir" value="/Users/bhwang/elasticsearch/target/J0"/>
      <property name="user.home" value="/Users/bhwang"/>
      <property name="user.language" value="en"/>
      <property name="user.name" value="bhwang"/>
      <property name="user.timezone" value=""/>
   </properties>
   <testcase classname="org.elasticsearch.search.facet.terms.ShardSizeTermsFacetTests" name="withShardSize_string_withExecutionHintMap_singleShard" time="15.872"/>
   <testcase classname="org.elasticsearch.search.facet.terms.ShardSizeTermsFacetTests" name="withShardSize_string" time="0.109"/>
   <testcase classname="org.elasticsearch.search.facet.terms.ShardSizeTermsFacetTests" name="withShardSize_double_singleShard" time="0.143"/>
   <testcase classname="org.elasticsearch.search.facet.terms.ShardSizeTermsFacetTests" name="withShardSize_string_withExecutionHintMap" time="0.211"/>
   <testcase classname="org.elasticsearch.search.facet.terms.ShardSizeTermsFacetTests" name="withShardSize_long_singleShard" time="0.163"/>
   <testcase classname="org.elasticsearch.search.facet.terms.ShardSizeTermsFacetTests" name="noShardSize_long" time="0.606"/>
   <testcase classname="org.elasticsearch.search.facet.terms.ShardSizeTermsFacetTests" name="noShardSize_double" time="0.233"/>
   <testcase classname="org.elasticsearch.search.facet.terms.ShardSizeTermsFacetTests" name="withShardSize_string_singleShard" time="0.123"/>
   <testcase classname="org.elasticsearch.search.facet.terms.ShardSizeTermsFacetTests" name="withShardSize_double" time="0.176"/>
   <testcase classname="org.elasticsearch.search.facet.terms.ShardSizeTermsFacetTests" name="withShardSize_long" time="0.182"/>
   <testcase classname="org.elasticsearch.search.facet.terms.ShardSizeTermsFacetTests" name="noShardSize_string" time="0.198"/>
   <system-out><![CDATA[[2014-02-18 15:48:37,314][INFO ][test                     ] Test withShardSize_string_withExecutionHintMap_singleShard(org.elasticsearch.search.facet.terms.ShardSizeTermsFacetTests) started
[2014-02-18 15:48:37,317][INFO ][test                     ] Setup TestCluster [SUITE-Bills-MacBook-Pro.local-CHILD_VM=[0]-CLUSTER_SEED=[2647988908561639562]-HASH=[13541A7EF3761AF8]] with seed [24BF8BE1F7FDA88A] using [5] nodes
[2014-02-18 15:48:37,320][INFO ][node                     ] [node_0] version[1.0.0], pid[6815], build[a46900e/2014-02-18T23:32:25Z]
[2014-02-18 15:48:37,320][INFO ][node                     ] [node_0] initializing ...
[2014-02-18 15:48:37,320][INFO ][plugins                  ] [node_0] loaded [], sites []
[2014-02-18 15:48:37,402][INFO ][node                     ] [node_0] initialized
[2014-02-18 15:48:37,402][INFO ][node                     ] [node_0] starting ...
[2014-02-18 15:48:37,428][INFO ][transport                ] [node_0] bound_address {inet[/0:0:0:0:0:0:0:0:9303]}, publish_address {inet[/10.1.10.75:9303]}
[2014-02-18 15:48:40,435][INFO ][cluster.service          ] [node_0] new_master [node_0][cPFhtoiORpOtNffdOkQMkg][Bills-MacBook-Pro.local][inet[/10.1.10.75:9303]], reason: zen-disco-join (elected_as_master)
[2014-02-18 15:48:40,449][INFO ][discovery                ] [node_0] SUITE-Bills-MacBook-Pro.local-CHILD_VM=[0]-CLUSTER_SEED=[2647988908561639562]-HASH=[13541A7EF3761AF8]/cPFhtoiORpOtNffdOkQMkg
[2014-02-18 15:48:40,450][INFO ][gateway                  ] [node_0] recovered [0] indices into cluster_state
[2014-02-18 15:48:40,453][INFO ][http                     ] [node_0] bound_address {inet[/0:0:0:0:0:0:0:0:9203]}, publish_address {inet[/10.1.10.75:9203]}
[2014-02-18 15:48:40,453][INFO ][node                     ] [node_0] started
[2014-02-18 15:48:40,453][INFO ][test                     ] Start Shared Node [node_0] not shared
[2014-02-18 15:48:40,454][INFO ][node                     ] [node_1] version[1.0.0], pid[6815], build[a46900e/2014-02-18T23:32:25Z]
[2014-02-18 15:48:40,454][INFO ][node                     ] [node_1] initializing ...
[2014-02-18 15:48:40,455][INFO ][plugins                  ] [node_1] loaded [], sites []
[2014-02-18 15:48:40,510][INFO ][node                     ] [node_1] initialized
[2014-02-18 15:48:40,510][INFO ][node                     ] [node_1] starting ...
[2014-02-18 15:48:40,516][INFO ][transport                ] [node_1] bound_address {inet[/0:0:0:0:0:0:0:0:9304]}, publish_address {inet[/10.1.10.75:9304]}
[2014-02-18 15:48:43,555][INFO ][cluster.service          ] [node_0] added {[node_1][42TiScN-R2WmKFGqPeH_iw][Bills-MacBook-Pro.local][inet[/10.1.10.75:9304]],}, reason: zen-disco-receive(join from node[[node_1][42TiScN-R2WmKFGqPeH_iw][Bills-MacBook-Pro.local][inet[/10.1.10.75:9304]]])
[2014-02-18 15:48:43,556][INFO ][cluster.service          ] [node_1] detected_master [node_0][cPFhtoiORpOtNffdOkQMkg][Bills-MacBook-Pro.local][inet[/10.1.10.75:9303]], added {[node_0][cPFhtoiORpOtNffdOkQMkg][Bills-MacBook-Pro.local][inet[/10.1.10.75:9303]],}, reason: zen-disco-receive(from master [[node_0][cPFhtoiORpOtNffdOkQMkg][Bills-MacBook-Pro.local][inet[/10.1.10.75:9303]]])
[2014-02-18 15:48:43,571][INFO ][discovery                ] [node_1] SUITE-Bills-MacBook-Pro.local-CHILD_VM=[0]-CLUSTER_SEED=[2647988908561639562]-HASH=[13541A7EF3761AF8]/42TiScN-R2WmKFGqPeH_iw
[2014-02-18 15:48:43,581][INFO ][http                     ] [node_1] bound_address {inet[/0:0:0:0:0:0:0:0:9204]}, publish_address {inet[/10.1.10.75:9204]}
[2014-02-18 15:48:43,581][INFO ][node                     ] [node_1] started
[2014-02-18 15:48:43,582][INFO ][test                     ] Start Shared Node [node_1] not shared
[2014-02-18 15:48:43,583][INFO ][node                     ] [node_2] version[1.0.0], pid[6815], build[a46900e/2014-02-18T23:32:25Z]
[2014-02-18 15:48:43,583][INFO ][node                     ] [node_2] initializing ...
[2014-02-18 15:48:43,583][INFO ][plugins                  ] [node_2] loaded [], sites []
[2014-02-18 15:48:43,618][INFO ][node                     ] [node_2] initialized
[2014-02-18 15:48:43,618][INFO ][node                     ] [node_2] starting ...
[2014-02-18 15:48:43,624][INFO ][transport                ] [node_2] bound_address {inet[/0:0:0:0:0:0:0:0:9305]}, publish_address {inet[/10.1.10.75:9305]}
[2014-02-18 15:48:46,645][INFO ][cluster.service          ] [node_0] added {[node_2][bhUryMAyTUaMuz3DPqgniA][Bills-MacBook-Pro.local][inet[/10.1.10.75:9305]],}, reason: zen-disco-receive(join from node[[node_2][bhUryMAyTUaMuz3DPqgniA][Bills-MacBook-Pro.local][inet[/10.1.10.75:9305]]])
[2014-02-18 15:48:46,645][INFO ][cluster.service          ] [node_1] added {[node_2][bhUryMAyTUaMuz3DPqgniA][Bills-MacBook-Pro.local][inet[/10.1.10.75:9305]],}, reason: zen-disco-receive(from master [[node_0][cPFhtoiORpOtNffdOkQMkg][Bills-MacBook-Pro.local][inet[/10.1.10.75:9303]]])
[2014-02-18 15:48:46,646][INFO ][cluster.service          ] [node_2] detected_master [node_0][cPFhtoiORpOtNffdOkQMkg][Bills-MacBook-Pro.local][inet[/10.1.10.75:9303]], added {[node_0][cPFhtoiORpOtNffdOkQMkg][Bills-MacBook-Pro.local][inet[/10.1.10.75:9303]],[node_1][42TiScN-R2WmKFGqPeH_iw][Bills-MacBook-Pro.local][inet[/10.1.10.75:9304]],}, reason: zen-disco-receive(from master [[node_0][cPFhtoiORpOtNffdOkQMkg][Bills-MacBook-Pro.local][inet[/10.1.10.75:9303]]])
[2014-02-18 15:48:46,671][INFO ][discovery                ] [node_2] SUITE-Bills-MacBook-Pro.local-CHILD_VM=[0]-CLUSTER_SEED=[2647988908561639562]-HASH=[13541A7EF3761AF8]/bhUryMAyTUaMuz3DPqgniA
[2014-02-18 15:48:46,675][INFO ][http                     ] [node_2] bound_address {inet[/0:0:0:0:0:0:0:0:9205]}, publish_address {inet[/10.1.10.75:9205]}
[2014-02-18 15:48:46,676][INFO ][node                     ] [node_2] started
[2014-02-18 15:48:46,676][INFO ][test                     ] Start Shared Node [node_2] not shared
[2014-02-18 15:48:46,677][INFO ][node                     ] [node_3] version[1.0.0], pid[6815], build[a46900e/2014-02-18T23:32:25Z]
[2014-02-18 15:48:46,677][INFO ][node                     ] [node_3] initializing ...
[2014-02-18 15:48:46,677][INFO ][plugins                  ] [node_3] loaded [], sites []
[2014-02-18 15:48:46,716][INFO ][node                     ] [node_3] initialized
[2014-02-18 15:48:46,716][INFO ][node                     ] [node_3] starting ...
[2014-02-18 15:48:46,722][INFO ][transport                ] [node_3] bound_address {inet[/0:0:0:0:0:0:0:0:9306]}, publish_address {inet[/10.1.10.75:9306]}
[2014-02-18 15:48:46,726][WARN ][discovery.zen.ping.multicast] [node_3] failed to receive packet, throttling...
java.net.SocketException: Socket closed
	at java.net.PlainDatagramSocketImpl.peekData(Native Method)
	at java.net.DatagramSocket.receive(DatagramSocket.java:726)
	at org.elasticsearch.discovery.zen.ping.multicast.MulticastZenPing$Receiver.run(MulticastZenPing.java:366)
	at java.lang.Thread.run(Thread.java:744)
[2014-02-18 15:48:47,228][WARN ][discovery.zen.ping.multicast] [node_3] failed to receive packet, throttling...
java.net.SocketException: Socket closed
	at java.net.PlainDatagramSocketImpl.peekData(Native Method)
	at java.net.DatagramSocket.receive(DatagramSocket.java:726)
	at org.elasticsearch.discovery.zen.ping.multicast.MulticastZenPing$Receiver.run(MulticastZenPing.java:366)
	at java.lang.Thread.run(Thread.java:744)
[2014-02-18 15:48:47,729][WARN ][discovery.zen.ping.multicast] [node_3] failed to receive packet, throttling...
java.net.SocketException: Socket closed
	at java.net.PlainDatagramSocketImpl.peekData(Native Method)
	at java.net.DatagramSocket.receive(DatagramSocket.java:726)
	at org.elasticsearch.discovery.zen.ping.multicast.MulticastZenPing$Receiver.run(MulticastZenPing.java:366)
	at java.lang.Thread.run(Thread.java:744)
[2014-02-18 15:48:48,229][WARN ][discovery.zen.ping.multicast] [node_3] failed to receive packet, throttling...
java.net.SocketException: Socket closed
	at java.net.PlainDatagramSocketImpl.peekData(Native Method)
	at java.net.DatagramSocket.receive(DatagramSocket.java:726)
	at org.elasticsearch.discovery.zen.ping.multicast.MulticastZenPing$Receiver.run(MulticastZenPing.java:366)
	at java.lang.Thread.run(Thread.java:744)
[2014-02-18 15:48:48,730][WARN ][discovery.zen.ping.multicast] [node_3] failed to receive packet, throttling...
java.net.SocketException: Socket closed
	at java.net.PlainDatagramSocketImpl.peekData(Native Method)
	at java.net.DatagramSocket.receive(DatagramSocket.java:726)
	at org.elasticsearch.discovery.zen.ping.multicast.MulticastZenPing$Receiver.run(MulticastZenPing.java:366)
	at java.lang.Thread.run(Thread.java:744)
[2014-02-18 15:48:49,231][WARN ][discovery.zen.ping.multicast] [node_3] failed to receive packet, throttling...
java.net.SocketException: Socket closed
	at java.net.PlainDatagramSocketImpl.peekData(Native Method)
	at java.net.DatagramSocket.receive(DatagramSocket.java:726)
	at org.elasticsearch.discovery.zen.ping.multicast.MulticastZenPing$Receiver.run(MulticastZenPing.java:366)
	at java.lang.Thread.run(Thread.java:744)
[2014-02-18 15:48:49,731][WARN ][discovery.zen.ping.multicast] [node_3] failed to receive packet, throttling...
java.net.SocketException: Socket closed
	at java.net.PlainDatagramSocketImpl.peekData(Native Method)
	at java.net.DatagramSocket.receive(DatagramSocket.java:726)
	at org.elasticsearch.discovery.zen.ping.multicast.MulticastZenPing$Receiver.run(MulticastZenPing.java:366)
	at java.lang.Thread.run(Thread.java:744)
[2014-02-18 15:48:49,743][INFO ][cluster.service          ] [node_0] added {[node_3][22SQn6YaT--WsHNf-SOsaQ][Bills-MacBook-Pro.local][inet[/10.1.10.75:9306]],}, reason: zen-disco-receive(join from node[[node_3][22SQn6YaT--WsHNf-SOsaQ][Bills-MacBook-Pro.local][inet[/10.1.10.75:9306]]])
[2014-02-18 15:48:49,744][INFO ][cluster.service          ] [node_1] added {[node_3][22SQn6YaT--WsHNf-SOsaQ][Bills-MacBook-Pro.local][inet[/10.1.10.75:9306]],}, reason: zen-disco-receive(from master [[node_0][cPFhtoiORpOtNffdOkQMkg][Bills-MacBook-Pro.local][inet[/10.1.10.75:9303]]])
[2014-02-18 15:48:49,744][INFO ][cluster.service          ] [node_3] detected_master [node_0][cPFhtoiORpOtNffdOkQMkg][Bills-MacBook-Pro.local][inet[/10.1.10.75:9303]], added {[node_0][cPFhtoiORpOtNffdOkQMkg][Bills-MacBook-Pro.local][inet[/10.1.10.75:9303]],[node_2][bhUryMAyTUaMuz3DPqgniA][Bills-MacBook-Pro.local][inet[/10.1.10.75:9305]],[node_1][42TiScN-R2WmKFGqPeH_iw][Bills-MacBook-Pro.local][inet[/10.1.10.75:9304]],}, reason: zen-disco-receive(from master [[node_0][cPFhtoiORpOtNffdOkQMkg][Bills-MacBook-Pro.local][inet[/10.1.10.75:9303]]])
[2014-02-18 15:48:49,744][INFO ][cluster.service          ] [node_2] added {[node_3][22SQn6YaT--WsHNf-SOsaQ][Bills-MacBook-Pro.local][inet[/10.1.10.75:9306]],}, reason: zen-disco-receive(from master [[node_0][cPFhtoiORpOtNffdOkQMkg][Bills-MacBook-Pro.local][inet[/10.1.10.75:9303]]])
[2014-02-18 15:48:49,788][INFO ][discovery                ] [node_3] SUITE-Bills-MacBook-Pro.local-CHILD_VM=[0]-CLUSTER_SEED=[2647988908561639562]-HASH=[13541A7EF3761AF8]/22SQn6YaT--WsHNf-SOsaQ
[2014-02-18 15:48:49,793][INFO ][http                     ] [node_3] bound_address {inet[/0:0:0:0:0:0:0:0:9206]}, publish_address {inet[/10.1.10.75:9206]}
[2014-02-18 15:48:49,794][INFO ][node                     ] [node_3] started
[2014-02-18 15:48:49,794][INFO ][test                     ] Start Shared Node [node_3] not shared
[2014-02-18 15:48:49,795][INFO ][node                     ] [node_4] version[1.0.0], pid[6815], build[a46900e/2014-02-18T23:32:25Z]
[2014-02-18 15:48:49,796][INFO ][node                     ] [node_4] initializing ...
[2014-02-18 15:48:49,796][INFO ][plugins                  ] [node_4] loaded [], sites []
[2014-02-18 15:48:49,841][INFO ][node                     ] [node_4] initialized
[2014-02-18 15:48:49,841][INFO ][node                     ] [node_4] starting ...
[2014-02-18 15:48:49,848][INFO ][transport                ] [node_4] bound_address {inet[/0:0:0:0:0:0:0:0:9307]}, publish_address {inet[/10.1.10.75:9307]}
[2014-02-18 15:48:49,853][WARN ][discovery.zen.ping.multicast] [node_4] failed to receive packet, throttling...
java.net.SocketException: Socket closed
	at java.net.PlainDatagramSocketImpl.peekData(Native Method)
	at java.net.DatagramSocket.receive(DatagramSocket.java:726)
	at org.elasticsearch.discovery.zen.ping.multicast.MulticastZenPing$Receiver.run(MulticastZenPing.java:366)
	at java.lang.Thread.run(Thread.java:744)
[2014-02-18 15:48:50,237][WARN ][discovery.zen.ping.multicast] [node_3] failed to receive packet, throttling...
java.net.SocketException: Socket closed
	at java.net.PlainDatagramSocketImpl.peekData(Native Method)
	at java.net.DatagramSocket.receive(DatagramSocket.java:726)
	at org.elasticsearch.discovery.zen.ping.multicast.MulticastZenPing$Receiver.run(MulticastZenPing.java:366)
	at java.lang.Thread.run(Thread.java:744)
[2014-02-18 15:48:50,353][WARN ][discovery.zen.ping.multicast] [node_4] failed to receive packet, throttling...
java.net.SocketException: Socket closed
	at java.net.PlainDatagramSocketImpl.peekData(Native Method)
	at java.net.DatagramSocket.receive(DatagramSocket.java:726)
	at org.elasticsearch.discovery.zen.ping.multicast.MulticastZenPing$Receiver.run(MulticastZenPing.java:366)
	at java.lang.Thread.run(Thread.java:744)
[2014-02-18 15:48:50,738][WARN ][discovery.zen.ping.multicast] [node_3] failed to receive packet, throttling...
java.net.SocketException: Socket closed
	at java.net.PlainDatagramSocketImpl.peekData(Native Method)
	at java.net.DatagramSocket.receive(DatagramSocket.java:726)
	at org.elasticsearch.discovery.zen.ping.multicast.MulticastZenPing$Receiver.run(MulticastZenPing.java:366)
	at java.lang.Thread.run(Thread.java:744)
[2014-02-18 15:48:50,854][WARN ][discovery.zen.ping.multicast] [node_4] failed to receive packet, throttling...
java.net.SocketException: Socket closed
	at java.net.PlainDatagramSocketImpl.peekData(Native Method)
	at java.net.DatagramSocket.receive(DatagramSocket.java:726)
	at org.elasticsearch.discovery.zen.ping.multicast.MulticastZenPing$Receiver.run(MulticastZenPing.java:366)
	at java.lang.Thread.run(Thread.java:744)
[2014-02-18 15:48:51,239][WARN ][discovery.zen.ping.multicast] [node_3] failed to receive packet, throttling...
java.net.SocketException: Socket closed
	at java.net.PlainDatagramSocketImpl.peekData(Native Method)
	at java.net.DatagramSocket.receive(DatagramSocket.java:726)
	at org.elasticsearch.discovery.zen.ping.multicast.MulticastZenPing$Receiver.run(MulticastZenPing.java:366)
	at java.lang.Thread.run(Thread.java:744)
[2014-02-18 15:48:51,356][WARN ][discovery.zen.ping.multicast] [node_4] failed to receive packet, throttling...
java.net.SocketException: Socket closed
	at java.net.PlainDatagramSocketImpl.peekData(Native Method)
	at java.net.DatagramSocket.receive(DatagramSocket.java:726)
	at org.elasticsearch.discovery.zen.ping.multicast.MulticastZenPing$Receiver.run(MulticastZenPing.java:366)
	at java.lang.Thread.run(Thread.java:744)
[2014-02-18 15:48:51,739][WARN ][discovery.zen.ping.multicast] [node_3] failed to receive packet, throttling...
java.net.SocketException: Socket closed
	at java.net.PlainDatagramSocketImpl.peekData(Native Method)
	at java.net.DatagramSocket.receive(DatagramSocket.java:726)
	at org.elasticsearch.discovery.zen.ping.multicast.MulticastZenPing$Receiver.run(MulticastZenPing.java:366)
	at java.lang.Thread.run(Thread.java:744)
[2014-02-18 15:48:51,857][WARN ][discovery.zen.ping.multicast] [node_4] failed to receive packet, throttling...
java.net.SocketException: Socket closed
	at java.net.PlainDatagramSocketImpl.peekData(Native Method)
	at java.net.DatagramSocket.receive(DatagramSocket.java:726)
	at org.elasticsearch.discovery.zen.ping.multicast.MulticastZenPing$Receiver.run(MulticastZenPing.java:366)
	at java.lang.Thread.run(Thread.java:744)
[2014-02-18 15:48:52,240][WARN ][discovery.zen.ping.multicast] [node_3] failed to receive packet, throttling...
java.net.SocketException: Socket closed
	at java.net.PlainDatagramSocketImpl.peekData(Native Method)
	at java.net.DatagramSocket.receive(DatagramSocket.java:726)
	at org.elasticsearch.discovery.zen.ping.multicast.MulticastZenPing$Receiver.run(MulticastZenPing.java:366)
	at java.lang.Thread.run(Thread.java:744)
[2014-02-18 15:48:52,358][WARN ][discovery.zen.ping.multicast] [node_4] failed to receive packet, throttling...
java.net.SocketException: Socket closed
	at java.net.PlainDatagramSocketImpl.peekData(Native Method)
	at java.net.DatagramSocket.receive(DatagramSocket.java:726)
	at org.elasticsearch.discovery.zen.ping.multicast.MulticastZenPing$Receiver.run(MulticastZenPing.java:366)
	at java.lang.Thread.run(Thread.java:744)
[2014-02-18 15:48:52,741][WARN ][discovery.zen.ping.multicast] [node_3] failed to receive packet, throttling...
java.net.SocketException: Socket closed
	at java.net.PlainDatagramSocketImpl.peekData(Native Method)
	at java.net.DatagramSocket.receive(DatagramSocket.java:726)
	at org.elasticsearch.discovery.zen.ping.multicast.MulticastZenPing$Receiver.run(MulticastZenPing.java:366)
	at java.lang.Thread.run(Thread.java:744)
[2014-02-18 15:48:52,860][WARN ][discovery.zen.ping.multicast] [node_4] failed to receive packet, throttling...
java.net.SocketException: Socket closed
	at java.net.PlainDatagramSocketImpl.peekData(Native Method)
	at java.net.DatagramSocket.receive(DatagramSocket.java:726)
	at org.elasticsearch.discovery.zen.ping.multicast.MulticastZenPing$Receiver.run(MulticastZenPing.java:366)
	at java.lang.Thread.run(Thread.java:744)
[2014-02-18 15:48:52,868][INFO ][cluster.service          ] [node_0] added {[node_4][tZ0MQzBCShyCrjNR1HLvWA][Bills-MacBook-Pro.local][inet[/10.1.10.75:9307]],}, reason: zen-disco-receive(join from node[[node_4][tZ0MQzBCShyCrjNR1HLvWA][Bills-MacBook-Pro.local][inet[/10.1.10.75:9307]]])
[2014-02-18 15:48:52,869][INFO ][cluster.service          ] [node_2] added {[node_4][tZ0MQzBCShyCrjNR1HLvWA][Bills-MacBook-Pro.local][inet[/10.1.10.75:9307]],}, reason: zen-disco-receive(from master [[node_0][cPFhtoiORpOtNffdOkQMkg][Bills-MacBook-Pro.local][inet[/10.1.10.75:9303]]])
[2014-02-18 15:48:52,869][INFO ][cluster.service          ] [node_1] added {[node_4][tZ0MQzBCShyCrjNR1HLvWA][Bills-MacBook-Pro.local][inet[/10.1.10.75:9307]],}, reason: zen-disco-receive(from master [[node_0][cPFhtoiORpOtNffdOkQMkg][Bills-MacBook-Pro.local][inet[/10.1.10.75:9303]]])
[2014-02-18 15:48:52,869][INFO ][cluster.service          ] [node_3] added {[node_4][tZ0MQzBCShyCrjNR1HLvWA][Bills-MacBook-Pro.local][inet[/10.1.10.75:9307]],}, reason: zen-disco-receive(from master [[node_0][cPFhtoiORpOtNffdOkQMkg][Bills-MacBook-Pro.local][inet[/10.1.10.75:9303]]])
[2014-02-18 15:48:52,869][INFO ][cluster.service          ] [node_4] detected_master [node_0][cPFhtoiORpOtNffdOkQMkg][Bills-MacBook-Pro.local][inet[/10.1.10.75:9303]], added {[node_3][22SQn6YaT--WsHNf-SOsaQ][Bills-MacBook-Pro.local][inet[/10.1.10.75:9306]],[node_0][cPFhtoiORpOtNffdOkQMkg][Bills-MacBook-Pro.local][inet[/10.1.10.75:9303]],[node_2][bhUryMAyTUaMuz3DPqgniA][Bills-MacBook-Pro.local][inet[/10.1.10.75:9305]],[node_1][42TiScN-R2WmKFGqPeH_iw][Bills-MacBook-Pro.local][inet[/10.1.10.75:9304]],}, reason: zen-disco-receive(from master [[node_0][cPFhtoiORpOtNffdOkQMkg][Bills-MacBook-Pro.local][inet[/10.1.10.75:9303]]])
[2014-02-18 15:48:52,931][INFO ][discovery                ] [node_4] SUITE-Bills-MacBook-Pro.local-CHILD_VM=[0]-CLUSTER_SEED=[2647988908561639562]-HASH=[13541A7EF3761AF8]/tZ0MQzBCShyCrjNR1HLvWA
[2014-02-18 15:48:52,936][INFO ][http                     ] [node_4] bound_address {inet[/0:0:0:0:0:0:0:0:9207]}, publish_address {inet[/10.1.10.75:9207]}
[2014-02-18 15:48:52,937][INFO ][node                     ] [node_4] started
[2014-02-18 15:48:52,937][INFO ][test                     ] Start Shared Node [node_4] not shared
[2014-02-18 15:48:52,938][INFO ][plugins                  ] [transport_client_node_3] loaded [], sites []
[2014-02-18 15:48:52,968][INFO ][search.facet.terms       ] [ShardSizeTermsFacetTests#withShardSize_string_withExecutionHintMap_singleShard]: before test
[2014-02-18 15:48:52,978][INFO ][cluster.metadata         ] [node_0] [idx] creating index, cause [api], shards [2]/[0], mappings [type]
[2014-02-18 15:48:53,155][INFO ][search.facet.terms       ] [ShardSizeTermsFacetTests#withShardSize_string_withExecutionHintMap_singleShard]: cleaning up after test
[2014-02-18 15:48:53,157][INFO ][cluster.metadata         ] [node_0] [idx] deleting index
[2014-02-18 15:48:53,172][INFO ][search.facet.terms       ] [ShardSizeTermsFacetTests#withShardSize_string_withExecutionHintMap_singleShard]: cleaned up after test
[2014-02-18 15:48:53,172][INFO ][test                     ] Wipe data directory for all nodes locations: [data/d3/SUITE-Bills-MacBook-Pro.local-CHILD_VM=[0]-CLUSTER_SEED=[2647988908561639562]-HASH=[13541A7EF3761AF8]/nodes/0, data/d3/SUITE-Bills-MacBook-Pro.local-CHILD_VM=[0]-CLUSTER_SEED=[2647988908561639562]-HASH=[13541A7EF3761AF8]/nodes/1, data/d3/SUITE-Bills-MacBook-Pro.local-CHILD_VM=[0]-CLUSTER_SEED=[2647988908561639562]-HASH=[13541A7EF3761AF8]/nodes/2, data/d3/SUITE-Bills-MacBook-Pro.local-CHILD_VM=[0]-CLUSTER_SEED=[2647988908561639562]-HASH=[13541A7EF3761AF8]/nodes/3, data/d3/SUITE-Bills-MacBook-Pro.local-CHILD_VM=[0]-CLUSTER_SEED=[2647988908561639562]-HASH=[13541A7EF3761AF8]/nodes/4, data/d2/SUITE-Bills-MacBook-Pro.local-CHILD_VM=[0]-CLUSTER_SEED=[2647988908561639562]-HASH=[13541A7EF3761AF8]/nodes/2, data/d2/SUITE-Bills-MacBook-Pro.local-CHILD_VM=[0]-CLUSTER_SEED=[2647988908561639562]-HASH=[13541A7EF3761AF8]/nodes/1, data/d2/SUITE-Bills-MacBook-Pro.local-CHILD_VM=[0]-CLUSTER_SEED=[2647988908561639562]-HASH=[13541A7EF3761AF8]/nodes/4, data/d2/SUITE-Bills-MacBook-Pro.local-CHILD_VM=[0]-CLUSTER_SEED=[2647988908561639562]-HASH=[13541A7EF3761AF8]/nodes/3, data/d2/SUITE-Bills-MacBook-Pro.local-CHILD_VM=[0]-CLUSTER_SEED=[2647988908561639562]-HASH=[13541A7EF3761AF8]/nodes/0, data/d0/SUITE-Bills-MacBook-Pro.local-CHILD_VM=[0]-CLUSTER_SEED=[2647988908561639562]-HASH=[13541A7EF3761AF8]/nodes/1, data/d0/SUITE-Bills-MacBook-Pro.local-CHILD_VM=[0]-CLUSTER_SEED=[2647988908561639562]-HASH=[13541A7EF3761AF8]/nodes/2, data/d0/SUITE-Bills-MacBook-Pro.local-CHILD_VM=[0]-CLUSTER_SEED=[2647988908561639562]-HASH=[13541A7EF3761AF8]/nodes/0, data/d0/SUITE-Bills-MacBook-Pro.local-CHILD_VM=[0]-CLUSTER_SEED=[2647988908561639562]-HASH=[13541A7EF3761AF8]/nodes/3, data/d0/SUITE-Bills-MacBook-Pro.local-CHILD_VM=[0]-CLUSTER_SEED=[2647988908561639562]-HASH=[13541A7EF3761AF8]/nodes/4, data/d1/SUITE-Bills-MacBook-Pro.local-CHILD_VM=[0]-CLUSTER_SEED=[2647988908561639562]-HASH=[13541A7EF3761AF8]/nodes/4, data/d1/SUITE-Bills-MacBook-Pro.local-CHILD_VM=[0]-CLUSTER_SEED=[2647988908561639562]-HASH=[13541A7EF3761AF8]/nodes/2, data/d1/SUITE-Bills-MacBook-Pro.local-CHILD_VM=[0]-CLUSTER_SEED=[2647988908561639562]-HASH=[13541A7EF3761AF8]/nodes/3, data/d1/SUITE-Bills-MacBook-Pro.local-CHILD_VM=[0]-CLUSTER_SEED=[2647988908561639562]-HASH=[13541A7EF3761AF8]/nodes/0, data/d1/SUITE-Bills-MacBook-Pro.local-CHILD_VM=[0]-CLUSTER_SEED=[2647988908561639562]-HASH=[13541A7EF3761AF8]/nodes/1]
[2014-02-18 15:48:53,186][INFO ][test                     ] Test withShardSize_string_withExecutionHintMap_singleShard(org.elasticsearch.search.facet.terms.ShardSizeTermsFacetTests) finished
[2014-02-18 15:48:53,186][INFO ][test                     ] Test withShardSize_string(org.elasticsearch.search.facet.terms.ShardSizeTermsFacetTests) started
[2014-02-18 15:48:53,191][INFO ][search.facet.terms       ] [ShardSizeTermsFacetTests#withShardSize_string]: before test
[2014-02-18 15:48:53,200][INFO ][cluster.metadata         ] [node_0] [idx] creating index, cause [api], shards [2]/[0], mappings [type]
[2014-02-18 15:48:53,241][WARN ][discovery.zen.ping.multicast] [node_3] failed to receive packet, throttling...
java.net.SocketException: Socket closed
	at java.net.PlainDatagramSocketImpl.peekData(Native Method)
	at java.net.DatagramSocket.receive(DatagramSocket.java:726)
	at org.elasticsearch.discovery.zen.ping.multicast.MulticastZenPing$Receiver.run(MulticastZenPing.java:366)
	at java.lang.Thread.run(Thread.java:744)
[2014-02-18 15:48:53,279][INFO ][search.facet.terms       ] [ShardSizeTermsFacetTests#withShardSize_string]: cleaning up after test
[2014-02-18 15:48:53,280][INFO ][cluster.metadata         ] [node_0] [idx] deleting index
[2014-02-18 15:48:53,294][INFO ][search.facet.terms       ] [ShardSizeTermsFacetTests#withShardSize_string]: cleaned up after test
[2014-02-18 15:48:53,295][INFO ][test                     ] Test withShardSize_string(org.elasticsearch.search.facet.terms.ShardSizeTermsFacetTests) finished
[2014-02-18 15:48:53,295][INFO ][test                     ] Test withShardSize_double_singleShard(org.elasticsearch.search.facet.terms.ShardSizeTermsFacetTests) started
[2014-02-18 15:48:53,301][INFO ][search.facet.terms       ] [ShardSizeTermsFacetTests#withShardSize_double_singleShard]: before test
[2014-02-18 15:48:53,343][INFO ][cluster.metadata         ] [node_0] [idx] creating index, cause [api], shards [2]/[0], mappings [type]
[2014-02-18 15:48:53,362][WARN ][discovery.zen.ping.multicast] [node_4] failed to receive packet, throttling...
java.net.SocketException: Socket closed
	at java.net.PlainDatagramSocketImpl.peekData(Native Method)
	at java.net.DatagramSocket.receive(DatagramSocket.java:726)
	at org.elasticsearch.discovery.zen.ping.multicast.MulticastZenPing$Receiver.run(MulticastZenPing.java:366)
	at java.lang.Thread.run(Thread.java:744)
[2014-02-18 15:48:53,422][INFO ][search.facet.terms       ] [ShardSizeTermsFacetTests#withShardSize_double_singleShard]: cleaning up after test
[2014-02-18 15:48:53,424][INFO ][cluster.metadata         ] [node_0] [idx] deleting index
[2014-02-18 15:48:53,437][INFO ][search.facet.terms       ] [ShardSizeTermsFacetTests#withShardSize_double_singleShard]: cleaned up after test
[2014-02-18 15:48:53,438][INFO ][test                     ] Test withShardSize_double_singleShard(org.elasticsearch.search.facet.terms.ShardSizeTermsFacetTests) finished
[2014-02-18 15:48:53,439][INFO ][test                     ] Test withShardSize_string_withExecutionHintMap(org.elasticsearch.search.facet.terms.ShardSizeTermsFacetTests) started
[2014-02-18 15:48:53,442][INFO ][plugins                  ] [transport_client_node_0] loaded [], sites []
[2014-02-18 15:48:53,468][INFO ][search.facet.terms       ] [ShardSizeTermsFacetTests#withShardSize_string_withExecutionHintMap]: before test
[2014-02-18 15:48:53,477][INFO ][cluster.metadata         ] [node_0] [idx] creating index, cause [api], shards [2]/[0], mappings [type]
[2014-02-18 15:48:53,511][INFO ][plugins                  ] [transport_client_node_2] loaded [], sites []
[2014-02-18 15:48:53,540][INFO ][plugins                  ] [transport_client_node_4] loaded [], sites []
[2014-02-18 15:48:53,624][INFO ][search.facet.terms       ] [ShardSizeTermsFacetTests#withShardSize_string_withExecutionHintMap]: cleaning up after test
[2014-02-18 15:48:53,626][INFO ][cluster.metadata         ] [node_0] [idx] deleting index
[2014-02-18 15:48:53,639][INFO ][search.facet.terms       ] [ShardSizeTermsFacetTests#withShardSize_string_withExecutionHintMap]: cleaned up after test
[2014-02-18 15:48:53,650][INFO ][test                     ] Test withShardSize_string_withExecutionHintMap(org.elasticsearch.search.facet.terms.ShardSizeTermsFacetTests) finished
[2014-02-18 15:48:53,651][INFO ][test                     ] Test withShardSize_long_singleShard(org.elasticsearch.search.facet.terms.ShardSizeTermsFacetTests) started
[2014-02-18 15:48:53,657][INFO ][search.facet.terms       ] [ShardSizeTermsFacetTests#withShardSize_long_singleShard]: before test
[2014-02-18 15:48:53,658][INFO ][plugins                  ] [transport_client_node_4] loaded [], sites []
[2014-02-18 15:48:53,691][INFO ][cluster.metadata         ] [node_0] [idx] creating index, cause [api], shards [2]/[0], mappings [type]
[2014-02-18 15:48:53,723][INFO ][plugins                  ] [transport_client_node_0] loaded [], sites []
[2014-02-18 15:48:53,742][WARN ][discovery.zen.ping.multicast] [node_3] failed to receive packet, throttling...
java.net.SocketException: Socket closed
	at java.net.PlainDatagramSocketImpl.peekData(Native Method)
	at java.net.DatagramSocket.receive(DatagramSocket.java:726)
	at org.elasticsearch.discovery.zen.ping.multicast.MulticastZenPing$Receiver.run(MulticastZenPing.java:366)
	at java.lang.Thread.run(Thread.java:744)
[2014-02-18 15:48:53,791][INFO ][search.facet.terms       ] [ShardSizeTermsFacetTests#withShardSize_long_singleShard]: cleaning up after test
[2014-02-18 15:48:53,793][INFO ][cluster.metadata         ] [node_0] [idx] deleting index
[2014-02-18 15:48:53,806][INFO ][search.facet.terms       ] [ShardSizeTermsFacetTests#withShardSize_long_singleShard]: cleaned up after test
[2014-02-18 15:48:53,814][INFO ][test                     ] Test withShardSize_long_singleShard(org.elasticsearch.search.facet.terms.ShardSizeTermsFacetTests) finished
[2014-02-18 15:48:53,814][INFO ][test                     ] Test noShardSize_long(org.elasticsearch.search.facet.terms.ShardSizeTermsFacetTests) started
[2014-02-18 15:48:53,817][INFO ][plugins                  ] [transport_client_node_2] loaded [], sites []
[2014-02-18 15:48:53,848][INFO ][plugins                  ] [transport_client_node_0] loaded [], sites []
[2014-02-18 15:48:53,863][WARN ][discovery.zen.ping.multicast] [node_4] failed to receive packet, throttling...
java.net.SocketException: Socket closed
	at java.net.PlainDatagramSocketImpl.peekData(Native Method)
	at java.net.DatagramSocket.receive(DatagramSocket.java:726)
	at org.elasticsearch.discovery.zen.ping.multicast.MulticastZenPing$Receiver.run(MulticastZenPing.java:366)
	at java.lang.Thread.run(Thread.java:744)
[2014-02-18 15:48:53,882][INFO ][search.facet.terms       ] [ShardSizeTermsFacetTests#noShardSize_long]: before test
[2014-02-18 15:48:53,891][INFO ][cluster.metadata         ] [node_0] [idx] creating index, cause [api], shards [2]/[0], mappings [type]
[2014-02-18 15:48:53,919][INFO ][plugins                  ] [transport_client_node_1] loaded [], sites []
[2014-02-18 15:48:54,274][WARN ][discovery.zen.ping.multicast] [node_3] failed to receive packet, throttling...
java.net.SocketException: Socket closed
	at java.net.PlainDatagramSocketImpl.peekData(Native Method)
	at java.net.DatagramSocket.receive(DatagramSocket.java:726)
	at org.elasticsearch.discovery.zen.ping.multicast.MulticastZenPing$Receiver.run(MulticastZenPing.java:366)
	at java.lang.Thread.run(Thread.java:744)
[2014-02-18 15:48:54,369][WARN ][discovery.zen.ping.multicast] [node_4] failed to receive packet, throttling...
java.net.SocketException: Socket closed
	at java.net.PlainDatagramSocketImpl.peekData(Native Method)
	at java.net.DatagramSocket.receive(DatagramSocket.java:726)
	at org.elasticsearch.discovery.zen.ping.multicast.MulticastZenPing$Receiver.run(MulticastZenPing.java:366)
	at java.lang.Thread.run(Thread.java:744)
[2014-02-18 15:48:54,391][INFO ][search.facet.terms       ] [ShardSizeTermsFacetTests#noShardSize_long]: cleaning up after test
[2014-02-18 15:48:54,393][INFO ][cluster.metadata         ] [node_0] [idx] deleting index
[2014-02-18 15:48:54,408][INFO ][search.facet.terms       ] [ShardSizeTermsFacetTests#noShardSize_long]: cleaned up after test
[2014-02-18 15:48:54,420][INFO ][test                     ] Test noShardSize_long(org.elasticsearch.search.facet.terms.ShardSizeTermsFacetTests) finished
[2014-02-18 15:48:54,420][INFO ][test                     ] Test noShardSize_double(org.elasticsearch.search.facet.terms.ShardSizeTermsFacetTests) started
[2014-02-18 15:48:54,424][INFO ][plugins                  ] [transport_client_node_1] loaded [], sites []
[2014-02-18 15:48:54,455][INFO ][search.facet.terms       ] [ShardSizeTermsFacetTests#noShardSize_double]: before test
[2014-02-18 15:48:54,464][INFO ][cluster.metadata         ] [node_0] [idx] creating index, cause [api], shards [2]/[0], mappings [type]
[2014-02-18 15:48:54,508][INFO ][plugins                  ] [transport_client_node_3] loaded [], sites []
[2014-02-18 15:48:54,633][INFO ][search.facet.terms       ] [ShardSizeTermsFacetTests#noShardSize_double]: cleaning up after test
[2014-02-18 15:48:54,634][INFO ][cluster.metadata         ] [node_0] [idx] deleting index
[2014-02-18 15:48:54,646][INFO ][search.facet.terms       ] [ShardSizeTermsFacetTests#noShardSize_double]: cleaned up after test
[2014-02-18 15:48:54,653][INFO ][test                     ] Test noShardSize_double(org.elasticsearch.search.facet.terms.ShardSizeTermsFacetTests) finished
[2014-02-18 15:48:54,653][INFO ][test                     ] Test withShardSize_string_singleShard(org.elasticsearch.search.facet.terms.ShardSizeTermsFacetTests) started
[2014-02-18 15:48:54,656][INFO ][plugins                  ] [transport_client_node_4] loaded [], sites []
[2014-02-18 15:48:54,682][INFO ][search.facet.terms       ] [ShardSizeTermsFacetTests#withShardSize_string_singleShard]: before test
[2014-02-18 15:48:54,691][INFO ][cluster.metadata         ] [node_0] [idx] creating index, cause [api], shards [2]/[0], mappings [type]
[2014-02-18 15:48:54,758][INFO ][search.facet.terms       ] [ShardSizeTermsFacetTests#withShardSize_string_singleShard]: cleaning up after test
[2014-02-18 15:48:54,759][INFO ][cluster.metadata         ] [node_0] [idx] deleting index
[2014-02-18 15:48:54,770][INFO ][search.facet.terms       ] [ShardSizeTermsFacetTests#withShardSize_string_singleShard]: cleaned up after test
[2014-02-18 15:48:54,775][WARN ][discovery.zen.ping.multicast] [node_3] failed to receive packet, throttling...
java.net.SocketException: Socket closed
	at java.net.PlainDatagramSocketImpl.peekData(Native Method)
	at java.net.DatagramSocket.receive(DatagramSocket.java:726)
	at org.elasticsearch.discovery.zen.ping.multicast.MulticastZenPing$Receiver.run(MulticastZenPing.java:366)
	at java.lang.Thread.run(Thread.java:744)
[2014-02-18 15:48:54,776][INFO ][test                     ] Test withShardSize_string_singleShard(org.elasticsearch.search.facet.terms.ShardSizeTermsFacetTests) finished
[2014-02-18 15:48:54,776][INFO ][test                     ] Test withShardSize_double(org.elasticsearch.search.facet.terms.ShardSizeTermsFacetTests) started
[2014-02-18 15:48:54,783][INFO ][plugins                  ] [transport_client_node_4] loaded [], sites []
[2014-02-18 15:48:54,813][INFO ][search.facet.terms       ] [ShardSizeTermsFacetTests#withShardSize_double]: before test
[2014-02-18 15:48:54,825][INFO ][cluster.metadata         ] [node_0] [idx] creating index, cause [api], shards [2]/[0], mappings [type]
[2014-02-18 15:48:54,865][INFO ][plugins                  ] [transport_client_node_1] loaded [], sites []
[2014-02-18 15:48:54,870][WARN ][discovery.zen.ping.multicast] [node_4] failed to receive packet, throttling...
java.net.SocketException: Socket closed
	at java.net.PlainDatagramSocketImpl.peekData(Native Method)
	at java.net.DatagramSocket.receive(DatagramSocket.java:726)
	at org.elasticsearch.discovery.zen.ping.multicast.MulticastZenPing$Receiver.run(MulticastZenPing.java:366)
	at java.lang.Thread.run(Thread.java:744)
[2014-02-18 15:48:54,931][INFO ][search.facet.terms       ] [ShardSizeTermsFacetTests#withShardSize_double]: cleaning up after test
[2014-02-18 15:48:54,932][INFO ][cluster.metadata         ] [node_0] [idx] deleting index
[2014-02-18 15:48:54,945][INFO ][search.facet.terms       ] [ShardSizeTermsFacetTests#withShardSize_double]: cleaned up after test
[2014-02-18 15:48:54,952][INFO ][test                     ] Test withShardSize_double(org.elasticsearch.search.facet.terms.ShardSizeTermsFacetTests) finished
[2014-02-18 15:48:54,953][INFO ][test                     ] Test withShardSize_long(org.elasticsearch.search.facet.terms.ShardSizeTermsFacetTests) started
[2014-02-18 15:48:54,957][INFO ][search.facet.terms       ] [ShardSizeTermsFacetTests#withShardSize_long]: before test
[2014-02-18 15:48:54,968][INFO ][cluster.metadata         ] [node_0] [idx] creating index, cause [api], shards [2]/[0], mappings [type]
[2014-02-18 15:48:55,016][INFO ][plugins                  ] [transport_client_node_1] loaded [], sites []
[2014-02-18 15:48:55,116][INFO ][search.facet.terms       ] [ShardSizeTermsFacetTests#withShardSize_long]: cleaning up after test
[2014-02-18 15:48:55,118][INFO ][cluster.metadata         ] [node_0] [idx] deleting index
[2014-02-18 15:48:55,131][INFO ][search.facet.terms       ] [ShardSizeTermsFacetTests#withShardSize_long]: cleaned up after test
[2014-02-18 15:48:55,135][INFO ][test                     ] Test withShardSize_long(org.elasticsearch.search.facet.terms.ShardSizeTermsFacetTests) finished
[2014-02-18 15:48:55,135][INFO ][test                     ] Test noShardSize_string(org.elasticsearch.search.facet.terms.ShardSizeTermsFacetTests) started
[2014-02-18 15:48:55,141][INFO ][plugins                  ] [transport_client_node_0] loaded [], sites []
[2014-02-18 15:48:55,167][INFO ][search.facet.terms       ] [ShardSizeTermsFacetTests#noShardSize_string]: before test
[2014-02-18 15:48:55,176][INFO ][cluster.metadata         ] [node_0] [idx] creating index, cause [api], shards [2]/[0], mappings [type]
[2014-02-18 15:48:55,277][WARN ][discovery.zen.ping.multicast] [node_3] failed to receive packet, throttling...
java.net.SocketException: Socket closed
	at java.net.PlainDatagramSocketImpl.peekData(Native Method)
	at java.net.DatagramSocket.receive(DatagramSocket.java:726)
	at org.elasticsearch.discovery.zen.ping.multicast.MulticastZenPing$Receiver.run(MulticastZenPing.java:366)
	at java.lang.Thread.run(Thread.java:744)
[2014-02-18 15:48:55,305][INFO ][search.facet.terms       ] [ShardSizeTermsFacetTests#noShardSize_string]: cleaning up after test
[2014-02-18 15:48:55,306][INFO ][cluster.metadata         ] [node_0] [idx] deleting index
[2014-02-18 15:48:55,327][INFO ][search.facet.terms       ] [ShardSizeTermsFacetTests#noShardSize_string]: cleaned up after test
[2014-02-18 15:48:55,333][INFO ][test                     ] Test noShardSize_string(org.elasticsearch.search.facet.terms.ShardSizeTermsFacetTests) finished
]]></system-out>
   <system-err><![CDATA[]]></system-err>
</testsuite>