<testsuite errors="0" failures="0" tests="7" skipped="0" name="org.elasticsearch.routing.AliasRoutingTests" hostname="nohost.nodomain" time="4.916" timestamp="2014-02-18T16:11:46">
   <properties class="java.util.ArrayList">
      <property name="awt.toolkit" value="sun.lwawt.macosx.LWCToolkit"/>
      <property name="es.logger.level" value="INFO"/>
      <property name="es.logger.prefix" value=""/>
      <property name="es.node.local" value=""/>
      <property name="es.node.mode" value=""/>
      <property name="file.encoding" value="UTF-8"/>
      <property name="file.encoding.pkg" value="sun.io"/>
      <property name="file.separator" value="/"/>
      <property name="ftp.nonProxyHosts" value="local|*.local|169.254/16|*.169.254/16"/>
      <property name="gopherProxySet" value="false"/>
      <property name="http.nonProxyHosts" value="local|*.local|169.254/16|*.169.254/16"/>
      <property name="java.awt.graphicsenv" value="sun.awt.CGraphicsEnvironment"/>
      <property name="java.awt.headless" value="true"/>
      <property name="java.awt.printerjob" value="sun.lwawt.macosx.CPrinterJob"/>
      <property name="java.class.path" value="/Users/bhwang/elasticsearch/target/test-classes:/Users/bhwang/elasticsearch/target/classes:/Users/bhwang/.m2/repository/org/hamcrest/hamcrest-all/1.3/hamcrest-all-1.3.jar:/Users/bhwang/.m2/repository/com/carrotsearch/randomizedtesting/randomizedtesting-runner/2.0.15/randomizedtesting-runner-2.0.15.jar:/Users/bhwang/.m2/repository/junit/junit/4.10/junit-4.10.jar:/Users/bhwang/.m2/repository/org/apache/lucene/lucene-test-framework/4.6.1/lucene-test-framework-4.6.1.jar:/Users/bhwang/.m2/repository/org/apache/lucene/lucene-expressions/4.6.1/lucene-expressions-4.6.1.jar:/Users/bhwang/.m2/repository/org/antlr/antlr-runtime/3.5/antlr-runtime-3.5.jar:/Users/bhwang/.m2/repository/org/ow2/asm/asm/4.1/asm-4.1.jar:/Users/bhwang/.m2/repository/org/ow2/asm/asm-commons/4.1/asm-commons-4.1.jar:/Users/bhwang/.m2/repository/org/apache/httpcomponents/httpclient/4.3.1/httpclient-4.3.1.jar:/Users/bhwang/.m2/repository/org/apache/httpcomponents/httpcore/4.3/httpcore-4.3.jar:/Users/bhwang/.m2/repository/commons-logging/commons-logging/1.1.3/commons-logging-1.1.3.jar:/Users/bhwang/.m2/repository/commons-codec/commons-codec/1.6/commons-codec-1.6.jar:/Users/bhwang/.m2/repository/org/apache/lucene/lucene-core/4.6.1/lucene-core-4.6.1.jar:/Users/bhwang/.m2/repository/org/apache/lucene/lucene-analyzers-common/4.6.1/lucene-analyzers-common-4.6.1.jar:/Users/bhwang/.m2/repository/org/apache/lucene/lucene-codecs/4.6.1/lucene-codecs-4.6.1.jar:/Users/bhwang/.m2/repository/org/apache/lucene/lucene-queries/4.6.1/lucene-queries-4.6.1.jar:/Users/bhwang/.m2/repository/org/apache/lucene/lucene-memory/4.6.1/lucene-memory-4.6.1.jar:/Users/bhwang/.m2/repository/org/apache/lucene/lucene-highlighter/4.6.1/lucene-highlighter-4.6.1.jar:/Users/bhwang/.m2/repository/org/apache/lucene/lucene-queryparser/4.6.1/lucene-queryparser-4.6.1.jar:/Users/bhwang/.m2/repository/org/apache/lucene/lucene-sandbox/4.6.1/lucene-sandbox-4.6.1.jar:/Users/bhwang/.m2/repository/org/apache/lucene/lucene-suggest/4.6.1/lucene-suggest-4.6.1.jar:/Users/bhwang/.m2/repository/org/apache/lucene/lucene-misc/4.6.1/lucene-misc-4.6.1.jar:/Users/bhwang/.m2/repository/org/apache/lucene/lucene-join/4.6.1/lucene-join-4.6.1.jar:/Users/bhwang/.m2/repository/org/apache/lucene/lucene-grouping/4.6.1/lucene-grouping-4.6.1.jar:/Users/bhwang/.m2/repository/org/apache/lucene/lucene-spatial/4.6.1/lucene-spatial-4.6.1.jar:/Users/bhwang/.m2/repository/com/spatial4j/spatial4j/0.3/spatial4j-0.3.jar:/Users/bhwang/.m2/repository/com/vividsolutions/jts/1.12/jts-1.12.jar:/Users/bhwang/.m2/repository/com/google/guava/guava/16.0/guava-16.0.jar:/Users/bhwang/.m2/repository/com/carrotsearch/hppc/0.5.3/hppc-0.5.3.jar:/Users/bhwang/.m2/repository/joda-time/joda-time/2.3/joda-time-2.3.jar:/Users/bhwang/.m2/repository/org/joda/joda-convert/1.2/joda-convert-1.2.jar:/Users/bhwang/.m2/repository/org/mvel/mvel2/2.1.5.Final/mvel2-2.1.5.Final.jar:/Users/bhwang/.m2/repository/com/fasterxml/jackson/core/jackson-core/2.3.0/jackson-core-2.3.0.jar:/Users/bhwang/.m2/repository/com/fasterxml/jackson/dataformat/jackson-dataformat-smile/2.3.0/jackson-dataformat-smile-2.3.0.jar:/Users/bhwang/.m2/repository/com/fasterxml/jackson/dataformat/jackson-dataformat-yaml/2.3.0/jackson-dataformat-yaml-2.3.0.jar:/Users/bhwang/.m2/repository/io/netty/netty/3.9.0.Final/netty-3.9.0.Final.jar:/Users/bhwang/.m2/repository/com/ning/compress-lzf/0.9.6/compress-lzf-0.9.6.jar:/Users/bhwang/.m2/repository/log4j/log4j/1.2.17/log4j-1.2.17.jar:/Users/bhwang/.m2/repository/org/slf4j/slf4j-api/1.6.2/slf4j-api-1.6.2.jar:/Users/bhwang/.m2/repository/net/java/dev/jna/jna/3.3.0/jna-3.3.0.jar:/Users/bhwang/.m2/repository/org/fusesource/sigar/1.6.4/sigar-1.6.4.jar:/Users/bhwang/.m2/repository/com/carrotsearch/randomizedtesting/junit4-ant/2.0.15/junit4-ant-2.0.15.jar"/>
      <property name="java.class.version" value="51.0"/>
      <property name="java.endorsed.dirs" value="/Library/Java/JavaVirtualMachines/jdk1.7.0_45.jdk/Contents/Home/jre/lib/endorsed"/>
      <property name="java.ext.dirs" value="/Users/bhwang/Library/Java/Extensions:/Library/Java/JavaVirtualMachines/jdk1.7.0_45.jdk/Contents/Home/jre/lib/ext:/Library/Java/Extensions:/Network/Library/Java/Extensions:/System/Library/Java/Extensions:/usr/lib/java"/>
      <property name="java.home" value="/Library/Java/JavaVirtualMachines/jdk1.7.0_45.jdk/Contents/Home/jre"/>
      <property name="java.io.tmpdir" value="."/>
      <property name="java.library.path" value="/Users/bhwang/Library/Java/Extensions:/Library/Java/Extensions:/Network/Library/Java/Extensions:/System/Library/Java/Extensions:/usr/lib/java:."/>
      <property name="java.runtime.name" value="Java(TM) SE Runtime Environment"/>
      <property name="java.runtime.version" value="1.7.0_45-b18"/>
      <property name="java.security.policy" value="/Users/bhwang/elasticsearch/dev-tools/tests.policy"/>
      <property name="java.specification.name" value="Java Platform API Specification"/>
      <property name="java.specification.vendor" value="Oracle Corporation"/>
      <property name="java.specification.version" value="1.7"/>
      <property name="java.vendor" value="Oracle Corporation"/>
      <property name="java.vendor.url" value="http://java.oracle.com/"/>
      <property name="java.vendor.url.bug" value="http://bugreport.sun.com/bugreport/"/>
      <property name="java.version" value="1.7.0_45"/>
      <property name="java.vm.info" value="mixed mode"/>
      <property name="java.vm.name" value="Java HotSpot(TM) 64-Bit Server VM"/>
      <property name="java.vm.specification.name" value="Java Virtual Machine Specification"/>
      <property name="java.vm.specification.vendor" value="Oracle Corporation"/>
      <property name="java.vm.specification.version" value="1.7"/>
      <property name="java.vm.vendor" value="Oracle Corporation"/>
      <property name="java.vm.version" value="24.45-b08"/>
      <property name="junit4.childvm.cwd" value="/Users/bhwang/elasticsearch/target/J0"/>
      <property name="junit4.childvm.id" value="0"/>
      <property name="junit4.memory.total" value="128974848"/>
      <property name="junit4.pidString" value="6815@Bills-MacBook-Pro.local"/>
      <property name="junit4.processors" value="4"/>
      <property name="junit4.tempDir" value="/Users/bhwang/elasticsearch/target"/>
      <property name="line.separator" value="
"/>
      <property name="os.arch" value="x86_64"/>
      <property name="os.name" value="Mac OS X"/>
      <property name="os.version" value="10.9.1"/>
      <property name="path.separator" value=":"/>
      <property name="socksNonProxyHosts" value="local|*.local|169.254/16|*.169.254/16"/>
      <property name="sun.arch.data.model" value="64"/>
      <property name="sun.boot.class.path" value="/Library/Java/JavaVirtualMachines/jdk1.7.0_45.jdk/Contents/Home/jre/lib/resources.jar:/Library/Java/JavaVirtualMachines/jdk1.7.0_45.jdk/Contents/Home/jre/lib/rt.jar:/Library/Java/JavaVirtualMachines/jdk1.7.0_45.jdk/Contents/Home/jre/lib/sunrsasign.jar:/Library/Java/JavaVirtualMachines/jdk1.7.0_45.jdk/Contents/Home/jre/lib/jsse.jar:/Library/Java/JavaVirtualMachines/jdk1.7.0_45.jdk/Contents/Home/jre/lib/jce.jar:/Library/Java/JavaVirtualMachines/jdk1.7.0_45.jdk/Contents/Home/jre/lib/charsets.jar:/Library/Java/JavaVirtualMachines/jdk1.7.0_45.jdk/Contents/Home/jre/lib/jfr.jar:/Library/Java/JavaVirtualMachines/jdk1.7.0_45.jdk/Contents/Home/jre/lib/JObjC.jar:/Library/Java/JavaVirtualMachines/jdk1.7.0_45.jdk/Contents/Home/jre/classes"/>
      <property name="sun.boot.library.path" value="/Library/Java/JavaVirtualMachines/jdk1.7.0_45.jdk/Contents/Home/jre/lib"/>
      <property name="sun.cpu.endian" value="little"/>
      <property name="sun.cpu.isalist" value=""/>
      <property name="sun.io.unicode.encoding" value="UnicodeBig"/>
      <property name="sun.java.command" value="com.carrotsearch.ant.tasks.junit4.slave.SlaveMainSafe -flush -eventsfile /Users/bhwang/elasticsearch/target/junit4-J0-20140218_153326_767.events @/Users/bhwang/elasticsearch/target/junit4-J0-20140218_153326_767.suites -stdin"/>
      <property name="sun.java.launcher" value="SUN_STANDARD"/>
      <property name="sun.jnu.encoding" value="UTF-8"/>
      <property name="sun.management.compiler" value="HotSpot 64-Bit Tiered Compilers"/>
      <property name="sun.os.patch.level" value="unknown"/>
      <property name="tests.appendseed" value=""/>
      <property name="tests.assertion.disabled" value=""/>
      <property name="tests.awaitsfix" value=""/>
      <property name="tests.badapples" value=""/>
      <property name="tests.class" value=""/>
      <property name="tests.client.ratio" value=""/>
      <property name="tests.cluster_seed" value=""/>
      <property name="tests.enable_mock_modules" value=""/>
      <property name="tests.failfast" value=""/>
      <property name="tests.integration" value=""/>
      <property name="tests.iters" value=""/>
      <property name="tests.jvm.argline" value=""/>
      <property name="tests.maxfailures" value=""/>
      <property name="tests.method" value=""/>
      <property name="tests.network" value=""/>
      <property name="tests.nightly" value=""/>
      <property name="tests.prefix" value="tests"/>
      <property name="tests.rest" value=""/>
      <property name="tests.rest.spec" value=""/>
      <property name="tests.rest.suite" value=""/>
      <property name="tests.security.manager" value=""/>
      <property name="tests.seed" value="A89B4FF56754358E"/>
      <property name="tests.showSuccess" value=""/>
      <property name="tests.slow" value=""/>
      <property name="tests.timeoutSuite" value=""/>
      <property name="tests.weekly" value=""/>
      <property name="user.country" value="US"/>
      <property name="user.dir" value="/Users/bhwang/elasticsearch/target/J0"/>
      <property name="user.home" value="/Users/bhwang"/>
      <property name="user.language" value="en"/>
      <property name="user.name" value="bhwang"/>
      <property name="user.timezone" value=""/>
   </properties>
   <testcase classname="org.elasticsearch.routing.AliasRoutingTests" name="testAliasSearchRoutingWithConcreteAndAliasedIndices_issue2682" time="0.961"/>
   <testcase classname="org.elasticsearch.routing.AliasRoutingTests" name="testAliasSearchRoutingWithConcreteAndAliasedIndices_issue3268" time="0.708"/>
   <testcase classname="org.elasticsearch.routing.AliasRoutingTests" name="testRequiredRoutingMappingWithAlias" time="0.449"/>
   <testcase classname="org.elasticsearch.routing.AliasRoutingTests" name="testIndexingAliasesOverTime" time="0.513"/>
   <testcase classname="org.elasticsearch.routing.AliasRoutingTests" name="testAliasCrudRouting" time="0.73"/>
   <testcase classname="org.elasticsearch.routing.AliasRoutingTests" name="testAliasSearchRouting" time="0.779"/>
   <testcase classname="org.elasticsearch.routing.AliasRoutingTests" name="testAliasSearchRoutingWithTwoIndices" time="0.761"/>
   <system-out><![CDATA[[2014-02-18 16:11:46,839][INFO ][test                     ] Test testAliasSearchRoutingWithConcreteAndAliasedIndices_issue2682(org.elasticsearch.routing.AliasRoutingTests) started
[2014-02-18 16:11:46,846][INFO ][plugins                  ] [transport_client_node_2] loaded [], sites []
[2014-02-18 16:11:46,879][INFO ][plugins                  ] [transport_client_node_1] loaded [], sites []
[2014-02-18 16:11:46,911][INFO ][routing                  ] [AliasRoutingTests#testAliasSearchRoutingWithConcreteAndAliasedIndices_issue2682]: before test
[2014-02-18 16:11:46,924][INFO ][cluster.metadata         ] [node_0] [index] creating index, cause [api], shards [5]/[1], mappings []
[2014-02-18 16:11:47,062][INFO ][cluster.metadata         ] [node_0] [index_2] creating index, cause [api], shards [5]/[1], mappings []
[2014-02-18 16:11:47,565][INFO ][routing                  ] --> indexing on index_1 which is an alias for index with routing [1]
[2014-02-18 16:11:47,567][INFO ][cluster.metadata         ] [node_0] [index] update_mapping [type1] (dynamic)
[2014-02-18 16:11:47,658][INFO ][routing                  ] --> indexing on index_2 which is a concrete index
[2014-02-18 16:11:47,659][INFO ][cluster.metadata         ] [node_0] [index_2] update_mapping [type2] (dynamic)
[2014-02-18 16:11:47,721][INFO ][routing                  ] --> search all on index_* should find two
[2014-02-18 16:11:47,729][INFO ][routing                  ] [AliasRoutingTests#testAliasSearchRoutingWithConcreteAndAliasedIndices_issue2682]: cleaning up after test
[2014-02-18 16:11:47,729][INFO ][cluster.metadata         ] [node_0] [index] deleting index
[2014-02-18 16:11:47,758][INFO ][cluster.metadata         ] [node_0] [index_2] deleting index
[2014-02-18 16:11:47,792][INFO ][routing                  ] [AliasRoutingTests#testAliasSearchRoutingWithConcreteAndAliasedIndices_issue2682]: cleaned up after test
[2014-02-18 16:11:47,800][INFO ][test                     ] Test testAliasSearchRoutingWithConcreteAndAliasedIndices_issue2682(org.elasticsearch.routing.AliasRoutingTests) finished
[2014-02-18 16:11:47,801][INFO ][test                     ] Test testAliasSearchRoutingWithConcreteAndAliasedIndices_issue3268(org.elasticsearch.routing.AliasRoutingTests) started
[2014-02-18 16:11:47,810][INFO ][plugins                  ] [transport_client_node_2] loaded [], sites []
[2014-02-18 16:11:47,835][INFO ][plugins                  ] [transport_client_node_0] loaded [], sites []
[2014-02-18 16:11:47,859][INFO ][routing                  ] [AliasRoutingTests#testAliasSearchRoutingWithConcreteAndAliasedIndices_issue3268]: before test
[2014-02-18 16:11:47,868][INFO ][cluster.metadata         ] [node_0] [index] creating index, cause [api], shards [5]/[1], mappings []
[2014-02-18 16:11:47,996][INFO ][cluster.metadata         ] [node_0] [index_2] creating index, cause [api], shards [5]/[1], mappings []
[2014-02-18 16:11:48,315][INFO ][routing                  ] --> indexing on index_1 which is an alias for index with routing [1]
[2014-02-18 16:11:48,317][INFO ][cluster.metadata         ] [node_0] [index] update_mapping [type1] (dynamic)
[2014-02-18 16:11:48,350][INFO ][routing                  ] --> indexing on index_2 which is a concrete index
[2014-02-18 16:11:48,352][INFO ][cluster.metadata         ] [node_0] [index_2] update_mapping [type2] (dynamic)
[2014-02-18 16:11:48,437][INFO ][routing                  ] --> search all on index_* should find two
[2014-02-18 16:11:48,438][INFO ][routing                  ] [AliasRoutingTests#testAliasSearchRoutingWithConcreteAndAliasedIndices_issue3268]: cleaning up after test
[2014-02-18 16:11:48,439][INFO ][cluster.metadata         ] [node_0] [index] deleting index
[2014-02-18 16:11:48,473][INFO ][cluster.metadata         ] [node_0] [index_2] deleting index
[2014-02-18 16:11:48,503][INFO ][routing                  ] [AliasRoutingTests#testAliasSearchRoutingWithConcreteAndAliasedIndices_issue3268]: cleaned up after test
[2014-02-18 16:11:48,509][INFO ][test                     ] Test testAliasSearchRoutingWithConcreteAndAliasedIndices_issue3268(org.elasticsearch.routing.AliasRoutingTests) finished
[2014-02-18 16:11:48,509][INFO ][test                     ] Test testRequiredRoutingMappingWithAlias(org.elasticsearch.routing.AliasRoutingTests) started
[2014-02-18 16:11:48,514][INFO ][routing                  ] [AliasRoutingTests#testRequiredRoutingMappingWithAlias]: before test
[2014-02-18 16:11:48,523][INFO ][cluster.metadata         ] [node_0] [test] creating index, cause [api], shards [5]/[1], mappings [type1]
[2014-02-18 16:11:48,813][INFO ][routing                  ] --> indexing with id [1], and routing [0]
[2014-02-18 16:11:48,821][INFO ][cluster.metadata         ] [node_0] [test] update_mapping [type1] (dynamic)
[2014-02-18 16:11:48,852][INFO ][routing                  ] --> verifying get with no routing, should not find anything
[2014-02-18 16:11:48,852][INFO ][routing                  ] --> indexing with id [1], with no routing, should fail
[2014-02-18 16:11:48,852][INFO ][routing                  ] --> verifying get with routing, should find
[2014-02-18 16:11:48,854][INFO ][routing                  ] --> deleting with no routing, should broadcast the delete since _routing is required
[2014-02-18 16:11:48,861][INFO ][routing                  ] --> indexing with id [1], and routing [0]
[2014-02-18 16:11:48,913][INFO ][routing                  ] --> verifying get with no routing, should not find anything
[2014-02-18 16:11:48,913][INFO ][routing                  ] --> bulk deleting with no routing, should broadcast the delete since _routing is required
[2014-02-18 16:11:48,919][INFO ][routing                  ] [AliasRoutingTests#testRequiredRoutingMappingWithAlias]: cleaning up after test
[2014-02-18 16:11:48,921][INFO ][cluster.metadata         ] [node_0] [test] deleting index
[2014-02-18 16:11:48,957][INFO ][routing                  ] [AliasRoutingTests#testRequiredRoutingMappingWithAlias]: cleaned up after test
[2014-02-18 16:11:48,958][INFO ][test                     ] Test testRequiredRoutingMappingWithAlias(org.elasticsearch.routing.AliasRoutingTests) finished
[2014-02-18 16:11:48,958][INFO ][test                     ] Test testIndexingAliasesOverTime(org.elasticsearch.routing.AliasRoutingTests) started
[2014-02-18 16:11:48,967][INFO ][plugins                  ] [transport_client_node_1] loaded [], sites []
[2014-02-18 16:11:48,997][INFO ][routing                  ] [AliasRoutingTests#testIndexingAliasesOverTime]: before test
[2014-02-18 16:11:49,007][INFO ][cluster.metadata         ] [node_0] [test] creating index, cause [api], shards [5]/[1], mappings []
[2014-02-18 16:11:49,292][INFO ][routing                  ] --> creating alias with routing [3]
[2014-02-18 16:11:49,294][INFO ][routing                  ] --> indexing with id [0], and routing [3]
[2014-02-18 16:11:49,295][INFO ][cluster.metadata         ] [node_0] [test] update_mapping [type1] (dynamic)
[2014-02-18 16:11:49,326][INFO ][routing                  ] --> verifying get with no routing, should not find anything
[2014-02-18 16:11:49,326][INFO ][routing                  ] --> verifying get and search with routing, should find
[2014-02-18 16:11:49,332][INFO ][plugins                  ] [transport_client_node_2] loaded [], sites []
[2014-02-18 16:11:49,359][INFO ][routing                  ] --> creating alias with routing [4]
[2014-02-18 16:11:49,361][INFO ][routing                  ] --> verifying search with wrong routing should not find
[2014-02-18 16:11:49,365][INFO ][routing                  ] --> creating alias with search routing [3,4] and index routing 4
[2014-02-18 16:11:49,367][INFO ][routing                  ] --> indexing with id [1], and routing [4]
[2014-02-18 16:11:49,400][INFO ][routing                  ] --> verifying get with no routing, should not find anything
[2014-02-18 16:11:49,400][INFO ][routing                  ] --> verifying get and search with routing, should find
[2014-02-18 16:11:49,412][INFO ][routing                  ] [AliasRoutingTests#testIndexingAliasesOverTime]: cleaning up after test
[2014-02-18 16:11:49,412][INFO ][cluster.metadata         ] [node_0] [test] deleting index
[2014-02-18 16:11:49,461][INFO ][routing                  ] [AliasRoutingTests#testIndexingAliasesOverTime]: cleaned up after test
[2014-02-18 16:11:49,470][INFO ][test                     ] Test testIndexingAliasesOverTime(org.elasticsearch.routing.AliasRoutingTests) finished
[2014-02-18 16:11:49,471][INFO ][test                     ] Test testAliasCrudRouting(org.elasticsearch.routing.AliasRoutingTests) started
[2014-02-18 16:11:49,482][INFO ][plugins                  ] [transport_client_node_2] loaded [], sites []
[2014-02-18 16:11:49,512][INFO ][plugins                  ] [transport_client_node_0] loaded [], sites []
[2014-02-18 16:11:49,542][INFO ][routing                  ] [AliasRoutingTests#testAliasCrudRouting]: before test
[2014-02-18 16:11:49,555][INFO ][cluster.metadata         ] [node_0] [test] creating index, cause [api], shards [5]/[1], mappings []
[2014-02-18 16:11:49,890][INFO ][routing                  ] --> indexing with id [1], and routing [0] using alias
[2014-02-18 16:11:49,898][INFO ][plugins                  ] [transport_client_node_1] loaded [], sites []
[2014-02-18 16:11:49,925][INFO ][cluster.metadata         ] [node_0] [test] update_mapping [type1] (dynamic)
[2014-02-18 16:11:50,009][INFO ][routing                  ] --> verifying get with no routing, should not find anything
[2014-02-18 16:11:50,011][INFO ][routing                  ] --> verifying get with routing, should find
[2014-02-18 16:11:50,013][INFO ][routing                  ] --> verifying get with routing alias, should find
[2014-02-18 16:11:50,016][INFO ][routing                  ] --> updating with id [1] and routing through alias
[2014-02-18 16:11:50,030][INFO ][routing                  ] --> deleting with no routing, should not delete anything
[2014-02-18 16:11:50,038][INFO ][routing                  ] --> deleting with routing alias, should delete
[2014-02-18 16:11:50,096][INFO ][routing                  ] --> indexing with id [1], and routing [0] using alias
[2014-02-18 16:11:50,120][INFO ][routing                  ] --> verifying get with no routing, should not find anything
[2014-02-18 16:11:50,122][INFO ][routing                  ] --> verifying get with routing, should find
[2014-02-18 16:11:50,127][INFO ][routing                  ] --> deleting_by_query with 1 as routing, should not delete anything
[2014-02-18 16:11:50,135][INFO ][routing                  ] --> deleting_by_query with alias0, should delete
[2014-02-18 16:11:50,145][INFO ][routing                  ] [AliasRoutingTests#testAliasCrudRouting]: cleaning up after test
[2014-02-18 16:11:50,147][INFO ][cluster.metadata         ] [node_0] [test] deleting index
[2014-02-18 16:11:50,190][INFO ][routing                  ] [AliasRoutingTests#testAliasCrudRouting]: cleaned up after test
[2014-02-18 16:11:50,201][INFO ][test                     ] Test testAliasCrudRouting(org.elasticsearch.routing.AliasRoutingTests) finished
[2014-02-18 16:11:50,201][INFO ][test                     ] Test testAliasSearchRouting(org.elasticsearch.routing.AliasRoutingTests) started
[2014-02-18 16:11:50,210][INFO ][plugins                  ] [transport_client_node_2] loaded [], sites []
[2014-02-18 16:11:50,247][INFO ][routing                  ] [AliasRoutingTests#testAliasSearchRouting]: before test
[2014-02-18 16:11:50,252][INFO ][plugins                  ] [transport_client_node_0] loaded [], sites []
[2014-02-18 16:11:50,355][INFO ][cluster.metadata         ] [node_0] [test] creating index, cause [api], shards [5]/[1], mappings []
[2014-02-18 16:11:50,735][INFO ][routing                  ] --> indexing with id [1], and routing [0] using alias
[2014-02-18 16:11:50,736][INFO ][cluster.metadata         ] [node_0] [test] update_mapping [type1] (dynamic)
[2014-02-18 16:11:50,760][INFO ][routing                  ] --> verifying get with no routing, should not find anything
[2014-02-18 16:11:50,762][INFO ][routing                  ] --> verifying get with routing, should find
[2014-02-18 16:11:50,763][INFO ][routing                  ] --> search with no routing, should fine one
[2014-02-18 16:11:50,769][INFO ][routing                  ] --> search with wrong routing, should not find
[2014-02-18 16:11:50,777][INFO ][routing                  ] --> search with correct routing, should find
[2014-02-18 16:11:50,791][INFO ][routing                  ] --> indexing with id [2], and routing [1] using alias
[2014-02-18 16:11:50,837][INFO ][routing                  ] --> search with no routing, should fine two
[2014-02-18 16:11:50,847][INFO ][routing                  ] --> search with 0 routing, should find one
[2014-02-18 16:11:50,854][INFO ][routing                  ] --> search with 1 routing, should find one
[2014-02-18 16:11:50,863][INFO ][routing                  ] --> search with 0,1 routings , should find two
[2014-02-18 16:11:50,874][INFO ][routing                  ] --> search with two routing aliases , should find two
[2014-02-18 16:11:50,881][INFO ][routing                  ] --> search with alias0, alias1 and alias01, should find two
[2014-02-18 16:11:50,890][INFO ][routing                  ] --> search with test, alias0 and alias1, should find two
[2014-02-18 16:11:50,901][INFO ][routing                  ] [AliasRoutingTests#testAliasSearchRouting]: cleaning up after test
[2014-02-18 16:11:50,902][INFO ][cluster.metadata         ] [node_0] [test] deleting index
[2014-02-18 16:11:50,956][INFO ][routing                  ] [AliasRoutingTests#testAliasSearchRouting]: cleaned up after test
[2014-02-18 16:11:50,979][INFO ][test                     ] Test testAliasSearchRouting(org.elasticsearch.routing.AliasRoutingTests) finished
[2014-02-18 16:11:50,980][INFO ][test                     ] Test testAliasSearchRoutingWithTwoIndices(org.elasticsearch.routing.AliasRoutingTests) started
[2014-02-18 16:11:50,990][INFO ][plugins                  ] [transport_client_node_0] loaded [], sites []
[2014-02-18 16:11:51,019][INFO ][routing                  ] [AliasRoutingTests#testAliasSearchRoutingWithTwoIndices]: before test
[2014-02-18 16:11:51,031][INFO ][cluster.metadata         ] [node_0] [test-a] creating index, cause [api], shards [5]/[1], mappings []
[2014-02-18 16:11:51,146][INFO ][cluster.metadata         ] [node_0] [test-b] creating index, cause [api], shards [5]/[1], mappings []
[2014-02-18 16:11:51,497][INFO ][routing                  ] --> indexing with id [1], and routing [0] using alias to test-a
[2014-02-18 16:11:51,503][INFO ][plugins                  ] [transport_client_node_1] loaded [], sites []
[2014-02-18 16:11:51,528][INFO ][cluster.metadata         ] [node_0] [test-a] update_mapping [type1] (dynamic)
[2014-02-18 16:11:51,555][INFO ][routing                  ] --> verifying get with no routing, should not find anything
[2014-02-18 16:11:51,558][INFO ][routing                  ] --> verifying get with routing, should find
[2014-02-18 16:11:51,561][INFO ][routing                  ] --> indexing with id [0], and routing [1] using alias to test-b
[2014-02-18 16:11:51,562][INFO ][cluster.metadata         ] [node_0] [test-b] update_mapping [type1] (dynamic)
[2014-02-18 16:11:51,588][INFO ][routing                  ] --> verifying get with no routing, should not find anything
[2014-02-18 16:11:51,593][INFO ][routing                  ] --> verifying get with routing, should find
[2014-02-18 16:11:51,596][INFO ][routing                  ] --> search with alias-a1,alias-b0, should not find
[2014-02-18 16:11:51,602][INFO ][routing                  ] --> search with alias-ab, should find two
[2014-02-18 16:11:51,610][INFO ][routing                  ] --> search with alias-a0,alias-b1 should find two
[2014-02-18 16:11:51,618][INFO ][routing                  ] [AliasRoutingTests#testAliasSearchRoutingWithTwoIndices]: cleaning up after test
[2014-02-18 16:11:51,619][INFO ][cluster.metadata         ] [node_0] [test-b] deleting index
[2014-02-18 16:11:51,648][INFO ][cluster.metadata         ] [node_0] [test-a] deleting index
[2014-02-18 16:11:51,723][INFO ][routing                  ] [AliasRoutingTests#testAliasSearchRoutingWithTwoIndices]: cleaned up after test
[2014-02-18 16:11:51,741][INFO ][test                     ] Test testAliasSearchRoutingWithTwoIndices(org.elasticsearch.routing.AliasRoutingTests) finished
]]></system-out>
   <system-err><![CDATA[]]></system-err>
</testsuite>