<testsuite errors="0" failures="0" tests="11" skipped="0" name="org.elasticsearch.document.BulkTests" hostname="nohost.nodomain" time="11.514" timestamp="2014-02-18T16:07:49">
   <properties class="java.util.ArrayList">
      <property name="awt.toolkit" value="sun.lwawt.macosx.LWCToolkit"/>
      <property name="es.logger.level" value="INFO"/>
      <property name="es.logger.prefix" value=""/>
      <property name="es.node.local" value=""/>
      <property name="es.node.mode" value=""/>
      <property name="file.encoding" value="UTF-8"/>
      <property name="file.encoding.pkg" value="sun.io"/>
      <property name="file.separator" value="/"/>
      <property name="ftp.nonProxyHosts" value="local|*.local|169.254/16|*.169.254/16"/>
      <property name="gopherProxySet" value="false"/>
      <property name="http.nonProxyHosts" value="local|*.local|169.254/16|*.169.254/16"/>
      <property name="java.awt.graphicsenv" value="sun.awt.CGraphicsEnvironment"/>
      <property name="java.awt.headless" value="true"/>
      <property name="java.awt.printerjob" value="sun.lwawt.macosx.CPrinterJob"/>
      <property name="java.class.path" value="/Users/bhwang/elasticsearch/target/test-classes:/Users/bhwang/elasticsearch/target/classes:/Users/bhwang/.m2/repository/org/hamcrest/hamcrest-all/1.3/hamcrest-all-1.3.jar:/Users/bhwang/.m2/repository/com/carrotsearch/randomizedtesting/randomizedtesting-runner/2.0.15/randomizedtesting-runner-2.0.15.jar:/Users/bhwang/.m2/repository/junit/junit/4.10/junit-4.10.jar:/Users/bhwang/.m2/repository/org/apache/lucene/lucene-test-framework/4.6.1/lucene-test-framework-4.6.1.jar:/Users/bhwang/.m2/repository/org/apache/lucene/lucene-expressions/4.6.1/lucene-expressions-4.6.1.jar:/Users/bhwang/.m2/repository/org/antlr/antlr-runtime/3.5/antlr-runtime-3.5.jar:/Users/bhwang/.m2/repository/org/ow2/asm/asm/4.1/asm-4.1.jar:/Users/bhwang/.m2/repository/org/ow2/asm/asm-commons/4.1/asm-commons-4.1.jar:/Users/bhwang/.m2/repository/org/apache/httpcomponents/httpclient/4.3.1/httpclient-4.3.1.jar:/Users/bhwang/.m2/repository/org/apache/httpcomponents/httpcore/4.3/httpcore-4.3.jar:/Users/bhwang/.m2/repository/commons-logging/commons-logging/1.1.3/commons-logging-1.1.3.jar:/Users/bhwang/.m2/repository/commons-codec/commons-codec/1.6/commons-codec-1.6.jar:/Users/bhwang/.m2/repository/org/apache/lucene/lucene-core/4.6.1/lucene-core-4.6.1.jar:/Users/bhwang/.m2/repository/org/apache/lucene/lucene-analyzers-common/4.6.1/lucene-analyzers-common-4.6.1.jar:/Users/bhwang/.m2/repository/org/apache/lucene/lucene-codecs/4.6.1/lucene-codecs-4.6.1.jar:/Users/bhwang/.m2/repository/org/apache/lucene/lucene-queries/4.6.1/lucene-queries-4.6.1.jar:/Users/bhwang/.m2/repository/org/apache/lucene/lucene-memory/4.6.1/lucene-memory-4.6.1.jar:/Users/bhwang/.m2/repository/org/apache/lucene/lucene-highlighter/4.6.1/lucene-highlighter-4.6.1.jar:/Users/bhwang/.m2/repository/org/apache/lucene/lucene-queryparser/4.6.1/lucene-queryparser-4.6.1.jar:/Users/bhwang/.m2/repository/org/apache/lucene/lucene-sandbox/4.6.1/lucene-sandbox-4.6.1.jar:/Users/bhwang/.m2/repository/org/apache/lucene/lucene-suggest/4.6.1/lucene-suggest-4.6.1.jar:/Users/bhwang/.m2/repository/org/apache/lucene/lucene-misc/4.6.1/lucene-misc-4.6.1.jar:/Users/bhwang/.m2/repository/org/apache/lucene/lucene-join/4.6.1/lucene-join-4.6.1.jar:/Users/bhwang/.m2/repository/org/apache/lucene/lucene-grouping/4.6.1/lucene-grouping-4.6.1.jar:/Users/bhwang/.m2/repository/org/apache/lucene/lucene-spatial/4.6.1/lucene-spatial-4.6.1.jar:/Users/bhwang/.m2/repository/com/spatial4j/spatial4j/0.3/spatial4j-0.3.jar:/Users/bhwang/.m2/repository/com/vividsolutions/jts/1.12/jts-1.12.jar:/Users/bhwang/.m2/repository/com/google/guava/guava/16.0/guava-16.0.jar:/Users/bhwang/.m2/repository/com/carrotsearch/hppc/0.5.3/hppc-0.5.3.jar:/Users/bhwang/.m2/repository/joda-time/joda-time/2.3/joda-time-2.3.jar:/Users/bhwang/.m2/repository/org/joda/joda-convert/1.2/joda-convert-1.2.jar:/Users/bhwang/.m2/repository/org/mvel/mvel2/2.1.5.Final/mvel2-2.1.5.Final.jar:/Users/bhwang/.m2/repository/com/fasterxml/jackson/core/jackson-core/2.3.0/jackson-core-2.3.0.jar:/Users/bhwang/.m2/repository/com/fasterxml/jackson/dataformat/jackson-dataformat-smile/2.3.0/jackson-dataformat-smile-2.3.0.jar:/Users/bhwang/.m2/repository/com/fasterxml/jackson/dataformat/jackson-dataformat-yaml/2.3.0/jackson-dataformat-yaml-2.3.0.jar:/Users/bhwang/.m2/repository/io/netty/netty/3.9.0.Final/netty-3.9.0.Final.jar:/Users/bhwang/.m2/repository/com/ning/compress-lzf/0.9.6/compress-lzf-0.9.6.jar:/Users/bhwang/.m2/repository/log4j/log4j/1.2.17/log4j-1.2.17.jar:/Users/bhwang/.m2/repository/org/slf4j/slf4j-api/1.6.2/slf4j-api-1.6.2.jar:/Users/bhwang/.m2/repository/net/java/dev/jna/jna/3.3.0/jna-3.3.0.jar:/Users/bhwang/.m2/repository/org/fusesource/sigar/1.6.4/sigar-1.6.4.jar:/Users/bhwang/.m2/repository/com/carrotsearch/randomizedtesting/junit4-ant/2.0.15/junit4-ant-2.0.15.jar"/>
      <property name="java.class.version" value="51.0"/>
      <property name="java.endorsed.dirs" value="/Library/Java/JavaVirtualMachines/jdk1.7.0_45.jdk/Contents/Home/jre/lib/endorsed"/>
      <property name="java.ext.dirs" value="/Users/bhwang/Library/Java/Extensions:/Library/Java/JavaVirtualMachines/jdk1.7.0_45.jdk/Contents/Home/jre/lib/ext:/Library/Java/Extensions:/Network/Library/Java/Extensions:/System/Library/Java/Extensions:/usr/lib/java"/>
      <property name="java.home" value="/Library/Java/JavaVirtualMachines/jdk1.7.0_45.jdk/Contents/Home/jre"/>
      <property name="java.io.tmpdir" value="."/>
      <property name="java.library.path" value="/Users/bhwang/Library/Java/Extensions:/Library/Java/Extensions:/Network/Library/Java/Extensions:/System/Library/Java/Extensions:/usr/lib/java:."/>
      <property name="java.runtime.name" value="Java(TM) SE Runtime Environment"/>
      <property name="java.runtime.version" value="1.7.0_45-b18"/>
      <property name="java.security.policy" value="/Users/bhwang/elasticsearch/dev-tools/tests.policy"/>
      <property name="java.specification.name" value="Java Platform API Specification"/>
      <property name="java.specification.vendor" value="Oracle Corporation"/>
      <property name="java.specification.version" value="1.7"/>
      <property name="java.vendor" value="Oracle Corporation"/>
      <property name="java.vendor.url" value="http://java.oracle.com/"/>
      <property name="java.vendor.url.bug" value="http://bugreport.sun.com/bugreport/"/>
      <property name="java.version" value="1.7.0_45"/>
      <property name="java.vm.info" value="mixed mode"/>
      <property name="java.vm.name" value="Java HotSpot(TM) 64-Bit Server VM"/>
      <property name="java.vm.specification.name" value="Java Virtual Machine Specification"/>
      <property name="java.vm.specification.vendor" value="Oracle Corporation"/>
      <property name="java.vm.specification.version" value="1.7"/>
      <property name="java.vm.vendor" value="Oracle Corporation"/>
      <property name="java.vm.version" value="24.45-b08"/>
      <property name="junit4.childvm.cwd" value="/Users/bhwang/elasticsearch/target/J0"/>
      <property name="junit4.childvm.id" value="0"/>
      <property name="junit4.memory.total" value="128974848"/>
      <property name="junit4.pidString" value="6815@Bills-MacBook-Pro.local"/>
      <property name="junit4.processors" value="4"/>
      <property name="junit4.tempDir" value="/Users/bhwang/elasticsearch/target"/>
      <property name="line.separator" value="
"/>
      <property name="os.arch" value="x86_64"/>
      <property name="os.name" value="Mac OS X"/>
      <property name="os.version" value="10.9.1"/>
      <property name="path.separator" value=":"/>
      <property name="socksNonProxyHosts" value="local|*.local|169.254/16|*.169.254/16"/>
      <property name="sun.arch.data.model" value="64"/>
      <property name="sun.boot.class.path" value="/Library/Java/JavaVirtualMachines/jdk1.7.0_45.jdk/Contents/Home/jre/lib/resources.jar:/Library/Java/JavaVirtualMachines/jdk1.7.0_45.jdk/Contents/Home/jre/lib/rt.jar:/Library/Java/JavaVirtualMachines/jdk1.7.0_45.jdk/Contents/Home/jre/lib/sunrsasign.jar:/Library/Java/JavaVirtualMachines/jdk1.7.0_45.jdk/Contents/Home/jre/lib/jsse.jar:/Library/Java/JavaVirtualMachines/jdk1.7.0_45.jdk/Contents/Home/jre/lib/jce.jar:/Library/Java/JavaVirtualMachines/jdk1.7.0_45.jdk/Contents/Home/jre/lib/charsets.jar:/Library/Java/JavaVirtualMachines/jdk1.7.0_45.jdk/Contents/Home/jre/lib/jfr.jar:/Library/Java/JavaVirtualMachines/jdk1.7.0_45.jdk/Contents/Home/jre/lib/JObjC.jar:/Library/Java/JavaVirtualMachines/jdk1.7.0_45.jdk/Contents/Home/jre/classes"/>
      <property name="sun.boot.library.path" value="/Library/Java/JavaVirtualMachines/jdk1.7.0_45.jdk/Contents/Home/jre/lib"/>
      <property name="sun.cpu.endian" value="little"/>
      <property name="sun.cpu.isalist" value=""/>
      <property name="sun.io.unicode.encoding" value="UnicodeBig"/>
      <property name="sun.java.command" value="com.carrotsearch.ant.tasks.junit4.slave.SlaveMainSafe -flush -eventsfile /Users/bhwang/elasticsearch/target/junit4-J0-20140218_153326_767.events @/Users/bhwang/elasticsearch/target/junit4-J0-20140218_153326_767.suites -stdin"/>
      <property name="sun.java.launcher" value="SUN_STANDARD"/>
      <property name="sun.jnu.encoding" value="UTF-8"/>
      <property name="sun.management.compiler" value="HotSpot 64-Bit Tiered Compilers"/>
      <property name="sun.os.patch.level" value="unknown"/>
      <property name="tests.appendseed" value=""/>
      <property name="tests.assertion.disabled" value=""/>
      <property name="tests.awaitsfix" value=""/>
      <property name="tests.badapples" value=""/>
      <property name="tests.class" value=""/>
      <property name="tests.client.ratio" value=""/>
      <property name="tests.cluster_seed" value=""/>
      <property name="tests.enable_mock_modules" value=""/>
      <property name="tests.failfast" value=""/>
      <property name="tests.integration" value=""/>
      <property name="tests.iters" value=""/>
      <property name="tests.jvm.argline" value=""/>
      <property name="tests.maxfailures" value=""/>
      <property name="tests.method" value=""/>
      <property name="tests.network" value=""/>
      <property name="tests.nightly" value=""/>
      <property name="tests.prefix" value="tests"/>
      <property name="tests.rest" value=""/>
      <property name="tests.rest.spec" value=""/>
      <property name="tests.rest.suite" value=""/>
      <property name="tests.security.manager" value=""/>
      <property name="tests.seed" value="A89B4FF56754358E"/>
      <property name="tests.showSuccess" value=""/>
      <property name="tests.slow" value=""/>
      <property name="tests.timeoutSuite" value=""/>
      <property name="tests.weekly" value=""/>
      <property name="user.country" value="US"/>
      <property name="user.dir" value="/Users/bhwang/elasticsearch/target/J0"/>
      <property name="user.home" value="/Users/bhwang"/>
      <property name="user.language" value="en"/>
      <property name="user.name" value="bhwang"/>
      <property name="user.timezone" value=""/>
   </properties>
   <testcase classname="org.elasticsearch.document.BulkTests" name="testFailingVersionedUpdatedOnBulk" time="0.189"/>
   <testcase classname="org.elasticsearch.document.BulkTests" name="testBulkUpdate_malformedScripts" time="0.064"/>
   <testcase classname="org.elasticsearch.document.BulkTests" name="testBulkUpdateDocAsUpsertWithParent" time="0.451"/>
   <testcase classname="org.elasticsearch.document.BulkTests" name="testBulkVersioning" time="0.343"/>
   <testcase classname="org.elasticsearch.document.BulkTests" name="testBulkUpdate_largerVolume" time="7.531"/>
   <testcase classname="org.elasticsearch.document.BulkTests" name="preParsingSourceDueToMappingShouldNotBreakCompleteBulkRequest" time="0.621"/>
   <testcase classname="org.elasticsearch.document.BulkTests" name="preParsingSourceDueToIdShouldNotBreakCompleteBulkRequest" time="0.322"/>
   <testcase classname="org.elasticsearch.document.BulkTests" name="testBulkUpdate_simple" time="0.147"/>
   <testcase classname="org.elasticsearch.document.BulkTests" name="testBulkIndexingWhileInitializing" time="0.949"/>
   <testcase classname="org.elasticsearch.document.BulkTests" name="testBulkUpdateUpsertWithParent" time="0.467"/>
   <testcase classname="org.elasticsearch.document.BulkTests" name="preParsingSourceDueToRoutingShouldNotBreakCompleteBulkRequest" time="0.412"/>
   <system-out><![CDATA[[2014-02-18 16:07:50,002][INFO ][test                     ] Test testFailingVersionedUpdatedOnBulk(org.elasticsearch.document.BulkTests) started
[2014-02-18 16:07:50,005][INFO ][document                 ] [BulkTests#testFailingVersionedUpdatedOnBulk]: before test
[2014-02-18 16:07:50,013][INFO ][cluster.metadata         ] [node_0] [test] creating index, cause [api], shards [5]/[1], mappings []
[2014-02-18 16:07:50,114][INFO ][cluster.metadata         ] [node_0] [test] update_mapping [type] (dynamic)
[2014-02-18 16:07:50,145][INFO ][document                 ] [BulkTests#testFailingVersionedUpdatedOnBulk]: cleaning up after test
[2014-02-18 16:07:50,148][INFO ][cluster.metadata         ] [node_0] [test] deleting index
[2014-02-18 16:07:50,191][INFO ][document                 ] [BulkTests#testFailingVersionedUpdatedOnBulk]: cleaned up after test
[2014-02-18 16:07:50,191][INFO ][test                     ] Test testFailingVersionedUpdatedOnBulk(org.elasticsearch.document.BulkTests) finished
[2014-02-18 16:07:50,192][INFO ][test                     ] Test testBulkUpdate_malformedScripts(org.elasticsearch.document.BulkTests) started
[2014-02-18 16:07:50,196][INFO ][document                 ] [BulkTests#testBulkUpdate_malformedScripts]: before test
[2014-02-18 16:07:50,204][INFO ][cluster.metadata         ] [node_0] [test] creating index, cause [api], shards [2]/[0], mappings []
[2014-02-18 16:07:50,242][INFO ][document                 ] [BulkTests#testBulkUpdate_malformedScripts]: cleaning up after test
[2014-02-18 16:07:50,245][INFO ][cluster.metadata         ] [node_0] [test] update_mapping [type1] (dynamic)
[2014-02-18 16:07:50,246][INFO ][cluster.metadata         ] [node_0] [test] deleting index
[2014-02-18 16:07:50,255][INFO ][document                 ] [BulkTests#testBulkUpdate_malformedScripts]: cleaned up after test
[2014-02-18 16:07:50,256][INFO ][test                     ] Test testBulkUpdate_malformedScripts(org.elasticsearch.document.BulkTests) finished
[2014-02-18 16:07:50,256][INFO ][test                     ] Test testBulkUpdateDocAsUpsertWithParent(org.elasticsearch.document.BulkTests) started
[2014-02-18 16:07:50,260][INFO ][plugins                  ] [transport_client_node_1] loaded [], sites []
[2014-02-18 16:07:50,284][INFO ][plugins                  ] [transport_client_node_0] loaded [], sites []
[2014-02-18 16:07:50,308][INFO ][plugins                  ] [transport_client_node_2] loaded [], sites []
[2014-02-18 16:07:50,336][INFO ][document                 ] [BulkTests#testBulkUpdateDocAsUpsertWithParent]: before test
[2014-02-18 16:07:50,348][INFO ][cluster.metadata         ] [node_0] [test] creating index, cause [api], shards [5]/[1], mappings [child, parent]
[2014-02-18 16:07:50,646][INFO ][cluster.metadata         ] [node_0] [test] update_mapping [child] (dynamic)
[2014-02-18 16:07:50,647][INFO ][cluster.metadata         ] [node_0] [test] update_mapping [parent] (dynamic)
[2014-02-18 16:07:50,666][INFO ][document                 ] [BulkTests#testBulkUpdateDocAsUpsertWithParent]: cleaning up after test
[2014-02-18 16:07:50,668][INFO ][cluster.metadata         ] [node_0] [test] deleting index
[2014-02-18 16:07:50,697][INFO ][document                 ] [BulkTests#testBulkUpdateDocAsUpsertWithParent]: cleaned up after test
[2014-02-18 16:07:50,706][INFO ][test                     ] Test testBulkUpdateDocAsUpsertWithParent(org.elasticsearch.document.BulkTests) finished
[2014-02-18 16:07:50,707][INFO ][test                     ] Test testBulkVersioning(org.elasticsearch.document.BulkTests) started
[2014-02-18 16:07:50,710][INFO ][document                 ] [BulkTests#testBulkVersioning]: before test
[2014-02-18 16:07:50,717][INFO ][cluster.metadata         ] [node_0] [test] creating index, cause [api], shards [5]/[1], mappings []
[2014-02-18 16:07:50,997][INFO ][cluster.metadata         ] [node_0] [test] update_mapping [type] (dynamic)
[2014-02-18 16:07:51,014][INFO ][document                 ] [BulkTests#testBulkVersioning]: cleaning up after test
[2014-02-18 16:07:51,015][INFO ][cluster.metadata         ] [node_0] [test] deleting index
[2014-02-18 16:07:51,049][INFO ][document                 ] [BulkTests#testBulkVersioning]: cleaned up after test
[2014-02-18 16:07:51,050][INFO ][test                     ] Test testBulkVersioning(org.elasticsearch.document.BulkTests) finished
[2014-02-18 16:07:51,051][INFO ][test                     ] Test testBulkUpdate_largerVolume(org.elasticsearch.document.BulkTests) started
[2014-02-18 16:07:51,055][INFO ][plugins                  ] [transport_client_node_1] loaded [], sites []
[2014-02-18 16:07:51,081][INFO ][document                 ] [BulkTests#testBulkUpdate_largerVolume]: before test
[2014-02-18 16:07:51,089][INFO ][cluster.metadata         ] [node_0] [test] creating index, cause [api], shards [2]/[1], mappings []
[2014-02-18 16:07:51,486][INFO ][cluster.metadata         ] [node_0] [test] update_mapping [type1] (dynamic)
[2014-02-18 16:07:58,545][INFO ][document                 ] [BulkTests#testBulkUpdate_largerVolume]: cleaning up after test
[2014-02-18 16:07:58,547][INFO ][cluster.metadata         ] [node_0] [test] deleting index
[2014-02-18 16:07:58,577][INFO ][document                 ] [BulkTests#testBulkUpdate_largerVolume]: cleaned up after test
[2014-02-18 16:07:58,581][INFO ][test                     ] Test testBulkUpdate_largerVolume(org.elasticsearch.document.BulkTests) finished
[2014-02-18 16:07:58,582][INFO ][test                     ] Test preParsingSourceDueToMappingShouldNotBreakCompleteBulkRequest(org.elasticsearch.document.BulkTests) started
[2014-02-18 16:07:58,587][INFO ][plugins                  ] [transport_client_node_2] loaded [], sites []
[2014-02-18 16:07:58,627][INFO ][document                 ] [BulkTests#preParsingSourceDueToMappingShouldNotBreakCompleteBulkRequest]: before test
[2014-02-18 16:07:58,629][INFO ][plugins                  ] [transport_client_node_0] loaded [], sites []
[2014-02-18 16:07:58,665][INFO ][cluster.metadata         ] [node_0] [test] creating index, cause [api], shards [5]/[1], mappings [type]
[2014-02-18 16:07:58,837][INFO ][cluster.metadata         ] [node_0] [test] update_mapping [type] (dynamic)
[2014-02-18 16:07:59,034][INFO ][document                 ] [BulkTests#preParsingSourceDueToMappingShouldNotBreakCompleteBulkRequest]: cleaning up after test
[2014-02-18 16:07:59,035][INFO ][cluster.metadata         ] [node_0] [test] deleting index
[2014-02-18 16:07:59,194][INFO ][document                 ] [BulkTests#preParsingSourceDueToMappingShouldNotBreakCompleteBulkRequest]: cleaned up after test
[2014-02-18 16:07:59,203][INFO ][test                     ] Test preParsingSourceDueToMappingShouldNotBreakCompleteBulkRequest(org.elasticsearch.document.BulkTests) finished
[2014-02-18 16:07:59,204][INFO ][test                     ] Test preParsingSourceDueToIdShouldNotBreakCompleteBulkRequest(org.elasticsearch.document.BulkTests) started
[2014-02-18 16:07:59,209][INFO ][document                 ] [BulkTests#preParsingSourceDueToIdShouldNotBreakCompleteBulkRequest]: before test
[2014-02-18 16:07:59,223][INFO ][cluster.metadata         ] [node_0] [test] creating index, cause [api], shards [5]/[1], mappings [type]
[2014-02-18 16:07:59,334][INFO ][cluster.metadata         ] [node_0] [test] update_mapping [type] (dynamic)
[2014-02-18 16:07:59,487][INFO ][document                 ] [BulkTests#preParsingSourceDueToIdShouldNotBreakCompleteBulkRequest]: cleaning up after test
[2014-02-18 16:07:59,489][INFO ][cluster.metadata         ] [node_0] [test] deleting index
[2014-02-18 16:07:59,526][INFO ][document                 ] [BulkTests#preParsingSourceDueToIdShouldNotBreakCompleteBulkRequest]: cleaned up after test
[2014-02-18 16:07:59,526][INFO ][test                     ] Test preParsingSourceDueToIdShouldNotBreakCompleteBulkRequest(org.elasticsearch.document.BulkTests) finished
[2014-02-18 16:07:59,527][INFO ][test                     ] Test testBulkUpdate_simple(org.elasticsearch.document.BulkTests) started
[2014-02-18 16:07:59,530][INFO ][plugins                  ] [transport_client_node_2] loaded [], sites []
[2014-02-18 16:07:59,554][INFO ][document                 ] [BulkTests#testBulkUpdate_simple]: before test
[2014-02-18 16:07:59,556][INFO ][plugins                  ] [transport_client_node_1] loaded [], sites []
[2014-02-18 16:07:59,592][INFO ][cluster.metadata         ] [node_0] [test] creating index, cause [api], shards [2]/[0], mappings []
[2014-02-18 16:07:59,639][INFO ][cluster.metadata         ] [node_0] [test] update_mapping [type1] (dynamic)
[2014-02-18 16:07:59,640][INFO ][document                 ] [BulkTests#testBulkUpdate_simple]: cleaning up after test
[2014-02-18 16:07:59,653][INFO ][cluster.metadata         ] [node_0] [test] update_mapping [type1] (dynamic)
[2014-02-18 16:07:59,655][INFO ][cluster.metadata         ] [node_0] [test] deleting index
[2014-02-18 16:07:59,668][INFO ][document                 ] [BulkTests#testBulkUpdate_simple]: cleaned up after test
[2014-02-18 16:07:59,674][INFO ][test                     ] Test testBulkUpdate_simple(org.elasticsearch.document.BulkTests) finished
[2014-02-18 16:07:59,675][INFO ][test                     ] Test testBulkIndexingWhileInitializing(org.elasticsearch.document.BulkTests) started
[2014-02-18 16:07:59,678][INFO ][plugins                  ] [transport_client_node_0] loaded [], sites []
[2014-02-18 16:07:59,702][INFO ][document                 ] [BulkTests#testBulkIndexingWhileInitializing]: before test
[2014-02-18 16:07:59,710][INFO ][cluster.metadata         ] [node_0] [test] creating index, cause [api], shards [7]/[0], mappings []
[2014-02-18 16:07:59,824][INFO ][document                 ] bulk indexing 0-49
[2014-02-18 16:07:59,834][INFO ][cluster.metadata         ] [node_0] [test] update_mapping [type1] (dynamic)
[2014-02-18 16:07:59,837][INFO ][document                 ] bulk indexing 50-99
[2014-02-18 16:07:59,841][INFO ][document                 ] bulk indexing 100-149
[2014-02-18 16:07:59,844][INFO ][document                 ] bulk indexing 150-199
[2014-02-18 16:07:59,847][INFO ][document                 ] bulk indexing 200-249
[2014-02-18 16:07:59,850][INFO ][document                 ] bulk indexing 250-299
[2014-02-18 16:07:59,853][INFO ][document                 ] bulk indexing 300-349
[2014-02-18 16:07:59,856][INFO ][document                 ] bulk indexing 350-399
[2014-02-18 16:07:59,860][INFO ][document                 ] bulk indexing 400-449
[2014-02-18 16:07:59,863][INFO ][document                 ] bulk indexing 450-499
[2014-02-18 16:07:59,866][INFO ][document                 ] bulk indexing 500-549
[2014-02-18 16:07:59,871][INFO ][document                 ] bulk indexing 550-599
[2014-02-18 16:07:59,874][INFO ][document                 ] bulk indexing 600-649
[2014-02-18 16:07:59,877][INFO ][document                 ] bulk indexing 650-699
[2014-02-18 16:07:59,882][INFO ][document                 ] bulk indexing 700-749
[2014-02-18 16:07:59,885][INFO ][document                 ] bulk indexing 750-799
[2014-02-18 16:07:59,888][INFO ][document                 ] bulk indexing 800-849
[2014-02-18 16:07:59,892][INFO ][document                 ] bulk indexing 850-899
[2014-02-18 16:07:59,897][INFO ][document                 ] bulk indexing 900-949
[2014-02-18 16:07:59,900][INFO ][document                 ] bulk indexing 950-999
[2014-02-18 16:07:59,905][INFO ][document                 ] bulk indexing 1000-1049
[2014-02-18 16:07:59,919][INFO ][document                 ] bulk indexing 1050-1099
[2014-02-18 16:07:59,923][INFO ][document                 ] bulk indexing 1100-1149
[2014-02-18 16:07:59,927][INFO ][document                 ] bulk indexing 1150-1199
[2014-02-18 16:07:59,929][INFO ][document                 ] bulk indexing 1200-1249
[2014-02-18 16:07:59,932][INFO ][document                 ] bulk indexing 1250-1299
[2014-02-18 16:07:59,935][INFO ][document                 ] bulk indexing 1300-1349
[2014-02-18 16:07:59,939][INFO ][document                 ] bulk indexing 1350-1399
[2014-02-18 16:07:59,942][INFO ][document                 ] bulk indexing 1400-1449
[2014-02-18 16:07:59,947][INFO ][document                 ] bulk indexing 1450-1499
[2014-02-18 16:07:59,951][INFO ][document                 ] bulk indexing 1500-1549
[2014-02-18 16:07:59,955][INFO ][document                 ] bulk indexing 1550-1599
[2014-02-18 16:07:59,959][INFO ][document                 ] bulk indexing 1600-1649
[2014-02-18 16:07:59,963][INFO ][document                 ] bulk indexing 1650-1699
[2014-02-18 16:07:59,968][INFO ][document                 ] bulk indexing 1700-1749
[2014-02-18 16:07:59,971][INFO ][document                 ] bulk indexing 1750-1799
[2014-02-18 16:07:59,976][INFO ][document                 ] bulk indexing 1800-1849
[2014-02-18 16:07:59,979][INFO ][document                 ] bulk indexing 1850-1899
[2014-02-18 16:07:59,982][INFO ][document                 ] bulk indexing 1900-1949
[2014-02-18 16:07:59,985][INFO ][document                 ] bulk indexing 1950-1999
[2014-02-18 16:07:59,988][INFO ][document                 ] bulk indexing 2000-2049
[2014-02-18 16:07:59,992][INFO ][document                 ] bulk indexing 2050-2099
[2014-02-18 16:07:59,995][INFO ][document                 ] bulk indexing 2100-2149
[2014-02-18 16:07:59,999][INFO ][document                 ] bulk indexing 2150-2199
[2014-02-18 16:08:00,003][INFO ][document                 ] bulk indexing 2200-2249
[2014-02-18 16:08:00,007][INFO ][document                 ] bulk indexing 2250-2299
[2014-02-18 16:08:00,011][INFO ][document                 ] bulk indexing 2300-2349
[2014-02-18 16:08:00,014][INFO ][document                 ] bulk indexing 2350-2399
[2014-02-18 16:08:00,017][INFO ][document                 ] bulk indexing 2400-2449
[2014-02-18 16:08:00,021][INFO ][document                 ] bulk indexing 2450-2499
[2014-02-18 16:08:00,024][INFO ][document                 ] bulk indexing 2500-2549
[2014-02-18 16:08:00,027][INFO ][document                 ] bulk indexing 2550-2599
[2014-02-18 16:08:00,031][INFO ][document                 ] bulk indexing 2600-2649
[2014-02-18 16:08:00,034][INFO ][document                 ] bulk indexing 2650-2699
[2014-02-18 16:08:00,038][INFO ][document                 ] bulk indexing 2700-2749
[2014-02-18 16:08:00,043][INFO ][document                 ] bulk indexing 2750-2799
[2014-02-18 16:08:00,047][INFO ][document                 ] bulk indexing 2800-2849
[2014-02-18 16:08:00,051][INFO ][document                 ] bulk indexing 2850-2899
[2014-02-18 16:08:00,060][INFO ][document                 ] bulk indexing 2900-2949
[2014-02-18 16:08:00,065][INFO ][document                 ] bulk indexing 2950-2999
[2014-02-18 16:08:00,070][INFO ][document                 ] bulk indexing 3000-3049
[2014-02-18 16:08:00,075][INFO ][document                 ] bulk indexing 3050-3099
[2014-02-18 16:08:00,081][INFO ][document                 ] bulk indexing 3100-3149
[2014-02-18 16:08:00,086][INFO ][document                 ] bulk indexing 3150-3199
[2014-02-18 16:08:00,090][INFO ][document                 ] bulk indexing 3200-3249
[2014-02-18 16:08:00,094][INFO ][document                 ] bulk indexing 3250-3299
[2014-02-18 16:08:00,100][INFO ][document                 ] bulk indexing 3300-3349
[2014-02-18 16:08:00,104][INFO ][document                 ] bulk indexing 3350-3399
[2014-02-18 16:08:00,108][INFO ][document                 ] bulk indexing 3400-3449
[2014-02-18 16:08:00,113][INFO ][document                 ] bulk indexing 3450-3499
[2014-02-18 16:08:00,116][INFO ][document                 ] bulk indexing 3500-3549
[2014-02-18 16:08:00,119][INFO ][document                 ] bulk indexing 3550-3599
[2014-02-18 16:08:00,124][INFO ][document                 ] bulk indexing 3600-3649
[2014-02-18 16:08:00,126][INFO ][document                 ] bulk indexing 3650-3699
[2014-02-18 16:08:00,130][INFO ][document                 ] bulk indexing 3700-3749
[2014-02-18 16:08:00,132][INFO ][document                 ] bulk indexing 3750-3799
[2014-02-18 16:08:00,135][INFO ][document                 ] bulk indexing 3800-3849
[2014-02-18 16:08:00,140][INFO ][document                 ] bulk indexing 3850-3899
[2014-02-18 16:08:00,144][INFO ][document                 ] bulk indexing 3900-3949
[2014-02-18 16:08:00,147][INFO ][document                 ] bulk indexing 3950-3999
[2014-02-18 16:08:00,150][INFO ][document                 ] bulk indexing 4000-4049
[2014-02-18 16:08:00,155][INFO ][document                 ] bulk indexing 4050-4099
[2014-02-18 16:08:00,159][INFO ][document                 ] bulk indexing 4100-4149
[2014-02-18 16:08:00,162][INFO ][document                 ] bulk indexing 4150-4199
[2014-02-18 16:08:00,165][INFO ][document                 ] bulk indexing 4200-4249
[2014-02-18 16:08:00,169][INFO ][document                 ] bulk indexing 4250-4299
[2014-02-18 16:08:00,172][INFO ][document                 ] bulk indexing 4300-4349
[2014-02-18 16:08:00,176][INFO ][document                 ] bulk indexing 4350-4399
[2014-02-18 16:08:00,179][INFO ][document                 ] bulk indexing 4400-4449
[2014-02-18 16:08:00,182][INFO ][document                 ] bulk indexing 4450-4499
[2014-02-18 16:08:00,185][INFO ][document                 ] bulk indexing 4500-4549
[2014-02-18 16:08:00,190][INFO ][document                 ] bulk indexing 4550-4599
[2014-02-18 16:08:00,193][INFO ][document                 ] bulk indexing 4600-4649
[2014-02-18 16:08:00,197][INFO ][document                 ] bulk indexing 4650-4699
[2014-02-18 16:08:00,201][INFO ][document                 ] bulk indexing 4700-4749
[2014-02-18 16:08:00,205][INFO ][document                 ] bulk indexing 4750-4799
[2014-02-18 16:08:00,208][INFO ][document                 ] bulk indexing 4800-4849
[2014-02-18 16:08:00,212][INFO ][document                 ] bulk indexing 4850-4899
[2014-02-18 16:08:00,215][INFO ][document                 ] bulk indexing 4900-4949
[2014-02-18 16:08:00,218][INFO ][document                 ] bulk indexing 4950-4999
[2014-02-18 16:08:00,545][INFO ][document                 ] [BulkTests#testBulkIndexingWhileInitializing]: cleaning up after test
[2014-02-18 16:08:00,546][INFO ][cluster.metadata         ] [node_0] [test] deleting index
[2014-02-18 16:08:00,617][INFO ][document                 ] [BulkTests#testBulkIndexingWhileInitializing]: cleaned up after test
[2014-02-18 16:08:00,623][INFO ][test                     ] Test testBulkIndexingWhileInitializing(org.elasticsearch.document.BulkTests) finished
[2014-02-18 16:08:00,624][INFO ][test                     ] Test testBulkUpdateUpsertWithParent(org.elasticsearch.document.BulkTests) started
[2014-02-18 16:08:00,629][INFO ][plugins                  ] [transport_client_node_1] loaded [], sites []
[2014-02-18 16:08:00,664][INFO ][plugins                  ] [transport_client_node_0] loaded [], sites []
[2014-02-18 16:08:00,693][INFO ][document                 ] [BulkTests#testBulkUpdateUpsertWithParent]: before test
[2014-02-18 16:08:00,704][INFO ][cluster.metadata         ] [node_0] [test] creating index, cause [api], shards [5]/[1], mappings [child, parent]
[2014-02-18 16:08:01,015][INFO ][cluster.metadata         ] [node_0] [test] update_mapping [child] (dynamic)
[2014-02-18 16:08:01,015][INFO ][cluster.metadata         ] [node_0] [test] update_mapping [parent] (dynamic)
[2014-02-18 16:08:01,042][INFO ][document                 ] [BulkTests#testBulkUpdateUpsertWithParent]: cleaning up after test
[2014-02-18 16:08:01,043][INFO ][cluster.metadata         ] [node_0] [test] deleting index
[2014-02-18 16:08:01,081][INFO ][document                 ] [BulkTests#testBulkUpdateUpsertWithParent]: cleaned up after test
[2014-02-18 16:08:01,091][INFO ][test                     ] Test testBulkUpdateUpsertWithParent(org.elasticsearch.document.BulkTests) finished
[2014-02-18 16:08:01,092][INFO ][test                     ] Test preParsingSourceDueToRoutingShouldNotBreakCompleteBulkRequest(org.elasticsearch.document.BulkTests) started
[2014-02-18 16:08:01,097][INFO ][plugins                  ] [transport_client_node_1] loaded [], sites []
[2014-02-18 16:08:01,137][INFO ][plugins                  ] [transport_client_node_2] loaded [], sites []
[2014-02-18 16:08:01,173][INFO ][document                 ] [BulkTests#preParsingSourceDueToRoutingShouldNotBreakCompleteBulkRequest]: before test
[2014-02-18 16:08:01,188][INFO ][cluster.metadata         ] [node_0] [test] creating index, cause [api], shards [5]/[1], mappings [type]
[2014-02-18 16:08:01,358][INFO ][cluster.metadata         ] [node_0] [test] update_mapping [type] (dynamic)
[2014-02-18 16:08:01,447][INFO ][document                 ] [BulkTests#preParsingSourceDueToRoutingShouldNotBreakCompleteBulkRequest]: cleaning up after test
[2014-02-18 16:08:01,448][INFO ][cluster.metadata         ] [node_0] [test] deleting index
[2014-02-18 16:08:01,498][INFO ][document                 ] [BulkTests#preParsingSourceDueToRoutingShouldNotBreakCompleteBulkRequest]: cleaned up after test
[2014-02-18 16:08:01,504][INFO ][test                     ] Test preParsingSourceDueToRoutingShouldNotBreakCompleteBulkRequest(org.elasticsearch.document.BulkTests) finished
]]></system-out>
   <system-err><![CDATA[]]></system-err>
</testsuite>