<testsuite errors="0" failures="0" tests="4" skipped="0" name="org.elasticsearch.recovery.RecoveryWhileUnderLoadTests" hostname="nohost.nodomain" time="62.666" timestamp="2014-02-18T16:10:42">
   <properties class="java.util.ArrayList">
      <property name="awt.toolkit" value="sun.lwawt.macosx.LWCToolkit"/>
      <property name="es.logger.level" value="INFO"/>
      <property name="es.logger.prefix" value=""/>
      <property name="es.node.local" value=""/>
      <property name="es.node.mode" value=""/>
      <property name="file.encoding" value="UTF-8"/>
      <property name="file.encoding.pkg" value="sun.io"/>
      <property name="file.separator" value="/"/>
      <property name="ftp.nonProxyHosts" value="local|*.local|169.254/16|*.169.254/16"/>
      <property name="gopherProxySet" value="false"/>
      <property name="http.nonProxyHosts" value="local|*.local|169.254/16|*.169.254/16"/>
      <property name="java.awt.graphicsenv" value="sun.awt.CGraphicsEnvironment"/>
      <property name="java.awt.headless" value="true"/>
      <property name="java.awt.printerjob" value="sun.lwawt.macosx.CPrinterJob"/>
      <property name="java.class.path" value="/Users/bhwang/elasticsearch/target/test-classes:/Users/bhwang/elasticsearch/target/classes:/Users/bhwang/.m2/repository/org/hamcrest/hamcrest-all/1.3/hamcrest-all-1.3.jar:/Users/bhwang/.m2/repository/com/carrotsearch/randomizedtesting/randomizedtesting-runner/2.0.15/randomizedtesting-runner-2.0.15.jar:/Users/bhwang/.m2/repository/junit/junit/4.10/junit-4.10.jar:/Users/bhwang/.m2/repository/org/apache/lucene/lucene-test-framework/4.6.1/lucene-test-framework-4.6.1.jar:/Users/bhwang/.m2/repository/org/apache/lucene/lucene-expressions/4.6.1/lucene-expressions-4.6.1.jar:/Users/bhwang/.m2/repository/org/antlr/antlr-runtime/3.5/antlr-runtime-3.5.jar:/Users/bhwang/.m2/repository/org/ow2/asm/asm/4.1/asm-4.1.jar:/Users/bhwang/.m2/repository/org/ow2/asm/asm-commons/4.1/asm-commons-4.1.jar:/Users/bhwang/.m2/repository/org/apache/httpcomponents/httpclient/4.3.1/httpclient-4.3.1.jar:/Users/bhwang/.m2/repository/org/apache/httpcomponents/httpcore/4.3/httpcore-4.3.jar:/Users/bhwang/.m2/repository/commons-logging/commons-logging/1.1.3/commons-logging-1.1.3.jar:/Users/bhwang/.m2/repository/commons-codec/commons-codec/1.6/commons-codec-1.6.jar:/Users/bhwang/.m2/repository/org/apache/lucene/lucene-core/4.6.1/lucene-core-4.6.1.jar:/Users/bhwang/.m2/repository/org/apache/lucene/lucene-analyzers-common/4.6.1/lucene-analyzers-common-4.6.1.jar:/Users/bhwang/.m2/repository/org/apache/lucene/lucene-codecs/4.6.1/lucene-codecs-4.6.1.jar:/Users/bhwang/.m2/repository/org/apache/lucene/lucene-queries/4.6.1/lucene-queries-4.6.1.jar:/Users/bhwang/.m2/repository/org/apache/lucene/lucene-memory/4.6.1/lucene-memory-4.6.1.jar:/Users/bhwang/.m2/repository/org/apache/lucene/lucene-highlighter/4.6.1/lucene-highlighter-4.6.1.jar:/Users/bhwang/.m2/repository/org/apache/lucene/lucene-queryparser/4.6.1/lucene-queryparser-4.6.1.jar:/Users/bhwang/.m2/repository/org/apache/lucene/lucene-sandbox/4.6.1/lucene-sandbox-4.6.1.jar:/Users/bhwang/.m2/repository/org/apache/lucene/lucene-suggest/4.6.1/lucene-suggest-4.6.1.jar:/Users/bhwang/.m2/repository/org/apache/lucene/lucene-misc/4.6.1/lucene-misc-4.6.1.jar:/Users/bhwang/.m2/repository/org/apache/lucene/lucene-join/4.6.1/lucene-join-4.6.1.jar:/Users/bhwang/.m2/repository/org/apache/lucene/lucene-grouping/4.6.1/lucene-grouping-4.6.1.jar:/Users/bhwang/.m2/repository/org/apache/lucene/lucene-spatial/4.6.1/lucene-spatial-4.6.1.jar:/Users/bhwang/.m2/repository/com/spatial4j/spatial4j/0.3/spatial4j-0.3.jar:/Users/bhwang/.m2/repository/com/vividsolutions/jts/1.12/jts-1.12.jar:/Users/bhwang/.m2/repository/com/google/guava/guava/16.0/guava-16.0.jar:/Users/bhwang/.m2/repository/com/carrotsearch/hppc/0.5.3/hppc-0.5.3.jar:/Users/bhwang/.m2/repository/joda-time/joda-time/2.3/joda-time-2.3.jar:/Users/bhwang/.m2/repository/org/joda/joda-convert/1.2/joda-convert-1.2.jar:/Users/bhwang/.m2/repository/org/mvel/mvel2/2.1.5.Final/mvel2-2.1.5.Final.jar:/Users/bhwang/.m2/repository/com/fasterxml/jackson/core/jackson-core/2.3.0/jackson-core-2.3.0.jar:/Users/bhwang/.m2/repository/com/fasterxml/jackson/dataformat/jackson-dataformat-smile/2.3.0/jackson-dataformat-smile-2.3.0.jar:/Users/bhwang/.m2/repository/com/fasterxml/jackson/dataformat/jackson-dataformat-yaml/2.3.0/jackson-dataformat-yaml-2.3.0.jar:/Users/bhwang/.m2/repository/io/netty/netty/3.9.0.Final/netty-3.9.0.Final.jar:/Users/bhwang/.m2/repository/com/ning/compress-lzf/0.9.6/compress-lzf-0.9.6.jar:/Users/bhwang/.m2/repository/log4j/log4j/1.2.17/log4j-1.2.17.jar:/Users/bhwang/.m2/repository/org/slf4j/slf4j-api/1.6.2/slf4j-api-1.6.2.jar:/Users/bhwang/.m2/repository/net/java/dev/jna/jna/3.3.0/jna-3.3.0.jar:/Users/bhwang/.m2/repository/org/fusesource/sigar/1.6.4/sigar-1.6.4.jar:/Users/bhwang/.m2/repository/com/carrotsearch/randomizedtesting/junit4-ant/2.0.15/junit4-ant-2.0.15.jar"/>
      <property name="java.class.version" value="51.0"/>
      <property name="java.endorsed.dirs" value="/Library/Java/JavaVirtualMachines/jdk1.7.0_45.jdk/Contents/Home/jre/lib/endorsed"/>
      <property name="java.ext.dirs" value="/Users/bhwang/Library/Java/Extensions:/Library/Java/JavaVirtualMachines/jdk1.7.0_45.jdk/Contents/Home/jre/lib/ext:/Library/Java/Extensions:/Network/Library/Java/Extensions:/System/Library/Java/Extensions:/usr/lib/java"/>
      <property name="java.home" value="/Library/Java/JavaVirtualMachines/jdk1.7.0_45.jdk/Contents/Home/jre"/>
      <property name="java.io.tmpdir" value="."/>
      <property name="java.library.path" value="/Users/bhwang/Library/Java/Extensions:/Library/Java/Extensions:/Network/Library/Java/Extensions:/System/Library/Java/Extensions:/usr/lib/java:."/>
      <property name="java.runtime.name" value="Java(TM) SE Runtime Environment"/>
      <property name="java.runtime.version" value="1.7.0_45-b18"/>
      <property name="java.security.policy" value="/Users/bhwang/elasticsearch/dev-tools/tests.policy"/>
      <property name="java.specification.name" value="Java Platform API Specification"/>
      <property name="java.specification.vendor" value="Oracle Corporation"/>
      <property name="java.specification.version" value="1.7"/>
      <property name="java.vendor" value="Oracle Corporation"/>
      <property name="java.vendor.url" value="http://java.oracle.com/"/>
      <property name="java.vendor.url.bug" value="http://bugreport.sun.com/bugreport/"/>
      <property name="java.version" value="1.7.0_45"/>
      <property name="java.vm.info" value="mixed mode"/>
      <property name="java.vm.name" value="Java HotSpot(TM) 64-Bit Server VM"/>
      <property name="java.vm.specification.name" value="Java Virtual Machine Specification"/>
      <property name="java.vm.specification.vendor" value="Oracle Corporation"/>
      <property name="java.vm.specification.version" value="1.7"/>
      <property name="java.vm.vendor" value="Oracle Corporation"/>
      <property name="java.vm.version" value="24.45-b08"/>
      <property name="junit4.childvm.cwd" value="/Users/bhwang/elasticsearch/target/J0"/>
      <property name="junit4.childvm.id" value="0"/>
      <property name="junit4.memory.total" value="128974848"/>
      <property name="junit4.pidString" value="6815@Bills-MacBook-Pro.local"/>
      <property name="junit4.processors" value="4"/>
      <property name="junit4.tempDir" value="/Users/bhwang/elasticsearch/target"/>
      <property name="line.separator" value="
"/>
      <property name="os.arch" value="x86_64"/>
      <property name="os.name" value="Mac OS X"/>
      <property name="os.version" value="10.9.1"/>
      <property name="path.separator" value=":"/>
      <property name="socksNonProxyHosts" value="local|*.local|169.254/16|*.169.254/16"/>
      <property name="sun.arch.data.model" value="64"/>
      <property name="sun.boot.class.path" value="/Library/Java/JavaVirtualMachines/jdk1.7.0_45.jdk/Contents/Home/jre/lib/resources.jar:/Library/Java/JavaVirtualMachines/jdk1.7.0_45.jdk/Contents/Home/jre/lib/rt.jar:/Library/Java/JavaVirtualMachines/jdk1.7.0_45.jdk/Contents/Home/jre/lib/sunrsasign.jar:/Library/Java/JavaVirtualMachines/jdk1.7.0_45.jdk/Contents/Home/jre/lib/jsse.jar:/Library/Java/JavaVirtualMachines/jdk1.7.0_45.jdk/Contents/Home/jre/lib/jce.jar:/Library/Java/JavaVirtualMachines/jdk1.7.0_45.jdk/Contents/Home/jre/lib/charsets.jar:/Library/Java/JavaVirtualMachines/jdk1.7.0_45.jdk/Contents/Home/jre/lib/jfr.jar:/Library/Java/JavaVirtualMachines/jdk1.7.0_45.jdk/Contents/Home/jre/lib/JObjC.jar:/Library/Java/JavaVirtualMachines/jdk1.7.0_45.jdk/Contents/Home/jre/classes"/>
      <property name="sun.boot.library.path" value="/Library/Java/JavaVirtualMachines/jdk1.7.0_45.jdk/Contents/Home/jre/lib"/>
      <property name="sun.cpu.endian" value="little"/>
      <property name="sun.cpu.isalist" value=""/>
      <property name="sun.io.unicode.encoding" value="UnicodeBig"/>
      <property name="sun.java.command" value="com.carrotsearch.ant.tasks.junit4.slave.SlaveMainSafe -flush -eventsfile /Users/bhwang/elasticsearch/target/junit4-J0-20140218_153326_767.events @/Users/bhwang/elasticsearch/target/junit4-J0-20140218_153326_767.suites -stdin"/>
      <property name="sun.java.launcher" value="SUN_STANDARD"/>
      <property name="sun.jnu.encoding" value="UTF-8"/>
      <property name="sun.management.compiler" value="HotSpot 64-Bit Tiered Compilers"/>
      <property name="sun.os.patch.level" value="unknown"/>
      <property name="tests.appendseed" value=""/>
      <property name="tests.assertion.disabled" value=""/>
      <property name="tests.awaitsfix" value=""/>
      <property name="tests.badapples" value=""/>
      <property name="tests.class" value=""/>
      <property name="tests.client.ratio" value=""/>
      <property name="tests.cluster_seed" value=""/>
      <property name="tests.enable_mock_modules" value=""/>
      <property name="tests.failfast" value=""/>
      <property name="tests.integration" value=""/>
      <property name="tests.iters" value=""/>
      <property name="tests.jvm.argline" value=""/>
      <property name="tests.maxfailures" value=""/>
      <property name="tests.method" value=""/>
      <property name="tests.network" value=""/>
      <property name="tests.nightly" value=""/>
      <property name="tests.prefix" value="tests"/>
      <property name="tests.rest" value=""/>
      <property name="tests.rest.spec" value=""/>
      <property name="tests.rest.suite" value=""/>
      <property name="tests.security.manager" value=""/>
      <property name="tests.seed" value="A89B4FF56754358E"/>
      <property name="tests.showSuccess" value=""/>
      <property name="tests.slow" value=""/>
      <property name="tests.timeoutSuite" value=""/>
      <property name="tests.weekly" value=""/>
      <property name="user.country" value="US"/>
      <property name="user.dir" value="/Users/bhwang/elasticsearch/target/J0"/>
      <property name="user.home" value="/Users/bhwang"/>
      <property name="user.language" value="en"/>
      <property name="user.name" value="bhwang"/>
      <property name="user.timezone" value=""/>
   </properties>
   <testcase classname="org.elasticsearch.recovery.RecoveryWhileUnderLoadTests" name="recoverWhileUnderLoadAllocateBackupsTest" time="21.209"/>
   <testcase classname="org.elasticsearch.recovery.RecoveryWhileUnderLoadTests" name="recoverWhileRelocating" time="13.805"/>
   <testcase classname="org.elasticsearch.recovery.RecoveryWhileUnderLoadTests" name="recoverWhileUnderLoadAllocateBackupsRelocatePrimariesTest" time="9.089"/>
   <testcase classname="org.elasticsearch.recovery.RecoveryWhileUnderLoadTests" name="recoverWhileUnderLoadWithNodeShutdown" time="18.552"/>
   <system-out><![CDATA[[2014-02-18 16:10:42,838][INFO ][test                     ] Test recoverWhileUnderLoadAllocateBackupsTest(org.elasticsearch.recovery.RecoveryWhileUnderLoadTests) started
[2014-02-18 16:10:42,840][INFO ][node                     ] [node_0] stopping ...
[2014-02-18 16:10:42,845][INFO ][node                     ] [node_0] stopped
[2014-02-18 16:10:42,845][INFO ][node                     ] [node_0] closing ...
[2014-02-18 16:10:42,846][INFO ][node                     ] [node_0] closed
[2014-02-18 16:10:42,850][INFO ][recovery                 ] [RecoveryWhileUnderLoadTests#recoverWhileUnderLoadAllocateBackupsTest]: before test
[2014-02-18 16:10:42,850][INFO ][recovery                 ] --> creating test index ...
[2014-02-18 16:10:42,860][INFO ][cluster.metadata         ] [node_0] [test] creating index, cause [api], shards [5]/[1], mappings []
[2014-02-18 16:10:42,933][INFO ][recovery                 ] --> starting 5 indexing threads
[2014-02-18 16:10:42,935][INFO ][recovery                 ] **** starting indexing thread 0
[2014-02-18 16:10:42,936][INFO ][recovery                 ] **** starting indexing thread 2
[2014-02-18 16:10:42,935][INFO ][recovery                 ] **** starting indexing thread 1
[2014-02-18 16:10:42,937][INFO ][recovery                 ] **** starting indexing thread 3
[2014-02-18 16:10:42,938][INFO ][recovery                 ] --> waiting for 2000 docs to be indexed ...
[2014-02-18 16:10:42,939][INFO ][recovery                 ] **** starting indexing thread 4
[2014-02-18 16:10:42,956][INFO ][cluster.metadata         ] [node_0] [test] update_mapping [type1] (dynamic)
[2014-02-18 16:10:43,985][INFO ][recovery                 ] --> 2000 docs indexed
[2014-02-18 16:10:43,986][INFO ][recovery                 ] --> flushing the index ....
[2014-02-18 16:10:45,030][INFO ][recovery                 ] --> waiting for 4000 docs to be indexed ...
[2014-02-18 16:10:45,031][INFO ][recovery                 ] --> 4000 docs indexed
[2014-02-18 16:10:45,031][INFO ][recovery                 ] --> allow 2 nodes for index [test] ...
[2014-02-18 16:10:45,072][INFO ][recovery                 ] --> waiting for GREEN health status ...
[2014-02-18 16:10:46,878][INFO ][recovery                 ] --> waiting for 10000 docs to be indexed ...
[2014-02-18 16:11:03,287][INFO ][recovery                 ] --> 10000 docs indexed
[2014-02-18 16:11:03,287][INFO ][recovery                 ] --> marking and waiting for indexing threads to stop ...
[2014-02-18 16:11:03,288][INFO ][recovery                 ] **** done indexing thread 2
[2014-02-18 16:11:03,290][INFO ][recovery                 ] **** done indexing thread 4
[2014-02-18 16:11:03,339][INFO ][recovery                 ] **** done indexing thread 3
[2014-02-18 16:11:03,396][INFO ][recovery                 ] **** done indexing thread 1
[2014-02-18 16:11:03,616][INFO ][recovery                 ] **** done indexing thread 0
[2014-02-18 16:11:03,616][INFO ][recovery                 ] --> indexing threads stopped
[2014-02-18 16:11:03,617][INFO ][recovery                 ] --> refreshing the index
[2014-02-18 16:11:03,618][TRACE][action.admin.indices.refresh] [node_2] [test][4] refresh request executed, force: [true]
[2014-02-18 16:11:03,619][TRACE][action.admin.indices.refresh] [node_1] [test][0] refresh request executed, force: [true]
[2014-02-18 16:11:03,620][TRACE][action.admin.indices.refresh] [node_2] [test][3] refresh request executed, force: [true]
[2014-02-18 16:11:03,620][TRACE][action.admin.indices.refresh] [node_2] [test][1] refresh request executed, force: [true]
[2014-02-18 16:11:03,648][TRACE][action.admin.indices.refresh] [node_2] [test][2] refresh request executed, force: [true]
[2014-02-18 16:11:03,650][TRACE][action.admin.indices.refresh] [node_1] [test][1] refresh request executed, force: [true]
[2014-02-18 16:11:03,682][TRACE][action.admin.indices.refresh] [node_2] [test][0] refresh request executed, force: [true]
[2014-02-18 16:11:03,682][TRACE][action.admin.indices.refresh] [node_1] [test][4] refresh request executed, force: [true]
[2014-02-18 16:11:03,807][TRACE][action.admin.indices.refresh] [node_1] [test][2] refresh request executed, force: [true]
[2014-02-18 16:11:03,821][TRACE][action.admin.indices.refresh] [node_1] [test][3] refresh request executed, force: [true]
[2014-02-18 16:11:03,822][INFO ][recovery                 ] --> verifying indexed content
[2014-02-18 16:11:03,824][TRACE][action.search.type       ] [node_1] Moving to second phase, based on results from: [q75XUfcITqG3o93Z8EOFnw][test][4],[t8Mqv-hjRzqYCBodDxtrKQ][test][3],[t8Mqv-hjRzqYCBodDxtrKQ][test][2],[q75XUfcITqG3o93Z8EOFnw][test][0],[q75XUfcITqG3o93Z8EOFnw][test][1] (cluster state version: 10638)
[2014-02-18 16:11:03,824][INFO ][recovery                 ] iteration [0] - successful shards: 5 (expected 5)
[2014-02-18 16:11:03,825][INFO ][recovery                 ] iteration [0] - failed shards: 0 (expected 0)
[2014-02-18 16:11:03,825][INFO ][recovery                 ] iteration [0] - returned documents: 17678 (expected 17678)
[2014-02-18 16:11:03,826][TRACE][action.search.type       ] [node_0] Moving to second phase, based on results from: [t8Mqv-hjRzqYCBodDxtrKQ][test][4],[q75XUfcITqG3o93Z8EOFnw][test][3],[t8Mqv-hjRzqYCBodDxtrKQ][test][2],[q75XUfcITqG3o93Z8EOFnw][test][0],[t8Mqv-hjRzqYCBodDxtrKQ][test][1] (cluster state version: 10638)
[2014-02-18 16:11:03,827][INFO ][recovery                 ] iteration [1] - successful shards: 5 (expected 5)
[2014-02-18 16:11:03,827][INFO ][recovery                 ] iteration [1] - failed shards: 0 (expected 0)
[2014-02-18 16:11:03,827][INFO ][recovery                 ] iteration [1] - returned documents: 17678 (expected 17678)
[2014-02-18 16:11:03,828][TRACE][action.search.type       ] [node_2] Moving to second phase, based on results from: [q75XUfcITqG3o93Z8EOFnw][test][4],[t8Mqv-hjRzqYCBodDxtrKQ][test][3],[q75XUfcITqG3o93Z8EOFnw][test][2],[t8Mqv-hjRzqYCBodDxtrKQ][test][0],[q75XUfcITqG3o93Z8EOFnw][test][1] (cluster state version: 10638)
[2014-02-18 16:11:03,828][INFO ][recovery                 ] iteration [2] - successful shards: 5 (expected 5)
[2014-02-18 16:11:03,829][INFO ][recovery                 ] iteration [2] - failed shards: 0 (expected 0)
[2014-02-18 16:11:03,829][INFO ][recovery                 ] iteration [2] - returned documents: 17678 (expected 17678)
[2014-02-18 16:11:03,830][TRACE][action.search.type       ] [node_2] Moving to second phase, based on results from: [t8Mqv-hjRzqYCBodDxtrKQ][test][4],[q75XUfcITqG3o93Z8EOFnw][test][3],[t8Mqv-hjRzqYCBodDxtrKQ][test][2],[q75XUfcITqG3o93Z8EOFnw][test][0],[t8Mqv-hjRzqYCBodDxtrKQ][test][1] (cluster state version: 10638)
[2014-02-18 16:11:03,830][INFO ][recovery                 ] iteration [3] - successful shards: 5 (expected 5)
[2014-02-18 16:11:03,830][INFO ][recovery                 ] iteration [3] - failed shards: 0 (expected 0)
[2014-02-18 16:11:03,830][INFO ][recovery                 ] iteration [3] - returned documents: 17678 (expected 17678)
[2014-02-18 16:11:03,831][TRACE][action.search.type       ] [node_0] Moving to second phase, based on results from: [q75XUfcITqG3o93Z8EOFnw][test][4],[t8Mqv-hjRzqYCBodDxtrKQ][test][3],[q75XUfcITqG3o93Z8EOFnw][test][2],[t8Mqv-hjRzqYCBodDxtrKQ][test][0],[q75XUfcITqG3o93Z8EOFnw][test][1] (cluster state version: 10638)
[2014-02-18 16:11:03,831][INFO ][recovery                 ] iteration [4] - successful shards: 5 (expected 5)
[2014-02-18 16:11:03,832][INFO ][recovery                 ] iteration [4] - failed shards: 0 (expected 0)
[2014-02-18 16:11:03,832][INFO ][recovery                 ] iteration [4] - returned documents: 17678 (expected 17678)
[2014-02-18 16:11:03,833][TRACE][action.search.type       ] [node_1] Moving to second phase, based on results from: [t8Mqv-hjRzqYCBodDxtrKQ][test][4],[q75XUfcITqG3o93Z8EOFnw][test][3],[q75XUfcITqG3o93Z8EOFnw][test][2],[t8Mqv-hjRzqYCBodDxtrKQ][test][0],[t8Mqv-hjRzqYCBodDxtrKQ][test][1] (cluster state version: 10638)
[2014-02-18 16:11:03,833][INFO ][recovery                 ] iteration [5] - successful shards: 5 (expected 5)
[2014-02-18 16:11:03,833][INFO ][recovery                 ] iteration [5] - failed shards: 0 (expected 0)
[2014-02-18 16:11:03,833][INFO ][recovery                 ] iteration [5] - returned documents: 17678 (expected 17678)
[2014-02-18 16:11:03,835][TRACE][action.search.type       ] [node_0] Moving to second phase, based on results from: [t8Mqv-hjRzqYCBodDxtrKQ][test][4],[q75XUfcITqG3o93Z8EOFnw][test][3],[t8Mqv-hjRzqYCBodDxtrKQ][test][2],[q75XUfcITqG3o93Z8EOFnw][test][0],[t8Mqv-hjRzqYCBodDxtrKQ][test][1] (cluster state version: 10638)
[2014-02-18 16:11:03,835][INFO ][recovery                 ] iteration [6] - successful shards: 5 (expected 5)
[2014-02-18 16:11:03,836][INFO ][recovery                 ] iteration [6] - failed shards: 0 (expected 0)
[2014-02-18 16:11:03,836][INFO ][recovery                 ] iteration [6] - returned documents: 17678 (expected 17678)
[2014-02-18 16:11:03,837][TRACE][action.search.type       ] [node_0] Moving to second phase, based on results from: [q75XUfcITqG3o93Z8EOFnw][test][4],[t8Mqv-hjRzqYCBodDxtrKQ][test][3],[q75XUfcITqG3o93Z8EOFnw][test][2],[t8Mqv-hjRzqYCBodDxtrKQ][test][0],[q75XUfcITqG3o93Z8EOFnw][test][1] (cluster state version: 10638)
[2014-02-18 16:11:03,837][INFO ][recovery                 ] iteration [7] - successful shards: 5 (expected 5)
[2014-02-18 16:11:03,837][INFO ][recovery                 ] iteration [7] - failed shards: 0 (expected 0)
[2014-02-18 16:11:03,837][INFO ][recovery                 ] iteration [7] - returned documents: 17678 (expected 17678)
[2014-02-18 16:11:03,838][TRACE][action.search.type       ] [node_1] Moving to second phase, based on results from: [q75XUfcITqG3o93Z8EOFnw][test][4],[t8Mqv-hjRzqYCBodDxtrKQ][test][3],[t8Mqv-hjRzqYCBodDxtrKQ][test][2],[q75XUfcITqG3o93Z8EOFnw][test][0],[q75XUfcITqG3o93Z8EOFnw][test][1] (cluster state version: 10638)
[2014-02-18 16:11:03,839][INFO ][recovery                 ] iteration [8] - successful shards: 5 (expected 5)
[2014-02-18 16:11:03,839][INFO ][recovery                 ] iteration [8] - failed shards: 0 (expected 0)
[2014-02-18 16:11:03,839][INFO ][recovery                 ] iteration [8] - returned documents: 17678 (expected 17678)
[2014-02-18 16:11:03,840][TRACE][action.search.type       ] [node_2] Moving to second phase, based on results from: [q75XUfcITqG3o93Z8EOFnw][test][4],[t8Mqv-hjRzqYCBodDxtrKQ][test][3],[q75XUfcITqG3o93Z8EOFnw][test][2],[t8Mqv-hjRzqYCBodDxtrKQ][test][0],[q75XUfcITqG3o93Z8EOFnw][test][1] (cluster state version: 10638)
[2014-02-18 16:11:03,840][INFO ][recovery                 ] iteration [9] - successful shards: 5 (expected 5)
[2014-02-18 16:11:03,840][INFO ][recovery                 ] iteration [9] - failed shards: 0 (expected 0)
[2014-02-18 16:11:03,840][INFO ][recovery                 ] iteration [9] - returned documents: 17678 (expected 17678)
[2014-02-18 16:11:03,841][INFO ][recovery                 ] [RecoveryWhileUnderLoadTests#recoverWhileUnderLoadAllocateBackupsTest]: cleaning up after test
[2014-02-18 16:11:03,843][INFO ][cluster.metadata         ] [node_0] [test] deleting index
[2014-02-18 16:11:04,046][INFO ][recovery                 ] [RecoveryWhileUnderLoadTests#recoverWhileUnderLoadAllocateBackupsTest]: cleaned up after test
[2014-02-18 16:11:04,047][INFO ][test                     ] Test recoverWhileUnderLoadAllocateBackupsTest(org.elasticsearch.recovery.RecoveryWhileUnderLoadTests) finished
[2014-02-18 16:11:04,048][INFO ][test                     ] Test recoverWhileRelocating(org.elasticsearch.recovery.RecoveryWhileUnderLoadTests) started
[2014-02-18 16:11:04,063][INFO ][plugins                  ] [transport_client_node_1] loaded [], sites []
[2014-02-18 16:11:04,098][DEBUG][cluster.service          ] [node_0] processing [remove-index-template [*]]: execute
[2014-02-18 16:11:04,099][DEBUG][cluster.service          ] [node_0] processing [remove-index-template [*]]: no change in cluster_state
[2014-02-18 16:11:04,103][INFO ][plugins                  ] [transport_client_node_2] loaded [], sites []
[2014-02-18 16:11:04,141][DEBUG][cluster.service          ] [node_0] processing [create-index-template [random_index_template], cause [api]]: execute
[2014-02-18 16:11:04,142][DEBUG][cluster.service          ] [node_0] cluster state updated, version [10641], source [create-index-template [random_index_template], cause [api]]
[2014-02-18 16:11:04,142][DEBUG][cluster.service          ] [node_0] publishing cluster state version 10641
[2014-02-18 16:11:04,143][DEBUG][cluster.service          ] [node_1] processing [zen-disco-receive(from master [[node_0][tbUF3y2YTPm1TPdTF8YBYw][Bills-MacBook-Pro.local][inet[/10.1.10.75:9300]]])]: execute
[2014-02-18 16:11:04,144][DEBUG][cluster.service          ] [node_2] processing [zen-disco-receive(from master [[node_0][tbUF3y2YTPm1TPdTF8YBYw][Bills-MacBook-Pro.local][inet[/10.1.10.75:9300]]])]: execute
[2014-02-18 16:11:04,144][DEBUG][cluster.service          ] [node_1] cluster state updated, version [10641], source [zen-disco-receive(from master [[node_0][tbUF3y2YTPm1TPdTF8YBYw][Bills-MacBook-Pro.local][inet[/10.1.10.75:9300]]])]
[2014-02-18 16:11:04,144][DEBUG][cluster.service          ] [node_2] cluster state updated, version [10641], source [zen-disco-receive(from master [[node_0][tbUF3y2YTPm1TPdTF8YBYw][Bills-MacBook-Pro.local][inet[/10.1.10.75:9300]]])]
[2014-02-18 16:11:04,144][DEBUG][cluster.service          ] [node_1] set local cluster state to version 10641
[2014-02-18 16:11:04,145][DEBUG][cluster.service          ] [node_2] set local cluster state to version 10641
[2014-02-18 16:11:04,145][DEBUG][cluster.service          ] [node_1] processing [zen-disco-receive(from master [[node_0][tbUF3y2YTPm1TPdTF8YBYw][Bills-MacBook-Pro.local][inet[/10.1.10.75:9300]]])]: done applying updated cluster_state (version: 10641)
[2014-02-18 16:11:04,145][DEBUG][cluster.service          ] [node_0] set local cluster state to version 10641
[2014-02-18 16:11:04,145][DEBUG][cluster.service          ] [node_2] processing [zen-disco-receive(from master [[node_0][tbUF3y2YTPm1TPdTF8YBYw][Bills-MacBook-Pro.local][inet[/10.1.10.75:9300]]])]: done applying updated cluster_state (version: 10641)
[2014-02-18 16:11:04,146][DEBUG][cluster.service          ] [node_0] processing [create-index-template [random_index_template], cause [api]]: done applying updated cluster_state (version: 10641)
[2014-02-18 16:11:04,147][DEBUG][cluster.service          ] [node_0] processing [delete_repository [*]]: execute
[2014-02-18 16:11:04,151][INFO ][recovery                 ] [RecoveryWhileUnderLoadTests#recoverWhileRelocating]: before test
[2014-02-18 16:11:04,152][INFO ][recovery                 ] --> creating test index ...
[2014-02-18 16:11:04,152][DEBUG][cluster.service          ] [node_0] processing [create-index [test], cause [api]]: execute
[2014-02-18 16:11:04,165][INFO ][cluster.metadata         ] [node_0] [test] creating index, cause [api], shards [5]/[0], mappings []
[2014-02-18 16:11:04,166][DEBUG][cluster.service          ] [node_0] cluster state updated, version [10642], source [create-index [test], cause [api]]
[2014-02-18 16:11:04,166][DEBUG][cluster.service          ] [node_0] publishing cluster state version 10642
[2014-02-18 16:11:04,167][DEBUG][cluster.service          ] [node_1] processing [zen-disco-receive(from master [[node_0][tbUF3y2YTPm1TPdTF8YBYw][Bills-MacBook-Pro.local][inet[/10.1.10.75:9300]]])]: execute
[2014-02-18 16:11:04,167][DEBUG][cluster.service          ] [node_2] processing [zen-disco-receive(from master [[node_0][tbUF3y2YTPm1TPdTF8YBYw][Bills-MacBook-Pro.local][inet[/10.1.10.75:9300]]])]: execute
[2014-02-18 16:11:04,167][DEBUG][cluster.service          ] [node_1] cluster state updated, version [10642], source [zen-disco-receive(from master [[node_0][tbUF3y2YTPm1TPdTF8YBYw][Bills-MacBook-Pro.local][inet[/10.1.10.75:9300]]])]
[2014-02-18 16:11:04,167][DEBUG][cluster.service          ] [node_2] cluster state updated, version [10642], source [zen-disco-receive(from master [[node_0][tbUF3y2YTPm1TPdTF8YBYw][Bills-MacBook-Pro.local][inet[/10.1.10.75:9300]]])]
[2014-02-18 16:11:04,167][DEBUG][cluster.service          ] [node_1] set local cluster state to version 10642
[2014-02-18 16:11:04,168][DEBUG][cluster.service          ] [node_2] set local cluster state to version 10642
[2014-02-18 16:11:04,200][DEBUG][cluster.service          ] [node_2] processing [zen-disco-receive(from master [[node_0][tbUF3y2YTPm1TPdTF8YBYw][Bills-MacBook-Pro.local][inet[/10.1.10.75:9300]]])]: done applying updated cluster_state (version: 10642)
[2014-02-18 16:11:04,225][DEBUG][cluster.service          ] [node_1] processing [zen-disco-receive(from master [[node_0][tbUF3y2YTPm1TPdTF8YBYw][Bills-MacBook-Pro.local][inet[/10.1.10.75:9300]]])]: done applying updated cluster_state (version: 10642)
[2014-02-18 16:11:04,226][DEBUG][cluster.service          ] [node_0] set local cluster state to version 10642
[2014-02-18 16:11:04,267][DEBUG][cluster.service          ] [node_0] processing [create-index [test], cause [api]]: done applying updated cluster_state (version: 10642)
[2014-02-18 16:11:04,267][DEBUG][cluster.service          ] [node_0] processing [shard-started ([test][1], node[q75XUfcITqG3o93Z8EOFnw], [P], s[INITIALIZING]), reason [after recovery from gateway]]: execute
[2014-02-18 16:11:04,268][DEBUG][cluster.service          ] [node_0] cluster state updated, version [10643], source [shard-started ([test][1], node[q75XUfcITqG3o93Z8EOFnw], [P], s[INITIALIZING]), reason [after recovery from gateway]]
[2014-02-18 16:11:04,268][DEBUG][cluster.service          ] [node_0] publishing cluster state version 10643
[2014-02-18 16:11:04,270][DEBUG][cluster.service          ] [node_2] processing [zen-disco-receive(from master [[node_0][tbUF3y2YTPm1TPdTF8YBYw][Bills-MacBook-Pro.local][inet[/10.1.10.75:9300]]])]: execute
[2014-02-18 16:11:04,270][DEBUG][cluster.service          ] [node_2] cluster state updated, version [10643], source [zen-disco-receive(from master [[node_0][tbUF3y2YTPm1TPdTF8YBYw][Bills-MacBook-Pro.local][inet[/10.1.10.75:9300]]])]
[2014-02-18 16:11:04,270][DEBUG][cluster.service          ] [node_2] set local cluster state to version 10643
[2014-02-18 16:11:04,272][DEBUG][cluster.service          ] [node_2] processing [zen-disco-receive(from master [[node_0][tbUF3y2YTPm1TPdTF8YBYw][Bills-MacBook-Pro.local][inet[/10.1.10.75:9300]]])]: done applying updated cluster_state (version: 10643)
[2014-02-18 16:11:04,274][DEBUG][cluster.service          ] [node_1] processing [zen-disco-receive(from master [[node_0][tbUF3y2YTPm1TPdTF8YBYw][Bills-MacBook-Pro.local][inet[/10.1.10.75:9300]]])]: execute
[2014-02-18 16:11:04,274][INFO ][recovery                 ] --> starting 4 indexing threads
[2014-02-18 16:11:04,275][DEBUG][cluster.service          ] [node_1] cluster state updated, version [10643], source [zen-disco-receive(from master [[node_0][tbUF3y2YTPm1TPdTF8YBYw][Bills-MacBook-Pro.local][inet[/10.1.10.75:9300]]])]
[2014-02-18 16:11:04,277][DEBUG][cluster.service          ] [node_1] set local cluster state to version 10643
[2014-02-18 16:11:04,281][INFO ][recovery                 ] **** starting indexing thread 0
[2014-02-18 16:11:04,281][DEBUG][cluster.service          ] [node_1] processing [zen-disco-receive(from master [[node_0][tbUF3y2YTPm1TPdTF8YBYw][Bills-MacBook-Pro.local][inet[/10.1.10.75:9300]]])]: done applying updated cluster_state (version: 10643)
[2014-02-18 16:11:04,281][INFO ][recovery                 ] **** starting indexing thread 1
[2014-02-18 16:11:04,281][DEBUG][cluster.service          ] [node_0] set local cluster state to version 10643
[2014-02-18 16:11:04,282][TRACE][action.index             ] [node_2] Sending mapping updated to master: index [test], indexUUID [kwvsbXOqSAap1mnKXKeJyw], type [type1] and source [{"type1":{"properties":{"test":{"type":"string"}}}}]
[2014-02-18 16:11:04,282][INFO ][recovery                 ] **** starting indexing thread 3
[2014-02-18 16:11:04,281][INFO ][recovery                 ] **** starting indexing thread 2
[2014-02-18 16:11:04,287][TRACE][action.index             ] [node_1] Sending mapping updated to master: index [test], indexUUID [kwvsbXOqSAap1mnKXKeJyw], type [type1] and source [{"type1":{"properties":{"test":{"type":"string"}}}}]
[2014-02-18 16:11:04,289][TRACE][action.index             ] [node_1] primary shard [[test][2]] is not yet active or we do not know the node it is assigned to [tbUF3y2YTPm1TPdTF8YBYw], scheduling a retry.
[2014-02-18 16:11:04,286][DEBUG][cluster.service          ] [node_0] processing [shard-started ([test][1], node[q75XUfcITqG3o93Z8EOFnw], [P], s[INITIALIZING]), reason [after recovery from gateway]]: done applying updated cluster_state (version: 10643)
[2014-02-18 16:11:04,291][DEBUG][cluster.service          ] [node_0] processing [shard-started ([test][0], node[t8Mqv-hjRzqYCBodDxtrKQ], [P], s[INITIALIZING]), reason [after recovery from gateway]]: execute
[2014-02-18 16:11:04,292][DEBUG][cluster.service          ] [node_0] processing [shard-started ([test][0], node[t8Mqv-hjRzqYCBodDxtrKQ], [P], s[INITIALIZING]), reason [after recovery from gateway]]: no change in cluster_state
[2014-02-18 16:11:04,292][DEBUG][cluster.service          ] [node_0] processing [shard-started ([test][4], node[q75XUfcITqG3o93Z8EOFnw], [P], s[INITIALIZING]), reason [after recovery from gateway]]: execute
[2014-02-18 16:11:04,292][DEBUG][cluster.service          ] [node_0] processing [shard-started ([test][4], node[q75XUfcITqG3o93Z8EOFnw], [P], s[INITIALIZING]), reason [after recovery from gateway]]: no change in cluster_state
[2014-02-18 16:11:04,292][DEBUG][cluster.service          ] [node_0] processing [shard-started ([test][3], node[t8Mqv-hjRzqYCBodDxtrKQ], [P], s[INITIALIZING]), reason [after recovery from gateway]]: execute
[2014-02-18 16:11:04,292][DEBUG][cluster.service          ] [node_0] processing [shard-started ([test][3], node[t8Mqv-hjRzqYCBodDxtrKQ], [P], s[INITIALIZING]), reason [after recovery from gateway]]: no change in cluster_state
[2014-02-18 16:11:04,293][DEBUG][cluster.service          ] [node_0] processing [update-mapping [test][type1] / node [q75XUfcITqG3o93Z8EOFnw], order [177]]: execute
[2014-02-18 16:11:04,294][INFO ][cluster.metadata         ] [node_0] [test] update_mapping [type1] (dynamic)
[2014-02-18 16:11:04,294][DEBUG][cluster.service          ] [node_0] cluster state updated, version [10644], source [update-mapping [test][type1] / node [q75XUfcITqG3o93Z8EOFnw], order [177]]
[2014-02-18 16:11:04,295][DEBUG][cluster.service          ] [node_0] publishing cluster state version 10644
[2014-02-18 16:11:04,297][DEBUG][cluster.service          ] [node_2] processing [zen-disco-receive(from master [[node_0][tbUF3y2YTPm1TPdTF8YBYw][Bills-MacBook-Pro.local][inet[/10.1.10.75:9300]]])]: execute
[2014-02-18 16:11:04,297][DEBUG][cluster.service          ] [node_2] cluster state updated, version [10644], source [zen-disco-receive(from master [[node_0][tbUF3y2YTPm1TPdTF8YBYw][Bills-MacBook-Pro.local][inet[/10.1.10.75:9300]]])]
[2014-02-18 16:11:04,298][DEBUG][cluster.service          ] [node_2] set local cluster state to version 10644
[2014-02-18 16:11:04,298][DEBUG][cluster.service          ] [node_2] processing [zen-disco-receive(from master [[node_0][tbUF3y2YTPm1TPdTF8YBYw][Bills-MacBook-Pro.local][inet[/10.1.10.75:9300]]])]: done applying updated cluster_state (version: 10644)
[2014-02-18 16:11:04,299][INFO ][recovery                 ] --> waiting for 0 docs to be indexed ...
[2014-02-18 16:11:04,303][DEBUG][cluster.service          ] [node_1] processing [zen-disco-receive(from master [[node_0][tbUF3y2YTPm1TPdTF8YBYw][Bills-MacBook-Pro.local][inet[/10.1.10.75:9300]]])]: execute
[2014-02-18 16:11:04,303][DEBUG][cluster.service          ] [node_1] cluster state updated, version [10644], source [zen-disco-receive(from master [[node_0][tbUF3y2YTPm1TPdTF8YBYw][Bills-MacBook-Pro.local][inet[/10.1.10.75:9300]]])]
[2014-02-18 16:11:04,304][DEBUG][cluster.service          ] [node_1] set local cluster state to version 10644
[2014-02-18 16:11:04,304][DEBUG][cluster.service          ] [node_1] processing [zen-disco-receive(from master [[node_0][tbUF3y2YTPm1TPdTF8YBYw][Bills-MacBook-Pro.local][inet[/10.1.10.75:9300]]])]: done applying updated cluster_state (version: 10644)
[2014-02-18 16:11:04,310][TRACE][action.index             ] [node_0] primary shard [[test][2]] is not yet active or we do not know the node it is assigned to [tbUF3y2YTPm1TPdTF8YBYw], scheduling a retry.
[2014-02-18 16:11:04,310][TRACE][action.index             ] [node_2] primary shard [[test][2]] is not yet active or we do not know the node it is assigned to [tbUF3y2YTPm1TPdTF8YBYw], scheduling a retry.
[2014-02-18 16:11:04,310][TRACE][action.index             ] [node_0] primary shard [[test][2]] is not yet active or we do not know the node it is assigned to [tbUF3y2YTPm1TPdTF8YBYw], scheduling a retry.
[2014-02-18 16:11:04,305][DEBUG][cluster.service          ] [node_0] set local cluster state to version 10644
[2014-02-18 16:11:04,312][TRACE][action.index             ] [node_1] state change while we were trying to add listener, trying to start again, sampled_version [10643], current_version [10644]
[2014-02-18 16:11:04,312][TRACE][action.index             ] [node_1] primary shard [[test][2]] is not yet active or we do not know the node it is assigned to [tbUF3y2YTPm1TPdTF8YBYw], scheduling a retry.
[2014-02-18 16:11:04,312][TRACE][action.index             ] [node_1] retry scheduling ignored as it as we already have a listener in place
[2014-02-18 16:11:04,320][DEBUG][cluster.service          ] [node_0] processing [update-mapping [test][type1] / node [q75XUfcITqG3o93Z8EOFnw], order [177]]: done applying updated cluster_state (version: 10644)
[2014-02-18 16:11:04,321][DEBUG][cluster.service          ] [node_0] processing [shard-started ([test][2], node[tbUF3y2YTPm1TPdTF8YBYw], [P], s[INITIALIZING]), reason [after recovery from gateway]]: execute
[2014-02-18 16:11:04,321][DEBUG][cluster.service          ] [node_0] cluster state updated, version [10645], source [shard-started ([test][2], node[tbUF3y2YTPm1TPdTF8YBYw], [P], s[INITIALIZING]), reason [after recovery from gateway]]
[2014-02-18 16:11:04,321][DEBUG][cluster.service          ] [node_0] publishing cluster state version 10645
[2014-02-18 16:11:04,322][DEBUG][cluster.service          ] [node_2] processing [zen-disco-receive(from master [[node_0][tbUF3y2YTPm1TPdTF8YBYw][Bills-MacBook-Pro.local][inet[/10.1.10.75:9300]]])]: execute
[2014-02-18 16:11:04,322][DEBUG][cluster.service          ] [node_1] processing [zen-disco-receive(from master [[node_0][tbUF3y2YTPm1TPdTF8YBYw][Bills-MacBook-Pro.local][inet[/10.1.10.75:9300]]])]: execute
[2014-02-18 16:11:04,322][DEBUG][cluster.service          ] [node_1] cluster state updated, version [10645], source [zen-disco-receive(from master [[node_0][tbUF3y2YTPm1TPdTF8YBYw][Bills-MacBook-Pro.local][inet[/10.1.10.75:9300]]])]
[2014-02-18 16:11:04,323][DEBUG][cluster.service          ] [node_1] set local cluster state to version 10645
[2014-02-18 16:11:04,323][TRACE][action.index             ] [node_1] cluster changed (version 10645), trying to start again
[2014-02-18 16:11:04,322][DEBUG][cluster.service          ] [node_2] cluster state updated, version [10645], source [zen-disco-receive(from master [[node_0][tbUF3y2YTPm1TPdTF8YBYw][Bills-MacBook-Pro.local][inet[/10.1.10.75:9300]]])]
[2014-02-18 16:11:04,323][DEBUG][cluster.service          ] [node_2] set local cluster state to version 10645
[2014-02-18 16:11:04,323][TRACE][action.index             ] [node_2] cluster changed (version 10645), trying to start again
[2014-02-18 16:11:04,324][DEBUG][cluster.service          ] [node_1] processing [zen-disco-receive(from master [[node_0][tbUF3y2YTPm1TPdTF8YBYw][Bills-MacBook-Pro.local][inet[/10.1.10.75:9300]]])]: done applying updated cluster_state (version: 10645)
[2014-02-18 16:11:04,325][DEBUG][cluster.service          ] [node_2] processing [zen-disco-receive(from master [[node_0][tbUF3y2YTPm1TPdTF8YBYw][Bills-MacBook-Pro.local][inet[/10.1.10.75:9300]]])]: done applying updated cluster_state (version: 10645)
[2014-02-18 16:11:04,326][TRACE][action.index             ] [node_0] primary shard [[test][2]] is not yet active or we do not know the node it is assigned to [tbUF3y2YTPm1TPdTF8YBYw], scheduling a retry.
[2014-02-18 16:11:04,326][TRACE][action.index             ] [node_0] primary shard [[test][2]] is not yet active or we do not know the node it is assigned to [tbUF3y2YTPm1TPdTF8YBYw], scheduling a retry.
[2014-02-18 16:11:04,327][DEBUG][cluster.service          ] [node_0] set local cluster state to version 10645
[2014-02-18 16:11:04,328][DEBUG][cluster.service          ] [node_0] processing [shard-started ([test][2], node[tbUF3y2YTPm1TPdTF8YBYw], [P], s[INITIALIZING]), reason [after recovery from gateway]]: done applying updated cluster_state (version: 10645)
[2014-02-18 16:11:04,328][DEBUG][cluster.service          ] [node_0] processing [update-mapping [test][type1] / node [t8Mqv-hjRzqYCBodDxtrKQ], order [556]]: execute
[2014-02-18 16:11:04,328][DEBUG][cluster.service          ] [node_0] processing [update-mapping [test][type1] / node [t8Mqv-hjRzqYCBodDxtrKQ], order [556]]: no change in cluster_state
[2014-02-18 16:11:04,329][TRACE][action.index             ] [node_0] state change while we were trying to add listener, trying to start again, sampled_version [10644], current_version [10645]
[2014-02-18 16:11:04,329][TRACE][action.index             ] [node_0] state change while we were trying to add listener, trying to start again, sampled_version [10644], current_version [10645]
[2014-02-18 16:11:04,329][TRACE][action.index             ] [node_0] state change while we were trying to add listener, trying to start again, sampled_version [10644], current_version [10645]
[2014-02-18 16:11:04,329][TRACE][action.index             ] [node_0] state change while we were trying to add listener, trying to start again, sampled_version [10644], current_version [10645]
[2014-02-18 16:11:04,329][TRACE][action.index             ] [node_0] Sending mapping updated to master: index [test], indexUUID [kwvsbXOqSAap1mnKXKeJyw], type [type1] and source [{"type1":{"properties":{"test":{"type":"string"}}}}]
[2014-02-18 16:11:04,334][DEBUG][cluster.service          ] [node_0] processing [update-mapping [test][type1] / node [tbUF3y2YTPm1TPdTF8YBYw], order [645]]: execute
[2014-02-18 16:11:04,334][DEBUG][cluster.service          ] [node_0] processing [update-mapping [test][type1] / node [tbUF3y2YTPm1TPdTF8YBYw], order [645]]: no change in cluster_state
[2014-02-18 16:11:06,465][INFO ][recovery                 ] --> 0 docs indexed
[2014-02-18 16:11:06,466][DEBUG][cluster.service          ] [node_0] processing [update-settings]: execute
[2014-02-18 16:11:06,467][DEBUG][cluster.service          ] [node_0] cluster state updated, version [10646], source [update-settings]
[2014-02-18 16:11:06,467][DEBUG][cluster.service          ] [node_0] publishing cluster state version 10646
[2014-02-18 16:11:06,468][DEBUG][cluster.service          ] [node_1] processing [zen-disco-receive(from master [[node_0][tbUF3y2YTPm1TPdTF8YBYw][Bills-MacBook-Pro.local][inet[/10.1.10.75:9300]]])]: execute
[2014-02-18 16:11:06,468][DEBUG][cluster.service          ] [node_2] processing [zen-disco-receive(from master [[node_0][tbUF3y2YTPm1TPdTF8YBYw][Bills-MacBook-Pro.local][inet[/10.1.10.75:9300]]])]: execute
[2014-02-18 16:11:06,469][DEBUG][cluster.service          ] [node_1] cluster state updated, version [10646], source [zen-disco-receive(from master [[node_0][tbUF3y2YTPm1TPdTF8YBYw][Bills-MacBook-Pro.local][inet[/10.1.10.75:9300]]])]
[2014-02-18 16:11:06,469][DEBUG][cluster.service          ] [node_1] set local cluster state to version 10646
[2014-02-18 16:11:06,469][DEBUG][cluster.service          ] [node_2] cluster state updated, version [10646], source [zen-disco-receive(from master [[node_0][tbUF3y2YTPm1TPdTF8YBYw][Bills-MacBook-Pro.local][inet[/10.1.10.75:9300]]])]
[2014-02-18 16:11:06,470][DEBUG][cluster.service          ] [node_2] set local cluster state to version 10646
[2014-02-18 16:11:06,471][DEBUG][cluster.service          ] [node_1] processing [zen-disco-receive(from master [[node_0][tbUF3y2YTPm1TPdTF8YBYw][Bills-MacBook-Pro.local][inet[/10.1.10.75:9300]]])]: done applying updated cluster_state (version: 10646)
[2014-02-18 16:11:06,507][DEBUG][cluster.service          ] [node_2] processing [zen-disco-receive(from master [[node_0][tbUF3y2YTPm1TPdTF8YBYw][Bills-MacBook-Pro.local][inet[/10.1.10.75:9300]]])]: done applying updated cluster_state (version: 10646)
[2014-02-18 16:11:06,508][DEBUG][cluster.service          ] [node_0] set local cluster state to version 10646
[2014-02-18 16:11:06,510][DEBUG][cluster.service          ] [node_0] processing [update-settings]: done applying updated cluster_state (version: 10646)
[2014-02-18 16:11:06,510][INFO ][recovery                 ] --> waiting for GREEN health status ...
[2014-02-18 16:11:06,511][DEBUG][cluster.service          ] [node_0] processing [cluster_health (wait_for_events [LANGUID])]: execute
[2014-02-18 16:11:06,511][DEBUG][cluster.service          ] [node_0] processing [cluster_health (wait_for_events [LANGUID])]: no change in cluster_state
[2014-02-18 16:11:06,512][INFO ][recovery                 ] --> waiting for 969 docs to be indexed ...
[2014-02-18 16:11:06,513][INFO ][recovery                 ] --> 969 docs indexed
[2014-02-18 16:11:06,514][DEBUG][cluster.service          ] [node_0] processing [update-settings]: execute
[2014-02-18 16:11:06,514][DEBUG][cluster.service          ] [node_0] cluster state updated, version [10647], source [update-settings]
[2014-02-18 16:11:06,515][DEBUG][cluster.service          ] [node_0] publishing cluster state version 10647
[2014-02-18 16:11:06,515][DEBUG][cluster.service          ] [node_1] processing [zen-disco-receive(from master [[node_0][tbUF3y2YTPm1TPdTF8YBYw][Bills-MacBook-Pro.local][inet[/10.1.10.75:9300]]])]: execute
[2014-02-18 16:11:06,516][DEBUG][cluster.service          ] [node_1] cluster state updated, version [10647], source [zen-disco-receive(from master [[node_0][tbUF3y2YTPm1TPdTF8YBYw][Bills-MacBook-Pro.local][inet[/10.1.10.75:9300]]])]
[2014-02-18 16:11:06,515][DEBUG][cluster.service          ] [node_2] processing [zen-disco-receive(from master [[node_0][tbUF3y2YTPm1TPdTF8YBYw][Bills-MacBook-Pro.local][inet[/10.1.10.75:9300]]])]: execute
[2014-02-18 16:11:06,516][DEBUG][cluster.service          ] [node_1] set local cluster state to version 10647
[2014-02-18 16:11:06,516][DEBUG][cluster.service          ] [node_2] cluster state updated, version [10647], source [zen-disco-receive(from master [[node_0][tbUF3y2YTPm1TPdTF8YBYw][Bills-MacBook-Pro.local][inet[/10.1.10.75:9300]]])]
[2014-02-18 16:11:06,517][DEBUG][cluster.service          ] [node_2] set local cluster state to version 10647
[2014-02-18 16:11:06,517][DEBUG][cluster.service          ] [node_1] processing [zen-disco-receive(from master [[node_0][tbUF3y2YTPm1TPdTF8YBYw][Bills-MacBook-Pro.local][inet[/10.1.10.75:9300]]])]: done applying updated cluster_state (version: 10647)
[2014-02-18 16:11:06,517][DEBUG][cluster.service          ] [node_2] processing [zen-disco-receive(from master [[node_0][tbUF3y2YTPm1TPdTF8YBYw][Bills-MacBook-Pro.local][inet[/10.1.10.75:9300]]])]: done applying updated cluster_state (version: 10647)
[2014-02-18 16:11:06,518][DEBUG][cluster.service          ] [node_0] set local cluster state to version 10647
[2014-02-18 16:11:06,518][DEBUG][cluster.service          ] [node_0] processing [update-settings]: done applying updated cluster_state (version: 10647)
[2014-02-18 16:11:06,519][INFO ][recovery                 ] --> waiting for GREEN health status ...
[2014-02-18 16:11:06,520][DEBUG][cluster.service          ] [node_0] processing [cluster_health (wait_for_events [LANGUID])]: execute
[2014-02-18 16:11:06,520][DEBUG][cluster.service          ] [node_0] processing [cluster_health (wait_for_events [LANGUID])]: no change in cluster_state
[2014-02-18 16:11:06,520][INFO ][recovery                 ] --> waiting for 1639 docs to be indexed ...
[2014-02-18 16:11:06,521][INFO ][recovery                 ] --> 1639 docs indexed
[2014-02-18 16:11:06,522][DEBUG][cluster.service          ] [node_0] processing [update-settings]: execute
[2014-02-18 16:11:06,523][DEBUG][cluster.service          ] [node_0] cluster state updated, version [10648], source [update-settings]
[2014-02-18 16:11:06,523][DEBUG][cluster.service          ] [node_0] publishing cluster state version 10648
[2014-02-18 16:11:06,524][DEBUG][cluster.service          ] [node_1] processing [zen-disco-receive(from master [[node_0][tbUF3y2YTPm1TPdTF8YBYw][Bills-MacBook-Pro.local][inet[/10.1.10.75:9300]]])]: execute
[2014-02-18 16:11:06,524][DEBUG][cluster.service          ] [node_2] processing [zen-disco-receive(from master [[node_0][tbUF3y2YTPm1TPdTF8YBYw][Bills-MacBook-Pro.local][inet[/10.1.10.75:9300]]])]: execute
[2014-02-18 16:11:06,524][DEBUG][cluster.service          ] [node_1] cluster state updated, version [10648], source [zen-disco-receive(from master [[node_0][tbUF3y2YTPm1TPdTF8YBYw][Bills-MacBook-Pro.local][inet[/10.1.10.75:9300]]])]
[2014-02-18 16:11:06,524][DEBUG][cluster.service          ] [node_2] cluster state updated, version [10648], source [zen-disco-receive(from master [[node_0][tbUF3y2YTPm1TPdTF8YBYw][Bills-MacBook-Pro.local][inet[/10.1.10.75:9300]]])]
[2014-02-18 16:11:06,525][DEBUG][cluster.service          ] [node_2] set local cluster state to version 10648
[2014-02-18 16:11:06,526][DEBUG][cluster.service          ] [node_2] processing [zen-disco-receive(from master [[node_0][tbUF3y2YTPm1TPdTF8YBYw][Bills-MacBook-Pro.local][inet[/10.1.10.75:9300]]])]: done applying updated cluster_state (version: 10648)
[2014-02-18 16:11:06,525][DEBUG][cluster.service          ] [node_1] set local cluster state to version 10648
[2014-02-18 16:11:06,526][DEBUG][cluster.service          ] [node_1] processing [zen-disco-receive(from master [[node_0][tbUF3y2YTPm1TPdTF8YBYw][Bills-MacBook-Pro.local][inet[/10.1.10.75:9300]]])]: done applying updated cluster_state (version: 10648)
[2014-02-18 16:11:06,527][DEBUG][cluster.service          ] [node_0] set local cluster state to version 10648
[2014-02-18 16:11:06,527][DEBUG][cluster.service          ] [node_0] processing [update-settings]: done applying updated cluster_state (version: 10648)
[2014-02-18 16:11:06,528][INFO ][recovery                 ] --> waiting for GREEN health status ...
[2014-02-18 16:11:06,528][DEBUG][cluster.service          ] [node_0] processing [cluster_health (wait_for_events [LANGUID])]: execute
[2014-02-18 16:11:06,529][DEBUG][cluster.service          ] [node_0] processing [cluster_health (wait_for_events [LANGUID])]: no change in cluster_state
[2014-02-18 16:11:06,529][INFO ][recovery                 ] --> waiting for 2356 docs to be indexed ...
[2014-02-18 16:11:06,530][INFO ][recovery                 ] --> 2356 docs indexed
[2014-02-18 16:11:06,531][DEBUG][cluster.service          ] [node_0] processing [update-settings]: execute
[2014-02-18 16:11:06,532][DEBUG][cluster.service          ] [node_0] cluster state updated, version [10649], source [update-settings]
[2014-02-18 16:11:06,532][DEBUG][cluster.service          ] [node_0] publishing cluster state version 10649
[2014-02-18 16:11:06,533][DEBUG][cluster.service          ] [node_2] processing [zen-disco-receive(from master [[node_0][tbUF3y2YTPm1TPdTF8YBYw][Bills-MacBook-Pro.local][inet[/10.1.10.75:9300]]])]: execute
[2014-02-18 16:11:06,533][DEBUG][cluster.service          ] [node_1] processing [zen-disco-receive(from master [[node_0][tbUF3y2YTPm1TPdTF8YBYw][Bills-MacBook-Pro.local][inet[/10.1.10.75:9300]]])]: execute
[2014-02-18 16:11:06,533][DEBUG][cluster.service          ] [node_2] cluster state updated, version [10649], source [zen-disco-receive(from master [[node_0][tbUF3y2YTPm1TPdTF8YBYw][Bills-MacBook-Pro.local][inet[/10.1.10.75:9300]]])]
[2014-02-18 16:11:06,533][DEBUG][cluster.service          ] [node_1] cluster state updated, version [10649], source [zen-disco-receive(from master [[node_0][tbUF3y2YTPm1TPdTF8YBYw][Bills-MacBook-Pro.local][inet[/10.1.10.75:9300]]])]
[2014-02-18 16:11:06,533][DEBUG][cluster.service          ] [node_2] set local cluster state to version 10649
[2014-02-18 16:11:06,533][DEBUG][cluster.service          ] [node_1] set local cluster state to version 10649
[2014-02-18 16:11:06,534][DEBUG][cluster.service          ] [node_2] processing [zen-disco-receive(from master [[node_0][tbUF3y2YTPm1TPdTF8YBYw][Bills-MacBook-Pro.local][inet[/10.1.10.75:9300]]])]: done applying updated cluster_state (version: 10649)
[2014-02-18 16:11:06,534][DEBUG][cluster.service          ] [node_1] processing [zen-disco-receive(from master [[node_0][tbUF3y2YTPm1TPdTF8YBYw][Bills-MacBook-Pro.local][inet[/10.1.10.75:9300]]])]: done applying updated cluster_state (version: 10649)
[2014-02-18 16:11:06,534][DEBUG][cluster.service          ] [node_0] set local cluster state to version 10649
[2014-02-18 16:11:06,535][DEBUG][cluster.service          ] [node_0] processing [update-settings]: done applying updated cluster_state (version: 10649)
[2014-02-18 16:11:06,536][INFO ][recovery                 ] --> waiting for GREEN health status ...
[2014-02-18 16:11:06,536][DEBUG][cluster.service          ] [node_0] processing [cluster_health (wait_for_events [LANGUID])]: execute
[2014-02-18 16:11:06,536][DEBUG][cluster.service          ] [node_0] processing [cluster_health (wait_for_events [LANGUID])]: no change in cluster_state
[2014-02-18 16:11:06,536][INFO ][recovery                 ] --> waiting for 3007 docs to be indexed ...
[2014-02-18 16:11:06,538][INFO ][recovery                 ] --> 3007 docs indexed
[2014-02-18 16:11:06,539][DEBUG][cluster.service          ] [node_0] processing [update-settings]: execute
[2014-02-18 16:11:06,539][DEBUG][cluster.service          ] [node_0] cluster state updated, version [10650], source [update-settings]
[2014-02-18 16:11:06,540][DEBUG][cluster.service          ] [node_0] publishing cluster state version 10650
[2014-02-18 16:11:06,540][DEBUG][cluster.service          ] [node_1] processing [zen-disco-receive(from master [[node_0][tbUF3y2YTPm1TPdTF8YBYw][Bills-MacBook-Pro.local][inet[/10.1.10.75:9300]]])]: execute
[2014-02-18 16:11:06,540][DEBUG][cluster.service          ] [node_2] processing [zen-disco-receive(from master [[node_0][tbUF3y2YTPm1TPdTF8YBYw][Bills-MacBook-Pro.local][inet[/10.1.10.75:9300]]])]: execute
[2014-02-18 16:11:06,541][DEBUG][cluster.service          ] [node_1] cluster state updated, version [10650], source [zen-disco-receive(from master [[node_0][tbUF3y2YTPm1TPdTF8YBYw][Bills-MacBook-Pro.local][inet[/10.1.10.75:9300]]])]
[2014-02-18 16:11:06,541][DEBUG][cluster.service          ] [node_2] cluster state updated, version [10650], source [zen-disco-receive(from master [[node_0][tbUF3y2YTPm1TPdTF8YBYw][Bills-MacBook-Pro.local][inet[/10.1.10.75:9300]]])]
[2014-02-18 16:11:06,541][DEBUG][cluster.service          ] [node_1] set local cluster state to version 10650
[2014-02-18 16:11:06,541][DEBUG][cluster.service          ] [node_2] set local cluster state to version 10650
[2014-02-18 16:11:06,542][DEBUG][cluster.service          ] [node_1] processing [zen-disco-receive(from master [[node_0][tbUF3y2YTPm1TPdTF8YBYw][Bills-MacBook-Pro.local][inet[/10.1.10.75:9300]]])]: done applying updated cluster_state (version: 10650)
[2014-02-18 16:11:06,542][DEBUG][cluster.service          ] [node_0] set local cluster state to version 10650
[2014-02-18 16:11:06,542][DEBUG][cluster.service          ] [node_2] processing [zen-disco-receive(from master [[node_0][tbUF3y2YTPm1TPdTF8YBYw][Bills-MacBook-Pro.local][inet[/10.1.10.75:9300]]])]: done applying updated cluster_state (version: 10650)
[2014-02-18 16:11:06,543][DEBUG][cluster.service          ] [node_0] processing [update-settings]: done applying updated cluster_state (version: 10650)
[2014-02-18 16:11:06,543][INFO ][recovery                 ] --> waiting for GREEN health status ...
[2014-02-18 16:11:06,543][DEBUG][cluster.service          ] [node_0] processing [cluster_health (wait_for_events [LANGUID])]: execute
[2014-02-18 16:11:06,544][DEBUG][cluster.service          ] [node_0] processing [cluster_health (wait_for_events [LANGUID])]: no change in cluster_state
[2014-02-18 16:11:06,544][INFO ][recovery                 ] --> waiting for 3117 docs to be indexed ...
[2014-02-18 16:11:06,545][INFO ][recovery                 ] --> 3117 docs indexed
[2014-02-18 16:11:06,546][DEBUG][cluster.service          ] [node_0] processing [update-settings]: execute
[2014-02-18 16:11:06,547][DEBUG][cluster.service          ] [node_0] cluster state updated, version [10651], source [update-settings]
[2014-02-18 16:11:06,547][DEBUG][cluster.service          ] [node_0] publishing cluster state version 10651
[2014-02-18 16:11:06,548][DEBUG][cluster.service          ] [node_2] processing [zen-disco-receive(from master [[node_0][tbUF3y2YTPm1TPdTF8YBYw][Bills-MacBook-Pro.local][inet[/10.1.10.75:9300]]])]: execute
[2014-02-18 16:11:06,548][DEBUG][cluster.service          ] [node_2] cluster state updated, version [10651], source [zen-disco-receive(from master [[node_0][tbUF3y2YTPm1TPdTF8YBYw][Bills-MacBook-Pro.local][inet[/10.1.10.75:9300]]])]
[2014-02-18 16:11:06,548][DEBUG][cluster.service          ] [node_2] set local cluster state to version 10651
[2014-02-18 16:11:06,549][DEBUG][cluster.service          ] [node_2] processing [zen-disco-receive(from master [[node_0][tbUF3y2YTPm1TPdTF8YBYw][Bills-MacBook-Pro.local][inet[/10.1.10.75:9300]]])]: done applying updated cluster_state (version: 10651)
[2014-02-18 16:11:06,549][DEBUG][cluster.service          ] [node_1] processing [zen-disco-receive(from master [[node_0][tbUF3y2YTPm1TPdTF8YBYw][Bills-MacBook-Pro.local][inet[/10.1.10.75:9300]]])]: execute
[2014-02-18 16:11:06,550][DEBUG][cluster.service          ] [node_1] cluster state updated, version [10651], source [zen-disco-receive(from master [[node_0][tbUF3y2YTPm1TPdTF8YBYw][Bills-MacBook-Pro.local][inet[/10.1.10.75:9300]]])]
[2014-02-18 16:11:06,550][DEBUG][cluster.service          ] [node_1] set local cluster state to version 10651
[2014-02-18 16:11:06,551][DEBUG][cluster.service          ] [node_1] processing [zen-disco-receive(from master [[node_0][tbUF3y2YTPm1TPdTF8YBYw][Bills-MacBook-Pro.local][inet[/10.1.10.75:9300]]])]: done applying updated cluster_state (version: 10651)
[2014-02-18 16:11:06,552][DEBUG][cluster.service          ] [node_0] set local cluster state to version 10651
[2014-02-18 16:11:06,553][DEBUG][cluster.service          ] [node_0] processing [update-settings]: done applying updated cluster_state (version: 10651)
[2014-02-18 16:11:06,554][INFO ][recovery                 ] --> waiting for GREEN health status ...
[2014-02-18 16:11:06,554][DEBUG][cluster.service          ] [node_0] processing [cluster_health (wait_for_events [LANGUID])]: execute
[2014-02-18 16:11:06,555][DEBUG][cluster.service          ] [node_0] processing [cluster_health (wait_for_events [LANGUID])]: no change in cluster_state
[2014-02-18 16:11:06,555][INFO ][recovery                 ] --> waiting for 3450 docs to be indexed ...
[2014-02-18 16:11:06,557][INFO ][recovery                 ] --> 3450 docs indexed
[2014-02-18 16:11:06,558][DEBUG][cluster.service          ] [node_0] processing [update-settings]: execute
[2014-02-18 16:11:06,558][DEBUG][cluster.service          ] [node_0] cluster state updated, version [10652], source [update-settings]
[2014-02-18 16:11:06,558][DEBUG][cluster.service          ] [node_0] publishing cluster state version 10652
[2014-02-18 16:11:06,559][DEBUG][cluster.service          ] [node_2] processing [zen-disco-receive(from master [[node_0][tbUF3y2YTPm1TPdTF8YBYw][Bills-MacBook-Pro.local][inet[/10.1.10.75:9300]]])]: execute
[2014-02-18 16:11:06,559][DEBUG][cluster.service          ] [node_2] cluster state updated, version [10652], source [zen-disco-receive(from master [[node_0][tbUF3y2YTPm1TPdTF8YBYw][Bills-MacBook-Pro.local][inet[/10.1.10.75:9300]]])]
[2014-02-18 16:11:06,560][DEBUG][cluster.service          ] [node_2] set local cluster state to version 10652
[2014-02-18 16:11:06,561][DEBUG][cluster.service          ] [node_1] processing [zen-disco-receive(from master [[node_0][tbUF3y2YTPm1TPdTF8YBYw][Bills-MacBook-Pro.local][inet[/10.1.10.75:9300]]])]: execute
[2014-02-18 16:11:06,561][DEBUG][cluster.service          ] [node_2] processing [zen-disco-receive(from master [[node_0][tbUF3y2YTPm1TPdTF8YBYw][Bills-MacBook-Pro.local][inet[/10.1.10.75:9300]]])]: done applying updated cluster_state (version: 10652)
[2014-02-18 16:11:06,561][DEBUG][cluster.service          ] [node_1] cluster state updated, version [10652], source [zen-disco-receive(from master [[node_0][tbUF3y2YTPm1TPdTF8YBYw][Bills-MacBook-Pro.local][inet[/10.1.10.75:9300]]])]
[2014-02-18 16:11:06,561][DEBUG][cluster.service          ] [node_1] set local cluster state to version 10652
[2014-02-18 16:11:06,563][DEBUG][cluster.service          ] [node_1] processing [zen-disco-receive(from master [[node_0][tbUF3y2YTPm1TPdTF8YBYw][Bills-MacBook-Pro.local][inet[/10.1.10.75:9300]]])]: done applying updated cluster_state (version: 10652)
[2014-02-18 16:11:06,563][DEBUG][cluster.service          ] [node_0] set local cluster state to version 10652
[2014-02-18 16:11:06,565][DEBUG][cluster.service          ] [node_0] processing [update-settings]: done applying updated cluster_state (version: 10652)
[2014-02-18 16:11:06,565][INFO ][recovery                 ] --> waiting for GREEN health status ...
[2014-02-18 16:11:06,566][DEBUG][cluster.service          ] [node_0] processing [cluster_health (wait_for_events [LANGUID])]: execute
[2014-02-18 16:11:06,566][DEBUG][cluster.service          ] [node_0] processing [cluster_health (wait_for_events [LANGUID])]: no change in cluster_state
[2014-02-18 16:11:06,567][INFO ][recovery                 ] --> waiting for 4241 docs to be indexed ...
[2014-02-18 16:11:06,569][INFO ][recovery                 ] --> 4241 docs indexed
[2014-02-18 16:11:06,570][DEBUG][cluster.service          ] [node_0] processing [update-settings]: execute
[2014-02-18 16:11:06,571][DEBUG][cluster.service          ] [node_0] cluster state updated, version [10653], source [update-settings]
[2014-02-18 16:11:06,571][DEBUG][cluster.service          ] [node_0] publishing cluster state version 10653
[2014-02-18 16:11:06,572][DEBUG][cluster.service          ] [node_2] processing [zen-disco-receive(from master [[node_0][tbUF3y2YTPm1TPdTF8YBYw][Bills-MacBook-Pro.local][inet[/10.1.10.75:9300]]])]: execute
[2014-02-18 16:11:06,572][DEBUG][cluster.service          ] [node_1] processing [zen-disco-receive(from master [[node_0][tbUF3y2YTPm1TPdTF8YBYw][Bills-MacBook-Pro.local][inet[/10.1.10.75:9300]]])]: execute
[2014-02-18 16:11:06,572][DEBUG][cluster.service          ] [node_1] cluster state updated, version [10653], source [zen-disco-receive(from master [[node_0][tbUF3y2YTPm1TPdTF8YBYw][Bills-MacBook-Pro.local][inet[/10.1.10.75:9300]]])]
[2014-02-18 16:11:06,573][DEBUG][cluster.service          ] [node_1] set local cluster state to version 10653
[2014-02-18 16:11:06,573][DEBUG][cluster.service          ] [node_1] processing [zen-disco-receive(from master [[node_0][tbUF3y2YTPm1TPdTF8YBYw][Bills-MacBook-Pro.local][inet[/10.1.10.75:9300]]])]: done applying updated cluster_state (version: 10653)
[2014-02-18 16:11:06,572][DEBUG][cluster.service          ] [node_2] cluster state updated, version [10653], source [zen-disco-receive(from master [[node_0][tbUF3y2YTPm1TPdTF8YBYw][Bills-MacBook-Pro.local][inet[/10.1.10.75:9300]]])]
[2014-02-18 16:11:06,574][DEBUG][cluster.service          ] [node_2] set local cluster state to version 10653
[2014-02-18 16:11:06,574][DEBUG][cluster.service          ] [node_2] processing [zen-disco-receive(from master [[node_0][tbUF3y2YTPm1TPdTF8YBYw][Bills-MacBook-Pro.local][inet[/10.1.10.75:9300]]])]: done applying updated cluster_state (version: 10653)
[2014-02-18 16:11:06,574][DEBUG][cluster.service          ] [node_0] set local cluster state to version 10653
[2014-02-18 16:11:06,575][DEBUG][cluster.service          ] [node_0] processing [update-settings]: done applying updated cluster_state (version: 10653)
[2014-02-18 16:11:06,575][INFO ][recovery                 ] --> waiting for GREEN health status ...
[2014-02-18 16:11:06,576][DEBUG][cluster.service          ] [node_0] processing [cluster_health (wait_for_events [LANGUID])]: execute
[2014-02-18 16:11:06,576][DEBUG][cluster.service          ] [node_0] processing [cluster_health (wait_for_events [LANGUID])]: no change in cluster_state
[2014-02-18 16:11:06,576][INFO ][recovery                 ] --> waiting for 5010 docs to be indexed ...
[2014-02-18 16:11:06,935][DEBUG][cluster.service          ] [node_0] processing [shard-started ([test][2], node[q75XUfcITqG3o93Z8EOFnw], relocating [tbUF3y2YTPm1TPdTF8YBYw], [P], s[INITIALIZING]), reason [after recovery (replica) from node [[node_0][tbUF3y2YTPm1TPdTF8YBYw][Bills-MacBook-Pro.local][inet[/10.1.10.75:9300]]]]]: execute
[2014-02-18 16:11:06,936][DEBUG][cluster.service          ] [node_0] cluster state updated, version [10654], source [shard-started ([test][2], node[q75XUfcITqG3o93Z8EOFnw], relocating [tbUF3y2YTPm1TPdTF8YBYw], [P], s[INITIALIZING]), reason [after recovery (replica) from node [[node_0][tbUF3y2YTPm1TPdTF8YBYw][Bills-MacBook-Pro.local][inet[/10.1.10.75:9300]]]]]
[2014-02-18 16:11:06,937][DEBUG][cluster.service          ] [node_0] publishing cluster state version 10654
[2014-02-18 16:11:06,938][DEBUG][cluster.service          ] [node_1] processing [zen-disco-receive(from master [[node_0][tbUF3y2YTPm1TPdTF8YBYw][Bills-MacBook-Pro.local][inet[/10.1.10.75:9300]]])]: execute
[2014-02-18 16:11:06,939][DEBUG][cluster.service          ] [node_1] cluster state updated, version [10654], source [zen-disco-receive(from master [[node_0][tbUF3y2YTPm1TPdTF8YBYw][Bills-MacBook-Pro.local][inet[/10.1.10.75:9300]]])]
[2014-02-18 16:11:06,939][DEBUG][cluster.service          ] [node_1] set local cluster state to version 10654
[2014-02-18 16:11:06,938][DEBUG][cluster.service          ] [node_2] processing [zen-disco-receive(from master [[node_0][tbUF3y2YTPm1TPdTF8YBYw][Bills-MacBook-Pro.local][inet[/10.1.10.75:9300]]])]: execute
[2014-02-18 16:11:06,940][DEBUG][cluster.service          ] [node_2] cluster state updated, version [10654], source [zen-disco-receive(from master [[node_0][tbUF3y2YTPm1TPdTF8YBYw][Bills-MacBook-Pro.local][inet[/10.1.10.75:9300]]])]
[2014-02-18 16:11:06,940][DEBUG][cluster.service          ] [node_2] set local cluster state to version 10654
[2014-02-18 16:11:06,942][DEBUG][cluster.service          ] [node_2] processing [zen-disco-receive(from master [[node_0][tbUF3y2YTPm1TPdTF8YBYw][Bills-MacBook-Pro.local][inet[/10.1.10.75:9300]]])]: done applying updated cluster_state (version: 10654)
[2014-02-18 16:11:06,952][DEBUG][cluster.service          ] [node_1] processing [zen-disco-receive(from master [[node_0][tbUF3y2YTPm1TPdTF8YBYw][Bills-MacBook-Pro.local][inet[/10.1.10.75:9300]]])]: done applying updated cluster_state (version: 10654)
[2014-02-18 16:11:06,952][DEBUG][cluster.service          ] [node_0] set local cluster state to version 10654
[2014-02-18 16:11:07,014][DEBUG][cluster.service          ] [node_0] processing [shard-started ([test][2], node[q75XUfcITqG3o93Z8EOFnw], relocating [tbUF3y2YTPm1TPdTF8YBYw], [P], s[INITIALIZING]), reason [after recovery (replica) from node [[node_0][tbUF3y2YTPm1TPdTF8YBYw][Bills-MacBook-Pro.local][inet[/10.1.10.75:9300]]]]]: done applying updated cluster_state (version: 10654)
[2014-02-18 16:11:07,045][DEBUG][cluster.service          ] [node_0] processing [shard-started ([test][0], node[q75XUfcITqG3o93Z8EOFnw], relocating [t8Mqv-hjRzqYCBodDxtrKQ], [P], s[INITIALIZING]), reason [after recovery (replica) from node [[node_1][t8Mqv-hjRzqYCBodDxtrKQ][Bills-MacBook-Pro.local][inet[/10.1.10.75:9301]]]]]: execute
[2014-02-18 16:11:07,046][DEBUG][cluster.service          ] [node_0] cluster state updated, version [10655], source [shard-started ([test][0], node[q75XUfcITqG3o93Z8EOFnw], relocating [t8Mqv-hjRzqYCBodDxtrKQ], [P], s[INITIALIZING]), reason [after recovery (replica) from node [[node_1][t8Mqv-hjRzqYCBodDxtrKQ][Bills-MacBook-Pro.local][inet[/10.1.10.75:9301]]]]]
[2014-02-18 16:11:07,046][DEBUG][cluster.service          ] [node_0] publishing cluster state version 10655
[2014-02-18 16:11:07,047][DEBUG][cluster.service          ] [node_2] processing [zen-disco-receive(from master [[node_0][tbUF3y2YTPm1TPdTF8YBYw][Bills-MacBook-Pro.local][inet[/10.1.10.75:9300]]])]: execute
[2014-02-18 16:11:07,047][DEBUG][cluster.service          ] [node_1] processing [zen-disco-receive(from master [[node_0][tbUF3y2YTPm1TPdTF8YBYw][Bills-MacBook-Pro.local][inet[/10.1.10.75:9300]]])]: execute
[2014-02-18 16:11:07,047][DEBUG][cluster.service          ] [node_2] cluster state updated, version [10655], source [zen-disco-receive(from master [[node_0][tbUF3y2YTPm1TPdTF8YBYw][Bills-MacBook-Pro.local][inet[/10.1.10.75:9300]]])]
[2014-02-18 16:11:07,048][DEBUG][cluster.service          ] [node_1] cluster state updated, version [10655], source [zen-disco-receive(from master [[node_0][tbUF3y2YTPm1TPdTF8YBYw][Bills-MacBook-Pro.local][inet[/10.1.10.75:9300]]])]
[2014-02-18 16:11:07,048][DEBUG][cluster.service          ] [node_2] set local cluster state to version 10655
[2014-02-18 16:11:07,048][DEBUG][cluster.service          ] [node_1] set local cluster state to version 10655
[2014-02-18 16:11:07,054][TRACE][action.index             ] [node_2] had an error while performing operation on primary ([test][0] CurrentState[POST_RECOVERY] operation only allowed when started/recovering, origin [PRIMARY]), scheduling a retry.
[2014-02-18 16:11:07,055][TRACE][action.index             ] [node_2] had an error while performing operation on primary ([test][0] CurrentState[POST_RECOVERY] operation only allowed when started/recovering, origin [PRIMARY]), scheduling a retry.
[2014-02-18 16:11:07,060][TRACE][action.index             ] [node_2] had an error while performing operation on primary ([test][0] CurrentState[POST_RECOVERY] operation only allowed when started/recovering, origin [PRIMARY]), scheduling a retry.
[2014-02-18 16:11:07,062][TRACE][action.index             ] [node_2] had an error while performing operation on primary ([test][0] CurrentState[POST_RECOVERY] operation only allowed when started/recovering, origin [PRIMARY]), scheduling a retry.
[2014-02-18 16:11:07,074][DEBUG][cluster.service          ] [node_1] processing [zen-disco-receive(from master [[node_0][tbUF3y2YTPm1TPdTF8YBYw][Bills-MacBook-Pro.local][inet[/10.1.10.75:9300]]])]: done applying updated cluster_state (version: 10655)
[2014-02-18 16:11:07,096][DEBUG][cluster.service          ] [node_2] processing [zen-disco-receive(from master [[node_0][tbUF3y2YTPm1TPdTF8YBYw][Bills-MacBook-Pro.local][inet[/10.1.10.75:9300]]])]: done applying updated cluster_state (version: 10655)
[2014-02-18 16:11:07,096][DEBUG][cluster.service          ] [node_0] set local cluster state to version 10655
[2014-02-18 16:11:07,098][DEBUG][cluster.service          ] [node_0] processing [shard-started ([test][0], node[q75XUfcITqG3o93Z8EOFnw], relocating [t8Mqv-hjRzqYCBodDxtrKQ], [P], s[INITIALIZING]), reason [after recovery (replica) from node [[node_1][t8Mqv-hjRzqYCBodDxtrKQ][Bills-MacBook-Pro.local][inet[/10.1.10.75:9301]]]]]: done applying updated cluster_state (version: 10655)
[2014-02-18 16:11:07,117][INFO ][recovery                 ] --> 5010 docs indexed
[2014-02-18 16:11:07,117][DEBUG][cluster.service          ] [node_0] processing [update-settings]: execute
[2014-02-18 16:11:07,118][DEBUG][cluster.service          ] [node_0] cluster state updated, version [10656], source [update-settings]
[2014-02-18 16:11:07,118][DEBUG][cluster.service          ] [node_0] publishing cluster state version 10656
[2014-02-18 16:11:07,119][DEBUG][cluster.service          ] [node_2] processing [zen-disco-receive(from master [[node_0][tbUF3y2YTPm1TPdTF8YBYw][Bills-MacBook-Pro.local][inet[/10.1.10.75:9300]]])]: execute
[2014-02-18 16:11:07,119][DEBUG][cluster.service          ] [node_1] processing [zen-disco-receive(from master [[node_0][tbUF3y2YTPm1TPdTF8YBYw][Bills-MacBook-Pro.local][inet[/10.1.10.75:9300]]])]: execute
[2014-02-18 16:11:07,119][DEBUG][cluster.service          ] [node_2] cluster state updated, version [10656], source [zen-disco-receive(from master [[node_0][tbUF3y2YTPm1TPdTF8YBYw][Bills-MacBook-Pro.local][inet[/10.1.10.75:9300]]])]
[2014-02-18 16:11:07,119][DEBUG][cluster.service          ] [node_2] set local cluster state to version 10656
[2014-02-18 16:11:07,119][DEBUG][cluster.service          ] [node_1] cluster state updated, version [10656], source [zen-disco-receive(from master [[node_0][tbUF3y2YTPm1TPdTF8YBYw][Bills-MacBook-Pro.local][inet[/10.1.10.75:9300]]])]
[2014-02-18 16:11:07,120][DEBUG][cluster.service          ] [node_1] set local cluster state to version 10656
[2014-02-18 16:11:07,121][DEBUG][cluster.service          ] [node_1] processing [zen-disco-receive(from master [[node_0][tbUF3y2YTPm1TPdTF8YBYw][Bills-MacBook-Pro.local][inet[/10.1.10.75:9300]]])]: done applying updated cluster_state (version: 10656)
[2014-02-18 16:11:07,125][TRACE][action.index             ] [node_2] cluster changed (version 10656), trying to start again
[2014-02-18 16:11:07,125][TRACE][action.index             ] [node_2] cluster changed (version 10656), trying to start again
[2014-02-18 16:11:07,125][TRACE][action.index             ] [node_2] cluster changed (version 10656), trying to start again
[2014-02-18 16:11:07,126][TRACE][action.index             ] [node_2] cluster changed (version 10656), trying to start again
[2014-02-18 16:11:07,126][DEBUG][cluster.service          ] [node_2] processing [zen-disco-receive(from master [[node_0][tbUF3y2YTPm1TPdTF8YBYw][Bills-MacBook-Pro.local][inet[/10.1.10.75:9300]]])]: done applying updated cluster_state (version: 10656)
[2014-02-18 16:11:07,126][DEBUG][cluster.service          ] [node_0] set local cluster state to version 10656
[2014-02-18 16:11:07,127][DEBUG][cluster.service          ] [node_0] processing [update-settings]: done applying updated cluster_state (version: 10656)
[2014-02-18 16:11:07,127][INFO ][recovery                 ] --> waiting for GREEN health status ...
[2014-02-18 16:11:07,128][DEBUG][cluster.service          ] [node_0] processing [cluster_health (wait_for_events [LANGUID])]: execute
[2014-02-18 16:11:07,128][DEBUG][cluster.service          ] [node_0] processing [cluster_health (wait_for_events [LANGUID])]: no change in cluster_state
[2014-02-18 16:11:07,129][INFO ][recovery                 ] --> waiting for 5631 docs to be indexed ...
[2014-02-18 16:11:07,132][INFO ][recovery                 ] --> 5631 docs indexed
[2014-02-18 16:11:07,133][DEBUG][cluster.service          ] [node_0] processing [update-settings]: execute
[2014-02-18 16:11:07,133][DEBUG][cluster.service          ] [node_0] cluster state updated, version [10657], source [update-settings]
[2014-02-18 16:11:07,134][DEBUG][cluster.service          ] [node_0] publishing cluster state version 10657
[2014-02-18 16:11:07,134][DEBUG][cluster.service          ] [node_1] processing [zen-disco-receive(from master [[node_0][tbUF3y2YTPm1TPdTF8YBYw][Bills-MacBook-Pro.local][inet[/10.1.10.75:9300]]])]: execute
[2014-02-18 16:11:07,134][DEBUG][cluster.service          ] [node_2] processing [zen-disco-receive(from master [[node_0][tbUF3y2YTPm1TPdTF8YBYw][Bills-MacBook-Pro.local][inet[/10.1.10.75:9300]]])]: execute
[2014-02-18 16:11:07,135][DEBUG][cluster.service          ] [node_2] cluster state updated, version [10657], source [zen-disco-receive(from master [[node_0][tbUF3y2YTPm1TPdTF8YBYw][Bills-MacBook-Pro.local][inet[/10.1.10.75:9300]]])]
[2014-02-18 16:11:07,135][DEBUG][cluster.service          ] [node_2] set local cluster state to version 10657
[2014-02-18 16:11:07,135][DEBUG][cluster.service          ] [node_1] cluster state updated, version [10657], source [zen-disco-receive(from master [[node_0][tbUF3y2YTPm1TPdTF8YBYw][Bills-MacBook-Pro.local][inet[/10.1.10.75:9300]]])]
[2014-02-18 16:11:07,135][DEBUG][cluster.service          ] [node_1] set local cluster state to version 10657
[2014-02-18 16:11:07,136][DEBUG][cluster.service          ] [node_2] processing [zen-disco-receive(from master [[node_0][tbUF3y2YTPm1TPdTF8YBYw][Bills-MacBook-Pro.local][inet[/10.1.10.75:9300]]])]: done applying updated cluster_state (version: 10657)
[2014-02-18 16:11:07,137][DEBUG][cluster.service          ] [node_1] processing [zen-disco-receive(from master [[node_0][tbUF3y2YTPm1TPdTF8YBYw][Bills-MacBook-Pro.local][inet[/10.1.10.75:9300]]])]: done applying updated cluster_state (version: 10657)
[2014-02-18 16:11:07,138][DEBUG][cluster.service          ] [node_0] set local cluster state to version 10657
[2014-02-18 16:11:07,139][DEBUG][cluster.service          ] [node_0] processing [update-settings]: done applying updated cluster_state (version: 10657)
[2014-02-18 16:11:07,139][INFO ][recovery                 ] --> waiting for GREEN health status ...
[2014-02-18 16:11:07,141][DEBUG][cluster.service          ] [node_0] processing [cluster_health (wait_for_events [LANGUID])]: execute
[2014-02-18 16:11:07,141][DEBUG][cluster.service          ] [node_0] processing [cluster_health (wait_for_events [LANGUID])]: no change in cluster_state
[2014-02-18 16:11:07,142][INFO ][recovery                 ] --> waiting for 5870 docs to be indexed ...
[2014-02-18 16:11:07,144][INFO ][recovery                 ] --> 5870 docs indexed
[2014-02-18 16:11:07,145][DEBUG][cluster.service          ] [node_0] processing [update-settings]: execute
[2014-02-18 16:11:07,146][DEBUG][cluster.service          ] [node_0] cluster state updated, version [10658], source [update-settings]
[2014-02-18 16:11:07,146][DEBUG][cluster.service          ] [node_0] publishing cluster state version 10658
[2014-02-18 16:11:07,147][DEBUG][cluster.service          ] [node_2] processing [zen-disco-receive(from master [[node_0][tbUF3y2YTPm1TPdTF8YBYw][Bills-MacBook-Pro.local][inet[/10.1.10.75:9300]]])]: execute
[2014-02-18 16:11:07,147][DEBUG][cluster.service          ] [node_2] cluster state updated, version [10658], source [zen-disco-receive(from master [[node_0][tbUF3y2YTPm1TPdTF8YBYw][Bills-MacBook-Pro.local][inet[/10.1.10.75:9300]]])]
[2014-02-18 16:11:07,147][DEBUG][cluster.service          ] [node_2] set local cluster state to version 10658
[2014-02-18 16:11:07,147][DEBUG][cluster.service          ] [node_1] processing [zen-disco-receive(from master [[node_0][tbUF3y2YTPm1TPdTF8YBYw][Bills-MacBook-Pro.local][inet[/10.1.10.75:9300]]])]: execute
[2014-02-18 16:11:07,148][DEBUG][cluster.service          ] [node_2] processing [zen-disco-receive(from master [[node_0][tbUF3y2YTPm1TPdTF8YBYw][Bills-MacBook-Pro.local][inet[/10.1.10.75:9300]]])]: done applying updated cluster_state (version: 10658)
[2014-02-18 16:11:07,148][DEBUG][cluster.service          ] [node_1] cluster state updated, version [10658], source [zen-disco-receive(from master [[node_0][tbUF3y2YTPm1TPdTF8YBYw][Bills-MacBook-Pro.local][inet[/10.1.10.75:9300]]])]
[2014-02-18 16:11:07,148][DEBUG][cluster.service          ] [node_1] set local cluster state to version 10658
[2014-02-18 16:11:07,149][DEBUG][cluster.service          ] [node_1] processing [zen-disco-receive(from master [[node_0][tbUF3y2YTPm1TPdTF8YBYw][Bills-MacBook-Pro.local][inet[/10.1.10.75:9300]]])]: done applying updated cluster_state (version: 10658)
[2014-02-18 16:11:07,149][DEBUG][cluster.service          ] [node_0] set local cluster state to version 10658
[2014-02-18 16:11:07,150][DEBUG][cluster.service          ] [node_0] processing [update-settings]: done applying updated cluster_state (version: 10658)
[2014-02-18 16:11:07,150][INFO ][recovery                 ] --> waiting for GREEN health status ...
[2014-02-18 16:11:07,151][DEBUG][cluster.service          ] [node_0] processing [cluster_health (wait_for_events [LANGUID])]: execute
[2014-02-18 16:11:07,151][DEBUG][cluster.service          ] [node_0] processing [cluster_health (wait_for_events [LANGUID])]: no change in cluster_state
[2014-02-18 16:11:07,151][INFO ][recovery                 ] --> waiting for 6099 docs to be indexed ...
[2014-02-18 16:11:07,153][INFO ][recovery                 ] --> 6099 docs indexed
[2014-02-18 16:11:07,153][DEBUG][cluster.service          ] [node_0] processing [update-settings]: execute
[2014-02-18 16:11:07,154][DEBUG][cluster.service          ] [node_0] cluster state updated, version [10659], source [update-settings]
[2014-02-18 16:11:07,154][DEBUG][cluster.service          ] [node_0] publishing cluster state version 10659
[2014-02-18 16:11:07,155][DEBUG][cluster.service          ] [node_1] processing [zen-disco-receive(from master [[node_0][tbUF3y2YTPm1TPdTF8YBYw][Bills-MacBook-Pro.local][inet[/10.1.10.75:9300]]])]: execute
[2014-02-18 16:11:07,155][DEBUG][cluster.service          ] [node_2] processing [zen-disco-receive(from master [[node_0][tbUF3y2YTPm1TPdTF8YBYw][Bills-MacBook-Pro.local][inet[/10.1.10.75:9300]]])]: execute
[2014-02-18 16:11:07,155][DEBUG][cluster.service          ] [node_1] cluster state updated, version [10659], source [zen-disco-receive(from master [[node_0][tbUF3y2YTPm1TPdTF8YBYw][Bills-MacBook-Pro.local][inet[/10.1.10.75:9300]]])]
[2014-02-18 16:11:07,156][DEBUG][cluster.service          ] [node_1] set local cluster state to version 10659
[2014-02-18 16:11:07,156][DEBUG][cluster.service          ] [node_2] cluster state updated, version [10659], source [zen-disco-receive(from master [[node_0][tbUF3y2YTPm1TPdTF8YBYw][Bills-MacBook-Pro.local][inet[/10.1.10.75:9300]]])]
[2014-02-18 16:11:07,156][DEBUG][cluster.service          ] [node_2] set local cluster state to version 10659
[2014-02-18 16:11:07,156][DEBUG][cluster.service          ] [node_1] processing [zen-disco-receive(from master [[node_0][tbUF3y2YTPm1TPdTF8YBYw][Bills-MacBook-Pro.local][inet[/10.1.10.75:9300]]])]: done applying updated cluster_state (version: 10659)
[2014-02-18 16:11:07,157][DEBUG][cluster.service          ] [node_2] processing [zen-disco-receive(from master [[node_0][tbUF3y2YTPm1TPdTF8YBYw][Bills-MacBook-Pro.local][inet[/10.1.10.75:9300]]])]: done applying updated cluster_state (version: 10659)
[2014-02-18 16:11:07,157][DEBUG][cluster.service          ] [node_0] set local cluster state to version 10659
[2014-02-18 16:11:07,158][DEBUG][cluster.service          ] [node_0] processing [update-settings]: done applying updated cluster_state (version: 10659)
[2014-02-18 16:11:07,158][INFO ][recovery                 ] --> waiting for GREEN health status ...
[2014-02-18 16:11:07,159][DEBUG][cluster.service          ] [node_0] processing [cluster_health (wait_for_events [LANGUID])]: execute
[2014-02-18 16:11:07,159][DEBUG][cluster.service          ] [node_0] processing [cluster_health (wait_for_events [LANGUID])]: no change in cluster_state
[2014-02-18 16:11:07,160][INFO ][recovery                 ] --> waiting for 6211 docs to be indexed ...
[2014-02-18 16:11:07,161][INFO ][recovery                 ] --> 6211 docs indexed
[2014-02-18 16:11:07,162][DEBUG][cluster.service          ] [node_0] processing [update-settings]: execute
[2014-02-18 16:11:07,162][DEBUG][cluster.service          ] [node_0] cluster state updated, version [10660], source [update-settings]
[2014-02-18 16:11:07,162][DEBUG][cluster.service          ] [node_0] publishing cluster state version 10660
[2014-02-18 16:11:07,163][DEBUG][cluster.service          ] [node_2] processing [zen-disco-receive(from master [[node_0][tbUF3y2YTPm1TPdTF8YBYw][Bills-MacBook-Pro.local][inet[/10.1.10.75:9300]]])]: execute
[2014-02-18 16:11:07,164][DEBUG][cluster.service          ] [node_1] processing [zen-disco-receive(from master [[node_0][tbUF3y2YTPm1TPdTF8YBYw][Bills-MacBook-Pro.local][inet[/10.1.10.75:9300]]])]: execute
[2014-02-18 16:11:07,164][DEBUG][cluster.service          ] [node_2] cluster state updated, version [10660], source [zen-disco-receive(from master [[node_0][tbUF3y2YTPm1TPdTF8YBYw][Bills-MacBook-Pro.local][inet[/10.1.10.75:9300]]])]
[2014-02-18 16:11:07,164][DEBUG][cluster.service          ] [node_1] cluster state updated, version [10660], source [zen-disco-receive(from master [[node_0][tbUF3y2YTPm1TPdTF8YBYw][Bills-MacBook-Pro.local][inet[/10.1.10.75:9300]]])]
[2014-02-18 16:11:07,164][DEBUG][cluster.service          ] [node_2] set local cluster state to version 10660
[2014-02-18 16:11:07,165][DEBUG][cluster.service          ] [node_1] set local cluster state to version 10660
[2014-02-18 16:11:07,165][DEBUG][cluster.service          ] [node_2] processing [zen-disco-receive(from master [[node_0][tbUF3y2YTPm1TPdTF8YBYw][Bills-MacBook-Pro.local][inet[/10.1.10.75:9300]]])]: done applying updated cluster_state (version: 10660)
[2014-02-18 16:11:07,166][DEBUG][cluster.service          ] [node_1] processing [zen-disco-receive(from master [[node_0][tbUF3y2YTPm1TPdTF8YBYw][Bills-MacBook-Pro.local][inet[/10.1.10.75:9300]]])]: done applying updated cluster_state (version: 10660)
[2014-02-18 16:11:07,167][DEBUG][cluster.service          ] [node_0] set local cluster state to version 10660
[2014-02-18 16:11:07,167][DEBUG][cluster.service          ] [node_0] processing [update-settings]: done applying updated cluster_state (version: 10660)
[2014-02-18 16:11:07,168][INFO ][recovery                 ] --> waiting for GREEN health status ...
[2014-02-18 16:11:07,168][DEBUG][cluster.service          ] [node_0] processing [cluster_health (wait_for_events [LANGUID])]: execute
[2014-02-18 16:11:07,169][DEBUG][cluster.service          ] [node_0] processing [cluster_health (wait_for_events [LANGUID])]: no change in cluster_state
[2014-02-18 16:11:07,169][INFO ][recovery                 ] --> waiting for 6630 docs to be indexed ...
[2014-02-18 16:11:07,170][INFO ][recovery                 ] --> 6630 docs indexed
[2014-02-18 16:11:07,171][DEBUG][cluster.service          ] [node_0] processing [update-settings]: execute
[2014-02-18 16:11:07,172][DEBUG][cluster.service          ] [node_0] cluster state updated, version [10661], source [update-settings]
[2014-02-18 16:11:07,172][DEBUG][cluster.service          ] [node_0] publishing cluster state version 10661
[2014-02-18 16:11:07,173][DEBUG][cluster.service          ] [node_1] processing [zen-disco-receive(from master [[node_0][tbUF3y2YTPm1TPdTF8YBYw][Bills-MacBook-Pro.local][inet[/10.1.10.75:9300]]])]: execute
[2014-02-18 16:11:07,173][DEBUG][cluster.service          ] [node_2] processing [zen-disco-receive(from master [[node_0][tbUF3y2YTPm1TPdTF8YBYw][Bills-MacBook-Pro.local][inet[/10.1.10.75:9300]]])]: execute
[2014-02-18 16:11:07,173][DEBUG][cluster.service          ] [node_1] cluster state updated, version [10661], source [zen-disco-receive(from master [[node_0][tbUF3y2YTPm1TPdTF8YBYw][Bills-MacBook-Pro.local][inet[/10.1.10.75:9300]]])]
[2014-02-18 16:11:07,174][DEBUG][cluster.service          ] [node_1] set local cluster state to version 10661
[2014-02-18 16:11:07,174][DEBUG][cluster.service          ] [node_2] cluster state updated, version [10661], source [zen-disco-receive(from master [[node_0][tbUF3y2YTPm1TPdTF8YBYw][Bills-MacBook-Pro.local][inet[/10.1.10.75:9300]]])]
[2014-02-18 16:11:07,174][DEBUG][cluster.service          ] [node_2] set local cluster state to version 10661
[2014-02-18 16:11:07,175][DEBUG][cluster.service          ] [node_1] processing [zen-disco-receive(from master [[node_0][tbUF3y2YTPm1TPdTF8YBYw][Bills-MacBook-Pro.local][inet[/10.1.10.75:9300]]])]: done applying updated cluster_state (version: 10661)
[2014-02-18 16:11:07,175][DEBUG][cluster.service          ] [node_2] processing [zen-disco-receive(from master [[node_0][tbUF3y2YTPm1TPdTF8YBYw][Bills-MacBook-Pro.local][inet[/10.1.10.75:9300]]])]: done applying updated cluster_state (version: 10661)
[2014-02-18 16:11:07,175][DEBUG][cluster.service          ] [node_0] set local cluster state to version 10661
[2014-02-18 16:11:07,176][DEBUG][cluster.service          ] [node_0] processing [update-settings]: done applying updated cluster_state (version: 10661)
[2014-02-18 16:11:07,176][INFO ][recovery                 ] --> waiting for GREEN health status ...
[2014-02-18 16:11:07,177][DEBUG][cluster.service          ] [node_0] processing [cluster_health (wait_for_events [LANGUID])]: execute
[2014-02-18 16:11:07,177][DEBUG][cluster.service          ] [node_0] processing [cluster_health (wait_for_events [LANGUID])]: no change in cluster_state
[2014-02-18 16:11:07,177][INFO ][recovery                 ] --> waiting for 7541 docs to be indexed ...
[2014-02-18 16:11:07,179][INFO ][recovery                 ] --> 7541 docs indexed
[2014-02-18 16:11:07,180][DEBUG][cluster.service          ] [node_0] processing [update-settings]: execute
[2014-02-18 16:11:07,180][DEBUG][cluster.service          ] [node_0] cluster state updated, version [10662], source [update-settings]
[2014-02-18 16:11:07,180][DEBUG][cluster.service          ] [node_0] publishing cluster state version 10662
[2014-02-18 16:11:07,181][DEBUG][cluster.service          ] [node_1] processing [zen-disco-receive(from master [[node_0][tbUF3y2YTPm1TPdTF8YBYw][Bills-MacBook-Pro.local][inet[/10.1.10.75:9300]]])]: execute
[2014-02-18 16:11:07,181][DEBUG][cluster.service          ] [node_1] cluster state updated, version [10662], source [zen-disco-receive(from master [[node_0][tbUF3y2YTPm1TPdTF8YBYw][Bills-MacBook-Pro.local][inet[/10.1.10.75:9300]]])]
[2014-02-18 16:11:07,182][DEBUG][cluster.service          ] [node_1] set local cluster state to version 10662
[2014-02-18 16:11:07,181][DEBUG][cluster.service          ] [node_2] processing [zen-disco-receive(from master [[node_0][tbUF3y2YTPm1TPdTF8YBYw][Bills-MacBook-Pro.local][inet[/10.1.10.75:9300]]])]: execute
[2014-02-18 16:11:07,182][DEBUG][cluster.service          ] [node_2] cluster state updated, version [10662], source [zen-disco-receive(from master [[node_0][tbUF3y2YTPm1TPdTF8YBYw][Bills-MacBook-Pro.local][inet[/10.1.10.75:9300]]])]
[2014-02-18 16:11:07,182][DEBUG][cluster.service          ] [node_2] set local cluster state to version 10662
[2014-02-18 16:11:07,182][DEBUG][cluster.service          ] [node_1] processing [zen-disco-receive(from master [[node_0][tbUF3y2YTPm1TPdTF8YBYw][Bills-MacBook-Pro.local][inet[/10.1.10.75:9300]]])]: done applying updated cluster_state (version: 10662)
[2014-02-18 16:11:07,183][DEBUG][cluster.service          ] [node_2] processing [zen-disco-receive(from master [[node_0][tbUF3y2YTPm1TPdTF8YBYw][Bills-MacBook-Pro.local][inet[/10.1.10.75:9300]]])]: done applying updated cluster_state (version: 10662)
[2014-02-18 16:11:07,184][DEBUG][cluster.service          ] [node_0] set local cluster state to version 10662
[2014-02-18 16:11:07,184][DEBUG][cluster.service          ] [node_0] processing [update-settings]: done applying updated cluster_state (version: 10662)
[2014-02-18 16:11:07,185][INFO ][recovery                 ] --> waiting for GREEN health status ...
[2014-02-18 16:11:07,186][DEBUG][cluster.service          ] [node_0] processing [cluster_health (wait_for_events [LANGUID])]: execute
[2014-02-18 16:11:07,186][DEBUG][cluster.service          ] [node_0] processing [cluster_health (wait_for_events [LANGUID])]: no change in cluster_state
[2014-02-18 16:11:07,187][INFO ][recovery                 ] --> waiting for 8222 docs to be indexed ...
[2014-02-18 16:11:07,188][INFO ][recovery                 ] --> 8222 docs indexed
[2014-02-18 16:11:07,189][DEBUG][cluster.service          ] [node_0] processing [update-settings]: execute
[2014-02-18 16:11:07,189][DEBUG][cluster.service          ] [node_0] cluster state updated, version [10663], source [update-settings]
[2014-02-18 16:11:07,190][DEBUG][cluster.service          ] [node_0] publishing cluster state version 10663
[2014-02-18 16:11:07,190][DEBUG][cluster.service          ] [node_1] processing [zen-disco-receive(from master [[node_0][tbUF3y2YTPm1TPdTF8YBYw][Bills-MacBook-Pro.local][inet[/10.1.10.75:9300]]])]: execute
[2014-02-18 16:11:07,191][DEBUG][cluster.service          ] [node_1] cluster state updated, version [10663], source [zen-disco-receive(from master [[node_0][tbUF3y2YTPm1TPdTF8YBYw][Bills-MacBook-Pro.local][inet[/10.1.10.75:9300]]])]
[2014-02-18 16:11:07,191][DEBUG][cluster.service          ] [node_1] set local cluster state to version 10663
[2014-02-18 16:11:07,190][DEBUG][cluster.service          ] [node_2] processing [zen-disco-receive(from master [[node_0][tbUF3y2YTPm1TPdTF8YBYw][Bills-MacBook-Pro.local][inet[/10.1.10.75:9300]]])]: execute
[2014-02-18 16:11:07,191][DEBUG][cluster.service          ] [node_2] cluster state updated, version [10663], source [zen-disco-receive(from master [[node_0][tbUF3y2YTPm1TPdTF8YBYw][Bills-MacBook-Pro.local][inet[/10.1.10.75:9300]]])]
[2014-02-18 16:11:07,191][DEBUG][cluster.service          ] [node_2] set local cluster state to version 10663
[2014-02-18 16:11:07,192][DEBUG][cluster.service          ] [node_1] processing [zen-disco-receive(from master [[node_0][tbUF3y2YTPm1TPdTF8YBYw][Bills-MacBook-Pro.local][inet[/10.1.10.75:9300]]])]: done applying updated cluster_state (version: 10663)
[2014-02-18 16:11:07,192][DEBUG][cluster.service          ] [node_2] processing [zen-disco-receive(from master [[node_0][tbUF3y2YTPm1TPdTF8YBYw][Bills-MacBook-Pro.local][inet[/10.1.10.75:9300]]])]: done applying updated cluster_state (version: 10663)
[2014-02-18 16:11:07,193][DEBUG][cluster.service          ] [node_0] set local cluster state to version 10663
[2014-02-18 16:11:07,193][DEBUG][cluster.service          ] [node_0] processing [update-settings]: done applying updated cluster_state (version: 10663)
[2014-02-18 16:11:07,193][INFO ][recovery                 ] --> waiting for GREEN health status ...
[2014-02-18 16:11:07,194][DEBUG][cluster.service          ] [node_0] processing [cluster_health (wait_for_events [LANGUID])]: execute
[2014-02-18 16:11:07,195][DEBUG][cluster.service          ] [node_0] processing [cluster_health (wait_for_events [LANGUID])]: no change in cluster_state
[2014-02-18 16:11:07,195][INFO ][recovery                 ] --> waiting for 9075 docs to be indexed ...
[2014-02-18 16:11:07,197][INFO ][recovery                 ] --> 9075 docs indexed
[2014-02-18 16:11:07,198][DEBUG][cluster.service          ] [node_0] processing [update-settings]: execute
[2014-02-18 16:11:07,198][DEBUG][cluster.service          ] [node_0] cluster state updated, version [10664], source [update-settings]
[2014-02-18 16:11:07,198][DEBUG][cluster.service          ] [node_0] publishing cluster state version 10664
[2014-02-18 16:11:07,199][DEBUG][cluster.service          ] [node_2] processing [zen-disco-receive(from master [[node_0][tbUF3y2YTPm1TPdTF8YBYw][Bills-MacBook-Pro.local][inet[/10.1.10.75:9300]]])]: execute
[2014-02-18 16:11:07,199][DEBUG][cluster.service          ] [node_1] processing [zen-disco-receive(from master [[node_0][tbUF3y2YTPm1TPdTF8YBYw][Bills-MacBook-Pro.local][inet[/10.1.10.75:9300]]])]: execute
[2014-02-18 16:11:07,200][DEBUG][cluster.service          ] [node_2] cluster state updated, version [10664], source [zen-disco-receive(from master [[node_0][tbUF3y2YTPm1TPdTF8YBYw][Bills-MacBook-Pro.local][inet[/10.1.10.75:9300]]])]
[2014-02-18 16:11:07,200][DEBUG][cluster.service          ] [node_2] set local cluster state to version 10664
[2014-02-18 16:11:07,200][DEBUG][cluster.service          ] [node_1] cluster state updated, version [10664], source [zen-disco-receive(from master [[node_0][tbUF3y2YTPm1TPdTF8YBYw][Bills-MacBook-Pro.local][inet[/10.1.10.75:9300]]])]
[2014-02-18 16:11:07,200][DEBUG][cluster.service          ] [node_1] set local cluster state to version 10664
[2014-02-18 16:11:07,201][DEBUG][cluster.service          ] [node_2] processing [zen-disco-receive(from master [[node_0][tbUF3y2YTPm1TPdTF8YBYw][Bills-MacBook-Pro.local][inet[/10.1.10.75:9300]]])]: done applying updated cluster_state (version: 10664)
[2014-02-18 16:11:07,201][DEBUG][cluster.service          ] [node_1] processing [zen-disco-receive(from master [[node_0][tbUF3y2YTPm1TPdTF8YBYw][Bills-MacBook-Pro.local][inet[/10.1.10.75:9300]]])]: done applying updated cluster_state (version: 10664)
[2014-02-18 16:11:07,201][DEBUG][cluster.service          ] [node_0] set local cluster state to version 10664
[2014-02-18 16:11:07,202][DEBUG][cluster.service          ] [node_0] processing [update-settings]: done applying updated cluster_state (version: 10664)
[2014-02-18 16:11:07,203][INFO ][recovery                 ] --> waiting for GREEN health status ...
[2014-02-18 16:11:07,204][DEBUG][cluster.service          ] [node_0] processing [cluster_health (wait_for_events [LANGUID])]: execute
[2014-02-18 16:11:07,204][DEBUG][cluster.service          ] [node_0] processing [cluster_health (wait_for_events [LANGUID])]: no change in cluster_state
[2014-02-18 16:11:07,205][INFO ][recovery                 ] --> waiting for 9455 docs to be indexed ...
[2014-02-18 16:11:07,206][INFO ][recovery                 ] --> 9455 docs indexed
[2014-02-18 16:11:07,207][DEBUG][cluster.service          ] [node_0] processing [update-settings]: execute
[2014-02-18 16:11:07,207][DEBUG][cluster.service          ] [node_0] cluster state updated, version [10665], source [update-settings]
[2014-02-18 16:11:07,208][DEBUG][cluster.service          ] [node_0] publishing cluster state version 10665
[2014-02-18 16:11:07,208][DEBUG][cluster.service          ] [node_2] processing [zen-disco-receive(from master [[node_0][tbUF3y2YTPm1TPdTF8YBYw][Bills-MacBook-Pro.local][inet[/10.1.10.75:9300]]])]: execute
[2014-02-18 16:11:07,208][DEBUG][cluster.service          ] [node_1] processing [zen-disco-receive(from master [[node_0][tbUF3y2YTPm1TPdTF8YBYw][Bills-MacBook-Pro.local][inet[/10.1.10.75:9300]]])]: execute
[2014-02-18 16:11:07,209][DEBUG][cluster.service          ] [node_2] cluster state updated, version [10665], source [zen-disco-receive(from master [[node_0][tbUF3y2YTPm1TPdTF8YBYw][Bills-MacBook-Pro.local][inet[/10.1.10.75:9300]]])]
[2014-02-18 16:11:07,209][DEBUG][cluster.service          ] [node_1] cluster state updated, version [10665], source [zen-disco-receive(from master [[node_0][tbUF3y2YTPm1TPdTF8YBYw][Bills-MacBook-Pro.local][inet[/10.1.10.75:9300]]])]
[2014-02-18 16:11:07,209][DEBUG][cluster.service          ] [node_1] set local cluster state to version 10665
[2014-02-18 16:11:07,209][DEBUG][cluster.service          ] [node_2] set local cluster state to version 10665
[2014-02-18 16:11:07,210][DEBUG][cluster.service          ] [node_2] processing [zen-disco-receive(from master [[node_0][tbUF3y2YTPm1TPdTF8YBYw][Bills-MacBook-Pro.local][inet[/10.1.10.75:9300]]])]: done applying updated cluster_state (version: 10665)
[2014-02-18 16:11:07,210][DEBUG][cluster.service          ] [node_1] processing [zen-disco-receive(from master [[node_0][tbUF3y2YTPm1TPdTF8YBYw][Bills-MacBook-Pro.local][inet[/10.1.10.75:9300]]])]: done applying updated cluster_state (version: 10665)
[2014-02-18 16:11:07,210][DEBUG][cluster.service          ] [node_0] set local cluster state to version 10665
[2014-02-18 16:11:07,211][DEBUG][cluster.service          ] [node_0] processing [update-settings]: done applying updated cluster_state (version: 10665)
[2014-02-18 16:11:07,211][INFO ][recovery                 ] --> waiting for GREEN health status ...
[2014-02-18 16:11:07,212][DEBUG][cluster.service          ] [node_0] processing [cluster_health (wait_for_events [LANGUID])]: execute
[2014-02-18 16:11:07,212][DEBUG][cluster.service          ] [node_0] processing [cluster_health (wait_for_events [LANGUID])]: no change in cluster_state
[2014-02-18 16:11:07,213][INFO ][recovery                 ] --> waiting for 9772 docs to be indexed ...
[2014-02-18 16:11:07,306][DEBUG][cluster.service          ] [node_0] processing [shard-started ([test][1], node[t8Mqv-hjRzqYCBodDxtrKQ], relocating [q75XUfcITqG3o93Z8EOFnw], [P], s[INITIALIZING]), reason [after recovery (replica) from node [[node_2][q75XUfcITqG3o93Z8EOFnw][Bills-MacBook-Pro.local][inet[/10.1.10.75:9302]]]]]: execute
[2014-02-18 16:11:07,307][DEBUG][cluster.service          ] [node_0] cluster state updated, version [10666], source [shard-started ([test][1], node[t8Mqv-hjRzqYCBodDxtrKQ], relocating [q75XUfcITqG3o93Z8EOFnw], [P], s[INITIALIZING]), reason [after recovery (replica) from node [[node_2][q75XUfcITqG3o93Z8EOFnw][Bills-MacBook-Pro.local][inet[/10.1.10.75:9302]]]]]
[2014-02-18 16:11:07,308][DEBUG][cluster.service          ] [node_0] publishing cluster state version 10666
[2014-02-18 16:11:07,309][DEBUG][cluster.service          ] [node_2] processing [zen-disco-receive(from master [[node_0][tbUF3y2YTPm1TPdTF8YBYw][Bills-MacBook-Pro.local][inet[/10.1.10.75:9300]]])]: execute
[2014-02-18 16:11:07,309][DEBUG][cluster.service          ] [node_2] cluster state updated, version [10666], source [zen-disco-receive(from master [[node_0][tbUF3y2YTPm1TPdTF8YBYw][Bills-MacBook-Pro.local][inet[/10.1.10.75:9300]]])]
[2014-02-18 16:11:07,309][DEBUG][cluster.service          ] [node_2] set local cluster state to version 10666
[2014-02-18 16:11:07,309][DEBUG][cluster.service          ] [node_1] processing [zen-disco-receive(from master [[node_0][tbUF3y2YTPm1TPdTF8YBYw][Bills-MacBook-Pro.local][inet[/10.1.10.75:9300]]])]: execute
[2014-02-18 16:11:07,310][DEBUG][cluster.service          ] [node_1] cluster state updated, version [10666], source [zen-disco-receive(from master [[node_0][tbUF3y2YTPm1TPdTF8YBYw][Bills-MacBook-Pro.local][inet[/10.1.10.75:9300]]])]
[2014-02-18 16:11:07,311][DEBUG][cluster.service          ] [node_1] set local cluster state to version 10666
[2014-02-18 16:11:07,316][TRACE][action.index             ] [node_1] had an error while performing operation on primary ([test][1] CurrentState[POST_RECOVERY] operation only allowed when started/recovering, origin [PRIMARY]), scheduling a retry.
[2014-02-18 16:11:07,321][TRACE][action.index             ] [node_1] had an error while performing operation on primary ([test][1] CurrentState[POST_RECOVERY] operation only allowed when started/recovering, origin [PRIMARY]), scheduling a retry.
[2014-02-18 16:11:07,325][TRACE][action.index             ] [node_1] had an error while performing operation on primary ([test][1] CurrentState[POST_RECOVERY] operation only allowed when started/recovering, origin [PRIMARY]), scheduling a retry.
[2014-02-18 16:11:07,330][TRACE][action.index             ] [node_1] had an error while performing operation on primary ([test][1] CurrentState[POST_RECOVERY] operation only allowed when started/recovering, origin [PRIMARY]), scheduling a retry.
[2014-02-18 16:11:07,360][DEBUG][cluster.service          ] [node_2] processing [zen-disco-receive(from master [[node_0][tbUF3y2YTPm1TPdTF8YBYw][Bills-MacBook-Pro.local][inet[/10.1.10.75:9300]]])]: done applying updated cluster_state (version: 10666)
[2014-02-18 16:11:07,395][DEBUG][cluster.service          ] [node_1] processing [zen-disco-receive(from master [[node_0][tbUF3y2YTPm1TPdTF8YBYw][Bills-MacBook-Pro.local][inet[/10.1.10.75:9300]]])]: done applying updated cluster_state (version: 10666)
[2014-02-18 16:11:07,396][DEBUG][cluster.service          ] [node_0] set local cluster state to version 10666
[2014-02-18 16:11:07,398][DEBUG][cluster.service          ] [node_0] processing [shard-started ([test][1], node[t8Mqv-hjRzqYCBodDxtrKQ], relocating [q75XUfcITqG3o93Z8EOFnw], [P], s[INITIALIZING]), reason [after recovery (replica) from node [[node_2][q75XUfcITqG3o93Z8EOFnw][Bills-MacBook-Pro.local][inet[/10.1.10.75:9302]]]]]: done applying updated cluster_state (version: 10666)
[2014-02-18 16:11:07,462][DEBUG][cluster.service          ] [node_0] processing [shard-started ([test][3], node[q75XUfcITqG3o93Z8EOFnw], relocating [t8Mqv-hjRzqYCBodDxtrKQ], [P], s[INITIALIZING]), reason [after recovery (replica) from node [[node_1][t8Mqv-hjRzqYCBodDxtrKQ][Bills-MacBook-Pro.local][inet[/10.1.10.75:9301]]]]]: execute
[2014-02-18 16:11:07,463][DEBUG][cluster.service          ] [node_0] cluster state updated, version [10667], source [shard-started ([test][3], node[q75XUfcITqG3o93Z8EOFnw], relocating [t8Mqv-hjRzqYCBodDxtrKQ], [P], s[INITIALIZING]), reason [after recovery (replica) from node [[node_1][t8Mqv-hjRzqYCBodDxtrKQ][Bills-MacBook-Pro.local][inet[/10.1.10.75:9301]]]]]
[2014-02-18 16:11:07,463][DEBUG][cluster.service          ] [node_0] publishing cluster state version 10667
[2014-02-18 16:11:07,464][DEBUG][cluster.service          ] [node_1] processing [zen-disco-receive(from master [[node_0][tbUF3y2YTPm1TPdTF8YBYw][Bills-MacBook-Pro.local][inet[/10.1.10.75:9300]]])]: execute
[2014-02-18 16:11:07,464][DEBUG][cluster.service          ] [node_1] cluster state updated, version [10667], source [zen-disco-receive(from master [[node_0][tbUF3y2YTPm1TPdTF8YBYw][Bills-MacBook-Pro.local][inet[/10.1.10.75:9300]]])]
[2014-02-18 16:11:07,464][DEBUG][cluster.service          ] [node_1] set local cluster state to version 10667
[2014-02-18 16:11:07,464][DEBUG][cluster.service          ] [node_2] processing [zen-disco-receive(from master [[node_0][tbUF3y2YTPm1TPdTF8YBYw][Bills-MacBook-Pro.local][inet[/10.1.10.75:9300]]])]: execute
[2014-02-18 16:11:07,465][DEBUG][cluster.service          ] [node_2] cluster state updated, version [10667], source [zen-disco-receive(from master [[node_0][tbUF3y2YTPm1TPdTF8YBYw][Bills-MacBook-Pro.local][inet[/10.1.10.75:9300]]])]
[2014-02-18 16:11:07,465][DEBUG][cluster.service          ] [node_2] set local cluster state to version 10667
[2014-02-18 16:11:07,466][DEBUG][cluster.service          ] [node_2] processing [zen-disco-receive(from master [[node_0][tbUF3y2YTPm1TPdTF8YBYw][Bills-MacBook-Pro.local][inet[/10.1.10.75:9300]]])]: done applying updated cluster_state (version: 10667)
[2014-02-18 16:11:07,470][TRACE][action.index             ] [node_1] cluster changed (version 10667), trying to start again
[2014-02-18 16:11:07,470][TRACE][action.index             ] [node_1] cluster changed (version 10667), trying to start again
[2014-02-18 16:11:07,470][TRACE][action.index             ] [node_1] cluster changed (version 10667), trying to start again
[2014-02-18 16:11:07,471][TRACE][action.index             ] [node_1] cluster changed (version 10667), trying to start again
[2014-02-18 16:11:07,478][DEBUG][cluster.service          ] [node_1] processing [zen-disco-receive(from master [[node_0][tbUF3y2YTPm1TPdTF8YBYw][Bills-MacBook-Pro.local][inet[/10.1.10.75:9300]]])]: done applying updated cluster_state (version: 10667)
[2014-02-18 16:11:07,478][DEBUG][cluster.service          ] [node_0] set local cluster state to version 10667
[2014-02-18 16:11:07,482][DEBUG][cluster.service          ] [node_0] processing [shard-started ([test][3], node[q75XUfcITqG3o93Z8EOFnw], relocating [t8Mqv-hjRzqYCBodDxtrKQ], [P], s[INITIALIZING]), reason [after recovery (replica) from node [[node_1][t8Mqv-hjRzqYCBodDxtrKQ][Bills-MacBook-Pro.local][inet[/10.1.10.75:9301]]]]]: done applying updated cluster_state (version: 10667)
[2014-02-18 16:11:07,521][DEBUG][cluster.service          ] [node_0] processing [shard-started ([test][0], node[t8Mqv-hjRzqYCBodDxtrKQ], relocating [q75XUfcITqG3o93Z8EOFnw], [P], s[INITIALIZING]), reason [after recovery (replica) from node [[node_2][q75XUfcITqG3o93Z8EOFnw][Bills-MacBook-Pro.local][inet[/10.1.10.75:9302]]]]]: execute
[2014-02-18 16:11:07,521][DEBUG][cluster.service          ] [node_0] cluster state updated, version [10668], source [shard-started ([test][0], node[t8Mqv-hjRzqYCBodDxtrKQ], relocating [q75XUfcITqG3o93Z8EOFnw], [P], s[INITIALIZING]), reason [after recovery (replica) from node [[node_2][q75XUfcITqG3o93Z8EOFnw][Bills-MacBook-Pro.local][inet[/10.1.10.75:9302]]]]]
[2014-02-18 16:11:07,522][DEBUG][cluster.service          ] [node_0] publishing cluster state version 10668
[2014-02-18 16:11:07,524][DEBUG][cluster.service          ] [node_2] processing [zen-disco-receive(from master [[node_0][tbUF3y2YTPm1TPdTF8YBYw][Bills-MacBook-Pro.local][inet[/10.1.10.75:9300]]])]: execute
[2014-02-18 16:11:07,525][DEBUG][cluster.service          ] [node_2] cluster state updated, version [10668], source [zen-disco-receive(from master [[node_0][tbUF3y2YTPm1TPdTF8YBYw][Bills-MacBook-Pro.local][inet[/10.1.10.75:9300]]])]
[2014-02-18 16:11:07,525][DEBUG][cluster.service          ] [node_2] set local cluster state to version 10668
[2014-02-18 16:11:07,524][DEBUG][cluster.service          ] [node_1] processing [zen-disco-receive(from master [[node_0][tbUF3y2YTPm1TPdTF8YBYw][Bills-MacBook-Pro.local][inet[/10.1.10.75:9300]]])]: execute
[2014-02-18 16:11:07,525][DEBUG][cluster.service          ] [node_1] cluster state updated, version [10668], source [zen-disco-receive(from master [[node_0][tbUF3y2YTPm1TPdTF8YBYw][Bills-MacBook-Pro.local][inet[/10.1.10.75:9300]]])]
[2014-02-18 16:11:07,525][DEBUG][cluster.service          ] [node_1] set local cluster state to version 10668
[2014-02-18 16:11:07,526][TRACE][action.index             ] [node_1] had an error while performing operation on primary ([test][0] CurrentState[POST_RECOVERY] operation only allowed when started/recovering, origin [PRIMARY]), scheduling a retry.
[2014-02-18 16:11:07,527][TRACE][action.index             ] [node_1] had an error while performing operation on primary ([test][0] CurrentState[POST_RECOVERY] operation only allowed when started/recovering, origin [PRIMARY]), scheduling a retry.
[2014-02-18 16:11:07,530][TRACE][action.index             ] [node_1] had an error while performing operation on primary ([test][0] CurrentState[POST_RECOVERY] operation only allowed when started/recovering, origin [PRIMARY]), scheduling a retry.
[2014-02-18 16:11:07,530][TRACE][action.index             ] [node_1] had an error while performing operation on primary ([test][0] CurrentState[POST_RECOVERY] operation only allowed when started/recovering, origin [PRIMARY]), scheduling a retry.
[2014-02-18 16:11:07,539][DEBUG][cluster.service          ] [node_2] processing [zen-disco-receive(from master [[node_0][tbUF3y2YTPm1TPdTF8YBYw][Bills-MacBook-Pro.local][inet[/10.1.10.75:9300]]])]: done applying updated cluster_state (version: 10668)
[2014-02-18 16:11:07,650][DEBUG][cluster.service          ] [node_1] processing [zen-disco-receive(from master [[node_0][tbUF3y2YTPm1TPdTF8YBYw][Bills-MacBook-Pro.local][inet[/10.1.10.75:9300]]])]: done applying updated cluster_state (version: 10668)
[2014-02-18 16:11:07,650][DEBUG][cluster.service          ] [node_0] set local cluster state to version 10668
[2014-02-18 16:11:07,653][DEBUG][cluster.service          ] [node_0] processing [shard-started ([test][0], node[t8Mqv-hjRzqYCBodDxtrKQ], relocating [q75XUfcITqG3o93Z8EOFnw], [P], s[INITIALIZING]), reason [after recovery (replica) from node [[node_2][q75XUfcITqG3o93Z8EOFnw][Bills-MacBook-Pro.local][inet[/10.1.10.75:9302]]]]]: done applying updated cluster_state (version: 10668)
[2014-02-18 16:11:09,299][INFO ][recovery                 ] --> 9772 docs indexed
[2014-02-18 16:11:09,299][DEBUG][cluster.service          ] [node_0] processing [update-settings]: execute
[2014-02-18 16:11:09,300][DEBUG][cluster.service          ] [node_0] cluster state updated, version [10669], source [update-settings]
[2014-02-18 16:11:09,301][DEBUG][cluster.service          ] [node_0] publishing cluster state version 10669
[2014-02-18 16:11:09,301][DEBUG][cluster.service          ] [node_2] processing [zen-disco-receive(from master [[node_0][tbUF3y2YTPm1TPdTF8YBYw][Bills-MacBook-Pro.local][inet[/10.1.10.75:9300]]])]: execute
[2014-02-18 16:11:09,301][DEBUG][cluster.service          ] [node_1] processing [zen-disco-receive(from master [[node_0][tbUF3y2YTPm1TPdTF8YBYw][Bills-MacBook-Pro.local][inet[/10.1.10.75:9300]]])]: execute
[2014-02-18 16:11:09,302][DEBUG][cluster.service          ] [node_2] cluster state updated, version [10669], source [zen-disco-receive(from master [[node_0][tbUF3y2YTPm1TPdTF8YBYw][Bills-MacBook-Pro.local][inet[/10.1.10.75:9300]]])]
[2014-02-18 16:11:09,302][DEBUG][cluster.service          ] [node_1] cluster state updated, version [10669], source [zen-disco-receive(from master [[node_0][tbUF3y2YTPm1TPdTF8YBYw][Bills-MacBook-Pro.local][inet[/10.1.10.75:9300]]])]
[2014-02-18 16:11:09,302][DEBUG][cluster.service          ] [node_1] set local cluster state to version 10669
[2014-02-18 16:11:09,302][DEBUG][cluster.service          ] [node_2] set local cluster state to version 10669
[2014-02-18 16:11:09,303][TRACE][action.index             ] [node_1] cluster changed (version 10669), trying to start again
[2014-02-18 16:11:09,303][TRACE][action.index             ] [node_1] cluster changed (version 10669), trying to start again
[2014-02-18 16:11:09,303][TRACE][action.index             ] [node_1] cluster changed (version 10669), trying to start again
[2014-02-18 16:11:09,304][TRACE][action.index             ] [node_1] cluster changed (version 10669), trying to start again
[2014-02-18 16:11:09,305][DEBUG][cluster.service          ] [node_1] processing [zen-disco-receive(from master [[node_0][tbUF3y2YTPm1TPdTF8YBYw][Bills-MacBook-Pro.local][inet[/10.1.10.75:9300]]])]: done applying updated cluster_state (version: 10669)
[2014-02-18 16:11:09,327][DEBUG][cluster.service          ] [node_2] processing [zen-disco-receive(from master [[node_0][tbUF3y2YTPm1TPdTF8YBYw][Bills-MacBook-Pro.local][inet[/10.1.10.75:9300]]])]: done applying updated cluster_state (version: 10669)
[2014-02-18 16:11:09,328][DEBUG][cluster.service          ] [node_0] set local cluster state to version 10669
[2014-02-18 16:11:09,330][DEBUG][cluster.service          ] [node_0] processing [update-settings]: done applying updated cluster_state (version: 10669)
[2014-02-18 16:11:09,330][INFO ][recovery                 ] --> waiting for GREEN health status ...
[2014-02-18 16:11:09,330][DEBUG][cluster.service          ] [node_0] processing [cluster_health (wait_for_events [LANGUID])]: execute
[2014-02-18 16:11:09,331][DEBUG][cluster.service          ] [node_0] processing [cluster_health (wait_for_events [LANGUID])]: no change in cluster_state
[2014-02-18 16:11:09,332][INFO ][recovery                 ] --> waiting for 10241 docs to be indexed ...
[2014-02-18 16:11:09,764][DEBUG][cluster.service          ] [node_0] processing [shard-started ([test][1], node[q75XUfcITqG3o93Z8EOFnw], relocating [t8Mqv-hjRzqYCBodDxtrKQ], [P], s[INITIALIZING]), reason [after recovery (replica) from node [[node_1][t8Mqv-hjRzqYCBodDxtrKQ][Bills-MacBook-Pro.local][inet[/10.1.10.75:9301]]]]]: execute
[2014-02-18 16:11:09,765][DEBUG][cluster.service          ] [node_0] cluster state updated, version [10670], source [shard-started ([test][1], node[q75XUfcITqG3o93Z8EOFnw], relocating [t8Mqv-hjRzqYCBodDxtrKQ], [P], s[INITIALIZING]), reason [after recovery (replica) from node [[node_1][t8Mqv-hjRzqYCBodDxtrKQ][Bills-MacBook-Pro.local][inet[/10.1.10.75:9301]]]]]
[2014-02-18 16:11:09,765][DEBUG][cluster.service          ] [node_0] publishing cluster state version 10670
[2014-02-18 16:11:09,766][DEBUG][cluster.service          ] [node_2] processing [zen-disco-receive(from master [[node_0][tbUF3y2YTPm1TPdTF8YBYw][Bills-MacBook-Pro.local][inet[/10.1.10.75:9300]]])]: execute
[2014-02-18 16:11:09,766][DEBUG][cluster.service          ] [node_1] processing [zen-disco-receive(from master [[node_0][tbUF3y2YTPm1TPdTF8YBYw][Bills-MacBook-Pro.local][inet[/10.1.10.75:9300]]])]: execute
[2014-02-18 16:11:09,767][DEBUG][cluster.service          ] [node_1] cluster state updated, version [10670], source [zen-disco-receive(from master [[node_0][tbUF3y2YTPm1TPdTF8YBYw][Bills-MacBook-Pro.local][inet[/10.1.10.75:9300]]])]
[2014-02-18 16:11:09,767][DEBUG][cluster.service          ] [node_1] set local cluster state to version 10670
[2014-02-18 16:11:09,767][DEBUG][cluster.service          ] [node_2] cluster state updated, version [10670], source [zen-disco-receive(from master [[node_0][tbUF3y2YTPm1TPdTF8YBYw][Bills-MacBook-Pro.local][inet[/10.1.10.75:9300]]])]
[2014-02-18 16:11:09,768][DEBUG][cluster.service          ] [node_2] set local cluster state to version 10670
[2014-02-18 16:11:09,768][TRACE][action.index             ] [node_2] had an error while performing operation on primary ([test][1] CurrentState[POST_RECOVERY] operation only allowed when started/recovering, origin [PRIMARY]), scheduling a retry.
[2014-02-18 16:11:09,782][DEBUG][cluster.service          ] [node_1] processing [zen-disco-receive(from master [[node_0][tbUF3y2YTPm1TPdTF8YBYw][Bills-MacBook-Pro.local][inet[/10.1.10.75:9300]]])]: done applying updated cluster_state (version: 10670)
[2014-02-18 16:11:09,792][TRACE][action.index             ] [node_2] had an error while performing operation on primary ([test][1] CurrentState[POST_RECOVERY] operation only allowed when started/recovering, origin [PRIMARY]), scheduling a retry.
[2014-02-18 16:11:09,796][TRACE][action.index             ] [node_2] had an error while performing operation on primary ([test][1] CurrentState[POST_RECOVERY] operation only allowed when started/recovering, origin [PRIMARY]), scheduling a retry.
[2014-02-18 16:11:09,796][TRACE][action.index             ] [node_2] had an error while performing operation on primary ([test][1] CurrentState[POST_RECOVERY] operation only allowed when started/recovering, origin [PRIMARY]), scheduling a retry.
[2014-02-18 16:11:09,803][DEBUG][cluster.service          ] [node_2] processing [zen-disco-receive(from master [[node_0][tbUF3y2YTPm1TPdTF8YBYw][Bills-MacBook-Pro.local][inet[/10.1.10.75:9300]]])]: done applying updated cluster_state (version: 10670)
[2014-02-18 16:11:09,803][DEBUG][cluster.service          ] [node_0] set local cluster state to version 10670
[2014-02-18 16:11:09,805][DEBUG][cluster.service          ] [node_0] processing [shard-started ([test][1], node[q75XUfcITqG3o93Z8EOFnw], relocating [t8Mqv-hjRzqYCBodDxtrKQ], [P], s[INITIALIZING]), reason [after recovery (replica) from node [[node_1][t8Mqv-hjRzqYCBodDxtrKQ][Bills-MacBook-Pro.local][inet[/10.1.10.75:9301]]]]]: done applying updated cluster_state (version: 10670)
[2014-02-18 16:11:09,805][DEBUG][cluster.service          ] [node_0] processing [shard-started ([test][0], node[q75XUfcITqG3o93Z8EOFnw], relocating [t8Mqv-hjRzqYCBodDxtrKQ], [P], s[INITIALIZING]), reason [after recovery (replica) from node [[node_1][t8Mqv-hjRzqYCBodDxtrKQ][Bills-MacBook-Pro.local][inet[/10.1.10.75:9301]]]]]: execute
[2014-02-18 16:11:09,805][DEBUG][cluster.service          ] [node_0] cluster state updated, version [10671], source [shard-started ([test][0], node[q75XUfcITqG3o93Z8EOFnw], relocating [t8Mqv-hjRzqYCBodDxtrKQ], [P], s[INITIALIZING]), reason [after recovery (replica) from node [[node_1][t8Mqv-hjRzqYCBodDxtrKQ][Bills-MacBook-Pro.local][inet[/10.1.10.75:9301]]]]]
[2014-02-18 16:11:09,806][DEBUG][cluster.service          ] [node_0] publishing cluster state version 10671
[2014-02-18 16:11:09,806][DEBUG][cluster.service          ] [node_2] processing [zen-disco-receive(from master [[node_0][tbUF3y2YTPm1TPdTF8YBYw][Bills-MacBook-Pro.local][inet[/10.1.10.75:9300]]])]: execute
[2014-02-18 16:11:09,807][DEBUG][cluster.service          ] [node_2] cluster state updated, version [10671], source [zen-disco-receive(from master [[node_0][tbUF3y2YTPm1TPdTF8YBYw][Bills-MacBook-Pro.local][inet[/10.1.10.75:9300]]])]
[2014-02-18 16:11:09,807][DEBUG][cluster.service          ] [node_2] set local cluster state to version 10671
[2014-02-18 16:11:09,806][DEBUG][cluster.service          ] [node_1] processing [zen-disco-receive(from master [[node_0][tbUF3y2YTPm1TPdTF8YBYw][Bills-MacBook-Pro.local][inet[/10.1.10.75:9300]]])]: execute
[2014-02-18 16:11:09,807][DEBUG][cluster.service          ] [node_1] cluster state updated, version [10671], source [zen-disco-receive(from master [[node_0][tbUF3y2YTPm1TPdTF8YBYw][Bills-MacBook-Pro.local][inet[/10.1.10.75:9300]]])]
[2014-02-18 16:11:09,807][DEBUG][cluster.service          ] [node_1] set local cluster state to version 10671
[2014-02-18 16:11:09,820][DEBUG][cluster.service          ] [node_1] processing [zen-disco-receive(from master [[node_0][tbUF3y2YTPm1TPdTF8YBYw][Bills-MacBook-Pro.local][inet[/10.1.10.75:9300]]])]: done applying updated cluster_state (version: 10671)
[2014-02-18 16:11:09,827][TRACE][action.index             ] [node_2] cluster changed (version 10671), trying to start again
[2014-02-18 16:11:09,827][TRACE][action.index             ] [node_2] cluster changed (version 10671), trying to start again
[2014-02-18 16:11:09,827][TRACE][action.index             ] [node_2] cluster changed (version 10671), trying to start again
[2014-02-18 16:11:09,828][TRACE][action.index             ] [node_2] cluster changed (version 10671), trying to start again
[2014-02-18 16:11:09,828][DEBUG][cluster.service          ] [node_2] processing [zen-disco-receive(from master [[node_0][tbUF3y2YTPm1TPdTF8YBYw][Bills-MacBook-Pro.local][inet[/10.1.10.75:9300]]])]: done applying updated cluster_state (version: 10671)
[2014-02-18 16:11:09,828][DEBUG][cluster.service          ] [node_0] set local cluster state to version 10671
[2014-02-18 16:11:09,830][DEBUG][cluster.service          ] [node_0] processing [shard-started ([test][0], node[q75XUfcITqG3o93Z8EOFnw], relocating [t8Mqv-hjRzqYCBodDxtrKQ], [P], s[INITIALIZING]), reason [after recovery (replica) from node [[node_1][t8Mqv-hjRzqYCBodDxtrKQ][Bills-MacBook-Pro.local][inet[/10.1.10.75:9301]]]]]: done applying updated cluster_state (version: 10671)
[2014-02-18 16:11:10,376][INFO ][recovery                 ] --> 10241 docs indexed
[2014-02-18 16:11:10,377][DEBUG][cluster.service          ] [node_0] processing [update-settings]: execute
[2014-02-18 16:11:10,378][DEBUG][cluster.service          ] [node_0] cluster state updated, version [10672], source [update-settings]
[2014-02-18 16:11:10,378][DEBUG][cluster.service          ] [node_0] publishing cluster state version 10672
[2014-02-18 16:11:10,379][DEBUG][cluster.service          ] [node_1] processing [zen-disco-receive(from master [[node_0][tbUF3y2YTPm1TPdTF8YBYw][Bills-MacBook-Pro.local][inet[/10.1.10.75:9300]]])]: execute
[2014-02-18 16:11:10,379][DEBUG][cluster.service          ] [node_2] processing [zen-disco-receive(from master [[node_0][tbUF3y2YTPm1TPdTF8YBYw][Bills-MacBook-Pro.local][inet[/10.1.10.75:9300]]])]: execute
[2014-02-18 16:11:10,379][DEBUG][cluster.service          ] [node_1] cluster state updated, version [10672], source [zen-disco-receive(from master [[node_0][tbUF3y2YTPm1TPdTF8YBYw][Bills-MacBook-Pro.local][inet[/10.1.10.75:9300]]])]
[2014-02-18 16:11:10,380][DEBUG][cluster.service          ] [node_2] cluster state updated, version [10672], source [zen-disco-receive(from master [[node_0][tbUF3y2YTPm1TPdTF8YBYw][Bills-MacBook-Pro.local][inet[/10.1.10.75:9300]]])]
[2014-02-18 16:11:10,380][DEBUG][cluster.service          ] [node_1] set local cluster state to version 10672
[2014-02-18 16:11:10,380][DEBUG][cluster.service          ] [node_2] set local cluster state to version 10672
[2014-02-18 16:11:10,381][DEBUG][cluster.service          ] [node_2] processing [zen-disco-receive(from master [[node_0][tbUF3y2YTPm1TPdTF8YBYw][Bills-MacBook-Pro.local][inet[/10.1.10.75:9300]]])]: done applying updated cluster_state (version: 10672)
[2014-02-18 16:11:10,425][DEBUG][cluster.service          ] [node_1] processing [zen-disco-receive(from master [[node_0][tbUF3y2YTPm1TPdTF8YBYw][Bills-MacBook-Pro.local][inet[/10.1.10.75:9300]]])]: done applying updated cluster_state (version: 10672)
[2014-02-18 16:11:10,425][DEBUG][cluster.service          ] [node_0] set local cluster state to version 10672
[2014-02-18 16:11:10,427][DEBUG][cluster.service          ] [node_0] processing [update-settings]: done applying updated cluster_state (version: 10672)
[2014-02-18 16:11:10,427][INFO ][recovery                 ] --> waiting for GREEN health status ...
[2014-02-18 16:11:10,427][DEBUG][cluster.service          ] [node_0] processing [cluster_health (wait_for_events [LANGUID])]: execute
[2014-02-18 16:11:10,428][DEBUG][cluster.service          ] [node_0] processing [cluster_health (wait_for_events [LANGUID])]: no change in cluster_state
[2014-02-18 16:11:10,428][INFO ][recovery                 ] --> waiting for 10810 docs to be indexed ...
[2014-02-18 16:11:11,127][DEBUG][cluster.service          ] [node_0] processing [shard-started ([test][1], node[t8Mqv-hjRzqYCBodDxtrKQ], relocating [q75XUfcITqG3o93Z8EOFnw], [P], s[INITIALIZING]), reason [after recovery (replica) from node [[node_2][q75XUfcITqG3o93Z8EOFnw][Bills-MacBook-Pro.local][inet[/10.1.10.75:9302]]]]]: execute
[2014-02-18 16:11:11,127][DEBUG][cluster.service          ] [node_0] cluster state updated, version [10673], source [shard-started ([test][1], node[t8Mqv-hjRzqYCBodDxtrKQ], relocating [q75XUfcITqG3o93Z8EOFnw], [P], s[INITIALIZING]), reason [after recovery (replica) from node [[node_2][q75XUfcITqG3o93Z8EOFnw][Bills-MacBook-Pro.local][inet[/10.1.10.75:9302]]]]]
[2014-02-18 16:11:11,128][DEBUG][cluster.service          ] [node_0] publishing cluster state version 10673
[2014-02-18 16:11:11,128][DEBUG][cluster.service          ] [node_2] processing [zen-disco-receive(from master [[node_0][tbUF3y2YTPm1TPdTF8YBYw][Bills-MacBook-Pro.local][inet[/10.1.10.75:9300]]])]: execute
[2014-02-18 16:11:11,129][DEBUG][cluster.service          ] [node_2] cluster state updated, version [10673], source [zen-disco-receive(from master [[node_0][tbUF3y2YTPm1TPdTF8YBYw][Bills-MacBook-Pro.local][inet[/10.1.10.75:9300]]])]
[2014-02-18 16:11:11,129][DEBUG][cluster.service          ] [node_2] set local cluster state to version 10673
[2014-02-18 16:11:11,128][DEBUG][cluster.service          ] [node_1] processing [zen-disco-receive(from master [[node_0][tbUF3y2YTPm1TPdTF8YBYw][Bills-MacBook-Pro.local][inet[/10.1.10.75:9300]]])]: execute
[2014-02-18 16:11:11,130][DEBUG][cluster.service          ] [node_1] cluster state updated, version [10673], source [zen-disco-receive(from master [[node_0][tbUF3y2YTPm1TPdTF8YBYw][Bills-MacBook-Pro.local][inet[/10.1.10.75:9300]]])]
[2014-02-18 16:11:11,130][DEBUG][cluster.service          ] [node_1] set local cluster state to version 10673
[2014-02-18 16:11:11,132][DEBUG][cluster.service          ] [node_1] processing [zen-disco-receive(from master [[node_0][tbUF3y2YTPm1TPdTF8YBYw][Bills-MacBook-Pro.local][inet[/10.1.10.75:9300]]])]: done applying updated cluster_state (version: 10673)
[2014-02-18 16:11:11,132][TRACE][action.index             ] [node_2] had an error while performing operation on primary ([test][1] missing), scheduling a retry.
[2014-02-18 16:11:11,365][DEBUG][cluster.service          ] [node_2] processing [zen-disco-receive(from master [[node_0][tbUF3y2YTPm1TPdTF8YBYw][Bills-MacBook-Pro.local][inet[/10.1.10.75:9300]]])]: done applying updated cluster_state (version: 10673)
[2014-02-18 16:11:11,365][DEBUG][cluster.service          ] [node_0] set local cluster state to version 10673
[2014-02-18 16:11:11,366][TRACE][action.index             ] [node_2] state change while we were trying to add listener, trying to start again, sampled_version [10672], current_version [10673]
[2014-02-18 16:11:11,368][DEBUG][cluster.service          ] [node_0] processing [shard-started ([test][1], node[t8Mqv-hjRzqYCBodDxtrKQ], relocating [q75XUfcITqG3o93Z8EOFnw], [P], s[INITIALIZING]), reason [after recovery (replica) from node [[node_2][q75XUfcITqG3o93Z8EOFnw][Bills-MacBook-Pro.local][inet[/10.1.10.75:9302]]]]]: done applying updated cluster_state (version: 10673)
[2014-02-18 16:11:11,368][DEBUG][cluster.service          ] [node_0] processing [shard-started ([test][0], node[t8Mqv-hjRzqYCBodDxtrKQ], relocating [q75XUfcITqG3o93Z8EOFnw], [P], s[INITIALIZING]), reason [after recovery (replica) from node [[node_2][q75XUfcITqG3o93Z8EOFnw][Bills-MacBook-Pro.local][inet[/10.1.10.75:9302]]]]]: execute
[2014-02-18 16:11:11,369][DEBUG][cluster.service          ] [node_0] cluster state updated, version [10674], source [shard-started ([test][0], node[t8Mqv-hjRzqYCBodDxtrKQ], relocating [q75XUfcITqG3o93Z8EOFnw], [P], s[INITIALIZING]), reason [after recovery (replica) from node [[node_2][q75XUfcITqG3o93Z8EOFnw][Bills-MacBook-Pro.local][inet[/10.1.10.75:9302]]]]]
[2014-02-18 16:11:11,369][DEBUG][cluster.service          ] [node_0] publishing cluster state version 10674
[2014-02-18 16:11:11,370][DEBUG][cluster.service          ] [node_1] processing [zen-disco-receive(from master [[node_0][tbUF3y2YTPm1TPdTF8YBYw][Bills-MacBook-Pro.local][inet[/10.1.10.75:9300]]])]: execute
[2014-02-18 16:11:11,370][DEBUG][cluster.service          ] [node_2] processing [zen-disco-receive(from master [[node_0][tbUF3y2YTPm1TPdTF8YBYw][Bills-MacBook-Pro.local][inet[/10.1.10.75:9300]]])]: execute
[2014-02-18 16:11:11,370][DEBUG][cluster.service          ] [node_2] cluster state updated, version [10674], source [zen-disco-receive(from master [[node_0][tbUF3y2YTPm1TPdTF8YBYw][Bills-MacBook-Pro.local][inet[/10.1.10.75:9300]]])]
[2014-02-18 16:11:11,370][DEBUG][cluster.service          ] [node_2] set local cluster state to version 10674
[2014-02-18 16:11:11,370][DEBUG][cluster.service          ] [node_1] cluster state updated, version [10674], source [zen-disco-receive(from master [[node_0][tbUF3y2YTPm1TPdTF8YBYw][Bills-MacBook-Pro.local][inet[/10.1.10.75:9300]]])]
[2014-02-18 16:11:11,371][DEBUG][cluster.service          ] [node_1] set local cluster state to version 10674
[2014-02-18 16:11:11,371][TRACE][action.index             ] [node_2] had an error while performing operation on primary ([test][0] missing), scheduling a retry.
[2014-02-18 16:11:11,371][TRACE][action.index             ] [node_1] had an error while performing operation on primary ([test][0] CurrentState[POST_RECOVERY] operation only allowed when started/recovering, origin [PRIMARY]), scheduling a retry.
[2014-02-18 16:11:11,402][DEBUG][cluster.service          ] [node_2] processing [zen-disco-receive(from master [[node_0][tbUF3y2YTPm1TPdTF8YBYw][Bills-MacBook-Pro.local][inet[/10.1.10.75:9300]]])]: done applying updated cluster_state (version: 10674)
[2014-02-18 16:11:11,403][TRACE][action.index             ] [node_2] state change while we were trying to add listener, trying to start again, sampled_version [10673], current_version [10674]
[2014-02-18 16:11:11,403][TRACE][action.index             ] [node_1] had an error while performing operation on primary ([test][0] CurrentState[POST_RECOVERY] operation only allowed when started/recovering, origin [PRIMARY]), scheduling a retry.
[2014-02-18 16:11:11,411][TRACE][action.index             ] [node_1] had an error while performing operation on primary ([test][0] CurrentState[POST_RECOVERY] operation only allowed when started/recovering, origin [PRIMARY]), scheduling a retry.
[2014-02-18 16:11:11,416][TRACE][action.index             ] [node_1] had an error while performing operation on primary ([test][0] CurrentState[POST_RECOVERY] operation only allowed when started/recovering, origin [PRIMARY]), scheduling a retry.
[2014-02-18 16:11:11,430][DEBUG][cluster.service          ] [node_1] processing [zen-disco-receive(from master [[node_0][tbUF3y2YTPm1TPdTF8YBYw][Bills-MacBook-Pro.local][inet[/10.1.10.75:9300]]])]: done applying updated cluster_state (version: 10674)
[2014-02-18 16:11:11,431][DEBUG][cluster.service          ] [node_0] set local cluster state to version 10674
[2014-02-18 16:11:11,433][DEBUG][cluster.service          ] [node_0] processing [shard-started ([test][0], node[t8Mqv-hjRzqYCBodDxtrKQ], relocating [q75XUfcITqG3o93Z8EOFnw], [P], s[INITIALIZING]), reason [after recovery (replica) from node [[node_2][q75XUfcITqG3o93Z8EOFnw][Bills-MacBook-Pro.local][inet[/10.1.10.75:9302]]]]]: done applying updated cluster_state (version: 10674)
[2014-02-18 16:11:11,434][DEBUG][cluster.service          ] [node_0] processing [shard-started ([test][0], node[t8Mqv-hjRzqYCBodDxtrKQ], relocating [q75XUfcITqG3o93Z8EOFnw], [P], s[INITIALIZING]), reason [master [node_0][tbUF3y2YTPm1TPdTF8YBYw][Bills-MacBook-Pro.local][inet[/10.1.10.75:9300]] marked shard as initializing, but shard state is [POST_RECOVERY], mark shard as started]]: execute
[2014-02-18 16:11:11,434][DEBUG][cluster.service          ] [node_0] processing [shard-started ([test][0], node[t8Mqv-hjRzqYCBodDxtrKQ], relocating [q75XUfcITqG3o93Z8EOFnw], [P], s[INITIALIZING]), reason [master [node_0][tbUF3y2YTPm1TPdTF8YBYw][Bills-MacBook-Pro.local][inet[/10.1.10.75:9300]] marked shard as initializing, but shard state is [POST_RECOVERY], mark shard as started]]: no change in cluster_state
[2014-02-18 16:11:11,501][INFO ][recovery                 ] --> 10810 docs indexed
[2014-02-18 16:11:11,501][DEBUG][cluster.service          ] [node_0] processing [update-settings]: execute
[2014-02-18 16:11:11,502][DEBUG][cluster.service          ] [node_0] cluster state updated, version [10675], source [update-settings]
[2014-02-18 16:11:11,502][DEBUG][cluster.service          ] [node_0] publishing cluster state version 10675
[2014-02-18 16:11:11,503][DEBUG][cluster.service          ] [node_2] processing [zen-disco-receive(from master [[node_0][tbUF3y2YTPm1TPdTF8YBYw][Bills-MacBook-Pro.local][inet[/10.1.10.75:9300]]])]: execute
[2014-02-18 16:11:11,503][DEBUG][cluster.service          ] [node_1] processing [zen-disco-receive(from master [[node_0][tbUF3y2YTPm1TPdTF8YBYw][Bills-MacBook-Pro.local][inet[/10.1.10.75:9300]]])]: execute
[2014-02-18 16:11:11,503][DEBUG][cluster.service          ] [node_2] cluster state updated, version [10675], source [zen-disco-receive(from master [[node_0][tbUF3y2YTPm1TPdTF8YBYw][Bills-MacBook-Pro.local][inet[/10.1.10.75:9300]]])]
[2014-02-18 16:11:11,503][DEBUG][cluster.service          ] [node_1] cluster state updated, version [10675], source [zen-disco-receive(from master [[node_0][tbUF3y2YTPm1TPdTF8YBYw][Bills-MacBook-Pro.local][inet[/10.1.10.75:9300]]])]
[2014-02-18 16:11:11,503][DEBUG][cluster.service          ] [node_2] set local cluster state to version 10675
[2014-02-18 16:11:11,504][DEBUG][cluster.service          ] [node_1] set local cluster state to version 10675
[2014-02-18 16:11:11,504][TRACE][action.index             ] [node_1] cluster changed (version 10675), trying to start again
[2014-02-18 16:11:11,504][TRACE][action.index             ] [node_1] cluster changed (version 10675), trying to start again
[2014-02-18 16:11:11,504][TRACE][action.index             ] [node_1] cluster changed (version 10675), trying to start again
[2014-02-18 16:11:11,505][TRACE][action.index             ] [node_1] cluster changed (version 10675), trying to start again
[2014-02-18 16:11:11,506][DEBUG][cluster.service          ] [node_1] processing [zen-disco-receive(from master [[node_0][tbUF3y2YTPm1TPdTF8YBYw][Bills-MacBook-Pro.local][inet[/10.1.10.75:9300]]])]: done applying updated cluster_state (version: 10675)
[2014-02-18 16:11:11,539][DEBUG][cluster.service          ] [node_2] processing [zen-disco-receive(from master [[node_0][tbUF3y2YTPm1TPdTF8YBYw][Bills-MacBook-Pro.local][inet[/10.1.10.75:9300]]])]: done applying updated cluster_state (version: 10675)
[2014-02-18 16:11:11,540][DEBUG][cluster.service          ] [node_0] set local cluster state to version 10675
[2014-02-18 16:11:11,541][DEBUG][cluster.service          ] [node_0] processing [update-settings]: done applying updated cluster_state (version: 10675)
[2014-02-18 16:11:11,542][INFO ][recovery                 ] --> waiting for GREEN health status ...
[2014-02-18 16:11:11,542][DEBUG][cluster.service          ] [node_0] processing [cluster_health (wait_for_events [LANGUID])]: execute
[2014-02-18 16:11:11,542][DEBUG][cluster.service          ] [node_0] processing [cluster_health (wait_for_events [LANGUID])]: no change in cluster_state
[2014-02-18 16:11:11,543][INFO ][recovery                 ] --> waiting for 11037 docs to be indexed ...
[2014-02-18 16:11:11,545][INFO ][recovery                 ] --> 11037 docs indexed
[2014-02-18 16:11:11,546][DEBUG][cluster.service          ] [node_0] processing [update-settings]: execute
[2014-02-18 16:11:11,546][DEBUG][cluster.service          ] [node_0] cluster state updated, version [10676], source [update-settings]
[2014-02-18 16:11:11,547][DEBUG][cluster.service          ] [node_0] publishing cluster state version 10676
[2014-02-18 16:11:11,548][DEBUG][cluster.service          ] [node_2] processing [zen-disco-receive(from master [[node_0][tbUF3y2YTPm1TPdTF8YBYw][Bills-MacBook-Pro.local][inet[/10.1.10.75:9300]]])]: execute
[2014-02-18 16:11:11,548][DEBUG][cluster.service          ] [node_2] cluster state updated, version [10676], source [zen-disco-receive(from master [[node_0][tbUF3y2YTPm1TPdTF8YBYw][Bills-MacBook-Pro.local][inet[/10.1.10.75:9300]]])]
[2014-02-18 16:11:11,548][DEBUG][cluster.service          ] [node_2] set local cluster state to version 10676
[2014-02-18 16:11:11,548][DEBUG][cluster.service          ] [node_1] processing [zen-disco-receive(from master [[node_0][tbUF3y2YTPm1TPdTF8YBYw][Bills-MacBook-Pro.local][inet[/10.1.10.75:9300]]])]: execute
[2014-02-18 16:11:11,549][DEBUG][cluster.service          ] [node_1] cluster state updated, version [10676], source [zen-disco-receive(from master [[node_0][tbUF3y2YTPm1TPdTF8YBYw][Bills-MacBook-Pro.local][inet[/10.1.10.75:9300]]])]
[2014-02-18 16:11:11,549][DEBUG][cluster.service          ] [node_1] set local cluster state to version 10676
[2014-02-18 16:11:11,549][DEBUG][cluster.service          ] [node_2] processing [zen-disco-receive(from master [[node_0][tbUF3y2YTPm1TPdTF8YBYw][Bills-MacBook-Pro.local][inet[/10.1.10.75:9300]]])]: done applying updated cluster_state (version: 10676)
[2014-02-18 16:11:11,550][DEBUG][cluster.service          ] [node_1] processing [zen-disco-receive(from master [[node_0][tbUF3y2YTPm1TPdTF8YBYw][Bills-MacBook-Pro.local][inet[/10.1.10.75:9300]]])]: done applying updated cluster_state (version: 10676)
[2014-02-18 16:11:11,550][DEBUG][cluster.service          ] [node_0] set local cluster state to version 10676
[2014-02-18 16:11:11,551][DEBUG][cluster.service          ] [node_0] processing [update-settings]: done applying updated cluster_state (version: 10676)
[2014-02-18 16:11:11,551][INFO ][recovery                 ] --> waiting for GREEN health status ...
[2014-02-18 16:11:11,552][DEBUG][cluster.service          ] [node_0] processing [cluster_health (wait_for_events [LANGUID])]: execute
[2014-02-18 16:11:11,552][DEBUG][cluster.service          ] [node_0] processing [cluster_health (wait_for_events [LANGUID])]: no change in cluster_state
[2014-02-18 16:11:11,554][INFO ][recovery                 ] --> waiting for 11900 docs to be indexed ...
[2014-02-18 16:11:11,558][INFO ][recovery                 ] --> 11900 docs indexed
[2014-02-18 16:11:11,559][DEBUG][cluster.service          ] [node_0] processing [update-settings]: execute
[2014-02-18 16:11:11,560][DEBUG][cluster.service          ] [node_0] cluster state updated, version [10677], source [update-settings]
[2014-02-18 16:11:11,560][DEBUG][cluster.service          ] [node_0] publishing cluster state version 10677
[2014-02-18 16:11:11,561][DEBUG][cluster.service          ] [node_2] processing [zen-disco-receive(from master [[node_0][tbUF3y2YTPm1TPdTF8YBYw][Bills-MacBook-Pro.local][inet[/10.1.10.75:9300]]])]: execute
[2014-02-18 16:11:11,561][DEBUG][cluster.service          ] [node_1] processing [zen-disco-receive(from master [[node_0][tbUF3y2YTPm1TPdTF8YBYw][Bills-MacBook-Pro.local][inet[/10.1.10.75:9300]]])]: execute
[2014-02-18 16:11:11,562][DEBUG][cluster.service          ] [node_1] cluster state updated, version [10677], source [zen-disco-receive(from master [[node_0][tbUF3y2YTPm1TPdTF8YBYw][Bills-MacBook-Pro.local][inet[/10.1.10.75:9300]]])]
[2014-02-18 16:11:11,562][DEBUG][cluster.service          ] [node_1] set local cluster state to version 10677
[2014-02-18 16:11:11,562][DEBUG][cluster.service          ] [node_2] cluster state updated, version [10677], source [zen-disco-receive(from master [[node_0][tbUF3y2YTPm1TPdTF8YBYw][Bills-MacBook-Pro.local][inet[/10.1.10.75:9300]]])]
[2014-02-18 16:11:11,562][DEBUG][cluster.service          ] [node_2] set local cluster state to version 10677
[2014-02-18 16:11:11,563][DEBUG][cluster.service          ] [node_2] processing [zen-disco-receive(from master [[node_0][tbUF3y2YTPm1TPdTF8YBYw][Bills-MacBook-Pro.local][inet[/10.1.10.75:9300]]])]: done applying updated cluster_state (version: 10677)
[2014-02-18 16:11:11,564][DEBUG][cluster.service          ] [node_1] processing [zen-disco-receive(from master [[node_0][tbUF3y2YTPm1TPdTF8YBYw][Bills-MacBook-Pro.local][inet[/10.1.10.75:9300]]])]: done applying updated cluster_state (version: 10677)
[2014-02-18 16:11:11,564][DEBUG][cluster.service          ] [node_0] set local cluster state to version 10677
[2014-02-18 16:11:11,566][DEBUG][cluster.service          ] [node_0] processing [update-settings]: done applying updated cluster_state (version: 10677)
[2014-02-18 16:11:11,567][INFO ][recovery                 ] --> waiting for GREEN health status ...
[2014-02-18 16:11:11,568][DEBUG][cluster.service          ] [node_0] processing [cluster_health (wait_for_events [LANGUID])]: execute
[2014-02-18 16:11:11,568][DEBUG][cluster.service          ] [node_0] processing [cluster_health (wait_for_events [LANGUID])]: no change in cluster_state
[2014-02-18 16:11:11,569][INFO ][recovery                 ] --> waiting for 12755 docs to be indexed ...
[2014-02-18 16:11:11,571][INFO ][recovery                 ] --> 12755 docs indexed
[2014-02-18 16:11:11,572][DEBUG][cluster.service          ] [node_0] processing [update-settings]: execute
[2014-02-18 16:11:11,572][DEBUG][cluster.service          ] [node_0] cluster state updated, version [10678], source [update-settings]
[2014-02-18 16:11:11,573][DEBUG][cluster.service          ] [node_0] publishing cluster state version 10678
[2014-02-18 16:11:11,573][DEBUG][cluster.service          ] [node_1] processing [zen-disco-receive(from master [[node_0][tbUF3y2YTPm1TPdTF8YBYw][Bills-MacBook-Pro.local][inet[/10.1.10.75:9300]]])]: execute
[2014-02-18 16:11:11,573][DEBUG][cluster.service          ] [node_2] processing [zen-disco-receive(from master [[node_0][tbUF3y2YTPm1TPdTF8YBYw][Bills-MacBook-Pro.local][inet[/10.1.10.75:9300]]])]: execute
[2014-02-18 16:11:11,574][DEBUG][cluster.service          ] [node_1] cluster state updated, version [10678], source [zen-disco-receive(from master [[node_0][tbUF3y2YTPm1TPdTF8YBYw][Bills-MacBook-Pro.local][inet[/10.1.10.75:9300]]])]
[2014-02-18 16:11:11,574][DEBUG][cluster.service          ] [node_1] set local cluster state to version 10678
[2014-02-18 16:11:11,574][DEBUG][cluster.service          ] [node_2] cluster state updated, version [10678], source [zen-disco-receive(from master [[node_0][tbUF3y2YTPm1TPdTF8YBYw][Bills-MacBook-Pro.local][inet[/10.1.10.75:9300]]])]
[2014-02-18 16:11:11,574][DEBUG][cluster.service          ] [node_2] set local cluster state to version 10678
[2014-02-18 16:11:11,575][DEBUG][cluster.service          ] [node_2] processing [zen-disco-receive(from master [[node_0][tbUF3y2YTPm1TPdTF8YBYw][Bills-MacBook-Pro.local][inet[/10.1.10.75:9300]]])]: done applying updated cluster_state (version: 10678)
[2014-02-18 16:11:11,575][DEBUG][cluster.service          ] [node_1] processing [zen-disco-receive(from master [[node_0][tbUF3y2YTPm1TPdTF8YBYw][Bills-MacBook-Pro.local][inet[/10.1.10.75:9300]]])]: done applying updated cluster_state (version: 10678)
[2014-02-18 16:11:11,576][DEBUG][cluster.service          ] [node_0] set local cluster state to version 10678
[2014-02-18 16:11:11,577][DEBUG][cluster.service          ] [node_0] processing [update-settings]: done applying updated cluster_state (version: 10678)
[2014-02-18 16:11:11,578][INFO ][recovery                 ] --> waiting for GREEN health status ...
[2014-02-18 16:11:11,578][DEBUG][cluster.service          ] [node_0] processing [cluster_health (wait_for_events [LANGUID])]: execute
[2014-02-18 16:11:11,578][DEBUG][cluster.service          ] [node_0] processing [cluster_health (wait_for_events [LANGUID])]: no change in cluster_state
[2014-02-18 16:11:11,578][INFO ][recovery                 ] --> waiting for 12969 docs to be indexed ...
[2014-02-18 16:11:11,580][INFO ][recovery                 ] --> 12969 docs indexed
[2014-02-18 16:11:11,580][DEBUG][cluster.service          ] [node_0] processing [update-settings]: execute
[2014-02-18 16:11:11,581][DEBUG][cluster.service          ] [node_0] cluster state updated, version [10679], source [update-settings]
[2014-02-18 16:11:11,581][DEBUG][cluster.service          ] [node_0] publishing cluster state version 10679
[2014-02-18 16:11:11,582][DEBUG][cluster.service          ] [node_2] processing [zen-disco-receive(from master [[node_0][tbUF3y2YTPm1TPdTF8YBYw][Bills-MacBook-Pro.local][inet[/10.1.10.75:9300]]])]: execute
[2014-02-18 16:11:11,582][DEBUG][cluster.service          ] [node_2] cluster state updated, version [10679], source [zen-disco-receive(from master [[node_0][tbUF3y2YTPm1TPdTF8YBYw][Bills-MacBook-Pro.local][inet[/10.1.10.75:9300]]])]
[2014-02-18 16:11:11,582][DEBUG][cluster.service          ] [node_1] processing [zen-disco-receive(from master [[node_0][tbUF3y2YTPm1TPdTF8YBYw][Bills-MacBook-Pro.local][inet[/10.1.10.75:9300]]])]: execute
[2014-02-18 16:11:11,583][DEBUG][cluster.service          ] [node_1] cluster state updated, version [10679], source [zen-disco-receive(from master [[node_0][tbUF3y2YTPm1TPdTF8YBYw][Bills-MacBook-Pro.local][inet[/10.1.10.75:9300]]])]
[2014-02-18 16:11:11,583][DEBUG][cluster.service          ] [node_1] set local cluster state to version 10679
[2014-02-18 16:11:11,583][DEBUG][cluster.service          ] [node_2] set local cluster state to version 10679
[2014-02-18 16:11:11,584][DEBUG][cluster.service          ] [node_1] processing [zen-disco-receive(from master [[node_0][tbUF3y2YTPm1TPdTF8YBYw][Bills-MacBook-Pro.local][inet[/10.1.10.75:9300]]])]: done applying updated cluster_state (version: 10679)
[2014-02-18 16:11:11,584][DEBUG][cluster.service          ] [node_2] processing [zen-disco-receive(from master [[node_0][tbUF3y2YTPm1TPdTF8YBYw][Bills-MacBook-Pro.local][inet[/10.1.10.75:9300]]])]: done applying updated cluster_state (version: 10679)
[2014-02-18 16:11:11,584][DEBUG][cluster.service          ] [node_0] set local cluster state to version 10679
[2014-02-18 16:11:11,585][DEBUG][cluster.service          ] [node_0] processing [update-settings]: done applying updated cluster_state (version: 10679)
[2014-02-18 16:11:11,585][INFO ][recovery                 ] --> waiting for GREEN health status ...
[2014-02-18 16:11:11,586][DEBUG][cluster.service          ] [node_0] processing [cluster_health (wait_for_events [LANGUID])]: execute
[2014-02-18 16:11:11,586][DEBUG][cluster.service          ] [node_0] processing [cluster_health (wait_for_events [LANGUID])]: no change in cluster_state
[2014-02-18 16:11:11,587][INFO ][recovery                 ] --> waiting for 13419 docs to be indexed ...
[2014-02-18 16:11:12,017][DEBUG][cluster.service          ] [node_0] processing [shard-started ([test][1], node[q75XUfcITqG3o93Z8EOFnw], relocating [t8Mqv-hjRzqYCBodDxtrKQ], [P], s[INITIALIZING]), reason [after recovery (replica) from node [[node_1][t8Mqv-hjRzqYCBodDxtrKQ][Bills-MacBook-Pro.local][inet[/10.1.10.75:9301]]]]]: execute
[2014-02-18 16:11:12,017][DEBUG][cluster.service          ] [node_0] cluster state updated, version [10680], source [shard-started ([test][1], node[q75XUfcITqG3o93Z8EOFnw], relocating [t8Mqv-hjRzqYCBodDxtrKQ], [P], s[INITIALIZING]), reason [after recovery (replica) from node [[node_1][t8Mqv-hjRzqYCBodDxtrKQ][Bills-MacBook-Pro.local][inet[/10.1.10.75:9301]]]]]
[2014-02-18 16:11:12,018][DEBUG][cluster.service          ] [node_0] publishing cluster state version 10680
[2014-02-18 16:11:12,019][DEBUG][cluster.service          ] [node_1] processing [zen-disco-receive(from master [[node_0][tbUF3y2YTPm1TPdTF8YBYw][Bills-MacBook-Pro.local][inet[/10.1.10.75:9300]]])]: execute
[2014-02-18 16:11:12,019][DEBUG][cluster.service          ] [node_2] processing [zen-disco-receive(from master [[node_0][tbUF3y2YTPm1TPdTF8YBYw][Bills-MacBook-Pro.local][inet[/10.1.10.75:9300]]])]: execute
[2014-02-18 16:11:12,020][DEBUG][cluster.service          ] [node_2] cluster state updated, version [10680], source [zen-disco-receive(from master [[node_0][tbUF3y2YTPm1TPdTF8YBYw][Bills-MacBook-Pro.local][inet[/10.1.10.75:9300]]])]
[2014-02-18 16:11:12,020][DEBUG][cluster.service          ] [node_2] set local cluster state to version 10680
[2014-02-18 16:11:12,019][DEBUG][cluster.service          ] [node_1] cluster state updated, version [10680], source [zen-disco-receive(from master [[node_0][tbUF3y2YTPm1TPdTF8YBYw][Bills-MacBook-Pro.local][inet[/10.1.10.75:9300]]])]
[2014-02-18 16:11:12,020][DEBUG][cluster.service          ] [node_1] set local cluster state to version 10680
[2014-02-18 16:11:12,021][TRACE][action.index             ] [node_2] had an error while performing operation on primary ([test][1] CurrentState[POST_RECOVERY] operation only allowed when started/recovering, origin [PRIMARY]), scheduling a retry.
[2014-02-18 16:11:12,023][TRACE][action.index             ] [node_2] had an error while performing operation on primary ([test][1] CurrentState[POST_RECOVERY] operation only allowed when started/recovering, origin [PRIMARY]), scheduling a retry.
[2014-02-18 16:11:12,026][TRACE][action.index             ] [node_2] had an error while performing operation on primary ([test][1] CurrentState[POST_RECOVERY] operation only allowed when started/recovering, origin [PRIMARY]), scheduling a retry.
[2014-02-18 16:11:12,027][TRACE][action.index             ] [node_2] had an error while performing operation on primary ([test][1] CurrentState[POST_RECOVERY] operation only allowed when started/recovering, origin [PRIMARY]), scheduling a retry.
[2014-02-18 16:11:12,037][DEBUG][cluster.service          ] [node_2] processing [zen-disco-receive(from master [[node_0][tbUF3y2YTPm1TPdTF8YBYw][Bills-MacBook-Pro.local][inet[/10.1.10.75:9300]]])]: done applying updated cluster_state (version: 10680)
[2014-02-18 16:11:12,063][DEBUG][cluster.service          ] [node_1] processing [zen-disco-receive(from master [[node_0][tbUF3y2YTPm1TPdTF8YBYw][Bills-MacBook-Pro.local][inet[/10.1.10.75:9300]]])]: done applying updated cluster_state (version: 10680)
[2014-02-18 16:11:12,064][DEBUG][cluster.service          ] [node_0] set local cluster state to version 10680
[2014-02-18 16:11:12,066][DEBUG][cluster.service          ] [node_0] processing [shard-started ([test][1], node[q75XUfcITqG3o93Z8EOFnw], relocating [t8Mqv-hjRzqYCBodDxtrKQ], [P], s[INITIALIZING]), reason [after recovery (replica) from node [[node_1][t8Mqv-hjRzqYCBodDxtrKQ][Bills-MacBook-Pro.local][inet[/10.1.10.75:9301]]]]]: done applying updated cluster_state (version: 10680)
[2014-02-18 16:11:12,066][DEBUG][cluster.service          ] [node_0] processing [shard-started ([test][0], node[q75XUfcITqG3o93Z8EOFnw], relocating [t8Mqv-hjRzqYCBodDxtrKQ], [P], s[INITIALIZING]), reason [after recovery (replica) from node [[node_1][t8Mqv-hjRzqYCBodDxtrKQ][Bills-MacBook-Pro.local][inet[/10.1.10.75:9301]]]]]: execute
[2014-02-18 16:11:12,067][DEBUG][cluster.service          ] [node_0] processing [shard-started ([test][0], node[q75XUfcITqG3o93Z8EOFnw], relocating [t8Mqv-hjRzqYCBodDxtrKQ], [P], s[INITIALIZING]), reason [after recovery (replica) from node [[node_1][t8Mqv-hjRzqYCBodDxtrKQ][Bills-MacBook-Pro.local][inet[/10.1.10.75:9301]]]]]: no change in cluster_state
[2014-02-18 16:11:12,122][INFO ][recovery                 ] --> 13419 docs indexed
[2014-02-18 16:11:12,123][DEBUG][cluster.service          ] [node_0] processing [update-settings]: execute
[2014-02-18 16:11:12,123][DEBUG][cluster.service          ] [node_0] cluster state updated, version [10681], source [update-settings]
[2014-02-18 16:11:12,124][DEBUG][cluster.service          ] [node_0] publishing cluster state version 10681
[2014-02-18 16:11:12,124][DEBUG][cluster.service          ] [node_2] processing [zen-disco-receive(from master [[node_0][tbUF3y2YTPm1TPdTF8YBYw][Bills-MacBook-Pro.local][inet[/10.1.10.75:9300]]])]: execute
[2014-02-18 16:11:12,124][DEBUG][cluster.service          ] [node_1] processing [zen-disco-receive(from master [[node_0][tbUF3y2YTPm1TPdTF8YBYw][Bills-MacBook-Pro.local][inet[/10.1.10.75:9300]]])]: execute
[2014-02-18 16:11:12,124][DEBUG][cluster.service          ] [node_2] cluster state updated, version [10681], source [zen-disco-receive(from master [[node_0][tbUF3y2YTPm1TPdTF8YBYw][Bills-MacBook-Pro.local][inet[/10.1.10.75:9300]]])]
[2014-02-18 16:11:12,125][DEBUG][cluster.service          ] [node_1] cluster state updated, version [10681], source [zen-disco-receive(from master [[node_0][tbUF3y2YTPm1TPdTF8YBYw][Bills-MacBook-Pro.local][inet[/10.1.10.75:9300]]])]
[2014-02-18 16:11:12,125][DEBUG][cluster.service          ] [node_2] set local cluster state to version 10681
[2014-02-18 16:11:12,125][DEBUG][cluster.service          ] [node_1] set local cluster state to version 10681
[2014-02-18 16:11:12,125][TRACE][action.index             ] [node_2] cluster changed (version 10681), trying to start again
[2014-02-18 16:11:12,125][TRACE][action.index             ] [node_2] cluster changed (version 10681), trying to start again
[2014-02-18 16:11:12,125][TRACE][action.index             ] [node_2] cluster changed (version 10681), trying to start again
[2014-02-18 16:11:12,126][TRACE][action.index             ] [node_2] cluster changed (version 10681), trying to start again
[2014-02-18 16:11:12,126][DEBUG][cluster.service          ] [node_2] processing [zen-disco-receive(from master [[node_0][tbUF3y2YTPm1TPdTF8YBYw][Bills-MacBook-Pro.local][inet[/10.1.10.75:9300]]])]: done applying updated cluster_state (version: 10681)
[2014-02-18 16:11:12,180][DEBUG][cluster.service          ] [node_1] processing [zen-disco-receive(from master [[node_0][tbUF3y2YTPm1TPdTF8YBYw][Bills-MacBook-Pro.local][inet[/10.1.10.75:9300]]])]: done applying updated cluster_state (version: 10681)
[2014-02-18 16:11:12,181][DEBUG][cluster.service          ] [node_0] set local cluster state to version 10681
[2014-02-18 16:11:12,183][DEBUG][cluster.service          ] [node_0] processing [update-settings]: done applying updated cluster_state (version: 10681)
[2014-02-18 16:11:12,184][INFO ][recovery                 ] --> waiting for GREEN health status ...
[2014-02-18 16:11:12,185][DEBUG][cluster.service          ] [node_0] processing [cluster_health (wait_for_events [LANGUID])]: execute
[2014-02-18 16:11:12,186][DEBUG][cluster.service          ] [node_0] processing [cluster_health (wait_for_events [LANGUID])]: no change in cluster_state
[2014-02-18 16:11:12,188][INFO ][recovery                 ] --> waiting for 13878 docs to be indexed ...
[2014-02-18 16:11:12,190][INFO ][recovery                 ] --> 13878 docs indexed
[2014-02-18 16:11:12,191][DEBUG][cluster.service          ] [node_0] processing [update-settings]: execute
[2014-02-18 16:11:12,191][DEBUG][cluster.service          ] [node_0] cluster state updated, version [10682], source [update-settings]
[2014-02-18 16:11:12,191][DEBUG][cluster.service          ] [node_0] publishing cluster state version 10682
[2014-02-18 16:11:12,192][DEBUG][cluster.service          ] [node_2] processing [zen-disco-receive(from master [[node_0][tbUF3y2YTPm1TPdTF8YBYw][Bills-MacBook-Pro.local][inet[/10.1.10.75:9300]]])]: execute
[2014-02-18 16:11:12,193][DEBUG][cluster.service          ] [node_2] cluster state updated, version [10682], source [zen-disco-receive(from master [[node_0][tbUF3y2YTPm1TPdTF8YBYw][Bills-MacBook-Pro.local][inet[/10.1.10.75:9300]]])]
[2014-02-18 16:11:12,193][DEBUG][cluster.service          ] [node_2] set local cluster state to version 10682
[2014-02-18 16:11:12,192][DEBUG][cluster.service          ] [node_1] processing [zen-disco-receive(from master [[node_0][tbUF3y2YTPm1TPdTF8YBYw][Bills-MacBook-Pro.local][inet[/10.1.10.75:9300]]])]: execute
[2014-02-18 16:11:12,194][DEBUG][cluster.service          ] [node_1] cluster state updated, version [10682], source [zen-disco-receive(from master [[node_0][tbUF3y2YTPm1TPdTF8YBYw][Bills-MacBook-Pro.local][inet[/10.1.10.75:9300]]])]
[2014-02-18 16:11:12,194][DEBUG][cluster.service          ] [node_1] set local cluster state to version 10682
[2014-02-18 16:11:12,194][DEBUG][cluster.service          ] [node_2] processing [zen-disco-receive(from master [[node_0][tbUF3y2YTPm1TPdTF8YBYw][Bills-MacBook-Pro.local][inet[/10.1.10.75:9300]]])]: done applying updated cluster_state (version: 10682)
[2014-02-18 16:11:12,196][DEBUG][cluster.service          ] [node_1] processing [zen-disco-receive(from master [[node_0][tbUF3y2YTPm1TPdTF8YBYw][Bills-MacBook-Pro.local][inet[/10.1.10.75:9300]]])]: done applying updated cluster_state (version: 10682)
[2014-02-18 16:11:12,197][DEBUG][cluster.service          ] [node_0] set local cluster state to version 10682
[2014-02-18 16:11:12,198][DEBUG][cluster.service          ] [node_0] processing [update-settings]: done applying updated cluster_state (version: 10682)
[2014-02-18 16:11:12,198][INFO ][recovery                 ] --> waiting for GREEN health status ...
[2014-02-18 16:11:12,199][DEBUG][cluster.service          ] [node_0] processing [cluster_health (wait_for_events [LANGUID])]: execute
[2014-02-18 16:11:12,199][DEBUG][cluster.service          ] [node_0] processing [cluster_health (wait_for_events [LANGUID])]: no change in cluster_state
[2014-02-18 16:11:12,200][INFO ][recovery                 ] --> waiting for 14134 docs to be indexed ...
[2014-02-18 16:11:12,596][DEBUG][cluster.service          ] [node_0] processing [shard-started ([test][0], node[t8Mqv-hjRzqYCBodDxtrKQ], relocating [q75XUfcITqG3o93Z8EOFnw], [P], s[INITIALIZING]), reason [after recovery (replica) from node [[node_2][q75XUfcITqG3o93Z8EOFnw][Bills-MacBook-Pro.local][inet[/10.1.10.75:9302]]]]]: execute
[2014-02-18 16:11:12,597][DEBUG][cluster.service          ] [node_0] cluster state updated, version [10683], source [shard-started ([test][0], node[t8Mqv-hjRzqYCBodDxtrKQ], relocating [q75XUfcITqG3o93Z8EOFnw], [P], s[INITIALIZING]), reason [after recovery (replica) from node [[node_2][q75XUfcITqG3o93Z8EOFnw][Bills-MacBook-Pro.local][inet[/10.1.10.75:9302]]]]]
[2014-02-18 16:11:12,597][DEBUG][cluster.service          ] [node_0] publishing cluster state version 10683
[2014-02-18 16:11:12,598][DEBUG][cluster.service          ] [node_2] processing [zen-disco-receive(from master [[node_0][tbUF3y2YTPm1TPdTF8YBYw][Bills-MacBook-Pro.local][inet[/10.1.10.75:9300]]])]: execute
[2014-02-18 16:11:12,598][DEBUG][cluster.service          ] [node_1] processing [zen-disco-receive(from master [[node_0][tbUF3y2YTPm1TPdTF8YBYw][Bills-MacBook-Pro.local][inet[/10.1.10.75:9300]]])]: execute
[2014-02-18 16:11:12,599][DEBUG][cluster.service          ] [node_1] cluster state updated, version [10683], source [zen-disco-receive(from master [[node_0][tbUF3y2YTPm1TPdTF8YBYw][Bills-MacBook-Pro.local][inet[/10.1.10.75:9300]]])]
[2014-02-18 16:11:12,598][DEBUG][cluster.service          ] [node_2] cluster state updated, version [10683], source [zen-disco-receive(from master [[node_0][tbUF3y2YTPm1TPdTF8YBYw][Bills-MacBook-Pro.local][inet[/10.1.10.75:9300]]])]
[2014-02-18 16:11:12,599][DEBUG][cluster.service          ] [node_1] set local cluster state to version 10683
[2014-02-18 16:11:12,599][DEBUG][cluster.service          ] [node_2] set local cluster state to version 10683
[2014-02-18 16:11:12,600][DEBUG][cluster.service          ] [node_2] processing [zen-disco-receive(from master [[node_0][tbUF3y2YTPm1TPdTF8YBYw][Bills-MacBook-Pro.local][inet[/10.1.10.75:9300]]])]: done applying updated cluster_state (version: 10683)
[2014-02-18 16:11:12,640][DEBUG][cluster.service          ] [node_1] processing [zen-disco-receive(from master [[node_0][tbUF3y2YTPm1TPdTF8YBYw][Bills-MacBook-Pro.local][inet[/10.1.10.75:9300]]])]: done applying updated cluster_state (version: 10683)
[2014-02-18 16:11:12,640][DEBUG][cluster.service          ] [node_0] set local cluster state to version 10683
[2014-02-18 16:11:12,642][DEBUG][cluster.service          ] [node_0] processing [shard-started ([test][0], node[t8Mqv-hjRzqYCBodDxtrKQ], relocating [q75XUfcITqG3o93Z8EOFnw], [P], s[INITIALIZING]), reason [after recovery (replica) from node [[node_2][q75XUfcITqG3o93Z8EOFnw][Bills-MacBook-Pro.local][inet[/10.1.10.75:9302]]]]]: done applying updated cluster_state (version: 10683)
[2014-02-18 16:11:12,642][DEBUG][cluster.service          ] [node_0] processing [shard-started ([test][0], node[q75XUfcITqG3o93Z8EOFnw], relocating [t8Mqv-hjRzqYCBodDxtrKQ], [P], s[INITIALIZING]), reason [master [node_0][tbUF3y2YTPm1TPdTF8YBYw][Bills-MacBook-Pro.local][inet[/10.1.10.75:9300]] marked shard as initializing, but shard state is [STARTED], mark shard as started]]: execute
[2014-02-18 16:11:12,643][DEBUG][cluster.service          ] [node_0] cluster state updated, version [10684], source [shard-started ([test][0], node[q75XUfcITqG3o93Z8EOFnw], relocating [t8Mqv-hjRzqYCBodDxtrKQ], [P], s[INITIALIZING]), reason [master [node_0][tbUF3y2YTPm1TPdTF8YBYw][Bills-MacBook-Pro.local][inet[/10.1.10.75:9300]] marked shard as initializing, but shard state is [STARTED], mark shard as started]]
[2014-02-18 16:11:12,643][DEBUG][cluster.service          ] [node_0] publishing cluster state version 10684
[2014-02-18 16:11:12,644][DEBUG][cluster.service          ] [node_1] processing [zen-disco-receive(from master [[node_0][tbUF3y2YTPm1TPdTF8YBYw][Bills-MacBook-Pro.local][inet[/10.1.10.75:9300]]])]: execute
[2014-02-18 16:11:12,644][DEBUG][cluster.service          ] [node_2] processing [zen-disco-receive(from master [[node_0][tbUF3y2YTPm1TPdTF8YBYw][Bills-MacBook-Pro.local][inet[/10.1.10.75:9300]]])]: execute
[2014-02-18 16:11:12,644][DEBUG][cluster.service          ] [node_1] cluster state updated, version [10684], source [zen-disco-receive(from master [[node_0][tbUF3y2YTPm1TPdTF8YBYw][Bills-MacBook-Pro.local][inet[/10.1.10.75:9300]]])]
[2014-02-18 16:11:12,645][DEBUG][cluster.service          ] [node_1] set local cluster state to version 10684
[2014-02-18 16:11:12,645][DEBUG][cluster.service          ] [node_2] cluster state updated, version [10684], source [zen-disco-receive(from master [[node_0][tbUF3y2YTPm1TPdTF8YBYw][Bills-MacBook-Pro.local][inet[/10.1.10.75:9300]]])]
[2014-02-18 16:11:12,645][DEBUG][cluster.service          ] [node_2] set local cluster state to version 10684
[2014-02-18 16:11:12,645][DEBUG][cluster.service          ] [node_2] processing [zen-disco-receive(from master [[node_0][tbUF3y2YTPm1TPdTF8YBYw][Bills-MacBook-Pro.local][inet[/10.1.10.75:9300]]])]: done applying updated cluster_state (version: 10684)
[2014-02-18 16:11:12,653][DEBUG][cluster.service          ] [node_1] processing [zen-disco-receive(from master [[node_0][tbUF3y2YTPm1TPdTF8YBYw][Bills-MacBook-Pro.local][inet[/10.1.10.75:9300]]])]: done applying updated cluster_state (version: 10684)
[2014-02-18 16:11:12,654][DEBUG][cluster.service          ] [node_0] set local cluster state to version 10684
[2014-02-18 16:11:12,656][DEBUG][cluster.service          ] [node_0] processing [shard-started ([test][0], node[q75XUfcITqG3o93Z8EOFnw], relocating [t8Mqv-hjRzqYCBodDxtrKQ], [P], s[INITIALIZING]), reason [master [node_0][tbUF3y2YTPm1TPdTF8YBYw][Bills-MacBook-Pro.local][inet[/10.1.10.75:9300]] marked shard as initializing, but shard state is [STARTED], mark shard as started]]: done applying updated cluster_state (version: 10684)
[2014-02-18 16:11:12,730][INFO ][recovery                 ] --> 14134 docs indexed
[2014-02-18 16:11:12,730][DEBUG][cluster.service          ] [node_0] processing [update-settings]: execute
[2014-02-18 16:11:12,731][DEBUG][cluster.service          ] [node_0] cluster state updated, version [10685], source [update-settings]
[2014-02-18 16:11:12,731][DEBUG][cluster.service          ] [node_0] publishing cluster state version 10685
[2014-02-18 16:11:12,732][DEBUG][cluster.service          ] [node_2] processing [zen-disco-receive(from master [[node_0][tbUF3y2YTPm1TPdTF8YBYw][Bills-MacBook-Pro.local][inet[/10.1.10.75:9300]]])]: execute
[2014-02-18 16:11:12,733][DEBUG][cluster.service          ] [node_2] cluster state updated, version [10685], source [zen-disco-receive(from master [[node_0][tbUF3y2YTPm1TPdTF8YBYw][Bills-MacBook-Pro.local][inet[/10.1.10.75:9300]]])]
[2014-02-18 16:11:12,733][DEBUG][cluster.service          ] [node_2] set local cluster state to version 10685
[2014-02-18 16:11:12,732][DEBUG][cluster.service          ] [node_1] processing [zen-disco-receive(from master [[node_0][tbUF3y2YTPm1TPdTF8YBYw][Bills-MacBook-Pro.local][inet[/10.1.10.75:9300]]])]: execute
[2014-02-18 16:11:12,733][DEBUG][cluster.service          ] [node_1] cluster state updated, version [10685], source [zen-disco-receive(from master [[node_0][tbUF3y2YTPm1TPdTF8YBYw][Bills-MacBook-Pro.local][inet[/10.1.10.75:9300]]])]
[2014-02-18 16:11:12,733][DEBUG][cluster.service          ] [node_1] set local cluster state to version 10685
[2014-02-18 16:11:12,733][DEBUG][cluster.service          ] [node_2] processing [zen-disco-receive(from master [[node_0][tbUF3y2YTPm1TPdTF8YBYw][Bills-MacBook-Pro.local][inet[/10.1.10.75:9300]]])]: done applying updated cluster_state (version: 10685)
[2014-02-18 16:11:12,763][DEBUG][cluster.service          ] [node_1] processing [zen-disco-receive(from master [[node_0][tbUF3y2YTPm1TPdTF8YBYw][Bills-MacBook-Pro.local][inet[/10.1.10.75:9300]]])]: done applying updated cluster_state (version: 10685)
[2014-02-18 16:11:12,763][DEBUG][cluster.service          ] [node_0] set local cluster state to version 10685
[2014-02-18 16:11:12,765][DEBUG][cluster.service          ] [node_0] processing [update-settings]: done applying updated cluster_state (version: 10685)
[2014-02-18 16:11:12,765][INFO ][recovery                 ] --> waiting for GREEN health status ...
[2014-02-18 16:11:12,765][DEBUG][cluster.service          ] [node_0] processing [shard-started ([test][1], node[t8Mqv-hjRzqYCBodDxtrKQ], relocating [q75XUfcITqG3o93Z8EOFnw], [P], s[INITIALIZING]), reason [after recovery (replica) from node [[node_2][q75XUfcITqG3o93Z8EOFnw][Bills-MacBook-Pro.local][inet[/10.1.10.75:9302]]]]]: execute
[2014-02-18 16:11:12,766][DEBUG][cluster.service          ] [node_0] cluster state updated, version [10686], source [shard-started ([test][1], node[t8Mqv-hjRzqYCBodDxtrKQ], relocating [q75XUfcITqG3o93Z8EOFnw], [P], s[INITIALIZING]), reason [after recovery (replica) from node [[node_2][q75XUfcITqG3o93Z8EOFnw][Bills-MacBook-Pro.local][inet[/10.1.10.75:9302]]]]]
[2014-02-18 16:11:12,766][DEBUG][cluster.service          ] [node_0] publishing cluster state version 10686
[2014-02-18 16:11:12,767][DEBUG][cluster.service          ] [node_2] processing [zen-disco-receive(from master [[node_0][tbUF3y2YTPm1TPdTF8YBYw][Bills-MacBook-Pro.local][inet[/10.1.10.75:9300]]])]: execute
[2014-02-18 16:11:12,767][DEBUG][cluster.service          ] [node_2] cluster state updated, version [10686], source [zen-disco-receive(from master [[node_0][tbUF3y2YTPm1TPdTF8YBYw][Bills-MacBook-Pro.local][inet[/10.1.10.75:9300]]])]
[2014-02-18 16:11:12,767][DEBUG][cluster.service          ] [node_2] set local cluster state to version 10686
[2014-02-18 16:11:12,768][DEBUG][cluster.service          ] [node_1] processing [zen-disco-receive(from master [[node_0][tbUF3y2YTPm1TPdTF8YBYw][Bills-MacBook-Pro.local][inet[/10.1.10.75:9300]]])]: execute
[2014-02-18 16:11:12,769][DEBUG][cluster.service          ] [node_1] cluster state updated, version [10686], source [zen-disco-receive(from master [[node_0][tbUF3y2YTPm1TPdTF8YBYw][Bills-MacBook-Pro.local][inet[/10.1.10.75:9300]]])]
[2014-02-18 16:11:12,769][DEBUG][cluster.service          ] [node_1] set local cluster state to version 10686
[2014-02-18 16:11:12,769][TRACE][action.index             ] [node_1] had an error while performing operation on primary ([test][1] CurrentState[POST_RECOVERY] operation only allowed when started/recovering, origin [PRIMARY]), scheduling a retry.
[2014-02-18 16:11:12,769][TRACE][action.index             ] [node_1] had an error while performing operation on primary ([test][1] CurrentState[POST_RECOVERY] operation only allowed when started/recovering, origin [PRIMARY]), scheduling a retry.
[2014-02-18 16:11:12,770][TRACE][action.index             ] [node_2] had an error while performing operation on primary ([test][1] missing), scheduling a retry.
[2014-02-18 16:11:12,773][TRACE][action.index             ] [node_1] had an error while performing operation on primary ([test][1] CurrentState[POST_RECOVERY] operation only allowed when started/recovering, origin [PRIMARY]), scheduling a retry.
[2014-02-18 16:11:12,783][DEBUG][cluster.service          ] [node_2] processing [zen-disco-receive(from master [[node_0][tbUF3y2YTPm1TPdTF8YBYw][Bills-MacBook-Pro.local][inet[/10.1.10.75:9300]]])]: done applying updated cluster_state (version: 10686)
[2014-02-18 16:11:12,784][TRACE][action.index             ] [node_2] state change while we were trying to add listener, trying to start again, sampled_version [10685], current_version [10686]
[2014-02-18 16:11:12,784][TRACE][action.index             ] [node_1] had an error while performing operation on primary ([test][1] CurrentState[POST_RECOVERY] operation only allowed when started/recovering, origin [PRIMARY]), scheduling a retry.
[2014-02-18 16:11:12,837][DEBUG][cluster.service          ] [node_1] processing [zen-disco-receive(from master [[node_0][tbUF3y2YTPm1TPdTF8YBYw][Bills-MacBook-Pro.local][inet[/10.1.10.75:9300]]])]: done applying updated cluster_state (version: 10686)
[2014-02-18 16:11:12,838][DEBUG][cluster.service          ] [node_0] set local cluster state to version 10686
[2014-02-18 16:11:12,840][DEBUG][cluster.service          ] [node_0] processing [shard-started ([test][1], node[t8Mqv-hjRzqYCBodDxtrKQ], relocating [q75XUfcITqG3o93Z8EOFnw], [P], s[INITIALIZING]), reason [after recovery (replica) from node [[node_2][q75XUfcITqG3o93Z8EOFnw][Bills-MacBook-Pro.local][inet[/10.1.10.75:9302]]]]]: done applying updated cluster_state (version: 10686)
[2014-02-18 16:11:12,840][DEBUG][cluster.service          ] [node_0] processing [shard-started ([test][1], node[t8Mqv-hjRzqYCBodDxtrKQ], relocating [q75XUfcITqG3o93Z8EOFnw], [P], s[INITIALIZING]), reason [master [node_0][tbUF3y2YTPm1TPdTF8YBYw][Bills-MacBook-Pro.local][inet[/10.1.10.75:9300]] marked shard as initializing, but shard state is [POST_RECOVERY], mark shard as started]]: execute
[2014-02-18 16:11:12,840][DEBUG][cluster.service          ] [node_0] processing [shard-started ([test][1], node[t8Mqv-hjRzqYCBodDxtrKQ], relocating [q75XUfcITqG3o93Z8EOFnw], [P], s[INITIALIZING]), reason [master [node_0][tbUF3y2YTPm1TPdTF8YBYw][Bills-MacBook-Pro.local][inet[/10.1.10.75:9300]] marked shard as initializing, but shard state is [POST_RECOVERY], mark shard as started]]: no change in cluster_state
[2014-02-18 16:11:12,841][DEBUG][cluster.service          ] [node_0] processing [cluster_health (wait_for_events [LANGUID])]: execute
[2014-02-18 16:11:12,841][DEBUG][cluster.service          ] [node_0] processing [cluster_health (wait_for_events [LANGUID])]: no change in cluster_state
[2014-02-18 16:11:12,841][INFO ][recovery                 ] --> waiting for 14813 docs to be indexed ...
[2014-02-18 16:11:13,024][DEBUG][cluster.service          ] [node_0] processing [shard-started ([test][0], node[t8Mqv-hjRzqYCBodDxtrKQ], relocating [q75XUfcITqG3o93Z8EOFnw], [P], s[INITIALIZING]), reason [after recovery (replica) from node [[node_2][q75XUfcITqG3o93Z8EOFnw][Bills-MacBook-Pro.local][inet[/10.1.10.75:9302]]]]]: execute
[2014-02-18 16:11:13,025][DEBUG][cluster.service          ] [node_0] cluster state updated, version [10687], source [shard-started ([test][0], node[t8Mqv-hjRzqYCBodDxtrKQ], relocating [q75XUfcITqG3o93Z8EOFnw], [P], s[INITIALIZING]), reason [after recovery (replica) from node [[node_2][q75XUfcITqG3o93Z8EOFnw][Bills-MacBook-Pro.local][inet[/10.1.10.75:9302]]]]]
[2014-02-18 16:11:13,025][DEBUG][cluster.service          ] [node_0] publishing cluster state version 10687
[2014-02-18 16:11:13,026][DEBUG][cluster.service          ] [node_1] processing [zen-disco-receive(from master [[node_0][tbUF3y2YTPm1TPdTF8YBYw][Bills-MacBook-Pro.local][inet[/10.1.10.75:9300]]])]: execute
[2014-02-18 16:11:13,026][DEBUG][cluster.service          ] [node_1] cluster state updated, version [10687], source [zen-disco-receive(from master [[node_0][tbUF3y2YTPm1TPdTF8YBYw][Bills-MacBook-Pro.local][inet[/10.1.10.75:9300]]])]
[2014-02-18 16:11:13,026][DEBUG][cluster.service          ] [node_2] processing [zen-disco-receive(from master [[node_0][tbUF3y2YTPm1TPdTF8YBYw][Bills-MacBook-Pro.local][inet[/10.1.10.75:9300]]])]: execute
[2014-02-18 16:11:13,026][DEBUG][cluster.service          ] [node_1] set local cluster state to version 10687
[2014-02-18 16:11:13,027][DEBUG][cluster.service          ] [node_2] cluster state updated, version [10687], source [zen-disco-receive(from master [[node_0][tbUF3y2YTPm1TPdTF8YBYw][Bills-MacBook-Pro.local][inet[/10.1.10.75:9300]]])]
[2014-02-18 16:11:13,027][DEBUG][cluster.service          ] [node_2] set local cluster state to version 10687
[2014-02-18 16:11:13,027][TRACE][action.index             ] [node_1] cluster changed (version 10687), trying to start again
[2014-02-18 16:11:13,027][TRACE][action.index             ] [node_1] cluster changed (version 10687), trying to start again
[2014-02-18 16:11:13,027][TRACE][action.index             ] [node_1] cluster changed (version 10687), trying to start again
[2014-02-18 16:11:13,028][TRACE][action.index             ] [node_1] cluster changed (version 10687), trying to start again
[2014-02-18 16:11:13,029][DEBUG][cluster.service          ] [node_1] processing [zen-disco-receive(from master [[node_0][tbUF3y2YTPm1TPdTF8YBYw][Bills-MacBook-Pro.local][inet[/10.1.10.75:9300]]])]: done applying updated cluster_state (version: 10687)
[2014-02-18 16:11:13,275][DEBUG][cluster.service          ] [node_2] processing [zen-disco-receive(from master [[node_0][tbUF3y2YTPm1TPdTF8YBYw][Bills-MacBook-Pro.local][inet[/10.1.10.75:9300]]])]: done applying updated cluster_state (version: 10687)
[2014-02-18 16:11:13,275][DEBUG][cluster.service          ] [node_0] set local cluster state to version 10687
[2014-02-18 16:11:13,278][DEBUG][cluster.service          ] [node_0] processing [shard-started ([test][0], node[t8Mqv-hjRzqYCBodDxtrKQ], relocating [q75XUfcITqG3o93Z8EOFnw], [P], s[INITIALIZING]), reason [after recovery (replica) from node [[node_2][q75XUfcITqG3o93Z8EOFnw][Bills-MacBook-Pro.local][inet[/10.1.10.75:9302]]]]]: done applying updated cluster_state (version: 10687)
[2014-02-18 16:11:13,885][INFO ][recovery                 ] --> 14813 docs indexed
[2014-02-18 16:11:13,885][DEBUG][cluster.service          ] [node_0] processing [update-settings]: execute
[2014-02-18 16:11:13,886][DEBUG][cluster.service          ] [node_0] cluster state updated, version [10688], source [update-settings]
[2014-02-18 16:11:13,886][DEBUG][cluster.service          ] [node_0] publishing cluster state version 10688
[2014-02-18 16:11:13,887][DEBUG][cluster.service          ] [node_2] processing [zen-disco-receive(from master [[node_0][tbUF3y2YTPm1TPdTF8YBYw][Bills-MacBook-Pro.local][inet[/10.1.10.75:9300]]])]: execute
[2014-02-18 16:11:13,887][DEBUG][cluster.service          ] [node_1] processing [zen-disco-receive(from master [[node_0][tbUF3y2YTPm1TPdTF8YBYw][Bills-MacBook-Pro.local][inet[/10.1.10.75:9300]]])]: execute
[2014-02-18 16:11:13,888][DEBUG][cluster.service          ] [node_2] cluster state updated, version [10688], source [zen-disco-receive(from master [[node_0][tbUF3y2YTPm1TPdTF8YBYw][Bills-MacBook-Pro.local][inet[/10.1.10.75:9300]]])]
[2014-02-18 16:11:13,888][DEBUG][cluster.service          ] [node_2] set local cluster state to version 10688
[2014-02-18 16:11:13,888][DEBUG][cluster.service          ] [node_1] cluster state updated, version [10688], source [zen-disco-receive(from master [[node_0][tbUF3y2YTPm1TPdTF8YBYw][Bills-MacBook-Pro.local][inet[/10.1.10.75:9300]]])]
[2014-02-18 16:11:13,889][DEBUG][cluster.service          ] [node_1] set local cluster state to version 10688
[2014-02-18 16:11:13,890][DEBUG][cluster.service          ] [node_1] processing [zen-disco-receive(from master [[node_0][tbUF3y2YTPm1TPdTF8YBYw][Bills-MacBook-Pro.local][inet[/10.1.10.75:9300]]])]: done applying updated cluster_state (version: 10688)
[2014-02-18 16:11:13,920][DEBUG][cluster.service          ] [node_2] processing [zen-disco-receive(from master [[node_0][tbUF3y2YTPm1TPdTF8YBYw][Bills-MacBook-Pro.local][inet[/10.1.10.75:9300]]])]: done applying updated cluster_state (version: 10688)
[2014-02-18 16:11:13,920][DEBUG][cluster.service          ] [node_0] set local cluster state to version 10688
[2014-02-18 16:11:13,922][DEBUG][cluster.service          ] [node_0] processing [update-settings]: done applying updated cluster_state (version: 10688)
[2014-02-18 16:11:13,922][INFO ][recovery                 ] --> waiting for GREEN health status ...
[2014-02-18 16:11:13,923][DEBUG][cluster.service          ] [node_0] processing [cluster_health (wait_for_events [LANGUID])]: execute
[2014-02-18 16:11:13,923][DEBUG][cluster.service          ] [node_0] processing [cluster_health (wait_for_events [LANGUID])]: no change in cluster_state
[2014-02-18 16:11:13,924][INFO ][recovery                 ] --> waiting for 15623 docs to be indexed ...
[2014-02-18 16:11:13,926][INFO ][recovery                 ] --> 15623 docs indexed
[2014-02-18 16:11:13,927][DEBUG][cluster.service          ] [node_0] processing [update-settings]: execute
[2014-02-18 16:11:13,927][DEBUG][cluster.service          ] [node_0] cluster state updated, version [10689], source [update-settings]
[2014-02-18 16:11:13,928][DEBUG][cluster.service          ] [node_0] publishing cluster state version 10689
[2014-02-18 16:11:13,928][DEBUG][cluster.service          ] [node_2] processing [zen-disco-receive(from master [[node_0][tbUF3y2YTPm1TPdTF8YBYw][Bills-MacBook-Pro.local][inet[/10.1.10.75:9300]]])]: execute
[2014-02-18 16:11:13,929][DEBUG][cluster.service          ] [node_2] cluster state updated, version [10689], source [zen-disco-receive(from master [[node_0][tbUF3y2YTPm1TPdTF8YBYw][Bills-MacBook-Pro.local][inet[/10.1.10.75:9300]]])]
[2014-02-18 16:11:13,928][DEBUG][cluster.service          ] [node_1] processing [zen-disco-receive(from master [[node_0][tbUF3y2YTPm1TPdTF8YBYw][Bills-MacBook-Pro.local][inet[/10.1.10.75:9300]]])]: execute
[2014-02-18 16:11:13,929][DEBUG][cluster.service          ] [node_2] set local cluster state to version 10689
[2014-02-18 16:11:13,929][DEBUG][cluster.service          ] [node_1] cluster state updated, version [10689], source [zen-disco-receive(from master [[node_0][tbUF3y2YTPm1TPdTF8YBYw][Bills-MacBook-Pro.local][inet[/10.1.10.75:9300]]])]
[2014-02-18 16:11:13,930][DEBUG][cluster.service          ] [node_1] set local cluster state to version 10689
[2014-02-18 16:11:13,930][DEBUG][cluster.service          ] [node_2] processing [zen-disco-receive(from master [[node_0][tbUF3y2YTPm1TPdTF8YBYw][Bills-MacBook-Pro.local][inet[/10.1.10.75:9300]]])]: done applying updated cluster_state (version: 10689)
[2014-02-18 16:11:13,932][DEBUG][cluster.service          ] [node_1] processing [zen-disco-receive(from master [[node_0][tbUF3y2YTPm1TPdTF8YBYw][Bills-MacBook-Pro.local][inet[/10.1.10.75:9300]]])]: done applying updated cluster_state (version: 10689)
[2014-02-18 16:11:13,932][DEBUG][cluster.service          ] [node_0] set local cluster state to version 10689
[2014-02-18 16:11:13,933][DEBUG][cluster.service          ] [node_0] processing [update-settings]: done applying updated cluster_state (version: 10689)
[2014-02-18 16:11:13,933][INFO ][recovery                 ] --> waiting for GREEN health status ...
[2014-02-18 16:11:13,934][DEBUG][cluster.service          ] [node_0] processing [cluster_health (wait_for_events [LANGUID])]: execute
[2014-02-18 16:11:13,934][DEBUG][cluster.service          ] [node_0] processing [cluster_health (wait_for_events [LANGUID])]: no change in cluster_state
[2014-02-18 16:11:13,935][INFO ][recovery                 ] --> waiting for 16353 docs to be indexed ...
[2014-02-18 16:11:13,941][INFO ][recovery                 ] --> 16353 docs indexed
[2014-02-18 16:11:13,942][DEBUG][cluster.service          ] [node_0] processing [update-settings]: execute
[2014-02-18 16:11:13,942][DEBUG][cluster.service          ] [node_0] cluster state updated, version [10690], source [update-settings]
[2014-02-18 16:11:13,943][DEBUG][cluster.service          ] [node_0] publishing cluster state version 10690
[2014-02-18 16:11:13,944][DEBUG][cluster.service          ] [node_1] processing [zen-disco-receive(from master [[node_0][tbUF3y2YTPm1TPdTF8YBYw][Bills-MacBook-Pro.local][inet[/10.1.10.75:9300]]])]: execute
[2014-02-18 16:11:13,944][DEBUG][cluster.service          ] [node_1] cluster state updated, version [10690], source [zen-disco-receive(from master [[node_0][tbUF3y2YTPm1TPdTF8YBYw][Bills-MacBook-Pro.local][inet[/10.1.10.75:9300]]])]
[2014-02-18 16:11:13,945][DEBUG][cluster.service          ] [node_1] set local cluster state to version 10690
[2014-02-18 16:11:13,944][DEBUG][cluster.service          ] [node_2] processing [zen-disco-receive(from master [[node_0][tbUF3y2YTPm1TPdTF8YBYw][Bills-MacBook-Pro.local][inet[/10.1.10.75:9300]]])]: execute
[2014-02-18 16:11:13,945][DEBUG][cluster.service          ] [node_2] cluster state updated, version [10690], source [zen-disco-receive(from master [[node_0][tbUF3y2YTPm1TPdTF8YBYw][Bills-MacBook-Pro.local][inet[/10.1.10.75:9300]]])]
[2014-02-18 16:11:13,945][DEBUG][cluster.service          ] [node_2] set local cluster state to version 10690
[2014-02-18 16:11:13,946][DEBUG][cluster.service          ] [node_2] processing [zen-disco-receive(from master [[node_0][tbUF3y2YTPm1TPdTF8YBYw][Bills-MacBook-Pro.local][inet[/10.1.10.75:9300]]])]: done applying updated cluster_state (version: 10690)
[2014-02-18 16:11:13,947][DEBUG][cluster.service          ] [node_1] processing [zen-disco-receive(from master [[node_0][tbUF3y2YTPm1TPdTF8YBYw][Bills-MacBook-Pro.local][inet[/10.1.10.75:9300]]])]: done applying updated cluster_state (version: 10690)
[2014-02-18 16:11:13,947][DEBUG][cluster.service          ] [node_0] set local cluster state to version 10690
[2014-02-18 16:11:13,949][DEBUG][cluster.service          ] [node_0] processing [update-settings]: done applying updated cluster_state (version: 10690)
[2014-02-18 16:11:13,949][INFO ][recovery                 ] --> waiting for GREEN health status ...
[2014-02-18 16:11:13,950][DEBUG][cluster.service          ] [node_0] processing [cluster_health (wait_for_events [LANGUID])]: execute
[2014-02-18 16:11:13,950][DEBUG][cluster.service          ] [node_0] processing [cluster_health (wait_for_events [LANGUID])]: no change in cluster_state
[2014-02-18 16:11:13,950][INFO ][recovery                 ] --> waiting for 17214 docs to be indexed ...
[2014-02-18 16:11:14,391][DEBUG][cluster.service          ] [node_0] processing [shard-started ([test][0], node[q75XUfcITqG3o93Z8EOFnw], relocating [t8Mqv-hjRzqYCBodDxtrKQ], [P], s[INITIALIZING]), reason [after recovery (replica) from node [[node_1][t8Mqv-hjRzqYCBodDxtrKQ][Bills-MacBook-Pro.local][inet[/10.1.10.75:9301]]]]]: execute
[2014-02-18 16:11:14,391][DEBUG][cluster.service          ] [node_0] cluster state updated, version [10691], source [shard-started ([test][0], node[q75XUfcITqG3o93Z8EOFnw], relocating [t8Mqv-hjRzqYCBodDxtrKQ], [P], s[INITIALIZING]), reason [after recovery (replica) from node [[node_1][t8Mqv-hjRzqYCBodDxtrKQ][Bills-MacBook-Pro.local][inet[/10.1.10.75:9301]]]]]
[2014-02-18 16:11:14,392][DEBUG][cluster.service          ] [node_0] publishing cluster state version 10691
[2014-02-18 16:11:14,393][DEBUG][cluster.service          ] [node_2] processing [zen-disco-receive(from master [[node_0][tbUF3y2YTPm1TPdTF8YBYw][Bills-MacBook-Pro.local][inet[/10.1.10.75:9300]]])]: execute
[2014-02-18 16:11:14,393][DEBUG][cluster.service          ] [node_1] processing [zen-disco-receive(from master [[node_0][tbUF3y2YTPm1TPdTF8YBYw][Bills-MacBook-Pro.local][inet[/10.1.10.75:9300]]])]: execute
[2014-02-18 16:11:14,393][DEBUG][cluster.service          ] [node_2] cluster state updated, version [10691], source [zen-disco-receive(from master [[node_0][tbUF3y2YTPm1TPdTF8YBYw][Bills-MacBook-Pro.local][inet[/10.1.10.75:9300]]])]
[2014-02-18 16:11:14,393][DEBUG][cluster.service          ] [node_2] set local cluster state to version 10691
[2014-02-18 16:11:14,393][DEBUG][cluster.service          ] [node_1] cluster state updated, version [10691], source [zen-disco-receive(from master [[node_0][tbUF3y2YTPm1TPdTF8YBYw][Bills-MacBook-Pro.local][inet[/10.1.10.75:9300]]])]
[2014-02-18 16:11:14,394][DEBUG][cluster.service          ] [node_1] set local cluster state to version 10691
[2014-02-18 16:11:14,396][TRACE][action.index             ] [node_2] had an error while performing operation on primary ([test][0] CurrentState[POST_RECOVERY] operation only allowed when started/recovering, origin [PRIMARY]), scheduling a retry.
[2014-02-18 16:11:14,405][DEBUG][cluster.service          ] [node_1] processing [zen-disco-receive(from master [[node_0][tbUF3y2YTPm1TPdTF8YBYw][Bills-MacBook-Pro.local][inet[/10.1.10.75:9300]]])]: done applying updated cluster_state (version: 10691)
[2014-02-18 16:11:14,462][TRACE][action.index             ] [node_2] had an error while performing operation on primary ([test][0] CurrentState[POST_RECOVERY] operation only allowed when started/recovering, origin [PRIMARY]), scheduling a retry.
[2014-02-18 16:11:14,463][TRACE][action.index             ] [node_2] had an error while performing operation on primary ([test][0] CurrentState[POST_RECOVERY] operation only allowed when started/recovering, origin [PRIMARY]), scheduling a retry.
[2014-02-18 16:11:14,465][TRACE][action.index             ] [node_2] had an error while performing operation on primary ([test][0] CurrentState[POST_RECOVERY] operation only allowed when started/recovering, origin [PRIMARY]), scheduling a retry.
[2014-02-18 16:11:14,475][DEBUG][cluster.service          ] [node_2] processing [zen-disco-receive(from master [[node_0][tbUF3y2YTPm1TPdTF8YBYw][Bills-MacBook-Pro.local][inet[/10.1.10.75:9300]]])]: done applying updated cluster_state (version: 10691)
[2014-02-18 16:11:14,476][DEBUG][cluster.service          ] [node_0] set local cluster state to version 10691
[2014-02-18 16:11:14,478][DEBUG][cluster.service          ] [node_0] processing [shard-started ([test][0], node[q75XUfcITqG3o93Z8EOFnw], relocating [t8Mqv-hjRzqYCBodDxtrKQ], [P], s[INITIALIZING]), reason [after recovery (replica) from node [[node_1][t8Mqv-hjRzqYCBodDxtrKQ][Bills-MacBook-Pro.local][inet[/10.1.10.75:9301]]]]]: done applying updated cluster_state (version: 10691)
[2014-02-18 16:11:14,478][DEBUG][cluster.service          ] [node_0] processing [shard-started ([test][1], node[q75XUfcITqG3o93Z8EOFnw], relocating [t8Mqv-hjRzqYCBodDxtrKQ], [P], s[INITIALIZING]), reason [after recovery (replica) from node [[node_1][t8Mqv-hjRzqYCBodDxtrKQ][Bills-MacBook-Pro.local][inet[/10.1.10.75:9301]]]]]: execute
[2014-02-18 16:11:14,478][DEBUG][cluster.service          ] [node_0] cluster state updated, version [10692], source [shard-started ([test][1], node[q75XUfcITqG3o93Z8EOFnw], relocating [t8Mqv-hjRzqYCBodDxtrKQ], [P], s[INITIALIZING]), reason [after recovery (replica) from node [[node_1][t8Mqv-hjRzqYCBodDxtrKQ][Bills-MacBook-Pro.local][inet[/10.1.10.75:9301]]]]]
[2014-02-18 16:11:14,478][DEBUG][cluster.service          ] [node_0] publishing cluster state version 10692
[2014-02-18 16:11:14,479][DEBUG][cluster.service          ] [node_1] processing [zen-disco-receive(from master [[node_0][tbUF3y2YTPm1TPdTF8YBYw][Bills-MacBook-Pro.local][inet[/10.1.10.75:9300]]])]: execute
[2014-02-18 16:11:14,479][DEBUG][cluster.service          ] [node_1] cluster state updated, version [10692], source [zen-disco-receive(from master [[node_0][tbUF3y2YTPm1TPdTF8YBYw][Bills-MacBook-Pro.local][inet[/10.1.10.75:9300]]])]
[2014-02-18 16:11:14,479][DEBUG][cluster.service          ] [node_1] set local cluster state to version 10692
[2014-02-18 16:11:14,479][DEBUG][cluster.service          ] [node_2] processing [zen-disco-receive(from master [[node_0][tbUF3y2YTPm1TPdTF8YBYw][Bills-MacBook-Pro.local][inet[/10.1.10.75:9300]]])]: execute
[2014-02-18 16:11:14,480][DEBUG][cluster.service          ] [node_2] cluster state updated, version [10692], source [zen-disco-receive(from master [[node_0][tbUF3y2YTPm1TPdTF8YBYw][Bills-MacBook-Pro.local][inet[/10.1.10.75:9300]]])]
[2014-02-18 16:11:14,480][DEBUG][cluster.service          ] [node_2] set local cluster state to version 10692
[2014-02-18 16:11:14,480][INFO ][recovery                 ] --> 17214 docs indexed
[2014-02-18 16:11:14,490][DEBUG][cluster.service          ] [node_1] processing [zen-disco-receive(from master [[node_0][tbUF3y2YTPm1TPdTF8YBYw][Bills-MacBook-Pro.local][inet[/10.1.10.75:9300]]])]: done applying updated cluster_state (version: 10692)
[2014-02-18 16:11:14,571][TRACE][action.index             ] [node_2] cluster changed (version 10692), trying to start again
[2014-02-18 16:11:14,571][TRACE][action.index             ] [node_2] cluster changed (version 10692), trying to start again
[2014-02-18 16:11:14,571][TRACE][action.index             ] [node_2] cluster changed (version 10692), trying to start again
[2014-02-18 16:11:14,571][TRACE][action.index             ] [node_2] cluster changed (version 10692), trying to start again
[2014-02-18 16:11:14,572][DEBUG][cluster.service          ] [node_2] processing [zen-disco-receive(from master [[node_0][tbUF3y2YTPm1TPdTF8YBYw][Bills-MacBook-Pro.local][inet[/10.1.10.75:9300]]])]: done applying updated cluster_state (version: 10692)
[2014-02-18 16:11:14,572][DEBUG][cluster.service          ] [node_0] set local cluster state to version 10692
[2014-02-18 16:11:14,575][DEBUG][cluster.service          ] [node_0] processing [shard-started ([test][1], node[q75XUfcITqG3o93Z8EOFnw], relocating [t8Mqv-hjRzqYCBodDxtrKQ], [P], s[INITIALIZING]), reason [after recovery (replica) from node [[node_1][t8Mqv-hjRzqYCBodDxtrKQ][Bills-MacBook-Pro.local][inet[/10.1.10.75:9301]]]]]: done applying updated cluster_state (version: 10692)
[2014-02-18 16:11:14,575][DEBUG][cluster.service          ] [node_0] processing [shard-started ([test][1], node[q75XUfcITqG3o93Z8EOFnw], relocating [t8Mqv-hjRzqYCBodDxtrKQ], [P], s[INITIALIZING]), reason [master [node_0][tbUF3y2YTPm1TPdTF8YBYw][Bills-MacBook-Pro.local][inet[/10.1.10.75:9300]] marked shard as initializing, but shard state is [POST_RECOVERY], mark shard as started]]: execute
[2014-02-18 16:11:14,575][DEBUG][cluster.service          ] [node_0] processing [shard-started ([test][1], node[q75XUfcITqG3o93Z8EOFnw], relocating [t8Mqv-hjRzqYCBodDxtrKQ], [P], s[INITIALIZING]), reason [master [node_0][tbUF3y2YTPm1TPdTF8YBYw][Bills-MacBook-Pro.local][inet[/10.1.10.75:9300]] marked shard as initializing, but shard state is [POST_RECOVERY], mark shard as started]]: no change in cluster_state
[2014-02-18 16:11:14,576][DEBUG][cluster.service          ] [node_0] processing [update-settings]: execute
[2014-02-18 16:11:14,577][DEBUG][cluster.service          ] [node_0] cluster state updated, version [10693], source [update-settings]
[2014-02-18 16:11:14,577][DEBUG][cluster.service          ] [node_0] publishing cluster state version 10693
[2014-02-18 16:11:14,578][DEBUG][cluster.service          ] [node_1] processing [zen-disco-receive(from master [[node_0][tbUF3y2YTPm1TPdTF8YBYw][Bills-MacBook-Pro.local][inet[/10.1.10.75:9300]]])]: execute
[2014-02-18 16:11:14,578][DEBUG][cluster.service          ] [node_1] cluster state updated, version [10693], source [zen-disco-receive(from master [[node_0][tbUF3y2YTPm1TPdTF8YBYw][Bills-MacBook-Pro.local][inet[/10.1.10.75:9300]]])]
[2014-02-18 16:11:14,579][DEBUG][cluster.service          ] [node_2] processing [zen-disco-receive(from master [[node_0][tbUF3y2YTPm1TPdTF8YBYw][Bills-MacBook-Pro.local][inet[/10.1.10.75:9300]]])]: execute
[2014-02-18 16:11:14,579][DEBUG][cluster.service          ] [node_1] set local cluster state to version 10693
[2014-02-18 16:11:14,579][DEBUG][cluster.service          ] [node_2] cluster state updated, version [10693], source [zen-disco-receive(from master [[node_0][tbUF3y2YTPm1TPdTF8YBYw][Bills-MacBook-Pro.local][inet[/10.1.10.75:9300]]])]
[2014-02-18 16:11:14,580][DEBUG][cluster.service          ] [node_2] set local cluster state to version 10693
[2014-02-18 16:11:14,581][DEBUG][cluster.service          ] [node_2] processing [zen-disco-receive(from master [[node_0][tbUF3y2YTPm1TPdTF8YBYw][Bills-MacBook-Pro.local][inet[/10.1.10.75:9300]]])]: done applying updated cluster_state (version: 10693)
[2014-02-18 16:11:14,661][DEBUG][cluster.service          ] [node_1] processing [zen-disco-receive(from master [[node_0][tbUF3y2YTPm1TPdTF8YBYw][Bills-MacBook-Pro.local][inet[/10.1.10.75:9300]]])]: done applying updated cluster_state (version: 10693)
[2014-02-18 16:11:14,662][DEBUG][cluster.service          ] [node_0] set local cluster state to version 10693
[2014-02-18 16:11:14,663][DEBUG][cluster.service          ] [node_0] processing [update-settings]: done applying updated cluster_state (version: 10693)
[2014-02-18 16:11:14,664][INFO ][recovery                 ] --> waiting for GREEN health status ...
[2014-02-18 16:11:14,665][DEBUG][cluster.service          ] [node_0] processing [cluster_health (wait_for_events [LANGUID])]: execute
[2014-02-18 16:11:14,665][DEBUG][cluster.service          ] [node_0] processing [cluster_health (wait_for_events [LANGUID])]: no change in cluster_state
[2014-02-18 16:11:14,667][INFO ][recovery                 ] --> waiting for 17625 docs to be indexed ...
[2014-02-18 16:11:14,670][INFO ][recovery                 ] --> 17625 docs indexed
[2014-02-18 16:11:14,671][DEBUG][cluster.service          ] [node_0] processing [update-settings]: execute
[2014-02-18 16:11:14,671][DEBUG][cluster.service          ] [node_0] cluster state updated, version [10694], source [update-settings]
[2014-02-18 16:11:14,672][DEBUG][cluster.service          ] [node_0] publishing cluster state version 10694
[2014-02-18 16:11:14,675][DEBUG][cluster.service          ] [node_2] processing [zen-disco-receive(from master [[node_0][tbUF3y2YTPm1TPdTF8YBYw][Bills-MacBook-Pro.local][inet[/10.1.10.75:9300]]])]: execute
[2014-02-18 16:11:14,675][DEBUG][cluster.service          ] [node_2] cluster state updated, version [10694], source [zen-disco-receive(from master [[node_0][tbUF3y2YTPm1TPdTF8YBYw][Bills-MacBook-Pro.local][inet[/10.1.10.75:9300]]])]
[2014-02-18 16:11:14,675][DEBUG][cluster.service          ] [node_2] set local cluster state to version 10694
[2014-02-18 16:11:14,676][DEBUG][cluster.service          ] [node_2] processing [zen-disco-receive(from master [[node_0][tbUF3y2YTPm1TPdTF8YBYw][Bills-MacBook-Pro.local][inet[/10.1.10.75:9300]]])]: done applying updated cluster_state (version: 10694)
[2014-02-18 16:11:14,675][DEBUG][cluster.service          ] [node_1] processing [zen-disco-receive(from master [[node_0][tbUF3y2YTPm1TPdTF8YBYw][Bills-MacBook-Pro.local][inet[/10.1.10.75:9300]]])]: execute
[2014-02-18 16:11:14,677][DEBUG][cluster.service          ] [node_1] cluster state updated, version [10694], source [zen-disco-receive(from master [[node_0][tbUF3y2YTPm1TPdTF8YBYw][Bills-MacBook-Pro.local][inet[/10.1.10.75:9300]]])]
[2014-02-18 16:11:14,677][DEBUG][cluster.service          ] [node_1] set local cluster state to version 10694
[2014-02-18 16:11:14,679][DEBUG][cluster.service          ] [node_1] processing [zen-disco-receive(from master [[node_0][tbUF3y2YTPm1TPdTF8YBYw][Bills-MacBook-Pro.local][inet[/10.1.10.75:9300]]])]: done applying updated cluster_state (version: 10694)
[2014-02-18 16:11:14,680][DEBUG][cluster.service          ] [node_0] set local cluster state to version 10694
[2014-02-18 16:11:14,681][DEBUG][cluster.service          ] [node_0] processing [update-settings]: done applying updated cluster_state (version: 10694)
[2014-02-18 16:11:14,682][INFO ][recovery                 ] --> waiting for GREEN health status ...
[2014-02-18 16:11:14,683][DEBUG][cluster.service          ] [node_0] processing [cluster_health (wait_for_events [LANGUID])]: execute
[2014-02-18 16:11:14,683][DEBUG][cluster.service          ] [node_0] processing [cluster_health (wait_for_events [LANGUID])]: no change in cluster_state
[2014-02-18 16:11:14,683][INFO ][recovery                 ] --> waiting for 18357 docs to be indexed ...
[2014-02-18 16:11:14,685][INFO ][recovery                 ] --> 18357 docs indexed
[2014-02-18 16:11:14,687][DEBUG][cluster.service          ] [node_0] processing [update-settings]: execute
[2014-02-18 16:11:14,687][DEBUG][cluster.service          ] [node_0] cluster state updated, version [10695], source [update-settings]
[2014-02-18 16:11:14,687][DEBUG][cluster.service          ] [node_0] publishing cluster state version 10695
[2014-02-18 16:11:14,690][DEBUG][cluster.service          ] [node_2] processing [zen-disco-receive(from master [[node_0][tbUF3y2YTPm1TPdTF8YBYw][Bills-MacBook-Pro.local][inet[/10.1.10.75:9300]]])]: execute
[2014-02-18 16:11:14,690][DEBUG][cluster.service          ] [node_2] cluster state updated, version [10695], source [zen-disco-receive(from master [[node_0][tbUF3y2YTPm1TPdTF8YBYw][Bills-MacBook-Pro.local][inet[/10.1.10.75:9300]]])]
[2014-02-18 16:11:14,690][DEBUG][cluster.service          ] [node_2] set local cluster state to version 10695
[2014-02-18 16:11:14,690][DEBUG][cluster.service          ] [node_1] processing [zen-disco-receive(from master [[node_0][tbUF3y2YTPm1TPdTF8YBYw][Bills-MacBook-Pro.local][inet[/10.1.10.75:9300]]])]: execute
[2014-02-18 16:11:14,691][DEBUG][cluster.service          ] [node_1] cluster state updated, version [10695], source [zen-disco-receive(from master [[node_0][tbUF3y2YTPm1TPdTF8YBYw][Bills-MacBook-Pro.local][inet[/10.1.10.75:9300]]])]
[2014-02-18 16:11:14,691][DEBUG][cluster.service          ] [node_1] set local cluster state to version 10695
[2014-02-18 16:11:14,691][DEBUG][cluster.service          ] [node_2] processing [zen-disco-receive(from master [[node_0][tbUF3y2YTPm1TPdTF8YBYw][Bills-MacBook-Pro.local][inet[/10.1.10.75:9300]]])]: done applying updated cluster_state (version: 10695)
[2014-02-18 16:11:14,693][DEBUG][cluster.service          ] [node_1] processing [zen-disco-receive(from master [[node_0][tbUF3y2YTPm1TPdTF8YBYw][Bills-MacBook-Pro.local][inet[/10.1.10.75:9300]]])]: done applying updated cluster_state (version: 10695)
[2014-02-18 16:11:14,693][DEBUG][cluster.service          ] [node_0] set local cluster state to version 10695
[2014-02-18 16:11:14,694][DEBUG][cluster.service          ] [node_0] processing [update-settings]: done applying updated cluster_state (version: 10695)
[2014-02-18 16:11:14,695][INFO ][recovery                 ] --> waiting for GREEN health status ...
[2014-02-18 16:11:14,695][DEBUG][cluster.service          ] [node_0] processing [cluster_health (wait_for_events [LANGUID])]: execute
[2014-02-18 16:11:14,695][DEBUG][cluster.service          ] [node_0] processing [cluster_health (wait_for_events [LANGUID])]: no change in cluster_state
[2014-02-18 16:11:14,696][INFO ][recovery                 ] --> waiting for 18867 docs to be indexed ...
[2014-02-18 16:11:14,970][INFO ][recovery                 ] --> 18867 docs indexed
[2014-02-18 16:11:14,971][DEBUG][cluster.service          ] [node_0] processing [update-settings]: execute
[2014-02-18 16:11:14,972][DEBUG][cluster.service          ] [node_0] cluster state updated, version [10696], source [update-settings]
[2014-02-18 16:11:14,972][DEBUG][cluster.service          ] [node_0] publishing cluster state version 10696
[2014-02-18 16:11:14,973][DEBUG][cluster.service          ] [node_2] processing [zen-disco-receive(from master [[node_0][tbUF3y2YTPm1TPdTF8YBYw][Bills-MacBook-Pro.local][inet[/10.1.10.75:9300]]])]: execute
[2014-02-18 16:11:14,973][DEBUG][cluster.service          ] [node_2] cluster state updated, version [10696], source [zen-disco-receive(from master [[node_0][tbUF3y2YTPm1TPdTF8YBYw][Bills-MacBook-Pro.local][inet[/10.1.10.75:9300]]])]
[2014-02-18 16:11:14,973][DEBUG][cluster.service          ] [node_2] set local cluster state to version 10696
[2014-02-18 16:11:14,973][DEBUG][cluster.service          ] [node_1] processing [zen-disco-receive(from master [[node_0][tbUF3y2YTPm1TPdTF8YBYw][Bills-MacBook-Pro.local][inet[/10.1.10.75:9300]]])]: execute
[2014-02-18 16:11:14,974][DEBUG][cluster.service          ] [node_1] cluster state updated, version [10696], source [zen-disco-receive(from master [[node_0][tbUF3y2YTPm1TPdTF8YBYw][Bills-MacBook-Pro.local][inet[/10.1.10.75:9300]]])]
[2014-02-18 16:11:14,974][DEBUG][cluster.service          ] [node_2] processing [zen-disco-receive(from master [[node_0][tbUF3y2YTPm1TPdTF8YBYw][Bills-MacBook-Pro.local][inet[/10.1.10.75:9300]]])]: done applying updated cluster_state (version: 10696)
[2014-02-18 16:11:14,974][DEBUG][cluster.service          ] [node_1] set local cluster state to version 10696
[2014-02-18 16:11:14,976][DEBUG][cluster.service          ] [node_1] processing [zen-disco-receive(from master [[node_0][tbUF3y2YTPm1TPdTF8YBYw][Bills-MacBook-Pro.local][inet[/10.1.10.75:9300]]])]: done applying updated cluster_state (version: 10696)
[2014-02-18 16:11:14,976][DEBUG][cluster.service          ] [node_0] set local cluster state to version 10696
[2014-02-18 16:11:14,978][DEBUG][cluster.service          ] [node_0] processing [update-settings]: done applying updated cluster_state (version: 10696)
[2014-02-18 16:11:14,979][INFO ][recovery                 ] --> waiting for GREEN health status ...
[2014-02-18 16:11:14,979][DEBUG][cluster.service          ] [node_0] processing [cluster_health (wait_for_events [LANGUID])]: execute
[2014-02-18 16:11:14,979][DEBUG][cluster.service          ] [node_0] processing [cluster_health (wait_for_events [LANGUID])]: no change in cluster_state
[2014-02-18 16:11:14,980][INFO ][recovery                 ] --> waiting for 19592 docs to be indexed ...
[2014-02-18 16:11:14,981][INFO ][recovery                 ] --> 19592 docs indexed
[2014-02-18 16:11:14,982][DEBUG][cluster.service          ] [node_0] processing [update-settings]: execute
[2014-02-18 16:11:14,982][DEBUG][cluster.service          ] [node_0] cluster state updated, version [10697], source [update-settings]
[2014-02-18 16:11:14,982][DEBUG][cluster.service          ] [node_0] publishing cluster state version 10697
[2014-02-18 16:11:14,983][DEBUG][cluster.service          ] [node_2] processing [zen-disco-receive(from master [[node_0][tbUF3y2YTPm1TPdTF8YBYw][Bills-MacBook-Pro.local][inet[/10.1.10.75:9300]]])]: execute
[2014-02-18 16:11:14,983][DEBUG][cluster.service          ] [node_2] cluster state updated, version [10697], source [zen-disco-receive(from master [[node_0][tbUF3y2YTPm1TPdTF8YBYw][Bills-MacBook-Pro.local][inet[/10.1.10.75:9300]]])]
[2014-02-18 16:11:14,983][DEBUG][cluster.service          ] [node_2] set local cluster state to version 10697
[2014-02-18 16:11:14,984][DEBUG][cluster.service          ] [node_2] processing [zen-disco-receive(from master [[node_0][tbUF3y2YTPm1TPdTF8YBYw][Bills-MacBook-Pro.local][inet[/10.1.10.75:9300]]])]: done applying updated cluster_state (version: 10697)
[2014-02-18 16:11:14,984][DEBUG][cluster.service          ] [node_1] processing [zen-disco-receive(from master [[node_0][tbUF3y2YTPm1TPdTF8YBYw][Bills-MacBook-Pro.local][inet[/10.1.10.75:9300]]])]: execute
[2014-02-18 16:11:14,985][DEBUG][cluster.service          ] [node_1] cluster state updated, version [10697], source [zen-disco-receive(from master [[node_0][tbUF3y2YTPm1TPdTF8YBYw][Bills-MacBook-Pro.local][inet[/10.1.10.75:9300]]])]
[2014-02-18 16:11:14,985][DEBUG][cluster.service          ] [node_1] set local cluster state to version 10697
[2014-02-18 16:11:14,986][DEBUG][cluster.service          ] [node_1] processing [zen-disco-receive(from master [[node_0][tbUF3y2YTPm1TPdTF8YBYw][Bills-MacBook-Pro.local][inet[/10.1.10.75:9300]]])]: done applying updated cluster_state (version: 10697)
[2014-02-18 16:11:14,986][DEBUG][cluster.service          ] [node_0] set local cluster state to version 10697
[2014-02-18 16:11:14,986][DEBUG][cluster.service          ] [node_0] processing [update-settings]: done applying updated cluster_state (version: 10697)
[2014-02-18 16:11:14,987][INFO ][recovery                 ] --> waiting for GREEN health status ...
[2014-02-18 16:11:14,987][DEBUG][cluster.service          ] [node_0] processing [cluster_health (wait_for_events [LANGUID])]: execute
[2014-02-18 16:11:14,987][DEBUG][cluster.service          ] [node_0] processing [cluster_health (wait_for_events [LANGUID])]: no change in cluster_state
[2014-02-18 16:11:14,987][INFO ][recovery                 ] --> waiting for 20157 docs to be indexed ...
[2014-02-18 16:11:15,196][DEBUG][cluster.service          ] [node_0] processing [shard-started ([test][0], node[t8Mqv-hjRzqYCBodDxtrKQ], relocating [q75XUfcITqG3o93Z8EOFnw], [P], s[INITIALIZING]), reason [after recovery (replica) from node [[node_2][q75XUfcITqG3o93Z8EOFnw][Bills-MacBook-Pro.local][inet[/10.1.10.75:9302]]]]]: execute
[2014-02-18 16:11:15,197][DEBUG][cluster.service          ] [node_0] cluster state updated, version [10698], source [shard-started ([test][0], node[t8Mqv-hjRzqYCBodDxtrKQ], relocating [q75XUfcITqG3o93Z8EOFnw], [P], s[INITIALIZING]), reason [after recovery (replica) from node [[node_2][q75XUfcITqG3o93Z8EOFnw][Bills-MacBook-Pro.local][inet[/10.1.10.75:9302]]]]]
[2014-02-18 16:11:15,197][DEBUG][cluster.service          ] [node_0] publishing cluster state version 10698
[2014-02-18 16:11:15,198][DEBUG][cluster.service          ] [node_2] processing [zen-disco-receive(from master [[node_0][tbUF3y2YTPm1TPdTF8YBYw][Bills-MacBook-Pro.local][inet[/10.1.10.75:9300]]])]: execute
[2014-02-18 16:11:15,199][DEBUG][cluster.service          ] [node_2] cluster state updated, version [10698], source [zen-disco-receive(from master [[node_0][tbUF3y2YTPm1TPdTF8YBYw][Bills-MacBook-Pro.local][inet[/10.1.10.75:9300]]])]
[2014-02-18 16:11:15,198][DEBUG][cluster.service          ] [node_1] processing [zen-disco-receive(from master [[node_0][tbUF3y2YTPm1TPdTF8YBYw][Bills-MacBook-Pro.local][inet[/10.1.10.75:9300]]])]: execute
[2014-02-18 16:11:15,199][DEBUG][cluster.service          ] [node_2] set local cluster state to version 10698
[2014-02-18 16:11:15,199][DEBUG][cluster.service          ] [node_1] cluster state updated, version [10698], source [zen-disco-receive(from master [[node_0][tbUF3y2YTPm1TPdTF8YBYw][Bills-MacBook-Pro.local][inet[/10.1.10.75:9300]]])]
[2014-02-18 16:11:15,199][DEBUG][cluster.service          ] [node_1] set local cluster state to version 10698
[2014-02-18 16:11:15,200][TRACE][action.index             ] [node_1] had an error while performing operation on primary ([test][0] CurrentState[POST_RECOVERY] operation only allowed when started/recovering, origin [PRIMARY]), scheduling a retry.
[2014-02-18 16:11:15,212][DEBUG][cluster.service          ] [node_2] processing [zen-disco-receive(from master [[node_0][tbUF3y2YTPm1TPdTF8YBYw][Bills-MacBook-Pro.local][inet[/10.1.10.75:9300]]])]: done applying updated cluster_state (version: 10698)
[2014-02-18 16:11:15,230][DEBUG][cluster.service          ] [node_1] processing [zen-disco-receive(from master [[node_0][tbUF3y2YTPm1TPdTF8YBYw][Bills-MacBook-Pro.local][inet[/10.1.10.75:9300]]])]: done applying updated cluster_state (version: 10698)
[2014-02-18 16:11:15,230][DEBUG][cluster.service          ] [node_0] set local cluster state to version 10698
[2014-02-18 16:11:15,232][DEBUG][cluster.service          ] [node_0] processing [shard-started ([test][0], node[t8Mqv-hjRzqYCBodDxtrKQ], relocating [q75XUfcITqG3o93Z8EOFnw], [P], s[INITIALIZING]), reason [after recovery (replica) from node [[node_2][q75XUfcITqG3o93Z8EOFnw][Bills-MacBook-Pro.local][inet[/10.1.10.75:9302]]]]]: done applying updated cluster_state (version: 10698)
[2014-02-18 16:11:15,251][DEBUG][cluster.service          ] [node_0] processing [shard-started ([test][1], node[t8Mqv-hjRzqYCBodDxtrKQ], relocating [q75XUfcITqG3o93Z8EOFnw], [P], s[INITIALIZING]), reason [after recovery (replica) from node [[node_2][q75XUfcITqG3o93Z8EOFnw][Bills-MacBook-Pro.local][inet[/10.1.10.75:9302]]]]]: execute
[2014-02-18 16:11:15,252][DEBUG][cluster.service          ] [node_0] cluster state updated, version [10699], source [shard-started ([test][1], node[t8Mqv-hjRzqYCBodDxtrKQ], relocating [q75XUfcITqG3o93Z8EOFnw], [P], s[INITIALIZING]), reason [after recovery (replica) from node [[node_2][q75XUfcITqG3o93Z8EOFnw][Bills-MacBook-Pro.local][inet[/10.1.10.75:9302]]]]]
[2014-02-18 16:11:15,252][DEBUG][cluster.service          ] [node_0] publishing cluster state version 10699
[2014-02-18 16:11:15,253][DEBUG][cluster.service          ] [node_2] processing [zen-disco-receive(from master [[node_0][tbUF3y2YTPm1TPdTF8YBYw][Bills-MacBook-Pro.local][inet[/10.1.10.75:9300]]])]: execute
[2014-02-18 16:11:15,253][DEBUG][cluster.service          ] [node_2] cluster state updated, version [10699], source [zen-disco-receive(from master [[node_0][tbUF3y2YTPm1TPdTF8YBYw][Bills-MacBook-Pro.local][inet[/10.1.10.75:9300]]])]
[2014-02-18 16:11:15,253][DEBUG][cluster.service          ] [node_2] set local cluster state to version 10699
[2014-02-18 16:11:15,253][DEBUG][cluster.service          ] [node_1] processing [zen-disco-receive(from master [[node_0][tbUF3y2YTPm1TPdTF8YBYw][Bills-MacBook-Pro.local][inet[/10.1.10.75:9300]]])]: execute
[2014-02-18 16:11:15,254][DEBUG][cluster.service          ] [node_1] cluster state updated, version [10699], source [zen-disco-receive(from master [[node_0][tbUF3y2YTPm1TPdTF8YBYw][Bills-MacBook-Pro.local][inet[/10.1.10.75:9300]]])]
[2014-02-18 16:11:15,254][DEBUG][cluster.service          ] [node_1] set local cluster state to version 10699
[2014-02-18 16:11:15,259][TRACE][action.index             ] [node_1] had an error while performing operation on primary ([test][1] CurrentState[POST_RECOVERY] operation only allowed when started/recovering, origin [PRIMARY]), scheduling a retry.
[2014-02-18 16:11:15,263][TRACE][action.index             ] [node_1] had an error while performing operation on primary ([test][1] CurrentState[POST_RECOVERY] operation only allowed when started/recovering, origin [PRIMARY]), scheduling a retry.
[2014-02-18 16:11:15,265][TRACE][action.index             ] [node_1] had an error while performing operation on primary ([test][1] CurrentState[POST_RECOVERY] operation only allowed when started/recovering, origin [PRIMARY]), scheduling a retry.
[2014-02-18 16:11:15,272][DEBUG][cluster.service          ] [node_2] processing [zen-disco-receive(from master [[node_0][tbUF3y2YTPm1TPdTF8YBYw][Bills-MacBook-Pro.local][inet[/10.1.10.75:9300]]])]: done applying updated cluster_state (version: 10699)
[2014-02-18 16:11:15,340][TRACE][action.index             ] [node_1] cluster changed (version 10699), trying to start again
[2014-02-18 16:11:15,341][DEBUG][cluster.service          ] [node_1] processing [zen-disco-receive(from master [[node_0][tbUF3y2YTPm1TPdTF8YBYw][Bills-MacBook-Pro.local][inet[/10.1.10.75:9300]]])]: done applying updated cluster_state (version: 10699)
[2014-02-18 16:11:15,341][DEBUG][cluster.service          ] [node_0] set local cluster state to version 10699
[2014-02-18 16:11:15,344][DEBUG][cluster.service          ] [node_0] processing [shard-started ([test][1], node[t8Mqv-hjRzqYCBodDxtrKQ], relocating [q75XUfcITqG3o93Z8EOFnw], [P], s[INITIALIZING]), reason [after recovery (replica) from node [[node_2][q75XUfcITqG3o93Z8EOFnw][Bills-MacBook-Pro.local][inet[/10.1.10.75:9302]]]]]: done applying updated cluster_state (version: 10699)
[2014-02-18 16:11:15,517][INFO ][recovery                 ] --> 20157 docs indexed
[2014-02-18 16:11:15,518][DEBUG][cluster.service          ] [node_0] processing [update-settings]: execute
[2014-02-18 16:11:15,519][DEBUG][cluster.service          ] [node_0] cluster state updated, version [10700], source [update-settings]
[2014-02-18 16:11:15,520][DEBUG][cluster.service          ] [node_0] publishing cluster state version 10700
[2014-02-18 16:11:15,520][DEBUG][cluster.service          ] [node_2] processing [zen-disco-receive(from master [[node_0][tbUF3y2YTPm1TPdTF8YBYw][Bills-MacBook-Pro.local][inet[/10.1.10.75:9300]]])]: execute
[2014-02-18 16:11:15,521][DEBUG][cluster.service          ] [node_1] processing [zen-disco-receive(from master [[node_0][tbUF3y2YTPm1TPdTF8YBYw][Bills-MacBook-Pro.local][inet[/10.1.10.75:9300]]])]: execute
[2014-02-18 16:11:15,521][DEBUG][cluster.service          ] [node_2] cluster state updated, version [10700], source [zen-disco-receive(from master [[node_0][tbUF3y2YTPm1TPdTF8YBYw][Bills-MacBook-Pro.local][inet[/10.1.10.75:9300]]])]
[2014-02-18 16:11:15,521][DEBUG][cluster.service          ] [node_2] set local cluster state to version 10700
[2014-02-18 16:11:15,521][DEBUG][cluster.service          ] [node_1] cluster state updated, version [10700], source [zen-disco-receive(from master [[node_0][tbUF3y2YTPm1TPdTF8YBYw][Bills-MacBook-Pro.local][inet[/10.1.10.75:9300]]])]
[2014-02-18 16:11:15,522][DEBUG][cluster.service          ] [node_1] set local cluster state to version 10700
[2014-02-18 16:11:15,522][TRACE][action.index             ] [node_1] cluster changed (version 10700), trying to start again
[2014-02-18 16:11:15,523][TRACE][action.index             ] [node_1] cluster changed (version 10700), trying to start again
[2014-02-18 16:11:15,523][TRACE][action.index             ] [node_1] cluster changed (version 10700), trying to start again
[2014-02-18 16:11:15,525][DEBUG][cluster.service          ] [node_1] processing [zen-disco-receive(from master [[node_0][tbUF3y2YTPm1TPdTF8YBYw][Bills-MacBook-Pro.local][inet[/10.1.10.75:9300]]])]: done applying updated cluster_state (version: 10700)
[2014-02-18 16:11:15,561][DEBUG][cluster.service          ] [node_2] processing [zen-disco-receive(from master [[node_0][tbUF3y2YTPm1TPdTF8YBYw][Bills-MacBook-Pro.local][inet[/10.1.10.75:9300]]])]: done applying updated cluster_state (version: 10700)
[2014-02-18 16:11:15,562][DEBUG][cluster.service          ] [node_0] set local cluster state to version 10700
[2014-02-18 16:11:15,564][DEBUG][cluster.service          ] [node_0] processing [update-settings]: done applying updated cluster_state (version: 10700)
[2014-02-18 16:11:15,565][INFO ][recovery                 ] --> waiting for GREEN health status ...
[2014-02-18 16:11:15,566][DEBUG][cluster.service          ] [node_0] processing [cluster_health (wait_for_events [LANGUID])]: execute
[2014-02-18 16:11:15,567][DEBUG][cluster.service          ] [node_0] processing [cluster_health (wait_for_events [LANGUID])]: no change in cluster_state
[2014-02-18 16:11:15,568][INFO ][recovery                 ] --> waiting for 20695 docs to be indexed ...
[2014-02-18 16:11:16,108][INFO ][recovery                 ] --> 20695 docs indexed
[2014-02-18 16:11:16,108][DEBUG][cluster.service          ] [node_0] processing [update-settings]: execute
[2014-02-18 16:11:16,109][DEBUG][cluster.service          ] [node_0] cluster state updated, version [10701], source [update-settings]
[2014-02-18 16:11:16,109][DEBUG][cluster.service          ] [node_0] publishing cluster state version 10701
[2014-02-18 16:11:16,110][DEBUG][cluster.service          ] [node_2] processing [zen-disco-receive(from master [[node_0][tbUF3y2YTPm1TPdTF8YBYw][Bills-MacBook-Pro.local][inet[/10.1.10.75:9300]]])]: execute
[2014-02-18 16:11:16,110][DEBUG][cluster.service          ] [node_1] processing [zen-disco-receive(from master [[node_0][tbUF3y2YTPm1TPdTF8YBYw][Bills-MacBook-Pro.local][inet[/10.1.10.75:9300]]])]: execute
[2014-02-18 16:11:16,110][DEBUG][cluster.service          ] [node_2] cluster state updated, version [10701], source [zen-disco-receive(from master [[node_0][tbUF3y2YTPm1TPdTF8YBYw][Bills-MacBook-Pro.local][inet[/10.1.10.75:9300]]])]
[2014-02-18 16:11:16,110][DEBUG][cluster.service          ] [node_1] cluster state updated, version [10701], source [zen-disco-receive(from master [[node_0][tbUF3y2YTPm1TPdTF8YBYw][Bills-MacBook-Pro.local][inet[/10.1.10.75:9300]]])]
[2014-02-18 16:11:16,111][DEBUG][cluster.service          ] [node_2] set local cluster state to version 10701
[2014-02-18 16:11:16,111][DEBUG][cluster.service          ] [node_1] set local cluster state to version 10701
[2014-02-18 16:11:16,111][DEBUG][cluster.service          ] [node_2] processing [zen-disco-receive(from master [[node_0][tbUF3y2YTPm1TPdTF8YBYw][Bills-MacBook-Pro.local][inet[/10.1.10.75:9300]]])]: done applying updated cluster_state (version: 10701)
[2014-02-18 16:11:16,112][DEBUG][cluster.service          ] [node_1] processing [zen-disco-receive(from master [[node_0][tbUF3y2YTPm1TPdTF8YBYw][Bills-MacBook-Pro.local][inet[/10.1.10.75:9300]]])]: done applying updated cluster_state (version: 10701)
[2014-02-18 16:11:16,112][DEBUG][cluster.service          ] [node_0] set local cluster state to version 10701
[2014-02-18 16:11:16,114][DEBUG][cluster.service          ] [node_0] processing [update-settings]: done applying updated cluster_state (version: 10701)
[2014-02-18 16:11:16,114][INFO ][recovery                 ] --> waiting for GREEN health status ...
[2014-02-18 16:11:16,114][DEBUG][cluster.service          ] [node_0] processing [cluster_health (wait_for_events [LANGUID])]: execute
[2014-02-18 16:11:16,114][DEBUG][cluster.service          ] [node_0] processing [cluster_health (wait_for_events [LANGUID])]: no change in cluster_state
[2014-02-18 16:11:16,115][INFO ][recovery                 ] --> marking and waiting for indexing threads to stop ...
[2014-02-18 16:11:16,155][DEBUG][cluster.service          ] [node_0] processing [shard-started ([test][1], node[q75XUfcITqG3o93Z8EOFnw], relocating [t8Mqv-hjRzqYCBodDxtrKQ], [P], s[INITIALIZING]), reason [after recovery (replica) from node [[node_1][t8Mqv-hjRzqYCBodDxtrKQ][Bills-MacBook-Pro.local][inet[/10.1.10.75:9301]]]]]: execute
[2014-02-18 16:11:16,156][DEBUG][cluster.service          ] [node_0] cluster state updated, version [10702], source [shard-started ([test][1], node[q75XUfcITqG3o93Z8EOFnw], relocating [t8Mqv-hjRzqYCBodDxtrKQ], [P], s[INITIALIZING]), reason [after recovery (replica) from node [[node_1][t8Mqv-hjRzqYCBodDxtrKQ][Bills-MacBook-Pro.local][inet[/10.1.10.75:9301]]]]]
[2014-02-18 16:11:16,156][DEBUG][cluster.service          ] [node_0] publishing cluster state version 10702
[2014-02-18 16:11:16,157][DEBUG][cluster.service          ] [node_1] processing [zen-disco-receive(from master [[node_0][tbUF3y2YTPm1TPdTF8YBYw][Bills-MacBook-Pro.local][inet[/10.1.10.75:9300]]])]: execute
[2014-02-18 16:11:16,157][INFO ][recovery                 ] **** done indexing thread 0
[2014-02-18 16:11:16,157][DEBUG][cluster.service          ] [node_2] processing [zen-disco-receive(from master [[node_0][tbUF3y2YTPm1TPdTF8YBYw][Bills-MacBook-Pro.local][inet[/10.1.10.75:9300]]])]: execute
[2014-02-18 16:11:16,158][INFO ][recovery                 ] **** done indexing thread 2
[2014-02-18 16:11:16,157][DEBUG][cluster.service          ] [node_1] cluster state updated, version [10702], source [zen-disco-receive(from master [[node_0][tbUF3y2YTPm1TPdTF8YBYw][Bills-MacBook-Pro.local][inet[/10.1.10.75:9300]]])]
[2014-02-18 16:11:16,159][DEBUG][cluster.service          ] [node_1] set local cluster state to version 10702
[2014-02-18 16:11:16,159][DEBUG][cluster.service          ] [node_2] cluster state updated, version [10702], source [zen-disco-receive(from master [[node_0][tbUF3y2YTPm1TPdTF8YBYw][Bills-MacBook-Pro.local][inet[/10.1.10.75:9300]]])]
[2014-02-18 16:11:16,160][DEBUG][cluster.service          ] [node_2] set local cluster state to version 10702
[2014-02-18 16:11:16,160][INFO ][recovery                 ] **** done indexing thread 3
[2014-02-18 16:11:16,160][INFO ][recovery                 ] **** done indexing thread 1
[2014-02-18 16:11:16,162][INFO ][recovery                 ] --> indexing threads stopped
[2014-02-18 16:11:16,163][INFO ][recovery                 ] --> bump up number of replicas to 1 and allow all nodes to hold the index
[2014-02-18 16:11:16,163][DEBUG][cluster.service          ] [node_1] processing [zen-disco-receive(from master [[node_0][tbUF3y2YTPm1TPdTF8YBYw][Bills-MacBook-Pro.local][inet[/10.1.10.75:9300]]])]: done applying updated cluster_state (version: 10702)
[2014-02-18 16:11:16,204][DEBUG][cluster.service          ] [node_2] processing [zen-disco-receive(from master [[node_0][tbUF3y2YTPm1TPdTF8YBYw][Bills-MacBook-Pro.local][inet[/10.1.10.75:9300]]])]: done applying updated cluster_state (version: 10702)
[2014-02-18 16:11:16,204][DEBUG][cluster.service          ] [node_0] set local cluster state to version 10702
[2014-02-18 16:11:16,205][DEBUG][cluster.service          ] [node_0] processing [shard-started ([test][1], node[q75XUfcITqG3o93Z8EOFnw], relocating [t8Mqv-hjRzqYCBodDxtrKQ], [P], s[INITIALIZING]), reason [after recovery (replica) from node [[node_1][t8Mqv-hjRzqYCBodDxtrKQ][Bills-MacBook-Pro.local][inet[/10.1.10.75:9301]]]]]: done applying updated cluster_state (version: 10702)
[2014-02-18 16:11:16,205][DEBUG][cluster.service          ] [node_0] processing [shard-started ([test][1], node[t8Mqv-hjRzqYCBodDxtrKQ], relocating [q75XUfcITqG3o93Z8EOFnw], [P], s[INITIALIZING]), reason [master [node_0][tbUF3y2YTPm1TPdTF8YBYw][Bills-MacBook-Pro.local][inet[/10.1.10.75:9300]] marked shard as initializing, but shard state is [STARTED], mark shard as started]]: execute
[2014-02-18 16:11:16,206][DEBUG][cluster.service          ] [node_0] cluster state updated, version [10703], source [shard-started ([test][1], node[t8Mqv-hjRzqYCBodDxtrKQ], relocating [q75XUfcITqG3o93Z8EOFnw], [P], s[INITIALIZING]), reason [master [node_0][tbUF3y2YTPm1TPdTF8YBYw][Bills-MacBook-Pro.local][inet[/10.1.10.75:9300]] marked shard as initializing, but shard state is [STARTED], mark shard as started]]
[2014-02-18 16:11:16,206][DEBUG][cluster.service          ] [node_0] publishing cluster state version 10703
[2014-02-18 16:11:16,206][DEBUG][cluster.service          ] [node_2] processing [zen-disco-receive(from master [[node_0][tbUF3y2YTPm1TPdTF8YBYw][Bills-MacBook-Pro.local][inet[/10.1.10.75:9300]]])]: execute
[2014-02-18 16:11:16,206][DEBUG][cluster.service          ] [node_1] processing [zen-disco-receive(from master [[node_0][tbUF3y2YTPm1TPdTF8YBYw][Bills-MacBook-Pro.local][inet[/10.1.10.75:9300]]])]: execute
[2014-02-18 16:11:16,207][DEBUG][cluster.service          ] [node_2] cluster state updated, version [10703], source [zen-disco-receive(from master [[node_0][tbUF3y2YTPm1TPdTF8YBYw][Bills-MacBook-Pro.local][inet[/10.1.10.75:9300]]])]
[2014-02-18 16:11:16,207][DEBUG][cluster.service          ] [node_1] cluster state updated, version [10703], source [zen-disco-receive(from master [[node_0][tbUF3y2YTPm1TPdTF8YBYw][Bills-MacBook-Pro.local][inet[/10.1.10.75:9300]]])]
[2014-02-18 16:11:16,207][DEBUG][cluster.service          ] [node_2] set local cluster state to version 10703
[2014-02-18 16:11:16,207][DEBUG][cluster.service          ] [node_1] set local cluster state to version 10703
[2014-02-18 16:11:16,217][DEBUG][cluster.service          ] [node_2] processing [zen-disco-receive(from master [[node_0][tbUF3y2YTPm1TPdTF8YBYw][Bills-MacBook-Pro.local][inet[/10.1.10.75:9300]]])]: done applying updated cluster_state (version: 10703)
[2014-02-18 16:11:16,217][DEBUG][cluster.service          ] [node_1] processing [zen-disco-receive(from master [[node_0][tbUF3y2YTPm1TPdTF8YBYw][Bills-MacBook-Pro.local][inet[/10.1.10.75:9300]]])]: done applying updated cluster_state (version: 10703)
[2014-02-18 16:11:16,217][DEBUG][cluster.service          ] [node_0] set local cluster state to version 10703
[2014-02-18 16:11:16,219][DEBUG][cluster.service          ] [node_0] processing [shard-started ([test][1], node[t8Mqv-hjRzqYCBodDxtrKQ], relocating [q75XUfcITqG3o93Z8EOFnw], [P], s[INITIALIZING]), reason [master [node_0][tbUF3y2YTPm1TPdTF8YBYw][Bills-MacBook-Pro.local][inet[/10.1.10.75:9300]] marked shard as initializing, but shard state is [STARTED], mark shard as started]]: done applying updated cluster_state (version: 10703)
[2014-02-18 16:11:16,219][DEBUG][cluster.service          ] [node_0] processing [update-settings]: execute
[2014-02-18 16:11:16,220][DEBUG][cluster.service          ] [node_0] cluster state updated, version [10704], source [update-settings]
[2014-02-18 16:11:16,220][DEBUG][cluster.service          ] [node_0] publishing cluster state version 10704
[2014-02-18 16:11:16,221][DEBUG][cluster.service          ] [node_2] processing [zen-disco-receive(from master [[node_0][tbUF3y2YTPm1TPdTF8YBYw][Bills-MacBook-Pro.local][inet[/10.1.10.75:9300]]])]: execute
[2014-02-18 16:11:16,221][DEBUG][cluster.service          ] [node_2] cluster state updated, version [10704], source [zen-disco-receive(from master [[node_0][tbUF3y2YTPm1TPdTF8YBYw][Bills-MacBook-Pro.local][inet[/10.1.10.75:9300]]])]
[2014-02-18 16:11:16,221][DEBUG][cluster.service          ] [node_2] set local cluster state to version 10704
[2014-02-18 16:11:16,221][DEBUG][cluster.service          ] [node_1] processing [zen-disco-receive(from master [[node_0][tbUF3y2YTPm1TPdTF8YBYw][Bills-MacBook-Pro.local][inet[/10.1.10.75:9300]]])]: execute
[2014-02-18 16:11:16,222][DEBUG][cluster.service          ] [node_1] cluster state updated, version [10704], source [zen-disco-receive(from master [[node_0][tbUF3y2YTPm1TPdTF8YBYw][Bills-MacBook-Pro.local][inet[/10.1.10.75:9300]]])]
[2014-02-18 16:11:16,222][DEBUG][cluster.service          ] [node_1] set local cluster state to version 10704
[2014-02-18 16:11:16,223][DEBUG][cluster.service          ] [node_2] processing [zen-disco-receive(from master [[node_0][tbUF3y2YTPm1TPdTF8YBYw][Bills-MacBook-Pro.local][inet[/10.1.10.75:9300]]])]: done applying updated cluster_state (version: 10704)
[2014-02-18 16:11:16,223][DEBUG][cluster.service          ] [node_1] processing [zen-disco-receive(from master [[node_0][tbUF3y2YTPm1TPdTF8YBYw][Bills-MacBook-Pro.local][inet[/10.1.10.75:9300]]])]: done applying updated cluster_state (version: 10704)
[2014-02-18 16:11:16,224][DEBUG][cluster.service          ] [node_0] set local cluster state to version 10704
[2014-02-18 16:11:16,225][DEBUG][cluster.service          ] [node_0] processing [update-settings]: done applying updated cluster_state (version: 10704)
[2014-02-18 16:11:16,226][DEBUG][cluster.service          ] [node_0] processing [shard-started ([test][0], node[q75XUfcITqG3o93Z8EOFnw], relocating [t8Mqv-hjRzqYCBodDxtrKQ], [P], s[INITIALIZING]), reason [after recovery (replica) from node [[node_1][t8Mqv-hjRzqYCBodDxtrKQ][Bills-MacBook-Pro.local][inet[/10.1.10.75:9301]]]]]: execute
[2014-02-18 16:11:16,226][DEBUG][cluster.service          ] [node_0] cluster state updated, version [10705], source [shard-started ([test][0], node[q75XUfcITqG3o93Z8EOFnw], relocating [t8Mqv-hjRzqYCBodDxtrKQ], [P], s[INITIALIZING]), reason [after recovery (replica) from node [[node_1][t8Mqv-hjRzqYCBodDxtrKQ][Bills-MacBook-Pro.local][inet[/10.1.10.75:9301]]]]]
[2014-02-18 16:11:16,227][DEBUG][cluster.service          ] [node_0] publishing cluster state version 10705
[2014-02-18 16:11:16,227][DEBUG][cluster.service          ] [node_2] processing [zen-disco-receive(from master [[node_0][tbUF3y2YTPm1TPdTF8YBYw][Bills-MacBook-Pro.local][inet[/10.1.10.75:9300]]])]: execute
[2014-02-18 16:11:16,227][DEBUG][cluster.service          ] [node_1] processing [zen-disco-receive(from master [[node_0][tbUF3y2YTPm1TPdTF8YBYw][Bills-MacBook-Pro.local][inet[/10.1.10.75:9300]]])]: execute
[2014-02-18 16:11:16,228][DEBUG][cluster.service          ] [node_1] cluster state updated, version [10705], source [zen-disco-receive(from master [[node_0][tbUF3y2YTPm1TPdTF8YBYw][Bills-MacBook-Pro.local][inet[/10.1.10.75:9300]]])]
[2014-02-18 16:11:16,228][DEBUG][cluster.service          ] [node_2] cluster state updated, version [10705], source [zen-disco-receive(from master [[node_0][tbUF3y2YTPm1TPdTF8YBYw][Bills-MacBook-Pro.local][inet[/10.1.10.75:9300]]])]
[2014-02-18 16:11:16,228][DEBUG][cluster.service          ] [node_2] set local cluster state to version 10705
[2014-02-18 16:11:16,229][DEBUG][cluster.service          ] [node_2] processing [zen-disco-receive(from master [[node_0][tbUF3y2YTPm1TPdTF8YBYw][Bills-MacBook-Pro.local][inet[/10.1.10.75:9300]]])]: done applying updated cluster_state (version: 10705)
[2014-02-18 16:11:16,228][DEBUG][cluster.service          ] [node_1] set local cluster state to version 10705
[2014-02-18 16:11:16,279][DEBUG][cluster.service          ] [node_1] processing [zen-disco-receive(from master [[node_0][tbUF3y2YTPm1TPdTF8YBYw][Bills-MacBook-Pro.local][inet[/10.1.10.75:9300]]])]: done applying updated cluster_state (version: 10705)
[2014-02-18 16:11:16,279][DEBUG][cluster.service          ] [node_0] set local cluster state to version 10705
[2014-02-18 16:11:16,306][DEBUG][cluster.service          ] [node_0] processing [shard-started ([test][0], node[q75XUfcITqG3o93Z8EOFnw], relocating [t8Mqv-hjRzqYCBodDxtrKQ], [P], s[INITIALIZING]), reason [after recovery (replica) from node [[node_1][t8Mqv-hjRzqYCBodDxtrKQ][Bills-MacBook-Pro.local][inet[/10.1.10.75:9301]]]]]: done applying updated cluster_state (version: 10705)
[2014-02-18 16:11:16,306][DEBUG][cluster.service          ] [node_0] processing [shard-started ([test][0], node[q75XUfcITqG3o93Z8EOFnw], relocating [t8Mqv-hjRzqYCBodDxtrKQ], [P], s[INITIALIZING]), reason [master [node_0][tbUF3y2YTPm1TPdTF8YBYw][Bills-MacBook-Pro.local][inet[/10.1.10.75:9300]] marked shard as initializing, but shard state is [POST_RECOVERY], mark shard as started]]: execute
[2014-02-18 16:11:16,306][DEBUG][cluster.service          ] [node_0] processing [shard-started ([test][0], node[q75XUfcITqG3o93Z8EOFnw], relocating [t8Mqv-hjRzqYCBodDxtrKQ], [P], s[INITIALIZING]), reason [master [node_0][tbUF3y2YTPm1TPdTF8YBYw][Bills-MacBook-Pro.local][inet[/10.1.10.75:9300]] marked shard as initializing, but shard state is [POST_RECOVERY], mark shard as started]]: no change in cluster_state
[2014-02-18 16:11:16,306][DEBUG][cluster.service          ] [node_0] processing [shard-started ([test][0], node[q75XUfcITqG3o93Z8EOFnw], relocating [t8Mqv-hjRzqYCBodDxtrKQ], [P], s[INITIALIZING]), reason [master [node_0][tbUF3y2YTPm1TPdTF8YBYw][Bills-MacBook-Pro.local][inet[/10.1.10.75:9300]] marked shard as initializing, but shard state is [POST_RECOVERY], mark shard as started]]: execute
[2014-02-18 16:11:16,306][DEBUG][cluster.service          ] [node_0] processing [shard-started ([test][0], node[q75XUfcITqG3o93Z8EOFnw], relocating [t8Mqv-hjRzqYCBodDxtrKQ], [P], s[INITIALIZING]), reason [master [node_0][tbUF3y2YTPm1TPdTF8YBYw][Bills-MacBook-Pro.local][inet[/10.1.10.75:9300]] marked shard as initializing, but shard state is [POST_RECOVERY], mark shard as started]]: no change in cluster_state
[2014-02-18 16:11:16,307][DEBUG][cluster.service          ] [node_0] processing [update-settings]: execute
[2014-02-18 16:11:16,307][INFO ][cluster.metadata         ] [node_0] updating number_of_replicas to [1] for indices [test]
[2014-02-18 16:11:16,307][DEBUG][cluster.service          ] [node_0] cluster state updated, version [10706], source [update-settings]
[2014-02-18 16:11:16,308][DEBUG][cluster.service          ] [node_0] publishing cluster state version 10706
[2014-02-18 16:11:16,308][DEBUG][cluster.service          ] [node_1] processing [zen-disco-receive(from master [[node_0][tbUF3y2YTPm1TPdTF8YBYw][Bills-MacBook-Pro.local][inet[/10.1.10.75:9300]]])]: execute
[2014-02-18 16:11:16,308][DEBUG][cluster.service          ] [node_1] cluster state updated, version [10706], source [zen-disco-receive(from master [[node_0][tbUF3y2YTPm1TPdTF8YBYw][Bills-MacBook-Pro.local][inet[/10.1.10.75:9300]]])]
[2014-02-18 16:11:16,309][DEBUG][cluster.service          ] [node_1] set local cluster state to version 10706
[2014-02-18 16:11:16,308][DEBUG][cluster.service          ] [node_2] processing [zen-disco-receive(from master [[node_0][tbUF3y2YTPm1TPdTF8YBYw][Bills-MacBook-Pro.local][inet[/10.1.10.75:9300]]])]: execute
[2014-02-18 16:11:16,309][DEBUG][cluster.service          ] [node_2] cluster state updated, version [10706], source [zen-disco-receive(from master [[node_0][tbUF3y2YTPm1TPdTF8YBYw][Bills-MacBook-Pro.local][inet[/10.1.10.75:9300]]])]
[2014-02-18 16:11:16,309][DEBUG][cluster.service          ] [node_2] set local cluster state to version 10706
[2014-02-18 16:11:16,310][DEBUG][cluster.service          ] [node_2] processing [zen-disco-receive(from master [[node_0][tbUF3y2YTPm1TPdTF8YBYw][Bills-MacBook-Pro.local][inet[/10.1.10.75:9300]]])]: done applying updated cluster_state (version: 10706)
[2014-02-18 16:11:16,318][DEBUG][cluster.service          ] [node_1] processing [zen-disco-receive(from master [[node_0][tbUF3y2YTPm1TPdTF8YBYw][Bills-MacBook-Pro.local][inet[/10.1.10.75:9300]]])]: done applying updated cluster_state (version: 10706)
[2014-02-18 16:11:16,319][DEBUG][cluster.service          ] [node_0] set local cluster state to version 10706
[2014-02-18 16:11:16,334][DEBUG][cluster.service          ] [node_0] processing [update-settings]: done applying updated cluster_state (version: 10706)
[2014-02-18 16:11:16,335][DEBUG][cluster.service          ] [node_0] processing [cluster_health (wait_for_events [LANGUID])]: execute
[2014-02-18 16:11:16,335][DEBUG][cluster.service          ] [node_0] processing [cluster_health (wait_for_events [LANGUID])]: no change in cluster_state
[2014-02-18 16:11:16,654][DEBUG][cluster.service          ] [node_0] processing [shard-started ([test][2], node[t8Mqv-hjRzqYCBodDxtrKQ], relocating [q75XUfcITqG3o93Z8EOFnw], [P], s[INITIALIZING]), reason [after recovery (replica) from node [[node_2][q75XUfcITqG3o93Z8EOFnw][Bills-MacBook-Pro.local][inet[/10.1.10.75:9302]]]]]: execute
[2014-02-18 16:11:16,655][DEBUG][cluster.service          ] [node_0] cluster state updated, version [10707], source [shard-started ([test][2], node[t8Mqv-hjRzqYCBodDxtrKQ], relocating [q75XUfcITqG3o93Z8EOFnw], [P], s[INITIALIZING]), reason [after recovery (replica) from node [[node_2][q75XUfcITqG3o93Z8EOFnw][Bills-MacBook-Pro.local][inet[/10.1.10.75:9302]]]]]
[2014-02-18 16:11:16,655][DEBUG][cluster.service          ] [node_0] publishing cluster state version 10707
[2014-02-18 16:11:16,656][DEBUG][cluster.service          ] [node_2] processing [zen-disco-receive(from master [[node_0][tbUF3y2YTPm1TPdTF8YBYw][Bills-MacBook-Pro.local][inet[/10.1.10.75:9300]]])]: execute
[2014-02-18 16:11:16,656][DEBUG][cluster.service          ] [node_1] processing [zen-disco-receive(from master [[node_0][tbUF3y2YTPm1TPdTF8YBYw][Bills-MacBook-Pro.local][inet[/10.1.10.75:9300]]])]: execute
[2014-02-18 16:11:16,656][DEBUG][cluster.service          ] [node_2] cluster state updated, version [10707], source [zen-disco-receive(from master [[node_0][tbUF3y2YTPm1TPdTF8YBYw][Bills-MacBook-Pro.local][inet[/10.1.10.75:9300]]])]
[2014-02-18 16:11:16,656][DEBUG][cluster.service          ] [node_1] cluster state updated, version [10707], source [zen-disco-receive(from master [[node_0][tbUF3y2YTPm1TPdTF8YBYw][Bills-MacBook-Pro.local][inet[/10.1.10.75:9300]]])]
[2014-02-18 16:11:16,656][DEBUG][cluster.service          ] [node_2] set local cluster state to version 10707
[2014-02-18 16:11:16,656][DEBUG][cluster.service          ] [node_1] set local cluster state to version 10707
[2014-02-18 16:11:16,665][DEBUG][cluster.service          ] [node_1] processing [zen-disco-receive(from master [[node_0][tbUF3y2YTPm1TPdTF8YBYw][Bills-MacBook-Pro.local][inet[/10.1.10.75:9300]]])]: done applying updated cluster_state (version: 10707)
[2014-02-18 16:11:16,675][DEBUG][cluster.service          ] [node_2] processing [zen-disco-receive(from master [[node_0][tbUF3y2YTPm1TPdTF8YBYw][Bills-MacBook-Pro.local][inet[/10.1.10.75:9300]]])]: done applying updated cluster_state (version: 10707)
[2014-02-18 16:11:16,675][DEBUG][cluster.service          ] [node_0] set local cluster state to version 10707
[2014-02-18 16:11:16,675][DEBUG][cluster.service          ] [node_0] processing [shard-started ([test][2], node[t8Mqv-hjRzqYCBodDxtrKQ], relocating [q75XUfcITqG3o93Z8EOFnw], [P], s[INITIALIZING]), reason [after recovery (replica) from node [[node_2][q75XUfcITqG3o93Z8EOFnw][Bills-MacBook-Pro.local][inet[/10.1.10.75:9302]]]]]: done applying updated cluster_state (version: 10707)
[2014-02-18 16:11:16,792][DEBUG][cluster.service          ] [node_0] processing [shard-started ([test][1], node[tbUF3y2YTPm1TPdTF8YBYw], [R], s[INITIALIZING]), reason [after recovery (replica) from node [[node_1][t8Mqv-hjRzqYCBodDxtrKQ][Bills-MacBook-Pro.local][inet[/10.1.10.75:9301]]]]]: execute
[2014-02-18 16:11:16,793][DEBUG][cluster.service          ] [node_0] cluster state updated, version [10708], source [shard-started ([test][1], node[tbUF3y2YTPm1TPdTF8YBYw], [R], s[INITIALIZING]), reason [after recovery (replica) from node [[node_1][t8Mqv-hjRzqYCBodDxtrKQ][Bills-MacBook-Pro.local][inet[/10.1.10.75:9301]]]]]
[2014-02-18 16:11:16,793][DEBUG][cluster.service          ] [node_0] publishing cluster state version 10708
[2014-02-18 16:11:16,794][DEBUG][cluster.service          ] [node_2] processing [zen-disco-receive(from master [[node_0][tbUF3y2YTPm1TPdTF8YBYw][Bills-MacBook-Pro.local][inet[/10.1.10.75:9300]]])]: execute
[2014-02-18 16:11:16,794][DEBUG][cluster.service          ] [node_1] processing [zen-disco-receive(from master [[node_0][tbUF3y2YTPm1TPdTF8YBYw][Bills-MacBook-Pro.local][inet[/10.1.10.75:9300]]])]: execute
[2014-02-18 16:11:16,794][DEBUG][cluster.service          ] [node_2] cluster state updated, version [10708], source [zen-disco-receive(from master [[node_0][tbUF3y2YTPm1TPdTF8YBYw][Bills-MacBook-Pro.local][inet[/10.1.10.75:9300]]])]
[2014-02-18 16:11:16,794][DEBUG][cluster.service          ] [node_1] cluster state updated, version [10708], source [zen-disco-receive(from master [[node_0][tbUF3y2YTPm1TPdTF8YBYw][Bills-MacBook-Pro.local][inet[/10.1.10.75:9300]]])]
[2014-02-18 16:11:16,795][DEBUG][cluster.service          ] [node_1] set local cluster state to version 10708
[2014-02-18 16:11:16,795][DEBUG][cluster.service          ] [node_2] set local cluster state to version 10708
[2014-02-18 16:11:16,795][DEBUG][cluster.service          ] [node_1] processing [zen-disco-receive(from master [[node_0][tbUF3y2YTPm1TPdTF8YBYw][Bills-MacBook-Pro.local][inet[/10.1.10.75:9300]]])]: done applying updated cluster_state (version: 10708)
[2014-02-18 16:11:16,796][DEBUG][cluster.service          ] [node_2] processing [zen-disco-receive(from master [[node_0][tbUF3y2YTPm1TPdTF8YBYw][Bills-MacBook-Pro.local][inet[/10.1.10.75:9300]]])]: done applying updated cluster_state (version: 10708)
[2014-02-18 16:11:16,796][DEBUG][cluster.service          ] [node_0] set local cluster state to version 10708
[2014-02-18 16:11:16,803][DEBUG][cluster.service          ] [node_0] processing [shard-started ([test][1], node[tbUF3y2YTPm1TPdTF8YBYw], [R], s[INITIALIZING]), reason [after recovery (replica) from node [[node_1][t8Mqv-hjRzqYCBodDxtrKQ][Bills-MacBook-Pro.local][inet[/10.1.10.75:9301]]]]]: done applying updated cluster_state (version: 10708)
[2014-02-18 16:11:16,804][DEBUG][cluster.service          ] [node_0] processing [shard-started ([test][0], node[tbUF3y2YTPm1TPdTF8YBYw], relocating [q75XUfcITqG3o93Z8EOFnw], [P], s[INITIALIZING]), reason [master [node_0][tbUF3y2YTPm1TPdTF8YBYw][Bills-MacBook-Pro.local][inet[/10.1.10.75:9300]] marked shard as initializing, but shard state is [POST_RECOVERY], mark shard as started]]: execute
[2014-02-18 16:11:16,804][DEBUG][cluster.service          ] [node_0] cluster state updated, version [10709], source [shard-started ([test][0], node[tbUF3y2YTPm1TPdTF8YBYw], relocating [q75XUfcITqG3o93Z8EOFnw], [P], s[INITIALIZING]), reason [master [node_0][tbUF3y2YTPm1TPdTF8YBYw][Bills-MacBook-Pro.local][inet[/10.1.10.75:9300]] marked shard as initializing, but shard state is [POST_RECOVERY], mark shard as started]]
[2014-02-18 16:11:16,804][DEBUG][cluster.service          ] [node_0] publishing cluster state version 10709
[2014-02-18 16:11:16,805][DEBUG][cluster.service          ] [node_1] processing [zen-disco-receive(from master [[node_0][tbUF3y2YTPm1TPdTF8YBYw][Bills-MacBook-Pro.local][inet[/10.1.10.75:9300]]])]: execute
[2014-02-18 16:11:16,805][DEBUG][cluster.service          ] [node_2] processing [zen-disco-receive(from master [[node_0][tbUF3y2YTPm1TPdTF8YBYw][Bills-MacBook-Pro.local][inet[/10.1.10.75:9300]]])]: execute
[2014-02-18 16:11:16,806][DEBUG][cluster.service          ] [node_2] cluster state updated, version [10709], source [zen-disco-receive(from master [[node_0][tbUF3y2YTPm1TPdTF8YBYw][Bills-MacBook-Pro.local][inet[/10.1.10.75:9300]]])]
[2014-02-18 16:11:16,806][DEBUG][cluster.service          ] [node_2] set local cluster state to version 10709
[2014-02-18 16:11:16,805][DEBUG][cluster.service          ] [node_1] cluster state updated, version [10709], source [zen-disco-receive(from master [[node_0][tbUF3y2YTPm1TPdTF8YBYw][Bills-MacBook-Pro.local][inet[/10.1.10.75:9300]]])]
[2014-02-18 16:11:16,806][DEBUG][cluster.service          ] [node_1] set local cluster state to version 10709
[2014-02-18 16:11:16,807][DEBUG][cluster.service          ] [node_1] processing [zen-disco-receive(from master [[node_0][tbUF3y2YTPm1TPdTF8YBYw][Bills-MacBook-Pro.local][inet[/10.1.10.75:9300]]])]: done applying updated cluster_state (version: 10709)
[2014-02-18 16:11:16,821][DEBUG][cluster.service          ] [node_2] processing [zen-disco-receive(from master [[node_0][tbUF3y2YTPm1TPdTF8YBYw][Bills-MacBook-Pro.local][inet[/10.1.10.75:9300]]])]: done applying updated cluster_state (version: 10709)
[2014-02-18 16:11:16,821][DEBUG][cluster.service          ] [node_0] set local cluster state to version 10709
[2014-02-18 16:11:16,849][DEBUG][cluster.service          ] [node_0] processing [shard-started ([test][0], node[tbUF3y2YTPm1TPdTF8YBYw], relocating [q75XUfcITqG3o93Z8EOFnw], [P], s[INITIALIZING]), reason [master [node_0][tbUF3y2YTPm1TPdTF8YBYw][Bills-MacBook-Pro.local][inet[/10.1.10.75:9300]] marked shard as initializing, but shard state is [POST_RECOVERY], mark shard as started]]: done applying updated cluster_state (version: 10709)
[2014-02-18 16:11:16,850][DEBUG][cluster.service          ] [node_0] processing [shard-started ([test][0], node[tbUF3y2YTPm1TPdTF8YBYw], relocating [q75XUfcITqG3o93Z8EOFnw], [P], s[INITIALIZING]), reason [after recovery (replica) from node [[node_2][q75XUfcITqG3o93Z8EOFnw][Bills-MacBook-Pro.local][inet[/10.1.10.75:9302]]]]]: execute
[2014-02-18 16:11:16,850][DEBUG][cluster.service          ] [node_0] processing [shard-started ([test][0], node[tbUF3y2YTPm1TPdTF8YBYw], relocating [q75XUfcITqG3o93Z8EOFnw], [P], s[INITIALIZING]), reason [after recovery (replica) from node [[node_2][q75XUfcITqG3o93Z8EOFnw][Bills-MacBook-Pro.local][inet[/10.1.10.75:9302]]]]]: no change in cluster_state
[2014-02-18 16:11:17,300][DEBUG][cluster.service          ] [node_0] processing [shard-started ([test][3], node[t8Mqv-hjRzqYCBodDxtrKQ], [R], s[INITIALIZING]), reason [after recovery (replica) from node [[node_2][q75XUfcITqG3o93Z8EOFnw][Bills-MacBook-Pro.local][inet[/10.1.10.75:9302]]]]]: execute
[2014-02-18 16:11:17,301][DEBUG][cluster.service          ] [node_0] cluster state updated, version [10710], source [shard-started ([test][3], node[t8Mqv-hjRzqYCBodDxtrKQ], [R], s[INITIALIZING]), reason [after recovery (replica) from node [[node_2][q75XUfcITqG3o93Z8EOFnw][Bills-MacBook-Pro.local][inet[/10.1.10.75:9302]]]]]
[2014-02-18 16:11:17,301][DEBUG][cluster.service          ] [node_0] publishing cluster state version 10710
[2014-02-18 16:11:17,302][DEBUG][cluster.service          ] [node_1] processing [zen-disco-receive(from master [[node_0][tbUF3y2YTPm1TPdTF8YBYw][Bills-MacBook-Pro.local][inet[/10.1.10.75:9300]]])]: execute
[2014-02-18 16:11:17,302][DEBUG][cluster.service          ] [node_2] processing [zen-disco-receive(from master [[node_0][tbUF3y2YTPm1TPdTF8YBYw][Bills-MacBook-Pro.local][inet[/10.1.10.75:9300]]])]: execute
[2014-02-18 16:11:17,302][DEBUG][cluster.service          ] [node_1] cluster state updated, version [10710], source [zen-disco-receive(from master [[node_0][tbUF3y2YTPm1TPdTF8YBYw][Bills-MacBook-Pro.local][inet[/10.1.10.75:9300]]])]
[2014-02-18 16:11:17,302][DEBUG][cluster.service          ] [node_2] cluster state updated, version [10710], source [zen-disco-receive(from master [[node_0][tbUF3y2YTPm1TPdTF8YBYw][Bills-MacBook-Pro.local][inet[/10.1.10.75:9300]]])]
[2014-02-18 16:11:17,302][DEBUG][cluster.service          ] [node_1] set local cluster state to version 10710
[2014-02-18 16:11:17,302][DEBUG][cluster.service          ] [node_2] set local cluster state to version 10710
[2014-02-18 16:11:17,303][DEBUG][cluster.service          ] [node_1] processing [zen-disco-receive(from master [[node_0][tbUF3y2YTPm1TPdTF8YBYw][Bills-MacBook-Pro.local][inet[/10.1.10.75:9300]]])]: done applying updated cluster_state (version: 10710)
[2014-02-18 16:11:17,303][DEBUG][cluster.service          ] [node_2] processing [zen-disco-receive(from master [[node_0][tbUF3y2YTPm1TPdTF8YBYw][Bills-MacBook-Pro.local][inet[/10.1.10.75:9300]]])]: done applying updated cluster_state (version: 10710)
[2014-02-18 16:11:17,304][DEBUG][cluster.service          ] [node_0] set local cluster state to version 10710
[2014-02-18 16:11:17,305][DEBUG][cluster.service          ] [node_0] processing [shard-started ([test][3], node[t8Mqv-hjRzqYCBodDxtrKQ], [R], s[INITIALIZING]), reason [after recovery (replica) from node [[node_2][q75XUfcITqG3o93Z8EOFnw][Bills-MacBook-Pro.local][inet[/10.1.10.75:9302]]]]]: done applying updated cluster_state (version: 10710)
[2014-02-18 16:11:17,362][DEBUG][cluster.service          ] [node_0] processing [shard-started ([test][0], node[t8Mqv-hjRzqYCBodDxtrKQ], [R], s[INITIALIZING]), reason [after recovery (replica) from node [[node_0][tbUF3y2YTPm1TPdTF8YBYw][Bills-MacBook-Pro.local][inet[/10.1.10.75:9300]]]]]: execute
[2014-02-18 16:11:17,362][DEBUG][cluster.service          ] [node_0] cluster state updated, version [10711], source [shard-started ([test][0], node[t8Mqv-hjRzqYCBodDxtrKQ], [R], s[INITIALIZING]), reason [after recovery (replica) from node [[node_0][tbUF3y2YTPm1TPdTF8YBYw][Bills-MacBook-Pro.local][inet[/10.1.10.75:9300]]]]]
[2014-02-18 16:11:17,363][DEBUG][cluster.service          ] [node_0] publishing cluster state version 10711
[2014-02-18 16:11:17,363][DEBUG][cluster.service          ] [node_2] processing [zen-disco-receive(from master [[node_0][tbUF3y2YTPm1TPdTF8YBYw][Bills-MacBook-Pro.local][inet[/10.1.10.75:9300]]])]: execute
[2014-02-18 16:11:17,364][DEBUG][cluster.service          ] [node_2] cluster state updated, version [10711], source [zen-disco-receive(from master [[node_0][tbUF3y2YTPm1TPdTF8YBYw][Bills-MacBook-Pro.local][inet[/10.1.10.75:9300]]])]
[2014-02-18 16:11:17,363][DEBUG][cluster.service          ] [node_1] processing [zen-disco-receive(from master [[node_0][tbUF3y2YTPm1TPdTF8YBYw][Bills-MacBook-Pro.local][inet[/10.1.10.75:9300]]])]: execute
[2014-02-18 16:11:17,364][DEBUG][cluster.service          ] [node_2] set local cluster state to version 10711
[2014-02-18 16:11:17,364][DEBUG][cluster.service          ] [node_1] cluster state updated, version [10711], source [zen-disco-receive(from master [[node_0][tbUF3y2YTPm1TPdTF8YBYw][Bills-MacBook-Pro.local][inet[/10.1.10.75:9300]]])]
[2014-02-18 16:11:17,364][DEBUG][cluster.service          ] [node_1] set local cluster state to version 10711
[2014-02-18 16:11:17,365][DEBUG][cluster.service          ] [node_1] processing [zen-disco-receive(from master [[node_0][tbUF3y2YTPm1TPdTF8YBYw][Bills-MacBook-Pro.local][inet[/10.1.10.75:9300]]])]: done applying updated cluster_state (version: 10711)
[2014-02-18 16:11:17,368][DEBUG][cluster.service          ] [node_2] processing [zen-disco-receive(from master [[node_0][tbUF3y2YTPm1TPdTF8YBYw][Bills-MacBook-Pro.local][inet[/10.1.10.75:9300]]])]: done applying updated cluster_state (version: 10711)
[2014-02-18 16:11:17,368][DEBUG][cluster.service          ] [node_0] set local cluster state to version 10711
[2014-02-18 16:11:17,369][DEBUG][cluster.service          ] [node_0] processing [shard-started ([test][0], node[t8Mqv-hjRzqYCBodDxtrKQ], [R], s[INITIALIZING]), reason [after recovery (replica) from node [[node_0][tbUF3y2YTPm1TPdTF8YBYw][Bills-MacBook-Pro.local][inet[/10.1.10.75:9300]]]]]: done applying updated cluster_state (version: 10711)
[2014-02-18 16:11:17,507][DEBUG][cluster.service          ] [node_0] processing [shard-started ([test][2], node[tbUF3y2YTPm1TPdTF8YBYw], [R], s[INITIALIZING]), reason [after recovery (replica) from node [[node_1][t8Mqv-hjRzqYCBodDxtrKQ][Bills-MacBook-Pro.local][inet[/10.1.10.75:9301]]]]]: execute
[2014-02-18 16:11:17,508][DEBUG][cluster.service          ] [node_0] cluster state updated, version [10712], source [shard-started ([test][2], node[tbUF3y2YTPm1TPdTF8YBYw], [R], s[INITIALIZING]), reason [after recovery (replica) from node [[node_1][t8Mqv-hjRzqYCBodDxtrKQ][Bills-MacBook-Pro.local][inet[/10.1.10.75:9301]]]]]
[2014-02-18 16:11:17,508][DEBUG][cluster.service          ] [node_0] publishing cluster state version 10712
[2014-02-18 16:11:17,508][DEBUG][cluster.service          ] [node_1] processing [zen-disco-receive(from master [[node_0][tbUF3y2YTPm1TPdTF8YBYw][Bills-MacBook-Pro.local][inet[/10.1.10.75:9300]]])]: execute
[2014-02-18 16:11:17,508][DEBUG][cluster.service          ] [node_2] processing [zen-disco-receive(from master [[node_0][tbUF3y2YTPm1TPdTF8YBYw][Bills-MacBook-Pro.local][inet[/10.1.10.75:9300]]])]: execute
[2014-02-18 16:11:17,509][DEBUG][cluster.service          ] [node_1] cluster state updated, version [10712], source [zen-disco-receive(from master [[node_0][tbUF3y2YTPm1TPdTF8YBYw][Bills-MacBook-Pro.local][inet[/10.1.10.75:9300]]])]
[2014-02-18 16:11:17,509][DEBUG][cluster.service          ] [node_2] cluster state updated, version [10712], source [zen-disco-receive(from master [[node_0][tbUF3y2YTPm1TPdTF8YBYw][Bills-MacBook-Pro.local][inet[/10.1.10.75:9300]]])]
[2014-02-18 16:11:17,509][DEBUG][cluster.service          ] [node_1] set local cluster state to version 10712
[2014-02-18 16:11:17,509][DEBUG][cluster.service          ] [node_2] set local cluster state to version 10712
[2014-02-18 16:11:17,509][DEBUG][cluster.service          ] [node_1] processing [zen-disco-receive(from master [[node_0][tbUF3y2YTPm1TPdTF8YBYw][Bills-MacBook-Pro.local][inet[/10.1.10.75:9300]]])]: done applying updated cluster_state (version: 10712)
[2014-02-18 16:11:17,512][DEBUG][cluster.service          ] [node_2] processing [zen-disco-receive(from master [[node_0][tbUF3y2YTPm1TPdTF8YBYw][Bills-MacBook-Pro.local][inet[/10.1.10.75:9300]]])]: done applying updated cluster_state (version: 10712)
[2014-02-18 16:11:17,512][DEBUG][cluster.service          ] [node_0] set local cluster state to version 10712
[2014-02-18 16:11:17,513][DEBUG][cluster.service          ] [node_0] processing [shard-started ([test][2], node[tbUF3y2YTPm1TPdTF8YBYw], [R], s[INITIALIZING]), reason [after recovery (replica) from node [[node_1][t8Mqv-hjRzqYCBodDxtrKQ][Bills-MacBook-Pro.local][inet[/10.1.10.75:9301]]]]]: done applying updated cluster_state (version: 10712)
[2014-02-18 16:11:17,588][DEBUG][cluster.service          ] [node_0] processing [shard-started ([test][4], node[tbUF3y2YTPm1TPdTF8YBYw], [R], s[INITIALIZING]), reason [after recovery (replica) from node [[node_2][q75XUfcITqG3o93Z8EOFnw][Bills-MacBook-Pro.local][inet[/10.1.10.75:9302]]]]]: execute
[2014-02-18 16:11:17,588][DEBUG][cluster.service          ] [node_0] cluster state updated, version [10713], source [shard-started ([test][4], node[tbUF3y2YTPm1TPdTF8YBYw], [R], s[INITIALIZING]), reason [after recovery (replica) from node [[node_2][q75XUfcITqG3o93Z8EOFnw][Bills-MacBook-Pro.local][inet[/10.1.10.75:9302]]]]]
[2014-02-18 16:11:17,589][DEBUG][cluster.service          ] [node_0] publishing cluster state version 10713
[2014-02-18 16:11:17,589][DEBUG][cluster.service          ] [node_2] processing [zen-disco-receive(from master [[node_0][tbUF3y2YTPm1TPdTF8YBYw][Bills-MacBook-Pro.local][inet[/10.1.10.75:9300]]])]: execute
[2014-02-18 16:11:17,589][DEBUG][cluster.service          ] [node_1] processing [zen-disco-receive(from master [[node_0][tbUF3y2YTPm1TPdTF8YBYw][Bills-MacBook-Pro.local][inet[/10.1.10.75:9300]]])]: execute
[2014-02-18 16:11:17,590][DEBUG][cluster.service          ] [node_1] cluster state updated, version [10713], source [zen-disco-receive(from master [[node_0][tbUF3y2YTPm1TPdTF8YBYw][Bills-MacBook-Pro.local][inet[/10.1.10.75:9300]]])]
[2014-02-18 16:11:17,590][DEBUG][cluster.service          ] [node_1] set local cluster state to version 10713
[2014-02-18 16:11:17,590][DEBUG][cluster.service          ] [node_2] cluster state updated, version [10713], source [zen-disco-receive(from master [[node_0][tbUF3y2YTPm1TPdTF8YBYw][Bills-MacBook-Pro.local][inet[/10.1.10.75:9300]]])]
[2014-02-18 16:11:17,590][DEBUG][cluster.service          ] [node_2] set local cluster state to version 10713
[2014-02-18 16:11:17,591][DEBUG][cluster.service          ] [node_1] processing [zen-disco-receive(from master [[node_0][tbUF3y2YTPm1TPdTF8YBYw][Bills-MacBook-Pro.local][inet[/10.1.10.75:9300]]])]: done applying updated cluster_state (version: 10713)
[2014-02-18 16:11:17,596][DEBUG][cluster.service          ] [node_2] processing [zen-disco-receive(from master [[node_0][tbUF3y2YTPm1TPdTF8YBYw][Bills-MacBook-Pro.local][inet[/10.1.10.75:9300]]])]: done applying updated cluster_state (version: 10713)
[2014-02-18 16:11:17,596][DEBUG][cluster.service          ] [node_0] set local cluster state to version 10713
[2014-02-18 16:11:17,597][DEBUG][cluster.service          ] [node_0] processing [shard-started ([test][4], node[tbUF3y2YTPm1TPdTF8YBYw], [R], s[INITIALIZING]), reason [after recovery (replica) from node [[node_2][q75XUfcITqG3o93Z8EOFnw][Bills-MacBook-Pro.local][inet[/10.1.10.75:9302]]]]]: done applying updated cluster_state (version: 10713)
[2014-02-18 16:11:17,740][INFO ][recovery                 ] --> refreshing the index
[2014-02-18 16:11:17,741][TRACE][action.admin.indices.refresh] [node_2] [test][3] refresh request executed, force: [true]
[2014-02-18 16:11:17,741][TRACE][action.admin.indices.refresh] [node_0] [test][0] refresh request executed, force: [true]
[2014-02-18 16:11:17,741][TRACE][action.admin.indices.refresh] [node_0] [test][4] refresh request executed, force: [true]
[2014-02-18 16:11:17,741][TRACE][action.admin.indices.refresh] [node_1] [test][0] refresh request executed, force: [true]
[2014-02-18 16:11:17,741][TRACE][action.admin.indices.refresh] [node_2] [test][4] refresh request executed, force: [true]
[2014-02-18 16:11:17,741][TRACE][action.admin.indices.refresh] [node_0] [test][2] refresh request executed, force: [true]
[2014-02-18 16:11:17,741][TRACE][action.admin.indices.refresh] [node_0] [test][1] refresh request executed, force: [true]
[2014-02-18 16:11:17,741][TRACE][action.admin.indices.refresh] [node_1] [test][3] refresh request executed, force: [true]
[2014-02-18 16:11:17,742][TRACE][action.admin.indices.refresh] [node_1] [test][1] refresh request executed, force: [true]
[2014-02-18 16:11:17,742][TRACE][action.admin.indices.refresh] [node_1] [test][2] refresh request executed, force: [true]
[2014-02-18 16:11:17,743][INFO ][recovery                 ] --> verifying indexed content
[2014-02-18 16:11:17,744][TRACE][action.search.type       ] [node_0] Moving to second phase, based on results from: [tbUF3y2YTPm1TPdTF8YBYw][test][4],[t8Mqv-hjRzqYCBodDxtrKQ][test][3],[tbUF3y2YTPm1TPdTF8YBYw][test][2],[t8Mqv-hjRzqYCBodDxtrKQ][test][0],[tbUF3y2YTPm1TPdTF8YBYw][test][1] (cluster state version: 10713)
[2014-02-18 16:11:17,744][INFO ][recovery                 ] iteration [0] - successful shards: 5 (expected 5)
[2014-02-18 16:11:17,744][INFO ][recovery                 ] iteration [0] - failed shards: 0 (expected 0)
[2014-02-18 16:11:17,744][INFO ][recovery                 ] iteration [0] - returned documents: 22129 (expected 22129)
[2014-02-18 16:11:17,745][TRACE][action.search.type       ] [node_1] Moving to second phase, based on results from: [q75XUfcITqG3o93Z8EOFnw][test][4],[q75XUfcITqG3o93Z8EOFnw][test][3],[tbUF3y2YTPm1TPdTF8YBYw][test][2],[t8Mqv-hjRzqYCBodDxtrKQ][test][0],[tbUF3y2YTPm1TPdTF8YBYw][test][1] (cluster state version: 10713)
[2014-02-18 16:11:17,746][INFO ][recovery                 ] iteration [1] - successful shards: 5 (expected 5)
[2014-02-18 16:11:17,746][INFO ][recovery                 ] iteration [1] - failed shards: 0 (expected 0)
[2014-02-18 16:11:17,746][INFO ][recovery                 ] iteration [1] - returned documents: 22129 (expected 22129)
[2014-02-18 16:11:17,747][TRACE][action.search.type       ] [node_2] Moving to second phase, based on results from: [tbUF3y2YTPm1TPdTF8YBYw][test][4],[t8Mqv-hjRzqYCBodDxtrKQ][test][3],[t8Mqv-hjRzqYCBodDxtrKQ][test][2],[t8Mqv-hjRzqYCBodDxtrKQ][test][0],[tbUF3y2YTPm1TPdTF8YBYw][test][1] (cluster state version: 10713)
[2014-02-18 16:11:17,748][INFO ][recovery                 ] iteration [2] - successful shards: 5 (expected 5)
[2014-02-18 16:11:17,748][INFO ][recovery                 ] iteration [2] - failed shards: 0 (expected 0)
[2014-02-18 16:11:17,748][INFO ][recovery                 ] iteration [2] - returned documents: 22129 (expected 22129)
[2014-02-18 16:11:17,749][TRACE][action.search.type       ] [node_1] Moving to second phase, based on results from: [tbUF3y2YTPm1TPdTF8YBYw][test][4],[t8Mqv-hjRzqYCBodDxtrKQ][test][3],[t8Mqv-hjRzqYCBodDxtrKQ][test][2],[tbUF3y2YTPm1TPdTF8YBYw][test][0],[t8Mqv-hjRzqYCBodDxtrKQ][test][1] (cluster state version: 10713)
[2014-02-18 16:11:17,749][INFO ][recovery                 ] iteration [3] - successful shards: 5 (expected 5)
[2014-02-18 16:11:17,749][INFO ][recovery                 ] iteration [3] - failed shards: 0 (expected 0)
[2014-02-18 16:11:17,749][INFO ][recovery                 ] iteration [3] - returned documents: 22129 (expected 22129)
[2014-02-18 16:11:17,750][TRACE][action.search.type       ] [node_2] Moving to second phase, based on results from: [q75XUfcITqG3o93Z8EOFnw][test][4],[q75XUfcITqG3o93Z8EOFnw][test][3],[tbUF3y2YTPm1TPdTF8YBYw][test][2],[tbUF3y2YTPm1TPdTF8YBYw][test][0],[t8Mqv-hjRzqYCBodDxtrKQ][test][1] (cluster state version: 10713)
[2014-02-18 16:11:17,752][INFO ][recovery                 ] iteration [4] - successful shards: 5 (expected 5)
[2014-02-18 16:11:17,752][INFO ][recovery                 ] iteration [4] - failed shards: 0 (expected 0)
[2014-02-18 16:11:17,752][INFO ][recovery                 ] iteration [4] - returned documents: 22129 (expected 22129)
[2014-02-18 16:11:17,755][TRACE][action.search.type       ] [node_0] Moving to second phase, based on results from: [q75XUfcITqG3o93Z8EOFnw][test][4],[q75XUfcITqG3o93Z8EOFnw][test][3],[t8Mqv-hjRzqYCBodDxtrKQ][test][2],[tbUF3y2YTPm1TPdTF8YBYw][test][0],[t8Mqv-hjRzqYCBodDxtrKQ][test][1] (cluster state version: 10713)
[2014-02-18 16:11:17,755][INFO ][recovery                 ] iteration [5] - successful shards: 5 (expected 5)
[2014-02-18 16:11:17,755][INFO ][recovery                 ] iteration [5] - failed shards: 0 (expected 0)
[2014-02-18 16:11:17,755][INFO ][recovery                 ] iteration [5] - returned documents: 22129 (expected 22129)
[2014-02-18 16:11:17,757][TRACE][action.search.type       ] [node_1] Moving to second phase, based on results from: [q75XUfcITqG3o93Z8EOFnw][test][4],[q75XUfcITqG3o93Z8EOFnw][test][3],[tbUF3y2YTPm1TPdTF8YBYw][test][2],[t8Mqv-hjRzqYCBodDxtrKQ][test][0],[tbUF3y2YTPm1TPdTF8YBYw][test][1] (cluster state version: 10713)
[2014-02-18 16:11:17,757][INFO ][recovery                 ] iteration [6] - successful shards: 5 (expected 5)
[2014-02-18 16:11:17,757][INFO ][recovery                 ] iteration [6] - failed shards: 0 (expected 0)
[2014-02-18 16:11:17,757][INFO ][recovery                 ] iteration [6] - returned documents: 22129 (expected 22129)
[2014-02-18 16:11:17,758][TRACE][action.search.type       ] [node_0] Moving to second phase, based on results from: [tbUF3y2YTPm1TPdTF8YBYw][test][4],[t8Mqv-hjRzqYCBodDxtrKQ][test][3],[tbUF3y2YTPm1TPdTF8YBYw][test][2],[t8Mqv-hjRzqYCBodDxtrKQ][test][0],[tbUF3y2YTPm1TPdTF8YBYw][test][1] (cluster state version: 10713)
[2014-02-18 16:11:17,759][INFO ][recovery                 ] iteration [7] - successful shards: 5 (expected 5)
[2014-02-18 16:11:17,759][INFO ][recovery                 ] iteration [7] - failed shards: 0 (expected 0)
[2014-02-18 16:11:17,759][INFO ][recovery                 ] iteration [7] - returned documents: 22129 (expected 22129)
[2014-02-18 16:11:17,760][TRACE][action.search.type       ] [node_0] Moving to second phase, based on results from: [q75XUfcITqG3o93Z8EOFnw][test][4],[q75XUfcITqG3o93Z8EOFnw][test][3],[t8Mqv-hjRzqYCBodDxtrKQ][test][2],[tbUF3y2YTPm1TPdTF8YBYw][test][0],[t8Mqv-hjRzqYCBodDxtrKQ][test][1] (cluster state version: 10713)
[2014-02-18 16:11:17,761][INFO ][recovery                 ] iteration [8] - successful shards: 5 (expected 5)
[2014-02-18 16:11:17,761][INFO ][recovery                 ] iteration [8] - failed shards: 0 (expected 0)
[2014-02-18 16:11:17,761][INFO ][recovery                 ] iteration [8] - returned documents: 22129 (expected 22129)
[2014-02-18 16:11:17,762][TRACE][action.search.type       ] [node_0] Moving to second phase, based on results from: [tbUF3y2YTPm1TPdTF8YBYw][test][4],[t8Mqv-hjRzqYCBodDxtrKQ][test][3],[tbUF3y2YTPm1TPdTF8YBYw][test][2],[t8Mqv-hjRzqYCBodDxtrKQ][test][0],[tbUF3y2YTPm1TPdTF8YBYw][test][1] (cluster state version: 10713)
[2014-02-18 16:11:17,762][INFO ][recovery                 ] iteration [9] - successful shards: 5 (expected 5)
[2014-02-18 16:11:17,762][INFO ][recovery                 ] iteration [9] - failed shards: 0 (expected 0)
[2014-02-18 16:11:17,762][INFO ][recovery                 ] iteration [9] - returned documents: 22129 (expected 22129)
[2014-02-18 16:11:17,763][INFO ][recovery                 ] [RecoveryWhileUnderLoadTests#recoverWhileRelocating]: cleaning up after test
[2014-02-18 16:11:17,765][DEBUG][cluster.service          ] [node_0] processing [delete-index [test]]: execute
[2014-02-18 16:11:17,765][INFO ][cluster.metadata         ] [node_0] [test] deleting index
[2014-02-18 16:11:17,765][DEBUG][cluster.service          ] [node_0] cluster state updated, version [10714], source [delete-index [test]]
[2014-02-18 16:11:17,765][DEBUG][cluster.service          ] [node_0] publishing cluster state version 10714
[2014-02-18 16:11:17,766][DEBUG][cluster.service          ] [node_1] processing [zen-disco-receive(from master [[node_0][tbUF3y2YTPm1TPdTF8YBYw][Bills-MacBook-Pro.local][inet[/10.1.10.75:9300]]])]: execute
[2014-02-18 16:11:17,766][DEBUG][cluster.service          ] [node_2] processing [zen-disco-receive(from master [[node_0][tbUF3y2YTPm1TPdTF8YBYw][Bills-MacBook-Pro.local][inet[/10.1.10.75:9300]]])]: execute
[2014-02-18 16:11:17,766][DEBUG][cluster.service          ] [node_2] cluster state updated, version [10714], source [zen-disco-receive(from master [[node_0][tbUF3y2YTPm1TPdTF8YBYw][Bills-MacBook-Pro.local][inet[/10.1.10.75:9300]]])]
[2014-02-18 16:11:17,766][DEBUG][cluster.service          ] [node_2] set local cluster state to version 10714
[2014-02-18 16:11:17,766][DEBUG][cluster.service          ] [node_1] cluster state updated, version [10714], source [zen-disco-receive(from master [[node_0][tbUF3y2YTPm1TPdTF8YBYw][Bills-MacBook-Pro.local][inet[/10.1.10.75:9300]]])]
[2014-02-18 16:11:17,767][DEBUG][cluster.service          ] [node_1] set local cluster state to version 10714
[2014-02-18 16:11:17,804][DEBUG][cluster.service          ] [node_1] processing [zen-disco-receive(from master [[node_0][tbUF3y2YTPm1TPdTF8YBYw][Bills-MacBook-Pro.local][inet[/10.1.10.75:9300]]])]: done applying updated cluster_state (version: 10714)
[2014-02-18 16:11:17,814][DEBUG][cluster.service          ] [node_2] processing [zen-disco-receive(from master [[node_0][tbUF3y2YTPm1TPdTF8YBYw][Bills-MacBook-Pro.local][inet[/10.1.10.75:9300]]])]: done applying updated cluster_state (version: 10714)
[2014-02-18 16:11:17,814][DEBUG][cluster.service          ] [node_0] set local cluster state to version 10714
[2014-02-18 16:11:17,838][DEBUG][cluster.service          ] [node_0] processing [delete-index [test]]: done applying updated cluster_state (version: 10714)
[2014-02-18 16:11:17,839][DEBUG][cluster.service          ] [node_0] processing [remove-index-template [*]]: execute
[2014-02-18 16:11:17,839][DEBUG][cluster.service          ] [node_0] cluster state updated, version [10715], source [remove-index-template [*]]
[2014-02-18 16:11:17,840][DEBUG][cluster.service          ] [node_0] publishing cluster state version 10715
[2014-02-18 16:11:17,840][DEBUG][cluster.service          ] [node_2] processing [zen-disco-receive(from master [[node_0][tbUF3y2YTPm1TPdTF8YBYw][Bills-MacBook-Pro.local][inet[/10.1.10.75:9300]]])]: execute
[2014-02-18 16:11:17,840][DEBUG][cluster.service          ] [node_1] processing [zen-disco-receive(from master [[node_0][tbUF3y2YTPm1TPdTF8YBYw][Bills-MacBook-Pro.local][inet[/10.1.10.75:9300]]])]: execute
[2014-02-18 16:11:17,840][DEBUG][cluster.service          ] [node_2] cluster state updated, version [10715], source [zen-disco-receive(from master [[node_0][tbUF3y2YTPm1TPdTF8YBYw][Bills-MacBook-Pro.local][inet[/10.1.10.75:9300]]])]
[2014-02-18 16:11:17,841][DEBUG][cluster.service          ] [node_1] cluster state updated, version [10715], source [zen-disco-receive(from master [[node_0][tbUF3y2YTPm1TPdTF8YBYw][Bills-MacBook-Pro.local][inet[/10.1.10.75:9300]]])]
[2014-02-18 16:11:17,841][DEBUG][cluster.service          ] [node_2] set local cluster state to version 10715
[2014-02-18 16:11:17,841][DEBUG][cluster.service          ] [node_1] set local cluster state to version 10715
[2014-02-18 16:11:17,841][DEBUG][cluster.service          ] [node_1] processing [zen-disco-receive(from master [[node_0][tbUF3y2YTPm1TPdTF8YBYw][Bills-MacBook-Pro.local][inet[/10.1.10.75:9300]]])]: done applying updated cluster_state (version: 10715)
[2014-02-18 16:11:17,841][DEBUG][cluster.service          ] [node_2] processing [zen-disco-receive(from master [[node_0][tbUF3y2YTPm1TPdTF8YBYw][Bills-MacBook-Pro.local][inet[/10.1.10.75:9300]]])]: done applying updated cluster_state (version: 10715)
[2014-02-18 16:11:17,842][DEBUG][cluster.service          ] [node_0] set local cluster state to version 10715
[2014-02-18 16:11:17,842][DEBUG][cluster.service          ] [node_0] processing [remove-index-template [*]]: done applying updated cluster_state (version: 10715)
[2014-02-18 16:11:17,842][DEBUG][cluster.service          ] [node_0] processing [delete_repository [*]]: execute
[2014-02-18 16:11:17,843][INFO ][recovery                 ] [RecoveryWhileUnderLoadTests#recoverWhileRelocating]: cleaned up after test
[2014-02-18 16:11:17,852][INFO ][test                     ] Test recoverWhileRelocating(org.elasticsearch.recovery.RecoveryWhileUnderLoadTests) finished
[2014-02-18 16:11:17,853][INFO ][test                     ] Test recoverWhileUnderLoadAllocateBackupsRelocatePrimariesTest(org.elasticsearch.recovery.RecoveryWhileUnderLoadTests) started
[2014-02-18 16:11:17,862][INFO ][plugins                  ] [transport_client_node_2] loaded [], sites []
[2014-02-18 16:11:17,894][INFO ][recovery                 ] [RecoveryWhileUnderLoadTests#recoverWhileUnderLoadAllocateBackupsRelocatePrimariesTest]: before test
[2014-02-18 16:11:17,894][INFO ][recovery                 ] --> creating test index ...
[2014-02-18 16:11:17,908][INFO ][cluster.metadata         ] [node_0] [test] creating index, cause [api], shards [5]/[1], mappings []
[2014-02-18 16:11:17,955][INFO ][recovery                 ] --> starting 5 indexing threads
[2014-02-18 16:11:17,958][INFO ][recovery                 ] **** starting indexing thread 0
[2014-02-18 16:11:17,961][INFO ][plugins                  ] [transport_client_node_1] loaded [], sites []
[2014-02-18 16:11:17,980][INFO ][cluster.metadata         ] [node_0] [test] update_mapping [type1] (dynamic)
[2014-02-18 16:11:17,996][INFO ][recovery                 ] **** starting indexing thread 1
[2014-02-18 16:11:17,996][INFO ][recovery                 ] **** starting indexing thread 2
[2014-02-18 16:11:17,996][INFO ][recovery                 ] **** starting indexing thread 4
[2014-02-18 16:11:17,996][INFO ][recovery                 ] --> waiting for 2000 docs to be indexed ...
[2014-02-18 16:11:17,996][INFO ][recovery                 ] **** starting indexing thread 3
[2014-02-18 16:11:20,070][INFO ][recovery                 ] --> 2000 docs indexed
[2014-02-18 16:11:20,070][INFO ][recovery                 ] --> flushing the index ....
[2014-02-18 16:11:20,873][INFO ][recovery                 ] --> waiting for 4000 docs to be indexed ...
[2014-02-18 16:11:20,874][INFO ][recovery                 ] --> 4000 docs indexed
[2014-02-18 16:11:20,874][INFO ][recovery                 ] --> allow 4 nodes for index [test] ...
[2014-02-18 16:11:20,875][INFO ][test                     ] increasing cluster size from 3 to 4
[2014-02-18 16:11:20,885][INFO ][node                     ] [node_3] version[1.0.0], pid[6815], build[a46900e/2014-02-18T23:32:25Z]
[2014-02-18 16:11:20,885][INFO ][node                     ] [node_3] initializing ...
[2014-02-18 16:11:20,888][INFO ][plugins                  ] [node_3] loaded [], sites []
[2014-02-18 16:11:20,986][INFO ][node                     ] [node_3] initialized
[2014-02-18 16:11:20,987][INFO ][node                     ] [node_3] starting ...
[2014-02-18 16:11:21,011][INFO ][transport                ] [node_3] bound_address {inet[/0:0:0:0:0:0:0:0:9303]}, publish_address {inet[/10.1.10.75:9303]}
[2014-02-18 16:11:24,050][INFO ][cluster.service          ] [node_0] added {[node_3][LclWDBIsShWGk4IJuanY8Q][Bills-MacBook-Pro.local][inet[/10.1.10.75:9303]],}, reason: zen-disco-receive(join from node[[node_3][LclWDBIsShWGk4IJuanY8Q][Bills-MacBook-Pro.local][inet[/10.1.10.75:9303]]])
[2014-02-18 16:11:24,051][INFO ][cluster.service          ] [node_1] added {[node_3][LclWDBIsShWGk4IJuanY8Q][Bills-MacBook-Pro.local][inet[/10.1.10.75:9303]],}, reason: zen-disco-receive(from master [[node_0][tbUF3y2YTPm1TPdTF8YBYw][Bills-MacBook-Pro.local][inet[/10.1.10.75:9300]]])
[2014-02-18 16:11:24,051][INFO ][cluster.service          ] [node_3] detected_master [node_0][tbUF3y2YTPm1TPdTF8YBYw][Bills-MacBook-Pro.local][inet[/10.1.10.75:9300]], added {[node_2][q75XUfcITqG3o93Z8EOFnw][Bills-MacBook-Pro.local][inet[/10.1.10.75:9302]],[node_0][tbUF3y2YTPm1TPdTF8YBYw][Bills-MacBook-Pro.local][inet[/10.1.10.75:9300]],[node_1][t8Mqv-hjRzqYCBodDxtrKQ][Bills-MacBook-Pro.local][inet[/10.1.10.75:9301]],}, reason: zen-disco-receive(from master [[node_0][tbUF3y2YTPm1TPdTF8YBYw][Bills-MacBook-Pro.local][inet[/10.1.10.75:9300]]])
[2014-02-18 16:11:24,051][INFO ][cluster.service          ] [node_2] added {[node_3][LclWDBIsShWGk4IJuanY8Q][Bills-MacBook-Pro.local][inet[/10.1.10.75:9303]],}, reason: zen-disco-receive(from master [[node_0][tbUF3y2YTPm1TPdTF8YBYw][Bills-MacBook-Pro.local][inet[/10.1.10.75:9300]]])
[2014-02-18 16:11:24,117][INFO ][discovery                ] [node_3] shared-Bills-MacBook-Pro.local-CHILD_VM=[0]-CLUSTER_SEED=[1392766407945050000]-HASH=[135419AB41B95588]/LclWDBIsShWGk4IJuanY8Q
[2014-02-18 16:11:24,124][INFO ][http                     ] [node_3] bound_address {inet[/0:0:0:0:0:0:0:0:9203]}, publish_address {inet[/10.1.10.75:9203]}
[2014-02-18 16:11:24,124][INFO ][node                     ] [node_3] started
[2014-02-18 16:11:24,384][INFO ][recovery                 ] --> waiting for GREEN health status ...
[2014-02-18 16:11:25,804][INFO ][recovery                 ] --> waiting for 15000 docs to be indexed ...
[2014-02-18 16:11:25,809][INFO ][recovery                 ] --> 15000 docs indexed
[2014-02-18 16:11:25,817][INFO ][recovery                 ] **** done indexing thread 1
[2014-02-18 16:11:25,862][INFO ][recovery                 ] **** done indexing thread 4
[2014-02-18 16:11:25,882][INFO ][recovery                 ] **** done indexing thread 0
[2014-02-18 16:11:25,882][INFO ][recovery                 ] **** done indexing thread 2
[2014-02-18 16:11:25,889][INFO ][recovery                 ] **** done indexing thread 3
[2014-02-18 16:11:25,890][INFO ][recovery                 ] --> marking and waiting for indexing threads to stop ...
[2014-02-18 16:11:25,891][INFO ][recovery                 ] --> indexing threads stopped
[2014-02-18 16:11:25,891][INFO ][recovery                 ] --> refreshing the index
[2014-02-18 16:11:25,903][INFO ][plugins                  ] [transport_client_node_3] loaded [], sites []
[2014-02-18 16:11:26,200][TRACE][action.admin.indices.refresh] [node_0] [test][2] refresh request executed, force: [true]
[2014-02-18 16:11:26,241][TRACE][action.admin.indices.refresh] [node_1] [test][3] refresh request executed, force: [true]
[2014-02-18 16:11:26,270][TRACE][action.admin.indices.refresh] [node_1] [test][0] refresh request executed, force: [true]
[2014-02-18 16:11:26,278][TRACE][action.admin.indices.refresh] [node_3] [test][4] refresh request executed, force: [true]
[2014-02-18 16:11:26,287][TRACE][action.admin.indices.refresh] [node_2] [test][2] refresh request executed, force: [true]
[2014-02-18 16:11:26,295][TRACE][action.admin.indices.refresh] [node_3] [test][1] refresh request executed, force: [true]
[2014-02-18 16:11:26,434][TRACE][action.admin.indices.refresh] [node_2] [test][0] refresh request executed, force: [true]
[2014-02-18 16:11:26,506][TRACE][action.admin.indices.refresh] [node_2] [test][1] refresh request executed, force: [true]
[2014-02-18 16:11:26,544][TRACE][action.admin.indices.refresh] [node_2] [test][4] refresh request executed, force: [true]
[2014-02-18 16:11:26,574][TRACE][action.admin.indices.refresh] [node_2] [test][3] refresh request executed, force: [true]
[2014-02-18 16:11:26,576][INFO ][recovery                 ] --> verifying indexed content
[2014-02-18 16:11:26,578][TRACE][action.search.type       ] [node_2] Moving to second phase, based on results from: [LclWDBIsShWGk4IJuanY8Q][test][4],[t8Mqv-hjRzqYCBodDxtrKQ][test][3],[q75XUfcITqG3o93Z8EOFnw][test][2],[t8Mqv-hjRzqYCBodDxtrKQ][test][0],[LclWDBIsShWGk4IJuanY8Q][test][1] (cluster state version: 10726)
[2014-02-18 16:11:26,578][INFO ][recovery                 ] iteration [0] - successful shards: 5 (expected 5)
[2014-02-18 16:11:26,579][INFO ][recovery                 ] iteration [0] - failed shards: 0 (expected 0)
[2014-02-18 16:11:26,579][INFO ][recovery                 ] iteration [0] - returned documents: 28690 (expected 28690)
[2014-02-18 16:11:26,580][TRACE][action.search.type       ] [node_2] Moving to second phase, based on results from: [q75XUfcITqG3o93Z8EOFnw][test][4],[q75XUfcITqG3o93Z8EOFnw][test][3],[tbUF3y2YTPm1TPdTF8YBYw][test][2],[q75XUfcITqG3o93Z8EOFnw][test][0],[q75XUfcITqG3o93Z8EOFnw][test][1] (cluster state version: 10726)
[2014-02-18 16:11:26,580][INFO ][recovery                 ] iteration [1] - successful shards: 5 (expected 5)
[2014-02-18 16:11:26,581][INFO ][recovery                 ] iteration [1] - failed shards: 0 (expected 0)
[2014-02-18 16:11:26,581][INFO ][recovery                 ] iteration [1] - returned documents: 28690 (expected 28690)
[2014-02-18 16:11:26,582][TRACE][action.search.type       ] [node_0] Moving to second phase, based on results from: [q75XUfcITqG3o93Z8EOFnw][test][4],[q75XUfcITqG3o93Z8EOFnw][test][3],[tbUF3y2YTPm1TPdTF8YBYw][test][2],[t8Mqv-hjRzqYCBodDxtrKQ][test][0],[LclWDBIsShWGk4IJuanY8Q][test][1] (cluster state version: 10726)
[2014-02-18 16:11:26,583][INFO ][recovery                 ] iteration [2] - successful shards: 5 (expected 5)
[2014-02-18 16:11:26,583][INFO ][recovery                 ] iteration [2] - failed shards: 0 (expected 0)
[2014-02-18 16:11:26,583][INFO ][recovery                 ] iteration [2] - returned documents: 28690 (expected 28690)
[2014-02-18 16:11:26,585][TRACE][action.search.type       ] [node_2] Moving to second phase, based on results from: [LclWDBIsShWGk4IJuanY8Q][test][4],[t8Mqv-hjRzqYCBodDxtrKQ][test][3],[q75XUfcITqG3o93Z8EOFnw][test][2],[t8Mqv-hjRzqYCBodDxtrKQ][test][0],[LclWDBIsShWGk4IJuanY8Q][test][1] (cluster state version: 10726)
[2014-02-18 16:11:26,586][INFO ][recovery                 ] iteration [3] - successful shards: 5 (expected 5)
[2014-02-18 16:11:26,586][INFO ][recovery                 ] iteration [3] - failed shards: 0 (expected 0)
[2014-02-18 16:11:26,586][INFO ][recovery                 ] iteration [3] - returned documents: 28690 (expected 28690)
[2014-02-18 16:11:26,587][TRACE][action.search.type       ] [node_2] Moving to second phase, based on results from: [q75XUfcITqG3o93Z8EOFnw][test][4],[q75XUfcITqG3o93Z8EOFnw][test][3],[tbUF3y2YTPm1TPdTF8YBYw][test][2],[q75XUfcITqG3o93Z8EOFnw][test][0],[q75XUfcITqG3o93Z8EOFnw][test][1] (cluster state version: 10726)
[2014-02-18 16:11:26,588][INFO ][recovery                 ] iteration [4] - successful shards: 5 (expected 5)
[2014-02-18 16:11:26,588][INFO ][recovery                 ] iteration [4] - failed shards: 0 (expected 0)
[2014-02-18 16:11:26,588][INFO ][recovery                 ] iteration [4] - returned documents: 28690 (expected 28690)
[2014-02-18 16:11:26,590][TRACE][action.search.type       ] [node_0] Moving to second phase, based on results from: [LclWDBIsShWGk4IJuanY8Q][test][4],[t8Mqv-hjRzqYCBodDxtrKQ][test][3],[q75XUfcITqG3o93Z8EOFnw][test][2],[q75XUfcITqG3o93Z8EOFnw][test][0],[q75XUfcITqG3o93Z8EOFnw][test][1] (cluster state version: 10726)
[2014-02-18 16:11:26,590][INFO ][recovery                 ] iteration [5] - successful shards: 5 (expected 5)
[2014-02-18 16:11:26,590][INFO ][recovery                 ] iteration [5] - failed shards: 0 (expected 0)
[2014-02-18 16:11:26,590][INFO ][recovery                 ] iteration [5] - returned documents: 28690 (expected 28690)
[2014-02-18 16:11:26,593][TRACE][action.search.type       ] [node_1] Moving to second phase, based on results from: [q75XUfcITqG3o93Z8EOFnw][test][4],[t8Mqv-hjRzqYCBodDxtrKQ][test][3],[tbUF3y2YTPm1TPdTF8YBYw][test][2],[q75XUfcITqG3o93Z8EOFnw][test][0],[LclWDBIsShWGk4IJuanY8Q][test][1] (cluster state version: 10726)
[2014-02-18 16:11:26,594][INFO ][recovery                 ] iteration [6] - successful shards: 5 (expected 5)
[2014-02-18 16:11:26,594][INFO ][recovery                 ] iteration [6] - failed shards: 0 (expected 0)
[2014-02-18 16:11:26,594][INFO ][recovery                 ] iteration [6] - returned documents: 28690 (expected 28690)
[2014-02-18 16:11:26,595][TRACE][action.search.type       ] [node_0] Moving to second phase, based on results from: [q75XUfcITqG3o93Z8EOFnw][test][4],[q75XUfcITqG3o93Z8EOFnw][test][3],[tbUF3y2YTPm1TPdTF8YBYw][test][2],[t8Mqv-hjRzqYCBodDxtrKQ][test][0],[LclWDBIsShWGk4IJuanY8Q][test][1] (cluster state version: 10726)
[2014-02-18 16:11:26,596][INFO ][recovery                 ] iteration [7] - successful shards: 5 (expected 5)
[2014-02-18 16:11:26,596][INFO ][recovery                 ] iteration [7] - failed shards: 0 (expected 0)
[2014-02-18 16:11:26,596][INFO ][recovery                 ] iteration [7] - returned documents: 28690 (expected 28690)
[2014-02-18 16:11:26,598][TRACE][action.search.type       ] [node_2] Moving to second phase, based on results from: [LclWDBIsShWGk4IJuanY8Q][test][4],[t8Mqv-hjRzqYCBodDxtrKQ][test][3],[q75XUfcITqG3o93Z8EOFnw][test][2],[t8Mqv-hjRzqYCBodDxtrKQ][test][0],[LclWDBIsShWGk4IJuanY8Q][test][1] (cluster state version: 10726)
[2014-02-18 16:11:26,599][INFO ][recovery                 ] iteration [8] - successful shards: 5 (expected 5)
[2014-02-18 16:11:26,599][INFO ][recovery                 ] iteration [8] - failed shards: 0 (expected 0)
[2014-02-18 16:11:26,599][INFO ][recovery                 ] iteration [8] - returned documents: 28690 (expected 28690)
[2014-02-18 16:11:26,600][TRACE][action.search.type       ] [node_2] Moving to second phase, based on results from: [q75XUfcITqG3o93Z8EOFnw][test][4],[q75XUfcITqG3o93Z8EOFnw][test][3],[tbUF3y2YTPm1TPdTF8YBYw][test][2],[q75XUfcITqG3o93Z8EOFnw][test][0],[q75XUfcITqG3o93Z8EOFnw][test][1] (cluster state version: 10726)
[2014-02-18 16:11:26,601][INFO ][recovery                 ] iteration [9] - successful shards: 5 (expected 5)
[2014-02-18 16:11:26,601][INFO ][recovery                 ] iteration [9] - failed shards: 0 (expected 0)
[2014-02-18 16:11:26,601][INFO ][recovery                 ] iteration [9] - returned documents: 28690 (expected 28690)
[2014-02-18 16:11:26,602][INFO ][recovery                 ] [RecoveryWhileUnderLoadTests#recoverWhileUnderLoadAllocateBackupsRelocatePrimariesTest]: cleaning up after test
[2014-02-18 16:11:26,604][INFO ][cluster.metadata         ] [node_0] [test] deleting index
[2014-02-18 16:11:26,924][INFO ][recovery                 ] [RecoveryWhileUnderLoadTests#recoverWhileUnderLoadAllocateBackupsRelocatePrimariesTest]: cleaned up after test
[2014-02-18 16:11:26,925][INFO ][test                     ] Wipe data directory for all nodes locations: [data/d0/shared-Bills-MacBook-Pro.local-CHILD_VM=[0]-CLUSTER_SEED=[1392766407945050000]-HASH=[135419AB41B95588]/nodes/3, data/d1/shared-Bills-MacBook-Pro.local-CHILD_VM=[0]-CLUSTER_SEED=[1392766407945050000]-HASH=[135419AB41B95588]/nodes/3, data/d2/shared-Bills-MacBook-Pro.local-CHILD_VM=[0]-CLUSTER_SEED=[1392766407945050000]-HASH=[135419AB41B95588]/nodes/3]
[2014-02-18 16:11:26,942][INFO ][test                     ] Test recoverWhileUnderLoadAllocateBackupsRelocatePrimariesTest(org.elasticsearch.recovery.RecoveryWhileUnderLoadTests) finished
[2014-02-18 16:11:26,943][INFO ][test                     ] Test recoverWhileUnderLoadWithNodeShutdown(org.elasticsearch.recovery.RecoveryWhileUnderLoadTests) started
[2014-02-18 16:11:26,946][INFO ][node                     ] [node_3] stopping ...
[2014-02-18 16:11:26,948][INFO ][cluster.service          ] [node_0] removed {[node_3][LclWDBIsShWGk4IJuanY8Q][Bills-MacBook-Pro.local][inet[/10.1.10.75:9303]],}, reason: zen-disco-node_left([node_3][LclWDBIsShWGk4IJuanY8Q][Bills-MacBook-Pro.local][inet[/10.1.10.75:9303]])
[2014-02-18 16:11:26,950][INFO ][cluster.service          ] [node_2] removed {[node_3][LclWDBIsShWGk4IJuanY8Q][Bills-MacBook-Pro.local][inet[/10.1.10.75:9303]],}, reason: zen-disco-receive(from master [[node_0][tbUF3y2YTPm1TPdTF8YBYw][Bills-MacBook-Pro.local][inet[/10.1.10.75:9300]]])
[2014-02-18 16:11:26,950][INFO ][cluster.service          ] [node_1] removed {[node_3][LclWDBIsShWGk4IJuanY8Q][Bills-MacBook-Pro.local][inet[/10.1.10.75:9303]],}, reason: zen-disco-receive(from master [[node_0][tbUF3y2YTPm1TPdTF8YBYw][Bills-MacBook-Pro.local][inet[/10.1.10.75:9300]]])
[2014-02-18 16:11:26,956][INFO ][node                     ] [node_3] stopped
[2014-02-18 16:11:26,956][INFO ][node                     ] [node_3] closing ...
[2014-02-18 16:11:26,959][INFO ][node                     ] [node_3] closed
[2014-02-18 16:11:26,972][INFO ][plugins                  ] [transport_client_node_1] loaded [], sites []
[2014-02-18 16:11:27,005][INFO ][recovery                 ] [RecoveryWhileUnderLoadTests#recoverWhileUnderLoadWithNodeShutdown]: before test
[2014-02-18 16:11:27,005][INFO ][recovery                 ] --> creating test index ...
[2014-02-18 16:11:27,018][INFO ][cluster.metadata         ] [node_0] [test] creating index, cause [api], shards [5]/[1], mappings []
[2014-02-18 16:11:27,078][INFO ][recovery                 ] --> starting 5 indexing threads
[2014-02-18 16:11:27,082][INFO ][recovery                 ] **** starting indexing thread 0
[2014-02-18 16:11:27,082][INFO ][recovery                 ] **** starting indexing thread 2
[2014-02-18 16:11:27,082][INFO ][recovery                 ] **** starting indexing thread 1
[2014-02-18 16:11:27,082][INFO ][recovery                 ] **** starting indexing thread 3
[2014-02-18 16:11:27,083][INFO ][recovery                 ] **** starting indexing thread 4
[2014-02-18 16:11:27,083][INFO ][recovery                 ] --> waiting for 2000 docs to be indexed ...
[2014-02-18 16:11:27,169][INFO ][cluster.metadata         ] [node_0] [test] update_mapping [type1] (dynamic)
[2014-02-18 16:11:29,190][INFO ][recovery                 ] --> 2000 docs indexed
[2014-02-18 16:11:29,191][INFO ][recovery                 ] --> flushing the index ....
[2014-02-18 16:11:31,601][INFO ][recovery                 ] --> waiting for 4000 docs to be indexed ...
[2014-02-18 16:11:32,135][INFO ][recovery                 ] --> 4000 docs indexed
[2014-02-18 16:11:32,135][INFO ][recovery                 ] --> allow 4 nodes for index [test] ...
[2014-02-18 16:11:32,136][INFO ][test                     ] increasing cluster size from 3 to 4
[2014-02-18 16:11:32,147][INFO ][node                     ] [node_3] version[1.0.0], pid[6815], build[a46900e/2014-02-18T23:32:25Z]
[2014-02-18 16:11:32,148][INFO ][node                     ] [node_3] initializing ...
[2014-02-18 16:11:32,150][INFO ][plugins                  ] [node_3] loaded [], sites []
[2014-02-18 16:11:32,250][INFO ][node                     ] [node_3] initialized
[2014-02-18 16:11:32,250][INFO ][node                     ] [node_3] starting ...
[2014-02-18 16:11:32,272][INFO ][transport                ] [node_3] bound_address {inet[/0:0:0:0:0:0:0:0:9303]}, publish_address {inet[/10.1.10.75:9303]}
[2014-02-18 16:11:35,317][INFO ][cluster.service          ] [node_0] added {[node_3][jSW6aLp3R2KBvqjtajMNAA][Bills-MacBook-Pro.local][inet[/10.1.10.75:9303]],}, reason: zen-disco-receive(join from node[[node_3][jSW6aLp3R2KBvqjtajMNAA][Bills-MacBook-Pro.local][inet[/10.1.10.75:9303]]])
[2014-02-18 16:11:35,318][INFO ][cluster.service          ] [node_2] added {[node_3][jSW6aLp3R2KBvqjtajMNAA][Bills-MacBook-Pro.local][inet[/10.1.10.75:9303]],}, reason: zen-disco-receive(from master [[node_0][tbUF3y2YTPm1TPdTF8YBYw][Bills-MacBook-Pro.local][inet[/10.1.10.75:9300]]])
[2014-02-18 16:11:35,318][INFO ][cluster.service          ] [node_3] detected_master [node_0][tbUF3y2YTPm1TPdTF8YBYw][Bills-MacBook-Pro.local][inet[/10.1.10.75:9300]], added {[node_2][q75XUfcITqG3o93Z8EOFnw][Bills-MacBook-Pro.local][inet[/10.1.10.75:9302]],[node_0][tbUF3y2YTPm1TPdTF8YBYw][Bills-MacBook-Pro.local][inet[/10.1.10.75:9300]],[node_1][t8Mqv-hjRzqYCBodDxtrKQ][Bills-MacBook-Pro.local][inet[/10.1.10.75:9301]],}, reason: zen-disco-receive(from master [[node_0][tbUF3y2YTPm1TPdTF8YBYw][Bills-MacBook-Pro.local][inet[/10.1.10.75:9300]]])
[2014-02-18 16:11:35,318][INFO ][cluster.service          ] [node_1] added {[node_3][jSW6aLp3R2KBvqjtajMNAA][Bills-MacBook-Pro.local][inet[/10.1.10.75:9303]],}, reason: zen-disco-receive(from master [[node_0][tbUF3y2YTPm1TPdTF8YBYw][Bills-MacBook-Pro.local][inet[/10.1.10.75:9300]]])
[2014-02-18 16:11:35,404][INFO ][discovery                ] [node_3] shared-Bills-MacBook-Pro.local-CHILD_VM=[0]-CLUSTER_SEED=[1392766407945050000]-HASH=[135419AB41B95588]/jSW6aLp3R2KBvqjtajMNAA
[2014-02-18 16:11:35,409][INFO ][http                     ] [node_3] bound_address {inet[/0:0:0:0:0:0:0:0:9203]}, publish_address {inet[/10.1.10.75:9203]}
[2014-02-18 16:11:35,410][INFO ][node                     ] [node_3] started
[2014-02-18 16:11:35,495][INFO ][recovery                 ] --> waiting for GREEN health status ...
[2014-02-18 16:11:35,496][INFO ][recovery                 ] --> waiting for 10000 docs to be indexed ...
[2014-02-18 16:11:35,508][INFO ][plugins                  ] [transport_client_node_3] loaded [], sites []
[2014-02-18 16:11:43,775][INFO ][recovery                 ] --> 10000 docs indexed
[2014-02-18 16:11:43,775][INFO ][recovery                 ] --> allow 3 nodes for index [test] ...
[2014-02-18 16:11:43,842][INFO ][recovery                 ] --> waiting for GREEN health status ...
[2014-02-18 16:11:43,843][INFO ][recovery                 ] --> allow 2 nodes for index [test] ...
[2014-02-18 16:11:43,915][INFO ][recovery                 ] --> waiting for GREEN health status ...
[2014-02-18 16:11:43,916][INFO ][recovery                 ] --> allow 1 nodes for index [test] ...
[2014-02-18 16:11:43,919][INFO ][recovery                 ] --> waiting for YELLOW health status ...
[2014-02-18 16:11:43,920][INFO ][recovery                 ] --> marking and waiting for indexing threads to stop ...
[2014-02-18 16:11:43,922][INFO ][recovery                 ] **** done indexing thread 4
[2014-02-18 16:11:43,926][INFO ][recovery                 ] **** done indexing thread 2
[2014-02-18 16:11:43,931][INFO ][recovery                 ] **** done indexing thread 3
[2014-02-18 16:11:44,130][INFO ][recovery                 ] **** done indexing thread 0
[2014-02-18 16:11:44,710][INFO ][recovery                 ] **** done indexing thread 1
[2014-02-18 16:11:44,711][INFO ][recovery                 ] --> indexing threads stopped
[2014-02-18 16:11:44,713][INFO ][recovery                 ] --> refreshing the index
[2014-02-18 16:11:44,854][TRACE][action.admin.indices.refresh] [node_3] [test][2] refresh request executed, force: [true]
[2014-02-18 16:11:44,954][TRACE][action.admin.indices.refresh] [node_3] [test][0] refresh request executed, force: [true]
[2014-02-18 16:11:44,957][TRACE][action.admin.indices.refresh] [node_0] [test][1] refresh request executed, force: [true]
[2014-02-18 16:11:45,000][TRACE][action.admin.indices.refresh] [node_1] [test][2] refresh request executed, force: [true]
[2014-02-18 16:11:45,035][TRACE][action.admin.indices.refresh] [node_2] [test][3] refresh request executed, force: [true]
[2014-02-18 16:11:45,051][TRACE][action.admin.indices.refresh] [node_2] [test][1] refresh request executed, force: [true]
[2014-02-18 16:11:45,111][TRACE][action.admin.indices.refresh] [node_0] [test][3] refresh request executed, force: [true]
[2014-02-18 16:11:45,192][TRACE][action.admin.indices.refresh] [node_1] [test][4] refresh request executed, force: [true]
[2014-02-18 16:11:45,248][TRACE][action.admin.indices.refresh] [node_2] [test][4] refresh request executed, force: [true]
[2014-02-18 16:11:45,250][TRACE][action.admin.indices.refresh] [node_3] [test][0] refresh request executed, force: [true]
[2014-02-18 16:11:45,251][TRACE][action.admin.indices.refresh] [node_3] [test][3] refresh request executed, force: [true]
[2014-02-18 16:11:45,251][TRACE][action.admin.indices.refresh] [node_3] [test][1] refresh request executed, force: [true]
[2014-02-18 16:11:45,251][TRACE][action.admin.indices.refresh] [node_1] [test][4] refresh request executed, force: [true]
[2014-02-18 16:11:45,251][TRACE][action.admin.indices.refresh] [node_2] [test][2] refresh request executed, force: [true]
[2014-02-18 16:11:45,252][TRACE][action.admin.indices.refresh] [node_2] [test][3] refresh request executed, force: [true]
[2014-02-18 16:11:45,252][TRACE][action.admin.indices.refresh] [node_2] [test][0] refresh request executed, force: [true]
[2014-02-18 16:11:45,252][TRACE][action.admin.indices.refresh] [node_2] [test][1] refresh request executed, force: [true]
[2014-02-18 16:11:45,253][TRACE][action.admin.indices.refresh] [node_2] [test][4] refresh request executed, force: [true]
[2014-02-18 16:11:45,256][TRACE][action.admin.indices.refresh] [node_3] [test][2] refresh request executed, force: [true]
[2014-02-18 16:11:45,256][INFO ][recovery                 ] --> verifying indexed content
[2014-02-18 16:11:45,258][TRACE][action.search.type       ] [node_1] Moving to second phase, based on results from: [t8Mqv-hjRzqYCBodDxtrKQ][test][4],[q75XUfcITqG3o93Z8EOFnw][test][3],[q75XUfcITqG3o93Z8EOFnw][test][2],[q75XUfcITqG3o93Z8EOFnw][test][0],[jSW6aLp3R2KBvqjtajMNAA][test][1] (cluster state version: 10747)
[2014-02-18 16:11:45,258][INFO ][recovery                 ] iteration [0] - successful shards: 5 (expected 5)
[2014-02-18 16:11:45,259][INFO ][recovery                 ] iteration [0] - failed shards: 0 (expected 0)
[2014-02-18 16:11:45,259][INFO ][recovery                 ] iteration [0] - returned documents: 20052 (expected 20052)
[2014-02-18 16:11:45,260][TRACE][action.search.type       ] [node_3] Moving to second phase, based on results from: [q75XUfcITqG3o93Z8EOFnw][test][4],[q75XUfcITqG3o93Z8EOFnw][test][3],[jSW6aLp3R2KBvqjtajMNAA][test][2],[jSW6aLp3R2KBvqjtajMNAA][test][0],[jSW6aLp3R2KBvqjtajMNAA][test][1] (cluster state version: 10747)
[2014-02-18 16:11:45,261][INFO ][recovery                 ] iteration [1] - successful shards: 5 (expected 5)
[2014-02-18 16:11:45,261][INFO ][recovery                 ] iteration [1] - failed shards: 0 (expected 0)
[2014-02-18 16:11:45,261][INFO ][recovery                 ] iteration [1] - returned documents: 20052 (expected 20052)
[2014-02-18 16:11:45,262][TRACE][action.search.type       ] [node_2] Moving to second phase, based on results from: [t8Mqv-hjRzqYCBodDxtrKQ][test][4],[q75XUfcITqG3o93Z8EOFnw][test][3],[jSW6aLp3R2KBvqjtajMNAA][test][2],[jSW6aLp3R2KBvqjtajMNAA][test][0],[jSW6aLp3R2KBvqjtajMNAA][test][1] (cluster state version: 10747)
[2014-02-18 16:11:45,263][INFO ][recovery                 ] iteration [2] - successful shards: 5 (expected 5)
[2014-02-18 16:11:45,263][INFO ][recovery                 ] iteration [2] - failed shards: 0 (expected 0)
[2014-02-18 16:11:45,263][INFO ][recovery                 ] iteration [2] - returned documents: 20052 (expected 20052)
[2014-02-18 16:11:45,264][TRACE][action.search.type       ] [node_3] Moving to second phase, based on results from: [t8Mqv-hjRzqYCBodDxtrKQ][test][4],[jSW6aLp3R2KBvqjtajMNAA][test][3],[q75XUfcITqG3o93Z8EOFnw][test][2],[q75XUfcITqG3o93Z8EOFnw][test][0],[q75XUfcITqG3o93Z8EOFnw][test][1] (cluster state version: 10747)
[2014-02-18 16:11:45,265][INFO ][recovery                 ] iteration [3] - successful shards: 5 (expected 5)
[2014-02-18 16:11:45,265][INFO ][recovery                 ] iteration [3] - failed shards: 0 (expected 0)
[2014-02-18 16:11:45,265][INFO ][recovery                 ] iteration [3] - returned documents: 20052 (expected 20052)
[2014-02-18 16:11:45,266][TRACE][action.search.type       ] [node_0] Moving to second phase, based on results from: [q75XUfcITqG3o93Z8EOFnw][test][4],[jSW6aLp3R2KBvqjtajMNAA][test][3],[q75XUfcITqG3o93Z8EOFnw][test][2],[jSW6aLp3R2KBvqjtajMNAA][test][0],[jSW6aLp3R2KBvqjtajMNAA][test][1] (cluster state version: 10747)
[2014-02-18 16:11:45,267][INFO ][recovery                 ] iteration [4] - successful shards: 5 (expected 5)
[2014-02-18 16:11:45,267][INFO ][recovery                 ] iteration [4] - failed shards: 0 (expected 0)
[2014-02-18 16:11:45,267][INFO ][recovery                 ] iteration [4] - returned documents: 20052 (expected 20052)
[2014-02-18 16:11:45,268][TRACE][action.search.type       ] [node_2] Moving to second phase, based on results from: [q75XUfcITqG3o93Z8EOFnw][test][4],[jSW6aLp3R2KBvqjtajMNAA][test][3],[q75XUfcITqG3o93Z8EOFnw][test][2],[q75XUfcITqG3o93Z8EOFnw][test][0],[q75XUfcITqG3o93Z8EOFnw][test][1] (cluster state version: 10747)
[2014-02-18 16:11:45,269][INFO ][recovery                 ] iteration [5] - successful shards: 5 (expected 5)
[2014-02-18 16:11:45,269][INFO ][recovery                 ] iteration [5] - failed shards: 0 (expected 0)
[2014-02-18 16:11:45,269][INFO ][recovery                 ] iteration [5] - returned documents: 20052 (expected 20052)
[2014-02-18 16:11:45,271][TRACE][action.search.type       ] [node_1] Moving to second phase, based on results from: [q75XUfcITqG3o93Z8EOFnw][test][4],[jSW6aLp3R2KBvqjtajMNAA][test][3],[jSW6aLp3R2KBvqjtajMNAA][test][2],[jSW6aLp3R2KBvqjtajMNAA][test][0],[q75XUfcITqG3o93Z8EOFnw][test][1] (cluster state version: 10747)
[2014-02-18 16:11:45,272][INFO ][recovery                 ] iteration [6] - successful shards: 5 (expected 5)
[2014-02-18 16:11:45,272][INFO ][recovery                 ] iteration [6] - failed shards: 0 (expected 0)
[2014-02-18 16:11:45,272][INFO ][recovery                 ] iteration [6] - returned documents: 20052 (expected 20052)
[2014-02-18 16:11:45,273][TRACE][action.search.type       ] [node_0] Moving to second phase, based on results from: [t8Mqv-hjRzqYCBodDxtrKQ][test][4],[q75XUfcITqG3o93Z8EOFnw][test][3],[jSW6aLp3R2KBvqjtajMNAA][test][2],[q75XUfcITqG3o93Z8EOFnw][test][0],[q75XUfcITqG3o93Z8EOFnw][test][1] (cluster state version: 10747)
[2014-02-18 16:11:45,274][INFO ][recovery                 ] iteration [7] - successful shards: 5 (expected 5)
[2014-02-18 16:11:45,274][INFO ][recovery                 ] iteration [7] - failed shards: 0 (expected 0)
[2014-02-18 16:11:45,274][INFO ][recovery                 ] iteration [7] - returned documents: 20052 (expected 20052)
[2014-02-18 16:11:45,275][TRACE][action.search.type       ] [node_1] Moving to second phase, based on results from: [t8Mqv-hjRzqYCBodDxtrKQ][test][4],[q75XUfcITqG3o93Z8EOFnw][test][3],[q75XUfcITqG3o93Z8EOFnw][test][2],[q75XUfcITqG3o93Z8EOFnw][test][0],[jSW6aLp3R2KBvqjtajMNAA][test][1] (cluster state version: 10747)
[2014-02-18 16:11:45,276][INFO ][recovery                 ] iteration [8] - successful shards: 5 (expected 5)
[2014-02-18 16:11:45,276][INFO ][recovery                 ] iteration [8] - failed shards: 0 (expected 0)
[2014-02-18 16:11:45,276][INFO ][recovery                 ] iteration [8] - returned documents: 20052 (expected 20052)
[2014-02-18 16:11:45,278][TRACE][action.search.type       ] [node_0] Moving to second phase, based on results from: [q75XUfcITqG3o93Z8EOFnw][test][4],[jSW6aLp3R2KBvqjtajMNAA][test][3],[q75XUfcITqG3o93Z8EOFnw][test][2],[jSW6aLp3R2KBvqjtajMNAA][test][0],[jSW6aLp3R2KBvqjtajMNAA][test][1] (cluster state version: 10747)
[2014-02-18 16:11:45,278][INFO ][recovery                 ] iteration [9] - successful shards: 5 (expected 5)
[2014-02-18 16:11:45,279][INFO ][recovery                 ] iteration [9] - failed shards: 0 (expected 0)
[2014-02-18 16:11:45,279][INFO ][recovery                 ] iteration [9] - returned documents: 20052 (expected 20052)
[2014-02-18 16:11:45,280][INFO ][recovery                 ] [RecoveryWhileUnderLoadTests#recoverWhileUnderLoadWithNodeShutdown]: cleaning up after test
[2014-02-18 16:11:45,282][INFO ][cluster.metadata         ] [node_0] [test] deleting index
[2014-02-18 16:11:45,482][INFO ][recovery                 ] [RecoveryWhileUnderLoadTests#recoverWhileUnderLoadWithNodeShutdown]: cleaned up after test
[2014-02-18 16:11:45,482][INFO ][test                     ] Wipe data directory for all nodes locations: [data/d2/shared-Bills-MacBook-Pro.local-CHILD_VM=[0]-CLUSTER_SEED=[1392766407945050000]-HASH=[135419AB41B95588]/nodes/1, data/d2/shared-Bills-MacBook-Pro.local-CHILD_VM=[0]-CLUSTER_SEED=[1392766407945050000]-HASH=[135419AB41B95588]/nodes/2, data/d2/shared-Bills-MacBook-Pro.local-CHILD_VM=[0]-CLUSTER_SEED=[1392766407945050000]-HASH=[135419AB41B95588]/nodes/0, data/d0/shared-Bills-MacBook-Pro.local-CHILD_VM=[0]-CLUSTER_SEED=[1392766407945050000]-HASH=[135419AB41B95588]/nodes/3, data/d0/shared-Bills-MacBook-Pro.local-CHILD_VM=[0]-CLUSTER_SEED=[1392766407945050000]-HASH=[135419AB41B95588]/nodes/1, data/d1/shared-Bills-MacBook-Pro.local-CHILD_VM=[0]-CLUSTER_SEED=[1392766407945050000]-HASH=[135419AB41B95588]/nodes/0, data/d0/shared-Bills-MacBook-Pro.local-CHILD_VM=[0]-CLUSTER_SEED=[1392766407945050000]-HASH=[135419AB41B95588]/nodes/2, data/d1/shared-Bills-MacBook-Pro.local-CHILD_VM=[0]-CLUSTER_SEED=[1392766407945050000]-HASH=[135419AB41B95588]/nodes/1, data/d1/shared-Bills-MacBook-Pro.local-CHILD_VM=[0]-CLUSTER_SEED=[1392766407945050000]-HASH=[135419AB41B95588]/nodes/2, data/d1/shared-Bills-MacBook-Pro.local-CHILD_VM=[0]-CLUSTER_SEED=[1392766407945050000]-HASH=[135419AB41B95588]/nodes/3, data/d0/shared-Bills-MacBook-Pro.local-CHILD_VM=[0]-CLUSTER_SEED=[1392766407945050000]-HASH=[135419AB41B95588]/nodes/0, data/d2/shared-Bills-MacBook-Pro.local-CHILD_VM=[0]-CLUSTER_SEED=[1392766407945050000]-HASH=[135419AB41B95588]/nodes/3]
[2014-02-18 16:11:45,494][INFO ][test                     ] Test recoverWhileUnderLoadWithNodeShutdown(org.elasticsearch.recovery.RecoveryWhileUnderLoadTests) finished
]]></system-out>
   <system-err><![CDATA[]]></system-err>
</testsuite>