<testsuite errors="0" failures="0" tests="3" skipped="0" name="org.elasticsearch.action.admin.cluster.stats.ClusterStatsTests" hostname="nohost.nodomain" time="22.336" timestamp="2014-02-18T15:38:34">
   <properties class="java.util.ArrayList">
      <property name="awt.toolkit" value="sun.lwawt.macosx.LWCToolkit"/>
      <property name="es.logger.level" value="INFO"/>
      <property name="es.logger.prefix" value=""/>
      <property name="es.node.local" value=""/>
      <property name="es.node.mode" value=""/>
      <property name="file.encoding" value="UTF-8"/>
      <property name="file.encoding.pkg" value="sun.io"/>
      <property name="file.separator" value="/"/>
      <property name="ftp.nonProxyHosts" value="local|*.local|169.254/16|*.169.254/16"/>
      <property name="gopherProxySet" value="false"/>
      <property name="http.nonProxyHosts" value="local|*.local|169.254/16|*.169.254/16"/>
      <property name="java.awt.graphicsenv" value="sun.awt.CGraphicsEnvironment"/>
      <property name="java.awt.headless" value="true"/>
      <property name="java.awt.printerjob" value="sun.lwawt.macosx.CPrinterJob"/>
      <property name="java.class.path" value="/Users/bhwang/elasticsearch/target/test-classes:/Users/bhwang/elasticsearch/target/classes:/Users/bhwang/.m2/repository/org/hamcrest/hamcrest-all/1.3/hamcrest-all-1.3.jar:/Users/bhwang/.m2/repository/com/carrotsearch/randomizedtesting/randomizedtesting-runner/2.0.15/randomizedtesting-runner-2.0.15.jar:/Users/bhwang/.m2/repository/junit/junit/4.10/junit-4.10.jar:/Users/bhwang/.m2/repository/org/apache/lucene/lucene-test-framework/4.6.1/lucene-test-framework-4.6.1.jar:/Users/bhwang/.m2/repository/org/apache/lucene/lucene-expressions/4.6.1/lucene-expressions-4.6.1.jar:/Users/bhwang/.m2/repository/org/antlr/antlr-runtime/3.5/antlr-runtime-3.5.jar:/Users/bhwang/.m2/repository/org/ow2/asm/asm/4.1/asm-4.1.jar:/Users/bhwang/.m2/repository/org/ow2/asm/asm-commons/4.1/asm-commons-4.1.jar:/Users/bhwang/.m2/repository/org/apache/httpcomponents/httpclient/4.3.1/httpclient-4.3.1.jar:/Users/bhwang/.m2/repository/org/apache/httpcomponents/httpcore/4.3/httpcore-4.3.jar:/Users/bhwang/.m2/repository/commons-logging/commons-logging/1.1.3/commons-logging-1.1.3.jar:/Users/bhwang/.m2/repository/commons-codec/commons-codec/1.6/commons-codec-1.6.jar:/Users/bhwang/.m2/repository/org/apache/lucene/lucene-core/4.6.1/lucene-core-4.6.1.jar:/Users/bhwang/.m2/repository/org/apache/lucene/lucene-analyzers-common/4.6.1/lucene-analyzers-common-4.6.1.jar:/Users/bhwang/.m2/repository/org/apache/lucene/lucene-codecs/4.6.1/lucene-codecs-4.6.1.jar:/Users/bhwang/.m2/repository/org/apache/lucene/lucene-queries/4.6.1/lucene-queries-4.6.1.jar:/Users/bhwang/.m2/repository/org/apache/lucene/lucene-memory/4.6.1/lucene-memory-4.6.1.jar:/Users/bhwang/.m2/repository/org/apache/lucene/lucene-highlighter/4.6.1/lucene-highlighter-4.6.1.jar:/Users/bhwang/.m2/repository/org/apache/lucene/lucene-queryparser/4.6.1/lucene-queryparser-4.6.1.jar:/Users/bhwang/.m2/repository/org/apache/lucene/lucene-sandbox/4.6.1/lucene-sandbox-4.6.1.jar:/Users/bhwang/.m2/repository/org/apache/lucene/lucene-suggest/4.6.1/lucene-suggest-4.6.1.jar:/Users/bhwang/.m2/repository/org/apache/lucene/lucene-misc/4.6.1/lucene-misc-4.6.1.jar:/Users/bhwang/.m2/repository/org/apache/lucene/lucene-join/4.6.1/lucene-join-4.6.1.jar:/Users/bhwang/.m2/repository/org/apache/lucene/lucene-grouping/4.6.1/lucene-grouping-4.6.1.jar:/Users/bhwang/.m2/repository/org/apache/lucene/lucene-spatial/4.6.1/lucene-spatial-4.6.1.jar:/Users/bhwang/.m2/repository/com/spatial4j/spatial4j/0.3/spatial4j-0.3.jar:/Users/bhwang/.m2/repository/com/vividsolutions/jts/1.12/jts-1.12.jar:/Users/bhwang/.m2/repository/com/google/guava/guava/16.0/guava-16.0.jar:/Users/bhwang/.m2/repository/com/carrotsearch/hppc/0.5.3/hppc-0.5.3.jar:/Users/bhwang/.m2/repository/joda-time/joda-time/2.3/joda-time-2.3.jar:/Users/bhwang/.m2/repository/org/joda/joda-convert/1.2/joda-convert-1.2.jar:/Users/bhwang/.m2/repository/org/mvel/mvel2/2.1.5.Final/mvel2-2.1.5.Final.jar:/Users/bhwang/.m2/repository/com/fasterxml/jackson/core/jackson-core/2.3.0/jackson-core-2.3.0.jar:/Users/bhwang/.m2/repository/com/fasterxml/jackson/dataformat/jackson-dataformat-smile/2.3.0/jackson-dataformat-smile-2.3.0.jar:/Users/bhwang/.m2/repository/com/fasterxml/jackson/dataformat/jackson-dataformat-yaml/2.3.0/jackson-dataformat-yaml-2.3.0.jar:/Users/bhwang/.m2/repository/io/netty/netty/3.9.0.Final/netty-3.9.0.Final.jar:/Users/bhwang/.m2/repository/com/ning/compress-lzf/0.9.6/compress-lzf-0.9.6.jar:/Users/bhwang/.m2/repository/log4j/log4j/1.2.17/log4j-1.2.17.jar:/Users/bhwang/.m2/repository/org/slf4j/slf4j-api/1.6.2/slf4j-api-1.6.2.jar:/Users/bhwang/.m2/repository/net/java/dev/jna/jna/3.3.0/jna-3.3.0.jar:/Users/bhwang/.m2/repository/org/fusesource/sigar/1.6.4/sigar-1.6.4.jar:/Users/bhwang/.m2/repository/com/carrotsearch/randomizedtesting/junit4-ant/2.0.15/junit4-ant-2.0.15.jar"/>
      <property name="java.class.version" value="51.0"/>
      <property name="java.endorsed.dirs" value="/Library/Java/JavaVirtualMachines/jdk1.7.0_45.jdk/Contents/Home/jre/lib/endorsed"/>
      <property name="java.ext.dirs" value="/Users/bhwang/Library/Java/Extensions:/Library/Java/JavaVirtualMachines/jdk1.7.0_45.jdk/Contents/Home/jre/lib/ext:/Library/Java/Extensions:/Network/Library/Java/Extensions:/System/Library/Java/Extensions:/usr/lib/java"/>
      <property name="java.home" value="/Library/Java/JavaVirtualMachines/jdk1.7.0_45.jdk/Contents/Home/jre"/>
      <property name="java.io.tmpdir" value="."/>
      <property name="java.library.path" value="/Users/bhwang/Library/Java/Extensions:/Library/Java/Extensions:/Network/Library/Java/Extensions:/System/Library/Java/Extensions:/usr/lib/java:."/>
      <property name="java.runtime.name" value="Java(TM) SE Runtime Environment"/>
      <property name="java.runtime.version" value="1.7.0_45-b18"/>
      <property name="java.security.policy" value="/Users/bhwang/elasticsearch/dev-tools/tests.policy"/>
      <property name="java.specification.name" value="Java Platform API Specification"/>
      <property name="java.specification.vendor" value="Oracle Corporation"/>
      <property name="java.specification.version" value="1.7"/>
      <property name="java.vendor" value="Oracle Corporation"/>
      <property name="java.vendor.url" value="http://java.oracle.com/"/>
      <property name="java.vendor.url.bug" value="http://bugreport.sun.com/bugreport/"/>
      <property name="java.version" value="1.7.0_45"/>
      <property name="java.vm.info" value="mixed mode"/>
      <property name="java.vm.name" value="Java HotSpot(TM) 64-Bit Server VM"/>
      <property name="java.vm.specification.name" value="Java Virtual Machine Specification"/>
      <property name="java.vm.specification.vendor" value="Oracle Corporation"/>
      <property name="java.vm.specification.version" value="1.7"/>
      <property name="java.vm.vendor" value="Oracle Corporation"/>
      <property name="java.vm.version" value="24.45-b08"/>
      <property name="junit4.childvm.cwd" value="/Users/bhwang/elasticsearch/target/J0"/>
      <property name="junit4.childvm.id" value="0"/>
      <property name="junit4.memory.total" value="128974848"/>
      <property name="junit4.pidString" value="6815@Bills-MacBook-Pro.local"/>
      <property name="junit4.processors" value="4"/>
      <property name="junit4.tempDir" value="/Users/bhwang/elasticsearch/target"/>
      <property name="line.separator" value="
"/>
      <property name="os.arch" value="x86_64"/>
      <property name="os.name" value="Mac OS X"/>
      <property name="os.version" value="10.9.1"/>
      <property name="path.separator" value=":"/>
      <property name="socksNonProxyHosts" value="local|*.local|169.254/16|*.169.254/16"/>
      <property name="sun.arch.data.model" value="64"/>
      <property name="sun.boot.class.path" value="/Library/Java/JavaVirtualMachines/jdk1.7.0_45.jdk/Contents/Home/jre/lib/resources.jar:/Library/Java/JavaVirtualMachines/jdk1.7.0_45.jdk/Contents/Home/jre/lib/rt.jar:/Library/Java/JavaVirtualMachines/jdk1.7.0_45.jdk/Contents/Home/jre/lib/sunrsasign.jar:/Library/Java/JavaVirtualMachines/jdk1.7.0_45.jdk/Contents/Home/jre/lib/jsse.jar:/Library/Java/JavaVirtualMachines/jdk1.7.0_45.jdk/Contents/Home/jre/lib/jce.jar:/Library/Java/JavaVirtualMachines/jdk1.7.0_45.jdk/Contents/Home/jre/lib/charsets.jar:/Library/Java/JavaVirtualMachines/jdk1.7.0_45.jdk/Contents/Home/jre/lib/jfr.jar:/Library/Java/JavaVirtualMachines/jdk1.7.0_45.jdk/Contents/Home/jre/lib/JObjC.jar:/Library/Java/JavaVirtualMachines/jdk1.7.0_45.jdk/Contents/Home/jre/classes"/>
      <property name="sun.boot.library.path" value="/Library/Java/JavaVirtualMachines/jdk1.7.0_45.jdk/Contents/Home/jre/lib"/>
      <property name="sun.cpu.endian" value="little"/>
      <property name="sun.cpu.isalist" value=""/>
      <property name="sun.io.unicode.encoding" value="UnicodeBig"/>
      <property name="sun.java.command" value="com.carrotsearch.ant.tasks.junit4.slave.SlaveMainSafe -flush -eventsfile /Users/bhwang/elasticsearch/target/junit4-J0-20140218_153326_767.events @/Users/bhwang/elasticsearch/target/junit4-J0-20140218_153326_767.suites -stdin"/>
      <property name="sun.java.launcher" value="SUN_STANDARD"/>
      <property name="sun.jnu.encoding" value="UTF-8"/>
      <property name="sun.management.compiler" value="HotSpot 64-Bit Tiered Compilers"/>
      <property name="sun.os.patch.level" value="unknown"/>
      <property name="tests.appendseed" value=""/>
      <property name="tests.assertion.disabled" value=""/>
      <property name="tests.awaitsfix" value=""/>
      <property name="tests.badapples" value=""/>
      <property name="tests.class" value=""/>
      <property name="tests.client.ratio" value=""/>
      <property name="tests.cluster_seed" value=""/>
      <property name="tests.enable_mock_modules" value=""/>
      <property name="tests.failfast" value=""/>
      <property name="tests.integration" value=""/>
      <property name="tests.iters" value=""/>
      <property name="tests.jvm.argline" value=""/>
      <property name="tests.maxfailures" value=""/>
      <property name="tests.method" value=""/>
      <property name="tests.network" value=""/>
      <property name="tests.nightly" value=""/>
      <property name="tests.prefix" value="tests"/>
      <property name="tests.rest" value=""/>
      <property name="tests.rest.spec" value=""/>
      <property name="tests.rest.suite" value=""/>
      <property name="tests.security.manager" value=""/>
      <property name="tests.seed" value="A89B4FF56754358E"/>
      <property name="tests.showSuccess" value=""/>
      <property name="tests.slow" value=""/>
      <property name="tests.timeoutSuite" value=""/>
      <property name="tests.weekly" value=""/>
      <property name="user.country" value="US"/>
      <property name="user.dir" value="/Users/bhwang/elasticsearch/target/J0"/>
      <property name="user.home" value="/Users/bhwang"/>
      <property name="user.language" value="en"/>
      <property name="user.name" value="bhwang"/>
      <property name="user.timezone" value=""/>
   </properties>
   <testcase classname="org.elasticsearch.action.admin.cluster.stats.ClusterStatsTests" name="testNodeCounts" time="12.528"/>
   <testcase classname="org.elasticsearch.action.admin.cluster.stats.ClusterStatsTests" name="testValuesSmokeScreen" time="3.138"/>
   <testcase classname="org.elasticsearch.action.admin.cluster.stats.ClusterStatsTests" name="testIndicesShardStats" time="6.657"/>
   <system-out><![CDATA[[2014-02-18 15:38:34,785][INFO ][test                     ] Test testNodeCounts(org.elasticsearch.action.admin.cluster.stats.ClusterStatsTests) started
[2014-02-18 15:38:34,786][INFO ][test                     ] Setup TestCluster [TEST-Bills-MacBook-Pro.local-CHILD_VM=[0]-CLUSTER_SEED=[-522359139781392727]-HASH=[135419F2A9DB4AF8]] with seed [F8C035214426C6A9] using [0] nodes
[2014-02-18 15:38:34,787][INFO ][action.admin.cluster.stats] [ClusterStatsTests#testNodeCounts]: before test
[2014-02-18 15:38:34,789][INFO ][node                     ] [node_0] version[1.0.0], pid[6815], build[a46900e/2014-02-18T23:32:25Z]
[2014-02-18 15:38:34,789][INFO ][node                     ] [node_0] initializing ...
[2014-02-18 15:38:34,789][INFO ][plugins                  ] [node_0] loaded [], sites []
[2014-02-18 15:38:34,824][INFO ][node                     ] [node_0] initialized
[2014-02-18 15:38:34,824][INFO ][node                     ] [node_0] starting ...
[2014-02-18 15:38:34,831][INFO ][transport                ] [node_0] bound_address {inet[/0:0:0:0:0:0:0:0:9303]}, publish_address {inet[/10.1.10.75:9303]}
[2014-02-18 15:38:37,837][INFO ][cluster.service          ] [node_0] new_master [node_0][D01NtFbiSh2kZj0sge6e_Q][Bills-MacBook-Pro.local][inet[/10.1.10.75:9303]], reason: zen-disco-join (elected_as_master)
[2014-02-18 15:38:37,850][INFO ][discovery                ] [node_0] TEST-Bills-MacBook-Pro.local-CHILD_VM=[0]-CLUSTER_SEED=[-522359139781392727]-HASH=[135419F2A9DB4AF8]/D01NtFbiSh2kZj0sge6e_Q
[2014-02-18 15:38:37,851][INFO ][gateway                  ] [node_0] recovered [0] indices into cluster_state
[2014-02-18 15:38:37,854][INFO ][http                     ] [node_0] bound_address {inet[/0:0:0:0:0:0:0:0:9203]}, publish_address {inet[/10.1.10.75:9203]}
[2014-02-18 15:38:37,855][INFO ][node                     ] [node_0] started
[2014-02-18 15:38:37,856][INFO ][plugins                  ] [transport_client_node_0] loaded [], sites []
[2014-02-18 15:38:37,894][INFO ][node                     ] [node_1] version[1.0.0], pid[6815], build[a46900e/2014-02-18T23:32:25Z]
[2014-02-18 15:38:37,894][INFO ][node                     ] [node_1] initializing ...
[2014-02-18 15:38:37,894][INFO ][plugins                  ] [node_1] loaded [], sites []
[2014-02-18 15:38:37,932][INFO ][node                     ] [node_1] initialized
[2014-02-18 15:38:37,933][INFO ][node                     ] [node_1] starting ...
[2014-02-18 15:38:37,940][INFO ][transport                ] [node_1] bound_address {inet[/0:0:0:0:0:0:0:0:9304]}, publish_address {inet[/10.1.10.75:9304]}
[2014-02-18 15:38:40,984][INFO ][cluster.service          ] [node_0] added {[node_1][WFls1UjIRLahj27UF-zivA][Bills-MacBook-Pro.local][inet[/10.1.10.75:9304]]{data=false},}, reason: zen-disco-receive(join from node[[node_1][WFls1UjIRLahj27UF-zivA][Bills-MacBook-Pro.local][inet[/10.1.10.75:9304]]{data=false}])
[2014-02-18 15:38:40,987][INFO ][cluster.service          ] [node_1] detected_master [node_0][D01NtFbiSh2kZj0sge6e_Q][Bills-MacBook-Pro.local][inet[/10.1.10.75:9303]], added {[node_0][D01NtFbiSh2kZj0sge6e_Q][Bills-MacBook-Pro.local][inet[/10.1.10.75:9303]],}, reason: zen-disco-receive(from master [[node_0][D01NtFbiSh2kZj0sge6e_Q][Bills-MacBook-Pro.local][inet[/10.1.10.75:9303]]])
[2014-02-18 15:38:41,002][INFO ][discovery                ] [node_1] TEST-Bills-MacBook-Pro.local-CHILD_VM=[0]-CLUSTER_SEED=[-522359139781392727]-HASH=[135419F2A9DB4AF8]/WFls1UjIRLahj27UF-zivA
[2014-02-18 15:38:41,011][INFO ][http                     ] [node_1] bound_address {inet[/0:0:0:0:0:0:0:0:9204]}, publish_address {inet[/10.1.10.75:9204]}
[2014-02-18 15:38:41,012][INFO ][node                     ] [node_1] started
[2014-02-18 15:38:41,019][INFO ][node                     ] [node_2] version[1.0.0], pid[6815], build[a46900e/2014-02-18T23:32:25Z]
[2014-02-18 15:38:41,019][INFO ][node                     ] [node_2] initializing ...
[2014-02-18 15:38:41,020][INFO ][plugins                  ] [node_2] loaded [], sites []
[2014-02-18 15:38:41,060][INFO ][node                     ] [node_2] initialized
[2014-02-18 15:38:41,061][INFO ][node                     ] [node_2] starting ...
[2014-02-18 15:38:41,067][INFO ][transport                ] [node_2] bound_address {inet[/0:0:0:0:0:0:0:0:9305]}, publish_address {inet[/10.1.10.75:9305]}
[2014-02-18 15:38:44,088][INFO ][cluster.service          ] [node_0] added {[node_2][PiaqSBCoRmWUaEd5OPqflw][Bills-MacBook-Pro.local][inet[/10.1.10.75:9305]]{master=false},}, reason: zen-disco-receive(join from node[[node_2][PiaqSBCoRmWUaEd5OPqflw][Bills-MacBook-Pro.local][inet[/10.1.10.75:9305]]{master=false}])
[2014-02-18 15:38:44,088][INFO ][cluster.service          ] [node_1] added {[node_2][PiaqSBCoRmWUaEd5OPqflw][Bills-MacBook-Pro.local][inet[/10.1.10.75:9305]]{master=false},}, reason: zen-disco-receive(from master [[node_0][D01NtFbiSh2kZj0sge6e_Q][Bills-MacBook-Pro.local][inet[/10.1.10.75:9303]]])
[2014-02-18 15:38:44,089][INFO ][cluster.service          ] [node_2] detected_master [node_0][D01NtFbiSh2kZj0sge6e_Q][Bills-MacBook-Pro.local][inet[/10.1.10.75:9303]], added {[node_0][D01NtFbiSh2kZj0sge6e_Q][Bills-MacBook-Pro.local][inet[/10.1.10.75:9303]],[node_1][WFls1UjIRLahj27UF-zivA][Bills-MacBook-Pro.local][inet[/10.1.10.75:9304]]{data=false},}, reason: zen-disco-receive(from master [[node_0][D01NtFbiSh2kZj0sge6e_Q][Bills-MacBook-Pro.local][inet[/10.1.10.75:9303]]])
[2014-02-18 15:38:44,114][INFO ][discovery                ] [node_2] TEST-Bills-MacBook-Pro.local-CHILD_VM=[0]-CLUSTER_SEED=[-522359139781392727]-HASH=[135419F2A9DB4AF8]/PiaqSBCoRmWUaEd5OPqflw
[2014-02-18 15:38:44,118][INFO ][http                     ] [node_2] bound_address {inet[/0:0:0:0:0:0:0:0:9205]}, publish_address {inet[/10.1.10.75:9205]}
[2014-02-18 15:38:44,119][INFO ][node                     ] [node_2] started
[2014-02-18 15:38:44,120][INFO ][plugins                  ] [transport_client_node_2] loaded [], sites []
[2014-02-18 15:38:44,147][INFO ][node                     ] [node_3] version[1.0.0], pid[6815], build[a46900e/2014-02-18T23:32:25Z]
[2014-02-18 15:38:44,147][INFO ][node                     ] [node_3] initializing ...
[2014-02-18 15:38:44,147][INFO ][plugins                  ] [node_3] loaded [], sites []
[2014-02-18 15:38:44,183][INFO ][node                     ] [node_3] initialized
[2014-02-18 15:38:44,183][INFO ][node                     ] [node_3] starting ...
[2014-02-18 15:38:44,190][INFO ][transport                ] [node_3] bound_address {inet[/0:0:0:0:0:0:0:0:9306]}, publish_address {inet[/10.1.10.75:9306]}
[2014-02-18 15:38:44,193][WARN ][discovery.zen.ping.multicast] [node_3] failed to receive packet, throttling...
java.net.SocketException: Socket closed
	at java.net.PlainDatagramSocketImpl.peekData(Native Method)
	at java.net.DatagramSocket.receive(DatagramSocket.java:726)
	at org.elasticsearch.discovery.zen.ping.multicast.MulticastZenPing$Receiver.run(MulticastZenPing.java:366)
	at java.lang.Thread.run(Thread.java:744)
[2014-02-18 15:38:44,695][WARN ][discovery.zen.ping.multicast] [node_3] failed to receive packet, throttling...
java.net.SocketException: Socket closed
	at java.net.PlainDatagramSocketImpl.peekData(Native Method)
	at java.net.DatagramSocket.receive(DatagramSocket.java:726)
	at org.elasticsearch.discovery.zen.ping.multicast.MulticastZenPing$Receiver.run(MulticastZenPing.java:366)
	at java.lang.Thread.run(Thread.java:744)
[2014-02-18 15:38:45,197][WARN ][discovery.zen.ping.multicast] [node_3] failed to receive packet, throttling...
java.net.SocketException: Socket closed
	at java.net.PlainDatagramSocketImpl.peekData(Native Method)
	at java.net.DatagramSocket.receive(DatagramSocket.java:726)
	at org.elasticsearch.discovery.zen.ping.multicast.MulticastZenPing$Receiver.run(MulticastZenPing.java:366)
	at java.lang.Thread.run(Thread.java:744)
[2014-02-18 15:38:45,697][WARN ][discovery.zen.ping.multicast] [node_3] failed to receive packet, throttling...
java.net.SocketException: Socket closed
	at java.net.PlainDatagramSocketImpl.peekData(Native Method)
	at java.net.DatagramSocket.receive(DatagramSocket.java:726)
	at org.elasticsearch.discovery.zen.ping.multicast.MulticastZenPing$Receiver.run(MulticastZenPing.java:366)
	at java.lang.Thread.run(Thread.java:744)
[2014-02-18 15:38:46,199][WARN ][discovery.zen.ping.multicast] [node_3] failed to receive packet, throttling...
java.net.SocketException: Socket closed
	at java.net.PlainDatagramSocketImpl.peekData(Native Method)
	at java.net.DatagramSocket.receive(DatagramSocket.java:726)
	at org.elasticsearch.discovery.zen.ping.multicast.MulticastZenPing$Receiver.run(MulticastZenPing.java:366)
	at java.lang.Thread.run(Thread.java:744)
[2014-02-18 15:38:46,700][WARN ][discovery.zen.ping.multicast] [node_3] failed to receive packet, throttling...
java.net.SocketException: Socket closed
	at java.net.PlainDatagramSocketImpl.peekData(Native Method)
	at java.net.DatagramSocket.receive(DatagramSocket.java:726)
	at org.elasticsearch.discovery.zen.ping.multicast.MulticastZenPing$Receiver.run(MulticastZenPing.java:366)
	at java.lang.Thread.run(Thread.java:744)
[2014-02-18 15:38:47,201][WARN ][discovery.zen.ping.multicast] [node_3] failed to receive packet, throttling...
java.net.SocketException: Socket closed
	at java.net.PlainDatagramSocketImpl.peekData(Native Method)
	at java.net.DatagramSocket.receive(DatagramSocket.java:726)
	at org.elasticsearch.discovery.zen.ping.multicast.MulticastZenPing$Receiver.run(MulticastZenPing.java:366)
	at java.lang.Thread.run(Thread.java:744)
[2014-02-18 15:38:47,212][INFO ][cluster.service          ] [node_0] added {[node_3][kcUn--pxTNqXkpbuuphldw][Bills-MacBook-Pro.local][inet[/10.1.10.75:9306]]{client=true, data=false},}, reason: zen-disco-receive(join from node[[node_3][kcUn--pxTNqXkpbuuphldw][Bills-MacBook-Pro.local][inet[/10.1.10.75:9306]]{client=true, data=false}])
[2014-02-18 15:38:47,213][INFO ][cluster.service          ] [node_2] added {[node_3][kcUn--pxTNqXkpbuuphldw][Bills-MacBook-Pro.local][inet[/10.1.10.75:9306]]{client=true, data=false},}, reason: zen-disco-receive(from master [[node_0][D01NtFbiSh2kZj0sge6e_Q][Bills-MacBook-Pro.local][inet[/10.1.10.75:9303]]])
[2014-02-18 15:38:47,213][INFO ][cluster.service          ] [node_1] added {[node_3][kcUn--pxTNqXkpbuuphldw][Bills-MacBook-Pro.local][inet[/10.1.10.75:9306]]{client=true, data=false},}, reason: zen-disco-receive(from master [[node_0][D01NtFbiSh2kZj0sge6e_Q][Bills-MacBook-Pro.local][inet[/10.1.10.75:9303]]])
[2014-02-18 15:38:47,214][INFO ][cluster.service          ] [node_3] detected_master [node_0][D01NtFbiSh2kZj0sge6e_Q][Bills-MacBook-Pro.local][inet[/10.1.10.75:9303]], added {[node_1][WFls1UjIRLahj27UF-zivA][Bills-MacBook-Pro.local][inet[/10.1.10.75:9304]]{data=false},[node_0][D01NtFbiSh2kZj0sge6e_Q][Bills-MacBook-Pro.local][inet[/10.1.10.75:9303]],[node_2][PiaqSBCoRmWUaEd5OPqflw][Bills-MacBook-Pro.local][inet[/10.1.10.75:9305]]{master=false},}, reason: zen-disco-receive(from master [[node_0][D01NtFbiSh2kZj0sge6e_Q][Bills-MacBook-Pro.local][inet[/10.1.10.75:9303]]])
[2014-02-18 15:38:47,244][INFO ][discovery                ] [node_3] TEST-Bills-MacBook-Pro.local-CHILD_VM=[0]-CLUSTER_SEED=[-522359139781392727]-HASH=[135419F2A9DB4AF8]/kcUn--pxTNqXkpbuuphldw
[2014-02-18 15:38:47,250][INFO ][http                     ] [node_3] bound_address {inet[/0:0:0:0:0:0:0:0:9206]}, publish_address {inet[/10.1.10.75:9206]}
[2014-02-18 15:38:47,250][INFO ][node                     ] [node_3] started
[2014-02-18 15:38:47,255][INFO ][action.admin.cluster.stats] [ClusterStatsTests#testNodeCounts]: cleaning up after test
[2014-02-18 15:38:47,260][INFO ][node                     ] [node_0] stopping ...
[2014-02-18 15:38:47,265][INFO ][discovery.zen            ] [node_1] master_left [[node_0][D01NtFbiSh2kZj0sge6e_Q][Bills-MacBook-Pro.local][inet[/10.1.10.75:9303]]], reason [shut_down]
[2014-02-18 15:38:47,265][INFO ][cluster.service          ] [node_1] master {new [node_1][WFls1UjIRLahj27UF-zivA][Bills-MacBook-Pro.local][inet[/10.1.10.75:9304]]{data=false}, previous [node_0][D01NtFbiSh2kZj0sge6e_Q][Bills-MacBook-Pro.local][inet[/10.1.10.75:9303]]}, removed {[node_0][D01NtFbiSh2kZj0sge6e_Q][Bills-MacBook-Pro.local][inet[/10.1.10.75:9303]],}, reason: zen-disco-master_failed ([node_0][D01NtFbiSh2kZj0sge6e_Q][Bills-MacBook-Pro.local][inet[/10.1.10.75:9303]])
[2014-02-18 15:38:47,268][INFO ][cluster.service          ] [node_3] master {new [node_1][WFls1UjIRLahj27UF-zivA][Bills-MacBook-Pro.local][inet[/10.1.10.75:9304]]{data=false}, previous [node_0][D01NtFbiSh2kZj0sge6e_Q][Bills-MacBook-Pro.local][inet[/10.1.10.75:9303]]}, removed {[node_0][D01NtFbiSh2kZj0sge6e_Q][Bills-MacBook-Pro.local][inet[/10.1.10.75:9303]],}, reason: zen-disco-receive(from master [[node_1][WFls1UjIRLahj27UF-zivA][Bills-MacBook-Pro.local][inet[/10.1.10.75:9304]]{data=false}])
[2014-02-18 15:38:47,270][INFO ][cluster.service          ] [node_2] master {new [node_1][WFls1UjIRLahj27UF-zivA][Bills-MacBook-Pro.local][inet[/10.1.10.75:9304]]{data=false}, previous [node_0][D01NtFbiSh2kZj0sge6e_Q][Bills-MacBook-Pro.local][inet[/10.1.10.75:9303]]}, removed {[node_0][D01NtFbiSh2kZj0sge6e_Q][Bills-MacBook-Pro.local][inet[/10.1.10.75:9303]],}, reason: zen-disco-receive(from master [[node_1][WFls1UjIRLahj27UF-zivA][Bills-MacBook-Pro.local][inet[/10.1.10.75:9304]]{data=false}])
[2014-02-18 15:38:47,273][INFO ][node                     ] [node_0] stopped
[2014-02-18 15:38:47,273][INFO ][node                     ] [node_0] closing ...
[2014-02-18 15:38:47,274][INFO ][node                     ] [node_0] closed
[2014-02-18 15:38:47,275][INFO ][node                     ] [node_1] stopping ...
[2014-02-18 15:38:47,285][INFO ][node                     ] [node_1] stopped
[2014-02-18 15:38:47,286][INFO ][node                     ] [node_1] closing ...
[2014-02-18 15:38:47,292][INFO ][discovery.zen            ] [node_2] master_left [[node_1][WFls1UjIRLahj27UF-zivA][Bills-MacBook-Pro.local][inet[/10.1.10.75:9304]]{data=false}], reason [transport disconnected (with verified connect)]
[2014-02-18 15:38:47,293][WARN ][discovery.zen            ] [node_2] master_left and no other node elected to become master, current nodes: {[node_2][PiaqSBCoRmWUaEd5OPqflw][Bills-MacBook-Pro.local][inet[/10.1.10.75:9305]]{master=false},[node_3][kcUn--pxTNqXkpbuuphldw][Bills-MacBook-Pro.local][inet[/10.1.10.75:9306]]{client=true, data=false},}
[2014-02-18 15:38:47,294][INFO ][discovery.zen            ] [node_3] master_left [[node_1][WFls1UjIRLahj27UF-zivA][Bills-MacBook-Pro.local][inet[/10.1.10.75:9304]]{data=false}], reason [transport disconnected (with verified connect)]
[2014-02-18 15:38:47,294][INFO ][node                     ] [node_1] closed
[2014-02-18 15:38:47,294][WARN ][discovery.zen            ] [node_3] master_left and no other node elected to become master, current nodes: {[node_2][PiaqSBCoRmWUaEd5OPqflw][Bills-MacBook-Pro.local][inet[/10.1.10.75:9305]]{master=false},[node_3][kcUn--pxTNqXkpbuuphldw][Bills-MacBook-Pro.local][inet[/10.1.10.75:9306]]{client=true, data=false},}
[2014-02-18 15:38:47,295][INFO ][cluster.service          ] [node_2] removed {[node_3][kcUn--pxTNqXkpbuuphldw][Bills-MacBook-Pro.local][inet[/10.1.10.75:9306]]{client=true, data=false},[node_1][WFls1UjIRLahj27UF-zivA][Bills-MacBook-Pro.local][inet[/10.1.10.75:9304]]{data=false},}, reason: zen-disco-master_failed ([node_1][WFls1UjIRLahj27UF-zivA][Bills-MacBook-Pro.local][inet[/10.1.10.75:9304]]{data=false})
[2014-02-18 15:38:47,296][INFO ][cluster.service          ] [node_3] removed {[node_2][PiaqSBCoRmWUaEd5OPqflw][Bills-MacBook-Pro.local][inet[/10.1.10.75:9305]]{master=false},[node_1][WFls1UjIRLahj27UF-zivA][Bills-MacBook-Pro.local][inet[/10.1.10.75:9304]]{data=false},}, reason: zen-disco-master_failed ([node_1][WFls1UjIRLahj27UF-zivA][Bills-MacBook-Pro.local][inet[/10.1.10.75:9304]]{data=false})
[2014-02-18 15:38:47,300][INFO ][node                     ] [node_2] stopping ...
[2014-02-18 15:38:47,305][INFO ][node                     ] [node_2] stopped
[2014-02-18 15:38:47,305][INFO ][node                     ] [node_2] closing ...
[2014-02-18 15:38:47,307][INFO ][node                     ] [node_2] closed
[2014-02-18 15:38:47,307][INFO ][node                     ] [node_3] stopping ...
[2014-02-18 15:38:47,310][INFO ][node                     ] [node_3] stopped
[2014-02-18 15:38:47,311][INFO ][node                     ] [node_3] closing ...
[2014-02-18 15:38:47,312][INFO ][node                     ] [node_3] closed
[2014-02-18 15:38:47,312][INFO ][action.admin.cluster.stats] [ClusterStatsTests#testNodeCounts]: cleaned up after test
[2014-02-18 15:38:47,312][INFO ][test                     ] Wipe data directory for all nodes locations: [/Users/bhwang/elasticsearch/target/J0/data/TEST-Bills-MacBook-Pro.local-CHILD_VM=[0]-CLUSTER_SEED=[-522359139781392727]-HASH=[135419F2A9DB4AF8]/nodes/2, /Users/bhwang/elasticsearch/target/J0/data/TEST-Bills-MacBook-Pro.local-CHILD_VM=[0]-CLUSTER_SEED=[-522359139781392727]-HASH=[135419F2A9DB4AF8]/nodes/1, /Users/bhwang/elasticsearch/target/J0/data/TEST-Bills-MacBook-Pro.local-CHILD_VM=[0]-CLUSTER_SEED=[-522359139781392727]-HASH=[135419F2A9DB4AF8]/nodes/0]
[2014-02-18 15:38:47,313][INFO ][test                     ] Test testNodeCounts(org.elasticsearch.action.admin.cluster.stats.ClusterStatsTests) finished
[2014-02-18 15:38:47,313][INFO ][test                     ] Test testValuesSmokeScreen(org.elasticsearch.action.admin.cluster.stats.ClusterStatsTests) started
[2014-02-18 15:38:47,314][INFO ][test                     ] Setup TestCluster [TEST-Bills-MacBook-Pro.local-CHILD_VM=[0]-CLUSTER_SEED=[5588456649640992889]-HASH=[135419F594965158]] with seed [4D8E2FB6C4856079] using [0] nodes
[2014-02-18 15:38:47,315][INFO ][action.admin.cluster.stats] [ClusterStatsTests#testValuesSmokeScreen]: before test
[2014-02-18 15:38:47,315][INFO ][test                     ] increasing cluster size from 0 to 1
[2014-02-18 15:38:47,316][INFO ][node                     ] [node_0] version[1.0.0], pid[6815], build[a46900e/2014-02-18T23:32:25Z]
[2014-02-18 15:38:47,316][INFO ][node                     ] [node_0] initializing ...
[2014-02-18 15:38:47,317][INFO ][plugins                  ] [node_0] loaded [], sites []
[2014-02-18 15:38:47,351][INFO ][node                     ] [node_0] initialized
[2014-02-18 15:38:47,351][INFO ][node                     ] [node_0] starting ...
[2014-02-18 15:38:47,357][INFO ][transport                ] [node_0] bound_address {inet[/0:0:0:0:0:0:0:0:9303]}, publish_address {inet[/10.1.10.75:9303]}
[2014-02-18 15:38:50,362][INFO ][cluster.service          ] [node_0] new_master [node_0][stYd4wkRTJuXZlJy3jvCGA][Bills-MacBook-Pro.local][inet[/10.1.10.75:9303]], reason: zen-disco-join (elected_as_master)
[2014-02-18 15:38:50,377][INFO ][discovery                ] [node_0] TEST-Bills-MacBook-Pro.local-CHILD_VM=[0]-CLUSTER_SEED=[5588456649640992889]-HASH=[135419F594965158]/stYd4wkRTJuXZlJy3jvCGA
[2014-02-18 15:38:50,378][INFO ][gateway                  ] [node_0] recovered [0] indices into cluster_state
[2014-02-18 15:38:50,381][INFO ][http                     ] [node_0] bound_address {inet[/0:0:0:0:0:0:0:0:9203]}, publish_address {inet[/10.1.10.75:9203]}
[2014-02-18 15:38:50,381][INFO ][node                     ] [node_0] started
[2014-02-18 15:38:50,391][INFO ][cluster.metadata         ] [node_0] [test1] creating index, cause [auto(index api)], shards [5]/[1], mappings []
[2014-02-18 15:38:50,426][INFO ][cluster.metadata         ] [node_0] [test1] update_mapping [type] (dynamic)
[2014-02-18 15:38:50,431][INFO ][action.admin.cluster.stats] [ClusterStatsTests#testValuesSmokeScreen]: cleaning up after test
[2014-02-18 15:38:50,431][INFO ][node                     ] [node_0] stopping ...
[2014-02-18 15:38:50,441][INFO ][node                     ] [node_0] stopped
[2014-02-18 15:38:50,441][INFO ][node                     ] [node_0] closing ...
[2014-02-18 15:38:50,442][INFO ][node                     ] [node_0] closed
[2014-02-18 15:38:50,442][INFO ][action.admin.cluster.stats] [ClusterStatsTests#testValuesSmokeScreen]: cleaned up after test
[2014-02-18 15:38:50,442][INFO ][test                     ] Wipe data directory for all nodes locations: [data/d0/TEST-Bills-MacBook-Pro.local-CHILD_VM=[0]-CLUSTER_SEED=[5588456649640992889]-HASH=[135419F594965158]/nodes/0]
[2014-02-18 15:38:50,451][INFO ][test                     ] Test testValuesSmokeScreen(org.elasticsearch.action.admin.cluster.stats.ClusterStatsTests) finished
[2014-02-18 15:38:50,452][INFO ][test                     ] Test testIndicesShardStats(org.elasticsearch.action.admin.cluster.stats.ClusterStatsTests) started
[2014-02-18 15:38:50,453][INFO ][test                     ] Setup TestCluster [TEST-Bills-MacBook-Pro.local-CHILD_VM=[0]-CLUSTER_SEED=[8887988482949891063]-HASH=[135419F64FAA2DC0]] with seed [7B587A6F45FDC3F7] using [0] nodes
[2014-02-18 15:38:50,453][INFO ][action.admin.cluster.stats] [ClusterStatsTests#testIndicesShardStats]: before test
[2014-02-18 15:38:50,455][INFO ][node                     ] [node_0] version[1.0.0], pid[6815], build[a46900e/2014-02-18T23:32:25Z]
[2014-02-18 15:38:50,455][INFO ][node                     ] [node_0] initializing ...
[2014-02-18 15:38:50,455][INFO ][plugins                  ] [node_0] loaded [], sites []
[2014-02-18 15:38:50,507][INFO ][node                     ] [node_0] initialized
[2014-02-18 15:38:50,508][INFO ][node                     ] [node_0] starting ...
[2014-02-18 15:38:50,520][INFO ][transport                ] [node_0] bound_address {inet[/0:0:0:0:0:0:0:0:9303]}, publish_address {inet[/10.1.10.75:9303]}
[2014-02-18 15:38:53,526][INFO ][cluster.service          ] [node_0] new_master [node_0][fFnjdkuPSie1kK5ykHiQyw][Bills-MacBook-Pro.local][inet[/10.1.10.75:9303]], reason: zen-disco-join (elected_as_master)
[2014-02-18 15:38:53,540][INFO ][discovery                ] [node_0] TEST-Bills-MacBook-Pro.local-CHILD_VM=[0]-CLUSTER_SEED=[8887988482949891063]-HASH=[135419F64FAA2DC0]/fFnjdkuPSie1kK5ykHiQyw
[2014-02-18 15:38:53,543][INFO ][gateway                  ] [node_0] recovered [0] indices into cluster_state
[2014-02-18 15:38:53,547][INFO ][http                     ] [node_0] bound_address {inet[/0:0:0:0:0:0:0:0:9203]}, publish_address {inet[/10.1.10.75:9203]}
[2014-02-18 15:38:53,548][INFO ][node                     ] [node_0] started
[2014-02-18 15:38:53,549][INFO ][plugins                  ] [transport_client_node_0] loaded [], sites []
[2014-02-18 15:38:53,582][INFO ][cluster.metadata         ] [node_0] [test1] creating index, cause [api], shards [2]/[1], mappings []
[2014-02-18 15:38:53,607][INFO ][node                     ] [node_1] version[1.0.0], pid[6815], build[a46900e/2014-02-18T23:32:25Z]
[2014-02-18 15:38:53,607][INFO ][node                     ] [node_1] initializing ...
[2014-02-18 15:38:53,607][INFO ][plugins                  ] [node_1] loaded [], sites []
[2014-02-18 15:38:53,644][INFO ][node                     ] [node_1] initialized
[2014-02-18 15:38:53,644][INFO ][node                     ] [node_1] starting ...
[2014-02-18 15:38:53,651][INFO ][transport                ] [node_1] bound_address {inet[/0:0:0:0:0:0:0:0:9304]}, publish_address {inet[/10.1.10.75:9304]}
[2014-02-18 15:38:56,669][INFO ][cluster.service          ] [node_0] added {[node_1][RWccp-bzQIiZGEhzdy9e5w][Bills-MacBook-Pro.local][inet[/10.1.10.75:9304]],}, reason: zen-disco-receive(join from node[[node_1][RWccp-bzQIiZGEhzdy9e5w][Bills-MacBook-Pro.local][inet[/10.1.10.75:9304]]])
[2014-02-18 15:38:56,670][INFO ][cluster.service          ] [node_1] detected_master [node_0][fFnjdkuPSie1kK5ykHiQyw][Bills-MacBook-Pro.local][inet[/10.1.10.75:9303]], added {[node_0][fFnjdkuPSie1kK5ykHiQyw][Bills-MacBook-Pro.local][inet[/10.1.10.75:9303]],}, reason: zen-disco-receive(from master [[node_0][fFnjdkuPSie1kK5ykHiQyw][Bills-MacBook-Pro.local][inet[/10.1.10.75:9303]]])
[2014-02-18 15:38:56,683][INFO ][discovery                ] [node_1] TEST-Bills-MacBook-Pro.local-CHILD_VM=[0]-CLUSTER_SEED=[8887988482949891063]-HASH=[135419F64FAA2DC0]/RWccp-bzQIiZGEhzdy9e5w
[2014-02-18 15:38:56,687][INFO ][http                     ] [node_1] bound_address {inet[/0:0:0:0:0:0:0:0:9204]}, publish_address {inet[/10.1.10.75:9204]}
[2014-02-18 15:38:56,688][INFO ][node                     ] [node_1] started
[2014-02-18 15:38:56,892][INFO ][cluster.metadata         ] [node_0] [test1] update_mapping [type] (dynamic)
[2014-02-18 15:38:56,971][INFO ][cluster.metadata         ] [node_0] [test2] creating index, cause [api], shards [3]/[0], mappings []
[2014-02-18 15:38:57,029][INFO ][action.admin.cluster.stats] [ClusterStatsTests#testIndicesShardStats]: cleaning up after test
[2014-02-18 15:38:57,034][INFO ][node                     ] [node_0] stopping ...
[2014-02-18 15:38:57,045][INFO ][discovery.zen            ] [node_1] master_left [[node_0][fFnjdkuPSie1kK5ykHiQyw][Bills-MacBook-Pro.local][inet[/10.1.10.75:9303]]], reason [shut_down]
[2014-02-18 15:38:57,052][INFO ][node                     ] [node_0] stopped
[2014-02-18 15:38:57,053][INFO ][node                     ] [node_0] closing ...
[2014-02-18 15:38:57,057][INFO ][cluster.service          ] [node_1] master {new [node_1][RWccp-bzQIiZGEhzdy9e5w][Bills-MacBook-Pro.local][inet[/10.1.10.75:9304]], previous [node_0][fFnjdkuPSie1kK5ykHiQyw][Bills-MacBook-Pro.local][inet[/10.1.10.75:9303]]}, removed {[node_0][fFnjdkuPSie1kK5ykHiQyw][Bills-MacBook-Pro.local][inet[/10.1.10.75:9303]],}, reason: zen-disco-master_failed ([node_0][fFnjdkuPSie1kK5ykHiQyw][Bills-MacBook-Pro.local][inet[/10.1.10.75:9303]])
[2014-02-18 15:38:57,058][INFO ][node                     ] [node_0] closed
[2014-02-18 15:38:57,058][INFO ][node                     ] [node_1] stopping ...
[2014-02-18 15:38:57,079][INFO ][node                     ] [node_1] stopped
[2014-02-18 15:38:57,079][INFO ][node                     ] [node_1] closing ...
[2014-02-18 15:38:57,081][INFO ][node                     ] [node_1] closed
[2014-02-18 15:38:57,082][INFO ][action.admin.cluster.stats] [ClusterStatsTests#testIndicesShardStats]: cleaned up after test
[2014-02-18 15:38:57,082][INFO ][test                     ] Wipe data directory for all nodes locations: [data/d0/TEST-Bills-MacBook-Pro.local-CHILD_VM=[0]-CLUSTER_SEED=[8887988482949891063]-HASH=[135419F64FAA2DC0]/nodes/0, data/d0/TEST-Bills-MacBook-Pro.local-CHILD_VM=[0]-CLUSTER_SEED=[8887988482949891063]-HASH=[135419F64FAA2DC0]/nodes/1, data/d2/TEST-Bills-MacBook-Pro.local-CHILD_VM=[0]-CLUSTER_SEED=[8887988482949891063]-HASH=[135419F64FAA2DC0]/nodes/0, data/d1/TEST-Bills-MacBook-Pro.local-CHILD_VM=[0]-CLUSTER_SEED=[8887988482949891063]-HASH=[135419F64FAA2DC0]/nodes/1, data/d1/TEST-Bills-MacBook-Pro.local-CHILD_VM=[0]-CLUSTER_SEED=[8887988482949891063]-HASH=[135419F64FAA2DC0]/nodes/0, data/d2/TEST-Bills-MacBook-Pro.local-CHILD_VM=[0]-CLUSTER_SEED=[8887988482949891063]-HASH=[135419F64FAA2DC0]/nodes/1]
[2014-02-18 15:38:57,108][INFO ][test                     ] Test testIndicesShardStats(org.elasticsearch.action.admin.cluster.stats.ClusterStatsTests) finished
]]></system-out>
   <system-err><![CDATA[]]></system-err>
</testsuite>