<testsuite errors="0" failures="0" tests="19" skipped="0" name="org.elasticsearch.search.aggregations.bucket.DateRangeTests" hostname="nohost.nodomain" time="13.557" timestamp="2014-02-18T16:02:08">
   <properties class="java.util.ArrayList">
      <property name="awt.toolkit" value="sun.lwawt.macosx.LWCToolkit"/>
      <property name="es.logger.level" value="INFO"/>
      <property name="es.logger.prefix" value=""/>
      <property name="es.node.local" value=""/>
      <property name="es.node.mode" value=""/>
      <property name="file.encoding" value="UTF-8"/>
      <property name="file.encoding.pkg" value="sun.io"/>
      <property name="file.separator" value="/"/>
      <property name="ftp.nonProxyHosts" value="local|*.local|169.254/16|*.169.254/16"/>
      <property name="gopherProxySet" value="false"/>
      <property name="http.nonProxyHosts" value="local|*.local|169.254/16|*.169.254/16"/>
      <property name="java.awt.graphicsenv" value="sun.awt.CGraphicsEnvironment"/>
      <property name="java.awt.headless" value="true"/>
      <property name="java.awt.printerjob" value="sun.lwawt.macosx.CPrinterJob"/>
      <property name="java.class.path" value="/Users/bhwang/elasticsearch/target/test-classes:/Users/bhwang/elasticsearch/target/classes:/Users/bhwang/.m2/repository/org/hamcrest/hamcrest-all/1.3/hamcrest-all-1.3.jar:/Users/bhwang/.m2/repository/com/carrotsearch/randomizedtesting/randomizedtesting-runner/2.0.15/randomizedtesting-runner-2.0.15.jar:/Users/bhwang/.m2/repository/junit/junit/4.10/junit-4.10.jar:/Users/bhwang/.m2/repository/org/apache/lucene/lucene-test-framework/4.6.1/lucene-test-framework-4.6.1.jar:/Users/bhwang/.m2/repository/org/apache/lucene/lucene-expressions/4.6.1/lucene-expressions-4.6.1.jar:/Users/bhwang/.m2/repository/org/antlr/antlr-runtime/3.5/antlr-runtime-3.5.jar:/Users/bhwang/.m2/repository/org/ow2/asm/asm/4.1/asm-4.1.jar:/Users/bhwang/.m2/repository/org/ow2/asm/asm-commons/4.1/asm-commons-4.1.jar:/Users/bhwang/.m2/repository/org/apache/httpcomponents/httpclient/4.3.1/httpclient-4.3.1.jar:/Users/bhwang/.m2/repository/org/apache/httpcomponents/httpcore/4.3/httpcore-4.3.jar:/Users/bhwang/.m2/repository/commons-logging/commons-logging/1.1.3/commons-logging-1.1.3.jar:/Users/bhwang/.m2/repository/commons-codec/commons-codec/1.6/commons-codec-1.6.jar:/Users/bhwang/.m2/repository/org/apache/lucene/lucene-core/4.6.1/lucene-core-4.6.1.jar:/Users/bhwang/.m2/repository/org/apache/lucene/lucene-analyzers-common/4.6.1/lucene-analyzers-common-4.6.1.jar:/Users/bhwang/.m2/repository/org/apache/lucene/lucene-codecs/4.6.1/lucene-codecs-4.6.1.jar:/Users/bhwang/.m2/repository/org/apache/lucene/lucene-queries/4.6.1/lucene-queries-4.6.1.jar:/Users/bhwang/.m2/repository/org/apache/lucene/lucene-memory/4.6.1/lucene-memory-4.6.1.jar:/Users/bhwang/.m2/repository/org/apache/lucene/lucene-highlighter/4.6.1/lucene-highlighter-4.6.1.jar:/Users/bhwang/.m2/repository/org/apache/lucene/lucene-queryparser/4.6.1/lucene-queryparser-4.6.1.jar:/Users/bhwang/.m2/repository/org/apache/lucene/lucene-sandbox/4.6.1/lucene-sandbox-4.6.1.jar:/Users/bhwang/.m2/repository/org/apache/lucene/lucene-suggest/4.6.1/lucene-suggest-4.6.1.jar:/Users/bhwang/.m2/repository/org/apache/lucene/lucene-misc/4.6.1/lucene-misc-4.6.1.jar:/Users/bhwang/.m2/repository/org/apache/lucene/lucene-join/4.6.1/lucene-join-4.6.1.jar:/Users/bhwang/.m2/repository/org/apache/lucene/lucene-grouping/4.6.1/lucene-grouping-4.6.1.jar:/Users/bhwang/.m2/repository/org/apache/lucene/lucene-spatial/4.6.1/lucene-spatial-4.6.1.jar:/Users/bhwang/.m2/repository/com/spatial4j/spatial4j/0.3/spatial4j-0.3.jar:/Users/bhwang/.m2/repository/com/vividsolutions/jts/1.12/jts-1.12.jar:/Users/bhwang/.m2/repository/com/google/guava/guava/16.0/guava-16.0.jar:/Users/bhwang/.m2/repository/com/carrotsearch/hppc/0.5.3/hppc-0.5.3.jar:/Users/bhwang/.m2/repository/joda-time/joda-time/2.3/joda-time-2.3.jar:/Users/bhwang/.m2/repository/org/joda/joda-convert/1.2/joda-convert-1.2.jar:/Users/bhwang/.m2/repository/org/mvel/mvel2/2.1.5.Final/mvel2-2.1.5.Final.jar:/Users/bhwang/.m2/repository/com/fasterxml/jackson/core/jackson-core/2.3.0/jackson-core-2.3.0.jar:/Users/bhwang/.m2/repository/com/fasterxml/jackson/dataformat/jackson-dataformat-smile/2.3.0/jackson-dataformat-smile-2.3.0.jar:/Users/bhwang/.m2/repository/com/fasterxml/jackson/dataformat/jackson-dataformat-yaml/2.3.0/jackson-dataformat-yaml-2.3.0.jar:/Users/bhwang/.m2/repository/io/netty/netty/3.9.0.Final/netty-3.9.0.Final.jar:/Users/bhwang/.m2/repository/com/ning/compress-lzf/0.9.6/compress-lzf-0.9.6.jar:/Users/bhwang/.m2/repository/log4j/log4j/1.2.17/log4j-1.2.17.jar:/Users/bhwang/.m2/repository/org/slf4j/slf4j-api/1.6.2/slf4j-api-1.6.2.jar:/Users/bhwang/.m2/repository/net/java/dev/jna/jna/3.3.0/jna-3.3.0.jar:/Users/bhwang/.m2/repository/org/fusesource/sigar/1.6.4/sigar-1.6.4.jar:/Users/bhwang/.m2/repository/com/carrotsearch/randomizedtesting/junit4-ant/2.0.15/junit4-ant-2.0.15.jar"/>
      <property name="java.class.version" value="51.0"/>
      <property name="java.endorsed.dirs" value="/Library/Java/JavaVirtualMachines/jdk1.7.0_45.jdk/Contents/Home/jre/lib/endorsed"/>
      <property name="java.ext.dirs" value="/Users/bhwang/Library/Java/Extensions:/Library/Java/JavaVirtualMachines/jdk1.7.0_45.jdk/Contents/Home/jre/lib/ext:/Library/Java/Extensions:/Network/Library/Java/Extensions:/System/Library/Java/Extensions:/usr/lib/java"/>
      <property name="java.home" value="/Library/Java/JavaVirtualMachines/jdk1.7.0_45.jdk/Contents/Home/jre"/>
      <property name="java.io.tmpdir" value="."/>
      <property name="java.library.path" value="/Users/bhwang/Library/Java/Extensions:/Library/Java/Extensions:/Network/Library/Java/Extensions:/System/Library/Java/Extensions:/usr/lib/java:."/>
      <property name="java.runtime.name" value="Java(TM) SE Runtime Environment"/>
      <property name="java.runtime.version" value="1.7.0_45-b18"/>
      <property name="java.security.policy" value="/Users/bhwang/elasticsearch/dev-tools/tests.policy"/>
      <property name="java.specification.name" value="Java Platform API Specification"/>
      <property name="java.specification.vendor" value="Oracle Corporation"/>
      <property name="java.specification.version" value="1.7"/>
      <property name="java.vendor" value="Oracle Corporation"/>
      <property name="java.vendor.url" value="http://java.oracle.com/"/>
      <property name="java.vendor.url.bug" value="http://bugreport.sun.com/bugreport/"/>
      <property name="java.version" value="1.7.0_45"/>
      <property name="java.vm.info" value="mixed mode"/>
      <property name="java.vm.name" value="Java HotSpot(TM) 64-Bit Server VM"/>
      <property name="java.vm.specification.name" value="Java Virtual Machine Specification"/>
      <property name="java.vm.specification.vendor" value="Oracle Corporation"/>
      <property name="java.vm.specification.version" value="1.7"/>
      <property name="java.vm.vendor" value="Oracle Corporation"/>
      <property name="java.vm.version" value="24.45-b08"/>
      <property name="junit4.childvm.cwd" value="/Users/bhwang/elasticsearch/target/J0"/>
      <property name="junit4.childvm.id" value="0"/>
      <property name="junit4.memory.total" value="128974848"/>
      <property name="junit4.pidString" value="6815@Bills-MacBook-Pro.local"/>
      <property name="junit4.processors" value="4"/>
      <property name="junit4.tempDir" value="/Users/bhwang/elasticsearch/target"/>
      <property name="line.separator" value="
"/>
      <property name="os.arch" value="x86_64"/>
      <property name="os.name" value="Mac OS X"/>
      <property name="os.version" value="10.9.1"/>
      <property name="path.separator" value=":"/>
      <property name="socksNonProxyHosts" value="local|*.local|169.254/16|*.169.254/16"/>
      <property name="sun.arch.data.model" value="64"/>
      <property name="sun.boot.class.path" value="/Library/Java/JavaVirtualMachines/jdk1.7.0_45.jdk/Contents/Home/jre/lib/resources.jar:/Library/Java/JavaVirtualMachines/jdk1.7.0_45.jdk/Contents/Home/jre/lib/rt.jar:/Library/Java/JavaVirtualMachines/jdk1.7.0_45.jdk/Contents/Home/jre/lib/sunrsasign.jar:/Library/Java/JavaVirtualMachines/jdk1.7.0_45.jdk/Contents/Home/jre/lib/jsse.jar:/Library/Java/JavaVirtualMachines/jdk1.7.0_45.jdk/Contents/Home/jre/lib/jce.jar:/Library/Java/JavaVirtualMachines/jdk1.7.0_45.jdk/Contents/Home/jre/lib/charsets.jar:/Library/Java/JavaVirtualMachines/jdk1.7.0_45.jdk/Contents/Home/jre/lib/jfr.jar:/Library/Java/JavaVirtualMachines/jdk1.7.0_45.jdk/Contents/Home/jre/lib/JObjC.jar:/Library/Java/JavaVirtualMachines/jdk1.7.0_45.jdk/Contents/Home/jre/classes"/>
      <property name="sun.boot.library.path" value="/Library/Java/JavaVirtualMachines/jdk1.7.0_45.jdk/Contents/Home/jre/lib"/>
      <property name="sun.cpu.endian" value="little"/>
      <property name="sun.cpu.isalist" value=""/>
      <property name="sun.io.unicode.encoding" value="UnicodeBig"/>
      <property name="sun.java.command" value="com.carrotsearch.ant.tasks.junit4.slave.SlaveMainSafe -flush -eventsfile /Users/bhwang/elasticsearch/target/junit4-J0-20140218_153326_767.events @/Users/bhwang/elasticsearch/target/junit4-J0-20140218_153326_767.suites -stdin"/>
      <property name="sun.java.launcher" value="SUN_STANDARD"/>
      <property name="sun.jnu.encoding" value="UTF-8"/>
      <property name="sun.management.compiler" value="HotSpot 64-Bit Tiered Compilers"/>
      <property name="sun.os.patch.level" value="unknown"/>
      <property name="tests.appendseed" value=""/>
      <property name="tests.assertion.disabled" value=""/>
      <property name="tests.awaitsfix" value=""/>
      <property name="tests.badapples" value=""/>
      <property name="tests.class" value=""/>
      <property name="tests.client.ratio" value=""/>
      <property name="tests.cluster_seed" value=""/>
      <property name="tests.enable_mock_modules" value=""/>
      <property name="tests.failfast" value=""/>
      <property name="tests.integration" value=""/>
      <property name="tests.iters" value=""/>
      <property name="tests.jvm.argline" value=""/>
      <property name="tests.maxfailures" value=""/>
      <property name="tests.method" value=""/>
      <property name="tests.network" value=""/>
      <property name="tests.nightly" value=""/>
      <property name="tests.prefix" value="tests"/>
      <property name="tests.rest" value=""/>
      <property name="tests.rest.spec" value=""/>
      <property name="tests.rest.suite" value=""/>
      <property name="tests.security.manager" value=""/>
      <property name="tests.seed" value="A89B4FF56754358E"/>
      <property name="tests.showSuccess" value=""/>
      <property name="tests.slow" value=""/>
      <property name="tests.timeoutSuite" value=""/>
      <property name="tests.weekly" value=""/>
      <property name="user.country" value="US"/>
      <property name="user.dir" value="/Users/bhwang/elasticsearch/target/J0"/>
      <property name="user.home" value="/Users/bhwang"/>
      <property name="user.language" value="en"/>
      <property name="user.name" value="bhwang"/>
      <property name="user.timezone" value=""/>
   </properties>
   <testcase classname="org.elasticsearch.search.aggregations.bucket.DateRangeTests" name="singleValueField" time="0.627"/>
   <testcase classname="org.elasticsearch.search.aggregations.bucket.DateRangeTests" name="unmapped_WithStringDates" time="0.696"/>
   <testcase classname="org.elasticsearch.search.aggregations.bucket.DateRangeTests" name="singleValuedField_WithSubAggregation" time="1.243"/>
   <testcase classname="org.elasticsearch.search.aggregations.bucket.DateRangeTests" name="script_SingleValue" time="0.361"/>
   <testcase classname="org.elasticsearch.search.aggregations.bucket.DateRangeTests" name="singleValueField_WithDateMath" time="1.241"/>
   <testcase classname="org.elasticsearch.search.aggregations.bucket.DateRangeTests" name="partiallyUnmapped" time="0.582"/>
   <testcase classname="org.elasticsearch.search.aggregations.bucket.DateRangeTests" name="script_MultiValued" time="0.435"/>
   <testcase classname="org.elasticsearch.search.aggregations.bucket.DateRangeTests" name="dateMath" time="0.529"/>
   <testcase classname="org.elasticsearch.search.aggregations.bucket.DateRangeTests" name="singleValueField_WithStringDates" time="0.822"/>
   <testcase classname="org.elasticsearch.search.aggregations.bucket.DateRangeTests" name="multiValuedField_WithValueScript_WithInheritedSubAggregator" time="0.581"/>
   <testcase classname="org.elasticsearch.search.aggregations.bucket.DateRangeTests" name="singleValueField_WithStringDates_WithCustomFormat" time="0.575"/>
   <testcase classname="org.elasticsearch.search.aggregations.bucket.DateRangeTests" name="singleValueField_WithCustomKey" time="0.5"/>
   <testcase classname="org.elasticsearch.search.aggregations.bucket.DateRangeTests" name="multiValuedField" time="0.807"/>
   <testcase classname="org.elasticsearch.search.aggregations.bucket.DateRangeTests" name="multiValuedField_WithValueScript" time="0.489"/>
   <testcase classname="org.elasticsearch.search.aggregations.bucket.DateRangeTests" name="script_SingleValue_WithSubAggregator_Inherited" time="0.572"/>
   <testcase classname="org.elasticsearch.search.aggregations.bucket.DateRangeTests" name="script_MultiValued_WithAggregatorInherited" time="1.036"/>
   <testcase classname="org.elasticsearch.search.aggregations.bucket.DateRangeTests" name="unmapped" time="1.147"/>
   <testcase classname="org.elasticsearch.search.aggregations.bucket.DateRangeTests" name="emptyAggregation" time="0.691"/>
   <testcase classname="org.elasticsearch.search.aggregations.bucket.DateRangeTests" name="singleValuedField_WithSubAggregation_Inherited" time="0.601"/>
   <system-out><![CDATA[[2014-02-18 16:02:08,230][INFO ][test                     ] Test singleValueField(org.elasticsearch.search.aggregations.bucket.DateRangeTests) started
[2014-02-18 16:02:08,236][INFO ][plugins                  ] [transport_client_node_2] loaded [], sites []
[2014-02-18 16:02:08,271][INFO ][search.aggregations.bucket] [DateRangeTests#singleValueField]: before test
[2014-02-18 16:02:08,284][INFO ][cluster.metadata         ] [node_0] [idx] creating index, cause [api], shards [5]/[0], mappings []
[2014-02-18 16:02:08,370][INFO ][cluster.metadata         ] [node_0] [idx_unmapped] creating index, cause [api], shards [2]/[1], mappings []
[2014-02-18 16:02:08,465][INFO ][search.aggregations.bucket] Index [14] docs async: [true] bulk: [false]
[2014-02-18 16:02:08,531][INFO ][cluster.metadata         ] [node_0] [idx] update_mapping [type] (dynamic)
[2014-02-18 16:02:08,797][TRACE][action.search.type       ] [node_2] Moving to second phase, based on results from: [q75XUfcITqG3o93Z8EOFnw][idx][4],[t8Mqv-hjRzqYCBodDxtrKQ][idx][3],[tbUF3y2YTPm1TPdTF8YBYw][idx][2],[q75XUfcITqG3o93Z8EOFnw][idx][1],[t8Mqv-hjRzqYCBodDxtrKQ][idx][0] (cluster state version: 8384)
[2014-02-18 16:02:08,800][INFO ][search.aggregations.bucket] [DateRangeTests#singleValueField]: cleaning up after test
[2014-02-18 16:02:08,802][INFO ][cluster.metadata         ] [node_0] [idx_unmapped] deleting index
[2014-02-18 16:02:08,824][INFO ][cluster.metadata         ] [node_0] [idx] deleting index
[2014-02-18 16:02:08,852][INFO ][search.aggregations.bucket] [DateRangeTests#singleValueField]: cleaned up after test
[2014-02-18 16:02:08,857][INFO ][test                     ] Test singleValueField(org.elasticsearch.search.aggregations.bucket.DateRangeTests) finished
[2014-02-18 16:02:08,858][INFO ][test                     ] Test unmapped_WithStringDates(org.elasticsearch.search.aggregations.bucket.DateRangeTests) started
[2014-02-18 16:02:08,865][INFO ][search.aggregations.bucket] [DateRangeTests#unmapped_WithStringDates]: before test
[2014-02-18 16:02:08,879][INFO ][cluster.metadata         ] [node_0] [idx] creating index, cause [api], shards [3]/[1], mappings []
[2014-02-18 16:02:08,970][INFO ][cluster.metadata         ] [node_0] [idx_unmapped] creating index, cause [api], shards [2]/[0], mappings []
[2014-02-18 16:02:09,066][INFO ][search.aggregations.bucket] Index [10] docs async: [true] bulk: [false]
[2014-02-18 16:02:09,074][INFO ][cluster.metadata         ] [node_0] [idx] update_mapping [type] (dynamic)
[2014-02-18 16:02:09,495][TRACE][action.search.type       ] [node_0] Moving to second phase, based on results from: [t8Mqv-hjRzqYCBodDxtrKQ][idx_unmapped][0],[q75XUfcITqG3o93Z8EOFnw][idx_unmapped][1] (cluster state version: 8393)
[2014-02-18 16:02:09,496][INFO ][search.aggregations.bucket] [DateRangeTests#unmapped_WithStringDates]: cleaning up after test
[2014-02-18 16:02:09,497][INFO ][cluster.metadata         ] [node_0] [idx_unmapped] deleting index
[2014-02-18 16:02:09,511][INFO ][cluster.metadata         ] [node_0] [idx] deleting index
[2014-02-18 16:02:09,553][INFO ][search.aggregations.bucket] [DateRangeTests#unmapped_WithStringDates]: cleaned up after test
[2014-02-18 16:02:09,554][INFO ][test                     ] Test unmapped_WithStringDates(org.elasticsearch.search.aggregations.bucket.DateRangeTests) finished
[2014-02-18 16:02:09,555][INFO ][test                     ] Test singleValuedField_WithSubAggregation(org.elasticsearch.search.aggregations.bucket.DateRangeTests) started
[2014-02-18 16:02:09,561][INFO ][plugins                  ] [transport_client_node_1] loaded [], sites []
[2014-02-18 16:02:09,595][INFO ][plugins                  ] [transport_client_node_2] loaded [], sites []
[2014-02-18 16:02:09,620][INFO ][search.aggregations.bucket] [DateRangeTests#singleValuedField_WithSubAggregation]: before test
[2014-02-18 16:02:09,628][INFO ][cluster.metadata         ] [node_0] [idx] creating index, cause [api], shards [4]/[1], mappings []
[2014-02-18 16:02:09,723][INFO ][cluster.metadata         ] [node_0] [idx_unmapped] creating index, cause [api], shards [5]/[1], mappings []
[2014-02-18 16:02:09,885][INFO ][search.aggregations.bucket] Index [9] docs async: [true] bulk: [false]
[2014-02-18 16:02:10,449][INFO ][cluster.metadata         ] [node_0] [idx] update_mapping [type] (dynamic)
[2014-02-18 16:02:10,659][TRACE][action.search.type       ] [node_1] Moving to second phase, based on results from: [t8Mqv-hjRzqYCBodDxtrKQ][idx][0],[tbUF3y2YTPm1TPdTF8YBYw][idx][3],[q75XUfcITqG3o93Z8EOFnw][idx][2],[tbUF3y2YTPm1TPdTF8YBYw][idx][1] (cluster state version: 8406)
[2014-02-18 16:02:10,664][INFO ][search.aggregations.bucket] [DateRangeTests#singleValuedField_WithSubAggregation]: cleaning up after test
[2014-02-18 16:02:10,667][INFO ][cluster.metadata         ] [node_0] [idx_unmapped] deleting index
[2014-02-18 16:02:10,741][INFO ][cluster.metadata         ] [node_0] [idx] deleting index
[2014-02-18 16:02:10,782][INFO ][search.aggregations.bucket] [DateRangeTests#singleValuedField_WithSubAggregation]: cleaned up after test
[2014-02-18 16:02:10,798][INFO ][test                     ] Test singleValuedField_WithSubAggregation(org.elasticsearch.search.aggregations.bucket.DateRangeTests) finished
[2014-02-18 16:02:10,799][INFO ][test                     ] Test script_SingleValue(org.elasticsearch.search.aggregations.bucket.DateRangeTests) started
[2014-02-18 16:02:10,810][INFO ][plugins                  ] [transport_client_node_0] loaded [], sites []
[2014-02-18 16:02:10,841][INFO ][plugins                  ] [transport_client_node_1] loaded [], sites []
[2014-02-18 16:02:10,864][INFO ][plugins                  ] [transport_client_node_2] loaded [], sites []
[2014-02-18 16:02:10,888][INFO ][search.aggregations.bucket] [DateRangeTests#script_SingleValue]: before test
[2014-02-18 16:02:10,897][INFO ][cluster.metadata         ] [node_0] [idx] creating index, cause [api], shards [1]/[0], mappings []
[2014-02-18 16:02:10,926][INFO ][cluster.metadata         ] [node_0] [idx_unmapped] creating index, cause [api], shards [2]/[0], mappings []
[2014-02-18 16:02:10,978][INFO ][search.aggregations.bucket] Index [17] docs async: [true] bulk: [false]
[2014-02-18 16:02:11,032][INFO ][cluster.metadata         ] [node_0] [idx] update_mapping [type] (dynamic)
[2014-02-18 16:02:11,105][TRACE][action.search.type       ] [node_1] Moving to second phase, based on results from: [t8Mqv-hjRzqYCBodDxtrKQ][idx][0] (cluster state version: 8415)
[2014-02-18 16:02:11,107][INFO ][search.aggregations.bucket] [DateRangeTests#script_SingleValue]: cleaning up after test
[2014-02-18 16:02:11,108][INFO ][cluster.metadata         ] [node_0] [idx_unmapped] deleting index
[2014-02-18 16:02:11,122][INFO ][cluster.metadata         ] [node_0] [idx] deleting index
[2014-02-18 16:02:11,142][INFO ][search.aggregations.bucket] [DateRangeTests#script_SingleValue]: cleaned up after test
[2014-02-18 16:02:11,160][INFO ][test                     ] Test script_SingleValue(org.elasticsearch.search.aggregations.bucket.DateRangeTests) finished
[2014-02-18 16:02:11,160][INFO ][test                     ] Test singleValueField_WithDateMath(org.elasticsearch.search.aggregations.bucket.DateRangeTests) started
[2014-02-18 16:02:11,164][INFO ][search.aggregations.bucket] [DateRangeTests#singleValueField_WithDateMath]: before test
[2014-02-18 16:02:11,178][INFO ][cluster.metadata         ] [node_0] [idx] creating index, cause [api], shards [4]/[1], mappings []
[2014-02-18 16:02:11,331][INFO ][cluster.metadata         ] [node_0] [idx_unmapped] creating index, cause [api], shards [5]/[1], mappings []
[2014-02-18 16:02:11,486][INFO ][search.aggregations.bucket] Index [16] docs async: [true] bulk: [false]
[2014-02-18 16:02:12,232][INFO ][cluster.metadata         ] [node_0] [idx] update_mapping [type] (dynamic)
[2014-02-18 16:02:12,321][TRACE][action.search.type       ] [node_0] Moving to second phase, based on results from: [q75XUfcITqG3o93Z8EOFnw][idx][0],[tbUF3y2YTPm1TPdTF8YBYw][idx][3],[tbUF3y2YTPm1TPdTF8YBYw][idx][2],[q75XUfcITqG3o93Z8EOFnw][idx][1] (cluster state version: 8425)
[2014-02-18 16:02:12,323][INFO ][search.aggregations.bucket] [DateRangeTests#singleValueField_WithDateMath]: cleaning up after test
[2014-02-18 16:02:12,324][INFO ][cluster.metadata         ] [node_0] [idx_unmapped] deleting index
[2014-02-18 16:02:12,359][INFO ][cluster.metadata         ] [node_0] [idx] deleting index
[2014-02-18 16:02:12,400][INFO ][search.aggregations.bucket] [DateRangeTests#singleValueField_WithDateMath]: cleaned up after test
[2014-02-18 16:02:12,400][INFO ][test                     ] Test singleValueField_WithDateMath(org.elasticsearch.search.aggregations.bucket.DateRangeTests) finished
[2014-02-18 16:02:12,401][INFO ][test                     ] Test partiallyUnmapped(org.elasticsearch.search.aggregations.bucket.DateRangeTests) started
[2014-02-18 16:02:12,407][INFO ][plugins                  ] [transport_client_node_0] loaded [], sites []
[2014-02-18 16:02:12,434][INFO ][plugins                  ] [transport_client_node_1] loaded [], sites []
[2014-02-18 16:02:12,466][INFO ][search.aggregations.bucket] [DateRangeTests#partiallyUnmapped]: before test
[2014-02-18 16:02:12,478][INFO ][cluster.metadata         ] [node_0] [idx] creating index, cause [api], shards [1]/[1], mappings []
[2014-02-18 16:02:12,510][INFO ][plugins                  ] [transport_client_node_2] loaded [], sites []
[2014-02-18 16:02:12,556][INFO ][cluster.metadata         ] [node_0] [idx_unmapped] creating index, cause [api], shards [5]/[0], mappings []
[2014-02-18 16:02:12,690][INFO ][search.aggregations.bucket] Index [16] docs async: [true] bulk: [false]
[2014-02-18 16:02:12,716][INFO ][cluster.metadata         ] [node_0] [idx] update_mapping [type] (dynamic)
[2014-02-18 16:02:12,922][TRACE][action.search.type       ] [node_1] Moving to second phase, based on results from: [tbUF3y2YTPm1TPdTF8YBYw][idx_unmapped][0],[q75XUfcITqG3o93Z8EOFnw][idx_unmapped][1],[t8Mqv-hjRzqYCBodDxtrKQ][idx][0],[t8Mqv-hjRzqYCBodDxtrKQ][idx_unmapped][2],[tbUF3y2YTPm1TPdTF8YBYw][idx_unmapped][3],[q75XUfcITqG3o93Z8EOFnw][idx_unmapped][4] (cluster state version: 8434)
[2014-02-18 16:02:12,924][INFO ][search.aggregations.bucket] [DateRangeTests#partiallyUnmapped]: cleaning up after test
[2014-02-18 16:02:12,926][INFO ][cluster.metadata         ] [node_0] [idx_unmapped] deleting index
[2014-02-18 16:02:12,948][INFO ][cluster.metadata         ] [node_0] [idx] deleting index
[2014-02-18 16:02:12,967][INFO ][search.aggregations.bucket] [DateRangeTests#partiallyUnmapped]: cleaned up after test
[2014-02-18 16:02:12,983][INFO ][test                     ] Test partiallyUnmapped(org.elasticsearch.search.aggregations.bucket.DateRangeTests) finished
[2014-02-18 16:02:12,983][INFO ][test                     ] Test script_MultiValued(org.elasticsearch.search.aggregations.bucket.DateRangeTests) started
[2014-02-18 16:02:12,988][INFO ][search.aggregations.bucket] [DateRangeTests#script_MultiValued]: before test
[2014-02-18 16:02:13,001][INFO ][cluster.metadata         ] [node_0] [idx] creating index, cause [api], shards [1]/[1], mappings []
[2014-02-18 16:02:13,092][INFO ][cluster.metadata         ] [node_0] [idx_unmapped] creating index, cause [api], shards [3]/[0], mappings []
[2014-02-18 16:02:13,184][INFO ][search.aggregations.bucket] Index [19] docs async: [true] bulk: [false]
[2014-02-18 16:02:13,205][INFO ][cluster.metadata         ] [node_0] [idx] update_mapping [type] (dynamic)
[2014-02-18 16:02:13,387][TRACE][action.search.type       ] [node_1] Moving to second phase, based on results from: [q75XUfcITqG3o93Z8EOFnw][idx][0] (cluster state version: 8443)
[2014-02-18 16:02:13,388][INFO ][search.aggregations.bucket] [DateRangeTests#script_MultiValued]: cleaning up after test
[2014-02-18 16:02:13,389][INFO ][cluster.metadata         ] [node_0] [idx_unmapped] deleting index
[2014-02-18 16:02:13,406][INFO ][cluster.metadata         ] [node_0] [idx] deleting index
[2014-02-18 16:02:13,417][INFO ][search.aggregations.bucket] [DateRangeTests#script_MultiValued]: cleaned up after test
[2014-02-18 16:02:13,418][INFO ][test                     ] Test script_MultiValued(org.elasticsearch.search.aggregations.bucket.DateRangeTests) finished
[2014-02-18 16:02:13,418][INFO ][test                     ] Test dateMath(org.elasticsearch.search.aggregations.bucket.DateRangeTests) started
[2014-02-18 16:02:13,422][INFO ][search.aggregations.bucket] [DateRangeTests#dateMath]: before test
[2014-02-18 16:02:13,431][INFO ][cluster.metadata         ] [node_0] [idx] creating index, cause [api], shards [2]/[1], mappings []
[2014-02-18 16:02:13,495][INFO ][cluster.metadata         ] [node_0] [idx_unmapped] creating index, cause [api], shards [1]/[0], mappings []
[2014-02-18 16:02:13,515][INFO ][search.aggregations.bucket] Index [8] docs async: [true] bulk: [false]
[2014-02-18 16:02:13,836][INFO ][cluster.metadata         ] [node_0] [idx] update_mapping [type] (dynamic)
[2014-02-18 16:02:13,906][TRACE][action.search.type       ] [node_2] Moving to second phase, based on results from: [tbUF3y2YTPm1TPdTF8YBYw][idx][0],[q75XUfcITqG3o93Z8EOFnw][idx][1] (cluster state version: 8452)
[2014-02-18 16:02:13,909][INFO ][search.aggregations.bucket] [DateRangeTests#dateMath]: cleaning up after test
[2014-02-18 16:02:13,911][INFO ][cluster.metadata         ] [node_0] [idx_unmapped] deleting index
[2014-02-18 16:02:13,920][INFO ][cluster.metadata         ] [node_0] [idx] deleting index
[2014-02-18 16:02:13,946][INFO ][search.aggregations.bucket] [DateRangeTests#dateMath]: cleaned up after test
[2014-02-18 16:02:13,947][INFO ][test                     ] Test dateMath(org.elasticsearch.search.aggregations.bucket.DateRangeTests) finished
[2014-02-18 16:02:13,947][INFO ][test                     ] Test singleValueField_WithStringDates(org.elasticsearch.search.aggregations.bucket.DateRangeTests) started
[2014-02-18 16:02:13,950][INFO ][plugins                  ] [transport_client_node_1] loaded [], sites []
[2014-02-18 16:02:13,983][INFO ][plugins                  ] [transport_client_node_2] loaded [], sites []
[2014-02-18 16:02:14,062][INFO ][plugins                  ] [transport_client_node_0] loaded [], sites []
[2014-02-18 16:02:14,099][INFO ][search.aggregations.bucket] [DateRangeTests#singleValueField_WithStringDates]: before test
[2014-02-18 16:02:14,111][INFO ][cluster.metadata         ] [node_0] [idx] creating index, cause [api], shards [5]/[0], mappings []
[2014-02-18 16:02:14,184][INFO ][cluster.metadata         ] [node_0] [idx_unmapped] creating index, cause [api], shards [2]/[1], mappings []
[2014-02-18 16:02:14,275][INFO ][search.aggregations.bucket] Index [18] docs async: [true] bulk: [false]
[2014-02-18 16:02:14,338][INFO ][cluster.metadata         ] [node_0] [idx] update_mapping [type] (dynamic)
[2014-02-18 16:02:14,699][TRACE][action.search.type       ] [node_2] Moving to second phase, based on results from: [q75XUfcITqG3o93Z8EOFnw][idx][4],[t8Mqv-hjRzqYCBodDxtrKQ][idx][3],[tbUF3y2YTPm1TPdTF8YBYw][idx][2],[q75XUfcITqG3o93Z8EOFnw][idx][1],[t8Mqv-hjRzqYCBodDxtrKQ][idx][0] (cluster state version: 8463)
[2014-02-18 16:02:14,702][INFO ][search.aggregations.bucket] [DateRangeTests#singleValueField_WithStringDates]: cleaning up after test
[2014-02-18 16:02:14,704][INFO ][cluster.metadata         ] [node_0] [idx_unmapped] deleting index
[2014-02-18 16:02:14,723][INFO ][cluster.metadata         ] [node_0] [idx] deleting index
[2014-02-18 16:02:14,758][INFO ][search.aggregations.bucket] [DateRangeTests#singleValueField_WithStringDates]: cleaned up after test
[2014-02-18 16:02:14,769][INFO ][test                     ] Test singleValueField_WithStringDates(org.elasticsearch.search.aggregations.bucket.DateRangeTests) finished
[2014-02-18 16:02:14,770][INFO ][test                     ] Test multiValuedField_WithValueScript_WithInheritedSubAggregator(org.elasticsearch.search.aggregations.bucket.DateRangeTests) started
[2014-02-18 16:02:14,773][INFO ][plugins                  ] [transport_client_node_0] loaded [], sites []
[2014-02-18 16:02:14,802][INFO ][plugins                  ] [transport_client_node_2] loaded [], sites []
[2014-02-18 16:02:14,828][INFO ][search.aggregations.bucket] [DateRangeTests#multiValuedField_WithValueScript_WithInheritedSubAggregator]: before test
[2014-02-18 16:02:14,830][INFO ][plugins                  ] [transport_client_node_1] loaded [], sites []
[2014-02-18 16:02:14,860][INFO ][cluster.metadata         ] [node_0] [idx] creating index, cause [api], shards [3]/[1], mappings []
[2014-02-18 16:02:14,929][INFO ][cluster.metadata         ] [node_0] [idx_unmapped] creating index, cause [api], shards [4]/[0], mappings []
[2014-02-18 16:02:15,021][INFO ][search.aggregations.bucket] Index [12] docs async: [false] bulk: [false]
[2014-02-18 16:02:15,024][INFO ][cluster.metadata         ] [node_0] [idx] update_mapping [type] (dynamic)
[2014-02-18 16:02:15,232][TRACE][action.search.type       ] [node_0] Moving to second phase, based on results from: [q75XUfcITqG3o93Z8EOFnw][idx][0],[tbUF3y2YTPm1TPdTF8YBYw][idx][2],[q75XUfcITqG3o93Z8EOFnw][idx][1] (cluster state version: 8472)
[2014-02-18 16:02:15,239][INFO ][search.aggregations.bucket] [DateRangeTests#multiValuedField_WithValueScript_WithInheritedSubAggregator]: cleaning up after test
[2014-02-18 16:02:15,240][INFO ][cluster.metadata         ] [node_0] [idx_unmapped] deleting index
[2014-02-18 16:02:15,264][INFO ][cluster.metadata         ] [node_0] [idx] deleting index
[2014-02-18 16:02:15,337][INFO ][search.aggregations.bucket] [DateRangeTests#multiValuedField_WithValueScript_WithInheritedSubAggregator]: cleaned up after test
[2014-02-18 16:02:15,350][INFO ][test                     ] Test multiValuedField_WithValueScript_WithInheritedSubAggregator(org.elasticsearch.search.aggregations.bucket.DateRangeTests) finished
[2014-02-18 16:02:15,350][INFO ][test                     ] Test singleValueField_WithStringDates_WithCustomFormat(org.elasticsearch.search.aggregations.bucket.DateRangeTests) started
[2014-02-18 16:02:15,354][INFO ][plugins                  ] [transport_client_node_2] loaded [], sites []
[2014-02-18 16:02:15,378][INFO ][search.aggregations.bucket] [DateRangeTests#singleValueField_WithStringDates_WithCustomFormat]: before test
[2014-02-18 16:02:15,385][INFO ][cluster.metadata         ] [node_0] [idx] creating index, cause [api], shards [4]/[0], mappings []
[2014-02-18 16:02:15,453][INFO ][plugins                  ] [transport_client_node_0] loaded [], sites []
[2014-02-18 16:02:15,496][INFO ][cluster.metadata         ] [node_0] [idx_unmapped] creating index, cause [api], shards [3]/[1], mappings []
[2014-02-18 16:02:15,537][INFO ][search.aggregations.bucket] Index [14] docs async: [true] bulk: [false]
[2014-02-18 16:02:15,603][INFO ][cluster.metadata         ] [node_0] [idx] update_mapping [type] (dynamic)
[2014-02-18 16:02:15,867][TRACE][action.search.type       ] [node_1] Moving to second phase, based on results from: [t8Mqv-hjRzqYCBodDxtrKQ][idx][0],[t8Mqv-hjRzqYCBodDxtrKQ][idx][3],[tbUF3y2YTPm1TPdTF8YBYw][idx][2],[q75XUfcITqG3o93Z8EOFnw][idx][1] (cluster state version: 8485)
[2014-02-18 16:02:15,870][INFO ][search.aggregations.bucket] [DateRangeTests#singleValueField_WithStringDates_WithCustomFormat]: cleaning up after test
[2014-02-18 16:02:15,872][INFO ][cluster.metadata         ] [node_0] [idx_unmapped] deleting index
[2014-02-18 16:02:15,895][INFO ][cluster.metadata         ] [node_0] [idx] deleting index
[2014-02-18 16:02:15,917][INFO ][search.aggregations.bucket] [DateRangeTests#singleValueField_WithStringDates_WithCustomFormat]: cleaned up after test
[2014-02-18 16:02:15,925][INFO ][test                     ] Test singleValueField_WithStringDates_WithCustomFormat(org.elasticsearch.search.aggregations.bucket.DateRangeTests) finished
[2014-02-18 16:02:15,925][INFO ][test                     ] Test singleValueField_WithCustomKey(org.elasticsearch.search.aggregations.bucket.DateRangeTests) started
[2014-02-18 16:02:15,930][INFO ][plugins                  ] [transport_client_node_2] loaded [], sites []
[2014-02-18 16:02:15,958][INFO ][search.aggregations.bucket] [DateRangeTests#singleValueField_WithCustomKey]: before test
[2014-02-18 16:02:15,970][INFO ][cluster.metadata         ] [node_0] [idx] creating index, cause [api], shards [2]/[1], mappings []
[2014-02-18 16:02:16,002][INFO ][plugins                  ] [transport_client_node_1] loaded [], sites []
[2014-02-18 16:02:16,057][INFO ][cluster.metadata         ] [node_0] [idx_unmapped] creating index, cause [api], shards [2]/[0], mappings []
[2014-02-18 16:02:16,086][INFO ][plugins                  ] [transport_client_node_0] loaded [], sites []
[2014-02-18 16:02:16,120][INFO ][search.aggregations.bucket] Index [8] docs async: [true] bulk: [false]
[2014-02-18 16:02:16,126][INFO ][cluster.metadata         ] [node_0] [idx] update_mapping [type] (dynamic)
[2014-02-18 16:02:16,376][TRACE][action.search.type       ] [node_0] Moving to second phase, based on results from: [tbUF3y2YTPm1TPdTF8YBYw][idx][0],[tbUF3y2YTPm1TPdTF8YBYw][idx][1] (cluster state version: 8495)
[2014-02-18 16:02:16,377][INFO ][search.aggregations.bucket] [DateRangeTests#singleValueField_WithCustomKey]: cleaning up after test
[2014-02-18 16:02:16,379][INFO ][cluster.metadata         ] [node_0] [idx_unmapped] deleting index
[2014-02-18 16:02:16,387][INFO ][cluster.metadata         ] [node_0] [idx] deleting index
[2014-02-18 16:02:16,415][INFO ][search.aggregations.bucket] [DateRangeTests#singleValueField_WithCustomKey]: cleaned up after test
[2014-02-18 16:02:16,425][INFO ][test                     ] Test singleValueField_WithCustomKey(org.elasticsearch.search.aggregations.bucket.DateRangeTests) finished
[2014-02-18 16:02:16,425][INFO ][test                     ] Test multiValuedField(org.elasticsearch.search.aggregations.bucket.DateRangeTests) started
[2014-02-18 16:02:16,429][INFO ][search.aggregations.bucket] [DateRangeTests#multiValuedField]: before test
[2014-02-18 16:02:16,440][INFO ][cluster.metadata         ] [node_0] [idx] creating index, cause [api], shards [4]/[0], mappings []
[2014-02-18 16:02:16,503][INFO ][cluster.metadata         ] [node_0] [idx_unmapped] creating index, cause [api], shards [4]/[1], mappings []
[2014-02-18 16:02:16,601][INFO ][search.aggregations.bucket] Index [16] docs async: [true] bulk: [false]
[2014-02-18 16:02:16,698][INFO ][cluster.metadata         ] [node_0] [idx] update_mapping [type] (dynamic)
[2014-02-18 16:02:17,172][TRACE][action.search.type       ] [node_1] Moving to second phase, based on results from: [t8Mqv-hjRzqYCBodDxtrKQ][idx][0],[t8Mqv-hjRzqYCBodDxtrKQ][idx][3],[tbUF3y2YTPm1TPdTF8YBYw][idx][2],[q75XUfcITqG3o93Z8EOFnw][idx][1] (cluster state version: 8509)
[2014-02-18 16:02:17,174][INFO ][search.aggregations.bucket] [DateRangeTests#multiValuedField]: cleaning up after test
[2014-02-18 16:02:17,175][INFO ][cluster.metadata         ] [node_0] [idx_unmapped] deleting index
[2014-02-18 16:02:17,208][INFO ][cluster.metadata         ] [node_0] [idx] deleting index
[2014-02-18 16:02:17,231][INFO ][search.aggregations.bucket] [DateRangeTests#multiValuedField]: cleaned up after test
[2014-02-18 16:02:17,232][INFO ][test                     ] Test multiValuedField(org.elasticsearch.search.aggregations.bucket.DateRangeTests) finished
[2014-02-18 16:02:17,232][INFO ][test                     ] Test multiValuedField_WithValueScript(org.elasticsearch.search.aggregations.bucket.DateRangeTests) started
[2014-02-18 16:02:17,237][INFO ][search.aggregations.bucket] [DateRangeTests#multiValuedField_WithValueScript]: before test
[2014-02-18 16:02:17,246][INFO ][cluster.metadata         ] [node_0] [idx] creating index, cause [api], shards [5]/[0], mappings []
[2014-02-18 16:02:17,316][INFO ][plugins                  ] [transport_client_node_2] loaded [], sites []
[2014-02-18 16:02:17,344][INFO ][cluster.metadata         ] [node_0] [idx_unmapped] creating index, cause [api], shards [3]/[1], mappings []
[2014-02-18 16:02:17,426][INFO ][search.aggregations.bucket] Index [9] docs async: [true] bulk: [false]
[2014-02-18 16:02:17,476][INFO ][cluster.metadata         ] [node_0] [idx] update_mapping [type] (dynamic)
[2014-02-18 16:02:17,654][TRACE][action.search.type       ] [node_0] Moving to second phase, based on results from: [q75XUfcITqG3o93Z8EOFnw][idx][4],[t8Mqv-hjRzqYCBodDxtrKQ][idx][3],[tbUF3y2YTPm1TPdTF8YBYw][idx][2],[q75XUfcITqG3o93Z8EOFnw][idx][1],[t8Mqv-hjRzqYCBodDxtrKQ][idx][0] (cluster state version: 8521)
[2014-02-18 16:02:17,656][INFO ][search.aggregations.bucket] [DateRangeTests#multiValuedField_WithValueScript]: cleaning up after test
[2014-02-18 16:02:17,657][INFO ][cluster.metadata         ] [node_0] [idx_unmapped] deleting index
[2014-02-18 16:02:17,684][INFO ][cluster.metadata         ] [node_0] [idx] deleting index
[2014-02-18 16:02:17,715][INFO ][search.aggregations.bucket] [DateRangeTests#multiValuedField_WithValueScript]: cleaned up after test
[2014-02-18 16:02:17,721][INFO ][test                     ] Test multiValuedField_WithValueScript(org.elasticsearch.search.aggregations.bucket.DateRangeTests) finished
[2014-02-18 16:02:17,722][INFO ][test                     ] Test script_SingleValue_WithSubAggregator_Inherited(org.elasticsearch.search.aggregations.bucket.DateRangeTests) started
[2014-02-18 16:02:17,728][INFO ][plugins                  ] [transport_client_node_0] loaded [], sites []
[2014-02-18 16:02:17,759][INFO ][search.aggregations.bucket] [DateRangeTests#script_SingleValue_WithSubAggregator_Inherited]: before test
[2014-02-18 16:02:17,769][INFO ][cluster.metadata         ] [node_0] [idx] creating index, cause [api], shards [5]/[0], mappings []
[2014-02-18 16:02:17,859][INFO ][cluster.metadata         ] [node_0] [idx_unmapped] creating index, cause [api], shards [5]/[0], mappings []
[2014-02-18 16:02:17,949][INFO ][search.aggregations.bucket] Index [19] docs async: [true] bulk: [false]
[2014-02-18 16:02:17,960][INFO ][cluster.metadata         ] [node_0] [idx] update_mapping [type] (dynamic)
[2014-02-18 16:02:18,217][TRACE][action.search.type       ] [node_0] Moving to second phase, based on results from: [q75XUfcITqG3o93Z8EOFnw][idx][4],[t8Mqv-hjRzqYCBodDxtrKQ][idx][3],[tbUF3y2YTPm1TPdTF8YBYw][idx][2],[q75XUfcITqG3o93Z8EOFnw][idx][1],[t8Mqv-hjRzqYCBodDxtrKQ][idx][0] (cluster state version: 8530)
[2014-02-18 16:02:18,223][INFO ][search.aggregations.bucket] [DateRangeTests#script_SingleValue_WithSubAggregator_Inherited]: cleaning up after test
[2014-02-18 16:02:18,224][INFO ][cluster.metadata         ] [node_0] [idx_unmapped] deleting index
[2014-02-18 16:02:18,260][INFO ][cluster.metadata         ] [node_0] [idx] deleting index
[2014-02-18 16:02:18,288][INFO ][search.aggregations.bucket] [DateRangeTests#script_SingleValue_WithSubAggregator_Inherited]: cleaned up after test
[2014-02-18 16:02:18,293][INFO ][test                     ] Test script_SingleValue_WithSubAggregator_Inherited(org.elasticsearch.search.aggregations.bucket.DateRangeTests) finished
[2014-02-18 16:02:18,294][INFO ][test                     ] Test script_MultiValued_WithAggregatorInherited(org.elasticsearch.search.aggregations.bucket.DateRangeTests) started
[2014-02-18 16:02:18,299][INFO ][search.aggregations.bucket] [DateRangeTests#script_MultiValued_WithAggregatorInherited]: before test
[2014-02-18 16:02:18,302][INFO ][plugins                  ] [transport_client_node_2] loaded [], sites []
[2014-02-18 16:02:18,335][INFO ][cluster.metadata         ] [node_0] [idx] creating index, cause [api], shards [4]/[1], mappings []
[2014-02-18 16:02:18,420][INFO ][cluster.metadata         ] [node_0] [idx_unmapped] creating index, cause [api], shards [4]/[1], mappings []
[2014-02-18 16:02:18,529][INFO ][search.aggregations.bucket] Index [17] docs async: [true] bulk: [false]
[2014-02-18 16:02:19,195][INFO ][cluster.metadata         ] [node_0] [idx] update_mapping [type] (dynamic)
[2014-02-18 16:02:19,234][TRACE][action.search.type       ] [node_0] Moving to second phase, based on results from: [q75XUfcITqG3o93Z8EOFnw][idx][0],[tbUF3y2YTPm1TPdTF8YBYw][idx][3],[tbUF3y2YTPm1TPdTF8YBYw][idx][2],[tbUF3y2YTPm1TPdTF8YBYw][idx][1] (cluster state version: 8542)
[2014-02-18 16:02:19,238][INFO ][search.aggregations.bucket] [DateRangeTests#script_MultiValued_WithAggregatorInherited]: cleaning up after test
[2014-02-18 16:02:19,239][INFO ][cluster.metadata         ] [node_0] [idx_unmapped] deleting index
[2014-02-18 16:02:19,276][INFO ][cluster.metadata         ] [node_0] [idx] deleting index
[2014-02-18 16:02:19,325][INFO ][search.aggregations.bucket] [DateRangeTests#script_MultiValued_WithAggregatorInherited]: cleaned up after test
[2014-02-18 16:02:19,330][INFO ][test                     ] Test script_MultiValued_WithAggregatorInherited(org.elasticsearch.search.aggregations.bucket.DateRangeTests) finished
[2014-02-18 16:02:19,330][INFO ][test                     ] Test unmapped(org.elasticsearch.search.aggregations.bucket.DateRangeTests) started
[2014-02-18 16:02:19,335][INFO ][plugins                  ] [transport_client_node_1] loaded [], sites []
[2014-02-18 16:02:19,363][INFO ][plugins                  ] [transport_client_node_2] loaded [], sites []
[2014-02-18 16:02:19,390][INFO ][search.aggregations.bucket] [DateRangeTests#unmapped]: before test
[2014-02-18 16:02:19,391][INFO ][plugins                  ] [transport_client_node_0] loaded [], sites []
[2014-02-18 16:02:19,419][INFO ][cluster.metadata         ] [node_0] [idx] creating index, cause [api], shards [5]/[1], mappings []
[2014-02-18 16:02:19,528][INFO ][cluster.metadata         ] [node_0] [idx_unmapped] creating index, cause [api], shards [5]/[0], mappings []
[2014-02-18 16:02:19,655][INFO ][search.aggregations.bucket] Index [17] docs async: [true] bulk: [false]
[2014-02-18 16:02:20,201][INFO ][cluster.metadata         ] [node_0] [idx] update_mapping [type] (dynamic)
[2014-02-18 16:02:20,407][TRACE][action.search.type       ] [node_0] Moving to second phase, based on results from: [q75XUfcITqG3o93Z8EOFnw][idx_unmapped][0],[t8Mqv-hjRzqYCBodDxtrKQ][idx_unmapped][1],[q75XUfcITqG3o93Z8EOFnw][idx_unmapped][2],[tbUF3y2YTPm1TPdTF8YBYw][idx_unmapped][3],[t8Mqv-hjRzqYCBodDxtrKQ][idx_unmapped][4] (cluster state version: 8553)
[2014-02-18 16:02:20,409][INFO ][search.aggregations.bucket] [DateRangeTests#unmapped]: cleaning up after test
[2014-02-18 16:02:20,410][INFO ][cluster.metadata         ] [node_0] [idx_unmapped] deleting index
[2014-02-18 16:02:20,426][INFO ][cluster.metadata         ] [node_0] [idx] deleting index
[2014-02-18 16:02:20,467][INFO ][search.aggregations.bucket] [DateRangeTests#unmapped]: cleaned up after test
[2014-02-18 16:02:20,477][INFO ][test                     ] Test unmapped(org.elasticsearch.search.aggregations.bucket.DateRangeTests) finished
[2014-02-18 16:02:20,478][INFO ][test                     ] Test emptyAggregation(org.elasticsearch.search.aggregations.bucket.DateRangeTests) started
[2014-02-18 16:02:20,481][INFO ][plugins                  ] [transport_client_node_0] loaded [], sites []
[2014-02-18 16:02:20,522][INFO ][search.aggregations.bucket] [DateRangeTests#emptyAggregation]: before test
[2014-02-18 16:02:20,533][INFO ][cluster.metadata         ] [node_0] [idx] creating index, cause [api], shards [4]/[1], mappings []
[2014-02-18 16:02:20,581][INFO ][plugins                  ] [transport_client_node_2] loaded [], sites []
[2014-02-18 16:02:20,682][INFO ][cluster.metadata         ] [node_0] [idx_unmapped] creating index, cause [api], shards [1]/[1], mappings []
[2014-02-18 16:02:20,710][INFO ][search.aggregations.bucket] Index [18] docs async: [false] bulk: [true]
[2014-02-18 16:02:20,958][INFO ][cluster.metadata         ] [node_0] [idx] update_mapping [type] (dynamic)
[2014-02-18 16:02:20,994][INFO ][cluster.metadata         ] [node_0] [empty_bucket_idx] creating index, cause [api], shards [2]/[0], mappings [type]
[2014-02-18 16:02:21,045][INFO ][search.aggregations.bucket] Index [2] docs async: [true] bulk: [false]
[2014-02-18 16:02:21,073][TRACE][action.search.type       ] [node_2] Moving to second phase, based on results from: [tbUF3y2YTPm1TPdTF8YBYw][empty_bucket_idx][0],[t8Mqv-hjRzqYCBodDxtrKQ][empty_bucket_idx][1] (cluster state version: 8565)
[2014-02-18 16:02:21,075][INFO ][search.aggregations.bucket] [DateRangeTests#emptyAggregation]: cleaning up after test
[2014-02-18 16:02:21,076][INFO ][cluster.metadata         ] [node_0] [idx_unmapped] deleting index
[2014-02-18 16:02:21,089][INFO ][cluster.metadata         ] [node_0] [idx] deleting index
[2014-02-18 16:02:21,149][INFO ][cluster.metadata         ] [node_0] [empty_bucket_idx] deleting index
[2014-02-18 16:02:21,162][INFO ][search.aggregations.bucket] [DateRangeTests#emptyAggregation]: cleaned up after test
[2014-02-18 16:02:21,169][INFO ][test                     ] Test emptyAggregation(org.elasticsearch.search.aggregations.bucket.DateRangeTests) finished
[2014-02-18 16:02:21,170][INFO ][test                     ] Test singleValuedField_WithSubAggregation_Inherited(org.elasticsearch.search.aggregations.bucket.DateRangeTests) started
[2014-02-18 16:02:21,174][INFO ][plugins                  ] [transport_client_node_2] loaded [], sites []
[2014-02-18 16:02:21,197][INFO ][plugins                  ] [transport_client_node_1] loaded [], sites []
[2014-02-18 16:02:21,221][INFO ][search.aggregations.bucket] [DateRangeTests#singleValuedField_WithSubAggregation_Inherited]: before test
[2014-02-18 16:02:21,229][INFO ][cluster.metadata         ] [node_0] [idx] creating index, cause [api], shards [4]/[1], mappings []
[2014-02-18 16:02:21,363][INFO ][cluster.metadata         ] [node_0] [idx_unmapped] creating index, cause [api], shards [1]/[1], mappings []
[2014-02-18 16:02:21,419][INFO ][plugins                  ] [transport_client_node_0] loaded [], sites []
[2014-02-18 16:02:21,457][INFO ][search.aggregations.bucket] Index [14] docs async: [true] bulk: [false]
[2014-02-18 16:02:21,701][INFO ][cluster.metadata         ] [node_0] [idx] update_mapping [type] (dynamic)
[2014-02-18 16:02:21,704][TRACE][action.search.type       ] [node_0] Moving to second phase, based on results from: [t8Mqv-hjRzqYCBodDxtrKQ][idx][0],[t8Mqv-hjRzqYCBodDxtrKQ][idx][3],[tbUF3y2YTPm1TPdTF8YBYw][idx][2],[q75XUfcITqG3o93Z8EOFnw][idx][1] (cluster state version: 8576)
[2014-02-18 16:02:21,706][INFO ][search.aggregations.bucket] [DateRangeTests#singleValuedField_WithSubAggregation_Inherited]: cleaning up after test
[2014-02-18 16:02:21,708][INFO ][cluster.metadata         ] [node_0] [idx_unmapped] deleting index
[2014-02-18 16:02:21,714][INFO ][cluster.metadata         ] [node_0] [idx] deleting index
[2014-02-18 16:02:21,758][INFO ][search.aggregations.bucket] [DateRangeTests#singleValuedField_WithSubAggregation_Inherited]: cleaned up after test
[2014-02-18 16:02:21,771][INFO ][test                     ] Test singleValuedField_WithSubAggregation_Inherited(org.elasticsearch.search.aggregations.bucket.DateRangeTests) finished
]]></system-out>
   <system-err><![CDATA[]]></system-err>
</testsuite>