<testsuite errors="0" failures="0" tests="4" skipped="0" name="org.elasticsearch.search.aggregations.bucket.FilterTests" hostname="nohost.nodomain" time="1.632" timestamp="2014-02-18T16:12:24">
   <properties class="java.util.ArrayList">
      <property name="awt.toolkit" value="sun.lwawt.macosx.LWCToolkit"/>
      <property name="es.logger.level" value="INFO"/>
      <property name="es.logger.prefix" value=""/>
      <property name="es.node.local" value=""/>
      <property name="es.node.mode" value=""/>
      <property name="file.encoding" value="UTF-8"/>
      <property name="file.encoding.pkg" value="sun.io"/>
      <property name="file.separator" value="/"/>
      <property name="ftp.nonProxyHosts" value="local|*.local|169.254/16|*.169.254/16"/>
      <property name="gopherProxySet" value="false"/>
      <property name="http.nonProxyHosts" value="local|*.local|169.254/16|*.169.254/16"/>
      <property name="java.awt.graphicsenv" value="sun.awt.CGraphicsEnvironment"/>
      <property name="java.awt.headless" value="true"/>
      <property name="java.awt.printerjob" value="sun.lwawt.macosx.CPrinterJob"/>
      <property name="java.class.path" value="/Users/bhwang/elasticsearch/target/test-classes:/Users/bhwang/elasticsearch/target/classes:/Users/bhwang/.m2/repository/org/hamcrest/hamcrest-all/1.3/hamcrest-all-1.3.jar:/Users/bhwang/.m2/repository/com/carrotsearch/randomizedtesting/randomizedtesting-runner/2.0.15/randomizedtesting-runner-2.0.15.jar:/Users/bhwang/.m2/repository/junit/junit/4.10/junit-4.10.jar:/Users/bhwang/.m2/repository/org/apache/lucene/lucene-test-framework/4.6.1/lucene-test-framework-4.6.1.jar:/Users/bhwang/.m2/repository/org/apache/lucene/lucene-expressions/4.6.1/lucene-expressions-4.6.1.jar:/Users/bhwang/.m2/repository/org/antlr/antlr-runtime/3.5/antlr-runtime-3.5.jar:/Users/bhwang/.m2/repository/org/ow2/asm/asm/4.1/asm-4.1.jar:/Users/bhwang/.m2/repository/org/ow2/asm/asm-commons/4.1/asm-commons-4.1.jar:/Users/bhwang/.m2/repository/org/apache/httpcomponents/httpclient/4.3.1/httpclient-4.3.1.jar:/Users/bhwang/.m2/repository/org/apache/httpcomponents/httpcore/4.3/httpcore-4.3.jar:/Users/bhwang/.m2/repository/commons-logging/commons-logging/1.1.3/commons-logging-1.1.3.jar:/Users/bhwang/.m2/repository/commons-codec/commons-codec/1.6/commons-codec-1.6.jar:/Users/bhwang/.m2/repository/org/apache/lucene/lucene-core/4.6.1/lucene-core-4.6.1.jar:/Users/bhwang/.m2/repository/org/apache/lucene/lucene-analyzers-common/4.6.1/lucene-analyzers-common-4.6.1.jar:/Users/bhwang/.m2/repository/org/apache/lucene/lucene-codecs/4.6.1/lucene-codecs-4.6.1.jar:/Users/bhwang/.m2/repository/org/apache/lucene/lucene-queries/4.6.1/lucene-queries-4.6.1.jar:/Users/bhwang/.m2/repository/org/apache/lucene/lucene-memory/4.6.1/lucene-memory-4.6.1.jar:/Users/bhwang/.m2/repository/org/apache/lucene/lucene-highlighter/4.6.1/lucene-highlighter-4.6.1.jar:/Users/bhwang/.m2/repository/org/apache/lucene/lucene-queryparser/4.6.1/lucene-queryparser-4.6.1.jar:/Users/bhwang/.m2/repository/org/apache/lucene/lucene-sandbox/4.6.1/lucene-sandbox-4.6.1.jar:/Users/bhwang/.m2/repository/org/apache/lucene/lucene-suggest/4.6.1/lucene-suggest-4.6.1.jar:/Users/bhwang/.m2/repository/org/apache/lucene/lucene-misc/4.6.1/lucene-misc-4.6.1.jar:/Users/bhwang/.m2/repository/org/apache/lucene/lucene-join/4.6.1/lucene-join-4.6.1.jar:/Users/bhwang/.m2/repository/org/apache/lucene/lucene-grouping/4.6.1/lucene-grouping-4.6.1.jar:/Users/bhwang/.m2/repository/org/apache/lucene/lucene-spatial/4.6.1/lucene-spatial-4.6.1.jar:/Users/bhwang/.m2/repository/com/spatial4j/spatial4j/0.3/spatial4j-0.3.jar:/Users/bhwang/.m2/repository/com/vividsolutions/jts/1.12/jts-1.12.jar:/Users/bhwang/.m2/repository/com/google/guava/guava/16.0/guava-16.0.jar:/Users/bhwang/.m2/repository/com/carrotsearch/hppc/0.5.3/hppc-0.5.3.jar:/Users/bhwang/.m2/repository/joda-time/joda-time/2.3/joda-time-2.3.jar:/Users/bhwang/.m2/repository/org/joda/joda-convert/1.2/joda-convert-1.2.jar:/Users/bhwang/.m2/repository/org/mvel/mvel2/2.1.5.Final/mvel2-2.1.5.Final.jar:/Users/bhwang/.m2/repository/com/fasterxml/jackson/core/jackson-core/2.3.0/jackson-core-2.3.0.jar:/Users/bhwang/.m2/repository/com/fasterxml/jackson/dataformat/jackson-dataformat-smile/2.3.0/jackson-dataformat-smile-2.3.0.jar:/Users/bhwang/.m2/repository/com/fasterxml/jackson/dataformat/jackson-dataformat-yaml/2.3.0/jackson-dataformat-yaml-2.3.0.jar:/Users/bhwang/.m2/repository/io/netty/netty/3.9.0.Final/netty-3.9.0.Final.jar:/Users/bhwang/.m2/repository/com/ning/compress-lzf/0.9.6/compress-lzf-0.9.6.jar:/Users/bhwang/.m2/repository/log4j/log4j/1.2.17/log4j-1.2.17.jar:/Users/bhwang/.m2/repository/org/slf4j/slf4j-api/1.6.2/slf4j-api-1.6.2.jar:/Users/bhwang/.m2/repository/net/java/dev/jna/jna/3.3.0/jna-3.3.0.jar:/Users/bhwang/.m2/repository/org/fusesource/sigar/1.6.4/sigar-1.6.4.jar:/Users/bhwang/.m2/repository/com/carrotsearch/randomizedtesting/junit4-ant/2.0.15/junit4-ant-2.0.15.jar"/>
      <property name="java.class.version" value="51.0"/>
      <property name="java.endorsed.dirs" value="/Library/Java/JavaVirtualMachines/jdk1.7.0_45.jdk/Contents/Home/jre/lib/endorsed"/>
      <property name="java.ext.dirs" value="/Users/bhwang/Library/Java/Extensions:/Library/Java/JavaVirtualMachines/jdk1.7.0_45.jdk/Contents/Home/jre/lib/ext:/Library/Java/Extensions:/Network/Library/Java/Extensions:/System/Library/Java/Extensions:/usr/lib/java"/>
      <property name="java.home" value="/Library/Java/JavaVirtualMachines/jdk1.7.0_45.jdk/Contents/Home/jre"/>
      <property name="java.io.tmpdir" value="."/>
      <property name="java.library.path" value="/Users/bhwang/Library/Java/Extensions:/Library/Java/Extensions:/Network/Library/Java/Extensions:/System/Library/Java/Extensions:/usr/lib/java:."/>
      <property name="java.runtime.name" value="Java(TM) SE Runtime Environment"/>
      <property name="java.runtime.version" value="1.7.0_45-b18"/>
      <property name="java.security.policy" value="/Users/bhwang/elasticsearch/dev-tools/tests.policy"/>
      <property name="java.specification.name" value="Java Platform API Specification"/>
      <property name="java.specification.vendor" value="Oracle Corporation"/>
      <property name="java.specification.version" value="1.7"/>
      <property name="java.vendor" value="Oracle Corporation"/>
      <property name="java.vendor.url" value="http://java.oracle.com/"/>
      <property name="java.vendor.url.bug" value="http://bugreport.sun.com/bugreport/"/>
      <property name="java.version" value="1.7.0_45"/>
      <property name="java.vm.info" value="mixed mode"/>
      <property name="java.vm.name" value="Java HotSpot(TM) 64-Bit Server VM"/>
      <property name="java.vm.specification.name" value="Java Virtual Machine Specification"/>
      <property name="java.vm.specification.vendor" value="Oracle Corporation"/>
      <property name="java.vm.specification.version" value="1.7"/>
      <property name="java.vm.vendor" value="Oracle Corporation"/>
      <property name="java.vm.version" value="24.45-b08"/>
      <property name="junit4.childvm.cwd" value="/Users/bhwang/elasticsearch/target/J0"/>
      <property name="junit4.childvm.id" value="0"/>
      <property name="junit4.memory.total" value="128974848"/>
      <property name="junit4.pidString" value="6815@Bills-MacBook-Pro.local"/>
      <property name="junit4.processors" value="4"/>
      <property name="junit4.tempDir" value="/Users/bhwang/elasticsearch/target"/>
      <property name="line.separator" value="
"/>
      <property name="os.arch" value="x86_64"/>
      <property name="os.name" value="Mac OS X"/>
      <property name="os.version" value="10.9.1"/>
      <property name="path.separator" value=":"/>
      <property name="socksNonProxyHosts" value="local|*.local|169.254/16|*.169.254/16"/>
      <property name="sun.arch.data.model" value="64"/>
      <property name="sun.boot.class.path" value="/Library/Java/JavaVirtualMachines/jdk1.7.0_45.jdk/Contents/Home/jre/lib/resources.jar:/Library/Java/JavaVirtualMachines/jdk1.7.0_45.jdk/Contents/Home/jre/lib/rt.jar:/Library/Java/JavaVirtualMachines/jdk1.7.0_45.jdk/Contents/Home/jre/lib/sunrsasign.jar:/Library/Java/JavaVirtualMachines/jdk1.7.0_45.jdk/Contents/Home/jre/lib/jsse.jar:/Library/Java/JavaVirtualMachines/jdk1.7.0_45.jdk/Contents/Home/jre/lib/jce.jar:/Library/Java/JavaVirtualMachines/jdk1.7.0_45.jdk/Contents/Home/jre/lib/charsets.jar:/Library/Java/JavaVirtualMachines/jdk1.7.0_45.jdk/Contents/Home/jre/lib/jfr.jar:/Library/Java/JavaVirtualMachines/jdk1.7.0_45.jdk/Contents/Home/jre/lib/JObjC.jar:/Library/Java/JavaVirtualMachines/jdk1.7.0_45.jdk/Contents/Home/jre/classes"/>
      <property name="sun.boot.library.path" value="/Library/Java/JavaVirtualMachines/jdk1.7.0_45.jdk/Contents/Home/jre/lib"/>
      <property name="sun.cpu.endian" value="little"/>
      <property name="sun.cpu.isalist" value=""/>
      <property name="sun.io.unicode.encoding" value="UnicodeBig"/>
      <property name="sun.java.command" value="com.carrotsearch.ant.tasks.junit4.slave.SlaveMainSafe -flush -eventsfile /Users/bhwang/elasticsearch/target/junit4-J0-20140218_153326_767.events @/Users/bhwang/elasticsearch/target/junit4-J0-20140218_153326_767.suites -stdin"/>
      <property name="sun.java.launcher" value="SUN_STANDARD"/>
      <property name="sun.jnu.encoding" value="UTF-8"/>
      <property name="sun.management.compiler" value="HotSpot 64-Bit Tiered Compilers"/>
      <property name="sun.os.patch.level" value="unknown"/>
      <property name="tests.appendseed" value=""/>
      <property name="tests.assertion.disabled" value=""/>
      <property name="tests.awaitsfix" value=""/>
      <property name="tests.badapples" value=""/>
      <property name="tests.class" value=""/>
      <property name="tests.client.ratio" value=""/>
      <property name="tests.cluster_seed" value=""/>
      <property name="tests.enable_mock_modules" value=""/>
      <property name="tests.failfast" value=""/>
      <property name="tests.integration" value=""/>
      <property name="tests.iters" value=""/>
      <property name="tests.jvm.argline" value=""/>
      <property name="tests.maxfailures" value=""/>
      <property name="tests.method" value=""/>
      <property name="tests.network" value=""/>
      <property name="tests.nightly" value=""/>
      <property name="tests.prefix" value="tests"/>
      <property name="tests.rest" value=""/>
      <property name="tests.rest.spec" value=""/>
      <property name="tests.rest.suite" value=""/>
      <property name="tests.security.manager" value=""/>
      <property name="tests.seed" value="A89B4FF56754358E"/>
      <property name="tests.showSuccess" value=""/>
      <property name="tests.slow" value=""/>
      <property name="tests.timeoutSuite" value=""/>
      <property name="tests.weekly" value=""/>
      <property name="user.country" value="US"/>
      <property name="user.dir" value="/Users/bhwang/elasticsearch/target/J0"/>
      <property name="user.home" value="/Users/bhwang"/>
      <property name="user.language" value="en"/>
      <property name="user.name" value="bhwang"/>
      <property name="user.timezone" value=""/>
   </properties>
   <testcase classname="org.elasticsearch.search.aggregations.bucket.FilterTests" name="withContextBasedSubAggregation" time="0.307"/>
   <testcase classname="org.elasticsearch.search.aggregations.bucket.FilterTests" name="emptyAggregation" time="0.559"/>
   <testcase classname="org.elasticsearch.search.aggregations.bucket.FilterTests" name="simple" time="0.25"/>
   <testcase classname="org.elasticsearch.search.aggregations.bucket.FilterTests" name="withSubAggregation" time="0.504"/>
   <system-out><![CDATA[[2014-02-18 16:12:24,582][INFO ][test                     ] Test withContextBasedSubAggregation(org.elasticsearch.search.aggregations.bucket.FilterTests) started
[2014-02-18 16:12:24,588][INFO ][search.aggregations.bucket] [FilterTests#withContextBasedSubAggregation]: before test
[2014-02-18 16:12:24,598][INFO ][cluster.metadata         ] [node_0] [idx] creating index, cause [api], shards [3]/[1], mappings []
[2014-02-18 16:12:24,687][INFO ][cluster.metadata         ] [node_0] [idx2] creating index, cause [api], shards [1]/[1], mappings []
[2014-02-18 16:12:24,705][INFO ][search.aggregations.bucket] Index [5] docs async: [true] bulk: [false]
[2014-02-18 16:12:24,819][INFO ][cluster.metadata         ] [node_0] [idx] update_mapping [type] (dynamic)
[2014-02-18 16:12:24,834][TRACE][action.search.type       ] [node_2] [idx][0], node[q75XUfcITqG3o93Z8EOFnw], [R], s[STARTED]: Failed to execute [org.elasticsearch.action.search.SearchRequest@7b6f3815] lastShard [false]
org.elasticsearch.search.SearchParseException: [idx][0]: from[-1],size[-1]: Parse Failure [Failed to parse source [{"aggregations":{"tag1":{"filter":{"term":{"tag":"tag1"}},"aggregations":{"avg_value":{"avg":{}}}}}}]]
	at org.elasticsearch.search.SearchService.parseSource(SearchService.java:586)
	at org.elasticsearch.search.SearchService.createContext(SearchService.java:489)
	at org.elasticsearch.search.SearchService.createContext(SearchService.java:474)
	at org.elasticsearch.search.SearchService.createAndPutContext(SearchService.java:467)
	at org.elasticsearch.search.SearchService.executeDfsPhase(SearchService.java:173)
	at org.elasticsearch.search.action.SearchServiceTransportAction.sendExecuteDfs(SearchServiceTransportAction.java:168)
	at org.elasticsearch.action.search.type.TransportSearchDfsQueryThenFetchAction$AsyncAction.sendExecuteFirstPhase(TransportSearchDfsQueryThenFetchAction.java:85)
	at org.elasticsearch.action.search.type.TransportSearchTypeAction$BaseAsyncAction.performFirstPhase(TransportSearchTypeAction.java:216)
	at org.elasticsearch.action.search.type.TransportSearchTypeAction$BaseAsyncAction.performFirstPhase(TransportSearchTypeAction.java:203)
	at org.elasticsearch.action.search.type.TransportSearchTypeAction$BaseAsyncAction$2.run(TransportSearchTypeAction.java:186)
	at java.util.concurrent.ThreadPoolExecutor.runWorker(ThreadPoolExecutor.java:1145)
	at java.util.concurrent.ThreadPoolExecutor$Worker.run(ThreadPoolExecutor.java:615)
	at java.lang.Thread.run(Thread.java:744)
Caused by: org.elasticsearch.search.aggregations.AggregationExecutionException: could not find the appropriate value context to perform aggregation [avg_value]
	at org.elasticsearch.search.aggregations.support.ValueSourceAggregatorFactory.resolveValuesSourceConfigFromAncestors(ValueSourceAggregatorFactory.java:85)
	at org.elasticsearch.search.aggregations.support.ValueSourceAggregatorFactory.doValidate(ValueSourceAggregatorFactory.java:64)
	at org.elasticsearch.search.aggregations.AggregatorFactory.validate(AggregatorFactory.java:61)
	at org.elasticsearch.search.aggregations.AggregatorFactories.validate(AggregatorFactories.java:140)
	at org.elasticsearch.search.aggregations.AggregatorFactory.validate(AggregatorFactory.java:62)
	at org.elasticsearch.search.aggregations.AggregatorParsers.parseAggregators(AggregatorParsers.java:120)
	at org.elasticsearch.search.aggregations.AggregatorParsers.parseAggregators(AggregatorParsers.java:73)
	at org.elasticsearch.search.aggregations.AggregationParseElement.parse(AggregationParseElement.java:60)
	at org.elasticsearch.search.SearchService.parseSource(SearchService.java:574)
	... 12 more
[2014-02-18 16:12:24,837][TRACE][action.search.type       ] [node_2] [idx][1], node[tbUF3y2YTPm1TPdTF8YBYw], [R], s[STARTED]: Failed to execute [org.elasticsearch.action.search.SearchRequest@7b6f3815] lastShard [false]
org.elasticsearch.transport.RemoteTransportException: [node_0][inet[/10.1.10.75:9300]][search/phase/dfs]
Caused by: org.elasticsearch.search.SearchParseException: [idx][1]: from[-1],size[-1]: Parse Failure [Failed to parse source [{"aggregations":{"tag1":{"filter":{"term":{"tag":"tag1"}},"aggregations":{"avg_value":{"avg":{}}}}}}]]
	at org.elasticsearch.search.SearchService.parseSource(SearchService.java:586)
	at org.elasticsearch.search.SearchService.createContext(SearchService.java:489)
	at org.elasticsearch.search.SearchService.createContext(SearchService.java:474)
	at org.elasticsearch.search.SearchService.createAndPutContext(SearchService.java:467)
	at org.elasticsearch.search.SearchService.executeDfsPhase(SearchService.java:173)
	at org.elasticsearch.search.action.SearchServiceTransportAction$SearchDfsTransportHandler.messageReceived(SearchServiceTransportAction.java:602)
	at org.elasticsearch.search.action.SearchServiceTransportAction$SearchDfsTransportHandler.messageReceived(SearchServiceTransportAction.java:591)
	at org.elasticsearch.transport.netty.MessageChannelHandler$RequestHandler.run(MessageChannelHandler.java:270)
	at java.util.concurrent.ThreadPoolExecutor.runWorker(ThreadPoolExecutor.java:1145)
	at java.util.concurrent.ThreadPoolExecutor$Worker.run(ThreadPoolExecutor.java:615)
	at java.lang.Thread.run(Thread.java:744)
Caused by: org.elasticsearch.search.aggregations.AggregationExecutionException: could not find the appropriate value context to perform aggregation [avg_value]
	at org.elasticsearch.search.aggregations.support.ValueSourceAggregatorFactory.resolveValuesSourceConfigFromAncestors(ValueSourceAggregatorFactory.java:85)
	at org.elasticsearch.search.aggregations.support.ValueSourceAggregatorFactory.doValidate(ValueSourceAggregatorFactory.java:64)
	at org.elasticsearch.search.aggregations.AggregatorFactory.validate(AggregatorFactory.java:61)
	at org.elasticsearch.search.aggregations.AggregatorFactories.validate(AggregatorFactories.java:140)
	at org.elasticsearch.search.aggregations.AggregatorFactory.validate(AggregatorFactory.java:62)
	at org.elasticsearch.search.aggregations.AggregatorParsers.parseAggregators(AggregatorParsers.java:120)
	at org.elasticsearch.search.aggregations.AggregatorParsers.parseAggregators(AggregatorParsers.java:73)
	at org.elasticsearch.search.aggregations.AggregationParseElement.parse(AggregationParseElement.java:60)
	at org.elasticsearch.search.SearchService.parseSource(SearchService.java:574)
	... 10 more
[2014-02-18 16:12:24,838][TRACE][action.search.type       ] [node_2] [idx][2], node[tbUF3y2YTPm1TPdTF8YBYw], [P], s[STARTED]: Failed to execute [org.elasticsearch.action.search.SearchRequest@7b6f3815] lastShard [false]
org.elasticsearch.transport.RemoteTransportException: [node_0][inet[/10.1.10.75:9300]][search/phase/dfs]
Caused by: org.elasticsearch.search.SearchParseException: [idx][2]: from[-1],size[-1]: Parse Failure [Failed to parse source [{"aggregations":{"tag1":{"filter":{"term":{"tag":"tag1"}},"aggregations":{"avg_value":{"avg":{}}}}}}]]
	at org.elasticsearch.search.SearchService.parseSource(SearchService.java:586)
	at org.elasticsearch.search.SearchService.createContext(SearchService.java:489)
	at org.elasticsearch.search.SearchService.createContext(SearchService.java:474)
	at org.elasticsearch.search.SearchService.createAndPutContext(SearchService.java:467)
	at org.elasticsearch.search.SearchService.executeDfsPhase(SearchService.java:173)
	at org.elasticsearch.search.action.SearchServiceTransportAction$SearchDfsTransportHandler.messageReceived(SearchServiceTransportAction.java:602)
	at org.elasticsearch.search.action.SearchServiceTransportAction$SearchDfsTransportHandler.messageReceived(SearchServiceTransportAction.java:591)
	at org.elasticsearch.transport.netty.MessageChannelHandler$RequestHandler.run(MessageChannelHandler.java:270)
	at java.util.concurrent.ThreadPoolExecutor.runWorker(ThreadPoolExecutor.java:1145)
	at java.util.concurrent.ThreadPoolExecutor$Worker.run(ThreadPoolExecutor.java:615)
	at java.lang.Thread.run(Thread.java:744)
Caused by: org.elasticsearch.search.aggregations.AggregationExecutionException: could not find the appropriate value context to perform aggregation [avg_value]
	at org.elasticsearch.search.aggregations.support.ValueSourceAggregatorFactory.resolveValuesSourceConfigFromAncestors(ValueSourceAggregatorFactory.java:85)
	at org.elasticsearch.search.aggregations.support.ValueSourceAggregatorFactory.doValidate(ValueSourceAggregatorFactory.java:64)
	at org.elasticsearch.search.aggregations.AggregatorFactory.validate(AggregatorFactory.java:61)
	at org.elasticsearch.search.aggregations.AggregatorFactories.validate(AggregatorFactories.java:140)
	at org.elasticsearch.search.aggregations.AggregatorFactory.validate(AggregatorFactory.java:62)
	at org.elasticsearch.search.aggregations.AggregatorParsers.parseAggregators(AggregatorParsers.java:120)
	at org.elasticsearch.search.aggregations.AggregatorParsers.parseAggregators(AggregatorParsers.java:73)
	at org.elasticsearch.search.aggregations.AggregationParseElement.parse(AggregationParseElement.java:60)
	at org.elasticsearch.search.SearchService.parseSource(SearchService.java:574)
	... 10 more
[2014-02-18 16:12:24,837][TRACE][action.search.type       ] [node_2] [idx][0], node[t8Mqv-hjRzqYCBodDxtrKQ], [P], s[STARTED]: Failed to execute [org.elasticsearch.action.search.SearchRequest@7b6f3815] lastShard [true]
org.elasticsearch.transport.RemoteTransportException: [node_1][inet[/10.1.10.75:9301]][search/phase/dfs]
Caused by: org.elasticsearch.search.SearchParseException: [idx][0]: from[-1],size[-1]: Parse Failure [Failed to parse source [{"aggregations":{"tag1":{"filter":{"term":{"tag":"tag1"}},"aggregations":{"avg_value":{"avg":{}}}}}}]]
	at org.elasticsearch.search.SearchService.parseSource(SearchService.java:586)
	at org.elasticsearch.search.SearchService.createContext(SearchService.java:489)
	at org.elasticsearch.search.SearchService.createContext(SearchService.java:474)
	at org.elasticsearch.search.SearchService.createAndPutContext(SearchService.java:467)
	at org.elasticsearch.search.SearchService.executeDfsPhase(SearchService.java:173)
	at org.elasticsearch.search.action.SearchServiceTransportAction$SearchDfsTransportHandler.messageReceived(SearchServiceTransportAction.java:602)
	at org.elasticsearch.search.action.SearchServiceTransportAction$SearchDfsTransportHandler.messageReceived(SearchServiceTransportAction.java:591)
	at org.elasticsearch.transport.netty.MessageChannelHandler$RequestHandler.run(MessageChannelHandler.java:270)
	at java.util.concurrent.ThreadPoolExecutor.runWorker(ThreadPoolExecutor.java:1145)
	at java.util.concurrent.ThreadPoolExecutor$Worker.run(ThreadPoolExecutor.java:615)
	at java.lang.Thread.run(Thread.java:744)
Caused by: org.elasticsearch.search.aggregations.AggregationExecutionException: could not find the appropriate value context to perform aggregation [avg_value]
	at org.elasticsearch.search.aggregations.support.ValueSourceAggregatorFactory.resolveValuesSourceConfigFromAncestors(ValueSourceAggregatorFactory.java:85)
	at org.elasticsearch.search.aggregations.support.ValueSourceAggregatorFactory.doValidate(ValueSourceAggregatorFactory.java:64)
	at org.elasticsearch.search.aggregations.AggregatorFactory.validate(AggregatorFactory.java:61)
	at org.elasticsearch.search.aggregations.AggregatorFactories.validate(AggregatorFactories.java:140)
	at org.elasticsearch.search.aggregations.AggregatorFactory.validate(AggregatorFactory.java:62)
	at org.elasticsearch.search.aggregations.AggregatorParsers.parseAggregators(AggregatorParsers.java:120)
	at org.elasticsearch.search.aggregations.AggregatorParsers.parseAggregators(AggregatorParsers.java:73)
	at org.elasticsearch.search.aggregations.AggregationParseElement.parse(AggregationParseElement.java:60)
	at org.elasticsearch.search.SearchService.parseSource(SearchService.java:574)
	... 10 more
[2014-02-18 16:12:24,839][TRACE][action.search.type       ] [node_2] [idx][1], node[q75XUfcITqG3o93Z8EOFnw], [P], s[STARTED]: Failed to execute [org.elasticsearch.action.search.SearchRequest@7b6f3815] lastShard [true]
org.elasticsearch.search.SearchParseException: [idx][1]: from[-1],size[-1]: Parse Failure [Failed to parse source [{"aggregations":{"tag1":{"filter":{"term":{"tag":"tag1"}},"aggregations":{"avg_value":{"avg":{}}}}}}]]
	at org.elasticsearch.search.SearchService.parseSource(SearchService.java:586)
	at org.elasticsearch.search.SearchService.createContext(SearchService.java:489)
	at org.elasticsearch.search.SearchService.createContext(SearchService.java:474)
	at org.elasticsearch.search.SearchService.createAndPutContext(SearchService.java:467)
	at org.elasticsearch.search.SearchService.executeDfsPhase(SearchService.java:173)
	at org.elasticsearch.search.action.SearchServiceTransportAction.sendExecuteDfs(SearchServiceTransportAction.java:168)
	at org.elasticsearch.action.search.type.TransportSearchDfsQueryThenFetchAction$AsyncAction.sendExecuteFirstPhase(TransportSearchDfsQueryThenFetchAction.java:85)
	at org.elasticsearch.action.search.type.TransportSearchTypeAction$BaseAsyncAction.performFirstPhase(TransportSearchTypeAction.java:216)
	at org.elasticsearch.action.search.type.TransportSearchTypeAction$BaseAsyncAction$4.run(TransportSearchTypeAction.java:292)
	at java.util.concurrent.ThreadPoolExecutor.runWorker(ThreadPoolExecutor.java:1145)
	at java.util.concurrent.ThreadPoolExecutor$Worker.run(ThreadPoolExecutor.java:615)
	at java.lang.Thread.run(Thread.java:744)
Caused by: org.elasticsearch.search.aggregations.AggregationExecutionException: could not find the appropriate value context to perform aggregation [avg_value]
	at org.elasticsearch.search.aggregations.support.ValueSourceAggregatorFactory.resolveValuesSourceConfigFromAncestors(ValueSourceAggregatorFactory.java:85)
	at org.elasticsearch.search.aggregations.support.ValueSourceAggregatorFactory.doValidate(ValueSourceAggregatorFactory.java:64)
	at org.elasticsearch.search.aggregations.AggregatorFactory.validate(AggregatorFactory.java:61)
	at org.elasticsearch.search.aggregations.AggregatorFactories.validate(AggregatorFactories.java:140)
	at org.elasticsearch.search.aggregations.AggregatorFactory.validate(AggregatorFactory.java:62)
	at org.elasticsearch.search.aggregations.AggregatorParsers.parseAggregators(AggregatorParsers.java:120)
	at org.elasticsearch.search.aggregations.AggregatorParsers.parseAggregators(AggregatorParsers.java:73)
	at org.elasticsearch.search.aggregations.AggregationParseElement.parse(AggregationParseElement.java:60)
	at org.elasticsearch.search.SearchService.parseSource(SearchService.java:574)
	... 11 more
[2014-02-18 16:12:24,842][DEBUG][action.search.type       ] [node_2] [idx][2], node[t8Mqv-hjRzqYCBodDxtrKQ], [R], s[STARTED]: Failed to execute [org.elasticsearch.action.search.SearchRequest@7b6f3815]
org.elasticsearch.transport.RemoteTransportException: [node_1][inet[/10.1.10.75:9301]][search/phase/dfs]
Caused by: org.elasticsearch.search.SearchParseException: [idx][2]: from[-1],size[-1]: Parse Failure [Failed to parse source [{"aggregations":{"tag1":{"filter":{"term":{"tag":"tag1"}},"aggregations":{"avg_value":{"avg":{}}}}}}]]
	at org.elasticsearch.search.SearchService.parseSource(SearchService.java:586)
	at org.elasticsearch.search.SearchService.createContext(SearchService.java:489)
	at org.elasticsearch.search.SearchService.createContext(SearchService.java:474)
	at org.elasticsearch.search.SearchService.createAndPutContext(SearchService.java:467)
	at org.elasticsearch.search.SearchService.executeDfsPhase(SearchService.java:173)
	at org.elasticsearch.search.action.SearchServiceTransportAction$SearchDfsTransportHandler.messageReceived(SearchServiceTransportAction.java:602)
	at org.elasticsearch.search.action.SearchServiceTransportAction$SearchDfsTransportHandler.messageReceived(SearchServiceTransportAction.java:591)
	at org.elasticsearch.transport.netty.MessageChannelHandler$RequestHandler.run(MessageChannelHandler.java:270)
	at java.util.concurrent.ThreadPoolExecutor.runWorker(ThreadPoolExecutor.java:1145)
	at java.util.concurrent.ThreadPoolExecutor$Worker.run(ThreadPoolExecutor.java:615)
	at java.lang.Thread.run(Thread.java:744)
Caused by: org.elasticsearch.search.aggregations.AggregationExecutionException: could not find the appropriate value context to perform aggregation [avg_value]
	at org.elasticsearch.search.aggregations.support.ValueSourceAggregatorFactory.resolveValuesSourceConfigFromAncestors(ValueSourceAggregatorFactory.java:85)
	at org.elasticsearch.search.aggregations.support.ValueSourceAggregatorFactory.doValidate(ValueSourceAggregatorFactory.java:64)
	at org.elasticsearch.search.aggregations.AggregatorFactory.validate(AggregatorFactory.java:61)
	at org.elasticsearch.search.aggregations.AggregatorFactories.validate(AggregatorFactories.java:140)
	at org.elasticsearch.search.aggregations.AggregatorFactory.validate(AggregatorFactory.java:62)
	at org.elasticsearch.search.aggregations.AggregatorParsers.parseAggregators(AggregatorParsers.java:120)
	at org.elasticsearch.search.aggregations.AggregatorParsers.parseAggregators(AggregatorParsers.java:73)
	at org.elasticsearch.search.aggregations.AggregationParseElement.parse(AggregationParseElement.java:60)
	at org.elasticsearch.search.SearchService.parseSource(SearchService.java:574)
	... 10 more
[2014-02-18 16:12:24,843][DEBUG][action.search.type       ] [node_2] All shards failed for phase: [dfs]
[2014-02-18 16:12:24,843][INFO ][search.aggregations.bucket] [FilterTests#withContextBasedSubAggregation]: cleaning up after test
[2014-02-18 16:12:24,844][INFO ][cluster.metadata         ] [node_0] [idx2] deleting index
[2014-02-18 16:12:24,853][INFO ][cluster.metadata         ] [node_0] [idx] deleting index
[2014-02-18 16:12:24,888][INFO ][search.aggregations.bucket] [FilterTests#withContextBasedSubAggregation]: cleaned up after test
[2014-02-18 16:12:24,889][INFO ][test                     ] Test withContextBasedSubAggregation(org.elasticsearch.search.aggregations.bucket.FilterTests) finished
[2014-02-18 16:12:24,889][INFO ][test                     ] Test emptyAggregation(org.elasticsearch.search.aggregations.bucket.FilterTests) started
[2014-02-18 16:12:24,901][INFO ][plugins                  ] [transport_client_node_0] loaded [], sites []
[2014-02-18 16:12:24,925][INFO ][search.aggregations.bucket] [FilterTests#emptyAggregation]: before test
[2014-02-18 16:12:24,935][INFO ][cluster.metadata         ] [node_0] [idx] creating index, cause [api], shards [4]/[1], mappings []
[2014-02-18 16:12:25,005][INFO ][plugins                  ] [transport_client_node_2] loaded [], sites []
[2014-02-18 16:12:25,069][INFO ][cluster.metadata         ] [node_0] [idx2] creating index, cause [api], shards [1]/[1], mappings []
[2014-02-18 16:12:25,099][INFO ][search.aggregations.bucket] Index [7] docs async: [true] bulk: [false]
[2014-02-18 16:12:25,219][INFO ][cluster.metadata         ] [node_0] [idx] update_mapping [type] (dynamic)
[2014-02-18 16:12:25,258][INFO ][cluster.metadata         ] [node_0] [empty_bucket_idx] creating index, cause [api], shards [1]/[1], mappings [type]
[2014-02-18 16:12:25,281][INFO ][search.aggregations.bucket] Index [2] docs async: [false] bulk: [true]
[2014-02-18 16:12:25,341][TRACE][action.search.type       ] [node_0] Moving to second phase, based on results from: [tbUF3y2YTPm1TPdTF8YBYw][empty_bucket_idx][0] (cluster state version: 11287)
[2014-02-18 16:12:25,342][INFO ][search.aggregations.bucket] [FilterTests#emptyAggregation]: cleaning up after test
[2014-02-18 16:12:25,344][INFO ][cluster.metadata         ] [node_0] [idx2] deleting index
[2014-02-18 16:12:25,358][INFO ][cluster.metadata         ] [node_0] [idx] deleting index
[2014-02-18 16:12:25,416][INFO ][cluster.metadata         ] [node_0] [empty_bucket_idx] deleting index
[2014-02-18 16:12:25,438][INFO ][search.aggregations.bucket] [FilterTests#emptyAggregation]: cleaned up after test
[2014-02-18 16:12:25,448][INFO ][test                     ] Test emptyAggregation(org.elasticsearch.search.aggregations.bucket.FilterTests) finished
[2014-02-18 16:12:25,448][INFO ][test                     ] Test simple(org.elasticsearch.search.aggregations.bucket.FilterTests) started
[2014-02-18 16:12:25,459][INFO ][plugins                  ] [transport_client_node_2] loaded [], sites []
[2014-02-18 16:12:25,484][INFO ][search.aggregations.bucket] [FilterTests#simple]: before test
[2014-02-18 16:12:25,493][INFO ][cluster.metadata         ] [node_0] [idx] creating index, cause [api], shards [1]/[0], mappings []
[2014-02-18 16:12:25,522][INFO ][cluster.metadata         ] [node_0] [idx2] creating index, cause [api], shards [2]/[0], mappings []
[2014-02-18 16:12:25,572][INFO ][search.aggregations.bucket] Index [5] docs async: [true] bulk: [false]
[2014-02-18 16:12:25,588][INFO ][cluster.metadata         ] [node_0] [idx] update_mapping [type] (dynamic)
[2014-02-18 16:12:25,677][TRACE][action.search.type       ] [node_0] Moving to second phase, based on results from: [t8Mqv-hjRzqYCBodDxtrKQ][idx][0] (cluster state version: 11297)
[2014-02-18 16:12:25,678][INFO ][search.aggregations.bucket] [FilterTests#simple]: cleaning up after test
[2014-02-18 16:12:25,679][INFO ][cluster.metadata         ] [node_0] [idx2] deleting index
[2014-02-18 16:12:25,687][INFO ][cluster.metadata         ] [node_0] [idx] deleting index
[2014-02-18 16:12:25,695][INFO ][search.aggregations.bucket] [FilterTests#simple]: cleaned up after test
[2014-02-18 16:12:25,698][INFO ][test                     ] Test simple(org.elasticsearch.search.aggregations.bucket.FilterTests) finished
[2014-02-18 16:12:25,699][INFO ][test                     ] Test withSubAggregation(org.elasticsearch.search.aggregations.bucket.FilterTests) started
[2014-02-18 16:12:25,706][INFO ][plugins                  ] [transport_client_node_2] loaded [], sites []
[2014-02-18 16:12:25,735][INFO ][plugins                  ] [transport_client_node_1] loaded [], sites []
[2014-02-18 16:12:25,767][INFO ][search.aggregations.bucket] [FilterTests#withSubAggregation]: before test
[2014-02-18 16:12:25,777][INFO ][cluster.metadata         ] [node_0] [idx] creating index, cause [api], shards [1]/[1], mappings []
[2014-02-18 16:12:25,836][INFO ][cluster.metadata         ] [node_0] [idx2] creating index, cause [api], shards [5]/[1], mappings []
[2014-02-18 16:12:25,920][INFO ][search.aggregations.bucket] Index [9] docs async: [true] bulk: [false]
[2014-02-18 16:12:26,065][INFO ][cluster.metadata         ] [node_0] [idx] update_mapping [type] (dynamic)
[2014-02-18 16:12:26,136][TRACE][action.search.type       ] [node_1] Moving to second phase, based on results from: [q75XUfcITqG3o93Z8EOFnw][idx][0] (cluster state version: 11309)
[2014-02-18 16:12:26,138][INFO ][search.aggregations.bucket] [FilterTests#withSubAggregation]: cleaning up after test
[2014-02-18 16:12:26,140][INFO ][cluster.metadata         ] [node_0] [idx2] deleting index
[2014-02-18 16:12:26,175][INFO ][cluster.metadata         ] [node_0] [idx] deleting index
[2014-02-18 16:12:26,194][INFO ][search.aggregations.bucket] [FilterTests#withSubAggregation]: cleaned up after test
[2014-02-18 16:12:26,203][INFO ][test                     ] Test withSubAggregation(org.elasticsearch.search.aggregations.bucket.FilterTests) finished
]]></system-out>
   <system-err><![CDATA[]]></system-err>
</testsuite>