<testsuite errors="0" failures="0" tests="4" skipped="0" name="org.elasticsearch.river.RiverTests" hostname="nohost.nodomain" time="14.075" timestamp="2014-02-18T15:34:59">
   <properties class="java.util.ArrayList">
      <property name="awt.toolkit" value="sun.lwawt.macosx.LWCToolkit"/>
      <property name="es.logger.level" value="INFO"/>
      <property name="es.logger.prefix" value=""/>
      <property name="es.node.local" value=""/>
      <property name="es.node.mode" value=""/>
      <property name="file.encoding" value="UTF-8"/>
      <property name="file.encoding.pkg" value="sun.io"/>
      <property name="file.separator" value="/"/>
      <property name="ftp.nonProxyHosts" value="local|*.local|169.254/16|*.169.254/16"/>
      <property name="gopherProxySet" value="false"/>
      <property name="http.nonProxyHosts" value="local|*.local|169.254/16|*.169.254/16"/>
      <property name="java.awt.graphicsenv" value="sun.awt.CGraphicsEnvironment"/>
      <property name="java.awt.headless" value="true"/>
      <property name="java.awt.printerjob" value="sun.lwawt.macosx.CPrinterJob"/>
      <property name="java.class.path" value="/Users/bhwang/elasticsearch/target/test-classes:/Users/bhwang/elasticsearch/target/classes:/Users/bhwang/.m2/repository/org/hamcrest/hamcrest-all/1.3/hamcrest-all-1.3.jar:/Users/bhwang/.m2/repository/com/carrotsearch/randomizedtesting/randomizedtesting-runner/2.0.15/randomizedtesting-runner-2.0.15.jar:/Users/bhwang/.m2/repository/junit/junit/4.10/junit-4.10.jar:/Users/bhwang/.m2/repository/org/apache/lucene/lucene-test-framework/4.6.1/lucene-test-framework-4.6.1.jar:/Users/bhwang/.m2/repository/org/apache/lucene/lucene-expressions/4.6.1/lucene-expressions-4.6.1.jar:/Users/bhwang/.m2/repository/org/antlr/antlr-runtime/3.5/antlr-runtime-3.5.jar:/Users/bhwang/.m2/repository/org/ow2/asm/asm/4.1/asm-4.1.jar:/Users/bhwang/.m2/repository/org/ow2/asm/asm-commons/4.1/asm-commons-4.1.jar:/Users/bhwang/.m2/repository/org/apache/httpcomponents/httpclient/4.3.1/httpclient-4.3.1.jar:/Users/bhwang/.m2/repository/org/apache/httpcomponents/httpcore/4.3/httpcore-4.3.jar:/Users/bhwang/.m2/repository/commons-logging/commons-logging/1.1.3/commons-logging-1.1.3.jar:/Users/bhwang/.m2/repository/commons-codec/commons-codec/1.6/commons-codec-1.6.jar:/Users/bhwang/.m2/repository/org/apache/lucene/lucene-core/4.6.1/lucene-core-4.6.1.jar:/Users/bhwang/.m2/repository/org/apache/lucene/lucene-analyzers-common/4.6.1/lucene-analyzers-common-4.6.1.jar:/Users/bhwang/.m2/repository/org/apache/lucene/lucene-codecs/4.6.1/lucene-codecs-4.6.1.jar:/Users/bhwang/.m2/repository/org/apache/lucene/lucene-queries/4.6.1/lucene-queries-4.6.1.jar:/Users/bhwang/.m2/repository/org/apache/lucene/lucene-memory/4.6.1/lucene-memory-4.6.1.jar:/Users/bhwang/.m2/repository/org/apache/lucene/lucene-highlighter/4.6.1/lucene-highlighter-4.6.1.jar:/Users/bhwang/.m2/repository/org/apache/lucene/lucene-queryparser/4.6.1/lucene-queryparser-4.6.1.jar:/Users/bhwang/.m2/repository/org/apache/lucene/lucene-sandbox/4.6.1/lucene-sandbox-4.6.1.jar:/Users/bhwang/.m2/repository/org/apache/lucene/lucene-suggest/4.6.1/lucene-suggest-4.6.1.jar:/Users/bhwang/.m2/repository/org/apache/lucene/lucene-misc/4.6.1/lucene-misc-4.6.1.jar:/Users/bhwang/.m2/repository/org/apache/lucene/lucene-join/4.6.1/lucene-join-4.6.1.jar:/Users/bhwang/.m2/repository/org/apache/lucene/lucene-grouping/4.6.1/lucene-grouping-4.6.1.jar:/Users/bhwang/.m2/repository/org/apache/lucene/lucene-spatial/4.6.1/lucene-spatial-4.6.1.jar:/Users/bhwang/.m2/repository/com/spatial4j/spatial4j/0.3/spatial4j-0.3.jar:/Users/bhwang/.m2/repository/com/vividsolutions/jts/1.12/jts-1.12.jar:/Users/bhwang/.m2/repository/com/google/guava/guava/16.0/guava-16.0.jar:/Users/bhwang/.m2/repository/com/carrotsearch/hppc/0.5.3/hppc-0.5.3.jar:/Users/bhwang/.m2/repository/joda-time/joda-time/2.3/joda-time-2.3.jar:/Users/bhwang/.m2/repository/org/joda/joda-convert/1.2/joda-convert-1.2.jar:/Users/bhwang/.m2/repository/org/mvel/mvel2/2.1.5.Final/mvel2-2.1.5.Final.jar:/Users/bhwang/.m2/repository/com/fasterxml/jackson/core/jackson-core/2.3.0/jackson-core-2.3.0.jar:/Users/bhwang/.m2/repository/com/fasterxml/jackson/dataformat/jackson-dataformat-smile/2.3.0/jackson-dataformat-smile-2.3.0.jar:/Users/bhwang/.m2/repository/com/fasterxml/jackson/dataformat/jackson-dataformat-yaml/2.3.0/jackson-dataformat-yaml-2.3.0.jar:/Users/bhwang/.m2/repository/io/netty/netty/3.9.0.Final/netty-3.9.0.Final.jar:/Users/bhwang/.m2/repository/com/ning/compress-lzf/0.9.6/compress-lzf-0.9.6.jar:/Users/bhwang/.m2/repository/log4j/log4j/1.2.17/log4j-1.2.17.jar:/Users/bhwang/.m2/repository/org/slf4j/slf4j-api/1.6.2/slf4j-api-1.6.2.jar:/Users/bhwang/.m2/repository/net/java/dev/jna/jna/3.3.0/jna-3.3.0.jar:/Users/bhwang/.m2/repository/org/fusesource/sigar/1.6.4/sigar-1.6.4.jar:/Users/bhwang/.m2/repository/com/carrotsearch/randomizedtesting/junit4-ant/2.0.15/junit4-ant-2.0.15.jar"/>
      <property name="java.class.version" value="51.0"/>
      <property name="java.endorsed.dirs" value="/Library/Java/JavaVirtualMachines/jdk1.7.0_45.jdk/Contents/Home/jre/lib/endorsed"/>
      <property name="java.ext.dirs" value="/Users/bhwang/Library/Java/Extensions:/Library/Java/JavaVirtualMachines/jdk1.7.0_45.jdk/Contents/Home/jre/lib/ext:/Library/Java/Extensions:/Network/Library/Java/Extensions:/System/Library/Java/Extensions:/usr/lib/java"/>
      <property name="java.home" value="/Library/Java/JavaVirtualMachines/jdk1.7.0_45.jdk/Contents/Home/jre"/>
      <property name="java.io.tmpdir" value="."/>
      <property name="java.library.path" value="/Users/bhwang/Library/Java/Extensions:/Library/Java/Extensions:/Network/Library/Java/Extensions:/System/Library/Java/Extensions:/usr/lib/java:."/>
      <property name="java.runtime.name" value="Java(TM) SE Runtime Environment"/>
      <property name="java.runtime.version" value="1.7.0_45-b18"/>
      <property name="java.security.policy" value="/Users/bhwang/elasticsearch/dev-tools/tests.policy"/>
      <property name="java.specification.name" value="Java Platform API Specification"/>
      <property name="java.specification.vendor" value="Oracle Corporation"/>
      <property name="java.specification.version" value="1.7"/>
      <property name="java.vendor" value="Oracle Corporation"/>
      <property name="java.vendor.url" value="http://java.oracle.com/"/>
      <property name="java.vendor.url.bug" value="http://bugreport.sun.com/bugreport/"/>
      <property name="java.version" value="1.7.0_45"/>
      <property name="java.vm.info" value="mixed mode"/>
      <property name="java.vm.name" value="Java HotSpot(TM) 64-Bit Server VM"/>
      <property name="java.vm.specification.name" value="Java Virtual Machine Specification"/>
      <property name="java.vm.specification.vendor" value="Oracle Corporation"/>
      <property name="java.vm.specification.version" value="1.7"/>
      <property name="java.vm.vendor" value="Oracle Corporation"/>
      <property name="java.vm.version" value="24.45-b08"/>
      <property name="junit4.childvm.cwd" value="/Users/bhwang/elasticsearch/target/J0"/>
      <property name="junit4.childvm.id" value="0"/>
      <property name="junit4.memory.total" value="128974848"/>
      <property name="junit4.pidString" value="6815@Bills-MacBook-Pro.local"/>
      <property name="junit4.processors" value="4"/>
      <property name="junit4.tempDir" value="/Users/bhwang/elasticsearch/target"/>
      <property name="line.separator" value="
"/>
      <property name="os.arch" value="x86_64"/>
      <property name="os.name" value="Mac OS X"/>
      <property name="os.version" value="10.9.1"/>
      <property name="path.separator" value=":"/>
      <property name="socksNonProxyHosts" value="local|*.local|169.254/16|*.169.254/16"/>
      <property name="sun.arch.data.model" value="64"/>
      <property name="sun.boot.class.path" value="/Library/Java/JavaVirtualMachines/jdk1.7.0_45.jdk/Contents/Home/jre/lib/resources.jar:/Library/Java/JavaVirtualMachines/jdk1.7.0_45.jdk/Contents/Home/jre/lib/rt.jar:/Library/Java/JavaVirtualMachines/jdk1.7.0_45.jdk/Contents/Home/jre/lib/sunrsasign.jar:/Library/Java/JavaVirtualMachines/jdk1.7.0_45.jdk/Contents/Home/jre/lib/jsse.jar:/Library/Java/JavaVirtualMachines/jdk1.7.0_45.jdk/Contents/Home/jre/lib/jce.jar:/Library/Java/JavaVirtualMachines/jdk1.7.0_45.jdk/Contents/Home/jre/lib/charsets.jar:/Library/Java/JavaVirtualMachines/jdk1.7.0_45.jdk/Contents/Home/jre/lib/jfr.jar:/Library/Java/JavaVirtualMachines/jdk1.7.0_45.jdk/Contents/Home/jre/lib/JObjC.jar:/Library/Java/JavaVirtualMachines/jdk1.7.0_45.jdk/Contents/Home/jre/classes"/>
      <property name="sun.boot.library.path" value="/Library/Java/JavaVirtualMachines/jdk1.7.0_45.jdk/Contents/Home/jre/lib"/>
      <property name="sun.cpu.endian" value="little"/>
      <property name="sun.cpu.isalist" value=""/>
      <property name="sun.io.unicode.encoding" value="UnicodeBig"/>
      <property name="sun.java.command" value="com.carrotsearch.ant.tasks.junit4.slave.SlaveMainSafe -flush -eventsfile /Users/bhwang/elasticsearch/target/junit4-J0-20140218_153326_767.events @/Users/bhwang/elasticsearch/target/junit4-J0-20140218_153326_767.suites -stdin"/>
      <property name="sun.java.launcher" value="SUN_STANDARD"/>
      <property name="sun.jnu.encoding" value="UTF-8"/>
      <property name="sun.management.compiler" value="HotSpot 64-Bit Tiered Compilers"/>
      <property name="sun.os.patch.level" value="unknown"/>
      <property name="tests.appendseed" value=""/>
      <property name="tests.assertion.disabled" value=""/>
      <property name="tests.awaitsfix" value=""/>
      <property name="tests.badapples" value=""/>
      <property name="tests.class" value=""/>
      <property name="tests.client.ratio" value=""/>
      <property name="tests.cluster_seed" value=""/>
      <property name="tests.enable_mock_modules" value=""/>
      <property name="tests.failfast" value=""/>
      <property name="tests.integration" value=""/>
      <property name="tests.iters" value=""/>
      <property name="tests.jvm.argline" value=""/>
      <property name="tests.maxfailures" value=""/>
      <property name="tests.method" value=""/>
      <property name="tests.network" value=""/>
      <property name="tests.nightly" value=""/>
      <property name="tests.prefix" value="tests"/>
      <property name="tests.rest" value=""/>
      <property name="tests.rest.spec" value=""/>
      <property name="tests.rest.suite" value=""/>
      <property name="tests.security.manager" value=""/>
      <property name="tests.seed" value="A89B4FF56754358E"/>
      <property name="tests.showSuccess" value=""/>
      <property name="tests.slow" value=""/>
      <property name="tests.timeoutSuite" value=""/>
      <property name="tests.weekly" value=""/>
      <property name="user.country" value="US"/>
      <property name="user.dir" value="/Users/bhwang/elasticsearch/target/J0"/>
      <property name="user.home" value="/Users/bhwang"/>
      <property name="user.language" value="en"/>
      <property name="user.name" value="bhwang"/>
      <property name="user.timezone" value=""/>
   </properties>
   <testcase classname="org.elasticsearch.river.RiverTests" name="testMultipleRiversStart" time="13.354"/>
   <testcase classname="org.elasticsearch.river.RiverTests" name="startDummyRiverWithDefaultTemplate" time="0.224"/>
   <testcase classname="org.elasticsearch.river.RiverTests" name="startDummyRiverWithSomeTemplates" time="0.273"/>
   <testcase classname="org.elasticsearch.river.RiverTests" name="testRiverStart" time="0.206"/>
   <system-out><![CDATA[[2014-02-18 15:34:59,918][INFO ][test                     ] Test testMultipleRiversStart(org.elasticsearch.river.RiverTests) started
[2014-02-18 15:34:59,919][INFO ][test                     ] Setup TestCluster [SUITE-Bills-MacBook-Pro.local-CHILD_VM=[0]-CLUSTER_SEED=[-5479796098066678857]-HASH=[135419C0A2C5BCA8]] with seed [B3F3DA7B6529FBB7] using [4] nodes
[2014-02-18 15:34:59,921][INFO ][node                     ] [node_0] version[1.0.0], pid[6815], build[a46900e/2014-02-18T23:32:25Z]
[2014-02-18 15:34:59,921][INFO ][node                     ] [node_0] initializing ...
[2014-02-18 15:34:59,922][INFO ][plugins                  ] [node_0] loaded [], sites []
[2014-02-18 15:34:59,968][INFO ][node                     ] [node_0] initialized
[2014-02-18 15:34:59,968][INFO ][node                     ] [node_0] starting ...
[2014-02-18 15:34:59,975][INFO ][transport                ] [node_0] bound_address {inet[/0:0:0:0:0:0:0:0:9303]}, publish_address {inet[/10.1.10.75:9303]}
[2014-02-18 15:35:02,980][INFO ][cluster.service          ] [node_0] new_master [node_0][27n8tcE8THKGHWZC1-fryg][Bills-MacBook-Pro.local][inet[/10.1.10.75:9303]], reason: zen-disco-join (elected_as_master)
[2014-02-18 15:35:02,995][INFO ][discovery                ] [node_0] SUITE-Bills-MacBook-Pro.local-CHILD_VM=[0]-CLUSTER_SEED=[-5479796098066678857]-HASH=[135419C0A2C5BCA8]/27n8tcE8THKGHWZC1-fryg
[2014-02-18 15:35:02,996][INFO ][gateway                  ] [node_0] recovered [0] indices into cluster_state
[2014-02-18 15:35:02,999][INFO ][http                     ] [node_0] bound_address {inet[/0:0:0:0:0:0:0:0:9203]}, publish_address {inet[/10.1.10.75:9203]}
[2014-02-18 15:35:03,000][INFO ][node                     ] [node_0] started
[2014-02-18 15:35:03,000][INFO ][test                     ] Start Shared Node [node_0] not shared
[2014-02-18 15:35:03,001][INFO ][node                     ] [node_1] version[1.0.0], pid[6815], build[a46900e/2014-02-18T23:32:25Z]
[2014-02-18 15:35:03,001][INFO ][node                     ] [node_1] initializing ...
[2014-02-18 15:35:03,002][INFO ][plugins                  ] [node_1] loaded [], sites []
[2014-02-18 15:35:03,056][INFO ][node                     ] [node_1] initialized
[2014-02-18 15:35:03,056][INFO ][node                     ] [node_1] starting ...
[2014-02-18 15:35:03,062][INFO ][transport                ] [node_1] bound_address {inet[/0:0:0:0:0:0:0:0:9304]}, publish_address {inet[/10.1.10.75:9304]}
[2014-02-18 15:35:06,146][INFO ][cluster.service          ] [node_0] added {[node_1][SgAJuMn1TU2Up6Y2DZj8pw][Bills-MacBook-Pro.local][inet[/10.1.10.75:9304]],}, reason: zen-disco-receive(join from node[[node_1][SgAJuMn1TU2Up6Y2DZj8pw][Bills-MacBook-Pro.local][inet[/10.1.10.75:9304]]])
[2014-02-18 15:35:06,150][INFO ][cluster.service          ] [node_1] detected_master [node_0][27n8tcE8THKGHWZC1-fryg][Bills-MacBook-Pro.local][inet[/10.1.10.75:9303]], added {[node_0][27n8tcE8THKGHWZC1-fryg][Bills-MacBook-Pro.local][inet[/10.1.10.75:9303]],}, reason: zen-disco-receive(from master [[node_0][27n8tcE8THKGHWZC1-fryg][Bills-MacBook-Pro.local][inet[/10.1.10.75:9303]]])
[2014-02-18 15:35:06,182][INFO ][discovery                ] [node_1] SUITE-Bills-MacBook-Pro.local-CHILD_VM=[0]-CLUSTER_SEED=[-5479796098066678857]-HASH=[135419C0A2C5BCA8]/SgAJuMn1TU2Up6Y2DZj8pw
[2014-02-18 15:35:06,203][INFO ][http                     ] [node_1] bound_address {inet[/0:0:0:0:0:0:0:0:9204]}, publish_address {inet[/10.1.10.75:9204]}
[2014-02-18 15:35:06,203][INFO ][node                     ] [node_1] started
[2014-02-18 15:35:06,204][INFO ][test                     ] Start Shared Node [node_1] not shared
[2014-02-18 15:35:06,206][INFO ][node                     ] [node_2] version[1.0.0], pid[6815], build[a46900e/2014-02-18T23:32:25Z]
[2014-02-18 15:35:06,206][INFO ][node                     ] [node_2] initializing ...
[2014-02-18 15:35:06,207][INFO ][plugins                  ] [node_2] loaded [], sites []
[2014-02-18 15:35:06,320][INFO ][node                     ] [node_2] initialized
[2014-02-18 15:35:06,321][INFO ][node                     ] [node_2] starting ...
[2014-02-18 15:35:06,333][INFO ][transport                ] [node_2] bound_address {inet[/0:0:0:0:0:0:0:0:9305]}, publish_address {inet[/10.1.10.75:9305]}
[2014-02-18 15:35:09,363][INFO ][cluster.service          ] [node_0] added {[node_2][kyIfx25WQyW_WnXu6uZFMA][Bills-MacBook-Pro.local][inet[/10.1.10.75:9305]],}, reason: zen-disco-receive(join from node[[node_2][kyIfx25WQyW_WnXu6uZFMA][Bills-MacBook-Pro.local][inet[/10.1.10.75:9305]]])
[2014-02-18 15:35:09,365][INFO ][cluster.service          ] [node_1] added {[node_2][kyIfx25WQyW_WnXu6uZFMA][Bills-MacBook-Pro.local][inet[/10.1.10.75:9305]],}, reason: zen-disco-receive(from master [[node_0][27n8tcE8THKGHWZC1-fryg][Bills-MacBook-Pro.local][inet[/10.1.10.75:9303]]])
[2014-02-18 15:35:09,366][INFO ][cluster.service          ] [node_2] detected_master [node_0][27n8tcE8THKGHWZC1-fryg][Bills-MacBook-Pro.local][inet[/10.1.10.75:9303]], added {[node_0][27n8tcE8THKGHWZC1-fryg][Bills-MacBook-Pro.local][inet[/10.1.10.75:9303]],[node_1][SgAJuMn1TU2Up6Y2DZj8pw][Bills-MacBook-Pro.local][inet[/10.1.10.75:9304]],}, reason: zen-disco-receive(from master [[node_0][27n8tcE8THKGHWZC1-fryg][Bills-MacBook-Pro.local][inet[/10.1.10.75:9303]]])
[2014-02-18 15:35:09,424][INFO ][discovery                ] [node_2] SUITE-Bills-MacBook-Pro.local-CHILD_VM=[0]-CLUSTER_SEED=[-5479796098066678857]-HASH=[135419C0A2C5BCA8]/kyIfx25WQyW_WnXu6uZFMA
[2014-02-18 15:35:09,430][INFO ][http                     ] [node_2] bound_address {inet[/0:0:0:0:0:0:0:0:9205]}, publish_address {inet[/10.1.10.75:9205]}
[2014-02-18 15:35:09,431][INFO ][node                     ] [node_2] started
[2014-02-18 15:35:09,431][INFO ][test                     ] Start Shared Node [node_2] not shared
[2014-02-18 15:35:09,433][INFO ][node                     ] [node_3] version[1.0.0], pid[6815], build[a46900e/2014-02-18T23:32:25Z]
[2014-02-18 15:35:09,433][INFO ][node                     ] [node_3] initializing ...
[2014-02-18 15:35:09,434][INFO ][plugins                  ] [node_3] loaded [], sites []
[2014-02-18 15:35:09,496][INFO ][node                     ] [node_3] initialized
[2014-02-18 15:35:09,496][INFO ][node                     ] [node_3] starting ...
[2014-02-18 15:35:09,507][INFO ][transport                ] [node_3] bound_address {inet[/0:0:0:0:0:0:0:0:9306]}, publish_address {inet[/10.1.10.75:9306]}
[2014-02-18 15:35:09,512][WARN ][discovery.zen.ping.multicast] [node_3] failed to receive packet, throttling...
java.net.SocketException: Socket closed
	at java.net.PlainDatagramSocketImpl.peekData(Native Method)
	at java.net.DatagramSocket.receive(DatagramSocket.java:726)
	at org.elasticsearch.discovery.zen.ping.multicast.MulticastZenPing$Receiver.run(MulticastZenPing.java:366)
	at java.lang.Thread.run(Thread.java:744)
[2014-02-18 15:35:10,016][WARN ][discovery.zen.ping.multicast] [node_3] failed to receive packet, throttling...
java.net.SocketException: Socket closed
	at java.net.PlainDatagramSocketImpl.peekData(Native Method)
	at java.net.DatagramSocket.receive(DatagramSocket.java:726)
	at org.elasticsearch.discovery.zen.ping.multicast.MulticastZenPing$Receiver.run(MulticastZenPing.java:366)
	at java.lang.Thread.run(Thread.java:744)
[2014-02-18 15:35:10,518][WARN ][discovery.zen.ping.multicast] [node_3] failed to receive packet, throttling...
java.net.SocketException: Socket closed
	at java.net.PlainDatagramSocketImpl.peekData(Native Method)
	at java.net.DatagramSocket.receive(DatagramSocket.java:726)
	at org.elasticsearch.discovery.zen.ping.multicast.MulticastZenPing$Receiver.run(MulticastZenPing.java:366)
	at java.lang.Thread.run(Thread.java:744)
[2014-02-18 15:35:11,020][WARN ][discovery.zen.ping.multicast] [node_3] failed to receive packet, throttling...
java.net.SocketException: Socket closed
	at java.net.PlainDatagramSocketImpl.peekData(Native Method)
	at java.net.DatagramSocket.receive(DatagramSocket.java:726)
	at org.elasticsearch.discovery.zen.ping.multicast.MulticastZenPing$Receiver.run(MulticastZenPing.java:366)
	at java.lang.Thread.run(Thread.java:744)
[2014-02-18 15:35:11,521][WARN ][discovery.zen.ping.multicast] [node_3] failed to receive packet, throttling...
java.net.SocketException: Socket closed
	at java.net.PlainDatagramSocketImpl.peekData(Native Method)
	at java.net.DatagramSocket.receive(DatagramSocket.java:726)
	at org.elasticsearch.discovery.zen.ping.multicast.MulticastZenPing$Receiver.run(MulticastZenPing.java:366)
	at java.lang.Thread.run(Thread.java:744)
[2014-02-18 15:35:12,023][WARN ][discovery.zen.ping.multicast] [node_3] failed to receive packet, throttling...
java.net.SocketException: Socket closed
	at java.net.PlainDatagramSocketImpl.peekData(Native Method)
	at java.net.DatagramSocket.receive(DatagramSocket.java:726)
	at org.elasticsearch.discovery.zen.ping.multicast.MulticastZenPing$Receiver.run(MulticastZenPing.java:366)
	at java.lang.Thread.run(Thread.java:744)
[2014-02-18 15:35:12,524][WARN ][discovery.zen.ping.multicast] [node_3] failed to receive packet, throttling...
java.net.SocketException: Socket closed
	at java.net.PlainDatagramSocketImpl.peekData(Native Method)
	at java.net.DatagramSocket.receive(DatagramSocket.java:726)
	at org.elasticsearch.discovery.zen.ping.multicast.MulticastZenPing$Receiver.run(MulticastZenPing.java:366)
	at java.lang.Thread.run(Thread.java:744)
[2014-02-18 15:35:12,533][INFO ][cluster.service          ] [node_0] added {[node_3][NlMFKldRSlK_2TQJOwnn0A][Bills-MacBook-Pro.local][inet[/10.1.10.75:9306]],}, reason: zen-disco-receive(join from node[[node_3][NlMFKldRSlK_2TQJOwnn0A][Bills-MacBook-Pro.local][inet[/10.1.10.75:9306]]])
[2014-02-18 15:35:12,534][INFO ][cluster.service          ] [node_2] added {[node_3][NlMFKldRSlK_2TQJOwnn0A][Bills-MacBook-Pro.local][inet[/10.1.10.75:9306]],}, reason: zen-disco-receive(from master [[node_0][27n8tcE8THKGHWZC1-fryg][Bills-MacBook-Pro.local][inet[/10.1.10.75:9303]]])
[2014-02-18 15:35:12,534][INFO ][cluster.service          ] [node_1] added {[node_3][NlMFKldRSlK_2TQJOwnn0A][Bills-MacBook-Pro.local][inet[/10.1.10.75:9306]],}, reason: zen-disco-receive(from master [[node_0][27n8tcE8THKGHWZC1-fryg][Bills-MacBook-Pro.local][inet[/10.1.10.75:9303]]])
[2014-02-18 15:35:12,535][INFO ][cluster.service          ] [node_3] detected_master [node_0][27n8tcE8THKGHWZC1-fryg][Bills-MacBook-Pro.local][inet[/10.1.10.75:9303]], added {[node_0][27n8tcE8THKGHWZC1-fryg][Bills-MacBook-Pro.local][inet[/10.1.10.75:9303]],[node_2][kyIfx25WQyW_WnXu6uZFMA][Bills-MacBook-Pro.local][inet[/10.1.10.75:9305]],[node_1][SgAJuMn1TU2Up6Y2DZj8pw][Bills-MacBook-Pro.local][inet[/10.1.10.75:9304]],}, reason: zen-disco-receive(from master [[node_0][27n8tcE8THKGHWZC1-fryg][Bills-MacBook-Pro.local][inet[/10.1.10.75:9303]]])
[2014-02-18 15:35:12,613][INFO ][discovery                ] [node_3] SUITE-Bills-MacBook-Pro.local-CHILD_VM=[0]-CLUSTER_SEED=[-5479796098066678857]-HASH=[135419C0A2C5BCA8]/NlMFKldRSlK_2TQJOwnn0A
[2014-02-18 15:35:12,617][INFO ][http                     ] [node_3] bound_address {inet[/0:0:0:0:0:0:0:0:9206]}, publish_address {inet[/10.1.10.75:9206]}
[2014-02-18 15:35:12,618][INFO ][node                     ] [node_3] started
[2014-02-18 15:35:12,618][INFO ][test                     ] Start Shared Node [node_3] not shared
[2014-02-18 15:35:12,621][INFO ][plugins                  ] [transport_client_node_2] loaded [], sites []
[2014-02-18 15:35:12,674][INFO ][plugins                  ] [transport_client_node_0] loaded [], sites []
[2014-02-18 15:35:12,729][INFO ][plugins                  ] [transport_client_node_1] loaded [], sites []
[2014-02-18 15:35:12,779][INFO ][river                    ] [RiverTests#testMultipleRiversStart]: before test
[2014-02-18 15:35:12,780][INFO ][river                    ] -->  testing with 2 rivers...
[2014-02-18 15:35:12,781][INFO ][plugins                  ] [transport_client_node_3] loaded [], sites []
[2014-02-18 15:35:12,829][INFO ][river                    ] -->  starting river [dummy-river-test-0]
[2014-02-18 15:35:12,840][INFO ][river                    ] -->  starting river [dummy-river-test-1]
[2014-02-18 15:35:12,853][INFO ][cluster.metadata         ] [node_0] [_river] creating index, cause [auto(index api)], shards [1]/[1], mappings []
[2014-02-18 15:35:12,952][INFO ][cluster.metadata         ] [node_0] [_river] update_mapping [dummy-river-test-0] (dynamic)
[2014-02-18 15:35:12,966][INFO ][cluster.metadata         ] [node_0] [_river] update_mapping [dummy-river-test-1] (dynamic)
[2014-02-18 15:35:12,966][INFO ][river                    ] -->  checking that all rivers were created
[2014-02-18 15:35:13,025][INFO ][river.dummy              ] [node_0] [org.elasticsearch.river.dummy.DummyRiverModule][dummy-river-test-1] create
[2014-02-18 15:35:13,025][INFO ][river.dummy              ] [node_0] [org.elasticsearch.river.dummy.DummyRiverModule][dummy-river-test-1] start
[2014-02-18 15:35:13,025][INFO ][river.dummy              ] [node_2] [org.elasticsearch.river.dummy.DummyRiverModule][dummy-river-test-0] create
[2014-02-18 15:35:13,028][INFO ][river.dummy              ] [node_2] [org.elasticsearch.river.dummy.DummyRiverModule][dummy-river-test-0] start
[2014-02-18 15:35:13,029][WARN ][discovery.zen.ping.multicast] [node_3] failed to receive packet, throttling...
java.net.SocketException: Socket closed
	at java.net.PlainDatagramSocketImpl.peekData(Native Method)
	at java.net.DatagramSocket.receive(DatagramSocket.java:726)
	at org.elasticsearch.discovery.zen.ping.multicast.MulticastZenPing$Receiver.run(MulticastZenPing.java:366)
	at java.lang.Thread.run(Thread.java:744)
[2014-02-18 15:35:13,037][INFO ][cluster.metadata         ] [node_0] [_river] update_mapping [dummy-river-test-0] (dynamic)
[2014-02-18 15:35:13,041][WARN ][river                    ] [node_2] ignoring river [org.elasticsearch.river.dummy.DummyRiverModule][dummy-river-test-0] creation, already exists
[2014-02-18 15:35:13,042][INFO ][cluster.metadata         ] [node_0] [_river] update_mapping [dummy-river-test-1] (dynamic)
[2014-02-18 15:35:13,188][INFO ][river                    ] [RiverTests#testMultipleRiversStart]: cleaning up after test
[2014-02-18 15:35:13,195][INFO ][cluster.metadata         ] [node_0] [_river] deleting index
[2014-02-18 15:35:13,216][INFO ][river.dummy              ] [node_0] [org.elasticsearch.river.dummy.DummyRiverModule][dummy-river-test-1] close
[2014-02-18 15:35:13,219][INFO ][river.dummy              ] [node_2] [org.elasticsearch.river.dummy.DummyRiverModule][dummy-river-test-0] close
[2014-02-18 15:35:13,233][INFO ][river                    ] [RiverTests#testMultipleRiversStart]: cleaned up after test
[2014-02-18 15:35:13,233][INFO ][test                     ] Wipe data directory for all nodes locations: [data/d3/SUITE-Bills-MacBook-Pro.local-CHILD_VM=[0]-CLUSTER_SEED=[-5479796098066678857]-HASH=[135419C0A2C5BCA8]/nodes/2, data/d1/SUITE-Bills-MacBook-Pro.local-CHILD_VM=[0]-CLUSTER_SEED=[-5479796098066678857]-HASH=[135419C0A2C5BCA8]/nodes/2, data/d1/SUITE-Bills-MacBook-Pro.local-CHILD_VM=[0]-CLUSTER_SEED=[-5479796098066678857]-HASH=[135419C0A2C5BCA8]/nodes/3, data/d3/SUITE-Bills-MacBook-Pro.local-CHILD_VM=[0]-CLUSTER_SEED=[-5479796098066678857]-HASH=[135419C0A2C5BCA8]/nodes/3, data/d1/SUITE-Bills-MacBook-Pro.local-CHILD_VM=[0]-CLUSTER_SEED=[-5479796098066678857]-HASH=[135419C0A2C5BCA8]/nodes/0, data/d1/SUITE-Bills-MacBook-Pro.local-CHILD_VM=[0]-CLUSTER_SEED=[-5479796098066678857]-HASH=[135419C0A2C5BCA8]/nodes/1, data/d0/SUITE-Bills-MacBook-Pro.local-CHILD_VM=[0]-CLUSTER_SEED=[-5479796098066678857]-HASH=[135419C0A2C5BCA8]/nodes/3, data/d0/SUITE-Bills-MacBook-Pro.local-CHILD_VM=[0]-CLUSTER_SEED=[-5479796098066678857]-HASH=[135419C0A2C5BCA8]/nodes/2, data/d0/SUITE-Bills-MacBook-Pro.local-CHILD_VM=[0]-CLUSTER_SEED=[-5479796098066678857]-HASH=[135419C0A2C5BCA8]/nodes/1, data/d0/SUITE-Bills-MacBook-Pro.local-CHILD_VM=[0]-CLUSTER_SEED=[-5479796098066678857]-HASH=[135419C0A2C5BCA8]/nodes/0, data/d3/SUITE-Bills-MacBook-Pro.local-CHILD_VM=[0]-CLUSTER_SEED=[-5479796098066678857]-HASH=[135419C0A2C5BCA8]/nodes/0, data/d3/SUITE-Bills-MacBook-Pro.local-CHILD_VM=[0]-CLUSTER_SEED=[-5479796098066678857]-HASH=[135419C0A2C5BCA8]/nodes/1, data/d2/SUITE-Bills-MacBook-Pro.local-CHILD_VM=[0]-CLUSTER_SEED=[-5479796098066678857]-HASH=[135419C0A2C5BCA8]/nodes/0, data/d2/SUITE-Bills-MacBook-Pro.local-CHILD_VM=[0]-CLUSTER_SEED=[-5479796098066678857]-HASH=[135419C0A2C5BCA8]/nodes/3, data/d2/SUITE-Bills-MacBook-Pro.local-CHILD_VM=[0]-CLUSTER_SEED=[-5479796098066678857]-HASH=[135419C0A2C5BCA8]/nodes/1, data/d2/SUITE-Bills-MacBook-Pro.local-CHILD_VM=[0]-CLUSTER_SEED=[-5479796098066678857]-HASH=[135419C0A2C5BCA8]/nodes/2]
[2014-02-18 15:35:13,271][INFO ][test                     ] Test testMultipleRiversStart(org.elasticsearch.river.RiverTests) finished
[2014-02-18 15:35:13,272][INFO ][test                     ] Test startDummyRiverWithDefaultTemplate(org.elasticsearch.river.RiverTests) started
[2014-02-18 15:35:13,278][INFO ][plugins                  ] [transport_client_node_0] loaded [], sites []
[2014-02-18 15:35:13,330][INFO ][river                    ] [RiverTests#startDummyRiverWithDefaultTemplate]: before test
[2014-02-18 15:35:13,331][INFO ][river                    ] --> create empty template
[2014-02-18 15:35:13,333][INFO ][river                    ] -->  starting river [dummy-river-default-template-test]
[2014-02-18 15:35:13,351][INFO ][cluster.metadata         ] [node_0] [_river] creating index, cause [auto(index api)], shards [1]/[1], mappings [_default_]
[2014-02-18 15:35:13,413][INFO ][river                    ] -->  checking that river [dummy-river-default-template-test] was created
[2014-02-18 15:35:13,441][INFO ][cluster.metadata         ] [node_0] [_river] update_mapping [dummy-river-default-template-test] (dynamic)
[2014-02-18 15:35:13,446][INFO ][river.dummy              ] [node_2] [org.elasticsearch.river.dummy.DummyRiverModule][dummy-river-default-template-test] create
[2014-02-18 15:35:13,446][INFO ][river.dummy              ] [node_2] [org.elasticsearch.river.dummy.DummyRiverModule][dummy-river-default-template-test] start
[2014-02-18 15:35:13,450][INFO ][cluster.metadata         ] [node_0] [_river] update_mapping [dummy-river-default-template-test] (dynamic)
[2014-02-18 15:35:13,454][INFO ][river                    ] [RiverTests#startDummyRiverWithDefaultTemplate]: cleaning up after test
[2014-02-18 15:35:13,456][INFO ][cluster.metadata         ] [node_0] [_river] deleting index
[2014-02-18 15:35:13,476][INFO ][river.dummy              ] [node_2] [org.elasticsearch.river.dummy.DummyRiverModule][dummy-river-default-template-test] close
[2014-02-18 15:35:13,486][INFO ][river                    ] [RiverTests#startDummyRiverWithDefaultTemplate]: cleaned up after test
[2014-02-18 15:35:13,495][INFO ][test                     ] Test startDummyRiverWithDefaultTemplate(org.elasticsearch.river.RiverTests) finished
[2014-02-18 15:35:13,496][INFO ][test                     ] Test startDummyRiverWithSomeTemplates(org.elasticsearch.river.RiverTests) started
[2014-02-18 15:35:13,501][INFO ][plugins                  ] [transport_client_node_0] loaded [], sites []
[2014-02-18 15:35:13,530][WARN ][discovery.zen.ping.multicast] [node_3] failed to receive packet, throttling...
java.net.SocketException: Socket closed
	at java.net.PlainDatagramSocketImpl.peekData(Native Method)
	at java.net.DatagramSocket.receive(DatagramSocket.java:726)
	at org.elasticsearch.discovery.zen.ping.multicast.MulticastZenPing$Receiver.run(MulticastZenPing.java:366)
	at java.lang.Thread.run(Thread.java:744)
[2014-02-18 15:35:13,544][INFO ][plugins                  ] [transport_client_node_2] loaded [], sites []
[2014-02-18 15:35:13,588][INFO ][river                    ] [RiverTests#startDummyRiverWithSomeTemplates]: before test
[2014-02-18 15:35:13,588][INFO ][river                    ] --> create some templates
[2014-02-18 15:35:13,594][INFO ][river                    ] -->  starting river [dummy-river-template-test]
[2014-02-18 15:35:13,613][INFO ][cluster.metadata         ] [node_0] [_river] creating index, cause [auto(index api)], shards [1]/[1], mappings [atype, _default_]
[2014-02-18 15:35:13,665][INFO ][river                    ] -->  checking that river [dummy-river-template-test] was created
[2014-02-18 15:35:13,697][INFO ][cluster.metadata         ] [node_0] [_river] update_mapping [dummy-river-template-test] (dynamic)
[2014-02-18 15:35:13,702][INFO ][river.dummy              ] [node_2] [org.elasticsearch.river.dummy.DummyRiverModule][dummy-river-template-test] create
[2014-02-18 15:35:13,703][INFO ][river.dummy              ] [node_2] [org.elasticsearch.river.dummy.DummyRiverModule][dummy-river-template-test] start
[2014-02-18 15:35:13,709][INFO ][cluster.metadata         ] [node_0] [_river] update_mapping [dummy-river-template-test] (dynamic)
[2014-02-18 15:35:13,713][INFO ][river                    ] [RiverTests#startDummyRiverWithSomeTemplates]: cleaning up after test
[2014-02-18 15:35:13,714][INFO ][cluster.metadata         ] [node_0] [_river] deleting index
[2014-02-18 15:35:13,743][INFO ][river.dummy              ] [node_2] [org.elasticsearch.river.dummy.DummyRiverModule][dummy-river-template-test] close
[2014-02-18 15:35:13,755][INFO ][river                    ] [RiverTests#startDummyRiverWithSomeTemplates]: cleaned up after test
[2014-02-18 15:35:13,769][INFO ][test                     ] Test startDummyRiverWithSomeTemplates(org.elasticsearch.river.RiverTests) finished
[2014-02-18 15:35:13,770][INFO ][test                     ] Test testRiverStart(org.elasticsearch.river.RiverTests) started
[2014-02-18 15:35:13,779][INFO ][river                    ] [RiverTests#testRiverStart]: before test
[2014-02-18 15:35:13,779][INFO ][river                    ] -->  starting river [dummy-river-test]
[2014-02-18 15:35:13,796][INFO ][cluster.metadata         ] [node_0] [_river] creating index, cause [auto(index api)], shards [1]/[1], mappings []
[2014-02-18 15:35:13,857][INFO ][cluster.metadata         ] [node_0] [_river] update_mapping [dummy-river-test] (dynamic)
[2014-02-18 15:35:13,866][INFO ][river                    ] -->  checking that river [dummy-river-test] was created
[2014-02-18 15:35:13,914][INFO ][river.dummy              ] [node_2] [org.elasticsearch.river.dummy.DummyRiverModule][dummy-river-test] create
[2014-02-18 15:35:13,915][INFO ][river.dummy              ] [node_2] [org.elasticsearch.river.dummy.DummyRiverModule][dummy-river-test] start
[2014-02-18 15:35:13,918][INFO ][cluster.metadata         ] [node_0] [_river] update_mapping [dummy-river-test] (dynamic)
[2014-02-18 15:35:13,941][INFO ][river                    ] [RiverTests#testRiverStart]: cleaning up after test
[2014-02-18 15:35:13,946][INFO ][cluster.metadata         ] [node_0] [_river] deleting index
[2014-02-18 15:35:13,963][INFO ][river.dummy              ] [node_2] [org.elasticsearch.river.dummy.DummyRiverModule][dummy-river-test] close
[2014-02-18 15:35:13,974][INFO ][river                    ] [RiverTests#testRiverStart]: cleaned up after test
[2014-02-18 15:35:13,975][INFO ][test                     ] Test testRiverStart(org.elasticsearch.river.RiverTests) finished
]]></system-out>
   <system-err><![CDATA[]]></system-err>
</testsuite>