<testsuite errors="0" failures="0" tests="15" skipped="0" name="org.elasticsearch.nested.SimpleNestedTests" hostname="nohost.nodomain" time="4.977" timestamp="2014-02-18T16:09:54">
   <properties class="java.util.ArrayList">
      <property name="awt.toolkit" value="sun.lwawt.macosx.LWCToolkit"/>
      <property name="es.logger.level" value="INFO"/>
      <property name="es.logger.prefix" value=""/>
      <property name="es.node.local" value=""/>
      <property name="es.node.mode" value=""/>
      <property name="file.encoding" value="UTF-8"/>
      <property name="file.encoding.pkg" value="sun.io"/>
      <property name="file.separator" value="/"/>
      <property name="ftp.nonProxyHosts" value="local|*.local|169.254/16|*.169.254/16"/>
      <property name="gopherProxySet" value="false"/>
      <property name="http.nonProxyHosts" value="local|*.local|169.254/16|*.169.254/16"/>
      <property name="java.awt.graphicsenv" value="sun.awt.CGraphicsEnvironment"/>
      <property name="java.awt.headless" value="true"/>
      <property name="java.awt.printerjob" value="sun.lwawt.macosx.CPrinterJob"/>
      <property name="java.class.path" value="/Users/bhwang/elasticsearch/target/test-classes:/Users/bhwang/elasticsearch/target/classes:/Users/bhwang/.m2/repository/org/hamcrest/hamcrest-all/1.3/hamcrest-all-1.3.jar:/Users/bhwang/.m2/repository/com/carrotsearch/randomizedtesting/randomizedtesting-runner/2.0.15/randomizedtesting-runner-2.0.15.jar:/Users/bhwang/.m2/repository/junit/junit/4.10/junit-4.10.jar:/Users/bhwang/.m2/repository/org/apache/lucene/lucene-test-framework/4.6.1/lucene-test-framework-4.6.1.jar:/Users/bhwang/.m2/repository/org/apache/lucene/lucene-expressions/4.6.1/lucene-expressions-4.6.1.jar:/Users/bhwang/.m2/repository/org/antlr/antlr-runtime/3.5/antlr-runtime-3.5.jar:/Users/bhwang/.m2/repository/org/ow2/asm/asm/4.1/asm-4.1.jar:/Users/bhwang/.m2/repository/org/ow2/asm/asm-commons/4.1/asm-commons-4.1.jar:/Users/bhwang/.m2/repository/org/apache/httpcomponents/httpclient/4.3.1/httpclient-4.3.1.jar:/Users/bhwang/.m2/repository/org/apache/httpcomponents/httpcore/4.3/httpcore-4.3.jar:/Users/bhwang/.m2/repository/commons-logging/commons-logging/1.1.3/commons-logging-1.1.3.jar:/Users/bhwang/.m2/repository/commons-codec/commons-codec/1.6/commons-codec-1.6.jar:/Users/bhwang/.m2/repository/org/apache/lucene/lucene-core/4.6.1/lucene-core-4.6.1.jar:/Users/bhwang/.m2/repository/org/apache/lucene/lucene-analyzers-common/4.6.1/lucene-analyzers-common-4.6.1.jar:/Users/bhwang/.m2/repository/org/apache/lucene/lucene-codecs/4.6.1/lucene-codecs-4.6.1.jar:/Users/bhwang/.m2/repository/org/apache/lucene/lucene-queries/4.6.1/lucene-queries-4.6.1.jar:/Users/bhwang/.m2/repository/org/apache/lucene/lucene-memory/4.6.1/lucene-memory-4.6.1.jar:/Users/bhwang/.m2/repository/org/apache/lucene/lucene-highlighter/4.6.1/lucene-highlighter-4.6.1.jar:/Users/bhwang/.m2/repository/org/apache/lucene/lucene-queryparser/4.6.1/lucene-queryparser-4.6.1.jar:/Users/bhwang/.m2/repository/org/apache/lucene/lucene-sandbox/4.6.1/lucene-sandbox-4.6.1.jar:/Users/bhwang/.m2/repository/org/apache/lucene/lucene-suggest/4.6.1/lucene-suggest-4.6.1.jar:/Users/bhwang/.m2/repository/org/apache/lucene/lucene-misc/4.6.1/lucene-misc-4.6.1.jar:/Users/bhwang/.m2/repository/org/apache/lucene/lucene-join/4.6.1/lucene-join-4.6.1.jar:/Users/bhwang/.m2/repository/org/apache/lucene/lucene-grouping/4.6.1/lucene-grouping-4.6.1.jar:/Users/bhwang/.m2/repository/org/apache/lucene/lucene-spatial/4.6.1/lucene-spatial-4.6.1.jar:/Users/bhwang/.m2/repository/com/spatial4j/spatial4j/0.3/spatial4j-0.3.jar:/Users/bhwang/.m2/repository/com/vividsolutions/jts/1.12/jts-1.12.jar:/Users/bhwang/.m2/repository/com/google/guava/guava/16.0/guava-16.0.jar:/Users/bhwang/.m2/repository/com/carrotsearch/hppc/0.5.3/hppc-0.5.3.jar:/Users/bhwang/.m2/repository/joda-time/joda-time/2.3/joda-time-2.3.jar:/Users/bhwang/.m2/repository/org/joda/joda-convert/1.2/joda-convert-1.2.jar:/Users/bhwang/.m2/repository/org/mvel/mvel2/2.1.5.Final/mvel2-2.1.5.Final.jar:/Users/bhwang/.m2/repository/com/fasterxml/jackson/core/jackson-core/2.3.0/jackson-core-2.3.0.jar:/Users/bhwang/.m2/repository/com/fasterxml/jackson/dataformat/jackson-dataformat-smile/2.3.0/jackson-dataformat-smile-2.3.0.jar:/Users/bhwang/.m2/repository/com/fasterxml/jackson/dataformat/jackson-dataformat-yaml/2.3.0/jackson-dataformat-yaml-2.3.0.jar:/Users/bhwang/.m2/repository/io/netty/netty/3.9.0.Final/netty-3.9.0.Final.jar:/Users/bhwang/.m2/repository/com/ning/compress-lzf/0.9.6/compress-lzf-0.9.6.jar:/Users/bhwang/.m2/repository/log4j/log4j/1.2.17/log4j-1.2.17.jar:/Users/bhwang/.m2/repository/org/slf4j/slf4j-api/1.6.2/slf4j-api-1.6.2.jar:/Users/bhwang/.m2/repository/net/java/dev/jna/jna/3.3.0/jna-3.3.0.jar:/Users/bhwang/.m2/repository/org/fusesource/sigar/1.6.4/sigar-1.6.4.jar:/Users/bhwang/.m2/repository/com/carrotsearch/randomizedtesting/junit4-ant/2.0.15/junit4-ant-2.0.15.jar"/>
      <property name="java.class.version" value="51.0"/>
      <property name="java.endorsed.dirs" value="/Library/Java/JavaVirtualMachines/jdk1.7.0_45.jdk/Contents/Home/jre/lib/endorsed"/>
      <property name="java.ext.dirs" value="/Users/bhwang/Library/Java/Extensions:/Library/Java/JavaVirtualMachines/jdk1.7.0_45.jdk/Contents/Home/jre/lib/ext:/Library/Java/Extensions:/Network/Library/Java/Extensions:/System/Library/Java/Extensions:/usr/lib/java"/>
      <property name="java.home" value="/Library/Java/JavaVirtualMachines/jdk1.7.0_45.jdk/Contents/Home/jre"/>
      <property name="java.io.tmpdir" value="."/>
      <property name="java.library.path" value="/Users/bhwang/Library/Java/Extensions:/Library/Java/Extensions:/Network/Library/Java/Extensions:/System/Library/Java/Extensions:/usr/lib/java:."/>
      <property name="java.runtime.name" value="Java(TM) SE Runtime Environment"/>
      <property name="java.runtime.version" value="1.7.0_45-b18"/>
      <property name="java.security.policy" value="/Users/bhwang/elasticsearch/dev-tools/tests.policy"/>
      <property name="java.specification.name" value="Java Platform API Specification"/>
      <property name="java.specification.vendor" value="Oracle Corporation"/>
      <property name="java.specification.version" value="1.7"/>
      <property name="java.vendor" value="Oracle Corporation"/>
      <property name="java.vendor.url" value="http://java.oracle.com/"/>
      <property name="java.vendor.url.bug" value="http://bugreport.sun.com/bugreport/"/>
      <property name="java.version" value="1.7.0_45"/>
      <property name="java.vm.info" value="mixed mode"/>
      <property name="java.vm.name" value="Java HotSpot(TM) 64-Bit Server VM"/>
      <property name="java.vm.specification.name" value="Java Virtual Machine Specification"/>
      <property name="java.vm.specification.vendor" value="Oracle Corporation"/>
      <property name="java.vm.specification.version" value="1.7"/>
      <property name="java.vm.vendor" value="Oracle Corporation"/>
      <property name="java.vm.version" value="24.45-b08"/>
      <property name="junit4.childvm.cwd" value="/Users/bhwang/elasticsearch/target/J0"/>
      <property name="junit4.childvm.id" value="0"/>
      <property name="junit4.memory.total" value="128974848"/>
      <property name="junit4.pidString" value="6815@Bills-MacBook-Pro.local"/>
      <property name="junit4.processors" value="4"/>
      <property name="junit4.tempDir" value="/Users/bhwang/elasticsearch/target"/>
      <property name="line.separator" value="
"/>
      <property name="os.arch" value="x86_64"/>
      <property name="os.name" value="Mac OS X"/>
      <property name="os.version" value="10.9.1"/>
      <property name="path.separator" value=":"/>
      <property name="socksNonProxyHosts" value="local|*.local|169.254/16|*.169.254/16"/>
      <property name="sun.arch.data.model" value="64"/>
      <property name="sun.boot.class.path" value="/Library/Java/JavaVirtualMachines/jdk1.7.0_45.jdk/Contents/Home/jre/lib/resources.jar:/Library/Java/JavaVirtualMachines/jdk1.7.0_45.jdk/Contents/Home/jre/lib/rt.jar:/Library/Java/JavaVirtualMachines/jdk1.7.0_45.jdk/Contents/Home/jre/lib/sunrsasign.jar:/Library/Java/JavaVirtualMachines/jdk1.7.0_45.jdk/Contents/Home/jre/lib/jsse.jar:/Library/Java/JavaVirtualMachines/jdk1.7.0_45.jdk/Contents/Home/jre/lib/jce.jar:/Library/Java/JavaVirtualMachines/jdk1.7.0_45.jdk/Contents/Home/jre/lib/charsets.jar:/Library/Java/JavaVirtualMachines/jdk1.7.0_45.jdk/Contents/Home/jre/lib/jfr.jar:/Library/Java/JavaVirtualMachines/jdk1.7.0_45.jdk/Contents/Home/jre/lib/JObjC.jar:/Library/Java/JavaVirtualMachines/jdk1.7.0_45.jdk/Contents/Home/jre/classes"/>
      <property name="sun.boot.library.path" value="/Library/Java/JavaVirtualMachines/jdk1.7.0_45.jdk/Contents/Home/jre/lib"/>
      <property name="sun.cpu.endian" value="little"/>
      <property name="sun.cpu.isalist" value=""/>
      <property name="sun.io.unicode.encoding" value="UnicodeBig"/>
      <property name="sun.java.command" value="com.carrotsearch.ant.tasks.junit4.slave.SlaveMainSafe -flush -eventsfile /Users/bhwang/elasticsearch/target/junit4-J0-20140218_153326_767.events @/Users/bhwang/elasticsearch/target/junit4-J0-20140218_153326_767.suites -stdin"/>
      <property name="sun.java.launcher" value="SUN_STANDARD"/>
      <property name="sun.jnu.encoding" value="UTF-8"/>
      <property name="sun.management.compiler" value="HotSpot 64-Bit Tiered Compilers"/>
      <property name="sun.os.patch.level" value="unknown"/>
      <property name="tests.appendseed" value=""/>
      <property name="tests.assertion.disabled" value=""/>
      <property name="tests.awaitsfix" value=""/>
      <property name="tests.badapples" value=""/>
      <property name="tests.class" value=""/>
      <property name="tests.client.ratio" value=""/>
      <property name="tests.cluster_seed" value=""/>
      <property name="tests.enable_mock_modules" value=""/>
      <property name="tests.failfast" value=""/>
      <property name="tests.integration" value=""/>
      <property name="tests.iters" value=""/>
      <property name="tests.jvm.argline" value=""/>
      <property name="tests.maxfailures" value=""/>
      <property name="tests.method" value=""/>
      <property name="tests.network" value=""/>
      <property name="tests.nightly" value=""/>
      <property name="tests.prefix" value="tests"/>
      <property name="tests.rest" value=""/>
      <property name="tests.rest.spec" value=""/>
      <property name="tests.rest.suite" value=""/>
      <property name="tests.security.manager" value=""/>
      <property name="tests.seed" value="A89B4FF56754358E"/>
      <property name="tests.showSuccess" value=""/>
      <property name="tests.slow" value=""/>
      <property name="tests.timeoutSuite" value=""/>
      <property name="tests.weekly" value=""/>
      <property name="user.country" value="US"/>
      <property name="user.dir" value="/Users/bhwang/elasticsearch/target/J0"/>
      <property name="user.home" value="/Users/bhwang"/>
      <property name="user.language" value="en"/>
      <property name="user.name" value="bhwang"/>
      <property name="user.timezone" value=""/>
   </properties>
   <testcase classname="org.elasticsearch.nested.SimpleNestedTests" name="noChildrenNestedDeletedByQuery1" time="0.402"/>
   <testcase classname="org.elasticsearch.nested.SimpleNestedTests" name="simpleNestedDeletedByQuery1" time="0.346"/>
   <testcase classname="org.elasticsearch.nested.SimpleNestedTests" name="testExplain" time="0.485"/>
   <testcase classname="org.elasticsearch.nested.SimpleNestedTests" name="testFacetsSingleShard" time="0.305"/>
   <testcase classname="org.elasticsearch.nested.SimpleNestedTests" name="testSimpleNestedSorting" time="0.144"/>
   <testcase classname="org.elasticsearch.nested.SimpleNestedTests" name="testSortNestedWithNestedFilter" time="0.127"/>
   <testcase classname="org.elasticsearch.nested.SimpleNestedTests" name="simpleNestedDeletedByQuery3" time="0.344"/>
   <testcase classname="org.elasticsearch.nested.SimpleNestedTests" name="noChildrenNestedDeletedByQuery2" time="0.358"/>
   <testcase classname="org.elasticsearch.nested.SimpleNestedTests" name="simpleNested" time="0.511"/>
   <testcase classname="org.elasticsearch.nested.SimpleNestedTests" name="testFacetsMultiShards" time="0.425"/>
   <testcase classname="org.elasticsearch.nested.SimpleNestedTests" name="noChildrenNestedDeletedByQuery3" time="0.38"/>
   <testcase classname="org.elasticsearch.nested.SimpleNestedTests" name="testDeleteNestedDocsWithAlias" time="0.162"/>
   <testcase classname="org.elasticsearch.nested.SimpleNestedTests" name="multiNested" time="0.483"/>
   <testcase classname="org.elasticsearch.nested.SimpleNestedTests" name="testSimpleNestedSorting_withNestedFilterMissing" time="0.152"/>
   <testcase classname="org.elasticsearch.nested.SimpleNestedTests" name="simpleNestedDeletedByQuery2" time="0.338"/>
   <system-out><![CDATA[[2014-02-18 16:09:54,647][INFO ][test                     ] Test noChildrenNestedDeletedByQuery1(org.elasticsearch.nested.SimpleNestedTests) started
[2014-02-18 16:09:54,651][INFO ][plugins                  ] [transport_client_node_2] loaded [], sites []
[2014-02-18 16:09:54,676][INFO ][nested                   ] [SimpleNestedTests#noChildrenNestedDeletedByQuery1]: before test
[2014-02-18 16:09:54,685][INFO ][cluster.metadata         ] [node_0] [test] creating index, cause [api], shards [1]/[1], mappings [type1]
[2014-02-18 16:09:54,936][INFO ][cluster.metadata         ] [node_0] [test] update_mapping [type1] (dynamic)
[2014-02-18 16:09:55,026][INFO ][nested                   ] [SimpleNestedTests#noChildrenNestedDeletedByQuery1]: cleaning up after test
[2014-02-18 16:09:55,028][INFO ][cluster.metadata         ] [node_0] [test] deleting index
[2014-02-18 16:09:55,045][INFO ][nested                   ] [SimpleNestedTests#noChildrenNestedDeletedByQuery1]: cleaned up after test
[2014-02-18 16:09:55,049][INFO ][test                     ] Test noChildrenNestedDeletedByQuery1(org.elasticsearch.nested.SimpleNestedTests) finished
[2014-02-18 16:09:55,050][INFO ][test                     ] Test simpleNestedDeletedByQuery1(org.elasticsearch.nested.SimpleNestedTests) started
[2014-02-18 16:09:55,055][INFO ][nested                   ] [SimpleNestedTests#simpleNestedDeletedByQuery1]: before test
[2014-02-18 16:09:55,057][INFO ][plugins                  ] [transport_client_node_0] loaded [], sites []
[2014-02-18 16:09:55,087][INFO ][cluster.metadata         ] [node_0] [test] creating index, cause [api], shards [1]/[1], mappings [type1]
[2014-02-18 16:09:55,331][INFO ][cluster.metadata         ] [node_0] [test] update_mapping [type1] (dynamic)
[2014-02-18 16:09:55,381][INFO ][nested                   ] [SimpleNestedTests#simpleNestedDeletedByQuery1]: cleaning up after test
[2014-02-18 16:09:55,383][INFO ][cluster.metadata         ] [node_0] [test] deleting index
[2014-02-18 16:09:55,392][INFO ][nested                   ] [SimpleNestedTests#simpleNestedDeletedByQuery1]: cleaned up after test
[2014-02-18 16:09:55,395][INFO ][test                     ] Test simpleNestedDeletedByQuery1(org.elasticsearch.nested.SimpleNestedTests) finished
[2014-02-18 16:09:55,396][INFO ][test                     ] Test testExplain(org.elasticsearch.nested.SimpleNestedTests) started
[2014-02-18 16:09:55,399][INFO ][plugins                  ] [transport_client_node_2] loaded [], sites []
[2014-02-18 16:09:55,423][INFO ][plugins                  ] [transport_client_node_0] loaded [], sites []
[2014-02-18 16:09:55,450][INFO ][nested                   ] [SimpleNestedTests#testExplain]: before test
[2014-02-18 16:09:55,460][INFO ][cluster.metadata         ] [node_0] [test] creating index, cause [api], shards [5]/[1], mappings [type1]
[2014-02-18 16:09:55,791][INFO ][cluster.metadata         ] [node_0] [test] update_mapping [type1] (dynamic)
[2014-02-18 16:09:55,821][INFO ][nested                   ] [SimpleNestedTests#testExplain]: cleaning up after test
[2014-02-18 16:09:55,823][INFO ][cluster.metadata         ] [node_0] [test] deleting index
[2014-02-18 16:09:55,875][INFO ][nested                   ] [SimpleNestedTests#testExplain]: cleaned up after test
[2014-02-18 16:09:55,881][INFO ][test                     ] Test testExplain(org.elasticsearch.nested.SimpleNestedTests) finished
[2014-02-18 16:09:55,882][INFO ][test                     ] Test testFacetsSingleShard(org.elasticsearch.nested.SimpleNestedTests) started
[2014-02-18 16:09:55,886][INFO ][nested                   ] [SimpleNestedTests#testFacetsSingleShard]: before test
[2014-02-18 16:09:55,894][INFO ][cluster.metadata         ] [node_0] [test] creating index, cause [api], shards [1]/[1], mappings [type1]
[2014-02-18 16:09:56,152][INFO ][cluster.metadata         ] [node_0] [test] update_mapping [type1] (dynamic)
[2014-02-18 16:09:56,174][INFO ][nested                   ] [SimpleNestedTests#testFacetsSingleShard]: cleaning up after test
[2014-02-18 16:09:56,175][INFO ][cluster.metadata         ] [node_0] [test] deleting index
[2014-02-18 16:09:56,185][INFO ][nested                   ] [SimpleNestedTests#testFacetsSingleShard]: cleaned up after test
[2014-02-18 16:09:56,186][INFO ][test                     ] Test testFacetsSingleShard(org.elasticsearch.nested.SimpleNestedTests) finished
[2014-02-18 16:09:56,187][INFO ][test                     ] Test testSimpleNestedSorting(org.elasticsearch.nested.SimpleNestedTests) started
[2014-02-18 16:09:56,191][INFO ][plugins                  ] [transport_client_node_0] loaded [], sites []
[2014-02-18 16:09:56,212][INFO ][plugins                  ] [transport_client_node_1] loaded [], sites []
[2014-02-18 16:09:56,239][INFO ][nested                   ] [SimpleNestedTests#testSimpleNestedSorting]: before test
[2014-02-18 16:09:56,249][INFO ][cluster.metadata         ] [node_0] [test] creating index, cause [api], shards [1]/[0], mappings [type1]
[2014-02-18 16:09:56,286][INFO ][cluster.metadata         ] [node_0] [test] update_mapping [type1] (dynamic)
[2014-02-18 16:09:56,313][INFO ][nested                   ] [SimpleNestedTests#testSimpleNestedSorting]: cleaning up after test
[2014-02-18 16:09:56,314][INFO ][cluster.metadata         ] [node_0] [test] deleting index
[2014-02-18 16:09:56,324][INFO ][nested                   ] [SimpleNestedTests#testSimpleNestedSorting]: cleaned up after test
[2014-02-18 16:09:56,331][INFO ][test                     ] Test testSimpleNestedSorting(org.elasticsearch.nested.SimpleNestedTests) finished
[2014-02-18 16:09:56,331][INFO ][test                     ] Test testSortNestedWithNestedFilter(org.elasticsearch.nested.SimpleNestedTests) started
[2014-02-18 16:09:56,334][INFO ][plugins                  ] [transport_client_node_0] loaded [], sites []
[2014-02-18 16:09:56,358][INFO ][plugins                  ] [transport_client_node_2] loaded [], sites []
[2014-02-18 16:09:56,385][INFO ][nested                   ] [SimpleNestedTests#testSortNestedWithNestedFilter]: before test
[2014-02-18 16:09:56,393][INFO ][cluster.metadata         ] [node_0] [test] creating index, cause [api], shards [1]/[0], mappings [type1]
[2014-02-18 16:09:56,423][INFO ][cluster.metadata         ] [node_0] [test] update_mapping [type1] (dynamic)
[2014-02-18 16:09:56,441][INFO ][nested                   ] [SimpleNestedTests#testSortNestedWithNestedFilter]: cleaning up after test
[2014-02-18 16:09:56,442][INFO ][cluster.metadata         ] [node_0] [test] deleting index
[2014-02-18 16:09:56,451][INFO ][nested                   ] [SimpleNestedTests#testSortNestedWithNestedFilter]: cleaned up after test
[2014-02-18 16:09:56,458][INFO ][test                     ] Test testSortNestedWithNestedFilter(org.elasticsearch.nested.SimpleNestedTests) finished
[2014-02-18 16:09:56,459][INFO ][test                     ] Test simpleNestedDeletedByQuery3(org.elasticsearch.nested.SimpleNestedTests) started
[2014-02-18 16:09:56,463][INFO ][plugins                  ] [transport_client_node_2] loaded [], sites []
[2014-02-18 16:09:56,487][INFO ][nested                   ] [SimpleNestedTests#simpleNestedDeletedByQuery3]: before test
[2014-02-18 16:09:56,498][INFO ][cluster.metadata         ] [node_0] [test] creating index, cause [api], shards [1]/[1], mappings [type1]
[2014-02-18 16:09:56,749][INFO ][cluster.metadata         ] [node_0] [test] update_mapping [type1] (dynamic)
[2014-02-18 16:09:56,787][INFO ][nested                   ] [SimpleNestedTests#simpleNestedDeletedByQuery3]: cleaning up after test
[2014-02-18 16:09:56,788][INFO ][cluster.metadata         ] [node_0] [test] deleting index
[2014-02-18 16:09:56,798][INFO ][nested                   ] [SimpleNestedTests#simpleNestedDeletedByQuery3]: cleaned up after test
[2014-02-18 16:09:56,802][INFO ][test                     ] Test simpleNestedDeletedByQuery3(org.elasticsearch.nested.SimpleNestedTests) finished
[2014-02-18 16:09:56,802][INFO ][test                     ] Test noChildrenNestedDeletedByQuery2(org.elasticsearch.nested.SimpleNestedTests) started
[2014-02-18 16:09:56,806][INFO ][plugins                  ] [transport_client_node_1] loaded [], sites []
[2014-02-18 16:09:56,832][INFO ][plugins                  ] [transport_client_node_2] loaded [], sites []
[2014-02-18 16:09:56,856][INFO ][nested                   ] [SimpleNestedTests#noChildrenNestedDeletedByQuery2]: before test
[2014-02-18 16:09:56,864][INFO ][cluster.metadata         ] [node_0] [test] creating index, cause [api], shards [1]/[1], mappings [type1]
[2014-02-18 16:09:57,117][INFO ][cluster.metadata         ] [node_0] [test] update_mapping [type1] (dynamic)
[2014-02-18 16:09:57,144][INFO ][nested                   ] [SimpleNestedTests#noChildrenNestedDeletedByQuery2]: cleaning up after test
[2014-02-18 16:09:57,145][INFO ][cluster.metadata         ] [node_0] [test] deleting index
[2014-02-18 16:09:57,154][INFO ][nested                   ] [SimpleNestedTests#noChildrenNestedDeletedByQuery2]: cleaned up after test
[2014-02-18 16:09:57,160][INFO ][test                     ] Test noChildrenNestedDeletedByQuery2(org.elasticsearch.nested.SimpleNestedTests) finished
[2014-02-18 16:09:57,160][INFO ][test                     ] Test simpleNested(org.elasticsearch.nested.SimpleNestedTests) started
[2014-02-18 16:09:57,164][INFO ][plugins                  ] [transport_client_node_2] loaded [], sites []
[2014-02-18 16:09:57,186][INFO ][plugins                  ] [transport_client_node_1] loaded [], sites []
[2014-02-18 16:09:57,209][INFO ][plugins                  ] [transport_client_node_0] loaded [], sites []
[2014-02-18 16:09:57,233][INFO ][nested                   ] [SimpleNestedTests#simpleNested]: before test
[2014-02-18 16:09:57,245][INFO ][cluster.metadata         ] [node_0] [test] creating index, cause [api], shards [5]/[1], mappings [type1]
[2014-02-18 16:09:57,536][INFO ][cluster.metadata         ] [node_0] [test] update_mapping [type1] (dynamic)
[2014-02-18 16:09:57,630][INFO ][nested                   ] [SimpleNestedTests#simpleNested]: cleaning up after test
[2014-02-18 16:09:57,631][INFO ][cluster.metadata         ] [node_0] [test] deleting index
[2014-02-18 16:09:57,662][INFO ][nested                   ] [SimpleNestedTests#simpleNested]: cleaned up after test
[2014-02-18 16:09:57,671][INFO ][test                     ] Test simpleNested(org.elasticsearch.nested.SimpleNestedTests) finished
[2014-02-18 16:09:57,671][INFO ][test                     ] Test testFacetsMultiShards(org.elasticsearch.nested.SimpleNestedTests) started
[2014-02-18 16:09:57,675][INFO ][plugins                  ] [transport_client_node_0] loaded [], sites []
[2014-02-18 16:09:57,701][INFO ][plugins                  ] [transport_client_node_1] loaded [], sites []
[2014-02-18 16:09:57,734][INFO ][nested                   ] [SimpleNestedTests#testFacetsMultiShards]: before test
[2014-02-18 16:09:57,746][INFO ][cluster.metadata         ] [node_0] [test] creating index, cause [api], shards [3]/[1], mappings [type1]
[2014-02-18 16:09:58,014][INFO ][cluster.metadata         ] [node_0] [test] update_mapping [type1] (dynamic)
[2014-02-18 16:09:58,067][INFO ][nested                   ] [SimpleNestedTests#testFacetsMultiShards]: cleaning up after test
[2014-02-18 16:09:58,068][INFO ][cluster.metadata         ] [node_0] [test] deleting index
[2014-02-18 16:09:58,089][INFO ][nested                   ] [SimpleNestedTests#testFacetsMultiShards]: cleaned up after test
[2014-02-18 16:09:58,096][INFO ][test                     ] Test testFacetsMultiShards(org.elasticsearch.nested.SimpleNestedTests) finished
[2014-02-18 16:09:58,096][INFO ][test                     ] Test noChildrenNestedDeletedByQuery3(org.elasticsearch.nested.SimpleNestedTests) started
[2014-02-18 16:09:58,100][INFO ][plugins                  ] [transport_client_node_2] loaded [], sites []
[2014-02-18 16:09:58,121][INFO ][plugins                  ] [transport_client_node_1] loaded [], sites []
[2014-02-18 16:09:58,147][INFO ][nested                   ] [SimpleNestedTests#noChildrenNestedDeletedByQuery3]: before test
[2014-02-18 16:09:58,155][INFO ][cluster.metadata         ] [node_0] [test] creating index, cause [api], shards [1]/[1], mappings [type1]
[2014-02-18 16:09:58,391][INFO ][plugins                  ] [transport_client_node_0] loaded [], sites []
[2014-02-18 16:09:58,425][INFO ][cluster.metadata         ] [node_0] [test] update_mapping [type1] (dynamic)
[2014-02-18 16:09:58,455][INFO ][nested                   ] [SimpleNestedTests#noChildrenNestedDeletedByQuery3]: cleaning up after test
[2014-02-18 16:09:58,456][INFO ][cluster.metadata         ] [node_0] [test] deleting index
[2014-02-18 16:09:58,467][INFO ][nested                   ] [SimpleNestedTests#noChildrenNestedDeletedByQuery3]: cleaned up after test
[2014-02-18 16:09:58,476][INFO ][test                     ] Test noChildrenNestedDeletedByQuery3(org.elasticsearch.nested.SimpleNestedTests) finished
[2014-02-18 16:09:58,477][INFO ][test                     ] Test testDeleteNestedDocsWithAlias(org.elasticsearch.nested.SimpleNestedTests) started
[2014-02-18 16:09:58,481][INFO ][plugins                  ] [transport_client_node_0] loaded [], sites []
[2014-02-18 16:09:58,506][INFO ][nested                   ] [SimpleNestedTests#testDeleteNestedDocsWithAlias]: before test
[2014-02-18 16:09:58,517][INFO ][cluster.metadata         ] [node_0] [test] creating index, cause [api], shards [1]/[1], mappings [type1]
[2014-02-18 16:09:58,583][INFO ][cluster.metadata         ] [node_0] [test] update_mapping [type1] (dynamic)
[2014-02-18 16:09:58,623][INFO ][nested                   ] [SimpleNestedTests#testDeleteNestedDocsWithAlias]: cleaning up after test
[2014-02-18 16:09:58,624][INFO ][cluster.metadata         ] [node_0] [test] deleting index
[2014-02-18 16:09:58,635][INFO ][nested                   ] [SimpleNestedTests#testDeleteNestedDocsWithAlias]: cleaned up after test
[2014-02-18 16:09:58,639][INFO ][test                     ] Test testDeleteNestedDocsWithAlias(org.elasticsearch.nested.SimpleNestedTests) finished
[2014-02-18 16:09:58,639][INFO ][test                     ] Test multiNested(org.elasticsearch.nested.SimpleNestedTests) started
[2014-02-18 16:09:58,643][INFO ][plugins                  ] [transport_client_node_2] loaded [], sites []
[2014-02-18 16:09:58,665][INFO ][plugins                  ] [transport_client_node_0] loaded [], sites []
[2014-02-18 16:09:58,687][INFO ][nested                   ] [SimpleNestedTests#multiNested]: before test
[2014-02-18 16:09:58,695][INFO ][cluster.metadata         ] [node_0] [test] creating index, cause [api], shards [5]/[1], mappings [type1]
[2014-02-18 16:09:58,765][INFO ][plugins                  ] [transport_client_node_1] loaded [], sites []
[2014-02-18 16:09:59,028][INFO ][cluster.metadata         ] [node_0] [test] update_mapping [type1] (dynamic)
[2014-02-18 16:09:59,083][INFO ][nested                   ] [SimpleNestedTests#multiNested]: cleaning up after test
[2014-02-18 16:09:59,085][INFO ][cluster.metadata         ] [node_0] [test] deleting index
[2014-02-18 16:09:59,113][INFO ][nested                   ] [SimpleNestedTests#multiNested]: cleaned up after test
[2014-02-18 16:09:59,122][INFO ][test                     ] Test multiNested(org.elasticsearch.nested.SimpleNestedTests) finished
[2014-02-18 16:09:59,122][INFO ][test                     ] Test testSimpleNestedSorting_withNestedFilterMissing(org.elasticsearch.nested.SimpleNestedTests) started
[2014-02-18 16:09:59,125][INFO ][plugins                  ] [transport_client_node_0] loaded [], sites []
[2014-02-18 16:09:59,146][INFO ][plugins                  ] [transport_client_node_2] loaded [], sites []
[2014-02-18 16:09:59,170][INFO ][nested                   ] [SimpleNestedTests#testSimpleNestedSorting_withNestedFilterMissing]: before test
[2014-02-18 16:09:59,178][INFO ][cluster.metadata         ] [node_0] [test] creating index, cause [api], shards [1]/[0], mappings [type1]
[2014-02-18 16:09:59,200][INFO ][plugins                  ] [transport_client_node_1] loaded [], sites []
[2014-02-18 16:09:59,205][INFO ][cluster.metadata         ] [node_0] [test] update_mapping [type1] (dynamic)
[2014-02-18 16:09:59,250][INFO ][nested                   ] [SimpleNestedTests#testSimpleNestedSorting_withNestedFilterMissing]: cleaning up after test
[2014-02-18 16:09:59,251][INFO ][cluster.metadata         ] [node_0] [test] deleting index
[2014-02-18 16:09:59,262][INFO ][nested                   ] [SimpleNestedTests#testSimpleNestedSorting_withNestedFilterMissing]: cleaned up after test
[2014-02-18 16:09:59,274][INFO ][test                     ] Test testSimpleNestedSorting_withNestedFilterMissing(org.elasticsearch.nested.SimpleNestedTests) finished
[2014-02-18 16:09:59,275][INFO ][test                     ] Test simpleNestedDeletedByQuery2(org.elasticsearch.nested.SimpleNestedTests) started
[2014-02-18 16:09:59,278][INFO ][plugins                  ] [transport_client_node_1] loaded [], sites []
[2014-02-18 16:09:59,307][INFO ][nested                   ] [SimpleNestedTests#simpleNestedDeletedByQuery2]: before test
[2014-02-18 16:09:59,319][INFO ][cluster.metadata         ] [node_0] [test] creating index, cause [api], shards [1]/[1], mappings [type1]
[2014-02-18 16:09:59,564][INFO ][cluster.metadata         ] [node_0] [test] update_mapping [type1] (dynamic)
[2014-02-18 16:09:59,599][INFO ][nested                   ] [SimpleNestedTests#simpleNestedDeletedByQuery2]: cleaning up after test
[2014-02-18 16:09:59,599][INFO ][cluster.metadata         ] [node_0] [test] deleting index
[2014-02-18 16:09:59,609][INFO ][nested                   ] [SimpleNestedTests#simpleNestedDeletedByQuery2]: cleaned up after test
[2014-02-18 16:09:59,613][INFO ][test                     ] Test simpleNestedDeletedByQuery2(org.elasticsearch.nested.SimpleNestedTests) finished
]]></system-out>
   <system-err><![CDATA[]]></system-err>
</testsuite>