<testsuite errors="0" failures="0" tests="15" skipped="0" name="org.elasticsearch.search.aggregations.metrics.StatsTests" hostname="nohost.nodomain" time="10.673" timestamp="2014-02-18T16:13:49">
   <properties class="java.util.ArrayList">
      <property name="awt.toolkit" value="sun.lwawt.macosx.LWCToolkit"/>
      <property name="es.logger.level" value="INFO"/>
      <property name="es.logger.prefix" value=""/>
      <property name="es.node.local" value=""/>
      <property name="es.node.mode" value=""/>
      <property name="file.encoding" value="UTF-8"/>
      <property name="file.encoding.pkg" value="sun.io"/>
      <property name="file.separator" value="/"/>
      <property name="ftp.nonProxyHosts" value="local|*.local|169.254/16|*.169.254/16"/>
      <property name="gopherProxySet" value="false"/>
      <property name="http.nonProxyHosts" value="local|*.local|169.254/16|*.169.254/16"/>
      <property name="java.awt.graphicsenv" value="sun.awt.CGraphicsEnvironment"/>
      <property name="java.awt.headless" value="true"/>
      <property name="java.awt.printerjob" value="sun.lwawt.macosx.CPrinterJob"/>
      <property name="java.class.path" value="/Users/bhwang/elasticsearch/target/test-classes:/Users/bhwang/elasticsearch/target/classes:/Users/bhwang/.m2/repository/org/hamcrest/hamcrest-all/1.3/hamcrest-all-1.3.jar:/Users/bhwang/.m2/repository/com/carrotsearch/randomizedtesting/randomizedtesting-runner/2.0.15/randomizedtesting-runner-2.0.15.jar:/Users/bhwang/.m2/repository/junit/junit/4.10/junit-4.10.jar:/Users/bhwang/.m2/repository/org/apache/lucene/lucene-test-framework/4.6.1/lucene-test-framework-4.6.1.jar:/Users/bhwang/.m2/repository/org/apache/lucene/lucene-expressions/4.6.1/lucene-expressions-4.6.1.jar:/Users/bhwang/.m2/repository/org/antlr/antlr-runtime/3.5/antlr-runtime-3.5.jar:/Users/bhwang/.m2/repository/org/ow2/asm/asm/4.1/asm-4.1.jar:/Users/bhwang/.m2/repository/org/ow2/asm/asm-commons/4.1/asm-commons-4.1.jar:/Users/bhwang/.m2/repository/org/apache/httpcomponents/httpclient/4.3.1/httpclient-4.3.1.jar:/Users/bhwang/.m2/repository/org/apache/httpcomponents/httpcore/4.3/httpcore-4.3.jar:/Users/bhwang/.m2/repository/commons-logging/commons-logging/1.1.3/commons-logging-1.1.3.jar:/Users/bhwang/.m2/repository/commons-codec/commons-codec/1.6/commons-codec-1.6.jar:/Users/bhwang/.m2/repository/org/apache/lucene/lucene-core/4.6.1/lucene-core-4.6.1.jar:/Users/bhwang/.m2/repository/org/apache/lucene/lucene-analyzers-common/4.6.1/lucene-analyzers-common-4.6.1.jar:/Users/bhwang/.m2/repository/org/apache/lucene/lucene-codecs/4.6.1/lucene-codecs-4.6.1.jar:/Users/bhwang/.m2/repository/org/apache/lucene/lucene-queries/4.6.1/lucene-queries-4.6.1.jar:/Users/bhwang/.m2/repository/org/apache/lucene/lucene-memory/4.6.1/lucene-memory-4.6.1.jar:/Users/bhwang/.m2/repository/org/apache/lucene/lucene-highlighter/4.6.1/lucene-highlighter-4.6.1.jar:/Users/bhwang/.m2/repository/org/apache/lucene/lucene-queryparser/4.6.1/lucene-queryparser-4.6.1.jar:/Users/bhwang/.m2/repository/org/apache/lucene/lucene-sandbox/4.6.1/lucene-sandbox-4.6.1.jar:/Users/bhwang/.m2/repository/org/apache/lucene/lucene-suggest/4.6.1/lucene-suggest-4.6.1.jar:/Users/bhwang/.m2/repository/org/apache/lucene/lucene-misc/4.6.1/lucene-misc-4.6.1.jar:/Users/bhwang/.m2/repository/org/apache/lucene/lucene-join/4.6.1/lucene-join-4.6.1.jar:/Users/bhwang/.m2/repository/org/apache/lucene/lucene-grouping/4.6.1/lucene-grouping-4.6.1.jar:/Users/bhwang/.m2/repository/org/apache/lucene/lucene-spatial/4.6.1/lucene-spatial-4.6.1.jar:/Users/bhwang/.m2/repository/com/spatial4j/spatial4j/0.3/spatial4j-0.3.jar:/Users/bhwang/.m2/repository/com/vividsolutions/jts/1.12/jts-1.12.jar:/Users/bhwang/.m2/repository/com/google/guava/guava/16.0/guava-16.0.jar:/Users/bhwang/.m2/repository/com/carrotsearch/hppc/0.5.3/hppc-0.5.3.jar:/Users/bhwang/.m2/repository/joda-time/joda-time/2.3/joda-time-2.3.jar:/Users/bhwang/.m2/repository/org/joda/joda-convert/1.2/joda-convert-1.2.jar:/Users/bhwang/.m2/repository/org/mvel/mvel2/2.1.5.Final/mvel2-2.1.5.Final.jar:/Users/bhwang/.m2/repository/com/fasterxml/jackson/core/jackson-core/2.3.0/jackson-core-2.3.0.jar:/Users/bhwang/.m2/repository/com/fasterxml/jackson/dataformat/jackson-dataformat-smile/2.3.0/jackson-dataformat-smile-2.3.0.jar:/Users/bhwang/.m2/repository/com/fasterxml/jackson/dataformat/jackson-dataformat-yaml/2.3.0/jackson-dataformat-yaml-2.3.0.jar:/Users/bhwang/.m2/repository/io/netty/netty/3.9.0.Final/netty-3.9.0.Final.jar:/Users/bhwang/.m2/repository/com/ning/compress-lzf/0.9.6/compress-lzf-0.9.6.jar:/Users/bhwang/.m2/repository/log4j/log4j/1.2.17/log4j-1.2.17.jar:/Users/bhwang/.m2/repository/org/slf4j/slf4j-api/1.6.2/slf4j-api-1.6.2.jar:/Users/bhwang/.m2/repository/net/java/dev/jna/jna/3.3.0/jna-3.3.0.jar:/Users/bhwang/.m2/repository/org/fusesource/sigar/1.6.4/sigar-1.6.4.jar:/Users/bhwang/.m2/repository/com/carrotsearch/randomizedtesting/junit4-ant/2.0.15/junit4-ant-2.0.15.jar"/>
      <property name="java.class.version" value="51.0"/>
      <property name="java.endorsed.dirs" value="/Library/Java/JavaVirtualMachines/jdk1.7.0_45.jdk/Contents/Home/jre/lib/endorsed"/>
      <property name="java.ext.dirs" value="/Users/bhwang/Library/Java/Extensions:/Library/Java/JavaVirtualMachines/jdk1.7.0_45.jdk/Contents/Home/jre/lib/ext:/Library/Java/Extensions:/Network/Library/Java/Extensions:/System/Library/Java/Extensions:/usr/lib/java"/>
      <property name="java.home" value="/Library/Java/JavaVirtualMachines/jdk1.7.0_45.jdk/Contents/Home/jre"/>
      <property name="java.io.tmpdir" value="."/>
      <property name="java.library.path" value="/Users/bhwang/Library/Java/Extensions:/Library/Java/Extensions:/Network/Library/Java/Extensions:/System/Library/Java/Extensions:/usr/lib/java:."/>
      <property name="java.runtime.name" value="Java(TM) SE Runtime Environment"/>
      <property name="java.runtime.version" value="1.7.0_45-b18"/>
      <property name="java.security.policy" value="/Users/bhwang/elasticsearch/dev-tools/tests.policy"/>
      <property name="java.specification.name" value="Java Platform API Specification"/>
      <property name="java.specification.vendor" value="Oracle Corporation"/>
      <property name="java.specification.version" value="1.7"/>
      <property name="java.vendor" value="Oracle Corporation"/>
      <property name="java.vendor.url" value="http://java.oracle.com/"/>
      <property name="java.vendor.url.bug" value="http://bugreport.sun.com/bugreport/"/>
      <property name="java.version" value="1.7.0_45"/>
      <property name="java.vm.info" value="mixed mode"/>
      <property name="java.vm.name" value="Java HotSpot(TM) 64-Bit Server VM"/>
      <property name="java.vm.specification.name" value="Java Virtual Machine Specification"/>
      <property name="java.vm.specification.vendor" value="Oracle Corporation"/>
      <property name="java.vm.specification.version" value="1.7"/>
      <property name="java.vm.vendor" value="Oracle Corporation"/>
      <property name="java.vm.version" value="24.45-b08"/>
      <property name="junit4.childvm.cwd" value="/Users/bhwang/elasticsearch/target/J0"/>
      <property name="junit4.childvm.id" value="0"/>
      <property name="junit4.memory.total" value="128974848"/>
      <property name="junit4.pidString" value="6815@Bills-MacBook-Pro.local"/>
      <property name="junit4.processors" value="4"/>
      <property name="junit4.tempDir" value="/Users/bhwang/elasticsearch/target"/>
      <property name="line.separator" value="
"/>
      <property name="os.arch" value="x86_64"/>
      <property name="os.name" value="Mac OS X"/>
      <property name="os.version" value="10.9.1"/>
      <property name="path.separator" value=":"/>
      <property name="socksNonProxyHosts" value="local|*.local|169.254/16|*.169.254/16"/>
      <property name="sun.arch.data.model" value="64"/>
      <property name="sun.boot.class.path" value="/Library/Java/JavaVirtualMachines/jdk1.7.0_45.jdk/Contents/Home/jre/lib/resources.jar:/Library/Java/JavaVirtualMachines/jdk1.7.0_45.jdk/Contents/Home/jre/lib/rt.jar:/Library/Java/JavaVirtualMachines/jdk1.7.0_45.jdk/Contents/Home/jre/lib/sunrsasign.jar:/Library/Java/JavaVirtualMachines/jdk1.7.0_45.jdk/Contents/Home/jre/lib/jsse.jar:/Library/Java/JavaVirtualMachines/jdk1.7.0_45.jdk/Contents/Home/jre/lib/jce.jar:/Library/Java/JavaVirtualMachines/jdk1.7.0_45.jdk/Contents/Home/jre/lib/charsets.jar:/Library/Java/JavaVirtualMachines/jdk1.7.0_45.jdk/Contents/Home/jre/lib/jfr.jar:/Library/Java/JavaVirtualMachines/jdk1.7.0_45.jdk/Contents/Home/jre/lib/JObjC.jar:/Library/Java/JavaVirtualMachines/jdk1.7.0_45.jdk/Contents/Home/jre/classes"/>
      <property name="sun.boot.library.path" value="/Library/Java/JavaVirtualMachines/jdk1.7.0_45.jdk/Contents/Home/jre/lib"/>
      <property name="sun.cpu.endian" value="little"/>
      <property name="sun.cpu.isalist" value=""/>
      <property name="sun.io.unicode.encoding" value="UnicodeBig"/>
      <property name="sun.java.command" value="com.carrotsearch.ant.tasks.junit4.slave.SlaveMainSafe -flush -eventsfile /Users/bhwang/elasticsearch/target/junit4-J0-20140218_153326_767.events @/Users/bhwang/elasticsearch/target/junit4-J0-20140218_153326_767.suites -stdin"/>
      <property name="sun.java.launcher" value="SUN_STANDARD"/>
      <property name="sun.jnu.encoding" value="UTF-8"/>
      <property name="sun.management.compiler" value="HotSpot 64-Bit Tiered Compilers"/>
      <property name="sun.os.patch.level" value="unknown"/>
      <property name="tests.appendseed" value=""/>
      <property name="tests.assertion.disabled" value=""/>
      <property name="tests.awaitsfix" value=""/>
      <property name="tests.badapples" value=""/>
      <property name="tests.class" value=""/>
      <property name="tests.client.ratio" value=""/>
      <property name="tests.cluster_seed" value=""/>
      <property name="tests.enable_mock_modules" value=""/>
      <property name="tests.failfast" value=""/>
      <property name="tests.integration" value=""/>
      <property name="tests.iters" value=""/>
      <property name="tests.jvm.argline" value=""/>
      <property name="tests.maxfailures" value=""/>
      <property name="tests.method" value=""/>
      <property name="tests.network" value=""/>
      <property name="tests.nightly" value=""/>
      <property name="tests.prefix" value="tests"/>
      <property name="tests.rest" value=""/>
      <property name="tests.rest.spec" value=""/>
      <property name="tests.rest.suite" value=""/>
      <property name="tests.security.manager" value=""/>
      <property name="tests.seed" value="A89B4FF56754358E"/>
      <property name="tests.showSuccess" value=""/>
      <property name="tests.slow" value=""/>
      <property name="tests.timeoutSuite" value=""/>
      <property name="tests.weekly" value=""/>
      <property name="user.country" value="US"/>
      <property name="user.dir" value="/Users/bhwang/elasticsearch/target/J0"/>
      <property name="user.home" value="/Users/bhwang"/>
      <property name="user.language" value="en"/>
      <property name="user.name" value="bhwang"/>
      <property name="user.timezone" value=""/>
   </properties>
   <testcase classname="org.elasticsearch.search.aggregations.metrics.StatsTests" name="testMultiValuedField" time="0.948"/>
   <testcase classname="org.elasticsearch.search.aggregations.metrics.StatsTests" name="testScript_ExplicitSingleValued_WithParams" time="0.829"/>
   <testcase classname="org.elasticsearch.search.aggregations.metrics.StatsTests" name="testScript_SingleValued_WithParams" time="0.482"/>
   <testcase classname="org.elasticsearch.search.aggregations.metrics.StatsTests" name="testSingleValuedField_PartiallyUnmapped" time="0.926"/>
   <testcase classname="org.elasticsearch.search.aggregations.metrics.StatsTests" name="testSingleValuedField_WithValueScript" time="0.725"/>
   <testcase classname="org.elasticsearch.search.aggregations.metrics.StatsTests" name="testUnmapped" time="1.073"/>
   <testcase classname="org.elasticsearch.search.aggregations.metrics.StatsTests" name="testScript_MultiValued_WithParams" time="0.356"/>
   <testcase classname="org.elasticsearch.search.aggregations.metrics.StatsTests" name="testMultiValuedField_WithValueScript" time="0.54"/>
   <testcase classname="org.elasticsearch.search.aggregations.metrics.StatsTests" name="testScript_ExplicitMultiValued" time="0.742"/>
   <testcase classname="org.elasticsearch.search.aggregations.metrics.StatsTests" name="testSingleValuedField" time="0.652"/>
   <testcase classname="org.elasticsearch.search.aggregations.metrics.StatsTests" name="testMultiValuedField_WithValueScript_WithParams" time="0.75"/>
   <testcase classname="org.elasticsearch.search.aggregations.metrics.StatsTests" name="testScript_SingleValued" time="0.654"/>
   <testcase classname="org.elasticsearch.search.aggregations.metrics.StatsTests" name="testEmptyAggregation" time="0.436"/>
   <testcase classname="org.elasticsearch.search.aggregations.metrics.StatsTests" name="testSingleValuedField_WithValueScript_WithParams" time="0.592"/>
   <testcase classname="org.elasticsearch.search.aggregations.metrics.StatsTests" name="testScript_MultiValued" time="0.95"/>
   <system-out><![CDATA[[2014-02-18 16:13:49,820][INFO ][test                     ] Test testMultiValuedField(org.elasticsearch.search.aggregations.metrics.StatsTests) started
[2014-02-18 16:13:49,828][INFO ][plugins                  ] [transport_client_node_0] loaded [], sites []
[2014-02-18 16:13:49,854][INFO ][plugins                  ] [transport_client_node_1] loaded [], sites []
[2014-02-18 16:13:49,885][INFO ][search.aggregations.metrics] [StatsTests#testMultiValuedField]: before test
[2014-02-18 16:13:49,897][INFO ][cluster.metadata         ] [node_0] [idx] creating index, cause [api], shards [1]/[0], mappings []
[2014-02-18 16:13:49,942][INFO ][cluster.metadata         ] [node_0] [idx_unmapped] creating index, cause [api], shards [2]/[1], mappings []
[2014-02-18 16:13:49,982][INFO ][plugins                  ] [transport_client_node_2] loaded [], sites []
[2014-02-18 16:13:50,034][INFO ][search.aggregations.metrics] Index [10] docs async: [true] bulk: [false]
[2014-02-18 16:13:50,054][INFO ][cluster.metadata         ] [node_0] [idx] update_mapping [type] (dynamic)
[2014-02-18 16:13:50,236][INFO ][cluster.metadata         ] [node_0] [empty_bucket_idx] creating index, cause [api], shards [3]/[1], mappings [type]
[2014-02-18 16:13:50,288][INFO ][search.aggregations.metrics] Index [2] docs async: [true] bulk: [false]
[2014-02-18 16:13:50,594][TRACE][action.search.type       ] [node_2] Moving to second phase, based on results from: [t8Mqv-hjRzqYCBodDxtrKQ][idx][0] (cluster state version: 12572)
[2014-02-18 16:13:50,595][INFO ][search.aggregations.metrics] [StatsTests#testMultiValuedField]: cleaning up after test
[2014-02-18 16:13:50,598][INFO ][cluster.metadata         ] [node_0] [idx_unmapped] deleting index
[2014-02-18 16:13:50,616][INFO ][cluster.metadata         ] [node_0] [idx] deleting index
[2014-02-18 16:13:50,637][INFO ][cluster.metadata         ] [node_0] [empty_bucket_idx] deleting index
[2014-02-18 16:13:50,734][INFO ][search.aggregations.metrics] [StatsTests#testMultiValuedField]: cleaned up after test
[2014-02-18 16:13:50,767][INFO ][test                     ] Test testMultiValuedField(org.elasticsearch.search.aggregations.metrics.StatsTests) finished
[2014-02-18 16:13:50,768][INFO ][test                     ] Test testScript_ExplicitSingleValued_WithParams(org.elasticsearch.search.aggregations.metrics.StatsTests) started
[2014-02-18 16:13:50,782][INFO ][plugins                  ] [transport_client_node_2] loaded [], sites []
[2014-02-18 16:13:50,820][INFO ][search.aggregations.metrics] [StatsTests#testScript_ExplicitSingleValued_WithParams]: before test
[2014-02-18 16:13:50,839][INFO ][cluster.metadata         ] [node_0] [idx] creating index, cause [api], shards [4]/[1], mappings []
[2014-02-18 16:13:50,957][INFO ][cluster.metadata         ] [node_0] [idx_unmapped] creating index, cause [api], shards [4]/[1], mappings []
[2014-02-18 16:13:51,019][INFO ][search.aggregations.metrics] Index [10] docs async: [true] bulk: [false]
[2014-02-18 16:13:51,270][INFO ][cluster.metadata         ] [node_0] [idx] update_mapping [type] (dynamic)
[2014-02-18 16:13:51,297][INFO ][cluster.metadata         ] [node_0] [empty_bucket_idx] creating index, cause [api], shards [4]/[0], mappings [type]
[2014-02-18 16:13:51,355][INFO ][search.aggregations.metrics] Index [2] docs async: [true] bulk: [false]
[2014-02-18 16:13:51,389][TRACE][action.search.type       ] [node_1] Moving to second phase, based on results from: [q75XUfcITqG3o93Z8EOFnw][idx][0],[t8Mqv-hjRzqYCBodDxtrKQ][idx][3],[tbUF3y2YTPm1TPdTF8YBYw][idx][2],[q75XUfcITqG3o93Z8EOFnw][idx][1] (cluster state version: 12585)
[2014-02-18 16:13:51,392][INFO ][search.aggregations.metrics] [StatsTests#testScript_ExplicitSingleValued_WithParams]: cleaning up after test
[2014-02-18 16:13:51,393][INFO ][cluster.metadata         ] [node_0] [idx_unmapped] deleting index
[2014-02-18 16:13:51,445][INFO ][cluster.metadata         ] [node_0] [idx] deleting index
[2014-02-18 16:13:51,551][INFO ][cluster.metadata         ] [node_0] [empty_bucket_idx] deleting index
[2014-02-18 16:13:51,591][INFO ][search.aggregations.metrics] [StatsTests#testScript_ExplicitSingleValued_WithParams]: cleaned up after test
[2014-02-18 16:13:51,596][INFO ][test                     ] Test testScript_ExplicitSingleValued_WithParams(org.elasticsearch.search.aggregations.metrics.StatsTests) finished
[2014-02-18 16:13:51,597][INFO ][test                     ] Test testScript_SingleValued_WithParams(org.elasticsearch.search.aggregations.metrics.StatsTests) started
[2014-02-18 16:13:51,602][INFO ][search.aggregations.metrics] [StatsTests#testScript_SingleValued_WithParams]: before test
[2014-02-18 16:13:51,610][INFO ][cluster.metadata         ] [node_0] [idx] creating index, cause [api], shards [5]/[0], mappings []
[2014-02-18 16:13:51,750][INFO ][cluster.metadata         ] [node_0] [idx_unmapped] creating index, cause [api], shards [1]/[0], mappings []
[2014-02-18 16:13:51,784][INFO ][search.aggregations.metrics] Index [10] docs async: [true] bulk: [false]
[2014-02-18 16:13:51,796][INFO ][cluster.metadata         ] [node_0] [idx] update_mapping [type] (dynamic)
[2014-02-18 16:13:51,875][INFO ][cluster.metadata         ] [node_0] [empty_bucket_idx] creating index, cause [api], shards [4]/[0], mappings [type]
[2014-02-18 16:13:51,961][INFO ][search.aggregations.metrics] Index [2] docs async: [true] bulk: [false]
[2014-02-18 16:13:52,014][TRACE][action.search.type       ] [node_2] Moving to second phase, based on results from: [q75XUfcITqG3o93Z8EOFnw][idx][4],[t8Mqv-hjRzqYCBodDxtrKQ][idx][3],[tbUF3y2YTPm1TPdTF8YBYw][idx][2],[q75XUfcITqG3o93Z8EOFnw][idx][1],[t8Mqv-hjRzqYCBodDxtrKQ][idx][0] (cluster state version: 12597)
[2014-02-18 16:13:52,015][INFO ][search.aggregations.metrics] [StatsTests#testScript_SingleValued_WithParams]: cleaning up after test
[2014-02-18 16:13:52,016][INFO ][cluster.metadata         ] [node_0] [idx_unmapped] deleting index
[2014-02-18 16:13:52,032][INFO ][cluster.metadata         ] [node_0] [idx] deleting index
[2014-02-18 16:13:52,059][INFO ][cluster.metadata         ] [node_0] [empty_bucket_idx] deleting index
[2014-02-18 16:13:52,078][INFO ][search.aggregations.metrics] [StatsTests#testScript_SingleValued_WithParams]: cleaned up after test
[2014-02-18 16:13:52,079][INFO ][test                     ] Test testScript_SingleValued_WithParams(org.elasticsearch.search.aggregations.metrics.StatsTests) finished
[2014-02-18 16:13:52,080][INFO ][test                     ] Test testSingleValuedField_PartiallyUnmapped(org.elasticsearch.search.aggregations.metrics.StatsTests) started
[2014-02-18 16:13:52,087][INFO ][plugins                  ] [transport_client_node_2] loaded [], sites []
[2014-02-18 16:13:52,117][INFO ][plugins                  ] [transport_client_node_1] loaded [], sites []
[2014-02-18 16:13:52,144][INFO ][search.aggregations.metrics] [StatsTests#testSingleValuedField_PartiallyUnmapped]: before test
[2014-02-18 16:13:52,155][INFO ][cluster.metadata         ] [node_0] [idx] creating index, cause [api], shards [2]/[1], mappings []
[2014-02-18 16:13:52,246][INFO ][cluster.metadata         ] [node_0] [idx_unmapped] creating index, cause [api], shards [2]/[1], mappings []
[2014-02-18 16:13:52,272][INFO ][search.aggregations.metrics] Index [10] docs async: [true] bulk: [false]
[2014-02-18 16:13:52,529][INFO ][cluster.metadata         ] [node_0] [empty_bucket_idx] creating index, cause [api], shards [2]/[1], mappings [type]
[2014-02-18 16:13:52,598][INFO ][search.aggregations.metrics] Index [2] docs async: [true] bulk: [false]
[2014-02-18 16:13:52,621][INFO ][cluster.metadata         ] [node_0] [idx] update_mapping [type] (dynamic)
[2014-02-18 16:13:52,922][TRACE][action.search.type       ] [node_1] Moving to second phase, based on results from: [tbUF3y2YTPm1TPdTF8YBYw][idx_unmapped][0],[q75XUfcITqG3o93Z8EOFnw][idx][1],[t8Mqv-hjRzqYCBodDxtrKQ][idx_unmapped][1],[t8Mqv-hjRzqYCBodDxtrKQ][idx][0] (cluster state version: 12612)
[2014-02-18 16:13:52,923][INFO ][search.aggregations.metrics] [StatsTests#testSingleValuedField_PartiallyUnmapped]: cleaning up after test
[2014-02-18 16:13:52,925][INFO ][cluster.metadata         ] [node_0] [idx_unmapped] deleting index
[2014-02-18 16:13:52,943][INFO ][cluster.metadata         ] [node_0] [idx] deleting index
[2014-02-18 16:13:52,972][INFO ][cluster.metadata         ] [node_0] [empty_bucket_idx] deleting index
[2014-02-18 16:13:52,998][INFO ][search.aggregations.metrics] [StatsTests#testSingleValuedField_PartiallyUnmapped]: cleaned up after test
[2014-02-18 16:13:53,006][INFO ][test                     ] Test testSingleValuedField_PartiallyUnmapped(org.elasticsearch.search.aggregations.metrics.StatsTests) finished
[2014-02-18 16:13:53,006][INFO ][test                     ] Test testSingleValuedField_WithValueScript(org.elasticsearch.search.aggregations.metrics.StatsTests) started
[2014-02-18 16:13:53,013][INFO ][search.aggregations.metrics] [StatsTests#testSingleValuedField_WithValueScript]: before test
[2014-02-18 16:13:53,024][INFO ][cluster.metadata         ] [node_0] [idx] creating index, cause [api], shards [5]/[0], mappings []
[2014-02-18 16:13:53,102][INFO ][cluster.metadata         ] [node_0] [idx_unmapped] creating index, cause [api], shards [4]/[0], mappings []
[2014-02-18 16:13:53,150][INFO ][search.aggregations.metrics] Index [10] docs async: [true] bulk: [false]
[2014-02-18 16:13:53,160][INFO ][cluster.metadata         ] [node_0] [idx] update_mapping [type] (dynamic)
[2014-02-18 16:13:53,349][INFO ][cluster.metadata         ] [node_0] [empty_bucket_idx] creating index, cause [api], shards [5]/[0], mappings [type]
[2014-02-18 16:13:53,527][INFO ][search.aggregations.metrics] Index [2] docs async: [true] bulk: [false]
[2014-02-18 16:13:53,582][TRACE][action.search.type       ] [node_0] Moving to second phase, based on results from: [q75XUfcITqG3o93Z8EOFnw][idx][4],[t8Mqv-hjRzqYCBodDxtrKQ][idx][3],[tbUF3y2YTPm1TPdTF8YBYw][idx][2],[q75XUfcITqG3o93Z8EOFnw][idx][1],[t8Mqv-hjRzqYCBodDxtrKQ][idx][0] (cluster state version: 12625)
[2014-02-18 16:13:53,584][INFO ][search.aggregations.metrics] [StatsTests#testSingleValuedField_WithValueScript]: cleaning up after test
[2014-02-18 16:13:53,585][INFO ][cluster.metadata         ] [node_0] [idx_unmapped] deleting index
[2014-02-18 16:13:53,621][INFO ][cluster.metadata         ] [node_0] [idx] deleting index
[2014-02-18 16:13:53,696][INFO ][cluster.metadata         ] [node_0] [empty_bucket_idx] deleting index
[2014-02-18 16:13:53,729][INFO ][search.aggregations.metrics] [StatsTests#testSingleValuedField_WithValueScript]: cleaned up after test
[2014-02-18 16:13:53,731][INFO ][test                     ] Test testSingleValuedField_WithValueScript(org.elasticsearch.search.aggregations.metrics.StatsTests) finished
[2014-02-18 16:13:53,732][INFO ][test                     ] Test testUnmapped(org.elasticsearch.search.aggregations.metrics.StatsTests) started
[2014-02-18 16:13:53,743][INFO ][search.aggregations.metrics] [StatsTests#testUnmapped]: before test
[2014-02-18 16:13:53,768][INFO ][cluster.metadata         ] [node_0] [idx] creating index, cause [api], shards [4]/[0], mappings []
[2014-02-18 16:13:54,007][INFO ][cluster.metadata         ] [node_0] [idx_unmapped] creating index, cause [api], shards [5]/[0], mappings []
[2014-02-18 16:13:54,198][INFO ][search.aggregations.metrics] Index [10] docs async: [true] bulk: [false]
[2014-02-18 16:13:54,219][INFO ][cluster.metadata         ] [node_0] [idx] update_mapping [type] (dynamic)
[2014-02-18 16:13:54,645][INFO ][cluster.metadata         ] [node_0] [empty_bucket_idx] creating index, cause [api], shards [3]/[0], mappings [type]
[2014-02-18 16:13:54,703][INFO ][search.aggregations.metrics] Index [2] docs async: [true] bulk: [false]
[2014-02-18 16:13:54,740][TRACE][action.search.type       ] [node_0] Moving to second phase, based on results from: [q75XUfcITqG3o93Z8EOFnw][idx_unmapped][0],[tbUF3y2YTPm1TPdTF8YBYw][idx_unmapped][1],[t8Mqv-hjRzqYCBodDxtrKQ][idx_unmapped][2],[q75XUfcITqG3o93Z8EOFnw][idx_unmapped][3],[tbUF3y2YTPm1TPdTF8YBYw][idx_unmapped][4] (cluster state version: 12637)
[2014-02-18 16:13:54,741][INFO ][search.aggregations.metrics] [StatsTests#testUnmapped]: cleaning up after test
[2014-02-18 16:13:54,742][INFO ][cluster.metadata         ] [node_0] [idx_unmapped] deleting index
[2014-02-18 16:13:54,761][INFO ][cluster.metadata         ] [node_0] [idx] deleting index
[2014-02-18 16:13:54,781][INFO ][cluster.metadata         ] [node_0] [empty_bucket_idx] deleting index
[2014-02-18 16:13:54,802][INFO ][search.aggregations.metrics] [StatsTests#testUnmapped]: cleaned up after test
[2014-02-18 16:13:54,804][INFO ][test                     ] Test testUnmapped(org.elasticsearch.search.aggregations.metrics.StatsTests) finished
[2014-02-18 16:13:54,805][INFO ][test                     ] Test testScript_MultiValued_WithParams(org.elasticsearch.search.aggregations.metrics.StatsTests) started
[2014-02-18 16:13:54,814][INFO ][plugins                  ] [transport_client_node_1] loaded [], sites []
[2014-02-18 16:13:54,842][INFO ][plugins                  ] [transport_client_node_0] loaded [], sites []
[2014-02-18 16:13:54,866][INFO ][search.aggregations.metrics] [StatsTests#testScript_MultiValued_WithParams]: before test
[2014-02-18 16:13:54,875][INFO ][cluster.metadata         ] [node_0] [idx] creating index, cause [api], shards [2]/[0], mappings []
[2014-02-18 16:13:54,915][INFO ][cluster.metadata         ] [node_0] [idx_unmapped] creating index, cause [api], shards [2]/[0], mappings []
[2014-02-18 16:13:54,963][INFO ][search.aggregations.metrics] Index [10] docs async: [true] bulk: [false]
[2014-02-18 16:13:54,982][INFO ][cluster.metadata         ] [node_0] [idx] update_mapping [type] (dynamic)
[2014-02-18 16:13:55,044][INFO ][cluster.metadata         ] [node_0] [empty_bucket_idx] creating index, cause [api], shards [1]/[0], mappings [type]
[2014-02-18 16:13:55,063][INFO ][search.aggregations.metrics] Index [2] docs async: [true] bulk: [false]
[2014-02-18 16:13:55,082][TRACE][action.search.type       ] [node_1] Moving to second phase, based on results from: [t8Mqv-hjRzqYCBodDxtrKQ][idx][0],[q75XUfcITqG3o93Z8EOFnw][idx][1] (cluster state version: 12649)
[2014-02-18 16:13:55,083][INFO ][search.aggregations.metrics] [StatsTests#testScript_MultiValued_WithParams]: cleaning up after test
[2014-02-18 16:13:55,084][INFO ][cluster.metadata         ] [node_0] [idx_unmapped] deleting index
[2014-02-18 16:13:55,119][INFO ][cluster.metadata         ] [node_0] [idx] deleting index
[2014-02-18 16:13:55,143][INFO ][cluster.metadata         ] [node_0] [empty_bucket_idx] deleting index
[2014-02-18 16:13:55,154][INFO ][search.aggregations.metrics] [StatsTests#testScript_MultiValued_WithParams]: cleaned up after test
[2014-02-18 16:13:55,161][INFO ][test                     ] Test testScript_MultiValued_WithParams(org.elasticsearch.search.aggregations.metrics.StatsTests) finished
[2014-02-18 16:13:55,162][INFO ][test                     ] Test testMultiValuedField_WithValueScript(org.elasticsearch.search.aggregations.metrics.StatsTests) started
[2014-02-18 16:13:55,171][INFO ][plugins                  ] [transport_client_node_0] loaded [], sites []
[2014-02-18 16:13:55,204][INFO ][search.aggregations.metrics] [StatsTests#testMultiValuedField_WithValueScript]: before test
[2014-02-18 16:13:55,207][INFO ][plugins                  ] [transport_client_node_2] loaded [], sites []
[2014-02-18 16:13:55,258][INFO ][cluster.metadata         ] [node_0] [idx] creating index, cause [api], shards [1]/[1], mappings []
[2014-02-18 16:13:55,302][INFO ][cluster.metadata         ] [node_0] [idx_unmapped] creating index, cause [api], shards [1]/[0], mappings []
[2014-02-18 16:13:55,335][INFO ][plugins                  ] [transport_client_node_1] loaded [], sites []
[2014-02-18 16:13:55,363][INFO ][search.aggregations.metrics] Index [10] docs async: [true] bulk: [false]
[2014-02-18 16:13:55,392][INFO ][cluster.metadata         ] [node_0] [idx] update_mapping [type] (dynamic)
[2014-02-18 16:13:55,494][INFO ][cluster.metadata         ] [node_0] [empty_bucket_idx] creating index, cause [api], shards [4]/[0], mappings [type]
[2014-02-18 16:13:55,568][INFO ][search.aggregations.metrics] Index [2] docs async: [true] bulk: [false]
[2014-02-18 16:13:55,602][TRACE][action.search.type       ] [node_1] Moving to second phase, based on results from: [q75XUfcITqG3o93Z8EOFnw][idx][0] (cluster state version: 12661)
[2014-02-18 16:13:55,603][INFO ][search.aggregations.metrics] [StatsTests#testMultiValuedField_WithValueScript]: cleaning up after test
[2014-02-18 16:13:55,604][INFO ][cluster.metadata         ] [node_0] [idx_unmapped] deleting index
[2014-02-18 16:13:55,631][INFO ][cluster.metadata         ] [node_0] [idx] deleting index
[2014-02-18 16:13:55,651][INFO ][cluster.metadata         ] [node_0] [empty_bucket_idx] deleting index
[2014-02-18 16:13:55,684][INFO ][search.aggregations.metrics] [StatsTests#testMultiValuedField_WithValueScript]: cleaned up after test
[2014-02-18 16:13:55,702][INFO ][test                     ] Test testMultiValuedField_WithValueScript(org.elasticsearch.search.aggregations.metrics.StatsTests) finished
[2014-02-18 16:13:55,703][INFO ][test                     ] Test testScript_ExplicitMultiValued(org.elasticsearch.search.aggregations.metrics.StatsTests) started
[2014-02-18 16:13:55,717][INFO ][plugins                  ] [transport_client_node_1] loaded [], sites []
[2014-02-18 16:13:55,758][INFO ][search.aggregations.metrics] [StatsTests#testScript_ExplicitMultiValued]: before test
[2014-02-18 16:13:55,772][INFO ][cluster.metadata         ] [node_0] [idx] creating index, cause [api], shards [5]/[0], mappings []
[2014-02-18 16:13:55,859][INFO ][cluster.metadata         ] [node_0] [idx_unmapped] creating index, cause [api], shards [4]/[1], mappings []
[2014-02-18 16:13:55,913][INFO ][search.aggregations.metrics] Index [10] docs async: [true] bulk: [false]
[2014-02-18 16:13:56,025][INFO ][cluster.metadata         ] [node_0] [idx] update_mapping [type] (dynamic)
[2014-02-18 16:13:56,106][INFO ][cluster.metadata         ] [node_0] [empty_bucket_idx] creating index, cause [api], shards [4]/[0], mappings [type]
[2014-02-18 16:13:56,157][INFO ][search.aggregations.metrics] Index [2] docs async: [true] bulk: [false]
[2014-02-18 16:13:56,258][TRACE][action.search.type       ] [node_0] Moving to second phase, based on results from: [q75XUfcITqG3o93Z8EOFnw][idx][4],[t8Mqv-hjRzqYCBodDxtrKQ][idx][3],[tbUF3y2YTPm1TPdTF8YBYw][idx][2],[q75XUfcITqG3o93Z8EOFnw][idx][1],[t8Mqv-hjRzqYCBodDxtrKQ][idx][0] (cluster state version: 12679)
[2014-02-18 16:13:56,259][INFO ][search.aggregations.metrics] [StatsTests#testScript_ExplicitMultiValued]: cleaning up after test
[2014-02-18 16:13:56,261][INFO ][cluster.metadata         ] [node_0] [idx_unmapped] deleting index
[2014-02-18 16:13:56,329][INFO ][cluster.metadata         ] [node_0] [idx] deleting index
[2014-02-18 16:13:56,393][INFO ][cluster.metadata         ] [node_0] [empty_bucket_idx] deleting index
[2014-02-18 16:13:56,437][INFO ][search.aggregations.metrics] [StatsTests#testScript_ExplicitMultiValued]: cleaned up after test
[2014-02-18 16:13:56,445][INFO ][test                     ] Test testScript_ExplicitMultiValued(org.elasticsearch.search.aggregations.metrics.StatsTests) finished
[2014-02-18 16:13:56,445][INFO ][test                     ] Test testSingleValuedField(org.elasticsearch.search.aggregations.metrics.StatsTests) started
[2014-02-18 16:13:56,456][INFO ][search.aggregations.metrics] [StatsTests#testSingleValuedField]: before test
[2014-02-18 16:13:56,481][INFO ][cluster.metadata         ] [node_0] [idx] creating index, cause [api], shards [3]/[1], mappings []
[2014-02-18 16:13:56,619][INFO ][plugins                  ] [transport_client_node_2] loaded [], sites []
[2014-02-18 16:13:56,694][INFO ][cluster.metadata         ] [node_0] [idx_unmapped] creating index, cause [api], shards [5]/[0], mappings []
[2014-02-18 16:13:56,760][INFO ][search.aggregations.metrics] Index [10] docs async: [true] bulk: [false]
[2014-02-18 16:13:56,829][INFO ][cluster.metadata         ] [node_0] [idx] update_mapping [type] (dynamic)
[2014-02-18 16:13:56,902][INFO ][cluster.metadata         ] [node_0] [empty_bucket_idx] creating index, cause [api], shards [4]/[0], mappings [type]
[2014-02-18 16:13:56,971][INFO ][search.aggregations.metrics] Index [2] docs async: [true] bulk: [false]
[2014-02-18 16:13:57,011][TRACE][action.search.type       ] [node_2] Moving to second phase, based on results from: [q75XUfcITqG3o93Z8EOFnw][idx][0],[t8Mqv-hjRzqYCBodDxtrKQ][idx][2],[q75XUfcITqG3o93Z8EOFnw][idx][1] (cluster state version: 12692)
[2014-02-18 16:13:57,012][INFO ][search.aggregations.metrics] [StatsTests#testSingleValuedField]: cleaning up after test
[2014-02-18 16:13:57,014][INFO ][cluster.metadata         ] [node_0] [idx_unmapped] deleting index
[2014-02-18 16:13:57,031][INFO ][cluster.metadata         ] [node_0] [idx] deleting index
[2014-02-18 16:13:57,072][INFO ][cluster.metadata         ] [node_0] [empty_bucket_idx] deleting index
[2014-02-18 16:13:57,093][INFO ][search.aggregations.metrics] [StatsTests#testSingleValuedField]: cleaned up after test
[2014-02-18 16:13:57,096][INFO ][test                     ] Test testSingleValuedField(org.elasticsearch.search.aggregations.metrics.StatsTests) finished
[2014-02-18 16:13:57,097][INFO ][test                     ] Test testMultiValuedField_WithValueScript_WithParams(org.elasticsearch.search.aggregations.metrics.StatsTests) started
[2014-02-18 16:13:57,110][INFO ][plugins                  ] [transport_client_node_0] loaded [], sites []
[2014-02-18 16:13:57,137][INFO ][plugins                  ] [transport_client_node_2] loaded [], sites []
[2014-02-18 16:13:57,164][INFO ][search.aggregations.metrics] [StatsTests#testMultiValuedField_WithValueScript_WithParams]: before test
[2014-02-18 16:13:57,178][INFO ][cluster.metadata         ] [node_0] [idx] creating index, cause [api], shards [4]/[1], mappings []
[2014-02-18 16:13:57,251][INFO ][plugins                  ] [transport_client_node_1] loaded [], sites []
[2014-02-18 16:13:57,311][INFO ][cluster.metadata         ] [node_0] [idx_unmapped] creating index, cause [api], shards [2]/[0], mappings []
[2014-02-18 16:13:57,337][INFO ][search.aggregations.metrics] Index [10] docs async: [true] bulk: [false]
[2014-02-18 16:13:57,343][INFO ][cluster.metadata         ] [node_0] [idx] update_mapping [type] (dynamic)
[2014-02-18 16:13:57,486][INFO ][cluster.metadata         ] [node_0] [empty_bucket_idx] creating index, cause [api], shards [1]/[1], mappings [type]
[2014-02-18 16:13:57,521][INFO ][search.aggregations.metrics] Index [2] docs async: [true] bulk: [false]
[2014-02-18 16:13:57,769][TRACE][action.search.type       ] [node_1] Moving to second phase, based on results from: [q75XUfcITqG3o93Z8EOFnw][idx][0],[tbUF3y2YTPm1TPdTF8YBYw][idx][3],[tbUF3y2YTPm1TPdTF8YBYw][idx][2],[tbUF3y2YTPm1TPdTF8YBYw][idx][1] (cluster state version: 12706)
[2014-02-18 16:13:57,770][INFO ][search.aggregations.metrics] [StatsTests#testMultiValuedField_WithValueScript_WithParams]: cleaning up after test
[2014-02-18 16:13:57,772][INFO ][cluster.metadata         ] [node_0] [idx_unmapped] deleting index
[2014-02-18 16:13:57,780][INFO ][cluster.metadata         ] [node_0] [idx] deleting index
[2014-02-18 16:13:57,820][INFO ][cluster.metadata         ] [node_0] [empty_bucket_idx] deleting index
[2014-02-18 16:13:57,837][INFO ][search.aggregations.metrics] [StatsTests#testMultiValuedField_WithValueScript_WithParams]: cleaned up after test
[2014-02-18 16:13:57,847][INFO ][test                     ] Test testMultiValuedField_WithValueScript_WithParams(org.elasticsearch.search.aggregations.metrics.StatsTests) finished
[2014-02-18 16:13:57,848][INFO ][test                     ] Test testScript_SingleValued(org.elasticsearch.search.aggregations.metrics.StatsTests) started
[2014-02-18 16:13:57,852][INFO ][search.aggregations.metrics] [StatsTests#testScript_SingleValued]: before test
[2014-02-18 16:13:57,860][INFO ][plugins                  ] [transport_client_node_1] loaded [], sites []
[2014-02-18 16:13:57,891][INFO ][cluster.metadata         ] [node_0] [idx] creating index, cause [api], shards [2]/[1], mappings []
[2014-02-18 16:13:57,932][INFO ][cluster.metadata         ] [node_0] [idx_unmapped] creating index, cause [api], shards [2]/[1], mappings []
[2014-02-18 16:13:57,992][INFO ][search.aggregations.metrics] Index [10] docs async: [true] bulk: [false]
[2014-02-18 16:13:58,060][INFO ][cluster.metadata         ] [node_0] [idx] update_mapping [type] (dynamic)
[2014-02-18 16:13:58,140][INFO ][cluster.metadata         ] [node_0] [empty_bucket_idx] creating index, cause [api], shards [1]/[1], mappings [type]
[2014-02-18 16:13:58,159][INFO ][search.aggregations.metrics] Index [2] docs async: [true] bulk: [false]
[2014-02-18 16:13:58,431][TRACE][action.search.type       ] [node_1] Moving to second phase, based on results from: [t8Mqv-hjRzqYCBodDxtrKQ][idx][0],[tbUF3y2YTPm1TPdTF8YBYw][idx][1] (cluster state version: 12721)
[2014-02-18 16:13:58,433][INFO ][search.aggregations.metrics] [StatsTests#testScript_SingleValued]: cleaning up after test
[2014-02-18 16:13:58,434][INFO ][cluster.metadata         ] [node_0] [idx_unmapped] deleting index
[2014-02-18 16:13:58,450][INFO ][cluster.metadata         ] [node_0] [idx] deleting index
[2014-02-18 16:13:58,479][INFO ][cluster.metadata         ] [node_0] [empty_bucket_idx] deleting index
[2014-02-18 16:13:58,496][INFO ][search.aggregations.metrics] [StatsTests#testScript_SingleValued]: cleaned up after test
[2014-02-18 16:13:58,501][INFO ][test                     ] Test testScript_SingleValued(org.elasticsearch.search.aggregations.metrics.StatsTests) finished
[2014-02-18 16:13:58,502][INFO ][test                     ] Test testEmptyAggregation(org.elasticsearch.search.aggregations.metrics.StatsTests) started
[2014-02-18 16:13:58,510][INFO ][search.aggregations.metrics] [StatsTests#testEmptyAggregation]: before test
[2014-02-18 16:13:58,524][INFO ][cluster.metadata         ] [node_0] [idx] creating index, cause [api], shards [1]/[1], mappings []
[2014-02-18 16:13:58,553][INFO ][plugins                  ] [transport_client_node_1] loaded [], sites []
[2014-02-18 16:13:58,596][INFO ][cluster.metadata         ] [node_0] [idx_unmapped] creating index, cause [api], shards [2]/[1], mappings []
[2014-02-18 16:13:58,651][INFO ][search.aggregations.metrics] Index [10] docs async: [true] bulk: [false]
[2014-02-18 16:13:58,701][INFO ][cluster.metadata         ] [node_0] [idx] update_mapping [type] (dynamic)
[2014-02-18 16:13:58,784][INFO ][cluster.metadata         ] [node_0] [empty_bucket_idx] creating index, cause [api], shards [2]/[0], mappings [type]
[2014-02-18 16:13:58,814][INFO ][search.aggregations.metrics] Index [2] docs async: [true] bulk: [false]
[2014-02-18 16:13:58,866][TRACE][action.search.type       ] [node_0] Moving to second phase, based on results from: [t8Mqv-hjRzqYCBodDxtrKQ][empty_bucket_idx][0],[q75XUfcITqG3o93Z8EOFnw][empty_bucket_idx][1] (cluster state version: 12736)
[2014-02-18 16:13:58,868][INFO ][search.aggregations.metrics] [StatsTests#testEmptyAggregation]: cleaning up after test
[2014-02-18 16:13:58,870][INFO ][cluster.metadata         ] [node_0] [idx_unmapped] deleting index
[2014-02-18 16:13:58,900][INFO ][cluster.metadata         ] [node_0] [idx] deleting index
[2014-02-18 16:13:58,916][INFO ][cluster.metadata         ] [node_0] [empty_bucket_idx] deleting index
[2014-02-18 16:13:58,933][INFO ][search.aggregations.metrics] [StatsTests#testEmptyAggregation]: cleaned up after test
[2014-02-18 16:13:58,938][INFO ][test                     ] Test testEmptyAggregation(org.elasticsearch.search.aggregations.metrics.StatsTests) finished
[2014-02-18 16:13:58,938][INFO ][test                     ] Test testSingleValuedField_WithValueScript_WithParams(org.elasticsearch.search.aggregations.metrics.StatsTests) started
[2014-02-18 16:13:58,949][INFO ][plugins                  ] [transport_client_node_0] loaded [], sites []
[2014-02-18 16:13:58,990][INFO ][search.aggregations.metrics] [StatsTests#testSingleValuedField_WithValueScript_WithParams]: before test
[2014-02-18 16:13:59,002][INFO ][cluster.metadata         ] [node_0] [idx] creating index, cause [api], shards [4]/[1], mappings []
[2014-02-18 16:13:59,099][INFO ][cluster.metadata         ] [node_0] [idx_unmapped] creating index, cause [api], shards [1]/[1], mappings []
[2014-02-18 16:13:59,116][INFO ][search.aggregations.metrics] Index [10] docs async: [true] bulk: [false]
[2014-02-18 16:13:59,266][INFO ][cluster.metadata         ] [node_0] [idx] update_mapping [type] (dynamic)
[2014-02-18 16:13:59,312][INFO ][cluster.metadata         ] [node_0] [empty_bucket_idx] creating index, cause [api], shards [1]/[0], mappings [type]
[2014-02-18 16:13:59,343][INFO ][search.aggregations.metrics] Index [2] docs async: [false] bulk: [false]
[2014-02-18 16:13:59,385][TRACE][action.search.type       ] [node_1] Moving to second phase, based on results from: [t8Mqv-hjRzqYCBodDxtrKQ][idx][0],[tbUF3y2YTPm1TPdTF8YBYw][idx][3],[tbUF3y2YTPm1TPdTF8YBYw][idx][2],[q75XUfcITqG3o93Z8EOFnw][idx][1] (cluster state version: 12749)
[2014-02-18 16:13:59,387][INFO ][search.aggregations.metrics] [StatsTests#testSingleValuedField_WithValueScript_WithParams]: cleaning up after test
[2014-02-18 16:13:59,388][INFO ][cluster.metadata         ] [node_0] [idx_unmapped] deleting index
[2014-02-18 16:13:59,417][INFO ][cluster.metadata         ] [node_0] [idx] deleting index
[2014-02-18 16:13:59,499][INFO ][cluster.metadata         ] [node_0] [empty_bucket_idx] deleting index
[2014-02-18 16:13:59,525][INFO ][search.aggregations.metrics] [StatsTests#testSingleValuedField_WithValueScript_WithParams]: cleaned up after test
[2014-02-18 16:13:59,530][INFO ][test                     ] Test testSingleValuedField_WithValueScript_WithParams(org.elasticsearch.search.aggregations.metrics.StatsTests) finished
[2014-02-18 16:13:59,531][INFO ][test                     ] Test testScript_MultiValued(org.elasticsearch.search.aggregations.metrics.StatsTests) started
[2014-02-18 16:13:59,544][INFO ][plugins                  ] [transport_client_node_0] loaded [], sites []
[2014-02-18 16:13:59,582][INFO ][plugins                  ] [transport_client_node_1] loaded [], sites []
[2014-02-18 16:13:59,620][INFO ][search.aggregations.metrics] [StatsTests#testScript_MultiValued]: before test
[2014-02-18 16:13:59,638][INFO ][cluster.metadata         ] [node_0] [idx] creating index, cause [api], shards [5]/[1], mappings []
[2014-02-18 16:13:59,908][INFO ][cluster.metadata         ] [node_0] [idx_unmapped] creating index, cause [api], shards [3]/[0], mappings []
[2014-02-18 16:13:59,978][INFO ][search.aggregations.metrics] Index [10] docs async: [false] bulk: [true]
[2014-02-18 16:14:00,069][INFO ][cluster.metadata         ] [node_0] [idx] update_mapping [type] (dynamic)
[2014-02-18 16:14:00,105][INFO ][cluster.metadata         ] [node_0] [empty_bucket_idx] creating index, cause [api], shards [2]/[1], mappings [type]
[2014-02-18 16:14:00,135][INFO ][search.aggregations.metrics] Index [2] docs async: [true] bulk: [false]
[2014-02-18 16:14:00,394][TRACE][action.search.type       ] [node_0] Moving to second phase, based on results from: [tbUF3y2YTPm1TPdTF8YBYw][idx][4],[t8Mqv-hjRzqYCBodDxtrKQ][idx][3],[t8Mqv-hjRzqYCBodDxtrKQ][idx][2],[tbUF3y2YTPm1TPdTF8YBYw][idx][1],[tbUF3y2YTPm1TPdTF8YBYw][idx][0] (cluster state version: 12763)
[2014-02-18 16:14:00,396][INFO ][search.aggregations.metrics] [StatsTests#testScript_MultiValued]: cleaning up after test
[2014-02-18 16:14:00,398][INFO ][cluster.metadata         ] [node_0] [idx_unmapped] deleting index
[2014-02-18 16:14:00,410][INFO ][cluster.metadata         ] [node_0] [idx] deleting index
[2014-02-18 16:14:00,446][INFO ][cluster.metadata         ] [node_0] [empty_bucket_idx] deleting index
[2014-02-18 16:14:00,472][INFO ][search.aggregations.metrics] [StatsTests#testScript_MultiValued]: cleaned up after test
[2014-02-18 16:14:00,481][INFO ][test                     ] Test testScript_MultiValued(org.elasticsearch.search.aggregations.metrics.StatsTests) finished
]]></system-out>
   <system-err><![CDATA[]]></system-err>
</testsuite>