<testsuite errors="0" failures="0" tests="4" skipped="0" name="org.elasticsearch.cluster.SpecificMasterNodesTests" hostname="nohost.nodomain" time="34.109" timestamp="2014-02-18T15:44:38">
   <properties class="java.util.ArrayList">
      <property name="awt.toolkit" value="sun.lwawt.macosx.LWCToolkit"/>
      <property name="es.logger.level" value="INFO"/>
      <property name="es.logger.prefix" value=""/>
      <property name="es.node.local" value=""/>
      <property name="es.node.mode" value=""/>
      <property name="file.encoding" value="UTF-8"/>
      <property name="file.encoding.pkg" value="sun.io"/>
      <property name="file.separator" value="/"/>
      <property name="ftp.nonProxyHosts" value="local|*.local|169.254/16|*.169.254/16"/>
      <property name="gopherProxySet" value="false"/>
      <property name="http.nonProxyHosts" value="local|*.local|169.254/16|*.169.254/16"/>
      <property name="java.awt.graphicsenv" value="sun.awt.CGraphicsEnvironment"/>
      <property name="java.awt.headless" value="true"/>
      <property name="java.awt.printerjob" value="sun.lwawt.macosx.CPrinterJob"/>
      <property name="java.class.path" value="/Users/bhwang/elasticsearch/target/test-classes:/Users/bhwang/elasticsearch/target/classes:/Users/bhwang/.m2/repository/org/hamcrest/hamcrest-all/1.3/hamcrest-all-1.3.jar:/Users/bhwang/.m2/repository/com/carrotsearch/randomizedtesting/randomizedtesting-runner/2.0.15/randomizedtesting-runner-2.0.15.jar:/Users/bhwang/.m2/repository/junit/junit/4.10/junit-4.10.jar:/Users/bhwang/.m2/repository/org/apache/lucene/lucene-test-framework/4.6.1/lucene-test-framework-4.6.1.jar:/Users/bhwang/.m2/repository/org/apache/lucene/lucene-expressions/4.6.1/lucene-expressions-4.6.1.jar:/Users/bhwang/.m2/repository/org/antlr/antlr-runtime/3.5/antlr-runtime-3.5.jar:/Users/bhwang/.m2/repository/org/ow2/asm/asm/4.1/asm-4.1.jar:/Users/bhwang/.m2/repository/org/ow2/asm/asm-commons/4.1/asm-commons-4.1.jar:/Users/bhwang/.m2/repository/org/apache/httpcomponents/httpclient/4.3.1/httpclient-4.3.1.jar:/Users/bhwang/.m2/repository/org/apache/httpcomponents/httpcore/4.3/httpcore-4.3.jar:/Users/bhwang/.m2/repository/commons-logging/commons-logging/1.1.3/commons-logging-1.1.3.jar:/Users/bhwang/.m2/repository/commons-codec/commons-codec/1.6/commons-codec-1.6.jar:/Users/bhwang/.m2/repository/org/apache/lucene/lucene-core/4.6.1/lucene-core-4.6.1.jar:/Users/bhwang/.m2/repository/org/apache/lucene/lucene-analyzers-common/4.6.1/lucene-analyzers-common-4.6.1.jar:/Users/bhwang/.m2/repository/org/apache/lucene/lucene-codecs/4.6.1/lucene-codecs-4.6.1.jar:/Users/bhwang/.m2/repository/org/apache/lucene/lucene-queries/4.6.1/lucene-queries-4.6.1.jar:/Users/bhwang/.m2/repository/org/apache/lucene/lucene-memory/4.6.1/lucene-memory-4.6.1.jar:/Users/bhwang/.m2/repository/org/apache/lucene/lucene-highlighter/4.6.1/lucene-highlighter-4.6.1.jar:/Users/bhwang/.m2/repository/org/apache/lucene/lucene-queryparser/4.6.1/lucene-queryparser-4.6.1.jar:/Users/bhwang/.m2/repository/org/apache/lucene/lucene-sandbox/4.6.1/lucene-sandbox-4.6.1.jar:/Users/bhwang/.m2/repository/org/apache/lucene/lucene-suggest/4.6.1/lucene-suggest-4.6.1.jar:/Users/bhwang/.m2/repository/org/apache/lucene/lucene-misc/4.6.1/lucene-misc-4.6.1.jar:/Users/bhwang/.m2/repository/org/apache/lucene/lucene-join/4.6.1/lucene-join-4.6.1.jar:/Users/bhwang/.m2/repository/org/apache/lucene/lucene-grouping/4.6.1/lucene-grouping-4.6.1.jar:/Users/bhwang/.m2/repository/org/apache/lucene/lucene-spatial/4.6.1/lucene-spatial-4.6.1.jar:/Users/bhwang/.m2/repository/com/spatial4j/spatial4j/0.3/spatial4j-0.3.jar:/Users/bhwang/.m2/repository/com/vividsolutions/jts/1.12/jts-1.12.jar:/Users/bhwang/.m2/repository/com/google/guava/guava/16.0/guava-16.0.jar:/Users/bhwang/.m2/repository/com/carrotsearch/hppc/0.5.3/hppc-0.5.3.jar:/Users/bhwang/.m2/repository/joda-time/joda-time/2.3/joda-time-2.3.jar:/Users/bhwang/.m2/repository/org/joda/joda-convert/1.2/joda-convert-1.2.jar:/Users/bhwang/.m2/repository/org/mvel/mvel2/2.1.5.Final/mvel2-2.1.5.Final.jar:/Users/bhwang/.m2/repository/com/fasterxml/jackson/core/jackson-core/2.3.0/jackson-core-2.3.0.jar:/Users/bhwang/.m2/repository/com/fasterxml/jackson/dataformat/jackson-dataformat-smile/2.3.0/jackson-dataformat-smile-2.3.0.jar:/Users/bhwang/.m2/repository/com/fasterxml/jackson/dataformat/jackson-dataformat-yaml/2.3.0/jackson-dataformat-yaml-2.3.0.jar:/Users/bhwang/.m2/repository/io/netty/netty/3.9.0.Final/netty-3.9.0.Final.jar:/Users/bhwang/.m2/repository/com/ning/compress-lzf/0.9.6/compress-lzf-0.9.6.jar:/Users/bhwang/.m2/repository/log4j/log4j/1.2.17/log4j-1.2.17.jar:/Users/bhwang/.m2/repository/org/slf4j/slf4j-api/1.6.2/slf4j-api-1.6.2.jar:/Users/bhwang/.m2/repository/net/java/dev/jna/jna/3.3.0/jna-3.3.0.jar:/Users/bhwang/.m2/repository/org/fusesource/sigar/1.6.4/sigar-1.6.4.jar:/Users/bhwang/.m2/repository/com/carrotsearch/randomizedtesting/junit4-ant/2.0.15/junit4-ant-2.0.15.jar"/>
      <property name="java.class.version" value="51.0"/>
      <property name="java.endorsed.dirs" value="/Library/Java/JavaVirtualMachines/jdk1.7.0_45.jdk/Contents/Home/jre/lib/endorsed"/>
      <property name="java.ext.dirs" value="/Users/bhwang/Library/Java/Extensions:/Library/Java/JavaVirtualMachines/jdk1.7.0_45.jdk/Contents/Home/jre/lib/ext:/Library/Java/Extensions:/Network/Library/Java/Extensions:/System/Library/Java/Extensions:/usr/lib/java"/>
      <property name="java.home" value="/Library/Java/JavaVirtualMachines/jdk1.7.0_45.jdk/Contents/Home/jre"/>
      <property name="java.io.tmpdir" value="."/>
      <property name="java.library.path" value="/Users/bhwang/Library/Java/Extensions:/Library/Java/Extensions:/Network/Library/Java/Extensions:/System/Library/Java/Extensions:/usr/lib/java:."/>
      <property name="java.runtime.name" value="Java(TM) SE Runtime Environment"/>
      <property name="java.runtime.version" value="1.7.0_45-b18"/>
      <property name="java.security.policy" value="/Users/bhwang/elasticsearch/dev-tools/tests.policy"/>
      <property name="java.specification.name" value="Java Platform API Specification"/>
      <property name="java.specification.vendor" value="Oracle Corporation"/>
      <property name="java.specification.version" value="1.7"/>
      <property name="java.vendor" value="Oracle Corporation"/>
      <property name="java.vendor.url" value="http://java.oracle.com/"/>
      <property name="java.vendor.url.bug" value="http://bugreport.sun.com/bugreport/"/>
      <property name="java.version" value="1.7.0_45"/>
      <property name="java.vm.info" value="mixed mode"/>
      <property name="java.vm.name" value="Java HotSpot(TM) 64-Bit Server VM"/>
      <property name="java.vm.specification.name" value="Java Virtual Machine Specification"/>
      <property name="java.vm.specification.vendor" value="Oracle Corporation"/>
      <property name="java.vm.specification.version" value="1.7"/>
      <property name="java.vm.vendor" value="Oracle Corporation"/>
      <property name="java.vm.version" value="24.45-b08"/>
      <property name="junit4.childvm.cwd" value="/Users/bhwang/elasticsearch/target/J0"/>
      <property name="junit4.childvm.id" value="0"/>
      <property name="junit4.memory.total" value="128974848"/>
      <property name="junit4.pidString" value="6815@Bills-MacBook-Pro.local"/>
      <property name="junit4.processors" value="4"/>
      <property name="junit4.tempDir" value="/Users/bhwang/elasticsearch/target"/>
      <property name="line.separator" value="
"/>
      <property name="os.arch" value="x86_64"/>
      <property name="os.name" value="Mac OS X"/>
      <property name="os.version" value="10.9.1"/>
      <property name="path.separator" value=":"/>
      <property name="socksNonProxyHosts" value="local|*.local|169.254/16|*.169.254/16"/>
      <property name="sun.arch.data.model" value="64"/>
      <property name="sun.boot.class.path" value="/Library/Java/JavaVirtualMachines/jdk1.7.0_45.jdk/Contents/Home/jre/lib/resources.jar:/Library/Java/JavaVirtualMachines/jdk1.7.0_45.jdk/Contents/Home/jre/lib/rt.jar:/Library/Java/JavaVirtualMachines/jdk1.7.0_45.jdk/Contents/Home/jre/lib/sunrsasign.jar:/Library/Java/JavaVirtualMachines/jdk1.7.0_45.jdk/Contents/Home/jre/lib/jsse.jar:/Library/Java/JavaVirtualMachines/jdk1.7.0_45.jdk/Contents/Home/jre/lib/jce.jar:/Library/Java/JavaVirtualMachines/jdk1.7.0_45.jdk/Contents/Home/jre/lib/charsets.jar:/Library/Java/JavaVirtualMachines/jdk1.7.0_45.jdk/Contents/Home/jre/lib/jfr.jar:/Library/Java/JavaVirtualMachines/jdk1.7.0_45.jdk/Contents/Home/jre/lib/JObjC.jar:/Library/Java/JavaVirtualMachines/jdk1.7.0_45.jdk/Contents/Home/jre/classes"/>
      <property name="sun.boot.library.path" value="/Library/Java/JavaVirtualMachines/jdk1.7.0_45.jdk/Contents/Home/jre/lib"/>
      <property name="sun.cpu.endian" value="little"/>
      <property name="sun.cpu.isalist" value=""/>
      <property name="sun.io.unicode.encoding" value="UnicodeBig"/>
      <property name="sun.java.command" value="com.carrotsearch.ant.tasks.junit4.slave.SlaveMainSafe -flush -eventsfile /Users/bhwang/elasticsearch/target/junit4-J0-20140218_153326_767.events @/Users/bhwang/elasticsearch/target/junit4-J0-20140218_153326_767.suites -stdin"/>
      <property name="sun.java.launcher" value="SUN_STANDARD"/>
      <property name="sun.jnu.encoding" value="UTF-8"/>
      <property name="sun.management.compiler" value="HotSpot 64-Bit Tiered Compilers"/>
      <property name="sun.os.patch.level" value="unknown"/>
      <property name="tests.appendseed" value=""/>
      <property name="tests.assertion.disabled" value=""/>
      <property name="tests.awaitsfix" value=""/>
      <property name="tests.badapples" value=""/>
      <property name="tests.class" value=""/>
      <property name="tests.client.ratio" value=""/>
      <property name="tests.cluster_seed" value=""/>
      <property name="tests.enable_mock_modules" value=""/>
      <property name="tests.failfast" value=""/>
      <property name="tests.integration" value=""/>
      <property name="tests.iters" value=""/>
      <property name="tests.jvm.argline" value=""/>
      <property name="tests.maxfailures" value=""/>
      <property name="tests.method" value=""/>
      <property name="tests.network" value=""/>
      <property name="tests.nightly" value=""/>
      <property name="tests.prefix" value="tests"/>
      <property name="tests.rest" value=""/>
      <property name="tests.rest.spec" value=""/>
      <property name="tests.rest.suite" value=""/>
      <property name="tests.security.manager" value=""/>
      <property name="tests.seed" value="A89B4FF56754358E"/>
      <property name="tests.showSuccess" value=""/>
      <property name="tests.slow" value=""/>
      <property name="tests.timeoutSuite" value=""/>
      <property name="tests.weekly" value=""/>
      <property name="user.country" value="US"/>
      <property name="user.dir" value="/Users/bhwang/elasticsearch/target/J0"/>
      <property name="user.home" value="/Users/bhwang"/>
      <property name="user.language" value="en"/>
      <property name="user.name" value="bhwang"/>
      <property name="user.timezone" value=""/>
   </properties>
   <testcase classname="org.elasticsearch.cluster.SpecificMasterNodesTests" name="testAliasFilterValidation" time="6.364"/>
   <testcase classname="org.elasticsearch.cluster.SpecificMasterNodesTests" name="electOnlyBetweenMasterNodes" time="9.272"/>
   <testcase classname="org.elasticsearch.cluster.SpecificMasterNodesTests" name="simpleOnlyMasterNodeElection" time="12.139"/>
   <testcase classname="org.elasticsearch.cluster.SpecificMasterNodesTests" name="testCustomDefaultMapping" time="6.321"/>
   <system-out><![CDATA[[2014-02-18 15:44:38,404][INFO ][test                     ] Test testAliasFilterValidation(org.elasticsearch.cluster.SpecificMasterNodesTests) started
[2014-02-18 15:44:38,405][INFO ][test                     ] Setup TestCluster [TEST-Bills-MacBook-Pro.local-CHILD_VM=[0]-CLUSTER_SEED=[-2159653194415055223]-HASH=[13541A475335FC48]] with seed [E2075EDCACDA5E89] using [0] nodes
[2014-02-18 15:44:38,405][INFO ][cluster                  ] [SpecificMasterNodesTests#testAliasFilterValidation]: before test
[2014-02-18 15:44:38,405][INFO ][cluster                  ] --> start master node / non data
[2014-02-18 15:44:38,407][INFO ][node                     ] [node_0] version[1.0.0], pid[6815], build[a46900e/2014-02-18T23:32:25Z]
[2014-02-18 15:44:38,407][INFO ][node                     ] [node_0] initializing ...
[2014-02-18 15:44:38,408][INFO ][plugins                  ] [node_0] loaded [], sites []
[2014-02-18 15:44:38,463][INFO ][node                     ] [node_0] initialized
[2014-02-18 15:44:38,463][INFO ][node                     ] [node_0] starting ...
[2014-02-18 15:44:38,471][INFO ][transport                ] [node_0] bound_address {inet[/0:0:0:0:0:0:0:0:9303]}, publish_address {inet[/10.1.10.75:9303]}
[2014-02-18 15:44:41,478][INFO ][cluster.service          ] [node_0] new_master [node_0][sXjai_9VQBGoLqCVeOuDSA][Bills-MacBook-Pro.local][inet[/10.1.10.75:9303]]{data=false, master=true}, reason: zen-disco-join (elected_as_master)
[2014-02-18 15:44:41,500][INFO ][discovery                ] [node_0] TEST-Bills-MacBook-Pro.local-CHILD_VM=[0]-CLUSTER_SEED=[-2159653194415055223]-HASH=[13541A475335FC48]/sXjai_9VQBGoLqCVeOuDSA
[2014-02-18 15:44:41,501][INFO ][gateway                  ] [node_0] recovered [0] indices into cluster_state
[2014-02-18 15:44:41,504][INFO ][http                     ] [node_0] bound_address {inet[/0:0:0:0:0:0:0:0:9203]}, publish_address {inet[/10.1.10.75:9203]}
[2014-02-18 15:44:41,505][INFO ][node                     ] [node_0] started
[2014-02-18 15:44:41,505][INFO ][cluster                  ] --> start data node / non master node
[2014-02-18 15:44:41,506][INFO ][node                     ] [node_1] version[1.0.0], pid[6815], build[a46900e/2014-02-18T23:32:25Z]
[2014-02-18 15:44:41,506][INFO ][node                     ] [node_1] initializing ...
[2014-02-18 15:44:41,507][INFO ][plugins                  ] [node_1] loaded [], sites []
[2014-02-18 15:44:41,554][INFO ][node                     ] [node_1] initialized
[2014-02-18 15:44:41,554][INFO ][node                     ] [node_1] starting ...
[2014-02-18 15:44:41,560][INFO ][transport                ] [node_1] bound_address {inet[/0:0:0:0:0:0:0:0:9304]}, publish_address {inet[/10.1.10.75:9304]}
[2014-02-18 15:44:44,580][INFO ][cluster.service          ] [node_0] added {[node_1][vx65S4koS0-edTVM7OnkgQ][Bills-MacBook-Pro.local][inet[/10.1.10.75:9304]]{master=false},}, reason: zen-disco-receive(join from node[[node_1][vx65S4koS0-edTVM7OnkgQ][Bills-MacBook-Pro.local][inet[/10.1.10.75:9304]]{master=false}])
[2014-02-18 15:44:44,582][INFO ][cluster.service          ] [node_1] detected_master [node_0][sXjai_9VQBGoLqCVeOuDSA][Bills-MacBook-Pro.local][inet[/10.1.10.75:9303]]{data=false, master=true}, added {[node_0][sXjai_9VQBGoLqCVeOuDSA][Bills-MacBook-Pro.local][inet[/10.1.10.75:9303]]{data=false, master=true},}, reason: zen-disco-receive(from master [[node_0][sXjai_9VQBGoLqCVeOuDSA][Bills-MacBook-Pro.local][inet[/10.1.10.75:9303]]{data=false, master=true}])
[2014-02-18 15:44:44,595][INFO ][discovery                ] [node_1] TEST-Bills-MacBook-Pro.local-CHILD_VM=[0]-CLUSTER_SEED=[-2159653194415055223]-HASH=[13541A475335FC48]/vx65S4koS0-edTVM7OnkgQ
[2014-02-18 15:44:44,598][INFO ][http                     ] [node_1] bound_address {inet[/0:0:0:0:0:0:0:0:9204]}, publish_address {inet[/10.1.10.75:9204]}
[2014-02-18 15:44:44,599][INFO ][node                     ] [node_1] started
[2014-02-18 15:44:44,608][INFO ][cluster.metadata         ] [node_0] [test] creating index, cause [api], shards [5]/[1], mappings [type1]
[2014-02-18 15:44:44,677][INFO ][cluster                  ] [SpecificMasterNodesTests#testAliasFilterValidation]: cleaning up after test
[2014-02-18 15:44:44,677][INFO ][node                     ] [node_0] stopping ...
[2014-02-18 15:44:44,688][INFO ][node                     ] [node_0] stopped
[2014-02-18 15:44:44,689][INFO ][node                     ] [node_0] closing ...
[2014-02-18 15:44:44,695][INFO ][discovery.zen            ] [node_1] master_left [[node_0][sXjai_9VQBGoLqCVeOuDSA][Bills-MacBook-Pro.local][inet[/10.1.10.75:9303]]{data=false, master=true}], reason [transport disconnected (with verified connect)]
[2014-02-18 15:44:44,695][INFO ][node                     ] [node_0] closed
[2014-02-18 15:44:44,695][INFO ][node                     ] [node_1] stopping ...
[2014-02-18 15:44:44,695][WARN ][discovery.zen            ] [node_1] master_left and no other node elected to become master, current nodes: {[node_1][vx65S4koS0-edTVM7OnkgQ][Bills-MacBook-Pro.local][inet[/10.1.10.75:9304]]{master=false},}
[2014-02-18 15:44:44,696][INFO ][cluster.service          ] [node_1] removed {[node_0][sXjai_9VQBGoLqCVeOuDSA][Bills-MacBook-Pro.local][inet[/10.1.10.75:9303]]{data=false, master=true},}, reason: zen-disco-master_failed ([node_0][sXjai_9VQBGoLqCVeOuDSA][Bills-MacBook-Pro.local][inet[/10.1.10.75:9303]]{data=false, master=true})
[2014-02-18 15:44:44,738][INFO ][node                     ] [node_1] stopped
[2014-02-18 15:44:44,739][INFO ][node                     ] [node_1] closing ...
[2014-02-18 15:44:44,741][INFO ][node                     ] [node_1] closed
[2014-02-18 15:44:44,742][INFO ][cluster                  ] [SpecificMasterNodesTests#testAliasFilterValidation]: cleaned up after test
[2014-02-18 15:44:44,742][INFO ][test                     ] Wipe data directory for all nodes locations: [data/d1/TEST-Bills-MacBook-Pro.local-CHILD_VM=[0]-CLUSTER_SEED=[-2159653194415055223]-HASH=[13541A475335FC48]/nodes/1, data/d3/TEST-Bills-MacBook-Pro.local-CHILD_VM=[0]-CLUSTER_SEED=[-2159653194415055223]-HASH=[13541A475335FC48]/nodes/0, data/d3/TEST-Bills-MacBook-Pro.local-CHILD_VM=[0]-CLUSTER_SEED=[-2159653194415055223]-HASH=[13541A475335FC48]/nodes/1, data/d0/TEST-Bills-MacBook-Pro.local-CHILD_VM=[0]-CLUSTER_SEED=[-2159653194415055223]-HASH=[13541A475335FC48]/nodes/0, data/d0/TEST-Bills-MacBook-Pro.local-CHILD_VM=[0]-CLUSTER_SEED=[-2159653194415055223]-HASH=[13541A475335FC48]/nodes/1, data/d2/TEST-Bills-MacBook-Pro.local-CHILD_VM=[0]-CLUSTER_SEED=[-2159653194415055223]-HASH=[13541A475335FC48]/nodes/0, data/d2/TEST-Bills-MacBook-Pro.local-CHILD_VM=[0]-CLUSTER_SEED=[-2159653194415055223]-HASH=[13541A475335FC48]/nodes/1, data/d1/TEST-Bills-MacBook-Pro.local-CHILD_VM=[0]-CLUSTER_SEED=[-2159653194415055223]-HASH=[13541A475335FC48]/nodes/0]
[2014-02-18 15:44:44,767][INFO ][test                     ] Test testAliasFilterValidation(org.elasticsearch.cluster.SpecificMasterNodesTests) finished
[2014-02-18 15:44:44,767][INFO ][test                     ] Test electOnlyBetweenMasterNodes(org.elasticsearch.cluster.SpecificMasterNodesTests) started
[2014-02-18 15:44:44,769][INFO ][test                     ] Setup TestCluster [TEST-Bills-MacBook-Pro.local-CHILD_VM=[0]-CLUSTER_SEED=[-3467509610690218156]-HASH=[13541A48CE848260]] with seed [CFE0EE61778E7754] using [0] nodes
[2014-02-18 15:44:44,769][INFO ][cluster                  ] [SpecificMasterNodesTests#electOnlyBetweenMasterNodes]: before test
[2014-02-18 15:44:44,769][INFO ][cluster                  ] --> start data node / non master node
[2014-02-18 15:44:44,771][INFO ][node                     ] [node_0] version[1.0.0], pid[6815], build[a46900e/2014-02-18T23:32:25Z]
[2014-02-18 15:44:44,771][INFO ][node                     ] [node_0] initializing ...
[2014-02-18 15:44:44,771][INFO ][plugins                  ] [node_0] loaded [], sites []
[2014-02-18 15:44:44,819][INFO ][node                     ] [node_0] initialized
[2014-02-18 15:44:44,820][INFO ][node                     ] [node_0] starting ...
[2014-02-18 15:44:44,825][INFO ][transport                ] [node_0] bound_address {inet[/0:0:0:0:0:0:0:0:9303]}, publish_address {inet[/10.1.10.75:9303]}
[2014-02-18 15:44:45,826][WARN ][discovery                ] [node_0] waited for 1s and no initial state was set by the discovery
[2014-02-18 15:44:45,826][INFO ][discovery                ] [node_0] TEST-Bills-MacBook-Pro.local-CHILD_VM=[0]-CLUSTER_SEED=[-3467509610690218156]-HASH=[13541A48CE848260]/a4-bOJMWQImy4DLE8Gls3A
[2014-02-18 15:44:45,830][INFO ][http                     ] [node_0] bound_address {inet[/0:0:0:0:0:0:0:0:9203]}, publish_address {inet[/10.1.10.75:9203]}
[2014-02-18 15:44:45,842][INFO ][node                     ] [node_0] started
[2014-02-18 15:44:45,952][INFO ][cluster                  ] --> start master node (1)
[2014-02-18 15:44:45,953][INFO ][node                     ] [node_1] version[1.0.0], pid[6815], build[a46900e/2014-02-18T23:32:25Z]
[2014-02-18 15:44:45,953][INFO ][node                     ] [node_1] initializing ...
[2014-02-18 15:44:45,953][INFO ][plugins                  ] [node_1] loaded [], sites []
[2014-02-18 15:44:45,985][INFO ][node                     ] [node_1] initialized
[2014-02-18 15:44:45,986][INFO ][node                     ] [node_1] starting ...
[2014-02-18 15:44:45,992][INFO ][transport                ] [node_1] bound_address {inet[/0:0:0:0:0:0:0:0:9304]}, publish_address {inet[/10.1.10.75:9304]}
[2014-02-18 15:44:48,998][INFO ][cluster.service          ] [node_1] new_master [node_1][yz0aXzSRTvmpIie81KUY5w][Bills-MacBook-Pro.local][inet[/10.1.10.75:9304]]{data=false, master=true}, reason: zen-disco-join (elected_as_master)
[2014-02-18 15:44:49,012][INFO ][discovery                ] [node_1] TEST-Bills-MacBook-Pro.local-CHILD_VM=[0]-CLUSTER_SEED=[-3467509610690218156]-HASH=[13541A48CE848260]/yz0aXzSRTvmpIie81KUY5w
[2014-02-18 15:44:49,014][INFO ][gateway                  ] [node_1] recovered [0] indices into cluster_state
[2014-02-18 15:44:49,017][INFO ][http                     ] [node_1] bound_address {inet[/0:0:0:0:0:0:0:0:9204]}, publish_address {inet[/10.1.10.75:9204]}
[2014-02-18 15:44:49,018][INFO ][node                     ] [node_1] started
[2014-02-18 15:44:50,831][INFO ][cluster.service          ] [node_1] added {[node_0][a4-bOJMWQImy4DLE8Gls3A][Bills-MacBook-Pro.local][inet[/10.1.10.75:9303]]{master=false},}, reason: zen-disco-receive(join from node[[node_0][a4-bOJMWQImy4DLE8Gls3A][Bills-MacBook-Pro.local][inet[/10.1.10.75:9303]]{master=false}])
[2014-02-18 15:44:50,832][INFO ][cluster.service          ] [node_0] detected_master [node_1][yz0aXzSRTvmpIie81KUY5w][Bills-MacBook-Pro.local][inet[/10.1.10.75:9304]]{data=false, master=true}, added {[node_1][yz0aXzSRTvmpIie81KUY5w][Bills-MacBook-Pro.local][inet[/10.1.10.75:9304]]{data=false, master=true},}, reason: zen-disco-receive(from master [[node_1][yz0aXzSRTvmpIie81KUY5w][Bills-MacBook-Pro.local][inet[/10.1.10.75:9304]]{data=false, master=true}])
[2014-02-18 15:44:50,844][INFO ][cluster                  ] --> start master node (2)
[2014-02-18 15:44:50,846][INFO ][node                     ] [node_2] version[1.0.0], pid[6815], build[a46900e/2014-02-18T23:32:25Z]
[2014-02-18 15:44:50,846][INFO ][node                     ] [node_2] initializing ...
[2014-02-18 15:44:50,846][INFO ][plugins                  ] [node_2] loaded [], sites []
[2014-02-18 15:44:50,880][INFO ][node                     ] [node_2] initialized
[2014-02-18 15:44:50,880][INFO ][node                     ] [node_2] starting ...
[2014-02-18 15:44:50,886][INFO ][transport                ] [node_2] bound_address {inet[/0:0:0:0:0:0:0:0:9305]}, publish_address {inet[/10.1.10.75:9305]}
[2014-02-18 15:44:53,907][INFO ][cluster.service          ] [node_1] added {[node_2][_DCVl3wFSVuN5a7x__R0Uw][Bills-MacBook-Pro.local][inet[/10.1.10.75:9305]]{data=false, master=true},}, reason: zen-disco-receive(join from node[[node_2][_DCVl3wFSVuN5a7x__R0Uw][Bills-MacBook-Pro.local][inet[/10.1.10.75:9305]]{data=false, master=true}])
[2014-02-18 15:44:53,908][INFO ][cluster.service          ] [node_0] added {[node_2][_DCVl3wFSVuN5a7x__R0Uw][Bills-MacBook-Pro.local][inet[/10.1.10.75:9305]]{data=false, master=true},}, reason: zen-disco-receive(from master [[node_1][yz0aXzSRTvmpIie81KUY5w][Bills-MacBook-Pro.local][inet[/10.1.10.75:9304]]{data=false, master=true}])
[2014-02-18 15:44:53,909][INFO ][cluster.service          ] [node_2] detected_master [node_1][yz0aXzSRTvmpIie81KUY5w][Bills-MacBook-Pro.local][inet[/10.1.10.75:9304]]{data=false, master=true}, added {[node_0][a4-bOJMWQImy4DLE8Gls3A][Bills-MacBook-Pro.local][inet[/10.1.10.75:9303]]{master=false},[node_1][yz0aXzSRTvmpIie81KUY5w][Bills-MacBook-Pro.local][inet[/10.1.10.75:9304]]{data=false, master=true},}, reason: zen-disco-receive(from master [[node_1][yz0aXzSRTvmpIie81KUY5w][Bills-MacBook-Pro.local][inet[/10.1.10.75:9304]]{data=false, master=true}])
[2014-02-18 15:44:53,943][INFO ][discovery                ] [node_2] TEST-Bills-MacBook-Pro.local-CHILD_VM=[0]-CLUSTER_SEED=[-3467509610690218156]-HASH=[13541A48CE848260]/_DCVl3wFSVuN5a7x__R0Uw
[2014-02-18 15:44:53,949][INFO ][http                     ] [node_2] bound_address {inet[/0:0:0:0:0:0:0:0:9205]}, publish_address {inet[/10.1.10.75:9205]}
[2014-02-18 15:44:53,949][INFO ][node                     ] [node_2] started
[2014-02-18 15:44:53,950][INFO ][plugins                  ] [transport_client_node_2] loaded [], sites []
[2014-02-18 15:44:53,984][INFO ][cluster                  ] --> closing master node (1)
[2014-02-18 15:44:53,984][INFO ][test                     ] Closing master node [node_1] 
[2014-02-18 15:44:53,984][INFO ][node                     ] [node_1] stopping ...
[2014-02-18 15:44:53,987][INFO ][discovery.zen            ] [node_2] master_left [[node_1][yz0aXzSRTvmpIie81KUY5w][Bills-MacBook-Pro.local][inet[/10.1.10.75:9304]]{data=false, master=true}], reason [shut_down]
[2014-02-18 15:44:53,989][INFO ][cluster.service          ] [node_2] master {new [node_2][_DCVl3wFSVuN5a7x__R0Uw][Bills-MacBook-Pro.local][inet[/10.1.10.75:9305]]{data=false, master=true}, previous [node_1][yz0aXzSRTvmpIie81KUY5w][Bills-MacBook-Pro.local][inet[/10.1.10.75:9304]]{data=false, master=true}}, removed {[node_1][yz0aXzSRTvmpIie81KUY5w][Bills-MacBook-Pro.local][inet[/10.1.10.75:9304]]{data=false, master=true},}, reason: zen-disco-master_failed ([node_1][yz0aXzSRTvmpIie81KUY5w][Bills-MacBook-Pro.local][inet[/10.1.10.75:9304]]{data=false, master=true})
[2014-02-18 15:44:54,006][INFO ][node                     ] [node_1] stopped
[2014-02-18 15:44:54,007][INFO ][node                     ] [node_1] closing ...
[2014-02-18 15:44:54,009][INFO ][discovery.zen            ] [node_0] master_left [[node_1][yz0aXzSRTvmpIie81KUY5w][Bills-MacBook-Pro.local][inet[/10.1.10.75:9304]]{data=false, master=true}], reason [transport disconnected (with verified connect)]
[2014-02-18 15:44:54,009][INFO ][cluster.service          ] [node_0] master {new [node_2][_DCVl3wFSVuN5a7x__R0Uw][Bills-MacBook-Pro.local][inet[/10.1.10.75:9305]]{data=false, master=true}, previous [node_1][yz0aXzSRTvmpIie81KUY5w][Bills-MacBook-Pro.local][inet[/10.1.10.75:9304]]{data=false, master=true}}, removed {[node_1][yz0aXzSRTvmpIie81KUY5w][Bills-MacBook-Pro.local][inet[/10.1.10.75:9304]]{data=false, master=true},}, reason: zen-disco-receive(from master [[node_2][_DCVl3wFSVuN5a7x__R0Uw][Bills-MacBook-Pro.local][inet[/10.1.10.75:9305]]{data=false, master=true}])
[2014-02-18 15:44:54,011][INFO ][node                     ] [node_1] closed
[2014-02-18 15:44:54,012][INFO ][cluster                  ] [SpecificMasterNodesTests#electOnlyBetweenMasterNodes]: cleaning up after test
[2014-02-18 15:44:54,012][INFO ][node                     ] [node_0] stopping ...
[2014-02-18 15:44:54,017][INFO ][cluster.service          ] [node_2] removed {[node_0][a4-bOJMWQImy4DLE8Gls3A][Bills-MacBook-Pro.local][inet[/10.1.10.75:9303]]{master=false},}, reason: zen-disco-node_left([node_0][a4-bOJMWQImy4DLE8Gls3A][Bills-MacBook-Pro.local][inet[/10.1.10.75:9303]]{master=false})
[2014-02-18 15:44:54,023][INFO ][node                     ] [node_0] stopped
[2014-02-18 15:44:54,023][INFO ][node                     ] [node_0] closing ...
[2014-02-18 15:44:54,024][INFO ][node                     ] [node_0] closed
[2014-02-18 15:44:54,029][INFO ][node                     ] [node_2] stopping ...
[2014-02-18 15:44:54,035][INFO ][node                     ] [node_2] stopped
[2014-02-18 15:44:54,035][INFO ][node                     ] [node_2] closing ...
[2014-02-18 15:44:54,037][INFO ][node                     ] [node_2] closed
[2014-02-18 15:44:54,037][INFO ][cluster                  ] [SpecificMasterNodesTests#electOnlyBetweenMasterNodes]: cleaned up after test
[2014-02-18 15:44:54,037][INFO ][test                     ] Wipe data directory for all nodes locations: [/Users/bhwang/elasticsearch/target/J0/data/TEST-Bills-MacBook-Pro.local-CHILD_VM=[0]-CLUSTER_SEED=[-3467509610690218156]-HASH=[13541A48CE848260]/nodes/1, /Users/bhwang/elasticsearch/target/J0/data/TEST-Bills-MacBook-Pro.local-CHILD_VM=[0]-CLUSTER_SEED=[-3467509610690218156]-HASH=[13541A48CE848260]/nodes/2, /Users/bhwang/elasticsearch/target/J0/data/TEST-Bills-MacBook-Pro.local-CHILD_VM=[0]-CLUSTER_SEED=[-3467509610690218156]-HASH=[13541A48CE848260]/nodes/0]
[2014-02-18 15:44:54,039][INFO ][test                     ] Test electOnlyBetweenMasterNodes(org.elasticsearch.cluster.SpecificMasterNodesTests) finished
[2014-02-18 15:44:54,039][INFO ][test                     ] Test simpleOnlyMasterNodeElection(org.elasticsearch.cluster.SpecificMasterNodesTests) started
[2014-02-18 15:44:54,040][INFO ][test                     ] Setup TestCluster [TEST-Bills-MacBook-Pro.local-CHILD_VM=[0]-CLUSTER_SEED=[3845907215162263233]-HASH=[13541A4AF72A1048]] with seed [355F683C56DBC6C1] using [0] nodes
[2014-02-18 15:44:54,041][INFO ][cluster                  ] [SpecificMasterNodesTests#simpleOnlyMasterNodeElection]: before test
[2014-02-18 15:44:54,041][INFO ][cluster                  ] --> start data node / non master node
[2014-02-18 15:44:54,043][INFO ][node                     ] [node_0] version[1.0.0], pid[6815], build[a46900e/2014-02-18T23:32:25Z]
[2014-02-18 15:44:54,043][INFO ][node                     ] [node_0] initializing ...
[2014-02-18 15:44:54,043][INFO ][plugins                  ] [node_0] loaded [], sites []
[2014-02-18 15:44:54,085][INFO ][node                     ] [node_0] initialized
[2014-02-18 15:44:54,085][INFO ][node                     ] [node_0] starting ...
[2014-02-18 15:44:54,091][INFO ][transport                ] [node_0] bound_address {inet[/0:0:0:0:0:0:0:0:9303]}, publish_address {inet[/10.1.10.75:9303]}
[2014-02-18 15:44:55,093][WARN ][discovery                ] [node_0] waited for 1s and no initial state was set by the discovery
[2014-02-18 15:44:55,093][INFO ][discovery                ] [node_0] TEST-Bills-MacBook-Pro.local-CHILD_VM=[0]-CLUSTER_SEED=[3845907215162263233]-HASH=[13541A4AF72A1048]/Uo-pP_aUR1ytxP62XdCsAQ
[2014-02-18 15:44:55,097][INFO ][http                     ] [node_0] bound_address {inet[/0:0:0:0:0:0:0:0:9203]}, publish_address {inet[/10.1.10.75:9203]}
[2014-02-18 15:44:55,111][INFO ][node                     ] [node_0] started
[2014-02-18 15:44:55,212][INFO ][cluster                  ] --> start master node
[2014-02-18 15:44:55,213][INFO ][node                     ] [node_1] version[1.0.0], pid[6815], build[a46900e/2014-02-18T23:32:25Z]
[2014-02-18 15:44:55,213][INFO ][node                     ] [node_1] initializing ...
[2014-02-18 15:44:55,214][INFO ][plugins                  ] [node_1] loaded [], sites []
[2014-02-18 15:44:55,251][INFO ][node                     ] [node_1] initialized
[2014-02-18 15:44:55,251][INFO ][node                     ] [node_1] starting ...
[2014-02-18 15:44:55,258][INFO ][transport                ] [node_1] bound_address {inet[/0:0:0:0:0:0:0:0:9304]}, publish_address {inet[/10.1.10.75:9304]}
[2014-02-18 15:44:58,263][INFO ][cluster.service          ] [node_1] new_master [node_1][nzuU3v4cSE-0w280Dv8fmw][Bills-MacBook-Pro.local][inet[/10.1.10.75:9304]]{data=false, master=true}, reason: zen-disco-join (elected_as_master)
[2014-02-18 15:44:58,277][INFO ][discovery                ] [node_1] TEST-Bills-MacBook-Pro.local-CHILD_VM=[0]-CLUSTER_SEED=[3845907215162263233]-HASH=[13541A4AF72A1048]/nzuU3v4cSE-0w280Dv8fmw
[2014-02-18 15:44:58,278][INFO ][gateway                  ] [node_1] recovered [0] indices into cluster_state
[2014-02-18 15:44:58,281][INFO ][http                     ] [node_1] bound_address {inet[/0:0:0:0:0:0:0:0:9204]}, publish_address {inet[/10.1.10.75:9204]}
[2014-02-18 15:44:58,281][INFO ][node                     ] [node_1] started
[2014-02-18 15:45:00,102][INFO ][cluster.service          ] [node_1] added {[node_0][Uo-pP_aUR1ytxP62XdCsAQ][Bills-MacBook-Pro.local][inet[/10.1.10.75:9303]]{master=false},}, reason: zen-disco-receive(join from node[[node_0][Uo-pP_aUR1ytxP62XdCsAQ][Bills-MacBook-Pro.local][inet[/10.1.10.75:9303]]{master=false}])
[2014-02-18 15:45:00,103][INFO ][cluster.service          ] [node_0] detected_master [node_1][nzuU3v4cSE-0w280Dv8fmw][Bills-MacBook-Pro.local][inet[/10.1.10.75:9304]]{data=false, master=true}, added {[node_1][nzuU3v4cSE-0w280Dv8fmw][Bills-MacBook-Pro.local][inet[/10.1.10.75:9304]]{data=false, master=true},}, reason: zen-disco-receive(from master [[node_1][nzuU3v4cSE-0w280Dv8fmw][Bills-MacBook-Pro.local][inet[/10.1.10.75:9304]]{data=false, master=true}])
[2014-02-18 15:45:00,108][INFO ][plugins                  ] [transport_client_node_1] loaded [], sites []
[2014-02-18 15:45:00,131][INFO ][cluster                  ] --> stop master node
[2014-02-18 15:45:00,132][INFO ][test                     ] Closing master node [node_1] 
[2014-02-18 15:45:00,135][INFO ][node                     ] [node_1] stopping ...
[2014-02-18 15:45:00,145][INFO ][node                     ] [node_1] stopped
[2014-02-18 15:45:00,145][INFO ][node                     ] [node_1] closing ...
[2014-02-18 15:45:00,149][INFO ][discovery.zen            ] [node_0] master_left [[node_1][nzuU3v4cSE-0w280Dv8fmw][Bills-MacBook-Pro.local][inet[/10.1.10.75:9304]]{data=false, master=true}], reason [transport disconnected (with verified connect)]
[2014-02-18 15:45:00,150][WARN ][discovery.zen            ] [node_0] master_left and no other node elected to become master, current nodes: {[node_0][Uo-pP_aUR1ytxP62XdCsAQ][Bills-MacBook-Pro.local][inet[/10.1.10.75:9303]]{master=false},}
[2014-02-18 15:45:00,150][INFO ][node                     ] [node_1] closed
[2014-02-18 15:45:00,150][INFO ][cluster.service          ] [node_0] removed {[node_1][nzuU3v4cSE-0w280Dv8fmw][Bills-MacBook-Pro.local][inet[/10.1.10.75:9304]]{data=false, master=true},}, reason: zen-disco-master_failed ([node_1][nzuU3v4cSE-0w280Dv8fmw][Bills-MacBook-Pro.local][inet[/10.1.10.75:9304]]{data=false, master=true})
[2014-02-18 15:45:00,252][INFO ][cluster                  ] --> start master node
[2014-02-18 15:45:00,254][INFO ][node                     ] [node_2] version[1.0.0], pid[6815], build[a46900e/2014-02-18T23:32:25Z]
[2014-02-18 15:45:00,254][INFO ][node                     ] [node_2] initializing ...
[2014-02-18 15:45:00,254][INFO ][plugins                  ] [node_2] loaded [], sites []
[2014-02-18 15:45:00,292][INFO ][node                     ] [node_2] initialized
[2014-02-18 15:45:00,292][INFO ][node                     ] [node_2] starting ...
[2014-02-18 15:45:00,300][INFO ][transport                ] [node_2] bound_address {inet[/0:0:0:0:0:0:0:0:9304]}, publish_address {inet[/10.1.10.75:9304]}
[2014-02-18 15:45:03,304][INFO ][cluster.service          ] [node_2] new_master [node_2][dOS0x6vmRRapJVmE0EQ3cA][Bills-MacBook-Pro.local][inet[/10.1.10.75:9304]]{data=false, master=true}, reason: zen-disco-join (elected_as_master)
[2014-02-18 15:45:03,316][INFO ][discovery                ] [node_2] TEST-Bills-MacBook-Pro.local-CHILD_VM=[0]-CLUSTER_SEED=[3845907215162263233]-HASH=[13541A4AF72A1048]/dOS0x6vmRRapJVmE0EQ3cA
[2014-02-18 15:45:03,317][INFO ][gateway                  ] [node_2] recovered [0] indices into cluster_state
[2014-02-18 15:45:03,333][INFO ][http                     ] [node_2] bound_address {inet[/0:0:0:0:0:0:0:0:9204]}, publish_address {inet[/10.1.10.75:9204]}
[2014-02-18 15:45:03,333][INFO ][node                     ] [node_2] started
[2014-02-18 15:45:06,154][INFO ][cluster.service          ] [node_2] added {[node_0][Uo-pP_aUR1ytxP62XdCsAQ][Bills-MacBook-Pro.local][inet[/10.1.10.75:9303]]{master=false},}, reason: zen-disco-receive(join from node[[node_0][Uo-pP_aUR1ytxP62XdCsAQ][Bills-MacBook-Pro.local][inet[/10.1.10.75:9303]]{master=false}])
[2014-02-18 15:45:06,155][INFO ][cluster.service          ] [node_0] detected_master [node_2][dOS0x6vmRRapJVmE0EQ3cA][Bills-MacBook-Pro.local][inet[/10.1.10.75:9304]]{data=false, master=true}, added {[node_2][dOS0x6vmRRapJVmE0EQ3cA][Bills-MacBook-Pro.local][inet[/10.1.10.75:9304]]{data=false, master=true},}, reason: zen-disco-receive(from master [[node_2][dOS0x6vmRRapJVmE0EQ3cA][Bills-MacBook-Pro.local][inet[/10.1.10.75:9304]]{data=false, master=true}])
[2014-02-18 15:45:06,157][INFO ][cluster                  ] [SpecificMasterNodesTests#simpleOnlyMasterNodeElection]: cleaning up after test
[2014-02-18 15:45:06,157][INFO ][node                     ] [node_0] stopping ...
[2014-02-18 15:45:06,160][INFO ][cluster.service          ] [node_2] removed {[node_0][Uo-pP_aUR1ytxP62XdCsAQ][Bills-MacBook-Pro.local][inet[/10.1.10.75:9303]]{master=false},}, reason: zen-disco-node_left([node_0][Uo-pP_aUR1ytxP62XdCsAQ][Bills-MacBook-Pro.local][inet[/10.1.10.75:9303]]{master=false})
[2014-02-18 15:45:06,165][INFO ][node                     ] [node_0] stopped
[2014-02-18 15:45:06,165][INFO ][node                     ] [node_0] closing ...
[2014-02-18 15:45:06,166][INFO ][node                     ] [node_0] closed
[2014-02-18 15:45:06,167][INFO ][node                     ] [node_2] stopping ...
[2014-02-18 15:45:06,172][INFO ][node                     ] [node_2] stopped
[2014-02-18 15:45:06,173][INFO ][node                     ] [node_2] closing ...
[2014-02-18 15:45:06,175][INFO ][node                     ] [node_2] closed
[2014-02-18 15:45:06,175][INFO ][cluster                  ] [SpecificMasterNodesTests#simpleOnlyMasterNodeElection]: cleaned up after test
[2014-02-18 15:45:06,175][INFO ][test                     ] Wipe data directory for all nodes locations: [data/d2/TEST-Bills-MacBook-Pro.local-CHILD_VM=[0]-CLUSTER_SEED=[3845907215162263233]-HASH=[13541A4AF72A1048]/nodes/1, data/d1/TEST-Bills-MacBook-Pro.local-CHILD_VM=[0]-CLUSTER_SEED=[3845907215162263233]-HASH=[13541A4AF72A1048]/nodes/1, data/d3/TEST-Bills-MacBook-Pro.local-CHILD_VM=[0]-CLUSTER_SEED=[3845907215162263233]-HASH=[13541A4AF72A1048]/nodes/0, data/d0/TEST-Bills-MacBook-Pro.local-CHILD_VM=[0]-CLUSTER_SEED=[3845907215162263233]-HASH=[13541A4AF72A1048]/nodes/0, data/d3/TEST-Bills-MacBook-Pro.local-CHILD_VM=[0]-CLUSTER_SEED=[3845907215162263233]-HASH=[13541A4AF72A1048]/nodes/1, data/d1/TEST-Bills-MacBook-Pro.local-CHILD_VM=[0]-CLUSTER_SEED=[3845907215162263233]-HASH=[13541A4AF72A1048]/nodes/0, data/d0/TEST-Bills-MacBook-Pro.local-CHILD_VM=[0]-CLUSTER_SEED=[3845907215162263233]-HASH=[13541A4AF72A1048]/nodes/1, data/d2/TEST-Bills-MacBook-Pro.local-CHILD_VM=[0]-CLUSTER_SEED=[3845907215162263233]-HASH=[13541A4AF72A1048]/nodes/0]
[2014-02-18 15:45:06,178][INFO ][test                     ] Test simpleOnlyMasterNodeElection(org.elasticsearch.cluster.SpecificMasterNodesTests) finished
[2014-02-18 15:45:06,179][INFO ][test                     ] Test testCustomDefaultMapping(org.elasticsearch.cluster.SpecificMasterNodesTests) started
[2014-02-18 15:45:06,180][INFO ][test                     ] Setup TestCluster [TEST-Bills-MacBook-Pro.local-CHILD_VM=[0]-CLUSTER_SEED=[7804522985600046161]-HASH=[13541A4DCABDC420]] with seed [6C4F3C4E260FD451] using [0] nodes
[2014-02-18 15:45:06,180][INFO ][cluster                  ] [SpecificMasterNodesTests#testCustomDefaultMapping]: before test
[2014-02-18 15:45:06,180][INFO ][cluster                  ] --> start master node / non data
[2014-02-18 15:45:06,182][INFO ][node                     ] [node_0] version[1.0.0], pid[6815], build[a46900e/2014-02-18T23:32:25Z]
[2014-02-18 15:45:06,183][INFO ][node                     ] [node_0] initializing ...
[2014-02-18 15:45:06,183][INFO ][plugins                  ] [node_0] loaded [], sites []
[2014-02-18 15:45:06,243][INFO ][node                     ] [node_0] initialized
[2014-02-18 15:45:06,244][INFO ][node                     ] [node_0] starting ...
[2014-02-18 15:45:06,251][INFO ][transport                ] [node_0] bound_address {inet[/0:0:0:0:0:0:0:0:9303]}, publish_address {inet[/10.1.10.75:9303]}
[2014-02-18 15:45:09,257][INFO ][cluster.service          ] [node_0] new_master [node_0][dvxGpRHUQEuxhyHN-1ThLg][Bills-MacBook-Pro.local][inet[/10.1.10.75:9303]]{data=false, master=true}, reason: zen-disco-join (elected_as_master)
[2014-02-18 15:45:09,272][INFO ][discovery                ] [node_0] TEST-Bills-MacBook-Pro.local-CHILD_VM=[0]-CLUSTER_SEED=[7804522985600046161]-HASH=[13541A4DCABDC420]/dvxGpRHUQEuxhyHN-1ThLg
[2014-02-18 15:45:09,273][INFO ][gateway                  ] [node_0] recovered [0] indices into cluster_state
[2014-02-18 15:45:09,280][INFO ][http                     ] [node_0] bound_address {inet[/0:0:0:0:0:0:0:0:9203]}, publish_address {inet[/10.1.10.75:9203]}
[2014-02-18 15:45:09,280][INFO ][node                     ] [node_0] started
[2014-02-18 15:45:09,280][INFO ][cluster                  ] --> start data node / non master node
[2014-02-18 15:45:09,282][INFO ][node                     ] [node_1] version[1.0.0], pid[6815], build[a46900e/2014-02-18T23:32:25Z]
[2014-02-18 15:45:09,282][INFO ][node                     ] [node_1] initializing ...
[2014-02-18 15:45:09,282][INFO ][plugins                  ] [node_1] loaded [], sites []
[2014-02-18 15:45:09,321][INFO ][node                     ] [node_1] initialized
[2014-02-18 15:45:09,321][INFO ][node                     ] [node_1] starting ...
[2014-02-18 15:45:09,327][INFO ][transport                ] [node_1] bound_address {inet[/0:0:0:0:0:0:0:0:9304]}, publish_address {inet[/10.1.10.75:9304]}
[2014-02-18 15:45:12,346][INFO ][cluster.service          ] [node_0] added {[node_1][qQ4xIe94QIOxlHt8gMYllg][Bills-MacBook-Pro.local][inet[/10.1.10.75:9304]]{master=false},}, reason: zen-disco-receive(join from node[[node_1][qQ4xIe94QIOxlHt8gMYllg][Bills-MacBook-Pro.local][inet[/10.1.10.75:9304]]{master=false}])
[2014-02-18 15:45:12,347][INFO ][cluster.service          ] [node_1] detected_master [node_0][dvxGpRHUQEuxhyHN-1ThLg][Bills-MacBook-Pro.local][inet[/10.1.10.75:9303]]{data=false, master=true}, added {[node_0][dvxGpRHUQEuxhyHN-1ThLg][Bills-MacBook-Pro.local][inet[/10.1.10.75:9303]]{data=false, master=true},}, reason: zen-disco-receive(from master [[node_0][dvxGpRHUQEuxhyHN-1ThLg][Bills-MacBook-Pro.local][inet[/10.1.10.75:9303]]{data=false, master=true}])
[2014-02-18 15:45:12,359][INFO ][discovery                ] [node_1] TEST-Bills-MacBook-Pro.local-CHILD_VM=[0]-CLUSTER_SEED=[7804522985600046161]-HASH=[13541A4DCABDC420]/qQ4xIe94QIOxlHt8gMYllg
[2014-02-18 15:45:12,363][INFO ][http                     ] [node_1] bound_address {inet[/0:0:0:0:0:0:0:0:9204]}, publish_address {inet[/10.1.10.75:9204]}
[2014-02-18 15:45:12,363][INFO ][node                     ] [node_1] started
[2014-02-18 15:45:12,372][INFO ][cluster.metadata         ] [node_0] [test] creating index, cause [api], shards [1]/[1], mappings []
[2014-02-18 15:45:12,400][INFO ][plugins                  ] [transport_client_node_1] loaded [], sites []
[2014-02-18 15:45:12,439][INFO ][cluster.metadata         ] [node_0] [test] create_mapping [_default_]
[2014-02-18 15:45:12,459][INFO ][cluster.metadata         ] [node_0] [test] create_mapping [type1]
[2014-02-18 15:45:12,464][INFO ][cluster                  ] [SpecificMasterNodesTests#testCustomDefaultMapping]: cleaning up after test
[2014-02-18 15:45:12,464][INFO ][node                     ] [node_0] stopping ...
[2014-02-18 15:45:12,472][INFO ][node                     ] [node_0] stopped
[2014-02-18 15:45:12,473][INFO ][node                     ] [node_0] closing ...
[2014-02-18 15:45:12,476][INFO ][discovery.zen            ] [node_1] master_left [[node_0][dvxGpRHUQEuxhyHN-1ThLg][Bills-MacBook-Pro.local][inet[/10.1.10.75:9303]]{data=false, master=true}], reason [transport disconnected (with verified connect)]
[2014-02-18 15:45:12,476][WARN ][discovery.zen            ] [node_1] master_left and no other node elected to become master, current nodes: {[node_1][qQ4xIe94QIOxlHt8gMYllg][Bills-MacBook-Pro.local][inet[/10.1.10.75:9304]]{master=false},}
[2014-02-18 15:45:12,477][INFO ][node                     ] [node_0] closed
[2014-02-18 15:45:12,477][INFO ][cluster.service          ] [node_1] removed {[node_0][dvxGpRHUQEuxhyHN-1ThLg][Bills-MacBook-Pro.local][inet[/10.1.10.75:9303]]{data=false, master=true},}, reason: zen-disco-master_failed ([node_0][dvxGpRHUQEuxhyHN-1ThLg][Bills-MacBook-Pro.local][inet[/10.1.10.75:9303]]{data=false, master=true})
[2014-02-18 15:45:12,480][INFO ][node                     ] [node_1] stopping ...
[2014-02-18 15:45:12,488][INFO ][node                     ] [node_1] stopped
[2014-02-18 15:45:12,488][INFO ][node                     ] [node_1] closing ...
[2014-02-18 15:45:12,490][INFO ][node                     ] [node_1] closed
[2014-02-18 15:45:12,490][INFO ][cluster                  ] [SpecificMasterNodesTests#testCustomDefaultMapping]: cleaned up after test
[2014-02-18 15:45:12,491][INFO ][test                     ] Wipe data directory for all nodes locations: [data/d1/TEST-Bills-MacBook-Pro.local-CHILD_VM=[0]-CLUSTER_SEED=[7804522985600046161]-HASH=[13541A4DCABDC420]/nodes/1, data/d2/TEST-Bills-MacBook-Pro.local-CHILD_VM=[0]-CLUSTER_SEED=[7804522985600046161]-HASH=[13541A4DCABDC420]/nodes/1, data/d2/TEST-Bills-MacBook-Pro.local-CHILD_VM=[0]-CLUSTER_SEED=[7804522985600046161]-HASH=[13541A4DCABDC420]/nodes/0, data/d0/TEST-Bills-MacBook-Pro.local-CHILD_VM=[0]-CLUSTER_SEED=[7804522985600046161]-HASH=[13541A4DCABDC420]/nodes/0, data/d0/TEST-Bills-MacBook-Pro.local-CHILD_VM=[0]-CLUSTER_SEED=[7804522985600046161]-HASH=[13541A4DCABDC420]/nodes/1, data/d3/TEST-Bills-MacBook-Pro.local-CHILD_VM=[0]-CLUSTER_SEED=[7804522985600046161]-HASH=[13541A4DCABDC420]/nodes/1, data/d1/TEST-Bills-MacBook-Pro.local-CHILD_VM=[0]-CLUSTER_SEED=[7804522985600046161]-HASH=[13541A4DCABDC420]/nodes/0, data/d3/TEST-Bills-MacBook-Pro.local-CHILD_VM=[0]-CLUSTER_SEED=[7804522985600046161]-HASH=[13541A4DCABDC420]/nodes/0]
[2014-02-18 15:45:12,499][INFO ][test                     ] Test testCustomDefaultMapping(org.elasticsearch.cluster.SpecificMasterNodesTests) finished
]]></system-out>
   <system-err><![CDATA[]]></system-err>
</testsuite>