<testsuite errors="0" failures="0" tests="12" skipped="0" name="org.elasticsearch.index.mapper.core.TokenCountFieldMapperIntegrationTests" hostname="nohost.nodomain" time="8.013" timestamp="2014-02-18T15:37:54">
   <properties class="java.util.ArrayList">
      <property name="awt.toolkit" value="sun.lwawt.macosx.LWCToolkit"/>
      <property name="es.logger.level" value="INFO"/>
      <property name="es.logger.prefix" value=""/>
      <property name="es.node.local" value=""/>
      <property name="es.node.mode" value=""/>
      <property name="file.encoding" value="UTF-8"/>
      <property name="file.encoding.pkg" value="sun.io"/>
      <property name="file.separator" value="/"/>
      <property name="ftp.nonProxyHosts" value="local|*.local|169.254/16|*.169.254/16"/>
      <property name="gopherProxySet" value="false"/>
      <property name="http.nonProxyHosts" value="local|*.local|169.254/16|*.169.254/16"/>
      <property name="java.awt.graphicsenv" value="sun.awt.CGraphicsEnvironment"/>
      <property name="java.awt.headless" value="true"/>
      <property name="java.awt.printerjob" value="sun.lwawt.macosx.CPrinterJob"/>
      <property name="java.class.path" value="/Users/bhwang/elasticsearch/target/test-classes:/Users/bhwang/elasticsearch/target/classes:/Users/bhwang/.m2/repository/org/hamcrest/hamcrest-all/1.3/hamcrest-all-1.3.jar:/Users/bhwang/.m2/repository/com/carrotsearch/randomizedtesting/randomizedtesting-runner/2.0.15/randomizedtesting-runner-2.0.15.jar:/Users/bhwang/.m2/repository/junit/junit/4.10/junit-4.10.jar:/Users/bhwang/.m2/repository/org/apache/lucene/lucene-test-framework/4.6.1/lucene-test-framework-4.6.1.jar:/Users/bhwang/.m2/repository/org/apache/lucene/lucene-expressions/4.6.1/lucene-expressions-4.6.1.jar:/Users/bhwang/.m2/repository/org/antlr/antlr-runtime/3.5/antlr-runtime-3.5.jar:/Users/bhwang/.m2/repository/org/ow2/asm/asm/4.1/asm-4.1.jar:/Users/bhwang/.m2/repository/org/ow2/asm/asm-commons/4.1/asm-commons-4.1.jar:/Users/bhwang/.m2/repository/org/apache/httpcomponents/httpclient/4.3.1/httpclient-4.3.1.jar:/Users/bhwang/.m2/repository/org/apache/httpcomponents/httpcore/4.3/httpcore-4.3.jar:/Users/bhwang/.m2/repository/commons-logging/commons-logging/1.1.3/commons-logging-1.1.3.jar:/Users/bhwang/.m2/repository/commons-codec/commons-codec/1.6/commons-codec-1.6.jar:/Users/bhwang/.m2/repository/org/apache/lucene/lucene-core/4.6.1/lucene-core-4.6.1.jar:/Users/bhwang/.m2/repository/org/apache/lucene/lucene-analyzers-common/4.6.1/lucene-analyzers-common-4.6.1.jar:/Users/bhwang/.m2/repository/org/apache/lucene/lucene-codecs/4.6.1/lucene-codecs-4.6.1.jar:/Users/bhwang/.m2/repository/org/apache/lucene/lucene-queries/4.6.1/lucene-queries-4.6.1.jar:/Users/bhwang/.m2/repository/org/apache/lucene/lucene-memory/4.6.1/lucene-memory-4.6.1.jar:/Users/bhwang/.m2/repository/org/apache/lucene/lucene-highlighter/4.6.1/lucene-highlighter-4.6.1.jar:/Users/bhwang/.m2/repository/org/apache/lucene/lucene-queryparser/4.6.1/lucene-queryparser-4.6.1.jar:/Users/bhwang/.m2/repository/org/apache/lucene/lucene-sandbox/4.6.1/lucene-sandbox-4.6.1.jar:/Users/bhwang/.m2/repository/org/apache/lucene/lucene-suggest/4.6.1/lucene-suggest-4.6.1.jar:/Users/bhwang/.m2/repository/org/apache/lucene/lucene-misc/4.6.1/lucene-misc-4.6.1.jar:/Users/bhwang/.m2/repository/org/apache/lucene/lucene-join/4.6.1/lucene-join-4.6.1.jar:/Users/bhwang/.m2/repository/org/apache/lucene/lucene-grouping/4.6.1/lucene-grouping-4.6.1.jar:/Users/bhwang/.m2/repository/org/apache/lucene/lucene-spatial/4.6.1/lucene-spatial-4.6.1.jar:/Users/bhwang/.m2/repository/com/spatial4j/spatial4j/0.3/spatial4j-0.3.jar:/Users/bhwang/.m2/repository/com/vividsolutions/jts/1.12/jts-1.12.jar:/Users/bhwang/.m2/repository/com/google/guava/guava/16.0/guava-16.0.jar:/Users/bhwang/.m2/repository/com/carrotsearch/hppc/0.5.3/hppc-0.5.3.jar:/Users/bhwang/.m2/repository/joda-time/joda-time/2.3/joda-time-2.3.jar:/Users/bhwang/.m2/repository/org/joda/joda-convert/1.2/joda-convert-1.2.jar:/Users/bhwang/.m2/repository/org/mvel/mvel2/2.1.5.Final/mvel2-2.1.5.Final.jar:/Users/bhwang/.m2/repository/com/fasterxml/jackson/core/jackson-core/2.3.0/jackson-core-2.3.0.jar:/Users/bhwang/.m2/repository/com/fasterxml/jackson/dataformat/jackson-dataformat-smile/2.3.0/jackson-dataformat-smile-2.3.0.jar:/Users/bhwang/.m2/repository/com/fasterxml/jackson/dataformat/jackson-dataformat-yaml/2.3.0/jackson-dataformat-yaml-2.3.0.jar:/Users/bhwang/.m2/repository/io/netty/netty/3.9.0.Final/netty-3.9.0.Final.jar:/Users/bhwang/.m2/repository/com/ning/compress-lzf/0.9.6/compress-lzf-0.9.6.jar:/Users/bhwang/.m2/repository/log4j/log4j/1.2.17/log4j-1.2.17.jar:/Users/bhwang/.m2/repository/org/slf4j/slf4j-api/1.6.2/slf4j-api-1.6.2.jar:/Users/bhwang/.m2/repository/net/java/dev/jna/jna/3.3.0/jna-3.3.0.jar:/Users/bhwang/.m2/repository/org/fusesource/sigar/1.6.4/sigar-1.6.4.jar:/Users/bhwang/.m2/repository/com/carrotsearch/randomizedtesting/junit4-ant/2.0.15/junit4-ant-2.0.15.jar"/>
      <property name="java.class.version" value="51.0"/>
      <property name="java.endorsed.dirs" value="/Library/Java/JavaVirtualMachines/jdk1.7.0_45.jdk/Contents/Home/jre/lib/endorsed"/>
      <property name="java.ext.dirs" value="/Users/bhwang/Library/Java/Extensions:/Library/Java/JavaVirtualMachines/jdk1.7.0_45.jdk/Contents/Home/jre/lib/ext:/Library/Java/Extensions:/Network/Library/Java/Extensions:/System/Library/Java/Extensions:/usr/lib/java"/>
      <property name="java.home" value="/Library/Java/JavaVirtualMachines/jdk1.7.0_45.jdk/Contents/Home/jre"/>
      <property name="java.io.tmpdir" value="."/>
      <property name="java.library.path" value="/Users/bhwang/Library/Java/Extensions:/Library/Java/Extensions:/Network/Library/Java/Extensions:/System/Library/Java/Extensions:/usr/lib/java:."/>
      <property name="java.runtime.name" value="Java(TM) SE Runtime Environment"/>
      <property name="java.runtime.version" value="1.7.0_45-b18"/>
      <property name="java.security.policy" value="/Users/bhwang/elasticsearch/dev-tools/tests.policy"/>
      <property name="java.specification.name" value="Java Platform API Specification"/>
      <property name="java.specification.vendor" value="Oracle Corporation"/>
      <property name="java.specification.version" value="1.7"/>
      <property name="java.vendor" value="Oracle Corporation"/>
      <property name="java.vendor.url" value="http://java.oracle.com/"/>
      <property name="java.vendor.url.bug" value="http://bugreport.sun.com/bugreport/"/>
      <property name="java.version" value="1.7.0_45"/>
      <property name="java.vm.info" value="mixed mode"/>
      <property name="java.vm.name" value="Java HotSpot(TM) 64-Bit Server VM"/>
      <property name="java.vm.specification.name" value="Java Virtual Machine Specification"/>
      <property name="java.vm.specification.vendor" value="Oracle Corporation"/>
      <property name="java.vm.specification.version" value="1.7"/>
      <property name="java.vm.vendor" value="Oracle Corporation"/>
      <property name="java.vm.version" value="24.45-b08"/>
      <property name="junit4.childvm.cwd" value="/Users/bhwang/elasticsearch/target/J0"/>
      <property name="junit4.childvm.id" value="0"/>
      <property name="junit4.memory.total" value="128974848"/>
      <property name="junit4.pidString" value="6815@Bills-MacBook-Pro.local"/>
      <property name="junit4.processors" value="4"/>
      <property name="junit4.tempDir" value="/Users/bhwang/elasticsearch/target"/>
      <property name="line.separator" value="
"/>
      <property name="os.arch" value="x86_64"/>
      <property name="os.name" value="Mac OS X"/>
      <property name="os.version" value="10.9.1"/>
      <property name="path.separator" value=":"/>
      <property name="socksNonProxyHosts" value="local|*.local|169.254/16|*.169.254/16"/>
      <property name="sun.arch.data.model" value="64"/>
      <property name="sun.boot.class.path" value="/Library/Java/JavaVirtualMachines/jdk1.7.0_45.jdk/Contents/Home/jre/lib/resources.jar:/Library/Java/JavaVirtualMachines/jdk1.7.0_45.jdk/Contents/Home/jre/lib/rt.jar:/Library/Java/JavaVirtualMachines/jdk1.7.0_45.jdk/Contents/Home/jre/lib/sunrsasign.jar:/Library/Java/JavaVirtualMachines/jdk1.7.0_45.jdk/Contents/Home/jre/lib/jsse.jar:/Library/Java/JavaVirtualMachines/jdk1.7.0_45.jdk/Contents/Home/jre/lib/jce.jar:/Library/Java/JavaVirtualMachines/jdk1.7.0_45.jdk/Contents/Home/jre/lib/charsets.jar:/Library/Java/JavaVirtualMachines/jdk1.7.0_45.jdk/Contents/Home/jre/lib/jfr.jar:/Library/Java/JavaVirtualMachines/jdk1.7.0_45.jdk/Contents/Home/jre/lib/JObjC.jar:/Library/Java/JavaVirtualMachines/jdk1.7.0_45.jdk/Contents/Home/jre/classes"/>
      <property name="sun.boot.library.path" value="/Library/Java/JavaVirtualMachines/jdk1.7.0_45.jdk/Contents/Home/jre/lib"/>
      <property name="sun.cpu.endian" value="little"/>
      <property name="sun.cpu.isalist" value=""/>
      <property name="sun.io.unicode.encoding" value="UnicodeBig"/>
      <property name="sun.java.command" value="com.carrotsearch.ant.tasks.junit4.slave.SlaveMainSafe -flush -eventsfile /Users/bhwang/elasticsearch/target/junit4-J0-20140218_153326_767.events @/Users/bhwang/elasticsearch/target/junit4-J0-20140218_153326_767.suites -stdin"/>
      <property name="sun.java.launcher" value="SUN_STANDARD"/>
      <property name="sun.jnu.encoding" value="UTF-8"/>
      <property name="sun.management.compiler" value="HotSpot 64-Bit Tiered Compilers"/>
      <property name="sun.os.patch.level" value="unknown"/>
      <property name="tests.appendseed" value=""/>
      <property name="tests.assertion.disabled" value=""/>
      <property name="tests.awaitsfix" value=""/>
      <property name="tests.badapples" value=""/>
      <property name="tests.class" value=""/>
      <property name="tests.client.ratio" value=""/>
      <property name="tests.cluster_seed" value=""/>
      <property name="tests.enable_mock_modules" value=""/>
      <property name="tests.failfast" value=""/>
      <property name="tests.integration" value=""/>
      <property name="tests.iters" value=""/>
      <property name="tests.jvm.argline" value=""/>
      <property name="tests.maxfailures" value=""/>
      <property name="tests.method" value=""/>
      <property name="tests.network" value=""/>
      <property name="tests.nightly" value=""/>
      <property name="tests.prefix" value="tests"/>
      <property name="tests.rest" value=""/>
      <property name="tests.rest.spec" value=""/>
      <property name="tests.rest.suite" value=""/>
      <property name="tests.security.manager" value=""/>
      <property name="tests.seed" value="A89B4FF56754358E"/>
      <property name="tests.showSuccess" value=""/>
      <property name="tests.slow" value=""/>
      <property name="tests.timeoutSuite" value=""/>
      <property name="tests.weekly" value=""/>
      <property name="user.country" value="US"/>
      <property name="user.dir" value="/Users/bhwang/elasticsearch/target/J0"/>
      <property name="user.home" value="/Users/bhwang"/>
      <property name="user.language" value="en"/>
      <property name="user.name" value="bhwang"/>
      <property name="user.timezone" value=""/>
   </properties>
   <testcase classname="org.elasticsearch.index.mapper.core.TokenCountFieldMapperIntegrationTests" name="searchByTokenCount {storeCountedFields=true loadCountedFields=true}" time="0.834"/>
   <testcase classname="org.elasticsearch.index.mapper.core.TokenCountFieldMapperIntegrationTests" name="searchReturnsTokenCount {storeCountedFields=true loadCountedFields=true}" time="1.0"/>
   <testcase classname="org.elasticsearch.index.mapper.core.TokenCountFieldMapperIntegrationTests" name="facetByTokenCount {storeCountedFields=true loadCountedFields=true}" time="0.776"/>
   <testcase classname="org.elasticsearch.index.mapper.core.TokenCountFieldMapperIntegrationTests" name="searchByTokenCount {storeCountedFields=true loadCountedFields=false}" time="0.546"/>
   <testcase classname="org.elasticsearch.index.mapper.core.TokenCountFieldMapperIntegrationTests" name="searchReturnsTokenCount {storeCountedFields=true loadCountedFields=false}" time="0.591"/>
   <testcase classname="org.elasticsearch.index.mapper.core.TokenCountFieldMapperIntegrationTests" name="facetByTokenCount {storeCountedFields=true loadCountedFields=false}" time="0.728"/>
   <testcase classname="org.elasticsearch.index.mapper.core.TokenCountFieldMapperIntegrationTests" name="searchByTokenCount {storeCountedFields=false loadCountedFields=true}" time="0.504"/>
   <testcase classname="org.elasticsearch.index.mapper.core.TokenCountFieldMapperIntegrationTests" name="searchReturnsTokenCount {storeCountedFields=false loadCountedFields=true}" time="0.675"/>
   <testcase classname="org.elasticsearch.index.mapper.core.TokenCountFieldMapperIntegrationTests" name="facetByTokenCount {storeCountedFields=false loadCountedFields=true}" time="0.525"/>
   <testcase classname="org.elasticsearch.index.mapper.core.TokenCountFieldMapperIntegrationTests" name="searchByTokenCount {storeCountedFields=false loadCountedFields=false}" time="0.484"/>
   <testcase classname="org.elasticsearch.index.mapper.core.TokenCountFieldMapperIntegrationTests" name="searchReturnsTokenCount {storeCountedFields=false loadCountedFields=false}" time="0.723"/>
   <testcase classname="org.elasticsearch.index.mapper.core.TokenCountFieldMapperIntegrationTests" name="facetByTokenCount {storeCountedFields=false loadCountedFields=false}" time="0.578"/>
   <system-out><![CDATA[[2014-02-18 15:37:54,636][INFO ][test                     ] Test searchByTokenCount {storeCountedFields=true loadCountedFields=true}(org.elasticsearch.index.mapper.core.TokenCountFieldMapperIntegrationTests) started
[2014-02-18 15:37:54,648][INFO ][index.mapper.core        ] [TokenCountFieldMapperIntegrationTests#searchByTokenCount {storeCountedFields=true loadCountedFields=true}]: before test
[2014-02-18 15:37:54,672][INFO ][cluster.metadata         ] [node_0] [test] creating index, cause [api], shards [5]/[1], mappings [test]
[2014-02-18 15:37:55,327][INFO ][index.mapper.core        ] [TokenCountFieldMapperIntegrationTests#searchByTokenCount {storeCountedFields=true loadCountedFields=true}]: cleaning up after test
[2014-02-18 15:37:55,330][INFO ][cluster.metadata         ] [node_0] [test] deleting index
[2014-02-18 15:37:55,468][INFO ][index.mapper.core        ] [TokenCountFieldMapperIntegrationTests#searchByTokenCount {storeCountedFields=true loadCountedFields=true}]: cleaned up after test
[2014-02-18 15:37:55,469][INFO ][test                     ] Test searchByTokenCount {storeCountedFields=true loadCountedFields=true}(org.elasticsearch.index.mapper.core.TokenCountFieldMapperIntegrationTests) finished
[2014-02-18 15:37:55,471][INFO ][test                     ] Test searchReturnsTokenCount {storeCountedFields=true loadCountedFields=true}(org.elasticsearch.index.mapper.core.TokenCountFieldMapperIntegrationTests) started
[2014-02-18 15:37:55,478][INFO ][plugins                  ] [transport_client_node_2] loaded [], sites []
[2014-02-18 15:37:55,537][INFO ][plugins                  ] [transport_client_node_1] loaded [], sites []
[2014-02-18 15:37:55,600][INFO ][index.mapper.core        ] [TokenCountFieldMapperIntegrationTests#searchReturnsTokenCount {storeCountedFields=true loadCountedFields=true}]: before test
[2014-02-18 15:37:55,626][INFO ][cluster.metadata         ] [node_0] [test] creating index, cause [api], shards [5]/[1], mappings [test]
[2014-02-18 15:37:56,415][INFO ][index.mapper.core        ] [TokenCountFieldMapperIntegrationTests#searchReturnsTokenCount {storeCountedFields=true loadCountedFields=true}]: cleaning up after test
[2014-02-18 15:37:56,416][INFO ][cluster.metadata         ] [node_0] [test] deleting index
[2014-02-18 15:37:56,462][INFO ][index.mapper.core        ] [TokenCountFieldMapperIntegrationTests#searchReturnsTokenCount {storeCountedFields=true loadCountedFields=true}]: cleaned up after test
[2014-02-18 15:37:56,471][INFO ][test                     ] Test searchReturnsTokenCount {storeCountedFields=true loadCountedFields=true}(org.elasticsearch.index.mapper.core.TokenCountFieldMapperIntegrationTests) finished
[2014-02-18 15:37:56,471][INFO ][test                     ] Test facetByTokenCount {storeCountedFields=true loadCountedFields=true}(org.elasticsearch.index.mapper.core.TokenCountFieldMapperIntegrationTests) started
[2014-02-18 15:37:56,475][INFO ][plugins                  ] [transport_client_node_1] loaded [], sites []
[2014-02-18 15:37:56,510][INFO ][plugins                  ] [transport_client_node_0] loaded [], sites []
[2014-02-18 15:37:56,547][INFO ][index.mapper.core        ] [TokenCountFieldMapperIntegrationTests#facetByTokenCount {storeCountedFields=true loadCountedFields=true}]: before test
[2014-02-18 15:37:56,549][INFO ][plugins                  ] [transport_client_node_2] loaded [], sites []
[2014-02-18 15:37:56,590][INFO ][cluster.metadata         ] [node_0] [test] creating index, cause [api], shards [5]/[1], mappings [test]
[2014-02-18 15:37:57,155][INFO ][index.mapper.core        ] [TokenCountFieldMapperIntegrationTests#facetByTokenCount {storeCountedFields=true loadCountedFields=true}]: cleaning up after test
[2014-02-18 15:37:57,158][INFO ][cluster.metadata         ] [node_0] [test] deleting index
[2014-02-18 15:37:57,234][INFO ][index.mapper.core        ] [TokenCountFieldMapperIntegrationTests#facetByTokenCount {storeCountedFields=true loadCountedFields=true}]: cleaned up after test
[2014-02-18 15:37:57,247][INFO ][test                     ] Test facetByTokenCount {storeCountedFields=true loadCountedFields=true}(org.elasticsearch.index.mapper.core.TokenCountFieldMapperIntegrationTests) finished
[2014-02-18 15:37:57,247][INFO ][test                     ] Test searchByTokenCount {storeCountedFields=true loadCountedFields=false}(org.elasticsearch.index.mapper.core.TokenCountFieldMapperIntegrationTests) started
[2014-02-18 15:37:57,250][INFO ][index.mapper.core        ] [TokenCountFieldMapperIntegrationTests#searchByTokenCount {storeCountedFields=true loadCountedFields=false}]: before test
[2014-02-18 15:37:57,260][INFO ][cluster.metadata         ] [node_0] [test] creating index, cause [api], shards [5]/[1], mappings [test]
[2014-02-18 15:37:57,742][INFO ][index.mapper.core        ] [TokenCountFieldMapperIntegrationTests#searchByTokenCount {storeCountedFields=true loadCountedFields=false}]: cleaning up after test
[2014-02-18 15:37:57,743][INFO ][cluster.metadata         ] [node_0] [test] deleting index
[2014-02-18 15:37:57,792][INFO ][index.mapper.core        ] [TokenCountFieldMapperIntegrationTests#searchByTokenCount {storeCountedFields=true loadCountedFields=false}]: cleaned up after test
[2014-02-18 15:37:57,793][INFO ][test                     ] Test searchByTokenCount {storeCountedFields=true loadCountedFields=false}(org.elasticsearch.index.mapper.core.TokenCountFieldMapperIntegrationTests) finished
[2014-02-18 15:37:57,794][INFO ][test                     ] Test searchReturnsTokenCount {storeCountedFields=true loadCountedFields=false}(org.elasticsearch.index.mapper.core.TokenCountFieldMapperIntegrationTests) started
[2014-02-18 15:37:57,797][INFO ][plugins                  ] [transport_client_node_2] loaded [], sites []
[2014-02-18 15:37:57,833][INFO ][plugins                  ] [transport_client_node_1] loaded [], sites []
[2014-02-18 15:37:57,861][INFO ][index.mapper.core        ] [TokenCountFieldMapperIntegrationTests#searchReturnsTokenCount {storeCountedFields=true loadCountedFields=false}]: before test
[2014-02-18 15:37:57,875][INFO ][cluster.metadata         ] [node_0] [test] creating index, cause [api], shards [5]/[1], mappings [test]
[2014-02-18 15:37:58,335][INFO ][index.mapper.core        ] [TokenCountFieldMapperIntegrationTests#searchReturnsTokenCount {storeCountedFields=true loadCountedFields=false}]: cleaning up after test
[2014-02-18 15:37:58,336][INFO ][cluster.metadata         ] [node_0] [test] deleting index
[2014-02-18 15:37:58,377][INFO ][index.mapper.core        ] [TokenCountFieldMapperIntegrationTests#searchReturnsTokenCount {storeCountedFields=true loadCountedFields=false}]: cleaned up after test
[2014-02-18 15:37:58,385][INFO ][test                     ] Test searchReturnsTokenCount {storeCountedFields=true loadCountedFields=false}(org.elasticsearch.index.mapper.core.TokenCountFieldMapperIntegrationTests) finished
[2014-02-18 15:37:58,385][INFO ][test                     ] Test facetByTokenCount {storeCountedFields=true loadCountedFields=false}(org.elasticsearch.index.mapper.core.TokenCountFieldMapperIntegrationTests) started
[2014-02-18 15:37:58,389][INFO ][plugins                  ] [transport_client_node_1] loaded [], sites []
[2014-02-18 15:37:58,413][INFO ][plugins                  ] [transport_client_node_0] loaded [], sites []
[2014-02-18 15:37:58,437][INFO ][index.mapper.core        ] [TokenCountFieldMapperIntegrationTests#facetByTokenCount {storeCountedFields=true loadCountedFields=false}]: before test
[2014-02-18 15:37:58,438][INFO ][plugins                  ] [transport_client_node_2] loaded [], sites []
[2014-02-18 15:37:58,468][INFO ][cluster.metadata         ] [node_0] [test] creating index, cause [api], shards [5]/[1], mappings [test]
[2014-02-18 15:37:58,983][INFO ][index.mapper.core        ] [TokenCountFieldMapperIntegrationTests#facetByTokenCount {storeCountedFields=true loadCountedFields=false}]: cleaning up after test
[2014-02-18 15:37:58,986][INFO ][cluster.metadata         ] [node_0] [test] deleting index
[2014-02-18 15:37:59,096][INFO ][index.mapper.core        ] [TokenCountFieldMapperIntegrationTests#facetByTokenCount {storeCountedFields=true loadCountedFields=false}]: cleaned up after test
[2014-02-18 15:37:59,113][INFO ][test                     ] Test facetByTokenCount {storeCountedFields=true loadCountedFields=false}(org.elasticsearch.index.mapper.core.TokenCountFieldMapperIntegrationTests) finished
[2014-02-18 15:37:59,114][INFO ][test                     ] Test searchByTokenCount {storeCountedFields=false loadCountedFields=true}(org.elasticsearch.index.mapper.core.TokenCountFieldMapperIntegrationTests) started
[2014-02-18 15:37:59,117][INFO ][index.mapper.core        ] [TokenCountFieldMapperIntegrationTests#searchByTokenCount {storeCountedFields=false loadCountedFields=true}]: before test
[2014-02-18 15:37:59,135][INFO ][cluster.metadata         ] [node_0] [test] creating index, cause [api], shards [5]/[1], mappings [test]
[2014-02-18 15:37:59,579][INFO ][index.mapper.core        ] [TokenCountFieldMapperIntegrationTests#searchByTokenCount {storeCountedFields=false loadCountedFields=true}]: cleaning up after test
[2014-02-18 15:37:59,580][INFO ][cluster.metadata         ] [node_0] [test] deleting index
[2014-02-18 15:37:59,617][INFO ][index.mapper.core        ] [TokenCountFieldMapperIntegrationTests#searchByTokenCount {storeCountedFields=false loadCountedFields=true}]: cleaned up after test
[2014-02-18 15:37:59,618][INFO ][test                     ] Test searchByTokenCount {storeCountedFields=false loadCountedFields=true}(org.elasticsearch.index.mapper.core.TokenCountFieldMapperIntegrationTests) finished
[2014-02-18 15:37:59,618][INFO ][test                     ] Test searchReturnsTokenCount {storeCountedFields=false loadCountedFields=true}(org.elasticsearch.index.mapper.core.TokenCountFieldMapperIntegrationTests) started
[2014-02-18 15:37:59,622][INFO ][plugins                  ] [transport_client_node_2] loaded [], sites []
[2014-02-18 15:37:59,655][INFO ][plugins                  ] [transport_client_node_1] loaded [], sites []
[2014-02-18 15:37:59,680][INFO ][index.mapper.core        ] [TokenCountFieldMapperIntegrationTests#searchReturnsTokenCount {storeCountedFields=false loadCountedFields=true}]: before test
[2014-02-18 15:37:59,690][INFO ][cluster.metadata         ] [node_0] [test] creating index, cause [api], shards [5]/[1], mappings [test]
[2014-02-18 15:38:00,218][INFO ][index.mapper.core        ] [TokenCountFieldMapperIntegrationTests#searchReturnsTokenCount {storeCountedFields=false loadCountedFields=true}]: cleaning up after test
[2014-02-18 15:38:00,219][INFO ][cluster.metadata         ] [node_0] [test] deleting index
[2014-02-18 15:38:00,286][INFO ][index.mapper.core        ] [TokenCountFieldMapperIntegrationTests#searchReturnsTokenCount {storeCountedFields=false loadCountedFields=true}]: cleaned up after test
[2014-02-18 15:38:00,293][INFO ][test                     ] Test searchReturnsTokenCount {storeCountedFields=false loadCountedFields=true}(org.elasticsearch.index.mapper.core.TokenCountFieldMapperIntegrationTests) finished
[2014-02-18 15:38:00,294][INFO ][test                     ] Test facetByTokenCount {storeCountedFields=false loadCountedFields=true}(org.elasticsearch.index.mapper.core.TokenCountFieldMapperIntegrationTests) started
[2014-02-18 15:38:00,296][INFO ][plugins                  ] [transport_client_node_1] loaded [], sites []
[2014-02-18 15:38:00,326][INFO ][plugins                  ] [transport_client_node_0] loaded [], sites []
[2014-02-18 15:38:00,363][INFO ][index.mapper.core        ] [TokenCountFieldMapperIntegrationTests#facetByTokenCount {storeCountedFields=false loadCountedFields=true}]: before test
[2014-02-18 15:38:00,365][INFO ][plugins                  ] [transport_client_node_2] loaded [], sites []
[2014-02-18 15:38:00,407][INFO ][cluster.metadata         ] [node_0] [test] creating index, cause [api], shards [5]/[1], mappings [test]
[2014-02-18 15:38:00,767][INFO ][index.mapper.core        ] [TokenCountFieldMapperIntegrationTests#facetByTokenCount {storeCountedFields=false loadCountedFields=true}]: cleaning up after test
[2014-02-18 15:38:00,769][INFO ][cluster.metadata         ] [node_0] [test] deleting index
[2014-02-18 15:38:00,807][INFO ][index.mapper.core        ] [TokenCountFieldMapperIntegrationTests#facetByTokenCount {storeCountedFields=false loadCountedFields=true}]: cleaned up after test
[2014-02-18 15:38:00,818][INFO ][test                     ] Test facetByTokenCount {storeCountedFields=false loadCountedFields=true}(org.elasticsearch.index.mapper.core.TokenCountFieldMapperIntegrationTests) finished
[2014-02-18 15:38:00,819][INFO ][test                     ] Test searchByTokenCount {storeCountedFields=false loadCountedFields=false}(org.elasticsearch.index.mapper.core.TokenCountFieldMapperIntegrationTests) started
[2014-02-18 15:38:00,822][INFO ][index.mapper.core        ] [TokenCountFieldMapperIntegrationTests#searchByTokenCount {storeCountedFields=false loadCountedFields=false}]: before test
[2014-02-18 15:38:00,834][INFO ][cluster.metadata         ] [node_0] [test] creating index, cause [api], shards [5]/[1], mappings [test]
[2014-02-18 15:38:01,255][INFO ][index.mapper.core        ] [TokenCountFieldMapperIntegrationTests#searchByTokenCount {storeCountedFields=false loadCountedFields=false}]: cleaning up after test
[2014-02-18 15:38:01,256][INFO ][cluster.metadata         ] [node_0] [test] deleting index
[2014-02-18 15:38:01,300][INFO ][index.mapper.core        ] [TokenCountFieldMapperIntegrationTests#searchByTokenCount {storeCountedFields=false loadCountedFields=false}]: cleaned up after test
[2014-02-18 15:38:01,302][INFO ][test                     ] Test searchByTokenCount {storeCountedFields=false loadCountedFields=false}(org.elasticsearch.index.mapper.core.TokenCountFieldMapperIntegrationTests) finished
[2014-02-18 15:38:01,303][INFO ][test                     ] Test searchReturnsTokenCount {storeCountedFields=false loadCountedFields=false}(org.elasticsearch.index.mapper.core.TokenCountFieldMapperIntegrationTests) started
[2014-02-18 15:38:01,309][INFO ][plugins                  ] [transport_client_node_2] loaded [], sites []
[2014-02-18 15:38:01,363][INFO ][plugins                  ] [transport_client_node_1] loaded [], sites []
[2014-02-18 15:38:01,409][INFO ][index.mapper.core        ] [TokenCountFieldMapperIntegrationTests#searchReturnsTokenCount {storeCountedFields=false loadCountedFields=false}]: before test
[2014-02-18 15:38:01,424][INFO ][cluster.metadata         ] [node_0] [test] creating index, cause [api], shards [5]/[1], mappings [test]
[2014-02-18 15:38:01,973][INFO ][index.mapper.core        ] [TokenCountFieldMapperIntegrationTests#searchReturnsTokenCount {storeCountedFields=false loadCountedFields=false}]: cleaning up after test
[2014-02-18 15:38:01,974][INFO ][cluster.metadata         ] [node_0] [test] deleting index
[2014-02-18 15:38:02,016][INFO ][index.mapper.core        ] [TokenCountFieldMapperIntegrationTests#searchReturnsTokenCount {storeCountedFields=false loadCountedFields=false}]: cleaned up after test
[2014-02-18 15:38:02,026][INFO ][test                     ] Test searchReturnsTokenCount {storeCountedFields=false loadCountedFields=false}(org.elasticsearch.index.mapper.core.TokenCountFieldMapperIntegrationTests) finished
[2014-02-18 15:38:02,027][INFO ][test                     ] Test facetByTokenCount {storeCountedFields=false loadCountedFields=false}(org.elasticsearch.index.mapper.core.TokenCountFieldMapperIntegrationTests) started
[2014-02-18 15:38:02,031][INFO ][plugins                  ] [transport_client_node_1] loaded [], sites []
[2014-02-18 15:38:02,069][INFO ][plugins                  ] [transport_client_node_0] loaded [], sites []
[2014-02-18 15:38:02,097][INFO ][index.mapper.core        ] [TokenCountFieldMapperIntegrationTests#facetByTokenCount {storeCountedFields=false loadCountedFields=false}]: before test
[2014-02-18 15:38:02,099][INFO ][plugins                  ] [transport_client_node_2] loaded [], sites []
[2014-02-18 15:38:02,135][INFO ][cluster.metadata         ] [node_0] [test] creating index, cause [api], shards [5]/[1], mappings [test]
[2014-02-18 15:38:02,539][INFO ][index.mapper.core        ] [TokenCountFieldMapperIntegrationTests#facetByTokenCount {storeCountedFields=false loadCountedFields=false}]: cleaning up after test
[2014-02-18 15:38:02,540][INFO ][cluster.metadata         ] [node_0] [test] deleting index
[2014-02-18 15:38:02,591][INFO ][index.mapper.core        ] [TokenCountFieldMapperIntegrationTests#facetByTokenCount {storeCountedFields=false loadCountedFields=false}]: cleaned up after test
[2014-02-18 15:38:02,605][INFO ][test                     ] Test facetByTokenCount {storeCountedFields=false loadCountedFields=false}(org.elasticsearch.index.mapper.core.TokenCountFieldMapperIntegrationTests) finished
]]></system-out>
   <system-err><![CDATA[]]></system-err>
</testsuite>