<testsuite errors="0" failures="0" tests="3" skipped="0" name="org.elasticsearch.snapshots.DedicatedClusterSnapshotRestoreTests" hostname="nohost.nodomain" time="17.232" timestamp="2014-02-18T16:14:21">
   <properties class="java.util.ArrayList">
      <property name="awt.toolkit" value="sun.lwawt.macosx.LWCToolkit"/>
      <property name="es.logger.level" value="INFO"/>
      <property name="es.logger.prefix" value=""/>
      <property name="es.node.local" value=""/>
      <property name="es.node.mode" value=""/>
      <property name="file.encoding" value="UTF-8"/>
      <property name="file.encoding.pkg" value="sun.io"/>
      <property name="file.separator" value="/"/>
      <property name="ftp.nonProxyHosts" value="local|*.local|169.254/16|*.169.254/16"/>
      <property name="gopherProxySet" value="false"/>
      <property name="http.nonProxyHosts" value="local|*.local|169.254/16|*.169.254/16"/>
      <property name="java.awt.graphicsenv" value="sun.awt.CGraphicsEnvironment"/>
      <property name="java.awt.headless" value="true"/>
      <property name="java.awt.printerjob" value="sun.lwawt.macosx.CPrinterJob"/>
      <property name="java.class.path" value="/Users/bhwang/elasticsearch/target/test-classes:/Users/bhwang/elasticsearch/target/classes:/Users/bhwang/.m2/repository/org/hamcrest/hamcrest-all/1.3/hamcrest-all-1.3.jar:/Users/bhwang/.m2/repository/com/carrotsearch/randomizedtesting/randomizedtesting-runner/2.0.15/randomizedtesting-runner-2.0.15.jar:/Users/bhwang/.m2/repository/junit/junit/4.10/junit-4.10.jar:/Users/bhwang/.m2/repository/org/apache/lucene/lucene-test-framework/4.6.1/lucene-test-framework-4.6.1.jar:/Users/bhwang/.m2/repository/org/apache/lucene/lucene-expressions/4.6.1/lucene-expressions-4.6.1.jar:/Users/bhwang/.m2/repository/org/antlr/antlr-runtime/3.5/antlr-runtime-3.5.jar:/Users/bhwang/.m2/repository/org/ow2/asm/asm/4.1/asm-4.1.jar:/Users/bhwang/.m2/repository/org/ow2/asm/asm-commons/4.1/asm-commons-4.1.jar:/Users/bhwang/.m2/repository/org/apache/httpcomponents/httpclient/4.3.1/httpclient-4.3.1.jar:/Users/bhwang/.m2/repository/org/apache/httpcomponents/httpcore/4.3/httpcore-4.3.jar:/Users/bhwang/.m2/repository/commons-logging/commons-logging/1.1.3/commons-logging-1.1.3.jar:/Users/bhwang/.m2/repository/commons-codec/commons-codec/1.6/commons-codec-1.6.jar:/Users/bhwang/.m2/repository/org/apache/lucene/lucene-core/4.6.1/lucene-core-4.6.1.jar:/Users/bhwang/.m2/repository/org/apache/lucene/lucene-analyzers-common/4.6.1/lucene-analyzers-common-4.6.1.jar:/Users/bhwang/.m2/repository/org/apache/lucene/lucene-codecs/4.6.1/lucene-codecs-4.6.1.jar:/Users/bhwang/.m2/repository/org/apache/lucene/lucene-queries/4.6.1/lucene-queries-4.6.1.jar:/Users/bhwang/.m2/repository/org/apache/lucene/lucene-memory/4.6.1/lucene-memory-4.6.1.jar:/Users/bhwang/.m2/repository/org/apache/lucene/lucene-highlighter/4.6.1/lucene-highlighter-4.6.1.jar:/Users/bhwang/.m2/repository/org/apache/lucene/lucene-queryparser/4.6.1/lucene-queryparser-4.6.1.jar:/Users/bhwang/.m2/repository/org/apache/lucene/lucene-sandbox/4.6.1/lucene-sandbox-4.6.1.jar:/Users/bhwang/.m2/repository/org/apache/lucene/lucene-suggest/4.6.1/lucene-suggest-4.6.1.jar:/Users/bhwang/.m2/repository/org/apache/lucene/lucene-misc/4.6.1/lucene-misc-4.6.1.jar:/Users/bhwang/.m2/repository/org/apache/lucene/lucene-join/4.6.1/lucene-join-4.6.1.jar:/Users/bhwang/.m2/repository/org/apache/lucene/lucene-grouping/4.6.1/lucene-grouping-4.6.1.jar:/Users/bhwang/.m2/repository/org/apache/lucene/lucene-spatial/4.6.1/lucene-spatial-4.6.1.jar:/Users/bhwang/.m2/repository/com/spatial4j/spatial4j/0.3/spatial4j-0.3.jar:/Users/bhwang/.m2/repository/com/vividsolutions/jts/1.12/jts-1.12.jar:/Users/bhwang/.m2/repository/com/google/guava/guava/16.0/guava-16.0.jar:/Users/bhwang/.m2/repository/com/carrotsearch/hppc/0.5.3/hppc-0.5.3.jar:/Users/bhwang/.m2/repository/joda-time/joda-time/2.3/joda-time-2.3.jar:/Users/bhwang/.m2/repository/org/joda/joda-convert/1.2/joda-convert-1.2.jar:/Users/bhwang/.m2/repository/org/mvel/mvel2/2.1.5.Final/mvel2-2.1.5.Final.jar:/Users/bhwang/.m2/repository/com/fasterxml/jackson/core/jackson-core/2.3.0/jackson-core-2.3.0.jar:/Users/bhwang/.m2/repository/com/fasterxml/jackson/dataformat/jackson-dataformat-smile/2.3.0/jackson-dataformat-smile-2.3.0.jar:/Users/bhwang/.m2/repository/com/fasterxml/jackson/dataformat/jackson-dataformat-yaml/2.3.0/jackson-dataformat-yaml-2.3.0.jar:/Users/bhwang/.m2/repository/io/netty/netty/3.9.0.Final/netty-3.9.0.Final.jar:/Users/bhwang/.m2/repository/com/ning/compress-lzf/0.9.6/compress-lzf-0.9.6.jar:/Users/bhwang/.m2/repository/log4j/log4j/1.2.17/log4j-1.2.17.jar:/Users/bhwang/.m2/repository/org/slf4j/slf4j-api/1.6.2/slf4j-api-1.6.2.jar:/Users/bhwang/.m2/repository/net/java/dev/jna/jna/3.3.0/jna-3.3.0.jar:/Users/bhwang/.m2/repository/org/fusesource/sigar/1.6.4/sigar-1.6.4.jar:/Users/bhwang/.m2/repository/com/carrotsearch/randomizedtesting/junit4-ant/2.0.15/junit4-ant-2.0.15.jar"/>
      <property name="java.class.version" value="51.0"/>
      <property name="java.endorsed.dirs" value="/Library/Java/JavaVirtualMachines/jdk1.7.0_45.jdk/Contents/Home/jre/lib/endorsed"/>
      <property name="java.ext.dirs" value="/Users/bhwang/Library/Java/Extensions:/Library/Java/JavaVirtualMachines/jdk1.7.0_45.jdk/Contents/Home/jre/lib/ext:/Library/Java/Extensions:/Network/Library/Java/Extensions:/System/Library/Java/Extensions:/usr/lib/java"/>
      <property name="java.home" value="/Library/Java/JavaVirtualMachines/jdk1.7.0_45.jdk/Contents/Home/jre"/>
      <property name="java.io.tmpdir" value="."/>
      <property name="java.library.path" value="/Users/bhwang/Library/Java/Extensions:/Library/Java/Extensions:/Network/Library/Java/Extensions:/System/Library/Java/Extensions:/usr/lib/java:."/>
      <property name="java.runtime.name" value="Java(TM) SE Runtime Environment"/>
      <property name="java.runtime.version" value="1.7.0_45-b18"/>
      <property name="java.security.policy" value="/Users/bhwang/elasticsearch/dev-tools/tests.policy"/>
      <property name="java.specification.name" value="Java Platform API Specification"/>
      <property name="java.specification.vendor" value="Oracle Corporation"/>
      <property name="java.specification.version" value="1.7"/>
      <property name="java.vendor" value="Oracle Corporation"/>
      <property name="java.vendor.url" value="http://java.oracle.com/"/>
      <property name="java.vendor.url.bug" value="http://bugreport.sun.com/bugreport/"/>
      <property name="java.version" value="1.7.0_45"/>
      <property name="java.vm.info" value="mixed mode"/>
      <property name="java.vm.name" value="Java HotSpot(TM) 64-Bit Server VM"/>
      <property name="java.vm.specification.name" value="Java Virtual Machine Specification"/>
      <property name="java.vm.specification.vendor" value="Oracle Corporation"/>
      <property name="java.vm.specification.version" value="1.7"/>
      <property name="java.vm.vendor" value="Oracle Corporation"/>
      <property name="java.vm.version" value="24.45-b08"/>
      <property name="junit4.childvm.cwd" value="/Users/bhwang/elasticsearch/target/J0"/>
      <property name="junit4.childvm.id" value="0"/>
      <property name="junit4.memory.total" value="128974848"/>
      <property name="junit4.pidString" value="6815@Bills-MacBook-Pro.local"/>
      <property name="junit4.processors" value="4"/>
      <property name="junit4.tempDir" value="/Users/bhwang/elasticsearch/target"/>
      <property name="line.separator" value="
"/>
      <property name="os.arch" value="x86_64"/>
      <property name="os.name" value="Mac OS X"/>
      <property name="os.version" value="10.9.1"/>
      <property name="path.separator" value=":"/>
      <property name="socksNonProxyHosts" value="local|*.local|169.254/16|*.169.254/16"/>
      <property name="sun.arch.data.model" value="64"/>
      <property name="sun.boot.class.path" value="/Library/Java/JavaVirtualMachines/jdk1.7.0_45.jdk/Contents/Home/jre/lib/resources.jar:/Library/Java/JavaVirtualMachines/jdk1.7.0_45.jdk/Contents/Home/jre/lib/rt.jar:/Library/Java/JavaVirtualMachines/jdk1.7.0_45.jdk/Contents/Home/jre/lib/sunrsasign.jar:/Library/Java/JavaVirtualMachines/jdk1.7.0_45.jdk/Contents/Home/jre/lib/jsse.jar:/Library/Java/JavaVirtualMachines/jdk1.7.0_45.jdk/Contents/Home/jre/lib/jce.jar:/Library/Java/JavaVirtualMachines/jdk1.7.0_45.jdk/Contents/Home/jre/lib/charsets.jar:/Library/Java/JavaVirtualMachines/jdk1.7.0_45.jdk/Contents/Home/jre/lib/jfr.jar:/Library/Java/JavaVirtualMachines/jdk1.7.0_45.jdk/Contents/Home/jre/lib/JObjC.jar:/Library/Java/JavaVirtualMachines/jdk1.7.0_45.jdk/Contents/Home/jre/classes"/>
      <property name="sun.boot.library.path" value="/Library/Java/JavaVirtualMachines/jdk1.7.0_45.jdk/Contents/Home/jre/lib"/>
      <property name="sun.cpu.endian" value="little"/>
      <property name="sun.cpu.isalist" value=""/>
      <property name="sun.io.unicode.encoding" value="UnicodeBig"/>
      <property name="sun.java.command" value="com.carrotsearch.ant.tasks.junit4.slave.SlaveMainSafe -flush -eventsfile /Users/bhwang/elasticsearch/target/junit4-J0-20140218_153326_767.events @/Users/bhwang/elasticsearch/target/junit4-J0-20140218_153326_767.suites -stdin"/>
      <property name="sun.java.launcher" value="SUN_STANDARD"/>
      <property name="sun.jnu.encoding" value="UTF-8"/>
      <property name="sun.management.compiler" value="HotSpot 64-Bit Tiered Compilers"/>
      <property name="sun.os.patch.level" value="unknown"/>
      <property name="tests.appendseed" value=""/>
      <property name="tests.assertion.disabled" value=""/>
      <property name="tests.awaitsfix" value=""/>
      <property name="tests.badapples" value=""/>
      <property name="tests.class" value=""/>
      <property name="tests.client.ratio" value=""/>
      <property name="tests.cluster_seed" value=""/>
      <property name="tests.enable_mock_modules" value=""/>
      <property name="tests.failfast" value=""/>
      <property name="tests.integration" value=""/>
      <property name="tests.iters" value=""/>
      <property name="tests.jvm.argline" value=""/>
      <property name="tests.maxfailures" value=""/>
      <property name="tests.method" value=""/>
      <property name="tests.network" value=""/>
      <property name="tests.nightly" value=""/>
      <property name="tests.prefix" value="tests"/>
      <property name="tests.rest" value=""/>
      <property name="tests.rest.spec" value=""/>
      <property name="tests.rest.suite" value=""/>
      <property name="tests.security.manager" value=""/>
      <property name="tests.seed" value="A89B4FF56754358E"/>
      <property name="tests.showSuccess" value=""/>
      <property name="tests.slow" value=""/>
      <property name="tests.timeoutSuite" value=""/>
      <property name="tests.weekly" value=""/>
      <property name="user.country" value="US"/>
      <property name="user.dir" value="/Users/bhwang/elasticsearch/target/J0"/>
      <property name="user.home" value="/Users/bhwang"/>
      <property name="user.language" value="en"/>
      <property name="user.name" value="bhwang"/>
      <property name="user.timezone" value=""/>
   </properties>
   <testcase classname="org.elasticsearch.snapshots.DedicatedClusterSnapshotRestoreTests" name="restorePersistentSettingsTest" time="3.131"/>
   <testcase classname="org.elasticsearch.snapshots.DedicatedClusterSnapshotRestoreTests" name="snapshotDuringNodeShutdownTest" time="6.904"/>
   <testcase classname="org.elasticsearch.snapshots.DedicatedClusterSnapshotRestoreTests" name="restoreIndexWithMissingShards" time="7.175"/>
   <system-out><![CDATA[[2014-02-18 16:14:21,354][INFO ][test                     ] Test restorePersistentSettingsTest(org.elasticsearch.snapshots.DedicatedClusterSnapshotRestoreTests) started
[2014-02-18 16:14:21,355][INFO ][test                     ] Setup TestCluster [TEST-Bills-MacBook-Pro.local-CHILD_VM=[0]-CLUSTER_SEED=[-3764730707359262769]-HASH=[13541BE67352B4D0]] with seed [CBC0FD5E38D897CF] using [0] nodes
[2014-02-18 16:14:21,355][INFO ][snapshots                ] [DedicatedClusterSnapshotRestoreTests#restorePersistentSettingsTest]: before test
[2014-02-18 16:14:21,355][INFO ][snapshots                ] --> start node
[2014-02-18 16:14:21,363][INFO ][node                     ] [node_0] version[1.0.0], pid[6815], build[a46900e/2014-02-18T23:32:25Z]
[2014-02-18 16:14:21,363][INFO ][node                     ] [node_0] initializing ...
[2014-02-18 16:14:21,365][INFO ][plugins                  ] [node_0] loaded [], sites []
[2014-02-18 16:14:21,432][INFO ][node                     ] [node_0] initialized
[2014-02-18 16:14:21,432][INFO ][node                     ] [node_0] starting ...
[2014-02-18 16:14:21,438][INFO ][transport                ] [node_0] bound_address {inet[/0:0:0:0:0:0:0:0:9303]}, publish_address {inet[/10.1.10.75:9303]}
[2014-02-18 16:14:24,443][INFO ][cluster.service          ] [node_0] new_master [node_0][eY99grZHQiKf7OKnQ1H5SA][Bills-MacBook-Pro.local][inet[/10.1.10.75:9303]], reason: zen-disco-join (elected_as_master)
[2014-02-18 16:14:24,456][INFO ][discovery                ] [node_0] TEST-Bills-MacBook-Pro.local-CHILD_VM=[0]-CLUSTER_SEED=[-3764730707359262769]-HASH=[13541BE67352B4D0]/eY99grZHQiKf7OKnQ1H5SA
[2014-02-18 16:14:24,458][INFO ][gateway                  ] [node_0] recovered [0] indices into cluster_state
[2014-02-18 16:14:24,460][INFO ][http                     ] [node_0] bound_address {inet[/0:0:0:0:0:0:0:0:9203]}, publish_address {inet[/10.1.10.75:9203]}
[2014-02-18 16:14:24,460][INFO ][node                     ] [node_0] started
[2014-02-18 16:14:24,461][INFO ][snapshots                ] --> set test persistent setting
[2014-02-18 16:14:24,462][INFO ][snapshots                ] --> create repository
[2014-02-18 16:14:24,464][INFO ][repositories             ] [node_0] put repository [test-repo]
[2014-02-18 16:14:24,466][INFO ][snapshots                ] --> start snapshot
[2014-02-18 16:14:24,471][INFO ][snapshots                ] --> clean the test persistent setting
[2014-02-18 16:14:24,473][INFO ][snapshots                ] --> restore snapshot
[2014-02-18 16:14:24,475][INFO ][snapshots                ] [DedicatedClusterSnapshotRestoreTests#restorePersistentSettingsTest]: cleaning up after test
[2014-02-18 16:14:24,475][INFO ][node                     ] [node_0] stopping ...
[2014-02-18 16:14:24,480][INFO ][node                     ] [node_0] stopped
[2014-02-18 16:14:24,480][INFO ][node                     ] [node_0] closing ...
[2014-02-18 16:14:24,482][INFO ][node                     ] [node_0] closed
[2014-02-18 16:14:24,482][INFO ][snapshots                ] [DedicatedClusterSnapshotRestoreTests#restorePersistentSettingsTest]: cleaned up after test
[2014-02-18 16:14:24,482][INFO ][test                     ] Wipe data directory for all nodes locations: [data/d0/TEST-Bills-MacBook-Pro.local-CHILD_VM=[0]-CLUSTER_SEED=[-3764730707359262769]-HASH=[13541BE67352B4D0]/nodes/0]
[2014-02-18 16:14:24,484][INFO ][test                     ] Test restorePersistentSettingsTest(org.elasticsearch.snapshots.DedicatedClusterSnapshotRestoreTests) finished
[2014-02-18 16:14:24,484][INFO ][test                     ] Test snapshotDuringNodeShutdownTest(org.elasticsearch.snapshots.DedicatedClusterSnapshotRestoreTests) started
[2014-02-18 16:14:24,486][INFO ][test                     ] Setup TestCluster [TEST-Bills-MacBook-Pro.local-CHILD_VM=[0]-CLUSTER_SEED=[4089141435639017385]-HASH=[13541BE72DED5228]] with seed [38BF8C7873982FA9] using [0] nodes
[2014-02-18 16:14:24,486][INFO ][snapshots                ] [DedicatedClusterSnapshotRestoreTests#snapshotDuringNodeShutdownTest]: before test
[2014-02-18 16:14:24,486][INFO ][snapshots                ] --> start 2 nodes
[2014-02-18 16:14:24,491][INFO ][node                     ] [node_0] version[1.0.0], pid[6815], build[a46900e/2014-02-18T23:32:25Z]
[2014-02-18 16:14:24,491][INFO ][node                     ] [node_0] initializing ...
[2014-02-18 16:14:24,493][INFO ][plugins                  ] [node_0] loaded [], sites []
[2014-02-18 16:14:24,549][INFO ][node                     ] [node_0] initialized
[2014-02-18 16:14:24,549][INFO ][node                     ] [node_0] starting ...
[2014-02-18 16:14:24,556][INFO ][transport                ] [node_0] bound_address {inet[/0:0:0:0:0:0:0:0:9303]}, publish_address {inet[/10.1.10.75:9303]}
[2014-02-18 16:14:27,561][INFO ][cluster.service          ] [node_0] new_master [node_0][aG5vriC-Rxuyc4524uQRcQ][Bills-MacBook-Pro.local][inet[/10.1.10.75:9303]], reason: zen-disco-join (elected_as_master)
[2014-02-18 16:14:27,576][INFO ][discovery                ] [node_0] TEST-Bills-MacBook-Pro.local-CHILD_VM=[0]-CLUSTER_SEED=[4089141435639017385]-HASH=[13541BE72DED5228]/aG5vriC-Rxuyc4524uQRcQ
[2014-02-18 16:14:27,578][INFO ][gateway                  ] [node_0] recovered [0] indices into cluster_state
[2014-02-18 16:14:27,582][INFO ][http                     ] [node_0] bound_address {inet[/0:0:0:0:0:0:0:0:9203]}, publish_address {inet[/10.1.10.75:9203]}
[2014-02-18 16:14:27,582][INFO ][node                     ] [node_0] started
[2014-02-18 16:14:27,585][INFO ][node                     ] [node_1] version[1.0.0], pid[6815], build[a46900e/2014-02-18T23:32:25Z]
[2014-02-18 16:14:27,585][INFO ][node                     ] [node_1] initializing ...
[2014-02-18 16:14:27,585][INFO ][plugins                  ] [node_1] loaded [], sites []
[2014-02-18 16:14:27,624][INFO ][node                     ] [node_1] initialized
[2014-02-18 16:14:27,625][INFO ][node                     ] [node_1] starting ...
[2014-02-18 16:14:27,630][INFO ][transport                ] [node_1] bound_address {inet[/0:0:0:0:0:0:0:0:9304]}, publish_address {inet[/10.1.10.75:9304]}
[2014-02-18 16:14:30,651][INFO ][cluster.service          ] [node_0] added {[node_1][ECqX0ce0QKytaJUYTfAqzg][Bills-MacBook-Pro.local][inet[/10.1.10.75:9304]],}, reason: zen-disco-receive(join from node[[node_1][ECqX0ce0QKytaJUYTfAqzg][Bills-MacBook-Pro.local][inet[/10.1.10.75:9304]]])
[2014-02-18 16:14:30,652][INFO ][cluster.service          ] [node_1] detected_master [node_0][aG5vriC-Rxuyc4524uQRcQ][Bills-MacBook-Pro.local][inet[/10.1.10.75:9303]], added {[node_0][aG5vriC-Rxuyc4524uQRcQ][Bills-MacBook-Pro.local][inet[/10.1.10.75:9303]],}, reason: zen-disco-receive(from master [[node_0][aG5vriC-Rxuyc4524uQRcQ][Bills-MacBook-Pro.local][inet[/10.1.10.75:9303]]])
[2014-02-18 16:14:30,669][INFO ][discovery                ] [node_1] TEST-Bills-MacBook-Pro.local-CHILD_VM=[0]-CLUSTER_SEED=[4089141435639017385]-HASH=[13541BE72DED5228]/ECqX0ce0QKytaJUYTfAqzg
[2014-02-18 16:14:30,675][INFO ][http                     ] [node_1] bound_address {inet[/0:0:0:0:0:0:0:0:9204]}, publish_address {inet[/10.1.10.75:9204]}
[2014-02-18 16:14:30,675][INFO ][node                     ] [node_1] started
[2014-02-18 16:14:30,688][INFO ][cluster.metadata         ] [node_0] [test-idx] creating index, cause [api], shards [2]/[0], mappings []
[2014-02-18 16:14:30,932][INFO ][snapshots                ] --> indexing some data
[2014-02-18 16:14:30,935][INFO ][cluster.metadata         ] [node_0] [test-idx] update_mapping [doc] (dynamic)
[2014-02-18 16:14:31,040][INFO ][snapshots                ] --> create repository
[2014-02-18 16:14:31,040][INFO ][snapshots                ] --> creating repository
[2014-02-18 16:14:31,042][INFO ][snapshots.mockstore      ] [node_0] starting mock repository with random prefix JtwfXAUPSw
[2014-02-18 16:14:31,043][INFO ][repositories             ] [node_0] put repository [test-repo]
[2014-02-18 16:14:31,044][INFO ][snapshots.mockstore      ] [node_1] starting mock repository with random prefix JtwfXAUPSw
[2014-02-18 16:14:31,046][INFO ][snapshots                ] --> snapshot
[2014-02-18 16:14:31,052][INFO ][snapshots                ] --> waiting for block to kick in
[2014-02-18 16:14:31,056][INFO ][snapshots.mockstore      ] [node_1] blocking I/O operation for file [__0] at path [[indices][test-idx][1]]
[2014-02-18 16:14:31,153][INFO ][snapshots                ] --> execution was blocked on node [node_1], shutting it down
[2014-02-18 16:14:31,153][INFO ][snapshots                ] --> stopping node
[2014-02-18 16:14:31,154][INFO ][test                     ] Closing filtered random node [node_1] 
[2014-02-18 16:14:31,155][INFO ][node                     ] [node_1] stopping ...
[2014-02-18 16:14:31,160][INFO ][cluster.service          ] [node_0] removed {[node_1][ECqX0ce0QKytaJUYTfAqzg][Bills-MacBook-Pro.local][inet[/10.1.10.75:9304]],}, reason: zen-disco-node_left([node_1][ECqX0ce0QKytaJUYTfAqzg][Bills-MacBook-Pro.local][inet[/10.1.10.75:9304]])
[2014-02-18 16:14:31,165][INFO ][node                     ] [node_1] stopped
[2014-02-18 16:14:31,165][INFO ][node                     ] [node_1] closing ...
[2014-02-18 16:14:31,172][WARN ][snapshots                ] [node_0] failing snapshot of shard [[test-idx][1]] on closed node [ECqX0ce0QKytaJUYTfAqzg]
[2014-02-18 16:14:31,355][WARN ][snapshots                ] [node_1] [[test-idx][1]] [test-repo:test-snap] failed to create snapshot
org.elasticsearch.index.snapshots.IndexShardSnapshotFailedException: [test-idx][1] null
	at org.elasticsearch.index.snapshots.blobstore.BlobStoreIndexShardRepository.snapshot(BlobStoreIndexShardRepository.java:135)
	at org.elasticsearch.index.snapshots.IndexShardSnapshotAndRestoreService.snapshot(IndexShardSnapshotAndRestoreService.java:85)
	at org.elasticsearch.snapshots.SnapshotsService$5.run(SnapshotsService.java:571)
	at java.util.concurrent.ThreadPoolExecutor.runWorker(ThreadPoolExecutor.java:1145)
	at java.util.concurrent.ThreadPoolExecutor$Worker.run(ThreadPoolExecutor.java:615)
	at java.lang.Thread.run(Thread.java:744)
Caused by: java.lang.NullPointerException
	at org.elasticsearch.index.snapshots.blobstore.BlobStoreIndexShardRepository$SnapshotContext.snapshot(BlobStoreIndexShardRepository.java:423)
	at org.elasticsearch.index.snapshots.blobstore.BlobStoreIndexShardRepository.snapshot(BlobStoreIndexShardRepository.java:126)
	... 5 more
[2014-02-18 16:14:31,356][WARN ][snapshots                ] [node_1] [test-repo:test-snap] [org.elasticsearch.cluster.metadata.SnapshotMetaData$ShardSnapshotStatus@21c9d62d] failed to update snapshot state
org.elasticsearch.common.util.concurrent.EsRejectedExecutionException: rejected execution (shutting down) on org.elasticsearch.transport.TransportService$2@2bc97ef8
	at org.elasticsearch.common.util.concurrent.EsAbortPolicy.rejectedExecution(EsAbortPolicy.java:62)
	at java.util.concurrent.ThreadPoolExecutor.reject(ThreadPoolExecutor.java:821)
	at java.util.concurrent.ThreadPoolExecutor.execute(ThreadPoolExecutor.java:1372)
	at org.elasticsearch.transport.TransportService.sendRequest(TransportService.java:203)
	at org.elasticsearch.transport.TransportService.sendRequest(TransportService.java:173)
	at org.elasticsearch.snapshots.SnapshotsService.updateIndexShardSnapshotStatus(SnapshotsService.java:597)
	at org.elasticsearch.snapshots.SnapshotsService.access$2200(SnapshotsService.java:81)
	at org.elasticsearch.snapshots.SnapshotsService$5.run(SnapshotsService.java:575)
	at java.util.concurrent.ThreadPoolExecutor.runWorker(ThreadPoolExecutor.java:1145)
	at java.util.concurrent.ThreadPoolExecutor$Worker.run(ThreadPoolExecutor.java:615)
	at java.lang.Thread.run(Thread.java:744)
[2014-02-18 16:14:31,357][INFO ][node                     ] [node_1] closed
[2014-02-18 16:14:31,357][INFO ][snapshots                ] --> waiting for completion
[2014-02-18 16:14:31,358][INFO ][snapshots                ] Number of failed shards [1]
[2014-02-18 16:14:31,358][INFO ][snapshots                ] --> done
[2014-02-18 16:14:31,358][INFO ][snapshots                ] [DedicatedClusterSnapshotRestoreTests#snapshotDuringNodeShutdownTest]: cleaning up after test
[2014-02-18 16:14:31,358][INFO ][node                     ] [node_0] stopping ...
[2014-02-18 16:14:31,366][INFO ][node                     ] [node_0] stopped
[2014-02-18 16:14:31,366][INFO ][node                     ] [node_0] closing ...
[2014-02-18 16:14:31,368][INFO ][node                     ] [node_0] closed
[2014-02-18 16:14:31,368][INFO ][snapshots                ] [DedicatedClusterSnapshotRestoreTests#snapshotDuringNodeShutdownTest]: cleaned up after test
[2014-02-18 16:14:31,368][INFO ][test                     ] Wipe data directory for all nodes locations: [data/d1/TEST-Bills-MacBook-Pro.local-CHILD_VM=[0]-CLUSTER_SEED=[4089141435639017385]-HASH=[13541BE72DED5228]/nodes/1, data/d1/TEST-Bills-MacBook-Pro.local-CHILD_VM=[0]-CLUSTER_SEED=[4089141435639017385]-HASH=[13541BE72DED5228]/nodes/0, data/d0/TEST-Bills-MacBook-Pro.local-CHILD_VM=[0]-CLUSTER_SEED=[4089141435639017385]-HASH=[13541BE72DED5228]/nodes/0, data/d0/TEST-Bills-MacBook-Pro.local-CHILD_VM=[0]-CLUSTER_SEED=[4089141435639017385]-HASH=[13541BE72DED5228]/nodes/1, data/d3/TEST-Bills-MacBook-Pro.local-CHILD_VM=[0]-CLUSTER_SEED=[4089141435639017385]-HASH=[13541BE72DED5228]/nodes/0, data/d2/TEST-Bills-MacBook-Pro.local-CHILD_VM=[0]-CLUSTER_SEED=[4089141435639017385]-HASH=[13541BE72DED5228]/nodes/0, data/d3/TEST-Bills-MacBook-Pro.local-CHILD_VM=[0]-CLUSTER_SEED=[4089141435639017385]-HASH=[13541BE72DED5228]/nodes/1, data/d2/TEST-Bills-MacBook-Pro.local-CHILD_VM=[0]-CLUSTER_SEED=[4089141435639017385]-HASH=[13541BE72DED5228]/nodes/1]
[2014-02-18 16:14:31,388][INFO ][test                     ] Test snapshotDuringNodeShutdownTest(org.elasticsearch.snapshots.DedicatedClusterSnapshotRestoreTests) finished
[2014-02-18 16:14:31,389][INFO ][test                     ] Test restoreIndexWithMissingShards(org.elasticsearch.snapshots.DedicatedClusterSnapshotRestoreTests) started
[2014-02-18 16:14:31,391][INFO ][test                     ] Setup TestCluster [TEST-Bills-MacBook-Pro.local-CHILD_VM=[0]-CLUSTER_SEED=[1910995481363804323]-HASH=[13541BE8C98637A8]] with seed [1A853843F210F0A3] using [0] nodes
[2014-02-18 16:14:31,391][INFO ][snapshots                ] [DedicatedClusterSnapshotRestoreTests#restoreIndexWithMissingShards]: before test
[2014-02-18 16:14:31,392][INFO ][snapshots                ] --> start 2 nodes
[2014-02-18 16:14:31,397][INFO ][node                     ] [node_0] version[1.0.0], pid[6815], build[a46900e/2014-02-18T23:32:25Z]
[2014-02-18 16:14:31,397][INFO ][node                     ] [node_0] initializing ...
[2014-02-18 16:14:31,398][INFO ][plugins                  ] [node_0] loaded [], sites []
[2014-02-18 16:14:31,449][INFO ][node                     ] [node_0] initialized
[2014-02-18 16:14:31,450][INFO ][node                     ] [node_0] starting ...
[2014-02-18 16:14:31,455][INFO ][transport                ] [node_0] bound_address {inet[/0:0:0:0:0:0:0:0:9303]}, publish_address {inet[/10.1.10.75:9303]}
[2014-02-18 16:14:34,460][INFO ][cluster.service          ] [node_0] new_master [node_0][Y-Yy5xNoRvef582rIxJVXg][Bills-MacBook-Pro.local][inet[/10.1.10.75:9303]], reason: zen-disco-join (elected_as_master)
[2014-02-18 16:14:34,472][INFO ][discovery                ] [node_0] TEST-Bills-MacBook-Pro.local-CHILD_VM=[0]-CLUSTER_SEED=[1910995481363804323]-HASH=[13541BE8C98637A8]/Y-Yy5xNoRvef582rIxJVXg
[2014-02-18 16:14:34,476][INFO ][http                     ] [node_0] bound_address {inet[/0:0:0:0:0:0:0:0:9203]}, publish_address {inet[/10.1.10.75:9203]}
[2014-02-18 16:14:34,480][INFO ][gateway                  ] [node_0] recovered [0] indices into cluster_state
[2014-02-18 16:14:34,481][INFO ][node                     ] [node_0] started
[2014-02-18 16:14:34,482][INFO ][node                     ] [node_1] version[1.0.0], pid[6815], build[a46900e/2014-02-18T23:32:25Z]
[2014-02-18 16:14:34,483][INFO ][node                     ] [node_1] initializing ...
[2014-02-18 16:14:34,483][INFO ][plugins                  ] [node_1] loaded [], sites []
[2014-02-18 16:14:34,519][INFO ][node                     ] [node_1] initialized
[2014-02-18 16:14:34,519][INFO ][node                     ] [node_1] starting ...
[2014-02-18 16:14:34,525][INFO ][transport                ] [node_1] bound_address {inet[/0:0:0:0:0:0:0:0:9304]}, publish_address {inet[/10.1.10.75:9304]}
[2014-02-18 16:14:37,543][INFO ][cluster.service          ] [node_0] added {[node_1][KyzwXLJ4T-C2hnv1aI3Eyw][Bills-MacBook-Pro.local][inet[/10.1.10.75:9304]],}, reason: zen-disco-receive(join from node[[node_1][KyzwXLJ4T-C2hnv1aI3Eyw][Bills-MacBook-Pro.local][inet[/10.1.10.75:9304]]])
[2014-02-18 16:14:37,544][INFO ][cluster.service          ] [node_1] detected_master [node_0][Y-Yy5xNoRvef582rIxJVXg][Bills-MacBook-Pro.local][inet[/10.1.10.75:9303]], added {[node_0][Y-Yy5xNoRvef582rIxJVXg][Bills-MacBook-Pro.local][inet[/10.1.10.75:9303]],}, reason: zen-disco-receive(from master [[node_0][Y-Yy5xNoRvef582rIxJVXg][Bills-MacBook-Pro.local][inet[/10.1.10.75:9303]]])
[2014-02-18 16:14:37,572][INFO ][discovery                ] [node_1] TEST-Bills-MacBook-Pro.local-CHILD_VM=[0]-CLUSTER_SEED=[1910995481363804323]-HASH=[13541BE8C98637A8]/KyzwXLJ4T-C2hnv1aI3Eyw
[2014-02-18 16:14:37,578][INFO ][http                     ] [node_1] bound_address {inet[/0:0:0:0:0:0:0:0:9204]}, publish_address {inet[/10.1.10.75:9204]}
[2014-02-18 16:14:37,579][INFO ][node                     ] [node_1] started
[2014-02-18 16:14:37,597][INFO ][cluster.metadata         ] [node_0] [test-idx-1] creating index, cause [api], shards [6]/[0], mappings []
[2014-02-18 16:14:37,679][INFO ][snapshots                ] --> indexing some data into test-idx-1
[2014-02-18 16:14:37,682][INFO ][cluster.metadata         ] [node_0] [test-idx-1] update_mapping [doc] (dynamic)
[2014-02-18 16:14:37,889][INFO ][snapshots                ] --> shutdown one of the nodes
[2014-02-18 16:14:37,890][INFO ][test                     ] Closing random node [node_1] 
[2014-02-18 16:14:37,890][INFO ][node                     ] [node_1] stopping ...
[2014-02-18 16:14:37,908][INFO ][node                     ] [node_1] stopped
[2014-02-18 16:14:37,908][INFO ][node                     ] [node_1] closing ...
[2014-02-18 16:14:37,909][INFO ][cluster.service          ] [node_0] removed {[node_1][KyzwXLJ4T-C2hnv1aI3Eyw][Bills-MacBook-Pro.local][inet[/10.1.10.75:9304]],}, reason: zen-disco-node_left([node_1][KyzwXLJ4T-C2hnv1aI3Eyw][Bills-MacBook-Pro.local][inet[/10.1.10.75:9304]])
[2014-02-18 16:14:37,915][INFO ][node                     ] [node_1] closed
[2014-02-18 16:14:37,928][INFO ][cluster.metadata         ] [node_0] [test-idx-2] creating index, cause [api], shards [6]/[0], mappings []
[2014-02-18 16:14:38,026][INFO ][snapshots                ] --> indexing some data into test-idx-2
[2014-02-18 16:14:38,027][INFO ][cluster.metadata         ] [node_0] [test-idx-2] update_mapping [doc] (dynamic)
[2014-02-18 16:14:38,158][INFO ][snapshots                ] --> create repository
[2014-02-18 16:14:38,158][INFO ][snapshots                ] --> creating repository
[2014-02-18 16:14:38,160][INFO ][repositories             ] [node_0] put repository [test-repo]
[2014-02-18 16:14:38,167][INFO ][snapshots                ] --> start snapshot with default settings - should fail
[2014-02-18 16:14:38,168][TRACE][snapshots                ] [node_0] [test-repo][test-snap-1] creating snapshot for indices [[test-idx-2, test-idx-1]]
[2014-02-18 16:14:38,180][TRACE][snapshots                ] [node_0] [test-repo:test-snap-1] finalizing snapshot in repository, state: [FAILED], failure[Indices don't have primary shards +[[test-idx-1]]]
[2014-02-18 16:14:38,187][TRACE][snapshots                ] [node_0] [test-repo][test-snap-2] creating snapshot for indices [[test-idx-2, test-idx-1]]
[2014-02-18 16:14:38,204][TRACE][snapshots                ] [node_0] [test-repo:test-snap-2] Updating shard [[test-idx-2][1]] with status [SUCCESS]
[2014-02-18 16:14:38,214][TRACE][snapshots                ] [node_0] [test-repo:test-snap-2] Updating shard [[test-idx-2][2]] with status [SUCCESS]
[2014-02-18 16:14:38,228][TRACE][snapshots                ] [node_0] [test-repo:test-snap-2] Updating shard [[test-idx-2][0]] with status [SUCCESS]
[2014-02-18 16:14:38,248][TRACE][snapshots                ] [node_0] [test-repo:test-snap-2] Updating shard [[test-idx-1][0]] with status [SUCCESS]
[2014-02-18 16:14:38,279][TRACE][snapshots                ] [node_0] [test-repo:test-snap-2] Updating shard [[test-idx-1][2]] with status [SUCCESS]
[2014-02-18 16:14:38,283][TRACE][snapshots                ] [node_0] [test-repo:test-snap-2] Updating shard [[test-idx-2][5]] with status [SUCCESS]
[2014-02-18 16:14:38,289][TRACE][snapshots                ] [node_0] [test-repo:test-snap-2] Updating shard [[test-idx-2][4]] with status [SUCCESS]
[2014-02-18 16:14:38,293][TRACE][snapshots                ] [node_0] [test-repo:test-snap-2] Updating shard [[test-idx-1][4]] with status [SUCCESS]
[2014-02-18 16:14:38,300][TRACE][snapshots                ] [node_0] [test-repo:test-snap-2] Updating shard [[test-idx-2][3]] with status [SUCCESS]
[2014-02-18 16:14:38,301][TRACE][snapshots                ] [node_0] [test-repo:test-snap-2] finalizing snapshot in repository, state: [SUCCESS], failure[null]
[2014-02-18 16:14:38,305][INFO ][snapshots                ] [node_0] snapshot [test-repo:test-snap-2] is done
[2014-02-18 16:14:38,311][INFO ][snapshots                ] State: [SUCCESS], Reason: [null]
[2014-02-18 16:14:38,314][INFO ][cluster.metadata         ] [node_0] closing indices [[test-idx-1, test-idx-2]]
[2014-02-18 16:14:38,334][INFO ][snapshots                ] --> restore incomplete snapshot - should fail
[2014-02-18 16:14:38,336][WARN ][snapshots                ] [node_0] [test-repo:test-snap-2] failed to restore snapshot
org.elasticsearch.snapshots.SnapshotRestoreException: [test-repo:test-snap-2] index [test-idx-1] wasn't fully snapshotted - cannot restore
	at org.elasticsearch.snapshots.RestoreService$1.execute(RestoreService.java:167)
	at org.elasticsearch.cluster.service.InternalClusterService$UpdateTask.run(InternalClusterService.java:308)
	at org.elasticsearch.common.util.concurrent.PrioritizedEsThreadPoolExecutor$TieBreakingPrioritizedRunnable.run(PrioritizedEsThreadPoolExecutor.java:134)
	at java.util.concurrent.ThreadPoolExecutor.runWorker(ThreadPoolExecutor.java:1145)
	at java.util.concurrent.ThreadPoolExecutor$Worker.run(ThreadPoolExecutor.java:615)
	at java.lang.Thread.run(Thread.java:744)
[2014-02-18 16:14:38,337][INFO ][snapshots                ] --> restore snapshot for the index that was snapshotted completely
[2014-02-18 16:14:38,361][TRACE][snapshots                ] [node_0] [test-repo:test-snap-2] successfully restored shard  [[test-idx-2][0]]
[2014-02-18 16:14:38,367][TRACE][snapshots                ] [node_0] [test-repo:test-snap-2] successfully restored shard  [[test-idx-2][1]]
[2014-02-18 16:14:38,375][TRACE][snapshots                ] [node_0] [test-repo:test-snap-2] successfully restored shard  [[test-idx-2][5]]
[2014-02-18 16:14:38,386][TRACE][snapshots                ] [node_0] [test-repo:test-snap-2] successfully restored shard  [[test-idx-2][2]]
[2014-02-18 16:14:38,453][TRACE][snapshots                ] [node_0] [test-repo:test-snap-2] successfully restored shard  [[test-idx-2][4]]
[2014-02-18 16:14:38,458][TRACE][snapshots                ] [node_0] [test-repo:test-snap-2] successfully restored shard  [[test-idx-2][3]]
[2014-02-18 16:14:38,470][TRACE][snapshots                ] [node_0] [test-repo:test-snap-2] Updating shard [[test-idx-2][0]] with status [SUCCESS]
[2014-02-18 16:14:38,472][TRACE][snapshots                ] [node_0] [test-repo:test-snap-2] Updating shard [[test-idx-2][1]] with status [SUCCESS]
[2014-02-18 16:14:38,474][TRACE][snapshots                ] [node_0] [test-repo:test-snap-2] Updating shard [[test-idx-2][5]] with status [SUCCESS]
[2014-02-18 16:14:38,477][TRACE][snapshots                ] [node_0] [test-repo:test-snap-2] Updating shard [[test-idx-2][2]] with status [SUCCESS]
[2014-02-18 16:14:38,479][TRACE][snapshots                ] [node_0] [test-repo:test-snap-2] Updating shard [[test-idx-2][4]] with status [SUCCESS]
[2014-02-18 16:14:38,481][TRACE][snapshots                ] [node_0] [test-repo:test-snap-2] Updating shard [[test-idx-2][3]] with status [SUCCESS]
[2014-02-18 16:14:38,481][INFO ][snapshots                ] [node_0] restore [test-repo:test-snap-2] is done
[2014-02-18 16:14:38,486][INFO ][snapshots                ] [DedicatedClusterSnapshotRestoreTests#restoreIndexWithMissingShards]: cleaning up after test
[2014-02-18 16:14:38,487][INFO ][node                     ] [node_0] stopping ...
[2014-02-18 16:14:38,497][INFO ][node                     ] [node_0] stopped
[2014-02-18 16:14:38,497][INFO ][node                     ] [node_0] closing ...
[2014-02-18 16:14:38,499][INFO ][node                     ] [node_0] closed
[2014-02-18 16:14:38,499][INFO ][snapshots                ] [DedicatedClusterSnapshotRestoreTests#restoreIndexWithMissingShards]: cleaned up after test
[2014-02-18 16:14:38,499][INFO ][test                     ] Wipe data directory for all nodes locations: [data/d0/TEST-Bills-MacBook-Pro.local-CHILD_VM=[0]-CLUSTER_SEED=[1910995481363804323]-HASH=[13541BE8C98637A8]/nodes/1, data/d1/TEST-Bills-MacBook-Pro.local-CHILD_VM=[0]-CLUSTER_SEED=[1910995481363804323]-HASH=[13541BE8C98637A8]/nodes/0, data/d0/TEST-Bills-MacBook-Pro.local-CHILD_VM=[0]-CLUSTER_SEED=[1910995481363804323]-HASH=[13541BE8C98637A8]/nodes/0, data/d1/TEST-Bills-MacBook-Pro.local-CHILD_VM=[0]-CLUSTER_SEED=[1910995481363804323]-HASH=[13541BE8C98637A8]/nodes/1]
[2014-02-18 16:14:38,563][INFO ][test                     ] Test restoreIndexWithMissingShards(org.elasticsearch.snapshots.DedicatedClusterSnapshotRestoreTests) finished
]]></system-out>
   <system-err><![CDATA[]]></system-err>
</testsuite>