<testsuite errors="8" failures="0" tests="5" skipped="0" name="org.elasticsearch.search.rescore.QueryRescorerTests" hostname="nohost.nodomain" time="0.346" timestamp="2014-02-18T16:14:15">
   <properties class="java.util.ArrayList">
      <property name="awt.toolkit" value="sun.lwawt.macosx.LWCToolkit"/>
      <property name="es.logger.level" value="INFO"/>
      <property name="es.logger.prefix" value=""/>
      <property name="es.node.local" value=""/>
      <property name="es.node.mode" value=""/>
      <property name="file.encoding" value="UTF-8"/>
      <property name="file.encoding.pkg" value="sun.io"/>
      <property name="file.separator" value="/"/>
      <property name="ftp.nonProxyHosts" value="local|*.local|169.254/16|*.169.254/16"/>
      <property name="gopherProxySet" value="false"/>
      <property name="http.nonProxyHosts" value="local|*.local|169.254/16|*.169.254/16"/>
      <property name="java.awt.graphicsenv" value="sun.awt.CGraphicsEnvironment"/>
      <property name="java.awt.headless" value="true"/>
      <property name="java.awt.printerjob" value="sun.lwawt.macosx.CPrinterJob"/>
      <property name="java.class.path" value="/Users/bhwang/elasticsearch/target/test-classes:/Users/bhwang/elasticsearch/target/classes:/Users/bhwang/.m2/repository/org/hamcrest/hamcrest-all/1.3/hamcrest-all-1.3.jar:/Users/bhwang/.m2/repository/com/carrotsearch/randomizedtesting/randomizedtesting-runner/2.0.15/randomizedtesting-runner-2.0.15.jar:/Users/bhwang/.m2/repository/junit/junit/4.10/junit-4.10.jar:/Users/bhwang/.m2/repository/org/apache/lucene/lucene-test-framework/4.6.1/lucene-test-framework-4.6.1.jar:/Users/bhwang/.m2/repository/org/apache/lucene/lucene-expressions/4.6.1/lucene-expressions-4.6.1.jar:/Users/bhwang/.m2/repository/org/antlr/antlr-runtime/3.5/antlr-runtime-3.5.jar:/Users/bhwang/.m2/repository/org/ow2/asm/asm/4.1/asm-4.1.jar:/Users/bhwang/.m2/repository/org/ow2/asm/asm-commons/4.1/asm-commons-4.1.jar:/Users/bhwang/.m2/repository/org/apache/httpcomponents/httpclient/4.3.1/httpclient-4.3.1.jar:/Users/bhwang/.m2/repository/org/apache/httpcomponents/httpcore/4.3/httpcore-4.3.jar:/Users/bhwang/.m2/repository/commons-logging/commons-logging/1.1.3/commons-logging-1.1.3.jar:/Users/bhwang/.m2/repository/commons-codec/commons-codec/1.6/commons-codec-1.6.jar:/Users/bhwang/.m2/repository/org/apache/lucene/lucene-core/4.6.1/lucene-core-4.6.1.jar:/Users/bhwang/.m2/repository/org/apache/lucene/lucene-analyzers-common/4.6.1/lucene-analyzers-common-4.6.1.jar:/Users/bhwang/.m2/repository/org/apache/lucene/lucene-codecs/4.6.1/lucene-codecs-4.6.1.jar:/Users/bhwang/.m2/repository/org/apache/lucene/lucene-queries/4.6.1/lucene-queries-4.6.1.jar:/Users/bhwang/.m2/repository/org/apache/lucene/lucene-memory/4.6.1/lucene-memory-4.6.1.jar:/Users/bhwang/.m2/repository/org/apache/lucene/lucene-highlighter/4.6.1/lucene-highlighter-4.6.1.jar:/Users/bhwang/.m2/repository/org/apache/lucene/lucene-queryparser/4.6.1/lucene-queryparser-4.6.1.jar:/Users/bhwang/.m2/repository/org/apache/lucene/lucene-sandbox/4.6.1/lucene-sandbox-4.6.1.jar:/Users/bhwang/.m2/repository/org/apache/lucene/lucene-suggest/4.6.1/lucene-suggest-4.6.1.jar:/Users/bhwang/.m2/repository/org/apache/lucene/lucene-misc/4.6.1/lucene-misc-4.6.1.jar:/Users/bhwang/.m2/repository/org/apache/lucene/lucene-join/4.6.1/lucene-join-4.6.1.jar:/Users/bhwang/.m2/repository/org/apache/lucene/lucene-grouping/4.6.1/lucene-grouping-4.6.1.jar:/Users/bhwang/.m2/repository/org/apache/lucene/lucene-spatial/4.6.1/lucene-spatial-4.6.1.jar:/Users/bhwang/.m2/repository/com/spatial4j/spatial4j/0.3/spatial4j-0.3.jar:/Users/bhwang/.m2/repository/com/vividsolutions/jts/1.12/jts-1.12.jar:/Users/bhwang/.m2/repository/com/google/guava/guava/16.0/guava-16.0.jar:/Users/bhwang/.m2/repository/com/carrotsearch/hppc/0.5.3/hppc-0.5.3.jar:/Users/bhwang/.m2/repository/joda-time/joda-time/2.3/joda-time-2.3.jar:/Users/bhwang/.m2/repository/org/joda/joda-convert/1.2/joda-convert-1.2.jar:/Users/bhwang/.m2/repository/org/mvel/mvel2/2.1.5.Final/mvel2-2.1.5.Final.jar:/Users/bhwang/.m2/repository/com/fasterxml/jackson/core/jackson-core/2.3.0/jackson-core-2.3.0.jar:/Users/bhwang/.m2/repository/com/fasterxml/jackson/dataformat/jackson-dataformat-smile/2.3.0/jackson-dataformat-smile-2.3.0.jar:/Users/bhwang/.m2/repository/com/fasterxml/jackson/dataformat/jackson-dataformat-yaml/2.3.0/jackson-dataformat-yaml-2.3.0.jar:/Users/bhwang/.m2/repository/io/netty/netty/3.9.0.Final/netty-3.9.0.Final.jar:/Users/bhwang/.m2/repository/com/ning/compress-lzf/0.9.6/compress-lzf-0.9.6.jar:/Users/bhwang/.m2/repository/log4j/log4j/1.2.17/log4j-1.2.17.jar:/Users/bhwang/.m2/repository/org/slf4j/slf4j-api/1.6.2/slf4j-api-1.6.2.jar:/Users/bhwang/.m2/repository/net/java/dev/jna/jna/3.3.0/jna-3.3.0.jar:/Users/bhwang/.m2/repository/org/fusesource/sigar/1.6.4/sigar-1.6.4.jar:/Users/bhwang/.m2/repository/com/carrotsearch/randomizedtesting/junit4-ant/2.0.15/junit4-ant-2.0.15.jar"/>
      <property name="java.class.version" value="51.0"/>
      <property name="java.endorsed.dirs" value="/Library/Java/JavaVirtualMachines/jdk1.7.0_45.jdk/Contents/Home/jre/lib/endorsed"/>
      <property name="java.ext.dirs" value="/Users/bhwang/Library/Java/Extensions:/Library/Java/JavaVirtualMachines/jdk1.7.0_45.jdk/Contents/Home/jre/lib/ext:/Library/Java/Extensions:/Network/Library/Java/Extensions:/System/Library/Java/Extensions:/usr/lib/java"/>
      <property name="java.home" value="/Library/Java/JavaVirtualMachines/jdk1.7.0_45.jdk/Contents/Home/jre"/>
      <property name="java.io.tmpdir" value="."/>
      <property name="java.library.path" value="/Users/bhwang/Library/Java/Extensions:/Library/Java/Extensions:/Network/Library/Java/Extensions:/System/Library/Java/Extensions:/usr/lib/java:."/>
      <property name="java.runtime.name" value="Java(TM) SE Runtime Environment"/>
      <property name="java.runtime.version" value="1.7.0_45-b18"/>
      <property name="java.security.policy" value="/Users/bhwang/elasticsearch/dev-tools/tests.policy"/>
      <property name="java.specification.name" value="Java Platform API Specification"/>
      <property name="java.specification.vendor" value="Oracle Corporation"/>
      <property name="java.specification.version" value="1.7"/>
      <property name="java.vendor" value="Oracle Corporation"/>
      <property name="java.vendor.url" value="http://java.oracle.com/"/>
      <property name="java.vendor.url.bug" value="http://bugreport.sun.com/bugreport/"/>
      <property name="java.version" value="1.7.0_45"/>
      <property name="java.vm.info" value="mixed mode"/>
      <property name="java.vm.name" value="Java HotSpot(TM) 64-Bit Server VM"/>
      <property name="java.vm.specification.name" value="Java Virtual Machine Specification"/>
      <property name="java.vm.specification.vendor" value="Oracle Corporation"/>
      <property name="java.vm.specification.version" value="1.7"/>
      <property name="java.vm.vendor" value="Oracle Corporation"/>
      <property name="java.vm.version" value="24.45-b08"/>
      <property name="junit4.childvm.cwd" value="/Users/bhwang/elasticsearch/target/J0"/>
      <property name="junit4.childvm.id" value="0"/>
      <property name="junit4.memory.total" value="128974848"/>
      <property name="junit4.pidString" value="6815@Bills-MacBook-Pro.local"/>
      <property name="junit4.processors" value="4"/>
      <property name="junit4.tempDir" value="/Users/bhwang/elasticsearch/target"/>
      <property name="line.separator" value="
"/>
      <property name="os.arch" value="x86_64"/>
      <property name="os.name" value="Mac OS X"/>
      <property name="os.version" value="10.9.1"/>
      <property name="path.separator" value=":"/>
      <property name="socksNonProxyHosts" value="local|*.local|169.254/16|*.169.254/16"/>
      <property name="sun.arch.data.model" value="64"/>
      <property name="sun.boot.class.path" value="/Library/Java/JavaVirtualMachines/jdk1.7.0_45.jdk/Contents/Home/jre/lib/resources.jar:/Library/Java/JavaVirtualMachines/jdk1.7.0_45.jdk/Contents/Home/jre/lib/rt.jar:/Library/Java/JavaVirtualMachines/jdk1.7.0_45.jdk/Contents/Home/jre/lib/sunrsasign.jar:/Library/Java/JavaVirtualMachines/jdk1.7.0_45.jdk/Contents/Home/jre/lib/jsse.jar:/Library/Java/JavaVirtualMachines/jdk1.7.0_45.jdk/Contents/Home/jre/lib/jce.jar:/Library/Java/JavaVirtualMachines/jdk1.7.0_45.jdk/Contents/Home/jre/lib/charsets.jar:/Library/Java/JavaVirtualMachines/jdk1.7.0_45.jdk/Contents/Home/jre/lib/jfr.jar:/Library/Java/JavaVirtualMachines/jdk1.7.0_45.jdk/Contents/Home/jre/lib/JObjC.jar:/Library/Java/JavaVirtualMachines/jdk1.7.0_45.jdk/Contents/Home/jre/classes"/>
      <property name="sun.boot.library.path" value="/Library/Java/JavaVirtualMachines/jdk1.7.0_45.jdk/Contents/Home/jre/lib"/>
      <property name="sun.cpu.endian" value="little"/>
      <property name="sun.cpu.isalist" value=""/>
      <property name="sun.io.unicode.encoding" value="UnicodeBig"/>
      <property name="sun.java.command" value="com.carrotsearch.ant.tasks.junit4.slave.SlaveMainSafe -flush -eventsfile /Users/bhwang/elasticsearch/target/junit4-J0-20140218_153326_767.events @/Users/bhwang/elasticsearch/target/junit4-J0-20140218_153326_767.suites -stdin"/>
      <property name="sun.java.launcher" value="SUN_STANDARD"/>
      <property name="sun.jnu.encoding" value="UTF-8"/>
      <property name="sun.management.compiler" value="HotSpot 64-Bit Tiered Compilers"/>
      <property name="sun.os.patch.level" value="unknown"/>
      <property name="tests.appendseed" value=""/>
      <property name="tests.assertion.disabled" value=""/>
      <property name="tests.awaitsfix" value=""/>
      <property name="tests.badapples" value=""/>
      <property name="tests.class" value=""/>
      <property name="tests.client.ratio" value=""/>
      <property name="tests.cluster_seed" value=""/>
      <property name="tests.enable_mock_modules" value=""/>
      <property name="tests.failfast" value=""/>
      <property name="tests.integration" value=""/>
      <property name="tests.iters" value=""/>
      <property name="tests.jvm.argline" value=""/>
      <property name="tests.maxfailures" value=""/>
      <property name="tests.method" value=""/>
      <property name="tests.network" value=""/>
      <property name="tests.nightly" value=""/>
      <property name="tests.prefix" value="tests"/>
      <property name="tests.rest" value=""/>
      <property name="tests.rest.spec" value=""/>
      <property name="tests.rest.suite" value=""/>
      <property name="tests.security.manager" value=""/>
      <property name="tests.seed" value="A89B4FF56754358E"/>
      <property name="tests.showSuccess" value=""/>
      <property name="tests.slow" value=""/>
      <property name="tests.timeoutSuite" value=""/>
      <property name="tests.weekly" value=""/>
      <property name="user.country" value="US"/>
      <property name="user.dir" value="/Users/bhwang/elasticsearch/target/J0"/>
      <property name="user.home" value="/Users/bhwang"/>
      <property name="user.language" value="en"/>
      <property name="user.name" value="bhwang"/>
      <property name="user.timezone" value=""/>
   </properties>
   <testcase classname="org.elasticsearch.search.rescore.QueryRescorerTests" name="testScoring" time="0.084">
      <error message="No node available" type="org.elasticsearch.client.transport.NoNodeAvailableException">org.elasticsearch.client.transport.NoNodeAvailableException: No node available
	at org.elasticsearch.client.transport.TransportClientNodesService.execute(TransportClientNodesService.java:219)
	at org.elasticsearch.client.transport.support.InternalTransportIndicesAdminClient.execute(InternalTransportIndicesAdminClient.java:85)
	at org.elasticsearch.client.support.AbstractIndicesAdminClient.delete(AbstractIndicesAdminClient.java:265)
	at org.elasticsearch.action.admin.indices.delete.DeleteIndexRequestBuilder.doExecute(DeleteIndexRequestBuilder.java:68)
	at org.elasticsearch.action.ActionRequestBuilder.execute(ActionRequestBuilder.java:85)
	at org.elasticsearch.action.ActionRequestBuilder.execute(ActionRequestBuilder.java:59)
	at org.elasticsearch.action.ActionRequestBuilder.get(ActionRequestBuilder.java:67)
	at org.elasticsearch.test.hamcrest.ElasticsearchAssertions.assertAcked(ElasticsearchAssertions.java:79)
	at org.elasticsearch.test.ElasticsearchIntegrationTest.wipeIndices(ElasticsearchIntegrationTest.java:340)
	at org.elasticsearch.test.ElasticsearchIntegrationTest.before(ElasticsearchIntegrationTest.java:192)
	at sun.reflect.GeneratedMethodAccessor39.invoke(Unknown Source)
	at sun.reflect.DelegatingMethodAccessorImpl.invoke(DelegatingMethodAccessorImpl.java:43)
	at java.lang.reflect.Method.invoke(Method.java:606)
	at com.carrotsearch.randomizedtesting.RandomizedRunner.invoke(RandomizedRunner.java:1558)
	at com.carrotsearch.randomizedtesting.RandomizedRunner.access$600(RandomizedRunner.java:79)
	at com.carrotsearch.randomizedtesting.RandomizedRunner$7.evaluate(RandomizedRunner.java:770)
	at com.carrotsearch.randomizedtesting.RandomizedRunner$8.evaluate(RandomizedRunner.java:786)
	at org.apache.lucene.util.TestRuleSetupTeardownChained$1.evaluate(TestRuleSetupTeardownChained.java:50)
	at org.apache.lucene.util.TestRuleFieldCacheSanity$1.evaluate(TestRuleFieldCacheSanity.java:51)
	at org.apache.lucene.util.AbstractBeforeAfterRule$1.evaluate(AbstractBeforeAfterRule.java:46)
	at com.carrotsearch.randomizedtesting.rules.SystemPropertiesInvariantRule$1.evaluate(SystemPropertiesInvariantRule.java:55)
	at org.apache.lucene.util.TestRuleThreadAndTestName$1.evaluate(TestRuleThreadAndTestName.java:49)
	at org.apache.lucene.util.TestRuleIgnoreAfterMaxFailures$1.evaluate(TestRuleIgnoreAfterMaxFailures.java:70)
	at org.apache.lucene.util.TestRuleMarkFailure$1.evaluate(TestRuleMarkFailure.java:48)
	at com.carrotsearch.randomizedtesting.rules.StatementAdapter.evaluate(StatementAdapter.java:36)
	at com.carrotsearch.randomizedtesting.ThreadLeakControl$StatementRunner.run(ThreadLeakControl.java:358)
	at com.carrotsearch.randomizedtesting.ThreadLeakControl.forkTimeoutingTask(ThreadLeakControl.java:782)
	at com.carrotsearch.randomizedtesting.ThreadLeakControl$3.evaluate(ThreadLeakControl.java:442)
	at com.carrotsearch.randomizedtesting.RandomizedRunner.runSingleTest(RandomizedRunner.java:745)
	at com.carrotsearch.randomizedtesting.RandomizedRunner$3.evaluate(RandomizedRunner.java:647)
	at com.carrotsearch.randomizedtesting.RandomizedRunner$4.evaluate(RandomizedRunner.java:681)
	at com.carrotsearch.randomizedtesting.RandomizedRunner$5.evaluate(RandomizedRunner.java:692)
	at org.apache.lucene.util.AbstractBeforeAfterRule$1.evaluate(AbstractBeforeAfterRule.java:46)
	at org.apache.lucene.util.TestRuleStoreClassName$1.evaluate(TestRuleStoreClassName.java:42)
	at com.carrotsearch.randomizedtesting.rules.SystemPropertiesInvariantRule$1.evaluate(SystemPropertiesInvariantRule.java:55)
	at com.carrotsearch.randomizedtesting.rules.NoShadowingOrOverridesOnMethodsRule$1.evaluate(NoShadowingOrOverridesOnMethodsRule.java:39)
	at com.carrotsearch.randomizedtesting.rules.NoShadowingOrOverridesOnMethodsRule$1.evaluate(NoShadowingOrOverridesOnMethodsRule.java:39)
	at com.carrotsearch.randomizedtesting.rules.StatementAdapter.evaluate(StatementAdapter.java:36)
	at org.apache.lucene.util.TestRuleAssertionsRequired$1.evaluate(TestRuleAssertionsRequired.java:43)
	at org.apache.lucene.util.TestRuleMarkFailure$1.evaluate(TestRuleMarkFailure.java:48)
	at org.apache.lucene.util.TestRuleIgnoreAfterMaxFailures$1.evaluate(TestRuleIgnoreAfterMaxFailures.java:70)
	at org.apache.lucene.util.TestRuleIgnoreTestSuites$1.evaluate(TestRuleIgnoreTestSuites.java:55)
	at com.carrotsearch.randomizedtesting.rules.StatementAdapter.evaluate(StatementAdapter.java:36)
	at com.carrotsearch.randomizedtesting.ThreadLeakControl$StatementRunner.run(ThreadLeakControl.java:358)
	at java.lang.Thread.run(Thread.java:744)
</error>
      <error message="No node available" type="org.elasticsearch.client.transport.NoNodeAvailableException">org.elasticsearch.client.transport.NoNodeAvailableException: No node available
	at org.elasticsearch.client.transport.TransportClientNodesService.execute(TransportClientNodesService.java:219)
	at org.elasticsearch.client.transport.support.InternalTransportIndicesAdminClient.execute(InternalTransportIndicesAdminClient.java:85)
	at org.elasticsearch.client.support.AbstractIndicesAdminClient.delete(AbstractIndicesAdminClient.java:265)
	at org.elasticsearch.action.admin.indices.delete.DeleteIndexRequestBuilder.doExecute(DeleteIndexRequestBuilder.java:68)
	at org.elasticsearch.action.ActionRequestBuilder.execute(ActionRequestBuilder.java:85)
	at org.elasticsearch.action.ActionRequestBuilder.execute(ActionRequestBuilder.java:59)
	at org.elasticsearch.action.ActionRequestBuilder.get(ActionRequestBuilder.java:67)
	at org.elasticsearch.test.hamcrest.ElasticsearchAssertions.assertAcked(ElasticsearchAssertions.java:79)
	at org.elasticsearch.test.ElasticsearchIntegrationTest.wipeIndices(ElasticsearchIntegrationTest.java:340)
	at org.elasticsearch.test.ElasticsearchIntegrationTest.after(ElasticsearchIntegrationTest.java:241)
	at sun.reflect.GeneratedMethodAccessor40.invoke(Unknown Source)
	at sun.reflect.DelegatingMethodAccessorImpl.invoke(DelegatingMethodAccessorImpl.java:43)
	at java.lang.reflect.Method.invoke(Method.java:606)
	at com.carrotsearch.randomizedtesting.RandomizedRunner.invoke(RandomizedRunner.java:1558)
	at com.carrotsearch.randomizedtesting.RandomizedRunner.access$600(RandomizedRunner.java:79)
	at com.carrotsearch.randomizedtesting.RandomizedRunner$8.evaluate(RandomizedRunner.java:794)
	at org.apache.lucene.util.TestRuleSetupTeardownChained$1.evaluate(TestRuleSetupTeardownChained.java:50)
	at org.apache.lucene.util.TestRuleFieldCacheSanity$1.evaluate(TestRuleFieldCacheSanity.java:51)
	at org.apache.lucene.util.AbstractBeforeAfterRule$1.evaluate(AbstractBeforeAfterRule.java:46)
	at com.carrotsearch.randomizedtesting.rules.SystemPropertiesInvariantRule$1.evaluate(SystemPropertiesInvariantRule.java:55)
	at org.apache.lucene.util.TestRuleThreadAndTestName$1.evaluate(TestRuleThreadAndTestName.java:49)
	at org.apache.lucene.util.TestRuleIgnoreAfterMaxFailures$1.evaluate(TestRuleIgnoreAfterMaxFailures.java:70)
	at org.apache.lucene.util.TestRuleMarkFailure$1.evaluate(TestRuleMarkFailure.java:48)
	at com.carrotsearch.randomizedtesting.rules.StatementAdapter.evaluate(StatementAdapter.java:36)
	at com.carrotsearch.randomizedtesting.ThreadLeakControl$StatementRunner.run(ThreadLeakControl.java:358)
	at com.carrotsearch.randomizedtesting.ThreadLeakControl.forkTimeoutingTask(ThreadLeakControl.java:782)
	at com.carrotsearch.randomizedtesting.ThreadLeakControl$3.evaluate(ThreadLeakControl.java:442)
	at com.carrotsearch.randomizedtesting.RandomizedRunner.runSingleTest(RandomizedRunner.java:745)
	at com.carrotsearch.randomizedtesting.RandomizedRunner$3.evaluate(RandomizedRunner.java:647)
	at com.carrotsearch.randomizedtesting.RandomizedRunner$4.evaluate(RandomizedRunner.java:681)
	at com.carrotsearch.randomizedtesting.RandomizedRunner$5.evaluate(RandomizedRunner.java:692)
	at org.apache.lucene.util.AbstractBeforeAfterRule$1.evaluate(AbstractBeforeAfterRule.java:46)
	at org.apache.lucene.util.TestRuleStoreClassName$1.evaluate(TestRuleStoreClassName.java:42)
	at com.carrotsearch.randomizedtesting.rules.SystemPropertiesInvariantRule$1.evaluate(SystemPropertiesInvariantRule.java:55)
	at com.carrotsearch.randomizedtesting.rules.NoShadowingOrOverridesOnMethodsRule$1.evaluate(NoShadowingOrOverridesOnMethodsRule.java:39)
	at com.carrotsearch.randomizedtesting.rules.NoShadowingOrOverridesOnMethodsRule$1.evaluate(NoShadowingOrOverridesOnMethodsRule.java:39)
	at com.carrotsearch.randomizedtesting.rules.StatementAdapter.evaluate(StatementAdapter.java:36)
	at org.apache.lucene.util.TestRuleAssertionsRequired$1.evaluate(TestRuleAssertionsRequired.java:43)
	at org.apache.lucene.util.TestRuleMarkFailure$1.evaluate(TestRuleMarkFailure.java:48)
	at org.apache.lucene.util.TestRuleIgnoreAfterMaxFailures$1.evaluate(TestRuleIgnoreAfterMaxFailures.java:70)
	at org.apache.lucene.util.TestRuleIgnoreTestSuites$1.evaluate(TestRuleIgnoreTestSuites.java:55)
	at com.carrotsearch.randomizedtesting.rules.StatementAdapter.evaluate(StatementAdapter.java:36)
	at com.carrotsearch.randomizedtesting.ThreadLeakControl$StatementRunner.run(ThreadLeakControl.java:358)
	at java.lang.Thread.run(Thread.java:744)
</error>
   </testcase>
   <testcase classname="org.elasticsearch.search.rescore.QueryRescorerTests" name="testMoreDocs" time="0.064">
      <error message="No node available" type="org.elasticsearch.client.transport.NoNodeAvailableException">org.elasticsearch.client.transport.NoNodeAvailableException: No node available
	at org.elasticsearch.client.transport.TransportClientNodesService.execute(TransportClientNodesService.java:219)
	at org.elasticsearch.client.transport.support.InternalTransportIndicesAdminClient.execute(InternalTransportIndicesAdminClient.java:85)
	at org.elasticsearch.client.support.AbstractIndicesAdminClient.delete(AbstractIndicesAdminClient.java:265)
	at org.elasticsearch.action.admin.indices.delete.DeleteIndexRequestBuilder.doExecute(DeleteIndexRequestBuilder.java:68)
	at org.elasticsearch.action.ActionRequestBuilder.execute(ActionRequestBuilder.java:85)
	at org.elasticsearch.action.ActionRequestBuilder.execute(ActionRequestBuilder.java:59)
	at org.elasticsearch.action.ActionRequestBuilder.get(ActionRequestBuilder.java:67)
	at org.elasticsearch.test.hamcrest.ElasticsearchAssertions.assertAcked(ElasticsearchAssertions.java:79)
	at org.elasticsearch.test.ElasticsearchIntegrationTest.wipeIndices(ElasticsearchIntegrationTest.java:340)
	at org.elasticsearch.test.ElasticsearchIntegrationTest.before(ElasticsearchIntegrationTest.java:192)
	at sun.reflect.GeneratedMethodAccessor39.invoke(Unknown Source)
	at sun.reflect.DelegatingMethodAccessorImpl.invoke(DelegatingMethodAccessorImpl.java:43)
	at java.lang.reflect.Method.invoke(Method.java:606)
	at com.carrotsearch.randomizedtesting.RandomizedRunner.invoke(RandomizedRunner.java:1558)
	at com.carrotsearch.randomizedtesting.RandomizedRunner.access$600(RandomizedRunner.java:79)
	at com.carrotsearch.randomizedtesting.RandomizedRunner$7.evaluate(RandomizedRunner.java:770)
	at com.carrotsearch.randomizedtesting.RandomizedRunner$8.evaluate(RandomizedRunner.java:786)
	at org.apache.lucene.util.TestRuleSetupTeardownChained$1.evaluate(TestRuleSetupTeardownChained.java:50)
	at org.apache.lucene.util.TestRuleFieldCacheSanity$1.evaluate(TestRuleFieldCacheSanity.java:51)
	at org.apache.lucene.util.AbstractBeforeAfterRule$1.evaluate(AbstractBeforeAfterRule.java:46)
	at com.carrotsearch.randomizedtesting.rules.SystemPropertiesInvariantRule$1.evaluate(SystemPropertiesInvariantRule.java:55)
	at org.apache.lucene.util.TestRuleThreadAndTestName$1.evaluate(TestRuleThreadAndTestName.java:49)
	at org.apache.lucene.util.TestRuleIgnoreAfterMaxFailures$1.evaluate(TestRuleIgnoreAfterMaxFailures.java:70)
	at org.apache.lucene.util.TestRuleMarkFailure$1.evaluate(TestRuleMarkFailure.java:48)
	at com.carrotsearch.randomizedtesting.rules.StatementAdapter.evaluate(StatementAdapter.java:36)
	at com.carrotsearch.randomizedtesting.ThreadLeakControl$StatementRunner.run(ThreadLeakControl.java:358)
	at com.carrotsearch.randomizedtesting.ThreadLeakControl.forkTimeoutingTask(ThreadLeakControl.java:782)
	at com.carrotsearch.randomizedtesting.ThreadLeakControl$3.evaluate(ThreadLeakControl.java:442)
	at com.carrotsearch.randomizedtesting.RandomizedRunner.runSingleTest(RandomizedRunner.java:745)
	at com.carrotsearch.randomizedtesting.RandomizedRunner$3.evaluate(RandomizedRunner.java:647)
	at com.carrotsearch.randomizedtesting.RandomizedRunner$4.evaluate(RandomizedRunner.java:681)
	at com.carrotsearch.randomizedtesting.RandomizedRunner$5.evaluate(RandomizedRunner.java:692)
	at org.apache.lucene.util.AbstractBeforeAfterRule$1.evaluate(AbstractBeforeAfterRule.java:46)
	at org.apache.lucene.util.TestRuleStoreClassName$1.evaluate(TestRuleStoreClassName.java:42)
	at com.carrotsearch.randomizedtesting.rules.SystemPropertiesInvariantRule$1.evaluate(SystemPropertiesInvariantRule.java:55)
	at com.carrotsearch.randomizedtesting.rules.NoShadowingOrOverridesOnMethodsRule$1.evaluate(NoShadowingOrOverridesOnMethodsRule.java:39)
	at com.carrotsearch.randomizedtesting.rules.NoShadowingOrOverridesOnMethodsRule$1.evaluate(NoShadowingOrOverridesOnMethodsRule.java:39)
	at com.carrotsearch.randomizedtesting.rules.StatementAdapter.evaluate(StatementAdapter.java:36)
	at org.apache.lucene.util.TestRuleAssertionsRequired$1.evaluate(TestRuleAssertionsRequired.java:43)
	at org.apache.lucene.util.TestRuleMarkFailure$1.evaluate(TestRuleMarkFailure.java:48)
	at org.apache.lucene.util.TestRuleIgnoreAfterMaxFailures$1.evaluate(TestRuleIgnoreAfterMaxFailures.java:70)
	at org.apache.lucene.util.TestRuleIgnoreTestSuites$1.evaluate(TestRuleIgnoreTestSuites.java:55)
	at com.carrotsearch.randomizedtesting.rules.StatementAdapter.evaluate(StatementAdapter.java:36)
	at com.carrotsearch.randomizedtesting.ThreadLeakControl$StatementRunner.run(ThreadLeakControl.java:358)
	at java.lang.Thread.run(Thread.java:744)
</error>
      <error message="No node available" type="org.elasticsearch.client.transport.NoNodeAvailableException">org.elasticsearch.client.transport.NoNodeAvailableException: No node available
	at org.elasticsearch.client.transport.TransportClientNodesService.execute(TransportClientNodesService.java:219)
	at org.elasticsearch.client.transport.support.InternalTransportClusterAdminClient.execute(InternalTransportClusterAdminClient.java:85)
	at org.elasticsearch.client.support.AbstractClusterAdminClient.state(AbstractClusterAdminClient.java:134)
	at org.elasticsearch.action.admin.cluster.state.ClusterStateRequestBuilder.doExecute(ClusterStateRequestBuilder.java:100)
	at org.elasticsearch.action.ActionRequestBuilder.execute(ActionRequestBuilder.java:85)
	at org.elasticsearch.action.ActionRequestBuilder.execute(ActionRequestBuilder.java:59)
	at org.elasticsearch.test.ElasticsearchIntegrationTest.after(ElasticsearchIntegrationTest.java:234)
	at sun.reflect.GeneratedMethodAccessor40.invoke(Unknown Source)
	at sun.reflect.DelegatingMethodAccessorImpl.invoke(DelegatingMethodAccessorImpl.java:43)
	at java.lang.reflect.Method.invoke(Method.java:606)
	at com.carrotsearch.randomizedtesting.RandomizedRunner.invoke(RandomizedRunner.java:1558)
	at com.carrotsearch.randomizedtesting.RandomizedRunner.access$600(RandomizedRunner.java:79)
	at com.carrotsearch.randomizedtesting.RandomizedRunner$8.evaluate(RandomizedRunner.java:794)
	at org.apache.lucene.util.TestRuleSetupTeardownChained$1.evaluate(TestRuleSetupTeardownChained.java:50)
	at org.apache.lucene.util.TestRuleFieldCacheSanity$1.evaluate(TestRuleFieldCacheSanity.java:51)
	at org.apache.lucene.util.AbstractBeforeAfterRule$1.evaluate(AbstractBeforeAfterRule.java:46)
	at com.carrotsearch.randomizedtesting.rules.SystemPropertiesInvariantRule$1.evaluate(SystemPropertiesInvariantRule.java:55)
	at org.apache.lucene.util.TestRuleThreadAndTestName$1.evaluate(TestRuleThreadAndTestName.java:49)
	at org.apache.lucene.util.TestRuleIgnoreAfterMaxFailures$1.evaluate(TestRuleIgnoreAfterMaxFailures.java:70)
	at org.apache.lucene.util.TestRuleMarkFailure$1.evaluate(TestRuleMarkFailure.java:48)
	at com.carrotsearch.randomizedtesting.rules.StatementAdapter.evaluate(StatementAdapter.java:36)
	at com.carrotsearch.randomizedtesting.ThreadLeakControl$StatementRunner.run(ThreadLeakControl.java:358)
	at com.carrotsearch.randomizedtesting.ThreadLeakControl.forkTimeoutingTask(ThreadLeakControl.java:782)
	at com.carrotsearch.randomizedtesting.ThreadLeakControl$3.evaluate(ThreadLeakControl.java:442)
	at com.carrotsearch.randomizedtesting.RandomizedRunner.runSingleTest(RandomizedRunner.java:745)
	at com.carrotsearch.randomizedtesting.RandomizedRunner$3.evaluate(RandomizedRunner.java:647)
	at com.carrotsearch.randomizedtesting.RandomizedRunner$4.evaluate(RandomizedRunner.java:681)
	at com.carrotsearch.randomizedtesting.RandomizedRunner$5.evaluate(RandomizedRunner.java:692)
	at org.apache.lucene.util.AbstractBeforeAfterRule$1.evaluate(AbstractBeforeAfterRule.java:46)
	at org.apache.lucene.util.TestRuleStoreClassName$1.evaluate(TestRuleStoreClassName.java:42)
	at com.carrotsearch.randomizedtesting.rules.SystemPropertiesInvariantRule$1.evaluate(SystemPropertiesInvariantRule.java:55)
	at com.carrotsearch.randomizedtesting.rules.NoShadowingOrOverridesOnMethodsRule$1.evaluate(NoShadowingOrOverridesOnMethodsRule.java:39)
	at com.carrotsearch.randomizedtesting.rules.NoShadowingOrOverridesOnMethodsRule$1.evaluate(NoShadowingOrOverridesOnMethodsRule.java:39)
	at com.carrotsearch.randomizedtesting.rules.StatementAdapter.evaluate(StatementAdapter.java:36)
	at org.apache.lucene.util.TestRuleAssertionsRequired$1.evaluate(TestRuleAssertionsRequired.java:43)
	at org.apache.lucene.util.TestRuleMarkFailure$1.evaluate(TestRuleMarkFailure.java:48)
	at org.apache.lucene.util.TestRuleIgnoreAfterMaxFailures$1.evaluate(TestRuleIgnoreAfterMaxFailures.java:70)
	at org.apache.lucene.util.TestRuleIgnoreTestSuites$1.evaluate(TestRuleIgnoreTestSuites.java:55)
	at com.carrotsearch.randomizedtesting.rules.StatementAdapter.evaluate(StatementAdapter.java:36)
	at com.carrotsearch.randomizedtesting.ThreadLeakControl$StatementRunner.run(ThreadLeakControl.java:358)
	at java.lang.Thread.run(Thread.java:744)
</error>
   </testcase>
   <testcase classname="org.elasticsearch.search.rescore.QueryRescorerTests" name="testRescorePhrase" time="0.029">
      <error message="No node available" type="org.elasticsearch.client.transport.NoNodeAvailableException">org.elasticsearch.client.transport.NoNodeAvailableException: No node available
	at org.elasticsearch.client.transport.TransportClientNodesService.execute(TransportClientNodesService.java:219)
	at org.elasticsearch.client.transport.support.InternalTransportIndicesAdminClient.execute(InternalTransportIndicesAdminClient.java:85)
	at org.elasticsearch.client.support.AbstractIndicesAdminClient.delete(AbstractIndicesAdminClient.java:265)
	at org.elasticsearch.action.admin.indices.delete.DeleteIndexRequestBuilder.doExecute(DeleteIndexRequestBuilder.java:68)
	at org.elasticsearch.action.ActionRequestBuilder.execute(ActionRequestBuilder.java:85)
	at org.elasticsearch.action.ActionRequestBuilder.execute(ActionRequestBuilder.java:59)
	at org.elasticsearch.action.ActionRequestBuilder.get(ActionRequestBuilder.java:67)
	at org.elasticsearch.test.hamcrest.ElasticsearchAssertions.assertAcked(ElasticsearchAssertions.java:79)
	at org.elasticsearch.test.ElasticsearchIntegrationTest.wipeIndices(ElasticsearchIntegrationTest.java:340)
	at org.elasticsearch.test.ElasticsearchIntegrationTest.before(ElasticsearchIntegrationTest.java:192)
	at sun.reflect.GeneratedMethodAccessor39.invoke(Unknown Source)
	at sun.reflect.DelegatingMethodAccessorImpl.invoke(DelegatingMethodAccessorImpl.java:43)
	at java.lang.reflect.Method.invoke(Method.java:606)
	at com.carrotsearch.randomizedtesting.RandomizedRunner.invoke(RandomizedRunner.java:1558)
	at com.carrotsearch.randomizedtesting.RandomizedRunner.access$600(RandomizedRunner.java:79)
	at com.carrotsearch.randomizedtesting.RandomizedRunner$7.evaluate(RandomizedRunner.java:770)
	at com.carrotsearch.randomizedtesting.RandomizedRunner$8.evaluate(RandomizedRunner.java:786)
	at org.apache.lucene.util.TestRuleSetupTeardownChained$1.evaluate(TestRuleSetupTeardownChained.java:50)
	at org.apache.lucene.util.TestRuleFieldCacheSanity$1.evaluate(TestRuleFieldCacheSanity.java:51)
	at org.apache.lucene.util.AbstractBeforeAfterRule$1.evaluate(AbstractBeforeAfterRule.java:46)
	at com.carrotsearch.randomizedtesting.rules.SystemPropertiesInvariantRule$1.evaluate(SystemPropertiesInvariantRule.java:55)
	at org.apache.lucene.util.TestRuleThreadAndTestName$1.evaluate(TestRuleThreadAndTestName.java:49)
	at org.apache.lucene.util.TestRuleIgnoreAfterMaxFailures$1.evaluate(TestRuleIgnoreAfterMaxFailures.java:70)
	at org.apache.lucene.util.TestRuleMarkFailure$1.evaluate(TestRuleMarkFailure.java:48)
	at com.carrotsearch.randomizedtesting.rules.StatementAdapter.evaluate(StatementAdapter.java:36)
	at com.carrotsearch.randomizedtesting.ThreadLeakControl$StatementRunner.run(ThreadLeakControl.java:358)
	at com.carrotsearch.randomizedtesting.ThreadLeakControl.forkTimeoutingTask(ThreadLeakControl.java:782)
	at com.carrotsearch.randomizedtesting.ThreadLeakControl$3.evaluate(ThreadLeakControl.java:442)
	at com.carrotsearch.randomizedtesting.RandomizedRunner.runSingleTest(RandomizedRunner.java:745)
	at com.carrotsearch.randomizedtesting.RandomizedRunner$3.evaluate(RandomizedRunner.java:647)
	at com.carrotsearch.randomizedtesting.RandomizedRunner$4.evaluate(RandomizedRunner.java:681)
	at com.carrotsearch.randomizedtesting.RandomizedRunner$5.evaluate(RandomizedRunner.java:692)
	at org.apache.lucene.util.AbstractBeforeAfterRule$1.evaluate(AbstractBeforeAfterRule.java:46)
	at org.apache.lucene.util.TestRuleStoreClassName$1.evaluate(TestRuleStoreClassName.java:42)
	at com.carrotsearch.randomizedtesting.rules.SystemPropertiesInvariantRule$1.evaluate(SystemPropertiesInvariantRule.java:55)
	at com.carrotsearch.randomizedtesting.rules.NoShadowingOrOverridesOnMethodsRule$1.evaluate(NoShadowingOrOverridesOnMethodsRule.java:39)
	at com.carrotsearch.randomizedtesting.rules.NoShadowingOrOverridesOnMethodsRule$1.evaluate(NoShadowingOrOverridesOnMethodsRule.java:39)
	at com.carrotsearch.randomizedtesting.rules.StatementAdapter.evaluate(StatementAdapter.java:36)
	at org.apache.lucene.util.TestRuleAssertionsRequired$1.evaluate(TestRuleAssertionsRequired.java:43)
	at org.apache.lucene.util.TestRuleMarkFailure$1.evaluate(TestRuleMarkFailure.java:48)
	at org.apache.lucene.util.TestRuleIgnoreAfterMaxFailures$1.evaluate(TestRuleIgnoreAfterMaxFailures.java:70)
	at org.apache.lucene.util.TestRuleIgnoreTestSuites$1.evaluate(TestRuleIgnoreTestSuites.java:55)
	at com.carrotsearch.randomizedtesting.rules.StatementAdapter.evaluate(StatementAdapter.java:36)
	at com.carrotsearch.randomizedtesting.ThreadLeakControl$StatementRunner.run(ThreadLeakControl.java:358)
	at java.lang.Thread.run(Thread.java:744)
</error>
      <error message="No node available" type="org.elasticsearch.client.transport.NoNodeAvailableException">org.elasticsearch.client.transport.NoNodeAvailableException: No node available
	at org.elasticsearch.client.transport.TransportClientNodesService.execute(TransportClientNodesService.java:219)
	at org.elasticsearch.client.transport.support.InternalTransportClusterAdminClient.execute(InternalTransportClusterAdminClient.java:85)
	at org.elasticsearch.client.support.AbstractClusterAdminClient.state(AbstractClusterAdminClient.java:134)
	at org.elasticsearch.action.admin.cluster.state.ClusterStateRequestBuilder.doExecute(ClusterStateRequestBuilder.java:100)
	at org.elasticsearch.action.ActionRequestBuilder.execute(ActionRequestBuilder.java:85)
	at org.elasticsearch.action.ActionRequestBuilder.execute(ActionRequestBuilder.java:59)
	at org.elasticsearch.test.ElasticsearchIntegrationTest.after(ElasticsearchIntegrationTest.java:234)
	at sun.reflect.GeneratedMethodAccessor40.invoke(Unknown Source)
	at sun.reflect.DelegatingMethodAccessorImpl.invoke(DelegatingMethodAccessorImpl.java:43)
	at java.lang.reflect.Method.invoke(Method.java:606)
	at com.carrotsearch.randomizedtesting.RandomizedRunner.invoke(RandomizedRunner.java:1558)
	at com.carrotsearch.randomizedtesting.RandomizedRunner.access$600(RandomizedRunner.java:79)
	at com.carrotsearch.randomizedtesting.RandomizedRunner$8.evaluate(RandomizedRunner.java:794)
	at org.apache.lucene.util.TestRuleSetupTeardownChained$1.evaluate(TestRuleSetupTeardownChained.java:50)
	at org.apache.lucene.util.TestRuleFieldCacheSanity$1.evaluate(TestRuleFieldCacheSanity.java:51)
	at org.apache.lucene.util.AbstractBeforeAfterRule$1.evaluate(AbstractBeforeAfterRule.java:46)
	at com.carrotsearch.randomizedtesting.rules.SystemPropertiesInvariantRule$1.evaluate(SystemPropertiesInvariantRule.java:55)
	at org.apache.lucene.util.TestRuleThreadAndTestName$1.evaluate(TestRuleThreadAndTestName.java:49)
	at org.apache.lucene.util.TestRuleIgnoreAfterMaxFailures$1.evaluate(TestRuleIgnoreAfterMaxFailures.java:70)
	at org.apache.lucene.util.TestRuleMarkFailure$1.evaluate(TestRuleMarkFailure.java:48)
	at com.carrotsearch.randomizedtesting.rules.StatementAdapter.evaluate(StatementAdapter.java:36)
	at com.carrotsearch.randomizedtesting.ThreadLeakControl$StatementRunner.run(ThreadLeakControl.java:358)
	at com.carrotsearch.randomizedtesting.ThreadLeakControl.forkTimeoutingTask(ThreadLeakControl.java:782)
	at com.carrotsearch.randomizedtesting.ThreadLeakControl$3.evaluate(ThreadLeakControl.java:442)
	at com.carrotsearch.randomizedtesting.RandomizedRunner.runSingleTest(RandomizedRunner.java:745)
	at com.carrotsearch.randomizedtesting.RandomizedRunner$3.evaluate(RandomizedRunner.java:647)
	at com.carrotsearch.randomizedtesting.RandomizedRunner$4.evaluate(RandomizedRunner.java:681)
	at com.carrotsearch.randomizedtesting.RandomizedRunner$5.evaluate(RandomizedRunner.java:692)
	at org.apache.lucene.util.AbstractBeforeAfterRule$1.evaluate(AbstractBeforeAfterRule.java:46)
	at org.apache.lucene.util.TestRuleStoreClassName$1.evaluate(TestRuleStoreClassName.java:42)
	at com.carrotsearch.randomizedtesting.rules.SystemPropertiesInvariantRule$1.evaluate(SystemPropertiesInvariantRule.java:55)
	at com.carrotsearch.randomizedtesting.rules.NoShadowingOrOverridesOnMethodsRule$1.evaluate(NoShadowingOrOverridesOnMethodsRule.java:39)
	at com.carrotsearch.randomizedtesting.rules.NoShadowingOrOverridesOnMethodsRule$1.evaluate(NoShadowingOrOverridesOnMethodsRule.java:39)
	at com.carrotsearch.randomizedtesting.rules.StatementAdapter.evaluate(StatementAdapter.java:36)
	at org.apache.lucene.util.TestRuleAssertionsRequired$1.evaluate(TestRuleAssertionsRequired.java:43)
	at org.apache.lucene.util.TestRuleMarkFailure$1.evaluate(TestRuleMarkFailure.java:48)
	at org.apache.lucene.util.TestRuleIgnoreAfterMaxFailures$1.evaluate(TestRuleIgnoreAfterMaxFailures.java:70)
	at org.apache.lucene.util.TestRuleIgnoreTestSuites$1.evaluate(TestRuleIgnoreTestSuites.java:55)
	at com.carrotsearch.randomizedtesting.rules.StatementAdapter.evaluate(StatementAdapter.java:36)
	at com.carrotsearch.randomizedtesting.ThreadLeakControl$StatementRunner.run(ThreadLeakControl.java:358)
	at java.lang.Thread.run(Thread.java:744)
</error>
   </testcase>
   <testcase classname="org.elasticsearch.search.rescore.QueryRescorerTests" name="testEquivalence" time="0.064">
      <error message="No node available" type="org.elasticsearch.client.transport.NoNodeAvailableException">org.elasticsearch.client.transport.NoNodeAvailableException: No node available
	at __randomizedtesting.SeedInfo.seed([A89B4FF56754358E:7303F8A3540E6799]:0)
	at org.elasticsearch.client.transport.TransportClientNodesService.execute(TransportClientNodesService.java:219)
	at org.elasticsearch.client.transport.support.InternalTransportClusterAdminClient.execute(InternalTransportClusterAdminClient.java:85)
	at org.elasticsearch.client.support.AbstractClusterAdminClient.deleteRepository(AbstractClusterAdminClient.java:365)
	at org.elasticsearch.action.admin.cluster.repositories.delete.DeleteRepositoryRequestBuilder.doExecute(DeleteRepositoryRequestBuilder.java:62)
	at org.elasticsearch.action.ActionRequestBuilder.execute(ActionRequestBuilder.java:85)
	at org.elasticsearch.action.ActionRequestBuilder.execute(ActionRequestBuilder.java:59)
	at org.elasticsearch.test.ElasticsearchIntegrationTest.wipeRepositories(ElasticsearchIntegrationTest.java:391)
	at org.elasticsearch.test.ElasticsearchIntegrationTest.before(ElasticsearchIntegrationTest.java:195)
	at sun.reflect.GeneratedMethodAccessor39.invoke(Unknown Source)
	at sun.reflect.DelegatingMethodAccessorImpl.invoke(DelegatingMethodAccessorImpl.java:43)
	at java.lang.reflect.Method.invoke(Method.java:606)
	at com.carrotsearch.randomizedtesting.RandomizedRunner.invoke(RandomizedRunner.java:1558)
	at com.carrotsearch.randomizedtesting.RandomizedRunner.access$600(RandomizedRunner.java:79)
	at com.carrotsearch.randomizedtesting.RandomizedRunner$7.evaluate(RandomizedRunner.java:770)
	at com.carrotsearch.randomizedtesting.RandomizedRunner$8.evaluate(RandomizedRunner.java:786)
	at org.apache.lucene.util.TestRuleSetupTeardownChained$1.evaluate(TestRuleSetupTeardownChained.java:50)
	at org.apache.lucene.util.TestRuleFieldCacheSanity$1.evaluate(TestRuleFieldCacheSanity.java:51)
	at org.apache.lucene.util.AbstractBeforeAfterRule$1.evaluate(AbstractBeforeAfterRule.java:46)
	at com.carrotsearch.randomizedtesting.rules.SystemPropertiesInvariantRule$1.evaluate(SystemPropertiesInvariantRule.java:55)
	at org.apache.lucene.util.TestRuleThreadAndTestName$1.evaluate(TestRuleThreadAndTestName.java:49)
	at org.apache.lucene.util.TestRuleIgnoreAfterMaxFailures$1.evaluate(TestRuleIgnoreAfterMaxFailures.java:70)
	at org.apache.lucene.util.TestRuleMarkFailure$1.evaluate(TestRuleMarkFailure.java:48)
	at com.carrotsearch.randomizedtesting.rules.StatementAdapter.evaluate(StatementAdapter.java:36)
	at com.carrotsearch.randomizedtesting.ThreadLeakControl$StatementRunner.run(ThreadLeakControl.java:358)
	at com.carrotsearch.randomizedtesting.ThreadLeakControl.forkTimeoutingTask(ThreadLeakControl.java:782)
	at com.carrotsearch.randomizedtesting.ThreadLeakControl$3.evaluate(ThreadLeakControl.java:442)
	at com.carrotsearch.randomizedtesting.RandomizedRunner.runSingleTest(RandomizedRunner.java:745)
	at com.carrotsearch.randomizedtesting.RandomizedRunner$3.evaluate(RandomizedRunner.java:647)
	at com.carrotsearch.randomizedtesting.RandomizedRunner$4.evaluate(RandomizedRunner.java:681)
	at com.carrotsearch.randomizedtesting.RandomizedRunner$5.evaluate(RandomizedRunner.java:692)
	at org.apache.lucene.util.AbstractBeforeAfterRule$1.evaluate(AbstractBeforeAfterRule.java:46)
	at org.apache.lucene.util.TestRuleStoreClassName$1.evaluate(TestRuleStoreClassName.java:42)
	at com.carrotsearch.randomizedtesting.rules.SystemPropertiesInvariantRule$1.evaluate(SystemPropertiesInvariantRule.java:55)
	at com.carrotsearch.randomizedtesting.rules.NoShadowingOrOverridesOnMethodsRule$1.evaluate(NoShadowingOrOverridesOnMethodsRule.java:39)
	at com.carrotsearch.randomizedtesting.rules.NoShadowingOrOverridesOnMethodsRule$1.evaluate(NoShadowingOrOverridesOnMethodsRule.java:39)
	at com.carrotsearch.randomizedtesting.rules.StatementAdapter.evaluate(StatementAdapter.java:36)
	at org.apache.lucene.util.TestRuleAssertionsRequired$1.evaluate(TestRuleAssertionsRequired.java:43)
	at org.apache.lucene.util.TestRuleMarkFailure$1.evaluate(TestRuleMarkFailure.java:48)
	at org.apache.lucene.util.TestRuleIgnoreAfterMaxFailures$1.evaluate(TestRuleIgnoreAfterMaxFailures.java:70)
	at org.apache.lucene.util.TestRuleIgnoreTestSuites$1.evaluate(TestRuleIgnoreTestSuites.java:55)
	at com.carrotsearch.randomizedtesting.rules.StatementAdapter.evaluate(StatementAdapter.java:36)
	at com.carrotsearch.randomizedtesting.ThreadLeakControl$StatementRunner.run(ThreadLeakControl.java:358)
	at java.lang.Thread.run(Thread.java:744)
</error>
   </testcase>
   <testcase classname="org.elasticsearch.search.rescore.QueryRescorerTests" name="testExplain" time="0.087">
      <error message="No node available" type="org.elasticsearch.client.transport.NoNodeAvailableException">org.elasticsearch.client.transport.NoNodeAvailableException: No node available
	at __randomizedtesting.SeedInfo.seed([A89B4FF56754358E:1E6F02144BFFCFC1]:0)
	at org.elasticsearch.client.transport.TransportClientNodesService.execute(TransportClientNodesService.java:219)
	at org.elasticsearch.client.transport.support.InternalTransportIndicesAdminClient.execute(InternalTransportIndicesAdminClient.java:85)
	at org.elasticsearch.client.support.AbstractIndicesAdminClient.delete(AbstractIndicesAdminClient.java:265)
	at org.elasticsearch.action.admin.indices.delete.DeleteIndexRequestBuilder.doExecute(DeleteIndexRequestBuilder.java:68)
	at org.elasticsearch.action.ActionRequestBuilder.execute(ActionRequestBuilder.java:85)
	at org.elasticsearch.action.ActionRequestBuilder.execute(ActionRequestBuilder.java:59)
	at org.elasticsearch.action.ActionRequestBuilder.get(ActionRequestBuilder.java:67)
	at org.elasticsearch.test.hamcrest.ElasticsearchAssertions.assertAcked(ElasticsearchAssertions.java:79)
	at org.elasticsearch.test.ElasticsearchIntegrationTest.wipeIndices(ElasticsearchIntegrationTest.java:340)
	at org.elasticsearch.test.ElasticsearchIntegrationTest.before(ElasticsearchIntegrationTest.java:192)
	at sun.reflect.GeneratedMethodAccessor39.invoke(Unknown Source)
	at sun.reflect.DelegatingMethodAccessorImpl.invoke(DelegatingMethodAccessorImpl.java:43)
	at java.lang.reflect.Method.invoke(Method.java:606)
	at com.carrotsearch.randomizedtesting.RandomizedRunner.invoke(RandomizedRunner.java:1558)
	at com.carrotsearch.randomizedtesting.RandomizedRunner.access$600(RandomizedRunner.java:79)
	at com.carrotsearch.randomizedtesting.RandomizedRunner$7.evaluate(RandomizedRunner.java:770)
	at com.carrotsearch.randomizedtesting.RandomizedRunner$8.evaluate(RandomizedRunner.java:786)
	at org.apache.lucene.util.TestRuleSetupTeardownChained$1.evaluate(TestRuleSetupTeardownChained.java:50)
	at org.apache.lucene.util.TestRuleFieldCacheSanity$1.evaluate(TestRuleFieldCacheSanity.java:51)
	at org.apache.lucene.util.AbstractBeforeAfterRule$1.evaluate(AbstractBeforeAfterRule.java:46)
	at com.carrotsearch.randomizedtesting.rules.SystemPropertiesInvariantRule$1.evaluate(SystemPropertiesInvariantRule.java:55)
	at org.apache.lucene.util.TestRuleThreadAndTestName$1.evaluate(TestRuleThreadAndTestName.java:49)
	at org.apache.lucene.util.TestRuleIgnoreAfterMaxFailures$1.evaluate(TestRuleIgnoreAfterMaxFailures.java:70)
	at org.apache.lucene.util.TestRuleMarkFailure$1.evaluate(TestRuleMarkFailure.java:48)
	at com.carrotsearch.randomizedtesting.rules.StatementAdapter.evaluate(StatementAdapter.java:36)
	at com.carrotsearch.randomizedtesting.ThreadLeakControl$StatementRunner.run(ThreadLeakControl.java:358)
	at com.carrotsearch.randomizedtesting.ThreadLeakControl.forkTimeoutingTask(ThreadLeakControl.java:782)
	at com.carrotsearch.randomizedtesting.ThreadLeakControl$3.evaluate(ThreadLeakControl.java:442)
	at com.carrotsearch.randomizedtesting.RandomizedRunner.runSingleTest(RandomizedRunner.java:745)
	at com.carrotsearch.randomizedtesting.RandomizedRunner$3.evaluate(RandomizedRunner.java:647)
	at com.carrotsearch.randomizedtesting.RandomizedRunner$4.evaluate(RandomizedRunner.java:681)
	at com.carrotsearch.randomizedtesting.RandomizedRunner$5.evaluate(RandomizedRunner.java:692)
	at org.apache.lucene.util.AbstractBeforeAfterRule$1.evaluate(AbstractBeforeAfterRule.java:46)
	at org.apache.lucene.util.TestRuleStoreClassName$1.evaluate(TestRuleStoreClassName.java:42)
	at com.carrotsearch.randomizedtesting.rules.SystemPropertiesInvariantRule$1.evaluate(SystemPropertiesInvariantRule.java:55)
	at com.carrotsearch.randomizedtesting.rules.NoShadowingOrOverridesOnMethodsRule$1.evaluate(NoShadowingOrOverridesOnMethodsRule.java:39)
	at com.carrotsearch.randomizedtesting.rules.NoShadowingOrOverridesOnMethodsRule$1.evaluate(NoShadowingOrOverridesOnMethodsRule.java:39)
	at com.carrotsearch.randomizedtesting.rules.StatementAdapter.evaluate(StatementAdapter.java:36)
	at org.apache.lucene.util.TestRuleAssertionsRequired$1.evaluate(TestRuleAssertionsRequired.java:43)
	at org.apache.lucene.util.TestRuleMarkFailure$1.evaluate(TestRuleMarkFailure.java:48)
	at org.apache.lucene.util.TestRuleIgnoreAfterMaxFailures$1.evaluate(TestRuleIgnoreAfterMaxFailures.java:70)
	at org.apache.lucene.util.TestRuleIgnoreTestSuites$1.evaluate(TestRuleIgnoreTestSuites.java:55)
	at com.carrotsearch.randomizedtesting.rules.StatementAdapter.evaluate(StatementAdapter.java:36)
	at com.carrotsearch.randomizedtesting.ThreadLeakControl$StatementRunner.run(ThreadLeakControl.java:358)
	at java.lang.Thread.run(Thread.java:744)
</error>
   </testcase>
   <system-out><![CDATA[[2014-02-18 16:14:15,520][INFO ][test                     ] Test testScoring(org.elasticsearch.search.rescore.QueryRescorerTests) started
[2014-02-18 16:14:15,531][INFO ][plugins                  ] [transport_client_node_1] loaded [], sites []
[2014-02-18 16:14:15,555][WARN ][transport.netty          ] [transport_client_node_1] exception caught on transport layer [[id: 0x5e970dfb]], closing connection
java.net.BindException: Address already in use
	at sun.nio.ch.Net.connect0(Native Method)
	at sun.nio.ch.Net.connect(Net.java:465)
	at sun.nio.ch.Net.connect(Net.java:457)
	at sun.nio.ch.SocketChannelImpl.connect(SocketChannelImpl.java:666)
	at org.jboss.netty.channel.socket.nio.NioClientSocketPipelineSink.connect(NioClientSocketPipelineSink.java:108)
	at org.jboss.netty.channel.socket.nio.NioClientSocketPipelineSink.eventSunk(NioClientSocketPipelineSink.java:70)
	at org.jboss.netty.channel.Channels.connect(Channels.java:634)
	at org.jboss.netty.channel.AbstractChannel.connect(AbstractChannel.java:207)
	at org.jboss.netty.bootstrap.ClientBootstrap.connect(ClientBootstrap.java:229)
	at org.jboss.netty.bootstrap.ClientBootstrap.connect(ClientBootstrap.java:182)
	at org.elasticsearch.transport.netty.NettyTransport.connectToChannels(NettyTransport.java:705)
	at org.elasticsearch.transport.netty.NettyTransport.connectToNode(NettyTransport.java:647)
	at org.elasticsearch.transport.netty.NettyTransport.connectToNode(NettyTransport.java:615)
	at org.elasticsearch.transport.TransportService.connectToNode(TransportService.java:129)
	at org.elasticsearch.client.transport.TransportClientNodesService$NodeSampler.validateNewNodes(TransportClientNodesService.java:317)
	at org.elasticsearch.client.transport.TransportClientNodesService$SimpleNodeSampler.doSample(TransportClientNodesService.java:389)
	at org.elasticsearch.client.transport.TransportClientNodesService$NodeSampler.sample(TransportClientNodesService.java:301)
	at org.elasticsearch.client.transport.TransportClientNodesService.addTransportAddresses(TransportClientNodesService.java:169)
	at org.elasticsearch.client.transport.TransportClient.addTransportAddress(TransportClient.java:237)
	at org.elasticsearch.test.TestCluster$TransportClientFactory.client(TestCluster.java:636)
	at org.elasticsearch.test.TestCluster$RandomClientFactory.client(TestCluster.java:653)
	at org.elasticsearch.test.TestCluster$NodeAndClient.client(TestCluster.java:526)
	at org.elasticsearch.test.TestCluster.client(TestCluster.java:392)
	at org.elasticsearch.test.ElasticsearchIntegrationTest.client(ElasticsearchIntegrationTest.java:268)
	at org.elasticsearch.test.ElasticsearchIntegrationTest.wipeIndices(ElasticsearchIntegrationTest.java:340)
	at org.elasticsearch.test.ElasticsearchIntegrationTest.before(ElasticsearchIntegrationTest.java:192)
	at sun.reflect.GeneratedMethodAccessor39.invoke(Unknown Source)
	at sun.reflect.DelegatingMethodAccessorImpl.invoke(DelegatingMethodAccessorImpl.java:43)
	at java.lang.reflect.Method.invoke(Method.java:606)
	at com.carrotsearch.randomizedtesting.RandomizedRunner.invoke(RandomizedRunner.java:1558)
	at com.carrotsearch.randomizedtesting.RandomizedRunner.access$600(RandomizedRunner.java:79)
	at com.carrotsearch.randomizedtesting.RandomizedRunner$7.evaluate(RandomizedRunner.java:770)
	at com.carrotsearch.randomizedtesting.RandomizedRunner$8.evaluate(RandomizedRunner.java:786)
	at org.apache.lucene.util.TestRuleSetupTeardownChained$1.evaluate(TestRuleSetupTeardownChained.java:50)
	at org.apache.lucene.util.TestRuleFieldCacheSanity$1.evaluate(TestRuleFieldCacheSanity.java:51)
	at org.apache.lucene.util.AbstractBeforeAfterRule$1.evaluate(AbstractBeforeAfterRule.java:46)
	at com.carrotsearch.randomizedtesting.rules.SystemPropertiesInvariantRule$1.evaluate(SystemPropertiesInvariantRule.java:55)
	at org.apache.lucene.util.TestRuleThreadAndTestName$1.evaluate(TestRuleThreadAndTestName.java:49)
	at org.apache.lucene.util.TestRuleIgnoreAfterMaxFailures$1.evaluate(TestRuleIgnoreAfterMaxFailures.java:70)
	at org.apache.lucene.util.TestRuleMarkFailure$1.evaluate(TestRuleMarkFailure.java:48)
	at com.carrotsearch.randomizedtesting.rules.StatementAdapter.evaluate(StatementAdapter.java:36)
	at com.carrotsearch.randomizedtesting.ThreadLeakControl$StatementRunner.run(ThreadLeakControl.java:358)
	at com.carrotsearch.randomizedtesting.ThreadLeakControl.forkTimeoutingTask(ThreadLeakControl.java:782)
	at com.carrotsearch.randomizedtesting.ThreadLeakControl$3.evaluate(ThreadLeakControl.java:442)
	at com.carrotsearch.randomizedtesting.RandomizedRunner.runSingleTest(RandomizedRunner.java:745)
	at com.carrotsearch.randomizedtesting.RandomizedRunner$3.evaluate(RandomizedRunner.java:647)
	at com.carrotsearch.randomizedtesting.RandomizedRunner$4.evaluate(RandomizedRunner.java:681)
	at com.carrotsearch.randomizedtesting.RandomizedRunner$5.evaluate(RandomizedRunner.java:692)
	at org.apache.lucene.util.AbstractBeforeAfterRule$1.evaluate(AbstractBeforeAfterRule.java:46)
	at org.apache.lucene.util.TestRuleStoreClassName$1.evaluate(TestRuleStoreClassName.java:42)
	at com.carrotsearch.randomizedtesting.rules.SystemPropertiesInvariantRule$1.evaluate(SystemPropertiesInvariantRule.java:55)
	at com.carrotsearch.randomizedtesting.rules.NoShadowingOrOverridesOnMethodsRule$1.evaluate(NoShadowingOrOverridesOnMethodsRule.java:39)
	at com.carrotsearch.randomizedtesting.rules.NoShadowingOrOverridesOnMethodsRule$1.evaluate(NoShadowingOrOverridesOnMethodsRule.java:39)
	at com.carrotsearch.randomizedtesting.rules.StatementAdapter.evaluate(StatementAdapter.java:36)
	at org.apache.lucene.util.TestRuleAssertionsRequired$1.evaluate(TestRuleAssertionsRequired.java:43)
	at org.apache.lucene.util.TestRuleMarkFailure$1.evaluate(TestRuleMarkFailure.java:48)
	at org.apache.lucene.util.TestRuleIgnoreAfterMaxFailures$1.evaluate(TestRuleIgnoreAfterMaxFailures.java:70)
	at org.apache.lucene.util.TestRuleIgnoreTestSuites$1.evaluate(TestRuleIgnoreTestSuites.java:55)
	at com.carrotsearch.randomizedtesting.rules.StatementAdapter.evaluate(StatementAdapter.java:36)
	at com.carrotsearch.randomizedtesting.ThreadLeakControl$StatementRunner.run(ThreadLeakControl.java:358)
	at java.lang.Thread.run(Thread.java:744)
[2014-02-18 16:14:15,558][WARN ][transport.netty          ] [transport_client_node_1] exception caught on transport layer [[id: 0x64ea2146]], closing connection
java.net.BindException: Address already in use
	at sun.nio.ch.Net.connect0(Native Method)
	at sun.nio.ch.Net.connect(Net.java:465)
	at sun.nio.ch.Net.connect(Net.java:457)
	at sun.nio.ch.SocketChannelImpl.connect(SocketChannelImpl.java:666)
	at org.jboss.netty.channel.socket.nio.NioClientSocketPipelineSink.connect(NioClientSocketPipelineSink.java:108)
	at org.jboss.netty.channel.socket.nio.NioClientSocketPipelineSink.eventSunk(NioClientSocketPipelineSink.java:70)
	at org.jboss.netty.channel.Channels.connect(Channels.java:634)
	at org.jboss.netty.channel.AbstractChannel.connect(AbstractChannel.java:207)
	at org.jboss.netty.bootstrap.ClientBootstrap.connect(ClientBootstrap.java:229)
	at org.jboss.netty.bootstrap.ClientBootstrap.connect(ClientBootstrap.java:182)
	at org.elasticsearch.transport.netty.NettyTransport.connectToChannels(NettyTransport.java:705)
	at org.elasticsearch.transport.netty.NettyTransport.connectToNode(NettyTransport.java:647)
	at org.elasticsearch.transport.netty.NettyTransport.connectToNode(NettyTransport.java:615)
	at org.elasticsearch.transport.TransportService.connectToNode(TransportService.java:129)
	at org.elasticsearch.client.transport.TransportClientNodesService$NodeSampler.validateNewNodes(TransportClientNodesService.java:317)
	at org.elasticsearch.client.transport.TransportClientNodesService$SimpleNodeSampler.doSample(TransportClientNodesService.java:389)
	at org.elasticsearch.client.transport.TransportClientNodesService$NodeSampler.sample(TransportClientNodesService.java:301)
	at org.elasticsearch.client.transport.TransportClientNodesService.addTransportAddresses(TransportClientNodesService.java:169)
	at org.elasticsearch.client.transport.TransportClient.addTransportAddress(TransportClient.java:237)
	at org.elasticsearch.test.TestCluster$TransportClientFactory.client(TestCluster.java:636)
	at org.elasticsearch.test.TestCluster$RandomClientFactory.client(TestCluster.java:653)
	at org.elasticsearch.test.TestCluster$NodeAndClient.client(TestCluster.java:526)
	at org.elasticsearch.test.TestCluster.client(TestCluster.java:392)
	at org.elasticsearch.test.ElasticsearchIntegrationTest.client(ElasticsearchIntegrationTest.java:268)
	at org.elasticsearch.test.ElasticsearchIntegrationTest.wipeIndices(ElasticsearchIntegrationTest.java:340)
	at org.elasticsearch.test.ElasticsearchIntegrationTest.before(ElasticsearchIntegrationTest.java:192)
	at sun.reflect.GeneratedMethodAccessor39.invoke(Unknown Source)
	at sun.reflect.DelegatingMethodAccessorImpl.invoke(DelegatingMethodAccessorImpl.java:43)
	at java.lang.reflect.Method.invoke(Method.java:606)
	at com.carrotsearch.randomizedtesting.RandomizedRunner.invoke(RandomizedRunner.java:1558)
	at com.carrotsearch.randomizedtesting.RandomizedRunner.access$600(RandomizedRunner.java:79)
	at com.carrotsearch.randomizedtesting.RandomizedRunner$7.evaluate(RandomizedRunner.java:770)
	at com.carrotsearch.randomizedtesting.RandomizedRunner$8.evaluate(RandomizedRunner.java:786)
	at org.apache.lucene.util.TestRuleSetupTeardownChained$1.evaluate(TestRuleSetupTeardownChained.java:50)
	at org.apache.lucene.util.TestRuleFieldCacheSanity$1.evaluate(TestRuleFieldCacheSanity.java:51)
	at org.apache.lucene.util.AbstractBeforeAfterRule$1.evaluate(AbstractBeforeAfterRule.java:46)
	at com.carrotsearch.randomizedtesting.rules.SystemPropertiesInvariantRule$1.evaluate(SystemPropertiesInvariantRule.java:55)
	at org.apache.lucene.util.TestRuleThreadAndTestName$1.evaluate(TestRuleThreadAndTestName.java:49)
	at org.apache.lucene.util.TestRuleIgnoreAfterMaxFailures$1.evaluate(TestRuleIgnoreAfterMaxFailures.java:70)
	at org.apache.lucene.util.TestRuleMarkFailure$1.evaluate(TestRuleMarkFailure.java:48)
	at com.carrotsearch.randomizedtesting.rules.StatementAdapter.evaluate(StatementAdapter.java:36)
	at com.carrotsearch.randomizedtesting.ThreadLeakControl$StatementRunner.run(ThreadLeakControl.java:358)
	at com.carrotsearch.randomizedtesting.ThreadLeakControl.forkTimeoutingTask(ThreadLeakControl.java:782)
	at com.carrotsearch.randomizedtesting.ThreadLeakControl$3.evaluate(ThreadLeakControl.java:442)
	at com.carrotsearch.randomizedtesting.RandomizedRunner.runSingleTest(RandomizedRunner.java:745)
	at com.carrotsearch.randomizedtesting.RandomizedRunner$3.evaluate(RandomizedRunner.java:647)
	at com.carrotsearch.randomizedtesting.RandomizedRunner$4.evaluate(RandomizedRunner.java:681)
	at com.carrotsearch.randomizedtesting.RandomizedRunner$5.evaluate(RandomizedRunner.java:692)
	at org.apache.lucene.util.AbstractBeforeAfterRule$1.evaluate(AbstractBeforeAfterRule.java:46)
	at org.apache.lucene.util.TestRuleStoreClassName$1.evaluate(TestRuleStoreClassName.java:42)
	at com.carrotsearch.randomizedtesting.rules.SystemPropertiesInvariantRule$1.evaluate(SystemPropertiesInvariantRule.java:55)
	at com.carrotsearch.randomizedtesting.rules.NoShadowingOrOverridesOnMethodsRule$1.evaluate(NoShadowingOrOverridesOnMethodsRule.java:39)
	at com.carrotsearch.randomizedtesting.rules.NoShadowingOrOverridesOnMethodsRule$1.evaluate(NoShadowingOrOverridesOnMethodsRule.java:39)
	at com.carrotsearch.randomizedtesting.rules.StatementAdapter.evaluate(StatementAdapter.java:36)
	at org.apache.lucene.util.TestRuleAssertionsRequired$1.evaluate(TestRuleAssertionsRequired.java:43)
	at org.apache.lucene.util.TestRuleMarkFailure$1.evaluate(TestRuleMarkFailure.java:48)
	at org.apache.lucene.util.TestRuleIgnoreAfterMaxFailures$1.evaluate(TestRuleIgnoreAfterMaxFailures.java:70)
	at org.apache.lucene.util.TestRuleIgnoreTestSuites$1.evaluate(TestRuleIgnoreTestSuites.java:55)
	at com.carrotsearch.randomizedtesting.rules.StatementAdapter.evaluate(StatementAdapter.java:36)
	at com.carrotsearch.randomizedtesting.ThreadLeakControl$StatementRunner.run(ThreadLeakControl.java:358)
	at java.lang.Thread.run(Thread.java:744)
[2014-02-18 16:14:15,563][WARN ][transport.netty          ] [transport_client_node_1] exception caught on transport layer [[id: 0x0e00e520]], closing connection
java.net.BindException: Address already in use
	at sun.nio.ch.Net.connect0(Native Method)
	at sun.nio.ch.Net.connect(Net.java:465)
	at sun.nio.ch.Net.connect(Net.java:457)
	at sun.nio.ch.SocketChannelImpl.connect(SocketChannelImpl.java:666)
	at org.jboss.netty.channel.socket.nio.NioClientSocketPipelineSink.connect(NioClientSocketPipelineSink.java:108)
	at org.jboss.netty.channel.socket.nio.NioClientSocketPipelineSink.eventSunk(NioClientSocketPipelineSink.java:70)
	at org.jboss.netty.channel.Channels.connect(Channels.java:634)
	at org.jboss.netty.channel.AbstractChannel.connect(AbstractChannel.java:207)
	at org.jboss.netty.bootstrap.ClientBootstrap.connect(ClientBootstrap.java:229)
	at org.jboss.netty.bootstrap.ClientBootstrap.connect(ClientBootstrap.java:182)
	at org.elasticsearch.transport.netty.NettyTransport.connectToChannels(NettyTransport.java:705)
	at org.elasticsearch.transport.netty.NettyTransport.connectToNode(NettyTransport.java:647)
	at org.elasticsearch.transport.netty.NettyTransport.connectToNode(NettyTransport.java:615)
	at org.elasticsearch.transport.TransportService.connectToNode(TransportService.java:129)
	at org.elasticsearch.client.transport.TransportClientNodesService$NodeSampler.validateNewNodes(TransportClientNodesService.java:317)
	at org.elasticsearch.client.transport.TransportClientNodesService$SimpleNodeSampler.doSample(TransportClientNodesService.java:389)
	at org.elasticsearch.client.transport.TransportClientNodesService$NodeSampler.sample(TransportClientNodesService.java:301)
	at org.elasticsearch.client.transport.TransportClientNodesService.addTransportAddresses(TransportClientNodesService.java:169)
	at org.elasticsearch.client.transport.TransportClient.addTransportAddress(TransportClient.java:237)
	at org.elasticsearch.test.TestCluster$TransportClientFactory.client(TestCluster.java:636)
	at org.elasticsearch.test.TestCluster$RandomClientFactory.client(TestCluster.java:653)
	at org.elasticsearch.test.TestCluster$NodeAndClient.client(TestCluster.java:526)
	at org.elasticsearch.test.TestCluster.client(TestCluster.java:392)
	at org.elasticsearch.test.ElasticsearchIntegrationTest.client(ElasticsearchIntegrationTest.java:268)
	at org.elasticsearch.test.ElasticsearchIntegrationTest.wipeIndices(ElasticsearchIntegrationTest.java:340)
	at org.elasticsearch.test.ElasticsearchIntegrationTest.before(ElasticsearchIntegrationTest.java:192)
	at sun.reflect.GeneratedMethodAccessor39.invoke(Unknown Source)
	at sun.reflect.DelegatingMethodAccessorImpl.invoke(DelegatingMethodAccessorImpl.java:43)
	at java.lang.reflect.Method.invoke(Method.java:606)
	at com.carrotsearch.randomizedtesting.RandomizedRunner.invoke(RandomizedRunner.java:1558)
	at com.carrotsearch.randomizedtesting.RandomizedRunner.access$600(RandomizedRunner.java:79)
	at com.carrotsearch.randomizedtesting.RandomizedRunner$7.evaluate(RandomizedRunner.java:770)
	at com.carrotsearch.randomizedtesting.RandomizedRunner$8.evaluate(RandomizedRunner.java:786)
	at org.apache.lucene.util.TestRuleSetupTeardownChained$1.evaluate(TestRuleSetupTeardownChained.java:50)
	at org.apache.lucene.util.TestRuleFieldCacheSanity$1.evaluate(TestRuleFieldCacheSanity.java:51)
	at org.apache.lucene.util.AbstractBeforeAfterRule$1.evaluate(AbstractBeforeAfterRule.java:46)
	at com.carrotsearch.randomizedtesting.rules.SystemPropertiesInvariantRule$1.evaluate(SystemPropertiesInvariantRule.java:55)
	at org.apache.lucene.util.TestRuleThreadAndTestName$1.evaluate(TestRuleThreadAndTestName.java:49)
	at org.apache.lucene.util.TestRuleIgnoreAfterMaxFailures$1.evaluate(TestRuleIgnoreAfterMaxFailures.java:70)
	at org.apache.lucene.util.TestRuleMarkFailure$1.evaluate(TestRuleMarkFailure.java:48)
	at com.carrotsearch.randomizedtesting.rules.StatementAdapter.evaluate(StatementAdapter.java:36)
	at com.carrotsearch.randomizedtesting.ThreadLeakControl$StatementRunner.run(ThreadLeakControl.java:358)
	at com.carrotsearch.randomizedtesting.ThreadLeakControl.forkTimeoutingTask(ThreadLeakControl.java:782)
	at com.carrotsearch.randomizedtesting.ThreadLeakControl$3.evaluate(ThreadLeakControl.java:442)
	at com.carrotsearch.randomizedtesting.RandomizedRunner.runSingleTest(RandomizedRunner.java:745)
	at com.carrotsearch.randomizedtesting.RandomizedRunner$3.evaluate(RandomizedRunner.java:647)
	at com.carrotsearch.randomizedtesting.RandomizedRunner$4.evaluate(RandomizedRunner.java:681)
	at com.carrotsearch.randomizedtesting.RandomizedRunner$5.evaluate(RandomizedRunner.java:692)
	at org.apache.lucene.util.AbstractBeforeAfterRule$1.evaluate(AbstractBeforeAfterRule.java:46)
	at org.apache.lucene.util.TestRuleStoreClassName$1.evaluate(TestRuleStoreClassName.java:42)
	at com.carrotsearch.randomizedtesting.rules.SystemPropertiesInvariantRule$1.evaluate(SystemPropertiesInvariantRule.java:55)
	at com.carrotsearch.randomizedtesting.rules.NoShadowingOrOverridesOnMethodsRule$1.evaluate(NoShadowingOrOverridesOnMethodsRule.java:39)
	at com.carrotsearch.randomizedtesting.rules.NoShadowingOrOverridesOnMethodsRule$1.evaluate(NoShadowingOrOverridesOnMethodsRule.java:39)
	at com.carrotsearch.randomizedtesting.rules.StatementAdapter.evaluate(StatementAdapter.java:36)
	at org.apache.lucene.util.TestRuleAssertionsRequired$1.evaluate(TestRuleAssertionsRequired.java:43)
	at org.apache.lucene.util.TestRuleMarkFailure$1.evaluate(TestRuleMarkFailure.java:48)
	at org.apache.lucene.util.TestRuleIgnoreAfterMaxFailures$1.evaluate(TestRuleIgnoreAfterMaxFailures.java:70)
	at org.apache.lucene.util.TestRuleIgnoreTestSuites$1.evaluate(TestRuleIgnoreTestSuites.java:55)
	at com.carrotsearch.randomizedtesting.rules.StatementAdapter.evaluate(StatementAdapter.java:36)
	at com.carrotsearch.randomizedtesting.ThreadLeakControl$StatementRunner.run(ThreadLeakControl.java:358)
	at java.lang.Thread.run(Thread.java:744)
[2014-02-18 16:14:15,566][WARN ][transport.netty          ] [transport_client_node_1] exception caught on transport layer [[id: 0xceeef0f2]], closing connection
java.net.BindException: Address already in use
	at sun.nio.ch.Net.connect0(Native Method)
	at sun.nio.ch.Net.connect(Net.java:465)
	at sun.nio.ch.Net.connect(Net.java:457)
	at sun.nio.ch.SocketChannelImpl.connect(SocketChannelImpl.java:666)
	at org.jboss.netty.channel.socket.nio.NioClientSocketPipelineSink.connect(NioClientSocketPipelineSink.java:108)
	at org.jboss.netty.channel.socket.nio.NioClientSocketPipelineSink.eventSunk(NioClientSocketPipelineSink.java:70)
	at org.jboss.netty.channel.Channels.connect(Channels.java:634)
	at org.jboss.netty.channel.AbstractChannel.connect(AbstractChannel.java:207)
	at org.jboss.netty.bootstrap.ClientBootstrap.connect(ClientBootstrap.java:229)
	at org.jboss.netty.bootstrap.ClientBootstrap.connect(ClientBootstrap.java:182)
	at org.elasticsearch.transport.netty.NettyTransport.connectToChannels(NettyTransport.java:705)
	at org.elasticsearch.transport.netty.NettyTransport.connectToNode(NettyTransport.java:647)
	at org.elasticsearch.transport.netty.NettyTransport.connectToNode(NettyTransport.java:615)
	at org.elasticsearch.transport.TransportService.connectToNode(TransportService.java:129)
	at org.elasticsearch.client.transport.TransportClientNodesService$NodeSampler.validateNewNodes(TransportClientNodesService.java:317)
	at org.elasticsearch.client.transport.TransportClientNodesService$SimpleNodeSampler.doSample(TransportClientNodesService.java:389)
	at org.elasticsearch.client.transport.TransportClientNodesService$NodeSampler.sample(TransportClientNodesService.java:301)
	at org.elasticsearch.client.transport.TransportClientNodesService.addTransportAddresses(TransportClientNodesService.java:169)
	at org.elasticsearch.client.transport.TransportClient.addTransportAddress(TransportClient.java:237)
	at org.elasticsearch.test.TestCluster$TransportClientFactory.client(TestCluster.java:636)
	at org.elasticsearch.test.TestCluster$RandomClientFactory.client(TestCluster.java:653)
	at org.elasticsearch.test.TestCluster$NodeAndClient.client(TestCluster.java:526)
	at org.elasticsearch.test.TestCluster.client(TestCluster.java:392)
	at org.elasticsearch.test.ElasticsearchIntegrationTest.client(ElasticsearchIntegrationTest.java:268)
	at org.elasticsearch.test.ElasticsearchIntegrationTest.wipeIndices(ElasticsearchIntegrationTest.java:340)
	at org.elasticsearch.test.ElasticsearchIntegrationTest.before(ElasticsearchIntegrationTest.java:192)
	at sun.reflect.GeneratedMethodAccessor39.invoke(Unknown Source)
	at sun.reflect.DelegatingMethodAccessorImpl.invoke(DelegatingMethodAccessorImpl.java:43)
	at java.lang.reflect.Method.invoke(Method.java:606)
	at com.carrotsearch.randomizedtesting.RandomizedRunner.invoke(RandomizedRunner.java:1558)
	at com.carrotsearch.randomizedtesting.RandomizedRunner.access$600(RandomizedRunner.java:79)
	at com.carrotsearch.randomizedtesting.RandomizedRunner$7.evaluate(RandomizedRunner.java:770)
	at com.carrotsearch.randomizedtesting.RandomizedRunner$8.evaluate(RandomizedRunner.java:786)
	at org.apache.lucene.util.TestRuleSetupTeardownChained$1.evaluate(TestRuleSetupTeardownChained.java:50)
	at org.apache.lucene.util.TestRuleFieldCacheSanity$1.evaluate(TestRuleFieldCacheSanity.java:51)
	at org.apache.lucene.util.AbstractBeforeAfterRule$1.evaluate(AbstractBeforeAfterRule.java:46)
	at com.carrotsearch.randomizedtesting.rules.SystemPropertiesInvariantRule$1.evaluate(SystemPropertiesInvariantRule.java:55)
	at org.apache.lucene.util.TestRuleThreadAndTestName$1.evaluate(TestRuleThreadAndTestName.java:49)
	at org.apache.lucene.util.TestRuleIgnoreAfterMaxFailures$1.evaluate(TestRuleIgnoreAfterMaxFailures.java:70)
	at org.apache.lucene.util.TestRuleMarkFailure$1.evaluate(TestRuleMarkFailure.java:48)
	at com.carrotsearch.randomizedtesting.rules.StatementAdapter.evaluate(StatementAdapter.java:36)
	at com.carrotsearch.randomizedtesting.ThreadLeakControl$StatementRunner.run(ThreadLeakControl.java:358)
	at com.carrotsearch.randomizedtesting.ThreadLeakControl.forkTimeoutingTask(ThreadLeakControl.java:782)
	at com.carrotsearch.randomizedtesting.ThreadLeakControl$3.evaluate(ThreadLeakControl.java:442)
	at com.carrotsearch.randomizedtesting.RandomizedRunner.runSingleTest(RandomizedRunner.java:745)
	at com.carrotsearch.randomizedtesting.RandomizedRunner$3.evaluate(RandomizedRunner.java:647)
	at com.carrotsearch.randomizedtesting.RandomizedRunner$4.evaluate(RandomizedRunner.java:681)
	at com.carrotsearch.randomizedtesting.RandomizedRunner$5.evaluate(RandomizedRunner.java:692)
	at org.apache.lucene.util.AbstractBeforeAfterRule$1.evaluate(AbstractBeforeAfterRule.java:46)
	at org.apache.lucene.util.TestRuleStoreClassName$1.evaluate(TestRuleStoreClassName.java:42)
	at com.carrotsearch.randomizedtesting.rules.SystemPropertiesInvariantRule$1.evaluate(SystemPropertiesInvariantRule.java:55)
	at com.carrotsearch.randomizedtesting.rules.NoShadowingOrOverridesOnMethodsRule$1.evaluate(NoShadowingOrOverridesOnMethodsRule.java:39)
	at com.carrotsearch.randomizedtesting.rules.NoShadowingOrOverridesOnMethodsRule$1.evaluate(NoShadowingOrOverridesOnMethodsRule.java:39)
	at com.carrotsearch.randomizedtesting.rules.StatementAdapter.evaluate(StatementAdapter.java:36)
	at org.apache.lucene.util.TestRuleAssertionsRequired$1.evaluate(TestRuleAssertionsRequired.java:43)
	at org.apache.lucene.util.TestRuleMarkFailure$1.evaluate(TestRuleMarkFailure.java:48)
	at org.apache.lucene.util.TestRuleIgnoreAfterMaxFailures$1.evaluate(TestRuleIgnoreAfterMaxFailures.java:70)
	at org.apache.lucene.util.TestRuleIgnoreTestSuites$1.evaluate(TestRuleIgnoreTestSuites.java:55)
	at com.carrotsearch.randomizedtesting.rules.StatementAdapter.evaluate(StatementAdapter.java:36)
	at com.carrotsearch.randomizedtesting.ThreadLeakControl$StatementRunner.run(ThreadLeakControl.java:358)
	at java.lang.Thread.run(Thread.java:744)
[2014-02-18 16:14:15,569][WARN ][transport.netty          ] [transport_client_node_1] exception caught on transport layer [[id: 0x0394ef78]], closing connection
java.net.BindException: Address already in use
	at sun.nio.ch.Net.connect0(Native Method)
	at sun.nio.ch.Net.connect(Net.java:465)
	at sun.nio.ch.Net.connect(Net.java:457)
	at sun.nio.ch.SocketChannelImpl.connect(SocketChannelImpl.java:666)
	at org.jboss.netty.channel.socket.nio.NioClientSocketPipelineSink.connect(NioClientSocketPipelineSink.java:108)
	at org.jboss.netty.channel.socket.nio.NioClientSocketPipelineSink.eventSunk(NioClientSocketPipelineSink.java:70)
	at org.jboss.netty.channel.Channels.connect(Channels.java:634)
	at org.jboss.netty.channel.AbstractChannel.connect(AbstractChannel.java:207)
	at org.jboss.netty.bootstrap.ClientBootstrap.connect(ClientBootstrap.java:229)
	at org.jboss.netty.bootstrap.ClientBootstrap.connect(ClientBootstrap.java:182)
	at org.elasticsearch.transport.netty.NettyTransport.connectToChannels(NettyTransport.java:705)
	at org.elasticsearch.transport.netty.NettyTransport.connectToNode(NettyTransport.java:647)
	at org.elasticsearch.transport.netty.NettyTransport.connectToNode(NettyTransport.java:615)
	at org.elasticsearch.transport.TransportService.connectToNode(TransportService.java:129)
	at org.elasticsearch.client.transport.TransportClientNodesService$NodeSampler.validateNewNodes(TransportClientNodesService.java:317)
	at org.elasticsearch.client.transport.TransportClientNodesService$SimpleNodeSampler.doSample(TransportClientNodesService.java:389)
	at org.elasticsearch.client.transport.TransportClientNodesService$NodeSampler.sample(TransportClientNodesService.java:301)
	at org.elasticsearch.client.transport.TransportClientNodesService.addTransportAddresses(TransportClientNodesService.java:169)
	at org.elasticsearch.client.transport.TransportClient.addTransportAddress(TransportClient.java:237)
	at org.elasticsearch.test.TestCluster$TransportClientFactory.client(TestCluster.java:636)
	at org.elasticsearch.test.TestCluster$RandomClientFactory.client(TestCluster.java:653)
	at org.elasticsearch.test.TestCluster$NodeAndClient.client(TestCluster.java:526)
	at org.elasticsearch.test.TestCluster.client(TestCluster.java:392)
	at org.elasticsearch.test.ElasticsearchIntegrationTest.client(ElasticsearchIntegrationTest.java:268)
	at org.elasticsearch.test.ElasticsearchIntegrationTest.wipeIndices(ElasticsearchIntegrationTest.java:340)
	at org.elasticsearch.test.ElasticsearchIntegrationTest.before(ElasticsearchIntegrationTest.java:192)
	at sun.reflect.GeneratedMethodAccessor39.invoke(Unknown Source)
	at sun.reflect.DelegatingMethodAccessorImpl.invoke(DelegatingMethodAccessorImpl.java:43)
	at java.lang.reflect.Method.invoke(Method.java:606)
	at com.carrotsearch.randomizedtesting.RandomizedRunner.invoke(RandomizedRunner.java:1558)
	at com.carrotsearch.randomizedtesting.RandomizedRunner.access$600(RandomizedRunner.java:79)
	at com.carrotsearch.randomizedtesting.RandomizedRunner$7.evaluate(RandomizedRunner.java:770)
	at com.carrotsearch.randomizedtesting.RandomizedRunner$8.evaluate(RandomizedRunner.java:786)
	at org.apache.lucene.util.TestRuleSetupTeardownChained$1.evaluate(TestRuleSetupTeardownChained.java:50)
	at org.apache.lucene.util.TestRuleFieldCacheSanity$1.evaluate(TestRuleFieldCacheSanity.java:51)
	at org.apache.lucene.util.AbstractBeforeAfterRule$1.evaluate(AbstractBeforeAfterRule.java:46)
	at com.carrotsearch.randomizedtesting.rules.SystemPropertiesInvariantRule$1.evaluate(SystemPropertiesInvariantRule.java:55)
	at org.apache.lucene.util.TestRuleThreadAndTestName$1.evaluate(TestRuleThreadAndTestName.java:49)
	at org.apache.lucene.util.TestRuleIgnoreAfterMaxFailures$1.evaluate(TestRuleIgnoreAfterMaxFailures.java:70)
	at org.apache.lucene.util.TestRuleMarkFailure$1.evaluate(TestRuleMarkFailure.java:48)
	at com.carrotsearch.randomizedtesting.rules.StatementAdapter.evaluate(StatementAdapter.java:36)
	at com.carrotsearch.randomizedtesting.ThreadLeakControl$StatementRunner.run(ThreadLeakControl.java:358)
	at com.carrotsearch.randomizedtesting.ThreadLeakControl.forkTimeoutingTask(ThreadLeakControl.java:782)
	at com.carrotsearch.randomizedtesting.ThreadLeakControl$3.evaluate(ThreadLeakControl.java:442)
	at com.carrotsearch.randomizedtesting.RandomizedRunner.runSingleTest(RandomizedRunner.java:745)
	at com.carrotsearch.randomizedtesting.RandomizedRunner$3.evaluate(RandomizedRunner.java:647)
	at com.carrotsearch.randomizedtesting.RandomizedRunner$4.evaluate(RandomizedRunner.java:681)
	at com.carrotsearch.randomizedtesting.RandomizedRunner$5.evaluate(RandomizedRunner.java:692)
	at org.apache.lucene.util.AbstractBeforeAfterRule$1.evaluate(AbstractBeforeAfterRule.java:46)
	at org.apache.lucene.util.TestRuleStoreClassName$1.evaluate(TestRuleStoreClassName.java:42)
	at com.carrotsearch.randomizedtesting.rules.SystemPropertiesInvariantRule$1.evaluate(SystemPropertiesInvariantRule.java:55)
	at com.carrotsearch.randomizedtesting.rules.NoShadowingOrOverridesOnMethodsRule$1.evaluate(NoShadowingOrOverridesOnMethodsRule.java:39)
	at com.carrotsearch.randomizedtesting.rules.NoShadowingOrOverridesOnMethodsRule$1.evaluate(NoShadowingOrOverridesOnMethodsRule.java:39)
	at com.carrotsearch.randomizedtesting.rules.StatementAdapter.evaluate(StatementAdapter.java:36)
	at org.apache.lucene.util.TestRuleAssertionsRequired$1.evaluate(TestRuleAssertionsRequired.java:43)
	at org.apache.lucene.util.TestRuleMarkFailure$1.evaluate(TestRuleMarkFailure.java:48)
	at org.apache.lucene.util.TestRuleIgnoreAfterMaxFailures$1.evaluate(TestRuleIgnoreAfterMaxFailures.java:70)
	at org.apache.lucene.util.TestRuleIgnoreTestSuites$1.evaluate(TestRuleIgnoreTestSuites.java:55)
	at com.carrotsearch.randomizedtesting.rules.StatementAdapter.evaluate(StatementAdapter.java:36)
	at com.carrotsearch.randomizedtesting.ThreadLeakControl$StatementRunner.run(ThreadLeakControl.java:358)
	at java.lang.Thread.run(Thread.java:744)
[2014-02-18 16:14:15,572][WARN ][transport.netty          ] [transport_client_node_1] exception caught on transport layer [[id: 0xcbe73299]], closing connection
java.net.BindException: Address already in use
	at sun.nio.ch.Net.connect0(Native Method)
	at sun.nio.ch.Net.connect(Net.java:465)
	at sun.nio.ch.Net.connect(Net.java:457)
	at sun.nio.ch.SocketChannelImpl.connect(SocketChannelImpl.java:666)
	at org.jboss.netty.channel.socket.nio.NioClientSocketPipelineSink.connect(NioClientSocketPipelineSink.java:108)
	at org.jboss.netty.channel.socket.nio.NioClientSocketPipelineSink.eventSunk(NioClientSocketPipelineSink.java:70)
	at org.jboss.netty.channel.Channels.connect(Channels.java:634)
	at org.jboss.netty.channel.AbstractChannel.connect(AbstractChannel.java:207)
	at org.jboss.netty.bootstrap.ClientBootstrap.connect(ClientBootstrap.java:229)
	at org.jboss.netty.bootstrap.ClientBootstrap.connect(ClientBootstrap.java:182)
	at org.elasticsearch.transport.netty.NettyTransport.connectToChannels(NettyTransport.java:705)
	at org.elasticsearch.transport.netty.NettyTransport.connectToNode(NettyTransport.java:647)
	at org.elasticsearch.transport.netty.NettyTransport.connectToNode(NettyTransport.java:615)
	at org.elasticsearch.transport.TransportService.connectToNode(TransportService.java:129)
	at org.elasticsearch.client.transport.TransportClientNodesService$NodeSampler.validateNewNodes(TransportClientNodesService.java:317)
	at org.elasticsearch.client.transport.TransportClientNodesService$SimpleNodeSampler.doSample(TransportClientNodesService.java:389)
	at org.elasticsearch.client.transport.TransportClientNodesService$NodeSampler.sample(TransportClientNodesService.java:301)
	at org.elasticsearch.client.transport.TransportClientNodesService.addTransportAddresses(TransportClientNodesService.java:169)
	at org.elasticsearch.client.transport.TransportClient.addTransportAddress(TransportClient.java:237)
	at org.elasticsearch.test.TestCluster$TransportClientFactory.client(TestCluster.java:636)
	at org.elasticsearch.test.TestCluster$RandomClientFactory.client(TestCluster.java:653)
	at org.elasticsearch.test.TestCluster$NodeAndClient.client(TestCluster.java:526)
	at org.elasticsearch.test.TestCluster.client(TestCluster.java:392)
	at org.elasticsearch.test.ElasticsearchIntegrationTest.client(ElasticsearchIntegrationTest.java:268)
	at org.elasticsearch.test.ElasticsearchIntegrationTest.wipeIndices(ElasticsearchIntegrationTest.java:340)
	at org.elasticsearch.test.ElasticsearchIntegrationTest.before(ElasticsearchIntegrationTest.java:192)
	at sun.reflect.GeneratedMethodAccessor39.invoke(Unknown Source)
	at sun.reflect.DelegatingMethodAccessorImpl.invoke(DelegatingMethodAccessorImpl.java:43)
	at java.lang.reflect.Method.invoke(Method.java:606)
	at com.carrotsearch.randomizedtesting.RandomizedRunner.invoke(RandomizedRunner.java:1558)
	at com.carrotsearch.randomizedtesting.RandomizedRunner.access$600(RandomizedRunner.java:79)
	at com.carrotsearch.randomizedtesting.RandomizedRunner$7.evaluate(RandomizedRunner.java:770)
	at com.carrotsearch.randomizedtesting.RandomizedRunner$8.evaluate(RandomizedRunner.java:786)
	at org.apache.lucene.util.TestRuleSetupTeardownChained$1.evaluate(TestRuleSetupTeardownChained.java:50)
	at org.apache.lucene.util.TestRuleFieldCacheSanity$1.evaluate(TestRuleFieldCacheSanity.java:51)
	at org.apache.lucene.util.AbstractBeforeAfterRule$1.evaluate(AbstractBeforeAfterRule.java:46)
	at com.carrotsearch.randomizedtesting.rules.SystemPropertiesInvariantRule$1.evaluate(SystemPropertiesInvariantRule.java:55)
	at org.apache.lucene.util.TestRuleThreadAndTestName$1.evaluate(TestRuleThreadAndTestName.java:49)
	at org.apache.lucene.util.TestRuleIgnoreAfterMaxFailures$1.evaluate(TestRuleIgnoreAfterMaxFailures.java:70)
	at org.apache.lucene.util.TestRuleMarkFailure$1.evaluate(TestRuleMarkFailure.java:48)
	at com.carrotsearch.randomizedtesting.rules.StatementAdapter.evaluate(StatementAdapter.java:36)
	at com.carrotsearch.randomizedtesting.ThreadLeakControl$StatementRunner.run(ThreadLeakControl.java:358)
	at com.carrotsearch.randomizedtesting.ThreadLeakControl.forkTimeoutingTask(ThreadLeakControl.java:782)
	at com.carrotsearch.randomizedtesting.ThreadLeakControl$3.evaluate(ThreadLeakControl.java:442)
	at com.carrotsearch.randomizedtesting.RandomizedRunner.runSingleTest(RandomizedRunner.java:745)
	at com.carrotsearch.randomizedtesting.RandomizedRunner$3.evaluate(RandomizedRunner.java:647)
	at com.carrotsearch.randomizedtesting.RandomizedRunner$4.evaluate(RandomizedRunner.java:681)
	at com.carrotsearch.randomizedtesting.RandomizedRunner$5.evaluate(RandomizedRunner.java:692)
	at org.apache.lucene.util.AbstractBeforeAfterRule$1.evaluate(AbstractBeforeAfterRule.java:46)
	at org.apache.lucene.util.TestRuleStoreClassName$1.evaluate(TestRuleStoreClassName.java:42)
	at com.carrotsearch.randomizedtesting.rules.SystemPropertiesInvariantRule$1.evaluate(SystemPropertiesInvariantRule.java:55)
	at com.carrotsearch.randomizedtesting.rules.NoShadowingOrOverridesOnMethodsRule$1.evaluate(NoShadowingOrOverridesOnMethodsRule.java:39)
	at com.carrotsearch.randomizedtesting.rules.NoShadowingOrOverridesOnMethodsRule$1.evaluate(NoShadowingOrOverridesOnMethodsRule.java:39)
	at com.carrotsearch.randomizedtesting.rules.StatementAdapter.evaluate(StatementAdapter.java:36)
	at org.apache.lucene.util.TestRuleAssertionsRequired$1.evaluate(TestRuleAssertionsRequired.java:43)
	at org.apache.lucene.util.TestRuleMarkFailure$1.evaluate(TestRuleMarkFailure.java:48)
	at org.apache.lucene.util.TestRuleIgnoreAfterMaxFailures$1.evaluate(TestRuleIgnoreAfterMaxFailures.java:70)
	at org.apache.lucene.util.TestRuleIgnoreTestSuites$1.evaluate(TestRuleIgnoreTestSuites.java:55)
	at com.carrotsearch.randomizedtesting.rules.StatementAdapter.evaluate(StatementAdapter.java:36)
	at com.carrotsearch.randomizedtesting.ThreadLeakControl$StatementRunner.run(ThreadLeakControl.java:358)
	at java.lang.Thread.run(Thread.java:744)
[2014-02-18 16:14:15,575][WARN ][transport.netty          ] [transport_client_node_1] exception caught on transport layer [[id: 0xa2d0e68e]], closing connection
java.net.BindException: Address already in use
	at sun.nio.ch.Net.connect0(Native Method)
	at sun.nio.ch.Net.connect(Net.java:465)
	at sun.nio.ch.Net.connect(Net.java:457)
	at sun.nio.ch.SocketChannelImpl.connect(SocketChannelImpl.java:666)
	at org.jboss.netty.channel.socket.nio.NioClientSocketPipelineSink.connect(NioClientSocketPipelineSink.java:108)
	at org.jboss.netty.channel.socket.nio.NioClientSocketPipelineSink.eventSunk(NioClientSocketPipelineSink.java:70)
	at org.jboss.netty.channel.Channels.connect(Channels.java:634)
	at org.jboss.netty.channel.AbstractChannel.connect(AbstractChannel.java:207)
	at org.jboss.netty.bootstrap.ClientBootstrap.connect(ClientBootstrap.java:229)
	at org.jboss.netty.bootstrap.ClientBootstrap.connect(ClientBootstrap.java:182)
	at org.elasticsearch.transport.netty.NettyTransport.connectToChannels(NettyTransport.java:708)
	at org.elasticsearch.transport.netty.NettyTransport.connectToNode(NettyTransport.java:647)
	at org.elasticsearch.transport.netty.NettyTransport.connectToNode(NettyTransport.java:615)
	at org.elasticsearch.transport.TransportService.connectToNode(TransportService.java:129)
	at org.elasticsearch.client.transport.TransportClientNodesService$NodeSampler.validateNewNodes(TransportClientNodesService.java:317)
	at org.elasticsearch.client.transport.TransportClientNodesService$SimpleNodeSampler.doSample(TransportClientNodesService.java:389)
	at org.elasticsearch.client.transport.TransportClientNodesService$NodeSampler.sample(TransportClientNodesService.java:301)
	at org.elasticsearch.client.transport.TransportClientNodesService.addTransportAddresses(TransportClientNodesService.java:169)
	at org.elasticsearch.client.transport.TransportClient.addTransportAddress(TransportClient.java:237)
	at org.elasticsearch.test.TestCluster$TransportClientFactory.client(TestCluster.java:636)
	at org.elasticsearch.test.TestCluster$RandomClientFactory.client(TestCluster.java:653)
	at org.elasticsearch.test.TestCluster$NodeAndClient.client(TestCluster.java:526)
	at org.elasticsearch.test.TestCluster.client(TestCluster.java:392)
	at org.elasticsearch.test.ElasticsearchIntegrationTest.client(ElasticsearchIntegrationTest.java:268)
	at org.elasticsearch.test.ElasticsearchIntegrationTest.wipeIndices(ElasticsearchIntegrationTest.java:340)
	at org.elasticsearch.test.ElasticsearchIntegrationTest.before(ElasticsearchIntegrationTest.java:192)
	at sun.reflect.GeneratedMethodAccessor39.invoke(Unknown Source)
	at sun.reflect.DelegatingMethodAccessorImpl.invoke(DelegatingMethodAccessorImpl.java:43)
	at java.lang.reflect.Method.invoke(Method.java:606)
	at com.carrotsearch.randomizedtesting.RandomizedRunner.invoke(RandomizedRunner.java:1558)
	at com.carrotsearch.randomizedtesting.RandomizedRunner.access$600(RandomizedRunner.java:79)
	at com.carrotsearch.randomizedtesting.RandomizedRunner$7.evaluate(RandomizedRunner.java:770)
	at com.carrotsearch.randomizedtesting.RandomizedRunner$8.evaluate(RandomizedRunner.java:786)
	at org.apache.lucene.util.TestRuleSetupTeardownChained$1.evaluate(TestRuleSetupTeardownChained.java:50)
	at org.apache.lucene.util.TestRuleFieldCacheSanity$1.evaluate(TestRuleFieldCacheSanity.java:51)
	at org.apache.lucene.util.AbstractBeforeAfterRule$1.evaluate(AbstractBeforeAfterRule.java:46)
	at com.carrotsearch.randomizedtesting.rules.SystemPropertiesInvariantRule$1.evaluate(SystemPropertiesInvariantRule.java:55)
	at org.apache.lucene.util.TestRuleThreadAndTestName$1.evaluate(TestRuleThreadAndTestName.java:49)
	at org.apache.lucene.util.TestRuleIgnoreAfterMaxFailures$1.evaluate(TestRuleIgnoreAfterMaxFailures.java:70)
	at org.apache.lucene.util.TestRuleMarkFailure$1.evaluate(TestRuleMarkFailure.java:48)
	at com.carrotsearch.randomizedtesting.rules.StatementAdapter.evaluate(StatementAdapter.java:36)
	at com.carrotsearch.randomizedtesting.ThreadLeakControl$StatementRunner.run(ThreadLeakControl.java:358)
	at com.carrotsearch.randomizedtesting.ThreadLeakControl.forkTimeoutingTask(ThreadLeakControl.java:782)
	at com.carrotsearch.randomizedtesting.ThreadLeakControl$3.evaluate(ThreadLeakControl.java:442)
	at com.carrotsearch.randomizedtesting.RandomizedRunner.runSingleTest(RandomizedRunner.java:745)
	at com.carrotsearch.randomizedtesting.RandomizedRunner$3.evaluate(RandomizedRunner.java:647)
	at com.carrotsearch.randomizedtesting.RandomizedRunner$4.evaluate(RandomizedRunner.java:681)
	at com.carrotsearch.randomizedtesting.RandomizedRunner$5.evaluate(RandomizedRunner.java:692)
	at org.apache.lucene.util.AbstractBeforeAfterRule$1.evaluate(AbstractBeforeAfterRule.java:46)
	at org.apache.lucene.util.TestRuleStoreClassName$1.evaluate(TestRuleStoreClassName.java:42)
	at com.carrotsearch.randomizedtesting.rules.SystemPropertiesInvariantRule$1.evaluate(SystemPropertiesInvariantRule.java:55)
	at com.carrotsearch.randomizedtesting.rules.NoShadowingOrOverridesOnMethodsRule$1.evaluate(NoShadowingOrOverridesOnMethodsRule.java:39)
	at com.carrotsearch.randomizedtesting.rules.NoShadowingOrOverridesOnMethodsRule$1.evaluate(NoShadowingOrOverridesOnMethodsRule.java:39)
	at com.carrotsearch.randomizedtesting.rules.StatementAdapter.evaluate(StatementAdapter.java:36)
	at org.apache.lucene.util.TestRuleAssertionsRequired$1.evaluate(TestRuleAssertionsRequired.java:43)
	at org.apache.lucene.util.TestRuleMarkFailure$1.evaluate(TestRuleMarkFailure.java:48)
	at org.apache.lucene.util.TestRuleIgnoreAfterMaxFailures$1.evaluate(TestRuleIgnoreAfterMaxFailures.java:70)
	at org.apache.lucene.util.TestRuleIgnoreTestSuites$1.evaluate(TestRuleIgnoreTestSuites.java:55)
	at com.carrotsearch.randomizedtesting.rules.StatementAdapter.evaluate(StatementAdapter.java:36)
	at com.carrotsearch.randomizedtesting.ThreadLeakControl$StatementRunner.run(ThreadLeakControl.java:358)
	at java.lang.Thread.run(Thread.java:744)
[2014-02-18 16:14:15,582][WARN ][transport.netty          ] [transport_client_node_1] exception caught on transport layer [[id: 0x8c988c01]], closing connection
java.net.BindException: Address already in use
	at sun.nio.ch.Net.connect0(Native Method)
	at sun.nio.ch.Net.connect(Net.java:465)
	at sun.nio.ch.Net.connect(Net.java:457)
	at sun.nio.ch.SocketChannelImpl.connect(SocketChannelImpl.java:666)
	at org.jboss.netty.channel.socket.nio.NioClientSocketPipelineSink.connect(NioClientSocketPipelineSink.java:108)
	at org.jboss.netty.channel.socket.nio.NioClientSocketPipelineSink.eventSunk(NioClientSocketPipelineSink.java:70)
	at org.jboss.netty.channel.Channels.connect(Channels.java:634)
	at org.jboss.netty.channel.AbstractChannel.connect(AbstractChannel.java:207)
	at org.jboss.netty.bootstrap.ClientBootstrap.connect(ClientBootstrap.java:229)
	at org.jboss.netty.bootstrap.ClientBootstrap.connect(ClientBootstrap.java:182)
	at org.elasticsearch.transport.netty.NettyTransport.connectToChannels(NettyTransport.java:711)
	at org.elasticsearch.transport.netty.NettyTransport.connectToNode(NettyTransport.java:647)
	at org.elasticsearch.transport.netty.NettyTransport.connectToNode(NettyTransport.java:615)
	at org.elasticsearch.transport.TransportService.connectToNode(TransportService.java:129)
	at org.elasticsearch.client.transport.TransportClientNodesService$NodeSampler.validateNewNodes(TransportClientNodesService.java:317)
	at org.elasticsearch.client.transport.TransportClientNodesService$SimpleNodeSampler.doSample(TransportClientNodesService.java:389)
	at org.elasticsearch.client.transport.TransportClientNodesService$NodeSampler.sample(TransportClientNodesService.java:301)
	at org.elasticsearch.client.transport.TransportClientNodesService.addTransportAddresses(TransportClientNodesService.java:169)
	at org.elasticsearch.client.transport.TransportClient.addTransportAddress(TransportClient.java:237)
	at org.elasticsearch.test.TestCluster$TransportClientFactory.client(TestCluster.java:636)
	at org.elasticsearch.test.TestCluster$RandomClientFactory.client(TestCluster.java:653)
	at org.elasticsearch.test.TestCluster$NodeAndClient.client(TestCluster.java:526)
	at org.elasticsearch.test.TestCluster.client(TestCluster.java:392)
	at org.elasticsearch.test.ElasticsearchIntegrationTest.client(ElasticsearchIntegrationTest.java:268)
	at org.elasticsearch.test.ElasticsearchIntegrationTest.wipeIndices(ElasticsearchIntegrationTest.java:340)
	at org.elasticsearch.test.ElasticsearchIntegrationTest.before(ElasticsearchIntegrationTest.java:192)
	at sun.reflect.GeneratedMethodAccessor39.invoke(Unknown Source)
	at sun.reflect.DelegatingMethodAccessorImpl.invoke(DelegatingMethodAccessorImpl.java:43)
	at java.lang.reflect.Method.invoke(Method.java:606)
	at com.carrotsearch.randomizedtesting.RandomizedRunner.invoke(RandomizedRunner.java:1558)
	at com.carrotsearch.randomizedtesting.RandomizedRunner.access$600(RandomizedRunner.java:79)
	at com.carrotsearch.randomizedtesting.RandomizedRunner$7.evaluate(RandomizedRunner.java:770)
	at com.carrotsearch.randomizedtesting.RandomizedRunner$8.evaluate(RandomizedRunner.java:786)
	at org.apache.lucene.util.TestRuleSetupTeardownChained$1.evaluate(TestRuleSetupTeardownChained.java:50)
	at org.apache.lucene.util.TestRuleFieldCacheSanity$1.evaluate(TestRuleFieldCacheSanity.java:51)
	at org.apache.lucene.util.AbstractBeforeAfterRule$1.evaluate(AbstractBeforeAfterRule.java:46)
	at com.carrotsearch.randomizedtesting.rules.SystemPropertiesInvariantRule$1.evaluate(SystemPropertiesInvariantRule.java:55)
	at org.apache.lucene.util.TestRuleThreadAndTestName$1.evaluate(TestRuleThreadAndTestName.java:49)
	at org.apache.lucene.util.TestRuleIgnoreAfterMaxFailures$1.evaluate(TestRuleIgnoreAfterMaxFailures.java:70)
	at org.apache.lucene.util.TestRuleMarkFailure$1.evaluate(TestRuleMarkFailure.java:48)
	at com.carrotsearch.randomizedtesting.rules.StatementAdapter.evaluate(StatementAdapter.java:36)
	at com.carrotsearch.randomizedtesting.ThreadLeakControl$StatementRunner.run(ThreadLeakControl.java:358)
	at com.carrotsearch.randomizedtesting.ThreadLeakControl.forkTimeoutingTask(ThreadLeakControl.java:782)
	at com.carrotsearch.randomizedtesting.ThreadLeakControl$3.evaluate(ThreadLeakControl.java:442)
	at com.carrotsearch.randomizedtesting.RandomizedRunner.runSingleTest(RandomizedRunner.java:745)
	at com.carrotsearch.randomizedtesting.RandomizedRunner$3.evaluate(RandomizedRunner.java:647)
	at com.carrotsearch.randomizedtesting.RandomizedRunner$4.evaluate(RandomizedRunner.java:681)
	at com.carrotsearch.randomizedtesting.RandomizedRunner$5.evaluate(RandomizedRunner.java:692)
	at org.apache.lucene.util.AbstractBeforeAfterRule$1.evaluate(AbstractBeforeAfterRule.java:46)
	at org.apache.lucene.util.TestRuleStoreClassName$1.evaluate(TestRuleStoreClassName.java:42)
	at com.carrotsearch.randomizedtesting.rules.SystemPropertiesInvariantRule$1.evaluate(SystemPropertiesInvariantRule.java:55)
	at com.carrotsearch.randomizedtesting.rules.NoShadowingOrOverridesOnMethodsRule$1.evaluate(NoShadowingOrOverridesOnMethodsRule.java:39)
	at com.carrotsearch.randomizedtesting.rules.NoShadowingOrOverridesOnMethodsRule$1.evaluate(NoShadowingOrOverridesOnMethodsRule.java:39)
	at com.carrotsearch.randomizedtesting.rules.StatementAdapter.evaluate(StatementAdapter.java:36)
	at org.apache.lucene.util.TestRuleAssertionsRequired$1.evaluate(TestRuleAssertionsRequired.java:43)
	at org.apache.lucene.util.TestRuleMarkFailure$1.evaluate(TestRuleMarkFailure.java:48)
	at org.apache.lucene.util.TestRuleIgnoreAfterMaxFailures$1.evaluate(TestRuleIgnoreAfterMaxFailures.java:70)
	at org.apache.lucene.util.TestRuleIgnoreTestSuites$1.evaluate(TestRuleIgnoreTestSuites.java:55)
	at com.carrotsearch.randomizedtesting.rules.StatementAdapter.evaluate(StatementAdapter.java:36)
	at com.carrotsearch.randomizedtesting.ThreadLeakControl$StatementRunner.run(ThreadLeakControl.java:358)
	at java.lang.Thread.run(Thread.java:744)
[2014-02-18 16:14:15,587][INFO ][search.rescore           ] [QueryRescorerTests#testScoring]: cleaning up after test
[2014-02-18 16:14:15,596][ERROR][test                     ] FAILURE  : testScoring(org.elasticsearch.search.rescore.QueryRescorerTests)
REPRODUCE WITH  : mvn test -Dtests.seed=A89B4FF56754358E -Dtests.class=org.elasticsearch.search.rescore.QueryRescorerTests -Dtests.method=testScoring -Dtests.prefix=tests -Dfile.encoding=UTF-8 -Duser.timezone=US/Pacific -Des.logger.level=INFO -Dtests.cluster_seed=135419AB38A95790
Throwable:
org.elasticsearch.client.transport.NoNodeAvailableException: No node available
    org.elasticsearch.client.transport.TransportClientNodesService.execute(TransportClientNodesService.java:219)
    org.elasticsearch.client.transport.support.InternalTransportIndicesAdminClient.execute(InternalTransportIndicesAdminClient.java:85)
    org.elasticsearch.client.support.AbstractIndicesAdminClient.delete(AbstractIndicesAdminClient.java:265)
    org.elasticsearch.action.admin.indices.delete.DeleteIndexRequestBuilder.doExecute(DeleteIndexRequestBuilder.java:68)
    org.elasticsearch.action.ActionRequestBuilder.execute(ActionRequestBuilder.java:85)
    org.elasticsearch.action.ActionRequestBuilder.execute(ActionRequestBuilder.java:59)
    org.elasticsearch.action.ActionRequestBuilder.get(ActionRequestBuilder.java:67)
    org.elasticsearch.test.hamcrest.ElasticsearchAssertions.assertAcked(ElasticsearchAssertions.java:79)
    org.elasticsearch.test.ElasticsearchIntegrationTest.wipeIndices(ElasticsearchIntegrationTest.java:340)
    org.elasticsearch.test.ElasticsearchIntegrationTest.before(ElasticsearchIntegrationTest.java:192)
    [...sun.*, com.carrotsearch.randomizedtesting.*, java.lang.reflect.*]
    org.apache.lucene.util.TestRuleSetupTeardownChained$1.evaluate(TestRuleSetupTeardownChained.java:50)
    org.apache.lucene.util.TestRuleFieldCacheSanity$1.evaluate(TestRuleFieldCacheSanity.java:51)
    org.apache.lucene.util.AbstractBeforeAfterRule$1.evaluate(AbstractBeforeAfterRule.java:46)
    [...com.carrotsearch.randomizedtesting.*]
    org.apache.lucene.util.TestRuleThreadAndTestName$1.evaluate(TestRuleThreadAndTestName.java:49)
    org.apache.lucene.util.TestRuleIgnoreAfterMaxFailures$1.evaluate(TestRuleIgnoreAfterMaxFailures.java:70)
    org.apache.lucene.util.TestRuleMarkFailure$1.evaluate(TestRuleMarkFailure.java:48)
    [...com.carrotsearch.randomizedtesting.*]
    org.apache.lucene.util.AbstractBeforeAfterRule$1.evaluate(AbstractBeforeAfterRule.java:46)
    org.apache.lucene.util.TestRuleStoreClassName$1.evaluate(TestRuleStoreClassName.java:42)
    [...com.carrotsearch.randomizedtesting.*]
    org.apache.lucene.util.TestRuleAssertionsRequired$1.evaluate(TestRuleAssertionsRequired.java:43)
    org.apache.lucene.util.TestRuleMarkFailure$1.evaluate(TestRuleMarkFailure.java:48)
    org.apache.lucene.util.TestRuleIgnoreAfterMaxFailures$1.evaluate(TestRuleIgnoreAfterMaxFailures.java:70)
    org.apache.lucene.util.TestRuleIgnoreTestSuites$1.evaluate(TestRuleIgnoreTestSuites.java:55)
    [...com.carrotsearch.randomizedtesting.*]
    java.lang.Thread.run(Thread.java:744)

[2014-02-18 16:14:15,601][ERROR][test                     ] FAILURE  : testScoring(org.elasticsearch.search.rescore.QueryRescorerTests)
REPRODUCE WITH  : mvn test -Dtests.seed=A89B4FF56754358E -Dtests.class=org.elasticsearch.search.rescore.QueryRescorerTests -Dtests.method=testScoring -Dtests.prefix=tests -Dfile.encoding=UTF-8 -Duser.timezone=US/Pacific -Des.logger.level=INFO -Dtests.cluster_seed=135419AB38A95790
Throwable:
org.elasticsearch.client.transport.NoNodeAvailableException: No node available
    org.elasticsearch.client.transport.TransportClientNodesService.execute(TransportClientNodesService.java:219)
    org.elasticsearch.client.transport.support.InternalTransportIndicesAdminClient.execute(InternalTransportIndicesAdminClient.java:85)
    org.elasticsearch.client.support.AbstractIndicesAdminClient.delete(AbstractIndicesAdminClient.java:265)
    org.elasticsearch.action.admin.indices.delete.DeleteIndexRequestBuilder.doExecute(DeleteIndexRequestBuilder.java:68)
    org.elasticsearch.action.ActionRequestBuilder.execute(ActionRequestBuilder.java:85)
    org.elasticsearch.action.ActionRequestBuilder.execute(ActionRequestBuilder.java:59)
    org.elasticsearch.action.ActionRequestBuilder.get(ActionRequestBuilder.java:67)
    org.elasticsearch.test.hamcrest.ElasticsearchAssertions.assertAcked(ElasticsearchAssertions.java:79)
    org.elasticsearch.test.ElasticsearchIntegrationTest.wipeIndices(ElasticsearchIntegrationTest.java:340)
    org.elasticsearch.test.ElasticsearchIntegrationTest.after(ElasticsearchIntegrationTest.java:241)
    [...sun.*, com.carrotsearch.randomizedtesting.*, java.lang.reflect.*]
    org.apache.lucene.util.TestRuleSetupTeardownChained$1.evaluate(TestRuleSetupTeardownChained.java:50)
    org.apache.lucene.util.TestRuleFieldCacheSanity$1.evaluate(TestRuleFieldCacheSanity.java:51)
    org.apache.lucene.util.AbstractBeforeAfterRule$1.evaluate(AbstractBeforeAfterRule.java:46)
    [...com.carrotsearch.randomizedtesting.*]
    org.apache.lucene.util.TestRuleThreadAndTestName$1.evaluate(TestRuleThreadAndTestName.java:49)
    org.apache.lucene.util.TestRuleIgnoreAfterMaxFailures$1.evaluate(TestRuleIgnoreAfterMaxFailures.java:70)
    org.apache.lucene.util.TestRuleMarkFailure$1.evaluate(TestRuleMarkFailure.java:48)
    [...com.carrotsearch.randomizedtesting.*]
    org.apache.lucene.util.AbstractBeforeAfterRule$1.evaluate(AbstractBeforeAfterRule.java:46)
    org.apache.lucene.util.TestRuleStoreClassName$1.evaluate(TestRuleStoreClassName.java:42)
    [...com.carrotsearch.randomizedtesting.*]
    org.apache.lucene.util.TestRuleAssertionsRequired$1.evaluate(TestRuleAssertionsRequired.java:43)
    org.apache.lucene.util.TestRuleMarkFailure$1.evaluate(TestRuleMarkFailure.java:48)
    org.apache.lucene.util.TestRuleIgnoreAfterMaxFailures$1.evaluate(TestRuleIgnoreAfterMaxFailures.java:70)
    org.apache.lucene.util.TestRuleIgnoreTestSuites$1.evaluate(TestRuleIgnoreTestSuites.java:55)
    [...com.carrotsearch.randomizedtesting.*]
    java.lang.Thread.run(Thread.java:744)

[2014-02-18 16:14:15,604][INFO ][test                     ] Test testScoring(org.elasticsearch.search.rescore.QueryRescorerTests) finished
[2014-02-18 16:14:15,604][INFO ][test                     ] Test testMoreDocs(org.elasticsearch.search.rescore.QueryRescorerTests) started
[2014-02-18 16:14:15,608][INFO ][plugins                  ] [transport_client_node_1] loaded [], sites []
[2014-02-18 16:14:15,615][WARN ][transport.netty          ] [transport_client_node_1] exception caught on transport layer [[id: 0xfd8bd8f1]], closing connection
java.net.BindException: Address already in use
	at sun.nio.ch.Net.connect0(Native Method)
	at sun.nio.ch.Net.connect(Net.java:465)
	at sun.nio.ch.Net.connect(Net.java:457)
	at sun.nio.ch.SocketChannelImpl.connect(SocketChannelImpl.java:666)
	at org.jboss.netty.channel.socket.nio.NioClientSocketPipelineSink.connect(NioClientSocketPipelineSink.java:108)
	at org.jboss.netty.channel.socket.nio.NioClientSocketPipelineSink.eventSunk(NioClientSocketPipelineSink.java:70)
	at org.jboss.netty.channel.Channels.connect(Channels.java:634)
	at org.jboss.netty.channel.AbstractChannel.connect(AbstractChannel.java:207)
	at org.jboss.netty.bootstrap.ClientBootstrap.connect(ClientBootstrap.java:229)
	at org.jboss.netty.bootstrap.ClientBootstrap.connect(ClientBootstrap.java:182)
	at org.elasticsearch.transport.netty.NettyTransport.connectToChannelsLight(NettyTransport.java:680)
	at org.elasticsearch.transport.netty.NettyTransport.connectToNode(NettyTransport.java:643)
	at org.elasticsearch.transport.netty.NettyTransport.connectToNodeLight(NettyTransport.java:610)
	at org.elasticsearch.transport.TransportService.connectToNodeLight(TransportService.java:133)
	at org.elasticsearch.client.transport.TransportClientNodesService$SimpleNodeSampler.doSample(TransportClientNodesService.java:355)
	at org.elasticsearch.client.transport.TransportClientNodesService$NodeSampler.sample(TransportClientNodesService.java:301)
	at org.elasticsearch.client.transport.TransportClientNodesService.addTransportAddresses(TransportClientNodesService.java:169)
	at org.elasticsearch.client.transport.TransportClient.addTransportAddress(TransportClient.java:237)
	at org.elasticsearch.test.TestCluster$TransportClientFactory.client(TestCluster.java:636)
	at org.elasticsearch.test.TestCluster$RandomClientFactory.client(TestCluster.java:653)
	at org.elasticsearch.test.TestCluster$NodeAndClient.client(TestCluster.java:526)
	at org.elasticsearch.test.TestCluster.client(TestCluster.java:392)
	at org.elasticsearch.test.ElasticsearchIntegrationTest.client(ElasticsearchIntegrationTest.java:268)
	at org.elasticsearch.test.ElasticsearchIntegrationTest.wipeIndices(ElasticsearchIntegrationTest.java:340)
	at org.elasticsearch.test.ElasticsearchIntegrationTest.before(ElasticsearchIntegrationTest.java:192)
	at sun.reflect.GeneratedMethodAccessor39.invoke(Unknown Source)
	at sun.reflect.DelegatingMethodAccessorImpl.invoke(DelegatingMethodAccessorImpl.java:43)
	at java.lang.reflect.Method.invoke(Method.java:606)
	at com.carrotsearch.randomizedtesting.RandomizedRunner.invoke(RandomizedRunner.java:1558)
	at com.carrotsearch.randomizedtesting.RandomizedRunner.access$600(RandomizedRunner.java:79)
	at com.carrotsearch.randomizedtesting.RandomizedRunner$7.evaluate(RandomizedRunner.java:770)
	at com.carrotsearch.randomizedtesting.RandomizedRunner$8.evaluate(RandomizedRunner.java:786)
	at org.apache.lucene.util.TestRuleSetupTeardownChained$1.evaluate(TestRuleSetupTeardownChained.java:50)
	at org.apache.lucene.util.TestRuleFieldCacheSanity$1.evaluate(TestRuleFieldCacheSanity.java:51)
	at org.apache.lucene.util.AbstractBeforeAfterRule$1.evaluate(AbstractBeforeAfterRule.java:46)
	at com.carrotsearch.randomizedtesting.rules.SystemPropertiesInvariantRule$1.evaluate(SystemPropertiesInvariantRule.java:55)
	at org.apache.lucene.util.TestRuleThreadAndTestName$1.evaluate(TestRuleThreadAndTestName.java:49)
	at org.apache.lucene.util.TestRuleIgnoreAfterMaxFailures$1.evaluate(TestRuleIgnoreAfterMaxFailures.java:70)
	at org.apache.lucene.util.TestRuleMarkFailure$1.evaluate(TestRuleMarkFailure.java:48)
	at com.carrotsearch.randomizedtesting.rules.StatementAdapter.evaluate(StatementAdapter.java:36)
	at com.carrotsearch.randomizedtesting.ThreadLeakControl$StatementRunner.run(ThreadLeakControl.java:358)
	at com.carrotsearch.randomizedtesting.ThreadLeakControl.forkTimeoutingTask(ThreadLeakControl.java:782)
	at com.carrotsearch.randomizedtesting.ThreadLeakControl$3.evaluate(ThreadLeakControl.java:442)
	at com.carrotsearch.randomizedtesting.RandomizedRunner.runSingleTest(RandomizedRunner.java:745)
	at com.carrotsearch.randomizedtesting.RandomizedRunner$3.evaluate(RandomizedRunner.java:647)
	at com.carrotsearch.randomizedtesting.RandomizedRunner$4.evaluate(RandomizedRunner.java:681)
	at com.carrotsearch.randomizedtesting.RandomizedRunner$5.evaluate(RandomizedRunner.java:692)
	at org.apache.lucene.util.AbstractBeforeAfterRule$1.evaluate(AbstractBeforeAfterRule.java:46)
	at org.apache.lucene.util.TestRuleStoreClassName$1.evaluate(TestRuleStoreClassName.java:42)
	at com.carrotsearch.randomizedtesting.rules.SystemPropertiesInvariantRule$1.evaluate(SystemPropertiesInvariantRule.java:55)
	at com.carrotsearch.randomizedtesting.rules.NoShadowingOrOverridesOnMethodsRule$1.evaluate(NoShadowingOrOverridesOnMethodsRule.java:39)
	at com.carrotsearch.randomizedtesting.rules.NoShadowingOrOverridesOnMethodsRule$1.evaluate(NoShadowingOrOverridesOnMethodsRule.java:39)
	at com.carrotsearch.randomizedtesting.rules.StatementAdapter.evaluate(StatementAdapter.java:36)
	at org.apache.lucene.util.TestRuleAssertionsRequired$1.evaluate(TestRuleAssertionsRequired.java:43)
	at org.apache.lucene.util.TestRuleMarkFailure$1.evaluate(TestRuleMarkFailure.java:48)
	at org.apache.lucene.util.TestRuleIgnoreAfterMaxFailures$1.evaluate(TestRuleIgnoreAfterMaxFailures.java:70)
	at org.apache.lucene.util.TestRuleIgnoreTestSuites$1.evaluate(TestRuleIgnoreTestSuites.java:55)
	at com.carrotsearch.randomizedtesting.rules.StatementAdapter.evaluate(StatementAdapter.java:36)
	at com.carrotsearch.randomizedtesting.ThreadLeakControl$StatementRunner.run(ThreadLeakControl.java:358)
	at java.lang.Thread.run(Thread.java:744)
[2014-02-18 16:14:15,617][INFO ][search.rescore           ] [QueryRescorerTests#testMoreDocs]: cleaning up after test
[2014-02-18 16:14:15,619][INFO ][plugins                  ] [transport_client_node_2] loaded [], sites []
[2014-02-18 16:14:15,631][WARN ][transport.netty          ] [transport_client_node_2] exception caught on transport layer [[id: 0x9eda33bd]], closing connection
java.net.BindException: Address already in use
	at sun.nio.ch.Net.connect0(Native Method)
	at sun.nio.ch.Net.connect(Net.java:465)
	at sun.nio.ch.Net.connect(Net.java:457)
	at sun.nio.ch.SocketChannelImpl.connect(SocketChannelImpl.java:666)
	at org.jboss.netty.channel.socket.nio.NioClientSocketPipelineSink.connect(NioClientSocketPipelineSink.java:108)
	at org.jboss.netty.channel.socket.nio.NioClientSocketPipelineSink.eventSunk(NioClientSocketPipelineSink.java:70)
	at org.jboss.netty.channel.Channels.connect(Channels.java:634)
	at org.jboss.netty.channel.AbstractChannel.connect(AbstractChannel.java:207)
	at org.jboss.netty.bootstrap.ClientBootstrap.connect(ClientBootstrap.java:229)
	at org.jboss.netty.bootstrap.ClientBootstrap.connect(ClientBootstrap.java:182)
	at org.elasticsearch.transport.netty.NettyTransport.connectToChannels(NettyTransport.java:702)
	at org.elasticsearch.transport.netty.NettyTransport.connectToNode(NettyTransport.java:647)
	at org.elasticsearch.transport.netty.NettyTransport.connectToNode(NettyTransport.java:615)
	at org.elasticsearch.transport.TransportService.connectToNode(TransportService.java:129)
	at org.elasticsearch.client.transport.TransportClientNodesService$NodeSampler.validateNewNodes(TransportClientNodesService.java:317)
	at org.elasticsearch.client.transport.TransportClientNodesService$SimpleNodeSampler.doSample(TransportClientNodesService.java:389)
	at org.elasticsearch.client.transport.TransportClientNodesService$NodeSampler.sample(TransportClientNodesService.java:301)
	at org.elasticsearch.client.transport.TransportClientNodesService.addTransportAddresses(TransportClientNodesService.java:169)
	at org.elasticsearch.client.transport.TransportClient.addTransportAddress(TransportClient.java:237)
	at org.elasticsearch.test.TestCluster$TransportClientFactory.client(TestCluster.java:636)
	at org.elasticsearch.test.TestCluster$RandomClientFactory.client(TestCluster.java:653)
	at org.elasticsearch.test.TestCluster$NodeAndClient.client(TestCluster.java:526)
	at org.elasticsearch.test.TestCluster.client(TestCluster.java:392)
	at org.elasticsearch.test.ElasticsearchIntegrationTest.client(ElasticsearchIntegrationTest.java:268)
	at org.elasticsearch.test.ElasticsearchIntegrationTest.after(ElasticsearchIntegrationTest.java:234)
	at sun.reflect.GeneratedMethodAccessor40.invoke(Unknown Source)
	at sun.reflect.DelegatingMethodAccessorImpl.invoke(DelegatingMethodAccessorImpl.java:43)
	at java.lang.reflect.Method.invoke(Method.java:606)
	at com.carrotsearch.randomizedtesting.RandomizedRunner.invoke(RandomizedRunner.java:1558)
	at com.carrotsearch.randomizedtesting.RandomizedRunner.access$600(RandomizedRunner.java:79)
	at com.carrotsearch.randomizedtesting.RandomizedRunner$8.evaluate(RandomizedRunner.java:794)
	at org.apache.lucene.util.TestRuleSetupTeardownChained$1.evaluate(TestRuleSetupTeardownChained.java:50)
	at org.apache.lucene.util.TestRuleFieldCacheSanity$1.evaluate(TestRuleFieldCacheSanity.java:51)
	at org.apache.lucene.util.AbstractBeforeAfterRule$1.evaluate(AbstractBeforeAfterRule.java:46)
	at com.carrotsearch.randomizedtesting.rules.SystemPropertiesInvariantRule$1.evaluate(SystemPropertiesInvariantRule.java:55)
	at org.apache.lucene.util.TestRuleThreadAndTestName$1.evaluate(TestRuleThreadAndTestName.java:49)
	at org.apache.lucene.util.TestRuleIgnoreAfterMaxFailures$1.evaluate(TestRuleIgnoreAfterMaxFailures.java:70)
	at org.apache.lucene.util.TestRuleMarkFailure$1.evaluate(TestRuleMarkFailure.java:48)
	at com.carrotsearch.randomizedtesting.rules.StatementAdapter.evaluate(StatementAdapter.java:36)
	at com.carrotsearch.randomizedtesting.ThreadLeakControl$StatementRunner.run(ThreadLeakControl.java:358)
	at com.carrotsearch.randomizedtesting.ThreadLeakControl.forkTimeoutingTask(ThreadLeakControl.java:782)
	at com.carrotsearch.randomizedtesting.ThreadLeakControl$3.evaluate(ThreadLeakControl.java:442)
	at com.carrotsearch.randomizedtesting.RandomizedRunner.runSingleTest(RandomizedRunner.java:745)
	at com.carrotsearch.randomizedtesting.RandomizedRunner$3.evaluate(RandomizedRunner.java:647)
	at com.carrotsearch.randomizedtesting.RandomizedRunner$4.evaluate(RandomizedRunner.java:681)
	at com.carrotsearch.randomizedtesting.RandomizedRunner$5.evaluate(RandomizedRunner.java:692)
	at org.apache.lucene.util.AbstractBeforeAfterRule$1.evaluate(AbstractBeforeAfterRule.java:46)
	at org.apache.lucene.util.TestRuleStoreClassName$1.evaluate(TestRuleStoreClassName.java:42)
	at com.carrotsearch.randomizedtesting.rules.SystemPropertiesInvariantRule$1.evaluate(SystemPropertiesInvariantRule.java:55)
	at com.carrotsearch.randomizedtesting.rules.NoShadowingOrOverridesOnMethodsRule$1.evaluate(NoShadowingOrOverridesOnMethodsRule.java:39)
	at com.carrotsearch.randomizedtesting.rules.NoShadowingOrOverridesOnMethodsRule$1.evaluate(NoShadowingOrOverridesOnMethodsRule.java:39)
	at com.carrotsearch.randomizedtesting.rules.StatementAdapter.evaluate(StatementAdapter.java:36)
	at org.apache.lucene.util.TestRuleAssertionsRequired$1.evaluate(TestRuleAssertionsRequired.java:43)
	at org.apache.lucene.util.TestRuleMarkFailure$1.evaluate(TestRuleMarkFailure.java:48)
	at org.apache.lucene.util.TestRuleIgnoreAfterMaxFailures$1.evaluate(TestRuleIgnoreAfterMaxFailures.java:70)
	at org.apache.lucene.util.TestRuleIgnoreTestSuites$1.evaluate(TestRuleIgnoreTestSuites.java:55)
	at com.carrotsearch.randomizedtesting.rules.StatementAdapter.evaluate(StatementAdapter.java:36)
	at com.carrotsearch.randomizedtesting.ThreadLeakControl$StatementRunner.run(ThreadLeakControl.java:358)
	at java.lang.Thread.run(Thread.java:744)
[2014-02-18 16:14:15,633][WARN ][transport.netty          ] [transport_client_node_2] exception caught on transport layer [[id: 0x34c6183c]], closing connection
java.net.BindException: Address already in use
	at sun.nio.ch.Net.connect0(Native Method)
	at sun.nio.ch.Net.connect(Net.java:465)
	at sun.nio.ch.Net.connect(Net.java:457)
	at sun.nio.ch.SocketChannelImpl.connect(SocketChannelImpl.java:666)
	at org.jboss.netty.channel.socket.nio.NioClientSocketPipelineSink.connect(NioClientSocketPipelineSink.java:108)
	at org.jboss.netty.channel.socket.nio.NioClientSocketPipelineSink.eventSunk(NioClientSocketPipelineSink.java:70)
	at org.jboss.netty.channel.Channels.connect(Channels.java:634)
	at org.jboss.netty.channel.AbstractChannel.connect(AbstractChannel.java:207)
	at org.jboss.netty.bootstrap.ClientBootstrap.connect(ClientBootstrap.java:229)
	at org.jboss.netty.bootstrap.ClientBootstrap.connect(ClientBootstrap.java:182)
	at org.elasticsearch.transport.netty.NettyTransport.connectToChannels(NettyTransport.java:702)
	at org.elasticsearch.transport.netty.NettyTransport.connectToNode(NettyTransport.java:647)
	at org.elasticsearch.transport.netty.NettyTransport.connectToNode(NettyTransport.java:615)
	at org.elasticsearch.transport.TransportService.connectToNode(TransportService.java:129)
	at org.elasticsearch.client.transport.TransportClientNodesService$NodeSampler.validateNewNodes(TransportClientNodesService.java:317)
	at org.elasticsearch.client.transport.TransportClientNodesService$SimpleNodeSampler.doSample(TransportClientNodesService.java:389)
	at org.elasticsearch.client.transport.TransportClientNodesService$NodeSampler.sample(TransportClientNodesService.java:301)
	at org.elasticsearch.client.transport.TransportClientNodesService.addTransportAddresses(TransportClientNodesService.java:169)
	at org.elasticsearch.client.transport.TransportClient.addTransportAddress(TransportClient.java:237)
	at org.elasticsearch.test.TestCluster$TransportClientFactory.client(TestCluster.java:636)
	at org.elasticsearch.test.TestCluster$RandomClientFactory.client(TestCluster.java:653)
	at org.elasticsearch.test.TestCluster$NodeAndClient.client(TestCluster.java:526)
	at org.elasticsearch.test.TestCluster.client(TestCluster.java:392)
	at org.elasticsearch.test.ElasticsearchIntegrationTest.client(ElasticsearchIntegrationTest.java:268)
	at org.elasticsearch.test.ElasticsearchIntegrationTest.after(ElasticsearchIntegrationTest.java:234)
	at sun.reflect.GeneratedMethodAccessor40.invoke(Unknown Source)
	at sun.reflect.DelegatingMethodAccessorImpl.invoke(DelegatingMethodAccessorImpl.java:43)
	at java.lang.reflect.Method.invoke(Method.java:606)
	at com.carrotsearch.randomizedtesting.RandomizedRunner.invoke(RandomizedRunner.java:1558)
	at com.carrotsearch.randomizedtesting.RandomizedRunner.access$600(RandomizedRunner.java:79)
	at com.carrotsearch.randomizedtesting.RandomizedRunner$8.evaluate(RandomizedRunner.java:794)
	at org.apache.lucene.util.TestRuleSetupTeardownChained$1.evaluate(TestRuleSetupTeardownChained.java:50)
	at org.apache.lucene.util.TestRuleFieldCacheSanity$1.evaluate(TestRuleFieldCacheSanity.java:51)
	at org.apache.lucene.util.AbstractBeforeAfterRule$1.evaluate(AbstractBeforeAfterRule.java:46)
	at com.carrotsearch.randomizedtesting.rules.SystemPropertiesInvariantRule$1.evaluate(SystemPropertiesInvariantRule.java:55)
	at org.apache.lucene.util.TestRuleThreadAndTestName$1.evaluate(TestRuleThreadAndTestName.java:49)
	at org.apache.lucene.util.TestRuleIgnoreAfterMaxFailures$1.evaluate(TestRuleIgnoreAfterMaxFailures.java:70)
	at org.apache.lucene.util.TestRuleMarkFailure$1.evaluate(TestRuleMarkFailure.java:48)
	at com.carrotsearch.randomizedtesting.rules.StatementAdapter.evaluate(StatementAdapter.java:36)
	at com.carrotsearch.randomizedtesting.ThreadLeakControl$StatementRunner.run(ThreadLeakControl.java:358)
	at com.carrotsearch.randomizedtesting.ThreadLeakControl.forkTimeoutingTask(ThreadLeakControl.java:782)
	at com.carrotsearch.randomizedtesting.ThreadLeakControl$3.evaluate(ThreadLeakControl.java:442)
	at com.carrotsearch.randomizedtesting.RandomizedRunner.runSingleTest(RandomizedRunner.java:745)
	at com.carrotsearch.randomizedtesting.RandomizedRunner$3.evaluate(RandomizedRunner.java:647)
	at com.carrotsearch.randomizedtesting.RandomizedRunner$4.evaluate(RandomizedRunner.java:681)
	at com.carrotsearch.randomizedtesting.RandomizedRunner$5.evaluate(RandomizedRunner.java:692)
	at org.apache.lucene.util.AbstractBeforeAfterRule$1.evaluate(AbstractBeforeAfterRule.java:46)
	at org.apache.lucene.util.TestRuleStoreClassName$1.evaluate(TestRuleStoreClassName.java:42)
	at com.carrotsearch.randomizedtesting.rules.SystemPropertiesInvariantRule$1.evaluate(SystemPropertiesInvariantRule.java:55)
	at com.carrotsearch.randomizedtesting.rules.NoShadowingOrOverridesOnMethodsRule$1.evaluate(NoShadowingOrOverridesOnMethodsRule.java:39)
	at com.carrotsearch.randomizedtesting.rules.NoShadowingOrOverridesOnMethodsRule$1.evaluate(NoShadowingOrOverridesOnMethodsRule.java:39)
	at com.carrotsearch.randomizedtesting.rules.StatementAdapter.evaluate(StatementAdapter.java:36)
	at org.apache.lucene.util.TestRuleAssertionsRequired$1.evaluate(TestRuleAssertionsRequired.java:43)
	at org.apache.lucene.util.TestRuleMarkFailure$1.evaluate(TestRuleMarkFailure.java:48)
	at org.apache.lucene.util.TestRuleIgnoreAfterMaxFailures$1.evaluate(TestRuleIgnoreAfterMaxFailures.java:70)
	at org.apache.lucene.util.TestRuleIgnoreTestSuites$1.evaluate(TestRuleIgnoreTestSuites.java:55)
	at com.carrotsearch.randomizedtesting.rules.StatementAdapter.evaluate(StatementAdapter.java:36)
	at com.carrotsearch.randomizedtesting.ThreadLeakControl$StatementRunner.run(ThreadLeakControl.java:358)
	at java.lang.Thread.run(Thread.java:744)
[2014-02-18 16:14:15,635][WARN ][transport.netty          ] [transport_client_node_2] exception caught on transport layer [[id: 0x960e0421]], closing connection
java.net.BindException: Address already in use
	at sun.nio.ch.Net.connect0(Native Method)
	at sun.nio.ch.Net.connect(Net.java:465)
	at sun.nio.ch.Net.connect(Net.java:457)
	at sun.nio.ch.SocketChannelImpl.connect(SocketChannelImpl.java:666)
	at org.jboss.netty.channel.socket.nio.NioClientSocketPipelineSink.connect(NioClientSocketPipelineSink.java:108)
	at org.jboss.netty.channel.socket.nio.NioClientSocketPipelineSink.eventSunk(NioClientSocketPipelineSink.java:70)
	at org.jboss.netty.channel.Channels.connect(Channels.java:634)
	at org.jboss.netty.channel.AbstractChannel.connect(AbstractChannel.java:207)
	at org.jboss.netty.bootstrap.ClientBootstrap.connect(ClientBootstrap.java:229)
	at org.jboss.netty.bootstrap.ClientBootstrap.connect(ClientBootstrap.java:182)
	at org.elasticsearch.transport.netty.NettyTransport.connectToChannels(NettyTransport.java:705)
	at org.elasticsearch.transport.netty.NettyTransport.connectToNode(NettyTransport.java:647)
	at org.elasticsearch.transport.netty.NettyTransport.connectToNode(NettyTransport.java:615)
	at org.elasticsearch.transport.TransportService.connectToNode(TransportService.java:129)
	at org.elasticsearch.client.transport.TransportClientNodesService$NodeSampler.validateNewNodes(TransportClientNodesService.java:317)
	at org.elasticsearch.client.transport.TransportClientNodesService$SimpleNodeSampler.doSample(TransportClientNodesService.java:389)
	at org.elasticsearch.client.transport.TransportClientNodesService$NodeSampler.sample(TransportClientNodesService.java:301)
	at org.elasticsearch.client.transport.TransportClientNodesService.addTransportAddresses(TransportClientNodesService.java:169)
	at org.elasticsearch.client.transport.TransportClient.addTransportAddress(TransportClient.java:237)
	at org.elasticsearch.test.TestCluster$TransportClientFactory.client(TestCluster.java:636)
	at org.elasticsearch.test.TestCluster$RandomClientFactory.client(TestCluster.java:653)
	at org.elasticsearch.test.TestCluster$NodeAndClient.client(TestCluster.java:526)
	at org.elasticsearch.test.TestCluster.client(TestCluster.java:392)
	at org.elasticsearch.test.ElasticsearchIntegrationTest.client(ElasticsearchIntegrationTest.java:268)
	at org.elasticsearch.test.ElasticsearchIntegrationTest.after(ElasticsearchIntegrationTest.java:234)
	at sun.reflect.GeneratedMethodAccessor40.invoke(Unknown Source)
	at sun.reflect.DelegatingMethodAccessorImpl.invoke(DelegatingMethodAccessorImpl.java:43)
	at java.lang.reflect.Method.invoke(Method.java:606)
	at com.carrotsearch.randomizedtesting.RandomizedRunner.invoke(RandomizedRunner.java:1558)
	at com.carrotsearch.randomizedtesting.RandomizedRunner.access$600(RandomizedRunner.java:79)
	at com.carrotsearch.randomizedtesting.RandomizedRunner$8.evaluate(RandomizedRunner.java:794)
	at org.apache.lucene.util.TestRuleSetupTeardownChained$1.evaluate(TestRuleSetupTeardownChained.java:50)
	at org.apache.lucene.util.TestRuleFieldCacheSanity$1.evaluate(TestRuleFieldCacheSanity.java:51)
	at org.apache.lucene.util.AbstractBeforeAfterRule$1.evaluate(AbstractBeforeAfterRule.java:46)
	at com.carrotsearch.randomizedtesting.rules.SystemPropertiesInvariantRule$1.evaluate(SystemPropertiesInvariantRule.java:55)
	at org.apache.lucene.util.TestRuleThreadAndTestName$1.evaluate(TestRuleThreadAndTestName.java:49)
	at org.apache.lucene.util.TestRuleIgnoreAfterMaxFailures$1.evaluate(TestRuleIgnoreAfterMaxFailures.java:70)
	at org.apache.lucene.util.TestRuleMarkFailure$1.evaluate(TestRuleMarkFailure.java:48)
	at com.carrotsearch.randomizedtesting.rules.StatementAdapter.evaluate(StatementAdapter.java:36)
	at com.carrotsearch.randomizedtesting.ThreadLeakControl$StatementRunner.run(ThreadLeakControl.java:358)
	at com.carrotsearch.randomizedtesting.ThreadLeakControl.forkTimeoutingTask(ThreadLeakControl.java:782)
	at com.carrotsearch.randomizedtesting.ThreadLeakControl$3.evaluate(ThreadLeakControl.java:442)
	at com.carrotsearch.randomizedtesting.RandomizedRunner.runSingleTest(RandomizedRunner.java:745)
	at com.carrotsearch.randomizedtesting.RandomizedRunner$3.evaluate(RandomizedRunner.java:647)
	at com.carrotsearch.randomizedtesting.RandomizedRunner$4.evaluate(RandomizedRunner.java:681)
	at com.carrotsearch.randomizedtesting.RandomizedRunner$5.evaluate(RandomizedRunner.java:692)
	at org.apache.lucene.util.AbstractBeforeAfterRule$1.evaluate(AbstractBeforeAfterRule.java:46)
	at org.apache.lucene.util.TestRuleStoreClassName$1.evaluate(TestRuleStoreClassName.java:42)
	at com.carrotsearch.randomizedtesting.rules.SystemPropertiesInvariantRule$1.evaluate(SystemPropertiesInvariantRule.java:55)
	at com.carrotsearch.randomizedtesting.rules.NoShadowingOrOverridesOnMethodsRule$1.evaluate(NoShadowingOrOverridesOnMethodsRule.java:39)
	at com.carrotsearch.randomizedtesting.rules.NoShadowingOrOverridesOnMethodsRule$1.evaluate(NoShadowingOrOverridesOnMethodsRule.java:39)
	at com.carrotsearch.randomizedtesting.rules.StatementAdapter.evaluate(StatementAdapter.java:36)
	at org.apache.lucene.util.TestRuleAssertionsRequired$1.evaluate(TestRuleAssertionsRequired.java:43)
	at org.apache.lucene.util.TestRuleMarkFailure$1.evaluate(TestRuleMarkFailure.java:48)
	at org.apache.lucene.util.TestRuleIgnoreAfterMaxFailures$1.evaluate(TestRuleIgnoreAfterMaxFailures.java:70)
	at org.apache.lucene.util.TestRuleIgnoreTestSuites$1.evaluate(TestRuleIgnoreTestSuites.java:55)
	at com.carrotsearch.randomizedtesting.rules.StatementAdapter.evaluate(StatementAdapter.java:36)
	at com.carrotsearch.randomizedtesting.ThreadLeakControl$StatementRunner.run(ThreadLeakControl.java:358)
	at java.lang.Thread.run(Thread.java:744)
[2014-02-18 16:14:15,637][WARN ][transport.netty          ] [transport_client_node_2] exception caught on transport layer [[id: 0x907eb532]], closing connection
java.net.BindException: Address already in use
	at sun.nio.ch.Net.connect0(Native Method)
	at sun.nio.ch.Net.connect(Net.java:465)
	at sun.nio.ch.Net.connect(Net.java:457)
	at sun.nio.ch.SocketChannelImpl.connect(SocketChannelImpl.java:666)
	at org.jboss.netty.channel.socket.nio.NioClientSocketPipelineSink.connect(NioClientSocketPipelineSink.java:108)
	at org.jboss.netty.channel.socket.nio.NioClientSocketPipelineSink.eventSunk(NioClientSocketPipelineSink.java:70)
	at org.jboss.netty.channel.Channels.connect(Channels.java:634)
	at org.jboss.netty.channel.AbstractChannel.connect(AbstractChannel.java:207)
	at org.jboss.netty.bootstrap.ClientBootstrap.connect(ClientBootstrap.java:229)
	at org.jboss.netty.bootstrap.ClientBootstrap.connect(ClientBootstrap.java:182)
	at org.elasticsearch.transport.netty.NettyTransport.connectToChannels(NettyTransport.java:705)
	at org.elasticsearch.transport.netty.NettyTransport.connectToNode(NettyTransport.java:647)
	at org.elasticsearch.transport.netty.NettyTransport.connectToNode(NettyTransport.java:615)
	at org.elasticsearch.transport.TransportService.connectToNode(TransportService.java:129)
	at org.elasticsearch.client.transport.TransportClientNodesService$NodeSampler.validateNewNodes(TransportClientNodesService.java:317)
	at org.elasticsearch.client.transport.TransportClientNodesService$SimpleNodeSampler.doSample(TransportClientNodesService.java:389)
	at org.elasticsearch.client.transport.TransportClientNodesService$NodeSampler.sample(TransportClientNodesService.java:301)
	at org.elasticsearch.client.transport.TransportClientNodesService.addTransportAddresses(TransportClientNodesService.java:169)
	at org.elasticsearch.client.transport.TransportClient.addTransportAddress(TransportClient.java:237)
	at org.elasticsearch.test.TestCluster$TransportClientFactory.client(TestCluster.java:636)
	at org.elasticsearch.test.TestCluster$RandomClientFactory.client(TestCluster.java:653)
	at org.elasticsearch.test.TestCluster$NodeAndClient.client(TestCluster.java:526)
	at org.elasticsearch.test.TestCluster.client(TestCluster.java:392)
	at org.elasticsearch.test.ElasticsearchIntegrationTest.client(ElasticsearchIntegrationTest.java:268)
	at org.elasticsearch.test.ElasticsearchIntegrationTest.after(ElasticsearchIntegrationTest.java:234)
	at sun.reflect.GeneratedMethodAccessor40.invoke(Unknown Source)
	at sun.reflect.DelegatingMethodAccessorImpl.invoke(DelegatingMethodAccessorImpl.java:43)
	at java.lang.reflect.Method.invoke(Method.java:606)
	at com.carrotsearch.randomizedtesting.RandomizedRunner.invoke(RandomizedRunner.java:1558)
	at com.carrotsearch.randomizedtesting.RandomizedRunner.access$600(RandomizedRunner.java:79)
	at com.carrotsearch.randomizedtesting.RandomizedRunner$8.evaluate(RandomizedRunner.java:794)
	at org.apache.lucene.util.TestRuleSetupTeardownChained$1.evaluate(TestRuleSetupTeardownChained.java:50)
	at org.apache.lucene.util.TestRuleFieldCacheSanity$1.evaluate(TestRuleFieldCacheSanity.java:51)
	at org.apache.lucene.util.AbstractBeforeAfterRule$1.evaluate(AbstractBeforeAfterRule.java:46)
	at com.carrotsearch.randomizedtesting.rules.SystemPropertiesInvariantRule$1.evaluate(SystemPropertiesInvariantRule.java:55)
	at org.apache.lucene.util.TestRuleThreadAndTestName$1.evaluate(TestRuleThreadAndTestName.java:49)
	at org.apache.lucene.util.TestRuleIgnoreAfterMaxFailures$1.evaluate(TestRuleIgnoreAfterMaxFailures.java:70)
	at org.apache.lucene.util.TestRuleMarkFailure$1.evaluate(TestRuleMarkFailure.java:48)
	at com.carrotsearch.randomizedtesting.rules.StatementAdapter.evaluate(StatementAdapter.java:36)
	at com.carrotsearch.randomizedtesting.ThreadLeakControl$StatementRunner.run(ThreadLeakControl.java:358)
	at com.carrotsearch.randomizedtesting.ThreadLeakControl.forkTimeoutingTask(ThreadLeakControl.java:782)
	at com.carrotsearch.randomizedtesting.ThreadLeakControl$3.evaluate(ThreadLeakControl.java:442)
	at com.carrotsearch.randomizedtesting.RandomizedRunner.runSingleTest(RandomizedRunner.java:745)
	at com.carrotsearch.randomizedtesting.RandomizedRunner$3.evaluate(RandomizedRunner.java:647)
	at com.carrotsearch.randomizedtesting.RandomizedRunner$4.evaluate(RandomizedRunner.java:681)
	at com.carrotsearch.randomizedtesting.RandomizedRunner$5.evaluate(RandomizedRunner.java:692)
	at org.apache.lucene.util.AbstractBeforeAfterRule$1.evaluate(AbstractBeforeAfterRule.java:46)
	at org.apache.lucene.util.TestRuleStoreClassName$1.evaluate(TestRuleStoreClassName.java:42)
	at com.carrotsearch.randomizedtesting.rules.SystemPropertiesInvariantRule$1.evaluate(SystemPropertiesInvariantRule.java:55)
	at com.carrotsearch.randomizedtesting.rules.NoShadowingOrOverridesOnMethodsRule$1.evaluate(NoShadowingOrOverridesOnMethodsRule.java:39)
	at com.carrotsearch.randomizedtesting.rules.NoShadowingOrOverridesOnMethodsRule$1.evaluate(NoShadowingOrOverridesOnMethodsRule.java:39)
	at com.carrotsearch.randomizedtesting.rules.StatementAdapter.evaluate(StatementAdapter.java:36)
	at org.apache.lucene.util.TestRuleAssertionsRequired$1.evaluate(TestRuleAssertionsRequired.java:43)
	at org.apache.lucene.util.TestRuleMarkFailure$1.evaluate(TestRuleMarkFailure.java:48)
	at org.apache.lucene.util.TestRuleIgnoreAfterMaxFailures$1.evaluate(TestRuleIgnoreAfterMaxFailures.java:70)
	at org.apache.lucene.util.TestRuleIgnoreTestSuites$1.evaluate(TestRuleIgnoreTestSuites.java:55)
	at com.carrotsearch.randomizedtesting.rules.StatementAdapter.evaluate(StatementAdapter.java:36)
	at com.carrotsearch.randomizedtesting.ThreadLeakControl$StatementRunner.run(ThreadLeakControl.java:358)
	at java.lang.Thread.run(Thread.java:744)
[2014-02-18 16:14:15,639][WARN ][transport.netty          ] [transport_client_node_2] exception caught on transport layer [[id: 0x579f5e81]], closing connection
java.net.BindException: Address already in use
	at sun.nio.ch.Net.connect0(Native Method)
	at sun.nio.ch.Net.connect(Net.java:465)
	at sun.nio.ch.Net.connect(Net.java:457)
	at sun.nio.ch.SocketChannelImpl.connect(SocketChannelImpl.java:666)
	at org.jboss.netty.channel.socket.nio.NioClientSocketPipelineSink.connect(NioClientSocketPipelineSink.java:108)
	at org.jboss.netty.channel.socket.nio.NioClientSocketPipelineSink.eventSunk(NioClientSocketPipelineSink.java:70)
	at org.jboss.netty.channel.Channels.connect(Channels.java:634)
	at org.jboss.netty.channel.AbstractChannel.connect(AbstractChannel.java:207)
	at org.jboss.netty.bootstrap.ClientBootstrap.connect(ClientBootstrap.java:229)
	at org.jboss.netty.bootstrap.ClientBootstrap.connect(ClientBootstrap.java:182)
	at org.elasticsearch.transport.netty.NettyTransport.connectToChannels(NettyTransport.java:705)
	at org.elasticsearch.transport.netty.NettyTransport.connectToNode(NettyTransport.java:647)
	at org.elasticsearch.transport.netty.NettyTransport.connectToNode(NettyTransport.java:615)
	at org.elasticsearch.transport.TransportService.connectToNode(TransportService.java:129)
	at org.elasticsearch.client.transport.TransportClientNodesService$NodeSampler.validateNewNodes(TransportClientNodesService.java:317)
	at org.elasticsearch.client.transport.TransportClientNodesService$SimpleNodeSampler.doSample(TransportClientNodesService.java:389)
	at org.elasticsearch.client.transport.TransportClientNodesService$NodeSampler.sample(TransportClientNodesService.java:301)
	at org.elasticsearch.client.transport.TransportClientNodesService.addTransportAddresses(TransportClientNodesService.java:169)
	at org.elasticsearch.client.transport.TransportClient.addTransportAddress(TransportClient.java:237)
	at org.elasticsearch.test.TestCluster$TransportClientFactory.client(TestCluster.java:636)
	at org.elasticsearch.test.TestCluster$RandomClientFactory.client(TestCluster.java:653)
	at org.elasticsearch.test.TestCluster$NodeAndClient.client(TestCluster.java:526)
	at org.elasticsearch.test.TestCluster.client(TestCluster.java:392)
	at org.elasticsearch.test.ElasticsearchIntegrationTest.client(ElasticsearchIntegrationTest.java:268)
	at org.elasticsearch.test.ElasticsearchIntegrationTest.after(ElasticsearchIntegrationTest.java:234)
	at sun.reflect.GeneratedMethodAccessor40.invoke(Unknown Source)
	at sun.reflect.DelegatingMethodAccessorImpl.invoke(DelegatingMethodAccessorImpl.java:43)
	at java.lang.reflect.Method.invoke(Method.java:606)
	at com.carrotsearch.randomizedtesting.RandomizedRunner.invoke(RandomizedRunner.java:1558)
	at com.carrotsearch.randomizedtesting.RandomizedRunner.access$600(RandomizedRunner.java:79)
	at com.carrotsearch.randomizedtesting.RandomizedRunner$8.evaluate(RandomizedRunner.java:794)
	at org.apache.lucene.util.TestRuleSetupTeardownChained$1.evaluate(TestRuleSetupTeardownChained.java:50)
	at org.apache.lucene.util.TestRuleFieldCacheSanity$1.evaluate(TestRuleFieldCacheSanity.java:51)
	at org.apache.lucene.util.AbstractBeforeAfterRule$1.evaluate(AbstractBeforeAfterRule.java:46)
	at com.carrotsearch.randomizedtesting.rules.SystemPropertiesInvariantRule$1.evaluate(SystemPropertiesInvariantRule.java:55)
	at org.apache.lucene.util.TestRuleThreadAndTestName$1.evaluate(TestRuleThreadAndTestName.java:49)
	at org.apache.lucene.util.TestRuleIgnoreAfterMaxFailures$1.evaluate(TestRuleIgnoreAfterMaxFailures.java:70)
	at org.apache.lucene.util.TestRuleMarkFailure$1.evaluate(TestRuleMarkFailure.java:48)
	at com.carrotsearch.randomizedtesting.rules.StatementAdapter.evaluate(StatementAdapter.java:36)
	at com.carrotsearch.randomizedtesting.ThreadLeakControl$StatementRunner.run(ThreadLeakControl.java:358)
	at com.carrotsearch.randomizedtesting.ThreadLeakControl.forkTimeoutingTask(ThreadLeakControl.java:782)
	at com.carrotsearch.randomizedtesting.ThreadLeakControl$3.evaluate(ThreadLeakControl.java:442)
	at com.carrotsearch.randomizedtesting.RandomizedRunner.runSingleTest(RandomizedRunner.java:745)
	at com.carrotsearch.randomizedtesting.RandomizedRunner$3.evaluate(RandomizedRunner.java:647)
	at com.carrotsearch.randomizedtesting.RandomizedRunner$4.evaluate(RandomizedRunner.java:681)
	at com.carrotsearch.randomizedtesting.RandomizedRunner$5.evaluate(RandomizedRunner.java:692)
	at org.apache.lucene.util.AbstractBeforeAfterRule$1.evaluate(AbstractBeforeAfterRule.java:46)
	at org.apache.lucene.util.TestRuleStoreClassName$1.evaluate(TestRuleStoreClassName.java:42)
	at com.carrotsearch.randomizedtesting.rules.SystemPropertiesInvariantRule$1.evaluate(SystemPropertiesInvariantRule.java:55)
	at com.carrotsearch.randomizedtesting.rules.NoShadowingOrOverridesOnMethodsRule$1.evaluate(NoShadowingOrOverridesOnMethodsRule.java:39)
	at com.carrotsearch.randomizedtesting.rules.NoShadowingOrOverridesOnMethodsRule$1.evaluate(NoShadowingOrOverridesOnMethodsRule.java:39)
	at com.carrotsearch.randomizedtesting.rules.StatementAdapter.evaluate(StatementAdapter.java:36)
	at org.apache.lucene.util.TestRuleAssertionsRequired$1.evaluate(TestRuleAssertionsRequired.java:43)
	at org.apache.lucene.util.TestRuleMarkFailure$1.evaluate(TestRuleMarkFailure.java:48)
	at org.apache.lucene.util.TestRuleIgnoreAfterMaxFailures$1.evaluate(TestRuleIgnoreAfterMaxFailures.java:70)
	at org.apache.lucene.util.TestRuleIgnoreTestSuites$1.evaluate(TestRuleIgnoreTestSuites.java:55)
	at com.carrotsearch.randomizedtesting.rules.StatementAdapter.evaluate(StatementAdapter.java:36)
	at com.carrotsearch.randomizedtesting.ThreadLeakControl$StatementRunner.run(ThreadLeakControl.java:358)
	at java.lang.Thread.run(Thread.java:744)
[2014-02-18 16:14:15,641][WARN ][transport.netty          ] [transport_client_node_2] exception caught on transport layer [[id: 0x6d1aeb83]], closing connection
java.net.BindException: Address already in use
	at sun.nio.ch.Net.connect0(Native Method)
	at sun.nio.ch.Net.connect(Net.java:465)
	at sun.nio.ch.Net.connect(Net.java:457)
	at sun.nio.ch.SocketChannelImpl.connect(SocketChannelImpl.java:666)
	at org.jboss.netty.channel.socket.nio.NioClientSocketPipelineSink.connect(NioClientSocketPipelineSink.java:108)
	at org.jboss.netty.channel.socket.nio.NioClientSocketPipelineSink.eventSunk(NioClientSocketPipelineSink.java:70)
	at org.jboss.netty.channel.Channels.connect(Channels.java:634)
	at org.jboss.netty.channel.AbstractChannel.connect(AbstractChannel.java:207)
	at org.jboss.netty.bootstrap.ClientBootstrap.connect(ClientBootstrap.java:229)
	at org.jboss.netty.bootstrap.ClientBootstrap.connect(ClientBootstrap.java:182)
	at org.elasticsearch.transport.netty.NettyTransport.connectToChannels(NettyTransport.java:705)
	at org.elasticsearch.transport.netty.NettyTransport.connectToNode(NettyTransport.java:647)
	at org.elasticsearch.transport.netty.NettyTransport.connectToNode(NettyTransport.java:615)
	at org.elasticsearch.transport.TransportService.connectToNode(TransportService.java:129)
	at org.elasticsearch.client.transport.TransportClientNodesService$NodeSampler.validateNewNodes(TransportClientNodesService.java:317)
	at org.elasticsearch.client.transport.TransportClientNodesService$SimpleNodeSampler.doSample(TransportClientNodesService.java:389)
	at org.elasticsearch.client.transport.TransportClientNodesService$NodeSampler.sample(TransportClientNodesService.java:301)
	at org.elasticsearch.client.transport.TransportClientNodesService.addTransportAddresses(TransportClientNodesService.java:169)
	at org.elasticsearch.client.transport.TransportClient.addTransportAddress(TransportClient.java:237)
	at org.elasticsearch.test.TestCluster$TransportClientFactory.client(TestCluster.java:636)
	at org.elasticsearch.test.TestCluster$RandomClientFactory.client(TestCluster.java:653)
	at org.elasticsearch.test.TestCluster$NodeAndClient.client(TestCluster.java:526)
	at org.elasticsearch.test.TestCluster.client(TestCluster.java:392)
	at org.elasticsearch.test.ElasticsearchIntegrationTest.client(ElasticsearchIntegrationTest.java:268)
	at org.elasticsearch.test.ElasticsearchIntegrationTest.after(ElasticsearchIntegrationTest.java:234)
	at sun.reflect.GeneratedMethodAccessor40.invoke(Unknown Source)
	at sun.reflect.DelegatingMethodAccessorImpl.invoke(DelegatingMethodAccessorImpl.java:43)
	at java.lang.reflect.Method.invoke(Method.java:606)
	at com.carrotsearch.randomizedtesting.RandomizedRunner.invoke(RandomizedRunner.java:1558)
	at com.carrotsearch.randomizedtesting.RandomizedRunner.access$600(RandomizedRunner.java:79)
	at com.carrotsearch.randomizedtesting.RandomizedRunner$8.evaluate(RandomizedRunner.java:794)
	at org.apache.lucene.util.TestRuleSetupTeardownChained$1.evaluate(TestRuleSetupTeardownChained.java:50)
	at org.apache.lucene.util.TestRuleFieldCacheSanity$1.evaluate(TestRuleFieldCacheSanity.java:51)
	at org.apache.lucene.util.AbstractBeforeAfterRule$1.evaluate(AbstractBeforeAfterRule.java:46)
	at com.carrotsearch.randomizedtesting.rules.SystemPropertiesInvariantRule$1.evaluate(SystemPropertiesInvariantRule.java:55)
	at org.apache.lucene.util.TestRuleThreadAndTestName$1.evaluate(TestRuleThreadAndTestName.java:49)
	at org.apache.lucene.util.TestRuleIgnoreAfterMaxFailures$1.evaluate(TestRuleIgnoreAfterMaxFailures.java:70)
	at org.apache.lucene.util.TestRuleMarkFailure$1.evaluate(TestRuleMarkFailure.java:48)
	at com.carrotsearch.randomizedtesting.rules.StatementAdapter.evaluate(StatementAdapter.java:36)
	at com.carrotsearch.randomizedtesting.ThreadLeakControl$StatementRunner.run(ThreadLeakControl.java:358)
	at com.carrotsearch.randomizedtesting.ThreadLeakControl.forkTimeoutingTask(ThreadLeakControl.java:782)
	at com.carrotsearch.randomizedtesting.ThreadLeakControl$3.evaluate(ThreadLeakControl.java:442)
	at com.carrotsearch.randomizedtesting.RandomizedRunner.runSingleTest(RandomizedRunner.java:745)
	at com.carrotsearch.randomizedtesting.RandomizedRunner$3.evaluate(RandomizedRunner.java:647)
	at com.carrotsearch.randomizedtesting.RandomizedRunner$4.evaluate(RandomizedRunner.java:681)
	at com.carrotsearch.randomizedtesting.RandomizedRunner$5.evaluate(RandomizedRunner.java:692)
	at org.apache.lucene.util.AbstractBeforeAfterRule$1.evaluate(AbstractBeforeAfterRule.java:46)
	at org.apache.lucene.util.TestRuleStoreClassName$1.evaluate(TestRuleStoreClassName.java:42)
	at com.carrotsearch.randomizedtesting.rules.SystemPropertiesInvariantRule$1.evaluate(SystemPropertiesInvariantRule.java:55)
	at com.carrotsearch.randomizedtesting.rules.NoShadowingOrOverridesOnMethodsRule$1.evaluate(NoShadowingOrOverridesOnMethodsRule.java:39)
	at com.carrotsearch.randomizedtesting.rules.NoShadowingOrOverridesOnMethodsRule$1.evaluate(NoShadowingOrOverridesOnMethodsRule.java:39)
	at com.carrotsearch.randomizedtesting.rules.StatementAdapter.evaluate(StatementAdapter.java:36)
	at org.apache.lucene.util.TestRuleAssertionsRequired$1.evaluate(TestRuleAssertionsRequired.java:43)
	at org.apache.lucene.util.TestRuleMarkFailure$1.evaluate(TestRuleMarkFailure.java:48)
	at org.apache.lucene.util.TestRuleIgnoreAfterMaxFailures$1.evaluate(TestRuleIgnoreAfterMaxFailures.java:70)
	at org.apache.lucene.util.TestRuleIgnoreTestSuites$1.evaluate(TestRuleIgnoreTestSuites.java:55)
	at com.carrotsearch.randomizedtesting.rules.StatementAdapter.evaluate(StatementAdapter.java:36)
	at com.carrotsearch.randomizedtesting.ThreadLeakControl$StatementRunner.run(ThreadLeakControl.java:358)
	at java.lang.Thread.run(Thread.java:744)
[2014-02-18 16:14:15,644][WARN ][transport.netty          ] [transport_client_node_2] exception caught on transport layer [[id: 0xf45a4ab0]], closing connection
java.net.BindException: Address already in use
	at sun.nio.ch.Net.connect0(Native Method)
	at sun.nio.ch.Net.connect(Net.java:465)
	at sun.nio.ch.Net.connect(Net.java:457)
	at sun.nio.ch.SocketChannelImpl.connect(SocketChannelImpl.java:666)
	at org.jboss.netty.channel.socket.nio.NioClientSocketPipelineSink.connect(NioClientSocketPipelineSink.java:108)
	at org.jboss.netty.channel.socket.nio.NioClientSocketPipelineSink.eventSunk(NioClientSocketPipelineSink.java:70)
	at org.jboss.netty.channel.Channels.connect(Channels.java:634)
	at org.jboss.netty.channel.AbstractChannel.connect(AbstractChannel.java:207)
	at org.jboss.netty.bootstrap.ClientBootstrap.connect(ClientBootstrap.java:229)
	at org.jboss.netty.bootstrap.ClientBootstrap.connect(ClientBootstrap.java:182)
	at org.elasticsearch.transport.netty.NettyTransport.connectToChannels(NettyTransport.java:705)
	at org.elasticsearch.transport.netty.NettyTransport.connectToNode(NettyTransport.java:647)
	at org.elasticsearch.transport.netty.NettyTransport.connectToNode(NettyTransport.java:615)
	at org.elasticsearch.transport.TransportService.connectToNode(TransportService.java:129)
	at org.elasticsearch.client.transport.TransportClientNodesService$NodeSampler.validateNewNodes(TransportClientNodesService.java:317)
	at org.elasticsearch.client.transport.TransportClientNodesService$SimpleNodeSampler.doSample(TransportClientNodesService.java:389)
	at org.elasticsearch.client.transport.TransportClientNodesService$NodeSampler.sample(TransportClientNodesService.java:301)
	at org.elasticsearch.client.transport.TransportClientNodesService.addTransportAddresses(TransportClientNodesService.java:169)
	at org.elasticsearch.client.transport.TransportClient.addTransportAddress(TransportClient.java:237)
	at org.elasticsearch.test.TestCluster$TransportClientFactory.client(TestCluster.java:636)
	at org.elasticsearch.test.TestCluster$RandomClientFactory.client(TestCluster.java:653)
	at org.elasticsearch.test.TestCluster$NodeAndClient.client(TestCluster.java:526)
	at org.elasticsearch.test.TestCluster.client(TestCluster.java:392)
	at org.elasticsearch.test.ElasticsearchIntegrationTest.client(ElasticsearchIntegrationTest.java:268)
	at org.elasticsearch.test.ElasticsearchIntegrationTest.after(ElasticsearchIntegrationTest.java:234)
	at sun.reflect.GeneratedMethodAccessor40.invoke(Unknown Source)
	at sun.reflect.DelegatingMethodAccessorImpl.invoke(DelegatingMethodAccessorImpl.java:43)
	at java.lang.reflect.Method.invoke(Method.java:606)
	at com.carrotsearch.randomizedtesting.RandomizedRunner.invoke(RandomizedRunner.java:1558)
	at com.carrotsearch.randomizedtesting.RandomizedRunner.access$600(RandomizedRunner.java:79)
	at com.carrotsearch.randomizedtesting.RandomizedRunner$8.evaluate(RandomizedRunner.java:794)
	at org.apache.lucene.util.TestRuleSetupTeardownChained$1.evaluate(TestRuleSetupTeardownChained.java:50)
	at org.apache.lucene.util.TestRuleFieldCacheSanity$1.evaluate(TestRuleFieldCacheSanity.java:51)
	at org.apache.lucene.util.AbstractBeforeAfterRule$1.evaluate(AbstractBeforeAfterRule.java:46)
	at com.carrotsearch.randomizedtesting.rules.SystemPropertiesInvariantRule$1.evaluate(SystemPropertiesInvariantRule.java:55)
	at org.apache.lucene.util.TestRuleThreadAndTestName$1.evaluate(TestRuleThreadAndTestName.java:49)
	at org.apache.lucene.util.TestRuleIgnoreAfterMaxFailures$1.evaluate(TestRuleIgnoreAfterMaxFailures.java:70)
	at org.apache.lucene.util.TestRuleMarkFailure$1.evaluate(TestRuleMarkFailure.java:48)
	at com.carrotsearch.randomizedtesting.rules.StatementAdapter.evaluate(StatementAdapter.java:36)
	at com.carrotsearch.randomizedtesting.ThreadLeakControl$StatementRunner.run(ThreadLeakControl.java:358)
	at com.carrotsearch.randomizedtesting.ThreadLeakControl.forkTimeoutingTask(ThreadLeakControl.java:782)
	at com.carrotsearch.randomizedtesting.ThreadLeakControl$3.evaluate(ThreadLeakControl.java:442)
	at com.carrotsearch.randomizedtesting.RandomizedRunner.runSingleTest(RandomizedRunner.java:745)
	at com.carrotsearch.randomizedtesting.RandomizedRunner$3.evaluate(RandomizedRunner.java:647)
	at com.carrotsearch.randomizedtesting.RandomizedRunner$4.evaluate(RandomizedRunner.java:681)
	at com.carrotsearch.randomizedtesting.RandomizedRunner$5.evaluate(RandomizedRunner.java:692)
	at org.apache.lucene.util.AbstractBeforeAfterRule$1.evaluate(AbstractBeforeAfterRule.java:46)
	at org.apache.lucene.util.TestRuleStoreClassName$1.evaluate(TestRuleStoreClassName.java:42)
	at com.carrotsearch.randomizedtesting.rules.SystemPropertiesInvariantRule$1.evaluate(SystemPropertiesInvariantRule.java:55)
	at com.carrotsearch.randomizedtesting.rules.NoShadowingOrOverridesOnMethodsRule$1.evaluate(NoShadowingOrOverridesOnMethodsRule.java:39)
	at com.carrotsearch.randomizedtesting.rules.NoShadowingOrOverridesOnMethodsRule$1.evaluate(NoShadowingOrOverridesOnMethodsRule.java:39)
	at com.carrotsearch.randomizedtesting.rules.StatementAdapter.evaluate(StatementAdapter.java:36)
	at org.apache.lucene.util.TestRuleAssertionsRequired$1.evaluate(TestRuleAssertionsRequired.java:43)
	at org.apache.lucene.util.TestRuleMarkFailure$1.evaluate(TestRuleMarkFailure.java:48)
	at org.apache.lucene.util.TestRuleIgnoreAfterMaxFailures$1.evaluate(TestRuleIgnoreAfterMaxFailures.java:70)
	at org.apache.lucene.util.TestRuleIgnoreTestSuites$1.evaluate(TestRuleIgnoreTestSuites.java:55)
	at com.carrotsearch.randomizedtesting.rules.StatementAdapter.evaluate(StatementAdapter.java:36)
	at com.carrotsearch.randomizedtesting.ThreadLeakControl$StatementRunner.run(ThreadLeakControl.java:358)
	at java.lang.Thread.run(Thread.java:744)
[2014-02-18 16:14:15,646][WARN ][transport.netty          ] [transport_client_node_2] exception caught on transport layer [[id: 0x70378e4a]], closing connection
java.net.BindException: Address already in use
	at sun.nio.ch.Net.connect0(Native Method)
	at sun.nio.ch.Net.connect(Net.java:465)
	at sun.nio.ch.Net.connect(Net.java:457)
	at sun.nio.ch.SocketChannelImpl.connect(SocketChannelImpl.java:666)
	at org.jboss.netty.channel.socket.nio.NioClientSocketPipelineSink.connect(NioClientSocketPipelineSink.java:108)
	at org.jboss.netty.channel.socket.nio.NioClientSocketPipelineSink.eventSunk(NioClientSocketPipelineSink.java:70)
	at org.jboss.netty.channel.Channels.connect(Channels.java:634)
	at org.jboss.netty.channel.AbstractChannel.connect(AbstractChannel.java:207)
	at org.jboss.netty.bootstrap.ClientBootstrap.connect(ClientBootstrap.java:229)
	at org.jboss.netty.bootstrap.ClientBootstrap.connect(ClientBootstrap.java:182)
	at org.elasticsearch.transport.netty.NettyTransport.connectToChannels(NettyTransport.java:705)
	at org.elasticsearch.transport.netty.NettyTransport.connectToNode(NettyTransport.java:647)
	at org.elasticsearch.transport.netty.NettyTransport.connectToNode(NettyTransport.java:615)
	at org.elasticsearch.transport.TransportService.connectToNode(TransportService.java:129)
	at org.elasticsearch.client.transport.TransportClientNodesService$NodeSampler.validateNewNodes(TransportClientNodesService.java:317)
	at org.elasticsearch.client.transport.TransportClientNodesService$SimpleNodeSampler.doSample(TransportClientNodesService.java:389)
	at org.elasticsearch.client.transport.TransportClientNodesService$NodeSampler.sample(TransportClientNodesService.java:301)
	at org.elasticsearch.client.transport.TransportClientNodesService.addTransportAddresses(TransportClientNodesService.java:169)
	at org.elasticsearch.client.transport.TransportClient.addTransportAddress(TransportClient.java:237)
	at org.elasticsearch.test.TestCluster$TransportClientFactory.client(TestCluster.java:636)
	at org.elasticsearch.test.TestCluster$RandomClientFactory.client(TestCluster.java:653)
	at org.elasticsearch.test.TestCluster$NodeAndClient.client(TestCluster.java:526)
	at org.elasticsearch.test.TestCluster.client(TestCluster.java:392)
	at org.elasticsearch.test.ElasticsearchIntegrationTest.client(ElasticsearchIntegrationTest.java:268)
	at org.elasticsearch.test.ElasticsearchIntegrationTest.after(ElasticsearchIntegrationTest.java:234)
	at sun.reflect.GeneratedMethodAccessor40.invoke(Unknown Source)
	at sun.reflect.DelegatingMethodAccessorImpl.invoke(DelegatingMethodAccessorImpl.java:43)
	at java.lang.reflect.Method.invoke(Method.java:606)
	at com.carrotsearch.randomizedtesting.RandomizedRunner.invoke(RandomizedRunner.java:1558)
	at com.carrotsearch.randomizedtesting.RandomizedRunner.access$600(RandomizedRunner.java:79)
	at com.carrotsearch.randomizedtesting.RandomizedRunner$8.evaluate(RandomizedRunner.java:794)
	at org.apache.lucene.util.TestRuleSetupTeardownChained$1.evaluate(TestRuleSetupTeardownChained.java:50)
	at org.apache.lucene.util.TestRuleFieldCacheSanity$1.evaluate(TestRuleFieldCacheSanity.java:51)
	at org.apache.lucene.util.AbstractBeforeAfterRule$1.evaluate(AbstractBeforeAfterRule.java:46)
	at com.carrotsearch.randomizedtesting.rules.SystemPropertiesInvariantRule$1.evaluate(SystemPropertiesInvariantRule.java:55)
	at org.apache.lucene.util.TestRuleThreadAndTestName$1.evaluate(TestRuleThreadAndTestName.java:49)
	at org.apache.lucene.util.TestRuleIgnoreAfterMaxFailures$1.evaluate(TestRuleIgnoreAfterMaxFailures.java:70)
	at org.apache.lucene.util.TestRuleMarkFailure$1.evaluate(TestRuleMarkFailure.java:48)
	at com.carrotsearch.randomizedtesting.rules.StatementAdapter.evaluate(StatementAdapter.java:36)
	at com.carrotsearch.randomizedtesting.ThreadLeakControl$StatementRunner.run(ThreadLeakControl.java:358)
	at com.carrotsearch.randomizedtesting.ThreadLeakControl.forkTimeoutingTask(ThreadLeakControl.java:782)
	at com.carrotsearch.randomizedtesting.ThreadLeakControl$3.evaluate(ThreadLeakControl.java:442)
	at com.carrotsearch.randomizedtesting.RandomizedRunner.runSingleTest(RandomizedRunner.java:745)
	at com.carrotsearch.randomizedtesting.RandomizedRunner$3.evaluate(RandomizedRunner.java:647)
	at com.carrotsearch.randomizedtesting.RandomizedRunner$4.evaluate(RandomizedRunner.java:681)
	at com.carrotsearch.randomizedtesting.RandomizedRunner$5.evaluate(RandomizedRunner.java:692)
	at org.apache.lucene.util.AbstractBeforeAfterRule$1.evaluate(AbstractBeforeAfterRule.java:46)
	at org.apache.lucene.util.TestRuleStoreClassName$1.evaluate(TestRuleStoreClassName.java:42)
	at com.carrotsearch.randomizedtesting.rules.SystemPropertiesInvariantRule$1.evaluate(SystemPropertiesInvariantRule.java:55)
	at com.carrotsearch.randomizedtesting.rules.NoShadowingOrOverridesOnMethodsRule$1.evaluate(NoShadowingOrOverridesOnMethodsRule.java:39)
	at com.carrotsearch.randomizedtesting.rules.NoShadowingOrOverridesOnMethodsRule$1.evaluate(NoShadowingOrOverridesOnMethodsRule.java:39)
	at com.carrotsearch.randomizedtesting.rules.StatementAdapter.evaluate(StatementAdapter.java:36)
	at org.apache.lucene.util.TestRuleAssertionsRequired$1.evaluate(TestRuleAssertionsRequired.java:43)
	at org.apache.lucene.util.TestRuleMarkFailure$1.evaluate(TestRuleMarkFailure.java:48)
	at org.apache.lucene.util.TestRuleIgnoreAfterMaxFailures$1.evaluate(TestRuleIgnoreAfterMaxFailures.java:70)
	at org.apache.lucene.util.TestRuleIgnoreTestSuites$1.evaluate(TestRuleIgnoreTestSuites.java:55)
	at com.carrotsearch.randomizedtesting.rules.StatementAdapter.evaluate(StatementAdapter.java:36)
	at com.carrotsearch.randomizedtesting.ThreadLeakControl$StatementRunner.run(ThreadLeakControl.java:358)
	at java.lang.Thread.run(Thread.java:744)
[2014-02-18 16:14:15,652][WARN ][transport.netty          ] [transport_client_node_2] exception caught on transport layer [[id: 0xbc48d63a]], closing connection
java.net.BindException: Address already in use
	at sun.nio.ch.Net.connect0(Native Method)
	at sun.nio.ch.Net.connect(Net.java:465)
	at sun.nio.ch.Net.connect(Net.java:457)
	at sun.nio.ch.SocketChannelImpl.connect(SocketChannelImpl.java:666)
	at org.jboss.netty.channel.socket.nio.NioClientSocketPipelineSink.connect(NioClientSocketPipelineSink.java:108)
	at org.jboss.netty.channel.socket.nio.NioClientSocketPipelineSink.eventSunk(NioClientSocketPipelineSink.java:70)
	at org.jboss.netty.channel.Channels.connect(Channels.java:634)
	at org.jboss.netty.channel.AbstractChannel.connect(AbstractChannel.java:207)
	at org.jboss.netty.bootstrap.ClientBootstrap.connect(ClientBootstrap.java:229)
	at org.jboss.netty.bootstrap.ClientBootstrap.connect(ClientBootstrap.java:182)
	at org.elasticsearch.transport.netty.NettyTransport.connectToChannels(NettyTransport.java:708)
	at org.elasticsearch.transport.netty.NettyTransport.connectToNode(NettyTransport.java:647)
	at org.elasticsearch.transport.netty.NettyTransport.connectToNode(NettyTransport.java:615)
	at org.elasticsearch.transport.TransportService.connectToNode(TransportService.java:129)
	at org.elasticsearch.client.transport.TransportClientNodesService$NodeSampler.validateNewNodes(TransportClientNodesService.java:317)
	at org.elasticsearch.client.transport.TransportClientNodesService$SimpleNodeSampler.doSample(TransportClientNodesService.java:389)
	at org.elasticsearch.client.transport.TransportClientNodesService$NodeSampler.sample(TransportClientNodesService.java:301)
	at org.elasticsearch.client.transport.TransportClientNodesService.addTransportAddresses(TransportClientNodesService.java:169)
	at org.elasticsearch.client.transport.TransportClient.addTransportAddress(TransportClient.java:237)
	at org.elasticsearch.test.TestCluster$TransportClientFactory.client(TestCluster.java:636)
	at org.elasticsearch.test.TestCluster$RandomClientFactory.client(TestCluster.java:653)
	at org.elasticsearch.test.TestCluster$NodeAndClient.client(TestCluster.java:526)
	at org.elasticsearch.test.TestCluster.client(TestCluster.java:392)
	at org.elasticsearch.test.ElasticsearchIntegrationTest.client(ElasticsearchIntegrationTest.java:268)
	at org.elasticsearch.test.ElasticsearchIntegrationTest.after(ElasticsearchIntegrationTest.java:234)
	at sun.reflect.GeneratedMethodAccessor40.invoke(Unknown Source)
	at sun.reflect.DelegatingMethodAccessorImpl.invoke(DelegatingMethodAccessorImpl.java:43)
	at java.lang.reflect.Method.invoke(Method.java:606)
	at com.carrotsearch.randomizedtesting.RandomizedRunner.invoke(RandomizedRunner.java:1558)
	at com.carrotsearch.randomizedtesting.RandomizedRunner.access$600(RandomizedRunner.java:79)
	at com.carrotsearch.randomizedtesting.RandomizedRunner$8.evaluate(RandomizedRunner.java:794)
	at org.apache.lucene.util.TestRuleSetupTeardownChained$1.evaluate(TestRuleSetupTeardownChained.java:50)
	at org.apache.lucene.util.TestRuleFieldCacheSanity$1.evaluate(TestRuleFieldCacheSanity.java:51)
	at org.apache.lucene.util.AbstractBeforeAfterRule$1.evaluate(AbstractBeforeAfterRule.java:46)
	at com.carrotsearch.randomizedtesting.rules.SystemPropertiesInvariantRule$1.evaluate(SystemPropertiesInvariantRule.java:55)
	at org.apache.lucene.util.TestRuleThreadAndTestName$1.evaluate(TestRuleThreadAndTestName.java:49)
	at org.apache.lucene.util.TestRuleIgnoreAfterMaxFailures$1.evaluate(TestRuleIgnoreAfterMaxFailures.java:70)
	at org.apache.lucene.util.TestRuleMarkFailure$1.evaluate(TestRuleMarkFailure.java:48)
	at com.carrotsearch.randomizedtesting.rules.StatementAdapter.evaluate(StatementAdapter.java:36)
	at com.carrotsearch.randomizedtesting.ThreadLeakControl$StatementRunner.run(ThreadLeakControl.java:358)
	at com.carrotsearch.randomizedtesting.ThreadLeakControl.forkTimeoutingTask(ThreadLeakControl.java:782)
	at com.carrotsearch.randomizedtesting.ThreadLeakControl$3.evaluate(ThreadLeakControl.java:442)
	at com.carrotsearch.randomizedtesting.RandomizedRunner.runSingleTest(RandomizedRunner.java:745)
	at com.carrotsearch.randomizedtesting.RandomizedRunner$3.evaluate(RandomizedRunner.java:647)
	at com.carrotsearch.randomizedtesting.RandomizedRunner$4.evaluate(RandomizedRunner.java:681)
	at com.carrotsearch.randomizedtesting.RandomizedRunner$5.evaluate(RandomizedRunner.java:692)
	at org.apache.lucene.util.AbstractBeforeAfterRule$1.evaluate(AbstractBeforeAfterRule.java:46)
	at org.apache.lucene.util.TestRuleStoreClassName$1.evaluate(TestRuleStoreClassName.java:42)
	at com.carrotsearch.randomizedtesting.rules.SystemPropertiesInvariantRule$1.evaluate(SystemPropertiesInvariantRule.java:55)
	at com.carrotsearch.randomizedtesting.rules.NoShadowingOrOverridesOnMethodsRule$1.evaluate(NoShadowingOrOverridesOnMethodsRule.java:39)
	at com.carrotsearch.randomizedtesting.rules.NoShadowingOrOverridesOnMethodsRule$1.evaluate(NoShadowingOrOverridesOnMethodsRule.java:39)
	at com.carrotsearch.randomizedtesting.rules.StatementAdapter.evaluate(StatementAdapter.java:36)
	at org.apache.lucene.util.TestRuleAssertionsRequired$1.evaluate(TestRuleAssertionsRequired.java:43)
	at org.apache.lucene.util.TestRuleMarkFailure$1.evaluate(TestRuleMarkFailure.java:48)
	at org.apache.lucene.util.TestRuleIgnoreAfterMaxFailures$1.evaluate(TestRuleIgnoreAfterMaxFailures.java:70)
	at org.apache.lucene.util.TestRuleIgnoreTestSuites$1.evaluate(TestRuleIgnoreTestSuites.java:55)
	at com.carrotsearch.randomizedtesting.rules.StatementAdapter.evaluate(StatementAdapter.java:36)
	at com.carrotsearch.randomizedtesting.ThreadLeakControl$StatementRunner.run(ThreadLeakControl.java:358)
	at java.lang.Thread.run(Thread.java:744)
[2014-02-18 16:14:15,654][WARN ][transport.netty          ] [transport_client_node_2] exception caught on transport layer [[id: 0x99a63162]], closing connection
java.net.BindException: Address already in use
	at sun.nio.ch.Net.connect0(Native Method)
	at sun.nio.ch.Net.connect(Net.java:465)
	at sun.nio.ch.Net.connect(Net.java:457)
	at sun.nio.ch.SocketChannelImpl.connect(SocketChannelImpl.java:666)
	at org.jboss.netty.channel.socket.nio.NioClientSocketPipelineSink.connect(NioClientSocketPipelineSink.java:108)
	at org.jboss.netty.channel.socket.nio.NioClientSocketPipelineSink.eventSunk(NioClientSocketPipelineSink.java:70)
	at org.jboss.netty.channel.Channels.connect(Channels.java:634)
	at org.jboss.netty.channel.AbstractChannel.connect(AbstractChannel.java:207)
	at org.jboss.netty.bootstrap.ClientBootstrap.connect(ClientBootstrap.java:229)
	at org.jboss.netty.bootstrap.ClientBootstrap.connect(ClientBootstrap.java:182)
	at org.elasticsearch.transport.netty.NettyTransport.connectToChannels(NettyTransport.java:711)
	at org.elasticsearch.transport.netty.NettyTransport.connectToNode(NettyTransport.java:647)
	at org.elasticsearch.transport.netty.NettyTransport.connectToNode(NettyTransport.java:615)
	at org.elasticsearch.transport.TransportService.connectToNode(TransportService.java:129)
	at org.elasticsearch.client.transport.TransportClientNodesService$NodeSampler.validateNewNodes(TransportClientNodesService.java:317)
	at org.elasticsearch.client.transport.TransportClientNodesService$SimpleNodeSampler.doSample(TransportClientNodesService.java:389)
	at org.elasticsearch.client.transport.TransportClientNodesService$NodeSampler.sample(TransportClientNodesService.java:301)
	at org.elasticsearch.client.transport.TransportClientNodesService.addTransportAddresses(TransportClientNodesService.java:169)
	at org.elasticsearch.client.transport.TransportClient.addTransportAddress(TransportClient.java:237)
	at org.elasticsearch.test.TestCluster$TransportClientFactory.client(TestCluster.java:636)
	at org.elasticsearch.test.TestCluster$RandomClientFactory.client(TestCluster.java:653)
	at org.elasticsearch.test.TestCluster$NodeAndClient.client(TestCluster.java:526)
	at org.elasticsearch.test.TestCluster.client(TestCluster.java:392)
	at org.elasticsearch.test.ElasticsearchIntegrationTest.client(ElasticsearchIntegrationTest.java:268)
	at org.elasticsearch.test.ElasticsearchIntegrationTest.after(ElasticsearchIntegrationTest.java:234)
	at sun.reflect.GeneratedMethodAccessor40.invoke(Unknown Source)
	at sun.reflect.DelegatingMethodAccessorImpl.invoke(DelegatingMethodAccessorImpl.java:43)
	at java.lang.reflect.Method.invoke(Method.java:606)
	at com.carrotsearch.randomizedtesting.RandomizedRunner.invoke(RandomizedRunner.java:1558)
	at com.carrotsearch.randomizedtesting.RandomizedRunner.access$600(RandomizedRunner.java:79)
	at com.carrotsearch.randomizedtesting.RandomizedRunner$8.evaluate(RandomizedRunner.java:794)
	at org.apache.lucene.util.TestRuleSetupTeardownChained$1.evaluate(TestRuleSetupTeardownChained.java:50)
	at org.apache.lucene.util.TestRuleFieldCacheSanity$1.evaluate(TestRuleFieldCacheSanity.java:51)
	at org.apache.lucene.util.AbstractBeforeAfterRule$1.evaluate(AbstractBeforeAfterRule.java:46)
	at com.carrotsearch.randomizedtesting.rules.SystemPropertiesInvariantRule$1.evaluate(SystemPropertiesInvariantRule.java:55)
	at org.apache.lucene.util.TestRuleThreadAndTestName$1.evaluate(TestRuleThreadAndTestName.java:49)
	at org.apache.lucene.util.TestRuleIgnoreAfterMaxFailures$1.evaluate(TestRuleIgnoreAfterMaxFailures.java:70)
	at org.apache.lucene.util.TestRuleMarkFailure$1.evaluate(TestRuleMarkFailure.java:48)
	at com.carrotsearch.randomizedtesting.rules.StatementAdapter.evaluate(StatementAdapter.java:36)
	at com.carrotsearch.randomizedtesting.ThreadLeakControl$StatementRunner.run(ThreadLeakControl.java:358)
	at com.carrotsearch.randomizedtesting.ThreadLeakControl.forkTimeoutingTask(ThreadLeakControl.java:782)
	at com.carrotsearch.randomizedtesting.ThreadLeakControl$3.evaluate(ThreadLeakControl.java:442)
	at com.carrotsearch.randomizedtesting.RandomizedRunner.runSingleTest(RandomizedRunner.java:745)
	at com.carrotsearch.randomizedtesting.RandomizedRunner$3.evaluate(RandomizedRunner.java:647)
	at com.carrotsearch.randomizedtesting.RandomizedRunner$4.evaluate(RandomizedRunner.java:681)
	at com.carrotsearch.randomizedtesting.RandomizedRunner$5.evaluate(RandomizedRunner.java:692)
	at org.apache.lucene.util.AbstractBeforeAfterRule$1.evaluate(AbstractBeforeAfterRule.java:46)
	at org.apache.lucene.util.TestRuleStoreClassName$1.evaluate(TestRuleStoreClassName.java:42)
	at com.carrotsearch.randomizedtesting.rules.SystemPropertiesInvariantRule$1.evaluate(SystemPropertiesInvariantRule.java:55)
	at com.carrotsearch.randomizedtesting.rules.NoShadowingOrOverridesOnMethodsRule$1.evaluate(NoShadowingOrOverridesOnMethodsRule.java:39)
	at com.carrotsearch.randomizedtesting.rules.NoShadowingOrOverridesOnMethodsRule$1.evaluate(NoShadowingOrOverridesOnMethodsRule.java:39)
	at com.carrotsearch.randomizedtesting.rules.StatementAdapter.evaluate(StatementAdapter.java:36)
	at org.apache.lucene.util.TestRuleAssertionsRequired$1.evaluate(TestRuleAssertionsRequired.java:43)
	at org.apache.lucene.util.TestRuleMarkFailure$1.evaluate(TestRuleMarkFailure.java:48)
	at org.apache.lucene.util.TestRuleIgnoreAfterMaxFailures$1.evaluate(TestRuleIgnoreAfterMaxFailures.java:70)
	at org.apache.lucene.util.TestRuleIgnoreTestSuites$1.evaluate(TestRuleIgnoreTestSuites.java:55)
	at com.carrotsearch.randomizedtesting.rules.StatementAdapter.evaluate(StatementAdapter.java:36)
	at com.carrotsearch.randomizedtesting.ThreadLeakControl$StatementRunner.run(ThreadLeakControl.java:358)
	at java.lang.Thread.run(Thread.java:744)
[2014-02-18 16:14:15,662][ERROR][test                     ] FAILURE  : testMoreDocs(org.elasticsearch.search.rescore.QueryRescorerTests)
REPRODUCE WITH  : mvn test -Dtests.seed=A89B4FF56754358E -Dtests.class=org.elasticsearch.search.rescore.QueryRescorerTests -Dtests.method=testMoreDocs -Dtests.prefix=tests -Dfile.encoding=UTF-8 -Duser.timezone=US/Pacific -Des.logger.level=INFO -Dtests.cluster_seed=135419AB38A95790
Throwable:
org.elasticsearch.client.transport.NoNodeAvailableException: No node available
    org.elasticsearch.client.transport.TransportClientNodesService.execute(TransportClientNodesService.java:219)
    org.elasticsearch.client.transport.support.InternalTransportIndicesAdminClient.execute(InternalTransportIndicesAdminClient.java:85)
    org.elasticsearch.client.support.AbstractIndicesAdminClient.delete(AbstractIndicesAdminClient.java:265)
    org.elasticsearch.action.admin.indices.delete.DeleteIndexRequestBuilder.doExecute(DeleteIndexRequestBuilder.java:68)
    org.elasticsearch.action.ActionRequestBuilder.execute(ActionRequestBuilder.java:85)
    org.elasticsearch.action.ActionRequestBuilder.execute(ActionRequestBuilder.java:59)
    org.elasticsearch.action.ActionRequestBuilder.get(ActionRequestBuilder.java:67)
    org.elasticsearch.test.hamcrest.ElasticsearchAssertions.assertAcked(ElasticsearchAssertions.java:79)
    org.elasticsearch.test.ElasticsearchIntegrationTest.wipeIndices(ElasticsearchIntegrationTest.java:340)
    org.elasticsearch.test.ElasticsearchIntegrationTest.before(ElasticsearchIntegrationTest.java:192)
    [...sun.*, com.carrotsearch.randomizedtesting.*, java.lang.reflect.*]
    org.apache.lucene.util.TestRuleSetupTeardownChained$1.evaluate(TestRuleSetupTeardownChained.java:50)
    org.apache.lucene.util.TestRuleFieldCacheSanity$1.evaluate(TestRuleFieldCacheSanity.java:51)
    org.apache.lucene.util.AbstractBeforeAfterRule$1.evaluate(AbstractBeforeAfterRule.java:46)
    [...com.carrotsearch.randomizedtesting.*]
    org.apache.lucene.util.TestRuleThreadAndTestName$1.evaluate(TestRuleThreadAndTestName.java:49)
    org.apache.lucene.util.TestRuleIgnoreAfterMaxFailures$1.evaluate(TestRuleIgnoreAfterMaxFailures.java:70)
    org.apache.lucene.util.TestRuleMarkFailure$1.evaluate(TestRuleMarkFailure.java:48)
    [...com.carrotsearch.randomizedtesting.*]
    org.apache.lucene.util.AbstractBeforeAfterRule$1.evaluate(AbstractBeforeAfterRule.java:46)
    org.apache.lucene.util.TestRuleStoreClassName$1.evaluate(TestRuleStoreClassName.java:42)
    [...com.carrotsearch.randomizedtesting.*]
    org.apache.lucene.util.TestRuleAssertionsRequired$1.evaluate(TestRuleAssertionsRequired.java:43)
    org.apache.lucene.util.TestRuleMarkFailure$1.evaluate(TestRuleMarkFailure.java:48)
    org.apache.lucene.util.TestRuleIgnoreAfterMaxFailures$1.evaluate(TestRuleIgnoreAfterMaxFailures.java:70)
    org.apache.lucene.util.TestRuleIgnoreTestSuites$1.evaluate(TestRuleIgnoreTestSuites.java:55)
    [...com.carrotsearch.randomizedtesting.*]
    java.lang.Thread.run(Thread.java:744)

[2014-02-18 16:14:15,666][ERROR][test                     ] FAILURE  : testMoreDocs(org.elasticsearch.search.rescore.QueryRescorerTests)
REPRODUCE WITH  : mvn test -Dtests.seed=A89B4FF56754358E -Dtests.class=org.elasticsearch.search.rescore.QueryRescorerTests -Dtests.method=testMoreDocs -Dtests.prefix=tests -Dfile.encoding=UTF-8 -Duser.timezone=US/Pacific -Des.logger.level=INFO -Dtests.cluster_seed=135419AB38A95790
Throwable:
org.elasticsearch.client.transport.NoNodeAvailableException: No node available
    org.elasticsearch.client.transport.TransportClientNodesService.execute(TransportClientNodesService.java:219)
    org.elasticsearch.client.transport.support.InternalTransportClusterAdminClient.execute(InternalTransportClusterAdminClient.java:85)
    org.elasticsearch.client.support.AbstractClusterAdminClient.state(AbstractClusterAdminClient.java:134)
    org.elasticsearch.action.admin.cluster.state.ClusterStateRequestBuilder.doExecute(ClusterStateRequestBuilder.java:100)
    org.elasticsearch.action.ActionRequestBuilder.execute(ActionRequestBuilder.java:85)
    org.elasticsearch.action.ActionRequestBuilder.execute(ActionRequestBuilder.java:59)
    org.elasticsearch.test.ElasticsearchIntegrationTest.after(ElasticsearchIntegrationTest.java:234)
    [...sun.*, com.carrotsearch.randomizedtesting.*, java.lang.reflect.*]
    org.apache.lucene.util.TestRuleSetupTeardownChained$1.evaluate(TestRuleSetupTeardownChained.java:50)
    org.apache.lucene.util.TestRuleFieldCacheSanity$1.evaluate(TestRuleFieldCacheSanity.java:51)
    org.apache.lucene.util.AbstractBeforeAfterRule$1.evaluate(AbstractBeforeAfterRule.java:46)
    [...com.carrotsearch.randomizedtesting.*]
    org.apache.lucene.util.TestRuleThreadAndTestName$1.evaluate(TestRuleThreadAndTestName.java:49)
    org.apache.lucene.util.TestRuleIgnoreAfterMaxFailures$1.evaluate(TestRuleIgnoreAfterMaxFailures.java:70)
    org.apache.lucene.util.TestRuleMarkFailure$1.evaluate(TestRuleMarkFailure.java:48)
    [...com.carrotsearch.randomizedtesting.*]
    org.apache.lucene.util.AbstractBeforeAfterRule$1.evaluate(AbstractBeforeAfterRule.java:46)
    org.apache.lucene.util.TestRuleStoreClassName$1.evaluate(TestRuleStoreClassName.java:42)
    [...com.carrotsearch.randomizedtesting.*]
    org.apache.lucene.util.TestRuleAssertionsRequired$1.evaluate(TestRuleAssertionsRequired.java:43)
    org.apache.lucene.util.TestRuleMarkFailure$1.evaluate(TestRuleMarkFailure.java:48)
    org.apache.lucene.util.TestRuleIgnoreAfterMaxFailures$1.evaluate(TestRuleIgnoreAfterMaxFailures.java:70)
    org.apache.lucene.util.TestRuleIgnoreTestSuites$1.evaluate(TestRuleIgnoreTestSuites.java:55)
    [...com.carrotsearch.randomizedtesting.*]
    java.lang.Thread.run(Thread.java:744)

[2014-02-18 16:14:15,668][INFO ][test                     ] Test testMoreDocs(org.elasticsearch.search.rescore.QueryRescorerTests) finished
[2014-02-18 16:14:15,669][INFO ][test                     ] Test testRescorePhrase(org.elasticsearch.search.rescore.QueryRescorerTests) started
[2014-02-18 16:14:15,672][INFO ][plugins                  ] [transport_client_node_2] loaded [], sites []
[2014-02-18 16:14:15,684][WARN ][transport.netty          ] [transport_client_node_2] exception caught on transport layer [[id: 0xbeeb33fb]], closing connection
java.net.BindException: Address already in use
	at sun.nio.ch.Net.connect0(Native Method)
	at sun.nio.ch.Net.connect(Net.java:465)
	at sun.nio.ch.Net.connect(Net.java:457)
	at sun.nio.ch.SocketChannelImpl.connect(SocketChannelImpl.java:666)
	at org.jboss.netty.channel.socket.nio.NioClientSocketPipelineSink.connect(NioClientSocketPipelineSink.java:108)
	at org.jboss.netty.channel.socket.nio.NioClientSocketPipelineSink.eventSunk(NioClientSocketPipelineSink.java:70)
	at org.jboss.netty.channel.Channels.connect(Channels.java:634)
	at org.jboss.netty.channel.AbstractChannel.connect(AbstractChannel.java:207)
	at org.jboss.netty.bootstrap.ClientBootstrap.connect(ClientBootstrap.java:229)
	at org.jboss.netty.bootstrap.ClientBootstrap.connect(ClientBootstrap.java:182)
	at org.elasticsearch.transport.netty.NettyTransport.connectToChannelsLight(NettyTransport.java:680)
	at org.elasticsearch.transport.netty.NettyTransport.connectToNode(NettyTransport.java:643)
	at org.elasticsearch.transport.netty.NettyTransport.connectToNodeLight(NettyTransport.java:610)
	at org.elasticsearch.transport.TransportService.connectToNodeLight(TransportService.java:133)
	at org.elasticsearch.client.transport.TransportClientNodesService$SimpleNodeSampler.doSample(TransportClientNodesService.java:355)
	at org.elasticsearch.client.transport.TransportClientNodesService$NodeSampler.sample(TransportClientNodesService.java:301)
	at org.elasticsearch.client.transport.TransportClientNodesService.addTransportAddresses(TransportClientNodesService.java:169)
	at org.elasticsearch.client.transport.TransportClient.addTransportAddress(TransportClient.java:237)
	at org.elasticsearch.test.TestCluster$TransportClientFactory.client(TestCluster.java:636)
	at org.elasticsearch.test.TestCluster$RandomClientFactory.client(TestCluster.java:653)
	at org.elasticsearch.test.TestCluster$NodeAndClient.client(TestCluster.java:526)
	at org.elasticsearch.test.TestCluster.client(TestCluster.java:392)
	at org.elasticsearch.test.ElasticsearchIntegrationTest.client(ElasticsearchIntegrationTest.java:268)
	at org.elasticsearch.test.ElasticsearchIntegrationTest.wipeIndices(ElasticsearchIntegrationTest.java:340)
	at org.elasticsearch.test.ElasticsearchIntegrationTest.before(ElasticsearchIntegrationTest.java:192)
	at sun.reflect.GeneratedMethodAccessor39.invoke(Unknown Source)
	at sun.reflect.DelegatingMethodAccessorImpl.invoke(DelegatingMethodAccessorImpl.java:43)
	at java.lang.reflect.Method.invoke(Method.java:606)
	at com.carrotsearch.randomizedtesting.RandomizedRunner.invoke(RandomizedRunner.java:1558)
	at com.carrotsearch.randomizedtesting.RandomizedRunner.access$600(RandomizedRunner.java:79)
	at com.carrotsearch.randomizedtesting.RandomizedRunner$7.evaluate(RandomizedRunner.java:770)
	at com.carrotsearch.randomizedtesting.RandomizedRunner$8.evaluate(RandomizedRunner.java:786)
	at org.apache.lucene.util.TestRuleSetupTeardownChained$1.evaluate(TestRuleSetupTeardownChained.java:50)
	at org.apache.lucene.util.TestRuleFieldCacheSanity$1.evaluate(TestRuleFieldCacheSanity.java:51)
	at org.apache.lucene.util.AbstractBeforeAfterRule$1.evaluate(AbstractBeforeAfterRule.java:46)
	at com.carrotsearch.randomizedtesting.rules.SystemPropertiesInvariantRule$1.evaluate(SystemPropertiesInvariantRule.java:55)
	at org.apache.lucene.util.TestRuleThreadAndTestName$1.evaluate(TestRuleThreadAndTestName.java:49)
	at org.apache.lucene.util.TestRuleIgnoreAfterMaxFailures$1.evaluate(TestRuleIgnoreAfterMaxFailures.java:70)
	at org.apache.lucene.util.TestRuleMarkFailure$1.evaluate(TestRuleMarkFailure.java:48)
	at com.carrotsearch.randomizedtesting.rules.StatementAdapter.evaluate(StatementAdapter.java:36)
	at com.carrotsearch.randomizedtesting.ThreadLeakControl$StatementRunner.run(ThreadLeakControl.java:358)
	at com.carrotsearch.randomizedtesting.ThreadLeakControl.forkTimeoutingTask(ThreadLeakControl.java:782)
	at com.carrotsearch.randomizedtesting.ThreadLeakControl$3.evaluate(ThreadLeakControl.java:442)
	at com.carrotsearch.randomizedtesting.RandomizedRunner.runSingleTest(RandomizedRunner.java:745)
	at com.carrotsearch.randomizedtesting.RandomizedRunner$3.evaluate(RandomizedRunner.java:647)
	at com.carrotsearch.randomizedtesting.RandomizedRunner$4.evaluate(RandomizedRunner.java:681)
	at com.carrotsearch.randomizedtesting.RandomizedRunner$5.evaluate(RandomizedRunner.java:692)
	at org.apache.lucene.util.AbstractBeforeAfterRule$1.evaluate(AbstractBeforeAfterRule.java:46)
	at org.apache.lucene.util.TestRuleStoreClassName$1.evaluate(TestRuleStoreClassName.java:42)
	at com.carrotsearch.randomizedtesting.rules.SystemPropertiesInvariantRule$1.evaluate(SystemPropertiesInvariantRule.java:55)
	at com.carrotsearch.randomizedtesting.rules.NoShadowingOrOverridesOnMethodsRule$1.evaluate(NoShadowingOrOverridesOnMethodsRule.java:39)
	at com.carrotsearch.randomizedtesting.rules.NoShadowingOrOverridesOnMethodsRule$1.evaluate(NoShadowingOrOverridesOnMethodsRule.java:39)
	at com.carrotsearch.randomizedtesting.rules.StatementAdapter.evaluate(StatementAdapter.java:36)
	at org.apache.lucene.util.TestRuleAssertionsRequired$1.evaluate(TestRuleAssertionsRequired.java:43)
	at org.apache.lucene.util.TestRuleMarkFailure$1.evaluate(TestRuleMarkFailure.java:48)
	at org.apache.lucene.util.TestRuleIgnoreAfterMaxFailures$1.evaluate(TestRuleIgnoreAfterMaxFailures.java:70)
	at org.apache.lucene.util.TestRuleIgnoreTestSuites$1.evaluate(TestRuleIgnoreTestSuites.java:55)
	at com.carrotsearch.randomizedtesting.rules.StatementAdapter.evaluate(StatementAdapter.java:36)
	at com.carrotsearch.randomizedtesting.ThreadLeakControl$StatementRunner.run(ThreadLeakControl.java:358)
	at java.lang.Thread.run(Thread.java:744)
[2014-02-18 16:14:15,686][INFO ][search.rescore           ] [QueryRescorerTests#testRescorePhrase]: cleaning up after test
[2014-02-18 16:14:15,690][ERROR][test                     ] FAILURE  : testRescorePhrase(org.elasticsearch.search.rescore.QueryRescorerTests)
REPRODUCE WITH  : mvn test -Dtests.seed=A89B4FF56754358E -Dtests.class=org.elasticsearch.search.rescore.QueryRescorerTests -Dtests.method=testRescorePhrase -Dtests.prefix=tests -Dfile.encoding=UTF-8 -Duser.timezone=US/Pacific -Des.logger.level=INFO -Dtests.cluster_seed=135419AB38A95790
Throwable:
org.elasticsearch.client.transport.NoNodeAvailableException: No node available
    org.elasticsearch.client.transport.TransportClientNodesService.execute(TransportClientNodesService.java:219)
    org.elasticsearch.client.transport.support.InternalTransportIndicesAdminClient.execute(InternalTransportIndicesAdminClient.java:85)
    org.elasticsearch.client.support.AbstractIndicesAdminClient.delete(AbstractIndicesAdminClient.java:265)
    org.elasticsearch.action.admin.indices.delete.DeleteIndexRequestBuilder.doExecute(DeleteIndexRequestBuilder.java:68)
    org.elasticsearch.action.ActionRequestBuilder.execute(ActionRequestBuilder.java:85)
    org.elasticsearch.action.ActionRequestBuilder.execute(ActionRequestBuilder.java:59)
    org.elasticsearch.action.ActionRequestBuilder.get(ActionRequestBuilder.java:67)
    org.elasticsearch.test.hamcrest.ElasticsearchAssertions.assertAcked(ElasticsearchAssertions.java:79)
    org.elasticsearch.test.ElasticsearchIntegrationTest.wipeIndices(ElasticsearchIntegrationTest.java:340)
    org.elasticsearch.test.ElasticsearchIntegrationTest.before(ElasticsearchIntegrationTest.java:192)
    [...sun.*, com.carrotsearch.randomizedtesting.*, java.lang.reflect.*]
    org.apache.lucene.util.TestRuleSetupTeardownChained$1.evaluate(TestRuleSetupTeardownChained.java:50)
    org.apache.lucene.util.TestRuleFieldCacheSanity$1.evaluate(TestRuleFieldCacheSanity.java:51)
    org.apache.lucene.util.AbstractBeforeAfterRule$1.evaluate(AbstractBeforeAfterRule.java:46)
    [...com.carrotsearch.randomizedtesting.*]
    org.apache.lucene.util.TestRuleThreadAndTestName$1.evaluate(TestRuleThreadAndTestName.java:49)
    org.apache.lucene.util.TestRuleIgnoreAfterMaxFailures$1.evaluate(TestRuleIgnoreAfterMaxFailures.java:70)
    org.apache.lucene.util.TestRuleMarkFailure$1.evaluate(TestRuleMarkFailure.java:48)
    [...com.carrotsearch.randomizedtesting.*]
    org.apache.lucene.util.AbstractBeforeAfterRule$1.evaluate(AbstractBeforeAfterRule.java:46)
    org.apache.lucene.util.TestRuleStoreClassName$1.evaluate(TestRuleStoreClassName.java:42)
    [...com.carrotsearch.randomizedtesting.*]
    org.apache.lucene.util.TestRuleAssertionsRequired$1.evaluate(TestRuleAssertionsRequired.java:43)
    org.apache.lucene.util.TestRuleMarkFailure$1.evaluate(TestRuleMarkFailure.java:48)
    org.apache.lucene.util.TestRuleIgnoreAfterMaxFailures$1.evaluate(TestRuleIgnoreAfterMaxFailures.java:70)
    org.apache.lucene.util.TestRuleIgnoreTestSuites$1.evaluate(TestRuleIgnoreTestSuites.java:55)
    [...com.carrotsearch.randomizedtesting.*]
    java.lang.Thread.run(Thread.java:744)

[2014-02-18 16:14:15,694][ERROR][test                     ] FAILURE  : testRescorePhrase(org.elasticsearch.search.rescore.QueryRescorerTests)
REPRODUCE WITH  : mvn test -Dtests.seed=A89B4FF56754358E -Dtests.class=org.elasticsearch.search.rescore.QueryRescorerTests -Dtests.method=testRescorePhrase -Dtests.prefix=tests -Dfile.encoding=UTF-8 -Duser.timezone=US/Pacific -Des.logger.level=INFO -Dtests.cluster_seed=135419AB38A95790
Throwable:
org.elasticsearch.client.transport.NoNodeAvailableException: No node available
    org.elasticsearch.client.transport.TransportClientNodesService.execute(TransportClientNodesService.java:219)
    org.elasticsearch.client.transport.support.InternalTransportClusterAdminClient.execute(InternalTransportClusterAdminClient.java:85)
    org.elasticsearch.client.support.AbstractClusterAdminClient.state(AbstractClusterAdminClient.java:134)
    org.elasticsearch.action.admin.cluster.state.ClusterStateRequestBuilder.doExecute(ClusterStateRequestBuilder.java:100)
    org.elasticsearch.action.ActionRequestBuilder.execute(ActionRequestBuilder.java:85)
    org.elasticsearch.action.ActionRequestBuilder.execute(ActionRequestBuilder.java:59)
    org.elasticsearch.test.ElasticsearchIntegrationTest.after(ElasticsearchIntegrationTest.java:234)
    [...sun.*, com.carrotsearch.randomizedtesting.*, java.lang.reflect.*]
    org.apache.lucene.util.TestRuleSetupTeardownChained$1.evaluate(TestRuleSetupTeardownChained.java:50)
    org.apache.lucene.util.TestRuleFieldCacheSanity$1.evaluate(TestRuleFieldCacheSanity.java:51)
    org.apache.lucene.util.AbstractBeforeAfterRule$1.evaluate(AbstractBeforeAfterRule.java:46)
    [...com.carrotsearch.randomizedtesting.*]
    org.apache.lucene.util.TestRuleThreadAndTestName$1.evaluate(TestRuleThreadAndTestName.java:49)
    org.apache.lucene.util.TestRuleIgnoreAfterMaxFailures$1.evaluate(TestRuleIgnoreAfterMaxFailures.java:70)
    org.apache.lucene.util.TestRuleMarkFailure$1.evaluate(TestRuleMarkFailure.java:48)
    [...com.carrotsearch.randomizedtesting.*]
    org.apache.lucene.util.AbstractBeforeAfterRule$1.evaluate(AbstractBeforeAfterRule.java:46)
    org.apache.lucene.util.TestRuleStoreClassName$1.evaluate(TestRuleStoreClassName.java:42)
    [...com.carrotsearch.randomizedtesting.*]
    org.apache.lucene.util.TestRuleAssertionsRequired$1.evaluate(TestRuleAssertionsRequired.java:43)
    org.apache.lucene.util.TestRuleMarkFailure$1.evaluate(TestRuleMarkFailure.java:48)
    org.apache.lucene.util.TestRuleIgnoreAfterMaxFailures$1.evaluate(TestRuleIgnoreAfterMaxFailures.java:70)
    org.apache.lucene.util.TestRuleIgnoreTestSuites$1.evaluate(TestRuleIgnoreTestSuites.java:55)
    [...com.carrotsearch.randomizedtesting.*]
    java.lang.Thread.run(Thread.java:744)

[2014-02-18 16:14:15,698][INFO ][test                     ] Test testRescorePhrase(org.elasticsearch.search.rescore.QueryRescorerTests) finished
[2014-02-18 16:14:15,699][INFO ][test                     ] Test testEquivalence(org.elasticsearch.search.rescore.QueryRescorerTests) started
[2014-02-18 16:14:15,702][INFO ][plugins                  ] [transport_client_node_1] loaded [], sites []
[2014-02-18 16:14:15,734][INFO ][plugins                  ] [transport_client_node_2] loaded [], sites []
[2014-02-18 16:14:15,743][WARN ][transport.netty          ] [transport_client_node_2] exception caught on transport layer [[id: 0x6106d0eb]], closing connection
java.net.BindException: Address already in use
	at sun.nio.ch.Net.connect0(Native Method)
	at sun.nio.ch.Net.connect(Net.java:465)
	at sun.nio.ch.Net.connect(Net.java:457)
	at sun.nio.ch.SocketChannelImpl.connect(SocketChannelImpl.java:666)
	at org.jboss.netty.channel.socket.nio.NioClientSocketPipelineSink.connect(NioClientSocketPipelineSink.java:108)
	at org.jboss.netty.channel.socket.nio.NioClientSocketPipelineSink.eventSunk(NioClientSocketPipelineSink.java:70)
	at org.jboss.netty.channel.Channels.connect(Channels.java:634)
	at org.jboss.netty.channel.AbstractChannel.connect(AbstractChannel.java:207)
	at org.jboss.netty.bootstrap.ClientBootstrap.connect(ClientBootstrap.java:229)
	at org.jboss.netty.bootstrap.ClientBootstrap.connect(ClientBootstrap.java:182)
	at org.elasticsearch.transport.netty.NettyTransport.connectToChannelsLight(NettyTransport.java:680)
	at org.elasticsearch.transport.netty.NettyTransport.connectToNode(NettyTransport.java:643)
	at org.elasticsearch.transport.netty.NettyTransport.connectToNodeLight(NettyTransport.java:610)
	at org.elasticsearch.transport.TransportService.connectToNodeLight(TransportService.java:133)
	at org.elasticsearch.client.transport.TransportClientNodesService$SimpleNodeSampler.doSample(TransportClientNodesService.java:355)
	at org.elasticsearch.client.transport.TransportClientNodesService$NodeSampler.sample(TransportClientNodesService.java:301)
	at org.elasticsearch.client.transport.TransportClientNodesService.addTransportAddresses(TransportClientNodesService.java:169)
	at org.elasticsearch.client.transport.TransportClient.addTransportAddress(TransportClient.java:237)
	at org.elasticsearch.test.TestCluster$TransportClientFactory.client(TestCluster.java:636)
	at org.elasticsearch.test.TestCluster$RandomClientFactory.client(TestCluster.java:653)
	at org.elasticsearch.test.TestCluster$NodeAndClient.client(TestCluster.java:526)
	at org.elasticsearch.test.TestCluster.client(TestCluster.java:392)
	at org.elasticsearch.test.ElasticsearchIntegrationTest.client(ElasticsearchIntegrationTest.java:268)
	at org.elasticsearch.test.ElasticsearchIntegrationTest.wipeRepositories(ElasticsearchIntegrationTest.java:391)
	at org.elasticsearch.test.ElasticsearchIntegrationTest.before(ElasticsearchIntegrationTest.java:195)
	at sun.reflect.GeneratedMethodAccessor39.invoke(Unknown Source)
	at sun.reflect.DelegatingMethodAccessorImpl.invoke(DelegatingMethodAccessorImpl.java:43)
	at java.lang.reflect.Method.invoke(Method.java:606)
	at com.carrotsearch.randomizedtesting.RandomizedRunner.invoke(RandomizedRunner.java:1558)
	at com.carrotsearch.randomizedtesting.RandomizedRunner.access$600(RandomizedRunner.java:79)
	at com.carrotsearch.randomizedtesting.RandomizedRunner$7.evaluate(RandomizedRunner.java:770)
	at com.carrotsearch.randomizedtesting.RandomizedRunner$8.evaluate(RandomizedRunner.java:786)
	at org.apache.lucene.util.TestRuleSetupTeardownChained$1.evaluate(TestRuleSetupTeardownChained.java:50)
	at org.apache.lucene.util.TestRuleFieldCacheSanity$1.evaluate(TestRuleFieldCacheSanity.java:51)
	at org.apache.lucene.util.AbstractBeforeAfterRule$1.evaluate(AbstractBeforeAfterRule.java:46)
	at com.carrotsearch.randomizedtesting.rules.SystemPropertiesInvariantRule$1.evaluate(SystemPropertiesInvariantRule.java:55)
	at org.apache.lucene.util.TestRuleThreadAndTestName$1.evaluate(TestRuleThreadAndTestName.java:49)
	at org.apache.lucene.util.TestRuleIgnoreAfterMaxFailures$1.evaluate(TestRuleIgnoreAfterMaxFailures.java:70)
	at org.apache.lucene.util.TestRuleMarkFailure$1.evaluate(TestRuleMarkFailure.java:48)
	at com.carrotsearch.randomizedtesting.rules.StatementAdapter.evaluate(StatementAdapter.java:36)
	at com.carrotsearch.randomizedtesting.ThreadLeakControl$StatementRunner.run(ThreadLeakControl.java:358)
	at com.carrotsearch.randomizedtesting.ThreadLeakControl.forkTimeoutingTask(ThreadLeakControl.java:782)
	at com.carrotsearch.randomizedtesting.ThreadLeakControl$3.evaluate(ThreadLeakControl.java:442)
	at com.carrotsearch.randomizedtesting.RandomizedRunner.runSingleTest(RandomizedRunner.java:745)
	at com.carrotsearch.randomizedtesting.RandomizedRunner$3.evaluate(RandomizedRunner.java:647)
	at com.carrotsearch.randomizedtesting.RandomizedRunner$4.evaluate(RandomizedRunner.java:681)
	at com.carrotsearch.randomizedtesting.RandomizedRunner$5.evaluate(RandomizedRunner.java:692)
	at org.apache.lucene.util.AbstractBeforeAfterRule$1.evaluate(AbstractBeforeAfterRule.java:46)
	at org.apache.lucene.util.TestRuleStoreClassName$1.evaluate(TestRuleStoreClassName.java:42)
	at com.carrotsearch.randomizedtesting.rules.SystemPropertiesInvariantRule$1.evaluate(SystemPropertiesInvariantRule.java:55)
	at com.carrotsearch.randomizedtesting.rules.NoShadowingOrOverridesOnMethodsRule$1.evaluate(NoShadowingOrOverridesOnMethodsRule.java:39)
	at com.carrotsearch.randomizedtesting.rules.NoShadowingOrOverridesOnMethodsRule$1.evaluate(NoShadowingOrOverridesOnMethodsRule.java:39)
	at com.carrotsearch.randomizedtesting.rules.StatementAdapter.evaluate(StatementAdapter.java:36)
	at org.apache.lucene.util.TestRuleAssertionsRequired$1.evaluate(TestRuleAssertionsRequired.java:43)
	at org.apache.lucene.util.TestRuleMarkFailure$1.evaluate(TestRuleMarkFailure.java:48)
	at org.apache.lucene.util.TestRuleIgnoreAfterMaxFailures$1.evaluate(TestRuleIgnoreAfterMaxFailures.java:70)
	at org.apache.lucene.util.TestRuleIgnoreTestSuites$1.evaluate(TestRuleIgnoreTestSuites.java:55)
	at com.carrotsearch.randomizedtesting.rules.StatementAdapter.evaluate(StatementAdapter.java:36)
	at com.carrotsearch.randomizedtesting.ThreadLeakControl$StatementRunner.run(ThreadLeakControl.java:358)
	at java.lang.Thread.run(Thread.java:744)
[2014-02-18 16:14:15,745][INFO ][search.rescore           ] [QueryRescorerTests#testEquivalence]: cleaning up after test
[2014-02-18 16:14:15,750][INFO ][search.rescore           ] [QueryRescorerTests#testEquivalence]: cleaned up after test
[2014-02-18 16:14:15,758][ERROR][test                     ] FAILURE  : testEquivalence(org.elasticsearch.search.rescore.QueryRescorerTests)
REPRODUCE WITH  : mvn test -Dtests.seed=A89B4FF56754358E -Dtests.class=org.elasticsearch.search.rescore.QueryRescorerTests -Dtests.method=testEquivalence -Dtests.prefix=tests -Dfile.encoding=UTF-8 -Duser.timezone=US/Pacific -Des.logger.level=INFO -Dtests.cluster_seed=135419AB38A95790
Throwable:
org.elasticsearch.client.transport.NoNodeAvailableException: No node available
    __randomizedtesting.SeedInfo.seed([A89B4FF56754358E:7303F8A3540E6799]:0)
    org.elasticsearch.client.transport.TransportClientNodesService.execute(TransportClientNodesService.java:219)
    org.elasticsearch.client.transport.support.InternalTransportClusterAdminClient.execute(InternalTransportClusterAdminClient.java:85)
    org.elasticsearch.client.support.AbstractClusterAdminClient.deleteRepository(AbstractClusterAdminClient.java:365)
    org.elasticsearch.action.admin.cluster.repositories.delete.DeleteRepositoryRequestBuilder.doExecute(DeleteRepositoryRequestBuilder.java:62)
    org.elasticsearch.action.ActionRequestBuilder.execute(ActionRequestBuilder.java:85)
    org.elasticsearch.action.ActionRequestBuilder.execute(ActionRequestBuilder.java:59)
    org.elasticsearch.test.ElasticsearchIntegrationTest.wipeRepositories(ElasticsearchIntegrationTest.java:391)
    org.elasticsearch.test.ElasticsearchIntegrationTest.before(ElasticsearchIntegrationTest.java:195)
    [...sun.*, com.carrotsearch.randomizedtesting.*, java.lang.reflect.*]
    org.apache.lucene.util.TestRuleSetupTeardownChained$1.evaluate(TestRuleSetupTeardownChained.java:50)
    org.apache.lucene.util.TestRuleFieldCacheSanity$1.evaluate(TestRuleFieldCacheSanity.java:51)
    org.apache.lucene.util.AbstractBeforeAfterRule$1.evaluate(AbstractBeforeAfterRule.java:46)
    [...com.carrotsearch.randomizedtesting.*]
    org.apache.lucene.util.TestRuleThreadAndTestName$1.evaluate(TestRuleThreadAndTestName.java:49)
    org.apache.lucene.util.TestRuleIgnoreAfterMaxFailures$1.evaluate(TestRuleIgnoreAfterMaxFailures.java:70)
    org.apache.lucene.util.TestRuleMarkFailure$1.evaluate(TestRuleMarkFailure.java:48)
    [...com.carrotsearch.randomizedtesting.*]
    org.apache.lucene.util.AbstractBeforeAfterRule$1.evaluate(AbstractBeforeAfterRule.java:46)
    org.apache.lucene.util.TestRuleStoreClassName$1.evaluate(TestRuleStoreClassName.java:42)
    [...com.carrotsearch.randomizedtesting.*]
    org.apache.lucene.util.TestRuleAssertionsRequired$1.evaluate(TestRuleAssertionsRequired.java:43)
    org.apache.lucene.util.TestRuleMarkFailure$1.evaluate(TestRuleMarkFailure.java:48)
    org.apache.lucene.util.TestRuleIgnoreAfterMaxFailures$1.evaluate(TestRuleIgnoreAfterMaxFailures.java:70)
    org.apache.lucene.util.TestRuleIgnoreTestSuites$1.evaluate(TestRuleIgnoreTestSuites.java:55)
    [...com.carrotsearch.randomizedtesting.*]
    java.lang.Thread.run(Thread.java:744)

[2014-02-18 16:14:15,762][INFO ][test                     ] Test testEquivalence(org.elasticsearch.search.rescore.QueryRescorerTests) finished
[2014-02-18 16:14:15,763][INFO ][test                     ] Test testExplain(org.elasticsearch.search.rescore.QueryRescorerTests) started
[2014-02-18 16:14:15,769][INFO ][plugins                  ] [transport_client_node_2] loaded [], sites []
[2014-02-18 16:14:15,808][WARN ][transport.netty          ] [transport_client_node_2] exception caught on transport layer [[id: 0x4af05656]], closing connection
java.net.BindException: Address already in use
	at sun.nio.ch.Net.connect0(Native Method)
	at sun.nio.ch.Net.connect(Net.java:465)
	at sun.nio.ch.Net.connect(Net.java:457)
	at sun.nio.ch.SocketChannelImpl.connect(SocketChannelImpl.java:666)
	at org.jboss.netty.channel.socket.nio.NioClientSocketPipelineSink.connect(NioClientSocketPipelineSink.java:108)
	at org.jboss.netty.channel.socket.nio.NioClientSocketPipelineSink.eventSunk(NioClientSocketPipelineSink.java:70)
	at org.jboss.netty.channel.Channels.connect(Channels.java:634)
	at org.jboss.netty.channel.AbstractChannel.connect(AbstractChannel.java:207)
	at org.jboss.netty.bootstrap.ClientBootstrap.connect(ClientBootstrap.java:229)
	at org.jboss.netty.bootstrap.ClientBootstrap.connect(ClientBootstrap.java:182)
	at org.elasticsearch.transport.netty.NettyTransport.connectToChannels(NettyTransport.java:711)
	at org.elasticsearch.transport.netty.NettyTransport.connectToNode(NettyTransport.java:647)
	at org.elasticsearch.transport.netty.NettyTransport.connectToNode(NettyTransport.java:615)
	at org.elasticsearch.transport.TransportService.connectToNode(TransportService.java:129)
	at org.elasticsearch.client.transport.TransportClientNodesService$NodeSampler.validateNewNodes(TransportClientNodesService.java:317)
	at org.elasticsearch.client.transport.TransportClientNodesService$SimpleNodeSampler.doSample(TransportClientNodesService.java:389)
	at org.elasticsearch.client.transport.TransportClientNodesService$NodeSampler.sample(TransportClientNodesService.java:301)
	at org.elasticsearch.client.transport.TransportClientNodesService.addTransportAddresses(TransportClientNodesService.java:169)
	at org.elasticsearch.client.transport.TransportClient.addTransportAddress(TransportClient.java:237)
	at org.elasticsearch.test.TestCluster$TransportClientFactory.client(TestCluster.java:636)
	at org.elasticsearch.test.TestCluster$RandomClientFactory.client(TestCluster.java:653)
	at org.elasticsearch.test.TestCluster$NodeAndClient.client(TestCluster.java:526)
	at org.elasticsearch.test.TestCluster.client(TestCluster.java:392)
	at org.elasticsearch.test.ElasticsearchIntegrationTest.client(ElasticsearchIntegrationTest.java:268)
	at org.elasticsearch.test.ElasticsearchIntegrationTest.wipeIndices(ElasticsearchIntegrationTest.java:340)
	at org.elasticsearch.test.ElasticsearchIntegrationTest.before(ElasticsearchIntegrationTest.java:192)
	at sun.reflect.GeneratedMethodAccessor39.invoke(Unknown Source)
	at sun.reflect.DelegatingMethodAccessorImpl.invoke(DelegatingMethodAccessorImpl.java:43)
	at java.lang.reflect.Method.invoke(Method.java:606)
	at com.carrotsearch.randomizedtesting.RandomizedRunner.invoke(RandomizedRunner.java:1558)
	at com.carrotsearch.randomizedtesting.RandomizedRunner.access$600(RandomizedRunner.java:79)
	at com.carrotsearch.randomizedtesting.RandomizedRunner$7.evaluate(RandomizedRunner.java:770)
	at com.carrotsearch.randomizedtesting.RandomizedRunner$8.evaluate(RandomizedRunner.java:786)
	at org.apache.lucene.util.TestRuleSetupTeardownChained$1.evaluate(TestRuleSetupTeardownChained.java:50)
	at org.apache.lucene.util.TestRuleFieldCacheSanity$1.evaluate(TestRuleFieldCacheSanity.java:51)
	at org.apache.lucene.util.AbstractBeforeAfterRule$1.evaluate(AbstractBeforeAfterRule.java:46)
	at com.carrotsearch.randomizedtesting.rules.SystemPropertiesInvariantRule$1.evaluate(SystemPropertiesInvariantRule.java:55)
	at org.apache.lucene.util.TestRuleThreadAndTestName$1.evaluate(TestRuleThreadAndTestName.java:49)
	at org.apache.lucene.util.TestRuleIgnoreAfterMaxFailures$1.evaluate(TestRuleIgnoreAfterMaxFailures.java:70)
	at org.apache.lucene.util.TestRuleMarkFailure$1.evaluate(TestRuleMarkFailure.java:48)
	at com.carrotsearch.randomizedtesting.rules.StatementAdapter.evaluate(StatementAdapter.java:36)
	at com.carrotsearch.randomizedtesting.ThreadLeakControl$StatementRunner.run(ThreadLeakControl.java:358)
	at com.carrotsearch.randomizedtesting.ThreadLeakControl.forkTimeoutingTask(ThreadLeakControl.java:782)
	at com.carrotsearch.randomizedtesting.ThreadLeakControl$3.evaluate(ThreadLeakControl.java:442)
	at com.carrotsearch.randomizedtesting.RandomizedRunner.runSingleTest(RandomizedRunner.java:745)
	at com.carrotsearch.randomizedtesting.RandomizedRunner$3.evaluate(RandomizedRunner.java:647)
	at com.carrotsearch.randomizedtesting.RandomizedRunner$4.evaluate(RandomizedRunner.java:681)
	at com.carrotsearch.randomizedtesting.RandomizedRunner$5.evaluate(RandomizedRunner.java:692)
	at org.apache.lucene.util.AbstractBeforeAfterRule$1.evaluate(AbstractBeforeAfterRule.java:46)
	at org.apache.lucene.util.TestRuleStoreClassName$1.evaluate(TestRuleStoreClassName.java:42)
	at com.carrotsearch.randomizedtesting.rules.SystemPropertiesInvariantRule$1.evaluate(SystemPropertiesInvariantRule.java:55)
	at com.carrotsearch.randomizedtesting.rules.NoShadowingOrOverridesOnMethodsRule$1.evaluate(NoShadowingOrOverridesOnMethodsRule.java:39)
	at com.carrotsearch.randomizedtesting.rules.NoShadowingOrOverridesOnMethodsRule$1.evaluate(NoShadowingOrOverridesOnMethodsRule.java:39)
	at com.carrotsearch.randomizedtesting.rules.StatementAdapter.evaluate(StatementAdapter.java:36)
	at org.apache.lucene.util.TestRuleAssertionsRequired$1.evaluate(TestRuleAssertionsRequired.java:43)
	at org.apache.lucene.util.TestRuleMarkFailure$1.evaluate(TestRuleMarkFailure.java:48)
	at org.apache.lucene.util.TestRuleIgnoreAfterMaxFailures$1.evaluate(TestRuleIgnoreAfterMaxFailures.java:70)
	at org.apache.lucene.util.TestRuleIgnoreTestSuites$1.evaluate(TestRuleIgnoreTestSuites.java:55)
	at com.carrotsearch.randomizedtesting.rules.StatementAdapter.evaluate(StatementAdapter.java:36)
	at com.carrotsearch.randomizedtesting.ThreadLeakControl$StatementRunner.run(ThreadLeakControl.java:358)
	at java.lang.Thread.run(Thread.java:744)
[2014-02-18 16:14:15,811][INFO ][search.rescore           ] [QueryRescorerTests#testExplain]: cleaning up after test
[2014-02-18 16:14:15,813][INFO ][plugins                  ] [transport_client_node_0] loaded [], sites []
[2014-02-18 16:14:15,841][INFO ][search.rescore           ] [QueryRescorerTests#testExplain]: cleaned up after test
[2014-02-18 16:14:15,847][ERROR][test                     ] FAILURE  : testExplain(org.elasticsearch.search.rescore.QueryRescorerTests)
REPRODUCE WITH  : mvn test -Dtests.seed=A89B4FF56754358E -Dtests.class=org.elasticsearch.search.rescore.QueryRescorerTests -Dtests.method=testExplain -Dtests.prefix=tests -Dfile.encoding=UTF-8 -Duser.timezone=US/Pacific -Des.logger.level=INFO -Dtests.cluster_seed=135419AB38A95790
Throwable:
org.elasticsearch.client.transport.NoNodeAvailableException: No node available
    __randomizedtesting.SeedInfo.seed([A89B4FF56754358E:1E6F02144BFFCFC1]:0)
    org.elasticsearch.client.transport.TransportClientNodesService.execute(TransportClientNodesService.java:219)
    org.elasticsearch.client.transport.support.InternalTransportIndicesAdminClient.execute(InternalTransportIndicesAdminClient.java:85)
    org.elasticsearch.client.support.AbstractIndicesAdminClient.delete(AbstractIndicesAdminClient.java:265)
    org.elasticsearch.action.admin.indices.delete.DeleteIndexRequestBuilder.doExecute(DeleteIndexRequestBuilder.java:68)
    org.elasticsearch.action.ActionRequestBuilder.execute(ActionRequestBuilder.java:85)
    org.elasticsearch.action.ActionRequestBuilder.execute(ActionRequestBuilder.java:59)
    org.elasticsearch.action.ActionRequestBuilder.get(ActionRequestBuilder.java:67)
    org.elasticsearch.test.hamcrest.ElasticsearchAssertions.assertAcked(ElasticsearchAssertions.java:79)
    org.elasticsearch.test.ElasticsearchIntegrationTest.wipeIndices(ElasticsearchIntegrationTest.java:340)
    org.elasticsearch.test.ElasticsearchIntegrationTest.before(ElasticsearchIntegrationTest.java:192)
    [...sun.*, com.carrotsearch.randomizedtesting.*, java.lang.reflect.*]
    org.apache.lucene.util.TestRuleSetupTeardownChained$1.evaluate(TestRuleSetupTeardownChained.java:50)
    org.apache.lucene.util.TestRuleFieldCacheSanity$1.evaluate(TestRuleFieldCacheSanity.java:51)
    org.apache.lucene.util.AbstractBeforeAfterRule$1.evaluate(AbstractBeforeAfterRule.java:46)
    [...com.carrotsearch.randomizedtesting.*]
    org.apache.lucene.util.TestRuleThreadAndTestName$1.evaluate(TestRuleThreadAndTestName.java:49)
    org.apache.lucene.util.TestRuleIgnoreAfterMaxFailures$1.evaluate(TestRuleIgnoreAfterMaxFailures.java:70)
    org.apache.lucene.util.TestRuleMarkFailure$1.evaluate(TestRuleMarkFailure.java:48)
    [...com.carrotsearch.randomizedtesting.*]
    org.apache.lucene.util.AbstractBeforeAfterRule$1.evaluate(AbstractBeforeAfterRule.java:46)
    org.apache.lucene.util.TestRuleStoreClassName$1.evaluate(TestRuleStoreClassName.java:42)
    [...com.carrotsearch.randomizedtesting.*]
    org.apache.lucene.util.TestRuleAssertionsRequired$1.evaluate(TestRuleAssertionsRequired.java:43)
    org.apache.lucene.util.TestRuleMarkFailure$1.evaluate(TestRuleMarkFailure.java:48)
    org.apache.lucene.util.TestRuleIgnoreAfterMaxFailures$1.evaluate(TestRuleIgnoreAfterMaxFailures.java:70)
    org.apache.lucene.util.TestRuleIgnoreTestSuites$1.evaluate(TestRuleIgnoreTestSuites.java:55)
    [...com.carrotsearch.randomizedtesting.*]
    java.lang.Thread.run(Thread.java:744)

[2014-02-18 16:14:15,850][INFO ][test                     ] Test testExplain(org.elasticsearch.search.rescore.QueryRescorerTests) finished
]]></system-out>
   <system-err><![CDATA[]]></system-err>
</testsuite>